0,status,1,POSSESSED,ALIVE,fisherman
0,status,2,VILLAGER,ALIVE,Udon
0,status,3,VILLAGER,ALIVE,takeda
0,status,4,SEER,ALIVE,hello_wolf
0,status,5,WEREWOLF,ALIVE,Tomato
0,divine,4,3,HUMAN
1,status,1,POSSESSED,ALIVE,fisherman
1,status,2,VILLAGER,ALIVE,Udon
1,status,3,VILLAGER,ALIVE,takeda
1,status,4,SEER,ALIVE,hello_wolf
1,status,5,WEREWOLF,ALIVE,Tomato
1,talk,0,0,2,VOTE Agent[04]
1,talk,1,0,4,COMINGOUT Agent[04] SEER
1,talk,2,0,5,Skip
1,talk,3,0,1,COMINGOUT Agent[01] SEER
1,talk,4,0,3,Skip
1,talk,5,1,4,DIVINED Agent[05] WEREWOLF
1,talk,6,1,3,VOTE Agent[05]
1,talk,7,1,2,VOTE Agent[05]
1,talk,8,1,1,DIVINED Agent[04] WEREWOLF
1,talk,9,1,5,Skip
1,talk,10,2,2,Over
1,talk,11,2,4,VOTE Agent[05]
1,talk,12,2,1,VOTE Agent[04]
1,talk,13,2,5,VOTE Agent[04]
1,talk,14,2,3,VOTE Agent[05]
1,talk,15,3,4,Skip
1,talk,16,3,2,Over
1,talk,17,3,5,Skip
1,talk,18,3,3,Skip
1,talk,19,3,1,Skip
1,talk,20,4,1,Skip
1,talk,21,4,3,Skip
1,talk,22,4,5,Skip
1,talk,23,4,4,Skip
1,talk,24,4,2,Over
1,talk,25,5,2,Over
1,talk,26,5,5,Over
1,talk,27,5,1,Over
1,talk,28,5,4,Over
1,talk,29,5,3,Over
1,vote,1,4
1,vote,2,5
1,vote,3,5
1,vote,4,2
1,vote,5,4
1,vote,1,4
1,vote,2,5
1,vote,3,5
1,vote,4,1
1,vote,5,4
1,execute,4,SEER
1,attackVote,5,1
1,attack,1,true
2,status,1,POSSESSED,DEAD,fisherman
2,status,2,VILLAGER,ALIVE,Udon
2,status,3,VILLAGER,ALIVE,takeda
2,status,4,SEER,DEAD,hello_wolf
2,status,5,WEREWOLF,ALIVE,Tomato
2,talk,0,0,5,COMINGOUT Agent[05] WEREWOLF
2,talk,1,0,3,VOTE Agent[05]
2,talk,2,0,2,VOTE Agent[05]
2,talk,3,1,3,Skip
2,talk,4,1,2,Over
2,talk,5,1,5,VOTE Agent[02]
2,talk,6,2,5,REQUEST ANY (VOTE Agent[02])
2,talk,7,2,2,Over
2,talk,8,2,3,Skip
2,talk,9,3,5,VOTE Agent[02]
2,talk,10,3,3,Over
2,talk,11,3,2,Over
2,talk,12,4,2,Over
2,talk,13,4,5,VOTE Agent[03]
2,talk,14,4,3,Over
2,talk,15,5,3,Over
2,talk,16,5,5,VOTE Agent[02]
2,talk,17,5,2,Over
2,talk,18,6,3,Over
2,talk,19,6,2,Over
2,talk,20,6,5,VOTE Agent[03]
2,talk,21,7,5,VOTE Agent[02]
2,talk,22,7,3,Over
2,talk,23,7,2,Over
2,talk,24,8,3,Over
2,talk,25,8,2,Over
2,talk,26,8,5,VOTE Agent[03]
2,talk,27,9,2,Over
2,talk,28,9,5,VOTE Agent[02]
2,talk,29,9,3,Over
2,talk,30,10,2,Over
2,talk,31,10,3,Over
2,talk,32,10,5,Over
2,vote,2,5
2,vote,3,5
2,vote,5,3
2,execute,5,WEREWOLF
3,status,1,POSSESSED,DEAD,fisherman
3,status,2,VILLAGER,ALIVE,Udon
3,status,3,VILLAGER,ALIVE,takeda
3,status,4,SEER,DEAD,hello_wolf
3,status,5,WEREWOLF,DEAD,Tomato
3,result,2,0,VILLAGER
