0,status,1,VILLAGER,ALIVE,fisherman
0,status,2,POSSESSED,ALIVE,Udon
0,status,3,VILLAGER,ALIVE,takeda
0,status,4,WEREWOLF,ALIVE,hello_wolf
0,status,5,SEER,ALIVE,Tomato
0,divine,5,3,HUMAN
1,status,1,VILLAGER,ALIVE,fisherman
1,status,2,POSSESSED,ALIVE,Udon
1,status,3,VILLAGER,ALIVE,takeda
1,status,4,WEREWOLF,ALIVE,hello_wolf
1,status,5,SEER,ALIVE,Tomato
1,talk,0,0,1,VOTE Agent[02]
1,talk,1,0,4,VOTE Agent[03]
1,talk,2,0,5,COMINGOUT Agent[05] SEER
1,talk,3,0,2,COMINGOUT Agent[02] SEER
1,talk,4,0,3,Skip
1,talk,5,1,2,DIVINED Agent[05] WEREWOLF
1,talk,6,1,4,VOTE Agent[03]
1,talk,7,1,5,DIVINED Agent[04] WEREWOLF
1,talk,8,1,1,VOTE Agent[04]
1,talk,9,1,3,VOTE Agent[01]
1,talk,10,2,1,ESTIMATE Agent[04] WEREWOLF
1,talk,11,2,5,VOTE Agent[04]
1,talk,12,2,3,VOTE Agent[04]
1,talk,13,2,4,VOTE Agent[05]
1,talk,14,2,2,VOTE Agent[05]
1,talk,15,3,2,VOTE Agent[03]
1,talk,16,3,5,Skip
1,talk,17,3,1,REQUEST ANY (VOTE Agent[04])
1,talk,18,3,4,VOTE Agent[05]
1,talk,19,3,3,Skip
1,talk,20,4,3,Skip
1,talk,21,4,5,Skip
1,talk,22,4,1,Skip
1,talk,23,4,2,VOTE Agent[05]
1,talk,24,4,4,Skip
1,talk,25,5,2,VOTE Agent[03]
1,talk,26,5,3,Over
1,talk,27,5,1,Skip
1,talk,28,5,4,Skip
1,talk,29,5,5,Over
1,talk,30,6,3,Over
1,talk,31,6,1,Over
1,talk,32,6,5,Over
1,talk,33,6,4,Over
1,talk,34,6,2,Over
1,vote,1,4
1,vote,2,3
1,vote,3,4
1,vote,4,3
1,vote,5,4
1,execute,4,WEREWOLF
1,divine,5,1,HUMAN
2,status,1,VILLAGER,ALIVE,fisherman
2,status,2,POSSESSED,ALIVE,Udon
2,status,3,VILLAGER,ALIVE,takeda
2,status,4,WEREWOLF,DEAD,hello_wolf
2,status,5,SEER,ALIVE,Tomato
2,result,4,0,VILLAGER
