0,status,1,VILLAGER,ALIVE,cash
0,status,2,VILLAGER,ALIVE,kSugar
0,status,3,VILLAGER,ALIVE,haretaro
0,status,4,SEER,ALIVE,Kanolab
0,status,5,VILLAGER,ALIVE,wasabi
0,status,6,VILLAGER,ALIVE,TOT
0,status,7,WEREWOLF,ALIVE,nakamura
0,status,8,POSSESSED,ALIVE,iace10442
0,status,9,VILLAGER,ALIVE,tkAI
0,status,10,WEREWOLF,ALIVE,NLwolf
0,status,11,MEDIUM,ALIVE,carlo
0,status,12,BODYGUARD,ALIVE,twn480
0,status,13,VILLAGER,ALIVE,KajiGod
0,status,14,VILLAGER,ALIVE,howls
0,status,15,WEREWOLF,ALIVE,Udon
0,talk,0,6,Over
0,talk,1,15,VOTE Agent[11]
0,talk,2,4,VOTE Agent[07]
0,talk,3,7,VOTE Agent[11]
0,talk,4,1,VOTE Agent[02]
0,talk,5,13,VOTE Agent[12]
0,talk,6,2,COMINGOUT Agent[02] VILLAGER
0,talk,7,8,COMINGOUT Agent[08] SEER
0,talk,8,12,Skip
0,talk,9,10,Skip
0,talk,10,14,Over
0,talk,11,3,Over
0,talk,12,11,VOTE Agent[01]
0,talk,13,5,ESTIMATE Agent[08] SEER
0,talk,14,9,Over
0,whisper,0,7,ATTACK Agent[08]
0,whisper,1,10,Skip
0,whisper,2,15,COMINGOUT Agent[15] VILLAGER
0,whisper,3,15,ATTACK Agent[08]
0,whisper,4,10,Skip
0,whisper,5,7,Over
0,whisper,6,10,Skip
0,whisper,7,15,Over
0,whisper,8,7,Over
0,whisper,9,10,Skip
0,whisper,10,7,Over
0,whisper,11,15,Over
0,whisper,12,10,Skip
0,whisper,13,7,Over
0,whisper,14,15,Over
0,whisper,15,10,Skip
0,whisper,16,7,Over
0,whisper,17,15,Over
0,whisper,18,10,Skip
0,whisper,19,7,Over
0,whisper,20,15,Over
0,whisper,21,10,Skip
0,whisper,22,7,Over
0,whisper,23,15,Over
0,whisper,24,10,Skip
0,whisper,25,7,Over
0,whisper,26,15,Over
0,whisper,27,10,Skip
0,whisper,28,7,Over
0,whisper,29,15,Over
0,talk,15,2,Skip
0,talk,16,13,VOTE Agent[02]
0,talk,17,6,Over
0,talk,18,14,Over
0,talk,19,4,COMINGOUT Agent[04] SEER
0,talk,20,8,Over
0,talk,21,10,Skip
0,talk,22,5,ESTIMATE Agent[12] VILLAGER
0,talk,23,3,Over
0,talk,24,7,Over
0,talk,25,11,Over
0,talk,26,12,Skip
0,talk,27,15,Over
0,talk,28,1,VOTE Agent[02]
0,talk,29,9,Over
0,whisper,30,15,ATTACK Agent[04]
0,whisper,31,7,ATTACK Agent[04]
0,whisper,32,10,Skip
0,whisper,33,15,Over
0,whisper,34,7,Over
0,whisper,35,10,Skip
0,whisper,36,7,Over
0,whisper,37,10,Skip
0,whisper,38,15,Over
0,whisper,39,7,Over
0,whisper,40,10,Skip
0,whisper,41,15,Over
0,whisper,42,7,Over
0,whisper,43,10,Skip
0,whisper,44,15,Over
0,whisper,45,7,Over
0,whisper,46,10,Skip
0,whisper,47,15,Over
0,whisper,48,7,Over
0,whisper,49,10,Skip
0,whisper,50,15,Over
0,whisper,51,10,Skip
0,whisper,52,7,Over
0,whisper,53,15,Over
0,whisper,54,10,Skip
0,whisper,55,7,Over
0,whisper,56,15,Over
0,whisper,57,10,Skip
0,whisper,58,7,Over
0,whisper,59,15,Over
0,talk,30,11,Over
0,talk,31,13,Over
0,talk,32,12,Skip
0,talk,33,6,Over
0,talk,34,7,Over
0,talk,35,5,ESTIMATE Agent[11] VILLAGER
0,talk,36,4,ESTIMATE Agent[04] SEER
0,talk,37,15,Over
0,talk,38,2,ESTIMATE Agent[01] VILLAGER
0,talk,39,3,Over
0,talk,40,10,Skip
0,talk,41,1,Over
0,talk,42,14,Over
0,talk,43,8,Over
0,talk,44,9,Over
0,whisper,60,15,Over
0,whisper,61,7,Over
0,whisper,62,10,Skip
0,whisper,63,15,Over
0,whisper,64,7,Over
0,whisper,65,10,Skip
0,whisper,66,10,Skip
0,whisper,67,15,Over
0,whisper,68,7,Over
0,whisper,69,10,Skip
0,whisper,70,7,Over
0,whisper,71,15,Over
0,whisper,72,10,Skip
0,whisper,73,7,Over
0,whisper,74,15,Over
0,whisper,75,10,Skip
0,whisper,76,7,Over
0,whisper,77,15,Over
0,whisper,78,10,Skip
0,whisper,79,7,Over
0,whisper,80,15,Over
0,whisper,81,10,Skip
0,whisper,82,7,Over
0,whisper,83,15,Over
0,whisper,84,10,Skip
0,whisper,85,7,Over
0,whisper,86,15,Over
0,whisper,87,10,Skip
0,whisper,88,7,Over
0,whisper,89,15,Over
0,talk,45,11,Over
0,talk,46,6,Over
0,talk,47,5,ESTIMATE Agent[08] WEREWOLF
0,talk,48,10,VOTE Agent[12]
0,talk,49,2,Skip
0,talk,50,13,Over
0,talk,51,7,Over
0,talk,52,4,ESTIMATE Agent[01] VILLAGER
0,talk,53,3,Over
0,talk,54,12,Skip
0,talk,55,15,Over
0,talk,56,1,Over
0,talk,57,8,Over
0,talk,58,9,Over
0,talk,59,14,Over
0,whisper,90,10,Skip
0,whisper,91,7,Over
0,whisper,92,15,Over
0,whisper,93,10,Skip
0,whisper,94,7,Over
0,whisper,95,15,Over
0,whisper,96,10,Skip
0,whisper,97,7,Over
0,whisper,98,15,Over
0,whisper,99,10,Skip
0,whisper,100,7,Over
0,whisper,101,15,Over
0,whisper,102,10,Skip
0,whisper,103,7,Over
0,whisper,104,15,Over
0,whisper,105,10,Skip
0,whisper,106,7,Over
0,whisper,107,15,Over
0,whisper,108,10,Skip
0,whisper,109,7,Over
0,whisper,110,15,Over
0,whisper,111,10,Skip
0,whisper,112,7,Over
0,whisper,113,15,Over
0,whisper,114,10,Skip
0,whisper,115,7,Over
0,whisper,116,15,Over
0,whisper,117,10,Skip
0,whisper,118,7,Over
0,whisper,119,15,Over
0,talk,60,12,Skip
0,talk,61,7,Over
0,talk,62,5,ESTIMATE Agent[04] WEREWOLF
0,talk,63,2,ESTIMATE Agent[01] VILLAGER
0,talk,64,6,Over
0,talk,65,13,Over
0,talk,66,4,Over
0,talk,67,10,Over
0,talk,68,11,Over
0,talk,69,3,Over
0,talk,70,1,Over
0,talk,71,8,Over
0,talk,72,9,Over
0,talk,73,14,Over
0,talk,74,15,Over
0,whisper,120,15,Over
0,whisper,121,10,Skip
0,whisper,122,7,Over
0,whisper,123,15,Over
0,whisper,124,10,Skip
0,whisper,125,7,Over
0,whisper,126,15,Over
0,whisper,127,10,Skip
0,whisper,128,7,Over
0,whisper,129,15,Over
0,whisper,130,10,Skip
0,whisper,131,7,Over
0,whisper,132,15,Over
0,whisper,133,10,Skip
0,whisper,134,7,Over
0,whisper,135,10,Skip
0,whisper,136,15,Over
0,whisper,137,7,Over
0,whisper,138,10,Skip
0,whisper,139,7,Over
0,whisper,140,15,Over
0,whisper,141,10,Skip
0,whisper,142,7,Over
0,whisper,143,15,Over
0,whisper,144,10,Skip
0,whisper,145,7,Over
0,whisper,146,15,Over
0,whisper,147,10,Skip
0,whisper,148,7,Over
0,whisper,149,15,Over
0,talk,75,2,Skip
0,talk,76,7,Over
0,talk,77,12,Skip
0,talk,78,5,ESTIMATE Agent[04] WEREWOLF
0,talk,79,1,Over
0,talk,80,3,Over
0,talk,81,4,Over
0,talk,82,6,Over
0,talk,83,8,Over
0,talk,84,9,Over
0,talk,85,10,Over
0,talk,86,11,Over
0,talk,87,13,Over
0,talk,88,14,Over
0,talk,89,15,Over
0,whisper,150,15,Over
0,whisper,151,7,Over
0,whisper,152,10,Skip
0,whisper,153,10,Skip
0,whisper,154,7,Over
0,whisper,155,15,Over
0,whisper,156,10,Skip
0,whisper,157,7,Over
0,whisper,158,15,Over
0,whisper,159,10,Skip
0,whisper,160,7,Over
0,whisper,161,15,Over
0,whisper,162,10,Skip
0,whisper,163,7,Over
0,whisper,164,15,Over
0,whisper,165,10,Skip
0,whisper,166,7,Over
0,whisper,167,15,Over
0,whisper,168,10,Skip
0,whisper,169,7,Over
0,whisper,170,15,Over
0,whisper,171,10,Skip
0,whisper,172,7,Over
0,whisper,173,15,Over
0,whisper,174,10,Skip
0,whisper,175,7,Over
0,whisper,176,15,Over
0,whisper,177,10,Skip
0,whisper,178,7,Over
0,whisper,179,15,Over
0,talk,90,7,Over
0,talk,91,2,ESTIMATE Agent[03] VILLAGER
0,talk,92,5,ESTIMATE Agent[08] WEREWOLF
0,talk,93,12,Skip
0,talk,94,1,Over
0,talk,95,3,Over
0,talk,96,4,Over
0,talk,97,6,Over
0,talk,98,8,Over
0,talk,99,9,Over
0,talk,100,10,Over
0,talk,101,11,Over
0,talk,102,13,Over
0,talk,103,14,Over
0,talk,104,15,Over
0,whisper,180,7,Over
0,whisper,181,15,Over
0,whisper,182,10,Skip
0,whisper,183,15,Over
0,whisper,184,10,Skip
0,whisper,185,7,Over
0,whisper,186,15,Over
0,whisper,187,10,Skip
0,whisper,188,7,Over
0,whisper,189,10,Skip
0,whisper,190,15,Over
0,whisper,191,7,Over
0,whisper,192,10,Skip
0,whisper,193,7,Over
0,whisper,194,15,Over
0,whisper,195,10,Skip
0,whisper,196,7,Over
0,whisper,197,15,Over
0,whisper,198,10,Skip
0,whisper,199,7,Over
0,whisper,200,15,Over
0,whisper,201,10,Skip
0,whisper,202,7,Over
0,whisper,203,15,Over
0,whisper,204,10,Skip
0,whisper,205,7,Over
0,whisper,206,15,Over
0,whisper,207,10,Skip
0,whisper,208,7,Over
0,whisper,209,15,Over
0,talk,105,5,ESTIMATE Agent[03] VILLAGER
0,talk,106,7,Over
0,talk,107,12,Skip
0,talk,108,2,Skip
0,talk,109,1,Over
0,talk,110,3,Over
0,talk,111,4,Over
0,talk,112,6,Over
0,talk,113,8,Over
0,talk,114,9,Over
0,talk,115,10,Over
0,talk,116,11,Over
0,talk,117,13,Over
0,talk,118,14,Over
0,talk,119,15,Over
0,whisper,210,7,Over
0,whisper,211,15,Over
0,whisper,212,10,Skip
0,whisper,213,7,Over
0,whisper,214,15,Over
0,whisper,215,10,Skip
0,whisper,216,7,Over
0,whisper,217,15,Over
0,whisper,218,10,Skip
0,whisper,219,10,Skip
0,whisper,220,15,Over
0,whisper,221,7,Over
0,whisper,222,10,Skip
0,whisper,223,7,Over
0,whisper,224,15,Over
0,whisper,225,10,Skip
0,whisper,226,7,Over
0,whisper,227,15,Over
0,whisper,228,10,Skip
0,whisper,229,7,Over
0,whisper,230,15,Over
0,whisper,231,10,Skip
0,whisper,232,7,Over
0,whisper,233,15,Over
0,whisper,234,10,Skip
0,whisper,235,7,Over
0,whisper,236,15,Over
0,whisper,237,10,Skip
0,whisper,238,7,Over
0,whisper,239,15,Over
0,talk,120,12,Skip
0,talk,121,7,Over
0,talk,122,2,ESTIMATE Agent[03] VILLAGER
0,talk,123,5,ESTIMATE Agent[04] WEREWOLF
0,talk,124,1,Over
0,talk,125,3,Over
0,talk,126,4,Over
0,talk,127,6,Over
0,talk,128,8,Over
0,talk,129,9,Over
0,talk,130,10,Over
0,talk,131,11,Over
0,talk,132,13,Over
0,talk,133,14,Over
0,talk,134,15,Over
0,whisper,240,10,Skip
0,whisper,241,7,Over
0,whisper,242,15,Over
0,whisper,243,10,Skip
0,whisper,244,7,Over
0,whisper,245,15,Over
0,whisper,246,10,Skip
0,whisper,247,7,Over
0,whisper,248,15,Over
0,whisper,249,10,Skip
0,whisper,250,7,Over
0,whisper,251,15,Over
0,whisper,252,10,Skip
0,whisper,253,7,Over
0,whisper,254,15,Over
0,whisper,255,10,Skip
0,whisper,256,7,Over
0,whisper,257,15,Over
0,whisper,258,10,Skip
0,whisper,259,7,Over
0,whisper,260,15,Over
0,whisper,261,10,Skip
0,whisper,262,7,Over
0,whisper,263,15,Over
0,whisper,264,10,Skip
0,whisper,265,7,Over
0,whisper,266,15,Over
0,whisper,267,10,Skip
0,whisper,268,7,Over
0,whisper,269,15,Over
0,talk,135,2,Skip
0,talk,136,5,ESTIMATE Agent[08] WEREWOLF
0,talk,137,7,Over
0,talk,138,12,Skip
0,talk,139,1,Over
0,talk,140,3,Over
0,talk,141,4,Over
0,talk,142,6,Over
0,talk,143,8,Over
0,talk,144,9,Over
0,talk,145,10,Over
0,talk,146,11,Over
0,talk,147,13,Over
0,talk,148,14,Over
0,talk,149,15,Over
0,whisper,270,7,Over
0,whisper,271,15,Over
0,whisper,272,10,Skip
0,whisper,273,10,Skip
0,whisper,274,15,Over
0,whisper,275,7,Over
0,whisper,276,10,Skip
0,whisper,277,7,Over
0,whisper,278,15,Over
0,whisper,279,10,Skip
0,whisper,280,7,Over
0,whisper,281,15,Over
0,whisper,282,10,Skip
0,whisper,283,7,Over
0,whisper,284,15,Over
0,whisper,285,10,Skip
0,whisper,286,7,Over
0,whisper,287,15,Over
0,whisper,288,10,Skip
0,whisper,289,7,Over
0,whisper,290,15,Over
0,whisper,291,10,Skip
0,whisper,292,7,Over
0,whisper,293,15,Over
0,whisper,294,10,Skip
0,whisper,295,7,Over
0,whisper,296,15,Over
0,whisper,297,10,Skip
0,whisper,298,7,Over
0,whisper,299,15,Over
0,divine,4,1,HUMAN
1,status,1,VILLAGER,ALIVE,cash
1,status,2,VILLAGER,ALIVE,kSugar
1,status,3,VILLAGER,ALIVE,haretaro
1,status,4,SEER,ALIVE,Kanolab
1,status,5,VILLAGER,ALIVE,wasabi
1,status,6,VILLAGER,ALIVE,TOT
1,status,7,WEREWOLF,ALIVE,nakamura
1,status,8,POSSESSED,ALIVE,iace10442
1,status,9,VILLAGER,ALIVE,tkAI
1,status,10,WEREWOLF,ALIVE,NLwolf
1,status,11,MEDIUM,ALIVE,carlo
1,status,12,BODYGUARD,ALIVE,twn480
1,status,13,VILLAGER,ALIVE,KajiGod
1,status,14,VILLAGER,ALIVE,howls
1,status,15,WEREWOLF,ALIVE,Udon
1,talk,0,7,VOTE Agent[11]
1,talk,1,12,Skip
1,talk,2,15,VOTE Agent[11]
1,talk,3,9,Over
1,talk,4,13,VOTE Agent[02]
1,talk,5,1,VOTE Agent[02]
1,talk,6,11,VOTE Agent[01]
1,talk,7,6,VOTE Agent[07]
1,talk,8,2,VOTE Agent[12]
1,talk,9,4,DIVINED Agent[01] HUMAN
1,talk,10,3,VOTE Agent[09]
1,talk,11,8,DIVINED Agent[10] HUMAN
1,talk,12,14,Over
1,talk,13,10,DIVINED Agent[13] HUMAN
1,talk,14,5,ESTIMATE Agent[04] WEREWOLF
1,whisper,0,15,Over
1,whisper,1,10,Skip
1,whisper,2,7,ATTACK Agent[01]
1,whisper,3,15,Over
1,whisper,4,7,Over
1,whisper,5,10,Skip
1,whisper,6,15,Over
1,whisper,7,10,Skip
1,whisper,8,7,Over
1,whisper,9,10,Skip
1,whisper,10,15,Over
1,whisper,11,7,Over
1,whisper,12,10,Skip
1,whisper,13,7,Over
1,whisper,14,15,Over
1,whisper,15,10,Skip
1,whisper,16,7,Over
1,whisper,17,15,Over
1,whisper,18,10,Skip
1,whisper,19,7,Over
1,whisper,20,15,Over
1,whisper,21,10,Skip
1,whisper,22,7,Over
1,whisper,23,15,Over
1,whisper,24,10,Skip
1,whisper,25,7,Over
1,whisper,26,15,Over
1,whisper,27,10,Skip
1,whisper,28,7,Over
1,whisper,29,15,Over
1,talk,15,8,Over
1,talk,16,10,Skip
1,talk,17,14,Over
1,talk,18,11,VOTE Agent[02]
1,talk,19,3,VOTE Agent[02]
1,talk,20,6,Over
1,talk,21,2,COMINGOUT Agent[02] BODYGUARD
1,talk,22,12,Skip
1,talk,23,13,Over
1,talk,24,5,ESTIMATE Agent[06] VILLAGER
1,talk,25,1,Skip
1,talk,26,15,VOTE Agent[02]
1,talk,27,4,VOTE Agent[07]
1,talk,28,9,Over
1,talk,29,7,Over
1,whisper,30,7,Over
1,whisper,31,10,Skip
1,whisper,32,15,Over
1,whisper,33,7,Over
1,whisper,34,10,Skip
1,whisper,35,15,Over
1,whisper,36,7,Over
1,whisper,37,10,Skip
1,whisper,38,15,Over
1,whisper,39,7,Over
1,whisper,40,10,Skip
1,whisper,41,15,Over
1,whisper,42,7,Over
1,whisper,43,10,Skip
1,whisper,44,15,Over
1,whisper,45,7,Over
1,whisper,46,10,Skip
1,whisper,47,15,Over
1,whisper,48,7,Over
1,whisper,49,10,Skip
1,whisper,50,15,Over
1,whisper,51,7,Over
1,whisper,52,10,Skip
1,whisper,53,15,Over
1,whisper,54,10,Skip
1,whisper,55,7,Over
1,whisper,56,15,Over
1,whisper,57,10,Skip
1,whisper,58,7,Over
1,whisper,59,15,Over
1,talk,30,11,VOTE Agent[03]
1,talk,31,3,Skip
1,talk,32,14,Over
1,talk,33,2,ESTIMATE Agent[05] VILLAGER
1,talk,34,12,Skip
1,talk,35,4,VOTE Agent[12]
1,talk,36,6,Over
1,talk,37,1,VOTE Agent[08]
1,talk,38,8,Over
1,talk,39,10,Skip
1,talk,40,15,Over
1,talk,41,13,Over
1,talk,42,5,ESTIMATE Agent[13] VILLAGER
1,talk,43,7,Over
1,talk,44,9,Over
1,whisper,60,10,Skip
1,whisper,61,7,Over
1,whisper,62,15,Over
1,whisper,63,10,Skip
1,whisper,64,7,Over
1,whisper,65,15,Over
1,whisper,66,10,Skip
1,whisper,67,7,Over
1,whisper,68,15,Over
1,whisper,69,10,Skip
1,whisper,70,7,Over
1,whisper,71,15,Over
1,whisper,72,10,Skip
1,whisper,73,7,Over
1,whisper,74,15,Over
1,whisper,75,10,Skip
1,whisper,76,7,Over
1,whisper,77,15,Over
1,whisper,78,10,Skip
1,whisper,79,7,Over
1,whisper,80,15,Over
1,whisper,81,10,Skip
1,whisper,82,7,Over
1,whisper,83,15,Over
1,whisper,84,10,Skip
1,whisper,85,7,Over
1,whisper,86,15,Over
1,whisper,87,10,Skip
1,whisper,88,7,Over
1,whisper,89,15,Over
1,talk,45,6,Over
1,talk,46,2,ESTIMATE Agent[04] SEER
1,talk,47,8,Over
1,talk,48,11,Over
1,talk,49,10,Skip
1,talk,50,15,Over
1,talk,51,14,Over
1,talk,52,13,Over
1,talk,53,4,VOTE Agent[14]
1,talk,54,1,Over
1,talk,55,12,Skip
1,talk,56,3,Skip
1,talk,57,5,ESTIMATE Agent[15] VILLAGER
1,talk,58,7,Over
1,talk,59,9,Over
1,whisper,90,10,Skip
1,whisper,91,15,Over
1,whisper,92,7,Over
1,whisper,93,10,Skip
1,whisper,94,7,Over
1,whisper,95,15,Over
1,whisper,96,10,Skip
1,whisper,97,7,Over
1,whisper,98,15,Over
1,whisper,99,10,Skip
1,whisper,100,7,Over
1,whisper,101,15,Over
1,whisper,102,10,Skip
1,whisper,103,7,Over
1,whisper,104,15,Over
1,whisper,105,10,Skip
1,whisper,106,7,Over
1,whisper,107,15,Over
1,whisper,108,10,Skip
1,whisper,109,7,Over
1,whisper,110,15,Over
1,whisper,111,10,Skip
1,whisper,112,7,Over
1,whisper,113,15,Over
1,whisper,114,10,Skip
1,whisper,115,7,Over
1,whisper,116,15,Over
1,whisper,117,10,Skip
1,whisper,118,7,Over
1,whisper,119,15,Over
1,talk,60,12,Skip
1,talk,61,2,ESTIMATE Agent[06] VILLAGER
1,talk,62,8,Over
1,talk,63,11,Over
1,talk,64,5,ESTIMATE Agent[08] WEREWOLF
1,talk,65,1,Over
1,talk,66,3,Skip
1,talk,67,4,VOTE Agent[04]
1,talk,68,6,Over
1,talk,69,13,Over
1,talk,70,15,Over
1,talk,71,10,VOTE Agent[12]
1,talk,72,14,Over
1,talk,73,7,Over
1,talk,74,9,Over
1,whisper,120,10,Skip
1,whisper,121,15,Over
1,whisper,122,7,Over
1,whisper,123,10,Skip
1,whisper,124,7,Over
1,whisper,125,15,Over
1,whisper,126,10,Skip
1,whisper,127,7,Over
1,whisper,128,15,Over
1,whisper,129,10,Skip
1,whisper,130,7,Over
1,whisper,131,15,Over
1,whisper,132,10,Skip
1,whisper,133,7,Over
1,whisper,134,15,Over
1,whisper,135,10,Skip
1,whisper,136,7,Over
1,whisper,137,15,Over
1,whisper,138,10,Skip
1,whisper,139,7,Over
1,whisper,140,15,Over
1,whisper,141,10,Skip
1,whisper,142,7,Over
1,whisper,143,15,Over
1,whisper,144,10,Skip
1,whisper,145,7,Over
1,whisper,146,15,Over
1,whisper,147,10,Skip
1,whisper,148,7,Over
1,whisper,149,15,Over
1,talk,75,3,Skip
1,talk,76,11,Over
1,talk,77,13,Over
1,talk,78,15,Over
1,talk,79,8,Over
1,talk,80,2,ESTIMATE Agent[07] VILLAGER
1,talk,81,4,ESTIMATE Agent[04] SEER
1,talk,82,1,Over
1,talk,83,5,ESTIMATE Agent[04] WEREWOLF
1,talk,84,10,Over
1,talk,85,6,Over
1,talk,86,12,Skip
1,talk,87,7,Over
1,talk,88,9,Over
1,talk,89,14,Over
1,whisper,150,10,Skip
1,whisper,151,15,Over
1,whisper,152,7,Over
1,whisper,153,10,Skip
1,whisper,154,7,Over
1,whisper,155,15,Over
1,whisper,156,10,Skip
1,whisper,157,7,Over
1,whisper,158,15,Over
1,whisper,159,10,Skip
1,whisper,160,7,Over
1,whisper,161,15,Over
1,whisper,162,10,Skip
1,whisper,163,7,Over
1,whisper,164,15,Over
1,whisper,165,10,Skip
1,whisper,166,7,Over
1,whisper,167,15,Over
1,whisper,168,10,Skip
1,whisper,169,7,Over
1,whisper,170,15,Over
1,whisper,171,10,Skip
1,whisper,172,7,Over
1,whisper,173,15,Over
1,whisper,174,10,Skip
1,whisper,175,7,Over
1,whisper,176,15,Over
1,whisper,177,10,Skip
1,whisper,178,7,Over
1,whisper,179,15,Over
1,talk,90,10,Over
1,talk,91,13,Over
1,talk,92,15,Over
1,talk,93,5,ESTIMATE Agent[08] WEREWOLF
1,talk,94,4,VOTE Agent[15]
1,talk,95,3,Skip
1,talk,96,12,Skip
1,talk,97,8,Over
1,talk,98,11,Over
1,talk,99,6,Over
1,talk,100,1,Over
1,talk,101,2,Skip
1,talk,102,7,Over
1,talk,103,9,Over
1,talk,104,14,Over
1,whisper,180,7,Over
1,whisper,181,10,Skip
1,whisper,182,15,Over
1,whisper,183,10,Skip
1,whisper,184,7,Over
1,whisper,185,15,Over
1,whisper,186,10,Skip
1,whisper,187,7,Over
1,whisper,188,15,Over
1,whisper,189,10,Skip
1,whisper,190,7,Over
1,whisper,191,15,Over
1,whisper,192,10,Skip
1,whisper,193,7,Over
1,whisper,194,15,Over
1,whisper,195,10,Skip
1,whisper,196,7,Over
1,whisper,197,15,Over
1,whisper,198,10,Skip
1,whisper,199,7,Over
1,whisper,200,15,Over
1,whisper,201,10,Skip
1,whisper,202,7,Over
1,whisper,203,15,Over
1,whisper,204,10,Skip
1,whisper,205,7,Over
1,whisper,206,15,Over
1,whisper,207,10,Skip
1,whisper,208,7,Over
1,whisper,209,15,Over
1,talk,105,5,ESTIMATE Agent[09] VILLAGER
1,talk,106,13,Over
1,talk,107,6,Over
1,talk,108,4,ESTIMATE Agent[01] VILLAGER
1,talk,109,1,Over
1,talk,110,12,Skip
1,talk,111,2,Skip
1,talk,112,10,Over
1,talk,113,3,Skip
1,talk,114,15,Over
1,talk,115,8,Over
1,talk,116,11,Over
1,talk,117,7,Over
1,talk,118,9,Over
1,talk,119,14,Over
1,whisper,210,10,Skip
1,whisper,211,7,Over
1,whisper,212,15,Over
1,whisper,213,10,Skip
1,whisper,214,7,Over
1,whisper,215,15,Over
1,whisper,216,10,Skip
1,whisper,217,7,Over
1,whisper,218,15,Over
1,whisper,219,10,Skip
1,whisper,220,7,Over
1,whisper,221,15,Over
1,whisper,222,10,Skip
1,whisper,223,7,Over
1,whisper,224,15,Over
1,whisper,225,10,Skip
1,whisper,226,7,Over
1,whisper,227,15,Over
1,whisper,228,10,Skip
1,whisper,229,7,Over
1,whisper,230,15,Over
1,whisper,231,10,Skip
1,whisper,232,7,Over
1,whisper,233,15,Over
1,whisper,234,10,Skip
1,whisper,235,7,Over
1,whisper,236,15,Over
1,whisper,237,10,Skip
1,whisper,238,7,Over
1,whisper,239,15,Over
1,talk,120,13,Over
1,talk,121,12,Skip
1,talk,122,6,Over
1,talk,123,10,Over
1,talk,124,4,VOTE Agent[06]
1,talk,125,3,Skip
1,talk,126,2,Skip
1,talk,127,5,ESTIMATE Agent[12] VILLAGER
1,talk,128,1,Over
1,talk,129,7,Over
1,talk,130,8,Over
1,talk,131,9,Over
1,talk,132,11,Over
1,talk,133,14,Over
1,talk,134,15,Over
1,whisper,240,7,Over
1,whisper,241,15,Over
1,whisper,242,10,Skip
1,whisper,243,10,Skip
1,whisper,244,7,Over
1,whisper,245,15,Over
1,whisper,246,10,Skip
1,whisper,247,7,Over
1,whisper,248,15,Over
1,whisper,249,10,Skip
1,whisper,250,7,Over
1,whisper,251,15,Over
1,whisper,252,10,Skip
1,whisper,253,7,Over
1,whisper,254,15,Over
1,whisper,255,10,Skip
1,whisper,256,7,Over
1,whisper,257,15,Over
1,whisper,258,10,Skip
1,whisper,259,7,Over
1,whisper,260,15,Over
1,whisper,261,10,Skip
1,whisper,262,7,Over
1,whisper,263,15,Over
1,whisper,264,10,Skip
1,whisper,265,7,Over
1,whisper,266,15,Over
1,whisper,267,10,Skip
1,whisper,268,7,Over
1,whisper,269,15,Over
1,talk,135,10,Over
1,talk,136,13,Over
1,talk,137,4,VOTE Agent[13]
1,talk,138,2,Skip
1,talk,139,5,ESTIMATE Agent[12] VILLAGER
1,talk,140,12,Skip
1,talk,141,6,Over
1,talk,142,3,Skip
1,talk,143,1,Over
1,talk,144,7,Over
1,talk,145,8,Over
1,talk,146,9,Over
1,talk,147,11,Over
1,talk,148,14,Over
1,talk,149,15,Over
1,whisper,270,7,Over
1,whisper,271,15,Over
1,whisper,272,10,Skip
1,whisper,273,15,Over
1,whisper,274,10,Skip
1,whisper,275,7,Over
1,whisper,276,10,Skip
1,whisper,277,15,Over
1,whisper,278,7,Over
1,whisper,279,10,Skip
1,whisper,280,7,Over
1,whisper,281,15,Over
1,whisper,282,10,Skip
1,whisper,283,7,Over
1,whisper,284,15,Over
1,whisper,285,10,Skip
1,whisper,286,7,Over
1,whisper,287,15,Over
1,whisper,288,10,Skip
1,whisper,289,7,Over
1,whisper,290,15,Over
1,whisper,291,10,Skip
1,whisper,292,7,Over
1,whisper,293,15,Over
1,whisper,294,10,Skip
1,whisper,295,7,Over
1,whisper,296,15,Over
1,whisper,297,10,Skip
1,whisper,298,7,Over
1,whisper,299,15,Over
1,vote,1,8
1,vote,2,12
1,vote,3,2
1,vote,4,3
1,vote,5,2
1,vote,6,7
1,vote,7,11
1,vote,8,4
1,vote,9,12
1,vote,10,12
1,vote,11,3
1,vote,12,3
1,vote,13,2
1,vote,14,11
1,vote,15,2
1,divine,4,10,WEREWOLF
1,guard,12,1,VILLAGER
1,attackVote,7,1
1,attackVote,10,14
1,attackVote,15,4
1,execute,2,VILLAGER
1,attack,1,false
2,status,1,VILLAGER,ALIVE,cash
2,status,2,VILLAGER,DEAD,kSugar
2,status,3,VILLAGER,ALIVE,haretaro
2,status,4,SEER,ALIVE,Kanolab
2,status,5,VILLAGER,ALIVE,wasabi
2,status,6,VILLAGER,ALIVE,TOT
2,status,7,WEREWOLF,ALIVE,nakamura
2,status,8,POSSESSED,ALIVE,iace10442
2,status,9,VILLAGER,ALIVE,tkAI
2,status,10,WEREWOLF,ALIVE,NLwolf
2,status,11,MEDIUM,ALIVE,carlo
2,status,12,BODYGUARD,ALIVE,twn480
2,status,13,VILLAGER,ALIVE,KajiGod
2,status,14,VILLAGER,ALIVE,howls
2,status,15,WEREWOLF,ALIVE,Udon
2,talk,0,12,Skip
2,talk,1,8,DIVINED Agent[05] HUMAN
2,talk,2,7,VOTE Agent[11]
2,talk,3,3,VOTE Agent[09]
2,talk,4,6,VOTE Agent[07]
2,talk,5,13,VOTE Agent[11]
2,talk,6,1,VOTE Agent[08]
2,talk,7,14,Over
2,talk,8,9,Over
2,talk,9,11,COMINGOUT Agent[11] MEDIUM
2,talk,10,15,VOTE Agent[09]
2,talk,11,10,DIVINED Agent[06] HUMAN
2,talk,12,5,ESTIMATE Agent[10] VILLAGER
2,talk,13,4,DIVINED Agent[10] WEREWOLF
2,whisper,0,10,Skip
2,whisper,1,15,ATTACK Agent[05]
2,whisper,2,7,Over
2,whisper,3,15,Over
2,whisper,4,10,Skip
2,whisper,5,7,Over
2,whisper,6,15,Over
2,whisper,7,10,Skip
2,whisper,8,7,Over
2,whisper,9,10,Skip
2,whisper,10,15,Over
2,whisper,11,7,Over
2,whisper,12,10,Skip
2,whisper,13,7,Over
2,whisper,14,15,Over
2,whisper,15,10,Skip
2,whisper,16,7,Over
2,whisper,17,15,Over
2,whisper,18,10,Skip
2,whisper,19,7,Over
2,whisper,20,15,Over
2,whisper,21,10,Skip
2,whisper,22,7,Over
2,whisper,23,15,Over
2,whisper,24,10,Skip
2,whisper,25,7,Over
2,whisper,26,15,Over
2,whisper,27,10,Skip
2,whisper,28,7,Over
2,whisper,29,15,Over
2,talk,14,7,Over
2,talk,15,5,ESTIMATE Agent[09] VILLAGER
2,talk,16,10,Skip
2,talk,17,11,INQUESTED Agent[02] HUMAN
2,talk,18,13,VOTE Agent[10]
2,talk,19,9,Over
2,talk,20,15,Over
2,talk,21,6,Over
2,talk,22,8,Over
2,talk,23,14,Over
2,talk,24,1,Skip
2,talk,25,12,Skip
2,talk,26,4,VOTE Agent[04]
2,talk,27,3,VOTE Agent[07]
2,whisper,30,10,Skip
2,whisper,31,15,Over
2,whisper,32,7,Over
2,whisper,33,10,Skip
2,whisper,34,7,Over
2,whisper,35,15,Over
2,whisper,36,10,Skip
2,whisper,37,7,Over
2,whisper,38,15,Over
2,whisper,39,10,Skip
2,whisper,40,7,Over
2,whisper,41,15,Over
2,whisper,42,10,Skip
2,whisper,43,7,Over
2,whisper,44,15,Over
2,whisper,45,10,Skip
2,whisper,46,7,Over
2,whisper,47,15,Over
2,whisper,48,10,Skip
2,whisper,49,7,Over
2,whisper,50,15,Over
2,whisper,51,10,Skip
2,whisper,52,7,Over
2,whisper,53,15,Over
2,whisper,54,10,Skip
2,whisper,55,7,Over
2,whisper,56,15,Over
2,whisper,57,10,Skip
2,whisper,58,7,Over
2,whisper,59,15,Over
2,talk,28,6,Over
2,talk,29,3,Skip
2,talk,30,8,Over
2,talk,31,1,Skip
2,talk,32,4,VOTE Agent[09]
2,talk,33,7,Over
2,talk,34,5,ESTIMATE Agent[07] VILLAGER
2,talk,35,10,Skip
2,talk,36,15,Over
2,talk,37,11,VOTE Agent[03]
2,talk,38,13,Over
2,talk,39,9,Over
2,talk,40,14,Over
2,talk,41,12,Skip
2,whisper,60,10,Skip
2,whisper,61,15,Over
2,whisper,62,7,Over
2,whisper,63,10,Skip
2,whisper,64,7,Over
2,whisper,65,15,Over
2,whisper,66,10,Skip
2,whisper,67,7,Over
2,whisper,68,15,Over
2,whisper,69,10,Skip
2,whisper,70,7,Over
2,whisper,71,15,Over
2,whisper,72,10,Skip
2,whisper,73,7,Over
2,whisper,74,15,Over
2,whisper,75,10,Skip
2,whisper,76,7,Over
2,whisper,77,15,Over
2,whisper,78,10,Skip
2,whisper,79,7,Over
2,whisper,80,15,Over
2,whisper,81,10,Skip
2,whisper,82,7,Over
2,whisper,83,15,Over
2,whisper,84,10,Skip
2,whisper,85,7,Over
2,whisper,86,15,Over
2,whisper,87,10,Skip
2,whisper,88,7,Over
2,whisper,89,15,Over
2,talk,42,13,Over
2,talk,43,8,Over
2,talk,44,15,Over
2,talk,45,9,Over
2,talk,46,14,Over
2,talk,47,12,Skip
2,talk,48,3,VOTE Agent[09]
2,talk,49,7,Over
2,talk,50,6,Over
2,talk,51,1,VOTE Agent[10]
2,talk,52,11,Over
2,talk,53,10,Skip
2,talk,54,5,ESTIMATE Agent[04] WEREWOLF
2,talk,55,4,VOTE Agent[11]
2,whisper,90,15,Over
2,whisper,91,7,Over
2,whisper,92,10,Skip
2,whisper,93,15,Over
2,whisper,94,7,Over
2,whisper,95,10,Skip
2,whisper,96,15,Over
2,whisper,97,7,Over
2,whisper,98,10,Skip
2,whisper,99,15,Over
2,whisper,100,7,Over
2,whisper,101,10,Skip
2,whisper,102,10,Skip
2,whisper,103,7,Over
2,whisper,104,15,Over
2,whisper,105,10,Skip
2,whisper,106,7,Over
2,whisper,107,15,Over
2,whisper,108,10,Skip
2,whisper,109,7,Over
2,whisper,110,15,Over
2,whisper,111,10,Skip
2,whisper,112,7,Over
2,whisper,113,15,Over
2,whisper,114,10,Skip
2,whisper,115,7,Over
2,whisper,116,15,Over
2,whisper,117,10,Skip
2,whisper,118,7,Over
2,whisper,119,15,Over
2,talk,56,13,Over
2,talk,57,9,Over
2,talk,58,4,VOTE Agent[05]
2,talk,59,10,VOTE Agent[12]
2,talk,60,14,Over
2,talk,61,11,Over
2,talk,62,12,Skip
2,talk,63,15,Over
2,talk,64,3,VOTE Agent[10]
2,talk,65,5,ESTIMATE Agent[04] WEREWOLF
2,talk,66,8,Over
2,talk,67,6,Over
2,talk,68,7,Over
2,talk,69,1,Over
2,whisper,120,7,Over
2,whisper,121,15,Over
2,whisper,122,10,Skip
2,whisper,123,15,Over
2,whisper,124,10,Skip
2,whisper,125,7,Over
2,whisper,126,10,Skip
2,whisper,127,15,Over
2,whisper,128,7,Over
2,whisper,129,10,Skip
2,whisper,130,7,Over
2,whisper,131,15,Over
2,whisper,132,10,Skip
2,whisper,133,7,Over
2,whisper,134,15,Over
2,whisper,135,10,Skip
2,whisper,136,7,Over
2,whisper,137,15,Over
2,whisper,138,10,Skip
2,whisper,139,7,Over
2,whisper,140,15,Over
2,whisper,141,10,Skip
2,whisper,142,7,Over
2,whisper,143,15,Over
2,whisper,144,10,Skip
2,whisper,145,7,Over
2,whisper,146,15,Over
2,whisper,147,10,Skip
2,whisper,148,7,Over
2,whisper,149,15,Over
2,talk,70,12,Skip
2,talk,71,14,Over
2,talk,72,11,Over
2,talk,73,5,ESTIMATE Agent[10] WEREWOLF
2,talk,74,4,ESTIMATE Agent[08] SEER
2,talk,75,13,Over
2,talk,76,15,Over
2,talk,77,10,Over
2,talk,78,3,Skip
2,talk,79,9,Over
2,talk,80,1,Over
2,talk,81,6,Over
2,talk,82,7,Over
2,talk,83,8,Over
2,whisper,150,10,Skip
2,whisper,151,15,Over
2,whisper,152,7,Over
2,whisper,153,10,Skip
2,whisper,154,7,Over
2,whisper,155,15,Over
2,whisper,156,10,Skip
2,whisper,157,7,Over
2,whisper,158,15,Over
2,whisper,159,10,Skip
2,whisper,160,7,Over
2,whisper,161,15,Over
2,whisper,162,10,Skip
2,whisper,163,7,Over
2,whisper,164,15,Over
2,whisper,165,10,Skip
2,whisper,166,7,Over
2,whisper,167,15,Over
2,whisper,168,10,Skip
2,whisper,169,7,Over
2,whisper,170,15,Over
2,whisper,171,10,Skip
2,whisper,172,7,Over
2,whisper,173,15,Over
2,whisper,174,10,Skip
2,whisper,175,7,Over
2,whisper,176,15,Over
2,whisper,177,10,Skip
2,whisper,178,7,Over
2,whisper,179,15,Over
2,talk,84,15,Over
2,talk,85,14,Over
2,talk,86,11,Over
2,talk,87,5,ESTIMATE Agent[07] VILLAGER
2,talk,88,3,Skip
2,talk,89,10,Over
2,talk,90,4,VOTE Agent[08]
2,talk,91,13,Over
2,talk,92,12,Skip
2,talk,93,1,Over
2,talk,94,6,Over
2,talk,95,7,Over
2,talk,96,8,Over
2,talk,97,9,Over
2,whisper,180,15,Over
2,whisper,181,10,Skip
2,whisper,182,7,Over
2,whisper,183,10,Skip
2,whisper,184,15,Over
2,whisper,185,7,Over
2,whisper,186,10,Skip
2,whisper,187,7,Over
2,whisper,188,15,Over
2,whisper,189,10,Skip
2,whisper,190,7,Over
2,whisper,191,15,Over
2,whisper,192,10,Skip
2,whisper,193,7,Over
2,whisper,194,15,Over
2,whisper,195,10,Skip
2,whisper,196,7,Over
2,whisper,197,15,Over
2,whisper,198,10,Skip
2,whisper,199,7,Over
2,whisper,200,15,Over
2,whisper,201,10,Skip
2,whisper,202,7,Over
2,whisper,203,15,Over
2,whisper,204,10,Skip
2,whisper,205,7,Over
2,whisper,206,15,Over
2,whisper,207,10,Skip
2,whisper,208,7,Over
2,whisper,209,15,Over
2,talk,98,10,Over
2,talk,99,5,ESTIMATE Agent[13] VILLAGER
2,talk,100,13,Over
2,talk,101,11,Over
2,talk,102,3,Skip
2,talk,103,15,Over
2,talk,104,12,Skip
2,talk,105,4,VOTE Agent[15]
2,talk,106,14,Over
2,talk,107,1,Over
2,talk,108,6,Over
2,talk,109,7,Over
2,talk,110,8,Over
2,talk,111,9,Over
2,whisper,210,10,Skip
2,whisper,211,7,Over
2,whisper,212,15,Over
2,whisper,213,10,Skip
2,whisper,214,7,Over
2,whisper,215,15,Over
2,whisper,216,10,Skip
2,whisper,217,7,Over
2,whisper,218,15,Over
2,whisper,219,10,Skip
2,whisper,220,7,Over
2,whisper,221,15,Over
2,whisper,222,10,Skip
2,whisper,223,7,Over
2,whisper,224,15,Over
2,whisper,225,10,Skip
2,whisper,226,7,Over
2,whisper,227,15,Over
2,whisper,228,10,Skip
2,whisper,229,7,Over
2,whisper,230,15,Over
2,whisper,231,10,Skip
2,whisper,232,7,Over
2,whisper,233,15,Over
2,whisper,234,10,Skip
2,whisper,235,7,Over
2,whisper,236,15,Over
2,whisper,237,10,Skip
2,whisper,238,7,Over
2,whisper,239,15,Over
2,talk,112,3,Skip
2,talk,113,12,Skip
2,talk,114,10,Over
2,talk,115,11,Over
2,talk,116,4,VOTE Agent[12]
2,talk,117,15,VOTE Agent[12]
2,talk,118,5,ESTIMATE Agent[11] MEDIUM
2,talk,119,13,Over
2,talk,120,1,Over
2,talk,121,6,Over
2,talk,122,7,Over
2,talk,123,8,Over
2,talk,124,9,Over
2,talk,125,14,Over
2,whisper,240,10,Skip
2,whisper,241,7,Over
2,whisper,242,15,Over
2,whisper,243,10,Skip
2,whisper,244,7,Over
2,whisper,245,15,Over
2,whisper,246,10,Skip
2,whisper,247,7,Over
2,whisper,248,15,Over
2,whisper,249,10,Skip
2,whisper,250,7,Over
2,whisper,251,15,Over
2,whisper,252,10,Skip
2,whisper,253,7,Over
2,whisper,254,15,Over
2,whisper,255,10,Skip
2,whisper,256,7,Over
2,whisper,257,15,Over
2,whisper,258,10,Skip
2,whisper,259,7,Over
2,whisper,260,15,Over
2,whisper,261,10,Skip
2,whisper,262,7,Over
2,whisper,263,15,Over
2,whisper,264,10,Skip
2,whisper,265,7,Over
2,whisper,266,15,Over
2,whisper,267,10,Skip
2,whisper,268,7,Over
2,whisper,269,15,Over
2,talk,126,5,ESTIMATE Agent[08] WEREWOLF
2,talk,127,4,ESTIMATE Agent[11] MEDIUM
2,talk,128,11,Over
2,talk,129,3,VOTE Agent[12]
2,talk,130,12,Skip
2,talk,131,10,Over
2,talk,132,15,Over
2,talk,133,1,Over
2,talk,134,6,Over
2,talk,135,7,Over
2,talk,136,8,Over
2,talk,137,9,Over
2,talk,138,13,Over
2,talk,139,14,Over
2,whisper,270,7,Over
2,whisper,271,15,Over
2,whisper,272,10,Skip
2,whisper,273,15,Over
2,whisper,274,10,Skip
2,whisper,275,7,Over
2,whisper,276,10,Skip
2,whisper,277,15,Over
2,whisper,278,7,Over
2,whisper,279,10,Skip
2,whisper,280,7,Over
2,whisper,281,15,Over
2,whisper,282,10,Skip
2,whisper,283,7,Over
2,whisper,284,15,Over
2,whisper,285,10,Skip
2,whisper,286,7,Over
2,whisper,287,15,Over
2,whisper,288,10,Skip
2,whisper,289,7,Over
2,whisper,290,15,Over
2,whisper,291,10,Skip
2,whisper,292,7,Over
2,whisper,293,15,Over
2,whisper,294,10,Skip
2,whisper,295,7,Over
2,whisper,296,15,Over
2,whisper,297,10,Skip
2,whisper,298,7,Over
2,whisper,299,15,Over
2,vote,1,10
2,vote,3,12
2,vote,4,6
2,vote,5,10
2,vote,6,7
2,vote,7,11
2,vote,8,4
2,vote,9,13
2,vote,10,12
2,vote,11,3
2,vote,12,6
2,vote,13,10
2,vote,14,10
2,vote,15,12
2,divine,4,5,HUMAN
2,guard,12,1,VILLAGER
2,attackVote,7,1
2,attackVote,10,6
2,attackVote,15,5
2,execute,10,WEREWOLF
2,attack,5,true
3,status,1,VILLAGER,ALIVE,cash
3,status,2,VILLAGER,DEAD,kSugar
3,status,3,VILLAGER,ALIVE,haretaro
3,status,4,SEER,ALIVE,Kanolab
3,status,5,VILLAGER,DEAD,wasabi
3,status,6,VILLAGER,ALIVE,TOT
3,status,7,WEREWOLF,ALIVE,nakamura
3,status,8,POSSESSED,ALIVE,iace10442
3,status,9,VILLAGER,ALIVE,tkAI
3,status,10,WEREWOLF,DEAD,NLwolf
3,status,11,MEDIUM,ALIVE,carlo
3,status,12,BODYGUARD,ALIVE,twn480
3,status,13,VILLAGER,ALIVE,KajiGod
3,status,14,VILLAGER,ALIVE,howls
3,status,15,WEREWOLF,ALIVE,Udon
3,talk,0,12,Skip
3,talk,1,3,VOTE Agent[09]
3,talk,2,14,Over
3,talk,3,6,ESTIMATE Agent[08] SEER
3,talk,4,1,VOTE Agent[04]
3,talk,5,11,INQUESTED Agent[10] WEREWOLF
3,talk,6,9,Over
3,talk,7,8,DIVINED Agent[12] HUMAN
3,talk,8,4,DIVINED Agent[05] HUMAN
3,talk,9,13,VOTE Agent[03]
3,talk,10,7,VOTE Agent[11]
3,talk,11,15,VOTE Agent[04]
3,whisper,0,7,Over
3,whisper,1,15,ATTACK Agent[01]
3,whisper,2,7,Over
3,whisper,3,15,Over
3,talk,12,12,Skip
3,talk,13,1,Skip
3,talk,14,3,VOTE Agent[01]
3,talk,15,6,ESTIMATE Agent[04] WEREWOLF
3,talk,16,8,Over
3,talk,17,14,Over
3,talk,18,4,VOTE Agent[11]
3,talk,19,11,ESTIMATE Agent[04] SEER
3,talk,20,9,Over
3,talk,21,15,Over
3,talk,22,7,Over
3,talk,23,13,Over
3,whisper,4,15,ATTACK Agent[12]
3,whisper,5,7,Over
3,whisper,6,15,Over
3,talk,24,3,Skip
3,talk,25,1,VOTE Agent[09]
3,talk,26,4,VOTE Agent[15]
3,talk,27,6,VOTE Agent[04]
3,talk,28,8,Over
3,talk,29,11,VOTE Agent[10]
3,talk,30,14,Over
3,talk,31,12,Skip
3,talk,32,7,Over
3,talk,33,9,Over
3,talk,34,13,Over
3,talk,35,15,Over
3,whisper,7,15,Over
3,whisper,8,7,Over
3,talk,36,1,Over
3,talk,37,14,Over
3,talk,38,12,Skip
3,talk,39,3,VOTE Agent[09]
3,talk,40,8,Over
3,talk,41,4,VOTE Agent[07]
3,talk,42,6,Over
3,talk,43,11,Over
3,talk,44,7,Over
3,talk,45,9,Over
3,talk,46,13,Over
3,talk,47,15,Over
3,whisper,9,7,Over
3,whisper,10,15,ATTACK Agent[01]
3,whisper,11,15,Over
3,whisper,12,7,Over
3,talk,48,4,VOTE Agent[08]
3,talk,49,8,Over
3,talk,50,1,Over
3,talk,51,3,Skip
3,talk,52,12,Skip
3,talk,53,14,Over
3,talk,54,6,Over
3,talk,55,7,Over
3,talk,56,9,Over
3,talk,57,11,Over
3,talk,58,13,Over
3,talk,59,15,Over
3,whisper,13,15,Over
3,whisper,14,7,Over
3,talk,60,12,Skip
3,talk,61,3,Skip
3,talk,62,8,Over
3,talk,63,1,Over
3,talk,64,4,ESTIMATE Agent[04] SEER
3,talk,65,6,Over
3,talk,66,7,Over
3,talk,67,9,Over
3,talk,68,11,Over
3,talk,69,13,Over
3,talk,70,14,Over
3,talk,71,15,Over
3,whisper,15,15,Over
3,whisper,16,7,Over
3,talk,72,4,ESTIMATE Agent[11] MEDIUM
3,talk,73,8,Over
3,talk,74,12,Skip
3,talk,75,3,Skip
3,talk,76,1,Over
3,talk,77,6,Over
3,talk,78,7,Over
3,talk,79,9,Over
3,talk,80,11,Over
3,talk,81,13,Over
3,talk,82,14,Over
3,talk,83,15,Over
3,whisper,17,15,Over
3,whisper,18,7,Over
3,talk,84,8,Over
3,talk,85,3,Skip
3,talk,86,12,Skip
3,talk,87,4,VOTE Agent[09]
3,talk,88,1,Over
3,talk,89,6,Over
3,talk,90,7,Over
3,talk,91,9,Over
3,talk,92,11,Over
3,talk,93,13,Over
3,talk,94,14,Over
3,talk,95,15,Over
3,whisper,19,15,ATTACK Agent[04]
3,whisper,20,7,Over
3,whisper,21,15,Over
3,talk,96,8,Over
3,talk,97,12,Skip
3,talk,98,3,Skip
3,talk,99,4,VOTE Agent[04]
3,talk,100,1,Over
3,talk,101,6,Over
3,talk,102,7,Over
3,talk,103,9,Over
3,talk,104,11,Over
3,talk,105,13,Over
3,talk,106,14,Over
3,talk,107,15,Over
3,whisper,22,7,Over
3,whisper,23,15,ATTACK Agent[01]
3,whisper,24,15,Over
3,whisper,25,7,Over
3,talk,108,12,Skip
3,talk,109,8,Over
3,talk,110,3,Skip
3,talk,111,4,ESTIMATE Agent[01] VILLAGER
3,talk,112,1,Over
3,talk,113,6,Over
3,talk,114,7,Over
3,talk,115,9,Over
3,talk,116,11,Over
3,talk,117,13,Over
3,talk,118,14,Over
3,talk,119,15,Over
3,whisper,26,15,Over
3,whisper,27,7,Over
3,vote,1,9
3,vote,3,9
3,vote,4,15
3,vote,6,4
3,vote,7,11
3,vote,8,4
3,vote,9,15
3,vote,11,9
3,vote,12,3
3,vote,13,3
3,vote,14,9
3,vote,15,4
3,divine,4,6,HUMAN
3,guard,12,1,VILLAGER
3,attackVote,7,1
3,attackVote,15,1
3,execute,9,VILLAGER
3,attack,1,false
4,status,1,VILLAGER,ALIVE,cash
4,status,2,VILLAGER,DEAD,kSugar
4,status,3,VILLAGER,ALIVE,haretaro
4,status,4,SEER,ALIVE,Kanolab
4,status,5,VILLAGER,DEAD,wasabi
4,status,6,VILLAGER,ALIVE,TOT
4,status,7,WEREWOLF,ALIVE,nakamura
4,status,8,POSSESSED,ALIVE,iace10442
4,status,9,VILLAGER,DEAD,tkAI
4,status,10,WEREWOLF,DEAD,NLwolf
4,status,11,MEDIUM,ALIVE,carlo
4,status,12,BODYGUARD,ALIVE,twn480
4,status,13,VILLAGER,ALIVE,KajiGod
4,status,14,VILLAGER,ALIVE,howls
4,status,15,WEREWOLF,ALIVE,Udon
4,talk,0,12,Skip
4,talk,1,15,VOTE Agent[04]
4,talk,2,14,Over
4,talk,3,1,VOTE Agent[15]
4,talk,4,4,DIVINED Agent[06] HUMAN
4,talk,5,13,VOTE Agent[03]
4,talk,6,7,VOTE Agent[11]
4,talk,7,3,VOTE Agent[12]
4,talk,8,6,ESTIMATE Agent[11] MEDIUM
4,talk,9,8,DIVINED Agent[15] HUMAN
4,talk,10,11,INQUESTED Agent[09] HUMAN
4,whisper,0,7,Over
4,whisper,1,15,ATTACK Agent[06]
4,whisper,2,15,Over
4,whisper,3,7,Over
4,talk,11,13,Over
4,talk,12,14,Over
4,talk,13,11,VOTE Agent[10]
4,talk,14,7,Over
4,talk,15,4,VOTE Agent[06]
4,talk,16,15,Over
4,talk,17,3,VOTE Agent[06]
4,talk,18,1,Skip
4,talk,19,8,Over
4,talk,20,6,ESTIMATE Agent[08] WEREWOLF
4,talk,21,12,Skip
4,whisper,4,15,ATTACK Agent[04]
4,whisper,5,7,Over
4,whisper,6,15,Over
4,talk,22,12,Skip
4,talk,23,8,Over
4,talk,24,1,VOTE Agent[07]
4,talk,25,13,Over
4,talk,26,15,Over
4,talk,27,4,VOTE Agent[13]
4,talk,28,3,VOTE Agent[07]
4,talk,29,14,Over
4,talk,30,7,Over
4,talk,31,6,ESTIMATE Agent[04] SEER
4,talk,32,11,Over
4,whisper,7,7,Over
4,whisper,8,15,Over
4,talk,33,1,Over
4,talk,34,3,Skip
4,talk,35,14,Over
4,talk,36,8,Over
4,talk,37,7,Over
4,talk,38,4,VOTE Agent[15]
4,talk,39,15,Over
4,talk,40,6,VOTE Agent[08]
4,talk,41,13,Over
4,talk,42,12,Skip
4,talk,43,11,Over
4,whisper,9,7,Over
4,whisper,10,15,Over
4,talk,44,8,Over
4,talk,45,15,Over
4,talk,46,12,Skip
4,talk,47,7,Over
4,talk,48,6,Over
4,talk,49,3,Skip
4,talk,50,13,Over
4,talk,51,1,Over
4,talk,52,4,ESTIMATE Agent[04] SEER
4,talk,53,14,Over
4,talk,54,11,Over
4,whisper,11,15,Over
4,whisper,12,7,Over
4,talk,55,6,Over
4,talk,56,12,Skip
4,talk,57,1,Over
4,talk,58,15,Over
4,talk,59,3,Skip
4,talk,60,13,Over
4,talk,61,8,Over
4,talk,62,7,Over
4,talk,63,4,ESTIMATE Agent[11] MEDIUM
4,talk,64,11,Over
4,talk,65,14,Over
4,whisper,13,15,Over
4,whisper,14,7,Over
4,talk,66,8,Over
4,talk,67,4,VOTE Agent[11]
4,talk,68,13,Over
4,talk,69,15,Over
4,talk,70,12,Skip
4,talk,71,7,Over
4,talk,72,6,Over
4,talk,73,1,Over
4,talk,74,3,Skip
4,talk,75,11,Over
4,talk,76,14,Over
4,whisper,15,7,Over
4,whisper,16,15,Over
4,talk,77,1,Over
4,talk,78,7,Over
4,talk,79,4,VOTE Agent[03]
4,talk,80,6,Over
4,talk,81,12,Skip
4,talk,82,13,Over
4,talk,83,3,Skip
4,talk,84,15,Over
4,talk,85,8,Over
4,talk,86,11,Over
4,talk,87,14,Over
4,whisper,17,7,Over
4,whisper,18,15,Over
4,talk,88,12,Skip
4,talk,89,3,Skip
4,talk,90,1,Over
4,talk,91,6,Over
4,talk,92,13,Over
4,talk,93,4,VOTE Agent[04]
4,talk,94,7,Over
4,talk,95,8,Over
4,talk,96,11,Over
4,talk,97,14,Over
4,talk,98,15,Over
4,whisper,19,7,Over
4,whisper,20,15,ATTACK Agent[06]
4,whisper,21,7,Over
4,whisper,22,15,Over
4,talk,99,4,VOTE Agent[12]
4,talk,100,3,Skip
4,talk,101,13,Over
4,talk,102,12,Skip
4,talk,103,1,Over
4,talk,104,6,Over
4,talk,105,7,Over
4,talk,106,8,Over
4,talk,107,11,Over
4,talk,108,14,Over
4,talk,109,15,Over
4,whisper,23,15,ATTACK Agent[04]
4,whisper,24,7,Over
4,whisper,25,15,Over
4,vote,1,7
4,vote,3,7
4,vote,4,13
4,vote,6,8
4,vote,7,11
4,vote,8,4
4,vote,11,1
4,vote,12,15
4,vote,13,3
4,vote,14,7
4,vote,15,4
4,divine,4,12,HUMAN
4,guard,12,1,VILLAGER
4,attackVote,7,1
4,attackVote,15,4
4,execute,7,WEREWOLF
4,attack,4,true
5,status,1,VILLAGER,ALIVE,cash
5,status,2,VILLAGER,DEAD,kSugar
5,status,3,VILLAGER,ALIVE,haretaro
5,status,4,SEER,DEAD,Kanolab
5,status,5,VILLAGER,DEAD,wasabi
5,status,6,VILLAGER,ALIVE,TOT
5,status,7,WEREWOLF,DEAD,nakamura
5,status,8,POSSESSED,ALIVE,iace10442
5,status,9,VILLAGER,DEAD,tkAI
5,status,10,WEREWOLF,DEAD,NLwolf
5,status,11,MEDIUM,ALIVE,carlo
5,status,12,BODYGUARD,ALIVE,twn480
5,status,13,VILLAGER,ALIVE,KajiGod
5,status,14,VILLAGER,ALIVE,howls
5,status,15,WEREWOLF,ALIVE,Udon
5,talk,0,11,INQUESTED Agent[07] WEREWOLF
5,talk,1,1,VOTE Agent[15]
5,talk,2,8,DIVINED Agent[01] HUMAN
5,talk,3,14,Over
5,talk,4,12,Skip
5,talk,5,15,VOTE Agent[08]
5,talk,6,13,VOTE Agent[11]
5,talk,7,3,VOTE Agent[08]
5,talk,8,6,VOTE Agent[08]
5,whisper,0,15,ATTACK Agent[01]
5,whisper,1,15,Over
5,talk,9,6,Over
5,talk,10,11,VOTE Agent[10]
5,talk,11,14,Over
5,talk,12,1,VOTE Agent[15]
5,talk,13,8,Over
5,talk,14,15,Over
5,talk,15,12,Skip
5,talk,16,13,Over
5,talk,17,3,Skip
5,whisper,2,15,Over
5,talk,18,13,Over
5,talk,19,11,Over
5,talk,20,14,Over
5,talk,21,8,Over
5,talk,22,12,Skip
5,talk,23,1,Over
5,talk,24,3,Skip
5,talk,25,15,Over
5,talk,26,6,Over
5,whisper,3,15,Over
5,talk,27,3,Skip
5,talk,28,14,Over
5,talk,29,12,Skip
5,talk,30,8,Over
5,talk,31,13,Over
5,talk,32,1,Over
5,talk,33,11,Over
5,talk,34,6,Over
5,talk,35,15,Over
5,whisper,4,15,Over
5,talk,36,14,Over
5,talk,37,3,Skip
5,talk,38,12,Skip
5,talk,39,1,Over
5,talk,40,6,Over
5,talk,41,8,Over
5,talk,42,11,Over
5,talk,43,13,Over
5,talk,44,15,Over
5,whisper,5,15,Over
5,talk,45,12,Skip
5,talk,46,14,Over
5,talk,47,3,Skip
5,talk,48,1,Over
5,talk,49,6,Over
5,talk,50,8,Over
5,talk,51,11,Over
5,talk,52,13,Over
5,talk,53,15,Over
5,whisper,6,15,Over
5,talk,54,3,Skip
5,talk,55,14,Over
5,talk,56,12,Skip
5,talk,57,1,Over
5,talk,58,6,Over
5,talk,59,8,Over
5,talk,60,11,Over
5,talk,61,13,Over
5,talk,62,15,Over
5,whisper,7,15,Over
5,talk,63,14,Over
5,talk,64,3,Skip
5,talk,65,12,Skip
5,talk,66,1,Over
5,talk,67,6,Over
5,talk,68,8,Over
5,talk,69,11,Over
5,talk,70,13,Over
5,talk,71,15,Over
5,whisper,8,15,Over
5,talk,72,14,Over
5,talk,73,3,Skip
5,talk,74,12,Skip
5,talk,75,1,Over
5,talk,76,6,Over
5,talk,77,8,Over
5,talk,78,11,Over
5,talk,79,13,Over
5,talk,80,15,Over
5,whisper,9,15,Over
5,talk,81,14,Over
5,talk,82,3,Skip
5,talk,83,12,Skip
5,talk,84,1,Over
5,talk,85,6,Over
5,talk,86,8,Over
5,talk,87,11,Over
5,talk,88,13,Over
5,talk,89,15,Over
5,whisper,10,15,Over
5,vote,1,15
5,vote,3,8
5,vote,6,8
5,vote,8,11
5,vote,11,6
5,vote,12,11
5,vote,13,11
5,vote,14,13
5,vote,15,8
5,guard,12,1,VILLAGER
5,attackVote,15,1
5,execute,11,MEDIUM
5,attack,1,false
6,status,1,VILLAGER,ALIVE,cash
6,status,2,VILLAGER,DEAD,kSugar
6,status,3,VILLAGER,ALIVE,haretaro
6,status,4,SEER,DEAD,Kanolab
6,status,5,VILLAGER,DEAD,wasabi
6,status,6,VILLAGER,ALIVE,TOT
6,status,7,WEREWOLF,DEAD,nakamura
6,status,8,POSSESSED,ALIVE,iace10442
6,status,9,VILLAGER,DEAD,tkAI
6,status,10,WEREWOLF,DEAD,NLwolf
6,status,11,MEDIUM,DEAD,carlo
6,status,12,BODYGUARD,ALIVE,twn480
6,status,13,VILLAGER,ALIVE,KajiGod
6,status,14,VILLAGER,ALIVE,howls
6,status,15,WEREWOLF,ALIVE,Udon
6,talk,0,12,Skip
6,talk,1,15,VOTE Agent[08]
6,talk,2,13,VOTE Agent[03]
6,talk,3,1,VOTE Agent[15]
6,talk,4,8,DIVINED Agent[03] HUMAN
6,talk,5,6,VOTE Agent[08]
6,talk,6,3,VOTE Agent[08]
6,talk,7,14,Over
6,whisper,0,15,ATTACK Agent[06]
6,whisper,1,15,Over
6,talk,8,1,VOTE Agent[15]
6,talk,9,8,Over
6,talk,10,12,Skip
6,talk,11,13,VOTE Agent[14]
6,talk,12,15,Over
6,talk,13,3,Skip
6,talk,14,6,Over
6,talk,15,14,Over
6,whisper,2,15,ATTACK Agent[03]
6,whisper,3,15,Over
6,talk,16,15,Over
6,talk,17,13,Over
6,talk,18,1,Over
6,talk,19,3,Skip
6,talk,20,12,Skip
6,talk,21,8,Over
6,talk,22,6,Over
6,talk,23,14,Over
6,whisper,4,15,Over
6,talk,24,12,Skip
6,talk,25,3,Skip
6,talk,26,15,Over
6,talk,27,13,Over
6,talk,28,1,Over
6,talk,29,6,Over
6,talk,30,8,Over
6,talk,31,14,Over
6,whisper,5,15,Over
6,talk,32,12,Skip
6,talk,33,3,Skip
6,talk,34,1,Over
6,talk,35,6,Over
6,talk,36,8,Over
6,talk,37,13,Over
6,talk,38,14,Over
6,talk,39,15,Over
6,whisper,6,15,Over
6,talk,40,3,Skip
6,talk,41,12,Skip
6,talk,42,1,Over
6,talk,43,6,Over
6,talk,44,8,Over
6,talk,45,13,Over
6,talk,46,14,Over
6,talk,47,15,Over
6,whisper,7,15,Over
6,talk,48,12,Skip
6,talk,49,3,Skip
6,talk,50,1,Over
6,talk,51,6,Over
6,talk,52,8,Over
6,talk,53,13,Over
6,talk,54,14,Over
6,talk,55,15,Over
6,whisper,8,15,Over
6,talk,56,3,Skip
6,talk,57,12,Skip
6,talk,58,1,Over
6,talk,59,6,Over
6,talk,60,8,Over
6,talk,61,13,Over
6,talk,62,14,Over
6,talk,63,15,Over
6,whisper,9,15,Over
6,talk,64,12,Skip
6,talk,65,3,Skip
6,talk,66,1,Over
6,talk,67,6,Over
6,talk,68,8,Over
6,talk,69,13,Over
6,talk,70,14,Over
6,talk,71,15,Over
6,whisper,10,15,Over
6,talk,72,12,Skip
6,talk,73,3,Skip
6,talk,74,1,Over
6,talk,75,6,Over
6,talk,76,8,Over
6,talk,77,13,Over
6,talk,78,14,Over
6,talk,79,15,Over
6,whisper,11,15,Over
6,vote,1,15
6,vote,3,8
6,vote,6,8
6,vote,8,6
6,vote,12,14
6,vote,13,14
6,vote,14,15
6,vote,15,8
6,guard,12,1,VILLAGER
6,attackVote,15,3
6,execute,8,POSSESSED
6,attack,3,true
7,status,1,VILLAGER,ALIVE,cash
7,status,2,VILLAGER,DEAD,kSugar
7,status,3,VILLAGER,DEAD,haretaro
7,status,4,SEER,DEAD,Kanolab
7,status,5,VILLAGER,DEAD,wasabi
7,status,6,VILLAGER,ALIVE,TOT
7,status,7,WEREWOLF,DEAD,nakamura
7,status,8,POSSESSED,DEAD,iace10442
7,status,9,VILLAGER,DEAD,tkAI
7,status,10,WEREWOLF,DEAD,NLwolf
7,status,11,MEDIUM,DEAD,carlo
7,status,12,BODYGUARD,ALIVE,twn480
7,status,13,VILLAGER,ALIVE,KajiGod
7,status,14,VILLAGER,ALIVE,howls
7,status,15,WEREWOLF,ALIVE,Udon
7,talk,0,13,VOTE Agent[14]
7,talk,1,12,Skip
7,talk,2,1,VOTE Agent[15]
7,talk,3,6,VOTE Agent[15]
7,talk,4,15,VOTE Agent[12]
7,talk,5,14,Over
7,whisper,0,15,ATTACK Agent[01]
7,whisper,1,15,Over
7,talk,6,13,Over
7,talk,7,12,Skip
7,talk,8,6,Over
7,talk,9,1,Over
7,talk,10,15,Over
7,talk,11,14,Over
7,whisper,2,15,Over
7,talk,12,12,Skip
7,talk,13,13,Over
7,talk,14,1,Over
7,talk,15,6,Over
7,talk,16,14,Over
7,talk,17,15,Over
7,whisper,3,15,Over
7,talk,18,12,Skip
7,talk,19,1,Over
7,talk,20,6,Over
7,talk,21,13,Over
7,talk,22,14,Over
7,talk,23,15,Over
7,whisper,4,15,Over
7,talk,24,12,Skip
7,talk,25,1,Over
7,talk,26,6,Over
7,talk,27,13,Over
7,talk,28,14,Over
7,talk,29,15,Over
7,whisper,5,15,Over
7,talk,30,12,Skip
7,talk,31,1,Over
7,talk,32,6,Over
7,talk,33,13,Over
7,talk,34,14,Over
7,talk,35,15,Over
7,whisper,6,15,Over
7,talk,36,12,Skip
7,talk,37,1,Over
7,talk,38,6,Over
7,talk,39,13,Over
7,talk,40,14,Over
7,talk,41,15,Over
7,whisper,7,15,Over
7,talk,42,12,Skip
7,talk,43,1,Over
7,talk,44,6,Over
7,talk,45,13,Over
7,talk,46,14,Over
7,talk,47,15,Over
7,whisper,8,15,Over
7,talk,48,12,Skip
7,talk,49,1,Over
7,talk,50,6,Over
7,talk,51,13,Over
7,talk,52,14,Over
7,talk,53,15,Over
7,whisper,9,15,Over
7,talk,54,12,Skip
7,talk,55,1,Over
7,talk,56,6,Over
7,talk,57,13,Over
7,talk,58,14,Over
7,talk,59,15,Over
7,whisper,10,15,Over
7,vote,1,15
7,vote,6,15
7,vote,12,15
7,vote,13,14
7,vote,14,12
7,vote,15,12
7,guard,12,1,VILLAGER
7,attackVote,15,1
7,execute,15,WEREWOLF
8,status,1,VILLAGER,ALIVE,cash
8,status,2,VILLAGER,DEAD,kSugar
8,status,3,VILLAGER,DEAD,haretaro
8,status,4,SEER,DEAD,Kanolab
8,status,5,VILLAGER,DEAD,wasabi
8,status,6,VILLAGER,ALIVE,TOT
8,status,7,WEREWOLF,DEAD,nakamura
8,status,8,POSSESSED,DEAD,iace10442
8,status,9,VILLAGER,DEAD,tkAI
8,status,10,WEREWOLF,DEAD,NLwolf
8,status,11,MEDIUM,DEAD,carlo
8,status,12,BODYGUARD,ALIVE,twn480
8,status,13,VILLAGER,ALIVE,KajiGod
8,status,14,VILLAGER,ALIVE,howls
8,status,15,WEREWOLF,DEAD,Udon
8,result,5,0,VILLAGER
