0,status,1,SEER,ALIVE,cash
0,status,2,VILLAGER,ALIVE,kSugar
0,status,3,VILLAGER,ALIVE,haretaro
0,status,4,WEREWOLF,ALIVE,Kanolab
0,status,5,WEREWOLF,ALIVE,wasabi
0,status,6,VILLAGER,ALIVE,TOT
0,status,7,WEREWOLF,ALIVE,nakamura
0,status,8,VILLAGER,ALIVE,iace10442
0,status,9,VILLAGER,ALIVE,tkAI
0,status,10,BODYGUARD,ALIVE,NLwolf
0,status,11,VILLAGER,ALIVE,carlo
0,status,12,VILLAGER,ALIVE,twn480
0,status,13,MEDIUM,ALIVE,KajiGod
0,status,14,POSSESSED,ALIVE,howls
0,status,15,VILLAGER,ALIVE,Udon
0,talk,0,13,VOTE Agent[11]
0,talk,1,15,VOTE Agent[05]
0,talk,2,1,COMINGOUT Agent[01] SEER
0,talk,3,11,VOTE Agent[02]
0,talk,4,9,Over
0,talk,5,8,ESTIMATE Agent[01] SEER
0,talk,6,2,COMINGOUT Agent[02] VILLAGER
0,talk,7,6,Over
0,talk,8,3,Over
0,talk,9,4,VOTE Agent[02]
0,talk,10,10,Skip
0,talk,11,14,COMINGOUT Agent[14] SEER
0,talk,12,7,VOTE Agent[14]
0,talk,13,12,Skip
0,talk,14,5,ESTIMATE Agent[03] VILLAGER
0,whisper,0,4,Over
0,whisper,1,7,Over
0,whisper,2,5,Over
0,talk,15,13,VOTE Agent[02]
0,talk,16,9,Over
0,talk,17,6,Over
0,talk,18,11,Over
0,talk,19,10,Skip
0,talk,20,2,Skip
0,talk,21,12,Skip
0,talk,22,15,ESTIMATE Agent[01] WEREWOLF
0,talk,23,14,Over
0,talk,24,8,Skip
0,talk,25,3,Over
0,talk,26,7,Over
0,talk,27,4,Over
0,talk,28,5,ESTIMATE Agent[15] WEREWOLF
0,talk,29,1,VOTE Agent[02]
0,whisper,3,7,Over
0,whisper,4,5,Over
0,whisper,5,4,Over
0,talk,30,2,ESTIMATE Agent[03] VILLAGER
0,talk,31,3,Over
0,talk,32,9,Over
0,talk,33,8,Skip
0,talk,34,15,ESTIMATE Agent[02] WEREWOLF
0,talk,35,10,Skip
0,talk,36,5,ESTIMATE Agent[11] VILLAGER
0,talk,37,14,Over
0,talk,38,11,Over
0,talk,39,12,Skip
0,talk,40,1,Over
0,talk,41,7,Over
0,talk,42,13,Over
0,talk,43,4,Over
0,talk,44,6,Over
0,whisper,6,5,Over
0,whisper,7,4,Over
0,whisper,8,7,Over
0,talk,45,12,Skip
0,talk,46,10,VOTE Agent[12]
0,talk,47,8,VOTE Agent[10]
0,talk,48,9,Over
0,talk,49,3,Over
0,talk,50,11,Over
0,talk,51,2,Skip
0,talk,52,14,Over
0,talk,53,5,ESTIMATE Agent[11] VILLAGER
0,talk,54,15,ESTIMATE Agent[03] WEREWOLF
0,talk,55,1,Over
0,talk,56,4,Over
0,talk,57,6,Over
0,talk,58,7,Over
0,talk,59,13,Over
0,whisper,9,7,Over
0,whisper,10,5,Over
0,whisper,11,4,Over
0,talk,60,14,Over
0,talk,61,5,ESTIMATE Agent[09] VILLAGER
0,talk,62,8,VOTE Agent[09]
0,talk,63,3,Over
0,talk,64,10,Over
0,talk,65,12,Skip
0,talk,66,9,Over
0,talk,67,2,ESTIMATE Agent[03] VILLAGER
0,talk,68,15,VOTE Agent[02]
0,talk,69,11,Over
0,talk,70,1,Over
0,talk,71,4,Over
0,talk,72,6,Over
0,talk,73,7,Over
0,talk,74,13,Over
0,whisper,12,4,Over
0,whisper,13,5,Over
0,whisper,14,7,Over
0,talk,75,2,Skip
0,talk,76,3,Over
0,talk,77,14,Over
0,talk,78,15,Over
0,talk,79,12,Skip
0,talk,80,9,Over
0,talk,81,8,VOTE Agent[05]
0,talk,82,5,ESTIMATE Agent[07] VILLAGER
0,talk,83,10,Over
0,talk,84,1,Over
0,talk,85,4,Over
0,talk,86,6,Over
0,talk,87,7,Over
0,talk,88,11,Over
0,talk,89,13,Over
0,whisper,15,7,Over
0,whisper,16,4,Over
0,whisper,17,5,Over
0,talk,90,14,Over
0,talk,91,5,ESTIMATE Agent[09] VILLAGER
0,talk,92,15,Over
0,talk,93,8,VOTE Agent[10]
0,talk,94,12,Skip
0,talk,95,3,Over
0,talk,96,2,ESTIMATE Agent[04] VILLAGER
0,talk,97,9,Over
0,talk,98,1,Over
0,talk,99,4,Over
0,talk,100,6,Over
0,talk,101,7,Over
0,talk,102,10,Over
0,talk,103,11,Over
0,talk,104,13,Over
0,whisper,18,7,Over
0,whisper,19,4,Over
0,whisper,20,5,Over
0,talk,105,14,Over
0,talk,106,8,VOTE Agent[11]
0,talk,107,15,Over
0,talk,108,2,Skip
0,talk,109,3,Over
0,talk,110,5,ESTIMATE Agent[02] VILLAGER
0,talk,111,12,Skip
0,talk,112,1,Over
0,talk,113,4,Over
0,talk,114,6,Over
0,talk,115,7,Over
0,talk,116,9,Over
0,talk,117,10,Over
0,talk,118,11,Over
0,talk,119,13,Over
0,whisper,21,5,Over
0,whisper,22,4,Over
0,whisper,23,7,Over
0,talk,120,12,Skip
0,talk,121,14,Over
0,talk,122,15,Over
0,talk,123,5,ESTIMATE Agent[06] VILLAGER
0,talk,124,3,Over
0,talk,125,2,ESTIMATE Agent[06] VILLAGER
0,talk,126,8,VOTE Agent[15]
0,talk,127,1,Over
0,talk,128,4,Over
0,talk,129,6,Over
0,talk,130,7,Over
0,talk,131,9,Over
0,talk,132,10,Over
0,talk,133,11,Over
0,talk,134,13,Over
0,whisper,24,5,Over
0,whisper,25,7,Over
0,whisper,26,4,Over
0,talk,135,15,Over
0,talk,136,2,Skip
0,talk,137,12,Skip
0,talk,138,3,Over
0,talk,139,14,Over
0,talk,140,8,VOTE Agent[13]
0,talk,141,5,ESTIMATE Agent[07] VILLAGER
0,talk,142,1,Over
0,talk,143,4,Over
0,talk,144,6,Over
0,talk,145,7,Over
0,talk,146,9,Over
0,talk,147,10,Over
0,talk,148,11,Over
0,talk,149,13,Over
0,whisper,27,7,Over
0,whisper,28,4,Over
0,whisper,29,5,Over
0,divine,1,2,HUMAN
1,status,1,SEER,ALIVE,cash
1,status,2,VILLAGER,ALIVE,kSugar
1,status,3,VILLAGER,ALIVE,haretaro
1,status,4,WEREWOLF,ALIVE,Kanolab
1,status,5,WEREWOLF,ALIVE,wasabi
1,status,6,VILLAGER,ALIVE,TOT
1,status,7,WEREWOLF,ALIVE,nakamura
1,status,8,VILLAGER,ALIVE,iace10442
1,status,9,VILLAGER,ALIVE,tkAI
1,status,10,BODYGUARD,ALIVE,NLwolf
1,status,11,VILLAGER,ALIVE,carlo
1,status,12,VILLAGER,ALIVE,twn480
1,status,13,MEDIUM,ALIVE,KajiGod
1,status,14,POSSESSED,ALIVE,howls
1,status,15,VILLAGER,ALIVE,Udon
1,talk,0,4,VOTE Agent[02]
1,talk,1,6,VOTE Agent[04]
1,talk,2,10,Skip
1,talk,3,1,DIVINED Agent[02] HUMAN
1,talk,4,5,ESTIMATE Agent[02] VILLAGER
1,talk,5,12,Skip
1,talk,6,11,VOTE Agent[03]
1,talk,7,14,DIVINED Agent[01] HUMAN
1,talk,8,15,VOTE Agent[03]
1,talk,9,8,Skip
1,talk,10,3,VOTE Agent[09]
1,talk,11,9,Over
1,talk,12,7,VOTE Agent[14]
1,talk,13,2,VOTE Agent[12]
1,talk,14,13,VOTE Agent[02]
1,whisper,0,7,Over
1,whisper,1,4,Over
1,whisper,2,5,Over
1,talk,15,13,Over
1,talk,16,1,VOTE Agent[03]
1,talk,17,9,Over
1,talk,18,10,Skip
1,talk,19,2,VOTE Agent[09]
1,talk,20,12,Skip
1,talk,21,8,Skip
1,talk,22,11,Over
1,talk,23,5,ESTIMATE Agent[09] VILLAGER
1,talk,24,14,Over
1,talk,25,7,Over
1,talk,26,4,Over
1,talk,27,3,VOTE Agent[02]
1,talk,28,15,ESTIMATE Agent[02] WEREWOLF
1,talk,29,6,Over
1,whisper,3,4,Over
1,whisper,4,7,Over
1,whisper,5,5,Over
1,talk,30,7,Over
1,talk,31,4,Over
1,talk,32,12,Skip
1,talk,33,9,Over
1,talk,34,10,Skip
1,talk,35,13,Over
1,talk,36,8,Skip
1,talk,37,3,Skip
1,talk,38,5,ESTIMATE Agent[07] VILLAGER
1,talk,39,11,Over
1,talk,40,2,COMINGOUT Agent[02] BODYGUARD
1,talk,41,15,ESTIMATE Agent[03] WEREWOLF
1,talk,42,14,Over
1,talk,43,1,VOTE Agent[03]
1,talk,44,6,Over
1,whisper,6,7,Over
1,whisper,7,5,Over
1,whisper,8,4,Over
1,talk,45,12,Skip
1,talk,46,7,Over
1,talk,47,8,VOTE Agent[10]
1,talk,48,11,Over
1,talk,49,3,Skip
1,talk,50,1,Over
1,talk,51,2,ESTIMATE Agent[03] VILLAGER
1,talk,52,15,ESTIMATE Agent[05] WEREWOLF
1,talk,53,9,Over
1,talk,54,10,VOTE Agent[03]
1,talk,55,14,Over
1,talk,56,13,Over
1,talk,57,4,Over
1,talk,58,5,ESTIMATE Agent[11] VILLAGER
1,talk,59,6,Over
1,whisper,9,4,Over
1,whisper,10,7,Over
1,whisper,11,5,Over
1,talk,60,3,Skip
1,talk,61,8,VOTE Agent[13]
1,talk,62,15,ESTIMATE Agent[14] SEER
1,talk,63,4,Over
1,talk,64,1,Over
1,talk,65,13,Over
1,talk,66,2,ESTIMATE Agent[05] VILLAGER
1,talk,67,7,Over
1,talk,68,5,ESTIMATE Agent[01] SEER
1,talk,69,9,Over
1,talk,70,14,Over
1,talk,71,10,Over
1,talk,72,11,Over
1,talk,73,12,Skip
1,talk,74,6,Over
1,whisper,12,7,Over
1,whisper,13,4,Over
1,whisper,14,5,Over
1,talk,75,15,Over
1,talk,76,3,Skip
1,talk,77,11,Over
1,talk,78,14,Over
1,talk,79,2,ESTIMATE Agent[07] VILLAGER
1,talk,80,1,Over
1,talk,81,12,Skip
1,talk,82,7,Over
1,talk,83,5,ESTIMATE Agent[07] VILLAGER
1,talk,84,13,Over
1,talk,85,10,Over
1,talk,86,8,VOTE Agent[12]
1,talk,87,4,Over
1,talk,88,9,Over
1,talk,89,6,Over
1,whisper,15,7,Over
1,whisper,16,5,Over
1,whisper,17,4,Over
1,talk,90,8,VOTE Agent[09]
1,talk,91,2,VOTE Agent[03]
1,talk,92,3,Skip
1,talk,93,5,ESTIMATE Agent[12] WEREWOLF
1,talk,94,13,Over
1,talk,95,12,Skip
1,talk,96,10,Over
1,talk,97,14,Over
1,talk,98,7,Over
1,talk,99,15,Over
1,talk,100,11,Over
1,talk,101,1,Over
1,talk,102,4,Over
1,talk,103,6,Over
1,talk,104,9,Over
1,whisper,18,4,Over
1,whisper,19,5,Over
1,whisper,20,7,Over
1,talk,105,8,VOTE Agent[14]
1,talk,106,3,Skip
1,talk,107,5,ESTIMATE Agent[14] WEREWOLF
1,talk,108,12,Skip
1,talk,109,13,Over
1,talk,110,2,Skip
1,talk,111,1,Over
1,talk,112,4,Over
1,talk,113,6,Over
1,talk,114,7,Over
1,talk,115,9,Over
1,talk,116,10,Over
1,talk,117,11,Over
1,talk,118,14,Over
1,talk,119,15,Over
1,whisper,21,4,Over
1,whisper,22,5,Over
1,whisper,23,7,Over
1,talk,120,3,Skip
1,talk,121,8,VOTE Agent[13]
1,talk,122,13,Over
1,talk,123,2,Skip
1,talk,124,12,Skip
1,talk,125,5,ESTIMATE Agent[06] VILLAGER
1,talk,126,1,Over
1,talk,127,4,Over
1,talk,128,6,Over
1,talk,129,7,Over
1,talk,130,9,Over
1,talk,131,10,Over
1,talk,132,11,Over
1,talk,133,14,Over
1,talk,134,15,Over
1,whisper,24,4,Over
1,whisper,25,5,Over
1,whisper,26,7,Over
1,talk,135,8,Over
1,talk,136,2,Skip
1,talk,137,13,Over
1,talk,138,3,Skip
1,talk,139,5,ESTIMATE Agent[07] VILLAGER
1,talk,140,12,Skip
1,talk,141,1,Over
1,talk,142,4,Over
1,talk,143,6,Over
1,talk,144,7,Over
1,talk,145,9,Over
1,talk,146,10,Over
1,talk,147,11,Over
1,talk,148,14,Over
1,talk,149,15,Over
1,whisper,27,5,Over
1,whisper,28,7,Over
1,whisper,29,4,Over
1,vote,1,3
1,vote,2,3
1,vote,3,2
1,vote,4,2
1,vote,5,15
1,vote,6,4
1,vote,7,14
1,vote,8,13
1,vote,9,13
1,vote,10,3
1,vote,11,3
1,vote,12,11
1,vote,13,2
1,vote,14,11
1,vote,15,3
1,divine,1,3,HUMAN
1,guard,10,1,SEER
1,attackVote,4,15
1,attackVote,5,1
1,attackVote,7,10
1,execute,3,VILLAGER
1,attack,1,false
2,status,1,SEER,ALIVE,cash
2,status,2,VILLAGER,ALIVE,kSugar
2,status,3,VILLAGER,DEAD,haretaro
2,status,4,WEREWOLF,ALIVE,Kanolab
2,status,5,WEREWOLF,ALIVE,wasabi
2,status,6,VILLAGER,ALIVE,TOT
2,status,7,WEREWOLF,ALIVE,nakamura
2,status,8,VILLAGER,ALIVE,iace10442
2,status,9,VILLAGER,ALIVE,tkAI
2,status,10,BODYGUARD,ALIVE,NLwolf
2,status,11,VILLAGER,ALIVE,carlo
2,status,12,VILLAGER,ALIVE,twn480
2,status,13,MEDIUM,ALIVE,KajiGod
2,status,14,POSSESSED,ALIVE,howls
2,status,15,VILLAGER,ALIVE,Udon
2,talk,0,14,DIVINED Agent[08] HUMAN
2,talk,1,9,Over
2,talk,2,6,VOTE Agent[04]
2,talk,3,11,VOTE Agent[04]
2,talk,4,12,Skip
2,talk,5,10,Skip
2,talk,6,4,VOTE Agent[06]
2,talk,7,13,COMINGOUT Agent[13] MEDIUM
2,talk,8,8,ESTIMATE Agent[10] VILLAGER
2,talk,9,15,VOTE Agent[07]
2,talk,10,5,ESTIMATE Agent[10] WEREWOLF
2,talk,11,1,DIVINED Agent[03] HUMAN
2,talk,12,7,VOTE Agent[14]
2,talk,13,2,VOTE Agent[09]
2,whisper,0,5,Over
2,whisper,1,7,Over
2,whisper,2,4,Over
2,talk,14,8,Skip
2,talk,15,5,ESTIMATE Agent[02] BODYGUARD
2,talk,16,13,INQUESTED Agent[03] HUMAN
2,talk,17,9,Over
2,talk,18,2,VOTE Agent[06]
2,talk,19,12,Skip
2,talk,20,4,Over
2,talk,21,6,Over
2,talk,22,1,Skip
2,talk,23,14,Over
2,talk,24,7,Over
2,talk,25,15,ESTIMATE Agent[02] WEREWOLF
2,talk,26,10,Skip
2,talk,27,11,Over
2,whisper,3,5,Over
2,whisper,4,4,Over
2,whisper,5,7,Over
2,talk,28,6,Over
2,talk,29,15,ESTIMATE Agent[10] WEREWOLF
2,talk,30,14,Over
2,talk,31,2,ESTIMATE Agent[06] VILLAGER
2,talk,32,1,VOTE Agent[04]
2,talk,33,10,Skip
2,talk,34,12,Skip
2,talk,35,8,ESTIMATE Agent[10] VILLAGER
2,talk,36,4,Over
2,talk,37,9,Over
2,talk,38,5,ESTIMATE Agent[02] BODYGUARD
2,talk,39,13,VOTE Agent[02]
2,talk,40,7,Over
2,talk,41,11,Over
2,whisper,6,5,Over
2,whisper,7,4,Over
2,whisper,8,7,Over
2,talk,42,13,Over
2,talk,43,10,VOTE Agent[11]
2,talk,44,5,ESTIMATE Agent[13] MEDIUM
2,talk,45,4,Over
2,talk,46,9,Over
2,talk,47,1,Over
2,talk,48,14,Over
2,talk,49,15,ESTIMATE Agent[11] WEREWOLF
2,talk,50,8,VOTE Agent[01]
2,talk,51,6,Over
2,talk,52,2,ESTIMATE Agent[07] VILLAGER
2,talk,53,12,Skip
2,talk,54,7,Over
2,talk,55,11,Over
2,whisper,9,7,Over
2,whisper,10,5,Over
2,whisper,11,4,Over
2,talk,56,2,ESTIMATE Agent[08] VILLAGER
2,talk,57,10,Over
2,talk,58,12,Skip
2,talk,59,13,Over
2,talk,60,15,ESTIMATE Agent[08] VILLAGER
2,talk,61,1,Over
2,talk,62,6,Over
2,talk,63,8,VOTE Agent[04]
2,talk,64,4,Over
2,talk,65,5,ESTIMATE Agent[07] VILLAGER
2,talk,66,9,Over
2,talk,67,14,Over
2,talk,68,7,Over
2,talk,69,11,Over
2,whisper,12,4,Over
2,whisper,13,7,Over
2,whisper,14,5,Over
2,talk,70,15,ESTIMATE Agent[13] MEDIUM
2,talk,71,5,ESTIMATE Agent[13] MEDIUM
2,talk,72,2,ESTIMATE Agent[07] VILLAGER
2,talk,73,13,Over
2,talk,74,1,Over
2,talk,75,10,Over
2,talk,76,6,Over
2,talk,77,12,Skip
2,talk,78,8,Over
2,talk,79,4,Over
2,talk,80,7,Over
2,talk,81,9,Over
2,talk,82,11,Over
2,talk,83,14,Over
2,whisper,15,4,Over
2,whisper,16,7,Over
2,whisper,17,5,Over
2,talk,84,6,Over
2,talk,85,13,Over
2,talk,86,5,ESTIMATE Agent[06] WEREWOLF
2,talk,87,10,Over
2,talk,88,1,Over
2,talk,89,2,VOTE Agent[04]
2,talk,90,15,ESTIMATE Agent[14] SEER
2,talk,91,12,Skip
2,talk,92,4,Over
2,talk,93,7,Over
2,talk,94,8,VOTE Agent[11]
2,talk,95,9,Over
2,talk,96,11,Over
2,talk,97,14,Over
2,whisper,18,4,Over
2,whisper,19,5,Over
2,whisper,20,7,Over
2,talk,98,1,Over
2,talk,99,13,Over
2,talk,100,6,Over
2,talk,101,4,Over
2,talk,102,12,Skip
2,talk,103,10,Over
2,talk,104,7,Over
2,talk,105,2,Skip
2,talk,106,15,VOTE Agent[11]
2,talk,107,5,ESTIMATE Agent[02] BODYGUARD
2,talk,108,8,VOTE Agent[02]
2,talk,109,9,Over
2,talk,110,11,Over
2,talk,111,14,Over
2,whisper,21,4,Over
2,whisper,22,7,Over
2,whisper,23,5,Over
2,talk,112,15,Over
2,talk,113,10,Over
2,talk,114,2,Skip
2,talk,115,6,Over
2,talk,116,7,Over
2,talk,117,5,ESTIMATE Agent[08] VILLAGER
2,talk,118,12,Skip
2,talk,119,8,Over
2,talk,120,4,Over
2,talk,121,1,Over
2,talk,122,13,Over
2,talk,123,9,Over
2,talk,124,11,Over
2,talk,125,14,Over
2,whisper,24,5,Over
2,whisper,25,4,Over
2,whisper,26,7,Over
2,talk,126,7,Over
2,talk,127,2,Skip
2,talk,128,6,Over
2,talk,129,15,Over
2,talk,130,12,Skip
2,talk,131,10,Over
2,talk,132,5,ESTIMATE Agent[08] VILLAGER
2,talk,133,1,Over
2,talk,134,4,Over
2,talk,135,8,VOTE Agent[05]
2,talk,136,9,Over
2,talk,137,11,Over
2,talk,138,13,Over
2,talk,139,14,Over
2,whisper,27,7,Over
2,whisper,28,5,Over
2,whisper,29,4,Over
2,vote,1,4
2,vote,2,4
2,vote,4,6
2,vote,5,15
2,vote,6,4
2,vote,7,14
2,vote,8,5
2,vote,9,2
2,vote,10,11
2,vote,11,4
2,vote,12,4
2,vote,13,2
2,vote,14,10
2,vote,15,11
2,divine,1,4,WEREWOLF
2,guard,10,1,SEER
2,attackVote,4,15
2,attackVote,5,1
2,attackVote,7,10
2,execute,4,WEREWOLF
2,attack,10,true
3,status,1,SEER,ALIVE,cash
3,status,2,VILLAGER,ALIVE,kSugar
3,status,3,VILLAGER,DEAD,haretaro
3,status,4,WEREWOLF,DEAD,Kanolab
3,status,5,WEREWOLF,ALIVE,wasabi
3,status,6,VILLAGER,ALIVE,TOT
3,status,7,WEREWOLF,ALIVE,nakamura
3,status,8,VILLAGER,ALIVE,iace10442
3,status,9,VILLAGER,ALIVE,tkAI
3,status,10,BODYGUARD,DEAD,NLwolf
3,status,11,VILLAGER,ALIVE,carlo
3,status,12,VILLAGER,ALIVE,twn480
3,status,13,MEDIUM,ALIVE,KajiGod
3,status,14,POSSESSED,ALIVE,howls
3,status,15,VILLAGER,ALIVE,Udon
3,talk,0,1,DIVINED Agent[04] WEREWOLF
3,talk,1,14,DIVINED Agent[09] HUMAN
3,talk,2,13,INQUESTED Agent[04] WEREWOLF
3,talk,3,7,VOTE Agent[14]
3,talk,4,15,VOTE Agent[07]
3,talk,5,12,Skip
3,talk,6,11,ESTIMATE Agent[01] SEER
3,talk,7,5,ESTIMATE Agent[06] WEREWOLF
3,talk,8,6,VOTE Agent[09]
3,talk,9,2,VOTE Agent[13]
3,talk,10,8,Skip
3,talk,11,9,Over
3,whisper,0,5,Over
3,whisper,1,7,ATTACK Agent[12]
3,whisper,2,5,Over
3,whisper,3,7,Over
3,talk,12,6,Over
3,talk,13,1,Skip
3,talk,14,11,VOTE Agent[04]
3,talk,15,14,Over
3,talk,16,13,VOTE Agent[02]
3,talk,17,15,ESTIMATE Agent[02] WEREWOLF
3,talk,18,7,Over
3,talk,19,12,Skip
3,talk,20,5,ESTIMATE Agent[12] WEREWOLF
3,talk,21,8,Skip
3,talk,22,2,VOTE Agent[08]
3,talk,23,9,Over
3,whisper,4,5,Over
3,whisper,5,7,Over
3,talk,24,13,Over
3,talk,25,5,ESTIMATE Agent[12] WEREWOLF
3,talk,26,7,Over
3,talk,27,11,Over
3,talk,28,14,Over
3,talk,29,1,VOTE Agent[09]
3,talk,30,8,Skip
3,talk,31,6,Over
3,talk,32,12,Skip
3,talk,33,2,ESTIMATE Agent[06] VILLAGER
3,talk,34,15,ESTIMATE Agent[04] WEREWOLF
3,talk,35,9,Over
3,whisper,6,7,Over
3,whisper,7,5,Over
3,talk,36,1,Over
3,talk,37,14,Over
3,talk,38,11,Over
3,talk,39,13,Over
3,talk,40,7,Over
3,talk,41,15,ESTIMATE Agent[07] WEREWOLF
3,talk,42,5,ESTIMATE Agent[01] SEER
3,talk,43,8,VOTE Agent[07]
3,talk,44,2,ESTIMATE Agent[07] VILLAGER
3,talk,45,12,Skip
3,talk,46,6,Over
3,talk,47,9,Over
3,whisper,8,5,Over
3,whisper,9,7,Over
3,talk,48,15,Over
3,talk,49,8,VOTE Agent[11]
3,talk,50,5,ESTIMATE Agent[01] SEER
3,talk,51,12,Skip
3,talk,52,7,Over
3,talk,53,2,ESTIMATE Agent[08] VILLAGER
3,talk,54,14,Over
3,talk,55,1,Over
3,talk,56,13,Over
3,talk,57,11,Over
3,talk,58,6,Over
3,talk,59,9,Over
3,whisper,10,5,Over
3,whisper,11,7,Over
3,talk,60,7,Over
3,talk,61,15,Over
3,talk,62,8,Over
3,talk,63,12,Skip
3,talk,64,5,ESTIMATE Agent[07] VILLAGER
3,talk,65,2,ESTIMATE Agent[07] VILLAGER
3,talk,66,1,Over
3,talk,67,6,Over
3,talk,68,9,Over
3,talk,69,11,Over
3,talk,70,13,Over
3,talk,71,14,Over
3,whisper,12,5,Over
3,whisper,13,7,Over
3,talk,72,7,Over
3,talk,73,2,VOTE Agent[09]
3,talk,74,12,Skip
3,talk,75,15,Over
3,talk,76,8,VOTE Agent[09]
3,talk,77,5,ESTIMATE Agent[13] MEDIUM
3,talk,78,1,Over
3,talk,79,6,Over
3,talk,80,9,Over
3,talk,81,11,Over
3,talk,82,13,Over
3,talk,83,14,Over
3,whisper,14,5,Over
3,whisper,15,7,Over
3,talk,84,15,Over
3,talk,85,7,Over
3,talk,86,5,ESTIMATE Agent[01] SEER
3,talk,87,8,Over
3,talk,88,12,Skip
3,talk,89,2,Skip
3,talk,90,1,Over
3,talk,91,6,Over
3,talk,92,9,Over
3,talk,93,11,Over
3,talk,94,13,Over
3,talk,95,14,Over
3,whisper,16,7,Over
3,whisper,17,5,Over
3,talk,96,8,VOTE Agent[02]
3,talk,97,15,Over
3,talk,98,12,Skip
3,talk,99,2,Skip
3,talk,100,7,Over
3,talk,101,5,ESTIMATE Agent[14] WEREWOLF
3,talk,102,1,Over
3,talk,103,6,Over
3,talk,104,9,Over
3,talk,105,11,Over
3,talk,106,13,Over
3,talk,107,14,Over
3,whisper,18,5,Over
3,whisper,19,7,Over
3,talk,108,8,VOTE Agent[11]
3,talk,109,12,Skip
3,talk,110,2,Skip
3,talk,111,15,Over
3,talk,112,7,Over
3,talk,113,5,ESTIMATE Agent[08] VILLAGER
3,talk,114,1,Over
3,talk,115,6,Over
3,talk,116,9,Over
3,talk,117,11,Over
3,talk,118,13,Over
3,talk,119,14,Over
3,whisper,20,7,Over
3,whisper,21,5,Over
3,vote,1,9
3,vote,2,9
3,vote,5,15
3,vote,6,9
3,vote,7,14
3,vote,8,11
3,vote,9,1
3,vote,11,8
3,vote,12,6
3,vote,13,2
3,vote,14,5
3,vote,15,7
3,divine,1,9,HUMAN
3,attackVote,5,1
3,attackVote,7,12
3,execute,9,VILLAGER
3,attack,12,true
4,status,1,SEER,ALIVE,cash
4,status,2,VILLAGER,ALIVE,kSugar
4,status,3,VILLAGER,DEAD,haretaro
4,status,4,WEREWOLF,DEAD,Kanolab
4,status,5,WEREWOLF,ALIVE,wasabi
4,status,6,VILLAGER,ALIVE,TOT
4,status,7,WEREWOLF,ALIVE,nakamura
4,status,8,VILLAGER,ALIVE,iace10442
4,status,9,VILLAGER,DEAD,tkAI
4,status,10,BODYGUARD,DEAD,NLwolf
4,status,11,VILLAGER,ALIVE,carlo
4,status,12,VILLAGER,DEAD,twn480
4,status,13,MEDIUM,ALIVE,KajiGod
4,status,14,POSSESSED,ALIVE,howls
4,status,15,VILLAGER,ALIVE,Udon
4,talk,0,2,VOTE Agent[06]
4,talk,1,7,VOTE Agent[14]
4,talk,2,14,DIVINED Agent[03] HUMAN
4,talk,3,6,VOTE Agent[02]
4,talk,4,8,Skip
4,talk,5,11,ESTIMATE Agent[13] MEDIUM
4,talk,6,5,ESTIMATE Agent[15] WEREWOLF
4,talk,7,15,VOTE Agent[07]
4,talk,8,1,DIVINED Agent[09] HUMAN
4,talk,9,13,INQUESTED Agent[09] HUMAN
4,whisper,0,5,Over
4,whisper,1,7,ATTACK Agent[01]
4,whisper,2,7,Over
4,whisper,3,5,Over
4,talk,10,5,ESTIMATE Agent[02] BODYGUARD
4,talk,11,14,Over
4,talk,12,7,Over
4,talk,13,13,VOTE Agent[02]
4,talk,14,15,ESTIMATE Agent[02] WEREWOLF
4,talk,15,2,VOTE Agent[08]
4,talk,16,11,VOTE Agent[04]
4,talk,17,6,Over
4,talk,18,8,Skip
4,talk,19,1,Skip
4,whisper,4,5,Over
4,whisper,5,7,Over
4,talk,20,5,ESTIMATE Agent[13] MEDIUM
4,talk,21,15,ESTIMATE Agent[04] WEREWOLF
4,talk,22,14,Over
4,talk,23,11,Over
4,talk,24,1,VOTE Agent[08]
4,talk,25,6,Over
4,talk,26,13,Over
4,talk,27,7,Over
4,talk,28,2,ESTIMATE Agent[08] VILLAGER
4,talk,29,8,ESTIMATE Agent[01] SEER
4,whisper,6,7,Over
4,whisper,7,5,Over
4,talk,30,5,ESTIMATE Agent[13] MEDIUM
4,talk,31,14,Over
4,talk,32,1,Over
4,talk,33,8,VOTE Agent[14]
4,talk,34,13,Over
4,talk,35,6,Over
4,talk,36,15,ESTIMATE Agent[07] WEREWOLF
4,talk,37,7,Over
4,talk,38,11,Over
4,talk,39,2,ESTIMATE Agent[07] VILLAGER
4,whisper,8,5,Over
4,whisper,9,7,Over
4,talk,40,6,Over
4,talk,41,8,VOTE Agent[06]
4,talk,42,2,ESTIMATE Agent[11] VILLAGER
4,talk,43,5,ESTIMATE Agent[14] WEREWOLF
4,talk,44,11,Over
4,talk,45,15,Over
4,talk,46,14,Over
4,talk,47,13,Over
4,talk,48,1,Over
4,talk,49,7,Over
4,whisper,10,7,Over
4,whisper,11,5,Over
4,talk,50,6,Over
4,talk,51,8,Over
4,talk,52,2,ESTIMATE Agent[13] MEDIUM
4,talk,53,5,ESTIMATE Agent[11] WEREWOLF
4,talk,54,1,Over
4,talk,55,7,Over
4,talk,56,11,Over
4,talk,57,13,Over
4,talk,58,14,Over
4,talk,59,15,Over
4,whisper,12,7,Over
4,whisper,13,5,Over
4,talk,60,2,Skip
4,talk,61,5,ESTIMATE Agent[14] WEREWOLF
4,talk,62,6,Over
4,talk,63,8,VOTE Agent[11]
4,talk,64,1,Over
4,talk,65,7,Over
4,talk,66,11,Over
4,talk,67,13,Over
4,talk,68,14,Over
4,talk,69,15,Over
4,whisper,14,7,Over
4,whisper,15,5,Over
4,talk,70,2,Skip
4,talk,71,5,ESTIMATE Agent[08] VILLAGER
4,talk,72,8,VOTE Agent[06]
4,talk,73,6,Over
4,talk,74,1,Over
4,talk,75,7,Over
4,talk,76,11,Over
4,talk,77,13,Over
4,talk,78,14,Over
4,talk,79,15,Over
4,whisper,16,7,Over
4,whisper,17,5,Over
4,talk,80,8,VOTE Agent[15]
4,talk,81,2,Skip
4,talk,82,5,ESTIMATE Agent[08] VILLAGER
4,talk,83,1,Over
4,talk,84,6,Over
4,talk,85,7,Over
4,talk,86,11,Over
4,talk,87,13,Over
4,talk,88,14,Over
4,talk,89,15,Over
4,whisper,18,5,Over
4,whisper,19,7,Over
4,talk,90,5,ESTIMATE Agent[15] WEREWOLF
4,talk,91,2,Skip
4,talk,92,8,VOTE Agent[06]
4,talk,93,1,Over
4,talk,94,6,Over
4,talk,95,7,Over
4,talk,96,11,Over
4,talk,97,13,Over
4,talk,98,14,Over
4,talk,99,15,Over
4,whisper,20,7,Over
4,whisper,21,5,Over
4,vote,1,8
4,vote,2,8
4,vote,5,15
4,vote,6,2
4,vote,7,14
4,vote,8,6
4,vote,11,13
4,vote,13,2
4,vote,14,6
4,vote,15,7
4,divine,1,8,HUMAN
4,attackVote,5,1
4,attackVote,7,1
4,execute,6,VILLAGER
4,attack,1,true
5,status,1,SEER,DEAD,cash
5,status,2,VILLAGER,ALIVE,kSugar
5,status,3,VILLAGER,DEAD,haretaro
5,status,4,WEREWOLF,DEAD,Kanolab
5,status,5,WEREWOLF,ALIVE,wasabi
5,status,6,VILLAGER,DEAD,TOT
5,status,7,WEREWOLF,ALIVE,nakamura
5,status,8,VILLAGER,ALIVE,iace10442
5,status,9,VILLAGER,DEAD,tkAI
5,status,10,BODYGUARD,DEAD,NLwolf
5,status,11,VILLAGER,ALIVE,carlo
5,status,12,VILLAGER,DEAD,twn480
5,status,13,MEDIUM,ALIVE,KajiGod
5,status,14,POSSESSED,ALIVE,howls
5,status,15,VILLAGER,ALIVE,Udon
5,talk,0,5,ESTIMATE Agent[02] BODYGUARD
5,talk,1,14,DIVINED Agent[09] HUMAN
5,talk,2,11,VOTE Agent[04]
5,talk,3,13,INQUESTED Agent[06] HUMAN
5,talk,4,2,VOTE Agent[08]
5,talk,5,7,VOTE Agent[14]
5,talk,6,8,ESTIMATE Agent[14] SEER
5,talk,7,15,VOTE Agent[14]
5,whisper,0,5,Over
5,whisper,1,7,ATTACK Agent[08]
5,whisper,2,5,Over
5,whisper,3,7,Over
5,talk,8,15,ESTIMATE Agent[04] WEREWOLF
5,talk,9,7,Over
5,talk,10,11,Over
5,talk,11,5,ESTIMATE Agent[11] WEREWOLF
5,talk,12,2,VOTE Agent[13]
5,talk,13,14,Over
5,talk,14,8,Skip
5,talk,15,13,VOTE Agent[02]
5,whisper,4,7,Over
5,whisper,5,5,Over
5,talk,16,8,Skip
5,talk,17,15,ESTIMATE Agent[08] WEREWOLF
5,talk,18,7,Over
5,talk,19,13,Over
5,talk,20,11,Over
5,talk,21,14,Over
5,talk,22,5,ESTIMATE Agent[13] MEDIUM
5,talk,23,2,ESTIMATE Agent[05] WEREWOLF
5,whisper,6,7,Over
5,whisper,7,5,Over
5,talk,24,2,ESTIMATE Agent[07] WEREWOLF
5,talk,25,15,ESTIMATE Agent[14] WEREWOLF
5,talk,26,13,Over
5,talk,27,8,VOTE Agent[13]
5,talk,28,11,Over
5,talk,29,7,Over
5,talk,30,14,Over
5,talk,31,5,ESTIMATE Agent[02] BODYGUARD
5,whisper,8,5,Over
5,whisper,9,7,Over
5,talk,32,15,ESTIMATE Agent[13] MEDIUM
5,talk,33,11,Over
5,talk,34,2,ESTIMATE Agent[15] WEREWOLF
5,talk,35,14,Over
5,talk,36,5,ESTIMATE Agent[13] MEDIUM
5,talk,37,7,Over
5,talk,38,8,VOTE Agent[07]
5,talk,39,13,Over
5,whisper,10,5,Over
5,whisper,11,7,Over
5,talk,40,5,ESTIMATE Agent[14] WEREWOLF
5,talk,41,2,ESTIMATE Agent[01] WEREWOLF
5,talk,42,11,Over
5,talk,43,14,Over
5,talk,44,8,VOTE Agent[05]
5,talk,45,7,Over
5,talk,46,15,Over
5,talk,47,13,Over
5,whisper,12,7,Over
5,whisper,13,5,Over
5,talk,48,2,Skip
5,talk,49,8,VOTE Agent[07]
5,talk,50,5,ESTIMATE Agent[13] MEDIUM
5,talk,51,14,Over
5,talk,52,11,Over
5,talk,53,7,Over
5,talk,54,13,Over
5,talk,55,15,Over
5,whisper,14,7,Over
5,whisper,15,5,Over
5,talk,56,2,Skip
5,talk,57,5,ESTIMATE Agent[08] VILLAGER
5,talk,58,8,Over
5,talk,59,7,Over
5,talk,60,11,Over
5,talk,61,13,Over
5,talk,62,14,Over
5,talk,63,15,Over
5,whisper,16,7,Over
5,whisper,17,5,Over
5,talk,64,2,Skip
5,talk,65,5,ESTIMATE Agent[13] MEDIUM
5,talk,66,7,Over
5,talk,67,8,VOTE Agent[15]
5,talk,68,11,Over
5,talk,69,13,Over
5,talk,70,14,Over
5,talk,71,15,Over
5,whisper,18,5,Over
5,whisper,19,7,Over
5,talk,72,8,VOTE Agent[13]
5,talk,73,2,Skip
5,talk,74,7,Over
5,talk,75,5,ESTIMATE Agent[11] WEREWOLF
5,talk,76,11,Over
5,talk,77,13,Over
5,talk,78,14,Over
5,talk,79,15,Over
5,whisper,20,7,Over
5,whisper,21,5,Over
5,vote,2,13
5,vote,5,15
5,vote,7,14
5,vote,8,13
5,vote,11,15
5,vote,13,2
5,vote,14,15
5,vote,15,14
5,attackVote,5,13
5,attackVote,7,8
5,execute,15,VILLAGER
5,attack,8,true
6,status,1,SEER,DEAD,cash
6,status,2,VILLAGER,ALIVE,kSugar
6,status,3,VILLAGER,DEAD,haretaro
6,status,4,WEREWOLF,DEAD,Kanolab
6,status,5,WEREWOLF,ALIVE,wasabi
6,status,6,VILLAGER,DEAD,TOT
6,status,7,WEREWOLF,ALIVE,nakamura
6,status,8,VILLAGER,DEAD,iace10442
6,status,9,VILLAGER,DEAD,tkAI
6,status,10,BODYGUARD,DEAD,NLwolf
6,status,11,VILLAGER,ALIVE,carlo
6,status,12,VILLAGER,DEAD,twn480
6,status,13,MEDIUM,ALIVE,KajiGod
6,status,14,POSSESSED,ALIVE,howls
6,status,15,VILLAGER,DEAD,Udon
6,talk,0,13,INQUESTED Agent[15] HUMAN
6,talk,1,14,DIVINED Agent[05] HUMAN
6,talk,2,7,VOTE Agent[14]
6,talk,3,11,VOTE Agent[04]
6,talk,4,5,ESTIMATE Agent[11] WEREWOLF
6,talk,5,2,VOTE Agent[11]
6,whisper,0,5,Over
6,whisper,1,7,ATTACK Agent[11]
6,whisper,2,5,Over
6,whisper,3,7,Over
6,talk,6,5,ESTIMATE Agent[13] MEDIUM
6,talk,7,11,Over
6,talk,8,13,VOTE Agent[02]
6,talk,9,7,Over
6,talk,10,14,Over
6,talk,11,2,VOTE Agent[11]
6,whisper,4,5,Over
6,whisper,5,7,Over
6,talk,12,11,Over
6,talk,13,7,Over
6,talk,14,5,ESTIMATE Agent[11] WEREWOLF
6,talk,15,2,VOTE Agent[11]
6,talk,16,14,Over
6,talk,17,13,Over
6,whisper,6,7,Over
6,whisper,7,5,Over
6,talk,18,5,ESTIMATE Agent[07] WEREWOLF
6,talk,19,11,Over
6,talk,20,2,VOTE Agent[11]
6,talk,21,7,Over
6,talk,22,13,Over
6,talk,23,14,Over
6,whisper,8,5,Over
6,whisper,9,7,Over
6,talk,24,2,VOTE Agent[13]
6,talk,25,11,Over
6,talk,26,5,ESTIMATE Agent[11] WEREWOLF
6,talk,27,7,Over
6,talk,28,13,Over
6,talk,29,14,Over
6,whisper,10,5,Over
6,whisper,11,7,Over
6,talk,30,11,Over
6,talk,31,5,ESTIMATE Agent[02] BODYGUARD
6,talk,32,2,VOTE Agent[13]
6,talk,33,7,Over
6,talk,34,13,Over
6,talk,35,14,Over
6,whisper,12,5,Over
6,whisper,13,7,Over
6,talk,36,5,ESTIMATE Agent[13] MEDIUM
6,talk,37,2,VOTE Agent[13]
6,talk,38,11,Over
6,talk,39,7,Over
6,talk,40,13,Over
6,talk,41,14,Over
6,whisper,14,7,Over
6,whisper,15,5,Over
6,talk,42,2,VOTE Agent[13]
6,talk,43,5,ESTIMATE Agent[13] MEDIUM
6,talk,44,7,Over
6,talk,45,11,Over
6,talk,46,13,Over
6,talk,47,14,Over
6,whisper,16,7,Over
6,whisper,17,5,Over
6,talk,48,2,VOTE Agent[11]
6,talk,49,5,ESTIMATE Agent[13] MEDIUM
6,talk,50,7,Over
6,talk,51,11,Over
6,talk,52,13,Over
6,talk,53,14,Over
6,whisper,18,7,Over
6,whisper,19,5,Over
6,talk,54,2,VOTE Agent[11]
6,talk,55,5,ESTIMATE Agent[13] MEDIUM
6,talk,56,7,Over
6,talk,57,11,Over
6,talk,58,13,Over
6,talk,59,14,Over
6,whisper,20,5,Over
6,whisper,21,7,Over
6,vote,2,11
6,vote,5,11
6,vote,7,14
6,vote,11,2
6,vote,13,2
6,vote,14,5
6,attackVote,5,13
6,attackVote,7,11
6,execute,2,VILLAGER
6,attack,11,true
7,status,1,SEER,DEAD,cash
7,status,2,VILLAGER,DEAD,kSugar
7,status,3,VILLAGER,DEAD,haretaro
7,status,4,WEREWOLF,DEAD,Kanolab
7,status,5,WEREWOLF,ALIVE,wasabi
7,status,6,VILLAGER,DEAD,TOT
7,status,7,WEREWOLF,ALIVE,nakamura
7,status,8,VILLAGER,DEAD,iace10442
7,status,9,VILLAGER,DEAD,tkAI
7,status,10,BODYGUARD,DEAD,NLwolf
7,status,11,VILLAGER,DEAD,carlo
7,status,12,VILLAGER,DEAD,twn480
7,status,13,MEDIUM,ALIVE,KajiGod
7,status,14,POSSESSED,ALIVE,howls
7,status,15,VILLAGER,DEAD,Udon
7,result,2,2,WEREWOLF
