0,status,1,VILLAGER,ALIVE,cash
0,status,2,VILLAGER,ALIVE,kSugar
0,status,3,BODYGUARD,ALIVE,haretaro
0,status,4,VILLAGER,ALIVE,Kanolab
0,status,5,WEREWOLF,ALIVE,wasabi
0,status,6,MEDIUM,ALIVE,TOT
0,status,7,VILLAGER,ALIVE,nakamura
0,status,8,VILLAGER,ALIVE,iace10442
0,status,9,VILLAGER,ALIVE,tkAI
0,status,10,POSSESSED,ALIVE,NLwolf
0,status,11,VILLAGER,ALIVE,carlo
0,status,12,SEER,ALIVE,twn480
0,status,13,WEREWOLF,ALIVE,KajiGod
0,status,14,WEREWOLF,ALIVE,howls
0,status,15,VILLAGER,ALIVE,Udon
0,talk,0,6,Over
0,talk,1,9,Over
0,talk,2,7,ESTIMATE Agent[12] WEREWOLF
0,talk,3,2,COMINGOUT Agent[02] VILLAGER
0,talk,4,4,VOTE Agent[12]
0,talk,5,11,VOTE Agent[01]
0,talk,6,8,Skip
0,talk,7,3,Over
0,talk,8,1,VOTE Agent[02]
0,talk,9,12,COMINGOUT Agent[12] SEER
0,talk,10,5,ESTIMATE Agent[12] SEER
0,talk,11,15,VOTE Agent[02]
0,talk,12,10,Skip
0,talk,13,13,VOTE Agent[02]
0,talk,14,14,Over
0,whisper,0,14,Skip
0,whisper,1,5,Over
0,whisper,2,13,COMINGOUT Agent[13] MEDIUM
0,whisper,3,13,Over
0,whisper,4,14,Skip
0,whisper,5,5,Over
0,whisper,6,14,Skip
0,whisper,7,13,Over
0,whisper,8,5,Over
0,whisper,9,14,Skip
0,whisper,10,5,Over
0,whisper,11,13,Over
0,whisper,12,14,Skip
0,whisper,13,5,Over
0,whisper,14,13,Over
0,whisper,15,14,Skip
0,whisper,16,5,Over
0,whisper,17,13,Over
0,whisper,18,14,Skip
0,whisper,19,5,Over
0,whisper,20,13,Over
0,whisper,21,14,Skip
0,whisper,22,5,Over
0,whisper,23,13,Over
0,whisper,24,14,Skip
0,whisper,25,5,Over
0,whisper,26,13,Over
0,whisper,27,14,Skip
0,whisper,28,5,Over
0,whisper,29,13,Over
0,talk,15,12,Skip
0,talk,16,3,Over
0,talk,17,15,ESTIMATE Agent[03] WEREWOLF
0,talk,18,5,ESTIMATE Agent[12] SEER
0,talk,19,9,Over
0,talk,20,10,Skip
0,talk,21,7,VOTE Agent[12]
0,talk,22,13,Over
0,talk,23,11,Over
0,talk,24,8,ESTIMATE Agent[14] VILLAGER
0,talk,25,4,ESTIMATE Agent[12] SEER
0,talk,26,1,VOTE Agent[02]
0,talk,27,6,Over
0,talk,28,2,Skip
0,talk,29,14,Over
0,whisper,30,5,Over
0,whisper,31,13,Over
0,whisper,32,14,Skip
0,whisper,33,5,Over
0,whisper,34,13,Over
0,whisper,35,14,Skip
0,whisper,36,13,Over
0,whisper,37,14,Skip
0,whisper,38,5,Over
0,whisper,39,14,Skip
0,whisper,40,13,Over
0,whisper,41,5,Over
0,whisper,42,14,Skip
0,whisper,43,5,Over
0,whisper,44,13,Over
0,whisper,45,14,Skip
0,whisper,46,5,Over
0,whisper,47,13,Over
0,whisper,48,14,Skip
0,whisper,49,5,Over
0,whisper,50,13,Over
0,whisper,51,14,Skip
0,whisper,52,5,Over
0,whisper,53,13,Over
0,whisper,54,14,Skip
0,whisper,55,5,Over
0,whisper,56,13,Over
0,whisper,57,14,Skip
0,whisper,58,5,Over
0,whisper,59,13,Over
0,talk,30,6,Over
0,talk,31,3,Over
0,talk,32,5,ESTIMATE Agent[12] SEER
0,talk,33,2,ESTIMATE Agent[01] VILLAGER
0,talk,34,8,ESTIMATE Agent[01] VILLAGER
0,talk,35,12,Skip
0,talk,36,10,Skip
0,talk,37,9,Over
0,talk,38,11,Over
0,talk,39,7,Over
0,talk,40,13,Over
0,talk,41,1,Over
0,talk,42,4,ESTIMATE Agent[01] VILLAGER
0,talk,43,15,ESTIMATE Agent[04] WEREWOLF
0,talk,44,14,Over
0,whisper,60,13,Over
0,whisper,61,5,Over
0,whisper,62,14,Skip
0,whisper,63,5,Over
0,whisper,64,13,Over
0,whisper,65,14,Skip
0,whisper,66,14,Skip
0,whisper,67,13,Over
0,whisper,68,5,Over
0,whisper,69,14,Skip
0,whisper,70,5,Over
0,whisper,71,13,Over
0,whisper,72,14,Skip
0,whisper,73,5,Over
0,whisper,74,13,Over
0,whisper,75,14,Skip
0,whisper,76,5,Over
0,whisper,77,13,Over
0,whisper,78,14,Skip
0,whisper,79,5,Over
0,whisper,80,13,Over
0,whisper,81,14,Skip
0,whisper,82,5,Over
0,whisper,83,13,Over
0,whisper,84,14,Skip
0,whisper,85,5,Over
0,whisper,86,13,Over
0,whisper,87,14,Skip
0,whisper,88,5,Over
0,whisper,89,13,Over
0,talk,45,7,Over
0,talk,46,1,Over
0,talk,47,13,Over
0,talk,48,5,Skip
0,talk,49,8,VOTE Agent[12]
0,talk,50,2,Skip
0,talk,51,12,Skip
0,talk,52,4,Over
0,talk,53,6,Over
0,talk,54,11,Over
0,talk,55,3,Over
0,talk,56,10,Skip
0,talk,57,15,ESTIMATE Agent[09] WEREWOLF
0,talk,58,9,Over
0,talk,59,14,Over
0,whisper,90,14,Skip
0,whisper,91,13,Over
0,whisper,92,5,Over
0,whisper,93,14,Skip
0,whisper,94,5,Over
0,whisper,95,13,Over
0,whisper,96,14,Skip
0,whisper,97,5,Over
0,whisper,98,13,Over
0,whisper,99,14,Skip
0,whisper,100,5,Over
0,whisper,101,13,Over
0,whisper,102,14,Skip
0,whisper,103,5,Over
0,whisper,104,13,Over
0,whisper,105,14,Skip
0,whisper,106,5,Over
0,whisper,107,13,Over
0,whisper,108,14,Skip
0,whisper,109,5,Over
0,whisper,110,13,Over
0,whisper,111,14,Skip
0,whisper,112,5,Over
0,whisper,113,13,Over
0,whisper,114,14,Skip
0,whisper,115,5,Over
0,whisper,116,13,Over
0,whisper,117,14,Skip
0,whisper,118,5,Over
0,whisper,119,13,Over
0,talk,60,12,Skip
0,talk,61,6,Over
0,talk,62,11,Over
0,talk,63,3,Over
0,talk,64,8,Over
0,talk,65,15,ESTIMATE Agent[12] SEER
0,talk,66,5,ESTIMATE Agent[12] SEER
0,talk,67,13,Over
0,talk,68,7,Over
0,talk,69,4,Over
0,talk,70,10,Skip
0,talk,71,2,ESTIMATE Agent[01] VILLAGER
0,talk,72,1,Over
0,talk,73,9,Over
0,talk,74,14,Over
0,whisper,120,14,Skip
0,whisper,121,5,Over
0,whisper,122,13,Over
0,whisper,123,14,Skip
0,whisper,124,5,Over
0,whisper,125,13,Over
0,whisper,126,14,Skip
0,whisper,127,5,Over
0,whisper,128,13,Over
0,whisper,129,14,Skip
0,whisper,130,5,Over
0,whisper,131,13,Over
0,whisper,132,14,Skip
0,whisper,133,5,Over
0,whisper,134,13,Over
0,whisper,135,14,Skip
0,whisper,136,5,Over
0,whisper,137,13,Over
0,whisper,138,14,Skip
0,whisper,139,5,Over
0,whisper,140,13,Over
0,whisper,141,14,Skip
0,whisper,142,5,Over
0,whisper,143,13,Over
0,whisper,144,14,Skip
0,whisper,145,5,Over
0,whisper,146,13,Over
0,whisper,147,14,Skip
0,whisper,148,5,Over
0,whisper,149,13,Over
0,talk,75,11,Over
0,talk,76,5,ESTIMATE Agent[12] SEER
0,talk,77,12,Skip
0,talk,78,4,Over
0,talk,79,3,Over
0,talk,80,2,Skip
0,talk,81,7,Over
0,talk,82,6,Over
0,talk,83,8,VOTE Agent[14]
0,talk,84,10,Skip
0,talk,85,13,Over
0,talk,86,15,Over
0,talk,87,1,Over
0,talk,88,9,Over
0,talk,89,14,Over
0,whisper,150,14,Skip
0,whisper,151,13,Over
0,whisper,152,5,Over
0,whisper,153,14,Skip
0,whisper,154,5,Over
0,whisper,155,13,Over
0,whisper,156,14,Skip
0,whisper,157,5,Over
0,whisper,158,13,Over
0,whisper,159,14,Skip
0,whisper,160,5,Over
0,whisper,161,13,Over
0,whisper,162,14,Skip
0,whisper,163,5,Over
0,whisper,164,13,Over
0,whisper,165,14,Skip
0,whisper,166,5,Over
0,whisper,167,13,Over
0,whisper,168,14,Skip
0,whisper,169,5,Over
0,whisper,170,13,Over
0,whisper,171,14,Skip
0,whisper,172,5,Over
0,whisper,173,13,Over
0,whisper,174,14,Skip
0,whisper,175,5,Over
0,whisper,176,13,Over
0,whisper,177,14,Skip
0,whisper,178,5,Over
0,whisper,179,13,Over
0,talk,90,4,Over
0,talk,91,10,Skip
0,talk,92,2,ESTIMATE Agent[03] VILLAGER
0,talk,93,11,Over
0,talk,94,8,VOTE Agent[06]
0,talk,95,12,Skip
0,talk,96,3,Over
0,talk,97,7,Over
0,talk,98,5,ESTIMATE Agent[12] SEER
0,talk,99,6,Over
0,talk,100,1,Over
0,talk,101,9,Over
0,talk,102,13,Over
0,talk,103,14,Over
0,talk,104,15,Over
0,whisper,180,5,Over
0,whisper,181,13,Over
0,whisper,182,14,Skip
0,whisper,183,13,Over
0,whisper,184,14,Skip
0,whisper,185,5,Over
0,whisper,186,14,Skip
0,whisper,187,13,Over
0,whisper,188,5,Over
0,whisper,189,14,Skip
0,whisper,190,5,Over
0,whisper,191,13,Over
0,whisper,192,14,Skip
0,whisper,193,5,Over
0,whisper,194,13,Over
0,whisper,195,14,Skip
0,whisper,196,5,Over
0,whisper,197,13,Over
0,whisper,198,14,Skip
0,whisper,199,5,Over
0,whisper,200,13,Over
0,whisper,201,14,Skip
0,whisper,202,5,Over
0,whisper,203,13,Over
0,whisper,204,14,Skip
0,whisper,205,5,Over
0,whisper,206,13,Over
0,whisper,207,14,Skip
0,whisper,208,5,Over
0,whisper,209,13,Over
0,talk,105,3,Over
0,talk,106,12,Skip
0,talk,107,5,Skip
0,talk,108,8,Over
0,talk,109,11,Over
0,talk,110,10,Skip
0,talk,111,7,Over
0,talk,112,2,Skip
0,talk,113,4,Over
0,talk,114,1,Over
0,talk,115,6,Over
0,talk,116,9,Over
0,talk,117,13,Over
0,talk,118,14,Over
0,talk,119,15,Over
0,whisper,210,13,Over
0,whisper,211,14,Skip
0,whisper,212,5,Over
0,whisper,213,14,Skip
0,whisper,214,13,Over
0,whisper,215,5,Over
0,whisper,216,14,Skip
0,whisper,217,5,Over
0,whisper,218,13,Over
0,whisper,219,14,Skip
0,whisper,220,5,Over
0,whisper,221,13,Over
0,whisper,222,14,Skip
0,whisper,223,5,Over
0,whisper,224,13,Over
0,whisper,225,14,Skip
0,whisper,226,5,Over
0,whisper,227,13,Over
0,whisper,228,14,Skip
0,whisper,229,5,Over
0,whisper,230,13,Over
0,whisper,231,14,Skip
0,whisper,232,5,Over
0,whisper,233,13,Over
0,whisper,234,14,Skip
0,whisper,235,5,Over
0,whisper,236,13,Over
0,whisper,237,14,Skip
0,whisper,238,5,Over
0,whisper,239,13,Over
0,talk,120,7,Over
0,talk,121,11,Over
0,talk,122,3,Over
0,talk,123,5,ESTIMATE Agent[12] SEER
0,talk,124,12,Skip
0,talk,125,8,VOTE Agent[02]
0,talk,126,2,ESTIMATE Agent[04] VILLAGER
0,talk,127,10,Skip
0,talk,128,1,Over
0,talk,129,4,Over
0,talk,130,6,Over
0,talk,131,9,Over
0,talk,132,13,Over
0,talk,133,14,Over
0,talk,134,15,Over
0,whisper,240,13,Over
0,whisper,241,14,Skip
0,whisper,242,5,Over
0,whisper,243,13,Over
0,whisper,244,14,Skip
0,whisper,245,5,Over
0,whisper,246,13,Over
0,whisper,247,14,Skip
0,whisper,248,5,Over
0,whisper,249,13,Over
0,whisper,250,14,Skip
0,whisper,251,5,Over
0,whisper,252,14,Skip
0,whisper,253,13,Over
0,whisper,254,5,Over
0,whisper,255,14,Skip
0,whisper,256,5,Over
0,whisper,257,13,Over
0,whisper,258,14,Skip
0,whisper,259,5,Over
0,whisper,260,13,Over
0,whisper,261,14,Skip
0,whisper,262,5,Over
0,whisper,263,13,Over
0,whisper,264,14,Skip
0,whisper,265,5,Over
0,whisper,266,13,Over
0,whisper,267,14,Skip
0,whisper,268,5,Over
0,whisper,269,13,Over
0,talk,135,12,Skip
0,talk,136,3,Over
0,talk,137,2,Skip
0,talk,138,8,VOTE Agent[04]
0,talk,139,5,ESTIMATE Agent[12] SEER
0,talk,140,10,Skip
0,talk,141,7,Over
0,talk,142,11,Over
0,talk,143,1,Over
0,talk,144,4,Over
0,talk,145,6,Over
0,talk,146,9,Over
0,talk,147,13,Over
0,talk,148,14,Over
0,talk,149,15,Over
0,whisper,270,14,Skip
0,whisper,271,13,Over
0,whisper,272,5,Over
0,whisper,273,14,Skip
0,whisper,274,5,Over
0,whisper,275,13,Over
0,whisper,276,14,Skip
0,whisper,277,5,Over
0,whisper,278,13,Over
0,whisper,279,14,Skip
0,whisper,280,5,Over
0,whisper,281,13,Over
0,whisper,282,14,Skip
0,whisper,283,5,Over
0,whisper,284,13,Over
0,whisper,285,14,Skip
0,whisper,286,5,Over
0,whisper,287,13,Over
0,whisper,288,14,Skip
0,whisper,289,5,Over
0,whisper,290,13,Over
0,whisper,291,14,Skip
0,whisper,292,5,Over
0,whisper,293,13,Over
0,whisper,294,14,Skip
0,whisper,295,5,Over
0,whisper,296,13,Over
0,whisper,297,14,Skip
0,whisper,298,5,Over
0,whisper,299,13,Over
0,divine,12,15,HUMAN
1,status,1,VILLAGER,ALIVE,cash
1,status,2,VILLAGER,ALIVE,kSugar
1,status,3,BODYGUARD,ALIVE,haretaro
1,status,4,VILLAGER,ALIVE,Kanolab
1,status,5,WEREWOLF,ALIVE,wasabi
1,status,6,MEDIUM,ALIVE,TOT
1,status,7,VILLAGER,ALIVE,nakamura
1,status,8,VILLAGER,ALIVE,iace10442
1,status,9,VILLAGER,ALIVE,tkAI
1,status,10,POSSESSED,ALIVE,NLwolf
1,status,11,VILLAGER,ALIVE,carlo
1,status,12,SEER,ALIVE,twn480
1,status,13,WEREWOLF,ALIVE,KajiGod
1,status,14,WEREWOLF,ALIVE,howls
1,status,15,VILLAGER,ALIVE,Udon
1,talk,0,9,Over
1,talk,1,11,VOTE Agent[01]
1,talk,2,14,Over
1,talk,3,7,ESTIMATE Agent[13] WEREWOLF
1,talk,4,13,VOTE Agent[01]
1,talk,5,6,VOTE Agent[03]
1,talk,6,12,DIVINED Agent[15] HUMAN
1,talk,7,5,Skip
1,talk,8,10,DIVINED Agent[03] HUMAN
1,talk,9,15,VOTE Agent[02]
1,talk,10,1,Skip
1,talk,11,2,VOTE Agent[14]
1,talk,12,3,VOTE Agent[09]
1,talk,13,8,Skip
1,talk,14,4,VOTE Agent[12]
1,whisper,0,14,Skip
1,whisper,1,5,Over
1,whisper,2,13,Over
1,whisper,3,14,Skip
1,whisper,4,5,Over
1,whisper,5,13,Over
1,whisper,6,14,Skip
1,whisper,7,5,Over
1,whisper,8,13,Over
1,whisper,9,14,Skip
1,whisper,10,5,Over
1,whisper,11,13,Over
1,whisper,12,14,Skip
1,whisper,13,5,Over
1,whisper,14,13,Over
1,whisper,15,14,Skip
1,whisper,16,5,Over
1,whisper,17,13,Over
1,whisper,18,14,Skip
1,whisper,19,5,Over
1,whisper,20,13,Over
1,whisper,21,14,Skip
1,whisper,22,5,Over
1,whisper,23,13,Over
1,whisper,24,14,Skip
1,whisper,25,5,Over
1,whisper,26,13,Over
1,whisper,27,14,Skip
1,whisper,28,5,Over
1,whisper,29,13,Over
1,talk,15,4,VOTE Agent[10]
1,talk,16,8,Skip
1,talk,17,7,VOTE Agent[13]
1,talk,18,11,Over
1,talk,19,3,VOTE Agent[01]
1,talk,20,2,VOTE Agent[09]
1,talk,21,1,VOTE Agent[02]
1,talk,22,13,Over
1,talk,23,9,Over
1,talk,24,12,Skip
1,talk,25,14,Over
1,talk,26,10,Skip
1,talk,27,5,ESTIMATE Agent[12] SEER
1,talk,28,6,Over
1,talk,29,15,ESTIMATE Agent[03] WEREWOLF
1,whisper,30,5,Over
1,whisper,31,13,Over
1,whisper,32,14,Skip
1,whisper,33,13,Over
1,whisper,34,14,Skip
1,whisper,35,5,Over
1,whisper,36,13,Over
1,whisper,37,14,Skip
1,whisper,38,5,Over
1,whisper,39,14,Skip
1,whisper,40,13,Over
1,whisper,41,5,Over
1,whisper,42,14,Skip
1,whisper,43,5,Over
1,whisper,44,13,Over
1,whisper,45,14,Skip
1,whisper,46,5,Over
1,whisper,47,13,Over
1,whisper,48,14,Skip
1,whisper,49,5,Over
1,whisper,50,13,Over
1,whisper,51,14,Skip
1,whisper,52,5,Over
1,whisper,53,13,Over
1,whisper,54,14,Skip
1,whisper,55,5,Over
1,whisper,56,13,Over
1,whisper,57,14,Skip
1,whisper,58,5,Over
1,whisper,59,13,Over
1,talk,30,11,Over
1,talk,31,2,ESTIMATE Agent[03] VILLAGER
1,talk,32,7,Over
1,talk,33,14,Over
1,talk,34,6,Over
1,talk,35,3,Skip
1,talk,36,12,Skip
1,talk,37,9,Over
1,talk,38,15,ESTIMATE Agent[04] WEREWOLF
1,talk,39,4,ESTIMATE Agent[12] SEER
1,talk,40,8,Skip
1,talk,41,10,Skip
1,talk,42,1,Over
1,talk,43,13,Over
1,talk,44,5,ESTIMATE Agent[15] VILLAGER
1,whisper,60,13,Over
1,whisper,61,5,Over
1,whisper,62,14,Skip
1,whisper,63,5,Over
1,whisper,64,14,Skip
1,whisper,65,13,Over
1,whisper,66,14,Skip
1,whisper,67,5,Over
1,whisper,68,13,Over
1,whisper,69,14,Skip
1,whisper,70,5,Over
1,whisper,71,13,Over
1,whisper,72,14,Skip
1,whisper,73,5,Over
1,whisper,74,13,Over
1,whisper,75,14,Skip
1,whisper,76,5,Over
1,whisper,77,13,Over
1,whisper,78,14,Skip
1,whisper,79,5,Over
1,whisper,80,13,Over
1,whisper,81,14,Skip
1,whisper,82,5,Over
1,whisper,83,13,Over
1,whisper,84,14,Skip
1,whisper,85,5,Over
1,whisper,86,13,Over
1,whisper,87,14,Skip
1,whisper,88,5,Over
1,whisper,89,13,Over
1,talk,45,7,Over
1,talk,46,15,ESTIMATE Agent[10] WEREWOLF
1,talk,47,5,ESTIMATE Agent[13] WEREWOLF
1,talk,48,11,Over
1,talk,49,12,Skip
1,talk,50,4,VOTE Agent[09]
1,talk,51,10,Skip
1,talk,52,6,Over
1,talk,53,8,VOTE Agent[02]
1,talk,54,14,Over
1,talk,55,1,Over
1,talk,56,3,VOTE Agent[02]
1,talk,57,13,Over
1,talk,58,9,Over
1,talk,59,2,COMINGOUT Agent[02] BODYGUARD
1,whisper,90,5,Over
1,whisper,91,13,Over
1,whisper,92,14,Skip
1,whisper,93,5,Over
1,whisper,94,13,Over
1,whisper,95,14,Skip
1,whisper,96,14,Skip
1,whisper,97,13,Over
1,whisper,98,5,Over
1,whisper,99,14,Skip
1,whisper,100,5,Over
1,whisper,101,13,Over
1,whisper,102,14,Skip
1,whisper,103,5,Over
1,whisper,104,13,Over
1,whisper,105,14,Skip
1,whisper,106,5,Over
1,whisper,107,13,Over
1,whisper,108,14,Skip
1,whisper,109,5,Over
1,whisper,110,13,Over
1,whisper,111,14,Skip
1,whisper,112,5,Over
1,whisper,113,13,Over
1,whisper,114,14,Skip
1,whisper,115,5,Over
1,whisper,116,13,Over
1,whisper,117,14,Skip
1,whisper,118,5,Over
1,whisper,119,13,Over
1,talk,60,13,Over
1,talk,61,8,VOTE Agent[04]
1,talk,62,2,ESTIMATE Agent[04] VILLAGER
1,talk,63,5,Skip
1,talk,64,11,Over
1,talk,65,4,VOTE Agent[02]
1,talk,66,7,Over
1,talk,67,1,VOTE Agent[04]
1,talk,68,3,VOTE Agent[01]
1,talk,69,15,VOTE Agent[04]
1,talk,70,12,Skip
1,talk,71,14,Over
1,talk,72,9,Over
1,talk,73,10,Skip
1,talk,74,6,Over
1,whisper,120,5,Over
1,whisper,121,14,Skip
1,whisper,122,13,Over
1,whisper,123,5,Over
1,whisper,124,14,Skip
1,whisper,125,13,Over
1,whisper,126,5,Over
1,whisper,127,14,Skip
1,whisper,128,13,Over
1,whisper,129,5,Over
1,whisper,130,14,Skip
1,whisper,131,13,Over
1,whisper,132,14,Skip
1,whisper,133,5,Over
1,whisper,134,13,Over
1,whisper,135,14,Skip
1,whisper,136,5,Over
1,whisper,137,13,Over
1,whisper,138,14,Skip
1,whisper,139,5,Over
1,whisper,140,13,Over
1,whisper,141,14,Skip
1,whisper,142,5,Over
1,whisper,143,13,Over
1,whisper,144,14,Skip
1,whisper,145,5,Over
1,whisper,146,13,Over
1,whisper,147,14,Skip
1,whisper,148,5,Over
1,whisper,149,13,Over
1,talk,75,13,Over
1,talk,76,10,Skip
1,talk,77,14,Over
1,talk,78,4,VOTE Agent[11]
1,talk,79,9,Over
1,talk,80,2,ESTIMATE Agent[05] VILLAGER
1,talk,81,1,Over
1,talk,82,12,Skip
1,talk,83,15,Over
1,talk,84,5,ESTIMATE Agent[03] WEREWOLF
1,talk,85,8,VOTE Agent[15]
1,talk,86,11,Over
1,talk,87,3,Skip
1,talk,88,7,Over
1,talk,89,6,Over
1,whisper,150,13,Over
1,whisper,151,14,Skip
1,whisper,152,5,Over
1,whisper,153,14,Skip
1,whisper,154,13,Over
1,whisper,155,5,Over
1,whisper,156,14,Skip
1,whisper,157,5,Over
1,whisper,158,13,Over
1,whisper,159,14,Skip
1,whisper,160,5,Over
1,whisper,161,13,Over
1,whisper,162,14,Skip
1,whisper,163,5,Over
1,whisper,164,13,Over
1,whisper,165,14,Skip
1,whisper,166,5,Over
1,whisper,167,13,Over
1,whisper,168,14,Skip
1,whisper,169,5,Over
1,whisper,170,13,Over
1,whisper,171,14,Skip
1,whisper,172,5,Over
1,whisper,173,13,Over
1,whisper,174,14,Skip
1,whisper,175,5,Over
1,whisper,176,13,Over
1,whisper,177,14,Skip
1,whisper,178,5,Over
1,whisper,179,13,Over
1,talk,90,8,Over
1,talk,91,5,Skip
1,talk,92,4,VOTE Agent[07]
1,talk,93,14,Over
1,talk,94,12,Skip
1,talk,95,9,Over
1,talk,96,2,VOTE Agent[01]
1,talk,97,11,Over
1,talk,98,1,Over
1,talk,99,15,Over
1,talk,100,13,Over
1,talk,101,3,Skip
1,talk,102,10,Skip
1,talk,103,6,Over
1,talk,104,7,Over
1,whisper,180,13,Over
1,whisper,181,14,Skip
1,whisper,182,5,Over
1,whisper,183,14,Skip
1,whisper,184,13,Over
1,whisper,185,5,Over
1,whisper,186,14,Skip
1,whisper,187,5,Over
1,whisper,188,13,Over
1,whisper,189,14,Skip
1,whisper,190,5,Over
1,whisper,191,13,Over
1,whisper,192,14,Skip
1,whisper,193,5,Over
1,whisper,194,13,Over
1,whisper,195,14,Skip
1,whisper,196,5,Over
1,whisper,197,13,Over
1,whisper,198,14,Skip
1,whisper,199,5,Over
1,whisper,200,13,Over
1,whisper,201,14,Skip
1,whisper,202,5,Over
1,whisper,203,13,Over
1,whisper,204,14,Skip
1,whisper,205,5,Over
1,whisper,206,13,Over
1,whisper,207,14,Skip
1,whisper,208,5,Over
1,whisper,209,13,Over
1,talk,105,2,Skip
1,talk,106,12,Skip
1,talk,107,11,Over
1,talk,108,5,ESTIMATE Agent[12] SEER
1,talk,109,15,Over
1,talk,110,13,Over
1,talk,111,8,VOTE Agent[11]
1,talk,112,9,Over
1,talk,113,1,Over
1,talk,114,4,ESTIMATE Agent[01] VILLAGER
1,talk,115,14,Over
1,talk,116,10,Skip
1,talk,117,3,Skip
1,talk,118,6,Over
1,talk,119,7,Over
1,whisper,210,13,Over
1,whisper,211,14,Skip
1,whisper,212,5,Over
1,whisper,213,14,Skip
1,whisper,214,13,Over
1,whisper,215,5,Over
1,whisper,216,14,Skip
1,whisper,217,5,Over
1,whisper,218,13,Over
1,whisper,219,14,Skip
1,whisper,220,5,Over
1,whisper,221,13,Over
1,whisper,222,14,Skip
1,whisper,223,5,Over
1,whisper,224,13,Over
1,whisper,225,14,Skip
1,whisper,226,5,Over
1,whisper,227,13,Over
1,whisper,228,14,Skip
1,whisper,229,5,Over
1,whisper,230,13,Over
1,whisper,231,14,Skip
1,whisper,232,5,Over
1,whisper,233,13,Over
1,whisper,234,14,Skip
1,whisper,235,5,Over
1,whisper,236,13,Over
1,whisper,237,14,Skip
1,whisper,238,5,Over
1,whisper,239,13,Over
1,talk,120,2,Skip
1,talk,121,12,Skip
1,talk,122,1,Over
1,talk,123,5,ESTIMATE Agent[15] VILLAGER
1,talk,124,14,Over
1,talk,125,10,Skip
1,talk,126,3,Skip
1,talk,127,11,Over
1,talk,128,13,Over
1,talk,129,8,VOTE Agent[14]
1,talk,130,9,Over
1,talk,131,15,Over
1,talk,132,4,VOTE Agent[01]
1,talk,133,6,Over
1,talk,134,7,Over
1,whisper,240,13,Over
1,whisper,241,14,Skip
1,whisper,242,5,Over
1,whisper,243,14,Skip
1,whisper,244,13,Over
1,whisper,245,5,Over
1,whisper,246,14,Skip
1,whisper,247,5,Over
1,whisper,248,13,Over
1,whisper,249,14,Skip
1,whisper,250,5,Over
1,whisper,251,13,Over
1,whisper,252,14,Skip
1,whisper,253,5,Over
1,whisper,254,13,Over
1,whisper,255,14,Skip
1,whisper,256,5,Over
1,whisper,257,13,Over
1,whisper,258,14,Skip
1,whisper,259,5,Over
1,whisper,260,13,Over
1,whisper,261,14,Skip
1,whisper,262,5,Over
1,whisper,263,13,Over
1,whisper,264,14,Skip
1,whisper,265,5,Over
1,whisper,266,13,Over
1,whisper,267,14,Skip
1,whisper,268,5,Over
1,whisper,269,13,Over
1,talk,135,14,Over
1,talk,136,12,Skip
1,talk,137,13,Over
1,talk,138,2,Skip
1,talk,139,3,Skip
1,talk,140,1,Over
1,talk,141,15,Over
1,talk,142,4,VOTE Agent[04]
1,talk,143,8,VOTE Agent[02]
1,talk,144,10,Skip
1,talk,145,11,Over
1,talk,146,5,ESTIMATE Agent[12] SEER
1,talk,147,9,Over
1,talk,148,6,Over
1,talk,149,7,Over
1,whisper,270,5,Over
1,whisper,271,13,Over
1,whisper,272,14,Skip
1,whisper,273,14,Skip
1,whisper,274,13,Over
1,whisper,275,5,Over
1,whisper,276,14,Skip
1,whisper,277,5,Over
1,whisper,278,13,Over
1,whisper,279,14,Skip
1,whisper,280,5,Over
1,whisper,281,13,Over
1,whisper,282,14,Skip
1,whisper,283,5,Over
1,whisper,284,13,Over
1,whisper,285,14,Skip
1,whisper,286,5,Over
1,whisper,287,13,Over
1,whisper,288,14,Skip
1,whisper,289,5,Over
1,whisper,290,13,Over
1,whisper,291,14,Skip
1,whisper,292,5,Over
1,whisper,293,13,Over
1,whisper,294,14,Skip
1,whisper,295,5,Over
1,whisper,296,13,Over
1,whisper,297,14,Skip
1,whisper,298,5,Over
1,whisper,299,13,Over
1,vote,1,4
1,vote,2,1
1,vote,3,1
1,vote,4,5
1,vote,5,7
1,vote,6,3
1,vote,7,13
1,vote,8,2
1,vote,9,3
1,vote,10,7
1,vote,11,1
1,vote,12,11
1,vote,13,1
1,vote,14,6
1,vote,15,4
1,divine,12,6,HUMAN
1,guard,3,12,SEER
1,attackVote,5,12
1,attackVote,13,12
1,attackVote,14,2
1,execute,1,VILLAGER
1,attack,12,false
2,status,1,VILLAGER,DEAD,cash
2,status,2,VILLAGER,ALIVE,kSugar
2,status,3,BODYGUARD,ALIVE,haretaro
2,status,4,VILLAGER,ALIVE,Kanolab
2,status,5,WEREWOLF,ALIVE,wasabi
2,status,6,MEDIUM,ALIVE,TOT
2,status,7,VILLAGER,ALIVE,nakamura
2,status,8,VILLAGER,ALIVE,iace10442
2,status,9,VILLAGER,ALIVE,tkAI
2,status,10,POSSESSED,ALIVE,NLwolf
2,status,11,VILLAGER,ALIVE,carlo
2,status,12,SEER,ALIVE,twn480
2,status,13,WEREWOLF,ALIVE,KajiGod
2,status,14,WEREWOLF,ALIVE,howls
2,status,15,VILLAGER,ALIVE,Udon
2,talk,0,4,VOTE Agent[10]
2,talk,1,2,VOTE Agent[06]
2,talk,2,12,DIVINED Agent[06] HUMAN
2,talk,3,7,ESTIMATE Agent[13] WEREWOLF
2,talk,4,10,DIVINED Agent[09] HUMAN
2,talk,5,13,VOTE Agent[02]
2,talk,6,6,COMINGOUT Agent[06] MEDIUM
2,talk,7,8,Skip
2,talk,8,5,ESTIMATE Agent[12] SEER
2,talk,9,15,VOTE Agent[11]
2,talk,10,9,Over
2,talk,11,3,VOTE Agent[09]
2,talk,12,11,VOTE Agent[04]
2,talk,13,14,Over
2,whisper,0,5,Over
2,whisper,1,14,Skip
2,whisper,2,13,INQUESTED Agent[01] HUMAN
2,whisper,3,13,Over
2,whisper,4,14,Skip
2,whisper,5,5,Over
2,whisper,6,13,Over
2,whisper,7,14,Skip
2,whisper,8,5,Over
2,whisper,9,14,Skip
2,whisper,10,13,Over
2,whisper,11,5,Over
2,whisper,12,14,Skip
2,whisper,13,5,Over
2,whisper,14,13,Over
2,whisper,15,14,Skip
2,whisper,16,5,Over
2,whisper,17,13,Over
2,whisper,18,14,Skip
2,whisper,19,5,Over
2,whisper,20,13,Over
2,whisper,21,14,Skip
2,whisper,22,5,Over
2,whisper,23,13,Over
2,whisper,24,14,Skip
2,whisper,25,5,Over
2,whisper,26,13,Over
2,whisper,27,14,Skip
2,whisper,28,5,Over
2,whisper,29,13,Over
2,talk,14,6,INQUESTED Agent[01] HUMAN
2,talk,15,12,Skip
2,talk,16,2,VOTE Agent[15]
2,talk,17,10,Skip
2,talk,18,15,ESTIMATE Agent[02] WEREWOLF
2,talk,19,3,VOTE Agent[02]
2,talk,20,9,Over
2,talk,21,13,COMINGOUT Agent[13] MEDIUM
2,talk,22,11,Over
2,talk,23,8,Skip
2,talk,24,7,VOTE Agent[13]
2,talk,25,4,ESTIMATE Agent[12] SEER
2,talk,26,5,ESTIMATE Agent[06] MEDIUM
2,talk,27,14,Over
2,whisper,30,13,Over
2,whisper,31,14,Skip
2,whisper,32,5,Over
2,whisper,33,14,Skip
2,whisper,34,13,Over
2,whisper,35,5,Over
2,whisper,36,14,Skip
2,whisper,37,5,Over
2,whisper,38,13,Over
2,whisper,39,14,Skip
2,whisper,40,5,Over
2,whisper,41,13,Over
2,whisper,42,14,Skip
2,whisper,43,5,Over
2,whisper,44,13,Over
2,whisper,45,14,Skip
2,whisper,46,5,Over
2,whisper,47,13,Over
2,whisper,48,14,Skip
2,whisper,49,5,Over
2,whisper,50,13,Over
2,whisper,51,14,Skip
2,whisper,52,5,Over
2,whisper,53,13,Over
2,whisper,54,14,Skip
2,whisper,55,5,Over
2,whisper,56,13,Over
2,whisper,57,14,Skip
2,whisper,58,5,Over
2,whisper,59,13,Over
2,talk,28,3,VOTE Agent[13]
2,talk,29,5,ESTIMATE Agent[12] SEER
2,talk,30,15,ESTIMATE Agent[03] WEREWOLF
2,talk,31,12,Skip
2,talk,32,13,DIVINED Agent[01] HUMAN
2,talk,33,2,ESTIMATE Agent[03] VILLAGER
2,talk,34,9,Over
2,talk,35,10,Skip
2,talk,36,4,VOTE Agent[09]
2,talk,37,8,Skip
2,talk,38,11,Over
2,talk,39,7,Over
2,talk,40,6,ESTIMATE Agent[12] SEER
2,talk,41,14,Over
2,whisper,60,5,Over
2,whisper,61,14,Skip
2,whisper,62,13,Over
2,whisper,63,14,Skip
2,whisper,64,5,Over
2,whisper,65,13,Over
2,whisper,66,14,Skip
2,whisper,67,5,Over
2,whisper,68,13,Over
2,whisper,69,14,Skip
2,whisper,70,5,Over
2,whisper,71,13,Over
2,whisper,72,14,Skip
2,whisper,73,5,Over
2,whisper,74,13,Over
2,whisper,75,14,Skip
2,whisper,76,5,Over
2,whisper,77,13,Over
2,whisper,78,14,Skip
2,whisper,79,5,Over
2,whisper,80,13,Over
2,whisper,81,14,Skip
2,whisper,82,5,Over
2,whisper,83,13,Over
2,whisper,84,14,Skip
2,whisper,85,5,Over
2,whisper,86,13,Over
2,whisper,87,14,Skip
2,whisper,88,5,Over
2,whisper,89,13,Over
2,talk,42,7,Over
2,talk,43,9,Over
2,talk,44,12,Skip
2,talk,45,15,ESTIMATE Agent[10] WEREWOLF
2,talk,46,3,Skip
2,talk,47,10,Skip
2,talk,48,8,VOTE Agent[02]
2,talk,49,11,Over
2,talk,50,6,ESTIMATE Agent[13] WEREWOLF
2,talk,51,5,ESTIMATE Agent[06] MEDIUM
2,talk,52,4,VOTE Agent[02]
2,talk,53,13,Over
2,talk,54,2,ESTIMATE Agent[06] MEDIUM
2,talk,55,14,Over
2,whisper,90,5,Over
2,whisper,91,13,Over
2,whisper,92,14,Skip
2,whisper,93,5,Over
2,whisper,94,13,Over
2,whisper,95,14,Skip
2,whisper,96,13,Over
2,whisper,97,14,Skip
2,whisper,98,5,Over
2,whisper,99,14,Skip
2,whisper,100,13,Over
2,whisper,101,5,Over
2,whisper,102,14,Skip
2,whisper,103,5,Over
2,whisper,104,13,Over
2,whisper,105,14,Skip
2,whisper,106,5,Over
2,whisper,107,13,Over
2,whisper,108,14,Skip
2,whisper,109,5,Over
2,whisper,110,13,Over
2,whisper,111,14,Skip
2,whisper,112,5,Over
2,whisper,113,13,Over
2,whisper,114,14,Skip
2,whisper,115,5,Over
2,whisper,116,13,Over
2,whisper,117,14,Skip
2,whisper,118,5,Over
2,whisper,119,13,Over
2,talk,56,12,Skip
2,talk,57,13,Over
2,talk,58,8,VOTE Agent[11]
2,talk,59,15,VOTE Agent[13]
2,talk,60,2,ESTIMATE Agent[07] VILLAGER
2,talk,61,7,Over
2,talk,62,9,Over
2,talk,63,4,VOTE Agent[14]
2,talk,64,11,Over
2,talk,65,5,ESTIMATE Agent[10] VILLAGER
2,talk,66,10,Skip
2,talk,67,3,Skip
2,talk,68,6,VOTE Agent[13]
2,talk,69,14,Over
2,whisper,120,5,Over
2,whisper,121,13,Over
2,whisper,122,14,Skip
2,whisper,123,14,Skip
2,whisper,124,5,Over
2,whisper,125,13,Over
2,whisper,126,14,Skip
2,whisper,127,5,Over
2,whisper,128,13,Over
2,whisper,129,14,Skip
2,whisper,130,5,Over
2,whisper,131,13,Over
2,whisper,132,14,Skip
2,whisper,133,5,Over
2,whisper,134,13,Over
2,whisper,135,14,Skip
2,whisper,136,5,Over
2,whisper,137,13,Over
2,whisper,138,14,Skip
2,whisper,139,5,Over
2,whisper,140,13,Over
2,whisper,141,14,Skip
2,whisper,142,5,Over
2,whisper,143,13,Over
2,whisper,144,14,Skip
2,whisper,145,5,Over
2,whisper,146,13,Over
2,whisper,147,14,Skip
2,whisper,148,5,Over
2,whisper,149,13,Over
2,talk,70,3,Skip
2,talk,71,13,Over
2,talk,72,11,Over
2,talk,73,2,ESTIMATE Agent[08] VILLAGER
2,talk,74,15,Over
2,talk,75,7,Over
2,talk,76,4,VOTE Agent[06]
2,talk,77,10,Skip
2,talk,78,12,Skip
2,talk,79,9,Over
2,talk,80,5,ESTIMATE Agent[04] WEREWOLF
2,talk,81,8,VOTE Agent[10]
2,talk,82,6,Over
2,talk,83,14,Over
2,whisper,150,14,Skip
2,whisper,151,5,Over
2,whisper,152,13,Over
2,whisper,153,14,Skip
2,whisper,154,5,Over
2,whisper,155,13,Over
2,whisper,156,14,Skip
2,whisper,157,5,Over
2,whisper,158,13,Over
2,whisper,159,14,Skip
2,whisper,160,5,Over
2,whisper,161,13,Over
2,whisper,162,14,Skip
2,whisper,163,5,Over
2,whisper,164,13,Over
2,whisper,165,14,Skip
2,whisper,166,5,Over
2,whisper,167,13,Over
2,whisper,168,14,Skip
2,whisper,169,5,Over
2,whisper,170,13,Over
2,whisper,171,14,Skip
2,whisper,172,5,Over
2,whisper,173,13,Over
2,whisper,174,14,Skip
2,whisper,175,5,Over
2,whisper,176,13,Over
2,whisper,177,14,Skip
2,whisper,178,5,Over
2,whisper,179,13,Over
2,talk,84,15,Over
2,talk,85,13,Over
2,talk,86,8,VOTE Agent[11]
2,talk,87,2,VOTE Agent[13]
2,talk,88,9,Over
2,talk,89,4,VOTE Agent[15]
2,talk,90,5,ESTIMATE Agent[15] VILLAGER
2,talk,91,11,Over
2,talk,92,10,Skip
2,talk,93,7,Over
2,talk,94,3,Skip
2,talk,95,12,Skip
2,talk,96,6,Over
2,talk,97,14,Over
2,whisper,180,14,Skip
2,whisper,181,13,Over
2,whisper,182,5,Over
2,whisper,183,14,Skip
2,whisper,184,5,Over
2,whisper,185,13,Over
2,whisper,186,14,Skip
2,whisper,187,5,Over
2,whisper,188,13,Over
2,whisper,189,14,Skip
2,whisper,190,5,Over
2,whisper,191,13,Over
2,whisper,192,14,Skip
2,whisper,193,5,Over
2,whisper,194,13,Over
2,whisper,195,14,Skip
2,whisper,196,5,Over
2,whisper,197,13,Over
2,whisper,198,14,Skip
2,whisper,199,5,Over
2,whisper,200,13,Over
2,whisper,201,14,Skip
2,whisper,202,5,Over
2,whisper,203,13,Over
2,whisper,204,14,Skip
2,whisper,205,5,Over
2,whisper,206,13,Over
2,whisper,207,14,Skip
2,whisper,208,5,Over
2,whisper,209,13,Over
2,talk,98,9,Over
2,talk,99,5,ESTIMATE Agent[12] SEER
2,talk,100,11,Over
2,talk,101,7,Over
2,talk,102,10,Skip
2,talk,103,13,Over
2,talk,104,3,Skip
2,talk,105,12,Skip
2,talk,106,8,VOTE Agent[13]
2,talk,107,4,VOTE Agent[08]
2,talk,108,2,Skip
2,talk,109,15,Over
2,talk,110,6,Over
2,talk,111,14,Over
2,whisper,210,13,Over
2,whisper,211,5,Over
2,whisper,212,14,Skip
2,whisper,213,13,Over
2,whisper,214,14,Skip
2,whisper,215,5,Over
2,whisper,216,14,Skip
2,whisper,217,13,Over
2,whisper,218,5,Over
2,whisper,219,14,Skip
2,whisper,220,5,Over
2,whisper,221,13,Over
2,whisper,222,14,Skip
2,whisper,223,5,Over
2,whisper,224,13,Over
2,whisper,225,14,Skip
2,whisper,226,5,Over
2,whisper,227,13,Over
2,whisper,228,14,Skip
2,whisper,229,5,Over
2,whisper,230,13,Over
2,whisper,231,14,Skip
2,whisper,232,5,Over
2,whisper,233,13,Over
2,whisper,234,14,Skip
2,whisper,235,5,Over
2,whisper,236,13,Over
2,whisper,237,14,Skip
2,whisper,238,5,Over
2,whisper,239,13,Over
2,talk,112,7,Over
2,talk,113,4,VOTE Agent[05]
2,talk,114,3,Skip
2,talk,115,11,Over
2,talk,116,10,Skip
2,talk,117,12,Skip
2,talk,118,8,VOTE Agent[04]
2,talk,119,13,Over
2,talk,120,2,Skip
2,talk,121,9,Over
2,talk,122,5,ESTIMATE Agent[14] WEREWOLF
2,talk,123,6,Over
2,talk,124,14,Over
2,talk,125,15,Over
2,whisper,240,14,Skip
2,whisper,241,13,Over
2,whisper,242,5,Over
2,whisper,243,14,Skip
2,whisper,244,5,Over
2,whisper,245,13,Over
2,whisper,246,14,Skip
2,whisper,247,5,Over
2,whisper,248,13,Over
2,whisper,249,14,Skip
2,whisper,250,5,Over
2,whisper,251,13,Over
2,whisper,252,14,Skip
2,whisper,253,5,Over
2,whisper,254,13,Over
2,whisper,255,14,Skip
2,whisper,256,5,Over
2,whisper,257,13,Over
2,whisper,258,14,Skip
2,whisper,259,5,Over
2,whisper,260,13,Over
2,whisper,261,14,Skip
2,whisper,262,5,Over
2,whisper,263,13,Over
2,whisper,264,14,Skip
2,whisper,265,5,Over
2,whisper,266,13,Over
2,whisper,267,14,Skip
2,whisper,268,5,Over
2,whisper,269,13,Over
2,talk,126,5,Skip
2,talk,127,8,VOTE Agent[10]
2,talk,128,10,Skip
2,talk,129,4,VOTE Agent[11]
2,talk,130,9,Over
2,talk,131,11,Over
2,talk,132,13,Over
2,talk,133,7,Over
2,talk,134,2,Skip
2,talk,135,12,Skip
2,talk,136,3,Skip
2,talk,137,6,Over
2,talk,138,14,Over
2,talk,139,15,Over
2,whisper,270,14,Skip
2,whisper,271,5,Over
2,whisper,272,13,Over
2,whisper,273,14,Skip
2,whisper,274,5,Over
2,whisper,275,13,Over
2,whisper,276,14,Skip
2,whisper,277,5,Over
2,whisper,278,13,Over
2,whisper,279,14,Skip
2,whisper,280,5,Over
2,whisper,281,13,Over
2,whisper,282,14,Skip
2,whisper,283,5,Over
2,whisper,284,13,Over
2,whisper,285,14,Skip
2,whisper,286,5,Over
2,whisper,287,13,Over
2,whisper,288,14,Skip
2,whisper,289,5,Over
2,whisper,290,13,Over
2,whisper,291,14,Skip
2,whisper,292,5,Over
2,whisper,293,13,Over
2,whisper,294,14,Skip
2,whisper,295,5,Over
2,whisper,296,13,Over
2,whisper,297,14,Skip
2,whisper,298,5,Over
2,whisper,299,13,Over
2,vote,2,13
2,vote,3,13
2,vote,4,7
2,vote,5,13
2,vote,6,13
2,vote,7,13
2,vote,8,10
2,vote,9,15
2,vote,10,11
2,vote,11,4
2,vote,12,11
2,vote,13,2
2,vote,14,11
2,vote,15,13
2,divine,12,10,HUMAN
2,guard,3,12,SEER
2,attackVote,5,12
2,attackVote,13,7
2,attackVote,14,2
2,execute,13,WEREWOLF
2,attack,2,true
3,status,1,VILLAGER,DEAD,cash
3,status,2,VILLAGER,DEAD,kSugar
3,status,3,BODYGUARD,ALIVE,haretaro
3,status,4,VILLAGER,ALIVE,Kanolab
3,status,5,WEREWOLF,ALIVE,wasabi
3,status,6,MEDIUM,ALIVE,TOT
3,status,7,VILLAGER,ALIVE,nakamura
3,status,8,VILLAGER,ALIVE,iace10442
3,status,9,VILLAGER,ALIVE,tkAI
3,status,10,POSSESSED,ALIVE,NLwolf
3,status,11,VILLAGER,ALIVE,carlo
3,status,12,SEER,ALIVE,twn480
3,status,13,WEREWOLF,DEAD,KajiGod
3,status,14,WEREWOLF,ALIVE,howls
3,status,15,VILLAGER,ALIVE,Udon
3,talk,0,4,VOTE Agent[12]
3,talk,1,11,VOTE Agent[03]
3,talk,2,3,VOTE Agent[06]
3,talk,3,7,ESTIMATE Agent[08] WEREWOLF
3,talk,4,6,INQUESTED Agent[13] WEREWOLF
3,talk,5,5,ESTIMATE Agent[12] SEER
3,talk,6,8,Skip
3,talk,7,10,DIVINED Agent[15] HUMAN
3,talk,8,12,DIVINED Agent[10] HUMAN
3,talk,9,15,VOTE Agent[06]
3,talk,10,14,Over
3,talk,11,9,Over
3,whisper,0,5,Over
3,whisper,1,14,Skip
3,whisper,2,5,Over
3,whisper,3,14,Skip
3,whisper,4,14,Skip
3,whisper,5,5,Over
3,whisper,6,14,Skip
3,whisper,7,5,Over
3,whisper,8,14,Skip
3,whisper,9,5,Over
3,whisper,10,14,Skip
3,whisper,11,5,Over
3,whisper,12,14,Skip
3,whisper,13,5,Over
3,whisper,14,14,Skip
3,whisper,15,5,Over
3,whisper,16,14,Skip
3,whisper,17,5,Over
3,whisper,18,14,Skip
3,whisper,19,5,Over
3,talk,12,5,Skip
3,talk,13,3,Skip
3,talk,14,6,VOTE Agent[08]
3,talk,15,4,VOTE Agent[06]
3,talk,16,11,Over
3,talk,17,8,Skip
3,talk,18,15,ESTIMATE Agent[04] WEREWOLF
3,talk,19,10,Skip
3,talk,20,7,VOTE Agent[08]
3,talk,21,12,Skip
3,talk,22,9,Over
3,talk,23,14,Over
3,whisper,20,5,Over
3,whisper,21,14,Skip
3,whisper,22,14,Skip
3,whisper,23,5,Over
3,whisper,24,14,Skip
3,whisper,25,5,Over
3,whisper,26,14,Skip
3,whisper,27,5,Over
3,whisper,28,14,Skip
3,whisper,29,5,Over
3,whisper,30,14,Skip
3,whisper,31,5,Over
3,whisper,32,14,Skip
3,whisper,33,5,Over
3,whisper,34,14,Skip
3,whisper,35,5,Over
3,whisper,36,14,Skip
3,whisper,37,5,Over
3,whisper,38,14,Skip
3,whisper,39,5,Over
3,talk,24,8,Skip
3,talk,25,15,ESTIMATE Agent[09] WEREWOLF
3,talk,26,4,VOTE Agent[05]
3,talk,27,12,Skip
3,talk,28,6,Over
3,talk,29,3,VOTE Agent[06]
3,talk,30,10,Skip
3,talk,31,5,ESTIMATE Agent[15] VILLAGER
3,talk,32,11,Over
3,talk,33,7,Over
3,talk,34,9,Over
3,talk,35,14,Over
3,whisper,40,5,Over
3,whisper,41,14,Skip
3,whisper,42,14,Skip
3,whisper,43,5,Over
3,whisper,44,14,Skip
3,whisper,45,5,Over
3,whisper,46,14,Skip
3,whisper,47,5,Over
3,whisper,48,14,Skip
3,whisper,49,5,Over
3,whisper,50,14,Skip
3,whisper,51,5,Over
3,whisper,52,14,Skip
3,whisper,53,5,Over
3,whisper,54,14,Skip
3,whisper,55,5,Over
3,whisper,56,14,Skip
3,whisper,57,5,Over
3,whisper,58,14,Skip
3,whisper,59,5,Over
3,talk,36,8,VOTE Agent[09]
3,talk,37,3,VOTE Agent[06]
3,talk,38,4,VOTE Agent[04]
3,talk,39,10,Skip
3,talk,40,5,ESTIMATE Agent[12] SEER
3,talk,41,12,Skip
3,talk,42,15,ESTIMATE Agent[13] WEREWOLF
3,talk,43,6,Over
3,talk,44,7,Over
3,talk,45,9,Over
3,talk,46,11,Over
3,talk,47,14,Over
3,whisper,60,5,Over
3,whisper,61,14,Skip
3,whisper,62,5,Over
3,whisper,63,14,Skip
3,whisper,64,5,Over
3,whisper,65,14,Skip
3,whisper,66,5,Over
3,whisper,67,14,Skip
3,whisper,68,14,Skip
3,whisper,69,5,Over
3,whisper,70,14,Skip
3,whisper,71,5,Over
3,whisper,72,14,Skip
3,whisper,73,5,Over
3,whisper,74,14,Skip
3,whisper,75,5,Over
3,whisper,76,14,Skip
3,whisper,77,5,Over
3,whisper,78,14,Skip
3,whisper,79,5,Over
3,talk,48,4,ESTIMATE Agent[12] SEER
3,talk,49,12,Skip
3,talk,50,10,Skip
3,talk,51,8,VOTE Agent[03]
3,talk,52,5,Skip
3,talk,53,3,VOTE Agent[06]
3,talk,54,15,Over
3,talk,55,6,Over
3,talk,56,7,Over
3,talk,57,9,Over
3,talk,58,11,Over
3,talk,59,14,Over
3,whisper,80,5,Over
3,whisper,81,14,Skip
3,whisper,82,5,Over
3,whisper,83,14,Skip
3,whisper,84,14,Skip
3,whisper,85,5,Over
3,whisper,86,14,Skip
3,whisper,87,5,Over
3,whisper,88,14,Skip
3,whisper,89,5,Over
3,whisper,90,14,Skip
3,whisper,91,5,Over
3,whisper,92,14,Skip
3,whisper,93,5,Over
3,whisper,94,14,Skip
3,whisper,95,5,Over
3,whisper,96,14,Skip
3,whisper,97,5,Over
3,whisper,98,14,Skip
3,whisper,99,5,Over
3,talk,60,5,Skip
3,talk,61,8,VOTE Agent[14]
3,talk,62,12,Skip
3,talk,63,10,Skip
3,talk,64,3,VOTE Agent[06]
3,talk,65,4,VOTE Agent[14]
3,talk,66,6,Over
3,talk,67,7,Over
3,talk,68,9,Over
3,talk,69,11,Over
3,talk,70,14,Over
3,talk,71,15,Over
3,whisper,100,5,Over
3,whisper,101,14,Skip
3,whisper,102,14,Skip
3,whisper,103,5,Over
3,whisper,104,14,Skip
3,whisper,105,5,Over
3,whisper,106,14,Skip
3,whisper,107,5,Over
3,whisper,108,14,Skip
3,whisper,109,5,Over
3,whisper,110,14,Skip
3,whisper,111,5,Over
3,whisper,112,14,Skip
3,whisper,113,5,Over
3,whisper,114,14,Skip
3,whisper,115,5,Over
3,whisper,116,14,Skip
3,whisper,117,5,Over
3,whisper,118,14,Skip
3,whisper,119,5,Over
3,talk,72,12,Skip
3,talk,73,10,Skip
3,talk,74,4,VOTE Agent[07]
3,talk,75,8,Over
3,talk,76,3,VOTE Agent[06]
3,talk,77,5,ESTIMATE Agent[10] VILLAGER
3,talk,78,6,Over
3,talk,79,7,Over
3,talk,80,9,Over
3,talk,81,11,Over
3,talk,82,14,Over
3,talk,83,15,Over
3,whisper,120,5,Over
3,whisper,121,14,Skip
3,whisper,122,5,Over
3,whisper,123,14,Skip
3,whisper,124,5,Over
3,whisper,125,14,Skip
3,whisper,126,5,Over
3,whisper,127,14,Skip
3,whisper,128,14,Skip
3,whisper,129,5,Over
3,whisper,130,14,Skip
3,whisper,131,5,Over
3,whisper,132,14,Skip
3,whisper,133,5,Over
3,whisper,134,14,Skip
3,whisper,135,5,Over
3,whisper,136,14,Skip
3,whisper,137,5,Over
3,whisper,138,14,Skip
3,whisper,139,5,Over
3,talk,84,4,VOTE Agent[03]
3,talk,85,3,VOTE Agent[06]
3,talk,86,12,Skip
3,talk,87,10,Skip
3,talk,88,5,ESTIMATE Agent[12] SEER
3,talk,89,8,Over
3,talk,90,6,Over
3,talk,91,7,Over
3,talk,92,9,Over
3,talk,93,11,Over
3,talk,94,14,Over
3,talk,95,15,Over
3,whisper,140,5,Over
3,whisper,141,14,Skip
3,whisper,142,14,Skip
3,whisper,143,5,Over
3,whisper,144,14,Skip
3,whisper,145,5,Over
3,whisper,146,14,Skip
3,whisper,147,5,Over
3,whisper,148,14,Skip
3,whisper,149,5,Over
3,whisper,150,14,Skip
3,whisper,151,5,Over
3,whisper,152,14,Skip
3,whisper,153,5,Over
3,whisper,154,14,Skip
3,whisper,155,5,Over
3,whisper,156,14,Skip
3,whisper,157,5,Over
3,whisper,158,14,Skip
3,whisper,159,5,Over
3,talk,96,10,Skip
3,talk,97,3,VOTE Agent[06]
3,talk,98,5,ESTIMATE Agent[12] SEER
3,talk,99,4,VOTE Agent[11]
3,talk,100,12,Skip
3,talk,101,6,Over
3,talk,102,7,Over
3,talk,103,8,VOTE Agent[03]
3,talk,104,9,Over
3,talk,105,11,Over
3,talk,106,14,Over
3,talk,107,15,Over
3,whisper,160,14,Skip
3,whisper,161,5,Over
3,whisper,162,14,Skip
3,whisper,163,5,Over
3,whisper,164,14,Skip
3,whisper,165,5,Over
3,whisper,166,14,Skip
3,whisper,167,5,Over
3,whisper,168,14,Skip
3,whisper,169,5,Over
3,whisper,170,14,Skip
3,whisper,171,5,Over
3,whisper,172,14,Skip
3,whisper,173,5,Over
3,whisper,174,14,Skip
3,whisper,175,5,Over
3,whisper,176,14,Skip
3,whisper,177,5,Over
3,whisper,178,14,Skip
3,whisper,179,5,Over
3,talk,108,6,Over
3,talk,109,3,VOTE Agent[06]
3,talk,110,12,Skip
3,talk,111,5,ESTIMATE Agent[10] VILLAGER
3,talk,112,10,Skip
3,talk,113,4,VOTE Agent[08]
3,talk,114,7,Over
3,talk,115,8,VOTE Agent[04]
3,talk,116,9,Over
3,talk,117,11,Over
3,talk,118,14,Over
3,talk,119,15,Over
3,whisper,180,5,Over
3,whisper,181,14,Skip
3,whisper,182,14,Skip
3,whisper,183,5,Over
3,whisper,184,14,Skip
3,whisper,185,5,Over
3,whisper,186,14,Skip
3,whisper,187,5,Over
3,whisper,188,14,Skip
3,whisper,189,5,Over
3,whisper,190,14,Skip
3,whisper,191,5,Over
3,whisper,192,14,Skip
3,whisper,193,5,Over
3,whisper,194,14,Skip
3,whisper,195,5,Over
3,whisper,196,14,Skip
3,whisper,197,5,Over
3,whisper,198,14,Skip
3,whisper,199,5,Over
3,vote,3,6
3,vote,4,3
3,vote,5,14
3,vote,6,8
3,vote,7,8
3,vote,8,4
3,vote,9,5
3,vote,10,7
3,vote,11,3
3,vote,12,6
3,vote,14,3
3,vote,15,6
3,divine,12,11,HUMAN
3,guard,3,12,SEER
3,attackVote,5,12
3,execute,3,BODYGUARD
3,attack,12,true
4,status,1,VILLAGER,DEAD,cash
4,status,2,VILLAGER,DEAD,kSugar
4,status,3,BODYGUARD,DEAD,haretaro
4,status,4,VILLAGER,ALIVE,Kanolab
4,status,5,WEREWOLF,ALIVE,wasabi
4,status,6,MEDIUM,ALIVE,TOT
4,status,7,VILLAGER,ALIVE,nakamura
4,status,8,VILLAGER,ALIVE,iace10442
4,status,9,VILLAGER,ALIVE,tkAI
4,status,10,POSSESSED,ALIVE,NLwolf
4,status,11,VILLAGER,ALIVE,carlo
4,status,12,SEER,DEAD,twn480
4,status,13,WEREWOLF,DEAD,KajiGod
4,status,14,WEREWOLF,ALIVE,howls
4,status,15,VILLAGER,ALIVE,Udon
4,talk,0,6,INQUESTED Agent[03] HUMAN
4,talk,1,11,VOTE Agent[04]
4,talk,2,5,Skip
4,talk,3,10,DIVINED Agent[05] HUMAN
4,talk,4,4,VOTE Agent[04]
4,talk,5,15,VOTE Agent[09]
4,talk,6,8,ESTIMATE Agent[11] VILLAGER
4,talk,7,14,Over
4,talk,8,7,ESTIMATE Agent[08] WEREWOLF
4,talk,9,9,Over
4,whisper,0,5,Over
4,whisper,1,14,Skip
4,whisper,2,14,Skip
4,whisper,3,5,Over
4,whisper,4,14,Skip
4,whisper,5,5,Over
4,whisper,6,14,Skip
4,whisper,7,5,Over
4,whisper,8,14,Skip
4,whisper,9,5,Over
4,whisper,10,14,Skip
4,whisper,11,5,Over
4,whisper,12,14,Skip
4,whisper,13,5,Over
4,whisper,14,14,Skip
4,whisper,15,5,Over
4,whisper,16,14,Skip
4,whisper,17,5,Over
4,whisper,18,14,Skip
4,whisper,19,5,Over
4,talk,10,14,Over
4,talk,11,6,VOTE Agent[08]
4,talk,12,5,Skip
4,talk,13,4,VOTE Agent[08]
4,talk,14,10,Skip
4,talk,15,7,VOTE Agent[08]
4,talk,16,11,Over
4,talk,17,15,ESTIMATE Agent[04] WEREWOLF
4,talk,18,8,Skip
4,talk,19,9,Over
4,whisper,20,14,Skip
4,whisper,21,5,Over
4,whisper,22,14,Skip
4,whisper,23,5,Over
4,whisper,24,14,Skip
4,whisper,25,5,Over
4,whisper,26,14,Skip
4,whisper,27,5,Over
4,whisper,28,14,Skip
4,whisper,29,5,Over
4,whisper,30,14,Skip
4,whisper,31,5,Over
4,whisper,32,14,Skip
4,whisper,33,5,Over
4,whisper,34,14,Skip
4,whisper,35,5,Over
4,whisper,36,14,Skip
4,whisper,37,5,Over
4,whisper,38,14,Skip
4,whisper,39,5,Over
4,talk,20,6,Over
4,talk,21,10,Skip
4,talk,22,11,Over
4,talk,23,7,Over
4,talk,24,5,ESTIMATE Agent[15] VILLAGER
4,talk,25,8,Skip
4,talk,26,14,Over
4,talk,27,15,ESTIMATE Agent[09] WEREWOLF
4,talk,28,4,VOTE Agent[10]
4,talk,29,9,Over
4,whisper,40,5,Over
4,whisper,41,14,Skip
4,whisper,42,5,Over
4,whisper,43,14,Skip
4,whisper,44,5,Over
4,whisper,45,14,Skip
4,whisper,46,5,Over
4,whisper,47,14,Skip
4,whisper,48,14,Skip
4,whisper,49,5,Over
4,whisper,50,14,Skip
4,whisper,51,5,Over
4,whisper,52,14,Skip
4,whisper,53,5,Over
4,whisper,54,14,Skip
4,whisper,55,5,Over
4,whisper,56,14,Skip
4,whisper,57,5,Over
4,whisper,58,14,Skip
4,whisper,59,5,Over
4,talk,30,8,VOTE Agent[10]
4,talk,31,10,Skip
4,talk,32,7,Over
4,talk,33,5,ESTIMATE Agent[15] VILLAGER
4,talk,34,6,Over
4,talk,35,11,Over
4,talk,36,4,VOTE Agent[11]
4,talk,37,15,ESTIMATE Agent[13] WEREWOLF
4,talk,38,14,Over
4,talk,39,9,Over
4,whisper,60,5,Over
4,whisper,61,14,Skip
4,whisper,62,14,Skip
4,whisper,63,5,Over
4,whisper,64,14,Skip
4,whisper,65,5,Over
4,whisper,66,14,Skip
4,whisper,67,5,Over
4,whisper,68,14,Skip
4,whisper,69,5,Over
4,whisper,70,14,Skip
4,whisper,71,5,Over
4,whisper,72,14,Skip
4,whisper,73,5,Over
4,whisper,74,14,Skip
4,whisper,75,5,Over
4,whisper,76,14,Skip
4,whisper,77,5,Over
4,whisper,78,14,Skip
4,whisper,79,5,Over
4,talk,40,4,ESTIMATE Agent[12] SEER
4,talk,41,11,Over
4,talk,42,15,ESTIMATE Agent[06] MEDIUM
4,talk,43,7,Over
4,talk,44,5,ESTIMATE Agent[15] VILLAGER
4,talk,45,10,Skip
4,talk,46,8,Over
4,talk,47,6,Over
4,talk,48,9,Over
4,talk,49,14,Over
4,whisper,80,14,Skip
4,whisper,81,5,Over
4,whisper,82,14,Skip
4,whisper,83,5,Over
4,whisper,84,14,Skip
4,whisper,85,5,Over
4,whisper,86,14,Skip
4,whisper,87,5,Over
4,whisper,88,14,Skip
4,whisper,89,5,Over
4,whisper,90,14,Skip
4,whisper,91,5,Over
4,whisper,92,14,Skip
4,whisper,93,5,Over
4,whisper,94,14,Skip
4,whisper,95,5,Over
4,whisper,96,14,Skip
4,whisper,97,5,Over
4,whisper,98,14,Skip
4,whisper,99,5,Over
4,talk,50,15,ESTIMATE Agent[07] VILLAGER
4,talk,51,11,Over
4,talk,52,5,Skip
4,talk,53,7,Over
4,talk,54,4,ESTIMATE Agent[06] MEDIUM
4,talk,55,10,Skip
4,talk,56,6,Over
4,talk,57,8,VOTE Agent[07]
4,talk,58,9,Over
4,talk,59,14,Over
4,whisper,100,14,Skip
4,whisper,101,5,Over
4,whisper,102,14,Skip
4,whisper,103,5,Over
4,whisper,104,14,Skip
4,whisper,105,5,Over
4,whisper,106,14,Skip
4,whisper,107,5,Over
4,whisper,108,14,Skip
4,whisper,109,5,Over
4,whisper,110,14,Skip
4,whisper,111,5,Over
4,whisper,112,14,Skip
4,whisper,113,5,Over
4,whisper,114,14,Skip
4,whisper,115,5,Over
4,whisper,116,14,Skip
4,whisper,117,5,Over
4,whisper,118,14,Skip
4,whisper,119,5,Over
4,talk,60,5,ESTIMATE Agent[10] VILLAGER
4,talk,61,8,Over
4,talk,62,4,VOTE Agent[09]
4,talk,63,7,Over
4,talk,64,10,Skip
4,talk,65,11,Over
4,talk,66,6,Over
4,talk,67,15,Over
4,talk,68,9,Over
4,talk,69,14,Over
4,whisper,120,5,Over
4,whisper,121,14,Skip
4,whisper,122,5,Over
4,whisper,123,14,Skip
4,whisper,124,14,Skip
4,whisper,125,5,Over
4,whisper,126,14,Skip
4,whisper,127,5,Over
4,whisper,128,14,Skip
4,whisper,129,5,Over
4,whisper,130,14,Skip
4,whisper,131,5,Over
4,whisper,132,14,Skip
4,whisper,133,5,Over
4,whisper,134,14,Skip
4,whisper,135,5,Over
4,whisper,136,14,Skip
4,whisper,137,5,Over
4,whisper,138,14,Skip
4,whisper,139,5,Over
4,talk,70,5,ESTIMATE Agent[10] VILLAGER
4,talk,71,7,Over
4,talk,72,4,VOTE Agent[14]
4,talk,73,10,Skip
4,talk,74,8,VOTE Agent[14]
4,talk,75,6,Over
4,talk,76,9,Over
4,talk,77,11,Over
4,talk,78,14,Over
4,talk,79,15,VOTE Agent[14]
4,whisper,140,14,Skip
4,whisper,141,5,Over
4,whisper,142,14,Skip
4,whisper,143,5,Over
4,whisper,144,14,Skip
4,whisper,145,5,Over
4,whisper,146,14,Skip
4,whisper,147,5,Over
4,whisper,148,14,Skip
4,whisper,149,5,Over
4,whisper,150,14,Skip
4,whisper,151,5,Over
4,whisper,152,14,Skip
4,whisper,153,5,Over
4,whisper,154,14,Skip
4,whisper,155,5,Over
4,whisper,156,14,Skip
4,whisper,157,5,Over
4,whisper,158,14,Skip
4,whisper,159,5,Over
4,talk,80,9,Over
4,talk,81,14,Over
4,talk,82,11,Over
4,talk,83,4,VOTE Agent[15]
4,talk,84,10,Skip
4,talk,85,7,Over
4,talk,86,6,Over
4,talk,87,15,Over
4,talk,88,8,VOTE Agent[15]
4,talk,89,5,ESTIMATE Agent[10] VILLAGER
4,whisper,160,5,Over
4,whisper,161,14,Skip
4,whisper,162,5,Over
4,whisper,163,14,Skip
4,whisper,164,5,Over
4,whisper,165,14,Skip
4,whisper,166,5,Over
4,whisper,167,14,Skip
4,whisper,168,5,Over
4,whisper,169,14,Skip
4,whisper,170,5,Over
4,whisper,171,14,Skip
4,whisper,172,5,Over
4,whisper,173,14,Skip
4,whisper,174,5,Over
4,whisper,175,14,Skip
4,whisper,176,14,Skip
4,whisper,177,5,Over
4,whisper,178,14,Skip
4,whisper,179,5,Over
4,talk,90,11,Over
4,talk,91,14,Over
4,talk,92,15,Over
4,talk,93,10,Skip
4,talk,94,9,Over
4,talk,95,4,ESTIMATE Agent[05] VILLAGER
4,talk,96,5,Over
4,talk,97,6,Over
4,talk,98,8,VOTE Agent[14]
4,talk,99,7,Over
4,whisper,180,5,Over
4,whisper,181,14,Skip
4,whisper,182,5,Over
4,whisper,183,14,Skip
4,whisper,184,14,Skip
4,whisper,185,5,Over
4,whisper,186,14,Skip
4,whisper,187,5,Over
4,whisper,188,14,Skip
4,whisper,189,5,Over
4,whisper,190,14,Skip
4,whisper,191,5,Over
4,whisper,192,14,Skip
4,whisper,193,5,Over
4,whisper,194,14,Skip
4,whisper,195,5,Over
4,whisper,196,14,Skip
4,whisper,197,5,Over
4,whisper,198,14,Skip
4,whisper,199,5,Over
4,vote,4,14
4,vote,5,14
4,vote,6,8
4,vote,7,8
4,vote,8,14
4,vote,9,15
4,vote,10,8
4,vote,11,4
4,vote,14,4
4,vote,15,14
4,attackVote,5,15
4,execute,14,WEREWOLF
4,attack,15,true
5,status,1,VILLAGER,DEAD,cash
5,status,2,VILLAGER,DEAD,kSugar
5,status,3,BODYGUARD,DEAD,haretaro
5,status,4,VILLAGER,ALIVE,Kanolab
5,status,5,WEREWOLF,ALIVE,wasabi
5,status,6,MEDIUM,ALIVE,TOT
5,status,7,VILLAGER,ALIVE,nakamura
5,status,8,VILLAGER,ALIVE,iace10442
5,status,9,VILLAGER,ALIVE,tkAI
5,status,10,POSSESSED,ALIVE,NLwolf
5,status,11,VILLAGER,ALIVE,carlo
5,status,12,SEER,DEAD,twn480
5,status,13,WEREWOLF,DEAD,KajiGod
5,status,14,WEREWOLF,DEAD,howls
5,status,15,VILLAGER,DEAD,Udon
5,talk,0,6,INQUESTED Agent[14] WEREWOLF
5,talk,1,5,Skip
5,talk,2,9,Over
5,talk,3,7,ESTIMATE Agent[08] WEREWOLF
5,talk,4,4,VOTE Agent[05]
5,talk,5,11,ESTIMATE Agent[12] SEER
5,talk,6,8,ESTIMATE Agent[09] WEREWOLF
5,talk,7,10,DIVINED Agent[07] HUMAN
5,whisper,0,5,Over
5,talk,8,6,VOTE Agent[08]
5,talk,9,4,VOTE Agent[10]
5,talk,10,8,Skip
5,talk,11,9,Over
5,talk,12,11,VOTE Agent[04]
5,talk,13,10,Skip
5,talk,14,5,ESTIMATE Agent[10] VILLAGER
5,talk,15,7,VOTE Agent[08]
5,whisper,1,5,Over
5,talk,16,7,Over
5,talk,17,8,ESTIMATE Agent[07] WEREWOLF
5,talk,18,5,ESTIMATE Agent[11] WEREWOLF
5,talk,19,10,Skip
5,talk,20,6,Over
5,talk,21,9,Over
5,talk,22,11,Over
5,talk,23,4,VOTE Agent[06]
5,whisper,2,5,Over
5,talk,24,5,ESTIMATE Agent[06] MEDIUM
5,talk,25,4,ESTIMATE Agent[12] SEER
5,talk,26,9,Over
5,talk,27,7,Over
5,talk,28,8,VOTE Agent[05]
5,talk,29,10,Skip
5,talk,30,6,Over
5,talk,31,11,Over
5,whisper,3,5,Over
5,talk,32,4,ESTIMATE Agent[06] MEDIUM
5,talk,33,8,Over
5,talk,34,5,ESTIMATE Agent[10] VILLAGER
5,talk,35,10,Skip
5,talk,36,9,Over
5,talk,37,7,Over
5,talk,38,6,Over
5,talk,39,11,Over
5,whisper,4,5,Over
5,talk,40,4,VOTE Agent[08]
5,talk,41,10,Skip
5,talk,42,5,ESTIMATE Agent[06] MEDIUM
5,talk,43,8,Over
5,talk,44,6,Over
5,talk,45,7,Over
5,talk,46,9,Over
5,talk,47,11,Over
5,whisper,5,5,Over
5,talk,48,10,Skip
5,talk,49,5,ESTIMATE Agent[10] VILLAGER
5,talk,50,4,ESTIMATE Agent[09] VILLAGER
5,talk,51,6,Over
5,talk,52,7,Over
5,talk,53,8,Over
5,talk,54,9,Over
5,talk,55,11,Over
5,whisper,6,5,Over
5,talk,56,10,Skip
5,talk,57,4,Over
5,talk,58,5,ESTIMATE Agent[06] MEDIUM
5,talk,59,6,Over
5,talk,60,7,Over
5,talk,61,8,Over
5,talk,62,9,Over
5,talk,63,11,Over
5,whisper,7,5,Over
5,talk,64,5,ESTIMATE Agent[10] VILLAGER
5,talk,65,10,Skip
5,talk,66,4,Over
5,talk,67,6,Over
5,talk,68,7,Over
5,talk,69,8,VOTE Agent[09]
5,talk,70,9,Over
5,talk,71,11,Over
5,whisper,8,5,Over
5,talk,72,10,Skip
5,talk,73,7,Over
5,talk,74,6,Over
5,talk,75,4,VOTE Agent[07]
5,talk,76,8,VOTE Agent[04]
5,talk,77,5,Skip
5,talk,78,9,Over
5,talk,79,11,Over
5,whisper,9,5,Over
5,vote,4,5
5,vote,5,7
5,vote,6,8
5,vote,7,8
5,vote,8,4
5,vote,9,7
5,vote,10,8
5,vote,11,4
5,attackVote,5,10
5,execute,8,VILLAGER
5,attack,10,true
6,status,1,VILLAGER,DEAD,cash
6,status,2,VILLAGER,DEAD,kSugar
6,status,3,BODYGUARD,DEAD,haretaro
6,status,4,VILLAGER,ALIVE,Kanolab
6,status,5,WEREWOLF,ALIVE,wasabi
6,status,6,MEDIUM,ALIVE,TOT
6,status,7,VILLAGER,ALIVE,nakamura
6,status,8,VILLAGER,DEAD,iace10442
6,status,9,VILLAGER,ALIVE,tkAI
6,status,10,POSSESSED,DEAD,NLwolf
6,status,11,VILLAGER,ALIVE,carlo
6,status,12,SEER,DEAD,twn480
6,status,13,WEREWOLF,DEAD,KajiGod
6,status,14,WEREWOLF,DEAD,howls
6,status,15,VILLAGER,DEAD,Udon
6,talk,0,4,VOTE Agent[04]
6,talk,1,9,Over
6,talk,2,6,INQUESTED Agent[08] HUMAN
6,talk,3,5,ESTIMATE Agent[09] VILLAGER
6,talk,4,11,VOTE Agent[04]
6,talk,5,7,ESTIMATE Agent[05] WEREWOLF
6,whisper,0,5,Over
6,talk,6,5,ESTIMATE Agent[04] VILLAGER
6,talk,7,4,VOTE Agent[07]
6,talk,8,11,Over
6,talk,9,7,VOTE Agent[05]
6,talk,10,9,Over
6,talk,11,6,VOTE Agent[09]
6,whisper,1,5,Over
6,talk,12,9,Over
6,talk,13,7,Over
6,talk,14,6,Over
6,talk,15,11,Over
6,talk,16,4,VOTE Agent[06]
6,talk,17,5,ESTIMATE Agent[06] MEDIUM
6,whisper,2,5,Over
6,talk,18,9,Over
6,talk,19,11,Over
6,talk,20,4,ESTIMATE Agent[12] SEER
6,talk,21,5,ESTIMATE Agent[07] WEREWOLF
6,talk,22,6,Over
6,talk,23,7,Over
6,whisper,3,5,Over
6,talk,24,9,Over
6,talk,25,5,ESTIMATE Agent[06] MEDIUM
6,talk,26,4,ESTIMATE Agent[06] MEDIUM
6,talk,27,11,Over
6,talk,28,6,Over
6,talk,29,7,Over
6,whisper,4,5,Over
6,talk,30,4,VOTE Agent[09]
6,talk,31,5,ESTIMATE Agent[06] MEDIUM
6,talk,32,9,Over
6,talk,33,6,Over
6,talk,34,7,Over
6,talk,35,11,Over
6,whisper,5,5,Over
6,talk,36,5,ESTIMATE Agent[06] MEDIUM
6,talk,37,4,ESTIMATE Agent[09] VILLAGER
6,talk,38,6,Over
6,talk,39,7,Over
6,talk,40,9,Over
6,talk,41,11,Over
6,whisper,6,5,Over
6,talk,42,4,Over
6,talk,43,5,ESTIMATE Agent[09] VILLAGER
6,talk,44,6,Over
6,talk,45,7,Over
6,talk,46,9,Over
6,talk,47,11,Over
6,whisper,7,5,Over
6,talk,48,5,ESTIMATE Agent[09] VILLAGER
6,talk,49,4,Over
6,talk,50,6,Over
6,talk,51,7,Over
6,talk,52,9,Over
6,talk,53,11,Over
6,whisper,8,5,Over
6,talk,54,5,ESTIMATE Agent[06] MEDIUM
6,talk,55,4,Over
6,talk,56,6,Over
6,talk,57,7,Over
6,talk,58,9,Over
6,talk,59,11,Over
6,whisper,9,5,Over
6,vote,4,5
6,vote,5,7
6,vote,6,9
6,vote,7,5
6,vote,9,11
6,vote,11,4
6,attackVote,5,6
6,execute,5,WEREWOLF
7,status,1,VILLAGER,DEAD,cash
7,status,2,VILLAGER,DEAD,kSugar
7,status,3,BODYGUARD,DEAD,haretaro
7,status,4,VILLAGER,ALIVE,Kanolab
7,status,5,WEREWOLF,DEAD,wasabi
7,status,6,MEDIUM,ALIVE,TOT
7,status,7,VILLAGER,ALIVE,nakamura
7,status,8,VILLAGER,DEAD,iace10442
7,status,9,VILLAGER,ALIVE,tkAI
7,status,10,POSSESSED,DEAD,NLwolf
7,status,11,VILLAGER,ALIVE,carlo
7,status,12,SEER,DEAD,twn480
7,status,13,WEREWOLF,DEAD,KajiGod
7,status,14,WEREWOLF,DEAD,howls
7,status,15,VILLAGER,DEAD,Udon
7,result,5,0,VILLAGER
