0,status,1,VILLAGER,ALIVE,cash
0,status,2,VILLAGER,ALIVE,kSugar
0,status,3,VILLAGER,ALIVE,haretaro
0,status,4,WEREWOLF,ALIVE,Kanolab
0,status,5,VILLAGER,ALIVE,wasabi
0,status,6,SEER,ALIVE,TOT
0,status,7,VILLAGER,ALIVE,nakamura
0,status,8,WEREWOLF,ALIVE,iace10442
0,status,9,MEDIUM,ALIVE,tkAI
0,status,10,VILLAGER,ALIVE,NLwolf
0,status,11,WEREWOLF,ALIVE,carlo
0,status,12,BODYGUARD,ALIVE,twn480
0,status,13,VILLAGER,ALIVE,KajiGod
0,status,14,POSSESSED,ALIVE,howls
0,status,15,VILLAGER,ALIVE,Udon
0,talk,0,4,VOTE Agent[15]
0,talk,1,14,Over
0,talk,2,13,VOTE Agent[09]
0,talk,3,10,Skip
0,talk,4,15,VOTE Agent[09]
0,talk,5,3,Over
0,talk,6,5,ESTIMATE Agent[11] VILLAGER
0,talk,7,11,VOTE Agent[01]
0,talk,8,9,Over
0,talk,9,2,COMINGOUT Agent[02] VILLAGER
0,talk,10,6,Over
0,talk,11,12,Skip
0,talk,12,8,Skip
0,talk,13,7,ESTIMATE Agent[13] WEREWOLF
0,talk,14,1,VOTE Agent[02]
0,whisper,0,4,Over
0,whisper,1,11,COMINGOUT Agent[11] VILLAGER
0,whisper,2,8,COMINGOUT Agent[08] WEREWOLF
0,whisper,3,8,ATTACK Agent[12]
0,whisper,4,4,Over
0,whisper,5,11,ATTACK Agent[12]
0,whisper,6,8,Over
0,whisper,7,4,Over
0,whisper,8,11,Over
0,talk,15,15,ESTIMATE Agent[01] WEREWOLF
0,talk,16,2,Skip
0,talk,17,13,VOTE Agent[02]
0,talk,18,6,Over
0,talk,19,14,Over
0,talk,20,8,Skip
0,talk,21,5,ESTIMATE Agent[01] VILLAGER
0,talk,22,3,Over
0,talk,23,7,VOTE Agent[13]
0,talk,24,12,Skip
0,talk,25,1,Over
0,talk,26,4,Over
0,talk,27,9,Over
0,talk,28,10,Skip
0,talk,29,11,Over
0,whisper,9,8,Over
0,whisper,10,4,Over
0,whisper,11,11,Over
0,talk,30,8,ESTIMATE Agent[01] VILLAGER
0,talk,31,3,Over
0,talk,32,15,ESTIMATE Agent[04] WEREWOLF
0,talk,33,12,Skip
0,talk,34,1,Over
0,talk,35,14,Over
0,talk,36,4,Over
0,talk,37,2,ESTIMATE Agent[01] VILLAGER
0,talk,38,9,Over
0,talk,39,7,Over
0,talk,40,13,Over
0,talk,41,5,ESTIMATE Agent[08] VILLAGER
0,talk,42,6,Over
0,talk,43,10,Skip
0,talk,44,11,Over
0,whisper,12,11,Over
0,whisper,13,4,Over
0,whisper,14,8,Over
0,talk,45,1,Over
0,talk,46,7,Over
0,talk,47,14,Over
0,talk,48,10,VOTE Agent[11]
0,talk,49,13,Over
0,talk,50,9,Over
0,talk,51,2,Skip
0,talk,52,8,VOTE Agent[15]
0,talk,53,5,ESTIMATE Agent[12] VILLAGER
0,talk,54,12,Skip
0,talk,55,3,Over
0,talk,56,4,Over
0,talk,57,6,Over
0,talk,58,15,ESTIMATE Agent[09] WEREWOLF
0,talk,59,11,Over
0,whisper,15,8,Over
0,whisper,16,11,Over
0,whisper,17,4,Over
0,talk,60,3,Over
0,talk,61,1,Over
0,talk,62,7,Over
0,talk,63,10,Over
0,talk,64,14,Over
0,talk,65,2,ESTIMATE Agent[03] VILLAGER
0,talk,66,12,Skip
0,talk,67,15,VOTE Agent[02]
0,talk,68,9,Over
0,talk,69,5,ESTIMATE Agent[02] WEREWOLF
0,talk,70,8,VOTE Agent[10]
0,talk,71,13,Over
0,talk,72,4,Over
0,talk,73,6,Over
0,talk,74,11,Over
0,whisper,18,11,Over
0,whisper,19,4,Over
0,whisper,20,8,Over
0,talk,75,8,VOTE Agent[05]
0,talk,76,2,Skip
0,talk,77,9,Over
0,talk,78,3,Over
0,talk,79,5,ESTIMATE Agent[12] WEREWOLF
0,talk,80,1,Over
0,talk,81,15,Over
0,talk,82,10,Over
0,talk,83,7,Over
0,talk,84,12,Skip
0,talk,85,14,Over
0,talk,86,4,Over
0,talk,87,6,Over
0,talk,88,11,Over
0,talk,89,13,Over
0,whisper,21,11,Over
0,whisper,22,4,Over
0,whisper,23,8,Over
0,talk,90,10,Over
0,talk,91,8,VOTE Agent[15]
0,talk,92,5,ESTIMATE Agent[02] VILLAGER
0,talk,93,2,ESTIMATE Agent[04] VILLAGER
0,talk,94,7,Over
0,talk,95,9,Over
0,talk,96,3,Over
0,talk,97,12,Skip
0,talk,98,15,Over
0,talk,99,1,Over
0,talk,100,4,Over
0,talk,101,6,Over
0,talk,102,11,Over
0,talk,103,13,Over
0,talk,104,14,Over
0,whisper,24,11,Over
0,whisper,25,8,Over
0,whisper,26,4,Over
0,talk,105,7,Over
0,talk,106,12,Skip
0,talk,107,5,ESTIMATE Agent[08] WEREWOLF
0,talk,108,8,VOTE Agent[05]
0,talk,109,3,Over
0,talk,110,9,Over
0,talk,111,10,Over
0,talk,112,2,Skip
0,talk,113,1,Over
0,talk,114,4,Over
0,talk,115,6,Over
0,talk,116,11,Over
0,talk,117,13,Over
0,talk,118,14,Over
0,talk,119,15,Over
0,whisper,27,11,Over
0,whisper,28,4,Over
0,whisper,29,8,Over
0,talk,120,5,ESTIMATE Agent[10] WEREWOLF
0,talk,121,12,Skip
0,talk,122,2,ESTIMATE Agent[06] VILLAGER
0,talk,123,10,Over
0,talk,124,3,Over
0,talk,125,8,VOTE Agent[07]
0,talk,126,7,Over
0,talk,127,9,Over
0,talk,128,1,Over
0,talk,129,4,Over
0,talk,130,6,Over
0,talk,131,11,Over
0,talk,132,13,Over
0,talk,133,14,Over
0,talk,134,15,Over
0,whisper,30,8,Over
0,whisper,31,4,Over
0,whisper,32,11,Over
0,talk,135,10,Over
0,talk,136,8,VOTE Agent[11]
0,talk,137,5,ESTIMATE Agent[03] VILLAGER
0,talk,138,2,Skip
0,talk,139,12,Skip
0,talk,140,3,Over
0,talk,141,1,Over
0,talk,142,4,Over
0,talk,143,6,Over
0,talk,144,7,Over
0,talk,145,9,Over
0,talk,146,11,Over
0,talk,147,13,Over
0,talk,148,14,Over
0,talk,149,15,Over
0,whisper,33,8,Over
0,whisper,34,4,Over
0,whisper,35,11,Over
0,divine,6,15,HUMAN
1,status,1,VILLAGER,ALIVE,cash
1,status,2,VILLAGER,ALIVE,kSugar
1,status,3,VILLAGER,ALIVE,haretaro
1,status,4,WEREWOLF,ALIVE,Kanolab
1,status,5,VILLAGER,ALIVE,wasabi
1,status,6,SEER,ALIVE,TOT
1,status,7,VILLAGER,ALIVE,nakamura
1,status,8,WEREWOLF,ALIVE,iace10442
1,status,9,MEDIUM,ALIVE,tkAI
1,status,10,VILLAGER,ALIVE,NLwolf
1,status,11,WEREWOLF,ALIVE,carlo
1,status,12,BODYGUARD,ALIVE,twn480
1,status,13,VILLAGER,ALIVE,KajiGod
1,status,14,POSSESSED,ALIVE,howls
1,status,15,VILLAGER,ALIVE,Udon
1,talk,0,15,VOTE Agent[02]
1,talk,1,10,Skip
1,talk,2,13,VOTE Agent[02]
1,talk,3,14,DIVINED Agent[02] HUMAN
1,talk,4,4,COMINGOUT Agent[04] MEDIUM
1,talk,5,3,VOTE Agent[06]
1,talk,6,8,Skip
1,talk,7,7,ESTIMATE Agent[13] WEREWOLF
1,talk,8,9,VOTE Agent[04]
1,talk,9,11,VOTE Agent[01]
1,talk,10,1,Skip
1,talk,11,12,Skip
1,talk,12,2,VOTE Agent[09]
1,talk,13,5,ESTIMATE Agent[11] VILLAGER
1,talk,14,6,COMINGOUT Agent[06] SEER
1,whisper,0,11,ATTACK Agent[15]
1,whisper,1,8,ATTACK Agent[11]
1,whisper,2,4,Over
1,whisper,3,11,Over
1,whisper,4,8,Over
1,talk,15,5,ESTIMATE Agent[04] MEDIUM
1,talk,16,8,ESTIMATE Agent[05] VILLAGER
1,talk,17,11,Over
1,talk,18,4,INQUESTED Agent[11] HUMAN
1,talk,19,9,VOTE Agent[04]
1,talk,20,6,DIVINED Agent[15] HUMAN
1,talk,21,1,Skip
1,talk,22,3,VOTE Agent[02]
1,talk,23,10,Skip
1,talk,24,14,Over
1,talk,25,2,COMINGOUT Agent[02] BODYGUARD
1,talk,26,15,ESTIMATE Agent[02] WEREWOLF
1,talk,27,13,Over
1,talk,28,12,Skip
1,talk,29,7,VOTE Agent[13]
1,whisper,5,4,Over
1,whisper,6,8,Over
1,whisper,7,11,Over
1,talk,30,12,Skip
1,talk,31,10,Skip
1,talk,32,15,ESTIMATE Agent[09] WEREWOLF
1,talk,33,6,VOTE Agent[05]
1,talk,34,9,VOTE Agent[04]
1,talk,35,7,Over
1,talk,36,8,ESTIMATE Agent[10] VILLAGER
1,talk,37,13,Over
1,talk,38,3,Skip
1,talk,39,11,Over
1,talk,40,14,Over
1,talk,41,5,ESTIMATE Agent[06] SEER
1,talk,42,2,ESTIMATE Agent[03] VILLAGER
1,talk,43,1,Skip
1,talk,44,4,INQUESTED Agent[13] WEREWOLF
1,whisper,8,11,Over
1,whisper,9,8,Over
1,whisper,10,4,Over
1,talk,45,11,Over
1,talk,46,10,VOTE Agent[14]
1,talk,47,12,Skip
1,talk,48,1,Skip
1,talk,49,9,VOTE Agent[04]
1,talk,50,2,ESTIMATE Agent[05] VILLAGER
1,talk,51,5,ESTIMATE Agent[14] WEREWOLF
1,talk,52,14,Over
1,talk,53,13,Over
1,talk,54,4,INQUESTED Agent[07] HUMAN
1,talk,55,15,ESTIMATE Agent[14] WEREWOLF
1,talk,56,6,Over
1,talk,57,3,Skip
1,talk,58,7,Over
1,talk,59,8,VOTE Agent[06]
1,whisper,11,11,Over
1,whisper,12,8,Over
1,whisper,13,4,Over
1,talk,60,3,Skip
1,talk,61,8,VOTE Agent[02]
1,talk,62,9,VOTE Agent[04]
1,talk,63,14,Over
1,talk,64,12,Skip
1,talk,65,6,Over
1,talk,66,4,INQUESTED Agent[11] WEREWOLF
1,talk,67,11,Over
1,talk,68,1,VOTE Agent[13]
1,talk,69,5,ESTIMATE Agent[09] WEREWOLF
1,talk,70,10,Over
1,talk,71,7,Over
1,talk,72,15,VOTE Agent[01]
1,talk,73,13,VOTE Agent[04]
1,talk,74,2,ESTIMATE Agent[07] VILLAGER
1,whisper,14,4,Over
1,whisper,15,8,Over
1,whisper,16,11,Over
1,talk,75,4,INQUESTED Agent[15] WEREWOLF
1,talk,76,12,Skip
1,talk,77,7,Over
1,talk,78,2,ESTIMATE Agent[08] VILLAGER
1,talk,79,1,VOTE Agent[04]
1,talk,80,8,VOTE Agent[07]
1,talk,81,10,Over
1,talk,82,11,Over
1,talk,83,14,Over
1,talk,84,9,VOTE Agent[04]
1,talk,85,3,VOTE Agent[01]
1,talk,86,5,ESTIMATE Agent[13] WEREWOLF
1,talk,87,6,ESTIMATE Agent[04] WEREWOLF
1,talk,88,15,ESTIMATE Agent[04] MEDIUM
1,talk,89,13,Over
1,whisper,17,4,Over
1,whisper,18,11,Over
1,whisper,19,8,Over
1,talk,90,15,ESTIMATE Agent[06] SEER
1,talk,91,2,VOTE Agent[01]
1,talk,92,1,Over
1,talk,93,5,Skip
1,talk,94,12,Skip
1,talk,95,7,Over
1,talk,96,8,VOTE Agent[05]
1,talk,97,6,VOTE Agent[04]
1,talk,98,14,Over
1,talk,99,3,Skip
1,talk,100,11,Over
1,talk,101,4,INQUESTED Agent[02] WEREWOLF
1,talk,102,10,Over
1,talk,103,9,VOTE Agent[04]
1,talk,104,13,Over
1,whisper,20,11,Over
1,whisper,21,8,Over
1,whisper,22,4,Over
1,talk,105,10,Over
1,talk,106,2,Skip
1,talk,107,7,Over
1,talk,108,5,Skip
1,talk,109,8,Over
1,talk,110,3,Skip
1,talk,111,11,Over
1,talk,112,1,VOTE Agent[04]
1,talk,113,14,Over
1,talk,114,15,Over
1,talk,115,9,VOTE Agent[04]
1,talk,116,6,Over
1,talk,117,4,VOTE Agent[13]
1,talk,118,12,Skip
1,talk,119,13,Over
1,whisper,23,8,Over
1,whisper,24,4,Over
1,whisper,25,11,Over
1,talk,120,2,Skip
1,talk,121,11,Over
1,talk,122,6,Over
1,talk,123,14,Over
1,talk,124,3,Skip
1,talk,125,9,VOTE Agent[04]
1,talk,126,7,Over
1,talk,127,5,ESTIMATE Agent[13] WEREWOLF
1,talk,128,4,Over
1,talk,129,10,Over
1,talk,130,15,Over
1,talk,131,8,VOTE Agent[15]
1,talk,132,1,Over
1,talk,133,12,Skip
1,talk,134,13,Over
1,whisper,26,8,Over
1,whisper,27,11,Over
1,whisper,28,4,Over
1,talk,135,4,Over
1,talk,136,11,Over
1,talk,137,7,Over
1,talk,138,2,Skip
1,talk,139,14,Over
1,talk,140,8,VOTE Agent[11]
1,talk,141,1,Over
1,talk,142,12,Skip
1,talk,143,15,Over
1,talk,144,5,ESTIMATE Agent[06] WEREWOLF
1,talk,145,9,VOTE Agent[04]
1,talk,146,3,Skip
1,talk,147,10,Over
1,talk,148,6,Over
1,talk,149,13,Over
1,whisper,29,8,Over
1,whisper,30,11,Over
1,whisper,31,4,Over
1,vote,1,4
1,vote,2,1
1,vote,3,1
1,vote,4,13
1,vote,5,4
1,vote,6,4
1,vote,7,13
1,vote,8,11
1,vote,9,4
1,vote,10,14
1,vote,11,1
1,vote,12,11
1,vote,13,4
1,vote,14,13
1,vote,15,1
1,divine,6,13,HUMAN
1,guard,12,1,VILLAGER
1,attackVote,4,13
1,attackVote,11,15
1,execute,4,WEREWOLF
1,attack,15,true
2,status,1,VILLAGER,ALIVE,cash
2,status,2,VILLAGER,ALIVE,kSugar
2,status,3,VILLAGER,ALIVE,haretaro
2,status,4,WEREWOLF,DEAD,Kanolab
2,status,5,VILLAGER,ALIVE,wasabi
2,status,6,SEER,ALIVE,TOT
2,status,7,VILLAGER,ALIVE,nakamura
2,status,8,WEREWOLF,ALIVE,iace10442
2,status,9,MEDIUM,ALIVE,tkAI
2,status,10,VILLAGER,ALIVE,NLwolf
2,status,11,WEREWOLF,ALIVE,carlo
2,status,12,BODYGUARD,ALIVE,twn480
2,status,13,VILLAGER,ALIVE,KajiGod
2,status,14,POSSESSED,ALIVE,howls
2,status,15,VILLAGER,DEAD,Udon
2,talk,0,9,VOTE Agent[04]
2,talk,1,14,DIVINED Agent[07] HUMAN
2,talk,2,1,VOTE Agent[14]
2,talk,3,5,ESTIMATE Agent[02] BODYGUARD
2,talk,4,13,VOTE Agent[02]
2,talk,5,3,VOTE Agent[12]
2,talk,6,11,VOTE Agent[01]
2,talk,7,10,Skip
2,talk,8,2,VOTE Agent[03]
2,talk,9,12,Skip
2,talk,10,7,ESTIMATE Agent[13] WEREWOLF
2,talk,11,6,DIVINED Agent[13] HUMAN
2,talk,12,8,ESTIMATE Agent[06] SEER
2,whisper,0,8,ATTACK Agent[13]
2,whisper,1,11,ATTACK Agent[13]
2,whisper,2,8,Over
2,whisper,3,11,Over
2,talk,13,2,VOTE Agent[13]
2,talk,14,6,VOTE Agent[08]
2,talk,15,8,Skip
2,talk,16,9,VOTE Agent[04]
2,talk,17,11,Over
2,talk,18,3,VOTE Agent[01]
2,talk,19,14,Over
2,talk,20,12,Skip
2,talk,21,1,VOTE Agent[14]
2,talk,22,10,Skip
2,talk,23,13,Over
2,talk,24,7,VOTE Agent[13]
2,talk,25,5,ESTIMATE Agent[02] WEREWOLF
2,whisper,4,11,ATTACK Agent[14]
2,whisper,5,8,Over
2,whisper,6,11,Over
2,talk,26,6,Over
2,talk,27,2,ESTIMATE Agent[09] VILLAGER
2,talk,28,8,Skip
2,talk,29,11,Over
2,talk,30,5,ESTIMATE Agent[09] WEREWOLF
2,talk,31,9,VOTE Agent[04]
2,talk,32,7,Over
2,talk,33,3,Skip
2,talk,34,13,Over
2,talk,35,14,Over
2,talk,36,10,Skip
2,talk,37,12,Skip
2,talk,38,1,Over
2,whisper,7,8,Over
2,whisper,8,11,Over
2,talk,39,12,Skip
2,talk,40,11,Over
2,talk,41,7,Over
2,talk,42,13,Over
2,talk,43,8,VOTE Agent[12]
2,talk,44,14,Over
2,talk,45,2,ESTIMATE Agent[09] VILLAGER
2,talk,46,5,ESTIMATE Agent[06] SEER
2,talk,47,10,VOTE Agent[03]
2,talk,48,3,Skip
2,talk,49,6,Over
2,talk,50,9,VOTE Agent[04]
2,talk,51,1,Over
2,whisper,9,8,Over
2,whisper,10,11,Over
2,talk,52,13,Over
2,talk,53,6,Over
2,talk,54,8,VOTE Agent[10]
2,talk,55,14,Over
2,talk,56,3,Skip
2,talk,57,7,Over
2,talk,58,10,Over
2,talk,59,11,Over
2,talk,60,9,VOTE Agent[04]
2,talk,61,12,Skip
2,talk,62,2,ESTIMATE Agent[10] VILLAGER
2,talk,63,5,ESTIMATE Agent[03] WEREWOLF
2,talk,64,1,Over
2,whisper,11,11,Over
2,whisper,12,8,Over
2,talk,65,2,ESTIMATE Agent[03] VILLAGER
2,talk,66,6,Over
2,talk,67,10,Over
2,talk,68,5,ESTIMATE Agent[06] SEER
2,talk,69,14,Over
2,talk,70,9,VOTE Agent[04]
2,talk,71,7,Over
2,talk,72,13,Over
2,talk,73,12,Skip
2,talk,74,3,Skip
2,talk,75,8,VOTE Agent[12]
2,talk,76,11,Over
2,talk,77,1,Over
2,whisper,13,8,Over
2,whisper,14,11,Over
2,talk,78,9,VOTE Agent[04]
2,talk,79,5,ESTIMATE Agent[13] VILLAGER
2,talk,80,3,Skip
2,talk,81,14,Over
2,talk,82,12,Skip
2,talk,83,6,Over
2,talk,84,8,VOTE Agent[13]
2,talk,85,10,Over
2,talk,86,2,Skip
2,talk,87,7,Over
2,talk,88,13,Over
2,talk,89,1,Over
2,talk,90,11,Over
2,whisper,15,11,Over
2,whisper,16,8,Over
2,talk,91,6,Over
2,talk,92,5,ESTIMATE Agent[07] WEREWOLF
2,talk,93,2,Skip
2,talk,94,14,Over
2,talk,95,8,Over
2,talk,96,12,Skip
2,talk,97,10,Over
2,talk,98,9,VOTE Agent[04]
2,talk,99,3,Skip
2,talk,100,1,Over
2,talk,101,7,Over
2,talk,102,11,Over
2,talk,103,13,Over
2,whisper,17,8,Over
2,whisper,18,11,Over
2,talk,104,2,Skip
2,talk,105,9,VOTE Agent[04]
2,talk,106,12,Skip
2,talk,107,6,Over
2,talk,108,3,Skip
2,talk,109,10,Over
2,talk,110,5,ESTIMATE Agent[03] WEREWOLF
2,talk,111,14,Over
2,talk,112,8,VOTE Agent[05]
2,talk,113,1,Over
2,talk,114,7,Over
2,talk,115,11,Over
2,talk,116,13,Over
2,whisper,19,8,Over
2,whisper,20,11,Over
2,talk,117,6,Over
2,talk,118,2,Skip
2,talk,119,12,Skip
2,talk,120,9,VOTE Agent[04]
2,talk,121,8,VOTE Agent[06]
2,talk,122,10,Over
2,talk,123,14,Over
2,talk,124,3,Skip
2,talk,125,5,ESTIMATE Agent[09] WEREWOLF
2,talk,126,1,Over
2,talk,127,7,Over
2,talk,128,11,Over
2,talk,129,13,Over
2,whisper,21,8,Over
2,whisper,22,11,Over
2,vote,1,14
2,vote,2,13
2,vote,3,1
2,vote,5,14
2,vote,6,8
2,vote,7,13
2,vote,8,6
2,vote,9,8
2,vote,10,3
2,vote,11,1
2,vote,12,9
2,vote,13,2
2,vote,14,13
2,divine,6,7,HUMAN
2,guard,12,1,VILLAGER
2,attackVote,8,13
2,attackVote,11,14
2,execute,13,VILLAGER
2,attack,-1,false
3,status,1,VILLAGER,ALIVE,cash
3,status,2,VILLAGER,ALIVE,kSugar
3,status,3,VILLAGER,ALIVE,haretaro
3,status,4,WEREWOLF,DEAD,Kanolab
3,status,5,VILLAGER,ALIVE,wasabi
3,status,6,SEER,ALIVE,TOT
3,status,7,VILLAGER,ALIVE,nakamura
3,status,8,WEREWOLF,ALIVE,iace10442
3,status,9,MEDIUM,ALIVE,tkAI
3,status,10,VILLAGER,ALIVE,NLwolf
3,status,11,WEREWOLF,ALIVE,carlo
3,status,12,BODYGUARD,ALIVE,twn480
3,status,13,VILLAGER,DEAD,KajiGod
3,status,14,POSSESSED,ALIVE,howls
3,status,15,VILLAGER,DEAD,Udon
3,talk,0,11,VOTE Agent[01]
3,talk,1,1,VOTE Agent[14]
3,talk,2,7,ESTIMATE Agent[08] WEREWOLF
3,talk,3,6,DIVINED Agent[07] HUMAN
3,talk,4,12,Skip
3,talk,5,10,Skip
3,talk,6,14,DIVINED Agent[04] HUMAN
3,talk,7,3,VOTE Agent[12]
3,talk,8,8,ESTIMATE Agent[05] VILLAGER
3,talk,9,9,VOTE Agent[04]
3,talk,10,2,VOTE Agent[07]
3,talk,11,5,ESTIMATE Agent[07] VILLAGER
3,whisper,0,11,ATTACK Agent[06]
3,whisper,1,8,ATTACK Agent[07]
3,whisper,2,11,ATTACK Agent[07]
3,whisper,3,8,Over
3,whisper,4,11,ESTIMATE Agent[06] SEER
3,whisper,5,8,Over
3,whisper,6,11,ESTIMATE Agent[14] POSSESSED
3,whisper,7,8,Over
3,whisper,8,11,Over
3,talk,12,14,Over
3,talk,13,5,ESTIMATE Agent[11] WEREWOLF
3,talk,14,1,VOTE Agent[14]
3,talk,15,8,ESTIMATE Agent[05] VILLAGER
3,talk,16,9,VOTE Agent[04]
3,talk,17,3,VOTE Agent[01]
3,talk,18,12,Skip
3,talk,19,10,Skip
3,talk,20,2,VOTE Agent[03]
3,talk,21,6,ESTIMATE Agent[02] WEREWOLF
3,talk,22,11,Over
3,talk,23,7,VOTE Agent[08]
3,whisper,9,11,Over
3,whisper,10,8,Over
3,talk,24,3,Skip
3,talk,25,9,VOTE Agent[04]
3,talk,26,1,Over
3,talk,27,12,Skip
3,talk,28,11,Over
3,talk,29,2,ESTIMATE Agent[03] VILLAGER
3,talk,30,14,Over
3,talk,31,10,Skip
3,talk,32,8,Skip
3,talk,33,5,ESTIMATE Agent[07] VILLAGER
3,talk,34,7,Over
3,talk,35,6,ESTIMATE Agent[11] WEREWOLF
3,whisper,11,8,Over
3,whisper,12,11,Over
3,talk,36,9,VOTE Agent[04]
3,talk,37,1,Over
3,talk,38,7,Over
3,talk,39,6,VOTE Agent[11]
3,talk,40,8,VOTE Agent[02]
3,talk,41,14,Over
3,talk,42,11,Over
3,talk,43,2,ESTIMATE Agent[05] VILLAGER
3,talk,44,12,Skip
3,talk,45,5,ESTIMATE Agent[06] SEER
3,talk,46,3,Skip
3,talk,47,10,VOTE Agent[01]
3,whisper,13,8,Over
3,whisper,14,11,Over
3,talk,48,14,Over
3,talk,49,8,VOTE Agent[09]
3,talk,50,6,Over
3,talk,51,9,VOTE Agent[04]
3,talk,52,12,Skip
3,talk,53,5,ESTIMATE Agent[11] WEREWOLF
3,talk,54,2,ESTIMATE Agent[07] VILLAGER
3,talk,55,7,Over
3,talk,56,1,Over
3,talk,57,10,Over
3,talk,58,3,Skip
3,talk,59,11,Over
3,whisper,15,8,Over
3,whisper,16,11,Over
3,talk,60,6,Over
3,talk,61,14,Over
3,talk,62,5,ESTIMATE Agent[07] VILLAGER
3,talk,63,12,Skip
3,talk,64,1,Over
3,talk,65,3,Skip
3,talk,66,8,VOTE Agent[06]
3,talk,67,9,VOTE Agent[04]
3,talk,68,10,Over
3,talk,69,2,ESTIMATE Agent[07] VILLAGER
3,talk,70,7,Over
3,talk,71,11,Over
3,whisper,17,11,Over
3,whisper,18,8,Over
3,talk,72,1,Over
3,talk,73,9,VOTE Agent[04]
3,talk,74,3,Skip
3,talk,75,2,VOTE Agent[01]
3,talk,76,12,Skip
3,talk,77,14,Over
3,talk,78,10,Over
3,talk,79,5,ESTIMATE Agent[07] VILLAGER
3,talk,80,6,Over
3,talk,81,8,VOTE Agent[07]
3,talk,82,7,Over
3,talk,83,11,Over
3,whisper,19,11,Over
3,whisper,20,8,Over
3,talk,84,1,Over
3,talk,85,8,Over
3,talk,86,10,Over
3,talk,87,12,Skip
3,talk,88,5,ESTIMATE Agent[01] WEREWOLF
3,talk,89,6,Over
3,talk,90,2,Skip
3,talk,91,9,VOTE Agent[04]
3,talk,92,3,Skip
3,talk,93,14,Over
3,talk,94,7,Over
3,talk,95,11,Over
3,whisper,21,8,Over
3,whisper,22,11,Over
3,talk,96,10,Over
3,talk,97,1,Over
3,talk,98,9,VOTE Agent[04]
3,talk,99,5,ESTIMATE Agent[14] WEREWOLF
3,talk,100,8,VOTE Agent[05]
3,talk,101,6,Over
3,talk,102,12,Skip
3,talk,103,3,Skip
3,talk,104,2,Skip
3,talk,105,7,Over
3,talk,106,11,Over
3,talk,107,14,Over
3,whisper,23,11,Over
3,whisper,24,8,Over
3,talk,108,1,Over
3,talk,109,3,Skip
3,talk,110,2,Skip
3,talk,111,6,Over
3,talk,112,12,Skip
3,talk,113,9,VOTE Agent[04]
3,talk,114,10,Over
3,talk,115,8,Over
3,talk,116,5,ESTIMATE Agent[07] VILLAGER
3,talk,117,7,Over
3,talk,118,11,Over
3,talk,119,14,Over
3,whisper,25,11,Over
3,whisper,26,8,Over
3,vote,1,14
3,vote,2,1
3,vote,3,1
3,vote,5,11
3,vote,6,11
3,vote,7,8
3,vote,8,5
3,vote,9,14
3,vote,10,1
3,vote,11,1
3,vote,12,14
3,vote,14,2
3,divine,6,1,HUMAN
3,guard,12,1,VILLAGER
3,attackVote,8,7
3,attackVote,11,7
3,execute,1,VILLAGER
3,attack,7,true
4,status,1,VILLAGER,DEAD,cash
4,status,2,VILLAGER,ALIVE,kSugar
4,status,3,VILLAGER,ALIVE,haretaro
4,status,4,WEREWOLF,DEAD,Kanolab
4,status,5,VILLAGER,ALIVE,wasabi
4,status,6,SEER,ALIVE,TOT
4,status,7,VILLAGER,DEAD,nakamura
4,status,8,WEREWOLF,ALIVE,iace10442
4,status,9,MEDIUM,ALIVE,tkAI
4,status,10,VILLAGER,ALIVE,NLwolf
4,status,11,WEREWOLF,ALIVE,carlo
4,status,12,BODYGUARD,ALIVE,twn480
4,status,13,VILLAGER,DEAD,KajiGod
4,status,14,POSSESSED,ALIVE,howls
4,status,15,VILLAGER,DEAD,Udon
4,talk,0,12,Skip
4,talk,1,8,Skip
4,talk,2,11,VOTE Agent[02]
4,talk,3,2,VOTE Agent[09]
4,talk,4,3,VOTE Agent[12]
4,talk,5,6,DIVINED Agent[01] HUMAN
4,talk,6,10,Skip
4,talk,7,9,VOTE Agent[04]
4,talk,8,5,ESTIMATE Agent[02] WEREWOLF
4,talk,9,14,DIVINED Agent[07] HUMAN
4,whisper,0,11,ATTACK Agent[06]
4,whisper,1,8,ATTACK Agent[12]
4,whisper,2,11,ATTACK Agent[12]
4,whisper,3,8,Over
4,whisper,4,11,Over
4,talk,10,2,VOTE Agent[03]
4,talk,11,3,VOTE Agent[02]
4,talk,12,8,Skip
4,talk,13,14,Over
4,talk,14,11,Over
4,talk,15,12,Skip
4,talk,16,10,Skip
4,talk,17,9,VOTE Agent[04]
4,talk,18,5,ESTIMATE Agent[10] WEREWOLF
4,talk,19,6,VOTE Agent[11]
4,whisper,5,11,Over
4,whisper,6,8,Over
4,talk,20,2,ESTIMATE Agent[08] VILLAGER
4,talk,21,5,ESTIMATE Agent[09] WEREWOLF
4,talk,22,9,VOTE Agent[04]
4,talk,23,6,Over
4,talk,24,12,Skip
4,talk,25,3,Skip
4,talk,26,11,Over
4,talk,27,14,Over
4,talk,28,8,ESTIMATE Agent[05] VILLAGER
4,talk,29,10,Skip
4,whisper,7,11,Over
4,whisper,8,8,Over
4,talk,30,11,Over
4,talk,31,10,VOTE Agent[14]
4,talk,32,12,Skip
4,talk,33,6,Over
4,talk,34,3,Skip
4,talk,35,5,ESTIMATE Agent[06] SEER
4,talk,36,8,VOTE Agent[05]
4,talk,37,2,ESTIMATE Agent[09] VILLAGER
4,talk,38,9,VOTE Agent[04]
4,talk,39,14,Over
4,whisper,9,11,Over
4,whisper,10,8,Over
4,talk,40,11,Over
4,talk,41,3,Skip
4,talk,42,2,ESTIMATE Agent[10] VILLAGER
4,talk,43,6,Over
4,talk,44,8,Over
4,talk,45,12,Skip
4,talk,46,5,ESTIMATE Agent[06] SEER
4,talk,47,9,VOTE Agent[04]
4,talk,48,10,Over
4,talk,49,14,Over
4,whisper,11,11,Over
4,whisper,12,8,Over
4,talk,50,5,ESTIMATE Agent[06] SEER
4,talk,51,12,Skip
4,talk,52,2,ESTIMATE Agent[11] VILLAGER
4,talk,53,3,Skip
4,talk,54,9,VOTE Agent[04]
4,talk,55,11,Over
4,talk,56,8,Over
4,talk,57,6,Over
4,talk,58,10,Over
4,talk,59,14,Over
4,whisper,13,11,Over
4,whisper,14,8,Over
4,talk,60,3,Skip
4,talk,61,5,ESTIMATE Agent[02] WEREWOLF
4,talk,62,12,Skip
4,talk,63,2,VOTE Agent[11]
4,talk,64,9,VOTE Agent[04]
4,talk,65,6,Over
4,talk,66,8,Over
4,talk,67,10,Over
4,talk,68,11,COMINGOUT Agent[11] SEER
4,talk,69,14,Over
4,whisper,15,11,COMINGOUT Agent[11] SEER
4,whisper,16,8,Over
4,whisper,17,11,Over
4,talk,70,10,Over
4,talk,71,11,DIVINED Agent[15] HUMAN
4,talk,72,2,Skip
4,talk,73,12,Skip
4,talk,74,3,Skip
4,talk,75,8,Over
4,talk,76,5,ESTIMATE Agent[03] VILLAGER
4,talk,77,9,VOTE Agent[04]
4,talk,78,6,Over
4,talk,79,14,Over
4,whisper,18,11,Over
4,whisper,19,8,Over
4,talk,80,11,DIVINED Agent[08] HUMAN
4,talk,81,5,ESTIMATE Agent[06] WEREWOLF
4,talk,82,3,Skip
4,talk,83,12,Skip
4,talk,84,9,VOTE Agent[04]
4,talk,85,8,Over
4,talk,86,2,Skip
4,talk,87,10,Over
4,talk,88,6,Over
4,talk,89,14,Over
4,whisper,20,11,Over
4,whisper,21,8,Over
4,talk,90,5,ESTIMATE Agent[11] WEREWOLF
4,talk,91,2,Skip
4,talk,92,11,DIVINED Agent[14] HUMAN
4,talk,93,3,Skip
4,talk,94,8,VOTE Agent[06]
4,talk,95,12,Skip
4,talk,96,9,VOTE Agent[04]
4,talk,97,6,Over
4,talk,98,10,Over
4,talk,99,14,Over
4,whisper,22,11,Over
4,whisper,23,8,Over
4,vote,2,11
4,vote,3,2
4,vote,5,2
4,vote,6,11
4,vote,8,6
4,vote,9,10
4,vote,10,14
4,vote,11,2
4,vote,12,6
4,vote,14,2
4,divine,6,14,HUMAN
4,guard,12,2,VILLAGER
4,attackVote,8,12
4,attackVote,11,12
4,execute,2,VILLAGER
4,attack,12,true
5,status,1,VILLAGER,DEAD,cash
5,status,2,VILLAGER,DEAD,kSugar
5,status,3,VILLAGER,ALIVE,haretaro
5,status,4,WEREWOLF,DEAD,Kanolab
5,status,5,VILLAGER,ALIVE,wasabi
5,status,6,SEER,ALIVE,TOT
5,status,7,VILLAGER,DEAD,nakamura
5,status,8,WEREWOLF,ALIVE,iace10442
5,status,9,MEDIUM,ALIVE,tkAI
5,status,10,VILLAGER,ALIVE,NLwolf
5,status,11,WEREWOLF,ALIVE,carlo
5,status,12,BODYGUARD,DEAD,twn480
5,status,13,VILLAGER,DEAD,KajiGod
5,status,14,POSSESSED,ALIVE,howls
5,status,15,VILLAGER,DEAD,Udon
5,talk,0,14,DIVINED Agent[02] HUMAN
5,talk,1,3,VOTE Agent[10]
5,talk,2,11,DIVINED Agent[09] HUMAN
5,talk,3,9,VOTE Agent[04]
5,talk,4,10,Skip
5,talk,5,5,ESTIMATE Agent[14] VILLAGER
5,talk,6,6,DIVINED Agent[14] HUMAN
5,talk,7,8,Skip
5,whisper,0,11,ATTACK Agent[06]
5,whisper,1,8,ATTACK Agent[06]
5,whisper,2,8,Over
5,whisper,3,11,Over
5,talk,8,14,Over
5,talk,9,6,ESTIMATE Agent[11] POSSESSED
5,talk,10,5,ESTIMATE Agent[08] VILLAGER
5,talk,11,3,VOTE Agent[05]
5,talk,12,9,VOTE Agent[04]
5,talk,13,10,Skip
5,talk,14,11,DIVINED Agent[05] HUMAN
5,talk,15,8,Skip
5,whisper,4,11,Over
5,whisper,5,8,Over
5,talk,16,9,VOTE Agent[04]
5,talk,17,11,VOTE Agent[03]
5,talk,18,5,ESTIMATE Agent[10] WEREWOLF
5,talk,19,3,Skip
5,talk,20,8,Skip
5,talk,21,6,VOTE Agent[11]
5,talk,22,10,Skip
5,talk,23,14,Over
5,whisper,6,8,Over
5,whisper,7,11,Over
5,talk,24,6,Over
5,talk,25,3,Skip
5,talk,26,5,ESTIMATE Agent[11] SEER
5,talk,27,8,VOTE Agent[14]
5,talk,28,9,VOTE Agent[04]
5,talk,29,10,VOTE Agent[11]
5,talk,30,11,Over
5,talk,31,14,Over
5,whisper,8,11,Over
5,whisper,9,8,Over
5,talk,32,9,VOTE Agent[04]
5,talk,33,3,Skip
5,talk,34,6,Over
5,talk,35,5,ESTIMATE Agent[03] WEREWOLF
5,talk,36,10,Over
5,talk,37,8,VOTE Agent[11]
5,talk,38,11,Over
5,talk,39,14,Over
5,whisper,10,11,Over
5,whisper,11,8,Over
5,talk,40,9,VOTE Agent[04]
5,talk,41,5,ESTIMATE Agent[06] WEREWOLF
5,talk,42,10,Over
5,talk,43,8,Over
5,talk,44,3,Skip
5,talk,45,6,Over
5,talk,46,11,Over
5,talk,47,14,Over
5,whisper,12,11,Over
5,whisper,13,8,Over
5,talk,48,10,Over
5,talk,49,5,ESTIMATE Agent[14] VILLAGER
5,talk,50,8,VOTE Agent[09]
5,talk,51,9,VOTE Agent[04]
5,talk,52,3,VOTE Agent[09]
5,talk,53,6,Over
5,talk,54,11,Over
5,talk,55,14,Over
5,whisper,14,11,Over
5,whisper,15,8,Over
5,talk,56,5,ESTIMATE Agent[06] WEREWOLF
5,talk,57,8,VOTE Agent[03]
5,talk,58,9,VOTE Agent[04]
5,talk,59,3,VOTE Agent[05]
5,talk,60,10,Over
5,talk,61,6,Over
5,talk,62,11,Over
5,talk,63,14,Over
5,whisper,16,11,Over
5,whisper,17,8,Over
5,talk,64,9,VOTE Agent[04]
5,talk,65,5,ESTIMATE Agent[08] VILLAGER
5,talk,66,3,Skip
5,talk,67,8,VOTE Agent[14]
5,talk,68,6,Over
5,talk,69,10,Over
5,talk,70,11,Over
5,talk,71,14,Over
5,whisper,18,8,Over
5,whisper,19,11,Over
5,talk,72,9,VOTE Agent[04]
5,talk,73,5,ESTIMATE Agent[09] VILLAGER
5,talk,74,3,Skip
5,talk,75,8,VOTE Agent[05]
5,talk,76,6,Over
5,talk,77,10,Over
5,talk,78,11,Over
5,talk,79,14,Over
5,whisper,20,8,Over
5,whisper,21,11,Over
5,vote,3,5
5,vote,5,3
5,vote,6,11
5,vote,8,5
5,vote,9,8
5,vote,10,11
5,vote,11,5
5,vote,14,11
5,divine,6,10,HUMAN
5,attackVote,8,6
5,attackVote,11,6
5,execute,11,WEREWOLF
5,attack,6,true
6,status,1,VILLAGER,DEAD,cash
6,status,2,VILLAGER,DEAD,kSugar
6,status,3,VILLAGER,ALIVE,haretaro
6,status,4,WEREWOLF,DEAD,Kanolab
6,status,5,VILLAGER,ALIVE,wasabi
6,status,6,SEER,DEAD,TOT
6,status,7,VILLAGER,DEAD,nakamura
6,status,8,WEREWOLF,ALIVE,iace10442
6,status,9,MEDIUM,ALIVE,tkAI
6,status,10,VILLAGER,ALIVE,NLwolf
6,status,11,WEREWOLF,DEAD,carlo
6,status,12,BODYGUARD,DEAD,twn480
6,status,13,VILLAGER,DEAD,KajiGod
6,status,14,POSSESSED,ALIVE,howls
6,status,15,VILLAGER,DEAD,Udon
6,talk,0,9,VOTE Agent[04]
6,talk,1,10,Skip
6,talk,2,8,ESTIMATE Agent[09] VILLAGER
6,talk,3,14,DIVINED Agent[01] HUMAN
6,talk,4,3,VOTE Agent[10]
6,talk,5,5,ESTIMATE Agent[10] WEREWOLF
6,whisper,0,8,ATTACK Agent[03]
6,whisper,1,8,Over
6,talk,6,3,VOTE Agent[05]
6,talk,7,14,Over
6,talk,8,10,Skip
6,talk,9,9,VOTE Agent[04]
6,talk,10,5,ESTIMATE Agent[03] WEREWOLF
6,talk,11,8,Skip
6,whisper,2,8,Over
6,talk,12,3,Skip
6,talk,13,14,Over
6,talk,14,5,ESTIMATE Agent[14] VILLAGER
6,talk,15,8,Skip
6,talk,16,10,Skip
6,talk,17,9,VOTE Agent[04]
6,whisper,3,8,Over
6,talk,18,3,Skip
6,talk,19,10,VOTE Agent[03]
6,talk,20,5,ESTIMATE Agent[10] WEREWOLF
6,talk,21,14,Over
6,talk,22,8,VOTE Agent[10]
6,talk,23,9,VOTE Agent[04]
6,whisper,4,8,Over
6,talk,24,5,ESTIMATE Agent[03] WEREWOLF
6,talk,25,10,Over
6,talk,26,3,VOTE Agent[10]
6,talk,27,8,VOTE Agent[03]
6,talk,28,14,Over
6,talk,29,9,VOTE Agent[04]
6,whisper,5,8,Over
6,talk,30,9,VOTE Agent[04]
6,talk,31,14,Over
6,talk,32,8,Over
6,talk,33,5,ESTIMATE Agent[08] VILLAGER
6,talk,34,3,VOTE Agent[05]
6,talk,35,10,Over
6,whisper,6,8,Over
6,talk,36,5,ESTIMATE Agent[14] VILLAGER
6,talk,37,8,VOTE Agent[10]
6,talk,38,14,Over
6,talk,39,9,VOTE Agent[04]
6,talk,40,3,VOTE Agent[10]
6,talk,41,10,Over
6,whisper,7,8,Over
6,talk,42,9,VOTE Agent[04]
6,talk,43,5,ESTIMATE Agent[14] VILLAGER
6,talk,44,14,Over
6,talk,45,8,Over
6,talk,46,3,Skip
6,talk,47,10,Over
6,whisper,8,8,Over
6,talk,48,14,Over
6,talk,49,8,Over
6,talk,50,3,Skip
6,talk,51,9,VOTE Agent[04]
6,talk,52,5,ESTIMATE Agent[10] WEREWOLF
6,talk,53,10,Over
6,whisper,9,8,Over
6,talk,54,5,ESTIMATE Agent[14] VILLAGER
6,talk,55,3,Skip
6,talk,56,8,VOTE Agent[03]
6,talk,57,9,VOTE Agent[04]
6,talk,58,14,Over
6,talk,59,10,Over
6,whisper,10,8,Over
6,vote,3,5
6,vote,5,3
6,vote,8,3
6,vote,9,10
6,vote,10,3
6,vote,14,8
6,attackVote,8,3
6,execute,3,VILLAGER
6,attack,-1,false
7,status,1,VILLAGER,DEAD,cash
7,status,2,VILLAGER,DEAD,kSugar
7,status,3,VILLAGER,DEAD,haretaro
7,status,4,WEREWOLF,DEAD,Kanolab
7,status,5,VILLAGER,ALIVE,wasabi
7,status,6,SEER,DEAD,TOT
7,status,7,VILLAGER,DEAD,nakamura
7,status,8,WEREWOLF,ALIVE,iace10442
7,status,9,MEDIUM,ALIVE,tkAI
7,status,10,VILLAGER,ALIVE,NLwolf
7,status,11,WEREWOLF,DEAD,carlo
7,status,12,BODYGUARD,DEAD,twn480
7,status,13,VILLAGER,DEAD,KajiGod
7,status,14,POSSESSED,ALIVE,howls
7,status,15,VILLAGER,DEAD,Udon
7,talk,0,14,DIVINED Agent[12] HUMAN
7,talk,1,8,ESTIMATE Agent[14] VILLAGER
7,talk,2,5,ESTIMATE Agent[10] WEREWOLF
7,talk,3,10,Skip
7,talk,4,9,VOTE Agent[04]
7,whisper,0,8,ATTACK Agent[10]
7,whisper,1,8,Over
7,talk,5,10,Skip
7,talk,6,5,ESTIMATE Agent[10] WEREWOLF
7,talk,7,14,Over
7,talk,8,9,VOTE Agent[04]
7,talk,9,8,Skip
7,whisper,2,8,Over
7,talk,10,8,Skip
7,talk,11,5,ESTIMATE Agent[10] WEREWOLF
7,talk,12,14,Over
7,talk,13,10,Skip
7,talk,14,9,VOTE Agent[04]
7,whisper,3,8,Over
7,talk,15,8,VOTE Agent[10]
7,talk,16,5,ESTIMATE Agent[08] WEREWOLF
7,talk,17,10,VOTE Agent[05]
7,talk,18,14,Over
7,talk,19,9,VOTE Agent[04]
7,whisper,4,8,Over
7,talk,20,9,VOTE Agent[04]
7,talk,21,5,ESTIMATE Agent[14] VILLAGER
7,talk,22,8,VOTE Agent[14]
7,talk,23,10,Over
7,talk,24,14,Over
7,whisper,5,8,Over
7,talk,25,9,VOTE Agent[04]
7,talk,26,5,ESTIMATE Agent[10] WEREWOLF
7,talk,27,8,Over
7,talk,28,10,Over
7,talk,29,14,Over
7,whisper,6,8,Over
7,talk,30,9,VOTE Agent[04]
7,talk,31,5,ESTIMATE Agent[10] WEREWOLF
7,talk,32,8,VOTE Agent[05]
7,talk,33,10,Over
7,talk,34,14,Over
7,whisper,7,8,Over
7,talk,35,5,ESTIMATE Agent[14] VILLAGER
7,talk,36,8,VOTE Agent[09]
7,talk,37,9,VOTE Agent[04]
7,talk,38,10,Over
7,talk,39,14,Over
7,whisper,8,8,Over
7,talk,40,9,VOTE Agent[04]
7,talk,41,5,ESTIMATE Agent[10] WEREWOLF
7,talk,42,8,Over
7,talk,43,10,Over
7,talk,44,14,Over
7,whisper,9,8,Over
7,talk,45,9,VOTE Agent[04]
7,talk,46,5,ESTIMATE Agent[10] WEREWOLF
7,talk,47,8,Over
7,talk,48,10,Over
7,talk,49,14,Over
7,whisper,10,8,Over
7,vote,5,10
7,vote,8,9
7,vote,9,14
7,vote,10,5
7,vote,14,10
7,attackVote,8,10
7,execute,10,VILLAGER
7,attack,-1,false
8,status,1,VILLAGER,DEAD,cash
8,status,2,VILLAGER,DEAD,kSugar
8,status,3,VILLAGER,DEAD,haretaro
8,status,4,WEREWOLF,DEAD,Kanolab
8,status,5,VILLAGER,ALIVE,wasabi
8,status,6,SEER,DEAD,TOT
8,status,7,VILLAGER,DEAD,nakamura
8,status,8,WEREWOLF,ALIVE,iace10442
8,status,9,MEDIUM,ALIVE,tkAI
8,status,10,VILLAGER,DEAD,NLwolf
8,status,11,WEREWOLF,DEAD,carlo
8,status,12,BODYGUARD,DEAD,twn480
8,status,13,VILLAGER,DEAD,KajiGod
8,status,14,POSSESSED,ALIVE,howls
8,status,15,VILLAGER,DEAD,Udon
8,talk,0,5,ESTIMATE Agent[09] WEREWOLF
8,talk,1,9,VOTE Agent[04]
8,talk,2,14,DIVINED Agent[13] HUMAN
8,talk,3,8,ESTIMATE Agent[05] VILLAGER
8,whisper,0,8,ATTACK Agent[05]
8,whisper,1,8,Over
8,talk,4,14,Over
8,talk,5,9,VOTE Agent[04]
8,talk,6,5,ESTIMATE Agent[14] VILLAGER
8,talk,7,8,Skip
8,whisper,2,8,Over
8,talk,8,9,VOTE Agent[04]
8,talk,9,8,Skip
8,talk,10,5,ESTIMATE Agent[08] WEREWOLF
8,talk,11,14,Over
8,whisper,3,8,Over
8,talk,12,5,ESTIMATE Agent[14] VILLAGER
8,talk,13,9,VOTE Agent[04]
8,talk,14,8,VOTE Agent[14]
8,talk,15,14,Over
8,whisper,4,8,Over
8,talk,16,5,ESTIMATE Agent[08] WEREWOLF
8,talk,17,8,VOTE Agent[05]
8,talk,18,9,VOTE Agent[04]
8,talk,19,14,Over
8,whisper,5,8,Over
8,talk,20,5,ESTIMATE Agent[08] WEREWOLF
8,talk,21,8,Over
8,talk,22,9,VOTE Agent[04]
8,talk,23,14,Over
8,whisper,6,8,Over
8,talk,24,9,VOTE Agent[04]
8,talk,25,8,VOTE Agent[14]
8,talk,26,5,ESTIMATE Agent[08] WEREWOLF
8,talk,27,14,Over
8,whisper,7,8,Over
8,talk,28,8,Over
8,talk,29,9,VOTE Agent[04]
8,talk,30,5,ESTIMATE Agent[09] WEREWOLF
8,talk,31,14,Over
8,whisper,8,8,Over
8,talk,32,9,VOTE Agent[04]
8,talk,33,8,VOTE Agent[05]
8,talk,34,5,ESTIMATE Agent[09] WEREWOLF
8,talk,35,14,Over
8,whisper,9,8,Over
8,talk,36,5,ESTIMATE Agent[08] WEREWOLF
8,talk,37,8,VOTE Agent[14]
8,talk,38,9,VOTE Agent[04]
8,talk,39,14,Over
8,whisper,10,8,Over
8,vote,5,9
8,vote,8,14
8,vote,9,5
8,vote,14,5
8,attackVote,8,5
8,execute,5,VILLAGER
8,attack,-1,false
9,status,1,VILLAGER,DEAD,cash
9,status,2,VILLAGER,DEAD,kSugar
9,status,3,VILLAGER,DEAD,haretaro
9,status,4,WEREWOLF,DEAD,Kanolab
9,status,5,VILLAGER,DEAD,wasabi
9,status,6,SEER,DEAD,TOT
9,status,7,VILLAGER,DEAD,nakamura
9,status,8,WEREWOLF,ALIVE,iace10442
9,status,9,MEDIUM,ALIVE,tkAI
9,status,10,VILLAGER,DEAD,NLwolf
9,status,11,WEREWOLF,DEAD,carlo
9,status,12,BODYGUARD,DEAD,twn480
9,status,13,VILLAGER,DEAD,KajiGod
9,status,14,POSSESSED,ALIVE,howls
9,status,15,VILLAGER,DEAD,Udon
9,talk,0,8,ESTIMATE Agent[14] VILLAGER
9,talk,1,14,DIVINED Agent[15] WEREWOLF
9,talk,2,9,VOTE Agent[04]
9,whisper,0,8,ATTACK Agent[09]
9,whisper,1,8,Over
9,talk,3,14,Over
9,talk,4,9,VOTE Agent[04]
9,talk,5,8,Skip
9,whisper,2,8,Over
9,talk,6,8,Skip
9,talk,7,14,Over
9,talk,8,9,VOTE Agent[04]
9,whisper,3,8,Over
9,talk,9,8,VOTE Agent[09]
9,talk,10,9,VOTE Agent[04]
9,talk,11,14,Over
9,whisper,4,8,Over
9,talk,12,9,VOTE Agent[04]
9,talk,13,8,Over
9,talk,14,14,Over
9,whisper,5,8,Over
9,talk,15,9,VOTE Agent[04]
9,talk,16,8,Over
9,talk,17,14,Over
9,whisper,6,8,Over
9,talk,18,9,VOTE Agent[04]
9,talk,19,8,Over
9,talk,20,14,Over
9,whisper,7,8,Over
9,talk,21,9,VOTE Agent[04]
9,talk,22,8,Over
9,talk,23,14,Over
9,whisper,8,8,Over
9,talk,24,9,VOTE Agent[04]
9,talk,25,8,Over
9,talk,26,14,Over
9,whisper,9,8,Over
9,talk,27,9,VOTE Agent[04]
9,talk,28,8,Over
9,talk,29,14,Over
9,whisper,10,8,Over
9,vote,8,9
9,vote,9,8
9,vote,14,9
9,attackVote,8,9
9,execute,9,MEDIUM
9,attack,-1,false
10,status,1,VILLAGER,DEAD,cash
10,status,2,VILLAGER,DEAD,kSugar
10,status,3,VILLAGER,DEAD,haretaro
10,status,4,WEREWOLF,DEAD,Kanolab
10,status,5,VILLAGER,DEAD,wasabi
10,status,6,SEER,DEAD,TOT
10,status,7,VILLAGER,DEAD,nakamura
10,status,8,WEREWOLF,ALIVE,iace10442
10,status,9,MEDIUM,DEAD,tkAI
10,status,10,VILLAGER,DEAD,NLwolf
10,status,11,WEREWOLF,DEAD,carlo
10,status,12,BODYGUARD,DEAD,twn480
10,status,13,VILLAGER,DEAD,KajiGod
10,status,14,POSSESSED,ALIVE,howls
10,status,15,VILLAGER,DEAD,Udon
10,result,1,1,WEREWOLF
