0,status,1,VILLAGER,ALIVE,cash
0,status,2,VILLAGER,ALIVE,kSugar
0,status,3,WEREWOLF,ALIVE,haretaro
0,status,4,VILLAGER,ALIVE,Kanolab
0,status,5,VILLAGER,ALIVE,wasabi
0,status,6,POSSESSED,ALIVE,TOT
0,status,7,SEER,ALIVE,nakamura
0,status,8,MEDIUM,ALIVE,iace10442
0,status,9,WEREWOLF,ALIVE,tkAI
0,status,10,VILLAGER,ALIVE,NLwolf
0,status,11,VILLAGER,ALIVE,carlo
0,status,12,VILLAGER,ALIVE,twn480
0,status,13,WEREWOLF,ALIVE,KajiGod
0,status,14,VILLAGER,ALIVE,howls
0,status,15,BODYGUARD,ALIVE,Udon
0,talk,0,14,Over
0,talk,1,9,Over
0,talk,2,3,VOTE Agent[13]
0,talk,3,8,COMINGOUT Agent[08] MEDIUM
0,talk,4,11,VOTE Agent[01]
0,talk,5,2,COMINGOUT Agent[02] VILLAGER
0,talk,6,13,VOTE Agent[05]
0,talk,7,10,Skip
0,talk,8,1,VOTE Agent[02]
0,talk,9,15,VOTE Agent[02]
0,talk,10,7,COMINGOUT Agent[07] SEER
0,talk,11,5,ESTIMATE Agent[10] WEREWOLF
0,talk,12,4,VOTE Agent[11]
0,talk,13,6,Over
0,talk,14,12,Skip
0,whisper,0,13,COMINGOUT Agent[13] VILLAGER
0,whisper,1,9,Over
0,whisper,2,3,Over
0,whisper,3,13,Over
0,talk,15,4,ESTIMATE Agent[07] SEER
0,talk,16,5,ESTIMATE Agent[07] SEER
0,talk,17,14,Over
0,talk,18,15,ESTIMATE Agent[02] WEREWOLF
0,talk,19,2,Skip
0,talk,20,3,Skip
0,talk,21,11,Over
0,talk,22,6,Over
0,talk,23,1,VOTE Agent[02]
0,talk,24,12,Skip
0,talk,25,7,VOTE Agent[14]
0,talk,26,10,Skip
0,talk,27,8,ESTIMATE Agent[02] VILLAGER
0,talk,28,13,Over
0,talk,29,9,Over
0,whisper,4,9,Over
0,whisper,5,13,Over
0,whisper,6,3,Over
0,talk,30,4,ESTIMATE Agent[08] MEDIUM
0,talk,31,14,Over
0,talk,32,15,ESTIMATE Agent[03] WEREWOLF
0,talk,33,2,ESTIMATE Agent[01] VILLAGER
0,talk,34,10,Skip
0,talk,35,5,ESTIMATE Agent[02] WEREWOLF
0,talk,36,8,Skip
0,talk,37,11,Over
0,talk,38,6,Over
0,talk,39,1,Over
0,talk,40,3,Skip
0,talk,41,12,Skip
0,talk,42,7,Over
0,talk,43,9,Over
0,talk,44,13,Over
0,whisper,7,13,Over
0,whisper,8,9,Over
0,whisper,9,3,Over
0,talk,45,10,VOTE Agent[01]
0,talk,46,11,Over
0,talk,47,15,ESTIMATE Agent[05] WEREWOLF
0,talk,48,8,Skip
0,talk,49,1,Over
0,talk,50,4,ESTIMATE Agent[01] VILLAGER
0,talk,51,3,Skip
0,talk,52,2,Skip
0,talk,53,6,Over
0,talk,54,12,Skip
0,talk,55,5,ESTIMATE Agent[07] SEER
0,talk,56,14,Over
0,talk,57,7,Over
0,talk,58,9,Over
0,talk,59,13,Over
0,whisper,10,9,Over
0,whisper,11,3,Over
0,whisper,12,13,Over
0,talk,60,8,VOTE Agent[11]
0,talk,61,3,Skip
0,talk,62,12,Skip
0,talk,63,6,Over
0,talk,64,1,Over
0,talk,65,11,Over
0,talk,66,4,Over
0,talk,67,2,ESTIMATE Agent[01] VILLAGER
0,talk,68,5,ESTIMATE Agent[04] WEREWOLF
0,talk,69,10,Over
0,talk,70,15,ESTIMATE Agent[07] SEER
0,talk,71,7,Over
0,talk,72,9,Over
0,talk,73,13,Over
0,talk,74,14,Over
0,whisper,13,3,Over
0,whisper,14,9,Over
0,whisper,15,13,Over
0,talk,75,1,Over
0,talk,76,12,Skip
0,talk,77,6,Over
0,talk,78,8,VOTE Agent[05]
0,talk,79,11,Over
0,talk,80,15,ESTIMATE Agent[08] MEDIUM
0,talk,81,4,Over
0,talk,82,5,ESTIMATE Agent[13] WEREWOLF
0,talk,83,3,Skip
0,talk,84,2,Skip
0,talk,85,10,Over
0,talk,86,7,Over
0,talk,87,9,Over
0,talk,88,13,Over
0,talk,89,14,Over
0,whisper,16,3,Over
0,whisper,17,13,Over
0,whisper,18,9,Over
0,talk,90,8,VOTE Agent[10]
0,talk,91,12,Skip
0,talk,92,5,ESTIMATE Agent[14] WEREWOLF
0,talk,93,3,Skip
0,talk,94,6,Over
0,talk,95,11,Over
0,talk,96,2,ESTIMATE Agent[03] VILLAGER
0,talk,97,4,Over
0,talk,98,1,Over
0,talk,99,15,Over
0,talk,100,7,Over
0,talk,101,9,Over
0,talk,102,10,Over
0,talk,103,13,Over
0,talk,104,14,Over
0,whisper,19,13,Over
0,whisper,20,9,Over
0,whisper,21,3,Over
0,talk,105,8,VOTE Agent[11]
0,talk,106,6,Over
0,talk,107,12,Skip
0,talk,108,11,Over
0,talk,109,3,Skip
0,talk,110,2,Skip
0,talk,111,5,ESTIMATE Agent[10] WEREWOLF
0,talk,112,1,Over
0,talk,113,4,Over
0,talk,114,7,Over
0,talk,115,9,Over
0,talk,116,10,Over
0,talk,117,13,Over
0,talk,118,14,Over
0,talk,119,15,Over
0,whisper,22,3,Over
0,whisper,23,9,Over
0,whisper,24,13,Over
0,talk,120,5,ESTIMATE Agent[07] SEER
0,talk,121,11,Over
0,talk,122,3,Skip
0,talk,123,2,ESTIMATE Agent[04] VILLAGER
0,talk,124,6,Over
0,talk,125,12,Skip
0,talk,126,8,VOTE Agent[10]
0,talk,127,1,Over
0,talk,128,4,Over
0,talk,129,7,Over
0,talk,130,9,Over
0,talk,131,10,Over
0,talk,132,13,Over
0,talk,133,14,Over
0,talk,134,15,Over
0,whisper,25,13,Over
0,whisper,26,3,Over
0,whisper,27,9,Over
0,talk,135,11,Over
0,talk,136,8,VOTE Agent[07]
0,talk,137,3,Skip
0,talk,138,2,Skip
0,talk,139,5,ESTIMATE Agent[11] WEREWOLF
0,talk,140,6,Over
0,talk,141,12,Skip
0,talk,142,1,Over
0,talk,143,4,Over
0,talk,144,7,Over
0,talk,145,9,Over
0,talk,146,10,Over
0,talk,147,13,Over
0,talk,148,14,Over
0,talk,149,15,Over
0,whisper,28,3,Over
0,whisper,29,13,Over
0,whisper,30,9,Over
0,divine,7,13,WEREWOLF
1,status,1,VILLAGER,ALIVE,cash
1,status,2,VILLAGER,ALIVE,kSugar
1,status,3,WEREWOLF,ALIVE,haretaro
1,status,4,VILLAGER,ALIVE,Kanolab
1,status,5,VILLAGER,ALIVE,wasabi
1,status,6,POSSESSED,ALIVE,TOT
1,status,7,SEER,ALIVE,nakamura
1,status,8,MEDIUM,ALIVE,iace10442
1,status,9,WEREWOLF,ALIVE,tkAI
1,status,10,VILLAGER,ALIVE,NLwolf
1,status,11,VILLAGER,ALIVE,carlo
1,status,12,VILLAGER,ALIVE,twn480
1,status,13,WEREWOLF,ALIVE,KajiGod
1,status,14,VILLAGER,ALIVE,howls
1,status,15,BODYGUARD,ALIVE,Udon
1,talk,0,6,COMINGOUT Agent[06] MEDIUM
1,talk,1,12,Skip
1,talk,2,3,Skip
1,talk,3,13,VOTE Agent[06]
1,talk,4,4,VOTE Agent[10]
1,talk,5,9,Over
1,talk,6,10,Skip
1,talk,7,14,Over
1,talk,8,11,VOTE Agent[01]
1,talk,9,7,DIVINED Agent[13] WEREWOLF
1,talk,10,1,Skip
1,talk,11,2,VOTE Agent[09]
1,talk,12,5,ESTIMATE Agent[13] WEREWOLF
1,talk,13,15,VOTE Agent[13]
1,talk,14,8,ESTIMATE Agent[03] VILLAGER
1,whisper,0,13,Over
1,whisper,1,9,Over
1,whisper,2,3,Over
1,talk,15,1,VOTE Agent[13]
1,talk,16,11,VOTE Agent[13]
1,talk,17,2,VOTE Agent[13]
1,talk,18,9,Over
1,talk,19,10,Skip
1,talk,20,14,Over
1,talk,21,3,Skip
1,talk,22,15,ESTIMATE Agent[02] WEREWOLF
1,talk,23,13,Over
1,talk,24,7,VOTE Agent[13]
1,talk,25,8,Skip
1,talk,26,4,VOTE Agent[13]
1,talk,27,5,ESTIMATE Agent[06] WEREWOLF
1,talk,28,12,Skip
1,talk,29,6,VOTE Agent[08]
1,whisper,3,3,Over
1,whisper,4,9,Over
1,whisper,5,13,Over
1,talk,30,13,Over
1,talk,31,11,Over
1,talk,32,9,Over
1,talk,33,5,ESTIMATE Agent[12] VILLAGER
1,talk,34,6,Over
1,talk,35,1,Over
1,talk,36,8,Skip
1,talk,37,15,ESTIMATE Agent[03] WEREWOLF
1,talk,38,3,Skip
1,talk,39,7,Over
1,talk,40,10,Skip
1,talk,41,4,VOTE Agent[12]
1,talk,42,12,Skip
1,talk,43,2,ESTIMATE Agent[03] VILLAGER
1,talk,44,14,Over
1,whisper,6,9,Over
1,whisper,7,3,Over
1,whisper,8,13,Over
1,talk,45,13,Over
1,talk,46,10,VOTE Agent[04]
1,talk,47,7,Over
1,talk,48,12,Skip
1,talk,49,8,VOTE Agent[09]
1,talk,50,15,ESTIMATE Agent[13] WEREWOLF
1,talk,51,3,Skip
1,talk,52,2,ESTIMATE Agent[05] VILLAGER
1,talk,53,9,Over
1,talk,54,5,ESTIMATE Agent[04] VILLAGER
1,talk,55,6,Over
1,talk,56,4,VOTE Agent[04]
1,talk,57,1,Over
1,talk,58,11,Over
1,talk,59,14,Over
1,whisper,9,9,Over
1,whisper,10,13,Over
1,whisper,11,3,Over
1,talk,60,7,Over
1,talk,61,2,ESTIMATE Agent[04] VILLAGER
1,talk,62,13,Over
1,talk,63,15,ESTIMATE Agent[07] SEER
1,talk,64,12,Skip
1,talk,65,5,ESTIMATE Agent[13] WEREWOLF
1,talk,66,4,VOTE Agent[05]
1,talk,67,9,Over
1,talk,68,6,Over
1,talk,69,10,Over
1,talk,70,3,Skip
1,talk,71,8,VOTE Agent[11]
1,talk,72,1,Over
1,talk,73,11,Over
1,talk,74,14,Over
1,whisper,12,9,Over
1,whisper,13,3,Over
1,whisper,14,13,Over
1,talk,75,2,ESTIMATE Agent[06] MEDIUM
1,talk,76,4,VOTE Agent[09]
1,talk,77,7,Over
1,talk,78,13,Over
1,talk,79,8,VOTE Agent[14]
1,talk,80,9,Over
1,talk,81,3,Skip
1,talk,82,5,ESTIMATE Agent[08] WEREWOLF
1,talk,83,12,Skip
1,talk,84,6,Over
1,talk,85,10,Over
1,talk,86,15,Over
1,talk,87,1,Over
1,talk,88,11,Over
1,talk,89,14,Over
1,whisper,15,9,Over
1,whisper,16,13,Over
1,whisper,17,3,Over
1,talk,90,8,VOTE Agent[09]
1,talk,91,2,Skip
1,talk,92,7,Over
1,talk,93,13,Over
1,talk,94,12,Skip
1,talk,95,4,ESTIMATE Agent[07] SEER
1,talk,96,3,Skip
1,talk,97,5,ESTIMATE Agent[10] VILLAGER
1,talk,98,9,Over
1,talk,99,1,Over
1,talk,100,6,Over
1,talk,101,10,Over
1,talk,102,11,Over
1,talk,103,14,Over
1,talk,104,15,Over
1,whisper,18,3,Over
1,whisper,19,9,Over
1,whisper,20,13,Over
1,talk,105,7,Over
1,talk,106,5,ESTIMATE Agent[08] WEREWOLF
1,talk,107,2,Skip
1,talk,108,8,VOTE Agent[10]
1,talk,109,12,Skip
1,talk,110,4,ESTIMATE Agent[06] MEDIUM
1,talk,111,3,Skip
1,talk,112,13,Over
1,talk,113,1,Over
1,talk,114,6,Over
1,talk,115,9,Over
1,talk,116,10,Over
1,talk,117,11,Over
1,talk,118,14,Over
1,talk,119,15,Over
1,whisper,21,13,Over
1,whisper,22,3,Over
1,whisper,23,9,Over
1,talk,120,8,VOTE Agent[06]
1,talk,121,3,Skip
1,talk,122,12,Skip
1,talk,123,4,ESTIMATE Agent[01] VILLAGER
1,talk,124,5,ESTIMATE Agent[06] WEREWOLF
1,talk,125,2,Skip
1,talk,126,7,Over
1,talk,127,1,Over
1,talk,128,6,Over
1,talk,129,9,Over
1,talk,130,10,Over
1,talk,131,11,Over
1,talk,132,13,Over
1,talk,133,14,Over
1,talk,134,15,Over
1,whisper,24,13,Over
1,whisper,25,3,Over
1,whisper,26,9,Over
1,talk,135,5,ESTIMATE Agent[13] WEREWOLF
1,talk,136,3,Skip
1,talk,137,4,VOTE Agent[08]
1,talk,138,8,Over
1,talk,139,2,Skip
1,talk,140,12,Skip
1,talk,141,1,Over
1,talk,142,6,Over
1,talk,143,7,Over
1,talk,144,9,Over
1,talk,145,10,Over
1,talk,146,11,Over
1,talk,147,13,Over
1,talk,148,14,Over
1,talk,149,15,Over
1,whisper,27,13,Over
1,whisper,28,3,Over
1,whisper,29,9,Over
1,vote,1,13
1,vote,2,13
1,vote,3,4
1,vote,4,3
1,vote,5,13
1,vote,6,8
1,vote,7,13
1,vote,8,6
1,vote,9,7
1,vote,10,4
1,vote,11,13
1,vote,12,11
1,vote,13,6
1,vote,14,13
1,vote,15,13
1,divine,7,14,HUMAN
1,guard,15,7,SEER
1,attackVote,3,7
1,attackVote,9,11
1,attackVote,13,7
1,execute,13,WEREWOLF
1,attack,7,false
2,status,1,VILLAGER,ALIVE,cash
2,status,2,VILLAGER,ALIVE,kSugar
2,status,3,WEREWOLF,ALIVE,haretaro
2,status,4,VILLAGER,ALIVE,Kanolab
2,status,5,VILLAGER,ALIVE,wasabi
2,status,6,POSSESSED,ALIVE,TOT
2,status,7,SEER,ALIVE,nakamura
2,status,8,MEDIUM,ALIVE,iace10442
2,status,9,WEREWOLF,ALIVE,tkAI
2,status,10,VILLAGER,ALIVE,NLwolf
2,status,11,VILLAGER,ALIVE,carlo
2,status,12,VILLAGER,ALIVE,twn480
2,status,13,WEREWOLF,DEAD,KajiGod
2,status,14,VILLAGER,ALIVE,howls
2,status,15,BODYGUARD,ALIVE,Udon
2,talk,0,12,Skip
2,talk,1,1,VOTE Agent[02]
2,talk,2,8,INQUESTED Agent[13] WEREWOLF
2,talk,3,14,Over
2,talk,4,11,VOTE Agent[01]
2,talk,5,7,DIVINED Agent[14] HUMAN
2,talk,6,15,VOTE Agent[08]
2,talk,7,3,VOTE Agent[09]
2,talk,8,4,VOTE Agent[07]
2,talk,9,2,VOTE Agent[08]
2,talk,10,6,INQUESTED Agent[13] HUMAN
2,talk,11,10,Skip
2,talk,12,5,ESTIMATE Agent[06] WEREWOLF
2,talk,13,9,Over
2,whisper,0,9,Over
2,whisper,1,3,Over
2,talk,14,2,VOTE Agent[08]
2,talk,15,1,Skip
2,talk,16,14,Over
2,talk,17,11,Over
2,talk,18,7,VOTE Agent[15]
2,talk,19,8,ESTIMATE Agent[02] VILLAGER
2,talk,20,5,ESTIMATE Agent[06] WEREWOLF
2,talk,21,10,Skip
2,talk,22,6,VOTE Agent[08]
2,talk,23,12,Skip
2,talk,24,15,ESTIMATE Agent[03] WEREWOLF
2,talk,25,3,VOTE Agent[08]
2,talk,26,4,VOTE Agent[12]
2,talk,27,9,Over
2,whisper,2,9,Over
2,whisper,3,3,Over
2,talk,28,15,ESTIMATE Agent[10] WEREWOLF
2,talk,29,5,ESTIMATE Agent[07] SEER
2,talk,30,10,Skip
2,talk,31,12,Skip
2,talk,32,7,Over
2,talk,33,1,VOTE Agent[02]
2,talk,34,8,Skip
2,talk,35,4,VOTE Agent[08]
2,talk,36,11,Over
2,talk,37,2,ESTIMATE Agent[01] VILLAGER
2,talk,38,14,Over
2,talk,39,3,Skip
2,talk,40,6,Over
2,talk,41,9,Over
2,whisper,4,9,Over
2,whisper,5,3,Over
2,talk,42,14,Over
2,talk,43,4,VOTE Agent[06]
2,talk,44,3,Skip
2,talk,45,11,Over
2,talk,46,5,ESTIMATE Agent[06] WEREWOLF
2,talk,47,12,Skip
2,talk,48,2,ESTIMATE Agent[03] VILLAGER
2,talk,49,1,Over
2,talk,50,8,ESTIMATE Agent[01] VILLAGER
2,talk,51,10,VOTE Agent[02]
2,talk,52,7,Over
2,talk,53,15,ESTIMATE Agent[13] WEREWOLF
2,talk,54,6,Over
2,talk,55,9,Over
2,whisper,6,9,Over
2,whisper,7,3,Over
2,talk,56,14,Over
2,talk,57,12,Skip
2,talk,58,8,VOTE Agent[05]
2,talk,59,4,VOTE Agent[14]
2,talk,60,15,VOTE Agent[06]
2,talk,61,3,Skip
2,talk,62,2,ESTIMATE Agent[01] VILLAGER
2,talk,63,10,Over
2,talk,64,11,Over
2,talk,65,5,ESTIMATE Agent[06] WEREWOLF
2,talk,66,1,Over
2,talk,67,7,Over
2,talk,68,6,Over
2,talk,69,9,Over
2,whisper,8,3,Over
2,whisper,9,9,Over
2,talk,70,2,ESTIMATE Agent[06] MEDIUM
2,talk,71,5,ESTIMATE Agent[06] WEREWOLF
2,talk,72,11,Over
2,talk,73,14,Over
2,talk,74,8,VOTE Agent[06]
2,talk,75,3,Skip
2,talk,76,12,Skip
2,talk,77,15,ESTIMATE Agent[07] SEER
2,talk,78,10,Over
2,talk,79,4,VOTE Agent[09]
2,talk,80,1,Over
2,talk,81,6,Over
2,talk,82,7,Over
2,talk,83,9,Over
2,whisper,10,3,Over
2,whisper,11,9,Over
2,talk,84,15,ESTIMATE Agent[08] MEDIUM
2,talk,85,11,Over
2,talk,86,4,ESTIMATE Agent[07] SEER
2,talk,87,2,Skip
2,talk,88,8,VOTE Agent[05]
2,talk,89,5,ESTIMATE Agent[03] VILLAGER
2,talk,90,14,Over
2,talk,91,3,Skip
2,talk,92,12,Skip
2,talk,93,10,Over
2,talk,94,1,Over
2,talk,95,6,Over
2,talk,96,7,Over
2,talk,97,9,Over
2,whisper,12,9,Over
2,whisper,13,3,Over
2,talk,98,12,Skip
2,talk,99,5,ESTIMATE Agent[06] WEREWOLF
2,talk,100,3,Skip
2,talk,101,15,Over
2,talk,102,11,Over
2,talk,103,14,Over
2,talk,104,2,Skip
2,talk,105,4,VOTE Agent[15]
2,talk,106,8,VOTE Agent[10]
2,talk,107,1,Over
2,talk,108,6,Over
2,talk,109,7,Over
2,talk,110,9,Over
2,talk,111,10,Over
2,whisper,14,9,Over
2,whisper,15,3,Over
2,talk,112,11,Over
2,talk,113,15,Over
2,talk,114,8,VOTE Agent[06]
2,talk,115,2,Skip
2,talk,116,14,Over
2,talk,117,3,Skip
2,talk,118,12,Skip
2,talk,119,5,ESTIMATE Agent[06] WEREWOLF
2,talk,120,4,ESTIMATE Agent[08] MEDIUM
2,talk,121,1,Over
2,talk,122,6,Over
2,talk,123,7,Over
2,talk,124,9,Over
2,talk,125,10,Over
2,whisper,16,3,Over
2,whisper,17,9,Over
2,talk,126,8,Over
2,talk,127,11,Over
2,talk,128,14,Over
2,talk,129,4,VOTE Agent[05]
2,talk,130,2,Skip
2,talk,131,3,Skip
2,talk,132,12,Skip
2,talk,133,15,Over
2,talk,134,5,ESTIMATE Agent[14] VILLAGER
2,talk,135,1,Over
2,talk,136,6,Over
2,talk,137,7,Over
2,talk,138,9,Over
2,talk,139,10,Over
2,whisper,18,3,Over
2,whisper,19,9,Over
2,vote,1,2
2,vote,2,8
2,vote,3,8
2,vote,4,2
2,vote,5,6
2,vote,6,8
2,vote,7,15
2,vote,8,6
2,vote,9,11
2,vote,10,2
2,vote,11,1
2,vote,12,6
2,vote,14,2
2,vote,15,6
2,divine,7,6,HUMAN
2,guard,15,7,SEER
2,attackVote,3,7
2,attackVote,9,6
2,execute,6,POSSESSED
2,attack,-1,false
3,status,1,VILLAGER,ALIVE,cash
3,status,2,VILLAGER,ALIVE,kSugar
3,status,3,WEREWOLF,ALIVE,haretaro
3,status,4,VILLAGER,ALIVE,Kanolab
3,status,5,VILLAGER,ALIVE,wasabi
3,status,6,POSSESSED,DEAD,TOT
3,status,7,SEER,ALIVE,nakamura
3,status,8,MEDIUM,ALIVE,iace10442
3,status,9,WEREWOLF,ALIVE,tkAI
3,status,10,VILLAGER,ALIVE,NLwolf
3,status,11,VILLAGER,ALIVE,carlo
3,status,12,VILLAGER,ALIVE,twn480
3,status,13,WEREWOLF,DEAD,KajiGod
3,status,14,VILLAGER,ALIVE,howls
3,status,15,BODYGUARD,ALIVE,Udon
3,talk,0,9,Over
3,talk,1,7,DIVINED Agent[06] HUMAN
3,talk,2,10,Skip
3,talk,3,5,ESTIMATE Agent[12] WEREWOLF
3,talk,4,8,INQUESTED Agent[06] HUMAN
3,talk,5,14,Over
3,talk,6,11,VOTE Agent[01]
3,talk,7,2,VOTE Agent[08]
3,talk,8,12,Skip
3,talk,9,4,VOTE Agent[08]
3,talk,10,3,Skip
3,talk,11,15,VOTE Agent[08]
3,talk,12,1,Skip
3,whisper,0,9,Over
3,whisper,1,3,Over
3,talk,13,14,Over
3,talk,14,4,VOTE Agent[07]
3,talk,15,15,ESTIMATE Agent[03] WEREWOLF
3,talk,16,7,VOTE Agent[15]
3,talk,17,8,Skip
3,talk,18,5,ESTIMATE Agent[10] WEREWOLF
3,talk,19,1,VOTE Agent[02]
3,talk,20,12,Skip
3,talk,21,11,Over
3,talk,22,9,Over
3,talk,23,2,VOTE Agent[08]
3,talk,24,3,VOTE Agent[08]
3,talk,25,10,Skip
3,whisper,2,9,Over
3,whisper,3,3,Over
3,talk,26,10,Skip
3,talk,27,7,Over
3,talk,28,12,Skip
3,talk,29,9,Over
3,talk,30,5,ESTIMATE Agent[07] SEER
3,talk,31,15,ESTIMATE Agent[10] WEREWOLF
3,talk,32,1,Over
3,talk,33,2,ESTIMATE Agent[03] VILLAGER
3,talk,34,14,Over
3,talk,35,11,Over
3,talk,36,3,Skip
3,talk,37,4,VOTE Agent[01]
3,talk,38,8,Skip
3,whisper,4,3,Over
3,whisper,5,9,Over
3,talk,39,14,Over
3,talk,40,12,Skip
3,talk,41,15,ESTIMATE Agent[13] WEREWOLF
3,talk,42,11,Over
3,talk,43,5,ESTIMATE Agent[11] WEREWOLF
3,talk,44,3,Skip
3,talk,45,2,ESTIMATE Agent[09] VILLAGER
3,talk,46,8,ESTIMATE Agent[10] VILLAGER
3,talk,47,9,Over
3,talk,48,7,Over
3,talk,49,10,VOTE Agent[04]
3,talk,50,1,Over
3,talk,51,4,VOTE Agent[03]
3,whisper,6,3,Over
3,whisper,7,9,Over
3,talk,52,14,Over
3,talk,53,7,Over
3,talk,54,5,ESTIMATE Agent[15] WEREWOLF
3,talk,55,3,Skip
3,talk,56,4,VOTE Agent[15]
3,talk,57,9,Over
3,talk,58,8,VOTE Agent[07]
3,talk,59,2,ESTIMATE Agent[10] VILLAGER
3,talk,60,12,Skip
3,talk,61,1,Over
3,talk,62,15,ESTIMATE Agent[14] VILLAGER
3,talk,63,11,Over
3,talk,64,10,Over
3,whisper,8,3,Over
3,whisper,9,9,Over
3,talk,65,12,Skip
3,talk,66,2,ESTIMATE Agent[11] VILLAGER
3,talk,67,15,Over
3,talk,68,8,VOTE Agent[03]
3,talk,69,9,Over
3,talk,70,4,VOTE Agent[10]
3,talk,71,1,Over
3,talk,72,3,Skip
3,talk,73,14,Over
3,talk,74,5,ESTIMATE Agent[15] WEREWOLF
3,talk,75,7,Over
3,talk,76,10,Over
3,talk,77,11,Over
3,whisper,10,9,Over
3,whisper,11,3,Over
3,talk,78,15,Over
3,talk,79,12,Skip
3,talk,80,2,Skip
3,talk,81,1,Over
3,talk,82,5,Skip
3,talk,83,4,ESTIMATE Agent[07] SEER
3,talk,84,9,Over
3,talk,85,3,Skip
3,talk,86,8,Over
3,talk,87,14,Over
3,talk,88,7,Over
3,talk,89,10,Over
3,talk,90,11,Over
3,whisper,12,9,Over
3,whisper,13,3,Over
3,talk,91,2,Skip
3,talk,92,15,Over
3,talk,93,4,VOTE Agent[12]
3,talk,94,1,Over
3,talk,95,3,Skip
3,talk,96,9,Over
3,talk,97,5,ESTIMATE Agent[15] WEREWOLF
3,talk,98,12,Skip
3,talk,99,7,Over
3,talk,100,8,VOTE Agent[01]
3,talk,101,10,Over
3,talk,102,11,Over
3,talk,103,14,Over
3,whisper,14,3,Over
3,whisper,15,9,Over
3,talk,104,3,Skip
3,talk,105,9,Over
3,talk,106,4,ESTIMATE Agent[08] MEDIUM
3,talk,107,1,Over
3,talk,108,15,Over
3,talk,109,7,Over
3,talk,110,8,VOTE Agent[07]
3,talk,111,5,ESTIMATE Agent[15] WEREWOLF
3,talk,112,12,Skip
3,talk,113,2,Skip
3,talk,114,10,Over
3,talk,115,11,Over
3,talk,116,14,Over
3,whisper,16,3,Over
3,whisper,17,9,Over
3,talk,117,5,ESTIMATE Agent[04] WEREWOLF
3,talk,118,4,VOTE Agent[04]
3,talk,119,8,VOTE Agent[15]
3,talk,120,1,Over
3,talk,121,12,Skip
3,talk,122,15,Over
3,talk,123,7,Over
3,talk,124,2,Skip
3,talk,125,9,Over
3,talk,126,3,Skip
3,talk,127,10,Over
3,talk,128,11,Over
3,talk,129,14,Over
3,whisper,18,3,Over
3,whisper,19,9,Over
3,vote,1,2
3,vote,2,8
3,vote,3,8
3,vote,4,11
3,vote,5,2
3,vote,7,15
3,vote,8,15
3,vote,9,5
3,vote,10,4
3,vote,11,1
3,vote,12,7
3,vote,14,7
3,vote,15,8
3,divine,7,8,HUMAN
3,guard,15,7,SEER
3,attackVote,3,7
3,attackVote,9,10
3,execute,8,MEDIUM
3,attack,10,true
4,status,1,VILLAGER,ALIVE,cash
4,status,2,VILLAGER,ALIVE,kSugar
4,status,3,WEREWOLF,ALIVE,haretaro
4,status,4,VILLAGER,ALIVE,Kanolab
4,status,5,VILLAGER,ALIVE,wasabi
4,status,6,POSSESSED,DEAD,TOT
4,status,7,SEER,ALIVE,nakamura
4,status,8,MEDIUM,DEAD,iace10442
4,status,9,WEREWOLF,ALIVE,tkAI
4,status,10,VILLAGER,DEAD,NLwolf
4,status,11,VILLAGER,ALIVE,carlo
4,status,12,VILLAGER,ALIVE,twn480
4,status,13,WEREWOLF,DEAD,KajiGod
4,status,14,VILLAGER,ALIVE,howls
4,status,15,BODYGUARD,ALIVE,Udon
4,talk,0,2,VOTE Agent[09]
4,talk,1,4,VOTE Agent[14]
4,talk,2,12,Skip
4,talk,3,3,VOTE Agent[09]
4,talk,4,5,ESTIMATE Agent[14] VILLAGER
4,talk,5,14,Over
4,talk,6,1,VOTE Agent[12]
4,talk,7,7,DIVINED Agent[08] HUMAN
4,talk,8,11,VOTE Agent[01]
4,talk,9,9,Over
4,talk,10,15,VOTE Agent[09]
4,whisper,0,9,Over
4,whisper,1,3,Over
4,talk,11,15,ESTIMATE Agent[04] WEREWOLF
4,talk,12,11,Over
4,talk,13,4,VOTE Agent[03]
4,talk,14,14,Over
4,talk,15,9,Over
4,talk,16,2,VOTE Agent[09]
4,talk,17,5,ESTIMATE Agent[09] WEREWOLF
4,talk,18,1,VOTE Agent[12]
4,talk,19,3,Skip
4,talk,20,12,Skip
4,talk,21,7,VOTE Agent[15]
4,whisper,2,3,Over
4,whisper,3,9,Over
4,talk,22,1,Over
4,talk,23,5,ESTIMATE Agent[01] WEREWOLF
4,talk,24,14,Over
4,talk,25,12,Skip
4,talk,26,9,Over
4,talk,27,11,Over
4,talk,28,2,ESTIMATE Agent[01] VILLAGER
4,talk,29,15,ESTIMATE Agent[12] WEREWOLF
4,talk,30,4,ESTIMATE Agent[07] SEER
4,talk,31,7,Over
4,talk,32,3,Skip
4,whisper,4,3,Over
4,whisper,5,9,Over
4,talk,33,5,ESTIMATE Agent[07] SEER
4,talk,34,2,ESTIMATE Agent[04] VILLAGER
4,talk,35,9,Over
4,talk,36,7,Over
4,talk,37,3,Skip
4,talk,38,15,ESTIMATE Agent[13] WEREWOLF
4,talk,39,12,Skip
4,talk,40,14,Over
4,talk,41,4,VOTE Agent[01]
4,talk,42,11,Over
4,talk,43,1,Over
4,whisper,6,9,Over
4,whisper,7,3,Over
4,talk,44,15,Over
4,talk,45,2,ESTIMATE Agent[09] VILLAGER
4,talk,46,4,ESTIMATE Agent[06] MEDIUM
4,talk,47,14,Over
4,talk,48,3,Skip
4,talk,49,12,Skip
4,talk,50,9,Over
4,talk,51,7,Over
4,talk,52,5,Skip
4,talk,53,1,Over
4,talk,54,11,Over
4,whisper,8,3,Over
4,whisper,9,9,Over
4,talk,55,9,Over
4,talk,56,7,Over
4,talk,57,5,ESTIMATE Agent[07] SEER
4,talk,58,15,Over
4,talk,59,3,Skip
4,talk,60,12,Skip
4,talk,61,4,VOTE Agent[12]
4,talk,62,14,Over
4,talk,63,2,ESTIMATE Agent[12] VILLAGER
4,talk,64,1,Over
4,talk,65,11,Over
4,whisper,10,9,Over
4,whisper,11,3,Over
4,talk,66,9,Over
4,talk,67,7,Over
4,talk,68,4,VOTE Agent[09]
4,talk,69,2,Skip
4,talk,70,3,Skip
4,talk,71,12,Skip
4,talk,72,15,Over
4,talk,73,5,ESTIMATE Agent[04] WEREWOLF
4,talk,74,14,Over
4,talk,75,1,Over
4,talk,76,11,Over
4,whisper,12,3,Over
4,whisper,13,9,Over
4,talk,77,15,Over
4,talk,78,3,Skip
4,talk,79,2,Skip
4,talk,80,12,Skip
4,talk,81,4,VOTE Agent[05]
4,talk,82,5,ESTIMATE Agent[14] VILLAGER
4,talk,83,7,Over
4,talk,84,9,Over
4,talk,85,1,Over
4,talk,86,11,Over
4,talk,87,14,Over
4,whisper,14,9,Over
4,whisper,15,3,Over
4,talk,88,12,Skip
4,talk,89,15,Over
4,talk,90,3,Skip
4,talk,91,4,ESTIMATE Agent[05] VILLAGER
4,talk,92,2,Skip
4,talk,93,5,ESTIMATE Agent[15] WEREWOLF
4,talk,94,1,Over
4,talk,95,7,Over
4,talk,96,9,Over
4,talk,97,11,Over
4,talk,98,14,Over
4,whisper,16,3,Over
4,whisper,17,9,Over
4,talk,99,12,Skip
4,talk,100,5,ESTIMATE Agent[15] WEREWOLF
4,talk,101,3,Skip
4,talk,102,4,Over
4,talk,103,2,Skip
4,talk,104,15,Over
4,talk,105,1,Over
4,talk,106,7,Over
4,talk,107,9,Over
4,talk,108,11,Over
4,talk,109,14,Over
4,whisper,18,9,Over
4,whisper,19,3,Over
4,vote,1,12
4,vote,2,9
4,vote,3,15
4,vote,4,3
4,vote,5,2
4,vote,7,15
4,vote,9,2
4,vote,11,1
4,vote,12,1
4,vote,14,2
4,vote,15,9
4,divine,7,4,HUMAN
4,guard,15,7,SEER
4,attackVote,3,7
4,execute,2,VILLAGER
4,attack,7,false
5,status,1,VILLAGER,ALIVE,cash
5,status,2,VILLAGER,DEAD,kSugar
5,status,3,WEREWOLF,ALIVE,haretaro
5,status,4,VILLAGER,ALIVE,Kanolab
5,status,5,VILLAGER,ALIVE,wasabi
5,status,6,POSSESSED,DEAD,TOT
5,status,7,SEER,ALIVE,nakamura
5,status,8,MEDIUM,DEAD,iace10442
5,status,9,WEREWOLF,ALIVE,tkAI
5,status,10,VILLAGER,DEAD,NLwolf
5,status,11,VILLAGER,ALIVE,carlo
5,status,12,VILLAGER,ALIVE,twn480
5,status,13,WEREWOLF,DEAD,KajiGod
5,status,14,VILLAGER,ALIVE,howls
5,status,15,BODYGUARD,ALIVE,Udon
5,talk,0,11,VOTE Agent[07]
5,talk,1,4,VOTE Agent[14]
5,talk,2,9,Over
5,talk,3,15,VOTE Agent[04]
5,talk,4,7,DIVINED Agent[04] HUMAN
5,talk,5,5,ESTIMATE Agent[15] WEREWOLF
5,talk,6,12,Skip
5,talk,7,1,VOTE Agent[11]
5,talk,8,3,Skip
5,talk,9,14,Over
5,whisper,0,9,Over
5,whisper,1,3,Over
5,talk,10,12,Skip
5,talk,11,9,Over
5,talk,12,1,Over
5,talk,13,5,ESTIMATE Agent[04] VILLAGER
5,talk,14,3,Skip
5,talk,15,4,VOTE Agent[01]
5,talk,16,15,ESTIMATE Agent[03] WEREWOLF
5,talk,17,7,VOTE Agent[15]
5,talk,18,11,Over
5,talk,19,14,Over
5,whisper,2,3,Over
5,whisper,3,9,Over
5,talk,20,12,Skip
5,talk,21,9,Over
5,talk,22,1,Over
5,talk,23,7,Over
5,talk,24,15,ESTIMATE Agent[12] WEREWOLF
5,talk,25,5,ESTIMATE Agent[11] WEREWOLF
5,talk,26,4,VOTE Agent[04]
5,talk,27,3,Skip
5,talk,28,11,Over
5,talk,29,14,Over
5,whisper,4,9,Over
5,whisper,5,3,Over
5,talk,30,15,ESTIMATE Agent[13] WEREWOLF
5,talk,31,7,Over
5,talk,32,12,Skip
5,talk,33,1,Over
5,talk,34,5,ESTIMATE Agent[01] WEREWOLF
5,talk,35,9,Over
5,talk,36,3,Skip
5,talk,37,4,VOTE Agent[03]
5,talk,38,11,Over
5,talk,39,14,Over
5,whisper,6,3,Over
5,whisper,7,9,Over
5,talk,40,9,Over
5,talk,41,1,Over
5,talk,42,4,VOTE Agent[09]
5,talk,43,7,Over
5,talk,44,5,ESTIMATE Agent[15] WEREWOLF
5,talk,45,12,Skip
5,talk,46,3,Skip
5,talk,47,15,VOTE Agent[09]
5,talk,48,11,Over
5,talk,49,14,Over
5,whisper,8,9,Over
5,whisper,9,3,Over
5,talk,50,1,Over
5,talk,51,12,Skip
5,talk,52,7,Over
5,talk,53,9,Over
5,talk,54,15,Over
5,talk,55,3,Skip
5,talk,56,5,ESTIMATE Agent[03] WEREWOLF
5,talk,57,4,ESTIMATE Agent[07] SEER
5,talk,58,11,Over
5,talk,59,14,Over
5,whisper,10,3,Over
5,whisper,11,9,Over
5,talk,60,3,Skip
5,talk,61,12,Skip
5,talk,62,15,Over
5,talk,63,7,Over
5,talk,64,5,ESTIMATE Agent[01] WEREWOLF
5,talk,65,1,Over
5,talk,66,9,Over
5,talk,67,4,VOTE Agent[07]
5,talk,68,11,Over
5,talk,69,14,Over
5,whisper,12,9,Over
5,whisper,13,3,Over
5,talk,70,15,Over
5,talk,71,4,VOTE Agent[05]
5,talk,72,7,Over
5,talk,73,5,ESTIMATE Agent[07] SEER
5,talk,74,1,Over
5,talk,75,3,Skip
5,talk,76,9,Over
5,talk,77,12,Skip
5,talk,78,11,Over
5,talk,79,14,Over
5,whisper,14,9,Over
5,whisper,15,3,Over
5,talk,80,7,Over
5,talk,81,1,Over
5,talk,82,4,ESTIMATE Agent[06] MEDIUM
5,talk,83,9,Over
5,talk,84,3,Skip
5,talk,85,15,Over
5,talk,86,5,ESTIMATE Agent[12] WEREWOLF
5,talk,87,12,Skip
5,talk,88,11,Over
5,talk,89,14,Over
5,whisper,16,9,Over
5,whisper,17,3,Over
5,talk,90,9,Over
5,talk,91,3,Skip
5,talk,92,1,Over
5,talk,93,15,Over
5,talk,94,7,Over
5,talk,95,4,ESTIMATE Agent[05] VILLAGER
5,talk,96,5,ESTIMATE Agent[12] WEREWOLF
5,talk,97,12,Skip
5,talk,98,11,Over
5,talk,99,14,Over
5,whisper,18,9,Over
5,whisper,19,3,Over
5,vote,1,11
5,vote,3,12
5,vote,4,9
5,vote,5,11
5,vote,7,15
5,vote,9,1
5,vote,11,7
5,vote,12,3
5,vote,14,5
5,vote,15,9
5,divine,7,11,HUMAN
5,guard,15,7,SEER
5,attackVote,3,4
5,attackVote,9,15
5,execute,9,WEREWOLF
5,attack,4,true
6,status,1,VILLAGER,ALIVE,cash
6,status,2,VILLAGER,DEAD,kSugar
6,status,3,WEREWOLF,ALIVE,haretaro
6,status,4,VILLAGER,DEAD,Kanolab
6,status,5,VILLAGER,ALIVE,wasabi
6,status,6,POSSESSED,DEAD,TOT
6,status,7,SEER,ALIVE,nakamura
6,status,8,MEDIUM,DEAD,iace10442
6,status,9,WEREWOLF,DEAD,tkAI
6,status,10,VILLAGER,DEAD,NLwolf
6,status,11,VILLAGER,ALIVE,carlo
6,status,12,VILLAGER,ALIVE,twn480
6,status,13,WEREWOLF,DEAD,KajiGod
6,status,14,VILLAGER,ALIVE,howls
6,status,15,BODYGUARD,ALIVE,Udon
6,talk,0,14,Over
6,talk,1,5,ESTIMATE Agent[07] SEER
6,talk,2,1,VOTE Agent[11]
6,talk,3,7,DIVINED Agent[11] HUMAN
6,talk,4,11,VOTE Agent[07]
6,talk,5,15,VOTE Agent[03]
6,talk,6,3,Skip
6,talk,7,12,Skip
6,whisper,0,3,Over
6,talk,8,11,Over
6,talk,9,7,VOTE Agent[15]
6,talk,10,5,ESTIMATE Agent[14] VILLAGER
6,talk,11,15,ESTIMATE Agent[03] WEREWOLF
6,talk,12,14,Over
6,talk,13,1,VOTE Agent[15]
6,talk,14,12,Skip
6,talk,15,3,Skip
6,whisper,1,3,Over
6,talk,16,14,Over
6,talk,17,1,Over
6,talk,18,5,ESTIMATE Agent[03] WEREWOLF
6,talk,19,12,Skip
6,talk,20,3,Skip
6,talk,21,11,Over
6,talk,22,7,Over
6,talk,23,15,ESTIMATE Agent[09] WEREWOLF
6,whisper,2,3,Over
6,talk,24,7,Over
6,talk,25,12,Skip
6,talk,26,15,ESTIMATE Agent[13] WEREWOLF
6,talk,27,5,ESTIMATE Agent[01] WEREWOLF
6,talk,28,14,Over
6,talk,29,1,Over
6,talk,30,11,Over
6,talk,31,3,Skip
6,whisper,3,3,Over
6,talk,32,1,Over
6,talk,33,7,Over
6,talk,34,11,Over
6,talk,35,3,Skip
6,talk,36,15,Over
6,talk,37,5,ESTIMATE Agent[01] WEREWOLF
6,talk,38,14,Over
6,talk,39,12,Skip
6,whisper,4,3,Over
6,talk,40,1,Over
6,talk,41,5,ESTIMATE Agent[14] VILLAGER
6,talk,42,14,Over
6,talk,43,3,Skip
6,talk,44,15,Over
6,talk,45,7,Over
6,talk,46,11,Over
6,talk,47,12,Skip
6,whisper,5,3,Over
6,talk,48,14,Over
6,talk,49,1,Over
6,talk,50,7,Over
6,talk,51,3,Skip
6,talk,52,12,Skip
6,talk,53,5,ESTIMATE Agent[12] WEREWOLF
6,talk,54,11,Over
6,talk,55,15,Over
6,whisper,6,3,Over
6,talk,56,12,Skip
6,talk,57,3,Skip
6,talk,58,1,Over
6,talk,59,5,ESTIMATE Agent[03] WEREWOLF
6,talk,60,14,Over
6,talk,61,7,Over
6,talk,62,11,Over
6,talk,63,15,Over
6,whisper,7,3,Over
6,talk,64,5,ESTIMATE Agent[15] WEREWOLF
6,talk,65,3,Skip
6,talk,66,1,Over
6,talk,67,12,Skip
6,talk,68,7,Over
6,talk,69,11,Over
6,talk,70,14,Over
6,talk,71,15,Over
6,whisper,8,3,Over
6,talk,72,12,Skip
6,talk,73,5,ESTIMATE Agent[07] SEER
6,talk,74,1,Over
6,talk,75,3,Skip
6,talk,76,7,Over
6,talk,77,11,Over
6,talk,78,14,Over
6,talk,79,15,Over
6,whisper,9,3,Over
6,vote,1,15
6,vote,3,12
6,vote,5,15
6,vote,7,15
6,vote,11,7
6,vote,12,15
6,vote,14,15
6,vote,15,3
6,divine,7,3,WEREWOLF
6,guard,15,7,SEER
6,attackVote,3,7
6,execute,15,BODYGUARD
6,attack,7,true
7,status,1,VILLAGER,ALIVE,cash
7,status,2,VILLAGER,DEAD,kSugar
7,status,3,WEREWOLF,ALIVE,haretaro
7,status,4,VILLAGER,DEAD,Kanolab
7,status,5,VILLAGER,ALIVE,wasabi
7,status,6,POSSESSED,DEAD,TOT
7,status,7,SEER,DEAD,nakamura
7,status,8,MEDIUM,DEAD,iace10442
7,status,9,WEREWOLF,DEAD,tkAI
7,status,10,VILLAGER,DEAD,NLwolf
7,status,11,VILLAGER,ALIVE,carlo
7,status,12,VILLAGER,ALIVE,twn480
7,status,13,WEREWOLF,DEAD,KajiGod
7,status,14,VILLAGER,ALIVE,howls
7,status,15,BODYGUARD,DEAD,Udon
7,talk,0,5,ESTIMATE Agent[03] WEREWOLF
7,talk,1,14,Over
7,talk,2,11,VOTE Agent[01]
7,talk,3,3,Skip
7,talk,4,12,Skip
7,talk,5,1,VOTE Agent[12]
7,whisper,0,3,Over
7,talk,6,12,Skip
7,talk,7,3,Skip
7,talk,8,1,Over
7,talk,9,14,Over
7,talk,10,5,ESTIMATE Agent[12] WEREWOLF
7,talk,11,11,Over
7,whisper,1,3,Over
7,talk,12,1,Over
7,talk,13,12,Skip
7,talk,14,5,ESTIMATE Agent[12] WEREWOLF
7,talk,15,14,Over
7,talk,16,3,Skip
7,talk,17,11,Over
7,whisper,2,3,Over
7,talk,18,3,Skip
7,talk,19,1,Over
7,talk,20,5,ESTIMATE Agent[11] VILLAGER
7,talk,21,14,Over
7,talk,22,12,Skip
7,talk,23,11,Over
7,whisper,3,3,Over
7,talk,24,1,Over
7,talk,25,12,Skip
7,talk,26,14,Over
7,talk,27,5,ESTIMATE Agent[01] WEREWOLF
7,talk,28,3,Skip
7,talk,29,11,Over
7,whisper,4,3,Over
7,talk,30,3,Skip
7,talk,31,12,Skip
7,talk,32,1,Over
7,talk,33,5,ESTIMATE Agent[12] WEREWOLF
7,talk,34,14,Over
7,talk,35,11,Over
7,whisper,5,3,Over
7,talk,36,3,Skip
7,talk,37,5,ESTIMATE Agent[12] WEREWOLF
7,talk,38,1,Over
7,talk,39,12,Skip
7,talk,40,11,Over
7,talk,41,14,Over
7,whisper,6,3,Over
7,talk,42,12,Skip
7,talk,43,3,Skip
7,talk,44,5,ESTIMATE Agent[12] WEREWOLF
7,talk,45,1,Over
7,talk,46,11,Over
7,talk,47,14,Over
7,whisper,7,3,Over
7,talk,48,5,ESTIMATE Agent[11] VILLAGER
7,talk,49,3,Skip
7,talk,50,12,Skip
7,talk,51,1,Over
7,talk,52,11,Over
7,talk,53,14,Over
7,whisper,8,3,Over
7,talk,54,12,Skip
7,talk,55,5,ESTIMATE Agent[01] WEREWOLF
7,talk,56,3,Skip
7,talk,57,1,Over
7,talk,58,11,Over
7,talk,59,14,Over
7,whisper,9,3,Over
7,vote,1,12
7,vote,3,1
7,vote,5,3
7,vote,11,1
7,vote,12,1
7,vote,14,12
7,attackVote,3,5
7,execute,1,VILLAGER
7,attack,5,true
8,status,1,VILLAGER,DEAD,cash
8,status,2,VILLAGER,DEAD,kSugar
8,status,3,WEREWOLF,ALIVE,haretaro
8,status,4,VILLAGER,DEAD,Kanolab
8,status,5,VILLAGER,DEAD,wasabi
8,status,6,POSSESSED,DEAD,TOT
8,status,7,SEER,DEAD,nakamura
8,status,8,MEDIUM,DEAD,iace10442
8,status,9,WEREWOLF,DEAD,tkAI
8,status,10,VILLAGER,DEAD,NLwolf
8,status,11,VILLAGER,ALIVE,carlo
8,status,12,VILLAGER,ALIVE,twn480
8,status,13,WEREWOLF,DEAD,KajiGod
8,status,14,VILLAGER,ALIVE,howls
8,status,15,BODYGUARD,DEAD,Udon
8,talk,0,12,Skip
8,talk,1,14,Over
8,talk,2,3,Skip
8,talk,3,11,VOTE Agent[03]
8,whisper,0,3,Over
8,talk,4,14,Over
8,talk,5,11,Over
8,talk,6,3,Skip
8,talk,7,12,Skip
8,whisper,1,3,Over
8,talk,8,12,Skip
8,talk,9,3,Skip
8,talk,10,14,Over
8,talk,11,11,Over
8,whisper,2,3,Over
8,talk,12,12,Skip
8,talk,13,3,Skip
8,talk,14,11,Over
8,talk,15,14,Over
8,whisper,3,3,Over
8,talk,16,12,Skip
8,talk,17,3,Skip
8,talk,18,11,Over
8,talk,19,14,Over
8,whisper,4,3,Over
8,talk,20,3,Skip
8,talk,21,12,Skip
8,talk,22,11,Over
8,talk,23,14,Over
8,whisper,5,3,Over
8,talk,24,12,Skip
8,talk,25,3,Skip
8,talk,26,11,Over
8,talk,27,14,Over
8,whisper,6,3,Over
8,talk,28,12,Skip
8,talk,29,3,Skip
8,talk,30,11,Over
8,talk,31,14,Over
8,whisper,7,3,Over
8,talk,32,12,Skip
8,talk,33,3,Skip
8,talk,34,11,Over
8,talk,35,14,Over
8,whisper,8,3,Over
8,talk,36,3,Skip
8,talk,37,12,Skip
8,talk,38,11,Over
8,talk,39,14,Over
8,whisper,9,3,Over
8,vote,3,14
8,vote,11,3
8,vote,12,3
8,vote,14,11
8,attackVote,3,11
8,execute,3,WEREWOLF
9,status,1,VILLAGER,DEAD,cash
9,status,2,VILLAGER,DEAD,kSugar
9,status,3,WEREWOLF,DEAD,haretaro
9,status,4,VILLAGER,DEAD,Kanolab
9,status,5,VILLAGER,DEAD,wasabi
9,status,6,POSSESSED,DEAD,TOT
9,status,7,SEER,DEAD,nakamura
9,status,8,MEDIUM,DEAD,iace10442
9,status,9,WEREWOLF,DEAD,tkAI
9,status,10,VILLAGER,DEAD,NLwolf
9,status,11,VILLAGER,ALIVE,carlo
9,status,12,VILLAGER,ALIVE,twn480
9,status,13,WEREWOLF,DEAD,KajiGod
9,status,14,VILLAGER,ALIVE,howls
9,status,15,BODYGUARD,DEAD,Udon
9,result,3,0,VILLAGER
