0,status,1,WEREWOLF,ALIVE,cash
0,status,2,MEDIUM,ALIVE,kSugar
0,status,3,VILLAGER,ALIVE,haretaro
0,status,4,VILLAGER,ALIVE,Kanolab
0,status,5,VILLAGER,ALIVE,wasabi
0,status,6,SEER,ALIVE,TOT
0,status,7,BODYGUARD,ALIVE,nakamura
0,status,8,VILLAGER,ALIVE,iace10442
0,status,9,VILLAGER,ALIVE,tkAI
0,status,10,VILLAGER,ALIVE,NLwolf
0,status,11,WEREWOLF,ALIVE,carlo
0,status,12,POSSESSED,ALIVE,twn480
0,status,13,WEREWOLF,ALIVE,KajiGod
0,status,14,VILLAGER,ALIVE,howls
0,status,15,VILLAGER,ALIVE,Udon
0,talk,0,6,Over
0,talk,1,9,Over
0,talk,2,13,COMINGOUT Agent[13] SEER
0,talk,3,14,Over
0,talk,4,12,DIVINED Agent[09] HUMAN
0,talk,5,3,Over
0,talk,6,15,VOTE Agent[08]
0,talk,7,8,ESTIMATE Agent[10] VILLAGER
0,talk,8,1,Skip
0,talk,9,11,VOTE Agent[02]
0,talk,10,4,VOTE Agent[09]
0,talk,11,10,Skip
0,talk,12,2,COMINGOUT Agent[02] MEDIUM
0,talk,13,5,ESTIMATE Agent[10] WEREWOLF
0,talk,14,7,ESTIMATE Agent[02] MEDIUM
0,whisper,0,13,COMINGOUT Agent[13] SEER
0,whisper,1,1,Skip
0,whisper,2,11,COMINGOUT Agent[11] VILLAGER
0,whisper,3,1,ATTACK Agent[02]
0,whisper,4,13,Over
0,whisper,5,11,ATTACK Agent[02]
0,whisper,6,13,Over
0,whisper,7,1,Over
0,whisper,8,11,Over
0,talk,15,14,Over
0,talk,16,15,ESTIMATE Agent[01] WEREWOLF
0,talk,17,13,VOTE Agent[07]
0,talk,18,5,ESTIMATE Agent[11] WEREWOLF
0,talk,19,7,ESTIMATE Agent[13] SEER
0,talk,20,8,Skip
0,talk,21,10,Skip
0,talk,22,11,VOTE Agent[03]
0,talk,23,9,Over
0,talk,24,6,Over
0,talk,25,2,ESTIMATE Agent[01] VILLAGER
0,talk,26,3,Over
0,talk,27,4,ESTIMATE Agent[13] SEER
0,talk,28,1,VOTE Agent[10]
0,talk,29,12,DIVINED Agent[06] HUMAN
0,whisper,9,11,Over
0,whisper,10,1,Over
0,whisper,11,13,Over
0,talk,30,3,Over
0,talk,31,2,ESTIMATE Agent[03] VILLAGER
0,talk,32,13,Over
0,talk,33,9,Over
0,talk,34,15,ESTIMATE Agent[09] WEREWOLF
0,talk,35,6,Over
0,talk,36,8,ESTIMATE Agent[05] VILLAGER
0,talk,37,14,Over
0,talk,38,1,VOTE Agent[14]
0,talk,39,7,ESTIMATE Agent[04] WEREWOLF
0,talk,40,12,DIVINED Agent[02] HUMAN
0,talk,41,5,ESTIMATE Agent[02] MEDIUM
0,talk,42,11,Over
0,talk,43,4,ESTIMATE Agent[02] MEDIUM
0,talk,44,10,Skip
0,whisper,12,13,Over
0,whisper,13,11,Over
0,whisper,14,1,Over
0,talk,45,4,ESTIMATE Agent[01] VILLAGER
0,talk,46,7,VOTE Agent[04]
0,talk,47,8,VOTE Agent[11]
0,talk,48,6,Over
0,talk,49,14,Over
0,talk,50,5,ESTIMATE Agent[03] WEREWOLF
0,talk,51,13,Over
0,talk,52,2,ESTIMATE Agent[01] VILLAGER
0,talk,53,3,Over
0,talk,54,1,VOTE Agent[14]
0,talk,55,11,Over
0,talk,56,12,DIVINED Agent[07] HUMAN
0,talk,57,15,ESTIMATE Agent[07] WEREWOLF
0,talk,58,10,VOTE Agent[04]
0,talk,59,9,Over
0,whisper,15,13,Over
0,whisper,16,11,Over
0,whisper,17,1,Over
0,talk,60,2,ESTIMATE Agent[03] VILLAGER
0,talk,61,13,Over
0,talk,62,8,VOTE Agent[15]
0,talk,63,15,VOTE Agent[04]
0,talk,64,11,Over
0,talk,65,12,DIVINED Agent[08] HUMAN
0,talk,66,1,VOTE Agent[14]
0,talk,67,5,ESTIMATE Agent[12] WEREWOLF
0,talk,68,4,Over
0,talk,69,10,Over
0,talk,70,7,Over
0,talk,71,3,Over
0,talk,72,6,Over
0,talk,73,14,Over
0,talk,74,9,Over
0,whisper,18,11,Over
0,whisper,19,1,Over
0,whisper,20,13,Over
0,talk,75,1,Over
0,talk,76,5,ESTIMATE Agent[12] WEREWOLF
0,talk,77,11,Over
0,talk,78,12,DIVINED Agent[05] HUMAN
0,talk,79,13,Over
0,talk,80,8,VOTE Agent[03]
0,talk,81,2,ESTIMATE Agent[05] VILLAGER
0,talk,82,15,ESTIMATE Agent[02] MEDIUM
0,talk,83,3,Over
0,talk,84,4,Over
0,talk,85,6,Over
0,talk,86,7,Over
0,talk,87,9,Over
0,talk,88,10,Over
0,talk,89,14,Over
0,whisper,21,13,Over
0,whisper,22,1,Over
0,whisper,23,11,Over
0,talk,90,13,Over
0,talk,91,2,ESTIMATE Agent[04] VILLAGER
0,talk,92,8,VOTE Agent[10]
0,talk,93,5,Skip
0,talk,94,12,DIVINED Agent[14] HUMAN
0,talk,95,11,Over
0,talk,96,15,Over
0,talk,97,1,VOTE Agent[15]
0,talk,98,3,Over
0,talk,99,4,Over
0,talk,100,6,Over
0,talk,101,7,Over
0,talk,102,9,Over
0,talk,103,10,Over
0,talk,104,14,Over
0,whisper,24,1,Over
0,whisper,25,13,Over
0,whisper,26,11,Over
0,talk,105,12,DIVINED Agent[11] HUMAN
0,talk,106,11,Over
0,talk,107,13,Over
0,talk,108,1,VOTE Agent[15]
0,talk,109,2,ESTIMATE Agent[06] VILLAGER
0,talk,110,8,VOTE Agent[03]
0,talk,111,15,Over
0,talk,112,5,Skip
0,talk,113,3,Over
0,talk,114,4,Over
0,talk,115,6,Over
0,talk,116,7,ESTIMATE Agent[12] WEREWOLF
0,talk,117,9,Over
0,talk,118,10,Over
0,talk,119,14,Over
0,whisper,27,11,ESTIMATE Agent[02] MEDIUM
0,whisper,28,13,Over
0,whisper,29,1,Over
0,whisper,30,11,ESTIMATE Agent[12] POSSESSED
0,whisper,31,1,Over
0,whisper,32,13,Over
0,whisper,33,11,Over
0,talk,120,13,Over
0,talk,121,2,ESTIMATE Agent[07] VILLAGER
0,talk,122,12,Over
0,talk,123,7,VOTE Agent[12]
0,talk,124,15,VOTE Agent[03]
0,talk,125,1,Over
0,talk,126,11,Over
0,talk,127,8,VOTE Agent[13]
0,talk,128,5,Skip
0,talk,129,3,Over
0,talk,130,4,Over
0,talk,131,6,Over
0,talk,132,9,Over
0,talk,133,10,Over
0,talk,134,14,Over
0,whisper,34,11,Over
0,whisper,35,13,Over
0,whisper,36,1,Over
0,talk,135,15,Over
0,talk,136,13,Over
0,talk,137,11,Over
0,talk,138,1,Over
0,talk,139,5,ESTIMATE Agent[08] WEREWOLF
0,talk,140,2,ESTIMATE Agent[08] VILLAGER
0,talk,141,8,VOTE Agent[15]
0,talk,142,12,Over
0,talk,143,7,ESTIMATE Agent[04] WEREWOLF
0,talk,144,3,Over
0,talk,145,4,Over
0,talk,146,6,Over
0,talk,147,9,Over
0,talk,148,10,Over
0,talk,149,14,Over
0,whisper,37,13,Over
0,whisper,38,1,Over
0,whisper,39,11,Over
0,divine,6,8,HUMAN
1,status,1,WEREWOLF,ALIVE,cash
1,status,2,MEDIUM,ALIVE,kSugar
1,status,3,VILLAGER,ALIVE,haretaro
1,status,4,VILLAGER,ALIVE,Kanolab
1,status,5,VILLAGER,ALIVE,wasabi
1,status,6,SEER,ALIVE,TOT
1,status,7,BODYGUARD,ALIVE,nakamura
1,status,8,VILLAGER,ALIVE,iace10442
1,status,9,VILLAGER,ALIVE,tkAI
1,status,10,VILLAGER,ALIVE,NLwolf
1,status,11,WEREWOLF,ALIVE,carlo
1,status,12,POSSESSED,ALIVE,twn480
1,status,13,WEREWOLF,ALIVE,KajiGod
1,status,14,VILLAGER,ALIVE,howls
1,status,15,VILLAGER,ALIVE,Udon
1,talk,0,1,VOTE Agent[15]
1,talk,1,6,COMINGOUT Agent[06] SEER
1,talk,2,15,VOTE Agent[01]
1,talk,3,13,VOTE Agent[08]
1,talk,4,10,Skip
1,talk,5,9,Over
1,talk,6,7,ESTIMATE Agent[06] SEER
1,talk,7,12,DIVINED Agent[04] HUMAN
1,talk,8,8,Skip
1,talk,9,14,Over
1,talk,10,5,ESTIMATE Agent[13] WEREWOLF
1,talk,11,2,VOTE Agent[15]
1,talk,12,3,VOTE Agent[09]
1,talk,13,4,VOTE Agent[10]
1,talk,14,11,VOTE Agent[03]
1,whisper,0,11,ATTACK Agent[06]
1,whisper,1,1,Skip
1,whisper,2,13,Over
1,whisper,3,11,ESTIMATE Agent[06] SEER
1,whisper,4,1,ATTACK Agent[02]
1,whisper,5,13,Over
1,whisper,6,1,Over
1,whisper,7,11,ATTACK Agent[02]
1,whisper,8,13,Over
1,whisper,9,1,Over
1,whisper,10,11,Over
1,talk,15,15,ESTIMATE Agent[08] WEREWOLF
1,talk,16,10,Skip
1,talk,17,4,VOTE Agent[02]
1,talk,18,8,Skip
1,talk,19,2,VOTE Agent[15]
1,talk,20,14,Over
1,talk,21,1,VOTE Agent[12]
1,talk,22,3,VOTE Agent[01]
1,talk,23,5,Skip
1,talk,24,13,Over
1,talk,25,6,DIVINED Agent[08] HUMAN
1,talk,26,9,Over
1,talk,27,11,Over
1,talk,28,7,ESTIMATE Agent[13] POSSESSED
1,talk,29,12,Over
1,whisper,11,11,Over
1,whisper,12,1,Over
1,whisper,13,13,Over
1,talk,30,4,VOTE Agent[13]
1,talk,31,15,ESTIMATE Agent[09] WEREWOLF
1,talk,32,5,ESTIMATE Agent[12] WEREWOLF
1,talk,33,7,ESTIMATE Agent[12] WEREWOLF
1,talk,34,10,Skip
1,talk,35,2,VOTE Agent[01]
1,talk,36,1,VOTE Agent[12]
1,talk,37,13,Over
1,talk,38,8,Skip
1,talk,39,9,Over
1,talk,40,14,Over
1,talk,41,6,ESTIMATE Agent[13] WEREWOLF
1,talk,42,3,Skip
1,talk,43,11,Over
1,talk,44,12,Over
1,whisper,14,11,Over
1,whisper,15,1,Over
1,whisper,16,13,Over
1,talk,45,2,VOTE Agent[01]
1,talk,46,4,VOTE Agent[08]
1,talk,47,5,ESTIMATE Agent[12] WEREWOLF
1,talk,48,13,Over
1,talk,49,9,Over
1,talk,50,10,VOTE Agent[13]
1,talk,51,6,VOTE Agent[13]
1,talk,52,8,VOTE Agent[10]
1,talk,53,7,VOTE Agent[12]
1,talk,54,3,Skip
1,talk,55,15,ESTIMATE Agent[12] WEREWOLF
1,talk,56,1,Over
1,talk,57,14,Over
1,talk,58,11,Over
1,talk,59,12,Over
1,whisper,17,13,Over
1,whisper,18,1,Over
1,whisper,19,11,Over
1,talk,60,6,Over
1,talk,61,7,Over
1,talk,62,3,Skip
1,talk,63,8,VOTE Agent[03]
1,talk,64,9,Over
1,talk,65,13,Over
1,talk,66,4,ESTIMATE Agent[06] SEER
1,talk,67,2,VOTE Agent[01]
1,talk,68,15,ESTIMATE Agent[02] MEDIUM
1,talk,69,5,ESTIMATE Agent[13] WEREWOLF
1,talk,70,10,Over
1,talk,71,1,Over
1,talk,72,11,Over
1,talk,73,12,Over
1,talk,74,14,Over
1,whisper,20,13,Over
1,whisper,21,1,Over
1,whisper,22,11,Over
1,talk,75,9,Over
1,talk,76,13,Over
1,talk,77,15,Over
1,talk,78,5,Skip
1,talk,79,3,Skip
1,talk,80,7,Over
1,talk,81,4,VOTE Agent[04]
1,talk,82,8,VOTE Agent[13]
1,talk,83,6,Over
1,talk,84,2,VOTE Agent[13]
1,talk,85,1,Over
1,talk,86,10,Over
1,talk,87,11,Over
1,talk,88,12,Over
1,talk,89,14,Over
1,whisper,23,13,Over
1,whisper,24,1,Over
1,whisper,25,11,Over
1,talk,90,8,VOTE Agent[15]
1,talk,91,6,Over
1,talk,92,9,Over
1,talk,93,13,Over
1,talk,94,3,VOTE Agent[12]
1,talk,95,5,ESTIMATE Agent[15] VILLAGER
1,talk,96,4,ESTIMATE Agent[02] MEDIUM
1,talk,97,2,VOTE Agent[13]
1,talk,98,7,Over
1,talk,99,15,Over
1,talk,100,1,Over
1,talk,101,10,Over
1,talk,102,11,Over
1,talk,103,12,Over
1,talk,104,14,Over
1,whisper,26,1,Over
1,whisper,27,11,Over
1,whisper,28,13,Over
1,talk,105,13,Over
1,talk,106,2,VOTE Agent[13]
1,talk,107,5,ESTIMATE Agent[13] WEREWOLF
1,talk,108,8,VOTE Agent[03]
1,talk,109,9,Over
1,talk,110,3,Skip
1,talk,111,6,Over
1,talk,112,4,ESTIMATE Agent[01] VILLAGER
1,talk,113,1,Over
1,talk,114,7,Over
1,talk,115,10,Over
1,talk,116,11,Over
1,talk,117,12,Over
1,talk,118,14,Over
1,talk,119,15,VOTE Agent[03]
1,whisper,29,11,Over
1,whisper,30,1,Over
1,whisper,31,13,Over
1,talk,120,1,Over
1,talk,121,15,Over
1,talk,122,10,Over
1,talk,123,14,Over
1,talk,124,8,VOTE Agent[14]
1,talk,125,6,Over
1,talk,126,4,Over
1,talk,127,12,Over
1,talk,128,5,Skip
1,talk,129,9,Over
1,talk,130,3,Skip
1,talk,131,11,Over
1,talk,132,2,VOTE Agent[13]
1,talk,133,7,Over
1,talk,134,13,Over
1,whisper,32,11,Over
1,whisper,33,1,Over
1,whisper,34,13,Over
1,talk,135,8,VOTE Agent[10]
1,talk,136,9,Over
1,talk,137,10,Over
1,talk,138,12,Over
1,talk,139,4,Over
1,talk,140,15,Over
1,talk,141,11,Over
1,talk,142,3,Skip
1,talk,143,2,VOTE Agent[13]
1,talk,144,1,Over
1,talk,145,6,Over
1,talk,146,5,ESTIMATE Agent[12] VILLAGER
1,talk,147,14,Over
1,talk,148,7,Over
1,talk,149,13,Over
1,whisper,35,1,Over
1,whisper,36,11,Over
1,whisper,37,13,Over
1,vote,1,12
1,vote,2,13
1,vote,3,12
1,vote,4,15
1,vote,5,12
1,vote,6,13
1,vote,7,12
1,vote,8,10
1,vote,9,1
1,vote,10,13
1,vote,11,12
1,vote,12,11
1,vote,13,8
1,vote,14,9
1,vote,15,3
1,divine,6,7,HUMAN
1,guard,7,6,SEER
1,attackVote,1,2
1,attackVote,11,2
1,attackVote,13,6
1,execute,12,POSSESSED
1,attack,2,true
2,status,1,WEREWOLF,ALIVE,cash
2,status,2,MEDIUM,DEAD,kSugar
2,status,3,VILLAGER,ALIVE,haretaro
2,status,4,VILLAGER,ALIVE,Kanolab
2,status,5,VILLAGER,ALIVE,wasabi
2,status,6,SEER,ALIVE,TOT
2,status,7,BODYGUARD,ALIVE,nakamura
2,status,8,VILLAGER,ALIVE,iace10442
2,status,9,VILLAGER,ALIVE,tkAI
2,status,10,VILLAGER,ALIVE,NLwolf
2,status,11,WEREWOLF,ALIVE,carlo
2,status,12,POSSESSED,DEAD,twn480
2,status,13,WEREWOLF,ALIVE,KajiGod
2,status,14,VILLAGER,ALIVE,howls
2,status,15,VILLAGER,ALIVE,Udon
2,talk,0,11,VOTE Agent[03]
2,talk,1,5,ESTIMATE Agent[06] WEREWOLF
2,talk,2,10,Skip
2,talk,3,7,ESTIMATE Agent[14] WEREWOLF
2,talk,4,6,DIVINED Agent[07] HUMAN
2,talk,5,15,VOTE Agent[03]
2,talk,6,1,VOTE Agent[06]
2,talk,7,14,Over
2,talk,8,3,VOTE Agent[09]
2,talk,9,4,VOTE Agent[07]
2,talk,10,13,DIVINED Agent[09] HUMAN
2,talk,11,8,ESTIMATE Agent[05] WEREWOLF
2,talk,12,9,Over
2,whisper,0,13,DIVINED Agent[09] HUMAN
2,whisper,1,1,ATTACK Agent[07]
2,whisper,2,11,ATTACK Agent[07]
2,whisper,3,11,Over
2,whisper,4,1,Over
2,whisper,5,13,Over
2,talk,13,13,VOTE Agent[07]
2,talk,14,11,Over
2,talk,15,1,VOTE Agent[06]
2,talk,16,7,VOTE Agent[14]
2,talk,17,10,Skip
2,talk,18,5,ESTIMATE Agent[07] VILLAGER
2,talk,19,14,Over
2,talk,20,4,VOTE Agent[01]
2,talk,21,6,VOTE Agent[13]
2,talk,22,15,ESTIMATE Agent[01] WEREWOLF
2,talk,23,8,ESTIMATE Agent[04] VILLAGER
2,talk,24,3,VOTE Agent[01]
2,talk,25,9,Over
2,whisper,6,1,Over
2,whisper,7,11,Over
2,whisper,8,13,Over
2,talk,26,15,ESTIMATE Agent[06] WEREWOLF
2,talk,27,8,Skip
2,talk,28,11,Over
2,talk,29,10,Skip
2,talk,30,7,Over
2,talk,31,5,ESTIMATE Agent[11] WEREWOLF
2,talk,32,6,Over
2,talk,33,4,ESTIMATE Agent[06] SEER
2,talk,34,3,Skip
2,talk,35,14,Over
2,talk,36,1,Over
2,talk,37,13,Over
2,talk,38,9,Over
2,whisper,9,1,Over
2,whisper,10,13,Over
2,whisper,11,11,Over
2,talk,39,11,Over
2,talk,40,7,Over
2,talk,41,6,Over
2,talk,42,3,Skip
2,talk,43,5,ESTIMATE Agent[14] WEREWOLF
2,talk,44,8,VOTE Agent[05]
2,talk,45,4,VOTE Agent[11]
2,talk,46,15,ESTIMATE Agent[07] WEREWOLF
2,talk,47,10,VOTE Agent[03]
2,talk,48,1,Over
2,talk,49,9,Over
2,talk,50,13,Over
2,talk,51,14,Over
2,whisper,12,11,Over
2,whisper,13,13,Over
2,whisper,14,1,Over
2,talk,52,5,ESTIMATE Agent[15] WEREWOLF
2,talk,53,6,Over
2,talk,54,3,VOTE Agent[05]
2,talk,55,4,VOTE Agent[13]
2,talk,56,11,Over
2,talk,57,15,Over
2,talk,58,7,Over
2,talk,59,10,Over
2,talk,60,8,VOTE Agent[13]
2,talk,61,1,Over
2,talk,62,9,Over
2,talk,63,13,Over
2,talk,64,14,Over
2,whisper,15,11,Over
2,whisper,16,13,Over
2,whisper,17,1,Over
2,talk,65,4,VOTE Agent[10]
2,talk,66,11,Over
2,talk,67,6,Over
2,talk,68,5,ESTIMATE Agent[06] WEREWOLF
2,talk,69,15,Over
2,talk,70,8,VOTE Agent[15]
2,talk,71,3,VOTE Agent[07]
2,talk,72,7,Over
2,talk,73,10,Over
2,talk,74,1,Over
2,talk,75,9,Over
2,talk,76,13,Over
2,talk,77,14,Over
2,whisper,18,11,Over
2,whisper,19,1,Over
2,whisper,20,13,Over
2,talk,78,6,Over
2,talk,79,5,ESTIMATE Agent[10] WEREWOLF
2,talk,80,11,Over
2,talk,81,8,VOTE Agent[05]
2,talk,82,3,VOTE Agent[05]
2,talk,83,15,Over
2,talk,84,4,ESTIMATE Agent[02] MEDIUM
2,talk,85,1,Over
2,talk,86,7,Over
2,talk,87,9,Over
2,talk,88,10,Over
2,talk,89,13,Over
2,talk,90,14,Over
2,whisper,21,1,Over
2,whisper,22,11,Over
2,whisper,23,13,Over
2,talk,91,4,VOTE Agent[15]
2,talk,92,6,Over
2,talk,93,3,Skip
2,talk,94,8,VOTE Agent[10]
2,talk,95,5,ESTIMATE Agent[13] WEREWOLF
2,talk,96,15,Over
2,talk,97,11,Over
2,talk,98,1,Over
2,talk,99,7,Over
2,talk,100,9,Over
2,talk,101,10,Over
2,talk,102,13,Over
2,talk,103,14,Over
2,whisper,24,1,Over
2,whisper,25,11,Over
2,whisper,26,13,Over
2,talk,104,8,VOTE Agent[05]
2,talk,105,3,Skip
2,talk,106,5,ESTIMATE Agent[13] WEREWOLF
2,talk,107,6,Over
2,talk,108,4,ESTIMATE Agent[01] VILLAGER
2,talk,109,1,Over
2,talk,110,7,Over
2,talk,111,9,Over
2,talk,112,10,Over
2,talk,113,11,Over
2,talk,114,13,Over
2,talk,115,14,Over
2,talk,116,15,Over
2,whisper,27,1,Over
2,whisper,28,13,Over
2,whisper,29,11,Over
2,talk,117,8,VOTE Agent[13]
2,talk,118,5,ESTIMATE Agent[03] WEREWOLF
2,talk,119,6,Over
2,talk,120,3,VOTE Agent[07]
2,talk,121,4,Over
2,talk,122,1,Over
2,talk,123,7,Over
2,talk,124,9,Over
2,talk,125,10,Over
2,talk,126,11,Over
2,talk,127,13,Over
2,talk,128,14,Over
2,talk,129,15,Over
2,whisper,30,13,Over
2,whisper,31,1,Over
2,whisper,32,11,Over
2,vote,1,6
2,vote,3,7
2,vote,4,14
2,vote,5,4
2,vote,6,13
2,vote,7,14
2,vote,8,13
2,vote,9,6
2,vote,10,3
2,vote,11,3
2,vote,13,7
2,vote,14,10
2,vote,15,3
2,divine,6,3,HUMAN
2,guard,7,6,SEER
2,attackVote,1,7
2,attackVote,11,7
2,attackVote,13,7
2,execute,3,VILLAGER
2,attack,7,true
3,status,1,WEREWOLF,ALIVE,cash
3,status,2,MEDIUM,DEAD,kSugar
3,status,3,VILLAGER,DEAD,haretaro
3,status,4,VILLAGER,ALIVE,Kanolab
3,status,5,VILLAGER,ALIVE,wasabi
3,status,6,SEER,ALIVE,TOT
3,status,7,BODYGUARD,DEAD,nakamura
3,status,8,VILLAGER,ALIVE,iace10442
3,status,9,VILLAGER,ALIVE,tkAI
3,status,10,VILLAGER,ALIVE,NLwolf
3,status,11,WEREWOLF,ALIVE,carlo
3,status,12,POSSESSED,DEAD,twn480
3,status,13,WEREWOLF,ALIVE,KajiGod
3,status,14,VILLAGER,ALIVE,howls
3,status,15,VILLAGER,ALIVE,Udon
3,talk,0,15,VOTE Agent[08]
3,talk,1,5,ESTIMATE Agent[06] WEREWOLF
3,talk,2,11,VOTE Agent[04]
3,talk,3,14,Over
3,talk,4,1,VOTE Agent[06]
3,talk,5,8,ESTIMATE Agent[01] VILLAGER
3,talk,6,4,VOTE Agent[11]
3,talk,7,6,DIVINED Agent[03] HUMAN
3,talk,8,10,Skip
3,talk,9,13,DIVINED Agent[11] HUMAN
3,talk,10,9,Over
3,whisper,0,11,ATTACK Agent[06]
3,whisper,1,13,DIVINED Agent[11] HUMAN
3,whisper,2,1,ATTACK Agent[09]
3,whisper,3,1,Over
3,whisper,4,13,Over
3,whisper,5,11,ATTACK Agent[09]
3,whisper,6,11,Over
3,whisper,7,1,Over
3,whisper,8,13,Over
3,talk,11,5,ESTIMATE Agent[13] WEREWOLF
3,talk,12,14,Over
3,talk,13,4,VOTE Agent[13]
3,talk,14,6,VOTE Agent[13]
3,talk,15,1,VOTE Agent[15]
3,talk,16,10,Skip
3,talk,17,11,Over
3,talk,18,8,Skip
3,talk,19,15,ESTIMATE Agent[03] WEREWOLF
3,talk,20,13,VOTE Agent[15]
3,talk,21,9,Over
3,whisper,9,1,Over
3,whisper,10,11,Over
3,whisper,11,13,Over
3,talk,22,6,Over
3,talk,23,11,Over
3,talk,24,13,Over
3,talk,25,1,Over
3,talk,26,15,ESTIMATE Agent[06] WEREWOLF
3,talk,27,8,Skip
3,talk,28,5,ESTIMATE Agent[06] WEREWOLF
3,talk,29,10,Skip
3,talk,30,4,VOTE Agent[06]
3,talk,31,14,Over
3,talk,32,9,Over
3,whisper,12,1,Over
3,whisper,13,13,Over
3,whisper,14,11,Over
3,talk,33,4,VOTE Agent[01]
3,talk,34,5,ESTIMATE Agent[01] WEREWOLF
3,talk,35,6,Over
3,talk,36,13,Over
3,talk,37,1,Over
3,talk,38,15,ESTIMATE Agent[08] WEREWOLF
3,talk,39,8,VOTE Agent[14]
3,talk,40,10,VOTE Agent[11]
3,talk,41,11,Over
3,talk,42,9,Over
3,talk,43,14,Over
3,whisper,15,1,Over
3,whisper,16,11,Over
3,whisper,17,13,Over
3,talk,44,8,VOTE Agent[05]
3,talk,45,1,Over
3,talk,46,5,ESTIMATE Agent[09] VILLAGER
3,talk,47,10,Over
3,talk,48,13,Over
3,talk,49,6,Over
3,talk,50,15,Over
3,talk,51,4,VOTE Agent[08]
3,talk,52,9,Over
3,talk,53,11,Over
3,talk,54,14,Over
3,whisper,18,13,Over
3,whisper,19,11,Over
3,whisper,20,1,Over
3,talk,55,13,Over
3,talk,56,1,Over
3,talk,57,10,Over
3,talk,58,8,VOTE Agent[14]
3,talk,59,4,VOTE Agent[04]
3,talk,60,15,Over
3,talk,61,5,ESTIMATE Agent[11] VILLAGER
3,talk,62,6,Over
3,talk,63,9,Over
3,talk,64,11,Over
3,talk,65,14,Over
3,whisper,21,1,Over
3,whisper,22,11,Over
3,whisper,23,13,Over
3,talk,66,13,Over
3,talk,67,10,Over
3,talk,68,5,Skip
3,talk,69,1,Over
3,talk,70,15,Over
3,talk,71,4,VOTE Agent[15]
3,talk,72,8,VOTE Agent[05]
3,talk,73,6,Over
3,talk,74,9,Over
3,talk,75,11,Over
3,talk,76,14,Over
3,whisper,24,13,Over
3,whisper,25,11,Over
3,whisper,26,1,Over
3,talk,77,1,Over
3,talk,78,10,Over
3,talk,79,8,VOTE Agent[14]
3,talk,80,13,Over
3,talk,81,4,ESTIMATE Agent[13] SEER
3,talk,82,15,Over
3,talk,83,5,ESTIMATE Agent[13] WEREWOLF
3,talk,84,6,Over
3,talk,85,9,Over
3,talk,86,11,Over
3,talk,87,14,Over
3,whisper,27,13,Over
3,whisper,28,1,Over
3,whisper,29,11,Over
3,talk,88,5,ESTIMATE Agent[10] WEREWOLF
3,talk,89,8,VOTE Agent[15]
3,talk,90,4,ESTIMATE Agent[02] MEDIUM
3,talk,91,13,Over
3,talk,92,15,Over
3,talk,93,1,Over
3,talk,94,10,Over
3,talk,95,6,Over
3,talk,96,9,Over
3,talk,97,11,Over
3,talk,98,14,Over
3,whisper,30,1,Over
3,whisper,31,11,Over
3,whisper,32,13,Over
3,talk,99,8,VOTE Agent[09]
3,talk,100,5,Skip
3,talk,101,4,ESTIMATE Agent[01] VILLAGER
3,talk,102,1,Over
3,talk,103,6,Over
3,talk,104,9,Over
3,talk,105,10,Over
3,talk,106,11,Over
3,talk,107,13,Over
3,talk,108,14,Over
3,talk,109,15,Over
3,whisper,33,13,Over
3,whisper,34,11,Over
3,whisper,35,1,Over
3,vote,1,15
3,vote,4,10
3,vote,5,4
3,vote,6,13
3,vote,8,9
3,vote,9,11
3,vote,10,11
3,vote,11,15
3,vote,13,15
3,vote,14,1
3,vote,15,8
3,divine,6,11,WEREWOLF
3,attackVote,1,9
3,attackVote,11,9
3,attackVote,13,6
3,execute,15,VILLAGER
3,attack,9,true
4,status,1,WEREWOLF,ALIVE,cash
4,status,2,MEDIUM,DEAD,kSugar
4,status,3,VILLAGER,DEAD,haretaro
4,status,4,VILLAGER,ALIVE,Kanolab
4,status,5,VILLAGER,ALIVE,wasabi
4,status,6,SEER,ALIVE,TOT
4,status,7,BODYGUARD,DEAD,nakamura
4,status,8,VILLAGER,ALIVE,iace10442
4,status,9,VILLAGER,DEAD,tkAI
4,status,10,VILLAGER,ALIVE,NLwolf
4,status,11,WEREWOLF,ALIVE,carlo
4,status,12,POSSESSED,DEAD,twn480
4,status,13,WEREWOLF,ALIVE,KajiGod
4,status,14,VILLAGER,ALIVE,howls
4,status,15,VILLAGER,DEAD,Udon
4,talk,0,14,Over
4,talk,1,13,DIVINED Agent[06] HUMAN
4,talk,2,4,VOTE Agent[11]
4,talk,3,10,Skip
4,talk,4,6,DIVINED Agent[11] WEREWOLF
4,talk,5,1,VOTE Agent[14]
4,talk,6,11,VOTE Agent[04]
4,talk,7,5,Skip
4,talk,8,8,Skip
4,whisper,0,1,ATTACK Agent[06]
4,whisper,1,11,ATTACK Agent[06]
4,whisper,2,13,DIVINED Agent[06] HUMAN
4,whisper,3,11,Over
4,whisper,4,1,Over
4,whisper,5,13,Over
4,talk,9,8,Skip
4,talk,10,14,Over
4,talk,11,13,VOTE Agent[04]
4,talk,12,10,Skip
4,talk,13,1,Over
4,talk,14,6,ESTIMATE Agent[11] WEREWOLF
4,talk,15,4,VOTE Agent[05]
4,talk,16,5,ESTIMATE Agent[06] SEER
4,talk,17,11,Over
4,whisper,6,1,Over
4,whisper,7,11,Over
4,whisper,8,13,Over
4,talk,18,4,VOTE Agent[13]
4,talk,19,10,Skip
4,talk,20,6,ESTIMATE Agent[13] POSSESSED
4,talk,21,8,Skip
4,talk,22,13,Over
4,talk,23,1,Over
4,talk,24,5,ESTIMATE Agent[13] WEREWOLF
4,talk,25,14,Over
4,talk,26,11,Over
4,whisper,9,1,Over
4,whisper,10,13,Over
4,whisper,11,11,Over
4,talk,27,6,VOTE Agent[11]
4,talk,28,1,Over
4,talk,29,5,ESTIMATE Agent[14] VILLAGER
4,talk,30,10,VOTE Agent[11]
4,talk,31,13,Over
4,talk,32,8,VOTE Agent[13]
4,talk,33,4,VOTE Agent[01]
4,talk,34,11,COMINGOUT Agent[11] SEER
4,talk,35,14,Over
4,whisper,12,13,Over
4,whisper,13,1,Over
4,whisper,14,11,COMINGOUT Agent[11] SEER
4,whisper,15,11,Over
4,whisper,16,13,Over
4,whisper,17,1,Over
4,talk,36,8,VOTE Agent[05]
4,talk,37,6,Over
4,talk,38,10,Over
4,talk,39,13,VOTE Agent[11]
4,talk,40,5,ESTIMATE Agent[13] WEREWOLF
4,talk,41,11,DIVINED Agent[06] HUMAN
4,talk,42,4,ESTIMATE Agent[13] SEER
4,talk,43,1,VOTE Agent[13]
4,talk,44,14,Over
4,whisper,18,11,Over
4,whisper,19,13,Over
4,whisper,20,1,Over
4,talk,45,4,VOTE Agent[10]
4,talk,46,1,Over
4,talk,47,13,Over
4,talk,48,8,Over
4,talk,49,5,ESTIMATE Agent[10] VILLAGER
4,talk,50,11,DIVINED Agent[01] HUMAN
4,talk,51,6,ESTIMATE Agent[11] POSSESSED
4,talk,52,10,Over
4,talk,53,14,Over
4,whisper,21,11,Over
4,whisper,22,1,Over
4,whisper,23,13,Over
4,talk,54,4,VOTE Agent[04]
4,talk,55,1,VOTE Agent[13]
4,talk,56,8,VOTE Agent[14]
4,talk,57,11,DIVINED Agent[08] HUMAN
4,talk,58,5,Skip
4,talk,59,13,Over
4,talk,60,6,Over
4,talk,61,10,Over
4,talk,62,14,Over
4,whisper,24,13,Over
4,whisper,25,1,Over
4,whisper,26,11,Over
4,talk,63,11,DIVINED Agent[06] HUMAN
4,talk,64,4,ESTIMATE Agent[02] MEDIUM
4,talk,65,8,VOTE Agent[04]
4,talk,66,1,VOTE Agent[13]
4,talk,67,5,ESTIMATE Agent[13] WEREWOLF
4,talk,68,6,Over
4,talk,69,10,Over
4,talk,70,13,Over
4,talk,71,14,Over
4,whisper,27,13,Over
4,whisper,28,11,Over
4,whisper,29,1,Over
4,talk,72,11,VOTE Agent[06]
4,talk,73,4,ESTIMATE Agent[01] VILLAGER
4,talk,74,1,Over
4,talk,75,8,VOTE Agent[13]
4,talk,76,5,ESTIMATE Agent[11] WEREWOLF
4,talk,77,6,Over
4,talk,78,10,Over
4,talk,79,13,Over
4,talk,80,14,Over
4,whisper,30,1,Over
4,whisper,31,11,Over
4,whisper,32,13,Over
4,talk,81,5,ESTIMATE Agent[11] WEREWOLF
4,talk,82,1,Over
4,talk,83,8,VOTE Agent[14]
4,talk,84,11,Over
4,talk,85,4,VOTE Agent[14]
4,talk,86,6,Over
4,talk,87,10,Over
4,talk,88,13,Over
4,talk,89,14,Over
4,whisper,33,11,Over
4,whisper,34,13,Over
4,whisper,35,1,Over
4,vote,1,13
4,vote,4,14
4,vote,5,13
4,vote,6,11
4,vote,8,14
4,vote,10,11
4,vote,11,13
4,vote,13,11
4,vote,14,1
4,divine,6,1,WEREWOLF
4,attackVote,1,8
4,attackVote,11,6
4,attackVote,13,5
4,execute,13,WEREWOLF
4,attack,8,true
5,status,1,WEREWOLF,ALIVE,cash
5,status,2,MEDIUM,DEAD,kSugar
5,status,3,VILLAGER,DEAD,haretaro
5,status,4,VILLAGER,ALIVE,Kanolab
5,status,5,VILLAGER,ALIVE,wasabi
5,status,6,SEER,ALIVE,TOT
5,status,7,BODYGUARD,DEAD,nakamura
5,status,8,VILLAGER,DEAD,iace10442
5,status,9,VILLAGER,DEAD,tkAI
5,status,10,VILLAGER,ALIVE,NLwolf
5,status,11,WEREWOLF,ALIVE,carlo
5,status,12,POSSESSED,DEAD,twn480
5,status,13,WEREWOLF,DEAD,KajiGod
5,status,14,VILLAGER,ALIVE,howls
5,status,15,VILLAGER,DEAD,Udon
5,talk,0,6,DIVINED Agent[01] WEREWOLF
5,talk,1,10,Skip
5,talk,2,1,VOTE Agent[14]
5,talk,3,14,Over
5,talk,4,5,ESTIMATE Agent[11] WEREWOLF
5,talk,5,4,VOTE Agent[01]
5,talk,6,11,DIVINED Agent[04] HUMAN
5,whisper,0,11,ATTACK Agent[06]
5,whisper,1,1,ATTACK Agent[04]
5,whisper,2,11,ATTACK Agent[04]
5,whisper,3,1,Over
5,whisper,4,11,Over
5,talk,7,5,ESTIMATE Agent[14] VILLAGER
5,talk,8,6,ESTIMATE Agent[01] WEREWOLF
5,talk,9,14,Over
5,talk,10,11,VOTE Agent[06]
5,talk,11,4,VOTE Agent[11]
5,talk,12,1,VOTE Agent[14]
5,talk,13,10,Skip
5,whisper,5,11,Over
5,whisper,6,1,Over
5,talk,14,14,Over
5,talk,15,5,ESTIMATE Agent[11] WEREWOLF
5,talk,16,6,ESTIMATE Agent[11] POSSESSED
5,talk,17,1,Over
5,talk,18,11,Over
5,talk,19,10,Skip
5,talk,20,4,ESTIMATE Agent[13] SEER
5,whisper,7,11,Over
5,whisper,8,1,Over
5,talk,21,14,Over
5,talk,22,10,VOTE Agent[01]
5,talk,23,5,ESTIMATE Agent[01] WEREWOLF
5,talk,24,11,Over
5,talk,25,6,VOTE Agent[11]
5,talk,26,1,Over
5,talk,27,4,ESTIMATE Agent[02] MEDIUM
5,whisper,9,1,Over
5,whisper,10,11,Over
5,talk,28,6,Over
5,talk,29,14,Over
5,talk,30,4,VOTE Agent[05]
5,talk,31,5,ESTIMATE Agent[14] VILLAGER
5,talk,32,1,Over
5,talk,33,10,Over
5,talk,34,11,Over
5,whisper,11,1,Over
5,whisper,12,11,Over
5,talk,35,4,VOTE Agent[04]
5,talk,36,6,Over
5,talk,37,5,ESTIMATE Agent[11] WEREWOLF
5,talk,38,14,Over
5,talk,39,1,Over
5,talk,40,10,Over
5,talk,41,11,Over
5,whisper,13,1,Over
5,whisper,14,11,ATTACK Agent[06]
5,whisper,15,1,Over
5,whisper,16,11,Over
5,talk,42,4,VOTE Agent[14]
5,talk,43,6,Over
5,talk,44,5,ESTIMATE Agent[04] VILLAGER
5,talk,45,1,Over
5,talk,46,10,Over
5,talk,47,11,Over
5,talk,48,14,Over
5,whisper,17,11,ATTACK Agent[04]
5,whisper,18,1,Over
5,whisper,19,11,Over
5,talk,49,6,Over
5,talk,50,5,ESTIMATE Agent[01] WEREWOLF
5,talk,51,4,ESTIMATE Agent[01] VILLAGER
5,talk,52,1,Over
5,talk,53,10,Over
5,talk,54,11,Over
5,talk,55,14,Over
5,whisper,20,1,Over
5,whisper,21,11,Over
5,talk,56,4,Over
5,talk,57,6,Over
5,talk,58,5,ESTIMATE Agent[11] WEREWOLF
5,talk,59,1,Over
5,talk,60,10,Over
5,talk,61,11,Over
5,talk,62,14,Over
5,whisper,22,11,Over
5,whisper,23,1,Over
5,talk,63,6,Over
5,talk,64,4,Over
5,talk,65,5,ESTIMATE Agent[10] VILLAGER
5,talk,66,1,Over
5,talk,67,10,Over
5,talk,68,11,Over
5,talk,69,14,Over
5,whisper,24,11,Over
5,whisper,25,1,Over
5,vote,1,14
5,vote,4,6
5,vote,5,1
5,vote,6,11
5,vote,10,1
5,vote,11,14
5,vote,14,10
5,divine,6,5,HUMAN
5,attackVote,1,4
5,attackVote,11,4
5,execute,14,VILLAGER
5,attack,4,true
6,status,1,WEREWOLF,ALIVE,cash
6,status,2,MEDIUM,DEAD,kSugar
6,status,3,VILLAGER,DEAD,haretaro
6,status,4,VILLAGER,DEAD,Kanolab
6,status,5,VILLAGER,ALIVE,wasabi
6,status,6,SEER,ALIVE,TOT
6,status,7,BODYGUARD,DEAD,nakamura
6,status,8,VILLAGER,DEAD,iace10442
6,status,9,VILLAGER,DEAD,tkAI
6,status,10,VILLAGER,ALIVE,NLwolf
6,status,11,WEREWOLF,ALIVE,carlo
6,status,12,POSSESSED,DEAD,twn480
6,status,13,WEREWOLF,DEAD,KajiGod
6,status,14,VILLAGER,DEAD,howls
6,status,15,VILLAGER,DEAD,Udon
6,talk,0,11,DIVINED Agent[05] HUMAN
6,talk,1,6,DIVINED Agent[05] HUMAN
6,talk,2,10,Skip
6,talk,3,1,VOTE Agent[10]
6,talk,4,5,ESTIMATE Agent[10] VILLAGER
6,whisper,0,11,ATTACK Agent[06]
6,whisper,1,1,ATTACK Agent[05]
6,whisper,2,1,Over
6,whisper,3,11,ATTACK Agent[05]
6,whisper,4,11,Over
6,whisper,5,1,Over
6,talk,5,5,ESTIMATE Agent[01] WEREWOLF
6,talk,6,6,ESTIMATE Agent[11] POSSESSED
6,talk,7,10,Skip
6,talk,8,1,Over
6,talk,9,11,VOTE Agent[06]
6,whisper,6,1,Over
6,whisper,7,11,Over
6,talk,10,6,VOTE Agent[01]
6,talk,11,5,ESTIMATE Agent[01] WEREWOLF
6,talk,12,10,Skip
6,talk,13,1,Over
6,talk,14,11,Over
6,whisper,8,11,Over
6,whisper,9,1,Over
6,talk,15,6,Over
6,talk,16,5,ESTIMATE Agent[11] WEREWOLF
6,talk,17,10,VOTE Agent[06]
6,talk,18,1,Over
6,talk,19,11,Over
6,whisper,10,1,Over
6,whisper,11,11,Over
6,talk,20,10,Over
6,talk,21,6,Over
6,talk,22,5,Skip
6,talk,23,1,Over
6,talk,24,11,Over
6,whisper,12,11,Over
6,whisper,13,1,Over
6,talk,25,5,ESTIMATE Agent[01] WEREWOLF
6,talk,26,10,Over
6,talk,27,6,Over
6,talk,28,1,Over
6,talk,29,11,Over
6,whisper,14,11,Over
6,whisper,15,1,Over
6,talk,30,5,ESTIMATE Agent[01] WEREWOLF
6,talk,31,1,Over
6,talk,32,6,Over
6,talk,33,10,Over
6,talk,34,11,Over
6,whisper,16,11,Over
6,whisper,17,1,Over
6,talk,35,5,ESTIMATE Agent[01] WEREWOLF
6,talk,36,1,Over
6,talk,37,6,Over
6,talk,38,10,Over
6,talk,39,11,Over
6,whisper,18,1,Over
6,whisper,19,11,Over
6,talk,40,5,ESTIMATE Agent[01] WEREWOLF
6,talk,41,1,Over
6,talk,42,6,Over
6,talk,43,10,Over
6,talk,44,11,Over
6,whisper,20,11,Over
6,whisper,21,1,Over
6,talk,45,5,ESTIMATE Agent[11] WEREWOLF
6,talk,46,1,Over
6,talk,47,6,Over
6,talk,48,10,Over
6,talk,49,11,Over
6,whisper,22,11,Over
6,whisper,23,1,Over
6,vote,1,10
6,vote,5,1
6,vote,6,1
6,vote,10,6
6,vote,11,6
6,divine,6,10,HUMAN
6,attackVote,1,5
6,attackVote,11,5
6,execute,1,WEREWOLF
6,attack,5,true
7,status,1,WEREWOLF,DEAD,cash
7,status,2,MEDIUM,DEAD,kSugar
7,status,3,VILLAGER,DEAD,haretaro
7,status,4,VILLAGER,DEAD,Kanolab
7,status,5,VILLAGER,DEAD,wasabi
7,status,6,SEER,ALIVE,TOT
7,status,7,BODYGUARD,DEAD,nakamura
7,status,8,VILLAGER,DEAD,iace10442
7,status,9,VILLAGER,DEAD,tkAI
7,status,10,VILLAGER,ALIVE,NLwolf
7,status,11,WEREWOLF,ALIVE,carlo
7,status,12,POSSESSED,DEAD,twn480
7,status,13,WEREWOLF,DEAD,KajiGod
7,status,14,VILLAGER,DEAD,howls
7,status,15,VILLAGER,DEAD,Udon
7,talk,0,11,DIVINED Agent[10] HUMAN
7,talk,1,6,DIVINED Agent[10] HUMAN
7,talk,2,10,Skip
7,whisper,0,11,ATTACK Agent[06]
7,whisper,1,11,Over
7,talk,3,11,VOTE Agent[06]
7,talk,4,10,Skip
7,talk,5,6,VOTE Agent[10]
7,whisper,2,11,Over
7,talk,6,11,Over
7,talk,7,6,Over
7,talk,8,10,Skip
7,whisper,3,11,Over
7,talk,9,10,VOTE Agent[06]
7,talk,10,11,Over
7,talk,11,6,Over
7,whisper,4,11,Over
7,talk,12,10,Over
7,whisper,5,11,Over
7,vote,6,10
7,vote,10,6
7,vote,11,6
7,attackVote,11,6
7,execute,6,SEER
7,attack,-1,false
8,status,1,WEREWOLF,DEAD,cash
8,status,2,MEDIUM,DEAD,kSugar
8,status,3,VILLAGER,DEAD,haretaro
8,status,4,VILLAGER,DEAD,Kanolab
8,status,5,VILLAGER,DEAD,wasabi
8,status,6,SEER,DEAD,TOT
8,status,7,BODYGUARD,DEAD,nakamura
8,status,8,VILLAGER,DEAD,iace10442
8,status,9,VILLAGER,DEAD,tkAI
8,status,10,VILLAGER,ALIVE,NLwolf
8,status,11,WEREWOLF,ALIVE,carlo
8,status,12,POSSESSED,DEAD,twn480
8,status,13,WEREWOLF,DEAD,KajiGod
8,status,14,VILLAGER,DEAD,howls
8,status,15,VILLAGER,DEAD,Udon
8,result,1,1,WEREWOLF
