0,status,1,VILLAGER,ALIVE,cash
0,status,2,VILLAGER,ALIVE,kSugar
0,status,3,BODYGUARD,ALIVE,haretaro
0,status,4,VILLAGER,ALIVE,Kanolab
0,status,5,VILLAGER,ALIVE,wasabi
0,status,6,WEREWOLF,ALIVE,TOT
0,status,7,VILLAGER,ALIVE,nakamura
0,status,8,MEDIUM,ALIVE,iace10442
0,status,9,POSSESSED,ALIVE,tkAI
0,status,10,VILLAGER,ALIVE,NLwolf
0,status,11,SEER,ALIVE,carlo
0,status,12,VILLAGER,ALIVE,twn480
0,status,13,VILLAGER,ALIVE,KajiGod
0,status,14,WEREWOLF,ALIVE,howls
0,status,15,WEREWOLF,ALIVE,Udon
0,talk,0,11,VOTE Agent[01]
0,talk,1,14,Over
0,talk,2,10,Skip
0,talk,3,4,VOTE Agent[12]
0,talk,4,9,GUARDED Agent[14]
0,talk,5,8,COMINGOUT Agent[08] MEDIUM
0,talk,6,7,ESTIMATE Agent[13] WEREWOLF
0,talk,7,1,VOTE Agent[10]
0,talk,8,15,VOTE Agent[10]
0,talk,9,12,Skip
0,talk,10,13,VOTE Agent[04]
0,talk,11,3,Over
0,talk,12,2,COMINGOUT Agent[02] VILLAGER
0,talk,13,6,Over
0,talk,14,5,ESTIMATE Agent[11] WEREWOLF
0,whisper,0,15,COMINGOUT Agent[15] VILLAGER
0,whisper,1,6,Over
0,whisper,2,14,Skip
0,whisper,3,14,Skip
0,whisper,4,15,ATTACK Agent[03]
0,whisper,5,6,Over
0,whisper,6,15,Over
0,whisper,7,14,Skip
0,whisper,8,6,Over
0,whisper,9,14,Skip
0,whisper,10,15,Over
0,whisper,11,6,Over
0,whisper,12,14,Skip
0,whisper,13,6,Over
0,whisper,14,15,Over
0,whisper,15,14,Skip
0,whisper,16,6,Over
0,whisper,17,15,Over
0,whisper,18,14,Skip
0,whisper,19,6,Over
0,whisper,20,15,Over
0,whisper,21,14,Skip
0,whisper,22,6,Over
0,whisper,23,15,Over
0,whisper,24,14,Skip
0,whisper,25,6,Over
0,whisper,26,15,Over
0,whisper,27,14,Skip
0,whisper,28,6,Over
0,whisper,29,15,Over
0,talk,15,2,Skip
0,talk,16,9,COMINGOUT Agent[07] SEER
0,talk,17,1,VOTE Agent[10]
0,talk,18,7,VOTE Agent[13]
0,talk,19,5,ESTIMATE Agent[08] MEDIUM
0,talk,20,13,VOTE Agent[02]
0,talk,21,11,Over
0,talk,22,6,Over
0,talk,23,14,Over
0,talk,24,10,Skip
0,talk,25,15,Over
0,talk,26,3,Over
0,talk,27,12,Skip
0,talk,28,4,ESTIMATE Agent[07] SEER
0,talk,29,8,INQUESTED Agent[13] WEREWOLF
0,whisper,30,14,Skip
0,whisper,31,6,Over
0,whisper,32,15,Over
0,whisper,33,14,Skip
0,whisper,34,6,Over
0,whisper,35,15,Over
0,whisper,36,14,Skip
0,whisper,37,6,Over
0,whisper,38,15,Over
0,whisper,39,14,Skip
0,whisper,40,6,Over
0,whisper,41,15,Over
0,whisper,42,14,Skip
0,whisper,43,6,Over
0,whisper,44,15,Over
0,whisper,45,14,Skip
0,whisper,46,6,Over
0,whisper,47,15,Over
0,whisper,48,14,Skip
0,whisper,49,6,Over
0,whisper,50,15,Over
0,whisper,51,14,Skip
0,whisper,52,6,Over
0,whisper,53,15,Over
0,whisper,54,14,Skip
0,whisper,55,6,Over
0,whisper,56,15,Over
0,whisper,57,14,Skip
0,whisper,58,6,Over
0,whisper,59,15,Over
0,talk,30,3,Over
0,talk,31,4,ESTIMATE Agent[08] MEDIUM
0,talk,32,5,ESTIMATE Agent[13] WEREWOLF
0,talk,33,7,Over
0,talk,34,9,Over
0,talk,35,15,Over
0,talk,36,13,Over
0,talk,37,6,Over
0,talk,38,2,ESTIMATE Agent[01] VILLAGER
0,talk,39,10,Skip
0,talk,40,11,VOTE Agent[08]
0,talk,41,1,VOTE Agent[13]
0,talk,42,12,Skip
0,talk,43,8,INQUESTED Agent[06] HUMAN
0,talk,44,14,Over
0,whisper,60,6,Over
0,whisper,61,15,ATTACK Agent[01]
0,whisper,62,14,Skip
0,whisper,63,15,Over
0,whisper,64,14,Skip
0,whisper,65,6,Over
0,whisper,66,15,Over
0,whisper,67,14,Skip
0,whisper,68,6,Over
0,whisper,69,14,Skip
0,whisper,70,15,Over
0,whisper,71,6,Over
0,whisper,72,14,Skip
0,whisper,73,6,Over
0,whisper,74,15,Over
0,whisper,75,14,Skip
0,whisper,76,6,Over
0,whisper,77,15,Over
0,whisper,78,14,Skip
0,whisper,79,6,Over
0,whisper,80,15,Over
0,whisper,81,14,Skip
0,whisper,82,6,Over
0,whisper,83,15,Over
0,whisper,84,14,Skip
0,whisper,85,6,Over
0,whisper,86,15,Over
0,whisper,87,14,Skip
0,whisper,88,6,Over
0,whisper,89,15,Over
0,talk,45,10,VOTE Agent[11]
0,talk,46,12,Skip
0,talk,47,3,Over
0,talk,48,8,INQUESTED Agent[08] HUMAN
0,talk,49,11,Over
0,talk,50,6,Over
0,talk,51,7,Over
0,talk,52,5,ESTIMATE Agent[14] VILLAGER
0,talk,53,13,Over
0,talk,54,15,VOTE Agent[13]
0,talk,55,9,INQUESTED Agent[13] HUMAN
0,talk,56,4,ESTIMATE Agent[01] VILLAGER
0,talk,57,1,Skip
0,talk,58,2,Skip
0,talk,59,14,Over
0,whisper,90,6,Over
0,whisper,91,15,Over
0,whisper,92,14,Skip
0,whisper,93,6,Over
0,whisper,94,14,Skip
0,whisper,95,15,Over
0,whisper,96,6,Over
0,whisper,97,14,Skip
0,whisper,98,15,Over
0,whisper,99,14,Skip
0,whisper,100,6,Over
0,whisper,101,15,Over
0,whisper,102,14,Skip
0,whisper,103,6,Over
0,whisper,104,15,Over
0,whisper,105,14,Skip
0,whisper,106,6,Over
0,whisper,107,15,Over
0,whisper,108,14,Skip
0,whisper,109,6,Over
0,whisper,110,15,Over
0,whisper,111,14,Skip
0,whisper,112,6,Over
0,whisper,113,15,Over
0,whisper,114,14,Skip
0,whisper,115,6,Over
0,whisper,116,15,Over
0,whisper,117,14,Skip
0,whisper,118,6,Over
0,whisper,119,15,Over
0,talk,60,11,Over
0,talk,61,1,VOTE Agent[10]
0,talk,62,6,Over
0,talk,63,10,Over
0,talk,64,15,VOTE Agent[09]
0,talk,65,5,ESTIMATE Agent[13] WEREWOLF
0,talk,66,9,INQUESTED Agent[10] HUMAN
0,talk,67,2,ESTIMATE Agent[01] VILLAGER
0,talk,68,13,Over
0,talk,69,12,Skip
0,talk,70,7,Over
0,talk,71,4,Over
0,talk,72,8,INQUESTED Agent[02] HUMAN
0,talk,73,3,Over
0,talk,74,14,Over
0,whisper,120,6,Over
0,whisper,121,15,Over
0,whisper,122,14,Skip
0,whisper,123,6,Over
0,whisper,124,15,Over
0,whisper,125,14,Skip
0,whisper,126,6,Over
0,whisper,127,15,Over
0,whisper,128,14,Skip
0,whisper,129,6,Over
0,whisper,130,14,Skip
0,whisper,131,15,Over
0,whisper,132,6,Over
0,whisper,133,14,Skip
0,whisper,134,15,Over
0,whisper,135,14,Skip
0,whisper,136,6,Over
0,whisper,137,15,Over
0,whisper,138,14,Skip
0,whisper,139,6,Over
0,whisper,140,15,Over
0,whisper,141,14,Skip
0,whisper,142,6,Over
0,whisper,143,15,Over
0,whisper,144,14,Skip
0,whisper,145,6,Over
0,whisper,146,15,Over
0,whisper,147,14,Skip
0,whisper,148,6,Over
0,whisper,149,15,Over
0,talk,75,4,Over
0,talk,76,1,VOTE Agent[11]
0,talk,77,2,Skip
0,talk,78,8,INQUESTED Agent[09] WEREWOLF
0,talk,79,9,Over
0,talk,80,15,Over
0,talk,81,10,Over
0,talk,82,11,Over
0,talk,83,13,Over
0,talk,84,12,Skip
0,talk,85,5,ESTIMATE Agent[02] VILLAGER
0,talk,86,7,Over
0,talk,87,6,Over
0,talk,88,3,Over
0,talk,89,14,Over
0,whisper,150,14,Skip
0,whisper,151,6,Over
0,whisper,152,15,Over
0,whisper,153,14,Skip
0,whisper,154,6,Over
0,whisper,155,15,Over
0,whisper,156,14,Skip
0,whisper,157,6,Over
0,whisper,158,15,Over
0,whisper,159,14,Skip
0,whisper,160,6,Over
0,whisper,161,15,Over
0,whisper,162,14,Skip
0,whisper,163,6,Over
0,whisper,164,15,Over
0,whisper,165,14,Skip
0,whisper,166,6,Over
0,whisper,167,15,Over
0,whisper,168,14,Skip
0,whisper,169,6,Over
0,whisper,170,15,Over
0,whisper,171,14,Skip
0,whisper,172,6,Over
0,whisper,173,15,Over
0,whisper,174,14,Skip
0,whisper,175,6,Over
0,whisper,176,15,Over
0,whisper,177,14,Skip
0,whisper,178,6,Over
0,whisper,179,15,Over
0,talk,90,2,ESTIMATE Agent[03] VILLAGER
0,talk,91,5,ESTIMATE Agent[09] WEREWOLF
0,talk,92,15,Over
0,talk,93,13,Over
0,talk,94,1,VOTE Agent[03]
0,talk,95,4,Over
0,talk,96,9,Over
0,talk,97,12,Skip
0,talk,98,11,Over
0,talk,99,8,INQUESTED Agent[15] HUMAN
0,talk,100,10,Over
0,talk,101,3,Over
0,talk,102,6,Over
0,talk,103,7,Over
0,talk,104,14,Over
0,whisper,180,6,Over
0,whisper,181,14,Skip
0,whisper,182,15,Over
0,whisper,183,6,Over
0,whisper,184,14,Skip
0,whisper,185,15,Over
0,whisper,186,14,Skip
0,whisper,187,6,Over
0,whisper,188,15,Over
0,whisper,189,14,Skip
0,whisper,190,6,Over
0,whisper,191,15,Over
0,whisper,192,14,Skip
0,whisper,193,6,Over
0,whisper,194,15,Over
0,whisper,195,14,Skip
0,whisper,196,6,Over
0,whisper,197,15,Over
0,whisper,198,14,Skip
0,whisper,199,6,Over
0,whisper,200,15,Over
0,whisper,201,14,Skip
0,whisper,202,6,Over
0,whisper,203,15,Over
0,whisper,204,14,Skip
0,whisper,205,6,Over
0,whisper,206,15,Over
0,whisper,207,14,Skip
0,whisper,208,6,Over
0,whisper,209,15,Over
0,talk,105,15,Over
0,talk,106,12,Skip
0,talk,107,4,Over
0,talk,108,2,Skip
0,talk,109,1,VOTE Agent[03]
0,talk,110,13,Over
0,talk,111,8,INQUESTED Agent[01] HUMAN
0,talk,112,11,Over
0,talk,113,5,ESTIMATE Agent[11] VILLAGER
0,talk,114,9,GUARDED Agent[11]
0,talk,115,3,Over
0,talk,116,6,Over
0,talk,117,7,Over
0,talk,118,10,Over
0,talk,119,14,Over
0,whisper,210,6,Over
0,whisper,211,14,Skip
0,whisper,212,15,Over
0,whisper,213,6,Over
0,whisper,214,14,Skip
0,whisper,215,15,Over
0,whisper,216,14,Skip
0,whisper,217,6,Over
0,whisper,218,15,Over
0,whisper,219,14,Skip
0,whisper,220,6,Over
0,whisper,221,15,Over
0,whisper,222,14,Skip
0,whisper,223,6,Over
0,whisper,224,15,Over
0,whisper,225,14,Skip
0,whisper,226,6,Over
0,whisper,227,15,Over
0,whisper,228,14,Skip
0,whisper,229,6,Over
0,whisper,230,15,Over
0,whisper,231,14,Skip
0,whisper,232,6,Over
0,whisper,233,15,Over
0,whisper,234,14,Skip
0,whisper,235,6,Over
0,whisper,236,15,Over
0,whisper,237,14,Skip
0,whisper,238,6,Over
0,whisper,239,15,Over
0,talk,120,12,Skip
0,talk,121,11,Over
0,talk,122,13,Over
0,talk,123,2,ESTIMATE Agent[04] VILLAGER
0,talk,124,5,ESTIMATE Agent[15] VILLAGER
0,talk,125,1,VOTE Agent[03]
0,talk,126,15,Over
0,talk,127,4,Over
0,talk,128,9,Over
0,talk,129,8,Skip
0,talk,130,3,Over
0,talk,131,6,Over
0,talk,132,7,Over
0,talk,133,10,Over
0,talk,134,14,Over
0,whisper,240,15,Over
0,whisper,241,6,Over
0,whisper,242,14,Skip
0,whisper,243,15,Over
0,whisper,244,14,Skip
0,whisper,245,6,Over
0,whisper,246,15,Over
0,whisper,247,14,Skip
0,whisper,248,6,Over
0,whisper,249,15,Over
0,whisper,250,14,Skip
0,whisper,251,6,Over
0,whisper,252,15,Over
0,whisper,253,14,Skip
0,whisper,254,6,Over
0,whisper,255,15,Over
0,whisper,256,14,Skip
0,whisper,257,6,Over
0,whisper,258,14,Skip
0,whisper,259,15,Over
0,whisper,260,6,Over
0,whisper,261,14,Skip
0,whisper,262,6,Over
0,whisper,263,15,Over
0,whisper,264,14,Skip
0,whisper,265,6,Over
0,whisper,266,15,Over
0,whisper,267,14,Skip
0,whisper,268,6,Over
0,whisper,269,15,Over
0,talk,135,2,Skip
0,talk,136,1,Over
0,talk,137,15,Over
0,talk,138,8,Skip
0,talk,139,9,VOTE Agent[14]
0,talk,140,11,Over
0,talk,141,12,Skip
0,talk,142,4,Over
0,talk,143,5,ESTIMATE Agent[09] WEREWOLF
0,talk,144,13,Over
0,talk,145,3,Over
0,talk,146,6,Over
0,talk,147,7,Over
0,talk,148,10,Over
0,talk,149,14,Over
0,whisper,270,6,Over
0,whisper,271,14,Skip
0,whisper,272,15,Over
0,whisper,273,6,Over
0,whisper,274,14,Skip
0,whisper,275,15,Over
0,whisper,276,14,Skip
0,whisper,277,6,Over
0,whisper,278,15,Over
0,whisper,279,14,Skip
0,whisper,280,6,Over
0,whisper,281,15,Over
0,whisper,282,14,Skip
0,whisper,283,6,Over
0,whisper,284,15,Over
0,whisper,285,14,Skip
0,whisper,286,6,Over
0,whisper,287,15,Over
0,whisper,288,14,Skip
0,whisper,289,6,Over
0,whisper,290,15,Over
0,whisper,291,14,Skip
0,whisper,292,6,Over
0,whisper,293,15,Over
0,whisper,294,14,Skip
0,whisper,295,6,Over
0,whisper,296,15,Over
0,whisper,297,14,Skip
0,whisper,298,6,Over
0,whisper,299,15,Over
0,divine,11,1,HUMAN
1,status,1,VILLAGER,ALIVE,cash
1,status,2,VILLAGER,ALIVE,kSugar
1,status,3,BODYGUARD,ALIVE,haretaro
1,status,4,VILLAGER,ALIVE,Kanolab
1,status,5,VILLAGER,ALIVE,wasabi
1,status,6,WEREWOLF,ALIVE,TOT
1,status,7,VILLAGER,ALIVE,nakamura
1,status,8,MEDIUM,ALIVE,iace10442
1,status,9,POSSESSED,ALIVE,tkAI
1,status,10,VILLAGER,ALIVE,NLwolf
1,status,11,SEER,ALIVE,carlo
1,status,12,VILLAGER,ALIVE,twn480
1,status,13,VILLAGER,ALIVE,KajiGod
1,status,14,WEREWOLF,ALIVE,howls
1,status,15,WEREWOLF,ALIVE,Udon
1,talk,0,13,VOTE Agent[02]
1,talk,1,10,Skip
1,talk,2,2,VOTE Agent[14]
1,talk,3,1,VOTE Agent[03]
1,talk,4,4,VOTE Agent[08]
1,talk,5,9,Over
1,talk,6,12,Skip
1,talk,7,5,ESTIMATE Agent[09] WEREWOLF
1,talk,8,15,VOTE Agent[09]
1,talk,9,11,VOTE Agent[09]
1,talk,10,3,VOTE Agent[06]
1,talk,11,7,ESTIMATE Agent[13] WEREWOLF
1,talk,12,14,Over
1,talk,13,8,Skip
1,talk,14,6,VOTE Agent[09]
1,whisper,0,6,ATTACK Agent[09]
1,whisper,1,14,Skip
1,whisper,2,15,ATTACK Agent[11]
1,whisper,3,6,Over
1,whisper,4,14,Skip
1,whisper,5,15,Over
1,whisper,6,6,Over
1,whisper,7,14,Skip
1,whisper,8,15,Over
1,whisper,9,6,Over
1,whisper,10,14,Skip
1,whisper,11,15,Over
1,whisper,12,14,Skip
1,whisper,13,6,Over
1,whisper,14,15,Over
1,whisper,15,14,Skip
1,whisper,16,6,Over
1,whisper,17,15,Over
1,whisper,18,14,Skip
1,whisper,19,6,Over
1,whisper,20,15,Over
1,whisper,21,14,Skip
1,whisper,22,6,Over
1,whisper,23,15,Over
1,whisper,24,14,Skip
1,whisper,25,6,Over
1,whisper,26,15,Over
1,whisper,27,14,Skip
1,whisper,28,6,Over
1,whisper,29,15,Over
1,talk,15,8,Skip
1,talk,16,12,Skip
1,talk,17,7,VOTE Agent[13]
1,talk,18,1,Over
1,talk,19,4,VOTE Agent[07]
1,talk,20,6,VOTE Agent[11]
1,talk,21,15,Over
1,talk,22,14,Over
1,talk,23,2,VOTE Agent[06]
1,talk,24,3,VOTE Agent[02]
1,talk,25,9,VOTE Agent[06]
1,talk,26,10,Skip
1,talk,27,5,ESTIMATE Agent[09] WEREWOLF
1,talk,28,13,Over
1,talk,29,11,Over
1,whisper,30,6,Over
1,whisper,31,15,Over
1,whisper,32,14,Skip
1,whisper,33,14,Skip
1,whisper,34,15,Over
1,whisper,35,6,Over
1,whisper,36,14,Skip
1,whisper,37,6,Over
1,whisper,38,15,Over
1,whisper,39,14,Skip
1,whisper,40,6,Over
1,whisper,41,15,Over
1,whisper,42,14,Skip
1,whisper,43,6,Over
1,whisper,44,15,Over
1,whisper,45,14,Skip
1,whisper,46,6,Over
1,whisper,47,15,Over
1,whisper,48,14,Skip
1,whisper,49,6,Over
1,whisper,50,15,Over
1,whisper,51,14,Skip
1,whisper,52,6,Over
1,whisper,53,15,Over
1,whisper,54,14,Skip
1,whisper,55,6,Over
1,whisper,56,15,Over
1,whisper,57,14,Skip
1,whisper,58,6,Over
1,whisper,59,15,Over
1,talk,30,12,Skip
1,talk,31,14,Over
1,talk,32,9,ESTIMATE Agent[13] SEER
1,talk,33,8,Skip
1,talk,34,4,VOTE Agent[01]
1,talk,35,10,Skip
1,talk,36,1,Over
1,talk,37,15,Over
1,talk,38,7,Over
1,talk,39,3,VOTE Agent[06]
1,talk,40,5,ESTIMATE Agent[09] WEREWOLF
1,talk,41,6,Over
1,talk,42,2,ESTIMATE Agent[06] VILLAGER
1,talk,43,11,Over
1,talk,44,13,Over
1,whisper,60,6,Over
1,whisper,61,14,Skip
1,whisper,62,15,Over
1,whisper,63,14,Skip
1,whisper,64,6,Over
1,whisper,65,15,Over
1,whisper,66,14,Skip
1,whisper,67,6,Over
1,whisper,68,15,Over
1,whisper,69,14,Skip
1,whisper,70,6,Over
1,whisper,71,15,Over
1,whisper,72,14,Skip
1,whisper,73,6,Over
1,whisper,74,15,Over
1,whisper,75,14,Skip
1,whisper,76,6,Over
1,whisper,77,15,Over
1,whisper,78,14,Skip
1,whisper,79,6,Over
1,whisper,80,15,Over
1,whisper,81,14,Skip
1,whisper,82,6,Over
1,whisper,83,15,Over
1,whisper,84,14,Skip
1,whisper,85,6,Over
1,whisper,86,15,Over
1,whisper,87,14,Skip
1,whisper,88,6,Over
1,whisper,89,15,Over
1,talk,45,4,VOTE Agent[15]
1,talk,46,7,Over
1,talk,47,8,VOTE Agent[09]
1,talk,48,5,ESTIMATE Agent[08] WEREWOLF
1,talk,49,3,Skip
1,talk,50,10,VOTE Agent[05]
1,talk,51,15,Over
1,talk,52,9,Skip
1,talk,53,12,Skip
1,talk,54,6,Over
1,talk,55,1,Over
1,talk,56,2,ESTIMATE Agent[07] VILLAGER
1,talk,57,14,Over
1,talk,58,11,Over
1,talk,59,13,Over
1,whisper,90,14,Skip
1,whisper,91,15,Over
1,whisper,92,6,Over
1,whisper,93,14,Skip
1,whisper,94,6,Over
1,whisper,95,15,Over
1,whisper,96,14,Skip
1,whisper,97,6,Over
1,whisper,98,15,Over
1,whisper,99,14,Skip
1,whisper,100,6,Over
1,whisper,101,15,Over
1,whisper,102,14,Skip
1,whisper,103,6,Over
1,whisper,104,15,Over
1,whisper,105,14,Skip
1,whisper,106,6,Over
1,whisper,107,15,Over
1,whisper,108,14,Skip
1,whisper,109,6,Over
1,whisper,110,15,Over
1,whisper,111,14,Skip
1,whisper,112,6,Over
1,whisper,113,15,Over
1,whisper,114,14,Skip
1,whisper,115,6,Over
1,whisper,116,15,Over
1,whisper,117,14,Skip
1,whisper,118,6,Over
1,whisper,119,15,Over
1,talk,60,5,ESTIMATE Agent[06] VILLAGER
1,talk,61,1,Over
1,talk,62,15,Over
1,talk,63,4,VOTE Agent[06]
1,talk,64,9,Over
1,talk,65,8,VOTE Agent[01]
1,talk,66,3,Skip
1,talk,67,2,ESTIMATE Agent[06] VILLAGER
1,talk,68,10,Over
1,talk,69,12,Skip
1,talk,70,6,Over
1,talk,71,7,Over
1,talk,72,11,Over
1,talk,73,13,Over
1,talk,74,14,Over
1,whisper,120,14,Skip
1,whisper,121,15,Over
1,whisper,122,6,Over
1,whisper,123,14,Skip
1,whisper,124,6,Over
1,whisper,125,15,Over
1,whisper,126,14,Skip
1,whisper,127,6,Over
1,whisper,128,15,Over
1,whisper,129,14,Skip
1,whisper,130,6,Over
1,whisper,131,15,Over
1,whisper,132,14,Skip
1,whisper,133,6,Over
1,whisper,134,15,Over
1,whisper,135,14,Skip
1,whisper,136,6,Over
1,whisper,137,15,Over
1,whisper,138,14,Skip
1,whisper,139,6,Over
1,whisper,140,15,Over
1,whisper,141,14,Skip
1,whisper,142,6,Over
1,whisper,143,15,Over
1,whisper,144,14,Skip
1,whisper,145,6,Over
1,whisper,146,15,Over
1,whisper,147,14,Skip
1,whisper,148,6,Over
1,whisper,149,15,Over
1,talk,75,5,ESTIMATE Agent[09] WEREWOLF
1,talk,76,2,ESTIMATE Agent[10] VILLAGER
1,talk,77,12,Skip
1,talk,78,3,Skip
1,talk,79,9,GUARDED Agent[08]
1,talk,80,15,VOTE Agent[08]
1,talk,81,8,VOTE Agent[03]
1,talk,82,4,VOTE Agent[03]
1,talk,83,1,Over
1,talk,84,10,Over
1,talk,85,6,Over
1,talk,86,7,Over
1,talk,87,11,Over
1,talk,88,13,Over
1,talk,89,14,Over
1,whisper,150,6,Over
1,whisper,151,14,Skip
1,whisper,152,15,ATTACK Agent[08]
1,whisper,153,15,Over
1,whisper,154,6,Over
1,whisper,155,14,Skip
1,whisper,156,14,Skip
1,whisper,157,6,Over
1,whisper,158,15,Over
1,whisper,159,14,Skip
1,whisper,160,6,Over
1,whisper,161,15,Over
1,whisper,162,14,Skip
1,whisper,163,6,Over
1,whisper,164,15,Over
1,whisper,165,14,Skip
1,whisper,166,6,Over
1,whisper,167,15,Over
1,whisper,168,14,Skip
1,whisper,169,6,Over
1,whisper,170,15,Over
1,whisper,171,14,Skip
1,whisper,172,6,Over
1,whisper,173,15,Over
1,whisper,174,14,Skip
1,whisper,175,6,Over
1,whisper,176,15,Over
1,whisper,177,14,Skip
1,whisper,178,6,Over
1,whisper,179,15,Over
1,talk,90,2,Skip
1,talk,91,5,ESTIMATE Agent[06] VILLAGER
1,talk,92,3,Skip
1,talk,93,8,VOTE Agent[15]
1,talk,94,12,Skip
1,talk,95,4,ESTIMATE Agent[07] SEER
1,talk,96,15,Over
1,talk,97,9,COMINGOUT Agent[11] MEDIUM
1,talk,98,1,Over
1,talk,99,6,Over
1,talk,100,7,Over
1,talk,101,10,Over
1,talk,102,11,Over
1,talk,103,13,VOTE Agent[09]
1,talk,104,14,Over
1,whisper,180,6,Over
1,whisper,181,15,Over
1,whisper,182,14,Skip
1,whisper,183,15,Over
1,whisper,184,14,Skip
1,whisper,185,6,Over
1,whisper,186,14,Skip
1,whisper,187,15,Over
1,whisper,188,6,Over
1,whisper,189,14,Skip
1,whisper,190,6,Over
1,whisper,191,15,Over
1,whisper,192,14,Skip
1,whisper,193,6,Over
1,whisper,194,15,Over
1,whisper,195,14,Skip
1,whisper,196,6,Over
1,whisper,197,15,Over
1,whisper,198,14,Skip
1,whisper,199,6,Over
1,whisper,200,15,Over
1,whisper,201,14,Skip
1,whisper,202,6,Over
1,whisper,203,15,Over
1,whisper,204,14,Skip
1,whisper,205,6,Over
1,whisper,206,15,Over
1,whisper,207,14,Skip
1,whisper,208,6,Over
1,whisper,209,15,Over
1,talk,105,8,VOTE Agent[14]
1,talk,106,10,Over
1,talk,107,11,Over
1,talk,108,3,VOTE Agent[09]
1,talk,109,9,ESTIMATE Agent[13] MEDIUM
1,talk,110,15,Over
1,talk,111,13,Over
1,talk,112,1,Over
1,talk,113,2,Skip
1,talk,114,4,VOTE Agent[13]
1,talk,115,6,Over
1,talk,116,5,ESTIMATE Agent[10] VILLAGER
1,talk,117,7,Over
1,talk,118,12,Skip
1,talk,119,14,Over
1,whisper,210,6,Over
1,whisper,211,15,Over
1,whisper,212,14,Skip
1,whisper,213,15,Over
1,whisper,214,14,Skip
1,whisper,215,6,Over
1,whisper,216,14,Skip
1,whisper,217,15,Over
1,whisper,218,6,Over
1,whisper,219,14,Skip
1,whisper,220,6,Over
1,whisper,221,15,Over
1,whisper,222,14,Skip
1,whisper,223,6,Over
1,whisper,224,15,Over
1,whisper,225,14,Skip
1,whisper,226,6,Over
1,whisper,227,15,Over
1,whisper,228,14,Skip
1,whisper,229,6,Over
1,whisper,230,15,Over
1,whisper,231,14,Skip
1,whisper,232,6,Over
1,whisper,233,15,Over
1,whisper,234,14,Skip
1,whisper,235,6,Over
1,whisper,236,15,Over
1,whisper,237,14,Skip
1,whisper,238,6,Over
1,whisper,239,15,Over
1,talk,120,5,ESTIMATE Agent[08] WEREWOLF
1,talk,121,10,Over
1,talk,122,2,VOTE Agent[13]
1,talk,123,11,Over
1,talk,124,12,Skip
1,talk,125,4,ESTIMATE Agent[11] MEDIUM
1,talk,126,6,Over
1,talk,127,3,VOTE Agent[09]
1,talk,128,9,Over
1,talk,129,1,Over
1,talk,130,13,Over
1,talk,131,15,Over
1,talk,132,8,VOTE Agent[13]
1,talk,133,7,Over
1,talk,134,14,Over
1,whisper,240,6,Over
1,whisper,241,14,Skip
1,whisper,242,15,Over
1,whisper,243,6,Over
1,whisper,244,14,Skip
1,whisper,245,15,Over
1,whisper,246,6,Over
1,whisper,247,14,Skip
1,whisper,248,15,Over
1,whisper,249,14,Skip
1,whisper,250,6,Over
1,whisper,251,15,Over
1,whisper,252,14,Skip
1,whisper,253,6,Over
1,whisper,254,15,Over
1,whisper,255,14,Skip
1,whisper,256,6,Over
1,whisper,257,15,Over
1,whisper,258,14,Skip
1,whisper,259,6,Over
1,whisper,260,15,Over
1,whisper,261,14,Skip
1,whisper,262,6,Over
1,whisper,263,15,Over
1,whisper,264,14,Skip
1,whisper,265,6,Over
1,whisper,266,15,Over
1,whisper,267,14,Skip
1,whisper,268,6,Over
1,whisper,269,15,Over
1,talk,135,11,Over
1,talk,136,3,VOTE Agent[09]
1,talk,137,2,Skip
1,talk,138,12,Skip
1,talk,139,10,Over
1,talk,140,6,Over
1,talk,141,1,Over
1,talk,142,13,Over
1,talk,143,4,ESTIMATE Agent[01] VILLAGER
1,talk,144,5,ESTIMATE Agent[09] WEREWOLF
1,talk,145,9,GUARDED Agent[15]
1,talk,146,15,Over
1,talk,147,8,VOTE Agent[15]
1,talk,148,7,Over
1,talk,149,14,Over
1,whisper,270,15,Over
1,whisper,271,6,Over
1,whisper,272,14,Skip
1,whisper,273,14,Skip
1,whisper,274,15,Over
1,whisper,275,6,Over
1,whisper,276,14,Skip
1,whisper,277,6,Over
1,whisper,278,15,Over
1,whisper,279,14,Skip
1,whisper,280,6,Over
1,whisper,281,15,Over
1,whisper,282,14,Skip
1,whisper,283,6,Over
1,whisper,284,15,Over
1,whisper,285,14,Skip
1,whisper,286,6,Over
1,whisper,287,15,Over
1,whisper,288,14,Skip
1,whisper,289,6,Over
1,whisper,290,15,Over
1,whisper,291,14,Skip
1,whisper,292,6,Over
1,whisper,293,15,Over
1,whisper,294,14,Skip
1,whisper,295,6,Over
1,whisper,296,15,Over
1,whisper,297,14,Skip
1,whisper,298,6,Over
1,whisper,299,15,Over
1,vote,1,3
1,vote,2,13
1,vote,3,9
1,vote,4,7
1,vote,5,9
1,vote,6,11
1,vote,7,13
1,vote,8,15
1,vote,9,11
1,vote,10,5
1,vote,11,9
1,vote,12,6
1,vote,13,9
1,vote,14,13
1,vote,15,8
1,divine,11,2,HUMAN
1,guard,3,5,VILLAGER
1,attackVote,6,9
1,attackVote,14,2
1,attackVote,15,8
1,execute,9,POSSESSED
1,attack,8,true
2,status,1,VILLAGER,ALIVE,cash
2,status,2,VILLAGER,ALIVE,kSugar
2,status,3,BODYGUARD,ALIVE,haretaro
2,status,4,VILLAGER,ALIVE,Kanolab
2,status,5,VILLAGER,ALIVE,wasabi
2,status,6,WEREWOLF,ALIVE,TOT
2,status,7,VILLAGER,ALIVE,nakamura
2,status,8,MEDIUM,DEAD,iace10442
2,status,9,POSSESSED,DEAD,tkAI
2,status,10,VILLAGER,ALIVE,NLwolf
2,status,11,SEER,ALIVE,carlo
2,status,12,VILLAGER,ALIVE,twn480
2,status,13,VILLAGER,ALIVE,KajiGod
2,status,14,WEREWOLF,ALIVE,howls
2,status,15,WEREWOLF,ALIVE,Udon
2,talk,0,14,Over
2,talk,1,7,ESTIMATE Agent[13] WEREWOLF
2,talk,2,10,Skip
2,talk,3,5,ESTIMATE Agent[06] WEREWOLF
2,talk,4,3,VOTE Agent[12]
2,talk,5,6,VOTE Agent[11]
2,talk,6,1,VOTE Agent[03]
2,talk,7,11,COMINGOUT Agent[11] SEER
2,talk,8,4,VOTE Agent[10]
2,talk,9,15,VOTE Agent[10]
2,talk,10,2,VOTE Agent[06]
2,talk,11,12,Skip
2,talk,12,13,VOTE Agent[02]
2,whisper,0,14,Skip
2,whisper,1,15,ATTACK Agent[11]
2,whisper,2,6,AGREE WHISPER day2 ID:1
2,whisper,3,15,Over
2,whisper,4,14,Skip
2,whisper,5,6,ATTACK Agent[11]
2,whisper,6,14,Skip
2,whisper,7,6,Over
2,whisper,8,15,Over
2,whisper,9,14,Skip
2,whisper,10,6,Over
2,whisper,11,15,Over
2,whisper,12,14,Skip
2,whisper,13,6,Over
2,whisper,14,15,Over
2,whisper,15,14,Skip
2,whisper,16,6,Over
2,whisper,17,15,Over
2,whisper,18,14,Skip
2,whisper,19,6,Over
2,whisper,20,15,Over
2,whisper,21,14,Skip
2,whisper,22,6,Over
2,whisper,23,15,Over
2,whisper,24,14,Skip
2,whisper,25,6,Over
2,whisper,26,15,Over
2,whisper,27,14,Skip
2,whisper,28,6,Over
2,whisper,29,15,Over
2,talk,13,3,VOTE Agent[10]
2,talk,14,1,VOTE Agent[11]
2,talk,15,11,DIVINED Agent[04] HUMAN
2,talk,16,5,ESTIMATE Agent[11] SEER
2,talk,17,14,Over
2,talk,18,2,VOTE Agent[14]
2,talk,19,12,Skip
2,talk,20,13,Over
2,talk,21,10,Skip
2,talk,22,4,VOTE Agent[15]
2,talk,23,15,Over
2,talk,24,6,VOTE Agent[13]
2,talk,25,7,VOTE Agent[13]
2,whisper,30,6,Over
2,whisper,31,14,Skip
2,whisper,32,15,Over
2,whisper,33,14,Skip
2,whisper,34,6,Over
2,whisper,35,15,Over
2,whisper,36,14,Skip
2,whisper,37,6,Over
2,whisper,38,15,Over
2,whisper,39,14,Skip
2,whisper,40,6,Over
2,whisper,41,15,Over
2,whisper,42,14,Skip
2,whisper,43,6,Over
2,whisper,44,15,Over
2,whisper,45,14,Skip
2,whisper,46,6,Over
2,whisper,47,15,Over
2,whisper,48,14,Skip
2,whisper,49,6,Over
2,whisper,50,15,Over
2,whisper,51,14,Skip
2,whisper,52,6,Over
2,whisper,53,15,Over
2,whisper,54,14,Skip
2,whisper,55,6,Over
2,whisper,56,15,Over
2,whisper,57,14,Skip
2,whisper,58,6,Over
2,whisper,59,15,Over
2,talk,26,4,VOTE Agent[12]
2,talk,27,1,VOTE Agent[11]
2,talk,28,7,Over
2,talk,29,10,Skip
2,talk,30,11,DIVINED Agent[01] HUMAN
2,talk,31,15,Over
2,talk,32,5,ESTIMATE Agent[02] WEREWOLF
2,talk,33,2,ESTIMATE Agent[01] VILLAGER
2,talk,34,6,Over
2,talk,35,12,Skip
2,talk,36,14,Over
2,talk,37,13,Over
2,talk,38,3,VOTE Agent[13]
2,whisper,60,6,Over
2,whisper,61,15,Over
2,whisper,62,14,Skip
2,whisper,63,14,Skip
2,whisper,64,6,Over
2,whisper,65,15,Over
2,whisper,66,14,Skip
2,whisper,67,6,Over
2,whisper,68,15,Over
2,whisper,69,14,Skip
2,whisper,70,6,Over
2,whisper,71,15,Over
2,whisper,72,14,Skip
2,whisper,73,6,Over
2,whisper,74,15,Over
2,whisper,75,14,Skip
2,whisper,76,6,Over
2,whisper,77,15,Over
2,whisper,78,14,Skip
2,whisper,79,6,Over
2,whisper,80,15,Over
2,whisper,81,14,Skip
2,whisper,82,6,Over
2,whisper,83,15,Over
2,whisper,84,14,Skip
2,whisper,85,6,Over
2,whisper,86,15,Over
2,whisper,87,14,Skip
2,whisper,88,6,Over
2,whisper,89,15,Over
2,talk,39,14,Over
2,talk,40,12,Skip
2,talk,41,3,Skip
2,talk,42,10,VOTE Agent[07]
2,talk,43,11,DIVINED Agent[02] HUMAN
2,talk,44,7,Over
2,talk,45,4,VOTE Agent[05]
2,talk,46,15,Over
2,talk,47,13,Over
2,talk,48,2,ESTIMATE Agent[06] VILLAGER
2,talk,49,5,Skip
2,talk,50,6,Over
2,talk,51,1,VOTE Agent[11]
2,whisper,90,14,Skip
2,whisper,91,6,Over
2,whisper,92,15,Over
2,whisper,93,14,Skip
2,whisper,94,6,Over
2,whisper,95,15,Over
2,whisper,96,14,Skip
2,whisper,97,6,Over
2,whisper,98,15,Over
2,whisper,99,14,Skip
2,whisper,100,6,Over
2,whisper,101,15,Over
2,whisper,102,14,Skip
2,whisper,103,6,Over
2,whisper,104,15,Over
2,whisper,105,14,Skip
2,whisper,106,6,Over
2,whisper,107,15,Over
2,whisper,108,14,Skip
2,whisper,109,6,Over
2,whisper,110,15,Over
2,whisper,111,14,Skip
2,whisper,112,6,Over
2,whisper,113,15,Over
2,whisper,114,14,Skip
2,whisper,115,6,Over
2,whisper,116,15,Over
2,whisper,117,14,Skip
2,whisper,118,6,Over
2,whisper,119,15,Over
2,talk,52,6,Over
2,talk,53,11,VOTE Agent[09]
2,talk,54,14,Over
2,talk,55,7,Over
2,talk,56,15,Over
2,talk,57,2,ESTIMATE Agent[07] VILLAGER
2,talk,58,1,Over
2,talk,59,10,Over
2,talk,60,5,ESTIMATE Agent[10] WEREWOLF
2,talk,61,12,Skip
2,talk,62,13,Over
2,talk,63,4,VOTE Agent[03]
2,talk,64,3,Skip
2,whisper,120,6,Over
2,whisper,121,15,Over
2,whisper,122,14,Skip
2,whisper,123,6,Over
2,whisper,124,15,Over
2,whisper,125,14,Skip
2,whisper,126,14,Skip
2,whisper,127,6,Over
2,whisper,128,15,Over
2,whisper,129,14,Skip
2,whisper,130,6,Over
2,whisper,131,15,Over
2,whisper,132,14,Skip
2,whisper,133,6,Over
2,whisper,134,15,Over
2,whisper,135,14,Skip
2,whisper,136,6,Over
2,whisper,137,15,Over
2,whisper,138,14,Skip
2,whisper,139,6,Over
2,whisper,140,15,Over
2,whisper,141,14,Skip
2,whisper,142,6,Over
2,whisper,143,15,Over
2,whisper,144,14,Skip
2,whisper,145,6,Over
2,whisper,146,15,Over
2,whisper,147,14,Skip
2,whisper,148,6,Over
2,whisper,149,15,Over
2,talk,65,10,Over
2,talk,66,12,Skip
2,talk,67,5,ESTIMATE Agent[12] WEREWOLF
2,talk,68,11,Over
2,talk,69,4,VOTE Agent[02]
2,talk,70,3,VOTE Agent[02]
2,talk,71,1,Over
2,talk,72,15,Over
2,talk,73,2,COMINGOUT Agent[02] BODYGUARD
2,talk,74,6,Over
2,talk,75,13,Over
2,talk,76,14,Over
2,talk,77,7,Over
2,whisper,150,14,Skip
2,whisper,151,15,Over
2,whisper,152,6,Over
2,whisper,153,14,Skip
2,whisper,154,6,Over
2,whisper,155,15,Over
2,whisper,156,14,Skip
2,whisper,157,6,Over
2,whisper,158,15,Over
2,whisper,159,14,Skip
2,whisper,160,6,Over
2,whisper,161,15,Over
2,whisper,162,14,Skip
2,whisper,163,6,Over
2,whisper,164,15,Over
2,whisper,165,14,Skip
2,whisper,166,6,Over
2,whisper,167,15,Over
2,whisper,168,14,Skip
2,whisper,169,6,Over
2,whisper,170,15,Over
2,whisper,171,14,Skip
2,whisper,172,6,Over
2,whisper,173,15,Over
2,whisper,174,14,Skip
2,whisper,175,6,Over
2,whisper,176,15,Over
2,whisper,177,14,Skip
2,whisper,178,6,Over
2,whisper,179,15,Over
2,talk,78,11,Over
2,talk,79,3,Skip
2,talk,80,10,Over
2,talk,81,2,VOTE Agent[13]
2,talk,82,4,VOTE Agent[11]
2,talk,83,1,VOTE Agent[11]
2,talk,84,15,VOTE Agent[14]
2,talk,85,5,ESTIMATE Agent[13] WEREWOLF
2,talk,86,12,Skip
2,talk,87,6,Over
2,talk,88,7,Over
2,talk,89,13,Over
2,talk,90,14,Over
2,whisper,180,14,Skip
2,whisper,181,6,Over
2,whisper,182,15,ATTACK Agent[02]
2,whisper,183,15,Over
2,whisper,184,6,Over
2,whisper,185,14,Skip
2,whisper,186,14,Skip
2,whisper,187,15,Over
2,whisper,188,6,Over
2,whisper,189,14,Skip
2,whisper,190,6,Over
2,whisper,191,15,Over
2,whisper,192,14,Skip
2,whisper,193,6,Over
2,whisper,194,15,Over
2,whisper,195,14,Skip
2,whisper,196,6,Over
2,whisper,197,15,Over
2,whisper,198,14,Skip
2,whisper,199,6,Over
2,whisper,200,15,Over
2,whisper,201,14,Skip
2,whisper,202,6,Over
2,whisper,203,15,Over
2,whisper,204,14,Skip
2,whisper,205,6,Over
2,whisper,206,15,Over
2,whisper,207,14,Skip
2,whisper,208,6,Over
2,whisper,209,15,Over
2,talk,91,2,Skip
2,talk,92,5,ESTIMATE Agent[06] WEREWOLF
2,talk,93,3,VOTE Agent[13]
2,talk,94,12,Skip
2,talk,95,1,Over
2,talk,96,10,Over
2,talk,97,4,VOTE Agent[14]
2,talk,98,15,Over
2,talk,99,11,Over
2,talk,100,6,Over
2,talk,101,7,Over
2,talk,102,13,Over
2,talk,103,14,Over
2,whisper,210,15,Over
2,whisper,211,14,Skip
2,whisper,212,6,Over
2,whisper,213,15,Over
2,whisper,214,14,Skip
2,whisper,215,6,Over
2,whisper,216,15,Over
2,whisper,217,14,Skip
2,whisper,218,6,Over
2,whisper,219,14,Skip
2,whisper,220,15,Over
2,whisper,221,6,Over
2,whisper,222,14,Skip
2,whisper,223,6,Over
2,whisper,224,15,Over
2,whisper,225,14,Skip
2,whisper,226,6,Over
2,whisper,227,15,Over
2,whisper,228,14,Skip
2,whisper,229,6,Over
2,whisper,230,15,Over
2,whisper,231,14,Skip
2,whisper,232,6,Over
2,whisper,233,15,Over
2,whisper,234,14,Skip
2,whisper,235,6,Over
2,whisper,236,15,Over
2,whisper,237,14,Skip
2,whisper,238,6,Over
2,whisper,239,15,Over
2,talk,104,12,Skip
2,talk,105,10,Over
2,talk,106,1,Over
2,talk,107,2,Skip
2,talk,108,3,Skip
2,talk,109,4,ESTIMATE Agent[07] SEER
2,talk,110,5,ESTIMATE Agent[14] WEREWOLF
2,talk,111,6,Over
2,talk,112,7,Over
2,talk,113,11,Over
2,talk,114,13,Over
2,talk,115,14,Over
2,talk,116,15,Over
2,whisper,240,6,Over
2,whisper,241,15,Over
2,whisper,242,14,Skip
2,whisper,243,15,Over
2,whisper,244,6,Over
2,whisper,245,14,Skip
2,whisper,246,6,Over
2,whisper,247,14,Skip
2,whisper,248,15,Over
2,whisper,249,6,Over
2,whisper,250,14,Skip
2,whisper,251,15,Over
2,whisper,252,14,Skip
2,whisper,253,6,Over
2,whisper,254,15,Over
2,whisper,255,14,Skip
2,whisper,256,6,Over
2,whisper,257,15,Over
2,whisper,258,14,Skip
2,whisper,259,6,Over
2,whisper,260,15,Over
2,whisper,261,14,Skip
2,whisper,262,6,Over
2,whisper,263,15,Over
2,whisper,264,14,Skip
2,whisper,265,6,Over
2,whisper,266,15,Over
2,whisper,267,14,Skip
2,whisper,268,6,Over
2,whisper,269,15,Over
2,talk,117,12,Skip
2,talk,118,3,Skip
2,talk,119,1,Over
2,talk,120,5,Skip
2,talk,121,2,Skip
2,talk,122,10,Over
2,talk,123,4,ESTIMATE Agent[08] MEDIUM
2,talk,124,6,Over
2,talk,125,7,Over
2,talk,126,11,Over
2,talk,127,13,Over
2,talk,128,14,Over
2,talk,129,15,Over
2,whisper,270,14,Skip
2,whisper,271,15,Over
2,whisper,272,6,Over
2,whisper,273,14,Skip
2,whisper,274,6,Over
2,whisper,275,15,Over
2,whisper,276,14,Skip
2,whisper,277,6,Over
2,whisper,278,15,Over
2,whisper,279,14,Skip
2,whisper,280,6,Over
2,whisper,281,15,Over
2,whisper,282,14,Skip
2,whisper,283,6,Over
2,whisper,284,15,Over
2,whisper,285,14,Skip
2,whisper,286,6,Over
2,whisper,287,15,Over
2,whisper,288,14,Skip
2,whisper,289,6,Over
2,whisper,290,15,Over
2,whisper,291,14,Skip
2,whisper,292,6,Over
2,whisper,293,15,Over
2,whisper,294,14,Skip
2,whisper,295,6,Over
2,whisper,296,15,Over
2,whisper,297,14,Skip
2,whisper,298,6,Over
2,whisper,299,15,Over
2,vote,1,11
2,vote,2,13
2,vote,3,13
2,vote,4,5
2,vote,5,15
2,vote,6,13
2,vote,7,13
2,vote,10,7
2,vote,11,14
2,vote,12,7
2,vote,13,2
2,vote,14,13
2,vote,15,14
2,divine,11,3,HUMAN
2,guard,3,11,SEER
2,attackVote,6,11
2,attackVote,14,2
2,attackVote,15,2
2,execute,13,VILLAGER
2,attack,2,true
3,status,1,VILLAGER,ALIVE,cash
3,status,2,VILLAGER,DEAD,kSugar
3,status,3,BODYGUARD,ALIVE,haretaro
3,status,4,VILLAGER,ALIVE,Kanolab
3,status,5,VILLAGER,ALIVE,wasabi
3,status,6,WEREWOLF,ALIVE,TOT
3,status,7,VILLAGER,ALIVE,nakamura
3,status,8,MEDIUM,DEAD,iace10442
3,status,9,POSSESSED,DEAD,tkAI
3,status,10,VILLAGER,ALIVE,NLwolf
3,status,11,SEER,ALIVE,carlo
3,status,12,VILLAGER,ALIVE,twn480
3,status,13,VILLAGER,DEAD,KajiGod
3,status,14,WEREWOLF,ALIVE,howls
3,status,15,WEREWOLF,ALIVE,Udon
3,talk,0,14,Over
3,talk,1,7,ESTIMATE Agent[05] WEREWOLF
3,talk,2,1,VOTE Agent[12]
3,talk,3,10,Skip
3,talk,4,15,COMINGOUT Agent[15] MEDIUM
3,talk,5,4,VOTE Agent[04]
3,talk,6,11,DIVINED Agent[03] HUMAN
3,talk,7,12,Skip
3,talk,8,6,VOTE Agent[10]
3,talk,9,5,ESTIMATE Agent[07] WEREWOLF
3,talk,10,3,VOTE Agent[15]
3,whisper,0,14,Skip
3,whisper,1,6,ATTACK Agent[11]
3,whisper,2,15,ATTACK Agent[11]
3,whisper,3,15,Over
3,whisper,4,14,Skip
3,whisper,5,6,Over
3,whisper,6,14,Skip
3,whisper,7,15,Over
3,whisper,8,6,Over
3,whisper,9,14,Skip
3,whisper,10,6,Over
3,whisper,11,15,Over
3,whisper,12,14,Skip
3,whisper,13,6,Over
3,whisper,14,15,Over
3,whisper,15,14,Skip
3,whisper,16,6,Over
3,whisper,17,15,Over
3,whisper,18,14,Skip
3,whisper,19,6,Over
3,whisper,20,15,Over
3,whisper,21,14,Skip
3,whisper,22,6,Over
3,whisper,23,15,Over
3,whisper,24,14,Skip
3,whisper,25,6,Over
3,whisper,26,15,Over
3,whisper,27,14,Skip
3,whisper,28,6,Over
3,whisper,29,15,Over
3,talk,11,5,ESTIMATE Agent[04] VILLAGER
3,talk,12,12,Skip
3,talk,13,1,Skip
3,talk,14,7,VOTE Agent[05]
3,talk,15,10,Skip
3,talk,16,6,Over
3,talk,17,15,VOTE Agent[10]
3,talk,18,14,Over
3,talk,19,11,VOTE Agent[09]
3,talk,20,4,VOTE Agent[05]
3,talk,21,3,VOTE Agent[15]
3,whisper,30,15,Over
3,whisper,31,6,Over
3,whisper,32,14,Skip
3,whisper,33,6,Over
3,whisper,34,15,Over
3,whisper,35,14,Skip
3,whisper,36,14,Skip
3,whisper,37,15,Over
3,whisper,38,6,Over
3,whisper,39,14,Skip
3,whisper,40,6,Over
3,whisper,41,15,Over
3,whisper,42,14,Skip
3,whisper,43,6,Over
3,whisper,44,15,Over
3,whisper,45,14,Skip
3,whisper,46,6,Over
3,whisper,47,15,Over
3,whisper,48,14,Skip
3,whisper,49,6,Over
3,whisper,50,15,Over
3,whisper,51,14,Skip
3,whisper,52,6,Over
3,whisper,53,15,Over
3,whisper,54,14,Skip
3,whisper,55,6,Over
3,whisper,56,15,Over
3,whisper,57,14,Skip
3,whisper,58,6,Over
3,whisper,59,15,Over
3,talk,22,4,VOTE Agent[03]
3,talk,23,11,Over
3,talk,24,1,VOTE Agent[10]
3,talk,25,7,Over
3,talk,26,14,Over
3,talk,27,3,VOTE Agent[15]
3,talk,28,10,Skip
3,talk,29,5,ESTIMATE Agent[01] VILLAGER
3,talk,30,12,Skip
3,talk,31,15,Over
3,talk,32,6,Over
3,whisper,60,15,Over
3,whisper,61,14,Skip
3,whisper,62,6,Over
3,whisper,63,15,Over
3,whisper,64,14,Skip
3,whisper,65,6,Over
3,whisper,66,15,Over
3,whisper,67,14,Skip
3,whisper,68,6,Over
3,whisper,69,15,Over
3,whisper,70,14,Skip
3,whisper,71,6,Over
3,whisper,72,15,Over
3,whisper,73,14,Skip
3,whisper,74,6,Over
3,whisper,75,14,Skip
3,whisper,76,15,Over
3,whisper,77,6,Over
3,whisper,78,14,Skip
3,whisper,79,6,Over
3,whisper,80,15,Over
3,whisper,81,14,Skip
3,whisper,82,6,Over
3,whisper,83,15,Over
3,whisper,84,14,Skip
3,whisper,85,6,Over
3,whisper,86,15,Over
3,whisper,87,14,Skip
3,whisper,88,6,Over
3,whisper,89,15,Over
3,talk,33,3,VOTE Agent[15]
3,talk,34,11,Over
3,talk,35,14,Over
3,talk,36,10,VOTE Agent[01]
3,talk,37,12,Skip
3,talk,38,7,Over
3,talk,39,1,Over
3,talk,40,5,ESTIMATE Agent[06] WEREWOLF
3,talk,41,4,ESTIMATE Agent[07] SEER
3,talk,42,6,Over
3,talk,43,15,Over
3,whisper,90,15,Over
3,whisper,91,6,Over
3,whisper,92,14,Skip
3,whisper,93,14,Skip
3,whisper,94,15,Over
3,whisper,95,6,Over
3,whisper,96,14,Skip
3,whisper,97,6,Over
3,whisper,98,15,Over
3,whisper,99,14,Skip
3,whisper,100,6,Over
3,whisper,101,15,Over
3,whisper,102,14,Skip
3,whisper,103,6,Over
3,whisper,104,15,Over
3,whisper,105,14,Skip
3,whisper,106,6,Over
3,whisper,107,15,Over
3,whisper,108,14,Skip
3,whisper,109,6,Over
3,whisper,110,15,Over
3,whisper,111,14,Skip
3,whisper,112,6,Over
3,whisper,113,15,Over
3,whisper,114,14,Skip
3,whisper,115,6,Over
3,whisper,116,15,Over
3,whisper,117,14,Skip
3,whisper,118,6,Over
3,whisper,119,15,Over
3,talk,44,4,VOTE Agent[12]
3,talk,45,11,Over
3,talk,46,1,Over
3,talk,47,7,Over
3,talk,48,3,VOTE Agent[15]
3,talk,49,10,Over
3,talk,50,12,Skip
3,talk,51,14,Over
3,talk,52,5,ESTIMATE Agent[06] WEREWOLF
3,talk,53,6,Over
3,talk,54,15,Over
3,whisper,120,14,Skip
3,whisper,121,6,Over
3,whisper,122,15,Over
3,whisper,123,14,Skip
3,whisper,124,6,Over
3,whisper,125,15,Over
3,whisper,126,14,Skip
3,whisper,127,6,Over
3,whisper,128,15,Over
3,whisper,129,14,Skip
3,whisper,130,6,Over
3,whisper,131,15,Over
3,whisper,132,14,Skip
3,whisper,133,6,Over
3,whisper,134,15,Over
3,whisper,135,14,Skip
3,whisper,136,6,Over
3,whisper,137,15,Over
3,whisper,138,14,Skip
3,whisper,139,6,Over
3,whisper,140,15,Over
3,whisper,141,14,Skip
3,whisper,142,6,Over
3,whisper,143,15,Over
3,whisper,144,14,Skip
3,whisper,145,6,Over
3,whisper,146,15,Over
3,whisper,147,14,Skip
3,whisper,148,6,Over
3,whisper,149,15,Over
3,talk,55,5,ESTIMATE Agent[12] WEREWOLF
3,talk,56,7,Over
3,talk,57,1,Over
3,talk,58,10,Over
3,talk,59,4,ESTIMATE Agent[15] MEDIUM
3,talk,60,3,VOTE Agent[15]
3,talk,61,11,Over
3,talk,62,14,Over
3,talk,63,12,Skip
3,talk,64,6,Over
3,talk,65,15,Over
3,whisper,150,15,Over
3,whisper,151,14,Skip
3,whisper,152,6,Over
3,whisper,153,14,Skip
3,whisper,154,15,Over
3,whisper,155,6,Over
3,whisper,156,14,Skip
3,whisper,157,6,Over
3,whisper,158,15,Over
3,whisper,159,14,Skip
3,whisper,160,6,Over
3,whisper,161,15,Over
3,whisper,162,14,Skip
3,whisper,163,6,Over
3,whisper,164,15,Over
3,whisper,165,14,Skip
3,whisper,166,6,Over
3,whisper,167,15,Over
3,whisper,168,14,Skip
3,whisper,169,6,Over
3,whisper,170,15,Over
3,whisper,171,14,Skip
3,whisper,172,6,Over
3,whisper,173,15,Over
3,whisper,174,14,Skip
3,whisper,175,6,Over
3,whisper,176,15,Over
3,whisper,177,14,Skip
3,whisper,178,6,Over
3,whisper,179,15,Over
3,talk,66,11,Over
3,talk,67,3,VOTE Agent[15]
3,talk,68,4,VOTE Agent[01]
3,talk,69,12,Skip
3,talk,70,10,Over
3,talk,71,7,Over
3,talk,72,1,Over
3,talk,73,5,ESTIMATE Agent[10] WEREWOLF
3,talk,74,14,Over
3,talk,75,6,Over
3,talk,76,15,Over
3,whisper,180,14,Skip
3,whisper,181,6,Over
3,whisper,182,15,Over
3,whisper,183,14,Skip
3,whisper,184,6,Over
3,whisper,185,15,Over
3,whisper,186,14,Skip
3,whisper,187,6,Over
3,whisper,188,15,Over
3,whisper,189,14,Skip
3,whisper,190,6,Over
3,whisper,191,15,Over
3,whisper,192,14,Skip
3,whisper,193,6,Over
3,whisper,194,15,Over
3,whisper,195,14,Skip
3,whisper,196,6,Over
3,whisper,197,15,Over
3,whisper,198,14,Skip
3,whisper,199,6,Over
3,whisper,200,15,Over
3,whisper,201,14,Skip
3,whisper,202,6,Over
3,whisper,203,15,Over
3,whisper,204,14,Skip
3,whisper,205,6,Over
3,whisper,206,15,Over
3,whisper,207,14,Skip
3,whisper,208,6,Over
3,whisper,209,15,Over
3,talk,77,7,Over
3,talk,78,3,VOTE Agent[15]
3,talk,79,1,Over
3,talk,80,12,Skip
3,talk,81,11,Over
3,talk,82,4,ESTIMATE Agent[15] VILLAGER
3,talk,83,10,Over
3,talk,84,5,ESTIMATE Agent[11] SEER
3,talk,85,6,Over
3,talk,86,14,Over
3,talk,87,15,Over
3,whisper,210,15,Over
3,whisper,211,14,Skip
3,whisper,212,6,Over
3,whisper,213,14,Skip
3,whisper,214,15,Over
3,whisper,215,6,Over
3,whisper,216,14,Skip
3,whisper,217,6,Over
3,whisper,218,15,Over
3,whisper,219,14,Skip
3,whisper,220,6,Over
3,whisper,221,15,Over
3,whisper,222,14,Skip
3,whisper,223,6,Over
3,whisper,224,15,Over
3,whisper,225,14,Skip
3,whisper,226,6,Over
3,whisper,227,15,Over
3,whisper,228,14,Skip
3,whisper,229,6,Over
3,whisper,230,15,Over
3,whisper,231,14,Skip
3,whisper,232,6,Over
3,whisper,233,15,Over
3,whisper,234,14,Skip
3,whisper,235,6,Over
3,whisper,236,15,Over
3,whisper,237,14,Skip
3,whisper,238,6,Over
3,whisper,239,15,Over
3,talk,88,11,Over
3,talk,89,4,VOTE Agent[14]
3,talk,90,5,ESTIMATE Agent[07] WEREWOLF
3,talk,91,3,VOTE Agent[15]
3,talk,92,1,Over
3,talk,93,7,Over
3,talk,94,10,Over
3,talk,95,12,Skip
3,talk,96,6,Over
3,talk,97,14,Over
3,talk,98,15,Over
3,whisper,240,6,Over
3,whisper,241,15,Over
3,whisper,242,14,Skip
3,whisper,243,6,Over
3,whisper,244,15,Over
3,whisper,245,14,Skip
3,whisper,246,6,Over
3,whisper,247,15,Over
3,whisper,248,14,Skip
3,whisper,249,15,Over
3,whisper,250,6,Over
3,whisper,251,14,Skip
3,whisper,252,14,Skip
3,whisper,253,15,Over
3,whisper,254,6,Over
3,whisper,255,14,Skip
3,whisper,256,6,Over
3,whisper,257,15,Over
3,whisper,258,14,Skip
3,whisper,259,6,Over
3,whisper,260,15,Over
3,whisper,261,14,Skip
3,whisper,262,6,Over
3,whisper,263,15,Over
3,whisper,264,14,Skip
3,whisper,265,6,Over
3,whisper,266,15,Over
3,whisper,267,14,Skip
3,whisper,268,6,Over
3,whisper,269,15,Over
3,talk,99,10,Over
3,talk,100,3,VOTE Agent[15]
3,talk,101,4,Over
3,talk,102,7,Over
3,talk,103,11,Over
3,talk,104,12,Skip
3,talk,105,1,Over
3,talk,106,5,ESTIMATE Agent[14] WEREWOLF
3,talk,107,6,Over
3,talk,108,14,Over
3,talk,109,15,Over
3,whisper,270,15,Over
3,whisper,271,6,Over
3,whisper,272,14,Skip
3,whisper,273,15,Over
3,whisper,274,6,Over
3,whisper,275,14,Skip
3,whisper,276,6,Over
3,whisper,277,15,Over
3,whisper,278,14,Skip
3,whisper,279,6,Over
3,whisper,280,14,Skip
3,whisper,281,15,Over
3,whisper,282,14,Skip
3,whisper,283,6,Over
3,whisper,284,15,Over
3,whisper,285,14,Skip
3,whisper,286,6,Over
3,whisper,287,15,Over
3,whisper,288,14,Skip
3,whisper,289,6,Over
3,whisper,290,15,Over
3,whisper,291,14,Skip
3,whisper,292,6,Over
3,whisper,293,15,Over
3,whisper,294,14,Skip
3,whisper,295,6,Over
3,whisper,296,15,Over
3,whisper,297,14,Skip
3,whisper,298,6,Over
3,whisper,299,15,Over
3,vote,1,10
3,vote,3,15
3,vote,4,3
3,vote,5,14
3,vote,6,10
3,vote,7,5
3,vote,10,1
3,vote,11,12
3,vote,12,4
3,vote,14,7
3,vote,15,10
3,divine,11,4,HUMAN
3,guard,3,11,SEER
3,attackVote,6,11
3,attackVote,15,11
3,execute,10,VILLAGER
3,attack,11,false
4,status,1,VILLAGER,ALIVE,cash
4,status,2,VILLAGER,DEAD,kSugar
4,status,3,BODYGUARD,ALIVE,haretaro
4,status,4,VILLAGER,ALIVE,Kanolab
4,status,5,VILLAGER,ALIVE,wasabi
4,status,6,WEREWOLF,ALIVE,TOT
4,status,7,VILLAGER,ALIVE,nakamura
4,status,8,MEDIUM,DEAD,iace10442
4,status,9,POSSESSED,DEAD,tkAI
4,status,10,VILLAGER,DEAD,NLwolf
4,status,11,SEER,ALIVE,carlo
4,status,12,VILLAGER,ALIVE,twn480
4,status,13,VILLAGER,DEAD,KajiGod
4,status,14,WEREWOLF,ALIVE,howls
4,status,15,WEREWOLF,ALIVE,Udon
4,talk,0,7,ESTIMATE Agent[05] WEREWOLF
4,talk,1,4,VOTE Agent[11]
4,talk,2,3,VOTE Agent[15]
4,talk,3,14,Over
4,talk,4,15,VOTE Agent[14]
4,talk,5,12,Skip
4,talk,6,11,DIVINED Agent[04] HUMAN
4,talk,7,5,ESTIMATE Agent[07] WEREWOLF
4,talk,8,6,VOTE Agent[12]
4,talk,9,1,VOTE Agent[14]
4,whisper,0,14,Skip
4,whisper,1,6,ATTACK Agent[11]
4,whisper,2,15,ATTACK Agent[04]
4,whisper,3,6,Over
4,whisper,4,14,Skip
4,whisper,5,15,Over
4,whisper,6,14,Skip
4,whisper,7,6,Over
4,whisper,8,15,Over
4,whisper,9,14,Skip
4,whisper,10,6,Over
4,whisper,11,15,Over
4,whisper,12,14,Skip
4,whisper,13,6,Over
4,whisper,14,15,Over
4,whisper,15,14,Skip
4,whisper,16,6,Over
4,whisper,17,15,Over
4,whisper,18,14,Skip
4,whisper,19,6,Over
4,whisper,20,15,Over
4,whisper,21,14,Skip
4,whisper,22,6,Over
4,whisper,23,15,Over
4,whisper,24,14,Skip
4,whisper,25,6,Over
4,whisper,26,15,Over
4,whisper,27,14,Skip
4,whisper,28,6,Over
4,whisper,29,15,Over
4,talk,10,1,Over
4,talk,11,12,Skip
4,talk,12,3,VOTE Agent[15]
4,talk,13,6,Over
4,talk,14,14,Over
4,talk,15,7,VOTE Agent[05]
4,talk,16,11,VOTE Agent[09]
4,talk,17,15,Over
4,talk,18,4,VOTE Agent[05]
4,talk,19,5,ESTIMATE Agent[03] VILLAGER
4,whisper,30,6,Over
4,whisper,31,14,Skip
4,whisper,32,15,Over
4,whisper,33,6,Over
4,whisper,34,14,Skip
4,whisper,35,15,Over
4,whisper,36,6,Over
4,whisper,37,14,Skip
4,whisper,38,15,Over
4,whisper,39,6,Over
4,whisper,40,14,Skip
4,whisper,41,15,Over
4,whisper,42,14,Skip
4,whisper,43,6,Over
4,whisper,44,15,Over
4,whisper,45,14,Skip
4,whisper,46,6,Over
4,whisper,47,15,Over
4,whisper,48,14,Skip
4,whisper,49,6,Over
4,whisper,50,15,Over
4,whisper,51,14,Skip
4,whisper,52,6,Over
4,whisper,53,15,Over
4,whisper,54,14,Skip
4,whisper,55,6,Over
4,whisper,56,15,Over
4,whisper,57,14,Skip
4,whisper,58,6,Over
4,whisper,59,15,Over
4,talk,20,4,ESTIMATE Agent[07] SEER
4,talk,21,5,ESTIMATE Agent[06] WEREWOLF
4,talk,22,7,Over
4,talk,23,14,Over
4,talk,24,12,Skip
4,talk,25,15,Over
4,talk,26,1,Over
4,talk,27,6,Over
4,talk,28,11,Over
4,talk,29,3,VOTE Agent[15]
4,whisper,60,14,Skip
4,whisper,61,6,Over
4,whisper,62,15,Over
4,whisper,63,14,Skip
4,whisper,64,6,Over
4,whisper,65,15,Over
4,whisper,66,14,Skip
4,whisper,67,6,Over
4,whisper,68,15,Over
4,whisper,69,14,Skip
4,whisper,70,6,Over
4,whisper,71,15,Over
4,whisper,72,14,Skip
4,whisper,73,6,Over
4,whisper,74,15,Over
4,whisper,75,14,Skip
4,whisper,76,6,Over
4,whisper,77,15,Over
4,whisper,78,14,Skip
4,whisper,79,6,Over
4,whisper,80,15,Over
4,whisper,81,14,Skip
4,whisper,82,6,Over
4,whisper,83,15,Over
4,whisper,84,14,Skip
4,whisper,85,6,Over
4,whisper,86,15,Over
4,whisper,87,14,Skip
4,whisper,88,6,Over
4,whisper,89,15,Over
4,talk,30,3,VOTE Agent[15]
4,talk,31,5,ESTIMATE Agent[01] VILLAGER
4,talk,32,6,Over
4,talk,33,1,Over
4,talk,34,4,ESTIMATE Agent[15] MEDIUM
4,talk,35,15,Over
4,talk,36,14,Over
4,talk,37,11,Over
4,talk,38,7,Over
4,talk,39,12,Skip
4,whisper,90,6,Over
4,whisper,91,15,Over
4,whisper,92,14,Skip
4,whisper,93,6,Over
4,whisper,94,14,Skip
4,whisper,95,15,Over
4,whisper,96,14,Skip
4,whisper,97,6,Over
4,whisper,98,15,Over
4,whisper,99,14,Skip
4,whisper,100,6,Over
4,whisper,101,15,Over
4,whisper,102,14,Skip
4,whisper,103,6,Over
4,whisper,104,15,Over
4,whisper,105,14,Skip
4,whisper,106,6,Over
4,whisper,107,15,Over
4,whisper,108,14,Skip
4,whisper,109,6,Over
4,whisper,110,15,Over
4,whisper,111,14,Skip
4,whisper,112,6,Over
4,whisper,113,15,Over
4,whisper,114,14,Skip
4,whisper,115,6,Over
4,whisper,116,15,Over
4,whisper,117,14,Skip
4,whisper,118,6,Over
4,whisper,119,15,Over
4,talk,40,7,Over
4,talk,41,15,Over
4,talk,42,3,VOTE Agent[15]
4,talk,43,6,Over
4,talk,44,11,Over
4,talk,45,14,Over
4,talk,46,4,VOTE Agent[14]
4,talk,47,5,ESTIMATE Agent[07] WEREWOLF
4,talk,48,1,Over
4,talk,49,12,Skip
4,whisper,120,15,Over
4,whisper,121,6,Over
4,whisper,122,14,Skip
4,whisper,123,6,Over
4,whisper,124,15,Over
4,whisper,125,14,Skip
4,whisper,126,14,Skip
4,whisper,127,15,Over
4,whisper,128,6,Over
4,whisper,129,14,Skip
4,whisper,130,6,Over
4,whisper,131,15,Over
4,whisper,132,14,Skip
4,whisper,133,6,Over
4,whisper,134,15,Over
4,whisper,135,14,Skip
4,whisper,136,6,Over
4,whisper,137,15,Over
4,whisper,138,14,Skip
4,whisper,139,6,Over
4,whisper,140,15,Over
4,whisper,141,14,Skip
4,whisper,142,6,Over
4,whisper,143,15,Over
4,whisper,144,14,Skip
4,whisper,145,6,Over
4,whisper,146,15,Over
4,whisper,147,14,Skip
4,whisper,148,6,Over
4,whisper,149,15,Over
4,talk,50,11,Over
4,talk,51,7,Over
4,talk,52,3,VOTE Agent[15]
4,talk,53,1,Over
4,talk,54,12,Skip
4,talk,55,4,VOTE Agent[07]
4,talk,56,14,Over
4,talk,57,15,Over
4,talk,58,5,ESTIMATE Agent[07] WEREWOLF
4,talk,59,6,Over
4,whisper,150,6,Over
4,whisper,151,14,Skip
4,whisper,152,15,Over
4,whisper,153,14,Skip
4,whisper,154,6,Over
4,whisper,155,15,Over
4,whisper,156,14,Skip
4,whisper,157,6,Over
4,whisper,158,15,Over
4,whisper,159,14,Skip
4,whisper,160,6,Over
4,whisper,161,15,Over
4,whisper,162,14,Skip
4,whisper,163,6,Over
4,whisper,164,15,Over
4,whisper,165,14,Skip
4,whisper,166,6,Over
4,whisper,167,15,Over
4,whisper,168,14,Skip
4,whisper,169,6,Over
4,whisper,170,15,Over
4,whisper,171,14,Skip
4,whisper,172,6,Over
4,whisper,173,15,Over
4,whisper,174,14,Skip
4,whisper,175,6,Over
4,whisper,176,15,Over
4,whisper,177,14,Skip
4,whisper,178,6,Over
4,whisper,179,15,Over
4,talk,60,7,Over
4,talk,61,4,ESTIMATE Agent[15] VILLAGER
4,talk,62,15,Over
4,talk,63,3,VOTE Agent[15]
4,talk,64,12,Skip
4,talk,65,5,ESTIMATE Agent[14] WEREWOLF
4,talk,66,1,Over
4,talk,67,11,Over
4,talk,68,14,Over
4,talk,69,6,Over
4,whisper,180,6,Over
4,whisper,181,14,Skip
4,whisper,182,15,Over
4,whisper,183,6,Over
4,whisper,184,14,Skip
4,whisper,185,15,Over
4,whisper,186,6,Over
4,whisper,187,14,Skip
4,whisper,188,15,Over
4,whisper,189,6,Over
4,whisper,190,14,Skip
4,whisper,191,15,Over
4,whisper,192,6,Over
4,whisper,193,14,Skip
4,whisper,194,15,Over
4,whisper,195,6,Over
4,whisper,196,14,Skip
4,whisper,197,15,Over
4,whisper,198,14,Skip
4,whisper,199,6,Over
4,whisper,200,15,Over
4,whisper,201,14,Skip
4,whisper,202,6,Over
4,whisper,203,15,Over
4,whisper,204,14,Skip
4,whisper,205,6,Over
4,whisper,206,15,Over
4,whisper,207,14,Skip
4,whisper,208,6,Over
4,whisper,209,15,Over
4,talk,70,3,VOTE Agent[15]
4,talk,71,7,Over
4,talk,72,15,Over
4,talk,73,5,ESTIMATE Agent[14] WEREWOLF
4,talk,74,4,VOTE Agent[06]
4,talk,75,12,Skip
4,talk,76,1,Over
4,talk,77,6,Over
4,talk,78,11,Over
4,talk,79,14,Over
4,whisper,210,14,Skip
4,whisper,211,15,Over
4,whisper,212,6,Over
4,whisper,213,14,Skip
4,whisper,214,6,Over
4,whisper,215,15,Over
4,whisper,216,14,Skip
4,whisper,217,6,Over
4,whisper,218,15,Over
4,whisper,219,14,Skip
4,whisper,220,6,Over
4,whisper,221,15,Over
4,whisper,222,14,Skip
4,whisper,223,6,Over
4,whisper,224,15,Over
4,whisper,225,14,Skip
4,whisper,226,6,Over
4,whisper,227,15,Over
4,whisper,228,14,Skip
4,whisper,229,6,Over
4,whisper,230,15,Over
4,whisper,231,14,Skip
4,whisper,232,6,Over
4,whisper,233,15,Over
4,whisper,234,14,Skip
4,whisper,235,6,Over
4,whisper,236,15,Over
4,whisper,237,14,Skip
4,whisper,238,6,Over
4,whisper,239,15,Over
4,talk,80,12,Skip
4,talk,81,5,ESTIMATE Agent[15] MEDIUM
4,talk,82,7,Over
4,talk,83,15,Over
4,talk,84,3,VOTE Agent[15]
4,talk,85,4,Over
4,talk,86,1,Over
4,talk,87,6,Over
4,talk,88,11,Over
4,talk,89,14,Over
4,whisper,240,14,Skip
4,whisper,241,6,Over
4,whisper,242,15,Over
4,whisper,243,14,Skip
4,whisper,244,6,Over
4,whisper,245,15,Over
4,whisper,246,14,Skip
4,whisper,247,6,Over
4,whisper,248,15,Over
4,whisper,249,14,Skip
4,whisper,250,6,Over
4,whisper,251,15,Over
4,whisper,252,14,Skip
4,whisper,253,6,Over
4,whisper,254,15,Over
4,whisper,255,14,Skip
4,whisper,256,6,Over
4,whisper,257,15,Over
4,whisper,258,14,Skip
4,whisper,259,6,Over
4,whisper,260,15,Over
4,whisper,261,14,Skip
4,whisper,262,6,Over
4,whisper,263,15,Over
4,whisper,264,14,Skip
4,whisper,265,6,Over
4,whisper,266,15,Over
4,whisper,267,14,Skip
4,whisper,268,6,Over
4,whisper,269,15,Over
4,talk,90,3,VOTE Agent[15]
4,talk,91,7,Over
4,talk,92,15,Over
4,talk,93,5,ESTIMATE Agent[07] WEREWOLF
4,talk,94,12,Skip
4,talk,95,1,Over
4,talk,96,4,Over
4,talk,97,6,Over
4,talk,98,11,Over
4,talk,99,14,Over
4,whisper,270,6,Over
4,whisper,271,14,Skip
4,whisper,272,15,Over
4,whisper,273,14,Skip
4,whisper,274,6,Over
4,whisper,275,15,Over
4,whisper,276,14,Skip
4,whisper,277,6,Over
4,whisper,278,15,Over
4,whisper,279,14,Skip
4,whisper,280,6,Over
4,whisper,281,15,Over
4,whisper,282,14,Skip
4,whisper,283,6,Over
4,whisper,284,15,Over
4,whisper,285,14,Skip
4,whisper,286,6,Over
4,whisper,287,15,Over
4,whisper,288,14,Skip
4,whisper,289,6,Over
4,whisper,290,15,Over
4,whisper,291,14,Skip
4,whisper,292,6,Over
4,whisper,293,15,Over
4,whisper,294,14,Skip
4,whisper,295,6,Over
4,whisper,296,15,Over
4,whisper,297,14,Skip
4,whisper,298,6,Over
4,whisper,299,15,Over
4,vote,1,14
4,vote,3,15
4,vote,4,3
4,vote,5,14
4,vote,6,12
4,vote,7,5
4,vote,11,15
4,vote,12,5
4,vote,14,7
4,vote,15,14
4,divine,11,5,HUMAN
4,guard,3,11,SEER
4,attackVote,6,11
4,attackVote,15,4
4,execute,14,WEREWOLF
4,attack,4,true
5,status,1,VILLAGER,ALIVE,cash
5,status,2,VILLAGER,DEAD,kSugar
5,status,3,BODYGUARD,ALIVE,haretaro
5,status,4,VILLAGER,DEAD,Kanolab
5,status,5,VILLAGER,ALIVE,wasabi
5,status,6,WEREWOLF,ALIVE,TOT
5,status,7,VILLAGER,ALIVE,nakamura
5,status,8,MEDIUM,DEAD,iace10442
5,status,9,POSSESSED,DEAD,tkAI
5,status,10,VILLAGER,DEAD,NLwolf
5,status,11,SEER,ALIVE,carlo
5,status,12,VILLAGER,ALIVE,twn480
5,status,13,VILLAGER,DEAD,KajiGod
5,status,14,WEREWOLF,DEAD,howls
5,status,15,WEREWOLF,ALIVE,Udon
5,talk,0,3,VOTE Agent[15]
5,talk,1,12,Skip
5,talk,2,5,ESTIMATE Agent[06] WEREWOLF
5,talk,3,15,VOTE Agent[12]
5,talk,4,6,VOTE Agent[12]
5,talk,5,1,VOTE Agent[12]
5,talk,6,7,ESTIMATE Agent[05] WEREWOLF
5,talk,7,11,DIVINED Agent[05] HUMAN
5,whisper,0,6,ATTACK Agent[11]
5,whisper,1,15,ATTACK Agent[11]
5,whisper,2,6,Over
5,whisper,3,15,Over
5,talk,8,3,VOTE Agent[15]
5,talk,9,1,VOTE Agent[12]
5,talk,10,15,Over
5,talk,11,7,VOTE Agent[05]
5,talk,12,12,Skip
5,talk,13,11,VOTE Agent[08]
5,talk,14,5,ESTIMATE Agent[07] WEREWOLF
5,talk,15,6,Over
5,whisper,4,6,Over
5,whisper,5,15,Over
5,talk,16,12,Skip
5,talk,17,7,Over
5,talk,18,1,Over
5,talk,19,3,VOTE Agent[15]
5,talk,20,5,ESTIMATE Agent[12] WEREWOLF
5,talk,21,11,Over
5,talk,22,15,Over
5,talk,23,6,Over
5,whisper,6,6,Over
5,whisper,7,15,Over
5,talk,24,5,ESTIMATE Agent[03] VILLAGER
5,talk,25,3,VOTE Agent[15]
5,talk,26,7,Over
5,talk,27,1,Over
5,talk,28,12,Skip
5,talk,29,6,Over
5,talk,30,11,Over
5,talk,31,15,Over
5,whisper,8,6,Over
5,whisper,9,15,Over
5,talk,32,7,Over
5,talk,33,3,VOTE Agent[15]
5,talk,34,1,Over
5,talk,35,12,Skip
5,talk,36,5,ESTIMATE Agent[07] WEREWOLF
5,talk,37,6,Over
5,talk,38,11,Over
5,talk,39,15,Over
5,whisper,10,15,Over
5,whisper,11,6,Over
5,talk,40,3,VOTE Agent[15]
5,talk,41,1,Over
5,talk,42,12,Skip
5,talk,43,5,ESTIMATE Agent[06] WEREWOLF
5,talk,44,7,Over
5,talk,45,6,Over
5,talk,46,11,Over
5,talk,47,15,Over
5,whisper,12,6,Over
5,whisper,13,15,Over
5,talk,48,3,VOTE Agent[15]
5,talk,49,1,Over
5,talk,50,5,ESTIMATE Agent[06] WEREWOLF
5,talk,51,12,Skip
5,talk,52,6,Over
5,talk,53,7,Over
5,talk,54,11,Over
5,talk,55,15,Over
5,whisper,14,6,Over
5,whisper,15,15,Over
5,talk,56,12,Skip
5,talk,57,1,Over
5,talk,58,5,ESTIMATE Agent[06] WEREWOLF
5,talk,59,3,VOTE Agent[15]
5,talk,60,6,Over
5,talk,61,7,Over
5,talk,62,11,Over
5,talk,63,15,Over
5,whisper,16,15,Over
5,whisper,17,6,Over
5,talk,64,1,Over
5,talk,65,5,ESTIMATE Agent[06] WEREWOLF
5,talk,66,12,Skip
5,talk,67,3,VOTE Agent[15]
5,talk,68,6,Over
5,talk,69,7,Over
5,talk,70,11,Over
5,talk,71,15,Over
5,whisper,18,6,Over
5,whisper,19,15,Over
5,talk,72,3,VOTE Agent[15]
5,talk,73,1,Over
5,talk,74,5,ESTIMATE Agent[12] WEREWOLF
5,talk,75,12,Skip
5,talk,76,6,Over
5,talk,77,7,Over
5,talk,78,11,Over
5,talk,79,15,Over
5,whisper,20,6,Over
5,whisper,21,15,Over
5,vote,1,12
5,vote,3,15
5,vote,5,6
5,vote,6,12
5,vote,7,5
5,vote,11,6
5,vote,12,1
5,vote,15,12
5,divine,11,6,WEREWOLF
5,guard,3,11,SEER
5,attackVote,6,11
5,attackVote,15,11
5,execute,12,VILLAGER
5,attack,11,false
6,status,1,VILLAGER,ALIVE,cash
6,status,2,VILLAGER,DEAD,kSugar
6,status,3,BODYGUARD,ALIVE,haretaro
6,status,4,VILLAGER,DEAD,Kanolab
6,status,5,VILLAGER,ALIVE,wasabi
6,status,6,WEREWOLF,ALIVE,TOT
6,status,7,VILLAGER,ALIVE,nakamura
6,status,8,MEDIUM,DEAD,iace10442
6,status,9,POSSESSED,DEAD,tkAI
6,status,10,VILLAGER,DEAD,NLwolf
6,status,11,SEER,ALIVE,carlo
6,status,12,VILLAGER,DEAD,twn480
6,status,13,VILLAGER,DEAD,KajiGod
6,status,14,WEREWOLF,DEAD,howls
6,status,15,WEREWOLF,ALIVE,Udon
6,talk,0,15,VOTE Agent[06]
6,talk,1,7,ESTIMATE Agent[05] WEREWOLF
6,talk,2,6,VOTE Agent[07]
6,talk,3,1,VOTE Agent[06]
6,talk,4,11,DIVINED Agent[06] WEREWOLF
6,talk,5,3,VOTE Agent[15]
6,talk,6,5,ESTIMATE Agent[07] WEREWOLF
6,whisper,0,6,ATTACK Agent[11]
6,whisper,1,15,ATTACK Agent[01]
6,whisper,2,6,Over
6,whisper,3,15,Over
6,talk,7,1,VOTE Agent[06]
6,talk,8,6,Over
6,talk,9,11,VOTE Agent[06]
6,talk,10,3,VOTE Agent[15]
6,talk,11,7,VOTE Agent[05]
6,talk,12,5,ESTIMATE Agent[07] WEREWOLF
6,talk,13,15,Over
6,whisper,4,15,Over
6,whisper,5,6,Over
6,talk,14,1,Over
6,talk,15,3,VOTE Agent[15]
6,talk,16,5,ESTIMATE Agent[06] WEREWOLF
6,talk,17,6,Over
6,talk,18,7,Over
6,talk,19,11,Over
6,talk,20,15,Over
6,whisper,6,6,Over
6,whisper,7,15,Over
6,talk,21,5,ESTIMATE Agent[01] VILLAGER
6,talk,22,3,VOTE Agent[15]
6,talk,23,1,Over
6,talk,24,6,Over
6,talk,25,7,Over
6,talk,26,11,Over
6,talk,27,15,Over
6,whisper,8,6,Over
6,whisper,9,15,Over
6,talk,28,5,ESTIMATE Agent[07] WEREWOLF
6,talk,29,3,VOTE Agent[15]
6,talk,30,1,Over
6,talk,31,6,Over
6,talk,32,7,Over
6,talk,33,11,Over
6,talk,34,15,Over
6,whisper,10,15,Over
6,whisper,11,6,Over
6,talk,35,3,VOTE Agent[15]
6,talk,36,5,ESTIMATE Agent[07] WEREWOLF
6,talk,37,1,Over
6,talk,38,6,Over
6,talk,39,7,Over
6,talk,40,11,Over
6,talk,41,15,Over
6,whisper,12,15,Over
6,whisper,13,6,Over
6,talk,42,5,ESTIMATE Agent[07] WEREWOLF
6,talk,43,3,VOTE Agent[15]
6,talk,44,1,Over
6,talk,45,6,Over
6,talk,46,7,Over
6,talk,47,11,Over
6,talk,48,15,Over
6,whisper,14,15,Over
6,whisper,15,6,Over
6,talk,49,5,ESTIMATE Agent[07] WEREWOLF
6,talk,50,3,VOTE Agent[15]
6,talk,51,1,Over
6,talk,52,6,Over
6,talk,53,7,Over
6,talk,54,11,Over
6,talk,55,15,Over
6,whisper,16,15,Over
6,whisper,17,6,Over
6,talk,56,3,VOTE Agent[15]
6,talk,57,5,ESTIMATE Agent[11] SEER
6,talk,58,1,Over
6,talk,59,6,Over
6,talk,60,7,Over
6,talk,61,11,Over
6,talk,62,15,Over
6,whisper,18,6,Over
6,whisper,19,15,Over
6,talk,63,5,ESTIMATE Agent[15] MEDIUM
6,talk,64,3,VOTE Agent[15]
6,talk,65,1,Over
6,talk,66,6,Over
6,talk,67,7,Over
6,talk,68,11,Over
6,talk,69,15,Over
6,whisper,20,6,Over
6,whisper,21,15,Over
6,vote,1,6
6,vote,3,15
6,vote,5,6
6,vote,6,7
6,vote,7,5
6,vote,11,6
6,vote,15,6
6,divine,11,7,HUMAN
6,guard,3,11,SEER
6,attackVote,6,11
6,attackVote,15,1
6,execute,6,WEREWOLF
6,attack,1,true
7,status,1,VILLAGER,DEAD,cash
7,status,2,VILLAGER,DEAD,kSugar
7,status,3,BODYGUARD,ALIVE,haretaro
7,status,4,VILLAGER,DEAD,Kanolab
7,status,5,VILLAGER,ALIVE,wasabi
7,status,6,WEREWOLF,DEAD,TOT
7,status,7,VILLAGER,ALIVE,nakamura
7,status,8,MEDIUM,DEAD,iace10442
7,status,9,POSSESSED,DEAD,tkAI
7,status,10,VILLAGER,DEAD,NLwolf
7,status,11,SEER,ALIVE,carlo
7,status,12,VILLAGER,DEAD,twn480
7,status,13,VILLAGER,DEAD,KajiGod
7,status,14,WEREWOLF,DEAD,howls
7,status,15,WEREWOLF,ALIVE,Udon
7,talk,0,11,DIVINED Agent[07] HUMAN
7,talk,1,15,VOTE Agent[11]
7,talk,2,5,ESTIMATE Agent[15] WEREWOLF
7,talk,3,3,VOTE Agent[15]
7,talk,4,7,ESTIMATE Agent[05] WEREWOLF
7,whisper,0,15,ATTACK Agent[03]
7,whisper,1,15,Over
7,talk,5,15,Over
7,talk,6,11,VOTE Agent[06]
7,talk,7,3,VOTE Agent[15]
7,talk,8,7,VOTE Agent[05]
7,talk,9,5,ESTIMATE Agent[03] VILLAGER
7,whisper,2,15,Over
7,talk,10,7,Over
7,talk,11,5,ESTIMATE Agent[15] WEREWOLF
7,talk,12,3,VOTE Agent[15]
7,talk,13,15,Over
7,talk,14,11,Over
7,whisper,3,15,Over
7,talk,15,3,VOTE Agent[15]
7,talk,16,5,ESTIMATE Agent[15] WEREWOLF
7,talk,17,7,Over
7,talk,18,11,Over
7,talk,19,15,Over
7,whisper,4,15,Over
7,talk,20,5,ESTIMATE Agent[15] WEREWOLF
7,talk,21,3,VOTE Agent[15]
7,talk,22,7,Over
7,talk,23,11,Over
7,talk,24,15,Over
7,whisper,5,15,Over
7,talk,25,3,VOTE Agent[15]
7,talk,26,5,ESTIMATE Agent[11] SEER
7,talk,27,7,Over
7,talk,28,11,Over
7,talk,29,15,Over
7,whisper,6,15,Over
7,talk,30,5,ESTIMATE Agent[15] WEREWOLF
7,talk,31,3,VOTE Agent[15]
7,talk,32,7,Over
7,talk,33,11,Over
7,talk,34,15,Over
7,whisper,7,15,Over
7,talk,35,5,ESTIMATE Agent[15] WEREWOLF
7,talk,36,3,VOTE Agent[15]
7,talk,37,7,Over
7,talk,38,11,Over
7,talk,39,15,Over
7,whisper,8,15,Over
7,talk,40,3,VOTE Agent[15]
7,talk,41,5,ESTIMATE Agent[11] SEER
7,talk,42,7,Over
7,talk,43,11,Over
7,talk,44,15,Over
7,whisper,9,15,Over
7,talk,45,5,ESTIMATE Agent[07] VILLAGER
7,talk,46,3,VOTE Agent[15]
7,talk,47,7,Over
7,talk,48,11,Over
7,talk,49,15,Over
7,whisper,10,15,Over
7,vote,3,15
7,vote,5,15
7,vote,7,5
7,vote,11,7
7,vote,15,11
7,divine,11,3,HUMAN
7,guard,3,11,SEER
7,attackVote,15,3
7,execute,15,WEREWOLF
8,status,1,VILLAGER,DEAD,cash
8,status,2,VILLAGER,DEAD,kSugar
8,status,3,BODYGUARD,ALIVE,haretaro
8,status,4,VILLAGER,DEAD,Kanolab
8,status,5,VILLAGER,ALIVE,wasabi
8,status,6,WEREWOLF,DEAD,TOT
8,status,7,VILLAGER,ALIVE,nakamura
8,status,8,MEDIUM,DEAD,iace10442
8,status,9,POSSESSED,DEAD,tkAI
8,status,10,VILLAGER,DEAD,NLwolf
8,status,11,SEER,ALIVE,carlo
8,status,12,VILLAGER,DEAD,twn480
8,status,13,VILLAGER,DEAD,KajiGod
8,status,14,WEREWOLF,DEAD,howls
8,status,15,WEREWOLF,DEAD,Udon
8,result,4,0,VILLAGER
