0,status,1,VILLAGER,ALIVE,cash
0,status,2,BODYGUARD,ALIVE,kSugar
0,status,3,WEREWOLF,ALIVE,haretaro
0,status,4,VILLAGER,ALIVE,Kanolab
0,status,5,VILLAGER,ALIVE,wasabi
0,status,6,SEER,ALIVE,TOT
0,status,7,MEDIUM,ALIVE,nakamura
0,status,8,VILLAGER,ALIVE,iace10442
0,status,9,VILLAGER,ALIVE,tkAI
0,status,10,VILLAGER,ALIVE,NLwolf
0,status,11,VILLAGER,ALIVE,carlo
0,status,12,WEREWOLF,ALIVE,twn480
0,status,13,POSSESSED,ALIVE,KajiGod
0,status,14,WEREWOLF,ALIVE,howls
0,status,15,VILLAGER,ALIVE,Udon
0,talk,0,1,VOTE Agent[02]
0,talk,1,4,VOTE Agent[14]
0,talk,2,8,Skip
0,talk,3,11,VOTE Agent[01]
0,talk,4,5,ESTIMATE Agent[13] WEREWOLF
0,talk,5,15,VOTE Agent[14]
0,talk,6,7,ESTIMATE Agent[14] WEREWOLF
0,talk,7,3,VOTE Agent[12]
0,talk,8,14,Over
0,talk,9,9,Over
0,talk,10,12,Over
0,talk,11,10,Skip
0,talk,12,2,COMINGOUT Agent[02] VILLAGER
0,talk,13,13,VOTE Agent[02]
0,talk,14,6,Over
0,whisper,0,14,Skip
0,whisper,1,12,COMINGOUT Agent[12] WEREWOLF
0,whisper,2,3,Over
0,whisper,3,12,Over
0,whisper,4,14,Skip
0,whisper,5,3,Over
0,whisper,6,14,Skip
0,whisper,7,12,Over
0,whisper,8,3,Over
0,whisper,9,14,Skip
0,whisper,10,3,Over
0,whisper,11,12,Over
0,whisper,12,14,Skip
0,whisper,13,3,Over
0,whisper,14,12,Over
0,whisper,15,14,Skip
0,whisper,16,3,Over
0,whisper,17,12,Over
0,whisper,18,14,Skip
0,whisper,19,3,Over
0,whisper,20,12,Over
0,whisper,21,14,Skip
0,whisper,22,3,Over
0,whisper,23,12,Over
0,whisper,24,14,Skip
0,whisper,25,3,Over
0,whisper,26,12,Over
0,whisper,27,14,Skip
0,whisper,28,3,Over
0,whisper,29,12,Over
0,talk,15,10,Skip
0,talk,16,2,Skip
0,talk,17,14,Over
0,talk,18,4,ESTIMATE Agent[01] VILLAGER
0,talk,19,1,Over
0,talk,20,15,ESTIMATE Agent[01] WEREWOLF
0,talk,21,8,Skip
0,talk,22,12,Over
0,talk,23,9,Over
0,talk,24,7,VOTE Agent[14]
0,talk,25,11,Over
0,talk,26,3,Skip
0,talk,27,5,ESTIMATE Agent[12] WEREWOLF
0,talk,28,13,Over
0,talk,29,6,Over
0,whisper,30,14,Skip
0,whisper,31,12,Over
0,whisper,32,3,Over
0,whisper,33,14,Skip
0,whisper,34,3,Over
0,whisper,35,12,Over
0,whisper,36,14,Skip
0,whisper,37,3,Over
0,whisper,38,12,Over
0,whisper,39,14,Skip
0,whisper,40,3,Over
0,whisper,41,12,Over
0,whisper,42,14,Skip
0,whisper,43,3,Over
0,whisper,44,12,Over
0,whisper,45,14,Skip
0,whisper,46,3,Over
0,whisper,47,12,Over
0,whisper,48,14,Skip
0,whisper,49,3,Over
0,whisper,50,12,Over
0,whisper,51,14,Skip
0,whisper,52,3,Over
0,whisper,53,12,Over
0,whisper,54,14,Skip
0,whisper,55,3,Over
0,whisper,56,12,Over
0,whisper,57,14,Skip
0,whisper,58,3,Over
0,whisper,59,12,Over
0,talk,30,3,Skip
0,talk,31,7,Over
0,talk,32,8,Skip
0,talk,33,10,Skip
0,talk,34,5,ESTIMATE Agent[03] VILLAGER
0,talk,35,9,Over
0,talk,36,14,Over
0,talk,37,1,Over
0,talk,38,15,ESTIMATE Agent[06] WEREWOLF
0,talk,39,11,Over
0,talk,40,4,Over
0,talk,41,12,Over
0,talk,42,2,ESTIMATE Agent[01] VILLAGER
0,talk,43,6,Over
0,talk,44,13,Over
0,whisper,60,3,Over
0,whisper,61,14,Skip
0,whisper,62,12,Over
0,whisper,63,14,Skip
0,whisper,64,3,Over
0,whisper,65,12,Over
0,whisper,66,14,Skip
0,whisper,67,3,Over
0,whisper,68,12,Over
0,whisper,69,14,Skip
0,whisper,70,3,Over
0,whisper,71,12,Over
0,whisper,72,14,Skip
0,whisper,73,3,Over
0,whisper,74,12,Over
0,whisper,75,14,Skip
0,whisper,76,3,Over
0,whisper,77,12,Over
0,whisper,78,14,Skip
0,whisper,79,3,Over
0,whisper,80,12,Over
0,whisper,81,14,Skip
0,whisper,82,3,Over
0,whisper,83,12,Over
0,whisper,84,14,Skip
0,whisper,85,3,Over
0,whisper,86,12,Over
0,whisper,87,14,Skip
0,whisper,88,3,Over
0,whisper,89,12,Over
0,talk,45,2,Skip
0,talk,46,12,Over
0,talk,47,1,Over
0,talk,48,11,Over
0,talk,49,5,ESTIMATE Agent[03] WEREWOLF
0,talk,50,4,Over
0,talk,51,8,VOTE Agent[02]
0,talk,52,3,Skip
0,talk,53,7,Over
0,talk,54,9,Over
0,talk,55,14,Over
0,talk,56,10,VOTE Agent[02]
0,talk,57,15,ESTIMATE Agent[14] WEREWOLF
0,talk,58,6,Over
0,talk,59,13,Over
0,whisper,90,3,Over
0,whisper,91,12,Over
0,whisper,92,14,Skip
0,whisper,93,12,Over
0,whisper,94,14,Skip
0,whisper,95,3,Over
0,whisper,96,12,Over
0,whisper,97,14,Skip
0,whisper,98,3,Over
0,whisper,99,12,Over
0,whisper,100,14,Skip
0,whisper,101,3,Over
0,whisper,102,14,Skip
0,whisper,103,12,Over
0,whisper,104,3,Over
0,whisper,105,14,Skip
0,whisper,106,3,Over
0,whisper,107,12,Over
0,whisper,108,14,Skip
0,whisper,109,3,Over
0,whisper,110,12,Over
0,whisper,111,14,Skip
0,whisper,112,3,Over
0,whisper,113,12,Over
0,whisper,114,14,Skip
0,whisper,115,3,Over
0,whisper,116,12,Over
0,whisper,117,14,Skip
0,whisper,118,3,Over
0,whisper,119,12,Over
0,talk,60,1,Over
0,talk,61,8,VOTE Agent[14]
0,talk,62,10,Over
0,talk,63,7,Over
0,talk,64,9,Over
0,talk,65,14,Over
0,talk,66,2,ESTIMATE Agent[03] VILLAGER
0,talk,67,4,Over
0,talk,68,3,VOTE Agent[02]
0,talk,69,5,ESTIMATE Agent[02] VILLAGER
0,talk,70,12,Over
0,talk,71,11,Over
0,talk,72,15,VOTE Agent[02]
0,talk,73,6,Over
0,talk,74,13,Over
0,whisper,120,3,Over
0,whisper,121,12,Over
0,whisper,122,14,Skip
0,whisper,123,12,Over
0,whisper,124,14,Skip
0,whisper,125,3,Over
0,whisper,126,14,Skip
0,whisper,127,12,Over
0,whisper,128,3,Over
0,whisper,129,14,Skip
0,whisper,130,3,Over
0,whisper,131,12,Over
0,whisper,132,14,Skip
0,whisper,133,3,Over
0,whisper,134,12,Over
0,whisper,135,14,Skip
0,whisper,136,3,Over
0,whisper,137,12,Over
0,whisper,138,14,Skip
0,whisper,139,3,Over
0,whisper,140,12,Over
0,whisper,141,14,Skip
0,whisper,142,3,Over
0,whisper,143,12,Over
0,whisper,144,14,Skip
0,whisper,145,3,Over
0,whisper,146,12,Over
0,whisper,147,14,Skip
0,whisper,148,3,Over
0,whisper,149,12,Over
0,talk,75,11,Over
0,talk,76,7,Over
0,talk,77,15,Over
0,talk,78,10,Over
0,talk,79,1,Over
0,talk,80,4,Over
0,talk,81,5,ESTIMATE Agent[09] WEREWOLF
0,talk,82,14,Over
0,talk,83,3,Skip
0,talk,84,8,VOTE Agent[03]
0,talk,85,2,Skip
0,talk,86,12,Over
0,talk,87,9,Over
0,talk,88,6,Over
0,talk,89,13,Over
0,whisper,150,3,Over
0,whisper,151,14,Skip
0,whisper,152,12,Over
0,whisper,153,14,Skip
0,whisper,154,3,Over
0,whisper,155,12,Over
0,whisper,156,14,Skip
0,whisper,157,3,Over
0,whisper,158,12,Over
0,whisper,159,14,Skip
0,whisper,160,3,Over
0,whisper,161,12,Over
0,whisper,162,14,Skip
0,whisper,163,3,Over
0,whisper,164,12,Over
0,whisper,165,14,Skip
0,whisper,166,3,Over
0,whisper,167,12,Over
0,whisper,168,14,Skip
0,whisper,169,3,Over
0,whisper,170,12,Over
0,whisper,171,14,Skip
0,whisper,172,3,Over
0,whisper,173,12,Over
0,whisper,174,14,Skip
0,whisper,175,3,Over
0,whisper,176,12,Over
0,whisper,177,14,Skip
0,whisper,178,3,Over
0,whisper,179,12,Over
0,talk,90,1,Over
0,talk,91,8,VOTE Agent[12]
0,talk,92,5,ESTIMATE Agent[12] WEREWOLF
0,talk,93,15,Over
0,talk,94,3,Skip
0,talk,95,14,Over
0,talk,96,10,Over
0,talk,97,11,Over
0,talk,98,2,ESTIMATE Agent[04] VILLAGER
0,talk,99,4,Over
0,talk,100,7,Over
0,talk,101,6,Over
0,talk,102,9,Over
0,talk,103,12,Over
0,talk,104,13,Over
0,whisper,180,14,Skip
0,whisper,181,3,Over
0,whisper,182,12,Over
0,whisper,183,14,Skip
0,whisper,184,3,Over
0,whisper,185,12,Over
0,whisper,186,14,Skip
0,whisper,187,3,Over
0,whisper,188,12,Over
0,whisper,189,14,Skip
0,whisper,190,3,Over
0,whisper,191,12,Over
0,whisper,192,14,Skip
0,whisper,193,3,Over
0,whisper,194,12,Over
0,whisper,195,14,Skip
0,whisper,196,3,Over
0,whisper,197,12,Over
0,whisper,198,14,Skip
0,whisper,199,3,Over
0,whisper,200,12,Over
0,whisper,201,14,Skip
0,whisper,202,3,Over
0,whisper,203,12,Over
0,whisper,204,14,Skip
0,whisper,205,3,Over
0,whisper,206,12,Over
0,whisper,207,14,Skip
0,whisper,208,3,Over
0,whisper,209,12,Over
0,talk,105,2,Skip
0,talk,106,11,Over
0,talk,107,15,Over
0,talk,108,5,ESTIMATE Agent[06] WEREWOLF
0,talk,109,14,Over
0,talk,110,1,Over
0,talk,111,10,Over
0,talk,112,8,Over
0,talk,113,3,Skip
0,talk,114,4,Over
0,talk,115,6,Over
0,talk,116,7,Over
0,talk,117,9,Over
0,talk,118,12,Over
0,talk,119,13,Over
0,whisper,210,12,Over
0,whisper,211,14,Skip
0,whisper,212,3,Over
0,whisper,213,14,Skip
0,whisper,214,12,Over
0,whisper,215,3,Over
0,whisper,216,14,Skip
0,whisper,217,3,Over
0,whisper,218,12,Over
0,whisper,219,14,Skip
0,whisper,220,3,Over
0,whisper,221,12,Over
0,whisper,222,14,Skip
0,whisper,223,3,Over
0,whisper,224,12,Over
0,whisper,225,14,Skip
0,whisper,226,3,Over
0,whisper,227,12,Over
0,whisper,228,14,Skip
0,whisper,229,3,Over
0,whisper,230,12,Over
0,whisper,231,14,Skip
0,whisper,232,3,Over
0,whisper,233,12,Over
0,whisper,234,14,Skip
0,whisper,235,3,Over
0,whisper,236,12,Over
0,whisper,237,14,Skip
0,whisper,238,3,Over
0,whisper,239,12,Over
0,talk,120,14,Over
0,talk,121,11,Over
0,talk,122,10,Over
0,talk,123,15,Over
0,talk,124,3,Skip
0,talk,125,5,ESTIMATE Agent[12] VILLAGER
0,talk,126,1,Over
0,talk,127,2,ESTIMATE Agent[06] VILLAGER
0,talk,128,8,VOTE Agent[13]
0,talk,129,4,Over
0,talk,130,6,Over
0,talk,131,7,Over
0,talk,132,9,Over
0,talk,133,12,Over
0,talk,134,13,Over
0,whisper,240,3,Over
0,whisper,241,14,Skip
0,whisper,242,12,Over
0,whisper,243,3,Over
0,whisper,244,14,Skip
0,whisper,245,12,Over
0,whisper,246,3,Over
0,whisper,247,14,Skip
0,whisper,248,12,Over
0,whisper,249,3,Over
0,whisper,250,14,Skip
0,whisper,251,12,Over
0,whisper,252,14,Skip
0,whisper,253,3,Over
0,whisper,254,12,Over
0,whisper,255,14,Skip
0,whisper,256,3,Over
0,whisper,257,12,Over
0,whisper,258,14,Skip
0,whisper,259,3,Over
0,whisper,260,12,Over
0,whisper,261,14,Skip
0,whisper,262,3,Over
0,whisper,263,12,Over
0,whisper,264,14,Skip
0,whisper,265,3,Over
0,whisper,266,12,Over
0,whisper,267,14,Skip
0,whisper,268,3,Over
0,whisper,269,12,Over
0,talk,135,8,VOTE Agent[14]
0,talk,136,2,Skip
0,talk,137,1,Over
0,talk,138,11,Over
0,talk,139,10,Over
0,talk,140,14,Over
0,talk,141,15,Over
0,talk,142,5,ESTIMATE Agent[12] WEREWOLF
0,talk,143,3,Skip
0,talk,144,4,Over
0,talk,145,6,Over
0,talk,146,7,Over
0,talk,147,9,Over
0,talk,148,12,Over
0,talk,149,13,Over
0,whisper,270,3,Over
0,whisper,271,14,Skip
0,whisper,272,12,Over
0,whisper,273,14,Skip
0,whisper,274,3,Over
0,whisper,275,12,Over
0,whisper,276,14,Skip
0,whisper,277,3,Over
0,whisper,278,12,Over
0,whisper,279,14,Skip
0,whisper,280,3,Over
0,whisper,281,12,Over
0,whisper,282,14,Skip
0,whisper,283,3,Over
0,whisper,284,12,Over
0,whisper,285,14,Skip
0,whisper,286,3,Over
0,whisper,287,12,Over
0,whisper,288,14,Skip
0,whisper,289,3,Over
0,whisper,290,12,Over
0,whisper,291,14,Skip
0,whisper,292,3,Over
0,whisper,293,12,Over
0,whisper,294,14,Skip
0,whisper,295,3,Over
0,whisper,296,12,Over
0,whisper,297,14,Skip
0,whisper,298,3,Over
0,whisper,299,12,Over
0,divine,6,12,WEREWOLF
1,status,1,VILLAGER,ALIVE,cash
1,status,2,BODYGUARD,ALIVE,kSugar
1,status,3,WEREWOLF,ALIVE,haretaro
1,status,4,VILLAGER,ALIVE,Kanolab
1,status,5,VILLAGER,ALIVE,wasabi
1,status,6,SEER,ALIVE,TOT
1,status,7,MEDIUM,ALIVE,nakamura
1,status,8,VILLAGER,ALIVE,iace10442
1,status,9,VILLAGER,ALIVE,tkAI
1,status,10,VILLAGER,ALIVE,NLwolf
1,status,11,VILLAGER,ALIVE,carlo
1,status,12,WEREWOLF,ALIVE,twn480
1,status,13,POSSESSED,ALIVE,KajiGod
1,status,14,WEREWOLF,ALIVE,howls
1,status,15,VILLAGER,ALIVE,Udon
1,talk,0,12,Over
1,talk,1,6,COMINGOUT Agent[06] SEER
1,talk,2,11,VOTE Agent[01]
1,talk,3,1,VOTE Agent[07]
1,talk,4,2,VOTE Agent[09]
1,talk,5,10,Skip
1,talk,6,15,VOTE Agent[02]
1,talk,7,8,Skip
1,talk,8,7,ESTIMATE Agent[06] SEER
1,talk,9,3,Skip
1,talk,10,5,ESTIMATE Agent[06] SEER
1,talk,11,14,Over
1,talk,12,4,VOTE Agent[02]
1,talk,13,13,VOTE Agent[02]
1,talk,14,9,Over
1,whisper,0,14,Skip
1,whisper,1,12,Over
1,whisper,2,3,Over
1,whisper,3,14,Skip
1,whisper,4,3,Over
1,whisper,5,12,Over
1,whisper,6,14,Skip
1,whisper,7,3,Over
1,whisper,8,12,Over
1,whisper,9,14,Skip
1,whisper,10,3,Over
1,whisper,11,12,Over
1,whisper,12,14,Skip
1,whisper,13,3,Over
1,whisper,14,12,Over
1,whisper,15,14,Skip
1,whisper,16,3,Over
1,whisper,17,12,Over
1,whisper,18,14,Skip
1,whisper,19,3,Over
1,whisper,20,12,Over
1,whisper,21,14,Skip
1,whisper,22,3,Over
1,whisper,23,12,Over
1,whisper,24,14,Skip
1,whisper,25,3,Over
1,whisper,26,12,Over
1,whisper,27,14,Skip
1,whisper,28,3,Over
1,whisper,29,12,Over
1,talk,15,12,Over
1,talk,16,10,Skip
1,talk,17,11,Over
1,talk,18,8,Skip
1,talk,19,1,Over
1,talk,20,13,Over
1,talk,21,2,VOTE Agent[12]
1,talk,22,7,ESTIMATE Agent[14] WEREWOLF
1,talk,23,6,DIVINED Agent[12] WEREWOLF
1,talk,24,5,ESTIMATE Agent[12] WEREWOLF
1,talk,25,4,VOTE Agent[07]
1,talk,26,15,ESTIMATE Agent[01] WEREWOLF
1,talk,27,3,VOTE Agent[02]
1,talk,28,14,Over
1,talk,29,9,Over
1,whisper,30,12,Over
1,whisper,31,3,Over
1,whisper,32,14,Skip
1,whisper,33,3,Over
1,whisper,34,14,Skip
1,whisper,35,12,Over
1,whisper,36,3,Over
1,whisper,37,14,Skip
1,whisper,38,12,Over
1,whisper,39,3,Over
1,whisper,40,14,Skip
1,whisper,41,12,Over
1,whisper,42,14,Skip
1,whisper,43,3,Over
1,whisper,44,12,Over
1,whisper,45,14,Skip
1,whisper,46,3,Over
1,whisper,47,12,Over
1,whisper,48,14,Skip
1,whisper,49,3,Over
1,whisper,50,12,Over
1,whisper,51,14,Skip
1,whisper,52,3,Over
1,whisper,53,12,Over
1,whisper,54,14,Skip
1,whisper,55,3,Over
1,whisper,56,12,Over
1,whisper,57,14,Skip
1,whisper,58,3,Over
1,whisper,59,12,Over
1,talk,30,8,Skip
1,talk,31,5,ESTIMATE Agent[12] WEREWOLF
1,talk,32,11,VOTE Agent[12]
1,talk,33,15,ESTIMATE Agent[12] WEREWOLF
1,talk,34,4,VOTE Agent[06]
1,talk,35,3,Skip
1,talk,36,7,VOTE Agent[14]
1,talk,37,6,ESTIMATE Agent[12] WEREWOLF
1,talk,38,13,Over
1,talk,39,2,ESTIMATE Agent[01] VILLAGER
1,talk,40,12,Over
1,talk,41,10,Skip
1,talk,42,1,VOTE Agent[12]
1,talk,43,9,Over
1,talk,44,14,Over
1,whisper,60,12,Over
1,whisper,61,3,Over
1,whisper,62,14,Skip
1,whisper,63,3,Over
1,whisper,64,14,Skip
1,whisper,65,12,Over
1,whisper,66,14,Skip
1,whisper,67,3,Over
1,whisper,68,12,Over
1,whisper,69,14,Skip
1,whisper,70,3,Over
1,whisper,71,12,Over
1,whisper,72,14,Skip
1,whisper,73,3,Over
1,whisper,74,12,Over
1,whisper,75,14,Skip
1,whisper,76,3,Over
1,whisper,77,12,Over
1,whisper,78,14,Skip
1,whisper,79,3,Over
1,whisper,80,12,Over
1,whisper,81,14,Skip
1,whisper,82,3,Over
1,whisper,83,12,Over
1,whisper,84,14,Skip
1,whisper,85,3,Over
1,whisper,86,12,Over
1,whisper,87,14,Skip
1,whisper,88,3,Over
1,whisper,89,12,Over
1,talk,45,11,Over
1,talk,46,6,VOTE Agent[12]
1,talk,47,10,VOTE Agent[02]
1,talk,48,4,ESTIMATE Agent[06] SEER
1,talk,49,7,Over
1,talk,50,13,Over
1,talk,51,12,Over
1,talk,52,8,VOTE Agent[09]
1,talk,53,3,Skip
1,talk,54,5,ESTIMATE Agent[12] WEREWOLF
1,talk,55,2,ESTIMATE Agent[07] VILLAGER
1,talk,56,1,Over
1,talk,57,15,ESTIMATE Agent[14] WEREWOLF
1,talk,58,9,Over
1,talk,59,14,Over
1,whisper,90,12,Over
1,whisper,91,14,Skip
1,whisper,92,3,Over
1,whisper,93,14,Skip
1,whisper,94,12,Over
1,whisper,95,3,Over
1,whisper,96,14,Skip
1,whisper,97,3,Over
1,whisper,98,12,Over
1,whisper,99,14,Skip
1,whisper,100,3,Over
1,whisper,101,12,Over
1,whisper,102,14,Skip
1,whisper,103,3,Over
1,whisper,104,12,Over
1,whisper,105,14,Skip
1,whisper,106,3,Over
1,whisper,107,12,Over
1,whisper,108,14,Skip
1,whisper,109,3,Over
1,whisper,110,12,Over
1,whisper,111,14,Skip
1,whisper,112,3,Over
1,whisper,113,12,Over
1,whisper,114,14,Skip
1,whisper,115,3,Over
1,whisper,116,12,Over
1,whisper,117,14,Skip
1,whisper,118,3,Over
1,whisper,119,12,Over
1,talk,60,15,VOTE Agent[12]
1,talk,61,3,Skip
1,talk,62,11,Over
1,talk,63,13,Over
1,talk,64,1,Over
1,talk,65,4,VOTE Agent[01]
1,talk,66,10,Over
1,talk,67,7,Over
1,talk,68,12,Over
1,talk,69,6,Over
1,talk,70,5,ESTIMATE Agent[12] WEREWOLF
1,talk,71,2,ESTIMATE Agent[08] VILLAGER
1,talk,72,8,VOTE Agent[14]
1,talk,73,9,Over
1,talk,74,14,Over
1,whisper,120,14,Skip
1,whisper,121,12,Over
1,whisper,122,3,Over
1,whisper,123,14,Skip
1,whisper,124,3,Over
1,whisper,125,12,Over
1,whisper,126,14,Skip
1,whisper,127,3,Over
1,whisper,128,12,Over
1,whisper,129,14,Skip
1,whisper,130,3,Over
1,whisper,131,12,Over
1,whisper,132,14,Skip
1,whisper,133,3,Over
1,whisper,134,12,Over
1,whisper,135,14,Skip
1,whisper,136,3,Over
1,whisper,137,12,Over
1,whisper,138,14,Skip
1,whisper,139,3,Over
1,whisper,140,12,Over
1,whisper,141,14,Skip
1,whisper,142,3,Over
1,whisper,143,12,Over
1,whisper,144,14,Skip
1,whisper,145,3,Over
1,whisper,146,12,Over
1,whisper,147,14,Skip
1,whisper,148,3,Over
1,whisper,149,12,Over
1,talk,75,5,ESTIMATE Agent[12] WEREWOLF
1,talk,76,2,ESTIMATE Agent[09] VILLAGER
1,talk,77,4,VOTE Agent[12]
1,talk,78,8,VOTE Agent[03]
1,talk,79,11,Over
1,talk,80,15,ESTIMATE Agent[06] SEER
1,talk,81,7,Over
1,talk,82,10,Over
1,talk,83,1,Over
1,talk,84,3,Skip
1,talk,85,12,Over
1,talk,86,6,Over
1,talk,87,13,Over
1,talk,88,9,Over
1,talk,89,14,Over
1,whisper,150,3,Over
1,whisper,151,12,Over
1,whisper,152,14,Skip
1,whisper,153,12,Over
1,whisper,154,3,Over
1,whisper,155,14,Skip
1,whisper,156,12,Over
1,whisper,157,3,Over
1,whisper,158,14,Skip
1,whisper,159,12,Over
1,whisper,160,14,Skip
1,whisper,161,3,Over
1,whisper,162,12,Over
1,whisper,163,14,Skip
1,whisper,164,3,Over
1,whisper,165,14,Skip
1,whisper,166,12,Over
1,whisper,167,3,Over
1,whisper,168,14,Skip
1,whisper,169,3,Over
1,whisper,170,12,Over
1,whisper,171,14,Skip
1,whisper,172,3,Over
1,whisper,173,12,Over
1,whisper,174,14,Skip
1,whisper,175,3,Over
1,whisper,176,12,Over
1,whisper,177,14,Skip
1,whisper,178,3,Over
1,whisper,179,12,Over
1,talk,90,8,VOTE Agent[13]
1,talk,91,7,Over
1,talk,92,15,Over
1,talk,93,1,Over
1,talk,94,2,Skip
1,talk,95,11,Over
1,talk,96,3,Skip
1,talk,97,10,Over
1,talk,98,5,ESTIMATE Agent[12] WEREWOLF
1,talk,99,4,VOTE Agent[09]
1,talk,100,6,Over
1,talk,101,9,Over
1,talk,102,12,Over
1,talk,103,13,Over
1,talk,104,14,Over
1,whisper,180,12,Over
1,whisper,181,3,Over
1,whisper,182,14,Skip
1,whisper,183,3,Over
1,whisper,184,14,Skip
1,whisper,185,12,Over
1,whisper,186,14,Skip
1,whisper,187,3,Over
1,whisper,188,12,Over
1,whisper,189,14,Skip
1,whisper,190,3,Over
1,whisper,191,12,Over
1,whisper,192,14,Skip
1,whisper,193,3,Over
1,whisper,194,12,Over
1,whisper,195,14,Skip
1,whisper,196,3,Over
1,whisper,197,12,Over
1,whisper,198,14,Skip
1,whisper,199,3,Over
1,whisper,200,12,Over
1,whisper,201,14,Skip
1,whisper,202,3,Over
1,whisper,203,12,Over
1,whisper,204,14,Skip
1,whisper,205,3,Over
1,whisper,206,12,Over
1,whisper,207,14,Skip
1,whisper,208,3,Over
1,whisper,209,12,Over
1,talk,105,15,Over
1,talk,106,7,Over
1,talk,107,4,VOTE Agent[08]
1,talk,108,2,Skip
1,talk,109,5,ESTIMATE Agent[14] VILLAGER
1,talk,110,1,Over
1,talk,111,8,VOTE Agent[10]
1,talk,112,3,Skip
1,talk,113,10,Over
1,talk,114,11,Over
1,talk,115,6,Over
1,talk,116,9,Over
1,talk,117,12,Over
1,talk,118,13,Over
1,talk,119,14,Over
1,whisper,210,14,Skip
1,whisper,211,3,Over
1,whisper,212,12,Over
1,whisper,213,14,Skip
1,whisper,214,3,Over
1,whisper,215,12,Over
1,whisper,216,14,Skip
1,whisper,217,3,Over
1,whisper,218,12,Over
1,whisper,219,14,Skip
1,whisper,220,3,Over
1,whisper,221,12,Over
1,whisper,222,14,Skip
1,whisper,223,3,Over
1,whisper,224,12,Over
1,whisper,225,14,Skip
1,whisper,226,3,Over
1,whisper,227,12,Over
1,whisper,228,14,Skip
1,whisper,229,3,Over
1,whisper,230,12,Over
1,whisper,231,14,Skip
1,whisper,232,3,Over
1,whisper,233,12,Over
1,whisper,234,14,Skip
1,whisper,235,3,Over
1,whisper,236,12,Over
1,whisper,237,14,Skip
1,whisper,238,3,Over
1,whisper,239,12,Over
1,talk,120,4,VOTE Agent[03]
1,talk,121,5,ESTIMATE Agent[12] WEREWOLF
1,talk,122,8,Over
1,talk,123,15,Over
1,talk,124,3,Skip
1,talk,125,7,Over
1,talk,126,2,Skip
1,talk,127,1,Over
1,talk,128,6,Over
1,talk,129,9,Over
1,talk,130,10,Over
1,talk,131,11,Over
1,talk,132,12,Over
1,talk,133,13,Over
1,talk,134,14,Over
1,whisper,240,3,Over
1,whisper,241,14,Skip
1,whisper,242,12,Over
1,whisper,243,14,Skip
1,whisper,244,3,Over
1,whisper,245,12,Over
1,whisper,246,14,Skip
1,whisper,247,3,Over
1,whisper,248,12,Over
1,whisper,249,14,Skip
1,whisper,250,3,Over
1,whisper,251,12,Over
1,whisper,252,14,Skip
1,whisper,253,3,Over
1,whisper,254,12,Over
1,whisper,255,14,Skip
1,whisper,256,3,Over
1,whisper,257,12,Over
1,whisper,258,14,Skip
1,whisper,259,3,Over
1,whisper,260,12,Over
1,whisper,261,14,Skip
1,whisper,262,3,Over
1,whisper,263,12,Over
1,whisper,264,14,Skip
1,whisper,265,3,Over
1,whisper,266,12,Over
1,whisper,267,14,Skip
1,whisper,268,3,Over
1,whisper,269,12,Over
1,talk,135,3,Skip
1,talk,136,8,VOTE Agent[14]
1,talk,137,7,Over
1,talk,138,4,ESTIMATE Agent[01] VILLAGER
1,talk,139,2,Skip
1,talk,140,15,Over
1,talk,141,5,ESTIMATE Agent[12] WEREWOLF
1,talk,142,1,Over
1,talk,143,6,Over
1,talk,144,9,Over
1,talk,145,10,Over
1,talk,146,11,Over
1,talk,147,12,Over
1,talk,148,13,Over
1,talk,149,14,Over
1,whisper,270,3,Over
1,whisper,271,12,Over
1,whisper,272,14,Skip
1,whisper,273,3,Over
1,whisper,274,14,Skip
1,whisper,275,12,Over
1,whisper,276,3,Over
1,whisper,277,14,Skip
1,whisper,278,12,Over
1,whisper,279,3,Over
1,whisper,280,14,Skip
1,whisper,281,12,Over
1,whisper,282,3,Over
1,whisper,283,14,Skip
1,whisper,284,12,Over
1,whisper,285,3,Over
1,whisper,286,14,Skip
1,whisper,287,12,Over
1,whisper,288,3,Over
1,whisper,289,14,Skip
1,whisper,290,12,Over
1,whisper,291,3,Over
1,whisper,292,14,Skip
1,whisper,293,12,Over
1,whisper,294,14,Skip
1,whisper,295,3,Over
1,whisper,296,12,Over
1,whisper,297,14,Skip
1,whisper,298,3,Over
1,whisper,299,12,Over
1,vote,1,12
1,vote,2,12
1,vote,3,2
1,vote,4,8
1,vote,5,12
1,vote,6,12
1,vote,7,14
1,vote,8,14
1,vote,9,1
1,vote,10,2
1,vote,11,12
1,vote,12,1
1,vote,13,2
1,vote,14,12
1,vote,15,12
1,divine,6,1,HUMAN
1,guard,2,6,SEER
1,attackVote,3,6
1,attackVote,12,1
1,attackVote,14,2
1,execute,12,WEREWOLF
1,attack,2,true
2,status,1,VILLAGER,ALIVE,cash
2,status,2,BODYGUARD,DEAD,kSugar
2,status,3,WEREWOLF,ALIVE,haretaro
2,status,4,VILLAGER,ALIVE,Kanolab
2,status,5,VILLAGER,ALIVE,wasabi
2,status,6,SEER,ALIVE,TOT
2,status,7,MEDIUM,ALIVE,nakamura
2,status,8,VILLAGER,ALIVE,iace10442
2,status,9,VILLAGER,ALIVE,tkAI
2,status,10,VILLAGER,ALIVE,NLwolf
2,status,11,VILLAGER,ALIVE,carlo
2,status,12,WEREWOLF,DEAD,twn480
2,status,13,POSSESSED,ALIVE,KajiGod
2,status,14,WEREWOLF,ALIVE,howls
2,status,15,VILLAGER,ALIVE,Udon
2,talk,0,5,ESTIMATE Agent[03] WEREWOLF
2,talk,1,11,VOTE Agent[01]
2,talk,2,10,Skip
2,talk,3,14,Over
2,talk,4,9,Over
2,talk,5,13,COMINGOUT Agent[13] MEDIUM
2,talk,6,8,Skip
2,talk,7,3,VOTE Agent[14]
2,talk,8,15,VOTE Agent[03]
2,talk,9,1,VOTE Agent[09]
2,talk,10,4,VOTE Agent[13]
2,talk,11,6,DIVINED Agent[01] HUMAN
2,talk,12,7,ESTIMATE Agent[13] POSSESSED
2,whisper,0,14,Skip
2,whisper,1,3,Over
2,whisper,2,14,Skip
2,whisper,3,3,Over
2,whisper,4,14,Skip
2,whisper,5,3,Over
2,whisper,6,14,Skip
2,whisper,7,3,Over
2,whisper,8,14,Skip
2,whisper,9,3,Over
2,whisper,10,14,Skip
2,whisper,11,3,Over
2,whisper,12,14,Skip
2,whisper,13,3,Over
2,whisper,14,14,Skip
2,whisper,15,3,Over
2,whisper,16,14,Skip
2,whisper,17,3,Over
2,whisper,18,14,Skip
2,whisper,19,3,Over
2,talk,13,6,VOTE Agent[10]
2,talk,14,7,COMINGOUT Agent[07] MEDIUM
2,talk,15,15,ESTIMATE Agent[03] WEREWOLF
2,talk,16,11,VOTE Agent[03]
2,talk,17,10,Skip
2,talk,18,5,ESTIMATE Agent[07] WEREWOLF
2,talk,19,1,Skip
2,talk,20,3,Skip
2,talk,21,8,ESTIMATE Agent[01] VILLAGER
2,talk,22,14,Over
2,talk,23,13,DIVINED Agent[12] WEREWOLF
2,talk,24,4,VOTE Agent[10]
2,talk,25,9,Over
2,whisper,20,3,Over
2,whisper,21,14,Skip
2,whisper,22,3,Over
2,whisper,23,14,Skip
2,whisper,24,3,Over
2,whisper,25,14,Skip
2,whisper,26,3,Over
2,whisper,27,14,Skip
2,whisper,28,3,Over
2,whisper,29,14,Skip
2,whisper,30,14,Skip
2,whisper,31,3,Over
2,whisper,32,14,Skip
2,whisper,33,3,Over
2,whisper,34,14,Skip
2,whisper,35,3,Over
2,whisper,36,14,Skip
2,whisper,37,3,Over
2,whisper,38,14,Skip
2,whisper,39,3,Over
2,talk,26,5,ESTIMATE Agent[13] WEREWOLF
2,talk,27,7,ESTIMATE Agent[07] MEDIUM
2,talk,28,8,Skip
2,talk,29,15,ESTIMATE Agent[07] WEREWOLF
2,talk,30,6,Over
2,talk,31,3,Skip
2,talk,32,4,VOTE Agent[11]
2,talk,33,10,Skip
2,talk,34,11,Over
2,talk,35,1,Skip
2,talk,36,13,VOTE Agent[07]
2,talk,37,14,Over
2,talk,38,9,Over
2,whisper,40,14,Skip
2,whisper,41,3,Over
2,whisper,42,14,Skip
2,whisper,43,3,Over
2,whisper,44,14,Skip
2,whisper,45,3,Over
2,whisper,46,14,Skip
2,whisper,47,3,Over
2,whisper,48,14,Skip
2,whisper,49,3,Over
2,whisper,50,14,Skip
2,whisper,51,3,Over
2,whisper,52,14,Skip
2,whisper,53,3,Over
2,whisper,54,14,Skip
2,whisper,55,3,Over
2,whisper,56,14,Skip
2,whisper,57,3,Over
2,whisper,58,14,Skip
2,whisper,59,3,Over
2,talk,39,10,VOTE Agent[07]
2,talk,40,1,VOTE Agent[09]
2,talk,41,6,Over
2,talk,42,3,Skip
2,talk,43,11,Over
2,talk,44,5,ESTIMATE Agent[03] VILLAGER
2,talk,45,13,Over
2,talk,46,8,VOTE Agent[03]
2,talk,47,7,INQUESTED Agent[12] WEREWOLF
2,talk,48,4,VOTE Agent[04]
2,talk,49,15,ESTIMATE Agent[12] WEREWOLF
2,talk,50,9,Over
2,talk,51,14,Over
2,whisper,60,14,Skip
2,whisper,61,3,Over
2,whisper,62,14,Skip
2,whisper,63,3,Over
2,whisper,64,14,Skip
2,whisper,65,3,Over
2,whisper,66,14,Skip
2,whisper,67,3,Over
2,whisper,68,14,Skip
2,whisper,69,3,Over
2,whisper,70,14,Skip
2,whisper,71,3,Over
2,whisper,72,14,Skip
2,whisper,73,3,Over
2,whisper,74,14,Skip
2,whisper,75,3,Over
2,whisper,76,14,Skip
2,whisper,77,3,Over
2,whisper,78,14,Skip
2,whisper,79,3,Over
2,talk,52,11,Over
2,talk,53,10,Over
2,talk,54,6,ESTIMATE Agent[07] MEDIUM
2,talk,55,4,VOTE Agent[03]
2,talk,56,7,ESTIMATE Agent[08] WEREWOLF
2,talk,57,5,ESTIMATE Agent[07] WEREWOLF
2,talk,58,8,VOTE Agent[13]
2,talk,59,15,VOTE Agent[13]
2,talk,60,1,VOTE Agent[09]
2,talk,61,3,Skip
2,talk,62,13,Over
2,talk,63,9,Over
2,talk,64,14,Over
2,whisper,80,14,Skip
2,whisper,81,3,Over
2,whisper,82,14,Skip
2,whisper,83,3,Over
2,whisper,84,14,Skip
2,whisper,85,3,Over
2,whisper,86,14,Skip
2,whisper,87,3,Over
2,whisper,88,14,Skip
2,whisper,89,3,Over
2,whisper,90,14,Skip
2,whisper,91,3,Over
2,whisper,92,14,Skip
2,whisper,93,3,Over
2,whisper,94,14,Skip
2,whisper,95,3,Over
2,whisper,96,14,Skip
2,whisper,97,3,Over
2,whisper,98,14,Skip
2,whisper,99,3,Over
2,talk,65,3,Skip
2,talk,66,1,Over
2,talk,67,7,VOTE Agent[08]
2,talk,68,11,Over
2,talk,69,8,VOTE Agent[14]
2,talk,70,15,ESTIMATE Agent[06] SEER
2,talk,71,5,ESTIMATE Agent[06] SEER
2,talk,72,6,Over
2,talk,73,10,Over
2,talk,74,4,ESTIMATE Agent[06] SEER
2,talk,75,9,Over
2,talk,76,13,Over
2,talk,77,14,Over
2,whisper,100,3,Over
2,whisper,101,14,Skip
2,whisper,102,14,Skip
2,whisper,103,3,Over
2,whisper,104,14,Skip
2,whisper,105,3,Over
2,whisper,106,14,Skip
2,whisper,107,3,Over
2,whisper,108,14,Skip
2,whisper,109,3,Over
2,whisper,110,14,Skip
2,whisper,111,3,Over
2,whisper,112,14,Skip
2,whisper,113,3,Over
2,whisper,114,14,Skip
2,whisper,115,3,Over
2,whisper,116,14,Skip
2,whisper,117,3,Over
2,whisper,118,14,Skip
2,whisper,119,3,Over
2,talk,78,15,Over
2,talk,79,4,VOTE Agent[08]
2,talk,80,3,Skip
2,talk,81,1,Over
2,talk,82,8,VOTE Agent[13]
2,talk,83,10,Over
2,talk,84,11,Over
2,talk,85,6,Over
2,talk,86,5,ESTIMATE Agent[08] VILLAGER
2,talk,87,7,Over
2,talk,88,9,Over
2,talk,89,13,Over
2,talk,90,14,Over
2,whisper,120,14,Skip
2,whisper,121,3,Over
2,whisper,122,14,Skip
2,whisper,123,3,Over
2,whisper,124,14,Skip
2,whisper,125,3,Over
2,whisper,126,14,Skip
2,whisper,127,3,Over
2,whisper,128,14,Skip
2,whisper,129,3,Over
2,whisper,130,14,Skip
2,whisper,131,3,Over
2,whisper,132,14,Skip
2,whisper,133,3,Over
2,whisper,134,14,Skip
2,whisper,135,3,Over
2,whisper,136,14,Skip
2,whisper,137,3,Over
2,whisper,138,14,Skip
2,whisper,139,3,Over
2,talk,91,5,Skip
2,talk,92,3,Skip
2,talk,93,10,Over
2,talk,94,11,Over
2,talk,95,8,VOTE Agent[10]
2,talk,96,4,VOTE Agent[01]
2,talk,97,6,Over
2,talk,98,1,Over
2,talk,99,15,Over
2,talk,100,7,Over
2,talk,101,9,Over
2,talk,102,13,Over
2,talk,103,14,Over
2,whisper,140,3,Over
2,whisper,141,14,Skip
2,whisper,142,3,Over
2,whisper,143,14,Skip
2,whisper,144,3,Over
2,whisper,145,14,Skip
2,whisper,146,14,Skip
2,whisper,147,3,Over
2,whisper,148,14,Skip
2,whisper,149,3,Over
2,whisper,150,14,Skip
2,whisper,151,3,Over
2,whisper,152,14,Skip
2,whisper,153,3,Over
2,whisper,154,14,Skip
2,whisper,155,3,Over
2,whisper,156,14,Skip
2,whisper,157,3,Over
2,whisper,158,14,Skip
2,whisper,159,3,Over
2,talk,104,3,Skip
2,talk,105,8,VOTE Agent[03]
2,talk,106,4,VOTE Agent[09]
2,talk,107,10,Over
2,talk,108,11,Over
2,talk,109,5,ESTIMATE Agent[15] VILLAGER
2,talk,110,1,Over
2,talk,111,6,Over
2,talk,112,7,Over
2,talk,113,9,Over
2,talk,114,13,Over
2,talk,115,14,Over
2,talk,116,15,Over
2,whisper,160,3,Over
2,whisper,161,14,Skip
2,whisper,162,14,Skip
2,whisper,163,3,Over
2,whisper,164,14,Skip
2,whisper,165,3,Over
2,whisper,166,14,Skip
2,whisper,167,3,Over
2,whisper,168,14,Skip
2,whisper,169,3,Over
2,whisper,170,14,Skip
2,whisper,171,3,Over
2,whisper,172,14,Skip
2,whisper,173,3,Over
2,whisper,174,14,Skip
2,whisper,175,3,Over
2,whisper,176,14,Skip
2,whisper,177,3,Over
2,whisper,178,14,Skip
2,whisper,179,3,Over
2,talk,117,8,VOTE Agent[14]
2,talk,118,10,Over
2,talk,119,5,ESTIMATE Agent[13] WEREWOLF
2,talk,120,4,VOTE Agent[14]
2,talk,121,3,Skip
2,talk,122,11,Over
2,talk,123,1,Over
2,talk,124,6,Over
2,talk,125,7,Over
2,talk,126,9,Over
2,talk,127,13,Over
2,talk,128,14,Over
2,talk,129,15,Over
2,whisper,180,14,Skip
2,whisper,181,3,Over
2,whisper,182,14,Skip
2,whisper,183,3,Over
2,whisper,184,14,Skip
2,whisper,185,3,Over
2,whisper,186,14,Skip
2,whisper,187,3,Over
2,whisper,188,14,Skip
2,whisper,189,3,Over
2,whisper,190,14,Skip
2,whisper,191,3,Over
2,whisper,192,14,Skip
2,whisper,193,3,Over
2,whisper,194,14,Skip
2,whisper,195,3,Over
2,whisper,196,14,Skip
2,whisper,197,3,Over
2,whisper,198,14,Skip
2,whisper,199,3,Over
2,vote,1,9
2,vote,3,6
2,vote,4,8
2,vote,5,7
2,vote,6,10
2,vote,7,8
2,vote,8,14
2,vote,9,3
2,vote,10,7
2,vote,11,3
2,vote,13,7
2,vote,14,5
2,vote,15,13
2,divine,6,14,WEREWOLF
2,attackVote,3,6
2,execute,7,MEDIUM
2,attack,6,true
3,status,1,VILLAGER,ALIVE,cash
3,status,2,BODYGUARD,DEAD,kSugar
3,status,3,WEREWOLF,ALIVE,haretaro
3,status,4,VILLAGER,ALIVE,Kanolab
3,status,5,VILLAGER,ALIVE,wasabi
3,status,6,SEER,DEAD,TOT
3,status,7,MEDIUM,DEAD,nakamura
3,status,8,VILLAGER,ALIVE,iace10442
3,status,9,VILLAGER,ALIVE,tkAI
3,status,10,VILLAGER,ALIVE,NLwolf
3,status,11,VILLAGER,ALIVE,carlo
3,status,12,WEREWOLF,DEAD,twn480
3,status,13,POSSESSED,ALIVE,KajiGod
3,status,14,WEREWOLF,ALIVE,howls
3,status,15,VILLAGER,ALIVE,Udon
3,talk,0,1,VOTE Agent[10]
3,talk,1,4,VOTE Agent[09]
3,talk,2,8,Skip
3,talk,3,13,DIVINED Agent[07] WEREWOLF
3,talk,4,5,ESTIMATE Agent[15] WEREWOLF
3,talk,5,3,Skip
3,talk,6,11,VOTE Agent[01]
3,talk,7,9,Over
3,talk,8,15,VOTE Agent[13]
3,talk,9,14,Over
3,talk,10,10,Skip
3,whisper,0,3,Over
3,whisper,1,14,Skip
3,whisper,2,14,Skip
3,whisper,3,3,Over
3,whisper,4,14,Skip
3,whisper,5,3,Over
3,whisper,6,14,Skip
3,whisper,7,3,Over
3,whisper,8,14,Skip
3,whisper,9,3,Over
3,whisper,10,14,Skip
3,whisper,11,3,Over
3,whisper,12,14,Skip
3,whisper,13,3,Over
3,whisper,14,14,Skip
3,whisper,15,3,Over
3,whisper,16,14,Skip
3,whisper,17,3,Over
3,whisper,18,14,Skip
3,whisper,19,3,Over
3,talk,11,14,Over
3,talk,12,5,ESTIMATE Agent[13] WEREWOLF
3,talk,13,3,Skip
3,talk,14,13,VOTE Agent[08]
3,talk,15,8,Skip
3,talk,16,15,ESTIMATE Agent[03] WEREWOLF
3,talk,17,11,Over
3,talk,18,10,Skip
3,talk,19,1,VOTE Agent[10]
3,talk,20,4,VOTE Agent[05]
3,talk,21,9,Over
3,whisper,20,14,Skip
3,whisper,21,3,Over
3,whisper,22,14,Skip
3,whisper,23,3,Over
3,whisper,24,14,Skip
3,whisper,25,3,Over
3,whisper,26,14,Skip
3,whisper,27,3,Over
3,whisper,28,14,Skip
3,whisper,29,3,Over
3,whisper,30,14,Skip
3,whisper,31,3,Over
3,whisper,32,14,Skip
3,whisper,33,3,Over
3,whisper,34,14,Skip
3,whisper,35,3,Over
3,whisper,36,14,Skip
3,whisper,37,3,Over
3,whisper,38,14,Skip
3,whisper,39,3,Over
3,talk,22,3,Skip
3,talk,23,13,Over
3,talk,24,5,ESTIMATE Agent[01] VILLAGER
3,talk,25,14,Over
3,talk,26,1,Over
3,talk,27,4,VOTE Agent[11]
3,talk,28,10,Skip
3,talk,29,11,Over
3,talk,30,8,ESTIMATE Agent[13] MEDIUM
3,talk,31,15,ESTIMATE Agent[07] WEREWOLF
3,talk,32,9,Over
3,whisper,40,14,Skip
3,whisper,41,3,Over
3,whisper,42,14,Skip
3,whisper,43,3,Over
3,whisper,44,14,Skip
3,whisper,45,3,Over
3,whisper,46,14,Skip
3,whisper,47,3,Over
3,whisper,48,14,Skip
3,whisper,49,3,Over
3,whisper,50,14,Skip
3,whisper,51,3,Over
3,whisper,52,14,Skip
3,whisper,53,3,Over
3,whisper,54,14,Skip
3,whisper,55,3,Over
3,whisper,56,14,Skip
3,whisper,57,3,Over
3,whisper,58,14,Skip
3,whisper,59,3,Over
3,talk,33,10,VOTE Agent[15]
3,talk,34,8,VOTE Agent[04]
3,talk,35,4,VOTE Agent[10]
3,talk,36,11,Over
3,talk,37,14,Over
3,talk,38,15,ESTIMATE Agent[12] WEREWOLF
3,talk,39,1,Over
3,talk,40,5,Skip
3,talk,41,13,Over
3,talk,42,3,Skip
3,talk,43,9,Over
3,whisper,60,3,Over
3,whisper,61,14,Skip
3,whisper,62,14,Skip
3,whisper,63,3,Over
3,whisper,64,14,Skip
3,whisper,65,3,Over
3,whisper,66,14,Skip
3,whisper,67,3,Over
3,whisper,68,14,Skip
3,whisper,69,3,Over
3,whisper,70,14,Skip
3,whisper,71,3,Over
3,whisper,72,14,Skip
3,whisper,73,3,Over
3,whisper,74,14,Skip
3,whisper,75,3,Over
3,whisper,76,14,Skip
3,whisper,77,3,Over
3,whisper,78,14,Skip
3,whisper,79,3,Over
3,talk,44,3,Skip
3,talk,45,5,ESTIMATE Agent[01] VILLAGER
3,talk,46,4,VOTE Agent[01]
3,talk,47,10,Over
3,talk,48,11,Over
3,talk,49,8,VOTE Agent[10]
3,talk,50,15,Over
3,talk,51,1,Over
3,talk,52,13,Over
3,talk,53,14,Over
3,talk,54,9,Over
3,whisper,80,3,Over
3,whisper,81,14,Skip
3,whisper,82,14,Skip
3,whisper,83,3,Over
3,whisper,84,14,Skip
3,whisper,85,3,Over
3,whisper,86,14,Skip
3,whisper,87,3,Over
3,whisper,88,14,Skip
3,whisper,89,3,Over
3,whisper,90,14,Skip
3,whisper,91,3,Over
3,whisper,92,14,Skip
3,whisper,93,3,Over
3,whisper,94,14,Skip
3,whisper,95,3,Over
3,whisper,96,14,Skip
3,whisper,97,3,Over
3,whisper,98,14,Skip
3,whisper,99,3,Over
3,talk,55,11,Over
3,talk,56,10,Over
3,talk,57,5,ESTIMATE Agent[01] VILLAGER
3,talk,58,3,Skip
3,talk,59,4,VOTE Agent[14]
3,talk,60,8,VOTE Agent[11]
3,talk,61,1,Over
3,talk,62,9,Over
3,talk,63,13,Over
3,talk,64,14,Over
3,talk,65,15,Over
3,whisper,100,3,Over
3,whisper,101,14,Skip
3,whisper,102,14,Skip
3,whisper,103,3,Over
3,whisper,104,14,Skip
3,whisper,105,3,Over
3,whisper,106,14,Skip
3,whisper,107,3,Over
3,whisper,108,14,Skip
3,whisper,109,3,Over
3,whisper,110,14,Skip
3,whisper,111,3,Over
3,whisper,112,14,Skip
3,whisper,113,3,Over
3,whisper,114,14,Skip
3,whisper,115,3,Over
3,whisper,116,14,Skip
3,whisper,117,3,Over
3,whisper,118,14,Skip
3,whisper,119,3,Over
3,talk,66,4,VOTE Agent[15]
3,talk,67,5,ESTIMATE Agent[15] WEREWOLF
3,talk,68,8,VOTE Agent[04]
3,talk,69,11,Over
3,talk,70,10,Over
3,talk,71,3,Skip
3,talk,72,1,Over
3,talk,73,9,Over
3,talk,74,13,Over
3,talk,75,14,Over
3,talk,76,15,Over
3,whisper,120,14,Skip
3,whisper,121,3,Over
3,whisper,122,14,Skip
3,whisper,123,3,Over
3,whisper,124,14,Skip
3,whisper,125,3,Over
3,whisper,126,14,Skip
3,whisper,127,3,Over
3,whisper,128,14,Skip
3,whisper,129,3,Over
3,whisper,130,14,Skip
3,whisper,131,3,Over
3,whisper,132,14,Skip
3,whisper,133,3,Over
3,whisper,134,14,Skip
3,whisper,135,3,Over
3,whisper,136,14,Skip
3,whisper,137,3,Over
3,whisper,138,14,Skip
3,whisper,139,3,Over
3,talk,77,5,ESTIMATE Agent[13] WEREWOLF
3,talk,78,10,Over
3,talk,79,11,Over
3,talk,80,3,Skip
3,talk,81,4,ESTIMATE Agent[06] SEER
3,talk,82,8,VOTE Agent[10]
3,talk,83,1,Over
3,talk,84,9,Over
3,talk,85,13,Over
3,talk,86,14,Over
3,talk,87,15,Over
3,whisper,140,3,Over
3,whisper,141,14,Skip
3,whisper,142,3,Over
3,whisper,143,14,Skip
3,whisper,144,3,Over
3,whisper,145,14,Skip
3,whisper,146,14,Skip
3,whisper,147,3,Over
3,whisper,148,14,Skip
3,whisper,149,3,Over
3,whisper,150,14,Skip
3,whisper,151,3,Over
3,whisper,152,14,Skip
3,whisper,153,3,Over
3,whisper,154,14,Skip
3,whisper,155,3,Over
3,whisper,156,14,Skip
3,whisper,157,3,Over
3,whisper,158,14,Skip
3,whisper,159,3,Over
3,talk,88,4,VOTE Agent[08]
3,talk,89,11,Over
3,talk,90,5,ESTIMATE Agent[10] VILLAGER
3,talk,91,10,Over
3,talk,92,3,Skip
3,talk,93,8,VOTE Agent[05]
3,talk,94,1,Over
3,talk,95,9,Over
3,talk,96,13,Over
3,talk,97,14,Over
3,talk,98,15,Over
3,whisper,160,14,Skip
3,whisper,161,3,Over
3,whisper,162,14,Skip
3,whisper,163,3,Over
3,whisper,164,14,Skip
3,whisper,165,3,Over
3,whisper,166,14,Skip
3,whisper,167,3,Over
3,whisper,168,14,Skip
3,whisper,169,3,Over
3,whisper,170,14,Skip
3,whisper,171,3,Over
3,whisper,172,14,Skip
3,whisper,173,3,Over
3,whisper,174,14,Skip
3,whisper,175,3,Over
3,whisper,176,14,Skip
3,whisper,177,3,Over
3,whisper,178,14,Skip
3,whisper,179,3,Over
3,talk,99,8,VOTE Agent[15]
3,talk,100,11,Over
3,talk,101,5,Skip
3,talk,102,3,Skip
3,talk,103,4,VOTE Agent[04]
3,talk,104,10,Over
3,talk,105,1,Over
3,talk,106,9,Over
3,talk,107,13,Over
3,talk,108,14,Over
3,talk,109,15,Over
3,whisper,180,3,Over
3,whisper,181,14,Skip
3,whisper,182,3,Over
3,whisper,183,14,Skip
3,whisper,184,14,Skip
3,whisper,185,3,Over
3,whisper,186,14,Skip
3,whisper,187,3,Over
3,whisper,188,14,Skip
3,whisper,189,3,Over
3,whisper,190,14,Skip
3,whisper,191,3,Over
3,whisper,192,14,Skip
3,whisper,193,3,Over
3,whisper,194,14,Skip
3,whisper,195,3,Over
3,whisper,196,14,Skip
3,whisper,197,3,Over
3,whisper,198,14,Skip
3,whisper,199,3,Over
3,vote,1,10
3,vote,3,5
3,vote,4,9
3,vote,5,13
3,vote,8,15
3,vote,9,14
3,vote,10,15
3,vote,11,1
3,vote,13,8
3,vote,14,11
3,vote,15,13
3,attackVote,3,5
3,execute,13,POSSESSED
3,attack,5,true
4,status,1,VILLAGER,ALIVE,cash
4,status,2,BODYGUARD,DEAD,kSugar
4,status,3,WEREWOLF,ALIVE,haretaro
4,status,4,VILLAGER,ALIVE,Kanolab
4,status,5,VILLAGER,DEAD,wasabi
4,status,6,SEER,DEAD,TOT
4,status,7,MEDIUM,DEAD,nakamura
4,status,8,VILLAGER,ALIVE,iace10442
4,status,9,VILLAGER,ALIVE,tkAI
4,status,10,VILLAGER,ALIVE,NLwolf
4,status,11,VILLAGER,ALIVE,carlo
4,status,12,WEREWOLF,DEAD,twn480
4,status,13,POSSESSED,DEAD,KajiGod
4,status,14,WEREWOLF,ALIVE,howls
4,status,15,VILLAGER,ALIVE,Udon
4,talk,0,11,VOTE Agent[01]
4,talk,1,9,Over
4,talk,2,14,Over
4,talk,3,1,VOTE Agent[10]
4,talk,4,15,VOTE Agent[03]
4,talk,5,3,VOTE Agent[14]
4,talk,6,10,Skip
4,talk,7,4,VOTE Agent[11]
4,talk,8,8,ESTIMATE Agent[01] VILLAGER
4,whisper,0,3,Over
4,whisper,1,14,Skip
4,whisper,2,3,Over
4,whisper,3,14,Skip
4,whisper,4,14,Skip
4,whisper,5,3,Over
4,whisper,6,14,Skip
4,whisper,7,3,Over
4,whisper,8,14,Skip
4,whisper,9,3,Over
4,whisper,10,14,Skip
4,whisper,11,3,Over
4,whisper,12,14,Skip
4,whisper,13,3,Over
4,whisper,14,14,Skip
4,whisper,15,3,Over
4,whisper,16,14,Skip
4,whisper,17,3,Over
4,whisper,18,14,Skip
4,whisper,19,3,Over
4,talk,9,3,Skip
4,talk,10,4,VOTE Agent[15]
4,talk,11,11,Over
4,talk,12,14,Over
4,talk,13,8,Skip
4,talk,14,9,Over
4,talk,15,1,Over
4,talk,16,15,ESTIMATE Agent[03] WEREWOLF
4,talk,17,10,Skip
4,whisper,20,14,Skip
4,whisper,21,3,Over
4,whisper,22,14,Skip
4,whisper,23,3,Over
4,whisper,24,14,Skip
4,whisper,25,3,Over
4,whisper,26,14,Skip
4,whisper,27,3,Over
4,whisper,28,14,Skip
4,whisper,29,3,Over
4,whisper,30,14,Skip
4,whisper,31,3,Over
4,whisper,32,14,Skip
4,whisper,33,3,Over
4,whisper,34,14,Skip
4,whisper,35,3,Over
4,whisper,36,14,Skip
4,whisper,37,3,Over
4,whisper,38,14,Skip
4,whisper,39,3,Over
4,talk,18,8,Skip
4,talk,19,11,Over
4,talk,20,4,VOTE Agent[10]
4,talk,21,15,ESTIMATE Agent[07] WEREWOLF
4,talk,22,3,Skip
4,talk,23,9,Over
4,talk,24,1,Over
4,talk,25,10,Skip
4,talk,26,14,Over
4,whisper,40,14,Skip
4,whisper,41,3,Over
4,whisper,42,14,Skip
4,whisper,43,3,Over
4,whisper,44,14,Skip
4,whisper,45,3,Over
4,whisper,46,14,Skip
4,whisper,47,3,Over
4,whisper,48,14,Skip
4,whisper,49,3,Over
4,whisper,50,14,Skip
4,whisper,51,3,Over
4,whisper,52,14,Skip
4,whisper,53,3,Over
4,whisper,54,14,Skip
4,whisper,55,3,Over
4,whisper,56,14,Skip
4,whisper,57,3,Over
4,whisper,58,14,Skip
4,whisper,59,3,Over
4,talk,27,10,VOTE Agent[03]
4,talk,28,4,VOTE Agent[08]
4,talk,29,11,Over
4,talk,30,8,VOTE Agent[15]
4,talk,31,1,Over
4,talk,32,15,ESTIMATE Agent[12] WEREWOLF
4,talk,33,9,Over
4,talk,34,3,Skip
4,talk,35,14,Over
4,whisper,60,14,Skip
4,whisper,61,3,Over
4,whisper,62,14,Skip
4,whisper,63,3,Over
4,whisper,64,14,Skip
4,whisper,65,3,Over
4,whisper,66,14,Skip
4,whisper,67,3,Over
4,whisper,68,14,Skip
4,whisper,69,3,Over
4,whisper,70,14,Skip
4,whisper,71,3,Over
4,whisper,72,14,Skip
4,whisper,73,3,Over
4,whisper,74,14,Skip
4,whisper,75,3,Over
4,whisper,76,14,Skip
4,whisper,77,3,Over
4,whisper,78,14,Skip
4,whisper,79,3,Over
4,talk,36,9,Over
4,talk,37,4,ESTIMATE Agent[06] SEER
4,talk,38,10,Over
4,talk,39,15,Over
4,talk,40,8,VOTE Agent[04]
4,talk,41,1,Over
4,talk,42,3,Skip
4,talk,43,11,Over
4,talk,44,14,Over
4,whisper,80,3,Over
4,whisper,81,14,Skip
4,whisper,82,3,Over
4,whisper,83,14,Skip
4,whisper,84,3,Over
4,whisper,85,14,Skip
4,whisper,86,14,Skip
4,whisper,87,3,Over
4,whisper,88,14,Skip
4,whisper,89,3,Over
4,whisper,90,14,Skip
4,whisper,91,3,Over
4,whisper,92,14,Skip
4,whisper,93,3,Over
4,whisper,94,14,Skip
4,whisper,95,3,Over
4,whisper,96,14,Skip
4,whisper,97,3,Over
4,whisper,98,14,Skip
4,whisper,99,3,Over
4,talk,45,10,Over
4,talk,46,9,Over
4,talk,47,4,ESTIMATE Agent[07] MEDIUM
4,talk,48,8,Over
4,talk,49,15,Over
4,talk,50,1,Over
4,talk,51,3,Skip
4,talk,52,11,Over
4,talk,53,14,Over
4,whisper,100,3,Over
4,whisper,101,14,Skip
4,whisper,102,14,Skip
4,whisper,103,3,Over
4,whisper,104,14,Skip
4,whisper,105,3,Over
4,whisper,106,14,Skip
4,whisper,107,3,Over
4,whisper,108,14,Skip
4,whisper,109,3,Over
4,whisper,110,14,Skip
4,whisper,111,3,Over
4,whisper,112,14,Skip
4,whisper,113,3,Over
4,whisper,114,14,Skip
4,whisper,115,3,Over
4,whisper,116,14,Skip
4,whisper,117,3,Over
4,whisper,118,14,Skip
4,whisper,119,3,Over
4,talk,54,8,Over
4,talk,55,1,Over
4,talk,56,10,Over
4,talk,57,15,Over
4,talk,58,4,VOTE Agent[09]
4,talk,59,9,Over
4,talk,60,3,Skip
4,talk,61,11,Over
4,talk,62,14,Over
4,whisper,120,14,Skip
4,whisper,121,3,Over
4,whisper,122,14,Skip
4,whisper,123,3,Over
4,whisper,124,14,Skip
4,whisper,125,3,Over
4,whisper,126,14,Skip
4,whisper,127,3,Over
4,whisper,128,14,Skip
4,whisper,129,3,Over
4,whisper,130,14,Skip
4,whisper,131,3,Over
4,whisper,132,14,Skip
4,whisper,133,3,Over
4,whisper,134,14,Skip
4,whisper,135,3,Over
4,whisper,136,14,Skip
4,whisper,137,3,Over
4,whisper,138,14,Skip
4,whisper,139,3,Over
4,talk,63,3,Skip
4,talk,64,8,VOTE Agent[15]
4,talk,65,4,VOTE Agent[14]
4,talk,66,10,Over
4,talk,67,15,Over
4,talk,68,1,Over
4,talk,69,9,Over
4,talk,70,11,Over
4,talk,71,14,Over
4,whisper,140,14,Skip
4,whisper,141,3,Over
4,whisper,142,14,Skip
4,whisper,143,3,Over
4,whisper,144,14,Skip
4,whisper,145,3,Over
4,whisper,146,14,Skip
4,whisper,147,3,Over
4,whisper,148,14,Skip
4,whisper,149,3,Over
4,whisper,150,14,Skip
4,whisper,151,3,Over
4,whisper,152,14,Skip
4,whisper,153,3,Over
4,whisper,154,14,Skip
4,whisper,155,3,Over
4,whisper,156,14,Skip
4,whisper,157,3,Over
4,whisper,158,14,Skip
4,whisper,159,3,Over
4,talk,72,8,VOTE Agent[04]
4,talk,73,3,Skip
4,talk,74,4,VOTE Agent[04]
4,talk,75,1,Over
4,talk,76,9,Over
4,talk,77,10,Over
4,talk,78,11,Over
4,talk,79,14,Over
4,talk,80,15,Over
4,whisper,160,14,Skip
4,whisper,161,3,Over
4,whisper,162,14,Skip
4,whisper,163,3,Over
4,whisper,164,14,Skip
4,whisper,165,3,Over
4,whisper,166,14,Skip
4,whisper,167,3,Over
4,whisper,168,14,Skip
4,whisper,169,3,Over
4,whisper,170,14,Skip
4,whisper,171,3,Over
4,whisper,172,14,Skip
4,whisper,173,3,Over
4,whisper,174,14,Skip
4,whisper,175,3,Over
4,whisper,176,14,Skip
4,whisper,177,3,Over
4,whisper,178,14,Skip
4,whisper,179,3,Over
4,talk,81,8,VOTE Agent[09]
4,talk,82,3,Skip
4,talk,83,4,VOTE Agent[03]
4,talk,84,1,Over
4,talk,85,9,Over
4,talk,86,10,Over
4,talk,87,11,Over
4,talk,88,14,Over
4,talk,89,15,Over
4,whisper,180,14,Skip
4,whisper,181,3,Over
4,whisper,182,14,Skip
4,whisper,183,3,Over
4,whisper,184,14,Skip
4,whisper,185,3,Over
4,whisper,186,14,Skip
4,whisper,187,3,Over
4,whisper,188,14,Skip
4,whisper,189,3,Over
4,whisper,190,14,Skip
4,whisper,191,3,Over
4,whisper,192,14,Skip
4,whisper,193,3,Over
4,whisper,194,14,Skip
4,whisper,195,3,Over
4,whisper,196,14,Skip
4,whisper,197,3,Over
4,whisper,198,14,Skip
4,whisper,199,3,Over
4,vote,1,10
4,vote,3,10
4,vote,4,9
4,vote,8,9
4,vote,9,4
4,vote,10,3
4,vote,11,1
4,vote,14,11
4,vote,15,3
4,attackVote,3,4
4,execute,3,WEREWOLF
4,attack,9,true
5,status,1,VILLAGER,ALIVE,cash
5,status,2,BODYGUARD,DEAD,kSugar
5,status,3,WEREWOLF,DEAD,haretaro
5,status,4,VILLAGER,ALIVE,Kanolab
5,status,5,VILLAGER,DEAD,wasabi
5,status,6,SEER,DEAD,TOT
5,status,7,MEDIUM,DEAD,nakamura
5,status,8,VILLAGER,ALIVE,iace10442
5,status,9,VILLAGER,DEAD,tkAI
5,status,10,VILLAGER,ALIVE,NLwolf
5,status,11,VILLAGER,ALIVE,carlo
5,status,12,WEREWOLF,DEAD,twn480
5,status,13,POSSESSED,DEAD,KajiGod
5,status,14,WEREWOLF,ALIVE,howls
5,status,15,VILLAGER,ALIVE,Udon
5,talk,0,4,VOTE Agent[14]
5,talk,1,10,Skip
5,talk,2,15,VOTE Agent[04]
5,talk,3,8,COMINGOUT Agent[08] VILLAGER
5,talk,4,1,VOTE Agent[04]
5,talk,5,11,VOTE Agent[01]
5,talk,6,14,Over
5,whisper,0,14,Skip
5,whisper,1,14,Skip
5,whisper,2,14,Skip
5,whisper,3,14,Skip
5,whisper,4,14,Skip
5,whisper,5,14,Skip
5,whisper,6,14,Skip
5,whisper,7,14,Skip
5,whisper,8,14,Skip
5,whisper,9,14,Skip
5,talk,7,11,Over
5,talk,8,4,VOTE Agent[08]
5,talk,9,10,Skip
5,talk,10,15,ESTIMATE Agent[04] WEREWOLF
5,talk,11,8,Skip
5,talk,12,1,Over
5,talk,13,14,Over
5,whisper,10,14,Skip
5,whisper,11,14,Skip
5,whisper,12,14,Skip
5,whisper,13,14,Skip
5,whisper,14,14,Skip
5,whisper,15,14,Skip
5,whisper,16,14,Skip
5,whisper,17,14,Skip
5,whisper,18,14,Skip
5,whisper,19,14,Skip
5,talk,14,10,Skip
5,talk,15,15,ESTIMATE Agent[07] WEREWOLF
5,talk,16,8,Skip
5,talk,17,11,Over
5,talk,18,4,ESTIMATE Agent[06] SEER
5,talk,19,1,Over
5,talk,20,14,Over
5,whisper,20,14,Skip
5,whisper,21,14,Skip
5,whisper,22,14,Skip
5,whisper,23,14,Skip
5,whisper,24,14,Skip
5,whisper,25,14,Skip
5,whisper,26,14,Skip
5,whisper,27,14,Skip
5,whisper,28,14,Skip
5,whisper,29,14,Skip
5,talk,21,10,VOTE Agent[11]
5,talk,22,4,VOTE Agent[15]
5,talk,23,11,Over
5,talk,24,15,ESTIMATE Agent[12] WEREWOLF
5,talk,25,8,ESTIMATE Agent[01] VILLAGER
5,talk,26,1,Over
5,talk,27,14,Over
5,whisper,30,14,Skip
5,whisper,31,14,Skip
5,whisper,32,14,Skip
5,whisper,33,14,Skip
5,whisper,34,14,Skip
5,whisper,35,14,Skip
5,whisper,36,14,Skip
5,whisper,37,14,Skip
5,whisper,38,14,Skip
5,whisper,39,14,Skip
5,talk,28,4,VOTE Agent[01]
5,talk,29,15,Over
5,talk,30,11,Over
5,talk,31,8,VOTE Agent[04]
5,talk,32,10,Over
5,talk,33,1,Over
5,talk,34,14,Over
5,whisper,40,14,Skip
5,whisper,41,14,Skip
5,whisper,42,14,Skip
5,whisper,43,14,Skip
5,whisper,44,14,Skip
5,whisper,45,14,Skip
5,whisper,46,14,Skip
5,whisper,47,14,Skip
5,whisper,48,14,Skip
5,whisper,49,14,Skip
5,talk,35,8,Over
5,talk,36,11,Over
5,talk,37,15,Over
5,talk,38,4,VOTE Agent[04]
5,talk,39,1,Over
5,talk,40,10,Over
5,talk,41,14,Over
5,whisper,50,14,Skip
5,whisper,51,14,Skip
5,whisper,52,14,Skip
5,whisper,53,14,Skip
5,whisper,54,14,Skip
5,whisper,55,14,Skip
5,whisper,56,14,Skip
5,whisper,57,14,Skip
5,whisper,58,14,Skip
5,whisper,59,14,Skip
5,talk,42,11,Over
5,talk,43,8,Over
5,talk,44,15,Over
5,talk,45,4,VOTE Agent[11]
5,talk,46,1,Over
5,talk,47,10,Over
5,talk,48,14,Over
5,whisper,60,14,Skip
5,whisper,61,14,Skip
5,whisper,62,14,Skip
5,whisper,63,14,Skip
5,whisper,64,14,Skip
5,whisper,65,14,Skip
5,whisper,66,14,Skip
5,whisper,67,14,Skip
5,whisper,68,14,Skip
5,whisper,69,14,Skip
5,talk,49,4,ESTIMATE Agent[07] MEDIUM
5,talk,50,11,Over
5,talk,51,8,Over
5,talk,52,15,Over
5,talk,53,1,Over
5,talk,54,10,Over
5,talk,55,14,Over
5,whisper,70,14,Skip
5,whisper,71,14,Skip
5,whisper,72,14,Skip
5,whisper,73,14,Skip
5,whisper,74,14,Skip
5,whisper,75,14,Skip
5,whisper,76,14,Skip
5,whisper,77,14,Skip
5,whisper,78,14,Skip
5,whisper,79,14,Skip
5,talk,56,4,ESTIMATE Agent[10] VILLAGER
5,talk,57,1,Over
5,talk,58,8,Over
5,talk,59,10,Over
5,talk,60,11,Over
5,talk,61,14,Over
5,talk,62,15,Over
5,whisper,80,14,Skip
5,whisper,81,14,Skip
5,whisper,82,14,Skip
5,whisper,83,14,Skip
5,whisper,84,14,Skip
5,whisper,85,14,Skip
5,whisper,86,14,Skip
5,whisper,87,14,Skip
5,whisper,88,14,Skip
5,whisper,89,14,Skip
5,talk,63,4,Over
5,whisper,90,14,Skip
5,whisper,91,14,Skip
5,whisper,92,14,Skip
5,whisper,93,14,Skip
5,whisper,94,14,Skip
5,whisper,95,14,Skip
5,whisper,96,14,Skip
5,whisper,97,14,Skip
5,whisper,98,14,Skip
5,whisper,99,14,Skip
5,vote,1,4
5,vote,4,8
5,vote,8,4
5,vote,10,11
5,vote,11,1
5,vote,14,11
5,vote,15,4
5,execute,4,VILLAGER
5,attack,8,true
6,status,1,VILLAGER,ALIVE,cash
6,status,2,BODYGUARD,DEAD,kSugar
6,status,3,WEREWOLF,DEAD,haretaro
6,status,4,VILLAGER,DEAD,Kanolab
6,status,5,VILLAGER,DEAD,wasabi
6,status,6,SEER,DEAD,TOT
6,status,7,MEDIUM,DEAD,nakamura
6,status,8,VILLAGER,DEAD,iace10442
6,status,9,VILLAGER,DEAD,tkAI
6,status,10,VILLAGER,ALIVE,NLwolf
6,status,11,VILLAGER,ALIVE,carlo
6,status,12,WEREWOLF,DEAD,twn480
6,status,13,POSSESSED,DEAD,KajiGod
6,status,14,WEREWOLF,ALIVE,howls
6,status,15,VILLAGER,ALIVE,Udon
6,talk,0,11,VOTE Agent[01]
6,talk,1,15,VOTE Agent[10]
6,talk,2,14,Over
6,talk,3,1,VOTE Agent[10]
6,talk,4,10,Skip
6,whisper,0,14,Skip
6,whisper,1,14,Skip
6,whisper,2,14,Skip
6,whisper,3,14,Skip
6,whisper,4,14,Skip
6,whisper,5,14,Skip
6,whisper,6,14,Skip
6,whisper,7,14,Skip
6,whisper,8,14,Skip
6,whisper,9,14,Skip
6,talk,5,15,ESTIMATE Agent[04] WEREWOLF
6,talk,6,11,Over
6,talk,7,10,Skip
6,talk,8,14,Over
6,talk,9,1,Over
6,whisper,10,14,Skip
6,whisper,11,14,Skip
6,whisper,12,14,Skip
6,whisper,13,14,Skip
6,whisper,14,14,Skip
6,whisper,15,14,Skip
6,whisper,16,14,Skip
6,whisper,17,14,Skip
6,whisper,18,14,Skip
6,whisper,19,14,Skip
6,talk,10,15,ESTIMATE Agent[10] WEREWOLF
6,talk,11,11,Over
6,talk,12,10,Skip
6,talk,13,1,Over
6,talk,14,14,Over
6,whisper,20,14,Skip
6,whisper,21,14,Skip
6,whisper,22,14,Skip
6,whisper,23,14,Skip
6,whisper,24,14,Skip
6,whisper,25,14,Skip
6,whisper,26,14,Skip
6,whisper,27,14,Skip
6,whisper,28,14,Skip
6,whisper,29,14,Skip
6,talk,15,15,ESTIMATE Agent[12] WEREWOLF
6,talk,16,11,Over
6,talk,17,10,VOTE Agent[01]
6,talk,18,1,Over
6,talk,19,14,Over
6,whisper,30,14,Skip
6,whisper,31,14,Skip
6,whisper,32,14,Skip
6,whisper,33,14,Skip
6,whisper,34,14,Skip
6,whisper,35,14,Skip
6,whisper,36,14,Skip
6,whisper,37,14,Skip
6,whisper,38,14,Skip
6,whisper,39,14,Skip
6,talk,20,10,Over
6,talk,21,11,Over
6,talk,22,15,Over
6,whisper,40,14,Skip
6,whisper,41,14,Skip
6,whisper,42,14,Skip
6,whisper,43,14,Skip
6,whisper,44,14,Skip
6,whisper,45,14,Skip
6,whisper,46,14,Skip
6,whisper,47,14,Skip
6,whisper,48,14,Skip
6,whisper,49,14,Skip
6,vote,1,10
6,vote,10,1
6,vote,11,1
6,vote,14,15
6,vote,15,10
6,execute,1,VILLAGER
6,attack,15,true
7,status,1,VILLAGER,DEAD,cash
7,status,2,BODYGUARD,DEAD,kSugar
7,status,3,WEREWOLF,DEAD,haretaro
7,status,4,VILLAGER,DEAD,Kanolab
7,status,5,VILLAGER,DEAD,wasabi
7,status,6,SEER,DEAD,TOT
7,status,7,MEDIUM,DEAD,nakamura
7,status,8,VILLAGER,DEAD,iace10442
7,status,9,VILLAGER,DEAD,tkAI
7,status,10,VILLAGER,ALIVE,NLwolf
7,status,11,VILLAGER,ALIVE,carlo
7,status,12,WEREWOLF,DEAD,twn480
7,status,13,POSSESSED,DEAD,KajiGod
7,status,14,WEREWOLF,ALIVE,howls
7,status,15,VILLAGER,DEAD,Udon
7,talk,0,14,Over
7,talk,1,10,Skip
7,talk,2,11,VOTE Agent[10]
7,whisper,0,14,Skip
7,whisper,1,14,Skip
7,whisper,2,14,Skip
7,whisper,3,14,Skip
7,whisper,4,14,Skip
7,whisper,5,14,Skip
7,whisper,6,14,Skip
7,whisper,7,14,Skip
7,whisper,8,14,Skip
7,whisper,9,14,Skip
7,talk,3,10,Skip
7,talk,4,14,Over
7,talk,5,11,Over
7,whisper,10,14,Skip
7,whisper,11,14,Skip
7,whisper,12,14,Skip
7,whisper,13,14,Skip
7,whisper,14,14,Skip
7,whisper,15,14,Skip
7,whisper,16,14,Skip
7,whisper,17,14,Skip
7,whisper,18,14,Skip
7,whisper,19,14,Skip
7,talk,6,10,Skip
7,talk,7,11,Over
7,talk,8,14,Over
7,whisper,20,14,Skip
7,whisper,21,14,Skip
7,whisper,22,14,Skip
7,whisper,23,14,Skip
7,whisper,24,14,Skip
7,whisper,25,14,Skip
7,whisper,26,14,Skip
7,whisper,27,14,Skip
7,whisper,28,14,Skip
7,whisper,29,14,Skip
7,talk,9,10,VOTE Agent[11]
7,talk,10,11,Over
7,talk,11,14,Over
7,whisper,30,14,Skip
7,whisper,31,14,Skip
7,whisper,32,14,Skip
7,whisper,33,14,Skip
7,whisper,34,14,Skip
7,whisper,35,14,Skip
7,whisper,36,14,Skip
7,whisper,37,14,Skip
7,whisper,38,14,Skip
7,whisper,39,14,Skip
7,talk,12,10,Over
7,whisper,40,14,Skip
7,whisper,41,14,Skip
7,whisper,42,14,Skip
7,whisper,43,14,Skip
7,whisper,44,14,Skip
7,whisper,45,14,Skip
7,whisper,46,14,Skip
7,whisper,47,14,Skip
7,whisper,48,14,Skip
7,whisper,49,14,Skip
7,vote,10,11
7,vote,11,10
7,vote,14,11
7,execute,11,VILLAGER
7,attack,10,true
8,status,1,VILLAGER,DEAD,cash
8,status,2,BODYGUARD,DEAD,kSugar
8,status,3,WEREWOLF,DEAD,haretaro
8,status,4,VILLAGER,DEAD,Kanolab
8,status,5,VILLAGER,DEAD,wasabi
8,status,6,SEER,DEAD,TOT
8,status,7,MEDIUM,DEAD,nakamura
8,status,8,VILLAGER,DEAD,iace10442
8,status,9,VILLAGER,DEAD,tkAI
8,status,10,VILLAGER,DEAD,NLwolf
8,status,11,VILLAGER,DEAD,carlo
8,status,12,WEREWOLF,DEAD,twn480
8,status,13,POSSESSED,DEAD,KajiGod
8,status,14,WEREWOLF,ALIVE,howls
8,status,15,VILLAGER,DEAD,Udon
8,result,0,1,WEREWOLF
