0,status,1,SEER,ALIVE,cash
0,status,2,VILLAGER,ALIVE,kSugar
0,status,3,MEDIUM,ALIVE,haretaro
0,status,4,WEREWOLF,ALIVE,Kanolab
0,status,5,VILLAGER,ALIVE,wasabi
0,status,6,BODYGUARD,ALIVE,TOT
0,status,7,VILLAGER,ALIVE,nakamura
0,status,8,VILLAGER,ALIVE,iace10442
0,status,9,POSSESSED,ALIVE,tkAI
0,status,10,VILLAGER,ALIVE,NLwolf
0,status,11,VILLAGER,ALIVE,carlo
0,status,12,VILLAGER,ALIVE,twn480
0,status,13,VILLAGER,ALIVE,KajiGod
0,status,14,WEREWOLF,ALIVE,howls
0,status,15,WEREWOLF,ALIVE,Udon
0,talk,0,8,Skip
0,talk,1,3,Over
0,talk,2,5,ESTIMATE Agent[11] WEREWOLF
0,talk,3,7,ESTIMATE Agent[13] WEREWOLF
0,talk,4,4,VOTE Agent[02]
0,talk,5,11,VOTE Agent[01]
0,talk,6,14,Over
0,talk,7,10,Skip
0,talk,8,6,Over
0,talk,9,2,COMINGOUT Agent[02] VILLAGER
0,talk,10,9,VOTE Agent[02]
0,talk,11,1,COMINGOUT Agent[01] SEER
0,talk,12,15,COMINGOUT Agent[15] SEER
0,talk,13,12,Skip
0,talk,14,13,VOTE Agent[02]
0,whisper,0,4,Over
0,whisper,1,15,COMINGOUT Agent[15] SEER
0,whisper,2,14,Skip
0,whisper,3,14,Skip
0,whisper,4,15,ATTACK Agent[01]
0,whisper,5,4,Over
0,whisper,6,14,Skip
0,whisper,7,15,Over
0,whisper,8,4,Over
0,whisper,9,14,Skip
0,whisper,10,4,Over
0,whisper,11,15,Over
0,whisper,12,14,Skip
0,whisper,13,4,Over
0,whisper,14,15,Over
0,whisper,15,14,Skip
0,whisper,16,4,Over
0,whisper,17,15,Over
0,whisper,18,14,Skip
0,whisper,19,4,Over
0,whisper,20,15,Over
0,whisper,21,14,Skip
0,whisper,22,4,Over
0,whisper,23,15,Over
0,whisper,24,14,Skip
0,whisper,25,4,Over
0,whisper,26,15,Over
0,whisper,27,14,Skip
0,whisper,28,4,Over
0,whisper,29,15,Over
0,talk,15,14,Over
0,talk,16,9,Over
0,talk,17,5,ESTIMATE Agent[01] WEREWOLF
0,talk,18,7,VOTE Agent[13]
0,talk,19,2,Skip
0,talk,20,15,VOTE Agent[02]
0,talk,21,13,Over
0,talk,22,12,Skip
0,talk,23,6,Over
0,talk,24,3,Over
0,talk,25,11,VOTE Agent[02]
0,talk,26,1,VOTE Agent[02]
0,talk,27,4,Over
0,talk,28,10,Skip
0,talk,29,8,ESTIMATE Agent[02] VILLAGER
0,whisper,30,15,Over
0,whisper,31,4,Over
0,whisper,32,14,Skip
0,whisper,33,4,Over
0,whisper,34,14,Skip
0,whisper,35,15,Over
0,whisper,36,4,Over
0,whisper,37,14,Skip
0,whisper,38,15,Over
0,whisper,39,14,Skip
0,whisper,40,4,Over
0,whisper,41,15,Over
0,whisper,42,14,Skip
0,whisper,43,4,Over
0,whisper,44,15,Over
0,whisper,45,14,Skip
0,whisper,46,4,Over
0,whisper,47,15,Over
0,whisper,48,14,Skip
0,whisper,49,4,Over
0,whisper,50,15,Over
0,whisper,51,14,Skip
0,whisper,52,4,Over
0,whisper,53,15,Over
0,whisper,54,14,Skip
0,whisper,55,4,Over
0,whisper,56,15,Over
0,whisper,57,14,Skip
0,whisper,58,4,Over
0,whisper,59,15,Over
0,talk,30,11,Over
0,talk,31,15,Over
0,talk,32,6,Over
0,talk,33,13,Over
0,talk,34,14,Over
0,talk,35,7,Over
0,talk,36,9,Over
0,talk,37,4,Over
0,talk,38,5,ESTIMATE Agent[15] WEREWOLF
0,talk,39,1,Over
0,talk,40,2,ESTIMATE Agent[03] VILLAGER
0,talk,41,3,Over
0,talk,42,10,Skip
0,talk,43,8,ESTIMATE Agent[06] WEREWOLF
0,talk,44,12,Skip
0,whisper,60,4,Over
0,whisper,61,15,Over
0,whisper,62,14,Skip
0,whisper,63,15,Over
0,whisper,64,14,Skip
0,whisper,65,4,Over
0,whisper,66,15,Over
0,whisper,67,14,Skip
0,whisper,68,4,Over
0,whisper,69,15,Over
0,whisper,70,14,Skip
0,whisper,71,4,Over
0,whisper,72,14,Skip
0,whisper,73,15,Over
0,whisper,74,4,Over
0,whisper,75,14,Skip
0,whisper,76,4,Over
0,whisper,77,15,Over
0,whisper,78,14,Skip
0,whisper,79,4,Over
0,whisper,80,15,Over
0,whisper,81,14,Skip
0,whisper,82,4,Over
0,whisper,83,15,Over
0,whisper,84,14,Skip
0,whisper,85,4,Over
0,whisper,86,15,Over
0,whisper,87,14,Skip
0,whisper,88,4,Over
0,whisper,89,15,Over
0,talk,45,15,Over
0,talk,46,12,Skip
0,talk,47,7,Over
0,talk,48,3,Over
0,talk,49,8,VOTE Agent[11]
0,talk,50,1,Over
0,talk,51,13,Over
0,talk,52,9,Over
0,talk,53,4,Over
0,talk,54,14,Over
0,talk,55,6,Over
0,talk,56,2,Skip
0,talk,57,10,VOTE Agent[02]
0,talk,58,5,ESTIMATE Agent[14] VILLAGER
0,talk,59,11,Over
0,whisper,90,14,Skip
0,whisper,91,4,Over
0,whisper,92,15,Over
0,whisper,93,14,Skip
0,whisper,94,4,Over
0,whisper,95,15,Over
0,whisper,96,14,Skip
0,whisper,97,4,Over
0,whisper,98,15,Over
0,whisper,99,14,Skip
0,whisper,100,4,Over
0,whisper,101,15,Over
0,whisper,102,14,Skip
0,whisper,103,4,Over
0,whisper,104,15,Over
0,whisper,105,14,Skip
0,whisper,106,4,Over
0,whisper,107,15,Over
0,whisper,108,14,Skip
0,whisper,109,4,Over
0,whisper,110,15,Over
0,whisper,111,14,Skip
0,whisper,112,4,Over
0,whisper,113,15,Over
0,whisper,114,14,Skip
0,whisper,115,4,Over
0,whisper,116,15,Over
0,whisper,117,14,Skip
0,whisper,118,4,Over
0,whisper,119,15,Over
0,talk,60,5,ESTIMATE Agent[01] WEREWOLF
0,talk,61,6,Over
0,talk,62,14,Over
0,talk,63,12,Skip
0,talk,64,9,VOTE Agent[14]
0,talk,65,15,Over
0,talk,66,10,Over
0,talk,67,4,Over
0,talk,68,8,VOTE Agent[05]
0,talk,69,2,ESTIMATE Agent[04] VILLAGER
0,talk,70,3,Over
0,talk,71,13,Over
0,talk,72,7,Over
0,talk,73,1,Over
0,talk,74,11,Over
0,whisper,120,15,Over
0,whisper,121,14,Skip
0,whisper,122,4,Over
0,whisper,123,15,Over
0,whisper,124,14,Skip
0,whisper,125,4,Over
0,whisper,126,14,Skip
0,whisper,127,15,Over
0,whisper,128,4,Over
0,whisper,129,14,Skip
0,whisper,130,4,Over
0,whisper,131,15,Over
0,whisper,132,14,Skip
0,whisper,133,4,Over
0,whisper,134,15,Over
0,whisper,135,14,Skip
0,whisper,136,4,Over
0,whisper,137,15,Over
0,whisper,138,14,Skip
0,whisper,139,4,Over
0,whisper,140,15,Over
0,whisper,141,14,Skip
0,whisper,142,4,Over
0,whisper,143,15,Over
0,whisper,144,14,Skip
0,whisper,145,4,Over
0,whisper,146,15,Over
0,whisper,147,14,Skip
0,whisper,148,4,Over
0,whisper,149,15,Over
0,talk,75,12,Skip
0,talk,76,9,ESTIMATE Agent[15] POSSESSED
0,talk,77,8,Over
0,talk,78,5,ESTIMATE Agent[15] WEREWOLF
0,talk,79,15,Over
0,talk,80,6,Over
0,talk,81,4,Over
0,talk,82,14,Over
0,talk,83,2,Skip
0,talk,84,10,Over
0,talk,85,1,Over
0,talk,86,3,Over
0,talk,87,7,Over
0,talk,88,11,Over
0,talk,89,13,Over
0,whisper,150,15,Over
0,whisper,151,14,Skip
0,whisper,152,4,Over
0,whisper,153,14,Skip
0,whisper,154,15,Over
0,whisper,155,4,Over
0,whisper,156,14,Skip
0,whisper,157,4,Over
0,whisper,158,15,Over
0,whisper,159,14,Skip
0,whisper,160,4,Over
0,whisper,161,15,Over
0,whisper,162,14,Skip
0,whisper,163,4,Over
0,whisper,164,15,Over
0,whisper,165,14,Skip
0,whisper,166,4,Over
0,whisper,167,15,Over
0,whisper,168,14,Skip
0,whisper,169,4,Over
0,whisper,170,15,Over
0,whisper,171,14,Skip
0,whisper,172,4,Over
0,whisper,173,15,Over
0,whisper,174,14,Skip
0,whisper,175,4,Over
0,whisper,176,15,Over
0,whisper,177,14,Skip
0,whisper,178,4,Over
0,whisper,179,15,Over
0,talk,90,12,Skip
0,talk,91,6,Over
0,talk,92,5,ESTIMATE Agent[01] WEREWOLF
0,talk,93,14,Over
0,talk,94,8,VOTE Agent[04]
0,talk,95,2,ESTIMATE Agent[05] VILLAGER
0,talk,96,9,INQUESTED Agent[07] HUMAN
0,talk,97,15,Over
0,talk,98,4,Over
0,talk,99,1,Skip
0,talk,100,3,Over
0,talk,101,7,Over
0,talk,102,10,Over
0,talk,103,11,VOTE Agent[09]
0,talk,104,13,Over
0,whisper,180,4,Over
0,whisper,181,14,Skip
0,whisper,182,15,Over
0,whisper,183,4,Over
0,whisper,184,14,Skip
0,whisper,185,15,Over
0,whisper,186,4,Over
0,whisper,187,14,Skip
0,whisper,188,15,Over
0,whisper,189,4,Over
0,whisper,190,14,Skip
0,whisper,191,15,Over
0,whisper,192,4,Over
0,whisper,193,14,Skip
0,whisper,194,15,Over
0,whisper,195,4,Over
0,whisper,196,14,Skip
0,whisper,197,15,Over
0,whisper,198,4,Over
0,whisper,199,14,Skip
0,whisper,200,15,Over
0,whisper,201,14,Skip
0,whisper,202,4,Over
0,whisper,203,15,Over
0,whisper,204,14,Skip
0,whisper,205,4,Over
0,whisper,206,15,Over
0,whisper,207,14,Skip
0,whisper,208,4,Over
0,whisper,209,15,Over
0,talk,105,8,VOTE Agent[01]
0,talk,106,11,Over
0,talk,107,7,Over
0,talk,108,3,Over
0,talk,109,1,VOTE Agent[02]
0,talk,110,6,Over
0,talk,111,10,Over
0,talk,112,9,GUARDED Agent[15]
0,talk,113,12,Skip
0,talk,114,2,Skip
0,talk,115,4,Over
0,talk,116,15,Over
0,talk,117,14,Over
0,talk,118,5,Skip
0,talk,119,13,Over
0,whisper,210,4,Over
0,whisper,211,14,Skip
0,whisper,212,15,Over
0,whisper,213,14,Skip
0,whisper,214,4,Over
0,whisper,215,15,Over
0,whisper,216,14,Skip
0,whisper,217,4,Over
0,whisper,218,15,Over
0,whisper,219,14,Skip
0,whisper,220,4,Over
0,whisper,221,15,Over
0,whisper,222,14,Skip
0,whisper,223,4,Over
0,whisper,224,15,Over
0,whisper,225,14,Skip
0,whisper,226,4,Over
0,whisper,227,15,Over
0,whisper,228,14,Skip
0,whisper,229,4,Over
0,whisper,230,15,Over
0,whisper,231,14,Skip
0,whisper,232,4,Over
0,whisper,233,15,Over
0,whisper,234,14,Skip
0,whisper,235,4,Over
0,whisper,236,15,Over
0,whisper,237,14,Skip
0,whisper,238,4,Over
0,whisper,239,15,Over
0,talk,120,9,ESTIMATE Agent[02] BODYGUARD
0,talk,121,1,VOTE Agent[10]
0,talk,122,3,Over
0,talk,123,7,Over
0,talk,124,8,Over
0,talk,125,11,Over
0,talk,126,14,Over
0,talk,127,15,Over
0,talk,128,12,Skip
0,talk,129,5,Skip
0,talk,130,10,Over
0,talk,131,4,Over
0,talk,132,6,Over
0,talk,133,2,ESTIMATE Agent[06] VILLAGER
0,talk,134,13,Over
0,whisper,240,15,Over
0,whisper,241,14,Skip
0,whisper,242,4,Over
0,whisper,243,14,Skip
0,whisper,244,15,Over
0,whisper,245,4,Over
0,whisper,246,14,Skip
0,whisper,247,4,Over
0,whisper,248,15,Over
0,whisper,249,14,Skip
0,whisper,250,4,Over
0,whisper,251,15,Over
0,whisper,252,14,Skip
0,whisper,253,4,Over
0,whisper,254,15,Over
0,whisper,255,14,Skip
0,whisper,256,4,Over
0,whisper,257,15,Over
0,whisper,258,14,Skip
0,whisper,259,4,Over
0,whisper,260,15,Over
0,whisper,261,14,Skip
0,whisper,262,4,Over
0,whisper,263,15,Over
0,whisper,264,14,Skip
0,whisper,265,4,Over
0,whisper,266,15,Over
0,whisper,267,14,Skip
0,whisper,268,4,Over
0,whisper,269,15,Over
0,talk,135,3,Over
0,talk,136,10,Over
0,talk,137,5,ESTIMATE Agent[15] WEREWOLF
0,talk,138,9,Over
0,talk,139,12,Skip
0,talk,140,11,Over
0,talk,141,1,Over
0,talk,142,2,Skip
0,talk,143,4,Over
0,talk,144,6,Over
0,talk,145,8,VOTE Agent[07]
0,talk,146,15,Over
0,talk,147,7,Over
0,talk,148,14,Over
0,talk,149,13,Over
0,whisper,270,4,Over
0,whisper,271,14,Skip
0,whisper,272,15,Over
0,whisper,273,4,Over
0,whisper,274,14,Skip
0,whisper,275,15,Over
0,whisper,276,14,Skip
0,whisper,277,4,Over
0,whisper,278,15,Over
0,whisper,279,14,Skip
0,whisper,280,4,Over
0,whisper,281,15,Over
0,whisper,282,14,Skip
0,whisper,283,4,Over
0,whisper,284,15,Over
0,whisper,285,14,Skip
0,whisper,286,4,Over
0,whisper,287,15,Over
0,whisper,288,14,Skip
0,whisper,289,4,Over
0,whisper,290,15,Over
0,whisper,291,14,Skip
0,whisper,292,4,Over
0,whisper,293,15,Over
0,whisper,294,14,Skip
0,whisper,295,4,Over
0,whisper,296,15,Over
0,whisper,297,14,Skip
0,whisper,298,4,Over
0,whisper,299,15,Over
0,divine,1,10,HUMAN
1,status,1,SEER,ALIVE,cash
1,status,2,VILLAGER,ALIVE,kSugar
1,status,3,MEDIUM,ALIVE,haretaro
1,status,4,WEREWOLF,ALIVE,Kanolab
1,status,5,VILLAGER,ALIVE,wasabi
1,status,6,BODYGUARD,ALIVE,TOT
1,status,7,VILLAGER,ALIVE,nakamura
1,status,8,VILLAGER,ALIVE,iace10442
1,status,9,POSSESSED,ALIVE,tkAI
1,status,10,VILLAGER,ALIVE,NLwolf
1,status,11,VILLAGER,ALIVE,carlo
1,status,12,VILLAGER,ALIVE,twn480
1,status,13,VILLAGER,ALIVE,KajiGod
1,status,14,WEREWOLF,ALIVE,howls
1,status,15,WEREWOLF,ALIVE,Udon
1,talk,0,9,Over
1,talk,1,7,ESTIMATE Agent[13] WEREWOLF
1,talk,2,10,Skip
1,talk,3,12,Skip
1,talk,4,14,Over
1,talk,5,8,ESTIMATE Agent[01] SEER
1,talk,6,3,Skip
1,talk,7,15,DIVINED Agent[13] HUMAN
1,talk,8,5,ESTIMATE Agent[01] WEREWOLF
1,talk,9,13,VOTE Agent[02]
1,talk,10,2,VOTE Agent[06]
1,talk,11,1,DIVINED Agent[10] HUMAN
1,talk,12,6,VOTE Agent[03]
1,talk,13,11,VOTE Agent[09]
1,talk,14,4,VOTE Agent[13]
1,whisper,0,14,Skip
1,whisper,1,4,Over
1,whisper,2,15,Over
1,whisper,3,14,Skip
1,whisper,4,4,Over
1,whisper,5,15,Over
1,whisper,6,14,Skip
1,whisper,7,4,Over
1,whisper,8,15,Over
1,whisper,9,14,Skip
1,whisper,10,4,Over
1,whisper,11,15,Over
1,whisper,12,14,Skip
1,whisper,13,4,Over
1,whisper,14,15,Over
1,whisper,15,14,Skip
1,whisper,16,4,Over
1,whisper,17,15,Over
1,whisper,18,14,Skip
1,whisper,19,4,Over
1,whisper,20,15,Over
1,whisper,21,14,Skip
1,whisper,22,4,Over
1,whisper,23,15,Over
1,whisper,24,14,Skip
1,whisper,25,4,Over
1,whisper,26,15,Over
1,whisper,27,14,Skip
1,whisper,28,4,Over
1,whisper,29,15,Over
1,talk,15,6,Over
1,talk,16,5,ESTIMATE Agent[15] WEREWOLF
1,talk,17,15,VOTE Agent[03]
1,talk,18,4,Over
1,talk,19,11,Over
1,talk,20,10,Skip
1,talk,21,13,Over
1,talk,22,3,Skip
1,talk,23,1,VOTE Agent[02]
1,talk,24,7,VOTE Agent[13]
1,talk,25,14,Over
1,talk,26,12,Skip
1,talk,27,2,VOTE Agent[03]
1,talk,28,8,ESTIMATE Agent[10] VILLAGER
1,talk,29,9,Over
1,whisper,30,15,Over
1,whisper,31,14,Skip
1,whisper,32,4,Over
1,whisper,33,14,Skip
1,whisper,34,15,Over
1,whisper,35,4,Over
1,whisper,36,14,Skip
1,whisper,37,4,Over
1,whisper,38,15,Over
1,whisper,39,14,Skip
1,whisper,40,4,Over
1,whisper,41,15,Over
1,whisper,42,14,Skip
1,whisper,43,4,Over
1,whisper,44,15,Over
1,whisper,45,14,Skip
1,whisper,46,4,Over
1,whisper,47,15,Over
1,whisper,48,14,Skip
1,whisper,49,4,Over
1,whisper,50,15,Over
1,whisper,51,14,Skip
1,whisper,52,4,Over
1,whisper,53,15,Over
1,whisper,54,14,Skip
1,whisper,55,4,Over
1,whisper,56,15,Over
1,whisper,57,14,Skip
1,whisper,58,4,Over
1,whisper,59,15,Over
1,talk,30,13,Over
1,talk,31,10,Skip
1,talk,32,3,Skip
1,talk,33,2,ESTIMATE Agent[07] VILLAGER
1,talk,34,1,Over
1,talk,35,14,Over
1,talk,36,11,Over
1,talk,37,12,Skip
1,talk,38,8,Skip
1,talk,39,4,Over
1,talk,40,5,ESTIMATE Agent[14] VILLAGER
1,talk,41,7,Over
1,talk,42,15,Over
1,talk,43,6,Over
1,talk,44,9,ESTIMATE Agent[13] MEDIUM
1,whisper,60,15,Over
1,whisper,61,14,Skip
1,whisper,62,4,Over
1,whisper,63,14,Skip
1,whisper,64,15,Over
1,whisper,65,4,Over
1,whisper,66,14,Skip
1,whisper,67,4,Over
1,whisper,68,15,Over
1,whisper,69,14,Skip
1,whisper,70,4,Over
1,whisper,71,15,Over
1,whisper,72,14,Skip
1,whisper,73,4,Over
1,whisper,74,15,Over
1,whisper,75,14,Skip
1,whisper,76,4,Over
1,whisper,77,15,Over
1,whisper,78,14,Skip
1,whisper,79,4,Over
1,whisper,80,15,Over
1,whisper,81,14,Skip
1,whisper,82,4,Over
1,whisper,83,15,Over
1,whisper,84,14,Skip
1,whisper,85,4,Over
1,whisper,86,15,Over
1,whisper,87,14,Skip
1,whisper,88,4,Over
1,whisper,89,15,Over
1,talk,45,14,Over
1,talk,46,5,ESTIMATE Agent[15] WEREWOLF
1,talk,47,13,Over
1,talk,48,4,Over
1,talk,49,2,ESTIMATE Agent[08] VILLAGER
1,talk,50,7,Over
1,talk,51,12,Skip
1,talk,52,8,VOTE Agent[05]
1,talk,53,10,VOTE Agent[02]
1,talk,54,1,Over
1,talk,55,9,Skip
1,talk,56,3,VOTE Agent[02]
1,talk,57,11,Over
1,talk,58,6,Over
1,talk,59,15,VOTE Agent[02]
1,whisper,90,15,Over
1,whisper,91,14,Skip
1,whisper,92,4,Over
1,whisper,93,14,Skip
1,whisper,94,15,Over
1,whisper,95,4,Over
1,whisper,96,14,Skip
1,whisper,97,4,Over
1,whisper,98,15,Over
1,whisper,99,14,Skip
1,whisper,100,4,Over
1,whisper,101,15,Over
1,whisper,102,14,Skip
1,whisper,103,4,Over
1,whisper,104,15,Over
1,whisper,105,14,Skip
1,whisper,106,4,Over
1,whisper,107,15,Over
1,whisper,108,14,Skip
1,whisper,109,4,Over
1,whisper,110,15,Over
1,whisper,111,14,Skip
1,whisper,112,4,Over
1,whisper,113,15,Over
1,whisper,114,14,Skip
1,whisper,115,4,Over
1,whisper,116,15,Over
1,whisper,117,14,Skip
1,whisper,118,4,Over
1,whisper,119,15,Over
1,talk,60,14,Over
1,talk,61,8,Over
1,talk,62,10,Over
1,talk,63,15,Over
1,talk,64,11,Over
1,talk,65,13,Over
1,talk,66,4,Over
1,talk,67,1,Over
1,talk,68,5,Skip
1,talk,69,9,DIVINED Agent[15] HUMAN
1,talk,70,2,COMINGOUT Agent[02] BODYGUARD
1,talk,71,3,Skip
1,talk,72,7,Over
1,talk,73,6,ESTIMATE Agent[02] WEREWOLF
1,talk,74,12,Skip
1,whisper,120,14,Skip
1,whisper,121,15,Over
1,whisper,122,4,Over
1,whisper,123,14,Skip
1,whisper,124,4,Over
1,whisper,125,15,Over
1,whisper,126,14,Skip
1,whisper,127,4,Over
1,whisper,128,15,Over
1,whisper,129,14,Skip
1,whisper,130,4,Over
1,whisper,131,15,Over
1,whisper,132,14,Skip
1,whisper,133,4,Over
1,whisper,134,15,Over
1,whisper,135,14,Skip
1,whisper,136,4,Over
1,whisper,137,15,Over
1,whisper,138,14,Skip
1,whisper,139,4,Over
1,whisper,140,15,Over
1,whisper,141,14,Skip
1,whisper,142,4,Over
1,whisper,143,15,Over
1,whisper,144,14,Skip
1,whisper,145,4,Over
1,whisper,146,15,Over
1,whisper,147,14,Skip
1,whisper,148,4,Over
1,whisper,149,15,Over
1,talk,75,7,Over
1,talk,76,14,Over
1,talk,77,2,ESTIMATE Agent[09] SEER
1,talk,78,4,Over
1,talk,79,1,Skip
1,talk,80,13,Over
1,talk,81,11,Over
1,talk,82,6,VOTE Agent[02]
1,talk,83,12,Skip
1,talk,84,3,Skip
1,talk,85,15,Over
1,talk,86,10,Over
1,talk,87,8,VOTE Agent[06]
1,talk,88,5,ESTIMATE Agent[13] VILLAGER
1,talk,89,9,AGREE TALK day0 ID:0
1,whisper,150,14,Skip
1,whisper,151,15,Over
1,whisper,152,4,Over
1,whisper,153,14,Skip
1,whisper,154,4,Over
1,whisper,155,15,Over
1,whisper,156,14,Skip
1,whisper,157,4,Over
1,whisper,158,15,Over
1,whisper,159,14,Skip
1,whisper,160,4,Over
1,whisper,161,15,Over
1,whisper,162,14,Skip
1,whisper,163,4,Over
1,whisper,164,15,Over
1,whisper,165,14,Skip
1,whisper,166,4,Over
1,whisper,167,15,Over
1,whisper,168,14,Skip
1,whisper,169,4,Over
1,whisper,170,15,Over
1,whisper,171,14,Skip
1,whisper,172,4,Over
1,whisper,173,15,Over
1,whisper,174,14,Skip
1,whisper,175,4,Over
1,whisper,176,15,Over
1,whisper,177,14,Skip
1,whisper,178,4,Over
1,whisper,179,15,Over
1,talk,90,15,Over
1,talk,91,3,Skip
1,talk,92,1,VOTE Agent[15]
1,talk,93,9,AGREE TALK day1 ID:0
1,talk,94,10,Over
1,talk,95,2,VOTE Agent[13]
1,talk,96,11,Over
1,talk,97,14,Over
1,talk,98,5,ESTIMATE Agent[08] VILLAGER
1,talk,99,8,Over
1,talk,100,7,Over
1,talk,101,6,Over
1,talk,102,4,Over
1,talk,103,12,Skip
1,talk,104,13,Over
1,whisper,180,15,Over
1,whisper,181,4,Over
1,whisper,182,14,Skip
1,whisper,183,15,Over
1,whisper,184,14,Skip
1,whisper,185,4,Over
1,whisper,186,14,Skip
1,whisper,187,15,Over
1,whisper,188,4,Over
1,whisper,189,14,Skip
1,whisper,190,4,Over
1,whisper,191,15,Over
1,whisper,192,14,Skip
1,whisper,193,4,Over
1,whisper,194,15,Over
1,whisper,195,14,Skip
1,whisper,196,4,Over
1,whisper,197,15,Over
1,whisper,198,14,Skip
1,whisper,199,4,Over
1,whisper,200,15,Over
1,whisper,201,14,Skip
1,whisper,202,4,Over
1,whisper,203,15,Over
1,whisper,204,14,Skip
1,whisper,205,4,Over
1,whisper,206,15,Over
1,whisper,207,14,Skip
1,whisper,208,4,Over
1,whisper,209,15,Over
1,talk,105,7,Over
1,talk,106,5,ESTIMATE Agent[01] WEREWOLF
1,talk,107,12,Skip
1,talk,108,15,Over
1,talk,109,3,Skip
1,talk,110,1,Over
1,talk,111,6,Over
1,talk,112,2,Skip
1,talk,113,9,Over
1,talk,114,4,Over
1,talk,115,8,VOTE Agent[07]
1,talk,116,11,Over
1,talk,117,14,Over
1,talk,118,10,Over
1,talk,119,13,Over
1,whisper,210,15,Over
1,whisper,211,4,Over
1,whisper,212,14,Skip
1,whisper,213,4,Over
1,whisper,214,15,Over
1,whisper,215,14,Skip
1,whisper,216,15,Over
1,whisper,217,14,Skip
1,whisper,218,4,Over
1,whisper,219,15,Over
1,whisper,220,14,Skip
1,whisper,221,4,Over
1,whisper,222,15,Over
1,whisper,223,14,Skip
1,whisper,224,4,Over
1,whisper,225,15,Over
1,whisper,226,14,Skip
1,whisper,227,4,Over
1,whisper,228,15,Over
1,whisper,229,14,Skip
1,whisper,230,4,Over
1,whisper,231,14,Skip
1,whisper,232,15,Over
1,whisper,233,4,Over
1,whisper,234,14,Skip
1,whisper,235,4,Over
1,whisper,236,15,Over
1,whisper,237,14,Skip
1,whisper,238,4,Over
1,whisper,239,15,Over
1,talk,120,9,VOTE Agent[12]
1,talk,121,12,Skip
1,talk,122,8,VOTE Agent[01]
1,talk,123,5,ESTIMATE Agent[15] WEREWOLF
1,talk,124,1,Over
1,talk,125,7,Over
1,talk,126,2,Skip
1,talk,127,3,Skip
1,talk,128,15,Over
1,talk,129,6,Over
1,talk,130,4,Over
1,talk,131,10,Over
1,talk,132,11,Over
1,talk,133,13,Over
1,talk,134,14,Over
1,whisper,240,15,Over
1,whisper,241,4,Over
1,whisper,242,14,Skip
1,whisper,243,14,Skip
1,whisper,244,15,Over
1,whisper,245,4,Over
1,whisper,246,14,Skip
1,whisper,247,4,Over
1,whisper,248,15,Over
1,whisper,249,14,Skip
1,whisper,250,4,Over
1,whisper,251,15,Over
1,whisper,252,14,Skip
1,whisper,253,4,Over
1,whisper,254,15,Over
1,whisper,255,14,Skip
1,whisper,256,4,Over
1,whisper,257,15,Over
1,whisper,258,14,Skip
1,whisper,259,4,Over
1,whisper,260,15,Over
1,whisper,261,14,Skip
1,whisper,262,4,Over
1,whisper,263,15,Over
1,whisper,264,14,Skip
1,whisper,265,4,Over
1,whisper,266,15,Over
1,whisper,267,14,Skip
1,whisper,268,4,Over
1,whisper,269,15,Over
1,talk,135,3,Skip
1,talk,136,7,Over
1,talk,137,5,Skip
1,talk,138,12,Skip
1,talk,139,9,COMINGOUT Agent[15] SEER
1,talk,140,1,Over
1,talk,141,2,Skip
1,talk,142,8,VOTE Agent[07]
1,talk,143,4,Over
1,talk,144,6,Over
1,talk,145,10,Over
1,talk,146,11,Over
1,talk,147,13,Over
1,talk,148,14,Over
1,talk,149,15,Over
1,whisper,270,14,Skip
1,whisper,271,15,Over
1,whisper,272,4,Over
1,whisper,273,14,Skip
1,whisper,274,4,Over
1,whisper,275,15,Over
1,whisper,276,14,Skip
1,whisper,277,4,Over
1,whisper,278,15,Over
1,whisper,279,14,Skip
1,whisper,280,4,Over
1,whisper,281,15,Over
1,whisper,282,14,Skip
1,whisper,283,4,Over
1,whisper,284,15,Over
1,whisper,285,14,Skip
1,whisper,286,4,Over
1,whisper,287,15,Over
1,whisper,288,14,Skip
1,whisper,289,4,Over
1,whisper,290,15,Over
1,whisper,291,14,Skip
1,whisper,292,4,Over
1,whisper,293,15,Over
1,whisper,294,14,Skip
1,whisper,295,4,Over
1,whisper,296,15,Over
1,whisper,297,14,Skip
1,whisper,298,4,Over
1,whisper,299,15,Over
1,vote,1,15
1,vote,2,13
1,vote,3,15
1,vote,4,13
1,vote,5,9
1,vote,6,2
1,vote,7,13
1,vote,8,7
1,vote,9,11
1,vote,10,2
1,vote,11,9
1,vote,12,1
1,vote,13,2
1,vote,14,13
1,vote,15,2
1,divine,1,15,WEREWOLF
1,guard,6,9,POSSESSED
1,attackVote,4,6
1,attackVote,14,2
1,attackVote,15,1
1,execute,2,VILLAGER
1,attack,1,true
2,status,1,SEER,DEAD,cash
2,status,2,VILLAGER,DEAD,kSugar
2,status,3,MEDIUM,ALIVE,haretaro
2,status,4,WEREWOLF,ALIVE,Kanolab
2,status,5,VILLAGER,ALIVE,wasabi
2,status,6,BODYGUARD,ALIVE,TOT
2,status,7,VILLAGER,ALIVE,nakamura
2,status,8,VILLAGER,ALIVE,iace10442
2,status,9,POSSESSED,ALIVE,tkAI
2,status,10,VILLAGER,ALIVE,NLwolf
2,status,11,VILLAGER,ALIVE,carlo
2,status,12,VILLAGER,ALIVE,twn480
2,status,13,VILLAGER,ALIVE,KajiGod
2,status,14,WEREWOLF,ALIVE,howls
2,status,15,WEREWOLF,ALIVE,Udon
2,talk,0,14,Over
2,talk,1,15,DIVINED Agent[08] HUMAN
2,talk,2,12,Skip
2,talk,3,13,VOTE Agent[11]
2,talk,4,7,ESTIMATE Agent[13] WEREWOLF
2,talk,5,9,Over
2,talk,6,8,ESTIMATE Agent[03] WEREWOLF
2,talk,7,11,VOTE Agent[09]
2,talk,8,3,INQUESTED Agent[02] HUMAN
2,talk,9,5,ESTIMATE Agent[15] WEREWOLF
2,talk,10,4,VOTE Agent[05]
2,talk,11,10,Skip
2,talk,12,6,VOTE Agent[14]
2,whisper,0,4,Over
2,whisper,1,15,ATTACK Agent[10]
2,whisper,2,14,Skip
2,whisper,3,15,Over
2,whisper,4,4,Over
2,whisper,5,14,Skip
2,whisper,6,15,Over
2,whisper,7,14,Skip
2,whisper,8,4,Over
2,whisper,9,15,Over
2,whisper,10,14,Skip
2,whisper,11,4,Over
2,whisper,12,15,Over
2,whisper,13,14,Skip
2,whisper,14,4,Over
2,whisper,15,14,Skip
2,whisper,16,15,Over
2,whisper,17,4,Over
2,whisper,18,14,Skip
2,whisper,19,4,Over
2,whisper,20,15,Over
2,whisper,21,14,Skip
2,whisper,22,4,Over
2,whisper,23,15,Over
2,whisper,24,14,Skip
2,whisper,25,4,Over
2,whisper,26,15,Over
2,whisper,27,14,Skip
2,whisper,28,4,Over
2,whisper,29,15,Over
2,talk,13,11,Over
2,talk,14,10,Skip
2,talk,15,4,Over
2,talk,16,13,Over
2,talk,17,5,ESTIMATE Agent[08] VILLAGER
2,talk,18,14,Over
2,talk,19,12,Skip
2,talk,20,7,VOTE Agent[13]
2,talk,21,9,AGREE TALK day2 ID:0
2,talk,22,15,VOTE Agent[09]
2,talk,23,8,Skip
2,talk,24,6,Over
2,talk,25,3,VOTE Agent[09]
2,whisper,30,14,Skip
2,whisper,31,4,Over
2,whisper,32,15,Over
2,whisper,33,14,Skip
2,whisper,34,4,Over
2,whisper,35,15,Over
2,whisper,36,14,Skip
2,whisper,37,4,Over
2,whisper,38,15,Over
2,whisper,39,14,Skip
2,whisper,40,4,Over
2,whisper,41,15,Over
2,whisper,42,14,Skip
2,whisper,43,4,Over
2,whisper,44,15,Over
2,whisper,45,14,Skip
2,whisper,46,4,Over
2,whisper,47,15,Over
2,whisper,48,14,Skip
2,whisper,49,4,Over
2,whisper,50,15,Over
2,whisper,51,14,Skip
2,whisper,52,4,Over
2,whisper,53,15,Over
2,whisper,54,14,Skip
2,whisper,55,4,Over
2,whisper,56,15,Over
2,whisper,57,14,Skip
2,whisper,58,4,Over
2,whisper,59,15,Over
2,talk,26,7,Over
2,talk,27,10,Skip
2,talk,28,6,Over
2,talk,29,12,Skip
2,talk,30,8,Skip
2,talk,31,14,Over
2,talk,32,9,ESTIMATE Agent[13] BODYGUARD
2,talk,33,4,Over
2,talk,34,11,Over
2,talk,35,5,ESTIMATE Agent[07] VILLAGER
2,talk,36,3,VOTE Agent[09]
2,talk,37,15,Over
2,talk,38,13,Over
2,whisper,60,15,Over
2,whisper,61,4,Over
2,whisper,62,14,Skip
2,whisper,63,15,Over
2,whisper,64,4,Over
2,whisper,65,14,Skip
2,whisper,66,4,Over
2,whisper,67,15,Over
2,whisper,68,14,Skip
2,whisper,69,15,Over
2,whisper,70,14,Skip
2,whisper,71,4,Over
2,whisper,72,15,Over
2,whisper,73,14,Skip
2,whisper,74,4,Over
2,whisper,75,15,Over
2,whisper,76,14,Skip
2,whisper,77,4,Over
2,whisper,78,14,Skip
2,whisper,79,15,Over
2,whisper,80,4,Over
2,whisper,81,14,Skip
2,whisper,82,4,Over
2,whisper,83,15,Over
2,whisper,84,14,Skip
2,whisper,85,4,Over
2,whisper,86,15,Over
2,whisper,87,14,Skip
2,whisper,88,4,Over
2,whisper,89,15,Over
2,talk,39,3,VOTE Agent[09]
2,talk,40,5,Skip
2,talk,41,8,VOTE Agent[05]
2,talk,42,7,Over
2,talk,43,11,Over
2,talk,44,9,DISAGREE TALK day2 ID:0
2,talk,45,6,Over
2,talk,46,12,Skip
2,talk,47,14,Over
2,talk,48,10,VOTE Agent[04]
2,talk,49,4,Over
2,talk,50,13,Over
2,talk,51,15,Over
2,whisper,90,4,Over
2,whisper,91,14,Skip
2,whisper,92,15,Over
2,whisper,93,4,Over
2,whisper,94,14,Skip
2,whisper,95,15,Over
2,whisper,96,14,Skip
2,whisper,97,4,Over
2,whisper,98,15,Over
2,whisper,99,14,Skip
2,whisper,100,4,Over
2,whisper,101,15,Over
2,whisper,102,14,Skip
2,whisper,103,4,Over
2,whisper,104,15,Over
2,whisper,105,14,Skip
2,whisper,106,4,Over
2,whisper,107,15,Over
2,whisper,108,14,Skip
2,whisper,109,4,Over
2,whisper,110,15,Over
2,whisper,111,14,Skip
2,whisper,112,4,Over
2,whisper,113,15,Over
2,whisper,114,14,Skip
2,whisper,115,4,Over
2,whisper,116,15,Over
2,whisper,117,14,Skip
2,whisper,118,4,Over
2,whisper,119,15,Over
2,talk,52,9,ESTIMATE Agent[10] VILLAGER
2,talk,53,3,VOTE Agent[09]
2,talk,54,8,VOTE Agent[14]
2,talk,55,5,Skip
2,talk,56,6,Over
2,talk,57,10,Over
2,talk,58,12,Skip
2,talk,59,14,Over
2,talk,60,11,Over
2,talk,61,7,Over
2,talk,62,4,Over
2,talk,63,13,Over
2,talk,64,15,Over
2,whisper,120,15,Over
2,whisper,121,14,Skip
2,whisper,122,4,Over
2,whisper,123,15,Over
2,whisper,124,14,Skip
2,whisper,125,4,Over
2,whisper,126,14,Skip
2,whisper,127,15,Over
2,whisper,128,4,Over
2,whisper,129,14,Skip
2,whisper,130,4,Over
2,whisper,131,15,Over
2,whisper,132,14,Skip
2,whisper,133,4,Over
2,whisper,134,15,Over
2,whisper,135,14,Skip
2,whisper,136,4,Over
2,whisper,137,15,Over
2,whisper,138,14,Skip
2,whisper,139,4,Over
2,whisper,140,15,Over
2,whisper,141,14,Skip
2,whisper,142,4,Over
2,whisper,143,15,Over
2,whisper,144,14,Skip
2,whisper,145,4,Over
2,whisper,146,15,Over
2,whisper,147,14,Skip
2,whisper,148,4,Over
2,whisper,149,15,Over
2,talk,65,12,Skip
2,talk,66,10,Over
2,talk,67,5,ESTIMATE Agent[10] VILLAGER
2,talk,68,9,COMINGOUT Agent[13] BODYGUARD
2,talk,69,6,ESTIMATE Agent[09] WEREWOLF
2,talk,70,3,VOTE Agent[09]
2,talk,71,8,VOTE Agent[04]
2,talk,72,4,Over
2,talk,73,7,Over
2,talk,74,11,Over
2,talk,75,13,VOTE Agent[09]
2,talk,76,14,Over
2,talk,77,15,Over
2,whisper,150,14,Skip
2,whisper,151,15,Over
2,whisper,152,4,Over
2,whisper,153,14,Skip
2,whisper,154,4,Over
2,whisper,155,15,Over
2,whisper,156,14,Skip
2,whisper,157,4,Over
2,whisper,158,15,Over
2,whisper,159,14,Skip
2,whisper,160,4,Over
2,whisper,161,15,Over
2,whisper,162,14,Skip
2,whisper,163,4,Over
2,whisper,164,15,Over
2,whisper,165,14,Skip
2,whisper,166,4,Over
2,whisper,167,15,Over
2,whisper,168,14,Skip
2,whisper,169,4,Over
2,whisper,170,15,Over
2,whisper,171,14,Skip
2,whisper,172,4,Over
2,whisper,173,15,Over
2,whisper,174,14,Skip
2,whisper,175,4,Over
2,whisper,176,15,Over
2,whisper,177,14,Skip
2,whisper,178,4,Over
2,whisper,179,15,Over
2,talk,78,9,Skip
2,talk,79,4,Over
2,talk,80,10,Over
2,talk,81,3,VOTE Agent[09]
2,talk,82,13,Over
2,talk,83,6,VOTE Agent[09]
2,talk,84,11,Over
2,talk,85,5,ESTIMATE Agent[14] WEREWOLF
2,talk,86,8,VOTE Agent[05]
2,talk,87,7,Over
2,talk,88,12,Skip
2,talk,89,14,Over
2,talk,90,15,Over
2,whisper,180,4,Over
2,whisper,181,14,Skip
2,whisper,182,15,Over
2,whisper,183,4,Over
2,whisper,184,14,Skip
2,whisper,185,15,Over
2,whisper,186,14,Skip
2,whisper,187,4,Over
2,whisper,188,15,Over
2,whisper,189,14,Skip
2,whisper,190,4,Over
2,whisper,191,15,Over
2,whisper,192,14,Skip
2,whisper,193,4,Over
2,whisper,194,15,Over
2,whisper,195,14,Skip
2,whisper,196,4,Over
2,whisper,197,15,Over
2,whisper,198,14,Skip
2,whisper,199,4,Over
2,whisper,200,15,Over
2,whisper,201,14,Skip
2,whisper,202,4,Over
2,whisper,203,15,Over
2,whisper,204,14,Skip
2,whisper,205,4,Over
2,whisper,206,15,Over
2,whisper,207,14,Skip
2,whisper,208,4,Over
2,whisper,209,15,Over
2,talk,91,4,Over
2,talk,92,5,ESTIMATE Agent[12] VILLAGER
2,talk,93,10,Over
2,talk,94,6,Over
2,talk,95,7,Over
2,talk,96,3,VOTE Agent[09]
2,talk,97,9,Over
2,talk,98,12,Skip
2,talk,99,13,Over
2,talk,100,8,VOTE Agent[09]
2,talk,101,11,Over
2,talk,102,14,Over
2,talk,103,15,Over
2,whisper,210,14,Skip
2,whisper,211,4,Over
2,whisper,212,15,Over
2,whisper,213,14,Skip
2,whisper,214,4,Over
2,whisper,215,15,Over
2,whisper,216,14,Skip
2,whisper,217,4,Over
2,whisper,218,15,Over
2,whisper,219,14,Skip
2,whisper,220,4,Over
2,whisper,221,15,Over
2,whisper,222,14,Skip
2,whisper,223,4,Over
2,whisper,224,15,Over
2,whisper,225,14,Skip
2,whisper,226,4,Over
2,whisper,227,15,Over
2,whisper,228,14,Skip
2,whisper,229,4,Over
2,whisper,230,15,Over
2,whisper,231,14,Skip
2,whisper,232,4,Over
2,whisper,233,15,Over
2,whisper,234,14,Skip
2,whisper,235,4,Over
2,whisper,236,15,Over
2,whisper,237,14,Skip
2,whisper,238,4,Over
2,whisper,239,15,Over
2,talk,104,8,VOTE Agent[04]
2,talk,105,7,Over
2,talk,106,10,Over
2,talk,107,9,Over
2,talk,108,13,Over
2,talk,109,5,ESTIMATE Agent[09] WEREWOLF
2,talk,110,4,Over
2,talk,111,12,Skip
2,talk,112,6,Over
2,talk,113,3,VOTE Agent[09]
2,talk,114,11,Over
2,talk,115,14,Over
2,talk,116,15,Over
2,whisper,240,4,Over
2,whisper,241,14,Skip
2,whisper,242,15,Over
2,whisper,243,14,Skip
2,whisper,244,4,Over
2,whisper,245,15,Over
2,whisper,246,14,Skip
2,whisper,247,4,Over
2,whisper,248,15,Over
2,whisper,249,14,Skip
2,whisper,250,4,Over
2,whisper,251,15,Over
2,whisper,252,14,Skip
2,whisper,253,4,Over
2,whisper,254,15,Over
2,whisper,255,14,Skip
2,whisper,256,4,Over
2,whisper,257,15,Over
2,whisper,258,14,Skip
2,whisper,259,4,Over
2,whisper,260,15,Over
2,whisper,261,14,Skip
2,whisper,262,4,Over
2,whisper,263,15,Over
2,whisper,264,14,Skip
2,whisper,265,4,Over
2,whisper,266,15,Over
2,whisper,267,14,Skip
2,whisper,268,4,Over
2,whisper,269,15,Over
2,talk,117,6,Over
2,talk,118,8,VOTE Agent[10]
2,talk,119,3,VOTE Agent[09]
2,talk,120,7,Over
2,talk,121,13,Over
2,talk,122,10,Over
2,talk,123,12,Skip
2,talk,124,9,Over
2,talk,125,4,Over
2,talk,126,5,ESTIMATE Agent[10] VILLAGER
2,talk,127,11,Over
2,talk,128,14,Over
2,talk,129,15,Over
2,whisper,270,15,Over
2,whisper,271,4,Over
2,whisper,272,14,Skip
2,whisper,273,4,Over
2,whisper,274,15,Over
2,whisper,275,14,Skip
2,whisper,276,15,Over
2,whisper,277,14,Skip
2,whisper,278,4,Over
2,whisper,279,15,Over
2,whisper,280,14,Skip
2,whisper,281,4,Over
2,whisper,282,14,Skip
2,whisper,283,15,Over
2,whisper,284,4,Over
2,whisper,285,14,Skip
2,whisper,286,4,Over
2,whisper,287,15,Over
2,whisper,288,14,Skip
2,whisper,289,4,Over
2,whisper,290,15,Over
2,whisper,291,14,Skip
2,whisper,292,4,Over
2,whisper,293,15,Over
2,whisper,294,14,Skip
2,whisper,295,4,Over
2,whisper,296,15,Over
2,whisper,297,14,Skip
2,whisper,298,4,Over
2,whisper,299,15,Over
2,vote,3,9
2,vote,4,5
2,vote,5,9
2,vote,6,9
2,vote,7,13
2,vote,8,10
2,vote,9,15
2,vote,10,4
2,vote,11,9
2,vote,12,7
2,vote,13,9
2,vote,14,8
2,vote,15,9
2,guard,6,15,WEREWOLF
2,attackVote,4,8
2,attackVote,15,10
2,execute,9,POSSESSED
2,attack,8,true
3,status,1,SEER,DEAD,cash
3,status,2,VILLAGER,DEAD,kSugar
3,status,3,MEDIUM,ALIVE,haretaro
3,status,4,WEREWOLF,ALIVE,Kanolab
3,status,5,VILLAGER,ALIVE,wasabi
3,status,6,BODYGUARD,ALIVE,TOT
3,status,7,VILLAGER,ALIVE,nakamura
3,status,8,VILLAGER,DEAD,iace10442
3,status,9,POSSESSED,DEAD,tkAI
3,status,10,VILLAGER,ALIVE,NLwolf
3,status,11,VILLAGER,ALIVE,carlo
3,status,12,VILLAGER,ALIVE,twn480
3,status,13,VILLAGER,ALIVE,KajiGod
3,status,14,WEREWOLF,ALIVE,howls
3,status,15,WEREWOLF,ALIVE,Udon
3,talk,0,10,Skip
3,talk,1,11,VOTE Agent[09]
3,talk,2,14,Over
3,talk,3,15,DIVINED Agent[12] HUMAN
3,talk,4,5,ESTIMATE Agent[03] WEREWOLF
3,talk,5,3,INQUESTED Agent[09] HUMAN
3,talk,6,13,VOTE Agent[14]
3,talk,7,4,VOTE Agent[03]
3,talk,8,6,ESTIMATE Agent[15] SEER
3,talk,9,12,Skip
3,talk,10,7,ESTIMATE Agent[13] WEREWOLF
3,whisper,0,15,Over
3,whisper,1,4,Over
3,whisper,2,14,Skip
3,whisper,3,4,Over
3,whisper,4,14,Skip
3,whisper,5,15,Over
3,whisper,6,14,Skip
3,whisper,7,4,Over
3,whisper,8,15,Over
3,whisper,9,14,Skip
3,whisper,10,4,Over
3,whisper,11,15,Over
3,whisper,12,14,Skip
3,whisper,13,4,Over
3,whisper,14,15,Over
3,whisper,15,14,Skip
3,whisper,16,4,Over
3,whisper,17,15,Over
3,whisper,18,14,Skip
3,whisper,19,4,Over
3,whisper,20,15,Over
3,whisper,21,14,Skip
3,whisper,22,4,Over
3,whisper,23,15,Over
3,whisper,24,14,Skip
3,whisper,25,4,Over
3,whisper,26,15,Over
3,whisper,27,14,Skip
3,whisper,28,4,Over
3,whisper,29,15,Over
3,talk,11,5,ESTIMATE Agent[12] VILLAGER
3,talk,12,13,Over
3,talk,13,12,Skip
3,talk,14,10,Skip
3,talk,15,4,Over
3,talk,16,15,VOTE Agent[03]
3,talk,17,11,Over
3,talk,18,3,VOTE Agent[15]
3,talk,19,6,VOTE Agent[15]
3,talk,20,14,Over
3,talk,21,7,VOTE Agent[13]
3,whisper,30,15,Over
3,whisper,31,4,Over
3,whisper,32,14,Skip
3,whisper,33,14,Skip
3,whisper,34,15,Over
3,whisper,35,4,Over
3,whisper,36,14,Skip
3,whisper,37,4,Over
3,whisper,38,15,Over
3,whisper,39,14,Skip
3,whisper,40,4,Over
3,whisper,41,15,Over
3,whisper,42,14,Skip
3,whisper,43,4,Over
3,whisper,44,15,Over
3,whisper,45,14,Skip
3,whisper,46,4,Over
3,whisper,47,15,Over
3,whisper,48,14,Skip
3,whisper,49,4,Over
3,whisper,50,15,Over
3,whisper,51,14,Skip
3,whisper,52,4,Over
3,whisper,53,15,Over
3,whisper,54,14,Skip
3,whisper,55,4,Over
3,whisper,56,15,Over
3,whisper,57,14,Skip
3,whisper,58,4,Over
3,whisper,59,15,Over
3,talk,22,4,Over
3,talk,23,13,Over
3,talk,24,11,Over
3,talk,25,12,Skip
3,talk,26,6,Over
3,talk,27,3,Skip
3,talk,28,10,Skip
3,talk,29,14,Over
3,talk,30,5,ESTIMATE Agent[15] WEREWOLF
3,talk,31,15,Over
3,talk,32,7,Over
3,whisper,60,4,Over
3,whisper,61,15,Over
3,whisper,62,14,Skip
3,whisper,63,15,Over
3,whisper,64,14,Skip
3,whisper,65,4,Over
3,whisper,66,15,Over
3,whisper,67,14,Skip
3,whisper,68,4,Over
3,whisper,69,15,Over
3,whisper,70,14,Skip
3,whisper,71,4,Over
3,whisper,72,14,Skip
3,whisper,73,15,Over
3,whisper,74,4,Over
3,whisper,75,14,Skip
3,whisper,76,4,Over
3,whisper,77,15,Over
3,whisper,78,14,Skip
3,whisper,79,4,Over
3,whisper,80,15,Over
3,whisper,81,14,Skip
3,whisper,82,4,Over
3,whisper,83,15,Over
3,whisper,84,14,Skip
3,whisper,85,4,Over
3,whisper,86,15,Over
3,whisper,87,14,Skip
3,whisper,88,4,Over
3,whisper,89,15,Over
3,talk,33,10,VOTE Agent[06]
3,talk,34,5,ESTIMATE Agent[03] VILLAGER
3,talk,35,12,Skip
3,talk,36,6,Over
3,talk,37,11,Over
3,talk,38,4,Over
3,talk,39,3,Skip
3,talk,40,13,Over
3,talk,41,14,Over
3,talk,42,7,Over
3,talk,43,15,Over
3,whisper,90,14,Skip
3,whisper,91,4,Over
3,whisper,92,15,Over
3,whisper,93,14,Skip
3,whisper,94,4,Over
3,whisper,95,15,Over
3,whisper,96,14,Skip
3,whisper,97,4,Over
3,whisper,98,15,Over
3,whisper,99,14,Skip
3,whisper,100,4,Over
3,whisper,101,15,Over
3,whisper,102,14,Skip
3,whisper,103,4,Over
3,whisper,104,15,Over
3,whisper,105,14,Skip
3,whisper,106,4,Over
3,whisper,107,15,Over
3,whisper,108,14,Skip
3,whisper,109,4,Over
3,whisper,110,15,Over
3,whisper,111,14,Skip
3,whisper,112,4,Over
3,whisper,113,15,Over
3,whisper,114,14,Skip
3,whisper,115,4,Over
3,whisper,116,15,Over
3,whisper,117,14,Skip
3,whisper,118,4,Over
3,whisper,119,15,Over
3,talk,44,5,ESTIMATE Agent[11] VILLAGER
3,talk,45,3,Skip
3,talk,46,4,Over
3,talk,47,12,Skip
3,talk,48,11,Over
3,talk,49,6,Over
3,talk,50,10,Over
3,talk,51,7,Over
3,talk,52,13,Over
3,talk,53,14,Over
3,talk,54,15,Over
3,whisper,120,14,Skip
3,whisper,121,15,Over
3,whisper,122,4,Over
3,whisper,123,14,Skip
3,whisper,124,4,Over
3,whisper,125,15,Over
3,whisper,126,14,Skip
3,whisper,127,4,Over
3,whisper,128,15,Over
3,whisper,129,14,Skip
3,whisper,130,4,Over
3,whisper,131,15,Over
3,whisper,132,14,Skip
3,whisper,133,4,Over
3,whisper,134,15,Over
3,whisper,135,14,Skip
3,whisper,136,4,Over
3,whisper,137,15,Over
3,whisper,138,14,Skip
3,whisper,139,4,Over
3,whisper,140,15,Over
3,whisper,141,14,Skip
3,whisper,142,4,Over
3,whisper,143,15,Over
3,whisper,144,14,Skip
3,whisper,145,4,Over
3,whisper,146,15,Over
3,whisper,147,14,Skip
3,whisper,148,4,Over
3,whisper,149,15,Over
3,talk,55,12,Skip
3,talk,56,3,Skip
3,talk,57,4,Over
3,talk,58,5,ESTIMATE Agent[15] WEREWOLF
3,talk,59,6,Over
3,talk,60,7,Over
3,talk,61,10,Over
3,talk,62,11,Over
3,talk,63,13,Over
3,talk,64,14,Over
3,talk,65,15,Over
3,whisper,150,14,Skip
3,whisper,151,4,Over
3,whisper,152,15,Over
3,whisper,153,14,Skip
3,whisper,154,4,Over
3,whisper,155,15,Over
3,whisper,156,14,Skip
3,whisper,157,4,Over
3,whisper,158,15,Over
3,whisper,159,14,Skip
3,whisper,160,4,Over
3,whisper,161,15,Over
3,whisper,162,14,Skip
3,whisper,163,4,Over
3,whisper,164,15,Over
3,whisper,165,14,Skip
3,whisper,166,4,Over
3,whisper,167,15,Over
3,whisper,168,14,Skip
3,whisper,169,4,Over
3,whisper,170,15,Over
3,whisper,171,14,Skip
3,whisper,172,4,Over
3,whisper,173,15,Over
3,whisper,174,14,Skip
3,whisper,175,4,Over
3,whisper,176,15,Over
3,whisper,177,14,Skip
3,whisper,178,4,Over
3,whisper,179,15,Over
3,talk,66,3,Skip
3,talk,67,4,Over
3,talk,68,12,Skip
3,talk,69,5,Skip
3,talk,70,6,Over
3,talk,71,7,Over
3,talk,72,10,Over
3,talk,73,11,Over
3,talk,74,13,Over
3,talk,75,14,Over
3,talk,76,15,Over
3,whisper,180,15,Over
3,whisper,181,4,Over
3,whisper,182,14,Skip
3,whisper,183,4,Over
3,whisper,184,15,Over
3,whisper,185,14,Skip
3,whisper,186,4,Over
3,whisper,187,15,Over
3,whisper,188,14,Skip
3,whisper,189,14,Skip
3,whisper,190,15,Over
3,whisper,191,4,Over
3,whisper,192,14,Skip
3,whisper,193,4,Over
3,whisper,194,15,Over
3,whisper,195,14,Skip
3,whisper,196,4,Over
3,whisper,197,15,Over
3,whisper,198,14,Skip
3,whisper,199,4,Over
3,whisper,200,15,Over
3,whisper,201,14,Skip
3,whisper,202,4,Over
3,whisper,203,15,Over
3,whisper,204,14,Skip
3,whisper,205,4,Over
3,whisper,206,15,Over
3,whisper,207,14,Skip
3,whisper,208,4,Over
3,whisper,209,15,Over
3,talk,77,5,Skip
3,talk,78,12,Skip
3,talk,79,3,Skip
3,talk,80,4,Over
3,talk,81,6,Over
3,talk,82,7,Over
3,talk,83,10,Over
3,talk,84,11,Over
3,talk,85,13,Over
3,talk,86,14,Over
3,talk,87,15,Over
3,whisper,210,4,Over
3,whisper,211,14,Skip
3,whisper,212,15,Over
3,whisper,213,4,Over
3,whisper,214,14,Skip
3,whisper,215,15,Over
3,whisper,216,14,Skip
3,whisper,217,4,Over
3,whisper,218,15,Over
3,whisper,219,14,Skip
3,whisper,220,4,Over
3,whisper,221,15,Over
3,whisper,222,14,Skip
3,whisper,223,4,Over
3,whisper,224,15,Over
3,whisper,225,14,Skip
3,whisper,226,4,Over
3,whisper,227,15,Over
3,whisper,228,14,Skip
3,whisper,229,4,Over
3,whisper,230,15,Over
3,whisper,231,14,Skip
3,whisper,232,4,Over
3,whisper,233,15,Over
3,whisper,234,14,Skip
3,whisper,235,4,Over
3,whisper,236,15,Over
3,whisper,237,14,Skip
3,whisper,238,4,Over
3,whisper,239,15,Over
3,talk,88,5,ESTIMATE Agent[11] WEREWOLF
3,talk,89,12,Skip
3,talk,90,3,Skip
3,talk,91,4,Over
3,talk,92,6,Over
3,talk,93,7,Over
3,talk,94,10,Over
3,talk,95,11,Over
3,talk,96,13,Over
3,talk,97,14,Over
3,talk,98,15,Over
3,whisper,240,4,Over
3,whisper,241,15,Over
3,whisper,242,14,Skip
3,whisper,243,14,Skip
3,whisper,244,4,Over
3,whisper,245,15,Over
3,whisper,246,14,Skip
3,whisper,247,4,Over
3,whisper,248,15,Over
3,whisper,249,14,Skip
3,whisper,250,4,Over
3,whisper,251,15,Over
3,whisper,252,14,Skip
3,whisper,253,4,Over
3,whisper,254,15,Over
3,whisper,255,14,Skip
3,whisper,256,4,Over
3,whisper,257,15,Over
3,whisper,258,14,Skip
3,whisper,259,4,Over
3,whisper,260,15,Over
3,whisper,261,14,Skip
3,whisper,262,4,Over
3,whisper,263,15,Over
3,whisper,264,14,Skip
3,whisper,265,4,Over
3,whisper,266,15,Over
3,whisper,267,14,Skip
3,whisper,268,4,Over
3,whisper,269,15,Over
3,talk,99,12,Skip
3,talk,100,5,ESTIMATE Agent[15] WEREWOLF
3,talk,101,3,Skip
3,talk,102,4,Over
3,talk,103,6,Over
3,talk,104,7,Over
3,talk,105,10,Over
3,talk,106,11,Over
3,talk,107,13,Over
3,talk,108,14,Over
3,talk,109,15,Over
3,whisper,270,15,Over
3,whisper,271,14,Skip
3,whisper,272,4,Over
3,whisper,273,14,Skip
3,whisper,274,15,Over
3,whisper,275,4,Over
3,whisper,276,14,Skip
3,whisper,277,4,Over
3,whisper,278,15,Over
3,whisper,279,14,Skip
3,whisper,280,4,Over
3,whisper,281,15,Over
3,whisper,282,14,Skip
3,whisper,283,4,Over
3,whisper,284,15,Over
3,whisper,285,14,Skip
3,whisper,286,4,Over
3,whisper,287,15,Over
3,whisper,288,14,Skip
3,whisper,289,4,Over
3,whisper,290,15,Over
3,whisper,291,14,Skip
3,whisper,292,4,Over
3,whisper,293,15,Over
3,whisper,294,14,Skip
3,whisper,295,4,Over
3,whisper,296,15,Over
3,whisper,297,14,Skip
3,whisper,298,4,Over
3,whisper,299,15,Over
3,vote,3,15
3,vote,4,3
3,vote,5,7
3,vote,6,15
3,vote,7,13
3,vote,10,6
3,vote,11,13
3,vote,12,4
3,vote,13,14
3,vote,14,13
3,vote,15,3
3,guard,6,15,WEREWOLF
3,attackVote,4,5
3,attackVote,15,10
3,execute,13,VILLAGER
3,attack,10,true
4,status,1,SEER,DEAD,cash
4,status,2,VILLAGER,DEAD,kSugar
4,status,3,MEDIUM,ALIVE,haretaro
4,status,4,WEREWOLF,ALIVE,Kanolab
4,status,5,VILLAGER,ALIVE,wasabi
4,status,6,BODYGUARD,ALIVE,TOT
4,status,7,VILLAGER,ALIVE,nakamura
4,status,8,VILLAGER,DEAD,iace10442
4,status,9,POSSESSED,DEAD,tkAI
4,status,10,VILLAGER,DEAD,NLwolf
4,status,11,VILLAGER,ALIVE,carlo
4,status,12,VILLAGER,ALIVE,twn480
4,status,13,VILLAGER,DEAD,KajiGod
4,status,14,WEREWOLF,ALIVE,howls
4,status,15,WEREWOLF,ALIVE,Udon
4,talk,0,15,DIVINED Agent[14] HUMAN
4,talk,1,6,VOTE Agent[15]
4,talk,2,3,INQUESTED Agent[13] HUMAN
4,talk,3,14,Over
4,talk,4,7,ESTIMATE Agent[05] WEREWOLF
4,talk,5,12,Skip
4,talk,6,5,ESTIMATE Agent[15] WEREWOLF
4,talk,7,4,VOTE Agent[13]
4,talk,8,11,ESTIMATE Agent[01] SEER
4,whisper,0,4,Over
4,whisper,1,14,Skip
4,whisper,2,15,ATTACK Agent[06]
4,whisper,3,15,Over
4,whisper,4,4,Over
4,whisper,5,14,Skip
4,whisper,6,4,Over
4,whisper,7,14,Skip
4,whisper,8,15,Over
4,whisper,9,4,Over
4,whisper,10,14,Skip
4,whisper,11,15,Over
4,whisper,12,4,Over
4,whisper,13,14,Skip
4,whisper,14,15,Over
4,whisper,15,4,Over
4,whisper,16,14,Skip
4,whisper,17,15,Over
4,whisper,18,14,Skip
4,whisper,19,4,Over
4,whisper,20,15,Over
4,whisper,21,14,Skip
4,whisper,22,4,Over
4,whisper,23,15,Over
4,whisper,24,14,Skip
4,whisper,25,4,Over
4,whisper,26,15,Over
4,whisper,27,14,Skip
4,whisper,28,4,Over
4,whisper,29,15,Over
4,talk,9,12,Skip
4,talk,10,15,VOTE Agent[03]
4,talk,11,5,ESTIMATE Agent[15] WEREWOLF
4,talk,12,11,VOTE Agent[09]
4,talk,13,4,Over
4,talk,14,6,Over
4,talk,15,14,Over
4,talk,16,7,VOTE Agent[05]
4,talk,17,3,VOTE Agent[15]
4,whisper,30,15,Over
4,whisper,31,4,Over
4,whisper,32,14,Skip
4,whisper,33,15,Over
4,whisper,34,4,Over
4,whisper,35,14,Skip
4,whisper,36,15,Over
4,whisper,37,14,Skip
4,whisper,38,4,Over
4,whisper,39,14,Skip
4,whisper,40,15,Over
4,whisper,41,4,Over
4,whisper,42,14,Skip
4,whisper,43,4,Over
4,whisper,44,15,Over
4,whisper,45,14,Skip
4,whisper,46,4,Over
4,whisper,47,15,Over
4,whisper,48,14,Skip
4,whisper,49,4,Over
4,whisper,50,15,Over
4,whisper,51,14,Skip
4,whisper,52,4,Over
4,whisper,53,15,Over
4,whisper,54,14,Skip
4,whisper,55,4,Over
4,whisper,56,15,Over
4,whisper,57,14,Skip
4,whisper,58,4,Over
4,whisper,59,15,Over
4,talk,18,7,Over
4,talk,19,12,Skip
4,talk,20,15,Over
4,talk,21,14,Over
4,talk,22,3,Skip
4,talk,23,6,Over
4,talk,24,5,Skip
4,talk,25,11,Over
4,talk,26,4,Over
4,whisper,60,4,Over
4,whisper,61,14,Skip
4,whisper,62,15,Over
4,whisper,63,14,Skip
4,whisper,64,4,Over
4,whisper,65,15,Over
4,whisper,66,14,Skip
4,whisper,67,4,Over
4,whisper,68,15,Over
4,whisper,69,14,Skip
4,whisper,70,4,Over
4,whisper,71,15,Over
4,whisper,72,14,Skip
4,whisper,73,4,Over
4,whisper,74,15,Over
4,whisper,75,14,Skip
4,whisper,76,4,Over
4,whisper,77,15,Over
4,whisper,78,14,Skip
4,whisper,79,4,Over
4,whisper,80,15,Over
4,whisper,81,14,Skip
4,whisper,82,4,Over
4,whisper,83,15,Over
4,whisper,84,14,Skip
4,whisper,85,4,Over
4,whisper,86,15,Over
4,whisper,87,14,Skip
4,whisper,88,4,Over
4,whisper,89,15,Over
4,talk,27,5,ESTIMATE Agent[12] VILLAGER
4,talk,28,6,Over
4,talk,29,15,Over
4,talk,30,3,Skip
4,talk,31,7,Over
4,talk,32,12,Skip
4,talk,33,14,Over
4,talk,34,4,Over
4,talk,35,11,Over
4,whisper,90,15,Over
4,whisper,91,14,Skip
4,whisper,92,4,Over
4,whisper,93,15,Over
4,whisper,94,14,Skip
4,whisper,95,4,Over
4,whisper,96,15,Over
4,whisper,97,14,Skip
4,whisper,98,4,Over
4,whisper,99,15,Over
4,whisper,100,14,Skip
4,whisper,101,4,Over
4,whisper,102,15,Over
4,whisper,103,14,Skip
4,whisper,104,4,Over
4,whisper,105,14,Skip
4,whisper,106,15,Over
4,whisper,107,4,Over
4,whisper,108,14,Skip
4,whisper,109,4,Over
4,whisper,110,15,Over
4,whisper,111,14,Skip
4,whisper,112,4,Over
4,whisper,113,15,Over
4,whisper,114,14,Skip
4,whisper,115,4,Over
4,whisper,116,15,Over
4,whisper,117,14,Skip
4,whisper,118,4,Over
4,whisper,119,15,Over
4,talk,36,6,Over
4,talk,37,7,Over
4,talk,38,3,Skip
4,talk,39,12,Skip
4,talk,40,15,Over
4,talk,41,5,Skip
4,talk,42,4,Over
4,talk,43,11,Over
4,talk,44,14,Over
4,whisper,120,14,Skip
4,whisper,121,4,Over
4,whisper,122,15,Over
4,whisper,123,14,Skip
4,whisper,124,4,Over
4,whisper,125,15,Over
4,whisper,126,14,Skip
4,whisper,127,4,Over
4,whisper,128,15,Over
4,whisper,129,14,Skip
4,whisper,130,4,Over
4,whisper,131,15,Over
4,whisper,132,14,Skip
4,whisper,133,4,Over
4,whisper,134,15,Over
4,whisper,135,14,Skip
4,whisper,136,4,Over
4,whisper,137,15,Over
4,whisper,138,14,Skip
4,whisper,139,4,Over
4,whisper,140,15,Over
4,whisper,141,14,Skip
4,whisper,142,4,Over
4,whisper,143,15,Over
4,whisper,144,14,Skip
4,whisper,145,4,Over
4,whisper,146,15,Over
4,whisper,147,14,Skip
4,whisper,148,4,Over
4,whisper,149,15,Over
4,talk,45,6,Over
4,talk,46,3,Skip
4,talk,47,5,ESTIMATE Agent[15] WEREWOLF
4,talk,48,15,Over
4,talk,49,7,Over
4,talk,50,12,Skip
4,talk,51,4,Over
4,talk,52,11,Over
4,talk,53,14,Over
4,whisper,150,14,Skip
4,whisper,151,4,Over
4,whisper,152,15,Over
4,whisper,153,14,Skip
4,whisper,154,4,Over
4,whisper,155,15,Over
4,whisper,156,14,Skip
4,whisper,157,4,Over
4,whisper,158,15,Over
4,whisper,159,14,Skip
4,whisper,160,4,Over
4,whisper,161,15,Over
4,whisper,162,14,Skip
4,whisper,163,4,Over
4,whisper,164,15,Over
4,whisper,165,14,Skip
4,whisper,166,4,Over
4,whisper,167,15,Over
4,whisper,168,14,Skip
4,whisper,169,4,Over
4,whisper,170,15,Over
4,whisper,171,14,Skip
4,whisper,172,4,Over
4,whisper,173,15,Over
4,whisper,174,14,Skip
4,whisper,175,4,Over
4,whisper,176,15,Over
4,whisper,177,14,Skip
4,whisper,178,4,Over
4,whisper,179,15,Over
4,talk,54,12,Skip
4,talk,55,7,Over
4,talk,56,15,Over
4,talk,57,6,Over
4,talk,58,3,Skip
4,talk,59,5,ESTIMATE Agent[15] WEREWOLF
4,talk,60,4,Over
4,talk,61,11,Over
4,talk,62,14,Over
4,whisper,180,14,Skip
4,whisper,181,15,Over
4,whisper,182,4,Over
4,whisper,183,14,Skip
4,whisper,184,4,Over
4,whisper,185,15,Over
4,whisper,186,14,Skip
4,whisper,187,4,Over
4,whisper,188,15,Over
4,whisper,189,14,Skip
4,whisper,190,4,Over
4,whisper,191,15,Over
4,whisper,192,14,Skip
4,whisper,193,4,Over
4,whisper,194,15,Over
4,whisper,195,14,Skip
4,whisper,196,4,Over
4,whisper,197,15,Over
4,whisper,198,14,Skip
4,whisper,199,4,Over
4,whisper,200,15,Over
4,whisper,201,14,Skip
4,whisper,202,4,Over
4,whisper,203,15,Over
4,whisper,204,14,Skip
4,whisper,205,4,Over
4,whisper,206,15,Over
4,whisper,207,14,Skip
4,whisper,208,4,Over
4,whisper,209,15,Over
4,talk,63,6,Over
4,talk,64,3,Skip
4,talk,65,12,Skip
4,talk,66,7,Over
4,talk,67,15,Over
4,talk,68,5,ESTIMATE Agent[15] WEREWOLF
4,talk,69,4,Over
4,talk,70,11,Over
4,talk,71,14,Over
4,whisper,210,15,Over
4,whisper,211,4,Over
4,whisper,212,14,Skip
4,whisper,213,14,Skip
4,whisper,214,15,Over
4,whisper,215,4,Over
4,whisper,216,14,Skip
4,whisper,217,4,Over
4,whisper,218,15,Over
4,whisper,219,14,Skip
4,whisper,220,4,Over
4,whisper,221,15,Over
4,whisper,222,14,Skip
4,whisper,223,4,Over
4,whisper,224,15,Over
4,whisper,225,14,Skip
4,whisper,226,4,Over
4,whisper,227,15,Over
4,whisper,228,14,Skip
4,whisper,229,4,Over
4,whisper,230,15,Over
4,whisper,231,14,Skip
4,whisper,232,4,Over
4,whisper,233,15,Over
4,whisper,234,14,Skip
4,whisper,235,4,Over
4,whisper,236,15,Over
4,whisper,237,14,Skip
4,whisper,238,4,Over
4,whisper,239,15,Over
4,talk,72,15,Over
4,talk,73,12,Skip
4,talk,74,5,ESTIMATE Agent[15] WEREWOLF
4,talk,75,7,Over
4,talk,76,3,Skip
4,talk,77,6,Over
4,talk,78,4,Over
4,talk,79,11,Over
4,talk,80,14,Over
4,whisper,240,15,Over
4,whisper,241,14,Skip
4,whisper,242,4,Over
4,whisper,243,14,Skip
4,whisper,244,15,Over
4,whisper,245,4,Over
4,whisper,246,14,Skip
4,whisper,247,4,Over
4,whisper,248,15,Over
4,whisper,249,14,Skip
4,whisper,250,4,Over
4,whisper,251,15,Over
4,whisper,252,14,Skip
4,whisper,253,4,Over
4,whisper,254,15,Over
4,whisper,255,14,Skip
4,whisper,256,4,Over
4,whisper,257,15,Over
4,whisper,258,14,Skip
4,whisper,259,4,Over
4,whisper,260,15,Over
4,whisper,261,14,Skip
4,whisper,262,4,Over
4,whisper,263,15,Over
4,whisper,264,14,Skip
4,whisper,265,4,Over
4,whisper,266,15,Over
4,whisper,267,14,Skip
4,whisper,268,4,Over
4,whisper,269,15,Over
4,talk,81,15,Over
4,talk,82,7,Over
4,talk,83,5,ESTIMATE Agent[07] WEREWOLF
4,talk,84,12,Skip
4,talk,85,3,Skip
4,talk,86,4,Over
4,talk,87,6,Over
4,talk,88,11,Over
4,talk,89,14,Over
4,whisper,270,15,Over
4,whisper,271,4,Over
4,whisper,272,14,Skip
4,whisper,273,15,Over
4,whisper,274,14,Skip
4,whisper,275,4,Over
4,whisper,276,15,Over
4,whisper,277,14,Skip
4,whisper,278,4,Over
4,whisper,279,14,Skip
4,whisper,280,15,Over
4,whisper,281,4,Over
4,whisper,282,14,Skip
4,whisper,283,4,Over
4,whisper,284,15,Over
4,whisper,285,14,Skip
4,whisper,286,4,Over
4,whisper,287,15,Over
4,whisper,288,14,Skip
4,whisper,289,4,Over
4,whisper,290,15,Over
4,whisper,291,14,Skip
4,whisper,292,4,Over
4,whisper,293,15,Over
4,whisper,294,14,Skip
4,whisper,295,4,Over
4,whisper,296,15,Over
4,whisper,297,14,Skip
4,whisper,298,4,Over
4,whisper,299,15,Over
4,vote,3,15
4,vote,4,7
4,vote,5,7
4,vote,6,15
4,vote,7,5
4,vote,11,6
4,vote,12,6
4,vote,14,3
4,vote,15,3
4,guard,6,15,WEREWOLF
4,attackVote,4,5
4,attackVote,15,6
4,execute,15,WEREWOLF
4,attack,5,true
5,status,1,SEER,DEAD,cash
5,status,2,VILLAGER,DEAD,kSugar
5,status,3,MEDIUM,ALIVE,haretaro
5,status,4,WEREWOLF,ALIVE,Kanolab
5,status,5,VILLAGER,DEAD,wasabi
5,status,6,BODYGUARD,ALIVE,TOT
5,status,7,VILLAGER,ALIVE,nakamura
5,status,8,VILLAGER,DEAD,iace10442
5,status,9,POSSESSED,DEAD,tkAI
5,status,10,VILLAGER,DEAD,NLwolf
5,status,11,VILLAGER,ALIVE,carlo
5,status,12,VILLAGER,ALIVE,twn480
5,status,13,VILLAGER,DEAD,KajiGod
5,status,14,WEREWOLF,ALIVE,howls
5,status,15,WEREWOLF,DEAD,Udon
5,talk,0,11,VOTE Agent[09]
5,talk,1,14,Over
5,talk,2,6,VOTE Agent[14]
5,talk,3,7,Over
5,talk,4,3,INQUESTED Agent[15] WEREWOLF
5,talk,5,12,Skip
5,talk,6,4,VOTE Agent[03]
5,whisper,0,4,Over
5,whisper,1,14,Skip
5,whisper,2,4,Over
5,whisper,3,14,Skip
5,whisper,4,14,Skip
5,whisper,5,4,Over
5,whisper,6,14,Skip
5,whisper,7,4,Over
5,whisper,8,14,Skip
5,whisper,9,4,Over
5,whisper,10,14,Skip
5,whisper,11,4,Over
5,whisper,12,14,Skip
5,whisper,13,4,Over
5,whisper,14,14,Skip
5,whisper,15,4,Over
5,whisper,16,14,Skip
5,whisper,17,4,Over
5,whisper,18,14,Skip
5,whisper,19,4,Over
5,talk,7,12,Skip
5,talk,8,14,Over
5,talk,9,4,Over
5,talk,10,11,Over
5,talk,11,6,Over
5,talk,12,3,Skip
5,talk,13,7,Over
5,whisper,20,4,Over
5,whisper,21,14,Skip
5,whisper,22,4,Over
5,whisper,23,14,Skip
5,whisper,24,4,Over
5,whisper,25,14,Skip
5,whisper,26,4,Over
5,whisper,27,14,Skip
5,whisper,28,14,Skip
5,whisper,29,4,Over
5,whisper,30,14,Skip
5,whisper,31,4,Over
5,whisper,32,14,Skip
5,whisper,33,4,Over
5,whisper,34,14,Skip
5,whisper,35,4,Over
5,whisper,36,14,Skip
5,whisper,37,4,Over
5,whisper,38,14,Skip
5,whisper,39,4,Over
5,talk,14,3,Skip
5,talk,15,11,Over
5,talk,16,4,Over
5,talk,17,12,Skip
5,talk,18,14,Over
5,talk,19,6,Over
5,talk,20,7,Over
5,whisper,40,14,Skip
5,whisper,41,4,Over
5,whisper,42,14,Skip
5,whisper,43,4,Over
5,whisper,44,14,Skip
5,whisper,45,4,Over
5,whisper,46,14,Skip
5,whisper,47,4,Over
5,whisper,48,14,Skip
5,whisper,49,4,Over
5,whisper,50,14,Skip
5,whisper,51,4,Over
5,whisper,52,14,Skip
5,whisper,53,4,Over
5,whisper,54,14,Skip
5,whisper,55,4,Over
5,whisper,56,14,Skip
5,whisper,57,4,Over
5,whisper,58,14,Skip
5,whisper,59,4,Over
5,talk,21,11,Over
5,talk,22,3,Skip
5,talk,23,12,Skip
5,talk,24,4,Over
5,talk,25,6,Over
5,talk,26,7,Over
5,talk,27,14,Over
5,whisper,60,4,Over
5,whisper,61,14,Skip
5,whisper,62,14,Skip
5,whisper,63,4,Over
5,whisper,64,14,Skip
5,whisper,65,4,Over
5,whisper,66,14,Skip
5,whisper,67,4,Over
5,whisper,68,14,Skip
5,whisper,69,4,Over
5,whisper,70,14,Skip
5,whisper,71,4,Over
5,whisper,72,14,Skip
5,whisper,73,4,Over
5,whisper,74,14,Skip
5,whisper,75,4,Over
5,whisper,76,14,Skip
5,whisper,77,4,Over
5,whisper,78,14,Skip
5,whisper,79,4,Over
5,talk,28,11,Over
5,talk,29,12,Skip
5,talk,30,3,Skip
5,talk,31,4,Over
5,talk,32,6,Over
5,talk,33,7,Over
5,talk,34,14,Over
5,whisper,80,4,Over
5,whisper,81,14,Skip
5,whisper,82,14,Skip
5,whisper,83,4,Over
5,whisper,84,14,Skip
5,whisper,85,4,Over
5,whisper,86,14,Skip
5,whisper,87,4,Over
5,whisper,88,14,Skip
5,whisper,89,4,Over
5,whisper,90,14,Skip
5,whisper,91,4,Over
5,whisper,92,14,Skip
5,whisper,93,4,Over
5,whisper,94,14,Skip
5,whisper,95,4,Over
5,whisper,96,14,Skip
5,whisper,97,4,Over
5,whisper,98,14,Skip
5,whisper,99,4,Over
5,talk,35,3,Skip
5,talk,36,12,Skip
5,talk,37,11,Over
5,talk,38,4,Over
5,talk,39,6,Over
5,talk,40,7,Over
5,talk,41,14,Over
5,whisper,100,4,Over
5,whisper,101,14,Skip
5,whisper,102,4,Over
5,whisper,103,14,Skip
5,whisper,104,4,Over
5,whisper,105,14,Skip
5,whisper,106,14,Skip
5,whisper,107,4,Over
5,whisper,108,14,Skip
5,whisper,109,4,Over
5,whisper,110,14,Skip
5,whisper,111,4,Over
5,whisper,112,14,Skip
5,whisper,113,4,Over
5,whisper,114,14,Skip
5,whisper,115,4,Over
5,whisper,116,14,Skip
5,whisper,117,4,Over
5,whisper,118,14,Skip
5,whisper,119,4,Over
5,talk,42,12,Skip
5,talk,43,3,Skip
5,talk,44,4,Over
5,talk,45,6,Over
5,talk,46,7,Over
5,talk,47,11,Over
5,talk,48,14,Over
5,whisper,120,4,Over
5,whisper,121,14,Skip
5,whisper,122,4,Over
5,whisper,123,14,Skip
5,whisper,124,4,Over
5,whisper,125,14,Skip
5,whisper,126,4,Over
5,whisper,127,14,Skip
5,whisper,128,4,Over
5,whisper,129,14,Skip
5,whisper,130,14,Skip
5,whisper,131,4,Over
5,whisper,132,14,Skip
5,whisper,133,4,Over
5,whisper,134,14,Skip
5,whisper,135,4,Over
5,whisper,136,14,Skip
5,whisper,137,4,Over
5,whisper,138,14,Skip
5,whisper,139,4,Over
5,talk,49,3,Skip
5,talk,50,12,Skip
5,talk,51,4,Over
5,talk,52,6,Over
5,talk,53,7,Over
5,talk,54,11,Over
5,talk,55,14,Over
5,whisper,140,4,Over
5,whisper,141,14,Skip
5,whisper,142,14,Skip
5,whisper,143,4,Over
5,whisper,144,14,Skip
5,whisper,145,4,Over
5,whisper,146,14,Skip
5,whisper,147,4,Over
5,whisper,148,14,Skip
5,whisper,149,4,Over
5,whisper,150,14,Skip
5,whisper,151,4,Over
5,whisper,152,14,Skip
5,whisper,153,4,Over
5,whisper,154,14,Skip
5,whisper,155,4,Over
5,whisper,156,14,Skip
5,whisper,157,4,Over
5,whisper,158,14,Skip
5,whisper,159,4,Over
5,talk,56,3,Skip
5,talk,57,12,Skip
5,talk,58,4,Over
5,talk,59,6,Over
5,talk,60,7,Over
5,talk,61,11,Over
5,talk,62,14,Over
5,whisper,160,14,Skip
5,whisper,161,4,Over
5,whisper,162,14,Skip
5,whisper,163,4,Over
5,whisper,164,14,Skip
5,whisper,165,4,Over
5,whisper,166,14,Skip
5,whisper,167,4,Over
5,whisper,168,14,Skip
5,whisper,169,4,Over
5,whisper,170,14,Skip
5,whisper,171,4,Over
5,whisper,172,14,Skip
5,whisper,173,4,Over
5,whisper,174,14,Skip
5,whisper,175,4,Over
5,whisper,176,14,Skip
5,whisper,177,4,Over
5,whisper,178,14,Skip
5,whisper,179,4,Over
5,talk,63,12,Skip
5,talk,64,3,Skip
5,talk,65,4,Over
5,talk,66,6,Over
5,talk,67,7,Over
5,talk,68,11,Over
5,talk,69,14,Over
5,whisper,180,4,Over
5,whisper,181,14,Skip
5,whisper,182,14,Skip
5,whisper,183,4,Over
5,whisper,184,14,Skip
5,whisper,185,4,Over
5,whisper,186,14,Skip
5,whisper,187,4,Over
5,whisper,188,14,Skip
5,whisper,189,4,Over
5,whisper,190,14,Skip
5,whisper,191,4,Over
5,whisper,192,14,Skip
5,whisper,193,4,Over
5,whisper,194,14,Skip
5,whisper,195,4,Over
5,whisper,196,14,Skip
5,whisper,197,4,Over
5,whisper,198,14,Skip
5,whisper,199,4,Over
5,vote,3,7
5,vote,4,3
5,vote,6,14
5,vote,7,14
5,vote,11,12
5,vote,12,6
5,vote,14,12
5,guard,6,14,WEREWOLF
5,attackVote,4,11
5,execute,12,VILLAGER
5,attack,11,true
6,status,1,SEER,DEAD,cash
6,status,2,VILLAGER,DEAD,kSugar
6,status,3,MEDIUM,ALIVE,haretaro
6,status,4,WEREWOLF,ALIVE,Kanolab
6,status,5,VILLAGER,DEAD,wasabi
6,status,6,BODYGUARD,ALIVE,TOT
6,status,7,VILLAGER,ALIVE,nakamura
6,status,8,VILLAGER,DEAD,iace10442
6,status,9,POSSESSED,DEAD,tkAI
6,status,10,VILLAGER,DEAD,NLwolf
6,status,11,VILLAGER,DEAD,carlo
6,status,12,VILLAGER,DEAD,twn480
6,status,13,VILLAGER,DEAD,KajiGod
6,status,14,WEREWOLF,ALIVE,howls
6,status,15,WEREWOLF,DEAD,Udon
6,talk,0,14,Over
6,talk,1,3,INQUESTED Agent[12] HUMAN
6,talk,2,6,VOTE Agent[14]
6,talk,3,4,VOTE Agent[07]
6,talk,4,7,Over
6,whisper,0,14,Skip
6,whisper,1,4,Over
6,whisper,2,14,Skip
6,whisper,3,4,Over
6,whisper,4,14,Skip
6,whisper,5,4,Over
6,whisper,6,14,Skip
6,whisper,7,4,Over
6,whisper,8,14,Skip
6,whisper,9,4,Over
6,whisper,10,14,Skip
6,whisper,11,4,Over
6,whisper,12,14,Skip
6,whisper,13,4,Over
6,whisper,14,14,Skip
6,whisper,15,4,Over
6,whisper,16,14,Skip
6,whisper,17,4,Over
6,whisper,18,14,Skip
6,whisper,19,4,Over
6,talk,5,6,Over
6,talk,6,4,Over
6,talk,7,14,Over
6,talk,8,3,Over
6,whisper,20,14,Skip
6,whisper,21,4,Over
6,whisper,22,14,Skip
6,whisper,23,4,Over
6,whisper,24,14,Skip
6,whisper,25,4,Over
6,whisper,26,14,Skip
6,whisper,27,4,Over
6,whisper,28,14,Skip
6,whisper,29,4,Over
6,whisper,30,14,Skip
6,whisper,31,4,Over
6,whisper,32,14,Skip
6,whisper,33,4,Over
6,whisper,34,14,Skip
6,whisper,35,4,Over
6,whisper,36,14,Skip
6,whisper,37,4,Over
6,whisper,38,14,Skip
6,whisper,39,4,Over
6,vote,3,4
6,vote,4,7
6,vote,6,14
6,vote,7,4
6,vote,14,6
6,guard,6,7,VILLAGER
6,attackVote,4,6
6,execute,4,WEREWOLF
6,attack,3,true
7,status,1,SEER,DEAD,cash
7,status,2,VILLAGER,DEAD,kSugar
7,status,3,MEDIUM,DEAD,haretaro
7,status,4,WEREWOLF,DEAD,Kanolab
7,status,5,VILLAGER,DEAD,wasabi
7,status,6,BODYGUARD,ALIVE,TOT
7,status,7,VILLAGER,ALIVE,nakamura
7,status,8,VILLAGER,DEAD,iace10442
7,status,9,POSSESSED,DEAD,tkAI
7,status,10,VILLAGER,DEAD,NLwolf
7,status,11,VILLAGER,DEAD,carlo
7,status,12,VILLAGER,DEAD,twn480
7,status,13,VILLAGER,DEAD,KajiGod
7,status,14,WEREWOLF,ALIVE,howls
7,status,15,WEREWOLF,DEAD,Udon
7,talk,0,7,Over
7,talk,1,6,VOTE Agent[14]
7,talk,2,14,Over
7,whisper,0,14,Skip
7,whisper,1,14,Skip
7,whisper,2,14,Skip
7,whisper,3,14,Skip
7,whisper,4,14,Skip
7,whisper,5,14,Skip
7,whisper,6,14,Skip
7,whisper,7,14,Skip
7,whisper,8,14,Skip
7,whisper,9,14,Skip
7,talk,3,6,Over
7,talk,4,7,Over
7,whisper,10,14,Skip
7,whisper,11,14,Skip
7,whisper,12,14,Skip
7,whisper,13,14,Skip
7,whisper,14,14,Skip
7,whisper,15,14,Skip
7,whisper,16,14,Skip
7,whisper,17,14,Skip
7,whisper,18,14,Skip
7,whisper,19,14,Skip
7,vote,6,14
7,vote,7,14
7,vote,14,6
7,guard,6,7,VILLAGER
7,execute,14,WEREWOLF
8,status,1,SEER,DEAD,cash
8,status,2,VILLAGER,DEAD,kSugar
8,status,3,MEDIUM,DEAD,haretaro
8,status,4,WEREWOLF,DEAD,Kanolab
8,status,5,VILLAGER,DEAD,wasabi
8,status,6,BODYGUARD,ALIVE,TOT
8,status,7,VILLAGER,ALIVE,nakamura
8,status,8,VILLAGER,DEAD,iace10442
8,status,9,POSSESSED,DEAD,tkAI
8,status,10,VILLAGER,DEAD,NLwolf
8,status,11,VILLAGER,DEAD,carlo
8,status,12,VILLAGER,DEAD,twn480
8,status,13,VILLAGER,DEAD,KajiGod
8,status,14,WEREWOLF,DEAD,howls
8,status,15,WEREWOLF,DEAD,Udon
8,result,2,0,VILLAGER
