0,status,1,WEREWOLF,ALIVE,cash
0,status,2,WEREWOLF,ALIVE,kSugar
0,status,3,VILLAGER,ALIVE,haretaro
0,status,4,VILLAGER,ALIVE,Kanolab
0,status,5,VILLAGER,ALIVE,wasabi
0,status,6,POSSESSED,ALIVE,TOT
0,status,7,VILLAGER,ALIVE,nakamura
0,status,8,VILLAGER,ALIVE,iace10442
0,status,9,BODYGUARD,ALIVE,tkAI
0,status,10,SEER,ALIVE,NLwolf
0,status,11,VILLAGER,ALIVE,carlo
0,status,12,WEREWOLF,ALIVE,twn480
0,status,13,VILLAGER,ALIVE,KajiGod
0,status,14,VILLAGER,ALIVE,howls
0,status,15,MEDIUM,ALIVE,Udon
0,talk,0,10,Skip
0,talk,1,7,ESTIMATE Agent[13] WEREWOLF
0,talk,2,14,Over
0,talk,3,8,Skip
0,talk,4,1,VOTE Agent[03]
0,talk,5,15,COMINGOUT Agent[15] MEDIUM
0,talk,6,5,ESTIMATE Agent[07] WEREWOLF
0,talk,7,3,Over
0,talk,8,11,VOTE Agent[01]
0,talk,9,2,ESTIMATE Agent[01] VILLAGER
0,talk,10,13,VOTE Agent[12]
0,talk,11,9,Over
0,talk,12,12,Over
0,talk,13,6,Over
0,talk,14,4,VOTE Agent[06]
0,whisper,0,2,COMINGOUT Agent[02] VILLAGER
0,whisper,1,12,COMINGOUT Agent[12] WEREWOLF
0,whisper,2,1,ATTACK Agent[15]
0,whisper,3,1,Over
0,whisper,4,12,Over
0,whisper,5,2,Skip
0,whisper,6,2,Skip
0,whisper,7,12,Over
0,whisper,8,1,Over
0,whisper,9,2,Skip
0,whisper,10,1,Over
0,whisper,11,12,Over
0,whisper,12,2,Skip
0,whisper,13,1,Over
0,whisper,14,12,Over
0,whisper,15,2,Skip
0,whisper,16,1,Over
0,whisper,17,12,Over
0,whisper,18,2,Skip
0,whisper,19,1,Over
0,whisper,20,12,Over
0,whisper,21,2,Skip
0,whisper,22,1,Over
0,whisper,23,12,Over
0,whisper,24,2,Skip
0,whisper,25,1,Over
0,whisper,26,12,Over
0,whisper,27,2,Skip
0,whisper,28,1,Over
0,whisper,29,12,Over
0,talk,15,14,Over
0,talk,16,7,VOTE Agent[13]
0,talk,17,9,Over
0,talk,18,13,Over
0,talk,19,5,ESTIMATE Agent[06] WEREWOLF
0,talk,20,8,ESTIMATE Agent[01] VILLAGER
0,talk,21,12,Over
0,talk,22,11,Over
0,talk,23,15,VOTE Agent[01]
0,talk,24,1,VOTE Agent[03]
0,talk,25,3,Over
0,talk,26,6,Over
0,talk,27,10,Skip
0,talk,28,2,ESTIMATE Agent[01] VILLAGER
0,talk,29,4,ESTIMATE Agent[15] MEDIUM
0,whisper,30,1,Over
0,whisper,31,2,Skip
0,whisper,32,12,Over
0,whisper,33,2,Skip
0,whisper,34,1,Over
0,whisper,35,12,Over
0,whisper,36,2,Skip
0,whisper,37,1,Over
0,whisper,38,12,Over
0,whisper,39,2,Skip
0,whisper,40,1,Over
0,whisper,41,12,Over
0,whisper,42,2,Skip
0,whisper,43,1,Over
0,whisper,44,12,Over
0,whisper,45,2,Skip
0,whisper,46,1,Over
0,whisper,47,12,Over
0,whisper,48,2,Skip
0,whisper,49,1,Over
0,whisper,50,12,Over
0,whisper,51,2,Skip
0,whisper,52,1,Over
0,whisper,53,12,Over
0,whisper,54,2,Skip
0,whisper,55,1,Over
0,whisper,56,12,Over
0,whisper,57,2,Skip
0,whisper,58,1,Over
0,whisper,59,12,Over
0,talk,30,8,Skip
0,talk,31,14,Over
0,talk,32,7,Over
0,talk,33,5,ESTIMATE Agent[12] WEREWOLF
0,talk,34,1,Over
0,talk,35,4,ESTIMATE Agent[01] VILLAGER
0,talk,36,11,Over
0,talk,37,6,Over
0,talk,38,12,Over
0,talk,39,2,ESTIMATE Agent[01] VILLAGER
0,talk,40,10,Skip
0,talk,41,15,ESTIMATE Agent[01] WEREWOLF
0,talk,42,9,Over
0,talk,43,13,Over
0,talk,44,3,Over
0,whisper,60,1,Over
0,whisper,61,2,Skip
0,whisper,62,12,Over
0,whisper,63,1,Over
0,whisper,64,2,Skip
0,whisper,65,12,Over
0,whisper,66,1,Over
0,whisper,67,2,Skip
0,whisper,68,12,Over
0,whisper,69,2,Skip
0,whisper,70,1,Over
0,whisper,71,12,Over
0,whisper,72,2,Skip
0,whisper,73,1,Over
0,whisper,74,12,Over
0,whisper,75,2,Skip
0,whisper,76,1,Over
0,whisper,77,12,Over
0,whisper,78,2,Skip
0,whisper,79,1,Over
0,whisper,80,12,Over
0,whisper,81,2,Skip
0,whisper,82,1,Over
0,whisper,83,12,Over
0,whisper,84,2,Skip
0,whisper,85,1,Over
0,whisper,86,12,Over
0,whisper,87,2,Skip
0,whisper,88,1,Over
0,whisper,89,12,Over
0,talk,45,2,ESTIMATE Agent[01] VILLAGER
0,talk,46,14,Over
0,talk,47,6,Over
0,talk,48,4,Over
0,talk,49,7,Over
0,talk,50,1,Over
0,talk,51,10,VOTE Agent[14]
0,talk,52,15,ESTIMATE Agent[02] WEREWOLF
0,talk,53,11,Over
0,talk,54,8,VOTE Agent[07]
0,talk,55,5,ESTIMATE Agent[15] MEDIUM
0,talk,56,12,Over
0,talk,57,3,Over
0,talk,58,9,Over
0,talk,59,13,Over
0,whisper,90,2,Skip
0,whisper,91,12,Over
0,whisper,92,1,Over
0,whisper,93,2,Skip
0,whisper,94,1,Over
0,whisper,95,12,Over
0,whisper,96,2,Skip
0,whisper,97,1,Over
0,whisper,98,12,Over
0,whisper,99,2,Skip
0,whisper,100,1,Over
0,whisper,101,12,Over
0,whisper,102,2,Skip
0,whisper,103,1,Over
0,whisper,104,12,Over
0,whisper,105,2,Skip
0,whisper,106,1,Over
0,whisper,107,12,Over
0,whisper,108,2,Skip
0,whisper,109,1,Over
0,whisper,110,12,Over
0,whisper,111,2,Skip
0,whisper,112,1,Over
0,whisper,113,12,Over
0,whisper,114,2,Skip
0,whisper,115,1,Over
0,whisper,116,12,Over
0,whisper,117,2,Skip
0,whisper,118,1,Over
0,whisper,119,12,Over
0,talk,60,5,ESTIMATE Agent[15] MEDIUM
0,talk,61,4,Over
0,talk,62,11,Over
0,talk,63,14,Over
0,talk,64,2,ESTIMATE Agent[03] VILLAGER
0,talk,65,7,Over
0,talk,66,15,ESTIMATE Agent[13] WEREWOLF
0,talk,67,1,Over
0,talk,68,8,VOTE Agent[06]
0,talk,69,10,Over
0,talk,70,6,Over
0,talk,71,3,Over
0,talk,72,9,Over
0,talk,73,12,Over
0,talk,74,13,Over
0,whisper,120,12,Over
0,whisper,121,2,Skip
0,whisper,122,1,Over
0,whisper,123,2,Skip
0,whisper,124,12,Over
0,whisper,125,1,Over
0,whisper,126,2,Skip
0,whisper,127,1,Over
0,whisper,128,12,Over
0,whisper,129,2,Skip
0,whisper,130,1,Over
0,whisper,131,12,Over
0,whisper,132,2,Skip
0,whisper,133,1,Over
0,whisper,134,12,Over
0,whisper,135,2,Skip
0,whisper,136,1,Over
0,whisper,137,12,Over
0,whisper,138,2,Skip
0,whisper,139,1,Over
0,whisper,140,12,Over
0,whisper,141,2,Skip
0,whisper,142,1,Over
0,whisper,143,12,Over
0,whisper,144,2,Skip
0,whisper,145,1,Over
0,whisper,146,12,Over
0,whisper,147,2,Skip
0,whisper,148,1,Over
0,whisper,149,12,Over
0,talk,75,14,Over
0,talk,76,1,Over
0,talk,77,15,Over
0,talk,78,11,Over
0,talk,79,5,ESTIMATE Agent[15] MEDIUM
0,talk,80,4,Over
0,talk,81,7,Over
0,talk,82,2,ESTIMATE Agent[04] VILLAGER
0,talk,83,8,VOTE Agent[07]
0,talk,84,3,Over
0,talk,85,6,Over
0,talk,86,9,Over
0,talk,87,10,Over
0,talk,88,12,Over
0,talk,89,13,Over
0,whisper,150,1,Over
0,whisper,151,12,Over
0,whisper,152,2,Skip
0,whisper,153,1,Over
0,whisper,154,2,Skip
0,whisper,155,12,Over
0,whisper,156,2,Skip
0,whisper,157,1,Over
0,whisper,158,12,Over
0,whisper,159,2,Skip
0,whisper,160,1,Over
0,whisper,161,12,Over
0,whisper,162,2,Skip
0,whisper,163,1,Over
0,whisper,164,12,Over
0,whisper,165,2,Skip
0,whisper,166,1,Over
0,whisper,167,12,Over
0,whisper,168,2,Skip
0,whisper,169,1,Over
0,whisper,170,12,Over
0,whisper,171,2,Skip
0,whisper,172,1,Over
0,whisper,173,12,Over
0,whisper,174,2,Skip
0,whisper,175,1,Over
0,whisper,176,12,Over
0,whisper,177,2,Skip
0,whisper,178,1,Over
0,whisper,179,12,Over
0,talk,90,14,Over
0,talk,91,15,Over
0,talk,92,1,Over
0,talk,93,5,ESTIMATE Agent[11] WEREWOLF
0,talk,94,11,Over
0,talk,95,8,VOTE Agent[03]
0,talk,96,4,Over
0,talk,97,2,ESTIMATE Agent[05] VILLAGER
0,talk,98,7,Over
0,talk,99,3,Over
0,talk,100,6,Over
0,talk,101,9,Over
0,talk,102,10,Over
0,talk,103,12,Over
0,talk,104,13,Over
0,whisper,180,1,Over
0,whisper,181,12,Over
0,whisper,182,2,Skip
0,whisper,183,12,Over
0,whisper,184,2,Skip
0,whisper,185,1,Over
0,whisper,186,12,Over
0,whisper,187,2,Skip
0,whisper,188,1,Over
0,whisper,189,2,Skip
0,whisper,190,12,Over
0,whisper,191,1,Over
0,whisper,192,2,Skip
0,whisper,193,1,Over
0,whisper,194,12,Over
0,whisper,195,2,Skip
0,whisper,196,1,Over
0,whisper,197,12,Over
0,whisper,198,2,Skip
0,whisper,199,1,Over
0,whisper,200,12,Over
0,whisper,201,2,Skip
0,whisper,202,1,Over
0,whisper,203,12,Over
0,whisper,204,2,Skip
0,whisper,205,1,Over
0,whisper,206,12,Over
0,whisper,207,2,Skip
0,whisper,208,1,Over
0,whisper,209,12,Over
0,talk,105,1,Over
0,talk,106,8,VOTE Agent[14]
0,talk,107,14,Over
0,talk,108,2,ESTIMATE Agent[06] VILLAGER
0,talk,109,15,Over
0,talk,110,4,Over
0,talk,111,5,ESTIMATE Agent[15] MEDIUM
0,talk,112,11,Over
0,talk,113,3,Over
0,talk,114,6,Over
0,talk,115,7,Over
0,talk,116,9,Over
0,talk,117,10,Over
0,talk,118,12,Over
0,talk,119,13,Over
0,whisper,210,12,Over
0,whisper,211,1,Over
0,whisper,212,2,Skip
0,whisper,213,12,Over
0,whisper,214,1,Over
0,whisper,215,2,Skip
0,whisper,216,1,Over
0,whisper,217,12,Over
0,whisper,218,2,Skip
0,whisper,219,1,Over
0,whisper,220,12,Over
0,whisper,221,2,Skip
0,whisper,222,12,Over
0,whisper,223,1,Over
0,whisper,224,2,Skip
0,whisper,225,12,Over
0,whisper,226,1,Over
0,whisper,227,2,Skip
0,whisper,228,2,Skip
0,whisper,229,12,Over
0,whisper,230,1,Over
0,whisper,231,2,Skip
0,whisper,232,1,Over
0,whisper,233,12,Over
0,whisper,234,2,Skip
0,whisper,235,1,Over
0,whisper,236,12,Over
0,whisper,237,2,Skip
0,whisper,238,1,Over
0,whisper,239,12,Over
0,talk,120,4,Over
0,talk,121,1,Over
0,talk,122,2,ESTIMATE Agent[07] VILLAGER
0,talk,123,14,Over
0,talk,124,8,VOTE Agent[15]
0,talk,125,5,ESTIMATE Agent[03] WEREWOLF
0,talk,126,15,Over
0,talk,127,3,Over
0,talk,128,6,Over
0,talk,129,7,Over
0,talk,130,9,Over
0,talk,131,10,Over
0,talk,132,11,Over
0,talk,133,12,Over
0,talk,134,13,Over
0,whisper,240,2,Skip
0,whisper,241,12,Over
0,whisper,242,1,Over
0,whisper,243,2,Skip
0,whisper,244,1,Over
0,whisper,245,12,Over
0,whisper,246,2,Skip
0,whisper,247,1,Over
0,whisper,248,12,Over
0,whisper,249,2,Skip
0,whisper,250,1,Over
0,whisper,251,12,Over
0,whisper,252,2,Skip
0,whisper,253,1,Over
0,whisper,254,12,Over
0,whisper,255,2,Skip
0,whisper,256,1,Over
0,whisper,257,12,Over
0,whisper,258,2,Skip
0,whisper,259,1,Over
0,whisper,260,12,Over
0,whisper,261,2,Skip
0,whisper,262,1,Over
0,whisper,263,12,Over
0,whisper,264,2,Skip
0,whisper,265,1,Over
0,whisper,266,12,Over
0,whisper,267,2,Skip
0,whisper,268,1,Over
0,whisper,269,12,Over
0,talk,135,5,ESTIMATE Agent[15] MEDIUM
0,talk,136,1,Over
0,talk,137,4,Over
0,talk,138,2,ESTIMATE Agent[03] VILLAGER
0,talk,139,14,Over
0,talk,140,8,VOTE Agent[05]
0,talk,141,3,Over
0,talk,142,6,Over
0,talk,143,7,Over
0,talk,144,9,Over
0,talk,145,10,Over
0,talk,146,11,Over
0,talk,147,12,Over
0,talk,148,13,Over
0,talk,149,15,Over
0,whisper,270,1,Over
0,whisper,271,12,Over
0,whisper,272,2,Skip
0,whisper,273,12,Over
0,whisper,274,1,Over
0,whisper,275,2,Skip
0,whisper,276,12,Over
0,whisper,277,2,Skip
0,whisper,278,1,Over
0,whisper,279,2,Skip
0,whisper,280,12,Over
0,whisper,281,1,Over
0,whisper,282,2,Skip
0,whisper,283,1,Over
0,whisper,284,12,Over
0,whisper,285,2,Skip
0,whisper,286,1,Over
0,whisper,287,12,Over
0,whisper,288,2,Skip
0,whisper,289,1,Over
0,whisper,290,12,Over
0,whisper,291,2,Skip
0,whisper,292,1,Over
0,whisper,293,12,Over
0,whisper,294,2,Skip
0,whisper,295,1,Over
0,whisper,296,12,Over
0,whisper,297,2,Skip
0,whisper,298,1,Over
0,whisper,299,12,Over
0,divine,10,12,WEREWOLF
1,status,1,WEREWOLF,ALIVE,cash
1,status,2,WEREWOLF,ALIVE,kSugar
1,status,3,VILLAGER,ALIVE,haretaro
1,status,4,VILLAGER,ALIVE,Kanolab
1,status,5,VILLAGER,ALIVE,wasabi
1,status,6,POSSESSED,ALIVE,TOT
1,status,7,VILLAGER,ALIVE,nakamura
1,status,8,VILLAGER,ALIVE,iace10442
1,status,9,BODYGUARD,ALIVE,tkAI
1,status,10,SEER,ALIVE,NLwolf
1,status,11,VILLAGER,ALIVE,carlo
1,status,12,WEREWOLF,ALIVE,twn480
1,status,13,VILLAGER,ALIVE,KajiGod
1,status,14,VILLAGER,ALIVE,howls
1,status,15,MEDIUM,ALIVE,Udon
1,talk,0,4,VOTE Agent[14]
1,talk,1,10,DIVINED Agent[12] WEREWOLF
1,talk,2,5,ESTIMATE Agent[15] MEDIUM
1,talk,3,9,Over
1,talk,4,14,Over
1,talk,5,8,Skip
1,talk,6,11,VOTE Agent[12]
1,talk,7,13,VOTE Agent[14]
1,talk,8,2,VOTE Agent[15]
1,talk,9,3,VOTE Agent[06]
1,talk,10,1,Skip
1,talk,11,6,COMINGOUT Agent[06] SEER
1,talk,12,15,VOTE Agent[12]
1,talk,13,12,Over
1,talk,14,7,ESTIMATE Agent[13] WEREWOLF
1,whisper,0,2,ATTACK Agent[11]
1,whisper,1,1,Skip
1,whisper,2,12,Over
1,whisper,3,2,Skip
1,whisper,4,1,ATTACK Agent[15]
1,whisper,5,12,Over
1,whisper,6,2,Skip
1,whisper,7,1,Over
1,whisper,8,12,Over
1,whisper,9,2,Skip
1,whisper,10,1,Over
1,whisper,11,12,Over
1,whisper,12,2,Skip
1,whisper,13,1,Over
1,whisper,14,12,Over
1,whisper,15,2,Skip
1,whisper,16,1,Over
1,whisper,17,12,Over
1,whisper,18,2,Skip
1,whisper,19,1,Over
1,whisper,20,12,Over
1,whisper,21,2,Skip
1,whisper,22,1,Over
1,whisper,23,12,Over
1,whisper,24,2,ATTACK Agent[11]
1,whisper,25,1,Over
1,whisper,26,12,Over
1,whisper,27,2,VOTE Agent[15]
1,whisper,28,1,Over
1,whisper,29,12,Over
1,talk,15,9,Over
1,talk,16,11,Over
1,talk,17,5,ESTIMATE Agent[15] MEDIUM
1,talk,18,13,Over
1,talk,19,15,ESTIMATE Agent[01] WEREWOLF
1,talk,20,4,VOTE Agent[03]
1,talk,21,8,Skip
1,talk,22,2,VOTE Agent[15]
1,talk,23,10,Skip
1,talk,24,14,Over
1,talk,25,1,VOTE Agent[11]
1,talk,26,12,Over
1,talk,27,7,VOTE Agent[13]
1,talk,28,6,VOTE Agent[09]
1,talk,29,3,VOTE Agent[12]
1,whisper,30,12,Over
1,whisper,31,2,ATTACK Agent[11]
1,whisper,32,1,Over
1,whisper,33,2,Skip
1,whisper,34,12,Over
1,whisper,35,1,Over
1,whisper,36,2,Skip
1,whisper,37,1,Over
1,whisper,38,12,Over
1,whisper,39,2,Skip
1,whisper,40,1,Over
1,whisper,41,12,Over
1,whisper,42,2,Skip
1,whisper,43,1,Over
1,whisper,44,12,Over
1,whisper,45,2,Skip
1,whisper,46,1,Over
1,whisper,47,12,Over
1,whisper,48,2,Skip
1,whisper,49,1,Over
1,whisper,50,12,Over
1,whisper,51,2,Skip
1,whisper,52,1,Over
1,whisper,53,12,Over
1,whisper,54,2,ATTACK Agent[11]
1,whisper,55,1,Over
1,whisper,56,12,Over
1,whisper,57,2,VOTE Agent[15]
1,whisper,58,1,Over
1,whisper,59,12,Over
1,talk,30,2,ESTIMATE Agent[01] VILLAGER
1,talk,31,4,VOTE Agent[07]
1,talk,32,13,Over
1,talk,33,12,Over
1,talk,34,7,Over
1,talk,35,3,Skip
1,talk,36,14,Over
1,talk,37,10,Skip
1,talk,38,15,ESTIMATE Agent[02] WEREWOLF
1,talk,39,8,Skip
1,talk,40,6,Over
1,talk,41,1,Over
1,talk,42,9,Over
1,talk,43,5,ESTIMATE Agent[04] WEREWOLF
1,talk,44,11,Over
1,whisper,60,1,Over
1,whisper,61,2,ATTACK Agent[11]
1,whisper,62,12,Over
1,whisper,63,2,Skip
1,whisper,64,1,Over
1,whisper,65,12,Over
1,whisper,66,2,Skip
1,whisper,67,1,Over
1,whisper,68,12,Over
1,whisper,69,2,Skip
1,whisper,70,1,Over
1,whisper,71,12,Over
1,whisper,72,2,Skip
1,whisper,73,1,Over
1,whisper,74,12,Over
1,whisper,75,2,Skip
1,whisper,76,1,Over
1,whisper,77,12,Over
1,whisper,78,2,Skip
1,whisper,79,1,Over
1,whisper,80,12,Over
1,whisper,81,2,Skip
1,whisper,82,1,Over
1,whisper,83,12,Over
1,whisper,84,2,ATTACK Agent[11]
1,whisper,85,1,Over
1,whisper,86,12,Over
1,whisper,87,2,VOTE Agent[15]
1,whisper,88,1,Over
1,whisper,89,12,Over
1,talk,45,13,Over
1,talk,46,7,Over
1,talk,47,14,Over
1,talk,48,12,Over
1,talk,49,2,VOTE Agent[15]
1,talk,50,4,VOTE Agent[13]
1,talk,51,6,Over
1,talk,52,3,Skip
1,talk,53,8,VOTE Agent[05]
1,talk,54,15,ESTIMATE Agent[07] WEREWOLF
1,talk,55,9,Over
1,talk,56,1,Over
1,talk,57,5,ESTIMATE Agent[13] WEREWOLF
1,talk,58,10,Skip
1,talk,59,11,Over
1,whisper,90,12,Over
1,whisper,91,1,Over
1,whisper,92,2,ATTACK Agent[11]
1,whisper,93,12,Over
1,whisper,94,2,Skip
1,whisper,95,1,Over
1,whisper,96,12,Over
1,whisper,97,2,Skip
1,whisper,98,1,Over
1,whisper,99,2,Skip
1,whisper,100,12,Over
1,whisper,101,1,Over
1,whisper,102,2,Skip
1,whisper,103,1,Over
1,whisper,104,12,Over
1,whisper,105,2,Skip
1,whisper,106,1,Over
1,whisper,107,12,Over
1,whisper,108,2,Skip
1,whisper,109,1,Over
1,whisper,110,12,Over
1,whisper,111,2,Skip
1,whisper,112,1,Over
1,whisper,113,12,Over
1,whisper,114,2,ATTACK Agent[11]
1,whisper,115,1,Over
1,whisper,116,12,Over
1,whisper,117,2,VOTE Agent[15]
1,whisper,118,1,Over
1,whisper,119,12,Over
1,talk,60,10,VOTE Agent[14]
1,talk,61,1,Over
1,talk,62,12,Over
1,talk,63,14,Over
1,talk,64,9,Over
1,talk,65,2,VOTE Agent[14]
1,talk,66,4,VOTE Agent[08]
1,talk,67,15,Over
1,talk,68,7,Over
1,talk,69,3,VOTE Agent[14]
1,talk,70,13,Over
1,talk,71,8,VOTE Agent[12]
1,talk,72,5,ESTIMATE Agent[02] WEREWOLF
1,talk,73,6,Over
1,talk,74,11,Over
1,whisper,120,12,Over
1,whisper,121,1,Over
1,whisper,122,2,ATTACK Agent[11]
1,whisper,123,12,Over
1,whisper,124,2,Skip
1,whisper,125,1,Over
1,whisper,126,2,Skip
1,whisper,127,12,Over
1,whisper,128,1,Over
1,whisper,129,2,Skip
1,whisper,130,1,Over
1,whisper,131,12,Over
1,whisper,132,2,Skip
1,whisper,133,1,Over
1,whisper,134,12,Over
1,whisper,135,2,Skip
1,whisper,136,1,Over
1,whisper,137,12,Over
1,whisper,138,2,Skip
1,whisper,139,1,Over
1,whisper,140,12,Over
1,whisper,141,2,Skip
1,whisper,142,1,Over
1,whisper,143,12,Over
1,whisper,144,2,ATTACK Agent[11]
1,whisper,145,1,Over
1,whisper,146,12,Over
1,whisper,147,2,VOTE Agent[15]
1,whisper,148,1,Over
1,whisper,149,12,Over
1,talk,75,14,Over
1,talk,76,1,Over
1,talk,77,9,Over
1,talk,78,13,Over
1,talk,79,5,ESTIMATE Agent[07] WEREWOLF
1,talk,80,4,VOTE Agent[09]
1,talk,81,7,Over
1,talk,82,3,VOTE Agent[12]
1,talk,83,8,VOTE Agent[15]
1,talk,84,12,Over
1,talk,85,15,Over
1,talk,86,2,VOTE Agent[14]
1,talk,87,10,Over
1,talk,88,6,Over
1,talk,89,11,Over
1,whisper,150,1,Over
1,whisper,151,12,Over
1,whisper,152,2,ATTACK Agent[11]
1,whisper,153,1,Over
1,whisper,154,12,Over
1,whisper,155,2,Skip
1,whisper,156,12,Over
1,whisper,157,2,Skip
1,whisper,158,1,Over
1,whisper,159,12,Over
1,whisper,160,2,Skip
1,whisper,161,1,Over
1,whisper,162,2,Skip
1,whisper,163,12,Over
1,whisper,164,1,Over
1,whisper,165,2,Skip
1,whisper,166,1,Over
1,whisper,167,12,Over
1,whisper,168,2,Skip
1,whisper,169,1,Over
1,whisper,170,12,Over
1,whisper,171,2,Skip
1,whisper,172,1,Over
1,whisper,173,12,Over
1,whisper,174,2,ATTACK Agent[11]
1,whisper,175,1,Over
1,whisper,176,12,Over
1,whisper,177,2,VOTE Agent[15]
1,whisper,178,1,Over
1,whisper,179,12,Over
1,talk,90,4,VOTE Agent[15]
1,talk,91,9,Over
1,talk,92,8,VOTE Agent[12]
1,talk,93,2,Skip
1,talk,94,12,Over
1,talk,95,7,Over
1,talk,96,1,Over
1,talk,97,5,ESTIMATE Agent[09] WEREWOLF
1,talk,98,13,Over
1,talk,99,14,Over
1,talk,100,3,Skip
1,talk,101,15,Over
1,talk,102,6,Over
1,talk,103,10,Over
1,talk,104,11,Over
1,whisper,180,12,Over
1,whisper,181,1,Over
1,whisper,182,2,ATTACK Agent[11]
1,whisper,183,12,Over
1,whisper,184,1,Over
1,whisper,185,2,Skip
1,whisper,186,1,Over
1,whisper,187,12,Over
1,whisper,188,2,Skip
1,whisper,189,12,Over
1,whisper,190,2,Skip
1,whisper,191,1,Over
1,whisper,192,2,Skip
1,whisper,193,12,Over
1,whisper,194,1,Over
1,whisper,195,2,Skip
1,whisper,196,1,Over
1,whisper,197,12,Over
1,whisper,198,2,Skip
1,whisper,199,1,Over
1,whisper,200,12,Over
1,whisper,201,2,Skip
1,whisper,202,1,Over
1,whisper,203,12,Over
1,whisper,204,2,ATTACK Agent[11]
1,whisper,205,1,Over
1,whisper,206,12,Over
1,whisper,207,2,VOTE Agent[15]
1,whisper,208,1,Over
1,whisper,209,12,Over
1,talk,105,3,Skip
1,talk,106,12,Over
1,talk,107,4,VOTE Agent[12]
1,talk,108,9,Over
1,talk,109,2,Skip
1,talk,110,1,Over
1,talk,111,8,VOTE Agent[15]
1,talk,112,13,Over
1,talk,113,14,Over
1,talk,114,7,Over
1,talk,115,5,ESTIMATE Agent[06] SEER
1,talk,116,6,Over
1,talk,117,10,Over
1,talk,118,11,Over
1,talk,119,15,Over
1,whisper,210,12,Over
1,whisper,211,2,ATTACK Agent[10]
1,whisper,212,1,Over
1,whisper,213,12,Over
1,whisper,214,2,Skip
1,whisper,215,1,Over
1,whisper,216,12,Over
1,whisper,217,2,Skip
1,whisper,218,1,Over
1,whisper,219,12,Over
1,whisper,220,2,Skip
1,whisper,221,1,Over
1,whisper,222,12,Over
1,whisper,223,2,Skip
1,whisper,224,1,Over
1,whisper,225,2,Skip
1,whisper,226,12,Over
1,whisper,227,1,Over
1,whisper,228,2,Skip
1,whisper,229,1,Over
1,whisper,230,12,Over
1,whisper,231,2,Skip
1,whisper,232,1,Over
1,whisper,233,12,Over
1,whisper,234,2,ATTACK Agent[10]
1,whisper,235,1,Over
1,whisper,236,12,Over
1,whisper,237,2,VOTE Agent[15]
1,whisper,238,1,Over
1,whisper,239,12,Over
1,talk,120,13,Over
1,talk,121,8,VOTE Agent[06]
1,talk,122,12,Over
1,talk,123,4,ESTIMATE Agent[06] SEER
1,talk,124,5,Skip
1,talk,125,14,Over
1,talk,126,3,Skip
1,talk,127,7,Over
1,talk,128,1,Over
1,talk,129,9,Over
1,talk,130,2,Skip
1,talk,131,6,Over
1,talk,132,10,Over
1,talk,133,11,Over
1,talk,134,15,Over
1,whisper,240,1,Over
1,whisper,241,12,Over
1,whisper,242,2,ATTACK Agent[10]
1,whisper,243,1,Over
1,whisper,244,12,Over
1,whisper,245,2,Skip
1,whisper,246,1,Over
1,whisper,247,2,Skip
1,whisper,248,12,Over
1,whisper,249,2,Skip
1,whisper,250,1,Over
1,whisper,251,12,Over
1,whisper,252,2,Skip
1,whisper,253,1,Over
1,whisper,254,12,Over
1,whisper,255,2,Skip
1,whisper,256,1,Over
1,whisper,257,12,Over
1,whisper,258,2,Skip
1,whisper,259,1,Over
1,whisper,260,12,Over
1,whisper,261,2,Skip
1,whisper,262,1,Over
1,whisper,263,12,Over
1,whisper,264,2,ATTACK Agent[10]
1,whisper,265,1,Over
1,whisper,266,12,Over
1,whisper,267,2,VOTE Agent[15]
1,whisper,268,1,Over
1,whisper,269,12,Over
1,talk,135,8,Over
1,talk,136,7,Over
1,talk,137,4,ESTIMATE Agent[15] MEDIUM
1,talk,138,2,Skip
1,talk,139,5,ESTIMATE Agent[09] WEREWOLF
1,talk,140,9,Over
1,talk,141,3,Skip
1,talk,142,13,Over
1,talk,143,12,Over
1,talk,144,1,Over
1,talk,145,14,Over
1,talk,146,6,Over
1,talk,147,10,Over
1,talk,148,11,Over
1,talk,149,15,Over
1,whisper,270,2,ATTACK Agent[10]
1,whisper,271,1,Over
1,whisper,272,12,Over
1,whisper,273,2,Skip
1,whisper,274,1,Over
1,whisper,275,12,Over
1,whisper,276,2,Skip
1,whisper,277,1,Over
1,whisper,278,12,Over
1,whisper,279,2,Skip
1,whisper,280,1,Over
1,whisper,281,12,Over
1,whisper,282,2,Skip
1,whisper,283,1,Over
1,whisper,284,12,Over
1,whisper,285,2,Skip
1,whisper,286,1,Over
1,whisper,287,12,Over
1,whisper,288,2,Skip
1,whisper,289,1,Over
1,whisper,290,12,Over
1,whisper,291,2,Skip
1,whisper,292,1,Over
1,whisper,293,12,Over
1,whisper,294,2,ATTACK Agent[10]
1,whisper,295,1,Over
1,whisper,296,12,Over
1,whisper,297,2,VOTE Agent[15]
1,whisper,298,1,Over
1,whisper,299,12,Over
1,vote,1,11
1,vote,2,12
1,vote,3,12
1,vote,4,13
1,vote,5,9
1,vote,6,9
1,vote,7,13
1,vote,8,6
1,vote,9,2
1,vote,10,14
1,vote,11,12
1,vote,12,14
1,vote,13,14
1,vote,14,9
1,vote,15,12
1,divine,10,13,HUMAN
1,guard,9,10,SEER
1,attackVote,1,15
1,attackVote,2,10
1,execute,12,WEREWOLF
1,attack,10,false
2,status,1,WEREWOLF,ALIVE,cash
2,status,2,WEREWOLF,ALIVE,kSugar
2,status,3,VILLAGER,ALIVE,haretaro
2,status,4,VILLAGER,ALIVE,Kanolab
2,status,5,VILLAGER,ALIVE,wasabi
2,status,6,POSSESSED,ALIVE,TOT
2,status,7,VILLAGER,ALIVE,nakamura
2,status,8,VILLAGER,ALIVE,iace10442
2,status,9,BODYGUARD,ALIVE,tkAI
2,status,10,SEER,ALIVE,NLwolf
2,status,11,VILLAGER,ALIVE,carlo
2,status,12,WEREWOLF,DEAD,twn480
2,status,13,VILLAGER,ALIVE,KajiGod
2,status,14,VILLAGER,ALIVE,howls
2,status,15,MEDIUM,ALIVE,Udon
2,talk,0,3,VOTE Agent[09]
2,talk,1,6,VOTE Agent[09]
2,talk,2,10,DIVINED Agent[13] HUMAN
2,talk,3,5,ESTIMATE Agent[08] WEREWOLF
2,talk,4,13,VOTE Agent[11]
2,talk,5,9,Over
2,talk,6,7,ESTIMATE Agent[13] WEREWOLF
2,talk,7,11,VOTE Agent[01]
2,talk,8,14,Over
2,talk,9,1,VOTE Agent[11]
2,talk,10,4,VOTE Agent[13]
2,talk,11,8,Skip
2,talk,12,2,VOTE Agent[05]
2,talk,13,15,INQUESTED Agent[12] WEREWOLF
2,whisper,0,1,ATTACK Agent[15]
2,whisper,1,2,Skip
2,whisper,2,1,Over
2,whisper,3,2,Skip
2,whisper,4,2,Skip
2,whisper,5,1,Over
2,whisper,6,2,Skip
2,whisper,7,1,Over
2,whisper,8,2,Skip
2,whisper,9,1,Over
2,whisper,10,2,Skip
2,whisper,11,1,Over
2,whisper,12,2,Skip
2,whisper,13,1,Over
2,whisper,14,2,Skip
2,whisper,15,1,Over
2,whisper,16,2,Skip
2,whisper,17,1,Over
2,whisper,18,2,Skip
2,whisper,19,1,Over
2,talk,14,9,Over
2,talk,15,5,ESTIMATE Agent[02] WEREWOLF
2,talk,16,8,Skip
2,talk,17,14,Over
2,talk,18,11,ESTIMATE Agent[10] SEER
2,talk,19,6,Over
2,talk,20,2,VOTE Agent[05]
2,talk,21,3,VOTE Agent[11]
2,talk,22,10,Skip
2,talk,23,1,VOTE Agent[03]
2,talk,24,7,VOTE Agent[13]
2,talk,25,13,Over
2,talk,26,4,VOTE Agent[04]
2,talk,27,15,VOTE Agent[01]
2,whisper,20,2,Skip
2,whisper,21,1,Over
2,whisper,22,2,Skip
2,whisper,23,1,Over
2,whisper,24,2,Skip
2,whisper,25,1,Over
2,whisper,26,2,Skip
2,whisper,27,1,Over
2,whisper,28,2,Skip
2,whisper,29,1,Over
2,whisper,30,2,Skip
2,whisper,31,1,Over
2,whisper,32,2,Skip
2,whisper,33,1,Over
2,whisper,34,2,Skip
2,whisper,35,1,Over
2,whisper,36,2,Skip
2,whisper,37,1,Over
2,whisper,38,2,Skip
2,whisper,39,1,Over
2,talk,28,15,ESTIMATE Agent[06] WEREWOLF
2,talk,29,11,VOTE Agent[12]
2,talk,30,6,Over
2,talk,31,4,ESTIMATE Agent[06] SEER
2,talk,32,8,Skip
2,talk,33,5,ESTIMATE Agent[03] WEREWOLF
2,talk,34,9,Over
2,talk,35,1,Over
2,talk,36,13,Over
2,talk,37,14,Over
2,talk,38,7,Over
2,talk,39,2,VOTE Agent[11]
2,talk,40,10,Skip
2,talk,41,3,Skip
2,whisper,40,2,Skip
2,whisper,41,1,Over
2,whisper,42,2,Skip
2,whisper,43,1,Over
2,whisper,44,2,Skip
2,whisper,45,1,Over
2,whisper,46,2,Skip
2,whisper,47,1,Over
2,whisper,48,2,Skip
2,whisper,49,1,Over
2,whisper,50,2,Skip
2,whisper,51,1,Over
2,whisper,52,2,Skip
2,whisper,53,1,Over
2,whisper,54,2,Skip
2,whisper,55,1,Over
2,whisper,56,2,Skip
2,whisper,57,1,Over
2,whisper,58,2,Skip
2,whisper,59,1,Over
2,talk,42,9,Over
2,talk,43,8,VOTE Agent[15]
2,talk,44,1,Over
2,talk,45,7,Over
2,talk,46,5,ESTIMATE Agent[01] WEREWOLF
2,talk,47,2,VOTE Agent[11]
2,talk,48,13,Over
2,talk,49,6,Over
2,talk,50,3,Skip
2,talk,51,4,VOTE Agent[05]
2,talk,52,15,ESTIMATE Agent[07] WEREWOLF
2,talk,53,14,Over
2,talk,54,10,Skip
2,talk,55,11,Over
2,whisper,60,2,Skip
2,whisper,61,1,Over
2,whisper,62,2,Skip
2,whisper,63,1,Over
2,whisper,64,2,Skip
2,whisper,65,1,Over
2,whisper,66,2,Skip
2,whisper,67,1,Over
2,whisper,68,2,Skip
2,whisper,69,1,Over
2,whisper,70,2,Skip
2,whisper,71,1,Over
2,whisper,72,2,Skip
2,whisper,73,1,Over
2,whisper,74,2,Skip
2,whisper,75,1,Over
2,whisper,76,2,Skip
2,whisper,77,1,Over
2,whisper,78,2,Skip
2,whisper,79,1,Over
2,talk,56,15,ESTIMATE Agent[12] WEREWOLF
2,talk,57,1,Over
2,talk,58,10,VOTE Agent[03]
2,talk,59,7,Over
2,talk,60,13,Over
2,talk,61,3,Skip
2,talk,62,8,VOTE Agent[05]
2,talk,63,2,VOTE Agent[11]
2,talk,64,6,Over
2,talk,65,9,Over
2,talk,66,14,Over
2,talk,67,4,VOTE Agent[09]
2,talk,68,5,ESTIMATE Agent[11] WEREWOLF
2,talk,69,11,Over
2,whisper,80,2,Skip
2,whisper,81,1,Over
2,whisper,82,2,Skip
2,whisper,83,1,Over
2,whisper,84,2,Skip
2,whisper,85,1,Over
2,whisper,86,2,Skip
2,whisper,87,1,Over
2,whisper,88,2,Skip
2,whisper,89,1,Over
2,whisper,90,2,Skip
2,whisper,91,1,Over
2,whisper,92,2,Skip
2,whisper,93,1,Over
2,whisper,94,2,Skip
2,whisper,95,1,Over
2,whisper,96,2,Skip
2,whisper,97,1,Over
2,whisper,98,2,Skip
2,whisper,99,1,Over
2,talk,70,6,Over
2,talk,71,5,ESTIMATE Agent[13] WEREWOLF
2,talk,72,9,Over
2,talk,73,2,VOTE Agent[11]
2,talk,74,1,Over
2,talk,75,15,Over
2,talk,76,10,Over
2,talk,77,14,Over
2,talk,78,3,VOTE Agent[09]
2,talk,79,13,Over
2,talk,80,8,VOTE Agent[15]
2,talk,81,4,VOTE Agent[08]
2,talk,82,7,Over
2,talk,83,11,Over
2,whisper,100,1,Over
2,whisper,101,2,Skip
2,whisper,102,2,Skip
2,whisper,103,1,Over
2,whisper,104,2,Skip
2,whisper,105,1,Over
2,whisper,106,2,Skip
2,whisper,107,1,Over
2,whisper,108,2,Skip
2,whisper,109,1,Over
2,whisper,110,2,Skip
2,whisper,111,1,Over
2,whisper,112,2,Skip
2,whisper,113,1,Over
2,whisper,114,2,Skip
2,whisper,115,1,Over
2,whisper,116,2,Skip
2,whisper,117,1,Over
2,whisper,118,2,Skip
2,whisper,119,1,Over
2,talk,84,9,Over
2,talk,85,10,Over
2,talk,86,13,Over
2,talk,87,2,ESTIMATE Agent[01] VILLAGER
2,talk,88,5,ESTIMATE Agent[02] WEREWOLF
2,talk,89,3,VOTE Agent[11]
2,talk,90,4,VOTE Agent[01]
2,talk,91,1,Over
2,talk,92,6,Over
2,talk,93,14,Over
2,talk,94,15,Over
2,talk,95,8,VOTE Agent[05]
2,talk,96,7,Over
2,talk,97,11,Over
2,whisper,120,1,Over
2,whisper,121,2,Skip
2,whisper,122,1,Over
2,whisper,123,2,Skip
2,whisper,124,2,Skip
2,whisper,125,1,Over
2,whisper,126,2,Skip
2,whisper,127,1,Over
2,whisper,128,2,Skip
2,whisper,129,1,Over
2,whisper,130,2,Skip
2,whisper,131,1,Over
2,whisper,132,2,Skip
2,whisper,133,1,Over
2,whisper,134,2,Skip
2,whisper,135,1,Over
2,whisper,136,2,Skip
2,whisper,137,1,Over
2,whisper,138,2,Skip
2,whisper,139,1,Over
2,talk,98,1,Over
2,talk,99,10,Over
2,talk,100,15,Over
2,talk,101,2,ESTIMATE Agent[03] VILLAGER
2,talk,102,6,Over
2,talk,103,8,Over
2,talk,104,4,VOTE Agent[11]
2,talk,105,14,Over
2,talk,106,3,Skip
2,talk,107,13,Over
2,talk,108,5,ESTIMATE Agent[10] WEREWOLF
2,talk,109,9,Over
2,talk,110,7,Over
2,talk,111,11,Over
2,whisper,140,2,Skip
2,whisper,141,1,Over
2,whisper,142,2,Skip
2,whisper,143,1,Over
2,whisper,144,2,Skip
2,whisper,145,1,Over
2,whisper,146,2,Skip
2,whisper,147,1,Over
2,whisper,148,2,Skip
2,whisper,149,1,Over
2,whisper,150,2,Skip
2,whisper,151,1,Over
2,whisper,152,2,Skip
2,whisper,153,1,Over
2,whisper,154,2,Skip
2,whisper,155,1,Over
2,whisper,156,2,Skip
2,whisper,157,1,Over
2,whisper,158,2,Skip
2,whisper,159,1,Over
2,talk,112,3,Skip
2,talk,113,13,Over
2,talk,114,6,Over
2,talk,115,1,Over
2,talk,116,5,ESTIMATE Agent[08] WEREWOLF
2,talk,117,8,Over
2,talk,118,4,VOTE Agent[10]
2,talk,119,14,Over
2,talk,120,2,Skip
2,talk,121,15,Over
2,talk,122,10,Over
2,talk,123,7,Over
2,talk,124,9,Over
2,talk,125,11,Over
2,whisper,160,1,Over
2,whisper,161,2,Skip
2,whisper,162,2,Skip
2,whisper,163,1,Over
2,whisper,164,2,Skip
2,whisper,165,1,Over
2,whisper,166,2,Skip
2,whisper,167,1,Over
2,whisper,168,2,Skip
2,whisper,169,1,Over
2,whisper,170,2,Skip
2,whisper,171,1,Over
2,whisper,172,2,Skip
2,whisper,173,1,Over
2,whisper,174,2,Skip
2,whisper,175,1,Over
2,whisper,176,2,Skip
2,whisper,177,1,Over
2,whisper,178,2,Skip
2,whisper,179,1,Over
2,talk,126,3,Skip
2,talk,127,2,Skip
2,talk,128,6,Over
2,talk,129,4,VOTE Agent[15]
2,talk,130,14,Over
2,talk,131,1,Over
2,talk,132,13,Over
2,talk,133,8,VOTE Agent[15]
2,talk,134,5,ESTIMATE Agent[13] WEREWOLF
2,talk,135,7,Over
2,talk,136,9,Over
2,talk,137,10,Over
2,talk,138,11,Over
2,talk,139,15,Over
2,whisper,180,2,Skip
2,whisper,181,1,Over
2,whisper,182,2,Skip
2,whisper,183,1,Over
2,whisper,184,2,Skip
2,whisper,185,1,Over
2,whisper,186,2,Skip
2,whisper,187,1,Over
2,whisper,188,2,Skip
2,whisper,189,1,Over
2,whisper,190,2,Skip
2,whisper,191,1,Over
2,whisper,192,2,Skip
2,whisper,193,1,Over
2,whisper,194,2,Skip
2,whisper,195,1,Over
2,whisper,196,2,Skip
2,whisper,197,1,Over
2,whisper,198,2,Skip
2,whisper,199,1,Over
2,vote,1,3
2,vote,2,11
2,vote,3,11
2,vote,4,3
2,vote,5,2
2,vote,6,9
2,vote,7,13
2,vote,8,15
2,vote,9,2
2,vote,10,3
2,vote,11,2
2,vote,13,11
2,vote,14,1
2,vote,15,1
2,divine,10,8,HUMAN
2,guard,9,11,VILLAGER
2,attackVote,1,15
2,attackVote,2,3
2,execute,3,VILLAGER
2,attack,-1,false
3,status,1,WEREWOLF,ALIVE,cash
3,status,2,WEREWOLF,ALIVE,kSugar
3,status,3,VILLAGER,DEAD,haretaro
3,status,4,VILLAGER,ALIVE,Kanolab
3,status,5,VILLAGER,ALIVE,wasabi
3,status,6,POSSESSED,ALIVE,TOT
3,status,7,VILLAGER,ALIVE,nakamura
3,status,8,VILLAGER,ALIVE,iace10442
3,status,9,BODYGUARD,ALIVE,tkAI
3,status,10,SEER,ALIVE,NLwolf
3,status,11,VILLAGER,ALIVE,carlo
3,status,12,WEREWOLF,DEAD,twn480
3,status,13,VILLAGER,ALIVE,KajiGod
3,status,14,VILLAGER,ALIVE,howls
3,status,15,MEDIUM,ALIVE,Udon
3,talk,0,5,ESTIMATE Agent[15] MEDIUM
3,talk,1,8,Skip
3,talk,2,9,Over
3,talk,3,13,VOTE Agent[04]
3,talk,4,14,Over
3,talk,5,1,VOTE Agent[04]
3,talk,6,2,VOTE Agent[05]
3,talk,7,7,ESTIMATE Agent[13] WEREWOLF
3,talk,8,15,INQUESTED Agent[03] HUMAN
3,talk,9,10,DIVINED Agent[08] HUMAN
3,talk,10,6,VOTE Agent[09]
3,talk,11,4,VOTE Agent[04]
3,talk,12,11,VOTE Agent[12]
3,whisper,0,2,Skip
3,whisper,1,1,Skip
3,whisper,2,1,ATTACK Agent[15]
3,whisper,3,2,Skip
3,whisper,4,1,Over
3,whisper,5,2,Skip
3,whisper,6,1,Over
3,whisper,7,2,Skip
3,whisper,8,2,Skip
3,whisper,9,1,Over
3,whisper,10,2,Skip
3,whisper,11,1,Over
3,whisper,12,2,Skip
3,whisper,13,1,Over
3,whisper,14,2,Skip
3,whisper,15,1,Over
3,whisper,16,2,Skip
3,whisper,17,1,Over
3,whisper,18,2,Skip
3,whisper,19,1,Over
3,talk,13,1,VOTE Agent[07]
3,talk,14,5,ESTIMATE Agent[06] SEER
3,talk,15,13,Over
3,talk,16,4,VOTE Agent[14]
3,talk,17,9,Over
3,talk,18,6,Over
3,talk,19,10,Skip
3,talk,20,7,VOTE Agent[13]
3,talk,21,2,VOTE Agent[05]
3,talk,22,15,VOTE Agent[07]
3,talk,23,8,Skip
3,talk,24,14,Over
3,talk,25,11,Over
3,whisper,20,1,Over
3,whisper,21,2,Skip
3,whisper,22,2,Skip
3,whisper,23,1,Over
3,whisper,24,2,Skip
3,whisper,25,1,Over
3,whisper,26,2,Skip
3,whisper,27,1,Over
3,whisper,28,2,Skip
3,whisper,29,1,Over
3,whisper,30,2,Skip
3,whisper,31,1,Over
3,whisper,32,2,Skip
3,whisper,33,1,Over
3,whisper,34,2,Skip
3,whisper,35,1,Over
3,whisper,36,2,Skip
3,whisper,37,1,Over
3,whisper,38,2,Skip
3,whisper,39,1,Over
3,talk,26,5,ESTIMATE Agent[08] WEREWOLF
3,talk,27,4,VOTE Agent[09]
3,talk,28,13,Over
3,talk,29,8,Skip
3,talk,30,1,Over
3,talk,31,7,Over
3,talk,32,6,Over
3,talk,33,10,Skip
3,talk,34,9,Over
3,talk,35,15,ESTIMATE Agent[04] WEREWOLF
3,talk,36,2,VOTE Agent[09]
3,talk,37,11,Over
3,talk,38,14,Over
3,whisper,40,1,Over
3,whisper,41,2,Skip
3,whisper,42,2,Skip
3,whisper,43,1,Over
3,whisper,44,2,Skip
3,whisper,45,1,Over
3,whisper,46,2,Skip
3,whisper,47,1,Over
3,whisper,48,2,Skip
3,whisper,49,1,Over
3,whisper,50,2,Skip
3,whisper,51,1,Over
3,whisper,52,2,Skip
3,whisper,53,1,Over
3,whisper,54,2,Skip
3,whisper,55,1,Over
3,whisper,56,2,Skip
3,whisper,57,1,Over
3,whisper,58,2,Skip
3,whisper,59,1,Over
3,talk,39,5,ESTIMATE Agent[02] WEREWOLF
3,talk,40,7,Over
3,talk,41,10,Skip
3,talk,42,15,ESTIMATE Agent[06] WEREWOLF
3,talk,43,9,Over
3,talk,44,2,VOTE Agent[09]
3,talk,45,6,Over
3,talk,46,4,VOTE Agent[07]
3,talk,47,13,Over
3,talk,48,1,Over
3,talk,49,8,VOTE Agent[05]
3,talk,50,11,Over
3,talk,51,14,Over
3,whisper,60,1,Over
3,whisper,61,2,Skip
3,whisper,62,1,Over
3,whisper,63,2,Skip
3,whisper,64,1,Over
3,whisper,65,2,Skip
3,whisper,66,1,Over
3,whisper,67,2,Skip
3,whisper,68,2,Skip
3,whisper,69,1,Over
3,whisper,70,2,Skip
3,whisper,71,1,Over
3,whisper,72,2,Skip
3,whisper,73,1,Over
3,whisper,74,2,Skip
3,whisper,75,1,Over
3,whisper,76,2,Skip
3,whisper,77,1,Over
3,whisper,78,2,Skip
3,whisper,79,1,Over
3,talk,52,2,VOTE Agent[07]
3,talk,53,6,Over
3,talk,54,8,Over
3,talk,55,15,ESTIMATE Agent[12] WEREWOLF
3,talk,56,4,ESTIMATE Agent[06] SEER
3,talk,57,7,Over
3,talk,58,5,ESTIMATE Agent[15] MEDIUM
3,talk,59,1,Over
3,talk,60,13,Over
3,talk,61,10,VOTE Agent[04]
3,talk,62,9,Over
3,talk,63,11,Over
3,talk,64,14,Over
3,whisper,80,1,Over
3,whisper,81,2,Skip
3,whisper,82,1,Over
3,whisper,83,2,Skip
3,whisper,84,1,Over
3,whisper,85,2,Skip
3,whisper,86,1,Over
3,whisper,87,2,Skip
3,whisper,88,1,Over
3,whisper,89,2,Skip
3,whisper,90,2,Skip
3,whisper,91,1,Over
3,whisper,92,2,Skip
3,whisper,93,1,Over
3,whisper,94,2,Skip
3,whisper,95,1,Over
3,whisper,96,2,Skip
3,whisper,97,1,Over
3,whisper,98,2,Skip
3,whisper,99,1,Over
3,talk,65,2,VOTE Agent[07]
3,talk,66,6,Over
3,talk,67,8,Over
3,talk,68,5,ESTIMATE Agent[11] WEREWOLF
3,talk,69,15,Over
3,talk,70,4,ESTIMATE Agent[15] MEDIUM
3,talk,71,10,Over
3,talk,72,1,Over
3,talk,73,7,Over
3,talk,74,13,Over
3,talk,75,9,Over
3,talk,76,11,Over
3,talk,77,14,Over
3,whisper,100,1,Over
3,whisper,101,2,Skip
3,whisper,102,1,Over
3,whisper,103,2,Skip
3,whisper,104,2,Skip
3,whisper,105,1,Over
3,whisper,106,2,Skip
3,whisper,107,1,Over
3,whisper,108,2,Skip
3,whisper,109,1,Over
3,whisper,110,2,Skip
3,whisper,111,1,Over
3,whisper,112,2,Skip
3,whisper,113,1,Over
3,whisper,114,2,Skip
3,whisper,115,1,Over
3,whisper,116,2,Skip
3,whisper,117,1,Over
3,whisper,118,2,Skip
3,whisper,119,1,Over
3,talk,78,8,VOTE Agent[01]
3,talk,79,2,ESTIMATE Agent[04] VILLAGER
3,talk,80,5,ESTIMATE Agent[08] WEREWOLF
3,talk,81,4,VOTE Agent[08]
3,talk,82,15,Over
3,talk,83,6,Over
3,talk,84,1,Over
3,talk,85,7,Over
3,talk,86,9,Over
3,talk,87,10,Over
3,talk,88,11,Over
3,talk,89,13,Over
3,talk,90,14,Over
3,whisper,120,1,Over
3,whisper,121,2,Skip
3,whisper,122,1,Over
3,whisper,123,2,Skip
3,whisper,124,2,Skip
3,whisper,125,1,Over
3,whisper,126,2,Skip
3,whisper,127,1,Over
3,whisper,128,2,Skip
3,whisper,129,1,Over
3,whisper,130,2,Skip
3,whisper,131,1,Over
3,whisper,132,2,Skip
3,whisper,133,1,Over
3,whisper,134,2,Skip
3,whisper,135,1,Over
3,whisper,136,2,Skip
3,whisper,137,1,Over
3,whisper,138,2,Skip
3,whisper,139,1,Over
3,talk,91,2,ESTIMATE Agent[07] VILLAGER
3,talk,92,8,VOTE Agent[06]
3,talk,93,5,Skip
3,talk,94,4,VOTE Agent[05]
3,talk,95,1,Over
3,talk,96,6,Over
3,talk,97,7,Over
3,talk,98,9,Over
3,talk,99,10,Over
3,talk,100,11,Over
3,talk,101,13,Over
3,talk,102,14,Over
3,talk,103,15,Over
3,whisper,140,1,Over
3,whisper,141,2,Skip
3,whisper,142,1,Over
3,whisper,143,2,Skip
3,whisper,144,1,Over
3,whisper,145,2,Skip
3,whisper,146,2,Skip
3,whisper,147,1,Over
3,whisper,148,2,Skip
3,whisper,149,1,Over
3,whisper,150,2,Skip
3,whisper,151,1,Over
3,whisper,152,2,Skip
3,whisper,153,1,Over
3,whisper,154,2,Skip
3,whisper,155,1,Over
3,whisper,156,2,Skip
3,whisper,157,1,Over
3,whisper,158,2,Skip
3,whisper,159,1,Over
3,talk,104,5,ESTIMATE Agent[09] WEREWOLF
3,talk,105,4,VOTE Agent[13]
3,talk,106,8,VOTE Agent[02]
3,talk,107,2,Skip
3,talk,108,1,Over
3,talk,109,6,Over
3,talk,110,7,Over
3,talk,111,9,Over
3,talk,112,10,Over
3,talk,113,11,Over
3,talk,114,13,Over
3,talk,115,14,Over
3,talk,116,15,Over
3,whisper,160,1,Over
3,whisper,161,2,Skip
3,whisper,162,2,Skip
3,whisper,163,1,Over
3,whisper,164,2,Skip
3,whisper,165,1,Over
3,whisper,166,2,Skip
3,whisper,167,1,Over
3,whisper,168,2,Skip
3,whisper,169,1,Over
3,whisper,170,2,Skip
3,whisper,171,1,Over
3,whisper,172,2,Skip
3,whisper,173,1,Over
3,whisper,174,2,Skip
3,whisper,175,1,Over
3,whisper,176,2,Skip
3,whisper,177,1,Over
3,whisper,178,2,Skip
3,whisper,179,1,Over
3,talk,117,5,ESTIMATE Agent[07] WEREWOLF
3,talk,118,4,VOTE Agent[15]
3,talk,119,8,VOTE Agent[06]
3,talk,120,2,Skip
3,talk,121,1,Over
3,talk,122,6,Over
3,talk,123,7,Over
3,talk,124,9,Over
3,talk,125,10,Over
3,talk,126,11,Over
3,talk,127,13,Over
3,talk,128,14,Over
3,talk,129,15,Over
3,whisper,180,1,Over
3,whisper,181,2,Skip
3,whisper,182,2,Skip
3,whisper,183,1,Over
3,whisper,184,2,Skip
3,whisper,185,1,Over
3,whisper,186,2,Skip
3,whisper,187,1,Over
3,whisper,188,2,Skip
3,whisper,189,1,Over
3,whisper,190,2,Skip
3,whisper,191,1,Over
3,whisper,192,2,Skip
3,whisper,193,1,Over
3,whisper,194,2,Skip
3,whisper,195,1,Over
3,whisper,196,2,Skip
3,whisper,197,1,Over
3,whisper,198,2,Skip
3,whisper,199,1,Over
3,vote,1,7
3,vote,2,7
3,vote,4,15
3,vote,5,2
3,vote,6,9
3,vote,7,13
3,vote,8,6
3,vote,9,2
3,vote,10,4
3,vote,11,5
3,vote,13,4
3,vote,14,13
3,vote,15,7
3,divine,10,1,WEREWOLF
3,guard,9,6,POSSESSED
3,attackVote,1,15
3,attackVote,2,7
3,execute,7,VILLAGER
3,attack,15,true
4,status,1,WEREWOLF,ALIVE,cash
4,status,2,WEREWOLF,ALIVE,kSugar
4,status,3,VILLAGER,DEAD,haretaro
4,status,4,VILLAGER,ALIVE,Kanolab
4,status,5,VILLAGER,ALIVE,wasabi
4,status,6,POSSESSED,ALIVE,TOT
4,status,7,VILLAGER,DEAD,nakamura
4,status,8,VILLAGER,ALIVE,iace10442
4,status,9,BODYGUARD,ALIVE,tkAI
4,status,10,SEER,ALIVE,NLwolf
4,status,11,VILLAGER,ALIVE,carlo
4,status,12,WEREWOLF,DEAD,twn480
4,status,13,VILLAGER,ALIVE,KajiGod
4,status,14,VILLAGER,ALIVE,howls
4,status,15,MEDIUM,DEAD,Udon
4,talk,0,1,VOTE Agent[14]
4,talk,1,5,ESTIMATE Agent[01] WEREWOLF
4,talk,2,2,VOTE Agent[05]
4,talk,3,13,VOTE Agent[09]
4,talk,4,6,VOTE Agent[09]
4,talk,5,9,Over
4,talk,6,11,ESTIMATE Agent[15] MEDIUM
4,talk,7,10,DIVINED Agent[01] WEREWOLF
4,talk,8,8,Skip
4,talk,9,14,Over
4,talk,10,4,VOTE Agent[11]
4,whisper,0,2,Skip
4,whisper,1,1,ATTACK Agent[06]
4,whisper,2,2,Skip
4,whisper,3,1,Over
4,whisper,4,2,Skip
4,whisper,5,1,Over
4,whisper,6,2,Skip
4,whisper,7,1,Over
4,whisper,8,2,Skip
4,whisper,9,1,Over
4,whisper,10,2,Skip
4,whisper,11,1,Over
4,whisper,12,2,Skip
4,whisper,13,1,Over
4,whisper,14,2,Skip
4,whisper,15,1,Over
4,whisper,16,2,Skip
4,whisper,17,1,Over
4,whisper,18,2,Skip
4,whisper,19,1,Over
4,talk,11,6,Over
4,talk,12,5,ESTIMATE Agent[10] WEREWOLF
4,talk,13,11,VOTE Agent[12]
4,talk,14,9,Over
4,talk,15,13,Over
4,talk,16,4,VOTE Agent[04]
4,talk,17,1,VOTE Agent[08]
4,talk,18,8,Skip
4,talk,19,14,Over
4,talk,20,10,Skip
4,talk,21,2,VOTE Agent[05]
4,whisper,20,2,Skip
4,whisper,21,1,Over
4,whisper,22,2,Skip
4,whisper,23,1,Over
4,whisper,24,2,Skip
4,whisper,25,1,Over
4,whisper,26,2,Skip
4,whisper,27,1,Over
4,whisper,28,2,Skip
4,whisper,29,1,Over
4,whisper,30,2,Skip
4,whisper,31,1,Over
4,whisper,32,2,Skip
4,whisper,33,1,Over
4,whisper,34,2,Skip
4,whisper,35,1,Over
4,whisper,36,2,Skip
4,whisper,37,1,Over
4,whisper,38,2,Skip
4,whisper,39,1,Over
4,talk,22,4,VOTE Agent[05]
4,talk,23,8,Skip
4,talk,24,14,Over
4,talk,25,10,Skip
4,talk,26,9,Over
4,talk,27,6,Over
4,talk,28,11,Over
4,talk,29,5,ESTIMATE Agent[06] SEER
4,talk,30,1,Over
4,talk,31,2,VOTE Agent[09]
4,talk,32,13,Over
4,whisper,40,2,Skip
4,whisper,41,1,Over
4,whisper,42,2,Skip
4,whisper,43,1,Over
4,whisper,44,2,Skip
4,whisper,45,1,Over
4,whisper,46,2,Skip
4,whisper,47,1,Over
4,whisper,48,2,Skip
4,whisper,49,1,Over
4,whisper,50,2,Skip
4,whisper,51,1,Over
4,whisper,52,2,Skip
4,whisper,53,1,Over
4,whisper,54,2,Skip
4,whisper,55,1,Over
4,whisper,56,2,Skip
4,whisper,57,1,Over
4,whisper,58,2,Skip
4,whisper,59,1,Over
4,talk,33,9,Over
4,talk,34,4,VOTE Agent[10]
4,talk,35,5,ESTIMATE Agent[11] WEREWOLF
4,talk,36,10,Skip
4,talk,37,8,VOTE Agent[02]
4,talk,38,14,Over
4,talk,39,1,Over
4,talk,40,6,Over
4,talk,41,11,Over
4,talk,42,2,VOTE Agent[09]
4,talk,43,13,Over
4,whisper,60,1,Over
4,whisper,61,2,Skip
4,whisper,62,1,Over
4,whisper,63,2,Skip
4,whisper,64,1,Over
4,whisper,65,2,Skip
4,whisper,66,2,Skip
4,whisper,67,1,Over
4,whisper,68,2,Skip
4,whisper,69,1,Over
4,whisper,70,2,Skip
4,whisper,71,1,Over
4,whisper,72,2,Skip
4,whisper,73,1,Over
4,whisper,74,2,Skip
4,whisper,75,1,Over
4,whisper,76,2,Skip
4,whisper,77,1,Over
4,whisper,78,2,Skip
4,whisper,79,1,Over
4,talk,44,4,VOTE Agent[14]
4,talk,45,14,Over
4,talk,46,2,VOTE Agent[09]
4,talk,47,6,Over
4,talk,48,1,Over
4,talk,49,5,ESTIMATE Agent[02] WEREWOLF
4,talk,50,8,VOTE Agent[05]
4,talk,51,10,VOTE Agent[08]
4,talk,52,9,Over
4,talk,53,11,Over
4,talk,54,13,Over
4,whisper,80,2,Skip
4,whisper,81,1,Over
4,whisper,82,2,Skip
4,whisper,83,1,Over
4,whisper,84,2,Skip
4,whisper,85,1,Over
4,whisper,86,2,Skip
4,whisper,87,1,Over
4,whisper,88,2,Skip
4,whisper,89,1,Over
4,whisper,90,2,Skip
4,whisper,91,1,Over
4,whisper,92,2,Skip
4,whisper,93,1,Over
4,whisper,94,2,Skip
4,whisper,95,1,Over
4,whisper,96,2,Skip
4,whisper,97,1,Over
4,whisper,98,2,Skip
4,whisper,99,1,Over
4,talk,55,8,VOTE Agent[06]
4,talk,56,5,ESTIMATE Agent[06] SEER
4,talk,57,14,Over
4,talk,58,2,VOTE Agent[09]
4,talk,59,6,Over
4,talk,60,1,Over
4,talk,61,4,ESTIMATE Agent[06] SEER
4,talk,62,10,Over
4,talk,63,9,Over
4,talk,64,11,Over
4,talk,65,13,Over
4,whisper,100,2,Skip
4,whisper,101,1,Over
4,whisper,102,2,Skip
4,whisper,103,1,Over
4,whisper,104,2,Skip
4,whisper,105,1,Over
4,whisper,106,2,Skip
4,whisper,107,1,Over
4,whisper,108,2,Skip
4,whisper,109,1,Over
4,whisper,110,2,Skip
4,whisper,111,1,Over
4,whisper,112,2,Skip
4,whisper,113,1,Over
4,whisper,114,2,Skip
4,whisper,115,1,Over
4,whisper,116,2,Skip
4,whisper,117,1,Over
4,whisper,118,2,Skip
4,whisper,119,1,Over
4,talk,66,4,ESTIMATE Agent[15] MEDIUM
4,talk,67,2,ESTIMATE Agent[01] VILLAGER
4,talk,68,6,Over
4,talk,69,1,Over
4,talk,70,5,ESTIMATE Agent[06] SEER
4,talk,71,8,VOTE Agent[10]
4,talk,72,14,Over
4,talk,73,9,Over
4,talk,74,10,Over
4,talk,75,11,Over
4,talk,76,13,Over
4,whisper,120,1,Over
4,whisper,121,2,Skip
4,whisper,122,2,Skip
4,whisper,123,1,Over
4,whisper,124,2,Skip
4,whisper,125,1,Over
4,whisper,126,2,Skip
4,whisper,127,1,Over
4,whisper,128,2,Skip
4,whisper,129,1,Over
4,whisper,130,2,Skip
4,whisper,131,1,Over
4,whisper,132,2,Skip
4,whisper,133,1,Over
4,whisper,134,2,Skip
4,whisper,135,1,Over
4,whisper,136,2,Skip
4,whisper,137,1,Over
4,whisper,138,2,Skip
4,whisper,139,1,Over
4,talk,77,6,Over
4,talk,78,1,Over
4,talk,79,4,VOTE Agent[06]
4,talk,80,2,ESTIMATE Agent[08] VILLAGER
4,talk,81,8,VOTE Agent[04]
4,talk,82,5,ESTIMATE Agent[11] WEREWOLF
4,talk,83,9,Over
4,talk,84,10,Over
4,talk,85,11,Over
4,talk,86,13,Over
4,talk,87,14,Over
4,whisper,140,1,Over
4,whisper,141,2,Skip
4,whisper,142,2,Skip
4,whisper,143,1,Over
4,whisper,144,2,Skip
4,whisper,145,1,Over
4,whisper,146,2,Skip
4,whisper,147,1,Over
4,whisper,148,2,Skip
4,whisper,149,1,Over
4,whisper,150,2,Skip
4,whisper,151,1,Over
4,whisper,152,2,Skip
4,whisper,153,1,Over
4,whisper,154,2,Skip
4,whisper,155,1,Over
4,whisper,156,2,Skip
4,whisper,157,1,Over
4,whisper,158,2,Skip
4,whisper,159,1,Over
4,talk,88,2,Skip
4,talk,89,6,Over
4,talk,90,4,ESTIMATE Agent[01] VILLAGER
4,talk,91,1,Over
4,talk,92,5,ESTIMATE Agent[10] WEREWOLF
4,talk,93,8,VOTE Agent[06]
4,talk,94,9,Over
4,talk,95,10,Over
4,talk,96,11,Over
4,talk,97,13,Over
4,talk,98,14,Over
4,whisper,160,2,Skip
4,whisper,161,1,Over
4,whisper,162,2,Skip
4,whisper,163,1,Over
4,whisper,164,2,Skip
4,whisper,165,1,Over
4,whisper,166,2,Skip
4,whisper,167,1,Over
4,whisper,168,2,Skip
4,whisper,169,1,Over
4,whisper,170,2,Skip
4,whisper,171,1,Over
4,whisper,172,2,Skip
4,whisper,173,1,Over
4,whisper,174,2,Skip
4,whisper,175,1,Over
4,whisper,176,2,Skip
4,whisper,177,1,Over
4,whisper,178,2,Skip
4,whisper,179,1,Over
4,talk,99,5,ESTIMATE Agent[08] WEREWOLF
4,talk,100,6,Over
4,talk,101,4,Over
4,talk,102,8,Over
4,talk,103,1,Over
4,talk,104,2,Skip
4,talk,105,9,Over
4,talk,106,10,Over
4,talk,107,11,Over
4,talk,108,13,Over
4,talk,109,14,Over
4,whisper,180,1,Over
4,whisper,181,2,Skip
4,whisper,182,2,Skip
4,whisper,183,1,Over
4,whisper,184,2,Skip
4,whisper,185,1,Over
4,whisper,186,2,Skip
4,whisper,187,1,Over
4,whisper,188,2,Skip
4,whisper,189,1,Over
4,whisper,190,2,Skip
4,whisper,191,1,Over
4,whisper,192,2,Skip
4,whisper,193,1,Over
4,whisper,194,2,Skip
4,whisper,195,1,Over
4,whisper,196,2,Skip
4,whisper,197,1,Over
4,whisper,198,2,Skip
4,whisper,199,1,Over
4,vote,1,8
4,vote,2,9
4,vote,4,5
4,vote,5,2
4,vote,6,9
4,vote,8,6
4,vote,9,2
4,vote,10,8
4,vote,11,8
4,vote,13,9
4,vote,14,10
4,divine,10,14,HUMAN
4,guard,9,11,VILLAGER
4,attackVote,1,6
4,attackVote,2,9
4,execute,8,VILLAGER
4,attack,6,true
5,status,1,WEREWOLF,ALIVE,cash
5,status,2,WEREWOLF,ALIVE,kSugar
5,status,3,VILLAGER,DEAD,haretaro
5,status,4,VILLAGER,ALIVE,Kanolab
5,status,5,VILLAGER,ALIVE,wasabi
5,status,6,POSSESSED,DEAD,TOT
5,status,7,VILLAGER,DEAD,nakamura
5,status,8,VILLAGER,DEAD,iace10442
5,status,9,BODYGUARD,ALIVE,tkAI
5,status,10,SEER,ALIVE,NLwolf
5,status,11,VILLAGER,ALIVE,carlo
5,status,12,WEREWOLF,DEAD,twn480
5,status,13,VILLAGER,ALIVE,KajiGod
5,status,14,VILLAGER,ALIVE,howls
5,status,15,MEDIUM,DEAD,Udon
5,talk,0,4,VOTE Agent[11]
5,talk,1,14,Over
5,talk,2,11,VOTE Agent[01]
5,talk,3,9,Over
5,talk,4,13,VOTE Agent[01]
5,talk,5,5,ESTIMATE Agent[10] VILLAGER
5,talk,6,1,VOTE Agent[11]
5,talk,7,2,VOTE Agent[05]
5,talk,8,10,DIVINED Agent[14] HUMAN
5,whisper,0,1,ATTACK Agent[10]
5,whisper,1,2,Skip
5,whisper,2,2,Skip
5,whisper,3,1,Over
5,whisper,4,2,Skip
5,whisper,5,1,Over
5,whisper,6,2,Skip
5,whisper,7,1,Over
5,whisper,8,2,Skip
5,whisper,9,1,Over
5,whisper,10,2,Skip
5,whisper,11,1,Over
5,whisper,12,2,Skip
5,whisper,13,1,Over
5,whisper,14,2,Skip
5,whisper,15,1,Over
5,whisper,16,2,Skip
5,whisper,17,1,Over
5,whisper,18,2,Skip
5,whisper,19,1,Over
5,talk,9,10,Skip
5,talk,10,11,Over
5,talk,11,9,Over
5,talk,12,13,Over
5,talk,13,1,VOTE Agent[11]
5,talk,14,4,VOTE Agent[01]
5,talk,15,5,ESTIMATE Agent[04] WEREWOLF
5,talk,16,2,VOTE Agent[05]
5,talk,17,14,Over
5,whisper,20,2,Skip
5,whisper,21,1,Over
5,whisper,22,2,Skip
5,whisper,23,1,Over
5,whisper,24,2,Skip
5,whisper,25,1,Over
5,whisper,26,2,Skip
5,whisper,27,1,Over
5,whisper,28,2,Skip
5,whisper,29,1,Over
5,whisper,30,2,Skip
5,whisper,31,1,Over
5,whisper,32,2,Skip
5,whisper,33,1,Over
5,whisper,34,2,Skip
5,whisper,35,1,Over
5,whisper,36,2,Skip
5,whisper,37,1,Over
5,whisper,38,2,Skip
5,whisper,39,1,Over
5,talk,18,13,Over
5,talk,19,4,VOTE Agent[09]
5,talk,20,5,ESTIMATE Agent[14] VILLAGER
5,talk,21,1,Over
5,talk,22,2,VOTE Agent[11]
5,talk,23,11,Over
5,talk,24,10,Skip
5,talk,25,9,Over
5,talk,26,14,Over
5,whisper,40,2,Skip
5,whisper,41,1,Over
5,whisper,42,2,Skip
5,whisper,43,1,Over
5,whisper,44,2,Skip
5,whisper,45,1,Over
5,whisper,46,2,Skip
5,whisper,47,1,Over
5,whisper,48,2,Skip
5,whisper,49,1,Over
5,whisper,50,2,Skip
5,whisper,51,1,Over
5,whisper,52,2,Skip
5,whisper,53,1,Over
5,whisper,54,2,Skip
5,whisper,55,1,Over
5,whisper,56,2,Skip
5,whisper,57,1,Over
5,whisper,58,2,Skip
5,whisper,59,1,Over
5,talk,27,4,VOTE Agent[02]
5,talk,28,11,Over
5,talk,29,13,Over
5,talk,30,10,Skip
5,talk,31,2,VOTE Agent[11]
5,talk,32,5,ESTIMATE Agent[09] VILLAGER
5,talk,33,1,Over
5,talk,34,9,Over
5,talk,35,14,Over
5,whisper,60,2,Skip
5,whisper,61,1,Over
5,whisper,62,2,Skip
5,whisper,63,1,Over
5,whisper,64,2,Skip
5,whisper,65,1,Over
5,whisper,66,2,Skip
5,whisper,67,1,Over
5,whisper,68,2,Skip
5,whisper,69,1,Over
5,whisper,70,2,Skip
5,whisper,71,1,Over
5,whisper,72,2,Skip
5,whisper,73,1,Over
5,whisper,74,2,Skip
5,whisper,75,1,Over
5,whisper,76,2,Skip
5,whisper,77,1,Over
5,whisper,78,2,Skip
5,whisper,79,1,Over
5,talk,36,10,VOTE Agent[01]
5,talk,37,2,VOTE Agent[11]
5,talk,38,4,ESTIMATE Agent[06] SEER
5,talk,39,13,Over
5,talk,40,11,Over
5,talk,41,5,ESTIMATE Agent[04] WEREWOLF
5,talk,42,1,Over
5,talk,43,9,Over
5,talk,44,14,Over
5,whisper,80,2,Skip
5,whisper,81,1,Over
5,whisper,82,2,Skip
5,whisper,83,1,Over
5,whisper,84,2,Skip
5,whisper,85,1,Over
5,whisper,86,2,Skip
5,whisper,87,1,Over
5,whisper,88,2,Skip
5,whisper,89,1,Over
5,whisper,90,2,Skip
5,whisper,91,1,Over
5,whisper,92,2,Skip
5,whisper,93,1,Over
5,whisper,94,2,Skip
5,whisper,95,1,Over
5,whisper,96,2,Skip
5,whisper,97,1,Over
5,whisper,98,2,Skip
5,whisper,99,1,Over
5,talk,45,5,ESTIMATE Agent[10] VILLAGER
5,talk,46,2,VOTE Agent[11]
5,talk,47,11,Over
5,talk,48,4,VOTE Agent[05]
5,talk,49,10,Over
5,talk,50,13,Over
5,talk,51,1,Over
5,talk,52,9,Over
5,talk,53,14,Over
5,whisper,100,1,Over
5,whisper,101,2,Skip
5,whisper,102,1,Over
5,whisper,103,2,Skip
5,whisper,104,1,Over
5,whisper,105,2,Skip
5,whisper,106,1,Over
5,whisper,107,2,Skip
5,whisper,108,1,Over
5,whisper,109,2,Skip
5,whisper,110,1,Over
5,whisper,111,2,Skip
5,whisper,112,1,Over
5,whisper,113,2,Skip
5,whisper,114,2,Skip
5,whisper,115,1,Over
5,whisper,116,2,Skip
5,whisper,117,1,Over
5,whisper,118,2,Skip
5,whisper,119,1,Over
5,talk,54,11,Over
5,talk,55,5,ESTIMATE Agent[10] VILLAGER
5,talk,56,4,VOTE Agent[04]
5,talk,57,2,ESTIMATE Agent[04] VILLAGER
5,talk,58,1,Over
5,talk,59,9,Over
5,talk,60,10,Over
5,talk,61,13,Over
5,talk,62,14,Over
5,whisper,120,1,Over
5,whisper,121,2,Skip
5,whisper,122,2,Skip
5,whisper,123,1,Over
5,whisper,124,2,Skip
5,whisper,125,1,Over
5,whisper,126,2,Skip
5,whisper,127,1,Over
5,whisper,128,2,Skip
5,whisper,129,1,Over
5,whisper,130,2,Skip
5,whisper,131,1,Over
5,whisper,132,2,Skip
5,whisper,133,1,Over
5,whisper,134,2,Skip
5,whisper,135,1,Over
5,whisper,136,2,Skip
5,whisper,137,1,Over
5,whisper,138,2,Skip
5,whisper,139,1,Over
5,talk,63,5,ESTIMATE Agent[02] WEREWOLF
5,talk,64,2,ESTIMATE Agent[09] VILLAGER
5,talk,65,11,Over
5,talk,66,4,ESTIMATE Agent[15] MEDIUM
5,talk,67,1,Over
5,talk,68,9,Over
5,talk,69,10,Over
5,talk,70,13,Over
5,talk,71,14,Over
5,whisper,140,1,Over
5,whisper,141,2,Skip
5,whisper,142,2,Skip
5,whisper,143,1,Over
5,whisper,144,2,Skip
5,whisper,145,1,Over
5,whisper,146,2,Skip
5,whisper,147,1,Over
5,whisper,148,2,Skip
5,whisper,149,1,Over
5,whisper,150,2,Skip
5,whisper,151,1,Over
5,whisper,152,2,Skip
5,whisper,153,1,Over
5,whisper,154,2,Skip
5,whisper,155,1,Over
5,whisper,156,2,Skip
5,whisper,157,1,Over
5,whisper,158,2,Skip
5,whisper,159,1,Over
5,talk,72,4,VOTE Agent[13]
5,talk,73,11,Over
5,talk,74,5,ESTIMATE Agent[11] VILLAGER
5,talk,75,2,Skip
5,talk,76,1,Over
5,talk,77,9,Over
5,talk,78,10,Over
5,talk,79,13,Over
5,talk,80,14,Over
5,whisper,160,2,Skip
5,whisper,161,1,Over
5,whisper,162,2,Skip
5,whisper,163,1,Over
5,whisper,164,2,Skip
5,whisper,165,1,Over
5,whisper,166,2,Skip
5,whisper,167,1,Over
5,whisper,168,2,Skip
5,whisper,169,1,Over
5,whisper,170,2,Skip
5,whisper,171,1,Over
5,whisper,172,2,Skip
5,whisper,173,1,Over
5,whisper,174,2,Skip
5,whisper,175,1,Over
5,whisper,176,2,Skip
5,whisper,177,1,Over
5,whisper,178,2,Skip
5,whisper,179,1,Over
5,talk,81,11,Over
5,talk,82,5,ESTIMATE Agent[13] WEREWOLF
5,talk,83,4,ESTIMATE Agent[01] VILLAGER
5,talk,84,2,Skip
5,talk,85,1,Over
5,talk,86,9,Over
5,talk,87,10,Over
5,talk,88,13,Over
5,talk,89,14,Over
5,whisper,180,1,Over
5,whisper,181,2,Skip
5,whisper,182,1,Over
5,whisper,183,2,Skip
5,whisper,184,1,Over
5,whisper,185,2,Skip
5,whisper,186,1,Over
5,whisper,187,2,Skip
5,whisper,188,1,Over
5,whisper,189,2,Skip
5,whisper,190,2,Skip
5,whisper,191,1,Over
5,whisper,192,2,Skip
5,whisper,193,1,Over
5,whisper,194,2,Skip
5,whisper,195,1,Over
5,whisper,196,2,Skip
5,whisper,197,1,Over
5,whisper,198,2,Skip
5,whisper,199,1,Over
5,vote,1,11
5,vote,2,11
5,vote,4,14
5,vote,5,2
5,vote,9,2
5,vote,10,1
5,vote,11,1
5,vote,13,1
5,vote,14,1
5,divine,10,13,HUMAN
5,guard,9,6,POSSESSED
5,attackVote,1,10
5,attackVote,2,11
5,execute,1,WEREWOLF
5,attack,11,true
6,status,1,WEREWOLF,DEAD,cash
6,status,2,WEREWOLF,ALIVE,kSugar
6,status,3,VILLAGER,DEAD,haretaro
6,status,4,VILLAGER,ALIVE,Kanolab
6,status,5,VILLAGER,ALIVE,wasabi
6,status,6,POSSESSED,DEAD,TOT
6,status,7,VILLAGER,DEAD,nakamura
6,status,8,VILLAGER,DEAD,iace10442
6,status,9,BODYGUARD,ALIVE,tkAI
6,status,10,SEER,ALIVE,NLwolf
6,status,11,VILLAGER,DEAD,carlo
6,status,12,WEREWOLF,DEAD,twn480
6,status,13,VILLAGER,ALIVE,KajiGod
6,status,14,VILLAGER,ALIVE,howls
6,status,15,MEDIUM,DEAD,Udon
6,talk,0,9,Over
6,talk,1,13,VOTE Agent[04]
6,talk,2,4,VOTE Agent[14]
6,talk,3,14,Over
6,talk,4,10,DIVINED Agent[13] HUMAN
6,talk,5,5,ESTIMATE Agent[02] WEREWOLF
6,talk,6,2,VOTE Agent[05]
6,whisper,0,2,Skip
6,whisper,1,2,Skip
6,whisper,2,2,Skip
6,whisper,3,2,Skip
6,whisper,4,2,Skip
6,whisper,5,2,Skip
6,whisper,6,2,Skip
6,whisper,7,2,Skip
6,whisper,8,2,Skip
6,whisper,9,2,Skip
6,talk,7,9,Over
6,talk,8,13,Over
6,talk,9,2,VOTE Agent[05]
6,talk,10,4,VOTE Agent[09]
6,talk,11,10,Skip
6,talk,12,14,Over
6,talk,13,5,ESTIMATE Agent[04] VILLAGER
6,whisper,10,2,Skip
6,whisper,11,2,Skip
6,whisper,12,2,Skip
6,whisper,13,2,Skip
6,whisper,14,2,Skip
6,whisper,15,2,Skip
6,whisper,16,2,Skip
6,whisper,17,2,Skip
6,whisper,18,2,Skip
6,whisper,19,2,Skip
6,talk,14,2,VOTE Agent[09]
6,talk,15,9,Over
6,talk,16,13,Over
6,talk,17,4,VOTE Agent[13]
6,talk,18,14,Over
6,talk,19,5,ESTIMATE Agent[13] WEREWOLF
6,talk,20,10,Skip
6,whisper,20,2,Skip
6,whisper,21,2,Skip
6,whisper,22,2,Skip
6,whisper,23,2,Skip
6,whisper,24,2,Skip
6,whisper,25,2,Skip
6,whisper,26,2,Skip
6,whisper,27,2,Skip
6,whisper,28,2,Skip
6,whisper,29,2,Skip
6,talk,21,4,VOTE Agent[05]
6,talk,22,2,VOTE Agent[09]
6,talk,23,5,ESTIMATE Agent[10] WEREWOLF
6,talk,24,10,Skip
6,talk,25,14,Over
6,talk,26,9,Over
6,talk,27,13,Over
6,whisper,30,2,Skip
6,whisper,31,2,Skip
6,whisper,32,2,Skip
6,whisper,33,2,Skip
6,whisper,34,2,Skip
6,whisper,35,2,Skip
6,whisper,36,2,Skip
6,whisper,37,2,Skip
6,whisper,38,2,Skip
6,whisper,39,2,Skip
6,talk,28,4,ESTIMATE Agent[06] SEER
6,talk,29,5,ESTIMATE Agent[02] WEREWOLF
6,talk,30,10,VOTE Agent[04]
6,talk,31,2,VOTE Agent[04]
6,talk,32,9,Over
6,talk,33,13,Over
6,talk,34,14,Over
6,whisper,40,2,Skip
6,whisper,41,2,Skip
6,whisper,42,2,Skip
6,whisper,43,2,Skip
6,whisper,44,2,Skip
6,whisper,45,2,Skip
6,whisper,46,2,Skip
6,whisper,47,2,Skip
6,whisper,48,2,Skip
6,whisper,49,2,Skip
6,talk,35,5,ESTIMATE Agent[09] VILLAGER
6,talk,36,4,ESTIMATE Agent[15] MEDIUM
6,talk,37,2,VOTE Agent[04]
6,talk,38,10,Over
6,talk,39,9,Over
6,talk,40,13,Over
6,talk,41,14,Over
6,whisper,50,2,Skip
6,whisper,51,2,Skip
6,whisper,52,2,Skip
6,whisper,53,2,Skip
6,whisper,54,2,Skip
6,whisper,55,2,Skip
6,whisper,56,2,Skip
6,whisper,57,2,Skip
6,whisper,58,2,Skip
6,whisper,59,2,Skip
6,talk,42,2,ESTIMATE Agent[04] VILLAGER
6,talk,43,4,VOTE Agent[10]
6,talk,44,5,ESTIMATE Agent[10] WEREWOLF
6,talk,45,9,Over
6,talk,46,10,Over
6,talk,47,13,Over
6,talk,48,14,Over
6,whisper,60,2,Skip
6,whisper,61,2,Skip
6,whisper,62,2,Skip
6,whisper,63,2,Skip
6,whisper,64,2,Skip
6,whisper,65,2,Skip
6,whisper,66,2,Skip
6,whisper,67,2,Skip
6,whisper,68,2,Skip
6,whisper,69,2,Skip
6,talk,49,4,ESTIMATE Agent[05] VILLAGER
6,talk,50,2,ESTIMATE Agent[09] VILLAGER
6,talk,51,5,ESTIMATE Agent[02] WEREWOLF
6,talk,52,9,Over
6,talk,53,10,Over
6,talk,54,13,Over
6,talk,55,14,Over
6,whisper,70,2,Skip
6,whisper,71,2,Skip
6,whisper,72,2,Skip
6,whisper,73,2,Skip
6,whisper,74,2,Skip
6,whisper,75,2,Skip
6,whisper,76,2,Skip
6,whisper,77,2,Skip
6,whisper,78,2,Skip
6,whisper,79,2,Skip
6,talk,56,5,ESTIMATE Agent[04] VILLAGER
6,talk,57,2,Skip
6,talk,58,4,VOTE Agent[04]
6,talk,59,9,Over
6,talk,60,10,Over
6,talk,61,13,Over
6,talk,62,14,Over
6,whisper,80,2,Skip
6,whisper,81,2,Skip
6,whisper,82,2,Skip
6,whisper,83,2,Skip
6,whisper,84,2,Skip
6,whisper,85,2,Skip
6,whisper,86,2,Skip
6,whisper,87,2,Skip
6,whisper,88,2,Skip
6,whisper,89,2,Skip
6,talk,63,5,ESTIMATE Agent[14] WEREWOLF
6,talk,64,2,Skip
6,talk,65,4,Over
6,talk,66,9,Over
6,talk,67,10,Over
6,talk,68,13,Over
6,talk,69,14,Over
6,whisper,90,2,Skip
6,whisper,91,2,Skip
6,whisper,92,2,Skip
6,whisper,93,2,Skip
6,whisper,94,2,Skip
6,whisper,95,2,Skip
6,whisper,96,2,Skip
6,whisper,97,2,Skip
6,whisper,98,2,Skip
6,whisper,99,2,Skip
6,vote,2,4
6,vote,4,13
6,vote,5,2
6,vote,9,2
6,vote,10,4
6,vote,13,4
6,vote,14,2
6,divine,10,4,HUMAN
6,guard,9,1,WEREWOLF
6,attackVote,2,4
6,execute,4,VILLAGER
6,attack,-1,false
7,status,1,WEREWOLF,DEAD,cash
7,status,2,WEREWOLF,ALIVE,kSugar
7,status,3,VILLAGER,DEAD,haretaro
7,status,4,VILLAGER,DEAD,Kanolab
7,status,5,VILLAGER,ALIVE,wasabi
7,status,6,POSSESSED,DEAD,TOT
7,status,7,VILLAGER,DEAD,nakamura
7,status,8,VILLAGER,DEAD,iace10442
7,status,9,BODYGUARD,ALIVE,tkAI
7,status,10,SEER,ALIVE,NLwolf
7,status,11,VILLAGER,DEAD,carlo
7,status,12,WEREWOLF,DEAD,twn480
7,status,13,VILLAGER,ALIVE,KajiGod
7,status,14,VILLAGER,ALIVE,howls
7,status,15,MEDIUM,DEAD,Udon
7,talk,0,14,Over
7,talk,1,2,VOTE Agent[05]
7,talk,2,5,ESTIMATE Agent[09] VILLAGER
7,talk,3,9,Over
7,talk,4,10,DIVINED Agent[04] HUMAN
7,talk,5,13,VOTE Agent[14]
7,whisper,0,2,Skip
7,whisper,1,2,Skip
7,whisper,2,2,Skip
7,whisper,3,2,Skip
7,whisper,4,2,Skip
7,whisper,5,2,Skip
7,whisper,6,2,Skip
7,whisper,7,2,Skip
7,whisper,8,2,Skip
7,whisper,9,2,Skip
7,talk,6,10,Skip
7,talk,7,5,ESTIMATE Agent[10] WEREWOLF
7,talk,8,9,Over
7,talk,9,2,VOTE Agent[05]
7,talk,10,13,Over
7,talk,11,14,Over
7,whisper,10,2,Skip
7,whisper,11,2,Skip
7,whisper,12,2,Skip
7,whisper,13,2,Skip
7,whisper,14,2,Skip
7,whisper,15,2,Skip
7,whisper,16,2,Skip
7,whisper,17,2,Skip
7,whisper,18,2,Skip
7,whisper,19,2,Skip
7,talk,12,2,VOTE Agent[14]
7,talk,13,10,Skip
7,talk,14,9,Over
7,talk,15,5,ESTIMATE Agent[10] WEREWOLF
7,talk,16,13,Over
7,talk,17,14,Over
7,whisper,20,2,Skip
7,whisper,21,2,Skip
7,whisper,22,2,Skip
7,whisper,23,2,Skip
7,whisper,24,2,Skip
7,whisper,25,2,Skip
7,whisper,26,2,Skip
7,whisper,27,2,Skip
7,whisper,28,2,Skip
7,whisper,29,2,Skip
7,talk,18,2,VOTE Agent[14]
7,talk,19,10,Skip
7,talk,20,9,Over
7,talk,21,5,ESTIMATE Agent[02] WEREWOLF
7,talk,22,13,Over
7,talk,23,14,Over
7,whisper,30,2,Skip
7,whisper,31,2,Skip
7,whisper,32,2,Skip
7,whisper,33,2,Skip
7,whisper,34,2,Skip
7,whisper,35,2,Skip
7,whisper,36,2,Skip
7,whisper,37,2,Skip
7,whisper,38,2,Skip
7,whisper,39,2,Skip
7,talk,24,9,Over
7,talk,25,5,ESTIMATE Agent[14] VILLAGER
7,talk,26,2,VOTE Agent[14]
7,talk,27,10,VOTE Agent[02]
7,talk,28,13,Over
7,talk,29,14,Over
7,whisper,40,2,Skip
7,whisper,41,2,Skip
7,whisper,42,2,Skip
7,whisper,43,2,Skip
7,whisper,44,2,Skip
7,whisper,45,2,Skip
7,whisper,46,2,Skip
7,whisper,47,2,Skip
7,whisper,48,2,Skip
7,whisper,49,2,Skip
7,talk,30,5,ESTIMATE Agent[09] VILLAGER
7,talk,31,9,Over
7,talk,32,10,Over
7,talk,33,2,VOTE Agent[14]
7,talk,34,13,Over
7,talk,35,14,Over
7,whisper,50,2,Skip
7,whisper,51,2,Skip
7,whisper,52,2,Skip
7,whisper,53,2,Skip
7,whisper,54,2,Skip
7,whisper,55,2,Skip
7,whisper,56,2,Skip
7,whisper,57,2,Skip
7,whisper,58,2,Skip
7,whisper,59,2,Skip
7,talk,36,2,ESTIMATE Agent[09] VILLAGER
7,talk,37,5,Skip
7,talk,38,10,Over
7,talk,39,9,Over
7,talk,40,13,Over
7,talk,41,14,Over
7,whisper,60,2,Skip
7,whisper,61,2,Skip
7,whisper,62,2,Skip
7,whisper,63,2,Skip
7,whisper,64,2,Skip
7,whisper,65,2,Skip
7,whisper,66,2,Skip
7,whisper,67,2,Skip
7,whisper,68,2,Skip
7,whisper,69,2,Skip
7,talk,42,2,ESTIMATE Agent[13] VILLAGER
7,talk,43,5,ESTIMATE Agent[10] WEREWOLF
7,talk,44,9,Over
7,talk,45,10,Over
7,talk,46,13,Over
7,talk,47,14,Over
7,whisper,70,2,Skip
7,whisper,71,2,Skip
7,whisper,72,2,Skip
7,whisper,73,2,Skip
7,whisper,74,2,Skip
7,whisper,75,2,Skip
7,whisper,76,2,Skip
7,whisper,77,2,Skip
7,whisper,78,2,Skip
7,whisper,79,2,Skip
7,talk,48,2,Skip
7,talk,49,5,ESTIMATE Agent[13] VILLAGER
7,talk,50,9,Over
7,talk,51,10,Over
7,talk,52,13,Over
7,talk,53,14,Over
7,whisper,80,2,Skip
7,whisper,81,2,Skip
7,whisper,82,2,Skip
7,whisper,83,2,Skip
7,whisper,84,2,Skip
7,whisper,85,2,Skip
7,whisper,86,2,Skip
7,whisper,87,2,Skip
7,whisper,88,2,Skip
7,whisper,89,2,Skip
7,talk,54,5,ESTIMATE Agent[09] VILLAGER
7,talk,55,2,Skip
7,talk,56,9,Over
7,talk,57,10,Over
7,talk,58,13,Over
7,talk,59,14,Over
7,whisper,90,2,Skip
7,whisper,91,2,Skip
7,whisper,92,2,Skip
7,whisper,93,2,Skip
7,whisper,94,2,Skip
7,whisper,95,2,Skip
7,whisper,96,2,Skip
7,whisper,97,2,Skip
7,whisper,98,2,Skip
7,whisper,99,2,Skip
7,vote,2,14
7,vote,5,2
7,vote,9,2
7,vote,10,2
7,vote,13,14
7,vote,14,10
7,divine,10,9,HUMAN
7,guard,9,5,VILLAGER
7,attackVote,2,14
7,execute,2,WEREWOLF
8,status,1,WEREWOLF,DEAD,cash
8,status,2,WEREWOLF,DEAD,kSugar
8,status,3,VILLAGER,DEAD,haretaro
8,status,4,VILLAGER,DEAD,Kanolab
8,status,5,VILLAGER,ALIVE,wasabi
8,status,6,POSSESSED,DEAD,TOT
8,status,7,VILLAGER,DEAD,nakamura
8,status,8,VILLAGER,DEAD,iace10442
8,status,9,BODYGUARD,ALIVE,tkAI
8,status,10,SEER,ALIVE,NLwolf
8,status,11,VILLAGER,DEAD,carlo
8,status,12,WEREWOLF,DEAD,twn480
8,status,13,VILLAGER,ALIVE,KajiGod
8,status,14,VILLAGER,ALIVE,howls
8,status,15,MEDIUM,DEAD,Udon
8,result,5,0,VILLAGER
