0,status,1,VILLAGER,ALIVE,cash
0,status,2,VILLAGER,ALIVE,kSugar
0,status,3,VILLAGER,ALIVE,haretaro
0,status,4,WEREWOLF,ALIVE,Kanolab
0,status,5,WEREWOLF,ALIVE,wasabi
0,status,6,VILLAGER,ALIVE,TOT
0,status,7,SEER,ALIVE,nakamura
0,status,8,VILLAGER,ALIVE,iace10442
0,status,9,VILLAGER,ALIVE,tkAI
0,status,10,VILLAGER,ALIVE,NLwolf
0,status,11,WEREWOLF,ALIVE,carlo
0,status,12,MEDIUM,ALIVE,twn480
0,status,13,POSSESSED,ALIVE,KajiGod
0,status,14,BODYGUARD,ALIVE,howls
0,status,15,VILLAGER,ALIVE,Udon
0,talk,0,7,DIVINED Agent[03] WEREWOLF
0,talk,1,8,Skip
0,talk,2,9,Over
0,talk,3,2,COMINGOUT Agent[02] VILLAGER
0,talk,4,15,VOTE Agent[03]
0,talk,5,3,Over
0,talk,6,11,VOTE Agent[01]
0,talk,7,1,Skip
0,talk,8,5,ESTIMATE Agent[07] WEREWOLF
0,talk,9,12,Over
0,talk,10,10,Skip
0,talk,11,14,Over
0,talk,12,13,VOTE Agent[02]
0,talk,13,4,VOTE Agent[03]
0,talk,14,6,Over
0,whisper,0,11,COMINGOUT Agent[11] VILLAGER
0,whisper,1,5,Over
0,whisper,2,4,Over
0,whisper,3,11,ATTACK Agent[15]
0,whisper,4,4,Over
0,whisper,5,5,Over
0,whisper,6,11,ESTIMATE Agent[07] POSSESSED
0,whisper,7,4,Over
0,whisper,8,5,Over
0,whisper,9,11,Over
0,talk,15,11,Over
0,talk,16,7,VOTE Agent[13]
0,talk,17,9,Over
0,talk,18,13,Over
0,talk,19,14,Over
0,talk,20,12,Over
0,talk,21,3,Over
0,talk,22,5,ESTIMATE Agent[12] WEREWOLF
0,talk,23,2,Skip
0,talk,24,8,Skip
0,talk,25,15,ESTIMATE Agent[02] WEREWOLF
0,talk,26,4,Over
0,talk,27,10,Skip
0,talk,28,1,VOTE Agent[03]
0,talk,29,6,Over
0,whisper,10,5,Over
0,whisper,11,4,Over
0,whisper,12,11,Over
0,talk,30,11,Over
0,talk,31,8,Skip
0,talk,32,2,ESTIMATE Agent[01] VILLAGER
0,talk,33,7,Over
0,talk,34,10,Skip
0,talk,35,9,Over
0,talk,36,15,ESTIMATE Agent[03] WEREWOLF
0,talk,37,4,Over
0,talk,38,12,Over
0,talk,39,3,Over
0,talk,40,1,Over
0,talk,41,14,Over
0,talk,42,13,Over
0,talk,43,5,ESTIMATE Agent[04] VILLAGER
0,talk,44,6,Over
0,whisper,13,5,Over
0,whisper,14,11,Over
0,whisper,15,4,Over
0,talk,45,8,VOTE Agent[12]
0,talk,46,13,Over
0,talk,47,3,Over
0,talk,48,14,Over
0,talk,49,10,VOTE Agent[09]
0,talk,50,1,Over
0,talk,51,9,Over
0,talk,52,11,Over
0,talk,53,4,Over
0,talk,54,5,Over
0,talk,55,15,ESTIMATE Agent[13] WEREWOLF
0,talk,56,12,Over
0,talk,57,7,Over
0,talk,58,2,Skip
0,talk,59,6,Over
0,whisper,16,4,Over
0,whisper,17,5,Over
0,whisper,18,11,Over
0,talk,60,5,ESTIMATE Agent[15] WEREWOLF
0,talk,61,15,ESTIMATE Agent[07] SEER
0,talk,62,10,Over
0,talk,63,12,Over
0,talk,64,9,Over
0,talk,65,1,Over
0,talk,66,4,Over
0,talk,67,7,Over
0,talk,68,14,Over
0,talk,69,3,Over
0,talk,70,2,ESTIMATE Agent[03] VILLAGER
0,talk,71,8,VOTE Agent[05]
0,talk,72,11,Over
0,talk,73,13,Over
0,talk,74,6,Over
0,whisper,19,5,Over
0,whisper,20,4,Over
0,whisper,21,11,Over
0,talk,75,10,Over
0,talk,76,15,Over
0,talk,77,4,Over
0,talk,78,5,ESTIMATE Agent[10] VILLAGER
0,talk,79,7,Over
0,talk,80,14,Over
0,talk,81,3,Over
0,talk,82,2,Skip
0,talk,83,8,VOTE Agent[01]
0,talk,84,9,Over
0,talk,85,12,Over
0,talk,86,1,Over
0,talk,87,6,Over
0,talk,88,11,Over
0,talk,89,13,Over
0,whisper,22,4,Over
0,whisper,23,11,Over
0,whisper,24,5,Over
0,talk,90,2,ESTIMATE Agent[04] VILLAGER
0,talk,91,4,Over
0,talk,92,10,Over
0,talk,93,5,ESTIMATE Agent[11] VILLAGER
0,talk,94,8,VOTE Agent[02]
0,talk,95,3,Over
0,talk,96,15,Over
0,talk,97,7,Over
0,talk,98,14,Over
0,talk,99,1,Over
0,talk,100,6,Over
0,talk,101,9,Over
0,talk,102,11,Over
0,talk,103,12,Over
0,talk,104,13,Over
0,whisper,25,11,Over
0,whisper,26,5,Over
0,whisper,27,4,Over
0,talk,105,8,VOTE Agent[13]
0,talk,106,4,Over
0,talk,107,10,Over
0,talk,108,2,Skip
0,talk,109,5,ESTIMATE Agent[04] VILLAGER
0,talk,110,1,Over
0,talk,111,3,Over
0,talk,112,6,Over
0,talk,113,7,Over
0,talk,114,9,Over
0,talk,115,11,Over
0,talk,116,12,Over
0,talk,117,13,Over
0,talk,118,14,Over
0,talk,119,15,Over
0,whisper,28,4,Over
0,whisper,29,5,Over
0,whisper,30,11,Over
0,talk,120,4,Over
0,talk,121,10,Over
0,talk,122,2,ESTIMATE Agent[04] VILLAGER
0,talk,123,8,VOTE Agent[03]
0,talk,124,5,ESTIMATE Agent[11] VILLAGER
0,talk,125,1,Over
0,talk,126,3,Over
0,talk,127,6,Over
0,talk,128,7,Over
0,talk,129,9,Over
0,talk,130,11,Over
0,talk,131,12,Over
0,talk,132,13,Over
0,talk,133,14,Over
0,talk,134,15,Over
0,whisper,31,5,Over
0,whisper,32,11,Over
0,whisper,33,4,Over
0,talk,135,5,ESTIMATE Agent[10] VILLAGER
0,talk,136,8,VOTE Agent[05]
0,talk,137,2,Skip
0,talk,138,4,Over
0,talk,139,10,Over
0,talk,140,1,Over
0,talk,141,3,Over
0,talk,142,6,Over
0,talk,143,7,Over
0,talk,144,9,Over
0,talk,145,11,Over
0,talk,146,12,Over
0,talk,147,13,Over
0,talk,148,14,Over
0,talk,149,15,Over
0,whisper,34,4,Over
0,whisper,35,5,Over
0,whisper,36,11,Over
0,divine,7,6,HUMAN
1,status,1,VILLAGER,ALIVE,cash
1,status,2,VILLAGER,ALIVE,kSugar
1,status,3,VILLAGER,ALIVE,haretaro
1,status,4,WEREWOLF,ALIVE,Kanolab
1,status,5,WEREWOLF,ALIVE,wasabi
1,status,6,VILLAGER,ALIVE,TOT
1,status,7,SEER,ALIVE,nakamura
1,status,8,VILLAGER,ALIVE,iace10442
1,status,9,VILLAGER,ALIVE,tkAI
1,status,10,VILLAGER,ALIVE,NLwolf
1,status,11,WEREWOLF,ALIVE,carlo
1,status,12,MEDIUM,ALIVE,twn480
1,status,13,POSSESSED,ALIVE,KajiGod
1,status,14,BODYGUARD,ALIVE,howls
1,status,15,VILLAGER,ALIVE,Udon
1,talk,0,2,VOTE Agent[14]
1,talk,1,9,Over
1,talk,2,7,DIVINED Agent[06] HUMAN
1,talk,3,1,VOTE Agent[03]
1,talk,4,6,VOTE Agent[05]
1,talk,5,5,ESTIMATE Agent[04] VILLAGER
1,talk,6,12,Over
1,talk,7,13,VOTE Agent[02]
1,talk,8,3,VOTE Agent[09]
1,talk,9,4,VOTE Agent[03]
1,talk,10,10,Skip
1,talk,11,15,VOTE Agent[03]
1,talk,12,8,ESTIMATE Agent[01] VILLAGER
1,talk,13,11,VOTE Agent[01]
1,talk,14,14,Over
1,whisper,0,4,Over
1,whisper,1,11,ATTACK Agent[15]
1,whisper,2,5,Over
1,whisper,3,11,Over
1,whisper,4,4,Over
1,talk,15,7,VOTE Agent[13]
1,talk,16,15,ESTIMATE Agent[02] WEREWOLF
1,talk,17,8,Skip
1,talk,18,13,Over
1,talk,19,12,Over
1,talk,20,5,Skip
1,talk,21,6,Over
1,talk,22,1,Over
1,talk,23,4,Over
1,talk,24,2,VOTE Agent[12]
1,talk,25,9,Over
1,talk,26,3,VOTE Agent[01]
1,talk,27,11,Over
1,talk,28,10,Skip
1,talk,29,14,Over
1,whisper,5,5,Over
1,whisper,6,11,Over
1,whisper,7,4,Over
1,talk,30,12,Over
1,talk,31,2,ESTIMATE Agent[01] VILLAGER
1,talk,32,7,Over
1,talk,33,10,Skip
1,talk,34,11,Over
1,talk,35,1,Over
1,talk,36,3,Skip
1,talk,37,4,Over
1,talk,38,9,Over
1,talk,39,15,ESTIMATE Agent[03] WEREWOLF
1,talk,40,13,Over
1,talk,41,6,Over
1,talk,42,8,Skip
1,talk,43,5,ESTIMATE Agent[15] WEREWOLF
1,talk,44,14,Over
1,whisper,8,5,Over
1,whisper,9,11,Over
1,whisper,10,4,Over
1,talk,45,3,Skip
1,talk,46,4,Over
1,talk,47,12,Over
1,talk,48,11,Over
1,talk,49,5,ESTIMATE Agent[08] VILLAGER
1,talk,50,13,Over
1,talk,51,10,VOTE Agent[08]
1,talk,52,6,Over
1,talk,53,2,ESTIMATE Agent[03] VILLAGER
1,talk,54,7,Over
1,talk,55,8,VOTE Agent[11]
1,talk,56,1,Over
1,talk,57,15,ESTIMATE Agent[13] WEREWOLF
1,talk,58,9,Over
1,talk,59,14,Over
1,whisper,11,11,Over
1,whisper,12,5,Over
1,whisper,13,4,Over
1,talk,60,3,Skip
1,talk,61,8,VOTE Agent[15]
1,talk,62,13,Over
1,talk,63,6,Over
1,talk,64,1,Over
1,talk,65,10,Over
1,talk,66,2,ESTIMATE Agent[04] VILLAGER
1,talk,67,11,Over
1,talk,68,7,Over
1,talk,69,4,Over
1,talk,70,5,ESTIMATE Agent[03] WEREWOLF
1,talk,71,12,Over
1,talk,72,15,ESTIMATE Agent[07] SEER
1,talk,73,9,Over
1,talk,74,14,Over
1,whisper,14,4,Over
1,whisper,15,5,Over
1,whisper,16,11,Over
1,talk,75,4,Over
1,talk,76,2,ESTIMATE Agent[03] VILLAGER
1,talk,77,10,Over
1,talk,78,13,Over
1,talk,79,5,ESTIMATE Agent[10] VILLAGER
1,talk,80,3,Skip
1,talk,81,6,Over
1,talk,82,7,Over
1,talk,83,11,Over
1,talk,84,8,VOTE Agent[11]
1,talk,85,12,Over
1,talk,86,15,Over
1,talk,87,1,Over
1,talk,88,9,Over
1,talk,89,14,Over
1,whisper,17,5,Over
1,whisper,18,11,Over
1,whisper,19,4,Over
1,talk,90,3,Skip
1,talk,91,7,Over
1,talk,92,2,VOTE Agent[03]
1,talk,93,10,Over
1,talk,94,6,Over
1,talk,95,8,Over
1,talk,96,5,ESTIMATE Agent[10] VILLAGER
1,talk,97,4,Over
1,talk,98,13,Over
1,talk,99,11,Over
1,talk,100,1,Over
1,talk,101,9,Over
1,talk,102,12,Over
1,talk,103,14,Over
1,talk,104,15,Over
1,whisper,20,11,Over
1,whisper,21,4,Over
1,whisper,22,5,Over
1,talk,105,5,Skip
1,talk,106,6,Over
1,talk,107,10,Over
1,talk,108,2,Skip
1,talk,109,8,VOTE Agent[07]
1,talk,110,3,Skip
1,talk,111,7,Over
1,talk,112,1,Over
1,talk,113,4,Over
1,talk,114,9,Over
1,talk,115,11,Over
1,talk,116,12,Over
1,talk,117,13,Over
1,talk,118,14,Over
1,talk,119,15,Over
1,whisper,23,4,Over
1,whisper,24,11,Over
1,whisper,25,5,Over
1,talk,120,3,Skip
1,talk,121,2,Skip
1,talk,122,6,Over
1,talk,123,8,VOTE Agent[11]
1,talk,124,10,Over
1,talk,125,5,ESTIMATE Agent[04] VILLAGER
1,talk,126,1,Over
1,talk,127,4,Over
1,talk,128,7,Over
1,talk,129,9,Over
1,talk,130,11,Over
1,talk,131,12,Over
1,talk,132,13,Over
1,talk,133,14,Over
1,talk,134,15,Over
1,whisper,26,5,Over
1,whisper,27,11,Over
1,whisper,28,4,Over
1,talk,135,3,Skip
1,talk,136,8,VOTE Agent[09]
1,talk,137,10,Over
1,talk,138,2,Skip
1,talk,139,5,ESTIMATE Agent[04] VILLAGER
1,talk,140,6,Over
1,talk,141,1,Over
1,talk,142,4,Over
1,talk,143,7,Over
1,talk,144,9,Over
1,talk,145,11,Over
1,talk,146,12,Over
1,talk,147,13,Over
1,talk,148,14,Over
1,talk,149,15,Over
1,whisper,29,11,Over
1,whisper,30,4,Over
1,whisper,31,5,Over
1,vote,1,3
1,vote,2,3
1,vote,3,1
1,vote,4,3
1,vote,5,15
1,vote,6,5
1,vote,7,13
1,vote,8,9
1,vote,9,14
1,vote,10,8
1,vote,11,3
1,vote,12,14
1,vote,13,2
1,vote,14,7
1,vote,15,3
1,divine,7,8,HUMAN
1,guard,14,9,VILLAGER
1,attackVote,4,8
1,attackVote,5,1
1,attackVote,11,15
1,execute,3,VILLAGER
1,attack,1,true
2,status,1,VILLAGER,DEAD,cash
2,status,2,VILLAGER,ALIVE,kSugar
2,status,3,VILLAGER,DEAD,haretaro
2,status,4,WEREWOLF,ALIVE,Kanolab
2,status,5,WEREWOLF,ALIVE,wasabi
2,status,6,VILLAGER,ALIVE,TOT
2,status,7,SEER,ALIVE,nakamura
2,status,8,VILLAGER,ALIVE,iace10442
2,status,9,VILLAGER,ALIVE,tkAI
2,status,10,VILLAGER,ALIVE,NLwolf
2,status,11,WEREWOLF,ALIVE,carlo
2,status,12,MEDIUM,ALIVE,twn480
2,status,13,POSSESSED,ALIVE,KajiGod
2,status,14,BODYGUARD,ALIVE,howls
2,status,15,VILLAGER,ALIVE,Udon
2,talk,0,13,VOTE Agent[02]
2,talk,1,6,VOTE Agent[05]
2,talk,2,5,ESTIMATE Agent[14] VILLAGER
2,talk,3,2,VOTE Agent[12]
2,talk,4,15,VOTE Agent[02]
2,talk,5,4,VOTE Agent[02]
2,talk,6,14,Over
2,talk,7,8,ESTIMATE Agent[04] VILLAGER
2,talk,8,12,Over
2,talk,9,9,Over
2,talk,10,10,Skip
2,talk,11,11,VOTE Agent[02]
2,talk,12,7,DIVINED Agent[08] HUMAN
2,whisper,0,5,Over
2,whisper,1,4,Over
2,whisper,2,11,ATTACK Agent[15]
2,whisper,3,4,Over
2,whisper,4,5,Over
2,whisper,5,11,Over
2,talk,13,4,Over
2,talk,14,12,Over
2,talk,15,13,Over
2,talk,16,10,Skip
2,talk,17,6,Over
2,talk,18,14,Over
2,talk,19,5,ESTIMATE Agent[02] WEREWOLF
2,talk,20,9,Over
2,talk,21,11,Over
2,talk,22,15,ESTIMATE Agent[03] WEREWOLF
2,talk,23,2,COMINGOUT Agent[02] BODYGUARD
2,talk,24,7,VOTE Agent[13]
2,talk,25,8,ESTIMATE Agent[07] VILLAGER
2,whisper,6,11,Over
2,whisper,7,4,Over
2,whisper,8,5,Over
2,talk,26,5,ESTIMATE Agent[14] VILLAGER
2,talk,27,11,VOTE Agent[06]
2,talk,28,4,Over
2,talk,29,6,Over
2,talk,30,2,ESTIMATE Agent[04] VILLAGER
2,talk,31,15,ESTIMATE Agent[02] WEREWOLF
2,talk,32,9,Over
2,talk,33,7,Over
2,talk,34,8,ESTIMATE Agent[05] VILLAGER
2,talk,35,12,Over
2,talk,36,13,Over
2,talk,37,10,Skip
2,talk,38,14,Over
2,whisper,9,11,Over
2,whisper,10,4,Over
2,whisper,11,5,Over
2,talk,39,11,Over
2,talk,40,4,Over
2,talk,41,13,Over
2,talk,42,6,Over
2,talk,43,12,Over
2,talk,44,9,Over
2,talk,45,7,Over
2,talk,46,8,VOTE Agent[04]
2,talk,47,15,ESTIMATE Agent[14] WEREWOLF
2,talk,48,5,ESTIMATE Agent[10] VILLAGER
2,talk,49,10,VOTE Agent[08]
2,talk,50,2,ESTIMATE Agent[05] VILLAGER
2,talk,51,14,Over
2,whisper,12,5,Over
2,whisper,13,4,Over
2,whisper,14,11,Over
2,talk,52,6,Over
2,talk,53,13,Over
2,talk,54,11,Over
2,talk,55,2,ESTIMATE Agent[06] VILLAGER
2,talk,56,12,Over
2,talk,57,4,Over
2,talk,58,5,ESTIMATE Agent[11] VILLAGER
2,talk,59,15,VOTE Agent[14]
2,talk,60,10,Over
2,talk,61,9,Over
2,talk,62,7,Over
2,talk,63,8,VOTE Agent[15]
2,talk,64,14,Over
2,whisper,15,4,Over
2,whisper,16,11,Over
2,whisper,17,5,Over
2,talk,65,10,Over
2,talk,66,2,ESTIMATE Agent[08] VILLAGER
2,talk,67,13,Over
2,talk,68,6,Over
2,talk,69,8,VOTE Agent[13]
2,talk,70,7,Over
2,talk,71,4,Over
2,talk,72,12,Over
2,talk,73,9,Over
2,talk,74,5,ESTIMATE Agent[11] VILLAGER
2,talk,75,15,ESTIMATE Agent[07] SEER
2,talk,76,11,Over
2,talk,77,14,Over
2,whisper,18,5,Over
2,whisper,19,11,Over
2,whisper,20,4,Over
2,talk,78,5,ESTIMATE Agent[11] VILLAGER
2,talk,79,12,Over
2,talk,80,9,Over
2,talk,81,13,Over
2,talk,82,7,Over
2,talk,83,8,VOTE Agent[02]
2,talk,84,2,VOTE Agent[14]
2,talk,85,6,Over
2,talk,86,15,Over
2,talk,87,10,Over
2,talk,88,4,Over
2,talk,89,11,Over
2,talk,90,14,Over
2,whisper,21,5,Over
2,whisper,22,11,Over
2,whisper,23,4,Over
2,talk,91,9,Over
2,talk,92,12,Over
2,talk,93,8,VOTE Agent[15]
2,talk,94,5,ESTIMATE Agent[04] VILLAGER
2,talk,95,13,Over
2,talk,96,7,Over
2,talk,97,2,Skip
2,talk,98,4,Over
2,talk,99,6,Over
2,talk,100,10,Over
2,talk,101,11,Over
2,talk,102,14,Over
2,talk,103,15,Over
2,whisper,24,11,Over
2,whisper,25,5,Over
2,whisper,26,4,Over
2,talk,104,8,VOTE Agent[13]
2,talk,105,7,Over
2,talk,106,9,Over
2,talk,107,2,Skip
2,talk,108,13,Over
2,talk,109,12,Over
2,talk,110,5,ESTIMATE Agent[04] VILLAGER
2,talk,111,4,Over
2,talk,112,6,Over
2,talk,113,10,Over
2,talk,114,11,Over
2,talk,115,14,Over
2,talk,116,15,Over
2,whisper,27,11,Over
2,whisper,28,4,Over
2,whisper,29,5,Over
2,talk,117,12,Over
2,talk,118,5,ESTIMATE Agent[14] VILLAGER
2,talk,119,7,Over
2,talk,120,8,Over
2,talk,121,9,Over
2,talk,122,13,Over
2,talk,123,2,Skip
2,talk,124,4,Over
2,talk,125,6,Over
2,talk,126,10,Over
2,talk,127,11,Over
2,talk,128,14,Over
2,talk,129,15,Over
2,whisper,30,4,Over
2,whisper,31,11,Over
2,whisper,32,5,Over
2,vote,2,14
2,vote,4,2
2,vote,5,15
2,vote,6,5
2,vote,7,13
2,vote,8,13
2,vote,9,5
2,vote,10,8
2,vote,11,2
2,vote,12,2
2,vote,13,2
2,vote,14,12
2,vote,15,14
2,divine,7,13,HUMAN
2,guard,14,2,VILLAGER
2,attackVote,4,2
2,attackVote,5,10
2,attackVote,11,15
2,execute,2,VILLAGER
2,attack,10,true
3,status,1,VILLAGER,DEAD,cash
3,status,2,VILLAGER,DEAD,kSugar
3,status,3,VILLAGER,DEAD,haretaro
3,status,4,WEREWOLF,ALIVE,Kanolab
3,status,5,WEREWOLF,ALIVE,wasabi
3,status,6,VILLAGER,ALIVE,TOT
3,status,7,SEER,ALIVE,nakamura
3,status,8,VILLAGER,ALIVE,iace10442
3,status,9,VILLAGER,ALIVE,tkAI
3,status,10,VILLAGER,DEAD,NLwolf
3,status,11,WEREWOLF,ALIVE,carlo
3,status,12,MEDIUM,ALIVE,twn480
3,status,13,POSSESSED,ALIVE,KajiGod
3,status,14,BODYGUARD,ALIVE,howls
3,status,15,VILLAGER,ALIVE,Udon
3,talk,0,5,ESTIMATE Agent[07] VILLAGER
3,talk,1,7,DIVINED Agent[13] HUMAN
3,talk,2,11,VOTE Agent[06]
3,talk,3,12,Over
3,talk,4,8,Skip
3,talk,5,4,COMINGOUT Agent[04] MEDIUM
3,talk,6,13,COMINGOUT Agent[13] MEDIUM
3,talk,7,14,Over
3,talk,8,6,VOTE Agent[05]
3,talk,9,15,VOTE Agent[04]
3,talk,10,9,Over
3,whisper,0,11,ATTACK Agent[13]
3,whisper,1,5,Over
3,whisper,2,4,Over
3,whisper,3,11,ESTIMATE Agent[13] MEDIUM
3,whisper,4,4,Over
3,whisper,5,5,Over
3,whisper,6,11,Over
3,talk,11,7,VOTE Agent[13]
3,talk,12,6,Over
3,talk,13,14,Over
3,talk,14,11,VOTE Agent[04]
3,talk,15,12,Over
3,talk,16,5,ESTIMATE Agent[12] VILLAGER
3,talk,17,8,Skip
3,talk,18,13,DIVINED Agent[03] HUMAN
3,talk,19,4,INQUESTED Agent[04] HUMAN
3,talk,20,15,ESTIMATE Agent[02] WEREWOLF
3,talk,21,9,Over
3,whisper,7,11,Over
3,whisper,8,5,Over
3,whisper,9,4,Over
3,talk,22,8,Skip
3,talk,23,6,Over
3,talk,24,15,ESTIMATE Agent[03] WEREWOLF
3,talk,25,13,DIVINED Agent[02] HUMAN
3,talk,26,7,Over
3,talk,27,14,Over
3,talk,28,12,Over
3,talk,29,4,INQUESTED Agent[13] WEREWOLF
3,talk,30,11,Over
3,talk,31,5,ESTIMATE Agent[07] VILLAGER
3,talk,32,9,Over
3,whisper,10,5,Over
3,whisper,11,4,Over
3,whisper,12,11,Over
3,talk,33,11,Over
3,talk,34,12,Over
3,talk,35,13,VOTE Agent[04]
3,talk,36,15,ESTIMATE Agent[09] WEREWOLF
3,talk,37,5,Skip
3,talk,38,6,Over
3,talk,39,4,INQUESTED Agent[01] WEREWOLF
3,talk,40,7,Over
3,talk,41,14,Over
3,talk,42,8,VOTE Agent[04]
3,talk,43,9,Over
3,whisper,13,5,Over
3,whisper,14,11,Over
3,whisper,15,4,Over
3,talk,44,14,Over
3,talk,45,12,Over
3,talk,46,15,ESTIMATE Agent[04] MEDIUM
3,talk,47,5,ESTIMATE Agent[13] MEDIUM
3,talk,48,8,VOTE Agent[05]
3,talk,49,13,Over
3,talk,50,4,INQUESTED Agent[02] WEREWOLF
3,talk,51,6,ESTIMATE Agent[04] WEREWOLF
3,talk,52,7,Over
3,talk,53,11,Over
3,talk,54,9,Over
3,whisper,16,5,Over
3,whisper,17,4,Over
3,whisper,18,11,Over
3,talk,55,14,Over
3,talk,56,15,Over
3,talk,57,12,Over
3,talk,58,4,INQUESTED Agent[11] HUMAN
3,talk,59,6,VOTE Agent[04]
3,talk,60,5,ESTIMATE Agent[13] MEDIUM
3,talk,61,8,VOTE Agent[09]
3,talk,62,13,Over
3,talk,63,7,Over
3,talk,64,9,Over
3,talk,65,11,Over
3,whisper,19,11,Over
3,whisper,20,5,Over
3,whisper,21,4,Over
3,talk,66,12,Over
3,talk,67,6,Over
3,talk,68,4,INQUESTED Agent[03] WEREWOLF
3,talk,69,5,ESTIMATE Agent[09] WEREWOLF
3,talk,70,14,Over
3,talk,71,15,ESTIMATE Agent[06] VILLAGER
3,talk,72,8,VOTE Agent[07]
3,talk,73,7,Over
3,talk,74,9,Over
3,talk,75,11,Over
3,talk,76,13,Over
3,whisper,22,11,Over
3,whisper,23,4,Over
3,whisper,24,5,Over
3,talk,77,8,VOTE Agent[13]
3,talk,78,14,Over
3,talk,79,15,ESTIMATE Agent[07] SEER
3,talk,80,12,Over
3,talk,81,5,ESTIMATE Agent[13] MEDIUM
3,talk,82,6,Over
3,talk,83,4,INQUESTED Agent[10] WEREWOLF
3,talk,84,7,Over
3,talk,85,9,Over
3,talk,86,11,Over
3,talk,87,13,Over
3,whisper,25,11,Over
3,whisper,26,4,Over
3,whisper,27,5,Over
3,talk,88,12,Over
3,talk,89,15,ESTIMATE Agent[08] VILLAGER
3,talk,90,8,VOTE Agent[04]
3,talk,91,6,Over
3,talk,92,4,INQUESTED Agent[05] WEREWOLF
3,talk,93,5,ESTIMATE Agent[07] VILLAGER
3,talk,94,14,Over
3,talk,95,7,Over
3,talk,96,9,Over
3,talk,97,11,Over
3,talk,98,13,Over
3,whisper,28,11,Over
3,whisper,29,4,Over
3,whisper,30,5,Over
3,talk,99,4,INQUESTED Agent[03] HUMAN
3,talk,100,6,Over
3,talk,101,8,VOTE Agent[11]
3,talk,102,5,ESTIMATE Agent[13] MEDIUM
3,talk,103,12,Over
3,talk,104,15,ESTIMATE Agent[05] VILLAGER
3,talk,105,7,Over
3,talk,106,9,Over
3,talk,107,11,Over
3,talk,108,13,Over
3,talk,109,14,Over
3,whisper,31,11,Over
3,whisper,32,5,Over
3,whisper,33,4,Over
3,vote,4,13
3,vote,5,4
3,vote,6,4
3,vote,7,13
3,vote,8,11
3,vote,9,12
3,vote,11,4
3,vote,12,6
3,vote,13,4
3,vote,14,5
3,vote,15,4
3,divine,7,4,WEREWOLF
3,guard,14,11,WEREWOLF
3,attackVote,4,9
3,attackVote,5,13
3,attackVote,11,13
3,execute,4,WEREWOLF
3,attack,13,true
4,status,1,VILLAGER,DEAD,cash
4,status,2,VILLAGER,DEAD,kSugar
4,status,3,VILLAGER,DEAD,haretaro
4,status,4,WEREWOLF,DEAD,Kanolab
4,status,5,WEREWOLF,ALIVE,wasabi
4,status,6,VILLAGER,ALIVE,TOT
4,status,7,SEER,ALIVE,nakamura
4,status,8,VILLAGER,ALIVE,iace10442
4,status,9,VILLAGER,ALIVE,tkAI
4,status,10,VILLAGER,DEAD,NLwolf
4,status,11,WEREWOLF,ALIVE,carlo
4,status,12,MEDIUM,ALIVE,twn480
4,status,13,POSSESSED,DEAD,KajiGod
4,status,14,BODYGUARD,ALIVE,howls
4,status,15,VILLAGER,ALIVE,Udon
4,talk,0,12,Over
4,talk,1,15,VOTE Agent[12]
4,talk,2,6,VOTE Agent[11]
4,talk,3,9,Over
4,talk,4,11,VOTE Agent[06]
4,talk,5,8,ESTIMATE Agent[06] VILLAGER
4,talk,6,5,ESTIMATE Agent[07] VILLAGER
4,talk,7,7,DIVINED Agent[04] WEREWOLF
4,talk,8,14,Over
4,whisper,0,5,Over
4,whisper,1,11,ATTACK Agent[13]
4,whisper,2,11,Over
4,whisper,3,5,Over
4,talk,9,12,Over
4,talk,10,8,Skip
4,talk,11,6,Over
4,talk,12,11,Over
4,talk,13,9,Over
4,talk,14,7,VOTE Agent[08]
4,talk,15,5,ESTIMATE Agent[07] VILLAGER
4,talk,16,15,ESTIMATE Agent[02] WEREWOLF
4,talk,17,14,Over
4,whisper,4,5,Over
4,whisper,5,11,Over
4,talk,18,8,Skip
4,talk,19,15,ESTIMATE Agent[04] WEREWOLF
4,talk,20,9,Over
4,talk,21,6,Over
4,talk,22,7,Over
4,talk,23,11,Over
4,talk,24,5,ESTIMATE Agent[06] VILLAGER
4,talk,25,12,Over
4,talk,26,14,Over
4,whisper,6,5,Over
4,whisper,7,11,Over
4,talk,27,11,Over
4,talk,28,8,VOTE Agent[12]
4,talk,29,5,ESTIMATE Agent[07] VILLAGER
4,talk,30,6,Over
4,talk,31,7,Over
4,talk,32,15,ESTIMATE Agent[07] WEREWOLF
4,talk,33,9,Over
4,talk,34,12,Over
4,talk,35,14,Over
4,whisper,8,5,Over
4,whisper,9,11,Over
4,talk,36,15,Over
4,talk,37,11,Over
4,talk,38,7,Over
4,talk,39,5,ESTIMATE Agent[07] VILLAGER
4,talk,40,8,VOTE Agent[05]
4,talk,41,6,Over
4,talk,42,9,Over
4,talk,43,12,Over
4,talk,44,14,Over
4,whisper,10,11,COMINGOUT Agent[11] SEER
4,whisper,11,5,Over
4,whisper,12,11,Over
4,talk,45,11,COMINGOUT Agent[11] SEER
4,talk,46,15,VOTE Agent[07]
4,talk,47,8,VOTE Agent[07]
4,talk,48,5,ESTIMATE Agent[11] SEER
4,talk,49,7,Over
4,talk,50,6,Over
4,talk,51,9,Over
4,talk,52,12,Over
4,talk,53,14,Over
4,whisper,13,11,Over
4,whisper,14,5,Over
4,talk,54,15,ESTIMATE Agent[11] SEER
4,talk,55,5,ESTIMATE Agent[07] VILLAGER
4,talk,56,11,DIVINED Agent[04] HUMAN
4,talk,57,8,Over
4,talk,58,6,Over
4,talk,59,7,Over
4,talk,60,9,Over
4,talk,61,12,Over
4,talk,62,14,Over
4,whisper,15,11,Over
4,whisper,16,5,Over
4,talk,63,15,Over
4,talk,64,5,ESTIMATE Agent[11] SEER
4,talk,65,11,DIVINED Agent[13] HUMAN
4,talk,66,6,ESTIMATE Agent[11] POSSESSED
4,talk,67,7,Over
4,talk,68,8,Over
4,talk,69,9,Over
4,talk,70,12,Over
4,talk,71,14,Over
4,whisper,17,11,Over
4,whisper,18,5,Over
4,talk,72,11,DIVINED Agent[07] HUMAN
4,talk,73,6,ESTIMATE Agent[05] WEREWOLF
4,talk,74,15,Over
4,talk,75,5,ESTIMATE Agent[07] VILLAGER
4,talk,76,7,Over
4,talk,77,8,Over
4,talk,78,9,Over
4,talk,79,12,Over
4,talk,80,14,Over
4,whisper,19,11,Over
4,whisper,20,5,Over
4,talk,81,6,Over
4,talk,82,5,ESTIMATE Agent[09] WEREWOLF
4,talk,83,11,DIVINED Agent[09] HUMAN
4,talk,84,15,Over
4,talk,85,7,Over
4,talk,86,8,Over
4,talk,87,9,Over
4,talk,88,12,Over
4,talk,89,14,Over
4,whisper,21,5,Over
4,whisper,22,11,Over
4,vote,5,14
4,vote,6,11
4,vote,7,8
4,vote,8,7
4,vote,9,6
4,vote,11,7
4,vote,12,11
4,vote,14,5
4,vote,15,7
4,divine,7,5,WEREWOLF
4,guard,14,11,WEREWOLF
4,attackVote,5,7
4,execute,7,SEER
4,attack,-1,false
5,status,1,VILLAGER,DEAD,cash
5,status,2,VILLAGER,DEAD,kSugar
5,status,3,VILLAGER,DEAD,haretaro
5,status,4,WEREWOLF,DEAD,Kanolab
5,status,5,WEREWOLF,ALIVE,wasabi
5,status,6,VILLAGER,ALIVE,TOT
5,status,7,SEER,DEAD,nakamura
5,status,8,VILLAGER,ALIVE,iace10442
5,status,9,VILLAGER,ALIVE,tkAI
5,status,10,VILLAGER,DEAD,NLwolf
5,status,11,WEREWOLF,ALIVE,carlo
5,status,12,MEDIUM,ALIVE,twn480
5,status,13,POSSESSED,DEAD,KajiGod
5,status,14,BODYGUARD,ALIVE,howls
5,status,15,VILLAGER,ALIVE,Udon
5,talk,0,14,Over
5,talk,1,9,Over
5,talk,2,11,DIVINED Agent[09] HUMAN
5,talk,3,15,VOTE Agent[09]
5,talk,4,6,VOTE Agent[11]
5,talk,5,8,Skip
5,talk,6,12,Over
5,talk,7,5,ESTIMATE Agent[09] VILLAGER
5,whisper,0,11,ATTACK Agent[13]
5,whisper,1,5,Over
5,whisper,2,11,Over
5,talk,8,6,Over
5,talk,9,15,ESTIMATE Agent[04] WEREWOLF
5,talk,10,8,ESTIMATE Agent[05] VILLAGER
5,talk,11,14,Over
5,talk,12,12,Over
5,talk,13,11,VOTE Agent[06]
5,talk,14,5,ESTIMATE Agent[06] WEREWOLF
5,talk,15,9,Over
5,whisper,3,5,Over
5,whisper,4,11,Over
5,talk,16,8,Skip
5,talk,17,6,Over
5,talk,18,5,ESTIMATE Agent[11] SEER
5,talk,19,11,Over
5,talk,20,15,ESTIMATE Agent[09] WEREWOLF
5,talk,21,14,Over
5,talk,22,12,Over
5,talk,23,9,Over
5,whisper,5,11,Over
5,whisper,6,5,Over
5,talk,24,6,Over
5,talk,25,15,ESTIMATE Agent[11] WEREWOLF
5,talk,26,5,ESTIMATE Agent[11] SEER
5,talk,27,11,Over
5,talk,28,8,VOTE Agent[15]
5,talk,29,9,Over
5,talk,30,12,Over
5,talk,31,14,Over
5,whisper,7,5,Over
5,whisper,8,11,Over
5,talk,32,11,Over
5,talk,33,8,VOTE Agent[06]
5,talk,34,5,ESTIMATE Agent[11] SEER
5,talk,35,15,Over
5,talk,36,6,Over
5,talk,37,9,Over
5,talk,38,12,Over
5,talk,39,14,Over
5,whisper,9,5,Over
5,whisper,10,11,Over
5,talk,40,5,ESTIMATE Agent[09] VILLAGER
5,talk,41,11,Over
5,talk,42,8,VOTE Agent[15]
5,talk,43,6,Over
5,talk,44,9,Over
5,talk,45,12,Over
5,talk,46,14,Over
5,talk,47,15,Over
5,whisper,11,11,Over
5,whisper,12,5,Over
5,talk,48,5,ESTIMATE Agent[09] VILLAGER
5,talk,49,8,VOTE Agent[06]
5,talk,50,11,Over
5,talk,51,6,Over
5,talk,52,9,Over
5,talk,53,12,Over
5,talk,54,14,Over
5,talk,55,15,Over
5,whisper,13,5,Over
5,whisper,14,11,Over
5,talk,56,5,ESTIMATE Agent[11] SEER
5,talk,57,8,VOTE Agent[15]
5,talk,58,6,Over
5,talk,59,9,Over
5,talk,60,11,Over
5,talk,61,12,Over
5,talk,62,14,Over
5,talk,63,15,Over
5,whisper,15,11,Over
5,whisper,16,5,Over
5,talk,64,5,ESTIMATE Agent[11] SEER
5,talk,65,8,Over
5,talk,66,6,Over
5,talk,67,9,Over
5,talk,68,11,Over
5,talk,69,12,Over
5,talk,70,14,Over
5,talk,71,15,Over
5,whisper,17,11,Over
5,whisper,18,5,Over
5,talk,72,5,ESTIMATE Agent[09] VILLAGER
5,talk,73,6,Over
5,talk,74,8,VOTE Agent[06]
5,talk,75,9,Over
5,talk,76,11,Over
5,talk,77,12,Over
5,talk,78,14,Over
5,talk,79,15,Over
5,whisper,19,11,Over
5,whisper,20,5,Over
5,vote,5,14
5,vote,6,11
5,vote,8,6
5,vote,9,11
5,vote,11,6
5,vote,12,9
5,vote,14,5
5,vote,15,9
5,guard,14,11,WEREWOLF
5,attackVote,5,9
5,execute,6,VILLAGER
5,attack,9,true
6,status,1,VILLAGER,DEAD,cash
6,status,2,VILLAGER,DEAD,kSugar
6,status,3,VILLAGER,DEAD,haretaro
6,status,4,WEREWOLF,DEAD,Kanolab
6,status,5,WEREWOLF,ALIVE,wasabi
6,status,6,VILLAGER,DEAD,TOT
6,status,7,SEER,DEAD,nakamura
6,status,8,VILLAGER,ALIVE,iace10442
6,status,9,VILLAGER,DEAD,tkAI
6,status,10,VILLAGER,DEAD,NLwolf
6,status,11,WEREWOLF,ALIVE,carlo
6,status,12,MEDIUM,ALIVE,twn480
6,status,13,POSSESSED,DEAD,KajiGod
6,status,14,BODYGUARD,ALIVE,howls
6,status,15,VILLAGER,ALIVE,Udon
6,talk,0,12,Over
6,talk,1,11,DIVINED Agent[14] HUMAN
6,talk,2,15,VOTE Agent[14]
6,talk,3,8,COMINGOUT Agent[08] VILLAGER
6,talk,4,14,Over
6,talk,5,5,ESTIMATE Agent[11] SEER
6,whisper,0,11,ATTACK Agent[13]
6,whisper,1,5,Over
6,whisper,2,11,Over
6,talk,6,5,ESTIMATE Agent[11] SEER
6,talk,7,14,Over
6,talk,8,11,VOTE Agent[08]
6,talk,9,12,Over
6,talk,10,15,ESTIMATE Agent[04] WEREWOLF
6,talk,11,8,Skip
6,whisper,3,11,Over
6,whisper,4,5,Over
6,talk,12,11,Over
6,talk,13,15,ESTIMATE Agent[11] WEREWOLF
6,talk,14,14,Over
6,talk,15,12,Over
6,talk,16,8,Skip
6,talk,17,5,ESTIMATE Agent[11] SEER
6,whisper,5,11,Over
6,whisper,6,5,Over
6,talk,18,5,ESTIMATE Agent[14] VILLAGER
6,talk,19,14,Over
6,talk,20,11,Over
6,talk,21,8,Skip
6,talk,22,12,Over
6,talk,23,15,ESTIMATE Agent[14] WEREWOLF
6,whisper,7,5,Over
6,whisper,8,11,Over
6,talk,24,12,Over
6,talk,25,14,Over
6,talk,26,15,Over
6,talk,27,11,Over
6,talk,28,8,VOTE Agent[11]
6,talk,29,5,ESTIMATE Agent[14] VILLAGER
6,whisper,9,11,Over
6,whisper,10,5,Over
6,talk,30,11,Over
6,talk,31,8,Over
6,talk,32,14,Over
6,talk,33,12,Over
6,talk,34,5,ESTIMATE Agent[14] VILLAGER
6,talk,35,15,Over
6,whisper,11,11,Over
6,whisper,12,5,Over
6,talk,36,14,Over
6,talk,37,12,Over
6,talk,38,5,ESTIMATE Agent[11] SEER
6,talk,39,11,Over
6,talk,40,8,VOTE Agent[15]
6,talk,41,15,Over
6,whisper,13,5,Over
6,whisper,14,11,Over
6,talk,42,14,Over
6,talk,43,8,Over
6,talk,44,12,Over
6,talk,45,11,Over
6,talk,46,5,ESTIMATE Agent[14] VILLAGER
6,talk,47,15,Over
6,whisper,15,11,Over
6,whisper,16,5,Over
6,talk,48,14,Over
6,talk,49,12,Over
6,talk,50,8,VOTE Agent[12]
6,talk,51,11,Over
6,talk,52,5,ESTIMATE Agent[11] SEER
6,talk,53,15,Over
6,whisper,17,11,Over
6,whisper,18,5,Over
6,talk,54,8,VOTE Agent[15]
6,talk,55,12,Over
6,talk,56,5,ESTIMATE Agent[14] VILLAGER
6,talk,57,11,Over
6,talk,58,14,Over
6,talk,59,15,Over
6,whisper,19,5,Over
6,whisper,20,11,Over
6,vote,5,12
6,vote,8,15
6,vote,11,8
6,vote,12,14
6,vote,14,5
6,vote,15,14
6,guard,14,11,WEREWOLF
6,attackVote,5,14
6,execute,14,BODYGUARD
6,attack,-1,false
7,status,1,VILLAGER,DEAD,cash
7,status,2,VILLAGER,DEAD,kSugar
7,status,3,VILLAGER,DEAD,haretaro
7,status,4,WEREWOLF,DEAD,Kanolab
7,status,5,WEREWOLF,ALIVE,wasabi
7,status,6,VILLAGER,DEAD,TOT
7,status,7,SEER,DEAD,nakamura
7,status,8,VILLAGER,ALIVE,iace10442
7,status,9,VILLAGER,DEAD,tkAI
7,status,10,VILLAGER,DEAD,NLwolf
7,status,11,WEREWOLF,ALIVE,carlo
7,status,12,MEDIUM,ALIVE,twn480
7,status,13,POSSESSED,DEAD,KajiGod
7,status,14,BODYGUARD,DEAD,howls
7,status,15,VILLAGER,ALIVE,Udon
7,talk,0,15,VOTE Agent[11]
7,talk,1,11,DIVINED Agent[08] HUMAN
7,talk,2,5,ESTIMATE Agent[08] VILLAGER
7,talk,3,8,Skip
7,talk,4,12,Over
7,whisper,0,11,ATTACK Agent[13]
7,whisper,1,5,Over
7,whisper,2,11,Over
7,talk,5,11,VOTE Agent[08]
7,talk,6,8,Skip
7,talk,7,5,ESTIMATE Agent[11] SEER
7,talk,8,15,ESTIMATE Agent[04] WEREWOLF
7,talk,9,12,Over
7,whisper,3,11,Over
7,whisper,4,5,Over
7,talk,10,8,Skip
7,talk,11,11,Over
7,talk,12,5,ESTIMATE Agent[12] WEREWOLF
7,talk,13,15,ESTIMATE Agent[11] WEREWOLF
7,talk,14,12,Over
7,whisper,5,11,Over
7,whisper,6,5,Over
7,talk,15,11,Over
7,talk,16,8,VOTE Agent[11]
7,talk,17,5,ESTIMATE Agent[11] SEER
7,talk,18,15,ESTIMATE Agent[14] WEREWOLF
7,talk,19,12,Over
7,whisper,7,11,Over
7,whisper,8,5,Over
7,talk,20,8,Over
7,talk,21,15,ESTIMATE Agent[08] VILLAGER
7,talk,22,11,Over
7,talk,23,5,ESTIMATE Agent[08] VILLAGER
7,talk,24,12,Over
7,whisper,9,5,Over
7,whisper,10,11,Over
7,talk,25,11,Over
7,talk,26,5,ESTIMATE Agent[11] SEER
7,talk,27,15,Over
7,talk,28,8,VOTE Agent[05]
7,talk,29,12,Over
7,whisper,11,11,Over
7,whisper,12,5,Over
7,talk,30,11,Over
7,talk,31,5,ESTIMATE Agent[08] VILLAGER
7,talk,32,15,Over
7,talk,33,8,VOTE Agent[11]
7,talk,34,12,Over
7,whisper,13,5,Over
7,whisper,14,11,Over
7,talk,35,8,Over
7,talk,36,15,Over
7,talk,37,5,ESTIMATE Agent[08] VILLAGER
7,talk,38,11,Over
7,talk,39,12,Over
7,whisper,15,5,Over
7,whisper,16,11,Over
7,talk,40,5,ESTIMATE Agent[08] VILLAGER
7,talk,41,8,VOTE Agent[12]
7,talk,42,15,Over
7,talk,43,11,Over
7,talk,44,12,Over
7,whisper,17,11,Over
7,whisper,18,5,Over
7,talk,45,5,ESTIMATE Agent[11] SEER
7,talk,46,8,VOTE Agent[11]
7,talk,47,11,Over
7,talk,48,12,Over
7,talk,49,15,Over
7,whisper,19,5,Over
7,whisper,20,11,Over
7,vote,5,12
7,vote,8,11
7,vote,11,12
7,vote,12,11
7,vote,15,11
7,execute,11,WEREWOLF
7,attack,15,true
8,status,1,VILLAGER,DEAD,cash
8,status,2,VILLAGER,DEAD,kSugar
8,status,3,VILLAGER,DEAD,haretaro
8,status,4,WEREWOLF,DEAD,Kanolab
8,status,5,WEREWOLF,ALIVE,wasabi
8,status,6,VILLAGER,DEAD,TOT
8,status,7,SEER,DEAD,nakamura
8,status,8,VILLAGER,ALIVE,iace10442
8,status,9,VILLAGER,DEAD,tkAI
8,status,10,VILLAGER,DEAD,NLwolf
8,status,11,WEREWOLF,DEAD,carlo
8,status,12,MEDIUM,ALIVE,twn480
8,status,13,POSSESSED,DEAD,KajiGod
8,status,14,BODYGUARD,DEAD,howls
8,status,15,VILLAGER,DEAD,Udon
8,talk,0,8,Skip
8,talk,1,5,Skip
8,talk,2,12,Over
8,whisper,0,5,Over
8,talk,3,5,ESTIMATE Agent[08] VILLAGER
8,talk,4,8,Skip
8,talk,5,12,Over
8,whisper,1,5,Over
8,talk,6,5,ESTIMATE Agent[08] VILLAGER
8,talk,7,8,Skip
8,talk,8,12,Over
8,whisper,2,5,Over
8,talk,9,8,VOTE Agent[12]
8,talk,10,5,ESTIMATE Agent[08] VILLAGER
8,talk,11,12,Over
8,whisper,3,5,Over
8,talk,12,8,Over
8,talk,13,5,Skip
8,talk,14,12,Over
8,whisper,4,5,Over
8,talk,15,5,ESTIMATE Agent[08] VILLAGER
8,talk,16,8,Over
8,talk,17,12,Over
8,whisper,5,5,Over
8,talk,18,5,ESTIMATE Agent[08] VILLAGER
8,talk,19,8,Over
8,talk,20,12,Over
8,whisper,6,5,Over
8,talk,21,5,Skip
8,talk,22,8,Over
8,talk,23,12,Over
8,whisper,7,5,Over
8,talk,24,5,ESTIMATE Agent[08] VILLAGER
8,talk,25,8,Over
8,talk,26,12,Over
8,whisper,8,5,Over
8,talk,27,5,ESTIMATE Agent[08] VILLAGER
8,talk,28,8,Over
8,talk,29,12,Over
8,whisper,9,5,Over
8,vote,5,12
8,vote,8,12
8,vote,12,5
8,attackVote,5,8
8,execute,12,MEDIUM
8,attack,8,true
9,status,1,VILLAGER,DEAD,cash
9,status,2,VILLAGER,DEAD,kSugar
9,status,3,VILLAGER,DEAD,haretaro
9,status,4,WEREWOLF,DEAD,Kanolab
9,status,5,WEREWOLF,ALIVE,wasabi
9,status,6,VILLAGER,DEAD,TOT
9,status,7,SEER,DEAD,nakamura
9,status,8,VILLAGER,DEAD,iace10442
9,status,9,VILLAGER,DEAD,tkAI
9,status,10,VILLAGER,DEAD,NLwolf
9,status,11,WEREWOLF,DEAD,carlo
9,status,12,MEDIUM,DEAD,twn480
9,status,13,POSSESSED,DEAD,KajiGod
9,status,14,BODYGUARD,DEAD,howls
9,status,15,VILLAGER,DEAD,Udon
9,result,0,1,WEREWOLF
