0,status,1,VILLAGER,ALIVE,cash
0,status,2,WEREWOLF,ALIVE,kSugar
0,status,3,SEER,ALIVE,haretaro
0,status,4,POSSESSED,ALIVE,Kanolab
0,status,5,WEREWOLF,ALIVE,wasabi
0,status,6,VILLAGER,ALIVE,TOT
0,status,7,VILLAGER,ALIVE,nakamura
0,status,8,VILLAGER,ALIVE,iace10442
0,status,9,VILLAGER,ALIVE,tkAI
0,status,10,VILLAGER,ALIVE,NLwolf
0,status,11,VILLAGER,ALIVE,carlo
0,status,12,BODYGUARD,ALIVE,twn480
0,status,13,WEREWOLF,ALIVE,KajiGod
0,status,14,VILLAGER,ALIVE,howls
0,status,15,MEDIUM,ALIVE,Udon
0,talk,0,7,ESTIMATE Agent[13] WEREWOLF
0,talk,1,13,VOTE Agent[03]
0,talk,2,14,Over
0,talk,3,6,Over
0,talk,4,15,COMINGOUT Agent[15] MEDIUM
0,talk,5,2,ESTIMATE Agent[01] VILLAGER
0,talk,6,5,Skip
0,talk,7,8,ESTIMATE Agent[01] VILLAGER
0,talk,8,10,Skip
0,talk,9,4,VOTE Agent[02]
0,talk,10,9,INQUESTED Agent[15] WEREWOLF
0,talk,11,1,Skip
0,talk,12,3,COMINGOUT Agent[03] SEER
0,talk,13,12,Skip
0,talk,14,11,VOTE Agent[09]
0,whisper,0,2,COMINGOUT Agent[02] VILLAGER
0,whisper,1,13,COMINGOUT Agent[13] SEER
0,whisper,2,5,Over
0,whisper,3,2,Skip
0,whisper,4,13,Over
0,whisper,5,5,Over
0,whisper,6,2,Skip
0,whisper,7,5,Over
0,whisper,8,13,Over
0,whisper,9,2,Skip
0,whisper,10,5,Over
0,whisper,11,13,Over
0,whisper,12,2,Skip
0,whisper,13,5,Over
0,whisper,14,13,Over
0,whisper,15,2,Skip
0,whisper,16,5,Over
0,whisper,17,13,Over
0,whisper,18,2,Skip
0,whisper,19,5,Over
0,whisper,20,13,Over
0,whisper,21,2,Skip
0,whisper,22,5,Over
0,whisper,23,13,Over
0,whisper,24,2,Skip
0,whisper,25,5,Over
0,whisper,26,13,Over
0,whisper,27,2,Skip
0,whisper,28,5,Over
0,whisper,29,13,Over
0,talk,15,2,ESTIMATE Agent[01] VILLAGER
0,talk,16,3,Skip
0,talk,17,6,Over
0,talk,18,4,Over
0,talk,19,9,VOTE Agent[15]
0,talk,20,7,VOTE Agent[13]
0,talk,21,12,Skip
0,talk,22,11,Over
0,talk,23,8,Skip
0,talk,24,14,Over
0,talk,25,1,Skip
0,talk,26,15,VOTE Agent[09]
0,talk,27,10,Skip
0,talk,28,5,ESTIMATE Agent[03] SEER
0,talk,29,13,COMINGOUT Agent[13] SEER
0,whisper,30,5,Over
0,whisper,31,13,Over
0,whisper,32,2,Skip
0,whisper,33,2,Skip
0,whisper,34,13,Over
0,whisper,35,5,Over
0,whisper,36,2,Skip
0,whisper,37,5,Over
0,whisper,38,13,Over
0,whisper,39,2,Skip
0,whisper,40,5,Over
0,whisper,41,13,Over
0,whisper,42,2,Skip
0,whisper,43,5,Over
0,whisper,44,13,Over
0,whisper,45,2,Skip
0,whisper,46,5,Over
0,whisper,47,13,Over
0,whisper,48,2,Skip
0,whisper,49,5,Over
0,whisper,50,13,Over
0,whisper,51,2,Skip
0,whisper,52,5,Over
0,whisper,53,13,Over
0,whisper,54,2,Skip
0,whisper,55,5,Over
0,whisper,56,13,Over
0,whisper,57,2,Skip
0,whisper,58,5,Over
0,whisper,59,13,Over
0,talk,30,8,Skip
0,talk,31,14,Over
0,talk,32,4,Over
0,talk,33,11,Over
0,talk,34,9,INQUESTED Agent[15] WEREWOLF
0,talk,35,15,ESTIMATE Agent[05] WEREWOLF
0,talk,36,13,Over
0,talk,37,3,VOTE Agent[13]
0,talk,38,1,Skip
0,talk,39,6,Over
0,talk,40,12,Skip
0,talk,41,7,Over
0,talk,42,2,ESTIMATE Agent[04] VILLAGER
0,talk,43,5,Skip
0,talk,44,10,Skip
0,whisper,60,5,Over
0,whisper,61,13,Over
0,whisper,62,2,Skip
0,whisper,63,5,Over
0,whisper,64,2,Skip
0,whisper,65,13,Over
0,whisper,66,5,Over
0,whisper,67,2,Skip
0,whisper,68,13,Over
0,whisper,69,5,Over
0,whisper,70,2,Skip
0,whisper,71,13,Over
0,whisper,72,2,Skip
0,whisper,73,5,Over
0,whisper,74,13,Over
0,whisper,75,2,Skip
0,whisper,76,5,Over
0,whisper,77,13,Over
0,whisper,78,2,Skip
0,whisper,79,5,Over
0,whisper,80,13,Over
0,whisper,81,2,Skip
0,whisper,82,5,Over
0,whisper,83,13,Over
0,whisper,84,2,Skip
0,whisper,85,5,Over
0,whisper,86,13,Over
0,whisper,87,2,Skip
0,whisper,88,5,Over
0,whisper,89,13,Over
0,talk,45,12,Skip
0,talk,46,7,Over
0,talk,47,3,Skip
0,talk,48,10,VOTE Agent[06]
0,talk,49,1,VOTE Agent[15]
0,talk,50,14,Over
0,talk,51,5,ESTIMATE Agent[08] VILLAGER
0,talk,52,9,VOTE Agent[15]
0,talk,53,11,Over
0,talk,54,13,Over
0,talk,55,6,Over
0,talk,56,15,ESTIMATE Agent[09] WEREWOLF
0,talk,57,2,ESTIMATE Agent[05] VILLAGER
0,talk,58,4,Over
0,talk,59,8,VOTE Agent[03]
0,whisper,90,2,Skip
0,whisper,91,13,Over
0,whisper,92,5,Over
0,whisper,93,2,Skip
0,whisper,94,5,Over
0,whisper,95,13,Over
0,whisper,96,2,Skip
0,whisper,97,5,Over
0,whisper,98,13,Over
0,whisper,99,2,Skip
0,whisper,100,5,Over
0,whisper,101,13,Over
0,whisper,102,2,Skip
0,whisper,103,5,Over
0,whisper,104,13,Over
0,whisper,105,2,Skip
0,whisper,106,5,Over
0,whisper,107,13,Over
0,whisper,108,2,Skip
0,whisper,109,5,Over
0,whisper,110,13,Over
0,whisper,111,2,Skip
0,whisper,112,5,Over
0,whisper,113,13,Over
0,whisper,114,2,Skip
0,whisper,115,5,Over
0,whisper,116,13,Over
0,whisper,117,2,Skip
0,whisper,118,5,Over
0,whisper,119,13,Over
0,talk,60,3,Skip
0,talk,61,15,ESTIMATE Agent[14] WEREWOLF
0,talk,62,5,ESTIMATE Agent[12] VILLAGER
0,talk,63,12,Skip
0,talk,64,2,ESTIMATE Agent[06] VILLAGER
0,talk,65,7,Over
0,talk,66,6,Over
0,talk,67,10,Over
0,talk,68,13,Over
0,talk,69,1,Over
0,talk,70,9,INQUESTED Agent[15] WEREWOLF
0,talk,71,8,VOTE Agent[02]
0,talk,72,14,Over
0,talk,73,4,Over
0,talk,74,11,Over
0,whisper,120,5,Over
0,whisper,121,13,Over
0,whisper,122,2,Skip
0,whisper,123,5,Over
0,whisper,124,2,Skip
0,whisper,125,13,Over
0,whisper,126,2,Skip
0,whisper,127,5,Over
0,whisper,128,13,Over
0,whisper,129,2,Skip
0,whisper,130,5,Over
0,whisper,131,13,Over
0,whisper,132,2,Skip
0,whisper,133,5,Over
0,whisper,134,13,Over
0,whisper,135,2,Skip
0,whisper,136,5,Over
0,whisper,137,13,Over
0,whisper,138,2,Skip
0,whisper,139,5,Over
0,whisper,140,13,Over
0,whisper,141,2,Skip
0,whisper,142,5,Over
0,whisper,143,13,Over
0,whisper,144,2,Skip
0,whisper,145,5,Over
0,whisper,146,13,Over
0,whisper,147,2,Skip
0,whisper,148,5,Over
0,whisper,149,13,Over
0,talk,75,5,ESTIMATE Agent[15] MEDIUM
0,talk,76,3,Skip
0,talk,77,7,Over
0,talk,78,1,VOTE Agent[15]
0,talk,79,8,VOTE Agent[14]
0,talk,80,2,ESTIMATE Agent[07] VILLAGER
0,talk,81,13,Over
0,talk,82,6,Over
0,talk,83,15,Over
0,talk,84,12,Skip
0,talk,85,10,Over
0,talk,86,9,VOTE Agent[15]
0,talk,87,4,Over
0,talk,88,11,Over
0,talk,89,14,Over
0,whisper,150,2,Skip
0,whisper,151,5,Over
0,whisper,152,13,Over
0,whisper,153,2,Skip
0,whisper,154,5,Over
0,whisper,155,13,Over
0,whisper,156,2,Skip
0,whisper,157,5,Over
0,whisper,158,13,Over
0,whisper,159,2,Skip
0,whisper,160,5,Over
0,whisper,161,13,Over
0,whisper,162,2,Skip
0,whisper,163,5,Over
0,whisper,164,13,Over
0,whisper,165,2,Skip
0,whisper,166,5,Over
0,whisper,167,13,Over
0,whisper,168,2,Skip
0,whisper,169,5,Over
0,whisper,170,13,Over
0,whisper,171,2,Skip
0,whisper,172,5,Over
0,whisper,173,13,Over
0,whisper,174,2,Skip
0,whisper,175,5,Over
0,whisper,176,13,Over
0,whisper,177,2,Skip
0,whisper,178,5,Over
0,whisper,179,13,Over
0,talk,90,13,Over
0,talk,91,10,Over
0,talk,92,9,INQUESTED Agent[15] WEREWOLF
0,talk,93,3,Skip
0,talk,94,1,VOTE Agent[15]
0,talk,95,6,Over
0,talk,96,5,ESTIMATE Agent[12] VILLAGER
0,talk,97,8,VOTE Agent[03]
0,talk,98,15,Over
0,talk,99,7,Over
0,talk,100,12,Skip
0,talk,101,2,ESTIMATE Agent[08] VILLAGER
0,talk,102,4,Over
0,talk,103,11,Over
0,talk,104,14,Over
0,whisper,180,5,Over
0,whisper,181,2,Skip
0,whisper,182,13,Over
0,whisper,183,2,Skip
0,whisper,184,5,Over
0,whisper,185,13,Over
0,whisper,186,2,Skip
0,whisper,187,5,Over
0,whisper,188,13,Over
0,whisper,189,2,Skip
0,whisper,190,5,Over
0,whisper,191,13,Over
0,whisper,192,2,Skip
0,whisper,193,5,Over
0,whisper,194,13,Over
0,whisper,195,2,Skip
0,whisper,196,5,Over
0,whisper,197,13,Over
0,whisper,198,2,Skip
0,whisper,199,5,Over
0,whisper,200,13,Over
0,whisper,201,2,Skip
0,whisper,202,5,Over
0,whisper,203,13,Over
0,whisper,204,2,Skip
0,whisper,205,5,Over
0,whisper,206,13,Over
0,whisper,207,2,Skip
0,whisper,208,5,Over
0,whisper,209,13,Over
0,talk,105,6,Over
0,talk,106,7,Over
0,talk,107,5,Skip
0,talk,108,15,Over
0,talk,109,8,VOTE Agent[06]
0,talk,110,1,Over
0,talk,111,2,ESTIMATE Agent[09] VILLAGER
0,talk,112,3,Skip
0,talk,113,12,Skip
0,talk,114,10,Over
0,talk,115,9,INQUESTED Agent[15] WEREWOLF
0,talk,116,13,Over
0,talk,117,4,Over
0,talk,118,11,Over
0,talk,119,14,Over
0,whisper,210,2,Skip
0,whisper,211,5,Over
0,whisper,212,13,Over
0,whisper,213,2,Skip
0,whisper,214,5,Over
0,whisper,215,13,Over
0,whisper,216,2,Skip
0,whisper,217,5,Over
0,whisper,218,13,Over
0,whisper,219,2,Skip
0,whisper,220,5,Over
0,whisper,221,13,Over
0,whisper,222,2,Skip
0,whisper,223,5,Over
0,whisper,224,13,Over
0,whisper,225,2,Skip
0,whisper,226,5,Over
0,whisper,227,13,Over
0,whisper,228,2,Skip
0,whisper,229,5,Over
0,whisper,230,13,Over
0,whisper,231,2,Skip
0,whisper,232,5,Over
0,whisper,233,13,Over
0,whisper,234,2,Skip
0,whisper,235,5,Over
0,whisper,236,13,Over
0,whisper,237,2,Skip
0,whisper,238,5,Over
0,whisper,239,13,Over
0,talk,120,8,VOTE Agent[01]
0,talk,121,2,ESTIMATE Agent[10] VILLAGER
0,talk,122,12,Skip
0,talk,123,3,Skip
0,talk,124,15,Over
0,talk,125,9,INQUESTED Agent[15] WEREWOLF
0,talk,126,5,ESTIMATE Agent[15] MEDIUM
0,talk,127,1,VOTE Agent[15]
0,talk,128,10,Over
0,talk,129,6,Over
0,talk,130,7,Over
0,talk,131,4,Over
0,talk,132,11,Over
0,talk,133,13,Over
0,talk,134,14,Over
0,whisper,240,5,Over
0,whisper,241,13,Over
0,whisper,242,2,Skip
0,whisper,243,5,Over
0,whisper,244,13,Over
0,whisper,245,2,Skip
0,whisper,246,5,Over
0,whisper,247,13,Over
0,whisper,248,2,Skip
0,whisper,249,13,Over
0,whisper,250,5,Over
0,whisper,251,2,Skip
0,whisper,252,5,Over
0,whisper,253,2,Skip
0,whisper,254,13,Over
0,whisper,255,2,Skip
0,whisper,256,5,Over
0,whisper,257,13,Over
0,whisper,258,2,Skip
0,whisper,259,5,Over
0,whisper,260,13,Over
0,whisper,261,2,Skip
0,whisper,262,5,Over
0,whisper,263,13,Over
0,whisper,264,2,Skip
0,whisper,265,5,Over
0,whisper,266,13,Over
0,whisper,267,2,Skip
0,whisper,268,5,Over
0,whisper,269,13,Over
0,talk,135,5,ESTIMATE Agent[11] WEREWOLF
0,talk,136,2,ESTIMATE Agent[11] VILLAGER
0,talk,137,9,VOTE Agent[15]
0,talk,138,15,Over
0,talk,139,12,Skip
0,talk,140,8,VOTE Agent[13]
0,talk,141,3,Skip
0,talk,142,1,Over
0,talk,143,4,Over
0,talk,144,6,Over
0,talk,145,7,Over
0,talk,146,10,Over
0,talk,147,11,Over
0,talk,148,13,Over
0,talk,149,14,Over
0,whisper,270,13,Over
0,whisper,271,2,Skip
0,whisper,272,5,Over
0,whisper,273,13,Over
0,whisper,274,2,Skip
0,whisper,275,5,Over
0,whisper,276,13,Over
0,whisper,277,2,Skip
0,whisper,278,5,Over
0,whisper,279,2,Skip
0,whisper,280,13,Over
0,whisper,281,5,Over
0,whisper,282,2,Skip
0,whisper,283,5,Over
0,whisper,284,13,Over
0,whisper,285,2,Skip
0,whisper,286,5,Over
0,whisper,287,13,Over
0,whisper,288,2,Skip
0,whisper,289,5,Over
0,whisper,290,13,Over
0,whisper,291,2,Skip
0,whisper,292,5,Over
0,whisper,293,13,Over
0,whisper,294,2,Skip
0,whisper,295,5,Over
0,whisper,296,13,Over
0,whisper,297,2,Skip
0,whisper,298,5,Over
0,whisper,299,13,Over
0,divine,3,13,WEREWOLF
1,status,1,VILLAGER,ALIVE,cash
1,status,2,WEREWOLF,ALIVE,kSugar
1,status,3,SEER,ALIVE,haretaro
1,status,4,POSSESSED,ALIVE,Kanolab
1,status,5,WEREWOLF,ALIVE,wasabi
1,status,6,VILLAGER,ALIVE,TOT
1,status,7,VILLAGER,ALIVE,nakamura
1,status,8,VILLAGER,ALIVE,iace10442
1,status,9,VILLAGER,ALIVE,tkAI
1,status,10,VILLAGER,ALIVE,NLwolf
1,status,11,VILLAGER,ALIVE,carlo
1,status,12,BODYGUARD,ALIVE,twn480
1,status,13,WEREWOLF,ALIVE,KajiGod
1,status,14,VILLAGER,ALIVE,howls
1,status,15,MEDIUM,ALIVE,Udon
1,talk,0,12,Skip
1,talk,1,5,ESTIMATE Agent[12] VILLAGER
1,talk,2,1,VOTE Agent[15]
1,talk,3,9,INQUESTED Agent[15] WEREWOLF
1,talk,4,3,DIVINED Agent[13] WEREWOLF
1,talk,5,8,Skip
1,talk,6,7,ESTIMATE Agent[13] WEREWOLF
1,talk,7,4,VOTE Agent[15]
1,talk,8,13,VOTE Agent[03]
1,talk,9,11,VOTE Agent[09]
1,talk,10,15,VOTE Agent[09]
1,talk,11,10,Skip
1,talk,12,6,VOTE Agent[12]
1,talk,13,14,Over
1,talk,14,2,VOTE Agent[15]
1,whisper,0,5,Over
1,whisper,1,13,Over
1,whisper,2,2,ATTACK Agent[01]
1,whisper,3,5,Over
1,whisper,4,13,Over
1,whisper,5,2,Skip
1,whisper,6,2,Skip
1,whisper,7,5,Over
1,whisper,8,13,Over
1,whisper,9,2,Skip
1,whisper,10,5,Over
1,whisper,11,13,Over
1,whisper,12,2,Skip
1,whisper,13,5,Over
1,whisper,14,13,Over
1,whisper,15,2,Skip
1,whisper,16,5,Over
1,whisper,17,13,Over
1,whisper,18,2,Skip
1,whisper,19,5,Over
1,whisper,20,13,Over
1,whisper,21,2,Skip
1,whisper,22,5,Over
1,whisper,23,13,Over
1,whisper,24,2,ATTACK Agent[01]
1,whisper,25,5,Over
1,whisper,26,13,Over
1,whisper,27,2,VOTE Agent[15]
1,whisper,28,5,Over
1,whisper,29,13,Over
1,talk,15,3,VOTE Agent[13]
1,talk,16,7,VOTE Agent[13]
1,talk,17,12,Skip
1,talk,18,13,Over
1,talk,19,11,Over
1,talk,20,6,Over
1,talk,21,9,INQUESTED Agent[15] WEREWOLF
1,talk,22,10,Skip
1,talk,23,1,Skip
1,talk,24,15,ESTIMATE Agent[05] WEREWOLF
1,talk,25,8,Skip
1,talk,26,5,Skip
1,talk,27,2,VOTE Agent[15]
1,talk,28,14,Over
1,talk,29,4,Over
1,whisper,30,2,ATTACK Agent[01]
1,whisper,31,13,Over
1,whisper,32,5,Over
1,whisper,33,2,Skip
1,whisper,34,5,Over
1,whisper,35,13,Over
1,whisper,36,2,Skip
1,whisper,37,5,Over
1,whisper,38,13,Over
1,whisper,39,2,Skip
1,whisper,40,5,Over
1,whisper,41,13,Over
1,whisper,42,2,Skip
1,whisper,43,5,Over
1,whisper,44,13,Over
1,whisper,45,2,Skip
1,whisper,46,5,Over
1,whisper,47,13,Over
1,whisper,48,2,Skip
1,whisper,49,5,Over
1,whisper,50,13,Over
1,whisper,51,2,Skip
1,whisper,52,5,Over
1,whisper,53,13,Over
1,whisper,54,2,ATTACK Agent[01]
1,whisper,55,5,Over
1,whisper,56,13,Over
1,whisper,57,2,VOTE Agent[15]
1,whisper,58,5,Over
1,whisper,59,13,Over
1,talk,30,10,Skip
1,talk,31,2,ESTIMATE Agent[05] VILLAGER
1,talk,32,7,Over
1,talk,33,5,ESTIMATE Agent[07] VILLAGER
1,talk,34,9,VOTE Agent[15]
1,talk,35,13,Over
1,talk,36,3,Skip
1,talk,37,12,Skip
1,talk,38,1,VOTE Agent[09]
1,talk,39,15,ESTIMATE Agent[13] WEREWOLF
1,talk,40,6,Over
1,talk,41,8,Skip
1,talk,42,11,Over
1,talk,43,4,Over
1,talk,44,14,Over
1,whisper,60,13,Over
1,whisper,61,2,ATTACK Agent[01]
1,whisper,62,5,Over
1,whisper,63,13,Over
1,whisper,64,2,Skip
1,whisper,65,5,Over
1,whisper,66,13,Over
1,whisper,67,2,Skip
1,whisper,68,5,Over
1,whisper,69,2,Skip
1,whisper,70,13,Over
1,whisper,71,5,Over
1,whisper,72,2,Skip
1,whisper,73,5,Over
1,whisper,74,13,Over
1,whisper,75,2,Skip
1,whisper,76,5,Over
1,whisper,77,13,Over
1,whisper,78,2,Skip
1,whisper,79,5,Over
1,whisper,80,13,Over
1,whisper,81,2,Skip
1,whisper,82,5,Over
1,whisper,83,13,Over
1,whisper,84,2,ATTACK Agent[01]
1,whisper,85,5,Over
1,whisper,86,13,Over
1,whisper,87,2,VOTE Agent[15]
1,whisper,88,5,Over
1,whisper,89,13,Over
1,talk,45,8,VOTE Agent[15]
1,talk,46,3,Skip
1,talk,47,9,INQUESTED Agent[15] WEREWOLF
1,talk,48,15,ESTIMATE Agent[14] WEREWOLF
1,talk,49,10,VOTE Agent[11]
1,talk,50,13,Over
1,talk,51,1,VOTE Agent[09]
1,talk,52,7,Over
1,talk,53,6,Over
1,talk,54,12,Skip
1,talk,55,5,ESTIMATE Agent[07] VILLAGER
1,talk,56,2,VOTE Agent[15]
1,talk,57,4,Over
1,talk,58,11,Over
1,talk,59,14,Over
1,whisper,90,5,Over
1,whisper,91,13,Over
1,whisper,92,2,ATTACK Agent[01]
1,whisper,93,5,Over
1,whisper,94,13,Over
1,whisper,95,2,Skip
1,whisper,96,5,Over
1,whisper,97,2,Skip
1,whisper,98,13,Over
1,whisper,99,2,Skip
1,whisper,100,5,Over
1,whisper,101,13,Over
1,whisper,102,2,Skip
1,whisper,103,5,Over
1,whisper,104,13,Over
1,whisper,105,2,Skip
1,whisper,106,5,Over
1,whisper,107,13,Over
1,whisper,108,2,Skip
1,whisper,109,5,Over
1,whisper,110,13,Over
1,whisper,111,2,Skip
1,whisper,112,5,Over
1,whisper,113,13,Over
1,whisper,114,2,ATTACK Agent[01]
1,whisper,115,5,Over
1,whisper,116,13,Over
1,whisper,117,2,VOTE Agent[15]
1,whisper,118,5,Over
1,whisper,119,13,Over
1,talk,60,15,Over
1,talk,61,12,Skip
1,talk,62,9,INQUESTED Agent[15] WEREWOLF
1,talk,63,8,VOTE Agent[10]
1,talk,64,13,Over
1,talk,65,5,ESTIMATE Agent[02] VILLAGER
1,talk,66,6,Over
1,talk,67,3,VOTE Agent[09]
1,talk,68,10,Over
1,talk,69,7,Over
1,talk,70,1,VOTE Agent[09]
1,talk,71,2,VOTE Agent[09]
1,talk,72,4,Over
1,talk,73,11,Over
1,talk,74,14,Over
1,whisper,120,13,Over
1,whisper,121,5,Over
1,whisper,122,2,ATTACK Agent[01]
1,whisper,123,13,Over
1,whisper,124,2,Skip
1,whisper,125,5,Over
1,whisper,126,2,Skip
1,whisper,127,13,Over
1,whisper,128,5,Over
1,whisper,129,2,Skip
1,whisper,130,5,Over
1,whisper,131,13,Over
1,whisper,132,2,Skip
1,whisper,133,5,Over
1,whisper,134,13,Over
1,whisper,135,2,Skip
1,whisper,136,5,Over
1,whisper,137,13,Over
1,whisper,138,2,Skip
1,whisper,139,5,Over
1,whisper,140,13,Over
1,whisper,141,2,Skip
1,whisper,142,5,Over
1,whisper,143,13,Over
1,whisper,144,2,ATTACK Agent[01]
1,whisper,145,5,Over
1,whisper,146,13,Over
1,whisper,147,2,VOTE Agent[15]
1,whisper,148,5,Over
1,whisper,149,13,Over
1,talk,75,8,VOTE Agent[15]
1,talk,76,10,Over
1,talk,77,9,INQUESTED Agent[15] WEREWOLF
1,talk,78,13,Over
1,talk,79,7,Over
1,talk,80,12,Skip
1,talk,81,1,VOTE Agent[09]
1,talk,82,5,ESTIMATE Agent[07] VILLAGER
1,talk,83,3,Skip
1,talk,84,15,Over
1,talk,85,2,VOTE Agent[09]
1,talk,86,6,Over
1,talk,87,4,Over
1,talk,88,11,Over
1,talk,89,14,Over
1,whisper,150,13,Over
1,whisper,151,5,Over
1,whisper,152,2,ATTACK Agent[01]
1,whisper,153,2,Skip
1,whisper,154,13,Over
1,whisper,155,5,Over
1,whisper,156,2,Skip
1,whisper,157,5,Over
1,whisper,158,13,Over
1,whisper,159,2,Skip
1,whisper,160,5,Over
1,whisper,161,13,Over
1,whisper,162,2,Skip
1,whisper,163,5,Over
1,whisper,164,13,Over
1,whisper,165,2,Skip
1,whisper,166,5,Over
1,whisper,167,13,Over
1,whisper,168,2,Skip
1,whisper,169,5,Over
1,whisper,170,13,Over
1,whisper,171,2,Skip
1,whisper,172,5,Over
1,whisper,173,13,Over
1,whisper,174,2,ATTACK Agent[01]
1,whisper,175,5,Over
1,whisper,176,13,Over
1,whisper,177,2,VOTE Agent[15]
1,whisper,178,5,Over
1,whisper,179,13,Over
1,talk,90,1,Over
1,talk,91,5,Skip
1,talk,92,3,Skip
1,talk,93,7,Over
1,talk,94,12,Skip
1,talk,95,15,Over
1,talk,96,10,Over
1,talk,97,2,Skip
1,talk,98,9,INQUESTED Agent[15] WEREWOLF
1,talk,99,13,Over
1,talk,100,8,VOTE Agent[13]
1,talk,101,4,Over
1,talk,102,6,Over
1,talk,103,11,Over
1,talk,104,14,Over
1,whisper,180,2,ATTACK Agent[01]
1,whisper,181,13,Over
1,whisper,182,5,Over
1,whisper,183,2,Skip
1,whisper,184,5,Over
1,whisper,185,13,Over
1,whisper,186,2,Skip
1,whisper,187,5,Over
1,whisper,188,13,Over
1,whisper,189,2,Skip
1,whisper,190,5,Over
1,whisper,191,13,Over
1,whisper,192,2,Skip
1,whisper,193,5,Over
1,whisper,194,13,Over
1,whisper,195,2,Skip
1,whisper,196,5,Over
1,whisper,197,13,Over
1,whisper,198,2,Skip
1,whisper,199,5,Over
1,whisper,200,13,Over
1,whisper,201,2,Skip
1,whisper,202,5,Over
1,whisper,203,13,Over
1,whisper,204,2,ATTACK Agent[01]
1,whisper,205,5,Over
1,whisper,206,13,Over
1,whisper,207,2,VOTE Agent[15]
1,whisper,208,5,Over
1,whisper,209,13,Over
1,talk,105,15,Over
1,talk,106,9,VOTE Agent[15]
1,talk,107,10,Over
1,talk,108,7,Over
1,talk,109,5,ESTIMATE Agent[08] VILLAGER
1,talk,110,12,Skip
1,talk,111,1,VOTE Agent[09]
1,talk,112,8,Over
1,talk,113,13,Over
1,talk,114,2,Skip
1,talk,115,3,Skip
1,talk,116,4,Over
1,talk,117,6,Over
1,talk,118,11,Over
1,talk,119,14,Over
1,whisper,210,2,ATTACK Agent[01]
1,whisper,211,13,Over
1,whisper,212,5,Over
1,whisper,213,2,Skip
1,whisper,214,5,Over
1,whisper,215,13,Over
1,whisper,216,2,Skip
1,whisper,217,5,Over
1,whisper,218,13,Over
1,whisper,219,2,Skip
1,whisper,220,5,Over
1,whisper,221,13,Over
1,whisper,222,2,Skip
1,whisper,223,5,Over
1,whisper,224,13,Over
1,whisper,225,2,Skip
1,whisper,226,5,Over
1,whisper,227,13,Over
1,whisper,228,2,Skip
1,whisper,229,5,Over
1,whisper,230,13,Over
1,whisper,231,2,Skip
1,whisper,232,5,Over
1,whisper,233,13,Over
1,whisper,234,2,ATTACK Agent[01]
1,whisper,235,5,Over
1,whisper,236,13,Over
1,whisper,237,2,VOTE Agent[15]
1,whisper,238,5,Over
1,whisper,239,13,Over
1,talk,120,5,ESTIMATE Agent[15] MEDIUM
1,talk,121,13,Over
1,talk,122,10,Over
1,talk,123,12,Skip
1,talk,124,15,Over
1,talk,125,2,Skip
1,talk,126,1,Over
1,talk,127,3,Skip
1,talk,128,7,Over
1,talk,129,8,VOTE Agent[15]
1,talk,130,9,VOTE Agent[15]
1,talk,131,4,Over
1,talk,132,6,Over
1,talk,133,11,Over
1,talk,134,14,Over
1,whisper,240,5,Over
1,whisper,241,13,Over
1,whisper,242,2,ATTACK Agent[01]
1,whisper,243,2,Skip
1,whisper,244,13,Over
1,whisper,245,5,Over
1,whisper,246,2,Skip
1,whisper,247,5,Over
1,whisper,248,13,Over
1,whisper,249,2,Skip
1,whisper,250,5,Over
1,whisper,251,13,Over
1,whisper,252,2,Skip
1,whisper,253,5,Over
1,whisper,254,13,Over
1,whisper,255,2,Skip
1,whisper,256,5,Over
1,whisper,257,13,Over
1,whisper,258,2,Skip
1,whisper,259,5,Over
1,whisper,260,13,Over
1,whisper,261,2,Skip
1,whisper,262,5,Over
1,whisper,263,13,Over
1,whisper,264,2,ATTACK Agent[01]
1,whisper,265,5,Over
1,whisper,266,13,Over
1,whisper,267,2,VOTE Agent[15]
1,whisper,268,5,Over
1,whisper,269,13,Over
1,talk,135,13,Over
1,talk,136,5,ESTIMATE Agent[08] VILLAGER
1,talk,137,3,Skip
1,talk,138,1,Over
1,talk,139,2,Skip
1,talk,140,7,Over
1,talk,141,8,VOTE Agent[13]
1,talk,142,10,Over
1,talk,143,12,Skip
1,talk,144,9,VOTE Agent[15]
1,talk,145,15,Over
1,talk,146,4,Over
1,talk,147,6,Over
1,talk,148,11,Over
1,talk,149,14,Over
1,whisper,270,13,Over
1,whisper,271,5,Over
1,whisper,272,2,ATTACK Agent[01]
1,whisper,273,5,Over
1,whisper,274,2,Skip
1,whisper,275,13,Over
1,whisper,276,5,Over
1,whisper,277,2,Skip
1,whisper,278,13,Over
1,whisper,279,5,Over
1,whisper,280,2,Skip
1,whisper,281,13,Over
1,whisper,282,5,Over
1,whisper,283,2,Skip
1,whisper,284,13,Over
1,whisper,285,5,Over
1,whisper,286,2,Skip
1,whisper,287,13,Over
1,whisper,288,5,Over
1,whisper,289,2,Skip
1,whisper,290,13,Over
1,whisper,291,5,Over
1,whisper,292,2,Skip
1,whisper,293,13,Over
1,whisper,294,2,ATTACK Agent[01]
1,whisper,295,5,Over
1,whisper,296,13,Over
1,whisper,297,2,VOTE Agent[15]
1,whisper,298,5,Over
1,whisper,299,13,Over
1,vote,1,9
1,vote,2,9
1,vote,3,9
1,vote,4,15
1,vote,5,9
1,vote,6,12
1,vote,7,13
1,vote,8,13
1,vote,9,15
1,vote,10,11
1,vote,11,9
1,vote,12,1
1,vote,13,3
1,vote,14,15
1,vote,15,9
1,divine,3,13,WEREWOLF
1,guard,12,1,VILLAGER
1,attackVote,2,1
1,attackVote,5,15
1,attackVote,13,14
1,execute,9,VILLAGER
1,attack,1,false
2,status,1,VILLAGER,ALIVE,cash
2,status,2,WEREWOLF,ALIVE,kSugar
2,status,3,SEER,ALIVE,haretaro
2,status,4,POSSESSED,ALIVE,Kanolab
2,status,5,WEREWOLF,ALIVE,wasabi
2,status,6,VILLAGER,ALIVE,TOT
2,status,7,VILLAGER,ALIVE,nakamura
2,status,8,VILLAGER,ALIVE,iace10442
2,status,9,VILLAGER,DEAD,tkAI
2,status,10,VILLAGER,ALIVE,NLwolf
2,status,11,VILLAGER,ALIVE,carlo
2,status,12,BODYGUARD,ALIVE,twn480
2,status,13,WEREWOLF,ALIVE,KajiGod
2,status,14,VILLAGER,ALIVE,howls
2,status,15,MEDIUM,ALIVE,Udon
2,talk,0,6,VOTE Agent[12]
2,talk,1,13,DIVINED Agent[07] HUMAN
2,talk,2,7,ESTIMATE Agent[13] WEREWOLF
2,talk,3,12,Skip
2,talk,4,5,Skip
2,talk,5,8,Skip
2,talk,6,1,VOTE Agent[13]
2,talk,7,4,VOTE Agent[07]
2,talk,8,11,VOTE Agent[09]
2,talk,9,14,Over
2,talk,10,10,Skip
2,talk,11,2,VOTE Agent[12]
2,talk,12,3,DIVINED Agent[13] WEREWOLF
2,talk,13,15,INQUESTED Agent[09] HUMAN
2,whisper,0,5,Over
2,whisper,1,2,Skip
2,whisper,2,13,DIVINED Agent[07] HUMAN
2,whisper,3,2,Skip
2,whisper,4,5,Over
2,whisper,5,13,Over
2,whisper,6,2,Skip
2,whisper,7,5,Over
2,whisper,8,13,Over
2,whisper,9,2,Skip
2,whisper,10,5,Over
2,whisper,11,13,Over
2,whisper,12,2,Skip
2,whisper,13,5,Over
2,whisper,14,13,Over
2,whisper,15,2,Skip
2,whisper,16,5,Over
2,whisper,17,13,Over
2,whisper,18,2,Skip
2,whisper,19,5,Over
2,whisper,20,13,Over
2,whisper,21,2,Skip
2,whisper,22,5,Over
2,whisper,23,13,Over
2,whisper,24,2,Skip
2,whisper,25,5,Over
2,whisper,26,13,Over
2,whisper,27,2,Skip
2,whisper,28,5,Over
2,whisper,29,13,Over
2,talk,14,15,VOTE Agent[13]
2,talk,15,13,VOTE Agent[03]
2,talk,16,14,Over
2,talk,17,2,VOTE Agent[12]
2,talk,18,7,VOTE Agent[13]
2,talk,19,12,Skip
2,talk,20,8,Skip
2,talk,21,5,ESTIMATE Agent[07] VILLAGER
2,talk,22,4,Over
2,talk,23,6,Over
2,talk,24,3,VOTE Agent[13]
2,talk,25,10,Skip
2,talk,26,11,Over
2,talk,27,1,Skip
2,whisper,30,2,Skip
2,whisper,31,13,Over
2,whisper,32,5,Over
2,whisper,33,2,Skip
2,whisper,34,5,Over
2,whisper,35,13,Over
2,whisper,36,2,Skip
2,whisper,37,5,Over
2,whisper,38,13,Over
2,whisper,39,2,Skip
2,whisper,40,5,Over
2,whisper,41,13,Over
2,whisper,42,2,Skip
2,whisper,43,5,Over
2,whisper,44,13,Over
2,whisper,45,2,Skip
2,whisper,46,5,Over
2,whisper,47,13,Over
2,whisper,48,2,Skip
2,whisper,49,5,Over
2,whisper,50,13,Over
2,whisper,51,2,Skip
2,whisper,52,5,Over
2,whisper,53,13,Over
2,whisper,54,2,Skip
2,whisper,55,5,Over
2,whisper,56,13,Over
2,whisper,57,2,Skip
2,whisper,58,5,Over
2,whisper,59,13,Over
2,talk,28,3,Skip
2,talk,29,5,ESTIMATE Agent[15] MEDIUM
2,talk,30,7,Over
2,talk,31,8,Skip
2,talk,32,13,Over
2,talk,33,11,Over
2,talk,34,6,Over
2,talk,35,10,Skip
2,talk,36,12,Skip
2,talk,37,1,VOTE Agent[13]
2,talk,38,15,ESTIMATE Agent[05] WEREWOLF
2,talk,39,4,Over
2,talk,40,2,VOTE Agent[12]
2,talk,41,14,Over
2,whisper,60,2,Skip
2,whisper,61,5,Over
2,whisper,62,13,Over
2,whisper,63,2,Skip
2,whisper,64,5,Over
2,whisper,65,13,Over
2,whisper,66,2,Skip
2,whisper,67,5,Over
2,whisper,68,13,Over
2,whisper,69,2,Skip
2,whisper,70,5,Over
2,whisper,71,13,Over
2,whisper,72,2,Skip
2,whisper,73,5,Over
2,whisper,74,13,Over
2,whisper,75,2,Skip
2,whisper,76,5,Over
2,whisper,77,13,Over
2,whisper,78,2,Skip
2,whisper,79,5,Over
2,whisper,80,13,Over
2,whisper,81,2,Skip
2,whisper,82,5,Over
2,whisper,83,13,Over
2,whisper,84,2,Skip
2,whisper,85,5,Over
2,whisper,86,13,Over
2,whisper,87,2,Skip
2,whisper,88,5,Over
2,whisper,89,13,Over
2,talk,42,10,VOTE Agent[05]
2,talk,43,7,Over
2,talk,44,8,VOTE Agent[13]
2,talk,45,4,Over
2,talk,46,13,Over
2,talk,47,12,Skip
2,talk,48,1,Over
2,talk,49,3,Skip
2,talk,50,5,ESTIMATE Agent[07] VILLAGER
2,talk,51,11,Over
2,talk,52,15,ESTIMATE Agent[11] WEREWOLF
2,talk,53,6,Over
2,talk,54,2,VOTE Agent[12]
2,talk,55,14,Over
2,whisper,90,5,Over
2,whisper,91,13,Over
2,whisper,92,2,Skip
2,whisper,93,13,Over
2,whisper,94,5,Over
2,whisper,95,2,Skip
2,whisper,96,13,Over
2,whisper,97,5,Over
2,whisper,98,2,Skip
2,whisper,99,2,Skip
2,whisper,100,13,Over
2,whisper,101,5,Over
2,whisper,102,2,Skip
2,whisper,103,5,Over
2,whisper,104,13,Over
2,whisper,105,2,Skip
2,whisper,106,5,Over
2,whisper,107,13,Over
2,whisper,108,2,Skip
2,whisper,109,5,Over
2,whisper,110,13,Over
2,whisper,111,2,Skip
2,whisper,112,5,Over
2,whisper,113,13,Over
2,whisper,114,2,Skip
2,whisper,115,5,Over
2,whisper,116,13,Over
2,whisper,117,2,Skip
2,whisper,118,5,Over
2,whisper,119,13,Over
2,talk,56,7,Over
2,talk,57,13,Over
2,talk,58,4,Over
2,talk,59,8,Over
2,talk,60,10,Over
2,talk,61,12,Skip
2,talk,62,11,Over
2,talk,63,1,Over
2,talk,64,5,ESTIMATE Agent[11] WEREWOLF
2,talk,65,15,ESTIMATE Agent[13] WEREWOLF
2,talk,66,3,Skip
2,talk,67,2,VOTE Agent[12]
2,talk,68,6,Over
2,talk,69,14,Over
2,whisper,120,2,Skip
2,whisper,121,13,Over
2,whisper,122,5,Over
2,whisper,123,2,Skip
2,whisper,124,5,Over
2,whisper,125,13,Over
2,whisper,126,2,Skip
2,whisper,127,5,Over
2,whisper,128,13,Over
2,whisper,129,2,Skip
2,whisper,130,5,Over
2,whisper,131,13,Over
2,whisper,132,2,Skip
2,whisper,133,5,Over
2,whisper,134,13,Over
2,whisper,135,2,Skip
2,whisper,136,5,Over
2,whisper,137,13,Over
2,whisper,138,2,Skip
2,whisper,139,5,Over
2,whisper,140,13,Over
2,whisper,141,2,Skip
2,whisper,142,5,Over
2,whisper,143,13,Over
2,whisper,144,2,Skip
2,whisper,145,5,Over
2,whisper,146,13,Over
2,whisper,147,2,Skip
2,whisper,148,5,Over
2,whisper,149,13,Over
2,talk,70,1,Over
2,talk,71,12,Skip
2,talk,72,15,Over
2,talk,73,11,Over
2,talk,74,10,Over
2,talk,75,2,VOTE Agent[12]
2,talk,76,8,VOTE Agent[15]
2,talk,77,3,Skip
2,talk,78,4,Over
2,talk,79,5,ESTIMATE Agent[15] MEDIUM
2,talk,80,13,Over
2,talk,81,7,Over
2,talk,82,6,Over
2,talk,83,14,Over
2,whisper,150,13,Over
2,whisper,151,2,Skip
2,whisper,152,5,Over
2,whisper,153,2,Skip
2,whisper,154,13,Over
2,whisper,155,5,Over
2,whisper,156,2,Skip
2,whisper,157,5,Over
2,whisper,158,13,Over
2,whisper,159,2,Skip
2,whisper,160,5,Over
2,whisper,161,13,Over
2,whisper,162,2,Skip
2,whisper,163,5,Over
2,whisper,164,13,Over
2,whisper,165,2,Skip
2,whisper,166,5,Over
2,whisper,167,13,Over
2,whisper,168,2,Skip
2,whisper,169,5,Over
2,whisper,170,13,Over
2,whisper,171,2,Skip
2,whisper,172,5,Over
2,whisper,173,13,Over
2,whisper,174,2,Skip
2,whisper,175,5,Over
2,whisper,176,13,Over
2,whisper,177,2,Skip
2,whisper,178,5,Over
2,whisper,179,13,Over
2,talk,84,15,Over
2,talk,85,11,Over
2,talk,86,10,Over
2,talk,87,1,Over
2,talk,88,8,VOTE Agent[13]
2,talk,89,12,Skip
2,talk,90,5,ESTIMATE Agent[02] VILLAGER
2,talk,91,4,Over
2,talk,92,3,Skip
2,talk,93,2,ESTIMATE Agent[07] VILLAGER
2,talk,94,6,Over
2,talk,95,7,Over
2,talk,96,13,Over
2,talk,97,14,Over
2,whisper,180,13,Over
2,whisper,181,2,Skip
2,whisper,182,5,Over
2,whisper,183,13,Over
2,whisper,184,2,Skip
2,whisper,185,5,Over
2,whisper,186,2,Skip
2,whisper,187,13,Over
2,whisper,188,5,Over
2,whisper,189,2,Skip
2,whisper,190,5,Over
2,whisper,191,13,Over
2,whisper,192,2,Skip
2,whisper,193,5,Over
2,whisper,194,13,Over
2,whisper,195,2,Skip
2,whisper,196,5,Over
2,whisper,197,13,Over
2,whisper,198,2,Skip
2,whisper,199,5,Over
2,whisper,200,13,Over
2,whisper,201,2,Skip
2,whisper,202,5,Over
2,whisper,203,13,Over
2,whisper,204,2,Skip
2,whisper,205,5,Over
2,whisper,206,13,Over
2,whisper,207,2,Skip
2,whisper,208,5,Over
2,whisper,209,13,Over
2,talk,98,3,Skip
2,talk,99,8,Over
2,talk,100,5,ESTIMATE Agent[07] VILLAGER
2,talk,101,15,Over
2,talk,102,1,Over
2,talk,103,11,Over
2,talk,104,10,Over
2,talk,105,2,ESTIMATE Agent[07] VILLAGER
2,talk,106,4,Over
2,talk,107,12,Skip
2,talk,108,6,Over
2,talk,109,7,Over
2,talk,110,13,Over
2,talk,111,14,Over
2,whisper,210,2,Skip
2,whisper,211,13,Over
2,whisper,212,5,Over
2,whisper,213,2,Skip
2,whisper,214,5,Over
2,whisper,215,13,Over
2,whisper,216,2,Skip
2,whisper,217,5,Over
2,whisper,218,13,Over
2,whisper,219,2,Skip
2,whisper,220,5,Over
2,whisper,221,13,Over
2,whisper,222,2,Skip
2,whisper,223,5,Over
2,whisper,224,13,Over
2,whisper,225,2,Skip
2,whisper,226,5,Over
2,whisper,227,13,Over
2,whisper,228,2,Skip
2,whisper,229,5,Over
2,whisper,230,13,Over
2,whisper,231,2,Skip
2,whisper,232,5,Over
2,whisper,233,13,Over
2,whisper,234,2,Skip
2,whisper,235,5,Over
2,whisper,236,13,Over
2,whisper,237,2,Skip
2,whisper,238,5,Over
2,whisper,239,13,Over
2,talk,112,11,Over
2,talk,113,4,Over
2,talk,114,12,Skip
2,talk,115,5,ESTIMATE Agent[01] WEREWOLF
2,talk,116,3,Skip
2,talk,117,10,Over
2,talk,118,8,VOTE Agent[15]
2,talk,119,2,Skip
2,talk,120,15,Over
2,talk,121,1,Over
2,talk,122,6,Over
2,talk,123,7,Over
2,talk,124,13,Over
2,talk,125,14,Over
2,whisper,240,13,Over
2,whisper,241,5,Over
2,whisper,242,2,Skip
2,whisper,243,13,Over
2,whisper,244,5,Over
2,whisper,245,2,Skip
2,whisper,246,2,Skip
2,whisper,247,13,Over
2,whisper,248,5,Over
2,whisper,249,2,Skip
2,whisper,250,5,Over
2,whisper,251,13,Over
2,whisper,252,2,Skip
2,whisper,253,5,Over
2,whisper,254,13,Over
2,whisper,255,2,Skip
2,whisper,256,5,Over
2,whisper,257,13,Over
2,whisper,258,2,Skip
2,whisper,259,5,Over
2,whisper,260,13,Over
2,whisper,261,2,Skip
2,whisper,262,5,Over
2,whisper,263,13,Over
2,whisper,264,2,Skip
2,whisper,265,5,Over
2,whisper,266,13,Over
2,whisper,267,2,Skip
2,whisper,268,5,Over
2,whisper,269,13,Over
2,talk,126,5,ESTIMATE Agent[15] MEDIUM
2,talk,127,11,Over
2,talk,128,10,Over
2,talk,129,3,Skip
2,talk,130,8,Over
2,talk,131,2,Skip
2,talk,132,4,Over
2,talk,133,12,Skip
2,talk,134,1,Over
2,talk,135,6,Over
2,talk,136,7,Over
2,talk,137,13,Over
2,talk,138,14,Over
2,talk,139,15,Over
2,whisper,270,5,Over
2,whisper,271,13,Over
2,whisper,272,2,Skip
2,whisper,273,13,Over
2,whisper,274,5,Over
2,whisper,275,2,Skip
2,whisper,276,13,Over
2,whisper,277,2,Skip
2,whisper,278,5,Over
2,whisper,279,13,Over
2,whisper,280,2,Skip
2,whisper,281,5,Over
2,whisper,282,13,Over
2,whisper,283,2,Skip
2,whisper,284,5,Over
2,whisper,285,2,Skip
2,whisper,286,13,Over
2,whisper,287,5,Over
2,whisper,288,2,Skip
2,whisper,289,5,Over
2,whisper,290,13,Over
2,whisper,291,2,Skip
2,whisper,292,5,Over
2,whisper,293,13,Over
2,whisper,294,2,Skip
2,whisper,295,5,Over
2,whisper,296,13,Over
2,whisper,297,2,Skip
2,whisper,298,5,Over
2,whisper,299,13,Over
2,vote,1,13
2,vote,2,12
2,vote,3,13
2,vote,4,7
2,vote,5,6
2,vote,6,12
2,vote,7,13
2,vote,8,15
2,vote,10,5
2,vote,11,1
2,vote,12,14
2,vote,13,3
2,vote,14,15
2,vote,15,13
2,divine,3,13,WEREWOLF
2,guard,12,1,VILLAGER
2,attackVote,2,1
2,attackVote,5,15
2,attackVote,13,12
2,execute,13,WEREWOLF
2,attack,15,true
3,status,1,VILLAGER,ALIVE,cash
3,status,2,WEREWOLF,ALIVE,kSugar
3,status,3,SEER,ALIVE,haretaro
3,status,4,POSSESSED,ALIVE,Kanolab
3,status,5,WEREWOLF,ALIVE,wasabi
3,status,6,VILLAGER,ALIVE,TOT
3,status,7,VILLAGER,ALIVE,nakamura
3,status,8,VILLAGER,ALIVE,iace10442
3,status,9,VILLAGER,DEAD,tkAI
3,status,10,VILLAGER,ALIVE,NLwolf
3,status,11,VILLAGER,ALIVE,carlo
3,status,12,BODYGUARD,ALIVE,twn480
3,status,13,WEREWOLF,DEAD,KajiGod
3,status,14,VILLAGER,ALIVE,howls
3,status,15,MEDIUM,DEAD,Udon
3,talk,0,3,DIVINED Agent[13] WEREWOLF
3,talk,1,5,ESTIMATE Agent[02] VILLAGER
3,talk,2,1,VOTE Agent[03]
3,talk,3,11,ESTIMATE Agent[15] MEDIUM
3,talk,4,6,VOTE Agent[12]
3,talk,5,7,ESTIMATE Agent[08] WEREWOLF
3,talk,6,8,ESTIMATE Agent[03] SEER
3,talk,7,2,VOTE Agent[12]
3,talk,8,14,Over
3,talk,9,4,COMINGOUT Agent[04] MEDIUM
3,talk,10,10,Skip
3,talk,11,12,Skip
3,whisper,0,5,Over
3,whisper,1,2,Skip
3,whisper,2,5,Over
3,whisper,3,2,Skip
3,whisper,4,2,Skip
3,whisper,5,5,Over
3,whisper,6,2,Skip
3,whisper,7,5,Over
3,whisper,8,2,Skip
3,whisper,9,5,Over
3,whisper,10,2,Skip
3,whisper,11,5,Over
3,whisper,12,2,Skip
3,whisper,13,5,Over
3,whisper,14,2,Skip
3,whisper,15,5,Over
3,whisper,16,2,Skip
3,whisper,17,5,Over
3,whisper,18,2,Skip
3,whisper,19,5,Over
3,talk,12,2,VOTE Agent[12]
3,talk,13,5,ESTIMATE Agent[12] VILLAGER
3,talk,14,1,VOTE Agent[04]
3,talk,15,4,INQUESTED Agent[13] HUMAN
3,talk,16,7,VOTE Agent[08]
3,talk,17,10,Skip
3,talk,18,11,VOTE Agent[09]
3,talk,19,12,Skip
3,talk,20,3,VOTE Agent[04]
3,talk,21,8,Skip
3,talk,22,6,Over
3,talk,23,14,Over
3,whisper,20,5,Over
3,whisper,21,2,Skip
3,whisper,22,2,Skip
3,whisper,23,5,Over
3,whisper,24,2,Skip
3,whisper,25,5,Over
3,whisper,26,2,Skip
3,whisper,27,5,Over
3,whisper,28,2,Skip
3,whisper,29,5,Over
3,whisper,30,2,Skip
3,whisper,31,5,Over
3,whisper,32,2,Skip
3,whisper,33,5,Over
3,whisper,34,2,Skip
3,whisper,35,5,Over
3,whisper,36,2,Skip
3,whisper,37,5,Over
3,whisper,38,2,Skip
3,whisper,39,5,Over
3,talk,24,1,VOTE Agent[04]
3,talk,25,7,Over
3,talk,26,3,Skip
3,talk,27,5,ESTIMATE Agent[10] VILLAGER
3,talk,28,2,VOTE Agent[12]
3,talk,29,11,Over
3,talk,30,10,Skip
3,talk,31,4,INQUESTED Agent[02] WEREWOLF
3,talk,32,12,Skip
3,talk,33,8,Skip
3,talk,34,6,Over
3,talk,35,14,Over
3,whisper,40,5,Over
3,whisper,41,2,Skip
3,whisper,42,2,Skip
3,whisper,43,5,Over
3,whisper,44,2,Skip
3,whisper,45,5,Over
3,whisper,46,2,Skip
3,whisper,47,5,Over
3,whisper,48,2,Skip
3,whisper,49,5,Over
3,whisper,50,2,Skip
3,whisper,51,5,Over
3,whisper,52,2,Skip
3,whisper,53,5,Over
3,whisper,54,2,Skip
3,whisper,55,5,Over
3,whisper,56,2,Skip
3,whisper,57,5,Over
3,whisper,58,2,Skip
3,whisper,59,5,Over
3,talk,36,12,Skip
3,talk,37,10,VOTE Agent[11]
3,talk,38,8,VOTE Agent[01]
3,talk,39,3,Skip
3,talk,40,2,VOTE Agent[12]
3,talk,41,1,VOTE Agent[04]
3,talk,42,5,ESTIMATE Agent[01] VILLAGER
3,talk,43,4,INQUESTED Agent[06] HUMAN
3,talk,44,7,Over
3,talk,45,11,Over
3,talk,46,6,ESTIMATE Agent[04] MEDIUM
3,talk,47,14,Over
3,whisper,60,2,Skip
3,whisper,61,5,Over
3,whisper,62,2,Skip
3,whisper,63,5,Over
3,whisper,64,2,Skip
3,whisper,65,5,Over
3,whisper,66,2,Skip
3,whisper,67,5,Over
3,whisper,68,2,Skip
3,whisper,69,5,Over
3,whisper,70,2,Skip
3,whisper,71,5,Over
3,whisper,72,2,Skip
3,whisper,73,5,Over
3,whisper,74,2,Skip
3,whisper,75,5,Over
3,whisper,76,2,Skip
3,whisper,77,5,Over
3,whisper,78,2,Skip
3,whisper,79,5,Over
3,talk,48,6,ESTIMATE Agent[03] WEREWOLF
3,talk,49,10,Over
3,talk,50,1,VOTE Agent[04]
3,talk,51,7,Over
3,talk,52,2,VOTE Agent[12]
3,talk,53,4,INQUESTED Agent[07] HUMAN
3,talk,54,5,ESTIMATE Agent[08] VILLAGER
3,talk,55,3,Skip
3,talk,56,8,Over
3,talk,57,11,Over
3,talk,58,12,Skip
3,talk,59,14,Over
3,whisper,80,2,Skip
3,whisper,81,5,Over
3,whisper,82,2,Skip
3,whisper,83,5,Over
3,whisper,84,2,Skip
3,whisper,85,5,Over
3,whisper,86,2,Skip
3,whisper,87,5,Over
3,whisper,88,2,Skip
3,whisper,89,5,Over
3,whisper,90,2,Skip
3,whisper,91,5,Over
3,whisper,92,2,Skip
3,whisper,93,5,Over
3,whisper,94,2,Skip
3,whisper,95,5,Over
3,whisper,96,2,Skip
3,whisper,97,5,Over
3,whisper,98,2,Skip
3,whisper,99,5,Over
3,talk,60,6,ESTIMATE Agent[02] WEREWOLF
3,talk,61,8,VOTE Agent[11]
3,talk,62,7,Over
3,talk,63,1,VOTE Agent[04]
3,talk,64,5,ESTIMATE Agent[11] VILLAGER
3,talk,65,12,Skip
3,talk,66,10,Over
3,talk,67,11,Over
3,talk,68,4,INQUESTED Agent[02] HUMAN
3,talk,69,2,VOTE Agent[12]
3,talk,70,3,Skip
3,talk,71,14,Over
3,whisper,100,2,Skip
3,whisper,101,5,Over
3,whisper,102,2,Skip
3,whisper,103,5,Over
3,whisper,104,2,Skip
3,whisper,105,5,Over
3,whisper,106,2,Skip
3,whisper,107,5,Over
3,whisper,108,2,Skip
3,whisper,109,5,Over
3,whisper,110,2,Skip
3,whisper,111,5,Over
3,whisper,112,2,Skip
3,whisper,113,5,Over
3,whisper,114,2,Skip
3,whisper,115,5,Over
3,whisper,116,2,Skip
3,whisper,117,5,Over
3,whisper,118,2,Skip
3,whisper,119,5,Over
3,talk,72,6,ESTIMATE Agent[04] POSSESSED
3,talk,73,10,Over
3,talk,74,4,INQUESTED Agent[02] WEREWOLF
3,talk,75,11,Over
3,talk,76,12,Skip
3,talk,77,8,VOTE Agent[06]
3,talk,78,1,VOTE Agent[04]
3,talk,79,2,ESTIMATE Agent[01] VILLAGER
3,talk,80,3,Skip
3,talk,81,7,Over
3,talk,82,5,Skip
3,talk,83,14,Over
3,whisper,120,2,Skip
3,whisper,121,5,Over
3,whisper,122,2,Skip
3,whisper,123,5,Over
3,whisper,124,2,Skip
3,whisper,125,5,Over
3,whisper,126,2,Skip
3,whisper,127,5,Over
3,whisper,128,2,Skip
3,whisper,129,5,Over
3,whisper,130,2,Skip
3,whisper,131,5,Over
3,whisper,132,2,Skip
3,whisper,133,5,Over
3,whisper,134,2,Skip
3,whisper,135,5,Over
3,whisper,136,2,Skip
3,whisper,137,5,Over
3,whisper,138,2,Skip
3,whisper,139,5,Over
3,talk,84,10,Over
3,talk,85,2,ESTIMATE Agent[04] MEDIUM
3,talk,86,11,Over
3,talk,87,5,ESTIMATE Agent[04] WEREWOLF
3,talk,88,6,VOTE Agent[03]
3,talk,89,1,Over
3,talk,90,4,INQUESTED Agent[09] HUMAN
3,talk,91,8,VOTE Agent[01]
3,talk,92,12,Skip
3,talk,93,3,Skip
3,talk,94,7,Over
3,talk,95,14,Over
3,whisper,140,5,Over
3,whisper,141,2,Skip
3,whisper,142,5,Over
3,whisper,143,2,Skip
3,whisper,144,5,Over
3,whisper,145,2,Skip
3,whisper,146,5,Over
3,whisper,147,2,Skip
3,whisper,148,5,Over
3,whisper,149,2,Skip
3,whisper,150,2,Skip
3,whisper,151,5,Over
3,whisper,152,2,Skip
3,whisper,153,5,Over
3,whisper,154,2,Skip
3,whisper,155,5,Over
3,whisper,156,2,Skip
3,whisper,157,5,Over
3,whisper,158,2,Skip
3,whisper,159,5,Over
3,talk,96,5,ESTIMATE Agent[08] VILLAGER
3,talk,97,1,VOTE Agent[04]
3,talk,98,12,Skip
3,talk,99,10,Over
3,talk,100,2,Skip
3,talk,101,6,Over
3,talk,102,11,Over
3,talk,103,8,VOTE Agent[11]
3,talk,104,3,Skip
3,talk,105,4,INQUESTED Agent[13] HUMAN
3,talk,106,7,Over
3,talk,107,14,Over
3,whisper,160,2,Skip
3,whisper,161,5,Over
3,whisper,162,2,Skip
3,whisper,163,5,Over
3,whisper,164,2,Skip
3,whisper,165,5,Over
3,whisper,166,2,Skip
3,whisper,167,5,Over
3,whisper,168,2,Skip
3,whisper,169,5,Over
3,whisper,170,2,Skip
3,whisper,171,5,Over
3,whisper,172,2,Skip
3,whisper,173,5,Over
3,whisper,174,2,Skip
3,whisper,175,5,Over
3,whisper,176,2,Skip
3,whisper,177,5,Over
3,whisper,178,2,Skip
3,whisper,179,5,Over
3,talk,108,6,Over
3,talk,109,5,ESTIMATE Agent[14] VILLAGER
3,talk,110,1,VOTE Agent[04]
3,talk,111,2,Skip
3,talk,112,11,Over
3,talk,113,4,VOTE Agent[06]
3,talk,114,12,Skip
3,talk,115,10,Over
3,talk,116,3,Skip
3,talk,117,8,Over
3,talk,118,7,Over
3,talk,119,14,Over
3,whisper,180,5,Over
3,whisper,181,2,Skip
3,whisper,182,5,Over
3,whisper,183,2,Skip
3,whisper,184,5,Over
3,whisper,185,2,Skip
3,whisper,186,5,Over
3,whisper,187,2,Skip
3,whisper,188,5,Over
3,whisper,189,2,Skip
3,whisper,190,2,Skip
3,whisper,191,5,Over
3,whisper,192,2,Skip
3,whisper,193,5,Over
3,whisper,194,2,Skip
3,whisper,195,5,Over
3,whisper,196,2,Skip
3,whisper,197,5,Over
3,whisper,198,2,Skip
3,whisper,199,5,Over
3,vote,1,4
3,vote,2,11
3,vote,3,4
3,vote,4,6
3,vote,5,4
3,vote,6,3
3,vote,7,8
3,vote,8,11
3,vote,10,11
3,vote,11,2
3,vote,12,1
3,vote,14,2
3,divine,3,4,HUMAN
3,guard,12,1,VILLAGER
3,attackVote,2,11
3,attackVote,5,7
3,execute,4,POSSESSED
3,attack,11,true
4,status,1,VILLAGER,ALIVE,cash
4,status,2,WEREWOLF,ALIVE,kSugar
4,status,3,SEER,ALIVE,haretaro
4,status,4,POSSESSED,DEAD,Kanolab
4,status,5,WEREWOLF,ALIVE,wasabi
4,status,6,VILLAGER,ALIVE,TOT
4,status,7,VILLAGER,ALIVE,nakamura
4,status,8,VILLAGER,ALIVE,iace10442
4,status,9,VILLAGER,DEAD,tkAI
4,status,10,VILLAGER,ALIVE,NLwolf
4,status,11,VILLAGER,DEAD,carlo
4,status,12,BODYGUARD,ALIVE,twn480
4,status,13,WEREWOLF,DEAD,KajiGod
4,status,14,VILLAGER,ALIVE,howls
4,status,15,MEDIUM,DEAD,Udon
4,talk,0,5,Skip
4,talk,1,10,Skip
4,talk,2,1,VOTE Agent[03]
4,talk,3,2,VOTE Agent[06]
4,talk,4,3,DIVINED Agent[04] HUMAN
4,talk,5,6,ESTIMATE Agent[03] SEER
4,talk,6,12,Skip
4,talk,7,14,Over
4,talk,8,7,ESTIMATE Agent[08] WEREWOLF
4,talk,9,8,ESTIMATE Agent[10] VILLAGER
4,whisper,0,5,Over
4,whisper,1,2,Skip
4,whisper,2,5,Over
4,whisper,3,2,Skip
4,whisper,4,5,Over
4,whisper,5,2,Skip
4,whisper,6,2,Skip
4,whisper,7,5,Over
4,whisper,8,2,Skip
4,whisper,9,5,Over
4,whisper,10,2,Skip
4,whisper,11,5,Over
4,whisper,12,2,Skip
4,whisper,13,5,Over
4,whisper,14,2,Skip
4,whisper,15,5,Over
4,whisper,16,2,Skip
4,whisper,17,5,Over
4,whisper,18,2,Skip
4,whisper,19,5,Over
4,talk,10,5,ESTIMATE Agent[06] VILLAGER
4,talk,11,2,VOTE Agent[06]
4,talk,12,6,VOTE Agent[02]
4,talk,13,8,Skip
4,talk,14,10,Skip
4,talk,15,14,Over
4,talk,16,12,Skip
4,talk,17,3,Skip
4,talk,18,7,VOTE Agent[08]
4,talk,19,1,VOTE Agent[03]
4,whisper,20,2,Skip
4,whisper,21,5,Over
4,whisper,22,2,Skip
4,whisper,23,5,Over
4,whisper,24,2,Skip
4,whisper,25,5,Over
4,whisper,26,2,Skip
4,whisper,27,5,Over
4,whisper,28,2,Skip
4,whisper,29,5,Over
4,whisper,30,2,Skip
4,whisper,31,5,Over
4,whisper,32,2,Skip
4,whisper,33,5,Over
4,whisper,34,2,Skip
4,whisper,35,5,Over
4,whisper,36,2,Skip
4,whisper,37,5,Over
4,whisper,38,2,Skip
4,whisper,39,5,Over
4,talk,20,3,Skip
4,talk,21,6,Over
4,talk,22,7,Over
4,talk,23,5,ESTIMATE Agent[06] VILLAGER
4,talk,24,2,VOTE Agent[08]
4,talk,25,1,Over
4,talk,26,8,Skip
4,talk,27,12,Skip
4,talk,28,10,Skip
4,talk,29,14,Over
4,whisper,40,2,Skip
4,whisper,41,5,Over
4,whisper,42,2,Skip
4,whisper,43,5,Over
4,whisper,44,2,Skip
4,whisper,45,5,Over
4,whisper,46,2,Skip
4,whisper,47,5,Over
4,whisper,48,2,Skip
4,whisper,49,5,Over
4,whisper,50,2,Skip
4,whisper,51,5,Over
4,whisper,52,2,Skip
4,whisper,53,5,Over
4,whisper,54,2,Skip
4,whisper,55,5,Over
4,whisper,56,2,Skip
4,whisper,57,5,Over
4,whisper,58,2,Skip
4,whisper,59,5,Over
4,talk,30,12,Skip
4,talk,31,6,Over
4,talk,32,3,Skip
4,talk,33,5,ESTIMATE Agent[08] VILLAGER
4,talk,34,8,VOTE Agent[06]
4,talk,35,1,Over
4,talk,36,10,VOTE Agent[14]
4,talk,37,2,VOTE Agent[08]
4,talk,38,7,Over
4,talk,39,14,Over
4,whisper,60,5,Over
4,whisper,61,2,Skip
4,whisper,62,5,Over
4,whisper,63,2,Skip
4,whisper,64,2,Skip
4,whisper,65,5,Over
4,whisper,66,2,Skip
4,whisper,67,5,Over
4,whisper,68,2,Skip
4,whisper,69,5,Over
4,whisper,70,2,Skip
4,whisper,71,5,Over
4,whisper,72,2,Skip
4,whisper,73,5,Over
4,whisper,74,2,Skip
4,whisper,75,5,Over
4,whisper,76,2,Skip
4,whisper,77,5,Over
4,whisper,78,2,Skip
4,whisper,79,5,Over
4,talk,40,3,Skip
4,talk,41,8,VOTE Agent[01]
4,talk,42,1,Over
4,talk,43,5,ESTIMATE Agent[03] WEREWOLF
4,talk,44,2,VOTE Agent[08]
4,talk,45,10,Over
4,talk,46,6,Over
4,talk,47,12,Skip
4,talk,48,7,Over
4,talk,49,14,Over
4,whisper,80,5,Over
4,whisper,81,2,Skip
4,whisper,82,2,Skip
4,whisper,83,5,Over
4,whisper,84,2,Skip
4,whisper,85,5,Over
4,whisper,86,2,Skip
4,whisper,87,5,Over
4,whisper,88,2,Skip
4,whisper,89,5,Over
4,whisper,90,2,Skip
4,whisper,91,5,Over
4,whisper,92,2,Skip
4,whisper,93,5,Over
4,whisper,94,2,Skip
4,whisper,95,5,Over
4,whisper,96,2,Skip
4,whisper,97,5,Over
4,whisper,98,2,Skip
4,whisper,99,5,Over
4,talk,50,2,VOTE Agent[08]
4,talk,51,3,Skip
4,talk,52,1,Over
4,talk,53,10,Over
4,talk,54,6,Over
4,talk,55,12,Skip
4,talk,56,5,ESTIMATE Agent[03] WEREWOLF
4,talk,57,8,Over
4,talk,58,7,Over
4,talk,59,14,Over
4,whisper,100,5,Over
4,whisper,101,2,Skip
4,whisper,102,2,Skip
4,whisper,103,5,Over
4,whisper,104,2,Skip
4,whisper,105,5,Over
4,whisper,106,2,Skip
4,whisper,107,5,Over
4,whisper,108,2,Skip
4,whisper,109,5,Over
4,whisper,110,2,Skip
4,whisper,111,5,Over
4,whisper,112,2,Skip
4,whisper,113,5,Over
4,whisper,114,2,Skip
4,whisper,115,5,Over
4,whisper,116,2,Skip
4,whisper,117,5,Over
4,whisper,118,2,Skip
4,whisper,119,5,Over
4,talk,60,12,Skip
4,talk,61,6,Over
4,talk,62,10,Over
4,talk,63,5,ESTIMATE Agent[06] VILLAGER
4,talk,64,3,Skip
4,talk,65,1,Over
4,talk,66,2,ESTIMATE Agent[05] VILLAGER
4,talk,67,7,Over
4,talk,68,8,Over
4,talk,69,14,Over
4,whisper,120,5,Over
4,whisper,121,2,Skip
4,whisper,122,5,Over
4,whisper,123,2,Skip
4,whisper,124,5,Over
4,whisper,125,2,Skip
4,whisper,126,2,Skip
4,whisper,127,5,Over
4,whisper,128,2,Skip
4,whisper,129,5,Over
4,whisper,130,2,Skip
4,whisper,131,5,Over
4,whisper,132,2,Skip
4,whisper,133,5,Over
4,whisper,134,2,Skip
4,whisper,135,5,Over
4,whisper,136,2,Skip
4,whisper,137,5,Over
4,whisper,138,2,Skip
4,whisper,139,5,Over
4,talk,70,5,ESTIMATE Agent[12] WEREWOLF
4,talk,71,12,Skip
4,talk,72,6,Over
4,talk,73,1,Over
4,talk,74,2,ESTIMATE Agent[08] VILLAGER
4,talk,75,10,Over
4,talk,76,3,Skip
4,talk,77,7,Over
4,talk,78,8,Over
4,talk,79,14,Over
4,whisper,140,5,Over
4,whisper,141,2,Skip
4,whisper,142,5,Over
4,whisper,143,2,Skip
4,whisper,144,2,Skip
4,whisper,145,5,Over
4,whisper,146,2,Skip
4,whisper,147,5,Over
4,whisper,148,2,Skip
4,whisper,149,5,Over
4,whisper,150,2,Skip
4,whisper,151,5,Over
4,whisper,152,2,Skip
4,whisper,153,5,Over
4,whisper,154,2,Skip
4,whisper,155,5,Over
4,whisper,156,2,Skip
4,whisper,157,5,Over
4,whisper,158,2,Skip
4,whisper,159,5,Over
4,talk,80,2,Skip
4,talk,81,3,Skip
4,talk,82,10,Over
4,talk,83,1,Over
4,talk,84,6,Over
4,talk,85,5,ESTIMATE Agent[14] VILLAGER
4,talk,86,12,Skip
4,talk,87,7,Over
4,talk,88,8,VOTE Agent[05]
4,talk,89,14,Over
4,whisper,160,5,Over
4,whisper,161,2,Skip
4,whisper,162,2,Skip
4,whisper,163,5,Over
4,whisper,164,2,Skip
4,whisper,165,5,Over
4,whisper,166,2,Skip
4,whisper,167,5,Over
4,whisper,168,2,Skip
4,whisper,169,5,Over
4,whisper,170,2,Skip
4,whisper,171,5,Over
4,whisper,172,2,Skip
4,whisper,173,5,Over
4,whisper,174,2,Skip
4,whisper,175,5,Over
4,whisper,176,2,Skip
4,whisper,177,5,Over
4,whisper,178,2,Skip
4,whisper,179,5,Over
4,talk,90,6,Over
4,talk,91,1,Over
4,talk,92,7,Over
4,talk,93,3,Skip
4,talk,94,8,VOTE Agent[06]
4,talk,95,2,Skip
4,talk,96,12,Skip
4,talk,97,5,ESTIMATE Agent[14] VILLAGER
4,talk,98,10,Over
4,talk,99,14,Over
4,whisper,180,2,Skip
4,whisper,181,5,Over
4,whisper,182,2,Skip
4,whisper,183,5,Over
4,whisper,184,2,Skip
4,whisper,185,5,Over
4,whisper,186,2,Skip
4,whisper,187,5,Over
4,whisper,188,2,Skip
4,whisper,189,5,Over
4,whisper,190,2,Skip
4,whisper,191,5,Over
4,whisper,192,2,Skip
4,whisper,193,5,Over
4,whisper,194,2,Skip
4,whisper,195,5,Over
4,whisper,196,2,Skip
4,whisper,197,5,Over
4,whisper,198,2,Skip
4,whisper,199,5,Over
4,vote,1,3
4,vote,2,8
4,vote,3,10
4,vote,5,2
4,vote,6,2
4,vote,7,8
4,vote,8,6
4,vote,10,14
4,vote,12,14
4,vote,14,2
4,divine,3,12,HUMAN
4,guard,12,1,VILLAGER
4,attackVote,2,1
4,attackVote,5,7
4,execute,2,WEREWOLF
4,attack,7,true
5,status,1,VILLAGER,ALIVE,cash
5,status,2,WEREWOLF,DEAD,kSugar
5,status,3,SEER,ALIVE,haretaro
5,status,4,POSSESSED,DEAD,Kanolab
5,status,5,WEREWOLF,ALIVE,wasabi
5,status,6,VILLAGER,ALIVE,TOT
5,status,7,VILLAGER,DEAD,nakamura
5,status,8,VILLAGER,ALIVE,iace10442
5,status,9,VILLAGER,DEAD,tkAI
5,status,10,VILLAGER,ALIVE,NLwolf
5,status,11,VILLAGER,DEAD,carlo
5,status,12,BODYGUARD,ALIVE,twn480
5,status,13,WEREWOLF,DEAD,KajiGod
5,status,14,VILLAGER,ALIVE,howls
5,status,15,MEDIUM,DEAD,Udon
5,talk,0,5,Skip
5,talk,1,14,Over
5,talk,2,6,VOTE Agent[08]
5,talk,3,10,Skip
5,talk,4,3,DIVINED Agent[12] HUMAN
5,talk,5,1,VOTE Agent[03]
5,talk,6,12,Skip
5,talk,7,8,Skip
5,whisper,0,5,Over
5,talk,8,10,Skip
5,talk,9,14,Over
5,talk,10,8,Skip
5,talk,11,12,Skip
5,talk,12,5,ESTIMATE Agent[06] VILLAGER
5,talk,13,6,Over
5,talk,14,3,Skip
5,talk,15,1,Over
5,whisper,1,5,Over
5,talk,16,14,Over
5,talk,17,8,Skip
5,talk,18,10,Skip
5,talk,19,5,ESTIMATE Agent[06] VILLAGER
5,talk,20,3,Skip
5,talk,21,6,Over
5,talk,22,12,Skip
5,talk,23,1,Over
5,whisper,2,5,Over
5,talk,24,5,Skip
5,talk,25,8,VOTE Agent[06]
5,talk,26,6,Over
5,talk,27,10,VOTE Agent[08]
5,talk,28,12,Skip
5,talk,29,14,Over
5,talk,30,3,Skip
5,talk,31,1,Over
5,whisper,3,5,Over
5,talk,32,12,Skip
5,talk,33,3,Skip
5,talk,34,10,Over
5,talk,35,8,VOTE Agent[05]
5,talk,36,6,Over
5,talk,37,5,ESTIMATE Agent[14] VILLAGER
5,talk,38,14,Over
5,talk,39,1,Over
5,whisper,4,5,Over
5,talk,40,12,Skip
5,talk,41,5,ESTIMATE Agent[03] WEREWOLF
5,talk,42,8,VOTE Agent[03]
5,talk,43,3,Skip
5,talk,44,6,Over
5,talk,45,10,Over
5,talk,46,1,Over
5,talk,47,14,Over
5,whisper,5,5,Over
5,talk,48,8,Over
5,talk,49,5,ESTIMATE Agent[12] VILLAGER
5,talk,50,12,Skip
5,talk,51,3,Skip
5,talk,52,1,Over
5,talk,53,6,Over
5,talk,54,10,Over
5,talk,55,14,Over
5,whisper,6,5,Over
5,talk,56,3,Skip
5,talk,57,5,ESTIMATE Agent[12] VILLAGER
5,talk,58,8,Over
5,talk,59,12,Skip
5,talk,60,1,Over
5,talk,61,6,Over
5,talk,62,10,Over
5,talk,63,14,Over
5,whisper,7,5,Over
5,talk,64,12,Skip
5,talk,65,5,ESTIMATE Agent[12] VILLAGER
5,talk,66,8,VOTE Agent[06]
5,talk,67,3,Skip
5,talk,68,1,Over
5,talk,69,6,Over
5,talk,70,10,Over
5,talk,71,14,Over
5,whisper,8,5,Over
5,talk,72,3,Skip
5,talk,73,5,Skip
5,talk,74,8,Over
5,talk,75,12,Skip
5,talk,76,1,Over
5,talk,77,6,Over
5,talk,78,10,Over
5,talk,79,14,Over
5,whisper,9,5,Over
5,vote,1,3
5,vote,3,8
5,vote,5,10
5,vote,6,8
5,vote,8,6
5,vote,10,8
5,vote,12,10
5,vote,14,5
5,divine,3,14,HUMAN
5,guard,12,1,VILLAGER
5,attackVote,5,6
5,execute,8,VILLAGER
5,attack,6,true
6,status,1,VILLAGER,ALIVE,cash
6,status,2,WEREWOLF,DEAD,kSugar
6,status,3,SEER,ALIVE,haretaro
6,status,4,POSSESSED,DEAD,Kanolab
6,status,5,WEREWOLF,ALIVE,wasabi
6,status,6,VILLAGER,DEAD,TOT
6,status,7,VILLAGER,DEAD,nakamura
6,status,8,VILLAGER,DEAD,iace10442
6,status,9,VILLAGER,DEAD,tkAI
6,status,10,VILLAGER,ALIVE,NLwolf
6,status,11,VILLAGER,DEAD,carlo
6,status,12,BODYGUARD,ALIVE,twn480
6,status,13,WEREWOLF,DEAD,KajiGod
6,status,14,VILLAGER,ALIVE,howls
6,status,15,MEDIUM,DEAD,Udon
6,talk,0,5,ESTIMATE Agent[12] VILLAGER
6,talk,1,3,DIVINED Agent[14] HUMAN
6,talk,2,12,Skip
6,talk,3,10,Skip
6,talk,4,1,VOTE Agent[03]
6,talk,5,14,Over
6,whisper,0,5,Over
6,talk,6,12,Skip
6,talk,7,5,Skip
6,talk,8,1,Over
6,talk,9,3,Skip
6,talk,10,10,Skip
6,talk,11,14,Over
6,whisper,1,5,Over
6,talk,12,3,Skip
6,talk,13,12,Skip
6,talk,14,5,ESTIMATE Agent[12] VILLAGER
6,talk,15,1,Over
6,talk,16,10,Skip
6,talk,17,14,Over
6,whisper,2,5,Over
6,talk,18,10,VOTE Agent[05]
6,talk,19,1,Over
6,talk,20,12,Skip
6,talk,21,5,ESTIMATE Agent[14] VILLAGER
6,talk,22,3,Skip
6,talk,23,14,Over
6,whisper,3,5,Over
6,talk,24,12,Skip
6,talk,25,10,Over
6,talk,26,3,Skip
6,talk,27,1,Over
6,talk,28,5,Skip
6,talk,29,14,Over
6,whisper,4,5,Over
6,talk,30,1,Over
6,talk,31,10,Over
6,talk,32,5,ESTIMATE Agent[01] VILLAGER
6,talk,33,3,Skip
6,talk,34,12,Skip
6,talk,35,14,Over
6,whisper,5,5,Over
6,talk,36,3,Skip
6,talk,37,12,Skip
6,talk,38,5,Skip
6,talk,39,1,Over
6,talk,40,10,Over
6,talk,41,14,Over
6,whisper,6,5,Over
6,talk,42,3,Skip
6,talk,43,5,Over
6,talk,44,12,Skip
6,talk,45,1,Over
6,talk,46,10,Over
6,talk,47,14,Over
6,whisper,7,5,Over
6,talk,48,5,ESTIMATE Agent[12] VILLAGER
6,talk,49,12,Skip
6,talk,50,3,Skip
6,talk,51,1,Over
6,talk,52,10,Over
6,talk,53,14,Over
6,whisper,8,5,Over
6,talk,54,12,Skip
6,talk,55,3,Skip
6,talk,56,5,Over
6,talk,57,1,Over
6,talk,58,10,Over
6,talk,59,14,Over
6,whisper,9,5,Over
6,vote,1,3
6,vote,3,1
6,vote,5,10
6,vote,10,5
6,vote,12,5
6,vote,14,10
6,divine,3,10,HUMAN
6,guard,12,1,VILLAGER
6,attackVote,5,12
6,execute,10,VILLAGER
6,attack,12,true
7,status,1,VILLAGER,ALIVE,cash
7,status,2,WEREWOLF,DEAD,kSugar
7,status,3,SEER,ALIVE,haretaro
7,status,4,POSSESSED,DEAD,Kanolab
7,status,5,WEREWOLF,ALIVE,wasabi
7,status,6,VILLAGER,DEAD,TOT
7,status,7,VILLAGER,DEAD,nakamura
7,status,8,VILLAGER,DEAD,iace10442
7,status,9,VILLAGER,DEAD,tkAI
7,status,10,VILLAGER,DEAD,NLwolf
7,status,11,VILLAGER,DEAD,carlo
7,status,12,BODYGUARD,DEAD,twn480
7,status,13,WEREWOLF,DEAD,KajiGod
7,status,14,VILLAGER,ALIVE,howls
7,status,15,MEDIUM,DEAD,Udon
7,talk,0,3,DIVINED Agent[10] HUMAN
7,talk,1,1,VOTE Agent[03]
7,talk,2,14,Over
7,talk,3,5,ESTIMATE Agent[01] VILLAGER
7,whisper,0,5,Over
7,talk,4,1,Over
7,talk,5,5,ESTIMATE Agent[14] VILLAGER
7,talk,6,3,Skip
7,talk,7,14,Over
7,whisper,1,5,Over
7,talk,8,3,Skip
7,talk,9,1,Over
7,talk,10,5,ESTIMATE Agent[01] VILLAGER
7,talk,11,14,Over
7,whisper,2,5,Over
7,talk,12,1,Over
7,talk,13,5,Skip
7,talk,14,3,Skip
7,talk,15,14,Over
7,whisper,3,5,Over
7,talk,16,1,Over
7,talk,17,3,Skip
7,talk,18,5,ESTIMATE Agent[03] WEREWOLF
7,talk,19,14,Over
7,whisper,4,5,Over
7,talk,20,1,Over
7,talk,21,3,Skip
7,talk,22,5,Skip
7,talk,23,14,Over
7,whisper,5,5,Over
7,talk,24,5,Skip
7,talk,25,3,Skip
7,talk,26,1,Over
7,talk,27,14,Over
7,whisper,6,5,Over
7,talk,28,5,Over
7,talk,29,3,Over
7,whisper,7,5,Over
7,vote,1,3
7,vote,3,5
7,vote,5,1
7,vote,14,1
7,divine,3,1,HUMAN
7,attackVote,5,14
7,execute,1,VILLAGER
7,attack,14,true
8,status,1,VILLAGER,DEAD,cash
8,status,2,WEREWOLF,DEAD,kSugar
8,status,3,SEER,ALIVE,haretaro
8,status,4,POSSESSED,DEAD,Kanolab
8,status,5,WEREWOLF,ALIVE,wasabi
8,status,6,VILLAGER,DEAD,TOT
8,status,7,VILLAGER,DEAD,nakamura
8,status,8,VILLAGER,DEAD,iace10442
8,status,9,VILLAGER,DEAD,tkAI
8,status,10,VILLAGER,DEAD,NLwolf
8,status,11,VILLAGER,DEAD,carlo
8,status,12,BODYGUARD,DEAD,twn480
8,status,13,WEREWOLF,DEAD,KajiGod
8,status,14,VILLAGER,DEAD,howls
8,status,15,MEDIUM,DEAD,Udon
8,result,1,1,WEREWOLF
