0,status,1,POSSESSED,ALIVE,cash
0,status,2,BODYGUARD,ALIVE,kSugar
0,status,3,VILLAGER,ALIVE,haretaro
0,status,4,VILLAGER,ALIVE,Kanolab
0,status,5,SEER,ALIVE,wasabi
0,status,6,VILLAGER,ALIVE,TOT
0,status,7,VILLAGER,ALIVE,nakamura
0,status,8,VILLAGER,ALIVE,iace10442
0,status,9,VILLAGER,ALIVE,tkAI
0,status,10,VILLAGER,ALIVE,NLwolf
0,status,11,WEREWOLF,ALIVE,carlo
0,status,12,MEDIUM,ALIVE,twn480
0,status,13,WEREWOLF,ALIVE,KajiGod
0,status,14,VILLAGER,ALIVE,howls
0,status,15,WEREWOLF,ALIVE,Udon
0,talk,0,3,Over
0,talk,1,15,COMINGOUT Agent[15] SEER
0,talk,2,6,Over
0,talk,3,4,VOTE Agent[08]
0,talk,4,1,COMINGOUT Agent[01] SEER
0,talk,5,7,ESTIMATE Agent[13] WEREWOLF
0,talk,6,5,ESTIMATE Agent[03] VILLAGER
0,talk,7,14,Over
0,talk,8,10,Skip
0,talk,9,11,VOTE Agent[02]
0,talk,10,2,COMINGOUT Agent[02] VILLAGER
0,talk,11,8,ESTIMATE Agent[01] SEER
0,talk,12,12,Over
0,talk,13,9,VOTE Agent[13]
0,talk,14,13,VOTE Agent[02]
0,whisper,0,13,COMINGOUT Agent[13] VILLAGER
0,whisper,1,11,COMINGOUT Agent[11] VILLAGER
0,whisper,2,15,COMINGOUT Agent[15] SEER
0,whisper,3,11,ATTACK Agent[14]
0,whisper,4,13,Over
0,whisper,5,15,ATTACK Agent[01]
0,whisper,6,15,Over
0,whisper,7,11,ATTACK Agent[01]
0,whisper,8,13,Over
0,whisper,9,11,Over
0,whisper,10,15,Over
0,talk,15,2,Skip
0,talk,16,1,VOTE Agent[02]
0,talk,17,11,Over
0,talk,18,9,VOTE Agent[13]
0,talk,19,7,VOTE Agent[13]
0,talk,20,10,Skip
0,talk,21,3,Over
0,talk,22,15,VOTE Agent[02]
0,talk,23,8,ESTIMATE Agent[12] VILLAGER
0,talk,24,14,Over
0,talk,25,13,Over
0,talk,26,5,ESTIMATE Agent[15] WEREWOLF
0,talk,27,4,ESTIMATE Agent[15] SEER
0,talk,28,6,Over
0,talk,29,12,Over
0,whisper,11,11,Over
0,whisper,12,13,Over
0,whisper,13,15,Over
0,talk,30,11,Over
0,talk,31,15,Over
0,talk,32,8,Skip
0,talk,33,2,ESTIMATE Agent[03] VILLAGER
0,talk,34,14,Over
0,talk,35,4,ESTIMATE Agent[03] VILLAGER
0,talk,36,9,INQUESTED Agent[11] WEREWOLF
0,talk,37,5,ESTIMATE Agent[15] WEREWOLF
0,talk,38,3,Over
0,talk,39,13,Over
0,talk,40,10,Skip
0,talk,41,7,Over
0,talk,42,1,Skip
0,talk,43,6,Over
0,talk,44,12,Over
0,whisper,14,11,Over
0,whisper,15,15,Over
0,whisper,16,13,Over
0,talk,45,7,Over
0,talk,46,3,Over
0,talk,47,1,VOTE Agent[11]
0,talk,48,8,VOTE Agent[11]
0,talk,49,13,Over
0,talk,50,11,Over
0,talk,51,4,Over
0,talk,52,15,Over
0,talk,53,10,VOTE Agent[04]
0,talk,54,5,ESTIMATE Agent[15] WEREWOLF
0,talk,55,9,INQUESTED Agent[11] WEREWOLF
0,talk,56,14,Over
0,talk,57,2,Skip
0,talk,58,6,Over
0,talk,59,12,Over
0,whisper,17,11,Over
0,whisper,18,15,Over
0,whisper,19,13,Over
0,talk,60,5,ESTIMATE Agent[15] WEREWOLF
0,talk,61,8,VOTE Agent[13]
0,talk,62,2,ESTIMATE Agent[03] VILLAGER
0,talk,63,13,Over
0,talk,64,9,VOTE Agent[11]
0,talk,65,15,Over
0,talk,66,4,Over
0,talk,67,7,Over
0,talk,68,14,Over
0,talk,69,10,Over
0,talk,70,1,VOTE Agent[11]
0,talk,71,11,Over
0,talk,72,3,Over
0,talk,73,6,Over
0,talk,74,12,Over
0,whisper,20,15,Over
0,whisper,21,11,Over
0,whisper,22,13,Over
0,talk,75,14,Over
0,talk,76,15,Over
0,talk,77,4,Over
0,talk,78,13,Over
0,talk,79,9,VOTE Agent[13]
0,talk,80,8,VOTE Agent[11]
0,talk,81,1,Over
0,talk,82,10,Over
0,talk,83,5,ESTIMATE Agent[01] WEREWOLF
0,talk,84,7,Over
0,talk,85,2,Skip
0,talk,86,3,Over
0,talk,87,6,Over
0,talk,88,11,Over
0,talk,89,12,Over
0,whisper,23,11,Over
0,whisper,24,13,Over
0,whisper,25,15,Over
0,talk,90,1,Over
0,talk,91,13,Over
0,talk,92,9,INQUESTED Agent[11] WEREWOLF
0,talk,93,15,Over
0,talk,94,14,Over
0,talk,95,2,ESTIMATE Agent[04] VILLAGER
0,talk,96,5,ESTIMATE Agent[14] VILLAGER
0,talk,97,7,Over
0,talk,98,10,Over
0,talk,99,8,VOTE Agent[12]
0,talk,100,4,Over
0,talk,101,3,Over
0,talk,102,6,Over
0,talk,103,11,Over
0,talk,104,12,Over
0,whisper,26,11,Over
0,whisper,27,13,Over
0,whisper,28,15,Over
0,talk,105,5,ESTIMATE Agent[01] WEREWOLF
0,talk,106,2,Skip
0,talk,107,13,Over
0,talk,108,14,Over
0,talk,109,8,VOTE Agent[14]
0,talk,110,15,Over
0,talk,111,1,VOTE Agent[11]
0,talk,112,9,INQUESTED Agent[11] WEREWOLF
0,talk,113,10,Over
0,talk,114,7,Over
0,talk,115,3,Over
0,talk,116,4,Over
0,talk,117,6,Over
0,talk,118,11,Over
0,talk,119,12,Over
0,whisper,29,15,Over
0,whisper,30,11,Over
0,whisper,31,13,Over
0,talk,120,5,ESTIMATE Agent[01] WEREWOLF
0,talk,121,13,Over
0,talk,122,8,VOTE Agent[15]
0,talk,123,15,Over
0,talk,124,1,VOTE Agent[11]
0,talk,125,9,INQUESTED Agent[11] WEREWOLF
0,talk,126,14,Over
0,talk,127,2,ESTIMATE Agent[05] VILLAGER
0,talk,128,3,Over
0,talk,129,4,Over
0,talk,130,6,Over
0,talk,131,7,Over
0,talk,132,10,Over
0,talk,133,11,Over
0,talk,134,12,Over
0,whisper,32,15,Over
0,whisper,33,11,Over
0,whisper,34,13,Over
0,talk,135,5,ESTIMATE Agent[01] WEREWOLF
0,talk,136,2,Skip
0,talk,137,9,INQUESTED Agent[13] WEREWOLF
0,talk,138,13,Over
0,talk,139,14,Over
0,talk,140,1,VOTE Agent[11]
0,talk,141,15,Over
0,talk,142,8,VOTE Agent[10]
0,talk,143,3,Over
0,talk,144,4,Over
0,talk,145,6,Over
0,talk,146,7,Over
0,talk,147,10,Over
0,talk,148,11,Over
0,talk,149,12,Over
0,whisper,35,15,Over
0,whisper,36,13,Over
0,whisper,37,11,Over
0,divine,5,14,HUMAN
1,status,1,POSSESSED,ALIVE,cash
1,status,2,BODYGUARD,ALIVE,kSugar
1,status,3,VILLAGER,ALIVE,haretaro
1,status,4,VILLAGER,ALIVE,Kanolab
1,status,5,SEER,ALIVE,wasabi
1,status,6,VILLAGER,ALIVE,TOT
1,status,7,VILLAGER,ALIVE,nakamura
1,status,8,VILLAGER,ALIVE,iace10442
1,status,9,VILLAGER,ALIVE,tkAI
1,status,10,VILLAGER,ALIVE,NLwolf
1,status,11,WEREWOLF,ALIVE,carlo
1,status,12,MEDIUM,ALIVE,twn480
1,status,13,WEREWOLF,ALIVE,KajiGod
1,status,14,VILLAGER,ALIVE,howls
1,status,15,WEREWOLF,ALIVE,Udon
1,talk,0,14,Over
1,talk,1,7,ESTIMATE Agent[13] WEREWOLF
1,talk,2,2,VOTE Agent[12]
1,talk,3,8,ESTIMATE Agent[09] WEREWOLF
1,talk,4,13,VOTE Agent[02]
1,talk,5,6,VOTE Agent[13]
1,talk,6,3,VOTE Agent[12]
1,talk,7,15,DIVINED Agent[02] HUMAN
1,talk,8,11,VOTE Agent[02]
1,talk,9,4,VOTE Agent[02]
1,talk,10,12,Over
1,talk,11,10,Skip
1,talk,12,5,COMINGOUT Agent[05] SEER
1,talk,13,1,DIVINED Agent[11] HUMAN
1,talk,14,9,VOTE Agent[13]
1,whisper,0,13,Over
1,whisper,1,15,ATTACK Agent[05]
1,whisper,2,11,ATTACK Agent[05]
1,whisper,3,13,Over
1,whisper,4,11,ESTIMATE Agent[01] POSSESSED
1,whisper,5,15,Over
1,whisper,6,11,ESTIMATE Agent[05] SEER
1,whisper,7,13,Over
1,whisper,8,15,Over
1,whisper,9,11,ESTIMATE Agent[09] MEDIUM
1,whisper,10,13,Over
1,whisper,11,15,Over
1,whisper,12,11,Over
1,talk,15,2,VOTE Agent[06]
1,talk,16,9,INQUESTED Agent[11] WEREWOLF
1,talk,17,13,Over
1,talk,18,8,ESTIMATE Agent[02] VILLAGER
1,talk,19,15,VOTE Agent[07]
1,talk,20,10,Skip
1,talk,21,12,Over
1,talk,22,5,DIVINED Agent[14] HUMAN
1,talk,23,7,VOTE Agent[13]
1,talk,24,3,VOTE Agent[15]
1,talk,25,6,Over
1,talk,26,1,Skip
1,talk,27,11,Over
1,talk,28,4,VOTE Agent[12]
1,talk,29,14,Over
1,whisper,13,13,Over
1,whisper,14,15,Over
1,whisper,15,11,Over
1,talk,30,15,Over
1,talk,31,3,VOTE Agent[15]
1,talk,32,9,VOTE Agent[13]
1,talk,33,5,ESTIMATE Agent[01] WEREWOLF
1,talk,34,10,Skip
1,talk,35,1,VOTE Agent[05]
1,talk,36,8,Skip
1,talk,37,12,Over
1,talk,38,13,Over
1,talk,39,7,Over
1,talk,40,11,Over
1,talk,41,4,VOTE Agent[14]
1,talk,42,6,Over
1,talk,43,2,ESTIMATE Agent[06] VILLAGER
1,talk,44,14,Over
1,whisper,16,15,Over
1,whisper,17,13,Over
1,whisper,18,11,Over
1,talk,45,9,VOTE Agent[15]
1,talk,46,10,VOTE Agent[11]
1,talk,47,8,VOTE Agent[11]
1,talk,48,3,VOTE Agent[15]
1,talk,49,6,Over
1,talk,50,11,COMINGOUT Agent[11] SEER
1,talk,51,13,Over
1,talk,52,2,ESTIMATE Agent[01] SEER
1,talk,53,15,Over
1,talk,54,5,ESTIMATE Agent[07] VILLAGER
1,talk,55,4,ESTIMATE Agent[15] SEER
1,talk,56,12,Over
1,talk,57,7,Over
1,talk,58,1,VOTE Agent[11]
1,talk,59,14,Over
1,whisper,19,11,COMINGOUT Agent[11] SEER
1,whisper,20,15,Over
1,whisper,21,13,Over
1,whisper,22,11,Over
1,talk,60,7,Over
1,talk,61,4,VOTE Agent[07]
1,talk,62,2,ESTIMATE Agent[05] SEER
1,talk,63,12,Over
1,talk,64,1,Over
1,talk,65,15,Over
1,talk,66,5,ESTIMATE Agent[13] VILLAGER
1,talk,67,3,VOTE Agent[11]
1,talk,68,8,VOTE Agent[10]
1,talk,69,6,Over
1,talk,70,13,Over
1,talk,71,11,DIVINED Agent[12] HUMAN
1,talk,72,9,INQUESTED Agent[11] WEREWOLF
1,talk,73,10,Over
1,talk,74,14,Over
1,whisper,23,11,Over
1,whisper,24,15,Over
1,whisper,25,13,Over
1,talk,75,7,Over
1,talk,76,13,Over
1,talk,77,2,ESTIMATE Agent[07] VILLAGER
1,talk,78,15,Over
1,talk,79,3,VOTE Agent[11]
1,talk,80,8,VOTE Agent[13]
1,talk,81,1,Skip
1,talk,82,11,VOTE Agent[01]
1,talk,83,5,ESTIMATE Agent[07] VILLAGER
1,talk,84,6,Over
1,talk,85,12,Over
1,talk,86,4,ESTIMATE Agent[03] VILLAGER
1,talk,87,9,VOTE Agent[15]
1,talk,88,10,Over
1,talk,89,14,Over
1,whisper,26,11,Over
1,whisper,27,13,Over
1,whisper,28,15,Over
1,talk,90,4,Over
1,talk,91,1,VOTE Agent[11]
1,talk,92,9,INQUESTED Agent[15] WEREWOLF
1,talk,93,7,Over
1,talk,94,12,Over
1,talk,95,2,VOTE Agent[13]
1,talk,96,8,VOTE Agent[06]
1,talk,97,6,Over
1,talk,98,13,Over
1,talk,99,15,Over
1,talk,100,3,VOTE Agent[11]
1,talk,101,5,ESTIMATE Agent[03] VILLAGER
1,talk,102,11,Over
1,talk,103,10,Over
1,talk,104,14,Over
1,whisper,29,11,Over
1,whisper,30,13,Over
1,whisper,31,15,Over
1,talk,105,2,Skip
1,talk,106,1,VOTE Agent[15]
1,talk,107,3,VOTE Agent[15]
1,talk,108,4,VOTE Agent[11]
1,talk,109,6,Over
1,talk,110,8,VOTE Agent[07]
1,talk,111,5,ESTIMATE Agent[01] WEREWOLF
1,talk,112,12,Over
1,talk,113,9,INQUESTED Agent[15] WEREWOLF
1,talk,114,13,Over
1,talk,115,7,Over
1,talk,116,15,Over
1,talk,117,10,Over
1,talk,118,11,Over
1,talk,119,14,Over
1,whisper,32,15,Over
1,whisper,33,13,Over
1,whisper,34,11,Over
1,talk,120,6,Over
1,talk,121,2,VOTE Agent[15]
1,talk,122,9,INQUESTED Agent[11] WEREWOLF
1,talk,123,4,Over
1,talk,124,3,Skip
1,talk,125,12,Over
1,talk,126,8,VOTE Agent[12]
1,talk,127,5,ESTIMATE Agent[11] WEREWOLF
1,talk,128,1,VOTE Agent[15]
1,talk,129,7,Over
1,talk,130,10,Over
1,talk,131,11,Over
1,talk,132,13,Over
1,talk,133,14,Over
1,talk,134,15,Over
1,whisper,35,15,Over
1,whisper,36,13,Over
1,whisper,37,11,Over
1,talk,135,12,Over
1,talk,136,1,Over
1,talk,137,3,Skip
1,talk,138,8,VOTE Agent[06]
1,talk,139,2,Skip
1,talk,140,9,VOTE Agent[15]
1,talk,141,4,VOTE Agent[04]
1,talk,142,6,Over
1,talk,143,5,ESTIMATE Agent[09] VILLAGER
1,talk,144,7,Over
1,talk,145,10,Over
1,talk,146,11,Over
1,talk,147,13,Over
1,talk,148,14,Over
1,talk,149,15,Over
1,whisper,38,15,Over
1,whisper,39,11,Over
1,whisper,40,13,Over
1,vote,1,15
1,vote,2,15
1,vote,3,15
1,vote,4,6
1,vote,5,11
1,vote,6,13
1,vote,7,13
1,vote,8,6
1,vote,9,15
1,vote,10,11
1,vote,11,15
1,vote,12,2
1,vote,13,2
1,vote,14,11
1,vote,15,7
1,divine,5,7,HUMAN
1,attackVote,11,5
1,attackVote,13,5
1,attackVote,15,5
1,execute,15,WEREWOLF
1,attack,5,true
2,status,1,POSSESSED,ALIVE,cash
2,status,2,BODYGUARD,ALIVE,kSugar
2,status,3,VILLAGER,ALIVE,haretaro
2,status,4,VILLAGER,ALIVE,Kanolab
2,status,5,SEER,DEAD,wasabi
2,status,6,VILLAGER,ALIVE,TOT
2,status,7,VILLAGER,ALIVE,nakamura
2,status,8,VILLAGER,ALIVE,iace10442
2,status,9,VILLAGER,ALIVE,tkAI
2,status,10,VILLAGER,ALIVE,NLwolf
2,status,11,WEREWOLF,ALIVE,carlo
2,status,12,MEDIUM,ALIVE,twn480
2,status,13,WEREWOLF,ALIVE,KajiGod
2,status,14,VILLAGER,ALIVE,howls
2,status,15,WEREWOLF,DEAD,Udon
2,talk,0,6,VOTE Agent[13]
2,talk,1,4,VOTE Agent[04]
2,talk,2,3,VOTE Agent[01]
2,talk,3,11,DIVINED Agent[13] HUMAN
2,talk,4,8,ESTIMATE Agent[09] VILLAGER
2,talk,5,7,ESTIMATE Agent[13] WEREWOLF
2,talk,6,2,VOTE Agent[01]
2,talk,7,10,Skip
2,talk,8,1,DIVINED Agent[13] HUMAN
2,talk,9,14,Over
2,talk,10,12,Over
2,talk,11,13,VOTE Agent[02]
2,talk,12,9,INQUESTED Agent[15] WEREWOLF
2,whisper,0,13,Over
2,whisper,1,11,ATTACK Agent[05]
2,whisper,2,13,Over
2,whisper,3,11,Over
2,talk,13,6,Over
2,talk,14,4,VOTE Agent[07]
2,talk,15,11,VOTE Agent[01]
2,talk,16,13,Over
2,talk,17,7,VOTE Agent[13]
2,talk,18,1,Skip
2,talk,19,2,VOTE Agent[06]
2,talk,20,3,VOTE Agent[01]
2,talk,21,10,Skip
2,talk,22,8,Skip
2,talk,23,12,Over
2,talk,24,9,VOTE Agent[11]
2,talk,25,14,Over
2,whisper,4,11,Over
2,whisper,5,13,Over
2,talk,26,2,ESTIMATE Agent[01] SEER
2,talk,27,13,Over
2,talk,28,9,VOTE Agent[11]
2,talk,29,4,VOTE Agent[11]
2,talk,30,7,Over
2,talk,31,10,Skip
2,talk,32,11,Over
2,talk,33,3,VOTE Agent[11]
2,talk,34,8,Skip
2,talk,35,1,VOTE Agent[09]
2,talk,36,6,Over
2,talk,37,12,Over
2,talk,38,14,Over
2,whisper,6,11,Over
2,whisper,7,13,Over
2,talk,39,8,VOTE Agent[02]
2,talk,40,7,Over
2,talk,41,2,ESTIMATE Agent[03] VILLAGER
2,talk,42,11,Over
2,talk,43,10,VOTE Agent[01]
2,talk,44,13,Over
2,talk,45,1,Over
2,talk,46,9,INQUESTED Agent[13] WEREWOLF
2,talk,47,3,VOTE Agent[01]
2,talk,48,4,VOTE Agent[08]
2,talk,49,6,Over
2,talk,50,12,Over
2,talk,51,14,Over
2,whisper,8,13,Over
2,whisper,9,11,Over
2,talk,52,2,ESTIMATE Agent[07] VILLAGER
2,talk,53,1,VOTE Agent[09]
2,talk,54,8,VOTE Agent[01]
2,talk,55,13,Over
2,talk,56,9,VOTE Agent[13]
2,talk,57,3,Skip
2,talk,58,4,VOTE Agent[09]
2,talk,59,11,Over
2,talk,60,7,Over
2,talk,61,10,Over
2,talk,62,6,Over
2,talk,63,12,Over
2,talk,64,14,Over
2,whisper,10,11,Over
2,whisper,11,13,Over
2,talk,65,2,ESTIMATE Agent[09] VILLAGER
2,talk,66,1,Over
2,talk,67,4,VOTE Agent[03]
2,talk,68,13,Over
2,talk,69,8,Over
2,talk,70,9,VOTE Agent[15]
2,talk,71,3,Skip
2,talk,72,6,Over
2,talk,73,7,Over
2,talk,74,10,Over
2,talk,75,11,Over
2,talk,76,12,Over
2,talk,77,14,Over
2,whisper,12,11,Over
2,whisper,13,13,Over
2,talk,78,13,Over
2,talk,79,1,Over
2,talk,80,4,ESTIMATE Agent[05] SEER
2,talk,81,8,Over
2,talk,82,9,INQUESTED Agent[11] WEREWOLF
2,talk,83,3,Skip
2,talk,84,2,VOTE Agent[01]
2,talk,85,6,Over
2,talk,86,7,Over
2,talk,87,10,Over
2,talk,88,11,Over
2,talk,89,12,Over
2,talk,90,14,Over
2,whisper,14,13,Over
2,whisper,15,11,Over
2,talk,91,8,Over
2,talk,92,4,ESTIMATE Agent[03] VILLAGER
2,talk,93,2,Skip
2,talk,94,9,VOTE Agent[15]
2,talk,95,13,Over
2,talk,96,1,VOTE Agent[09]
2,talk,97,3,Skip
2,talk,98,6,Over
2,talk,99,7,Over
2,talk,100,10,Over
2,talk,101,11,Over
2,talk,102,12,Over
2,talk,103,14,Over
2,whisper,16,13,Over
2,whisper,17,11,Over
2,talk,104,9,VOTE Agent[13]
2,talk,105,1,Over
2,talk,106,2,Skip
2,talk,107,13,Over
2,talk,108,4,Over
2,talk,109,8,Over
2,talk,110,3,Skip
2,talk,111,6,Over
2,talk,112,7,Over
2,talk,113,10,Over
2,talk,114,11,Over
2,talk,115,12,Over
2,talk,116,14,Over
2,whisper,18,13,Over
2,whisper,19,11,Over
2,talk,117,3,Skip
2,talk,118,4,Over
2,talk,119,2,Skip
2,talk,120,9,VOTE Agent[11]
2,talk,121,1,Over
2,talk,122,8,Over
2,talk,123,13,Over
2,talk,124,6,Over
2,talk,125,7,Over
2,talk,126,10,Over
2,talk,127,11,Over
2,talk,128,12,Over
2,talk,129,14,Over
2,whisper,20,11,Over
2,whisper,21,13,Over
2,vote,1,9
2,vote,2,1
2,vote,3,1
2,vote,4,6
2,vote,6,13
2,vote,7,13
2,vote,8,1
2,vote,9,11
2,vote,10,1
2,vote,11,1
2,vote,12,13
2,vote,13,2
2,vote,14,11
2,guard,2,3,VILLAGER
2,attackVote,13,14
2,execute,1,POSSESSED
2,attack,14,true
3,status,1,POSSESSED,DEAD,cash
3,status,2,BODYGUARD,ALIVE,kSugar
3,status,3,VILLAGER,ALIVE,haretaro
3,status,4,VILLAGER,ALIVE,Kanolab
3,status,5,SEER,DEAD,wasabi
3,status,6,VILLAGER,ALIVE,TOT
3,status,7,VILLAGER,ALIVE,nakamura
3,status,8,VILLAGER,ALIVE,iace10442
3,status,9,VILLAGER,ALIVE,tkAI
3,status,10,VILLAGER,ALIVE,NLwolf
3,status,11,WEREWOLF,ALIVE,carlo
3,status,12,MEDIUM,ALIVE,twn480
3,status,13,WEREWOLF,ALIVE,KajiGod
3,status,14,VILLAGER,DEAD,howls
3,status,15,WEREWOLF,DEAD,Udon
3,talk,0,12,Over
3,talk,1,13,VOTE Agent[02]
3,talk,2,7,ESTIMATE Agent[13] WEREWOLF
3,talk,3,3,VOTE Agent[11]
3,talk,4,6,VOTE Agent[13]
3,talk,5,9,VOTE Agent[13]
3,talk,6,10,Skip
3,talk,7,11,DIVINED Agent[03] HUMAN
3,talk,8,8,ESTIMATE Agent[11] SEER
3,talk,9,4,VOTE Agent[11]
3,talk,10,2,VOTE Agent[03]
3,whisper,0,11,ATTACK Agent[05]
3,whisper,1,13,Over
3,whisper,2,11,Over
3,talk,11,3,VOTE Agent[11]
3,talk,12,13,Over
3,talk,13,8,ESTIMATE Agent[10] VILLAGER
3,talk,14,12,Over
3,talk,15,11,VOTE Agent[02]
3,talk,16,4,VOTE Agent[12]
3,talk,17,7,VOTE Agent[13]
3,talk,18,2,VOTE Agent[12]
3,talk,19,6,Over
3,talk,20,9,INQUESTED Agent[13] WEREWOLF
3,talk,21,10,Skip
3,whisper,3,13,Over
3,whisper,4,11,Over
3,talk,22,4,VOTE Agent[10]
3,talk,23,3,VOTE Agent[11]
3,talk,24,10,Skip
3,talk,25,11,Over
3,talk,26,7,Over
3,talk,27,8,Skip
3,talk,28,2,ESTIMATE Agent[03] VILLAGER
3,talk,29,13,Over
3,talk,30,12,Over
3,talk,31,6,Over
3,talk,32,9,INQUESTED Agent[13] WEREWOLF
3,whisper,5,13,Over
3,whisper,6,11,Over
3,talk,33,3,VOTE Agent[11]
3,talk,34,10,VOTE Agent[13]
3,talk,35,4,ESTIMATE Agent[05] SEER
3,talk,36,7,Over
3,talk,37,11,Over
3,talk,38,2,ESTIMATE Agent[10] VILLAGER
3,talk,39,6,Over
3,talk,40,9,VOTE Agent[11]
3,talk,41,13,Over
3,talk,42,8,VOTE Agent[11]
3,talk,43,12,Over
3,whisper,7,13,Over
3,whisper,8,11,Over
3,talk,44,10,Over
3,talk,45,8,Over
3,talk,46,11,Over
3,talk,47,2,ESTIMATE Agent[11] SEER
3,talk,48,7,Over
3,talk,49,13,Over
3,talk,50,3,VOTE Agent[11]
3,talk,51,4,ESTIMATE Agent[03] VILLAGER
3,talk,52,6,Over
3,talk,53,9,INQUESTED Agent[15] WEREWOLF
3,talk,54,12,Over
3,whisper,9,11,Over
3,whisper,10,13,Over
3,talk,55,4,Over
3,talk,56,13,Over
3,talk,57,11,Over
3,talk,58,6,Over
3,talk,59,9,INQUESTED Agent[11] WEREWOLF
3,talk,60,10,Over
3,talk,61,2,ESTIMATE Agent[03] VILLAGER
3,talk,62,7,Over
3,talk,63,8,VOTE Agent[02]
3,talk,64,3,VOTE Agent[11]
3,talk,65,12,Over
3,whisper,11,13,Over
3,whisper,12,11,Over
3,talk,66,3,VOTE Agent[11]
3,talk,67,2,VOTE Agent[13]
3,talk,68,13,Over
3,talk,69,6,Over
3,talk,70,9,VOTE Agent[11]
3,talk,71,10,Over
3,talk,72,7,Over
3,talk,73,8,VOTE Agent[13]
3,talk,74,11,Over
3,talk,75,4,Over
3,talk,76,12,Over
3,whisper,13,13,Over
3,whisper,14,11,Over
3,talk,77,8,VOTE Agent[02]
3,talk,78,13,Over
3,talk,79,7,Over
3,talk,80,2,Skip
3,talk,81,6,Over
3,talk,82,9,VOTE Agent[15]
3,talk,83,10,Over
3,talk,84,3,VOTE Agent[11]
3,talk,85,4,VOTE Agent[06]
3,talk,86,11,Over
3,talk,87,12,Over
3,whisper,15,13,Over
3,whisper,16,11,Over
3,talk,88,13,Over
3,talk,89,3,VOTE Agent[11]
3,talk,90,9,INQUESTED Agent[13] WEREWOLF
3,talk,91,4,Over
3,talk,92,6,Over
3,talk,93,7,Over
3,talk,94,10,Over
3,talk,95,2,Skip
3,talk,96,8,VOTE Agent[11]
3,talk,97,11,Over
3,talk,98,12,Over
3,whisper,17,13,Over
3,whisper,18,11,Over
3,talk,99,3,VOTE Agent[11]
3,talk,100,10,Over
3,talk,101,7,Over
3,talk,102,13,Over
3,talk,103,6,Over
3,talk,104,9,INQUESTED Agent[11] WEREWOLF
3,talk,105,8,VOTE Agent[02]
3,talk,106,2,Skip
3,talk,107,4,VOTE Agent[04]
3,talk,108,11,Over
3,talk,109,12,Over
3,whisper,19,13,Over
3,whisper,20,11,Over
3,vote,2,13
3,vote,3,11
3,vote,4,12
3,vote,6,13
3,vote,7,13
3,vote,8,2
3,vote,9,4
3,vote,10,13
3,vote,11,13
3,vote,12,2
3,vote,13,2
3,guard,2,7,VILLAGER
3,attackVote,13,8
3,execute,13,WEREWOLF
3,attack,9,true
4,status,1,POSSESSED,DEAD,cash
4,status,2,BODYGUARD,ALIVE,kSugar
4,status,3,VILLAGER,ALIVE,haretaro
4,status,4,VILLAGER,ALIVE,Kanolab
4,status,5,SEER,DEAD,wasabi
4,status,6,VILLAGER,ALIVE,TOT
4,status,7,VILLAGER,ALIVE,nakamura
4,status,8,VILLAGER,ALIVE,iace10442
4,status,9,VILLAGER,DEAD,tkAI
4,status,10,VILLAGER,ALIVE,NLwolf
4,status,11,WEREWOLF,ALIVE,carlo
4,status,12,MEDIUM,ALIVE,twn480
4,status,13,WEREWOLF,DEAD,KajiGod
4,status,14,VILLAGER,DEAD,howls
4,status,15,WEREWOLF,DEAD,Udon
4,talk,0,8,ESTIMATE Agent[03] VILLAGER
4,talk,1,7,ESTIMATE Agent[08] WEREWOLF
4,talk,2,3,VOTE Agent[11]
4,talk,3,2,VOTE Agent[03]
4,talk,4,6,VOTE Agent[08]
4,talk,5,10,Skip
4,talk,6,11,DIVINED Agent[07] HUMAN
4,talk,7,4,VOTE Agent[11]
4,talk,8,12,Over
4,whisper,0,11,ATTACK Agent[05]
4,whisper,1,11,Over
4,talk,9,8,ESTIMATE Agent[07] VILLAGER
4,talk,10,4,VOTE Agent[03]
4,talk,11,6,Over
4,talk,12,3,VOTE Agent[11]
4,talk,13,10,Skip
4,talk,14,11,VOTE Agent[02]
4,talk,15,2,VOTE Agent[12]
4,talk,16,7,VOTE Agent[08]
4,talk,17,12,Over
4,whisper,2,11,Over
4,talk,18,3,VOTE Agent[11]
4,talk,19,10,Skip
4,talk,20,6,Over
4,talk,21,2,ESTIMATE Agent[03] VILLAGER
4,talk,22,7,Over
4,talk,23,11,Over
4,talk,24,4,VOTE Agent[08]
4,talk,25,8,ESTIMATE Agent[07] VILLAGER
4,talk,26,12,Over
4,whisper,3,11,Over
4,talk,27,6,Over
4,talk,28,11,Over
4,talk,29,7,Over
4,talk,30,8,VOTE Agent[11]
4,talk,31,10,VOTE Agent[11]
4,talk,32,2,ESTIMATE Agent[07] VILLAGER
4,talk,33,3,VOTE Agent[11]
4,talk,34,4,VOTE Agent[10]
4,talk,35,12,Over
4,whisper,4,11,Over
4,talk,36,8,VOTE Agent[07]
4,talk,37,7,Over
4,talk,38,3,VOTE Agent[11]
4,talk,39,6,Over
4,talk,40,11,Over
4,talk,41,4,VOTE Agent[04]
4,talk,42,10,Over
4,talk,43,2,ESTIMATE Agent[12] VILLAGER
4,talk,44,12,Over
4,whisper,5,11,Over
4,talk,45,3,VOTE Agent[11]
4,talk,46,8,VOTE Agent[11]
4,talk,47,4,ESTIMATE Agent[05] SEER
4,talk,48,6,Over
4,talk,49,11,Over
4,talk,50,10,Over
4,talk,51,7,Over
4,talk,52,2,ESTIMATE Agent[08] VILLAGER
4,talk,53,12,Over
4,whisper,6,11,Over
4,talk,54,11,Over
4,talk,55,6,Over
4,talk,56,2,VOTE Agent[11]
4,talk,57,3,Skip
4,talk,58,10,Over
4,talk,59,8,Over
4,talk,60,7,Over
4,talk,61,4,VOTE Agent[06]
4,talk,62,12,Over
4,whisper,7,11,Over
4,talk,63,3,Skip
4,talk,64,8,Over
4,talk,65,11,Over
4,talk,66,7,Over
4,talk,67,4,VOTE Agent[07]
4,talk,68,6,Over
4,talk,69,10,Over
4,talk,70,2,Skip
4,talk,71,12,Over
4,whisper,8,11,Over
4,talk,72,11,Over
4,talk,73,2,Skip
4,talk,74,3,Skip
4,talk,75,6,Over
4,talk,76,4,ESTIMATE Agent[03] VILLAGER
4,talk,77,10,Over
4,talk,78,7,Over
4,talk,79,8,Over
4,talk,80,12,Over
4,whisper,9,11,Over
4,talk,81,4,Over
4,talk,82,11,Over
4,talk,83,6,Over
4,talk,84,3,Skip
4,talk,85,2,Skip
4,talk,86,7,Over
4,talk,87,8,Over
4,talk,88,10,Over
4,talk,89,12,Over
4,whisper,10,11,Over
4,vote,2,11
4,vote,3,11
4,vote,4,7
4,vote,6,8
4,vote,7,8
4,vote,8,11
4,vote,10,11
4,vote,11,3
4,vote,12,11
4,guard,2,8,VILLAGER
4,execute,11,WEREWOLF
5,status,1,POSSESSED,DEAD,cash
5,status,2,BODYGUARD,ALIVE,kSugar
5,status,3,VILLAGER,ALIVE,haretaro
5,status,4,VILLAGER,ALIVE,Kanolab
5,status,5,SEER,DEAD,wasabi
5,status,6,VILLAGER,ALIVE,TOT
5,status,7,VILLAGER,ALIVE,nakamura
5,status,8,VILLAGER,ALIVE,iace10442
5,status,9,VILLAGER,DEAD,tkAI
5,status,10,VILLAGER,ALIVE,NLwolf
5,status,11,WEREWOLF,DEAD,carlo
5,status,12,MEDIUM,ALIVE,twn480
5,status,13,WEREWOLF,DEAD,KajiGod
5,status,14,VILLAGER,DEAD,howls
5,status,15,WEREWOLF,DEAD,Udon
5,result,8,0,VILLAGER
