0,status,1,WEREWOLF,ALIVE,cash
0,status,2,BODYGUARD,ALIVE,kSugar
0,status,3,VILLAGER,ALIVE,haretaro
0,status,4,VILLAGER,ALIVE,Kanolab
0,status,5,POSSESSED,ALIVE,wasabi
0,status,6,WEREWOLF,ALIVE,TOT
0,status,7,VILLAGER,ALIVE,nakamura
0,status,8,SEER,ALIVE,iace10442
0,status,9,VILLAGER,ALIVE,tkAI
0,status,10,VILLAGER,ALIVE,NLwolf
0,status,11,MEDIUM,ALIVE,carlo
0,status,12,VILLAGER,ALIVE,twn480
0,status,13,VILLAGER,ALIVE,KajiGod
0,status,14,VILLAGER,ALIVE,howls
0,status,15,WEREWOLF,ALIVE,Udon
0,talk,0,9,VOTE Agent[11]
0,talk,1,5,Skip
0,talk,2,15,VOTE Agent[11]
0,talk,3,8,COMINGOUT Agent[08] SEER
0,talk,4,14,Over
0,talk,5,7,ESTIMATE Agent[13] WEREWOLF
0,talk,6,12,Skip
0,talk,7,1,VOTE Agent[02]
0,talk,8,13,VOTE Agent[10]
0,talk,9,10,Skip
0,talk,10,4,VOTE Agent[09]
0,talk,11,2,COMINGOUT Agent[02] VILLAGER
0,talk,12,11,VOTE Agent[01]
0,talk,13,6,Over
0,talk,14,3,Over
0,whisper,0,15,COMINGOUT Agent[15] VILLAGER
0,whisper,1,1,ATTACK Agent[08]
0,whisper,2,6,Over
0,whisper,3,15,ATTACK Agent[08]
0,whisper,4,1,Over
0,whisper,5,6,Over
0,whisper,6,15,Over
0,talk,15,2,Skip
0,talk,16,5,Skip
0,talk,17,11,Over
0,talk,18,15,Over
0,talk,19,9,VOTE Agent[11]
0,talk,20,14,Over
0,talk,21,12,Skip
0,talk,22,7,VOTE Agent[13]
0,talk,23,10,Skip
0,talk,24,4,ESTIMATE Agent[08] SEER
0,talk,25,1,Over
0,talk,26,8,DIVINED Agent[12] WEREWOLF
0,talk,27,13,VOTE Agent[02]
0,talk,28,3,Over
0,talk,29,6,Over
0,whisper,7,6,Over
0,whisper,8,1,Over
0,whisper,9,15,ATTACK Agent[03]
0,whisper,10,6,Over
0,whisper,11,15,Over
0,whisper,12,1,Over
0,talk,30,10,Skip
0,talk,31,1,VOTE Agent[12]
0,talk,32,9,INQUESTED Agent[13] WEREWOLF
0,talk,33,4,ESTIMATE Agent[01] VILLAGER
0,talk,34,8,DIVINED Agent[04] HUMAN
0,talk,35,5,ESTIMATE Agent[07] VILLAGER
0,talk,36,7,Over
0,talk,37,2,ESTIMATE Agent[01] VILLAGER
0,talk,38,15,VOTE Agent[12]
0,talk,39,13,Over
0,talk,40,12,Skip
0,talk,41,11,VOTE Agent[09]
0,talk,42,14,Over
0,talk,43,3,Over
0,talk,44,6,Over
0,whisper,13,6,Over
0,whisper,14,15,ATTACK Agent[04]
0,whisper,15,1,Skip
0,whisper,16,1,Skip
0,whisper,17,6,Over
0,whisper,18,15,Over
0,whisper,19,1,Over
0,talk,45,10,VOTE Agent[07]
0,talk,46,8,DIVINED Agent[10] WEREWOLF
0,talk,47,9,INQUESTED Agent[13] WEREWOLF
0,talk,48,7,Over
0,talk,49,2,Skip
0,talk,50,15,Over
0,talk,51,1,Skip
0,talk,52,5,ESTIMATE Agent[11] VILLAGER
0,talk,53,4,Over
0,talk,54,12,Skip
0,talk,55,13,Over
0,talk,56,11,Over
0,talk,57,3,Over
0,talk,58,6,Over
0,talk,59,14,Over
0,whisper,20,6,Over
0,whisper,21,1,Over
0,whisper,22,15,Over
0,talk,60,8,DIVINED Agent[01] HUMAN
0,talk,61,5,ESTIMATE Agent[09] VILLAGER
0,talk,62,12,Skip
0,talk,63,4,Over
0,talk,64,9,VOTE Agent[13]
0,talk,65,7,Over
0,talk,66,15,Over
0,talk,67,2,ESTIMATE Agent[03] VILLAGER
0,talk,68,10,Over
0,talk,69,1,VOTE Agent[13]
0,talk,70,3,Over
0,talk,71,6,Over
0,talk,72,11,Over
0,talk,73,13,Over
0,talk,74,14,Over
0,whisper,23,6,Over
0,whisper,24,15,Over
0,whisper,25,1,Over
0,talk,75,7,Over
0,talk,76,10,Over
0,talk,77,15,Over
0,talk,78,1,Over
0,talk,79,5,ESTIMATE Agent[10] WEREWOLF
0,talk,80,12,Skip
0,talk,81,4,Over
0,talk,82,8,DIVINED Agent[15] HUMAN
0,talk,83,2,Skip
0,talk,84,9,INQUESTED Agent[13] WEREWOLF
0,talk,85,3,Over
0,talk,86,6,Over
0,talk,87,11,Over
0,talk,88,13,Over
0,talk,89,14,Over
0,whisper,26,1,Skip
0,whisper,27,15,Over
0,whisper,28,6,Over
0,whisper,29,1,Over
0,talk,90,1,VOTE Agent[13]
0,talk,91,5,ESTIMATE Agent[15] VILLAGER
0,talk,92,9,VOTE Agent[11]
0,talk,93,10,Over
0,talk,94,2,ESTIMATE Agent[04] VILLAGER
0,talk,95,8,DIVINED Agent[02] HUMAN
0,talk,96,15,Over
0,talk,97,7,Over
0,talk,98,12,Skip
0,talk,99,4,Over
0,talk,100,3,Over
0,talk,101,6,Over
0,talk,102,11,Over
0,talk,103,13,Over
0,talk,104,14,Over
0,whisper,30,6,Over
0,whisper,31,1,Over
0,whisper,32,15,Over
0,talk,105,5,ESTIMATE Agent[08] SEER
0,talk,106,8,DIVINED Agent[03] WEREWOLF
0,talk,107,10,Over
0,talk,108,9,INQUESTED Agent[11] WEREWOLF
0,talk,109,1,Skip
0,talk,110,7,Over
0,talk,111,12,Skip
0,talk,112,2,Skip
0,talk,113,15,Over
0,talk,114,3,Over
0,talk,115,4,Over
0,talk,116,6,Over
0,talk,117,11,Over
0,talk,118,13,Over
0,talk,119,14,Over
0,whisper,33,15,Over
0,whisper,34,6,Over
0,whisper,35,1,Over
0,talk,120,8,DIVINED Agent[09] HUMAN
0,talk,121,1,VOTE Agent[13]
0,talk,122,7,Over
0,talk,123,12,Skip
0,talk,124,10,Over
0,talk,125,5,ESTIMATE Agent[08] SEER
0,talk,126,9,INQUESTED Agent[13] WEREWOLF
0,talk,127,2,ESTIMATE Agent[05] VILLAGER
0,talk,128,3,Over
0,talk,129,4,Over
0,talk,130,6,Over
0,talk,131,11,Over
0,talk,132,13,Over
0,talk,133,14,Over
0,talk,134,15,Over
0,whisper,36,15,Over
0,whisper,37,1,Over
0,whisper,38,6,Over
0,talk,135,5,Skip
0,talk,136,12,Skip
0,talk,137,8,DIVINED Agent[06] HUMAN
0,talk,138,2,Skip
0,talk,139,1,VOTE Agent[13]
0,talk,140,10,Over
0,talk,141,9,INQUESTED Agent[13] WEREWOLF
0,talk,142,7,Over
0,talk,143,3,Over
0,talk,144,4,Over
0,talk,145,6,Over
0,talk,146,11,Over
0,talk,147,13,Over
0,talk,148,14,Over
0,talk,149,15,Over
0,whisper,39,1,Over
0,whisper,40,15,Over
0,whisper,41,6,Over
0,divine,8,11,HUMAN
1,status,1,WEREWOLF,ALIVE,cash
1,status,2,BODYGUARD,ALIVE,kSugar
1,status,3,VILLAGER,ALIVE,haretaro
1,status,4,VILLAGER,ALIVE,Kanolab
1,status,5,POSSESSED,ALIVE,wasabi
1,status,6,WEREWOLF,ALIVE,TOT
1,status,7,VILLAGER,ALIVE,nakamura
1,status,8,SEER,ALIVE,iace10442
1,status,9,VILLAGER,ALIVE,tkAI
1,status,10,VILLAGER,ALIVE,NLwolf
1,status,11,MEDIUM,ALIVE,carlo
1,status,12,VILLAGER,ALIVE,twn480
1,status,13,VILLAGER,ALIVE,KajiGod
1,status,14,VILLAGER,ALIVE,howls
1,status,15,WEREWOLF,ALIVE,Udon
1,talk,0,3,VOTE Agent[12]
1,talk,1,15,VOTE Agent[12]
1,talk,2,6,VOTE Agent[12]
1,talk,3,5,COMINGOUT Agent[05] SEER
1,talk,4,1,VOTE Agent[13]
1,talk,5,10,Skip
1,talk,6,11,VOTE Agent[09]
1,talk,7,8,DIVINED Agent[05] HUMAN
1,talk,8,9,VOTE Agent[15]
1,talk,9,4,VOTE Agent[04]
1,talk,10,14,Over
1,talk,11,7,ESTIMATE Agent[13] WEREWOLF
1,talk,12,12,Skip
1,talk,13,13,VOTE Agent[02]
1,talk,14,2,VOTE Agent[12]
1,whisper,0,15,ATTACK Agent[05]
1,whisper,1,6,AGREE WHISPER day1 ID:0
1,whisper,2,1,ATTACK Agent[05]
1,whisper,3,6,ATTACK Agent[05]
1,whisper,4,15,Over
1,whisper,5,1,Over
1,whisper,6,6,Over
1,talk,15,7,VOTE Agent[13]
1,talk,16,5,DIVINED Agent[11] HUMAN
1,talk,17,13,Over
1,talk,18,10,Skip
1,talk,19,8,DIVINED Agent[13] HUMAN
1,talk,20,2,VOTE Agent[12]
1,talk,21,6,Over
1,talk,22,11,Over
1,talk,23,14,Over
1,talk,24,4,VOTE Agent[11]
1,talk,25,1,VOTE Agent[13]
1,talk,26,9,VOTE Agent[15]
1,talk,27,15,Over
1,talk,28,12,Skip
1,talk,29,3,Skip
1,whisper,7,1,Over
1,whisper,8,15,Over
1,whisper,9,6,Over
1,talk,30,14,Over
1,talk,31,6,Over
1,talk,32,2,ESTIMATE Agent[06] VILLAGER
1,talk,33,12,Skip
1,talk,34,4,VOTE Agent[10]
1,talk,35,1,Over
1,talk,36,10,Skip
1,talk,37,11,Over
1,talk,38,5,ESTIMATE Agent[08] WEREWOLF
1,talk,39,9,VOTE Agent[13]
1,talk,40,13,Over
1,talk,41,15,Over
1,talk,42,3,Skip
1,talk,43,8,DIVINED Agent[14] HUMAN
1,talk,44,7,Over
1,whisper,10,6,Over
1,whisper,11,15,Over
1,whisper,12,1,Over
1,talk,45,1,VOTE Agent[13]
1,talk,46,14,Over
1,talk,47,12,Skip
1,talk,48,8,DIVINED Agent[07] HUMAN
1,talk,49,11,Over
1,talk,50,9,INQUESTED Agent[11] WEREWOLF
1,talk,51,4,VOTE Agent[09]
1,talk,52,13,Over
1,talk,53,5,Skip
1,talk,54,2,ESTIMATE Agent[07] VILLAGER
1,talk,55,10,VOTE Agent[15]
1,talk,56,3,Skip
1,talk,57,15,Over
1,talk,58,6,Over
1,talk,59,7,Over
1,whisper,13,1,Skip
1,whisper,14,15,Over
1,whisper,15,6,Over
1,whisper,16,1,Over
1,talk,60,11,Over
1,talk,61,2,ESTIMATE Agent[09] VILLAGER
1,talk,62,4,ESTIMATE Agent[08] SEER
1,talk,63,9,VOTE Agent[11]
1,talk,64,10,Over
1,talk,65,5,ESTIMATE Agent[06] VILLAGER
1,talk,66,3,Skip
1,talk,67,8,DIVINED Agent[11] HUMAN
1,talk,68,1,VOTE Agent[09]
1,talk,69,12,Skip
1,talk,70,13,Over
1,talk,71,14,Over
1,talk,72,6,Over
1,talk,73,7,Over
1,talk,74,15,Over
1,whisper,17,1,Over
1,whisper,18,6,Over
1,whisper,19,15,Over
1,talk,75,1,Over
1,talk,76,11,Over
1,talk,77,2,ESTIMATE Agent[06] VILLAGER
1,talk,78,8,ESTIMATE Agent[10] VILLAGER
1,talk,79,3,Skip
1,talk,80,5,ESTIMATE Agent[09] VILLAGER
1,talk,81,10,Over
1,talk,82,4,ESTIMATE Agent[01] VILLAGER
1,talk,83,9,VOTE Agent[13]
1,talk,84,12,Skip
1,talk,85,6,Over
1,talk,86,7,Over
1,talk,87,13,Over
1,talk,88,14,Over
1,talk,89,15,Over
1,whisper,20,6,Over
1,whisper,21,15,Over
1,whisper,22,1,Over
1,talk,90,4,VOTE Agent[12]
1,talk,91,11,Over
1,talk,92,2,Skip
1,talk,93,9,VOTE Agent[15]
1,talk,94,10,Over
1,talk,95,5,Skip
1,talk,96,3,Skip
1,talk,97,1,Over
1,talk,98,12,Skip
1,talk,99,8,ESTIMATE Agent[05] SEER
1,talk,100,6,Over
1,talk,101,7,Over
1,talk,102,13,Over
1,talk,103,14,Over
1,talk,104,15,Over
1,whisper,23,1,Over
1,whisper,24,6,Over
1,whisper,25,15,Over
1,talk,105,11,Over
1,talk,106,10,Over
1,talk,107,1,Over
1,talk,108,4,VOTE Agent[15]
1,talk,109,5,ESTIMATE Agent[02] VILLAGER
1,talk,110,8,ESTIMATE Agent[11] VILLAGER
1,talk,111,2,Skip
1,talk,112,3,Skip
1,talk,113,12,Skip
1,talk,114,9,INQUESTED Agent[11] WEREWOLF
1,talk,115,6,Over
1,talk,116,7,Over
1,talk,117,13,Over
1,talk,118,14,Over
1,talk,119,15,Over
1,whisper,26,6,Over
1,whisper,27,15,Over
1,whisper,28,1,Over
1,talk,120,3,Skip
1,talk,121,9,VOTE Agent[13]
1,talk,122,1,VOTE Agent[09]
1,talk,123,12,Skip
1,talk,124,10,Over
1,talk,125,5,ESTIMATE Agent[11] VILLAGER
1,talk,126,8,VOTE Agent[05]
1,talk,127,4,VOTE Agent[06]
1,talk,128,2,Skip
1,talk,129,11,Over
1,talk,130,6,Over
1,talk,131,7,Over
1,talk,132,13,Over
1,talk,133,14,Over
1,talk,134,15,Over
1,whisper,29,15,Over
1,whisper,30,6,Over
1,whisper,31,1,Over
1,talk,135,4,VOTE Agent[08]
1,talk,136,10,Over
1,talk,137,2,Skip
1,talk,138,3,Skip
1,talk,139,1,Over
1,talk,140,12,Skip
1,talk,141,8,VOTE Agent[10]
1,talk,142,9,VOTE Agent[15]
1,talk,143,5,ESTIMATE Agent[12] WEREWOLF
1,talk,144,6,Over
1,talk,145,7,Over
1,talk,146,11,Over
1,talk,147,13,Over
1,talk,148,14,Over
1,talk,149,15,Over
1,whisper,32,15,Over
1,whisper,33,1,Over
1,whisper,34,6,Over
1,vote,1,9
1,vote,2,12
1,vote,3,12
1,vote,4,13
1,vote,5,8
1,vote,6,12
1,vote,7,13
1,vote,8,10
1,vote,9,13
1,vote,10,15
1,vote,11,9
1,vote,12,7
1,vote,13,2
1,vote,14,13
1,vote,15,12
1,divine,8,3,HUMAN
1,guard,2,6,WEREWOLF
1,attackVote,1,5
1,attackVote,6,5
1,attackVote,15,5
1,execute,13,VILLAGER
1,attack,5,true
2,status,1,WEREWOLF,ALIVE,cash
2,status,2,BODYGUARD,ALIVE,kSugar
2,status,3,VILLAGER,ALIVE,haretaro
2,status,4,VILLAGER,ALIVE,Kanolab
2,status,5,POSSESSED,DEAD,wasabi
2,status,6,WEREWOLF,ALIVE,TOT
2,status,7,VILLAGER,ALIVE,nakamura
2,status,8,SEER,ALIVE,iace10442
2,status,9,VILLAGER,ALIVE,tkAI
2,status,10,VILLAGER,ALIVE,NLwolf
2,status,11,MEDIUM,ALIVE,carlo
2,status,12,VILLAGER,ALIVE,twn480
2,status,13,VILLAGER,DEAD,KajiGod
2,status,14,VILLAGER,ALIVE,howls
2,status,15,WEREWOLF,ALIVE,Udon
2,talk,0,4,VOTE Agent[03]
2,talk,1,10,Skip
2,talk,2,9,VOTE Agent[13]
2,talk,3,3,VOTE Agent[08]
2,talk,4,11,COMINGOUT Agent[11] MEDIUM
2,talk,5,15,VOTE Agent[09]
2,talk,6,6,VOTE Agent[08]
2,talk,7,12,Skip
2,talk,8,8,DIVINED Agent[03] HUMAN
2,talk,9,2,VOTE Agent[09]
2,talk,10,7,ESTIMATE Agent[08] WEREWOLF
2,talk,11,14,Over
2,talk,12,1,Skip
2,whisper,0,15,ATTACK Agent[04]
2,whisper,1,1,ATTACK Agent[11]
2,whisper,2,6,ATTACK Agent[08]
2,whisper,3,15,Over
2,whisper,4,6,Over
2,whisper,5,1,Over
2,talk,13,1,VOTE Agent[09]
2,talk,14,12,Skip
2,talk,15,3,VOTE Agent[08]
2,talk,16,7,VOTE Agent[08]
2,talk,17,14,Over
2,talk,18,9,VOTE Agent[13]
2,talk,19,6,VOTE Agent[11]
2,talk,20,10,Skip
2,talk,21,2,VOTE Agent[04]
2,talk,22,8,ESTIMATE Agent[01] VILLAGER
2,talk,23,4,VOTE Agent[01]
2,talk,24,15,Over
2,talk,25,11,INQUESTED Agent[03] HUMAN
2,whisper,6,6,Over
2,whisper,7,1,Over
2,whisper,8,15,Over
2,talk,26,9,INQUESTED Agent[11] WEREWOLF
2,talk,27,1,VOTE Agent[09]
2,talk,28,4,VOTE Agent[02]
2,talk,29,2,ESTIMATE Agent[01] VILLAGER
2,talk,30,6,Over
2,talk,31,10,Skip
2,talk,32,7,Over
2,talk,33,3,VOTE Agent[08]
2,talk,34,8,ESTIMATE Agent[01] VILLAGER
2,talk,35,15,Over
2,talk,36,12,Skip
2,talk,37,14,Over
2,talk,38,11,INQUESTED Agent[13] HUMAN
2,whisper,9,6,Over
2,whisper,10,1,Over
2,whisper,11,15,ATTACK Agent[07]
2,whisper,12,1,Over
2,whisper,13,6,Over
2,whisper,14,15,Over
2,talk,39,9,VOTE Agent[15]
2,talk,40,14,Over
2,talk,41,8,Skip
2,talk,42,2,ESTIMATE Agent[01] VILLAGER
2,talk,43,11,VOTE Agent[08]
2,talk,44,12,Skip
2,talk,45,7,Over
2,talk,46,4,ESTIMATE Agent[05] SEER
2,talk,47,10,VOTE Agent[06]
2,talk,48,1,VOTE Agent[09]
2,talk,49,15,Over
2,talk,50,6,Over
2,talk,51,3,Skip
2,whisper,15,6,Over
2,whisper,16,15,Over
2,whisper,17,1,Over
2,talk,52,3,Skip
2,talk,53,14,Over
2,talk,54,10,Over
2,talk,55,9,INQUESTED Agent[13] WEREWOLF
2,talk,56,15,Over
2,talk,57,12,Skip
2,talk,58,4,ESTIMATE Agent[11] MEDIUM
2,talk,59,8,VOTE Agent[01]
2,talk,60,7,Over
2,talk,61,6,Over
2,talk,62,1,VOTE Agent[09]
2,talk,63,2,ESTIMATE Agent[09] VILLAGER
2,talk,64,11,Over
2,whisper,18,6,Over
2,whisper,19,15,Over
2,whisper,20,1,Over
2,talk,65,2,ESTIMATE Agent[14] VILLAGER
2,talk,66,8,Over
2,talk,67,1,Over
2,talk,68,10,Over
2,talk,69,12,Skip
2,talk,70,9,VOTE Agent[15]
2,talk,71,4,VOTE Agent[14]
2,talk,72,3,Skip
2,talk,73,15,Over
2,talk,74,7,Over
2,talk,75,6,Over
2,talk,76,14,Over
2,talk,77,11,Over
2,whisper,21,6,Over
2,whisper,22,1,Over
2,whisper,23,15,Over
2,talk,78,3,Skip
2,talk,79,1,Over
2,talk,80,4,VOTE Agent[07]
2,talk,81,12,Skip
2,talk,82,8,VOTE Agent[14]
2,talk,83,10,Over
2,talk,84,2,VOTE Agent[09]
2,talk,85,9,INQUESTED Agent[15] WEREWOLF
2,talk,86,6,Over
2,talk,87,7,Over
2,talk,88,11,Over
2,talk,89,14,Over
2,talk,90,15,Over
2,whisper,24,1,Over
2,whisper,25,6,Over
2,whisper,26,15,ATTACK Agent[04]
2,whisper,27,15,Over
2,whisper,28,1,Over
2,whisper,29,6,Over
2,talk,91,12,Skip
2,talk,92,2,Skip
2,talk,93,3,VOTE Agent[08]
2,talk,94,4,VOTE Agent[10]
2,talk,95,1,VOTE Agent[09]
2,talk,96,10,Over
2,talk,97,9,VOTE Agent[15]
2,talk,98,8,VOTE Agent[12]
2,talk,99,6,Over
2,talk,100,7,Over
2,talk,101,11,Over
2,talk,102,14,Over
2,talk,103,15,Over
2,whisper,30,6,Over
2,whisper,31,1,Over
2,whisper,32,15,Over
2,talk,104,1,Over
2,talk,105,12,Skip
2,talk,106,3,VOTE Agent[08]
2,talk,107,4,ESTIMATE Agent[01] VILLAGER
2,talk,108,8,VOTE Agent[15]
2,talk,109,10,Over
2,talk,110,2,Skip
2,talk,111,9,VOTE Agent[13]
2,talk,112,6,Over
2,talk,113,7,Over
2,talk,114,11,Over
2,talk,115,14,Over
2,talk,116,15,Over
2,whisper,33,1,Over
2,whisper,34,6,Over
2,whisper,35,15,Over
2,talk,117,4,VOTE Agent[15]
2,talk,118,10,Over
2,talk,119,2,Skip
2,talk,120,3,VOTE Agent[08]
2,talk,121,12,Skip
2,talk,122,9,VOTE Agent[15]
2,talk,123,1,Over
2,talk,124,8,VOTE Agent[12]
2,talk,125,6,Over
2,talk,126,7,Over
2,talk,127,11,Over
2,talk,128,14,Over
2,talk,129,15,Over
2,whisper,36,6,Over
2,whisper,37,15,Over
2,whisper,38,1,Over
2,vote,1,9
2,vote,2,9
2,vote,3,8
2,vote,4,1
2,vote,6,11
2,vote,7,8
2,vote,8,12
2,vote,9,15
2,vote,10,6
2,vote,11,8
2,vote,12,3
2,vote,14,11
2,vote,15,9
2,divine,8,7,HUMAN
2,guard,2,1,WEREWOLF
2,attackVote,1,11
2,attackVote,6,8
2,attackVote,15,4
2,execute,9,VILLAGER
2,attack,4,true
3,status,1,WEREWOLF,ALIVE,cash
3,status,2,BODYGUARD,ALIVE,kSugar
3,status,3,VILLAGER,ALIVE,haretaro
3,status,4,VILLAGER,DEAD,Kanolab
3,status,5,POSSESSED,DEAD,wasabi
3,status,6,WEREWOLF,ALIVE,TOT
3,status,7,VILLAGER,ALIVE,nakamura
3,status,8,SEER,ALIVE,iace10442
3,status,9,VILLAGER,DEAD,tkAI
3,status,10,VILLAGER,ALIVE,NLwolf
3,status,11,MEDIUM,ALIVE,carlo
3,status,12,VILLAGER,ALIVE,twn480
3,status,13,VILLAGER,DEAD,KajiGod
3,status,14,VILLAGER,ALIVE,howls
3,status,15,WEREWOLF,ALIVE,Udon
3,talk,0,6,VOTE Agent[11]
3,talk,1,14,Over
3,talk,2,1,VOTE Agent[08]
3,talk,3,15,VOTE Agent[14]
3,talk,4,2,VOTE Agent[01]
3,talk,5,10,Skip
3,talk,6,3,VOTE Agent[08]
3,talk,7,8,DIVINED Agent[07] HUMAN
3,talk,8,7,ESTIMATE Agent[08] WEREWOLF
3,talk,9,11,INQUESTED Agent[09] HUMAN
3,talk,10,12,Skip
3,whisper,0,15,ATTACK Agent[07]
3,whisper,1,6,ATTACK Agent[08]
3,whisper,2,1,Skip
3,whisper,3,1,ATTACK Agent[03]
3,whisper,4,15,Over
3,whisper,5,6,Over
3,whisper,6,1,Over
3,talk,11,12,Skip
3,talk,12,15,Over
3,talk,13,10,Skip
3,talk,14,2,VOTE Agent[01]
3,talk,15,3,Skip
3,talk,16,8,Skip
3,talk,17,1,VOTE Agent[08]
3,talk,18,7,VOTE Agent[08]
3,talk,19,11,VOTE Agent[08]
3,talk,20,6,Over
3,talk,21,14,Over
3,whisper,7,1,Over
3,whisper,8,15,Over
3,whisper,9,6,Over
3,talk,22,15,Over
3,talk,23,1,Over
3,talk,24,2,ESTIMATE Agent[01] VILLAGER
3,talk,25,8,ESTIMATE Agent[03] VILLAGER
3,talk,26,7,Over
3,talk,27,3,Skip
3,talk,28,11,Over
3,talk,29,10,Skip
3,talk,30,12,Skip
3,talk,31,6,Over
3,talk,32,14,Over
3,whisper,10,15,Over
3,whisper,11,6,Over
3,whisper,12,1,Over
3,talk,33,3,Skip
3,talk,34,11,Over
3,talk,35,12,Skip
3,talk,36,15,Over
3,talk,37,7,Over
3,talk,38,8,ESTIMATE Agent[03] VILLAGER
3,talk,39,1,Over
3,talk,40,10,VOTE Agent[14]
3,talk,41,2,ESTIMATE Agent[15] VILLAGER
3,talk,42,6,Over
3,talk,43,14,Over
3,whisper,13,15,Over
3,whisper,14,1,Over
3,whisper,15,6,Over
3,talk,44,3,Skip
3,talk,45,2,ESTIMATE Agent[05] SEER
3,talk,46,12,Skip
3,talk,47,11,Over
3,talk,48,8,VOTE Agent[12]
3,talk,49,10,Over
3,talk,50,15,Over
3,talk,51,1,Over
3,talk,52,7,Over
3,talk,53,6,Over
3,talk,54,14,Over
3,whisper,16,15,Over
3,whisper,17,1,Over
3,whisper,18,6,Over
3,talk,55,2,VOTE Agent[07]
3,talk,56,12,Skip
3,talk,57,11,Over
3,talk,58,8,VOTE Agent[14]
3,talk,59,3,Skip
3,talk,60,1,Over
3,talk,61,6,Over
3,talk,62,7,Over
3,talk,63,10,Over
3,talk,64,14,Over
3,talk,65,15,Over
3,whisper,19,15,Over
3,whisper,20,6,Over
3,whisper,21,1,Over
3,talk,66,2,VOTE Agent[14]
3,talk,67,3,VOTE Agent[08]
3,talk,68,12,Skip
3,talk,69,11,Over
3,talk,70,8,VOTE Agent[12]
3,talk,71,1,Over
3,talk,72,6,Over
3,talk,73,7,Over
3,talk,74,10,Over
3,talk,75,14,Over
3,talk,76,15,Over
3,whisper,22,15,Over
3,whisper,23,6,Over
3,whisper,24,1,Over
3,talk,77,2,Skip
3,talk,78,11,Over
3,talk,79,8,VOTE Agent[11]
3,talk,80,3,Skip
3,talk,81,12,Skip
3,talk,82,1,Over
3,talk,83,6,Over
3,talk,84,7,Over
3,talk,85,10,Over
3,talk,86,14,Over
3,talk,87,15,Over
3,whisper,25,6,Over
3,whisper,26,1,Over
3,whisper,27,15,Over
3,talk,88,11,Over
3,talk,89,2,Skip
3,talk,90,3,Skip
3,talk,91,8,VOTE Agent[12]
3,talk,92,12,Skip
3,talk,93,1,Over
3,talk,94,6,Over
3,talk,95,7,Over
3,talk,96,10,Over
3,talk,97,14,Over
3,talk,98,15,Over
3,whisper,28,15,Over
3,whisper,29,1,Over
3,whisper,30,6,Over
3,talk,99,11,Over
3,talk,100,12,Skip
3,talk,101,2,Skip
3,talk,102,8,VOTE Agent[14]
3,talk,103,3,VOTE Agent[08]
3,talk,104,1,Over
3,talk,105,6,Over
3,talk,106,7,Over
3,talk,107,10,Over
3,talk,108,14,Over
3,talk,109,15,Over
3,whisper,31,15,Over
3,whisper,32,1,Over
3,whisper,33,6,Over
3,vote,1,8
3,vote,2,14
3,vote,3,8
3,vote,6,11
3,vote,7,8
3,vote,8,14
3,vote,10,14
3,vote,11,8
3,vote,12,8
3,vote,14,11
3,vote,15,14
3,divine,8,11,HUMAN
3,guard,2,15,WEREWOLF
3,attackVote,1,3
3,attackVote,6,8
3,attackVote,15,7
3,execute,8,SEER
3,attack,3,true
4,status,1,WEREWOLF,ALIVE,cash
4,status,2,BODYGUARD,ALIVE,kSugar
4,status,3,VILLAGER,DEAD,haretaro
4,status,4,VILLAGER,DEAD,Kanolab
4,status,5,POSSESSED,DEAD,wasabi
4,status,6,WEREWOLF,ALIVE,TOT
4,status,7,VILLAGER,ALIVE,nakamura
4,status,8,SEER,DEAD,iace10442
4,status,9,VILLAGER,DEAD,tkAI
4,status,10,VILLAGER,ALIVE,NLwolf
4,status,11,MEDIUM,ALIVE,carlo
4,status,12,VILLAGER,ALIVE,twn480
4,status,13,VILLAGER,DEAD,KajiGod
4,status,14,VILLAGER,ALIVE,howls
4,status,15,WEREWOLF,ALIVE,Udon
4,talk,0,7,Over
4,talk,1,2,VOTE Agent[01]
4,talk,2,1,VOTE Agent[02]
4,talk,3,14,Over
4,talk,4,6,VOTE Agent[11]
4,talk,5,12,Skip
4,talk,6,11,INQUESTED Agent[08] HUMAN
4,talk,7,10,Skip
4,talk,8,15,VOTE Agent[06]
4,whisper,0,1,ATTACK Agent[11]
4,whisper,1,6,ATTACK Agent[11]
4,whisper,2,15,Over
4,whisper,3,6,Over
4,whisper,4,1,Over
4,talk,9,6,VOTE Agent[02]
4,talk,10,10,Skip
4,talk,11,15,Over
4,talk,12,12,Skip
4,talk,13,7,Over
4,talk,14,14,Over
4,talk,15,1,VOTE Agent[14]
4,talk,16,2,VOTE Agent[14]
4,talk,17,11,VOTE Agent[09]
4,whisper,5,6,Over
4,whisper,6,15,Over
4,whisper,7,1,Over
4,talk,18,15,Over
4,talk,19,6,Over
4,talk,20,1,Over
4,talk,21,11,Over
4,talk,22,12,Skip
4,talk,23,10,Skip
4,talk,24,2,VOTE Agent[14]
4,talk,25,14,Over
4,talk,26,7,Over
4,whisper,8,6,Over
4,whisper,9,15,Over
4,whisper,10,1,Over
4,talk,27,12,Skip
4,talk,28,11,Over
4,talk,29,1,Over
4,talk,30,6,Over
4,talk,31,2,VOTE Agent[06]
4,talk,32,10,VOTE Agent[14]
4,talk,33,15,Over
4,talk,34,7,Over
4,talk,35,14,Over
4,whisper,11,15,Over
4,whisper,12,1,Over
4,whisper,13,6,Over
4,talk,36,2,VOTE Agent[01]
4,talk,37,10,Over
4,talk,38,11,Over
4,talk,39,6,Over
4,talk,40,12,Skip
4,talk,41,1,Over
4,talk,42,7,Over
4,talk,43,14,Over
4,talk,44,15,Over
4,whisper,14,1,Over
4,whisper,15,6,Over
4,whisper,16,15,Over
4,talk,45,2,VOTE Agent[14]
4,talk,46,11,Over
4,talk,47,10,Over
4,talk,48,12,Skip
4,talk,49,6,Over
4,talk,50,1,Over
4,talk,51,7,Over
4,talk,52,14,Over
4,talk,53,15,Over
4,whisper,17,6,Over
4,whisper,18,15,Over
4,whisper,19,1,Over
4,talk,54,10,Over
4,talk,55,12,Skip
4,talk,56,11,Over
4,talk,57,2,Skip
4,talk,58,1,Over
4,talk,59,6,Over
4,talk,60,7,Over
4,talk,61,14,Over
4,talk,62,15,Over
4,whisper,20,6,Over
4,whisper,21,15,Over
4,whisper,22,1,Over
4,talk,63,2,Skip
4,talk,64,10,Over
4,talk,65,12,Skip
4,talk,66,11,Over
4,talk,67,1,Over
4,talk,68,6,Over
4,talk,69,7,Over
4,talk,70,14,Over
4,talk,71,15,Over
4,whisper,23,6,Over
4,whisper,24,1,Over
4,whisper,25,15,Over
4,talk,72,10,Over
4,talk,73,12,Skip
4,talk,74,2,Skip
4,talk,75,1,Over
4,talk,76,6,Over
4,talk,77,7,Over
4,talk,78,11,Over
4,talk,79,14,Over
4,talk,80,15,Over
4,whisper,26,15,Over
4,whisper,27,6,Over
4,whisper,28,1,Over
4,talk,81,2,Skip
4,talk,82,12,Skip
4,talk,83,10,Over
4,talk,84,1,Over
4,talk,85,6,Over
4,talk,86,7,Over
4,talk,87,11,Over
4,talk,88,14,Over
4,talk,89,15,Over
4,whisper,29,6,Over
4,whisper,30,15,Over
4,whisper,31,1,Over
4,vote,1,14
4,vote,2,14
4,vote,6,2
4,vote,7,2
4,vote,10,14
4,vote,11,1
4,vote,12,15
4,vote,14,11
4,vote,15,6
4,guard,2,7,VILLAGER
4,attackVote,1,11
4,attackVote,6,11
4,attackVote,15,7
4,execute,14,VILLAGER
4,attack,11,true
5,status,1,WEREWOLF,ALIVE,cash
5,status,2,BODYGUARD,ALIVE,kSugar
5,status,3,VILLAGER,DEAD,haretaro
5,status,4,VILLAGER,DEAD,Kanolab
5,status,5,POSSESSED,DEAD,wasabi
5,status,6,WEREWOLF,ALIVE,TOT
5,status,7,VILLAGER,ALIVE,nakamura
5,status,8,SEER,DEAD,iace10442
5,status,9,VILLAGER,DEAD,tkAI
5,status,10,VILLAGER,ALIVE,NLwolf
5,status,11,MEDIUM,DEAD,carlo
5,status,12,VILLAGER,ALIVE,twn480
5,status,13,VILLAGER,DEAD,KajiGod
5,status,14,VILLAGER,DEAD,howls
5,status,15,WEREWOLF,ALIVE,Udon
5,talk,0,2,VOTE Agent[06]
5,talk,1,12,Skip
5,talk,2,6,VOTE Agent[02]
5,talk,3,15,VOTE Agent[06]
5,talk,4,7,Over
5,talk,5,10,Skip
5,talk,6,1,VOTE Agent[07]
5,whisper,0,15,Over
5,whisper,1,6,ATTACK Agent[02]
5,whisper,2,1,ATTACK Agent[12]
5,whisper,3,1,Over
5,whisper,4,15,Over
5,whisper,5,6,Over
5,talk,7,2,VOTE Agent[15]
5,talk,8,1,Over
5,talk,9,7,Over
5,talk,10,6,VOTE Agent[12]
5,talk,11,12,Skip
5,talk,12,10,Skip
5,talk,13,15,Over
5,whisper,6,1,Over
5,whisper,7,15,ATTACK Agent[02]
5,whisper,8,6,Over
5,whisper,9,1,Over
5,whisper,10,15,Over
5,talk,14,7,Over
5,talk,15,1,Over
5,talk,16,2,ESTIMATE Agent[01] WEREWOLF
5,talk,17,6,Over
5,talk,18,10,Skip
5,talk,19,12,Skip
5,talk,20,15,Over
5,whisper,11,6,Over
5,whisper,12,1,Over
5,whisper,13,15,Over
5,talk,21,10,VOTE Agent[15]
5,talk,22,2,ESTIMATE Agent[03] VILLAGER
5,talk,23,12,Skip
5,talk,24,6,Over
5,talk,25,7,Over
5,talk,26,1,Over
5,talk,27,15,Over
5,whisper,14,15,ATTACK Agent[07]
5,whisper,15,1,Over
5,whisper,16,6,Over
5,whisper,17,15,Over
5,talk,28,2,ESTIMATE Agent[04] WEREWOLF
5,talk,29,12,Skip
5,talk,30,10,Over
5,talk,31,1,Over
5,talk,32,6,Over
5,talk,33,7,Over
5,talk,34,15,Over
5,whisper,18,15,Over
5,whisper,19,6,Over
5,whisper,20,1,Over
5,talk,35,2,ESTIMATE Agent[05] WEREWOLF
5,talk,36,12,Skip
5,talk,37,1,Over
5,talk,38,6,Over
5,talk,39,7,Over
5,talk,40,10,Over
5,talk,41,15,Over
5,whisper,21,6,Over
5,whisper,22,1,Over
5,whisper,23,15,Over
5,talk,42,12,Skip
5,talk,43,2,Skip
5,talk,44,1,Over
5,talk,45,6,Over
5,talk,46,7,Over
5,talk,47,10,Over
5,talk,48,15,Over
5,whisper,24,15,Over
5,whisper,25,6,Over
5,whisper,26,1,Over
5,talk,49,12,Skip
5,talk,50,2,Skip
5,talk,51,1,Over
5,talk,52,6,Over
5,talk,53,7,Over
5,talk,54,10,Over
5,talk,55,15,Over
5,whisper,27,6,Over
5,whisper,28,15,Over
5,whisper,29,1,Over
5,talk,56,12,Skip
5,talk,57,2,Skip
5,talk,58,1,Over
5,talk,59,6,Over
5,talk,60,7,Over
5,talk,61,10,Over
5,talk,62,15,Over
5,whisper,30,15,Over
5,whisper,31,6,Over
5,whisper,32,1,Over
5,talk,63,2,Skip
5,talk,64,12,Skip
5,talk,65,1,Over
5,talk,66,6,Over
5,talk,67,7,Over
5,talk,68,10,Over
5,talk,69,15,Over
5,whisper,33,1,Over
5,whisper,34,15,Over
5,whisper,35,6,Over
5,vote,1,7
5,vote,2,7
5,vote,6,12
5,vote,7,2
5,vote,10,15
5,vote,12,7
5,vote,15,6
5,attackVote,1,12
5,attackVote,6,2
5,attackVote,15,7
5,execute,7,VILLAGER
5,attack,-1,false
6,status,1,WEREWOLF,ALIVE,cash
6,status,2,BODYGUARD,ALIVE,kSugar
6,status,3,VILLAGER,DEAD,haretaro
6,status,4,VILLAGER,DEAD,Kanolab
6,status,5,POSSESSED,DEAD,wasabi
6,status,6,WEREWOLF,ALIVE,TOT
6,status,7,VILLAGER,DEAD,nakamura
6,status,8,SEER,DEAD,iace10442
6,status,9,VILLAGER,DEAD,tkAI
6,status,10,VILLAGER,ALIVE,NLwolf
6,status,11,MEDIUM,DEAD,carlo
6,status,12,VILLAGER,ALIVE,twn480
6,status,13,VILLAGER,DEAD,KajiGod
6,status,14,VILLAGER,DEAD,howls
6,status,15,WEREWOLF,ALIVE,Udon
6,result,3,3,WEREWOLF
