0,status,1,VILLAGER,ALIVE,cash
0,status,2,SEER,ALIVE,kSugar
0,status,3,WEREWOLF,ALIVE,haretaro
0,status,4,WEREWOLF,ALIVE,Kanolab
0,status,5,VILLAGER,ALIVE,wasabi
0,status,6,WEREWOLF,ALIVE,TOT
0,status,7,VILLAGER,ALIVE,nakamura
0,status,8,VILLAGER,ALIVE,iace10442
0,status,9,VILLAGER,ALIVE,tkAI
0,status,10,POSSESSED,ALIVE,NLwolf
0,status,11,VILLAGER,ALIVE,carlo
0,status,12,VILLAGER,ALIVE,twn480
0,status,13,BODYGUARD,ALIVE,KajiGod
0,status,14,VILLAGER,ALIVE,howls
0,status,15,MEDIUM,ALIVE,Udon
0,talk,0,12,Skip
0,talk,1,2,COMINGOUT Agent[02] SEER
0,talk,2,4,VOTE Agent[14]
0,talk,3,14,Over
0,talk,4,11,VOTE Agent[01]
0,talk,5,8,ESTIMATE Agent[01] VILLAGER
0,talk,6,9,VOTE Agent[15]
0,talk,7,10,Skip
0,talk,8,3,VOTE Agent[06]
0,talk,9,7,ESTIMATE Agent[13] WEREWOLF
0,talk,10,15,COMINGOUT Agent[15] MEDIUM
0,talk,11,5,ESTIMATE Agent[10] WEREWOLF
0,talk,12,1,VOTE Agent[03]
0,talk,13,13,VOTE Agent[10]
0,talk,14,6,Over
0,whisper,0,3,Over
0,whisper,1,4,Over
0,whisper,2,6,Over
0,talk,15,9,VOTE Agent[11]
0,talk,16,10,Skip
0,talk,17,11,Over
0,talk,18,13,Over
0,talk,19,4,Over
0,talk,20,1,Over
0,talk,21,12,Skip
0,talk,22,2,ESTIMATE Agent[01] VILLAGER
0,talk,23,5,ESTIMATE Agent[15] MEDIUM
0,talk,24,14,Over
0,talk,25,8,Skip
0,talk,26,15,VOTE Agent[14]
0,talk,27,7,VOTE Agent[13]
0,talk,28,3,Skip
0,talk,29,6,Over
0,whisper,3,6,Over
0,whisper,4,4,Over
0,whisper,5,3,Over
0,talk,30,9,INQUESTED Agent[11] WEREWOLF
0,talk,31,14,Over
0,talk,32,1,Skip
0,talk,33,2,ESTIMATE Agent[03] VILLAGER
0,talk,34,7,Over
0,talk,35,4,Over
0,talk,36,8,Skip
0,talk,37,3,Skip
0,talk,38,5,ESTIMATE Agent[11] WEREWOLF
0,talk,39,15,ESTIMATE Agent[09] WEREWOLF
0,talk,40,13,Over
0,talk,41,12,Skip
0,talk,42,10,Skip
0,talk,43,11,VOTE Agent[09]
0,talk,44,6,Over
0,whisper,6,3,Over
0,whisper,7,4,Over
0,whisper,8,6,Over
0,talk,45,9,INQUESTED Agent[15] WEREWOLF
0,talk,46,13,Over
0,talk,47,12,Skip
0,talk,48,10,Skip
0,talk,49,8,VOTE Agent[12]
0,talk,50,4,Over
0,talk,51,3,Skip
0,talk,52,1,VOTE Agent[11]
0,talk,53,14,Over
0,talk,54,11,Over
0,talk,55,2,ESTIMATE Agent[04] VILLAGER
0,talk,56,7,Over
0,talk,57,5,ESTIMATE Agent[02] SEER
0,talk,58,15,ESTIMATE Agent[10] WEREWOLF
0,talk,59,6,Over
0,whisper,9,4,Over
0,whisper,10,3,Over
0,whisper,11,6,Over
0,talk,60,14,Over
0,talk,61,1,Over
0,talk,62,5,Skip
0,talk,63,2,ESTIMATE Agent[06] VILLAGER
0,talk,64,10,Skip
0,talk,65,3,Skip
0,talk,66,4,Over
0,talk,67,15,ESTIMATE Agent[12] WEREWOLF
0,talk,68,12,Skip
0,talk,69,13,Over
0,talk,70,7,Over
0,talk,71,8,VOTE Agent[10]
0,talk,72,9,VOTE Agent[15]
0,talk,73,11,Over
0,talk,74,6,Over
0,whisper,12,4,Over
0,whisper,13,3,Over
0,whisper,14,6,Over
0,talk,75,1,Over
0,talk,76,14,Over
0,talk,77,3,Skip
0,talk,78,10,Skip
0,talk,79,4,Over
0,talk,80,7,Over
0,talk,81,13,Over
0,talk,82,12,Skip
0,talk,83,9,INQUESTED Agent[15] WEREWOLF
0,talk,84,2,ESTIMATE Agent[07] VILLAGER
0,talk,85,15,VOTE Agent[09]
0,talk,86,8,Over
0,talk,87,5,ESTIMATE Agent[15] MEDIUM
0,talk,88,6,Over
0,talk,89,11,Over
0,whisper,15,4,Over
0,whisper,16,3,Over
0,whisper,17,6,Over
0,talk,90,12,Skip
0,talk,91,14,Over
0,talk,92,4,Over
0,talk,93,15,ESTIMATE Agent[02] SEER
0,talk,94,9,INQUESTED Agent[15] WEREWOLF
0,talk,95,8,VOTE Agent[12]
0,talk,96,5,ESTIMATE Agent[01] WEREWOLF
0,talk,97,10,Skip
0,talk,98,1,VOTE Agent[11]
0,talk,99,13,Over
0,talk,100,3,Skip
0,talk,101,2,ESTIMATE Agent[01] VILLAGER
0,talk,102,7,Over
0,talk,103,6,Over
0,talk,104,11,Over
0,whisper,18,3,Over
0,whisper,19,4,Over
0,whisper,20,6,Over
0,talk,105,1,Over
0,talk,106,12,Skip
0,talk,107,5,ESTIMATE Agent[08] WEREWOLF
0,talk,108,8,VOTE Agent[06]
0,talk,109,15,Over
0,talk,110,13,Over
0,talk,111,14,Over
0,talk,112,4,Over
0,talk,113,9,VOTE Agent[13]
0,talk,114,2,ESTIMATE Agent[05] VILLAGER
0,talk,115,10,Skip
0,talk,116,3,Skip
0,talk,117,6,Over
0,talk,118,7,Over
0,talk,119,11,Over
0,whisper,21,4,Over
0,whisper,22,6,Over
0,whisper,23,3,Over
0,talk,120,2,ESTIMATE Agent[08] VILLAGER
0,talk,121,4,Over
0,talk,122,8,VOTE Agent[15]
0,talk,123,12,Skip
0,talk,124,13,Over
0,talk,125,10,Skip
0,talk,126,14,Over
0,talk,127,3,Skip
0,talk,128,1,Over
0,talk,129,9,INQUESTED Agent[15] WEREWOLF
0,talk,130,5,ESTIMATE Agent[02] SEER
0,talk,131,15,Over
0,talk,132,6,Over
0,talk,133,7,Over
0,talk,134,11,Over
0,whisper,24,3,Over
0,whisper,25,6,Over
0,whisper,26,4,Over
0,talk,135,4,Over
0,talk,136,2,ESTIMATE Agent[09] VILLAGER
0,talk,137,8,VOTE Agent[13]
0,talk,138,14,Over
0,talk,139,12,Skip
0,talk,140,9,VOTE Agent[15]
0,talk,141,13,Over
0,talk,142,5,ESTIMATE Agent[12] WEREWOLF
0,talk,143,1,VOTE Agent[11]
0,talk,144,3,Skip
0,talk,145,10,Skip
0,talk,146,6,Over
0,talk,147,7,Over
0,talk,148,11,Over
0,talk,149,15,Over
0,whisper,27,4,Over
0,whisper,28,3,Over
0,whisper,29,6,Over
0,divine,2,8,HUMAN
1,status,1,VILLAGER,ALIVE,cash
1,status,2,SEER,ALIVE,kSugar
1,status,3,WEREWOLF,ALIVE,haretaro
1,status,4,WEREWOLF,ALIVE,Kanolab
1,status,5,VILLAGER,ALIVE,wasabi
1,status,6,WEREWOLF,ALIVE,TOT
1,status,7,VILLAGER,ALIVE,nakamura
1,status,8,VILLAGER,ALIVE,iace10442
1,status,9,VILLAGER,ALIVE,tkAI
1,status,10,POSSESSED,ALIVE,NLwolf
1,status,11,VILLAGER,ALIVE,carlo
1,status,12,VILLAGER,ALIVE,twn480
1,status,13,BODYGUARD,ALIVE,KajiGod
1,status,14,VILLAGER,ALIVE,howls
1,status,15,MEDIUM,ALIVE,Udon
1,talk,0,1,VOTE Agent[11]
1,talk,1,9,INQUESTED Agent[15] WEREWOLF
1,talk,2,7,ESTIMATE Agent[13] WEREWOLF
1,talk,3,15,VOTE Agent[09]
1,talk,4,8,Skip
1,talk,5,5,ESTIMATE Agent[04] WEREWOLF
1,talk,6,11,VOTE Agent[09]
1,talk,7,2,DIVINED Agent[08] HUMAN
1,talk,8,4,VOTE Agent[07]
1,talk,9,13,VOTE Agent[06]
1,talk,10,3,Skip
1,talk,11,12,Skip
1,talk,12,10,DIVINED Agent[15] HUMAN
1,talk,13,14,Over
1,talk,14,6,VOTE Agent[02]
1,whisper,0,6,ATTACK Agent[02]
1,whisper,1,3,Over
1,whisper,2,4,Over
1,whisper,3,6,Over
1,talk,15,14,Over
1,talk,16,5,ESTIMATE Agent[12] WEREWOLF
1,talk,17,12,Skip
1,talk,18,10,Skip
1,talk,19,8,ESTIMATE Agent[03] VILLAGER
1,talk,20,6,VOTE Agent[15]
1,talk,21,2,VOTE Agent[09]
1,talk,22,4,Over
1,talk,23,7,VOTE Agent[13]
1,talk,24,3,VOTE Agent[09]
1,talk,25,9,VOTE Agent[15]
1,talk,26,15,ESTIMATE Agent[09] WEREWOLF
1,talk,27,11,Over
1,talk,28,13,Over
1,talk,29,1,Skip
1,whisper,4,4,Over
1,whisper,5,6,Over
1,whisper,6,3,Over
1,talk,30,6,Over
1,talk,31,7,Over
1,talk,32,12,Skip
1,talk,33,8,Skip
1,talk,34,1,Skip
1,talk,35,9,VOTE Agent[13]
1,talk,36,13,Over
1,talk,37,3,Skip
1,talk,38,10,Skip
1,talk,39,2,VOTE Agent[09]
1,talk,40,11,Over
1,talk,41,14,Over
1,talk,42,5,ESTIMATE Agent[10] WEREWOLF
1,talk,43,4,Over
1,talk,44,15,ESTIMATE Agent[12] WEREWOLF
1,whisper,7,6,Over
1,whisper,8,4,Over
1,whisper,9,3,Over
1,talk,45,6,Over
1,talk,46,10,Skip
1,talk,47,5,ESTIMATE Agent[02] SEER
1,talk,48,13,Over
1,talk,49,12,Skip
1,talk,50,1,VOTE Agent[09]
1,talk,51,7,Over
1,talk,52,2,VOTE Agent[09]
1,talk,53,11,Over
1,talk,54,15,ESTIMATE Agent[14] WEREWOLF
1,talk,55,14,Over
1,talk,56,9,VOTE Agent[13]
1,talk,57,4,Over
1,talk,58,8,VOTE Agent[07]
1,talk,59,3,Skip
1,whisper,10,6,Over
1,whisper,11,3,Over
1,whisper,12,4,Over
1,talk,60,4,Over
1,talk,61,7,Over
1,talk,62,10,Skip
1,talk,63,1,Over
1,talk,64,2,VOTE Agent[09]
1,talk,65,14,Over
1,talk,66,11,Over
1,talk,67,9,VOTE Agent[15]
1,talk,68,13,Over
1,talk,69,15,Over
1,talk,70,3,Skip
1,talk,71,8,VOTE Agent[05]
1,talk,72,6,Over
1,talk,73,12,Skip
1,talk,74,5,ESTIMATE Agent[08] VILLAGER
1,whisper,13,6,Over
1,whisper,14,3,Over
1,whisper,15,4,Over
1,talk,75,8,VOTE Agent[07]
1,talk,76,7,Over
1,talk,77,6,Over
1,talk,78,2,VOTE Agent[09]
1,talk,79,4,Over
1,talk,80,5,ESTIMATE Agent[03] WEREWOLF
1,talk,81,14,Over
1,talk,82,1,Over
1,talk,83,3,Skip
1,talk,84,10,Skip
1,talk,85,15,Over
1,talk,86,12,Skip
1,talk,87,13,Over
1,talk,88,11,Over
1,talk,89,9,VOTE Agent[13]
1,whisper,16,6,Over
1,whisper,17,4,Over
1,whisper,18,3,Over
1,talk,90,7,Over
1,talk,91,11,Over
1,talk,92,3,Skip
1,talk,93,6,Over
1,talk,94,10,Skip
1,talk,95,2,VOTE Agent[09]
1,talk,96,1,Over
1,talk,97,4,Over
1,talk,98,15,Over
1,talk,99,12,Skip
1,talk,100,13,Over
1,talk,101,9,VOTE Agent[11]
1,talk,102,14,Over
1,talk,103,5,ESTIMATE Agent[12] WEREWOLF
1,talk,104,8,VOTE Agent[15]
1,whisper,19,3,Over
1,whisper,20,6,Over
1,whisper,21,4,Over
1,talk,105,14,Over
1,talk,106,3,Skip
1,talk,107,8,VOTE Agent[06]
1,talk,108,11,Over
1,talk,109,15,Over
1,talk,110,10,Skip
1,talk,111,7,Over
1,talk,112,12,Skip
1,talk,113,4,Over
1,talk,114,9,VOTE Agent[11]
1,talk,115,1,Over
1,talk,116,6,Over
1,talk,117,5,Skip
1,talk,118,13,Over
1,talk,119,2,VOTE Agent[09]
1,whisper,22,6,Over
1,whisper,23,4,Over
1,whisper,24,3,Over
1,talk,120,6,Over
1,talk,121,3,Skip
1,talk,122,2,VOTE Agent[09]
1,talk,123,10,Skip
1,talk,124,9,INQUESTED Agent[11] WEREWOLF
1,talk,125,12,Skip
1,talk,126,7,Over
1,talk,127,4,Over
1,talk,128,14,Over
1,talk,129,1,VOTE Agent[09]
1,talk,130,8,Over
1,talk,131,5,ESTIMATE Agent[07] WEREWOLF
1,talk,132,11,Over
1,talk,133,15,Over
1,talk,134,13,Over
1,whisper,25,3,Over
1,whisper,26,6,Over
1,whisper,27,4,Over
1,talk,135,7,Over
1,talk,136,12,Skip
1,talk,137,1,Over
1,talk,138,4,Over
1,talk,139,10,Skip
1,talk,140,6,Over
1,talk,141,5,ESTIMATE Agent[01] WEREWOLF
1,talk,142,14,Over
1,talk,143,9,INQUESTED Agent[15] WEREWOLF
1,talk,144,8,VOTE Agent[15]
1,talk,145,3,Skip
1,talk,146,2,VOTE Agent[09]
1,talk,147,11,Over
1,talk,148,13,Over
1,talk,149,15,Over
1,whisper,28,6,Over
1,whisper,29,4,Over
1,whisper,30,3,Over
1,vote,1,9
1,vote,2,9
1,vote,3,9
1,vote,4,7
1,vote,5,4
1,vote,6,15
1,vote,7,13
1,vote,8,15
1,vote,9,2
1,vote,10,14
1,vote,11,9
1,vote,12,5
1,vote,13,6
1,vote,14,15
1,vote,15,9
1,divine,2,3,WEREWOLF
1,guard,13,2,SEER
1,attackVote,3,2
1,attackVote,4,13
1,attackVote,6,2
1,execute,9,VILLAGER
1,attack,2,false
2,status,1,VILLAGER,ALIVE,cash
2,status,2,SEER,ALIVE,kSugar
2,status,3,WEREWOLF,ALIVE,haretaro
2,status,4,WEREWOLF,ALIVE,Kanolab
2,status,5,VILLAGER,ALIVE,wasabi
2,status,6,WEREWOLF,ALIVE,TOT
2,status,7,VILLAGER,ALIVE,nakamura
2,status,8,VILLAGER,ALIVE,iace10442
2,status,9,VILLAGER,DEAD,tkAI
2,status,10,POSSESSED,ALIVE,NLwolf
2,status,11,VILLAGER,ALIVE,carlo
2,status,12,VILLAGER,ALIVE,twn480
2,status,13,BODYGUARD,ALIVE,KajiGod
2,status,14,VILLAGER,ALIVE,howls
2,status,15,MEDIUM,ALIVE,Udon
2,talk,0,6,VOTE Agent[15]
2,talk,1,5,ESTIMATE Agent[15] MEDIUM
2,talk,2,12,Skip
2,talk,3,15,INQUESTED Agent[09] HUMAN
2,talk,4,8,Skip
2,talk,5,11,VOTE Agent[09]
2,talk,6,10,DIVINED Agent[12] HUMAN
2,talk,7,2,DIVINED Agent[03] WEREWOLF
2,talk,8,4,VOTE Agent[05]
2,talk,9,7,ESTIMATE Agent[13] WEREWOLF
2,talk,10,3,VOTE Agent[06]
2,talk,11,13,VOTE Agent[03]
2,talk,12,14,Over
2,talk,13,1,Skip
2,whisper,0,3,Over
2,whisper,1,4,Over
2,whisper,2,6,ATTACK Agent[02]
2,whisper,3,6,Over
2,whisper,4,4,Over
2,whisper,5,3,Over
2,talk,14,12,Skip
2,talk,15,10,Skip
2,talk,16,3,Skip
2,talk,17,8,Skip
2,talk,18,4,Over
2,talk,19,6,Over
2,talk,20,7,VOTE Agent[13]
2,talk,21,15,VOTE Agent[03]
2,talk,22,11,Over
2,talk,23,14,Over
2,talk,24,5,ESTIMATE Agent[03] WEREWOLF
2,talk,25,13,Over
2,talk,26,2,VOTE Agent[12]
2,talk,27,1,VOTE Agent[02]
2,whisper,6,6,Over
2,whisper,7,4,Over
2,whisper,8,3,Over
2,talk,28,8,Skip
2,talk,29,14,Over
2,talk,30,15,ESTIMATE Agent[03] WEREWOLF
2,talk,31,11,Over
2,talk,32,6,Over
2,talk,33,10,Skip
2,talk,34,12,Skip
2,talk,35,13,Over
2,talk,36,2,ESTIMATE Agent[02] WEREWOLF
2,talk,37,4,Over
2,talk,38,3,Skip
2,talk,39,5,ESTIMATE Agent[03] WEREWOLF
2,talk,40,1,Over
2,talk,41,7,Over
2,whisper,9,4,Over
2,whisper,10,6,Over
2,whisper,11,3,Over
2,talk,42,4,Over
2,talk,43,12,Skip
2,talk,44,5,ESTIMATE Agent[03] WEREWOLF
2,talk,45,2,ESTIMATE Agent[10] WEREWOLF
2,talk,46,3,Skip
2,talk,47,14,Over
2,talk,48,11,Over
2,talk,49,13,Over
2,talk,50,8,VOTE Agent[12]
2,talk,51,15,ESTIMATE Agent[10] WEREWOLF
2,talk,52,6,Over
2,talk,53,10,Skip
2,talk,54,1,Over
2,talk,55,7,Over
2,whisper,12,4,Over
2,whisper,13,6,Over
2,whisper,14,3,Over
2,talk,56,10,Skip
2,talk,57,4,Over
2,talk,58,13,Over
2,talk,59,14,Over
2,talk,60,5,ESTIMATE Agent[03] WEREWOLF
2,talk,61,6,Over
2,talk,62,2,VOTE Agent[03]
2,talk,63,12,Skip
2,talk,64,11,Over
2,talk,65,15,ESTIMATE Agent[12] WEREWOLF
2,talk,66,8,VOTE Agent[13]
2,talk,67,3,Skip
2,talk,68,1,Over
2,talk,69,7,Over
2,whisper,15,4,Over
2,whisper,16,3,Over
2,whisper,17,6,Over
2,talk,70,15,Over
2,talk,71,5,ESTIMATE Agent[03] WEREWOLF
2,talk,72,4,Over
2,talk,73,8,VOTE Agent[03]
2,talk,74,10,Skip
2,talk,75,13,Over
2,talk,76,12,Skip
2,talk,77,2,ESTIMATE Agent[10] WEREWOLF
2,talk,78,3,Skip
2,talk,79,6,Over
2,talk,80,14,Over
2,talk,81,11,Over
2,talk,82,1,Over
2,talk,83,7,Over
2,whisper,18,4,Over
2,whisper,19,6,Over
2,whisper,20,3,Over
2,talk,84,15,Over
2,talk,85,13,Over
2,talk,86,12,Skip
2,talk,87,3,Skip
2,talk,88,4,Over
2,talk,89,2,VOTE Agent[03]
2,talk,90,8,VOTE Agent[14]
2,talk,91,5,ESTIMATE Agent[03] WEREWOLF
2,talk,92,10,Skip
2,talk,93,1,Over
2,talk,94,6,Over
2,talk,95,7,Over
2,talk,96,11,Over
2,talk,97,14,Over
2,whisper,21,3,Over
2,whisper,22,4,Over
2,whisper,23,6,Over
2,talk,98,10,Skip
2,talk,99,13,Over
2,talk,100,3,Skip
2,talk,101,8,VOTE Agent[11]
2,talk,102,15,Over
2,talk,103,12,Skip
2,talk,104,5,ESTIMATE Agent[08] VILLAGER
2,talk,105,4,Over
2,talk,106,2,VOTE Agent[03]
2,talk,107,1,Over
2,talk,108,6,Over
2,talk,109,7,Over
2,talk,110,11,Over
2,talk,111,14,Over
2,whisper,24,6,Over
2,whisper,25,3,Over
2,whisper,26,4,Over
2,talk,112,13,Over
2,talk,113,15,Over
2,talk,114,12,Skip
2,talk,115,10,Skip
2,talk,116,5,ESTIMATE Agent[03] WEREWOLF
2,talk,117,2,VOTE Agent[03]
2,talk,118,8,VOTE Agent[14]
2,talk,119,4,Over
2,talk,120,3,Skip
2,talk,121,1,Over
2,talk,122,6,Over
2,talk,123,7,Over
2,talk,124,11,Over
2,talk,125,14,Over
2,whisper,27,4,Over
2,whisper,28,6,Over
2,whisper,29,3,Over
2,talk,126,10,Skip
2,talk,127,2,VOTE Agent[03]
2,talk,128,13,Over
2,talk,129,4,Over
2,talk,130,8,VOTE Agent[12]
2,talk,131,15,Over
2,talk,132,5,ESTIMATE Agent[03] WEREWOLF
2,talk,133,3,Skip
2,talk,134,12,Skip
2,talk,135,1,Over
2,talk,136,6,Over
2,talk,137,7,Over
2,talk,138,11,Over
2,talk,139,14,Over
2,whisper,30,4,Over
2,whisper,31,6,Over
2,whisper,32,3,Over
2,vote,1,2
2,vote,2,3
2,vote,3,14
2,vote,4,5
2,vote,5,3
2,vote,6,15
2,vote,7,13
2,vote,8,12
2,vote,10,15
2,vote,11,4
2,vote,12,1
2,vote,13,3
2,vote,14,15
2,vote,15,3
2,divine,2,13,HUMAN
2,guard,13,2,SEER
2,attackVote,3,2
2,attackVote,4,15
2,attackVote,6,2
2,execute,3,WEREWOLF
2,attack,15,true
3,status,1,VILLAGER,ALIVE,cash
3,status,2,SEER,ALIVE,kSugar
3,status,3,WEREWOLF,DEAD,haretaro
3,status,4,WEREWOLF,ALIVE,Kanolab
3,status,5,VILLAGER,ALIVE,wasabi
3,status,6,WEREWOLF,ALIVE,TOT
3,status,7,VILLAGER,ALIVE,nakamura
3,status,8,VILLAGER,ALIVE,iace10442
3,status,9,VILLAGER,DEAD,tkAI
3,status,10,POSSESSED,ALIVE,NLwolf
3,status,11,VILLAGER,ALIVE,carlo
3,status,12,VILLAGER,ALIVE,twn480
3,status,13,BODYGUARD,ALIVE,KajiGod
3,status,14,VILLAGER,ALIVE,howls
3,status,15,MEDIUM,DEAD,Udon
3,talk,0,2,DIVINED Agent[13] HUMAN
3,talk,1,10,DIVINED Agent[06] HUMAN
3,talk,2,12,Skip
3,talk,3,7,ESTIMATE Agent[13] WEREWOLF
3,talk,4,4,VOTE Agent[01]
3,talk,5,14,Over
3,talk,6,13,VOTE Agent[14]
3,talk,7,6,VOTE Agent[10]
3,talk,8,8,ESTIMATE Agent[07] WEREWOLF
3,talk,9,1,VOTE Agent[02]
3,talk,10,11,ESTIMATE Agent[15] MEDIUM
3,talk,11,5,ESTIMATE Agent[06] WEREWOLF
3,whisper,0,6,ATTACK Agent[02]
3,whisper,1,4,Over
3,whisper,2,6,Over
3,talk,12,10,Skip
3,talk,13,7,VOTE Agent[13]
3,talk,14,13,Over
3,talk,15,6,Over
3,talk,16,11,VOTE Agent[09]
3,talk,17,12,Skip
3,talk,18,1,Over
3,talk,19,4,Over
3,talk,20,5,ESTIMATE Agent[13] VILLAGER
3,talk,21,2,VOTE Agent[06]
3,talk,22,14,Over
3,talk,23,8,Skip
3,whisper,3,6,Over
3,whisper,4,4,Over
3,talk,24,1,Over
3,talk,25,2,ESTIMATE Agent[04] WEREWOLF
3,talk,26,8,ESTIMATE Agent[01] VILLAGER
3,talk,27,5,ESTIMATE Agent[08] VILLAGER
3,talk,28,4,Over
3,talk,29,7,Over
3,talk,30,14,Over
3,talk,31,10,Skip
3,talk,32,12,Skip
3,talk,33,11,Over
3,talk,34,6,Over
3,talk,35,13,Over
3,whisper,5,6,Over
3,whisper,6,4,Over
3,talk,36,5,ESTIMATE Agent[08] VILLAGER
3,talk,37,8,VOTE Agent[01]
3,talk,38,7,Over
3,talk,39,12,Skip
3,talk,40,4,Over
3,talk,41,1,Over
3,talk,42,14,Over
3,talk,43,2,ESTIMATE Agent[05] WEREWOLF
3,talk,44,10,Skip
3,talk,45,6,Over
3,talk,46,11,Over
3,talk,47,13,Over
3,whisper,7,6,Over
3,whisper,8,4,Over
3,talk,48,2,ESTIMATE Agent[07] WEREWOLF
3,talk,49,5,ESTIMATE Agent[14] WEREWOLF
3,talk,50,10,Skip
3,talk,51,4,Over
3,talk,52,1,Over
3,talk,53,14,Over
3,talk,54,7,Over
3,talk,55,8,Over
3,talk,56,12,Skip
3,talk,57,6,Over
3,talk,58,11,Over
3,talk,59,13,Over
3,whisper,9,6,Over
3,whisper,10,4,Over
3,talk,60,1,Over
3,talk,61,8,VOTE Agent[02]
3,talk,62,4,Over
3,talk,63,14,Over
3,talk,64,2,ESTIMATE Agent[09] WEREWOLF
3,talk,65,5,ESTIMATE Agent[13] VILLAGER
3,talk,66,7,Over
3,talk,67,12,Skip
3,talk,68,10,Skip
3,talk,69,6,Over
3,talk,70,11,Over
3,talk,71,13,Over
3,whisper,11,6,Over
3,whisper,12,4,Over
3,talk,72,7,Over
3,talk,73,10,Skip
3,talk,74,8,VOTE Agent[07]
3,talk,75,1,Over
3,talk,76,14,Over
3,talk,77,12,Skip
3,talk,78,5,ESTIMATE Agent[01] WEREWOLF
3,talk,79,2,VOTE Agent[14]
3,talk,80,4,Over
3,talk,81,6,Over
3,talk,82,11,Over
3,talk,83,13,Over
3,whisper,13,4,Over
3,whisper,14,6,Over
3,talk,84,12,Skip
3,talk,85,2,VOTE Agent[14]
3,talk,86,7,Over
3,talk,87,10,Skip
3,talk,88,5,ESTIMATE Agent[08] VILLAGER
3,talk,89,1,Over
3,talk,90,14,Over
3,talk,91,8,VOTE Agent[11]
3,talk,92,4,Over
3,talk,93,6,Over
3,talk,94,11,Over
3,talk,95,13,Over
3,whisper,15,6,Over
3,whisper,16,4,Over
3,talk,96,10,Skip
3,talk,97,7,Over
3,talk,98,12,Skip
3,talk,99,8,VOTE Agent[05]
3,talk,100,1,Over
3,talk,101,5,ESTIMATE Agent[01] WEREWOLF
3,talk,102,2,VOTE Agent[14]
3,talk,103,14,Over
3,talk,104,4,Over
3,talk,105,6,Over
3,talk,106,11,Over
3,talk,107,13,Over
3,whisper,17,4,Over
3,whisper,18,6,Over
3,talk,108,1,Over
3,talk,109,5,ESTIMATE Agent[07] WEREWOLF
3,talk,110,12,Skip
3,talk,111,10,Skip
3,talk,112,7,Over
3,talk,113,2,VOTE Agent[14]
3,talk,114,8,Over
3,talk,115,4,Over
3,talk,116,6,Over
3,talk,117,11,Over
3,talk,118,13,Over
3,talk,119,14,Over
3,whisper,19,6,Over
3,whisper,20,4,Over
3,vote,1,2
3,vote,2,14
3,vote,4,1
3,vote,5,11
3,vote,6,10
3,vote,7,13
3,vote,8,5
3,vote,10,11
3,vote,11,7
3,vote,12,13
3,vote,13,14
3,vote,14,11
3,divine,2,4,WEREWOLF
3,guard,13,2,SEER
3,attackVote,4,8
3,attackVote,6,2
3,execute,11,VILLAGER
3,attack,8,true
4,status,1,VILLAGER,ALIVE,cash
4,status,2,SEER,ALIVE,kSugar
4,status,3,WEREWOLF,DEAD,haretaro
4,status,4,WEREWOLF,ALIVE,Kanolab
4,status,5,VILLAGER,ALIVE,wasabi
4,status,6,WEREWOLF,ALIVE,TOT
4,status,7,VILLAGER,ALIVE,nakamura
4,status,8,VILLAGER,DEAD,iace10442
4,status,9,VILLAGER,DEAD,tkAI
4,status,10,POSSESSED,ALIVE,NLwolf
4,status,11,VILLAGER,DEAD,carlo
4,status,12,VILLAGER,ALIVE,twn480
4,status,13,BODYGUARD,ALIVE,KajiGod
4,status,14,VILLAGER,ALIVE,howls
4,status,15,MEDIUM,DEAD,Udon
4,talk,0,14,Over
4,talk,1,5,ESTIMATE Agent[02] SEER
4,talk,2,13,VOTE Agent[06]
4,talk,3,12,Skip
4,talk,4,1,VOTE Agent[02]
4,talk,5,2,DIVINED Agent[04] WEREWOLF
4,talk,6,7,ESTIMATE Agent[13] WEREWOLF
4,talk,7,4,VOTE Agent[13]
4,talk,8,6,VOTE Agent[10]
4,talk,9,10,DIVINED Agent[07] HUMAN
4,whisper,0,6,ATTACK Agent[02]
4,whisper,1,4,Over
4,whisper,2,6,Over
4,talk,10,1,VOTE Agent[02]
4,talk,11,13,VOTE Agent[04]
4,talk,12,5,ESTIMATE Agent[10] VILLAGER
4,talk,13,14,Over
4,talk,14,2,VOTE Agent[12]
4,talk,15,7,VOTE Agent[13]
4,talk,16,12,Skip
4,talk,17,10,Skip
4,talk,18,4,Over
4,talk,19,6,Over
4,whisper,3,6,Over
4,whisper,4,4,Over
4,talk,20,10,Skip
4,talk,21,5,ESTIMATE Agent[02] SEER
4,talk,22,12,Skip
4,talk,23,13,Over
4,talk,24,1,Over
4,talk,25,2,ESTIMATE Agent[01] WEREWOLF
4,talk,26,7,Over
4,talk,27,14,Over
4,talk,28,4,Over
4,talk,29,6,Over
4,whisper,5,4,Over
4,whisper,6,6,Over
4,talk,30,13,Over
4,talk,31,2,ESTIMATE Agent[07] WEREWOLF
4,talk,32,12,Skip
4,talk,33,1,Over
4,talk,34,10,Skip
4,talk,35,5,ESTIMATE Agent[02] SEER
4,talk,36,4,Over
4,talk,37,6,Over
4,talk,38,7,Over
4,talk,39,14,Over
4,whisper,7,6,Over
4,whisper,8,4,Over
4,talk,40,5,ESTIMATE Agent[14] VILLAGER
4,talk,41,12,Skip
4,talk,42,2,ESTIMATE Agent[11] WEREWOLF
4,talk,43,1,Over
4,talk,44,10,Skip
4,talk,45,13,Over
4,talk,46,4,Over
4,talk,47,6,Over
4,talk,48,7,Over
4,talk,49,14,Over
4,whisper,9,6,Over
4,whisper,10,4,Over
4,talk,50,12,Skip
4,talk,51,2,ESTIMATE Agent[02] WEREWOLF
4,talk,52,1,Over
4,talk,53,10,Skip
4,talk,54,5,ESTIMATE Agent[04] WEREWOLF
4,talk,55,4,Over
4,talk,56,6,Over
4,talk,57,7,Over
4,talk,58,13,Over
4,talk,59,14,Over
4,whisper,11,6,Over
4,whisper,12,4,Over
4,talk,60,5,ESTIMATE Agent[04] WEREWOLF
4,talk,61,10,Skip
4,talk,62,1,Over
4,talk,63,2,VOTE Agent[12]
4,talk,64,12,Skip
4,talk,65,4,Over
4,talk,66,6,Over
4,talk,67,7,Over
4,talk,68,13,Over
4,talk,69,14,Over
4,whisper,13,4,Over
4,whisper,14,6,Over
4,talk,70,2,VOTE Agent[12]
4,talk,71,12,Skip
4,talk,72,1,Over
4,talk,73,5,ESTIMATE Agent[04] WEREWOLF
4,talk,74,10,Skip
4,talk,75,4,Over
4,talk,76,6,Over
4,talk,77,7,Over
4,talk,78,13,Over
4,talk,79,14,Over
4,whisper,15,4,Over
4,whisper,16,6,Over
4,talk,80,10,Skip
4,talk,81,12,Skip
4,talk,82,2,VOTE Agent[12]
4,talk,83,1,Over
4,talk,84,5,ESTIMATE Agent[13] VILLAGER
4,talk,85,4,Over
4,talk,86,6,Over
4,talk,87,7,Over
4,talk,88,13,Over
4,talk,89,14,Over
4,whisper,17,4,Over
4,whisper,18,6,Over
4,talk,90,5,ESTIMATE Agent[04] WEREWOLF
4,talk,91,2,VOTE Agent[12]
4,talk,92,1,Over
4,talk,93,10,Skip
4,talk,94,12,Skip
4,talk,95,4,Over
4,talk,96,6,Over
4,talk,97,7,Over
4,talk,98,13,Over
4,talk,99,14,Over
4,whisper,19,6,Over
4,whisper,20,4,Over
4,vote,1,2
4,vote,2,12
4,vote,4,13
4,vote,5,4
4,vote,6,10
4,vote,7,13
4,vote,10,14
4,vote,12,13
4,vote,13,4
4,vote,14,2
4,divine,2,1,HUMAN
4,guard,13,2,SEER
4,attackVote,4,1
4,attackVote,6,2
4,execute,13,BODYGUARD
4,attack,2,true
5,status,1,VILLAGER,ALIVE,cash
5,status,2,SEER,DEAD,kSugar
5,status,3,WEREWOLF,DEAD,haretaro
5,status,4,WEREWOLF,ALIVE,Kanolab
5,status,5,VILLAGER,ALIVE,wasabi
5,status,6,WEREWOLF,ALIVE,TOT
5,status,7,VILLAGER,ALIVE,nakamura
5,status,8,VILLAGER,DEAD,iace10442
5,status,9,VILLAGER,DEAD,tkAI
5,status,10,POSSESSED,ALIVE,NLwolf
5,status,11,VILLAGER,DEAD,carlo
5,status,12,VILLAGER,ALIVE,twn480
5,status,13,BODYGUARD,DEAD,KajiGod
5,status,14,VILLAGER,ALIVE,howls
5,status,15,MEDIUM,DEAD,Udon
5,talk,0,6,VOTE Agent[10]
5,talk,1,1,VOTE Agent[04]
5,talk,2,14,Over
5,talk,3,4,VOTE Agent[07]
5,talk,4,5,ESTIMATE Agent[06] VILLAGER
5,talk,5,12,Skip
5,talk,6,10,DIVINED Agent[01] HUMAN
5,talk,7,7,ESTIMATE Agent[05] WEREWOLF
5,whisper,0,6,ATTACK Agent[07]
5,whisper,1,4,Over
5,whisper,2,6,Over
5,talk,8,14,Over
5,talk,9,10,Skip
5,talk,10,12,Skip
5,talk,11,7,VOTE Agent[05]
5,talk,12,1,VOTE Agent[04]
5,talk,13,5,ESTIMATE Agent[10] VILLAGER
5,talk,14,6,Over
5,talk,15,4,Over
5,whisper,3,6,Over
5,whisper,4,4,Over
5,talk,16,12,Skip
5,talk,17,7,Over
5,talk,18,5,ESTIMATE Agent[04] WEREWOLF
5,talk,19,10,Skip
5,talk,20,14,Over
5,talk,21,1,Over
5,talk,22,4,Over
5,talk,23,6,Over
5,whisper,5,4,Over
5,whisper,6,6,Over
5,talk,24,5,ESTIMATE Agent[04] WEREWOLF
5,talk,25,12,Skip
5,talk,26,10,Skip
5,talk,27,7,Over
5,talk,28,1,Over
5,talk,29,4,Over
5,talk,30,6,Over
5,talk,31,14,Over
5,whisper,7,4,Over
5,whisper,8,6,Over
5,talk,32,10,Skip
5,talk,33,12,Skip
5,talk,34,5,ESTIMATE Agent[04] WEREWOLF
5,talk,35,1,Over
5,talk,36,4,Over
5,talk,37,6,Over
5,talk,38,7,Over
5,talk,39,14,Over
5,whisper,9,6,Over
5,whisper,10,4,Over
5,talk,40,5,ESTIMATE Agent[04] WEREWOLF
5,talk,41,10,Skip
5,talk,42,12,Skip
5,talk,43,1,Over
5,talk,44,4,Over
5,talk,45,6,Over
5,talk,46,7,Over
5,talk,47,14,Over
5,whisper,11,6,Over
5,whisper,12,4,Over
5,talk,48,10,Skip
5,talk,49,12,Skip
5,talk,50,5,ESTIMATE Agent[04] WEREWOLF
5,talk,51,1,Over
5,talk,52,4,Over
5,talk,53,6,Over
5,talk,54,7,Over
5,talk,55,14,Over
5,whisper,13,4,Over
5,whisper,14,6,Over
5,talk,56,12,Skip
5,talk,57,10,Skip
5,talk,58,5,ESTIMATE Agent[12] VILLAGER
5,talk,59,1,Over
5,talk,60,4,Over
5,talk,61,6,Over
5,talk,62,7,Over
5,talk,63,14,Over
5,whisper,15,6,Over
5,whisper,16,4,Over
5,talk,64,10,Skip
5,talk,65,12,Skip
5,talk,66,5,ESTIMATE Agent[04] WEREWOLF
5,talk,67,1,Over
5,talk,68,4,Over
5,talk,69,6,Over
5,talk,70,7,Over
5,talk,71,14,Over
5,whisper,17,6,Over
5,whisper,18,4,Over
5,talk,72,5,ESTIMATE Agent[04] WEREWOLF
5,talk,73,10,Skip
5,talk,74,12,Skip
5,talk,75,1,Over
5,talk,76,4,Over
5,talk,77,6,Over
5,talk,78,7,Over
5,talk,79,14,Over
5,whisper,19,4,Over
5,whisper,20,6,Over
5,vote,1,4
5,vote,4,7
5,vote,5,4
5,vote,6,10
5,vote,7,5
5,vote,10,12
5,vote,12,5
5,vote,14,7
5,attackVote,4,5
5,attackVote,6,7
5,execute,4,WEREWOLF
5,attack,7,true
6,status,1,VILLAGER,ALIVE,cash
6,status,2,SEER,DEAD,kSugar
6,status,3,WEREWOLF,DEAD,haretaro
6,status,4,WEREWOLF,DEAD,Kanolab
6,status,5,VILLAGER,ALIVE,wasabi
6,status,6,WEREWOLF,ALIVE,TOT
6,status,7,VILLAGER,DEAD,nakamura
6,status,8,VILLAGER,DEAD,iace10442
6,status,9,VILLAGER,DEAD,tkAI
6,status,10,POSSESSED,ALIVE,NLwolf
6,status,11,VILLAGER,DEAD,carlo
6,status,12,VILLAGER,ALIVE,twn480
6,status,13,BODYGUARD,DEAD,KajiGod
6,status,14,VILLAGER,ALIVE,howls
6,status,15,MEDIUM,DEAD,Udon
6,talk,0,14,Over
6,talk,1,10,DIVINED Agent[12] HUMAN
6,talk,2,12,Skip
6,talk,3,5,ESTIMATE Agent[10] WEREWOLF
6,talk,4,1,VOTE Agent[10]
6,talk,5,6,VOTE Agent[10]
6,whisper,0,6,ATTACK Agent[10]
6,whisper,1,6,Over
6,talk,6,5,ESTIMATE Agent[10] WEREWOLF
6,talk,7,10,Skip
6,talk,8,14,Over
6,talk,9,1,Over
6,talk,10,6,VOTE Agent[01]
6,talk,11,12,Skip
6,whisper,2,6,Over
6,talk,12,12,Skip
6,talk,13,1,Over
6,talk,14,6,Over
6,talk,15,14,Over
6,talk,16,5,ESTIMATE Agent[01] WEREWOLF
6,talk,17,10,Skip
6,whisper,3,6,Over
6,talk,18,12,Skip
6,talk,19,1,Over
6,talk,20,5,ESTIMATE Agent[14] WEREWOLF
6,talk,21,14,Over
6,talk,22,10,Skip
6,talk,23,6,Over
6,whisper,4,6,Over
6,talk,24,12,Skip
6,talk,25,1,Over
6,talk,26,14,Over
6,talk,27,10,Skip
6,talk,28,5,ESTIMATE Agent[10] VILLAGER
6,talk,29,6,Over
6,whisper,5,6,Over
6,talk,30,14,Over
6,talk,31,1,Over
6,talk,32,10,Skip
6,talk,33,12,Skip
6,talk,34,5,ESTIMATE Agent[14] WEREWOLF
6,talk,35,6,Over
6,whisper,6,6,Over
6,talk,36,12,Skip
6,talk,37,1,Over
6,talk,38,14,Over
6,talk,39,5,Skip
6,talk,40,10,Skip
6,talk,41,6,Over
6,whisper,7,6,Over
6,talk,42,5,ESTIMATE Agent[06] WEREWOLF
6,talk,43,10,Skip
6,talk,44,14,Over
6,talk,45,12,Skip
6,talk,46,1,Over
6,talk,47,6,Over
6,whisper,8,6,Over
6,talk,48,5,ESTIMATE Agent[14] WEREWOLF
6,talk,49,12,Skip
6,talk,50,10,Skip
6,talk,51,14,Over
6,talk,52,1,Over
6,talk,53,6,Over
6,whisper,9,6,Over
6,talk,54,12,Skip
6,talk,55,5,ESTIMATE Agent[10] WEREWOLF
6,talk,56,10,Skip
6,talk,57,1,Over
6,talk,58,6,Over
6,talk,59,14,Over
6,whisper,10,6,Over
6,vote,1,10
6,vote,5,6
6,vote,6,1
6,vote,10,5
6,vote,12,14
6,vote,14,12
6,attackVote,6,10
6,execute,12,VILLAGER
6,attack,10,true
7,status,1,VILLAGER,ALIVE,cash
7,status,2,SEER,DEAD,kSugar
7,status,3,WEREWOLF,DEAD,haretaro
7,status,4,WEREWOLF,DEAD,Kanolab
7,status,5,VILLAGER,ALIVE,wasabi
7,status,6,WEREWOLF,ALIVE,TOT
7,status,7,VILLAGER,DEAD,nakamura
7,status,8,VILLAGER,DEAD,iace10442
7,status,9,VILLAGER,DEAD,tkAI
7,status,10,POSSESSED,DEAD,NLwolf
7,status,11,VILLAGER,DEAD,carlo
7,status,12,VILLAGER,DEAD,twn480
7,status,13,BODYGUARD,DEAD,KajiGod
7,status,14,VILLAGER,ALIVE,howls
7,status,15,MEDIUM,DEAD,Udon
7,talk,0,6,VOTE Agent[01]
7,talk,1,5,ESTIMATE Agent[01] WEREWOLF
7,talk,2,14,Over
7,talk,3,1,VOTE Agent[05]
7,whisper,0,6,ATTACK Agent[01]
7,whisper,1,6,Over
7,talk,4,5,ESTIMATE Agent[06] VILLAGER
7,talk,5,1,Over
7,talk,6,6,VOTE Agent[14]
7,talk,7,14,Over
7,whisper,2,6,Over
7,talk,8,1,Over
7,talk,9,5,ESTIMATE Agent[06] VILLAGER
7,talk,10,6,Over
7,talk,11,14,Over
7,whisper,3,6,Over
7,talk,12,5,ESTIMATE Agent[01] VILLAGER
7,talk,13,1,Over
7,talk,14,6,Over
7,talk,15,14,Over
7,whisper,4,6,Over
7,talk,16,5,ESTIMATE Agent[06] WEREWOLF
7,talk,17,1,Over
7,talk,18,6,Over
7,talk,19,14,Over
7,whisper,5,6,Over
7,talk,20,5,ESTIMATE Agent[14] WEREWOLF
7,talk,21,1,Over
7,talk,22,6,Over
7,talk,23,14,Over
7,whisper,6,6,Over
7,talk,24,5,ESTIMATE Agent[14] WEREWOLF
7,talk,25,1,Over
7,talk,26,6,Over
7,talk,27,14,Over
7,whisper,7,6,Over
7,talk,28,5,ESTIMATE Agent[06] VILLAGER
7,talk,29,1,Over
7,talk,30,6,Over
7,talk,31,14,Over
7,whisper,8,6,Over
7,talk,32,5,ESTIMATE Agent[01] WEREWOLF
7,talk,33,1,Over
7,talk,34,6,Over
7,talk,35,14,Over
7,whisper,9,6,Over
7,talk,36,5,ESTIMATE Agent[14] WEREWOLF
7,talk,37,1,Over
7,talk,38,6,Over
7,talk,39,14,Over
7,whisper,10,6,Over
7,vote,1,5
7,vote,5,6
7,vote,6,14
7,vote,14,6
7,attackVote,6,1
7,execute,6,WEREWOLF
8,status,1,VILLAGER,ALIVE,cash
8,status,2,SEER,DEAD,kSugar
8,status,3,WEREWOLF,DEAD,haretaro
8,status,4,WEREWOLF,DEAD,Kanolab
8,status,5,VILLAGER,ALIVE,wasabi
8,status,6,WEREWOLF,DEAD,TOT
8,status,7,VILLAGER,DEAD,nakamura
8,status,8,VILLAGER,DEAD,iace10442
8,status,9,VILLAGER,DEAD,tkAI
8,status,10,POSSESSED,DEAD,NLwolf
8,status,11,VILLAGER,DEAD,carlo
8,status,12,VILLAGER,DEAD,twn480
8,status,13,BODYGUARD,DEAD,KajiGod
8,status,14,VILLAGER,ALIVE,howls
8,status,15,MEDIUM,DEAD,Udon
8,result,3,0,VILLAGER
