0,status,1,BODYGUARD,ALIVE,cash
0,status,2,WEREWOLF,ALIVE,kSugar
0,status,3,VILLAGER,ALIVE,haretaro
0,status,4,POSSESSED,ALIVE,Kanolab
0,status,5,VILLAGER,ALIVE,wasabi
0,status,6,VILLAGER,ALIVE,TOT
0,status,7,VILLAGER,ALIVE,nakamura
0,status,8,VILLAGER,ALIVE,iace10442
0,status,9,VILLAGER,ALIVE,tkAI
0,status,10,VILLAGER,ALIVE,NLwolf
0,status,11,MEDIUM,ALIVE,carlo
0,status,12,WEREWOLF,ALIVE,twn480
0,status,13,VILLAGER,ALIVE,KajiGod
0,status,14,WEREWOLF,ALIVE,howls
0,status,15,SEER,ALIVE,Udon
0,talk,0,15,COMINGOUT Agent[15] SEER
0,talk,1,4,VOTE Agent[02]
0,talk,2,3,Over
0,talk,3,9,VOTE Agent[13]
0,talk,4,6,Over
0,talk,5,7,ESTIMATE Agent[13] WEREWOLF
0,talk,6,11,VOTE Agent[01]
0,talk,7,12,Over
0,talk,8,1,VOTE Agent[02]
0,talk,9,13,VOTE Agent[08]
0,talk,10,14,Over
0,talk,11,2,ESTIMATE Agent[01] VILLAGER
0,talk,12,5,ESTIMATE Agent[07] WEREWOLF
0,talk,13,8,ESTIMATE Agent[01] VILLAGER
0,talk,14,10,Skip
0,whisper,0,12,COMINGOUT Agent[12] WEREWOLF
0,whisper,1,2,COMINGOUT Agent[02] VILLAGER
0,whisper,2,14,Skip
0,whisper,3,2,Skip
0,whisper,4,14,Skip
0,whisper,5,12,Over
0,whisper,6,14,Skip
0,whisper,7,2,Skip
0,whisper,8,12,Over
0,whisper,9,2,Skip
0,whisper,10,14,Skip
0,whisper,11,12,Over
0,whisper,12,14,Skip
0,whisper,13,2,Skip
0,whisper,14,12,Over
0,whisper,15,14,Skip
0,whisper,16,2,Skip
0,whisper,17,12,Over
0,whisper,18,14,Skip
0,whisper,19,2,Skip
0,whisper,20,12,Over
0,whisper,21,14,Skip
0,whisper,22,2,Skip
0,whisper,23,12,Over
0,whisper,24,2,Skip
0,whisper,25,14,Skip
0,whisper,26,12,Over
0,whisper,27,14,Skip
0,whisper,28,2,Skip
0,whisper,29,12,Over
0,talk,15,6,Over
0,talk,16,12,Over
0,talk,17,7,VOTE Agent[13]
0,talk,18,5,ESTIMATE Agent[13] WEREWOLF
0,talk,19,11,Over
0,talk,20,2,ESTIMATE Agent[01] VILLAGER
0,talk,21,3,Over
0,talk,22,1,Over
0,talk,23,14,Over
0,talk,24,4,Over
0,talk,25,10,Skip
0,talk,26,15,VOTE Agent[08]
0,talk,27,8,Skip
0,talk,28,9,VOTE Agent[15]
0,talk,29,13,Over
0,whisper,30,2,Skip
0,whisper,31,12,Over
0,whisper,32,14,Skip
0,whisper,33,14,Skip
0,whisper,34,12,Over
0,whisper,35,2,Skip
0,whisper,36,2,Skip
0,whisper,37,12,Over
0,whisper,38,14,Skip
0,whisper,39,12,Over
0,whisper,40,14,Skip
0,whisper,41,2,Skip
0,whisper,42,14,Skip
0,whisper,43,12,Over
0,whisper,44,2,Skip
0,whisper,45,2,Skip
0,whisper,46,12,Over
0,whisper,47,14,Skip
0,whisper,48,14,Skip
0,whisper,49,2,Skip
0,whisper,50,12,Over
0,whisper,51,14,Skip
0,whisper,52,2,Skip
0,whisper,53,12,Over
0,whisper,54,2,Skip
0,whisper,55,14,Skip
0,whisper,56,12,Over
0,whisper,57,2,Skip
0,whisper,58,14,Skip
0,whisper,59,12,Over
0,talk,30,3,Over
0,talk,31,10,Skip
0,talk,32,1,Over
0,talk,33,11,Over
0,talk,34,6,Over
0,talk,35,7,Over
0,talk,36,8,Skip
0,talk,37,15,ESTIMATE Agent[07] WEREWOLF
0,talk,38,2,ESTIMATE Agent[03] VILLAGER
0,talk,39,14,Over
0,talk,40,12,Over
0,talk,41,9,INQUESTED Agent[13] WEREWOLF
0,talk,42,5,ESTIMATE Agent[07] WEREWOLF
0,talk,43,4,Over
0,talk,44,13,Over
0,whisper,60,2,Skip
0,whisper,61,14,Skip
0,whisper,62,12,Over
0,whisper,63,14,Skip
0,whisper,64,2,Skip
0,whisper,65,12,Over
0,whisper,66,2,Skip
0,whisper,67,14,Skip
0,whisper,68,12,Over
0,whisper,69,2,Skip
0,whisper,70,14,Skip
0,whisper,71,12,Over
0,whisper,72,14,Skip
0,whisper,73,2,Skip
0,whisper,74,12,Over
0,whisper,75,2,Skip
0,whisper,76,14,Skip
0,whisper,77,12,Over
0,whisper,78,14,Skip
0,whisper,79,2,Skip
0,whisper,80,12,Over
0,whisper,81,2,Skip
0,whisper,82,14,Skip
0,whisper,83,12,Over
0,whisper,84,2,Skip
0,whisper,85,14,Skip
0,whisper,86,12,Over
0,whisper,87,14,Skip
0,whisper,88,2,Skip
0,whisper,89,12,Over
0,talk,45,2,ESTIMATE Agent[04] VILLAGER
0,talk,46,7,Over
0,talk,47,9,INQUESTED Agent[15] WEREWOLF
0,talk,48,5,ESTIMATE Agent[12] WEREWOLF
0,talk,49,12,Over
0,talk,50,10,VOTE Agent[01]
0,talk,51,8,VOTE Agent[06]
0,talk,52,11,VOTE Agent[09]
0,talk,53,3,Over
0,talk,54,15,ESTIMATE Agent[10] WEREWOLF
0,talk,55,14,Over
0,talk,56,1,Skip
0,talk,57,6,Over
0,talk,58,4,Over
0,talk,59,13,Over
0,whisper,90,12,Over
0,whisper,91,14,Skip
0,whisper,92,2,Skip
0,whisper,93,2,Skip
0,whisper,94,12,Over
0,whisper,95,14,Skip
0,whisper,96,2,Skip
0,whisper,97,12,Over
0,whisper,98,14,Skip
0,whisper,99,2,Skip
0,whisper,100,14,Skip
0,whisper,101,12,Over
0,whisper,102,14,Skip
0,whisper,103,2,Skip
0,whisper,104,12,Over
0,whisper,105,14,Skip
0,whisper,106,2,Skip
0,whisper,107,12,Over
0,whisper,108,14,Skip
0,whisper,109,2,Skip
0,whisper,110,12,Over
0,whisper,111,14,Skip
0,whisper,112,2,Skip
0,whisper,113,12,Over
0,whisper,114,14,Skip
0,whisper,115,2,Skip
0,whisper,116,12,Over
0,whisper,117,2,Skip
0,whisper,118,14,Skip
0,whisper,119,12,Over
0,talk,60,2,ESTIMATE Agent[05] VILLAGER
0,talk,61,5,Skip
0,talk,62,12,Over
0,talk,63,7,Over
0,talk,64,11,Over
0,talk,65,8,VOTE Agent[11]
0,talk,66,9,INQUESTED Agent[15] WEREWOLF
0,talk,67,14,Over
0,talk,68,10,Over
0,talk,69,15,ESTIMATE Agent[14] WEREWOLF
0,talk,70,3,Over
0,talk,71,1,VOTE Agent[13]
0,talk,72,4,Over
0,talk,73,6,Over
0,talk,74,13,Over
0,whisper,120,12,Over
0,whisper,121,2,Skip
0,whisper,122,14,Skip
0,whisper,123,2,Skip
0,whisper,124,14,Skip
0,whisper,125,12,Over
0,whisper,126,2,Skip
0,whisper,127,14,Skip
0,whisper,128,12,Over
0,whisper,129,2,Skip
0,whisper,130,14,Skip
0,whisper,131,12,Over
0,whisper,132,14,Skip
0,whisper,133,2,Skip
0,whisper,134,12,Over
0,whisper,135,14,Skip
0,whisper,136,2,Skip
0,whisper,137,12,Over
0,whisper,138,2,Skip
0,whisper,139,14,Skip
0,whisper,140,12,Over
0,whisper,141,2,Skip
0,whisper,142,14,Skip
0,whisper,143,12,Over
0,whisper,144,14,Skip
0,whisper,145,2,Skip
0,whisper,146,12,Over
0,whisper,147,14,Skip
0,whisper,148,2,Skip
0,whisper,149,12,Over
0,talk,75,8,VOTE Agent[12]
0,talk,76,12,Over
0,talk,77,7,Over
0,talk,78,11,Over
0,talk,79,1,Over
0,talk,80,3,Over
0,talk,81,15,ESTIMATE Agent[09] MEDIUM
0,talk,82,9,VOTE Agent[11]
0,talk,83,2,ESTIMATE Agent[06] VILLAGER
0,talk,84,5,ESTIMATE Agent[15] SEER
0,talk,85,10,Over
0,talk,86,14,Over
0,talk,87,4,Over
0,talk,88,6,Over
0,talk,89,13,Over
0,whisper,150,12,Over
0,whisper,151,2,Skip
0,whisper,152,14,Skip
0,whisper,153,14,Skip
0,whisper,154,12,Over
0,whisper,155,2,Skip
0,whisper,156,14,Skip
0,whisper,157,2,Skip
0,whisper,158,12,Over
0,whisper,159,2,Skip
0,whisper,160,14,Skip
0,whisper,161,12,Over
0,whisper,162,14,Skip
0,whisper,163,2,Skip
0,whisper,164,12,Over
0,whisper,165,2,Skip
0,whisper,166,14,Skip
0,whisper,167,12,Over
0,whisper,168,2,Skip
0,whisper,169,14,Skip
0,whisper,170,12,Over
0,whisper,171,14,Skip
0,whisper,172,2,Skip
0,whisper,173,12,Over
0,whisper,174,2,Skip
0,whisper,175,14,Skip
0,whisper,176,12,Over
0,whisper,177,2,Skip
0,whisper,178,14,Skip
0,whisper,179,12,Over
0,talk,90,3,Over
0,talk,91,12,Over
0,talk,92,11,Over
0,talk,93,8,VOTE Agent[11]
0,talk,94,9,INQUESTED Agent[13] WEREWOLF
0,talk,95,5,ESTIMATE Agent[11] WEREWOLF
0,talk,96,7,Over
0,talk,97,15,Over
0,talk,98,1,VOTE Agent[13]
0,talk,99,2,ESTIMATE Agent[07] VILLAGER
0,talk,100,4,Over
0,talk,101,6,Over
0,talk,102,10,Over
0,talk,103,13,Over
0,talk,104,14,Over
0,whisper,180,2,Skip
0,whisper,181,14,Skip
0,whisper,182,12,Over
0,whisper,183,14,Skip
0,whisper,184,2,Skip
0,whisper,185,12,Over
0,whisper,186,2,Skip
0,whisper,187,14,Skip
0,whisper,188,12,Over
0,whisper,189,14,Skip
0,whisper,190,2,Skip
0,whisper,191,12,Over
0,whisper,192,2,Skip
0,whisper,193,14,Skip
0,whisper,194,12,Over
0,whisper,195,14,Skip
0,whisper,196,2,Skip
0,whisper,197,12,Over
0,whisper,198,2,Skip
0,whisper,199,14,Skip
0,whisper,200,12,Over
0,whisper,201,2,Skip
0,whisper,202,14,Skip
0,whisper,203,12,Over
0,whisper,204,14,Skip
0,whisper,205,2,Skip
0,whisper,206,12,Over
0,whisper,207,14,Skip
0,whisper,208,2,Skip
0,whisper,209,12,Over
0,talk,105,11,Over
0,talk,106,9,VOTE Agent[11]
0,talk,107,15,Over
0,talk,108,12,Over
0,talk,109,1,Over
0,talk,110,2,ESTIMATE Agent[08] VILLAGER
0,talk,111,5,ESTIMATE Agent[04] WEREWOLF
0,talk,112,8,VOTE Agent[04]
0,talk,113,3,Over
0,talk,114,7,Over
0,talk,115,4,Over
0,talk,116,6,Over
0,talk,117,10,Over
0,talk,118,13,Over
0,talk,119,14,Over
0,whisper,210,12,Over
0,whisper,211,14,Skip
0,whisper,212,2,Skip
0,whisper,213,2,Skip
0,whisper,214,12,Over
0,whisper,215,14,Skip
0,whisper,216,2,Skip
0,whisper,217,14,Skip
0,whisper,218,12,Over
0,whisper,219,2,Skip
0,whisper,220,14,Skip
0,whisper,221,12,Over
0,whisper,222,2,Skip
0,whisper,223,14,Skip
0,whisper,224,12,Over
0,whisper,225,14,Skip
0,whisper,226,2,Skip
0,whisper,227,12,Over
0,whisper,228,2,Skip
0,whisper,229,14,Skip
0,whisper,230,12,Over
0,whisper,231,2,Skip
0,whisper,232,14,Skip
0,whisper,233,12,Over
0,whisper,234,14,Skip
0,whisper,235,2,Skip
0,whisper,236,12,Over
0,whisper,237,14,Skip
0,whisper,238,2,Skip
0,whisper,239,12,Over
0,talk,120,9,INQUESTED Agent[11] WEREWOLF
0,talk,121,12,Over
0,talk,122,15,Over
0,talk,123,8,Over
0,talk,124,2,ESTIMATE Agent[04] VILLAGER
0,talk,125,11,Over
0,talk,126,1,VOTE Agent[13]
0,talk,127,5,Skip
0,talk,128,3,Over
0,talk,129,4,Over
0,talk,130,6,Over
0,talk,131,7,Over
0,talk,132,10,Over
0,talk,133,13,Over
0,talk,134,14,Over
0,whisper,240,14,Skip
0,whisper,241,2,Skip
0,whisper,242,12,Over
0,whisper,243,2,Skip
0,whisper,244,14,Skip
0,whisper,245,12,Over
0,whisper,246,14,Skip
0,whisper,247,2,Skip
0,whisper,248,12,Over
0,whisper,249,2,Skip
0,whisper,250,14,Skip
0,whisper,251,12,Over
0,whisper,252,14,Skip
0,whisper,253,2,Skip
0,whisper,254,12,Over
0,whisper,255,2,Skip
0,whisper,256,14,Skip
0,whisper,257,12,Over
0,whisper,258,2,Skip
0,whisper,259,14,Skip
0,whisper,260,12,Over
0,whisper,261,14,Skip
0,whisper,262,2,Skip
0,whisper,263,12,Over
0,whisper,264,14,Skip
0,whisper,265,2,Skip
0,whisper,266,12,Over
0,whisper,267,14,Skip
0,whisper,268,2,Skip
0,whisper,269,12,Over
0,talk,135,9,VOTE Agent[13]
0,talk,136,15,Over
0,talk,137,8,VOTE Agent[14]
0,talk,138,5,ESTIMATE Agent[02] WEREWOLF
0,talk,139,2,ESTIMATE Agent[09] VILLAGER
0,talk,140,11,Over
0,talk,141,12,Over
0,talk,142,1,Over
0,talk,143,3,Over
0,talk,144,4,Over
0,talk,145,6,Over
0,talk,146,7,Over
0,talk,147,10,Over
0,talk,148,13,Over
0,talk,149,14,Over
0,whisper,270,14,Skip
0,whisper,271,2,Skip
0,whisper,272,12,Over
0,whisper,273,14,Skip
0,whisper,274,2,Skip
0,whisper,275,12,Over
0,whisper,276,14,Skip
0,whisper,277,2,Skip
0,whisper,278,12,Over
0,whisper,279,2,Skip
0,whisper,280,14,Skip
0,whisper,281,12,Over
0,whisper,282,14,Skip
0,whisper,283,2,Skip
0,whisper,284,12,Over
0,whisper,285,2,Skip
0,whisper,286,14,Skip
0,whisper,287,12,Over
0,whisper,288,2,Skip
0,whisper,289,14,Skip
0,whisper,290,12,Over
0,whisper,291,2,Skip
0,whisper,292,14,Skip
0,whisper,293,12,Over
0,whisper,294,2,Skip
0,whisper,295,14,Skip
0,whisper,296,12,Over
0,whisper,297,2,Skip
0,whisper,298,14,Skip
0,whisper,299,12,Over
0,divine,15,7,HUMAN
1,status,1,BODYGUARD,ALIVE,cash
1,status,2,WEREWOLF,ALIVE,kSugar
1,status,3,VILLAGER,ALIVE,haretaro
1,status,4,POSSESSED,ALIVE,Kanolab
1,status,5,VILLAGER,ALIVE,wasabi
1,status,6,VILLAGER,ALIVE,TOT
1,status,7,VILLAGER,ALIVE,nakamura
1,status,8,VILLAGER,ALIVE,iace10442
1,status,9,VILLAGER,ALIVE,tkAI
1,status,10,VILLAGER,ALIVE,NLwolf
1,status,11,MEDIUM,ALIVE,carlo
1,status,12,WEREWOLF,ALIVE,twn480
1,status,13,VILLAGER,ALIVE,KajiGod
1,status,14,WEREWOLF,ALIVE,howls
1,status,15,SEER,ALIVE,Udon
1,talk,0,14,Over
1,talk,1,13,VOTE Agent[14]
1,talk,2,9,INQUESTED Agent[13] WEREWOLF
1,talk,3,6,VOTE Agent[10]
1,talk,4,8,Skip
1,talk,5,7,ESTIMATE Agent[13] WEREWOLF
1,talk,6,12,Over
1,talk,7,2,VOTE Agent[05]
1,talk,8,5,ESTIMATE Agent[06] WEREWOLF
1,talk,9,11,VOTE Agent[09]
1,talk,10,15,DIVINED Agent[07] HUMAN
1,talk,11,1,Skip
1,talk,12,10,Skip
1,talk,13,4,VOTE Agent[07]
1,talk,14,3,VOTE Agent[12]
1,whisper,0,12,Over
1,whisper,1,14,Skip
1,whisper,2,2,ATTACK Agent[07]
1,whisper,3,12,Over
1,whisper,4,14,Skip
1,whisper,5,2,Skip
1,whisper,6,12,Over
1,whisper,7,14,Skip
1,whisper,8,2,Skip
1,whisper,9,14,Skip
1,whisper,10,12,Over
1,whisper,11,2,Skip
1,whisper,12,14,Skip
1,whisper,13,12,Over
1,whisper,14,2,Skip
1,whisper,15,2,Skip
1,whisper,16,14,Skip
1,whisper,17,12,Over
1,whisper,18,2,Skip
1,whisper,19,14,Skip
1,whisper,20,12,Over
1,whisper,21,2,Skip
1,whisper,22,14,Skip
1,whisper,23,12,Over
1,whisper,24,14,Skip
1,whisper,25,2,ATTACK Agent[07]
1,whisper,26,12,Over
1,whisper,27,14,Skip
1,whisper,28,2,VOTE Agent[05]
1,whisper,29,12,Over
1,talk,15,9,VOTE Agent[04]
1,talk,16,6,Over
1,talk,17,5,ESTIMATE Agent[15] SEER
1,talk,18,3,VOTE Agent[04]
1,talk,19,4,Over
1,talk,20,2,VOTE Agent[05]
1,talk,21,7,VOTE Agent[13]
1,talk,22,12,Over
1,talk,23,11,Over
1,talk,24,14,Over
1,talk,25,8,ESTIMATE Agent[02] VILLAGER
1,talk,26,10,Skip
1,talk,27,15,VOTE Agent[14]
1,talk,28,1,VOTE Agent[13]
1,talk,29,13,Over
1,whisper,30,12,Over
1,whisper,31,2,COMINGOUT Agent[02] SEER
1,whisper,32,14,Skip
1,whisper,33,2,Skip
1,whisper,34,14,Skip
1,whisper,35,12,Over
1,whisper,36,2,Skip
1,whisper,37,14,Skip
1,whisper,38,12,Over
1,whisper,39,14,Skip
1,whisper,40,2,Skip
1,whisper,41,12,Over
1,whisper,42,2,Skip
1,whisper,43,14,Skip
1,whisper,44,12,Over
1,whisper,45,14,Skip
1,whisper,46,2,Skip
1,whisper,47,12,Over
1,whisper,48,14,Skip
1,whisper,49,2,Skip
1,whisper,50,12,Over
1,whisper,51,2,Skip
1,whisper,52,14,Skip
1,whisper,53,12,Over
1,whisper,54,2,ATTACK Agent[07]
1,whisper,55,14,Skip
1,whisper,56,12,Over
1,whisper,57,2,VOTE Agent[05]
1,whisper,58,14,Skip
1,whisper,59,12,Over
1,talk,30,12,Over
1,talk,31,15,ESTIMATE Agent[06] WEREWOLF
1,talk,32,10,Skip
1,talk,33,6,Over
1,talk,34,8,Skip
1,talk,35,11,Over
1,talk,36,5,ESTIMATE Agent[07] VILLAGER
1,talk,37,3,VOTE Agent[13]
1,talk,38,9,INQUESTED Agent[11] WEREWOLF
1,talk,39,4,Over
1,talk,40,2,COMINGOUT Agent[02] SEER
1,talk,41,14,Over
1,talk,42,7,Over
1,talk,43,1,Skip
1,talk,44,13,Over
1,whisper,60,12,Over
1,whisper,61,2,ATTACK Agent[07]
1,whisper,62,14,Skip
1,whisper,63,12,Over
1,whisper,64,2,Skip
1,whisper,65,14,Skip
1,whisper,66,14,Skip
1,whisper,67,2,Skip
1,whisper,68,12,Over
1,whisper,69,2,Skip
1,whisper,70,14,Skip
1,whisper,71,12,Over
1,whisper,72,14,Skip
1,whisper,73,2,Skip
1,whisper,74,12,Over
1,whisper,75,2,Skip
1,whisper,76,14,Skip
1,whisper,77,12,Over
1,whisper,78,14,Skip
1,whisper,79,2,Skip
1,whisper,80,12,Over
1,whisper,81,14,Skip
1,whisper,82,2,Skip
1,whisper,83,12,Over
1,whisper,84,14,Skip
1,whisper,85,2,ATTACK Agent[07]
1,whisper,86,12,Over
1,whisper,87,14,Skip
1,whisper,88,2,VOTE Agent[05]
1,whisper,89,12,Over
1,talk,45,15,ESTIMATE Agent[02] WEREWOLF
1,talk,46,6,Over
1,talk,47,11,Over
1,talk,48,3,Skip
1,talk,49,12,Over
1,talk,50,8,VOTE Agent[03]
1,talk,51,4,Over
1,talk,52,2,VOTE Agent[13]
1,talk,53,7,Over
1,talk,54,10,VOTE Agent[11]
1,talk,55,9,VOTE Agent[04]
1,talk,56,1,VOTE Agent[15]
1,talk,57,14,Over
1,talk,58,5,ESTIMATE Agent[15] WEREWOLF
1,talk,59,13,Over
1,whisper,90,2,ATTACK Agent[07]
1,whisper,91,12,Over
1,whisper,92,14,Skip
1,whisper,93,2,Skip
1,whisper,94,14,Skip
1,whisper,95,12,Over
1,whisper,96,2,Skip
1,whisper,97,14,Skip
1,whisper,98,12,Over
1,whisper,99,2,Skip
1,whisper,100,14,Skip
1,whisper,101,12,Over
1,whisper,102,2,Skip
1,whisper,103,14,Skip
1,whisper,104,12,Over
1,whisper,105,14,Skip
1,whisper,106,2,Skip
1,whisper,107,12,Over
1,whisper,108,2,Skip
1,whisper,109,14,Skip
1,whisper,110,12,Over
1,whisper,111,2,Skip
1,whisper,112,14,Skip
1,whisper,113,12,Over
1,whisper,114,2,ATTACK Agent[07]
1,whisper,115,14,Skip
1,whisper,116,12,Over
1,whisper,117,14,Skip
1,whisper,118,2,VOTE Agent[05]
1,whisper,119,12,Over
1,talk,60,1,Over
1,talk,61,12,Over
1,talk,62,4,Over
1,talk,63,5,ESTIMATE Agent[10] VILLAGER
1,talk,64,6,Over
1,talk,65,8,VOTE Agent[06]
1,talk,66,7,Over
1,talk,67,14,Over
1,talk,68,15,ESTIMATE Agent[10] WEREWOLF
1,talk,69,2,VOTE Agent[13]
1,talk,70,11,Over
1,talk,71,10,Over
1,talk,72,3,Skip
1,talk,73,9,INQUESTED Agent[11] WEREWOLF
1,talk,74,13,Over
1,whisper,120,12,Over
1,whisper,121,14,Skip
1,whisper,122,2,ATTACK Agent[07]
1,whisper,123,2,Skip
1,whisper,124,12,Over
1,whisper,125,14,Skip
1,whisper,126,12,Over
1,whisper,127,14,Skip
1,whisper,128,2,Skip
1,whisper,129,2,Skip
1,whisper,130,14,Skip
1,whisper,131,12,Over
1,whisper,132,14,Skip
1,whisper,133,2,Skip
1,whisper,134,12,Over
1,whisper,135,14,Skip
1,whisper,136,2,Skip
1,whisper,137,12,Over
1,whisper,138,2,Skip
1,whisper,139,14,Skip
1,whisper,140,12,Over
1,whisper,141,2,Skip
1,whisper,142,14,Skip
1,whisper,143,12,Over
1,whisper,144,2,ATTACK Agent[07]
1,whisper,145,14,Skip
1,whisper,146,12,Over
1,whisper,147,14,Skip
1,whisper,148,2,VOTE Agent[05]
1,whisper,149,12,Over
1,talk,75,11,Over
1,talk,76,6,Over
1,talk,77,2,VOTE Agent[13]
1,talk,78,4,Over
1,talk,79,3,Skip
1,talk,80,7,Over
1,talk,81,1,VOTE Agent[15]
1,talk,82,9,VOTE Agent[04]
1,talk,83,8,VOTE Agent[12]
1,talk,84,12,Over
1,talk,85,14,Over
1,talk,86,5,Skip
1,talk,87,10,Over
1,talk,88,15,ESTIMATE Agent[09] MEDIUM
1,talk,89,13,Over
1,whisper,150,14,Skip
1,whisper,151,12,Over
1,whisper,152,2,ATTACK Agent[07]
1,whisper,153,14,Skip
1,whisper,154,2,Skip
1,whisper,155,12,Over
1,whisper,156,2,Skip
1,whisper,157,14,Skip
1,whisper,158,12,Over
1,whisper,159,14,Skip
1,whisper,160,2,Skip
1,whisper,161,12,Over
1,whisper,162,14,Skip
1,whisper,163,2,Skip
1,whisper,164,12,Over
1,whisper,165,14,Skip
1,whisper,166,2,Skip
1,whisper,167,12,Over
1,whisper,168,14,Skip
1,whisper,169,2,Skip
1,whisper,170,12,Over
1,whisper,171,14,Skip
1,whisper,172,2,Skip
1,whisper,173,12,Over
1,whisper,174,2,ATTACK Agent[07]
1,whisper,175,14,Skip
1,whisper,176,12,Over
1,whisper,177,2,VOTE Agent[05]
1,whisper,178,14,Skip
1,whisper,179,12,Over
1,talk,90,8,VOTE Agent[14]
1,talk,91,15,Over
1,talk,92,2,Skip
1,talk,93,5,ESTIMATE Agent[02] WEREWOLF
1,talk,94,11,Over
1,talk,95,14,Over
1,talk,96,9,VOTE Agent[13]
1,talk,97,3,VOTE Agent[14]
1,talk,98,4,Over
1,talk,99,6,Over
1,talk,100,12,Over
1,talk,101,10,Over
1,talk,102,1,Over
1,talk,103,7,Over
1,talk,104,13,Over
1,whisper,180,14,Skip
1,whisper,181,2,ATTACK Agent[07]
1,whisper,182,12,Over
1,whisper,183,14,Skip
1,whisper,184,2,Skip
1,whisper,185,12,Over
1,whisper,186,2,Skip
1,whisper,187,14,Skip
1,whisper,188,12,Over
1,whisper,189,2,Skip
1,whisper,190,14,Skip
1,whisper,191,12,Over
1,whisper,192,14,Skip
1,whisper,193,2,Skip
1,whisper,194,12,Over
1,whisper,195,2,Skip
1,whisper,196,14,Skip
1,whisper,197,12,Over
1,whisper,198,14,Skip
1,whisper,199,2,Skip
1,whisper,200,12,Over
1,whisper,201,14,Skip
1,whisper,202,2,Skip
1,whisper,203,12,Over
1,whisper,204,14,Skip
1,whisper,205,2,ATTACK Agent[07]
1,whisper,206,12,Over
1,whisper,207,2,VOTE Agent[05]
1,whisper,208,14,Skip
1,whisper,209,12,Over
1,talk,105,11,Over
1,talk,106,8,VOTE Agent[11]
1,talk,107,9,VOTE Agent[11]
1,talk,108,2,Skip
1,talk,109,14,Over
1,talk,110,15,Over
1,talk,111,5,ESTIMATE Agent[15] WEREWOLF
1,talk,112,3,VOTE Agent[11]
1,talk,113,1,Over
1,talk,114,4,Over
1,talk,115,6,Over
1,talk,116,7,Over
1,talk,117,10,Over
1,talk,118,12,Over
1,talk,119,13,Over
1,whisper,210,12,Over
1,whisper,211,2,ATTACK Agent[02]
1,whisper,212,14,Skip
1,whisper,213,2,Skip
1,whisper,214,14,Skip
1,whisper,215,12,Over
1,whisper,216,14,Skip
1,whisper,217,2,Skip
1,whisper,218,12,Over
1,whisper,219,2,Skip
1,whisper,220,14,Skip
1,whisper,221,12,Over
1,whisper,222,14,Skip
1,whisper,223,2,Skip
1,whisper,224,12,Over
1,whisper,225,2,Skip
1,whisper,226,14,Skip
1,whisper,227,12,Over
1,whisper,228,2,Skip
1,whisper,229,14,Skip
1,whisper,230,12,Over
1,whisper,231,2,Skip
1,whisper,232,14,Skip
1,whisper,233,12,Over
1,whisper,234,2,ATTACK Agent[02]
1,whisper,235,14,Skip
1,whisper,236,12,Over
1,whisper,237,2,VOTE Agent[05]
1,whisper,238,14,Skip
1,whisper,239,12,Over
1,talk,120,11,Over
1,talk,121,2,Skip
1,talk,122,5,Skip
1,talk,123,3,Skip
1,talk,124,14,Over
1,talk,125,9,INQUESTED Agent[15] WEREWOLF
1,talk,126,8,VOTE Agent[12]
1,talk,127,15,Over
1,talk,128,1,VOTE Agent[15]
1,talk,129,4,Over
1,talk,130,6,Over
1,talk,131,7,Over
1,talk,132,10,Over
1,talk,133,12,Over
1,talk,134,13,Over
1,whisper,240,2,ATTACK Agent[02]
1,whisper,241,14,Skip
1,whisper,242,12,Over
1,whisper,243,2,Skip
1,whisper,244,14,Skip
1,whisper,245,12,Over
1,whisper,246,2,Skip
1,whisper,247,14,Skip
1,whisper,248,12,Over
1,whisper,249,2,Skip
1,whisper,250,14,Skip
1,whisper,251,12,Over
1,whisper,252,2,Skip
1,whisper,253,14,Skip
1,whisper,254,12,Over
1,whisper,255,2,Skip
1,whisper,256,14,Skip
1,whisper,257,12,Over
1,whisper,258,14,Skip
1,whisper,259,2,Skip
1,whisper,260,12,Over
1,whisper,261,2,Skip
1,whisper,262,14,Skip
1,whisper,263,12,Over
1,whisper,264,14,Skip
1,whisper,265,2,ATTACK Agent[02]
1,whisper,266,12,Over
1,whisper,267,14,Skip
1,whisper,268,2,VOTE Agent[05]
1,whisper,269,12,Over
1,talk,135,2,Skip
1,talk,136,11,Over
1,talk,137,5,ESTIMATE Agent[04] VILLAGER
1,talk,138,15,Over
1,talk,139,1,Over
1,talk,140,3,Skip
1,talk,141,14,Over
1,talk,142,8,VOTE Agent[02]
1,talk,143,9,VOTE Agent[15]
1,talk,144,4,Over
1,talk,145,6,Over
1,talk,146,7,Over
1,talk,147,10,Over
1,talk,148,12,Over
1,talk,149,13,Over
1,whisper,270,14,Skip
1,whisper,271,2,ATTACK Agent[02]
1,whisper,272,12,Over
1,whisper,273,14,Skip
1,whisper,274,2,Skip
1,whisper,275,12,Over
1,whisper,276,14,Skip
1,whisper,277,2,Skip
1,whisper,278,12,Over
1,whisper,279,2,Skip
1,whisper,280,14,Skip
1,whisper,281,12,Over
1,whisper,282,14,Skip
1,whisper,283,2,Skip
1,whisper,284,12,Over
1,whisper,285,14,Skip
1,whisper,286,2,Skip
1,whisper,287,12,Over
1,whisper,288,2,Skip
1,whisper,289,14,Skip
1,whisper,290,12,Over
1,whisper,291,14,Skip
1,whisper,292,2,Skip
1,whisper,293,12,Over
1,whisper,294,2,ATTACK Agent[02]
1,whisper,295,14,Skip
1,whisper,296,12,Over
1,whisper,297,2,VOTE Agent[05]
1,whisper,298,14,Skip
1,whisper,299,12,Over
1,vote,1,15
1,vote,2,15
1,vote,3,13
1,vote,4,7
1,vote,5,11
1,vote,6,10
1,vote,7,13
1,vote,8,2
1,vote,9,15
1,vote,10,11
1,vote,11,9
1,vote,12,14
1,vote,13,14
1,vote,14,5
1,vote,15,14
1,divine,15,10,HUMAN
1,guard,1,7,VILLAGER
1,attackVote,12,1
1,execute,15,SEER
1,attack,1,true
2,status,1,BODYGUARD,DEAD,cash
2,status,2,WEREWOLF,ALIVE,kSugar
2,status,3,VILLAGER,ALIVE,haretaro
2,status,4,POSSESSED,ALIVE,Kanolab
2,status,5,VILLAGER,ALIVE,wasabi
2,status,6,VILLAGER,ALIVE,TOT
2,status,7,VILLAGER,ALIVE,nakamura
2,status,8,VILLAGER,ALIVE,iace10442
2,status,9,VILLAGER,ALIVE,tkAI
2,status,10,VILLAGER,ALIVE,NLwolf
2,status,11,MEDIUM,ALIVE,carlo
2,status,12,WEREWOLF,ALIVE,twn480
2,status,13,VILLAGER,ALIVE,KajiGod
2,status,14,WEREWOLF,ALIVE,howls
2,status,15,SEER,DEAD,Udon
2,talk,0,5,ESTIMATE Agent[11] WEREWOLF
2,talk,1,12,Over
2,talk,2,2,DIVINED Agent[07] WEREWOLF
2,talk,3,10,Skip
2,talk,4,4,VOTE Agent[08]
2,talk,5,3,VOTE Agent[12]
2,talk,6,9,VOTE Agent[13]
2,talk,7,7,ESTIMATE Agent[13] WEREWOLF
2,talk,8,8,ESTIMATE Agent[02] SEER
2,talk,9,13,VOTE Agent[07]
2,talk,10,6,VOTE Agent[10]
2,talk,11,11,COMINGOUT Agent[11] MEDIUM
2,talk,12,14,Over
2,whisper,0,14,Skip
2,whisper,1,12,Over
2,whisper,2,2,Skip
2,whisper,3,14,Skip
2,whisper,4,2,Skip
2,whisper,5,12,Over
2,whisper,6,2,Skip
2,whisper,7,14,Skip
2,whisper,8,12,Over
2,whisper,9,2,Skip
2,whisper,10,14,Skip
2,whisper,11,12,Over
2,whisper,12,2,Skip
2,whisper,13,14,Skip
2,whisper,14,12,Over
2,whisper,15,14,Skip
2,whisper,16,2,Skip
2,whisper,17,12,Over
2,whisper,18,14,Skip
2,whisper,19,2,Skip
2,whisper,20,12,Over
2,whisper,21,2,Skip
2,whisper,22,14,Skip
2,whisper,23,12,Over
2,whisper,24,2,Skip
2,whisper,25,14,Skip
2,whisper,26,12,Over
2,whisper,27,2,Skip
2,whisper,28,14,Skip
2,whisper,29,12,Over
2,talk,13,8,Skip
2,talk,14,12,Over
2,talk,15,2,VOTE Agent[07]
2,talk,16,13,Over
2,talk,17,9,VOTE Agent[04]
2,talk,18,4,Over
2,talk,19,6,Over
2,talk,20,3,VOTE Agent[04]
2,talk,21,11,INQUESTED Agent[14] HUMAN
2,talk,22,10,Skip
2,talk,23,5,ESTIMATE Agent[03] VILLAGER
2,talk,24,7,VOTE Agent[13]
2,talk,25,14,Over
2,whisper,30,12,Over
2,whisper,31,2,Skip
2,whisper,32,14,Skip
2,whisper,33,14,Skip
2,whisper,34,12,Over
2,whisper,35,2,Skip
2,whisper,36,2,Skip
2,whisper,37,14,Skip
2,whisper,38,12,Over
2,whisper,39,14,Skip
2,whisper,40,2,Skip
2,whisper,41,12,Over
2,whisper,42,14,Skip
2,whisper,43,2,Skip
2,whisper,44,12,Over
2,whisper,45,2,Skip
2,whisper,46,14,Skip
2,whisper,47,12,Over
2,whisper,48,2,Skip
2,whisper,49,14,Skip
2,whisper,50,12,Over
2,whisper,51,2,Skip
2,whisper,52,14,Skip
2,whisper,53,12,Over
2,whisper,54,14,Skip
2,whisper,55,2,Skip
2,whisper,56,12,Over
2,whisper,57,14,Skip
2,whisper,58,2,Skip
2,whisper,59,12,Over
2,talk,26,8,Skip
2,talk,27,2,VOTE Agent[07]
2,talk,28,7,Over
2,talk,29,11,INQUESTED Agent[15] HUMAN
2,talk,30,3,Skip
2,talk,31,4,Over
2,talk,32,5,ESTIMATE Agent[14] VILLAGER
2,talk,33,12,Over
2,talk,34,6,Over
2,talk,35,10,Skip
2,talk,36,9,VOTE Agent[15]
2,talk,37,13,Over
2,talk,38,14,Over
2,whisper,60,2,Skip
2,whisper,61,14,Skip
2,whisper,62,12,Over
2,whisper,63,2,Skip
2,whisper,64,14,Skip
2,whisper,65,12,Over
2,whisper,66,14,Skip
2,whisper,67,2,Skip
2,whisper,68,12,Over
2,whisper,69,14,Skip
2,whisper,70,2,Skip
2,whisper,71,12,Over
2,whisper,72,2,Skip
2,whisper,73,14,Skip
2,whisper,74,12,Over
2,whisper,75,2,Skip
2,whisper,76,14,Skip
2,whisper,77,12,Over
2,whisper,78,2,Skip
2,whisper,79,14,Skip
2,whisper,80,12,Over
2,whisper,81,14,Skip
2,whisper,82,2,Skip
2,whisper,83,12,Over
2,whisper,84,14,Skip
2,whisper,85,2,Skip
2,whisper,86,12,Over
2,whisper,87,14,Skip
2,whisper,88,2,Skip
2,whisper,89,12,Over
2,talk,39,4,Over
2,talk,40,8,VOTE Agent[09]
2,talk,41,3,VOTE Agent[08]
2,talk,42,11,VOTE Agent[09]
2,talk,43,2,VOTE Agent[07]
2,talk,44,5,ESTIMATE Agent[02] WEREWOLF
2,talk,45,7,Over
2,talk,46,6,Over
2,talk,47,9,VOTE Agent[13]
2,talk,48,10,VOTE Agent[07]
2,talk,49,12,Over
2,talk,50,13,Over
2,talk,51,14,Over
2,whisper,90,2,Skip
2,whisper,91,14,Skip
2,whisper,92,12,Over
2,whisper,93,14,Skip
2,whisper,94,2,Skip
2,whisper,95,12,Over
2,whisper,96,2,Skip
2,whisper,97,14,Skip
2,whisper,98,12,Over
2,whisper,99,14,Skip
2,whisper,100,2,Skip
2,whisper,101,12,Over
2,whisper,102,14,Skip
2,whisper,103,2,Skip
2,whisper,104,12,Over
2,whisper,105,14,Skip
2,whisper,106,2,Skip
2,whisper,107,12,Over
2,whisper,108,14,Skip
2,whisper,109,2,Skip
2,whisper,110,12,Over
2,whisper,111,14,Skip
2,whisper,112,2,Skip
2,whisper,113,12,Over
2,whisper,114,14,Skip
2,whisper,115,2,Skip
2,whisper,116,12,Over
2,whisper,117,2,Skip
2,whisper,118,14,Skip
2,whisper,119,12,Over
2,talk,52,2,VOTE Agent[07]
2,talk,53,4,Over
2,talk,54,6,Over
2,talk,55,9,INQUESTED Agent[15] WEREWOLF
2,talk,56,10,Over
2,talk,57,8,VOTE Agent[03]
2,talk,58,3,VOTE Agent[13]
2,talk,59,5,ESTIMATE Agent[11] MEDIUM
2,talk,60,11,Over
2,talk,61,7,Over
2,talk,62,12,Over
2,talk,63,13,Over
2,talk,64,14,Over
2,whisper,120,12,Over
2,whisper,121,2,Skip
2,whisper,122,14,Skip
2,whisper,123,14,Skip
2,whisper,124,12,Over
2,whisper,125,2,Skip
2,whisper,126,14,Skip
2,whisper,127,2,Skip
2,whisper,128,12,Over
2,whisper,129,14,Skip
2,whisper,130,2,Skip
2,whisper,131,12,Over
2,whisper,132,2,Skip
2,whisper,133,14,Skip
2,whisper,134,12,Over
2,whisper,135,2,Skip
2,whisper,136,14,Skip
2,whisper,137,12,Over
2,whisper,138,14,Skip
2,whisper,139,2,Skip
2,whisper,140,12,Over
2,whisper,141,2,Skip
2,whisper,142,14,Skip
2,whisper,143,12,Over
2,whisper,144,2,Skip
2,whisper,145,14,Skip
2,whisper,146,12,Over
2,whisper,147,2,Skip
2,whisper,148,14,Skip
2,whisper,149,12,Over
2,talk,65,3,Skip
2,talk,66,8,VOTE Agent[07]
2,talk,67,6,Over
2,talk,68,9,VOTE Agent[04]
2,talk,69,5,ESTIMATE Agent[11] MEDIUM
2,talk,70,4,Over
2,talk,71,10,Over
2,talk,72,2,Skip
2,talk,73,7,Over
2,talk,74,11,Over
2,talk,75,12,Over
2,talk,76,13,Over
2,talk,77,14,Over
2,whisper,150,14,Skip
2,whisper,151,12,Over
2,whisper,152,2,Skip
2,whisper,153,2,Skip
2,whisper,154,14,Skip
2,whisper,155,12,Over
2,whisper,156,2,Skip
2,whisper,157,14,Skip
2,whisper,158,12,Over
2,whisper,159,14,Skip
2,whisper,160,2,Skip
2,whisper,161,12,Over
2,whisper,162,14,Skip
2,whisper,163,2,Skip
2,whisper,164,12,Over
2,whisper,165,14,Skip
2,whisper,166,2,Skip
2,whisper,167,12,Over
2,whisper,168,2,Skip
2,whisper,169,14,Skip
2,whisper,170,12,Over
2,whisper,171,14,Skip
2,whisper,172,2,Skip
2,whisper,173,12,Over
2,whisper,174,2,Skip
2,whisper,175,14,Skip
2,whisper,176,12,Over
2,whisper,177,2,Skip
2,whisper,178,14,Skip
2,whisper,179,12,Over
2,talk,78,6,Over
2,talk,79,8,VOTE Agent[13]
2,talk,80,3,Skip
2,talk,81,10,Over
2,talk,82,2,Skip
2,talk,83,4,Over
2,talk,84,9,VOTE Agent[15]
2,talk,85,5,ESTIMATE Agent[12] WEREWOLF
2,talk,86,7,Over
2,talk,87,11,Over
2,talk,88,12,Over
2,talk,89,13,Over
2,talk,90,14,Over
2,whisper,180,12,Over
2,whisper,181,2,Skip
2,whisper,182,14,Skip
2,whisper,183,2,Skip
2,whisper,184,12,Over
2,whisper,185,14,Skip
2,whisper,186,14,Skip
2,whisper,187,2,Skip
2,whisper,188,12,Over
2,whisper,189,2,Skip
2,whisper,190,14,Skip
2,whisper,191,12,Over
2,whisper,192,14,Skip
2,whisper,193,2,Skip
2,whisper,194,12,Over
2,whisper,195,14,Skip
2,whisper,196,2,Skip
2,whisper,197,12,Over
2,whisper,198,14,Skip
2,whisper,199,2,Skip
2,whisper,200,12,Over
2,whisper,201,2,Skip
2,whisper,202,14,Skip
2,whisper,203,12,Over
2,whisper,204,2,Skip
2,whisper,205,14,Skip
2,whisper,206,12,Over
2,whisper,207,2,Skip
2,whisper,208,14,Skip
2,whisper,209,12,Over
2,talk,91,10,Over
2,talk,92,9,VOTE Agent[13]
2,talk,93,3,Skip
2,talk,94,5,ESTIMATE Agent[14] VILLAGER
2,talk,95,8,VOTE Agent[07]
2,talk,96,4,Over
2,talk,97,6,Over
2,talk,98,2,Skip
2,talk,99,7,Over
2,talk,100,11,Over
2,talk,101,12,Over
2,talk,102,13,Over
2,talk,103,14,Over
2,whisper,210,2,Skip
2,whisper,211,12,Over
2,whisper,212,14,Skip
2,whisper,213,12,Over
2,whisper,214,14,Skip
2,whisper,215,2,Skip
2,whisper,216,12,Over
2,whisper,217,14,Skip
2,whisper,218,2,Skip
2,whisper,219,14,Skip
2,whisper,220,2,Skip
2,whisper,221,12,Over
2,whisper,222,2,Skip
2,whisper,223,14,Skip
2,whisper,224,12,Over
2,whisper,225,14,Skip
2,whisper,226,2,Skip
2,whisper,227,12,Over
2,whisper,228,14,Skip
2,whisper,229,2,Skip
2,whisper,230,12,Over
2,whisper,231,14,Skip
2,whisper,232,2,Skip
2,whisper,233,12,Over
2,whisper,234,2,Skip
2,whisper,235,14,Skip
2,whisper,236,12,Over
2,whisper,237,2,Skip
2,whisper,238,14,Skip
2,whisper,239,12,Over
2,talk,104,6,Over
2,talk,105,2,Skip
2,talk,106,3,Skip
2,talk,107,9,VOTE Agent[11]
2,talk,108,10,Over
2,talk,109,8,Over
2,talk,110,5,ESTIMATE Agent[13] WEREWOLF
2,talk,111,4,Over
2,talk,112,7,Over
2,talk,113,11,Over
2,talk,114,12,Over
2,talk,115,13,Over
2,talk,116,14,Over
2,whisper,240,14,Skip
2,whisper,241,2,Skip
2,whisper,242,12,Over
2,whisper,243,14,Skip
2,whisper,244,2,Skip
2,whisper,245,12,Over
2,whisper,246,14,Skip
2,whisper,247,2,Skip
2,whisper,248,12,Over
2,whisper,249,2,Skip
2,whisper,250,14,Skip
2,whisper,251,12,Over
2,whisper,252,14,Skip
2,whisper,253,2,Skip
2,whisper,254,12,Over
2,whisper,255,2,Skip
2,whisper,256,14,Skip
2,whisper,257,12,Over
2,whisper,258,14,Skip
2,whisper,259,2,Skip
2,whisper,260,12,Over
2,whisper,261,2,Skip
2,whisper,262,14,Skip
2,whisper,263,12,Over
2,whisper,264,14,Skip
2,whisper,265,2,Skip
2,whisper,266,12,Over
2,whisper,267,14,Skip
2,whisper,268,2,Skip
2,whisper,269,12,Over
2,talk,117,5,ESTIMATE Agent[11] MEDIUM
2,talk,118,6,Over
2,talk,119,10,Over
2,talk,120,2,Skip
2,talk,121,3,VOTE Agent[08]
2,talk,122,8,Over
2,talk,123,9,VOTE Agent[04]
2,talk,124,4,Over
2,talk,125,7,Over
2,talk,126,11,Over
2,talk,127,12,Over
2,talk,128,13,Over
2,talk,129,14,Over
2,whisper,270,2,Skip
2,whisper,271,12,Over
2,whisper,272,14,Skip
2,whisper,273,12,Over
2,whisper,274,14,Skip
2,whisper,275,2,Skip
2,whisper,276,12,Over
2,whisper,277,2,Skip
2,whisper,278,14,Skip
2,whisper,279,14,Skip
2,whisper,280,2,Skip
2,whisper,281,12,Over
2,whisper,282,2,Skip
2,whisper,283,14,Skip
2,whisper,284,12,Over
2,whisper,285,2,Skip
2,whisper,286,14,Skip
2,whisper,287,12,Over
2,whisper,288,14,Skip
2,whisper,289,2,Skip
2,whisper,290,12,Over
2,whisper,291,2,Skip
2,whisper,292,14,Skip
2,whisper,293,12,Over
2,whisper,294,2,Skip
2,whisper,295,14,Skip
2,whisper,296,12,Over
2,whisper,297,2,Skip
2,whisper,298,14,Skip
2,whisper,299,12,Over
2,vote,2,7
2,vote,3,4
2,vote,4,8
2,vote,5,7
2,vote,6,10
2,vote,7,13
2,vote,8,7
2,vote,9,8
2,vote,10,7
2,vote,11,9
2,vote,12,8
2,vote,13,7
2,vote,14,13
2,attackVote,2,7
2,execute,7,VILLAGER
2,attack,-1,false
3,status,1,BODYGUARD,DEAD,cash
3,status,2,WEREWOLF,ALIVE,kSugar
3,status,3,VILLAGER,ALIVE,haretaro
3,status,4,POSSESSED,ALIVE,Kanolab
3,status,5,VILLAGER,ALIVE,wasabi
3,status,6,VILLAGER,ALIVE,TOT
3,status,7,VILLAGER,DEAD,nakamura
3,status,8,VILLAGER,ALIVE,iace10442
3,status,9,VILLAGER,ALIVE,tkAI
3,status,10,VILLAGER,ALIVE,NLwolf
3,status,11,MEDIUM,ALIVE,carlo
3,status,12,WEREWOLF,ALIVE,twn480
3,status,13,VILLAGER,ALIVE,KajiGod
3,status,14,WEREWOLF,ALIVE,howls
3,status,15,SEER,DEAD,Udon
3,talk,0,2,DIVINED Agent[13] WEREWOLF
3,talk,1,9,VOTE Agent[04]
3,talk,2,14,Over
3,talk,3,6,VOTE Agent[10]
3,talk,4,13,VOTE Agent[03]
3,talk,5,11,INQUESTED Agent[07] HUMAN
3,talk,6,5,ESTIMATE Agent[11] MEDIUM
3,talk,7,8,Skip
3,talk,8,12,Over
3,talk,9,4,VOTE Agent[08]
3,talk,10,3,VOTE Agent[12]
3,talk,11,10,Skip
3,whisper,0,12,Over
3,whisper,1,14,Skip
3,whisper,2,2,Skip
3,whisper,3,12,Over
3,whisper,4,14,Skip
3,whisper,5,2,Skip
3,whisper,6,12,Over
3,whisper,7,2,Skip
3,whisper,8,14,Skip
3,whisper,9,14,Skip
3,whisper,10,2,Skip
3,whisper,11,12,Over
3,whisper,12,2,Skip
3,whisper,13,14,Skip
3,whisper,14,12,Over
3,whisper,15,14,Skip
3,whisper,16,2,Skip
3,whisper,17,12,Over
3,whisper,18,2,Skip
3,whisper,19,14,Skip
3,whisper,20,12,Over
3,whisper,21,14,Skip
3,whisper,22,2,Skip
3,whisper,23,12,Over
3,whisper,24,2,Skip
3,whisper,25,14,Skip
3,whisper,26,12,Over
3,whisper,27,14,Skip
3,whisper,28,2,Skip
3,whisper,29,12,Over
3,talk,12,11,VOTE Agent[09]
3,talk,13,14,Over
3,talk,14,6,Over
3,talk,15,3,VOTE Agent[04]
3,talk,16,4,Over
3,talk,17,12,Over
3,talk,18,2,VOTE Agent[13]
3,talk,19,10,Skip
3,talk,20,13,Over
3,talk,21,8,Skip
3,talk,22,5,ESTIMATE Agent[11] MEDIUM
3,talk,23,9,INQUESTED Agent[13] WEREWOLF
3,whisper,30,12,Over
3,whisper,31,14,Skip
3,whisper,32,2,Skip
3,whisper,33,2,Skip
3,whisper,34,14,Skip
3,whisper,35,12,Over
3,whisper,36,14,Skip
3,whisper,37,2,Skip
3,whisper,38,12,Over
3,whisper,39,2,Skip
3,whisper,40,14,Skip
3,whisper,41,12,Over
3,whisper,42,14,Skip
3,whisper,43,2,Skip
3,whisper,44,12,Over
3,whisper,45,2,Skip
3,whisper,46,14,Skip
3,whisper,47,12,Over
3,whisper,48,2,Skip
3,whisper,49,14,Skip
3,whisper,50,12,Over
3,whisper,51,2,Skip
3,whisper,52,14,Skip
3,whisper,53,12,Over
3,whisper,54,2,Skip
3,whisper,55,14,Skip
3,whisper,56,12,Over
3,whisper,57,14,Skip
3,whisper,58,2,Skip
3,whisper,59,12,Over
3,talk,24,3,Skip
3,talk,25,6,Over
3,talk,26,12,Over
3,talk,27,4,Over
3,talk,28,5,ESTIMATE Agent[02] WEREWOLF
3,talk,29,13,Over
3,talk,30,11,Over
3,talk,31,9,INQUESTED Agent[11] WEREWOLF
3,talk,32,8,Skip
3,talk,33,10,Skip
3,talk,34,14,Over
3,talk,35,2,VOTE Agent[13]
3,whisper,60,14,Skip
3,whisper,61,2,Skip
3,whisper,62,12,Over
3,whisper,63,14,Skip
3,whisper,64,2,Skip
3,whisper,65,12,Over
3,whisper,66,14,Skip
3,whisper,67,2,Skip
3,whisper,68,12,Over
3,whisper,69,14,Skip
3,whisper,70,2,Skip
3,whisper,71,12,Over
3,whisper,72,2,Skip
3,whisper,73,14,Skip
3,whisper,74,12,Over
3,whisper,75,14,Skip
3,whisper,76,2,Skip
3,whisper,77,12,Over
3,whisper,78,14,Skip
3,whisper,79,2,Skip
3,whisper,80,12,Over
3,whisper,81,14,Skip
3,whisper,82,2,Skip
3,whisper,83,12,Over
3,whisper,84,2,Skip
3,whisper,85,14,Skip
3,whisper,86,12,Over
3,whisper,87,14,Skip
3,whisper,88,2,Skip
3,whisper,89,12,Over
3,talk,36,13,Over
3,talk,37,8,VOTE Agent[10]
3,talk,38,6,Over
3,talk,39,3,VOTE Agent[10]
3,talk,40,4,Over
3,talk,41,10,VOTE Agent[09]
3,talk,42,9,VOTE Agent[04]
3,talk,43,14,Over
3,talk,44,12,Over
3,talk,45,2,VOTE Agent[13]
3,talk,46,5,ESTIMATE Agent[06] WEREWOLF
3,talk,47,11,Over
3,whisper,90,12,Over
3,whisper,91,14,Skip
3,whisper,92,2,Skip
3,whisper,93,12,Over
3,whisper,94,14,Skip
3,whisper,95,2,Skip
3,whisper,96,12,Over
3,whisper,97,2,Skip
3,whisper,98,14,Skip
3,whisper,99,14,Skip
3,whisper,100,12,Over
3,whisper,101,2,Skip
3,whisper,102,14,Skip
3,whisper,103,2,Skip
3,whisper,104,12,Over
3,whisper,105,14,Skip
3,whisper,106,2,Skip
3,whisper,107,12,Over
3,whisper,108,2,Skip
3,whisper,109,14,Skip
3,whisper,110,12,Over
3,whisper,111,2,Skip
3,whisper,112,14,Skip
3,whisper,113,12,Over
3,whisper,114,14,Skip
3,whisper,115,2,Skip
3,whisper,116,12,Over
3,whisper,117,14,Skip
3,whisper,118,2,Skip
3,whisper,119,12,Over
3,talk,48,2,VOTE Agent[13]
3,talk,49,10,Over
3,talk,50,9,INQUESTED Agent[04] WEREWOLF
3,talk,51,3,VOTE Agent[09]
3,talk,52,14,Over
3,talk,53,13,Over
3,talk,54,5,Skip
3,talk,55,4,Over
3,talk,56,6,Over
3,talk,57,12,Over
3,talk,58,8,Over
3,talk,59,11,Over
3,whisper,120,14,Skip
3,whisper,121,2,Skip
3,whisper,122,12,Over
3,whisper,123,2,Skip
3,whisper,124,14,Skip
3,whisper,125,12,Over
3,whisper,126,14,Skip
3,whisper,127,2,Skip
3,whisper,128,12,Over
3,whisper,129,2,Skip
3,whisper,130,14,Skip
3,whisper,131,12,Over
3,whisper,132,2,Skip
3,whisper,133,14,Skip
3,whisper,134,12,Over
3,whisper,135,14,Skip
3,whisper,136,2,Skip
3,whisper,137,12,Over
3,whisper,138,2,Skip
3,whisper,139,14,Skip
3,whisper,140,12,Over
3,whisper,141,14,Skip
3,whisper,142,2,Skip
3,whisper,143,12,Over
3,whisper,144,2,Skip
3,whisper,145,14,Skip
3,whisper,146,12,Over
3,whisper,147,2,Skip
3,whisper,148,14,Skip
3,whisper,149,12,Over
3,talk,60,5,ESTIMATE Agent[03] VILLAGER
3,talk,61,9,INQUESTED Agent[11] WEREWOLF
3,talk,62,3,Skip
3,talk,63,13,Over
3,talk,64,10,Over
3,talk,65,2,Skip
3,talk,66,14,Over
3,talk,67,4,Over
3,talk,68,6,Over
3,talk,69,8,Over
3,talk,70,11,Over
3,talk,71,12,Over
3,whisper,150,14,Skip
3,whisper,151,12,Over
3,whisper,152,2,Skip
3,whisper,153,12,Over
3,whisper,154,14,Skip
3,whisper,155,2,Skip
3,whisper,156,12,Over
3,whisper,157,14,Skip
3,whisper,158,2,Skip
3,whisper,159,12,Over
3,whisper,160,2,Skip
3,whisper,161,14,Skip
3,whisper,162,14,Skip
3,whisper,163,2,Skip
3,whisper,164,12,Over
3,whisper,165,14,Skip
3,whisper,166,2,Skip
3,whisper,167,12,Over
3,whisper,168,2,Skip
3,whisper,169,14,Skip
3,whisper,170,12,Over
3,whisper,171,2,Skip
3,whisper,172,14,Skip
3,whisper,173,12,Over
3,whisper,174,2,Skip
3,whisper,175,14,Skip
3,whisper,176,12,Over
3,whisper,177,14,Skip
3,whisper,178,2,Skip
3,whisper,179,12,Over
3,talk,72,3,Skip
3,talk,73,10,Over
3,talk,74,9,VOTE Agent[15]
3,talk,75,5,ESTIMATE Agent[02] WEREWOLF
3,talk,76,13,Over
3,talk,77,2,Skip
3,talk,78,4,Over
3,talk,79,6,Over
3,talk,80,8,Over
3,talk,81,11,Over
3,talk,82,12,Over
3,talk,83,14,Over
3,whisper,180,14,Skip
3,whisper,181,2,Skip
3,whisper,182,12,Over
3,whisper,183,2,Skip
3,whisper,184,14,Skip
3,whisper,185,12,Over
3,whisper,186,2,Skip
3,whisper,187,14,Skip
3,whisper,188,12,Over
3,whisper,189,2,Skip
3,whisper,190,14,Skip
3,whisper,191,12,Over
3,whisper,192,2,Skip
3,whisper,193,14,Skip
3,whisper,194,12,Over
3,whisper,195,2,Skip
3,whisper,196,14,Skip
3,whisper,197,12,Over
3,whisper,198,2,Skip
3,whisper,199,14,Skip
3,whisper,200,12,Over
3,whisper,201,2,Skip
3,whisper,202,14,Skip
3,whisper,203,12,Over
3,whisper,204,14,Skip
3,whisper,205,2,Skip
3,whisper,206,12,Over
3,whisper,207,2,Skip
3,whisper,208,14,Skip
3,whisper,209,12,Over
3,talk,84,9,VOTE Agent[15]
3,talk,85,10,Over
3,talk,86,3,Skip
3,talk,87,2,Skip
3,talk,88,13,Over
3,talk,89,5,Skip
3,talk,90,4,Over
3,talk,91,6,Over
3,talk,92,8,VOTE Agent[09]
3,talk,93,11,Over
3,talk,94,12,Over
3,talk,95,14,Over
3,whisper,210,2,Skip
3,whisper,211,14,Skip
3,whisper,212,12,Over
3,whisper,213,14,Skip
3,whisper,214,2,Skip
3,whisper,215,12,Over
3,whisper,216,2,Skip
3,whisper,217,14,Skip
3,whisper,218,12,Over
3,whisper,219,14,Skip
3,whisper,220,2,Skip
3,whisper,221,12,Over
3,whisper,222,14,Skip
3,whisper,223,2,Skip
3,whisper,224,12,Over
3,whisper,225,2,Skip
3,whisper,226,14,Skip
3,whisper,227,12,Over
3,whisper,228,14,Skip
3,whisper,229,2,Skip
3,whisper,230,12,Over
3,whisper,231,2,Skip
3,whisper,232,14,Skip
3,whisper,233,12,Over
3,whisper,234,2,Skip
3,whisper,235,14,Skip
3,whisper,236,12,Over
3,whisper,237,2,Skip
3,whisper,238,14,Skip
3,whisper,239,12,Over
3,talk,96,2,Skip
3,talk,97,6,Over
3,talk,98,3,Skip
3,talk,99,10,Over
3,talk,100,8,VOTE Agent[05]
3,talk,101,9,INQUESTED Agent[13] WEREWOLF
3,talk,102,4,Over
3,talk,103,5,ESTIMATE Agent[13] WEREWOLF
3,talk,104,13,Over
3,talk,105,11,Over
3,talk,106,12,Over
3,talk,107,14,Over
3,whisper,240,2,Skip
3,whisper,241,14,Skip
3,whisper,242,12,Over
3,whisper,243,14,Skip
3,whisper,244,2,Skip
3,whisper,245,12,Over
3,whisper,246,14,Skip
3,whisper,247,2,Skip
3,whisper,248,12,Over
3,whisper,249,14,Skip
3,whisper,250,2,Skip
3,whisper,251,12,Over
3,whisper,252,2,Skip
3,whisper,253,14,Skip
3,whisper,254,12,Over
3,whisper,255,2,Skip
3,whisper,256,14,Skip
3,whisper,257,12,Over
3,whisper,258,2,Skip
3,whisper,259,14,Skip
3,whisper,260,12,Over
3,whisper,261,14,Skip
3,whisper,262,2,Skip
3,whisper,263,12,Over
3,whisper,264,14,Skip
3,whisper,265,2,Skip
3,whisper,266,12,Over
3,whisper,267,14,Skip
3,whisper,268,2,Skip
3,whisper,269,12,Over
3,talk,108,5,Skip
3,talk,109,2,Skip
3,talk,110,8,VOTE Agent[04]
3,talk,111,3,Skip
3,talk,112,4,Over
3,talk,113,10,Over
3,talk,114,6,Over
3,talk,115,9,INQUESTED Agent[04] WEREWOLF
3,talk,116,11,Over
3,talk,117,12,Over
3,talk,118,13,Over
3,talk,119,14,Over
3,whisper,270,14,Skip
3,whisper,271,2,Skip
3,whisper,272,12,Over
3,whisper,273,2,Skip
3,whisper,274,14,Skip
3,whisper,275,12,Over
3,whisper,276,2,Skip
3,whisper,277,14,Skip
3,whisper,278,12,Over
3,whisper,279,2,Skip
3,whisper,280,14,Skip
3,whisper,281,12,Over
3,whisper,282,14,Skip
3,whisper,283,2,Skip
3,whisper,284,12,Over
3,whisper,285,14,Skip
3,whisper,286,2,Skip
3,whisper,287,12,Over
3,whisper,288,14,Skip
3,whisper,289,2,Skip
3,whisper,290,12,Over
3,whisper,291,2,Skip
3,whisper,292,14,Skip
3,whisper,293,12,Over
3,whisper,294,14,Skip
3,whisper,295,2,Skip
3,whisper,296,12,Over
3,whisper,297,2,Skip
3,whisper,298,14,Skip
3,whisper,299,12,Over
3,vote,2,13
3,vote,3,9
3,vote,4,8
3,vote,5,2
3,vote,6,10
3,vote,8,4
3,vote,9,5
3,vote,10,9
3,vote,11,9
3,vote,12,4
3,vote,13,3
3,vote,14,6
3,attackVote,2,9
3,execute,9,VILLAGER
3,attack,-1,false
4,status,1,BODYGUARD,DEAD,cash
4,status,2,WEREWOLF,ALIVE,kSugar
4,status,3,VILLAGER,ALIVE,haretaro
4,status,4,POSSESSED,ALIVE,Kanolab
4,status,5,VILLAGER,ALIVE,wasabi
4,status,6,VILLAGER,ALIVE,TOT
4,status,7,VILLAGER,DEAD,nakamura
4,status,8,VILLAGER,ALIVE,iace10442
4,status,9,VILLAGER,DEAD,tkAI
4,status,10,VILLAGER,ALIVE,NLwolf
4,status,11,MEDIUM,ALIVE,carlo
4,status,12,WEREWOLF,ALIVE,twn480
4,status,13,VILLAGER,ALIVE,KajiGod
4,status,14,WEREWOLF,ALIVE,howls
4,status,15,SEER,DEAD,Udon
4,talk,0,3,VOTE Agent[12]
4,talk,1,5,ESTIMATE Agent[03] VILLAGER
4,talk,2,2,Skip
4,talk,3,10,Skip
4,talk,4,6,VOTE Agent[10]
4,talk,5,14,Over
4,talk,6,8,Skip
4,talk,7,12,Over
4,talk,8,4,VOTE Agent[02]
4,talk,9,11,INQUESTED Agent[09] HUMAN
4,talk,10,13,VOTE Agent[05]
4,whisper,0,14,Skip
4,whisper,1,12,Over
4,whisper,2,2,Skip
4,whisper,3,14,Skip
4,whisper,4,12,Over
4,whisper,5,2,Skip
4,whisper,6,14,Skip
4,whisper,7,12,Over
4,whisper,8,2,Skip
4,whisper,9,12,Over
4,whisper,10,2,Skip
4,whisper,11,14,Skip
4,whisper,12,2,Skip
4,whisper,13,12,Over
4,whisper,14,14,Skip
4,whisper,15,12,Over
4,whisper,16,14,Skip
4,whisper,17,2,Skip
4,whisper,18,2,Skip
4,whisper,19,12,Over
4,whisper,20,14,Skip
4,whisper,21,2,Skip
4,whisper,22,12,Over
4,whisper,23,14,Skip
4,whisper,24,2,Skip
4,whisper,25,14,Skip
4,whisper,26,12,Over
4,whisper,27,14,Skip
4,whisper,28,2,Skip
4,whisper,29,12,Over
4,talk,11,10,Skip
4,talk,12,4,Over
4,talk,13,8,Skip
4,talk,14,2,VOTE Agent[05]
4,talk,15,6,Over
4,talk,16,13,Over
4,talk,17,5,ESTIMATE Agent[14] VILLAGER
4,talk,18,14,Over
4,talk,19,11,VOTE Agent[09]
4,talk,20,12,Over
4,talk,21,3,VOTE Agent[05]
4,whisper,30,14,Skip
4,whisper,31,2,Skip
4,whisper,32,12,Over
4,whisper,33,2,Skip
4,whisper,34,14,Skip
4,whisper,35,12,Over
4,whisper,36,14,Skip
4,whisper,37,2,Skip
4,whisper,38,12,Over
4,whisper,39,2,Skip
4,whisper,40,14,Skip
4,whisper,41,12,Over
4,whisper,42,14,Skip
4,whisper,43,2,Skip
4,whisper,44,12,Over
4,whisper,45,14,Skip
4,whisper,46,2,Skip
4,whisper,47,12,Over
4,whisper,48,2,Skip
4,whisper,49,14,Skip
4,whisper,50,12,Over
4,whisper,51,14,Skip
4,whisper,52,2,Skip
4,whisper,53,12,Over
4,whisper,54,2,Skip
4,whisper,55,14,Skip
4,whisper,56,12,Over
4,whisper,57,14,Skip
4,whisper,58,2,Skip
4,whisper,59,12,Over
4,talk,22,10,Skip
4,talk,23,13,Over
4,talk,24,14,Over
4,talk,25,6,Over
4,talk,26,3,Skip
4,talk,27,2,VOTE Agent[05]
4,talk,28,4,Over
4,talk,29,8,Skip
4,talk,30,11,Over
4,talk,31,12,Over
4,talk,32,5,ESTIMATE Agent[11] MEDIUM
4,whisper,60,14,Skip
4,whisper,61,2,Skip
4,whisper,62,12,Over
4,whisper,63,2,Skip
4,whisper,64,14,Skip
4,whisper,65,12,Over
4,whisper,66,2,Skip
4,whisper,67,14,Skip
4,whisper,68,12,Over
4,whisper,69,2,Skip
4,whisper,70,14,Skip
4,whisper,71,12,Over
4,whisper,72,14,Skip
4,whisper,73,2,Skip
4,whisper,74,12,Over
4,whisper,75,2,Skip
4,whisper,76,14,Skip
4,whisper,77,12,Over
4,whisper,78,2,Skip
4,whisper,79,14,Skip
4,whisper,80,12,Over
4,whisper,81,14,Skip
4,whisper,82,2,Skip
4,whisper,83,12,Over
4,whisper,84,14,Skip
4,whisper,85,2,Skip
4,whisper,86,12,Over
4,whisper,87,2,Skip
4,whisper,88,14,Skip
4,whisper,89,12,Over
4,talk,33,13,Over
4,talk,34,6,Over
4,talk,35,11,Over
4,talk,36,8,VOTE Agent[03]
4,talk,37,3,Skip
4,talk,38,2,VOTE Agent[05]
4,talk,39,10,VOTE Agent[13]
4,talk,40,4,Over
4,talk,41,5,Skip
4,talk,42,14,Over
4,talk,43,12,Over
4,whisper,90,12,Over
4,whisper,91,14,Skip
4,whisper,92,2,Skip
4,whisper,93,2,Skip
4,whisper,94,12,Over
4,whisper,95,14,Skip
4,whisper,96,12,Over
4,whisper,97,2,Skip
4,whisper,98,14,Skip
4,whisper,99,2,Skip
4,whisper,100,12,Over
4,whisper,101,14,Skip
4,whisper,102,12,Over
4,whisper,103,2,Skip
4,whisper,104,14,Skip
4,whisper,105,2,Skip
4,whisper,106,12,Over
4,whisper,107,14,Skip
4,whisper,108,14,Skip
4,whisper,109,2,Skip
4,whisper,110,12,Over
4,whisper,111,14,Skip
4,whisper,112,2,Skip
4,whisper,113,12,Over
4,whisper,114,14,Skip
4,whisper,115,2,Skip
4,whisper,116,12,Over
4,whisper,117,14,Skip
4,whisper,118,2,Skip
4,whisper,119,12,Over
4,talk,44,2,VOTE Agent[05]
4,talk,45,11,Over
4,talk,46,8,VOTE Agent[13]
4,talk,47,4,Over
4,talk,48,13,Over
4,talk,49,3,Skip
4,talk,50,10,Over
4,talk,51,6,Over
4,talk,52,5,ESTIMATE Agent[04] WEREWOLF
4,talk,53,12,Over
4,talk,54,14,Over
4,whisper,120,2,Skip
4,whisper,121,12,Over
4,whisper,122,14,Skip
4,whisper,123,12,Over
4,whisper,124,14,Skip
4,whisper,125,2,Skip
4,whisper,126,14,Skip
4,whisper,127,12,Over
4,whisper,128,2,Skip
4,whisper,129,14,Skip
4,whisper,130,12,Over
4,whisper,131,2,Skip
4,whisper,132,2,Skip
4,whisper,133,12,Over
4,whisper,134,14,Skip
4,whisper,135,14,Skip
4,whisper,136,12,Over
4,whisper,137,2,Skip
4,whisper,138,2,Skip
4,whisper,139,14,Skip
4,whisper,140,12,Over
4,whisper,141,14,Skip
4,whisper,142,2,Skip
4,whisper,143,12,Over
4,whisper,144,14,Skip
4,whisper,145,2,Skip
4,whisper,146,12,Over
4,whisper,147,14,Skip
4,whisper,148,2,Skip
4,whisper,149,12,Over
4,talk,55,8,VOTE Agent[05]
4,talk,56,6,Over
4,talk,57,10,Over
4,talk,58,5,ESTIMATE Agent[11] MEDIUM
4,talk,59,11,Over
4,talk,60,3,Skip
4,talk,61,2,Skip
4,talk,62,4,Over
4,talk,63,13,Over
4,talk,64,12,Over
4,talk,65,14,Over
4,whisper,150,2,Skip
4,whisper,151,14,Skip
4,whisper,152,12,Over
4,whisper,153,2,Skip
4,whisper,154,14,Skip
4,whisper,155,12,Over
4,whisper,156,2,Skip
4,whisper,157,14,Skip
4,whisper,158,12,Over
4,whisper,159,14,Skip
4,whisper,160,2,Skip
4,whisper,161,12,Over
4,whisper,162,14,Skip
4,whisper,163,2,Skip
4,whisper,164,12,Over
4,whisper,165,14,Skip
4,whisper,166,2,Skip
4,whisper,167,12,Over
4,whisper,168,14,Skip
4,whisper,169,2,Skip
4,whisper,170,12,Over
4,whisper,171,2,Skip
4,whisper,172,14,Skip
4,whisper,173,12,Over
4,whisper,174,14,Skip
4,whisper,175,2,Skip
4,whisper,176,12,Over
4,whisper,177,14,Skip
4,whisper,178,2,Skip
4,whisper,179,12,Over
4,talk,66,5,ESTIMATE Agent[11] MEDIUM
4,talk,67,8,VOTE Agent[13]
4,talk,68,3,Skip
4,talk,69,11,Over
4,talk,70,6,Over
4,talk,71,10,Over
4,talk,72,2,Skip
4,talk,73,4,Over
4,talk,74,12,Over
4,talk,75,13,Over
4,talk,76,14,Over
4,whisper,180,12,Over
4,whisper,181,2,Skip
4,whisper,182,14,Skip
4,whisper,183,14,Skip
4,whisper,184,2,Skip
4,whisper,185,12,Over
4,whisper,186,2,Skip
4,whisper,187,14,Skip
4,whisper,188,12,Over
4,whisper,189,2,Skip
4,whisper,190,14,Skip
4,whisper,191,12,Over
4,whisper,192,2,Skip
4,whisper,193,14,Skip
4,whisper,194,12,Over
4,whisper,195,14,Skip
4,whisper,196,2,Skip
4,whisper,197,12,Over
4,whisper,198,14,Skip
4,whisper,199,2,Skip
4,whisper,200,12,Over
4,whisper,201,2,Skip
4,whisper,202,14,Skip
4,whisper,203,12,Over
4,whisper,204,2,Skip
4,whisper,205,14,Skip
4,whisper,206,12,Over
4,whisper,207,2,Skip
4,whisper,208,14,Skip
4,whisper,209,12,Over
4,talk,77,2,Skip
4,talk,78,11,Over
4,talk,79,3,Skip
4,talk,80,8,Over
4,talk,81,10,Over
4,talk,82,5,Skip
4,talk,83,6,Over
4,talk,84,4,Over
4,talk,85,12,Over
4,talk,86,13,Over
4,talk,87,14,Over
4,whisper,210,2,Skip
4,whisper,211,12,Over
4,whisper,212,14,Skip
4,whisper,213,12,Over
4,whisper,214,2,Skip
4,whisper,215,14,Skip
4,whisper,216,14,Skip
4,whisper,217,2,Skip
4,whisper,218,12,Over
4,whisper,219,14,Skip
4,whisper,220,2,Skip
4,whisper,221,12,Over
4,whisper,222,2,Skip
4,whisper,223,14,Skip
4,whisper,224,12,Over
4,whisper,225,14,Skip
4,whisper,226,2,Skip
4,whisper,227,12,Over
4,whisper,228,2,Skip
4,whisper,229,14,Skip
4,whisper,230,12,Over
4,whisper,231,2,Skip
4,whisper,232,14,Skip
4,whisper,233,12,Over
4,whisper,234,14,Skip
4,whisper,235,2,Skip
4,whisper,236,12,Over
4,whisper,237,14,Skip
4,whisper,238,2,Skip
4,whisper,239,12,Over
4,talk,88,2,Skip
4,talk,89,3,Skip
4,talk,90,10,Over
4,talk,91,11,Over
4,talk,92,8,Over
4,talk,93,5,ESTIMATE Agent[03] WEREWOLF
4,talk,94,4,Over
4,talk,95,6,Over
4,talk,96,12,Over
4,talk,97,13,Over
4,talk,98,14,Over
4,whisper,240,2,Skip
4,whisper,241,12,Over
4,whisper,242,14,Skip
4,whisper,243,12,Over
4,whisper,244,2,Skip
4,whisper,245,14,Skip
4,whisper,246,2,Skip
4,whisper,247,12,Over
4,whisper,248,14,Skip
4,whisper,249,12,Over
4,whisper,250,2,Skip
4,whisper,251,14,Skip
4,whisper,252,2,Skip
4,whisper,253,14,Skip
4,whisper,254,12,Over
4,whisper,255,2,Skip
4,whisper,256,14,Skip
4,whisper,257,12,Over
4,whisper,258,14,Skip
4,whisper,259,2,Skip
4,whisper,260,12,Over
4,whisper,261,14,Skip
4,whisper,262,2,Skip
4,whisper,263,12,Over
4,whisper,264,2,Skip
4,whisper,265,14,Skip
4,whisper,266,12,Over
4,whisper,267,14,Skip
4,whisper,268,2,Skip
4,whisper,269,12,Over
4,talk,99,8,VOTE Agent[11]
4,talk,100,2,Skip
4,talk,101,10,Over
4,talk,102,11,Over
4,talk,103,5,ESTIMATE Agent[11] MEDIUM
4,talk,104,3,Skip
4,talk,105,4,Over
4,talk,106,6,Over
4,talk,107,12,Over
4,talk,108,13,Over
4,talk,109,14,Over
4,whisper,270,2,Skip
4,whisper,271,14,Skip
4,whisper,272,12,Over
4,whisper,273,2,Skip
4,whisper,274,14,Skip
4,whisper,275,12,Over
4,whisper,276,2,Skip
4,whisper,277,14,Skip
4,whisper,278,12,Over
4,whisper,279,14,Skip
4,whisper,280,2,Skip
4,whisper,281,12,Over
4,whisper,282,14,Skip
4,whisper,283,2,Skip
4,whisper,284,12,Over
4,whisper,285,2,Skip
4,whisper,286,14,Skip
4,whisper,287,12,Over
4,whisper,288,2,Skip
4,whisper,289,14,Skip
4,whisper,290,12,Over
4,whisper,291,14,Skip
4,whisper,292,2,Skip
4,whisper,293,12,Over
4,whisper,294,14,Skip
4,whisper,295,2,Skip
4,whisper,296,12,Over
4,whisper,297,14,Skip
4,whisper,298,2,Skip
4,whisper,299,12,Over
4,vote,2,5
4,vote,3,5
4,vote,4,2
4,vote,5,2
4,vote,6,10
4,vote,8,11
4,vote,10,13
4,vote,11,2
4,vote,12,10
4,vote,13,5
4,vote,14,5
4,attackVote,2,5
4,execute,5,VILLAGER
4,attack,-1,false
5,status,1,BODYGUARD,DEAD,cash
5,status,2,WEREWOLF,ALIVE,kSugar
5,status,3,VILLAGER,ALIVE,haretaro
5,status,4,POSSESSED,ALIVE,Kanolab
5,status,5,VILLAGER,DEAD,wasabi
5,status,6,VILLAGER,ALIVE,TOT
5,status,7,VILLAGER,DEAD,nakamura
5,status,8,VILLAGER,ALIVE,iace10442
5,status,9,VILLAGER,DEAD,tkAI
5,status,10,VILLAGER,ALIVE,NLwolf
5,status,11,MEDIUM,ALIVE,carlo
5,status,12,WEREWOLF,ALIVE,twn480
5,status,13,VILLAGER,ALIVE,KajiGod
5,status,14,WEREWOLF,ALIVE,howls
5,status,15,SEER,DEAD,Udon
5,talk,0,14,Over
5,talk,1,2,Skip
5,talk,2,13,VOTE Agent[08]
5,talk,3,6,VOTE Agent[10]
5,talk,4,3,VOTE Agent[12]
5,talk,5,4,VOTE Agent[08]
5,talk,6,11,INQUESTED Agent[05] HUMAN
5,talk,7,10,Skip
5,talk,8,12,Over
5,talk,9,8,Skip
5,whisper,0,14,Skip
5,whisper,1,2,Skip
5,whisper,2,12,Over
5,whisper,3,14,Skip
5,whisper,4,2,Skip
5,whisper,5,12,Over
5,whisper,6,14,Skip
5,whisper,7,2,Skip
5,whisper,8,12,Over
5,whisper,9,2,Skip
5,whisper,10,14,Skip
5,whisper,11,12,Over
5,whisper,12,14,Skip
5,whisper,13,2,Skip
5,whisper,14,12,Over
5,whisper,15,14,Skip
5,whisper,16,2,Skip
5,whisper,17,12,Over
5,whisper,18,14,Skip
5,whisper,19,2,Skip
5,whisper,20,12,Over
5,whisper,21,2,Skip
5,whisper,22,14,Skip
5,whisper,23,12,Over
5,whisper,24,2,Skip
5,whisper,25,14,Skip
5,whisper,26,12,Over
5,whisper,27,2,Skip
5,whisper,28,14,Skip
5,whisper,29,12,Over
5,talk,10,4,Over
5,talk,11,12,Over
5,talk,12,14,Over
5,talk,13,13,Over
5,talk,14,2,VOTE Agent[05]
5,talk,15,11,VOTE Agent[09]
5,talk,16,6,Over
5,talk,17,10,Skip
5,talk,18,3,VOTE Agent[08]
5,talk,19,8,Skip
5,whisper,30,12,Over
5,whisper,31,2,Skip
5,whisper,32,14,Skip
5,whisper,33,12,Over
5,whisper,34,2,Skip
5,whisper,35,14,Skip
5,whisper,36,2,Skip
5,whisper,37,12,Over
5,whisper,38,14,Skip
5,whisper,39,12,Over
5,whisper,40,14,Skip
5,whisper,41,2,Skip
5,whisper,42,12,Over
5,whisper,43,14,Skip
5,whisper,44,2,Skip
5,whisper,45,12,Over
5,whisper,46,2,Skip
5,whisper,47,14,Skip
5,whisper,48,2,Skip
5,whisper,49,12,Over
5,whisper,50,14,Skip
5,whisper,51,14,Skip
5,whisper,52,12,Over
5,whisper,53,2,Skip
5,whisper,54,14,Skip
5,whisper,55,2,Skip
5,whisper,56,12,Over
5,whisper,57,2,Skip
5,whisper,58,14,Skip
5,whisper,59,12,Over
5,talk,20,11,Over
5,talk,21,14,Over
5,talk,22,8,Skip
5,talk,23,12,Over
5,talk,24,3,Skip
5,talk,25,4,Over
5,talk,26,10,Skip
5,talk,27,2,VOTE Agent[08]
5,talk,28,6,Over
5,talk,29,13,Over
5,whisper,60,12,Over
5,whisper,61,2,Skip
5,whisper,62,14,Skip
5,whisper,63,14,Skip
5,whisper,64,2,Skip
5,whisper,65,12,Over
5,whisper,66,2,Skip
5,whisper,67,14,Skip
5,whisper,68,12,Over
5,whisper,69,14,Skip
5,whisper,70,2,Skip
5,whisper,71,12,Over
5,whisper,72,14,Skip
5,whisper,73,2,Skip
5,whisper,74,12,Over
5,whisper,75,14,Skip
5,whisper,76,2,Skip
5,whisper,77,12,Over
5,whisper,78,14,Skip
5,whisper,79,2,Skip
5,whisper,80,12,Over
5,whisper,81,2,Skip
5,whisper,82,14,Skip
5,whisper,83,12,Over
5,whisper,84,2,Skip
5,whisper,85,14,Skip
5,whisper,86,12,Over
5,whisper,87,2,Skip
5,whisper,88,14,Skip
5,whisper,89,12,Over
5,talk,30,14,Over
5,talk,31,12,Over
5,talk,32,4,Over
5,talk,33,3,Skip
5,talk,34,8,VOTE Agent[03]
5,talk,35,11,Over
5,talk,36,2,VOTE Agent[08]
5,talk,37,10,VOTE Agent[11]
5,talk,38,6,Over
5,talk,39,13,Over
5,whisper,90,2,Skip
5,whisper,91,12,Over
5,whisper,92,14,Skip
5,whisper,93,2,Skip
5,whisper,94,14,Skip
5,whisper,95,12,Over
5,whisper,96,2,Skip
5,whisper,97,14,Skip
5,whisper,98,12,Over
5,whisper,99,14,Skip
5,whisper,100,2,Skip
5,whisper,101,12,Over
5,whisper,102,2,Skip
5,whisper,103,14,Skip
5,whisper,104,12,Over
5,whisper,105,14,Skip
5,whisper,106,2,Skip
5,whisper,107,12,Over
5,whisper,108,14,Skip
5,whisper,109,2,Skip
5,whisper,110,12,Over
5,whisper,111,14,Skip
5,whisper,112,2,Skip
5,whisper,113,12,Over
5,whisper,114,14,Skip
5,whisper,115,2,Skip
5,whisper,116,12,Over
5,whisper,117,14,Skip
5,whisper,118,2,Skip
5,whisper,119,12,Over
5,talk,40,10,Over
5,talk,41,14,Over
5,talk,42,3,Skip
5,talk,43,8,Over
5,talk,44,2,VOTE Agent[08]
5,talk,45,12,Over
5,talk,46,11,Over
5,talk,47,4,Over
5,talk,48,6,Over
5,talk,49,13,Over
5,whisper,120,12,Over
5,whisper,121,2,Skip
5,whisper,122,14,Skip
5,whisper,123,12,Over
5,whisper,124,2,Skip
5,whisper,125,14,Skip
5,whisper,126,2,Skip
5,whisper,127,12,Over
5,whisper,128,14,Skip
5,whisper,129,2,Skip
5,whisper,130,14,Skip
5,whisper,131,12,Over
5,whisper,132,14,Skip
5,whisper,133,2,Skip
5,whisper,134,12,Over
5,whisper,135,2,Skip
5,whisper,136,14,Skip
5,whisper,137,12,Over
5,whisper,138,14,Skip
5,whisper,139,2,Skip
5,whisper,140,12,Over
5,whisper,141,14,Skip
5,whisper,142,2,Skip
5,whisper,143,12,Over
5,whisper,144,14,Skip
5,whisper,145,2,Skip
5,whisper,146,12,Over
5,whisper,147,14,Skip
5,whisper,148,2,Skip
5,whisper,149,12,Over
5,talk,50,14,Over
5,talk,51,3,Skip
5,talk,52,8,Over
5,talk,53,2,Skip
5,talk,54,10,Over
5,talk,55,4,Over
5,talk,56,6,Over
5,talk,57,11,Over
5,talk,58,12,Over
5,talk,59,13,Over
5,whisper,150,14,Skip
5,whisper,151,12,Over
5,whisper,152,2,Skip
5,whisper,153,2,Skip
5,whisper,154,12,Over
5,whisper,155,14,Skip
5,whisper,156,12,Over
5,whisper,157,2,Skip
5,whisper,158,14,Skip
5,whisper,159,12,Over
5,whisper,160,2,Skip
5,whisper,161,14,Skip
5,whisper,162,2,Skip
5,whisper,163,12,Over
5,whisper,164,14,Skip
5,whisper,165,14,Skip
5,whisper,166,2,Skip
5,whisper,167,12,Over
5,whisper,168,2,Skip
5,whisper,169,14,Skip
5,whisper,170,12,Over
5,whisper,171,2,Skip
5,whisper,172,14,Skip
5,whisper,173,12,Over
5,whisper,174,2,Skip
5,whisper,175,14,Skip
5,whisper,176,12,Over
5,whisper,177,14,Skip
5,whisper,178,2,Skip
5,whisper,179,12,Over
5,talk,60,3,Skip
5,talk,61,14,Over
5,talk,62,8,Over
5,talk,63,2,Skip
5,talk,64,4,Over
5,talk,65,6,Over
5,talk,66,10,Over
5,talk,67,11,Over
5,talk,68,12,Over
5,talk,69,13,Over
5,whisper,180,14,Skip
5,whisper,181,12,Over
5,whisper,182,2,Skip
5,whisper,183,2,Skip
5,whisper,184,12,Over
5,whisper,185,14,Skip
5,whisper,186,2,Skip
5,whisper,187,14,Skip
5,whisper,188,12,Over
5,whisper,189,2,Skip
5,whisper,190,14,Skip
5,whisper,191,12,Over
5,whisper,192,14,Skip
5,whisper,193,2,Skip
5,whisper,194,12,Over
5,whisper,195,2,Skip
5,whisper,196,14,Skip
5,whisper,197,12,Over
5,whisper,198,2,Skip
5,whisper,199,14,Skip
5,whisper,200,12,Over
5,whisper,201,14,Skip
5,whisper,202,2,Skip
5,whisper,203,12,Over
5,whisper,204,2,Skip
5,whisper,205,14,Skip
5,whisper,206,12,Over
5,whisper,207,14,Skip
5,whisper,208,2,Skip
5,whisper,209,12,Over
5,talk,70,8,Over
5,talk,71,3,Skip
5,talk,72,14,Over
5,talk,73,2,Skip
5,talk,74,4,Over
5,talk,75,6,Over
5,talk,76,10,Over
5,talk,77,11,Over
5,talk,78,12,Over
5,talk,79,13,Over
5,whisper,210,14,Skip
5,whisper,211,12,Over
5,whisper,212,2,Skip
5,whisper,213,12,Over
5,whisper,214,14,Skip
5,whisper,215,2,Skip
5,whisper,216,2,Skip
5,whisper,217,14,Skip
5,whisper,218,12,Over
5,whisper,219,14,Skip
5,whisper,220,2,Skip
5,whisper,221,12,Over
5,whisper,222,14,Skip
5,whisper,223,2,Skip
5,whisper,224,12,Over
5,whisper,225,14,Skip
5,whisper,226,2,Skip
5,whisper,227,12,Over
5,whisper,228,14,Skip
5,whisper,229,2,Skip
5,whisper,230,12,Over
5,whisper,231,14,Skip
5,whisper,232,2,Skip
5,whisper,233,12,Over
5,whisper,234,2,Skip
5,whisper,235,14,Skip
5,whisper,236,12,Over
5,whisper,237,2,Skip
5,whisper,238,14,Skip
5,whisper,239,12,Over
5,talk,80,3,Skip
5,talk,81,8,Over
5,talk,82,2,Skip
5,talk,83,14,Over
5,talk,84,4,Over
5,talk,85,6,Over
5,talk,86,10,Over
5,talk,87,11,Over
5,talk,88,12,Over
5,talk,89,13,Over
5,whisper,240,14,Skip
5,whisper,241,2,Skip
5,whisper,242,12,Over
5,whisper,243,14,Skip
5,whisper,244,2,Skip
5,whisper,245,12,Over
5,whisper,246,2,Skip
5,whisper,247,14,Skip
5,whisper,248,12,Over
5,whisper,249,2,Skip
5,whisper,250,14,Skip
5,whisper,251,12,Over
5,whisper,252,2,Skip
5,whisper,253,14,Skip
5,whisper,254,12,Over
5,whisper,255,14,Skip
5,whisper,256,2,Skip
5,whisper,257,12,Over
5,whisper,258,14,Skip
5,whisper,259,2,Skip
5,whisper,260,12,Over
5,whisper,261,2,Skip
5,whisper,262,14,Skip
5,whisper,263,12,Over
5,whisper,264,2,Skip
5,whisper,265,14,Skip
5,whisper,266,12,Over
5,whisper,267,2,Skip
5,whisper,268,14,Skip
5,whisper,269,12,Over
5,talk,90,2,Skip
5,talk,91,3,Skip
5,talk,92,8,Over
5,talk,93,4,Over
5,talk,94,6,Over
5,talk,95,10,Over
5,talk,96,11,Over
5,talk,97,12,Over
5,talk,98,13,Over
5,talk,99,14,Over
5,whisper,270,2,Skip
5,whisper,271,14,Skip
5,whisper,272,12,Over
5,whisper,273,2,Skip
5,whisper,274,14,Skip
5,whisper,275,12,Over
5,whisper,276,2,Skip
5,whisper,277,14,Skip
5,whisper,278,12,Over
5,whisper,279,14,Skip
5,whisper,280,2,Skip
5,whisper,281,12,Over
5,whisper,282,2,Skip
5,whisper,283,14,Skip
5,whisper,284,12,Over
5,whisper,285,14,Skip
5,whisper,286,2,Skip
5,whisper,287,12,Over
5,whisper,288,14,Skip
5,whisper,289,2,Skip
5,whisper,290,12,Over
5,whisper,291,2,Skip
5,whisper,292,14,Skip
5,whisper,293,12,Over
5,whisper,294,2,Skip
5,whisper,295,14,Skip
5,whisper,296,12,Over
5,whisper,297,14,Skip
5,whisper,298,2,Skip
5,whisper,299,12,Over
5,vote,2,8
5,vote,3,8
5,vote,4,8
5,vote,6,10
5,vote,8,3
5,vote,10,11
5,vote,11,14
5,vote,12,8
5,vote,13,8
5,vote,14,11
5,attackVote,2,8
5,execute,8,VILLAGER
5,attack,-1,false
6,status,1,BODYGUARD,DEAD,cash
6,status,2,WEREWOLF,ALIVE,kSugar
6,status,3,VILLAGER,ALIVE,haretaro
6,status,4,POSSESSED,ALIVE,Kanolab
6,status,5,VILLAGER,DEAD,wasabi
6,status,6,VILLAGER,ALIVE,TOT
6,status,7,VILLAGER,DEAD,nakamura
6,status,8,VILLAGER,DEAD,iace10442
6,status,9,VILLAGER,DEAD,tkAI
6,status,10,VILLAGER,ALIVE,NLwolf
6,status,11,MEDIUM,ALIVE,carlo
6,status,12,WEREWOLF,ALIVE,twn480
6,status,13,VILLAGER,ALIVE,KajiGod
6,status,14,WEREWOLF,ALIVE,howls
6,status,15,SEER,DEAD,Udon
6,talk,0,11,INQUESTED Agent[08] HUMAN
6,talk,1,2,Skip
6,talk,2,4,VOTE Agent[02]
6,talk,3,13,VOTE Agent[03]
6,talk,4,12,Over
6,talk,5,14,Over
6,talk,6,3,VOTE Agent[12]
6,talk,7,10,Skip
6,talk,8,6,VOTE Agent[10]
6,whisper,0,12,Over
6,whisper,1,14,Skip
6,whisper,2,2,Skip
6,whisper,3,2,Skip
6,whisper,4,14,Skip
6,whisper,5,12,Over
6,whisper,6,14,Skip
6,whisper,7,2,Skip
6,whisper,8,12,Over
6,whisper,9,14,Skip
6,whisper,10,2,Skip
6,whisper,11,12,Over
6,whisper,12,2,Skip
6,whisper,13,14,Skip
6,whisper,14,12,Over
6,whisper,15,14,Skip
6,whisper,16,2,Skip
6,whisper,17,12,Over
6,whisper,18,2,Skip
6,whisper,19,14,Skip
6,whisper,20,12,Over
6,whisper,21,2,Skip
6,whisper,22,14,Skip
6,whisper,23,12,Over
6,whisper,24,14,Skip
6,whisper,25,2,Skip
6,whisper,26,12,Over
6,whisper,27,2,Skip
6,whisper,28,14,Skip
6,whisper,29,12,Over
6,talk,9,14,Over
6,talk,10,6,Over
6,talk,11,12,Over
6,talk,12,4,Over
6,talk,13,11,VOTE Agent[09]
6,talk,14,3,VOTE Agent[10]
6,talk,15,2,VOTE Agent[05]
6,talk,16,10,Skip
6,talk,17,13,Over
6,whisper,30,12,Over
6,whisper,31,2,Skip
6,whisper,32,14,Skip
6,whisper,33,14,Skip
6,whisper,34,2,Skip
6,whisper,35,12,Over
6,whisper,36,2,Skip
6,whisper,37,14,Skip
6,whisper,38,12,Over
6,whisper,39,14,Skip
6,whisper,40,2,Skip
6,whisper,41,12,Over
6,whisper,42,2,Skip
6,whisper,43,14,Skip
6,whisper,44,12,Over
6,whisper,45,14,Skip
6,whisper,46,2,Skip
6,whisper,47,12,Over
6,whisper,48,14,Skip
6,whisper,49,2,Skip
6,whisper,50,12,Over
6,whisper,51,2,Skip
6,whisper,52,14,Skip
6,whisper,53,12,Over
6,whisper,54,14,Skip
6,whisper,55,2,Skip
6,whisper,56,12,Over
6,whisper,57,14,Skip
6,whisper,58,2,Skip
6,whisper,59,12,Over
6,talk,18,6,Over
6,talk,19,14,Over
6,talk,20,3,Skip
6,talk,21,10,Skip
6,talk,22,12,Over
6,talk,23,4,Over
6,talk,24,11,Over
6,talk,25,2,VOTE Agent[10]
6,talk,26,13,Over
6,whisper,60,2,Skip
6,whisper,61,14,Skip
6,whisper,62,12,Over
6,whisper,63,2,Skip
6,whisper,64,14,Skip
6,whisper,65,12,Over
6,whisper,66,2,Skip
6,whisper,67,14,Skip
6,whisper,68,12,Over
6,whisper,69,2,Skip
6,whisper,70,14,Skip
6,whisper,71,12,Over
6,whisper,72,2,Skip
6,whisper,73,14,Skip
6,whisper,74,12,Over
6,whisper,75,14,Skip
6,whisper,76,2,Skip
6,whisper,77,12,Over
6,whisper,78,2,Skip
6,whisper,79,14,Skip
6,whisper,80,12,Over
6,whisper,81,2,Skip
6,whisper,82,14,Skip
6,whisper,83,12,Over
6,whisper,84,2,Skip
6,whisper,85,14,Skip
6,whisper,86,12,Over
6,whisper,87,14,Skip
6,whisper,88,2,Skip
6,whisper,89,12,Over
6,talk,27,12,Over
6,talk,28,6,Over
6,talk,29,14,Over
6,talk,30,11,Over
6,talk,31,4,Over
6,talk,32,2,VOTE Agent[10]
6,talk,33,3,Skip
6,talk,34,10,VOTE Agent[13]
6,talk,35,13,Over
6,whisper,90,14,Skip
6,whisper,91,12,Over
6,whisper,92,2,Skip
6,whisper,93,12,Over
6,whisper,94,14,Skip
6,whisper,95,2,Skip
6,whisper,96,2,Skip
6,whisper,97,14,Skip
6,whisper,98,12,Over
6,whisper,99,14,Skip
6,whisper,100,2,Skip
6,whisper,101,12,Over
6,whisper,102,2,Skip
6,whisper,103,14,Skip
6,whisper,104,12,Over
6,whisper,105,14,Skip
6,whisper,106,2,Skip
6,whisper,107,12,Over
6,whisper,108,14,Skip
6,whisper,109,2,Skip
6,whisper,110,12,Over
6,whisper,111,2,Skip
6,whisper,112,14,Skip
6,whisper,113,12,Over
6,whisper,114,2,Skip
6,whisper,115,14,Skip
6,whisper,116,12,Over
6,whisper,117,2,Skip
6,whisper,118,14,Skip
6,whisper,119,12,Over
6,talk,36,11,Over
6,talk,37,2,VOTE Agent[10]
6,talk,38,4,Over
6,talk,39,3,Skip
6,talk,40,14,Over
6,talk,41,12,Over
6,talk,42,6,Over
6,talk,43,10,Over
6,talk,44,13,Over
6,whisper,120,12,Over
6,whisper,121,14,Skip
6,whisper,122,2,Skip
6,whisper,123,14,Skip
6,whisper,124,2,Skip
6,whisper,125,12,Over
6,whisper,126,2,Skip
6,whisper,127,14,Skip
6,whisper,128,12,Over
6,whisper,129,2,Skip
6,whisper,130,14,Skip
6,whisper,131,12,Over
6,whisper,132,14,Skip
6,whisper,133,2,Skip
6,whisper,134,12,Over
6,whisper,135,14,Skip
6,whisper,136,2,Skip
6,whisper,137,12,Over
6,whisper,138,14,Skip
6,whisper,139,2,Skip
6,whisper,140,12,Over
6,whisper,141,2,Skip
6,whisper,142,14,Skip
6,whisper,143,12,Over
6,whisper,144,2,Skip
6,whisper,145,14,Skip
6,whisper,146,12,Over
6,whisper,147,2,Skip
6,whisper,148,14,Skip
6,whisper,149,12,Over
6,talk,45,2,Skip
6,talk,46,4,Over
6,talk,47,3,Skip
6,talk,48,11,Over
6,talk,49,6,Over
6,talk,50,10,Over
6,talk,51,12,Over
6,talk,52,13,Over
6,talk,53,14,Over
6,whisper,150,12,Over
6,whisper,151,2,Skip
6,whisper,152,14,Skip
6,whisper,153,12,Over
6,whisper,154,14,Skip
6,whisper,155,2,Skip
6,whisper,156,2,Skip
6,whisper,157,12,Over
6,whisper,158,14,Skip
6,whisper,159,14,Skip
6,whisper,160,2,Skip
6,whisper,161,12,Over
6,whisper,162,2,Skip
6,whisper,163,14,Skip
6,whisper,164,12,Over
6,whisper,165,2,Skip
6,whisper,166,14,Skip
6,whisper,167,12,Over
6,whisper,168,14,Skip
6,whisper,169,2,Skip
6,whisper,170,12,Over
6,whisper,171,14,Skip
6,whisper,172,2,Skip
6,whisper,173,12,Over
6,whisper,174,14,Skip
6,whisper,175,2,Skip
6,whisper,176,12,Over
6,whisper,177,14,Skip
6,whisper,178,2,Skip
6,whisper,179,12,Over
6,talk,54,4,Over
6,talk,55,2,Skip
6,talk,56,3,Skip
6,talk,57,6,Over
6,talk,58,10,Over
6,talk,59,11,Over
6,talk,60,12,Over
6,talk,61,13,Over
6,talk,62,14,Over
6,whisper,180,12,Over
6,whisper,181,2,Skip
6,whisper,182,14,Skip
6,whisper,183,12,Over
6,whisper,184,14,Skip
6,whisper,185,2,Skip
6,whisper,186,12,Over
6,whisper,187,2,Skip
6,whisper,188,14,Skip
6,whisper,189,12,Over
6,whisper,190,2,Skip
6,whisper,191,14,Skip
6,whisper,192,14,Skip
6,whisper,193,2,Skip
6,whisper,194,12,Over
6,whisper,195,14,Skip
6,whisper,196,2,Skip
6,whisper,197,12,Over
6,whisper,198,14,Skip
6,whisper,199,2,Skip
6,whisper,200,12,Over
6,whisper,201,14,Skip
6,whisper,202,2,Skip
6,whisper,203,12,Over
6,whisper,204,2,Skip
6,whisper,205,14,Skip
6,whisper,206,12,Over
6,whisper,207,14,Skip
6,whisper,208,2,Skip
6,whisper,209,12,Over
6,talk,63,2,Skip
6,talk,64,3,Skip
6,talk,65,4,Over
6,talk,66,6,Over
6,talk,67,10,Over
6,talk,68,11,Over
6,talk,69,12,Over
6,talk,70,13,Over
6,talk,71,14,Over
6,whisper,210,14,Skip
6,whisper,211,2,Skip
6,whisper,212,12,Over
6,whisper,213,2,Skip
6,whisper,214,14,Skip
6,whisper,215,12,Over
6,whisper,216,14,Skip
6,whisper,217,2,Skip
6,whisper,218,12,Over
6,whisper,219,2,Skip
6,whisper,220,14,Skip
6,whisper,221,12,Over
6,whisper,222,14,Skip
6,whisper,223,2,Skip
6,whisper,224,12,Over
6,whisper,225,14,Skip
6,whisper,226,2,Skip
6,whisper,227,12,Over
6,whisper,228,2,Skip
6,whisper,229,14,Skip
6,whisper,230,12,Over
6,whisper,231,14,Skip
6,whisper,232,2,Skip
6,whisper,233,12,Over
6,whisper,234,2,Skip
6,whisper,235,14,Skip
6,whisper,236,12,Over
6,whisper,237,2,Skip
6,whisper,238,14,Skip
6,whisper,239,12,Over
6,talk,72,2,Skip
6,talk,73,3,Skip
6,talk,74,4,Over
6,talk,75,6,Over
6,talk,76,10,Over
6,talk,77,11,Over
6,talk,78,12,Over
6,talk,79,13,Over
6,talk,80,14,Over
6,whisper,240,14,Skip
6,whisper,241,12,Over
6,whisper,242,2,Skip
6,whisper,243,2,Skip
6,whisper,244,12,Over
6,whisper,245,14,Skip
6,whisper,246,14,Skip
6,whisper,247,2,Skip
6,whisper,248,12,Over
6,whisper,249,14,Skip
6,whisper,250,2,Skip
6,whisper,251,12,Over
6,whisper,252,2,Skip
6,whisper,253,14,Skip
6,whisper,254,12,Over
6,whisper,255,2,Skip
6,whisper,256,14,Skip
6,whisper,257,12,Over
6,whisper,258,14,Skip
6,whisper,259,2,Skip
6,whisper,260,12,Over
6,whisper,261,2,Skip
6,whisper,262,14,Skip
6,whisper,263,12,Over
6,whisper,264,2,Skip
6,whisper,265,14,Skip
6,whisper,266,12,Over
6,whisper,267,14,Skip
6,whisper,268,2,Skip
6,whisper,269,12,Over
6,talk,81,3,Skip
6,talk,82,2,Skip
6,talk,83,4,Over
6,talk,84,6,Over
6,talk,85,10,Over
6,talk,86,11,Over
6,talk,87,12,Over
6,talk,88,13,Over
6,talk,89,14,Over
6,whisper,270,2,Skip
6,whisper,271,12,Over
6,whisper,272,14,Skip
6,whisper,273,14,Skip
6,whisper,274,12,Over
6,whisper,275,2,Skip
6,whisper,276,14,Skip
6,whisper,277,2,Skip
6,whisper,278,12,Over
6,whisper,279,2,Skip
6,whisper,280,14,Skip
6,whisper,281,12,Over
6,whisper,282,14,Skip
6,whisper,283,2,Skip
6,whisper,284,12,Over
6,whisper,285,2,Skip
6,whisper,286,14,Skip
6,whisper,287,12,Over
6,whisper,288,2,Skip
6,whisper,289,14,Skip
6,whisper,290,12,Over
6,whisper,291,2,Skip
6,whisper,292,14,Skip
6,whisper,293,12,Over
6,whisper,294,2,Skip
6,whisper,295,14,Skip
6,whisper,296,12,Over
6,whisper,297,2,Skip
6,whisper,298,14,Skip
6,whisper,299,12,Over
6,vote,2,10
6,vote,3,10
6,vote,4,2
6,vote,6,10
6,vote,10,13
6,vote,11,4
6,vote,12,2
6,vote,13,3
6,vote,14,13
6,attackVote,2,10
6,execute,10,VILLAGER
6,attack,-1,false
7,status,1,BODYGUARD,DEAD,cash
7,status,2,WEREWOLF,ALIVE,kSugar
7,status,3,VILLAGER,ALIVE,haretaro
7,status,4,POSSESSED,ALIVE,Kanolab
7,status,5,VILLAGER,DEAD,wasabi
7,status,6,VILLAGER,ALIVE,TOT
7,status,7,VILLAGER,DEAD,nakamura
7,status,8,VILLAGER,DEAD,iace10442
7,status,9,VILLAGER,DEAD,tkAI
7,status,10,VILLAGER,DEAD,NLwolf
7,status,11,MEDIUM,ALIVE,carlo
7,status,12,WEREWOLF,ALIVE,twn480
7,status,13,VILLAGER,ALIVE,KajiGod
7,status,14,WEREWOLF,ALIVE,howls
7,status,15,SEER,DEAD,Udon
7,talk,0,4,VOTE Agent[06]
7,talk,1,12,Over
7,talk,2,2,Skip
7,talk,3,11,INQUESTED Agent[10] HUMAN
7,talk,4,14,Over
7,talk,5,6,VOTE Agent[03]
7,talk,6,3,VOTE Agent[12]
7,talk,7,13,VOTE Agent[06]
7,whisper,0,14,Skip
7,whisper,1,12,Over
7,whisper,2,2,Skip
7,whisper,3,2,Skip
7,whisper,4,14,Skip
7,whisper,5,12,Over
7,whisper,6,14,Skip
7,whisper,7,2,Skip
7,whisper,8,12,Over
7,whisper,9,14,Skip
7,whisper,10,2,Skip
7,whisper,11,12,Over
7,whisper,12,14,Skip
7,whisper,13,2,Skip
7,whisper,14,12,Over
7,whisper,15,14,Skip
7,whisper,16,2,Skip
7,whisper,17,12,Over
7,whisper,18,2,Skip
7,whisper,19,14,Skip
7,whisper,20,12,Over
7,whisper,21,14,Skip
7,whisper,22,2,Skip
7,whisper,23,12,Over
7,whisper,24,2,Skip
7,whisper,25,14,Skip
7,whisper,26,12,Over
7,whisper,27,14,Skip
7,whisper,28,2,Skip
7,whisper,29,12,Over
7,talk,8,2,VOTE Agent[05]
7,talk,9,14,Over
7,talk,10,6,Over
7,talk,11,11,VOTE Agent[09]
7,talk,12,13,Over
7,talk,13,3,VOTE Agent[06]
7,talk,14,12,Over
7,talk,15,4,Over
7,whisper,30,12,Over
7,whisper,31,2,Skip
7,whisper,32,14,Skip
7,whisper,33,14,Skip
7,whisper,34,2,Skip
7,whisper,35,12,Over
7,whisper,36,2,Skip
7,whisper,37,14,Skip
7,whisper,38,12,Over
7,whisper,39,2,Skip
7,whisper,40,14,Skip
7,whisper,41,12,Over
7,whisper,42,14,Skip
7,whisper,43,2,Skip
7,whisper,44,12,Over
7,whisper,45,14,Skip
7,whisper,46,2,Skip
7,whisper,47,12,Over
7,whisper,48,2,Skip
7,whisper,49,14,Skip
7,whisper,50,12,Over
7,whisper,51,2,Skip
7,whisper,52,14,Skip
7,whisper,53,12,Over
7,whisper,54,14,Skip
7,whisper,55,2,Skip
7,whisper,56,12,Over
7,whisper,57,2,Skip
7,whisper,58,14,Skip
7,whisper,59,12,Over
7,talk,16,14,Over
7,talk,17,13,Over
7,talk,18,2,VOTE Agent[06]
7,talk,19,11,Over
7,talk,20,3,Skip
7,talk,21,6,Over
7,talk,22,4,Over
7,talk,23,12,Over
7,whisper,60,14,Skip
7,whisper,61,2,Skip
7,whisper,62,12,Over
7,whisper,63,2,Skip
7,whisper,64,14,Skip
7,whisper,65,12,Over
7,whisper,66,2,Skip
7,whisper,67,14,Skip
7,whisper,68,12,Over
7,whisper,69,2,Skip
7,whisper,70,14,Skip
7,whisper,71,12,Over
7,whisper,72,2,Skip
7,whisper,73,14,Skip
7,whisper,74,12,Over
7,whisper,75,14,Skip
7,whisper,76,2,Skip
7,whisper,77,12,Over
7,whisper,78,14,Skip
7,whisper,79,2,Skip
7,whisper,80,12,Over
7,whisper,81,14,Skip
7,whisper,82,2,Skip
7,whisper,83,12,Over
7,whisper,84,14,Skip
7,whisper,85,2,Skip
7,whisper,86,12,Over
7,whisper,87,2,Skip
7,whisper,88,14,Skip
7,whisper,89,12,Over
7,talk,24,14,Over
7,talk,25,13,Over
7,talk,26,2,VOTE Agent[06]
7,talk,27,3,Skip
7,talk,28,11,Over
7,talk,29,4,Over
7,talk,30,6,Over
7,talk,31,12,Over
7,whisper,90,14,Skip
7,whisper,91,2,Skip
7,whisper,92,12,Over
7,whisper,93,2,Skip
7,whisper,94,14,Skip
7,whisper,95,12,Over
7,whisper,96,2,Skip
7,whisper,97,14,Skip
7,whisper,98,12,Over
7,whisper,99,2,Skip
7,whisper,100,14,Skip
7,whisper,101,12,Over
7,whisper,102,14,Skip
7,whisper,103,2,Skip
7,whisper,104,12,Over
7,whisper,105,2,Skip
7,whisper,106,14,Skip
7,whisper,107,12,Over
7,whisper,108,2,Skip
7,whisper,109,14,Skip
7,whisper,110,12,Over
7,whisper,111,2,Skip
7,whisper,112,14,Skip
7,whisper,113,12,Over
7,whisper,114,2,Skip
7,whisper,115,14,Skip
7,whisper,116,12,Over
7,whisper,117,2,Skip
7,whisper,118,14,Skip
7,whisper,119,12,Over
7,talk,32,14,Over
7,talk,33,3,Skip
7,talk,34,13,Over
7,talk,35,2,VOTE Agent[06]
7,talk,36,4,Over
7,talk,37,6,Over
7,talk,38,11,Over
7,talk,39,12,Over
7,whisper,120,14,Skip
7,whisper,121,2,Skip
7,whisper,122,12,Over
7,whisper,123,2,Skip
7,whisper,124,14,Skip
7,whisper,125,12,Over
7,whisper,126,14,Skip
7,whisper,127,2,Skip
7,whisper,128,12,Over
7,whisper,129,2,Skip
7,whisper,130,14,Skip
7,whisper,131,12,Over
7,whisper,132,14,Skip
7,whisper,133,2,Skip
7,whisper,134,12,Over
7,whisper,135,2,Skip
7,whisper,136,14,Skip
7,whisper,137,12,Over
7,whisper,138,2,Skip
7,whisper,139,14,Skip
7,whisper,140,12,Over
7,whisper,141,14,Skip
7,whisper,142,2,Skip
7,whisper,143,12,Over
7,whisper,144,2,Skip
7,whisper,145,14,Skip
7,whisper,146,12,Over
7,whisper,147,2,Skip
7,whisper,148,14,Skip
7,whisper,149,12,Over
7,talk,40,14,Over
7,talk,41,3,Skip
7,talk,42,2,Skip
7,talk,43,13,Over
7,talk,44,4,Over
7,talk,45,6,Over
7,talk,46,11,Over
7,talk,47,12,Over
7,whisper,150,14,Skip
7,whisper,151,2,Skip
7,whisper,152,12,Over
7,whisper,153,2,Skip
7,whisper,154,14,Skip
7,whisper,155,12,Over
7,whisper,156,2,Skip
7,whisper,157,14,Skip
7,whisper,158,12,Over
7,whisper,159,14,Skip
7,whisper,160,2,Skip
7,whisper,161,12,Over
7,whisper,162,2,Skip
7,whisper,163,14,Skip
7,whisper,164,12,Over
7,whisper,165,14,Skip
7,whisper,166,2,Skip
7,whisper,167,12,Over
7,whisper,168,2,Skip
7,whisper,169,14,Skip
7,whisper,170,12,Over
7,whisper,171,14,Skip
7,whisper,172,2,Skip
7,whisper,173,12,Over
7,whisper,174,2,Skip
7,whisper,175,14,Skip
7,whisper,176,12,Over
7,whisper,177,14,Skip
7,whisper,178,2,Skip
7,whisper,179,12,Over
7,talk,48,3,Skip
7,talk,49,2,Skip
7,talk,50,14,Over
7,talk,51,4,Over
7,talk,52,6,Over
7,talk,53,11,Over
7,talk,54,12,Over
7,talk,55,13,Over
7,whisper,180,12,Over
7,whisper,181,2,Skip
7,whisper,182,14,Skip
7,whisper,183,14,Skip
7,whisper,184,2,Skip
7,whisper,185,12,Over
7,whisper,186,2,Skip
7,whisper,187,14,Skip
7,whisper,188,12,Over
7,whisper,189,2,Skip
7,whisper,190,14,Skip
7,whisper,191,12,Over
7,whisper,192,2,Skip
7,whisper,193,14,Skip
7,whisper,194,12,Over
7,whisper,195,14,Skip
7,whisper,196,2,Skip
7,whisper,197,12,Over
7,whisper,198,2,Skip
7,whisper,199,14,Skip
7,whisper,200,12,Over
7,whisper,201,2,Skip
7,whisper,202,14,Skip
7,whisper,203,12,Over
7,whisper,204,14,Skip
7,whisper,205,2,Skip
7,whisper,206,12,Over
7,whisper,207,2,Skip
7,whisper,208,14,Skip
7,whisper,209,12,Over
7,talk,56,3,Skip
7,talk,57,2,Skip
7,talk,58,4,Over
7,talk,59,6,Over
7,talk,60,11,Over
7,talk,61,12,Over
7,talk,62,13,Over
7,talk,63,14,Over
7,whisper,210,14,Skip
7,whisper,211,2,Skip
7,whisper,212,12,Over
7,whisper,213,2,Skip
7,whisper,214,14,Skip
7,whisper,215,12,Over
7,whisper,216,14,Skip
7,whisper,217,2,Skip
7,whisper,218,12,Over
7,whisper,219,2,Skip
7,whisper,220,14,Skip
7,whisper,221,12,Over
7,whisper,222,14,Skip
7,whisper,223,2,Skip
7,whisper,224,12,Over
7,whisper,225,14,Skip
7,whisper,226,2,Skip
7,whisper,227,12,Over
7,whisper,228,14,Skip
7,whisper,229,2,Skip
7,whisper,230,12,Over
7,whisper,231,2,Skip
7,whisper,232,14,Skip
7,whisper,233,12,Over
7,whisper,234,14,Skip
7,whisper,235,2,Skip
7,whisper,236,12,Over
7,whisper,237,2,Skip
7,whisper,238,14,Skip
7,whisper,239,12,Over
7,talk,64,2,Skip
7,talk,65,3,Skip
7,talk,66,4,Over
7,talk,67,6,Over
7,talk,68,11,Over
7,talk,69,12,Over
7,talk,70,13,Over
7,talk,71,14,Over
7,whisper,240,14,Skip
7,whisper,241,12,Over
7,whisper,242,2,Skip
7,whisper,243,14,Skip
7,whisper,244,2,Skip
7,whisper,245,12,Over
7,whisper,246,14,Skip
7,whisper,247,2,Skip
7,whisper,248,12,Over
7,whisper,249,2,Skip
7,whisper,250,14,Skip
7,whisper,251,12,Over
7,whisper,252,2,Skip
7,whisper,253,14,Skip
7,whisper,254,12,Over
7,whisper,255,14,Skip
7,whisper,256,2,Skip
7,whisper,257,12,Over
7,whisper,258,2,Skip
7,whisper,259,14,Skip
7,whisper,260,12,Over
7,whisper,261,14,Skip
7,whisper,262,2,Skip
7,whisper,263,12,Over
7,whisper,264,2,Skip
7,whisper,265,14,Skip
7,whisper,266,12,Over
7,whisper,267,2,Skip
7,whisper,268,14,Skip
7,whisper,269,12,Over
7,talk,72,2,Skip
7,talk,73,3,Skip
7,talk,74,4,Over
7,talk,75,6,Over
7,talk,76,11,Over
7,talk,77,12,Over
7,talk,78,13,Over
7,talk,79,14,Over
7,whisper,270,2,Skip
7,whisper,271,12,Over
7,whisper,272,14,Skip
7,whisper,273,12,Over
7,whisper,274,2,Skip
7,whisper,275,14,Skip
7,whisper,276,14,Skip
7,whisper,277,12,Over
7,whisper,278,2,Skip
7,whisper,279,12,Over
7,whisper,280,2,Skip
7,whisper,281,14,Skip
7,whisper,282,14,Skip
7,whisper,283,12,Over
7,whisper,284,2,Skip
7,whisper,285,12,Over
7,whisper,286,2,Skip
7,whisper,287,14,Skip
7,whisper,288,12,Over
7,whisper,289,14,Skip
7,whisper,290,2,Skip
7,whisper,291,14,Skip
7,whisper,292,12,Over
7,whisper,293,2,Skip
7,whisper,294,2,Skip
7,whisper,295,14,Skip
7,whisper,296,12,Over
7,whisper,297,2,Skip
7,whisper,298,14,Skip
7,whisper,299,12,Over
7,vote,2,6
7,vote,3,6
7,vote,4,6
7,vote,6,3
7,vote,11,3
7,vote,12,6
7,vote,13,6
7,vote,14,4
7,attackVote,2,6
7,execute,6,VILLAGER
7,attack,-1,false
8,status,1,BODYGUARD,DEAD,cash
8,status,2,WEREWOLF,ALIVE,kSugar
8,status,3,VILLAGER,ALIVE,haretaro
8,status,4,POSSESSED,ALIVE,Kanolab
8,status,5,VILLAGER,DEAD,wasabi
8,status,6,VILLAGER,DEAD,TOT
8,status,7,VILLAGER,DEAD,nakamura
8,status,8,VILLAGER,DEAD,iace10442
8,status,9,VILLAGER,DEAD,tkAI
8,status,10,VILLAGER,DEAD,NLwolf
8,status,11,MEDIUM,ALIVE,carlo
8,status,12,WEREWOLF,ALIVE,twn480
8,status,13,VILLAGER,ALIVE,KajiGod
8,status,14,WEREWOLF,ALIVE,howls
8,status,15,SEER,DEAD,Udon
8,talk,0,3,VOTE Agent[12]
8,talk,1,13,VOTE Agent[04]
8,talk,2,12,Over
8,talk,3,11,INQUESTED Agent[06] HUMAN
8,talk,4,14,Over
8,talk,5,4,VOTE Agent[02]
8,talk,6,2,Skip
8,whisper,0,14,Skip
8,whisper,1,12,Over
8,whisper,2,2,Skip
8,whisper,3,2,Skip
8,whisper,4,14,Skip
8,whisper,5,12,Over
8,whisper,6,2,Skip
8,whisper,7,14,Skip
8,whisper,8,12,Over
8,whisper,9,14,Skip
8,whisper,10,2,Skip
8,whisper,11,12,Over
8,whisper,12,14,Skip
8,whisper,13,2,Skip
8,whisper,14,12,Over
8,whisper,15,14,Skip
8,whisper,16,2,Skip
8,whisper,17,12,Over
8,whisper,18,14,Skip
8,whisper,19,2,Skip
8,whisper,20,12,Over
8,whisper,21,2,Skip
8,whisper,22,14,Skip
8,whisper,23,12,Over
8,whisper,24,14,Skip
8,whisper,25,2,Skip
8,whisper,26,12,Over
8,whisper,27,14,Skip
8,whisper,28,2,Skip
8,whisper,29,12,Over
8,talk,7,14,Over
8,talk,8,3,VOTE Agent[04]
8,talk,9,4,Over
8,talk,10,2,VOTE Agent[05]
8,talk,11,13,Over
8,talk,12,12,Over
8,talk,13,11,VOTE Agent[09]
8,whisper,30,14,Skip
8,whisper,31,12,Over
8,whisper,32,2,Skip
8,whisper,33,2,Skip
8,whisper,34,12,Over
8,whisper,35,14,Skip
8,whisper,36,14,Skip
8,whisper,37,12,Over
8,whisper,38,2,Skip
8,whisper,39,14,Skip
8,whisper,40,2,Skip
8,whisper,41,12,Over
8,whisper,42,14,Skip
8,whisper,43,2,Skip
8,whisper,44,12,Over
8,whisper,45,14,Skip
8,whisper,46,2,Skip
8,whisper,47,12,Over
8,whisper,48,14,Skip
8,whisper,49,2,Skip
8,whisper,50,12,Over
8,whisper,51,14,Skip
8,whisper,52,2,Skip
8,whisper,53,12,Over
8,whisper,54,14,Skip
8,whisper,55,2,Skip
8,whisper,56,12,Over
8,whisper,57,14,Skip
8,whisper,58,2,Skip
8,whisper,59,12,Over
8,talk,14,11,Over
8,talk,15,2,VOTE Agent[04]
8,talk,16,3,Skip
8,talk,17,4,Over
8,talk,18,13,Over
8,talk,19,14,Over
8,talk,20,12,Over
8,whisper,60,2,Skip
8,whisper,61,14,Skip
8,whisper,62,12,Over
8,whisper,63,14,Skip
8,whisper,64,2,Skip
8,whisper,65,12,Over
8,whisper,66,14,Skip
8,whisper,67,2,Skip
8,whisper,68,12,Over
8,whisper,69,14,Skip
8,whisper,70,2,Skip
8,whisper,71,12,Over
8,whisper,72,2,Skip
8,whisper,73,14,Skip
8,whisper,74,12,Over
8,whisper,75,2,Skip
8,whisper,76,14,Skip
8,whisper,77,12,Over
8,whisper,78,2,Skip
8,whisper,79,14,Skip
8,whisper,80,12,Over
8,whisper,81,2,Skip
8,whisper,82,14,Skip
8,whisper,83,12,Over
8,whisper,84,14,Skip
8,whisper,85,2,Skip
8,whisper,86,12,Over
8,whisper,87,14,Skip
8,whisper,88,2,Skip
8,whisper,89,12,Over
8,talk,21,11,Over
8,talk,22,3,Skip
8,talk,23,2,VOTE Agent[04]
8,talk,24,4,Over
8,talk,25,12,Over
8,talk,26,13,Over
8,talk,27,14,Over
8,whisper,90,2,Skip
8,whisper,91,14,Skip
8,whisper,92,12,Over
8,whisper,93,2,Skip
8,whisper,94,14,Skip
8,whisper,95,12,Over
8,whisper,96,14,Skip
8,whisper,97,2,Skip
8,whisper,98,12,Over
8,whisper,99,14,Skip
8,whisper,100,2,Skip
8,whisper,101,12,Over
8,whisper,102,14,Skip
8,whisper,103,2,Skip
8,whisper,104,12,Over
8,whisper,105,14,Skip
8,whisper,106,2,Skip
8,whisper,107,12,Over
8,whisper,108,2,Skip
8,whisper,109,14,Skip
8,whisper,110,12,Over
8,whisper,111,14,Skip
8,whisper,112,2,Skip
8,whisper,113,12,Over
8,whisper,114,14,Skip
8,whisper,115,2,Skip
8,whisper,116,12,Over
8,whisper,117,14,Skip
8,whisper,118,2,Skip
8,whisper,119,12,Over
8,talk,28,3,Skip
8,talk,29,11,Over
8,talk,30,2,VOTE Agent[04]
8,talk,31,4,Over
8,talk,32,12,Over
8,talk,33,13,Over
8,talk,34,14,Over
8,whisper,120,2,Skip
8,whisper,121,14,Skip
8,whisper,122,12,Over
8,whisper,123,2,Skip
8,whisper,124,14,Skip
8,whisper,125,12,Over
8,whisper,126,2,Skip
8,whisper,127,14,Skip
8,whisper,128,12,Over
8,whisper,129,14,Skip
8,whisper,130,2,Skip
8,whisper,131,12,Over
8,whisper,132,14,Skip
8,whisper,133,2,Skip
8,whisper,134,12,Over
8,whisper,135,2,Skip
8,whisper,136,14,Skip
8,whisper,137,12,Over
8,whisper,138,2,Skip
8,whisper,139,14,Skip
8,whisper,140,12,Over
8,whisper,141,2,Skip
8,whisper,142,14,Skip
8,whisper,143,12,Over
8,whisper,144,2,Skip
8,whisper,145,14,Skip
8,whisper,146,12,Over
8,whisper,147,14,Skip
8,whisper,148,2,Skip
8,whisper,149,12,Over
8,talk,35,2,Skip
8,talk,36,3,Skip
8,talk,37,11,Over
8,talk,38,4,Over
8,talk,39,12,Over
8,talk,40,13,Over
8,talk,41,14,Over
8,whisper,150,14,Skip
8,whisper,151,12,Over
8,whisper,152,2,Skip
8,whisper,153,2,Skip
8,whisper,154,14,Skip
8,whisper,155,12,Over
8,whisper,156,2,Skip
8,whisper,157,14,Skip
8,whisper,158,12,Over
8,whisper,159,14,Skip
8,whisper,160,2,Skip
8,whisper,161,12,Over
8,whisper,162,2,Skip
8,whisper,163,14,Skip
8,whisper,164,12,Over
8,whisper,165,14,Skip
8,whisper,166,2,Skip
8,whisper,167,12,Over
8,whisper,168,14,Skip
8,whisper,169,2,Skip
8,whisper,170,12,Over
8,whisper,171,14,Skip
8,whisper,172,2,Skip
8,whisper,173,12,Over
8,whisper,174,14,Skip
8,whisper,175,2,Skip
8,whisper,176,12,Over
8,whisper,177,14,Skip
8,whisper,178,2,Skip
8,whisper,179,12,Over
8,talk,42,2,Skip
8,talk,43,3,Skip
8,talk,44,4,Over
8,talk,45,11,Over
8,talk,46,12,Over
8,talk,47,13,Over
8,talk,48,14,Over
8,whisper,180,12,Over
8,whisper,181,2,Skip
8,whisper,182,14,Skip
8,whisper,183,14,Skip
8,whisper,184,12,Over
8,whisper,185,2,Skip
8,whisper,186,2,Skip
8,whisper,187,14,Skip
8,whisper,188,12,Over
8,whisper,189,14,Skip
8,whisper,190,2,Skip
8,whisper,191,12,Over
8,whisper,192,2,Skip
8,whisper,193,14,Skip
8,whisper,194,12,Over
8,whisper,195,2,Skip
8,whisper,196,14,Skip
8,whisper,197,12,Over
8,whisper,198,2,Skip
8,whisper,199,14,Skip
8,whisper,200,12,Over
8,whisper,201,2,Skip
8,whisper,202,14,Skip
8,whisper,203,12,Over
8,whisper,204,2,Skip
8,whisper,205,14,Skip
8,whisper,206,12,Over
8,whisper,207,14,Skip
8,whisper,208,2,Skip
8,whisper,209,12,Over
8,talk,49,2,Skip
8,talk,50,3,Skip
8,talk,51,4,Over
8,talk,52,11,Over
8,talk,53,12,Over
8,talk,54,13,Over
8,talk,55,14,Over
8,whisper,210,2,Skip
8,whisper,211,14,Skip
8,whisper,212,12,Over
8,whisper,213,14,Skip
8,whisper,214,2,Skip
8,whisper,215,12,Over
8,whisper,216,2,Skip
8,whisper,217,14,Skip
8,whisper,218,12,Over
8,whisper,219,2,Skip
8,whisper,220,14,Skip
8,whisper,221,12,Over
8,whisper,222,14,Skip
8,whisper,223,2,Skip
8,whisper,224,12,Over
8,whisper,225,2,Skip
8,whisper,226,14,Skip
8,whisper,227,12,Over
8,whisper,228,2,Skip
8,whisper,229,14,Skip
8,whisper,230,12,Over
8,whisper,231,2,Skip
8,whisper,232,14,Skip
8,whisper,233,12,Over
8,whisper,234,14,Skip
8,whisper,235,2,Skip
8,whisper,236,12,Over
8,whisper,237,14,Skip
8,whisper,238,2,Skip
8,whisper,239,12,Over
8,talk,56,3,Skip
8,talk,57,2,Skip
8,talk,58,4,Over
8,talk,59,11,Over
8,talk,60,12,Over
8,talk,61,13,Over
8,talk,62,14,Over
8,whisper,240,2,Skip
8,whisper,241,12,Over
8,whisper,242,14,Skip
8,whisper,243,12,Over
8,whisper,244,14,Skip
8,whisper,245,2,Skip
8,whisper,246,14,Skip
8,whisper,247,2,Skip
8,whisper,248,12,Over
8,whisper,249,2,Skip
8,whisper,250,14,Skip
8,whisper,251,12,Over
8,whisper,252,2,Skip
8,whisper,253,14,Skip
8,whisper,254,12,Over
8,whisper,255,2,Skip
8,whisper,256,14,Skip
8,whisper,257,12,Over
8,whisper,258,2,Skip
8,whisper,259,14,Skip
8,whisper,260,12,Over
8,whisper,261,2,Skip
8,whisper,262,14,Skip
8,whisper,263,12,Over
8,whisper,264,14,Skip
8,whisper,265,2,Skip
8,whisper,266,12,Over
8,whisper,267,14,Skip
8,whisper,268,2,Skip
8,whisper,269,12,Over
8,talk,63,3,Skip
8,talk,64,2,Skip
8,talk,65,4,Over
8,talk,66,11,Over
8,talk,67,12,Over
8,talk,68,13,Over
8,talk,69,14,Over
8,whisper,270,12,Over
8,whisper,271,2,Skip
8,whisper,272,14,Skip
8,whisper,273,12,Over
8,whisper,274,2,Skip
8,whisper,275,14,Skip
8,whisper,276,14,Skip
8,whisper,277,12,Over
8,whisper,278,2,Skip
8,whisper,279,12,Over
8,whisper,280,2,Skip
8,whisper,281,14,Skip
8,whisper,282,12,Over
8,whisper,283,2,Skip
8,whisper,284,14,Skip
8,whisper,285,14,Skip
8,whisper,286,12,Over
8,whisper,287,2,Skip
8,whisper,288,14,Skip
8,whisper,289,2,Skip
8,whisper,290,12,Over
8,whisper,291,2,Skip
8,whisper,292,14,Skip
8,whisper,293,12,Over
8,whisper,294,2,Skip
8,whisper,295,14,Skip
8,whisper,296,12,Over
8,whisper,297,2,Skip
8,whisper,298,14,Skip
8,whisper,299,12,Over
8,vote,2,4
8,vote,3,4
8,vote,4,2
8,vote,11,13
8,vote,12,4
8,vote,13,4
8,vote,14,11
8,attackVote,2,4
8,execute,4,POSSESSED
8,attack,-1,false
9,status,1,BODYGUARD,DEAD,cash
9,status,2,WEREWOLF,ALIVE,kSugar
9,status,3,VILLAGER,ALIVE,haretaro
9,status,4,POSSESSED,DEAD,Kanolab
9,status,5,VILLAGER,DEAD,wasabi
9,status,6,VILLAGER,DEAD,TOT
9,status,7,VILLAGER,DEAD,nakamura
9,status,8,VILLAGER,DEAD,iace10442
9,status,9,VILLAGER,DEAD,tkAI
9,status,10,VILLAGER,DEAD,NLwolf
9,status,11,MEDIUM,ALIVE,carlo
9,status,12,WEREWOLF,ALIVE,twn480
9,status,13,VILLAGER,ALIVE,KajiGod
9,status,14,WEREWOLF,ALIVE,howls
9,status,15,SEER,DEAD,Udon
9,result,3,3,WEREWOLF
