0,status,1,VILLAGER,ALIVE,cash
0,status,2,VILLAGER,ALIVE,kSugar
0,status,3,BODYGUARD,ALIVE,haretaro
0,status,4,VILLAGER,ALIVE,Kanolab
0,status,5,VILLAGER,ALIVE,wasabi
0,status,6,SEER,ALIVE,TOT
0,status,7,VILLAGER,ALIVE,nakamura
0,status,8,WEREWOLF,ALIVE,iace10442
0,status,9,WEREWOLF,ALIVE,tkAI
0,status,10,VILLAGER,ALIVE,NLwolf
0,status,11,POSSESSED,ALIVE,carlo
0,status,12,VILLAGER,ALIVE,twn480
0,status,13,VILLAGER,ALIVE,KajiGod
0,status,14,MEDIUM,ALIVE,howls
0,status,15,WEREWOLF,ALIVE,Udon
0,talk,0,1,VOTE Agent[02]
0,talk,1,3,Over
0,talk,2,14,INQUESTED Agent[11] HUMAN
0,talk,3,8,Skip
0,talk,4,6,Over
0,talk,5,9,Over
0,talk,6,4,VOTE Agent[06]
0,talk,7,11,COMINGOUT Agent[11] SEER
0,talk,8,7,ESTIMATE Agent[13] WEREWOLF
0,talk,9,10,Skip
0,talk,10,15,VOTE Agent[02]
0,talk,11,13,VOTE Agent[06]
0,talk,12,12,Skip
0,talk,13,5,ESTIMATE Agent[09] WEREWOLF
0,talk,14,2,COMINGOUT Agent[02] VILLAGER
0,whisper,0,15,COMINGOUT Agent[15] VILLAGER
0,whisper,1,9,Over
0,whisper,2,8,COMINGOUT Agent[08] WEREWOLF
0,whisper,3,8,ATTACK Agent[15]
0,whisper,4,15,ATTACK Agent[11]
0,whisper,5,9,Over
0,whisper,6,8,Over
0,whisper,7,15,Over
0,talk,15,15,Over
0,talk,16,3,Over
0,talk,17,1,Skip
0,talk,18,6,Over
0,talk,19,9,Over
0,talk,20,4,ESTIMATE Agent[11] SEER
0,talk,21,2,Skip
0,talk,22,7,VOTE Agent[13]
0,talk,23,10,Skip
0,talk,24,14,INQUESTED Agent[09] HUMAN
0,talk,25,11,VOTE Agent[10]
0,talk,26,13,VOTE Agent[02]
0,talk,27,12,Skip
0,talk,28,5,ESTIMATE Agent[02] WEREWOLF
0,talk,29,8,ESTIMATE Agent[02] VILLAGER
0,whisper,8,15,Over
0,whisper,9,8,Over
0,whisper,10,9,Over
0,talk,30,8,Skip
0,talk,31,2,ESTIMATE Agent[01] VILLAGER
0,talk,32,14,INQUESTED Agent[13] HUMAN
0,talk,33,7,Over
0,talk,34,12,Skip
0,talk,35,1,VOTE Agent[02]
0,talk,36,9,Over
0,talk,37,4,ESTIMATE Agent[01] VILLAGER
0,talk,38,6,Over
0,talk,39,13,Over
0,talk,40,15,Over
0,talk,41,3,Over
0,talk,42,10,Skip
0,talk,43,11,VOTE Agent[04]
0,talk,44,5,ESTIMATE Agent[07] WEREWOLF
0,whisper,11,8,Over
0,whisper,12,15,Over
0,whisper,13,9,Over
0,talk,45,3,Over
0,talk,46,1,Over
0,talk,47,7,Over
0,talk,48,8,VOTE Agent[06]
0,talk,49,10,VOTE Agent[05]
0,talk,50,11,VOTE Agent[14]
0,talk,51,12,Skip
0,talk,52,2,Skip
0,talk,53,15,Over
0,talk,54,14,INQUESTED Agent[07] HUMAN
0,talk,55,6,Over
0,talk,56,9,Over
0,talk,57,13,Over
0,talk,58,5,ESTIMATE Agent[12] WEREWOLF
0,talk,59,4,Over
0,whisper,14,15,Over
0,whisper,15,8,Over
0,whisper,16,9,Over
0,talk,60,8,VOTE Agent[07]
0,talk,61,2,ESTIMATE Agent[01] VILLAGER
0,talk,62,14,Over
0,talk,63,3,Over
0,talk,64,10,Over
0,talk,65,13,Over
0,talk,66,12,Skip
0,talk,67,11,VOTE Agent[13]
0,talk,68,9,Over
0,talk,69,6,Over
0,talk,70,1,VOTE Agent[02]
0,talk,71,15,Over
0,talk,72,7,Over
0,talk,73,5,ESTIMATE Agent[06] WEREWOLF
0,talk,74,4,Over
0,whisper,17,15,Over
0,whisper,18,9,Over
0,whisper,19,8,Over
0,talk,75,3,Over
0,talk,76,10,Over
0,talk,77,8,VOTE Agent[03]
0,talk,78,13,Over
0,talk,79,12,Skip
0,talk,80,6,Over
0,talk,81,2,Skip
0,talk,82,11,VOTE Agent[12]
0,talk,83,15,Over
0,talk,84,14,Over
0,talk,85,9,Over
0,talk,86,1,Over
0,talk,87,7,Over
0,talk,88,5,Skip
0,talk,89,4,Over
0,whisper,20,9,Over
0,whisper,21,15,Over
0,whisper,22,8,Over
0,talk,90,10,Over
0,talk,91,1,Over
0,talk,92,7,Over
0,talk,93,5,ESTIMATE Agent[11] SEER
0,talk,94,9,Over
0,talk,95,11,VOTE Agent[07]
0,talk,96,12,Skip
0,talk,97,8,VOTE Agent[07]
0,talk,98,15,Over
0,talk,99,6,Over
0,talk,100,2,ESTIMATE Agent[03] VILLAGER
0,talk,101,14,Over
0,talk,102,13,Over
0,talk,103,3,Over
0,talk,104,4,Over
0,whisper,23,15,Over
0,whisper,24,8,Over
0,whisper,25,9,Over
0,talk,105,8,VOTE Agent[03]
0,talk,106,9,Over
0,talk,107,10,Over
0,talk,108,7,Over
0,talk,109,5,ESTIMATE Agent[09] WEREWOLF
0,talk,110,12,Skip
0,talk,111,11,VOTE Agent[06]
0,talk,112,2,Skip
0,talk,113,6,Over
0,talk,114,15,Over
0,talk,115,1,Over
0,talk,116,3,Over
0,talk,117,4,Over
0,talk,118,13,Over
0,talk,119,14,Over
0,whisper,26,9,Over
0,whisper,27,15,Over
0,whisper,28,8,Over
0,talk,120,11,VOTE Agent[08]
0,talk,121,10,Over
0,talk,122,9,Over
0,talk,123,7,Over
0,talk,124,5,ESTIMATE Agent[13] VILLAGER
0,talk,125,12,Skip
0,talk,126,2,ESTIMATE Agent[04] VILLAGER
0,talk,127,8,VOTE Agent[11]
0,talk,128,1,Over
0,talk,129,3,Over
0,talk,130,4,Over
0,talk,131,6,Over
0,talk,132,13,Over
0,talk,133,14,Over
0,talk,134,15,Over
0,whisper,29,9,Over
0,whisper,30,15,Over
0,whisper,31,8,Over
0,talk,135,9,Over
0,talk,136,8,VOTE Agent[07]
0,talk,137,2,Skip
0,talk,138,12,Skip
0,talk,139,10,Over
0,talk,140,7,Over
0,talk,141,11,VOTE Agent[09]
0,talk,142,5,ESTIMATE Agent[06] WEREWOLF
0,talk,143,1,Over
0,talk,144,3,Over
0,talk,145,4,Over
0,talk,146,6,Over
0,talk,147,13,Over
0,talk,148,14,Over
0,talk,149,15,Over
0,whisper,32,15,Over
0,whisper,33,9,Over
0,whisper,34,8,Over
0,divine,6,8,WEREWOLF
1,status,1,VILLAGER,ALIVE,cash
1,status,2,VILLAGER,ALIVE,kSugar
1,status,3,BODYGUARD,ALIVE,haretaro
1,status,4,VILLAGER,ALIVE,Kanolab
1,status,5,VILLAGER,ALIVE,wasabi
1,status,6,SEER,ALIVE,TOT
1,status,7,VILLAGER,ALIVE,nakamura
1,status,8,WEREWOLF,ALIVE,iace10442
1,status,9,WEREWOLF,ALIVE,tkAI
1,status,10,VILLAGER,ALIVE,NLwolf
1,status,11,POSSESSED,ALIVE,carlo
1,status,12,VILLAGER,ALIVE,twn480
1,status,13,VILLAGER,ALIVE,KajiGod
1,status,14,MEDIUM,ALIVE,howls
1,status,15,WEREWOLF,ALIVE,Udon
1,talk,0,6,COMINGOUT Agent[06] SEER
1,talk,1,5,ESTIMATE Agent[01] VILLAGER
1,talk,2,13,VOTE Agent[02]
1,talk,3,12,Skip
1,talk,4,14,Over
1,talk,5,15,VOTE Agent[02]
1,talk,6,9,Over
1,talk,7,3,VOTE Agent[09]
1,talk,8,4,VOTE Agent[04]
1,talk,9,10,Skip
1,talk,10,11,DIVINED Agent[15] HUMAN
1,talk,11,8,Skip
1,talk,12,1,Skip
1,talk,13,2,VOTE Agent[03]
1,talk,14,7,ESTIMATE Agent[13] WEREWOLF
1,whisper,0,15,ATTACK Agent[06]
1,whisper,1,9,Over
1,whisper,2,8,ATTACK Agent[06]
1,whisper,3,9,Over
1,whisper,4,8,Over
1,whisper,5,15,Over
1,talk,15,7,VOTE Agent[13]
1,talk,16,2,VOTE Agent[09]
1,talk,17,13,Over
1,talk,18,8,Skip
1,talk,19,11,VOTE Agent[06]
1,talk,20,6,DIVINED Agent[08] WEREWOLF
1,talk,21,9,Over
1,talk,22,10,Skip
1,talk,23,14,Over
1,talk,24,15,VOTE Agent[08]
1,talk,25,3,VOTE Agent[02]
1,talk,26,4,VOTE Agent[06]
1,talk,27,1,VOTE Agent[08]
1,talk,28,5,ESTIMATE Agent[06] WEREWOLF
1,talk,29,12,Skip
1,whisper,6,8,Over
1,whisper,7,9,Over
1,whisper,8,15,ATTACK Agent[01]
1,whisper,9,15,Over
1,whisper,10,8,Over
1,whisper,11,9,Over
1,talk,30,3,VOTE Agent[08]
1,talk,31,2,ESTIMATE Agent[01] VILLAGER
1,talk,32,1,Over
1,talk,33,6,ESTIMATE Agent[11] WEREWOLF
1,talk,34,14,Over
1,talk,35,11,VOTE Agent[02]
1,talk,36,4,VOTE Agent[15]
1,talk,37,5,ESTIMATE Agent[07] VILLAGER
1,talk,38,12,Skip
1,talk,39,7,Over
1,talk,40,13,Over
1,talk,41,9,Over
1,talk,42,8,COMINGOUT Agent[08] VILLAGER
1,talk,43,15,Over
1,talk,44,10,Skip
1,whisper,12,9,Over
1,whisper,13,8,Over
1,whisper,14,15,ATTACK Agent[06]
1,whisper,15,8,Over
1,whisper,16,9,Over
1,whisper,17,15,Over
1,talk,45,14,Over
1,talk,46,13,VOTE Agent[08]
1,talk,47,3,Skip
1,talk,48,12,Skip
1,talk,49,8,Skip
1,talk,50,7,Over
1,talk,51,2,ESTIMATE Agent[05] VILLAGER
1,talk,52,11,VOTE Agent[12]
1,talk,53,10,VOTE Agent[01]
1,talk,54,4,VOTE Agent[05]
1,talk,55,15,Over
1,talk,56,5,ESTIMATE Agent[11] WEREWOLF
1,talk,57,6,ESTIMATE Agent[08] WEREWOLF
1,talk,58,1,Over
1,talk,59,9,Over
1,whisper,18,9,Over
1,whisper,19,8,Over
1,whisper,20,15,Over
1,talk,60,4,ESTIMATE Agent[06] SEER
1,talk,61,14,Over
1,talk,62,2,ESTIMATE Agent[07] VILLAGER
1,talk,63,8,VOTE Agent[12]
1,talk,64,13,Over
1,talk,65,11,VOTE Agent[01]
1,talk,66,10,Over
1,talk,67,12,Skip
1,talk,68,5,ESTIMATE Agent[06] WEREWOLF
1,talk,69,15,Over
1,talk,70,3,Skip
1,talk,71,7,Over
1,talk,72,6,VOTE Agent[08]
1,talk,73,1,Over
1,talk,74,9,Over
1,whisper,21,9,Over
1,whisper,22,8,Over
1,whisper,23,15,Over
1,talk,75,14,Over
1,talk,76,15,Over
1,talk,77,5,ESTIMATE Agent[04] VILLAGER
1,talk,78,13,Over
1,talk,79,10,Over
1,talk,80,3,Skip
1,talk,81,6,Over
1,talk,82,8,VOTE Agent[05]
1,talk,83,2,ESTIMATE Agent[04] VILLAGER
1,talk,84,7,Over
1,talk,85,12,Skip
1,talk,86,4,VOTE Agent[08]
1,talk,87,11,VOTE Agent[05]
1,talk,88,1,Over
1,talk,89,9,Over
1,whisper,24,9,Over
1,whisper,25,8,Over
1,whisper,26,15,Over
1,talk,90,7,Over
1,talk,91,5,ESTIMATE Agent[09] VILLAGER
1,talk,92,11,VOTE Agent[06]
1,talk,93,6,Over
1,talk,94,13,Over
1,talk,95,4,ESTIMATE Agent[01] VILLAGER
1,talk,96,15,Over
1,talk,97,14,Over
1,talk,98,8,VOTE Agent[06]
1,talk,99,12,Skip
1,talk,100,10,Over
1,talk,101,3,Skip
1,talk,102,2,VOTE Agent[08]
1,talk,103,1,Over
1,talk,104,9,Over
1,whisper,27,15,Over
1,whisper,28,9,Over
1,whisper,29,8,Over
1,talk,105,14,Over
1,talk,106,12,Skip
1,talk,107,6,Over
1,talk,108,11,VOTE Agent[09]
1,talk,109,5,ESTIMATE Agent[03] VILLAGER
1,talk,110,4,Over
1,talk,111,2,Skip
1,talk,112,3,Skip
1,talk,113,7,Over
1,talk,114,15,Over
1,talk,115,8,VOTE Agent[07]
1,talk,116,10,Over
1,talk,117,13,Over
1,talk,118,1,Over
1,talk,119,9,Over
1,whisper,30,8,Over
1,whisper,31,9,Over
1,whisper,32,15,Over
1,talk,120,7,Over
1,talk,121,8,VOTE Agent[12]
1,talk,122,6,Over
1,talk,123,11,Over
1,talk,124,4,Over
1,talk,125,3,Skip
1,talk,126,2,Skip
1,talk,127,12,Skip
1,talk,128,15,Over
1,talk,129,14,Over
1,talk,130,5,ESTIMATE Agent[11] WEREWOLF
1,talk,131,1,Over
1,talk,132,9,Over
1,talk,133,10,Over
1,talk,134,13,Over
1,whisper,33,9,Over
1,whisper,34,15,Over
1,whisper,35,8,Over
1,talk,135,3,Skip
1,talk,136,5,ESTIMATE Agent[08] WEREWOLF
1,talk,137,14,Over
1,talk,138,2,Skip
1,talk,139,15,Over
1,talk,140,12,Skip
1,talk,141,8,VOTE Agent[06]
1,talk,142,6,Over
1,talk,143,7,Over
1,talk,144,11,VOTE Agent[07]
1,talk,145,4,Over
1,talk,146,1,Over
1,talk,147,9,Over
1,talk,148,10,Over
1,talk,149,13,Over
1,whisper,36,9,Over
1,whisper,37,8,Over
1,whisper,38,15,Over
1,vote,1,8
1,vote,2,8
1,vote,3,8
1,vote,4,12
1,vote,5,8
1,vote,6,8
1,vote,7,13
1,vote,8,6
1,vote,9,7
1,vote,10,1
1,vote,11,5
1,vote,12,10
1,vote,13,8
1,vote,14,8
1,vote,15,8
1,divine,6,7,HUMAN
1,guard,3,11,POSSESSED
1,attackVote,8,6
1,attackVote,9,6
1,attackVote,15,6
1,execute,8,WEREWOLF
1,attack,6,true
2,status,1,VILLAGER,ALIVE,cash
2,status,2,VILLAGER,ALIVE,kSugar
2,status,3,BODYGUARD,ALIVE,haretaro
2,status,4,VILLAGER,ALIVE,Kanolab
2,status,5,VILLAGER,ALIVE,wasabi
2,status,6,SEER,DEAD,TOT
2,status,7,VILLAGER,ALIVE,nakamura
2,status,8,WEREWOLF,DEAD,iace10442
2,status,9,WEREWOLF,ALIVE,tkAI
2,status,10,VILLAGER,ALIVE,NLwolf
2,status,11,POSSESSED,ALIVE,carlo
2,status,12,VILLAGER,ALIVE,twn480
2,status,13,VILLAGER,ALIVE,KajiGod
2,status,14,MEDIUM,ALIVE,howls
2,status,15,WEREWOLF,ALIVE,Udon
2,talk,0,11,DIVINED Agent[05] HUMAN
2,talk,1,10,Skip
2,talk,2,12,Skip
2,talk,3,13,VOTE Agent[02]
2,talk,4,7,ESTIMATE Agent[13] WEREWOLF
2,talk,5,4,VOTE Agent[11]
2,talk,6,2,VOTE Agent[15]
2,talk,7,1,VOTE Agent[04]
2,talk,8,15,VOTE Agent[04]
2,talk,9,14,INQUESTED Agent[08] WEREWOLF
2,talk,10,3,VOTE Agent[11]
2,talk,11,5,Skip
2,talk,12,9,Over
2,whisper,0,15,ATTACK Agent[05]
2,whisper,1,9,Over
2,whisper,2,15,Over
2,talk,13,11,VOTE Agent[02]
2,talk,14,4,VOTE Agent[10]
2,talk,15,3,VOTE Agent[11]
2,talk,16,12,Skip
2,talk,17,7,VOTE Agent[13]
2,talk,18,10,Skip
2,talk,19,2,VOTE Agent[12]
2,talk,20,13,Over
2,talk,21,15,Over
2,talk,22,5,ESTIMATE Agent[11] WEREWOLF
2,talk,23,1,VOTE Agent[04]
2,talk,24,14,Over
2,talk,25,9,Over
2,whisper,3,15,Over
2,whisper,4,9,Over
2,talk,26,7,Over
2,talk,27,2,ESTIMATE Agent[01] VILLAGER
2,talk,28,11,Over
2,talk,29,3,VOTE Agent[11]
2,talk,30,12,Skip
2,talk,31,13,Over
2,talk,32,10,Skip
2,talk,33,5,ESTIMATE Agent[11] WEREWOLF
2,talk,34,15,Over
2,talk,35,4,VOTE Agent[15]
2,talk,36,1,Over
2,talk,37,9,Over
2,talk,38,14,Over
2,whisper,5,9,Over
2,whisper,6,15,Over
2,talk,39,13,Over
2,talk,40,2,ESTIMATE Agent[03] VILLAGER
2,talk,41,10,VOTE Agent[03]
2,talk,42,4,VOTE Agent[09]
2,talk,43,3,VOTE Agent[11]
2,talk,44,7,Over
2,talk,45,12,Skip
2,talk,46,5,ESTIMATE Agent[03] VILLAGER
2,talk,47,15,Over
2,talk,48,11,VOTE Agent[07]
2,talk,49,1,Over
2,talk,50,9,Over
2,talk,51,14,Over
2,whisper,7,15,Over
2,whisper,8,9,Over
2,talk,52,15,Over
2,talk,53,5,ESTIMATE Agent[11] WEREWOLF
2,talk,54,7,Over
2,talk,55,13,Over
2,talk,56,11,VOTE Agent[10]
2,talk,57,3,VOTE Agent[11]
2,talk,58,4,ESTIMATE Agent[11] SEER
2,talk,59,10,Over
2,talk,60,12,Skip
2,talk,61,2,ESTIMATE Agent[03] VILLAGER
2,talk,62,1,Over
2,talk,63,9,Over
2,talk,64,14,Over
2,whisper,9,9,Over
2,whisper,10,15,Over
2,talk,65,15,Over
2,talk,66,7,Over
2,talk,67,4,ESTIMATE Agent[01] VILLAGER
2,talk,68,11,VOTE Agent[04]
2,talk,69,12,Skip
2,talk,70,2,ESTIMATE Agent[01] VILLAGER
2,talk,71,13,Over
2,talk,72,5,ESTIMATE Agent[11] WEREWOLF
2,talk,73,10,Over
2,talk,74,3,VOTE Agent[11]
2,talk,75,1,Over
2,talk,76,9,Over
2,talk,77,14,Over
2,whisper,11,15,Over
2,whisper,12,9,Over
2,talk,78,5,ESTIMATE Agent[12] VILLAGER
2,talk,79,11,VOTE Agent[13]
2,talk,80,4,VOTE Agent[14]
2,talk,81,13,Over
2,talk,82,10,Over
2,talk,83,12,Skip
2,talk,84,15,Over
2,talk,85,2,VOTE Agent[13]
2,talk,86,3,VOTE Agent[11]
2,talk,87,7,Over
2,talk,88,1,Over
2,talk,89,9,Over
2,talk,90,14,Over
2,whisper,13,9,Over
2,whisper,14,15,Over
2,talk,91,11,VOTE Agent[09]
2,talk,92,4,Over
2,talk,93,3,VOTE Agent[11]
2,talk,94,5,ESTIMATE Agent[11] WEREWOLF
2,talk,95,15,Over
2,talk,96,2,Skip
2,talk,97,12,Skip
2,talk,98,10,Over
2,talk,99,13,Over
2,talk,100,1,Over
2,talk,101,7,Over
2,talk,102,9,Over
2,talk,103,14,Over
2,whisper,15,15,Over
2,whisper,16,9,Over
2,talk,104,4,Over
2,talk,105,12,Skip
2,talk,106,3,VOTE Agent[11]
2,talk,107,5,ESTIMATE Agent[11] WEREWOLF
2,talk,108,15,Over
2,talk,109,2,Skip
2,talk,110,11,VOTE Agent[13]
2,talk,111,1,Over
2,talk,112,7,Over
2,talk,113,9,Over
2,talk,114,10,Over
2,talk,115,13,Over
2,talk,116,14,Over
2,whisper,17,9,Over
2,whisper,18,15,Over
2,talk,117,4,VOTE Agent[13]
2,talk,118,12,Skip
2,talk,119,2,Skip
2,talk,120,15,Over
2,talk,121,11,VOTE Agent[01]
2,talk,122,5,ESTIMATE Agent[03] VILLAGER
2,talk,123,3,VOTE Agent[11]
2,talk,124,1,Over
2,talk,125,7,Over
2,talk,126,9,Over
2,talk,127,10,Over
2,talk,128,13,Over
2,talk,129,14,Over
2,whisper,19,9,Over
2,whisper,20,15,Over
2,vote,1,4
2,vote,2,13
2,vote,3,11
2,vote,4,9
2,vote,5,12
2,vote,7,13
2,vote,9,13
2,vote,10,3
2,vote,11,9
2,vote,12,9
2,vote,13,2
2,vote,14,15
2,vote,15,4
2,guard,3,5,VILLAGER
2,attackVote,15,5
2,execute,9,WEREWOLF
2,attack,5,false
3,status,1,VILLAGER,ALIVE,cash
3,status,2,VILLAGER,ALIVE,kSugar
3,status,3,BODYGUARD,ALIVE,haretaro
3,status,4,VILLAGER,ALIVE,Kanolab
3,status,5,VILLAGER,ALIVE,wasabi
3,status,6,SEER,DEAD,TOT
3,status,7,VILLAGER,ALIVE,nakamura
3,status,8,WEREWOLF,DEAD,iace10442
3,status,9,WEREWOLF,DEAD,tkAI
3,status,10,VILLAGER,ALIVE,NLwolf
3,status,11,POSSESSED,ALIVE,carlo
3,status,12,VILLAGER,ALIVE,twn480
3,status,13,VILLAGER,ALIVE,KajiGod
3,status,14,MEDIUM,ALIVE,howls
3,status,15,WEREWOLF,ALIVE,Udon
3,talk,0,4,VOTE Agent[11]
3,talk,1,2,VOTE Agent[15]
3,talk,2,15,VOTE Agent[04]
3,talk,3,5,ESTIMATE Agent[11] WEREWOLF
3,talk,4,11,DIVINED Agent[07] WEREWOLF
3,talk,5,7,ESTIMATE Agent[13] WEREWOLF
3,talk,6,10,Skip
3,talk,7,13,VOTE Agent[02]
3,talk,8,12,Skip
3,talk,9,1,VOTE Agent[04]
3,talk,10,14,INQUESTED Agent[09] WEREWOLF
3,talk,11,3,VOTE Agent[11]
3,whisper,0,15,ATTACK Agent[01]
3,whisper,1,15,Over
3,talk,12,13,Over
3,talk,13,7,VOTE Agent[13]
3,talk,14,1,VOTE Agent[04]
3,talk,15,3,VOTE Agent[11]
3,talk,16,4,VOTE Agent[13]
3,talk,17,14,Over
3,talk,18,2,VOTE Agent[12]
3,talk,19,15,VOTE Agent[07]
3,talk,20,5,ESTIMATE Agent[10] VILLAGER
3,talk,21,11,VOTE Agent[07]
3,talk,22,12,Skip
3,talk,23,10,Skip
3,whisper,2,15,Over
3,talk,24,13,Over
3,talk,25,12,Skip
3,talk,26,5,ESTIMATE Agent[13] VILLAGER
3,talk,27,4,VOTE Agent[12]
3,talk,28,15,Over
3,talk,29,10,Skip
3,talk,30,3,VOTE Agent[11]
3,talk,31,11,Over
3,talk,32,2,ESTIMATE Agent[03] VILLAGER
3,talk,33,1,Over
3,talk,34,14,Over
3,talk,35,7,Over
3,whisper,3,15,Over
3,talk,36,13,Over
3,talk,37,5,ESTIMATE Agent[07] WEREWOLF
3,talk,38,10,VOTE Agent[11]
3,talk,39,12,Skip
3,talk,40,2,ESTIMATE Agent[07] VILLAGER
3,talk,41,4,VOTE Agent[04]
3,talk,42,15,Over
3,talk,43,3,VOTE Agent[11]
3,talk,44,11,Over
3,talk,45,1,Over
3,talk,46,7,Over
3,talk,47,14,Over
3,whisper,4,15,Over
3,talk,48,2,ESTIMATE Agent[10] VILLAGER
3,talk,49,12,Skip
3,talk,50,10,Over
3,talk,51,4,VOTE Agent[02]
3,talk,52,15,Over
3,talk,53,5,ESTIMATE Agent[07] WEREWOLF
3,talk,54,3,VOTE Agent[11]
3,talk,55,13,Over
3,talk,56,1,Over
3,talk,57,7,Over
3,talk,58,11,Over
3,talk,59,14,Over
3,whisper,5,15,Over
3,talk,60,5,ESTIMATE Agent[15] VILLAGER
3,talk,61,15,Over
3,talk,62,12,Skip
3,talk,63,3,VOTE Agent[11]
3,talk,64,10,Over
3,talk,65,4,VOTE Agent[01]
3,talk,66,2,ESTIMATE Agent[07] VILLAGER
3,talk,67,1,Over
3,talk,68,7,Over
3,talk,69,11,Over
3,talk,70,13,Over
3,talk,71,14,Over
3,whisper,6,15,ATTACK Agent[03]
3,whisper,7,15,Over
3,talk,72,10,Over
3,talk,73,15,Over
3,talk,74,4,VOTE Agent[07]
3,talk,75,2,VOTE Agent[07]
3,talk,76,5,ESTIMATE Agent[07] WEREWOLF
3,talk,77,12,Skip
3,talk,78,3,VOTE Agent[11]
3,talk,79,1,Over
3,talk,80,7,Over
3,talk,81,11,Over
3,talk,82,13,Over
3,talk,83,14,Over
3,whisper,8,15,ATTACK Agent[01]
3,whisper,9,15,Over
3,talk,84,5,ESTIMATE Agent[15] VILLAGER
3,talk,85,4,ESTIMATE Agent[06] SEER
3,talk,86,3,VOTE Agent[11]
3,talk,87,12,Skip
3,talk,88,15,Over
3,talk,89,2,Skip
3,talk,90,10,Over
3,talk,91,1,Over
3,talk,92,7,Over
3,talk,93,11,Over
3,talk,94,13,Over
3,talk,95,14,Over
3,whisper,10,15,Over
3,talk,96,15,Over
3,talk,97,3,VOTE Agent[11]
3,talk,98,2,Skip
3,talk,99,5,ESTIMATE Agent[07] WEREWOLF
3,talk,100,4,ESTIMATE Agent[01] VILLAGER
3,talk,101,12,Skip
3,talk,102,1,Over
3,talk,103,7,Over
3,talk,104,10,Over
3,talk,105,11,Over
3,talk,106,13,Over
3,talk,107,14,Over
3,whisper,11,15,Over
3,talk,108,15,Over
3,talk,109,4,Over
3,talk,110,2,Skip
3,talk,111,12,Skip
3,talk,112,3,VOTE Agent[11]
3,talk,113,5,ESTIMATE Agent[14] VILLAGER
3,talk,114,1,Over
3,talk,115,7,Over
3,talk,116,10,Over
3,talk,117,11,Over
3,talk,118,13,Over
3,talk,119,14,Over
3,whisper,12,15,Over
3,vote,1,4
3,vote,2,7
3,vote,3,11
3,vote,4,2
3,vote,5,7
3,vote,7,13
3,vote,10,11
3,vote,11,7
3,vote,12,7
3,vote,13,2
3,vote,14,15
3,vote,15,7
3,guard,3,5,VILLAGER
3,attackVote,15,1
3,execute,7,VILLAGER
3,attack,1,true
4,status,1,VILLAGER,DEAD,cash
4,status,2,VILLAGER,ALIVE,kSugar
4,status,3,BODYGUARD,ALIVE,haretaro
4,status,4,VILLAGER,ALIVE,Kanolab
4,status,5,VILLAGER,ALIVE,wasabi
4,status,6,SEER,DEAD,TOT
4,status,7,VILLAGER,DEAD,nakamura
4,status,8,WEREWOLF,DEAD,iace10442
4,status,9,WEREWOLF,DEAD,tkAI
4,status,10,VILLAGER,ALIVE,NLwolf
4,status,11,POSSESSED,ALIVE,carlo
4,status,12,VILLAGER,ALIVE,twn480
4,status,13,VILLAGER,ALIVE,KajiGod
4,status,14,MEDIUM,ALIVE,howls
4,status,15,WEREWOLF,ALIVE,Udon
4,talk,0,14,INQUESTED Agent[07] HUMAN
4,talk,1,2,VOTE Agent[03]
4,talk,2,3,VOTE Agent[11]
4,talk,3,15,VOTE Agent[11]
4,talk,4,5,ESTIMATE Agent[11] WEREWOLF
4,talk,5,11,DIVINED Agent[04] HUMAN
4,talk,6,10,Skip
4,talk,7,12,Skip
4,talk,8,13,VOTE Agent[02]
4,talk,9,4,VOTE Agent[02]
4,whisper,0,15,ATTACK Agent[04]
4,whisper,1,15,Over
4,talk,10,14,Over
4,talk,11,5,ESTIMATE Agent[11] WEREWOLF
4,talk,12,13,Over
4,talk,13,10,Skip
4,talk,14,3,VOTE Agent[11]
4,talk,15,2,VOTE Agent[12]
4,talk,16,4,ESTIMATE Agent[06] SEER
4,talk,17,15,Over
4,talk,18,12,Skip
4,talk,19,11,VOTE Agent[02]
4,whisper,2,15,Over
4,talk,20,2,COMINGOUT Agent[02] BODYGUARD
4,talk,21,10,Skip
4,talk,22,12,Skip
4,talk,23,14,Over
4,talk,24,5,ESTIMATE Agent[12] VILLAGER
4,talk,25,3,VOTE Agent[11]
4,talk,26,15,VOTE Agent[02]
4,talk,27,13,Over
4,talk,28,11,Over
4,talk,29,4,VOTE Agent[11]
4,whisper,3,15,Over
4,talk,30,3,VOTE Agent[11]
4,talk,31,5,ESTIMATE Agent[11] WEREWOLF
4,talk,32,14,Over
4,talk,33,2,ESTIMATE Agent[12] VILLAGER
4,talk,34,11,Over
4,talk,35,15,Over
4,talk,36,13,Over
4,talk,37,4,VOTE Agent[04]
4,talk,38,10,VOTE Agent[02]
4,talk,39,12,Skip
4,whisper,4,15,ATTACK Agent[05]
4,whisper,5,15,Over
4,talk,40,3,VOTE Agent[11]
4,talk,41,4,VOTE Agent[13]
4,talk,42,14,Over
4,talk,43,2,ESTIMATE Agent[13] VILLAGER
4,talk,44,12,Skip
4,talk,45,15,Over
4,talk,46,10,Over
4,talk,47,5,ESTIMATE Agent[11] WEREWOLF
4,talk,48,13,Over
4,talk,49,11,VOTE Agent[10]
4,whisper,6,15,ATTACK Agent[04]
4,whisper,7,15,Over
4,talk,50,10,Over
4,talk,51,13,Over
4,talk,52,5,ESTIMATE Agent[11] WEREWOLF
4,talk,53,14,Over
4,talk,54,3,VOTE Agent[11]
4,talk,55,4,ESTIMATE Agent[03] VILLAGER
4,talk,56,15,Over
4,talk,57,11,VOTE Agent[14]
4,talk,58,2,ESTIMATE Agent[03] VILLAGER
4,talk,59,12,Skip
4,whisper,8,15,Over
4,talk,60,15,Over
4,talk,61,3,VOTE Agent[11]
4,talk,62,14,Over
4,talk,63,12,Skip
4,talk,64,13,Over
4,talk,65,11,VOTE Agent[13]
4,talk,66,2,VOTE Agent[13]
4,talk,67,5,ESTIMATE Agent[11] WEREWOLF
4,talk,68,4,Over
4,talk,69,10,Over
4,whisper,9,15,Over
4,talk,70,3,VOTE Agent[11]
4,talk,71,5,ESTIMATE Agent[02] BODYGUARD
4,talk,72,2,Skip
4,talk,73,12,Skip
4,talk,74,13,Over
4,talk,75,14,Over
4,talk,76,15,Over
4,talk,77,11,Over
4,talk,78,4,VOTE Agent[14]
4,talk,79,10,Over
4,whisper,10,15,Over
4,talk,80,13,Over
4,talk,81,12,Skip
4,talk,82,5,ESTIMATE Agent[11] WEREWOLF
4,talk,83,3,VOTE Agent[11]
4,talk,84,2,Skip
4,talk,85,11,Over
4,talk,86,15,Over
4,talk,87,14,Over
4,talk,88,4,Over
4,talk,89,10,Over
4,whisper,11,15,Over
4,talk,90,3,VOTE Agent[11]
4,talk,91,5,ESTIMATE Agent[14] VILLAGER
4,talk,92,13,Over
4,talk,93,2,Skip
4,talk,94,12,Skip
4,talk,95,4,VOTE Agent[05]
4,talk,96,10,Over
4,talk,97,11,Over
4,talk,98,14,Over
4,talk,99,15,Over
4,whisper,12,15,Over
4,vote,2,13
4,vote,3,11
4,vote,4,10
4,vote,5,12
4,vote,10,2
4,vote,11,3
4,vote,12,3
4,vote,13,2
4,vote,14,3
4,vote,15,2
4,guard,3,5,VILLAGER
4,attackVote,15,4
4,execute,3,BODYGUARD
4,attack,4,true
5,status,1,VILLAGER,DEAD,cash
5,status,2,VILLAGER,ALIVE,kSugar
5,status,3,BODYGUARD,DEAD,haretaro
5,status,4,VILLAGER,DEAD,Kanolab
5,status,5,VILLAGER,ALIVE,wasabi
5,status,6,SEER,DEAD,TOT
5,status,7,VILLAGER,DEAD,nakamura
5,status,8,WEREWOLF,DEAD,iace10442
5,status,9,WEREWOLF,DEAD,tkAI
5,status,10,VILLAGER,ALIVE,NLwolf
5,status,11,POSSESSED,ALIVE,carlo
5,status,12,VILLAGER,ALIVE,twn480
5,status,13,VILLAGER,ALIVE,KajiGod
5,status,14,MEDIUM,ALIVE,howls
5,status,15,WEREWOLF,ALIVE,Udon
5,talk,0,10,Skip
5,talk,1,2,VOTE Agent[05]
5,talk,2,11,DIVINED Agent[13] HUMAN
5,talk,3,12,Skip
5,talk,4,14,INQUESTED Agent[03] HUMAN
5,talk,5,5,ESTIMATE Agent[11] WEREWOLF
5,talk,6,15,VOTE Agent[02]
5,talk,7,13,VOTE Agent[02]
5,whisper,0,15,ATTACK Agent[13]
5,whisper,1,15,Over
5,talk,8,11,VOTE Agent[12]
5,talk,9,5,ESTIMATE Agent[14] VILLAGER
5,talk,10,2,VOTE Agent[12]
5,talk,11,13,Over
5,talk,12,15,Over
5,talk,13,10,Skip
5,talk,14,12,Skip
5,talk,15,14,Over
5,whisper,2,15,ATTACK Agent[05]
5,whisper,3,15,Over
5,talk,16,2,ESTIMATE Agent[03] WEREWOLF
5,talk,17,12,Skip
5,talk,18,13,Over
5,talk,19,15,Over
5,talk,20,11,VOTE Agent[10]
5,talk,21,10,Skip
5,talk,22,5,ESTIMATE Agent[15] VILLAGER
5,talk,23,14,Over
5,whisper,4,15,Over
5,talk,24,5,ESTIMATE Agent[11] WEREWOLF
5,talk,25,15,Over
5,talk,26,11,VOTE Agent[14]
5,talk,27,10,VOTE Agent[02]
5,talk,28,2,ESTIMATE Agent[04] WEREWOLF
5,talk,29,12,Skip
5,talk,30,13,Over
5,talk,31,14,Over
5,whisper,5,15,Over
5,talk,32,10,Over
5,talk,33,11,VOTE Agent[13]
5,talk,34,5,ESTIMATE Agent[11] WEREWOLF
5,talk,35,12,Skip
5,talk,36,2,ESTIMATE Agent[09] WEREWOLF
5,talk,37,15,Over
5,talk,38,13,Over
5,talk,39,14,Over
5,whisper,6,15,Over
5,talk,40,5,ESTIMATE Agent[12] VILLAGER
5,talk,41,2,ESTIMATE Agent[10] WEREWOLF
5,talk,42,11,VOTE Agent[14]
5,talk,43,12,Skip
5,talk,44,10,Over
5,talk,45,13,Over
5,talk,46,14,Over
5,talk,47,15,Over
5,whisper,7,15,Over
5,talk,48,2,VOTE Agent[14]
5,talk,49,11,Over
5,talk,50,12,Skip
5,talk,51,5,ESTIMATE Agent[11] WEREWOLF
5,talk,52,10,Over
5,talk,53,13,Over
5,talk,54,14,Over
5,talk,55,15,Over
5,whisper,8,15,Over
5,talk,56,5,ESTIMATE Agent[11] WEREWOLF
5,talk,57,11,VOTE Agent[10]
5,talk,58,2,Skip
5,talk,59,12,Skip
5,talk,60,10,Over
5,talk,61,13,Over
5,talk,62,14,Over
5,talk,63,15,Over
5,whisper,9,15,Over
5,talk,64,2,Skip
5,talk,65,5,ESTIMATE Agent[12] WEREWOLF
5,talk,66,11,VOTE Agent[13]
5,talk,67,12,Skip
5,talk,68,10,Over
5,talk,69,13,Over
5,talk,70,14,Over
5,talk,71,15,Over
5,whisper,10,15,Over
5,talk,72,2,Skip
5,talk,73,11,VOTE Agent[02]
5,talk,74,12,Skip
5,talk,75,5,ESTIMATE Agent[15] VILLAGER
5,talk,76,10,Over
5,talk,77,13,Over
5,talk,78,14,Over
5,talk,79,15,Over
5,whisper,11,15,Over
5,vote,2,14
5,vote,5,12
5,vote,10,2
5,vote,11,12
5,vote,12,15
5,vote,13,2
5,vote,14,10
5,vote,15,2
5,attackVote,15,5
5,execute,2,VILLAGER
5,attack,5,true
6,status,1,VILLAGER,DEAD,cash
6,status,2,VILLAGER,DEAD,kSugar
6,status,3,BODYGUARD,DEAD,haretaro
6,status,4,VILLAGER,DEAD,Kanolab
6,status,5,VILLAGER,DEAD,wasabi
6,status,6,SEER,DEAD,TOT
6,status,7,VILLAGER,DEAD,nakamura
6,status,8,WEREWOLF,DEAD,iace10442
6,status,9,WEREWOLF,DEAD,tkAI
6,status,10,VILLAGER,ALIVE,NLwolf
6,status,11,POSSESSED,ALIVE,carlo
6,status,12,VILLAGER,ALIVE,twn480
6,status,13,VILLAGER,ALIVE,KajiGod
6,status,14,MEDIUM,ALIVE,howls
6,status,15,WEREWOLF,ALIVE,Udon
6,talk,0,10,Skip
6,talk,1,15,VOTE Agent[11]
6,talk,2,12,Skip
6,talk,3,14,INQUESTED Agent[02] HUMAN
6,talk,4,13,VOTE Agent[14]
6,talk,5,11,DIVINED Agent[12] HUMAN
6,whisper,0,15,ATTACK Agent[12]
6,whisper,1,15,Over
6,talk,6,11,VOTE Agent[13]
6,talk,7,12,Skip
6,talk,8,15,Over
6,talk,9,10,Skip
6,talk,10,13,Over
6,talk,11,14,Over
6,whisper,2,15,Over
6,talk,12,11,Over
6,talk,13,15,Over
6,talk,14,10,Skip
6,talk,15,12,Skip
6,talk,16,13,Over
6,talk,17,14,Over
6,whisper,3,15,Over
6,talk,18,12,Skip
6,talk,19,11,VOTE Agent[14]
6,talk,20,10,VOTE Agent[14]
6,talk,21,15,Over
6,talk,22,13,Over
6,talk,23,14,Over
6,whisper,4,15,Over
6,talk,24,12,Skip
6,talk,25,10,Over
6,talk,26,11,Over
6,talk,27,13,Over
6,talk,28,14,Over
6,talk,29,15,Over
6,whisper,5,15,Over
6,talk,30,12,Skip
6,talk,31,10,Over
6,talk,32,11,VOTE Agent[12]
6,talk,33,13,Over
6,talk,34,14,Over
6,talk,35,15,Over
6,whisper,6,15,ATTACK Agent[13]
6,whisper,7,15,Over
6,talk,36,10,Over
6,talk,37,12,Skip
6,talk,38,11,VOTE Agent[14]
6,talk,39,13,Over
6,talk,40,14,Over
6,talk,41,15,Over
6,whisper,8,15,ATTACK Agent[12]
6,whisper,9,15,Over
6,talk,42,10,Over
6,talk,43,11,VOTE Agent[13]
6,talk,44,12,Skip
6,talk,45,13,Over
6,talk,46,14,Over
6,talk,47,15,Over
6,whisper,10,15,Over
6,talk,48,10,Over
6,talk,49,11,Over
6,talk,50,12,Skip
6,talk,51,13,Over
6,talk,52,14,Over
6,talk,53,15,Over
6,whisper,11,15,Over
6,talk,54,10,Over
6,talk,55,12,Skip
6,talk,56,11,VOTE Agent[10]
6,talk,57,13,Over
6,talk,58,14,Over
6,talk,59,15,Over
6,whisper,12,15,Over
6,vote,10,14
6,vote,11,10
6,vote,12,15
6,vote,13,14
6,vote,14,10
6,vote,15,11
6,attackVote,15,12
6,execute,10,VILLAGER
6,attack,12,true
7,status,1,VILLAGER,DEAD,cash
7,status,2,VILLAGER,DEAD,kSugar
7,status,3,BODYGUARD,DEAD,haretaro
7,status,4,VILLAGER,DEAD,Kanolab
7,status,5,VILLAGER,DEAD,wasabi
7,status,6,SEER,DEAD,TOT
7,status,7,VILLAGER,DEAD,nakamura
7,status,8,WEREWOLF,DEAD,iace10442
7,status,9,WEREWOLF,DEAD,tkAI
7,status,10,VILLAGER,DEAD,NLwolf
7,status,11,POSSESSED,ALIVE,carlo
7,status,12,VILLAGER,DEAD,twn480
7,status,13,VILLAGER,ALIVE,KajiGod
7,status,14,MEDIUM,ALIVE,howls
7,status,15,WEREWOLF,ALIVE,Udon
7,talk,0,15,VOTE Agent[11]
7,talk,1,13,VOTE Agent[14]
7,talk,2,11,DIVINED Agent[14] HUMAN
7,talk,3,14,INQUESTED Agent[10] HUMAN
7,whisper,0,15,ATTACK Agent[13]
7,whisper,1,15,Over
7,talk,4,13,Over
7,talk,5,14,Over
7,talk,6,15,Over
7,talk,7,11,VOTE Agent[14]
7,whisper,2,15,Over
7,talk,8,11,Over
7,talk,9,14,Over
7,talk,10,15,Over
7,talk,11,13,Over
7,whisper,3,15,Over
7,vote,11,14
7,vote,13,14
7,vote,14,15
7,vote,15,11
7,attackVote,15,13
7,execute,14,MEDIUM
7,attack,13,true
8,status,1,VILLAGER,DEAD,cash
8,status,2,VILLAGER,DEAD,kSugar
8,status,3,BODYGUARD,DEAD,haretaro
8,status,4,VILLAGER,DEAD,Kanolab
8,status,5,VILLAGER,DEAD,wasabi
8,status,6,SEER,DEAD,TOT
8,status,7,VILLAGER,DEAD,nakamura
8,status,8,WEREWOLF,DEAD,iace10442
8,status,9,WEREWOLF,DEAD,tkAI
8,status,10,VILLAGER,DEAD,NLwolf
8,status,11,POSSESSED,ALIVE,carlo
8,status,12,VILLAGER,DEAD,twn480
8,status,13,VILLAGER,DEAD,KajiGod
8,status,14,MEDIUM,DEAD,howls
8,status,15,WEREWOLF,ALIVE,Udon
8,result,1,1,WEREWOLF
