0,status,1,SEER,ALIVE,cash
0,status,2,POSSESSED,ALIVE,kSugar
0,status,3,WEREWOLF,ALIVE,haretaro
0,status,4,VILLAGER,ALIVE,Kanolab
0,status,5,VILLAGER,ALIVE,wasabi
0,status,6,VILLAGER,ALIVE,TOT
0,status,7,VILLAGER,ALIVE,nakamura
0,status,8,VILLAGER,ALIVE,iace10442
0,status,9,BODYGUARD,ALIVE,tkAI
0,status,10,WEREWOLF,ALIVE,NLwolf
0,status,11,MEDIUM,ALIVE,carlo
0,status,12,VILLAGER,ALIVE,twn480
0,status,13,VILLAGER,ALIVE,KajiGod
0,status,14,VILLAGER,ALIVE,howls
0,status,15,WEREWOLF,ALIVE,Udon
0,talk,0,12,Skip
0,talk,1,13,VOTE Agent[01]
0,talk,2,3,VOTE Agent[15]
0,talk,3,15,COMINGOUT Agent[15] SEER
0,talk,4,9,Over
0,talk,5,2,COMINGOUT Agent[02] SEER
0,talk,6,4,VOTE Agent[04]
0,talk,7,8,Skip
0,talk,8,6,Over
0,talk,9,7,ESTIMATE Agent[13] WEREWOLF
0,talk,10,11,VOTE Agent[01]
0,talk,11,14,Over
0,talk,12,5,ESTIMATE Agent[02] WEREWOLF
0,talk,13,1,COMINGOUT Agent[01] SEER
0,talk,14,10,Skip
0,whisper,0,10,Skip
0,whisper,1,3,Over
0,whisper,2,15,COMINGOUT Agent[15] SEER
0,whisper,3,3,Over
0,whisper,4,10,Skip
0,whisper,5,15,ATTACK Agent[02]
0,whisper,6,3,Over
0,whisper,7,15,Over
0,whisper,8,10,Skip
0,whisper,9,10,Skip
0,whisper,10,15,Over
0,whisper,11,3,Over
0,whisper,12,10,Skip
0,whisper,13,3,Over
0,whisper,14,15,Over
0,whisper,15,10,Skip
0,whisper,16,3,Over
0,whisper,17,15,Over
0,whisper,18,10,Skip
0,whisper,19,3,Over
0,whisper,20,15,Over
0,whisper,21,10,Skip
0,whisper,22,3,Over
0,whisper,23,15,Over
0,whisper,24,10,Skip
0,whisper,25,3,Over
0,whisper,26,15,Over
0,whisper,27,10,Skip
0,whisper,28,3,Over
0,whisper,29,15,Over
0,talk,15,15,VOTE Agent[13]
0,talk,16,7,VOTE Agent[13]
0,talk,17,9,Over
0,talk,18,4,ESTIMATE Agent[01] SEER
0,talk,19,1,VOTE Agent[15]
0,talk,20,14,Over
0,talk,21,5,Skip
0,talk,22,11,VOTE Agent[03]
0,talk,23,13,VOTE Agent[04]
0,talk,24,6,Over
0,talk,25,8,ESTIMATE Agent[01] SEER
0,talk,26,3,Skip
0,talk,27,12,Skip
0,talk,28,2,ESTIMATE Agent[03] VILLAGER
0,talk,29,10,Skip
0,whisper,30,15,ATTACK Agent[01]
0,whisper,31,10,Skip
0,whisper,32,3,Over
0,whisper,33,15,Over
0,whisper,34,10,Skip
0,whisper,35,3,Over
0,whisper,36,10,Skip
0,whisper,37,15,Over
0,whisper,38,3,Over
0,whisper,39,10,Skip
0,whisper,40,3,Over
0,whisper,41,15,Over
0,whisper,42,10,Skip
0,whisper,43,3,Over
0,whisper,44,15,Over
0,whisper,45,10,Skip
0,whisper,46,3,Over
0,whisper,47,15,Over
0,whisper,48,10,Skip
0,whisper,49,3,Over
0,whisper,50,15,Over
0,whisper,51,10,Skip
0,whisper,52,3,Over
0,whisper,53,15,Over
0,whisper,54,10,Skip
0,whisper,55,3,Over
0,whisper,56,15,Over
0,whisper,57,10,Skip
0,whisper,58,3,Over
0,whisper,59,15,Over
0,talk,30,13,Over
0,talk,31,14,Over
0,talk,32,8,ESTIMATE Agent[01] SEER
0,talk,33,9,Over
0,talk,34,10,Skip
0,talk,35,2,ESTIMATE Agent[04] VILLAGER
0,talk,36,7,Over
0,talk,37,5,ESTIMATE Agent[01] WEREWOLF
0,talk,38,3,Skip
0,talk,39,11,Over
0,talk,40,15,Over
0,talk,41,4,ESTIMATE Agent[03] VILLAGER
0,talk,42,12,Skip
0,talk,43,6,Over
0,talk,44,1,Over
0,whisper,60,15,Over
0,whisper,61,10,Skip
0,whisper,62,3,Over
0,whisper,63,15,Over
0,whisper,64,10,Skip
0,whisper,65,3,Over
0,whisper,66,10,Skip
0,whisper,67,15,Over
0,whisper,68,3,Over
0,whisper,69,10,Skip
0,whisper,70,3,Over
0,whisper,71,15,Over
0,whisper,72,10,Skip
0,whisper,73,3,Over
0,whisper,74,15,Over
0,whisper,75,10,Skip
0,whisper,76,3,Over
0,whisper,77,15,Over
0,whisper,78,10,Skip
0,whisper,79,3,Over
0,whisper,80,15,Over
0,whisper,81,10,Skip
0,whisper,82,3,Over
0,whisper,83,15,Over
0,whisper,84,10,Skip
0,whisper,85,3,Over
0,whisper,86,15,Over
0,whisper,87,10,Skip
0,whisper,88,3,Over
0,whisper,89,15,Over
0,talk,45,15,Over
0,talk,46,12,Skip
0,talk,47,10,VOTE Agent[02]
0,talk,48,14,Over
0,talk,49,13,Over
0,talk,50,4,Over
0,talk,51,3,Skip
0,talk,52,7,Over
0,talk,53,8,VOTE Agent[05]
0,talk,54,11,Over
0,talk,55,9,Over
0,talk,56,2,ESTIMATE Agent[03] VILLAGER
0,talk,57,5,ESTIMATE Agent[02] WEREWOLF
0,talk,58,1,Over
0,talk,59,6,Over
0,whisper,90,10,Skip
0,whisper,91,15,Over
0,whisper,92,3,Over
0,whisper,93,10,Skip
0,whisper,94,3,Over
0,whisper,95,15,Over
0,whisper,96,10,Skip
0,whisper,97,3,Over
0,whisper,98,15,Over
0,whisper,99,10,Skip
0,whisper,100,3,Over
0,whisper,101,15,Over
0,whisper,102,10,Skip
0,whisper,103,3,Over
0,whisper,104,15,Over
0,whisper,105,10,Skip
0,whisper,106,3,Over
0,whisper,107,15,Over
0,whisper,108,10,Skip
0,whisper,109,3,Over
0,whisper,110,15,Over
0,whisper,111,10,Skip
0,whisper,112,3,Over
0,whisper,113,15,Over
0,whisper,114,10,Skip
0,whisper,115,3,Over
0,whisper,116,15,Over
0,whisper,117,10,Skip
0,whisper,118,3,Over
0,whisper,119,15,Over
0,talk,60,2,ESTIMATE Agent[05] VILLAGER
0,talk,61,11,Over
0,talk,62,5,ESTIMATE Agent[15] WEREWOLF
0,talk,63,9,Over
0,talk,64,8,VOTE Agent[06]
0,talk,65,3,Skip
0,talk,66,12,Skip
0,talk,67,7,Over
0,talk,68,14,Over
0,talk,69,15,Over
0,talk,70,10,Over
0,talk,71,4,Over
0,talk,72,13,Over
0,talk,73,1,Over
0,talk,74,6,Over
0,whisper,120,15,Over
0,whisper,121,10,Skip
0,whisper,122,3,Over
0,whisper,123,10,Skip
0,whisper,124,15,Over
0,whisper,125,3,Over
0,whisper,126,10,Skip
0,whisper,127,3,Over
0,whisper,128,15,Over
0,whisper,129,10,Skip
0,whisper,130,3,Over
0,whisper,131,15,Over
0,whisper,132,10,Skip
0,whisper,133,3,Over
0,whisper,134,15,Over
0,whisper,135,10,Skip
0,whisper,136,3,Over
0,whisper,137,15,Over
0,whisper,138,10,Skip
0,whisper,139,3,Over
0,whisper,140,15,Over
0,whisper,141,10,Skip
0,whisper,142,3,Over
0,whisper,143,15,Over
0,whisper,144,10,Skip
0,whisper,145,3,Over
0,whisper,146,15,Over
0,whisper,147,10,Skip
0,whisper,148,3,Over
0,whisper,149,15,Over
0,talk,75,9,Over
0,talk,76,8,VOTE Agent[02]
0,talk,77,3,Skip
0,talk,78,5,ESTIMATE Agent[10] VILLAGER
0,talk,79,12,Skip
0,talk,80,11,Over
0,talk,81,2,ESTIMATE Agent[06] VILLAGER
0,talk,82,1,Over
0,talk,83,4,Over
0,talk,84,6,Over
0,talk,85,7,Over
0,talk,86,10,Over
0,talk,87,13,Over
0,talk,88,14,Over
0,talk,89,15,Over
0,whisper,150,15,Over
0,whisper,151,3,Over
0,whisper,152,10,Skip
0,whisper,153,3,Over
0,whisper,154,15,Over
0,whisper,155,10,Skip
0,whisper,156,3,Over
0,whisper,157,10,Skip
0,whisper,158,15,Over
0,whisper,159,10,Skip
0,whisper,160,3,Over
0,whisper,161,15,Over
0,whisper,162,10,Skip
0,whisper,163,3,Over
0,whisper,164,15,Over
0,whisper,165,10,Skip
0,whisper,166,3,Over
0,whisper,167,15,Over
0,whisper,168,10,Skip
0,whisper,169,3,Over
0,whisper,170,15,Over
0,whisper,171,10,Skip
0,whisper,172,3,Over
0,whisper,173,15,Over
0,whisper,174,10,Skip
0,whisper,175,3,Over
0,whisper,176,15,Over
0,whisper,177,10,Skip
0,whisper,178,3,Over
0,whisper,179,15,Over
0,talk,90,12,Skip
0,talk,91,11,Over
0,talk,92,8,VOTE Agent[14]
0,talk,93,9,Over
0,talk,94,5,ESTIMATE Agent[01] WEREWOLF
0,talk,95,3,Skip
0,talk,96,2,ESTIMATE Agent[07] VILLAGER
0,talk,97,1,Over
0,talk,98,4,Over
0,talk,99,6,Over
0,talk,100,7,Over
0,talk,101,10,Over
0,talk,102,13,Over
0,talk,103,14,Over
0,talk,104,15,Over
0,whisper,180,15,Over
0,whisper,181,10,Skip
0,whisper,182,3,Over
0,whisper,183,10,Skip
0,whisper,184,15,Over
0,whisper,185,3,Over
0,whisper,186,10,Skip
0,whisper,187,3,Over
0,whisper,188,15,Over
0,whisper,189,10,Skip
0,whisper,190,3,Over
0,whisper,191,15,Over
0,whisper,192,10,Skip
0,whisper,193,3,Over
0,whisper,194,15,Over
0,whisper,195,10,Skip
0,whisper,196,3,Over
0,whisper,197,15,Over
0,whisper,198,10,Skip
0,whisper,199,3,Over
0,whisper,200,15,Over
0,whisper,201,10,Skip
0,whisper,202,3,Over
0,whisper,203,15,Over
0,whisper,204,10,Skip
0,whisper,205,3,Over
0,whisper,206,15,Over
0,whisper,207,10,Skip
0,whisper,208,3,Over
0,whisper,209,15,Over
0,talk,105,12,Skip
0,talk,106,3,Skip
0,talk,107,5,Skip
0,talk,108,9,Over
0,talk,109,2,ESTIMATE Agent[08] VILLAGER
0,talk,110,11,Over
0,talk,111,8,VOTE Agent[06]
0,talk,112,1,Over
0,talk,113,4,Over
0,talk,114,6,Over
0,talk,115,7,Over
0,talk,116,10,Over
0,talk,117,13,Over
0,talk,118,14,Over
0,talk,119,15,Over
0,whisper,210,10,Skip
0,whisper,211,3,Over
0,whisper,212,15,Over
0,whisper,213,10,Skip
0,whisper,214,3,Over
0,whisper,215,15,Over
0,whisper,216,10,Skip
0,whisper,217,3,Over
0,whisper,218,15,Over
0,whisper,219,10,Skip
0,whisper,220,3,Over
0,whisper,221,15,Over
0,whisper,222,10,Skip
0,whisper,223,3,Over
0,whisper,224,15,Over
0,whisper,225,10,Skip
0,whisper,226,3,Over
0,whisper,227,15,Over
0,whisper,228,10,Skip
0,whisper,229,3,Over
0,whisper,230,15,Over
0,whisper,231,10,Skip
0,whisper,232,3,Over
0,whisper,233,15,Over
0,whisper,234,10,Skip
0,whisper,235,3,Over
0,whisper,236,15,Over
0,whisper,237,10,Skip
0,whisper,238,3,Over
0,whisper,239,15,Over
0,talk,120,11,Over
0,talk,121,8,VOTE Agent[12]
0,talk,122,2,ESTIMATE Agent[09] VILLAGER
0,talk,123,5,Skip
0,talk,124,3,Skip
0,talk,125,12,Skip
0,talk,126,9,Over
0,talk,127,1,Over
0,talk,128,4,Over
0,talk,129,6,Over
0,talk,130,7,Over
0,talk,131,10,Over
0,talk,132,13,Over
0,talk,133,14,Over
0,talk,134,15,Over
0,whisper,240,10,Skip
0,whisper,241,15,Over
0,whisper,242,3,Over
0,whisper,243,10,Skip
0,whisper,244,3,Over
0,whisper,245,15,Over
0,whisper,246,10,Skip
0,whisper,247,3,Over
0,whisper,248,15,Over
0,whisper,249,10,Skip
0,whisper,250,3,Over
0,whisper,251,15,Over
0,whisper,252,10,Skip
0,whisper,253,3,Over
0,whisper,254,15,Over
0,whisper,255,10,Skip
0,whisper,256,3,Over
0,whisper,257,15,Over
0,whisper,258,10,Skip
0,whisper,259,3,Over
0,whisper,260,15,Over
0,whisper,261,10,Skip
0,whisper,262,3,Over
0,whisper,263,15,Over
0,whisper,264,10,Skip
0,whisper,265,3,Over
0,whisper,266,15,Over
0,whisper,267,10,Skip
0,whisper,268,3,Over
0,whisper,269,15,Over
0,talk,135,5,Over
0,talk,136,12,Skip
0,talk,137,11,Over
0,talk,138,2,ESTIMATE Agent[10] VILLAGER
0,talk,139,8,VOTE Agent[04]
0,talk,140,3,VOTE Agent[04]
0,talk,141,1,Over
0,talk,142,4,Over
0,talk,143,6,Over
0,talk,144,7,Over
0,talk,145,9,Over
0,talk,146,10,Over
0,talk,147,13,Over
0,talk,148,14,Over
0,talk,149,15,VOTE Agent[04]
0,whisper,270,3,Over
0,whisper,271,10,Skip
0,whisper,272,15,Over
0,whisper,273,10,Skip
0,whisper,274,3,Over
0,whisper,275,15,Over
0,whisper,276,10,Skip
0,whisper,277,3,Over
0,whisper,278,15,Over
0,whisper,279,10,Skip
0,whisper,280,3,Over
0,whisper,281,15,Over
0,whisper,282,10,Skip
0,whisper,283,3,Over
0,whisper,284,15,Over
0,whisper,285,10,Skip
0,whisper,286,3,Over
0,whisper,287,15,Over
0,whisper,288,10,Skip
0,whisper,289,3,Over
0,whisper,290,15,Over
0,whisper,291,10,Skip
0,whisper,292,3,Over
0,whisper,293,15,Over
0,whisper,294,10,Skip
0,whisper,295,3,Over
0,whisper,296,15,Over
0,whisper,297,10,Skip
0,whisper,298,3,Over
0,whisper,299,15,Over
0,divine,1,15,WEREWOLF
1,status,1,SEER,ALIVE,cash
1,status,2,POSSESSED,ALIVE,kSugar
1,status,3,WEREWOLF,ALIVE,haretaro
1,status,4,VILLAGER,ALIVE,Kanolab
1,status,5,VILLAGER,ALIVE,wasabi
1,status,6,VILLAGER,ALIVE,TOT
1,status,7,VILLAGER,ALIVE,nakamura
1,status,8,VILLAGER,ALIVE,iace10442
1,status,9,BODYGUARD,ALIVE,tkAI
1,status,10,WEREWOLF,ALIVE,NLwolf
1,status,11,MEDIUM,ALIVE,carlo
1,status,12,VILLAGER,ALIVE,twn480
1,status,13,VILLAGER,ALIVE,KajiGod
1,status,14,VILLAGER,ALIVE,howls
1,status,15,WEREWOLF,ALIVE,Udon
1,talk,0,5,ESTIMATE Agent[03] VILLAGER
1,talk,1,15,DIVINED Agent[13] HUMAN
1,talk,2,6,VOTE Agent[04]
1,talk,3,10,DIVINED Agent[09] HUMAN
1,talk,4,9,Over
1,talk,5,1,DIVINED Agent[15] WEREWOLF
1,talk,6,11,VOTE Agent[03]
1,talk,7,12,Skip
1,talk,8,7,ESTIMATE Agent[13] WEREWOLF
1,talk,9,13,VOTE Agent[05]
1,talk,10,4,VOTE Agent[03]
1,talk,11,3,Skip
1,talk,12,2,Skip
1,talk,13,8,ESTIMATE Agent[02] SEER
1,talk,14,14,Over
1,whisper,0,15,Over
1,whisper,1,3,Over
1,whisper,2,10,Skip
1,whisper,3,10,Skip
1,whisper,4,3,Over
1,whisper,5,15,Over
1,whisper,6,10,Skip
1,whisper,7,3,Over
1,whisper,8,15,Over
1,whisper,9,10,Skip
1,whisper,10,3,Over
1,whisper,11,15,Over
1,whisper,12,10,Skip
1,whisper,13,3,Over
1,whisper,14,15,Over
1,whisper,15,10,Skip
1,whisper,16,3,Over
1,whisper,17,15,Over
1,whisper,18,10,Skip
1,whisper,19,3,Over
1,whisper,20,15,Over
1,whisper,21,10,Skip
1,whisper,22,3,Over
1,whisper,23,15,Over
1,whisper,24,10,Skip
1,whisper,25,3,Over
1,whisper,26,15,Over
1,whisper,27,10,Skip
1,whisper,28,3,Over
1,whisper,29,15,Over
1,talk,15,11,Over
1,talk,16,15,VOTE Agent[04]
1,talk,17,10,Skip
1,talk,18,3,Skip
1,talk,19,6,Over
1,talk,20,9,Over
1,talk,21,13,Over
1,talk,22,7,VOTE Agent[13]
1,talk,23,1,VOTE Agent[15]
1,talk,24,5,Skip
1,talk,25,4,VOTE Agent[04]
1,talk,26,12,Skip
1,talk,27,8,Skip
1,talk,28,2,Skip
1,talk,29,14,Over
1,whisper,30,3,Over
1,whisper,31,15,Over
1,whisper,32,10,Skip
1,whisper,33,15,Over
1,whisper,34,10,Skip
1,whisper,35,3,Over
1,whisper,36,10,Skip
1,whisper,37,15,Over
1,whisper,38,3,Over
1,whisper,39,10,Skip
1,whisper,40,3,Over
1,whisper,41,15,Over
1,whisper,42,10,Skip
1,whisper,43,3,Over
1,whisper,44,15,Over
1,whisper,45,10,Skip
1,whisper,46,3,Over
1,whisper,47,15,Over
1,whisper,48,10,Skip
1,whisper,49,3,Over
1,whisper,50,15,Over
1,whisper,51,10,Skip
1,whisper,52,3,Over
1,whisper,53,15,Over
1,whisper,54,10,Skip
1,whisper,55,3,Over
1,whisper,56,15,Over
1,whisper,57,10,Skip
1,whisper,58,3,Over
1,whisper,59,15,Over
1,talk,30,2,Skip
1,talk,31,12,Skip
1,talk,32,10,Skip
1,talk,33,3,VOTE Agent[04]
1,talk,34,8,Skip
1,talk,35,9,Over
1,talk,36,11,Over
1,talk,37,6,Over
1,talk,38,1,Over
1,talk,39,13,Over
1,talk,40,15,Over
1,talk,41,4,VOTE Agent[06]
1,talk,42,5,ESTIMATE Agent[15] WEREWOLF
1,talk,43,7,Over
1,talk,44,14,Over
1,whisper,60,15,Over
1,whisper,61,3,Over
1,whisper,62,10,Skip
1,whisper,63,3,Over
1,whisper,64,15,Over
1,whisper,65,10,Skip
1,whisper,66,15,Over
1,whisper,67,3,Over
1,whisper,68,10,Skip
1,whisper,69,3,Over
1,whisper,70,10,Skip
1,whisper,71,15,Over
1,whisper,72,10,Skip
1,whisper,73,3,Over
1,whisper,74,15,Over
1,whisper,75,10,Skip
1,whisper,76,3,Over
1,whisper,77,15,Over
1,whisper,78,10,Skip
1,whisper,79,3,Over
1,whisper,80,15,Over
1,whisper,81,10,Skip
1,whisper,82,3,Over
1,whisper,83,15,Over
1,whisper,84,10,Skip
1,whisper,85,3,Over
1,whisper,86,15,Over
1,whisper,87,10,Skip
1,whisper,88,3,Over
1,whisper,89,15,Over
1,talk,45,9,Over
1,talk,46,13,Over
1,talk,47,4,VOTE Agent[08]
1,talk,48,8,VOTE Agent[15]
1,talk,49,15,Over
1,talk,50,11,Over
1,talk,51,2,COMINGOUT Agent[02] MEDIUM
1,talk,52,6,Over
1,talk,53,12,Skip
1,talk,54,10,Skip
1,talk,55,5,ESTIMATE Agent[12] VILLAGER
1,talk,56,1,VOTE Agent[15]
1,talk,57,3,Skip
1,talk,58,7,Over
1,talk,59,14,Over
1,whisper,90,15,Over
1,whisper,91,3,Over
1,whisper,92,10,Skip
1,whisper,93,3,Over
1,whisper,94,15,Over
1,whisper,95,10,Skip
1,whisper,96,15,Over
1,whisper,97,3,Over
1,whisper,98,10,Skip
1,whisper,99,15,Over
1,whisper,100,3,Over
1,whisper,101,10,Skip
1,whisper,102,3,Over
1,whisper,103,15,Over
1,whisper,104,10,Skip
1,whisper,105,10,Skip
1,whisper,106,3,Over
1,whisper,107,15,Over
1,whisper,108,10,Skip
1,whisper,109,3,Over
1,whisper,110,15,Over
1,whisper,111,10,Skip
1,whisper,112,3,Over
1,whisper,113,15,Over
1,whisper,114,10,Skip
1,whisper,115,3,Over
1,whisper,116,15,Over
1,whisper,117,10,Skip
1,whisper,118,3,Over
1,whisper,119,15,Over
1,talk,60,11,Over
1,talk,61,2,Skip
1,talk,62,6,Over
1,talk,63,12,Skip
1,talk,64,3,Skip
1,talk,65,15,Over
1,talk,66,5,ESTIMATE Agent[01] WEREWOLF
1,talk,67,13,VOTE Agent[02]
1,talk,68,1,Over
1,talk,69,9,Over
1,talk,70,8,VOTE Agent[01]
1,talk,71,4,ESTIMATE Agent[01] SEER
1,talk,72,10,VOTE Agent[05]
1,talk,73,7,Over
1,talk,74,14,Over
1,whisper,120,10,Skip
1,whisper,121,15,Over
1,whisper,122,3,Over
1,whisper,123,10,Skip
1,whisper,124,3,Over
1,whisper,125,15,Over
1,whisper,126,10,Skip
1,whisper,127,3,Over
1,whisper,128,15,Over
1,whisper,129,10,Skip
1,whisper,130,3,Over
1,whisper,131,15,Over
1,whisper,132,10,Skip
1,whisper,133,3,Over
1,whisper,134,15,Over
1,whisper,135,10,Skip
1,whisper,136,3,Over
1,whisper,137,15,Over
1,whisper,138,10,Skip
1,whisper,139,3,Over
1,whisper,140,15,Over
1,whisper,141,10,Skip
1,whisper,142,3,Over
1,whisper,143,15,Over
1,whisper,144,10,Skip
1,whisper,145,3,Over
1,whisper,146,15,Over
1,whisper,147,10,Skip
1,whisper,148,3,Over
1,whisper,149,15,Over
1,talk,75,15,Over
1,talk,76,13,Over
1,talk,77,5,ESTIMATE Agent[13] VILLAGER
1,talk,78,3,Skip
1,talk,79,9,Over
1,talk,80,12,Skip
1,talk,81,10,Over
1,talk,82,6,Over
1,talk,83,11,Over
1,talk,84,8,Over
1,talk,85,4,ESTIMATE Agent[02] MEDIUM
1,talk,86,2,Skip
1,talk,87,1,Over
1,talk,88,7,Over
1,talk,89,14,Over
1,whisper,150,15,Over
1,whisper,151,10,Skip
1,whisper,152,3,Over
1,whisper,153,10,Skip
1,whisper,154,15,Over
1,whisper,155,3,Over
1,whisper,156,10,Skip
1,whisper,157,3,Over
1,whisper,158,15,Over
1,whisper,159,10,Skip
1,whisper,160,3,Over
1,whisper,161,15,Over
1,whisper,162,10,Skip
1,whisper,163,3,Over
1,whisper,164,15,Over
1,whisper,165,10,Skip
1,whisper,166,3,Over
1,whisper,167,15,Over
1,whisper,168,10,Skip
1,whisper,169,3,Over
1,whisper,170,15,Over
1,whisper,171,10,Skip
1,whisper,172,3,Over
1,whisper,173,15,Over
1,whisper,174,10,Skip
1,whisper,175,3,Over
1,whisper,176,15,Over
1,whisper,177,10,Skip
1,whisper,178,3,Over
1,whisper,179,15,Over
1,talk,90,10,Over
1,talk,91,11,Over
1,talk,92,13,Over
1,talk,93,8,VOTE Agent[05]
1,talk,94,3,Skip
1,talk,95,5,ESTIMATE Agent[15] WEREWOLF
1,talk,96,9,Over
1,talk,97,15,Over
1,talk,98,6,Over
1,talk,99,12,Skip
1,talk,100,4,VOTE Agent[07]
1,talk,101,2,Skip
1,talk,102,1,Over
1,talk,103,7,Over
1,talk,104,14,Over
1,whisper,180,15,Over
1,whisper,181,10,Skip
1,whisper,182,3,Over
1,whisper,183,10,Skip
1,whisper,184,15,Over
1,whisper,185,3,Over
1,whisper,186,10,Skip
1,whisper,187,3,Over
1,whisper,188,15,Over
1,whisper,189,10,Skip
1,whisper,190,3,Over
1,whisper,191,15,Over
1,whisper,192,10,Skip
1,whisper,193,3,Over
1,whisper,194,15,Over
1,whisper,195,10,Skip
1,whisper,196,3,Over
1,whisper,197,15,Over
1,whisper,198,10,Skip
1,whisper,199,3,Over
1,whisper,200,15,Over
1,whisper,201,10,Skip
1,whisper,202,3,Over
1,whisper,203,15,Over
1,whisper,204,10,Skip
1,whisper,205,3,Over
1,whisper,206,15,Over
1,whisper,207,10,Skip
1,whisper,208,3,Over
1,whisper,209,15,Over
1,talk,105,11,Over
1,talk,106,15,Over
1,talk,107,5,ESTIMATE Agent[07] VILLAGER
1,talk,108,12,Skip
1,talk,109,13,Over
1,talk,110,6,Over
1,talk,111,10,Over
1,talk,112,2,Skip
1,talk,113,8,VOTE Agent[15]
1,talk,114,3,Skip
1,talk,115,4,VOTE Agent[09]
1,talk,116,9,Over
1,talk,117,1,Over
1,talk,118,7,Over
1,talk,119,14,Over
1,whisper,210,3,Over
1,whisper,211,15,Over
1,whisper,212,10,Skip
1,whisper,213,15,Over
1,whisper,214,10,Skip
1,whisper,215,3,Over
1,whisper,216,15,Over
1,whisper,217,10,Skip
1,whisper,218,3,Over
1,whisper,219,10,Skip
1,whisper,220,15,Over
1,whisper,221,3,Over
1,whisper,222,10,Skip
1,whisper,223,3,Over
1,whisper,224,15,Over
1,whisper,225,10,Skip
1,whisper,226,3,Over
1,whisper,227,15,Over
1,whisper,228,10,Skip
1,whisper,229,3,Over
1,whisper,230,15,Over
1,whisper,231,10,Skip
1,whisper,232,3,Over
1,whisper,233,15,Over
1,whisper,234,10,Skip
1,whisper,235,3,Over
1,whisper,236,15,Over
1,whisper,237,10,Skip
1,whisper,238,3,Over
1,whisper,239,15,Over
1,talk,120,11,Over
1,talk,121,13,Over
1,talk,122,2,Skip
1,talk,123,8,Over
1,talk,124,3,Skip
1,talk,125,12,Skip
1,talk,126,6,Over
1,talk,127,5,ESTIMATE Agent[01] WEREWOLF
1,talk,128,15,Over
1,talk,129,10,Over
1,talk,130,4,VOTE Agent[14]
1,talk,131,1,Over
1,talk,132,7,Over
1,talk,133,9,Over
1,talk,134,14,Over
1,whisper,240,3,Over
1,whisper,241,10,Skip
1,whisper,242,15,Over
1,whisper,243,10,Skip
1,whisper,244,3,Over
1,whisper,245,15,Over
1,whisper,246,10,Skip
1,whisper,247,3,Over
1,whisper,248,15,Over
1,whisper,249,10,Skip
1,whisper,250,3,Over
1,whisper,251,15,Over
1,whisper,252,10,Skip
1,whisper,253,3,Over
1,whisper,254,15,Over
1,whisper,255,10,Skip
1,whisper,256,3,Over
1,whisper,257,15,Over
1,whisper,258,10,Skip
1,whisper,259,3,Over
1,whisper,260,15,Over
1,whisper,261,10,Skip
1,whisper,262,3,Over
1,whisper,263,15,Over
1,whisper,264,10,Skip
1,whisper,265,3,Over
1,whisper,266,15,Over
1,whisper,267,10,Skip
1,whisper,268,3,Over
1,whisper,269,15,Over
1,talk,135,6,Over
1,talk,136,12,Skip
1,talk,137,10,Over
1,talk,138,15,Over
1,talk,139,3,Skip
1,talk,140,5,ESTIMATE Agent[02] WEREWOLF
1,talk,141,4,VOTE Agent[01]
1,talk,142,11,Over
1,talk,143,8,VOTE Agent[01]
1,talk,144,2,Skip
1,talk,145,13,Over
1,talk,146,1,Over
1,talk,147,7,Over
1,talk,148,9,Over
1,talk,149,14,Over
1,whisper,270,10,Skip
1,whisper,271,15,Over
1,whisper,272,3,Over
1,whisper,273,10,Skip
1,whisper,274,3,Over
1,whisper,275,15,Over
1,whisper,276,10,Skip
1,whisper,277,3,Over
1,whisper,278,15,Over
1,whisper,279,10,Skip
1,whisper,280,3,Over
1,whisper,281,15,Over
1,whisper,282,10,Skip
1,whisper,283,3,Over
1,whisper,284,15,Over
1,whisper,285,10,Skip
1,whisper,286,3,Over
1,whisper,287,15,Over
1,whisper,288,10,Skip
1,whisper,289,3,Over
1,whisper,290,15,Over
1,whisper,291,10,Skip
1,whisper,292,3,Over
1,whisper,293,15,Over
1,whisper,294,10,Skip
1,whisper,295,3,Over
1,whisper,296,15,Over
1,whisper,297,10,Skip
1,whisper,298,3,Over
1,whisper,299,15,Over
1,vote,1,15
1,vote,2,4
1,vote,3,4
1,vote,4,12
1,vote,5,2
1,vote,6,4
1,vote,7,13
1,vote,8,1
1,vote,9,2
1,vote,10,5
1,vote,11,3
1,vote,12,13
1,vote,13,2
1,vote,14,1
1,vote,15,4
1,divine,1,10,WEREWOLF
1,guard,9,5,VILLAGER
1,attackVote,3,2
1,attackVote,10,6
1,attackVote,15,1
1,execute,4,VILLAGER
1,attack,2,true
2,status,1,SEER,ALIVE,cash
2,status,2,POSSESSED,DEAD,kSugar
2,status,3,WEREWOLF,ALIVE,haretaro
2,status,4,VILLAGER,DEAD,Kanolab
2,status,5,VILLAGER,ALIVE,wasabi
2,status,6,VILLAGER,ALIVE,TOT
2,status,7,VILLAGER,ALIVE,nakamura
2,status,8,VILLAGER,ALIVE,iace10442
2,status,9,BODYGUARD,ALIVE,tkAI
2,status,10,WEREWOLF,ALIVE,NLwolf
2,status,11,MEDIUM,ALIVE,carlo
2,status,12,VILLAGER,ALIVE,twn480
2,status,13,VILLAGER,ALIVE,KajiGod
2,status,14,VILLAGER,ALIVE,howls
2,status,15,WEREWOLF,ALIVE,Udon
2,talk,0,11,COMINGOUT Agent[11] MEDIUM
2,talk,1,10,DIVINED Agent[08] HUMAN
2,talk,2,7,ESTIMATE Agent[13] WEREWOLF
2,talk,3,13,VOTE Agent[09]
2,talk,4,9,Over
2,talk,5,12,Skip
2,talk,6,8,Skip
2,talk,7,3,VOTE Agent[15]
2,talk,8,5,ESTIMATE Agent[14] WEREWOLF
2,talk,9,6,VOTE Agent[15]
2,talk,10,1,DIVINED Agent[10] WEREWOLF
2,talk,11,15,DIVINED Agent[04] HUMAN
2,talk,12,14,Over
2,whisper,0,3,Over
2,whisper,1,10,Skip
2,whisper,2,15,Over
2,whisper,3,10,Skip
2,whisper,4,3,Over
2,whisper,5,15,Over
2,whisper,6,10,Skip
2,whisper,7,3,Over
2,whisper,8,15,Over
2,whisper,9,10,Skip
2,whisper,10,3,Over
2,whisper,11,15,Over
2,whisper,12,10,Skip
2,whisper,13,3,Over
2,whisper,14,15,Over
2,whisper,15,10,Skip
2,whisper,16,3,Over
2,whisper,17,15,Over
2,whisper,18,10,Skip
2,whisper,19,3,Over
2,whisper,20,15,Over
2,whisper,21,10,Skip
2,whisper,22,3,Over
2,whisper,23,15,Over
2,whisper,24,10,Skip
2,whisper,25,3,Over
2,whisper,26,15,Over
2,whisper,27,10,Skip
2,whisper,28,3,Over
2,whisper,29,15,Over
2,talk,13,13,VOTE Agent[10]
2,talk,14,8,Skip
2,talk,15,5,ESTIMATE Agent[09] VILLAGER
2,talk,16,12,Skip
2,talk,17,11,INQUESTED Agent[06] HUMAN
2,talk,18,7,VOTE Agent[13]
2,talk,19,10,Skip
2,talk,20,1,Skip
2,talk,21,6,ESTIMATE Agent[11] MEDIUM
2,talk,22,3,Skip
2,talk,23,15,VOTE Agent[11]
2,talk,24,9,Over
2,talk,25,14,Over
2,whisper,30,3,Over
2,whisper,31,10,Skip
2,whisper,32,15,Over
2,whisper,33,3,Over
2,whisper,34,10,Skip
2,whisper,35,15,Over
2,whisper,36,10,Skip
2,whisper,37,3,Over
2,whisper,38,15,Over
2,whisper,39,10,Skip
2,whisper,40,3,Over
2,whisper,41,15,Over
2,whisper,42,10,Skip
2,whisper,43,3,Over
2,whisper,44,15,Over
2,whisper,45,10,Skip
2,whisper,46,3,Over
2,whisper,47,15,Over
2,whisper,48,10,Skip
2,whisper,49,3,Over
2,whisper,50,15,Over
2,whisper,51,10,Skip
2,whisper,52,3,Over
2,whisper,53,15,Over
2,whisper,54,10,Skip
2,whisper,55,3,Over
2,whisper,56,15,Over
2,whisper,57,10,Skip
2,whisper,58,3,Over
2,whisper,59,15,Over
2,talk,26,13,Over
2,talk,27,3,Skip
2,talk,28,10,Skip
2,talk,29,6,Over
2,talk,30,15,Over
2,talk,31,1,VOTE Agent[10]
2,talk,32,7,Over
2,talk,33,8,Skip
2,talk,34,11,INQUESTED Agent[04] HUMAN
2,talk,35,12,Skip
2,talk,36,5,ESTIMATE Agent[11] MEDIUM
2,talk,37,9,Over
2,talk,38,14,Over
2,whisper,60,3,Over
2,whisper,61,15,Over
2,whisper,62,10,Skip
2,whisper,63,10,Skip
2,whisper,64,3,Over
2,whisper,65,15,Over
2,whisper,66,10,Skip
2,whisper,67,3,Over
2,whisper,68,15,Over
2,whisper,69,10,Skip
2,whisper,70,3,Over
2,whisper,71,15,Over
2,whisper,72,10,Skip
2,whisper,73,3,Over
2,whisper,74,15,Over
2,whisper,75,10,Skip
2,whisper,76,3,Over
2,whisper,77,15,Over
2,whisper,78,10,Skip
2,whisper,79,3,Over
2,whisper,80,15,Over
2,whisper,81,10,Skip
2,whisper,82,3,Over
2,whisper,83,15,Over
2,whisper,84,10,Skip
2,whisper,85,3,Over
2,whisper,86,15,Over
2,whisper,87,10,Skip
2,whisper,88,3,Over
2,whisper,89,15,Over
2,talk,39,12,Skip
2,talk,40,3,Skip
2,talk,41,11,VOTE Agent[03]
2,talk,42,6,Over
2,talk,43,5,ESTIMATE Agent[10] WEREWOLF
2,talk,44,8,VOTE Agent[15]
2,talk,45,13,Over
2,talk,46,7,Over
2,talk,47,10,Skip
2,talk,48,15,Over
2,talk,49,1,VOTE Agent[10]
2,talk,50,9,Over
2,talk,51,14,Over
2,whisper,90,10,Skip
2,whisper,91,3,Over
2,whisper,92,15,Over
2,whisper,93,10,Skip
2,whisper,94,3,Over
2,whisper,95,15,Over
2,whisper,96,10,Skip
2,whisper,97,3,Over
2,whisper,98,15,Over
2,whisper,99,10,Skip
2,whisper,100,3,Over
2,whisper,101,15,Over
2,whisper,102,10,Skip
2,whisper,103,3,Over
2,whisper,104,15,Over
2,whisper,105,10,Skip
2,whisper,106,3,Over
2,whisper,107,15,Over
2,whisper,108,10,Skip
2,whisper,109,3,Over
2,whisper,110,15,Over
2,whisper,111,10,Skip
2,whisper,112,3,Over
2,whisper,113,15,Over
2,whisper,114,10,Skip
2,whisper,115,3,Over
2,whisper,116,15,Over
2,whisper,117,10,Skip
2,whisper,118,3,Over
2,whisper,119,15,Over
2,talk,52,3,Skip
2,talk,53,13,Over
2,talk,54,8,Over
2,talk,55,7,Over
2,talk,56,5,ESTIMATE Agent[06] VILLAGER
2,talk,57,11,Over
2,talk,58,12,Skip
2,talk,59,10,VOTE Agent[05]
2,talk,60,15,Over
2,talk,61,6,Over
2,talk,62,1,Over
2,talk,63,9,Over
2,talk,64,14,Over
2,whisper,120,15,Over
2,whisper,121,3,Over
2,whisper,122,10,Skip
2,whisper,123,15,Over
2,whisper,124,10,Skip
2,whisper,125,3,Over
2,whisper,126,10,Skip
2,whisper,127,15,Over
2,whisper,128,3,Over
2,whisper,129,10,Skip
2,whisper,130,3,Over
2,whisper,131,15,Over
2,whisper,132,10,Skip
2,whisper,133,3,Over
2,whisper,134,15,Over
2,whisper,135,10,Skip
2,whisper,136,3,Over
2,whisper,137,15,Over
2,whisper,138,10,Skip
2,whisper,139,3,Over
2,whisper,140,15,Over
2,whisper,141,10,Skip
2,whisper,142,3,Over
2,whisper,143,15,Over
2,whisper,144,10,Skip
2,whisper,145,3,Over
2,whisper,146,15,Over
2,whisper,147,10,Skip
2,whisper,148,3,Over
2,whisper,149,15,Over
2,talk,65,10,Over
2,talk,66,5,ESTIMATE Agent[06] VILLAGER
2,talk,67,13,Over
2,talk,68,3,Skip
2,talk,69,11,Over
2,talk,70,8,Over
2,talk,71,7,Over
2,talk,72,12,Skip
2,talk,73,1,Over
2,talk,74,6,Over
2,talk,75,9,Over
2,talk,76,14,Over
2,talk,77,15,Over
2,whisper,150,3,Over
2,whisper,151,15,Over
2,whisper,152,10,Skip
2,whisper,153,3,Over
2,whisper,154,15,Over
2,whisper,155,10,Skip
2,whisper,156,3,Over
2,whisper,157,10,Skip
2,whisper,158,15,Over
2,whisper,159,10,Skip
2,whisper,160,3,Over
2,whisper,161,15,Over
2,whisper,162,10,Skip
2,whisper,163,3,Over
2,whisper,164,15,Over
2,whisper,165,10,Skip
2,whisper,166,3,Over
2,whisper,167,15,Over
2,whisper,168,10,Skip
2,whisper,169,3,Over
2,whisper,170,15,Over
2,whisper,171,10,Skip
2,whisper,172,3,Over
2,whisper,173,15,Over
2,whisper,174,10,Skip
2,whisper,175,3,Over
2,whisper,176,15,Over
2,whisper,177,10,Skip
2,whisper,178,3,Over
2,whisper,179,15,Over
2,talk,78,11,Over
2,talk,79,3,Skip
2,talk,80,5,Skip
2,talk,81,8,Over
2,talk,82,7,Over
2,talk,83,10,Over
2,talk,84,12,Skip
2,talk,85,13,Over
2,talk,86,1,Over
2,talk,87,6,Over
2,talk,88,9,Over
2,talk,89,14,Over
2,talk,90,15,Over
2,whisper,180,10,Skip
2,whisper,181,15,Over
2,whisper,182,3,Over
2,whisper,183,10,Skip
2,whisper,184,3,Over
2,whisper,185,15,Over
2,whisper,186,10,Skip
2,whisper,187,3,Over
2,whisper,188,15,Over
2,whisper,189,10,Skip
2,whisper,190,3,Over
2,whisper,191,15,Over
2,whisper,192,10,Skip
2,whisper,193,3,Over
2,whisper,194,15,Over
2,whisper,195,10,Skip
2,whisper,196,3,Over
2,whisper,197,15,Over
2,whisper,198,10,Skip
2,whisper,199,3,Over
2,whisper,200,15,Over
2,whisper,201,10,Skip
2,whisper,202,3,Over
2,whisper,203,15,Over
2,whisper,204,10,Skip
2,whisper,205,3,Over
2,whisper,206,15,Over
2,whisper,207,10,Skip
2,whisper,208,3,Over
2,whisper,209,15,Over
2,talk,91,3,Skip
2,talk,92,8,VOTE Agent[01]
2,talk,93,10,Over
2,talk,94,12,Skip
2,talk,95,11,Over
2,talk,96,7,Over
2,talk,97,5,ESTIMATE Agent[03] WEREWOLF
2,talk,98,1,Over
2,talk,99,6,Over
2,talk,100,9,Over
2,talk,101,13,Over
2,talk,102,14,Over
2,talk,103,15,Over
2,whisper,210,10,Skip
2,whisper,211,15,Over
2,whisper,212,3,Over
2,whisper,213,10,Skip
2,whisper,214,3,Over
2,whisper,215,15,Over
2,whisper,216,10,Skip
2,whisper,217,3,Over
2,whisper,218,15,Over
2,whisper,219,10,Skip
2,whisper,220,3,Over
2,whisper,221,15,Over
2,whisper,222,10,Skip
2,whisper,223,3,Over
2,whisper,224,15,Over
2,whisper,225,10,Skip
2,whisper,226,3,Over
2,whisper,227,15,Over
2,whisper,228,10,Skip
2,whisper,229,3,Over
2,whisper,230,15,Over
2,whisper,231,10,Skip
2,whisper,232,3,Over
2,whisper,233,15,Over
2,whisper,234,10,Skip
2,whisper,235,3,Over
2,whisper,236,15,Over
2,whisper,237,10,Skip
2,whisper,238,3,Over
2,whisper,239,15,Over
2,talk,104,12,Skip
2,talk,105,3,Skip
2,talk,106,5,ESTIMATE Agent[08] WEREWOLF
2,talk,107,11,Over
2,talk,108,7,Over
2,talk,109,8,VOTE Agent[15]
2,talk,110,10,Over
2,talk,111,1,Over
2,talk,112,6,Over
2,talk,113,9,Over
2,talk,114,13,Over
2,talk,115,14,Over
2,talk,116,15,Over
2,whisper,240,10,Skip
2,whisper,241,15,Over
2,whisper,242,3,Over
2,whisper,243,10,Skip
2,whisper,244,3,Over
2,whisper,245,15,Over
2,whisper,246,10,Skip
2,whisper,247,3,Over
2,whisper,248,15,Over
2,whisper,249,10,Skip
2,whisper,250,3,Over
2,whisper,251,15,Over
2,whisper,252,10,Skip
2,whisper,253,3,Over
2,whisper,254,15,Over
2,whisper,255,10,Skip
2,whisper,256,3,Over
2,whisper,257,15,Over
2,whisper,258,10,Skip
2,whisper,259,3,Over
2,whisper,260,15,Over
2,whisper,261,10,Skip
2,whisper,262,3,Over
2,whisper,263,15,Over
2,whisper,264,10,Skip
2,whisper,265,3,Over
2,whisper,266,15,Over
2,whisper,267,10,Skip
2,whisper,268,3,Over
2,whisper,269,15,Over
2,talk,117,5,ESTIMATE Agent[01] WEREWOLF
2,talk,118,7,Over
2,talk,119,8,Over
2,talk,120,3,Skip
2,talk,121,11,Over
2,talk,122,12,Skip
2,talk,123,1,Over
2,talk,124,6,Over
2,talk,125,9,Over
2,talk,126,10,Over
2,talk,127,13,Over
2,talk,128,14,Over
2,talk,129,15,Over
2,whisper,270,10,Skip
2,whisper,271,15,Over
2,whisper,272,3,Over
2,whisper,273,10,Skip
2,whisper,274,3,Over
2,whisper,275,15,Over
2,whisper,276,10,Skip
2,whisper,277,3,Over
2,whisper,278,15,Over
2,whisper,279,10,Skip
2,whisper,280,3,Over
2,whisper,281,15,Over
2,whisper,282,10,Skip
2,whisper,283,3,Over
2,whisper,284,15,Over
2,whisper,285,10,Skip
2,whisper,286,3,Over
2,whisper,287,15,Over
2,whisper,288,10,Skip
2,whisper,289,3,Over
2,whisper,290,15,Over
2,whisper,291,10,Skip
2,whisper,292,3,Over
2,whisper,293,15,Over
2,whisper,294,10,Skip
2,whisper,295,3,Over
2,whisper,296,15,Over
2,whisper,297,10,Skip
2,whisper,298,3,Over
2,whisper,299,15,Over
2,vote,1,10
2,vote,3,8
2,vote,5,10
2,vote,6,15
2,vote,7,13
2,vote,8,15
2,vote,9,5
2,vote,10,5
2,vote,11,3
2,vote,12,15
2,vote,13,10
2,vote,14,3
2,vote,15,11
2,divine,1,14,HUMAN
2,guard,9,11,MEDIUM
2,attackVote,3,5
2,attackVote,10,11
2,attackVote,15,1
2,execute,15,WEREWOLF
2,attack,5,true
3,status,1,SEER,ALIVE,cash
3,status,2,POSSESSED,DEAD,kSugar
3,status,3,WEREWOLF,ALIVE,haretaro
3,status,4,VILLAGER,DEAD,Kanolab
3,status,5,VILLAGER,DEAD,wasabi
3,status,6,VILLAGER,ALIVE,TOT
3,status,7,VILLAGER,ALIVE,nakamura
3,status,8,VILLAGER,ALIVE,iace10442
3,status,9,BODYGUARD,ALIVE,tkAI
3,status,10,WEREWOLF,ALIVE,NLwolf
3,status,11,MEDIUM,ALIVE,carlo
3,status,12,VILLAGER,ALIVE,twn480
3,status,13,VILLAGER,ALIVE,KajiGod
3,status,14,VILLAGER,ALIVE,howls
3,status,15,WEREWOLF,DEAD,Udon
3,talk,0,8,ESTIMATE Agent[06] VILLAGER
3,talk,1,9,Over
3,talk,2,14,Over
3,talk,3,10,DIVINED Agent[11] HUMAN
3,talk,4,1,DIVINED Agent[14] HUMAN
3,talk,5,11,INQUESTED Agent[15] WEREWOLF
3,talk,6,12,Skip
3,talk,7,13,VOTE Agent[10]
3,talk,8,3,Skip
3,talk,9,6,VOTE Agent[01]
3,talk,10,7,ESTIMATE Agent[13] WEREWOLF
3,whisper,0,10,Skip
3,whisper,1,3,Over
3,whisper,2,10,Skip
3,whisper,3,3,Over
3,whisper,4,10,Skip
3,whisper,5,3,Over
3,whisper,6,10,Skip
3,whisper,7,3,Over
3,whisper,8,10,Skip
3,whisper,9,3,Over
3,whisper,10,10,Skip
3,whisper,11,3,Over
3,whisper,12,10,Skip
3,whisper,13,3,Over
3,whisper,14,10,Skip
3,whisper,15,3,Over
3,whisper,16,10,Skip
3,whisper,17,3,Over
3,whisper,18,10,Skip
3,whisper,19,3,Over
3,talk,11,12,Skip
3,talk,12,6,Over
3,talk,13,14,Over
3,talk,14,13,Over
3,talk,15,8,Skip
3,talk,16,11,ESTIMATE Agent[01] SEER
3,talk,17,10,Skip
3,talk,18,1,Skip
3,talk,19,3,Skip
3,talk,20,7,VOTE Agent[13]
3,talk,21,9,Over
3,whisper,20,3,Over
3,whisper,21,10,Skip
3,whisper,22,3,Over
3,whisper,23,10,Skip
3,whisper,24,10,Skip
3,whisper,25,3,Over
3,whisper,26,10,Skip
3,whisper,27,3,Over
3,whisper,28,10,Skip
3,whisper,29,3,Over
3,whisper,30,10,Skip
3,whisper,31,3,Over
3,whisper,32,10,Skip
3,whisper,33,3,Over
3,whisper,34,10,Skip
3,whisper,35,3,Over
3,whisper,36,10,Skip
3,whisper,37,3,Over
3,whisper,38,10,Skip
3,whisper,39,3,Over
3,talk,22,10,Skip
3,talk,23,14,Over
3,talk,24,3,Skip
3,talk,25,7,Over
3,talk,26,6,Over
3,talk,27,12,Skip
3,talk,28,11,VOTE Agent[15]
3,talk,29,13,Over
3,talk,30,1,VOTE Agent[10]
3,talk,31,8,ESTIMATE Agent[11] MEDIUM
3,talk,32,9,Over
3,whisper,40,10,Skip
3,whisper,41,3,Over
3,whisper,42,10,Skip
3,whisper,43,3,Over
3,whisper,44,10,Skip
3,whisper,45,3,Over
3,whisper,46,10,Skip
3,whisper,47,3,Over
3,whisper,48,10,Skip
3,whisper,49,3,Over
3,whisper,50,10,Skip
3,whisper,51,3,Over
3,whisper,52,10,Skip
3,whisper,53,3,Over
3,whisper,54,10,Skip
3,whisper,55,3,Over
3,whisper,56,10,Skip
3,whisper,57,3,Over
3,whisper,58,10,Skip
3,whisper,59,3,Over
3,talk,33,13,Over
3,talk,34,10,Skip
3,talk,35,12,Skip
3,talk,36,3,Skip
3,talk,37,8,VOTE Agent[06]
3,talk,38,11,Over
3,talk,39,7,Over
3,talk,40,14,Over
3,talk,41,1,Over
3,talk,42,6,Over
3,talk,43,9,Over
3,whisper,60,10,Skip
3,whisper,61,3,Over
3,whisper,62,10,Skip
3,whisper,63,3,Over
3,whisper,64,10,Skip
3,whisper,65,3,Over
3,whisper,66,10,Skip
3,whisper,67,3,Over
3,whisper,68,10,Skip
3,whisper,69,3,Over
3,whisper,70,10,Skip
3,whisper,71,3,Over
3,whisper,72,10,Skip
3,whisper,73,3,Over
3,whisper,74,10,Skip
3,whisper,75,3,Over
3,whisper,76,10,Skip
3,whisper,77,3,Over
3,whisper,78,10,Skip
3,whisper,79,3,Over
3,talk,44,8,VOTE Agent[09]
3,talk,45,10,VOTE Agent[08]
3,talk,46,13,Over
3,talk,47,12,Skip
3,talk,48,3,Skip
3,talk,49,1,Over
3,talk,50,6,Over
3,talk,51,7,Over
3,talk,52,9,Over
3,talk,53,11,Over
3,talk,54,14,Over
3,whisper,80,3,Over
3,whisper,81,10,Skip
3,whisper,82,10,Skip
3,whisper,83,3,Over
3,whisper,84,10,Skip
3,whisper,85,3,Over
3,whisper,86,10,Skip
3,whisper,87,3,Over
3,whisper,88,10,Skip
3,whisper,89,3,Over
3,whisper,90,10,Skip
3,whisper,91,3,Over
3,whisper,92,10,Skip
3,whisper,93,3,Over
3,whisper,94,10,Skip
3,whisper,95,3,Over
3,whisper,96,10,Skip
3,whisper,97,3,Over
3,whisper,98,10,Skip
3,whisper,99,3,Over
3,talk,55,12,Skip
3,talk,56,13,Over
3,talk,57,10,Over
3,talk,58,8,VOTE Agent[12]
3,talk,59,3,Skip
3,talk,60,1,Over
3,talk,61,6,Over
3,talk,62,7,Over
3,talk,63,9,Over
3,talk,64,11,Over
3,talk,65,14,Over
3,whisper,100,3,Over
3,whisper,101,10,Skip
3,whisper,102,3,Over
3,whisper,103,10,Skip
3,whisper,104,3,Over
3,whisper,105,10,Skip
3,whisper,106,10,Skip
3,whisper,107,3,Over
3,whisper,108,10,Skip
3,whisper,109,3,Over
3,whisper,110,10,Skip
3,whisper,111,3,Over
3,whisper,112,10,Skip
3,whisper,113,3,Over
3,whisper,114,10,Skip
3,whisper,115,3,Over
3,whisper,116,10,Skip
3,whisper,117,3,Over
3,whisper,118,10,Skip
3,whisper,119,3,Over
3,talk,66,8,VOTE Agent[06]
3,talk,67,3,Skip
3,talk,68,13,Over
3,talk,69,12,Skip
3,talk,70,10,Over
3,talk,71,1,Over
3,talk,72,6,Over
3,talk,73,7,Over
3,talk,74,9,Over
3,talk,75,11,Over
3,talk,76,14,Over
3,whisper,120,3,Over
3,whisper,121,10,Skip
3,whisper,122,10,Skip
3,whisper,123,3,Over
3,whisper,124,10,Skip
3,whisper,125,3,Over
3,whisper,126,10,Skip
3,whisper,127,3,Over
3,whisper,128,10,Skip
3,whisper,129,3,Over
3,whisper,130,10,Skip
3,whisper,131,3,Over
3,whisper,132,10,Skip
3,whisper,133,3,Over
3,whisper,134,10,Skip
3,whisper,135,3,Over
3,whisper,136,10,Skip
3,whisper,137,3,Over
3,whisper,138,10,Skip
3,whisper,139,3,Over
3,talk,77,13,Over
3,talk,78,3,Skip
3,talk,79,12,Skip
3,talk,80,8,Over
3,talk,81,1,Over
3,talk,82,6,Over
3,talk,83,7,Over
3,talk,84,9,Over
3,talk,85,10,Over
3,talk,86,11,Over
3,talk,87,14,Over
3,whisper,140,10,Skip
3,whisper,141,3,Over
3,whisper,142,10,Skip
3,whisper,143,3,Over
3,whisper,144,10,Skip
3,whisper,145,3,Over
3,whisper,146,10,Skip
3,whisper,147,3,Over
3,whisper,148,10,Skip
3,whisper,149,3,Over
3,whisper,150,10,Skip
3,whisper,151,3,Over
3,whisper,152,10,Skip
3,whisper,153,3,Over
3,whisper,154,10,Skip
3,whisper,155,3,Over
3,whisper,156,10,Skip
3,whisper,157,3,Over
3,whisper,158,10,Skip
3,whisper,159,3,Over
3,talk,88,12,Skip
3,talk,89,3,Skip
3,talk,90,13,Over
3,talk,91,1,Over
3,talk,92,6,Over
3,talk,93,7,Over
3,talk,94,8,VOTE Agent[12]
3,talk,95,9,Over
3,talk,96,10,Over
3,talk,97,11,Over
3,talk,98,14,Over
3,whisper,160,10,Skip
3,whisper,161,3,Over
3,whisper,162,10,Skip
3,whisper,163,3,Over
3,whisper,164,10,Skip
3,whisper,165,3,Over
3,whisper,166,10,Skip
3,whisper,167,3,Over
3,whisper,168,10,Skip
3,whisper,169,3,Over
3,whisper,170,10,Skip
3,whisper,171,3,Over
3,whisper,172,10,Skip
3,whisper,173,3,Over
3,whisper,174,10,Skip
3,whisper,175,3,Over
3,whisper,176,10,Skip
3,whisper,177,3,Over
3,whisper,178,10,Skip
3,whisper,179,3,Over
3,talk,99,6,Over
3,talk,100,8,VOTE Agent[06]
3,talk,101,7,Over
3,talk,102,12,Skip
3,talk,103,3,Skip
3,talk,104,1,Over
3,talk,105,13,Over
3,talk,106,9,Over
3,talk,107,10,Over
3,talk,108,11,Over
3,talk,109,14,Over
3,whisper,180,3,Over
3,whisper,181,10,Skip
3,whisper,182,3,Over
3,whisper,183,10,Skip
3,whisper,184,10,Skip
3,whisper,185,3,Over
3,whisper,186,10,Skip
3,whisper,187,3,Over
3,whisper,188,10,Skip
3,whisper,189,3,Over
3,whisper,190,10,Skip
3,whisper,191,3,Over
3,whisper,192,10,Skip
3,whisper,193,3,Over
3,whisper,194,10,Skip
3,whisper,195,3,Over
3,whisper,196,10,Skip
3,whisper,197,3,Over
3,whisper,198,10,Skip
3,whisper,199,3,Over
3,vote,1,10
3,vote,3,14
3,vote,6,1
3,vote,7,13
3,vote,8,6
3,vote,9,11
3,vote,10,8
3,vote,11,7
3,vote,12,10
3,vote,13,10
3,vote,14,11
3,divine,1,7,HUMAN
3,guard,9,5,VILLAGER
3,attackVote,3,8
3,attackVote,10,11
3,execute,10,WEREWOLF
3,attack,8,true
4,status,1,SEER,ALIVE,cash
4,status,2,POSSESSED,DEAD,kSugar
4,status,3,WEREWOLF,ALIVE,haretaro
4,status,4,VILLAGER,DEAD,Kanolab
4,status,5,VILLAGER,DEAD,wasabi
4,status,6,VILLAGER,ALIVE,TOT
4,status,7,VILLAGER,ALIVE,nakamura
4,status,8,VILLAGER,DEAD,iace10442
4,status,9,BODYGUARD,ALIVE,tkAI
4,status,10,WEREWOLF,DEAD,NLwolf
4,status,11,MEDIUM,ALIVE,carlo
4,status,12,VILLAGER,ALIVE,twn480
4,status,13,VILLAGER,ALIVE,KajiGod
4,status,14,VILLAGER,ALIVE,howls
4,status,15,WEREWOLF,DEAD,Udon
4,talk,0,1,DIVINED Agent[07] HUMAN
4,talk,1,7,ESTIMATE Agent[13] WEREWOLF
4,talk,2,11,INQUESTED Agent[10] WEREWOLF
4,talk,3,12,Skip
4,talk,4,6,VOTE Agent[01]
4,talk,5,3,Skip
4,talk,6,9,Over
4,talk,7,13,VOTE Agent[09]
4,talk,8,14,Over
4,whisper,0,3,Over
4,talk,9,1,Skip
4,talk,10,11,VOTE Agent[10]
4,talk,11,13,Over
4,talk,12,3,Skip
4,talk,13,9,Over
4,talk,14,7,VOTE Agent[13]
4,talk,15,12,Skip
4,talk,16,6,Over
4,talk,17,14,Over
4,whisper,1,3,Over
4,talk,18,9,Over
4,talk,19,3,Skip
4,talk,20,13,Over
4,talk,21,11,Over
4,talk,22,1,VOTE Agent[03]
4,talk,23,12,Skip
4,talk,24,7,Over
4,talk,25,6,Over
4,talk,26,14,Over
4,whisper,2,3,Over
4,talk,27,13,Over
4,talk,28,3,Skip
4,talk,29,1,Over
4,talk,30,12,Skip
4,talk,31,11,Over
4,talk,32,9,Over
4,talk,33,6,Over
4,talk,34,7,Over
4,talk,35,14,Over
4,whisper,3,3,Over
4,talk,36,1,Over
4,talk,37,3,Skip
4,talk,38,13,Over
4,talk,39,12,Skip
4,talk,40,6,Over
4,talk,41,7,Over
4,talk,42,9,Over
4,talk,43,11,Over
4,talk,44,14,Over
4,whisper,4,3,Over
4,talk,45,3,Skip
4,talk,46,13,Over
4,talk,47,1,Over
4,talk,48,12,Skip
4,talk,49,6,Over
4,talk,50,7,Over
4,talk,51,9,Over
4,talk,52,11,Over
4,talk,53,14,Over
4,whisper,5,3,Over
4,talk,54,1,Over
4,talk,55,12,Skip
4,talk,56,3,Skip
4,talk,57,13,Over
4,talk,58,6,Over
4,talk,59,7,Over
4,talk,60,9,Over
4,talk,61,11,Over
4,talk,62,14,Over
4,whisper,6,3,Over
4,talk,63,12,Skip
4,talk,64,1,Over
4,talk,65,3,Skip
4,talk,66,6,Over
4,talk,67,7,Over
4,talk,68,9,Over
4,talk,69,11,Over
4,talk,70,13,Over
4,talk,71,14,Over
4,whisper,7,3,Over
4,talk,72,12,Skip
4,talk,73,1,Over
4,talk,74,3,Skip
4,talk,75,6,Over
4,talk,76,7,Over
4,talk,77,9,Over
4,talk,78,11,Over
4,talk,79,13,Over
4,talk,80,14,Over
4,whisper,8,3,Over
4,talk,81,12,Skip
4,talk,82,1,Over
4,talk,83,3,Skip
4,talk,84,6,Over
4,talk,85,7,Over
4,talk,86,9,Over
4,talk,87,11,Over
4,talk,88,13,Over
4,talk,89,14,Over
4,whisper,9,3,Over
4,vote,1,3
4,vote,3,14
4,vote,6,1
4,vote,7,13
4,vote,9,3
4,vote,11,13
4,vote,12,14
4,vote,13,9
4,vote,14,7
4,divine,1,3,WEREWOLF
4,guard,9,12,VILLAGER
4,attackVote,3,7
4,execute,14,VILLAGER
4,attack,7,true
5,status,1,SEER,ALIVE,cash
5,status,2,POSSESSED,DEAD,kSugar
5,status,3,WEREWOLF,ALIVE,haretaro
5,status,4,VILLAGER,DEAD,Kanolab
5,status,5,VILLAGER,DEAD,wasabi
5,status,6,VILLAGER,ALIVE,TOT
5,status,7,VILLAGER,DEAD,nakamura
5,status,8,VILLAGER,DEAD,iace10442
5,status,9,BODYGUARD,ALIVE,tkAI
5,status,10,WEREWOLF,DEAD,NLwolf
5,status,11,MEDIUM,ALIVE,carlo
5,status,12,VILLAGER,ALIVE,twn480
5,status,13,VILLAGER,ALIVE,KajiGod
5,status,14,VILLAGER,DEAD,howls
5,status,15,WEREWOLF,DEAD,Udon
5,talk,0,6,ESTIMATE Agent[01] SEER
5,talk,1,1,DIVINED Agent[03] WEREWOLF
5,talk,2,13,VOTE Agent[03]
5,talk,3,12,Skip
5,talk,4,9,Over
5,talk,5,3,Skip
5,talk,6,11,INQUESTED Agent[14] HUMAN
5,whisper,0,3,Over
5,talk,7,12,Skip
5,talk,8,3,Skip
5,talk,9,11,VOTE Agent[10]
5,talk,10,6,VOTE Agent[01]
5,talk,11,1,Skip
5,talk,12,13,Over
5,talk,13,9,Over
5,whisper,1,3,Over
5,talk,14,11,Over
5,talk,15,3,Skip
5,talk,16,12,Skip
5,talk,17,6,Over
5,talk,18,1,VOTE Agent[03]
5,talk,19,9,Over
5,talk,20,13,Over
5,whisper,2,3,Over
5,talk,21,6,Over
5,talk,22,1,Over
5,talk,23,3,Skip
5,talk,24,12,Skip
5,talk,25,11,Over
5,talk,26,9,Over
5,talk,27,13,Over
5,whisper,3,3,Over
5,talk,28,1,Over
5,talk,29,3,Skip
5,talk,30,12,Skip
5,talk,31,6,Over
5,talk,32,9,Over
5,talk,33,11,Over
5,talk,34,13,Over
5,whisper,4,3,Over
5,talk,35,3,Skip
5,talk,36,1,Over
5,talk,37,12,Skip
5,talk,38,6,Over
5,talk,39,9,Over
5,talk,40,11,Over
5,talk,41,13,Over
5,whisper,5,3,Over
5,talk,42,1,Over
5,talk,43,3,Skip
5,talk,44,12,Skip
5,talk,45,6,Over
5,talk,46,9,Over
5,talk,47,11,Over
5,talk,48,13,Over
5,whisper,6,3,Over
5,talk,49,3,Skip
5,talk,50,12,Skip
5,talk,51,1,Over
5,talk,52,6,Over
5,talk,53,9,Over
5,talk,54,11,Over
5,talk,55,13,Over
5,whisper,7,3,Over
5,talk,56,3,Skip
5,talk,57,12,Skip
5,talk,58,1,Over
5,talk,59,6,Over
5,talk,60,9,Over
5,talk,61,11,Over
5,talk,62,13,Over
5,whisper,8,3,Over
5,talk,63,3,Skip
5,talk,64,12,Skip
5,talk,65,1,Over
5,talk,66,6,Over
5,talk,67,9,Over
5,talk,68,11,Over
5,talk,69,13,Over
5,whisper,9,3,Over
5,vote,1,3
5,vote,3,9
5,vote,6,1
5,vote,9,1
5,vote,11,9
5,vote,12,6
5,vote,13,3
5,divine,1,9,HUMAN
5,guard,9,15,WEREWOLF
5,attackVote,3,13
5,execute,1,SEER
5,attack,13,true
6,status,1,SEER,DEAD,cash
6,status,2,POSSESSED,DEAD,kSugar
6,status,3,WEREWOLF,ALIVE,haretaro
6,status,4,VILLAGER,DEAD,Kanolab
6,status,5,VILLAGER,DEAD,wasabi
6,status,6,VILLAGER,ALIVE,TOT
6,status,7,VILLAGER,DEAD,nakamura
6,status,8,VILLAGER,DEAD,iace10442
6,status,9,BODYGUARD,ALIVE,tkAI
6,status,10,WEREWOLF,DEAD,NLwolf
6,status,11,MEDIUM,ALIVE,carlo
6,status,12,VILLAGER,ALIVE,twn480
6,status,13,VILLAGER,DEAD,KajiGod
6,status,14,VILLAGER,DEAD,howls
6,status,15,WEREWOLF,DEAD,Udon
6,talk,0,11,INQUESTED Agent[01] HUMAN
6,talk,1,9,Over
6,talk,2,3,Skip
6,talk,3,6,VOTE Agent[09]
6,talk,4,12,Skip
6,whisper,0,3,Over
6,talk,5,9,Over
6,talk,6,12,Skip
6,talk,7,6,Over
6,talk,8,11,VOTE Agent[15]
6,talk,9,3,Skip
6,whisper,1,3,Over
6,talk,10,9,Over
6,talk,11,6,Over
6,talk,12,11,Over
6,talk,13,12,Skip
6,talk,14,3,Skip
6,whisper,2,3,Over
6,talk,15,6,Over
6,talk,16,12,Skip
6,talk,17,11,Over
6,talk,18,3,Skip
6,talk,19,9,Over
6,whisper,3,3,Over
6,talk,20,11,Over
6,talk,21,3,Skip
6,talk,22,12,Skip
6,talk,23,6,Over
6,talk,24,9,Over
6,whisper,4,3,Over
6,talk,25,3,Skip
6,talk,26,11,Over
6,talk,27,12,Skip
6,talk,28,6,Over
6,talk,29,9,Over
6,whisper,5,3,Over
6,talk,30,3,Skip
6,talk,31,11,Over
6,talk,32,12,Skip
6,talk,33,6,Over
6,talk,34,9,Over
6,whisper,6,3,Over
6,talk,35,11,Over
6,talk,36,3,Skip
6,talk,37,12,Skip
6,talk,38,6,Over
6,talk,39,9,Over
6,whisper,7,3,Over
6,talk,40,11,Over
6,talk,41,3,Skip
6,talk,42,12,Skip
6,talk,43,6,Over
6,talk,44,9,Over
6,whisper,8,3,Over
6,talk,45,12,Skip
6,talk,46,3,Skip
6,talk,47,11,Over
6,talk,48,6,Over
6,talk,49,9,Over
6,whisper,9,3,Over
6,vote,3,11
6,vote,6,9
6,vote,9,12
6,vote,11,9
6,vote,12,3
6,guard,9,5,VILLAGER
6,attackVote,3,6
6,execute,9,BODYGUARD
6,attack,6,true
7,status,1,SEER,DEAD,cash
7,status,2,POSSESSED,DEAD,kSugar
7,status,3,WEREWOLF,ALIVE,haretaro
7,status,4,VILLAGER,DEAD,Kanolab
7,status,5,VILLAGER,DEAD,wasabi
7,status,6,VILLAGER,DEAD,TOT
7,status,7,VILLAGER,DEAD,nakamura
7,status,8,VILLAGER,DEAD,iace10442
7,status,9,BODYGUARD,DEAD,tkAI
7,status,10,WEREWOLF,DEAD,NLwolf
7,status,11,MEDIUM,ALIVE,carlo
7,status,12,VILLAGER,ALIVE,twn480
7,status,13,VILLAGER,DEAD,KajiGod
7,status,14,VILLAGER,DEAD,howls
7,status,15,WEREWOLF,DEAD,Udon
7,talk,0,12,Skip
7,talk,1,11,INQUESTED Agent[09] HUMAN
7,talk,2,3,Skip
7,whisper,0,3,Over
7,talk,3,3,Skip
7,talk,4,12,Skip
7,talk,5,11,VOTE Agent[15]
7,whisper,1,3,Over
7,talk,6,3,Skip
7,talk,7,11,Over
7,talk,8,12,Skip
7,whisper,2,3,Over
7,talk,9,11,Over
7,talk,10,3,Skip
7,talk,11,12,Skip
7,whisper,3,3,Over
7,talk,12,3,Skip
7,talk,13,12,Skip
7,talk,14,11,Over
7,whisper,4,3,Over
7,talk,15,3,Skip
7,talk,16,12,Skip
7,talk,17,11,Over
7,whisper,5,3,Over
7,talk,18,12,Skip
7,talk,19,3,Skip
7,talk,20,11,Over
7,whisper,6,3,Over
7,talk,21,12,Skip
7,talk,22,3,Skip
7,talk,23,11,Over
7,whisper,7,3,Over
7,talk,24,12,Skip
7,talk,25,3,Skip
7,talk,26,11,Over
7,whisper,8,3,Over
7,talk,27,3,Skip
7,talk,28,12,Skip
7,talk,29,11,Over
7,whisper,9,3,Over
7,vote,3,12
7,vote,11,3
7,vote,12,3
7,attackVote,3,12
7,execute,3,WEREWOLF
8,status,1,SEER,DEAD,cash
8,status,2,POSSESSED,DEAD,kSugar
8,status,3,WEREWOLF,DEAD,haretaro
8,status,4,VILLAGER,DEAD,Kanolab
8,status,5,VILLAGER,DEAD,wasabi
8,status,6,VILLAGER,DEAD,TOT
8,status,7,VILLAGER,DEAD,nakamura
8,status,8,VILLAGER,DEAD,iace10442
8,status,9,BODYGUARD,DEAD,tkAI
8,status,10,WEREWOLF,DEAD,NLwolf
8,status,11,MEDIUM,ALIVE,carlo
8,status,12,VILLAGER,ALIVE,twn480
8,status,13,VILLAGER,DEAD,KajiGod
8,status,14,VILLAGER,DEAD,howls
8,status,15,WEREWOLF,DEAD,Udon
8,result,2,0,VILLAGER
