0,status,1,VILLAGER,ALIVE,cash
0,status,2,WEREWOLF,ALIVE,kSugar
0,status,3,WEREWOLF,ALIVE,haretaro
0,status,4,MEDIUM,ALIVE,Kanolab
0,status,5,VILLAGER,ALIVE,wasabi
0,status,6,VILLAGER,ALIVE,TOT
0,status,7,VILLAGER,ALIVE,nakamura
0,status,8,VILLAGER,ALIVE,iace10442
0,status,9,WEREWOLF,ALIVE,tkAI
0,status,10,VILLAGER,ALIVE,NLwolf
0,status,11,BODYGUARD,ALIVE,carlo
0,status,12,POSSESSED,ALIVE,twn480
0,status,13,SEER,ALIVE,KajiGod
0,status,14,VILLAGER,ALIVE,howls
0,status,15,VILLAGER,ALIVE,Udon
0,talk,0,13,VOTE Agent[10]
0,talk,1,7,ESTIMATE Agent[13] WEREWOLF
0,talk,2,9,Over
0,talk,3,4,VOTE Agent[11]
0,talk,4,11,VOTE Agent[01]
0,talk,5,6,Over
0,talk,6,2,ESTIMATE Agent[01] VILLAGER
0,talk,7,10,Skip
0,talk,8,12,DIVINED Agent[09] HUMAN
0,talk,9,3,VOTE Agent[09]
0,talk,10,14,Over
0,talk,11,15,VOTE Agent[01]
0,talk,12,5,Skip
0,talk,13,8,Skip
0,talk,14,1,Skip
0,whisper,0,3,Over
0,whisper,1,2,COMINGOUT Agent[02] VILLAGER
0,whisper,2,9,Over
0,whisper,3,3,Over
0,whisper,4,2,Skip
0,whisper,5,9,Over
0,whisper,6,2,Skip
0,whisper,7,3,Over
0,whisper,8,9,Over
0,whisper,9,2,Skip
0,whisper,10,3,Over
0,whisper,11,9,Over
0,whisper,12,2,Skip
0,whisper,13,3,Over
0,whisper,14,9,Over
0,whisper,15,2,Skip
0,whisper,16,3,Over
0,whisper,17,9,Over
0,whisper,18,2,Skip
0,whisper,19,3,Over
0,whisper,20,9,Over
0,whisper,21,2,Skip
0,whisper,22,3,Over
0,whisper,23,9,Over
0,whisper,24,2,Skip
0,whisper,25,3,Over
0,whisper,26,9,Over
0,whisper,27,2,Skip
0,whisper,28,3,Over
0,whisper,29,9,Over
0,talk,15,11,VOTE Agent[12]
0,talk,16,9,Over
0,talk,17,6,Over
0,talk,18,10,Skip
0,talk,19,14,Over
0,talk,20,13,Over
0,talk,21,2,ESTIMATE Agent[03] VILLAGER
0,talk,22,1,VOTE Agent[10]
0,talk,23,3,Skip
0,talk,24,8,Skip
0,talk,25,7,VOTE Agent[13]
0,talk,26,15,ESTIMATE Agent[01] WEREWOLF
0,talk,27,4,ESTIMATE Agent[01] VILLAGER
0,talk,28,5,ESTIMATE Agent[01] VILLAGER
0,talk,29,12,DIVINED Agent[06] HUMAN
0,whisper,30,3,Over
0,whisper,31,2,Skip
0,whisper,32,9,Over
0,whisper,33,3,Over
0,whisper,34,2,Skip
0,whisper,35,9,Over
0,whisper,36,3,Over
0,whisper,37,2,Skip
0,whisper,38,9,Over
0,whisper,39,2,Skip
0,whisper,40,3,Over
0,whisper,41,9,Over
0,whisper,42,2,Skip
0,whisper,43,3,Over
0,whisper,44,9,Over
0,whisper,45,2,Skip
0,whisper,46,3,Over
0,whisper,47,9,Over
0,whisper,48,2,Skip
0,whisper,49,3,Over
0,whisper,50,9,Over
0,whisper,51,2,Skip
0,whisper,52,3,Over
0,whisper,53,9,Over
0,whisper,54,2,Skip
0,whisper,55,3,Over
0,whisper,56,9,Over
0,whisper,57,2,Skip
0,whisper,58,3,Over
0,whisper,59,9,Over
0,talk,30,10,Skip
0,talk,31,2,ESTIMATE Agent[01] VILLAGER
0,talk,32,5,ESTIMATE Agent[01] WEREWOLF
0,talk,33,12,DIVINED Agent[02] HUMAN
0,talk,34,1,VOTE Agent[10]
0,talk,35,7,Over
0,talk,36,8,ESTIMATE Agent[02] VILLAGER
0,talk,37,6,Over
0,talk,38,9,Over
0,talk,39,4,Over
0,talk,40,13,Over
0,talk,41,14,Over
0,talk,42,3,Skip
0,talk,43,15,ESTIMATE Agent[04] WEREWOLF
0,talk,44,11,Over
0,whisper,60,3,Over
0,whisper,61,9,Over
0,whisper,62,2,Skip
0,whisper,63,9,Over
0,whisper,64,3,Over
0,whisper,65,2,Skip
0,whisper,66,3,Over
0,whisper,67,9,Over
0,whisper,68,2,Skip
0,whisper,69,3,Over
0,whisper,70,9,Over
0,whisper,71,2,Skip
0,whisper,72,9,Over
0,whisper,73,3,Over
0,whisper,74,2,Skip
0,whisper,75,2,Skip
0,whisper,76,3,Over
0,whisper,77,9,Over
0,whisper,78,2,Skip
0,whisper,79,3,Over
0,whisper,80,9,Over
0,whisper,81,2,Skip
0,whisper,82,3,Over
0,whisper,83,9,Over
0,whisper,84,2,Skip
0,whisper,85,3,Over
0,whisper,86,9,Over
0,whisper,87,2,Skip
0,whisper,88,3,Over
0,whisper,89,9,Over
0,talk,45,10,VOTE Agent[13]
0,talk,46,8,VOTE Agent[10]
0,talk,47,7,Over
0,talk,48,14,Over
0,talk,49,5,ESTIMATE Agent[06] WEREWOLF
0,talk,50,15,ESTIMATE Agent[08] WEREWOLF
0,talk,51,1,Over
0,talk,52,9,Over
0,talk,53,4,Over
0,talk,54,3,VOTE Agent[10]
0,talk,55,2,ESTIMATE Agent[01] VILLAGER
0,talk,56,6,Over
0,talk,57,13,Over
0,talk,58,12,DIVINED Agent[07] HUMAN
0,talk,59,11,Over
0,whisper,90,9,Over
0,whisper,91,2,Skip
0,whisper,92,3,Over
0,whisper,93,2,Skip
0,whisper,94,9,Over
0,whisper,95,3,Over
0,whisper,96,2,Skip
0,whisper,97,3,Over
0,whisper,98,9,Over
0,whisper,99,2,Skip
0,whisper,100,3,Over
0,whisper,101,9,Over
0,whisper,102,2,Skip
0,whisper,103,3,Over
0,whisper,104,9,Over
0,whisper,105,2,Skip
0,whisper,106,3,Over
0,whisper,107,9,Over
0,whisper,108,2,Skip
0,whisper,109,3,Over
0,whisper,110,9,Over
0,whisper,111,2,Skip
0,whisper,112,3,Over
0,whisper,113,9,Over
0,whisper,114,2,Skip
0,whisper,115,3,Over
0,whisper,116,9,Over
0,whisper,117,2,Skip
0,whisper,118,3,Over
0,whisper,119,9,Over
0,talk,60,7,Over
0,talk,61,12,DIVINED Agent[08] HUMAN
0,talk,62,6,Over
0,talk,63,9,Over
0,talk,64,2,ESTIMATE Agent[04] VILLAGER
0,talk,65,13,Over
0,talk,66,14,Over
0,talk,67,15,VOTE Agent[10]
0,talk,68,8,VOTE Agent[05]
0,talk,69,10,Over
0,talk,70,1,VOTE Agent[10]
0,talk,71,4,Over
0,talk,72,3,Skip
0,talk,73,5,ESTIMATE Agent[03] VILLAGER
0,talk,74,11,Over
0,whisper,120,3,Over
0,whisper,121,2,Skip
0,whisper,122,9,Over
0,whisper,123,3,Over
0,whisper,124,2,Skip
0,whisper,125,9,Over
0,whisper,126,2,Skip
0,whisper,127,3,Over
0,whisper,128,9,Over
0,whisper,129,2,Skip
0,whisper,130,3,Over
0,whisper,131,9,Over
0,whisper,132,2,Skip
0,whisper,133,3,Over
0,whisper,134,9,Over
0,whisper,135,2,Skip
0,whisper,136,3,Over
0,whisper,137,9,Over
0,whisper,138,2,Skip
0,whisper,139,3,Over
0,whisper,140,9,Over
0,whisper,141,2,Skip
0,whisper,142,3,Over
0,whisper,143,9,Over
0,whisper,144,2,Skip
0,whisper,145,3,Over
0,whisper,146,9,Over
0,whisper,147,2,Skip
0,whisper,148,3,Over
0,whisper,149,9,Over
0,talk,75,13,Over
0,talk,76,8,VOTE Agent[14]
0,talk,77,15,ESTIMATE Agent[12] SEER
0,talk,78,6,Over
0,talk,79,2,ESTIMATE Agent[03] VILLAGER
0,talk,80,5,ESTIMATE Agent[06] WEREWOLF
0,talk,81,12,DIVINED Agent[05] HUMAN
0,talk,82,9,Over
0,talk,83,1,VOTE Agent[03]
0,talk,84,7,Over
0,talk,85,3,Skip
0,talk,86,4,Over
0,talk,87,14,Over
0,talk,88,10,Over
0,talk,89,11,Over
0,whisper,150,9,Over
0,whisper,151,2,Skip
0,whisper,152,3,Over
0,whisper,153,2,Skip
0,whisper,154,9,Over
0,whisper,155,3,Over
0,whisper,156,2,Skip
0,whisper,157,3,Over
0,whisper,158,9,Over
0,whisper,159,2,Skip
0,whisper,160,3,Over
0,whisper,161,9,Over
0,whisper,162,2,Skip
0,whisper,163,3,Over
0,whisper,164,9,Over
0,whisper,165,2,Skip
0,whisper,166,3,Over
0,whisper,167,9,Over
0,whisper,168,2,Skip
0,whisper,169,3,Over
0,whisper,170,9,Over
0,whisper,171,2,Skip
0,whisper,172,3,Over
0,whisper,173,9,Over
0,whisper,174,2,Skip
0,whisper,175,3,Over
0,whisper,176,9,Over
0,whisper,177,2,Skip
0,whisper,178,3,Over
0,whisper,179,9,Over
0,talk,90,2,ESTIMATE Agent[05] VILLAGER
0,talk,91,8,VOTE Agent[11]
0,talk,92,1,Over
0,talk,93,9,Over
0,talk,94,13,Over
0,talk,95,15,Over
0,talk,96,6,Over
0,talk,97,3,Skip
0,talk,98,12,DIVINED Agent[14] HUMAN
0,talk,99,5,ESTIMATE Agent[15] WEREWOLF
0,talk,100,7,Over
0,talk,101,4,Over
0,talk,102,10,Over
0,talk,103,11,Over
0,talk,104,14,Over
0,whisper,180,9,Over
0,whisper,181,2,Skip
0,whisper,182,3,Over
0,whisper,183,2,Skip
0,whisper,184,9,Over
0,whisper,185,3,Over
0,whisper,186,2,Skip
0,whisper,187,3,Over
0,whisper,188,9,Over
0,whisper,189,2,Skip
0,whisper,190,3,Over
0,whisper,191,9,Over
0,whisper,192,2,Skip
0,whisper,193,3,Over
0,whisper,194,9,Over
0,whisper,195,2,Skip
0,whisper,196,3,Over
0,whisper,197,9,Over
0,whisper,198,2,Skip
0,whisper,199,3,Over
0,whisper,200,9,Over
0,whisper,201,2,Skip
0,whisper,202,3,Over
0,whisper,203,9,Over
0,whisper,204,2,Skip
0,whisper,205,3,Over
0,whisper,206,9,Over
0,whisper,207,2,Skip
0,whisper,208,3,Over
0,whisper,209,9,Over
0,talk,105,6,Over
0,talk,106,9,Over
0,talk,107,1,VOTE Agent[03]
0,talk,108,13,Over
0,talk,109,3,Skip
0,talk,110,8,VOTE Agent[12]
0,talk,111,15,Over
0,talk,112,5,ESTIMATE Agent[06] WEREWOLF
0,talk,113,12,DIVINED Agent[11] HUMAN
0,talk,114,2,ESTIMATE Agent[06] VILLAGER
0,talk,115,4,Over
0,talk,116,7,Over
0,talk,117,10,Over
0,talk,118,11,Over
0,talk,119,14,Over
0,whisper,210,9,Over
0,whisper,211,2,Skip
0,whisper,212,3,Over
0,whisper,213,2,Skip
0,whisper,214,9,Over
0,whisper,215,3,Over
0,whisper,216,2,Skip
0,whisper,217,3,Over
0,whisper,218,9,Over
0,whisper,219,2,Skip
0,whisper,220,3,Over
0,whisper,221,9,Over
0,whisper,222,2,Skip
0,whisper,223,3,Over
0,whisper,224,9,Over
0,whisper,225,2,Skip
0,whisper,226,3,Over
0,whisper,227,9,Over
0,whisper,228,2,Skip
0,whisper,229,3,Over
0,whisper,230,9,Over
0,whisper,231,2,Skip
0,whisper,232,3,Over
0,whisper,233,9,Over
0,whisper,234,2,Skip
0,whisper,235,3,Over
0,whisper,236,9,Over
0,whisper,237,2,Skip
0,whisper,238,3,Over
0,whisper,239,9,Over
0,talk,120,13,Over
0,talk,121,8,VOTE Agent[15]
0,talk,122,12,DIVINED Agent[04] HUMAN
0,talk,123,6,Over
0,talk,124,15,Over
0,talk,125,2,ESTIMATE Agent[07] VILLAGER
0,talk,126,1,VOTE Agent[03]
0,talk,127,3,Skip
0,talk,128,9,Over
0,talk,129,5,ESTIMATE Agent[06] WEREWOLF
0,talk,130,4,Over
0,talk,131,7,Over
0,talk,132,10,Over
0,talk,133,11,Over
0,talk,134,14,Over
0,whisper,240,9,Over
0,whisper,241,2,Skip
0,whisper,242,3,Over
0,whisper,243,9,Over
0,whisper,244,2,Skip
0,whisper,245,3,Over
0,whisper,246,2,Skip
0,whisper,247,9,Over
0,whisper,248,3,Over
0,whisper,249,2,Skip
0,whisper,250,3,Over
0,whisper,251,9,Over
0,whisper,252,2,Skip
0,whisper,253,3,Over
0,whisper,254,9,Over
0,whisper,255,2,Skip
0,whisper,256,3,Over
0,whisper,257,9,Over
0,whisper,258,2,Skip
0,whisper,259,3,Over
0,whisper,260,9,Over
0,whisper,261,2,Skip
0,whisper,262,3,Over
0,whisper,263,9,Over
0,whisper,264,2,Skip
0,whisper,265,3,Over
0,whisper,266,9,Over
0,whisper,267,2,Skip
0,whisper,268,3,Over
0,whisper,269,9,Over
0,talk,135,8,VOTE Agent[11]
0,talk,136,13,Over
0,talk,137,5,ESTIMATE Agent[15] WEREWOLF
0,talk,138,12,DIVINED Agent[13] HUMAN
0,talk,139,9,Over
0,talk,140,1,VOTE Agent[10]
0,talk,141,3,Skip
0,talk,142,15,Over
0,talk,143,2,ESTIMATE Agent[06] VILLAGER
0,talk,144,6,Over
0,talk,145,4,Over
0,talk,146,7,Over
0,talk,147,10,Over
0,talk,148,11,Over
0,talk,149,14,Over
0,whisper,270,3,Over
0,whisper,271,9,Over
0,whisper,272,2,Skip
0,whisper,273,2,Skip
0,whisper,274,9,Over
0,whisper,275,3,Over
0,whisper,276,2,Skip
0,whisper,277,3,Over
0,whisper,278,9,Over
0,whisper,279,2,Skip
0,whisper,280,3,Over
0,whisper,281,9,Over
0,whisper,282,2,Skip
0,whisper,283,3,Over
0,whisper,284,9,Over
0,whisper,285,2,Skip
0,whisper,286,3,Over
0,whisper,287,9,Over
0,whisper,288,2,Skip
0,whisper,289,3,Over
0,whisper,290,9,Over
0,whisper,291,2,Skip
0,whisper,292,3,Over
0,whisper,293,9,Over
0,whisper,294,2,Skip
0,whisper,295,3,Over
0,whisper,296,9,Over
0,whisper,297,2,Skip
0,whisper,298,3,Over
0,whisper,299,9,Over
0,divine,13,8,HUMAN
1,status,1,VILLAGER,ALIVE,cash
1,status,2,WEREWOLF,ALIVE,kSugar
1,status,3,WEREWOLF,ALIVE,haretaro
1,status,4,MEDIUM,ALIVE,Kanolab
1,status,5,VILLAGER,ALIVE,wasabi
1,status,6,VILLAGER,ALIVE,TOT
1,status,7,VILLAGER,ALIVE,nakamura
1,status,8,VILLAGER,ALIVE,iace10442
1,status,9,WEREWOLF,ALIVE,tkAI
1,status,10,VILLAGER,ALIVE,NLwolf
1,status,11,BODYGUARD,ALIVE,carlo
1,status,12,POSSESSED,ALIVE,twn480
1,status,13,SEER,ALIVE,KajiGod
1,status,14,VILLAGER,ALIVE,howls
1,status,15,VILLAGER,ALIVE,Udon
1,talk,0,9,Over
1,talk,1,1,VOTE Agent[10]
1,talk,2,4,VOTE Agent[02]
1,talk,3,7,ESTIMATE Agent[13] WEREWOLF
1,talk,4,10,Skip
1,talk,5,8,ESTIMATE Agent[02] WEREWOLF
1,talk,6,14,Over
1,talk,7,2,VOTE Agent[08]
1,talk,8,11,VOTE Agent[12]
1,talk,9,5,ESTIMATE Agent[02] WEREWOLF
1,talk,10,15,VOTE Agent[10]
1,talk,11,3,Skip
1,talk,12,6,VOTE Agent[12]
1,talk,13,12,DIVINED Agent[10] HUMAN
1,talk,14,13,COMINGOUT Agent[13] SEER
1,whisper,0,3,Over
1,whisper,1,2,ATTACK Agent[13]
1,whisper,2,9,Over
1,whisper,3,2,Skip
1,whisper,4,3,Over
1,whisper,5,9,Over
1,whisper,6,2,Skip
1,whisper,7,3,Over
1,whisper,8,9,Over
1,whisper,9,2,Skip
1,whisper,10,3,Over
1,whisper,11,9,Over
1,whisper,12,2,Skip
1,whisper,13,3,Over
1,whisper,14,9,Over
1,whisper,15,2,Skip
1,whisper,16,3,Over
1,whisper,17,9,Over
1,whisper,18,2,Skip
1,whisper,19,3,Over
1,whisper,20,9,Over
1,whisper,21,2,Skip
1,whisper,22,3,Over
1,whisper,23,9,Over
1,whisper,24,2,ATTACK Agent[13]
1,whisper,25,3,Over
1,whisper,26,9,Over
1,whisper,27,2,VOTE Agent[08]
1,whisper,28,3,Over
1,whisper,29,9,Over
1,talk,15,10,Skip
1,talk,16,1,Skip
1,talk,17,12,DIVINED Agent[01] HUMAN
1,talk,18,15,ESTIMATE Agent[01] WEREWOLF
1,talk,19,13,DIVINED Agent[08] HUMAN
1,talk,20,6,Over
1,talk,21,5,ESTIMATE Agent[06] WEREWOLF
1,talk,22,4,VOTE Agent[14]
1,talk,23,11,Over
1,talk,24,7,VOTE Agent[13]
1,talk,25,14,Over
1,talk,26,9,Over
1,talk,27,2,VOTE Agent[05]
1,talk,28,8,Skip
1,talk,29,3,Skip
1,whisper,30,3,Over
1,whisper,31,2,ATTACK Agent[13]
1,whisper,32,9,Over
1,whisper,33,3,Over
1,whisper,34,2,Skip
1,whisper,35,9,Over
1,whisper,36,2,Skip
1,whisper,37,3,Over
1,whisper,38,9,Over
1,whisper,39,2,Skip
1,whisper,40,3,Over
1,whisper,41,9,Over
1,whisper,42,2,Skip
1,whisper,43,3,Over
1,whisper,44,9,Over
1,whisper,45,2,Skip
1,whisper,46,3,Over
1,whisper,47,9,Over
1,whisper,48,2,Skip
1,whisper,49,3,Over
1,whisper,50,9,Over
1,whisper,51,2,Skip
1,whisper,52,3,Over
1,whisper,53,9,Over
1,whisper,54,2,ATTACK Agent[13]
1,whisper,55,3,Over
1,whisper,56,9,Over
1,whisper,57,2,VOTE Agent[05]
1,whisper,58,3,Over
1,whisper,59,9,Over
1,talk,30,8,Skip
1,talk,31,15,ESTIMATE Agent[02] WEREWOLF
1,talk,32,7,Over
1,talk,33,2,ESTIMATE Agent[01] VILLAGER
1,talk,34,5,ESTIMATE Agent[15] WEREWOLF
1,talk,35,1,VOTE Agent[03]
1,talk,36,13,VOTE Agent[01]
1,talk,37,10,Skip
1,talk,38,9,Over
1,talk,39,4,VOTE Agent[03]
1,talk,40,14,Over
1,talk,41,11,Over
1,talk,42,3,Skip
1,talk,43,6,Over
1,talk,44,12,DIVINED Agent[12] HUMAN
1,whisper,60,3,Over
1,whisper,61,2,ATTACK Agent[13]
1,whisper,62,9,Over
1,whisper,63,3,Over
1,whisper,64,2,Skip
1,whisper,65,9,Over
1,whisper,66,2,Skip
1,whisper,67,3,Over
1,whisper,68,9,Over
1,whisper,69,2,Skip
1,whisper,70,3,Over
1,whisper,71,9,Over
1,whisper,72,2,Skip
1,whisper,73,3,Over
1,whisper,74,9,Over
1,whisper,75,2,Skip
1,whisper,76,3,Over
1,whisper,77,9,Over
1,whisper,78,2,Skip
1,whisper,79,3,Over
1,whisper,80,9,Over
1,whisper,81,2,Skip
1,whisper,82,3,Over
1,whisper,83,9,Over
1,whisper,84,2,ATTACK Agent[13]
1,whisper,85,3,Over
1,whisper,86,9,Over
1,whisper,87,2,VOTE Agent[05]
1,whisper,88,3,Over
1,whisper,89,9,Over
1,talk,45,4,VOTE Agent[13]
1,talk,46,10,VOTE Agent[13]
1,talk,47,11,Over
1,talk,48,8,VOTE Agent[04]
1,talk,49,14,Over
1,talk,50,3,Skip
1,talk,51,2,VOTE Agent[13]
1,talk,52,9,Over
1,talk,53,12,DIVINED Agent[12] HUMAN
1,talk,54,1,VOTE Agent[03]
1,talk,55,15,ESTIMATE Agent[04] WEREWOLF
1,talk,56,5,ESTIMATE Agent[10] WEREWOLF
1,talk,57,7,Over
1,talk,58,6,Over
1,talk,59,13,Over
1,whisper,90,3,Over
1,whisper,91,2,ATTACK Agent[13]
1,whisper,92,9,Over
1,whisper,93,2,Skip
1,whisper,94,3,Over
1,whisper,95,9,Over
1,whisper,96,2,Skip
1,whisper,97,3,Over
1,whisper,98,9,Over
1,whisper,99,2,Skip
1,whisper,100,3,Over
1,whisper,101,9,Over
1,whisper,102,2,Skip
1,whisper,103,3,Over
1,whisper,104,9,Over
1,whisper,105,2,Skip
1,whisper,106,3,Over
1,whisper,107,9,Over
1,whisper,108,2,Skip
1,whisper,109,3,Over
1,whisper,110,9,Over
1,whisper,111,2,Skip
1,whisper,112,3,Over
1,whisper,113,9,Over
1,whisper,114,2,ATTACK Agent[13]
1,whisper,115,3,Over
1,whisper,116,9,Over
1,whisper,117,2,VOTE Agent[05]
1,whisper,118,3,Over
1,whisper,119,9,Over
1,talk,60,4,ESTIMATE Agent[13] SEER
1,talk,61,14,Over
1,talk,62,8,VOTE Agent[02]
1,talk,63,12,DIVINED Agent[12] HUMAN
1,talk,64,1,VOTE Agent[03]
1,talk,65,9,Over
1,talk,66,3,Skip
1,talk,67,5,ESTIMATE Agent[03] WEREWOLF
1,talk,68,11,Over
1,talk,69,10,Over
1,talk,70,2,VOTE Agent[13]
1,talk,71,15,VOTE Agent[01]
1,talk,72,6,Over
1,talk,73,7,Over
1,talk,74,13,Over
1,whisper,120,9,Over
1,whisper,121,3,Over
1,whisper,122,2,ATTACK Agent[13]
1,whisper,123,9,Over
1,whisper,124,3,Over
1,whisper,125,2,Skip
1,whisper,126,9,Over
1,whisper,127,3,Over
1,whisper,128,2,Skip
1,whisper,129,9,Over
1,whisper,130,2,Skip
1,whisper,131,3,Over
1,whisper,132,2,Skip
1,whisper,133,9,Over
1,whisper,134,3,Over
1,whisper,135,2,Skip
1,whisper,136,3,Over
1,whisper,137,9,Over
1,whisper,138,2,Skip
1,whisper,139,3,Over
1,whisper,140,9,Over
1,whisper,141,2,Skip
1,whisper,142,3,Over
1,whisper,143,9,Over
1,whisper,144,2,ATTACK Agent[13]
1,whisper,145,3,Over
1,whisper,146,9,Over
1,whisper,147,2,VOTE Agent[05]
1,whisper,148,3,Over
1,whisper,149,9,Over
1,talk,75,1,Over
1,talk,76,15,ESTIMATE Agent[13] SEER
1,talk,77,10,Over
1,talk,78,8,VOTE Agent[03]
1,talk,79,5,ESTIMATE Agent[11] WEREWOLF
1,talk,80,2,VOTE Agent[13]
1,talk,81,12,DIVINED Agent[03] HUMAN
1,talk,82,9,Over
1,talk,83,14,Over
1,talk,84,11,Over
1,talk,85,4,VOTE Agent[01]
1,talk,86,3,VOTE Agent[01]
1,talk,87,6,Over
1,talk,88,7,Over
1,talk,89,13,Over
1,whisper,150,3,Over
1,whisper,151,2,ATTACK Agent[13]
1,whisper,152,9,Over
1,whisper,153,3,Over
1,whisper,154,2,Skip
1,whisper,155,9,Over
1,whisper,156,2,Skip
1,whisper,157,3,Over
1,whisper,158,9,Over
1,whisper,159,2,Skip
1,whisper,160,3,Over
1,whisper,161,9,Over
1,whisper,162,2,Skip
1,whisper,163,3,Over
1,whisper,164,9,Over
1,whisper,165,2,Skip
1,whisper,166,3,Over
1,whisper,167,9,Over
1,whisper,168,2,Skip
1,whisper,169,3,Over
1,whisper,170,9,Over
1,whisper,171,2,Skip
1,whisper,172,3,Over
1,whisper,173,9,Over
1,whisper,174,2,ATTACK Agent[13]
1,whisper,175,3,Over
1,whisper,176,9,Over
1,whisper,177,2,VOTE Agent[05]
1,whisper,178,3,Over
1,whisper,179,9,Over
1,talk,90,15,Over
1,talk,91,1,VOTE Agent[15]
1,talk,92,14,Over
1,talk,93,12,DIVINED Agent[15] HUMAN
1,talk,94,4,ESTIMATE Agent[01] VILLAGER
1,talk,95,2,Skip
1,talk,96,8,VOTE Agent[04]
1,talk,97,3,Skip
1,talk,98,5,ESTIMATE Agent[08] VILLAGER
1,talk,99,9,Over
1,talk,100,11,Over
1,talk,101,10,Over
1,talk,102,6,Over
1,talk,103,7,Over
1,talk,104,13,Over
1,whisper,180,9,Over
1,whisper,181,3,Over
1,whisper,182,2,ATTACK Agent[13]
1,whisper,183,2,Skip
1,whisper,184,3,Over
1,whisper,185,9,Over
1,whisper,186,2,Skip
1,whisper,187,3,Over
1,whisper,188,9,Over
1,whisper,189,2,Skip
1,whisper,190,3,Over
1,whisper,191,9,Over
1,whisper,192,2,Skip
1,whisper,193,3,Over
1,whisper,194,9,Over
1,whisper,195,2,Skip
1,whisper,196,3,Over
1,whisper,197,9,Over
1,whisper,198,2,Skip
1,whisper,199,3,Over
1,whisper,200,9,Over
1,whisper,201,2,Skip
1,whisper,202,3,Over
1,whisper,203,9,Over
1,whisper,204,2,ATTACK Agent[13]
1,whisper,205,3,Over
1,whisper,206,9,Over
1,whisper,207,2,VOTE Agent[05]
1,whisper,208,3,Over
1,whisper,209,9,Over
1,talk,105,5,ESTIMATE Agent[15] WEREWOLF
1,talk,106,1,VOTE Agent[02]
1,talk,107,12,DIVINED Agent[12] HUMAN
1,talk,108,4,VOTE Agent[04]
1,talk,109,15,Over
1,talk,110,3,Skip
1,talk,111,8,VOTE Agent[02]
1,talk,112,14,Over
1,talk,113,2,Skip
1,talk,114,6,Over
1,talk,115,7,Over
1,talk,116,9,Over
1,talk,117,10,Over
1,talk,118,11,Over
1,talk,119,13,Over
1,whisper,210,9,Over
1,whisper,211,3,Over
1,whisper,212,2,ATTACK Agent[13]
1,whisper,213,9,Over
1,whisper,214,3,Over
1,whisper,215,2,Skip
1,whisper,216,9,Over
1,whisper,217,2,Skip
1,whisper,218,3,Over
1,whisper,219,9,Over
1,whisper,220,2,Skip
1,whisper,221,3,Over
1,whisper,222,9,Over
1,whisper,223,2,Skip
1,whisper,224,3,Over
1,whisper,225,2,Skip
1,whisper,226,9,Over
1,whisper,227,3,Over
1,whisper,228,2,Skip
1,whisper,229,3,Over
1,whisper,230,9,Over
1,whisper,231,2,Skip
1,whisper,232,3,Over
1,whisper,233,9,Over
1,whisper,234,2,ATTACK Agent[13]
1,whisper,235,3,Over
1,whisper,236,9,Over
1,whisper,237,2,VOTE Agent[05]
1,whisper,238,3,Over
1,whisper,239,9,Over
1,talk,120,4,Over
1,talk,121,14,Over
1,talk,122,2,Skip
1,talk,123,5,ESTIMATE Agent[02] WEREWOLF
1,talk,124,3,Skip
1,talk,125,15,Over
1,talk,126,8,VOTE Agent[03]
1,talk,127,12,DIVINED Agent[12] HUMAN
1,talk,128,1,VOTE Agent[02]
1,talk,129,6,Over
1,talk,130,7,Over
1,talk,131,9,Over
1,talk,132,10,Over
1,talk,133,11,Over
1,talk,134,13,Over
1,whisper,240,9,Over
1,whisper,241,2,ATTACK Agent[13]
1,whisper,242,3,Over
1,whisper,243,9,Over
1,whisper,244,2,Skip
1,whisper,245,3,Over
1,whisper,246,9,Over
1,whisper,247,2,Skip
1,whisper,248,3,Over
1,whisper,249,9,Over
1,whisper,250,2,Skip
1,whisper,251,3,Over
1,whisper,252,2,Skip
1,whisper,253,9,Over
1,whisper,254,3,Over
1,whisper,255,2,Skip
1,whisper,256,3,Over
1,whisper,257,9,Over
1,whisper,258,2,Skip
1,whisper,259,3,Over
1,whisper,260,9,Over
1,whisper,261,2,Skip
1,whisper,262,3,Over
1,whisper,263,9,Over
1,whisper,264,2,ATTACK Agent[13]
1,whisper,265,3,Over
1,whisper,266,9,Over
1,whisper,267,2,VOTE Agent[05]
1,whisper,268,3,Over
1,whisper,269,9,Over
1,talk,135,14,Over
1,talk,136,12,DIVINED Agent[12] HUMAN
1,talk,137,2,Skip
1,talk,138,15,Over
1,talk,139,8,VOTE Agent[04]
1,talk,140,5,Skip
1,talk,141,1,VOTE Agent[02]
1,talk,142,3,Skip
1,talk,143,4,Over
1,talk,144,6,Over
1,talk,145,7,Over
1,talk,146,9,Over
1,talk,147,10,Over
1,talk,148,11,Over
1,talk,149,13,Over
1,whisper,270,2,ATTACK Agent[13]
1,whisper,271,9,Over
1,whisper,272,3,Over
1,whisper,273,2,Skip
1,whisper,274,3,Over
1,whisper,275,9,Over
1,whisper,276,2,Skip
1,whisper,277,3,Over
1,whisper,278,9,Over
1,whisper,279,2,Skip
1,whisper,280,3,Over
1,whisper,281,9,Over
1,whisper,282,2,Skip
1,whisper,283,3,Over
1,whisper,284,9,Over
1,whisper,285,2,Skip
1,whisper,286,3,Over
1,whisper,287,9,Over
1,whisper,288,2,Skip
1,whisper,289,3,Over
1,whisper,290,9,Over
1,whisper,291,2,Skip
1,whisper,292,3,Over
1,whisper,293,9,Over
1,whisper,294,2,ATTACK Agent[13]
1,whisper,295,3,Over
1,whisper,296,9,Over
1,whisper,297,2,VOTE Agent[05]
1,whisper,298,3,Over
1,whisper,299,9,Over
1,vote,1,2
1,vote,2,13
1,vote,3,1
1,vote,4,10
1,vote,5,15
1,vote,6,12
1,vote,7,13
1,vote,8,4
1,vote,9,14
1,vote,10,13
1,vote,11,12
1,vote,12,3
1,vote,13,1
1,vote,14,8
1,vote,15,1
1,divine,13,9,WEREWOLF
1,guard,11,1,VILLAGER
1,attackVote,2,13
1,attackVote,3,12
1,attackVote,9,11
1,execute,1,VILLAGER
1,attack,13,true
2,status,1,VILLAGER,DEAD,cash
2,status,2,WEREWOLF,ALIVE,kSugar
2,status,3,WEREWOLF,ALIVE,haretaro
2,status,4,MEDIUM,ALIVE,Kanolab
2,status,5,VILLAGER,ALIVE,wasabi
2,status,6,VILLAGER,ALIVE,TOT
2,status,7,VILLAGER,ALIVE,nakamura
2,status,8,VILLAGER,ALIVE,iace10442
2,status,9,WEREWOLF,ALIVE,tkAI
2,status,10,VILLAGER,ALIVE,NLwolf
2,status,11,BODYGUARD,ALIVE,carlo
2,status,12,POSSESSED,ALIVE,twn480
2,status,13,SEER,DEAD,KajiGod
2,status,14,VILLAGER,ALIVE,howls
2,status,15,VILLAGER,ALIVE,Udon
2,talk,0,10,Skip
2,talk,1,11,VOTE Agent[12]
2,talk,2,14,Over
2,talk,3,7,ESTIMATE Agent[12] WEREWOLF
2,talk,4,2,VOTE Agent[05]
2,talk,5,15,VOTE Agent[02]
2,talk,6,12,DIVINED Agent[12] HUMAN
2,talk,7,9,Over
2,talk,8,8,ESTIMATE Agent[04] VILLAGER
2,talk,9,6,VOTE Agent[12]
2,talk,10,3,VOTE Agent[02]
2,talk,11,5,ESTIMATE Agent[09] WEREWOLF
2,talk,12,4,COMINGOUT Agent[04] MEDIUM
2,whisper,0,9,Over
2,whisper,1,3,Over
2,whisper,2,2,Skip
2,whisper,3,3,Over
2,whisper,4,9,Over
2,whisper,5,2,Skip
2,whisper,6,3,Over
2,whisper,7,9,Over
2,whisper,8,2,Skip
2,whisper,9,3,Over
2,whisper,10,9,Over
2,whisper,11,2,Skip
2,whisper,12,2,Skip
2,whisper,13,9,Over
2,whisper,14,3,Over
2,whisper,15,2,Skip
2,whisper,16,3,Over
2,whisper,17,9,Over
2,whisper,18,2,Skip
2,whisper,19,3,Over
2,whisper,20,9,Over
2,whisper,21,2,Skip
2,whisper,22,3,Over
2,whisper,23,9,Over
2,whisper,24,2,Skip
2,whisper,25,3,Over
2,whisper,26,9,Over
2,whisper,27,2,Skip
2,whisper,28,3,Over
2,whisper,29,9,Over
2,talk,13,8,Skip
2,talk,14,11,Over
2,talk,15,15,ESTIMATE Agent[02] WEREWOLF
2,talk,16,6,Over
2,talk,17,5,Skip
2,talk,18,4,INQUESTED Agent[01] HUMAN
2,talk,19,9,Over
2,talk,20,7,VOTE Agent[12]
2,talk,21,12,DIVINED Agent[12] HUMAN
2,talk,22,3,VOTE Agent[12]
2,talk,23,14,Over
2,talk,24,10,Skip
2,talk,25,2,VOTE Agent[15]
2,whisper,30,3,Over
2,whisper,31,2,Skip
2,whisper,32,9,Over
2,whisper,33,3,Over
2,whisper,34,2,Skip
2,whisper,35,9,Over
2,whisper,36,3,Over
2,whisper,37,2,Skip
2,whisper,38,9,Over
2,whisper,39,3,Over
2,whisper,40,2,Skip
2,whisper,41,9,Over
2,whisper,42,2,Skip
2,whisper,43,3,Over
2,whisper,44,9,Over
2,whisper,45,2,Skip
2,whisper,46,3,Over
2,whisper,47,9,Over
2,whisper,48,2,Skip
2,whisper,49,3,Over
2,whisper,50,9,Over
2,whisper,51,2,Skip
2,whisper,52,3,Over
2,whisper,53,9,Over
2,whisper,54,2,Skip
2,whisper,55,3,Over
2,whisper,56,9,Over
2,whisper,57,2,Skip
2,whisper,58,3,Over
2,whisper,59,9,Over
2,talk,26,15,ESTIMATE Agent[10] WEREWOLF
2,talk,27,2,VOTE Agent[12]
2,talk,28,10,Skip
2,talk,29,12,Over
2,talk,30,14,Over
2,talk,31,9,Over
2,talk,32,11,Over
2,talk,33,5,ESTIMATE Agent[14] WEREWOLF
2,talk,34,6,Over
2,talk,35,4,VOTE Agent[02]
2,talk,36,8,ESTIMATE Agent[06] VILLAGER
2,talk,37,3,Skip
2,talk,38,7,Over
2,whisper,60,3,Over
2,whisper,61,9,Over
2,whisper,62,2,Skip
2,whisper,63,3,Over
2,whisper,64,9,Over
2,whisper,65,2,Skip
2,whisper,66,9,Over
2,whisper,67,2,Skip
2,whisper,68,3,Over
2,whisper,69,9,Over
2,whisper,70,2,Skip
2,whisper,71,3,Over
2,whisper,72,2,Skip
2,whisper,73,9,Over
2,whisper,74,3,Over
2,whisper,75,2,Skip
2,whisper,76,3,Over
2,whisper,77,9,Over
2,whisper,78,2,Skip
2,whisper,79,3,Over
2,whisper,80,9,Over
2,whisper,81,2,Skip
2,whisper,82,3,Over
2,whisper,83,9,Over
2,whisper,84,2,Skip
2,whisper,85,3,Over
2,whisper,86,9,Over
2,whisper,87,2,Skip
2,whisper,88,3,Over
2,whisper,89,9,Over
2,talk,39,4,ESTIMATE Agent[13] SEER
2,talk,40,2,VOTE Agent[12]
2,talk,41,9,Over
2,talk,42,11,Over
2,talk,43,10,VOTE Agent[11]
2,talk,44,5,ESTIMATE Agent[10] WEREWOLF
2,talk,45,3,Skip
2,talk,46,14,Over
2,talk,47,15,ESTIMATE Agent[12] WEREWOLF
2,talk,48,8,VOTE Agent[09]
2,talk,49,6,Over
2,talk,50,12,Over
2,talk,51,7,Over
2,whisper,90,3,Over
2,whisper,91,9,Over
2,whisper,92,2,Skip
2,whisper,93,9,Over
2,whisper,94,2,Skip
2,whisper,95,3,Over
2,whisper,96,2,Skip
2,whisper,97,9,Over
2,whisper,98,3,Over
2,whisper,99,2,Skip
2,whisper,100,3,Over
2,whisper,101,9,Over
2,whisper,102,2,Skip
2,whisper,103,3,Over
2,whisper,104,9,Over
2,whisper,105,2,Skip
2,whisper,106,3,Over
2,whisper,107,9,Over
2,whisper,108,2,Skip
2,whisper,109,3,Over
2,whisper,110,9,Over
2,whisper,111,2,Skip
2,whisper,112,3,Over
2,whisper,113,9,Over
2,whisper,114,2,Skip
2,whisper,115,3,Over
2,whisper,116,9,Over
2,whisper,117,2,Skip
2,whisper,118,3,Over
2,whisper,119,9,Over
2,talk,52,15,ESTIMATE Agent[04] MEDIUM
2,talk,53,8,VOTE Agent[04]
2,talk,54,9,Over
2,talk,55,5,ESTIMATE Agent[07] WEREWOLF
2,talk,56,11,Over
2,talk,57,3,Skip
2,talk,58,2,VOTE Agent[12]
2,talk,59,14,Over
2,talk,60,10,Over
2,talk,61,4,VOTE Agent[12]
2,talk,62,6,Over
2,talk,63,7,Over
2,talk,64,12,Over
2,whisper,120,9,Over
2,whisper,121,2,Skip
2,whisper,122,3,Over
2,whisper,123,9,Over
2,whisper,124,2,Skip
2,whisper,125,3,Over
2,whisper,126,2,Skip
2,whisper,127,9,Over
2,whisper,128,3,Over
2,whisper,129,2,Skip
2,whisper,130,3,Over
2,whisper,131,9,Over
2,whisper,132,2,Skip
2,whisper,133,3,Over
2,whisper,134,9,Over
2,whisper,135,2,Skip
2,whisper,136,3,Over
2,whisper,137,9,Over
2,whisper,138,2,Skip
2,whisper,139,3,Over
2,whisper,140,9,Over
2,whisper,141,2,Skip
2,whisper,142,3,Over
2,whisper,143,9,Over
2,whisper,144,2,Skip
2,whisper,145,3,Over
2,whisper,146,9,Over
2,whisper,147,2,Skip
2,whisper,148,3,Over
2,whisper,149,9,Over
2,talk,65,10,Over
2,talk,66,9,Over
2,talk,67,3,Skip
2,talk,68,2,VOTE Agent[12]
2,talk,69,15,Over
2,talk,70,11,Over
2,talk,71,4,VOTE Agent[09]
2,talk,72,14,Over
2,talk,73,8,VOTE Agent[11]
2,talk,74,5,Skip
2,talk,75,6,Over
2,talk,76,7,Over
2,talk,77,12,Over
2,whisper,150,9,Over
2,whisper,151,2,Skip
2,whisper,152,3,Over
2,whisper,153,2,Skip
2,whisper,154,9,Over
2,whisper,155,3,Over
2,whisper,156,2,Skip
2,whisper,157,3,Over
2,whisper,158,9,Over
2,whisper,159,2,Skip
2,whisper,160,3,Over
2,whisper,161,9,Over
2,whisper,162,2,Skip
2,whisper,163,3,Over
2,whisper,164,9,Over
2,whisper,165,2,Skip
2,whisper,166,3,Over
2,whisper,167,9,Over
2,whisper,168,2,Skip
2,whisper,169,3,Over
2,whisper,170,9,Over
2,whisper,171,2,Skip
2,whisper,172,3,Over
2,whisper,173,9,Over
2,whisper,174,2,Skip
2,whisper,175,3,Over
2,whisper,176,9,Over
2,whisper,177,2,Skip
2,whisper,178,3,Over
2,whisper,179,9,Over
2,talk,78,10,Over
2,talk,79,2,ESTIMATE Agent[03] VILLAGER
2,talk,80,8,VOTE Agent[12]
2,talk,81,5,ESTIMATE Agent[08] VILLAGER
2,talk,82,14,Over
2,talk,83,9,Over
2,talk,84,11,Over
2,talk,85,3,Skip
2,talk,86,4,VOTE Agent[04]
2,talk,87,15,Over
2,talk,88,6,Over
2,talk,89,7,Over
2,talk,90,12,Over
2,whisper,180,3,Over
2,whisper,181,9,Over
2,whisper,182,2,Skip
2,whisper,183,2,Skip
2,whisper,184,9,Over
2,whisper,185,3,Over
2,whisper,186,2,Skip
2,whisper,187,3,Over
2,whisper,188,9,Over
2,whisper,189,2,Skip
2,whisper,190,3,Over
2,whisper,191,9,Over
2,whisper,192,2,Skip
2,whisper,193,3,Over
2,whisper,194,9,Over
2,whisper,195,2,Skip
2,whisper,196,3,Over
2,whisper,197,9,Over
2,whisper,198,2,Skip
2,whisper,199,3,Over
2,whisper,200,9,Over
2,whisper,201,2,Skip
2,whisper,202,3,Over
2,whisper,203,9,Over
2,whisper,204,2,Skip
2,whisper,205,3,Over
2,whisper,206,9,Over
2,whisper,207,2,Skip
2,whisper,208,3,Over
2,whisper,209,9,Over
2,talk,91,9,Over
2,talk,92,4,VOTE Agent[08]
2,talk,93,10,Over
2,talk,94,3,Skip
2,talk,95,14,Over
2,talk,96,11,Over
2,talk,97,5,ESTIMATE Agent[04] MEDIUM
2,talk,98,2,ESTIMATE Agent[04] MEDIUM
2,talk,99,8,VOTE Agent[10]
2,talk,100,6,Over
2,talk,101,7,Over
2,talk,102,12,Over
2,talk,103,15,Over
2,whisper,210,3,Over
2,whisper,211,9,Over
2,whisper,212,2,Skip
2,whisper,213,9,Over
2,whisper,214,2,Skip
2,whisper,215,3,Over
2,whisper,216,9,Over
2,whisper,217,2,Skip
2,whisper,218,3,Over
2,whisper,219,2,Skip
2,whisper,220,9,Over
2,whisper,221,3,Over
2,whisper,222,2,Skip
2,whisper,223,3,Over
2,whisper,224,9,Over
2,whisper,225,2,Skip
2,whisper,226,3,Over
2,whisper,227,9,Over
2,whisper,228,2,Skip
2,whisper,229,3,Over
2,whisper,230,9,Over
2,whisper,231,2,Skip
2,whisper,232,3,Over
2,whisper,233,9,Over
2,whisper,234,2,Skip
2,whisper,235,3,Over
2,whisper,236,9,Over
2,whisper,237,2,Skip
2,whisper,238,3,Over
2,whisper,239,9,Over
2,talk,104,2,Skip
2,talk,105,4,ESTIMATE Agent[04] MEDIUM
2,talk,106,3,Skip
2,talk,107,9,Over
2,talk,108,10,Over
2,talk,109,5,ESTIMATE Agent[03] WEREWOLF
2,talk,110,11,Over
2,talk,111,8,VOTE Agent[02]
2,talk,112,14,Over
2,talk,113,6,Over
2,talk,114,7,Over
2,talk,115,12,Over
2,talk,116,15,Over
2,whisper,240,9,Over
2,whisper,241,2,Skip
2,whisper,242,3,Over
2,whisper,243,9,Over
2,whisper,244,2,Skip
2,whisper,245,3,Over
2,whisper,246,9,Over
2,whisper,247,2,Skip
2,whisper,248,3,Over
2,whisper,249,2,Skip
2,whisper,250,9,Over
2,whisper,251,3,Over
2,whisper,252,2,Skip
2,whisper,253,3,Over
2,whisper,254,9,Over
2,whisper,255,2,Skip
2,whisper,256,3,Over
2,whisper,257,9,Over
2,whisper,258,2,Skip
2,whisper,259,3,Over
2,whisper,260,9,Over
2,whisper,261,2,Skip
2,whisper,262,3,Over
2,whisper,263,9,Over
2,whisper,264,2,Skip
2,whisper,265,3,Over
2,whisper,266,9,Over
2,whisper,267,2,Skip
2,whisper,268,3,Over
2,whisper,269,9,Over
2,talk,117,4,ESTIMATE Agent[02] VILLAGER
2,talk,118,10,Over
2,talk,119,2,Skip
2,talk,120,9,Over
2,talk,121,8,VOTE Agent[14]
2,talk,122,5,ESTIMATE Agent[02] WEREWOLF
2,talk,123,11,Over
2,talk,124,3,Skip
2,talk,125,6,Over
2,talk,126,7,Over
2,talk,127,12,Over
2,talk,128,14,Over
2,talk,129,15,Over
2,whisper,270,3,Over
2,whisper,271,9,Over
2,whisper,272,2,Skip
2,whisper,273,3,Over
2,whisper,274,2,Skip
2,whisper,275,9,Over
2,whisper,276,2,Skip
2,whisper,277,3,Over
2,whisper,278,9,Over
2,whisper,279,2,Skip
2,whisper,280,3,Over
2,whisper,281,9,Over
2,whisper,282,2,Skip
2,whisper,283,3,Over
2,whisper,284,9,Over
2,whisper,285,2,Skip
2,whisper,286,3,Over
2,whisper,287,9,Over
2,whisper,288,2,Skip
2,whisper,289,3,Over
2,whisper,290,9,Over
2,whisper,291,2,Skip
2,whisper,292,3,Over
2,whisper,293,9,Over
2,whisper,294,2,Skip
2,whisper,295,3,Over
2,whisper,296,9,Over
2,whisper,297,2,Skip
2,whisper,298,3,Over
2,whisper,299,9,Over
2,vote,2,12
2,vote,3,12
2,vote,4,15
2,vote,5,9
2,vote,6,12
2,vote,7,12
2,vote,8,14
2,vote,9,4
2,vote,10,11
2,vote,11,12
2,vote,12,6
2,vote,14,15
2,vote,15,2
2,guard,11,2,WEREWOLF
2,attackVote,2,14
2,attackVote,3,4
2,attackVote,9,4
2,execute,12,POSSESSED
2,attack,4,true
3,status,1,VILLAGER,DEAD,cash
3,status,2,WEREWOLF,ALIVE,kSugar
3,status,3,WEREWOLF,ALIVE,haretaro
3,status,4,MEDIUM,DEAD,Kanolab
3,status,5,VILLAGER,ALIVE,wasabi
3,status,6,VILLAGER,ALIVE,TOT
3,status,7,VILLAGER,ALIVE,nakamura
3,status,8,VILLAGER,ALIVE,iace10442
3,status,9,WEREWOLF,ALIVE,tkAI
3,status,10,VILLAGER,ALIVE,NLwolf
3,status,11,BODYGUARD,ALIVE,carlo
3,status,12,POSSESSED,DEAD,twn480
3,status,13,SEER,DEAD,KajiGod
3,status,14,VILLAGER,ALIVE,howls
3,status,15,VILLAGER,ALIVE,Udon
3,talk,0,3,Skip
3,talk,1,15,VOTE Agent[10]
3,talk,2,14,Over
3,talk,3,6,VOTE Agent[14]
3,talk,4,7,ESTIMATE Agent[08] WEREWOLF
3,talk,5,8,ESTIMATE Agent[15] VILLAGER
3,talk,6,10,Skip
3,talk,7,5,ESTIMATE Agent[09] WEREWOLF
3,talk,8,11,ESTIMATE Agent[04] MEDIUM
3,talk,9,2,VOTE Agent[05]
3,talk,10,9,Over
3,whisper,0,3,Over
3,whisper,1,9,Over
3,whisper,2,2,Skip
3,whisper,3,9,Over
3,whisper,4,3,Over
3,whisper,5,2,Skip
3,whisper,6,2,Skip
3,whisper,7,3,Over
3,whisper,8,9,Over
3,whisper,9,2,Skip
3,whisper,10,3,Over
3,whisper,11,9,Over
3,whisper,12,2,Skip
3,whisper,13,3,Over
3,whisper,14,9,Over
3,whisper,15,2,Skip
3,whisper,16,3,Over
3,whisper,17,9,Over
3,whisper,18,2,Skip
3,whisper,19,3,Over
3,whisper,20,9,Over
3,whisper,21,2,Skip
3,whisper,22,3,Over
3,whisper,23,9,Over
3,whisper,24,2,Skip
3,whisper,25,3,Over
3,whisper,26,9,Over
3,whisper,27,2,Skip
3,whisper,28,3,Over
3,whisper,29,9,Over
3,talk,11,3,Skip
3,talk,12,8,Skip
3,talk,13,14,Over
3,talk,14,15,ESTIMATE Agent[05] WEREWOLF
3,talk,15,2,VOTE Agent[05]
3,talk,16,10,Skip
3,talk,17,11,VOTE Agent[12]
3,talk,18,5,ESTIMATE Agent[09] WEREWOLF
3,talk,19,6,Over
3,talk,20,7,VOTE Agent[08]
3,talk,21,9,Over
3,whisper,30,9,Over
3,whisper,31,2,Skip
3,whisper,32,3,Over
3,whisper,33,2,Skip
3,whisper,34,9,Over
3,whisper,35,3,Over
3,whisper,36,2,Skip
3,whisper,37,3,Over
3,whisper,38,9,Over
3,whisper,39,2,Skip
3,whisper,40,3,Over
3,whisper,41,9,Over
3,whisper,42,2,Skip
3,whisper,43,3,Over
3,whisper,44,9,Over
3,whisper,45,2,Skip
3,whisper,46,3,Over
3,whisper,47,9,Over
3,whisper,48,2,Skip
3,whisper,49,3,Over
3,whisper,50,9,Over
3,whisper,51,2,Skip
3,whisper,52,3,Over
3,whisper,53,9,Over
3,whisper,54,2,Skip
3,whisper,55,3,Over
3,whisper,56,9,Over
3,whisper,57,2,Skip
3,whisper,58,3,Over
3,whisper,59,9,Over
3,talk,22,10,Skip
3,talk,23,15,ESTIMATE Agent[10] WEREWOLF
3,talk,24,5,Skip
3,talk,25,3,Skip
3,talk,26,6,Over
3,talk,27,14,Over
3,talk,28,11,Over
3,talk,29,8,Skip
3,talk,30,7,Over
3,talk,31,2,VOTE Agent[14]
3,talk,32,9,Over
3,whisper,60,2,Skip
3,whisper,61,9,Over
3,whisper,62,3,Over
3,whisper,63,2,Skip
3,whisper,64,3,Over
3,whisper,65,9,Over
3,whisper,66,2,Skip
3,whisper,67,3,Over
3,whisper,68,9,Over
3,whisper,69,2,Skip
3,whisper,70,3,Over
3,whisper,71,9,Over
3,whisper,72,2,Skip
3,whisper,73,3,Over
3,whisper,74,9,Over
3,whisper,75,2,Skip
3,whisper,76,3,Over
3,whisper,77,9,Over
3,whisper,78,2,Skip
3,whisper,79,3,Over
3,whisper,80,9,Over
3,whisper,81,2,Skip
3,whisper,82,3,Over
3,whisper,83,9,Over
3,whisper,84,2,Skip
3,whisper,85,3,Over
3,whisper,86,9,Over
3,whisper,87,2,Skip
3,whisper,88,3,Over
3,whisper,89,9,Over
3,talk,33,5,Skip
3,talk,34,15,ESTIMATE Agent[12] WEREWOLF
3,talk,35,14,Over
3,talk,36,2,VOTE Agent[14]
3,talk,37,6,Over
3,talk,38,3,Skip
3,talk,39,7,Over
3,talk,40,8,VOTE Agent[07]
3,talk,41,10,VOTE Agent[05]
3,talk,42,11,Over
3,talk,43,9,Over
3,whisper,90,3,Over
3,whisper,91,9,Over
3,whisper,92,2,Skip
3,whisper,93,2,Skip
3,whisper,94,3,Over
3,whisper,95,9,Over
3,whisper,96,2,Skip
3,whisper,97,3,Over
3,whisper,98,9,Over
3,whisper,99,2,Skip
3,whisper,100,3,Over
3,whisper,101,9,Over
3,whisper,102,2,Skip
3,whisper,103,3,Over
3,whisper,104,9,Over
3,whisper,105,2,Skip
3,whisper,106,3,Over
3,whisper,107,9,Over
3,whisper,108,2,Skip
3,whisper,109,3,Over
3,whisper,110,9,Over
3,whisper,111,2,Skip
3,whisper,112,3,Over
3,whisper,113,9,Over
3,whisper,114,2,Skip
3,whisper,115,3,Over
3,whisper,116,9,Over
3,whisper,117,2,Skip
3,whisper,118,3,Over
3,whisper,119,9,Over
3,talk,44,8,Over
3,talk,45,2,VOTE Agent[14]
3,talk,46,14,Over
3,talk,47,10,Over
3,talk,48,15,Over
3,talk,49,6,Over
3,talk,50,3,Skip
3,talk,51,7,Over
3,talk,52,5,ESTIMATE Agent[15] WEREWOLF
3,talk,53,9,Over
3,talk,54,11,Over
3,whisper,120,2,Skip
3,whisper,121,3,Over
3,whisper,122,9,Over
3,whisper,123,2,Skip
3,whisper,124,3,Over
3,whisper,125,9,Over
3,whisper,126,2,Skip
3,whisper,127,3,Over
3,whisper,128,9,Over
3,whisper,129,2,Skip
3,whisper,130,3,Over
3,whisper,131,9,Over
3,whisper,132,2,Skip
3,whisper,133,3,Over
3,whisper,134,9,Over
3,whisper,135,2,Skip
3,whisper,136,3,Over
3,whisper,137,9,Over
3,whisper,138,2,Skip
3,whisper,139,3,Over
3,whisper,140,9,Over
3,whisper,141,2,Skip
3,whisper,142,3,Over
3,whisper,143,9,Over
3,whisper,144,2,Skip
3,whisper,145,3,Over
3,whisper,146,9,Over
3,whisper,147,2,Skip
3,whisper,148,3,Over
3,whisper,149,9,Over
3,talk,55,15,Over
3,talk,56,7,Over
3,talk,57,14,Over
3,talk,58,10,Over
3,talk,59,5,ESTIMATE Agent[08] VILLAGER
3,talk,60,2,VOTE Agent[14]
3,talk,61,8,VOTE Agent[05]
3,talk,62,6,Over
3,talk,63,3,Skip
3,talk,64,9,Over
3,talk,65,11,Over
3,whisper,150,9,Over
3,whisper,151,3,Over
3,whisper,152,2,Skip
3,whisper,153,2,Skip
3,whisper,154,3,Over
3,whisper,155,9,Over
3,whisper,156,2,Skip
3,whisper,157,3,Over
3,whisper,158,9,Over
3,whisper,159,2,Skip
3,whisper,160,3,Over
3,whisper,161,9,Over
3,whisper,162,2,Skip
3,whisper,163,3,Over
3,whisper,164,9,Over
3,whisper,165,2,Skip
3,whisper,166,3,Over
3,whisper,167,9,Over
3,whisper,168,2,Skip
3,whisper,169,3,Over
3,whisper,170,9,Over
3,whisper,171,2,Skip
3,whisper,172,3,Over
3,whisper,173,9,Over
3,whisper,174,2,Skip
3,whisper,175,3,Over
3,whisper,176,9,Over
3,whisper,177,2,Skip
3,whisper,178,3,Over
3,whisper,179,9,Over
3,talk,66,8,Over
3,talk,67,15,Over
3,talk,68,5,ESTIMATE Agent[08] VILLAGER
3,talk,69,7,Over
3,talk,70,2,ESTIMATE Agent[03] VILLAGER
3,talk,71,6,Over
3,talk,72,10,Over
3,talk,73,3,Skip
3,talk,74,14,Over
3,talk,75,9,Over
3,talk,76,11,Over
3,whisper,180,2,Skip
3,whisper,181,3,Over
3,whisper,182,9,Over
3,whisper,183,2,Skip
3,whisper,184,3,Over
3,whisper,185,9,Over
3,whisper,186,2,Skip
3,whisper,187,3,Over
3,whisper,188,9,Over
3,whisper,189,2,Skip
3,whisper,190,3,Over
3,whisper,191,9,Over
3,whisper,192,2,Skip
3,whisper,193,3,Over
3,whisper,194,9,Over
3,whisper,195,2,Skip
3,whisper,196,3,Over
3,whisper,197,9,Over
3,whisper,198,2,Skip
3,whisper,199,3,Over
3,whisper,200,9,Over
3,whisper,201,2,Skip
3,whisper,202,3,Over
3,whisper,203,9,Over
3,whisper,204,2,Skip
3,whisper,205,3,Over
3,whisper,206,9,Over
3,whisper,207,2,Skip
3,whisper,208,3,Over
3,whisper,209,9,Over
3,talk,77,6,Over
3,talk,78,8,VOTE Agent[11]
3,talk,79,5,ESTIMATE Agent[08] VILLAGER
3,talk,80,2,ESTIMATE Agent[06] VILLAGER
3,talk,81,7,Over
3,talk,82,15,Over
3,talk,83,3,Skip
3,talk,84,10,Over
3,talk,85,9,Over
3,talk,86,11,Over
3,talk,87,14,Over
3,whisper,210,9,Over
3,whisper,211,3,Over
3,whisper,212,2,Skip
3,whisper,213,9,Over
3,whisper,214,3,Over
3,whisper,215,2,Skip
3,whisper,216,9,Over
3,whisper,217,3,Over
3,whisper,218,2,Skip
3,whisper,219,3,Over
3,whisper,220,9,Over
3,whisper,221,2,Skip
3,whisper,222,3,Over
3,whisper,223,9,Over
3,whisper,224,2,Skip
3,whisper,225,3,Over
3,whisper,226,9,Over
3,whisper,227,2,Skip
3,whisper,228,2,Skip
3,whisper,229,3,Over
3,whisper,230,9,Over
3,whisper,231,2,Skip
3,whisper,232,3,Over
3,whisper,233,9,Over
3,whisper,234,2,Skip
3,whisper,235,3,Over
3,whisper,236,9,Over
3,whisper,237,2,Skip
3,whisper,238,3,Over
3,whisper,239,9,Over
3,talk,88,8,VOTE Agent[02]
3,talk,89,15,Over
3,talk,90,7,Over
3,talk,91,5,ESTIMATE Agent[09] WEREWOLF
3,talk,92,2,Skip
3,talk,93,3,Skip
3,talk,94,6,Over
3,talk,95,9,Over
3,talk,96,10,Over
3,talk,97,11,Over
3,talk,98,14,Over
3,whisper,240,9,Over
3,whisper,241,3,Over
3,whisper,242,2,Skip
3,whisper,243,2,Skip
3,whisper,244,3,Over
3,whisper,245,9,Over
3,whisper,246,2,Skip
3,whisper,247,3,Over
3,whisper,248,9,Over
3,whisper,249,2,Skip
3,whisper,250,3,Over
3,whisper,251,9,Over
3,whisper,252,2,Skip
3,whisper,253,3,Over
3,whisper,254,9,Over
3,whisper,255,2,Skip
3,whisper,256,3,Over
3,whisper,257,9,Over
3,whisper,258,2,Skip
3,whisper,259,3,Over
3,whisper,260,9,Over
3,whisper,261,2,Skip
3,whisper,262,3,Over
3,whisper,263,9,Over
3,whisper,264,2,Skip
3,whisper,265,3,Over
3,whisper,266,9,Over
3,whisper,267,2,Skip
3,whisper,268,3,Over
3,whisper,269,9,Over
3,talk,99,7,Over
3,talk,100,3,Skip
3,talk,101,15,Over
3,talk,102,5,ESTIMATE Agent[11] WEREWOLF
3,talk,103,8,VOTE Agent[07]
3,talk,104,2,Skip
3,talk,105,6,Over
3,talk,106,9,Over
3,talk,107,10,Over
3,talk,108,11,Over
3,talk,109,14,Over
3,whisper,270,2,Skip
3,whisper,271,9,Over
3,whisper,272,3,Over
3,whisper,273,2,Skip
3,whisper,274,3,Over
3,whisper,275,9,Over
3,whisper,276,2,Skip
3,whisper,277,3,Over
3,whisper,278,9,Over
3,whisper,279,2,Skip
3,whisper,280,3,Over
3,whisper,281,9,Over
3,whisper,282,2,Skip
3,whisper,283,3,Over
3,whisper,284,9,Over
3,whisper,285,2,Skip
3,whisper,286,3,Over
3,whisper,287,9,Over
3,whisper,288,2,Skip
3,whisper,289,3,Over
3,whisper,290,9,Over
3,whisper,291,2,Skip
3,whisper,292,3,Over
3,whisper,293,9,Over
3,whisper,294,2,Skip
3,whisper,295,3,Over
3,whisper,296,9,Over
3,whisper,297,2,Skip
3,whisper,298,3,Over
3,whisper,299,9,Over
3,vote,2,14
3,vote,3,8
3,vote,5,9
3,vote,6,14
3,vote,7,8
3,vote,8,7
3,vote,9,5
3,vote,10,5
3,vote,11,6
3,vote,14,10
3,vote,15,10
3,guard,11,2,WEREWOLF
3,attackVote,2,14
3,attackVote,3,5
3,execute,10,VILLAGER
3,attack,14,true
4,status,1,VILLAGER,DEAD,cash
4,status,2,WEREWOLF,ALIVE,kSugar
4,status,3,WEREWOLF,ALIVE,haretaro
4,status,4,MEDIUM,DEAD,Kanolab
4,status,5,VILLAGER,ALIVE,wasabi
4,status,6,VILLAGER,ALIVE,TOT
4,status,7,VILLAGER,ALIVE,nakamura
4,status,8,VILLAGER,ALIVE,iace10442
4,status,9,WEREWOLF,ALIVE,tkAI
4,status,10,VILLAGER,DEAD,NLwolf
4,status,11,BODYGUARD,ALIVE,carlo
4,status,12,POSSESSED,DEAD,twn480
4,status,13,SEER,DEAD,KajiGod
4,status,14,VILLAGER,DEAD,howls
4,status,15,VILLAGER,ALIVE,Udon
4,talk,0,6,VOTE Agent[02]
4,talk,1,5,Skip
4,talk,2,2,VOTE Agent[05]
4,talk,3,8,ESTIMATE Agent[03] VILLAGER
4,talk,4,7,ESTIMATE Agent[08] WEREWOLF
4,talk,5,15,VOTE Agent[02]
4,talk,6,9,Over
4,talk,7,3,VOTE Agent[09]
4,talk,8,11,VOTE Agent[12]
4,whisper,0,3,Over
4,whisper,1,2,Skip
4,whisper,2,9,Over
4,whisper,3,2,Skip
4,whisper,4,3,Over
4,whisper,5,9,Over
4,whisper,6,2,Skip
4,whisper,7,3,Over
4,whisper,8,9,Over
4,whisper,9,2,Skip
4,whisper,10,3,Over
4,whisper,11,9,Over
4,whisper,12,2,Skip
4,whisper,13,3,Over
4,whisper,14,9,Over
4,whisper,15,2,Skip
4,whisper,16,3,Over
4,whisper,17,9,Over
4,whisper,18,2,Skip
4,whisper,19,3,Over
4,whisper,20,9,Over
4,whisper,21,2,Skip
4,whisper,22,3,Over
4,whisper,23,9,Over
4,whisper,24,2,Skip
4,whisper,25,3,Over
4,whisper,26,9,Over
4,whisper,27,2,Skip
4,whisper,28,3,Over
4,whisper,29,9,Over
4,talk,9,5,Skip
4,talk,10,8,Skip
4,talk,11,9,Over
4,talk,12,6,Over
4,talk,13,2,VOTE Agent[05]
4,talk,14,15,ESTIMATE Agent[02] WEREWOLF
4,talk,15,3,Skip
4,talk,16,7,VOTE Agent[08]
4,talk,17,11,Over
4,whisper,30,2,Skip
4,whisper,31,3,Over
4,whisper,32,9,Over
4,whisper,33,2,Skip
4,whisper,34,3,Over
4,whisper,35,9,Over
4,whisper,36,2,Skip
4,whisper,37,3,Over
4,whisper,38,9,Over
4,whisper,39,2,Skip
4,whisper,40,3,Over
4,whisper,41,9,Over
4,whisper,42,2,Skip
4,whisper,43,3,Over
4,whisper,44,9,Over
4,whisper,45,2,Skip
4,whisper,46,3,Over
4,whisper,47,9,Over
4,whisper,48,2,Skip
4,whisper,49,3,Over
4,whisper,50,9,Over
4,whisper,51,2,Skip
4,whisper,52,3,Over
4,whisper,53,9,Over
4,whisper,54,2,Skip
4,whisper,55,3,Over
4,whisper,56,9,Over
4,whisper,57,2,Skip
4,whisper,58,3,Over
4,whisper,59,9,Over
4,talk,18,5,Skip
4,talk,19,9,Over
4,talk,20,2,VOTE Agent[08]
4,talk,21,3,Skip
4,talk,22,7,Over
4,talk,23,15,ESTIMATE Agent[10] WEREWOLF
4,talk,24,6,Over
4,talk,25,8,Skip
4,talk,26,11,Over
4,whisper,60,3,Over
4,whisper,61,2,Skip
4,whisper,62,9,Over
4,whisper,63,3,Over
4,whisper,64,2,Skip
4,whisper,65,9,Over
4,whisper,66,2,Skip
4,whisper,67,3,Over
4,whisper,68,9,Over
4,whisper,69,2,Skip
4,whisper,70,3,Over
4,whisper,71,9,Over
4,whisper,72,2,Skip
4,whisper,73,3,Over
4,whisper,74,9,Over
4,whisper,75,2,Skip
4,whisper,76,3,Over
4,whisper,77,9,Over
4,whisper,78,2,Skip
4,whisper,79,3,Over
4,whisper,80,9,Over
4,whisper,81,2,Skip
4,whisper,82,3,Over
4,whisper,83,9,Over
4,whisper,84,2,Skip
4,whisper,85,3,Over
4,whisper,86,9,Over
4,whisper,87,2,Skip
4,whisper,88,3,Over
4,whisper,89,9,Over
4,talk,27,9,Over
4,talk,28,8,VOTE Agent[05]
4,talk,29,7,Over
4,talk,30,15,ESTIMATE Agent[12] WEREWOLF
4,talk,31,5,ESTIMATE Agent[08] VILLAGER
4,talk,32,3,Skip
4,talk,33,6,Over
4,talk,34,2,VOTE Agent[08]
4,talk,35,11,Over
4,whisper,90,9,Over
4,whisper,91,3,Over
4,whisper,92,2,Skip
4,whisper,93,9,Over
4,whisper,94,2,Skip
4,whisper,95,3,Over
4,whisper,96,9,Over
4,whisper,97,2,Skip
4,whisper,98,3,Over
4,whisper,99,2,Skip
4,whisper,100,9,Over
4,whisper,101,3,Over
4,whisper,102,2,Skip
4,whisper,103,3,Over
4,whisper,104,9,Over
4,whisper,105,2,Skip
4,whisper,106,3,Over
4,whisper,107,9,Over
4,whisper,108,2,Skip
4,whisper,109,3,Over
4,whisper,110,9,Over
4,whisper,111,2,Skip
4,whisper,112,3,Over
4,whisper,113,9,Over
4,whisper,114,2,Skip
4,whisper,115,3,Over
4,whisper,116,9,Over
4,whisper,117,2,Skip
4,whisper,118,3,Over
4,whisper,119,9,Over
4,talk,36,7,Over
4,talk,37,5,ESTIMATE Agent[08] VILLAGER
4,talk,38,8,VOTE Agent[11]
4,talk,39,6,Over
4,talk,40,9,Over
4,talk,41,3,Skip
4,talk,42,15,Over
4,talk,43,2,VOTE Agent[08]
4,talk,44,11,Over
4,whisper,120,2,Skip
4,whisper,121,3,Over
4,whisper,122,9,Over
4,whisper,123,2,Skip
4,whisper,124,3,Over
4,whisper,125,9,Over
4,whisper,126,2,Skip
4,whisper,127,3,Over
4,whisper,128,9,Over
4,whisper,129,2,Skip
4,whisper,130,3,Over
4,whisper,131,9,Over
4,whisper,132,2,Skip
4,whisper,133,3,Over
4,whisper,134,9,Over
4,whisper,135,2,Skip
4,whisper,136,3,Over
4,whisper,137,9,Over
4,whisper,138,2,Skip
4,whisper,139,3,Over
4,whisper,140,9,Over
4,whisper,141,2,Skip
4,whisper,142,3,Over
4,whisper,143,9,Over
4,whisper,144,2,Skip
4,whisper,145,3,Over
4,whisper,146,9,Over
4,whisper,147,2,Skip
4,whisper,148,3,Over
4,whisper,149,9,Over
4,talk,45,3,Skip
4,talk,46,2,VOTE Agent[08]
4,talk,47,7,Over
4,talk,48,6,Over
4,talk,49,8,Over
4,talk,50,9,Over
4,talk,51,5,ESTIMATE Agent[03] WEREWOLF
4,talk,52,15,Over
4,talk,53,11,Over
4,whisper,150,2,Skip
4,whisper,151,3,Over
4,whisper,152,9,Over
4,whisper,153,2,Skip
4,whisper,154,3,Over
4,whisper,155,9,Over
4,whisper,156,2,Skip
4,whisper,157,3,Over
4,whisper,158,9,Over
4,whisper,159,2,Skip
4,whisper,160,3,Over
4,whisper,161,9,Over
4,whisper,162,2,Skip
4,whisper,163,3,Over
4,whisper,164,9,Over
4,whisper,165,2,Skip
4,whisper,166,3,Over
4,whisper,167,9,Over
4,whisper,168,2,Skip
4,whisper,169,3,Over
4,whisper,170,9,Over
4,whisper,171,2,Skip
4,whisper,172,3,Over
4,whisper,173,9,Over
4,whisper,174,2,Skip
4,whisper,175,3,Over
4,whisper,176,9,Over
4,whisper,177,2,Skip
4,whisper,178,3,Over
4,whisper,179,9,Over
4,talk,54,7,Over
4,talk,55,3,Skip
4,talk,56,9,Over
4,talk,57,6,Over
4,talk,58,5,ESTIMATE Agent[09] WEREWOLF
4,talk,59,8,VOTE Agent[02]
4,talk,60,2,COMINGOUT Agent[02] BODYGUARD
4,talk,61,11,Over
4,talk,62,15,Over
4,whisper,180,9,Over
4,whisper,181,2,Skip
4,whisper,182,3,Over
4,whisper,183,9,Over
4,whisper,184,2,Skip
4,whisper,185,3,Over
4,whisper,186,2,Skip
4,whisper,187,9,Over
4,whisper,188,3,Over
4,whisper,189,2,Skip
4,whisper,190,3,Over
4,whisper,191,9,Over
4,whisper,192,2,Skip
4,whisper,193,3,Over
4,whisper,194,9,Over
4,whisper,195,2,Skip
4,whisper,196,3,Over
4,whisper,197,9,Over
4,whisper,198,2,Skip
4,whisper,199,3,Over
4,whisper,200,9,Over
4,whisper,201,2,Skip
4,whisper,202,3,Over
4,whisper,203,9,Over
4,whisper,204,2,Skip
4,whisper,205,3,Over
4,whisper,206,9,Over
4,whisper,207,2,Skip
4,whisper,208,3,Over
4,whisper,209,9,Over
4,talk,63,7,Over
4,talk,64,3,Skip
4,talk,65,2,ESTIMATE Agent[03] VILLAGER
4,talk,66,9,Over
4,talk,67,8,VOTE Agent[06]
4,talk,68,5,ESTIMATE Agent[08] VILLAGER
4,talk,69,6,Over
4,talk,70,11,Over
4,talk,71,15,Over
4,whisper,210,3,Over
4,whisper,211,2,Skip
4,whisper,212,9,Over
4,whisper,213,2,Skip
4,whisper,214,3,Over
4,whisper,215,9,Over
4,whisper,216,2,Skip
4,whisper,217,3,Over
4,whisper,218,9,Over
4,whisper,219,2,Skip
4,whisper,220,3,Over
4,whisper,221,9,Over
4,whisper,222,2,Skip
4,whisper,223,3,Over
4,whisper,224,9,Over
4,whisper,225,2,Skip
4,whisper,226,3,Over
4,whisper,227,9,Over
4,whisper,228,2,Skip
4,whisper,229,3,Over
4,whisper,230,9,Over
4,whisper,231,2,Skip
4,whisper,232,3,Over
4,whisper,233,9,Over
4,whisper,234,2,Skip
4,whisper,235,3,Over
4,whisper,236,9,Over
4,whisper,237,2,Skip
4,whisper,238,3,Over
4,whisper,239,9,Over
4,talk,72,7,Over
4,talk,73,3,Skip
4,talk,74,2,Skip
4,talk,75,5,ESTIMATE Agent[07] WEREWOLF
4,talk,76,9,Over
4,talk,77,8,VOTE Agent[07]
4,talk,78,6,Over
4,talk,79,11,Over
4,talk,80,15,Over
4,whisper,240,2,Skip
4,whisper,241,9,Over
4,whisper,242,3,Over
4,whisper,243,2,Skip
4,whisper,244,3,Over
4,whisper,245,9,Over
4,whisper,246,2,Skip
4,whisper,247,3,Over
4,whisper,248,9,Over
4,whisper,249,2,Skip
4,whisper,250,3,Over
4,whisper,251,9,Over
4,whisper,252,2,Skip
4,whisper,253,3,Over
4,whisper,254,9,Over
4,whisper,255,2,Skip
4,whisper,256,3,Over
4,whisper,257,9,Over
4,whisper,258,2,Skip
4,whisper,259,3,Over
4,whisper,260,9,Over
4,whisper,261,2,Skip
4,whisper,262,3,Over
4,whisper,263,9,Over
4,whisper,264,2,Skip
4,whisper,265,3,Over
4,whisper,266,9,Over
4,whisper,267,2,Skip
4,whisper,268,3,Over
4,whisper,269,9,Over
4,talk,81,9,Over
4,talk,82,7,Over
4,talk,83,3,Skip
4,talk,84,5,Over
4,talk,85,2,Skip
4,talk,86,8,VOTE Agent[02]
4,talk,87,6,Over
4,talk,88,11,Over
4,talk,89,15,Over
4,whisper,270,9,Over
4,whisper,271,3,Over
4,whisper,272,2,Skip
4,whisper,273,9,Over
4,whisper,274,3,Over
4,whisper,275,2,Skip
4,whisper,276,3,Over
4,whisper,277,2,Skip
4,whisper,278,9,Over
4,whisper,279,3,Over
4,whisper,280,2,Skip
4,whisper,281,9,Over
4,whisper,282,2,Skip
4,whisper,283,3,Over
4,whisper,284,9,Over
4,whisper,285,2,Skip
4,whisper,286,3,Over
4,whisper,287,9,Over
4,whisper,288,2,Skip
4,whisper,289,3,Over
4,whisper,290,9,Over
4,whisper,291,2,Skip
4,whisper,292,3,Over
4,whisper,293,9,Over
4,whisper,294,2,Skip
4,whisper,295,3,Over
4,whisper,296,9,Over
4,whisper,297,2,Skip
4,whisper,298,3,Over
4,whisper,299,9,Over
4,vote,2,8
4,vote,3,11
4,vote,5,9
4,vote,6,2
4,vote,7,8
4,vote,8,2
4,vote,9,5
4,vote,11,7
4,vote,15,2
4,guard,11,3,WEREWOLF
4,attackVote,3,5
4,attackVote,9,8
4,execute,2,WEREWOLF
4,attack,5,true
5,status,1,VILLAGER,DEAD,cash
5,status,2,WEREWOLF,DEAD,kSugar
5,status,3,WEREWOLF,ALIVE,haretaro
5,status,4,MEDIUM,DEAD,Kanolab
5,status,5,VILLAGER,DEAD,wasabi
5,status,6,VILLAGER,ALIVE,TOT
5,status,7,VILLAGER,ALIVE,nakamura
5,status,8,VILLAGER,ALIVE,iace10442
5,status,9,WEREWOLF,ALIVE,tkAI
5,status,10,VILLAGER,DEAD,NLwolf
5,status,11,BODYGUARD,ALIVE,carlo
5,status,12,POSSESSED,DEAD,twn480
5,status,13,SEER,DEAD,KajiGod
5,status,14,VILLAGER,DEAD,howls
5,status,15,VILLAGER,ALIVE,Udon
5,talk,0,11,VOTE Agent[12]
5,talk,1,15,VOTE Agent[07]
5,talk,2,3,Skip
5,talk,3,6,VOTE Agent[15]
5,talk,4,9,Over
5,talk,5,7,ESTIMATE Agent[08] WEREWOLF
5,talk,6,8,COMINGOUT Agent[08] VILLAGER
5,whisper,0,3,Over
5,whisper,1,9,Over
5,talk,7,7,VOTE Agent[08]
5,talk,8,8,ESTIMATE Agent[03] VILLAGER
5,talk,9,9,Over
5,talk,10,15,ESTIMATE Agent[02] WEREWOLF
5,talk,11,3,Skip
5,talk,12,11,Over
5,talk,13,6,Over
5,whisper,2,9,Over
5,whisper,3,3,Over
5,talk,14,8,Skip
5,talk,15,15,ESTIMATE Agent[07] WEREWOLF
5,talk,16,7,Over
5,talk,17,9,Over
5,talk,18,3,Skip
5,talk,19,6,Over
5,talk,20,11,Over
5,whisper,4,3,Over
5,whisper,5,9,Over
5,talk,21,7,Over
5,talk,22,3,Skip
5,talk,23,15,ESTIMATE Agent[12] WEREWOLF
5,talk,24,8,Skip
5,talk,25,9,Over
5,talk,26,6,Over
5,talk,27,11,Over
5,whisper,6,9,Over
5,whisper,7,3,Over
5,talk,28,8,VOTE Agent[09]
5,talk,29,7,Over
5,talk,30,3,Skip
5,talk,31,15,Over
5,talk,32,6,Over
5,talk,33,9,Over
5,talk,34,11,Over
5,whisper,8,9,Over
5,whisper,9,3,Over
5,talk,35,3,Skip
5,talk,36,8,Over
5,talk,37,7,Over
5,talk,38,6,Over
5,talk,39,9,Over
5,talk,40,11,Over
5,talk,41,15,Over
5,whisper,10,3,Over
5,whisper,11,9,Over
5,talk,42,3,Over
5,whisper,12,3,Over
5,whisper,13,9,Over
5,vote,3,8
5,vote,6,15
5,vote,7,8
5,vote,8,9
5,vote,9,11
5,vote,11,8
5,vote,15,7
5,guard,11,3,WEREWOLF
5,attackVote,3,11
5,execute,8,VILLAGER
5,attack,11,true
6,status,1,VILLAGER,DEAD,cash
6,status,2,WEREWOLF,DEAD,kSugar
6,status,3,WEREWOLF,ALIVE,haretaro
6,status,4,MEDIUM,DEAD,Kanolab
6,status,5,VILLAGER,DEAD,wasabi
6,status,6,VILLAGER,ALIVE,TOT
6,status,7,VILLAGER,ALIVE,nakamura
6,status,8,VILLAGER,DEAD,iace10442
6,status,9,WEREWOLF,ALIVE,tkAI
6,status,10,VILLAGER,DEAD,NLwolf
6,status,11,BODYGUARD,DEAD,carlo
6,status,12,POSSESSED,DEAD,twn480
6,status,13,SEER,DEAD,KajiGod
6,status,14,VILLAGER,DEAD,howls
6,status,15,VILLAGER,ALIVE,Udon
6,talk,0,15,VOTE Agent[07]
6,talk,1,6,VOTE Agent[15]
6,talk,2,7,Over
6,talk,3,9,Over
6,talk,4,3,Skip
6,whisper,0,3,Over
6,whisper,1,9,Over
6,talk,5,3,Skip
6,talk,6,6,Over
6,talk,7,15,ESTIMATE Agent[02] WEREWOLF
6,talk,8,7,Over
6,talk,9,9,Over
6,whisper,2,9,Over
6,whisper,3,3,Over
6,talk,10,3,Skip
6,talk,11,6,Over
6,talk,12,15,ESTIMATE Agent[07] WEREWOLF
6,talk,13,7,Over
6,talk,14,9,Over
6,whisper,4,3,Over
6,whisper,5,9,Over
6,talk,15,6,Over
6,talk,16,15,ESTIMATE Agent[12] WEREWOLF
6,talk,17,3,Skip
6,talk,18,7,Over
6,talk,19,9,Over
6,whisper,6,9,Over
6,whisper,7,3,Over
6,talk,20,15,Over
6,talk,21,6,Over
6,talk,22,3,Over
6,whisper,8,9,Over
6,whisper,9,3,Over
6,vote,3,6
6,vote,6,15
6,vote,7,9
6,vote,9,6
6,vote,15,7
6,attackVote,3,6
6,execute,6,VILLAGER
6,attack,-1,false
7,status,1,VILLAGER,DEAD,cash
7,status,2,WEREWOLF,DEAD,kSugar
7,status,3,WEREWOLF,ALIVE,haretaro
7,status,4,MEDIUM,DEAD,Kanolab
7,status,5,VILLAGER,DEAD,wasabi
7,status,6,VILLAGER,DEAD,TOT
7,status,7,VILLAGER,ALIVE,nakamura
7,status,8,VILLAGER,DEAD,iace10442
7,status,9,WEREWOLF,ALIVE,tkAI
7,status,10,VILLAGER,DEAD,NLwolf
7,status,11,BODYGUARD,DEAD,carlo
7,status,12,POSSESSED,DEAD,twn480
7,status,13,SEER,DEAD,KajiGod
7,status,14,VILLAGER,DEAD,howls
7,status,15,VILLAGER,ALIVE,Udon
7,result,2,2,WEREWOLF
