0,status,1,BODYGUARD,ALIVE,cash
0,status,2,VILLAGER,ALIVE,kSugar
0,status,3,WEREWOLF,ALIVE,haretaro
0,status,4,WEREWOLF,ALIVE,Kanolab
0,status,5,VILLAGER,ALIVE,wasabi
0,status,6,WEREWOLF,ALIVE,TOT
0,status,7,MEDIUM,ALIVE,nakamura
0,status,8,VILLAGER,ALIVE,iace10442
0,status,9,POSSESSED,ALIVE,tkAI
0,status,10,VILLAGER,ALIVE,NLwolf
0,status,11,VILLAGER,ALIVE,carlo
0,status,12,VILLAGER,ALIVE,twn480
0,status,13,VILLAGER,ALIVE,KajiGod
0,status,14,VILLAGER,ALIVE,howls
0,status,15,SEER,ALIVE,Udon
0,talk,0,1,VOTE Agent[02]
0,talk,1,3,VOTE Agent[04]
0,talk,2,7,INQUESTED Agent[03] WEREWOLF
0,talk,3,4,VOTE Agent[06]
0,talk,4,10,Skip
0,talk,5,8,Skip
0,talk,6,6,Over
0,talk,7,14,Over
0,talk,8,12,Skip
0,talk,9,5,Skip
0,talk,10,13,VOTE Agent[15]
0,talk,11,15,COMINGOUT Agent[15] SEER
0,talk,12,2,COMINGOUT Agent[02] VILLAGER
0,talk,13,9,Skip
0,talk,14,11,VOTE Agent[07]
0,whisper,0,6,Over
0,whisper,1,3,Over
0,whisper,2,4,Over
0,talk,15,5,Skip
0,talk,16,4,Over
0,talk,17,10,Skip
0,talk,18,11,Over
0,talk,19,1,Skip
0,talk,20,13,VOTE Agent[02]
0,talk,21,7,INQUESTED Agent[08] HUMAN
0,talk,22,9,INQUESTED Agent[03] HUMAN
0,talk,23,6,Over
0,talk,24,12,Skip
0,talk,25,2,Skip
0,talk,26,3,Skip
0,talk,27,15,VOTE Agent[09]
0,talk,28,14,Over
0,talk,29,8,ESTIMATE Agent[01] VILLAGER
0,whisper,3,4,Over
0,whisper,4,3,Over
0,whisper,5,6,Over
0,talk,30,5,ESTIMATE Agent[08] WEREWOLF
0,talk,31,6,Over
0,talk,32,2,ESTIMATE Agent[01] VILLAGER
0,talk,33,14,Over
0,talk,34,15,ESTIMATE Agent[04] WEREWOLF
0,talk,35,11,Over
0,talk,36,3,Skip
0,talk,37,1,Skip
0,talk,38,13,Over
0,talk,39,10,Skip
0,talk,40,7,ESTIMATE Agent[14] WEREWOLF
0,talk,41,8,Skip
0,talk,42,12,Skip
0,talk,43,9,Skip
0,talk,44,4,Over
0,whisper,6,3,Over
0,whisper,7,4,Over
0,whisper,8,6,Over
0,talk,45,7,VOTE Agent[14]
0,talk,46,13,Over
0,talk,47,9,Over
0,talk,48,8,VOTE Agent[06]
0,talk,49,12,Skip
0,talk,50,6,Over
0,talk,51,10,VOTE Agent[13]
0,talk,52,5,ESTIMATE Agent[12] WEREWOLF
0,talk,53,14,Over
0,talk,54,1,VOTE Agent[10]
0,talk,55,11,Over
0,talk,56,2,Skip
0,talk,57,3,Skip
0,talk,58,15,ESTIMATE Agent[05] WEREWOLF
0,talk,59,4,Over
0,whisper,9,6,Over
0,whisper,10,4,Over
0,whisper,11,3,Over
0,talk,60,2,ESTIMATE Agent[03] VILLAGER
0,talk,61,3,Skip
0,talk,62,12,Skip
0,talk,63,1,Over
0,talk,64,14,Over
0,talk,65,15,ESTIMATE Agent[09] WEREWOLF
0,talk,66,7,Over
0,talk,67,9,GUARDED Agent[15]
0,talk,68,8,VOTE Agent[07]
0,talk,69,5,ESTIMATE Agent[15] SEER
0,talk,70,13,Over
0,talk,71,6,Over
0,talk,72,11,Over
0,talk,73,10,Over
0,talk,74,4,Over
0,whisper,12,4,Over
0,whisper,13,3,Over
0,whisper,14,6,Over
0,talk,75,2,Skip
0,talk,76,14,Over
0,talk,77,5,ESTIMATE Agent[02] VILLAGER
0,talk,78,9,VOTE Agent[07]
0,talk,79,15,Over
0,talk,80,1,VOTE Agent[10]
0,talk,81,7,Over
0,talk,82,12,Skip
0,talk,83,3,VOTE Agent[07]
0,talk,84,8,VOTE Agent[01]
0,talk,85,4,Over
0,talk,86,6,Over
0,talk,87,10,Over
0,talk,88,11,Over
0,talk,89,13,Over
0,whisper,15,3,Over
0,whisper,16,4,Over
0,whisper,17,6,Over
0,talk,90,12,Skip
0,talk,91,8,VOTE Agent[04]
0,talk,92,14,Over
0,talk,93,2,ESTIMATE Agent[04] VILLAGER
0,talk,94,9,Over
0,talk,95,5,ESTIMATE Agent[15] SEER
0,talk,96,3,Skip
0,talk,97,7,Over
0,talk,98,1,Over
0,talk,99,15,Over
0,talk,100,4,Over
0,talk,101,6,Over
0,talk,102,10,Over
0,talk,103,11,Over
0,talk,104,13,Over
0,whisper,18,3,Over
0,whisper,19,4,Over
0,whisper,20,6,Over
0,talk,105,12,Skip
0,talk,106,14,Over
0,talk,107,8,VOTE Agent[02]
0,talk,108,3,Skip
0,talk,109,9,AGREE TALK day0 ID:0
0,talk,110,5,ESTIMATE Agent[13] WEREWOLF
0,talk,111,2,Skip
0,talk,112,1,Over
0,talk,113,4,Over
0,talk,114,6,Over
0,talk,115,7,Over
0,talk,116,10,Over
0,talk,117,11,Over
0,talk,118,13,Over
0,talk,119,15,Over
0,whisper,21,4,Over
0,whisper,22,6,Over
0,whisper,23,3,Over
0,talk,120,12,Skip
0,talk,121,14,Over
0,talk,122,3,Skip
0,talk,123,5,ESTIMATE Agent[15] SEER
0,talk,124,8,Over
0,talk,125,2,ESTIMATE Agent[06] VILLAGER
0,talk,126,9,DISAGREE TALK day0 ID:0
0,talk,127,1,Over
0,talk,128,4,Over
0,talk,129,6,Over
0,talk,130,7,Over
0,talk,131,10,Over
0,talk,132,11,Over
0,talk,133,13,Over
0,talk,134,15,Over
0,whisper,24,4,Over
0,whisper,25,6,Over
0,whisper,26,3,Over
0,talk,135,2,Skip
0,talk,136,8,VOTE Agent[07]
0,talk,137,3,Skip
0,talk,138,14,Over
0,talk,139,12,Skip
0,talk,140,9,Skip
0,talk,141,5,ESTIMATE Agent[13] WEREWOLF
0,talk,142,1,Over
0,talk,143,4,Over
0,talk,144,6,Over
0,talk,145,7,Over
0,talk,146,10,Over
0,talk,147,11,Over
0,talk,148,13,Over
0,talk,149,15,Over
0,whisper,27,6,Over
0,whisper,28,3,Over
0,whisper,29,4,Over
0,divine,15,4,WEREWOLF
1,status,1,BODYGUARD,ALIVE,cash
1,status,2,VILLAGER,ALIVE,kSugar
1,status,3,WEREWOLF,ALIVE,haretaro
1,status,4,WEREWOLF,ALIVE,Kanolab
1,status,5,VILLAGER,ALIVE,wasabi
1,status,6,WEREWOLF,ALIVE,TOT
1,status,7,MEDIUM,ALIVE,nakamura
1,status,8,VILLAGER,ALIVE,iace10442
1,status,9,POSSESSED,ALIVE,tkAI
1,status,10,VILLAGER,ALIVE,NLwolf
1,status,11,VILLAGER,ALIVE,carlo
1,status,12,VILLAGER,ALIVE,twn480
1,status,13,VILLAGER,ALIVE,KajiGod
1,status,14,VILLAGER,ALIVE,howls
1,status,15,SEER,ALIVE,Udon
1,talk,0,1,VOTE Agent[10]
1,talk,1,15,DIVINED Agent[04] WEREWOLF
1,talk,2,13,VOTE Agent[02]
1,talk,3,4,VOTE Agent[02]
1,talk,4,14,Over
1,talk,5,5,ESTIMATE Agent[15] SEER
1,talk,6,2,VOTE Agent[14]
1,talk,7,3,Skip
1,talk,8,7,ESTIMATE Agent[14] WEREWOLF
1,talk,9,12,Skip
1,talk,10,10,Skip
1,talk,11,9,Over
1,talk,12,11,VOTE Agent[07]
1,talk,13,8,Skip
1,talk,14,6,VOTE Agent[15]
1,whisper,0,3,Over
1,whisper,1,4,Over
1,whisper,2,6,ATTACK Agent[15]
1,whisper,3,3,Over
1,whisper,4,6,Over
1,whisper,5,4,Over
1,talk,15,4,Over
1,talk,16,11,Over
1,talk,17,1,VOTE Agent[04]
1,talk,18,9,AGREE TALK day1 ID:0
1,talk,19,14,Over
1,talk,20,15,VOTE Agent[04]
1,talk,21,3,Skip
1,talk,22,5,ESTIMATE Agent[09] VILLAGER
1,talk,23,10,Skip
1,talk,24,2,VOTE Agent[14]
1,talk,25,12,Skip
1,talk,26,13,Over
1,talk,27,8,Skip
1,talk,28,6,VOTE Agent[14]
1,talk,29,7,VOTE Agent[14]
1,whisper,6,4,Over
1,whisper,7,3,Over
1,whisper,8,6,Over
1,talk,30,15,ESTIMATE Agent[05] WEREWOLF
1,talk,31,1,Over
1,talk,32,11,Over
1,talk,33,14,Over
1,talk,34,9,DISAGREE TALK day1 ID:0
1,talk,35,2,ESTIMATE Agent[07] VILLAGER
1,talk,36,5,Skip
1,talk,37,10,Skip
1,talk,38,13,Over
1,talk,39,3,VOTE Agent[14]
1,talk,40,4,Over
1,talk,41,7,Over
1,talk,42,6,Over
1,talk,43,8,Skip
1,talk,44,12,Skip
1,whisper,9,4,Over
1,whisper,10,6,Over
1,whisper,11,3,Over
1,talk,45,12,Skip
1,talk,46,1,Over
1,talk,47,3,Skip
1,talk,48,6,Over
1,talk,49,10,VOTE Agent[13]
1,talk,50,11,Over
1,talk,51,4,Over
1,talk,52,7,Over
1,talk,53,9,GUARDED Agent[07]
1,talk,54,15,ESTIMATE Agent[07] WEREWOLF
1,talk,55,13,Over
1,talk,56,5,ESTIMATE Agent[03] VILLAGER
1,talk,57,8,VOTE Agent[03]
1,talk,58,2,ESTIMATE Agent[03] VILLAGER
1,talk,59,14,Over
1,whisper,12,3,Over
1,whisper,13,4,Over
1,whisper,14,6,Over
1,talk,60,11,Over
1,talk,61,13,Over
1,talk,62,4,Over
1,talk,63,1,Over
1,talk,64,3,Skip
1,talk,65,7,Over
1,talk,66,12,Skip
1,talk,67,9,DIVINED Agent[14] HUMAN
1,talk,68,8,VOTE Agent[02]
1,talk,69,10,Over
1,talk,70,15,ESTIMATE Agent[12] WEREWOLF
1,talk,71,5,ESTIMATE Agent[04] WEREWOLF
1,talk,72,6,Over
1,talk,73,2,COMINGOUT Agent[02] BODYGUARD
1,talk,74,14,Over
1,whisper,15,6,Over
1,whisper,16,3,Over
1,whisper,17,4,Over
1,talk,75,12,Skip
1,talk,76,8,VOTE Agent[04]
1,talk,77,4,Over
1,talk,78,7,Over
1,talk,79,13,Over
1,talk,80,1,Skip
1,talk,81,11,Over
1,talk,82,15,ESTIMATE Agent[09] MEDIUM
1,talk,83,10,Over
1,talk,84,9,INQUESTED Agent[02] HUMAN
1,talk,85,2,ESTIMATE Agent[04] VILLAGER
1,talk,86,3,Skip
1,talk,87,5,ESTIMATE Agent[10] VILLAGER
1,talk,88,6,Over
1,talk,89,14,Over
1,whisper,18,3,Over
1,whisper,19,6,Over
1,whisper,20,4,Over
1,talk,90,12,Skip
1,talk,91,2,Skip
1,talk,92,13,Over
1,talk,93,1,Skip
1,talk,94,5,ESTIMATE Agent[15] SEER
1,talk,95,15,Over
1,talk,96,10,Over
1,talk,97,4,Over
1,talk,98,3,Skip
1,talk,99,9,COMINGOUT Agent[12] SEER
1,talk,100,11,Over
1,talk,101,7,Over
1,talk,102,8,VOTE Agent[02]
1,talk,103,6,VOTE Agent[09]
1,talk,104,14,Over
1,whisper,21,3,Over
1,whisper,22,6,Over
1,whisper,23,4,Over
1,talk,105,6,Over
1,talk,106,1,VOTE Agent[04]
1,talk,107,12,Skip
1,talk,108,11,Over
1,talk,109,9,GUARDED Agent[15]
1,talk,110,3,VOTE Agent[02]
1,talk,111,2,Skip
1,talk,112,7,Over
1,talk,113,13,Over
1,talk,114,5,ESTIMATE Agent[13] VILLAGER
1,talk,115,4,Over
1,talk,116,8,Over
1,talk,117,15,Over
1,talk,118,10,Over
1,talk,119,14,Over
1,whisper,24,6,Over
1,whisper,25,3,Over
1,whisper,26,4,Over
1,talk,120,2,Skip
1,talk,121,5,ESTIMATE Agent[09] WEREWOLF
1,talk,122,13,Over
1,talk,123,11,Over
1,talk,124,3,Skip
1,talk,125,7,Over
1,talk,126,12,Skip
1,talk,127,6,Over
1,talk,128,1,Over
1,talk,129,9,VOTE Agent[11]
1,talk,130,4,Over
1,talk,131,8,Over
1,talk,132,10,Over
1,talk,133,14,Over
1,talk,134,15,Over
1,whisper,27,4,Over
1,whisper,28,6,Over
1,whisper,29,3,Over
1,talk,135,2,Skip
1,talk,136,9,DIVINED Agent[13] HUMAN
1,talk,137,3,Skip
1,talk,138,7,Over
1,talk,139,13,Over
1,talk,140,11,Over
1,talk,141,5,ESTIMATE Agent[09] WEREWOLF
1,talk,142,1,VOTE Agent[04]
1,talk,143,12,Skip
1,talk,144,6,Over
1,talk,145,4,Over
1,talk,146,8,Over
1,talk,147,10,Over
1,talk,148,14,Over
1,talk,149,15,Over
1,whisper,30,3,Over
1,whisper,31,6,Over
1,whisper,32,4,Over
1,vote,1,4
1,vote,2,14
1,vote,3,2
1,vote,4,2
1,vote,5,4
1,vote,6,9
1,vote,7,14
1,vote,8,2
1,vote,9,13
1,vote,10,13
1,vote,11,7
1,vote,12,7
1,vote,13,2
1,vote,14,1
1,vote,15,4
1,divine,15,12,HUMAN
1,guard,1,8,VILLAGER
1,attackVote,3,5
1,attackVote,4,9
1,attackVote,6,15
1,execute,2,VILLAGER
1,attack,15,true
2,status,1,BODYGUARD,ALIVE,cash
2,status,2,VILLAGER,DEAD,kSugar
2,status,3,WEREWOLF,ALIVE,haretaro
2,status,4,WEREWOLF,ALIVE,Kanolab
2,status,5,VILLAGER,ALIVE,wasabi
2,status,6,WEREWOLF,ALIVE,TOT
2,status,7,MEDIUM,ALIVE,nakamura
2,status,8,VILLAGER,ALIVE,iace10442
2,status,9,POSSESSED,ALIVE,tkAI
2,status,10,VILLAGER,ALIVE,NLwolf
2,status,11,VILLAGER,ALIVE,carlo
2,status,12,VILLAGER,ALIVE,twn480
2,status,13,VILLAGER,ALIVE,KajiGod
2,status,14,VILLAGER,ALIVE,howls
2,status,15,SEER,DEAD,Udon
2,talk,0,10,Skip
2,talk,1,1,VOTE Agent[04]
2,talk,2,14,Over
2,talk,3,12,Skip
2,talk,4,6,VOTE Agent[09]
2,talk,5,7,INQUESTED Agent[02] HUMAN
2,talk,6,3,VOTE Agent[04]
2,talk,7,13,VOTE Agent[04]
2,talk,8,5,ESTIMATE Agent[09] WEREWOLF
2,talk,9,8,Skip
2,talk,10,9,ESTIMATE Agent[06] POSSESSED
2,talk,11,11,VOTE Agent[09]
2,talk,12,4,VOTE Agent[02]
2,whisper,0,4,Over
2,whisper,1,3,Over
2,whisper,2,6,ATTACK Agent[09]
2,whisper,3,3,Over
2,whisper,4,4,Over
2,whisper,5,6,Over
2,talk,13,7,ESTIMATE Agent[14] WEREWOLF
2,talk,14,13,Over
2,talk,15,14,Over
2,talk,16,10,Skip
2,talk,17,6,VOTE Agent[07]
2,talk,18,3,Skip
2,talk,19,11,Over
2,talk,20,8,Skip
2,talk,21,5,ESTIMATE Agent[12] VILLAGER
2,talk,22,9,VOTE Agent[14]
2,talk,23,4,Over
2,talk,24,1,VOTE Agent[04]
2,talk,25,12,Skip
2,whisper,6,4,Over
2,whisper,7,3,Over
2,whisper,8,6,Over
2,talk,26,7,VOTE Agent[14]
2,talk,27,11,Over
2,talk,28,13,Over
2,talk,29,6,Over
2,talk,30,5,ESTIMATE Agent[09] WEREWOLF
2,talk,31,14,Over
2,talk,32,8,Skip
2,talk,33,10,Skip
2,talk,34,4,Over
2,talk,35,9,AGREE TALK day0 ID:0
2,talk,36,1,Over
2,talk,37,3,Skip
2,talk,38,12,Skip
2,whisper,9,4,Over
2,whisper,10,3,Over
2,whisper,11,6,Over
2,talk,39,6,Over
2,talk,40,9,DISAGREE TALK day0 ID:0
2,talk,41,3,Skip
2,talk,42,14,Over
2,talk,43,10,VOTE Agent[13]
2,talk,44,11,Over
2,talk,45,13,Over
2,talk,46,12,Skip
2,talk,47,7,Over
2,talk,48,5,ESTIMATE Agent[01] VILLAGER
2,talk,49,1,Over
2,talk,50,8,VOTE Agent[06]
2,talk,51,4,Over
2,whisper,12,4,Over
2,whisper,13,6,Over
2,whisper,14,3,Over
2,talk,52,8,VOTE Agent[04]
2,talk,53,13,Over
2,talk,54,11,Over
2,talk,55,5,ESTIMATE Agent[04] WEREWOLF
2,talk,56,1,Over
2,talk,57,3,Skip
2,talk,58,12,Skip
2,talk,59,14,Over
2,talk,60,10,Over
2,talk,61,6,Over
2,talk,62,9,DIVINED Agent[06] HUMAN
2,talk,63,7,Over
2,talk,64,4,Over
2,whisper,15,4,Over
2,whisper,16,3,Over
2,whisper,17,6,ATTACK Agent[11]
2,whisper,18,3,Over
2,whisper,19,4,Over
2,whisper,20,6,Over
2,talk,65,1,VOTE Agent[04]
2,talk,66,5,ESTIMATE Agent[09] WEREWOLF
2,talk,67,12,Skip
2,talk,68,9,Over
2,talk,69,11,Over
2,talk,70,13,Over
2,talk,71,3,Skip
2,talk,72,8,VOTE Agent[06]
2,talk,73,14,Over
2,talk,74,10,Over
2,talk,75,6,Over
2,talk,76,4,Over
2,talk,77,7,Over
2,whisper,21,6,Over
2,whisper,22,3,Over
2,whisper,23,4,Over
2,talk,78,3,Skip
2,talk,79,12,Skip
2,talk,80,1,Over
2,talk,81,11,Over
2,talk,82,13,Over
2,talk,83,8,VOTE Agent[09]
2,talk,84,9,DISAGREE TALK day1 ID:0
2,talk,85,5,ESTIMATE Agent[09] WEREWOLF
2,talk,86,4,Over
2,talk,87,6,Over
2,talk,88,7,Over
2,talk,89,10,Over
2,talk,90,14,Over
2,whisper,24,6,Over
2,whisper,25,3,Over
2,whisper,26,4,Over
2,talk,91,13,Over
2,talk,92,3,Skip
2,talk,93,8,VOTE Agent[07]
2,talk,94,11,Over
2,talk,95,5,ESTIMATE Agent[09] WEREWOLF
2,talk,96,12,Skip
2,talk,97,9,Skip
2,talk,98,1,Over
2,talk,99,4,Over
2,talk,100,6,Over
2,talk,101,7,Over
2,talk,102,10,Over
2,talk,103,14,Over
2,whisper,27,6,Over
2,whisper,28,3,Over
2,whisper,29,4,Over
2,talk,104,9,INQUESTED Agent[14] HUMAN
2,talk,105,8,Over
2,talk,106,3,Skip
2,talk,107,5,ESTIMATE Agent[13] VILLAGER
2,talk,108,13,Over
2,talk,109,11,Over
2,talk,110,12,Skip
2,talk,111,1,VOTE Agent[04]
2,talk,112,4,Over
2,talk,113,6,Over
2,talk,114,7,Over
2,talk,115,10,Over
2,talk,116,14,Over
2,whisper,30,3,Over
2,whisper,31,4,Over
2,whisper,32,6,Over
2,talk,117,9,ESTIMATE Agent[11] POSSESSED
2,talk,118,3,Skip
2,talk,119,12,Skip
2,talk,120,5,ESTIMATE Agent[09] WEREWOLF
2,talk,121,1,Over
2,talk,122,11,Over
2,talk,123,13,Over
2,talk,124,8,VOTE Agent[06]
2,talk,125,4,Over
2,talk,126,6,Over
2,talk,127,7,Over
2,talk,128,10,Over
2,talk,129,14,Over
2,whisper,33,4,Over
2,whisper,34,6,Over
2,whisper,35,3,Over
2,vote,1,4
2,vote,3,5
2,vote,4,1
2,vote,5,4
2,vote,6,7
2,vote,7,14
2,vote,8,6
2,vote,9,12
2,vote,10,13
2,vote,11,9
2,vote,12,8
2,vote,13,4
2,vote,14,1
2,guard,1,8,VILLAGER
2,attackVote,3,5
2,attackVote,4,11
2,attackVote,6,11
2,execute,4,WEREWOLF
2,attack,5,true
3,status,1,BODYGUARD,ALIVE,cash
3,status,2,VILLAGER,DEAD,kSugar
3,status,3,WEREWOLF,ALIVE,haretaro
3,status,4,WEREWOLF,DEAD,Kanolab
3,status,5,VILLAGER,DEAD,wasabi
3,status,6,WEREWOLF,ALIVE,TOT
3,status,7,MEDIUM,ALIVE,nakamura
3,status,8,VILLAGER,ALIVE,iace10442
3,status,9,POSSESSED,ALIVE,tkAI
3,status,10,VILLAGER,ALIVE,NLwolf
3,status,11,VILLAGER,ALIVE,carlo
3,status,12,VILLAGER,ALIVE,twn480
3,status,13,VILLAGER,ALIVE,KajiGod
3,status,14,VILLAGER,ALIVE,howls
3,status,15,SEER,DEAD,Udon
3,talk,0,12,Skip
3,talk,1,14,Over
3,talk,2,7,INQUESTED Agent[04] WEREWOLF
3,talk,3,11,VOTE Agent[09]
3,talk,4,3,Skip
3,talk,5,10,Skip
3,talk,6,1,VOTE Agent[03]
3,talk,7,13,VOTE Agent[03]
3,talk,8,8,Skip
3,talk,9,6,VOTE Agent[07]
3,talk,10,9,Over
3,whisper,0,6,ATTACK Agent[11]
3,whisper,1,3,Over
3,whisper,2,6,Over
3,talk,11,3,Skip
3,talk,12,11,Over
3,talk,13,8,Skip
3,talk,14,14,Over
3,talk,15,12,Skip
3,talk,16,6,Over
3,talk,17,7,ESTIMATE Agent[14] WEREWOLF
3,talk,18,10,Skip
3,talk,19,13,Over
3,talk,20,1,Over
3,talk,21,9,AGREE TALK day0 ID:0
3,whisper,3,6,Over
3,whisper,4,3,Over
3,talk,22,1,Over
3,talk,23,9,Over
3,talk,24,11,Over
3,talk,25,14,Over
3,talk,26,3,Skip
3,talk,27,12,Skip
3,talk,28,6,Over
3,talk,29,8,Skip
3,talk,30,7,VOTE Agent[14]
3,talk,31,13,Over
3,talk,32,10,Skip
3,whisper,5,6,Over
3,whisper,6,3,Over
3,talk,33,6,Over
3,talk,34,7,Over
3,talk,35,14,Over
3,talk,36,11,Over
3,talk,37,8,VOTE Agent[06]
3,talk,38,13,Over
3,talk,39,9,AGREE TALK day3 ID:0
3,talk,40,12,Skip
3,talk,41,3,Skip
3,talk,42,1,Over
3,talk,43,10,VOTE Agent[13]
3,whisper,7,6,Over
3,whisper,8,3,Over
3,talk,44,1,Over
3,talk,45,8,VOTE Agent[03]
3,talk,46,13,Over
3,talk,47,10,Over
3,talk,48,6,Over
3,talk,49,11,Over
3,talk,50,14,Over
3,talk,51,7,Over
3,talk,52,12,Skip
3,talk,53,9,Skip
3,talk,54,3,Skip
3,whisper,9,3,Over
3,whisper,10,6,Over
3,talk,55,3,Skip
3,talk,56,13,Over
3,talk,57,8,VOTE Agent[07]
3,talk,58,1,Over
3,talk,59,7,Over
3,talk,60,14,Over
3,talk,61,12,Skip
3,talk,62,6,Over
3,talk,63,11,Over
3,talk,64,10,Over
3,talk,65,9,DIVINED Agent[11] HUMAN
3,whisper,11,3,Over
3,whisper,12,6,Over
3,talk,66,6,Over
3,talk,67,11,Over
3,talk,68,14,Over
3,talk,69,9,COMINGOUT Agent[10] BODYGUARD
3,talk,70,10,Over
3,talk,71,12,Skip
3,talk,72,13,VOTE Agent[09]
3,talk,73,1,VOTE Agent[03]
3,talk,74,3,Skip
3,talk,75,7,Over
3,talk,76,8,Over
3,whisper,13,6,Over
3,whisper,14,3,Over
3,talk,77,10,Over
3,talk,78,1,Over
3,talk,79,12,Skip
3,talk,80,9,COMINGOUT Agent[14] SEER
3,talk,81,14,Over
3,talk,82,13,Over
3,talk,83,11,Over
3,talk,84,3,Skip
3,talk,85,6,Over
3,talk,86,7,Over
3,talk,87,8,VOTE Agent[03]
3,whisper,15,6,Over
3,whisper,16,3,Over
3,talk,88,3,Skip
3,talk,89,1,Over
3,talk,90,8,VOTE Agent[07]
3,talk,91,11,Over
3,talk,92,6,Over
3,talk,93,12,Skip
3,talk,94,7,Over
3,talk,95,10,Over
3,talk,96,13,Over
3,talk,97,9,Over
3,talk,98,14,Over
3,whisper,17,3,Over
3,whisper,18,6,Over
3,talk,99,12,Skip
3,talk,100,6,Over
3,talk,101,11,Over
3,talk,102,1,Over
3,talk,103,3,Skip
3,talk,104,8,VOTE Agent[03]
3,talk,105,7,Over
3,talk,106,9,VOTE Agent[13]
3,talk,107,10,Over
3,talk,108,13,Over
3,talk,109,14,Over
3,whisper,19,3,Over
3,whisper,20,6,Over
3,vote,1,3
3,vote,3,6
3,vote,6,7
3,vote,7,14
3,vote,8,3
3,vote,9,1
3,vote,10,13
3,vote,11,9
3,vote,12,11
3,vote,13,9
3,vote,14,11
3,guard,1,8,VILLAGER
3,attackVote,3,8
3,attackVote,6,11
3,execute,11,VILLAGER
3,attack,-1,false
4,status,1,BODYGUARD,ALIVE,cash
4,status,2,VILLAGER,DEAD,kSugar
4,status,3,WEREWOLF,ALIVE,haretaro
4,status,4,WEREWOLF,DEAD,Kanolab
4,status,5,VILLAGER,DEAD,wasabi
4,status,6,WEREWOLF,ALIVE,TOT
4,status,7,MEDIUM,ALIVE,nakamura
4,status,8,VILLAGER,ALIVE,iace10442
4,status,9,POSSESSED,ALIVE,tkAI
4,status,10,VILLAGER,ALIVE,NLwolf
4,status,11,VILLAGER,DEAD,carlo
4,status,12,VILLAGER,ALIVE,twn480
4,status,13,VILLAGER,ALIVE,KajiGod
4,status,14,VILLAGER,ALIVE,howls
4,status,15,SEER,DEAD,Udon
4,talk,0,14,Over
4,talk,1,6,VOTE Agent[07]
4,talk,2,3,VOTE Agent[06]
4,talk,3,9,COMINGOUT Agent[06] MEDIUM
4,talk,4,13,VOTE Agent[09]
4,talk,5,8,Skip
4,talk,6,10,Skip
4,talk,7,12,Skip
4,talk,8,7,INQUESTED Agent[11] HUMAN
4,talk,9,1,VOTE Agent[03]
4,whisper,0,6,ATTACK Agent[14]
4,whisper,1,3,Over
4,whisper,2,6,Over
4,talk,10,10,Skip
4,talk,11,12,Skip
4,talk,12,3,Skip
4,talk,13,7,ESTIMATE Agent[14] WEREWOLF
4,talk,14,14,Over
4,talk,15,13,Over
4,talk,16,8,Skip
4,talk,17,1,Over
4,talk,18,9,GUARDED Agent[06]
4,talk,19,6,Over
4,whisper,3,6,Over
4,whisper,4,3,Over
4,talk,20,1,Over
4,talk,21,9,ESTIMATE Agent[01] SEER
4,talk,22,8,Skip
4,talk,23,12,Skip
4,talk,24,10,Skip
4,talk,25,13,Over
4,talk,26,7,VOTE Agent[14]
4,talk,27,14,Over
4,talk,28,3,Skip
4,talk,29,6,Over
4,whisper,5,6,Over
4,whisper,6,3,Over
4,talk,30,8,VOTE Agent[10]
4,talk,31,14,Over
4,talk,32,1,Over
4,talk,33,12,Skip
4,talk,34,13,Over
4,talk,35,3,Skip
4,talk,36,7,Over
4,talk,37,9,Over
4,talk,38,10,VOTE Agent[13]
4,talk,39,6,Over
4,whisper,7,6,Over
4,whisper,8,3,Over
4,talk,40,10,Over
4,talk,41,14,Over
4,talk,42,8,Over
4,talk,43,9,VOTE Agent[12]
4,talk,44,3,Skip
4,talk,45,7,Over
4,talk,46,1,Over
4,talk,47,13,Over
4,talk,48,12,Skip
4,talk,49,6,Over
4,whisper,9,6,Over
4,whisper,10,3,Over
4,talk,50,10,Over
4,talk,51,14,Over
4,talk,52,1,Over
4,talk,53,12,Skip
4,talk,54,9,AGREE TALK day0 ID:0
4,talk,55,13,Over
4,talk,56,8,VOTE Agent[01]
4,talk,57,7,Over
4,talk,58,3,Skip
4,talk,59,6,Over
4,whisper,11,6,Over
4,whisper,12,3,Over
4,talk,60,1,Over
4,talk,61,8,VOTE Agent[10]
4,talk,62,9,AGREE TALK day4 ID:0
4,talk,63,14,Over
4,talk,64,13,Over
4,talk,65,3,Skip
4,talk,66,12,Skip
4,talk,67,10,Over
4,talk,68,7,Over
4,talk,69,6,Over
4,whisper,13,3,Over
4,whisper,14,6,Over
4,talk,70,12,Skip
4,talk,71,14,Over
4,talk,72,3,Skip
4,talk,73,9,ESTIMATE Agent[06] WEREWOLF
4,talk,74,1,Over
4,talk,75,8,Over
4,talk,76,13,Over
4,talk,77,6,Over
4,talk,78,7,Over
4,talk,79,10,Over
4,whisper,15,6,Over
4,whisper,16,3,Over
4,talk,80,12,Skip
4,talk,81,9,AGREE TALK day3 ID:0
4,talk,82,3,Skip
4,talk,83,14,Over
4,talk,84,1,Over
4,talk,85,6,Over
4,talk,86,7,Over
4,talk,87,8,VOTE Agent[01]
4,talk,88,10,Over
4,talk,89,13,Over
4,whisper,17,3,Over
4,whisper,18,6,Over
4,talk,90,7,Over
4,talk,91,14,Over
4,talk,92,3,Skip
4,talk,93,9,DISAGREE TALK day0 ID:0
4,talk,94,12,Skip
4,talk,95,6,Over
4,talk,96,1,Over
4,talk,97,8,VOTE Agent[06]
4,talk,98,10,Over
4,talk,99,13,Over
4,whisper,19,6,Over
4,whisper,20,3,Over
4,vote,1,3
4,vote,3,9
4,vote,6,7
4,vote,7,14
4,vote,8,6
4,vote,9,12
4,vote,10,13
4,vote,12,14
4,vote,13,9
4,vote,14,13
4,guard,1,8,VILLAGER
4,attackVote,3,8
4,attackVote,6,14
4,execute,13,VILLAGER
4,attack,14,true
5,status,1,BODYGUARD,ALIVE,cash
5,status,2,VILLAGER,DEAD,kSugar
5,status,3,WEREWOLF,ALIVE,haretaro
5,status,4,WEREWOLF,DEAD,Kanolab
5,status,5,VILLAGER,DEAD,wasabi
5,status,6,WEREWOLF,ALIVE,TOT
5,status,7,MEDIUM,ALIVE,nakamura
5,status,8,VILLAGER,ALIVE,iace10442
5,status,9,POSSESSED,ALIVE,tkAI
5,status,10,VILLAGER,ALIVE,NLwolf
5,status,11,VILLAGER,DEAD,carlo
5,status,12,VILLAGER,ALIVE,twn480
5,status,13,VILLAGER,DEAD,KajiGod
5,status,14,VILLAGER,DEAD,howls
5,status,15,SEER,DEAD,Udon
5,talk,0,10,Skip
5,talk,1,6,VOTE Agent[09]
5,talk,2,8,Skip
5,talk,3,1,VOTE Agent[03]
5,talk,4,12,Skip
5,talk,5,7,INQUESTED Agent[13] HUMAN
5,talk,6,3,Skip
5,talk,7,9,DIVINED Agent[12] HUMAN
5,whisper,0,3,Over
5,whisper,1,6,ATTACK Agent[09]
5,whisper,2,6,Over
5,whisper,3,3,Over
5,talk,8,10,Skip
5,talk,9,3,Skip
5,talk,10,8,Skip
5,talk,11,1,Skip
5,talk,12,7,ESTIMATE Agent[01] WEREWOLF
5,talk,13,9,AGREE TALK day3 ID:0
5,talk,14,12,Skip
5,talk,15,6,VOTE Agent[10]
5,whisper,4,6,Over
5,whisper,5,3,Over
5,talk,16,12,Skip
5,talk,17,6,Over
5,talk,18,3,Skip
5,talk,19,1,VOTE Agent[03]
5,talk,20,9,Over
5,talk,21,10,Skip
5,talk,22,7,VOTE Agent[01]
5,talk,23,8,Skip
5,whisper,6,6,Over
5,whisper,7,3,Over
5,talk,24,3,Skip
5,talk,25,12,Skip
5,talk,26,10,VOTE Agent[03]
5,talk,27,9,Over
5,talk,28,8,VOTE Agent[09]
5,talk,29,1,Over
5,talk,30,7,Over
5,talk,31,6,Over
5,whisper,8,6,Over
5,whisper,9,3,Over
5,talk,32,3,Skip
5,talk,33,12,Skip
5,talk,34,8,VOTE Agent[10]
5,talk,35,10,Over
5,talk,36,9,Over
5,talk,37,1,Over
5,talk,38,6,Over
5,talk,39,7,Over
5,whisper,10,6,Over
5,whisper,11,3,Over
5,talk,40,8,VOTE Agent[07]
5,talk,41,12,Skip
5,talk,42,3,Skip
5,talk,43,1,Over
5,talk,44,6,Over
5,talk,45,7,Over
5,talk,46,9,Over
5,talk,47,10,Over
5,whisper,12,3,Over
5,whisper,13,6,Over
5,talk,48,3,Skip
5,talk,49,12,Skip
5,talk,50,8,VOTE Agent[09]
5,talk,51,1,Over
5,talk,52,6,Over
5,talk,53,7,Over
5,talk,54,9,INQUESTED Agent[12] HUMAN
5,talk,55,10,Over
5,whisper,14,3,Over
5,whisper,15,6,Over
5,talk,56,9,INQUESTED Agent[13] HUMAN
5,talk,57,1,VOTE Agent[03]
5,talk,58,6,Over
5,talk,59,3,Skip
5,talk,60,8,Over
5,talk,61,7,Over
5,talk,62,12,Skip
5,talk,63,10,Over
5,whisper,16,3,Over
5,whisper,17,6,Over
5,talk,64,3,Skip
5,talk,65,9,AGREE TALK day2 ID:0
5,talk,66,7,Over
5,talk,67,8,VOTE Agent[10]
5,talk,68,6,Over
5,talk,69,1,Over
5,talk,70,12,Skip
5,talk,71,10,Over
5,whisper,18,3,Over
5,whisper,19,6,Over
5,talk,72,12,Skip
5,talk,73,8,VOTE Agent[03]
5,talk,74,6,Over
5,talk,75,1,Over
5,talk,76,3,Skip
5,talk,77,7,Over
5,talk,78,9,COMINGOUT Agent[12] SEER
5,talk,79,10,Over
5,whisper,20,6,Over
5,whisper,21,3,Over
5,vote,1,3
5,vote,3,6
5,vote,6,10
5,vote,7,1
5,vote,8,3
5,vote,9,7
5,vote,10,3
5,vote,12,6
5,guard,1,8,VILLAGER
5,attackVote,3,8
5,attackVote,6,9
5,execute,3,WEREWOLF
5,attack,9,true
6,status,1,BODYGUARD,ALIVE,cash
6,status,2,VILLAGER,DEAD,kSugar
6,status,3,WEREWOLF,DEAD,haretaro
6,status,4,WEREWOLF,DEAD,Kanolab
6,status,5,VILLAGER,DEAD,wasabi
6,status,6,WEREWOLF,ALIVE,TOT
6,status,7,MEDIUM,ALIVE,nakamura
6,status,8,VILLAGER,ALIVE,iace10442
6,status,9,POSSESSED,DEAD,tkAI
6,status,10,VILLAGER,ALIVE,NLwolf
6,status,11,VILLAGER,DEAD,carlo
6,status,12,VILLAGER,ALIVE,twn480
6,status,13,VILLAGER,DEAD,KajiGod
6,status,14,VILLAGER,DEAD,howls
6,status,15,SEER,DEAD,Udon
6,talk,0,6,VOTE Agent[10]
6,talk,1,1,VOTE Agent[12]
6,talk,2,7,INQUESTED Agent[03] WEREWOLF
6,talk,3,12,Skip
6,talk,4,10,Skip
6,talk,5,8,COMINGOUT Agent[08] VILLAGER
6,whisper,0,6,ATTACK Agent[08]
6,whisper,1,6,Over
6,talk,6,7,ESTIMATE Agent[01] WEREWOLF
6,talk,7,12,Skip
6,talk,8,1,VOTE Agent[12]
6,talk,9,10,Skip
6,talk,10,8,Skip
6,talk,11,6,Over
6,whisper,2,6,Over
6,talk,12,8,Skip
6,talk,13,7,VOTE Agent[01]
6,talk,14,10,Skip
6,talk,15,1,Over
6,talk,16,12,Skip
6,talk,17,6,Over
6,whisper,3,6,Over
6,talk,18,12,Skip
6,talk,19,10,VOTE Agent[01]
6,talk,20,7,Over
6,talk,21,1,Over
6,talk,22,8,Skip
6,talk,23,6,Over
6,whisper,4,6,Over
6,talk,24,1,Over
6,talk,25,10,Over
6,talk,26,12,Skip
6,talk,27,8,VOTE Agent[01]
6,talk,28,7,Over
6,talk,29,6,Over
6,whisper,5,6,Over
6,talk,30,1,Over
6,talk,31,10,Over
6,talk,32,12,Skip
6,talk,33,8,VOTE Agent[06]
6,talk,34,6,Over
6,talk,35,7,Over
6,whisper,6,6,Over
6,talk,36,8,Over
6,talk,37,10,Over
6,talk,38,12,Skip
6,talk,39,1,Over
6,talk,40,6,Over
6,talk,41,7,Over
6,whisper,7,6,Over
6,talk,42,8,VOTE Agent[10]
6,talk,43,12,Skip
6,talk,44,10,Over
6,talk,45,1,Over
6,talk,46,6,Over
6,talk,47,7,Over
6,whisper,8,6,Over
6,talk,48,12,Skip
6,talk,49,8,VOTE Agent[01]
6,talk,50,1,Over
6,talk,51,6,Over
6,talk,52,7,Over
6,talk,53,10,Over
6,whisper,9,6,Over
6,talk,54,12,Skip
6,talk,55,8,VOTE Agent[10]
6,talk,56,1,Over
6,talk,57,6,Over
6,talk,58,7,Over
6,talk,59,10,Over
6,whisper,10,6,Over
6,vote,1,12
6,vote,6,10
6,vote,7,1
6,vote,8,10
6,vote,10,1
6,vote,12,8
6,guard,1,8,VILLAGER
6,attackVote,6,8
6,execute,1,BODYGUARD
6,attack,8,true
7,status,1,BODYGUARD,DEAD,cash
7,status,2,VILLAGER,DEAD,kSugar
7,status,3,WEREWOLF,DEAD,haretaro
7,status,4,WEREWOLF,DEAD,Kanolab
7,status,5,VILLAGER,DEAD,wasabi
7,status,6,WEREWOLF,ALIVE,TOT
7,status,7,MEDIUM,ALIVE,nakamura
7,status,8,VILLAGER,DEAD,iace10442
7,status,9,POSSESSED,DEAD,tkAI
7,status,10,VILLAGER,ALIVE,NLwolf
7,status,11,VILLAGER,DEAD,carlo
7,status,12,VILLAGER,ALIVE,twn480
7,status,13,VILLAGER,DEAD,KajiGod
7,status,14,VILLAGER,DEAD,howls
7,status,15,SEER,DEAD,Udon
7,talk,0,10,Skip
7,talk,1,6,VOTE Agent[10]
7,talk,2,7,INQUESTED Agent[01] HUMAN
7,talk,3,12,Skip
7,whisper,0,6,ATTACK Agent[12]
7,whisper,1,6,Over
7,talk,4,10,Skip
7,talk,5,6,Over
7,talk,6,12,Skip
7,talk,7,7,ESTIMATE Agent[10] WEREWOLF
7,whisper,2,6,Over
7,talk,8,7,VOTE Agent[10]
7,talk,9,6,Over
7,talk,10,12,Skip
7,talk,11,10,Skip
7,whisper,3,6,Over
7,talk,12,6,Over
7,talk,13,12,Skip
7,talk,14,10,VOTE Agent[07]
7,talk,15,7,Over
7,whisper,4,6,Over
7,talk,16,12,Skip
7,talk,17,6,Over
7,talk,18,10,Over
7,talk,19,7,Over
7,whisper,5,6,Over
7,talk,20,12,Skip
7,talk,21,6,Over
7,talk,22,7,Over
7,talk,23,10,Over
7,whisper,6,6,Over
7,talk,24,12,Skip
7,talk,25,6,Over
7,talk,26,7,Over
7,talk,27,10,Over
7,whisper,7,6,Over
7,talk,28,12,Skip
7,talk,29,6,Over
7,talk,30,7,Over
7,talk,31,10,Over
7,whisper,8,6,Over
7,talk,32,12,Skip
7,talk,33,6,Over
7,talk,34,7,Over
7,talk,35,10,Over
7,whisper,9,6,Over
7,talk,36,12,Skip
7,talk,37,6,Over
7,talk,38,7,Over
7,talk,39,10,Over
7,whisper,10,6,Over
7,vote,6,10
7,vote,7,10
7,vote,10,7
7,vote,12,7
7,attackVote,6,12
7,execute,7,MEDIUM
7,attack,12,true
8,status,1,BODYGUARD,DEAD,cash
8,status,2,VILLAGER,DEAD,kSugar
8,status,3,WEREWOLF,DEAD,haretaro
8,status,4,WEREWOLF,DEAD,Kanolab
8,status,5,VILLAGER,DEAD,wasabi
8,status,6,WEREWOLF,ALIVE,TOT
8,status,7,MEDIUM,DEAD,nakamura
8,status,8,VILLAGER,DEAD,iace10442
8,status,9,POSSESSED,DEAD,tkAI
8,status,10,VILLAGER,ALIVE,NLwolf
8,status,11,VILLAGER,DEAD,carlo
8,status,12,VILLAGER,DEAD,twn480
8,status,13,VILLAGER,DEAD,KajiGod
8,status,14,VILLAGER,DEAD,howls
8,status,15,SEER,DEAD,Udon
8,result,1,1,WEREWOLF
