0,status,1,VILLAGER,ALIVE,cash
0,status,2,VILLAGER,ALIVE,kSugar
0,status,3,WEREWOLF,ALIVE,haretaro
0,status,4,SEER,ALIVE,Kanolab
0,status,5,VILLAGER,ALIVE,wasabi
0,status,6,BODYGUARD,ALIVE,TOT
0,status,7,WEREWOLF,ALIVE,nakamura
0,status,8,VILLAGER,ALIVE,iace10442
0,status,9,VILLAGER,ALIVE,tkAI
0,status,10,WEREWOLF,ALIVE,NLwolf
0,status,11,VILLAGER,ALIVE,carlo
0,status,12,MEDIUM,ALIVE,twn480
0,status,13,VILLAGER,ALIVE,KajiGod
0,status,14,POSSESSED,ALIVE,howls
0,status,15,VILLAGER,ALIVE,Udon
0,talk,0,4,VOTE Agent[06]
0,talk,1,14,Over
0,talk,2,15,VOTE Agent[13]
0,talk,3,9,INQUESTED Agent[04] WEREWOLF
0,talk,4,1,Skip
0,talk,5,2,COMINGOUT Agent[02] VILLAGER
0,talk,6,5,ESTIMATE Agent[10] VILLAGER
0,talk,7,13,VOTE Agent[02]
0,talk,8,7,VOTE Agent[01]
0,talk,9,10,Skip
0,talk,10,3,VOTE Agent[10]
0,talk,11,11,VOTE Agent[09]
0,talk,12,12,Over
0,talk,13,6,Over
0,talk,14,8,Skip
0,whisper,0,10,Skip
0,whisper,1,3,Over
0,whisper,2,7,ATTACK Agent[12]
0,whisper,3,3,Over
0,whisper,4,10,Skip
0,whisper,5,7,Over
0,whisper,6,3,Over
0,whisper,7,10,Skip
0,whisper,8,7,Over
0,whisper,9,3,Over
0,whisper,10,10,Skip
0,whisper,11,7,Over
0,whisper,12,3,Over
0,whisper,13,10,Skip
0,whisper,14,7,Over
0,whisper,15,3,Over
0,whisper,16,10,Skip
0,whisper,17,7,Over
0,whisper,18,3,Over
0,whisper,19,10,Skip
0,whisper,20,7,Over
0,whisper,21,3,Over
0,whisper,22,10,Skip
0,whisper,23,7,Over
0,whisper,24,3,Over
0,whisper,25,10,Skip
0,whisper,26,7,Over
0,whisper,27,10,Skip
0,whisper,28,3,Over
0,whisper,29,7,Over
0,talk,15,1,VOTE Agent[04]
0,talk,16,7,Over
0,talk,17,11,Over
0,talk,18,3,Skip
0,talk,19,10,Skip
0,talk,20,4,ESTIMATE Agent[01] VILLAGER
0,talk,21,15,ESTIMATE Agent[04] WEREWOLF
0,talk,22,6,Over
0,talk,23,13,Over
0,talk,24,5,ESTIMATE Agent[09] WEREWOLF
0,talk,25,8,Skip
0,talk,26,2,Skip
0,talk,27,9,VOTE Agent[04]
0,talk,28,12,Over
0,talk,29,14,Over
0,whisper,30,7,Over
0,whisper,31,10,Skip
0,whisper,32,3,Over
0,whisper,33,10,Skip
0,whisper,34,7,Over
0,whisper,35,3,Over
0,whisper,36,10,Skip
0,whisper,37,3,Over
0,whisper,38,7,Over
0,whisper,39,10,Skip
0,whisper,40,3,Over
0,whisper,41,7,Over
0,whisper,42,10,Skip
0,whisper,43,3,Over
0,whisper,44,7,Over
0,whisper,45,10,Skip
0,whisper,46,3,Over
0,whisper,47,7,Over
0,whisper,48,10,Skip
0,whisper,49,3,Over
0,whisper,50,7,Over
0,whisper,51,10,Skip
0,whisper,52,3,Over
0,whisper,53,7,Over
0,whisper,54,10,Skip
0,whisper,55,3,Over
0,whisper,56,7,Over
0,whisper,57,10,Skip
0,whisper,58,3,Over
0,whisper,59,7,Over
0,talk,30,4,Over
0,talk,31,5,ESTIMATE Agent[09] VILLAGER
0,talk,32,7,Over
0,talk,33,9,VOTE Agent[15]
0,talk,34,11,Over
0,talk,35,8,Skip
0,talk,36,2,ESTIMATE Agent[01] VILLAGER
0,talk,37,1,Over
0,talk,38,6,Over
0,talk,39,10,Skip
0,talk,40,15,ESTIMATE Agent[07] WEREWOLF
0,talk,41,3,Skip
0,talk,42,13,Over
0,talk,43,12,Over
0,talk,44,14,Over
0,whisper,60,7,Over
0,whisper,61,3,Over
0,whisper,62,10,Skip
0,whisper,63,7,Over
0,whisper,64,3,Over
0,whisper,65,10,Skip
0,whisper,66,7,Over
0,whisper,67,3,Over
0,whisper,68,10,Skip
0,whisper,69,7,Over
0,whisper,70,10,Skip
0,whisper,71,3,Over
0,whisper,72,7,Over
0,whisper,73,10,Skip
0,whisper,74,3,Over
0,whisper,75,10,Skip
0,whisper,76,7,Over
0,whisper,77,3,Over
0,whisper,78,10,Skip
0,whisper,79,3,Over
0,whisper,80,7,Over
0,whisper,81,10,Skip
0,whisper,82,3,Over
0,whisper,83,7,Over
0,whisper,84,10,Skip
0,whisper,85,3,Over
0,whisper,86,7,Over
0,whisper,87,10,Skip
0,whisper,88,3,Over
0,whisper,89,7,Over
0,talk,45,7,Over
0,talk,46,6,Over
0,talk,47,5,ESTIMATE Agent[08] WEREWOLF
0,talk,48,2,Skip
0,talk,49,15,ESTIMATE Agent[10] WEREWOLF
0,talk,50,10,VOTE Agent[15]
0,talk,51,3,Skip
0,talk,52,1,Over
0,talk,53,9,VOTE Agent[15]
0,talk,54,11,Over
0,talk,55,4,Over
0,talk,56,8,VOTE Agent[15]
0,talk,57,12,Over
0,talk,58,13,Over
0,talk,59,14,Over
0,whisper,90,3,Over
0,whisper,91,10,Skip
0,whisper,92,7,Over
0,whisper,93,3,Over
0,whisper,94,10,Skip
0,whisper,95,7,Over
0,whisper,96,3,Over
0,whisper,97,10,Skip
0,whisper,98,7,Over
0,whisper,99,3,Over
0,whisper,100,10,Skip
0,whisper,101,7,Over
0,whisper,102,3,Over
0,whisper,103,10,Skip
0,whisper,104,7,Over
0,whisper,105,3,Over
0,whisper,106,10,Skip
0,whisper,107,7,Over
0,whisper,108,10,Skip
0,whisper,109,3,Over
0,whisper,110,7,Over
0,whisper,111,10,Skip
0,whisper,112,3,Over
0,whisper,113,7,Over
0,whisper,114,10,Skip
0,whisper,115,3,Over
0,whisper,116,7,Over
0,whisper,117,10,Skip
0,whisper,118,3,Over
0,whisper,119,7,Over
0,talk,60,8,VOTE Agent[09]
0,talk,61,4,Over
0,talk,62,5,ESTIMATE Agent[04] VILLAGER
0,talk,63,6,Over
0,talk,64,7,Over
0,talk,65,10,Over
0,talk,66,9,VOTE Agent[13]
0,talk,67,15,VOTE Agent[02]
0,talk,68,3,VOTE Agent[15]
0,talk,69,11,Over
0,talk,70,2,ESTIMATE Agent[03] VILLAGER
0,talk,71,1,Over
0,talk,72,12,Over
0,talk,73,13,Over
0,talk,74,14,Over
0,whisper,120,10,Skip
0,whisper,121,3,Over
0,whisper,122,7,Over
0,whisper,123,10,Skip
0,whisper,124,3,Over
0,whisper,125,7,Over
0,whisper,126,10,Skip
0,whisper,127,3,Over
0,whisper,128,7,Over
0,whisper,129,10,Skip
0,whisper,130,3,Over
0,whisper,131,7,Over
0,whisper,132,10,Skip
0,whisper,133,3,Over
0,whisper,134,7,Over
0,whisper,135,10,Skip
0,whisper,136,3,Over
0,whisper,137,7,Over
0,whisper,138,10,Skip
0,whisper,139,3,Over
0,whisper,140,7,Over
0,whisper,141,10,Skip
0,whisper,142,3,Over
0,whisper,143,7,Over
0,whisper,144,10,Skip
0,whisper,145,3,Over
0,whisper,146,7,Over
0,whisper,147,10,Skip
0,whisper,148,3,Over
0,whisper,149,7,Over
0,talk,75,11,Over
0,talk,76,15,ESTIMATE Agent[09] MEDIUM
0,talk,77,9,VOTE Agent[15]
0,talk,78,2,Skip
0,talk,79,7,Over
0,talk,80,8,Over
0,talk,81,10,Over
0,talk,82,5,ESTIMATE Agent[03] WEREWOLF
0,talk,83,4,Over
0,talk,84,6,Over
0,talk,85,3,Skip
0,talk,86,1,Over
0,talk,87,12,Over
0,talk,88,13,Over
0,talk,89,14,Over
0,whisper,150,3,Over
0,whisper,151,10,Skip
0,whisper,152,7,Over
0,whisper,153,10,Skip
0,whisper,154,3,Over
0,whisper,155,7,Over
0,whisper,156,10,Skip
0,whisper,157,3,Over
0,whisper,158,7,Over
0,whisper,159,10,Skip
0,whisper,160,3,Over
0,whisper,161,7,Over
0,whisper,162,10,Skip
0,whisper,163,3,Over
0,whisper,164,7,Over
0,whisper,165,10,Skip
0,whisper,166,3,Over
0,whisper,167,7,Over
0,whisper,168,10,Skip
0,whisper,169,3,Over
0,whisper,170,7,Over
0,whisper,171,10,Skip
0,whisper,172,3,Over
0,whisper,173,7,Over
0,whisper,174,10,Skip
0,whisper,175,3,Over
0,whisper,176,7,Over
0,whisper,177,10,Skip
0,whisper,178,3,Over
0,whisper,179,7,Over
0,talk,90,5,ESTIMATE Agent[04] WEREWOLF
0,talk,91,11,Over
0,talk,92,4,Over
0,talk,93,10,Over
0,talk,94,15,Over
0,talk,95,6,Over
0,talk,96,9,INQUESTED Agent[15] WEREWOLF
0,talk,97,8,Over
0,talk,98,3,Skip
0,talk,99,2,ESTIMATE Agent[03] VILLAGER
0,talk,100,7,Over
0,talk,101,1,VOTE Agent[15]
0,talk,102,12,Over
0,talk,103,13,Over
0,talk,104,14,Over
0,whisper,180,10,Skip
0,whisper,181,3,Over
0,whisper,182,7,Over
0,whisper,183,10,Skip
0,whisper,184,3,Over
0,whisper,185,7,Over
0,whisper,186,10,Skip
0,whisper,187,3,Over
0,whisper,188,7,Over
0,whisper,189,10,Skip
0,whisper,190,3,Over
0,whisper,191,7,Over
0,whisper,192,10,Skip
0,whisper,193,3,Over
0,whisper,194,7,Over
0,whisper,195,10,Skip
0,whisper,196,3,Over
0,whisper,197,7,Over
0,whisper,198,10,Skip
0,whisper,199,3,Over
0,whisper,200,7,Over
0,whisper,201,10,Skip
0,whisper,202,3,Over
0,whisper,203,7,Over
0,whisper,204,10,Skip
0,whisper,205,3,Over
0,whisper,206,7,Over
0,whisper,207,10,Skip
0,whisper,208,3,Over
0,whisper,209,7,Over
0,talk,105,1,Over
0,talk,106,8,VOTE Agent[11]
0,talk,107,9,INQUESTED Agent[04] WEREWOLF
0,talk,108,10,Over
0,talk,109,4,Over
0,talk,110,15,Over
0,talk,111,2,Skip
0,talk,112,7,Over
0,talk,113,6,Over
0,talk,114,11,Over
0,talk,115,5,ESTIMATE Agent[14] WEREWOLF
0,talk,116,3,Skip
0,talk,117,12,Over
0,talk,118,13,Over
0,talk,119,14,Over
0,whisper,210,3,Over
0,whisper,211,10,Skip
0,whisper,212,7,Over
0,whisper,213,3,Over
0,whisper,214,10,Skip
0,whisper,215,7,Over
0,whisper,216,10,Skip
0,whisper,217,3,Over
0,whisper,218,7,Over
0,whisper,219,10,Skip
0,whisper,220,3,Over
0,whisper,221,7,Over
0,whisper,222,10,Skip
0,whisper,223,3,Over
0,whisper,224,7,Over
0,whisper,225,10,Skip
0,whisper,226,3,Over
0,whisper,227,7,Over
0,whisper,228,10,Skip
0,whisper,229,3,Over
0,whisper,230,7,Over
0,whisper,231,10,Skip
0,whisper,232,3,Over
0,whisper,233,7,Over
0,whisper,234,10,Skip
0,whisper,235,3,Over
0,whisper,236,7,Over
0,whisper,237,10,Skip
0,whisper,238,3,Over
0,whisper,239,7,Over
0,talk,120,10,Over
0,talk,121,2,ESTIMATE Agent[04] VILLAGER
0,talk,122,8,VOTE Agent[12]
0,talk,123,7,Over
0,talk,124,6,Over
0,talk,125,9,VOTE Agent[04]
0,talk,126,4,Over
0,talk,127,11,Over
0,talk,128,5,ESTIMATE Agent[10] WEREWOLF
0,talk,129,1,VOTE Agent[04]
0,talk,130,3,Skip
0,talk,131,15,Over
0,talk,132,12,Over
0,talk,133,13,Over
0,talk,134,14,Over
0,whisper,240,3,Over
0,whisper,241,7,Over
0,whisper,242,10,Skip
0,whisper,243,3,Over
0,whisper,244,7,Over
0,whisper,245,10,Skip
0,whisper,246,3,Over
0,whisper,247,10,Skip
0,whisper,248,7,Over
0,whisper,249,3,Over
0,whisper,250,10,Skip
0,whisper,251,7,Over
0,whisper,252,3,Over
0,whisper,253,10,Skip
0,whisper,254,7,Over
0,whisper,255,10,Skip
0,whisper,256,3,Over
0,whisper,257,7,Over
0,whisper,258,10,Skip
0,whisper,259,3,Over
0,whisper,260,7,Over
0,whisper,261,10,Skip
0,whisper,262,3,Over
0,whisper,263,7,Over
0,whisper,264,10,Skip
0,whisper,265,3,Over
0,whisper,266,7,Over
0,whisper,267,10,Skip
0,whisper,268,3,Over
0,whisper,269,7,Over
0,talk,135,6,Over
0,talk,136,9,INQUESTED Agent[04] WEREWOLF
0,talk,137,5,ESTIMATE Agent[15] VILLAGER
0,talk,138,1,VOTE Agent[04]
0,talk,139,4,Over
0,talk,140,2,Skip
0,talk,141,3,Skip
0,talk,142,7,Over
0,talk,143,10,Over
0,talk,144,8,VOTE Agent[05]
0,talk,145,11,Over
0,talk,146,12,Over
0,talk,147,13,Over
0,talk,148,14,Over
0,talk,149,15,Over
0,whisper,270,3,Over
0,whisper,271,7,Over
0,whisper,272,10,Skip
0,whisper,273,3,Over
0,whisper,274,10,Skip
0,whisper,275,7,Over
0,whisper,276,10,Skip
0,whisper,277,3,Over
0,whisper,278,7,Over
0,whisper,279,10,Skip
0,whisper,280,3,Over
0,whisper,281,7,Over
0,whisper,282,10,Skip
0,whisper,283,3,Over
0,whisper,284,7,Over
0,whisper,285,10,Skip
0,whisper,286,3,Over
0,whisper,287,7,Over
0,whisper,288,10,Skip
0,whisper,289,3,Over
0,whisper,290,7,Over
0,whisper,291,10,Skip
0,whisper,292,3,Over
0,whisper,293,7,Over
0,whisper,294,10,Skip
0,whisper,295,3,Over
0,whisper,296,7,Over
0,whisper,297,10,Skip
0,whisper,298,3,Over
0,whisper,299,7,Over
0,divine,4,1,HUMAN
1,status,1,VILLAGER,ALIVE,cash
1,status,2,VILLAGER,ALIVE,kSugar
1,status,3,WEREWOLF,ALIVE,haretaro
1,status,4,SEER,ALIVE,Kanolab
1,status,5,VILLAGER,ALIVE,wasabi
1,status,6,BODYGUARD,ALIVE,TOT
1,status,7,WEREWOLF,ALIVE,nakamura
1,status,8,VILLAGER,ALIVE,iace10442
1,status,9,VILLAGER,ALIVE,tkAI
1,status,10,WEREWOLF,ALIVE,NLwolf
1,status,11,VILLAGER,ALIVE,carlo
1,status,12,MEDIUM,ALIVE,twn480
1,status,13,VILLAGER,ALIVE,KajiGod
1,status,14,POSSESSED,ALIVE,howls
1,status,15,VILLAGER,ALIVE,Udon
1,talk,0,2,VOTE Agent[14]
1,talk,1,11,VOTE Agent[09]
1,talk,2,7,VOTE Agent[01]
1,talk,3,1,VOTE Agent[04]
1,talk,4,5,ESTIMATE Agent[10] WEREWOLF
1,talk,5,9,VOTE Agent[04]
1,talk,6,13,VOTE Agent[02]
1,talk,7,4,VOTE Agent[03]
1,talk,8,10,DIVINED Agent[09] HUMAN
1,talk,9,12,Over
1,talk,10,6,VOTE Agent[03]
1,talk,11,8,Skip
1,talk,12,14,DIVINED Agent[05] HUMAN
1,talk,13,3,Skip
1,talk,14,15,VOTE Agent[02]
1,whisper,0,7,Over
1,whisper,1,3,Over
1,whisper,2,10,Skip
1,whisper,3,10,Skip
1,whisper,4,7,Over
1,whisper,5,3,Over
1,whisper,6,10,Skip
1,whisper,7,3,Over
1,whisper,8,7,Over
1,whisper,9,10,Skip
1,whisper,10,3,Over
1,whisper,11,7,Over
1,whisper,12,10,Skip
1,whisper,13,3,Over
1,whisper,14,7,Over
1,whisper,15,10,Skip
1,whisper,16,3,Over
1,whisper,17,7,Over
1,whisper,18,10,Skip
1,whisper,19,3,Over
1,whisper,20,7,Over
1,whisper,21,10,Skip
1,whisper,22,3,Over
1,whisper,23,7,Over
1,whisper,24,10,Skip
1,whisper,25,3,Over
1,whisper,26,7,Over
1,whisper,27,10,Skip
1,whisper,28,3,Over
1,whisper,29,7,Over
1,talk,15,5,ESTIMATE Agent[11] VILLAGER
1,talk,16,10,Skip
1,talk,17,12,Over
1,talk,18,1,Skip
1,talk,19,11,Over
1,talk,20,8,Skip
1,talk,21,14,Over
1,talk,22,15,ESTIMATE Agent[04] WEREWOLF
1,talk,23,9,INQUESTED Agent[13] WEREWOLF
1,talk,24,4,VOTE Agent[08]
1,talk,25,2,VOTE Agent[12]
1,talk,26,6,Over
1,talk,27,3,Skip
1,talk,28,7,Over
1,talk,29,13,Over
1,whisper,30,10,Skip
1,whisper,31,3,Over
1,whisper,32,7,Over
1,whisper,33,10,Skip
1,whisper,34,3,Over
1,whisper,35,7,Over
1,whisper,36,10,Skip
1,whisper,37,3,Over
1,whisper,38,7,Over
1,whisper,39,10,Skip
1,whisper,40,3,Over
1,whisper,41,7,Over
1,whisper,42,10,Skip
1,whisper,43,3,Over
1,whisper,44,7,Over
1,whisper,45,10,Skip
1,whisper,46,3,Over
1,whisper,47,7,Over
1,whisper,48,10,Skip
1,whisper,49,3,Over
1,whisper,50,7,Over
1,whisper,51,10,Skip
1,whisper,52,3,Over
1,whisper,53,7,Over
1,whisper,54,10,Skip
1,whisper,55,3,Over
1,whisper,56,7,Over
1,whisper,57,10,Skip
1,whisper,58,3,Over
1,whisper,59,7,Over
1,talk,30,11,Over
1,talk,31,5,ESTIMATE Agent[03] WEREWOLF
1,talk,32,14,Over
1,talk,33,2,ESTIMATE Agent[03] VILLAGER
1,talk,34,6,Over
1,talk,35,1,Skip
1,talk,36,12,Over
1,talk,37,4,VOTE Agent[12]
1,talk,38,9,INQUESTED Agent[15] WEREWOLF
1,talk,39,15,ESTIMATE Agent[07] WEREWOLF
1,talk,40,3,Skip
1,talk,41,8,Skip
1,talk,42,10,Skip
1,talk,43,7,Over
1,talk,44,13,Over
1,whisper,60,7,Over
1,whisper,61,10,Skip
1,whisper,62,3,Over
1,whisper,63,10,Skip
1,whisper,64,7,Over
1,whisper,65,3,Over
1,whisper,66,10,Skip
1,whisper,67,3,Over
1,whisper,68,7,Over
1,whisper,69,10,Skip
1,whisper,70,3,Over
1,whisper,71,7,Over
1,whisper,72,10,Skip
1,whisper,73,3,Over
1,whisper,74,7,Over
1,whisper,75,10,Skip
1,whisper,76,3,Over
1,whisper,77,7,Over
1,whisper,78,10,Skip
1,whisper,79,3,Over
1,whisper,80,7,Over
1,whisper,81,10,Skip
1,whisper,82,3,Over
1,whisper,83,7,Over
1,whisper,84,10,Skip
1,whisper,85,3,Over
1,whisper,86,7,Over
1,whisper,87,10,Skip
1,whisper,88,3,Over
1,whisper,89,7,Over
1,talk,45,9,VOTE Agent[04]
1,talk,46,14,Over
1,talk,47,4,VOTE Agent[02]
1,talk,48,2,COMINGOUT Agent[02] BODYGUARD
1,talk,49,10,Skip
1,talk,50,6,ESTIMATE Agent[02] WEREWOLF
1,talk,51,12,Over
1,talk,52,5,ESTIMATE Agent[09] VILLAGER
1,talk,53,1,Skip
1,talk,54,3,VOTE Agent[02]
1,talk,55,11,Over
1,talk,56,15,ESTIMATE Agent[02] WEREWOLF
1,talk,57,8,VOTE Agent[09]
1,talk,58,7,Over
1,talk,59,13,Over
1,whisper,90,3,Over
1,whisper,91,7,Over
1,whisper,92,10,Skip
1,whisper,93,10,Skip
1,whisper,94,3,Over
1,whisper,95,7,Over
1,whisper,96,10,Skip
1,whisper,97,3,Over
1,whisper,98,7,Over
1,whisper,99,10,Skip
1,whisper,100,3,Over
1,whisper,101,7,Over
1,whisper,102,10,Skip
1,whisper,103,3,Over
1,whisper,104,7,Over
1,whisper,105,10,Skip
1,whisper,106,3,Over
1,whisper,107,7,Over
1,whisper,108,10,Skip
1,whisper,109,3,Over
1,whisper,110,7,Over
1,whisper,111,10,Skip
1,whisper,112,3,Over
1,whisper,113,7,Over
1,whisper,114,10,Skip
1,whisper,115,3,Over
1,whisper,116,7,Over
1,whisper,117,10,Skip
1,whisper,118,3,Over
1,whisper,119,7,Over
1,talk,60,9,VOTE Agent[13]
1,talk,61,2,ESTIMATE Agent[04] VILLAGER
1,talk,62,8,VOTE Agent[06]
1,talk,63,3,Skip
1,talk,64,10,VOTE Agent[15]
1,talk,65,14,Over
1,talk,66,1,VOTE Agent[04]
1,talk,67,15,VOTE Agent[13]
1,talk,68,6,VOTE Agent[02]
1,talk,69,11,Over
1,talk,70,4,VOTE Agent[07]
1,talk,71,5,Skip
1,talk,72,12,Over
1,talk,73,7,Over
1,talk,74,13,Over
1,whisper,120,10,Skip
1,whisper,121,7,Over
1,whisper,122,3,Over
1,whisper,123,10,Skip
1,whisper,124,3,Over
1,whisper,125,7,Over
1,whisper,126,10,Skip
1,whisper,127,3,Over
1,whisper,128,7,Over
1,whisper,129,10,Skip
1,whisper,130,3,Over
1,whisper,131,7,Over
1,whisper,132,10,Skip
1,whisper,133,3,Over
1,whisper,134,7,Over
1,whisper,135,10,Skip
1,whisper,136,3,Over
1,whisper,137,7,Over
1,whisper,138,10,Skip
1,whisper,139,3,Over
1,whisper,140,7,Over
1,whisper,141,10,Skip
1,whisper,142,3,Over
1,whisper,143,7,Over
1,whisper,144,10,Skip
1,whisper,145,3,Over
1,whisper,146,7,Over
1,whisper,147,10,Skip
1,whisper,148,3,Over
1,whisper,149,7,Over
1,talk,75,2,ESTIMATE Agent[05] VILLAGER
1,talk,76,1,Over
1,talk,77,6,Over
1,talk,78,3,Skip
1,talk,79,14,Over
1,talk,80,5,ESTIMATE Agent[11] WEREWOLF
1,talk,81,11,Over
1,talk,82,9,VOTE Agent[11]
1,talk,83,10,Over
1,talk,84,4,VOTE Agent[13]
1,talk,85,15,ESTIMATE Agent[09] MEDIUM
1,talk,86,8,VOTE Agent[05]
1,talk,87,7,Over
1,talk,88,12,Over
1,talk,89,13,Over
1,whisper,150,10,Skip
1,whisper,151,3,Over
1,whisper,152,7,Over
1,whisper,153,10,Skip
1,whisper,154,3,Over
1,whisper,155,7,Over
1,whisper,156,10,Skip
1,whisper,157,3,Over
1,whisper,158,7,Over
1,whisper,159,10,Skip
1,whisper,160,3,Over
1,whisper,161,7,Over
1,whisper,162,10,Skip
1,whisper,163,3,Over
1,whisper,164,7,Over
1,whisper,165,10,Skip
1,whisper,166,3,Over
1,whisper,167,7,Over
1,whisper,168,10,Skip
1,whisper,169,3,Over
1,whisper,170,7,Over
1,whisper,171,10,Skip
1,whisper,172,3,Over
1,whisper,173,7,Over
1,whisper,174,10,Skip
1,whisper,175,3,Over
1,whisper,176,7,Over
1,whisper,177,10,Skip
1,whisper,178,3,Over
1,whisper,179,7,Over
1,talk,90,1,Over
1,talk,91,10,Over
1,talk,92,5,ESTIMATE Agent[07] VILLAGER
1,talk,93,15,Over
1,talk,94,6,Over
1,talk,95,4,ESTIMATE Agent[05] VILLAGER
1,talk,96,11,Over
1,talk,97,8,VOTE Agent[13]
1,talk,98,9,INQUESTED Agent[11] WEREWOLF
1,talk,99,14,Over
1,talk,100,3,VOTE Agent[13]
1,talk,101,2,VOTE Agent[13]
1,talk,102,7,Over
1,talk,103,12,Over
1,talk,104,13,Over
1,whisper,180,3,Over
1,whisper,181,10,Skip
1,whisper,182,7,Over
1,whisper,183,3,Over
1,whisper,184,10,Skip
1,whisper,185,7,Over
1,whisper,186,10,Skip
1,whisper,187,3,Over
1,whisper,188,7,Over
1,whisper,189,10,Skip
1,whisper,190,3,Over
1,whisper,191,7,Over
1,whisper,192,10,Skip
1,whisper,193,3,Over
1,whisper,194,7,Over
1,whisper,195,10,Skip
1,whisper,196,3,Over
1,whisper,197,7,Over
1,whisper,198,10,Skip
1,whisper,199,3,Over
1,whisper,200,7,Over
1,whisper,201,10,Skip
1,whisper,202,3,Over
1,whisper,203,7,Over
1,whisper,204,10,Skip
1,whisper,205,3,Over
1,whisper,206,7,Over
1,whisper,207,10,Skip
1,whisper,208,3,Over
1,whisper,209,7,Over
1,talk,105,5,ESTIMATE Agent[06] VILLAGER
1,talk,106,10,Over
1,talk,107,9,VOTE Agent[15]
1,talk,108,6,Over
1,talk,109,3,Skip
1,talk,110,11,Over
1,talk,111,8,VOTE Agent[05]
1,talk,112,4,Over
1,talk,113,2,Skip
1,talk,114,1,VOTE Agent[14]
1,talk,115,15,Over
1,talk,116,14,Over
1,talk,117,7,Over
1,talk,118,12,Over
1,talk,119,13,Over
1,whisper,210,10,Skip
1,whisper,211,3,Over
1,whisper,212,7,Over
1,whisper,213,10,Skip
1,whisper,214,3,Over
1,whisper,215,7,Over
1,whisper,216,10,Skip
1,whisper,217,3,Over
1,whisper,218,7,Over
1,whisper,219,10,Skip
1,whisper,220,3,Over
1,whisper,221,7,Over
1,whisper,222,10,Skip
1,whisper,223,3,Over
1,whisper,224,7,Over
1,whisper,225,10,Skip
1,whisper,226,3,Over
1,whisper,227,7,Over
1,whisper,228,10,Skip
1,whisper,229,3,Over
1,whisper,230,7,Over
1,whisper,231,10,Skip
1,whisper,232,3,Over
1,whisper,233,7,Over
1,whisper,234,10,Skip
1,whisper,235,3,Over
1,whisper,236,7,Over
1,whisper,237,10,Skip
1,whisper,238,3,Over
1,whisper,239,7,Over
1,talk,120,2,Skip
1,talk,121,6,Over
1,talk,122,5,ESTIMATE Agent[06] WEREWOLF
1,talk,123,4,Over
1,talk,124,9,VOTE Agent[15]
1,talk,125,11,Over
1,talk,126,3,Skip
1,talk,127,8,VOTE Agent[12]
1,talk,128,1,Over
1,talk,129,10,Over
1,talk,130,7,Over
1,talk,131,12,Over
1,talk,132,13,Over
1,talk,133,14,Over
1,talk,134,15,Over
1,whisper,240,3,Over
1,whisper,241,10,Skip
1,whisper,242,7,Over
1,whisper,243,10,Skip
1,whisper,244,3,Over
1,whisper,245,7,Over
1,whisper,246,10,Skip
1,whisper,247,3,Over
1,whisper,248,7,Over
1,whisper,249,10,Skip
1,whisper,250,3,Over
1,whisper,251,7,Over
1,whisper,252,10,Skip
1,whisper,253,3,Over
1,whisper,254,7,Over
1,whisper,255,10,Skip
1,whisper,256,3,Over
1,whisper,257,7,Over
1,whisper,258,10,Skip
1,whisper,259,3,Over
1,whisper,260,7,Over
1,whisper,261,10,Skip
1,whisper,262,3,Over
1,whisper,263,7,Over
1,whisper,264,10,Skip
1,whisper,265,3,Over
1,whisper,266,7,Over
1,whisper,267,10,Skip
1,whisper,268,3,Over
1,whisper,269,7,Over
1,talk,135,3,Skip
1,talk,136,9,INQUESTED Agent[04] WEREWOLF
1,talk,137,5,ESTIMATE Agent[03] WEREWOLF
1,talk,138,8,VOTE Agent[09]
1,talk,139,6,Over
1,talk,140,4,VOTE Agent[10]
1,talk,141,2,Skip
1,talk,142,11,Over
1,talk,143,1,VOTE Agent[14]
1,talk,144,7,Over
1,talk,145,10,Over
1,talk,146,12,Over
1,talk,147,13,Over
1,talk,148,14,Over
1,talk,149,15,Over
1,whisper,270,7,Over
1,whisper,271,10,Skip
1,whisper,272,3,Over
1,whisper,273,7,Over
1,whisper,274,10,Skip
1,whisper,275,3,Over
1,whisper,276,7,Over
1,whisper,277,10,Skip
1,whisper,278,3,Over
1,whisper,279,7,Over
1,whisper,280,10,Skip
1,whisper,281,3,Over
1,whisper,282,10,Skip
1,whisper,283,7,Over
1,whisper,284,3,Over
1,whisper,285,10,Skip
1,whisper,286,3,Over
1,whisper,287,7,Over
1,whisper,288,10,Skip
1,whisper,289,3,Over
1,whisper,290,7,Over
1,whisper,291,10,Skip
1,whisper,292,3,Over
1,whisper,293,7,Over
1,whisper,294,10,Skip
1,whisper,295,3,Over
1,whisper,296,7,Over
1,whisper,297,10,Skip
1,whisper,298,3,Over
1,whisper,299,7,Over
1,vote,1,14
1,vote,2,13
1,vote,3,13
1,vote,4,6
1,vote,5,2
1,vote,6,2
1,vote,7,1
1,vote,8,9
1,vote,9,15
1,vote,10,15
1,vote,11,9
1,vote,12,14
1,vote,13,2
1,vote,14,3
1,vote,15,13
1,divine,4,5,HUMAN
1,guard,6,1,VILLAGER
1,attackVote,3,5
1,attackVote,7,12
1,attackVote,10,11
1,execute,13,VILLAGER
1,attack,5,true
2,status,1,VILLAGER,ALIVE,cash
2,status,2,VILLAGER,ALIVE,kSugar
2,status,3,WEREWOLF,ALIVE,haretaro
2,status,4,SEER,ALIVE,Kanolab
2,status,5,VILLAGER,DEAD,wasabi
2,status,6,BODYGUARD,ALIVE,TOT
2,status,7,WEREWOLF,ALIVE,nakamura
2,status,8,VILLAGER,ALIVE,iace10442
2,status,9,VILLAGER,ALIVE,tkAI
2,status,10,WEREWOLF,ALIVE,NLwolf
2,status,11,VILLAGER,ALIVE,carlo
2,status,12,MEDIUM,ALIVE,twn480
2,status,13,VILLAGER,DEAD,KajiGod
2,status,14,POSSESSED,ALIVE,howls
2,status,15,VILLAGER,ALIVE,Udon
2,talk,0,2,VOTE Agent[12]
2,talk,1,15,VOTE Agent[12]
2,talk,2,9,INQUESTED Agent[13] WEREWOLF
2,talk,3,4,COMINGOUT Agent[04] SEER
2,talk,4,6,VOTE Agent[02]
2,talk,5,1,Skip
2,talk,6,7,VOTE Agent[01]
2,talk,7,3,VOTE Agent[07]
2,talk,8,12,Over
2,talk,9,8,ESTIMATE Agent[04] SEER
2,talk,10,11,VOTE Agent[09]
2,talk,11,14,DIVINED Agent[07] HUMAN
2,talk,12,10,DIVINED Agent[03] HUMAN
2,whisper,0,10,Skip
2,whisper,1,7,Over
2,whisper,2,3,Over
2,whisper,3,10,Skip
2,whisper,4,3,Over
2,whisper,5,7,Over
2,whisper,6,10,Skip
2,whisper,7,3,Over
2,whisper,8,7,Over
2,whisper,9,10,Skip
2,whisper,10,3,Over
2,whisper,11,7,Over
2,whisper,12,10,Skip
2,whisper,13,3,Over
2,whisper,14,7,Over
2,whisper,15,10,Skip
2,whisper,16,3,Over
2,whisper,17,7,Over
2,whisper,18,10,Skip
2,whisper,19,3,Over
2,whisper,20,7,Over
2,whisper,21,10,Skip
2,whisper,22,3,Over
2,whisper,23,7,Over
2,whisper,24,10,Skip
2,whisper,25,3,Over
2,whisper,26,7,Over
2,whisper,27,10,Skip
2,whisper,28,3,Over
2,whisper,29,7,Over
2,talk,13,7,Over
2,talk,14,4,DIVINED Agent[01] HUMAN
2,talk,15,6,Over
2,talk,16,1,Skip
2,talk,17,2,VOTE Agent[12]
2,talk,18,11,Over
2,talk,19,15,ESTIMATE Agent[02] WEREWOLF
2,talk,20,3,Skip
2,talk,21,8,Skip
2,talk,22,9,INQUESTED Agent[11] WEREWOLF
2,talk,23,14,Over
2,talk,24,10,Skip
2,talk,25,12,Over
2,whisper,30,7,Over
2,whisper,31,10,Skip
2,whisper,32,3,Over
2,whisper,33,10,Skip
2,whisper,34,7,Over
2,whisper,35,3,Over
2,whisper,36,10,Skip
2,whisper,37,3,Over
2,whisper,38,7,Over
2,whisper,39,10,Skip
2,whisper,40,3,Over
2,whisper,41,7,Over
2,whisper,42,10,Skip
2,whisper,43,3,Over
2,whisper,44,7,Over
2,whisper,45,10,Skip
2,whisper,46,3,Over
2,whisper,47,7,Over
2,whisper,48,10,Skip
2,whisper,49,3,Over
2,whisper,50,7,Over
2,whisper,51,10,Skip
2,whisper,52,3,Over
2,whisper,53,7,Over
2,whisper,54,10,Skip
2,whisper,55,3,Over
2,whisper,56,7,Over
2,whisper,57,10,Skip
2,whisper,58,3,Over
2,whisper,59,7,Over
2,talk,26,14,Over
2,talk,27,6,Over
2,talk,28,2,ESTIMATE Agent[03] VILLAGER
2,talk,29,8,Skip
2,talk,30,1,VOTE Agent[10]
2,talk,31,15,ESTIMATE Agent[10] WEREWOLF
2,talk,32,9,VOTE Agent[11]
2,talk,33,10,Skip
2,talk,34,4,DIVINED Agent[05] HUMAN
2,talk,35,7,Over
2,talk,36,3,Skip
2,talk,37,11,Over
2,talk,38,12,Over
2,whisper,60,7,Over
2,whisper,61,10,Skip
2,whisper,62,3,Over
2,whisper,63,7,Over
2,whisper,64,10,Skip
2,whisper,65,3,Over
2,whisper,66,10,Skip
2,whisper,67,7,Over
2,whisper,68,3,Over
2,whisper,69,10,Skip
2,whisper,70,3,Over
2,whisper,71,7,Over
2,whisper,72,10,Skip
2,whisper,73,3,Over
2,whisper,74,7,Over
2,whisper,75,10,Skip
2,whisper,76,3,Over
2,whisper,77,7,Over
2,whisper,78,10,Skip
2,whisper,79,3,Over
2,whisper,80,7,Over
2,whisper,81,10,Skip
2,whisper,82,3,Over
2,whisper,83,7,Over
2,whisper,84,10,Skip
2,whisper,85,3,Over
2,whisper,86,7,Over
2,whisper,87,10,Skip
2,whisper,88,3,Over
2,whisper,89,7,Over
2,talk,39,2,ESTIMATE Agent[04] SEER
2,talk,40,15,ESTIMATE Agent[13] WEREWOLF
2,talk,41,14,Over
2,talk,42,4,VOTE Agent[02]
2,talk,43,8,VOTE Agent[07]
2,talk,44,3,Skip
2,talk,45,6,ESTIMATE Agent[04] SEER
2,talk,46,7,Over
2,talk,47,9,VOTE Agent[04]
2,talk,48,10,Skip
2,talk,49,1,VOTE Agent[10]
2,talk,50,11,Over
2,talk,51,12,Over
2,whisper,90,10,Skip
2,whisper,91,7,Over
2,whisper,92,3,Over
2,whisper,93,10,Skip
2,whisper,94,3,Over
2,whisper,95,7,Over
2,whisper,96,10,Skip
2,whisper,97,3,Over
2,whisper,98,7,Over
2,whisper,99,10,Skip
2,whisper,100,3,Over
2,whisper,101,7,Over
2,whisper,102,10,Skip
2,whisper,103,3,Over
2,whisper,104,7,Over
2,whisper,105,10,Skip
2,whisper,106,3,Over
2,whisper,107,7,Over
2,whisper,108,10,Skip
2,whisper,109,3,Over
2,whisper,110,7,Over
2,whisper,111,10,Skip
2,whisper,112,3,Over
2,whisper,113,7,Over
2,whisper,114,10,Skip
2,whisper,115,3,Over
2,whisper,116,7,Over
2,whisper,117,10,Skip
2,whisper,118,3,Over
2,whisper,119,7,Over
2,talk,52,8,VOTE Agent[15]
2,talk,53,14,Over
2,talk,54,7,Over
2,talk,55,1,Over
2,talk,56,3,Skip
2,talk,57,4,ESTIMATE Agent[04] SEER
2,talk,58,9,INQUESTED Agent[13] WEREWOLF
2,talk,59,6,Over
2,talk,60,2,ESTIMATE Agent[04] SEER
2,talk,61,15,ESTIMATE Agent[03] VILLAGER
2,talk,62,10,VOTE Agent[15]
2,talk,63,11,Over
2,talk,64,12,Over
2,whisper,120,7,Over
2,whisper,121,10,Skip
2,whisper,122,3,Over
2,whisper,123,10,Skip
2,whisper,124,7,Over
2,whisper,125,3,Over
2,whisper,126,10,Skip
2,whisper,127,3,Over
2,whisper,128,7,Over
2,whisper,129,10,Skip
2,whisper,130,3,Over
2,whisper,131,7,Over
2,whisper,132,10,Skip
2,whisper,133,3,Over
2,whisper,134,7,Over
2,whisper,135,10,Skip
2,whisper,136,3,Over
2,whisper,137,7,Over
2,whisper,138,10,Skip
2,whisper,139,3,Over
2,whisper,140,7,Over
2,whisper,141,10,Skip
2,whisper,142,3,Over
2,whisper,143,7,Over
2,whisper,144,10,Skip
2,whisper,145,3,Over
2,whisper,146,7,Over
2,whisper,147,10,Skip
2,whisper,148,3,Over
2,whisper,149,7,Over
2,talk,65,8,VOTE Agent[01]
2,talk,66,3,Skip
2,talk,67,10,Over
2,talk,68,9,INQUESTED Agent[15] WEREWOLF
2,talk,69,4,VOTE Agent[01]
2,talk,70,7,Over
2,talk,71,2,ESTIMATE Agent[03] VILLAGER
2,talk,72,1,VOTE Agent[10]
2,talk,73,6,Over
2,talk,74,14,Over
2,talk,75,15,Over
2,talk,76,11,Over
2,talk,77,12,Over
2,whisper,150,7,Over
2,whisper,151,3,Over
2,whisper,152,10,Skip
2,whisper,153,7,Over
2,whisper,154,3,Over
2,whisper,155,10,Skip
2,whisper,156,10,Skip
2,whisper,157,7,Over
2,whisper,158,3,Over
2,whisper,159,10,Skip
2,whisper,160,3,Over
2,whisper,161,7,Over
2,whisper,162,10,Skip
2,whisper,163,3,Over
2,whisper,164,7,Over
2,whisper,165,10,Skip
2,whisper,166,3,Over
2,whisper,167,7,Over
2,whisper,168,10,Skip
2,whisper,169,3,Over
2,whisper,170,7,Over
2,whisper,171,10,Skip
2,whisper,172,3,Over
2,whisper,173,7,Over
2,whisper,174,10,Skip
2,whisper,175,3,Over
2,whisper,176,7,Over
2,whisper,177,10,Skip
2,whisper,178,3,Over
2,whisper,179,7,Over
2,talk,78,7,Over
2,talk,79,10,Over
2,talk,80,4,VOTE Agent[11]
2,talk,81,1,Over
2,talk,82,3,VOTE Agent[01]
2,talk,83,9,VOTE Agent[04]
2,talk,84,2,VOTE Agent[01]
2,talk,85,8,VOTE Agent[06]
2,talk,86,6,Over
2,talk,87,11,Over
2,talk,88,12,Over
2,talk,89,14,Over
2,talk,90,15,Over
2,whisper,180,10,Skip
2,whisper,181,3,Over
2,whisper,182,7,Over
2,whisper,183,10,Skip
2,whisper,184,3,Over
2,whisper,185,7,Over
2,whisper,186,10,Skip
2,whisper,187,3,Over
2,whisper,188,7,Over
2,whisper,189,10,Skip
2,whisper,190,3,Over
2,whisper,191,7,Over
2,whisper,192,10,Skip
2,whisper,193,3,Over
2,whisper,194,7,Over
2,whisper,195,10,Skip
2,whisper,196,3,Over
2,whisper,197,7,Over
2,whisper,198,10,Skip
2,whisper,199,3,Over
2,whisper,200,7,Over
2,whisper,201,10,Skip
2,whisper,202,3,Over
2,whisper,203,7,Over
2,whisper,204,10,Skip
2,whisper,205,3,Over
2,whisper,206,7,Over
2,whisper,207,10,Skip
2,whisper,208,3,Over
2,whisper,209,7,Over
2,talk,91,3,Skip
2,talk,92,9,INQUESTED Agent[11] WEREWOLF
2,talk,93,8,Over
2,talk,94,2,Skip
2,talk,95,4,VOTE Agent[04]
2,talk,96,1,VOTE Agent[10]
2,talk,97,10,Over
2,talk,98,7,Over
2,talk,99,6,Over
2,talk,100,11,Over
2,talk,101,12,Over
2,talk,102,14,Over
2,talk,103,15,Over
2,whisper,210,7,Over
2,whisper,211,3,Over
2,whisper,212,10,Skip
2,whisper,213,3,Over
2,whisper,214,7,Over
2,whisper,215,10,Skip
2,whisper,216,7,Over
2,whisper,217,3,Over
2,whisper,218,10,Skip
2,whisper,219,7,Over
2,whisper,220,3,Over
2,whisper,221,10,Skip
2,whisper,222,3,Over
2,whisper,223,10,Skip
2,whisper,224,7,Over
2,whisper,225,10,Skip
2,whisper,226,3,Over
2,whisper,227,7,Over
2,whisper,228,10,Skip
2,whisper,229,3,Over
2,whisper,230,7,Over
2,whisper,231,10,Skip
2,whisper,232,3,Over
2,whisper,233,7,Over
2,whisper,234,10,Skip
2,whisper,235,3,Over
2,whisper,236,7,Over
2,whisper,237,10,Skip
2,whisper,238,3,Over
2,whisper,239,7,Over
2,talk,104,2,Skip
2,talk,105,9,INQUESTED Agent[15] WEREWOLF
2,talk,106,1,VOTE Agent[10]
2,talk,107,8,VOTE Agent[15]
2,talk,108,3,Skip
2,talk,109,4,VOTE Agent[06]
2,talk,110,6,Over
2,talk,111,7,Over
2,talk,112,10,Over
2,talk,113,11,Over
2,talk,114,12,Over
2,talk,115,14,Over
2,talk,116,15,Over
2,whisper,240,7,Over
2,whisper,241,10,Skip
2,whisper,242,3,Over
2,whisper,243,10,Skip
2,whisper,244,7,Over
2,whisper,245,3,Over
2,whisper,246,10,Skip
2,whisper,247,3,Over
2,whisper,248,7,Over
2,whisper,249,10,Skip
2,whisper,250,3,Over
2,whisper,251,7,Over
2,whisper,252,10,Skip
2,whisper,253,3,Over
2,whisper,254,7,Over
2,whisper,255,10,Skip
2,whisper,256,3,Over
2,whisper,257,7,Over
2,whisper,258,10,Skip
2,whisper,259,3,Over
2,whisper,260,7,Over
2,whisper,261,10,Skip
2,whisper,262,3,Over
2,whisper,263,7,Over
2,whisper,264,10,Skip
2,whisper,265,3,Over
2,whisper,266,7,Over
2,whisper,267,10,Skip
2,whisper,268,3,Over
2,whisper,269,7,Over
2,talk,117,3,Skip
2,talk,118,9,VOTE Agent[13]
2,talk,119,1,Over
2,talk,120,8,VOTE Agent[06]
2,talk,121,4,VOTE Agent[10]
2,talk,122,2,Skip
2,talk,123,6,Over
2,talk,124,7,Over
2,talk,125,10,Over
2,talk,126,11,Over
2,talk,127,12,Over
2,talk,128,14,Over
2,talk,129,15,Over
2,whisper,270,10,Skip
2,whisper,271,3,Over
2,whisper,272,7,Over
2,whisper,273,10,Skip
2,whisper,274,3,Over
2,whisper,275,7,Over
2,whisper,276,10,Skip
2,whisper,277,3,Over
2,whisper,278,7,Over
2,whisper,279,10,Skip
2,whisper,280,3,Over
2,whisper,281,7,Over
2,whisper,282,10,Skip
2,whisper,283,3,Over
2,whisper,284,7,Over
2,whisper,285,10,Skip
2,whisper,286,3,Over
2,whisper,287,7,Over
2,whisper,288,10,Skip
2,whisper,289,3,Over
2,whisper,290,7,Over
2,whisper,291,10,Skip
2,whisper,292,3,Over
2,whisper,293,7,Over
2,whisper,294,10,Skip
2,whisper,295,3,Over
2,whisper,296,7,Over
2,whisper,297,10,Skip
2,whisper,298,3,Over
2,whisper,299,7,Over
2,vote,1,10
2,vote,2,1
2,vote,3,1
2,vote,4,8
2,vote,6,2
2,vote,7,1
2,vote,8,6
2,vote,9,15
2,vote,10,15
2,vote,11,9
2,vote,12,15
2,vote,14,4
2,vote,15,12
2,divine,4,9,HUMAN
2,guard,6,4,SEER
2,attackVote,3,4
2,attackVote,7,12
2,execute,1,VILLAGER
2,attack,12,true
3,status,1,VILLAGER,DEAD,cash
3,status,2,VILLAGER,ALIVE,kSugar
3,status,3,WEREWOLF,ALIVE,haretaro
3,status,4,SEER,ALIVE,Kanolab
3,status,5,VILLAGER,DEAD,wasabi
3,status,6,BODYGUARD,ALIVE,TOT
3,status,7,WEREWOLF,ALIVE,nakamura
3,status,8,VILLAGER,ALIVE,iace10442
3,status,9,VILLAGER,ALIVE,tkAI
3,status,10,WEREWOLF,ALIVE,NLwolf
3,status,11,VILLAGER,ALIVE,carlo
3,status,12,MEDIUM,DEAD,twn480
3,status,13,VILLAGER,DEAD,KajiGod
3,status,14,POSSESSED,ALIVE,howls
3,status,15,VILLAGER,ALIVE,Udon
3,talk,0,9,VOTE Agent[04]
3,talk,1,2,VOTE Agent[07]
3,talk,2,11,VOTE Agent[09]
3,talk,3,3,Skip
3,talk,4,14,DIVINED Agent[03] HUMAN
3,talk,5,8,ESTIMATE Agent[06] VILLAGER
3,talk,6,4,DIVINED Agent[09] HUMAN
3,talk,7,10,DIVINED Agent[03] HUMAN
3,talk,8,15,VOTE Agent[07]
3,talk,9,6,VOTE Agent[02]
3,talk,10,7,VOTE Agent[02]
3,whisper,0,7,ATTACK Agent[02]
3,whisper,1,10,Skip
3,whisper,2,3,Over
3,whisper,3,7,Over
3,whisper,4,10,Skip
3,whisper,5,3,Over
3,whisper,6,7,Over
3,whisper,7,10,Skip
3,whisper,8,3,Over
3,whisper,9,10,Skip
3,whisper,10,7,Over
3,whisper,11,3,Over
3,whisper,12,10,Skip
3,whisper,13,3,Over
3,whisper,14,7,Over
3,whisper,15,10,Skip
3,whisper,16,3,Over
3,whisper,17,7,Over
3,whisper,18,10,Skip
3,whisper,19,3,Over
3,whisper,20,7,Over
3,whisper,21,10,Skip
3,whisper,22,3,Over
3,whisper,23,7,Over
3,whisper,24,10,Skip
3,whisper,25,3,Over
3,whisper,26,7,Over
3,whisper,27,10,Skip
3,whisper,28,3,Over
3,whisper,29,7,Over
3,talk,11,10,Skip
3,talk,12,15,ESTIMATE Agent[02] WEREWOLF
3,talk,13,3,Skip
3,talk,14,9,VOTE Agent[04]
3,talk,15,7,Over
3,talk,16,2,VOTE Agent[07]
3,talk,17,14,Over
3,talk,18,4,VOTE Agent[15]
3,talk,19,6,Over
3,talk,20,11,Over
3,talk,21,8,Skip
3,whisper,30,3,Over
3,whisper,31,10,Skip
3,whisper,32,7,Over
3,whisper,33,10,Skip
3,whisper,34,3,Over
3,whisper,35,7,Over
3,whisper,36,10,Skip
3,whisper,37,3,Over
3,whisper,38,7,Over
3,whisper,39,10,Skip
3,whisper,40,3,Over
3,whisper,41,7,Over
3,whisper,42,10,Skip
3,whisper,43,3,Over
3,whisper,44,7,Over
3,whisper,45,10,Skip
3,whisper,46,3,Over
3,whisper,47,7,Over
3,whisper,48,10,Skip
3,whisper,49,3,Over
3,whisper,50,7,Over
3,whisper,51,10,Skip
3,whisper,52,3,Over
3,whisper,53,7,Over
3,whisper,54,10,Skip
3,whisper,55,3,Over
3,whisper,56,7,Over
3,whisper,57,10,Skip
3,whisper,58,3,Over
3,whisper,59,7,Over
3,talk,22,3,Skip
3,talk,23,2,ESTIMATE Agent[06] VILLAGER
3,talk,24,10,Skip
3,talk,25,11,Over
3,talk,26,4,VOTE Agent[07]
3,talk,27,15,ESTIMATE Agent[09] WEREWOLF
3,talk,28,8,ESTIMATE Agent[11] VILLAGER
3,talk,29,9,INQUESTED Agent[15] WEREWOLF
3,talk,30,14,Over
3,talk,31,6,Over
3,talk,32,7,Over
3,whisper,60,7,Over
3,whisper,61,10,Skip
3,whisper,62,3,Over
3,whisper,63,10,Skip
3,whisper,64,7,Over
3,whisper,65,3,Over
3,whisper,66,10,Skip
3,whisper,67,3,Over
3,whisper,68,7,Over
3,whisper,69,10,Skip
3,whisper,70,3,Over
3,whisper,71,7,Over
3,whisper,72,10,Skip
3,whisper,73,3,Over
3,whisper,74,7,Over
3,whisper,75,10,Skip
3,whisper,76,3,Over
3,whisper,77,7,Over
3,whisper,78,10,Skip
3,whisper,79,3,Over
3,whisper,80,7,Over
3,whisper,81,10,Skip
3,whisper,82,3,Over
3,whisper,83,7,Over
3,whisper,84,10,Skip
3,whisper,85,3,Over
3,whisper,86,7,Over
3,whisper,87,10,Skip
3,whisper,88,3,Over
3,whisper,89,7,Over
3,talk,33,8,VOTE Agent[04]
3,talk,34,4,VOTE Agent[06]
3,talk,35,11,ESTIMATE Agent[10] SEER
3,talk,36,10,Skip
3,talk,37,15,ESTIMATE Agent[10] WEREWOLF
3,talk,38,9,VOTE Agent[15]
3,talk,39,2,ESTIMATE Agent[07] VILLAGER
3,talk,40,3,Skip
3,talk,41,6,Over
3,talk,42,7,Over
3,talk,43,14,Over
3,whisper,90,7,Over
3,whisper,91,3,Over
3,whisper,92,10,Skip
3,whisper,93,10,Skip
3,whisper,94,7,Over
3,whisper,95,3,Over
3,whisper,96,10,Skip
3,whisper,97,3,Over
3,whisper,98,7,Over
3,whisper,99,10,Skip
3,whisper,100,3,Over
3,whisper,101,7,Over
3,whisper,102,10,Skip
3,whisper,103,3,Over
3,whisper,104,7,Over
3,whisper,105,10,Skip
3,whisper,106,3,Over
3,whisper,107,7,Over
3,whisper,108,10,Skip
3,whisper,109,3,Over
3,whisper,110,7,Over
3,whisper,111,10,Skip
3,whisper,112,3,Over
3,whisper,113,7,Over
3,whisper,114,10,Skip
3,whisper,115,3,Over
3,whisper,116,7,Over
3,whisper,117,10,Skip
3,whisper,118,3,Over
3,whisper,119,7,Over
3,talk,44,8,VOTE Agent[10]
3,talk,45,3,Skip
3,talk,46,15,ESTIMATE Agent[03] VILLAGER
3,talk,47,4,ESTIMATE Agent[04] SEER
3,talk,48,11,Over
3,talk,49,2,ESTIMATE Agent[03] VILLAGER
3,talk,50,10,VOTE Agent[15]
3,talk,51,9,INQUESTED Agent[04] WEREWOLF
3,talk,52,6,Over
3,talk,53,7,Over
3,talk,54,14,Over
3,whisper,120,10,Skip
3,whisper,121,3,Over
3,whisper,122,7,Over
3,whisper,123,10,Skip
3,whisper,124,3,Over
3,whisper,125,7,Over
3,whisper,126,10,Skip
3,whisper,127,3,Over
3,whisper,128,7,Over
3,whisper,129,10,Skip
3,whisper,130,3,Over
3,whisper,131,7,Over
3,whisper,132,10,Skip
3,whisper,133,3,Over
3,whisper,134,7,Over
3,whisper,135,10,Skip
3,whisper,136,3,Over
3,whisper,137,7,Over
3,whisper,138,10,Skip
3,whisper,139,3,Over
3,whisper,140,7,Over
3,whisper,141,10,Skip
3,whisper,142,3,Over
3,whisper,143,7,Over
3,whisper,144,10,Skip
3,whisper,145,3,Over
3,whisper,146,7,Over
3,whisper,147,10,Skip
3,whisper,148,3,Over
3,whisper,149,7,Over
3,talk,55,3,Skip
3,talk,56,2,ESTIMATE Agent[04] SEER
3,talk,57,9,INQUESTED Agent[13] WEREWOLF
3,talk,58,4,VOTE Agent[04]
3,talk,59,8,VOTE Agent[07]
3,talk,60,10,Over
3,talk,61,11,Over
3,talk,62,15,Over
3,talk,63,6,Over
3,talk,64,7,Over
3,talk,65,14,Over
3,whisper,150,3,Over
3,whisper,151,10,Skip
3,whisper,152,7,Over
3,whisper,153,3,Over
3,whisper,154,10,Skip
3,whisper,155,7,Over
3,whisper,156,10,Skip
3,whisper,157,3,Over
3,whisper,158,7,Over
3,whisper,159,10,Skip
3,whisper,160,3,Over
3,whisper,161,7,Over
3,whisper,162,10,Skip
3,whisper,163,3,Over
3,whisper,164,7,Over
3,whisper,165,10,Skip
3,whisper,166,3,Over
3,whisper,167,7,Over
3,whisper,168,10,Skip
3,whisper,169,3,Over
3,whisper,170,7,Over
3,whisper,171,10,Skip
3,whisper,172,3,Over
3,whisper,173,7,Over
3,whisper,174,10,Skip
3,whisper,175,3,Over
3,whisper,176,7,Over
3,whisper,177,10,Skip
3,whisper,178,3,Over
3,whisper,179,7,Over
3,talk,66,9,VOTE Agent[15]
3,talk,67,3,Skip
3,talk,68,2,Skip
3,talk,69,8,VOTE Agent[11]
3,talk,70,4,VOTE Agent[03]
3,talk,71,6,Over
3,talk,72,7,Over
3,talk,73,10,Over
3,talk,74,11,Over
3,talk,75,14,Over
3,talk,76,15,Over
3,whisper,180,3,Over
3,whisper,181,7,Over
3,whisper,182,10,Skip
3,whisper,183,10,Skip
3,whisper,184,3,Over
3,whisper,185,7,Over
3,whisper,186,10,Skip
3,whisper,187,3,Over
3,whisper,188,7,Over
3,whisper,189,10,Skip
3,whisper,190,3,Over
3,whisper,191,7,Over
3,whisper,192,10,Skip
3,whisper,193,3,Over
3,whisper,194,7,Over
3,whisper,195,10,Skip
3,whisper,196,3,Over
3,whisper,197,7,Over
3,whisper,198,10,Skip
3,whisper,199,3,Over
3,whisper,200,7,Over
3,whisper,201,10,Skip
3,whisper,202,3,Over
3,whisper,203,7,Over
3,whisper,204,10,Skip
3,whisper,205,3,Over
3,whisper,206,7,Over
3,whisper,207,10,Skip
3,whisper,208,3,Over
3,whisper,209,7,Over
3,talk,77,8,VOTE Agent[10]
3,talk,78,3,Skip
3,talk,79,4,VOTE Agent[11]
3,talk,80,2,VOTE Agent[15]
3,talk,81,9,INQUESTED Agent[11] WEREWOLF
3,talk,82,6,Over
3,talk,83,7,Over
3,talk,84,10,Over
3,talk,85,11,Over
3,talk,86,14,Over
3,talk,87,15,Over
3,whisper,210,10,Skip
3,whisper,211,7,Over
3,whisper,212,3,Over
3,whisper,213,10,Skip
3,whisper,214,3,Over
3,whisper,215,7,Over
3,whisper,216,10,Skip
3,whisper,217,3,Over
3,whisper,218,7,Over
3,whisper,219,10,Skip
3,whisper,220,3,Over
3,whisper,221,7,Over
3,whisper,222,10,Skip
3,whisper,223,3,Over
3,whisper,224,7,Over
3,whisper,225,10,Skip
3,whisper,226,3,Over
3,whisper,227,7,Over
3,whisper,228,10,Skip
3,whisper,229,3,Over
3,whisper,230,7,Over
3,whisper,231,10,Skip
3,whisper,232,3,Over
3,whisper,233,7,Over
3,whisper,234,10,Skip
3,whisper,235,3,Over
3,whisper,236,7,Over
3,whisper,237,10,Skip
3,whisper,238,3,Over
3,whisper,239,7,Over
3,talk,88,2,Skip
3,talk,89,3,VOTE Agent[15]
3,talk,90,8,VOTE Agent[06]
3,talk,91,4,ESTIMATE Agent[07] VILLAGER
3,talk,92,9,VOTE Agent[04]
3,talk,93,6,Over
3,talk,94,7,Over
3,talk,95,10,Over
3,talk,96,11,Over
3,talk,97,14,Over
3,talk,98,15,Over
3,whisper,240,3,Over
3,whisper,241,7,Over
3,whisper,242,10,Skip
3,whisper,243,3,Over
3,whisper,244,7,Over
3,whisper,245,10,Skip
3,whisper,246,10,Skip
3,whisper,247,3,Over
3,whisper,248,7,Over
3,whisper,249,10,Skip
3,whisper,250,3,Over
3,whisper,251,7,Over
3,whisper,252,10,Skip
3,whisper,253,3,Over
3,whisper,254,7,Over
3,whisper,255,10,Skip
3,whisper,256,3,Over
3,whisper,257,7,Over
3,whisper,258,10,Skip
3,whisper,259,3,Over
3,whisper,260,7,Over
3,whisper,261,10,Skip
3,whisper,262,3,Over
3,whisper,263,7,Over
3,whisper,264,10,Skip
3,whisper,265,3,Over
3,whisper,266,7,Over
3,whisper,267,10,Skip
3,whisper,268,3,Over
3,whisper,269,7,Over
3,talk,99,3,Skip
3,talk,100,9,INQUESTED Agent[13] WEREWOLF
3,talk,101,8,VOTE Agent[11]
3,talk,102,2,Skip
3,talk,103,4,VOTE Agent[14]
3,talk,104,6,Over
3,talk,105,7,Over
3,talk,106,10,Over
3,talk,107,11,Over
3,talk,108,14,Over
3,talk,109,15,Over
3,whisper,270,3,Over
3,whisper,271,7,Over
3,whisper,272,10,Skip
3,whisper,273,10,Skip
3,whisper,274,7,Over
3,whisper,275,3,Over
3,whisper,276,10,Skip
3,whisper,277,3,Over
3,whisper,278,7,Over
3,whisper,279,10,Skip
3,whisper,280,3,Over
3,whisper,281,7,Over
3,whisper,282,10,Skip
3,whisper,283,3,Over
3,whisper,284,7,Over
3,whisper,285,10,Skip
3,whisper,286,3,Over
3,whisper,287,7,Over
3,whisper,288,10,Skip
3,whisper,289,3,Over
3,whisper,290,7,Over
3,whisper,291,10,Skip
3,whisper,292,3,Over
3,whisper,293,7,Over
3,whisper,294,10,Skip
3,whisper,295,3,Over
3,whisper,296,7,Over
3,whisper,297,10,Skip
3,whisper,298,3,Over
3,whisper,299,7,Over
3,vote,2,15
3,vote,3,15
3,vote,4,7
3,vote,6,2
3,vote,7,2
3,vote,8,11
3,vote,9,11
3,vote,10,15
3,vote,11,9
3,vote,14,2
3,vote,15,7
3,divine,4,3,WEREWOLF
3,guard,6,4,SEER
3,attackVote,3,4
3,attackVote,7,2
3,attackVote,10,4
3,execute,2,VILLAGER
3,attack,4,false
4,status,1,VILLAGER,DEAD,cash
4,status,2,VILLAGER,DEAD,kSugar
4,status,3,WEREWOLF,ALIVE,haretaro
4,status,4,SEER,ALIVE,Kanolab
4,status,5,VILLAGER,DEAD,wasabi
4,status,6,BODYGUARD,ALIVE,TOT
4,status,7,WEREWOLF,ALIVE,nakamura
4,status,8,VILLAGER,ALIVE,iace10442
4,status,9,VILLAGER,ALIVE,tkAI
4,status,10,WEREWOLF,ALIVE,NLwolf
4,status,11,VILLAGER,ALIVE,carlo
4,status,12,MEDIUM,DEAD,twn480
4,status,13,VILLAGER,DEAD,KajiGod
4,status,14,POSSESSED,ALIVE,howls
4,status,15,VILLAGER,ALIVE,Udon
4,talk,0,15,VOTE Agent[10]
4,talk,1,11,VOTE Agent[09]
4,talk,2,9,INQUESTED Agent[13] WEREWOLF
4,talk,3,7,VOTE Agent[04]
4,talk,4,4,DIVINED Agent[03] WEREWOLF
4,talk,5,6,VOTE Agent[11]
4,talk,6,8,ESTIMATE Agent[11] VILLAGER
4,talk,7,10,DIVINED Agent[11] HUMAN
4,talk,8,14,DIVINED Agent[11] HUMAN
4,talk,9,3,VOTE Agent[07]
4,whisper,0,7,ATTACK Agent[04]
4,whisper,1,10,Skip
4,whisper,2,3,Over
4,whisper,3,10,Skip
4,whisper,4,7,Over
4,whisper,5,3,Over
4,whisper,6,10,Skip
4,whisper,7,3,Over
4,whisper,8,7,Over
4,whisper,9,10,Skip
4,whisper,10,3,Over
4,whisper,11,7,Over
4,whisper,12,10,Skip
4,whisper,13,3,Over
4,whisper,14,7,Over
4,whisper,15,10,Skip
4,whisper,16,3,Over
4,whisper,17,7,Over
4,whisper,18,10,Skip
4,whisper,19,3,Over
4,whisper,20,7,Over
4,whisper,21,10,Skip
4,whisper,22,3,Over
4,whisper,23,7,Over
4,whisper,24,10,Skip
4,whisper,25,3,Over
4,whisper,26,7,Over
4,whisper,27,10,Skip
4,whisper,28,3,Over
4,whisper,29,7,Over
4,talk,10,7,Over
4,talk,11,9,INQUESTED Agent[15] WEREWOLF
4,talk,12,3,Skip
4,talk,13,11,Over
4,talk,14,4,VOTE Agent[14]
4,talk,15,8,Skip
4,talk,16,15,ESTIMATE Agent[02] WEREWOLF
4,talk,17,10,Skip
4,talk,18,6,Over
4,talk,19,14,Over
4,whisper,30,3,Over
4,whisper,31,7,Over
4,whisper,32,10,Skip
4,whisper,33,3,Over
4,whisper,34,10,Skip
4,whisper,35,7,Over
4,whisper,36,10,Skip
4,whisper,37,3,Over
4,whisper,38,7,Over
4,whisper,39,10,Skip
4,whisper,40,3,Over
4,whisper,41,7,Over
4,whisper,42,10,Skip
4,whisper,43,3,Over
4,whisper,44,7,Over
4,whisper,45,10,Skip
4,whisper,46,3,Over
4,whisper,47,7,Over
4,whisper,48,10,Skip
4,whisper,49,3,Over
4,whisper,50,7,Over
4,whisper,51,10,Skip
4,whisper,52,3,Over
4,whisper,53,7,Over
4,whisper,54,10,Skip
4,whisper,55,3,Over
4,whisper,56,7,Over
4,whisper,57,10,Skip
4,whisper,58,3,Over
4,whisper,59,7,Over
4,talk,20,10,Skip
4,talk,21,9,VOTE Agent[15]
4,talk,22,11,Over
4,talk,23,4,VOTE Agent[06]
4,talk,24,3,Skip
4,talk,25,7,Over
4,talk,26,15,ESTIMATE Agent[09] WEREWOLF
4,talk,27,8,Skip
4,talk,28,6,Over
4,talk,29,14,Over
4,whisper,60,10,Skip
4,whisper,61,3,Over
4,whisper,62,7,Over
4,whisper,63,10,Skip
4,whisper,64,3,Over
4,whisper,65,7,Over
4,whisper,66,10,Skip
4,whisper,67,3,Over
4,whisper,68,7,Over
4,whisper,69,10,Skip
4,whisper,70,3,Over
4,whisper,71,7,Over
4,whisper,72,10,Skip
4,whisper,73,3,Over
4,whisper,74,7,Over
4,whisper,75,10,Skip
4,whisper,76,3,Over
4,whisper,77,7,Over
4,whisper,78,10,Skip
4,whisper,79,3,Over
4,whisper,80,7,Over
4,whisper,81,10,Skip
4,whisper,82,3,Over
4,whisper,83,7,Over
4,whisper,84,10,Skip
4,whisper,85,3,Over
4,whisper,86,7,Over
4,whisper,87,10,Skip
4,whisper,88,3,Over
4,whisper,89,7,Over
4,talk,30,4,VOTE Agent[08]
4,talk,31,15,ESTIMATE Agent[10] WEREWOLF
4,talk,32,8,VOTE Agent[06]
4,talk,33,11,Over
4,talk,34,10,Skip
4,talk,35,7,Over
4,talk,36,3,Skip
4,talk,37,9,VOTE Agent[13]
4,talk,38,6,Over
4,talk,39,14,Over
4,whisper,90,10,Skip
4,whisper,91,7,Over
4,whisper,92,3,Over
4,whisper,93,10,Skip
4,whisper,94,3,Over
4,whisper,95,7,Over
4,whisper,96,10,Skip
4,whisper,97,3,Over
4,whisper,98,7,Over
4,whisper,99,10,Skip
4,whisper,100,3,Over
4,whisper,101,7,Over
4,whisper,102,10,Skip
4,whisper,103,3,Over
4,whisper,104,7,Over
4,whisper,105,10,Skip
4,whisper,106,3,Over
4,whisper,107,7,Over
4,whisper,108,10,Skip
4,whisper,109,3,Over
4,whisper,110,7,Over
4,whisper,111,10,Skip
4,whisper,112,3,Over
4,whisper,113,7,Over
4,whisper,114,10,Skip
4,whisper,115,3,Over
4,whisper,116,7,Over
4,whisper,117,10,Skip
4,whisper,118,3,Over
4,whisper,119,7,Over
4,talk,40,3,Skip
4,talk,41,10,VOTE Agent[15]
4,talk,42,11,Over
4,talk,43,8,VOTE Agent[09]
4,talk,44,4,VOTE Agent[11]
4,talk,45,7,Over
4,talk,46,9,INQUESTED Agent[15] WEREWOLF
4,talk,47,15,ESTIMATE Agent[03] VILLAGER
4,talk,48,6,Over
4,talk,49,14,Over
4,whisper,120,10,Skip
4,whisper,121,7,Over
4,whisper,122,3,Over
4,whisper,123,10,Skip
4,whisper,124,3,Over
4,whisper,125,7,Over
4,whisper,126,10,Skip
4,whisper,127,3,Over
4,whisper,128,7,Over
4,whisper,129,10,Skip
4,whisper,130,3,Over
4,whisper,131,7,Over
4,whisper,132,10,Skip
4,whisper,133,3,Over
4,whisper,134,7,Over
4,whisper,135,10,Skip
4,whisper,136,3,Over
4,whisper,137,7,Over
4,whisper,138,10,Skip
4,whisper,139,3,Over
4,whisper,140,7,Over
4,whisper,141,10,Skip
4,whisper,142,3,Over
4,whisper,143,7,Over
4,whisper,144,10,Skip
4,whisper,145,3,Over
4,whisper,146,7,Over
4,whisper,147,10,Skip
4,whisper,148,3,Over
4,whisper,149,7,Over
4,talk,50,3,Skip
4,talk,51,11,ESTIMATE Agent[09] MEDIUM
4,talk,52,7,VOTE Agent[11]
4,talk,53,15,ESTIMATE Agent[08] VILLAGER
4,talk,54,8,VOTE Agent[03]
4,talk,55,9,INQUESTED Agent[11] WEREWOLF
4,talk,56,4,ESTIMATE Agent[04] SEER
4,talk,57,10,Over
4,talk,58,6,Over
4,talk,59,14,Over
4,whisper,150,7,Over
4,whisper,151,3,Over
4,whisper,152,10,Skip
4,whisper,153,7,Over
4,whisper,154,3,Over
4,whisper,155,10,Skip
4,whisper,156,7,Over
4,whisper,157,10,Skip
4,whisper,158,3,Over
4,whisper,159,7,Over
4,whisper,160,10,Skip
4,whisper,161,3,Over
4,whisper,162,7,Over
4,whisper,163,10,Skip
4,whisper,164,3,Over
4,whisper,165,7,Over
4,whisper,166,10,Skip
4,whisper,167,3,Over
4,whisper,168,7,Over
4,whisper,169,10,Skip
4,whisper,170,3,Over
4,whisper,171,7,Over
4,whisper,172,10,Skip
4,whisper,173,3,Over
4,whisper,174,7,Over
4,whisper,175,10,Skip
4,whisper,176,3,Over
4,whisper,177,7,Over
4,whisper,178,10,Skip
4,whisper,179,3,Over
4,talk,60,9,VOTE Agent[04]
4,talk,61,8,Over
4,talk,62,3,VOTE Agent[11]
4,talk,63,11,Over
4,talk,64,7,Over
4,talk,65,15,ESTIMATE Agent[11] VILLAGER
4,talk,66,4,ESTIMATE Agent[11] VILLAGER
4,talk,67,6,Over
4,talk,68,10,Over
4,talk,69,14,Over
4,whisper,180,3,Over
4,whisper,181,7,Over
4,whisper,182,10,Skip
4,whisper,183,7,Over
4,whisper,184,10,Skip
4,whisper,185,3,Over
4,whisper,186,7,Over
4,whisper,187,10,Skip
4,whisper,188,3,Over
4,whisper,189,10,Skip
4,whisper,190,7,Over
4,whisper,191,3,Over
4,whisper,192,10,Skip
4,whisper,193,3,Over
4,whisper,194,7,Over
4,whisper,195,10,Skip
4,whisper,196,3,Over
4,whisper,197,7,Over
4,whisper,198,10,Skip
4,whisper,199,3,Over
4,whisper,200,7,Over
4,whisper,201,10,Skip
4,whisper,202,3,Over
4,whisper,203,7,Over
4,whisper,204,10,Skip
4,whisper,205,3,Over
4,whisper,206,7,Over
4,whisper,207,10,Skip
4,whisper,208,3,Over
4,whisper,209,7,Over
4,talk,70,4,VOTE Agent[03]
4,talk,71,3,Skip
4,talk,72,15,Over
4,talk,73,11,Over
4,talk,74,7,Over
4,talk,75,9,VOTE Agent[04]
4,talk,76,8,VOTE Agent[04]
4,talk,77,6,Over
4,talk,78,10,Over
4,talk,79,14,Over
4,whisper,210,10,Skip
4,whisper,211,7,Over
4,whisper,212,3,Over
4,whisper,213,10,Skip
4,whisper,214,3,Over
4,whisper,215,7,Over
4,whisper,216,10,Skip
4,whisper,217,3,Over
4,whisper,218,7,Over
4,whisper,219,10,Skip
4,whisper,220,3,Over
4,whisper,221,7,Over
4,whisper,222,10,Skip
4,whisper,223,3,Over
4,whisper,224,7,Over
4,whisper,225,10,Skip
4,whisper,226,3,Over
4,whisper,227,7,Over
4,whisper,228,10,Skip
4,whisper,229,3,Over
4,whisper,230,7,Over
4,whisper,231,10,Skip
4,whisper,232,3,Over
4,whisper,233,7,Over
4,whisper,234,10,Skip
4,whisper,235,3,Over
4,whisper,236,7,Over
4,whisper,237,10,Skip
4,whisper,238,3,Over
4,whisper,239,7,Over
4,talk,80,8,VOTE Agent[09]
4,talk,81,3,Skip
4,talk,82,11,Over
4,talk,83,7,Over
4,talk,84,9,VOTE Agent[15]
4,talk,85,15,Over
4,talk,86,4,Over
4,talk,87,6,Over
4,talk,88,10,Over
4,talk,89,14,Over
4,whisper,240,7,Over
4,whisper,241,10,Skip
4,whisper,242,3,Over
4,whisper,243,7,Over
4,whisper,244,10,Skip
4,whisper,245,3,Over
4,whisper,246,10,Skip
4,whisper,247,7,Over
4,whisper,248,3,Over
4,whisper,249,10,Skip
4,whisper,250,3,Over
4,whisper,251,7,Over
4,whisper,252,10,Skip
4,whisper,253,3,Over
4,whisper,254,7,Over
4,whisper,255,10,Skip
4,whisper,256,3,Over
4,whisper,257,7,Over
4,whisper,258,10,Skip
4,whisper,259,3,Over
4,whisper,260,7,Over
4,whisper,261,10,Skip
4,whisper,262,3,Over
4,whisper,263,7,Over
4,whisper,264,10,Skip
4,whisper,265,3,Over
4,whisper,266,7,Over
4,whisper,267,10,Skip
4,whisper,268,3,Over
4,whisper,269,7,Over
4,talk,90,9,VOTE Agent[04]
4,talk,91,8,Over
4,talk,92,11,Over
4,talk,93,7,Over
4,talk,94,3,Skip
4,talk,95,4,VOTE Agent[09]
4,talk,96,6,Over
4,talk,97,10,Over
4,talk,98,14,Over
4,talk,99,15,VOTE Agent[09]
4,whisper,270,7,Over
4,whisper,271,10,Skip
4,whisper,272,3,Over
4,whisper,273,10,Skip
4,whisper,274,7,Over
4,whisper,275,3,Over
4,whisper,276,10,Skip
4,whisper,277,3,Over
4,whisper,278,7,Over
4,whisper,279,10,Skip
4,whisper,280,3,Over
4,whisper,281,7,Over
4,whisper,282,10,Skip
4,whisper,283,3,Over
4,whisper,284,7,Over
4,whisper,285,10,Skip
4,whisper,286,3,Over
4,whisper,287,7,Over
4,whisper,288,10,Skip
4,whisper,289,3,Over
4,whisper,290,7,Over
4,whisper,291,10,Skip
4,whisper,292,3,Over
4,whisper,293,7,Over
4,whisper,294,10,Skip
4,whisper,295,3,Over
4,whisper,296,7,Over
4,whisper,297,10,Skip
4,whisper,298,3,Over
4,whisper,299,7,Over
4,vote,3,9
4,vote,4,14
4,vote,6,11
4,vote,7,11
4,vote,8,9
4,vote,9,4
4,vote,10,15
4,vote,11,9
4,vote,14,3
4,vote,15,9
4,divine,4,11,HUMAN
4,guard,6,4,SEER
4,attackVote,3,4
4,attackVote,7,4
4,execute,9,VILLAGER
4,attack,4,false
5,status,1,VILLAGER,DEAD,cash
5,status,2,VILLAGER,DEAD,kSugar
5,status,3,WEREWOLF,ALIVE,haretaro
5,status,4,SEER,ALIVE,Kanolab
5,status,5,VILLAGER,DEAD,wasabi
5,status,6,BODYGUARD,ALIVE,TOT
5,status,7,WEREWOLF,ALIVE,nakamura
5,status,8,VILLAGER,ALIVE,iace10442
5,status,9,VILLAGER,DEAD,tkAI
5,status,10,WEREWOLF,ALIVE,NLwolf
5,status,11,VILLAGER,ALIVE,carlo
5,status,12,MEDIUM,DEAD,twn480
5,status,13,VILLAGER,DEAD,KajiGod
5,status,14,POSSESSED,ALIVE,howls
5,status,15,VILLAGER,ALIVE,Udon
5,talk,0,10,DIVINED Agent[11] HUMAN
5,talk,1,15,VOTE Agent[10]
5,talk,2,8,Skip
5,talk,3,7,VOTE Agent[11]
5,talk,4,11,VOTE Agent[09]
5,talk,5,4,DIVINED Agent[11] HUMAN
5,talk,6,3,Skip
5,talk,7,6,VOTE Agent[11]
5,talk,8,14,DIVINED Agent[12] HUMAN
5,whisper,0,10,Skip
5,whisper,1,3,Over
5,whisper,2,7,Over
5,whisper,3,10,Skip
5,whisper,4,3,Over
5,whisper,5,7,Over
5,whisper,6,10,Skip
5,whisper,7,3,Over
5,whisper,8,7,Over
5,whisper,9,10,Skip
5,whisper,10,3,Over
5,whisper,11,7,Over
5,whisper,12,10,Skip
5,whisper,13,3,Over
5,whisper,14,7,Over
5,whisper,15,10,Skip
5,whisper,16,3,Over
5,whisper,17,7,Over
5,whisper,18,10,Skip
5,whisper,19,3,Over
5,whisper,20,7,Over
5,whisper,21,10,Skip
5,whisper,22,3,Over
5,whisper,23,7,Over
5,whisper,24,10,Skip
5,whisper,25,3,Over
5,whisper,26,7,Over
5,whisper,27,10,Skip
5,whisper,28,3,Over
5,whisper,29,7,Over
5,talk,9,4,VOTE Agent[08]
5,talk,10,7,Over
5,talk,11,10,Skip
5,talk,12,6,Over
5,talk,13,11,Over
5,talk,14,15,ESTIMATE Agent[02] WEREWOLF
5,talk,15,14,Over
5,talk,16,8,Skip
5,talk,17,3,Skip
5,whisper,30,3,Over
5,whisper,31,10,Skip
5,whisper,32,7,Over
5,whisper,33,3,Over
5,whisper,34,10,Skip
5,whisper,35,7,Over
5,whisper,36,10,Skip
5,whisper,37,3,Over
5,whisper,38,7,Over
5,whisper,39,10,Skip
5,whisper,40,3,Over
5,whisper,41,7,Over
5,whisper,42,10,Skip
5,whisper,43,3,Over
5,whisper,44,7,Over
5,whisper,45,10,Skip
5,whisper,46,3,Over
5,whisper,47,7,Over
5,whisper,48,10,Skip
5,whisper,49,3,Over
5,whisper,50,7,Over
5,whisper,51,10,Skip
5,whisper,52,3,Over
5,whisper,53,7,Over
5,whisper,54,10,Skip
5,whisper,55,3,Over
5,whisper,56,7,Over
5,whisper,57,10,Skip
5,whisper,58,3,Over
5,whisper,59,7,Over
5,talk,18,14,Over
5,talk,19,4,ESTIMATE Agent[04] SEER
5,talk,20,6,Over
5,talk,21,3,Skip
5,talk,22,11,Over
5,talk,23,10,Skip
5,talk,24,7,Over
5,talk,25,15,ESTIMATE Agent[09] WEREWOLF
5,talk,26,8,Skip
5,whisper,60,10,Skip
5,whisper,61,7,Over
5,whisper,62,3,Over
5,whisper,63,10,Skip
5,whisper,64,3,Over
5,whisper,65,7,Over
5,whisper,66,10,Skip
5,whisper,67,3,Over
5,whisper,68,7,Over
5,whisper,69,10,Skip
5,whisper,70,3,Over
5,whisper,71,7,Over
5,whisper,72,10,Skip
5,whisper,73,3,Over
5,whisper,74,7,Over
5,whisper,75,10,Skip
5,whisper,76,3,Over
5,whisper,77,7,Over
5,whisper,78,10,Skip
5,whisper,79,3,Over
5,whisper,80,7,Over
5,whisper,81,10,Skip
5,whisper,82,3,Over
5,whisper,83,7,Over
5,whisper,84,10,Skip
5,whisper,85,3,Over
5,whisper,86,7,Over
5,whisper,87,10,Skip
5,whisper,88,3,Over
5,whisper,89,7,Over
5,talk,27,15,ESTIMATE Agent[10] WEREWOLF
5,talk,28,14,Over
5,talk,29,7,Over
5,talk,30,3,Skip
5,talk,31,4,VOTE Agent[11]
5,talk,32,10,Skip
5,talk,33,6,Over
5,talk,34,11,Over
5,talk,35,8,VOTE Agent[15]
5,whisper,90,7,Over
5,whisper,91,10,Skip
5,whisper,92,3,Over
5,whisper,93,7,Over
5,whisper,94,10,Skip
5,whisper,95,3,Over
5,whisper,96,10,Skip
5,whisper,97,7,Over
5,whisper,98,3,Over
5,whisper,99,10,Skip
5,whisper,100,3,Over
5,whisper,101,7,Over
5,whisper,102,10,Skip
5,whisper,103,3,Over
5,whisper,104,7,Over
5,whisper,105,10,Skip
5,whisper,106,3,Over
5,whisper,107,7,Over
5,whisper,108,10,Skip
5,whisper,109,3,Over
5,whisper,110,7,Over
5,whisper,111,10,Skip
5,whisper,112,3,Over
5,whisper,113,7,Over
5,whisper,114,10,Skip
5,whisper,115,3,Over
5,whisper,116,7,Over
5,whisper,117,10,Skip
5,whisper,118,3,Over
5,whisper,119,7,Over
5,talk,36,6,Over
5,talk,37,4,VOTE Agent[03]
5,talk,38,8,Over
5,talk,39,11,Over
5,talk,40,10,VOTE Agent[15]
5,talk,41,15,ESTIMATE Agent[03] VILLAGER
5,talk,42,3,VOTE Agent[11]
5,talk,43,14,Over
5,talk,44,7,Over
5,whisper,120,3,Over
5,whisper,121,10,Skip
5,whisper,122,7,Over
5,whisper,123,10,Skip
5,whisper,124,3,Over
5,whisper,125,7,Over
5,whisper,126,10,Skip
5,whisper,127,3,Over
5,whisper,128,7,Over
5,whisper,129,10,Skip
5,whisper,130,3,Over
5,whisper,131,7,Over
5,whisper,132,10,Skip
5,whisper,133,3,Over
5,whisper,134,7,Over
5,whisper,135,10,Skip
5,whisper,136,3,Over
5,whisper,137,7,Over
5,whisper,138,10,Skip
5,whisper,139,3,Over
5,whisper,140,7,Over
5,whisper,141,10,Skip
5,whisper,142,3,Over
5,whisper,143,7,Over
5,whisper,144,10,Skip
5,whisper,145,3,Over
5,whisper,146,7,Over
5,whisper,147,10,Skip
5,whisper,148,3,Over
5,whisper,149,7,Over
5,talk,45,15,ESTIMATE Agent[06] VILLAGER
5,talk,46,6,Over
5,talk,47,11,Over
5,talk,48,4,VOTE Agent[06]
5,talk,49,10,Over
5,talk,50,3,Skip
5,talk,51,8,VOTE Agent[06]
5,talk,52,7,Over
5,talk,53,14,Over
5,whisper,150,7,Over
5,whisper,151,10,Skip
5,whisper,152,3,Over
5,whisper,153,7,Over
5,whisper,154,10,Skip
5,whisper,155,3,Over
5,whisper,156,10,Skip
5,whisper,157,7,Over
5,whisper,158,3,Over
5,whisper,159,10,Skip
5,whisper,160,3,Over
5,whisper,161,7,Over
5,whisper,162,10,Skip
5,whisper,163,3,Over
5,whisper,164,7,Over
5,whisper,165,10,Skip
5,whisper,166,3,Over
5,whisper,167,7,Over
5,whisper,168,10,Skip
5,whisper,169,3,Over
5,whisper,170,7,Over
5,whisper,171,10,Skip
5,whisper,172,3,Over
5,whisper,173,7,Over
5,whisper,174,10,Skip
5,whisper,175,3,Over
5,whisper,176,7,Over
5,whisper,177,10,Skip
5,whisper,178,3,Over
5,whisper,179,7,Over
5,talk,54,11,Over
5,talk,55,3,Skip
5,talk,56,8,Over
5,talk,57,6,Over
5,talk,58,15,ESTIMATE Agent[07] VILLAGER
5,talk,59,10,Over
5,talk,60,4,ESTIMATE Agent[11] VILLAGER
5,talk,61,7,Over
5,talk,62,14,Over
5,whisper,180,7,Over
5,whisper,181,10,Skip
5,whisper,182,3,Over
5,whisper,183,10,Skip
5,whisper,184,7,Over
5,whisper,185,3,Over
5,whisper,186,10,Skip
5,whisper,187,3,Over
5,whisper,188,7,Over
5,whisper,189,10,Skip
5,whisper,190,3,Over
5,whisper,191,7,Over
5,whisper,192,10,Skip
5,whisper,193,3,Over
5,whisper,194,7,Over
5,whisper,195,10,Skip
5,whisper,196,3,Over
5,whisper,197,7,Over
5,whisper,198,10,Skip
5,whisper,199,3,Over
5,whisper,200,7,Over
5,whisper,201,10,Skip
5,whisper,202,3,Over
5,whisper,203,7,Over
5,whisper,204,10,Skip
5,whisper,205,3,Over
5,whisper,206,7,Over
5,whisper,207,10,Skip
5,whisper,208,3,Over
5,whisper,209,7,Over
5,talk,63,10,Over
5,talk,64,6,Over
5,talk,65,4,VOTE Agent[14]
5,talk,66,11,Over
5,talk,67,3,Skip
5,talk,68,8,VOTE Agent[11]
5,talk,69,15,ESTIMATE Agent[08] VILLAGER
5,talk,70,7,Over
5,talk,71,14,Over
5,whisper,210,3,Over
5,whisper,211,7,Over
5,whisper,212,10,Skip
5,whisper,213,7,Over
5,whisper,214,3,Over
5,whisper,215,10,Skip
5,whisper,216,7,Over
5,whisper,217,3,Over
5,whisper,218,10,Skip
5,whisper,219,3,Over
5,whisper,220,10,Skip
5,whisper,221,7,Over
5,whisper,222,3,Over
5,whisper,223,10,Skip
5,whisper,224,7,Over
5,whisper,225,3,Over
5,whisper,226,10,Skip
5,whisper,227,7,Over
5,whisper,228,3,Over
5,whisper,229,10,Skip
5,whisper,230,7,Over
5,whisper,231,10,Skip
5,whisper,232,3,Over
5,whisper,233,7,Over
5,whisper,234,10,Skip
5,whisper,235,3,Over
5,whisper,236,7,Over
5,whisper,237,10,Skip
5,whisper,238,3,Over
5,whisper,239,7,Over
5,talk,72,15,ESTIMATE Agent[11] VILLAGER
5,talk,73,3,Skip
5,talk,74,8,VOTE Agent[07]
5,talk,75,6,Over
5,talk,76,4,VOTE Agent[04]
5,talk,77,10,Over
5,talk,78,11,Over
5,talk,79,7,Over
5,talk,80,14,Over
5,whisper,240,10,Skip
5,whisper,241,3,Over
5,whisper,242,7,Over
5,whisper,243,10,Skip
5,whisper,244,3,Over
5,whisper,245,7,Over
5,whisper,246,10,Skip
5,whisper,247,3,Over
5,whisper,248,7,Over
5,whisper,249,10,Skip
5,whisper,250,3,Over
5,whisper,251,7,Over
5,whisper,252,10,Skip
5,whisper,253,3,Over
5,whisper,254,7,Over
5,whisper,255,10,Skip
5,whisper,256,3,Over
5,whisper,257,7,Over
5,whisper,258,10,Skip
5,whisper,259,3,Over
5,whisper,260,7,Over
5,whisper,261,10,Skip
5,whisper,262,3,Over
5,whisper,263,7,Over
5,whisper,264,10,Skip
5,whisper,265,3,Over
5,whisper,266,7,Over
5,whisper,267,10,Skip
5,whisper,268,3,Over
5,whisper,269,7,Over
5,talk,81,8,Over
5,talk,82,3,Skip
5,talk,83,15,Over
5,talk,84,4,Over
5,talk,85,6,Over
5,talk,86,7,Over
5,talk,87,10,Over
5,talk,88,11,Over
5,talk,89,14,Over
5,whisper,270,10,Skip
5,whisper,271,7,Over
5,whisper,272,3,Over
5,whisper,273,10,Skip
5,whisper,274,3,Over
5,whisper,275,7,Over
5,whisper,276,10,Skip
5,whisper,277,3,Over
5,whisper,278,7,Over
5,whisper,279,10,Skip
5,whisper,280,3,Over
5,whisper,281,7,Over
5,whisper,282,10,Skip
5,whisper,283,3,Over
5,whisper,284,7,Over
5,whisper,285,10,Skip
5,whisper,286,3,Over
5,whisper,287,7,Over
5,whisper,288,10,Skip
5,whisper,289,3,Over
5,whisper,290,7,Over
5,whisper,291,10,Skip
5,whisper,292,3,Over
5,whisper,293,7,Over
5,whisper,294,10,Skip
5,whisper,295,3,Over
5,whisper,296,7,Over
5,whisper,297,10,Skip
5,whisper,298,3,Over
5,whisper,299,7,Over
5,vote,3,11
5,vote,4,3
5,vote,6,11
5,vote,7,11
5,vote,8,7
5,vote,10,15
5,vote,11,3
5,vote,14,7
5,vote,15,10
5,divine,4,7,WEREWOLF
5,guard,6,4,SEER
5,attackVote,3,4
5,attackVote,7,4
5,execute,11,VILLAGER
5,attack,4,false
6,status,1,VILLAGER,DEAD,cash
6,status,2,VILLAGER,DEAD,kSugar
6,status,3,WEREWOLF,ALIVE,haretaro
6,status,4,SEER,ALIVE,Kanolab
6,status,5,VILLAGER,DEAD,wasabi
6,status,6,BODYGUARD,ALIVE,TOT
6,status,7,WEREWOLF,ALIVE,nakamura
6,status,8,VILLAGER,ALIVE,iace10442
6,status,9,VILLAGER,DEAD,tkAI
6,status,10,WEREWOLF,ALIVE,NLwolf
6,status,11,VILLAGER,DEAD,carlo
6,status,12,MEDIUM,DEAD,twn480
6,status,13,VILLAGER,DEAD,KajiGod
6,status,14,POSSESSED,ALIVE,howls
6,status,15,VILLAGER,ALIVE,Udon
6,talk,0,6,VOTE Agent[04]
6,talk,1,14,DIVINED Agent[11] HUMAN
6,talk,2,15,VOTE Agent[10]
6,talk,3,7,VOTE Agent[04]
6,talk,4,8,ESTIMATE Agent[03] VILLAGER
6,talk,5,3,VOTE Agent[10]
6,talk,6,10,DIVINED Agent[08] HUMAN
6,talk,7,4,DIVINED Agent[07] WEREWOLF
6,whisper,0,10,Skip
6,whisper,1,3,Over
6,whisper,2,7,Over
6,whisper,3,10,Skip
6,whisper,4,3,Over
6,whisper,5,7,Over
6,whisper,6,10,Skip
6,whisper,7,3,Over
6,whisper,8,7,Over
6,whisper,9,10,Skip
6,whisper,10,3,Over
6,whisper,11,7,Over
6,whisper,12,10,Skip
6,whisper,13,3,Over
6,whisper,14,7,Over
6,whisper,15,10,Skip
6,whisper,16,3,Over
6,whisper,17,7,Over
6,whisper,18,10,Skip
6,whisper,19,3,Over
6,whisper,20,7,Over
6,whisper,21,10,Skip
6,whisper,22,3,Over
6,whisper,23,7,Over
6,whisper,24,10,Skip
6,whisper,25,3,Over
6,whisper,26,7,Over
6,whisper,27,10,Skip
6,whisper,28,3,Over
6,whisper,29,7,Over
6,talk,8,8,Skip
6,talk,9,10,Skip
6,talk,10,15,ESTIMATE Agent[02] WEREWOLF
6,talk,11,6,Over
6,talk,12,3,Skip
6,talk,13,14,Over
6,talk,14,4,VOTE Agent[15]
6,talk,15,7,Over
6,whisper,30,7,Over
6,whisper,31,10,Skip
6,whisper,32,3,Over
6,whisper,33,7,Over
6,whisper,34,10,Skip
6,whisper,35,3,Over
6,whisper,36,10,Skip
6,whisper,37,7,Over
6,whisper,38,3,Over
6,whisper,39,10,Skip
6,whisper,40,3,Over
6,whisper,41,7,Over
6,whisper,42,10,Skip
6,whisper,43,3,Over
6,whisper,44,7,Over
6,whisper,45,10,Skip
6,whisper,46,3,Over
6,whisper,47,7,Over
6,whisper,48,10,Skip
6,whisper,49,3,Over
6,whisper,50,7,Over
6,whisper,51,10,Skip
6,whisper,52,3,Over
6,whisper,53,7,Over
6,whisper,54,10,Skip
6,whisper,55,3,Over
6,whisper,56,7,Over
6,whisper,57,10,Skip
6,whisper,58,3,Over
6,whisper,59,7,Over
6,talk,16,15,ESTIMATE Agent[09] WEREWOLF
6,talk,17,8,Skip
6,talk,18,3,Skip
6,talk,19,14,Over
6,talk,20,4,ESTIMATE Agent[04] SEER
6,talk,21,6,Over
6,talk,22,10,Skip
6,talk,23,7,Over
6,whisper,60,7,Over
6,whisper,61,10,Skip
6,whisper,62,3,Over
6,whisper,63,7,Over
6,whisper,64,10,Skip
6,whisper,65,3,Over
6,whisper,66,10,Skip
6,whisper,67,7,Over
6,whisper,68,3,Over
6,whisper,69,10,Skip
6,whisper,70,3,Over
6,whisper,71,7,Over
6,whisper,72,10,Skip
6,whisper,73,3,Over
6,whisper,74,7,Over
6,whisper,75,10,Skip
6,whisper,76,3,Over
6,whisper,77,7,Over
6,whisper,78,10,Skip
6,whisper,79,3,Over
6,whisper,80,7,Over
6,whisper,81,10,Skip
6,whisper,82,3,Over
6,whisper,83,7,Over
6,whisper,84,10,Skip
6,whisper,85,3,Over
6,whisper,86,7,Over
6,whisper,87,10,Skip
6,whisper,88,3,Over
6,whisper,89,7,Over
6,talk,24,14,Over
6,talk,25,8,VOTE Agent[06]
6,talk,26,4,VOTE Agent[08]
6,talk,27,6,Over
6,talk,28,10,Skip
6,talk,29,3,Skip
6,talk,30,15,ESTIMATE Agent[10] WEREWOLF
6,talk,31,7,Over
6,whisper,90,7,Over
6,whisper,91,10,Skip
6,whisper,92,3,Over
6,whisper,93,10,Skip
6,whisper,94,7,Over
6,whisper,95,3,Over
6,whisper,96,10,Skip
6,whisper,97,3,Over
6,whisper,98,7,Over
6,whisper,99,10,Skip
6,whisper,100,3,Over
6,whisper,101,7,Over
6,whisper,102,10,Skip
6,whisper,103,3,Over
6,whisper,104,7,Over
6,whisper,105,10,Skip
6,whisper,106,3,Over
6,whisper,107,7,Over
6,whisper,108,10,Skip
6,whisper,109,3,Over
6,whisper,110,7,Over
6,whisper,111,10,Skip
6,whisper,112,3,Over
6,whisper,113,7,Over
6,whisper,114,10,Skip
6,whisper,115,3,Over
6,whisper,116,7,Over
6,whisper,117,10,Skip
6,whisper,118,3,Over
6,whisper,119,7,Over
6,talk,32,4,VOTE Agent[14]
6,talk,33,8,Over
6,talk,34,3,Skip
6,talk,35,14,Over
6,talk,36,15,ESTIMATE Agent[03] VILLAGER
6,talk,37,6,Over
6,talk,38,10,VOTE Agent[15]
6,talk,39,7,Over
6,whisper,120,10,Skip
6,whisper,121,7,Over
6,whisper,122,3,Over
6,whisper,123,10,Skip
6,whisper,124,3,Over
6,whisper,125,7,Over
6,whisper,126,10,Skip
6,whisper,127,3,Over
6,whisper,128,7,Over
6,whisper,129,10,Skip
6,whisper,130,3,Over
6,whisper,131,7,Over
6,whisper,132,10,Skip
6,whisper,133,3,Over
6,whisper,134,7,Over
6,whisper,135,10,Skip
6,whisper,136,3,Over
6,whisper,137,7,Over
6,whisper,138,10,Skip
6,whisper,139,3,Over
6,whisper,140,7,Over
6,whisper,141,10,Skip
6,whisper,142,3,Over
6,whisper,143,7,Over
6,whisper,144,10,Skip
6,whisper,145,3,Over
6,whisper,146,7,Over
6,whisper,147,10,Skip
6,whisper,148,3,Over
6,whisper,149,7,Over
6,talk,40,15,ESTIMATE Agent[06] VILLAGER
6,talk,41,4,ESTIMATE Agent[08] VILLAGER
6,talk,42,8,VOTE Agent[15]
6,talk,43,14,Over
6,talk,44,3,Skip
6,talk,45,10,Over
6,talk,46,6,Over
6,talk,47,7,Over
6,whisper,150,10,Skip
6,whisper,151,3,Over
6,whisper,152,7,Over
6,whisper,153,10,Skip
6,whisper,154,3,Over
6,whisper,155,7,Over
6,whisper,156,10,Skip
6,whisper,157,3,Over
6,whisper,158,7,Over
6,whisper,159,10,Skip
6,whisper,160,3,Over
6,whisper,161,7,Over
6,whisper,162,10,Skip
6,whisper,163,3,Over
6,whisper,164,7,Over
6,whisper,165,10,Skip
6,whisper,166,3,Over
6,whisper,167,7,Over
6,whisper,168,10,Skip
6,whisper,169,3,Over
6,whisper,170,7,Over
6,whisper,171,10,Skip
6,whisper,172,3,Over
6,whisper,173,7,Over
6,whisper,174,10,Skip
6,whisper,175,3,Over
6,whisper,176,7,Over
6,whisper,177,10,Skip
6,whisper,178,3,Over
6,whisper,179,7,Over
6,talk,48,15,ESTIMATE Agent[07] VILLAGER
6,talk,49,14,Over
6,talk,50,3,Skip
6,talk,51,8,Over
6,talk,52,4,VOTE Agent[07]
6,talk,53,6,Over
6,talk,54,7,Over
6,talk,55,10,Over
6,whisper,180,3,Over
6,whisper,181,7,Over
6,whisper,182,10,Skip
6,whisper,183,7,Over
6,whisper,184,3,Over
6,whisper,185,10,Skip
6,whisper,186,10,Skip
6,whisper,187,7,Over
6,whisper,188,3,Over
6,whisper,189,10,Skip
6,whisper,190,3,Over
6,whisper,191,7,Over
6,whisper,192,10,Skip
6,whisper,193,3,Over
6,whisper,194,7,Over
6,whisper,195,10,Skip
6,whisper,196,3,Over
6,whisper,197,7,Over
6,whisper,198,10,Skip
6,whisper,199,3,Over
6,whisper,200,7,Over
6,whisper,201,10,Skip
6,whisper,202,3,Over
6,whisper,203,7,Over
6,whisper,204,10,Skip
6,whisper,205,3,Over
6,whisper,206,7,Over
6,whisper,207,10,Skip
6,whisper,208,3,Over
6,whisper,209,7,Over
6,talk,56,4,Over
6,talk,57,3,Skip
6,talk,58,8,VOTE Agent[10]
6,talk,59,14,Over
6,talk,60,15,Over
6,talk,61,6,Over
6,talk,62,7,Over
6,talk,63,10,Over
6,whisper,210,7,Over
6,whisper,211,10,Skip
6,whisper,212,3,Over
6,whisper,213,10,Skip
6,whisper,214,7,Over
6,whisper,215,3,Over
6,whisper,216,10,Skip
6,whisper,217,3,Over
6,whisper,218,7,Over
6,whisper,219,10,Skip
6,whisper,220,3,Over
6,whisper,221,7,Over
6,whisper,222,10,Skip
6,whisper,223,3,Over
6,whisper,224,7,Over
6,whisper,225,10,Skip
6,whisper,226,3,Over
6,whisper,227,7,Over
6,whisper,228,10,Skip
6,whisper,229,3,Over
6,whisper,230,7,Over
6,whisper,231,10,Skip
6,whisper,232,3,Over
6,whisper,233,7,Over
6,whisper,234,10,Skip
6,whisper,235,3,Over
6,whisper,236,7,Over
6,whisper,237,10,Skip
6,whisper,238,3,Over
6,whisper,239,7,Over
6,talk,64,3,Over
6,talk,65,8,VOTE Agent[06]
6,talk,66,4,Over
6,talk,67,6,Over
6,talk,68,7,Over
6,talk,69,10,Over
6,talk,70,14,Over
6,talk,71,15,Over
6,whisper,240,10,Skip
6,whisper,241,3,Over
6,whisper,242,7,Over
6,whisper,243,10,Skip
6,whisper,244,3,Over
6,whisper,245,7,Over
6,whisper,246,10,Skip
6,whisper,247,3,Over
6,whisper,248,7,Over
6,whisper,249,10,Skip
6,whisper,250,3,Over
6,whisper,251,7,Over
6,whisper,252,10,Skip
6,whisper,253,3,Over
6,whisper,254,7,Over
6,whisper,255,10,Skip
6,whisper,256,3,Over
6,whisper,257,7,Over
6,whisper,258,10,Skip
6,whisper,259,3,Over
6,whisper,260,7,Over
6,whisper,261,10,Skip
6,whisper,262,3,Over
6,whisper,263,7,Over
6,whisper,264,10,Skip
6,whisper,265,3,Over
6,whisper,266,7,Over
6,whisper,267,10,Skip
6,whisper,268,3,Over
6,whisper,269,7,Over
6,talk,72,8,VOTE Agent[15]
6,talk,73,3,Over
6,talk,74,4,Over
6,talk,75,6,Over
6,talk,76,7,Over
6,talk,77,10,Over
6,talk,78,14,Over
6,talk,79,15,Over
6,whisper,270,3,Over
6,whisper,271,7,Over
6,whisper,272,10,Skip
6,whisper,273,10,Skip
6,whisper,274,3,Over
6,whisper,275,7,Over
6,whisper,276,10,Skip
6,whisper,277,3,Over
6,whisper,278,7,Over
6,whisper,279,10,Skip
6,whisper,280,3,Over
6,whisper,281,7,Over
6,whisper,282,10,Skip
6,whisper,283,3,Over
6,whisper,284,7,Over
6,whisper,285,10,Skip
6,whisper,286,3,Over
6,whisper,287,7,Over
6,whisper,288,10,Skip
6,whisper,289,3,Over
6,whisper,290,7,Over
6,whisper,291,10,Skip
6,whisper,292,3,Over
6,whisper,293,7,Over
6,whisper,294,10,Skip
6,whisper,295,3,Over
6,whisper,296,7,Over
6,whisper,297,10,Skip
6,whisper,298,3,Over
6,whisper,299,7,Over
6,vote,3,14
6,vote,4,15
6,vote,6,4
6,vote,7,4
6,vote,8,15
6,vote,10,15
6,vote,14,4
6,vote,15,10
6,divine,4,8,HUMAN
6,guard,6,4,SEER
6,attackVote,3,8
6,attackVote,7,4
6,execute,15,VILLAGER
6,attack,8,true
7,status,1,VILLAGER,DEAD,cash
7,status,2,VILLAGER,DEAD,kSugar
7,status,3,WEREWOLF,ALIVE,haretaro
7,status,4,SEER,ALIVE,Kanolab
7,status,5,VILLAGER,DEAD,wasabi
7,status,6,BODYGUARD,ALIVE,TOT
7,status,7,WEREWOLF,ALIVE,nakamura
7,status,8,VILLAGER,DEAD,iace10442
7,status,9,VILLAGER,DEAD,tkAI
7,status,10,WEREWOLF,ALIVE,NLwolf
7,status,11,VILLAGER,DEAD,carlo
7,status,12,MEDIUM,DEAD,twn480
7,status,13,VILLAGER,DEAD,KajiGod
7,status,14,POSSESSED,ALIVE,howls
7,status,15,VILLAGER,DEAD,Udon
7,result,3,3,WEREWOLF
