0,status,1,VILLAGER,ALIVE,cash
0,status,2,VILLAGER,ALIVE,kSugar
0,status,3,VILLAGER,ALIVE,haretaro
0,status,4,WEREWOLF,ALIVE,Kanolab
0,status,5,VILLAGER,ALIVE,wasabi
0,status,6,WEREWOLF,ALIVE,TOT
0,status,7,POSSESSED,ALIVE,nakamura
0,status,8,MEDIUM,ALIVE,iace10442
0,status,9,VILLAGER,ALIVE,tkAI
0,status,10,BODYGUARD,ALIVE,NLwolf
0,status,11,WEREWOLF,ALIVE,carlo
0,status,12,VILLAGER,ALIVE,twn480
0,status,13,SEER,ALIVE,KajiGod
0,status,14,VILLAGER,ALIVE,howls
0,status,15,VILLAGER,ALIVE,Udon
0,talk,0,1,VOTE Agent[02]
0,talk,1,5,ESTIMATE Agent[04] WEREWOLF
0,talk,2,14,Over
0,talk,3,10,Skip
0,talk,4,15,VOTE Agent[12]
0,talk,5,3,Over
0,talk,6,11,VOTE Agent[01]
0,talk,7,12,Skip
0,talk,8,6,Over
0,talk,9,4,VOTE Agent[10]
0,talk,10,7,INQUESTED Agent[15] HUMAN
0,talk,11,8,COMINGOUT Agent[08] MEDIUM
0,talk,12,2,COMINGOUT Agent[02] VILLAGER
0,talk,13,9,VOTE Agent[11]
0,talk,14,13,VOTE Agent[02]
0,whisper,0,11,COMINGOUT Agent[11] VILLAGER
0,whisper,1,6,Over
0,whisper,2,4,Over
0,whisper,3,11,ATTACK Agent[15]
0,whisper,4,4,Over
0,whisper,5,6,Over
0,whisper,6,11,Over
0,talk,15,4,Over
0,talk,16,15,ESTIMATE Agent[04] WEREWOLF
0,talk,17,8,INQUESTED Agent[13] WEREWOLF
0,talk,18,2,Skip
0,talk,19,9,VOTE Agent[04]
0,talk,20,12,Skip
0,talk,21,3,Over
0,talk,22,6,Over
0,talk,23,1,Skip
0,talk,24,13,VOTE Agent[08]
0,talk,25,7,INQUESTED Agent[04] HUMAN
0,talk,26,10,Skip
0,talk,27,14,Over
0,talk,28,11,VOTE Agent[07]
0,talk,29,5,Skip
0,whisper,7,4,Over
0,whisper,8,6,Over
0,whisper,9,11,ATTACK Agent[08]
0,whisper,10,6,Over
0,whisper,11,4,Over
0,whisper,12,11,ESTIMATE Agent[07] POSSESSED
0,whisper,13,4,Over
0,whisper,14,11,ESTIMATE Agent[08] MEDIUM
0,whisper,15,6,Over
0,whisper,16,4,Over
0,whisper,17,11,Over
0,talk,30,12,Skip
0,talk,31,7,INQUESTED Agent[03] HUMAN
0,talk,32,4,Over
0,talk,33,10,Skip
0,talk,34,13,Over
0,talk,35,8,INQUESTED Agent[06] HUMAN
0,talk,36,5,ESTIMATE Agent[13] WEREWOLF
0,talk,37,2,ESTIMATE Agent[01] VILLAGER
0,talk,38,6,Over
0,talk,39,11,Over
0,talk,40,1,VOTE Agent[13]
0,talk,41,9,INQUESTED Agent[13] WEREWOLF
0,talk,42,14,Over
0,talk,43,15,ESTIMATE Agent[07] WEREWOLF
0,talk,44,3,Over
0,whisper,18,11,Over
0,whisper,19,4,Over
0,whisper,20,6,Over
0,talk,45,13,Over
0,talk,46,15,ESTIMATE Agent[09] WEREWOLF
0,talk,47,10,VOTE Agent[09]
0,talk,48,7,VOTE Agent[08]
0,talk,49,12,Skip
0,talk,50,1,Skip
0,talk,51,5,ESTIMATE Agent[13] WEREWOLF
0,talk,52,14,Over
0,talk,53,2,Skip
0,talk,54,11,Over
0,talk,55,6,Over
0,talk,56,8,INQUESTED Agent[08] HUMAN
0,talk,57,4,Over
0,talk,58,9,VOTE Agent[11]
0,talk,59,3,Over
0,whisper,21,4,Over
0,whisper,22,11,Over
0,whisper,23,6,Over
0,talk,60,2,ESTIMATE Agent[03] VILLAGER
0,talk,61,8,INQUESTED Agent[02] HUMAN
0,talk,62,13,Over
0,talk,63,4,Over
0,talk,64,1,VOTE Agent[13]
0,talk,65,12,Skip
0,talk,66,14,Over
0,talk,67,15,VOTE Agent[09]
0,talk,68,6,Over
0,talk,69,9,VOTE Agent[11]
0,talk,70,10,Over
0,talk,71,7,Over
0,talk,72,5,ESTIMATE Agent[13] WEREWOLF
0,talk,73,11,Over
0,talk,74,3,Over
0,whisper,24,11,Over
0,whisper,25,6,Over
0,whisper,26,4,Over
0,talk,75,10,Over
0,talk,76,5,ESTIMATE Agent[08] MEDIUM
0,talk,77,9,VOTE Agent[13]
0,talk,78,8,INQUESTED Agent[09] WEREWOLF
0,talk,79,14,Over
0,talk,80,2,Skip
0,talk,81,6,Over
0,talk,82,1,VOTE Agent[13]
0,talk,83,15,Over
0,talk,84,7,Over
0,talk,85,12,Skip
0,talk,86,13,Over
0,talk,87,4,Over
0,talk,88,3,Over
0,talk,89,11,Over
0,whisper,27,11,Over
0,whisper,28,6,Over
0,whisper,29,4,Over
0,talk,90,15,Over
0,talk,91,8,INQUESTED Agent[15] HUMAN
0,talk,92,10,Over
0,talk,93,1,VOTE Agent[08]
0,talk,94,12,Skip
0,talk,95,14,Over
0,talk,96,2,ESTIMATE Agent[04] VILLAGER
0,talk,97,7,Over
0,talk,98,5,ESTIMATE Agent[13] WEREWOLF
0,talk,99,9,INQUESTED Agent[11] WEREWOLF
0,talk,100,6,Over
0,talk,101,3,Over
0,talk,102,4,Over
0,talk,103,11,Over
0,talk,104,13,Over
0,whisper,30,6,Over
0,whisper,31,11,Over
0,whisper,32,4,Over
0,talk,105,7,Over
0,talk,106,8,INQUESTED Agent[01] HUMAN
0,talk,107,15,Over
0,talk,108,9,VOTE Agent[11]
0,talk,109,2,Skip
0,talk,110,14,Over
0,talk,111,10,Over
0,talk,112,1,VOTE Agent[09]
0,talk,113,5,ESTIMATE Agent[08] WEREWOLF
0,talk,114,12,Skip
0,talk,115,3,Over
0,talk,116,4,Over
0,talk,117,6,Over
0,talk,118,11,Over
0,talk,119,13,Over
0,whisper,33,6,Over
0,whisper,34,4,Over
0,whisper,35,11,Over
0,talk,120,14,Over
0,talk,121,2,ESTIMATE Agent[05] VILLAGER
0,talk,122,7,Over
0,talk,123,12,Skip
0,talk,124,5,ESTIMATE Agent[03] VILLAGER
0,talk,125,8,INQUESTED Agent[09] HUMAN
0,talk,126,9,INQUESTED Agent[04] WEREWOLF
0,talk,127,10,Over
0,talk,128,1,VOTE Agent[09]
0,talk,129,15,Over
0,talk,130,3,Over
0,talk,131,4,Over
0,talk,132,6,Over
0,talk,133,11,Over
0,talk,134,13,Over
0,whisper,36,4,Over
0,whisper,37,6,Over
0,whisper,38,11,Over
0,talk,135,2,Skip
0,talk,136,10,Over
0,talk,137,7,Over
0,talk,138,8,INQUESTED Agent[13] HUMAN
0,talk,139,1,VOTE Agent[08]
0,talk,140,14,Over
0,talk,141,9,VOTE Agent[13]
0,talk,142,12,Skip
0,talk,143,5,ESTIMATE Agent[08] WEREWOLF
0,talk,144,3,Over
0,talk,145,4,Over
0,talk,146,6,Over
0,talk,147,11,Over
0,talk,148,13,Over
0,talk,149,15,Over
0,whisper,39,4,Over
0,whisper,40,11,Over
0,whisper,41,6,Over
0,divine,13,6,WEREWOLF
1,status,1,VILLAGER,ALIVE,cash
1,status,2,VILLAGER,ALIVE,kSugar
1,status,3,VILLAGER,ALIVE,haretaro
1,status,4,WEREWOLF,ALIVE,Kanolab
1,status,5,VILLAGER,ALIVE,wasabi
1,status,6,WEREWOLF,ALIVE,TOT
1,status,7,POSSESSED,ALIVE,nakamura
1,status,8,MEDIUM,ALIVE,iace10442
1,status,9,VILLAGER,ALIVE,tkAI
1,status,10,BODYGUARD,ALIVE,NLwolf
1,status,11,WEREWOLF,ALIVE,carlo
1,status,12,VILLAGER,ALIVE,twn480
1,status,13,SEER,ALIVE,KajiGod
1,status,14,VILLAGER,ALIVE,howls
1,status,15,VILLAGER,ALIVE,Udon
1,talk,0,8,INQUESTED Agent[10] HUMAN
1,talk,1,5,ESTIMATE Agent[08] WEREWOLF
1,talk,2,10,Skip
1,talk,3,3,VOTE Agent[06]
1,talk,4,14,Over
1,talk,5,7,VOTE Agent[08]
1,talk,6,13,COMINGOUT Agent[13] SEER
1,talk,7,11,VOTE Agent[07]
1,talk,8,15,VOTE Agent[07]
1,talk,9,12,Skip
1,talk,10,4,VOTE Agent[03]
1,talk,11,6,VOTE Agent[13]
1,talk,12,1,Skip
1,talk,13,9,VOTE Agent[13]
1,talk,14,2,VOTE Agent[14]
1,whisper,0,4,Over
1,whisper,1,6,ATTACK Agent[13]
1,whisper,2,11,ATTACK Agent[13]
1,whisper,3,4,Over
1,whisper,4,11,ESTIMATE Agent[13] SEER
1,whisper,5,6,Over
1,whisper,6,4,Over
1,whisper,7,11,Over
1,talk,15,11,Over
1,talk,16,13,DIVINED Agent[06] WEREWOLF
1,talk,17,9,VOTE Agent[11]
1,talk,18,1,Skip
1,talk,19,2,VOTE Agent[06]
1,talk,20,15,ESTIMATE Agent[06] WEREWOLF
1,talk,21,10,Skip
1,talk,22,6,VOTE Agent[08]
1,talk,23,14,Over
1,talk,24,5,ESTIMATE Agent[01] VILLAGER
1,talk,25,8,INQUESTED Agent[14] WEREWOLF
1,talk,26,7,Over
1,talk,27,3,VOTE Agent[07]
1,talk,28,4,Over
1,talk,29,12,Skip
1,whisper,8,11,Over
1,whisper,9,6,Over
1,whisper,10,4,Over
1,talk,30,11,Over
1,talk,31,1,VOTE Agent[06]
1,talk,32,10,Skip
1,talk,33,3,VOTE Agent[06]
1,talk,34,14,Over
1,talk,35,4,Over
1,talk,36,7,Over
1,talk,37,8,INQUESTED Agent[12] HUMAN
1,talk,38,9,INQUESTED Agent[13] WEREWOLF
1,talk,39,6,Over
1,talk,40,12,Skip
1,talk,41,15,ESTIMATE Agent[09] WEREWOLF
1,talk,42,13,VOTE Agent[08]
1,talk,43,5,ESTIMATE Agent[12] VILLAGER
1,talk,44,2,ESTIMATE Agent[01] VILLAGER
1,whisper,11,4,Over
1,whisper,12,11,Over
1,whisper,13,6,Over
1,talk,45,2,ESTIMATE Agent[03] VILLAGER
1,talk,46,10,VOTE Agent[09]
1,talk,47,15,ESTIMATE Agent[12] WEREWOLF
1,talk,48,8,INQUESTED Agent[06] WEREWOLF
1,talk,49,9,INQUESTED Agent[13] WEREWOLF
1,talk,50,11,Over
1,talk,51,3,Skip
1,talk,52,6,Over
1,talk,53,5,ESTIMATE Agent[15] VILLAGER
1,talk,54,7,Over
1,talk,55,12,Skip
1,talk,56,14,Over
1,talk,57,13,Over
1,talk,58,1,VOTE Agent[06]
1,talk,59,4,Over
1,whisper,14,6,Over
1,whisper,15,11,Over
1,whisper,16,4,Over
1,talk,60,5,ESTIMATE Agent[06] WEREWOLF
1,talk,61,15,ESTIMATE Agent[13] SEER
1,talk,62,13,Over
1,talk,63,9,VOTE Agent[13]
1,talk,64,6,Over
1,talk,65,12,Skip
1,talk,66,2,ESTIMATE Agent[06] VILLAGER
1,talk,67,11,Over
1,talk,68,1,Over
1,talk,69,14,Over
1,talk,70,3,Skip
1,talk,71,7,Over
1,talk,72,8,INQUESTED Agent[13] WEREWOLF
1,talk,73,10,Over
1,talk,74,4,Over
1,whisper,17,11,Over
1,whisper,18,6,Over
1,whisper,19,4,Over
1,talk,75,8,INQUESTED Agent[05] HUMAN
1,talk,76,1,VOTE Agent[06]
1,talk,77,5,Skip
1,talk,78,7,Over
1,talk,79,3,Skip
1,talk,80,6,VOTE Agent[01]
1,talk,81,15,Over
1,talk,82,13,Over
1,talk,83,9,INQUESTED Agent[13] WEREWOLF
1,talk,84,14,Over
1,talk,85,12,Skip
1,talk,86,11,Over
1,talk,87,2,ESTIMATE Agent[07] VILLAGER
1,talk,88,4,Over
1,talk,89,10,Over
1,whisper,20,11,Over
1,whisper,21,4,Over
1,whisper,22,6,Over
1,talk,90,3,Skip
1,talk,91,1,VOTE Agent[06]
1,talk,92,5,ESTIMATE Agent[06] WEREWOLF
1,talk,93,7,Over
1,talk,94,12,Skip
1,talk,95,14,Over
1,talk,96,2,Skip
1,talk,97,8,INQUESTED Agent[08] HUMAN
1,talk,98,15,Over
1,talk,99,13,Over
1,talk,100,6,Over
1,talk,101,9,VOTE Agent[11]
1,talk,102,11,Over
1,talk,103,4,Over
1,talk,104,10,Over
1,whisper,23,6,Over
1,whisper,24,11,Over
1,whisper,25,4,Over
1,talk,105,8,INQUESTED Agent[02] HUMAN
1,talk,106,3,Skip
1,talk,107,2,Skip
1,talk,108,6,Over
1,talk,109,13,Over
1,talk,110,1,VOTE Agent[06]
1,talk,111,12,Skip
1,talk,112,15,Over
1,talk,113,7,Over
1,talk,114,5,ESTIMATE Agent[06] WEREWOLF
1,talk,115,14,Over
1,talk,116,9,INQUESTED Agent[13] WEREWOLF
1,talk,117,4,Over
1,talk,118,10,Over
1,talk,119,11,Over
1,whisper,26,11,Over
1,whisper,27,4,Over
1,whisper,28,6,Over
1,talk,120,7,Over
1,talk,121,15,Over
1,talk,122,6,Over
1,talk,123,12,Skip
1,talk,124,8,INQUESTED Agent[15] HUMAN
1,talk,125,14,Over
1,talk,126,1,VOTE Agent[06]
1,talk,127,9,VOTE Agent[15]
1,talk,128,13,Over
1,talk,129,5,ESTIMATE Agent[08] WEREWOLF
1,talk,130,2,Skip
1,talk,131,3,Skip
1,talk,132,4,Over
1,talk,133,10,Over
1,talk,134,11,Over
1,whisper,29,6,Over
1,whisper,30,4,Over
1,whisper,31,11,Over
1,talk,135,15,Over
1,talk,136,9,INQUESTED Agent[13] WEREWOLF
1,talk,137,1,VOTE Agent[06]
1,talk,138,3,Skip
1,talk,139,5,ESTIMATE Agent[13] SEER
1,talk,140,6,Over
1,talk,141,14,Over
1,talk,142,8,INQUESTED Agent[10] HUMAN
1,talk,143,12,Skip
1,talk,144,13,Over
1,talk,145,2,Skip
1,talk,146,7,Over
1,talk,147,4,Over
1,talk,148,10,Over
1,talk,149,11,Over
1,whisper,32,4,Over
1,whisper,33,6,Over
1,whisper,34,11,Over
1,vote,1,6
1,vote,2,6
1,vote,3,6
1,vote,4,3
1,vote,5,6
1,vote,6,1
1,vote,7,8
1,vote,8,2
1,vote,9,4
1,vote,10,9
1,vote,11,6
1,vote,12,5
1,vote,13,8
1,vote,14,13
1,vote,15,7
1,divine,13,7,HUMAN
1,guard,10,8,MEDIUM
1,attackVote,4,3
1,attackVote,6,13
1,attackVote,11,13
1,execute,6,WEREWOLF
1,attack,3,true
2,status,1,VILLAGER,ALIVE,cash
2,status,2,VILLAGER,ALIVE,kSugar
2,status,3,VILLAGER,DEAD,haretaro
2,status,4,WEREWOLF,ALIVE,Kanolab
2,status,5,VILLAGER,ALIVE,wasabi
2,status,6,WEREWOLF,DEAD,TOT
2,status,7,POSSESSED,ALIVE,nakamura
2,status,8,MEDIUM,ALIVE,iace10442
2,status,9,VILLAGER,ALIVE,tkAI
2,status,10,BODYGUARD,ALIVE,NLwolf
2,status,11,WEREWOLF,ALIVE,carlo
2,status,12,VILLAGER,ALIVE,twn480
2,status,13,SEER,ALIVE,KajiGod
2,status,14,VILLAGER,ALIVE,howls
2,status,15,VILLAGER,ALIVE,Udon
2,talk,0,5,ESTIMATE Agent[08] WEREWOLF
2,talk,1,7,VOTE Agent[08]
2,talk,2,13,DIVINED Agent[07] HUMAN
2,talk,3,14,Over
2,talk,4,8,INQUESTED Agent[09] WEREWOLF
2,talk,5,9,INQUESTED Agent[11] WEREWOLF
2,talk,6,1,Skip
2,talk,7,12,Skip
2,talk,8,11,VOTE Agent[07]
2,talk,9,4,VOTE Agent[14]
2,talk,10,15,VOTE Agent[09]
2,talk,11,10,Skip
2,talk,12,2,VOTE Agent[14]
2,whisper,0,4,Over
2,whisper,1,11,ATTACK Agent[13]
2,whisper,2,11,Over
2,whisper,3,4,Over
2,talk,13,14,Over
2,talk,14,10,Skip
2,talk,15,2,VOTE Agent[07]
2,talk,16,4,Over
2,talk,17,11,Over
2,talk,18,5,ESTIMATE Agent[08] WEREWOLF
2,talk,19,13,VOTE Agent[08]
2,talk,20,9,VOTE Agent[15]
2,talk,21,7,Over
2,talk,22,12,Skip
2,talk,23,15,ESTIMATE Agent[06] WEREWOLF
2,talk,24,1,VOTE Agent[08]
2,talk,25,8,INQUESTED Agent[08] HUMAN
2,whisper,4,11,Over
2,whisper,5,4,Over
2,talk,26,8,INQUESTED Agent[06] HUMAN
2,talk,27,13,Over
2,talk,28,14,Over
2,talk,29,12,Skip
2,talk,30,9,INQUESTED Agent[15] WEREWOLF
2,talk,31,11,Over
2,talk,32,10,Skip
2,talk,33,4,Over
2,talk,34,1,VOTE Agent[08]
2,talk,35,5,ESTIMATE Agent[08] WEREWOLF
2,talk,36,15,ESTIMATE Agent[09] WEREWOLF
2,talk,37,2,ESTIMATE Agent[09] VILLAGER
2,talk,38,7,Over
2,whisper,6,11,Over
2,whisper,7,4,Over
2,talk,39,8,INQUESTED Agent[09] HUMAN
2,talk,40,13,Over
2,talk,41,10,VOTE Agent[09]
2,talk,42,2,ESTIMATE Agent[10] VILLAGER
2,talk,43,4,Over
2,talk,44,12,Skip
2,talk,45,9,VOTE Agent[15]
2,talk,46,5,ESTIMATE Agent[08] WEREWOLF
2,talk,47,15,ESTIMATE Agent[14] WEREWOLF
2,talk,48,14,Over
2,talk,49,1,VOTE Agent[08]
2,talk,50,11,Over
2,talk,51,7,Over
2,whisper,8,11,Over
2,whisper,9,4,Over
2,talk,52,14,Over
2,talk,53,8,INQUESTED Agent[13] HUMAN
2,talk,54,4,Over
2,talk,55,10,Over
2,talk,56,2,ESTIMATE Agent[11] VILLAGER
2,talk,57,5,ESTIMATE Agent[01] VILLAGER
2,talk,58,1,VOTE Agent[08]
2,talk,59,12,Skip
2,talk,60,13,Over
2,talk,61,9,INQUESTED Agent[11] WEREWOLF
2,talk,62,15,VOTE Agent[08]
2,talk,63,7,Over
2,talk,64,11,Over
2,whisper,10,4,Over
2,whisper,11,11,Over
2,talk,65,13,Over
2,talk,66,12,Skip
2,talk,67,5,ESTIMATE Agent[14] VILLAGER
2,talk,68,4,Over
2,talk,69,9,VOTE Agent[11]
2,talk,70,1,VOTE Agent[08]
2,talk,71,2,ESTIMATE Agent[01] VILLAGER
2,talk,72,14,Over
2,talk,73,15,ESTIMATE Agent[13] SEER
2,talk,74,8,INQUESTED Agent[10] WEREWOLF
2,talk,75,10,Over
2,talk,76,7,Over
2,talk,77,11,Over
2,whisper,12,11,Over
2,whisper,13,4,Over
2,talk,78,9,VOTE Agent[13]
2,talk,79,8,INQUESTED Agent[08] HUMAN
2,talk,80,4,Over
2,talk,81,12,Skip
2,talk,82,15,Over
2,talk,83,14,Over
2,talk,84,13,Over
2,talk,85,5,ESTIMATE Agent[08] WEREWOLF
2,talk,86,2,Skip
2,talk,87,1,VOTE Agent[08]
2,talk,88,7,Over
2,talk,89,10,Over
2,talk,90,11,Over
2,whisper,14,11,Over
2,whisper,15,4,Over
2,talk,91,14,Over
2,talk,92,2,Skip
2,talk,93,9,VOTE Agent[13]
2,talk,94,8,INQUESTED Agent[06] WEREWOLF
2,talk,95,1,VOTE Agent[08]
2,talk,96,4,Over
2,talk,97,12,Skip
2,talk,98,13,Over
2,talk,99,15,Over
2,talk,100,5,ESTIMATE Agent[08] WEREWOLF
2,talk,101,7,Over
2,talk,102,10,Over
2,talk,103,11,Over
2,whisper,16,11,Over
2,whisper,17,4,Over
2,talk,104,12,Skip
2,talk,105,5,ESTIMATE Agent[15] VILLAGER
2,talk,106,1,Over
2,talk,107,14,Over
2,talk,108,13,Over
2,talk,109,15,Over
2,talk,110,9,INQUESTED Agent[04] WEREWOLF
2,talk,111,4,Over
2,talk,112,2,Skip
2,talk,113,8,INQUESTED Agent[12] HUMAN
2,talk,114,7,Over
2,talk,115,10,Over
2,talk,116,11,Over
2,whisper,18,4,Over
2,whisper,19,11,Over
2,talk,117,8,INQUESTED Agent[04] HUMAN
2,talk,118,13,Over
2,talk,119,2,Skip
2,talk,120,14,Over
2,talk,121,5,ESTIMATE Agent[08] WEREWOLF
2,talk,122,15,Over
2,talk,123,1,VOTE Agent[08]
2,talk,124,12,Skip
2,talk,125,9,INQUESTED Agent[13] WEREWOLF
2,talk,126,4,Over
2,talk,127,7,Over
2,talk,128,10,Over
2,talk,129,11,Over
2,whisper,20,4,Over
2,whisper,21,11,Over
2,vote,1,8
2,vote,2,7
2,vote,4,14
2,vote,5,8
2,vote,7,8
2,vote,8,9
2,vote,9,15
2,vote,10,9
2,vote,11,8
2,vote,12,4
2,vote,13,8
2,vote,14,13
2,vote,15,8
2,divine,13,1,HUMAN
2,guard,10,13,SEER
2,attackVote,4,2
2,attackVote,11,13
2,execute,8,MEDIUM
2,attack,2,true
3,status,1,VILLAGER,ALIVE,cash
3,status,2,VILLAGER,DEAD,kSugar
3,status,3,VILLAGER,DEAD,haretaro
3,status,4,WEREWOLF,ALIVE,Kanolab
3,status,5,VILLAGER,ALIVE,wasabi
3,status,6,WEREWOLF,DEAD,TOT
3,status,7,POSSESSED,ALIVE,nakamura
3,status,8,MEDIUM,DEAD,iace10442
3,status,9,VILLAGER,ALIVE,tkAI
3,status,10,BODYGUARD,ALIVE,NLwolf
3,status,11,WEREWOLF,ALIVE,carlo
3,status,12,VILLAGER,ALIVE,twn480
3,status,13,SEER,ALIVE,KajiGod
3,status,14,VILLAGER,ALIVE,howls
3,status,15,VILLAGER,ALIVE,Udon
3,talk,0,14,Over
3,talk,1,4,VOTE Agent[13]
3,talk,2,11,VOTE Agent[07]
3,talk,3,7,INQUESTED Agent[08] WEREWOLF
3,talk,4,10,Skip
3,talk,5,12,Skip
3,talk,6,15,VOTE Agent[09]
3,talk,7,13,DIVINED Agent[01] HUMAN
3,talk,8,5,ESTIMATE Agent[07] VILLAGER
3,talk,9,9,INQUESTED Agent[04] WEREWOLF
3,talk,10,1,Skip
3,whisper,0,4,Over
3,whisper,1,11,ATTACK Agent[13]
3,whisper,2,11,Over
3,whisper,3,4,Over
3,talk,11,15,ESTIMATE Agent[06] WEREWOLF
3,talk,12,5,ESTIMATE Agent[11] WEREWOLF
3,talk,13,1,VOTE Agent[14]
3,talk,14,4,Over
3,talk,15,9,INQUESTED Agent[15] WEREWOLF
3,talk,16,11,Over
3,talk,17,14,Over
3,talk,18,10,Skip
3,talk,19,12,Skip
3,talk,20,7,VOTE Agent[08]
3,talk,21,13,VOTE Agent[05]
3,whisper,4,4,Over
3,whisper,5,11,Over
3,talk,22,13,Over
3,talk,23,9,INQUESTED Agent[11] WEREWOLF
3,talk,24,7,Over
3,talk,25,4,Over
3,talk,26,10,Skip
3,talk,27,5,ESTIMATE Agent[01] VILLAGER
3,talk,28,15,ESTIMATE Agent[08] WEREWOLF
3,talk,29,14,Over
3,talk,30,11,Over
3,talk,31,1,VOTE Agent[14]
3,talk,32,12,Skip
3,whisper,6,4,Over
3,whisper,7,11,Over
3,talk,33,15,ESTIMATE Agent[14] WEREWOLF
3,talk,34,12,Skip
3,talk,35,10,VOTE Agent[13]
3,talk,36,14,Over
3,talk,37,9,VOTE Agent[11]
3,talk,38,13,Over
3,talk,39,4,Over
3,talk,40,7,Over
3,talk,41,1,Over
3,talk,42,11,Over
3,talk,43,5,ESTIMATE Agent[13] SEER
3,whisper,8,4,Over
3,whisper,9,11,Over
3,talk,44,7,Over
3,talk,45,14,Over
3,talk,46,4,Over
3,talk,47,13,Over
3,talk,48,12,Skip
3,talk,49,1,Over
3,talk,50,11,Over
3,talk,51,5,ESTIMATE Agent[12] WEREWOLF
3,talk,52,10,Over
3,talk,53,9,INQUESTED Agent[15] WEREWOLF
3,talk,54,15,ESTIMATE Agent[01] VILLAGER
3,whisper,10,4,Over
3,whisper,11,11,Over
3,talk,55,7,Over
3,talk,56,10,Over
3,talk,57,5,ESTIMATE Agent[15] WEREWOLF
3,talk,58,13,Over
3,talk,59,9,VOTE Agent[11]
3,talk,60,1,VOTE Agent[14]
3,talk,61,4,Over
3,talk,62,12,Skip
3,talk,63,15,ESTIMATE Agent[05] VILLAGER
3,talk,64,11,Over
3,talk,65,14,Over
3,whisper,12,11,Over
3,whisper,13,4,Over
3,talk,66,7,Over
3,talk,67,9,INQUESTED Agent[13] WEREWOLF
3,talk,68,1,VOTE Agent[14]
3,talk,69,4,Over
3,talk,70,15,ESTIMATE Agent[11] VILLAGER
3,talk,71,13,Over
3,talk,72,5,ESTIMATE Agent[12] WEREWOLF
3,talk,73,10,Over
3,talk,74,12,Skip
3,talk,75,11,Over
3,talk,76,14,Over
3,whisper,14,4,Over
3,whisper,15,11,Over
3,talk,77,1,Over
3,talk,78,9,INQUESTED Agent[04] WEREWOLF
3,talk,79,12,Skip
3,talk,80,4,Over
3,talk,81,7,Over
3,talk,82,10,Over
3,talk,83,15,ESTIMATE Agent[13] SEER
3,talk,84,5,ESTIMATE Agent[09] WEREWOLF
3,talk,85,13,Over
3,talk,86,11,Over
3,talk,87,14,Over
3,whisper,16,11,Over
3,whisper,17,4,Over
3,talk,88,4,Over
3,talk,89,9,VOTE Agent[04]
3,talk,90,5,ESTIMATE Agent[14] WEREWOLF
3,talk,91,15,Over
3,talk,92,1,VOTE Agent[14]
3,talk,93,12,Skip
3,talk,94,10,Over
3,talk,95,7,Over
3,talk,96,11,Over
3,talk,97,13,Over
3,talk,98,14,Over
3,whisper,18,4,Over
3,whisper,19,11,Over
3,talk,99,5,ESTIMATE Agent[14] WEREWOLF
3,talk,100,15,Over
3,talk,101,4,Over
3,talk,102,1,Over
3,talk,103,9,INQUESTED Agent[04] WEREWOLF
3,talk,104,12,Skip
3,talk,105,7,Over
3,talk,106,10,Over
3,talk,107,11,Over
3,talk,108,13,Over
3,talk,109,14,Over
3,whisper,20,11,Over
3,whisper,21,4,Over
3,vote,1,14
3,vote,4,13
3,vote,5,12
3,vote,7,12
3,vote,9,4
3,vote,10,13
3,vote,11,13
3,vote,12,7
3,vote,13,5
3,vote,14,13
3,vote,15,9
3,divine,13,11,WEREWOLF
3,guard,10,15,VILLAGER
3,attackVote,4,10
3,attackVote,11,13
3,execute,13,SEER
3,attack,10,true
4,status,1,VILLAGER,ALIVE,cash
4,status,2,VILLAGER,DEAD,kSugar
4,status,3,VILLAGER,DEAD,haretaro
4,status,4,WEREWOLF,ALIVE,Kanolab
4,status,5,VILLAGER,ALIVE,wasabi
4,status,6,WEREWOLF,DEAD,TOT
4,status,7,POSSESSED,ALIVE,nakamura
4,status,8,MEDIUM,DEAD,iace10442
4,status,9,VILLAGER,ALIVE,tkAI
4,status,10,BODYGUARD,DEAD,NLwolf
4,status,11,WEREWOLF,ALIVE,carlo
4,status,12,VILLAGER,ALIVE,twn480
4,status,13,SEER,DEAD,KajiGod
4,status,14,VILLAGER,ALIVE,howls
4,status,15,VILLAGER,ALIVE,Udon
4,talk,0,14,Over
4,talk,1,15,VOTE Agent[09]
4,talk,2,12,Skip
4,talk,3,5,ESTIMATE Agent[14] WEREWOLF
4,talk,4,9,INQUESTED Agent[04] WEREWOLF
4,talk,5,4,VOTE Agent[07]
4,talk,6,11,VOTE Agent[07]
4,talk,7,7,VOTE Agent[08]
4,talk,8,1,VOTE Agent[14]
4,whisper,0,4,Over
4,whisper,1,11,ATTACK Agent[13]
4,whisper,2,11,Over
4,whisper,3,4,Over
4,talk,9,14,Over
4,talk,10,11,Over
4,talk,11,12,Skip
4,talk,12,1,Over
4,talk,13,9,INQUESTED Agent[13] WEREWOLF
4,talk,14,4,Over
4,talk,15,7,Over
4,talk,16,5,ESTIMATE Agent[01] VILLAGER
4,talk,17,15,ESTIMATE Agent[06] WEREWOLF
4,whisper,4,4,Over
4,whisper,5,11,Over
4,talk,18,7,Over
4,talk,19,9,VOTE Agent[11]
4,talk,20,4,Over
4,talk,21,1,VOTE Agent[14]
4,talk,22,12,Skip
4,talk,23,5,ESTIMATE Agent[04] WEREWOLF
4,talk,24,11,Over
4,talk,25,15,ESTIMATE Agent[08] WEREWOLF
4,talk,26,14,Over
4,whisper,6,11,Over
4,whisper,7,4,Over
4,talk,27,4,Over
4,talk,28,15,ESTIMATE Agent[14] WEREWOLF
4,talk,29,9,VOTE Agent[11]
4,talk,30,11,Over
4,talk,31,7,Over
4,talk,32,5,ESTIMATE Agent[01] VILLAGER
4,talk,33,12,Skip
4,talk,34,1,Over
4,talk,35,14,Over
4,whisper,8,11,Over
4,whisper,9,4,Over
4,talk,36,15,ESTIMATE Agent[01] VILLAGER
4,talk,37,12,Skip
4,talk,38,11,Over
4,talk,39,9,VOTE Agent[13]
4,talk,40,5,Skip
4,talk,41,4,Over
4,talk,42,7,Over
4,talk,43,1,Over
4,talk,44,14,Over
4,whisper,10,11,Over
4,whisper,11,4,Over
4,talk,45,5,ESTIMATE Agent[11] WEREWOLF
4,talk,46,15,ESTIMATE Agent[05] VILLAGER
4,talk,47,12,Skip
4,talk,48,9,INQUESTED Agent[11] WEREWOLF
4,talk,49,11,Over
4,talk,50,1,VOTE Agent[14]
4,talk,51,4,Over
4,talk,52,7,Over
4,talk,53,14,Over
4,whisper,12,11,Over
4,whisper,13,4,Over
4,talk,54,5,ESTIMATE Agent[14] WEREWOLF
4,talk,55,9,INQUESTED Agent[13] WEREWOLF
4,talk,56,11,Over
4,talk,57,12,Skip
4,talk,58,15,ESTIMATE Agent[07] MEDIUM
4,talk,59,1,VOTE Agent[14]
4,talk,60,4,Over
4,talk,61,7,Over
4,talk,62,14,Over
4,whisper,14,4,Over
4,whisper,15,11,Over
4,talk,63,1,Over
4,talk,64,15,ESTIMATE Agent[11] VILLAGER
4,talk,65,12,Skip
4,talk,66,11,Over
4,talk,67,9,INQUESTED Agent[15] WEREWOLF
4,talk,68,5,ESTIMATE Agent[09] WEREWOLF
4,talk,69,4,Over
4,talk,70,7,Over
4,talk,71,14,Over
4,whisper,16,11,Over
4,whisper,17,4,Over
4,talk,72,5,ESTIMATE Agent[07] VILLAGER
4,talk,73,15,Over
4,talk,74,11,Over
4,talk,75,9,INQUESTED Agent[04] WEREWOLF
4,talk,76,12,Skip
4,talk,77,1,VOTE Agent[14]
4,talk,78,4,Over
4,talk,79,7,Over
4,talk,80,14,Over
4,whisper,18,11,Over
4,whisper,19,4,Over
4,talk,81,9,VOTE Agent[04]
4,talk,82,15,Over
4,talk,83,1,Over
4,talk,84,12,Skip
4,talk,85,11,Over
4,talk,86,5,ESTIMATE Agent[12] WEREWOLF
4,talk,87,4,Over
4,talk,88,7,Over
4,talk,89,14,Over
4,whisper,20,4,Over
4,whisper,21,11,Over
4,vote,1,14
4,vote,4,7
4,vote,5,14
4,vote,7,12
4,vote,9,4
4,vote,11,7
4,vote,12,7
4,vote,14,4
4,vote,15,9
4,attackVote,4,14
4,execute,7,POSSESSED
4,attack,14,true
5,status,1,VILLAGER,ALIVE,cash
5,status,2,VILLAGER,DEAD,kSugar
5,status,3,VILLAGER,DEAD,haretaro
5,status,4,WEREWOLF,ALIVE,Kanolab
5,status,5,VILLAGER,ALIVE,wasabi
5,status,6,WEREWOLF,DEAD,TOT
5,status,7,POSSESSED,DEAD,nakamura
5,status,8,MEDIUM,DEAD,iace10442
5,status,9,VILLAGER,ALIVE,tkAI
5,status,10,BODYGUARD,DEAD,NLwolf
5,status,11,WEREWOLF,ALIVE,carlo
5,status,12,VILLAGER,ALIVE,twn480
5,status,13,SEER,DEAD,KajiGod
5,status,14,VILLAGER,DEAD,howls
5,status,15,VILLAGER,ALIVE,Udon
5,talk,0,4,VOTE Agent[05]
5,talk,1,1,VOTE Agent[12]
5,talk,2,12,Skip
5,talk,3,5,ESTIMATE Agent[04] WEREWOLF
5,talk,4,9,VOTE Agent[11]
5,talk,5,15,VOTE Agent[09]
5,talk,6,11,COMINGOUT Agent[11] SEER
5,whisper,0,4,Over
5,whisper,1,11,COMINGOUT Agent[11] SEER
5,whisper,2,4,Over
5,whisper,3,11,ATTACK Agent[13]
5,whisper,4,11,Over
5,whisper,5,4,Over
5,talk,7,15,ESTIMATE Agent[01] WEREWOLF
5,talk,8,4,Over
5,talk,9,5,ESTIMATE Agent[04] WEREWOLF
5,talk,10,11,DIVINED Agent[04] HUMAN
5,talk,11,1,Skip
5,talk,12,9,INQUESTED Agent[15] WEREWOLF
5,talk,13,12,Skip
5,whisper,6,11,Over
5,whisper,7,4,Over
5,talk,14,5,ESTIMATE Agent[04] VILLAGER
5,talk,15,11,DIVINED Agent[15] HUMAN
5,talk,16,12,Skip
5,talk,17,15,ESTIMATE Agent[07] WEREWOLF
5,talk,18,9,VOTE Agent[11]
5,talk,19,1,Skip
5,talk,20,4,Over
5,whisper,8,4,Over
5,whisper,9,11,Over
5,talk,21,11,DIVINED Agent[12] HUMAN
5,talk,22,12,Skip
5,talk,23,15,ESTIMATE Agent[13] WEREWOLF
5,talk,24,1,Skip
5,talk,25,5,ESTIMATE Agent[09] WEREWOLF
5,talk,26,9,INQUESTED Agent[15] WEREWOLF
5,talk,27,4,Over
5,whisper,10,11,Over
5,whisper,11,4,Over
5,talk,28,9,INQUESTED Agent[15] WEREWOLF
5,talk,29,11,DIVINED Agent[15] HUMAN
5,talk,30,15,ESTIMATE Agent[04] VILLAGER
5,talk,31,5,ESTIMATE Agent[11] WEREWOLF
5,talk,32,1,Skip
5,talk,33,12,Skip
5,talk,34,4,Over
5,whisper,12,4,Over
5,whisper,13,11,Over
5,talk,35,15,ESTIMATE Agent[12] VILLAGER
5,talk,36,9,VOTE Agent[04]
5,talk,37,12,Skip
5,talk,38,1,VOTE Agent[09]
5,talk,39,11,DIVINED Agent[01] HUMAN
5,talk,40,5,ESTIMATE Agent[11] WEREWOLF
5,talk,41,4,Over
5,whisper,14,4,Over
5,whisper,15,11,Over
5,talk,42,9,INQUESTED Agent[15] WEREWOLF
5,talk,43,1,Skip
5,talk,44,12,Skip
5,talk,45,5,ESTIMATE Agent[15] VILLAGER
5,talk,46,15,ESTIMATE Agent[01] VILLAGER
5,talk,47,11,VOTE Agent[09]
5,talk,48,4,Over
5,whisper,16,4,Over
5,whisper,17,11,Over
5,talk,49,9,INQUESTED Agent[04] WEREWOLF
5,talk,50,11,Over
5,talk,51,1,VOTE Agent[09]
5,talk,52,15,Over
5,talk,53,5,ESTIMATE Agent[04] VILLAGER
5,talk,54,12,Skip
5,talk,55,4,Over
5,whisper,18,4,Over
5,whisper,19,11,Over
5,talk,56,12,Skip
5,talk,57,5,ESTIMATE Agent[09] WEREWOLF
5,talk,58,1,Over
5,talk,59,11,Over
5,talk,60,9,VOTE Agent[15]
5,talk,61,15,Over
5,talk,62,4,Over
5,whisper,20,11,Over
5,whisper,21,4,Over
5,talk,63,1,Over
5,talk,64,12,Skip
5,talk,65,5,ESTIMATE Agent[11] WEREWOLF
5,talk,66,11,Over
5,talk,67,9,VOTE Agent[15]
5,talk,68,4,Over
5,talk,69,15,Over
5,whisper,22,4,Over
5,whisper,23,11,Over
5,vote,1,9
5,vote,4,5
5,vote,5,9
5,vote,9,4
5,vote,11,9
5,vote,12,11
5,vote,15,9
5,attackVote,4,15
5,execute,9,VILLAGER
5,attack,15,true
6,status,1,VILLAGER,ALIVE,cash
6,status,2,VILLAGER,DEAD,kSugar
6,status,3,VILLAGER,DEAD,haretaro
6,status,4,WEREWOLF,ALIVE,Kanolab
6,status,5,VILLAGER,ALIVE,wasabi
6,status,6,WEREWOLF,DEAD,TOT
6,status,7,POSSESSED,DEAD,nakamura
6,status,8,MEDIUM,DEAD,iace10442
6,status,9,VILLAGER,DEAD,tkAI
6,status,10,BODYGUARD,DEAD,NLwolf
6,status,11,WEREWOLF,ALIVE,carlo
6,status,12,VILLAGER,ALIVE,twn480
6,status,13,SEER,DEAD,KajiGod
6,status,14,VILLAGER,DEAD,howls
6,status,15,VILLAGER,DEAD,Udon
6,talk,0,4,VOTE Agent[12]
6,talk,1,11,DIVINED Agent[05] HUMAN
6,talk,2,12,Skip
6,talk,3,1,VOTE Agent[11]
6,talk,4,5,ESTIMATE Agent[11] WEREWOLF
6,whisper,0,11,ATTACK Agent[13]
6,whisper,1,4,Over
6,whisper,2,11,Over
6,talk,5,12,Skip
6,talk,6,11,VOTE Agent[01]
6,talk,7,5,ESTIMATE Agent[12] WEREWOLF
6,talk,8,4,Over
6,talk,9,1,Over
6,whisper,3,4,Over
6,whisper,4,11,Over
6,talk,10,11,Over
6,talk,11,5,ESTIMATE Agent[12] WEREWOLF
6,talk,12,12,Skip
6,talk,13,1,Over
6,talk,14,4,Over
6,whisper,5,11,Over
6,whisper,6,4,Over
6,talk,15,12,Skip
6,talk,16,5,ESTIMATE Agent[12] WEREWOLF
6,talk,17,11,Over
6,talk,18,1,Over
6,talk,19,4,Over
6,whisper,7,4,Over
6,whisper,8,11,Over
6,talk,20,5,ESTIMATE Agent[11] WEREWOLF
6,talk,21,12,Skip
6,talk,22,1,Over
6,talk,23,4,Over
6,talk,24,11,Over
6,whisper,9,4,Over
6,whisper,10,11,Over
6,talk,25,12,Skip
6,talk,26,5,ESTIMATE Agent[11] WEREWOLF
6,talk,27,1,Over
6,talk,28,4,Over
6,talk,29,11,Over
6,whisper,11,11,Over
6,whisper,12,4,Over
6,talk,30,5,ESTIMATE Agent[11] WEREWOLF
6,talk,31,12,Skip
6,talk,32,1,Over
6,talk,33,4,Over
6,talk,34,11,Over
6,whisper,13,4,Over
6,whisper,14,11,Over
6,talk,35,5,ESTIMATE Agent[11] WEREWOLF
6,talk,36,12,Skip
6,talk,37,1,Over
6,talk,38,4,Over
6,talk,39,11,Over
6,whisper,15,4,Over
6,whisper,16,11,Over
6,talk,40,5,Skip
6,talk,41,12,Skip
6,talk,42,1,Over
6,talk,43,4,Over
6,talk,44,11,Over
6,whisper,17,4,Over
6,whisper,18,11,Over
6,talk,45,12,Skip
6,talk,46,5,ESTIMATE Agent[12] WEREWOLF
6,talk,47,1,Over
6,talk,48,4,Over
6,talk,49,11,Over
6,whisper,19,11,Over
6,whisper,20,4,Over
6,vote,1,11
6,vote,4,12
6,vote,5,12
6,vote,11,1
6,vote,12,5
6,attackVote,4,12
6,execute,12,VILLAGER
6,attack,-1,false
7,status,1,VILLAGER,ALIVE,cash
7,status,2,VILLAGER,DEAD,kSugar
7,status,3,VILLAGER,DEAD,haretaro
7,status,4,WEREWOLF,ALIVE,Kanolab
7,status,5,VILLAGER,ALIVE,wasabi
7,status,6,WEREWOLF,DEAD,TOT
7,status,7,POSSESSED,DEAD,nakamura
7,status,8,MEDIUM,DEAD,iace10442
7,status,9,VILLAGER,DEAD,tkAI
7,status,10,BODYGUARD,DEAD,NLwolf
7,status,11,WEREWOLF,ALIVE,carlo
7,status,12,VILLAGER,DEAD,twn480
7,status,13,SEER,DEAD,KajiGod
7,status,14,VILLAGER,DEAD,howls
7,status,15,VILLAGER,DEAD,Udon
7,result,2,2,WEREWOLF
