0,status,1,VILLAGER,ALIVE,cash
0,status,2,VILLAGER,ALIVE,kSugar
0,status,3,WEREWOLF,ALIVE,haretaro
0,status,4,VILLAGER,ALIVE,Kanolab
0,status,5,VILLAGER,ALIVE,wasabi
0,status,6,BODYGUARD,ALIVE,TOT
0,status,7,MEDIUM,ALIVE,nakamura
0,status,8,VILLAGER,ALIVE,iace10442
0,status,9,WEREWOLF,ALIVE,tkAI
0,status,10,VILLAGER,ALIVE,NLwolf
0,status,11,VILLAGER,ALIVE,carlo
0,status,12,VILLAGER,ALIVE,twn480
0,status,13,SEER,ALIVE,KajiGod
0,status,14,POSSESSED,ALIVE,howls
0,status,15,WEREWOLF,ALIVE,Udon
0,talk,0,13,VOTE Agent[08]
0,talk,1,14,Over
0,talk,2,10,Skip
0,talk,3,2,COMINGOUT Agent[02] VILLAGER
0,talk,4,8,ESTIMATE Agent[01] VILLAGER
0,talk,5,9,Over
0,talk,6,11,VOTE Agent[01]
0,talk,7,6,Over
0,talk,8,15,COMINGOUT Agent[15] SEER
0,talk,9,3,VOTE Agent[09]
0,talk,10,5,ESTIMATE Agent[15] SEER
0,talk,11,4,VOTE Agent[03]
0,talk,12,7,ESTIMATE Agent[14] WEREWOLF
0,talk,13,1,VOTE Agent[02]
0,talk,14,12,Skip
0,whisper,0,9,Over
0,whisper,1,15,COMINGOUT Agent[15] SEER
0,whisper,2,3,Over
0,whisper,3,15,ATTACK Agent[04]
0,whisper,4,9,Over
0,whisper,5,3,Over
0,whisper,6,15,Over
0,talk,15,15,VOTE Agent[02]
0,talk,16,1,Over
0,talk,17,7,VOTE Agent[14]
0,talk,18,10,Skip
0,talk,19,4,ESTIMATE Agent[15] SEER
0,talk,20,3,Skip
0,talk,21,9,Over
0,talk,22,6,Over
0,talk,23,14,Over
0,talk,24,13,COMINGOUT Agent[13] SEER
0,talk,25,2,Skip
0,talk,26,5,ESTIMATE Agent[06] VILLAGER
0,talk,27,8,ESTIMATE Agent[11] VILLAGER
0,talk,28,11,Over
0,talk,29,12,Skip
0,whisper,7,3,Over
0,whisper,8,15,ATTACK Agent[13]
0,whisper,9,9,Over
0,whisper,10,3,Over
0,whisper,11,15,Over
0,talk,30,3,Skip
0,talk,31,14,Over
0,talk,32,12,Skip
0,talk,33,2,ESTIMATE Agent[01] VILLAGER
0,talk,34,13,VOTE Agent[15]
0,talk,35,15,Over
0,talk,36,1,VOTE Agent[02]
0,talk,37,9,Over
0,talk,38,11,Over
0,talk,39,5,ESTIMATE Agent[15] WEREWOLF
0,talk,40,10,Skip
0,talk,41,4,ESTIMATE Agent[01] VILLAGER
0,talk,42,6,Over
0,talk,43,8,Skip
0,talk,44,7,Over
0,whisper,12,3,Over
0,whisper,13,9,Over
0,whisper,14,15,Over
0,talk,45,4,Over
0,talk,46,14,Over
0,talk,47,13,Over
0,talk,48,6,Over
0,talk,49,10,VOTE Agent[13]
0,talk,50,1,Over
0,talk,51,8,VOTE Agent[05]
0,talk,52,11,Over
0,talk,53,5,ESTIMATE Agent[15] WEREWOLF
0,talk,54,2,Skip
0,talk,55,9,Over
0,talk,56,12,Skip
0,talk,57,15,Over
0,talk,58,3,Skip
0,talk,59,7,Over
0,whisper,15,3,Over
0,whisper,16,9,Over
0,whisper,17,15,Over
0,talk,60,9,Over
0,talk,61,1,Over
0,talk,62,12,Skip
0,talk,63,10,Over
0,talk,64,15,Over
0,talk,65,8,VOTE Agent[09]
0,talk,66,2,ESTIMATE Agent[01] VILLAGER
0,talk,67,5,Skip
0,talk,68,3,Skip
0,talk,69,13,Over
0,talk,70,4,Over
0,talk,71,6,Over
0,talk,72,14,Over
0,talk,73,11,Over
0,talk,74,7,Over
0,whisper,18,3,Over
0,whisper,19,15,Over
0,whisper,20,9,Over
0,talk,75,15,Over
0,talk,76,10,Over
0,talk,77,12,Skip
0,talk,78,8,VOTE Agent[03]
0,talk,79,1,Over
0,talk,80,9,Over
0,talk,81,2,Skip
0,talk,82,5,ESTIMATE Agent[15] WEREWOLF
0,talk,83,3,Skip
0,talk,84,4,Over
0,talk,85,6,Over
0,talk,86,7,Over
0,talk,87,11,Over
0,talk,88,13,Over
0,talk,89,14,Over
0,whisper,21,9,Over
0,whisper,22,3,Over
0,whisper,23,15,Over
0,talk,90,2,ESTIMATE Agent[03] VILLAGER
0,talk,91,1,Over
0,talk,92,8,VOTE Agent[10]
0,talk,93,15,Over
0,talk,94,12,Skip
0,talk,95,9,Over
0,talk,96,5,ESTIMATE Agent[13] WEREWOLF
0,talk,97,10,Over
0,talk,98,3,Skip
0,talk,99,4,Over
0,talk,100,6,Over
0,talk,101,7,Over
0,talk,102,11,Over
0,talk,103,13,Over
0,talk,104,14,Over
0,whisper,24,15,Over
0,whisper,25,9,Over
0,whisper,26,3,Over
0,talk,105,3,Skip
0,talk,106,10,Over
0,talk,107,12,Skip
0,talk,108,1,Over
0,talk,109,15,Over
0,talk,110,2,Skip
0,talk,111,5,ESTIMATE Agent[13] WEREWOLF
0,talk,112,8,VOTE Agent[07]
0,talk,113,9,Over
0,talk,114,4,Over
0,talk,115,6,Over
0,talk,116,7,Over
0,talk,117,11,Over
0,talk,118,13,Over
0,talk,119,14,Over
0,whisper,27,3,Over
0,whisper,28,9,Over
0,whisper,29,15,Over
0,talk,120,3,Skip
0,talk,121,10,Over
0,talk,122,12,Skip
0,talk,123,15,Over
0,talk,124,5,ESTIMATE Agent[10] VILLAGER
0,talk,125,8,VOTE Agent[05]
0,talk,126,1,Over
0,talk,127,2,ESTIMATE Agent[04] VILLAGER
0,talk,128,4,Over
0,talk,129,6,Over
0,talk,130,7,Over
0,talk,131,9,Over
0,talk,132,11,Over
0,talk,133,13,Over
0,talk,134,14,Over
0,whisper,30,9,Over
0,whisper,31,3,Over
0,whisper,32,15,Over
0,talk,135,15,Over
0,talk,136,5,ESTIMATE Agent[13] WEREWOLF
0,talk,137,1,Over
0,talk,138,10,Over
0,talk,139,2,Skip
0,talk,140,8,VOTE Agent[10]
0,talk,141,3,Skip
0,talk,142,12,Skip
0,talk,143,4,Over
0,talk,144,6,Over
0,talk,145,7,Over
0,talk,146,9,Over
0,talk,147,11,Over
0,talk,148,13,Over
0,talk,149,14,Over
0,whisper,33,9,Over
0,whisper,34,15,Over
0,whisper,35,3,Over
0,divine,13,8,HUMAN
1,status,1,VILLAGER,ALIVE,cash
1,status,2,VILLAGER,ALIVE,kSugar
1,status,3,WEREWOLF,ALIVE,haretaro
1,status,4,VILLAGER,ALIVE,Kanolab
1,status,5,VILLAGER,ALIVE,wasabi
1,status,6,BODYGUARD,ALIVE,TOT
1,status,7,MEDIUM,ALIVE,nakamura
1,status,8,VILLAGER,ALIVE,iace10442
1,status,9,WEREWOLF,ALIVE,tkAI
1,status,10,VILLAGER,ALIVE,NLwolf
1,status,11,VILLAGER,ALIVE,carlo
1,status,12,VILLAGER,ALIVE,twn480
1,status,13,SEER,ALIVE,KajiGod
1,status,14,POSSESSED,ALIVE,howls
1,status,15,WEREWOLF,ALIVE,Udon
1,talk,0,8,Skip
1,talk,1,7,ESTIMATE Agent[14] WEREWOLF
1,talk,2,1,VOTE Agent[02]
1,talk,3,2,VOTE Agent[12]
1,talk,4,15,DIVINED Agent[12] HUMAN
1,talk,5,14,DIVINED Agent[03] HUMAN
1,talk,6,5,ESTIMATE Agent[11] VILLAGER
1,talk,7,10,Skip
1,talk,8,11,VOTE Agent[01]
1,talk,9,13,DIVINED Agent[08] HUMAN
1,talk,10,12,Skip
1,talk,11,3,Skip
1,talk,12,9,Over
1,talk,13,4,VOTE Agent[11]
1,talk,14,6,VOTE Agent[08]
1,whisper,0,3,Over
1,whisper,1,9,Over
1,whisper,2,15,Over
1,talk,15,15,VOTE Agent[02]
1,talk,16,13,VOTE Agent[15]
1,talk,17,11,Over
1,talk,18,8,Skip
1,talk,19,12,Skip
1,talk,20,6,Over
1,talk,21,9,Over
1,talk,22,2,VOTE Agent[06]
1,talk,23,7,VOTE Agent[14]
1,talk,24,4,VOTE Agent[03]
1,talk,25,3,Skip
1,talk,26,10,Skip
1,talk,27,5,ESTIMATE Agent[07] VILLAGER
1,talk,28,1,Skip
1,talk,29,14,Over
1,whisper,3,9,Over
1,whisper,4,3,Over
1,whisper,5,15,Over
1,talk,30,2,ESTIMATE Agent[05] VILLAGER
1,talk,31,3,Skip
1,talk,32,4,VOTE Agent[07]
1,talk,33,12,Skip
1,talk,34,1,VOTE Agent[15]
1,talk,35,6,Over
1,talk,36,10,Skip
1,talk,37,8,ESTIMATE Agent[09] WEREWOLF
1,talk,38,13,Over
1,talk,39,5,Skip
1,talk,40,15,Over
1,talk,41,9,Over
1,talk,42,7,Over
1,talk,43,11,Over
1,talk,44,14,Over
1,whisper,6,9,Over
1,whisper,7,3,Over
1,whisper,8,15,Over
1,talk,45,10,VOTE Agent[13]
1,talk,46,13,Over
1,talk,47,2,ESTIMATE Agent[06] VILLAGER
1,talk,48,8,VOTE Agent[06]
1,talk,49,1,Over
1,talk,50,3,Skip
1,talk,51,4,VOTE Agent[14]
1,talk,52,12,Skip
1,talk,53,5,ESTIMATE Agent[15] WEREWOLF
1,talk,54,6,Over
1,talk,55,7,Over
1,talk,56,9,Over
1,talk,57,11,Over
1,talk,58,14,Over
1,talk,59,15,Over
1,whisper,9,3,Over
1,whisper,10,9,Over
1,whisper,11,15,Over
1,talk,60,3,Skip
1,talk,61,2,ESTIMATE Agent[07] VILLAGER
1,talk,62,1,Over
1,talk,63,12,Skip
1,talk,64,5,ESTIMATE Agent[13] WEREWOLF
1,talk,65,10,Over
1,talk,66,8,Over
1,talk,67,4,VOTE Agent[02]
1,talk,68,13,Over
1,talk,69,6,Over
1,talk,70,7,Over
1,talk,71,9,Over
1,talk,72,11,Over
1,talk,73,14,Over
1,talk,74,15,Over
1,whisper,12,3,Over
1,whisper,13,15,Over
1,whisper,14,9,Over
1,talk,75,4,VOTE Agent[09]
1,talk,76,5,ESTIMATE Agent[04] VILLAGER
1,talk,77,8,VOTE Agent[09]
1,talk,78,12,Skip
1,talk,79,3,Skip
1,talk,80,1,Over
1,talk,81,2,ESTIMATE Agent[04] VILLAGER
1,talk,82,10,Over
1,talk,83,6,Over
1,talk,84,7,Over
1,talk,85,9,Over
1,talk,86,11,Over
1,talk,87,13,Over
1,talk,88,14,Over
1,talk,89,15,Over
1,whisper,15,3,Over
1,whisper,16,15,Over
1,whisper,17,9,Over
1,talk,90,1,Over
1,talk,91,4,ESTIMATE Agent[15] SEER
1,talk,92,2,VOTE Agent[15]
1,talk,93,12,Skip
1,talk,94,8,VOTE Agent[06]
1,talk,95,3,Skip
1,talk,96,5,ESTIMATE Agent[13] WEREWOLF
1,talk,97,6,Over
1,talk,98,7,Over
1,talk,99,9,Over
1,talk,100,10,Over
1,talk,101,11,Over
1,talk,102,13,Over
1,talk,103,14,Over
1,talk,104,15,Over
1,whisper,18,9,Over
1,whisper,19,15,Over
1,whisper,20,3,Over
1,talk,105,1,Over
1,talk,106,3,Skip
1,talk,107,5,Skip
1,talk,108,2,Skip
1,talk,109,8,VOTE Agent[07]
1,talk,110,4,VOTE Agent[06]
1,talk,111,12,Skip
1,talk,112,6,Over
1,talk,113,7,Over
1,talk,114,9,Over
1,talk,115,10,Over
1,talk,116,11,Over
1,talk,117,13,Over
1,talk,118,14,Over
1,talk,119,15,Over
1,whisper,21,3,Over
1,whisper,22,9,Over
1,whisper,23,15,Over
1,talk,120,12,Skip
1,talk,121,8,VOTE Agent[12]
1,talk,122,2,Skip
1,talk,123,1,Over
1,talk,124,3,Skip
1,talk,125,4,VOTE Agent[15]
1,talk,126,5,ESTIMATE Agent[13] WEREWOLF
1,talk,127,6,Over
1,talk,128,7,Over
1,talk,129,9,Over
1,talk,130,10,Over
1,talk,131,11,Over
1,talk,132,13,Over
1,talk,133,14,Over
1,talk,134,15,Over
1,whisper,24,3,Over
1,whisper,25,15,Over
1,whisper,26,9,Over
1,talk,135,12,Skip
1,talk,136,3,Skip
1,talk,137,4,VOTE Agent[05]
1,talk,138,8,Over
1,talk,139,1,Over
1,talk,140,5,ESTIMATE Agent[15] WEREWOLF
1,talk,141,2,Skip
1,talk,142,6,Over
1,talk,143,7,Over
1,talk,144,9,Over
1,talk,145,10,Over
1,talk,146,11,Over
1,talk,147,13,Over
1,talk,148,14,Over
1,talk,149,15,Over
1,whisper,27,3,Over
1,whisper,28,15,Over
1,whisper,29,9,Over
1,vote,1,15
1,vote,2,15
1,vote,3,9
1,vote,4,13
1,vote,5,3
1,vote,6,8
1,vote,7,14
1,vote,8,12
1,vote,9,5
1,vote,10,13
1,vote,11,1
1,vote,12,6
1,vote,13,15
1,vote,14,15
1,vote,15,2
1,divine,13,6,HUMAN
1,guard,6,13,SEER
1,attackVote,3,5
1,attackVote,9,4
1,attackVote,15,13
1,execute,15,WEREWOLF
1,attack,4,true
2,status,1,VILLAGER,ALIVE,cash
2,status,2,VILLAGER,ALIVE,kSugar
2,status,3,WEREWOLF,ALIVE,haretaro
2,status,4,VILLAGER,DEAD,Kanolab
2,status,5,VILLAGER,ALIVE,wasabi
2,status,6,BODYGUARD,ALIVE,TOT
2,status,7,MEDIUM,ALIVE,nakamura
2,status,8,VILLAGER,ALIVE,iace10442
2,status,9,WEREWOLF,ALIVE,tkAI
2,status,10,VILLAGER,ALIVE,NLwolf
2,status,11,VILLAGER,ALIVE,carlo
2,status,12,VILLAGER,ALIVE,twn480
2,status,13,SEER,ALIVE,KajiGod
2,status,14,POSSESSED,ALIVE,howls
2,status,15,WEREWOLF,DEAD,Udon
2,talk,0,6,VOTE Agent[08]
2,talk,1,10,Skip
2,talk,2,13,DIVINED Agent[06] HUMAN
2,talk,3,5,ESTIMATE Agent[03] WEREWOLF
2,talk,4,3,VOTE Agent[09]
2,talk,5,2,VOTE Agent[09]
2,talk,6,14,DIVINED Agent[04] HUMAN
2,talk,7,12,Skip
2,talk,8,9,Over
2,talk,9,7,INQUESTED Agent[15] WEREWOLF
2,talk,10,8,ESTIMATE Agent[06] VILLAGER
2,talk,11,1,Skip
2,talk,12,11,VOTE Agent[01]
2,whisper,0,3,Over
2,whisper,1,9,Over
2,talk,13,7,ESTIMATE Agent[14] WEREWOLF
2,talk,14,9,Over
2,talk,15,3,Skip
2,talk,16,13,VOTE Agent[02]
2,talk,17,1,Skip
2,talk,18,2,VOTE Agent[09]
2,talk,19,14,Over
2,talk,20,6,ESTIMATE Agent[13] SEER
2,talk,21,5,ESTIMATE Agent[06] VILLAGER
2,talk,22,10,Skip
2,talk,23,8,Skip
2,talk,24,11,Over
2,talk,25,12,Skip
2,whisper,2,9,Over
2,whisper,3,3,Over
2,talk,26,1,VOTE Agent[11]
2,talk,27,6,Over
2,talk,28,8,Skip
2,talk,29,14,Over
2,talk,30,10,Skip
2,talk,31,7,VOTE Agent[14]
2,talk,32,12,Skip
2,talk,33,5,ESTIMATE Agent[11] WEREWOLF
2,talk,34,3,Skip
2,talk,35,13,Over
2,talk,36,9,Over
2,talk,37,2,ESTIMATE Agent[03] VILLAGER
2,talk,38,11,Over
2,whisper,4,9,Over
2,whisper,5,3,Over
2,talk,39,7,Over
2,talk,40,12,Skip
2,talk,41,1,Over
2,talk,42,2,ESTIMATE Agent[06] VILLAGER
2,talk,43,6,Over
2,talk,44,3,Skip
2,talk,45,14,Over
2,talk,46,10,VOTE Agent[13]
2,talk,47,8,VOTE Agent[06]
2,talk,48,5,ESTIMATE Agent[12] VILLAGER
2,talk,49,13,Over
2,talk,50,9,Over
2,talk,51,11,Over
2,whisper,6,9,Over
2,whisper,7,3,Over
2,talk,52,5,Skip
2,talk,53,12,Skip
2,talk,54,2,ESTIMATE Agent[08] VILLAGER
2,talk,55,7,Over
2,talk,56,3,Skip
2,talk,57,10,Over
2,talk,58,6,Over
2,talk,59,14,Over
2,talk,60,1,Over
2,talk,61,8,VOTE Agent[05]
2,talk,62,9,Over
2,talk,63,11,Over
2,talk,64,13,Over
2,whisper,8,9,Over
2,whisper,9,3,Over
2,talk,65,2,ESTIMATE Agent[09] VILLAGER
2,talk,66,3,Skip
2,talk,67,6,Over
2,talk,68,12,Skip
2,talk,69,5,Skip
2,talk,70,8,VOTE Agent[10]
2,talk,71,14,Over
2,talk,72,7,Over
2,talk,73,10,Over
2,talk,74,1,Over
2,talk,75,9,Over
2,talk,76,11,Over
2,talk,77,13,Over
2,whisper,10,3,Over
2,whisper,11,9,Over
2,talk,78,3,Skip
2,talk,79,12,Skip
2,talk,80,5,ESTIMATE Agent[14] WEREWOLF
2,talk,81,2,Skip
2,talk,82,8,VOTE Agent[09]
2,talk,83,6,Over
2,talk,84,1,Over
2,talk,85,7,Over
2,talk,86,9,Over
2,talk,87,10,Over
2,talk,88,11,Over
2,talk,89,13,Over
2,talk,90,14,Over
2,whisper,12,3,Over
2,whisper,13,9,Over
2,talk,91,2,Skip
2,talk,92,5,ESTIMATE Agent[09] WEREWOLF
2,talk,93,12,Skip
2,talk,94,3,Skip
2,talk,95,8,Over
2,talk,96,1,Over
2,talk,97,6,Over
2,talk,98,7,Over
2,talk,99,9,Over
2,talk,100,10,Over
2,talk,101,11,Over
2,talk,102,13,Over
2,talk,103,14,Over
2,whisper,14,9,Over
2,whisper,15,3,Over
2,talk,104,2,Skip
2,talk,105,12,Skip
2,talk,106,5,ESTIMATE Agent[13] WEREWOLF
2,talk,107,3,Skip
2,talk,108,1,Over
2,talk,109,6,Over
2,talk,110,7,Over
2,talk,111,8,VOTE Agent[05]
2,talk,112,9,Over
2,talk,113,10,Over
2,talk,114,11,Over
2,talk,115,13,Over
2,talk,116,14,Over
2,whisper,16,3,Over
2,whisper,17,9,Over
2,talk,117,6,Over
2,talk,118,12,Skip
2,talk,119,2,Skip
2,talk,120,5,ESTIMATE Agent[06] VILLAGER
2,talk,121,8,VOTE Agent[10]
2,talk,122,3,Skip
2,talk,123,1,Over
2,talk,124,7,Over
2,talk,125,9,Over
2,talk,126,10,Over
2,talk,127,11,Over
2,talk,128,13,Over
2,talk,129,14,Over
2,whisper,18,9,Over
2,whisper,19,3,Over
2,vote,1,11
2,vote,2,9
2,vote,3,6
2,vote,5,2
2,vote,6,8
2,vote,7,14
2,vote,8,10
2,vote,9,2
2,vote,10,13
2,vote,11,1
2,vote,12,5
2,vote,13,2
2,vote,14,1
2,divine,13,14,HUMAN
2,guard,6,13,SEER
2,attackVote,3,5
2,attackVote,9,7
2,execute,2,VILLAGER
2,attack,5,true
3,status,1,VILLAGER,ALIVE,cash
3,status,2,VILLAGER,DEAD,kSugar
3,status,3,WEREWOLF,ALIVE,haretaro
3,status,4,VILLAGER,DEAD,Kanolab
3,status,5,VILLAGER,DEAD,wasabi
3,status,6,BODYGUARD,ALIVE,TOT
3,status,7,MEDIUM,ALIVE,nakamura
3,status,8,VILLAGER,ALIVE,iace10442
3,status,9,WEREWOLF,ALIVE,tkAI
3,status,10,VILLAGER,ALIVE,NLwolf
3,status,11,VILLAGER,ALIVE,carlo
3,status,12,VILLAGER,ALIVE,twn480
3,status,13,SEER,ALIVE,KajiGod
3,status,14,POSSESSED,ALIVE,howls
3,status,15,WEREWOLF,DEAD,Udon
3,talk,0,1,VOTE Agent[11]
3,talk,1,9,Over
3,talk,2,14,DIVINED Agent[06] HUMAN
3,talk,3,8,Skip
3,talk,4,10,Skip
3,talk,5,13,DIVINED Agent[14] HUMAN
3,talk,6,3,Skip
3,talk,7,12,Skip
3,talk,8,6,VOTE Agent[08]
3,talk,9,11,VOTE Agent[03]
3,talk,10,7,INQUESTED Agent[02] HUMAN
3,whisper,0,9,Over
3,whisper,1,3,Over
3,talk,11,13,VOTE Agent[01]
3,talk,12,8,Skip
3,talk,13,9,Over
3,talk,14,11,VOTE Agent[09]
3,talk,15,6,Over
3,talk,16,7,ESTIMATE Agent[14] WEREWOLF
3,talk,17,3,Skip
3,talk,18,12,Skip
3,talk,19,1,Skip
3,talk,20,10,Skip
3,talk,21,14,Over
3,whisper,2,9,Over
3,whisper,3,3,Over
3,talk,22,1,VOTE Agent[11]
3,talk,23,6,Over
3,talk,24,8,Skip
3,talk,25,3,Skip
3,talk,26,13,Over
3,talk,27,9,Over
3,talk,28,11,Over
3,talk,29,12,Skip
3,talk,30,7,VOTE Agent[14]
3,talk,31,10,Skip
3,talk,32,14,Over
3,whisper,4,9,Over
3,whisper,5,3,Over
3,talk,33,8,VOTE Agent[07]
3,talk,34,9,Over
3,talk,35,6,Over
3,talk,36,10,VOTE Agent[13]
3,talk,37,3,Skip
3,talk,38,11,Over
3,talk,39,13,Over
3,talk,40,7,Over
3,talk,41,12,Skip
3,talk,42,1,Over
3,talk,43,14,Over
3,whisper,6,9,Over
3,whisper,7,3,Over
3,talk,44,12,Skip
3,talk,45,10,Over
3,talk,46,3,Skip
3,talk,47,6,Over
3,talk,48,9,Over
3,talk,49,7,Over
3,talk,50,8,VOTE Agent[09]
3,talk,51,11,Over
3,talk,52,13,Over
3,talk,53,1,Over
3,talk,54,14,Over
3,whisper,8,9,Over
3,whisper,9,3,Over
3,talk,55,9,Over
3,talk,56,12,Skip
3,talk,57,10,Over
3,talk,58,6,Over
3,talk,59,7,Over
3,talk,60,8,Over
3,talk,61,3,Skip
3,talk,62,1,Over
3,talk,63,11,Over
3,talk,64,13,Over
3,talk,65,14,Over
3,whisper,10,9,Over
3,whisper,11,3,Over
3,talk,66,10,Over
3,talk,67,6,Over
3,talk,68,9,Over
3,talk,69,7,Over
3,talk,70,8,Over
3,talk,71,12,Skip
3,talk,72,3,Skip
3,talk,73,1,Over
3,talk,74,11,Over
3,talk,75,13,Over
3,talk,76,14,Over
3,whisper,12,9,Over
3,whisper,13,3,Over
3,talk,77,9,Over
3,talk,78,12,Skip
3,talk,79,6,Over
3,talk,80,7,Over
3,talk,81,10,Over
3,talk,82,3,Skip
3,talk,83,8,Over
3,talk,84,1,Over
3,talk,85,11,Over
3,talk,86,13,Over
3,talk,87,14,Over
3,whisper,14,9,Over
3,whisper,15,3,Over
3,talk,88,10,Over
3,talk,89,6,Over
3,talk,90,3,Skip
3,talk,91,9,Over
3,talk,92,12,Skip
3,talk,93,7,Over
3,talk,94,1,Over
3,talk,95,8,VOTE Agent[07]
3,talk,96,11,Over
3,talk,97,13,Over
3,talk,98,14,Over
3,whisper,16,3,Over
3,whisper,17,9,Over
3,talk,99,1,Over
3,talk,100,6,Over
3,talk,101,12,Skip
3,talk,102,9,Over
3,talk,103,7,Over
3,talk,104,10,Over
3,talk,105,8,Over
3,talk,106,3,Skip
3,talk,107,11,Over
3,talk,108,13,Over
3,talk,109,14,Over
3,whisper,18,3,Over
3,whisper,19,9,Over
3,vote,1,11
3,vote,3,6
3,vote,6,8
3,vote,7,14
3,vote,8,7
3,vote,9,6
3,vote,10,13
3,vote,11,9
3,vote,12,10
3,vote,13,1
3,vote,14,10
3,divine,13,10,HUMAN
3,guard,6,13,SEER
3,attackVote,3,6
3,attackVote,9,1
3,execute,6,BODYGUARD
3,attack,-1,false
4,status,1,VILLAGER,ALIVE,cash
4,status,2,VILLAGER,DEAD,kSugar
4,status,3,WEREWOLF,ALIVE,haretaro
4,status,4,VILLAGER,DEAD,Kanolab
4,status,5,VILLAGER,DEAD,wasabi
4,status,6,BODYGUARD,DEAD,TOT
4,status,7,MEDIUM,ALIVE,nakamura
4,status,8,VILLAGER,ALIVE,iace10442
4,status,9,WEREWOLF,ALIVE,tkAI
4,status,10,VILLAGER,ALIVE,NLwolf
4,status,11,VILLAGER,ALIVE,carlo
4,status,12,VILLAGER,ALIVE,twn480
4,status,13,SEER,ALIVE,KajiGod
4,status,14,POSSESSED,ALIVE,howls
4,status,15,WEREWOLF,DEAD,Udon
4,talk,0,12,Skip
4,talk,1,10,Skip
4,talk,2,11,VOTE Agent[09]
4,talk,3,9,Over
4,talk,4,14,DIVINED Agent[08] HUMAN
4,talk,5,13,DIVINED Agent[10] HUMAN
4,talk,6,8,Skip
4,talk,7,7,INQUESTED Agent[06] HUMAN
4,talk,8,3,VOTE Agent[09]
4,talk,9,1,Skip
4,whisper,0,9,Over
4,whisper,1,3,Over
4,talk,10,13,VOTE Agent[03]
4,talk,11,3,Skip
4,talk,12,7,ESTIMATE Agent[14] WEREWOLF
4,talk,13,14,Over
4,talk,14,8,Skip
4,talk,15,1,VOTE Agent[11]
4,talk,16,11,Over
4,talk,17,12,Skip
4,talk,18,9,Over
4,talk,19,10,Skip
4,whisper,2,3,Over
4,whisper,3,9,Over
4,talk,20,8,Skip
4,talk,21,9,Over
4,talk,22,1,Over
4,talk,23,7,VOTE Agent[14]
4,talk,24,13,Over
4,talk,25,3,Skip
4,talk,26,10,Skip
4,talk,27,12,Skip
4,talk,28,11,Over
4,talk,29,14,Over
4,whisper,4,3,Over
4,whisper,5,9,Over
4,talk,30,3,Skip
4,talk,31,9,Over
4,talk,32,13,Over
4,talk,33,1,Over
4,talk,34,8,VOTE Agent[10]
4,talk,35,10,VOTE Agent[13]
4,talk,36,12,Skip
4,talk,37,7,Over
4,talk,38,11,Over
4,talk,39,14,Over
4,whisper,6,9,Over
4,whisper,7,3,Over
4,talk,40,8,Over
4,talk,41,13,Over
4,talk,42,12,Skip
4,talk,43,1,Over
4,talk,44,10,Over
4,talk,45,3,Skip
4,talk,46,9,Over
4,talk,47,7,Over
4,talk,48,11,Over
4,talk,49,14,Over
4,whisper,8,9,Over
4,whisper,9,3,Over
4,talk,50,1,Over
4,talk,51,8,VOTE Agent[13]
4,talk,52,10,Over
4,talk,53,3,Skip
4,talk,54,13,Over
4,talk,55,12,Skip
4,talk,56,7,Over
4,talk,57,9,Over
4,talk,58,11,Over
4,talk,59,14,Over
4,whisper,10,9,Over
4,whisper,11,3,Over
4,talk,60,8,VOTE Agent[07]
4,talk,61,1,Over
4,talk,62,3,Skip
4,talk,63,13,Over
4,talk,64,10,Over
4,talk,65,12,Skip
4,talk,66,7,Over
4,talk,67,9,Over
4,talk,68,11,Over
4,talk,69,14,Over
4,whisper,12,3,Over
4,whisper,13,9,Over
4,talk,70,12,Skip
4,talk,71,1,Over
4,talk,72,8,VOTE Agent[10]
4,talk,73,10,Over
4,talk,74,3,Skip
4,talk,75,13,Over
4,talk,76,7,Over
4,talk,77,9,Over
4,talk,78,11,Over
4,talk,79,14,Over
4,whisper,14,9,Over
4,whisper,15,3,Over
4,talk,80,10,Over
4,talk,81,8,VOTE Agent[13]
4,talk,82,12,Skip
4,talk,83,3,Skip
4,talk,84,1,Over
4,talk,85,7,Over
4,talk,86,9,Over
4,talk,87,11,Over
4,talk,88,13,Over
4,talk,89,14,Over
4,whisper,16,3,Over
4,whisper,17,9,Over
4,talk,90,3,Skip
4,talk,91,12,Skip
4,talk,92,10,Over
4,talk,93,8,VOTE Agent[09]
4,talk,94,1,Over
4,talk,95,7,Over
4,talk,96,9,Over
4,talk,97,11,Over
4,talk,98,13,Over
4,talk,99,14,Over
4,whisper,18,3,Over
4,whisper,19,9,Over
4,vote,1,11
4,vote,3,11
4,vote,7,14
4,vote,8,9
4,vote,9,13
4,vote,10,13
4,vote,11,9
4,vote,12,11
4,vote,13,3
4,vote,14,13
4,divine,13,1,HUMAN
4,attackVote,3,8
4,execute,11,VILLAGER
4,attack,8,true
5,status,1,VILLAGER,ALIVE,cash
5,status,2,VILLAGER,DEAD,kSugar
5,status,3,WEREWOLF,ALIVE,haretaro
5,status,4,VILLAGER,DEAD,Kanolab
5,status,5,VILLAGER,DEAD,wasabi
5,status,6,BODYGUARD,DEAD,TOT
5,status,7,MEDIUM,ALIVE,nakamura
5,status,8,VILLAGER,DEAD,iace10442
5,status,9,WEREWOLF,ALIVE,tkAI
5,status,10,VILLAGER,ALIVE,NLwolf
5,status,11,VILLAGER,DEAD,carlo
5,status,12,VILLAGER,ALIVE,twn480
5,status,13,SEER,ALIVE,KajiGod
5,status,14,POSSESSED,ALIVE,howls
5,status,15,WEREWOLF,DEAD,Udon
5,talk,0,9,Over
5,talk,1,10,Skip
5,talk,2,7,INQUESTED Agent[11] HUMAN
5,talk,3,3,Skip
5,talk,4,13,DIVINED Agent[01] HUMAN
5,talk,5,14,DIVINED Agent[13] HUMAN
5,talk,6,12,Skip
5,talk,7,1,Skip
5,whisper,0,3,Over
5,whisper,1,9,Over
5,talk,8,7,ESTIMATE Agent[14] WEREWOLF
5,talk,9,13,VOTE Agent[09]
5,talk,10,3,Skip
5,talk,11,10,Skip
5,talk,12,9,Over
5,talk,13,14,Over
5,talk,14,1,VOTE Agent[12]
5,talk,15,12,Skip
5,whisper,2,9,Over
5,whisper,3,3,Over
5,talk,16,12,Skip
5,talk,17,9,Over
5,talk,18,14,Over
5,talk,19,1,Over
5,talk,20,10,Skip
5,talk,21,3,Skip
5,talk,22,13,Over
5,talk,23,7,VOTE Agent[14]
5,whisper,4,9,Over
5,whisper,5,3,Over
5,talk,24,12,Skip
5,talk,25,3,Skip
5,talk,26,10,VOTE Agent[13]
5,talk,27,14,Over
5,talk,28,13,Over
5,talk,29,1,Over
5,talk,30,7,Over
5,talk,31,9,Over
5,whisper,6,3,Over
5,whisper,7,9,Over
5,talk,32,12,Skip
5,talk,33,3,Skip
5,talk,34,10,Over
5,talk,35,1,Over
5,talk,36,7,Over
5,talk,37,9,Over
5,talk,38,13,Over
5,talk,39,14,Over
5,whisper,8,3,Over
5,whisper,9,9,Over
5,talk,40,3,Skip
5,talk,41,12,Skip
5,talk,42,1,Over
5,talk,43,7,Over
5,talk,44,9,Over
5,talk,45,10,Over
5,talk,46,13,Over
5,talk,47,14,Over
5,whisper,10,9,Over
5,whisper,11,3,Over
5,talk,48,3,Skip
5,talk,49,12,Skip
5,talk,50,1,Over
5,talk,51,7,Over
5,talk,52,9,Over
5,talk,53,10,Over
5,talk,54,13,Over
5,talk,55,14,Over
5,whisper,12,3,Over
5,whisper,13,9,Over
5,talk,56,12,Skip
5,talk,57,3,Skip
5,talk,58,1,Over
5,talk,59,7,Over
5,talk,60,9,Over
5,talk,61,10,Over
5,talk,62,13,Over
5,talk,63,14,Over
5,whisper,14,3,Over
5,whisper,15,9,Over
5,talk,64,3,Skip
5,talk,65,12,Skip
5,talk,66,1,Over
5,talk,67,7,Over
5,talk,68,9,Over
5,talk,69,10,Over
5,talk,70,13,Over
5,talk,71,14,Over
5,whisper,16,3,Over
5,whisper,17,9,Over
5,talk,72,12,Skip
5,talk,73,3,Skip
5,talk,74,1,Over
5,talk,75,7,Over
5,talk,76,9,Over
5,talk,77,10,Over
5,talk,78,13,Over
5,talk,79,14,Over
5,whisper,18,9,Over
5,whisper,19,3,Over
5,vote,1,12
5,vote,3,14
5,vote,7,14
5,vote,9,7
5,vote,10,13
5,vote,12,14
5,vote,13,9
5,vote,14,1
5,divine,13,9,WEREWOLF
5,attackVote,3,7
5,execute,14,POSSESSED
5,attack,7,true
6,status,1,VILLAGER,ALIVE,cash
6,status,2,VILLAGER,DEAD,kSugar
6,status,3,WEREWOLF,ALIVE,haretaro
6,status,4,VILLAGER,DEAD,Kanolab
6,status,5,VILLAGER,DEAD,wasabi
6,status,6,BODYGUARD,DEAD,TOT
6,status,7,MEDIUM,DEAD,nakamura
6,status,8,VILLAGER,DEAD,iace10442
6,status,9,WEREWOLF,ALIVE,tkAI
6,status,10,VILLAGER,ALIVE,NLwolf
6,status,11,VILLAGER,DEAD,carlo
6,status,12,VILLAGER,ALIVE,twn480
6,status,13,SEER,ALIVE,KajiGod
6,status,14,POSSESSED,DEAD,howls
6,status,15,WEREWOLF,DEAD,Udon
6,talk,0,12,Skip
6,talk,1,9,Over
6,talk,2,1,VOTE Agent[12]
6,talk,3,3,Skip
6,talk,4,13,DIVINED Agent[09] WEREWOLF
6,talk,5,10,Skip
6,whisper,0,9,Over
6,whisper,1,3,Over
6,talk,6,1,VOTE Agent[09]
6,talk,7,3,Skip
6,talk,8,13,VOTE Agent[09]
6,talk,9,9,Over
6,talk,10,10,Skip
6,talk,11,12,Skip
6,whisper,2,9,Over
6,whisper,3,3,Over
6,talk,12,12,Skip
6,talk,13,13,Over
6,talk,14,9,Over
6,talk,15,1,Over
6,talk,16,10,Skip
6,talk,17,3,Skip
6,whisper,4,3,Over
6,whisper,5,9,Over
6,talk,18,13,Over
6,talk,19,12,Skip
6,talk,20,10,VOTE Agent[13]
6,talk,21,9,Over
6,talk,22,1,Over
6,talk,23,3,Skip
6,whisper,6,3,Over
6,whisper,7,9,Over
6,talk,24,3,Skip
6,talk,25,12,Skip
6,talk,26,10,Over
6,talk,27,9,Over
6,talk,28,1,Over
6,talk,29,13,Over
6,whisper,8,3,Over
6,whisper,9,9,Over
6,talk,30,3,Skip
6,talk,31,12,Skip
6,talk,32,1,Over
6,talk,33,9,Over
6,talk,34,10,Over
6,talk,35,13,Over
6,whisper,10,9,Over
6,whisper,11,3,Over
6,talk,36,3,Skip
6,talk,37,12,Skip
6,talk,38,1,Over
6,talk,39,9,Over
6,talk,40,10,Over
6,talk,41,13,Over
6,whisper,12,3,Over
6,whisper,13,9,Over
6,talk,42,12,Skip
6,talk,43,3,Skip
6,talk,44,1,Over
6,talk,45,9,Over
6,talk,46,10,Over
6,talk,47,13,Over
6,whisper,14,3,Over
6,whisper,15,9,Over
6,talk,48,12,Skip
6,talk,49,3,Skip
6,talk,50,1,Over
6,talk,51,9,Over
6,talk,52,10,Over
6,talk,53,13,Over
6,whisper,16,3,Over
6,whisper,17,9,Over
6,talk,54,3,Skip
6,talk,55,12,Skip
6,talk,56,1,Over
6,talk,57,9,Over
6,talk,58,10,Over
6,talk,59,13,Over
6,whisper,18,3,Over
6,whisper,19,9,Over
6,vote,1,9
6,vote,3,1
6,vote,9,13
6,vote,10,13
6,vote,12,10
6,vote,13,9
6,divine,13,12,HUMAN
6,attackVote,3,1
6,execute,13,SEER
6,attack,1,true
7,status,1,VILLAGER,DEAD,cash
7,status,2,VILLAGER,DEAD,kSugar
7,status,3,WEREWOLF,ALIVE,haretaro
7,status,4,VILLAGER,DEAD,Kanolab
7,status,5,VILLAGER,DEAD,wasabi
7,status,6,BODYGUARD,DEAD,TOT
7,status,7,MEDIUM,DEAD,nakamura
7,status,8,VILLAGER,DEAD,iace10442
7,status,9,WEREWOLF,ALIVE,tkAI
7,status,10,VILLAGER,ALIVE,NLwolf
7,status,11,VILLAGER,DEAD,carlo
7,status,12,VILLAGER,ALIVE,twn480
7,status,13,SEER,DEAD,KajiGod
7,status,14,POSSESSED,DEAD,howls
7,status,15,WEREWOLF,DEAD,Udon
7,result,2,2,WEREWOLF
