0,status,1,VILLAGER,ALIVE,cash
0,status,2,MEDIUM,ALIVE,kSugar
0,status,3,VILLAGER,ALIVE,haretaro
0,status,4,VILLAGER,ALIVE,Kanolab
0,status,5,VILLAGER,ALIVE,wasabi
0,status,6,WEREWOLF,ALIVE,TOT
0,status,7,VILLAGER,ALIVE,nakamura
0,status,8,VILLAGER,ALIVE,iace10442
0,status,9,WEREWOLF,ALIVE,tkAI
0,status,10,POSSESSED,ALIVE,NLwolf
0,status,11,VILLAGER,ALIVE,carlo
0,status,12,BODYGUARD,ALIVE,twn480
0,status,13,VILLAGER,ALIVE,KajiGod
0,status,14,WEREWOLF,ALIVE,howls
0,status,15,SEER,ALIVE,Udon
0,talk,0,9,Over
0,talk,1,8,Skip
0,talk,2,7,ESTIMATE Agent[13] WEREWOLF
0,talk,3,10,Skip
0,talk,4,6,Over
0,talk,5,15,COMINGOUT Agent[15] SEER
0,talk,6,1,VOTE Agent[02]
0,talk,7,2,COMINGOUT Agent[02] MEDIUM
0,talk,8,5,ESTIMATE Agent[10] WEREWOLF
0,talk,9,3,Over
0,talk,10,11,VOTE Agent[01]
0,talk,11,12,Skip
0,talk,12,4,VOTE Agent[11]
0,talk,13,14,Over
0,talk,14,13,VOTE Agent[12]
0,whisper,0,6,Over
0,whisper,1,9,Over
0,whisper,2,14,Skip
0,whisper,3,14,Skip
0,whisper,4,6,Over
0,whisper,5,9,Over
0,whisper,6,14,Skip
0,whisper,7,6,Over
0,whisper,8,9,Over
0,whisper,9,14,Skip
0,whisper,10,6,Over
0,whisper,11,9,Over
0,whisper,12,14,Skip
0,whisper,13,6,Over
0,whisper,14,9,Over
0,whisper,15,14,Skip
0,whisper,16,6,Over
0,whisper,17,9,Over
0,whisper,18,14,Skip
0,whisper,19,6,Over
0,whisper,20,9,Over
0,whisper,21,14,Skip
0,whisper,22,6,Over
0,whisper,23,9,Over
0,whisper,24,14,Skip
0,whisper,25,6,Over
0,whisper,26,9,Over
0,whisper,27,14,Skip
0,whisper,28,6,Over
0,whisper,29,9,Over
0,talk,15,4,ESTIMATE Agent[15] SEER
0,talk,16,9,Over
0,talk,17,2,ESTIMATE Agent[01] VILLAGER
0,talk,18,5,ESTIMATE Agent[07] WEREWOLF
0,talk,19,8,ESTIMATE Agent[07] WEREWOLF
0,talk,20,13,Over
0,talk,21,1,VOTE Agent[03]
0,talk,22,3,Over
0,talk,23,11,Over
0,talk,24,6,Over
0,talk,25,7,VOTE Agent[13]
0,talk,26,14,Over
0,talk,27,15,VOTE Agent[11]
0,talk,28,10,Skip
0,talk,29,12,Skip
0,whisper,30,6,Over
0,whisper,31,9,Over
0,whisper,32,14,Skip
0,whisper,33,9,Over
0,whisper,34,6,Over
0,whisper,35,14,Skip
0,whisper,36,14,Skip
0,whisper,37,9,Over
0,whisper,38,6,Over
0,whisper,39,14,Skip
0,whisper,40,6,Over
0,whisper,41,9,Over
0,whisper,42,14,Skip
0,whisper,43,6,Over
0,whisper,44,9,Over
0,whisper,45,14,Skip
0,whisper,46,6,Over
0,whisper,47,9,Over
0,whisper,48,14,Skip
0,whisper,49,6,Over
0,whisper,50,9,Over
0,whisper,51,14,Skip
0,whisper,52,6,Over
0,whisper,53,9,Over
0,whisper,54,14,Skip
0,whisper,55,6,Over
0,whisper,56,9,Over
0,whisper,57,14,Skip
0,whisper,58,6,Over
0,whisper,59,9,Over
0,talk,30,4,ESTIMATE Agent[02] MEDIUM
0,talk,31,5,ESTIMATE Agent[15] SEER
0,talk,32,1,Over
0,talk,33,11,Over
0,talk,34,2,ESTIMATE Agent[03] VILLAGER
0,talk,35,3,Over
0,talk,36,7,Over
0,talk,37,14,Over
0,talk,38,15,ESTIMATE Agent[04] WEREWOLF
0,talk,39,6,Over
0,talk,40,13,Over
0,talk,41,9,Over
0,talk,42,8,ESTIMATE Agent[13] VILLAGER
0,talk,43,10,Skip
0,talk,44,12,Skip
0,whisper,60,14,Skip
0,whisper,61,6,Over
0,whisper,62,9,Over
0,whisper,63,14,Skip
0,whisper,64,6,Over
0,whisper,65,9,Over
0,whisper,66,14,Skip
0,whisper,67,6,Over
0,whisper,68,9,Over
0,whisper,69,14,Skip
0,whisper,70,6,Over
0,whisper,71,9,Over
0,whisper,72,14,Skip
0,whisper,73,6,Over
0,whisper,74,9,Over
0,whisper,75,14,Skip
0,whisper,76,6,Over
0,whisper,77,9,Over
0,whisper,78,14,Skip
0,whisper,79,6,Over
0,whisper,80,9,Over
0,whisper,81,14,Skip
0,whisper,82,6,Over
0,whisper,83,9,Over
0,whisper,84,14,Skip
0,whisper,85,6,Over
0,whisper,86,9,Over
0,whisper,87,14,Skip
0,whisper,88,6,Over
0,whisper,89,9,Over
0,talk,45,8,VOTE Agent[06]
0,talk,46,14,Over
0,talk,47,11,Over
0,talk,48,10,Skip
0,talk,49,1,Over
0,talk,50,6,Over
0,talk,51,7,Over
0,talk,52,3,Over
0,talk,53,9,Over
0,talk,54,4,ESTIMATE Agent[01] VILLAGER
0,talk,55,12,Skip
0,talk,56,13,Over
0,talk,57,2,ESTIMATE Agent[01] VILLAGER
0,talk,58,15,ESTIMATE Agent[05] WEREWOLF
0,talk,59,5,ESTIMATE Agent[13] WEREWOLF
0,whisper,90,9,Over
0,whisper,91,14,Skip
0,whisper,92,6,Over
0,whisper,93,14,Skip
0,whisper,94,9,Over
0,whisper,95,6,Over
0,whisper,96,14,Skip
0,whisper,97,6,Over
0,whisper,98,9,Over
0,whisper,99,14,Skip
0,whisper,100,6,Over
0,whisper,101,9,Over
0,whisper,102,14,Skip
0,whisper,103,6,Over
0,whisper,104,9,Over
0,whisper,105,14,Skip
0,whisper,106,6,Over
0,whisper,107,9,Over
0,whisper,108,14,Skip
0,whisper,109,6,Over
0,whisper,110,9,Over
0,whisper,111,14,Skip
0,whisper,112,6,Over
0,whisper,113,9,Over
0,whisper,114,14,Skip
0,whisper,115,6,Over
0,whisper,116,9,Over
0,whisper,117,14,Skip
0,whisper,118,6,Over
0,whisper,119,9,Over
0,talk,60,3,Over
0,talk,61,8,VOTE Agent[10]
0,talk,62,14,Over
0,talk,63,7,Over
0,talk,64,15,ESTIMATE Agent[09] WEREWOLF
0,talk,65,12,Skip
0,talk,66,11,Over
0,talk,67,4,Over
0,talk,68,10,Skip
0,talk,69,1,Over
0,talk,70,5,ESTIMATE Agent[02] MEDIUM
0,talk,71,13,Over
0,talk,72,9,Over
0,talk,73,6,Over
0,talk,74,2,ESTIMATE Agent[04] VILLAGER
0,whisper,120,9,Over
0,whisper,121,14,Skip
0,whisper,122,6,Over
0,whisper,123,14,Skip
0,whisper,124,9,Over
0,whisper,125,6,Over
0,whisper,126,14,Skip
0,whisper,127,6,Over
0,whisper,128,9,Over
0,whisper,129,14,Skip
0,whisper,130,6,Over
0,whisper,131,9,Over
0,whisper,132,14,Skip
0,whisper,133,6,Over
0,whisper,134,9,Over
0,whisper,135,14,Skip
0,whisper,136,6,Over
0,whisper,137,9,Over
0,whisper,138,14,Skip
0,whisper,139,6,Over
0,whisper,140,9,Over
0,whisper,141,14,Skip
0,whisper,142,6,Over
0,whisper,143,9,Over
0,whisper,144,14,Skip
0,whisper,145,6,Over
0,whisper,146,9,Over
0,whisper,147,14,Skip
0,whisper,148,6,Over
0,whisper,149,9,Over
0,talk,75,15,ESTIMATE Agent[02] MEDIUM
0,talk,76,5,ESTIMATE Agent[14] WEREWOLF
0,talk,77,11,Over
0,talk,78,12,Skip
0,talk,79,8,VOTE Agent[09]
0,talk,80,3,Over
0,talk,81,10,Skip
0,talk,82,6,Over
0,talk,83,9,Over
0,talk,84,14,Over
0,talk,85,4,Over
0,talk,86,2,ESTIMATE Agent[05] VILLAGER
0,talk,87,13,Over
0,talk,88,7,Over
0,talk,89,1,Over
0,whisper,150,14,Skip
0,whisper,151,9,Over
0,whisper,152,6,Over
0,whisper,153,14,Skip
0,whisper,154,6,Over
0,whisper,155,9,Over
0,whisper,156,14,Skip
0,whisper,157,6,Over
0,whisper,158,9,Over
0,whisper,159,14,Skip
0,whisper,160,6,Over
0,whisper,161,9,Over
0,whisper,162,14,Skip
0,whisper,163,6,Over
0,whisper,164,9,Over
0,whisper,165,14,Skip
0,whisper,166,6,Over
0,whisper,167,9,Over
0,whisper,168,14,Skip
0,whisper,169,6,Over
0,whisper,170,9,Over
0,whisper,171,14,Skip
0,whisper,172,6,Over
0,whisper,173,9,Over
0,whisper,174,14,Skip
0,whisper,175,6,Over
0,whisper,176,9,Over
0,whisper,177,14,Skip
0,whisper,178,6,Over
0,whisper,179,9,Over
0,talk,90,14,Over
0,talk,91,12,Skip
0,talk,92,2,ESTIMATE Agent[06] VILLAGER
0,talk,93,3,Over
0,talk,94,5,ESTIMATE Agent[11] WEREWOLF
0,talk,95,6,Over
0,talk,96,4,Over
0,talk,97,10,Skip
0,talk,98,8,VOTE Agent[02]
0,talk,99,11,Over
0,talk,100,15,Over
0,talk,101,9,Over
0,talk,102,1,Over
0,talk,103,7,Over
0,talk,104,13,Over
0,whisper,180,6,Over
0,whisper,181,9,Over
0,whisper,182,14,Skip
0,whisper,183,6,Over
0,whisper,184,14,Skip
0,whisper,185,9,Over
0,whisper,186,6,Over
0,whisper,187,14,Skip
0,whisper,188,9,Over
0,whisper,189,14,Skip
0,whisper,190,6,Over
0,whisper,191,9,Over
0,whisper,192,14,Skip
0,whisper,193,6,Over
0,whisper,194,9,Over
0,whisper,195,14,Skip
0,whisper,196,6,Over
0,whisper,197,9,Over
0,whisper,198,14,Skip
0,whisper,199,6,Over
0,whisper,200,9,Over
0,whisper,201,14,Skip
0,whisper,202,6,Over
0,whisper,203,9,Over
0,whisper,204,14,Skip
0,whisper,205,6,Over
0,whisper,206,9,Over
0,whisper,207,14,Skip
0,whisper,208,6,Over
0,whisper,209,9,Over
0,talk,105,6,Over
0,talk,106,14,Over
0,talk,107,5,Skip
0,talk,108,2,ESTIMATE Agent[07] VILLAGER
0,talk,109,8,VOTE Agent[14]
0,talk,110,3,Over
0,talk,111,4,Over
0,talk,112,10,Skip
0,talk,113,12,Skip
0,talk,114,1,Over
0,talk,115,7,Over
0,talk,116,9,Over
0,talk,117,11,Over
0,talk,118,13,Over
0,talk,119,15,Over
0,whisper,210,6,Over
0,whisper,211,14,Skip
0,whisper,212,9,Over
0,whisper,213,14,Skip
0,whisper,214,6,Over
0,whisper,215,9,Over
0,whisper,216,14,Skip
0,whisper,217,6,Over
0,whisper,218,9,Over
0,whisper,219,14,Skip
0,whisper,220,6,Over
0,whisper,221,9,Over
0,whisper,222,14,Skip
0,whisper,223,6,Over
0,whisper,224,9,Over
0,whisper,225,14,Skip
0,whisper,226,6,Over
0,whisper,227,9,Over
0,whisper,228,14,Skip
0,whisper,229,6,Over
0,whisper,230,9,Over
0,whisper,231,14,Skip
0,whisper,232,6,Over
0,whisper,233,9,Over
0,whisper,234,14,Skip
0,whisper,235,6,Over
0,whisper,236,9,Over
0,whisper,237,14,Skip
0,whisper,238,6,Over
0,whisper,239,9,Over
0,talk,120,12,Skip
0,talk,121,2,ESTIMATE Agent[08] VILLAGER
0,talk,122,14,Over
0,talk,123,6,Over
0,talk,124,4,Over
0,talk,125,10,Skip
0,talk,126,3,Over
0,talk,127,8,VOTE Agent[01]
0,talk,128,5,ESTIMATE Agent[01] WEREWOLF
0,talk,129,1,Over
0,talk,130,7,Over
0,talk,131,9,Over
0,talk,132,11,Over
0,talk,133,13,Over
0,talk,134,15,Over
0,whisper,240,9,Over
0,whisper,241,6,Over
0,whisper,242,14,Skip
0,whisper,243,14,Skip
0,whisper,244,9,Over
0,whisper,245,6,Over
0,whisper,246,14,Skip
0,whisper,247,6,Over
0,whisper,248,9,Over
0,whisper,249,14,Skip
0,whisper,250,6,Over
0,whisper,251,9,Over
0,whisper,252,14,Skip
0,whisper,253,6,Over
0,whisper,254,9,Over
0,whisper,255,14,Skip
0,whisper,256,6,Over
0,whisper,257,9,Over
0,whisper,258,14,Skip
0,whisper,259,6,Over
0,whisper,260,9,Over
0,whisper,261,14,Skip
0,whisper,262,6,Over
0,whisper,263,9,Over
0,whisper,264,14,Skip
0,whisper,265,6,Over
0,whisper,266,9,Over
0,whisper,267,14,Skip
0,whisper,268,6,Over
0,whisper,269,9,Over
0,talk,135,2,ESTIMATE Agent[01] VILLAGER
0,talk,136,4,Over
0,talk,137,10,Skip
0,talk,138,6,Over
0,talk,139,3,Over
0,talk,140,12,Skip
0,talk,141,14,Over
0,talk,142,5,ESTIMATE Agent[15] SEER
0,talk,143,8,VOTE Agent[07]
0,talk,144,1,Over
0,talk,145,7,Over
0,talk,146,9,Over
0,talk,147,11,Over
0,talk,148,13,Over
0,talk,149,15,Over
0,whisper,270,9,Over
0,whisper,271,6,Over
0,whisper,272,14,Skip
0,whisper,273,9,Over
0,whisper,274,14,Skip
0,whisper,275,6,Over
0,whisper,276,14,Skip
0,whisper,277,9,Over
0,whisper,278,6,Over
0,whisper,279,14,Skip
0,whisper,280,6,Over
0,whisper,281,9,Over
0,whisper,282,14,Skip
0,whisper,283,6,Over
0,whisper,284,9,Over
0,whisper,285,14,Skip
0,whisper,286,6,Over
0,whisper,287,9,Over
0,whisper,288,14,Skip
0,whisper,289,6,Over
0,whisper,290,9,Over
0,whisper,291,14,Skip
0,whisper,292,6,Over
0,whisper,293,9,Over
0,whisper,294,14,Skip
0,whisper,295,6,Over
0,whisper,296,9,Over
0,whisper,297,14,Skip
0,whisper,298,6,Over
0,whisper,299,9,Over
0,divine,15,5,HUMAN
1,status,1,VILLAGER,ALIVE,cash
1,status,2,MEDIUM,ALIVE,kSugar
1,status,3,VILLAGER,ALIVE,haretaro
1,status,4,VILLAGER,ALIVE,Kanolab
1,status,5,VILLAGER,ALIVE,wasabi
1,status,6,WEREWOLF,ALIVE,TOT
1,status,7,VILLAGER,ALIVE,nakamura
1,status,8,VILLAGER,ALIVE,iace10442
1,status,9,WEREWOLF,ALIVE,tkAI
1,status,10,POSSESSED,ALIVE,NLwolf
1,status,11,VILLAGER,ALIVE,carlo
1,status,12,BODYGUARD,ALIVE,twn480
1,status,13,VILLAGER,ALIVE,KajiGod
1,status,14,WEREWOLF,ALIVE,howls
1,status,15,SEER,ALIVE,Udon
1,talk,0,12,Skip
1,talk,1,9,Over
1,talk,2,13,VOTE Agent[04]
1,talk,3,10,DIVINED Agent[12] HUMAN
1,talk,4,11,VOTE Agent[01]
1,talk,5,14,Over
1,talk,6,1,Skip
1,talk,7,15,DIVINED Agent[05] HUMAN
1,talk,8,7,ESTIMATE Agent[13] WEREWOLF
1,talk,9,3,VOTE Agent[06]
1,talk,10,8,ESTIMATE Agent[02] MEDIUM
1,talk,11,2,VOTE Agent[06]
1,talk,12,4,VOTE Agent[05]
1,talk,13,6,VOTE Agent[15]
1,talk,14,5,ESTIMATE Agent[15] SEER
1,whisper,0,14,Skip
1,whisper,1,9,Over
1,whisper,2,6,ATTACK Agent[15]
1,whisper,3,9,Over
1,whisper,4,6,Over
1,whisper,5,14,Skip
1,whisper,6,9,Over
1,whisper,7,6,Over
1,whisper,8,14,Skip
1,whisper,9,14,Skip
1,whisper,10,6,Over
1,whisper,11,9,Over
1,whisper,12,14,Skip
1,whisper,13,6,Over
1,whisper,14,9,Over
1,whisper,15,14,Skip
1,whisper,16,6,Over
1,whisper,17,9,Over
1,whisper,18,14,Skip
1,whisper,19,6,Over
1,whisper,20,9,Over
1,whisper,21,14,Skip
1,whisper,22,6,Over
1,whisper,23,9,Over
1,whisper,24,14,Skip
1,whisper,25,6,Over
1,whisper,26,9,Over
1,whisper,27,14,Skip
1,whisper,28,6,Over
1,whisper,29,9,Over
1,talk,15,4,VOTE Agent[01]
1,talk,16,3,VOTE Agent[01]
1,talk,17,8,ESTIMATE Agent[01] VILLAGER
1,talk,18,1,VOTE Agent[13]
1,talk,19,14,Over
1,talk,20,6,VOTE Agent[02]
1,talk,21,10,Skip
1,talk,22,9,Over
1,talk,23,13,Over
1,talk,24,15,VOTE Agent[01]
1,talk,25,2,VOTE Agent[01]
1,talk,26,11,Over
1,talk,27,5,ESTIMATE Agent[01] WEREWOLF
1,talk,28,12,Skip
1,talk,29,7,VOTE Agent[13]
1,whisper,30,6,Over
1,whisper,31,9,Over
1,whisper,32,14,Skip
1,whisper,33,6,Over
1,whisper,34,9,Over
1,whisper,35,14,Skip
1,whisper,36,9,Over
1,whisper,37,14,Skip
1,whisper,38,6,Over
1,whisper,39,9,Over
1,whisper,40,14,Skip
1,whisper,41,6,Over
1,whisper,42,14,Skip
1,whisper,43,9,Over
1,whisper,44,6,Over
1,whisper,45,14,Skip
1,whisper,46,6,Over
1,whisper,47,9,Over
1,whisper,48,14,Skip
1,whisper,49,6,Over
1,whisper,50,9,Over
1,whisper,51,14,Skip
1,whisper,52,6,Over
1,whisper,53,9,Over
1,whisper,54,14,Skip
1,whisper,55,6,Over
1,whisper,56,9,Over
1,whisper,57,14,Skip
1,whisper,58,6,Over
1,whisper,59,9,Over
1,talk,30,12,Skip
1,talk,31,10,Skip
1,talk,32,1,Over
1,talk,33,7,Over
1,talk,34,9,Over
1,talk,35,13,Over
1,talk,36,15,ESTIMATE Agent[10] WEREWOLF
1,talk,37,6,Over
1,talk,38,5,ESTIMATE Agent[02] MEDIUM
1,talk,39,3,Skip
1,talk,40,2,VOTE Agent[01]
1,talk,41,4,VOTE Agent[12]
1,talk,42,8,ESTIMATE Agent[01] VILLAGER
1,talk,43,14,Over
1,talk,44,11,Over
1,whisper,60,14,Skip
1,whisper,61,6,Over
1,whisper,62,9,Over
1,whisper,63,14,Skip
1,whisper,64,6,Over
1,whisper,65,9,Over
1,whisper,66,14,Skip
1,whisper,67,6,Over
1,whisper,68,9,Over
1,whisper,69,14,Skip
1,whisper,70,6,Over
1,whisper,71,9,Over
1,whisper,72,14,Skip
1,whisper,73,6,Over
1,whisper,74,9,Over
1,whisper,75,14,Skip
1,whisper,76,6,Over
1,whisper,77,9,Over
1,whisper,78,14,Skip
1,whisper,79,6,Over
1,whisper,80,9,Over
1,whisper,81,14,Skip
1,whisper,82,6,Over
1,whisper,83,9,Over
1,whisper,84,14,Skip
1,whisper,85,6,Over
1,whisper,86,9,Over
1,whisper,87,14,Skip
1,whisper,88,6,Over
1,whisper,89,9,Over
1,talk,45,7,Over
1,talk,46,13,Over
1,talk,47,2,VOTE Agent[01]
1,talk,48,6,Over
1,talk,49,5,ESTIMATE Agent[15] SEER
1,talk,50,15,ESTIMATE Agent[11] WEREWOLF
1,talk,51,9,Over
1,talk,52,3,Skip
1,talk,53,8,VOTE Agent[07]
1,talk,54,10,Skip
1,talk,55,1,Over
1,talk,56,4,ESTIMATE Agent[15] SEER
1,talk,57,12,Skip
1,talk,58,11,Over
1,talk,59,14,Over
1,whisper,90,14,Skip
1,whisper,91,6,Over
1,whisper,92,9,Over
1,whisper,93,14,Skip
1,whisper,94,6,Over
1,whisper,95,9,Over
1,whisper,96,14,Skip
1,whisper,97,6,Over
1,whisper,98,9,Over
1,whisper,99,14,Skip
1,whisper,100,6,Over
1,whisper,101,9,Over
1,whisper,102,14,Skip
1,whisper,103,6,Over
1,whisper,104,9,Over
1,whisper,105,14,Skip
1,whisper,106,6,Over
1,whisper,107,9,Over
1,whisper,108,14,Skip
1,whisper,109,6,Over
1,whisper,110,9,Over
1,whisper,111,14,Skip
1,whisper,112,6,Over
1,whisper,113,9,Over
1,whisper,114,14,Skip
1,whisper,115,6,Over
1,whisper,116,9,Over
1,whisper,117,14,Skip
1,whisper,118,6,Over
1,whisper,119,9,Over
1,talk,60,3,Skip
1,talk,61,5,Skip
1,talk,62,15,ESTIMATE Agent[12] WEREWOLF
1,talk,63,2,VOTE Agent[01]
1,talk,64,10,Skip
1,talk,65,1,Over
1,talk,66,6,Over
1,talk,67,8,VOTE Agent[10]
1,talk,68,12,Skip
1,talk,69,7,Over
1,talk,70,4,VOTE Agent[13]
1,talk,71,9,Over
1,talk,72,13,Over
1,talk,73,11,Over
1,talk,74,14,Over
1,whisper,120,6,Over
1,whisper,121,9,Over
1,whisper,122,14,Skip
1,whisper,123,14,Skip
1,whisper,124,9,Over
1,whisper,125,6,Over
1,whisper,126,14,Skip
1,whisper,127,6,Over
1,whisper,128,9,Over
1,whisper,129,14,Skip
1,whisper,130,6,Over
1,whisper,131,9,Over
1,whisper,132,14,Skip
1,whisper,133,6,Over
1,whisper,134,9,Over
1,whisper,135,14,Skip
1,whisper,136,6,Over
1,whisper,137,9,Over
1,whisper,138,14,Skip
1,whisper,139,6,Over
1,whisper,140,9,Over
1,whisper,141,14,Skip
1,whisper,142,6,Over
1,whisper,143,9,Over
1,whisper,144,14,Skip
1,whisper,145,6,Over
1,whisper,146,9,Over
1,whisper,147,14,Skip
1,whisper,148,6,Over
1,whisper,149,9,Over
1,talk,75,12,Skip
1,talk,76,5,ESTIMATE Agent[15] SEER
1,talk,77,2,VOTE Agent[01]
1,talk,78,4,ESTIMATE Agent[02] MEDIUM
1,talk,79,15,ESTIMATE Agent[02] MEDIUM
1,talk,80,10,Skip
1,talk,81,8,VOTE Agent[12]
1,talk,82,6,Over
1,talk,83,7,Over
1,talk,84,1,Over
1,talk,85,3,VOTE Agent[13]
1,talk,86,9,Over
1,talk,87,11,Over
1,talk,88,13,Over
1,talk,89,14,Over
1,whisper,150,9,Over
1,whisper,151,6,Over
1,whisper,152,14,Skip
1,whisper,153,14,Skip
1,whisper,154,6,Over
1,whisper,155,9,Over
1,whisper,156,14,Skip
1,whisper,157,6,Over
1,whisper,158,9,Over
1,whisper,159,14,Skip
1,whisper,160,6,Over
1,whisper,161,9,Over
1,whisper,162,14,Skip
1,whisper,163,6,Over
1,whisper,164,9,Over
1,whisper,165,14,Skip
1,whisper,166,6,Over
1,whisper,167,9,Over
1,whisper,168,14,Skip
1,whisper,169,6,Over
1,whisper,170,9,Over
1,whisper,171,14,Skip
1,whisper,172,6,Over
1,whisper,173,9,Over
1,whisper,174,14,Skip
1,whisper,175,6,Over
1,whisper,176,9,Over
1,whisper,177,14,Skip
1,whisper,178,6,Over
1,whisper,179,9,Over
1,talk,90,5,ESTIMATE Agent[09] WEREWOLF
1,talk,91,2,VOTE Agent[13]
1,talk,92,7,Over
1,talk,93,4,VOTE Agent[09]
1,talk,94,8,VOTE Agent[11]
1,talk,95,10,Skip
1,talk,96,12,Skip
1,talk,97,3,Skip
1,talk,98,15,VOTE Agent[13]
1,talk,99,1,Over
1,talk,100,6,Over
1,talk,101,9,Over
1,talk,102,11,Over
1,talk,103,13,Over
1,talk,104,14,Over
1,whisper,180,6,Over
1,whisper,181,9,Over
1,whisper,182,14,Skip
1,whisper,183,14,Skip
1,whisper,184,9,Over
1,whisper,185,6,Over
1,whisper,186,14,Skip
1,whisper,187,6,Over
1,whisper,188,9,Over
1,whisper,189,14,Skip
1,whisper,190,6,Over
1,whisper,191,9,Over
1,whisper,192,14,Skip
1,whisper,193,6,Over
1,whisper,194,9,Over
1,whisper,195,14,Skip
1,whisper,196,6,Over
1,whisper,197,9,Over
1,whisper,198,14,Skip
1,whisper,199,6,Over
1,whisper,200,9,Over
1,whisper,201,14,Skip
1,whisper,202,6,Over
1,whisper,203,9,Over
1,whisper,204,14,Skip
1,whisper,205,6,Over
1,whisper,206,9,Over
1,whisper,207,14,Skip
1,whisper,208,6,Over
1,whisper,209,9,Over
1,talk,105,5,ESTIMATE Agent[15] SEER
1,talk,106,12,Skip
1,talk,107,15,Over
1,talk,108,8,VOTE Agent[03]
1,talk,109,2,VOTE Agent[13]
1,talk,110,7,Over
1,talk,111,4,VOTE Agent[14]
1,talk,112,3,Skip
1,talk,113,10,Skip
1,talk,114,1,Over
1,talk,115,6,Over
1,talk,116,9,Over
1,talk,117,11,Over
1,talk,118,13,Over
1,talk,119,14,Over
1,whisper,210,6,Over
1,whisper,211,14,Skip
1,whisper,212,9,Over
1,whisper,213,6,Over
1,whisper,214,14,Skip
1,whisper,215,9,Over
1,whisper,216,14,Skip
1,whisper,217,6,Over
1,whisper,218,9,Over
1,whisper,219,14,Skip
1,whisper,220,6,Over
1,whisper,221,9,Over
1,whisper,222,14,Skip
1,whisper,223,6,Over
1,whisper,224,9,Over
1,whisper,225,14,Skip
1,whisper,226,6,Over
1,whisper,227,9,Over
1,whisper,228,14,Skip
1,whisper,229,6,Over
1,whisper,230,9,Over
1,whisper,231,14,Skip
1,whisper,232,6,Over
1,whisper,233,9,Over
1,whisper,234,14,Skip
1,whisper,235,6,Over
1,whisper,236,9,Over
1,whisper,237,14,Skip
1,whisper,238,6,Over
1,whisper,239,9,Over
1,talk,120,8,VOTE Agent[04]
1,talk,121,3,Skip
1,talk,122,15,Over
1,talk,123,7,Over
1,talk,124,10,Skip
1,talk,125,5,ESTIMATE Agent[07] WEREWOLF
1,talk,126,2,VOTE Agent[13]
1,talk,127,12,Skip
1,talk,128,4,VOTE Agent[15]
1,talk,129,1,Over
1,talk,130,6,Over
1,talk,131,9,Over
1,talk,132,11,Over
1,talk,133,13,Over
1,talk,134,14,Over
1,whisper,240,9,Over
1,whisper,241,6,Over
1,whisper,242,14,Skip
1,whisper,243,6,Over
1,whisper,244,14,Skip
1,whisper,245,9,Over
1,whisper,246,6,Over
1,whisper,247,14,Skip
1,whisper,248,9,Over
1,whisper,249,6,Over
1,whisper,250,14,Skip
1,whisper,251,9,Over
1,whisper,252,6,Over
1,whisper,253,14,Skip
1,whisper,254,9,Over
1,whisper,255,6,Over
1,whisper,256,14,Skip
1,whisper,257,9,Over
1,whisper,258,6,Over
1,whisper,259,14,Skip
1,whisper,260,9,Over
1,whisper,261,14,Skip
1,whisper,262,6,Over
1,whisper,263,9,Over
1,whisper,264,14,Skip
1,whisper,265,6,Over
1,whisper,266,9,Over
1,whisper,267,14,Skip
1,whisper,268,6,Over
1,whisper,269,9,Over
1,talk,135,7,Over
1,talk,136,8,VOTE Agent[11]
1,talk,137,15,Over
1,talk,138,10,Skip
1,talk,139,5,ESTIMATE Agent[02] MEDIUM
1,talk,140,12,Skip
1,talk,141,3,Skip
1,talk,142,2,VOTE Agent[13]
1,talk,143,4,ESTIMATE Agent[01] VILLAGER
1,talk,144,1,Over
1,talk,145,6,Over
1,talk,146,9,Over
1,talk,147,11,Over
1,talk,148,13,Over
1,talk,149,14,Over
1,whisper,270,14,Skip
1,whisper,271,6,Over
1,whisper,272,9,Over
1,whisper,273,14,Skip
1,whisper,274,6,Over
1,whisper,275,9,Over
1,whisper,276,14,Skip
1,whisper,277,6,Over
1,whisper,278,9,Over
1,whisper,279,14,Skip
1,whisper,280,6,Over
1,whisper,281,9,Over
1,whisper,282,14,Skip
1,whisper,283,6,Over
1,whisper,284,9,Over
1,whisper,285,14,Skip
1,whisper,286,6,Over
1,whisper,287,9,Over
1,whisper,288,14,Skip
1,whisper,289,6,Over
1,whisper,290,9,Over
1,whisper,291,14,Skip
1,whisper,292,6,Over
1,whisper,293,9,Over
1,whisper,294,14,Skip
1,whisper,295,6,Over
1,whisper,296,9,Over
1,whisper,297,14,Skip
1,whisper,298,6,Over
1,whisper,299,9,Over
1,vote,1,13
1,vote,2,13
1,vote,3,13
1,vote,4,8
1,vote,5,11
1,vote,6,2
1,vote,7,13
1,vote,8,11
1,vote,9,2
1,vote,10,11
1,vote,11,1
1,vote,12,3
1,vote,13,4
1,vote,14,5
1,vote,15,13
1,divine,15,11,HUMAN
1,guard,12,1,VILLAGER
1,attackVote,6,15
1,attackVote,9,3
1,attackVote,14,2
1,execute,13,VILLAGER
1,attack,3,true
2,status,1,VILLAGER,ALIVE,cash
2,status,2,MEDIUM,ALIVE,kSugar
2,status,3,VILLAGER,DEAD,haretaro
2,status,4,VILLAGER,ALIVE,Kanolab
2,status,5,VILLAGER,ALIVE,wasabi
2,status,6,WEREWOLF,ALIVE,TOT
2,status,7,VILLAGER,ALIVE,nakamura
2,status,8,VILLAGER,ALIVE,iace10442
2,status,9,WEREWOLF,ALIVE,tkAI
2,status,10,POSSESSED,ALIVE,NLwolf
2,status,11,VILLAGER,ALIVE,carlo
2,status,12,BODYGUARD,ALIVE,twn480
2,status,13,VILLAGER,DEAD,KajiGod
2,status,14,WEREWOLF,ALIVE,howls
2,status,15,SEER,ALIVE,Udon
2,talk,0,7,ESTIMATE Agent[12] WEREWOLF
2,talk,1,4,VOTE Agent[10]
2,talk,2,5,ESTIMATE Agent[07] WEREWOLF
2,talk,3,9,Over
2,talk,4,11,VOTE Agent[01]
2,talk,5,14,Over
2,talk,6,15,DIVINED Agent[11] HUMAN
2,talk,7,10,DIVINED Agent[06] HUMAN
2,talk,8,8,ESTIMATE Agent[07] VILLAGER
2,talk,9,2,INQUESTED Agent[13] HUMAN
2,talk,10,6,VOTE Agent[02]
2,talk,11,12,Skip
2,talk,12,1,Skip
2,whisper,0,14,Skip
2,whisper,1,9,Over
2,whisper,2,6,ATTACK Agent[15]
2,whisper,3,6,Over
2,whisper,4,9,Over
2,whisper,5,14,Skip
2,whisper,6,14,Skip
2,whisper,7,9,Over
2,whisper,8,6,Over
2,whisper,9,14,Skip
2,whisper,10,6,Over
2,whisper,11,9,Over
2,whisper,12,14,Skip
2,whisper,13,6,Over
2,whisper,14,9,Over
2,whisper,15,14,Skip
2,whisper,16,6,Over
2,whisper,17,9,Over
2,whisper,18,14,Skip
2,whisper,19,6,Over
2,whisper,20,9,Over
2,whisper,21,14,Skip
2,whisper,22,6,Over
2,whisper,23,9,Over
2,whisper,24,14,Skip
2,whisper,25,6,Over
2,whisper,26,9,Over
2,whisper,27,14,Skip
2,whisper,28,6,Over
2,whisper,29,9,Over
2,talk,13,1,VOTE Agent[09]
2,talk,14,8,Skip
2,talk,15,7,VOTE Agent[12]
2,talk,16,9,Over
2,talk,17,14,Over
2,talk,18,5,ESTIMATE Agent[11] VILLAGER
2,talk,19,15,VOTE Agent[01]
2,talk,20,12,Skip
2,talk,21,2,VOTE Agent[09]
2,talk,22,6,Over
2,talk,23,11,Over
2,talk,24,10,Skip
2,talk,25,4,VOTE Agent[04]
2,whisper,30,6,Over
2,whisper,31,14,Skip
2,whisper,32,9,Over
2,whisper,33,14,Skip
2,whisper,34,6,Over
2,whisper,35,9,Over
2,whisper,36,14,Skip
2,whisper,37,6,Over
2,whisper,38,9,Over
2,whisper,39,14,Skip
2,whisper,40,6,Over
2,whisper,41,9,Over
2,whisper,42,14,Skip
2,whisper,43,6,Over
2,whisper,44,9,Over
2,whisper,45,14,Skip
2,whisper,46,6,Over
2,whisper,47,9,Over
2,whisper,48,14,Skip
2,whisper,49,6,Over
2,whisper,50,9,Over
2,whisper,51,14,Skip
2,whisper,52,6,Over
2,whisper,53,9,Over
2,whisper,54,14,Skip
2,whisper,55,6,Over
2,whisper,56,9,Over
2,whisper,57,14,Skip
2,whisper,58,6,Over
2,whisper,59,9,Over
2,talk,26,6,Over
2,talk,27,14,Over
2,talk,28,12,Skip
2,talk,29,11,Over
2,talk,30,15,ESTIMATE Agent[01] WEREWOLF
2,talk,31,10,Skip
2,talk,32,5,ESTIMATE Agent[02] MEDIUM
2,talk,33,1,Over
2,talk,34,9,Over
2,talk,35,8,ESTIMATE Agent[04] VILLAGER
2,talk,36,7,Over
2,talk,37,2,ESTIMATE Agent[05] WEREWOLF
2,talk,38,4,VOTE Agent[02]
2,whisper,60,14,Skip
2,whisper,61,6,Over
2,whisper,62,9,Over
2,whisper,63,14,Skip
2,whisper,64,6,Over
2,whisper,65,9,Over
2,whisper,66,14,Skip
2,whisper,67,6,Over
2,whisper,68,9,Over
2,whisper,69,14,Skip
2,whisper,70,6,Over
2,whisper,71,9,Over
2,whisper,72,14,Skip
2,whisper,73,6,Over
2,whisper,74,9,Over
2,whisper,75,14,Skip
2,whisper,76,6,Over
2,whisper,77,9,Over
2,whisper,78,14,Skip
2,whisper,79,6,Over
2,whisper,80,9,Over
2,whisper,81,14,Skip
2,whisper,82,6,Over
2,whisper,83,9,Over
2,whisper,84,14,Skip
2,whisper,85,6,Over
2,whisper,86,9,Over
2,whisper,87,14,Skip
2,whisper,88,6,Over
2,whisper,89,9,Over
2,talk,39,4,VOTE Agent[15]
2,talk,40,5,Skip
2,talk,41,10,Skip
2,talk,42,1,Over
2,talk,43,12,Skip
2,talk,44,2,ESTIMATE Agent[06] WEREWOLF
2,talk,45,15,ESTIMATE Agent[06] WEREWOLF
2,talk,46,11,Over
2,talk,47,6,Over
2,talk,48,8,VOTE Agent[15]
2,talk,49,9,Over
2,talk,50,14,Over
2,talk,51,7,Over
2,whisper,90,9,Over
2,whisper,91,6,Over
2,whisper,92,14,Skip
2,whisper,93,14,Skip
2,whisper,94,6,Over
2,whisper,95,9,Over
2,whisper,96,14,Skip
2,whisper,97,6,Over
2,whisper,98,9,Over
2,whisper,99,14,Skip
2,whisper,100,6,Over
2,whisper,101,9,Over
2,whisper,102,14,Skip
2,whisper,103,6,Over
2,whisper,104,9,Over
2,whisper,105,14,Skip
2,whisper,106,6,Over
2,whisper,107,9,Over
2,whisper,108,14,Skip
2,whisper,109,6,Over
2,whisper,110,9,Over
2,whisper,111,14,Skip
2,whisper,112,6,Over
2,whisper,113,9,Over
2,whisper,114,14,Skip
2,whisper,115,6,Over
2,whisper,116,9,Over
2,whisper,117,14,Skip
2,whisper,118,6,Over
2,whisper,119,9,Over
2,talk,52,12,Skip
2,talk,53,2,ESTIMATE Agent[06] WEREWOLF
2,talk,54,4,VOTE Agent[14]
2,talk,55,6,Over
2,talk,56,15,ESTIMATE Agent[10] WEREWOLF
2,talk,57,10,Skip
2,talk,58,5,ESTIMATE Agent[15] SEER
2,talk,59,1,Over
2,talk,60,8,Over
2,talk,61,11,Over
2,talk,62,7,Over
2,talk,63,9,Over
2,talk,64,14,Over
2,whisper,120,9,Over
2,whisper,121,14,Skip
2,whisper,122,6,Over
2,whisper,123,9,Over
2,whisper,124,14,Skip
2,whisper,125,6,Over
2,whisper,126,9,Over
2,whisper,127,14,Skip
2,whisper,128,6,Over
2,whisper,129,9,Over
2,whisper,130,14,Skip
2,whisper,131,6,Over
2,whisper,132,9,Over
2,whisper,133,14,Skip
2,whisper,134,6,Over
2,whisper,135,9,Over
2,whisper,136,14,Skip
2,whisper,137,6,Over
2,whisper,138,14,Skip
2,whisper,139,9,Over
2,whisper,140,6,Over
2,whisper,141,14,Skip
2,whisper,142,6,Over
2,whisper,143,9,Over
2,whisper,144,14,Skip
2,whisper,145,6,Over
2,whisper,146,9,Over
2,whisper,147,14,Skip
2,whisper,148,6,Over
2,whisper,149,9,Over
2,talk,65,15,ESTIMATE Agent[02] MEDIUM
2,talk,66,4,VOTE Agent[11]
2,talk,67,6,Over
2,talk,68,12,Skip
2,talk,69,2,ESTIMATE Agent[09] WEREWOLF
2,talk,70,5,ESTIMATE Agent[10] WEREWOLF
2,talk,71,10,Skip
2,talk,72,1,Over
2,talk,73,7,Over
2,talk,74,8,VOTE Agent[04]
2,talk,75,9,Over
2,talk,76,11,Over
2,talk,77,14,Over
2,whisper,150,9,Over
2,whisper,151,6,Over
2,whisper,152,14,Skip
2,whisper,153,14,Skip
2,whisper,154,9,Over
2,whisper,155,6,Over
2,whisper,156,14,Skip
2,whisper,157,6,Over
2,whisper,158,9,Over
2,whisper,159,14,Skip
2,whisper,160,6,Over
2,whisper,161,9,Over
2,whisper,162,14,Skip
2,whisper,163,6,Over
2,whisper,164,9,Over
2,whisper,165,14,Skip
2,whisper,166,6,Over
2,whisper,167,9,Over
2,whisper,168,14,Skip
2,whisper,169,6,Over
2,whisper,170,9,Over
2,whisper,171,14,Skip
2,whisper,172,6,Over
2,whisper,173,9,Over
2,whisper,174,14,Skip
2,whisper,175,6,Over
2,whisper,176,9,Over
2,whisper,177,14,Skip
2,whisper,178,6,Over
2,whisper,179,9,Over
2,talk,78,7,Over
2,talk,79,2,VOTE Agent[09]
2,talk,80,12,Skip
2,talk,81,10,Skip
2,talk,82,4,VOTE Agent[12]
2,talk,83,8,Over
2,talk,84,1,Over
2,talk,85,6,Over
2,talk,86,15,Over
2,talk,87,5,ESTIMATE Agent[08] WEREWOLF
2,talk,88,9,Over
2,talk,89,11,Over
2,talk,90,14,Over
2,whisper,180,14,Skip
2,whisper,181,9,Over
2,whisper,182,6,Over
2,whisper,183,14,Skip
2,whisper,184,6,Over
2,whisper,185,9,Over
2,whisper,186,14,Skip
2,whisper,187,6,Over
2,whisper,188,9,Over
2,whisper,189,14,Skip
2,whisper,190,6,Over
2,whisper,191,9,Over
2,whisper,192,14,Skip
2,whisper,193,6,Over
2,whisper,194,9,Over
2,whisper,195,14,Skip
2,whisper,196,6,Over
2,whisper,197,9,Over
2,whisper,198,14,Skip
2,whisper,199,6,Over
2,whisper,200,9,Over
2,whisper,201,14,Skip
2,whisper,202,6,Over
2,whisper,203,9,Over
2,whisper,204,14,Skip
2,whisper,205,6,Over
2,whisper,206,9,Over
2,whisper,207,14,Skip
2,whisper,208,6,Over
2,whisper,209,9,Over
2,talk,91,15,Over
2,talk,92,7,Over
2,talk,93,1,Over
2,talk,94,8,VOTE Agent[12]
2,talk,95,5,ESTIMATE Agent[02] MEDIUM
2,talk,96,10,Skip
2,talk,97,6,Over
2,talk,98,4,ESTIMATE Agent[15] SEER
2,talk,99,12,Skip
2,talk,100,2,VOTE Agent[12]
2,talk,101,9,Over
2,talk,102,11,Over
2,talk,103,14,Over
2,whisper,210,6,Over
2,whisper,211,14,Skip
2,whisper,212,9,Over
2,whisper,213,6,Over
2,whisper,214,14,Skip
2,whisper,215,9,Over
2,whisper,216,14,Skip
2,whisper,217,6,Over
2,whisper,218,9,Over
2,whisper,219,14,Skip
2,whisper,220,6,Over
2,whisper,221,9,Over
2,whisper,222,14,Skip
2,whisper,223,6,Over
2,whisper,224,9,Over
2,whisper,225,14,Skip
2,whisper,226,6,Over
2,whisper,227,9,Over
2,whisper,228,14,Skip
2,whisper,229,6,Over
2,whisper,230,9,Over
2,whisper,231,14,Skip
2,whisper,232,6,Over
2,whisper,233,9,Over
2,whisper,234,14,Skip
2,whisper,235,6,Over
2,whisper,236,9,Over
2,whisper,237,14,Skip
2,whisper,238,6,Over
2,whisper,239,9,Over
2,talk,104,7,Over
2,talk,105,15,VOTE Agent[12]
2,talk,106,8,VOTE Agent[04]
2,talk,107,6,Over
2,talk,108,4,VOTE Agent[08]
2,talk,109,12,Skip
2,talk,110,5,ESTIMATE Agent[01] WEREWOLF
2,talk,111,2,VOTE Agent[12]
2,talk,112,10,Skip
2,talk,113,1,Over
2,talk,114,9,Over
2,talk,115,11,Over
2,talk,116,14,Over
2,whisper,240,14,Skip
2,whisper,241,9,Over
2,whisper,242,6,Over
2,whisper,243,14,Skip
2,whisper,244,6,Over
2,whisper,245,9,Over
2,whisper,246,14,Skip
2,whisper,247,6,Over
2,whisper,248,9,Over
2,whisper,249,14,Skip
2,whisper,250,6,Over
2,whisper,251,9,Over
2,whisper,252,14,Skip
2,whisper,253,6,Over
2,whisper,254,9,Over
2,whisper,255,14,Skip
2,whisper,256,6,Over
2,whisper,257,9,Over
2,whisper,258,14,Skip
2,whisper,259,6,Over
2,whisper,260,9,Over
2,whisper,261,14,Skip
2,whisper,262,6,Over
2,whisper,263,9,Over
2,whisper,264,14,Skip
2,whisper,265,6,Over
2,whisper,266,9,Over
2,whisper,267,14,Skip
2,whisper,268,6,Over
2,whisper,269,9,Over
2,talk,117,6,Over
2,talk,118,15,Over
2,talk,119,2,VOTE Agent[12]
2,talk,120,12,Skip
2,talk,121,7,Over
2,talk,122,5,ESTIMATE Agent[02] MEDIUM
2,talk,123,4,ESTIMATE Agent[02] MEDIUM
2,talk,124,10,Skip
2,talk,125,8,VOTE Agent[05]
2,talk,126,1,Over
2,talk,127,9,Over
2,talk,128,11,Over
2,talk,129,14,Over
2,whisper,270,9,Over
2,whisper,271,6,Over
2,whisper,272,14,Skip
2,whisper,273,14,Skip
2,whisper,274,6,Over
2,whisper,275,9,Over
2,whisper,276,14,Skip
2,whisper,277,6,Over
2,whisper,278,9,Over
2,whisper,279,14,Skip
2,whisper,280,6,Over
2,whisper,281,9,Over
2,whisper,282,14,Skip
2,whisper,283,6,Over
2,whisper,284,9,Over
2,whisper,285,14,Skip
2,whisper,286,6,Over
2,whisper,287,9,Over
2,whisper,288,14,Skip
2,whisper,289,6,Over
2,whisper,290,9,Over
2,whisper,291,14,Skip
2,whisper,292,6,Over
2,whisper,293,9,Over
2,whisper,294,14,Skip
2,whisper,295,6,Over
2,whisper,296,9,Over
2,whisper,297,14,Skip
2,whisper,298,6,Over
2,whisper,299,9,Over
2,vote,1,9
2,vote,2,12
2,vote,4,5
2,vote,5,14
2,vote,6,2
2,vote,7,12
2,vote,8,5
2,vote,9,15
2,vote,10,15
2,vote,11,1
2,vote,12,10
2,vote,14,2
2,vote,15,12
2,divine,15,1,HUMAN
2,guard,12,1,VILLAGER
2,attackVote,6,15
2,attackVote,14,2
2,execute,12,BODYGUARD
2,attack,2,true
3,status,1,VILLAGER,ALIVE,cash
3,status,2,MEDIUM,DEAD,kSugar
3,status,3,VILLAGER,DEAD,haretaro
3,status,4,VILLAGER,ALIVE,Kanolab
3,status,5,VILLAGER,ALIVE,wasabi
3,status,6,WEREWOLF,ALIVE,TOT
3,status,7,VILLAGER,ALIVE,nakamura
3,status,8,VILLAGER,ALIVE,iace10442
3,status,9,WEREWOLF,ALIVE,tkAI
3,status,10,POSSESSED,ALIVE,NLwolf
3,status,11,VILLAGER,ALIVE,carlo
3,status,12,BODYGUARD,DEAD,twn480
3,status,13,VILLAGER,DEAD,KajiGod
3,status,14,WEREWOLF,ALIVE,howls
3,status,15,SEER,ALIVE,Udon
3,talk,0,11,ESTIMATE Agent[02] MEDIUM
3,talk,1,5,Skip
3,talk,2,7,ESTIMATE Agent[08] WEREWOLF
3,talk,3,14,Over
3,talk,4,8,ESTIMATE Agent[04] VILLAGER
3,talk,5,15,DIVINED Agent[01] HUMAN
3,talk,6,1,VOTE Agent[09]
3,talk,7,4,VOTE Agent[15]
3,talk,8,10,DIVINED Agent[01] HUMAN
3,talk,9,6,VOTE Agent[11]
3,talk,10,9,Over
3,whisper,0,14,Skip
3,whisper,1,9,Over
3,whisper,2,6,ATTACK Agent[15]
3,whisper,3,14,Skip
3,whisper,4,6,Over
3,whisper,5,9,Over
3,whisper,6,14,Skip
3,whisper,7,6,Over
3,whisper,8,9,Over
3,whisper,9,14,Skip
3,whisper,10,6,Over
3,whisper,11,9,Over
3,whisper,12,14,Skip
3,whisper,13,6,Over
3,whisper,14,9,Over
3,whisper,15,14,Skip
3,whisper,16,6,Over
3,whisper,17,9,Over
3,whisper,18,14,Skip
3,whisper,19,6,Over
3,whisper,20,9,Over
3,whisper,21,14,Skip
3,whisper,22,6,Over
3,whisper,23,9,Over
3,whisper,24,14,Skip
3,whisper,25,6,Over
3,whisper,26,9,Over
3,whisper,27,14,Skip
3,whisper,28,6,Over
3,whisper,29,9,Over
3,talk,11,4,ESTIMATE Agent[15] SEER
3,talk,12,7,VOTE Agent[08]
3,talk,13,11,VOTE Agent[01]
3,talk,14,1,VOTE Agent[09]
3,talk,15,6,Over
3,talk,16,14,Over
3,talk,17,10,Skip
3,talk,18,15,VOTE Agent[09]
3,talk,19,5,ESTIMATE Agent[14] WEREWOLF
3,talk,20,8,ESTIMATE Agent[01] VILLAGER
3,talk,21,9,Over
3,whisper,30,9,Over
3,whisper,31,6,Over
3,whisper,32,14,Skip
3,whisper,33,14,Skip
3,whisper,34,6,Over
3,whisper,35,9,Over
3,whisper,36,14,Skip
3,whisper,37,6,Over
3,whisper,38,9,Over
3,whisper,39,14,Skip
3,whisper,40,6,Over
3,whisper,41,9,Over
3,whisper,42,14,Skip
3,whisper,43,6,Over
3,whisper,44,9,Over
3,whisper,45,14,Skip
3,whisper,46,6,Over
3,whisper,47,9,Over
3,whisper,48,14,Skip
3,whisper,49,6,Over
3,whisper,50,9,Over
3,whisper,51,14,Skip
3,whisper,52,6,Over
3,whisper,53,9,Over
3,whisper,54,14,Skip
3,whisper,55,6,Over
3,whisper,56,9,Over
3,whisper,57,14,Skip
3,whisper,58,6,Over
3,whisper,59,9,Over
3,talk,22,5,ESTIMATE Agent[10] WEREWOLF
3,talk,23,14,Over
3,talk,24,7,Over
3,talk,25,11,Over
3,talk,26,10,Skip
3,talk,27,8,Skip
3,talk,28,6,Over
3,talk,29,15,ESTIMATE Agent[06] WEREWOLF
3,talk,30,1,Over
3,talk,31,4,VOTE Agent[08]
3,talk,32,9,Over
3,whisper,60,6,Over
3,whisper,61,9,Over
3,whisper,62,14,Skip
3,whisper,63,9,Over
3,whisper,64,6,Over
3,whisper,65,14,Skip
3,whisper,66,9,Over
3,whisper,67,6,Over
3,whisper,68,14,Skip
3,whisper,69,9,Over
3,whisper,70,6,Over
3,whisper,71,14,Skip
3,whisper,72,14,Skip
3,whisper,73,6,Over
3,whisper,74,9,Over
3,whisper,75,14,Skip
3,whisper,76,6,Over
3,whisper,77,9,Over
3,whisper,78,14,Skip
3,whisper,79,6,Over
3,whisper,80,9,Over
3,whisper,81,14,Skip
3,whisper,82,6,Over
3,whisper,83,9,Over
3,whisper,84,14,Skip
3,whisper,85,6,Over
3,whisper,86,9,Over
3,whisper,87,14,Skip
3,whisper,88,6,Over
3,whisper,89,9,Over
3,talk,33,4,VOTE Agent[05]
3,talk,34,10,Skip
3,talk,35,6,Over
3,talk,36,8,VOTE Agent[05]
3,talk,37,11,Over
3,talk,38,5,ESTIMATE Agent[15] SEER
3,talk,39,15,ESTIMATE Agent[09] WEREWOLF
3,talk,40,7,Over
3,talk,41,1,Over
3,talk,42,14,Over
3,talk,43,9,Over
3,whisper,90,9,Over
3,whisper,91,14,Skip
3,whisper,92,6,Over
3,whisper,93,14,Skip
3,whisper,94,9,Over
3,whisper,95,6,Over
3,whisper,96,14,Skip
3,whisper,97,6,Over
3,whisper,98,9,Over
3,whisper,99,14,Skip
3,whisper,100,6,Over
3,whisper,101,9,Over
3,whisper,102,14,Skip
3,whisper,103,6,Over
3,whisper,104,9,Over
3,whisper,105,14,Skip
3,whisper,106,6,Over
3,whisper,107,9,Over
3,whisper,108,14,Skip
3,whisper,109,6,Over
3,whisper,110,9,Over
3,whisper,111,14,Skip
3,whisper,112,6,Over
3,whisper,113,9,Over
3,whisper,114,14,Skip
3,whisper,115,6,Over
3,whisper,116,9,Over
3,whisper,117,14,Skip
3,whisper,118,6,Over
3,whisper,119,9,Over
3,talk,44,4,VOTE Agent[09]
3,talk,45,8,VOTE Agent[15]
3,talk,46,6,Over
3,talk,47,15,ESTIMATE Agent[10] WEREWOLF
3,talk,48,5,ESTIMATE Agent[01] VILLAGER
3,talk,49,10,Skip
3,talk,50,11,Over
3,talk,51,1,Over
3,talk,52,7,Over
3,talk,53,9,Over
3,talk,54,14,Over
3,whisper,120,9,Over
3,whisper,121,6,Over
3,whisper,122,14,Skip
3,whisper,123,14,Skip
3,whisper,124,9,Over
3,whisper,125,6,Over
3,whisper,126,14,Skip
3,whisper,127,6,Over
3,whisper,128,9,Over
3,whisper,129,14,Skip
3,whisper,130,6,Over
3,whisper,131,9,Over
3,whisper,132,14,Skip
3,whisper,133,6,Over
3,whisper,134,9,Over
3,whisper,135,14,Skip
3,whisper,136,6,Over
3,whisper,137,9,Over
3,whisper,138,14,Skip
3,whisper,139,6,Over
3,whisper,140,9,Over
3,whisper,141,14,Skip
3,whisper,142,6,Over
3,whisper,143,9,Over
3,whisper,144,14,Skip
3,whisper,145,6,Over
3,whisper,146,9,Over
3,whisper,147,14,Skip
3,whisper,148,6,Over
3,whisper,149,9,Over
3,talk,55,15,Over
3,talk,56,6,Over
3,talk,57,5,Skip
3,talk,58,8,VOTE Agent[05]
3,talk,59,4,VOTE Agent[14]
3,talk,60,10,Skip
3,talk,61,1,Over
3,talk,62,7,Over
3,talk,63,9,Over
3,talk,64,11,Over
3,talk,65,14,Over
3,whisper,150,9,Over
3,whisper,151,14,Skip
3,whisper,152,6,Over
3,whisper,153,9,Over
3,whisper,154,14,Skip
3,whisper,155,6,Over
3,whisper,156,9,Over
3,whisper,157,14,Skip
3,whisper,158,6,Over
3,whisper,159,14,Skip
3,whisper,160,9,Over
3,whisper,161,6,Over
3,whisper,162,14,Skip
3,whisper,163,6,Over
3,whisper,164,9,Over
3,whisper,165,14,Skip
3,whisper,166,6,Over
3,whisper,167,9,Over
3,whisper,168,14,Skip
3,whisper,169,6,Over
3,whisper,170,9,Over
3,whisper,171,14,Skip
3,whisper,172,6,Over
3,whisper,173,9,Over
3,whisper,174,14,Skip
3,whisper,175,6,Over
3,whisper,176,9,Over
3,whisper,177,14,Skip
3,whisper,178,6,Over
3,whisper,179,9,Over
3,talk,66,4,VOTE Agent[06]
3,talk,67,8,VOTE Agent[15]
3,talk,68,6,Over
3,talk,69,5,Skip
3,talk,70,15,Over
3,talk,71,10,Skip
3,talk,72,1,Over
3,talk,73,7,Over
3,talk,74,9,Over
3,talk,75,11,Over
3,talk,76,14,Over
3,whisper,180,6,Over
3,whisper,181,9,Over
3,whisper,182,14,Skip
3,whisper,183,9,Over
3,whisper,184,14,Skip
3,whisper,185,6,Over
3,whisper,186,14,Skip
3,whisper,187,9,Over
3,whisper,188,6,Over
3,whisper,189,14,Skip
3,whisper,190,6,Over
3,whisper,191,9,Over
3,whisper,192,14,Skip
3,whisper,193,6,Over
3,whisper,194,9,Over
3,whisper,195,14,Skip
3,whisper,196,6,Over
3,whisper,197,9,Over
3,whisper,198,14,Skip
3,whisper,199,6,Over
3,whisper,200,9,Over
3,whisper,201,14,Skip
3,whisper,202,6,Over
3,whisper,203,9,Over
3,whisper,204,14,Skip
3,whisper,205,6,Over
3,whisper,206,9,Over
3,whisper,207,14,Skip
3,whisper,208,6,Over
3,whisper,209,9,Over
3,talk,77,15,Over
3,talk,78,5,ESTIMATE Agent[01] VILLAGER
3,talk,79,4,ESTIMATE Agent[02] MEDIUM
3,talk,80,6,Over
3,talk,81,8,Over
3,talk,82,10,Skip
3,talk,83,1,Over
3,talk,84,7,Over
3,talk,85,9,Over
3,talk,86,11,Over
3,talk,87,14,Over
3,whisper,210,14,Skip
3,whisper,211,6,Over
3,whisper,212,9,Over
3,whisper,213,14,Skip
3,whisper,214,6,Over
3,whisper,215,9,Over
3,whisper,216,14,Skip
3,whisper,217,6,Over
3,whisper,218,9,Over
3,whisper,219,14,Skip
3,whisper,220,6,Over
3,whisper,221,9,Over
3,whisper,222,14,Skip
3,whisper,223,6,Over
3,whisper,224,9,Over
3,whisper,225,14,Skip
3,whisper,226,6,Over
3,whisper,227,9,Over
3,whisper,228,14,Skip
3,whisper,229,6,Over
3,whisper,230,9,Over
3,whisper,231,14,Skip
3,whisper,232,6,Over
3,whisper,233,9,Over
3,whisper,234,14,Skip
3,whisper,235,6,Over
3,whisper,236,9,Over
3,whisper,237,14,Skip
3,whisper,238,6,Over
3,whisper,239,9,Over
3,talk,88,6,Over
3,talk,89,4,ESTIMATE Agent[06] VILLAGER
3,talk,90,15,Over
3,talk,91,5,ESTIMATE Agent[11] VILLAGER
3,talk,92,10,Skip
3,talk,93,8,VOTE Agent[07]
3,talk,94,1,Over
3,talk,95,7,Over
3,talk,96,9,Over
3,talk,97,11,Over
3,talk,98,14,Over
3,whisper,240,9,Over
3,whisper,241,14,Skip
3,whisper,242,6,Over
3,whisper,243,14,Skip
3,whisper,244,9,Over
3,whisper,245,6,Over
3,whisper,246,14,Skip
3,whisper,247,6,Over
3,whisper,248,9,Over
3,whisper,249,14,Skip
3,whisper,250,6,Over
3,whisper,251,9,Over
3,whisper,252,14,Skip
3,whisper,253,6,Over
3,whisper,254,9,Over
3,whisper,255,14,Skip
3,whisper,256,6,Over
3,whisper,257,9,Over
3,whisper,258,14,Skip
3,whisper,259,6,Over
3,whisper,260,9,Over
3,whisper,261,14,Skip
3,whisper,262,6,Over
3,whisper,263,9,Over
3,whisper,264,14,Skip
3,whisper,265,6,Over
3,whisper,266,9,Over
3,whisper,267,14,Skip
3,whisper,268,6,Over
3,whisper,269,9,Over
3,talk,99,10,Skip
3,talk,100,4,Over
3,talk,101,5,ESTIMATE Agent[04] WEREWOLF
3,talk,102,6,Over
3,talk,103,8,VOTE Agent[04]
3,talk,104,15,Over
3,talk,105,1,Over
3,talk,106,7,Over
3,talk,107,9,Over
3,talk,108,11,Over
3,talk,109,14,Over
3,whisper,270,6,Over
3,whisper,271,14,Skip
3,whisper,272,9,Over
3,whisper,273,14,Skip
3,whisper,274,6,Over
3,whisper,275,9,Over
3,whisper,276,14,Skip
3,whisper,277,6,Over
3,whisper,278,9,Over
3,whisper,279,14,Skip
3,whisper,280,6,Over
3,whisper,281,9,Over
3,whisper,282,14,Skip
3,whisper,283,6,Over
3,whisper,284,9,Over
3,whisper,285,14,Skip
3,whisper,286,6,Over
3,whisper,287,9,Over
3,whisper,288,14,Skip
3,whisper,289,6,Over
3,whisper,290,9,Over
3,whisper,291,14,Skip
3,whisper,292,6,Over
3,whisper,293,9,Over
3,whisper,294,14,Skip
3,whisper,295,6,Over
3,whisper,296,9,Over
3,whisper,297,14,Skip
3,whisper,298,6,Over
3,whisper,299,9,Over
3,vote,1,9
3,vote,4,11
3,vote,5,9
3,vote,6,11
3,vote,7,8
3,vote,8,4
3,vote,9,11
3,vote,10,14
3,vote,11,1
3,vote,14,7
3,vote,15,9
3,divine,15,6,WEREWOLF
3,attackVote,6,15
3,execute,11,VILLAGER
3,attack,15,true
4,status,1,VILLAGER,ALIVE,cash
4,status,2,MEDIUM,DEAD,kSugar
4,status,3,VILLAGER,DEAD,haretaro
4,status,4,VILLAGER,ALIVE,Kanolab
4,status,5,VILLAGER,ALIVE,wasabi
4,status,6,WEREWOLF,ALIVE,TOT
4,status,7,VILLAGER,ALIVE,nakamura
4,status,8,VILLAGER,ALIVE,iace10442
4,status,9,WEREWOLF,ALIVE,tkAI
4,status,10,POSSESSED,ALIVE,NLwolf
4,status,11,VILLAGER,DEAD,carlo
4,status,12,BODYGUARD,DEAD,twn480
4,status,13,VILLAGER,DEAD,KajiGod
4,status,14,WEREWOLF,ALIVE,howls
4,status,15,SEER,DEAD,Udon
4,talk,0,1,VOTE Agent[09]
4,talk,1,5,ESTIMATE Agent[01] VILLAGER
4,talk,2,7,ESTIMATE Agent[08] WEREWOLF
4,talk,3,8,ESTIMATE Agent[14] WEREWOLF
4,talk,4,10,DIVINED Agent[04] HUMAN
4,talk,5,4,VOTE Agent[07]
4,talk,6,9,Over
4,talk,7,14,Over
4,talk,8,6,VOTE Agent[04]
4,whisper,0,6,ATTACK Agent[05]
4,whisper,1,9,Over
4,whisper,2,14,Skip
4,whisper,3,14,Skip
4,whisper,4,9,Over
4,whisper,5,6,Over
4,whisper,6,14,Skip
4,whisper,7,6,Over
4,whisper,8,9,Over
4,whisper,9,14,Skip
4,whisper,10,6,Over
4,whisper,11,9,Over
4,whisper,12,14,Skip
4,whisper,13,6,Over
4,whisper,14,9,Over
4,whisper,15,14,Skip
4,whisper,16,6,Over
4,whisper,17,9,Over
4,whisper,18,14,Skip
4,whisper,19,6,Over
4,whisper,20,9,Over
4,whisper,21,14,Skip
4,whisper,22,6,Over
4,whisper,23,9,Over
4,whisper,24,14,Skip
4,whisper,25,6,Over
4,whisper,26,9,Over
4,whisper,27,14,Skip
4,whisper,28,6,Over
4,whisper,29,9,Over
4,talk,9,10,Skip
4,talk,10,8,Skip
4,talk,11,4,VOTE Agent[14]
4,talk,12,5,Skip
4,talk,13,14,Over
4,talk,14,6,Over
4,talk,15,1,VOTE Agent[09]
4,talk,16,9,Over
4,talk,17,7,VOTE Agent[08]
4,whisper,30,14,Skip
4,whisper,31,6,Over
4,whisper,32,9,Over
4,whisper,33,14,Skip
4,whisper,34,6,Over
4,whisper,35,9,Over
4,whisper,36,14,Skip
4,whisper,37,6,Over
4,whisper,38,9,Over
4,whisper,39,14,Skip
4,whisper,40,6,Over
4,whisper,41,9,Over
4,whisper,42,14,Skip
4,whisper,43,6,Over
4,whisper,44,9,Over
4,whisper,45,14,Skip
4,whisper,46,6,Over
4,whisper,47,9,Over
4,whisper,48,14,Skip
4,whisper,49,6,Over
4,whisper,50,9,Over
4,whisper,51,14,Skip
4,whisper,52,6,Over
4,whisper,53,9,Over
4,whisper,54,14,Skip
4,whisper,55,6,Over
4,whisper,56,9,Over
4,whisper,57,14,Skip
4,whisper,58,6,Over
4,whisper,59,9,Over
4,talk,18,7,Over
4,talk,19,5,ESTIMATE Agent[09] WEREWOLF
4,talk,20,14,Over
4,talk,21,6,Over
4,talk,22,4,VOTE Agent[08]
4,talk,23,8,Skip
4,talk,24,9,Over
4,talk,25,10,Skip
4,talk,26,1,Over
4,whisper,60,6,Over
4,whisper,61,9,Over
4,whisper,62,14,Skip
4,whisper,63,14,Skip
4,whisper,64,6,Over
4,whisper,65,9,Over
4,whisper,66,14,Skip
4,whisper,67,6,Over
4,whisper,68,9,Over
4,whisper,69,14,Skip
4,whisper,70,6,Over
4,whisper,71,9,Over
4,whisper,72,14,Skip
4,whisper,73,6,Over
4,whisper,74,9,Over
4,whisper,75,14,Skip
4,whisper,76,6,Over
4,whisper,77,9,Over
4,whisper,78,14,Skip
4,whisper,79,6,Over
4,whisper,80,9,Over
4,whisper,81,14,Skip
4,whisper,82,6,Over
4,whisper,83,9,Over
4,whisper,84,14,Skip
4,whisper,85,6,Over
4,whisper,86,9,Over
4,whisper,87,14,Skip
4,whisper,88,6,Over
4,whisper,89,9,Over
4,talk,27,8,VOTE Agent[14]
4,talk,28,4,ESTIMATE Agent[15] SEER
4,talk,29,10,Skip
4,talk,30,7,Over
4,talk,31,5,ESTIMATE Agent[07] WEREWOLF
4,talk,32,9,Over
4,talk,33,6,Over
4,talk,34,14,Over
4,talk,35,1,Over
4,whisper,90,9,Over
4,whisper,91,14,Skip
4,whisper,92,6,Over
4,whisper,93,14,Skip
4,whisper,94,9,Over
4,whisper,95,6,Over
4,whisper,96,14,Skip
4,whisper,97,6,Over
4,whisper,98,9,Over
4,whisper,99,14,Skip
4,whisper,100,6,Over
4,whisper,101,9,Over
4,whisper,102,14,Skip
4,whisper,103,6,Over
4,whisper,104,9,Over
4,whisper,105,14,Skip
4,whisper,106,6,Over
4,whisper,107,9,Over
4,whisper,108,14,Skip
4,whisper,109,6,Over
4,whisper,110,9,Over
4,whisper,111,14,Skip
4,whisper,112,6,Over
4,whisper,113,9,Over
4,whisper,114,14,Skip
4,whisper,115,6,Over
4,whisper,116,9,Over
4,whisper,117,14,Skip
4,whisper,118,6,Over
4,whisper,119,9,Over
4,talk,36,7,Over
4,talk,37,4,VOTE Agent[04]
4,talk,38,10,Skip
4,talk,39,8,VOTE Agent[01]
4,talk,40,5,ESTIMATE Agent[01] VILLAGER
4,talk,41,1,Over
4,talk,42,6,Over
4,talk,43,9,Over
4,talk,44,14,Over
4,whisper,120,6,Over
4,whisper,121,14,Skip
4,whisper,122,9,Over
4,whisper,123,6,Over
4,whisper,124,14,Skip
4,whisper,125,9,Over
4,whisper,126,6,Over
4,whisper,127,14,Skip
4,whisper,128,9,Over
4,whisper,129,14,Skip
4,whisper,130,6,Over
4,whisper,131,9,Over
4,whisper,132,14,Skip
4,whisper,133,6,Over
4,whisper,134,9,Over
4,whisper,135,14,Skip
4,whisper,136,6,Over
4,whisper,137,9,Over
4,whisper,138,14,Skip
4,whisper,139,6,Over
4,whisper,140,9,Over
4,whisper,141,14,Skip
4,whisper,142,6,Over
4,whisper,143,9,Over
4,whisper,144,14,Skip
4,whisper,145,6,Over
4,whisper,146,9,Over
4,whisper,147,14,Skip
4,whisper,148,6,Over
4,whisper,149,9,Over
4,talk,45,5,ESTIMATE Agent[01] VILLAGER
4,talk,46,4,VOTE Agent[01]
4,talk,47,7,Over
4,talk,48,8,VOTE Agent[09]
4,talk,49,10,Skip
4,talk,50,1,Over
4,talk,51,6,Over
4,talk,52,9,Over
4,talk,53,14,Over
4,whisper,150,14,Skip
4,whisper,151,9,Over
4,whisper,152,6,Over
4,whisper,153,14,Skip
4,whisper,154,6,Over
4,whisper,155,9,Over
4,whisper,156,14,Skip
4,whisper,157,6,Over
4,whisper,158,9,Over
4,whisper,159,14,Skip
4,whisper,160,6,Over
4,whisper,161,9,Over
4,whisper,162,14,Skip
4,whisper,163,6,Over
4,whisper,164,9,Over
4,whisper,165,14,Skip
4,whisper,166,6,Over
4,whisper,167,9,Over
4,whisper,168,14,Skip
4,whisper,169,6,Over
4,whisper,170,9,Over
4,whisper,171,14,Skip
4,whisper,172,6,Over
4,whisper,173,9,Over
4,whisper,174,14,Skip
4,whisper,175,6,Over
4,whisper,176,9,Over
4,whisper,177,14,Skip
4,whisper,178,6,Over
4,whisper,179,9,Over
4,talk,54,10,Skip
4,talk,55,5,ESTIMATE Agent[07] WEREWOLF
4,talk,56,4,VOTE Agent[05]
4,talk,57,7,Over
4,talk,58,8,VOTE Agent[06]
4,talk,59,1,Over
4,talk,60,6,Over
4,talk,61,9,Over
4,talk,62,14,Over
4,whisper,180,6,Over
4,whisper,181,9,Over
4,whisper,182,14,Skip
4,whisper,183,6,Over
4,whisper,184,14,Skip
4,whisper,185,9,Over
4,whisper,186,14,Skip
4,whisper,187,6,Over
4,whisper,188,9,Over
4,whisper,189,14,Skip
4,whisper,190,6,Over
4,whisper,191,9,Over
4,whisper,192,14,Skip
4,whisper,193,6,Over
4,whisper,194,9,Over
4,whisper,195,14,Skip
4,whisper,196,6,Over
4,whisper,197,9,Over
4,whisper,198,14,Skip
4,whisper,199,6,Over
4,whisper,200,9,Over
4,whisper,201,14,Skip
4,whisper,202,6,Over
4,whisper,203,9,Over
4,whisper,204,14,Skip
4,whisper,205,6,Over
4,whisper,206,9,Over
4,whisper,207,14,Skip
4,whisper,208,6,Over
4,whisper,209,9,Over
4,talk,63,10,Skip
4,talk,64,5,ESTIMATE Agent[10] WEREWOLF
4,talk,65,7,Over
4,talk,66,4,ESTIMATE Agent[02] MEDIUM
4,talk,67,8,VOTE Agent[14]
4,talk,68,1,Over
4,talk,69,6,Over
4,talk,70,9,Over
4,talk,71,14,Over
4,whisper,210,9,Over
4,whisper,211,6,Over
4,whisper,212,14,Skip
4,whisper,213,6,Over
4,whisper,214,9,Over
4,whisper,215,14,Skip
4,whisper,216,14,Skip
4,whisper,217,9,Over
4,whisper,218,6,Over
4,whisper,219,14,Skip
4,whisper,220,6,Over
4,whisper,221,9,Over
4,whisper,222,14,Skip
4,whisper,223,6,Over
4,whisper,224,9,Over
4,whisper,225,14,Skip
4,whisper,226,6,Over
4,whisper,227,9,Over
4,whisper,228,14,Skip
4,whisper,229,6,Over
4,whisper,230,9,Over
4,whisper,231,14,Skip
4,whisper,232,6,Over
4,whisper,233,9,Over
4,whisper,234,14,Skip
4,whisper,235,6,Over
4,whisper,236,9,Over
4,whisper,237,14,Skip
4,whisper,238,6,Over
4,whisper,239,9,Over
4,talk,72,4,VOTE Agent[09]
4,talk,73,8,VOTE Agent[06]
4,talk,74,10,Skip
4,talk,75,7,Over
4,talk,76,5,ESTIMATE Agent[01] VILLAGER
4,talk,77,1,Over
4,talk,78,6,Over
4,talk,79,9,Over
4,talk,80,14,Over
4,whisper,240,9,Over
4,whisper,241,14,Skip
4,whisper,242,6,Over
4,whisper,243,14,Skip
4,whisper,244,9,Over
4,whisper,245,6,Over
4,whisper,246,14,Skip
4,whisper,247,6,Over
4,whisper,248,9,Over
4,whisper,249,14,Skip
4,whisper,250,6,Over
4,whisper,251,9,Over
4,whisper,252,14,Skip
4,whisper,253,6,Over
4,whisper,254,9,Over
4,whisper,255,14,Skip
4,whisper,256,6,Over
4,whisper,257,9,Over
4,whisper,258,14,Skip
4,whisper,259,6,Over
4,whisper,260,9,Over
4,whisper,261,14,Skip
4,whisper,262,6,Over
4,whisper,263,9,Over
4,whisper,264,14,Skip
4,whisper,265,6,Over
4,whisper,266,9,Over
4,whisper,267,14,Skip
4,whisper,268,6,Over
4,whisper,269,9,Over
4,talk,81,7,Over
4,talk,82,5,ESTIMATE Agent[01] VILLAGER
4,talk,83,10,Skip
4,talk,84,8,VOTE Agent[14]
4,talk,85,4,ESTIMATE Agent[06] VILLAGER
4,talk,86,1,Over
4,talk,87,6,Over
4,talk,88,9,Over
4,talk,89,14,Over
4,whisper,270,9,Over
4,whisper,271,6,Over
4,whisper,272,14,Skip
4,whisper,273,9,Over
4,whisper,274,6,Over
4,whisper,275,14,Skip
4,whisper,276,14,Skip
4,whisper,277,9,Over
4,whisper,278,6,Over
4,whisper,279,14,Skip
4,whisper,280,6,Over
4,whisper,281,9,Over
4,whisper,282,14,Skip
4,whisper,283,6,Over
4,whisper,284,9,Over
4,whisper,285,14,Skip
4,whisper,286,6,Over
4,whisper,287,9,Over
4,whisper,288,14,Skip
4,whisper,289,6,Over
4,whisper,290,9,Over
4,whisper,291,14,Skip
4,whisper,292,6,Over
4,whisper,293,9,Over
4,whisper,294,14,Skip
4,whisper,295,6,Over
4,whisper,296,9,Over
4,whisper,297,14,Skip
4,whisper,298,6,Over
4,whisper,299,9,Over
4,vote,1,9
4,vote,4,9
4,vote,5,9
4,vote,6,4
4,vote,7,8
4,vote,8,14
4,vote,9,5
4,vote,10,14
4,vote,14,4
4,attackVote,6,5
4,attackVote,9,4
4,execute,9,WEREWOLF
4,attack,5,true
5,status,1,VILLAGER,ALIVE,cash
5,status,2,MEDIUM,DEAD,kSugar
5,status,3,VILLAGER,DEAD,haretaro
5,status,4,VILLAGER,ALIVE,Kanolab
5,status,5,VILLAGER,DEAD,wasabi
5,status,6,WEREWOLF,ALIVE,TOT
5,status,7,VILLAGER,ALIVE,nakamura
5,status,8,VILLAGER,ALIVE,iace10442
5,status,9,WEREWOLF,DEAD,tkAI
5,status,10,POSSESSED,ALIVE,NLwolf
5,status,11,VILLAGER,DEAD,carlo
5,status,12,BODYGUARD,DEAD,twn480
5,status,13,VILLAGER,DEAD,KajiGod
5,status,14,WEREWOLF,ALIVE,howls
5,status,15,SEER,DEAD,Udon
5,talk,0,4,VOTE Agent[07]
5,talk,1,1,VOTE Agent[06]
5,talk,2,6,VOTE Agent[04]
5,talk,3,7,ESTIMATE Agent[08] WEREWOLF
5,talk,4,14,Over
5,talk,5,10,DIVINED Agent[08] HUMAN
5,talk,6,8,COMINGOUT Agent[08] VILLAGER
5,whisper,0,6,ATTACK Agent[04]
5,whisper,1,14,Skip
5,whisper,2,14,Skip
5,whisper,3,6,Over
5,whisper,4,14,Skip
5,whisper,5,6,Over
5,whisper,6,14,Skip
5,whisper,7,6,Over
5,whisper,8,14,Skip
5,whisper,9,6,Over
5,whisper,10,14,Skip
5,whisper,11,6,Over
5,whisper,12,14,Skip
5,whisper,13,6,Over
5,whisper,14,14,Skip
5,whisper,15,6,Over
5,whisper,16,14,Skip
5,whisper,17,6,Over
5,whisper,18,14,Skip
5,whisper,19,6,Over
5,talk,7,7,VOTE Agent[08]
5,talk,8,4,VOTE Agent[01]
5,talk,9,10,Skip
5,talk,10,8,ESTIMATE Agent[04] VILLAGER
5,talk,11,6,VOTE Agent[07]
5,talk,12,1,VOTE Agent[06]
5,talk,13,14,Over
5,whisper,20,6,Over
5,whisper,21,14,Skip
5,whisper,22,14,Skip
5,whisper,23,6,Over
5,whisper,24,14,Skip
5,whisper,25,6,Over
5,whisper,26,14,Skip
5,whisper,27,6,Over
5,whisper,28,14,Skip
5,whisper,29,6,Over
5,whisper,30,14,Skip
5,whisper,31,6,Over
5,whisper,32,14,Skip
5,whisper,33,6,Over
5,whisper,34,14,Skip
5,whisper,35,6,Over
5,whisper,36,14,Skip
5,whisper,37,6,Over
5,whisper,38,14,Skip
5,whisper,39,6,Over
5,talk,14,8,Skip
5,talk,15,1,Over
5,talk,16,7,Over
5,talk,17,4,VOTE Agent[04]
5,talk,18,10,Skip
5,talk,19,6,Over
5,talk,20,14,Over
5,whisper,40,6,Over
5,whisper,41,14,Skip
5,whisper,42,6,Over
5,whisper,43,14,Skip
5,whisper,44,6,Over
5,whisper,45,14,Skip
5,whisper,46,14,Skip
5,whisper,47,6,Over
5,whisper,48,14,Skip
5,whisper,49,6,Over
5,whisper,50,14,Skip
5,whisper,51,6,Over
5,whisper,52,14,Skip
5,whisper,53,6,Over
5,whisper,54,14,Skip
5,whisper,55,6,Over
5,whisper,56,14,Skip
5,whisper,57,6,Over
5,whisper,58,14,Skip
5,whisper,59,6,Over
5,talk,21,7,Over
5,talk,22,1,Over
5,talk,23,10,Skip
5,talk,24,8,Skip
5,talk,25,4,VOTE Agent[14]
5,talk,26,6,Over
5,talk,27,14,Over
5,whisper,60,6,Over
5,whisper,61,14,Skip
5,whisper,62,14,Skip
5,whisper,63,6,Over
5,whisper,64,14,Skip
5,whisper,65,6,Over
5,whisper,66,14,Skip
5,whisper,67,6,Over
5,whisper,68,14,Skip
5,whisper,69,6,Over
5,whisper,70,14,Skip
5,whisper,71,6,Over
5,whisper,72,14,Skip
5,whisper,73,6,Over
5,whisper,74,14,Skip
5,whisper,75,6,Over
5,whisper,76,14,Skip
5,whisper,77,6,Over
5,whisper,78,14,Skip
5,whisper,79,6,Over
5,talk,28,10,Skip
5,talk,29,8,VOTE Agent[14]
5,talk,30,7,Over
5,talk,31,1,Over
5,talk,32,4,ESTIMATE Agent[15] SEER
5,talk,33,6,Over
5,talk,34,14,Over
5,whisper,80,14,Skip
5,whisper,81,6,Over
5,whisper,82,14,Skip
5,whisper,83,6,Over
5,whisper,84,14,Skip
5,whisper,85,6,Over
5,whisper,86,14,Skip
5,whisper,87,6,Over
5,whisper,88,14,Skip
5,whisper,89,6,Over
5,whisper,90,14,Skip
5,whisper,91,6,Over
5,whisper,92,14,Skip
5,whisper,93,6,Over
5,whisper,94,14,Skip
5,whisper,95,6,Over
5,whisper,96,14,Skip
5,whisper,97,6,Over
5,whisper,98,14,Skip
5,whisper,99,6,Over
5,talk,35,4,ESTIMATE Agent[02] MEDIUM
5,talk,36,7,Over
5,talk,37,10,Skip
5,talk,38,8,VOTE Agent[10]
5,talk,39,1,Over
5,talk,40,6,Over
5,talk,41,14,Over
5,whisper,100,14,Skip
5,whisper,101,6,Over
5,whisper,102,14,Skip
5,whisper,103,6,Over
5,whisper,104,14,Skip
5,whisper,105,6,Over
5,whisper,106,14,Skip
5,whisper,107,6,Over
5,whisper,108,14,Skip
5,whisper,109,6,Over
5,whisper,110,14,Skip
5,whisper,111,6,Over
5,whisper,112,14,Skip
5,whisper,113,6,Over
5,whisper,114,14,Skip
5,whisper,115,6,Over
5,whisper,116,14,Skip
5,whisper,117,6,Over
5,whisper,118,14,Skip
5,whisper,119,6,Over
5,talk,42,10,Skip
5,talk,43,4,VOTE Agent[06]
5,talk,44,7,Over
5,talk,45,8,Over
5,talk,46,1,Over
5,talk,47,6,Over
5,talk,48,14,Over
5,whisper,120,14,Skip
5,whisper,121,6,Over
5,whisper,122,14,Skip
5,whisper,123,6,Over
5,whisper,124,14,Skip
5,whisper,125,6,Over
5,whisper,126,14,Skip
5,whisper,127,6,Over
5,whisper,128,14,Skip
5,whisper,129,6,Over
5,whisper,130,14,Skip
5,whisper,131,6,Over
5,whisper,132,14,Skip
5,whisper,133,6,Over
5,whisper,134,14,Skip
5,whisper,135,6,Over
5,whisper,136,14,Skip
5,whisper,137,6,Over
5,whisper,138,14,Skip
5,whisper,139,6,Over
5,talk,49,4,ESTIMATE Agent[06] VILLAGER
5,talk,50,10,Skip
5,talk,51,1,Over
5,talk,52,6,Over
5,talk,53,7,Over
5,talk,54,8,Over
5,talk,55,14,Over
5,whisper,140,6,Over
5,whisper,141,14,Skip
5,whisper,142,6,Over
5,whisper,143,14,Skip
5,whisper,144,6,Over
5,whisper,145,14,Skip
5,whisper,146,14,Skip
5,whisper,147,6,Over
5,whisper,148,14,Skip
5,whisper,149,6,Over
5,whisper,150,14,Skip
5,whisper,151,6,Over
5,whisper,152,14,Skip
5,whisper,153,6,Over
5,whisper,154,14,Skip
5,whisper,155,6,Over
5,whisper,156,14,Skip
5,whisper,157,6,Over
5,whisper,158,14,Skip
5,whisper,159,6,Over
5,talk,56,4,VOTE Agent[10]
5,talk,57,10,Skip
5,talk,58,1,Over
5,talk,59,6,Over
5,talk,60,7,Over
5,talk,61,8,Over
5,talk,62,14,Over
5,whisper,160,14,Skip
5,whisper,161,6,Over
5,whisper,162,14,Skip
5,whisper,163,6,Over
5,whisper,164,14,Skip
5,whisper,165,6,Over
5,whisper,166,14,Skip
5,whisper,167,6,Over
5,whisper,168,14,Skip
5,whisper,169,6,Over
5,whisper,170,14,Skip
5,whisper,171,6,Over
5,whisper,172,14,Skip
5,whisper,173,6,Over
5,whisper,174,14,Skip
5,whisper,175,6,Over
5,whisper,176,14,Skip
5,whisper,177,6,Over
5,whisper,178,14,Skip
5,whisper,179,6,Over
5,talk,63,4,VOTE Agent[08]
5,talk,64,10,Skip
5,talk,65,1,Over
5,talk,66,6,Over
5,talk,67,7,Over
5,talk,68,8,VOTE Agent[14]
5,talk,69,14,Over
5,whisper,180,6,Over
5,whisper,181,14,Skip
5,whisper,182,6,Over
5,whisper,183,14,Skip
5,whisper,184,14,Skip
5,whisper,185,6,Over
5,whisper,186,14,Skip
5,whisper,187,6,Over
5,whisper,188,14,Skip
5,whisper,189,6,Over
5,whisper,190,14,Skip
5,whisper,191,6,Over
5,whisper,192,14,Skip
5,whisper,193,6,Over
5,whisper,194,14,Skip
5,whisper,195,6,Over
5,whisper,196,14,Skip
5,whisper,197,6,Over
5,whisper,198,14,Skip
5,whisper,199,6,Over
5,vote,1,6
5,vote,4,14
5,vote,6,7
5,vote,7,8
5,vote,8,14
5,vote,10,14
5,vote,14,7
5,attackVote,6,4
5,execute,14,WEREWOLF
5,attack,4,true
6,status,1,VILLAGER,ALIVE,cash
6,status,2,MEDIUM,DEAD,kSugar
6,status,3,VILLAGER,DEAD,haretaro
6,status,4,VILLAGER,DEAD,Kanolab
6,status,5,VILLAGER,DEAD,wasabi
6,status,6,WEREWOLF,ALIVE,TOT
6,status,7,VILLAGER,ALIVE,nakamura
6,status,8,VILLAGER,ALIVE,iace10442
6,status,9,WEREWOLF,DEAD,tkAI
6,status,10,POSSESSED,ALIVE,NLwolf
6,status,11,VILLAGER,DEAD,carlo
6,status,12,BODYGUARD,DEAD,twn480
6,status,13,VILLAGER,DEAD,KajiGod
6,status,14,WEREWOLF,DEAD,howls
6,status,15,SEER,DEAD,Udon
6,talk,0,10,DIVINED Agent[01] HUMAN
6,talk,1,6,VOTE Agent[07]
6,talk,2,8,Skip
6,talk,3,1,VOTE Agent[06]
6,talk,4,7,ESTIMATE Agent[08] WEREWOLF
6,whisper,0,6,ATTACK Agent[10]
6,whisper,1,6,Over
6,talk,5,6,Over
6,talk,6,1,Over
6,talk,7,7,VOTE Agent[08]
6,talk,8,8,Skip
6,talk,9,10,Skip
6,whisper,2,6,Over
6,talk,10,1,Over
6,talk,11,10,Skip
6,talk,12,6,Over
6,talk,13,7,Over
6,talk,14,8,Skip
6,whisper,3,6,Over
6,talk,15,6,Over
6,talk,16,10,Skip
6,talk,17,7,Over
6,talk,18,8,VOTE Agent[07]
6,talk,19,1,Over
6,whisper,4,6,Over
6,talk,20,7,Over
6,talk,21,6,Over
6,talk,22,10,Skip
6,talk,23,8,Over
6,talk,24,1,Over
6,whisper,5,6,Over
6,talk,25,7,Over
6,talk,26,6,Over
6,talk,27,10,Skip
6,talk,28,1,Over
6,talk,29,8,VOTE Agent[01]
6,whisper,6,6,Over
6,talk,30,7,Over
6,talk,31,8,VOTE Agent[07]
6,talk,32,10,Skip
6,talk,33,6,Over
6,talk,34,1,Over
6,whisper,7,6,Over
6,talk,35,10,Skip
6,talk,36,8,Over
6,talk,37,7,Over
6,talk,38,1,Over
6,talk,39,6,Over
6,whisper,8,6,Over
6,talk,40,10,Skip
6,talk,41,1,Over
6,talk,42,6,Over
6,talk,43,7,Over
6,talk,44,8,VOTE Agent[10]
6,whisper,9,6,Over
6,talk,45,1,Over
6,talk,46,7,Over
6,talk,47,10,Skip
6,talk,48,6,Over
6,talk,49,8,VOTE Agent[01]
6,whisper,10,6,Over
6,vote,1,6
6,vote,6,7
6,vote,7,8
6,vote,8,1
6,vote,10,8
6,attackVote,6,10
6,execute,8,VILLAGER
6,attack,10,true
7,status,1,VILLAGER,ALIVE,cash
7,status,2,MEDIUM,DEAD,kSugar
7,status,3,VILLAGER,DEAD,haretaro
7,status,4,VILLAGER,DEAD,Kanolab
7,status,5,VILLAGER,DEAD,wasabi
7,status,6,WEREWOLF,ALIVE,TOT
7,status,7,VILLAGER,ALIVE,nakamura
7,status,8,VILLAGER,DEAD,iace10442
7,status,9,WEREWOLF,DEAD,tkAI
7,status,10,POSSESSED,DEAD,NLwolf
7,status,11,VILLAGER,DEAD,carlo
7,status,12,BODYGUARD,DEAD,twn480
7,status,13,VILLAGER,DEAD,KajiGod
7,status,14,WEREWOLF,DEAD,howls
7,status,15,SEER,DEAD,Udon
7,talk,0,6,VOTE Agent[07]
7,talk,1,7,Over
7,talk,2,1,VOTE Agent[06]
7,whisper,0,6,ATTACK Agent[07]
7,whisper,1,6,Over
7,talk,3,6,VOTE Agent[01]
7,talk,4,7,Over
7,talk,5,1,Over
7,whisper,2,6,Over
7,talk,6,6,Over
7,whisper,3,6,Over
7,vote,1,6
7,vote,6,1
7,vote,7,1
7,attackVote,6,7
7,execute,1,VILLAGER
7,attack,7,true
8,status,1,VILLAGER,DEAD,cash
8,status,2,MEDIUM,DEAD,kSugar
8,status,3,VILLAGER,DEAD,haretaro
8,status,4,VILLAGER,DEAD,Kanolab
8,status,5,VILLAGER,DEAD,wasabi
8,status,6,WEREWOLF,ALIVE,TOT
8,status,7,VILLAGER,DEAD,nakamura
8,status,8,VILLAGER,DEAD,iace10442
8,status,9,WEREWOLF,DEAD,tkAI
8,status,10,POSSESSED,DEAD,NLwolf
8,status,11,VILLAGER,DEAD,carlo
8,status,12,BODYGUARD,DEAD,twn480
8,status,13,VILLAGER,DEAD,KajiGod
8,status,14,WEREWOLF,DEAD,howls
8,status,15,SEER,DEAD,Udon
8,result,0,1,WEREWOLF
