0,status,1,VILLAGER,ALIVE,cash
0,status,2,SEER,ALIVE,kSugar
0,status,3,VILLAGER,ALIVE,haretaro
0,status,4,VILLAGER,ALIVE,Kanolab
0,status,5,VILLAGER,ALIVE,wasabi
0,status,6,VILLAGER,ALIVE,TOT
0,status,7,VILLAGER,ALIVE,nakamura
0,status,8,POSSESSED,ALIVE,iace10442
0,status,9,VILLAGER,ALIVE,tkAI
0,status,10,WEREWOLF,ALIVE,NLwolf
0,status,11,WEREWOLF,ALIVE,carlo
0,status,12,VILLAGER,ALIVE,twn480
0,status,13,WEREWOLF,ALIVE,KajiGod
0,status,14,BODYGUARD,ALIVE,howls
0,status,15,MEDIUM,ALIVE,Udon
0,talk,0,7,ESTIMATE Agent[13] WEREWOLF
0,talk,1,15,COMINGOUT Agent[15] MEDIUM
0,talk,2,5,ESTIMATE Agent[15] MEDIUM
0,talk,3,10,Skip
0,talk,4,8,COMINGOUT Agent[08] SEER
0,talk,5,2,COMINGOUT Agent[02] SEER
0,talk,6,13,COMINGOUT Agent[13] MEDIUM
0,talk,7,6,Over
0,talk,8,4,VOTE Agent[08]
0,talk,9,11,VOTE Agent[13]
0,talk,10,12,Skip
0,talk,11,9,INQUESTED Agent[11] WEREWOLF
0,talk,12,14,Over
0,talk,13,3,Over
0,talk,14,1,Skip
0,whisper,0,11,COMINGOUT Agent[11] VILLAGER
0,whisper,1,10,Skip
0,whisper,2,13,COMINGOUT Agent[13] MEDIUM
0,whisper,3,13,Over
0,whisper,4,11,ATTACK Agent[15]
0,whisper,5,10,Skip
0,whisper,6,13,Over
0,whisper,7,10,Skip
0,whisper,8,11,Over
0,whisper,9,10,Skip
0,whisper,10,13,Over
0,whisper,11,11,Over
0,whisper,12,10,Skip
0,whisper,13,11,Over
0,whisper,14,13,Over
0,whisper,15,10,Skip
0,whisper,16,11,Over
0,whisper,17,13,Over
0,whisper,18,10,Skip
0,whisper,19,11,Over
0,whisper,20,13,Over
0,whisper,21,10,Skip
0,whisper,22,11,Over
0,whisper,23,13,Over
0,whisper,24,10,Skip
0,whisper,25,11,Over
0,whisper,26,13,Over
0,whisper,27,10,Skip
0,whisper,28,11,Over
0,whisper,29,13,Over
0,talk,15,2,ESTIMATE Agent[01] VILLAGER
0,talk,16,12,Skip
0,talk,17,10,Skip
0,talk,18,3,Over
0,talk,19,9,INQUESTED Agent[13] WEREWOLF
0,talk,20,4,ESTIMATE Agent[02] SEER
0,talk,21,13,VOTE Agent[08]
0,talk,22,5,ESTIMATE Agent[02] WEREWOLF
0,talk,23,15,VOTE Agent[13]
0,talk,24,8,DIVINED Agent[10] HUMAN
0,talk,25,14,Over
0,talk,26,6,Over
0,talk,27,1,Skip
0,talk,28,7,VOTE Agent[13]
0,talk,29,11,VOTE Agent[09]
0,whisper,30,10,Skip
0,whisper,31,11,ATTACK Agent[02]
0,whisper,32,13,Over
0,whisper,33,11,ESTIMATE Agent[02] SEER
0,whisper,34,10,Skip
0,whisper,35,13,Over
0,whisper,36,10,Skip
0,whisper,37,11,ESTIMATE Agent[08] POSSESSED
0,whisper,38,13,Over
0,whisper,39,10,Skip
0,whisper,40,11,ESTIMATE Agent[09] MEDIUM
0,whisper,41,13,Over
0,whisper,42,11,Over
0,whisper,43,10,Skip
0,whisper,44,13,Over
0,whisper,45,11,Over
0,whisper,46,10,Skip
0,whisper,47,13,Over
0,whisper,48,10,Skip
0,whisper,49,11,Over
0,whisper,50,13,Over
0,whisper,51,10,Skip
0,whisper,52,11,Over
0,whisper,53,13,Over
0,whisper,54,10,Skip
0,whisper,55,11,Over
0,whisper,56,13,Over
0,whisper,57,10,Skip
0,whisper,58,11,Over
0,whisper,59,13,Over
0,talk,30,2,ESTIMATE Agent[03] VILLAGER
0,talk,31,13,Over
0,talk,32,4,ESTIMATE Agent[13] MEDIUM
0,talk,33,10,Skip
0,talk,34,8,DIVINED Agent[05] HUMAN
0,talk,35,5,ESTIMATE Agent[02] WEREWOLF
0,talk,36,11,Over
0,talk,37,6,Over
0,talk,38,12,Skip
0,talk,39,9,VOTE Agent[15]
0,talk,40,15,ESTIMATE Agent[06] WEREWOLF
0,talk,41,7,Over
0,talk,42,1,Skip
0,talk,43,3,Over
0,talk,44,14,Over
0,whisper,60,13,Over
0,whisper,61,11,Over
0,whisper,62,10,Skip
0,whisper,63,10,Skip
0,whisper,64,11,Over
0,whisper,65,13,Over
0,whisper,66,10,Skip
0,whisper,67,11,Over
0,whisper,68,13,Over
0,whisper,69,10,Skip
0,whisper,70,11,Over
0,whisper,71,13,Over
0,whisper,72,10,Skip
0,whisper,73,11,Over
0,whisper,74,13,Over
0,whisper,75,10,Skip
0,whisper,76,11,Over
0,whisper,77,13,Over
0,whisper,78,10,Skip
0,whisper,79,11,Over
0,whisper,80,13,Over
0,whisper,81,10,Skip
0,whisper,82,11,Over
0,whisper,83,13,Over
0,whisper,84,10,Skip
0,whisper,85,11,Over
0,whisper,86,13,Over
0,whisper,87,10,Skip
0,whisper,88,11,Over
0,whisper,89,13,Over
0,talk,45,15,ESTIMATE Agent[09] WEREWOLF
0,talk,46,6,Over
0,talk,47,1,VOTE Agent[09]
0,talk,48,4,ESTIMATE Agent[01] VILLAGER
0,talk,49,7,Over
0,talk,50,10,VOTE Agent[15]
0,talk,51,9,INQUESTED Agent[13] WEREWOLF
0,talk,52,13,Over
0,talk,53,11,Over
0,talk,54,5,ESTIMATE Agent[15] WEREWOLF
0,talk,55,2,ESTIMATE Agent[01] VILLAGER
0,talk,56,8,DIVINED Agent[12] HUMAN
0,talk,57,12,Skip
0,talk,58,3,Over
0,talk,59,14,Over
0,whisper,90,11,Over
0,whisper,91,13,Over
0,whisper,92,10,Skip
0,whisper,93,11,Over
0,whisper,94,10,Skip
0,whisper,95,13,Over
0,whisper,96,10,Skip
0,whisper,97,11,Over
0,whisper,98,13,Over
0,whisper,99,10,Skip
0,whisper,100,11,Over
0,whisper,101,13,Over
0,whisper,102,10,Skip
0,whisper,103,11,Over
0,whisper,104,13,Over
0,whisper,105,10,Skip
0,whisper,106,11,Over
0,whisper,107,13,Over
0,whisper,108,10,Skip
0,whisper,109,11,Over
0,whisper,110,13,Over
0,whisper,111,10,Skip
0,whisper,112,11,Over
0,whisper,113,13,Over
0,whisper,114,10,Skip
0,whisper,115,11,Over
0,whisper,116,13,Over
0,whisper,117,10,Skip
0,whisper,118,11,Over
0,whisper,119,13,Over
0,talk,60,4,Over
0,talk,61,1,Skip
0,talk,62,7,Over
0,talk,63,10,Over
0,talk,64,11,Over
0,talk,65,13,Over
0,talk,66,8,DIVINED Agent[15] HUMAN
0,talk,67,12,Skip
0,talk,68,9,INQUESTED Agent[04] WEREWOLF
0,talk,69,15,ESTIMATE Agent[13] WEREWOLF
0,talk,70,6,Over
0,talk,71,5,ESTIMATE Agent[12] VILLAGER
0,talk,72,2,ESTIMATE Agent[04] VILLAGER
0,talk,73,3,Over
0,talk,74,14,Over
0,whisper,120,10,Skip
0,whisper,121,11,Over
0,whisper,122,13,Over
0,whisper,123,10,Skip
0,whisper,124,11,Over
0,whisper,125,13,Over
0,whisper,126,10,Skip
0,whisper,127,11,Over
0,whisper,128,13,Over
0,whisper,129,10,Skip
0,whisper,130,11,Over
0,whisper,131,13,Over
0,whisper,132,10,Skip
0,whisper,133,11,Over
0,whisper,134,13,Over
0,whisper,135,10,Skip
0,whisper,136,11,Over
0,whisper,137,13,Over
0,whisper,138,10,Skip
0,whisper,139,11,Over
0,whisper,140,13,Over
0,whisper,141,10,Skip
0,whisper,142,11,Over
0,whisper,143,13,Over
0,whisper,144,10,Skip
0,whisper,145,11,Over
0,whisper,146,13,Over
0,whisper,147,10,Skip
0,whisper,148,11,Over
0,whisper,149,13,Over
0,talk,75,11,Over
0,talk,76,5,ESTIMATE Agent[11] VILLAGER
0,talk,77,1,Skip
0,talk,78,9,INQUESTED Agent[13] WEREWOLF
0,talk,79,7,Over
0,talk,80,10,Over
0,talk,81,8,DIVINED Agent[01] HUMAN
0,talk,82,4,Over
0,talk,83,13,Over
0,talk,84,2,ESTIMATE Agent[06] VILLAGER
0,talk,85,6,Over
0,talk,86,12,Skip
0,talk,87,15,Over
0,talk,88,3,Over
0,talk,89,14,Over
0,whisper,150,10,Skip
0,whisper,151,13,Over
0,whisper,152,11,Over
0,whisper,153,10,Skip
0,whisper,154,11,Over
0,whisper,155,13,Over
0,whisper,156,10,Skip
0,whisper,157,11,Over
0,whisper,158,13,Over
0,whisper,159,10,Skip
0,whisper,160,11,Over
0,whisper,161,13,Over
0,whisper,162,10,Skip
0,whisper,163,11,Over
0,whisper,164,13,Over
0,whisper,165,10,Skip
0,whisper,166,11,Over
0,whisper,167,13,Over
0,whisper,168,10,Skip
0,whisper,169,11,Over
0,whisper,170,13,Over
0,whisper,171,10,Skip
0,whisper,172,11,Over
0,whisper,173,13,Over
0,whisper,174,10,Skip
0,whisper,175,11,Over
0,whisper,176,13,Over
0,whisper,177,10,Skip
0,whisper,178,11,Over
0,whisper,179,13,Over
0,talk,90,13,Over
0,talk,91,11,Over
0,talk,92,10,Over
0,talk,93,7,Over
0,talk,94,5,ESTIMATE Agent[02] WEREWOLF
0,talk,95,4,Over
0,talk,96,12,Skip
0,talk,97,8,DIVINED Agent[03] HUMAN
0,talk,98,9,INQUESTED Agent[13] WEREWOLF
0,talk,99,1,Skip
0,talk,100,6,Over
0,talk,101,2,ESTIMATE Agent[07] VILLAGER
0,talk,102,3,Over
0,talk,103,14,Over
0,talk,104,15,Over
0,whisper,180,11,Over
0,whisper,181,10,Skip
0,whisper,182,13,Over
0,whisper,183,10,Skip
0,whisper,184,11,Over
0,whisper,185,13,Over
0,whisper,186,10,Skip
0,whisper,187,11,Over
0,whisper,188,13,Over
0,whisper,189,10,Skip
0,whisper,190,11,Over
0,whisper,191,13,Over
0,whisper,192,10,Skip
0,whisper,193,11,Over
0,whisper,194,13,Over
0,whisper,195,10,Skip
0,whisper,196,11,Over
0,whisper,197,13,Over
0,whisper,198,10,Skip
0,whisper,199,11,Over
0,whisper,200,13,Over
0,whisper,201,10,Skip
0,whisper,202,11,Over
0,whisper,203,13,Over
0,whisper,204,10,Skip
0,whisper,205,11,Over
0,whisper,206,13,Over
0,whisper,207,10,Skip
0,whisper,208,11,Over
0,whisper,209,13,Over
0,talk,105,11,Over
0,talk,106,13,Over
0,talk,107,4,Over
0,talk,108,2,ESTIMATE Agent[09] VILLAGER
0,talk,109,1,VOTE Agent[09]
0,talk,110,5,ESTIMATE Agent[02] WEREWOLF
0,talk,111,10,Over
0,talk,112,9,VOTE Agent[15]
0,talk,113,12,Skip
0,talk,114,8,DIVINED Agent[06] HUMAN
0,talk,115,7,Over
0,talk,116,6,Over
0,talk,117,3,Over
0,talk,118,14,Over
0,talk,119,15,Over
0,whisper,210,13,Over
0,whisper,211,11,Over
0,whisper,212,10,Skip
0,whisper,213,11,Over
0,whisper,214,10,Skip
0,whisper,215,13,Over
0,whisper,216,11,Over
0,whisper,217,10,Skip
0,whisper,218,13,Over
0,whisper,219,10,Skip
0,whisper,220,11,Over
0,whisper,221,13,Over
0,whisper,222,10,Skip
0,whisper,223,11,Over
0,whisper,224,13,Over
0,whisper,225,10,Skip
0,whisper,226,11,Over
0,whisper,227,13,Over
0,whisper,228,10,Skip
0,whisper,229,11,Over
0,whisper,230,13,Over
0,whisper,231,10,Skip
0,whisper,232,11,Over
0,whisper,233,13,Over
0,whisper,234,10,Skip
0,whisper,235,11,Over
0,whisper,236,13,Over
0,whisper,237,10,Skip
0,whisper,238,11,Over
0,whisper,239,13,Over
0,talk,120,12,Skip
0,talk,121,5,ESTIMATE Agent[09] WEREWOLF
0,talk,122,2,ESTIMATE Agent[09] VILLAGER
0,talk,123,13,Over
0,talk,124,8,DIVINED Agent[13] HUMAN
0,talk,125,1,VOTE Agent[09]
0,talk,126,11,Over
0,talk,127,4,Over
0,talk,128,10,Over
0,talk,129,9,VOTE Agent[11]
0,talk,130,3,Over
0,talk,131,6,Over
0,talk,132,7,Over
0,talk,133,14,Over
0,talk,134,15,VOTE Agent[09]
0,whisper,240,13,Over
0,whisper,241,10,Skip
0,whisper,242,11,Over
0,whisper,243,10,Skip
0,whisper,244,13,Over
0,whisper,245,11,Over
0,whisper,246,10,Skip
0,whisper,247,11,Over
0,whisper,248,13,Over
0,whisper,249,10,Skip
0,whisper,250,11,Over
0,whisper,251,13,Over
0,whisper,252,10,Skip
0,whisper,253,11,Over
0,whisper,254,13,Over
0,whisper,255,10,Skip
0,whisper,256,11,Over
0,whisper,257,13,Over
0,whisper,258,10,Skip
0,whisper,259,11,Over
0,whisper,260,13,Over
0,whisper,261,10,Skip
0,whisper,262,11,Over
0,whisper,263,13,Over
0,whisper,264,10,Skip
0,whisper,265,11,Over
0,whisper,266,13,Over
0,whisper,267,10,Skip
0,whisper,268,11,Over
0,whisper,269,13,Over
0,talk,135,15,Over
0,talk,136,9,INQUESTED Agent[11] WEREWOLF
0,talk,137,5,ESTIMATE Agent[08] WEREWOLF
0,talk,138,13,Over
0,talk,139,10,Over
0,talk,140,8,DIVINED Agent[07] HUMAN
0,talk,141,2,ESTIMATE Agent[10] VILLAGER
0,talk,142,3,Over
0,talk,143,11,Over
0,talk,144,7,Over
0,talk,145,12,Skip
0,talk,146,1,Skip
0,talk,147,14,Over
0,talk,148,6,Over
0,talk,149,4,Over
0,whisper,270,11,Over
0,whisper,271,13,Over
0,whisper,272,10,Skip
0,whisper,273,10,Skip
0,whisper,274,11,Over
0,whisper,275,13,Over
0,whisper,276,10,Skip
0,whisper,277,11,Over
0,whisper,278,13,Over
0,whisper,279,10,Skip
0,whisper,280,11,Over
0,whisper,281,13,Over
0,whisper,282,10,Skip
0,whisper,283,11,Over
0,whisper,284,13,Over
0,whisper,285,10,Skip
0,whisper,286,11,Over
0,whisper,287,13,Over
0,whisper,288,10,Skip
0,whisper,289,11,Over
0,whisper,290,13,Over
0,whisper,291,10,Skip
0,whisper,292,11,Over
0,whisper,293,13,Over
0,whisper,294,10,Skip
0,whisper,295,11,Over
0,whisper,296,13,Over
0,whisper,297,10,Skip
0,whisper,298,11,Over
0,whisper,299,13,Over
0,divine,2,7,HUMAN
1,status,1,VILLAGER,ALIVE,cash
1,status,2,SEER,ALIVE,kSugar
1,status,3,VILLAGER,ALIVE,haretaro
1,status,4,VILLAGER,ALIVE,Kanolab
1,status,5,VILLAGER,ALIVE,wasabi
1,status,6,VILLAGER,ALIVE,TOT
1,status,7,VILLAGER,ALIVE,nakamura
1,status,8,POSSESSED,ALIVE,iace10442
1,status,9,VILLAGER,ALIVE,tkAI
1,status,10,WEREWOLF,ALIVE,NLwolf
1,status,11,WEREWOLF,ALIVE,carlo
1,status,12,VILLAGER,ALIVE,twn480
1,status,13,WEREWOLF,ALIVE,KajiGod
1,status,14,BODYGUARD,ALIVE,howls
1,status,15,MEDIUM,ALIVE,Udon
1,talk,0,5,ESTIMATE Agent[14] WEREWOLF
1,talk,1,12,Skip
1,talk,2,11,VOTE Agent[09]
1,talk,3,2,DIVINED Agent[07] HUMAN
1,talk,4,14,Over
1,talk,5,3,VOTE Agent[13]
1,talk,6,8,DIVINED Agent[02] HUMAN
1,talk,7,6,ESTIMATE Agent[08] SEER
1,talk,8,1,VOTE Agent[09]
1,talk,9,15,VOTE Agent[13]
1,talk,10,13,VOTE Agent[08]
1,talk,11,10,DIVINED Agent[01] HUMAN
1,talk,12,4,VOTE Agent[14]
1,talk,13,7,ESTIMATE Agent[13] WEREWOLF
1,talk,14,9,VOTE Agent[11]
1,whisper,0,10,Skip
1,whisper,1,13,Over
1,whisper,2,11,ATTACK Agent[02]
1,whisper,3,10,Skip
1,whisper,4,13,Over
1,whisper,5,11,Over
1,whisper,6,10,Skip
1,whisper,7,11,Over
1,whisper,8,13,Over
1,whisper,9,10,Skip
1,whisper,10,11,Over
1,whisper,11,13,Over
1,whisper,12,10,Skip
1,whisper,13,11,Over
1,whisper,14,13,Over
1,whisper,15,10,Skip
1,whisper,16,11,Over
1,whisper,17,13,Over
1,whisper,18,10,Skip
1,whisper,19,11,Over
1,whisper,20,13,Over
1,whisper,21,10,Skip
1,whisper,22,11,Over
1,whisper,23,13,Over
1,whisper,24,10,Skip
1,whisper,25,11,Over
1,whisper,26,13,Over
1,whisper,27,10,Skip
1,whisper,28,11,Over
1,whisper,29,13,Over
1,talk,15,12,Skip
1,talk,16,15,ESTIMATE Agent[02] WEREWOLF
1,talk,17,9,INQUESTED Agent[04] WEREWOLF
1,talk,18,7,VOTE Agent[13]
1,talk,19,2,VOTE Agent[09]
1,talk,20,8,DIVINED Agent[14] HUMAN
1,talk,21,11,Over
1,talk,22,1,Skip
1,talk,23,5,ESTIMATE Agent[14] VILLAGER
1,talk,24,4,VOTE Agent[15]
1,talk,25,14,Over
1,talk,26,6,VOTE Agent[01]
1,talk,27,10,Skip
1,talk,28,3,VOTE Agent[13]
1,talk,29,13,Over
1,whisper,30,13,Over
1,whisper,31,11,Over
1,whisper,32,10,Skip
1,whisper,33,10,Skip
1,whisper,34,11,Over
1,whisper,35,13,Over
1,whisper,36,10,Skip
1,whisper,37,11,Over
1,whisper,38,13,Over
1,whisper,39,10,Skip
1,whisper,40,11,Over
1,whisper,41,13,Over
1,whisper,42,10,Skip
1,whisper,43,11,Over
1,whisper,44,13,Over
1,whisper,45,10,Skip
1,whisper,46,11,Over
1,whisper,47,13,Over
1,whisper,48,10,Skip
1,whisper,49,11,Over
1,whisper,50,13,Over
1,whisper,51,10,Skip
1,whisper,52,11,Over
1,whisper,53,13,Over
1,whisper,54,10,Skip
1,whisper,55,11,Over
1,whisper,56,13,Over
1,whisper,57,10,Skip
1,whisper,58,11,Over
1,whisper,59,13,Over
1,talk,30,4,VOTE Agent[03]
1,talk,31,6,Over
1,talk,32,5,ESTIMATE Agent[15] WEREWOLF
1,talk,33,12,Skip
1,talk,34,11,Over
1,talk,35,15,ESTIMATE Agent[08] WEREWOLF
1,talk,36,9,INQUESTED Agent[13] WEREWOLF
1,talk,37,2,VOTE Agent[09]
1,talk,38,14,Over
1,talk,39,10,Skip
1,talk,40,7,Over
1,talk,41,1,Skip
1,talk,42,3,VOTE Agent[13]
1,talk,43,8,DIVINED Agent[08] HUMAN
1,talk,44,13,Over
1,whisper,60,10,Skip
1,whisper,61,13,Over
1,whisper,62,11,Over
1,whisper,63,10,Skip
1,whisper,64,11,Over
1,whisper,65,13,Over
1,whisper,66,10,Skip
1,whisper,67,11,Over
1,whisper,68,13,Over
1,whisper,69,10,Skip
1,whisper,70,11,Over
1,whisper,71,13,Over
1,whisper,72,10,Skip
1,whisper,73,11,Over
1,whisper,74,13,Over
1,whisper,75,10,Skip
1,whisper,76,11,Over
1,whisper,77,13,Over
1,whisper,78,10,Skip
1,whisper,79,11,Over
1,whisper,80,13,Over
1,whisper,81,10,Skip
1,whisper,82,11,Over
1,whisper,83,13,Over
1,whisper,84,10,Skip
1,whisper,85,11,Over
1,whisper,86,13,Over
1,whisper,87,10,Skip
1,whisper,88,11,Over
1,whisper,89,13,Over
1,talk,45,11,Over
1,talk,46,6,Over
1,talk,47,7,Over
1,talk,48,1,Skip
1,talk,49,8,DIVINED Agent[08] HUMAN
1,talk,50,10,Skip
1,talk,51,5,Skip
1,talk,52,3,VOTE Agent[13]
1,talk,53,12,Skip
1,talk,54,14,Over
1,talk,55,9,VOTE Agent[04]
1,talk,56,2,VOTE Agent[13]
1,talk,57,4,VOTE Agent[11]
1,talk,58,15,ESTIMATE Agent[13] WEREWOLF
1,talk,59,13,Over
1,whisper,90,13,Over
1,whisper,91,10,Skip
1,whisper,92,11,Over
1,whisper,93,13,Over
1,whisper,94,10,Skip
1,whisper,95,11,Over
1,whisper,96,10,Skip
1,whisper,97,13,Over
1,whisper,98,11,Over
1,whisper,99,10,Skip
1,whisper,100,11,Over
1,whisper,101,13,Over
1,whisper,102,10,Skip
1,whisper,103,11,Over
1,whisper,104,13,Over
1,whisper,105,10,Skip
1,whisper,106,11,Over
1,whisper,107,13,Over
1,whisper,108,10,Skip
1,whisper,109,11,Over
1,whisper,110,13,Over
1,whisper,111,10,Skip
1,whisper,112,11,Over
1,whisper,113,13,Over
1,whisper,114,10,Skip
1,whisper,115,11,Over
1,whisper,116,13,Over
1,whisper,117,10,Skip
1,whisper,118,11,Over
1,whisper,119,13,Over
1,talk,60,10,VOTE Agent[15]
1,talk,61,6,Over
1,talk,62,8,DIVINED Agent[08] HUMAN
1,talk,63,14,Over
1,talk,64,7,Over
1,talk,65,1,Skip
1,talk,66,9,VOTE Agent[13]
1,talk,67,11,Over
1,talk,68,15,ESTIMATE Agent[01] VILLAGER
1,talk,69,5,Skip
1,talk,70,3,Skip
1,talk,71,4,ESTIMATE Agent[02] SEER
1,talk,72,12,Skip
1,talk,73,2,VOTE Agent[13]
1,talk,74,13,Over
1,whisper,120,10,Skip
1,whisper,121,13,Over
1,whisper,122,11,Over
1,whisper,123,10,Skip
1,whisper,124,11,Over
1,whisper,125,13,Over
1,whisper,126,10,Skip
1,whisper,127,11,Over
1,whisper,128,13,Over
1,whisper,129,10,Skip
1,whisper,130,11,Over
1,whisper,131,13,Over
1,whisper,132,10,Skip
1,whisper,133,11,Over
1,whisper,134,13,Over
1,whisper,135,10,Skip
1,whisper,136,11,Over
1,whisper,137,13,Over
1,whisper,138,10,Skip
1,whisper,139,11,Over
1,whisper,140,13,Over
1,whisper,141,10,Skip
1,whisper,142,11,Over
1,whisper,143,13,Over
1,whisper,144,10,Skip
1,whisper,145,11,Over
1,whisper,146,13,Over
1,whisper,147,10,Skip
1,whisper,148,11,Over
1,whisper,149,13,Over
1,talk,75,7,Over
1,talk,76,8,DIVINED Agent[11] HUMAN
1,talk,77,14,Over
1,talk,78,3,Skip
1,talk,79,11,Over
1,talk,80,4,VOTE Agent[08]
1,talk,81,1,Skip
1,talk,82,15,ESTIMATE Agent[03] VILLAGER
1,talk,83,5,ESTIMATE Agent[08] WEREWOLF
1,talk,84,6,Over
1,talk,85,2,VOTE Agent[13]
1,talk,86,10,Over
1,talk,87,12,Skip
1,talk,88,9,INQUESTED Agent[11] WEREWOLF
1,talk,89,13,Over
1,whisper,150,11,Over
1,whisper,151,10,Skip
1,whisper,152,13,Over
1,whisper,153,11,Over
1,whisper,154,10,Skip
1,whisper,155,13,Over
1,whisper,156,10,Skip
1,whisper,157,11,Over
1,whisper,158,13,Over
1,whisper,159,10,Skip
1,whisper,160,11,Over
1,whisper,161,13,Over
1,whisper,162,10,Skip
1,whisper,163,11,Over
1,whisper,164,13,Over
1,whisper,165,10,Skip
1,whisper,166,11,Over
1,whisper,167,13,Over
1,whisper,168,10,Skip
1,whisper,169,11,Over
1,whisper,170,13,Over
1,whisper,171,10,Skip
1,whisper,172,11,Over
1,whisper,173,13,Over
1,whisper,174,10,Skip
1,whisper,175,11,Over
1,whisper,176,13,Over
1,whisper,177,10,Skip
1,whisper,178,11,Over
1,whisper,179,13,Over
1,talk,90,15,ESTIMATE Agent[04] VILLAGER
1,talk,91,4,VOTE Agent[01]
1,talk,92,6,Over
1,talk,93,12,Skip
1,talk,94,10,Over
1,talk,95,5,Skip
1,talk,96,11,Over
1,talk,97,14,Over
1,talk,98,1,VOTE Agent[09]
1,talk,99,7,Over
1,talk,100,2,VOTE Agent[13]
1,talk,101,3,Skip
1,talk,102,9,VOTE Agent[15]
1,talk,103,8,DIVINED Agent[09] HUMAN
1,talk,104,13,Over
1,whisper,180,10,Skip
1,whisper,181,11,Over
1,whisper,182,13,Over
1,whisper,183,10,Skip
1,whisper,184,11,Over
1,whisper,185,13,Over
1,whisper,186,10,Skip
1,whisper,187,11,Over
1,whisper,188,13,Over
1,whisper,189,10,Skip
1,whisper,190,11,Over
1,whisper,191,13,Over
1,whisper,192,10,Skip
1,whisper,193,11,Over
1,whisper,194,13,Over
1,whisper,195,10,Skip
1,whisper,196,11,Over
1,whisper,197,13,Over
1,whisper,198,10,Skip
1,whisper,199,11,Over
1,whisper,200,13,Over
1,whisper,201,10,Skip
1,whisper,202,11,Over
1,whisper,203,13,Over
1,whisper,204,10,Skip
1,whisper,205,11,Over
1,whisper,206,13,Over
1,whisper,207,10,Skip
1,whisper,208,11,Over
1,whisper,209,13,Over
1,talk,105,5,Over
1,talk,106,7,Over
1,talk,107,3,Skip
1,talk,108,4,VOTE Agent[04]
1,talk,109,2,VOTE Agent[13]
1,talk,110,11,Over
1,talk,111,12,Skip
1,talk,112,9,INQUESTED Agent[13] WEREWOLF
1,talk,113,10,Over
1,talk,114,6,Over
1,talk,115,1,Skip
1,talk,116,15,ESTIMATE Agent[05] VILLAGER
1,talk,117,8,DIVINED Agent[04] HUMAN
1,talk,118,14,Over
1,talk,119,13,Over
1,whisper,210,10,Skip
1,whisper,211,11,Over
1,whisper,212,13,Over
1,whisper,213,10,Skip
1,whisper,214,11,Over
1,whisper,215,13,Over
1,whisper,216,10,Skip
1,whisper,217,11,Over
1,whisper,218,13,Over
1,whisper,219,10,Skip
1,whisper,220,11,Over
1,whisper,221,13,Over
1,whisper,222,10,Skip
1,whisper,223,11,Over
1,whisper,224,13,Over
1,whisper,225,10,Skip
1,whisper,226,11,Over
1,whisper,227,13,Over
1,whisper,228,10,Skip
1,whisper,229,11,Over
1,whisper,230,13,Over
1,whisper,231,10,Skip
1,whisper,232,11,Over
1,whisper,233,13,Over
1,whisper,234,10,Skip
1,whisper,235,11,Over
1,whisper,236,13,Over
1,whisper,237,10,Skip
1,whisper,238,11,Over
1,whisper,239,13,Over
1,talk,120,10,Over
1,talk,121,15,ESTIMATE Agent[06] VILLAGER
1,talk,122,7,Over
1,talk,123,4,ESTIMATE Agent[13] MEDIUM
1,talk,124,5,Over
1,talk,125,11,Over
1,talk,126,8,DIVINED Agent[08] HUMAN
1,talk,127,6,Over
1,talk,128,3,Skip
1,talk,129,9,VOTE Agent[13]
1,talk,130,1,Skip
1,talk,131,12,Skip
1,talk,132,2,VOTE Agent[13]
1,talk,133,13,Over
1,talk,134,14,Over
1,whisper,240,11,Over
1,whisper,241,13,Over
1,whisper,242,10,Skip
1,whisper,243,10,Skip
1,whisper,244,13,Over
1,whisper,245,11,Over
1,whisper,246,10,Skip
1,whisper,247,11,Over
1,whisper,248,13,Over
1,whisper,249,10,Skip
1,whisper,250,11,Over
1,whisper,251,13,Over
1,whisper,252,10,Skip
1,whisper,253,11,Over
1,whisper,254,13,Over
1,whisper,255,10,Skip
1,whisper,256,11,Over
1,whisper,257,13,Over
1,whisper,258,10,Skip
1,whisper,259,11,Over
1,whisper,260,13,Over
1,whisper,261,10,Skip
1,whisper,262,11,Over
1,whisper,263,13,Over
1,whisper,264,10,Skip
1,whisper,265,11,Over
1,whisper,266,13,Over
1,whisper,267,10,Skip
1,whisper,268,11,Over
1,whisper,269,13,Over
1,talk,135,9,INQUESTED Agent[11] WEREWOLF
1,talk,136,11,Over
1,talk,137,10,Over
1,talk,138,8,DIVINED Agent[08] HUMAN
1,talk,139,3,Skip
1,talk,140,6,Over
1,talk,141,12,Skip
1,talk,142,4,ESTIMATE Agent[01] VILLAGER
1,talk,143,1,Skip
1,talk,144,2,VOTE Agent[13]
1,talk,145,15,ESTIMATE Agent[07] VILLAGER
1,talk,146,7,Over
1,talk,147,5,ESTIMATE Agent[06] VILLAGER
1,talk,148,13,Over
1,talk,149,14,Over
1,whisper,270,10,Skip
1,whisper,271,11,Over
1,whisper,272,13,Over
1,whisper,273,10,Skip
1,whisper,274,11,Over
1,whisper,275,13,Over
1,whisper,276,10,Skip
1,whisper,277,11,Over
1,whisper,278,13,Over
1,whisper,279,10,Skip
1,whisper,280,11,Over
1,whisper,281,13,Over
1,whisper,282,10,Skip
1,whisper,283,11,Over
1,whisper,284,13,Over
1,whisper,285,10,Skip
1,whisper,286,11,Over
1,whisper,287,13,Over
1,whisper,288,10,Skip
1,whisper,289,11,Over
1,whisper,290,13,Over
1,whisper,291,10,Skip
1,whisper,292,11,Over
1,whisper,293,13,Over
1,whisper,294,10,Skip
1,whisper,295,11,Over
1,whisper,296,13,Over
1,whisper,297,10,Skip
1,whisper,298,11,Over
1,whisper,299,13,Over
1,vote,1,9
1,vote,2,13
1,vote,3,13
1,vote,4,9
1,vote,5,8
1,vote,6,1
1,vote,7,13
1,vote,8,10
1,vote,9,11
1,vote,10,15
1,vote,11,13
1,vote,12,10
1,vote,13,8
1,vote,14,4
1,vote,15,13
1,divine,2,3,HUMAN
1,guard,14,6,VILLAGER
1,attackVote,10,7
1,attackVote,11,2
1,attackVote,13,8
1,execute,13,WEREWOLF
1,attack,2,true
2,status,1,VILLAGER,ALIVE,cash
2,status,2,SEER,DEAD,kSugar
2,status,3,VILLAGER,ALIVE,haretaro
2,status,4,VILLAGER,ALIVE,Kanolab
2,status,5,VILLAGER,ALIVE,wasabi
2,status,6,VILLAGER,ALIVE,TOT
2,status,7,VILLAGER,ALIVE,nakamura
2,status,8,POSSESSED,ALIVE,iace10442
2,status,9,VILLAGER,ALIVE,tkAI
2,status,10,WEREWOLF,ALIVE,NLwolf
2,status,11,WEREWOLF,ALIVE,carlo
2,status,12,VILLAGER,ALIVE,twn480
2,status,13,WEREWOLF,DEAD,KajiGod
2,status,14,BODYGUARD,ALIVE,howls
2,status,15,MEDIUM,ALIVE,Udon
2,talk,0,11,VOTE Agent[09]
2,talk,1,3,VOTE Agent[08]
2,talk,2,1,VOTE Agent[09]
2,talk,3,9,VOTE Agent[11]
2,talk,4,12,Skip
2,talk,5,4,VOTE Agent[14]
2,talk,6,15,INQUESTED Agent[13] WEREWOLF
2,talk,7,10,DIVINED Agent[01] HUMAN
2,talk,8,7,ESTIMATE Agent[12] WEREWOLF
2,talk,9,14,Over
2,talk,10,8,DIVINED Agent[08] HUMAN
2,talk,11,6,VOTE Agent[01]
2,talk,12,5,ESTIMATE Agent[01] VILLAGER
2,whisper,0,11,ATTACK Agent[02]
2,whisper,1,10,Skip
2,whisper,2,11,Over
2,whisper,3,10,Skip
2,whisper,4,11,Over
2,whisper,5,10,Skip
2,whisper,6,11,Over
2,whisper,7,10,Skip
2,whisper,8,10,Skip
2,whisper,9,11,Over
2,whisper,10,10,Skip
2,whisper,11,11,Over
2,whisper,12,10,Skip
2,whisper,13,11,Over
2,whisper,14,10,Skip
2,whisper,15,11,Over
2,whisper,16,10,Skip
2,whisper,17,11,Over
2,whisper,18,10,Skip
2,whisper,19,11,Over
2,talk,13,7,VOTE Agent[12]
2,talk,14,3,VOTE Agent[15]
2,talk,15,8,DIVINED Agent[08] HUMAN
2,talk,16,10,Skip
2,talk,17,5,Skip
2,talk,18,15,VOTE Agent[09]
2,talk,19,4,VOTE Agent[11]
2,talk,20,1,Skip
2,talk,21,9,VOTE Agent[15]
2,talk,22,14,Over
2,talk,23,11,Over
2,talk,24,12,Skip
2,talk,25,6,Over
2,whisper,20,11,Over
2,whisper,21,10,Skip
2,whisper,22,11,Over
2,whisper,23,10,Skip
2,whisper,24,10,Skip
2,whisper,25,11,Over
2,whisper,26,10,Skip
2,whisper,27,11,Over
2,whisper,28,10,Skip
2,whisper,29,11,Over
2,whisper,30,10,Skip
2,whisper,31,11,Over
2,whisper,32,10,Skip
2,whisper,33,11,Over
2,whisper,34,10,Skip
2,whisper,35,11,Over
2,whisper,36,10,Skip
2,whisper,37,11,Over
2,whisper,38,10,Skip
2,whisper,39,11,Over
2,talk,26,1,VOTE Agent[09]
2,talk,27,5,ESTIMATE Agent[04] VILLAGER
2,talk,28,15,ESTIMATE Agent[08] WEREWOLF
2,talk,29,4,VOTE Agent[07]
2,talk,30,3,VOTE Agent[15]
2,talk,31,11,Over
2,talk,32,14,Over
2,talk,33,7,Over
2,talk,34,10,Skip
2,talk,35,8,DIVINED Agent[08] HUMAN
2,talk,36,9,VOTE Agent[11]
2,talk,37,12,Skip
2,talk,38,6,Over
2,whisper,40,10,Skip
2,whisper,41,11,Over
2,whisper,42,10,Skip
2,whisper,43,11,Over
2,whisper,44,10,Skip
2,whisper,45,11,Over
2,whisper,46,10,Skip
2,whisper,47,11,Over
2,whisper,48,10,Skip
2,whisper,49,11,Over
2,whisper,50,10,Skip
2,whisper,51,11,Over
2,whisper,52,10,Skip
2,whisper,53,11,Over
2,whisper,54,10,Skip
2,whisper,55,11,Over
2,whisper,56,10,Skip
2,whisper,57,11,Over
2,whisper,58,10,Skip
2,whisper,59,11,Over
2,talk,39,1,VOTE Agent[09]
2,talk,40,8,DIVINED Agent[08] HUMAN
2,talk,41,10,Skip
2,talk,42,11,Over
2,talk,43,5,ESTIMATE Agent[08] WEREWOLF
2,talk,44,15,ESTIMATE Agent[09] WEREWOLF
2,talk,45,12,Skip
2,talk,46,14,Over
2,talk,47,9,INQUESTED Agent[11] WEREWOLF
2,talk,48,7,Over
2,talk,49,3,VOTE Agent[15]
2,talk,50,4,VOTE Agent[03]
2,talk,51,6,Over
2,whisper,60,10,Skip
2,whisper,61,11,Over
2,whisper,62,10,Skip
2,whisper,63,11,Over
2,whisper,64,10,Skip
2,whisper,65,11,Over
2,whisper,66,10,Skip
2,whisper,67,11,Over
2,whisper,68,10,Skip
2,whisper,69,11,Over
2,whisper,70,10,Skip
2,whisper,71,11,Over
2,whisper,72,10,Skip
2,whisper,73,11,Over
2,whisper,74,10,Skip
2,whisper,75,11,Over
2,whisper,76,10,Skip
2,whisper,77,11,Over
2,whisper,78,10,Skip
2,whisper,79,11,Over
2,talk,52,3,VOTE Agent[15]
2,talk,53,9,VOTE Agent[13]
2,talk,54,1,Skip
2,talk,55,14,Over
2,talk,56,10,VOTE Agent[15]
2,talk,57,7,Over
2,talk,58,11,Over
2,talk,59,5,Skip
2,talk,60,4,VOTE Agent[05]
2,talk,61,12,Skip
2,talk,62,15,ESTIMATE Agent[13] WEREWOLF
2,talk,63,8,DIVINED Agent[08] HUMAN
2,talk,64,6,Over
2,whisper,80,10,Skip
2,whisper,81,11,Over
2,whisper,82,10,Skip
2,whisper,83,11,Over
2,whisper,84,10,Skip
2,whisper,85,11,Over
2,whisper,86,10,Skip
2,whisper,87,11,Over
2,whisper,88,10,Skip
2,whisper,89,11,Over
2,whisper,90,10,Skip
2,whisper,91,11,Over
2,whisper,92,10,Skip
2,whisper,93,11,Over
2,whisper,94,10,Skip
2,whisper,95,11,Over
2,whisper,96,10,Skip
2,whisper,97,11,Over
2,whisper,98,10,Skip
2,whisper,99,11,Over
2,talk,65,7,Over
2,talk,66,8,DIVINED Agent[08] HUMAN
2,talk,67,14,Over
2,talk,68,9,VOTE Agent[11]
2,talk,69,4,ESTIMATE Agent[02] SEER
2,talk,70,5,ESTIMATE Agent[06] VILLAGER
2,talk,71,10,Over
2,talk,72,1,Skip
2,talk,73,11,Over
2,talk,74,15,ESTIMATE Agent[01] VILLAGER
2,talk,75,3,VOTE Agent[15]
2,talk,76,12,Skip
2,talk,77,6,Over
2,whisper,100,11,Over
2,whisper,101,10,Skip
2,whisper,102,11,Over
2,whisper,103,10,Skip
2,whisper,104,11,Over
2,whisper,105,10,Skip
2,whisper,106,10,Skip
2,whisper,107,11,Over
2,whisper,108,10,Skip
2,whisper,109,11,Over
2,whisper,110,10,Skip
2,whisper,111,11,Over
2,whisper,112,10,Skip
2,whisper,113,11,Over
2,whisper,114,10,Skip
2,whisper,115,11,Over
2,whisper,116,10,Skip
2,whisper,117,11,Over
2,whisper,118,10,Skip
2,whisper,119,11,Over
2,talk,78,9,INQUESTED Agent[04] WEREWOLF
2,talk,79,12,Skip
2,talk,80,11,Over
2,talk,81,7,Over
2,talk,82,10,Over
2,talk,83,4,VOTE Agent[06]
2,talk,84,15,ESTIMATE Agent[03] VILLAGER
2,talk,85,3,VOTE Agent[15]
2,talk,86,14,Over
2,talk,87,5,ESTIMATE Agent[04] VILLAGER
2,talk,88,1,VOTE Agent[09]
2,talk,89,8,DIVINED Agent[08] HUMAN
2,talk,90,6,Over
2,whisper,120,10,Skip
2,whisper,121,11,Over
2,whisper,122,10,Skip
2,whisper,123,11,Over
2,whisper,124,10,Skip
2,whisper,125,11,Over
2,whisper,126,10,Skip
2,whisper,127,11,Over
2,whisper,128,10,Skip
2,whisper,129,11,Over
2,whisper,130,10,Skip
2,whisper,131,11,Over
2,whisper,132,10,Skip
2,whisper,133,11,Over
2,whisper,134,10,Skip
2,whisper,135,11,Over
2,whisper,136,10,Skip
2,whisper,137,11,Over
2,whisper,138,10,Skip
2,whisper,139,11,Over
2,talk,91,7,Over
2,talk,92,5,ESTIMATE Agent[07] VILLAGER
2,talk,93,4,VOTE Agent[08]
2,talk,94,12,Skip
2,talk,95,15,ESTIMATE Agent[04] VILLAGER
2,talk,96,10,Over
2,talk,97,11,Over
2,talk,98,3,VOTE Agent[15]
2,talk,99,9,INQUESTED Agent[04] WEREWOLF
2,talk,100,14,Over
2,talk,101,8,DIVINED Agent[08] HUMAN
2,talk,102,1,Skip
2,talk,103,6,Over
2,whisper,140,11,Over
2,whisper,141,10,Skip
2,whisper,142,11,Over
2,whisper,143,10,Skip
2,whisper,144,10,Skip
2,whisper,145,11,Over
2,whisper,146,10,Skip
2,whisper,147,11,Over
2,whisper,148,10,Skip
2,whisper,149,11,Over
2,whisper,150,10,Skip
2,whisper,151,11,Over
2,whisper,152,10,Skip
2,whisper,153,11,Over
2,whisper,154,10,Skip
2,whisper,155,11,Over
2,whisper,156,10,Skip
2,whisper,157,11,Over
2,whisper,158,10,Skip
2,whisper,159,11,Over
2,talk,104,12,Skip
2,talk,105,10,Over
2,talk,106,7,Over
2,talk,107,3,VOTE Agent[15]
2,talk,108,11,Over
2,talk,109,9,INQUESTED Agent[11] WEREWOLF
2,talk,110,5,Skip
2,talk,111,1,VOTE Agent[09]
2,talk,112,8,DIVINED Agent[08] HUMAN
2,talk,113,15,ESTIMATE Agent[05] VILLAGER
2,talk,114,14,Over
2,talk,115,4,ESTIMATE Agent[15] MEDIUM
2,talk,116,6,Over
2,whisper,160,10,Skip
2,whisper,161,11,Over
2,whisper,162,10,Skip
2,whisper,163,11,Over
2,whisper,164,10,Skip
2,whisper,165,11,Over
2,whisper,166,10,Skip
2,whisper,167,11,Over
2,whisper,168,10,Skip
2,whisper,169,11,Over
2,whisper,170,10,Skip
2,whisper,171,11,Over
2,whisper,172,10,Skip
2,whisper,173,11,Over
2,whisper,174,10,Skip
2,whisper,175,11,Over
2,whisper,176,10,Skip
2,whisper,177,11,Over
2,whisper,178,10,Skip
2,whisper,179,11,Over
2,talk,117,4,VOTE Agent[09]
2,talk,118,14,Over
2,talk,119,7,Over
2,talk,120,15,ESTIMATE Agent[06] VILLAGER
2,talk,121,9,VOTE Agent[15]
2,talk,122,10,Over
2,talk,123,5,Over
2,talk,124,11,Over
2,talk,125,1,VOTE Agent[09]
2,talk,126,8,DIVINED Agent[08] HUMAN
2,talk,127,3,VOTE Agent[15]
2,talk,128,12,Skip
2,talk,129,6,Over
2,whisper,180,10,Skip
2,whisper,181,11,Over
2,whisper,182,10,Skip
2,whisper,183,11,Over
2,whisper,184,10,Skip
2,whisper,185,11,Over
2,whisper,186,10,Skip
2,whisper,187,11,Over
2,whisper,188,10,Skip
2,whisper,189,11,Over
2,whisper,190,10,Skip
2,whisper,191,11,Over
2,whisper,192,10,Skip
2,whisper,193,11,Over
2,whisper,194,10,Skip
2,whisper,195,11,Over
2,whisper,196,10,Skip
2,whisper,197,11,Over
2,whisper,198,10,Skip
2,whisper,199,11,Over
2,vote,1,9
2,vote,3,15
2,vote,4,6
2,vote,5,8
2,vote,6,1
2,vote,7,12
2,vote,8,10
2,vote,9,11
2,vote,10,15
2,vote,11,9
2,vote,12,6
2,vote,14,3
2,vote,15,9
2,guard,14,6,VILLAGER
2,execute,9,VILLAGER
2,attack,12,true
3,status,1,VILLAGER,ALIVE,cash
3,status,2,SEER,DEAD,kSugar
3,status,3,VILLAGER,ALIVE,haretaro
3,status,4,VILLAGER,ALIVE,Kanolab
3,status,5,VILLAGER,ALIVE,wasabi
3,status,6,VILLAGER,ALIVE,TOT
3,status,7,VILLAGER,ALIVE,nakamura
3,status,8,POSSESSED,ALIVE,iace10442
3,status,9,VILLAGER,DEAD,tkAI
3,status,10,WEREWOLF,ALIVE,NLwolf
3,status,11,WEREWOLF,ALIVE,carlo
3,status,12,VILLAGER,DEAD,twn480
3,status,13,WEREWOLF,DEAD,KajiGod
3,status,14,BODYGUARD,ALIVE,howls
3,status,15,MEDIUM,ALIVE,Udon
3,talk,0,4,VOTE Agent[03]
3,talk,1,6,VOTE Agent[01]
3,talk,2,11,VOTE Agent[15]
3,talk,3,7,ESTIMATE Agent[08] WEREWOLF
3,talk,4,3,VOTE Agent[08]
3,talk,5,8,DIVINED Agent[08] HUMAN
3,talk,6,10,DIVINED Agent[11] HUMAN
3,talk,7,5,ESTIMATE Agent[08] WEREWOLF
3,talk,8,14,Over
3,talk,9,1,VOTE Agent[08]
3,talk,10,15,INQUESTED Agent[09] HUMAN
3,whisper,0,11,ATTACK Agent[02]
3,whisper,1,10,Skip
3,whisper,2,11,Over
3,whisper,3,10,Skip
3,whisper,4,10,Skip
3,whisper,5,11,Over
3,whisper,6,10,Skip
3,whisper,7,11,Over
3,whisper,8,10,Skip
3,whisper,9,11,Over
3,whisper,10,10,Skip
3,whisper,11,11,Over
3,whisper,12,10,Skip
3,whisper,13,11,Over
3,whisper,14,10,Skip
3,whisper,15,11,Over
3,whisper,16,10,Skip
3,whisper,17,11,Over
3,whisper,18,10,Skip
3,whisper,19,11,Over
3,talk,11,10,Skip
3,talk,12,14,Over
3,talk,13,3,VOTE Agent[15]
3,talk,14,4,VOTE Agent[01]
3,talk,15,6,Over
3,talk,16,5,ESTIMATE Agent[04] VILLAGER
3,talk,17,8,DIVINED Agent[08] HUMAN
3,talk,18,1,Skip
3,talk,19,7,VOTE Agent[08]
3,talk,20,11,Over
3,talk,21,15,VOTE Agent[08]
3,whisper,20,11,Over
3,whisper,21,10,Skip
3,whisper,22,11,Over
3,whisper,23,10,Skip
3,whisper,24,11,Over
3,whisper,25,10,Skip
3,whisper,26,11,Over
3,whisper,27,10,Skip
3,whisper,28,10,Skip
3,whisper,29,11,Over
3,whisper,30,10,Skip
3,whisper,31,11,Over
3,whisper,32,10,Skip
3,whisper,33,11,Over
3,whisper,34,10,Skip
3,whisper,35,11,Over
3,whisper,36,10,Skip
3,whisper,37,11,Over
3,whisper,38,10,Skip
3,whisper,39,11,Over
3,talk,22,10,Skip
3,talk,23,7,Over
3,talk,24,1,VOTE Agent[08]
3,talk,25,3,VOTE Agent[08]
3,talk,26,4,VOTE Agent[08]
3,talk,27,8,DIVINED Agent[08] HUMAN
3,talk,28,14,Over
3,talk,29,6,Over
3,talk,30,5,ESTIMATE Agent[07] VILLAGER
3,talk,31,11,Over
3,talk,32,15,ESTIMATE Agent[08] WEREWOLF
3,whisper,40,10,Skip
3,whisper,41,11,Over
3,whisper,42,10,Skip
3,whisper,43,11,Over
3,whisper,44,10,Skip
3,whisper,45,11,Over
3,whisper,46,10,Skip
3,whisper,47,11,Over
3,whisper,48,10,Skip
3,whisper,49,11,Over
3,whisper,50,10,Skip
3,whisper,51,11,Over
3,whisper,52,10,Skip
3,whisper,53,11,Over
3,whisper,54,10,Skip
3,whisper,55,11,Over
3,whisper,56,10,Skip
3,whisper,57,11,Over
3,whisper,58,10,Skip
3,whisper,59,11,Over
3,talk,33,15,ESTIMATE Agent[10] WEREWOLF
3,talk,34,8,DIVINED Agent[08] HUMAN
3,talk,35,3,Skip
3,talk,36,14,Over
3,talk,37,5,ESTIMATE Agent[10] VILLAGER
3,talk,38,4,VOTE Agent[06]
3,talk,39,1,VOTE Agent[08]
3,talk,40,11,Over
3,talk,41,10,Skip
3,talk,42,7,Over
3,talk,43,6,Over
3,whisper,60,10,Skip
3,whisper,61,11,Over
3,whisper,62,10,Skip
3,whisper,63,11,Over
3,whisper,64,10,Skip
3,whisper,65,11,Over
3,whisper,66,10,Skip
3,whisper,67,11,Over
3,whisper,68,10,Skip
3,whisper,69,11,Over
3,whisper,70,10,Skip
3,whisper,71,11,Over
3,whisper,72,10,Skip
3,whisper,73,11,Over
3,whisper,74,10,Skip
3,whisper,75,11,Over
3,whisper,76,10,Skip
3,whisper,77,11,Over
3,whisper,78,10,Skip
3,whisper,79,11,Over
3,talk,44,4,VOTE Agent[15]
3,talk,45,8,DIVINED Agent[08] HUMAN
3,talk,46,15,ESTIMATE Agent[13] WEREWOLF
3,talk,47,14,Over
3,talk,48,1,VOTE Agent[08]
3,talk,49,5,ESTIMATE Agent[08] WEREWOLF
3,talk,50,10,VOTE Agent[15]
3,talk,51,11,Over
3,talk,52,3,VOTE Agent[15]
3,talk,53,6,Over
3,talk,54,7,Over
3,whisper,80,11,Over
3,whisper,81,10,Skip
3,whisper,82,11,Over
3,whisper,83,10,Skip
3,whisper,84,11,Over
3,whisper,85,10,Skip
3,whisper,86,10,Skip
3,whisper,87,11,Over
3,whisper,88,10,Skip
3,whisper,89,11,Over
3,whisper,90,10,Skip
3,whisper,91,11,Over
3,whisper,92,10,Skip
3,whisper,93,11,Over
3,whisper,94,10,Skip
3,whisper,95,11,Over
3,whisper,96,10,Skip
3,whisper,97,11,Over
3,whisper,98,10,Skip
3,whisper,99,11,Over
3,talk,55,3,Skip
3,talk,56,15,ESTIMATE Agent[01] VILLAGER
3,talk,57,1,Over
3,talk,58,11,Over
3,talk,59,10,Over
3,talk,60,4,VOTE Agent[05]
3,talk,61,8,DIVINED Agent[08] HUMAN
3,talk,62,14,Over
3,talk,63,5,ESTIMATE Agent[03] VILLAGER
3,talk,64,6,Over
3,talk,65,7,Over
3,whisper,100,11,Over
3,whisper,101,10,Skip
3,whisper,102,11,Over
3,whisper,103,10,Skip
3,whisper,104,10,Skip
3,whisper,105,11,Over
3,whisper,106,10,Skip
3,whisper,107,11,Over
3,whisper,108,10,Skip
3,whisper,109,11,Over
3,whisper,110,10,Skip
3,whisper,111,11,Over
3,whisper,112,10,Skip
3,whisper,113,11,Over
3,whisper,114,10,Skip
3,whisper,115,11,Over
3,whisper,116,10,Skip
3,whisper,117,11,Over
3,whisper,118,10,Skip
3,whisper,119,11,Over
3,talk,66,5,ESTIMATE Agent[15] WEREWOLF
3,talk,67,14,Over
3,talk,68,3,VOTE Agent[08]
3,talk,69,15,ESTIMATE Agent[03] VILLAGER
3,talk,70,4,VOTE Agent[07]
3,talk,71,8,DIVINED Agent[08] HUMAN
3,talk,72,11,Over
3,talk,73,10,Over
3,talk,74,1,VOTE Agent[08]
3,talk,75,6,Over
3,talk,76,7,Over
3,whisper,120,11,Over
3,whisper,121,10,Skip
3,whisper,122,11,Over
3,whisper,123,10,Skip
3,whisper,124,11,Over
3,whisper,125,10,Skip
3,whisper,126,11,Over
3,whisper,127,10,Skip
3,whisper,128,11,Over
3,whisper,129,10,Skip
3,whisper,130,11,Over
3,whisper,131,10,Skip
3,whisper,132,11,Over
3,whisper,133,10,Skip
3,whisper,134,11,Over
3,whisper,135,10,Skip
3,whisper,136,11,Over
3,whisper,137,10,Skip
3,whisper,138,11,Over
3,whisper,139,10,Skip
3,talk,77,5,ESTIMATE Agent[06] VILLAGER
3,talk,78,3,Skip
3,talk,79,8,Over
3,talk,80,1,Over
3,talk,81,15,ESTIMATE Agent[04] VILLAGER
3,talk,82,11,Over
3,talk,83,14,Over
3,talk,84,10,Over
3,talk,85,4,VOTE Agent[14]
3,talk,86,6,Over
3,talk,87,7,Over
3,whisper,140,10,Skip
3,whisper,141,11,Over
3,whisper,142,10,Skip
3,whisper,143,11,Over
3,whisper,144,10,Skip
3,whisper,145,11,Over
3,whisper,146,10,Skip
3,whisper,147,11,Over
3,whisper,148,10,Skip
3,whisper,149,11,Over
3,whisper,150,10,Skip
3,whisper,151,11,Over
3,whisper,152,10,Skip
3,whisper,153,11,Over
3,whisper,154,10,Skip
3,whisper,155,11,Over
3,whisper,156,10,Skip
3,whisper,157,11,Over
3,whisper,158,10,Skip
3,whisper,159,11,Over
3,talk,88,15,ESTIMATE Agent[05] VILLAGER
3,talk,89,5,Skip
3,talk,90,10,Over
3,talk,91,3,Skip
3,talk,92,14,Over
3,talk,93,11,Over
3,talk,94,4,ESTIMATE Agent[02] SEER
3,talk,95,8,Over
3,talk,96,1,Over
3,talk,97,6,Over
3,talk,98,7,Over
3,whisper,160,11,Over
3,whisper,161,10,Skip
3,whisper,162,11,Over
3,whisper,163,10,Skip
3,whisper,164,10,Skip
3,whisper,165,11,Over
3,whisper,166,10,Skip
3,whisper,167,11,Over
3,whisper,168,10,Skip
3,whisper,169,11,Over
3,whisper,170,10,Skip
3,whisper,171,11,Over
3,whisper,172,10,Skip
3,whisper,173,11,Over
3,whisper,174,10,Skip
3,whisper,175,11,Over
3,whisper,176,10,Skip
3,whisper,177,11,Over
3,whisper,178,10,Skip
3,whisper,179,11,Over
3,talk,99,10,Over
3,talk,100,4,ESTIMATE Agent[13] MEDIUM
3,talk,101,3,Skip
3,talk,102,11,Over
3,talk,103,14,Over
3,talk,104,15,ESTIMATE Agent[06] VILLAGER
3,talk,105,5,ESTIMATE Agent[06] VILLAGER
3,talk,106,1,Over
3,talk,107,6,Over
3,talk,108,7,Over
3,talk,109,8,Over
3,whisper,180,11,Over
3,whisper,181,10,Skip
3,whisper,182,10,Skip
3,whisper,183,11,Over
3,whisper,184,10,Skip
3,whisper,185,11,Over
3,whisper,186,10,Skip
3,whisper,187,11,Over
3,whisper,188,10,Skip
3,whisper,189,11,Over
3,whisper,190,10,Skip
3,whisper,191,11,Over
3,whisper,192,10,Skip
3,whisper,193,11,Over
3,whisper,194,10,Skip
3,whisper,195,11,Over
3,whisper,196,10,Skip
3,whisper,197,11,Over
3,whisper,198,10,Skip
3,whisper,199,11,Over
3,vote,1,8
3,vote,3,8
3,vote,4,5
3,vote,5,8
3,vote,6,1
3,vote,7,8
3,vote,8,15
3,vote,10,15
3,vote,11,8
3,vote,14,10
3,vote,15,8
3,guard,14,11,WEREWOLF
3,attackVote,10,7
3,execute,8,POSSESSED
3,attack,7,true
4,status,1,VILLAGER,ALIVE,cash
4,status,2,SEER,DEAD,kSugar
4,status,3,VILLAGER,ALIVE,haretaro
4,status,4,VILLAGER,ALIVE,Kanolab
4,status,5,VILLAGER,ALIVE,wasabi
4,status,6,VILLAGER,ALIVE,TOT
4,status,7,VILLAGER,DEAD,nakamura
4,status,8,POSSESSED,DEAD,iace10442
4,status,9,VILLAGER,DEAD,tkAI
4,status,10,WEREWOLF,ALIVE,NLwolf
4,status,11,WEREWOLF,ALIVE,carlo
4,status,12,VILLAGER,DEAD,twn480
4,status,13,WEREWOLF,DEAD,KajiGod
4,status,14,BODYGUARD,ALIVE,howls
4,status,15,MEDIUM,ALIVE,Udon
4,talk,0,3,VOTE Agent[15]
4,talk,1,4,VOTE Agent[05]
4,talk,2,1,VOTE Agent[10]
4,talk,3,14,Over
4,talk,4,15,INQUESTED Agent[08] HUMAN
4,talk,5,11,VOTE Agent[15]
4,talk,6,10,DIVINED Agent[01] HUMAN
4,talk,7,5,ESTIMATE Agent[14] VILLAGER
4,talk,8,6,VOTE Agent[01]
4,whisper,0,11,ATTACK Agent[02]
4,whisper,1,10,Skip
4,whisper,2,10,Skip
4,whisper,3,11,Over
4,whisper,4,10,Skip
4,whisper,5,11,Over
4,whisper,6,10,Skip
4,whisper,7,11,Over
4,whisper,8,10,Skip
4,whisper,9,11,Over
4,whisper,10,10,Skip
4,whisper,11,11,Over
4,whisper,12,10,Skip
4,whisper,13,11,Over
4,whisper,14,10,Skip
4,whisper,15,11,Over
4,whisper,16,10,Skip
4,whisper,17,11,Over
4,whisper,18,10,Skip
4,whisper,19,11,Over
4,talk,9,14,Over
4,talk,10,1,Skip
4,talk,11,4,VOTE Agent[03]
4,talk,12,3,Skip
4,talk,13,10,Skip
4,talk,14,15,VOTE Agent[10]
4,talk,15,6,Over
4,talk,16,11,Over
4,talk,17,5,ESTIMATE Agent[15] WEREWOLF
4,whisper,20,10,Skip
4,whisper,21,11,Over
4,whisper,22,10,Skip
4,whisper,23,11,Over
4,whisper,24,10,Skip
4,whisper,25,11,Over
4,whisper,26,10,Skip
4,whisper,27,11,Over
4,whisper,28,10,Skip
4,whisper,29,11,Over
4,whisper,30,10,Skip
4,whisper,31,11,Over
4,whisper,32,10,Skip
4,whisper,33,11,Over
4,whisper,34,10,Skip
4,whisper,35,11,Over
4,whisper,36,10,Skip
4,whisper,37,11,Over
4,whisper,38,10,Skip
4,whisper,39,11,Over
4,talk,18,4,VOTE Agent[15]
4,talk,19,6,Over
4,talk,20,5,ESTIMATE Agent[03] VILLAGER
4,talk,21,14,Over
4,talk,22,10,Skip
4,talk,23,11,Over
4,talk,24,15,Over
4,talk,25,1,VOTE Agent[15]
4,talk,26,3,Skip
4,whisper,40,10,Skip
4,whisper,41,11,Over
4,whisper,42,10,Skip
4,whisper,43,11,Over
4,whisper,44,10,Skip
4,whisper,45,11,Over
4,whisper,46,10,Skip
4,whisper,47,11,Over
4,whisper,48,10,Skip
4,whisper,49,11,Over
4,whisper,50,10,Skip
4,whisper,51,11,Over
4,whisper,52,10,Skip
4,whisper,53,11,Over
4,whisper,54,10,Skip
4,whisper,55,11,Over
4,whisper,56,10,Skip
4,whisper,57,11,Over
4,whisper,58,10,Skip
4,whisper,59,11,Over
4,talk,27,5,Skip
4,talk,28,10,Skip
4,talk,29,11,Over
4,talk,30,3,Skip
4,talk,31,15,Over
4,talk,32,6,Over
4,talk,33,14,Over
4,talk,34,1,Over
4,talk,35,4,VOTE Agent[06]
4,whisper,60,10,Skip
4,whisper,61,11,Over
4,whisper,62,10,Skip
4,whisper,63,11,Over
4,whisper,64,10,Skip
4,whisper,65,11,Over
4,whisper,66,10,Skip
4,whisper,67,11,Over
4,whisper,68,10,Skip
4,whisper,69,11,Over
4,whisper,70,10,Skip
4,whisper,71,11,Over
4,whisper,72,10,Skip
4,whisper,73,11,Over
4,whisper,74,10,Skip
4,whisper,75,11,Over
4,whisper,76,10,Skip
4,whisper,77,11,Over
4,whisper,78,10,Skip
4,whisper,79,11,Over
4,talk,36,3,Skip
4,talk,37,6,Over
4,talk,38,11,Over
4,talk,39,4,ESTIMATE Agent[02] SEER
4,talk,40,15,Over
4,talk,41,1,Over
4,talk,42,5,ESTIMATE Agent[04] VILLAGER
4,talk,43,10,VOTE Agent[15]
4,talk,44,14,Over
4,whisper,80,10,Skip
4,whisper,81,11,Over
4,whisper,82,10,Skip
4,whisper,83,11,Over
4,whisper,84,10,Skip
4,whisper,85,11,Over
4,whisper,86,10,Skip
4,whisper,87,11,Over
4,whisper,88,10,Skip
4,whisper,89,11,Over
4,whisper,90,10,Skip
4,whisper,91,11,Over
4,whisper,92,10,Skip
4,whisper,93,11,Over
4,whisper,94,10,Skip
4,whisper,95,11,Over
4,whisper,96,10,Skip
4,whisper,97,11,Over
4,whisper,98,10,Skip
4,whisper,99,11,Over
4,talk,45,1,Over
4,talk,46,15,Over
4,talk,47,11,Over
4,talk,48,5,Skip
4,talk,49,6,Over
4,talk,50,4,ESTIMATE Agent[13] MEDIUM
4,talk,51,10,Over
4,talk,52,3,Skip
4,talk,53,14,Over
4,whisper,100,11,Over
4,whisper,101,10,Skip
4,whisper,102,10,Skip
4,whisper,103,11,Over
4,whisper,104,10,Skip
4,whisper,105,11,Over
4,whisper,106,10,Skip
4,whisper,107,11,Over
4,whisper,108,10,Skip
4,whisper,109,11,Over
4,whisper,110,10,Skip
4,whisper,111,11,Over
4,whisper,112,10,Skip
4,whisper,113,11,Over
4,whisper,114,10,Skip
4,whisper,115,11,Over
4,whisper,116,10,Skip
4,whisper,117,11,Over
4,whisper,118,10,Skip
4,whisper,119,11,Over
4,talk,54,10,Over
4,talk,55,1,Over
4,talk,56,3,Skip
4,talk,57,11,Over
4,talk,58,5,Skip
4,talk,59,6,Over
4,talk,60,15,Over
4,talk,61,4,VOTE Agent[14]
4,talk,62,14,Over
4,whisper,120,10,Skip
4,whisper,121,11,Over
4,whisper,122,10,Skip
4,whisper,123,11,Over
4,whisper,124,10,Skip
4,whisper,125,11,Over
4,whisper,126,10,Skip
4,whisper,127,11,Over
4,whisper,128,10,Skip
4,whisper,129,11,Over
4,whisper,130,10,Skip
4,whisper,131,11,Over
4,whisper,132,10,Skip
4,whisper,133,11,Over
4,whisper,134,10,Skip
4,whisper,135,11,Over
4,whisper,136,10,Skip
4,whisper,137,11,Over
4,whisper,138,10,Skip
4,whisper,139,11,Over
4,talk,63,3,Skip
4,talk,64,1,Over
4,talk,65,11,Over
4,talk,66,5,ESTIMATE Agent[15] WEREWOLF
4,talk,67,10,Over
4,talk,68,15,Over
4,talk,69,4,ESTIMATE Agent[01] VILLAGER
4,talk,70,6,Over
4,talk,71,14,Over
4,whisper,140,11,Over
4,whisper,141,10,Skip
4,whisper,142,11,Over
4,whisper,143,10,Skip
4,whisper,144,11,Over
4,whisper,145,10,Skip
4,whisper,146,10,Skip
4,whisper,147,11,Over
4,whisper,148,10,Skip
4,whisper,149,11,Over
4,whisper,150,10,Skip
4,whisper,151,11,Over
4,whisper,152,10,Skip
4,whisper,153,11,Over
4,whisper,154,10,Skip
4,whisper,155,11,Over
4,whisper,156,10,Skip
4,whisper,157,11,Over
4,whisper,158,10,Skip
4,whisper,159,11,Over
4,talk,72,1,Over
4,talk,73,11,Over
4,talk,74,5,ESTIMATE Agent[15] WEREWOLF
4,talk,75,3,Skip
4,talk,76,4,Over
4,talk,77,10,Over
4,talk,78,15,Over
4,talk,79,6,Over
4,talk,80,14,Over
4,whisper,160,10,Skip
4,whisper,161,11,Over
4,whisper,162,10,Skip
4,whisper,163,11,Over
4,whisper,164,10,Skip
4,whisper,165,11,Over
4,whisper,166,10,Skip
4,whisper,167,11,Over
4,whisper,168,10,Skip
4,whisper,169,11,Over
4,whisper,170,10,Skip
4,whisper,171,11,Over
4,whisper,172,10,Skip
4,whisper,173,11,Over
4,whisper,174,10,Skip
4,whisper,175,11,Over
4,whisper,176,10,Skip
4,whisper,177,11,Over
4,whisper,178,10,Skip
4,whisper,179,11,Over
4,talk,81,3,Skip
4,talk,82,11,Over
4,talk,83,5,ESTIMATE Agent[15] WEREWOLF
4,talk,84,1,Over
4,talk,85,4,Over
4,talk,86,6,Over
4,talk,87,10,Over
4,talk,88,14,Over
4,talk,89,15,Over
4,whisper,180,10,Skip
4,whisper,181,11,Over
4,whisper,182,10,Skip
4,whisper,183,11,Over
4,whisper,184,10,Skip
4,whisper,185,11,Over
4,whisper,186,10,Skip
4,whisper,187,11,Over
4,whisper,188,10,Skip
4,whisper,189,11,Over
4,whisper,190,10,Skip
4,whisper,191,11,Over
4,whisper,192,10,Skip
4,whisper,193,11,Over
4,whisper,194,10,Skip
4,whisper,195,11,Over
4,whisper,196,10,Skip
4,whisper,197,11,Over
4,whisper,198,10,Skip
4,whisper,199,11,Over
4,vote,1,15
4,vote,3,15
4,vote,4,10
4,vote,5,15
4,vote,6,1
4,vote,10,15
4,vote,11,15
4,vote,14,15
4,vote,15,10
4,attackVote,10,6
4,execute,15,MEDIUM
4,attack,6,true
5,status,1,VILLAGER,ALIVE,cash
5,status,2,SEER,DEAD,kSugar
5,status,3,VILLAGER,ALIVE,haretaro
5,status,4,VILLAGER,ALIVE,Kanolab
5,status,5,VILLAGER,ALIVE,wasabi
5,status,6,VILLAGER,DEAD,TOT
5,status,7,VILLAGER,DEAD,nakamura
5,status,8,POSSESSED,DEAD,iace10442
5,status,9,VILLAGER,DEAD,tkAI
5,status,10,WEREWOLF,ALIVE,NLwolf
5,status,11,WEREWOLF,ALIVE,carlo
5,status,12,VILLAGER,DEAD,twn480
5,status,13,WEREWOLF,DEAD,KajiGod
5,status,14,BODYGUARD,ALIVE,howls
5,status,15,MEDIUM,DEAD,Udon
5,talk,0,14,Over
5,talk,1,5,Skip
5,talk,2,4,VOTE Agent[10]
5,talk,3,10,DIVINED Agent[04] HUMAN
5,talk,4,3,VOTE Agent[14]
5,talk,5,1,VOTE Agent[10]
5,talk,6,11,VOTE Agent[01]
5,whisper,0,10,Skip
5,whisper,1,11,ATTACK Agent[02]
5,whisper,2,10,Skip
5,whisper,3,11,Over
5,whisper,4,10,Skip
5,whisper,5,11,Over
5,whisper,6,10,Skip
5,whisper,7,11,Over
5,whisper,8,10,Skip
5,whisper,9,11,Over
5,whisper,10,10,Skip
5,whisper,11,11,Over
5,whisper,12,10,Skip
5,whisper,13,11,Over
5,whisper,14,10,Skip
5,whisper,15,11,Over
5,whisper,16,10,Skip
5,whisper,17,11,Over
5,whisper,18,10,Skip
5,whisper,19,11,Over
5,talk,7,1,Over
5,talk,8,14,Over
5,talk,9,10,Skip
5,talk,10,5,ESTIMATE Agent[14] WEREWOLF
5,talk,11,11,Over
5,talk,12,4,VOTE Agent[05]
5,talk,13,3,VOTE Agent[01]
5,whisper,20,11,Over
5,whisper,21,10,Skip
5,whisper,22,10,Skip
5,whisper,23,11,Over
5,whisper,24,10,Skip
5,whisper,25,11,Over
5,whisper,26,10,Skip
5,whisper,27,11,Over
5,whisper,28,10,Skip
5,whisper,29,11,Over
5,whisper,30,10,Skip
5,whisper,31,11,Over
5,whisper,32,10,Skip
5,whisper,33,11,Over
5,whisper,34,10,Skip
5,whisper,35,11,Over
5,whisper,36,10,Skip
5,whisper,37,11,Over
5,whisper,38,10,Skip
5,whisper,39,11,Over
5,talk,14,11,Over
5,talk,15,10,Skip
5,talk,16,1,Over
5,talk,17,5,ESTIMATE Agent[01] VILLAGER
5,talk,18,3,Skip
5,talk,19,14,Over
5,talk,20,4,VOTE Agent[03]
5,whisper,40,10,Skip
5,whisper,41,11,Over
5,whisper,42,10,Skip
5,whisper,43,11,Over
5,whisper,44,10,Skip
5,whisper,45,11,Over
5,whisper,46,10,Skip
5,whisper,47,11,Over
5,whisper,48,10,Skip
5,whisper,49,11,Over
5,whisper,50,10,Skip
5,whisper,51,11,Over
5,whisper,52,10,Skip
5,whisper,53,11,Over
5,whisper,54,10,Skip
5,whisper,55,11,Over
5,whisper,56,10,Skip
5,whisper,57,11,Over
5,whisper,58,10,Skip
5,whisper,59,11,Over
5,talk,21,14,Over
5,talk,22,4,VOTE Agent[11]
5,talk,23,1,Over
5,talk,24,5,ESTIMATE Agent[10] VILLAGER
5,talk,25,3,Skip
5,talk,26,11,Over
5,talk,27,10,Skip
5,whisper,60,10,Skip
5,whisper,61,11,Over
5,whisper,62,10,Skip
5,whisper,63,11,Over
5,whisper,64,10,Skip
5,whisper,65,11,Over
5,whisper,66,10,Skip
5,whisper,67,11,Over
5,whisper,68,10,Skip
5,whisper,69,11,Over
5,whisper,70,10,Skip
5,whisper,71,11,Over
5,whisper,72,10,Skip
5,whisper,73,11,Over
5,whisper,74,10,Skip
5,whisper,75,11,Over
5,whisper,76,10,Skip
5,whisper,77,11,Over
5,whisper,78,10,Skip
5,whisper,79,11,Over
5,talk,28,3,Skip
5,talk,29,5,ESTIMATE Agent[01] VILLAGER
5,talk,30,1,Over
5,talk,31,4,ESTIMATE Agent[02] SEER
5,talk,32,10,VOTE Agent[03]
5,talk,33,11,Over
5,talk,34,14,Over
5,whisper,80,10,Skip
5,whisper,81,11,Over
5,whisper,82,10,Skip
5,whisper,83,11,Over
5,whisper,84,10,Skip
5,whisper,85,11,Over
5,whisper,86,10,Skip
5,whisper,87,11,Over
5,whisper,88,10,Skip
5,whisper,89,11,Over
5,whisper,90,10,Skip
5,whisper,91,11,Over
5,whisper,92,10,Skip
5,whisper,93,11,Over
5,whisper,94,10,Skip
5,whisper,95,11,Over
5,whisper,96,10,Skip
5,whisper,97,11,Over
5,whisper,98,10,Skip
5,whisper,99,11,Over
5,talk,35,4,ESTIMATE Agent[13] MEDIUM
5,talk,36,10,Over
5,talk,37,3,Skip
5,talk,38,1,Over
5,talk,39,5,ESTIMATE Agent[03] WEREWOLF
5,talk,40,11,Over
5,talk,41,14,Over
5,whisper,100,10,Skip
5,whisper,101,11,Over
5,whisper,102,10,Skip
5,whisper,103,11,Over
5,whisper,104,10,Skip
5,whisper,105,11,Over
5,whisper,106,10,Skip
5,whisper,107,11,Over
5,whisper,108,10,Skip
5,whisper,109,11,Over
5,whisper,110,10,Skip
5,whisper,111,11,Over
5,whisper,112,10,Skip
5,whisper,113,11,Over
5,whisper,114,10,Skip
5,whisper,115,11,Over
5,whisper,116,10,Skip
5,whisper,117,11,Over
5,whisper,118,10,Skip
5,whisper,119,11,Over
5,talk,42,1,Over
5,talk,43,10,Over
5,talk,44,5,Skip
5,talk,45,4,VOTE Agent[01]
5,talk,46,3,Skip
5,talk,47,11,Over
5,talk,48,14,Over
5,whisper,120,11,Over
5,whisper,121,10,Skip
5,whisper,122,10,Skip
5,whisper,123,11,Over
5,whisper,124,10,Skip
5,whisper,125,11,Over
5,whisper,126,10,Skip
5,whisper,127,11,Over
5,whisper,128,10,Skip
5,whisper,129,11,Over
5,whisper,130,10,Skip
5,whisper,131,11,Over
5,whisper,132,10,Skip
5,whisper,133,11,Over
5,whisper,134,10,Skip
5,whisper,135,11,Over
5,whisper,136,10,Skip
5,whisper,137,11,Over
5,whisper,138,10,Skip
5,whisper,139,11,Over
5,talk,49,4,ESTIMATE Agent[01] VILLAGER
5,talk,50,10,Over
5,talk,51,1,Over
5,talk,52,5,ESTIMATE Agent[11] VILLAGER
5,talk,53,3,Skip
5,talk,54,11,Over
5,talk,55,14,Over
5,whisper,140,11,Over
5,whisper,141,10,Skip
5,whisper,142,10,Skip
5,whisper,143,11,Over
5,whisper,144,10,Skip
5,whisper,145,11,Over
5,whisper,146,10,Skip
5,whisper,147,11,Over
5,whisper,148,10,Skip
5,whisper,149,11,Over
5,whisper,150,10,Skip
5,whisper,151,11,Over
5,whisper,152,10,Skip
5,whisper,153,11,Over
5,whisper,154,10,Skip
5,whisper,155,11,Over
5,whisper,156,10,Skip
5,whisper,157,11,Over
5,whisper,158,10,Skip
5,whisper,159,11,Over
5,talk,56,4,Over
5,talk,57,10,Over
5,talk,58,5,ESTIMATE Agent[11] WEREWOLF
5,talk,59,1,Over
5,talk,60,3,Skip
5,talk,61,11,Over
5,talk,62,14,Over
5,whisper,160,11,Over
5,whisper,161,10,Skip
5,whisper,162,11,Over
5,whisper,163,10,Skip
5,whisper,164,11,Over
5,whisper,165,10,Skip
5,whisper,166,10,Skip
5,whisper,167,11,Over
5,whisper,168,10,Skip
5,whisper,169,11,Over
5,whisper,170,10,Skip
5,whisper,171,11,Over
5,whisper,172,10,Skip
5,whisper,173,11,Over
5,whisper,174,10,Skip
5,whisper,175,11,Over
5,whisper,176,10,Skip
5,whisper,177,11,Over
5,whisper,178,10,Skip
5,whisper,179,11,Over
5,talk,63,5,ESTIMATE Agent[10] VILLAGER
5,talk,64,10,Over
5,talk,65,1,Over
5,talk,66,4,Over
5,talk,67,3,Skip
5,talk,68,11,Over
5,talk,69,14,Over
5,whisper,180,10,Skip
5,whisper,181,11,Over
5,whisper,182,10,Skip
5,whisper,183,11,Over
5,whisper,184,10,Skip
5,whisper,185,11,Over
5,whisper,186,10,Skip
5,whisper,187,11,Over
5,whisper,188,10,Skip
5,whisper,189,11,Over
5,whisper,190,10,Skip
5,whisper,191,11,Over
5,whisper,192,10,Skip
5,whisper,193,11,Over
5,whisper,194,10,Skip
5,whisper,195,11,Over
5,whisper,196,10,Skip
5,whisper,197,11,Over
5,whisper,198,10,Skip
5,whisper,199,11,Over
5,vote,1,10
5,vote,3,1
5,vote,4,1
5,vote,5,4
5,vote,10,3
5,vote,11,1
5,vote,14,1
5,guard,14,4,VILLAGER
5,execute,1,VILLAGER
5,attack,14,true
6,status,1,VILLAGER,DEAD,cash
6,status,2,SEER,DEAD,kSugar
6,status,3,VILLAGER,ALIVE,haretaro
6,status,4,VILLAGER,ALIVE,Kanolab
6,status,5,VILLAGER,ALIVE,wasabi
6,status,6,VILLAGER,DEAD,TOT
6,status,7,VILLAGER,DEAD,nakamura
6,status,8,POSSESSED,DEAD,iace10442
6,status,9,VILLAGER,DEAD,tkAI
6,status,10,WEREWOLF,ALIVE,NLwolf
6,status,11,WEREWOLF,ALIVE,carlo
6,status,12,VILLAGER,DEAD,twn480
6,status,13,WEREWOLF,DEAD,KajiGod
6,status,14,BODYGUARD,DEAD,howls
6,status,15,MEDIUM,DEAD,Udon
6,talk,0,11,VOTE Agent[03]
6,talk,1,4,VOTE Agent[11]
6,talk,2,3,VOTE Agent[11]
6,talk,3,10,DIVINED Agent[04] HUMAN
6,talk,4,5,ESTIMATE Agent[10] WEREWOLF
6,whisper,0,11,COMINGOUT Agent[11] SEER
6,whisper,1,10,Skip
6,whisper,2,10,Skip
6,whisper,3,11,ATTACK Agent[02]
6,whisper,4,10,Skip
6,whisper,5,11,Over
6,whisper,6,10,Skip
6,whisper,7,11,Over
6,whisper,8,10,Skip
6,whisper,9,11,Over
6,whisper,10,10,Skip
6,whisper,11,11,Over
6,whisper,12,10,Skip
6,whisper,13,11,Over
6,whisper,14,10,Skip
6,whisper,15,11,Over
6,whisper,16,10,Skip
6,whisper,17,11,Over
6,whisper,18,10,Skip
6,whisper,19,11,Over
6,talk,5,3,Skip
6,talk,6,4,VOTE Agent[05]
6,talk,7,11,COMINGOUT Agent[11] SEER
6,talk,8,10,Skip
6,talk,9,5,ESTIMATE Agent[04] VILLAGER
6,whisper,20,10,Skip
6,whisper,21,11,Over
6,whisper,22,10,Skip
6,whisper,23,11,Over
6,whisper,24,10,Skip
6,whisper,25,11,Over
6,whisper,26,10,Skip
6,whisper,27,11,Over
6,whisper,28,10,Skip
6,whisper,29,11,Over
6,whisper,30,10,Skip
6,whisper,31,11,Over
6,whisper,32,10,Skip
6,whisper,33,11,Over
6,whisper,34,10,Skip
6,whisper,35,11,Over
6,whisper,36,10,Skip
6,whisper,37,11,Over
6,whisper,38,10,Skip
6,whisper,39,11,Over
6,talk,10,4,ESTIMATE Agent[02] SEER
6,talk,11,5,ESTIMATE Agent[04] VILLAGER
6,talk,12,11,DIVINED Agent[15] HUMAN
6,talk,13,3,VOTE Agent[11]
6,talk,14,10,Skip
6,whisper,40,11,Over
6,whisper,41,10,Skip
6,whisper,42,10,Skip
6,whisper,43,11,Over
6,whisper,44,10,Skip
6,whisper,45,11,Over
6,whisper,46,10,Skip
6,whisper,47,11,Over
6,whisper,48,10,Skip
6,whisper,49,11,Over
6,whisper,50,10,Skip
6,whisper,51,11,Over
6,whisper,52,10,Skip
6,whisper,53,11,Over
6,whisper,54,10,Skip
6,whisper,55,11,Over
6,whisper,56,10,Skip
6,whisper,57,11,Over
6,whisper,58,10,Skip
6,whisper,59,11,Over
6,talk,15,10,Skip
6,talk,16,4,VOTE Agent[03]
6,talk,17,11,DIVINED Agent[01] HUMAN
6,talk,18,5,ESTIMATE Agent[10] VILLAGER
6,talk,19,3,VOTE Agent[11]
6,whisper,60,11,Over
6,whisper,61,10,Skip
6,whisper,62,10,Skip
6,whisper,63,11,Over
6,whisper,64,10,Skip
6,whisper,65,11,Over
6,whisper,66,10,Skip
6,whisper,67,11,Over
6,whisper,68,10,Skip
6,whisper,69,11,Over
6,whisper,70,10,Skip
6,whisper,71,11,Over
6,whisper,72,10,Skip
6,whisper,73,11,Over
6,whisper,74,10,Skip
6,whisper,75,11,Over
6,whisper,76,10,Skip
6,whisper,77,11,Over
6,whisper,78,10,Skip
6,whisper,79,11,Over
6,talk,20,3,VOTE Agent[11]
6,talk,21,10,VOTE Agent[03]
6,talk,22,11,DIVINED Agent[15] HUMAN
6,talk,23,5,ESTIMATE Agent[11] WEREWOLF
6,talk,24,4,ESTIMATE Agent[13] MEDIUM
6,whisper,80,10,Skip
6,whisper,81,11,Over
6,whisper,82,10,Skip
6,whisper,83,11,Over
6,whisper,84,10,Skip
6,whisper,85,11,Over
6,whisper,86,10,Skip
6,whisper,87,11,Over
6,whisper,88,10,Skip
6,whisper,89,11,Over
6,whisper,90,10,Skip
6,whisper,91,11,Over
6,whisper,92,10,Skip
6,whisper,93,11,Over
6,whisper,94,10,Skip
6,whisper,95,11,Over
6,whisper,96,10,Skip
6,whisper,97,11,Over
6,whisper,98,10,Skip
6,whisper,99,11,Over
6,talk,25,10,Over
6,talk,26,11,DIVINED Agent[04] HUMAN
6,talk,27,5,ESTIMATE Agent[03] VILLAGER
6,talk,28,4,ESTIMATE Agent[05] VILLAGER
6,talk,29,3,VOTE Agent[11]
6,whisper,100,11,Over
6,whisper,101,10,Skip
6,whisper,102,11,Over
6,whisper,103,10,Skip
6,whisper,104,10,Skip
6,whisper,105,11,Over
6,whisper,106,10,Skip
6,whisper,107,11,Over
6,whisper,108,10,Skip
6,whisper,109,11,Over
6,whisper,110,10,Skip
6,whisper,111,11,Over
6,whisper,112,10,Skip
6,whisper,113,11,Over
6,whisper,114,10,Skip
6,whisper,115,11,Over
6,whisper,116,10,Skip
6,whisper,117,11,Over
6,whisper,118,10,Skip
6,whisper,119,11,Over
6,talk,30,10,Over
6,talk,31,5,ESTIMATE Agent[04] VILLAGER
6,talk,32,3,VOTE Agent[11]
6,talk,33,4,Over
6,talk,34,11,DIVINED Agent[03] HUMAN
6,whisper,120,10,Skip
6,whisper,121,11,Over
6,whisper,122,10,Skip
6,whisper,123,11,Over
6,whisper,124,10,Skip
6,whisper,125,11,Over
6,whisper,126,10,Skip
6,whisper,127,11,Over
6,whisper,128,10,Skip
6,whisper,129,11,Over
6,whisper,130,10,Skip
6,whisper,131,11,Over
6,whisper,132,10,Skip
6,whisper,133,11,Over
6,whisper,134,10,Skip
6,whisper,135,11,Over
6,whisper,136,10,Skip
6,whisper,137,11,Over
6,whisper,138,10,Skip
6,whisper,139,11,Over
6,talk,35,10,Over
6,talk,36,3,VOTE Agent[11]
6,talk,37,4,Over
6,talk,38,11,DIVINED Agent[05] HUMAN
6,talk,39,5,ESTIMATE Agent[11] WEREWOLF
6,whisper,140,11,Over
6,whisper,141,10,Skip
6,whisper,142,10,Skip
6,whisper,143,11,Over
6,whisper,144,10,Skip
6,whisper,145,11,Over
6,whisper,146,10,Skip
6,whisper,147,11,Over
6,whisper,148,10,Skip
6,whisper,149,11,Over
6,whisper,150,10,Skip
6,whisper,151,11,Over
6,whisper,152,10,Skip
6,whisper,153,11,Over
6,whisper,154,10,Skip
6,whisper,155,11,Over
6,whisper,156,10,Skip
6,whisper,157,11,Over
6,whisper,158,10,Skip
6,whisper,159,11,Over
6,talk,40,5,ESTIMATE Agent[03] VILLAGER
6,talk,41,3,VOTE Agent[11]
6,talk,42,11,VOTE Agent[10]
6,talk,43,4,Over
6,talk,44,10,Over
6,whisper,160,10,Skip
6,whisper,161,11,Over
6,whisper,162,10,Skip
6,whisper,163,11,Over
6,whisper,164,10,Skip
6,whisper,165,11,Over
6,whisper,166,10,Skip
6,whisper,167,11,Over
6,whisper,168,10,Skip
6,whisper,169,11,Over
6,whisper,170,10,Skip
6,whisper,171,11,Over
6,whisper,172,10,Skip
6,whisper,173,11,Over
6,whisper,174,10,Skip
6,whisper,175,11,Over
6,whisper,176,10,Skip
6,whisper,177,11,Over
6,whisper,178,10,Skip
6,whisper,179,11,Over
6,talk,45,3,VOTE Agent[11]
6,talk,46,11,Over
6,talk,47,5,ESTIMATE Agent[04] VILLAGER
6,talk,48,4,Over
6,talk,49,10,Over
6,whisper,180,10,Skip
6,whisper,181,11,Over
6,whisper,182,10,Skip
6,whisper,183,11,Over
6,whisper,184,10,Skip
6,whisper,185,11,Over
6,whisper,186,10,Skip
6,whisper,187,11,Over
6,whisper,188,10,Skip
6,whisper,189,11,Over
6,whisper,190,10,Skip
6,whisper,191,11,Over
6,whisper,192,10,Skip
6,whisper,193,11,Over
6,whisper,194,10,Skip
6,whisper,195,11,Over
6,whisper,196,10,Skip
6,whisper,197,11,Over
6,whisper,198,10,Skip
6,whisper,199,11,Over
6,vote,3,11
6,vote,4,11
6,vote,5,11
6,vote,10,3
6,vote,11,3
6,execute,11,WEREWOLF
6,attack,3,true
7,status,1,VILLAGER,DEAD,cash
7,status,2,SEER,DEAD,kSugar
7,status,3,VILLAGER,DEAD,haretaro
7,status,4,VILLAGER,ALIVE,Kanolab
7,status,5,VILLAGER,ALIVE,wasabi
7,status,6,VILLAGER,DEAD,TOT
7,status,7,VILLAGER,DEAD,nakamura
7,status,8,POSSESSED,DEAD,iace10442
7,status,9,VILLAGER,DEAD,tkAI
7,status,10,WEREWOLF,ALIVE,NLwolf
7,status,11,WEREWOLF,DEAD,carlo
7,status,12,VILLAGER,DEAD,twn480
7,status,13,WEREWOLF,DEAD,KajiGod
7,status,14,BODYGUARD,DEAD,howls
7,status,15,MEDIUM,DEAD,Udon
7,talk,0,10,DIVINED Agent[04] WEREWOLF
7,talk,1,4,VOTE Agent[04]
7,talk,2,5,ESTIMATE Agent[10] WEREWOLF
7,whisper,0,10,Skip
7,whisper,1,10,Skip
7,whisper,2,10,Skip
7,whisper,3,10,Skip
7,whisper,4,10,Skip
7,whisper,5,10,Skip
7,whisper,6,10,Skip
7,whisper,7,10,Skip
7,whisper,8,10,Skip
7,whisper,9,10,Skip
7,talk,3,10,Skip
7,talk,4,4,VOTE Agent[05]
7,talk,5,5,ESTIMATE Agent[10] WEREWOLF
7,whisper,10,10,Skip
7,whisper,11,10,Skip
7,whisper,12,10,Skip
7,whisper,13,10,Skip
7,whisper,14,10,Skip
7,whisper,15,10,Skip
7,whisper,16,10,Skip
7,whisper,17,10,Skip
7,whisper,18,10,Skip
7,whisper,19,10,Skip
7,talk,6,5,ESTIMATE Agent[04] VILLAGER
7,talk,7,4,VOTE Agent[10]
7,talk,8,10,Skip
7,whisper,20,10,Skip
7,whisper,21,10,Skip
7,whisper,22,10,Skip
7,whisper,23,10,Skip
7,whisper,24,10,Skip
7,whisper,25,10,Skip
7,whisper,26,10,Skip
7,whisper,27,10,Skip
7,whisper,28,10,Skip
7,whisper,29,10,Skip
7,talk,9,5,ESTIMATE Agent[10] WEREWOLF
7,talk,10,4,ESTIMATE Agent[02] SEER
7,talk,11,10,Skip
7,whisper,30,10,Skip
7,whisper,31,10,Skip
7,whisper,32,10,Skip
7,whisper,33,10,Skip
7,whisper,34,10,Skip
7,whisper,35,10,Skip
7,whisper,36,10,Skip
7,whisper,37,10,Skip
7,whisper,38,10,Skip
7,whisper,39,10,Skip
7,talk,12,10,VOTE Agent[05]
7,talk,13,5,ESTIMATE Agent[10] WEREWOLF
7,talk,14,4,ESTIMATE Agent[13] MEDIUM
7,whisper,40,10,Skip
7,whisper,41,10,Skip
7,whisper,42,10,Skip
7,whisper,43,10,Skip
7,whisper,44,10,Skip
7,whisper,45,10,Skip
7,whisper,46,10,Skip
7,whisper,47,10,Skip
7,whisper,48,10,Skip
7,whisper,49,10,Skip
7,talk,15,10,Over
7,talk,16,5,ESTIMATE Agent[10] WEREWOLF
7,talk,17,4,ESTIMATE Agent[05] VILLAGER
7,whisper,50,10,Skip
7,whisper,51,10,Skip
7,whisper,52,10,Skip
7,whisper,53,10,Skip
7,whisper,54,10,Skip
7,whisper,55,10,Skip
7,whisper,56,10,Skip
7,whisper,57,10,Skip
7,whisper,58,10,Skip
7,whisper,59,10,Skip
7,talk,18,10,Over
7,talk,19,4,Over
7,talk,20,5,ESTIMATE Agent[10] WEREWOLF
7,whisper,60,10,Skip
7,whisper,61,10,Skip
7,whisper,62,10,Skip
7,whisper,63,10,Skip
7,whisper,64,10,Skip
7,whisper,65,10,Skip
7,whisper,66,10,Skip
7,whisper,67,10,Skip
7,whisper,68,10,Skip
7,whisper,69,10,Skip
7,talk,21,4,Over
7,talk,22,10,Over
7,talk,23,5,ESTIMATE Agent[10] WEREWOLF
7,whisper,70,10,Skip
7,whisper,71,10,Skip
7,whisper,72,10,Skip
7,whisper,73,10,Skip
7,whisper,74,10,Skip
7,whisper,75,10,Skip
7,whisper,76,10,Skip
7,whisper,77,10,Skip
7,whisper,78,10,Skip
7,whisper,79,10,Skip
7,talk,24,10,Over
7,talk,25,5,ESTIMATE Agent[10] WEREWOLF
7,talk,26,4,Over
7,whisper,80,10,Skip
7,whisper,81,10,Skip
7,whisper,82,10,Skip
7,whisper,83,10,Skip
7,whisper,84,10,Skip
7,whisper,85,10,Skip
7,whisper,86,10,Skip
7,whisper,87,10,Skip
7,whisper,88,10,Skip
7,whisper,89,10,Skip
7,talk,27,10,Over
7,talk,28,5,ESTIMATE Agent[04] VILLAGER
7,talk,29,4,Over
7,whisper,90,10,Skip
7,whisper,91,10,Skip
7,whisper,92,10,Skip
7,whisper,93,10,Skip
7,whisper,94,10,Skip
7,whisper,95,10,Skip
7,whisper,96,10,Skip
7,whisper,97,10,Skip
7,whisper,98,10,Skip
7,whisper,99,10,Skip
7,vote,4,5
7,vote,5,10
7,vote,10,5
7,attackVote,10,4
7,execute,5,VILLAGER
7,attack,4,true
8,status,1,VILLAGER,DEAD,cash
8,status,2,SEER,DEAD,kSugar
8,status,3,VILLAGER,DEAD,haretaro
8,status,4,VILLAGER,DEAD,Kanolab
8,status,5,VILLAGER,DEAD,wasabi
8,status,6,VILLAGER,DEAD,TOT
8,status,7,VILLAGER,DEAD,nakamura
8,status,8,POSSESSED,DEAD,iace10442
8,status,9,VILLAGER,DEAD,tkAI
8,status,10,WEREWOLF,ALIVE,NLwolf
8,status,11,WEREWOLF,DEAD,carlo
8,status,12,VILLAGER,DEAD,twn480
8,status,13,WEREWOLF,DEAD,KajiGod
8,status,14,BODYGUARD,DEAD,howls
8,status,15,MEDIUM,DEAD,Udon
8,result,0,1,WEREWOLF
