0,status,1,VILLAGER,ALIVE,carlo
0,status,2,POSSESSED,ALIVE,m_cre
0,status,3,SEER,ALIVE,cndl
0,status,4,MEDIUM,ALIVE,AITKN
0,status,5,VILLAGER,ALIVE,aplain
0,status,6,BODYGUARD,ALIVE,takkyubu
0,status,7,VILLAGER,ALIVE,kasuka
0,status,8,WEREWOLF,ALIVE,johnny
0,status,9,VILLAGER,ALIVE,hibagon
0,status,10,WEREWOLF,ALIVE,colun
0,status,11,WEREWOLF,ALIVE,wasabi
0,status,12,VILLAGER,ALIVE,Udon
0,status,13,VILLAGER,ALIVE,JuN1Ro
0,status,14,VILLAGER,ALIVE,cash
0,status,15,VILLAGER,ALIVE,daisyo
0,whisper,0,0,10,COMINGOUT Agent[10] SEER
0,whisper,1,0,11,ATTACK Agent[13]
0,whisper,2,0,8,Skip
0,whisper,3,1,11,ATTACK Agent[02]
0,whisper,4,1,8,ATTACK Agent[02]
0,whisper,5,1,10,Skip
0,whisper,6,2,10,Skip
0,whisper,7,2,8,Skip
0,whisper,8,2,11,Over
0,whisper,9,3,10,Over
0,whisper,10,3,8,Skip
0,whisper,11,3,11,Over
0,whisper,12,4,8,ATTACK Agent[02]
0,whisper,13,4,11,Over
0,whisper,14,4,10,Over
0,whisper,15,5,10,Over
0,whisper,16,5,8,Skip
0,whisper,17,5,11,Over
0,whisper,18,6,10,Over
0,whisper,19,6,11,ATTACK Agent[15]
0,whisper,20,6,8,Skip
0,whisper,21,7,8,ATTACK Agent[02]
0,whisper,22,7,10,Over
0,whisper,23,7,11,ATTACK Agent[02]
0,whisper,24,8,8,Skip
0,whisper,25,8,11,Over
0,whisper,26,8,10,Over
0,whisper,27,9,10,Over
0,whisper,28,9,11,Over
0,whisper,29,9,8,Skip
0,whisper,30,10,8,ATTACK Agent[02]
0,whisper,31,10,10,Over
0,whisper,32,10,11,ATTACK Agent[07]
0,whisper,33,11,10,Over
0,whisper,34,11,11,ATTACK Agent[15]
0,whisper,35,11,8,Skip
0,whisper,36,12,10,Over
0,whisper,37,12,8,Skip
0,whisper,38,12,11,Over
0,whisper,39,13,10,Over
0,whisper,40,13,8,ATTACK Agent[02]
0,whisper,41,13,11,Over
0,whisper,42,14,8,Skip
0,whisper,43,14,11,ATTACK Agent[07]
0,whisper,44,14,10,Over
0,whisper,45,15,11,Over
0,whisper,46,15,8,Skip
0,whisper,47,15,10,Over
0,whisper,48,16,10,Over
0,whisper,49,16,11,Over
0,whisper,50,16,8,ATTACK Agent[02]
0,whisper,51,17,11,Over
0,whisper,52,17,8,Skip
0,whisper,53,17,10,Over
0,whisper,54,18,10,Over
0,whisper,55,18,8,Skip
0,whisper,56,18,11,Over
0,whisper,57,19,8,ATTACK Agent[02]
0,whisper,58,19,10,Over
0,whisper,59,19,11,Over
0,divine,3,5,HUMAN
1,status,1,VILLAGER,ALIVE,carlo
1,status,2,POSSESSED,ALIVE,m_cre
1,status,3,SEER,ALIVE,cndl
1,status,4,MEDIUM,ALIVE,AITKN
1,status,5,VILLAGER,ALIVE,aplain
1,status,6,BODYGUARD,ALIVE,takkyubu
1,status,7,VILLAGER,ALIVE,kasuka
1,status,8,WEREWOLF,ALIVE,johnny
1,status,9,VILLAGER,ALIVE,hibagon
1,status,10,WEREWOLF,ALIVE,colun
1,status,11,WEREWOLF,ALIVE,wasabi
1,status,12,VILLAGER,ALIVE,Udon
1,status,13,VILLAGER,ALIVE,JuN1Ro
1,status,14,VILLAGER,ALIVE,cash
1,status,15,VILLAGER,ALIVE,daisyo
1,talk,0,0,7,ESTIMATE Agent[10] WEREWOLF
1,talk,1,0,15,VOTE Agent[01]
1,talk,2,0,3,COMINGOUT Agent[03] SEER
1,talk,3,0,2,COMINGOUT Agent[02] SEER
1,talk,4,0,4,VOTE Agent[06]
1,talk,5,0,8,VOTE Agent[14]
1,talk,6,0,11,Skip
1,talk,7,0,6,VOTE Agent[01]
1,talk,8,0,9,VOTE Agent[14]
1,talk,9,0,1,VOTE Agent[02]
1,talk,10,0,14,VOTE Agent[06]
1,talk,11,0,10,VOTE Agent[13]
1,talk,12,0,5,VOTE Agent[15]
1,talk,13,0,13,VOTE Agent[05]
1,talk,14,0,12,VOTE Agent[09]
1,talk,15,1,1,VOTE Agent[04]
1,talk,16,1,7,ESTIMATE Agent[13] WEREWOLF
1,talk,17,1,3,DIVINED Agent[05] HUMAN
1,talk,18,1,2,DIVINED Agent[03] WEREWOLF
1,talk,19,1,11,Skip
1,talk,20,1,14,VOTE Agent[04]
1,talk,21,1,6,Skip
1,talk,22,1,15,VOTE Agent[04]
1,talk,23,1,4,Skip
1,talk,24,1,12,VOTE Agent[01]
1,talk,25,1,8,VOTE Agent[02]
1,talk,26,1,10,REQUEST(VOTE Agent[13])
1,talk,27,1,5,Skip
1,talk,28,1,13,VOTE Agent[06]
1,talk,29,1,9,Skip
1,talk,30,2,15,Skip
1,talk,31,2,8,Skip
1,talk,32,2,14,VOTE Agent[01]
1,talk,33,2,12,VOTE Agent[04]
1,talk,34,2,11,VOTE Agent[14]
1,talk,35,2,2,VOTE Agent[13]
1,talk,36,2,10,VOTE Agent[03]
1,talk,37,2,9,ESTIMATE Agent[03] WEREWOLF
1,talk,38,2,5,ESTIMATE Agent[02] SEER
1,talk,39,2,6,ESTIMATE Agent[02] SEER
1,talk,40,2,3,VOTE Agent[10]
1,talk,41,2,13,VOTE Agent[04]
1,talk,42,2,7,ESTIMATE Agent[01] WEREWOLF
1,talk,43,2,1,Skip
1,talk,44,2,4,Skip
1,talk,45,3,13,Over
1,talk,46,3,7,VOTE Agent[03]
1,talk,47,3,4,Over
1,talk,48,3,8,Skip
1,talk,49,3,5,ESTIMATE Agent[03] WEREWOLF
1,talk,50,3,3,Skip
1,talk,51,3,1,Skip
1,talk,52,3,12,Over
1,talk,53,3,10,REQUEST(VOTE Agent[03])
1,talk,54,3,9,REQUEST(Agent[03] DIVINATION Agent[03])
1,talk,55,3,6,ESTIMATE Agent[03] WEREWOLF
1,talk,56,3,15,Skip
1,talk,57,3,14,VOTE Agent[04]
1,talk,58,3,11,ESTIMATE Agent[10] VILLAGER
1,talk,59,3,2,Skip
1,talk,60,4,10,COMINGOUT Agent[10] SEER
1,talk,61,4,2,Skip
1,talk,62,4,8,VOTE Agent[02]
1,talk,63,4,13,ESTIMATE Agent[04] WEREWOLF
1,talk,64,4,6,REQUEST(Agent[02] DIVINATION Agent[03])
1,talk,65,4,14,VOTE Agent[11]
1,talk,66,4,5,REQUEST(Agent[02] DIVINATION Agent[03])
1,talk,67,4,12,Over
1,talk,68,4,9,VOTE Agent[03]
1,talk,69,4,4,Over
1,talk,70,4,3,VOTE Agent[04]
1,talk,71,4,15,Over
1,talk,72,4,7,Skip
1,talk,73,4,1,Over
1,talk,74,4,11,Skip
1,talk,75,5,9,Skip
1,talk,76,5,12,Over
1,talk,77,5,10,Skip
1,talk,78,5,3,Skip
1,talk,79,5,4,Over
1,talk,80,5,11,VOTE Agent[06]
1,talk,81,5,13,Over
1,talk,82,5,15,VOTE Agent[03]
1,talk,83,5,2,VOTE Agent[10]
1,talk,84,5,14,VOTE Agent[04]
1,talk,85,5,1,Over
1,talk,86,5,5,VOTE Agent[03]
1,talk,87,5,7,Skip
1,talk,88,5,8,Skip
1,talk,89,5,6,VOTE Agent[03]
1,talk,90,6,8,Skip
1,talk,91,6,3,VOTE Agent[10]
1,talk,92,6,9,Skip
1,talk,93,6,11,Over
1,talk,94,6,15,Skip
1,talk,95,6,6,Skip
1,talk,96,6,14,VOTE Agent[11]
1,talk,97,6,1,Over
1,talk,98,6,7,Over
1,talk,99,6,5,Skip
1,talk,100,6,13,VOTE Agent[03]
1,talk,101,6,4,Over
1,talk,102,6,10,Skip
1,talk,103,6,2,Skip
1,talk,104,6,12,Over
1,talk,105,7,11,VOTE Agent[07]
1,talk,106,7,14,VOTE Agent[02]
1,talk,107,7,13,Over
1,talk,108,7,9,Over
1,talk,109,7,4,Over
1,talk,110,7,10,Over
1,talk,111,7,2,Skip
1,talk,112,7,8,VOTE Agent[02]
1,talk,113,7,1,Over
1,talk,114,7,6,Skip
1,talk,115,7,15,ESTIMATE Agent[05] VILLAGER
1,talk,116,7,12,Over
1,talk,117,7,5,Skip
1,talk,118,7,7,Over
1,talk,119,7,3,Skip
1,talk,120,8,7,Over
1,talk,121,8,6,Over
1,talk,122,8,15,Skip
1,talk,123,8,12,Over
1,talk,124,8,4,Over
1,talk,125,8,14,Skip
1,talk,126,8,13,Over
1,talk,127,8,8,Skip
1,talk,128,8,9,Over
1,talk,129,8,2,Over
1,talk,130,8,11,Over
1,talk,131,8,3,Skip
1,talk,132,8,1,Over
1,talk,133,8,10,Over
1,talk,134,8,5,Over
1,talk,135,9,8,Skip
1,talk,136,9,2,Over
1,talk,137,9,5,Over
1,talk,138,9,11,Over
1,talk,139,9,9,Over
1,talk,140,9,12,Over
1,talk,141,9,3,Over
1,talk,142,9,4,Over
1,talk,143,9,1,Over
1,talk,144,9,10,Over
1,talk,145,9,13,ESTIMATE Agent[03] WEREWOLF
1,talk,146,9,7,Over
1,talk,147,9,6,Over
1,talk,148,9,14,Skip
1,talk,149,9,15,Skip
1,talk,150,10,8,VOTE Agent[02]
1,talk,151,10,7,Over
1,talk,152,10,9,Over
1,talk,153,10,13,Over
1,talk,154,10,15,Over
1,talk,155,10,1,Over
1,talk,156,10,5,Over
1,talk,157,10,4,Over
1,talk,158,10,3,Over
1,talk,159,10,10,Over
1,talk,160,10,11,Over
1,talk,161,10,14,Over
1,talk,162,10,2,Over
1,talk,163,10,12,Over
1,talk,164,10,6,Over
1,talk,165,11,11,VOTE Agent[06]
1,talk,166,11,4,Over
1,talk,167,11,8,Skip
1,talk,168,11,9,Over
1,talk,169,11,2,Over
1,talk,170,11,14,Over
1,talk,171,11,10,Over
1,talk,172,11,3,Over
1,talk,173,11,15,Over
1,talk,174,11,6,Over
1,talk,175,11,13,Over
1,talk,176,11,1,Over
1,talk,177,11,5,Over
1,talk,178,11,7,Over
1,talk,179,11,12,Over
1,talk,180,12,1,Over
1,talk,181,12,11,Over
1,talk,182,12,5,Over
1,talk,183,12,4,Over
1,talk,184,12,9,Over
1,talk,185,12,3,Over
1,talk,186,12,10,Over
1,talk,187,12,2,Over
1,talk,188,12,6,Over
1,talk,189,12,8,Skip
1,talk,190,12,15,Over
1,talk,191,12,13,Over
1,talk,192,12,14,Over
1,talk,193,12,12,Over
1,talk,194,12,7,Over
1,talk,195,13,2,Over
1,talk,196,13,12,Over
1,talk,197,13,3,Over
1,talk,198,13,10,Over
1,talk,199,13,15,Over
1,talk,200,13,14,Over
1,talk,201,13,13,Over
1,talk,202,13,4,Over
1,talk,203,13,8,VOTE Agent[02]
1,talk,204,13,7,Over
1,talk,205,13,11,Over
1,talk,206,13,1,Over
1,talk,207,13,5,Over
1,talk,208,13,6,Over
1,talk,209,13,9,Over
1,talk,210,14,1,Over
1,talk,211,14,4,Over
1,talk,212,14,3,Over
1,talk,213,14,5,Over
1,talk,214,14,9,Over
1,talk,215,14,14,Over
1,talk,216,14,11,ESTIMATE Agent[01] VILLAGER
1,talk,217,14,12,Over
1,talk,218,14,6,Over
1,talk,219,14,10,Over
1,talk,220,14,7,Over
1,talk,221,14,2,Over
1,talk,222,14,8,Skip
1,talk,223,14,15,Over
1,talk,224,14,13,Over
1,talk,225,15,3,Over
1,talk,226,15,4,Over
1,talk,227,15,10,Over
1,talk,228,15,13,Over
1,talk,229,15,15,Over
1,talk,230,15,5,Over
1,talk,231,15,12,Over
1,talk,232,15,11,VOTE Agent[08]
1,talk,233,15,9,Over
1,talk,234,15,8,Skip
1,talk,235,15,1,Over
1,talk,236,15,6,Over
1,talk,237,15,14,Over
1,talk,238,15,7,Over
1,talk,239,15,2,Over
1,talk,240,16,14,Over
1,talk,241,16,6,Over
1,talk,242,16,13,Over
1,talk,243,16,11,Over
1,talk,244,16,7,Over
1,talk,245,16,5,Over
1,talk,246,16,9,Over
1,talk,247,16,10,Over
1,talk,248,16,3,Over
1,talk,249,16,8,VOTE Agent[02]
1,talk,250,16,1,Over
1,talk,251,16,12,Over
1,talk,252,16,15,Over
1,talk,253,16,4,Over
1,talk,254,16,2,Over
1,talk,255,17,10,Over
1,talk,256,17,15,Over
1,talk,257,17,3,Over
1,talk,258,17,12,Over
1,talk,259,17,9,Over
1,talk,260,17,14,Over
1,talk,261,17,4,Over
1,talk,262,17,7,Over
1,talk,263,17,11,Over
1,talk,264,17,8,Skip
1,talk,265,17,2,Over
1,talk,266,17,6,Over
1,talk,267,17,5,Over
1,talk,268,17,1,Over
1,talk,269,17,13,Over
1,talk,270,18,4,Over
1,talk,271,18,6,Over
1,talk,272,18,11,VOTE Agent[13]
1,talk,273,18,8,Skip
1,talk,274,18,15,Over
1,talk,275,18,14,Over
1,talk,276,18,3,Over
1,talk,277,18,12,Over
1,talk,278,18,9,Over
1,talk,279,18,10,Over
1,talk,280,18,13,Over
1,talk,281,18,2,Over
1,talk,282,18,5,Over
1,talk,283,18,7,Over
1,talk,284,18,1,Over
1,talk,285,19,12,Over
1,talk,286,19,13,Over
1,talk,287,19,5,Over
1,talk,288,19,4,Over
1,talk,289,19,6,Over
1,talk,290,19,9,Over
1,talk,291,19,11,Over
1,talk,292,19,15,Over
1,talk,293,19,8,VOTE Agent[02]
1,talk,294,19,14,Over
1,talk,295,19,10,Over
1,talk,296,19,3,Over
1,talk,297,19,7,Over
1,talk,298,19,1,Over
1,talk,299,19,2,Over
1,vote,1,4
1,vote,2,10
1,vote,3,10
1,vote,4,6
1,vote,5,3
1,vote,6,3
1,vote,7,3
1,vote,8,2
1,vote,9,3
1,vote,10,3
1,vote,11,13
1,vote,12,4
1,vote,13,3
1,vote,14,2
1,vote,15,3
1,execute,3,SEER
1,whisper,0,0,10,ESTIMATE Agent[02] POSSESSED
1,whisper,1,0,11,ATTACK Agent[04]
1,whisper,2,0,8,Skip
1,whisper,3,1,8,Skip
1,whisper,4,1,10,ATTACK Agent[12]
1,whisper,5,1,11,ATTACK Agent[05]
1,whisper,6,2,10,REQUEST(ATTACK Agent[12])
1,whisper,7,2,8,ATTACK Agent[02]
1,whisper,8,2,11,Over
1,whisper,9,3,8,Skip
1,whisper,10,3,10,Skip
1,whisper,11,3,11,Over
1,whisper,12,4,10,Skip
1,whisper,13,4,8,Skip
1,whisper,14,4,11,Over
1,whisper,15,5,11,Over
1,whisper,16,5,8,ATTACK Agent[02]
1,whisper,17,5,10,Over
1,whisper,18,6,10,Over
1,whisper,19,6,8,Skip
1,whisper,20,6,11,Over
1,whisper,21,7,10,Over
1,whisper,22,7,8,Skip
1,whisper,23,7,11,Over
1,whisper,24,8,11,Over
1,whisper,25,8,10,Over
1,whisper,26,8,8,ATTACK Agent[02]
1,whisper,27,9,11,Over
1,whisper,28,9,8,Skip
1,whisper,29,9,10,Over
1,whisper,30,10,10,Over
1,whisper,31,10,8,Skip
1,whisper,32,10,11,Over
1,whisper,33,11,11,ESTIMATE Agent[02] POSSESSED
1,whisper,34,11,10,Over
1,whisper,35,11,8,ATTACK Agent[02]
1,whisper,36,12,8,Skip
1,whisper,37,12,10,Over
1,whisper,38,12,11,ATTACK Agent[01]
1,whisper,39,13,11,Over
1,whisper,40,13,8,Skip
1,whisper,41,13,10,Over
1,whisper,42,14,11,ATTACK Agent[05]
1,whisper,43,14,10,Over
1,whisper,44,14,8,ATTACK Agent[02]
1,whisper,45,15,11,Over
1,whisper,46,15,8,Skip
1,whisper,47,15,10,Over
1,whisper,48,16,11,Over
1,whisper,49,16,10,Over
1,whisper,50,16,8,Skip
1,whisper,51,17,11,Over
1,whisper,52,17,10,Over
1,whisper,53,17,8,ATTACK Agent[02]
1,whisper,54,18,11,Over
1,whisper,55,18,8,Skip
1,whisper,56,18,10,Over
1,whisper,57,19,10,Over
1,whisper,58,19,11,Over
1,whisper,59,19,8,Skip
1,guard,6,2,POSSESSED
1,attackVote,8,2
1,attackVote,10,12
1,attackVote,11,5
1,attackVote,8,2
1,attackVote,10,12
1,attackVote,11,5
1,attack,2,false
2,status,1,VILLAGER,ALIVE,carlo
2,status,2,POSSESSED,ALIVE,m_cre
2,status,3,SEER,DEAD,cndl
2,status,4,MEDIUM,ALIVE,AITKN
2,status,5,VILLAGER,ALIVE,aplain
2,status,6,BODYGUARD,ALIVE,takkyubu
2,status,7,VILLAGER,ALIVE,kasuka
2,status,8,WEREWOLF,ALIVE,johnny
2,status,9,VILLAGER,ALIVE,hibagon
2,status,10,WEREWOLF,ALIVE,colun
2,status,11,WEREWOLF,ALIVE,wasabi
2,status,12,VILLAGER,ALIVE,Udon
2,status,13,VILLAGER,ALIVE,JuN1Ro
2,status,14,VILLAGER,ALIVE,cash
2,status,15,VILLAGER,ALIVE,daisyo
2,talk,0,0,1,VOTE Agent[04]
2,talk,1,0,2,DIVINED Agent[05] WEREWOLF
2,talk,2,0,5,VOTE Agent[04]
2,talk,3,0,13,VOTE Agent[12]
2,talk,4,0,10,VOTE Agent[15]
2,talk,5,0,6,VOTE Agent[15]
2,talk,6,0,14,VOTE Agent[02]
2,talk,7,0,9,AGREE TALK day1 ID:38
2,talk,8,0,12,VOTE Agent[09]
2,talk,9,0,15,VOTE Agent[10]
2,talk,10,0,7,ESTIMATE Agent[14] WEREWOLF
2,talk,11,0,8,VOTE Agent[11]
2,talk,12,0,4,VOTE Agent[15]
2,talk,13,0,11,VOTE Agent[15]
2,talk,14,1,5,DISAGREE TALK day1 ID:38
2,talk,15,1,9,AGREE TALK day1 ID:39
2,talk,16,1,11,Skip
2,talk,17,1,1,Skip
2,talk,18,1,2,VOTE Agent[10]
2,talk,19,1,6,DISAGREE TALK day1 ID:115
2,talk,20,1,8,Skip
2,talk,21,1,14,VOTE Agent[09]
2,talk,22,1,4,Skip
2,talk,23,1,15,Over
2,talk,24,1,13,VOTE Agent[15]
2,talk,25,1,12,VOTE Agent[05]
2,talk,26,1,10,REQUEST(VOTE Agent[15])
2,talk,27,1,7,ESTIMATE Agent[02] WEREWOLF
2,talk,28,2,10,Skip
2,talk,29,2,15,Skip
2,talk,30,2,1,Skip
2,talk,31,2,7,ESTIMATE Agent[09] WEREWOLF
2,talk,32,2,5,DISAGREE TALK day1 ID:39
2,talk,33,2,14,VOTE Agent[11]
2,talk,34,2,13,Over
2,talk,35,2,4,Skip
2,talk,36,2,2,Skip
2,talk,37,2,6,ESTIMATE Agent[05] WEREWOLF
2,talk,38,2,8,Skip
2,talk,39,2,12,VOTE Agent[15]
2,talk,40,2,11,VOTE Agent[05]
2,talk,41,2,9,ESTIMATE Agent[02] SEER
2,talk,42,3,10,Skip
2,talk,43,3,11,ESTIMATE Agent[13] VILLAGER
2,talk,44,3,7,VOTE Agent[14]
2,talk,45,3,14,Skip
2,talk,46,3,1,Over
2,talk,47,3,12,Over
2,talk,48,3,15,Skip
2,talk,49,3,2,Skip
2,talk,50,3,4,Over
2,talk,51,3,8,VOTE Agent[02]
2,talk,52,3,9,DISAGREE TALK day1 ID:115
2,talk,53,3,13,Over
2,talk,54,3,6,REQUEST(Agent[02] DIVINATION Agent[05])
2,talk,55,3,5,ESTIMATE Agent[02] WEREWOLF
2,talk,56,4,13,Over
2,talk,57,4,10,Over
2,talk,58,4,7,Skip
2,talk,59,4,5,REQUEST(DIVINATION Agent[02])
2,talk,60,4,9,ESTIMATE Agent[05] WEREWOLF
2,talk,61,4,14,VOTE Agent[04]
2,talk,62,4,6,VOTE Agent[05]
2,talk,63,4,15,Over
2,talk,64,4,8,Skip
2,talk,65,4,4,Over
2,talk,66,4,2,Over
2,talk,67,4,1,Over
2,talk,68,4,12,Over
2,talk,69,4,11,Skip
2,talk,70,5,2,Over
2,talk,71,5,15,ESTIMATE Agent[05] VILLAGER
2,talk,72,5,6,Skip
2,talk,73,5,12,VOTE Agent[05]
2,talk,74,5,10,Over
2,talk,75,5,13,ESTIMATE Agent[14] VILLAGER
2,talk,76,5,5,VOTE Agent[02]
2,talk,77,5,9,REQUEST(Agent[02] DIVINATION Agent[05])
2,talk,78,5,11,Skip
2,talk,79,5,8,Skip
2,talk,80,5,1,Over
2,talk,81,5,7,Skip
2,talk,82,5,4,Over
2,talk,83,5,14,VOTE Agent[12]
2,talk,84,6,6,Skip
2,talk,85,6,10,Over
2,talk,86,6,13,VOTE Agent[15]
2,talk,87,6,14,VOTE Agent[04]
2,talk,88,6,4,Over
2,talk,89,6,5,Skip
2,talk,90,6,2,Over
2,talk,91,6,9,VOTE Agent[05]
2,talk,92,6,11,Over
2,talk,93,6,7,VOTE Agent[12]
2,talk,94,6,15,ESTIMATE Agent[05] VILLAGER
2,talk,95,6,8,VOTE Agent[02]
2,talk,96,6,12,VOTE Agent[15]
2,talk,97,6,1,Over
2,talk,98,7,4,Over
2,talk,99,7,13,Over
2,talk,100,7,1,Over
2,talk,101,7,9,Skip
2,talk,102,7,7,VOTE Agent[14]
2,talk,103,7,12,Over
2,talk,104,7,14,Skip
2,talk,105,7,6,Over
2,talk,106,7,2,Over
2,talk,107,7,11,VOTE Agent[06]
2,talk,108,7,10,Over
2,talk,109,7,8,Skip
2,talk,110,7,15,Skip
2,talk,111,7,5,Skip
2,talk,112,8,9,Skip
2,talk,113,8,4,Over
2,talk,114,8,14,VOTE Agent[12]
2,talk,115,8,2,Over
2,talk,116,8,1,Over
2,talk,117,8,12,Over
2,talk,118,8,5,Over
2,talk,119,8,13,Over
2,talk,120,8,10,Over
2,talk,121,8,11,VOTE Agent[04]
2,talk,122,8,8,Skip
2,talk,123,8,7,Skip
2,talk,124,8,6,Over
2,talk,125,8,15,ESTIMATE Agent[05] VILLAGER
2,talk,126,9,9,Over
2,talk,127,9,7,Skip
2,talk,128,9,14,VOTE Agent[04]
2,talk,129,9,11,VOTE Agent[06]
2,talk,130,9,2,Over
2,talk,131,9,4,Over
2,talk,132,9,1,Over
2,talk,133,9,12,Over
2,talk,134,9,8,VOTE Agent[02]
2,talk,135,9,5,Over
2,talk,136,9,10,Over
2,talk,137,9,15,Skip
2,talk,138,9,13,Over
2,talk,139,9,6,Over
2,talk,140,10,6,Over
2,talk,141,10,7,Over
2,talk,142,10,12,Over
2,talk,143,10,11,Over
2,talk,144,10,1,Over
2,talk,145,10,15,Over
2,talk,146,10,14,VOTE Agent[12]
2,talk,147,10,8,Skip
2,talk,148,10,10,Over
2,talk,149,10,13,Over
2,talk,150,10,9,Over
2,talk,151,10,2,Over
2,talk,152,10,5,Over
2,talk,153,10,4,Over
2,talk,154,11,15,Over
2,talk,155,11,13,Over
2,talk,156,11,10,Over
2,talk,157,11,11,Over
2,talk,158,11,1,Over
2,talk,159,11,12,Over
2,talk,160,11,5,Over
2,talk,161,11,8,Skip
2,talk,162,11,14,Over
2,talk,163,11,7,Over
2,talk,164,11,6,Over
2,talk,165,11,2,Over
2,talk,166,11,9,Over
2,talk,167,11,4,Over
2,talk,168,12,5,Over
2,talk,169,12,14,Over
2,talk,170,12,4,Over
2,talk,171,12,8,VOTE Agent[02]
2,talk,172,12,10,Over
2,talk,173,12,1,Over
2,talk,174,12,15,Over
2,talk,175,12,9,Over
2,talk,176,12,7,Over
2,talk,177,12,13,Over
2,talk,178,12,12,Over
2,talk,179,12,6,Over
2,talk,180,12,2,Over
2,talk,181,12,11,Over
2,talk,182,13,2,Over
2,talk,183,13,5,Over
2,talk,184,13,9,Over
2,talk,185,13,1,Over
2,talk,186,13,11,Over
2,talk,187,13,6,Over
2,talk,188,13,4,Over
2,talk,189,13,8,Skip
2,talk,190,13,13,Over
2,talk,191,13,7,Over
2,talk,192,13,15,Over
2,talk,193,13,10,Over
2,talk,194,13,14,Over
2,talk,195,13,12,Over
2,talk,196,14,10,Over
2,talk,197,14,14,Over
2,talk,198,14,11,Over
2,talk,199,14,2,Over
2,talk,200,14,8,Skip
2,talk,201,14,12,Over
2,talk,202,14,6,Over
2,talk,203,14,13,Over
2,talk,204,14,5,Over
2,talk,205,14,15,Over
2,talk,206,14,9,Over
2,talk,207,14,4,Over
2,talk,208,14,1,Over
2,talk,209,14,7,Over
2,talk,210,15,8,VOTE Agent[02]
2,talk,211,15,14,Over
2,talk,212,15,11,VOTE Agent[05]
2,talk,213,15,15,Over
2,talk,214,15,12,Over
2,talk,215,15,13,Over
2,talk,216,15,9,Over
2,talk,217,15,1,Over
2,talk,218,15,2,Over
2,talk,219,15,4,Over
2,talk,220,15,7,Over
2,talk,221,15,10,Over
2,talk,222,15,5,Over
2,talk,223,15,6,Over
2,talk,224,16,1,Over
2,talk,225,16,9,Over
2,talk,226,16,7,Over
2,talk,227,16,13,Over
2,talk,228,16,4,Over
2,talk,229,16,15,Over
2,talk,230,16,12,Over
2,talk,231,16,11,Over
2,talk,232,16,8,Skip
2,talk,233,16,6,Over
2,talk,234,16,14,VOTE Agent[04]
2,talk,235,16,2,Over
2,talk,236,16,10,Over
2,talk,237,16,5,Over
2,talk,238,17,13,Over
2,talk,239,17,1,Over
2,talk,240,17,11,Over
2,talk,241,17,8,Skip
2,talk,242,17,15,Over
2,talk,243,17,10,Over
2,talk,244,17,5,Over
2,talk,245,17,9,Over
2,talk,246,17,6,Over
2,talk,247,17,14,Over
2,talk,248,17,4,Over
2,talk,249,17,7,Over
2,talk,250,17,12,Over
2,talk,251,17,2,Over
2,talk,252,18,2,Over
2,talk,253,18,5,Over
2,talk,254,18,4,Over
2,talk,255,18,1,Over
2,talk,256,18,15,Over
2,talk,257,18,11,Over
2,talk,258,18,8,VOTE Agent[02]
2,talk,259,18,7,Over
2,talk,260,18,6,Over
2,talk,261,18,14,Over
2,talk,262,18,12,Over
2,talk,263,18,9,Over
2,talk,264,18,13,Over
2,talk,265,18,10,Over
2,talk,266,19,6,Over
2,talk,267,19,15,Over
2,talk,268,19,11,ESTIMATE Agent[10] WEREWOLF
2,talk,269,19,8,Skip
2,talk,270,19,4,Over
2,talk,271,19,10,Over
2,talk,272,19,2,Over
2,talk,273,19,14,Over
2,talk,274,19,13,Over
2,talk,275,19,12,Over
2,talk,276,19,9,Over
2,talk,277,19,7,Over
2,talk,278,19,1,Over
2,talk,279,19,5,Over
2,vote,1,4
2,vote,2,10
2,vote,4,15
2,vote,5,2
2,vote,6,5
2,vote,7,14
2,vote,8,2
2,vote,9,5
2,vote,10,15
2,vote,11,5
2,vote,12,15
2,vote,13,15
2,vote,14,4
2,vote,15,10
2,execute,15,VILLAGER
2,whisper,0,0,8,Skip
2,whisper,1,0,10,ATTACK Agent[09]
2,whisper,2,0,11,ATTACK Agent[13]
2,whisper,3,1,8,ATTACK Agent[02]
2,whisper,4,1,10,REQUEST(ATTACK Agent[09])
2,whisper,5,1,11,Over
2,whisper,6,2,11,Over
2,whisper,7,2,8,Skip
2,whisper,8,2,10,Skip
2,whisper,9,3,10,Skip
2,whisper,10,3,8,Skip
2,whisper,11,3,11,ATTACK Agent[04]
2,whisper,12,4,10,Over
2,whisper,13,4,11,Over
2,whisper,14,4,8,ATTACK Agent[02]
2,whisper,15,5,10,Over
2,whisper,16,5,11,Over
2,whisper,17,5,8,Skip
2,whisper,18,6,8,Skip
2,whisper,19,6,10,Over
2,whisper,20,6,11,ATTACK Agent[12]
2,whisper,21,7,10,Over
2,whisper,22,7,11,Over
2,whisper,23,7,8,ATTACK Agent[02]
2,whisper,24,8,8,Skip
2,whisper,25,8,10,Over
2,whisper,26,8,11,Over
2,whisper,27,9,8,Skip
2,whisper,28,9,10,Over
2,whisper,29,9,11,Over
2,whisper,30,10,11,Over
2,whisper,31,10,8,ATTACK Agent[02]
2,whisper,32,10,10,Over
2,whisper,33,11,10,Over
2,whisper,34,11,8,Skip
2,whisper,35,11,11,Over
2,whisper,36,12,10,Over
2,whisper,37,12,11,Over
2,whisper,38,12,8,Skip
2,whisper,39,13,11,Over
2,whisper,40,13,10,Over
2,whisper,41,13,8,ATTACK Agent[02]
2,whisper,42,14,10,Over
2,whisper,43,14,8,Skip
2,whisper,44,14,11,Over
2,whisper,45,15,11,Over
2,whisper,46,15,8,Skip
2,whisper,47,15,10,Over
2,whisper,48,16,8,ATTACK Agent[02]
2,whisper,49,16,10,Over
2,whisper,50,16,11,Over
2,whisper,51,17,8,Skip
2,whisper,52,17,10,Over
2,whisper,53,17,11,Over
2,whisper,54,18,8,Skip
2,whisper,55,18,10,Over
2,whisper,56,18,11,ATTACK Agent[07]
2,whisper,57,19,10,Over
2,whisper,58,19,11,Over
2,whisper,59,19,8,ATTACK Agent[02]
2,guard,6,2,POSSESSED
2,attackVote,8,2
2,attackVote,10,9
2,attackVote,11,7
2,attackVote,8,2
2,attackVote,10,9
2,attackVote,11,9
2,attack,9,true
3,status,1,VILLAGER,ALIVE,carlo
3,status,2,POSSESSED,ALIVE,m_cre
3,status,3,SEER,DEAD,cndl
3,status,4,MEDIUM,ALIVE,AITKN
3,status,5,VILLAGER,ALIVE,aplain
3,status,6,BODYGUARD,ALIVE,takkyubu
3,status,7,VILLAGER,ALIVE,kasuka
3,status,8,WEREWOLF,ALIVE,johnny
3,status,9,VILLAGER,DEAD,hibagon
3,status,10,WEREWOLF,ALIVE,colun
3,status,11,WEREWOLF,ALIVE,wasabi
3,status,12,VILLAGER,ALIVE,Udon
3,status,13,VILLAGER,ALIVE,JuN1Ro
3,status,14,VILLAGER,ALIVE,cash
3,status,15,VILLAGER,DEAD,daisyo
3,talk,0,0,11,VOTE Agent[05]
3,talk,1,0,7,ESTIMATE Agent[14] WEREWOLF
3,talk,2,0,4,VOTE Agent[01]
3,talk,3,0,1,VOTE Agent[04]
3,talk,4,0,13,VOTE Agent[14]
3,talk,5,0,5,DISAGREE TALK day1 ID:38
3,talk,6,0,6,DISAGREE TALK day1 ID:115
3,talk,7,0,12,VOTE Agent[02]
3,talk,8,0,2,DIVINED Agent[08] WEREWOLF
3,talk,9,0,14,VOTE Agent[04]
3,talk,10,0,8,VOTE Agent[11]
3,talk,11,0,10,VOTE Agent[05]
3,talk,12,1,14,Skip
3,talk,13,1,5,DISAGREE TALK day1 ID:39
3,talk,14,1,7,ESTIMATE Agent[11] WEREWOLF
3,talk,15,1,6,AGREE TALK day2 ID:37
3,talk,16,1,1,VOTE Agent[08]
3,talk,17,1,8,Skip
3,talk,18,1,2,VOTE Agent[10]
3,talk,19,1,13,ESTIMATE Agent[14] VILLAGER
3,talk,20,1,4,Skip
3,talk,21,1,10,REQUEST(VOTE Agent[05])
3,talk,22,1,11,Skip
3,talk,23,1,12,Over
3,talk,24,2,8,Skip
3,talk,25,2,1,Skip
3,talk,26,2,12,Over
3,talk,27,2,14,VOTE Agent[12]
3,talk,28,2,6,AGREE TALK day2 ID:60
3,talk,29,2,11,Skip
3,talk,30,2,4,VOTE Agent[05]
3,talk,31,2,2,Skip
3,talk,32,2,13,Over
3,talk,33,2,7,ESTIMATE Agent[10] WEREWOLF
3,talk,34,2,10,Skip
3,talk,35,2,5,AGREE TALK day2 ID:27
3,talk,36,3,2,Skip
3,talk,37,3,14,Skip
3,talk,38,3,8,VOTE Agent[02]
3,talk,39,3,10,Skip
3,talk,40,3,12,Over
3,talk,41,3,13,Over
3,talk,42,3,6,DISAGREE TALK day2 ID:71
3,talk,43,3,1,Skip
3,talk,44,3,4,Skip
3,talk,45,3,11,Over
3,talk,46,3,7,VOTE Agent[08]
3,talk,47,3,5,DISAGREE TALK day2 ID:41
3,talk,48,4,11,ESTIMATE Agent[12] VILLAGER
3,talk,49,4,14,Skip
3,talk,50,4,13,Over
3,talk,51,4,5,AGREE TALK day2 ID:55
3,talk,52,4,6,DISAGREE TALK day2 ID:94
3,talk,53,4,10,Over
3,talk,54,4,12,Over
3,talk,55,4,1,Over
3,talk,56,4,8,Skip
3,talk,57,4,2,Over
3,talk,58,4,7,Skip
3,talk,59,4,4,Skip
3,talk,60,5,12,Over
3,talk,61,5,13,Over
3,talk,62,5,8,Skip
3,talk,63,5,6,DISAGREE TALK day2 ID:125
3,talk,64,5,5,ESTIMATE Agent[02] WEREWOLF
3,talk,65,5,11,VOTE Agent[08]
3,talk,66,5,2,Over
3,talk,67,5,1,Over
3,talk,68,5,14,Over
3,talk,69,5,7,Skip
3,talk,70,5,4,Over
3,talk,71,5,10,Over
3,talk,72,6,11,Over
3,talk,73,6,4,Over
3,talk,74,6,7,Over
3,talk,75,6,14,Over
3,talk,76,6,13,Over
3,talk,77,6,5,REQUEST(DIVINATION Agent[02])
3,talk,78,6,12,Over
3,talk,79,6,2,Over
3,talk,80,6,1,Over
3,talk,81,6,6,ESTIMATE Agent[05] WEREWOLF
3,talk,82,6,8,VOTE Agent[02]
3,talk,83,6,10,Over
3,talk,84,7,13,Over
3,talk,85,7,1,Over
3,talk,86,7,2,Over
3,talk,87,7,6,REQUEST(Agent[02] DIVINATION Agent[05])
3,talk,88,7,10,Over
3,talk,89,7,8,Skip
3,talk,90,7,7,Over
3,talk,91,7,12,Over
3,talk,92,7,11,Over
3,talk,93,7,4,Over
3,talk,94,7,5,VOTE Agent[02]
3,talk,95,7,14,Over
3,talk,96,8,13,Over
3,talk,97,8,4,Over
3,talk,98,8,2,Over
3,talk,99,8,11,Over
3,talk,100,8,1,Over
3,talk,101,8,7,Over
3,talk,102,8,12,Over
3,talk,103,8,5,Skip
3,talk,104,8,6,VOTE Agent[05]
3,talk,105,8,10,Over
3,talk,106,8,14,Over
3,talk,107,8,8,Skip
3,talk,108,9,4,Over
3,talk,109,9,8,VOTE Agent[02]
3,talk,110,9,7,Over
3,talk,111,9,2,Over
3,talk,112,9,11,Over
3,talk,113,9,12,Over
3,talk,114,9,6,Skip
3,talk,115,9,10,Over
3,talk,116,9,5,Skip
3,talk,117,9,14,Over
3,talk,118,9,13,ESTIMATE Agent[14] VILLAGER
3,talk,119,9,1,Over
3,talk,120,10,1,Over
3,talk,121,10,11,ESTIMATE Agent[10] WEREWOLF
3,talk,122,10,4,Over
3,talk,123,10,2,Over
3,talk,124,10,6,Skip
3,talk,125,10,7,Over
3,talk,126,10,13,Over
3,talk,127,10,8,Skip
3,talk,128,10,12,Over
3,talk,129,10,10,Over
3,talk,130,10,14,Over
3,talk,131,10,5,Over
3,talk,132,11,7,Over
3,talk,133,11,1,Over
3,talk,134,11,14,Over
3,talk,135,11,10,Over
3,talk,136,11,11,ESTIMATE Agent[10] WEREWOLF
3,talk,137,11,4,Over
3,talk,138,11,12,Over
3,talk,139,11,2,Over
3,talk,140,11,6,Over
3,talk,141,11,8,Skip
3,talk,142,11,13,Over
3,talk,143,11,5,Over
3,talk,144,12,1,Over
3,talk,145,12,14,Over
3,talk,146,12,6,Over
3,talk,147,12,2,Over
3,talk,148,12,5,Over
3,talk,149,12,10,Over
3,talk,150,12,11,ESTIMATE Agent[10] WEREWOLF
3,talk,151,12,12,Over
3,talk,152,12,4,Over
3,talk,153,12,7,Over
3,talk,154,12,13,Over
3,talk,155,12,8,VOTE Agent[02]
3,talk,156,13,4,Over
3,talk,157,13,12,Over
3,talk,158,13,2,Over
3,talk,159,13,10,Over
3,talk,160,13,1,Over
3,talk,161,13,6,Over
3,talk,162,13,13,Over
3,talk,163,13,7,Over
3,talk,164,13,5,Over
3,talk,165,13,11,VOTE Agent[05]
3,talk,166,13,8,Skip
3,talk,167,13,14,Over
3,talk,168,14,12,Over
3,talk,169,14,1,Over
3,talk,170,14,13,Over
3,talk,171,14,7,Over
3,talk,172,14,5,Over
3,talk,173,14,10,Over
3,talk,174,14,2,Over
3,talk,175,14,14,Over
3,talk,176,14,4,Over
3,talk,177,14,8,Skip
3,talk,178,14,6,Over
3,talk,179,14,11,Over
3,talk,180,15,8,VOTE Agent[02]
3,talk,181,15,5,Over
3,talk,182,15,6,Over
3,talk,183,15,4,Over
3,talk,184,15,10,Over
3,talk,185,15,12,Over
3,talk,186,15,1,Over
3,talk,187,15,14,Over
3,talk,188,15,2,Over
3,talk,189,15,7,Over
3,talk,190,15,11,Over
3,talk,191,15,13,Over
3,talk,192,16,2,Over
3,talk,193,16,13,Over
3,talk,194,16,7,Over
3,talk,195,16,1,Over
3,talk,196,16,6,Over
3,talk,197,16,12,Over
3,talk,198,16,11,Over
3,talk,199,16,14,Over
3,talk,200,16,8,Skip
3,talk,201,16,5,Over
3,talk,202,16,4,Over
3,talk,203,16,10,Over
3,talk,204,17,5,Over
3,talk,205,17,10,Over
3,talk,206,17,6,Over
3,talk,207,17,13,Over
3,talk,208,17,8,Skip
3,talk,209,17,4,Over
3,talk,210,17,2,Over
3,talk,211,17,7,Over
3,talk,212,17,11,Over
3,talk,213,17,1,Over
3,talk,214,17,12,Over
3,talk,215,17,14,Over
3,talk,216,18,10,Over
3,talk,217,18,11,Over
3,talk,218,18,4,Over
3,talk,219,18,14,Over
3,talk,220,18,7,Over
3,talk,221,18,2,Over
3,talk,222,18,12,Over
3,talk,223,18,1,Over
3,talk,224,18,8,VOTE Agent[02]
3,talk,225,18,5,Over
3,talk,226,18,6,Over
3,talk,227,18,13,Over
3,talk,228,19,5,Over
3,talk,229,19,6,Over
3,talk,230,19,8,Skip
3,talk,231,19,13,Over
3,talk,232,19,7,Over
3,talk,233,19,14,Over
3,talk,234,19,12,Over
3,talk,235,19,4,Over
3,talk,236,19,10,Over
3,talk,237,19,2,Over
3,talk,238,19,1,Over
3,talk,239,19,11,Over
3,vote,1,8
3,vote,2,10
3,vote,4,1
3,vote,5,2
3,vote,6,5
3,vote,7,8
3,vote,8,2
3,vote,10,5
3,vote,11,5
3,vote,12,2
3,vote,13,14
3,vote,14,12
3,vote,1,8
3,vote,2,5
3,vote,4,1
3,vote,5,2
3,vote,6,5
3,vote,7,8
3,vote,8,2
3,vote,10,5
3,vote,11,5
3,vote,12,2
3,vote,13,14
3,vote,14,12
3,execute,5,VILLAGER
3,whisper,0,0,10,ATTACK Agent[14]
3,whisper,1,0,8,Skip
3,whisper,2,0,11,Over
3,whisper,3,1,8,ATTACK Agent[02]
3,whisper,4,1,10,REQUEST(ATTACK Agent[14])
3,whisper,5,1,11,Over
3,whisper,6,2,10,Skip
3,whisper,7,2,8,Skip
3,whisper,8,2,11,Over
3,whisper,9,3,11,ATTACK Agent[12]
3,whisper,10,3,8,Skip
3,whisper,11,3,10,Skip
3,whisper,12,4,11,Over
3,whisper,13,4,8,ATTACK Agent[02]
3,whisper,14,4,10,Over
3,whisper,15,5,10,Over
3,whisper,16,5,11,Over
3,whisper,17,5,8,Skip
3,whisper,18,6,11,Over
3,whisper,19,6,10,Over
3,whisper,20,6,8,Skip
3,whisper,21,7,11,ATTACK Agent[06]
3,whisper,22,7,8,ATTACK Agent[02]
3,whisper,23,7,10,Over
3,whisper,24,8,8,Skip
3,whisper,25,8,11,ATTACK Agent[07]
3,whisper,26,8,10,Over
3,whisper,27,9,8,Skip
3,whisper,28,9,11,Over
3,whisper,29,9,10,Over
3,whisper,30,10,8,ATTACK Agent[02]
3,whisper,31,10,11,ATTACK Agent[06]
3,whisper,32,10,10,Over
3,whisper,33,11,11,ATTACK Agent[14]
3,whisper,34,11,8,Skip
3,whisper,35,11,10,Over
3,whisper,36,12,11,ATTACK Agent[06]
3,whisper,37,12,8,Skip
3,whisper,38,12,10,Over
3,whisper,39,13,11,Over
3,whisper,40,13,10,Over
3,whisper,41,13,8,ATTACK Agent[02]
3,whisper,42,14,11,Over
3,whisper,43,14,8,Skip
3,whisper,44,14,10,Over
3,whisper,45,15,11,Over
3,whisper,46,15,8,Skip
3,whisper,47,15,10,Over
3,whisper,48,16,10,Over
3,whisper,49,16,11,ATTACK Agent[12]
3,whisper,50,16,8,ATTACK Agent[02]
3,whisper,51,17,11,Over
3,whisper,52,17,10,Over
3,whisper,53,17,8,Skip
3,whisper,54,18,8,Skip
3,whisper,55,18,10,Over
3,whisper,56,18,11,Over
3,whisper,57,19,10,Over
3,whisper,58,19,11,Over
3,whisper,59,19,8,ATTACK Agent[02]
3,guard,6,2,POSSESSED
3,attackVote,8,2
3,attackVote,10,14
3,attackVote,11,12
3,attackVote,8,2
3,attackVote,10,14
3,attackVote,11,13
3,attack,14,true
4,status,1,VILLAGER,ALIVE,carlo
4,status,2,POSSESSED,ALIVE,m_cre
4,status,3,SEER,DEAD,cndl
4,status,4,MEDIUM,ALIVE,AITKN
4,status,5,VILLAGER,DEAD,aplain
4,status,6,BODYGUARD,ALIVE,takkyubu
4,status,7,VILLAGER,ALIVE,kasuka
4,status,8,WEREWOLF,ALIVE,johnny
4,status,9,VILLAGER,DEAD,hibagon
4,status,10,WEREWOLF,ALIVE,colun
4,status,11,WEREWOLF,ALIVE,wasabi
4,status,12,VILLAGER,ALIVE,Udon
4,status,13,VILLAGER,ALIVE,JuN1Ro
4,status,14,VILLAGER,DEAD,cash
4,status,15,VILLAGER,DEAD,daisyo
4,talk,0,0,6,ESTIMATE Agent[08] WEREWOLF
4,talk,1,0,1,VOTE Agent[08]
4,talk,2,0,11,Skip
4,talk,3,0,10,VOTE Agent[04]
4,talk,4,0,4,VOTE Agent[13]
4,talk,5,0,2,VOTE Agent[10]
4,talk,6,0,7,ESTIMATE Agent[08] WEREWOLF
4,talk,7,0,13,VOTE Agent[06]
4,talk,8,0,8,VOTE Agent[11]
4,talk,9,0,12,VOTE Agent[02]
4,talk,10,1,6,REQUEST(Agent[02] DIVINATION Agent[08])
4,talk,11,1,10,REQUEST(VOTE Agent[04])
4,talk,12,1,8,Skip
4,talk,13,1,13,Over
4,talk,14,1,1,Skip
4,talk,15,1,11,VOTE Agent[08]
4,talk,16,1,4,Skip
4,talk,17,1,12,Over
4,talk,18,1,7,ESTIMATE Agent[14] WEREWOLF
4,talk,19,1,2,Skip
4,talk,20,2,12,Over
4,talk,21,2,2,Skip
4,talk,22,2,1,Skip
4,talk,23,2,11,ESTIMATE Agent[13] VILLAGER
4,talk,24,2,10,Skip
4,talk,25,2,6,VOTE Agent[08]
4,talk,26,2,7,ESTIMATE Agent[13] WEREWOLF
4,talk,27,2,4,Skip
4,talk,28,2,8,Skip
4,talk,29,2,13,Over
4,talk,30,3,13,VOTE Agent[04]
4,talk,31,3,2,Over
4,talk,32,3,12,Over
4,talk,33,3,4,Over
4,talk,34,3,7,VOTE Agent[08]
4,talk,35,3,1,Over
4,talk,36,3,8,VOTE Agent[02]
4,talk,37,3,11,Skip
4,talk,38,3,10,Skip
4,talk,39,3,6,Skip
4,talk,40,4,11,Skip
4,talk,41,4,12,Over
4,talk,42,4,2,Over
4,talk,43,4,10,Over
4,talk,44,4,13,VOTE Agent[10]
4,talk,45,4,7,Skip
4,talk,46,4,1,Over
4,talk,47,4,8,Skip
4,talk,48,4,4,Over
4,talk,49,4,6,Skip
4,talk,50,5,12,Over
4,talk,51,5,1,Over
4,talk,52,5,7,Skip
4,talk,53,5,11,Over
4,talk,54,5,10,Over
4,talk,55,5,4,Over
4,talk,56,5,8,Skip
4,talk,57,5,13,VOTE Agent[04]
4,talk,58,5,2,Over
4,talk,59,5,6,Over
4,talk,60,6,13,Over
4,talk,61,6,12,Over
4,talk,62,6,6,Over
4,talk,63,6,11,ESTIMATE Agent[10] WEREWOLF
4,talk,64,6,2,Over
4,talk,65,6,8,VOTE Agent[02]
4,talk,66,6,7,Over
4,talk,67,6,1,Over
4,talk,68,6,10,Over
4,talk,69,6,4,Over
4,talk,70,7,13,VOTE Agent[12]
4,talk,71,7,6,Over
4,talk,72,7,7,Over
4,talk,73,7,10,Over
4,talk,74,7,11,Over
4,talk,75,7,2,Over
4,talk,76,7,4,Over
4,talk,77,7,12,Over
4,talk,78,7,8,Skip
4,talk,79,7,1,Over
4,talk,80,8,8,Skip
4,talk,81,8,12,Over
4,talk,82,8,13,VOTE Agent[04]
4,talk,83,8,7,Over
4,talk,84,8,11,Over
4,talk,85,8,6,Over
4,talk,86,8,1,Over
4,talk,87,8,10,Over
4,talk,88,8,2,Over
4,talk,89,8,4,Over
4,talk,90,9,11,Over
4,talk,91,9,10,Over
4,talk,92,9,8,VOTE Agent[02]
4,talk,93,9,12,Over
4,talk,94,9,4,Over
4,talk,95,9,6,Over
4,talk,96,9,7,Over
4,talk,97,9,1,Over
4,talk,98,9,2,Over
4,talk,99,9,13,VOTE Agent[12]
4,talk,100,10,2,Over
4,talk,101,10,12,Over
4,talk,102,10,1,Over
4,talk,103,10,10,Over
4,talk,104,10,8,Skip
4,talk,105,10,4,Over
4,talk,106,10,6,Over
4,talk,107,10,13,VOTE Agent[06]
4,talk,108,10,7,Over
4,talk,109,10,11,Over
4,talk,110,11,10,Over
4,talk,111,11,7,Over
4,talk,112,11,8,Skip
4,talk,113,11,6,Over
4,talk,114,11,13,VOTE Agent[04]
4,talk,115,11,12,Over
4,talk,116,11,11,Over
4,talk,117,11,1,Over
4,talk,118,11,2,Over
4,talk,119,11,4,Over
4,talk,120,12,8,VOTE Agent[02]
4,talk,121,12,10,Over
4,talk,122,12,11,Over
4,talk,123,12,1,Over
4,talk,124,12,4,Over
4,talk,125,12,13,VOTE Agent[12]
4,talk,126,12,12,Over
4,talk,127,12,7,Over
4,talk,128,12,2,Over
4,talk,129,12,6,Over
4,talk,130,13,8,Skip
4,talk,131,13,4,Over
4,talk,132,13,2,Over
4,talk,133,13,11,ESTIMATE Agent[01] VILLAGER
4,talk,134,13,7,Over
4,talk,135,13,6,Over
4,talk,136,13,13,Over
4,talk,137,13,12,Over
4,talk,138,13,1,Over
4,talk,139,13,10,Over
4,talk,140,14,13,Over
4,talk,141,14,10,Over
4,talk,142,14,12,Over
4,talk,143,14,2,Over
4,talk,144,14,6,Over
4,talk,145,14,8,Skip
4,talk,146,14,11,ESTIMATE Agent[10] WEREWOLF
4,talk,147,14,4,Over
4,talk,148,14,1,Over
4,talk,149,14,7,Over
4,talk,150,15,11,Over
4,talk,151,15,7,Over
4,talk,152,15,12,Over
4,talk,153,15,10,Over
4,talk,154,15,13,Over
4,talk,155,15,8,VOTE Agent[02]
4,talk,156,15,1,Over
4,talk,157,15,6,Over
4,talk,158,15,4,Over
4,talk,159,15,2,Over
4,talk,160,16,4,Over
4,talk,161,16,1,Over
4,talk,162,16,6,Over
4,talk,163,16,8,Skip
4,talk,164,16,7,Over
4,talk,165,16,13,Over
4,talk,166,16,12,Over
4,talk,167,16,11,Over
4,talk,168,16,10,Over
4,talk,169,16,2,Over
4,talk,170,17,11,Over
4,talk,171,17,4,Over
4,talk,172,17,2,Over
4,talk,173,17,6,Over
4,talk,174,17,13,Over
4,talk,175,17,12,Over
4,talk,176,17,10,Over
4,talk,177,17,8,Skip
4,talk,178,17,7,Over
4,talk,179,17,1,Over
4,talk,180,18,6,Over
4,talk,181,18,11,ESTIMATE Agent[02] WEREWOLF
4,talk,182,18,7,Over
4,talk,183,18,2,Over
4,talk,184,18,1,Over
4,talk,185,18,10,Over
4,talk,186,18,8,VOTE Agent[02]
4,talk,187,18,12,Over
4,talk,188,18,13,Over
4,talk,189,18,4,Over
4,talk,190,19,1,Over
4,talk,191,19,12,Over
4,talk,192,19,11,Over
4,talk,193,19,13,Over
4,talk,194,19,8,Skip
4,talk,195,19,7,Over
4,talk,196,19,4,Over
4,talk,197,19,10,Over
4,talk,198,19,6,Over
4,talk,199,19,2,Over
4,vote,1,8
4,vote,2,10
4,vote,4,13
4,vote,6,8
4,vote,7,8
4,vote,8,2
4,vote,10,4
4,vote,11,8
4,vote,12,2
4,vote,13,4
4,execute,8,WEREWOLF
4,whisper,0,0,10,ATTACK Agent[13]
4,whisper,1,0,11,Over
4,whisper,2,1,11,ATTACK Agent[01]
4,whisper,3,1,10,REQUEST(ATTACK Agent[13])
4,whisper,4,2,11,ATTACK Agent[12]
4,whisper,5,2,10,Skip
4,whisper,6,3,10,Skip
4,whisper,7,3,11,Over
4,whisper,8,4,10,Over
4,whisper,9,4,11,Over
4,guard,6,2,POSSESSED
4,attackVote,10,13
4,attackVote,11,12
4,attackVote,10,13
4,attackVote,11,13
4,attack,13,true
5,status,1,VILLAGER,ALIVE,carlo
5,status,2,POSSESSED,ALIVE,m_cre
5,status,3,SEER,DEAD,cndl
5,status,4,MEDIUM,ALIVE,AITKN
5,status,5,VILLAGER,DEAD,aplain
5,status,6,BODYGUARD,ALIVE,takkyubu
5,status,7,VILLAGER,ALIVE,kasuka
5,status,8,WEREWOLF,DEAD,johnny
5,status,9,VILLAGER,DEAD,hibagon
5,status,10,WEREWOLF,ALIVE,colun
5,status,11,WEREWOLF,ALIVE,wasabi
5,status,12,VILLAGER,ALIVE,Udon
5,status,13,VILLAGER,DEAD,JuN1Ro
5,status,14,VILLAGER,DEAD,cash
5,status,15,VILLAGER,DEAD,daisyo
5,talk,0,0,7,ESTIMATE Agent[04] WEREWOLF
5,talk,1,0,12,VOTE Agent[02]
5,talk,2,0,6,VOTE Agent[11]
5,talk,3,0,10,VOTE Agent[07]
5,talk,4,0,4,COMINGOUT Agent[04] MEDIUM
5,talk,5,0,1,VOTE Agent[04]
5,talk,6,0,11,Skip
5,talk,7,0,2,VOTE Agent[10]
5,talk,8,1,6,Skip
5,talk,9,1,4,IDENTIFIED Agent[03] HUMAN
5,talk,10,1,2,Skip
5,talk,11,1,12,Over
5,talk,12,1,7,ESTIMATE Agent[08] WEREWOLF
5,talk,13,1,1,Skip
5,talk,14,1,10,REQUEST(VOTE Agent[07])
5,talk,15,1,11,Skip
5,talk,16,2,7,ESTIMATE Agent[14] WEREWOLF
5,talk,17,2,4,IDENTIFIED Agent[15] HUMAN
5,talk,18,2,12,Over
5,talk,19,2,10,Skip
5,talk,20,2,6,Skip
5,talk,21,2,2,Skip
5,talk,22,2,11,VOTE Agent[06]
5,talk,23,2,1,VOTE Agent[02]
5,talk,24,3,6,Over
5,talk,25,3,2,Over
5,talk,26,3,7,VOTE Agent[04]
5,talk,27,3,1,Skip
5,talk,28,3,12,Over
5,talk,29,3,10,Skip
5,talk,30,3,11,ESTIMATE Agent[04] MEDIUM
5,talk,31,3,4,IDENTIFIED Agent[05] HUMAN
5,talk,32,4,4,IDENTIFIED Agent[08] WEREWOLF
5,talk,33,4,2,Over
5,talk,34,4,1,Skip
5,talk,35,4,12,Over
5,talk,36,4,7,Skip
5,talk,37,4,11,VOTE Agent[07]
5,talk,38,4,6,Over
5,talk,39,4,10,Over
5,talk,40,5,1,VOTE Agent[10]
5,talk,41,5,4,Skip
5,talk,42,5,6,Over
5,talk,43,5,10,Over
5,talk,44,5,7,Skip
5,talk,45,5,12,Over
5,talk,46,5,2,Over
5,talk,47,5,11,Skip
5,talk,48,6,7,Over
5,talk,49,6,1,Skip
5,talk,50,6,12,Over
5,talk,51,6,2,Over
5,talk,52,6,6,Over
5,talk,53,6,4,Skip
5,talk,54,6,11,VOTE Agent[02]
5,talk,55,6,10,Over
5,talk,56,7,6,Over
5,talk,57,7,10,Over
5,talk,58,7,4,Over
5,talk,59,7,1,Skip
5,talk,60,7,7,Over
5,talk,61,7,2,Over
5,talk,62,7,11,ESTIMATE Agent[02] WEREWOLF
5,talk,63,7,12,Over
5,talk,64,8,7,Over
5,talk,65,8,2,Over
5,talk,66,8,6,Over
5,talk,67,8,11,VOTE Agent[06]
5,talk,68,8,12,Over
5,talk,69,8,10,Over
5,talk,70,8,1,Over
5,talk,71,8,4,Over
5,talk,72,9,7,Over
5,talk,73,9,2,Over
5,talk,74,9,11,Over
5,talk,75,9,4,Over
5,talk,76,9,10,Over
5,talk,77,9,6,Over
5,talk,78,9,1,Over
5,talk,79,9,12,Over
5,vote,1,10
5,vote,2,10
5,vote,4,2
5,vote,6,11
5,vote,7,4
5,vote,10,7
5,vote,11,6
5,vote,12,2
5,vote,1,10
5,vote,2,10
5,vote,4,6
5,vote,6,10
5,vote,7,4
5,vote,10,2
5,vote,11,10
5,vote,12,2
5,execute,10,WEREWOLF
5,guard,6,2,POSSESSED
5,attackVote,11,6
5,attack,6,true
6,status,1,VILLAGER,ALIVE,carlo
6,status,2,POSSESSED,ALIVE,m_cre
6,status,3,SEER,DEAD,cndl
6,status,4,MEDIUM,ALIVE,AITKN
6,status,5,VILLAGER,DEAD,aplain
6,status,6,BODYGUARD,DEAD,takkyubu
6,status,7,VILLAGER,ALIVE,kasuka
6,status,8,WEREWOLF,DEAD,johnny
6,status,9,VILLAGER,DEAD,hibagon
6,status,10,WEREWOLF,DEAD,colun
6,status,11,WEREWOLF,ALIVE,wasabi
6,status,12,VILLAGER,ALIVE,Udon
6,status,13,VILLAGER,DEAD,JuN1Ro
6,status,14,VILLAGER,DEAD,cash
6,status,15,VILLAGER,DEAD,daisyo
6,talk,0,0,4,IDENTIFIED Agent[10] WEREWOLF
6,talk,1,0,2,VOTE Agent[04]
6,talk,2,0,7,ESTIMATE Agent[04] WEREWOLF
6,talk,3,0,11,Skip
6,talk,4,0,1,VOTE Agent[04]
6,talk,5,0,12,VOTE Agent[02]
6,talk,6,1,11,Skip
6,talk,7,1,1,ESTIMATE Agent[04] MEDIUM
6,talk,8,1,12,Over
6,talk,9,1,4,Skip
6,talk,10,1,2,Skip
6,talk,11,1,7,ESTIMATE Agent[08] WEREWOLF
6,talk,12,2,1,VOTE Agent[12]
6,talk,13,2,12,Over
6,talk,14,2,4,Skip
6,talk,15,2,11,VOTE Agent[02]
6,talk,16,2,2,Skip
6,talk,17,2,7,ESTIMATE Agent[11] WEREWOLF
6,talk,18,3,12,Over
6,talk,19,3,4,Over
6,talk,20,3,2,Over
6,talk,21,3,7,VOTE Agent[12]
6,talk,22,3,1,Skip
6,talk,23,3,11,VOTE Agent[01]
6,talk,24,4,11,Skip
6,talk,25,4,4,Over
6,talk,26,4,2,Over
6,talk,27,4,1,Skip
6,talk,28,4,7,Skip
6,talk,29,4,12,Over
6,talk,30,5,4,Over
6,talk,31,5,11,Over
6,talk,32,5,2,Over
6,talk,33,5,1,Over
6,talk,34,5,12,Over
6,talk,35,5,7,Skip
6,talk,36,6,7,Over
6,talk,37,6,1,Over
6,talk,38,6,12,Over
6,talk,39,6,2,Over
6,talk,40,6,11,Over
6,talk,41,6,4,Over
6,vote,1,12
6,vote,2,4
6,vote,4,11
6,vote,7,12
6,vote,11,1
6,vote,12,2
6,execute,12,VILLAGER
6,attackVote,11,1
6,attack,1,true
7,status,1,VILLAGER,DEAD,carlo
7,status,2,POSSESSED,ALIVE,m_cre
7,status,3,SEER,DEAD,cndl
7,status,4,MEDIUM,ALIVE,AITKN
7,status,5,VILLAGER,DEAD,aplain
7,status,6,BODYGUARD,DEAD,takkyubu
7,status,7,VILLAGER,ALIVE,kasuka
7,status,8,WEREWOLF,DEAD,johnny
7,status,9,VILLAGER,DEAD,hibagon
7,status,10,WEREWOLF,DEAD,colun
7,status,11,WEREWOLF,ALIVE,wasabi
7,status,12,VILLAGER,DEAD,Udon
7,status,13,VILLAGER,DEAD,JuN1Ro
7,status,14,VILLAGER,DEAD,cash
7,status,15,VILLAGER,DEAD,daisyo
7,talk,0,0,2,VOTE Agent[04]
7,talk,1,0,11,Skip
7,talk,2,0,4,IDENTIFIED Agent[12] HUMAN
7,talk,3,0,7,ESTIMATE Agent[12] WEREWOLF
7,talk,4,1,11,Skip
7,talk,5,1,4,Skip
7,talk,6,1,2,Skip
7,talk,7,1,7,ESTIMATE Agent[11] WEREWOLF
7,talk,8,2,2,Skip
7,talk,9,2,11,VOTE Agent[02]
7,talk,10,2,7,ESTIMATE Agent[04] WEREWOLF
7,talk,11,2,4,Skip
7,talk,12,3,4,Over
7,talk,13,3,7,VOTE Agent[11]
7,talk,14,3,11,ESTIMATE Agent[02] WEREWOLF
7,talk,15,3,2,Over
7,talk,16,4,11,Skip
7,talk,17,4,2,Over
7,talk,18,4,4,Over
7,talk,19,4,7,Skip
7,talk,20,5,4,Over
7,talk,21,5,2,Over
7,talk,22,5,11,ESTIMATE Agent[02] WEREWOLF
7,talk,23,5,7,Skip
7,talk,24,6,7,Over
7,talk,25,6,4,Over
7,talk,26,6,11,Over
7,talk,27,6,2,Over
7,vote,2,4
7,vote,4,2
7,vote,7,11
7,vote,11,2
7,execute,2,POSSESSED
7,attackVote,11,7
7,attack,7,true
8,status,1,VILLAGER,DEAD,carlo
8,status,2,POSSESSED,DEAD,m_cre
8,status,3,SEER,DEAD,cndl
8,status,4,MEDIUM,ALIVE,AITKN
8,status,5,VILLAGER,DEAD,aplain
8,status,6,BODYGUARD,DEAD,takkyubu
8,status,7,VILLAGER,DEAD,kasuka
8,status,8,WEREWOLF,DEAD,johnny
8,status,9,VILLAGER,DEAD,hibagon
8,status,10,WEREWOLF,DEAD,colun
8,status,11,WEREWOLF,ALIVE,wasabi
8,status,12,VILLAGER,DEAD,Udon
8,status,13,VILLAGER,DEAD,JuN1Ro
8,status,14,VILLAGER,DEAD,cash
8,status,15,VILLAGER,DEAD,daisyo
8,result,1,1,WEREWOLF
