0,status,1,WEREWOLF,ALIVE,carlo
0,status,2,VILLAGER,ALIVE,m_cre
0,status,3,VILLAGER,ALIVE,cndl
0,status,4,VILLAGER,ALIVE,AITKN
0,status,5,VILLAGER,ALIVE,aplain
0,status,6,VILLAGER,ALIVE,takkyubu
0,status,7,SEER,ALIVE,kasuka
0,status,8,WEREWOLF,ALIVE,johnny
0,status,9,BODYGUARD,ALIVE,hibagon
0,status,10,POSSESSED,ALIVE,colun
0,status,11,VILLAGER,ALIVE,wasabi
0,status,12,MEDIUM,ALIVE,Udon
0,status,13,WEREWOLF,ALIVE,JuN1Ro
0,status,14,VILLAGER,ALIVE,cash
0,status,15,VILLAGER,ALIVE,daisyo
0,whisper,0,0,13,ATTACK Agent[03]
0,whisper,1,0,8,Skip
0,whisper,2,0,1,COMINGOUT Agent[01] VILLAGER
0,whisper,3,1,8,ATTACK Agent[02]
0,whisper,4,1,1,ATTACK Agent[03]
0,whisper,5,1,13,Over
0,whisper,6,2,1,ATTACK Agent[02]
0,whisper,7,2,8,Skip
0,whisper,8,2,13,Over
0,whisper,9,3,13,Over
0,whisper,10,3,1,Over
0,whisper,11,3,8,Skip
0,whisper,12,4,8,ATTACK Agent[02]
0,whisper,13,4,1,Over
0,whisper,14,4,13,Over
0,whisper,15,5,1,Over
0,whisper,16,5,8,Skip
0,whisper,17,5,13,Over
0,whisper,18,6,13,Over
0,whisper,19,6,1,Over
0,whisper,20,6,8,Skip
0,whisper,21,7,1,Over
0,whisper,22,7,13,Over
0,whisper,23,7,8,ATTACK Agent[02]
0,whisper,24,8,8,Skip
0,whisper,25,8,1,Over
0,whisper,26,8,13,Over
0,whisper,27,9,8,Skip
0,whisper,28,9,13,Over
0,whisper,29,9,1,Over
0,whisper,30,10,13,Over
0,whisper,31,10,1,Over
0,whisper,32,10,8,ATTACK Agent[02]
0,whisper,33,11,1,Over
0,whisper,34,11,8,Skip
0,whisper,35,11,13,Over
0,whisper,36,12,13,Over
0,whisper,37,12,8,Skip
0,whisper,38,12,1,Over
0,whisper,39,13,8,ATTACK Agent[02]
0,whisper,40,13,13,Over
0,whisper,41,13,1,Over
0,whisper,42,14,8,Skip
0,whisper,43,14,1,Over
0,whisper,44,14,13,Over
0,whisper,45,15,13,Over
0,whisper,46,15,8,Skip
0,whisper,47,15,1,Over
0,whisper,48,16,1,Over
0,whisper,49,16,13,Over
0,whisper,50,16,8,ATTACK Agent[02]
0,whisper,51,17,13,Over
0,whisper,52,17,8,Skip
0,whisper,53,17,1,Over
0,whisper,54,18,8,Skip
0,whisper,55,18,13,Over
0,whisper,56,18,1,Over
0,whisper,57,19,1,Over
0,whisper,58,19,13,Over
0,whisper,59,19,8,ATTACK Agent[02]
0,divine,7,6,HUMAN
1,status,1,WEREWOLF,ALIVE,carlo
1,status,2,VILLAGER,ALIVE,m_cre
1,status,3,VILLAGER,ALIVE,cndl
1,status,4,VILLAGER,ALIVE,AITKN
1,status,5,VILLAGER,ALIVE,aplain
1,status,6,VILLAGER,ALIVE,takkyubu
1,status,7,SEER,ALIVE,kasuka
1,status,8,WEREWOLF,ALIVE,johnny
1,status,9,BODYGUARD,ALIVE,hibagon
1,status,10,POSSESSED,ALIVE,colun
1,status,11,VILLAGER,ALIVE,wasabi
1,status,12,MEDIUM,ALIVE,Udon
1,status,13,WEREWOLF,ALIVE,JuN1Ro
1,status,14,VILLAGER,ALIVE,cash
1,status,15,VILLAGER,ALIVE,daisyo
1,talk,0,0,2,VOTE Agent[15]
1,talk,1,0,4,VOTE Agent[09]
1,talk,2,0,1,VOTE Agent[02]
1,talk,3,0,11,VOTE Agent[13]
1,talk,4,0,5,VOTE Agent[13]
1,talk,5,0,7,COMINGOUT Agent[07] SEER
1,talk,6,0,6,VOTE Agent[04]
1,talk,7,0,13,VOTE Agent[02]
1,talk,8,0,3,VOTE Agent[02]
1,talk,9,0,9,VOTE Agent[12]
1,talk,10,0,14,VOTE Agent[06]
1,talk,11,0,12,COMINGOUT Agent[12] MEDIUM
1,talk,12,0,8,VOTE Agent[13]
1,talk,13,0,15,VOTE Agent[01]
1,talk,14,0,10,COMINGOUT Agent[10] SEER
1,talk,15,1,10,DIVINED Agent[15] HUMAN
1,talk,16,1,5,Skip
1,talk,17,1,2,VOTE Agent[07]
1,talk,18,1,3,Skip
1,talk,19,1,4,VOTE Agent[13]
1,talk,20,1,12,VOTE Agent[13]
1,talk,21,1,13,ESTIMATE Agent[02] WEREWOLF
1,talk,22,1,15,ESTIMATE Agent[12] VILLAGER
1,talk,23,1,8,VOTE Agent[12]
1,talk,24,1,14,VOTE Agent[03]
1,talk,25,1,11,Skip
1,talk,26,1,9,Skip
1,talk,27,1,7,DIVINED Agent[06] HUMAN
1,talk,28,1,6,Skip
1,talk,29,1,1,Skip
1,talk,30,2,15,Skip
1,talk,31,2,13,Over
1,talk,32,2,11,ESTIMATE Agent[10] WEREWOLF
1,talk,33,2,7,Skip
1,talk,34,2,8,Skip
1,talk,35,2,3,VOTE Agent[11]
1,talk,36,2,6,ESTIMATE Agent[07] SEER
1,talk,37,2,12,Over
1,talk,38,2,9,ESTIMATE Agent[07] SEER
1,talk,39,2,2,Skip
1,talk,40,2,14,Skip
1,talk,41,2,4,Skip
1,talk,42,2,5,ESTIMATE Agent[10] SEER
1,talk,43,2,10,REQUEST(VOTE Agent[11])
1,talk,44,2,1,Skip
1,talk,45,3,4,Skip
1,talk,46,3,7,Skip
1,talk,47,3,2,Skip
1,talk,48,3,6,Skip
1,talk,49,3,15,Skip
1,talk,50,3,11,Skip
1,talk,51,3,5,Skip
1,talk,52,3,1,Over
1,talk,53,3,12,Over
1,talk,54,3,10,VOTE Agent[07]
1,talk,55,3,8,Skip
1,talk,56,3,3,VOTE Agent[08]
1,talk,57,3,14,Skip
1,talk,58,3,9,Skip
1,talk,59,3,13,Over
1,talk,60,4,8,VOTE Agent[07]
1,talk,61,4,14,Over
1,talk,62,4,2,Over
1,talk,63,4,1,Over
1,talk,64,4,3,Skip
1,talk,65,4,6,Skip
1,talk,66,4,9,Skip
1,talk,67,4,15,Over
1,talk,68,4,11,ESTIMATE Agent[07] WEREWOLF
1,talk,69,4,5,Skip
1,talk,70,4,10,REQUEST(VOTE Agent[07])
1,talk,71,4,4,REQUEST(DIVINATION Agent[02])
1,talk,72,4,7,Over
1,talk,73,4,12,Over
1,talk,74,4,13,VOTE Agent[07]
1,talk,75,5,10,Skip
1,talk,76,5,7,Over
1,talk,77,5,12,Over
1,talk,78,5,4,Skip
1,talk,79,5,11,Skip
1,talk,80,5,8,Skip
1,talk,81,5,5,Over
1,talk,82,5,15,Over
1,talk,83,5,6,Over
1,talk,84,5,3,Skip
1,talk,85,5,1,Over
1,talk,86,5,2,Over
1,talk,87,5,13,Over
1,talk,88,5,14,Over
1,talk,89,5,9,Over
1,talk,90,6,9,Over
1,talk,91,6,13,ESTIMATE Agent[07] WEREWOLF
1,talk,92,6,5,Over
1,talk,93,6,11,ESTIMATE Agent[10] WEREWOLF
1,talk,94,6,12,Over
1,talk,95,6,7,Over
1,talk,96,6,1,Over
1,talk,97,6,2,Over
1,talk,98,6,10,Skip
1,talk,99,6,3,Over
1,talk,100,6,6,Over
1,talk,101,6,4,Skip
1,talk,102,6,8,Skip
1,talk,103,6,15,ESTIMATE Agent[12] VILLAGER
1,talk,104,6,14,Over
1,talk,105,7,15,Over
1,talk,106,7,2,Over
1,talk,107,7,10,Over
1,talk,108,7,5,Over
1,talk,109,7,13,Over
1,talk,110,7,8,VOTE Agent[12]
1,talk,111,7,1,Over
1,talk,112,7,7,Over
1,talk,113,7,9,Over
1,talk,114,7,6,Over
1,talk,115,7,11,Over
1,talk,116,7,3,Over
1,talk,117,7,12,Over
1,talk,118,7,14,Over
1,talk,119,7,4,Over
1,talk,120,8,11,Over
1,talk,121,8,9,Over
1,talk,122,8,4,Over
1,talk,123,8,10,Over
1,talk,124,8,6,Over
1,talk,125,8,1,Over
1,talk,126,8,7,Over
1,talk,127,8,8,Skip
1,talk,128,8,3,Over
1,talk,129,8,12,Over
1,talk,130,8,15,ESTIMATE Agent[12] VILLAGER
1,talk,131,8,14,Over
1,talk,132,8,5,Over
1,talk,133,8,13,Over
1,talk,134,8,2,Over
1,talk,135,9,15,ESTIMATE Agent[12] VILLAGER
1,talk,136,9,4,Over
1,talk,137,9,1,Over
1,talk,138,9,3,Over
1,talk,139,9,14,Over
1,talk,140,9,8,Skip
1,talk,141,9,6,Over
1,talk,142,9,9,Over
1,talk,143,9,5,Over
1,talk,144,9,13,ESTIMATE Agent[07] WEREWOLF
1,talk,145,9,10,Over
1,talk,146,9,11,ESTIMATE Agent[10] WEREWOLF
1,talk,147,9,2,Over
1,talk,148,9,7,Over
1,talk,149,9,12,Over
1,talk,150,10,7,Over
1,talk,151,10,9,Over
1,talk,152,10,5,Over
1,talk,153,10,4,Over
1,talk,154,10,13,Over
1,talk,155,10,3,Over
1,talk,156,10,11,ESTIMATE Agent[10] WEREWOLF
1,talk,157,10,15,Over
1,talk,158,10,1,Over
1,talk,159,10,10,Over
1,talk,160,10,8,VOTE Agent[12]
1,talk,161,10,14,Over
1,talk,162,10,6,Over
1,talk,163,10,2,Over
1,talk,164,10,12,Over
1,talk,165,11,11,Over
1,talk,166,11,13,Over
1,talk,167,11,3,Over
1,talk,168,11,4,Over
1,talk,169,11,2,Over
1,talk,170,11,7,Over
1,talk,171,11,12,Over
1,talk,172,11,15,Over
1,talk,173,11,1,Over
1,talk,174,11,10,Over
1,talk,175,11,8,Skip
1,talk,176,11,9,Over
1,talk,177,11,5,Over
1,talk,178,11,14,Over
1,talk,179,11,6,Over
1,talk,180,12,13,Over
1,talk,181,12,3,Over
1,talk,182,12,7,Over
1,talk,183,12,15,Over
1,talk,184,12,9,Over
1,talk,185,12,6,Over
1,talk,186,12,4,Over
1,talk,187,12,5,Over
1,talk,188,12,8,Skip
1,talk,189,12,2,Over
1,talk,190,12,11,ESTIMATE Agent[03] WEREWOLF
1,talk,191,12,14,Over
1,talk,192,12,10,Over
1,talk,193,12,12,Over
1,talk,194,12,1,Over
1,talk,195,13,9,Over
1,talk,196,13,5,Over
1,talk,197,13,7,Over
1,talk,198,13,12,Over
1,talk,199,13,1,Over
1,talk,200,13,4,Over
1,talk,201,13,14,Over
1,talk,202,13,8,VOTE Agent[12]
1,talk,203,13,3,Over
1,talk,204,13,13,Over
1,talk,205,13,6,Over
1,talk,206,13,2,Over
1,talk,207,13,11,VOTE Agent[02]
1,talk,208,13,10,Over
1,talk,209,13,15,Over
1,talk,210,14,15,Over
1,talk,211,14,13,Over
1,talk,212,14,14,Over
1,talk,213,14,10,Over
1,talk,214,14,3,Over
1,talk,215,14,11,Over
1,talk,216,14,9,Over
1,talk,217,14,4,Over
1,talk,218,14,5,Over
1,talk,219,14,7,Over
1,talk,220,14,8,Skip
1,talk,221,14,2,Over
1,talk,222,14,6,Over
1,talk,223,14,1,Over
1,talk,224,14,12,Over
1,talk,225,15,8,Skip
1,talk,226,15,3,Over
1,talk,227,15,7,Over
1,talk,228,15,6,Over
1,talk,229,15,4,Over
1,talk,230,15,2,Over
1,talk,231,15,10,Over
1,talk,232,15,15,Over
1,talk,233,15,11,ESTIMATE Agent[09] WEREWOLF
1,talk,234,15,14,Over
1,talk,235,15,1,Over
1,talk,236,15,9,Over
1,talk,237,15,13,Over
1,talk,238,15,12,Over
1,talk,239,15,5,Over
1,talk,240,16,9,Over
1,talk,241,16,8,VOTE Agent[12]
1,talk,242,16,1,Over
1,talk,243,16,15,Over
1,talk,244,16,6,Over
1,talk,245,16,12,Over
1,talk,246,16,10,Over
1,talk,247,16,7,Over
1,talk,248,16,2,Over
1,talk,249,16,3,Over
1,talk,250,16,4,Over
1,talk,251,16,14,Over
1,talk,252,16,11,ESTIMATE Agent[03] WEREWOLF
1,talk,253,16,5,Over
1,talk,254,16,13,Over
1,talk,255,17,8,Skip
1,talk,256,17,1,Over
1,talk,257,17,15,Over
1,talk,258,17,14,Over
1,talk,259,17,2,Over
1,talk,260,17,5,Over
1,talk,261,17,12,Over
1,talk,262,17,4,VOTE Agent[12]
1,talk,263,17,11,Over
1,talk,264,17,6,Over
1,talk,265,17,10,Over
1,talk,266,17,9,Over
1,talk,267,17,3,Over
1,talk,268,17,13,Over
1,talk,269,17,7,Over
1,talk,270,18,10,Over
1,talk,271,18,4,Skip
1,talk,272,18,6,Over
1,talk,273,18,5,Over
1,talk,274,18,8,Skip
1,talk,275,18,3,Over
1,talk,276,18,14,Over
1,talk,277,18,9,Over
1,talk,278,18,2,Over
1,talk,279,18,13,VOTE Agent[12]
1,talk,280,18,12,Over
1,talk,281,18,7,Over
1,talk,282,18,1,Over
1,talk,283,18,15,Over
1,talk,284,18,11,Over
1,talk,285,19,2,Over
1,talk,286,19,15,Over
1,talk,287,19,10,Over
1,talk,288,19,8,VOTE Agent[12]
1,talk,289,19,9,Over
1,talk,290,19,12,Over
1,talk,291,19,14,Over
1,talk,292,19,1,Over
1,talk,293,19,6,Over
1,talk,294,19,13,Over
1,talk,295,19,5,Over
1,talk,296,19,4,Skip
1,talk,297,19,7,Over
1,talk,298,19,3,Over
1,talk,299,19,11,Over
1,vote,1,12
1,vote,2,7
1,vote,3,8
1,vote,4,12
1,vote,5,13
1,vote,6,4
1,vote,7,6
1,vote,8,12
1,vote,9,12
1,vote,10,7
1,vote,11,2
1,vote,12,13
1,vote,13,12
1,vote,14,3
1,vote,15,1
1,execute,12,MEDIUM
1,divine,7,10,HUMAN
1,whisper,0,0,1,ATTACK Agent[15]
1,whisper,1,0,13,ATTACK Agent[10]
1,whisper,2,0,8,Skip
1,whisper,3,1,8,ATTACK Agent[07]
1,whisper,4,1,1,ATTACK Agent[10]
1,whisper,5,1,13,Over
1,whisper,6,2,8,Skip
1,whisper,7,2,1,ATTACK Agent[07]
1,whisper,8,2,13,Over
1,whisper,9,3,13,Over
1,whisper,10,3,8,Skip
1,whisper,11,3,1,Over
1,whisper,12,4,13,Over
1,whisper,13,4,8,ATTACK Agent[07]
1,whisper,14,4,1,Over
1,whisper,15,5,1,Over
1,whisper,16,5,13,Over
1,whisper,17,5,8,Skip
1,whisper,18,6,1,Over
1,whisper,19,6,8,Skip
1,whisper,20,6,13,Over
1,whisper,21,7,8,ATTACK Agent[07]
1,whisper,22,7,1,Over
1,whisper,23,7,13,Over
1,whisper,24,8,1,Over
1,whisper,25,8,8,Skip
1,whisper,26,8,13,Over
1,whisper,27,9,1,Over
1,whisper,28,9,8,Skip
1,whisper,29,9,13,Over
1,whisper,30,10,1,Over
1,whisper,31,10,13,Over
1,whisper,32,10,8,ATTACK Agent[07]
1,whisper,33,11,8,Skip
1,whisper,34,11,13,Over
1,whisper,35,11,1,Over
1,whisper,36,12,13,Over
1,whisper,37,12,1,Over
1,whisper,38,12,8,Skip
1,whisper,39,13,8,ATTACK Agent[07]
1,whisper,40,13,13,Over
1,whisper,41,13,1,Over
1,whisper,42,14,8,Skip
1,whisper,43,14,1,Over
1,whisper,44,14,13,Over
1,whisper,45,15,8,Skip
1,whisper,46,15,1,Over
1,whisper,47,15,13,Over
1,whisper,48,16,1,Over
1,whisper,49,16,8,ATTACK Agent[07]
1,whisper,50,16,13,Over
1,whisper,51,17,13,Over
1,whisper,52,17,1,Over
1,whisper,53,17,8,Skip
1,whisper,54,18,8,Skip
1,whisper,55,18,1,Over
1,whisper,56,18,13,Over
1,whisper,57,19,8,ATTACK Agent[07]
1,whisper,58,19,13,Over
1,whisper,59,19,1,Over
1,guard,9,7,SEER
1,attackVote,1,7
1,attackVote,8,7
1,attackVote,13,10
1,attack,7,false
2,status,1,WEREWOLF,ALIVE,carlo
2,status,2,VILLAGER,ALIVE,m_cre
2,status,3,VILLAGER,ALIVE,cndl
2,status,4,VILLAGER,ALIVE,AITKN
2,status,5,VILLAGER,ALIVE,aplain
2,status,6,VILLAGER,ALIVE,takkyubu
2,status,7,SEER,ALIVE,kasuka
2,status,8,WEREWOLF,ALIVE,johnny
2,status,9,BODYGUARD,ALIVE,hibagon
2,status,10,POSSESSED,ALIVE,colun
2,status,11,VILLAGER,ALIVE,wasabi
2,status,12,MEDIUM,DEAD,Udon
2,status,13,WEREWOLF,ALIVE,JuN1Ro
2,status,14,VILLAGER,ALIVE,cash
2,status,15,VILLAGER,ALIVE,daisyo
2,talk,0,0,2,VOTE Agent[10]
2,talk,1,0,13,VOTE Agent[04]
2,talk,2,0,5,VOTE Agent[13]
2,talk,3,0,11,Skip
2,talk,4,0,1,VOTE Agent[02]
2,talk,5,0,7,DIVINED Agent[10] HUMAN
2,talk,6,0,14,VOTE Agent[03]
2,talk,7,0,15,VOTE Agent[09]
2,talk,8,0,8,VOTE Agent[13]
2,talk,9,0,9,VOTE Agent[10]
2,talk,10,0,6,VOTE Agent[13]
2,talk,11,0,3,VOTE Agent[08]
2,talk,12,0,10,DIVINED Agent[14] WEREWOLF
2,talk,13,0,4,VOTE Agent[07]
2,talk,14,1,13,VOTE Agent[10]
2,talk,15,1,7,Skip
2,talk,16,1,9,ESTIMATE Agent[14] WEREWOLF
2,talk,17,1,11,Skip
2,talk,18,1,2,VOTE Agent[14]
2,talk,19,1,15,VOTE Agent[14]
2,talk,20,1,3,Skip
2,talk,21,1,8,VOTE Agent[10]
2,talk,22,1,14,VOTE Agent[11]
2,talk,23,1,4,ESTIMATE Agent[10] POSSESSED
2,talk,24,1,6,ESTIMATE Agent[14] WEREWOLF
2,talk,25,1,1,Skip
2,talk,26,1,5,ESTIMATE Agent[14] WEREWOLF
2,talk,27,1,10,VOTE Agent[14]
2,talk,28,2,14,VOTE Agent[08]
2,talk,29,2,1,Skip
2,talk,30,2,13,Over
2,talk,31,2,8,Skip
2,talk,32,2,9,REQUEST(Agent[07] DIVINATION Agent[14])
2,talk,33,2,3,VOTE Agent[14]
2,talk,34,2,6,REQUEST(Agent[07] DIVINATION Agent[14])
2,talk,35,2,7,Skip
2,talk,36,2,4,VOTE Agent[13]
2,talk,37,2,11,Over
2,talk,38,2,2,Skip
2,talk,39,2,15,Skip
2,talk,40,2,10,REQUEST(VOTE Agent[14])
2,talk,41,2,5,REQUEST(Agent[10] DIVINATION Agent[14])
2,talk,42,3,11,VOTE Agent[14]
2,talk,43,3,1,Over
2,talk,44,3,4,VOTE Agent[10]
2,talk,45,3,2,Skip
2,talk,46,3,15,Skip
2,talk,47,3,13,VOTE Agent[14]
2,talk,48,3,9,VOTE Agent[14]
2,talk,49,3,3,Skip
2,talk,50,3,5,VOTE Agent[14]
2,talk,51,3,10,Skip
2,talk,52,3,6,VOTE Agent[14]
2,talk,53,3,14,Skip
2,talk,54,3,7,Over
2,talk,55,3,8,Skip
2,talk,56,4,5,Skip
2,talk,57,4,15,ESTIMATE Agent[10] VILLAGER
2,talk,58,4,9,Skip
2,talk,59,4,11,ESTIMATE Agent[10] WEREWOLF
2,talk,60,4,1,Over
2,talk,61,4,3,Skip
2,talk,62,4,14,VOTE Agent[15]
2,talk,63,4,6,Skip
2,talk,64,4,10,Skip
2,talk,65,4,7,Over
2,talk,66,4,13,Over
2,talk,67,4,4,VOTE Agent[14]
2,talk,68,4,8,VOTE Agent[10]
2,talk,69,4,2,Over
2,talk,70,5,10,Over
2,talk,71,5,13,ESTIMATE Agent[14] WEREWOLF
2,talk,72,5,15,Skip
2,talk,73,5,6,Skip
2,talk,74,5,4,VOTE Agent[14]
2,talk,75,5,9,Skip
2,talk,76,5,7,Over
2,talk,77,5,11,Over
2,talk,78,5,1,Over
2,talk,79,5,3,Over
2,talk,80,5,2,Over
2,talk,81,5,8,Skip
2,talk,82,5,5,Skip
2,talk,83,5,14,Skip
2,talk,84,6,6,Over
2,talk,85,6,2,Over
2,talk,86,6,14,Skip
2,talk,87,6,11,ESTIMATE Agent[10] WEREWOLF
2,talk,88,6,15,ESTIMATE Agent[10] VILLAGER
2,talk,89,6,8,Skip
2,talk,90,6,10,Over
2,talk,91,6,5,Over
2,talk,92,6,1,Over
2,talk,93,6,7,Over
2,talk,94,6,9,Over
2,talk,95,6,4,REQUEST(DIVINATION Agent[02])
2,talk,96,6,3,Over
2,talk,97,6,13,Over
2,talk,98,7,15,ESTIMATE Agent[10] VILLAGER
2,talk,99,7,10,Over
2,talk,100,7,6,Over
2,talk,101,7,14,Over
2,talk,102,7,5,Over
2,talk,103,7,3,Over
2,talk,104,7,13,Over
2,talk,105,7,9,Over
2,talk,106,7,7,Over
2,talk,107,7,11,ESTIMATE Agent[06] VILLAGER
2,talk,108,7,4,Skip
2,talk,109,7,1,Over
2,talk,110,7,8,VOTE Agent[10]
2,talk,111,7,2,Over
2,talk,112,8,10,Over
2,talk,113,8,7,Over
2,talk,114,8,8,Skip
2,talk,115,8,3,Over
2,talk,116,8,14,Over
2,talk,117,8,2,Over
2,talk,118,8,6,Over
2,talk,119,8,15,ESTIMATE Agent[10] VILLAGER
2,talk,120,8,5,Over
2,talk,121,8,4,Skip
2,talk,122,8,9,Over
2,talk,123,8,13,ESTIMATE Agent[14] WEREWOLF
2,talk,124,8,11,ESTIMATE Agent[07] WEREWOLF
2,talk,125,8,1,Over
2,talk,126,9,4,Over
2,talk,127,9,5,Over
2,talk,128,9,1,Over
2,talk,129,9,6,Over
2,talk,130,9,2,Over
2,talk,131,9,11,ESTIMATE Agent[14] WEREWOLF
2,talk,132,9,8,Skip
2,talk,133,9,3,Over
2,talk,134,9,15,Over
2,talk,135,9,7,Over
2,talk,136,9,10,Over
2,talk,137,9,14,Over
2,talk,138,9,13,Over
2,talk,139,9,9,Over
2,talk,140,10,10,Over
2,talk,141,10,9,Over
2,talk,142,10,2,Over
2,talk,143,10,5,Over
2,talk,144,10,14,Over
2,talk,145,10,6,Over
2,talk,146,10,7,Over
2,talk,147,10,8,VOTE Agent[10]
2,talk,148,10,13,Over
2,talk,149,10,15,Over
2,talk,150,10,4,Over
2,talk,151,10,3,Over
2,talk,152,10,11,ESTIMATE Agent[14] WEREWOLF
2,talk,153,10,1,Over
2,talk,154,11,5,Over
2,talk,155,11,9,Over
2,talk,156,11,2,Over
2,talk,157,11,7,Over
2,talk,158,11,8,Skip
2,talk,159,11,15,Over
2,talk,160,11,10,Over
2,talk,161,11,11,Over
2,talk,162,11,1,Over
2,talk,163,11,3,Over
2,talk,164,11,14,Over
2,talk,165,11,4,Over
2,talk,166,11,6,Over
2,talk,167,11,13,Over
2,talk,168,12,11,ESTIMATE Agent[07] WEREWOLF
2,talk,169,12,8,Skip
2,talk,170,12,7,Over
2,talk,171,12,3,Over
2,talk,172,12,13,Over
2,talk,173,12,9,Over
2,talk,174,12,6,Over
2,talk,175,12,14,Over
2,talk,176,12,5,Over
2,talk,177,12,2,Over
2,talk,178,12,10,Over
2,talk,179,12,15,Over
2,talk,180,12,1,Over
2,talk,181,12,4,Over
2,talk,182,13,4,Over
2,talk,183,13,10,Over
2,talk,184,13,1,Over
2,talk,185,13,9,Over
2,talk,186,13,15,Over
2,talk,187,13,6,Over
2,talk,188,13,7,Over
2,talk,189,13,13,Over
2,talk,190,13,11,Over
2,talk,191,13,14,Over
2,talk,192,13,3,Over
2,talk,193,13,5,Over
2,talk,194,13,2,Over
2,talk,195,13,8,VOTE Agent[10]
2,talk,196,14,11,ESTIMATE Agent[07] WEREWOLF
2,talk,197,14,4,Over
2,talk,198,14,9,Over
2,talk,199,14,15,Over
2,talk,200,14,3,Over
2,talk,201,14,2,Over
2,talk,202,14,1,Over
2,talk,203,14,13,Over
2,talk,204,14,8,Skip
2,talk,205,14,7,Over
2,talk,206,14,5,Over
2,talk,207,14,10,Over
2,talk,208,14,14,Over
2,talk,209,14,6,Over
2,talk,210,15,3,Over
2,talk,211,15,5,Over
2,talk,212,15,15,Over
2,talk,213,15,9,Over
2,talk,214,15,11,ESTIMATE Agent[07] WEREWOLF
2,talk,215,15,7,Over
2,talk,216,15,14,Over
2,talk,217,15,4,Over
2,talk,218,15,10,Over
2,talk,219,15,13,Over
2,talk,220,15,2,Over
2,talk,221,15,8,Skip
2,talk,222,15,6,Over
2,talk,223,15,1,Over
2,talk,224,16,1,Over
2,talk,225,16,7,Over
2,talk,226,16,14,Over
2,talk,227,16,13,Over
2,talk,228,16,5,Over
2,talk,229,16,2,Over
2,talk,230,16,10,Over
2,talk,231,16,15,Over
2,talk,232,16,8,VOTE Agent[10]
2,talk,233,16,4,Over
2,talk,234,16,3,Over
2,talk,235,16,9,Over
2,talk,236,16,11,Over
2,talk,237,16,6,Over
2,talk,238,17,15,Over
2,talk,239,17,8,Skip
2,talk,240,17,2,Over
2,talk,241,17,5,Over
2,talk,242,17,3,Over
2,talk,243,17,7,Over
2,talk,244,17,1,Over
2,talk,245,17,10,Over
2,talk,246,17,11,Over
2,talk,247,17,9,Over
2,talk,248,17,4,Over
2,talk,249,17,6,Over
2,talk,250,17,14,Over
2,talk,251,17,13,Over
2,talk,252,18,4,Over
2,talk,253,18,9,Over
2,talk,254,18,10,Over
2,talk,255,18,6,Over
2,talk,256,18,7,Over
2,talk,257,18,5,Over
2,talk,258,18,11,Over
2,talk,259,18,8,Skip
2,talk,260,18,15,Over
2,talk,261,18,13,Over
2,talk,262,18,1,Over
2,talk,263,18,14,Over
2,talk,264,18,2,Over
2,talk,265,18,3,Over
2,talk,266,19,6,Over
2,talk,267,19,10,Over
2,talk,268,19,2,Over
2,talk,269,19,4,Over
2,talk,270,19,15,Over
2,talk,271,19,13,Over
2,talk,272,19,11,Over
2,talk,273,19,7,Over
2,talk,274,19,3,Over
2,talk,275,19,5,Over
2,talk,276,19,8,VOTE Agent[10]
2,talk,277,19,1,Over
2,talk,278,19,14,Over
2,talk,279,19,9,Over
2,vote,1,14
2,vote,2,14
2,vote,3,14
2,vote,4,14
2,vote,5,14
2,vote,6,14
2,vote,7,5
2,vote,8,10
2,vote,9,14
2,vote,10,14
2,vote,11,14
2,vote,13,14
2,vote,14,15
2,vote,15,14
2,execute,14,VILLAGER
2,divine,7,15,HUMAN
2,whisper,0,0,8,Skip
2,whisper,1,0,1,ATTACK Agent[07]
2,whisper,2,0,13,ATTACK Agent[07]
2,whisper,3,1,13,Over
2,whisper,4,1,1,ESTIMATE Agent[07] SEER
2,whisper,5,1,8,Skip
2,whisper,6,2,1,ESTIMATE Agent[10] POSSESSED
2,whisper,7,2,8,ATTACK Agent[10]
2,whisper,8,2,13,Over
2,whisper,9,3,8,Skip
2,whisper,10,3,13,Over
2,whisper,11,3,1,ESTIMATE Agent[12] MEDIUM
2,whisper,12,4,8,Skip
2,whisper,13,4,13,Over
2,whisper,14,4,1,Over
2,whisper,15,5,1,Over
2,whisper,16,5,13,Over
2,whisper,17,5,8,ATTACK Agent[10]
2,whisper,18,6,1,Over
2,whisper,19,6,13,Over
2,whisper,20,6,8,Skip
2,whisper,21,7,13,Over
2,whisper,22,7,1,Over
2,whisper,23,7,8,Skip
2,whisper,24,8,13,Over
2,whisper,25,8,1,Over
2,whisper,26,8,8,ATTACK Agent[10]
2,whisper,27,9,1,Over
2,whisper,28,9,13,Over
2,whisper,29,9,8,Skip
2,whisper,30,10,8,Skip
2,whisper,31,10,13,Over
2,whisper,32,10,1,Over
2,whisper,33,11,8,ATTACK Agent[10]
2,whisper,34,11,13,Over
2,whisper,35,11,1,Over
2,whisper,36,12,1,Over
2,whisper,37,12,8,Skip
2,whisper,38,12,13,Over
2,whisper,39,13,1,Over
2,whisper,40,13,13,Over
2,whisper,41,13,8,Skip
2,whisper,42,14,8,ATTACK Agent[10]
2,whisper,43,14,13,Over
2,whisper,44,14,1,Over
2,whisper,45,15,13,Over
2,whisper,46,15,1,Over
2,whisper,47,15,8,Skip
2,whisper,48,16,8,Skip
2,whisper,49,16,13,Over
2,whisper,50,16,1,Over
2,whisper,51,17,1,Over
2,whisper,52,17,13,Over
2,whisper,53,17,8,ATTACK Agent[10]
2,whisper,54,18,1,Over
2,whisper,55,18,8,Skip
2,whisper,56,18,13,Over
2,whisper,57,19,13,Over
2,whisper,58,19,1,Over
2,whisper,59,19,8,Skip
2,guard,9,7,SEER
2,attackVote,1,7
2,attackVote,8,10
2,attackVote,13,7
2,attack,7,false
3,status,1,WEREWOLF,ALIVE,carlo
3,status,2,VILLAGER,ALIVE,m_cre
3,status,3,VILLAGER,ALIVE,cndl
3,status,4,VILLAGER,ALIVE,AITKN
3,status,5,VILLAGER,ALIVE,aplain
3,status,6,VILLAGER,ALIVE,takkyubu
3,status,7,SEER,ALIVE,kasuka
3,status,8,WEREWOLF,ALIVE,johnny
3,status,9,BODYGUARD,ALIVE,hibagon
3,status,10,POSSESSED,ALIVE,colun
3,status,11,VILLAGER,ALIVE,wasabi
3,status,12,MEDIUM,DEAD,Udon
3,status,13,WEREWOLF,ALIVE,JuN1Ro
3,status,14,VILLAGER,DEAD,cash
3,status,15,VILLAGER,ALIVE,daisyo
3,talk,0,0,7,DIVINED Agent[15] HUMAN
3,talk,1,0,1,VOTE Agent[02]
3,talk,2,0,4,VOTE Agent[10]
3,talk,3,0,8,VOTE Agent[13]
3,talk,4,0,10,DIVINED Agent[06] WEREWOLF
3,talk,5,0,6,VOTE Agent[08]
3,talk,6,0,13,VOTE Agent[15]
3,talk,7,0,9,VOTE Agent[08]
3,talk,8,0,2,VOTE Agent[07]
3,talk,9,0,5,VOTE Agent[02]
3,talk,10,0,11,VOTE Agent[09]
3,talk,11,0,15,VOTE Agent[09]
3,talk,12,0,3,VOTE Agent[01]
3,talk,13,1,8,Skip
3,talk,14,1,5,DISAGREE TALK day2 ID:107
3,talk,15,1,11,VOTE Agent[06]
3,talk,16,1,13,VOTE Agent[10]
3,talk,17,1,1,Skip
3,talk,18,1,7,Skip
3,talk,19,1,9,DISAGREE TALK day2 ID:107
3,talk,20,1,10,VOTE Agent[14]
3,talk,21,1,4,VOTE Agent[09]
3,talk,22,1,3,VOTE Agent[08]
3,talk,23,1,15,Over
3,talk,24,1,6,AGREE TALK day1 ID:32
3,talk,25,1,2,VOTE Agent[09]
3,talk,26,2,9,ESTIMATE Agent[06] WEREWOLF
3,talk,27,2,4,Skip
3,talk,28,2,1,Skip
3,talk,29,2,3,Skip
3,talk,30,2,6,DISAGREE TALK day1 ID:42
3,talk,31,2,8,Skip
3,talk,32,2,13,Over
3,talk,33,2,5,ESTIMATE Agent[06] WEREWOLF
3,talk,34,2,15,Skip
3,talk,35,2,2,Skip
3,talk,36,2,7,Skip
3,talk,37,2,10,REQUEST(VOTE Agent[14])
3,talk,38,2,11,Skip
3,talk,39,3,4,Skip
3,talk,40,3,13,Over
3,talk,41,3,11,Skip
3,talk,42,3,7,Over
3,talk,43,3,10,Skip
3,talk,44,3,9,REQUEST(Agent[07] DIVINATION Agent[06])
3,talk,45,3,15,Skip
3,talk,46,3,2,Skip
3,talk,47,3,5,REQUEST(Agent[10] DIVINATION Agent[06])
3,talk,48,3,6,AGREE TALK day1 ID:93
3,talk,49,3,1,Over
3,talk,50,3,8,VOTE Agent[10]
3,talk,51,3,3,Skip
3,talk,52,4,9,VOTE Agent[06]
3,talk,53,4,13,Over
3,talk,54,4,15,ESTIMATE Agent[07] VILLAGER
3,talk,55,4,2,Over
3,talk,56,4,10,Skip
3,talk,57,4,1,Over
3,talk,58,4,5,VOTE Agent[06]
3,talk,59,4,4,REQUEST(DIVINATION Agent[05])
3,talk,60,4,7,Over
3,talk,61,4,8,Skip
3,talk,62,4,3,Over
3,talk,63,4,11,Over
3,talk,64,4,6,AGREE TALK day1 ID:146
3,talk,65,5,13,Over
3,talk,66,5,11,ESTIMATE Agent[07] WEREWOLF
3,talk,67,5,5,Skip
3,talk,68,5,7,Over
3,talk,69,5,9,Skip
3,talk,70,5,6,AGREE TALK day1 ID:156
3,talk,71,5,1,Over
3,talk,72,5,15,ESTIMATE Agent[07] VILLAGER
3,talk,73,5,8,Skip
3,talk,74,5,3,Over
3,talk,75,5,4,Skip
3,talk,76,5,10,Over
3,talk,77,5,2,Over
3,talk,78,6,8,VOTE Agent[10]
3,talk,79,6,6,DISAGREE TALK day2 ID:23
3,talk,80,6,4,Skip
3,talk,81,6,10,Over
3,talk,82,6,9,Skip
3,talk,83,6,15,Over
3,talk,84,6,11,Over
3,talk,85,6,7,Over
3,talk,86,6,5,Skip
3,talk,87,6,1,Over
3,talk,88,6,3,Over
3,talk,89,6,13,Over
3,talk,90,6,2,Over
3,talk,91,7,8,Skip
3,talk,92,7,11,Over
3,talk,93,7,2,Over
3,talk,94,7,9,Over
3,talk,95,7,1,Over
3,talk,96,7,13,Over
3,talk,97,7,15,Skip
3,talk,98,7,6,DISAGREE TALK day2 ID:57
3,talk,99,7,10,Over
3,talk,100,7,4,VOTE Agent[10]
3,talk,101,7,7,Over
3,talk,102,7,3,Over
3,talk,103,7,5,Over
3,talk,104,8,6,AGREE TALK day2 ID:59
3,talk,105,8,9,Over
3,talk,106,8,2,Over
3,talk,107,8,10,Over
3,talk,108,8,11,Over
3,talk,109,8,5,Over
3,talk,110,8,13,Over
3,talk,111,8,7,Over
3,talk,112,8,1,Over
3,talk,113,8,3,Over
3,talk,114,8,4,Skip
3,talk,115,8,15,Over
3,talk,116,8,8,Skip
3,talk,117,9,9,Over
3,talk,118,9,11,ESTIMATE Agent[06] WEREWOLF
3,talk,119,9,13,Over
3,talk,120,9,6,AGREE TALK day2 ID:87
3,talk,121,9,3,Over
3,talk,122,9,1,Over
3,talk,123,9,10,Over
3,talk,124,9,4,Skip
3,talk,125,9,7,Over
3,talk,126,9,8,VOTE Agent[10]
3,talk,127,9,15,Skip
3,talk,128,9,2,Over
3,talk,129,9,5,Over
3,talk,130,10,11,ESTIMATE Agent[07] WEREWOLF
3,talk,131,10,9,Over
3,talk,132,10,10,Over
3,talk,133,10,7,Over
3,talk,134,10,15,Over
3,talk,135,10,5,Over
3,talk,136,10,13,Over
3,talk,137,10,1,Over
3,talk,138,10,4,Over
3,talk,139,10,8,Skip
3,talk,140,10,2,Over
3,talk,141,10,6,Over
3,talk,142,10,3,Over
3,talk,143,11,10,Over
3,talk,144,11,11,Over
3,talk,145,11,1,Over
3,talk,146,11,3,Over
3,talk,147,11,7,Over
3,talk,148,11,5,Over
3,talk,149,11,13,Over
3,talk,150,11,4,Over
3,talk,151,11,8,Skip
3,talk,152,11,9,Over
3,talk,153,11,15,Over
3,talk,154,11,2,Over
3,talk,155,11,6,Over
3,talk,156,12,7,Over
3,talk,157,12,5,Over
3,talk,158,12,6,Over
3,talk,159,12,13,Over
3,talk,160,12,1,Over
3,talk,161,12,9,Over
3,talk,162,12,2,Over
3,talk,163,12,3,Over
3,talk,164,12,15,Over
3,talk,165,12,8,VOTE Agent[10]
3,talk,166,12,10,Over
3,talk,167,12,11,ESTIMATE Agent[06] WEREWOLF
3,talk,168,12,4,Over
3,talk,169,13,6,Over
3,talk,170,13,11,ESTIMATE Agent[10] WEREWOLF
3,talk,171,13,3,Over
3,talk,172,13,1,Over
3,talk,173,13,2,Over
3,talk,174,13,5,Over
3,talk,175,13,8,Skip
3,talk,176,13,9,Over
3,talk,177,13,7,Over
3,talk,178,13,13,Over
3,talk,179,13,4,Over
3,talk,180,13,10,Over
3,talk,181,13,15,Over
3,talk,182,14,4,Over
3,talk,183,14,5,Over
3,talk,184,14,9,Over
3,talk,185,14,7,Over
3,talk,186,14,10,Over
3,talk,187,14,2,Over
3,talk,188,14,8,Skip
3,talk,189,14,3,Over
3,talk,190,14,1,Over
3,talk,191,14,11,ESTIMATE Agent[06] WEREWOLF
3,talk,192,14,15,Over
3,talk,193,14,6,Over
3,talk,194,14,13,Over
3,talk,195,15,5,Over
3,talk,196,15,7,Over
3,talk,197,15,11,Over
3,talk,198,15,3,Over
3,talk,199,15,9,Over
3,talk,200,15,2,Over
3,talk,201,15,4,Over
3,talk,202,15,13,Over
3,talk,203,15,15,Over
3,talk,204,15,10,Over
3,talk,205,15,1,Over
3,talk,206,15,8,VOTE Agent[10]
3,talk,207,15,6,Over
3,talk,208,16,5,Over
3,talk,209,16,1,Over
3,talk,210,16,11,ESTIMATE Agent[08] VILLAGER
3,talk,211,16,7,Over
3,talk,212,16,9,Over
3,talk,213,16,15,Over
3,talk,214,16,4,Over
3,talk,215,16,2,Over
3,talk,216,16,6,Over
3,talk,217,16,8,Skip
3,talk,218,16,10,Over
3,talk,219,16,3,Over
3,talk,220,16,13,Over
3,talk,221,17,8,Skip
3,talk,222,17,11,Over
3,talk,223,17,1,Over
3,talk,224,17,7,Over
3,talk,225,17,10,Over
3,talk,226,17,4,Over
3,talk,227,17,6,Over
3,talk,228,17,5,Over
3,talk,229,17,9,Over
3,talk,230,17,3,Over
3,talk,231,17,13,Over
3,talk,232,17,15,Over
3,talk,233,17,2,Over
3,talk,234,18,7,Over
3,talk,235,18,2,Over
3,talk,236,18,13,Over
3,talk,237,18,9,Over
3,talk,238,18,15,Over
3,talk,239,18,6,Over
3,talk,240,18,10,Over
3,talk,241,18,5,Over
3,talk,242,18,1,Over
3,talk,243,18,3,Over
3,talk,244,18,8,VOTE Agent[10]
3,talk,245,18,11,ESTIMATE Agent[07] WEREWOLF
3,talk,246,18,4,Over
3,talk,247,19,9,Over
3,talk,248,19,10,Over
3,talk,249,19,1,Over
3,talk,250,19,7,Over
3,talk,251,19,5,Over
3,talk,252,19,8,Skip
3,talk,253,19,11,Over
3,talk,254,19,13,Over
3,talk,255,19,6,Over
3,talk,256,19,3,Over
3,talk,257,19,2,Over
3,talk,258,19,4,Over
3,talk,259,19,15,Over
3,vote,1,6
3,vote,2,9
3,vote,3,8
3,vote,4,10
3,vote,5,6
3,vote,6,10
3,vote,7,8
3,vote,8,10
3,vote,9,6
3,vote,10,13
3,vote,11,6
3,vote,13,10
3,vote,15,9
3,vote,1,6
3,vote,2,6
3,vote,3,6
3,vote,4,10
3,vote,5,6
3,vote,6,10
3,vote,7,3
3,vote,8,10
3,vote,9,6
3,vote,10,7
3,vote,11,6
3,vote,13,10
3,vote,15,9
3,execute,6,VILLAGER
3,divine,7,8,WEREWOLF
3,whisper,0,0,13,ATTACK Agent[07]
3,whisper,1,0,8,Skip
3,whisper,2,0,1,ATTACK Agent[07]
3,whisper,3,1,8,ATTACK Agent[10]
3,whisper,4,1,1,Over
3,whisper,5,1,13,Over
3,whisper,6,2,8,Skip
3,whisper,7,2,1,Over
3,whisper,8,2,13,Over
3,whisper,9,3,8,Skip
3,whisper,10,3,1,Over
3,whisper,11,3,13,Over
3,whisper,12,4,1,Over
3,whisper,13,4,13,Over
3,whisper,14,4,8,ATTACK Agent[10]
3,whisper,15,5,1,Over
3,whisper,16,5,13,Over
3,whisper,17,5,8,Skip
3,whisper,18,6,8,Skip
3,whisper,19,6,13,Over
3,whisper,20,6,1,Over
3,whisper,21,7,1,Over
3,whisper,22,7,13,Over
3,whisper,23,7,8,ATTACK Agent[10]
3,whisper,24,8,13,Over
3,whisper,25,8,8,Skip
3,whisper,26,8,1,Over
3,whisper,27,9,1,Over
3,whisper,28,9,8,Skip
3,whisper,29,9,13,Over
3,whisper,30,10,1,Over
3,whisper,31,10,13,Over
3,whisper,32,10,8,ATTACK Agent[10]
3,whisper,33,11,13,Over
3,whisper,34,11,1,Over
3,whisper,35,11,8,Skip
3,whisper,36,12,1,Over
3,whisper,37,12,8,Skip
3,whisper,38,12,13,Over
3,whisper,39,13,8,ATTACK Agent[10]
3,whisper,40,13,13,Over
3,whisper,41,13,1,Over
3,whisper,42,14,13,Over
3,whisper,43,14,1,Over
3,whisper,44,14,8,Skip
3,whisper,45,15,8,Skip
3,whisper,46,15,13,Over
3,whisper,47,15,1,Over
3,whisper,48,16,13,Over
3,whisper,49,16,1,Over
3,whisper,50,16,8,ATTACK Agent[10]
3,whisper,51,17,8,Skip
3,whisper,52,17,1,Over
3,whisper,53,17,13,Over
3,whisper,54,18,13,Over
3,whisper,55,18,1,Over
3,whisper,56,18,8,Skip
3,whisper,57,19,8,ATTACK Agent[10]
3,whisper,58,19,1,Over
3,whisper,59,19,13,Over
3,guard,9,7,SEER
3,attackVote,1,7
3,attackVote,8,10
3,attackVote,13,7
3,attack,7,false
4,status,1,WEREWOLF,ALIVE,carlo
4,status,2,VILLAGER,ALIVE,m_cre
4,status,3,VILLAGER,ALIVE,cndl
4,status,4,VILLAGER,ALIVE,AITKN
4,status,5,VILLAGER,ALIVE,aplain
4,status,6,VILLAGER,DEAD,takkyubu
4,status,7,SEER,ALIVE,kasuka
4,status,8,WEREWOLF,ALIVE,johnny
4,status,9,BODYGUARD,ALIVE,hibagon
4,status,10,POSSESSED,ALIVE,colun
4,status,11,VILLAGER,ALIVE,wasabi
4,status,12,MEDIUM,DEAD,Udon
4,status,13,WEREWOLF,ALIVE,JuN1Ro
4,status,14,VILLAGER,DEAD,cash
4,status,15,VILLAGER,ALIVE,daisyo
4,talk,0,0,11,VOTE Agent[13]
4,talk,1,0,15,VOTE Agent[09]
4,talk,2,0,3,VOTE Agent[15]
4,talk,3,0,9,VOTE Agent[05]
4,talk,4,0,2,VOTE Agent[01]
4,talk,5,0,8,VOTE Agent[13]
4,talk,6,0,13,Over
4,talk,7,0,10,DIVINED Agent[03] HUMAN
4,talk,8,0,5,VOTE Agent[01]
4,talk,9,0,4,Skip
4,talk,10,0,7,DIVINED Agent[08] WEREWOLF
4,talk,11,0,1,VOTE Agent[02]
4,talk,12,1,3,VOTE Agent[13]
4,talk,13,1,11,VOTE Agent[08]
4,talk,14,1,7,Skip
4,talk,15,1,5,DISAGREE TALK day3 ID:210
4,talk,16,1,9,DISAGREE TALK day3 ID:210
4,talk,17,1,2,VOTE Agent[08]
4,talk,18,1,4,VOTE Agent[07]
4,talk,19,1,13,Over
4,talk,20,1,8,Skip
4,talk,21,1,1,COMINGOUT Agent[01] BODYGUARD
4,talk,22,1,10,VOTE Agent[07]
4,talk,23,1,15,VOTE Agent[08]
4,talk,24,2,1,GUARDED Agent[10]
4,talk,25,2,4,VOTE Agent[08]
4,talk,26,2,3,VOTE Agent[01]
4,talk,27,2,9,ESTIMATE Agent[08] WEREWOLF
4,talk,28,2,8,Skip
4,talk,29,2,5,ESTIMATE Agent[08] WEREWOLF
4,talk,30,2,13,ESTIMATE Agent[03] WEREWOLF
4,talk,31,2,15,Skip
4,talk,32,2,7,Skip
4,talk,33,2,2,Skip
4,talk,34,2,10,REQUEST(VOTE Agent[07])
4,talk,35,2,11,ESTIMATE Agent[10] WEREWOLF
4,talk,36,3,4,Skip
4,talk,37,3,2,Skip
4,talk,38,3,7,Over
4,talk,39,3,13,Over
4,talk,40,3,9,REQUEST(Agent[07] DIVINATION Agent[08])
4,talk,41,3,10,Skip
4,talk,42,3,11,Skip
4,talk,43,3,3,VOTE Agent[08]
4,talk,44,3,5,REQUEST(Agent[10] DIVINATION Agent[08])
4,talk,45,3,1,GUARDED Agent[10]
4,talk,46,3,8,VOTE Agent[10]
4,talk,47,3,15,Skip
4,talk,48,4,5,VOTE Agent[08]
4,talk,49,4,13,Over
4,talk,50,4,11,ESTIMATE Agent[10] WEREWOLF
4,talk,51,4,15,ESTIMATE Agent[10] VILLAGER
4,talk,52,4,7,Over
4,talk,53,4,9,VOTE Agent[08]
4,talk,54,4,1,GUARDED Agent[07]
4,talk,55,4,4,REQUEST(DIVINATION Agent[02])
4,talk,56,4,10,Skip
4,talk,57,4,8,Skip
4,talk,58,4,2,Over
4,talk,59,4,3,Skip
4,talk,60,5,1,Skip
4,talk,61,5,5,Skip
4,talk,62,5,2,Over
4,talk,63,5,13,Over
4,talk,64,5,11,ESTIMATE Agent[02] VILLAGER
4,talk,65,5,10,Over
4,talk,66,5,7,Over
4,talk,67,5,9,Skip
4,talk,68,5,8,Skip
4,talk,69,5,3,Skip
4,talk,70,5,4,Skip
4,talk,71,5,15,Skip
4,talk,72,6,4,Skip
4,talk,73,6,2,Over
4,talk,74,6,8,VOTE Agent[10]
4,talk,75,6,1,Skip
4,talk,76,6,15,Skip
4,talk,77,6,13,Over
4,talk,78,6,10,Over
4,talk,79,6,9,Skip
4,talk,80,6,3,Over
4,talk,81,6,7,Over
4,talk,82,6,11,ESTIMATE Agent[10] WEREWOLF
4,talk,83,6,5,Skip
4,talk,84,7,7,Over
4,talk,85,7,15,ESTIMATE Agent[10] VILLAGER
4,talk,86,7,9,Over
4,talk,87,7,2,Over
4,talk,88,7,11,Skip
4,talk,89,7,5,Over
4,talk,90,7,8,Skip
4,talk,91,7,1,Over
4,talk,92,7,13,Over
4,talk,93,7,10,Over
4,talk,94,7,4,Over
4,talk,95,7,3,Over
4,talk,96,8,10,Over
4,talk,97,8,15,ESTIMATE Agent[10] VILLAGER
4,talk,98,8,4,Over
4,talk,99,8,5,Over
4,talk,100,8,7,Over
4,talk,101,8,13,Over
4,talk,102,8,9,Over
4,talk,103,8,11,ESTIMATE Agent[02] VILLAGER
4,talk,104,8,1,Over
4,talk,105,8,3,Over
4,talk,106,8,8,Skip
4,talk,107,8,2,Over
4,talk,108,9,3,Over
4,talk,109,9,10,Over
4,talk,110,9,11,ESTIMATE Agent[07] WEREWOLF
4,talk,111,9,4,Over
4,talk,112,9,9,Over
4,talk,113,9,13,ESTIMATE Agent[15] WEREWOLF
4,talk,114,9,2,Over
4,talk,115,9,7,Over
4,talk,116,9,15,ESTIMATE Agent[10] VILLAGER
4,talk,117,9,8,VOTE Agent[10]
4,talk,118,9,5,Over
4,talk,119,9,1,Over
4,talk,120,10,10,Over
4,talk,121,10,9,Over
4,talk,122,10,7,Over
4,talk,123,10,8,Skip
4,talk,124,10,1,Over
4,talk,125,10,2,Over
4,talk,126,10,5,Over
4,talk,127,10,13,Over
4,talk,128,10,3,Over
4,talk,129,10,15,Over
4,talk,130,10,11,ESTIMATE Agent[08] WEREWOLF
4,talk,131,10,4,Over
4,talk,132,11,3,Over
4,talk,133,11,8,Skip
4,talk,134,11,1,Over
4,talk,135,11,11,Skip
4,talk,136,11,7,Over
4,talk,137,11,13,Over
4,talk,138,11,5,Over
4,talk,139,11,15,Over
4,talk,140,11,2,Over
4,talk,141,11,10,Over
4,talk,142,11,4,Over
4,talk,143,11,9,Over
4,talk,144,12,15,Over
4,talk,145,12,3,Over
4,talk,146,12,13,Over
4,talk,147,12,11,ESTIMATE Agent[08] WEREWOLF
4,talk,148,12,10,Over
4,talk,149,12,4,Over
4,talk,150,12,7,Over
4,talk,151,12,5,Over
4,talk,152,12,8,VOTE Agent[10]
4,talk,153,12,1,Over
4,talk,154,12,9,Over
4,talk,155,12,2,Over
4,talk,156,13,11,Over
4,talk,157,13,7,Over
4,talk,158,13,5,Over
4,talk,159,13,13,Over
4,talk,160,13,15,Over
4,talk,161,13,4,Over
4,talk,162,13,1,Over
4,talk,163,13,10,Over
4,talk,164,13,2,Over
4,talk,165,13,3,Over
4,talk,166,13,8,Skip
4,talk,167,13,9,Over
4,talk,168,14,1,Over
4,talk,169,14,13,Over
4,talk,170,14,3,Over
4,talk,171,14,5,Over
4,talk,172,14,2,Over
4,talk,173,14,7,Over
4,talk,174,14,4,Over
4,talk,175,14,15,Over
4,talk,176,14,9,Over
4,talk,177,14,8,Skip
4,talk,178,14,11,Over
4,talk,179,14,10,Over
4,talk,180,15,7,Over
4,talk,181,15,13,Over
4,talk,182,15,1,Over
4,talk,183,15,10,Over
4,talk,184,15,3,Over
4,talk,185,15,15,Over
4,talk,186,15,8,VOTE Agent[10]
4,talk,187,15,9,Over
4,talk,188,15,2,Over
4,talk,189,15,11,Over
4,talk,190,15,4,Over
4,talk,191,15,5,Over
4,talk,192,16,8,Skip
4,talk,193,16,4,Over
4,talk,194,16,1,Over
4,talk,195,16,3,Over
4,talk,196,16,9,Over
4,talk,197,16,11,Over
4,talk,198,16,7,Over
4,talk,199,16,15,Over
4,talk,200,16,2,Over
4,talk,201,16,10,Over
4,talk,202,16,5,Over
4,talk,203,16,13,Over
4,talk,204,17,1,Over
4,talk,205,17,3,Over
4,talk,206,17,10,Over
4,talk,207,17,9,Over
4,talk,208,17,7,Over
4,talk,209,17,5,Over
4,talk,210,17,13,Over
4,talk,211,17,15,Over
4,talk,212,17,2,Over
4,talk,213,17,8,Skip
4,talk,214,17,4,Over
4,talk,215,17,11,Over
4,talk,216,18,8,VOTE Agent[10]
4,talk,217,18,15,Over
4,talk,218,18,7,Over
4,talk,219,18,3,Over
4,talk,220,18,13,Over
4,talk,221,18,1,Over
4,talk,222,18,10,Over
4,talk,223,18,11,Over
4,talk,224,18,5,Over
4,talk,225,18,9,Over
4,talk,226,18,4,Over
4,talk,227,18,2,Over
4,talk,228,19,9,Over
4,talk,229,19,4,Over
4,talk,230,19,8,Skip
4,talk,231,19,5,Over
4,talk,232,19,1,Over
4,talk,233,19,2,Over
4,talk,234,19,10,Over
4,talk,235,19,15,Over
4,talk,236,19,3,Over
4,talk,237,19,7,Over
4,talk,238,19,11,Over
4,talk,239,19,13,Over
4,vote,1,8
4,vote,2,8
4,vote,3,8
4,vote,4,8
4,vote,5,8
4,vote,7,5
4,vote,8,10
4,vote,9,8
4,vote,10,7
4,vote,11,8
4,vote,13,10
4,vote,15,8
4,execute,8,WEREWOLF
4,divine,7,4,HUMAN
4,whisper,0,0,1,COMINGOUT Agent[01] BODYGUARD
4,whisper,1,0,13,ATTACK Agent[07]
4,whisper,2,1,1,ATTACK Agent[07]
4,whisper,3,1,13,Over
4,whisper,4,2,1,Over
4,whisper,5,2,13,Over
4,guard,9,7,SEER
4,attackVote,1,7
4,attackVote,13,7
4,attack,7,false
5,status,1,WEREWOLF,ALIVE,carlo
5,status,2,VILLAGER,ALIVE,m_cre
5,status,3,VILLAGER,ALIVE,cndl
5,status,4,VILLAGER,ALIVE,AITKN
5,status,5,VILLAGER,ALIVE,aplain
5,status,6,VILLAGER,DEAD,takkyubu
5,status,7,SEER,ALIVE,kasuka
5,status,8,WEREWOLF,DEAD,johnny
5,status,9,BODYGUARD,ALIVE,hibagon
5,status,10,POSSESSED,ALIVE,colun
5,status,11,VILLAGER,ALIVE,wasabi
5,status,12,MEDIUM,DEAD,Udon
5,status,13,WEREWOLF,ALIVE,JuN1Ro
5,status,14,VILLAGER,DEAD,cash
5,status,15,VILLAGER,ALIVE,daisyo
5,talk,0,0,15,VOTE Agent[09]
5,talk,1,0,1,GUARDED Agent[07]
5,talk,2,0,2,VOTE Agent[07]
5,talk,3,0,4,VOTE Agent[13]
5,talk,4,0,3,VOTE Agent[01]
5,talk,5,0,10,DIVINED Agent[04] WEREWOLF
5,talk,6,0,7,DIVINED Agent[04] HUMAN
5,talk,7,0,11,Skip
5,talk,8,0,13,Over
5,talk,9,0,5,VOTE Agent[13]
5,talk,10,0,9,VOTE Agent[10]
5,talk,11,1,3,VOTE Agent[13]
5,talk,12,1,15,ESTIMATE Agent[10] VILLAGER
5,talk,13,1,9,ESTIMATE Agent[04] WEREWOLF
5,talk,14,1,2,VOTE Agent[09]
5,talk,15,1,11,Skip
5,talk,16,1,10,VOTE Agent[06]
5,talk,17,1,7,Skip
5,talk,18,1,13,Over
5,talk,19,1,1,VOTE Agent[02]
5,talk,20,1,4,ESTIMATE Agent[10] POSSESSED
5,talk,21,1,5,ESTIMATE Agent[04] WEREWOLF
5,talk,22,2,4,VOTE Agent[01]
5,talk,23,2,2,Skip
5,talk,24,2,13,Over
5,talk,25,2,7,Skip
5,talk,26,2,10,REQUEST(VOTE Agent[06])
5,talk,27,2,5,REQUEST(Agent[10] DIVINATION Agent[04])
5,talk,28,2,15,ESTIMATE Agent[10] VILLAGER
5,talk,29,2,1,Skip
5,talk,30,2,3,Skip
5,talk,31,2,11,VOTE Agent[04]
5,talk,32,2,9,REQUEST(Agent[07] DIVINATION Agent[04])
5,talk,33,3,2,Skip
5,talk,34,3,5,VOTE Agent[04]
5,talk,35,3,13,Over
5,talk,36,3,9,VOTE Agent[04]
5,talk,37,3,15,Skip
5,talk,38,3,3,VOTE Agent[01]
5,talk,39,3,10,Skip
5,talk,40,3,1,Skip
5,talk,41,3,4,Skip
5,talk,42,3,11,Skip
5,talk,43,3,7,Over
5,talk,44,4,11,Over
5,talk,45,4,13,Over
5,talk,46,4,5,Skip
5,talk,47,4,7,Over
5,talk,48,4,10,Skip
5,talk,49,4,9,Skip
5,talk,50,4,4,REQUEST(DIVINATION Agent[09])
5,talk,51,4,15,ESTIMATE Agent[10] VILLAGER
5,talk,52,4,2,Over
5,talk,53,4,1,Over
5,talk,54,4,3,VOTE Agent[04]
5,talk,55,5,10,Over
5,talk,56,5,3,Skip
5,talk,57,5,7,Over
5,talk,58,5,9,Skip
5,talk,59,5,5,Skip
5,talk,60,5,1,Over
5,talk,61,5,2,Over
5,talk,62,5,15,ESTIMATE Agent[10] VILLAGER
5,talk,63,5,11,Over
5,talk,64,5,4,Skip
5,talk,65,5,13,Over
5,talk,66,6,15,Skip
5,talk,67,6,2,Over
5,talk,68,6,1,Over
5,talk,69,6,13,ESTIMATE Agent[15] WEREWOLF
5,talk,70,6,10,Over
5,talk,71,6,5,Over
5,talk,72,6,3,Skip
5,talk,73,6,9,Over
5,talk,74,6,7,Over
5,talk,75,6,11,ESTIMATE Agent[04] WEREWOLF
5,talk,76,6,4,Skip
5,talk,77,7,15,Over
5,talk,78,7,5,Over
5,talk,79,7,9,Over
5,talk,80,7,4,Over
5,talk,81,7,13,Over
5,talk,82,7,3,Over
5,talk,83,7,7,Over
5,talk,84,7,11,ESTIMATE Agent[10] WEREWOLF
5,talk,85,7,2,Over
5,talk,86,7,10,Over
5,talk,87,7,1,Over
5,talk,88,8,10,Over
5,talk,89,8,5,Over
5,talk,90,8,11,Over
5,talk,91,8,15,Over
5,talk,92,8,2,Over
5,talk,93,8,1,Over
5,talk,94,8,4,Over
5,talk,95,8,13,Over
5,talk,96,8,9,Over
5,talk,97,8,3,Over
5,talk,98,8,7,Over
5,vote,1,4
5,vote,2,9
5,vote,3,4
5,vote,4,1
5,vote,5,4
5,vote,7,10
5,vote,9,4
5,vote,10,1
5,vote,11,4
5,vote,13,10
5,vote,15,9
5,execute,4,VILLAGER
5,divine,7,3,HUMAN
5,whisper,0,0,1,ATTACK Agent[07]
5,whisper,1,0,13,ATTACK Agent[07]
5,whisper,2,1,1,Over
5,whisper,3,1,13,Over
5,guard,9,7,SEER
5,attackVote,1,7
5,attackVote,13,7
5,attack,7,false
6,status,1,WEREWOLF,ALIVE,carlo
6,status,2,VILLAGER,ALIVE,m_cre
6,status,3,VILLAGER,ALIVE,cndl
6,status,4,VILLAGER,DEAD,AITKN
6,status,5,VILLAGER,ALIVE,aplain
6,status,6,VILLAGER,DEAD,takkyubu
6,status,7,SEER,ALIVE,kasuka
6,status,8,WEREWOLF,DEAD,johnny
6,status,9,BODYGUARD,ALIVE,hibagon
6,status,10,POSSESSED,ALIVE,colun
6,status,11,VILLAGER,ALIVE,wasabi
6,status,12,MEDIUM,DEAD,Udon
6,status,13,WEREWOLF,ALIVE,JuN1Ro
6,status,14,VILLAGER,DEAD,cash
6,status,15,VILLAGER,ALIVE,daisyo
6,talk,0,0,5,VOTE Agent[02]
6,talk,1,0,9,VOTE Agent[11]
6,talk,2,0,15,VOTE Agent[05]
6,talk,3,0,10,DIVINED Agent[05] HUMAN
6,talk,4,0,3,VOTE Agent[01]
6,talk,5,0,7,DIVINED Agent[03] HUMAN
6,talk,6,0,13,Over
6,talk,7,0,11,Skip
6,talk,8,0,1,GUARDED Agent[10]
6,talk,9,0,2,VOTE Agent[11]
6,talk,10,1,1,VOTE Agent[02]
6,talk,11,1,9,Skip
6,talk,12,1,5,Skip
6,talk,13,1,7,Skip
6,talk,14,1,11,Skip
6,talk,15,1,2,Skip
6,talk,16,1,10,VOTE Agent[04]
6,talk,17,1,15,Skip
6,talk,18,1,13,Over
6,talk,19,1,3,Skip
6,talk,20,2,13,Over
6,talk,21,2,1,Skip
6,talk,22,2,5,Skip
6,talk,23,2,10,REQUEST(VOTE Agent[04])
6,talk,24,2,7,Skip
6,talk,25,2,9,Skip
6,talk,26,2,15,Skip
6,talk,27,2,2,Skip
6,talk,28,2,3,Skip
6,talk,29,2,11,VOTE Agent[07]
6,talk,30,3,5,Over
6,talk,31,3,1,Skip
6,talk,32,3,7,Over
6,talk,33,3,10,Skip
6,talk,34,3,9,Over
6,talk,35,3,15,ESTIMATE Agent[03] VILLAGER
6,talk,36,3,3,Over
6,talk,37,3,11,Skip
6,talk,38,3,13,Over
6,talk,39,3,2,Over
6,talk,40,4,2,Over
6,talk,41,4,5,Over
6,talk,42,4,10,Skip
6,talk,43,4,7,Over
6,talk,44,4,9,Over
6,talk,45,4,1,Over
6,talk,46,4,15,ESTIMATE Agent[03] VILLAGER
6,talk,47,4,3,Over
6,talk,48,4,13,Over
6,talk,49,4,11,ESTIMATE Agent[10] WEREWOLF
6,talk,50,5,1,Over
6,talk,51,5,5,Over
6,talk,52,5,11,ESTIMATE Agent[10] WEREWOLF
6,talk,53,5,3,Over
6,talk,54,5,13,Over
6,talk,55,5,9,Over
6,talk,56,5,15,Skip
6,talk,57,5,10,Over
6,talk,58,5,7,Over
6,talk,59,5,2,Over
6,talk,60,6,13,Over
6,talk,61,6,2,Over
6,talk,62,6,11,ESTIMATE Agent[07] WEREWOLF
6,talk,63,6,15,Skip
6,talk,64,6,5,Over
6,talk,65,6,7,Over
6,talk,66,6,3,Over
6,talk,67,6,9,Over
6,talk,68,6,10,Over
6,talk,69,6,1,Over
6,talk,70,7,13,Over
6,talk,71,7,3,Over
6,talk,72,7,15,Over
6,talk,73,7,11,ESTIMATE Agent[07] WEREWOLF
6,talk,74,7,2,Over
6,talk,75,7,10,Over
6,talk,76,7,5,Over
6,talk,77,7,1,Over
6,talk,78,7,9,Over
6,talk,79,7,7,Over
6,talk,80,8,10,Over
6,talk,81,8,5,Over
6,talk,82,8,3,Over
6,talk,83,8,11,Over
6,talk,84,8,7,Over
6,talk,85,8,15,Over
6,talk,86,8,2,Over
6,talk,87,8,1,Over
6,talk,88,8,9,Over
6,talk,89,8,13,Over
6,vote,1,2
6,vote,2,11
6,vote,3,1
6,vote,5,2
6,vote,7,10
6,vote,9,11
6,vote,10,5
6,vote,11,7
6,vote,13,10
6,vote,15,5
6,vote,1,2
6,vote,2,11
6,vote,3,1
6,vote,5,2
6,vote,7,13
6,vote,9,11
6,vote,10,2
6,vote,11,7
6,vote,13,10
6,vote,15,5
6,execute,2,VILLAGER
6,divine,7,1,WEREWOLF
6,whisper,0,0,13,ATTACK Agent[07]
6,whisper,1,0,1,ATTACK Agent[07]
6,whisper,2,1,1,Over
6,whisper,3,1,13,Over
6,guard,9,7,SEER
6,attackVote,1,7
6,attackVote,13,7
6,attack,7,false
7,status,1,WEREWOLF,ALIVE,carlo
7,status,2,VILLAGER,DEAD,m_cre
7,status,3,VILLAGER,ALIVE,cndl
7,status,4,VILLAGER,DEAD,AITKN
7,status,5,VILLAGER,ALIVE,aplain
7,status,6,VILLAGER,DEAD,takkyubu
7,status,7,SEER,ALIVE,kasuka
7,status,8,WEREWOLF,DEAD,johnny
7,status,9,BODYGUARD,ALIVE,hibagon
7,status,10,POSSESSED,ALIVE,colun
7,status,11,VILLAGER,ALIVE,wasabi
7,status,12,MEDIUM,DEAD,Udon
7,status,13,WEREWOLF,ALIVE,JuN1Ro
7,status,14,VILLAGER,DEAD,cash
7,status,15,VILLAGER,ALIVE,daisyo
7,talk,0,0,9,VOTE Agent[05]
7,talk,1,0,11,VOTE Agent[07]
7,talk,2,0,3,VOTE Agent[01]
7,talk,3,0,1,GUARDED Agent[10]
7,talk,4,0,13,Over
7,talk,5,0,5,VOTE Agent[11]
7,talk,6,0,7,DIVINED Agent[01] WEREWOLF
7,talk,7,0,10,DIVINED Agent[11] HUMAN
7,talk,8,0,15,VOTE Agent[05]
7,talk,9,1,7,Skip
7,talk,10,1,10,VOTE Agent[06]
7,talk,11,1,9,ESTIMATE Agent[01] WEREWOLF
7,talk,12,1,11,VOTE Agent[01]
7,talk,13,1,1,VOTE Agent[03]
7,talk,14,1,13,Over
7,talk,15,1,5,ESTIMATE Agent[01] WEREWOLF
7,talk,16,1,3,Skip
7,talk,17,1,15,VOTE Agent[01]
7,talk,18,2,5,REQUEST(Agent[10] DIVINATION Agent[01])
7,talk,19,2,15,ESTIMATE Agent[13] VILLAGER
7,talk,20,2,1,Skip
7,talk,21,2,10,REQUEST(VOTE Agent[06])
7,talk,22,2,9,REQUEST(Agent[07] DIVINATION Agent[01])
7,talk,23,2,11,Skip
7,talk,24,2,13,Over
7,talk,25,2,3,Skip
7,talk,26,2,7,Skip
7,talk,27,3,3,Over
7,talk,28,3,1,Skip
7,talk,29,3,10,Skip
7,talk,30,3,5,VOTE Agent[01]
7,talk,31,3,7,Over
7,talk,32,3,9,VOTE Agent[01]
7,talk,33,3,15,Over
7,talk,34,3,11,ESTIMATE Agent[10] WEREWOLF
7,talk,35,3,13,Over
7,talk,36,4,1,Over
7,talk,37,4,15,ESTIMATE Agent[13] VILLAGER
7,talk,38,4,13,Over
7,talk,39,4,11,ESTIMATE Agent[07] WEREWOLF
7,talk,40,4,3,Over
7,talk,41,4,5,Skip
7,talk,42,4,9,Skip
7,talk,43,4,7,Over
7,talk,44,4,10,Skip
7,talk,45,5,7,Over
7,talk,46,5,13,Over
7,talk,47,5,15,Skip
7,talk,48,5,5,Skip
7,talk,49,5,11,ESTIMATE Agent[10] WEREWOLF
7,talk,50,5,10,Over
7,talk,51,5,1,Over
7,talk,52,5,9,Skip
7,talk,53,5,3,Over
7,talk,54,6,15,ESTIMATE Agent[13] VILLAGER
7,talk,55,6,9,Over
7,talk,56,6,11,Skip
7,talk,57,6,1,Over
7,talk,58,6,10,Over
7,talk,59,6,3,Over
7,talk,60,6,13,Over
7,talk,61,6,5,Over
7,talk,62,6,7,Over
7,talk,63,7,10,Over
7,talk,64,7,15,Skip
7,talk,65,7,3,Over
7,talk,66,7,5,Over
7,talk,67,7,7,Over
7,talk,68,7,9,Over
7,talk,69,7,1,Over
7,talk,70,7,13,Over
7,talk,71,7,11,ESTIMATE Agent[01] WEREWOLF
7,talk,72,8,10,Over
7,talk,73,8,3,Over
7,talk,74,8,1,Over
7,talk,75,8,15,Skip
7,talk,76,8,9,Over
7,talk,77,8,11,Skip
7,talk,78,8,7,Over
7,talk,79,8,5,Over
7,talk,80,8,13,Over
7,talk,81,9,3,Over
7,talk,82,9,10,Over
7,talk,83,9,13,Over
7,talk,84,9,9,Over
7,talk,85,9,11,Over
7,talk,86,9,7,Over
7,talk,87,9,5,Over
7,talk,88,9,15,ESTIMATE Agent[13] VILLAGER
7,talk,89,9,1,Over
7,talk,90,10,1,Over
7,talk,91,10,15,Over
7,talk,92,10,7,Over
7,talk,93,10,11,ESTIMATE Agent[07] WEREWOLF
7,talk,94,10,13,Over
7,talk,95,10,10,Over
7,talk,96,10,5,Over
7,talk,97,10,9,Over
7,talk,98,10,3,Over
7,talk,99,11,7,Over
7,talk,100,11,11,ESTIMATE Agent[10] WEREWOLF
7,talk,101,11,15,Over
7,talk,102,11,10,Over
7,talk,103,11,5,Over
7,talk,104,11,1,Over
7,talk,105,11,9,Over
7,talk,106,11,13,Over
7,talk,107,11,3,Over
7,talk,108,12,10,Over
7,talk,109,12,3,Over
7,talk,110,12,11,ESTIMATE Agent[01] WEREWOLF
7,talk,111,12,7,Over
7,talk,112,12,5,Over
7,talk,113,12,9,Over
7,talk,114,12,1,Over
7,talk,115,12,13,Over
7,talk,116,12,15,Over
7,talk,117,13,13,Over
7,talk,118,13,11,ESTIMATE Agent[01] WEREWOLF
7,talk,119,13,1,Over
7,talk,120,13,7,Over
7,talk,121,13,5,Over
7,talk,122,13,10,Over
7,talk,123,13,3,Over
7,talk,124,13,15,Over
7,talk,125,13,9,Over
7,talk,126,14,3,Over
7,talk,127,14,5,Over
7,talk,128,14,1,Over
7,talk,129,14,7,Over
7,talk,130,14,10,Over
7,talk,131,14,9,Over
7,talk,132,14,15,Over
7,talk,133,14,11,Over
7,talk,134,14,13,Over
7,vote,1,3
7,vote,3,1
7,vote,5,1
7,vote,7,9
7,vote,9,1
7,vote,10,15
7,vote,11,1
7,vote,13,10
7,vote,15,1
7,execute,1,WEREWOLF
7,divine,7,11,HUMAN
7,guard,9,7,SEER
7,attackVote,13,7
7,attack,7,false
8,status,1,WEREWOLF,DEAD,carlo
8,status,2,VILLAGER,DEAD,m_cre
8,status,3,VILLAGER,ALIVE,cndl
8,status,4,VILLAGER,DEAD,AITKN
8,status,5,VILLAGER,ALIVE,aplain
8,status,6,VILLAGER,DEAD,takkyubu
8,status,7,SEER,ALIVE,kasuka
8,status,8,WEREWOLF,DEAD,johnny
8,status,9,BODYGUARD,ALIVE,hibagon
8,status,10,POSSESSED,ALIVE,colun
8,status,11,VILLAGER,ALIVE,wasabi
8,status,12,MEDIUM,DEAD,Udon
8,status,13,WEREWOLF,ALIVE,JuN1Ro
8,status,14,VILLAGER,DEAD,cash
8,status,15,VILLAGER,ALIVE,daisyo
8,talk,0,0,11,VOTE Agent[07]
8,talk,1,0,13,Over
8,talk,2,0,7,DIVINED Agent[11] HUMAN
8,talk,3,0,3,VOTE Agent[13]
8,talk,4,0,10,DIVINED Agent[13] HUMAN
8,talk,5,0,5,VOTE Agent[03]
8,talk,6,0,9,VOTE Agent[10]
8,talk,7,0,15,VOTE Agent[10]
8,talk,8,1,7,Skip
8,talk,9,1,11,ESTIMATE Agent[07] WEREWOLF
8,talk,10,1,5,Skip
8,talk,11,1,9,Skip
8,talk,12,1,15,Skip
8,talk,13,1,10,VOTE Agent[14]
8,talk,14,1,13,ESTIMATE Agent[03] WEREWOLF
8,talk,15,1,3,VOTE Agent[07]
8,talk,16,2,11,Skip
8,talk,17,2,10,REQUEST(VOTE Agent[14])
8,talk,18,2,7,Skip
8,talk,19,2,9,Skip
8,talk,20,2,13,Over
8,talk,21,2,15,Skip
8,talk,22,2,5,Skip
8,talk,23,2,3,Skip
8,talk,24,3,9,Over
8,talk,25,3,5,Over
8,talk,26,3,11,ESTIMATE Agent[10] WEREWOLF
8,talk,27,3,13,Over
8,talk,28,3,7,Over
8,talk,29,3,10,Skip
8,talk,30,3,3,Skip
8,talk,31,3,15,Over
8,talk,32,4,15,Over
8,talk,33,4,9,Over
8,talk,34,4,10,Skip
8,talk,35,4,11,ESTIMATE Agent[10] WEREWOLF
8,talk,36,4,5,Over
8,talk,37,4,7,Over
8,talk,38,4,13,Over
8,talk,39,4,3,Over
8,talk,40,5,11,Skip
8,talk,41,5,15,Over
8,talk,42,5,7,Over
8,talk,43,5,3,Over
8,talk,44,5,10,Over
8,talk,45,5,5,Over
8,talk,46,5,13,Over
8,talk,47,5,9,Over
8,talk,48,6,5,Over
8,talk,49,6,3,Over
8,talk,50,6,11,Skip
8,talk,51,6,9,Over
8,talk,52,6,13,Over
8,talk,53,6,10,Over
8,talk,54,6,7,Over
8,talk,55,6,15,Over
8,talk,56,7,13,Over
8,talk,57,7,5,Over
8,talk,58,7,9,Over
8,talk,59,7,3,Over
8,talk,60,7,15,Over
8,talk,61,7,11,ESTIMATE Agent[07] WEREWOLF
8,talk,62,7,10,Over
8,talk,63,7,7,Over
8,talk,64,8,9,Over
8,talk,65,8,11,ESTIMATE Agent[07] WEREWOLF
8,talk,66,8,5,Over
8,talk,67,8,3,Over
8,talk,68,8,7,Over
8,talk,69,8,15,Over
8,talk,70,8,10,Over
8,talk,71,8,13,Over
8,talk,72,9,9,Over
8,talk,73,9,13,Over
8,talk,74,9,10,Over
8,talk,75,9,3,Over
8,talk,76,9,7,Over
8,talk,77,9,11,ESTIMATE Agent[07] WEREWOLF
8,talk,78,9,15,Over
8,talk,79,9,5,Over
8,talk,80,10,9,Over
8,talk,81,10,15,Over
8,talk,82,10,11,Over
8,talk,83,10,3,Over
8,talk,84,10,13,Over
8,talk,85,10,10,Over
8,talk,86,10,7,Over
8,talk,87,10,5,Over
8,vote,3,7
8,vote,5,3
8,vote,7,15
8,vote,9,10
8,vote,10,13
8,vote,11,7
8,vote,13,10
8,vote,15,10
8,execute,10,POSSESSED
8,divine,7,9,HUMAN
8,guard,9,7,SEER
8,attackVote,13,7
8,attack,7,false
9,status,1,WEREWOLF,DEAD,carlo
9,status,2,VILLAGER,DEAD,m_cre
9,status,3,VILLAGER,ALIVE,cndl
9,status,4,VILLAGER,DEAD,AITKN
9,status,5,VILLAGER,ALIVE,aplain
9,status,6,VILLAGER,DEAD,takkyubu
9,status,7,SEER,ALIVE,kasuka
9,status,8,WEREWOLF,DEAD,johnny
9,status,9,BODYGUARD,ALIVE,hibagon
9,status,10,POSSESSED,DEAD,colun
9,status,11,VILLAGER,ALIVE,wasabi
9,status,12,MEDIUM,DEAD,Udon
9,status,13,WEREWOLF,ALIVE,JuN1Ro
9,status,14,VILLAGER,DEAD,cash
9,status,15,VILLAGER,ALIVE,daisyo
9,talk,0,0,13,VOTE Agent[07]
9,talk,1,0,5,AGREE TALK day1 ID:36
9,talk,2,0,15,VOTE Agent[07]
9,talk,3,0,3,VOTE Agent[13]
9,talk,4,0,9,VOTE Agent[07]
9,talk,5,0,7,DIVINED Agent[09] HUMAN
9,talk,6,0,11,VOTE Agent[07]
9,talk,7,1,5,AGREE TALK day1 ID:38
9,talk,8,1,13,Over
9,talk,9,1,9,Skip
9,talk,10,1,15,Skip
9,talk,11,1,3,VOTE Agent[07]
9,talk,12,1,7,Skip
9,talk,13,1,11,ESTIMATE Agent[07] WEREWOLF
9,talk,14,2,11,Skip
9,talk,15,2,5,DISAGREE TALK day1 ID:68
9,talk,16,2,15,Over
9,talk,17,2,3,Skip
9,talk,18,2,9,Skip
9,talk,19,2,7,Skip
9,talk,20,2,13,Over
9,talk,21,3,15,Over
9,talk,22,3,5,DISAGREE TALK day1 ID:91
9,talk,23,3,13,Over
9,talk,24,3,9,Over
9,talk,25,3,11,Skip
9,talk,26,3,7,Over
9,talk,27,3,3,Skip
9,talk,28,4,7,Over
9,talk,29,4,11,ESTIMATE Agent[07] WEREWOLF
9,talk,30,4,5,DISAGREE TALK day1 ID:144
9,talk,31,4,9,Over
9,talk,32,4,3,Over
9,talk,33,4,13,Over
9,talk,34,4,15,ESTIMATE Agent[15] VILLAGER
9,talk,35,5,13,Over
9,talk,36,5,5,DISAGREE TALK day2 ID:124
9,talk,37,5,3,Over
9,talk,38,5,7,Over
9,talk,39,5,9,Over
9,talk,40,5,15,Over
9,talk,41,5,11,ESTIMATE Agent[07] WEREWOLF
9,talk,42,6,13,Over
9,talk,43,6,9,Over
9,talk,44,6,15,Over
9,talk,45,6,5,DISAGREE TALK day2 ID:168
9,talk,46,6,7,Over
9,talk,47,6,11,Skip
9,talk,48,6,3,Over
9,talk,49,7,7,Over
9,talk,50,7,11,ESTIMATE Agent[07] WEREWOLF
9,talk,51,7,9,Over
9,talk,52,7,3,Over
9,talk,53,7,5,DISAGREE TALK day2 ID:196
9,talk,54,7,13,Over
9,talk,55,7,15,Skip
9,talk,56,8,13,Over
9,talk,57,8,11,Over
9,talk,58,8,7,Over
9,talk,59,8,15,ESTIMATE Agent[15] VILLAGER
9,talk,60,8,5,DISAGREE TALK day2 ID:214
9,talk,61,8,3,Over
9,talk,62,8,9,Over
9,talk,63,9,5,DISAGREE TALK day3 ID:54
9,talk,64,9,15,Skip
9,talk,65,9,3,Over
9,talk,66,9,7,Over
9,talk,67,9,9,Over
9,talk,68,9,11,Over
9,talk,69,9,13,Over
9,talk,70,10,7,Over
9,talk,71,10,15,Over
9,talk,72,10,11,ESTIMATE Agent[07] WEREWOLF
9,talk,73,10,13,Over
9,talk,74,10,3,Over
9,talk,75,10,5,Over
9,talk,76,10,9,Over
9,talk,77,11,9,Over
9,talk,78,11,13,Over
9,talk,79,11,7,Over
9,talk,80,11,11,ESTIMATE Agent[07] WEREWOLF
9,talk,81,11,5,Over
9,talk,82,11,15,Over
9,talk,83,11,3,Over
9,talk,84,12,3,Over
9,talk,85,12,7,Over
9,talk,86,12,5,Over
9,talk,87,12,9,Over
9,talk,88,12,15,Over
9,talk,89,12,13,Over
9,talk,90,12,11,Over
9,vote,3,7
9,vote,5,15
9,vote,7,9
9,vote,9,7
9,vote,11,7
9,vote,13,7
9,vote,15,7
9,execute,7,SEER
9,guard,9,7,SEER
9,attack,3,true
10,status,1,WEREWOLF,DEAD,carlo
10,status,2,VILLAGER,DEAD,m_cre
10,status,3,VILLAGER,DEAD,cndl
10,status,4,VILLAGER,DEAD,AITKN
10,status,5,VILLAGER,ALIVE,aplain
10,status,6,VILLAGER,DEAD,takkyubu
10,status,7,SEER,DEAD,kasuka
10,status,8,WEREWOLF,DEAD,johnny
10,status,9,BODYGUARD,ALIVE,hibagon
10,status,10,POSSESSED,DEAD,colun
10,status,11,VILLAGER,ALIVE,wasabi
10,status,12,MEDIUM,DEAD,Udon
10,status,13,WEREWOLF,ALIVE,JuN1Ro
10,status,14,VILLAGER,DEAD,cash
10,status,15,VILLAGER,ALIVE,daisyo
10,talk,0,0,9,VOTE Agent[13]
10,talk,1,0,5,VOTE Agent[11]
10,talk,2,0,11,VOTE Agent[05]
10,talk,3,0,15,VOTE Agent[05]
10,talk,4,0,13,Over
10,talk,5,1,11,VOTE Agent[13]
10,talk,6,1,15,Skip
10,talk,7,1,13,Over
10,talk,8,1,9,Skip
10,talk,9,1,5,Skip
10,talk,10,2,11,ESTIMATE Agent[05] WEREWOLF
10,talk,11,2,9,Skip
10,talk,12,2,5,Skip
10,talk,13,2,13,Over
10,talk,14,2,15,Skip
10,talk,15,3,11,ESTIMATE Agent[13] WEREWOLF
10,talk,16,3,15,Over
10,talk,17,3,5,Over
10,talk,18,3,13,Over
10,talk,19,3,9,Over
10,talk,20,4,9,Over
10,talk,21,4,13,ESTIMATE Agent[15] VILLAGER
10,talk,22,4,11,VOTE Agent[05]
10,talk,23,4,15,Over
10,talk,24,4,5,Over
10,talk,25,5,15,Over
10,talk,26,5,13,Over
10,talk,27,5,5,Over
10,talk,28,5,11,ESTIMATE Agent[05] WEREWOLF
10,talk,29,5,9,Over
10,talk,30,6,13,Over
10,talk,31,6,9,Over
10,talk,32,6,5,Over
10,talk,33,6,11,ESTIMATE Agent[05] WEREWOLF
10,talk,34,6,15,Over
10,talk,35,7,5,Over
10,talk,36,7,13,ESTIMATE Agent[05] WEREWOLF
10,talk,37,7,9,Over
10,talk,38,7,11,ESTIMATE Agent[15] VILLAGER
10,talk,39,7,15,Over
10,talk,40,8,15,ESTIMATE Agent[15] VILLAGER
10,talk,41,8,9,Over
10,talk,42,8,11,ESTIMATE Agent[13] WEREWOLF
10,talk,43,8,5,Over
10,talk,44,8,13,ESTIMATE Agent[05] WEREWOLF
10,talk,45,9,9,Over
10,talk,46,9,13,Over
10,talk,47,9,15,Over
10,talk,48,9,5,Over
10,talk,49,9,11,ESTIMATE Agent[13] WEREWOLF
10,talk,50,10,5,Over
10,talk,51,10,11,Over
10,talk,52,10,9,Over
10,talk,53,10,15,Over
10,talk,54,10,13,Over
10,vote,5,11
10,vote,9,13
10,vote,11,5
10,vote,13,9
10,vote,15,5
10,execute,5,VILLAGER
10,guard,9,13,WEREWOLF
10,attack,15,true
11,status,1,WEREWOLF,DEAD,carlo
11,status,2,VILLAGER,DEAD,m_cre
11,status,3,VILLAGER,DEAD,cndl
11,status,4,VILLAGER,DEAD,AITKN
11,status,5,VILLAGER,DEAD,aplain
11,status,6,VILLAGER,DEAD,takkyubu
11,status,7,SEER,DEAD,kasuka
11,status,8,WEREWOLF,DEAD,johnny
11,status,9,BODYGUARD,ALIVE,hibagon
11,status,10,POSSESSED,DEAD,colun
11,status,11,VILLAGER,ALIVE,wasabi
11,status,12,MEDIUM,DEAD,Udon
11,status,13,WEREWOLF,ALIVE,JuN1Ro
11,status,14,VILLAGER,DEAD,cash
11,status,15,VILLAGER,DEAD,daisyo
11,talk,0,0,13,Over
11,talk,1,0,11,VOTE Agent[13]
11,talk,2,0,9,VOTE Agent[11]
11,talk,3,1,13,Over
11,talk,4,1,11,ESTIMATE Agent[13] WEREWOLF
11,talk,5,1,9,Skip
11,talk,6,2,11,Skip
11,talk,7,2,9,Skip
11,talk,8,2,13,Over
11,talk,9,3,9,Over
11,talk,10,3,11,Skip
11,talk,11,3,13,Over
11,talk,12,4,11,ESTIMATE Agent[13] WEREWOLF
11,talk,13,4,9,Over
11,talk,14,4,13,ESTIMATE Agent[09] WEREWOLF
11,talk,15,5,13,ESTIMATE Agent[09] WEREWOLF
11,talk,16,5,9,Over
11,talk,17,5,11,ESTIMATE Agent[13] WEREWOLF
11,talk,18,6,9,Over
11,talk,19,6,13,Over
11,talk,20,6,11,ESTIMATE Agent[13] WEREWOLF
11,talk,21,7,9,Over
11,talk,22,7,11,Skip
11,talk,23,7,13,Over
11,talk,24,8,11,ESTIMATE Agent[13] WEREWOLF
11,talk,25,8,13,Over
11,talk,26,8,9,Over
11,talk,27,9,11,Over
11,talk,28,9,9,Over
11,talk,29,9,13,Over
11,vote,9,11
11,vote,11,13
11,vote,13,11
11,execute,11,VILLAGER
11,guard,9,13,WEREWOLF
11,attack,9,true
12,status,1,WEREWOLF,DEAD,carlo
12,status,2,VILLAGER,DEAD,m_cre
12,status,3,VILLAGER,DEAD,cndl
12,status,4,VILLAGER,DEAD,AITKN
12,status,5,VILLAGER,DEAD,aplain
12,status,6,VILLAGER,DEAD,takkyubu
12,status,7,SEER,DEAD,kasuka
12,status,8,WEREWOLF,DEAD,johnny
12,status,9,BODYGUARD,DEAD,hibagon
12,status,10,POSSESSED,DEAD,colun
12,status,11,VILLAGER,DEAD,wasabi
12,status,12,MEDIUM,DEAD,Udon
12,status,13,WEREWOLF,ALIVE,JuN1Ro
12,status,14,VILLAGER,DEAD,cash
12,status,15,VILLAGER,DEAD,daisyo
12,result,0,1,WEREWOLF
