0,status,1,VILLAGER,ALIVE,carlo
0,status,2,SEER,ALIVE,m_cre
0,status,3,BODYGUARD,ALIVE,cndl
0,status,4,VILLAGER,ALIVE,AITKN
0,status,5,VILLAGER,ALIVE,aplain
0,status,6,VILLAGER,ALIVE,takkyubu
0,status,7,VILLAGER,ALIVE,kasuka
0,status,8,VILLAGER,ALIVE,johnny
0,status,9,MEDIUM,ALIVE,hibagon
0,status,10,VILLAGER,ALIVE,colun
0,status,11,WEREWOLF,ALIVE,wasabi
0,status,12,POSSESSED,ALIVE,Udon
0,status,13,VILLAGER,ALIVE,JuN1Ro
0,status,14,WEREWOLF,ALIVE,cash
0,status,15,WEREWOLF,ALIVE,daisyo
0,whisper,0,0,11,Over
0,whisper,1,0,15,ATTACK Agent[01]
0,whisper,2,0,14,COMINGOUT Agent[14] VILLAGER
0,whisper,3,1,14,Skip
0,whisper,4,1,11,Over
0,whisper,5,1,15,Skip
0,whisper,6,2,14,Skip
0,whisper,7,2,11,Over
0,whisper,8,2,15,Skip
0,whisper,9,3,14,Over
0,whisper,10,3,11,ATTACK Agent[09]
0,whisper,11,3,15,Over
0,whisper,12,4,11,Over
0,whisper,13,4,14,Over
0,whisper,14,4,15,Over
0,divine,2,10,HUMAN
1,status,1,VILLAGER,ALIVE,carlo
1,status,2,SEER,ALIVE,m_cre
1,status,3,BODYGUARD,ALIVE,cndl
1,status,4,VILLAGER,ALIVE,AITKN
1,status,5,VILLAGER,ALIVE,aplain
1,status,6,VILLAGER,ALIVE,takkyubu
1,status,7,VILLAGER,ALIVE,kasuka
1,status,8,VILLAGER,ALIVE,johnny
1,status,9,MEDIUM,ALIVE,hibagon
1,status,10,VILLAGER,ALIVE,colun
1,status,11,WEREWOLF,ALIVE,wasabi
1,status,12,POSSESSED,ALIVE,Udon
1,status,13,VILLAGER,ALIVE,JuN1Ro
1,status,14,WEREWOLF,ALIVE,cash
1,status,15,WEREWOLF,ALIVE,daisyo
1,talk,0,0,2,COMINGOUT Agent[02] SEER
1,talk,1,0,7,ESTIMATE Agent[10] WEREWOLF
1,talk,2,0,12,COMINGOUT Agent[12] SEER
1,talk,3,0,6,VOTE Agent[15]
1,talk,4,0,8,VOTE Agent[01]
1,talk,5,0,4,VOTE Agent[02]
1,talk,6,0,14,VOTE Agent[06]
1,talk,7,0,11,Skip
1,talk,8,0,9,COMINGOUT Agent[09] MEDIUM
1,talk,9,0,13,VOTE Agent[01]
1,talk,10,0,3,VOTE Agent[02]
1,talk,11,0,1,VOTE Agent[02]
1,talk,12,0,5,VOTE Agent[04]
1,talk,13,0,10,VOTE Agent[12]
1,talk,14,0,15,VOTE Agent[01]
1,talk,15,1,5,Skip
1,talk,16,1,10,Skip
1,talk,17,1,14,VOTE Agent[01]
1,talk,18,1,12,DIVINED Agent[13] HUMAN
1,talk,19,1,4,Skip
1,talk,20,1,1,VOTE Agent[03]
1,talk,21,1,3,VOTE Agent[04]
1,talk,22,1,11,Skip
1,talk,23,1,2,DIVINED Agent[10] HUMAN
1,talk,24,1,15,Skip
1,talk,25,1,8,VOTE Agent[10]
1,talk,26,1,9,VOTE Agent[04]
1,talk,27,1,13,VOTE Agent[01]
1,talk,28,1,7,ESTIMATE Agent[13] WEREWOLF
1,talk,29,1,6,Skip
1,talk,30,2,13,Over
1,talk,31,2,7,ESTIMATE Agent[05] WEREWOLF
1,talk,32,2,14,Skip
1,talk,33,2,9,ESTIMATE Agent[02] SEER
1,talk,34,2,3,Skip
1,talk,35,2,2,VOTE Agent[12]
1,talk,36,2,6,ESTIMATE Agent[12] SEER
1,talk,37,2,4,VOTE Agent[01]
1,talk,38,2,5,ESTIMATE Agent[12] SEER
1,talk,39,2,12,VOTE Agent[02]
1,talk,40,2,11,VOTE Agent[06]
1,talk,41,2,10,ESTIMATE Agent[02] SEER
1,talk,42,2,1,Skip
1,talk,43,2,15,ESTIMATE Agent[09] VILLAGER
1,talk,44,2,8,VOTE Agent[05]
1,talk,45,3,10,Skip
1,talk,46,3,8,Skip
1,talk,47,3,3,VOTE Agent[01]
1,talk,48,3,15,ESTIMATE Agent[09] VILLAGER
1,talk,49,3,13,Over
1,talk,50,3,12,Over
1,talk,51,3,6,Skip
1,talk,52,3,5,Skip
1,talk,53,3,1,Skip
1,talk,54,3,2,Skip
1,talk,55,3,11,ESTIMATE Agent[13] VILLAGER
1,talk,56,3,4,Skip
1,talk,57,3,9,Skip
1,talk,58,3,14,Skip
1,talk,59,3,7,VOTE Agent[03]
1,talk,60,4,9,Skip
1,talk,61,4,8,Skip
1,talk,62,4,1,Over
1,talk,63,4,4,REQUEST(DIVINATION Agent[11])
1,talk,64,4,6,Skip
1,talk,65,4,11,Skip
1,talk,66,4,2,Skip
1,talk,67,4,7,VOTE Agent[01]
1,talk,68,4,5,Skip
1,talk,69,4,14,Over
1,talk,70,4,3,Skip
1,talk,71,4,13,Over
1,talk,72,4,15,ESTIMATE Agent[09] VILLAGER
1,talk,73,4,10,Skip
1,talk,74,4,12,VOTE Agent[03]
1,talk,75,5,1,Over
1,talk,76,5,2,Over
1,talk,77,5,5,Over
1,talk,78,5,4,Skip
1,talk,79,5,9,Over
1,talk,80,5,11,Over
1,talk,81,5,3,Skip
1,talk,82,5,6,Over
1,talk,83,5,10,Over
1,talk,84,5,13,Over
1,talk,85,5,14,Over
1,talk,86,5,12,Over
1,talk,87,5,8,VOTE Agent[05]
1,talk,88,5,7,VOTE Agent[12]
1,talk,89,5,15,Skip
1,talk,90,6,7,Skip
1,talk,91,6,10,Over
1,talk,92,6,6,Over
1,talk,93,6,1,Over
1,talk,94,6,4,Skip
1,talk,95,6,8,Skip
1,talk,96,6,12,Over
1,talk,97,6,11,ESTIMATE Agent[05] VILLAGER
1,talk,98,6,9,Over
1,talk,99,6,2,Over
1,talk,100,6,15,ESTIMATE Agent[09] VILLAGER
1,talk,101,6,14,Over
1,talk,102,6,13,Over
1,talk,103,6,3,Over
1,talk,104,6,5,Over
1,talk,105,7,4,Over
1,talk,106,7,6,Over
1,talk,107,7,13,Over
1,talk,108,7,8,Skip
1,talk,109,7,3,Over
1,talk,110,7,12,Over
1,talk,111,7,10,Over
1,talk,112,7,2,Over
1,talk,113,7,11,Over
1,talk,114,7,14,Over
1,talk,115,7,7,VOTE Agent[15]
1,talk,116,7,15,ESTIMATE Agent[09] VILLAGER
1,talk,117,7,9,Over
1,talk,118,7,1,Over
1,talk,119,7,5,Over
1,talk,120,8,14,Over
1,talk,121,8,1,Over
1,talk,122,8,13,Over
1,talk,123,8,12,Over
1,talk,124,8,5,Over
1,talk,125,8,7,Skip
1,talk,126,8,2,Over
1,talk,127,8,3,Over
1,talk,128,8,4,Over
1,talk,129,8,11,ESTIMATE Agent[14] WEREWOLF
1,talk,130,8,9,Over
1,talk,131,8,15,Skip
1,talk,132,8,8,VOTE Agent[05]
1,talk,133,8,10,Over
1,talk,134,8,6,Over
1,talk,135,9,14,Over
1,talk,136,9,13,Over
1,talk,137,9,1,Over
1,talk,138,9,9,Over
1,talk,139,9,6,Over
1,talk,140,9,11,Over
1,talk,141,9,4,Over
1,talk,142,9,5,Over
1,talk,143,9,2,Over
1,talk,144,9,7,Skip
1,talk,145,9,8,VOTE Agent[14]
1,talk,146,9,15,ESTIMATE Agent[09] VILLAGER
1,talk,147,9,12,Over
1,talk,148,9,3,Over
1,talk,149,9,10,Over
1,talk,150,10,12,Over
1,talk,151,10,7,Over
1,talk,152,10,1,Over
1,talk,153,10,9,Over
1,talk,154,10,10,Over
1,talk,155,10,3,Over
1,talk,156,10,15,Over
1,talk,157,10,14,Over
1,talk,158,10,13,Over
1,talk,159,10,2,Over
1,talk,160,10,8,Skip
1,talk,161,10,5,Over
1,talk,162,10,11,ESTIMATE Agent[08] WEREWOLF
1,talk,163,10,4,Over
1,talk,164,10,6,Over
1,talk,165,11,3,Over
1,talk,166,11,4,Over
1,talk,167,11,11,VOTE Agent[01]
1,talk,168,11,8,Skip
1,talk,169,11,1,Over
1,talk,170,11,15,Over
1,talk,171,11,13,Over
1,talk,172,11,9,Over
1,talk,173,11,14,Over
1,talk,174,11,6,Over
1,talk,175,11,10,Over
1,talk,176,11,5,Over
1,talk,177,11,2,Over
1,talk,178,11,7,Over
1,talk,179,11,12,Over
1,talk,180,12,8,VOTE Agent[14]
1,talk,181,12,4,Over
1,talk,182,12,5,Over
1,talk,183,12,2,Over
1,talk,184,12,6,Over
1,talk,185,12,3,Over
1,talk,186,12,11,Over
1,talk,187,12,7,Over
1,talk,188,12,1,Over
1,talk,189,12,14,Over
1,talk,190,12,12,Over
1,talk,191,12,9,Over
1,talk,192,12,13,Over
1,talk,193,12,10,Over
1,talk,194,12,15,Over
1,talk,195,13,13,Over
1,talk,196,13,15,Over
1,talk,197,13,2,Over
1,talk,198,13,3,Over
1,talk,199,13,4,Over
1,talk,200,13,11,ESTIMATE Agent[10] VILLAGER
1,talk,201,13,1,Over
1,talk,202,13,8,Skip
1,talk,203,13,10,Over
1,talk,204,13,9,Over
1,talk,205,13,7,Over
1,talk,206,13,14,Over
1,talk,207,13,12,Over
1,talk,208,13,6,Over
1,talk,209,13,5,Over
1,talk,210,14,2,Over
1,talk,211,14,9,Over
1,talk,212,14,4,Over
1,talk,213,14,15,Over
1,talk,214,14,8,Skip
1,talk,215,14,1,Over
1,talk,216,14,11,Over
1,talk,217,14,5,Over
1,talk,218,14,13,Over
1,talk,219,14,14,Over
1,talk,220,14,10,Over
1,talk,221,14,3,Over
1,talk,222,14,6,Over
1,talk,223,14,7,Over
1,talk,224,14,12,Over
1,talk,225,15,9,Over
1,talk,226,15,5,Over
1,talk,227,15,2,Over
1,talk,228,15,3,Over
1,talk,229,15,10,Over
1,talk,230,15,6,Over
1,talk,231,15,12,Over
1,talk,232,15,8,VOTE Agent[14]
1,talk,233,15,4,Over
1,talk,234,15,15,Over
1,talk,235,15,1,Over
1,talk,236,15,13,Over
1,talk,237,15,14,Over
1,talk,238,15,7,Over
1,talk,239,15,11,ESTIMATE Agent[13] VILLAGER
1,talk,240,16,14,Over
1,talk,241,16,6,Over
1,talk,242,16,5,Over
1,talk,243,16,8,Skip
1,talk,244,16,9,Over
1,talk,245,16,3,Over
1,talk,246,16,12,Over
1,talk,247,16,2,Over
1,talk,248,16,10,Over
1,talk,249,16,1,Over
1,talk,250,16,13,Over
1,talk,251,16,11,Over
1,talk,252,16,15,Over
1,talk,253,16,7,Over
1,talk,254,16,4,Over
1,talk,255,17,4,Over
1,talk,256,17,12,Over
1,talk,257,17,8,Skip
1,talk,258,17,7,Over
1,talk,259,17,5,Over
1,talk,260,17,1,Over
1,talk,261,17,6,Over
1,talk,262,17,13,Over
1,talk,263,17,10,Over
1,talk,264,17,11,Over
1,talk,265,17,2,Over
1,talk,266,17,14,Over
1,talk,267,17,15,Over
1,talk,268,17,9,Over
1,talk,269,17,3,Over
1,talk,270,18,3,Over
1,talk,271,18,1,Over
1,talk,272,18,8,VOTE Agent[14]
1,talk,273,18,4,Over
1,talk,274,18,5,Over
1,talk,275,18,6,Over
1,talk,276,18,9,Over
1,talk,277,18,14,Over
1,talk,278,18,11,Over
1,talk,279,18,12,Over
1,talk,280,18,2,Over
1,talk,281,18,15,Over
1,talk,282,18,13,Over
1,talk,283,18,10,Over
1,talk,284,18,7,Over
1,talk,285,19,5,Over
1,talk,286,19,7,Over
1,talk,287,19,6,Over
1,talk,288,19,1,Over
1,talk,289,19,4,Over
1,talk,290,19,11,Over
1,talk,291,19,13,Over
1,talk,292,19,12,Over
1,talk,293,19,2,Over
1,talk,294,19,15,Over
1,talk,295,19,3,Over
1,talk,296,19,10,Over
1,talk,297,19,14,Over
1,talk,298,19,9,Over
1,talk,299,19,8,Skip
1,vote,1,3
1,vote,2,12
1,vote,3,1
1,vote,4,1
1,vote,5,4
1,vote,6,15
1,vote,7,15
1,vote,8,14
1,vote,9,4
1,vote,10,12
1,vote,11,1
1,vote,12,3
1,vote,13,1
1,vote,14,1
1,vote,15,1
1,execute,1,VILLAGER
1,divine,2,8,HUMAN
1,whisper,0,0,11,ATTACK Agent[12]
1,whisper,1,0,14,COMINGOUT Agent[14] VILLAGER
1,whisper,2,0,15,ATTACK Agent[09]
1,whisper,3,1,15,Skip
1,whisper,4,1,14,Skip
1,whisper,5,1,11,Over
1,whisper,6,2,11,Over
1,whisper,7,2,15,Skip
1,whisper,8,2,14,Skip
1,whisper,9,3,14,Over
1,whisper,10,3,11,Over
1,whisper,11,3,15,Over
1,guard,3,12,POSSESSED
1,attackVote,11,12
1,attackVote,14,2
1,attackVote,15,9
1,attackVote,11,2
1,attackVote,14,2
1,attackVote,15,9
1,attack,2,true
2,status,1,VILLAGER,DEAD,carlo
2,status,2,SEER,DEAD,m_cre
2,status,3,BODYGUARD,ALIVE,cndl
2,status,4,VILLAGER,ALIVE,AITKN
2,status,5,VILLAGER,ALIVE,aplain
2,status,6,VILLAGER,ALIVE,takkyubu
2,status,7,VILLAGER,ALIVE,kasuka
2,status,8,VILLAGER,ALIVE,johnny
2,status,9,MEDIUM,ALIVE,hibagon
2,status,10,VILLAGER,ALIVE,colun
2,status,11,WEREWOLF,ALIVE,wasabi
2,status,12,POSSESSED,ALIVE,Udon
2,status,13,VILLAGER,ALIVE,JuN1Ro
2,status,14,WEREWOLF,ALIVE,cash
2,status,15,WEREWOLF,ALIVE,daisyo
2,talk,0,0,15,VOTE Agent[06]
2,talk,1,0,7,ESTIMATE Agent[15] WEREWOLF
2,talk,2,0,3,VOTE Agent[04]
2,talk,3,0,9,IDENTIFIED Agent[01] HUMAN
2,talk,4,0,11,VOTE Agent[14]
2,talk,5,0,12,DIVINED Agent[03] HUMAN
2,talk,6,0,5,VOTE Agent[08]
2,talk,7,0,13,VOTE Agent[06]
2,talk,8,0,14,VOTE Agent[03]
2,talk,9,0,8,VOTE Agent[14]
2,talk,10,0,6,VOTE Agent[03]
2,talk,11,0,10,AGREE TALK day1 ID:36
2,talk,12,0,4,VOTE Agent[13]
2,talk,13,1,12,VOTE Agent[10]
2,talk,14,1,11,Skip
2,talk,15,1,9,AGREE TALK day1 ID:36
2,talk,16,1,10,AGREE TALK day1 ID:38
2,talk,17,1,3,VOTE Agent[14]
2,talk,18,1,7,ESTIMATE Agent[10] WEREWOLF
2,talk,19,1,14,Skip
2,talk,20,1,8,VOTE Agent[05]
2,talk,21,1,6,Skip
2,talk,22,1,13,VOTE Agent[06]
2,talk,23,1,15,Skip
2,talk,24,1,5,Skip
2,talk,25,1,4,VOTE Agent[14]
2,talk,26,2,4,Skip
2,talk,27,2,12,Over
2,talk,28,2,9,AGREE TALK day1 ID:38
2,talk,29,2,6,Skip
2,talk,30,2,7,ESTIMATE Agent[01] WEREWOLF
2,talk,31,2,8,Skip
2,talk,32,2,11,Skip
2,talk,33,2,3,Skip
2,talk,34,2,10,ESTIMATE Agent[12] SEER
2,talk,35,2,5,Skip
2,talk,36,2,13,VOTE Agent[14]
2,talk,37,2,14,Skip
2,talk,38,2,15,Skip
2,talk,39,3,6,Over
2,talk,40,3,9,ESTIMATE Agent[12] SEER
2,talk,41,3,15,Over
2,talk,42,3,4,Skip
2,talk,43,3,3,Skip
2,talk,44,3,11,Over
2,talk,45,3,13,Over
2,talk,46,3,12,Over
2,talk,47,3,7,VOTE Agent[15]
2,talk,48,3,10,VOTE Agent[06]
2,talk,49,3,14,Over
2,talk,50,3,5,Over
2,talk,51,3,8,Skip
2,talk,52,4,3,Over
2,talk,53,4,8,VOTE Agent[05]
2,talk,54,4,9,VOTE Agent[06]
2,talk,55,4,14,Over
2,talk,56,4,7,Skip
2,talk,57,4,13,ESTIMATE Agent[14] WEREWOLF
2,talk,58,4,6,Over
2,talk,59,4,15,ESTIMATE Agent[09] VILLAGER
2,talk,60,4,4,REQUEST(DIVINATION Agent[11])
2,talk,61,4,10,Skip
2,talk,62,4,11,ESTIMATE Agent[03] VILLAGER
2,talk,63,4,12,Over
2,talk,64,4,5,Over
2,talk,65,5,9,Skip
2,talk,66,5,12,Over
2,talk,67,5,13,Over
2,talk,68,5,3,Over
2,talk,69,5,15,Skip
2,talk,70,5,11,VOTE Agent[06]
2,talk,71,5,6,Over
2,talk,72,5,4,Skip
2,talk,73,5,8,Skip
2,talk,74,5,14,Over
2,talk,75,5,5,Over
2,talk,76,5,10,Skip
2,talk,77,5,7,Skip
2,talk,78,6,11,Over
2,talk,79,6,12,Over
2,talk,80,6,10,Over
2,talk,81,6,5,Over
2,talk,82,6,15,Over
2,talk,83,6,3,VOTE Agent[04]
2,talk,84,6,14,VOTE Agent[05]
2,talk,85,6,6,Over
2,talk,86,6,7,Over
2,talk,87,6,8,Skip
2,talk,88,6,4,VOTE Agent[06]
2,talk,89,6,13,VOTE Agent[06]
2,talk,90,6,9,Skip
2,talk,91,7,15,ESTIMATE Agent[09] VILLAGER
2,talk,92,7,10,Over
2,talk,93,7,11,Over
2,talk,94,7,7,Over
2,talk,95,7,5,Over
2,talk,96,7,9,Over
2,talk,97,7,6,Over
2,talk,98,7,8,VOTE Agent[07]
2,talk,99,7,12,Over
2,talk,100,7,4,Skip
2,talk,101,7,14,VOTE Agent[03]
2,talk,102,7,13,Over
2,talk,103,7,3,Skip
2,talk,104,8,8,Skip
2,talk,105,8,9,Over
2,talk,106,8,4,Skip
2,talk,107,8,6,Over
2,talk,108,8,7,Over
2,talk,109,8,5,Over
2,talk,110,8,12,Over
2,talk,111,8,10,Over
2,talk,112,8,13,ESTIMATE Agent[14] VILLAGER
2,talk,113,8,14,VOTE Agent[08]
2,talk,114,8,15,Over
2,talk,115,8,11,ESTIMATE Agent[13] VILLAGER
2,talk,116,8,3,Skip
2,talk,117,9,15,Skip
2,talk,118,9,7,Over
2,talk,119,9,11,Over
2,talk,120,9,9,Over
2,talk,121,9,5,Over
2,talk,122,9,6,Over
2,talk,123,9,3,Over
2,talk,124,9,14,Skip
2,talk,125,9,4,Over
2,talk,126,9,8,Skip
2,talk,127,9,10,Over
2,talk,128,9,13,Over
2,talk,129,9,12,Over
2,talk,130,10,11,Over
2,talk,131,10,9,Over
2,talk,132,10,5,Over
2,talk,133,10,14,Over
2,talk,134,10,15,Over
2,talk,135,10,7,Over
2,talk,136,10,10,Over
2,talk,137,10,3,Over
2,talk,138,10,6,Over
2,talk,139,10,12,Over
2,talk,140,10,8,VOTE Agent[07]
2,talk,141,10,4,Over
2,talk,142,10,13,ESTIMATE Agent[06] WEREWOLF
2,talk,143,11,4,Over
2,talk,144,11,6,Over
2,talk,145,11,11,Over
2,talk,146,11,5,Over
2,talk,147,11,7,Over
2,talk,148,11,9,Over
2,talk,149,11,3,Over
2,talk,150,11,14,VOTE Agent[03]
2,talk,151,11,10,Over
2,talk,152,11,12,Over
2,talk,153,11,15,Over
2,talk,154,11,13,Over
2,talk,155,11,8,Skip
2,talk,156,12,3,Over
2,talk,157,12,11,Over
2,talk,158,12,10,Over
2,talk,159,12,5,Over
2,talk,160,12,7,Over
2,talk,161,12,14,Over
2,talk,162,12,9,Over
2,talk,163,12,12,Over
2,talk,164,12,15,Over
2,talk,165,12,4,Over
2,talk,166,12,8,Skip
2,talk,167,12,6,Over
2,talk,168,12,13,Over
2,talk,169,13,14,Over
2,talk,170,13,11,Over
2,talk,171,13,13,Over
2,talk,172,13,5,Over
2,talk,173,13,10,Over
2,talk,174,13,12,Over
2,talk,175,13,3,Over
2,talk,176,13,6,Over
2,talk,177,13,15,Over
2,talk,178,13,9,Over
2,talk,179,13,8,VOTE Agent[07]
2,talk,180,13,4,Over
2,talk,181,13,7,Over
2,talk,182,14,3,Over
2,talk,183,14,11,ESTIMATE Agent[10] VILLAGER
2,talk,184,14,12,Over
2,talk,185,14,8,Skip
2,talk,186,14,13,Over
2,talk,187,14,5,Over
2,talk,188,14,15,Over
2,talk,189,14,14,Over
2,talk,190,14,9,Over
2,talk,191,14,6,Over
2,talk,192,14,4,Over
2,talk,193,14,7,Over
2,talk,194,14,10,Over
2,talk,195,15,14,Over
2,talk,196,15,7,Over
2,talk,197,15,12,Over
2,talk,198,15,11,Over
2,talk,199,15,5,Over
2,talk,200,15,13,Over
2,talk,201,15,10,Over
2,talk,202,15,8,Skip
2,talk,203,15,4,Over
2,talk,204,15,6,Over
2,talk,205,15,9,Over
2,talk,206,15,15,Over
2,talk,207,15,3,Over
2,talk,208,16,10,Over
2,talk,209,16,13,Over
2,talk,210,16,5,Over
2,talk,211,16,11,ESTIMATE Agent[14] WEREWOLF
2,talk,212,16,14,Over
2,talk,213,16,7,Over
2,talk,214,16,8,VOTE Agent[07]
2,talk,215,16,4,Over
2,talk,216,16,6,Over
2,talk,217,16,15,Over
2,talk,218,16,9,Over
2,talk,219,16,3,Over
2,talk,220,16,12,Over
2,talk,221,17,15,Over
2,talk,222,17,8,Skip
2,talk,223,17,11,VOTE Agent[14]
2,talk,224,17,14,Over
2,talk,225,17,5,Over
2,talk,226,17,3,Over
2,talk,227,17,12,Over
2,talk,228,17,9,Over
2,talk,229,17,4,Over
2,talk,230,17,10,Over
2,talk,231,17,6,Over
2,talk,232,17,13,Over
2,talk,233,17,7,Over
2,talk,234,18,6,Over
2,talk,235,18,15,Over
2,talk,236,18,13,Over
2,talk,237,18,9,Over
2,talk,238,18,8,Skip
2,talk,239,18,5,Over
2,talk,240,18,4,Over
2,talk,241,18,3,Over
2,talk,242,18,12,Over
2,talk,243,18,10,Over
2,talk,244,18,14,Over
2,talk,245,18,7,Over
2,talk,246,18,11,VOTE Agent[15]
2,talk,247,19,15,Over
2,talk,248,19,13,Over
2,talk,249,19,6,Over
2,talk,250,19,8,VOTE Agent[07]
2,talk,251,19,9,Over
2,talk,252,19,11,Over
2,talk,253,19,14,VOTE Agent[08]
2,talk,254,19,4,Over
2,talk,255,19,12,Over
2,talk,256,19,10,Over
2,talk,257,19,7,Over
2,talk,258,19,3,Over
2,talk,259,19,5,Over
2,vote,3,4
2,vote,4,6
2,vote,5,8
2,vote,6,3
2,vote,7,15
2,vote,8,7
2,vote,9,6
2,vote,10,6
2,vote,11,15
2,vote,12,10
2,vote,13,6
2,vote,14,8
2,vote,15,6
2,execute,6,VILLAGER
2,whisper,0,0,11,Over
2,whisper,1,0,14,COMINGOUT Agent[14] VILLAGER
2,whisper,2,0,15,ATTACK Agent[09]
2,whisper,3,1,15,Skip
2,whisper,4,1,11,ATTACK Agent[10]
2,whisper,5,1,14,Skip
2,whisper,6,2,15,Skip
2,whisper,7,2,14,Skip
2,whisper,8,2,11,Over
2,whisper,9,3,14,Over
2,whisper,10,3,15,Over
2,whisper,11,3,11,Over
2,guard,3,12,POSSESSED
2,attackVote,11,10
2,attackVote,14,12
2,attackVote,15,9
2,attackVote,11,9
2,attackVote,14,12
2,attackVote,15,9
2,attack,9,true
3,status,1,VILLAGER,DEAD,carlo
3,status,2,SEER,DEAD,m_cre
3,status,3,BODYGUARD,ALIVE,cndl
3,status,4,VILLAGER,ALIVE,AITKN
3,status,5,VILLAGER,ALIVE,aplain
3,status,6,VILLAGER,DEAD,takkyubu
3,status,7,VILLAGER,ALIVE,kasuka
3,status,8,VILLAGER,ALIVE,johnny
3,status,9,MEDIUM,DEAD,hibagon
3,status,10,VILLAGER,ALIVE,colun
3,status,11,WEREWOLF,ALIVE,wasabi
3,status,12,POSSESSED,ALIVE,Udon
3,status,13,VILLAGER,ALIVE,JuN1Ro
3,status,14,WEREWOLF,ALIVE,cash
3,status,15,WEREWOLF,ALIVE,daisyo
3,talk,0,0,5,VOTE Agent[14]
3,talk,1,0,10,VOTE Agent[04]
3,talk,2,0,11,Skip
3,talk,3,0,3,VOTE Agent[04]
3,talk,4,0,15,VOTE Agent[07]
3,talk,5,0,7,ESTIMATE Agent[14] WEREWOLF
3,talk,6,0,14,VOTE Agent[04]
3,talk,7,0,8,VOTE Agent[07]
3,talk,8,0,12,DIVINED Agent[05] HUMAN
3,talk,9,0,4,Skip
3,talk,10,0,13,VOTE Agent[14]
3,talk,11,1,5,Skip
3,talk,12,1,10,Skip
3,talk,13,1,12,VOTE Agent[10]
3,talk,14,1,7,ESTIMATE Agent[15] WEREWOLF
3,talk,15,1,15,Skip
3,talk,16,1,3,Skip
3,talk,17,1,11,Skip
3,talk,18,1,8,VOTE Agent[11]
3,talk,19,1,14,Skip
3,talk,20,1,13,Over
3,talk,21,1,4,VOTE Agent[07]
3,talk,22,2,3,Skip
3,talk,23,2,11,VOTE Agent[15]
3,talk,24,2,5,Skip
3,talk,25,2,7,ESTIMATE Agent[01] WEREWOLF
3,talk,26,2,4,REQUEST(DIVINATION Agent[11])
3,talk,27,2,10,Skip
3,talk,28,2,13,Over
3,talk,29,2,14,Skip
3,talk,30,2,15,Over
3,talk,31,2,12,Over
3,talk,32,2,8,Skip
3,talk,33,3,8,Skip
3,talk,34,3,4,VOTE Agent[14]
3,talk,35,3,10,Over
3,talk,36,3,5,Over
3,talk,37,3,12,Over
3,talk,38,3,13,Over
3,talk,39,3,15,Over
3,talk,40,3,7,VOTE Agent[08]
3,talk,41,3,3,Over
3,talk,42,3,14,Over
3,talk,43,3,11,ESTIMATE Agent[03] VILLAGER
3,talk,44,4,8,VOTE Agent[11]
3,talk,45,4,11,Skip
3,talk,46,4,12,Over
3,talk,47,4,3,Over
3,talk,48,4,13,Over
3,talk,49,4,10,Over
3,talk,50,4,15,Skip
3,talk,51,4,14,Over
3,talk,52,4,5,Over
3,talk,53,4,7,Skip
3,talk,54,4,4,VOTE Agent[07]
3,talk,55,5,4,VOTE Agent[14]
3,talk,56,5,10,Over
3,talk,57,5,13,Over
3,talk,58,5,5,Over
3,talk,59,5,15,Over
3,talk,60,5,8,Skip
3,talk,61,5,7,Skip
3,talk,62,5,3,Over
3,talk,63,5,14,Over
3,talk,64,5,11,Over
3,talk,65,5,12,Over
3,talk,66,6,15,ESTIMATE Agent[10] VILLAGER
3,talk,67,6,3,Over
3,talk,68,6,11,Over
3,talk,69,6,5,Over
3,talk,70,6,7,Over
3,talk,71,6,4,Skip
3,talk,72,6,12,Over
3,talk,73,6,8,Skip
3,talk,74,6,10,Over
3,talk,75,6,13,Over
3,talk,76,6,14,Over
3,talk,77,7,15,Skip
3,talk,78,7,11,Over
3,talk,79,7,13,Over
3,talk,80,7,12,Over
3,talk,81,7,4,Skip
3,talk,82,7,14,Over
3,talk,83,7,8,VOTE Agent[11]
3,talk,84,7,5,Over
3,talk,85,7,3,Over
3,talk,86,7,7,Over
3,talk,87,7,10,Over
3,talk,88,8,4,Over
3,talk,89,8,11,Over
3,talk,90,8,13,Over
3,talk,91,8,12,Over
3,talk,92,8,5,Over
3,talk,93,8,15,ESTIMATE Agent[10] VILLAGER
3,talk,94,8,8,Skip
3,talk,95,8,7,Over
3,talk,96,8,10,Over
3,talk,97,8,3,Over
3,talk,98,8,14,Over
3,talk,99,9,7,Over
3,talk,100,9,13,Over
3,talk,101,9,3,Over
3,talk,102,9,14,Over
3,talk,103,9,11,Over
3,talk,104,9,5,Over
3,talk,105,9,8,Skip
3,talk,106,9,10,Over
3,talk,107,9,4,Over
3,talk,108,9,12,Over
3,talk,109,9,15,ESTIMATE Agent[10] VILLAGER
3,talk,110,10,3,Over
3,talk,111,10,5,Over
3,talk,112,10,11,Over
3,talk,113,10,8,VOTE Agent[11]
3,talk,114,10,10,Over
3,talk,115,10,12,Over
3,talk,116,10,7,Over
3,talk,117,10,4,Over
3,talk,118,10,15,Over
3,talk,119,10,14,Over
3,talk,120,10,13,Over
3,talk,121,11,7,Over
3,talk,122,11,14,Over
3,talk,123,11,8,Skip
3,talk,124,11,5,Over
3,talk,125,11,11,ESTIMATE Agent[13] VILLAGER
3,talk,126,11,15,Over
3,talk,127,11,3,Over
3,talk,128,11,10,Over
3,talk,129,11,12,Over
3,talk,130,11,4,Over
3,talk,131,11,13,Over
3,talk,132,12,8,Skip
3,talk,133,12,5,Over
3,talk,134,12,13,Over
3,talk,135,12,10,Over
3,talk,136,12,4,Over
3,talk,137,12,3,Over
3,talk,138,12,14,Over
3,talk,139,12,15,Over
3,talk,140,12,12,Over
3,talk,141,12,11,ESTIMATE Agent[13] VILLAGER
3,talk,142,12,7,Over
3,talk,143,13,10,Over
3,talk,144,13,7,Over
3,talk,145,13,5,Over
3,talk,146,13,14,Over
3,talk,147,13,13,Over
3,talk,148,13,11,ESTIMATE Agent[10] VILLAGER
3,talk,149,13,8,VOTE Agent[11]
3,talk,150,13,3,Over
3,talk,151,13,4,Over
3,talk,152,13,15,Over
3,talk,153,13,12,Over
3,talk,154,14,11,Over
3,talk,155,14,4,VOTE Agent[11]
3,talk,156,14,14,Over
3,talk,157,14,12,Over
3,talk,158,14,7,Over
3,talk,159,14,8,Skip
3,talk,160,14,5,Over
3,talk,161,14,10,Over
3,talk,162,14,13,Over
3,talk,163,14,15,Over
3,talk,164,14,3,Over
3,talk,165,15,15,Over
3,talk,166,15,14,Over
3,talk,167,15,7,Over
3,talk,168,15,5,Over
3,talk,169,15,13,Over
3,talk,170,15,8,Skip
3,talk,171,15,11,VOTE Agent[08]
3,talk,172,15,4,Skip
3,talk,173,15,10,Over
3,talk,174,15,3,Over
3,talk,175,15,12,Over
3,talk,176,16,13,Over
3,talk,177,16,14,Over
3,talk,178,16,10,Over
3,talk,179,16,12,Over
3,talk,180,16,11,Over
3,talk,181,16,7,Over
3,talk,182,16,5,Over
3,talk,183,16,15,Over
3,talk,184,16,8,VOTE Agent[11]
3,talk,185,16,4,Skip
3,talk,186,16,3,Over
3,talk,187,17,7,Over
3,talk,188,17,12,Over
3,talk,189,17,15,Over
3,talk,190,17,11,Over
3,talk,191,17,5,Over
3,talk,192,17,3,Over
3,talk,193,17,8,Skip
3,talk,194,17,14,Over
3,talk,195,17,4,Over
3,talk,196,17,10,Over
3,talk,197,17,13,Over
3,talk,198,18,7,Over
3,talk,199,18,5,Over
3,talk,200,18,13,Over
3,talk,201,18,12,Over
3,talk,202,18,3,Over
3,talk,203,18,4,Over
3,talk,204,18,14,Over
3,talk,205,18,15,Over
3,talk,206,18,8,Skip
3,talk,207,18,11,Over
3,talk,208,18,10,Over
3,talk,209,19,5,Over
3,talk,210,19,13,Over
3,talk,211,19,12,Over
3,talk,212,19,3,Over
3,talk,213,19,7,Over
3,talk,214,19,10,Over
3,talk,215,19,8,VOTE Agent[11]
3,talk,216,19,15,Over
3,talk,217,19,4,Over
3,talk,218,19,14,Over
3,talk,219,19,11,Over
3,vote,3,4
3,vote,4,11
3,vote,5,14
3,vote,7,8
3,vote,8,11
3,vote,10,4
3,vote,11,8
3,vote,12,10
3,vote,13,14
3,vote,14,4
3,vote,15,7
3,execute,4,VILLAGER
3,whisper,0,0,15,ATTACK Agent[10]
3,whisper,1,0,14,COMINGOUT Agent[14] VILLAGER
3,whisper,2,0,11,Over
3,whisper,3,1,15,Skip
3,whisper,4,1,11,Over
3,whisper,5,1,14,Skip
3,whisper,6,2,11,ATTACK Agent[10]
3,whisper,7,2,14,Skip
3,whisper,8,2,15,Skip
3,whisper,9,3,15,Over
3,whisper,10,3,14,Over
3,whisper,11,3,11,Over
3,guard,3,12,POSSESSED
3,attackVote,11,10
3,attackVote,15,10
3,attack,10,true
4,status,1,VILLAGER,DEAD,carlo
4,status,2,SEER,DEAD,m_cre
4,status,3,BODYGUARD,ALIVE,cndl
4,status,4,VILLAGER,DEAD,AITKN
4,status,5,VILLAGER,ALIVE,aplain
4,status,6,VILLAGER,DEAD,takkyubu
4,status,7,VILLAGER,ALIVE,kasuka
4,status,8,VILLAGER,ALIVE,johnny
4,status,9,MEDIUM,DEAD,hibagon
4,status,10,VILLAGER,DEAD,colun
4,status,11,WEREWOLF,ALIVE,wasabi
4,status,12,POSSESSED,ALIVE,Udon
4,status,13,VILLAGER,ALIVE,JuN1Ro
4,status,14,WEREWOLF,ALIVE,cash
4,status,15,WEREWOLF,ALIVE,daisyo
4,talk,0,0,11,Skip
4,talk,1,0,7,ESTIMATE Agent[08] WEREWOLF
4,talk,2,0,13,VOTE Agent[14]
4,talk,3,0,5,VOTE Agent[07]
4,talk,4,0,12,DIVINED Agent[15] HUMAN
4,talk,5,0,8,VOTE Agent[11]
4,talk,6,0,3,VOTE Agent[14]
4,talk,7,0,15,VOTE Agent[07]
4,talk,8,0,14,VOTE Agent[13]
4,talk,9,1,14,Skip
4,talk,10,1,7,ESTIMATE Agent[03] WEREWOLF
4,talk,11,1,11,Skip
4,talk,12,1,5,Skip
4,talk,13,1,13,ESTIMATE Agent[14] VILLAGER
4,talk,14,1,15,Skip
4,talk,15,1,12,VOTE Agent[07]
4,talk,16,1,3,VOTE Agent[11]
4,talk,17,1,8,Skip
4,talk,18,2,5,Skip
4,talk,19,2,13,Over
4,talk,20,2,8,Skip
4,talk,21,2,11,Over
4,talk,22,2,3,Skip
4,talk,23,2,7,ESTIMATE Agent[15] WEREWOLF
4,talk,24,2,14,VOTE Agent[08]
4,talk,25,2,12,Over
4,talk,26,2,15,ESTIMATE Agent[08] VILLAGER
4,talk,27,3,13,Over
4,talk,28,3,7,VOTE Agent[08]
4,talk,29,3,8,VOTE Agent[11]
4,talk,30,3,3,Skip
4,talk,31,3,15,ESTIMATE Agent[08] VILLAGER
4,talk,32,3,14,Skip
4,talk,33,3,12,Over
4,talk,34,3,5,Over
4,talk,35,3,11,Over
4,talk,36,4,5,Over
4,talk,37,4,7,Skip
4,talk,38,4,11,Over
4,talk,39,4,12,Over
4,talk,40,4,14,Skip
4,talk,41,4,3,VOTE Agent[08]
4,talk,42,4,13,Over
4,talk,43,4,15,ESTIMATE Agent[08] VILLAGER
4,talk,44,4,8,Skip
4,talk,45,5,15,Skip
4,talk,46,5,12,Over
4,talk,47,5,13,Over
4,talk,48,5,8,Skip
4,talk,49,5,3,Skip
4,talk,50,5,7,Skip
4,talk,51,5,11,Over
4,talk,52,5,5,Over
4,talk,53,5,14,VOTE Agent[05]
4,talk,54,6,8,VOTE Agent[11]
4,talk,55,6,13,Over
4,talk,56,6,14,Skip
4,talk,57,6,5,Over
4,talk,58,6,15,Skip
4,talk,59,6,12,Over
4,talk,60,6,11,VOTE Agent[08]
4,talk,61,6,3,VOTE Agent[11]
4,talk,62,6,7,Over
4,talk,63,7,14,VOTE Agent[08]
4,talk,64,7,8,Skip
4,talk,65,7,5,Over
4,talk,66,7,15,ESTIMATE Agent[08] VILLAGER
4,talk,67,7,3,VOTE Agent[08]
4,talk,68,7,12,Over
4,talk,69,7,13,Over
4,talk,70,7,7,Over
4,talk,71,7,11,ESTIMATE Agent[13] VILLAGER
4,talk,72,8,14,VOTE Agent[05]
4,talk,73,8,5,Over
4,talk,74,8,11,Over
4,talk,75,8,13,ESTIMATE Agent[14] WEREWOLF
4,talk,76,8,15,ESTIMATE Agent[08] VILLAGER
4,talk,77,8,3,Skip
4,talk,78,8,8,Skip
4,talk,79,8,12,Over
4,talk,80,8,7,VOTE Agent[03]
4,talk,81,9,11,Over
4,talk,82,9,12,Over
4,talk,83,9,13,Over
4,talk,84,9,3,VOTE Agent[14]
4,talk,85,9,15,ESTIMATE Agent[08] VILLAGER
4,talk,86,9,8,VOTE Agent[11]
4,talk,87,9,14,VOTE Agent[13]
4,talk,88,9,7,Skip
4,talk,89,9,5,Over
4,talk,90,10,7,Skip
4,talk,91,10,13,Over
4,talk,92,10,3,Skip
4,talk,93,10,5,Over
4,talk,94,10,12,Over
4,talk,95,10,11,Over
4,talk,96,10,14,Over
4,talk,97,10,8,Skip
4,talk,98,10,15,Over
4,talk,99,11,8,Skip
4,talk,100,11,13,Over
4,talk,101,11,15,Over
4,talk,102,11,11,ESTIMATE Agent[14] WEREWOLF
4,talk,103,11,12,Over
4,talk,104,11,5,Over
4,talk,105,11,14,Over
4,talk,106,11,3,Skip
4,talk,107,11,7,Over
4,talk,108,12,8,VOTE Agent[11]
4,talk,109,12,12,Over
4,talk,110,12,5,Over
4,talk,111,12,14,Over
4,talk,112,12,7,Over
4,talk,113,12,3,Over
4,talk,114,12,11,VOTE Agent[14]
4,talk,115,12,15,Over
4,talk,116,12,13,Over
4,talk,117,13,11,Over
4,talk,118,13,5,Over
4,talk,119,13,12,Over
4,talk,120,13,13,Over
4,talk,121,13,14,VOTE Agent[05]
4,talk,122,13,7,Over
4,talk,123,13,3,Over
4,talk,124,13,15,Over
4,talk,125,13,8,Skip
4,talk,126,14,7,Over
4,talk,127,14,14,Over
4,talk,128,14,15,Over
4,talk,129,14,12,Over
4,talk,130,14,13,Over
4,talk,131,14,11,Over
4,talk,132,14,8,Skip
4,talk,133,14,3,Over
4,talk,134,14,5,Over
4,talk,135,15,8,VOTE Agent[11]
4,talk,136,15,14,Over
4,talk,137,15,15,Over
4,talk,138,15,3,Over
4,talk,139,15,12,Over
4,talk,140,15,5,Over
4,talk,141,15,13,Over
4,talk,142,15,11,Over
4,talk,143,15,7,Over
4,talk,144,16,8,Skip
4,talk,145,16,5,Over
4,talk,146,16,12,Over
4,talk,147,16,7,Over
4,talk,148,16,13,Over
4,talk,149,16,3,Over
4,talk,150,16,15,Over
4,talk,151,16,14,Over
4,talk,152,16,11,Over
4,talk,153,17,13,Over
4,talk,154,17,3,Over
4,talk,155,17,8,Skip
4,talk,156,17,11,Over
4,talk,157,17,12,Over
4,talk,158,17,14,Over
4,talk,159,17,5,Over
4,talk,160,17,15,Over
4,talk,161,17,7,Over
4,talk,162,18,13,Over
4,talk,163,18,14,Over
4,talk,164,18,8,VOTE Agent[11]
4,talk,165,18,15,Over
4,talk,166,18,5,Over
4,talk,167,18,12,Over
4,talk,168,18,3,Over
4,talk,169,18,11,Over
4,talk,170,18,7,Over
4,talk,171,19,5,Over
4,talk,172,19,12,Over
4,talk,173,19,7,Over
4,talk,174,19,15,Over
4,talk,175,19,14,Over
4,talk,176,19,3,Over
4,talk,177,19,11,Over
4,talk,178,19,8,Skip
4,talk,179,19,13,Over
4,vote,3,14
4,vote,5,7
4,vote,7,3
4,vote,8,11
4,vote,11,14
4,vote,12,7
4,vote,13,14
4,vote,14,5
4,vote,15,7
4,vote,3,14
4,vote,5,7
4,vote,7,3
4,vote,8,11
4,vote,11,14
4,vote,12,7
4,vote,13,14
4,vote,14,5
4,vote,15,7
4,execute,7,VILLAGER
4,whisper,0,0,11,Over
4,whisper,1,0,14,COMINGOUT Agent[14] VILLAGER
4,whisper,2,0,15,ATTACK Agent[14]
4,whisper,3,1,14,Skip
4,whisper,4,1,15,Skip
4,whisper,5,1,11,Over
4,whisper,6,2,11,Over
4,whisper,7,2,15,Skip
4,whisper,8,2,14,Skip
4,whisper,9,3,14,Over
4,whisper,10,3,15,Over
4,whisper,11,3,11,Over
4,guard,3,12,POSSESSED
4,attackVote,11,13
4,attackVote,14,12
4,attackVote,11,13
4,attackVote,14,12
4,attack,13,true
5,status,1,VILLAGER,DEAD,carlo
5,status,2,SEER,DEAD,m_cre
5,status,3,BODYGUARD,ALIVE,cndl
5,status,4,VILLAGER,DEAD,AITKN
5,status,5,VILLAGER,ALIVE,aplain
5,status,6,VILLAGER,DEAD,takkyubu
5,status,7,VILLAGER,DEAD,kasuka
5,status,8,VILLAGER,ALIVE,johnny
5,status,9,MEDIUM,DEAD,hibagon
5,status,10,VILLAGER,DEAD,colun
5,status,11,WEREWOLF,ALIVE,wasabi
5,status,12,POSSESSED,ALIVE,Udon
5,status,13,VILLAGER,DEAD,JuN1Ro
5,status,14,WEREWOLF,ALIVE,cash
5,status,15,WEREWOLF,ALIVE,daisyo
5,talk,0,0,14,VOTE Agent[05]
5,talk,1,0,12,DIVINED Agent[11] HUMAN
5,talk,2,0,11,Skip
5,talk,3,0,8,VOTE Agent[11]
5,talk,4,0,5,VOTE Agent[11]
5,talk,5,0,15,VOTE Agent[12]
5,talk,6,0,3,VOTE Agent[14]
5,talk,7,1,3,VOTE Agent[12]
5,talk,8,1,8,VOTE Agent[15]
5,talk,9,1,14,Skip
5,talk,10,1,5,Skip
5,talk,11,1,11,VOTE Agent[08]
5,talk,12,1,15,ESTIMATE Agent[03] VILLAGER
5,talk,13,1,12,VOTE Agent[14]
5,talk,14,2,8,Skip
5,talk,15,2,5,Skip
5,talk,16,2,3,VOTE Agent[08]
5,talk,17,2,11,ESTIMATE Agent[15] VILLAGER
5,talk,18,2,14,VOTE Agent[12]
5,talk,19,2,15,Skip
5,talk,20,2,12,Over
5,talk,21,3,12,Over
5,talk,22,3,14,VOTE Agent[08]
5,talk,23,3,15,ESTIMATE Agent[03] VILLAGER
5,talk,24,3,8,Skip
5,talk,25,3,3,Skip
5,talk,26,3,11,Skip
5,talk,27,3,5,Over
5,talk,28,4,8,VOTE Agent[15]
5,talk,29,4,5,Over
5,talk,30,4,11,Skip
5,talk,31,4,12,Over
5,talk,32,4,15,Over
5,talk,33,4,14,Skip
5,talk,34,4,3,Skip
5,talk,35,5,14,Skip
5,talk,36,5,5,Over
5,talk,37,5,11,Over
5,talk,38,5,15,Skip
5,talk,39,5,12,Over
5,talk,40,5,8,Skip
5,talk,41,5,3,Over
5,talk,42,6,14,Over
5,talk,43,6,12,Over
5,talk,44,6,3,Over
5,talk,45,6,8,Skip
5,talk,46,6,5,Over
5,talk,47,6,15,Skip
5,talk,48,6,11,Over
5,talk,49,7,12,Over
5,talk,50,7,8,VOTE Agent[15]
5,talk,51,7,14,Over
5,talk,52,7,11,Over
5,talk,53,7,3,Over
5,talk,54,7,5,Over
5,talk,55,7,15,ESTIMATE Agent[03] VILLAGER
5,talk,56,8,12,Over
5,talk,57,8,14,Over
5,talk,58,8,8,Skip
5,talk,59,8,15,Skip
5,talk,60,8,11,ESTIMATE Agent[05] VILLAGER
5,talk,61,8,5,Over
5,talk,62,8,3,Over
5,talk,63,9,5,Over
5,talk,64,9,12,Over
5,talk,65,9,14,Over
5,talk,66,9,11,Over
5,talk,67,9,15,Skip
5,talk,68,9,3,Over
5,talk,69,9,8,Skip
5,talk,70,10,5,Over
5,talk,71,10,12,Over
5,talk,72,10,3,Over
5,talk,73,10,8,VOTE Agent[15]
5,talk,74,10,15,Over
5,talk,75,10,14,Over
5,talk,76,10,11,Over
5,talk,77,11,3,Over
5,talk,78,11,5,Over
5,talk,79,11,14,Over
5,talk,80,11,11,Over
5,talk,81,11,8,Skip
5,talk,82,11,12,Over
5,talk,83,11,15,Over
5,talk,84,12,3,Over
5,talk,85,12,8,Skip
5,talk,86,12,5,Over
5,talk,87,12,15,Over
5,talk,88,12,12,Over
5,talk,89,12,14,Over
5,talk,90,12,11,Over
5,talk,91,13,14,Over
5,talk,92,13,12,Over
5,talk,93,13,8,VOTE Agent[15]
5,talk,94,13,3,Over
5,talk,95,13,15,Over
5,talk,96,13,11,Over
5,talk,97,13,5,Over
5,talk,98,14,14,Over
5,talk,99,14,8,Skip
5,talk,100,14,5,Over
5,talk,101,14,15,Over
5,talk,102,14,3,Over
5,talk,103,14,12,Over
5,talk,104,14,11,ESTIMATE Agent[05] VILLAGER
5,talk,105,15,12,Over
5,talk,106,15,14,Over
5,talk,107,15,5,Over
5,talk,108,15,8,Skip
5,talk,109,15,3,Over
5,talk,110,15,15,Over
5,talk,111,15,11,Over
5,talk,112,16,15,Over
5,talk,113,16,8,VOTE Agent[15]
5,talk,114,16,3,Over
5,talk,115,16,5,Over
5,talk,116,16,12,Over
5,talk,117,16,11,Over
5,talk,118,16,14,Over
5,talk,119,17,5,Over
5,talk,120,17,12,Over
5,talk,121,17,3,Over
5,talk,122,17,14,Over
5,talk,123,17,11,ESTIMATE Agent[03] VILLAGER
5,talk,124,17,8,Skip
5,talk,125,17,15,Over
5,talk,126,18,5,Over
5,talk,127,18,12,Over
5,talk,128,18,3,Over
5,talk,129,18,8,Skip
5,talk,130,18,15,Over
5,talk,131,18,11,Over
5,talk,132,18,14,Over
5,talk,133,19,11,ESTIMATE Agent[03] VILLAGER
5,talk,134,19,5,Over
5,talk,135,19,12,Over
5,talk,136,19,8,VOTE Agent[15]
5,talk,137,19,15,Over
5,talk,138,19,14,Over
5,talk,139,19,3,Over
5,vote,3,8
5,vote,5,11
5,vote,8,15
5,vote,11,8
5,vote,12,14
5,vote,14,8
5,vote,15,12
5,execute,8,VILLAGER
5,whisper,0,0,14,COMINGOUT Agent[14] VILLAGER
5,whisper,1,0,11,Over
5,whisper,2,0,15,ATTACK Agent[15]
5,whisper,3,1,11,ATTACK Agent[05]
5,whisper,4,1,14,Skip
5,whisper,5,1,15,Skip
5,whisper,6,2,11,Over
5,whisper,7,2,14,Skip
5,whisper,8,2,15,Skip
5,whisper,9,3,14,Over
5,whisper,10,3,15,Over
5,whisper,11,3,11,Over
5,guard,3,12,POSSESSED
5,attackVote,11,5
5,attack,5,true
6,status,1,VILLAGER,DEAD,carlo
6,status,2,SEER,DEAD,m_cre
6,status,3,BODYGUARD,ALIVE,cndl
6,status,4,VILLAGER,DEAD,AITKN
6,status,5,VILLAGER,DEAD,aplain
6,status,6,VILLAGER,DEAD,takkyubu
6,status,7,VILLAGER,DEAD,kasuka
6,status,8,VILLAGER,DEAD,johnny
6,status,9,MEDIUM,DEAD,hibagon
6,status,10,VILLAGER,DEAD,colun
6,status,11,WEREWOLF,ALIVE,wasabi
6,status,12,POSSESSED,ALIVE,Udon
6,status,13,VILLAGER,DEAD,JuN1Ro
6,status,14,WEREWOLF,ALIVE,cash
6,status,15,WEREWOLF,ALIVE,daisyo
6,result,2,3,WEREWOLF
