0,status,1,VILLAGER,ALIVE,carlo
0,status,2,BODYGUARD,ALIVE,m_cre
0,status,3,VILLAGER,ALIVE,cndl
0,status,4,WEREWOLF,ALIVE,AITKN
0,status,5,SEER,ALIVE,aplain
0,status,6,VILLAGER,ALIVE,takkyubu
0,status,7,VILLAGER,ALIVE,kasuka
0,status,8,MEDIUM,ALIVE,johnny
0,status,9,VILLAGER,ALIVE,hibagon
0,status,10,WEREWOLF,ALIVE,colun
0,status,11,POSSESSED,ALIVE,wasabi
0,status,12,VILLAGER,ALIVE,Udon
0,status,13,WEREWOLF,ALIVE,JuN1Ro
0,status,14,VILLAGER,ALIVE,cash
0,status,15,VILLAGER,ALIVE,daisyo
0,whisper,0,0,10,COMINGOUT Agent[10] VILLAGER
0,whisper,1,0,4,COMINGOUT Agent[04] VILLAGER
0,whisper,2,0,13,ATTACK Agent[09]
0,whisper,3,1,10,Skip
0,whisper,4,1,13,Over
0,whisper,5,1,4,Skip
0,whisper,6,2,13,Over
0,whisper,7,2,4,Skip
0,whisper,8,2,10,COMINGOUT Agent[10] MEDIUM
0,whisper,9,3,13,Over
0,whisper,10,3,10,Skip
0,whisper,11,3,4,Over
0,whisper,12,4,4,Over
0,whisper,13,4,10,Skip
0,whisper,14,4,13,Over
0,whisper,15,5,10,Over
0,whisper,16,5,13,Over
0,whisper,17,5,4,Over
0,divine,5,1,HUMAN
1,status,1,VILLAGER,ALIVE,carlo
1,status,2,BODYGUARD,ALIVE,m_cre
1,status,3,VILLAGER,ALIVE,cndl
1,status,4,WEREWOLF,ALIVE,AITKN
1,status,5,SEER,ALIVE,aplain
1,status,6,VILLAGER,ALIVE,takkyubu
1,status,7,VILLAGER,ALIVE,kasuka
1,status,8,MEDIUM,ALIVE,johnny
1,status,9,VILLAGER,ALIVE,hibagon
1,status,10,WEREWOLF,ALIVE,colun
1,status,11,POSSESSED,ALIVE,wasabi
1,status,12,VILLAGER,ALIVE,Udon
1,status,13,WEREWOLF,ALIVE,JuN1Ro
1,status,14,VILLAGER,ALIVE,cash
1,status,15,VILLAGER,ALIVE,daisyo
1,talk,0,0,10,VOTE Agent[01]
1,talk,1,0,2,VOTE Agent[06]
1,talk,2,0,15,VOTE Agent[01]
1,talk,3,0,8,COMINGOUT Agent[08] MEDIUM
1,talk,4,0,13,VOTE Agent[14]
1,talk,5,0,14,VOTE Agent[06]
1,talk,6,0,11,COMINGOUT Agent[11] SEER
1,talk,7,0,12,VOTE Agent[04]
1,talk,8,0,7,ESTIMATE Agent[10] WEREWOLF
1,talk,9,0,6,VOTE Agent[05]
1,talk,10,0,4,VOTE Agent[08]
1,talk,11,0,3,VOTE Agent[02]
1,talk,12,0,1,VOTE Agent[02]
1,talk,13,0,9,VOTE Agent[10]
1,talk,14,0,5,VOTE Agent[01]
1,talk,15,1,4,Skip
1,talk,16,1,1,Skip
1,talk,17,1,7,ESTIMATE Agent[13] WEREWOLF
1,talk,18,1,15,ESTIMATE Agent[11] VILLAGER
1,talk,19,1,5,COMINGOUT Agent[05] SEER
1,talk,20,1,3,VOTE Agent[04]
1,talk,21,1,13,VOTE Agent[01]
1,talk,22,1,6,Skip
1,talk,23,1,9,Skip
1,talk,24,1,10,REQUEST(VOTE Agent[01])
1,talk,25,1,2,Skip
1,talk,26,1,14,VOTE Agent[03]
1,talk,27,1,8,VOTE Agent[03]
1,talk,28,1,11,DIVINED Agent[15] HUMAN
1,talk,29,1,12,Over
1,talk,30,2,14,Skip
1,talk,31,2,8,VOTE Agent[13]
1,talk,32,2,2,VOTE Agent[11]
1,talk,33,2,4,VOTE Agent[01]
1,talk,34,2,6,DISAGREE TALK day1 ID:18
1,talk,35,2,9,DISAGREE TALK day1 ID:18
1,talk,36,2,1,Skip
1,talk,37,2,10,VOTE Agent[08]
1,talk,38,2,13,ESTIMATE Agent[12] VILLAGER
1,talk,39,2,12,Over
1,talk,40,2,3,VOTE Agent[10]
1,talk,41,2,15,Skip
1,talk,42,2,7,ESTIMATE Agent[15] WEREWOLF
1,talk,43,2,5,DIVINED Agent[01] HUMAN
1,talk,44,2,11,Skip
1,talk,45,3,7,VOTE Agent[13]
1,talk,46,3,14,VOTE Agent[08]
1,talk,47,3,9,ESTIMATE Agent[11] SEER
1,talk,48,3,8,Skip
1,talk,49,3,3,Skip
1,talk,50,3,12,VOTE Agent[10]
1,talk,51,3,5,ESTIMATE Agent[11] WEREWOLF
1,talk,52,3,1,Over
1,talk,53,3,6,ESTIMATE Agent[11] SEER
1,talk,54,3,11,VOTE Agent[03]
1,talk,55,3,4,VOTE Agent[01]
1,talk,56,3,13,Over
1,talk,57,3,15,VOTE Agent[06]
1,talk,58,3,2,Skip
1,talk,59,3,10,REQUEST(VOTE Agent[08])
1,talk,60,4,7,Skip
1,talk,61,4,15,Skip
1,talk,62,4,9,Skip
1,talk,63,4,6,Skip
1,talk,64,4,11,VOTE Agent[06]
1,talk,65,4,4,REQUEST(DIVINATION Agent[12])
1,talk,66,4,1,Over
1,talk,67,4,14,VOTE Agent[03]
1,talk,68,4,13,ESTIMATE Agent[12] VILLAGER
1,talk,69,4,8,VOTE Agent[07]
1,talk,70,4,3,Skip
1,talk,71,4,12,Over
1,talk,72,4,10,COMINGOUT Agent[10] MEDIUM
1,talk,73,4,5,VOTE Agent[11]
1,talk,74,4,2,Skip
1,talk,75,5,11,Skip
1,talk,76,5,15,VOTE Agent[05]
1,talk,77,5,14,VOTE Agent[08]
1,talk,78,5,7,VOTE Agent[02]
1,talk,79,5,9,Skip
1,talk,80,5,12,Over
1,talk,81,5,3,Over
1,talk,82,5,2,Over
1,talk,83,5,8,VOTE Agent[10]
1,talk,84,5,1,Over
1,talk,85,5,4,Skip
1,talk,86,5,13,VOTE Agent[10]
1,talk,87,5,6,Skip
1,talk,88,5,5,Skip
1,talk,89,5,10,Skip
1,talk,90,6,5,Skip
1,talk,91,6,8,Skip
1,talk,92,6,4,Skip
1,talk,93,6,9,Over
1,talk,94,6,14,VOTE Agent[03]
1,talk,95,6,3,Over
1,talk,96,6,2,Over
1,talk,97,6,10,Skip
1,talk,98,6,13,Over
1,talk,99,6,7,Skip
1,talk,100,6,15,Over
1,talk,101,6,6,Over
1,talk,102,6,1,Over
1,talk,103,6,12,Over
1,talk,104,6,11,VOTE Agent[10]
1,talk,105,7,1,Over
1,talk,106,7,10,Over
1,talk,107,7,4,Over
1,talk,108,7,12,VOTE Agent[08]
1,talk,109,7,2,Over
1,talk,110,7,8,Skip
1,talk,111,7,3,Over
1,talk,112,7,5,Over
1,talk,113,7,6,Over
1,talk,114,7,14,Skip
1,talk,115,7,15,Skip
1,talk,116,7,13,Over
1,talk,117,7,7,Skip
1,talk,118,7,11,Skip
1,talk,119,7,9,Over
1,talk,120,8,4,Over
1,talk,121,8,12,Over
1,talk,122,8,10,Over
1,talk,123,8,11,Over
1,talk,124,8,7,Over
1,talk,125,8,3,Over
1,talk,126,8,8,VOTE Agent[10]
1,talk,127,8,1,Over
1,talk,128,8,15,Over
1,talk,129,8,14,Skip
1,talk,130,8,9,Over
1,talk,131,8,5,Over
1,talk,132,8,2,Over
1,talk,133,8,13,Over
1,talk,134,8,6,Over
1,talk,135,9,9,Over
1,talk,136,9,14,Over
1,talk,137,9,2,Over
1,talk,138,9,5,Over
1,talk,139,9,12,Over
1,talk,140,9,10,Over
1,talk,141,9,11,Over
1,talk,142,9,3,Over
1,talk,143,9,13,Over
1,talk,144,9,6,Over
1,talk,145,9,1,Over
1,talk,146,9,7,Over
1,talk,147,9,8,Skip
1,talk,148,9,4,Over
1,talk,149,9,15,Over
1,talk,150,10,9,Over
1,talk,151,10,14,Over
1,talk,152,10,4,Over
1,talk,153,10,8,Skip
1,talk,154,10,3,Over
1,talk,155,10,11,Over
1,talk,156,10,12,Over
1,talk,157,10,15,Over
1,talk,158,10,6,Over
1,talk,159,10,2,Over
1,talk,160,10,5,Over
1,talk,161,10,1,Over
1,talk,162,10,13,ESTIMATE Agent[01] VILLAGER
1,talk,163,10,10,Over
1,talk,164,10,7,Over
1,talk,165,11,15,Over
1,talk,166,11,8,VOTE Agent[10]
1,talk,167,11,5,Over
1,talk,168,11,2,Over
1,talk,169,11,6,Over
1,talk,170,11,13,Over
1,talk,171,11,7,Over
1,talk,172,11,3,Over
1,talk,173,11,11,VOTE Agent[08]
1,talk,174,11,4,Over
1,talk,175,11,9,Over
1,talk,176,11,10,Over
1,talk,177,11,1,Over
1,talk,178,11,12,Over
1,talk,179,11,14,Over
1,talk,180,12,5,Over
1,talk,181,12,8,Skip
1,talk,182,12,1,Over
1,talk,183,12,2,Over
1,talk,184,12,4,Over
1,talk,185,12,7,Over
1,talk,186,12,12,VOTE Agent[10]
1,talk,187,12,11,Over
1,talk,188,12,6,Over
1,talk,189,12,9,Over
1,talk,190,12,3,Over
1,talk,191,12,13,Over
1,talk,192,12,14,VOTE Agent[08]
1,talk,193,12,10,Over
1,talk,194,12,15,Over
1,talk,195,13,3,Over
1,talk,196,13,2,Over
1,talk,197,13,12,Over
1,talk,198,13,4,Over
1,talk,199,13,1,Over
1,talk,200,13,14,VOTE Agent[03]
1,talk,201,13,9,Over
1,talk,202,13,11,Over
1,talk,203,13,7,Over
1,talk,204,13,15,Over
1,talk,205,13,6,Over
1,talk,206,13,13,Over
1,talk,207,13,10,Over
1,talk,208,13,5,Over
1,talk,209,13,8,Skip
1,talk,210,14,14,Over
1,talk,211,14,15,Over
1,talk,212,14,12,Over
1,talk,213,14,6,Over
1,talk,214,14,5,Over
1,talk,215,14,13,Over
1,talk,216,14,7,VOTE Agent[14]
1,talk,217,14,9,Over
1,talk,218,14,1,Over
1,talk,219,14,4,Over
1,talk,220,14,2,Over
1,talk,221,14,8,VOTE Agent[10]
1,talk,222,14,11,Over
1,talk,223,14,10,Over
1,talk,224,14,3,Over
1,talk,225,15,12,Over
1,talk,226,15,6,Over
1,talk,227,15,5,Over
1,talk,228,15,13,Over
1,talk,229,15,14,VOTE Agent[08]
1,talk,230,15,3,Over
1,talk,231,15,10,Over
1,talk,232,15,9,Over
1,talk,233,15,4,Over
1,talk,234,15,15,Over
1,talk,235,15,2,Over
1,talk,236,15,7,Skip
1,talk,237,15,1,Over
1,talk,238,15,8,Skip
1,talk,239,15,11,Over
1,talk,240,16,4,Over
1,talk,241,16,14,Over
1,talk,242,16,10,Over
1,talk,243,16,6,Over
1,talk,244,16,11,ESTIMATE Agent[03] VILLAGER
1,talk,245,16,3,Over
1,talk,246,16,5,Over
1,talk,247,16,8,Skip
1,talk,248,16,12,Over
1,talk,249,16,7,VOTE Agent[02]
1,talk,250,16,1,Over
1,talk,251,16,9,Over
1,talk,252,16,13,Over
1,talk,253,16,15,Over
1,talk,254,16,2,Over
1,talk,255,17,12,Over
1,talk,256,17,5,Over
1,talk,257,17,7,Skip
1,talk,258,17,10,Over
1,talk,259,17,15,Over
1,talk,260,17,8,VOTE Agent[10]
1,talk,261,17,3,Over
1,talk,262,17,9,Over
1,talk,263,17,6,Over
1,talk,264,17,13,Over
1,talk,265,17,4,Over
1,talk,266,17,2,Over
1,talk,267,17,14,VOTE Agent[03]
1,talk,268,17,11,Over
1,talk,269,17,1,Over
1,talk,270,18,13,Over
1,talk,271,18,10,Over
1,talk,272,18,8,Skip
1,talk,273,18,9,Over
1,talk,274,18,5,Over
1,talk,275,18,12,Over
1,talk,276,18,6,Over
1,talk,277,18,3,Over
1,talk,278,18,4,Over
1,talk,279,18,15,Over
1,talk,280,18,14,Over
1,talk,281,18,1,Over
1,talk,282,18,7,VOTE Agent[14]
1,talk,283,18,2,Over
1,talk,284,18,11,ESTIMATE Agent[15] VILLAGER
1,talk,285,19,8,Skip
1,talk,286,19,12,Over
1,talk,287,19,3,Over
1,talk,288,19,15,Over
1,talk,289,19,4,Over
1,talk,290,19,11,VOTE Agent[10]
1,talk,291,19,13,Over
1,talk,292,19,6,Over
1,talk,293,19,1,Over
1,talk,294,19,5,Over
1,talk,295,19,9,Over
1,talk,296,19,10,Over
1,talk,297,19,14,Over
1,talk,298,19,2,Over
1,talk,299,19,7,Skip
1,vote,1,2
1,vote,2,11
1,vote,3,10
1,vote,4,1
1,vote,5,11
1,vote,6,5
1,vote,7,14
1,vote,8,10
1,vote,9,10
1,vote,10,8
1,vote,11,10
1,vote,12,8
1,vote,13,10
1,vote,14,3
1,vote,15,5
1,execute,10,WEREWOLF
1,divine,5,11,HUMAN
1,whisper,0,0,13,ATTACK Agent[11]
1,whisper,1,0,4,Skip
1,whisper,2,1,13,Over
1,whisper,3,1,4,Skip
1,whisper,4,2,13,Over
1,whisper,5,2,4,Over
1,guard,2,1,VILLAGER
1,attackVote,4,11
1,attackVote,13,11
1,attack,11,true
2,status,1,VILLAGER,ALIVE,carlo
2,status,2,BODYGUARD,ALIVE,m_cre
2,status,3,VILLAGER,ALIVE,cndl
2,status,4,WEREWOLF,ALIVE,AITKN
2,status,5,SEER,ALIVE,aplain
2,status,6,VILLAGER,ALIVE,takkyubu
2,status,7,VILLAGER,ALIVE,kasuka
2,status,8,MEDIUM,ALIVE,johnny
2,status,9,VILLAGER,ALIVE,hibagon
2,status,10,WEREWOLF,DEAD,colun
2,status,11,POSSESSED,DEAD,wasabi
2,status,12,VILLAGER,ALIVE,Udon
2,status,13,WEREWOLF,ALIVE,JuN1Ro
2,status,14,VILLAGER,ALIVE,cash
2,status,15,VILLAGER,ALIVE,daisyo
2,talk,0,0,5,DIVINED Agent[11] HUMAN
2,talk,1,0,9,ESTIMATE Agent[05] SEER
2,talk,2,0,6,ESTIMATE Agent[05] SEER
2,talk,3,0,4,VOTE Agent[01]
2,talk,4,0,7,ESTIMATE Agent[14] WEREWOLF
2,talk,5,0,13,VOTE Agent[06]
2,talk,6,0,1,VOTE Agent[02]
2,talk,7,0,14,VOTE Agent[08]
2,talk,8,0,3,VOTE Agent[04]
2,talk,9,0,12,VOTE Agent[08]
2,talk,10,0,8,IDENTIFIED Agent[10] WEREWOLF
2,talk,11,0,2,VOTE Agent[05]
2,talk,12,0,15,VOTE Agent[08]
2,talk,13,1,13,VOTE Agent[08]
2,talk,14,1,3,Skip
2,talk,15,1,7,ESTIMATE Agent[02] WEREWOLF
2,talk,16,1,9,VOTE Agent[06]
2,talk,17,1,5,VOTE Agent[01]
2,talk,18,1,4,Skip
2,talk,19,1,2,Skip
2,talk,20,1,15,Over
2,talk,21,1,12,Over
2,talk,22,1,1,Skip
2,talk,23,1,6,VOTE Agent[04]
2,talk,24,1,8,VOTE Agent[07]
2,talk,25,1,14,VOTE Agent[04]
2,talk,26,2,13,ESTIMATE Agent[08] WEREWOLF
2,talk,27,2,3,Skip
2,talk,28,2,15,ESTIMATE Agent[15] VILLAGER
2,talk,29,2,5,Skip
2,talk,30,2,1,Skip
2,talk,31,2,9,Skip
2,talk,32,2,14,VOTE Agent[01]
2,talk,33,2,12,Over
2,talk,34,2,7,ESTIMATE Agent[11] WEREWOLF
2,talk,35,2,6,Skip
2,talk,36,2,4,Skip
2,talk,37,2,8,Skip
2,talk,38,2,2,Skip
2,talk,39,3,4,Over
2,talk,40,3,9,Skip
2,talk,41,3,14,VOTE Agent[04]
2,talk,42,3,1,Over
2,talk,43,3,7,VOTE Agent[14]
2,talk,44,3,8,Skip
2,talk,45,3,15,ESTIMATE Agent[15] VILLAGER
2,talk,46,3,12,Over
2,talk,47,3,6,Skip
2,talk,48,3,13,VOTE Agent[08]
2,talk,49,3,3,VOTE Agent[01]
2,talk,50,3,2,Over
2,talk,51,3,5,Skip
2,talk,52,4,1,Over
2,talk,53,4,9,Over
2,talk,54,4,15,Skip
2,talk,55,4,14,VOTE Agent[01]
2,talk,56,4,7,Skip
2,talk,57,4,5,Over
2,talk,58,4,12,Over
2,talk,59,4,13,Over
2,talk,60,4,6,Over
2,talk,61,4,3,VOTE Agent[04]
2,talk,62,4,4,REQUEST(DIVINATION Agent[06])
2,talk,63,4,2,Over
2,talk,64,4,8,VOTE Agent[07]
2,talk,65,5,14,VOTE Agent[04]
2,talk,66,5,1,Over
2,talk,67,5,6,Over
2,talk,68,5,3,VOTE Agent[01]
2,talk,69,5,5,Over
2,talk,70,5,7,Skip
2,talk,71,5,8,Skip
2,talk,72,5,9,Over
2,talk,73,5,13,VOTE Agent[01]
2,talk,74,5,4,Skip
2,talk,75,5,15,ESTIMATE Agent[15] VILLAGER
2,talk,76,5,12,Over
2,talk,77,5,2,Over
2,talk,78,6,1,Over
2,talk,79,6,9,Over
2,talk,80,6,5,Over
2,talk,81,6,6,Over
2,talk,82,6,12,Over
2,talk,83,6,2,Over
2,talk,84,6,3,VOTE Agent[04]
2,talk,85,6,8,Skip
2,talk,86,6,13,Over
2,talk,87,6,15,ESTIMATE Agent[15] VILLAGER
2,talk,88,6,14,VOTE Agent[01]
2,talk,89,6,7,VOTE Agent[03]
2,talk,90,6,4,Skip
2,talk,91,7,13,Over
2,talk,92,7,8,VOTE Agent[07]
2,talk,93,7,7,VOTE Agent[14]
2,talk,94,7,4,Over
2,talk,95,7,3,Skip
2,talk,96,7,12,Over
2,talk,97,7,6,Over
2,talk,98,7,14,VOTE Agent[04]
2,talk,99,7,9,Over
2,talk,100,7,15,Skip
2,talk,101,7,1,Over
2,talk,102,7,2,Over
2,talk,103,7,5,Over
2,talk,104,8,2,Over
2,talk,105,8,15,ESTIMATE Agent[15] VILLAGER
2,talk,106,8,6,Over
2,talk,107,8,7,Skip
2,talk,108,8,13,VOTE Agent[04]
2,talk,109,8,8,Skip
2,talk,110,8,1,Over
2,talk,111,8,3,Skip
2,talk,112,8,5,Over
2,talk,113,8,14,VOTE Agent[01]
2,talk,114,8,12,Over
2,talk,115,8,9,Over
2,talk,116,8,4,Over
2,talk,117,9,5,Over
2,talk,118,9,6,Over
2,talk,119,9,14,VOTE Agent[04]
2,talk,120,9,7,Skip
2,talk,121,9,8,Skip
2,talk,122,9,13,ESTIMATE Agent[01] WEREWOLF
2,talk,123,9,1,Over
2,talk,124,9,9,Over
2,talk,125,9,2,Over
2,talk,126,9,3,Over
2,talk,127,9,15,Over
2,talk,128,9,4,Over
2,talk,129,9,12,Over
2,talk,130,10,14,Over
2,talk,131,10,5,Over
2,talk,132,10,2,Over
2,talk,133,10,15,Over
2,talk,134,10,7,Over
2,talk,135,10,3,Over
2,talk,136,10,9,Over
2,talk,137,10,6,Over
2,talk,138,10,8,VOTE Agent[07]
2,talk,139,10,1,Over
2,talk,140,10,13,Over
2,talk,141,10,12,Over
2,talk,142,10,4,Over
2,talk,143,11,13,Over
2,talk,144,11,6,Over
2,talk,145,11,15,Over
2,talk,146,11,12,Over
2,talk,147,11,9,Over
2,talk,148,11,1,Over
2,talk,149,11,7,Over
2,talk,150,11,8,Skip
2,talk,151,11,5,Over
2,talk,152,11,3,Over
2,talk,153,11,4,Over
2,talk,154,11,2,Over
2,talk,155,11,14,Over
2,talk,156,12,3,Over
2,talk,157,12,12,Over
2,talk,158,12,13,Over
2,talk,159,12,7,Over
2,talk,160,12,14,Over
2,talk,161,12,8,Skip
2,talk,162,12,2,Over
2,talk,163,12,9,Over
2,talk,164,12,6,Over
2,talk,165,12,5,Over
2,talk,166,12,4,Over
2,talk,167,12,1,Over
2,talk,168,12,15,Over
2,talk,169,13,13,Over
2,talk,170,13,6,Over
2,talk,171,13,7,Over
2,talk,172,13,12,Over
2,talk,173,13,4,Over
2,talk,174,13,14,Over
2,talk,175,13,15,Over
2,talk,176,13,9,Over
2,talk,177,13,3,Over
2,talk,178,13,2,Over
2,talk,179,13,1,Over
2,talk,180,13,8,VOTE Agent[07]
2,talk,181,13,5,Over
2,talk,182,14,7,Over
2,talk,183,14,9,Over
2,talk,184,14,2,Over
2,talk,185,14,14,Over
2,talk,186,14,3,Over
2,talk,187,14,6,Over
2,talk,188,14,15,Over
2,talk,189,14,5,Over
2,talk,190,14,4,Over
2,talk,191,14,13,Over
2,talk,192,14,8,Skip
2,talk,193,14,1,Over
2,talk,194,14,12,Over
2,talk,195,15,2,Over
2,talk,196,15,4,Over
2,talk,197,15,15,Over
2,talk,198,15,3,Over
2,talk,199,15,1,Over
2,talk,200,15,7,Over
2,talk,201,15,14,Over
2,talk,202,15,12,Over
2,talk,203,15,9,Over
2,talk,204,15,13,Over
2,talk,205,15,8,Skip
2,talk,206,15,5,Over
2,talk,207,15,6,Over
2,talk,208,16,13,Over
2,talk,209,16,2,Over
2,talk,210,16,8,VOTE Agent[07]
2,talk,211,16,1,Over
2,talk,212,16,14,Over
2,talk,213,16,4,Over
2,talk,214,16,3,Over
2,talk,215,16,15,Over
2,talk,216,16,6,Over
2,talk,217,16,7,Over
2,talk,218,16,5,Over
2,talk,219,16,9,Over
2,talk,220,16,12,Over
2,talk,221,17,8,Skip
2,talk,222,17,3,Over
2,talk,223,17,14,Over
2,talk,224,17,12,Over
2,talk,225,17,9,Over
2,talk,226,17,6,Over
2,talk,227,17,4,Over
2,talk,228,17,7,Over
2,talk,229,17,5,Over
2,talk,230,17,15,Over
2,talk,231,17,13,Over
2,talk,232,17,2,Over
2,talk,233,17,1,Over
2,talk,234,18,13,Over
2,talk,235,18,4,Over
2,talk,236,18,6,Over
2,talk,237,18,12,Over
2,talk,238,18,1,Over
2,talk,239,18,2,Over
2,talk,240,18,14,Over
2,talk,241,18,5,Over
2,talk,242,18,3,Over
2,talk,243,18,15,Over
2,talk,244,18,8,Skip
2,talk,245,18,9,Over
2,talk,246,18,7,Over
2,talk,247,19,12,Over
2,talk,248,19,9,Over
2,talk,249,19,1,Over
2,talk,250,19,7,Over
2,talk,251,19,2,Over
2,talk,252,19,8,VOTE Agent[07]
2,talk,253,19,14,Over
2,talk,254,19,6,Over
2,talk,255,19,13,Over
2,talk,256,19,15,Over
2,talk,257,19,4,Over
2,talk,258,19,5,Over
2,talk,259,19,3,Over
2,vote,1,2
2,vote,2,5
2,vote,3,4
2,vote,4,1
2,vote,5,1
2,vote,6,4
2,vote,7,14
2,vote,8,7
2,vote,9,6
2,vote,12,8
2,vote,13,4
2,vote,14,4
2,vote,15,8
2,execute,4,WEREWOLF
2,divine,5,14,HUMAN
2,guard,2,15,VILLAGER
2,attackVote,13,8
2,attack,8,true
3,status,1,VILLAGER,ALIVE,carlo
3,status,2,BODYGUARD,ALIVE,m_cre
3,status,3,VILLAGER,ALIVE,cndl
3,status,4,WEREWOLF,DEAD,AITKN
3,status,5,SEER,ALIVE,aplain
3,status,6,VILLAGER,ALIVE,takkyubu
3,status,7,VILLAGER,ALIVE,kasuka
3,status,8,MEDIUM,DEAD,johnny
3,status,9,VILLAGER,ALIVE,hibagon
3,status,10,WEREWOLF,DEAD,colun
3,status,11,POSSESSED,DEAD,wasabi
3,status,12,VILLAGER,ALIVE,Udon
3,status,13,WEREWOLF,ALIVE,JuN1Ro
3,status,14,VILLAGER,ALIVE,cash
3,status,15,VILLAGER,ALIVE,daisyo
3,talk,0,0,13,VOTE Agent[14]
3,talk,1,0,3,VOTE Agent[12]
3,talk,2,0,2,VOTE Agent[05]
3,talk,3,0,9,VOTE Agent[05]
3,talk,4,0,1,VOTE Agent[02]
3,talk,5,0,6,VOTE Agent[14]
3,talk,6,0,14,VOTE Agent[05]
3,talk,7,0,5,DIVINED Agent[14] HUMAN
3,talk,8,0,15,VOTE Agent[05]
3,talk,9,0,12,VOTE Agent[15]
3,talk,10,0,7,ESTIMATE Agent[14] WEREWOLF
3,talk,11,1,7,ESTIMATE Agent[01] WEREWOLF
3,talk,12,1,3,Skip
3,talk,13,1,15,ESTIMATE Agent[01] VILLAGER
3,talk,14,1,12,Over
3,talk,15,1,13,Over
3,talk,16,1,14,VOTE Agent[09]
3,talk,17,1,6,Skip
3,talk,18,1,5,VOTE Agent[14]
3,talk,19,1,1,Skip
3,talk,20,1,2,Skip
3,talk,21,1,9,Skip
3,talk,22,2,6,Skip
3,talk,23,2,14,Skip
3,talk,24,2,9,Skip
3,talk,25,2,5,Skip
3,talk,26,2,2,Skip
3,talk,27,2,7,ESTIMATE Agent[13] WEREWOLF
3,talk,28,2,12,VOTE Agent[14]
3,talk,29,2,1,Skip
3,talk,30,2,15,Skip
3,talk,31,2,13,Over
3,talk,32,2,3,VOTE Agent[14]
3,talk,33,3,7,VOTE Agent[12]
3,talk,34,3,1,Over
3,talk,35,3,9,Over
3,talk,36,3,14,VOTE Agent[05]
3,talk,37,3,6,Over
3,talk,38,3,13,ESTIMATE Agent[14] WEREWOLF
3,talk,39,3,5,Skip
3,talk,40,3,15,ESTIMATE Agent[01] VILLAGER
3,talk,41,3,3,Skip
3,talk,42,3,12,Over
3,talk,43,3,2,Over
3,talk,44,4,3,Skip
3,talk,45,4,15,Over
3,talk,46,4,5,Over
3,talk,47,4,6,Over
3,talk,48,4,13,ESTIMATE Agent[14] WEREWOLF
3,talk,49,4,9,Over
3,talk,50,4,1,Over
3,talk,51,4,2,Over
3,talk,52,4,14,Skip
3,talk,53,4,12,Over
3,talk,54,4,7,Skip
3,talk,55,5,5,Over
3,talk,56,5,6,Over
3,talk,57,5,2,Over
3,talk,58,5,15,ESTIMATE Agent[01] VILLAGER
3,talk,59,5,14,Skip
3,talk,60,5,9,Over
3,talk,61,5,1,Over
3,talk,62,5,13,Over
3,talk,63,5,12,Over
3,talk,64,5,7,Skip
3,talk,65,5,3,Over
3,talk,66,6,14,Over
3,talk,67,6,3,Over
3,talk,68,6,2,Over
3,talk,69,6,13,Over
3,talk,70,6,1,Over
3,talk,71,6,12,Over
3,talk,72,6,9,Over
3,talk,73,6,7,Over
3,talk,74,6,5,Over
3,talk,75,6,15,Skip
3,talk,76,6,6,Over
3,talk,77,7,6,Over
3,talk,78,7,14,Over
3,talk,79,7,9,Over
3,talk,80,7,15,ESTIMATE Agent[01] VILLAGER
3,talk,81,7,3,Over
3,talk,82,7,2,Over
3,talk,83,7,5,Over
3,talk,84,7,1,Over
3,talk,85,7,12,Over
3,talk,86,7,7,Over
3,talk,87,7,13,Over
3,talk,88,8,15,Skip
3,talk,89,8,2,Over
3,talk,90,8,13,Over
3,talk,91,8,12,Over
3,talk,92,8,3,Over
3,talk,93,8,7,Over
3,talk,94,8,5,Over
3,talk,95,8,9,Over
3,talk,96,8,1,Over
3,talk,97,8,6,Over
3,talk,98,8,14,Over
3,talk,99,9,13,Over
3,talk,100,9,6,Over
3,talk,101,9,15,Skip
3,talk,102,9,1,Over
3,talk,103,9,7,Over
3,talk,104,9,5,Over
3,talk,105,9,12,Over
3,talk,106,9,3,Over
3,talk,107,9,2,Over
3,talk,108,9,14,Over
3,talk,109,9,9,Over
3,talk,110,10,12,Over
3,talk,111,10,15,Over
3,talk,112,10,14,Over
3,talk,113,10,5,Over
3,talk,114,10,6,Over
3,talk,115,10,7,Over
3,talk,116,10,3,Over
3,talk,117,10,2,Over
3,talk,118,10,1,Over
3,talk,119,10,13,Over
3,talk,120,10,9,Over
3,vote,1,2
3,vote,2,5
3,vote,3,14
3,vote,5,14
3,vote,6,14
3,vote,7,12
3,vote,9,5
3,vote,12,14
3,vote,13,14
3,vote,14,5
3,vote,15,5
3,execute,14,VILLAGER
3,divine,5,15,HUMAN
3,guard,2,15,VILLAGER
3,attackVote,13,5
3,attack,5,true
4,status,1,VILLAGER,ALIVE,carlo
4,status,2,BODYGUARD,ALIVE,m_cre
4,status,3,VILLAGER,ALIVE,cndl
4,status,4,WEREWOLF,DEAD,AITKN
4,status,5,SEER,DEAD,aplain
4,status,6,VILLAGER,ALIVE,takkyubu
4,status,7,VILLAGER,ALIVE,kasuka
4,status,8,MEDIUM,DEAD,johnny
4,status,9,VILLAGER,ALIVE,hibagon
4,status,10,WEREWOLF,DEAD,colun
4,status,11,POSSESSED,DEAD,wasabi
4,status,12,VILLAGER,ALIVE,Udon
4,status,13,WEREWOLF,ALIVE,JuN1Ro
4,status,14,VILLAGER,DEAD,cash
4,status,15,VILLAGER,ALIVE,daisyo
4,talk,0,0,3,VOTE Agent[12]
4,talk,1,0,6,VOTE Agent[15]
4,talk,2,0,2,VOTE Agent[12]
4,talk,3,0,1,VOTE Agent[02]
4,talk,4,0,12,VOTE Agent[15]
4,talk,5,0,9,VOTE Agent[06]
4,talk,6,0,7,ESTIMATE Agent[12] WEREWOLF
4,talk,7,0,13,VOTE Agent[15]
4,talk,8,0,15,VOTE Agent[12]
4,talk,9,1,6,Skip
4,talk,10,1,12,Over
4,talk,11,1,15,Over
4,talk,12,1,9,Skip
4,talk,13,1,2,Skip
4,talk,14,1,7,ESTIMATE Agent[14] WEREWOLF
4,talk,15,1,1,Skip
4,talk,16,1,3,Skip
4,talk,17,1,13,VOTE Agent[03]
4,talk,18,2,7,ESTIMATE Agent[11] WEREWOLF
4,talk,19,2,12,Over
4,talk,20,2,1,Skip
4,talk,21,2,6,Skip
4,talk,22,2,15,ESTIMATE Agent[09] VILLAGER
4,talk,23,2,9,Skip
4,talk,24,2,2,Skip
4,talk,25,2,3,Skip
4,talk,26,2,13,VOTE Agent[15]
4,talk,27,3,2,Over
4,talk,28,3,9,Over
4,talk,29,3,13,Over
4,talk,30,3,15,Skip
4,talk,31,3,3,Over
4,talk,32,3,12,Over
4,talk,33,3,7,VOTE Agent[03]
4,talk,34,3,6,Over
4,talk,35,3,1,Over
4,talk,36,4,1,Over
4,talk,37,4,2,Over
4,talk,38,4,12,Over
4,talk,39,4,6,Over
4,talk,40,4,3,Over
4,talk,41,4,7,Skip
4,talk,42,4,13,Over
4,talk,43,4,9,Over
4,talk,44,4,15,ESTIMATE Agent[09] VILLAGER
4,talk,45,5,15,ESTIMATE Agent[09] VILLAGER
4,talk,46,5,13,VOTE Agent[03]
4,talk,47,5,7,Skip
4,talk,48,5,1,Over
4,talk,49,5,6,Over
4,talk,50,5,2,Over
4,talk,51,5,12,Over
4,talk,52,5,9,Over
4,talk,53,5,3,Over
4,talk,54,6,13,VOTE Agent[15]
4,talk,55,6,7,Over
4,talk,56,6,1,Over
4,talk,57,6,12,Over
4,talk,58,6,15,Skip
4,talk,59,6,3,Over
4,talk,60,6,6,Over
4,talk,61,6,2,Over
4,talk,62,6,9,Over
4,talk,63,7,3,Over
4,talk,64,7,1,Over
4,talk,65,7,2,Over
4,talk,66,7,6,Over
4,talk,67,7,15,Over
4,talk,68,7,9,Over
4,talk,69,7,7,Over
4,talk,70,7,12,Over
4,talk,71,7,13,Over
4,vote,1,2
4,vote,2,12
4,vote,3,12
4,vote,6,15
4,vote,7,3
4,vote,9,6
4,vote,12,15
4,vote,13,15
4,vote,15,12
4,vote,1,2
4,vote,2,12
4,vote,3,12
4,vote,6,15
4,vote,7,3
4,vote,9,12
4,vote,12,15
4,vote,13,15
4,vote,15,12
4,execute,12,VILLAGER
4,guard,2,15,VILLAGER
4,attack,2,true
5,status,1,VILLAGER,ALIVE,carlo
5,status,2,BODYGUARD,DEAD,m_cre
5,status,3,VILLAGER,ALIVE,cndl
5,status,4,WEREWOLF,DEAD,AITKN
5,status,5,SEER,DEAD,aplain
5,status,6,VILLAGER,ALIVE,takkyubu
5,status,7,VILLAGER,ALIVE,kasuka
5,status,8,MEDIUM,DEAD,johnny
5,status,9,VILLAGER,ALIVE,hibagon
5,status,10,WEREWOLF,DEAD,colun
5,status,11,POSSESSED,DEAD,wasabi
5,status,12,VILLAGER,DEAD,Udon
5,status,13,WEREWOLF,ALIVE,JuN1Ro
5,status,14,VILLAGER,DEAD,cash
5,status,15,VILLAGER,ALIVE,daisyo
5,talk,0,0,13,Over
5,talk,1,0,6,VOTE Agent[15]
5,talk,2,0,15,VOTE Agent[07]
5,talk,3,0,9,VOTE Agent[06]
5,talk,4,0,1,VOTE Agent[03]
5,talk,5,0,3,VOTE Agent[01]
5,talk,6,0,7,ESTIMATE Agent[03] WEREWOLF
5,talk,7,1,1,Skip
5,talk,8,1,13,ESTIMATE Agent[15] WEREWOLF
5,talk,9,1,15,Skip
5,talk,10,1,9,Skip
5,talk,11,1,6,Skip
5,talk,12,1,7,ESTIMATE Agent[14] WEREWOLF
5,talk,13,1,3,Skip
5,talk,14,2,1,Skip
5,talk,15,2,6,Skip
5,talk,16,2,9,Skip
5,talk,17,2,3,Skip
5,talk,18,2,7,ESTIMATE Agent[11] WEREWOLF
5,talk,19,2,13,Over
5,talk,20,2,15,Over
5,talk,21,3,9,Over
5,talk,22,3,6,Over
5,talk,23,3,7,VOTE Agent[03]
5,talk,24,3,13,VOTE Agent[03]
5,talk,25,3,3,Over
5,talk,26,3,1,Over
5,talk,27,3,15,Skip
5,talk,28,4,3,Over
5,talk,29,4,6,Over
5,talk,30,4,15,Over
5,talk,31,4,9,Over
5,talk,32,4,13,Over
5,talk,33,4,1,Over
5,talk,34,4,7,Skip
5,talk,35,5,7,Skip
5,talk,36,5,9,Over
5,talk,37,5,6,Over
5,talk,38,5,3,Over
5,talk,39,5,1,Over
5,talk,40,5,15,Over
5,talk,41,5,13,VOTE Agent[15]
5,talk,42,6,13,ESTIMATE Agent[15] WEREWOLF
5,talk,43,6,1,Over
5,talk,44,6,3,Over
5,talk,45,6,7,Over
5,talk,46,6,15,Over
5,talk,47,6,9,Over
5,talk,48,6,6,Over
5,talk,49,7,6,Over
5,talk,50,7,9,Over
5,talk,51,7,7,Over
5,talk,52,7,1,Over
5,talk,53,7,13,Over
5,talk,54,7,3,Over
5,talk,55,7,15,Over
5,vote,1,3
5,vote,3,15
5,vote,6,15
5,vote,7,3
5,vote,9,6
5,vote,13,3
5,vote,15,7
5,execute,3,VILLAGER
5,attack,7,true
6,status,1,VILLAGER,ALIVE,carlo
6,status,2,BODYGUARD,DEAD,m_cre
6,status,3,VILLAGER,DEAD,cndl
6,status,4,WEREWOLF,DEAD,AITKN
6,status,5,SEER,DEAD,aplain
6,status,6,VILLAGER,ALIVE,takkyubu
6,status,7,VILLAGER,DEAD,kasuka
6,status,8,MEDIUM,DEAD,johnny
6,status,9,VILLAGER,ALIVE,hibagon
6,status,10,WEREWOLF,DEAD,colun
6,status,11,POSSESSED,DEAD,wasabi
6,status,12,VILLAGER,DEAD,Udon
6,status,13,WEREWOLF,ALIVE,JuN1Ro
6,status,14,VILLAGER,DEAD,cash
6,status,15,VILLAGER,ALIVE,daisyo
6,talk,0,0,15,VOTE Agent[06]
6,talk,1,0,13,VOTE Agent[15]
6,talk,2,0,1,VOTE Agent[06]
6,talk,3,0,9,VOTE Agent[06]
6,talk,4,0,6,VOTE Agent[15]
6,talk,5,1,1,Skip
6,talk,6,1,15,Skip
6,talk,7,1,9,Skip
6,talk,8,1,13,Over
6,talk,9,1,6,Skip
6,talk,10,2,15,Skip
6,talk,11,2,9,Skip
6,talk,12,2,13,Over
6,talk,13,2,1,Skip
6,talk,14,2,6,Skip
6,talk,15,3,1,Over
6,talk,16,3,6,Over
6,talk,17,3,9,Over
6,talk,18,3,15,ESTIMATE Agent[09] VILLAGER
6,talk,19,3,13,Over
6,talk,20,4,13,Over
6,talk,21,4,1,Over
6,talk,22,4,9,Over
6,talk,23,4,6,Over
6,talk,24,4,15,ESTIMATE Agent[09] VILLAGER
6,talk,25,5,13,VOTE Agent[09]
6,talk,26,5,9,Over
6,talk,27,5,6,Over
6,talk,28,5,15,Over
6,talk,29,5,1,Over
6,talk,30,6,1,Over
6,talk,31,6,6,Over
6,talk,32,6,9,Over
6,talk,33,6,15,Over
6,talk,34,6,13,VOTE Agent[15]
6,talk,35,7,6,Over
6,talk,36,7,1,Over
6,talk,37,7,9,Over
6,talk,38,7,13,Over
6,talk,39,7,15,Skip
6,talk,40,8,13,ESTIMATE Agent[15] VILLAGER
6,talk,41,8,9,Over
6,talk,42,8,15,ESTIMATE Agent[09] VILLAGER
6,talk,43,8,1,Over
6,talk,44,8,6,Over
6,talk,45,9,6,Over
6,talk,46,9,9,Over
6,talk,47,9,15,Skip
6,talk,48,9,13,Over
6,talk,49,9,1,Over
6,talk,50,10,9,Over
6,talk,51,10,1,Over
6,talk,52,10,6,Over
6,talk,53,10,15,Over
6,talk,54,10,13,ESTIMATE Agent[15] VILLAGER
6,talk,55,11,9,Over
6,talk,56,11,6,Over
6,talk,57,11,13,Over
6,talk,58,11,1,Over
6,talk,59,11,15,Over
6,vote,1,6
6,vote,6,15
6,vote,9,6
6,vote,13,6
6,vote,15,6
6,execute,6,VILLAGER
6,attack,1,true
7,status,1,VILLAGER,DEAD,carlo
7,status,2,BODYGUARD,DEAD,m_cre
7,status,3,VILLAGER,DEAD,cndl
7,status,4,WEREWOLF,DEAD,AITKN
7,status,5,SEER,DEAD,aplain
7,status,6,VILLAGER,DEAD,takkyubu
7,status,7,VILLAGER,DEAD,kasuka
7,status,8,MEDIUM,DEAD,johnny
7,status,9,VILLAGER,ALIVE,hibagon
7,status,10,WEREWOLF,DEAD,colun
7,status,11,POSSESSED,DEAD,wasabi
7,status,12,VILLAGER,DEAD,Udon
7,status,13,WEREWOLF,ALIVE,JuN1Ro
7,status,14,VILLAGER,DEAD,cash
7,status,15,VILLAGER,ALIVE,daisyo
7,talk,0,0,9,VOTE Agent[15]
7,talk,1,0,13,VOTE Agent[15]
7,talk,2,0,15,VOTE Agent[13]
7,talk,3,1,9,Skip
7,talk,4,1,15,COMINGOUT Agent[15] VILLAGER
7,talk,5,1,13,VOTE Agent[09]
7,talk,6,2,9,Skip
7,talk,7,2,15,Over
7,talk,8,2,13,VOTE Agent[15]
7,talk,9,3,9,Over
7,talk,10,3,15,ESTIMATE Agent[09] VILLAGER
7,talk,11,3,13,Over
7,talk,12,4,9,Over
7,talk,13,4,15,Skip
7,talk,14,4,13,Over
7,talk,15,5,15,ESTIMATE Agent[09] VILLAGER
7,talk,16,5,13,ESTIMATE Agent[15] VILLAGER
7,talk,17,5,9,Over
7,talk,18,6,15,Skip
7,talk,19,6,9,Over
7,talk,20,6,13,Over
7,talk,21,7,9,Over
7,talk,22,7,15,Skip
7,talk,23,7,13,Over
7,talk,24,8,13,Over
7,talk,25,8,15,Over
7,talk,26,8,9,Over
7,vote,9,15
7,vote,13,15
7,vote,15,13
7,execute,15,VILLAGER
7,attack,9,true
8,status,1,VILLAGER,DEAD,carlo
8,status,2,BODYGUARD,DEAD,m_cre
8,status,3,VILLAGER,DEAD,cndl
8,status,4,WEREWOLF,DEAD,AITKN
8,status,5,SEER,DEAD,aplain
8,status,6,VILLAGER,DEAD,takkyubu
8,status,7,VILLAGER,DEAD,kasuka
8,status,8,MEDIUM,DEAD,johnny
8,status,9,VILLAGER,DEAD,hibagon
8,status,10,WEREWOLF,DEAD,colun
8,status,11,POSSESSED,DEAD,wasabi
8,status,12,VILLAGER,DEAD,Udon
8,status,13,WEREWOLF,ALIVE,JuN1Ro
8,status,14,VILLAGER,DEAD,cash
8,status,15,VILLAGER,DEAD,daisyo
8,result,0,1,WEREWOLF
