0,status,1,BODYGUARD,ALIVE,carlo
0,status,2,WEREWOLF,ALIVE,m_cre
0,status,3,VILLAGER,ALIVE,cndl
0,status,4,VILLAGER,ALIVE,AITKN
0,status,5,POSSESSED,ALIVE,aplain
0,status,6,VILLAGER,ALIVE,takkyubu
0,status,7,VILLAGER,ALIVE,kasuka
0,status,8,VILLAGER,ALIVE,johnny
0,status,9,WEREWOLF,ALIVE,hibagon
0,status,10,SEER,ALIVE,colun
0,status,11,WEREWOLF,ALIVE,wasabi
0,status,12,VILLAGER,ALIVE,Udon
0,status,13,MEDIUM,ALIVE,JuN1Ro
0,status,14,VILLAGER,ALIVE,cash
0,status,15,VILLAGER,ALIVE,daisyo
0,whisper,0,0,9,COMINGOUT Agent[09] MEDIUM
0,whisper,1,0,2,COMINGOUT Agent[02] VILLAGER
0,whisper,2,0,11,ATTACK Agent[07]
0,whisper,3,1,11,ATTACK Agent[12]
0,whisper,4,1,9,Skip
0,whisper,5,1,2,Over
0,whisper,6,2,11,ATTACK Agent[10]
0,whisper,7,2,9,Skip
0,whisper,8,2,2,Over
0,whisper,9,3,11,ATTACK Agent[15]
0,whisper,10,3,2,Over
0,whisper,11,3,9,Over
0,whisper,12,4,11,ATTACK Agent[03]
0,whisper,13,4,9,Over
0,whisper,14,4,2,Over
0,whisper,15,5,9,Over
0,whisper,16,5,2,Over
0,whisper,17,5,11,ATTACK Agent[14]
0,whisper,18,6,9,Over
0,whisper,19,6,11,ATTACK Agent[03]
0,whisper,20,6,2,Over
0,whisper,21,7,11,Over
0,whisper,22,7,2,Over
0,whisper,23,7,9,Over
0,divine,10,15,HUMAN
1,status,1,BODYGUARD,ALIVE,carlo
1,status,2,WEREWOLF,ALIVE,m_cre
1,status,3,VILLAGER,ALIVE,cndl
1,status,4,VILLAGER,ALIVE,AITKN
1,status,5,POSSESSED,ALIVE,aplain
1,status,6,VILLAGER,ALIVE,takkyubu
1,status,7,VILLAGER,ALIVE,kasuka
1,status,8,VILLAGER,ALIVE,johnny
1,status,9,WEREWOLF,ALIVE,hibagon
1,status,10,SEER,ALIVE,colun
1,status,11,WEREWOLF,ALIVE,wasabi
1,status,12,VILLAGER,ALIVE,Udon
1,status,13,MEDIUM,ALIVE,JuN1Ro
1,status,14,VILLAGER,ALIVE,cash
1,status,15,VILLAGER,ALIVE,daisyo
1,talk,0,0,10,COMINGOUT Agent[10] SEER
1,talk,1,0,6,VOTE Agent[05]
1,talk,2,0,14,VOTE Agent[06]
1,talk,3,0,7,ESTIMATE Agent[13] WEREWOLF
1,talk,4,0,8,VOTE Agent[01]
1,talk,5,0,5,COMINGOUT Agent[05] SEER
1,talk,6,0,12,VOTE Agent[15]
1,talk,7,0,11,VOTE Agent[08]
1,talk,8,0,15,VOTE Agent[01]
1,talk,9,0,9,VOTE Agent[05]
1,talk,10,0,4,VOTE Agent[02]
1,talk,11,0,13,VOTE Agent[04]
1,talk,12,0,1,VOTE Agent[02]
1,talk,13,0,3,VOTE Agent[02]
1,talk,14,0,2,VOTE Agent[13]
1,talk,15,1,6,Skip
1,talk,16,1,1,Skip
1,talk,17,1,7,ESTIMATE Agent[15] WEREWOLF
1,talk,18,1,8,VOTE Agent[03]
1,talk,19,1,3,VOTE Agent[06]
1,talk,20,1,2,VOTE Agent[05]
1,talk,21,1,14,VOTE Agent[03]
1,talk,22,1,4,Skip
1,talk,23,1,15,VOTE Agent[12]
1,talk,24,1,11,Skip
1,talk,25,1,12,VOTE Agent[02]
1,talk,26,1,13,VOTE Agent[02]
1,talk,27,1,9,REQUEST(VOTE Agent[05])
1,talk,28,1,5,DIVINED Agent[14] WEREWOLF
1,talk,29,1,10,DIVINED Agent[15] HUMAN
1,talk,30,2,6,ESTIMATE Agent[10] SEER
1,talk,31,2,9,VOTE Agent[06]
1,talk,32,2,15,Skip
1,talk,33,2,4,Skip
1,talk,34,2,14,Skip
1,talk,35,2,5,VOTE Agent[14]
1,talk,36,2,3,VOTE Agent[09]
1,talk,37,2,11,VOTE Agent[14]
1,talk,38,2,8,VOTE Agent[14]
1,talk,39,2,10,ESTIMATE Agent[05] WEREWOLF
1,talk,40,2,2,Skip
1,talk,41,2,7,ESTIMATE Agent[05] WEREWOLF
1,talk,42,2,13,ESTIMATE Agent[02] WEREWOLF
1,talk,43,2,12,VOTE Agent[14]
1,talk,44,2,1,VOTE Agent[14]
1,talk,45,3,14,VOTE Agent[02]
1,talk,46,3,13,VOTE Agent[14]
1,talk,47,3,4,Over
1,talk,48,3,5,REQUEST(VOTE Agent[14])
1,talk,49,3,1,Skip
1,talk,50,3,2,Skip
1,talk,51,3,3,VOTE Agent[14]
1,talk,52,3,11,ESTIMATE Agent[06] WEREWOLF
1,talk,53,3,7,VOTE Agent[09]
1,talk,54,3,6,ESTIMATE Agent[14] WEREWOLF
1,talk,55,3,15,Skip
1,talk,56,3,8,Skip
1,talk,57,3,9,REQUEST(VOTE Agent[06])
1,talk,58,3,12,Over
1,talk,59,3,10,VOTE Agent[05]
1,talk,60,4,7,Skip
1,talk,61,4,5,Skip
1,talk,62,4,11,ESTIMATE Agent[10] WEREWOLF
1,talk,63,4,15,Over
1,talk,64,4,2,Over
1,talk,65,4,9,Skip
1,talk,66,4,3,Skip
1,talk,67,4,12,Over
1,talk,68,4,8,VOTE Agent[07]
1,talk,69,4,6,REQUEST(Agent[10] DIVINATION Agent[14])
1,talk,70,4,4,VOTE Agent[14]
1,talk,71,4,13,Over
1,talk,72,4,1,Skip
1,talk,73,4,14,VOTE Agent[03]
1,talk,74,4,10,Skip
1,talk,75,5,5,Skip
1,talk,76,5,10,Skip
1,talk,77,5,3,Skip
1,talk,78,5,12,Over
1,talk,79,5,9,Skip
1,talk,80,5,11,ESTIMATE Agent[14] WEREWOLF
1,talk,81,5,2,Over
1,talk,82,5,14,Skip
1,talk,83,5,7,Skip
1,talk,84,5,4,VOTE Agent[14]
1,talk,85,5,13,Over
1,talk,86,5,8,Skip
1,talk,87,5,6,VOTE Agent[14]
1,talk,88,5,15,Over
1,talk,89,5,1,Over
1,talk,90,6,15,Over
1,talk,91,6,9,Over
1,talk,92,6,10,Over
1,talk,93,6,3,Over
1,talk,94,6,12,Over
1,talk,95,6,7,Over
1,talk,96,6,6,Skip
1,talk,97,6,5,Over
1,talk,98,6,1,Over
1,talk,99,6,14,VOTE Agent[15]
1,talk,100,6,11,Skip
1,talk,101,6,4,REQUEST(DIVINATION Agent[03])
1,talk,102,6,8,Skip
1,talk,103,6,2,Over
1,talk,104,6,13,ESTIMATE Agent[01] VILLAGER
1,talk,105,7,12,Over
1,talk,106,7,4,Skip
1,talk,107,7,15,Over
1,talk,108,7,10,Over
1,talk,109,7,7,Over
1,talk,110,7,11,ESTIMATE Agent[14] WEREWOLF
1,talk,111,7,2,Over
1,talk,112,7,14,Skip
1,talk,113,7,1,Over
1,talk,114,7,5,Over
1,talk,115,7,8,VOTE Agent[07]
1,talk,116,7,13,Over
1,talk,117,7,6,Skip
1,talk,118,7,9,Over
1,talk,119,7,3,Over
1,talk,120,8,7,Over
1,talk,121,8,12,Over
1,talk,122,8,11,ESTIMATE Agent[02] WEREWOLF
1,talk,123,8,13,Over
1,talk,124,8,2,Over
1,talk,125,8,1,Over
1,talk,126,8,3,Over
1,talk,127,8,6,Over
1,talk,128,8,15,Over
1,talk,129,8,4,Skip
1,talk,130,8,10,Over
1,talk,131,8,8,Skip
1,talk,132,8,9,Over
1,talk,133,8,14,Skip
1,talk,134,8,5,Over
1,talk,135,9,6,Over
1,talk,136,9,7,Over
1,talk,137,9,14,Over
1,talk,138,9,4,Over
1,talk,139,9,15,ESTIMATE Agent[03] VILLAGER
1,talk,140,9,5,Over
1,talk,141,9,10,Over
1,talk,142,9,11,ESTIMATE Agent[03] VILLAGER
1,talk,143,9,2,Over
1,talk,144,9,3,Over
1,talk,145,9,1,Over
1,talk,146,9,13,Over
1,talk,147,9,12,Over
1,talk,148,9,9,Over
1,talk,149,9,8,Skip
1,talk,150,10,14,Over
1,talk,151,10,2,Over
1,talk,152,10,10,Over
1,talk,153,10,12,Over
1,talk,154,10,9,Over
1,talk,155,10,3,Over
1,talk,156,10,5,Over
1,talk,157,10,4,Over
1,talk,158,10,8,VOTE Agent[07]
1,talk,159,10,13,Over
1,talk,160,10,11,Skip
1,talk,161,10,6,Over
1,talk,162,10,1,Over
1,talk,163,10,15,Over
1,talk,164,10,7,Over
1,talk,165,11,13,Over
1,talk,166,11,8,Skip
1,talk,167,11,15,Over
1,talk,168,11,14,Over
1,talk,169,11,3,Over
1,talk,170,11,11,Over
1,talk,171,11,2,Over
1,talk,172,11,5,Over
1,talk,173,11,1,Over
1,talk,174,11,7,Over
1,talk,175,11,6,Over
1,talk,176,11,12,Over
1,talk,177,11,10,Over
1,talk,178,11,4,Over
1,talk,179,11,9,Over
1,talk,180,12,15,Over
1,talk,181,12,10,Over
1,talk,182,12,14,Over
1,talk,183,12,3,Over
1,talk,184,12,13,Over
1,talk,185,12,8,Skip
1,talk,186,12,6,Over
1,talk,187,12,12,Over
1,talk,188,12,2,Over
1,talk,189,12,5,Over
1,talk,190,12,7,Over
1,talk,191,12,11,ESTIMATE Agent[05] WEREWOLF
1,talk,192,12,9,Over
1,talk,193,12,4,Over
1,talk,194,12,1,Over
1,talk,195,13,8,VOTE Agent[07]
1,talk,196,13,3,Over
1,talk,197,13,4,Over
1,talk,198,13,5,Over
1,talk,199,13,10,Over
1,talk,200,13,11,ESTIMATE Agent[14] WEREWOLF
1,talk,201,13,1,Over
1,talk,202,13,7,Over
1,talk,203,13,13,Over
1,talk,204,13,15,Over
1,talk,205,13,2,Over
1,talk,206,13,14,Over
1,talk,207,13,12,Over
1,talk,208,13,9,Over
1,talk,209,13,6,Over
1,talk,210,14,8,Skip
1,talk,211,14,13,Over
1,talk,212,14,4,Over
1,talk,213,14,9,Over
1,talk,214,14,10,Over
1,talk,215,14,6,Over
1,talk,216,14,7,Over
1,talk,217,14,3,Over
1,talk,218,14,15,Over
1,talk,219,14,2,Over
1,talk,220,14,1,Over
1,talk,221,14,5,Over
1,talk,222,14,12,Over
1,talk,223,14,14,Over
1,talk,224,14,11,Over
1,talk,225,15,8,Skip
1,talk,226,15,1,Over
1,talk,227,15,7,Over
1,talk,228,15,2,Over
1,talk,229,15,5,Over
1,talk,230,15,10,Over
1,talk,231,15,11,Over
1,talk,232,15,9,Over
1,talk,233,15,15,Over
1,talk,234,15,3,Over
1,talk,235,15,12,Over
1,talk,236,15,6,Over
1,talk,237,15,14,Over
1,talk,238,15,4,Over
1,talk,239,15,13,Over
1,talk,240,16,9,Over
1,talk,241,16,6,Over
1,talk,242,16,7,Over
1,talk,243,16,14,Over
1,talk,244,16,8,VOTE Agent[07]
1,talk,245,16,5,Over
1,talk,246,16,13,Over
1,talk,247,16,4,Over
1,talk,248,16,10,Over
1,talk,249,16,1,Over
1,talk,250,16,15,Over
1,talk,251,16,3,Over
1,talk,252,16,12,Over
1,talk,253,16,11,Over
1,talk,254,16,2,Over
1,talk,255,17,3,Over
1,talk,256,17,11,Over
1,talk,257,17,5,Over
1,talk,258,17,1,Over
1,talk,259,17,7,Over
1,talk,260,17,2,Over
1,talk,261,17,14,Over
1,talk,262,17,8,Skip
1,talk,263,17,9,Over
1,talk,264,17,10,Over
1,talk,265,17,15,Over
1,talk,266,17,13,Over
1,talk,267,17,4,Over
1,talk,268,17,6,Over
1,talk,269,17,12,Over
1,talk,270,18,1,Over
1,talk,271,18,13,Over
1,talk,272,18,3,Over
1,talk,273,18,2,Over
1,talk,274,18,9,Over
1,talk,275,18,5,Over
1,talk,276,18,11,Over
1,talk,277,18,14,Over
1,talk,278,18,6,Over
1,talk,279,18,8,Skip
1,talk,280,18,10,Over
1,talk,281,18,12,Over
1,talk,282,18,15,Over
1,talk,283,18,4,Over
1,talk,284,18,7,Over
1,talk,285,19,3,Over
1,talk,286,19,1,Over
1,talk,287,19,12,Over
1,talk,288,19,7,Over
1,talk,289,19,15,Over
1,talk,290,19,11,Over
1,talk,291,19,6,Over
1,talk,292,19,2,Over
1,talk,293,19,4,Over
1,talk,294,19,8,VOTE Agent[07]
1,talk,295,19,14,Over
1,talk,296,19,9,Over
1,talk,297,19,10,Over
1,talk,298,19,5,Over
1,talk,299,19,13,Over
1,vote,1,14
1,vote,2,5
1,vote,3,14
1,vote,4,14
1,vote,5,14
1,vote,6,14
1,vote,7,9
1,vote,8,7
1,vote,9,6
1,vote,10,5
1,vote,11,14
1,vote,12,14
1,vote,13,14
1,vote,14,15
1,vote,15,14
1,execute,14,VILLAGER
1,divine,10,5,HUMAN
1,whisper,0,0,9,ESTIMATE Agent[05] POSSESSED
1,whisper,1,0,11,ATTACK Agent[15]
1,whisper,2,0,2,ATTACK Agent[15]
1,whisper,3,1,9,ATTACK Agent[10]
1,whisper,4,1,2,Skip
1,whisper,5,1,11,Over
1,whisper,6,2,2,Skip
1,whisper,7,2,11,ESTIMATE Agent[05] POSSESSED
1,whisper,8,2,9,REQUEST(ATTACK Agent[10])
1,whisper,9,3,2,Over
1,whisper,10,3,11,ATTACK Agent[10]
1,whisper,11,3,9,Skip
1,whisper,12,4,2,Over
1,whisper,13,4,11,Over
1,whisper,14,4,9,Skip
1,whisper,15,5,2,Over
1,whisper,16,5,11,Over
1,whisper,17,5,9,Over
1,guard,1,15,VILLAGER
1,attackVote,2,15
1,attackVote,9,10
1,attackVote,11,10
1,attack,10,true
2,status,1,BODYGUARD,ALIVE,carlo
2,status,2,WEREWOLF,ALIVE,m_cre
2,status,3,VILLAGER,ALIVE,cndl
2,status,4,VILLAGER,ALIVE,AITKN
2,status,5,POSSESSED,ALIVE,aplain
2,status,6,VILLAGER,ALIVE,takkyubu
2,status,7,VILLAGER,ALIVE,kasuka
2,status,8,VILLAGER,ALIVE,johnny
2,status,9,WEREWOLF,ALIVE,hibagon
2,status,10,SEER,DEAD,colun
2,status,11,WEREWOLF,ALIVE,wasabi
2,status,12,VILLAGER,ALIVE,Udon
2,status,13,MEDIUM,ALIVE,JuN1Ro
2,status,14,VILLAGER,DEAD,cash
2,status,15,VILLAGER,ALIVE,daisyo
2,talk,0,0,2,VOTE Agent[05]
2,talk,1,0,6,DISAGREE TALK day1 ID:39
2,talk,2,0,4,VOTE Agent[12]
2,talk,3,0,1,VOTE Agent[02]
2,talk,4,0,15,VOTE Agent[12]
2,talk,5,0,7,ESTIMATE Agent[09] WEREWOLF
2,talk,6,0,5,DIVINED Agent[13] HUMAN
2,talk,7,0,8,VOTE Agent[07]
2,talk,8,0,12,VOTE Agent[09]
2,talk,9,0,9,VOTE Agent[06]
2,talk,10,0,11,VOTE Agent[13]
2,talk,11,0,13,COMINGOUT Agent[13] MEDIUM
2,talk,12,0,3,VOTE Agent[09]
2,talk,13,1,8,Skip
2,talk,14,1,1,Skip
2,talk,15,1,15,ESTIMATE Agent[12] VILLAGER
2,talk,16,1,4,Skip
2,talk,17,1,6,DISAGREE TALK day1 ID:41
2,talk,18,1,13,IDENTIFIED Agent[14] HUMAN
2,talk,19,1,5,VOTE Agent[14]
2,talk,20,1,3,Skip
2,talk,21,1,7,ESTIMATE Agent[05] WEREWOLF
2,talk,22,1,12,Over
2,talk,23,1,2,Skip
2,talk,24,1,11,VOTE Agent[04]
2,talk,25,1,9,REQUEST(VOTE Agent[06])
2,talk,26,2,3,Skip
2,talk,27,2,4,Skip
2,talk,28,2,8,Skip
2,talk,29,2,6,DISAGREE TALK day1 ID:191
2,talk,30,2,11,VOTE Agent[01]
2,talk,31,2,15,Skip
2,talk,32,2,9,COMINGOUT Agent[09] MEDIUM
2,talk,33,2,12,Over
2,talk,34,2,13,VOTE Agent[05]
2,talk,35,2,7,ESTIMATE Agent[15] WEREWOLF
2,talk,36,2,2,Skip
2,talk,37,2,1,VOTE Agent[05]
2,talk,38,2,5,REQUEST(VOTE Agent[14])
2,talk,39,3,9,VOTE Agent[13]
2,talk,40,3,3,Over
2,talk,41,3,1,Skip
2,talk,42,3,4,VOTE Agent[05]
2,talk,43,3,15,Skip
2,talk,44,3,8,VOTE Agent[07]
2,talk,45,3,12,Over
2,talk,46,3,11,Skip
2,talk,47,3,13,Over
2,talk,48,3,6,ESTIMATE Agent[05] SEER
2,talk,49,3,7,VOTE Agent[09]
2,talk,50,3,5,Skip
2,talk,51,3,2,Over
2,talk,52,4,5,Skip
2,talk,53,4,13,Over
2,talk,54,4,8,Skip
2,talk,55,4,6,VOTE Agent[09]
2,talk,56,4,4,REQUEST(DIVINATION Agent[01])
2,talk,57,4,1,Skip
2,talk,58,4,12,Over
2,talk,59,4,3,Over
2,talk,60,4,7,Skip
2,talk,61,4,2,Over
2,talk,62,4,9,REQUEST(VOTE Agent[13])
2,talk,63,4,11,VOTE Agent[09]
2,talk,64,4,15,Over
2,talk,65,5,4,VOTE Agent[09]
2,talk,66,5,8,Skip
2,talk,67,5,7,Skip
2,talk,68,5,9,Skip
2,talk,69,5,12,Over
2,talk,70,5,1,Over
2,talk,71,5,6,Skip
2,talk,72,5,3,Over
2,talk,73,5,15,ESTIMATE Agent[02] VILLAGER
2,talk,74,5,2,Over
2,talk,75,5,13,VOTE Agent[09]
2,talk,76,5,5,Over
2,talk,77,5,11,ESTIMATE Agent[03] VILLAGER
2,talk,78,6,12,Over
2,talk,79,6,3,Over
2,talk,80,6,9,Skip
2,talk,81,6,15,ESTIMATE Agent[01] VILLAGER
2,talk,82,6,7,Over
2,talk,83,6,13,Over
2,talk,84,6,6,Skip
2,talk,85,6,5,VOTE Agent[09]
2,talk,86,6,8,VOTE Agent[07]
2,talk,87,6,2,Over
2,talk,88,6,1,Over
2,talk,89,6,4,Skip
2,talk,90,6,11,Skip
2,talk,91,7,8,Skip
2,talk,92,7,11,ESTIMATE Agent[12] VILLAGER
2,talk,93,7,6,Over
2,talk,94,7,15,Skip
2,talk,95,7,1,Over
2,talk,96,7,4,Skip
2,talk,97,7,3,Over
2,talk,98,7,2,Over
2,talk,99,7,5,REQUEST(VOTE Agent[09])
2,talk,100,7,12,Over
2,talk,101,7,9,Over
2,talk,102,7,7,Over
2,talk,103,7,13,Over
2,talk,104,8,5,Skip
2,talk,105,8,15,Skip
2,talk,106,8,13,Over
2,talk,107,8,6,Over
2,talk,108,8,7,Over
2,talk,109,8,11,ESTIMATE Agent[13] WEREWOLF
2,talk,110,8,8,Skip
2,talk,111,8,4,VOTE Agent[09]
2,talk,112,8,9,Over
2,talk,113,8,1,Over
2,talk,114,8,2,Over
2,talk,115,8,12,Over
2,talk,116,8,3,Over
2,talk,117,9,11,VOTE Agent[13]
2,talk,118,9,13,Over
2,talk,119,9,3,Over
2,talk,120,9,15,Over
2,talk,121,9,2,Over
2,talk,122,9,12,Over
2,talk,123,9,6,Over
2,talk,124,9,7,Over
2,talk,125,9,5,Skip
2,talk,126,9,4,Skip
2,talk,127,9,9,Over
2,talk,128,9,8,VOTE Agent[07]
2,talk,129,9,1,Over
2,talk,130,10,6,Over
2,talk,131,10,2,Over
2,talk,132,10,9,Over
2,talk,133,10,11,ESTIMATE Agent[05] WEREWOLF
2,talk,134,10,15,Over
2,talk,135,10,1,Over
2,talk,136,10,13,Over
2,talk,137,10,8,Skip
2,talk,138,10,4,Skip
2,talk,139,10,5,Over
2,talk,140,10,12,Over
2,talk,141,10,3,Over
2,talk,142,10,7,Over
2,talk,143,11,6,Over
2,talk,144,11,13,Over
2,talk,145,11,12,Over
2,talk,146,11,15,Over
2,talk,147,11,9,Over
2,talk,148,11,7,Over
2,talk,149,11,2,Over
2,talk,150,11,3,Over
2,talk,151,11,8,Skip
2,talk,152,11,5,Over
2,talk,153,11,4,Over
2,talk,154,11,11,ESTIMATE Agent[08] VILLAGER
2,talk,155,11,1,Over
2,talk,156,12,2,Over
2,talk,157,12,12,Over
2,talk,158,12,3,Over
2,talk,159,12,4,Over
2,talk,160,12,5,Over
2,talk,161,12,8,VOTE Agent[07]
2,talk,162,12,11,Over
2,talk,163,12,13,Over
2,talk,164,12,7,Over
2,talk,165,12,6,Over
2,talk,166,12,1,Over
2,talk,167,12,15,Over
2,talk,168,12,9,Over
2,talk,169,13,3,Over
2,talk,170,13,12,Over
2,talk,171,13,9,Over
2,talk,172,13,15,Over
2,talk,173,13,7,Over
2,talk,174,13,2,Over
2,talk,175,13,4,Over
2,talk,176,13,5,Over
2,talk,177,13,8,Skip
2,talk,178,13,1,Over
2,talk,179,13,13,Over
2,talk,180,13,6,Over
2,talk,181,13,11,Over
2,talk,182,14,5,Over
2,talk,183,14,12,Over
2,talk,184,14,3,Over
2,talk,185,14,11,Over
2,talk,186,14,1,Over
2,talk,187,14,8,Skip
2,talk,188,14,2,Over
2,talk,189,14,6,Over
2,talk,190,14,15,Over
2,talk,191,14,9,Over
2,talk,192,14,4,Over
2,talk,193,14,7,Over
2,talk,194,14,13,Over
2,talk,195,15,3,Over
2,talk,196,15,1,Over
2,talk,197,15,9,Over
2,talk,198,15,11,Over
2,talk,199,15,4,Over
2,talk,200,15,13,Over
2,talk,201,15,7,Over
2,talk,202,15,15,Over
2,talk,203,15,12,Over
2,talk,204,15,8,VOTE Agent[07]
2,talk,205,15,2,Over
2,talk,206,15,5,Over
2,talk,207,15,6,Over
2,talk,208,16,13,Over
2,talk,209,16,1,Over
2,talk,210,16,8,Skip
2,talk,211,16,15,Over
2,talk,212,16,12,Over
2,talk,213,16,4,Over
2,talk,214,16,2,Over
2,talk,215,16,9,Over
2,talk,216,16,6,Over
2,talk,217,16,11,Over
2,talk,218,16,5,Over
2,talk,219,16,7,Over
2,talk,220,16,3,Over
2,talk,221,17,5,Over
2,talk,222,17,9,Over
2,talk,223,17,6,Over
2,talk,224,17,8,Skip
2,talk,225,17,4,Over
2,talk,226,17,1,Over
2,talk,227,17,11,Over
2,talk,228,17,12,Over
2,talk,229,17,15,Over
2,talk,230,17,13,Over
2,talk,231,17,2,Over
2,talk,232,17,7,Over
2,talk,233,17,3,Over
2,talk,234,18,5,Over
2,talk,235,18,9,Over
2,talk,236,18,4,Over
2,talk,237,18,3,Over
2,talk,238,18,1,Over
2,talk,239,18,12,Over
2,talk,240,18,7,Over
2,talk,241,18,2,Over
2,talk,242,18,6,Over
2,talk,243,18,8,VOTE Agent[07]
2,talk,244,18,15,Over
2,talk,245,18,13,Over
2,talk,246,18,11,Over
2,talk,247,19,4,Over
2,talk,248,19,15,Over
2,talk,249,19,5,Over
2,talk,250,19,11,Over
2,talk,251,19,6,Over
2,talk,252,19,8,Skip
2,talk,253,19,9,Over
2,talk,254,19,13,Over
2,talk,255,19,3,Over
2,talk,256,19,2,Over
2,talk,257,19,7,Over
2,talk,258,19,12,Over
2,talk,259,19,1,Over
2,vote,1,5
2,vote,2,5
2,vote,3,9
2,vote,4,9
2,vote,5,9
2,vote,6,9
2,vote,7,9
2,vote,8,7
2,vote,9,13
2,vote,11,13
2,vote,12,9
2,vote,13,9
2,vote,15,9
2,execute,9,WEREWOLF
2,whisper,0,0,2,ATTACK Agent[15]
2,whisper,1,0,11,ATTACK Agent[15]
2,whisper,2,1,11,Over
2,whisper,3,1,2,Skip
2,whisper,4,2,2,Skip
2,whisper,5,2,11,Over
2,whisper,6,3,2,Over
2,whisper,7,3,11,Over
2,guard,1,15,VILLAGER
2,attackVote,2,15
2,attackVote,11,15
2,attack,15,false
3,status,1,BODYGUARD,ALIVE,carlo
3,status,2,WEREWOLF,ALIVE,m_cre
3,status,3,VILLAGER,ALIVE,cndl
3,status,4,VILLAGER,ALIVE,AITKN
3,status,5,POSSESSED,ALIVE,aplain
3,status,6,VILLAGER,ALIVE,takkyubu
3,status,7,VILLAGER,ALIVE,kasuka
3,status,8,VILLAGER,ALIVE,johnny
3,status,9,WEREWOLF,DEAD,hibagon
3,status,10,SEER,DEAD,colun
3,status,11,WEREWOLF,ALIVE,wasabi
3,status,12,VILLAGER,ALIVE,Udon
3,status,13,MEDIUM,ALIVE,JuN1Ro
3,status,14,VILLAGER,DEAD,cash
3,status,15,VILLAGER,ALIVE,daisyo
3,talk,0,0,12,VOTE Agent[05]
3,talk,1,0,15,VOTE Agent[12]
3,talk,2,0,1,VOTE Agent[05]
3,talk,3,0,6,VOTE Agent[12]
3,talk,4,0,5,DIVINED Agent[11] WEREWOLF
3,talk,5,0,8,VOTE Agent[07]
3,talk,6,0,11,VOTE Agent[13]
3,talk,7,0,3,VOTE Agent[11]
3,talk,8,0,13,IDENTIFIED Agent[09] WEREWOLF
3,talk,9,0,7,ESTIMATE Agent[09] WEREWOLF
3,talk,10,0,4,VOTE Agent[15]
3,talk,11,0,2,VOTE Agent[05]
3,talk,12,1,1,Skip
3,talk,13,1,3,VOTE Agent[12]
3,talk,14,1,5,VOTE Agent[11]
3,talk,15,1,6,ESTIMATE Agent[11] WEREWOLF
3,talk,16,1,2,Skip
3,talk,17,1,15,ESTIMATE Agent[12] VILLAGER
3,talk,18,1,7,ESTIMATE Agent[05] WEREWOLF
3,talk,19,1,11,ESTIMATE Agent[07] VILLAGER
3,talk,20,1,12,Over
3,talk,21,1,8,VOTE Agent[11]
3,talk,22,1,4,VOTE Agent[12]
3,talk,23,1,13,VOTE Agent[05]
3,talk,24,2,1,Skip
3,talk,25,2,8,Skip
3,talk,26,2,2,Skip
3,talk,27,2,3,Skip
3,talk,28,2,7,ESTIMATE Agent[04] WEREWOLF
3,talk,29,2,11,ESTIMATE Agent[05] WEREWOLF
3,talk,30,2,15,ESTIMATE Agent[02] VILLAGER
3,talk,31,2,6,REQUEST(Agent[05] DIVINATION Agent[11])
3,talk,32,2,4,Skip
3,talk,33,2,5,REQUEST(VOTE Agent[11])
3,talk,34,2,12,Over
3,talk,35,2,13,Over
3,talk,36,3,15,Skip
3,talk,37,3,5,Skip
3,talk,38,3,12,Over
3,talk,39,3,1,Over
3,talk,40,3,8,Skip
3,talk,41,3,2,Over
3,talk,42,3,3,Skip
3,talk,43,3,4,Skip
3,talk,44,3,7,VOTE Agent[05]
3,talk,45,3,6,VOTE Agent[11]
3,talk,46,3,11,ESTIMATE Agent[05] WEREWOLF
3,talk,47,3,13,Over
3,talk,48,4,3,VOTE Agent[11]
3,talk,49,4,13,Over
3,talk,50,4,15,ESTIMATE Agent[01] VILLAGER
3,talk,51,4,1,Over
3,talk,52,4,4,VOTE Agent[11]
3,talk,53,4,5,Skip
3,talk,54,4,2,Over
3,talk,55,4,6,Skip
3,talk,56,4,12,Over
3,talk,57,4,8,VOTE Agent[11]
3,talk,58,4,7,Skip
3,talk,59,4,11,ESTIMATE Agent[05] WEREWOLF
3,talk,60,5,15,Skip
3,talk,61,5,4,REQUEST(DIVINATION Agent[01])
3,talk,62,5,7,Skip
3,talk,63,5,8,Skip
3,talk,64,5,3,Skip
3,talk,65,5,11,ESTIMATE Agent[15] VILLAGER
3,talk,66,5,2,Over
3,talk,67,5,6,Skip
3,talk,68,5,1,Over
3,talk,69,5,5,Over
3,talk,70,5,12,Over
3,talk,71,5,13,Over
3,talk,72,6,8,Skip
3,talk,73,6,4,Skip
3,talk,74,6,13,Over
3,talk,75,6,1,Over
3,talk,76,6,6,Over
3,talk,77,6,15,Over
3,talk,78,6,7,Over
3,talk,79,6,5,Over
3,talk,80,6,12,Over
3,talk,81,6,2,Over
3,talk,82,6,3,Skip
3,talk,83,6,11,ESTIMATE Agent[13] WEREWOLF
3,talk,84,7,12,Over
3,talk,85,7,4,Skip
3,talk,86,7,5,Over
3,talk,87,7,3,Over
3,talk,88,7,15,Over
3,talk,89,7,7,Over
3,talk,90,7,11,ESTIMATE Agent[04] WEREWOLF
3,talk,91,7,8,VOTE Agent[11]
3,talk,92,7,1,Over
3,talk,93,7,2,Over
3,talk,94,7,6,Over
3,talk,95,7,13,ESTIMATE Agent[15] WEREWOLF
3,talk,96,8,12,Over
3,talk,97,8,3,Over
3,talk,98,8,1,Over
3,talk,99,8,11,ESTIMATE Agent[05] WEREWOLF
3,talk,100,8,7,Over
3,talk,101,8,4,Over
3,talk,102,8,13,Over
3,talk,103,8,15,Skip
3,talk,104,8,8,Skip
3,talk,105,8,2,Over
3,talk,106,8,6,Over
3,talk,107,8,5,Over
3,talk,108,9,11,ESTIMATE Agent[12] WEREWOLF
3,talk,109,9,2,Over
3,talk,110,9,5,Over
3,talk,111,9,1,Over
3,talk,112,9,3,Over
3,talk,113,9,12,Over
3,talk,114,9,4,Over
3,talk,115,9,13,Over
3,talk,116,9,6,Over
3,talk,117,9,8,Skip
3,talk,118,9,7,Over
3,talk,119,9,15,Over
3,talk,120,10,13,Over
3,talk,121,10,1,Over
3,talk,122,10,4,Over
3,talk,123,10,11,Over
3,talk,124,10,6,Over
3,talk,125,10,12,Over
3,talk,126,10,5,Over
3,talk,127,10,15,Over
3,talk,128,10,2,Over
3,talk,129,10,3,Over
3,talk,130,10,8,VOTE Agent[11]
3,talk,131,10,7,Over
3,talk,132,11,13,Over
3,talk,133,11,11,Over
3,talk,134,11,2,Over
3,talk,135,11,8,Skip
3,talk,136,11,4,Over
3,talk,137,11,1,Over
3,talk,138,11,3,Over
3,talk,139,11,12,Over
3,talk,140,11,5,Over
3,talk,141,11,6,Over
3,talk,142,11,15,Over
3,talk,143,11,7,Over
3,talk,144,12,1,Over
3,talk,145,12,4,Over
3,talk,146,12,11,Over
3,talk,147,12,8,Skip
3,talk,148,12,12,Over
3,talk,149,12,5,Over
3,talk,150,12,6,Over
3,talk,151,12,2,Over
3,talk,152,12,3,Over
3,talk,153,12,15,Over
3,talk,154,12,7,Over
3,talk,155,12,13,Over
3,talk,156,13,2,Over
3,talk,157,13,12,Over
3,talk,158,13,3,Over
3,talk,159,13,15,Over
3,talk,160,13,4,Over
3,talk,161,13,13,Over
3,talk,162,13,8,VOTE Agent[11]
3,talk,163,13,11,Over
3,talk,164,13,5,Over
3,talk,165,13,7,Over
3,talk,166,13,1,Over
3,talk,167,13,6,Over
3,talk,168,14,3,Over
3,talk,169,14,6,Over
3,talk,170,14,2,Over
3,talk,171,14,4,Over
3,talk,172,14,13,Over
3,talk,173,14,11,Over
3,talk,174,14,7,Over
3,talk,175,14,1,Over
3,talk,176,14,12,Over
3,talk,177,14,8,Skip
3,talk,178,14,5,Over
3,talk,179,14,15,Over
3,talk,180,15,12,Over
3,talk,181,15,6,Over
3,talk,182,15,8,Skip
3,talk,183,15,13,Over
3,talk,184,15,7,Over
3,talk,185,15,5,Over
3,talk,186,15,2,Over
3,talk,187,15,15,Over
3,talk,188,15,11,Over
3,talk,189,15,4,Over
3,talk,190,15,1,Over
3,talk,191,15,3,Over
3,talk,192,16,15,Over
3,talk,193,16,5,Over
3,talk,194,16,6,Over
3,talk,195,16,4,Over
3,talk,196,16,13,Over
3,talk,197,16,3,Over
3,talk,198,16,8,VOTE Agent[11]
3,talk,199,16,12,Over
3,talk,200,16,1,Over
3,talk,201,16,7,Over
3,talk,202,16,2,Over
3,talk,203,16,11,Over
3,talk,204,17,2,Over
3,talk,205,17,1,Over
3,talk,206,17,13,Over
3,talk,207,17,12,Over
3,talk,208,17,4,Over
3,talk,209,17,11,Over
3,talk,210,17,3,Over
3,talk,211,17,5,Over
3,talk,212,17,8,Skip
3,talk,213,17,15,Over
3,talk,214,17,6,Over
3,talk,215,17,7,Over
3,talk,216,18,8,Skip
3,talk,217,18,1,Over
3,talk,218,18,4,Over
3,talk,219,18,2,Over
3,talk,220,18,3,Over
3,talk,221,18,5,Over
3,talk,222,18,15,Over
3,talk,223,18,7,Over
3,talk,224,18,12,Over
3,talk,225,18,11,Over
3,talk,226,18,6,Over
3,talk,227,18,13,Over
3,talk,228,19,6,Over
3,talk,229,19,5,Over
3,talk,230,19,4,Over
3,talk,231,19,11,Over
3,talk,232,19,1,Over
3,talk,233,19,13,Over
3,talk,234,19,3,Over
3,talk,235,19,7,Over
3,talk,236,19,12,Over
3,talk,237,19,15,Over
3,talk,238,19,2,Over
3,talk,239,19,8,VOTE Agent[11]
3,vote,1,5
3,vote,2,5
3,vote,3,11
3,vote,4,11
3,vote,5,11
3,vote,6,11
3,vote,7,5
3,vote,8,11
3,vote,11,13
3,vote,12,5
3,vote,13,5
3,vote,15,12
3,vote,1,5
3,vote,2,5
3,vote,3,11
3,vote,4,11
3,vote,5,3
3,vote,6,11
3,vote,7,5
3,vote,8,11
3,vote,11,13
3,vote,12,5
3,vote,13,5
3,vote,15,12
3,execute,5,POSSESSED
3,whisper,0,0,11,ATTACK Agent[15]
3,whisper,1,0,2,ATTACK Agent[15]
3,whisper,2,1,2,Skip
3,whisper,3,1,11,Over
3,whisper,4,2,11,Over
3,whisper,5,2,2,Skip
3,whisper,6,3,2,Over
3,whisper,7,3,11,Over
3,guard,1,15,VILLAGER
3,attackVote,2,15
3,attackVote,11,15
3,attack,15,false
4,status,1,BODYGUARD,ALIVE,carlo
4,status,2,WEREWOLF,ALIVE,m_cre
4,status,3,VILLAGER,ALIVE,cndl
4,status,4,VILLAGER,ALIVE,AITKN
4,status,5,POSSESSED,DEAD,aplain
4,status,6,VILLAGER,ALIVE,takkyubu
4,status,7,VILLAGER,ALIVE,kasuka
4,status,8,VILLAGER,ALIVE,johnny
4,status,9,WEREWOLF,DEAD,hibagon
4,status,10,SEER,DEAD,colun
4,status,11,WEREWOLF,ALIVE,wasabi
4,status,12,VILLAGER,ALIVE,Udon
4,status,13,MEDIUM,ALIVE,JuN1Ro
4,status,14,VILLAGER,DEAD,cash
4,status,15,VILLAGER,ALIVE,daisyo
4,talk,0,0,3,VOTE Agent[11]
4,talk,1,0,8,VOTE Agent[11]
4,talk,2,0,12,VOTE Agent[01]
4,talk,3,0,13,IDENTIFIED Agent[05] HUMAN
4,talk,4,0,11,VOTE Agent[13]
4,talk,5,0,15,VOTE Agent[12]
4,talk,6,0,1,VOTE Agent[11]
4,talk,7,0,6,AGREE TALK day3 ID:15
4,talk,8,0,7,ESTIMATE Agent[09] WEREWOLF
4,talk,9,0,2,VOTE Agent[13]
4,talk,10,0,4,VOTE Agent[12]
4,talk,11,1,7,ESTIMATE Agent[05] WEREWOLF
4,talk,12,1,1,Skip
4,talk,13,1,15,Skip
4,talk,14,1,12,VOTE Agent[11]
4,talk,15,1,11,ESTIMATE Agent[13] WEREWOLF
4,talk,16,1,4,VOTE Agent[11]
4,talk,17,1,6,ESTIMATE Agent[11] WEREWOLF
4,talk,18,1,8,VOTE Agent[04]
4,talk,19,1,2,Skip
4,talk,20,1,13,VOTE Agent[09]
4,talk,21,1,3,Skip
4,talk,22,2,15,ESTIMATE Agent[12] VILLAGER
4,talk,23,2,8,Skip
4,talk,24,2,12,Over
4,talk,25,2,11,ESTIMATE Agent[12] VILLAGER
4,talk,26,2,13,Over
4,talk,27,2,1,Skip
4,talk,28,2,4,Skip
4,talk,29,2,3,Skip
4,talk,30,2,2,Skip
4,talk,31,2,7,ESTIMATE Agent[08] WEREWOLF
4,talk,32,2,6,REQUEST(DIVINATION Agent[11])
4,talk,33,3,3,Over
4,talk,34,3,8,Skip
4,talk,35,3,15,Over
4,talk,36,3,6,VOTE Agent[11]
4,talk,37,3,4,Skip
4,talk,38,3,12,Over
4,talk,39,3,1,Over
4,talk,40,3,7,VOTE Agent[04]
4,talk,41,3,13,Over
4,talk,42,3,2,Over
4,talk,43,3,11,ESTIMATE Agent[13] WEREWOLF
4,talk,44,4,13,Over
4,talk,45,4,15,ESTIMATE Agent[02] VILLAGER
4,talk,46,4,1,Over
4,talk,47,4,11,ESTIMATE Agent[13] WEREWOLF
4,talk,48,4,3,Over
4,talk,49,4,7,Skip
4,talk,50,4,12,Over
4,talk,51,4,8,VOTE Agent[04]
4,talk,52,4,2,Over
4,talk,53,4,6,Skip
4,talk,54,4,4,Over
4,talk,55,5,3,Over
4,talk,56,5,4,Over
4,talk,57,5,8,Skip
4,talk,58,5,15,Over
4,talk,59,5,11,Skip
4,talk,60,5,7,Skip
4,talk,61,5,13,Over
4,talk,62,5,1,Over
4,talk,63,5,2,Over
4,talk,64,5,6,Skip
4,talk,65,5,12,Over
4,talk,66,6,2,Over
4,talk,67,6,11,Skip
4,talk,68,6,4,Over
4,talk,69,6,3,Over
4,talk,70,6,8,Skip
4,talk,71,6,7,Over
4,talk,72,6,15,Skip
4,talk,73,6,6,Over
4,talk,74,6,13,Over
4,talk,75,6,12,Over
4,talk,76,6,1,Over
4,talk,77,7,8,VOTE Agent[04]
4,talk,78,7,15,ESTIMATE Agent[01] VILLAGER
4,talk,79,7,3,Over
4,talk,80,7,6,Over
4,talk,81,7,1,Over
4,talk,82,7,13,ESTIMATE Agent[15] WEREWOLF
4,talk,83,7,4,Over
4,talk,84,7,2,Over
4,talk,85,7,7,Over
4,talk,86,7,11,ESTIMATE Agent[08] WEREWOLF
4,talk,87,7,12,Over
4,talk,88,8,1,Over
4,talk,89,8,11,ESTIMATE Agent[13] WEREWOLF
4,talk,90,8,15,Skip
4,talk,91,8,3,Over
4,talk,92,8,4,Over
4,talk,93,8,2,Over
4,talk,94,8,7,Over
4,talk,95,8,12,Over
4,talk,96,8,6,Over
4,talk,97,8,13,Over
4,talk,98,8,8,Skip
4,talk,99,9,1,Over
4,talk,100,9,7,Over
4,talk,101,9,6,Over
4,talk,102,9,8,Skip
4,talk,103,9,15,Skip
4,talk,104,9,3,Over
4,talk,105,9,4,Over
4,talk,106,9,11,ESTIMATE Agent[08] VILLAGER
4,talk,107,9,12,Over
4,talk,108,9,13,ESTIMATE Agent[15] WEREWOLF
4,talk,109,9,2,Over
4,talk,110,10,8,VOTE Agent[04]
4,talk,111,10,11,Skip
4,talk,112,10,6,Over
4,talk,113,10,12,Over
4,talk,114,10,13,Over
4,talk,115,10,15,Over
4,talk,116,10,7,Over
4,talk,117,10,4,Over
4,talk,118,10,2,Over
4,talk,119,10,1,Over
4,talk,120,10,3,Over
4,talk,121,11,3,Over
4,talk,122,11,11,ESTIMATE Agent[02] WEREWOLF
4,talk,123,11,6,Over
4,talk,124,11,15,Over
4,talk,125,11,8,Skip
4,talk,126,11,1,Over
4,talk,127,11,4,Over
4,talk,128,11,12,Over
4,talk,129,11,2,Over
4,talk,130,11,7,Over
4,talk,131,11,13,Over
4,talk,132,12,6,Over
4,talk,133,12,11,ESTIMATE Agent[02] VILLAGER
4,talk,134,12,13,Over
4,talk,135,12,1,Over
4,talk,136,12,3,Over
4,talk,137,12,12,Over
4,talk,138,12,2,Over
4,talk,139,12,7,Over
4,talk,140,12,4,Over
4,talk,141,12,15,Over
4,talk,142,12,8,Skip
4,talk,143,13,2,Over
4,talk,144,13,7,Over
4,talk,145,13,15,Over
4,talk,146,13,13,Over
4,talk,147,13,6,Over
4,talk,148,13,4,Over
4,talk,149,13,1,Over
4,talk,150,13,12,Over
4,talk,151,13,8,VOTE Agent[04]
4,talk,152,13,11,Over
4,talk,153,13,3,Over
4,talk,154,14,3,Over
4,talk,155,14,11,Over
4,talk,156,14,12,Over
4,talk,157,14,7,Over
4,talk,158,14,4,Over
4,talk,159,14,6,Over
4,talk,160,14,15,Over
4,talk,161,14,1,Over
4,talk,162,14,13,Over
4,talk,163,14,8,Skip
4,talk,164,14,2,Over
4,talk,165,15,12,Over
4,talk,166,15,3,Over
4,talk,167,15,15,Over
4,talk,168,15,1,Over
4,talk,169,15,8,Skip
4,talk,170,15,6,Over
4,talk,171,15,4,Over
4,talk,172,15,13,Over
4,talk,173,15,11,Over
4,talk,174,15,7,Over
4,talk,175,15,2,Over
4,talk,176,16,4,Over
4,talk,177,16,8,VOTE Agent[04]
4,talk,178,16,1,Over
4,talk,179,16,12,Over
4,talk,180,16,15,Over
4,talk,181,16,7,Over
4,talk,182,16,13,Over
4,talk,183,16,2,Over
4,talk,184,16,3,Over
4,talk,185,16,6,Over
4,talk,186,16,11,Over
4,talk,187,17,11,Over
4,talk,188,17,13,Over
4,talk,189,17,12,Over
4,talk,190,17,3,Over
4,talk,191,17,1,Over
4,talk,192,17,8,Skip
4,talk,193,17,7,Over
4,talk,194,17,6,Over
4,talk,195,17,4,Over
4,talk,196,17,15,Over
4,talk,197,17,2,Over
4,talk,198,18,2,Over
4,talk,199,18,8,Skip
4,talk,200,18,13,Over
4,talk,201,18,7,Over
4,talk,202,18,4,Over
4,talk,203,18,1,Over
4,talk,204,18,3,Over
4,talk,205,18,11,Over
4,talk,206,18,6,Over
4,talk,207,18,12,Over
4,talk,208,18,15,Over
4,talk,209,19,7,Over
4,talk,210,19,3,Over
4,talk,211,19,2,Over
4,talk,212,19,4,Over
4,talk,213,19,8,VOTE Agent[04]
4,talk,214,19,13,Over
4,talk,215,19,11,Over
4,talk,216,19,1,Over
4,talk,217,19,6,Over
4,talk,218,19,12,Over
4,talk,219,19,15,Over
4,vote,1,11
4,vote,2,13
4,vote,3,11
4,vote,4,11
4,vote,6,11
4,vote,7,4
4,vote,8,4
4,vote,11,13
4,vote,12,11
4,vote,13,1
4,vote,15,12
4,execute,11,WEREWOLF
4,guard,1,15,VILLAGER
4,attackVote,2,15
4,attack,15,false
5,status,1,BODYGUARD,ALIVE,carlo
5,status,2,WEREWOLF,ALIVE,m_cre
5,status,3,VILLAGER,ALIVE,cndl
5,status,4,VILLAGER,ALIVE,AITKN
5,status,5,POSSESSED,DEAD,aplain
5,status,6,VILLAGER,ALIVE,takkyubu
5,status,7,VILLAGER,ALIVE,kasuka
5,status,8,VILLAGER,ALIVE,johnny
5,status,9,WEREWOLF,DEAD,hibagon
5,status,10,SEER,DEAD,colun
5,status,11,WEREWOLF,DEAD,wasabi
5,status,12,VILLAGER,ALIVE,Udon
5,status,13,MEDIUM,ALIVE,JuN1Ro
5,status,14,VILLAGER,DEAD,cash
5,status,15,VILLAGER,ALIVE,daisyo
5,talk,0,0,2,VOTE Agent[13]
5,talk,1,0,4,VOTE Agent[03]
5,talk,2,0,6,VOTE Agent[08]
5,talk,3,0,8,VOTE Agent[04]
5,talk,4,0,1,VOTE Agent[03]
5,talk,5,0,15,VOTE Agent[12]
5,talk,6,0,7,ESTIMATE Agent[09] WEREWOLF
5,talk,7,0,12,VOTE Agent[02]
5,talk,8,0,3,VOTE Agent[12]
5,talk,9,0,13,IDENTIFIED Agent[11] WEREWOLF
5,talk,10,1,3,Skip
5,talk,11,1,1,Skip
5,talk,12,1,2,Skip
5,talk,13,1,6,Skip
5,talk,14,1,15,Skip
5,talk,15,1,8,Skip
5,talk,16,1,4,VOTE Agent[08]
5,talk,17,1,13,VOTE Agent[09]
5,talk,18,1,7,ESTIMATE Agent[05] WEREWOLF
5,talk,19,1,12,Over
5,talk,20,2,4,Skip
5,talk,21,2,6,Skip
5,talk,22,2,2,Skip
5,talk,23,2,13,ESTIMATE Agent[15] VILLAGER
5,talk,24,2,15,ESTIMATE Agent[12] VILLAGER
5,talk,25,2,1,Skip
5,talk,26,2,7,ESTIMATE Agent[04] WEREWOLF
5,talk,27,2,8,Skip
5,talk,28,2,3,Skip
5,talk,29,2,12,Over
5,talk,30,3,13,Over
5,talk,31,3,1,Over
5,talk,32,3,6,Over
5,talk,33,3,8,VOTE Agent[04]
5,talk,34,3,2,Over
5,talk,35,3,3,Over
5,talk,36,3,7,VOTE Agent[04]
5,talk,37,3,4,Skip
5,talk,38,3,15,Over
5,talk,39,3,12,Over
5,talk,40,4,7,Skip
5,talk,41,4,12,Over
5,talk,42,4,4,Over
5,talk,43,4,13,Over
5,talk,44,4,8,Skip
5,talk,45,4,2,Over
5,talk,46,4,1,Over
5,talk,47,4,15,ESTIMATE Agent[02] VILLAGER
5,talk,48,4,6,Over
5,talk,49,4,3,Over
5,talk,50,5,2,Over
5,talk,51,5,8,Skip
5,talk,52,5,7,Skip
5,talk,53,5,12,Over
5,talk,54,5,15,ESTIMATE Agent[01] VILLAGER
5,talk,55,5,3,Over
5,talk,56,5,1,Over
5,talk,57,5,4,Over
5,talk,58,5,13,ESTIMATE Agent[15] WEREWOLF
5,talk,59,5,6,Over
5,talk,60,6,3,Over
5,talk,61,6,8,VOTE Agent[04]
5,talk,62,6,1,Over
5,talk,63,6,12,Over
5,talk,64,6,15,Skip
5,talk,65,6,4,Over
5,talk,66,6,6,Over
5,talk,67,6,2,Over
5,talk,68,6,7,Over
5,talk,69,6,13,ESTIMATE Agent[15] WEREWOLF
5,talk,70,7,13,Over
5,talk,71,7,4,Over
5,talk,72,7,2,Over
5,talk,73,7,1,Over
5,talk,74,7,7,Over
5,talk,75,7,15,Over
5,talk,76,7,6,Over
5,talk,77,7,12,Over
5,talk,78,7,8,Skip
5,talk,79,7,3,Over
5,talk,80,8,8,Skip
5,talk,81,8,15,Skip
5,talk,82,8,12,Over
5,talk,83,8,7,Over
5,talk,84,8,6,Over
5,talk,85,8,13,Over
5,talk,86,8,3,Over
5,talk,87,8,1,Over
5,talk,88,8,4,Over
5,talk,89,8,2,Over
5,talk,90,9,15,Over
5,talk,91,9,8,VOTE Agent[04]
5,talk,92,9,1,Over
5,talk,93,9,2,Over
5,talk,94,9,13,ESTIMATE Agent[15] WEREWOLF
5,talk,95,9,4,Over
5,talk,96,9,12,Over
5,talk,97,9,3,Over
5,talk,98,9,6,Over
5,talk,99,9,7,Over
5,talk,100,10,12,Over
5,talk,101,10,3,Over
5,talk,102,10,1,Over
5,talk,103,10,15,Over
5,talk,104,10,7,Over
5,talk,105,10,4,Over
5,talk,106,10,6,Over
5,talk,107,10,13,Over
5,talk,108,10,2,Over
5,talk,109,10,8,Skip
5,talk,110,11,3,Over
5,talk,111,11,15,Over
5,talk,112,11,1,Over
5,talk,113,11,6,Over
5,talk,114,11,7,Over
5,talk,115,11,2,Over
5,talk,116,11,13,Over
5,talk,117,11,12,Over
5,talk,118,11,4,Over
5,talk,119,11,8,Skip
5,talk,120,12,6,Over
5,talk,121,12,8,VOTE Agent[04]
5,talk,122,12,13,Over
5,talk,123,12,4,Over
5,talk,124,12,7,Over
5,talk,125,12,1,Over
5,talk,126,12,12,Over
5,talk,127,12,15,Over
5,talk,128,12,3,Over
5,talk,129,12,2,Over
5,talk,130,13,13,Over
5,talk,131,13,2,Over
5,talk,132,13,6,Over
5,talk,133,13,7,Over
5,talk,134,13,15,Over
5,talk,135,13,3,Over
5,talk,136,13,12,Over
5,talk,137,13,1,Over
5,talk,138,13,4,Over
5,talk,139,13,8,Skip
5,talk,140,14,3,Over
5,talk,141,14,4,Over
5,talk,142,14,2,Over
5,talk,143,14,7,Over
5,talk,144,14,8,Skip
5,talk,145,14,13,Over
5,talk,146,14,1,Over
5,talk,147,14,6,Over
5,talk,148,14,15,Over
5,talk,149,14,12,Over
5,talk,150,15,12,Over
5,talk,151,15,1,Over
5,talk,152,15,13,Over
5,talk,153,15,4,Over
5,talk,154,15,15,Over
5,talk,155,15,8,VOTE Agent[04]
5,talk,156,15,3,Over
5,talk,157,15,7,Over
5,talk,158,15,2,Over
5,talk,159,15,6,Over
5,talk,160,16,13,Over
5,talk,161,16,7,Over
5,talk,162,16,6,Over
5,talk,163,16,1,Over
5,talk,164,16,2,Over
5,talk,165,16,3,Over
5,talk,166,16,15,Over
5,talk,167,16,12,Over
5,talk,168,16,8,Skip
5,talk,169,16,4,Over
5,talk,170,17,7,Over
5,talk,171,17,2,Over
5,talk,172,17,8,Skip
5,talk,173,17,12,Over
5,talk,174,17,4,Over
5,talk,175,17,6,Over
5,talk,176,17,13,Over
5,talk,177,17,1,Over
5,talk,178,17,15,Over
5,talk,179,17,3,Over
5,talk,180,18,15,Over
5,talk,181,18,2,Over
5,talk,182,18,12,Over
5,talk,183,18,8,VOTE Agent[04]
5,talk,184,18,6,Over
5,talk,185,18,13,Over
5,talk,186,18,4,Over
5,talk,187,18,1,Over
5,talk,188,18,7,Over
5,talk,189,18,3,Over
5,talk,190,19,3,Over
5,talk,191,19,8,Skip
5,talk,192,19,13,Over
5,talk,193,19,12,Over
5,talk,194,19,15,Over
5,talk,195,19,4,Over
5,talk,196,19,6,Over
5,talk,197,19,1,Over
5,talk,198,19,2,Over
5,talk,199,19,7,Over
5,vote,1,3
5,vote,2,13
5,vote,3,12
5,vote,4,8
5,vote,6,8
5,vote,7,4
5,vote,8,4
5,vote,12,2
5,vote,13,7
5,vote,15,12
5,vote,1,3
5,vote,2,4
5,vote,3,12
5,vote,4,8
5,vote,6,8
5,vote,7,4
5,vote,8,4
5,vote,12,2
5,vote,13,7
5,vote,15,12
5,execute,4,VILLAGER
5,guard,1,15,VILLAGER
5,attackVote,2,15
5,attack,15,false
6,status,1,BODYGUARD,ALIVE,carlo
6,status,2,WEREWOLF,ALIVE,m_cre
6,status,3,VILLAGER,ALIVE,cndl
6,status,4,VILLAGER,DEAD,AITKN
6,status,5,POSSESSED,DEAD,aplain
6,status,6,VILLAGER,ALIVE,takkyubu
6,status,7,VILLAGER,ALIVE,kasuka
6,status,8,VILLAGER,ALIVE,johnny
6,status,9,WEREWOLF,DEAD,hibagon
6,status,10,SEER,DEAD,colun
6,status,11,WEREWOLF,DEAD,wasabi
6,status,12,VILLAGER,ALIVE,Udon
6,status,13,MEDIUM,ALIVE,JuN1Ro
6,status,14,VILLAGER,DEAD,cash
6,status,15,VILLAGER,ALIVE,daisyo
6,talk,0,0,3,VOTE Agent[12]
6,talk,1,0,1,VOTE Agent[03]
6,talk,2,0,7,ESTIMATE Agent[09] WEREWOLF
6,talk,3,0,12,VOTE Agent[02]
6,talk,4,0,2,VOTE Agent[13]
6,talk,5,0,6,VOTE Agent[07]
6,talk,6,0,15,VOTE Agent[12]
6,talk,7,0,8,VOTE Agent[07]
6,talk,8,0,13,IDENTIFIED Agent[04] HUMAN
6,talk,9,1,7,ESTIMATE Agent[05] WEREWOLF
6,talk,10,1,6,Skip
6,talk,11,1,12,Over
6,talk,12,1,13,VOTE Agent[09]
6,talk,13,1,8,VOTE Agent[07]
6,talk,14,1,15,Over
6,talk,15,1,3,Skip
6,talk,16,1,2,Skip
6,talk,17,1,1,Skip
6,talk,18,2,1,Skip
6,talk,19,2,15,Skip
6,talk,20,2,7,ESTIMATE Agent[04] WEREWOLF
6,talk,21,2,12,Over
6,talk,22,2,6,Skip
6,talk,23,2,2,Skip
6,talk,24,2,8,Skip
6,talk,25,2,13,Over
6,talk,26,2,3,Skip
6,talk,27,3,3,Over
6,talk,28,3,6,Over
6,talk,29,3,1,Over
6,talk,30,3,13,Over
6,talk,31,3,12,Over
6,talk,32,3,8,Skip
6,talk,33,3,7,VOTE Agent[08]
6,talk,34,3,2,Over
6,talk,35,3,15,ESTIMATE Agent[12] VILLAGER
6,talk,36,4,13,Over
6,talk,37,4,1,Over
6,talk,38,4,7,Skip
6,talk,39,4,2,Over
6,talk,40,4,6,Over
6,talk,41,4,3,Over
6,talk,42,4,8,VOTE Agent[07]
6,talk,43,4,12,Over
6,talk,44,4,15,ESTIMATE Agent[02] VILLAGER
6,talk,45,5,8,Skip
6,talk,46,5,2,Over
6,talk,47,5,7,Skip
6,talk,48,5,15,Skip
6,talk,49,5,12,Over
6,talk,50,5,3,Over
6,talk,51,5,6,Over
6,talk,52,5,1,Over
6,talk,53,5,13,Over
6,talk,54,6,3,Over
6,talk,55,6,13,Over
6,talk,56,6,8,Skip
6,talk,57,6,6,Over
6,talk,58,6,1,Over
6,talk,59,6,7,Over
6,talk,60,6,2,Over
6,talk,61,6,15,ESTIMATE Agent[01] VILLAGER
6,talk,62,6,12,Over
6,talk,63,7,12,Over
6,talk,64,7,2,Over
6,talk,65,7,1,Over
6,talk,66,7,15,Skip
6,talk,67,7,13,ESTIMATE Agent[03] WEREWOLF
6,talk,68,7,6,Over
6,talk,69,7,7,Over
6,talk,70,7,8,VOTE Agent[07]
6,talk,71,7,3,Over
6,talk,72,8,6,Over
6,talk,73,8,2,Over
6,talk,74,8,7,Over
6,talk,75,8,1,Over
6,talk,76,8,12,Over
6,talk,77,8,15,Over
6,talk,78,8,3,Over
6,talk,79,8,8,Skip
6,talk,80,8,13,Over
6,talk,81,9,3,Over
6,talk,82,9,12,Over
6,talk,83,9,15,Skip
6,talk,84,9,7,Over
6,talk,85,9,2,Over
6,talk,86,9,8,Skip
6,talk,87,9,1,Over
6,talk,88,9,13,Over
6,talk,89,9,6,Over
6,talk,90,10,2,Over
6,talk,91,10,3,Over
6,talk,92,10,15,Over
6,talk,93,10,8,VOTE Agent[07]
6,talk,94,10,6,Over
6,talk,95,10,12,Over
6,talk,96,10,7,Over
6,talk,97,10,1,Over
6,talk,98,10,13,Over
6,talk,99,11,3,Over
6,talk,100,11,8,Skip
6,talk,101,11,15,Over
6,talk,102,11,6,Over
6,talk,103,11,2,Over
6,talk,104,11,7,Over
6,talk,105,11,13,Over
6,talk,106,11,1,Over
6,talk,107,11,12,Over
6,talk,108,12,1,Over
6,talk,109,12,8,Skip
6,talk,110,12,7,Over
6,talk,111,12,15,Over
6,talk,112,12,2,Over
6,talk,113,12,13,Over
6,talk,114,12,12,Over
6,talk,115,12,3,Over
6,talk,116,12,6,Over
6,talk,117,13,6,Over
6,talk,118,13,12,Over
6,talk,119,13,8,VOTE Agent[07]
6,talk,120,13,13,Over
6,talk,121,13,7,Over
6,talk,122,13,15,Over
6,talk,123,13,1,Over
6,talk,124,13,3,Over
6,talk,125,13,2,Over
6,talk,126,14,12,Over
6,talk,127,14,3,Over
6,talk,128,14,8,Skip
6,talk,129,14,7,Over
6,talk,130,14,15,Over
6,talk,131,14,1,Over
6,talk,132,14,13,Over
6,talk,133,14,2,Over
6,talk,134,14,6,Over
6,talk,135,15,12,Over
6,talk,136,15,8,Skip
6,talk,137,15,13,Over
6,talk,138,15,1,Over
6,talk,139,15,7,Over
6,talk,140,15,15,Over
6,talk,141,15,2,Over
6,talk,142,15,3,Over
6,talk,143,15,6,Over
6,talk,144,16,1,Over
6,talk,145,16,7,Over
6,talk,146,16,3,Over
6,talk,147,16,12,Over
6,talk,148,16,6,Over
6,talk,149,16,13,Over
6,talk,150,16,15,Over
6,talk,151,16,8,VOTE Agent[07]
6,talk,152,16,2,Over
6,talk,153,17,13,Over
6,talk,154,17,2,Over
6,talk,155,17,8,Skip
6,talk,156,17,3,Over
6,talk,157,17,15,Over
6,talk,158,17,12,Over
6,talk,159,17,7,Over
6,talk,160,17,6,Over
6,talk,161,17,1,Over
6,talk,162,18,6,Over
6,talk,163,18,2,Over
6,talk,164,18,7,Over
6,talk,165,18,8,Skip
6,talk,166,18,15,Over
6,talk,167,18,12,Over
6,talk,168,18,13,Over
6,talk,169,18,1,Over
6,talk,170,18,3,Over
6,talk,171,19,6,Over
6,talk,172,19,2,Over
6,talk,173,19,15,Over
6,talk,174,19,8,VOTE Agent[07]
6,talk,175,19,13,Over
6,talk,176,19,1,Over
6,talk,177,19,7,Over
6,talk,178,19,12,Over
6,talk,179,19,3,Over
6,vote,1,3
6,vote,2,13
6,vote,3,12
6,vote,6,7
6,vote,7,8
6,vote,8,7
6,vote,12,2
6,vote,13,15
6,vote,15,12
6,vote,1,3
6,vote,2,12
6,vote,3,12
6,vote,6,7
6,vote,7,8
6,vote,8,7
6,vote,12,2
6,vote,13,3
6,vote,15,12
6,execute,12,VILLAGER
6,guard,1,15,VILLAGER
6,attackVote,2,15
6,attack,15,false
7,status,1,BODYGUARD,ALIVE,carlo
7,status,2,WEREWOLF,ALIVE,m_cre
7,status,3,VILLAGER,ALIVE,cndl
7,status,4,VILLAGER,DEAD,AITKN
7,status,5,POSSESSED,DEAD,aplain
7,status,6,VILLAGER,ALIVE,takkyubu
7,status,7,VILLAGER,ALIVE,kasuka
7,status,8,VILLAGER,ALIVE,johnny
7,status,9,WEREWOLF,DEAD,hibagon
7,status,10,SEER,DEAD,colun
7,status,11,WEREWOLF,DEAD,wasabi
7,status,12,VILLAGER,DEAD,Udon
7,status,13,MEDIUM,ALIVE,JuN1Ro
7,status,14,VILLAGER,DEAD,cash
7,status,15,VILLAGER,ALIVE,daisyo
7,talk,0,0,2,VOTE Agent[13]
7,talk,1,0,13,IDENTIFIED Agent[12] HUMAN
7,talk,2,0,7,ESTIMATE Agent[09] WEREWOLF
7,talk,3,0,6,VOTE Agent[15]
7,talk,4,0,8,VOTE Agent[07]
7,talk,5,0,1,VOTE Agent[03]
7,talk,6,0,3,VOTE Agent[13]
7,talk,7,0,15,VOTE Agent[02]
7,talk,8,1,2,Skip
7,talk,9,1,7,ESTIMATE Agent[05] WEREWOLF
7,talk,10,1,6,Skip
7,talk,11,1,1,Skip
7,talk,12,1,8,Skip
7,talk,13,1,15,Skip
7,talk,14,1,3,Skip
7,talk,15,1,13,VOTE Agent[09]
7,talk,16,2,7,ESTIMATE Agent[04] WEREWOLF
7,talk,17,2,1,Skip
7,talk,18,2,2,Skip
7,talk,19,2,3,VOTE Agent[02]
7,talk,20,2,6,Skip
7,talk,21,2,8,Skip
7,talk,22,2,13,Over
7,talk,23,2,15,Skip
7,talk,24,3,6,Over
7,talk,25,3,7,VOTE Agent[08]
7,talk,26,3,13,ESTIMATE Agent[03] VILLAGER
7,talk,27,3,2,Over
7,talk,28,3,1,Over
7,talk,29,3,3,VOTE Agent[13]
7,talk,30,3,15,Over
7,talk,31,3,8,VOTE Agent[07]
7,talk,32,4,2,Over
7,talk,33,4,7,Skip
7,talk,34,4,6,Over
7,talk,35,4,8,Skip
7,talk,36,4,3,Skip
7,talk,37,4,13,Over
7,talk,38,4,15,ESTIMATE Agent[02] VILLAGER
7,talk,39,4,1,Over
7,talk,40,5,15,Skip
7,talk,41,5,8,Skip
7,talk,42,5,6,Over
7,talk,43,5,7,Skip
7,talk,44,5,2,Over
7,talk,45,5,1,Over
7,talk,46,5,3,Skip
7,talk,47,5,13,Over
7,talk,48,6,3,Over
7,talk,49,6,8,VOTE Agent[07]
7,talk,50,6,13,ESTIMATE Agent[15] WEREWOLF
7,talk,51,6,2,Over
7,talk,52,6,6,Over
7,talk,53,6,15,Skip
7,talk,54,6,1,Over
7,talk,55,6,7,Over
7,talk,56,7,6,Over
7,talk,57,7,13,Over
7,talk,58,7,3,Over
7,talk,59,7,8,Skip
7,talk,60,7,15,Over
7,talk,61,7,1,Over
7,talk,62,7,7,Over
7,talk,63,7,2,Over
7,talk,64,8,8,Skip
7,talk,65,8,15,Over
7,talk,66,8,3,Over
7,talk,67,8,6,Over
7,talk,68,8,13,Over
7,talk,69,8,7,Over
7,talk,70,8,2,Over
7,talk,71,8,1,Over
7,talk,72,9,2,Over
7,talk,73,9,6,Over
7,talk,74,9,1,Over
7,talk,75,9,3,Over
7,talk,76,9,13,Over
7,talk,77,9,8,VOTE Agent[07]
7,talk,78,9,15,ESTIMATE Agent[01] VILLAGER
7,talk,79,9,7,Over
7,talk,80,10,2,Over
7,talk,81,10,3,Over
7,talk,82,10,13,Over
7,talk,83,10,6,Over
7,talk,84,10,8,Skip
7,talk,85,10,1,Over
7,talk,86,10,7,Over
7,talk,87,10,15,Over
7,talk,88,11,3,Over
7,talk,89,11,6,Over
7,talk,90,11,7,Over
7,talk,91,11,13,Over
7,talk,92,11,2,Over
7,talk,93,11,15,Over
7,talk,94,11,1,Over
7,talk,95,11,8,Skip
7,talk,96,12,6,Over
7,talk,97,12,13,Over
7,talk,98,12,8,VOTE Agent[07]
7,talk,99,12,15,Over
7,talk,100,12,1,Over
7,talk,101,12,2,Over
7,talk,102,12,7,Over
7,talk,103,12,3,Over
7,talk,104,13,13,Over
7,talk,105,13,8,Skip
7,talk,106,13,6,Over
7,talk,107,13,15,Over
7,talk,108,13,7,Over
7,talk,109,13,3,Over
7,talk,110,13,1,Over
7,talk,111,13,2,Over
7,talk,112,14,6,Over
7,talk,113,14,7,Over
7,talk,114,14,13,Over
7,talk,115,14,3,Over
7,talk,116,14,1,Over
7,talk,117,14,15,Over
7,talk,118,14,2,Over
7,talk,119,14,8,Skip
7,talk,120,15,3,Over
7,talk,121,15,13,Over
7,talk,122,15,2,Over
7,talk,123,15,1,Over
7,talk,124,15,8,VOTE Agent[07]
7,talk,125,15,15,Over
7,talk,126,15,6,Over
7,talk,127,15,7,Over
7,talk,128,16,8,Skip
7,talk,129,16,15,Over
7,talk,130,16,7,Over
7,talk,131,16,2,Over
7,talk,132,16,3,Over
7,talk,133,16,1,Over
7,talk,134,16,13,Over
7,talk,135,16,6,Over
7,talk,136,17,2,Over
7,talk,137,17,7,Over
7,talk,138,17,8,Skip
7,talk,139,17,1,Over
7,talk,140,17,13,Over
7,talk,141,17,3,Over
7,talk,142,17,6,Over
7,talk,143,17,15,Over
7,talk,144,18,15,Over
7,talk,145,18,6,Over
7,talk,146,18,1,Over
7,talk,147,18,13,Over
7,talk,148,18,7,Over
7,talk,149,18,2,Over
7,talk,150,18,8,VOTE Agent[07]
7,talk,151,18,3,Over
7,talk,152,19,6,Over
7,talk,153,19,2,Over
7,talk,154,19,13,Over
7,talk,155,19,3,Over
7,talk,156,19,1,Over
7,talk,157,19,8,Skip
7,talk,158,19,15,Over
7,talk,159,19,7,Over
7,vote,1,3
7,vote,2,13
7,vote,3,13
7,vote,6,15
7,vote,7,8
7,vote,8,7
7,vote,13,8
7,vote,15,2
7,vote,1,3
7,vote,2,13
7,vote,3,13
7,vote,6,8
7,vote,7,8
7,vote,8,7
7,vote,13,15
7,vote,15,2
7,execute,13,MEDIUM
7,guard,1,15,VILLAGER
7,attackVote,2,15
7,attack,15,false
8,status,1,BODYGUARD,ALIVE,carlo
8,status,2,WEREWOLF,ALIVE,m_cre
8,status,3,VILLAGER,ALIVE,cndl
8,status,4,VILLAGER,DEAD,AITKN
8,status,5,POSSESSED,DEAD,aplain
8,status,6,VILLAGER,ALIVE,takkyubu
8,status,7,VILLAGER,ALIVE,kasuka
8,status,8,VILLAGER,ALIVE,johnny
8,status,9,WEREWOLF,DEAD,hibagon
8,status,10,SEER,DEAD,colun
8,status,11,WEREWOLF,DEAD,wasabi
8,status,12,VILLAGER,DEAD,Udon
8,status,13,MEDIUM,DEAD,JuN1Ro
8,status,14,VILLAGER,DEAD,cash
8,status,15,VILLAGER,ALIVE,daisyo
8,talk,0,0,15,VOTE Agent[02]
8,talk,1,0,8,VOTE Agent[07]
8,talk,2,0,7,ESTIMATE Agent[09] WEREWOLF
8,talk,3,0,2,VOTE Agent[06]
8,talk,4,0,1,VOTE Agent[03]
8,talk,5,0,6,VOTE Agent[03]
8,talk,6,0,3,VOTE Agent[08]
8,talk,7,1,6,Skip
8,talk,8,1,7,ESTIMATE Agent[05] WEREWOLF
8,talk,9,1,3,VOTE Agent[02]
8,talk,10,1,8,Skip
8,talk,11,1,2,Skip
8,talk,12,1,15,ESTIMATE Agent[02] VILLAGER
8,talk,13,1,1,Skip
8,talk,14,2,1,Skip
8,talk,15,2,7,ESTIMATE Agent[04] WEREWOLF
8,talk,16,2,3,Skip
8,talk,17,2,15,ESTIMATE Agent[01] VILLAGER
8,talk,18,2,6,Skip
8,talk,19,2,2,Skip
8,talk,20,2,8,Skip
8,talk,21,3,2,Over
8,talk,22,3,15,ESTIMATE Agent[03] VILLAGER
8,talk,23,3,3,Skip
8,talk,24,3,6,Over
8,talk,25,3,7,VOTE Agent[08]
8,talk,26,3,8,VOTE Agent[07]
8,talk,27,3,1,Over
8,talk,28,4,6,Over
8,talk,29,4,8,Skip
8,talk,30,4,7,Skip
8,talk,31,4,3,VOTE Agent[08]
8,talk,32,4,15,Skip
8,talk,33,4,1,Over
8,talk,34,4,2,Over
8,talk,35,5,1,Over
8,talk,36,5,15,Over
8,talk,37,5,6,Over
8,talk,38,5,2,Over
8,talk,39,5,3,Skip
8,talk,40,5,7,Skip
8,talk,41,5,8,Skip
8,talk,42,6,1,Over
8,talk,43,6,3,Skip
8,talk,44,6,15,Over
8,talk,45,6,2,Over
8,talk,46,6,6,Over
8,talk,47,6,8,VOTE Agent[07]
8,talk,48,6,7,Over
8,talk,49,7,3,Over
8,talk,50,7,15,Over
8,talk,51,7,2,Over
8,talk,52,7,6,Over
8,talk,53,7,7,Over
8,talk,54,7,1,Over
8,talk,55,7,8,Skip
8,talk,56,8,15,Skip
8,talk,57,8,6,Over
8,talk,58,8,1,Over
8,talk,59,8,2,Over
8,talk,60,8,7,Over
8,talk,61,8,3,Over
8,talk,62,8,8,Skip
8,talk,63,9,1,Over
8,talk,64,9,7,Over
8,talk,65,9,6,Over
8,talk,66,9,2,Over
8,talk,67,9,15,Over
8,talk,68,9,3,Over
8,talk,69,9,8,VOTE Agent[07]
8,talk,70,10,8,Skip
8,talk,71,10,2,Over
8,talk,72,10,3,Over
8,talk,73,10,15,Over
8,talk,74,10,7,Over
8,talk,75,10,1,Over
8,talk,76,10,6,Over
8,talk,77,11,2,Over
8,talk,78,11,3,Over
8,talk,79,11,1,Over
8,talk,80,11,15,Over
8,talk,81,11,8,Skip
8,talk,82,11,6,Over
8,talk,83,11,7,Over
8,talk,84,12,7,Over
8,talk,85,12,8,VOTE Agent[07]
8,talk,86,12,15,Over
8,talk,87,12,1,Over
8,talk,88,12,6,Over
8,talk,89,12,2,Over
8,talk,90,12,3,Over
8,talk,91,13,7,Over
8,talk,92,13,2,Over
8,talk,93,13,15,Over
8,talk,94,13,1,Over
8,talk,95,13,3,Over
8,talk,96,13,6,Over
8,talk,97,13,8,Skip
8,talk,98,14,2,Over
8,talk,99,14,8,Skip
8,talk,100,14,15,Over
8,talk,101,14,1,Over
8,talk,102,14,3,Over
8,talk,103,14,7,Over
8,talk,104,14,6,Over
8,talk,105,15,1,Over
8,talk,106,15,3,Over
8,talk,107,15,7,Over
8,talk,108,15,6,Over
8,talk,109,15,15,Over
8,talk,110,15,2,Over
8,talk,111,15,8,VOTE Agent[07]
8,talk,112,16,7,Over
8,talk,113,16,15,Over
8,talk,114,16,6,Over
8,talk,115,16,2,Over
8,talk,116,16,3,Over
8,talk,117,16,8,Skip
8,talk,118,16,1,Over
8,talk,119,17,1,Over
8,talk,120,17,2,Over
8,talk,121,17,3,Over
8,talk,122,17,7,Over
8,talk,123,17,6,Over
8,talk,124,17,8,Skip
8,talk,125,17,15,Over
8,talk,126,18,7,Over
8,talk,127,18,15,Over
8,talk,128,18,6,Over
8,talk,129,18,2,Over
8,talk,130,18,3,Over
8,talk,131,18,8,VOTE Agent[07]
8,talk,132,18,1,Over
8,talk,133,19,8,Skip
8,talk,134,19,7,Over
8,talk,135,19,15,Over
8,talk,136,19,3,Over
8,talk,137,19,6,Over
8,talk,138,19,1,Over
8,talk,139,19,2,Over
8,vote,1,3
8,vote,2,6
8,vote,3,8
8,vote,6,3
8,vote,7,8
8,vote,8,7
8,vote,15,2
8,vote,1,3
8,vote,2,8
8,vote,3,8
8,vote,6,3
8,vote,7,8
8,vote,8,7
8,vote,15,2
8,execute,8,VILLAGER
8,guard,1,15,VILLAGER
8,attackVote,2,15
8,attack,15,false
9,status,1,BODYGUARD,ALIVE,carlo
9,status,2,WEREWOLF,ALIVE,m_cre
9,status,3,VILLAGER,ALIVE,cndl
9,status,4,VILLAGER,DEAD,AITKN
9,status,5,POSSESSED,DEAD,aplain
9,status,6,VILLAGER,ALIVE,takkyubu
9,status,7,VILLAGER,ALIVE,kasuka
9,status,8,VILLAGER,DEAD,johnny
9,status,9,WEREWOLF,DEAD,hibagon
9,status,10,SEER,DEAD,colun
9,status,11,WEREWOLF,DEAD,wasabi
9,status,12,VILLAGER,DEAD,Udon
9,status,13,MEDIUM,DEAD,JuN1Ro
9,status,14,VILLAGER,DEAD,cash
9,status,15,VILLAGER,ALIVE,daisyo
9,talk,0,0,7,ESTIMATE Agent[09] WEREWOLF
9,talk,1,0,3,VOTE Agent[02]
9,talk,2,0,1,VOTE Agent[03]
9,talk,3,0,2,VOTE Agent[06]
9,talk,4,0,6,VOTE Agent[15]
9,talk,5,0,15,VOTE Agent[02]
9,talk,6,1,7,ESTIMATE Agent[05] WEREWOLF
9,talk,7,1,6,Skip
9,talk,8,1,2,Skip
9,talk,9,1,1,Skip
9,talk,10,1,15,Over
9,talk,11,1,3,Skip
9,talk,12,2,3,Skip
9,talk,13,2,1,Skip
9,talk,14,2,7,ESTIMATE Agent[04] WEREWOLF
9,talk,15,2,2,Skip
9,talk,16,2,6,Skip
9,talk,17,2,15,Skip
9,talk,18,3,2,Over
9,talk,19,3,7,VOTE Agent[01]
9,talk,20,3,1,Over
9,talk,21,3,3,Over
9,talk,22,3,15,ESTIMATE Agent[02] VILLAGER
9,talk,23,3,6,Over
9,talk,24,4,3,Over
9,talk,25,4,1,Over
9,talk,26,4,6,Over
9,talk,27,4,15,ESTIMATE Agent[01] VILLAGER
9,talk,28,4,2,Over
9,talk,29,4,7,Skip
9,talk,30,5,7,Skip
9,talk,31,5,3,Over
9,talk,32,5,15,Over
9,talk,33,5,1,Over
9,talk,34,5,2,Over
9,talk,35,5,6,Over
9,talk,36,6,6,Over
9,talk,37,6,1,Over
9,talk,38,6,2,Over
9,talk,39,6,3,Over
9,talk,40,6,15,Over
9,talk,41,6,7,Over
9,vote,1,3
9,vote,2,6
9,vote,3,2
9,vote,6,15
9,vote,7,1
9,vote,15,2
9,execute,2,WEREWOLF
9,guard,1,15,VILLAGER
10,status,1,BODYGUARD,ALIVE,carlo
10,status,2,WEREWOLF,DEAD,m_cre
10,status,3,VILLAGER,ALIVE,cndl
10,status,4,VILLAGER,DEAD,AITKN
10,status,5,POSSESSED,DEAD,aplain
10,status,6,VILLAGER,ALIVE,takkyubu
10,status,7,VILLAGER,ALIVE,kasuka
10,status,8,VILLAGER,DEAD,johnny
10,status,9,WEREWOLF,DEAD,hibagon
10,status,10,SEER,DEAD,colun
10,status,11,WEREWOLF,DEAD,wasabi
10,status,12,VILLAGER,DEAD,Udon
10,status,13,MEDIUM,DEAD,JuN1Ro
10,status,14,VILLAGER,DEAD,cash
10,status,15,VILLAGER,ALIVE,daisyo
10,result,5,0,VILLAGER
