0,status,1,VILLAGER,ALIVE,carlo
0,status,2,VILLAGER,ALIVE,m_cre
0,status,3,POSSESSED,ALIVE,cndl
0,status,4,WEREWOLF,ALIVE,AITKN
0,status,5,WEREWOLF,ALIVE,aplain
0,status,6,WEREWOLF,ALIVE,takkyubu
0,status,7,BODYGUARD,ALIVE,kasuka
0,status,8,VILLAGER,ALIVE,johnny
0,status,9,VILLAGER,ALIVE,hibagon
0,status,10,SEER,ALIVE,colun
0,status,11,VILLAGER,ALIVE,wasabi
0,status,12,VILLAGER,ALIVE,Udon
0,status,13,VILLAGER,ALIVE,JuN1Ro
0,status,14,MEDIUM,ALIVE,cash
0,status,15,VILLAGER,ALIVE,daisyo
0,whisper,0,0,5,COMINGOUT Agent[05] MEDIUM
0,whisper,1,0,6,COMINGOUT Agent[06] SEER
0,whisper,2,0,4,COMINGOUT Agent[04] VILLAGER
0,whisper,3,1,6,DIVINED Agent[02] WEREWOLF
0,whisper,4,1,5,Skip
0,whisper,5,1,4,Skip
0,whisper,6,2,4,Skip
0,whisper,7,2,6,Skip
0,whisper,8,2,5,Skip
0,whisper,9,3,6,Skip
0,whisper,10,3,5,Over
0,whisper,11,3,4,Over
0,whisper,12,4,5,Over
0,whisper,13,4,6,Over
0,whisper,14,4,4,Over
0,divine,10,11,HUMAN
1,status,1,VILLAGER,ALIVE,carlo
1,status,2,VILLAGER,ALIVE,m_cre
1,status,3,POSSESSED,ALIVE,cndl
1,status,4,WEREWOLF,ALIVE,AITKN
1,status,5,WEREWOLF,ALIVE,aplain
1,status,6,WEREWOLF,ALIVE,takkyubu
1,status,7,BODYGUARD,ALIVE,kasuka
1,status,8,VILLAGER,ALIVE,johnny
1,status,9,VILLAGER,ALIVE,hibagon
1,status,10,SEER,ALIVE,colun
1,status,11,VILLAGER,ALIVE,wasabi
1,status,12,VILLAGER,ALIVE,Udon
1,status,13,VILLAGER,ALIVE,JuN1Ro
1,status,14,MEDIUM,ALIVE,cash
1,status,15,VILLAGER,ALIVE,daisyo
1,talk,0,0,5,VOTE Agent[08]
1,talk,1,0,3,COMINGOUT Agent[03] SEER
1,talk,2,0,4,VOTE Agent[01]
1,talk,3,0,8,VOTE Agent[01]
1,talk,4,0,9,VOTE Agent[01]
1,talk,5,0,12,VOTE Agent[13]
1,talk,6,0,10,VOTE Agent[04]
1,talk,7,0,7,ESTIMATE Agent[13] WEREWOLF
1,talk,8,0,15,VOTE Agent[01]
1,talk,9,0,14,COMINGOUT Agent[14] MEDIUM
1,talk,10,0,11,VOTE Agent[10]
1,talk,11,0,1,VOTE Agent[02]
1,talk,12,0,6,VOTE Agent[02]
1,talk,13,0,13,VOTE Agent[15]
1,talk,14,0,2,VOTE Agent[06]
1,talk,15,1,6,REQUEST(VOTE Agent[02])
1,talk,16,1,1,Skip
1,talk,17,1,3,DIVINED Agent[04] WEREWOLF
1,talk,18,1,10,COMINGOUT Agent[10] SEER
1,talk,19,1,14,VOTE Agent[04]
1,talk,20,1,5,REQUEST(VOTE Agent[08])
1,talk,21,1,15,VOTE Agent[12]
1,talk,22,1,11,VOTE Agent[02]
1,talk,23,1,2,Skip
1,talk,24,1,8,VOTE Agent[05]
1,talk,25,1,13,VOTE Agent[01]
1,talk,26,1,9,Skip
1,talk,27,1,12,VOTE Agent[01]
1,talk,28,1,4,Skip
1,talk,29,1,7,ESTIMATE Agent[15] WEREWOLF
1,talk,30,2,6,COMINGOUT Agent[06] SEER
1,talk,31,2,3,VOTE Agent[04]
1,talk,32,2,10,DIVINED Agent[11] HUMAN
1,talk,33,2,7,ESTIMATE Agent[06] WEREWOLF
1,talk,34,2,13,Over
1,talk,35,2,2,VOTE Agent[03]
1,talk,36,2,15,ESTIMATE Agent[12] VILLAGER
1,talk,37,2,8,VOTE Agent[04]
1,talk,38,2,4,ESTIMATE Agent[03] WEREWOLF
1,talk,39,2,11,Skip
1,talk,40,2,5,COMINGOUT Agent[05] MEDIUM
1,talk,41,2,9,ESTIMATE Agent[03] SEER
1,talk,42,2,14,Skip
1,talk,43,2,1,VOTE Agent[04]
1,talk,44,2,12,VOTE Agent[04]
1,talk,45,3,3,Skip
1,talk,46,3,11,VOTE Agent[14]
1,talk,47,3,5,VOTE Agent[14]
1,talk,48,3,10,ESTIMATE Agent[03] WEREWOLF
1,talk,49,3,8,VOTE Agent[03]
1,talk,50,3,14,VOTE Agent[01]
1,talk,51,3,12,Over
1,talk,52,3,6,DIVINED Agent[02] WEREWOLF
1,talk,53,3,7,VOTE Agent[04]
1,talk,54,3,13,VOTE Agent[04]
1,talk,55,3,9,ESTIMATE Agent[04] WEREWOLF
1,talk,56,3,2,Skip
1,talk,57,3,15,ESTIMATE Agent[13] VILLAGER
1,talk,58,3,4,Skip
1,talk,59,3,1,Skip
1,talk,60,4,7,Skip
1,talk,61,4,15,Skip
1,talk,62,4,14,VOTE Agent[07]
1,talk,63,4,3,Skip
1,talk,64,4,12,Over
1,talk,65,4,5,REQUEST(VOTE Agent[14])
1,talk,66,4,1,VOTE Agent[02]
1,talk,67,4,2,VOTE Agent[06]
1,talk,68,4,9,REQUEST(Agent[03] DIVINATION Agent[04])
1,talk,69,4,4,VOTE Agent[02]
1,talk,70,4,13,Over
1,talk,71,4,11,Skip
1,talk,72,4,6,Skip
1,talk,73,4,10,VOTE Agent[03]
1,talk,74,4,8,Skip
1,talk,75,5,3,Over
1,talk,76,5,12,VOTE Agent[05]
1,talk,77,5,15,Skip
1,talk,78,5,13,Over
1,talk,79,5,14,VOTE Agent[04]
1,talk,80,5,1,Skip
1,talk,81,5,2,Skip
1,talk,82,5,6,Skip
1,talk,83,5,7,Skip
1,talk,84,5,8,Skip
1,talk,85,5,10,Skip
1,talk,86,5,4,REQUEST(DIVINATION Agent[01])
1,talk,87,5,9,VOTE Agent[04]
1,talk,88,5,5,Skip
1,talk,89,5,11,Skip
1,talk,90,6,5,Skip
1,talk,91,6,12,Over
1,talk,92,6,13,Over
1,talk,93,6,3,Over
1,talk,94,6,6,Over
1,talk,95,6,11,VOTE Agent[05]
1,talk,96,6,14,Skip
1,talk,97,6,7,Over
1,talk,98,6,4,Skip
1,talk,99,6,9,Skip
1,talk,100,6,8,VOTE Agent[03]
1,talk,101,6,15,Over
1,talk,102,6,1,Skip
1,talk,103,6,2,Skip
1,talk,104,6,10,Skip
1,talk,105,7,8,Skip
1,talk,106,7,14,Skip
1,talk,107,7,6,Over
1,talk,108,7,10,Over
1,talk,109,7,11,Over
1,talk,110,7,12,Over
1,talk,111,7,9,Skip
1,talk,112,7,2,Over
1,talk,113,7,5,Over
1,talk,114,7,1,Over
1,talk,115,7,13,Over
1,talk,116,7,4,Skip
1,talk,117,7,15,ESTIMATE Agent[04] VILLAGER
1,talk,118,7,7,Over
1,talk,119,7,3,Over
1,talk,120,8,7,Over
1,talk,121,8,5,Over
1,talk,122,8,14,Over
1,talk,123,8,10,Over
1,talk,124,8,8,Skip
1,talk,125,8,13,Over
1,talk,126,8,9,Over
1,talk,127,8,6,Over
1,talk,128,8,11,ESTIMATE Agent[06] WEREWOLF
1,talk,129,8,15,Over
1,talk,130,8,12,Over
1,talk,131,8,4,Over
1,talk,132,8,3,Over
1,talk,133,8,2,Over
1,talk,134,8,1,Over
1,talk,135,9,5,Over
1,talk,136,9,9,Over
1,talk,137,9,10,Over
1,talk,138,9,3,Over
1,talk,139,9,7,Over
1,talk,140,9,13,ESTIMATE Agent[04] WEREWOLF
1,talk,141,9,1,Over
1,talk,142,9,12,Over
1,talk,143,9,2,Over
1,talk,144,9,15,Over
1,talk,145,9,11,Over
1,talk,146,9,8,VOTE Agent[03]
1,talk,147,9,4,Over
1,talk,148,9,6,Over
1,talk,149,9,14,Over
1,talk,150,10,2,Over
1,talk,151,10,1,Over
1,talk,152,10,14,Over
1,talk,153,10,10,Over
1,talk,154,10,3,Over
1,talk,155,10,13,Over
1,talk,156,10,4,Over
1,talk,157,10,5,Over
1,talk,158,10,7,Over
1,talk,159,10,11,Over
1,talk,160,10,8,Skip
1,talk,161,10,15,Over
1,talk,162,10,6,Over
1,talk,163,10,12,Over
1,talk,164,10,9,Over
1,talk,165,11,6,Over
1,talk,166,11,14,Over
1,talk,167,11,9,Over
1,talk,168,11,11,Over
1,talk,169,11,1,Over
1,talk,170,11,13,Over
1,talk,171,11,3,Over
1,talk,172,11,12,Over
1,talk,173,11,5,Over
1,talk,174,11,8,Skip
1,talk,175,11,7,Over
1,talk,176,11,10,Over
1,talk,177,11,2,Over
1,talk,178,11,4,Over
1,talk,179,11,15,Over
1,talk,180,12,5,Over
1,talk,181,12,6,Over
1,talk,182,12,3,Over
1,talk,183,12,8,VOTE Agent[03]
1,talk,184,12,11,ESTIMATE Agent[07] VILLAGER
1,talk,185,12,10,Over
1,talk,186,12,15,Over
1,talk,187,12,7,Over
1,talk,188,12,13,Over
1,talk,189,12,4,Over
1,talk,190,12,1,Over
1,talk,191,12,14,Over
1,talk,192,12,9,Over
1,talk,193,12,12,Over
1,talk,194,12,2,Over
1,talk,195,13,11,ESTIMATE Agent[01] VILLAGER
1,talk,196,13,15,Over
1,talk,197,13,4,Over
1,talk,198,13,1,Over
1,talk,199,13,6,Over
1,talk,200,13,14,Over
1,talk,201,13,12,Over
1,talk,202,13,5,Over
1,talk,203,13,3,Over
1,talk,204,13,13,Over
1,talk,205,13,8,Skip
1,talk,206,13,2,Over
1,talk,207,13,7,Over
1,talk,208,13,9,Over
1,talk,209,13,10,Over
1,talk,210,14,13,Over
1,talk,211,14,4,Over
1,talk,212,14,12,Over
1,talk,213,14,1,Over
1,talk,214,14,8,Skip
1,talk,215,14,3,Over
1,talk,216,14,14,Over
1,talk,217,14,6,Over
1,talk,218,14,10,Over
1,talk,219,14,11,ESTIMATE Agent[03] WEREWOLF
1,talk,220,14,15,Over
1,talk,221,14,2,Over
1,talk,222,14,9,Over
1,talk,223,14,5,Over
1,talk,224,14,7,Over
1,talk,225,15,13,Over
1,talk,226,15,7,Over
1,talk,227,15,3,Over
1,talk,228,15,4,Over
1,talk,229,15,11,Over
1,talk,230,15,15,Over
1,talk,231,15,5,Over
1,talk,232,15,6,Over
1,talk,233,15,2,Over
1,talk,234,15,9,Over
1,talk,235,15,1,Over
1,talk,236,15,8,VOTE Agent[03]
1,talk,237,15,14,Over
1,talk,238,15,10,Over
1,talk,239,15,12,Over
1,talk,240,16,13,Over
1,talk,241,16,2,Over
1,talk,242,16,3,Over
1,talk,243,16,6,Over
1,talk,244,16,1,Over
1,talk,245,16,9,Over
1,talk,246,16,11,Over
1,talk,247,16,15,Over
1,talk,248,16,12,Over
1,talk,249,16,10,Over
1,talk,250,16,5,Over
1,talk,251,16,14,Over
1,talk,252,16,4,Over
1,talk,253,16,8,Skip
1,talk,254,16,7,Over
1,talk,255,17,11,VOTE Agent[14]
1,talk,256,17,4,Over
1,talk,257,17,10,Over
1,talk,258,17,15,Over
1,talk,259,17,3,Over
1,talk,260,17,7,Over
1,talk,261,17,12,Over
1,talk,262,17,6,Over
1,talk,263,17,8,Skip
1,talk,264,17,1,Over
1,talk,265,17,2,Over
1,talk,266,17,9,Over
1,talk,267,17,14,Over
1,talk,268,17,5,Over
1,talk,269,17,13,Over
1,talk,270,18,10,Over
1,talk,271,18,12,Over
1,talk,272,18,8,VOTE Agent[03]
1,talk,273,18,7,Over
1,talk,274,18,4,Over
1,talk,275,18,9,Over
1,talk,276,18,1,Over
1,talk,277,18,13,Over
1,talk,278,18,15,Over
1,talk,279,18,2,Over
1,talk,280,18,11,Over
1,talk,281,18,6,Over
1,talk,282,18,5,Over
1,talk,283,18,14,Over
1,talk,284,18,3,Over
1,talk,285,19,1,Over
1,talk,286,19,11,Over
1,talk,287,19,14,Over
1,talk,288,19,13,Over
1,talk,289,19,15,Over
1,talk,290,19,2,Over
1,talk,291,19,3,Over
1,talk,292,19,9,Over
1,talk,293,19,10,Over
1,talk,294,19,4,Over
1,talk,295,19,8,Skip
1,talk,296,19,5,Over
1,talk,297,19,7,Over
1,talk,298,19,6,Over
1,talk,299,19,12,Over
1,vote,1,2
1,vote,2,6
1,vote,3,4
1,vote,4,2
1,vote,5,14
1,vote,6,2
1,vote,7,4
1,vote,8,3
1,vote,9,4
1,vote,10,3
1,vote,11,14
1,vote,12,5
1,vote,13,4
1,vote,14,4
1,vote,15,12
1,execute,4,WEREWOLF
1,divine,10,3,HUMAN
1,whisper,0,0,6,ATTACK Agent[03]
1,whisper,1,0,5,ESTIMATE Agent[10] POSSESSED
1,whisper,2,1,5,ATTACK Agent[14]
1,whisper,3,1,6,REQUEST(ATTACK Agent[03])
1,whisper,4,2,6,DIVINED Agent[07] WEREWOLF
1,whisper,5,2,5,REQUEST(ATTACK Agent[14])
1,whisper,6,3,5,IDENTIFIED Agent[04] HUMAN
1,whisper,7,3,6,Skip
1,whisper,8,4,6,Skip
1,whisper,9,4,5,Skip
1,whisper,10,5,6,Over
1,whisper,11,5,5,Skip
1,whisper,12,6,5,Over
1,whisper,13,6,6,Over
1,guard,7,10,SEER
1,attackVote,5,14
1,attackVote,6,3
1,attackVote,5,14
1,attackVote,6,3
1,attack,14,true
2,status,1,VILLAGER,ALIVE,carlo
2,status,2,VILLAGER,ALIVE,m_cre
2,status,3,POSSESSED,ALIVE,cndl
2,status,4,WEREWOLF,DEAD,AITKN
2,status,5,WEREWOLF,ALIVE,aplain
2,status,6,WEREWOLF,ALIVE,takkyubu
2,status,7,BODYGUARD,ALIVE,kasuka
2,status,8,VILLAGER,ALIVE,johnny
2,status,9,VILLAGER,ALIVE,hibagon
2,status,10,SEER,ALIVE,colun
2,status,11,VILLAGER,ALIVE,wasabi
2,status,12,VILLAGER,ALIVE,Udon
2,status,13,VILLAGER,ALIVE,JuN1Ro
2,status,14,MEDIUM,DEAD,cash
2,status,15,VILLAGER,ALIVE,daisyo
2,talk,0,0,11,Skip
2,talk,1,0,1,VOTE Agent[02]
2,talk,2,0,5,IDENTIFIED Agent[04] HUMAN
2,talk,3,0,7,ESTIMATE Agent[05] WEREWOLF
2,talk,4,0,10,DIVINED Agent[03] HUMAN
2,talk,5,0,2,VOTE Agent[06]
2,talk,6,0,9,ESTIMATE Agent[02] WEREWOLF
2,talk,7,0,13,VOTE Agent[11]
2,talk,8,0,6,DIVINED Agent[07] WEREWOLF
2,talk,9,0,8,VOTE Agent[03]
2,talk,10,0,12,VOTE Agent[05]
2,talk,11,0,15,VOTE Agent[12]
2,talk,12,0,3,DIVINED Agent[11] WEREWOLF
2,talk,13,1,3,VOTE Agent[11]
2,talk,14,1,15,Over
2,talk,15,1,10,AGREE TALK day1 ID:33
2,talk,16,1,9,REQUEST(Agent[03] DIVINATION Agent[02])
2,talk,17,1,7,ESTIMATE Agent[06] WEREWOLF
2,talk,18,1,13,VOTE Agent[05]
2,talk,19,1,8,VOTE Agent[10]
2,talk,20,1,11,VOTE Agent[07]
2,talk,21,1,12,Over
2,talk,22,1,5,VOTE Agent[12]
2,talk,23,1,2,Skip
2,talk,24,1,6,VOTE Agent[10]
2,talk,25,1,1,VOTE Agent[03]
2,talk,26,2,5,REQUEST(VOTE Agent[12])
2,talk,27,2,10,AGREE TALK day1 ID:128
2,talk,28,2,8,Skip
2,talk,29,2,12,Over
2,talk,30,2,3,VOTE Agent[12]
2,talk,31,2,2,Skip
2,talk,32,2,6,REQUEST(VOTE Agent[10])
2,talk,33,2,9,VOTE Agent[02]
2,talk,34,2,1,Skip
2,talk,35,2,13,Over
2,talk,36,2,11,Skip
2,talk,37,2,15,Over
2,talk,38,2,7,ESTIMATE Agent[04] WEREWOLF
2,talk,39,3,5,Skip
2,talk,40,3,3,Skip
2,talk,41,3,11,Skip
2,talk,42,3,10,ESTIMATE Agent[06] WEREWOLF
2,talk,43,3,7,VOTE Agent[11]
2,talk,44,3,8,Skip
2,talk,45,3,1,Skip
2,talk,46,3,13,VOTE Agent[12]
2,talk,47,3,15,Over
2,talk,48,3,9,Skip
2,talk,49,3,12,Over
2,talk,50,3,2,Over
2,talk,51,3,6,Skip
2,talk,52,4,7,Skip
2,talk,53,4,8,VOTE Agent[10]
2,talk,54,4,3,Skip
2,talk,55,4,6,Skip
2,talk,56,4,11,Over
2,talk,57,4,5,Skip
2,talk,58,4,2,Over
2,talk,59,4,12,Over
2,talk,60,4,1,Over
2,talk,61,4,10,VOTE Agent[06]
2,talk,62,4,9,Skip
2,talk,63,4,13,Over
2,talk,64,4,15,Skip
2,talk,65,5,5,Over
2,talk,66,5,15,Skip
2,talk,67,5,1,Over
2,talk,68,5,9,Over
2,talk,69,5,2,Over
2,talk,70,5,12,Over
2,talk,71,5,11,Over
2,talk,72,5,3,Over
2,talk,73,5,13,ESTIMATE Agent[03] VILLAGER
2,talk,74,5,6,Over
2,talk,75,5,7,Skip
2,talk,76,5,10,Skip
2,talk,77,5,8,Skip
2,talk,78,6,13,ESTIMATE Agent[12] WEREWOLF
2,talk,79,6,5,Over
2,talk,80,6,6,Over
2,talk,81,6,2,Over
2,talk,82,6,10,Skip
2,talk,83,6,7,Over
2,talk,84,6,11,VOTE Agent[12]
2,talk,85,6,3,Over
2,talk,86,6,8,Skip
2,talk,87,6,12,Over
2,talk,88,6,1,Over
2,talk,89,6,15,Over
2,talk,90,6,9,Over
2,talk,91,7,1,Over
2,talk,92,7,13,Over
2,talk,93,7,5,Over
2,talk,94,7,2,Over
2,talk,95,7,10,Over
2,talk,96,7,8,VOTE Agent[10]
2,talk,97,7,15,Over
2,talk,98,7,6,Over
2,talk,99,7,11,Over
2,talk,100,7,3,Over
2,talk,101,7,12,Over
2,talk,102,7,7,Over
2,talk,103,7,9,Over
2,talk,104,8,3,Over
2,talk,105,8,1,Over
2,talk,106,8,11,Over
2,talk,107,8,15,Over
2,talk,108,8,6,Over
2,talk,109,8,13,Over
2,talk,110,8,9,Over
2,talk,111,8,8,Skip
2,talk,112,8,5,Over
2,talk,113,8,7,Over
2,talk,114,8,2,Over
2,talk,115,8,10,Over
2,talk,116,8,12,Over
2,talk,117,9,15,Over
2,talk,118,9,3,Over
2,talk,119,9,8,Skip
2,talk,120,9,9,Over
2,talk,121,9,11,ESTIMATE Agent[08] WEREWOLF
2,talk,122,9,5,Over
2,talk,123,9,10,Over
2,talk,124,9,2,Over
2,talk,125,9,12,Over
2,talk,126,9,7,Over
2,talk,127,9,13,Over
2,talk,128,9,6,Over
2,talk,129,9,1,Over
2,talk,130,10,13,Over
2,talk,131,10,9,Over
2,talk,132,10,5,Over
2,talk,133,10,6,Over
2,talk,134,10,12,Over
2,talk,135,10,8,VOTE Agent[10]
2,talk,136,10,2,Over
2,talk,137,10,1,Over
2,talk,138,10,10,Over
2,talk,139,10,3,Over
2,talk,140,10,7,Over
2,talk,141,10,11,Over
2,talk,142,10,15,Over
2,talk,143,11,3,Over
2,talk,144,11,1,Over
2,talk,145,11,8,Skip
2,talk,146,11,7,Over
2,talk,147,11,6,Over
2,talk,148,11,9,Over
2,talk,149,11,5,Over
2,talk,150,11,13,Over
2,talk,151,11,12,Over
2,talk,152,11,2,Over
2,talk,153,11,15,Over
2,talk,154,11,10,Over
2,talk,155,11,11,Over
2,talk,156,12,12,Over
2,talk,157,12,2,Over
2,talk,158,12,15,Over
2,talk,159,12,6,Over
2,talk,160,12,3,Over
2,talk,161,12,5,Over
2,talk,162,12,8,Skip
2,talk,163,12,13,Over
2,talk,164,12,7,Over
2,talk,165,12,11,Over
2,talk,166,12,9,Over
2,talk,167,12,10,Over
2,talk,168,12,1,Over
2,talk,169,13,7,Over
2,talk,170,13,10,Over
2,talk,171,13,3,Over
2,talk,172,13,1,Over
2,talk,173,13,11,Over
2,talk,174,13,2,Over
2,talk,175,13,15,Over
2,talk,176,13,6,Over
2,talk,177,13,12,Over
2,talk,178,13,8,VOTE Agent[10]
2,talk,179,13,9,Over
2,talk,180,13,5,Over
2,talk,181,13,13,Over
2,talk,182,14,7,Over
2,talk,183,14,1,Over
2,talk,184,14,10,Over
2,talk,185,14,11,ESTIMATE Agent[02] WEREWOLF
2,talk,186,14,13,Over
2,talk,187,14,9,Over
2,talk,188,14,8,Skip
2,talk,189,14,2,Over
2,talk,190,14,15,Over
2,talk,191,14,3,VOTE Agent[10]
2,talk,192,14,12,Over
2,talk,193,14,6,Over
2,talk,194,14,5,Over
2,talk,195,15,5,Over
2,talk,196,15,2,Over
2,talk,197,15,3,Skip
2,talk,198,15,11,ESTIMATE Agent[13] WEREWOLF
2,talk,199,15,12,Over
2,talk,200,15,1,Over
2,talk,201,15,15,Over
2,talk,202,15,6,Over
2,talk,203,15,13,Over
2,talk,204,15,10,Over
2,talk,205,15,8,Skip
2,talk,206,15,7,Over
2,talk,207,15,9,Over
2,talk,208,16,2,Over
2,talk,209,16,6,Over
2,talk,210,16,10,Over
2,talk,211,16,3,Skip
2,talk,212,16,9,Over
2,talk,213,16,7,Over
2,talk,214,16,11,ESTIMATE Agent[12] WEREWOLF
2,talk,215,16,13,Over
2,talk,216,16,8,VOTE Agent[10]
2,talk,217,16,1,Over
2,talk,218,16,5,Over
2,talk,219,16,15,Over
2,talk,220,16,12,Over
2,talk,221,17,10,Over
2,talk,222,17,3,Over
2,talk,223,17,6,Over
2,talk,224,17,1,Over
2,talk,225,17,9,Over
2,talk,226,17,12,Over
2,talk,227,17,7,Over
2,talk,228,17,5,Over
2,talk,229,17,8,Skip
2,talk,230,17,13,Over
2,talk,231,17,11,ESTIMATE Agent[05] MEDIUM
2,talk,232,17,2,Over
2,talk,233,17,15,Over
2,talk,234,18,6,Over
2,talk,235,18,3,Over
2,talk,236,18,15,Over
2,talk,237,18,11,ESTIMATE Agent[02] WEREWOLF
2,talk,238,18,9,Over
2,talk,239,18,10,Over
2,talk,240,18,13,Over
2,talk,241,18,5,Over
2,talk,242,18,8,Skip
2,talk,243,18,12,Over
2,talk,244,18,7,Over
2,talk,245,18,1,Over
2,talk,246,18,2,Over
2,talk,247,19,8,VOTE Agent[10]
2,talk,248,19,15,Over
2,talk,249,19,12,Over
2,talk,250,19,1,Over
2,talk,251,19,3,Over
2,talk,252,19,9,Over
2,talk,253,19,11,ESTIMATE Agent[15] WEREWOLF
2,talk,254,19,10,Over
2,talk,255,19,6,Over
2,talk,256,19,7,Over
2,talk,257,19,5,Over
2,talk,258,19,13,Over
2,talk,259,19,2,Over
2,vote,1,3
2,vote,2,6
2,vote,3,10
2,vote,5,12
2,vote,6,10
2,vote,7,11
2,vote,8,10
2,vote,9,2
2,vote,10,6
2,vote,11,12
2,vote,12,5
2,vote,13,12
2,vote,15,12
2,execute,12,VILLAGER
2,divine,10,6,WEREWOLF
2,whisper,0,0,5,ESTIMATE Agent[03] POSSESSED
2,whisper,1,0,6,ESTIMATE Agent[03] POSSESSED
2,whisper,2,1,5,ATTACK Agent[10]
2,whisper,3,1,6,ATTACK Agent[10]
2,whisper,4,2,5,REQUEST(ATTACK Agent[10])
2,whisper,5,2,6,REQUEST(ATTACK Agent[10])
2,whisper,6,3,6,DIVINED Agent[01] HUMAN
2,whisper,7,3,5,IDENTIFIED Agent[12] WEREWOLF
2,whisper,8,4,6,Skip
2,whisper,9,4,5,Skip
2,whisper,10,5,6,Skip
2,whisper,11,5,5,Skip
2,whisper,12,6,6,Over
2,whisper,13,6,5,Over
2,guard,7,10,SEER
2,attackVote,5,10
2,attackVote,6,10
2,attack,10,false
3,status,1,VILLAGER,ALIVE,carlo
3,status,2,VILLAGER,ALIVE,m_cre
3,status,3,POSSESSED,ALIVE,cndl
3,status,4,WEREWOLF,DEAD,AITKN
3,status,5,WEREWOLF,ALIVE,aplain
3,status,6,WEREWOLF,ALIVE,takkyubu
3,status,7,BODYGUARD,ALIVE,kasuka
3,status,8,VILLAGER,ALIVE,johnny
3,status,9,VILLAGER,ALIVE,hibagon
3,status,10,SEER,ALIVE,colun
3,status,11,VILLAGER,ALIVE,wasabi
3,status,12,VILLAGER,DEAD,Udon
3,status,13,VILLAGER,ALIVE,JuN1Ro
3,status,14,MEDIUM,DEAD,cash
3,status,15,VILLAGER,ALIVE,daisyo
3,talk,0,0,10,DIVINED Agent[06] WEREWOLF
3,talk,1,0,5,IDENTIFIED Agent[12] WEREWOLF
3,talk,2,0,9,DISAGREE TALK day1 ID:184
3,talk,3,0,11,VOTE Agent[13]
3,talk,4,0,6,DIVINED Agent[01] HUMAN
3,talk,5,0,13,VOTE Agent[15]
3,talk,6,0,3,DIVINED Agent[03] WEREWOLF
3,talk,7,0,1,VOTE Agent[03]
3,talk,8,0,15,VOTE Agent[13]
3,talk,9,0,8,VOTE Agent[10]
3,talk,10,0,7,ESTIMATE Agent[06] WEREWOLF
3,talk,11,0,2,VOTE Agent[06]
3,talk,12,1,9,ESTIMATE Agent[07] WEREWOLF
3,talk,13,1,10,REQUEST(VOTE Agent[06])
3,talk,14,1,1,Skip
3,talk,15,1,15,Over
3,talk,16,1,6,VOTE Agent[07]
3,talk,17,1,7,ESTIMATE Agent[05] WEREWOLF
3,talk,18,1,2,VOTE Agent[05]
3,talk,19,1,8,VOTE Agent[03]
3,talk,20,1,11,Skip
3,talk,21,1,13,ESTIMATE Agent[15] WEREWOLF
3,talk,22,1,5,VOTE Agent[07]
3,talk,23,1,3,VOTE Agent[03]
3,talk,24,2,11,ESTIMATE Agent[10] SEER
3,talk,25,2,9,REQUEST(Agent[03] DIVINATION Agent[07])
3,talk,26,2,3,Skip
3,talk,27,2,2,Skip
3,talk,28,2,13,Over
3,talk,29,2,10,VOTE Agent[06]
3,talk,30,2,7,ESTIMATE Agent[04] WEREWOLF
3,talk,31,2,1,Skip
3,talk,32,2,15,ESTIMATE Agent[13] VILLAGER
3,talk,33,2,6,REQUEST(VOTE Agent[07])
3,talk,34,2,5,REQUEST(VOTE Agent[07])
3,talk,35,2,8,VOTE Agent[10]
3,talk,36,3,3,Skip
3,talk,37,3,7,VOTE Agent[06]
3,talk,38,3,5,Skip
3,talk,39,3,9,VOTE Agent[07]
3,talk,40,3,15,ESTIMATE Agent[02] VILLAGER
3,talk,41,3,2,Skip
3,talk,42,3,6,Skip
3,talk,43,3,8,VOTE Agent[03]
3,talk,44,3,13,Over
3,talk,45,3,1,Over
3,talk,46,3,11,Skip
3,talk,47,3,10,Skip
3,talk,48,4,1,Over
3,talk,49,4,5,Skip
3,talk,50,4,7,Skip
3,talk,51,4,6,Skip
3,talk,52,4,15,Over
3,talk,53,4,3,Over
3,talk,54,4,10,Skip
3,talk,55,4,9,Skip
3,talk,56,4,2,Over
3,talk,57,4,8,Skip
3,talk,58,4,11,Skip
3,talk,59,4,13,Over
3,talk,60,5,11,Over
3,talk,61,5,3,Over
3,talk,62,5,10,Over
3,talk,63,5,15,Skip
3,talk,64,5,9,Skip
3,talk,65,5,2,Over
3,talk,66,5,5,Over
3,talk,67,5,8,Skip
3,talk,68,5,6,Over
3,talk,69,5,13,Over
3,talk,70,5,7,Skip
3,talk,71,5,1,Over
3,talk,72,6,1,Over
3,talk,73,6,2,Over
3,talk,74,6,3,Over
3,talk,75,6,7,Over
3,talk,76,6,15,ESTIMATE Agent[01] VILLAGER
3,talk,77,6,8,VOTE Agent[03]
3,talk,78,6,5,Over
3,talk,79,6,13,ESTIMATE Agent[15] WEREWOLF
3,talk,80,6,11,VOTE Agent[07]
3,talk,81,6,9,Over
3,talk,82,6,6,Over
3,talk,83,6,10,Over
3,talk,84,7,10,Over
3,talk,85,7,7,Over
3,talk,86,7,2,Over
3,talk,87,7,6,Over
3,talk,88,7,3,Over
3,talk,89,7,1,Over
3,talk,90,7,15,Skip
3,talk,91,7,13,ESTIMATE Agent[15] WEREWOLF
3,talk,92,7,8,Skip
3,talk,93,7,9,Over
3,talk,94,7,11,Over
3,talk,95,7,5,Over
3,talk,96,8,6,Over
3,talk,97,8,10,Over
3,talk,98,8,8,Skip
3,talk,99,8,3,Over
3,talk,100,8,1,Over
3,talk,101,8,7,Over
3,talk,102,8,11,Over
3,talk,103,8,15,Over
3,talk,104,8,2,Over
3,talk,105,8,13,Over
3,talk,106,8,5,Over
3,talk,107,8,9,Over
3,talk,108,9,11,ESTIMATE Agent[05] MEDIUM
3,talk,109,9,8,VOTE Agent[03]
3,talk,110,9,1,Over
3,talk,111,9,9,Over
3,talk,112,9,13,Over
3,talk,113,9,6,Over
3,talk,114,9,7,Over
3,talk,115,9,3,Over
3,talk,116,9,15,Over
3,talk,117,9,2,Over
3,talk,118,9,10,Over
3,talk,119,9,5,Over
3,talk,120,10,5,Over
3,talk,121,10,9,Over
3,talk,122,10,3,Over
3,talk,123,10,8,Skip
3,talk,124,10,6,Over
3,talk,125,10,7,Over
3,talk,126,10,2,Over
3,talk,127,10,10,Over
3,talk,128,10,13,ESTIMATE Agent[15] WEREWOLF
3,talk,129,10,15,Over
3,talk,130,10,1,Over
3,talk,131,10,11,ESTIMATE Agent[08] WEREWOLF
3,talk,132,11,9,Over
3,talk,133,11,2,Over
3,talk,134,11,6,Over
3,talk,135,11,1,Over
3,talk,136,11,8,Skip
3,talk,137,11,3,Over
3,talk,138,11,15,Over
3,talk,139,11,13,Over
3,talk,140,11,10,Over
3,talk,141,11,11,Over
3,talk,142,11,7,Over
3,talk,143,11,5,Over
3,talk,144,12,2,Over
3,talk,145,12,8,VOTE Agent[03]
3,talk,146,12,11,ESTIMATE Agent[01] WEREWOLF
3,talk,147,12,1,Over
3,talk,148,12,13,Over
3,talk,149,12,10,Over
3,talk,150,12,15,Over
3,talk,151,12,6,Over
3,talk,152,12,5,Over
3,talk,153,12,7,Over
3,talk,154,12,9,Over
3,talk,155,12,3,Over
3,talk,156,13,8,Skip
3,talk,157,13,3,Over
3,talk,158,13,11,ESTIMATE Agent[01] WEREWOLF
3,talk,159,13,6,Over
3,talk,160,13,9,Over
3,talk,161,13,2,Over
3,talk,162,13,5,Over
3,talk,163,13,1,Over
3,talk,164,13,13,Over
3,talk,165,13,15,Over
3,talk,166,13,7,Over
3,talk,167,13,10,Over
3,talk,168,14,8,Skip
3,talk,169,14,9,Over
3,talk,170,14,15,Over
3,talk,171,14,1,Over
3,talk,172,14,11,Over
3,talk,173,14,10,Over
3,talk,174,14,7,Over
3,talk,175,14,13,Over
3,talk,176,14,3,Over
3,talk,177,14,2,Over
3,talk,178,14,6,Over
3,talk,179,14,5,Over
3,talk,180,15,15,Over
3,talk,181,15,6,Over
3,talk,182,15,11,Over
3,talk,183,15,8,VOTE Agent[03]
3,talk,184,15,13,Over
3,talk,185,15,5,Over
3,talk,186,15,1,Over
3,talk,187,15,10,Over
3,talk,188,15,2,Over
3,talk,189,15,9,Over
3,talk,190,15,7,Over
3,talk,191,15,3,Over
3,talk,192,16,3,Over
3,talk,193,16,2,Over
3,talk,194,16,5,Over
3,talk,195,16,1,Over
3,talk,196,16,10,Over
3,talk,197,16,7,Over
3,talk,198,16,9,Over
3,talk,199,16,6,Over
3,talk,200,16,8,Skip
3,talk,201,16,15,Over
3,talk,202,16,11,Over
3,talk,203,16,13,Over
3,talk,204,17,3,Over
3,talk,205,17,13,Over
3,talk,206,17,10,Over
3,talk,207,17,1,Over
3,talk,208,17,6,Over
3,talk,209,17,7,Over
3,talk,210,17,9,Over
3,talk,211,17,11,Over
3,talk,212,17,2,Over
3,talk,213,17,15,Over
3,talk,214,17,8,Skip
3,talk,215,17,5,Over
3,talk,216,18,13,Over
3,talk,217,18,1,Over
3,talk,218,18,11,ESTIMATE Agent[08] WEREWOLF
3,talk,219,18,9,Over
3,talk,220,18,7,Over
3,talk,221,18,6,Over
3,talk,222,18,3,Over
3,talk,223,18,5,Over
3,talk,224,18,2,Over
3,talk,225,18,10,Over
3,talk,226,18,15,Over
3,talk,227,18,8,VOTE Agent[03]
3,talk,228,19,3,Over
3,talk,229,19,11,Over
3,talk,230,19,8,Skip
3,talk,231,19,2,Over
3,talk,232,19,6,Over
3,talk,233,19,1,Over
3,talk,234,19,7,Over
3,talk,235,19,10,Over
3,talk,236,19,13,VOTE Agent[03]
3,talk,237,19,5,Over
3,talk,238,19,9,Over
3,talk,239,19,15,Over
3,vote,1,3
3,vote,2,5
3,vote,3,10
3,vote,5,7
3,vote,6,7
3,vote,7,6
3,vote,8,10
3,vote,9,7
3,vote,10,6
3,vote,11,7
3,vote,13,3
3,vote,15,13
3,execute,7,BODYGUARD
3,divine,10,6,WEREWOLF
3,whisper,0,0,6,ATTACK Agent[10]
3,whisper,1,0,5,ATTACK Agent[10]
3,whisper,2,1,6,REQUEST(ATTACK Agent[10])
3,whisper,3,1,5,REQUEST(ATTACK Agent[10])
3,whisper,4,2,6,DIVINED Agent[13] WEREWOLF
3,whisper,5,2,5,IDENTIFIED Agent[07] WEREWOLF
3,whisper,6,3,5,Skip
3,whisper,7,3,6,Skip
3,whisper,8,4,6,Skip
3,whisper,9,4,5,Skip
3,whisper,10,5,5,Over
3,whisper,11,5,6,Over
3,attackVote,5,10
3,attackVote,6,10
3,attack,10,true
4,status,1,VILLAGER,ALIVE,carlo
4,status,2,VILLAGER,ALIVE,m_cre
4,status,3,POSSESSED,ALIVE,cndl
4,status,4,WEREWOLF,DEAD,AITKN
4,status,5,WEREWOLF,ALIVE,aplain
4,status,6,WEREWOLF,ALIVE,takkyubu
4,status,7,BODYGUARD,DEAD,kasuka
4,status,8,VILLAGER,ALIVE,johnny
4,status,9,VILLAGER,ALIVE,hibagon
4,status,10,SEER,DEAD,colun
4,status,11,VILLAGER,ALIVE,wasabi
4,status,12,VILLAGER,DEAD,Udon
4,status,13,VILLAGER,ALIVE,JuN1Ro
4,status,14,MEDIUM,DEAD,cash
4,status,15,VILLAGER,ALIVE,daisyo
4,talk,0,0,5,IDENTIFIED Agent[07] WEREWOLF
4,talk,1,0,3,VOTE Agent[11]
4,talk,2,0,13,VOTE Agent[15]
4,talk,3,0,2,VOTE Agent[06]
4,talk,4,0,1,VOTE Agent[03]
4,talk,5,0,15,VOTE Agent[13]
4,talk,6,0,6,DIVINED Agent[13] WEREWOLF
4,talk,7,0,11,VOTE Agent[09]
4,talk,8,0,9,AGREE TALK day1 ID:38
4,talk,9,0,8,VOTE Agent[03]
4,talk,10,1,1,Skip
4,talk,11,1,15,VOTE Agent[02]
4,talk,12,1,13,VOTE Agent[06]
4,talk,13,1,3,Skip
4,talk,14,1,6,VOTE Agent[02]
4,talk,15,1,11,Skip
4,talk,16,1,5,VOTE Agent[02]
4,talk,17,1,9,DISAGREE TALK day1 ID:41
4,talk,18,1,2,Skip
4,talk,19,1,8,VOTE Agent[03]
4,talk,20,2,11,Skip
4,talk,21,2,1,Skip
4,talk,22,2,2,Skip
4,talk,23,2,9,AGREE TALK day1 ID:48
4,talk,24,2,6,REQUEST(VOTE Agent[02])
4,talk,25,2,3,Skip
4,talk,26,2,5,REQUEST(VOTE Agent[02])
4,talk,27,2,13,COMINGOUT Agent[13] BODYGUARD
4,talk,28,2,15,ESTIMATE Agent[02] VILLAGER
4,talk,29,2,8,Skip
4,talk,30,3,13,ESTIMATE Agent[15] VILLAGER
4,talk,31,3,15,Skip
4,talk,32,3,6,Skip
4,talk,33,3,2,Over
4,talk,34,3,9,AGREE TALK day1 ID:219
4,talk,35,3,5,Skip
4,talk,36,3,3,Over
4,talk,37,3,8,VOTE Agent[13]
4,talk,38,3,1,Over
4,talk,39,3,11,Over
4,talk,40,4,11,VOTE Agent[02]
4,talk,41,4,2,Over
4,talk,42,4,9,DISAGREE TALK day2 ID:73
4,talk,43,4,15,Skip
4,talk,44,4,13,Over
4,talk,45,4,5,Skip
4,talk,46,4,8,Skip
4,talk,47,4,3,Over
4,talk,48,4,1,Over
4,talk,49,4,6,Skip
4,talk,50,5,9,ESTIMATE Agent[03] WEREWOLF
4,talk,51,5,3,Over
4,talk,52,5,8,Skip
4,talk,53,5,6,Over
4,talk,54,5,1,Over
4,talk,55,5,13,Over
4,talk,56,5,2,Over
4,talk,57,5,5,Over
4,talk,58,5,15,ESTIMATE Agent[01] VILLAGER
4,talk,59,5,11,Over
4,talk,60,6,9,REQUEST(Agent[03] DIVINATION Agent[03])
4,talk,61,6,8,VOTE Agent[13]
4,talk,62,6,1,Over
4,talk,63,6,13,Over
4,talk,64,6,5,Over
4,talk,65,6,3,Over
4,talk,66,6,11,ESTIMATE Agent[15] WEREWOLF
4,talk,67,6,2,Over
4,talk,68,6,15,Skip
4,talk,69,6,6,Over
4,talk,70,7,5,Over
4,talk,71,7,15,Over
4,talk,72,7,11,ESTIMATE Agent[09] WEREWOLF
4,talk,73,7,3,Over
4,talk,74,7,6,Over
4,talk,75,7,9,VOTE Agent[03]
4,talk,76,7,1,Over
4,talk,77,7,8,Skip
4,talk,78,7,2,Over
4,talk,79,7,13,Over
4,talk,80,8,3,Over
4,talk,81,8,9,Skip
4,talk,82,8,15,Over
4,talk,83,8,13,Over
4,talk,84,8,2,Over
4,talk,85,8,1,Over
4,talk,86,8,6,Over
4,talk,87,8,8,Skip
4,talk,88,8,11,Over
4,talk,89,8,5,Over
4,talk,90,9,15,Skip
4,talk,91,9,11,Over
4,talk,92,9,5,Over
4,talk,93,9,3,Over
4,talk,94,9,6,Over
4,talk,95,9,8,VOTE Agent[13]
4,talk,96,9,13,ESTIMATE Agent[15] WEREWOLF
4,talk,97,9,9,Skip
4,talk,98,9,1,Over
4,talk,99,9,2,Over
4,talk,100,10,1,Over
4,talk,101,10,5,Over
4,talk,102,10,13,Over
4,talk,103,10,11,Over
4,talk,104,10,15,Over
4,talk,105,10,2,Over
4,talk,106,10,6,Over
4,talk,107,10,3,Over
4,talk,108,10,8,Skip
4,talk,109,10,9,Over
4,talk,110,11,8,Skip
4,talk,111,11,15,Over
4,talk,112,11,6,Over
4,talk,113,11,2,Over
4,talk,114,11,3,Over
4,talk,115,11,1,Over
4,talk,116,11,9,Over
4,talk,117,11,11,ESTIMATE Agent[08] WEREWOLF
4,talk,118,11,13,Over
4,talk,119,11,5,Over
4,talk,120,12,1,Over
4,talk,121,12,8,VOTE Agent[13]
4,talk,122,12,13,Over
4,talk,123,12,5,Over
4,talk,124,12,9,Over
4,talk,125,12,15,Over
4,talk,126,12,11,Over
4,talk,127,12,3,Over
4,talk,128,12,2,Over
4,talk,129,12,6,Over
4,talk,130,13,11,Over
4,talk,131,13,5,Over
4,talk,132,13,1,Over
4,talk,133,13,3,Over
4,talk,134,13,13,Over
4,talk,135,13,15,Over
4,talk,136,13,2,Over
4,talk,137,13,8,Skip
4,talk,138,13,6,Over
4,talk,139,13,9,Over
4,talk,140,14,6,Over
4,talk,141,14,13,Over
4,talk,142,14,3,Over
4,talk,143,14,5,Over
4,talk,144,14,9,Over
4,talk,145,14,11,ESTIMATE Agent[13] WEREWOLF
4,talk,146,14,2,Over
4,talk,147,14,15,Over
4,talk,148,14,1,Over
4,talk,149,14,8,Skip
4,talk,150,15,5,Over
4,talk,151,15,2,Over
4,talk,152,15,6,Over
4,talk,153,15,3,Over
4,talk,154,15,11,ESTIMATE Agent[05] MEDIUM
4,talk,155,15,9,Over
4,talk,156,15,13,Over
4,talk,157,15,1,Over
4,talk,158,15,15,Over
4,talk,159,15,8,VOTE Agent[13]
4,talk,160,16,6,Over
4,talk,161,16,8,Skip
4,talk,162,16,11,Over
4,talk,163,16,9,Over
4,talk,164,16,15,Over
4,talk,165,16,3,Over
4,talk,166,16,13,Over
4,talk,167,16,1,Over
4,talk,168,16,2,Over
4,talk,169,16,5,Over
4,talk,170,17,2,Over
4,talk,171,17,11,ESTIMATE Agent[05] MEDIUM
4,talk,172,17,13,Over
4,talk,173,17,9,Over
4,talk,174,17,3,Over
4,talk,175,17,5,Over
4,talk,176,17,6,Over
4,talk,177,17,1,Over
4,talk,178,17,8,Skip
4,talk,179,17,15,Over
4,talk,180,18,9,Over
4,talk,181,18,2,Over
4,talk,182,18,1,Over
4,talk,183,18,5,Over
4,talk,184,18,6,Over
4,talk,185,18,13,Over
4,talk,186,18,11,ESTIMATE Agent[05] MEDIUM
4,talk,187,18,15,Over
4,talk,188,18,3,Over
4,talk,189,18,8,VOTE Agent[13]
4,talk,190,19,3,Over
4,talk,191,19,11,Over
4,talk,192,19,13,Over
4,talk,193,19,1,Over
4,talk,194,19,8,Skip
4,talk,195,19,2,Over
4,talk,196,19,5,Over
4,talk,197,19,15,Over
4,talk,198,19,9,Over
4,talk,199,19,6,Over
4,vote,1,3
4,vote,2,6
4,vote,3,11
4,vote,5,2
4,vote,6,2
4,vote,8,13
4,vote,9,3
4,vote,11,2
4,vote,13,6
4,vote,15,2
4,execute,2,VILLAGER
4,whisper,0,0,5,ATTACK Agent[13]
4,whisper,1,0,6,ATTACK Agent[13]
4,whisper,2,1,5,REQUEST(ATTACK Agent[13])
4,whisper,3,1,6,REQUEST(ATTACK Agent[13])
4,whisper,4,2,5,IDENTIFIED Agent[02] WEREWOLF
4,whisper,5,2,6,DIVINED Agent[05] HUMAN
4,whisper,6,3,5,Skip
4,whisper,7,3,6,Skip
4,whisper,8,4,6,Skip
4,whisper,9,4,5,Skip
4,whisper,10,5,6,Over
4,whisper,11,5,5,Over
4,attackVote,5,13
4,attackVote,6,13
4,attack,13,true
5,status,1,VILLAGER,ALIVE,carlo
5,status,2,VILLAGER,DEAD,m_cre
5,status,3,POSSESSED,ALIVE,cndl
5,status,4,WEREWOLF,DEAD,AITKN
5,status,5,WEREWOLF,ALIVE,aplain
5,status,6,WEREWOLF,ALIVE,takkyubu
5,status,7,BODYGUARD,DEAD,kasuka
5,status,8,VILLAGER,ALIVE,johnny
5,status,9,VILLAGER,ALIVE,hibagon
5,status,10,SEER,DEAD,colun
5,status,11,VILLAGER,ALIVE,wasabi
5,status,12,VILLAGER,DEAD,Udon
5,status,13,VILLAGER,DEAD,JuN1Ro
5,status,14,MEDIUM,DEAD,cash
5,status,15,VILLAGER,ALIVE,daisyo
5,talk,0,0,6,DIVINED Agent[05] HUMAN
5,talk,1,0,9,ESTIMATE Agent[11] WEREWOLF
5,talk,2,0,5,IDENTIFIED Agent[02] WEREWOLF
5,talk,3,0,11,Skip
5,talk,4,0,1,VOTE Agent[03]
5,talk,5,0,15,VOTE Agent[01]
5,talk,6,0,8,VOTE Agent[03]
5,talk,7,0,3,VOTE Agent[11]
5,talk,8,1,1,ESTIMATE Agent[05] MEDIUM
5,talk,9,1,5,VOTE Agent[08]
5,talk,10,1,15,Skip
5,talk,11,1,6,VOTE Agent[15]
5,talk,12,1,3,Skip
5,talk,13,1,8,VOTE Agent[15]
5,talk,14,1,11,VOTE Agent[01]
5,talk,15,1,9,REQUEST(Agent[03] DIVINATION Agent[11])
5,talk,16,2,3,Skip
5,talk,17,2,1,Skip
5,talk,18,2,8,VOTE Agent[03]
5,talk,19,2,15,VOTE Agent[06]
5,talk,20,2,5,REQUEST(VOTE Agent[08])
5,talk,21,2,6,REQUEST(VOTE Agent[15])
5,talk,22,2,11,ESTIMATE Agent[05] MEDIUM
5,talk,23,2,9,VOTE Agent[11]
5,talk,24,3,3,Over
5,talk,25,3,11,VOTE Agent[15]
5,talk,26,3,1,Skip
5,talk,27,3,6,Skip
5,talk,28,3,8,Skip
5,talk,29,3,9,Skip
5,talk,30,3,15,Over
5,talk,31,3,5,Skip
5,talk,32,4,6,Skip
5,talk,33,4,15,Skip
5,talk,34,4,1,Over
5,talk,35,4,11,Skip
5,talk,36,4,8,Skip
5,talk,37,4,3,Over
5,talk,38,4,5,Skip
5,talk,39,4,9,Skip
5,talk,40,5,15,Over
5,talk,41,5,6,Over
5,talk,42,5,8,VOTE Agent[03]
5,talk,43,5,5,Over
5,talk,44,5,11,ESTIMATE Agent[01] WEREWOLF
5,talk,45,5,1,Over
5,talk,46,5,3,Over
5,talk,47,5,9,Over
5,talk,48,6,3,Over
5,talk,49,6,6,Over
5,talk,50,6,1,Over
5,talk,51,6,15,Skip
5,talk,52,6,5,Over
5,talk,53,6,9,Over
5,talk,54,6,8,Skip
5,talk,55,6,11,Skip
5,talk,56,7,5,Over
5,talk,57,7,6,Over
5,talk,58,7,9,Over
5,talk,59,7,8,Skip
5,talk,60,7,1,Over
5,talk,61,7,15,Over
5,talk,62,7,11,Over
5,talk,63,7,3,Over
5,talk,64,8,1,Over
5,talk,65,8,8,VOTE Agent[03]
5,talk,66,8,3,Over
5,talk,67,8,6,Over
5,talk,68,8,5,Over
5,talk,69,8,15,Over
5,talk,70,8,9,Over
5,talk,71,8,11,Over
5,talk,72,9,15,Over
5,talk,73,9,1,Over
5,talk,74,9,11,Over
5,talk,75,9,8,Skip
5,talk,76,9,3,Over
5,talk,77,9,9,Over
5,talk,78,9,6,Over
5,talk,79,9,5,Over
5,talk,80,10,5,Over
5,talk,81,10,1,Over
5,talk,82,10,15,Over
5,talk,83,10,8,Skip
5,talk,84,10,9,Over
5,talk,85,10,3,Over
5,talk,86,10,6,Over
5,talk,87,10,11,ESTIMATE Agent[08] WEREWOLF
5,talk,88,11,3,Over
5,talk,89,11,11,Over
5,talk,90,11,8,VOTE Agent[03]
5,talk,91,11,1,Over
5,talk,92,11,9,Over
5,talk,93,11,15,Over
5,talk,94,11,6,Over
5,talk,95,11,5,Over
5,talk,96,12,15,Over
5,talk,97,12,11,ESTIMATE Agent[08] WEREWOLF
5,talk,98,12,9,Over
5,talk,99,12,5,Over
5,talk,100,12,8,Skip
5,talk,101,12,1,Over
5,talk,102,12,6,Over
5,talk,103,12,3,Over
5,talk,104,13,6,Over
5,talk,105,13,1,Over
5,talk,106,13,11,ESTIMATE Agent[05] MEDIUM
5,talk,107,13,8,Skip
5,talk,108,13,3,Over
5,talk,109,13,15,Over
5,talk,110,13,9,Over
5,talk,111,13,5,Over
5,talk,112,14,15,Over
5,talk,113,14,8,VOTE Agent[03]
5,talk,114,14,6,Over
5,talk,115,14,11,VOTE Agent[08]
5,talk,116,14,9,Over
5,talk,117,14,1,Over
5,talk,118,14,5,Over
5,talk,119,14,3,Over
5,talk,120,15,3,Over
5,talk,121,15,5,Over
5,talk,122,15,8,Skip
5,talk,123,15,6,Over
5,talk,124,15,1,Over
5,talk,125,15,9,Over
5,talk,126,15,15,Over
5,talk,127,15,11,Over
5,talk,128,16,8,Skip
5,talk,129,16,3,Over
5,talk,130,16,1,Over
5,talk,131,16,9,Over
5,talk,132,16,5,Over
5,talk,133,16,15,Over
5,talk,134,16,11,Over
5,talk,135,16,6,Over
5,talk,136,17,5,Over
5,talk,137,17,9,Over
5,talk,138,17,11,ESTIMATE Agent[05] MEDIUM
5,talk,139,17,1,Over
5,talk,140,17,15,Over
5,talk,141,17,3,Over
5,talk,142,17,8,VOTE Agent[03]
5,talk,143,17,6,Over
5,talk,144,18,8,Skip
5,talk,145,18,11,ESTIMATE Agent[15] WEREWOLF
5,talk,146,18,15,Over
5,talk,147,18,1,Over
5,talk,148,18,9,Over
5,talk,149,18,5,Over
5,talk,150,18,3,Over
5,talk,151,18,6,Over
5,talk,152,19,3,Over
5,talk,153,19,5,Over
5,talk,154,19,6,Over
5,talk,155,19,11,Over
5,talk,156,19,8,Skip
5,talk,157,19,1,Over
5,talk,158,19,15,Over
5,talk,159,19,9,Over
5,vote,1,3
5,vote,3,11
5,vote,5,8
5,vote,6,15
5,vote,8,3
5,vote,9,11
5,vote,11,8
5,vote,15,6
5,vote,1,3
5,vote,3,11
5,vote,5,8
5,vote,6,8
5,vote,8,3
5,vote,9,11
5,vote,11,8
5,vote,15,6
5,execute,8,VILLAGER
5,whisper,0,0,6,ATTACK Agent[15]
5,whisper,1,0,5,ATTACK Agent[11]
5,whisper,2,1,5,REQUEST(ATTACK Agent[11])
5,whisper,3,1,6,REQUEST(ATTACK Agent[15])
5,whisper,4,2,6,DIVINED Agent[15] HUMAN
5,whisper,5,2,5,IDENTIFIED Agent[08] HUMAN
5,whisper,6,3,6,Skip
5,whisper,7,3,5,Skip
5,whisper,8,4,6,Skip
5,whisper,9,4,5,Skip
5,whisper,10,5,5,Over
5,whisper,11,5,6,Over
5,attackVote,5,11
5,attackVote,6,15
5,attackVote,5,11
5,attackVote,6,15
5,attack,15,true
6,status,1,VILLAGER,ALIVE,carlo
6,status,2,VILLAGER,DEAD,m_cre
6,status,3,POSSESSED,ALIVE,cndl
6,status,4,WEREWOLF,DEAD,AITKN
6,status,5,WEREWOLF,ALIVE,aplain
6,status,6,WEREWOLF,ALIVE,takkyubu
6,status,7,BODYGUARD,DEAD,kasuka
6,status,8,VILLAGER,DEAD,johnny
6,status,9,VILLAGER,ALIVE,hibagon
6,status,10,SEER,DEAD,colun
6,status,11,VILLAGER,ALIVE,wasabi
6,status,12,VILLAGER,DEAD,Udon
6,status,13,VILLAGER,DEAD,JuN1Ro
6,status,14,MEDIUM,DEAD,cash
6,status,15,VILLAGER,DEAD,daisyo
6,talk,0,0,5,IDENTIFIED Agent[08] HUMAN
6,talk,1,0,11,VOTE Agent[01]
6,talk,2,0,1,VOTE Agent[03]
6,talk,3,0,3,VOTE Agent[09]
6,talk,4,0,6,DIVINED Agent[15] HUMAN
6,talk,5,0,9,AGREE TALK day1 ID:33
6,talk,6,1,5,VOTE Agent[09]
6,talk,7,1,9,AGREE TALK day1 ID:128
6,talk,8,1,6,VOTE Agent[11]
6,talk,9,1,11,ESTIMATE Agent[01] WEREWOLF
6,talk,10,1,1,Skip
6,talk,11,1,3,Skip
6,talk,12,2,1,Skip
6,talk,13,2,3,Skip
6,talk,14,2,6,REQUEST(VOTE Agent[11])
6,talk,15,2,11,VOTE Agent[09]
6,talk,16,2,5,REQUEST(VOTE Agent[09])
6,talk,17,2,9,AGREE TALK day2 ID:17
6,talk,18,3,6,Skip
6,talk,19,3,3,Over
6,talk,20,3,9,AGREE TALK day2 ID:42
6,talk,21,3,11,ESTIMATE Agent[01] WEREWOLF
6,talk,22,3,1,Over
6,talk,23,3,5,Skip
6,talk,24,4,9,AGREE TALK day3 ID:10
6,talk,25,4,1,Over
6,talk,26,4,3,Over
6,talk,27,4,5,Skip
6,talk,28,4,6,Skip
6,talk,29,4,11,Skip
6,talk,30,5,3,Over
6,talk,31,5,11,Skip
6,talk,32,5,1,Over
6,talk,33,5,5,Over
6,talk,34,5,6,Over
6,talk,35,5,9,ESTIMATE Agent[06] WEREWOLF
6,talk,36,6,9,REQUEST(Agent[03] DIVINATION Agent[06])
6,talk,37,6,6,Over
6,talk,38,6,5,Over
6,talk,39,6,3,Over
6,talk,40,6,11,Over
6,talk,41,6,1,Over
6,talk,42,7,5,Over
6,talk,43,7,9,VOTE Agent[06]
6,talk,44,7,3,Over
6,talk,45,7,1,Over
6,talk,46,7,11,Over
6,talk,47,7,6,Over
6,talk,48,8,3,Over
6,talk,49,8,9,Skip
6,talk,50,8,11,Over
6,talk,51,8,5,Over
6,talk,52,8,1,Over
6,talk,53,8,6,Over
6,talk,54,9,3,Over
6,talk,55,9,1,Over
6,talk,56,9,9,Skip
6,talk,57,9,6,Over
6,talk,58,9,11,ESTIMATE Agent[01] WEREWOLF
6,talk,59,9,5,Over
6,talk,60,10,3,Over
6,talk,61,10,5,Over
6,talk,62,10,1,Over
6,talk,63,10,9,Over
6,talk,64,10,11,Over
6,talk,65,10,6,Over
6,vote,1,3
6,vote,3,9
6,vote,5,9
6,vote,6,11
6,vote,9,6
6,vote,11,9
6,execute,9,VILLAGER
6,whisper,0,0,5,ATTACK Agent[11]
6,whisper,1,0,6,ATTACK Agent[01]
6,whisper,2,1,6,REQUEST(ATTACK Agent[01])
6,whisper,3,1,5,REQUEST(ATTACK Agent[11])
6,whisper,4,2,6,DIVINED Agent[11] HUMAN
6,whisper,5,2,5,IDENTIFIED Agent[09] HUMAN
6,whisper,6,3,5,Skip
6,whisper,7,3,6,Skip
6,whisper,8,4,6,Skip
6,whisper,9,4,5,Skip
6,whisper,10,5,5,Over
6,whisper,11,5,6,Over
6,attackVote,5,11
6,attackVote,6,1
6,attackVote,5,11
6,attackVote,6,1
6,attack,11,true
7,status,1,VILLAGER,ALIVE,carlo
7,status,2,VILLAGER,DEAD,m_cre
7,status,3,POSSESSED,ALIVE,cndl
7,status,4,WEREWOLF,DEAD,AITKN
7,status,5,WEREWOLF,ALIVE,aplain
7,status,6,WEREWOLF,ALIVE,takkyubu
7,status,7,BODYGUARD,DEAD,kasuka
7,status,8,VILLAGER,DEAD,johnny
7,status,9,VILLAGER,DEAD,hibagon
7,status,10,SEER,DEAD,colun
7,status,11,VILLAGER,DEAD,wasabi
7,status,12,VILLAGER,DEAD,Udon
7,status,13,VILLAGER,DEAD,JuN1Ro
7,status,14,MEDIUM,DEAD,cash
7,status,15,VILLAGER,DEAD,daisyo
7,result,2,2,WEREWOLF
