0,status,1,VILLAGER,ALIVE,carlo
0,status,2,MEDIUM,ALIVE,m_cre
0,status,3,WEREWOLF,ALIVE,cndl
0,status,4,WEREWOLF,ALIVE,AITKN
0,status,5,VILLAGER,ALIVE,aplain
0,status,6,BODYGUARD,ALIVE,takkyubu
0,status,7,POSSESSED,ALIVE,kasuka
0,status,8,VILLAGER,ALIVE,johnny
0,status,9,VILLAGER,ALIVE,hibagon
0,status,10,VILLAGER,ALIVE,colun
0,status,11,VILLAGER,ALIVE,wasabi
0,status,12,VILLAGER,ALIVE,Udon
0,status,13,VILLAGER,ALIVE,JuN1Ro
0,status,14,SEER,ALIVE,cash
0,status,15,WEREWOLF,ALIVE,daisyo
0,whisper,0,0,4,COMINGOUT Agent[04] VILLAGER
0,whisper,1,0,15,ATTACK Agent[07]
0,whisper,2,0,3,COMINGOUT Agent[03] VILLAGER
0,whisper,3,1,4,Skip
0,whisper,4,1,15,Over
0,whisper,5,1,3,Skip
0,whisper,6,2,3,Skip
0,whisper,7,2,4,Skip
0,whisper,8,2,15,Over
0,whisper,9,3,4,Over
0,whisper,10,3,15,Over
0,whisper,11,3,3,Over
0,divine,14,6,HUMAN
1,status,1,VILLAGER,ALIVE,carlo
1,status,2,MEDIUM,ALIVE,m_cre
1,status,3,WEREWOLF,ALIVE,cndl
1,status,4,WEREWOLF,ALIVE,AITKN
1,status,5,VILLAGER,ALIVE,aplain
1,status,6,BODYGUARD,ALIVE,takkyubu
1,status,7,POSSESSED,ALIVE,kasuka
1,status,8,VILLAGER,ALIVE,johnny
1,status,9,VILLAGER,ALIVE,hibagon
1,status,10,VILLAGER,ALIVE,colun
1,status,11,VILLAGER,ALIVE,wasabi
1,status,12,VILLAGER,ALIVE,Udon
1,status,13,VILLAGER,ALIVE,JuN1Ro
1,status,14,SEER,ALIVE,cash
1,status,15,WEREWOLF,ALIVE,daisyo
1,talk,0,0,4,VOTE Agent[12]
1,talk,1,0,5,VOTE Agent[06]
1,talk,2,0,2,COMINGOUT Agent[02] MEDIUM
1,talk,3,0,13,VOTE Agent[11]
1,talk,4,0,7,COMINGOUT Agent[07] SEER
1,talk,5,0,1,VOTE Agent[02]
1,talk,6,0,9,VOTE Agent[12]
1,talk,7,0,12,VOTE Agent[04]
1,talk,8,0,6,VOTE Agent[12]
1,talk,9,0,10,VOTE Agent[07]
1,talk,10,0,11,Skip
1,talk,11,0,8,VOTE Agent[01]
1,talk,12,0,14,COMINGOUT Agent[14] SEER
1,talk,13,0,3,VOTE Agent[02]
1,talk,14,0,15,VOTE Agent[01]
1,talk,15,1,10,Skip
1,talk,16,1,1,VOTE Agent[03]
1,talk,17,1,14,DIVINED Agent[06] HUMAN
1,talk,18,1,5,Skip
1,talk,19,1,13,VOTE Agent[12]
1,talk,20,1,4,Skip
1,talk,21,1,15,VOTE Agent[12]
1,talk,22,1,6,Skip
1,talk,23,1,2,VOTE Agent[14]
1,talk,24,1,11,VOTE Agent[04]
1,talk,25,1,3,VOTE Agent[12]
1,talk,26,1,8,VOTE Agent[03]
1,talk,27,1,9,Skip
1,talk,28,1,12,VOTE Agent[01]
1,talk,29,1,7,DIVINED Agent[09] WEREWOLF
1,talk,30,2,15,ESTIMATE Agent[03] VILLAGER
1,talk,31,2,2,VOTE Agent[07]
1,talk,32,2,8,VOTE Agent[09]
1,talk,33,2,10,ESTIMATE Agent[07] SEER
1,talk,34,2,3,Skip
1,talk,35,2,14,VOTE Agent[06]
1,talk,36,2,1,VOTE Agent[09]
1,talk,37,2,7,Skip
1,talk,38,2,6,ESTIMATE Agent[07] SEER
1,talk,39,2,12,VOTE Agent[09]
1,talk,40,2,13,ESTIMATE Agent[07] VILLAGER
1,talk,41,2,4,Skip
1,talk,42,2,9,ESTIMATE Agent[14] SEER
1,talk,43,2,11,VOTE Agent[09]
1,talk,44,2,5,ESTIMATE Agent[14] SEER
1,talk,45,3,2,Skip
1,talk,46,3,13,Over
1,talk,47,3,10,ESTIMATE Agent[09] WEREWOLF
1,talk,48,3,14,VOTE Agent[07]
1,talk,49,3,1,Skip
1,talk,50,3,8,Skip
1,talk,51,3,3,Skip
1,talk,52,3,9,ESTIMATE Agent[07] WEREWOLF
1,talk,53,3,5,ESTIMATE Agent[09] WEREWOLF
1,talk,54,3,11,Skip
1,talk,55,3,15,Over
1,talk,56,3,6,ESTIMATE Agent[09] WEREWOLF
1,talk,57,3,12,Over
1,talk,58,3,4,VOTE Agent[09]
1,talk,59,3,7,Skip
1,talk,60,4,13,VOTE Agent[09]
1,talk,61,4,8,Skip
1,talk,62,4,5,REQUEST(Agent[14] DIVINATION Agent[09])
1,talk,63,4,4,REQUEST(DIVINATION Agent[11])
1,talk,64,4,15,Skip
1,talk,65,4,6,REQUEST(Agent[07] DIVINATION Agent[09])
1,talk,66,4,1,Skip
1,talk,67,4,11,ESTIMATE Agent[02] MEDIUM
1,talk,68,4,10,REQUEST(Agent[07] DIVINATION Agent[09])
1,talk,69,4,2,Skip
1,talk,70,4,14,Skip
1,talk,71,4,12,Over
1,talk,72,4,7,Over
1,talk,73,4,9,REQUEST(Agent[14] DIVINATION Agent[07])
1,talk,74,4,3,VOTE Agent[09]
1,talk,75,5,7,Over
1,talk,76,5,9,VOTE Agent[07]
1,talk,77,5,8,VOTE Agent[09]
1,talk,78,5,10,VOTE Agent[09]
1,talk,79,5,4,Skip
1,talk,80,5,11,Skip
1,talk,81,5,6,VOTE Agent[09]
1,talk,82,5,3,Skip
1,talk,83,5,5,VOTE Agent[09]
1,talk,84,5,14,Skip
1,talk,85,5,12,Over
1,talk,86,5,15,ESTIMATE Agent[12] VILLAGER
1,talk,87,5,1,Over
1,talk,88,5,2,Over
1,talk,89,5,13,Over
1,talk,90,6,11,Over
1,talk,91,6,13,Over
1,talk,92,6,14,VOTE Agent[06]
1,talk,93,6,2,Over
1,talk,94,6,9,Skip
1,talk,95,6,4,Skip
1,talk,96,6,7,Over
1,talk,97,6,15,Over
1,talk,98,6,12,Over
1,talk,99,6,3,Skip
1,talk,100,6,10,Skip
1,talk,101,6,8,VOTE Agent[05]
1,talk,102,6,6,Skip
1,talk,103,6,1,Over
1,talk,104,6,5,Skip
1,talk,105,7,12,Over
1,talk,106,7,10,Skip
1,talk,107,7,2,Over
1,talk,108,7,15,Over
1,talk,109,7,3,Over
1,talk,110,7,13,Over
1,talk,111,7,9,Skip
1,talk,112,7,14,Skip
1,talk,113,7,4,Over
1,talk,114,7,8,Skip
1,talk,115,7,5,Skip
1,talk,116,7,11,Over
1,talk,117,7,7,Over
1,talk,118,7,6,Skip
1,talk,119,7,1,Over
1,talk,120,8,15,Skip
1,talk,121,8,6,Over
1,talk,122,8,10,Over
1,talk,123,8,9,Over
1,talk,124,8,7,Over
1,talk,125,8,11,Over
1,talk,126,8,12,Over
1,talk,127,8,3,Over
1,talk,128,8,2,Over
1,talk,129,8,5,Over
1,talk,130,8,4,Over
1,talk,131,8,8,Skip
1,talk,132,8,14,Skip
1,talk,133,8,1,Over
1,talk,134,8,13,ESTIMATE Agent[12] VILLAGER
1,talk,135,9,13,ESTIMATE Agent[03] VILLAGER
1,talk,136,9,5,Over
1,talk,137,9,4,Over
1,talk,138,9,6,Over
1,talk,139,9,7,Over
1,talk,140,9,11,Over
1,talk,141,9,15,Over
1,talk,142,9,3,Over
1,talk,143,9,2,Over
1,talk,144,9,9,Over
1,talk,145,9,1,Over
1,talk,146,9,8,VOTE Agent[05]
1,talk,147,9,10,Over
1,talk,148,9,12,Over
1,talk,149,9,14,Over
1,talk,150,10,4,Over
1,talk,151,10,6,Over
1,talk,152,10,1,Over
1,talk,153,10,9,Over
1,talk,154,10,8,Skip
1,talk,155,10,15,Over
1,talk,156,10,5,Over
1,talk,157,10,13,Over
1,talk,158,10,3,Over
1,talk,159,10,10,Over
1,talk,160,10,7,Over
1,talk,161,10,2,Over
1,talk,162,10,11,Over
1,talk,163,10,14,Over
1,talk,164,10,12,Over
1,talk,165,11,4,Over
1,talk,166,11,6,Over
1,talk,167,11,15,Over
1,talk,168,11,5,Over
1,talk,169,11,13,Over
1,talk,170,11,10,Over
1,talk,171,11,8,Skip
1,talk,172,11,7,Over
1,talk,173,11,3,Over
1,talk,174,11,11,Over
1,talk,175,11,1,Over
1,talk,176,11,14,Over
1,talk,177,11,2,Over
1,talk,178,11,9,Over
1,talk,179,11,12,Over
1,talk,180,12,11,ESTIMATE Agent[09] WEREWOLF
1,talk,181,12,15,Over
1,talk,182,12,5,Over
1,talk,183,12,13,Over
1,talk,184,12,2,Over
1,talk,185,12,12,Over
1,talk,186,12,9,Over
1,talk,187,12,6,Over
1,talk,188,12,10,Over
1,talk,189,12,8,VOTE Agent[05]
1,talk,190,12,7,Over
1,talk,191,12,14,Over
1,talk,192,12,1,Over
1,talk,193,12,4,Over
1,talk,194,12,3,Over
1,talk,195,13,13,Over
1,talk,196,13,1,Over
1,talk,197,13,6,Over
1,talk,198,13,7,Over
1,talk,199,13,14,Over
1,talk,200,13,8,Skip
1,talk,201,13,9,Over
1,talk,202,13,10,Over
1,talk,203,13,12,Over
1,talk,204,13,4,Over
1,talk,205,13,15,Over
1,talk,206,13,11,Over
1,talk,207,13,3,Over
1,talk,208,13,2,Over
1,talk,209,13,5,Over
1,talk,210,14,9,Over
1,talk,211,14,10,Over
1,talk,212,14,11,ESTIMATE Agent[04] VILLAGER
1,talk,213,14,8,Skip
1,talk,214,14,6,Over
1,talk,215,14,12,Over
1,talk,216,14,13,Over
1,talk,217,14,15,Over
1,talk,218,14,2,Over
1,talk,219,14,5,Over
1,talk,220,14,7,Over
1,talk,221,14,1,Over
1,talk,222,14,14,Over
1,talk,223,14,4,Over
1,talk,224,14,3,Over
1,talk,225,15,9,Over
1,talk,226,15,3,Over
1,talk,227,15,14,Over
1,talk,228,15,11,Over
1,talk,229,15,15,Over
1,talk,230,15,13,Over
1,talk,231,15,4,Over
1,talk,232,15,6,Over
1,talk,233,15,1,Over
1,talk,234,15,2,Over
1,talk,235,15,7,Over
1,talk,236,15,10,Over
1,talk,237,15,12,Over
1,talk,238,15,5,Over
1,talk,239,15,8,VOTE Agent[05]
1,talk,240,16,3,Over
1,talk,241,16,2,Over
1,talk,242,16,5,Over
1,talk,243,16,8,Skip
1,talk,244,16,11,Over
1,talk,245,16,7,Over
1,talk,246,16,12,Over
1,talk,247,16,15,Over
1,talk,248,16,6,Over
1,talk,249,16,10,Over
1,talk,250,16,9,Over
1,talk,251,16,13,Over
1,talk,252,16,1,Over
1,talk,253,16,4,Over
1,talk,254,16,14,Over
1,talk,255,17,7,Over
1,talk,256,17,11,ESTIMATE Agent[07] WEREWOLF
1,talk,257,17,10,Over
1,talk,258,17,15,Over
1,talk,259,17,1,Over
1,talk,260,17,5,Over
1,talk,261,17,9,Over
1,talk,262,17,12,Over
1,talk,263,17,13,Over
1,talk,264,17,14,Over
1,talk,265,17,8,Skip
1,talk,266,17,6,Over
1,talk,267,17,2,Over
1,talk,268,17,4,Over
1,talk,269,17,3,Over
1,talk,270,18,10,Over
1,talk,271,18,9,Over
1,talk,272,18,15,Over
1,talk,273,18,5,Over
1,talk,274,18,8,VOTE Agent[05]
1,talk,275,18,12,Over
1,talk,276,18,13,Over
1,talk,277,18,7,Over
1,talk,278,18,1,Over
1,talk,279,18,3,Over
1,talk,280,18,6,Over
1,talk,281,18,4,Over
1,talk,282,18,2,Over
1,talk,283,18,14,Over
1,talk,284,18,11,ESTIMATE Agent[10] VILLAGER
1,talk,285,19,10,Over
1,talk,286,19,8,Skip
1,talk,287,19,4,Over
1,talk,288,19,1,Over
1,talk,289,19,15,Over
1,talk,290,19,6,Over
1,talk,291,19,5,Over
1,talk,292,19,7,Over
1,talk,293,19,2,Over
1,talk,294,19,11,Over
1,talk,295,19,14,Over
1,talk,296,19,3,Over
1,talk,297,19,12,Over
1,talk,298,19,9,Over
1,talk,299,19,13,Over
1,vote,1,9
1,vote,2,7
1,vote,3,9
1,vote,4,9
1,vote,5,9
1,vote,6,9
1,vote,7,4
1,vote,8,5
1,vote,9,7
1,vote,10,9
1,vote,11,9
1,vote,12,9
1,vote,13,9
1,vote,14,6
1,vote,15,9
1,execute,9,VILLAGER
1,divine,14,13,HUMAN
1,whisper,0,0,3,ESTIMATE Agent[07] POSSESSED
1,whisper,1,0,15,ATTACK Agent[07]
1,whisper,2,0,4,Skip
1,whisper,3,1,3,ATTACK Agent[11]
1,whisper,4,1,15,Over
1,whisper,5,1,4,Skip
1,whisper,6,2,15,Over
1,whisper,7,2,3,COMINGOUT Agent[03] VILLAGER
1,whisper,8,2,4,Over
1,whisper,9,3,3,Skip
1,whisper,10,3,15,Over
1,whisper,11,3,4,Over
1,whisper,12,4,15,Over
1,whisper,13,4,3,Skip
1,whisper,14,4,4,Over
1,whisper,15,5,4,Over
1,whisper,16,5,15,Over
1,whisper,17,5,3,Over
1,guard,6,7,POSSESSED
1,attackVote,3,11
1,attackVote,4,14
1,attackVote,15,7
1,attackVote,3,11
1,attackVote,4,2
1,attackVote,15,7
1,attack,7,false
2,status,1,VILLAGER,ALIVE,carlo
2,status,2,MEDIUM,ALIVE,m_cre
2,status,3,WEREWOLF,ALIVE,cndl
2,status,4,WEREWOLF,ALIVE,AITKN
2,status,5,VILLAGER,ALIVE,aplain
2,status,6,BODYGUARD,ALIVE,takkyubu
2,status,7,POSSESSED,ALIVE,kasuka
2,status,8,VILLAGER,ALIVE,johnny
2,status,9,VILLAGER,DEAD,hibagon
2,status,10,VILLAGER,ALIVE,colun
2,status,11,VILLAGER,ALIVE,wasabi
2,status,12,VILLAGER,ALIVE,Udon
2,status,13,VILLAGER,ALIVE,JuN1Ro
2,status,14,SEER,ALIVE,cash
2,status,15,WEREWOLF,ALIVE,daisyo
2,talk,0,0,3,VOTE Agent[06]
2,talk,1,0,15,VOTE Agent[12]
2,talk,2,0,2,IDENTIFIED Agent[09] HUMAN
2,talk,3,0,13,VOTE Agent[10]
2,talk,4,0,1,VOTE Agent[03]
2,talk,5,0,5,VOTE Agent[02]
2,talk,6,0,10,VOTE Agent[03]
2,talk,7,0,12,VOTE Agent[01]
2,talk,8,0,7,DIVINED Agent[05] WEREWOLF
2,talk,9,0,8,VOTE Agent[05]
2,talk,10,0,11,Skip
2,talk,11,0,4,VOTE Agent[09]
2,talk,12,0,14,DIVINED Agent[13] HUMAN
2,talk,13,0,6,VOTE Agent[05]
2,talk,14,1,5,DISAGREE TALK day1 ID:33
2,talk,15,1,10,ESTIMATE Agent[05] WEREWOLF
2,talk,16,1,7,Skip
2,talk,17,1,1,VOTE Agent[07]
2,talk,18,1,2,VOTE Agent[07]
2,talk,19,1,3,VOTE Agent[05]
2,talk,20,1,8,Skip
2,talk,21,1,15,ESTIMATE Agent[12] VILLAGER
2,talk,22,1,14,VOTE Agent[03]
2,talk,23,1,6,Skip
2,talk,24,1,11,Skip
2,talk,25,1,12,VOTE Agent[05]
2,talk,26,1,13,VOTE Agent[05]
2,talk,27,1,4,VOTE Agent[05]
2,talk,28,2,3,Skip
2,talk,29,2,7,Skip
2,talk,30,2,12,Over
2,talk,31,2,1,Skip
2,talk,32,2,13,Over
2,talk,33,2,4,Skip
2,talk,34,2,6,Skip
2,talk,35,2,5,DISAGREE TALK day1 ID:38
2,talk,36,2,2,Skip
2,talk,37,2,15,Over
2,talk,38,2,14,Skip
2,talk,39,2,8,Skip
2,talk,40,2,10,REQUEST(Agent[07] DIVINATION Agent[05])
2,talk,41,2,11,Over
2,talk,42,3,15,Skip
2,talk,43,3,3,Skip
2,talk,44,3,11,Over
2,talk,45,3,1,Skip
2,talk,46,3,13,ESTIMATE Agent[05] WEREWOLF
2,talk,47,3,2,Skip
2,talk,48,3,4,Skip
2,talk,49,3,5,DISAGREE TALK day1 ID:40
2,talk,50,3,7,Over
2,talk,51,3,10,VOTE Agent[05]
2,talk,52,3,6,Over
2,talk,53,3,8,VOTE Agent[05]
2,talk,54,3,12,Over
2,talk,55,3,14,Skip
2,talk,56,4,13,Over
2,talk,57,4,4,REQUEST(DIVINATION Agent[15])
2,talk,58,4,6,Over
2,talk,59,4,10,Skip
2,talk,60,4,2,Over
2,talk,61,4,15,Skip
2,talk,62,4,7,Over
2,talk,63,4,3,Over
2,talk,64,4,1,Over
2,talk,65,4,11,Over
2,talk,66,4,14,Over
2,talk,67,4,5,AGREE TALK day1 ID:52
2,talk,68,4,12,Over
2,talk,69,4,8,Skip
2,talk,70,5,5,AGREE TALK day1 ID:256
2,talk,71,5,2,Over
2,talk,72,5,3,Over
2,talk,73,5,10,Skip
2,talk,74,5,14,Over
2,talk,75,5,8,Skip
2,talk,76,5,4,Skip
2,talk,77,5,11,VOTE Agent[05]
2,talk,78,5,12,Over
2,talk,79,5,1,Over
2,talk,80,5,6,Over
2,talk,81,5,13,Over
2,talk,82,5,7,Over
2,talk,83,5,15,ESTIMATE Agent[01] VILLAGER
2,talk,84,6,6,Over
2,talk,85,6,10,Over
2,talk,86,6,14,Over
2,talk,87,6,15,Skip
2,talk,88,6,11,Over
2,talk,89,6,5,ESTIMATE Agent[07] WEREWOLF
2,talk,90,6,13,Over
2,talk,91,6,4,Skip
2,talk,92,6,3,Over
2,talk,93,6,8,VOTE Agent[05]
2,talk,94,6,2,Over
2,talk,95,6,7,Over
2,talk,96,6,1,Over
2,talk,97,6,12,Over
2,talk,98,7,6,Over
2,talk,99,7,3,Over
2,talk,100,7,13,Over
2,talk,101,7,10,Over
2,talk,102,7,11,Over
2,talk,103,7,2,Over
2,talk,104,7,15,Skip
2,talk,105,7,14,Over
2,talk,106,7,7,Over
2,talk,107,7,1,Over
2,talk,108,7,4,Over
2,talk,109,7,5,REQUEST(Agent[14] DIVINATION Agent[07])
2,talk,110,7,12,Over
2,talk,111,7,8,Skip
2,talk,112,8,6,Over
2,talk,113,8,12,Over
2,talk,114,8,13,Over
2,talk,115,8,8,Skip
2,talk,116,8,1,Over
2,talk,117,8,7,Over
2,talk,118,8,10,Over
2,talk,119,8,15,Over
2,talk,120,8,14,Over
2,talk,121,8,3,Over
2,talk,122,8,11,Over
2,talk,123,8,5,VOTE Agent[07]
2,talk,124,8,4,Over
2,talk,125,8,2,Over
2,talk,126,9,11,Over
2,talk,127,9,5,Skip
2,talk,128,9,4,Over
2,talk,129,9,1,Over
2,talk,130,9,7,Over
2,talk,131,9,12,Over
2,talk,132,9,3,Over
2,talk,133,9,15,ESTIMATE Agent[13] VILLAGER
2,talk,134,9,14,Over
2,talk,135,9,13,ESTIMATE Agent[05] WEREWOLF
2,talk,136,9,8,VOTE Agent[05]
2,talk,137,9,6,Over
2,talk,138,9,10,Over
2,talk,139,9,2,Over
2,talk,140,10,2,Over
2,talk,141,10,5,Skip
2,talk,142,10,8,Skip
2,talk,143,10,1,Over
2,talk,144,10,7,Over
2,talk,145,10,10,Over
2,talk,146,10,11,Over
2,talk,147,10,4,Over
2,talk,148,10,14,Over
2,talk,149,10,13,ESTIMATE Agent[14] VILLAGER
2,talk,150,10,3,Over
2,talk,151,10,12,Over
2,talk,152,10,15,Over
2,talk,153,10,6,Over
2,talk,154,11,5,Over
2,talk,155,11,11,ESTIMATE Agent[06] VILLAGER
2,talk,156,11,14,Over
2,talk,157,11,13,Over
2,talk,158,11,3,Over
2,talk,159,11,8,Skip
2,talk,160,11,1,Over
2,talk,161,11,12,Over
2,talk,162,11,6,Over
2,talk,163,11,4,Over
2,talk,164,11,7,Over
2,talk,165,11,15,Over
2,talk,166,11,2,Over
2,talk,167,11,10,Over
2,talk,168,12,8,VOTE Agent[05]
2,talk,169,12,4,Over
2,talk,170,12,14,Over
2,talk,171,12,7,Over
2,talk,172,12,3,Over
2,talk,173,12,1,Over
2,talk,174,12,13,Over
2,talk,175,12,12,Over
2,talk,176,12,6,Over
2,talk,177,12,11,ESTIMATE Agent[12] VILLAGER
2,talk,178,12,5,Over
2,talk,179,12,10,Over
2,talk,180,12,2,Over
2,talk,181,12,15,Over
2,talk,182,13,10,Over
2,talk,183,13,4,Over
2,talk,184,13,8,Skip
2,talk,185,13,5,Over
2,talk,186,13,1,Over
2,talk,187,13,11,ESTIMATE Agent[06] VILLAGER
2,talk,188,13,7,Over
2,talk,189,13,12,Over
2,talk,190,13,14,Over
2,talk,191,13,6,Over
2,talk,192,13,13,Over
2,talk,193,13,3,Over
2,talk,194,13,15,Over
2,talk,195,13,2,Over
2,talk,196,14,14,Over
2,talk,197,14,15,Over
2,talk,198,14,10,Over
2,talk,199,14,11,Over
2,talk,200,14,5,Over
2,talk,201,14,6,Over
2,talk,202,14,8,Skip
2,talk,203,14,7,Over
2,talk,204,14,2,Over
2,talk,205,14,12,Over
2,talk,206,14,4,Over
2,talk,207,14,1,Over
2,talk,208,14,13,Over
2,talk,209,14,3,Over
2,talk,210,15,5,Over
2,talk,211,15,10,Over
2,talk,212,15,11,Over
2,talk,213,15,1,Over
2,talk,214,15,15,Over
2,talk,215,15,2,Over
2,talk,216,15,14,Over
2,talk,217,15,3,Over
2,talk,218,15,7,Over
2,talk,219,15,4,Over
2,talk,220,15,8,VOTE Agent[05]
2,talk,221,15,12,Over
2,talk,222,15,13,Over
2,talk,223,15,6,Over
2,talk,224,16,7,Over
2,talk,225,16,13,Over
2,talk,226,16,6,Over
2,talk,227,16,11,Over
2,talk,228,16,1,Over
2,talk,229,16,8,Skip
2,talk,230,16,10,Over
2,talk,231,16,5,Over
2,talk,232,16,3,Over
2,talk,233,16,2,Over
2,talk,234,16,15,Over
2,talk,235,16,12,Over
2,talk,236,16,4,Over
2,talk,237,16,14,Over
2,talk,238,17,5,Over
2,talk,239,17,10,Over
2,talk,240,17,6,Over
2,talk,241,17,7,Over
2,talk,242,17,12,Over
2,talk,243,17,2,Over
2,talk,244,17,1,Over
2,talk,245,17,8,Skip
2,talk,246,17,3,Over
2,talk,247,17,14,Over
2,talk,248,17,4,Over
2,talk,249,17,11,ESTIMATE Agent[01] VILLAGER
2,talk,250,17,15,Over
2,talk,251,17,13,Over
2,talk,252,18,13,Over
2,talk,253,18,3,Over
2,talk,254,18,11,ESTIMATE Agent[04] WEREWOLF
2,talk,255,18,7,Over
2,talk,256,18,2,Over
2,talk,257,18,12,Over
2,talk,258,18,15,Over
2,talk,259,18,5,Over
2,talk,260,18,8,VOTE Agent[05]
2,talk,261,18,4,Over
2,talk,262,18,6,Over
2,talk,263,18,10,Over
2,talk,264,18,14,Over
2,talk,265,18,1,Over
2,talk,266,19,14,Over
2,talk,267,19,8,Skip
2,talk,268,19,1,Over
2,talk,269,19,12,Over
2,talk,270,19,4,Over
2,talk,271,19,13,Over
2,talk,272,19,3,Over
2,talk,273,19,15,Over
2,talk,274,19,6,Over
2,talk,275,19,7,Over
2,talk,276,19,5,Over
2,talk,277,19,11,Over
2,talk,278,19,2,Over
2,talk,279,19,10,Over
2,vote,1,7
2,vote,2,7
2,vote,3,5
2,vote,4,5
2,vote,5,7
2,vote,6,5
2,vote,7,10
2,vote,8,5
2,vote,10,5
2,vote,11,5
2,vote,12,5
2,vote,13,5
2,vote,14,3
2,vote,15,5
2,execute,5,VILLAGER
2,divine,14,3,WEREWOLF
2,whisper,0,0,15,ATTACK Agent[07]
2,whisper,1,0,4,Skip
2,whisper,2,0,3,ATTACK Agent[11]
2,whisper,3,1,15,Over
2,whisper,4,1,3,COMINGOUT Agent[03] VILLAGER
2,whisper,5,1,4,Skip
2,whisper,6,2,4,Over
2,whisper,7,2,3,Skip
2,whisper,8,2,15,Over
2,whisper,9,3,4,Over
2,whisper,10,3,15,Over
2,whisper,11,3,3,Skip
2,whisper,12,4,3,Over
2,whisper,13,4,4,Over
2,whisper,14,4,15,Over
2,guard,6,7,POSSESSED
2,attackVote,3,11
2,attackVote,4,2
2,attackVote,15,7
2,attackVote,3,11
2,attackVote,4,2
2,attackVote,15,7
2,attack,7,false
3,status,1,VILLAGER,ALIVE,carlo
3,status,2,MEDIUM,ALIVE,m_cre
3,status,3,WEREWOLF,ALIVE,cndl
3,status,4,WEREWOLF,ALIVE,AITKN
3,status,5,VILLAGER,DEAD,aplain
3,status,6,BODYGUARD,ALIVE,takkyubu
3,status,7,POSSESSED,ALIVE,kasuka
3,status,8,VILLAGER,ALIVE,johnny
3,status,9,VILLAGER,DEAD,hibagon
3,status,10,VILLAGER,ALIVE,colun
3,status,11,VILLAGER,ALIVE,wasabi
3,status,12,VILLAGER,ALIVE,Udon
3,status,13,VILLAGER,ALIVE,JuN1Ro
3,status,14,SEER,ALIVE,cash
3,status,15,WEREWOLF,ALIVE,daisyo
3,talk,0,0,1,VOTE Agent[07]
3,talk,1,0,10,VOTE Agent[13]
3,talk,2,0,7,DIVINED Agent[10] HUMAN
3,talk,3,0,11,Skip
3,talk,4,0,15,VOTE Agent[12]
3,talk,5,0,4,VOTE Agent[05]
3,talk,6,0,2,IDENTIFIED Agent[05] HUMAN
3,talk,7,0,14,DIVINED Agent[03] WEREWOLF
3,talk,8,0,6,VOTE Agent[04]
3,talk,9,0,8,VOTE Agent[15]
3,talk,10,0,12,VOTE Agent[07]
3,talk,11,0,3,VOTE Agent[07]
3,talk,12,0,13,VOTE Agent[14]
3,talk,13,1,14,VOTE Agent[03]
3,talk,14,1,3,VOTE Agent[13]
3,talk,15,1,8,VOTE Agent[15]
3,talk,16,1,7,Skip
3,talk,17,1,6,DISAGREE TALK day1 ID:30
3,talk,18,1,12,VOTE Agent[03]
3,talk,19,1,4,Skip
3,talk,20,1,2,VOTE Agent[03]
3,talk,21,1,10,DISAGREE TALK day1 ID:30
3,talk,22,1,1,Skip
3,talk,23,1,11,Skip
3,talk,24,1,15,ESTIMATE Agent[12] VILLAGER
3,talk,25,1,13,VOTE Agent[07]
3,talk,26,2,4,Skip
3,talk,27,2,14,Skip
3,talk,28,2,11,Over
3,talk,29,2,15,Over
3,talk,30,2,7,Skip
3,talk,31,2,6,DISAGREE TALK day1 ID:135
3,talk,32,2,3,Skip
3,talk,33,2,12,Over
3,talk,34,2,1,Skip
3,talk,35,2,2,Skip
3,talk,36,2,8,Skip
3,talk,37,2,13,Over
3,talk,38,2,10,DISAGREE TALK day1 ID:135
3,talk,39,3,6,ESTIMATE Agent[03] WEREWOLF
3,talk,40,3,8,Skip
3,talk,41,3,2,Skip
3,talk,42,3,12,Over
3,talk,43,3,13,Over
3,talk,44,3,3,Skip
3,talk,45,3,15,ESTIMATE Agent[01] VILLAGER
3,talk,46,3,7,Over
3,talk,47,3,10,ESTIMATE Agent[03] WEREWOLF
3,talk,48,3,1,Over
3,talk,49,3,14,Skip
3,talk,50,3,11,VOTE Agent[03]
3,talk,51,3,4,Over
3,talk,52,4,7,Over
3,talk,53,4,8,VOTE Agent[15]
3,talk,54,4,3,Over
3,talk,55,4,12,Over
3,talk,56,4,15,ESTIMATE Agent[13] VILLAGER
3,talk,57,4,13,Over
3,talk,58,4,14,Over
3,talk,59,4,6,REQUEST(Agent[07] DIVINATION Agent[03])
3,talk,60,4,1,Over
3,talk,61,4,2,Over
3,talk,62,4,10,REQUEST(Agent[07] DIVINATION Agent[03])
3,talk,63,4,4,REQUEST(DIVINATION Agent[12])
3,talk,64,4,11,Over
3,talk,65,5,14,Over
3,talk,66,5,12,Over
3,talk,67,5,1,Over
3,talk,68,5,6,VOTE Agent[03]
3,talk,69,5,15,Over
3,talk,70,5,3,Over
3,talk,71,5,4,Skip
3,talk,72,5,2,Over
3,talk,73,5,10,VOTE Agent[03]
3,talk,74,5,8,Skip
3,talk,75,5,11,Over
3,talk,76,5,7,Over
3,talk,77,5,13,Over
3,talk,78,6,10,Skip
3,talk,79,6,15,Skip
3,talk,80,6,13,Over
3,talk,81,6,2,Over
3,talk,82,6,6,Skip
3,talk,83,6,8,Skip
3,talk,84,6,11,ESTIMATE Agent[15] VILLAGER
3,talk,85,6,3,Over
3,talk,86,6,12,Over
3,talk,87,6,1,Over
3,talk,88,6,14,VOTE Agent[02]
3,talk,89,6,7,Over
3,talk,90,6,4,Skip
3,talk,91,7,15,Skip
3,talk,92,7,2,Over
3,talk,93,7,3,Over
3,talk,94,7,7,Over
3,talk,95,7,14,Skip
3,talk,96,7,4,Over
3,talk,97,7,13,Over
3,talk,98,7,11,ESTIMATE Agent[03] WEREWOLF
3,talk,99,7,6,Skip
3,talk,100,7,12,Over
3,talk,101,7,10,Skip
3,talk,102,7,1,Over
3,talk,103,7,8,VOTE Agent[11]
3,talk,104,8,8,Skip
3,talk,105,8,4,Over
3,talk,106,8,3,Over
3,talk,107,8,12,Over
3,talk,108,8,6,Over
3,talk,109,8,15,Over
3,talk,110,8,13,Over
3,talk,111,8,14,Skip
3,talk,112,8,2,Over
3,talk,113,8,11,Over
3,talk,114,8,1,Over
3,talk,115,8,7,Over
3,talk,116,8,10,Over
3,talk,117,9,11,ESTIMATE Agent[12] VILLAGER
3,talk,118,9,8,Skip
3,talk,119,9,2,Over
3,talk,120,9,1,Over
3,talk,121,9,14,Over
3,talk,122,9,15,Over
3,talk,123,9,3,Over
3,talk,124,9,10,Over
3,talk,125,9,12,Over
3,talk,126,9,7,Over
3,talk,127,9,6,Over
3,talk,128,9,4,Over
3,talk,129,9,13,Over
3,talk,130,10,6,Over
3,talk,131,10,12,Over
3,talk,132,10,13,Over
3,talk,133,10,8,VOTE Agent[11]
3,talk,134,10,3,Over
3,talk,135,10,14,Over
3,talk,136,10,2,Over
3,talk,137,10,11,Over
3,talk,138,10,10,Over
3,talk,139,10,15,Over
3,talk,140,10,1,Over
3,talk,141,10,7,Over
3,talk,142,10,4,Over
3,talk,143,11,1,Over
3,talk,144,11,10,Over
3,talk,145,11,12,Over
3,talk,146,11,3,Over
3,talk,147,11,8,Skip
3,talk,148,11,13,Over
3,talk,149,11,7,Over
3,talk,150,11,2,Over
3,talk,151,11,11,Over
3,talk,152,11,15,Over
3,talk,153,11,14,Over
3,talk,154,11,4,Over
3,talk,155,11,6,Over
3,talk,156,12,15,Over
3,talk,157,12,10,Over
3,talk,158,12,13,Over
3,talk,159,12,14,Over
3,talk,160,12,8,Skip
3,talk,161,12,2,Over
3,talk,162,12,11,Over
3,talk,163,12,7,Over
3,talk,164,12,12,Over
3,talk,165,12,4,Over
3,talk,166,12,3,Over
3,talk,167,12,6,Over
3,talk,168,12,1,Over
3,talk,169,13,3,Over
3,talk,170,13,11,Over
3,talk,171,13,7,Over
3,talk,172,13,2,Over
3,talk,173,13,6,Over
3,talk,174,13,12,Over
3,talk,175,13,13,Over
3,talk,176,13,15,Over
3,talk,177,13,8,VOTE Agent[11]
3,talk,178,13,1,Over
3,talk,179,13,10,Over
3,talk,180,13,14,Over
3,talk,181,13,4,Over
3,talk,182,14,13,Over
3,talk,183,14,12,Over
3,talk,184,14,7,Over
3,talk,185,14,11,Over
3,talk,186,14,8,Skip
3,talk,187,14,14,Over
3,talk,188,14,1,Over
3,talk,189,14,15,Over
3,talk,190,14,2,Over
3,talk,191,14,6,Over
3,talk,192,14,10,Over
3,talk,193,14,4,Over
3,talk,194,14,3,Over
3,talk,195,15,14,Over
3,talk,196,15,7,Over
3,talk,197,15,2,Over
3,talk,198,15,11,Over
3,talk,199,15,12,Over
3,talk,200,15,8,Skip
3,talk,201,15,10,Over
3,talk,202,15,4,Over
3,talk,203,15,15,Over
3,talk,204,15,3,Over
3,talk,205,15,6,Over
3,talk,206,15,13,Over
3,talk,207,15,1,Over
3,talk,208,16,14,Over
3,talk,209,16,1,Over
3,talk,210,16,8,VOTE Agent[11]
3,talk,211,16,3,Over
3,talk,212,16,10,Over
3,talk,213,16,7,Over
3,talk,214,16,15,Over
3,talk,215,16,4,Over
3,talk,216,16,6,Over
3,talk,217,16,13,Over
3,talk,218,16,2,Over
3,talk,219,16,11,Over
3,talk,220,16,12,Over
3,talk,221,17,13,Over
3,talk,222,17,12,Over
3,talk,223,17,1,Over
3,talk,224,17,15,Over
3,talk,225,17,8,Skip
3,talk,226,17,2,Over
3,talk,227,17,11,Over
3,talk,228,17,10,Over
3,talk,229,17,4,Over
3,talk,230,17,14,Over
3,talk,231,17,3,Over
3,talk,232,17,6,Over
3,talk,233,17,7,Over
3,talk,234,18,14,Over
3,talk,235,18,2,Over
3,talk,236,18,4,Over
3,talk,237,18,10,Over
3,talk,238,18,1,Over
3,talk,239,18,7,Over
3,talk,240,18,11,Over
3,talk,241,18,6,Over
3,talk,242,18,13,Over
3,talk,243,18,15,Over
3,talk,244,18,12,Over
3,talk,245,18,8,Skip
3,talk,246,18,3,Over
3,talk,247,19,12,Over
3,talk,248,19,3,Over
3,talk,249,19,7,Over
3,talk,250,19,2,Over
3,talk,251,19,14,Over
3,talk,252,19,6,Over
3,talk,253,19,13,Over
3,talk,254,19,4,Over
3,talk,255,19,10,Over
3,talk,256,19,11,ESTIMATE Agent[03] WEREWOLF
3,talk,257,19,15,Over
3,talk,258,19,8,VOTE Agent[11]
3,talk,259,19,1,Over
3,vote,1,7
3,vote,2,3
3,vote,3,13
3,vote,4,7
3,vote,6,3
3,vote,7,15
3,vote,8,11
3,vote,10,3
3,vote,11,3
3,vote,12,3
3,vote,13,7
3,vote,14,2
3,vote,15,12
3,execute,3,WEREWOLF
3,divine,14,2,HUMAN
3,whisper,0,0,4,Skip
3,whisper,1,0,15,ATTACK Agent[07]
3,whisper,2,1,15,Over
3,whisper,3,1,4,Skip
3,whisper,4,2,15,Over
3,whisper,5,2,4,Over
3,guard,6,7,POSSESSED
3,attackVote,4,2
3,attackVote,15,7
3,attackVote,4,2
3,attackVote,15,7
3,attack,7,false
4,status,1,VILLAGER,ALIVE,carlo
4,status,2,MEDIUM,ALIVE,m_cre
4,status,3,WEREWOLF,DEAD,cndl
4,status,4,WEREWOLF,ALIVE,AITKN
4,status,5,VILLAGER,DEAD,aplain
4,status,6,BODYGUARD,ALIVE,takkyubu
4,status,7,POSSESSED,ALIVE,kasuka
4,status,8,VILLAGER,ALIVE,johnny
4,status,9,VILLAGER,DEAD,hibagon
4,status,10,VILLAGER,ALIVE,colun
4,status,11,VILLAGER,ALIVE,wasabi
4,status,12,VILLAGER,ALIVE,Udon
4,status,13,VILLAGER,ALIVE,JuN1Ro
4,status,14,SEER,ALIVE,cash
4,status,15,WEREWOLF,ALIVE,daisyo
4,talk,0,0,4,VOTE Agent[05]
4,talk,1,0,1,ESTIMATE Agent[02] MEDIUM
4,talk,2,0,11,VOTE Agent[02]
4,talk,3,0,14,DIVINED Agent[02] HUMAN
4,talk,4,0,7,DIVINED Agent[06] HUMAN
4,talk,5,0,6,VOTE Agent[07]
4,talk,6,0,2,IDENTIFIED Agent[03] WEREWOLF
4,talk,7,0,10,VOTE Agent[11]
4,talk,8,0,13,VOTE Agent[07]
4,talk,9,0,12,VOTE Agent[07]
4,talk,10,0,8,VOTE Agent[11]
4,talk,11,0,15,VOTE Agent[12]
4,talk,12,1,13,VOTE Agent[14]
4,talk,13,1,4,Skip
4,talk,14,1,2,VOTE Agent[07]
4,talk,15,1,12,Over
4,talk,16,1,15,ESTIMATE Agent[12] VILLAGER
4,talk,17,1,1,ESTIMATE Agent[14] SEER
4,talk,18,1,8,VOTE Agent[15]
4,talk,19,1,14,VOTE Agent[06]
4,talk,20,1,10,Skip
4,talk,21,1,11,Skip
4,talk,22,1,6,Skip
4,talk,23,1,7,Skip
4,talk,24,2,2,Skip
4,talk,25,2,13,ESTIMATE Agent[14] WEREWOLF
4,talk,26,2,7,Skip
4,talk,27,2,8,Skip
4,talk,28,2,10,Skip
4,talk,29,2,12,Over
4,talk,30,2,11,Skip
4,talk,31,2,1,VOTE Agent[03]
4,talk,32,2,14,Skip
4,talk,33,2,4,Skip
4,talk,34,2,6,Skip
4,talk,35,2,15,ESTIMATE Agent[01] VILLAGER
4,talk,36,3,13,Over
4,talk,37,3,4,Over
4,talk,38,3,6,Over
4,talk,39,3,7,Over
4,talk,40,3,12,Over
4,talk,41,3,1,Skip
4,talk,42,3,14,VOTE Agent[13]
4,talk,43,3,15,ESTIMATE Agent[13] VILLAGER
4,talk,44,3,11,Over
4,talk,45,3,2,Skip
4,talk,46,3,8,Skip
4,talk,47,3,10,Over
4,talk,48,4,12,Over
4,talk,49,4,6,Over
4,talk,50,4,15,Over
4,talk,51,4,10,Over
4,talk,52,4,8,VOTE Agent[15]
4,talk,53,4,2,Over
4,talk,54,4,7,Over
4,talk,55,4,11,Over
4,talk,56,4,13,ESTIMATE Agent[14] VILLAGER
4,talk,57,4,14,Skip
4,talk,58,4,1,Skip
4,talk,59,4,4,REQUEST(DIVINATION Agent[01])
4,talk,60,5,14,Skip
4,talk,61,5,12,Over
4,talk,62,5,8,Skip
4,talk,63,5,4,Skip
4,talk,64,5,11,Over
4,talk,65,5,7,Over
4,talk,66,5,15,Over
4,talk,67,5,2,Over
4,talk,68,5,13,Over
4,talk,69,5,1,Over
4,talk,70,5,10,Over
4,talk,71,5,6,Over
4,talk,72,6,15,Skip
4,talk,73,6,13,Over
4,talk,74,6,4,Skip
4,talk,75,6,11,Over
4,talk,76,6,2,Over
4,talk,77,6,1,Over
4,talk,78,6,14,Over
4,talk,79,6,8,Skip
4,talk,80,6,10,Over
4,talk,81,6,12,Over
4,talk,82,6,6,Over
4,talk,83,6,7,Over
4,talk,84,7,6,Over
4,talk,85,7,4,Over
4,talk,86,7,12,Over
4,talk,87,7,2,Over
4,talk,88,7,13,Over
4,talk,89,7,11,ESTIMATE Agent[02] WEREWOLF
4,talk,90,7,1,Over
4,talk,91,7,8,VOTE Agent[15]
4,talk,92,7,15,Over
4,talk,93,7,7,Over
4,talk,94,7,10,Over
4,talk,95,7,14,Over
4,talk,96,8,8,Skip
4,talk,97,8,2,Over
4,talk,98,8,6,Over
4,talk,99,8,13,Over
4,talk,100,8,1,Over
4,talk,101,8,11,Over
4,talk,102,8,15,Over
4,talk,103,8,7,Over
4,talk,104,8,14,Over
4,talk,105,8,4,Over
4,talk,106,8,10,Over
4,talk,107,8,12,Over
4,talk,108,9,15,Skip
4,talk,109,9,8,Skip
4,talk,110,9,1,Over
4,talk,111,9,12,Over
4,talk,112,9,14,Over
4,talk,113,9,4,Over
4,talk,114,9,10,Over
4,talk,115,9,13,Over
4,talk,116,9,11,Over
4,talk,117,9,6,Over
4,talk,118,9,7,Over
4,talk,119,9,2,Over
4,talk,120,10,13,Over
4,talk,121,10,15,Over
4,talk,122,10,8,VOTE Agent[15]
4,talk,123,10,10,Over
4,talk,124,10,2,Over
4,talk,125,10,12,Over
4,talk,126,10,4,Over
4,talk,127,10,11,ESTIMATE Agent[13] VILLAGER
4,talk,128,10,7,Over
4,talk,129,10,1,Over
4,talk,130,10,6,Over
4,talk,131,10,14,Over
4,talk,132,11,1,Over
4,talk,133,11,8,Skip
4,talk,134,11,12,Over
4,talk,135,11,14,Over
4,talk,136,11,11,Over
4,talk,137,11,7,Over
4,talk,138,11,6,Over
4,talk,139,11,13,Over
4,talk,140,11,4,Over
4,talk,141,11,2,Over
4,talk,142,11,10,Over
4,talk,143,11,15,Over
4,talk,144,12,15,Over
4,talk,145,12,14,Over
4,talk,146,12,4,Over
4,talk,147,12,12,Over
4,talk,148,12,8,Skip
4,talk,149,12,7,Over
4,talk,150,12,13,Over
4,talk,151,12,11,Over
4,talk,152,12,10,Over
4,talk,153,12,6,Over
4,talk,154,12,2,Over
4,talk,155,12,1,Over
4,talk,156,13,11,Over
4,talk,157,13,1,Over
4,talk,158,13,15,Over
4,talk,159,13,14,Over
4,talk,160,13,12,Over
4,talk,161,13,4,Over
4,talk,162,13,13,Over
4,talk,163,13,6,Over
4,talk,164,13,8,VOTE Agent[15]
4,talk,165,13,10,Over
4,talk,166,13,2,Over
4,talk,167,13,7,Over
4,talk,168,14,7,Over
4,talk,169,14,2,Over
4,talk,170,14,8,Skip
4,talk,171,14,13,Over
4,talk,172,14,11,Over
4,talk,173,14,1,Over
4,talk,174,14,4,Over
4,talk,175,14,10,Over
4,talk,176,14,14,Over
4,talk,177,14,12,Over
4,talk,178,14,15,Over
4,talk,179,14,6,Over
4,talk,180,15,2,Over
4,talk,181,15,7,Over
4,talk,182,15,10,Over
4,talk,183,15,6,Over
4,talk,184,15,4,Over
4,talk,185,15,1,Over
4,talk,186,15,8,Skip
4,talk,187,15,15,Over
4,talk,188,15,11,Over
4,talk,189,15,14,Over
4,talk,190,15,13,Over
4,talk,191,15,12,Over
4,talk,192,16,12,Over
4,talk,193,16,1,Over
4,talk,194,16,15,Over
4,talk,195,16,6,Over
4,talk,196,16,11,ESTIMATE Agent[10] VILLAGER
4,talk,197,16,14,Over
4,talk,198,16,4,Over
4,talk,199,16,2,Over
4,talk,200,16,10,Over
4,talk,201,16,7,Over
4,talk,202,16,13,Over
4,talk,203,16,8,VOTE Agent[15]
4,talk,204,17,14,Over
4,talk,205,17,6,Over
4,talk,206,17,2,Over
4,talk,207,17,8,Skip
4,talk,208,17,13,Over
4,talk,209,17,12,Over
4,talk,210,17,1,Over
4,talk,211,17,10,Over
4,talk,212,17,15,Over
4,talk,213,17,11,Over
4,talk,214,17,7,Over
4,talk,215,17,4,Over
4,talk,216,18,2,Over
4,talk,217,18,7,Over
4,talk,218,18,11,Over
4,talk,219,18,12,Over
4,talk,220,18,6,Over
4,talk,221,18,8,Skip
4,talk,222,18,14,Over
4,talk,223,18,13,Over
4,talk,224,18,1,Over
4,talk,225,18,10,Over
4,talk,226,18,15,Over
4,talk,227,18,4,Over
4,talk,228,19,10,Over
4,talk,229,19,14,Over
4,talk,230,19,11,VOTE Agent[01]
4,talk,231,19,12,Over
4,talk,232,19,4,Over
4,talk,233,19,15,Over
4,talk,234,19,1,Over
4,talk,235,19,13,Over
4,talk,236,19,7,Over
4,talk,237,19,6,Over
4,talk,238,19,8,VOTE Agent[15]
4,talk,239,19,2,Over
4,vote,1,12
4,vote,2,7
4,vote,4,14
4,vote,6,7
4,vote,7,1
4,vote,8,15
4,vote,10,11
4,vote,11,1
4,vote,12,7
4,vote,13,14
4,vote,14,6
4,vote,15,12
4,execute,7,POSSESSED
4,divine,14,8,HUMAN
4,whisper,0,0,4,Skip
4,whisper,1,0,15,ATTACK Agent[08]
4,whisper,2,1,4,Skip
4,whisper,3,1,15,Over
4,whisper,4,2,15,Over
4,whisper,5,2,4,Over
4,guard,6,7,POSSESSED
4,attackVote,4,2
4,attackVote,15,8
4,attackVote,4,2
4,attackVote,15,8
4,attack,2,true
5,status,1,VILLAGER,ALIVE,carlo
5,status,2,MEDIUM,DEAD,m_cre
5,status,3,WEREWOLF,DEAD,cndl
5,status,4,WEREWOLF,ALIVE,AITKN
5,status,5,VILLAGER,DEAD,aplain
5,status,6,BODYGUARD,ALIVE,takkyubu
5,status,7,POSSESSED,DEAD,kasuka
5,status,8,VILLAGER,ALIVE,johnny
5,status,9,VILLAGER,DEAD,hibagon
5,status,10,VILLAGER,ALIVE,colun
5,status,11,VILLAGER,ALIVE,wasabi
5,status,12,VILLAGER,ALIVE,Udon
5,status,13,VILLAGER,ALIVE,JuN1Ro
5,status,14,SEER,ALIVE,cash
5,status,15,WEREWOLF,ALIVE,daisyo
5,talk,0,0,1,VOTE Agent[03]
5,talk,1,0,15,VOTE Agent[12]
5,talk,2,0,11,Skip
5,talk,3,0,6,AGREE TALK day1 ID:42
5,talk,4,0,14,DIVINED Agent[08] HUMAN
5,talk,5,0,12,VOTE Agent[08]
5,talk,6,0,10,AGREE TALK day1 ID:42
5,talk,7,0,8,VOTE Agent[15]
5,talk,8,0,13,VOTE Agent[14]
5,talk,9,0,4,VOTE Agent[05]
5,talk,10,1,11,VOTE Agent[01]
5,talk,11,1,8,Skip
5,talk,12,1,6,AGREE TALK day1 ID:44
5,talk,13,1,14,VOTE Agent[13]
5,talk,14,1,1,Skip
5,talk,15,1,4,Skip
5,talk,16,1,10,AGREE TALK day1 ID:44
5,talk,17,1,15,Skip
5,talk,18,1,13,Over
5,talk,19,1,12,VOTE Agent[15]
5,talk,20,2,1,Skip
5,talk,21,2,14,Skip
5,talk,22,2,15,Skip
5,talk,23,2,12,Over
5,talk,24,2,6,DISAGREE TALK day2 ID:149
5,talk,25,2,13,Over
5,talk,26,2,8,VOTE Agent[11]
5,talk,27,2,11,Skip
5,talk,28,2,4,Skip
5,talk,29,2,10,DISAGREE TALK day2 ID:149
5,talk,30,3,10,AGREE TALK day4 ID:17
5,talk,31,3,12,Over
5,talk,32,3,11,Skip
5,talk,33,3,14,Skip
5,talk,34,3,6,AGREE TALK day4 ID:17
5,talk,35,3,1,Over
5,talk,36,3,8,Skip
5,talk,37,3,4,Over
5,talk,38,3,15,Over
5,talk,39,3,13,Over
5,talk,40,4,11,Over
5,talk,41,4,12,Over
5,talk,42,4,14,Over
5,talk,43,4,6,DISAGREE TALK day4 ID:25
5,talk,44,4,1,Over
5,talk,45,4,10,DISAGREE TALK day4 ID:25
5,talk,46,4,15,ESTIMATE Agent[12] VILLAGER
5,talk,47,4,13,Over
5,talk,48,4,8,Skip
5,talk,49,4,4,REQUEST(DIVINATION Agent[15])
5,talk,50,5,12,Over
5,talk,51,5,6,DISAGREE TALK day4 ID:56
5,talk,52,5,13,Over
5,talk,53,5,10,DISAGREE TALK day4 ID:56
5,talk,54,5,15,Skip
5,talk,55,5,11,Over
5,talk,56,5,1,Over
5,talk,57,5,4,Skip
5,talk,58,5,14,Over
5,talk,59,5,8,VOTE Agent[11]
5,talk,60,6,15,Over
5,talk,61,6,11,Over
5,talk,62,6,10,ESTIMATE Agent[14] SEER
5,talk,63,6,4,Skip
5,talk,64,6,1,Over
5,talk,65,6,6,ESTIMATE Agent[14] SEER
5,talk,66,6,8,Skip
5,talk,67,6,14,Over
5,talk,68,6,13,Over
5,talk,69,6,12,Over
5,talk,70,7,8,Skip
5,talk,71,7,1,Over
5,talk,72,7,14,Over
5,talk,73,7,6,VOTE Agent[10]
5,talk,74,7,15,Skip
5,talk,75,7,13,Over
5,talk,76,7,10,VOTE Agent[01]
5,talk,77,7,4,Over
5,talk,78,7,11,Over
5,talk,79,7,12,Over
5,talk,80,8,8,VOTE Agent[11]
5,talk,81,8,11,ESTIMATE Agent[06] VILLAGER
5,talk,82,8,13,Over
5,talk,83,8,15,Over
5,talk,84,8,14,VOTE Agent[06]
5,talk,85,8,6,Skip
5,talk,86,8,12,Over
5,talk,87,8,1,Over
5,talk,88,8,4,Over
5,talk,89,8,10,Skip
5,talk,90,9,4,Over
5,talk,91,9,13,Over
5,talk,92,9,15,ESTIMATE Agent[01] VILLAGER
5,talk,93,9,8,Skip
5,talk,94,9,14,Skip
5,talk,95,9,6,Skip
5,talk,96,9,12,Over
5,talk,97,9,11,Over
5,talk,98,9,1,Over
5,talk,99,9,10,Skip
5,talk,100,10,14,Over
5,talk,101,10,11,Over
5,talk,102,10,4,Over
5,talk,103,10,8,Skip
5,talk,104,10,13,Over
5,talk,105,10,15,Over
5,talk,106,10,6,Over
5,talk,107,10,10,Over
5,talk,108,10,12,Over
5,talk,109,10,1,Over
5,talk,110,11,14,Over
5,talk,111,11,1,Over
5,talk,112,11,12,Over
5,talk,113,11,8,VOTE Agent[11]
5,talk,114,11,11,ESTIMATE Agent[04] WEREWOLF
5,talk,115,11,13,Over
5,talk,116,11,15,Over
5,talk,117,11,4,Over
5,talk,118,11,6,Over
5,talk,119,11,10,Over
5,talk,120,12,1,Over
5,talk,121,12,10,Over
5,talk,122,12,13,Over
5,talk,123,12,14,Over
5,talk,124,12,15,Over
5,talk,125,12,11,Over
5,talk,126,12,8,VOTE Agent[04]
5,talk,127,12,12,Over
5,talk,128,12,6,Over
5,talk,129,12,4,Over
5,talk,130,13,8,Skip
5,talk,131,13,12,Over
5,talk,132,13,10,Over
5,talk,133,13,15,Over
5,talk,134,13,4,Over
5,talk,135,13,11,Over
5,talk,136,13,14,Over
5,talk,137,13,13,Over
5,talk,138,13,6,Over
5,talk,139,13,1,Over
5,talk,140,14,8,Skip
5,talk,141,14,13,Over
5,talk,142,14,15,Over
5,talk,143,14,1,Over
5,talk,144,14,10,Over
5,talk,145,14,11,Over
5,talk,146,14,6,Over
5,talk,147,14,12,Over
5,talk,148,14,14,Over
5,talk,149,14,4,Over
5,talk,150,15,14,Over
5,talk,151,15,8,VOTE Agent[04]
5,talk,152,15,15,Over
5,talk,153,15,1,Over
5,talk,154,15,13,Over
5,talk,155,15,4,Over
5,talk,156,15,6,Over
5,talk,157,15,11,ESTIMATE Agent[13] VILLAGER
5,talk,158,15,12,Over
5,talk,159,15,10,Over
5,talk,160,16,1,Over
5,talk,161,16,12,Over
5,talk,162,16,14,Over
5,talk,163,16,4,Over
5,talk,164,16,13,Over
5,talk,165,16,6,Over
5,talk,166,16,10,Over
5,talk,167,16,15,Over
5,talk,168,16,8,Skip
5,talk,169,16,11,ESTIMATE Agent[06] VILLAGER
5,talk,170,17,13,Over
5,talk,171,17,12,Over
5,talk,172,17,14,Over
5,talk,173,17,4,Over
5,talk,174,17,11,Over
5,talk,175,17,6,Over
5,talk,176,17,1,Over
5,talk,177,17,10,Over
5,talk,178,17,15,Over
5,talk,179,17,8,Skip
5,talk,180,18,15,Over
5,talk,181,18,10,Over
5,talk,182,18,12,Over
5,talk,183,18,1,Over
5,talk,184,18,6,Over
5,talk,185,18,4,Over
5,talk,186,18,13,Over
5,talk,187,18,14,Over
5,talk,188,18,11,Over
5,talk,189,18,8,VOTE Agent[04]
5,talk,190,19,15,Over
5,talk,191,19,6,Over
5,talk,192,19,11,ESTIMATE Agent[13] VILLAGER
5,talk,193,19,12,Over
5,talk,194,19,10,Over
5,talk,195,19,4,Over
5,talk,196,19,8,Skip
5,talk,197,19,14,Over
5,talk,198,19,1,Over
5,talk,199,19,13,Over
5,vote,1,4
5,vote,4,8
5,vote,6,10
5,vote,8,4
5,vote,10,1
5,vote,11,1
5,vote,12,15
5,vote,13,14
5,vote,14,6
5,vote,15,12
5,vote,1,8
5,vote,4,15
5,vote,6,4
5,vote,8,4
5,vote,10,1
5,vote,11,1
5,vote,12,15
5,vote,13,14
5,vote,14,6
5,vote,15,12
5,execute,4,WEREWOLF
5,divine,14,1,HUMAN
5,guard,6,14,SEER
5,attackVote,15,8
5,attack,8,true
6,status,1,VILLAGER,ALIVE,carlo
6,status,2,MEDIUM,DEAD,m_cre
6,status,3,WEREWOLF,DEAD,cndl
6,status,4,WEREWOLF,DEAD,AITKN
6,status,5,VILLAGER,DEAD,aplain
6,status,6,BODYGUARD,ALIVE,takkyubu
6,status,7,POSSESSED,DEAD,kasuka
6,status,8,VILLAGER,DEAD,johnny
6,status,9,VILLAGER,DEAD,hibagon
6,status,10,VILLAGER,ALIVE,colun
6,status,11,VILLAGER,ALIVE,wasabi
6,status,12,VILLAGER,ALIVE,Udon
6,status,13,VILLAGER,ALIVE,JuN1Ro
6,status,14,SEER,ALIVE,cash
6,status,15,WEREWOLF,ALIVE,daisyo
6,talk,0,0,11,Skip
6,talk,1,0,10,VOTE Agent[01]
6,talk,2,0,1,VOTE Agent[03]
6,talk,3,0,15,VOTE Agent[12]
6,talk,4,0,13,VOTE Agent[14]
6,talk,5,0,12,VOTE Agent[15]
6,talk,6,0,6,VOTE Agent[01]
6,talk,7,0,14,DIVINED Agent[01] HUMAN
6,talk,8,1,12,Over
6,talk,9,1,11,Skip
6,talk,10,1,1,Skip
6,talk,11,1,10,Skip
6,talk,12,1,6,Skip
6,talk,13,1,14,VOTE Agent[01]
6,talk,14,1,15,ESTIMATE Agent[12] VILLAGER
6,talk,15,1,13,Over
6,talk,16,2,11,Over
6,talk,17,2,12,Over
6,talk,18,2,14,Skip
6,talk,19,2,6,Skip
6,talk,20,2,10,Skip
6,talk,21,2,1,Skip
6,talk,22,2,15,Skip
6,talk,23,2,13,Over
6,talk,24,3,10,Over
6,talk,25,3,13,Over
6,talk,26,3,6,Over
6,talk,27,3,14,Skip
6,talk,28,3,12,Over
6,talk,29,3,11,VOTE Agent[12]
6,talk,30,3,1,Over
6,talk,31,3,15,Skip
6,talk,32,4,15,Over
6,talk,33,4,14,Over
6,talk,34,4,13,Over
6,talk,35,4,6,Over
6,talk,36,4,12,Over
6,talk,37,4,10,Over
6,talk,38,4,1,Over
6,talk,39,4,11,Over
6,vote,1,11
6,vote,6,1
6,vote,10,1
6,vote,11,12
6,vote,12,15
6,vote,13,14
6,vote,14,1
6,vote,15,12
6,execute,1,VILLAGER
6,divine,14,11,HUMAN
6,guard,6,14,SEER
6,attackVote,15,14
6,attack,14,false
7,status,1,VILLAGER,DEAD,carlo
7,status,2,MEDIUM,DEAD,m_cre
7,status,3,WEREWOLF,DEAD,cndl
7,status,4,WEREWOLF,DEAD,AITKN
7,status,5,VILLAGER,DEAD,aplain
7,status,6,BODYGUARD,ALIVE,takkyubu
7,status,7,POSSESSED,DEAD,kasuka
7,status,8,VILLAGER,DEAD,johnny
7,status,9,VILLAGER,DEAD,hibagon
7,status,10,VILLAGER,ALIVE,colun
7,status,11,VILLAGER,ALIVE,wasabi
7,status,12,VILLAGER,ALIVE,Udon
7,status,13,VILLAGER,ALIVE,JuN1Ro
7,status,14,SEER,ALIVE,cash
7,status,15,WEREWOLF,ALIVE,daisyo
7,talk,0,0,15,VOTE Agent[12]
7,talk,1,0,11,Skip
7,talk,2,0,10,VOTE Agent[14]
7,talk,3,0,14,DIVINED Agent[11] HUMAN
7,talk,4,0,6,VOTE Agent[11]
7,talk,5,0,13,VOTE Agent[14]
7,talk,6,0,12,VOTE Agent[15]
7,talk,7,1,6,Skip
7,talk,8,1,14,VOTE Agent[11]
7,talk,9,1,11,Skip
7,talk,10,1,12,Over
7,talk,11,1,10,Skip
7,talk,12,1,15,Skip
7,talk,13,1,13,Over
7,talk,14,2,14,Skip
7,talk,15,2,6,Skip
7,talk,16,2,15,ESTIMATE Agent[12] VILLAGER
7,talk,17,2,10,Skip
7,talk,18,2,13,ESTIMATE Agent[14] WEREWOLF
7,talk,19,2,11,Over
7,talk,20,2,12,Over
7,talk,21,3,11,VOTE Agent[12]
7,talk,22,3,13,Over
7,talk,23,3,14,Skip
7,talk,24,3,6,Over
7,talk,25,3,15,Over
7,talk,26,3,12,Over
7,talk,27,3,10,Over
7,talk,28,4,10,Over
7,talk,29,4,12,Over
7,talk,30,4,11,Over
7,talk,31,4,13,Over
7,talk,32,4,6,Over
7,talk,33,4,15,Over
7,talk,34,4,14,Over
7,vote,6,11
7,vote,10,14
7,vote,11,12
7,vote,12,15
7,vote,13,14
7,vote,14,11
7,vote,15,12
7,vote,6,11
7,vote,10,14
7,vote,11,12
7,vote,12,15
7,vote,13,14
7,vote,14,11
7,vote,15,12
7,execute,14,SEER
7,guard,6,14,SEER
7,attackVote,15,11
7,attack,11,true
8,status,1,VILLAGER,DEAD,carlo
8,status,2,MEDIUM,DEAD,m_cre
8,status,3,WEREWOLF,DEAD,cndl
8,status,4,WEREWOLF,DEAD,AITKN
8,status,5,VILLAGER,DEAD,aplain
8,status,6,BODYGUARD,ALIVE,takkyubu
8,status,7,POSSESSED,DEAD,kasuka
8,status,8,VILLAGER,DEAD,johnny
8,status,9,VILLAGER,DEAD,hibagon
8,status,10,VILLAGER,ALIVE,colun
8,status,11,VILLAGER,DEAD,wasabi
8,status,12,VILLAGER,ALIVE,Udon
8,status,13,VILLAGER,ALIVE,JuN1Ro
8,status,14,SEER,DEAD,cash
8,status,15,WEREWOLF,ALIVE,daisyo
8,talk,0,0,10,VOTE Agent[12]
8,talk,1,0,12,VOTE Agent[15]
8,talk,2,0,15,VOTE Agent[12]
8,talk,3,0,13,VOTE Agent[07]
8,talk,4,0,6,VOTE Agent[15]
8,talk,5,1,13,Over
8,talk,6,1,10,Skip
8,talk,7,1,15,Skip
8,talk,8,1,6,Skip
8,talk,9,1,12,Over
8,talk,10,2,10,Skip
8,talk,11,2,12,Over
8,talk,12,2,13,Over
8,talk,13,2,15,ESTIMATE Agent[12] VILLAGER
8,talk,14,2,6,Skip
8,talk,15,3,12,Over
8,talk,16,3,13,ESTIMATE Agent[15] VILLAGER
8,talk,17,3,15,Skip
8,talk,18,3,6,Over
8,talk,19,3,10,Over
8,talk,20,4,10,Over
8,talk,21,4,15,Over
8,talk,22,4,13,Over
8,talk,23,4,12,Over
8,talk,24,4,6,Over
8,vote,6,15
8,vote,10,12
8,vote,12,15
8,vote,13,6
8,vote,15,12
8,vote,6,15
8,vote,10,12
8,vote,12,15
8,vote,13,12
8,vote,15,12
8,execute,12,VILLAGER
8,guard,6,10,VILLAGER
8,attackVote,15,6
8,attack,6,true
9,status,1,VILLAGER,DEAD,carlo
9,status,2,MEDIUM,DEAD,m_cre
9,status,3,WEREWOLF,DEAD,cndl
9,status,4,WEREWOLF,DEAD,AITKN
9,status,5,VILLAGER,DEAD,aplain
9,status,6,BODYGUARD,DEAD,takkyubu
9,status,7,POSSESSED,DEAD,kasuka
9,status,8,VILLAGER,DEAD,johnny
9,status,9,VILLAGER,DEAD,hibagon
9,status,10,VILLAGER,ALIVE,colun
9,status,11,VILLAGER,DEAD,wasabi
9,status,12,VILLAGER,DEAD,Udon
9,status,13,VILLAGER,ALIVE,JuN1Ro
9,status,14,SEER,DEAD,cash
9,status,15,WEREWOLF,ALIVE,daisyo
9,talk,0,0,10,VOTE Agent[15]
9,talk,1,0,15,VOTE Agent[13]
9,talk,2,0,13,VOTE Agent[07]
9,talk,3,1,13,Over
9,talk,4,1,10,Skip
9,talk,5,1,15,ESTIMATE Agent[13] VILLAGER
9,talk,6,2,15,Skip
9,talk,7,2,10,Skip
9,talk,8,2,13,Over
9,talk,9,3,10,Over
9,talk,10,3,15,ESTIMATE Agent[15] VILLAGER
9,talk,11,3,13,Over
9,talk,12,4,13,ESTIMATE Agent[15] WEREWOLF
9,talk,13,4,15,Over
9,talk,14,4,10,Over
9,talk,15,5,15,Skip
9,talk,16,5,10,Over
9,talk,17,5,13,Over
9,talk,18,6,10,Over
9,talk,19,6,15,Skip
9,talk,20,6,13,Over
9,talk,21,7,15,Over
9,talk,22,7,10,Over
9,talk,23,7,13,Over
9,vote,10,15
9,vote,13,15
9,vote,15,13
9,execute,15,WEREWOLF
10,status,1,VILLAGER,DEAD,carlo
10,status,2,MEDIUM,DEAD,m_cre
10,status,3,WEREWOLF,DEAD,cndl
10,status,4,WEREWOLF,DEAD,AITKN
10,status,5,VILLAGER,DEAD,aplain
10,status,6,BODYGUARD,DEAD,takkyubu
10,status,7,POSSESSED,DEAD,kasuka
10,status,8,VILLAGER,DEAD,johnny
10,status,9,VILLAGER,DEAD,hibagon
10,status,10,VILLAGER,ALIVE,colun
10,status,11,VILLAGER,DEAD,wasabi
10,status,12,VILLAGER,DEAD,Udon
10,status,13,VILLAGER,ALIVE,JuN1Ro
10,status,14,SEER,DEAD,cash
10,status,15,WEREWOLF,DEAD,daisyo
10,result,2,0,VILLAGER
