0,status,1,VILLAGER,ALIVE,carlo
0,status,2,VILLAGER,ALIVE,m_cre
0,status,3,VILLAGER,ALIVE,cndl
0,status,4,POSSESSED,ALIVE,AITKN
0,status,5,VILLAGER,ALIVE,aplain
0,status,6,WEREWOLF,ALIVE,takkyubu
0,status,7,WEREWOLF,ALIVE,kasuka
0,status,8,VILLAGER,ALIVE,johnny
0,status,9,VILLAGER,ALIVE,hibagon
0,status,10,MEDIUM,ALIVE,colun
0,status,11,VILLAGER,ALIVE,wasabi
0,status,12,BODYGUARD,ALIVE,Udon
0,status,13,SEER,ALIVE,JuN1Ro
0,status,14,WEREWOLF,ALIVE,cash
0,status,15,VILLAGER,ALIVE,daisyo
0,whisper,0,0,6,COMINGOUT Agent[06] MEDIUM
0,whisper,1,0,7,COMINGOUT Agent[07] SEER
0,whisper,2,0,14,COMINGOUT Agent[14] VILLAGER
0,whisper,3,1,6,Skip
0,whisper,4,1,7,Skip
0,whisper,5,1,14,Skip
0,whisper,6,2,14,Skip
0,whisper,7,2,6,Skip
0,whisper,8,2,7,Skip
0,whisper,9,3,14,Over
0,whisper,10,3,6,Over
0,whisper,11,3,7,Over
0,divine,13,10,HUMAN
1,status,1,VILLAGER,ALIVE,carlo
1,status,2,VILLAGER,ALIVE,m_cre
1,status,3,VILLAGER,ALIVE,cndl
1,status,4,POSSESSED,ALIVE,AITKN
1,status,5,VILLAGER,ALIVE,aplain
1,status,6,WEREWOLF,ALIVE,takkyubu
1,status,7,WEREWOLF,ALIVE,kasuka
1,status,8,VILLAGER,ALIVE,johnny
1,status,9,VILLAGER,ALIVE,hibagon
1,status,10,MEDIUM,ALIVE,colun
1,status,11,VILLAGER,ALIVE,wasabi
1,status,12,BODYGUARD,ALIVE,Udon
1,status,13,SEER,ALIVE,JuN1Ro
1,status,14,WEREWOLF,ALIVE,cash
1,status,15,VILLAGER,ALIVE,daisyo
1,talk,0,0,2,VOTE Agent[14]
1,talk,1,0,6,VOTE Agent[02]
1,talk,2,0,10,VOTE Agent[04]
1,talk,3,0,5,VOTE Agent[11]
1,talk,4,0,15,VOTE Agent[01]
1,talk,5,0,13,COMINGOUT Agent[13] SEER
1,talk,6,0,3,VOTE Agent[08]
1,talk,7,0,12,VOTE Agent[10]
1,talk,8,0,1,VOTE Agent[02]
1,talk,9,0,8,VOTE Agent[01]
1,talk,10,0,9,VOTE Agent[14]
1,talk,11,0,11,VOTE Agent[14]
1,talk,12,0,4,COMINGOUT Agent[04] SEER
1,talk,13,0,14,VOTE Agent[15]
1,talk,14,0,7,COMINGOUT Agent[07] SEER
1,talk,15,1,4,DIVINED Agent[10] HUMAN
1,talk,16,1,7,DIVINED Agent[09] HUMAN
1,talk,17,1,11,VOTE Agent[15]
1,talk,18,1,3,VOTE Agent[02]
1,talk,19,1,14,VOTE Agent[05]
1,talk,20,1,5,Skip
1,talk,21,1,13,DIVINED Agent[10] HUMAN
1,talk,22,1,10,Skip
1,talk,23,1,8,VOTE Agent[13]
1,talk,24,1,9,Skip
1,talk,25,1,1,Skip
1,talk,26,1,6,REQUEST(VOTE Agent[02])
1,talk,27,1,12,VOTE Agent[01]
1,talk,28,1,15,VOTE Agent[12]
1,talk,29,1,2,VOTE Agent[04]
1,talk,30,2,11,VOTE Agent[14]
1,talk,31,2,14,VOTE Agent[11]
1,talk,32,2,13,VOTE Agent[04]
1,talk,33,2,1,Skip
1,talk,34,2,15,Skip
1,talk,35,2,9,ESTIMATE Agent[04] SEER
1,talk,36,2,12,VOTE Agent[02]
1,talk,37,2,8,Skip
1,talk,38,2,10,ESTIMATE Agent[13] SEER
1,talk,39,2,3,Skip
1,talk,40,2,6,Skip
1,talk,41,2,2,VOTE Agent[07]
1,talk,42,2,4,VOTE Agent[06]
1,talk,43,2,7,VOTE Agent[05]
1,talk,44,2,5,ESTIMATE Agent[04] SEER
1,talk,45,3,14,Skip
1,talk,46,3,9,Skip
1,talk,47,3,2,Skip
1,talk,48,3,3,VOTE Agent[06]
1,talk,49,3,6,Skip
1,talk,50,3,4,Skip
1,talk,51,3,11,Skip
1,talk,52,3,8,Skip
1,talk,53,3,5,Skip
1,talk,54,3,13,Over
1,talk,55,3,12,VOTE Agent[11]
1,talk,56,3,10,Skip
1,talk,57,3,7,Skip
1,talk,58,3,15,ESTIMATE Agent[03] VILLAGER
1,talk,59,3,1,Over
1,talk,60,4,3,Skip
1,talk,61,4,6,Over
1,talk,62,4,9,Skip
1,talk,63,4,14,VOTE Agent[06]
1,talk,64,4,11,VOTE Agent[06]
1,talk,65,4,2,Skip
1,talk,66,4,1,Over
1,talk,67,4,4,Skip
1,talk,68,4,7,Skip
1,talk,69,4,10,Skip
1,talk,70,4,5,Skip
1,talk,71,4,8,VOTE Agent[13]
1,talk,72,4,15,Over
1,talk,73,4,12,Over
1,talk,74,4,13,Over
1,talk,75,5,7,Over
1,talk,76,5,5,Over
1,talk,77,5,6,Over
1,talk,78,5,12,Over
1,talk,79,5,8,Skip
1,talk,80,5,9,Over
1,talk,81,5,1,Over
1,talk,82,5,13,Over
1,talk,83,5,14,Skip
1,talk,84,5,10,Over
1,talk,85,5,15,ESTIMATE Agent[12] VILLAGER
1,talk,86,5,11,VOTE Agent[08]
1,talk,87,5,2,Over
1,talk,88,5,3,Skip
1,talk,89,5,4,Over
1,talk,90,6,4,Over
1,talk,91,6,15,Skip
1,talk,92,6,8,Skip
1,talk,93,6,2,Over
1,talk,94,6,5,Over
1,talk,95,6,12,Over
1,talk,96,6,14,Skip
1,talk,97,6,9,Over
1,talk,98,6,10,Over
1,talk,99,6,6,Over
1,talk,100,6,1,Over
1,talk,101,6,7,Over
1,talk,102,6,3,Over
1,talk,103,6,11,VOTE Agent[06]
1,talk,104,6,13,ESTIMATE Agent[06] WEREWOLF
1,talk,105,7,8,VOTE Agent[13]
1,talk,106,7,2,Over
1,talk,107,7,14,Over
1,talk,108,7,4,Over
1,talk,109,7,9,Over
1,talk,110,7,5,Over
1,talk,111,7,10,Over
1,talk,112,7,11,ESTIMATE Agent[01] WEREWOLF
1,talk,113,7,3,Over
1,talk,114,7,12,Over
1,talk,115,7,7,Over
1,talk,116,7,13,Over
1,talk,117,7,6,Over
1,talk,118,7,1,Over
1,talk,119,7,15,Over
1,talk,120,8,8,Skip
1,talk,121,8,5,Over
1,talk,122,8,9,Over
1,talk,123,8,11,VOTE Agent[02]
1,talk,124,8,3,Over
1,talk,125,8,6,Over
1,talk,126,8,12,Over
1,talk,127,8,2,Over
1,talk,128,8,1,Over
1,talk,129,8,7,Over
1,talk,130,8,13,Over
1,talk,131,8,10,Over
1,talk,132,8,4,Over
1,talk,133,8,14,Over
1,talk,134,8,15,ESTIMATE Agent[02] VILLAGER
1,talk,135,9,12,Over
1,talk,136,9,1,Over
1,talk,137,9,14,Over
1,talk,138,9,11,Skip
1,talk,139,9,6,Over
1,talk,140,9,2,Over
1,talk,141,9,10,Over
1,talk,142,9,3,Over
1,talk,143,9,13,Over
1,talk,144,9,8,Skip
1,talk,145,9,7,Over
1,talk,146,9,4,Over
1,talk,147,9,9,Over
1,talk,148,9,15,Over
1,talk,149,9,5,Over
1,talk,150,10,2,Over
1,talk,151,10,10,Over
1,talk,152,10,14,Over
1,talk,153,10,3,Over
1,talk,154,10,1,Over
1,talk,155,10,7,Over
1,talk,156,10,15,Over
1,talk,157,10,9,Over
1,talk,158,10,6,Over
1,talk,159,10,13,Over
1,talk,160,10,8,VOTE Agent[13]
1,talk,161,10,11,Skip
1,talk,162,10,12,Over
1,talk,163,10,5,Over
1,talk,164,10,4,Over
1,talk,165,11,14,Over
1,talk,166,11,9,Over
1,talk,167,11,13,Over
1,talk,168,11,5,Over
1,talk,169,11,3,Over
1,talk,170,11,1,Over
1,talk,171,11,2,Over
1,talk,172,11,7,Over
1,talk,173,11,12,Over
1,talk,174,11,11,VOTE Agent[01]
1,talk,175,11,10,Over
1,talk,176,11,4,Over
1,talk,177,11,6,Over
1,talk,178,11,15,Over
1,talk,179,11,8,Skip
1,talk,180,12,8,Skip
1,talk,181,12,7,Over
1,talk,182,12,4,Over
1,talk,183,12,5,Over
1,talk,184,12,3,Over
1,talk,185,12,10,Over
1,talk,186,12,6,Over
1,talk,187,12,15,Over
1,talk,188,12,14,Over
1,talk,189,12,1,Over
1,talk,190,12,12,VOTE Agent[01]
1,talk,191,12,9,Over
1,talk,192,12,2,Over
1,talk,193,12,11,VOTE Agent[14]
1,talk,194,12,13,Over
1,talk,195,13,1,Over
1,talk,196,13,11,Over
1,talk,197,13,10,Over
1,talk,198,13,7,Over
1,talk,199,13,2,Over
1,talk,200,13,3,Over
1,talk,201,13,4,Over
1,talk,202,13,13,Over
1,talk,203,13,9,Over
1,talk,204,13,15,Over
1,talk,205,13,12,Over
1,talk,206,13,14,Over
1,talk,207,13,8,VOTE Agent[13]
1,talk,208,13,5,Over
1,talk,209,13,6,Over
1,talk,210,14,13,Over
1,talk,211,14,10,Over
1,talk,212,14,4,Over
1,talk,213,14,6,Over
1,talk,214,14,12,Over
1,talk,215,14,2,Over
1,talk,216,14,14,Over
1,talk,217,14,9,Over
1,talk,218,14,1,Over
1,talk,219,14,3,Over
1,talk,220,14,15,Over
1,talk,221,14,11,Over
1,talk,222,14,8,Skip
1,talk,223,14,7,Over
1,talk,224,14,5,Over
1,talk,225,15,2,Over
1,talk,226,15,6,Over
1,talk,227,15,3,Over
1,talk,228,15,9,Over
1,talk,229,15,1,Over
1,talk,230,15,15,Over
1,talk,231,15,13,Over
1,talk,232,15,4,Over
1,talk,233,15,5,Over
1,talk,234,15,10,Over
1,talk,235,15,8,Skip
1,talk,236,15,7,Over
1,talk,237,15,14,Over
1,talk,238,15,11,Over
1,talk,239,15,12,Over
1,talk,240,16,9,Over
1,talk,241,16,2,Over
1,talk,242,16,13,Over
1,talk,243,16,4,Over
1,talk,244,16,3,Over
1,talk,245,16,12,Over
1,talk,246,16,7,Over
1,talk,247,16,11,Over
1,talk,248,16,5,Over
1,talk,249,16,6,Over
1,talk,250,16,10,Over
1,talk,251,16,1,Over
1,talk,252,16,14,Over
1,talk,253,16,8,VOTE Agent[13]
1,talk,254,16,15,Over
1,talk,255,17,11,Over
1,talk,256,17,12,Over
1,talk,257,17,7,Over
1,talk,258,17,6,Over
1,talk,259,17,14,Over
1,talk,260,17,10,Over
1,talk,261,17,3,Over
1,talk,262,17,9,Over
1,talk,263,17,8,Skip
1,talk,264,17,2,Over
1,talk,265,17,4,Over
1,talk,266,17,13,Over
1,talk,267,17,1,Over
1,talk,268,17,5,Over
1,talk,269,17,15,Over
1,talk,270,18,4,Over
1,talk,271,18,3,Over
1,talk,272,18,15,Over
1,talk,273,18,10,Over
1,talk,274,18,12,Over
1,talk,275,18,7,Over
1,talk,276,18,2,Over
1,talk,277,18,1,Over
1,talk,278,18,11,Over
1,talk,279,18,9,Over
1,talk,280,18,13,Over
1,talk,281,18,8,Skip
1,talk,282,18,5,Over
1,talk,283,18,6,Over
1,talk,284,18,14,Over
1,talk,285,19,6,Over
1,talk,286,19,14,Over
1,talk,287,19,15,Over
1,talk,288,19,11,Over
1,talk,289,19,7,Over
1,talk,290,19,10,Over
1,talk,291,19,3,Over
1,talk,292,19,13,Over
1,talk,293,19,5,Over
1,talk,294,19,9,Over
1,talk,295,19,2,Over
1,talk,296,19,1,Over
1,talk,297,19,4,Over
1,talk,298,19,12,Over
1,talk,299,19,8,VOTE Agent[13]
1,vote,1,2
1,vote,2,7
1,vote,3,6
1,vote,4,13
1,vote,5,11
1,vote,6,2
1,vote,7,5
1,vote,8,13
1,vote,9,14
1,vote,10,4
1,vote,11,14
1,vote,12,1
1,vote,13,4
1,vote,14,6
1,vote,15,12
1,vote,1,2
1,vote,2,13
1,vote,3,6
1,vote,4,13
1,vote,5,2
1,vote,6,2
1,vote,7,5
1,vote,8,13
1,vote,9,14
1,vote,10,4
1,vote,11,12
1,vote,12,1
1,vote,13,4
1,vote,14,6
1,vote,15,12
1,execute,13,SEER
1,whisper,0,0,7,ATTACK Agent[04]
1,whisper,1,0,14,COMINGOUT Agent[14] VILLAGER
1,whisper,2,0,6,ATTACK Agent[04]
1,whisper,3,1,7,Skip
1,whisper,4,1,14,Skip
1,whisper,5,1,6,REQUEST(ATTACK Agent[04])
1,whisper,6,2,14,Skip
1,whisper,7,2,6,IDENTIFIED Agent[13] WEREWOLF
1,whisper,8,2,7,Skip
1,whisper,9,3,14,Over
1,whisper,10,3,6,Skip
1,whisper,11,3,7,Over
1,whisper,12,4,7,Over
1,whisper,13,4,6,Skip
1,whisper,14,4,14,Over
1,whisper,15,5,7,Over
1,whisper,16,5,6,Over
1,whisper,17,5,14,Over
1,guard,12,10,MEDIUM
1,attackVote,6,4
1,attackVote,7,4
1,attack,4,true
2,status,1,VILLAGER,ALIVE,carlo
2,status,2,VILLAGER,ALIVE,m_cre
2,status,3,VILLAGER,ALIVE,cndl
2,status,4,POSSESSED,DEAD,AITKN
2,status,5,VILLAGER,ALIVE,aplain
2,status,6,WEREWOLF,ALIVE,takkyubu
2,status,7,WEREWOLF,ALIVE,kasuka
2,status,8,VILLAGER,ALIVE,johnny
2,status,9,VILLAGER,ALIVE,hibagon
2,status,10,MEDIUM,ALIVE,colun
2,status,11,VILLAGER,ALIVE,wasabi
2,status,12,BODYGUARD,ALIVE,Udon
2,status,13,SEER,DEAD,JuN1Ro
2,status,14,WEREWOLF,ALIVE,cash
2,status,15,VILLAGER,ALIVE,daisyo
2,talk,0,0,3,VOTE Agent[06]
2,talk,1,0,11,VOTE Agent[03]
2,talk,2,0,1,VOTE Agent[02]
2,talk,3,0,12,VOTE Agent[03]
2,talk,4,0,2,VOTE Agent[07]
2,talk,5,0,9,ESTIMATE Agent[07] SEER
2,talk,6,0,8,VOTE Agent[03]
2,talk,7,0,6,VOTE Agent[10]
2,talk,8,0,5,ESTIMATE Agent[07] SEER
2,talk,9,0,15,VOTE Agent[12]
2,talk,10,0,14,VOTE Agent[11]
2,talk,11,0,7,DIVINED Agent[10] HUMAN
2,talk,12,0,10,ESTIMATE Agent[07] SEER
2,talk,13,1,14,VOTE Agent[06]
2,talk,14,1,15,VOTE Agent[01]
2,talk,15,1,12,Over
2,talk,16,1,1,Skip
2,talk,17,1,3,Skip
2,talk,18,1,8,VOTE Agent[05]
2,talk,19,1,2,Skip
2,talk,20,1,9,VOTE Agent[01]
2,talk,21,1,6,REQUEST(VOTE Agent[10])
2,talk,22,1,11,Skip
2,talk,23,1,10,VOTE Agent[12]
2,talk,24,1,7,VOTE Agent[05]
2,talk,25,1,5,VOTE Agent[14]
2,talk,26,2,8,VOTE Agent[15]
2,talk,27,2,5,Skip
2,talk,28,2,12,Over
2,talk,29,2,1,Skip
2,talk,30,2,11,VOTE Agent[05]
2,talk,31,2,7,Skip
2,talk,32,2,15,Over
2,talk,33,2,2,Skip
2,talk,34,2,3,Skip
2,talk,35,2,14,Skip
2,talk,36,2,10,Skip
2,talk,37,2,9,Skip
2,talk,38,2,6,Skip
2,talk,39,3,9,Skip
2,talk,40,3,1,Over
2,talk,41,3,7,Skip
2,talk,42,3,3,Over
2,talk,43,3,15,ESTIMATE Agent[01] VILLAGER
2,talk,44,3,14,Skip
2,talk,45,3,8,Skip
2,talk,46,3,5,Skip
2,talk,47,3,6,Skip
2,talk,48,3,10,Skip
2,talk,49,3,2,Over
2,talk,50,3,11,Skip
2,talk,51,3,12,VOTE Agent[01]
2,talk,52,4,1,Over
2,talk,53,4,7,Over
2,talk,54,4,10,Over
2,talk,55,4,6,Over
2,talk,56,4,9,Over
2,talk,57,4,5,Over
2,talk,58,4,2,Over
2,talk,59,4,14,Over
2,talk,60,4,11,VOTE Agent[15]
2,talk,61,4,15,Skip
2,talk,62,4,3,Over
2,talk,63,4,8,Skip
2,talk,64,4,12,Over
2,talk,65,5,11,VOTE Agent[14]
2,talk,66,5,9,Over
2,talk,67,5,5,Over
2,talk,68,5,14,Over
2,talk,69,5,15,ESTIMATE Agent[12] VILLAGER
2,talk,70,5,3,Over
2,talk,71,5,8,VOTE Agent[03]
2,talk,72,5,12,Over
2,talk,73,5,10,Over
2,talk,74,5,6,Over
2,talk,75,5,1,Over
2,talk,76,5,7,Over
2,talk,77,5,2,Over
2,talk,78,6,7,Over
2,talk,79,6,6,Over
2,talk,80,6,3,VOTE Agent[14]
2,talk,81,6,11,Skip
2,talk,82,6,1,Over
2,talk,83,6,10,Over
2,talk,84,6,5,Over
2,talk,85,6,12,Over
2,talk,86,6,9,Over
2,talk,87,6,15,Skip
2,talk,88,6,14,VOTE Agent[05]
2,talk,89,6,8,Skip
2,talk,90,6,2,Over
2,talk,91,7,15,Skip
2,talk,92,7,10,Over
2,talk,93,7,1,Over
2,talk,94,7,11,Over
2,talk,95,7,7,Over
2,talk,96,7,8,Skip
2,talk,97,7,14,Skip
2,talk,98,7,3,Skip
2,talk,99,7,12,Over
2,talk,100,7,9,Over
2,talk,101,7,6,Over
2,talk,102,7,2,Over
2,talk,103,7,5,Over
2,talk,104,8,5,Over
2,talk,105,8,3,Skip
2,talk,106,8,15,Over
2,talk,107,8,8,VOTE Agent[03]
2,talk,108,8,11,VOTE Agent[03]
2,talk,109,8,10,Over
2,talk,110,8,9,Over
2,talk,111,8,14,Skip
2,talk,112,8,6,Over
2,talk,113,8,1,Over
2,talk,114,8,7,Over
2,talk,115,8,12,Over
2,talk,116,8,2,Over
2,talk,117,9,5,Over
2,talk,118,9,10,Over
2,talk,119,9,1,Over
2,talk,120,9,2,Over
2,talk,121,9,14,Over
2,talk,122,9,12,Over
2,talk,123,9,11,VOTE Agent[05]
2,talk,124,9,8,VOTE Agent[15]
2,talk,125,9,9,Over
2,talk,126,9,3,VOTE Agent[06]
2,talk,127,9,7,Over
2,talk,128,9,15,Over
2,talk,129,9,6,Over
2,talk,130,10,14,VOTE Agent[06]
2,talk,131,10,12,Over
2,talk,132,10,8,Skip
2,talk,133,10,11,ESTIMATE Agent[10] VILLAGER
2,talk,134,10,15,Over
2,talk,135,10,2,Over
2,talk,136,10,10,Over
2,talk,137,10,9,Over
2,talk,138,10,3,Skip
2,talk,139,10,7,Over
2,talk,140,10,6,Over
2,talk,141,10,5,Over
2,talk,142,10,1,Over
2,talk,143,11,2,Over
2,talk,144,11,7,Over
2,talk,145,11,1,Over
2,talk,146,11,3,Skip
2,talk,147,11,15,Over
2,talk,148,11,14,Over
2,talk,149,11,12,Over
2,talk,150,11,6,Over
2,talk,151,11,11,VOTE Agent[15]
2,talk,152,11,5,Over
2,talk,153,11,8,Skip
2,talk,154,11,10,Over
2,talk,155,11,9,Over
2,talk,156,12,5,Over
2,talk,157,12,12,Over
2,talk,158,12,1,Over
2,talk,159,12,2,Over
2,talk,160,12,6,Over
2,talk,161,12,14,Over
2,talk,162,12,11,VOTE Agent[08]
2,talk,163,12,3,Over
2,talk,164,12,8,VOTE Agent[03]
2,talk,165,12,7,Over
2,talk,166,12,15,Over
2,talk,167,12,10,Over
2,talk,168,12,9,Over
2,talk,169,13,12,Over
2,talk,170,13,6,Over
2,talk,171,13,3,Over
2,talk,172,13,2,Over
2,talk,173,13,14,VOTE Agent[03]
2,talk,174,13,10,Over
2,talk,175,13,15,Over
2,talk,176,13,11,ESTIMATE Agent[08] WEREWOLF
2,talk,177,13,5,Over
2,talk,178,13,7,Over
2,talk,179,13,9,Over
2,talk,180,13,1,Over
2,talk,181,13,8,Skip
2,talk,182,14,5,Over
2,talk,183,14,15,Over
2,talk,184,14,9,Over
2,talk,185,14,3,Over
2,talk,186,14,11,Over
2,talk,187,14,2,Over
2,talk,188,14,1,Over
2,talk,189,14,12,Over
2,talk,190,14,10,Over
2,talk,191,14,14,VOTE Agent[05]
2,talk,192,14,7,Over
2,talk,193,14,6,Over
2,talk,194,14,8,VOTE Agent[11]
2,talk,195,15,7,Over
2,talk,196,15,3,Over
2,talk,197,15,12,Over
2,talk,198,15,5,Over
2,talk,199,15,11,Over
2,talk,200,15,6,Over
2,talk,201,15,15,Over
2,talk,202,15,10,Over
2,talk,203,15,1,Over
2,talk,204,15,14,VOTE Agent[06]
2,talk,205,15,8,Skip
2,talk,206,15,2,Over
2,talk,207,15,9,Over
2,talk,208,16,9,Over
2,talk,209,16,5,Over
2,talk,210,16,11,Over
2,talk,211,16,15,Over
2,talk,212,16,14,Over
2,talk,213,16,10,Over
2,talk,214,16,6,Over
2,talk,215,16,2,Over
2,talk,216,16,1,Over
2,talk,217,16,7,Over
2,talk,218,16,3,Over
2,talk,219,16,12,Over
2,talk,220,16,8,Skip
2,talk,221,17,2,Over
2,talk,222,17,6,Over
2,talk,223,17,11,Over
2,talk,224,17,5,Over
2,talk,225,17,3,Over
2,talk,226,17,12,Over
2,talk,227,17,14,Over
2,talk,228,17,8,VOTE Agent[11]
2,talk,229,17,1,Over
2,talk,230,17,10,Over
2,talk,231,17,7,Over
2,talk,232,17,9,Over
2,talk,233,17,15,Over
2,talk,234,18,5,Over
2,talk,235,18,11,Over
2,talk,236,18,1,Over
2,talk,237,18,14,Over
2,talk,238,18,10,Over
2,talk,239,18,7,Over
2,talk,240,18,9,Over
2,talk,241,18,12,Over
2,talk,242,18,6,Over
2,talk,243,18,15,Over
2,talk,244,18,3,Over
2,talk,245,18,8,Skip
2,talk,246,18,2,Over
2,talk,247,19,1,Over
2,talk,248,19,7,Over
2,talk,249,19,8,Skip
2,talk,250,19,2,Over
2,talk,251,19,14,Over
2,talk,252,19,9,Over
2,talk,253,19,5,Over
2,talk,254,19,10,Over
2,talk,255,19,12,Over
2,talk,256,19,6,Over
2,talk,257,19,3,Over
2,talk,258,19,11,Over
2,talk,259,19,15,Over
2,vote,1,2
2,vote,2,7
2,vote,3,6
2,vote,5,14
2,vote,6,10
2,vote,7,5
2,vote,8,11
2,vote,9,1
2,vote,10,12
2,vote,11,8
2,vote,12,1
2,vote,14,6
2,vote,15,1
2,execute,1,VILLAGER
2,whisper,0,0,6,ATTACK Agent[05]
2,whisper,1,0,14,COMINGOUT Agent[14] VILLAGER
2,whisper,2,0,7,ATTACK Agent[09]
2,whisper,3,1,7,Skip
2,whisper,4,1,6,REQUEST(ATTACK Agent[05])
2,whisper,5,1,14,Skip
2,whisper,6,2,6,IDENTIFIED Agent[01] WEREWOLF
2,whisper,7,2,7,Skip
2,whisper,8,2,14,Skip
2,whisper,9,3,14,Over
2,whisper,10,3,7,Over
2,whisper,11,3,6,Skip
2,whisper,12,4,14,Over
2,whisper,13,4,7,Over
2,whisper,14,4,6,Skip
2,whisper,15,5,6,Over
2,whisper,16,5,7,Over
2,whisper,17,5,14,Over
2,guard,12,10,MEDIUM
2,attackVote,6,5
2,attackVote,7,9
2,attackVote,14,2
2,attackVote,6,5
2,attackVote,7,9
2,attackVote,14,2
2,attack,9,true
3,status,1,VILLAGER,DEAD,carlo
3,status,2,VILLAGER,ALIVE,m_cre
3,status,3,VILLAGER,ALIVE,cndl
3,status,4,POSSESSED,DEAD,AITKN
3,status,5,VILLAGER,ALIVE,aplain
3,status,6,WEREWOLF,ALIVE,takkyubu
3,status,7,WEREWOLF,ALIVE,kasuka
3,status,8,VILLAGER,ALIVE,johnny
3,status,9,VILLAGER,DEAD,hibagon
3,status,10,MEDIUM,ALIVE,colun
3,status,11,VILLAGER,ALIVE,wasabi
3,status,12,BODYGUARD,ALIVE,Udon
3,status,13,SEER,DEAD,JuN1Ro
3,status,14,WEREWOLF,ALIVE,cash
3,status,15,VILLAGER,ALIVE,daisyo
3,talk,0,0,12,VOTE Agent[07]
3,talk,1,0,11,VOTE Agent[05]
3,talk,2,0,5,VOTE Agent[14]
3,talk,3,0,15,VOTE Agent[12]
3,talk,4,0,10,COMINGOUT Agent[10] MEDIUM
3,talk,5,0,3,VOTE Agent[06]
3,talk,6,0,8,VOTE Agent[11]
3,talk,7,0,6,VOTE Agent[15]
3,talk,8,0,7,DIVINED Agent[05] HUMAN
3,talk,9,0,2,VOTE Agent[07]
3,talk,10,0,14,VOTE Agent[06]
3,talk,11,1,11,VOTE Agent[03]
3,talk,12,1,12,Over
3,talk,13,1,7,VOTE Agent[03]
3,talk,14,1,8,Skip
3,talk,15,1,6,REQUEST(VOTE Agent[15])
3,talk,16,1,5,Skip
3,talk,17,1,3,Skip
3,talk,18,1,2,Skip
3,talk,19,1,15,Skip
3,talk,20,1,14,VOTE Agent[12]
3,talk,21,1,10,IDENTIFIED Agent[13] HUMAN
3,talk,22,2,10,IDENTIFIED Agent[01] HUMAN
3,talk,23,2,3,VOTE Agent[14]
3,talk,24,2,5,Skip
3,talk,25,2,6,COMINGOUT Agent[06] MEDIUM
3,talk,26,2,11,VOTE Agent[05]
3,talk,27,2,2,Skip
3,talk,28,2,7,Skip
3,talk,29,2,8,Skip
3,talk,30,2,14,VOTE Agent[08]
3,talk,31,2,12,Over
3,talk,32,2,15,ESTIMATE Agent[12] VILLAGER
3,talk,33,3,11,VOTE Agent[06]
3,talk,34,3,12,VOTE Agent[06]
3,talk,35,3,8,VOTE Agent[11]
3,talk,36,3,3,Skip
3,talk,37,3,2,Over
3,talk,38,3,14,VOTE Agent[11]
3,talk,39,3,10,AGREE TALK day1 ID:104
3,talk,40,3,15,Skip
3,talk,41,3,7,VOTE Agent[08]
3,talk,42,3,6,IDENTIFIED Agent[13] WEREWOLF
3,talk,43,3,5,Over
3,talk,44,4,15,ESTIMATE Agent[02] VILLAGER
3,talk,45,4,8,Skip
3,talk,46,4,10,ESTIMATE Agent[06] WEREWOLF
3,talk,47,4,2,Over
3,talk,48,4,11,ESTIMATE Agent[07] WEREWOLF
3,talk,49,4,14,VOTE Agent[05]
3,talk,50,4,12,Over
3,talk,51,4,6,IDENTIFIED Agent[01] WEREWOLF
3,talk,52,4,7,VOTE Agent[12]
3,talk,53,4,5,Over
3,talk,54,4,3,VOTE Agent[06]
3,talk,55,5,10,REQUEST(Agent[07] DIVINATION Agent[06])
3,talk,56,5,12,Over
3,talk,57,5,6,VOTE Agent[10]
3,talk,58,5,11,ESTIMATE Agent[06] WEREWOLF
3,talk,59,5,7,Skip
3,talk,60,5,5,Over
3,talk,61,5,8,Skip
3,talk,62,5,15,Skip
3,talk,63,5,2,Over
3,talk,64,5,3,Skip
3,talk,65,5,14,VOTE Agent[02]
3,talk,66,6,14,VOTE Agent[10]
3,talk,67,6,11,ESTIMATE Agent[07] WEREWOLF
3,talk,68,6,8,VOTE Agent[11]
3,talk,69,6,10,VOTE Agent[06]
3,talk,70,6,5,Over
3,talk,71,6,3,Skip
3,talk,72,6,7,Skip
3,talk,73,6,2,Over
3,talk,74,6,15,Over
3,talk,75,6,12,Over
3,talk,76,6,6,REQUEST(VOTE Agent[10])
3,talk,77,7,10,Skip
3,talk,78,7,5,Over
3,talk,79,7,7,Over
3,talk,80,7,15,ESTIMATE Agent[14] VILLAGER
3,talk,81,7,8,VOTE Agent[07]
3,talk,82,7,11,ESTIMATE Agent[08] VILLAGER
3,talk,83,7,3,Over
3,talk,84,7,2,Over
3,talk,85,7,14,Skip
3,talk,86,7,12,Over
3,talk,87,7,6,Skip
3,talk,88,8,7,Over
3,talk,89,8,6,Skip
3,talk,90,8,3,Over
3,talk,91,8,15,Over
3,talk,92,8,12,Over
3,talk,93,8,14,VOTE Agent[02]
3,talk,94,8,10,Skip
3,talk,95,8,8,Skip
3,talk,96,8,11,ESTIMATE Agent[14] VILLAGER
3,talk,97,8,2,Over
3,talk,98,8,5,Over
3,talk,99,9,14,Skip
3,talk,100,9,15,Over
3,talk,101,9,6,Over
3,talk,102,9,11,ESTIMATE Agent[03] VILLAGER
3,talk,103,9,8,Skip
3,talk,104,9,5,Over
3,talk,105,9,7,Over
3,talk,106,9,2,Over
3,talk,107,9,10,Over
3,talk,108,9,12,Over
3,talk,109,9,3,Over
3,talk,110,10,10,Over
3,talk,111,10,15,Over
3,talk,112,10,5,Over
3,talk,113,10,3,Over
3,talk,114,10,7,Over
3,talk,115,10,14,Over
3,talk,116,10,2,Over
3,talk,117,10,12,Over
3,talk,118,10,11,Over
3,talk,119,10,8,VOTE Agent[07]
3,talk,120,10,6,Over
3,talk,121,11,14,Over
3,talk,122,11,15,Over
3,talk,123,11,10,Over
3,talk,124,11,8,Skip
3,talk,125,11,11,Over
3,talk,126,11,2,Over
3,talk,127,11,12,Over
3,talk,128,11,6,Over
3,talk,129,11,5,Over
3,talk,130,11,7,Over
3,talk,131,11,3,Over
3,talk,132,12,6,Over
3,talk,133,12,14,Over
3,talk,134,12,2,Over
3,talk,135,12,11,Over
3,talk,136,12,3,Over
3,talk,137,12,5,Over
3,talk,138,12,12,Over
3,talk,139,12,7,Over
3,talk,140,12,10,Over
3,talk,141,12,15,Over
3,talk,142,12,8,Skip
3,talk,143,13,7,Over
3,talk,144,13,3,Over
3,talk,145,13,8,VOTE Agent[07]
3,talk,146,13,15,Over
3,talk,147,13,11,Over
3,talk,148,13,14,Over
3,talk,149,13,5,Over
3,talk,150,13,6,Over
3,talk,151,13,2,Over
3,talk,152,13,12,Over
3,talk,153,13,10,Over
3,talk,154,14,2,Over
3,talk,155,14,15,Over
3,talk,156,14,6,Over
3,talk,157,14,7,Over
3,talk,158,14,8,Skip
3,talk,159,14,11,Over
3,talk,160,14,10,Over
3,talk,161,14,14,Over
3,talk,162,14,3,Over
3,talk,163,14,12,Over
3,talk,164,14,5,Over
3,talk,165,15,10,Over
3,talk,166,15,12,Over
3,talk,167,15,14,Over
3,talk,168,15,7,Over
3,talk,169,15,2,Over
3,talk,170,15,15,Over
3,talk,171,15,5,Over
3,talk,172,15,8,Skip
3,talk,173,15,6,Over
3,talk,174,15,3,Over
3,talk,175,15,11,Over
3,talk,176,16,12,Over
3,talk,177,16,14,Over
3,talk,178,16,11,Over
3,talk,179,16,8,VOTE Agent[07]
3,talk,180,16,3,Over
3,talk,181,16,2,Over
3,talk,182,16,6,Over
3,talk,183,16,10,Over
3,talk,184,16,15,Over
3,talk,185,16,5,Over
3,talk,186,16,7,Over
3,talk,187,17,14,Over
3,talk,188,17,2,Over
3,talk,189,17,12,Over
3,talk,190,17,6,Over
3,talk,191,17,15,Over
3,talk,192,17,10,Over
3,talk,193,17,11,Over
3,talk,194,17,5,Over
3,talk,195,17,7,Over
3,talk,196,17,3,Over
3,talk,197,17,8,Skip
3,talk,198,18,12,Over
3,talk,199,18,5,Over
3,talk,200,18,8,Skip
3,talk,201,18,3,Over
3,talk,202,18,11,Over
3,talk,203,18,14,Over
3,talk,204,18,10,Over
3,talk,205,18,6,Over
3,talk,206,18,15,Over
3,talk,207,18,2,Over
3,talk,208,18,7,Over
3,talk,209,19,11,Over
3,talk,210,19,3,Over
3,talk,211,19,6,Over
3,talk,212,19,2,Over
3,talk,213,19,5,Over
3,talk,214,19,15,Over
3,talk,215,19,14,Over
3,talk,216,19,12,Over
3,talk,217,19,7,Over
3,talk,218,19,8,VOTE Agent[07]
3,talk,219,19,10,Over
3,vote,2,7
3,vote,3,6
3,vote,5,14
3,vote,6,10
3,vote,7,12
3,vote,8,7
3,vote,10,6
3,vote,11,6
3,vote,12,6
3,vote,14,2
3,vote,15,12
3,execute,6,WEREWOLF
3,whisper,0,0,14,COMINGOUT Agent[14] VILLAGER
3,whisper,1,0,7,ATTACK Agent[10]
3,whisper,2,1,14,Skip
3,whisper,3,1,7,Skip
3,whisper,4,2,14,Skip
3,whisper,5,2,7,Skip
3,whisper,6,3,14,Over
3,whisper,7,3,7,Over
3,guard,12,10,MEDIUM
3,attackVote,7,10
3,attack,10,false
4,status,1,VILLAGER,DEAD,carlo
4,status,2,VILLAGER,ALIVE,m_cre
4,status,3,VILLAGER,ALIVE,cndl
4,status,4,POSSESSED,DEAD,AITKN
4,status,5,VILLAGER,ALIVE,aplain
4,status,6,WEREWOLF,DEAD,takkyubu
4,status,7,WEREWOLF,ALIVE,kasuka
4,status,8,VILLAGER,ALIVE,johnny
4,status,9,VILLAGER,DEAD,hibagon
4,status,10,MEDIUM,ALIVE,colun
4,status,11,VILLAGER,ALIVE,wasabi
4,status,12,BODYGUARD,ALIVE,Udon
4,status,13,SEER,DEAD,JuN1Ro
4,status,14,WEREWOLF,ALIVE,cash
4,status,15,VILLAGER,ALIVE,daisyo
4,talk,0,0,14,VOTE Agent[02]
4,talk,1,0,3,VOTE Agent[14]
4,talk,2,0,8,VOTE Agent[07]
4,talk,3,0,7,DIVINED Agent[03] HUMAN
4,talk,4,0,11,Skip
4,talk,5,0,2,VOTE Agent[07]
4,talk,6,0,15,VOTE Agent[12]
4,talk,7,0,10,IDENTIFIED Agent[06] WEREWOLF
4,talk,8,0,12,VOTE Agent[07]
4,talk,9,0,5,VOTE Agent[08]
4,talk,10,1,14,VOTE Agent[15]
4,talk,11,1,10,VOTE Agent[08]
4,talk,12,1,11,VOTE Agent[10]
4,talk,13,1,15,Skip
4,talk,14,1,7,VOTE Agent[03]
4,talk,15,1,3,Skip
4,talk,16,1,5,Skip
4,talk,17,1,8,VOTE Agent[11]
4,talk,18,1,2,Skip
4,talk,19,1,12,Over
4,talk,20,2,10,Skip
4,talk,21,2,5,Skip
4,talk,22,2,8,Skip
4,talk,23,2,11,ESTIMATE Agent[03] VILLAGER
4,talk,24,2,12,Over
4,talk,25,2,15,Over
4,talk,26,2,14,VOTE Agent[11]
4,talk,27,2,7,Skip
4,talk,28,2,2,Skip
4,talk,29,2,3,VOTE Agent[08]
4,talk,30,3,8,Skip
4,talk,31,3,11,Skip
4,talk,32,3,12,Over
4,talk,33,3,10,Skip
4,talk,34,3,14,VOTE Agent[10]
4,talk,35,3,2,Over
4,talk,36,3,7,Skip
4,talk,37,3,3,Skip
4,talk,38,3,5,Over
4,talk,39,3,15,Over
4,talk,40,4,7,Over
4,talk,41,4,15,ESTIMATE Agent[12] VILLAGER
4,talk,42,4,12,Over
4,talk,43,4,11,ESTIMATE Agent[03] VILLAGER
4,talk,44,4,5,Over
4,talk,45,4,3,Skip
4,talk,46,4,14,Skip
4,talk,47,4,10,Over
4,talk,48,4,8,VOTE Agent[11]
4,talk,49,4,2,Over
4,talk,50,5,14,Skip
4,talk,51,5,3,Over
4,talk,52,5,10,Over
4,talk,53,5,7,Over
4,talk,54,5,15,Skip
4,talk,55,5,2,Over
4,talk,56,5,8,Skip
4,talk,57,5,11,ESTIMATE Agent[10] WEREWOLF
4,talk,58,5,5,Over
4,talk,59,5,12,Over
4,talk,60,6,7,Over
4,talk,61,6,3,Over
4,talk,62,6,5,Over
4,talk,63,6,8,Skip
4,talk,64,6,11,ESTIMATE Agent[07] WEREWOLF
4,talk,65,6,14,Over
4,talk,66,6,10,Over
4,talk,67,6,15,Skip
4,talk,68,6,12,Over
4,talk,69,6,2,Over
4,talk,70,7,2,Over
4,talk,71,7,8,VOTE Agent[07]
4,talk,72,7,5,Over
4,talk,73,7,3,Over
4,talk,74,7,14,Over
4,talk,75,7,15,ESTIMATE Agent[02] VILLAGER
4,talk,76,7,10,Over
4,talk,77,7,7,Over
4,talk,78,7,11,ESTIMATE Agent[10] WEREWOLF
4,talk,79,7,12,Over
4,talk,80,8,2,Over
4,talk,81,8,3,Over
4,talk,82,8,11,ESTIMATE Agent[15] VILLAGER
4,talk,83,8,7,Over
4,talk,84,8,8,Skip
4,talk,85,8,5,Over
4,talk,86,8,12,Over
4,talk,87,8,14,Over
4,talk,88,8,15,Over
4,talk,89,8,10,Over
4,talk,90,9,11,ESTIMATE Agent[15] VILLAGER
4,talk,91,9,2,Over
4,talk,92,9,14,Over
4,talk,93,9,15,Over
4,talk,94,9,3,Over
4,talk,95,9,7,Over
4,talk,96,9,5,Over
4,talk,97,9,10,Over
4,talk,98,9,8,Skip
4,talk,99,9,12,Over
4,talk,100,10,5,Over
4,talk,101,10,2,Over
4,talk,102,10,12,Over
4,talk,103,10,8,VOTE Agent[07]
4,talk,104,10,14,Over
4,talk,105,10,11,ESTIMATE Agent[10] WEREWOLF
4,talk,106,10,7,Over
4,talk,107,10,10,Over
4,talk,108,10,15,Over
4,talk,109,10,3,Over
4,talk,110,11,14,Over
4,talk,111,11,11,Skip
4,talk,112,11,7,Over
4,talk,113,11,15,Over
4,talk,114,11,8,Skip
4,talk,115,11,2,Over
4,talk,116,11,10,Over
4,talk,117,11,3,Over
4,talk,118,11,5,Over
4,talk,119,11,12,Over
4,talk,120,12,14,Over
4,talk,121,12,8,Skip
4,talk,122,12,12,Over
4,talk,123,12,7,Over
4,talk,124,12,10,Over
4,talk,125,12,3,Over
4,talk,126,12,5,Over
4,talk,127,12,11,ESTIMATE Agent[15] VILLAGER
4,talk,128,12,2,Over
4,talk,129,12,15,Over
4,talk,130,13,12,Over
4,talk,131,13,7,Over
4,talk,132,13,15,Over
4,talk,133,13,2,Over
4,talk,134,13,10,Over
4,talk,135,13,14,Over
4,talk,136,13,8,VOTE Agent[07]
4,talk,137,13,5,Over
4,talk,138,13,3,Over
4,talk,139,13,11,Over
4,talk,140,14,2,Over
4,talk,141,14,10,Over
4,talk,142,14,12,Over
4,talk,143,14,8,Skip
4,talk,144,14,5,Over
4,talk,145,14,3,Over
4,talk,146,14,15,Over
4,talk,147,14,7,Over
4,talk,148,14,11,Over
4,talk,149,14,14,Over
4,talk,150,15,2,Over
4,talk,151,15,5,Over
4,talk,152,15,12,Over
4,talk,153,15,14,Over
4,talk,154,15,15,Over
4,talk,155,15,8,Skip
4,talk,156,15,10,Over
4,talk,157,15,11,Over
4,talk,158,15,7,Over
4,talk,159,15,3,Over
4,talk,160,16,12,Over
4,talk,161,16,11,Over
4,talk,162,16,2,Over
4,talk,163,16,3,Over
4,talk,164,16,14,Over
4,talk,165,16,8,VOTE Agent[07]
4,talk,166,16,7,Over
4,talk,167,16,5,Over
4,talk,168,16,15,Over
4,talk,169,16,10,Over
4,talk,170,17,11,Over
4,talk,171,17,10,Over
4,talk,172,17,2,Over
4,talk,173,17,7,Over
4,talk,174,17,8,Skip
4,talk,175,17,3,Over
4,talk,176,17,15,Over
4,talk,177,17,12,Over
4,talk,178,17,5,Over
4,talk,179,17,14,Over
4,talk,180,18,8,Skip
4,talk,181,18,15,Over
4,talk,182,18,3,Over
4,talk,183,18,5,Over
4,talk,184,18,14,Over
4,talk,185,18,11,Over
4,talk,186,18,10,Over
4,talk,187,18,7,Over
4,talk,188,18,12,Over
4,talk,189,18,2,Over
4,talk,190,19,7,Over
4,talk,191,19,2,Over
4,talk,192,19,8,VOTE Agent[07]
4,talk,193,19,10,Over
4,talk,194,19,15,Over
4,talk,195,19,5,Over
4,talk,196,19,11,Over
4,talk,197,19,3,Over
4,talk,198,19,12,Over
4,talk,199,19,14,Over
4,vote,2,7
4,vote,3,8
4,vote,5,8
4,vote,7,3
4,vote,8,7
4,vote,10,8
4,vote,11,10
4,vote,12,7
4,vote,14,10
4,vote,15,12
4,vote,2,7
4,vote,3,8
4,vote,5,8
4,vote,7,3
4,vote,8,7
4,vote,10,8
4,vote,11,10
4,vote,12,7
4,vote,14,10
4,vote,15,12
4,execute,8,VILLAGER
4,whisper,0,0,14,COMINGOUT Agent[14] VILLAGER
4,whisper,1,0,7,ATTACK Agent[10]
4,whisper,2,1,7,Skip
4,whisper,3,1,14,Skip
4,whisper,4,2,7,Skip
4,whisper,5,2,14,Skip
4,whisper,6,3,14,Over
4,whisper,7,3,7,Over
4,guard,12,2,VILLAGER
4,attackVote,7,10
4,attackVote,14,2
4,attackVote,7,10
4,attackVote,14,2
4,attack,10,true
5,status,1,VILLAGER,DEAD,carlo
5,status,2,VILLAGER,ALIVE,m_cre
5,status,3,VILLAGER,ALIVE,cndl
5,status,4,POSSESSED,DEAD,AITKN
5,status,5,VILLAGER,ALIVE,aplain
5,status,6,WEREWOLF,DEAD,takkyubu
5,status,7,WEREWOLF,ALIVE,kasuka
5,status,8,VILLAGER,DEAD,johnny
5,status,9,VILLAGER,DEAD,hibagon
5,status,10,MEDIUM,DEAD,colun
5,status,11,VILLAGER,ALIVE,wasabi
5,status,12,BODYGUARD,ALIVE,Udon
5,status,13,SEER,DEAD,JuN1Ro
5,status,14,WEREWOLF,ALIVE,cash
5,status,15,VILLAGER,ALIVE,daisyo
5,talk,0,0,15,VOTE Agent[12]
5,talk,1,0,11,VOTE Agent[07]
5,talk,2,0,3,VOTE Agent[14]
5,talk,3,0,12,VOTE Agent[07]
5,talk,4,0,2,VOTE Agent[07]
5,talk,5,0,14,VOTE Agent[15]
5,talk,6,0,7,DIVINED Agent[15] WEREWOLF
5,talk,7,0,5,VOTE Agent[15]
5,talk,8,1,11,ESTIMATE Agent[07] WEREWOLF
5,talk,9,1,15,Skip
5,talk,10,1,12,Over
5,talk,11,1,14,Skip
5,talk,12,1,3,VOTE Agent[15]
5,talk,13,1,5,Skip
5,talk,14,1,7,VOTE Agent[15]
5,talk,15,1,2,Skip
5,talk,16,2,14,Skip
5,talk,17,2,7,VOTE Agent[12]
5,talk,18,2,12,Over
5,talk,19,2,11,ESTIMATE Agent[07] WEREWOLF
5,talk,20,2,2,Skip
5,talk,21,2,3,Skip
5,talk,22,2,5,Skip
5,talk,23,2,15,COMINGOUT Agent[15] VILLAGER
5,talk,24,3,14,Over
5,talk,25,3,5,Over
5,talk,26,3,12,Over
5,talk,27,3,3,Skip
5,talk,28,3,2,Over
5,talk,29,3,15,Over
5,talk,30,3,7,Skip
5,talk,31,3,11,ESTIMATE Agent[07] WEREWOLF
5,talk,32,4,14,Over
5,talk,33,4,7,Skip
5,talk,34,4,12,Over
5,talk,35,4,2,Over
5,talk,36,4,5,Over
5,talk,37,4,15,Skip
5,talk,38,4,3,Over
5,talk,39,4,11,ESTIMATE Agent[07] WEREWOLF
5,talk,40,5,12,Over
5,talk,41,5,7,Over
5,talk,42,5,15,Skip
5,talk,43,5,14,Over
5,talk,44,5,3,Over
5,talk,45,5,11,Skip
5,talk,46,5,5,Over
5,talk,47,5,2,Over
5,talk,48,6,15,Over
5,talk,49,6,5,Over
5,talk,50,6,7,Over
5,talk,51,6,14,Over
5,talk,52,6,2,Over
5,talk,53,6,3,Over
5,talk,54,6,11,ESTIMATE Agent[07] WEREWOLF
5,talk,55,6,12,Over
5,talk,56,7,14,Over
5,talk,57,7,7,Over
5,talk,58,7,3,Over
5,talk,59,7,5,Over
5,talk,60,7,2,Over
5,talk,61,7,11,ESTIMATE Agent[07] WEREWOLF
5,talk,62,7,12,Over
5,talk,63,7,15,Over
5,talk,64,8,14,Over
5,talk,65,8,12,Over
5,talk,66,8,15,Over
5,talk,67,8,7,Over
5,talk,68,8,2,Over
5,talk,69,8,11,ESTIMATE Agent[07] WEREWOLF
5,talk,70,8,5,Over
5,talk,71,8,3,Over
5,talk,72,9,3,Over
5,talk,73,9,7,Over
5,talk,74,9,2,Over
5,talk,75,9,5,Over
5,talk,76,9,12,Over
5,talk,77,9,11,ESTIMATE Agent[05] VILLAGER
5,talk,78,9,14,Over
5,talk,79,9,15,Over
5,talk,80,10,11,ESTIMATE Agent[03] VILLAGER
5,talk,81,10,15,Over
5,talk,82,10,12,Over
5,talk,83,10,3,Over
5,talk,84,10,2,Over
5,talk,85,10,14,Over
5,talk,86,10,5,Over
5,talk,87,10,7,Over
5,talk,88,11,12,Over
5,talk,89,11,14,Over
5,talk,90,11,11,Over
5,talk,91,11,15,Over
5,talk,92,11,7,Over
5,talk,93,11,3,Over
5,talk,94,11,5,Over
5,talk,95,11,2,Over
5,vote,2,7
5,vote,3,15
5,vote,5,15
5,vote,7,12
5,vote,11,7
5,vote,12,7
5,vote,14,15
5,vote,15,12
5,vote,2,7
5,vote,3,15
5,vote,5,15
5,vote,7,12
5,vote,11,7
5,vote,12,7
5,vote,14,15
5,vote,15,12
5,execute,7,WEREWOLF
5,guard,12,2,VILLAGER
5,attackVote,14,12
5,attack,12,true
6,status,1,VILLAGER,DEAD,carlo
6,status,2,VILLAGER,ALIVE,m_cre
6,status,3,VILLAGER,ALIVE,cndl
6,status,4,POSSESSED,DEAD,AITKN
6,status,5,VILLAGER,ALIVE,aplain
6,status,6,WEREWOLF,DEAD,takkyubu
6,status,7,WEREWOLF,DEAD,kasuka
6,status,8,VILLAGER,DEAD,johnny
6,status,9,VILLAGER,DEAD,hibagon
6,status,10,MEDIUM,DEAD,colun
6,status,11,VILLAGER,ALIVE,wasabi
6,status,12,BODYGUARD,DEAD,Udon
6,status,13,SEER,DEAD,JuN1Ro
6,status,14,WEREWOLF,ALIVE,cash
6,status,15,VILLAGER,ALIVE,daisyo
6,talk,0,0,2,VOTE Agent[11]
6,talk,1,0,3,VOTE Agent[15]
6,talk,2,0,11,VOTE Agent[15]
6,talk,3,0,15,VOTE Agent[02]
6,talk,4,0,5,DISAGREE TALK day4 ID:82
6,talk,5,0,14,VOTE Agent[15]
6,talk,6,1,11,ESTIMATE Agent[02] WEREWOLF
6,talk,7,1,14,Skip
6,talk,8,1,2,Skip
6,talk,9,1,3,Skip
6,talk,10,1,5,DISAGREE TALK day4 ID:90
6,talk,11,1,15,Skip
6,talk,12,2,15,Over
6,talk,13,2,14,Skip
6,talk,14,2,2,Skip
6,talk,15,2,3,Skip
6,talk,16,2,5,DISAGREE TALK day4 ID:127
6,talk,17,2,11,ESTIMATE Agent[02] WEREWOLF
6,talk,18,3,5,ESTIMATE Agent[15] WEREWOLF
6,talk,19,3,3,Over
6,talk,20,3,2,Over
6,talk,21,3,14,Over
6,talk,22,3,11,Skip
6,talk,23,3,15,Over
6,talk,24,4,14,Over
6,talk,25,4,15,ESTIMATE Agent[02] VILLAGER
6,talk,26,4,2,Over
6,talk,27,4,5,REQUEST(DIVINATION Agent[15])
6,talk,28,4,3,Over
6,talk,29,4,11,ESTIMATE Agent[14] WEREWOLF
6,talk,30,5,2,Over
6,talk,31,5,5,VOTE Agent[15]
6,talk,32,5,3,Over
6,talk,33,5,15,ESTIMATE Agent[03] VILLAGER
6,talk,34,5,11,ESTIMATE Agent[03] WEREWOLF
6,talk,35,5,14,VOTE Agent[02]
6,talk,36,6,3,Over
6,talk,37,6,11,VOTE Agent[14]
6,talk,38,6,2,Over
6,talk,39,6,15,Skip
6,talk,40,6,5,Skip
6,talk,41,6,14,Skip
6,talk,42,7,14,VOTE Agent[15]
6,talk,43,7,15,ESTIMATE Agent[14] VILLAGER
6,talk,44,7,11,VOTE Agent[15]
6,talk,45,7,3,Over
6,talk,46,7,2,Over
6,talk,47,7,5,Skip
6,talk,48,8,15,Over
6,talk,49,8,3,Over
6,talk,50,8,11,ESTIMATE Agent[05] WEREWOLF
6,talk,51,8,2,Over
6,talk,52,8,5,Over
6,talk,53,8,14,VOTE Agent[02]
6,talk,54,9,11,Skip
6,talk,55,9,5,Over
6,talk,56,9,14,Skip
6,talk,57,9,15,Over
6,talk,58,9,2,Over
6,talk,59,9,3,Over
6,talk,60,10,14,Over
6,talk,61,10,2,Over
6,talk,62,10,15,Over
6,talk,63,10,3,Over
6,talk,64,10,11,ESTIMATE Agent[15] WEREWOLF
6,talk,65,10,5,Over
6,talk,66,11,2,Over
6,talk,67,11,15,Over
6,talk,68,11,3,Over
6,talk,69,11,14,Over
6,talk,70,11,5,Over
6,talk,71,11,11,ESTIMATE Agent[14] WEREWOLF
6,talk,72,12,2,Over
6,talk,73,12,5,Over
6,talk,74,12,14,Over
6,talk,75,12,11,Over
6,talk,76,12,3,Over
6,talk,77,12,15,Over
6,vote,2,11
6,vote,3,15
6,vote,5,15
6,vote,11,15
6,vote,14,2
6,vote,15,14
6,execute,15,VILLAGER
6,attackVote,14,5
6,attack,5,true
7,status,1,VILLAGER,DEAD,carlo
7,status,2,VILLAGER,ALIVE,m_cre
7,status,3,VILLAGER,ALIVE,cndl
7,status,4,POSSESSED,DEAD,AITKN
7,status,5,VILLAGER,DEAD,aplain
7,status,6,WEREWOLF,DEAD,takkyubu
7,status,7,WEREWOLF,DEAD,kasuka
7,status,8,VILLAGER,DEAD,johnny
7,status,9,VILLAGER,DEAD,hibagon
7,status,10,MEDIUM,DEAD,colun
7,status,11,VILLAGER,ALIVE,wasabi
7,status,12,BODYGUARD,DEAD,Udon
7,status,13,SEER,DEAD,JuN1Ro
7,status,14,WEREWOLF,ALIVE,cash
7,status,15,VILLAGER,DEAD,daisyo
7,talk,0,0,14,VOTE Agent[02]
7,talk,1,0,11,VOTE Agent[14]
7,talk,2,0,3,VOTE Agent[14]
7,talk,3,0,2,VOTE Agent[11]
7,talk,4,1,3,Skip
7,talk,5,1,2,Skip
7,talk,6,1,14,Skip
7,talk,7,1,11,Skip
7,talk,8,2,14,Skip
7,talk,9,2,2,Skip
7,talk,10,2,11,Skip
7,talk,11,2,3,Skip
7,talk,12,3,11,ESTIMATE Agent[03] WEREWOLF
7,talk,13,3,2,Over
7,talk,14,3,3,Over
7,talk,15,3,14,Over
7,talk,16,4,3,Over
7,talk,17,4,14,Over
7,talk,18,4,11,VOTE Agent[02]
7,talk,19,4,2,Over
7,talk,20,5,3,Over
7,talk,21,5,2,Over
7,talk,22,5,11,ESTIMATE Agent[14] WEREWOLF
7,talk,23,5,14,VOTE Agent[03]
7,talk,24,6,14,Skip
7,talk,25,6,2,Over
7,talk,26,6,3,Over
7,talk,27,6,11,VOTE Agent[03]
7,talk,28,7,11,VOTE Agent[14]
7,talk,29,7,14,Skip
7,talk,30,7,3,Over
7,talk,31,7,2,Over
7,talk,32,8,3,Over
7,talk,33,8,2,Over
7,talk,34,8,14,VOTE Agent[02]
7,talk,35,8,11,Skip
7,talk,36,9,2,Over
7,talk,37,9,14,Skip
7,talk,38,9,3,Over
7,talk,39,9,11,ESTIMATE Agent[03] VILLAGER
7,talk,40,10,14,Over
7,talk,41,10,3,Over
7,talk,42,10,2,Over
7,talk,43,10,11,VOTE Agent[02]
7,talk,44,11,3,Over
7,talk,45,11,11,Over
7,talk,46,11,2,Over
7,talk,47,11,14,VOTE Agent[03]
7,talk,48,12,2,Over
7,talk,49,12,3,Over
7,talk,50,12,14,Over
7,talk,51,12,11,VOTE Agent[14]
7,talk,52,13,11,VOTE Agent[02]
7,talk,53,13,14,VOTE Agent[02]
7,talk,54,13,2,Over
7,talk,55,13,3,Over
7,talk,56,14,14,VOTE Agent[03]
7,talk,57,14,11,Over
7,talk,58,14,3,Over
7,talk,59,14,2,Over
7,talk,60,15,14,Over
7,talk,61,15,11,Over
7,talk,62,15,3,Over
7,talk,63,15,2,Over
7,vote,2,11
7,vote,3,14
7,vote,11,2
7,vote,14,3
7,vote,2,11
7,vote,3,14
7,vote,11,14
7,vote,14,3
7,execute,14,WEREWOLF
8,status,1,VILLAGER,DEAD,carlo
8,status,2,VILLAGER,ALIVE,m_cre
8,status,3,VILLAGER,ALIVE,cndl
8,status,4,POSSESSED,DEAD,AITKN
8,status,5,VILLAGER,DEAD,aplain
8,status,6,WEREWOLF,DEAD,takkyubu
8,status,7,WEREWOLF,DEAD,kasuka
8,status,8,VILLAGER,DEAD,johnny
8,status,9,VILLAGER,DEAD,hibagon
8,status,10,MEDIUM,DEAD,colun
8,status,11,VILLAGER,ALIVE,wasabi
8,status,12,BODYGUARD,DEAD,Udon
8,status,13,SEER,DEAD,JuN1Ro
8,status,14,WEREWOLF,DEAD,cash
8,status,15,VILLAGER,DEAD,daisyo
8,result,3,0,VILLAGER
