0,status,1,MEDIUM,ALIVE,carlo
0,status,2,VILLAGER,ALIVE,m_cre
0,status,3,SEER,ALIVE,cndl
0,status,4,WEREWOLF,ALIVE,AITKN
0,status,5,VILLAGER,ALIVE,aplain
0,status,6,VILLAGER,ALIVE,takkyubu
0,status,7,WEREWOLF,ALIVE,kasuka
0,status,8,VILLAGER,ALIVE,johnny
0,status,9,WEREWOLF,ALIVE,hibagon
0,status,10,VILLAGER,ALIVE,colun
0,status,11,BODYGUARD,ALIVE,wasabi
0,status,12,VILLAGER,ALIVE,Udon
0,status,13,VILLAGER,ALIVE,JuN1Ro
0,status,14,POSSESSED,ALIVE,cash
0,status,15,VILLAGER,ALIVE,daisyo
0,whisper,0,0,4,COMINGOUT Agent[04] VILLAGER
0,whisper,1,0,7,COMINGOUT Agent[07] VILLAGER
0,whisper,2,0,9,COMINGOUT Agent[09] SEER
0,whisper,3,1,7,Skip
0,whisper,4,1,4,Skip
0,whisper,5,1,9,Skip
0,whisper,6,2,4,Skip
0,whisper,7,2,9,Skip
0,whisper,8,2,7,Skip
0,whisper,9,3,4,Over
0,whisper,10,3,7,Over
0,whisper,11,3,9,Over
0,divine,3,8,HUMAN
1,status,1,MEDIUM,ALIVE,carlo
1,status,2,VILLAGER,ALIVE,m_cre
1,status,3,SEER,ALIVE,cndl
1,status,4,WEREWOLF,ALIVE,AITKN
1,status,5,VILLAGER,ALIVE,aplain
1,status,6,VILLAGER,ALIVE,takkyubu
1,status,7,WEREWOLF,ALIVE,kasuka
1,status,8,VILLAGER,ALIVE,johnny
1,status,9,WEREWOLF,ALIVE,hibagon
1,status,10,VILLAGER,ALIVE,colun
1,status,11,BODYGUARD,ALIVE,wasabi
1,status,12,VILLAGER,ALIVE,Udon
1,status,13,VILLAGER,ALIVE,JuN1Ro
1,status,14,POSSESSED,ALIVE,cash
1,status,15,VILLAGER,ALIVE,daisyo
1,talk,0,0,6,VOTE Agent[09]
1,talk,1,0,9,VOTE Agent[12]
1,talk,2,0,13,VOTE Agent[11]
1,talk,3,0,7,ESTIMATE Agent[13] WEREWOLF
1,talk,4,0,15,VOTE Agent[01]
1,talk,5,0,5,VOTE Agent[02]
1,talk,6,0,2,VOTE Agent[12]
1,talk,7,0,8,VOTE Agent[01]
1,talk,8,0,4,VOTE Agent[03]
1,talk,9,0,3,COMINGOUT Agent[03] SEER
1,talk,10,0,12,VOTE Agent[06]
1,talk,11,0,11,VOTE Agent[08]
1,talk,12,0,10,VOTE Agent[13]
1,talk,13,0,1,VOTE Agent[02]
1,talk,14,0,14,COMINGOUT Agent[14] SEER
1,talk,15,1,15,VOTE Agent[12]
1,talk,16,1,2,VOTE Agent[03]
1,talk,17,1,8,VOTE Agent[04]
1,talk,18,1,7,ESTIMATE Agent[15] WEREWOLF
1,talk,19,1,11,ESTIMATE Agent[03] WEREWOLF
1,talk,20,1,9,REQUEST(VOTE Agent[12])
1,talk,21,1,10,Skip
1,talk,22,1,6,Skip
1,talk,23,1,13,VOTE Agent[12]
1,talk,24,1,5,Skip
1,talk,25,1,3,DIVINED Agent[08] HUMAN
1,talk,26,1,4,Skip
1,talk,27,1,12,VOTE Agent[02]
1,talk,28,1,14,DIVINED Agent[06] HUMAN
1,talk,29,1,1,Skip
1,talk,30,2,10,ESTIMATE Agent[14] SEER
1,talk,31,2,11,VOTE Agent[04]
1,talk,32,2,13,VOTE Agent[02]
1,talk,33,2,9,VOTE Agent[03]
1,talk,34,2,15,Over
1,talk,35,2,14,VOTE Agent[06]
1,talk,36,2,1,Skip
1,talk,37,2,5,ESTIMATE Agent[14] SEER
1,talk,38,2,12,Over
1,talk,39,2,3,VOTE Agent[09]
1,talk,40,2,2,Skip
1,talk,41,2,8,VOTE Agent[15]
1,talk,42,2,4,VOTE Agent[12]
1,talk,43,2,6,ESTIMATE Agent[14] SEER
1,talk,44,2,7,ESTIMATE Agent[14] WEREWOLF
1,talk,45,3,2,Skip
1,talk,46,3,14,Skip
1,talk,47,3,3,Skip
1,talk,48,3,13,Over
1,talk,49,3,6,Skip
1,talk,50,3,11,Skip
1,talk,51,3,8,Skip
1,talk,52,3,9,REQUEST(VOTE Agent[03])
1,talk,53,3,10,Skip
1,talk,54,3,1,Over
1,talk,55,3,15,Over
1,talk,56,3,5,Skip
1,talk,57,3,12,Over
1,talk,58,3,4,VOTE Agent[12]
1,talk,59,3,7,VOTE Agent[08]
1,talk,60,4,8,Skip
1,talk,61,4,10,Skip
1,talk,62,4,11,VOTE Agent[15]
1,talk,63,4,14,Skip
1,talk,64,4,9,COMINGOUT Agent[09] SEER
1,talk,65,4,15,ESTIMATE Agent[12] VILLAGER
1,talk,66,4,12,Over
1,talk,67,4,3,Skip
1,talk,68,4,2,Over
1,talk,69,4,6,Skip
1,talk,70,4,13,Over
1,talk,71,4,4,REQUEST(DIVINATION Agent[05])
1,talk,72,4,5,Skip
1,talk,73,4,1,Over
1,talk,74,4,7,Skip
1,talk,75,5,4,Skip
1,talk,76,5,12,Over
1,talk,77,5,11,ESTIMATE Agent[14] WEREWOLF
1,talk,78,5,5,Over
1,talk,79,5,10,Over
1,talk,80,5,1,Over
1,talk,81,5,15,Skip
1,talk,82,5,7,Skip
1,talk,83,5,6,Over
1,talk,84,5,9,Skip
1,talk,85,5,2,Over
1,talk,86,5,14,VOTE Agent[12]
1,talk,87,5,3,Over
1,talk,88,5,8,VOTE Agent[03]
1,talk,89,5,13,Over
1,talk,90,6,5,Over
1,talk,91,6,6,Over
1,talk,92,6,13,Over
1,talk,93,6,9,Skip
1,talk,94,6,14,VOTE Agent[05]
1,talk,95,6,10,Over
1,talk,96,6,12,Over
1,talk,97,6,2,Over
1,talk,98,6,7,Over
1,talk,99,6,1,Over
1,talk,100,6,15,Skip
1,talk,101,6,3,VOTE Agent[12]
1,talk,102,6,11,Skip
1,talk,103,6,4,Skip
1,talk,104,6,8,VOTE Agent[14]
1,talk,105,7,4,Over
1,talk,106,7,15,Over
1,talk,107,7,14,VOTE Agent[12]
1,talk,108,7,8,Skip
1,talk,109,7,6,Over
1,talk,110,7,13,Over
1,talk,111,7,3,VOTE Agent[09]
1,talk,112,7,5,Over
1,talk,113,7,10,Over
1,talk,114,7,9,Over
1,talk,115,7,7,Over
1,talk,116,7,2,Over
1,talk,117,7,1,Over
1,talk,118,7,12,Over
1,talk,119,7,11,ESTIMATE Agent[01] VILLAGER
1,talk,120,8,13,Over
1,talk,121,8,12,Over
1,talk,122,8,1,Over
1,talk,123,8,10,Over
1,talk,124,8,4,Over
1,talk,125,8,7,Over
1,talk,126,8,14,Skip
1,talk,127,8,11,Skip
1,talk,128,8,15,Over
1,talk,129,8,3,VOTE Agent[12]
1,talk,130,8,9,Over
1,talk,131,8,5,Over
1,talk,132,8,2,Over
1,talk,133,8,6,Over
1,talk,134,8,8,Skip
1,talk,135,9,14,Skip
1,talk,136,9,13,VOTE Agent[12]
1,talk,137,9,6,Over
1,talk,138,9,12,Over
1,talk,139,9,8,VOTE Agent[14]
1,talk,140,9,5,Over
1,talk,141,9,7,Over
1,talk,142,9,2,Over
1,talk,143,9,11,ESTIMATE Agent[01] VILLAGER
1,talk,144,9,10,Over
1,talk,145,9,3,Skip
1,talk,146,9,9,Over
1,talk,147,9,4,Over
1,talk,148,9,15,ESTIMATE Agent[13] VILLAGER
1,talk,149,9,1,Over
1,talk,150,10,2,Over
1,talk,151,10,9,Over
1,talk,152,10,13,Over
1,talk,153,10,14,Over
1,talk,154,10,7,Over
1,talk,155,10,5,Over
1,talk,156,10,3,Skip
1,talk,157,10,1,Over
1,talk,158,10,10,Over
1,talk,159,10,12,Over
1,talk,160,10,4,Over
1,talk,161,10,15,Over
1,talk,162,10,11,ESTIMATE Agent[04] WEREWOLF
1,talk,163,10,8,Skip
1,talk,164,10,6,Over
1,talk,165,11,15,Over
1,talk,166,11,5,Over
1,talk,167,11,6,Over
1,talk,168,11,9,Over
1,talk,169,11,3,Over
1,talk,170,11,10,Over
1,talk,171,11,4,Over
1,talk,172,11,8,Skip
1,talk,173,11,14,Over
1,talk,174,11,11,Over
1,talk,175,11,7,Over
1,talk,176,11,2,Over
1,talk,177,11,12,Over
1,talk,178,11,13,Over
1,talk,179,11,1,Over
1,talk,180,12,12,Over
1,talk,181,12,15,Over
1,talk,182,12,13,Over
1,talk,183,12,1,Over
1,talk,184,12,8,VOTE Agent[14]
1,talk,185,12,11,ESTIMATE Agent[14] WEREWOLF
1,talk,186,12,6,Over
1,talk,187,12,5,Over
1,talk,188,12,14,Over
1,talk,189,12,3,Over
1,talk,190,12,2,Over
1,talk,191,12,4,Over
1,talk,192,12,7,Over
1,talk,193,12,9,Over
1,talk,194,12,10,Over
1,talk,195,13,5,Over
1,talk,196,13,2,Over
1,talk,197,13,6,Over
1,talk,198,13,10,Over
1,talk,199,13,3,Over
1,talk,200,13,13,Over
1,talk,201,13,14,Over
1,talk,202,13,1,Over
1,talk,203,13,12,Over
1,talk,204,13,4,Over
1,talk,205,13,15,Over
1,talk,206,13,8,Skip
1,talk,207,13,7,Over
1,talk,208,13,9,Over
1,talk,209,13,11,Over
1,talk,210,14,6,Over
1,talk,211,14,7,Over
1,talk,212,14,5,Over
1,talk,213,14,8,Skip
1,talk,214,14,15,Over
1,talk,215,14,13,Over
1,talk,216,14,2,Over
1,talk,217,14,12,Over
1,talk,218,14,10,Over
1,talk,219,14,11,ESTIMATE Agent[04] VILLAGER
1,talk,220,14,4,Over
1,talk,221,14,1,Over
1,talk,222,14,3,Over
1,talk,223,14,14,Over
1,talk,224,14,9,Over
1,talk,225,15,10,Over
1,talk,226,15,15,Over
1,talk,227,15,7,Over
1,talk,228,15,11,Over
1,talk,229,15,1,Over
1,talk,230,15,8,VOTE Agent[14]
1,talk,231,15,13,Over
1,talk,232,15,9,Over
1,talk,233,15,12,Over
1,talk,234,15,6,Over
1,talk,235,15,2,Over
1,talk,236,15,3,Over
1,talk,237,15,5,Over
1,talk,238,15,4,Over
1,talk,239,15,14,Over
1,talk,240,16,11,Over
1,talk,241,16,15,Over
1,talk,242,16,4,Over
1,talk,243,16,5,Over
1,talk,244,16,9,Over
1,talk,245,16,12,Over
1,talk,246,16,6,Over
1,talk,247,16,8,Skip
1,talk,248,16,14,Over
1,talk,249,16,7,Over
1,talk,250,16,1,Over
1,talk,251,16,3,Over
1,talk,252,16,13,Over
1,talk,253,16,10,Over
1,talk,254,16,2,Over
1,talk,255,17,11,Over
1,talk,256,17,1,Over
1,talk,257,17,4,Over
1,talk,258,17,12,Over
1,talk,259,17,6,Over
1,talk,260,17,2,Over
1,talk,261,17,5,Over
1,talk,262,17,13,Over
1,talk,263,17,7,Over
1,talk,264,17,3,Over
1,talk,265,17,8,Skip
1,talk,266,17,15,Over
1,talk,267,17,10,Over
1,talk,268,17,14,Over
1,talk,269,17,9,Over
1,talk,270,18,12,Over
1,talk,271,18,3,VOTE Agent[09]
1,talk,272,18,14,Over
1,talk,273,18,9,Over
1,talk,274,18,15,Over
1,talk,275,18,11,Over
1,talk,276,18,13,Over
1,talk,277,18,8,VOTE Agent[14]
1,talk,278,18,6,Over
1,talk,279,18,4,Over
1,talk,280,18,7,Over
1,talk,281,18,1,Over
1,talk,282,18,10,Over
1,talk,283,18,5,Over
1,talk,284,18,2,Over
1,talk,285,19,9,Over
1,talk,286,19,14,Over
1,talk,287,19,12,Over
1,talk,288,19,3,Skip
1,talk,289,19,7,Over
1,talk,290,19,11,Over
1,talk,291,19,10,Over
1,talk,292,19,4,Over
1,talk,293,19,8,Skip
1,talk,294,19,6,Over
1,talk,295,19,2,Over
1,talk,296,19,1,Over
1,talk,297,19,5,Over
1,talk,298,19,13,Over
1,talk,299,19,15,Over
1,vote,1,2
1,vote,2,3
1,vote,3,9
1,vote,4,12
1,vote,5,2
1,vote,6,9
1,vote,7,8
1,vote,8,14
1,vote,9,3
1,vote,10,13
1,vote,11,15
1,vote,12,2
1,vote,13,12
1,vote,14,12
1,vote,15,12
1,execute,12,VILLAGER
1,divine,3,11,HUMAN
1,whisper,0,0,9,ATTACK Agent[03]
1,whisper,1,0,7,ATTACK Agent[14]
1,whisper,2,0,4,Skip
1,whisper,3,1,4,Skip
1,whisper,4,1,7,Skip
1,whisper,5,1,9,REQUEST(ATTACK Agent[03])
1,whisper,6,2,7,Skip
1,whisper,7,2,4,Over
1,whisper,8,2,9,Skip
1,whisper,9,3,4,Over
1,whisper,10,3,9,Skip
1,whisper,11,3,7,Over
1,whisper,12,4,4,Over
1,whisper,13,4,7,Over
1,whisper,14,4,9,Over
1,guard,11,3,SEER
1,attackVote,4,3
1,attackVote,7,14
1,attackVote,9,3
1,attack,3,false
2,status,1,MEDIUM,ALIVE,carlo
2,status,2,VILLAGER,ALIVE,m_cre
2,status,3,SEER,ALIVE,cndl
2,status,4,WEREWOLF,ALIVE,AITKN
2,status,5,VILLAGER,ALIVE,aplain
2,status,6,VILLAGER,ALIVE,takkyubu
2,status,7,WEREWOLF,ALIVE,kasuka
2,status,8,VILLAGER,ALIVE,johnny
2,status,9,WEREWOLF,ALIVE,hibagon
2,status,10,VILLAGER,ALIVE,colun
2,status,11,BODYGUARD,ALIVE,wasabi
2,status,12,VILLAGER,DEAD,Udon
2,status,13,VILLAGER,ALIVE,JuN1Ro
2,status,14,POSSESSED,ALIVE,cash
2,status,15,VILLAGER,ALIVE,daisyo
2,talk,0,0,6,VOTE Agent[04]
2,talk,1,0,3,DIVINED Agent[09] WEREWOLF
2,talk,2,0,13,VOTE Agent[03]
2,talk,3,0,10,VOTE Agent[02]
2,talk,4,0,7,ESTIMATE Agent[05] WEREWOLF
2,talk,5,0,8,VOTE Agent[14]
2,talk,6,0,9,VOTE Agent[03]
2,talk,7,0,1,COMINGOUT Agent[01] MEDIUM
2,talk,8,0,4,VOTE Agent[12]
2,talk,9,0,14,DIVINED Agent[14] HUMAN
2,talk,10,0,2,VOTE Agent[14]
2,talk,11,0,15,VOTE Agent[13]
2,talk,12,0,5,VOTE Agent[11]
2,talk,13,0,11,Skip
2,talk,14,1,1,IDENTIFIED Agent[12] HUMAN
2,talk,15,1,15,Over
2,talk,16,1,6,ESTIMATE Agent[09] WEREWOLF
2,talk,17,1,3,VOTE Agent[09]
2,talk,18,1,4,VOTE Agent[09]
2,talk,19,1,8,VOTE Agent[03]
2,talk,20,1,7,ESTIMATE Agent[06] WEREWOLF
2,talk,21,1,13,VOTE Agent[03]
2,talk,22,1,11,Skip
2,talk,23,1,14,VOTE Agent[04]
2,talk,24,1,2,Skip
2,talk,25,1,5,ESTIMATE Agent[09] WEREWOLF
2,talk,26,1,9,REQUEST(VOTE Agent[03])
2,talk,27,1,10,ESTIMATE Agent[09] WEREWOLF
2,talk,28,2,15,VOTE Agent[02]
2,talk,29,2,11,VOTE Agent[15]
2,talk,30,2,1,VOTE Agent[02]
2,talk,31,2,5,REQUEST(Agent[14] DIVINATION Agent[09])
2,talk,32,2,3,VOTE Agent[04]
2,talk,33,2,2,Skip
2,talk,34,2,7,ESTIMATE Agent[15] WEREWOLF
2,talk,35,2,6,REQUEST(Agent[14] DIVINATION Agent[09])
2,talk,36,2,9,Skip
2,talk,37,2,13,Over
2,talk,38,2,10,REQUEST(Agent[14] DIVINATION Agent[09])
2,talk,39,2,4,VOTE Agent[03]
2,talk,40,2,8,Skip
2,talk,41,2,14,Skip
2,talk,42,3,1,Skip
2,talk,43,3,9,Skip
2,talk,44,3,15,VOTE Agent[13]
2,talk,45,3,11,ESTIMATE Agent[05] VILLAGER
2,talk,46,3,7,VOTE Agent[14]
2,talk,47,3,6,VOTE Agent[09]
2,talk,48,3,10,VOTE Agent[09]
2,talk,49,3,14,Skip
2,talk,50,3,2,Over
2,talk,51,3,13,Over
2,talk,52,3,5,VOTE Agent[09]
2,talk,53,3,8,Skip
2,talk,54,3,4,VOTE Agent[03]
2,talk,55,3,3,VOTE Agent[09]
2,talk,56,4,14,VOTE Agent[05]
2,talk,57,4,10,Skip
2,talk,58,4,13,Over
2,talk,59,4,4,REQUEST(DIVINATION Agent[10])
2,talk,60,4,9,Over
2,talk,61,4,8,VOTE Agent[03]
2,talk,62,4,1,Skip
2,talk,63,4,15,ESTIMATE Agent[13] VILLAGER
2,talk,64,4,2,Over
2,talk,65,4,6,Skip
2,talk,66,4,3,Skip
2,talk,67,4,11,Skip
2,talk,68,4,5,Skip
2,talk,69,4,7,VOTE Agent[05]
2,talk,70,5,14,Skip
2,talk,71,5,5,Skip
2,talk,72,5,8,Skip
2,talk,73,5,2,Over
2,talk,74,5,7,Skip
2,talk,75,5,3,Skip
2,talk,76,5,6,Skip
2,talk,77,5,11,Over
2,talk,78,5,1,Over
2,talk,79,5,9,Over
2,talk,80,5,13,Over
2,talk,81,5,15,Skip
2,talk,82,5,4,Skip
2,talk,83,5,10,Skip
2,talk,84,6,3,Over
2,talk,85,6,10,Over
2,talk,86,6,7,Skip
2,talk,87,6,6,Over
2,talk,88,6,1,Over
2,talk,89,6,2,Over
2,talk,90,6,4,Skip
2,talk,91,6,13,Over
2,talk,92,6,11,Over
2,talk,93,6,8,Skip
2,talk,94,6,15,Skip
2,talk,95,6,5,Over
2,talk,96,6,14,Skip
2,talk,97,6,9,Over
2,talk,98,7,7,Over
2,talk,99,7,9,Over
2,talk,100,7,11,VOTE Agent[10]
2,talk,101,7,6,Over
2,talk,102,7,5,Over
2,talk,103,7,10,Over
2,talk,104,7,15,Over
2,talk,105,7,3,Over
2,talk,106,7,1,Over
2,talk,107,7,14,Over
2,talk,108,7,4,Over
2,talk,109,7,13,Over
2,talk,110,7,2,Over
2,talk,111,7,8,VOTE Agent[03]
2,talk,112,8,7,Over
2,talk,113,8,11,Over
2,talk,114,8,8,Skip
2,talk,115,8,14,Over
2,talk,116,8,6,Over
2,talk,117,8,15,Over
2,talk,118,8,3,Over
2,talk,119,8,9,Over
2,talk,120,8,1,Over
2,talk,121,8,10,Over
2,talk,122,8,13,VOTE Agent[09]
2,talk,123,8,5,Over
2,talk,124,8,4,Over
2,talk,125,8,2,Over
2,talk,126,9,5,Over
2,talk,127,9,1,Over
2,talk,128,9,6,Over
2,talk,129,9,14,Over
2,talk,130,9,8,Skip
2,talk,131,9,3,Over
2,talk,132,9,13,Over
2,talk,133,9,4,Over
2,talk,134,9,2,Over
2,talk,135,9,11,ESTIMATE Agent[08] VILLAGER
2,talk,136,9,10,Over
2,talk,137,9,9,Over
2,talk,138,9,7,Over
2,talk,139,9,15,ESTIMATE Agent[02] VILLAGER
2,talk,140,10,8,VOTE Agent[03]
2,talk,141,10,13,ESTIMATE Agent[09] WEREWOLF
2,talk,142,10,15,Over
2,talk,143,10,10,Over
2,talk,144,10,5,Over
2,talk,145,10,2,Over
2,talk,146,10,3,Over
2,talk,147,10,4,Over
2,talk,148,10,14,Over
2,talk,149,10,1,Over
2,talk,150,10,9,Over
2,talk,151,10,11,ESTIMATE Agent[10] VILLAGER
2,talk,152,10,7,Over
2,talk,153,10,6,Over
2,talk,154,11,8,Skip
2,talk,155,11,14,Over
2,talk,156,11,6,Over
2,talk,157,11,15,Over
2,talk,158,11,7,Over
2,talk,159,11,3,Over
2,talk,160,11,11,Over
2,talk,161,11,9,Over
2,talk,162,11,1,Over
2,talk,163,11,5,Over
2,talk,164,11,4,Over
2,talk,165,11,2,Over
2,talk,166,11,13,Over
2,talk,167,11,10,Over
2,talk,168,12,3,Over
2,talk,169,12,15,VOTE Agent[02]
2,talk,170,12,6,Over
2,talk,171,12,10,Over
2,talk,172,12,1,Over
2,talk,173,12,2,Over
2,talk,174,12,4,Over
2,talk,175,12,9,Over
2,talk,176,12,7,Over
2,talk,177,12,11,VOTE Agent[15]
2,talk,178,12,13,Over
2,talk,179,12,8,Skip
2,talk,180,12,14,Over
2,talk,181,12,5,Over
2,talk,182,13,15,Over
2,talk,183,13,6,Over
2,talk,184,13,2,Over
2,talk,185,13,3,Over
2,talk,186,13,7,Over
2,talk,187,13,5,Over
2,talk,188,13,11,ESTIMATE Agent[07] VILLAGER
2,talk,189,13,8,VOTE Agent[03]
2,talk,190,13,9,Over
2,talk,191,13,14,Over
2,talk,192,13,10,Over
2,talk,193,13,4,Over
2,talk,194,13,1,Over
2,talk,195,13,13,Over
2,talk,196,14,14,Over
2,talk,197,14,13,Over
2,talk,198,14,8,Skip
2,talk,199,14,6,Over
2,talk,200,14,2,Over
2,talk,201,14,7,Over
2,talk,202,14,4,Over
2,talk,203,14,1,Over
2,talk,204,14,15,Over
2,talk,205,14,10,Over
2,talk,206,14,11,Over
2,talk,207,14,5,Over
2,talk,208,14,9,Over
2,talk,209,14,3,Over
2,talk,210,15,14,Over
2,talk,211,15,6,Over
2,talk,212,15,10,Over
2,talk,213,15,5,Over
2,talk,214,15,2,Over
2,talk,215,15,9,Over
2,talk,216,15,1,Over
2,talk,217,15,3,Over
2,talk,218,15,8,Skip
2,talk,219,15,11,ESTIMATE Agent[14] WEREWOLF
2,talk,220,15,7,Over
2,talk,221,15,4,Over
2,talk,222,15,15,Over
2,talk,223,15,13,Over
2,talk,224,16,3,Over
2,talk,225,16,10,Over
2,talk,226,16,15,Over
2,talk,227,16,8,VOTE Agent[14]
2,talk,228,16,14,Over
2,talk,229,16,5,Over
2,talk,230,16,7,Over
2,talk,231,16,11,Over
2,talk,232,16,9,Over
2,talk,233,16,4,Over
2,talk,234,16,13,Over
2,talk,235,16,2,Over
2,talk,236,16,1,Over
2,talk,237,16,6,Over
2,talk,238,17,1,Over
2,talk,239,17,11,Over
2,talk,240,17,13,Over
2,talk,241,17,14,Over
2,talk,242,17,8,Skip
2,talk,243,17,5,Over
2,talk,244,17,15,Over
2,talk,245,17,7,Over
2,talk,246,17,4,Over
2,talk,247,17,10,Over
2,talk,248,17,6,Over
2,talk,249,17,3,Over
2,talk,250,17,9,Over
2,talk,251,17,2,Over
2,talk,252,18,2,Over
2,talk,253,18,4,Over
2,talk,254,18,8,Skip
2,talk,255,18,7,Over
2,talk,256,18,10,Over
2,talk,257,18,6,Over
2,talk,258,18,11,ESTIMATE Agent[07] VILLAGER
2,talk,259,18,13,Over
2,talk,260,18,5,Over
2,talk,261,18,15,Over
2,talk,262,18,1,Over
2,talk,263,18,3,Over
2,talk,264,18,9,Over
2,talk,265,18,14,Over
2,talk,266,19,1,Over
2,talk,267,19,11,ESTIMATE Agent[13] VILLAGER
2,talk,268,19,5,Over
2,talk,269,19,8,VOTE Agent[14]
2,talk,270,19,10,Over
2,talk,271,19,6,Over
2,talk,272,19,2,Over
2,talk,273,19,9,Over
2,talk,274,19,13,Over
2,talk,275,19,7,Over
2,talk,276,19,14,Over
2,talk,277,19,4,Over
2,talk,278,19,3,Over
2,talk,279,19,15,Over
2,vote,1,2
2,vote,2,14
2,vote,3,9
2,vote,4,3
2,vote,5,9
2,vote,6,9
2,vote,7,5
2,vote,8,14
2,vote,9,3
2,vote,10,9
2,vote,11,15
2,vote,13,9
2,vote,14,5
2,vote,15,2
2,execute,9,WEREWOLF
2,divine,3,4,WEREWOLF
2,whisper,0,0,4,Skip
2,whisper,1,0,7,ATTACK Agent[01]
2,whisper,2,1,4,Skip
2,whisper,3,1,7,Skip
2,whisper,4,2,7,Skip
2,whisper,5,2,4,Over
2,whisper,6,3,7,Over
2,whisper,7,3,4,Over
2,guard,11,14,POSSESSED
2,attackVote,4,3
2,attackVote,7,1
2,attackVote,4,3
2,attackVote,7,1
2,attack,1,true
3,status,1,MEDIUM,DEAD,carlo
3,status,2,VILLAGER,ALIVE,m_cre
3,status,3,SEER,ALIVE,cndl
3,status,4,WEREWOLF,ALIVE,AITKN
3,status,5,VILLAGER,ALIVE,aplain
3,status,6,VILLAGER,ALIVE,takkyubu
3,status,7,WEREWOLF,ALIVE,kasuka
3,status,8,VILLAGER,ALIVE,johnny
3,status,9,WEREWOLF,DEAD,hibagon
3,status,10,VILLAGER,ALIVE,colun
3,status,11,BODYGUARD,ALIVE,wasabi
3,status,12,VILLAGER,DEAD,Udon
3,status,13,VILLAGER,ALIVE,JuN1Ro
3,status,14,POSSESSED,ALIVE,cash
3,status,15,VILLAGER,ALIVE,daisyo
3,talk,0,0,7,ESTIMATE Agent[05] WEREWOLF
3,talk,1,0,15,VOTE Agent[02]
3,talk,2,0,4,VOTE Agent[03]
3,talk,3,0,2,VOTE Agent[14]
3,talk,4,0,13,VOTE Agent[14]
3,talk,5,0,6,VOTE Agent[08]
3,talk,6,0,8,VOTE Agent[14]
3,talk,7,0,5,VOTE Agent[03]
3,talk,8,0,3,DIVINED Agent[04] WEREWOLF
3,talk,9,0,10,VOTE Agent[04]
3,talk,10,0,11,VOTE Agent[13]
3,talk,11,0,14,DIVINED Agent[05] HUMAN
3,talk,12,1,7,ESTIMATE Agent[15] WEREWOLF
3,talk,13,1,13,Over
3,talk,14,1,6,AGREE TALK day1 ID:162
3,talk,15,1,2,Skip
3,talk,16,1,11,VOTE Agent[04]
3,talk,17,1,4,ESTIMATE Agent[03] WEREWOLF
3,talk,18,1,14,VOTE Agent[04]
3,talk,19,1,15,Skip
3,talk,20,1,8,Skip
3,talk,21,1,3,VOTE Agent[04]
3,talk,22,1,5,AGREE TALK day1 ID:162
3,talk,23,1,10,Skip
3,talk,24,2,7,ESTIMATE Agent[06] WEREWOLF
3,talk,25,2,6,DISAGREE TALK day1 ID:219
3,talk,26,2,11,ESTIMATE Agent[02] VILLAGER
3,talk,27,2,2,Skip
3,talk,28,2,13,ESTIMATE Agent[14] WEREWOLF
3,talk,29,2,5,DISAGREE TALK day1 ID:219
3,talk,30,2,15,Skip
3,talk,31,2,8,VOTE Agent[03]
3,talk,32,2,3,Skip
3,talk,33,2,10,Skip
3,talk,34,2,4,Skip
3,talk,35,2,14,Skip
3,talk,36,3,11,ESTIMATE Agent[10] VILLAGER
3,talk,37,3,13,VOTE Agent[15]
3,talk,38,3,10,Over
3,talk,39,3,14,Skip
3,talk,40,3,15,ESTIMATE Agent[02] VILLAGER
3,talk,41,3,5,ESTIMATE Agent[04] WEREWOLF
3,talk,42,3,8,VOTE Agent[14]
3,talk,43,3,2,Over
3,talk,44,3,3,Skip
3,talk,45,3,6,ESTIMATE Agent[04] WEREWOLF
3,talk,46,3,4,Skip
3,talk,47,3,7,VOTE Agent[08]
3,talk,48,4,14,Over
3,talk,49,4,11,ESTIMATE Agent[05] VILLAGER
3,talk,50,4,15,Skip
3,talk,51,4,8,Skip
3,talk,52,4,10,Over
3,talk,53,4,4,REQUEST(DIVINATION Agent[11])
3,talk,54,4,13,VOTE Agent[14]
3,talk,55,4,5,REQUEST(Agent[14] DIVINATION Agent[04])
3,talk,56,4,6,REQUEST(Agent[14] DIVINATION Agent[04])
3,talk,57,4,7,VOTE Agent[05]
3,talk,58,4,2,Over
3,talk,59,4,3,Over
3,talk,60,5,2,Over
3,talk,61,5,11,Skip
3,talk,62,5,8,VOTE Agent[03]
3,talk,63,5,6,VOTE Agent[04]
3,talk,64,5,10,Over
3,talk,65,5,13,Over
3,talk,66,5,14,Over
3,talk,67,5,7,VOTE Agent[15]
3,talk,68,5,3,Over
3,talk,69,5,5,VOTE Agent[04]
3,talk,70,5,4,Skip
3,talk,71,5,15,Skip
3,talk,72,6,14,Over
3,talk,73,6,2,Over
3,talk,74,6,4,Skip
3,talk,75,6,10,Over
3,talk,76,6,5,Skip
3,talk,77,6,15,Over
3,talk,78,6,13,ESTIMATE Agent[14] WEREWOLF
3,talk,79,6,6,Skip
3,talk,80,6,11,Skip
3,talk,81,6,3,Over
3,talk,82,6,7,Skip
3,talk,83,6,8,Skip
3,talk,84,7,3,Over
3,talk,85,7,2,Over
3,talk,86,7,4,Over
3,talk,87,7,6,Skip
3,talk,88,7,8,VOTE Agent[14]
3,talk,89,7,7,Skip
3,talk,90,7,14,Over
3,talk,91,7,5,Skip
3,talk,92,7,15,Over
3,talk,93,7,11,ESTIMATE Agent[06] VILLAGER
3,talk,94,7,13,ESTIMATE Agent[14] VILLAGER
3,talk,95,7,10,Over
3,talk,96,8,7,Over
3,talk,97,8,5,Over
3,talk,98,8,10,Over
3,talk,99,8,8,VOTE Agent[03]
3,talk,100,8,15,Over
3,talk,101,8,3,Over
3,talk,102,8,6,Over
3,talk,103,8,11,ESTIMATE Agent[14] WEREWOLF
3,talk,104,8,13,Over
3,talk,105,8,14,Over
3,talk,106,8,2,Over
3,talk,107,8,4,Over
3,talk,108,9,8,VOTE Agent[14]
3,talk,109,9,13,Over
3,talk,110,9,11,ESTIMATE Agent[08] VILLAGER
3,talk,111,9,14,Over
3,talk,112,9,3,Over
3,talk,113,9,4,Over
3,talk,114,9,5,Over
3,talk,115,9,10,Over
3,talk,116,9,2,Over
3,talk,117,9,7,Over
3,talk,118,9,15,ESTIMATE Agent[13] VILLAGER
3,talk,119,9,6,Over
3,talk,120,10,15,Over
3,talk,121,10,13,ESTIMATE Agent[14] WEREWOLF
3,talk,122,10,11,ESTIMATE Agent[05] VILLAGER
3,talk,123,10,14,Over
3,talk,124,10,8,Skip
3,talk,125,10,5,Over
3,talk,126,10,3,Over
3,talk,127,10,7,VOTE Agent[08]
3,talk,128,10,4,Over
3,talk,129,10,2,Over
3,talk,130,10,10,Over
3,talk,131,10,6,Over
3,talk,132,11,10,Over
3,talk,133,11,11,Skip
3,talk,134,11,8,Skip
3,talk,135,11,13,Over
3,talk,136,11,4,Over
3,talk,137,11,15,Over
3,talk,138,11,6,Over
3,talk,139,11,14,Over
3,talk,140,11,2,Over
3,talk,141,11,5,Over
3,talk,142,11,3,Over
3,talk,143,11,7,Skip
3,talk,144,12,15,Over
3,talk,145,12,3,Over
3,talk,146,12,4,Over
3,talk,147,12,8,VOTE Agent[14]
3,talk,148,12,11,ESTIMATE Agent[14] WEREWOLF
3,talk,149,12,13,Over
3,talk,150,12,10,Over
3,talk,151,12,5,Over
3,talk,152,12,6,Over
3,talk,153,12,7,Skip
3,talk,154,12,2,Over
3,talk,155,12,14,Over
3,talk,156,13,4,Over
3,talk,157,13,8,Skip
3,talk,158,13,7,VOTE Agent[06]
3,talk,159,13,5,Over
3,talk,160,13,6,Over
3,talk,161,13,13,Over
3,talk,162,13,2,Over
3,talk,163,13,14,Over
3,talk,164,13,10,Over
3,talk,165,13,15,Over
3,talk,166,13,3,Over
3,talk,167,13,11,Over
3,talk,168,14,4,Over
3,talk,169,14,14,Over
3,talk,170,14,2,Over
3,talk,171,14,3,Over
3,talk,172,14,13,Over
3,talk,173,14,11,Over
3,talk,174,14,7,Skip
3,talk,175,14,8,Skip
3,talk,176,14,6,Over
3,talk,177,14,15,Over
3,talk,178,14,10,Over
3,talk,179,14,5,Over
3,talk,180,15,10,Over
3,talk,181,15,4,Over
3,talk,182,15,7,Skip
3,talk,183,15,15,Over
3,talk,184,15,13,Over
3,talk,185,15,8,VOTE Agent[14]
3,talk,186,15,2,Over
3,talk,187,15,3,Over
3,talk,188,15,6,Over
3,talk,189,15,5,Over
3,talk,190,15,11,Over
3,talk,191,15,14,Over
3,talk,192,16,3,Over
3,talk,193,16,4,Over
3,talk,194,16,6,Over
3,talk,195,16,13,Over
3,talk,196,16,8,Skip
3,talk,197,16,11,Over
3,talk,198,16,5,Over
3,talk,199,16,15,Over
3,talk,200,16,14,Over
3,talk,201,16,7,Over
3,talk,202,16,10,Over
3,talk,203,16,2,Over
3,talk,204,17,6,Over
3,talk,205,17,7,Over
3,talk,206,17,3,Over
3,talk,207,17,10,Over
3,talk,208,17,15,Over
3,talk,209,17,13,Over
3,talk,210,17,14,Over
3,talk,211,17,4,Over
3,talk,212,17,5,Over
3,talk,213,17,8,Skip
3,talk,214,17,2,Over
3,talk,215,17,11,Over
3,talk,216,18,2,Over
3,talk,217,18,10,Over
3,talk,218,18,14,Over
3,talk,219,18,3,Over
3,talk,220,18,15,Over
3,talk,221,18,6,Over
3,talk,222,18,5,Over
3,talk,223,18,13,Over
3,talk,224,18,11,Over
3,talk,225,18,8,VOTE Agent[14]
3,talk,226,18,7,Over
3,talk,227,18,4,Over
3,talk,228,19,7,Over
3,talk,229,19,14,Over
3,talk,230,19,5,Over
3,talk,231,19,15,Over
3,talk,232,19,8,Over
3,talk,233,19,4,Over
3,talk,234,19,3,Over
3,talk,235,19,10,Over
3,talk,236,19,11,Over
3,talk,237,19,6,Over
3,talk,238,19,13,Over
3,talk,239,19,2,Over
3,vote,2,14
3,vote,3,4
3,vote,4,3
3,vote,5,4
3,vote,6,4
3,vote,7,6
3,vote,8,14
3,vote,10,4
3,vote,11,4
3,vote,13,14
3,vote,14,4
3,vote,15,4
3,execute,4,WEREWOLF
3,divine,3,13,HUMAN
3,guard,11,14,POSSESSED
3,attack,11,true
4,status,1,MEDIUM,DEAD,carlo
4,status,2,VILLAGER,ALIVE,m_cre
4,status,3,SEER,ALIVE,cndl
4,status,4,WEREWOLF,DEAD,AITKN
4,status,5,VILLAGER,ALIVE,aplain
4,status,6,VILLAGER,ALIVE,takkyubu
4,status,7,WEREWOLF,ALIVE,kasuka
4,status,8,VILLAGER,ALIVE,johnny
4,status,9,WEREWOLF,DEAD,hibagon
4,status,10,VILLAGER,ALIVE,colun
4,status,11,BODYGUARD,DEAD,wasabi
4,status,12,VILLAGER,DEAD,Udon
4,status,13,VILLAGER,ALIVE,JuN1Ro
4,status,14,POSSESSED,ALIVE,cash
4,status,15,VILLAGER,ALIVE,daisyo
4,talk,0,0,2,VOTE Agent[14]
4,talk,1,0,15,VOTE Agent[02]
4,talk,2,0,14,DIVINED Agent[05] HUMAN
4,talk,3,0,7,ESTIMATE Agent[06] WEREWOLF
4,talk,4,0,5,VOTE Agent[10]
4,talk,5,0,6,VOTE Agent[03]
4,talk,6,0,10,VOTE Agent[14]
4,talk,7,0,13,VOTE Agent[14]
4,talk,8,0,8,VOTE Agent[14]
4,talk,9,0,3,DIVINED Agent[15] WEREWOLF
4,talk,10,1,13,Over
4,talk,11,1,6,AGREE TALK day1 ID:18
4,talk,12,1,3,VOTE Agent[15]
4,talk,13,1,2,Skip
4,talk,14,1,10,AGREE TALK day1 ID:18
4,talk,15,1,15,ESTIMATE Agent[02] VILLAGER
4,talk,16,1,8,VOTE Agent[15]
4,talk,17,1,5,AGREE TALK day1 ID:18
4,talk,18,1,7,ESTIMATE Agent[05] WEREWOLF
4,talk,19,1,14,VOTE Agent[05]
4,talk,20,2,6,AGREE TALK day2 ID:34
4,talk,21,2,10,AGREE TALK day2 ID:34
4,talk,22,2,8,VOTE Agent[14]
4,talk,23,2,14,VOTE Agent[07]
4,talk,24,2,5,AGREE TALK day2 ID:34
4,talk,25,2,7,ESTIMATE Agent[10] WEREWOLF
4,talk,26,2,3,Skip
4,talk,27,2,13,ESTIMATE Agent[14] WEREWOLF
4,talk,28,2,15,ESTIMATE Agent[13] VILLAGER
4,talk,29,2,2,Skip
4,talk,30,3,8,Skip
4,talk,31,3,14,Skip
4,talk,32,3,3,Skip
4,talk,33,3,5,AGREE TALK day3 ID:12
4,talk,34,3,13,Over
4,talk,35,3,15,ESTIMATE Agent[07] VILLAGER
4,talk,36,3,6,AGREE TALK day3 ID:12
4,talk,37,3,10,AGREE TALK day3 ID:12
4,talk,38,3,2,Over
4,talk,39,3,7,VOTE Agent[08]
4,talk,40,4,15,Over
4,talk,41,4,3,Over
4,talk,42,4,14,Skip
4,talk,43,4,7,VOTE Agent[05]
4,talk,44,4,10,ESTIMATE Agent[15] WEREWOLF
4,talk,45,4,2,Over
4,talk,46,4,5,ESTIMATE Agent[15] WEREWOLF
4,talk,47,4,13,ESTIMATE Agent[14] VILLAGER
4,talk,48,4,8,Skip
4,talk,49,4,6,ESTIMATE Agent[15] WEREWOLF
4,talk,50,5,3,Over
4,talk,51,5,10,REQUEST(Agent[14] DIVINATION Agent[15])
4,talk,52,5,14,VOTE Agent[05]
4,talk,53,5,8,VOTE Agent[15]
4,talk,54,5,15,Over
4,talk,55,5,6,REQUEST(Agent[14] DIVINATION Agent[15])
4,talk,56,5,7,VOTE Agent[08]
4,talk,57,5,5,REQUEST(Agent[14] DIVINATION Agent[15])
4,talk,58,5,2,Over
4,talk,59,5,13,Over
4,talk,60,6,8,Skip
4,talk,61,6,7,VOTE Agent[14]
4,talk,62,6,5,VOTE Agent[15]
4,talk,63,6,6,VOTE Agent[15]
4,talk,64,6,3,Over
4,talk,65,6,14,VOTE Agent[07]
4,talk,66,6,10,VOTE Agent[15]
4,talk,67,6,15,Over
4,talk,68,6,2,Over
4,talk,69,6,13,Over
4,talk,70,7,14,Skip
4,talk,71,7,10,Skip
4,talk,72,7,5,Skip
4,talk,73,7,15,COMINGOUT Agent[15] VILLAGER
4,talk,74,7,8,Skip
4,talk,75,7,3,Over
4,talk,76,7,6,Skip
4,talk,77,7,2,Over
4,talk,78,7,7,Skip
4,talk,79,7,13,Over
4,talk,80,8,6,Skip
4,talk,81,8,15,Over
4,talk,82,8,14,Skip
4,talk,83,8,8,VOTE Agent[15]
4,talk,84,8,5,Skip
4,talk,85,8,2,Over
4,talk,86,8,3,Over
4,talk,87,8,13,Over
4,talk,88,8,7,Skip
4,talk,89,8,10,Skip
4,talk,90,9,7,Over
4,talk,91,9,10,Over
4,talk,92,9,13,Over
4,talk,93,9,2,Over
4,talk,94,9,5,Over
4,talk,95,9,15,Over
4,talk,96,9,14,Over
4,talk,97,9,3,Over
4,talk,98,9,8,Skip
4,talk,99,9,6,Over
4,talk,100,10,14,Over
4,talk,101,10,5,Over
4,talk,102,10,2,Over
4,talk,103,10,15,Over
4,talk,104,10,3,Over
4,talk,105,10,6,Over
4,talk,106,10,10,Over
4,talk,107,10,7,Over
4,talk,108,10,13,ESTIMATE Agent[14] WEREWOLF
4,talk,109,10,8,Skip
4,talk,110,11,7,Over
4,talk,111,11,8,VOTE Agent[14]
4,talk,112,11,2,Over
4,talk,113,11,13,Over
4,talk,114,11,6,Over
4,talk,115,11,3,Over
4,talk,116,11,5,Over
4,talk,117,11,14,Over
4,talk,118,11,15,Over
4,talk,119,11,10,Over
4,talk,120,12,15,Over
4,talk,121,12,8,Skip
4,talk,122,12,14,Over
4,talk,123,12,3,Over
4,talk,124,12,7,Over
4,talk,125,12,6,Over
4,talk,126,12,2,Over
4,talk,127,12,10,Over
4,talk,128,12,5,Over
4,talk,129,12,13,Over
4,talk,130,13,3,Over
4,talk,131,13,8,Skip
4,talk,132,13,5,Over
4,talk,133,13,2,Over
4,talk,134,13,7,Over
4,talk,135,13,6,Over
4,talk,136,13,13,Over
4,talk,137,13,14,Over
4,talk,138,13,10,Over
4,talk,139,13,15,Over
4,talk,140,14,13,Over
4,talk,141,14,15,Over
4,talk,142,14,2,Over
4,talk,143,14,6,Over
4,talk,144,14,10,Over
4,talk,145,14,7,Over
4,talk,146,14,14,Over
4,talk,147,14,8,VOTE Agent[14]
4,talk,148,14,3,Over
4,talk,149,14,5,Over
4,talk,150,15,7,Over
4,talk,151,15,6,Over
4,talk,152,15,14,Over
4,talk,153,15,3,Over
4,talk,154,15,8,Skip
4,talk,155,15,13,Over
4,talk,156,15,5,Over
4,talk,157,15,15,Over
4,talk,158,15,10,Over
4,talk,159,15,2,Over
4,talk,160,16,2,Over
4,talk,161,16,5,Over
4,talk,162,16,7,Over
4,talk,163,16,13,Over
4,talk,164,16,15,Over
4,talk,165,16,6,Over
4,talk,166,16,14,Over
4,talk,167,16,8,Skip
4,talk,168,16,3,Over
4,talk,169,16,10,Over
4,talk,170,17,14,Over
4,talk,171,17,15,Over
4,talk,172,17,7,Over
4,talk,173,17,10,Over
4,talk,174,17,3,Over
4,talk,175,17,13,Over
4,talk,176,17,6,Over
4,talk,177,17,5,Over
4,talk,178,17,8,VOTE Agent[14]
4,talk,179,17,2,Over
4,talk,180,18,10,Over
4,talk,181,18,8,Skip
4,talk,182,18,7,Over
4,talk,183,18,13,Over
4,talk,184,18,3,Over
4,talk,185,18,14,Over
4,talk,186,18,6,Over
4,talk,187,18,5,Over
4,talk,188,18,15,Over
4,talk,189,18,2,Over
4,talk,190,19,15,Over
4,talk,191,19,8,Skip
4,talk,192,19,13,Over
4,talk,193,19,5,Over
4,talk,194,19,3,Over
4,talk,195,19,10,Over
4,talk,196,19,6,Over
4,talk,197,19,2,Over
4,talk,198,19,7,Over
4,talk,199,19,14,Over
4,vote,2,14
4,vote,3,15
4,vote,5,15
4,vote,6,15
4,vote,7,14
4,vote,8,14
4,vote,10,15
4,vote,13,14
4,vote,14,7
4,vote,15,2
4,vote,2,14
4,vote,3,15
4,vote,5,15
4,vote,6,15
4,vote,7,14
4,vote,8,14
4,vote,10,15
4,vote,13,14
4,vote,14,7
4,vote,15,2
4,execute,14,POSSESSED
4,divine,3,15,HUMAN
4,attack,13,true
5,status,1,MEDIUM,DEAD,carlo
5,status,2,VILLAGER,ALIVE,m_cre
5,status,3,SEER,ALIVE,cndl
5,status,4,WEREWOLF,DEAD,AITKN
5,status,5,VILLAGER,ALIVE,aplain
5,status,6,VILLAGER,ALIVE,takkyubu
5,status,7,WEREWOLF,ALIVE,kasuka
5,status,8,VILLAGER,ALIVE,johnny
5,status,9,WEREWOLF,DEAD,hibagon
5,status,10,VILLAGER,ALIVE,colun
5,status,11,BODYGUARD,DEAD,wasabi
5,status,12,VILLAGER,DEAD,Udon
5,status,13,VILLAGER,DEAD,JuN1Ro
5,status,14,POSSESSED,DEAD,cash
5,status,15,VILLAGER,ALIVE,daisyo
5,talk,0,0,15,VOTE Agent[02]
5,talk,1,0,3,DIVINED Agent[02] WEREWOLF
5,talk,2,0,10,DISAGREE TALK day1 ID:19
5,talk,3,0,2,VOTE Agent[03]
5,talk,4,0,6,DISAGREE TALK day1 ID:19
5,talk,5,0,7,ESTIMATE Agent[05] WEREWOLF
5,talk,6,0,8,VOTE Agent[15]
5,talk,7,0,5,DISAGREE TALK day1 ID:19
5,talk,8,1,15,ESTIMATE Agent[02] VILLAGER
5,talk,9,1,8,VOTE Agent[15]
5,talk,10,1,2,Skip
5,talk,11,1,10,DISAGREE TALK day3 ID:17
5,talk,12,1,7,ESTIMATE Agent[06] WEREWOLF
5,talk,13,1,6,DISAGREE TALK day3 ID:17
5,talk,14,1,3,VOTE Agent[02]
5,talk,15,1,5,DISAGREE TALK day3 ID:17
5,talk,16,2,15,ESTIMATE Agent[07] VILLAGER
5,talk,17,2,8,Skip
5,talk,18,2,2,Skip
5,talk,19,2,5,ESTIMATE Agent[03] SEER
5,talk,20,2,7,ESTIMATE Agent[10] WEREWOLF
5,talk,21,2,3,Skip
5,talk,22,2,6,ESTIMATE Agent[03] SEER
5,talk,23,2,10,ESTIMATE Agent[03] SEER
5,talk,24,3,10,AGREE TALK day1 ID:18
5,talk,25,3,6,AGREE TALK day1 ID:18
5,talk,26,3,3,Skip
5,talk,27,3,7,VOTE Agent[02]
5,talk,28,3,15,Skip
5,talk,29,3,5,AGREE TALK day1 ID:18
5,talk,30,3,2,Over
5,talk,31,3,8,Skip
5,talk,32,4,3,Over
5,talk,33,4,2,Over
5,talk,34,4,6,AGREE TALK day2 ID:34
5,talk,35,4,8,VOTE Agent[15]
5,talk,36,4,15,Over
5,talk,37,4,10,AGREE TALK day2 ID:34
5,talk,38,4,5,AGREE TALK day2 ID:34
5,talk,39,4,7,Skip
5,talk,40,5,7,Skip
5,talk,41,5,15,Over
5,talk,42,5,3,Over
5,talk,43,5,6,AGREE TALK day3 ID:12
5,talk,44,5,2,Over
5,talk,45,5,10,AGREE TALK day3 ID:12
5,talk,46,5,8,Skip
5,talk,47,5,5,AGREE TALK day3 ID:12
5,talk,48,6,8,Skip
5,talk,49,6,2,Over
5,talk,50,6,7,Over
5,talk,51,6,5,AGREE TALK day4 ID:44
5,talk,52,6,15,Over
5,talk,53,6,10,AGREE TALK day4 ID:44
5,talk,54,6,3,Over
5,talk,55,6,6,AGREE TALK day4 ID:44
5,talk,56,7,2,Over
5,talk,57,7,3,Over
5,talk,58,7,5,AGREE TALK day4 ID:46
5,talk,59,7,8,VOTE Agent[15]
5,talk,60,7,7,Over
5,talk,61,7,15,Over
5,talk,62,7,6,AGREE TALK day4 ID:46
5,talk,63,7,10,AGREE TALK day4 ID:46
5,talk,64,8,7,Over
5,talk,65,8,5,AGREE TALK day4 ID:49
5,talk,66,8,3,Over
5,talk,67,8,15,Over
5,talk,68,8,10,AGREE TALK day4 ID:49
5,talk,69,8,8,Skip
5,talk,70,8,6,AGREE TALK day4 ID:49
5,talk,71,8,2,Over
5,talk,72,9,10,ESTIMATE Agent[15] WEREWOLF
5,talk,73,9,7,Over
5,talk,74,9,5,ESTIMATE Agent[15] WEREWOLF
5,talk,75,9,3,Over
5,talk,76,9,8,Skip
5,talk,77,9,15,Skip
5,talk,78,9,6,ESTIMATE Agent[15] WEREWOLF
5,talk,79,9,2,Over
5,talk,80,10,3,Over
5,talk,81,10,8,VOTE Agent[15]
5,talk,82,10,15,Over
5,talk,83,10,5,Over
5,talk,84,10,7,Over
5,talk,85,10,2,Over
5,talk,86,10,6,Over
5,talk,87,10,10,Over
5,talk,88,11,8,Skip
5,talk,89,11,6,Over
5,talk,90,11,2,Over
5,talk,91,11,3,Over
5,talk,92,11,10,Over
5,talk,93,11,15,Over
5,talk,94,11,7,Over
5,talk,95,11,5,Over
5,talk,96,12,15,Over
5,talk,97,12,8,Skip
5,talk,98,12,6,Over
5,talk,99,12,7,Over
5,talk,100,12,10,Over
5,talk,101,12,2,Over
5,talk,102,12,3,Over
5,talk,103,12,5,Over
5,talk,104,13,2,Over
5,talk,105,13,15,Over
5,talk,106,13,3,Over
5,talk,107,13,7,Over
5,talk,108,13,8,VOTE Agent[15]
5,talk,109,13,6,Over
5,talk,110,13,5,Over
5,talk,111,13,10,Over
5,talk,112,14,10,Over
5,talk,113,14,5,Over
5,talk,114,14,15,Over
5,talk,115,14,2,Over
5,talk,116,14,6,Over
5,talk,117,14,7,Over
5,talk,118,14,3,Over
5,talk,119,14,8,Skip
5,talk,120,15,8,Skip
5,talk,121,15,10,Over
5,talk,122,15,3,Over
5,talk,123,15,5,Over
5,talk,124,15,6,Over
5,talk,125,15,15,Over
5,talk,126,15,2,Over
5,talk,127,15,7,Over
5,talk,128,16,2,Over
5,talk,129,16,15,Over
5,talk,130,16,8,VOTE Agent[15]
5,talk,131,16,5,Over
5,talk,132,16,7,Over
5,talk,133,16,6,Over
5,talk,134,16,10,Over
5,talk,135,16,3,Over
5,talk,136,17,3,Over
5,talk,137,17,7,Over
5,talk,138,17,8,Skip
5,talk,139,17,10,Over
5,talk,140,17,15,Over
5,talk,141,17,5,Over
5,talk,142,17,6,Over
5,talk,143,17,2,Over
5,talk,144,18,7,Over
5,talk,145,18,5,Over
5,talk,146,18,6,Over
5,talk,147,18,8,Skip
5,talk,148,18,10,Over
5,talk,149,18,15,Over
5,talk,150,18,2,Over
5,talk,151,18,3,Over
5,talk,152,19,2,Over
5,talk,153,19,6,Over
5,talk,154,19,7,Over
5,talk,155,19,10,Over
5,talk,156,19,15,Over
5,talk,157,19,8,VOTE Agent[15]
5,talk,158,19,5,Over
5,talk,159,19,3,Over
5,vote,2,3
5,vote,3,2
5,vote,5,15
5,vote,6,15
5,vote,7,2
5,vote,8,15
5,vote,10,15
5,vote,15,2
5,execute,15,VILLAGER
5,divine,3,2,HUMAN
5,attack,2,true
6,status,1,MEDIUM,DEAD,carlo
6,status,2,VILLAGER,DEAD,m_cre
6,status,3,SEER,ALIVE,cndl
6,status,4,WEREWOLF,DEAD,AITKN
6,status,5,VILLAGER,ALIVE,aplain
6,status,6,VILLAGER,ALIVE,takkyubu
6,status,7,WEREWOLF,ALIVE,kasuka
6,status,8,VILLAGER,ALIVE,johnny
6,status,9,WEREWOLF,DEAD,hibagon
6,status,10,VILLAGER,ALIVE,colun
6,status,11,BODYGUARD,DEAD,wasabi
6,status,12,VILLAGER,DEAD,Udon
6,status,13,VILLAGER,DEAD,JuN1Ro
6,status,14,POSSESSED,DEAD,cash
6,status,15,VILLAGER,DEAD,daisyo
6,talk,0,0,5,AGREE TALK day1 ID:19
6,talk,1,0,6,AGREE TALK day1 ID:19
6,talk,2,0,7,ESTIMATE Agent[06] WEREWOLF
6,talk,3,0,8,VOTE Agent[10]
6,talk,4,0,3,DIVINED Agent[02] HUMAN
6,talk,5,0,10,AGREE TALK day1 ID:19
6,talk,6,1,7,ESTIMATE Agent[05] WEREWOLF
6,talk,7,1,6,AGREE TALK day3 ID:17
6,talk,8,1,10,AGREE TALK day3 ID:17
6,talk,9,1,5,AGREE TALK day3 ID:17
6,talk,10,1,8,VOTE Agent[10]
6,talk,11,1,3,VOTE Agent[10]
6,talk,12,2,8,Skip
6,talk,13,2,7,ESTIMATE Agent[10] WEREWOLF
6,talk,14,2,3,Skip
6,talk,15,2,5,DISAGREE TALK day5 ID:19
6,talk,16,2,6,DISAGREE TALK day5 ID:19
6,talk,17,2,10,DISAGREE TALK day5 ID:19
6,talk,18,3,6,DISAGREE TALK day5 ID:22
6,talk,19,3,10,DISAGREE TALK day5 ID:22
6,talk,20,3,5,DISAGREE TALK day5 ID:22
6,talk,21,3,8,Skip
6,talk,22,3,7,VOTE Agent[05]
6,talk,23,3,3,Skip
6,talk,24,4,6,DISAGREE TALK day5 ID:23
6,talk,25,4,7,Skip
6,talk,26,4,8,VOTE Agent[10]
6,talk,27,4,10,DISAGREE TALK day5 ID:23
6,talk,28,4,3,Over
6,talk,29,4,5,DISAGREE TALK day5 ID:23
6,talk,30,5,8,Skip
6,talk,31,5,7,Skip
6,talk,32,5,10,ESTIMATE Agent[03] WEREWOLF
6,talk,33,5,5,ESTIMATE Agent[03] WEREWOLF
6,talk,34,5,3,Over
6,talk,35,5,6,ESTIMATE Agent[03] WEREWOLF
6,talk,36,6,7,VOTE Agent[06]
6,talk,37,6,5,REQUEST(DIVINATION Agent[03])
6,talk,38,6,6,REQUEST(DIVINATION Agent[03])
6,talk,39,6,8,Skip
6,talk,40,6,3,Over
6,talk,41,6,10,REQUEST(DIVINATION Agent[03])
6,talk,42,7,7,VOTE Agent[05]
6,talk,43,7,10,VOTE Agent[03]
6,talk,44,7,8,VOTE Agent[10]
6,talk,45,7,5,VOTE Agent[03]
6,talk,46,7,3,VOTE Agent[07]
6,talk,47,7,6,VOTE Agent[03]
6,talk,48,8,6,Skip
6,talk,49,8,8,Skip
6,talk,50,8,5,Skip
6,talk,51,8,7,VOTE Agent[10]
6,talk,52,8,10,Skip
6,talk,53,8,3,Skip
6,talk,54,9,10,Skip
6,talk,55,9,8,Skip
6,talk,56,9,3,VOTE Agent[10]
6,talk,57,9,5,Skip
6,talk,58,9,6,Skip
6,talk,59,9,7,Skip
6,talk,60,10,7,Skip
6,talk,61,10,3,Skip
6,talk,62,10,6,Over
6,talk,63,10,10,Over
6,talk,64,10,8,VOTE Agent[10]
6,talk,65,10,5,Over
6,talk,66,11,8,Skip
6,talk,67,11,6,Over
6,talk,68,11,5,Over
6,talk,69,11,3,Skip
6,talk,70,11,7,Over
6,talk,71,11,10,Over
6,talk,72,12,8,Skip
6,talk,73,12,6,Over
6,talk,74,12,3,Over
6,talk,75,12,7,Over
6,talk,76,12,10,Over
6,talk,77,12,5,Over
6,talk,78,13,6,Over
6,talk,79,13,5,Over
6,talk,80,13,7,Over
6,talk,81,13,8,VOTE Agent[10]
6,talk,82,13,10,Over
6,talk,83,13,3,Over
6,talk,84,14,5,Over
6,talk,85,14,8,Skip
6,talk,86,14,6,Over
6,talk,87,14,3,Over
6,talk,88,14,7,Over
6,talk,89,14,10,Over
6,talk,90,15,3,Over
6,talk,91,15,5,Over
6,talk,92,15,10,Over
6,talk,93,15,6,Over
6,talk,94,15,8,Skip
6,talk,95,15,7,Over
6,talk,96,16,7,Over
6,talk,97,16,10,Over
6,talk,98,16,3,Over
6,talk,99,16,6,Over
6,talk,100,16,8,VOTE Agent[10]
6,talk,101,16,5,Over
6,talk,102,17,7,Over
6,talk,103,17,8,Skip
6,talk,104,17,5,Over
6,talk,105,17,6,Over
6,talk,106,17,10,Over
6,talk,107,17,3,Over
6,talk,108,18,7,Over
6,talk,109,18,6,Over
6,talk,110,18,5,Over
6,talk,111,18,3,Over
6,talk,112,18,10,Over
6,talk,113,18,8,Skip
6,talk,114,19,10,Over
6,talk,115,19,8,VOTE Agent[10]
6,talk,116,19,5,Over
6,talk,117,19,7,Over
6,talk,118,19,6,Over
6,talk,119,19,3,Over
6,vote,3,10
6,vote,5,3
6,vote,6,3
6,vote,7,10
6,vote,8,10
6,vote,10,3
6,vote,3,10
6,vote,5,3
6,vote,6,3
6,vote,7,10
6,vote,8,10
6,vote,10,3
6,execute,3,SEER
6,attack,5,true
7,status,1,MEDIUM,DEAD,carlo
7,status,2,VILLAGER,DEAD,m_cre
7,status,3,SEER,DEAD,cndl
7,status,4,WEREWOLF,DEAD,AITKN
7,status,5,VILLAGER,DEAD,aplain
7,status,6,VILLAGER,ALIVE,takkyubu
7,status,7,WEREWOLF,ALIVE,kasuka
7,status,8,VILLAGER,ALIVE,johnny
7,status,9,WEREWOLF,DEAD,hibagon
7,status,10,VILLAGER,ALIVE,colun
7,status,11,BODYGUARD,DEAD,wasabi
7,status,12,VILLAGER,DEAD,Udon
7,status,13,VILLAGER,DEAD,JuN1Ro
7,status,14,POSSESSED,DEAD,cash
7,status,15,VILLAGER,DEAD,daisyo
7,talk,0,0,7,ESTIMATE Agent[10] WEREWOLF
7,talk,1,0,10,VOTE Agent[06]
7,talk,2,0,6,VOTE Agent[10]
7,talk,3,0,8,VOTE Agent[10]
7,talk,4,1,6,Skip
7,talk,5,1,8,Skip
7,talk,6,1,7,ESTIMATE Agent[05] WEREWOLF
7,talk,7,1,10,Skip
7,talk,8,2,6,Skip
7,talk,9,2,7,ESTIMATE Agent[06] WEREWOLF
7,talk,10,2,8,Skip
7,talk,11,2,10,Skip
7,talk,12,3,10,Over
7,talk,13,3,6,Over
7,talk,14,3,8,VOTE Agent[10]
7,talk,15,3,7,VOTE Agent[10]
7,talk,16,4,8,VOTE Agent[06]
7,talk,17,4,10,Over
7,talk,18,4,7,Skip
7,talk,19,4,6,Over
7,talk,20,5,8,Skip
7,talk,21,5,7,Skip
7,talk,22,5,6,Over
7,talk,23,5,10,Over
7,talk,24,6,6,Over
7,talk,25,6,10,Over
7,talk,26,6,7,Over
7,talk,27,6,8,Skip
7,talk,28,7,6,Over
7,talk,29,7,10,Over
7,talk,30,7,7,Over
7,talk,31,7,8,VOTE Agent[06]
7,talk,32,8,8,Skip
7,talk,33,8,6,Over
7,talk,34,8,7,Over
7,talk,35,8,10,Over
7,talk,36,9,8,Skip
7,talk,37,9,6,Over
7,talk,38,9,7,Over
7,talk,39,9,10,Over
7,talk,40,10,10,Over
7,talk,41,10,8,VOTE Agent[06]
7,talk,42,10,7,Over
7,talk,43,10,6,Over
7,talk,44,11,6,Over
7,talk,45,11,8,Skip
7,talk,46,11,7,Over
7,talk,47,11,10,Over
7,talk,48,12,10,Over
7,talk,49,12,6,Over
7,talk,50,12,8,Skip
7,talk,51,12,7,Over
7,talk,52,13,6,Over
7,talk,53,13,7,Over
7,talk,54,13,10,Over
7,talk,55,13,8,VOTE Agent[06]
7,talk,56,14,6,Over
7,talk,57,14,7,Over
7,talk,58,14,8,Skip
7,talk,59,14,10,Over
7,talk,60,15,7,Over
7,talk,61,15,6,Over
7,talk,62,15,8,Skip
7,talk,63,15,10,Over
7,talk,64,16,6,Over
7,talk,65,16,7,Over
7,talk,66,16,8,VOTE Agent[06]
7,talk,67,16,10,Over
7,talk,68,17,8,Skip
7,talk,69,17,6,Over
7,talk,70,17,10,Over
7,talk,71,17,7,Over
7,talk,72,18,7,Over
7,talk,73,18,6,Over
7,talk,74,18,8,Skip
7,talk,75,18,10,Over
7,talk,76,19,6,Over
7,talk,77,19,8,VOTE Agent[06]
7,talk,78,19,10,Over
7,talk,79,19,7,Over
7,vote,6,10
7,vote,7,10
7,vote,8,6
7,vote,10,6
7,vote,6,10
7,vote,7,10
7,vote,8,6
7,vote,10,6
7,execute,10,VILLAGER
7,attack,6,true
8,status,1,MEDIUM,DEAD,carlo
8,status,2,VILLAGER,DEAD,m_cre
8,status,3,SEER,DEAD,cndl
8,status,4,WEREWOLF,DEAD,AITKN
8,status,5,VILLAGER,DEAD,aplain
8,status,6,VILLAGER,DEAD,takkyubu
8,status,7,WEREWOLF,ALIVE,kasuka
8,status,8,VILLAGER,ALIVE,johnny
8,status,9,WEREWOLF,DEAD,hibagon
8,status,10,VILLAGER,DEAD,colun
8,status,11,BODYGUARD,DEAD,wasabi
8,status,12,VILLAGER,DEAD,Udon
8,status,13,VILLAGER,DEAD,JuN1Ro
8,status,14,POSSESSED,DEAD,cash
8,status,15,VILLAGER,DEAD,daisyo
8,result,1,1,WEREWOLF
