0,status,1,VILLAGER,ALIVE,carlo
0,status,2,WEREWOLF,ALIVE,m_cre
0,status,3,VILLAGER,ALIVE,cndl
0,status,4,SEER,ALIVE,AITKN
0,status,5,VILLAGER,ALIVE,aplain
0,status,6,WEREWOLF,ALIVE,takkyubu
0,status,7,POSSESSED,ALIVE,kasuka
0,status,8,VILLAGER,ALIVE,johnny
0,status,9,BODYGUARD,ALIVE,hibagon
0,status,10,VILLAGER,ALIVE,colun
0,status,11,VILLAGER,ALIVE,wasabi
0,status,12,VILLAGER,ALIVE,Udon
0,status,13,VILLAGER,ALIVE,JuN1Ro
0,status,14,MEDIUM,ALIVE,cash
0,status,15,WEREWOLF,ALIVE,daisyo
0,whisper,0,0,6,COMINGOUT Agent[06] MEDIUM
0,whisper,1,0,2,COMINGOUT Agent[02] VILLAGER
0,whisper,2,0,15,ATTACK Agent[03]
0,whisper,3,1,2,Over
0,whisper,4,1,6,Skip
0,whisper,5,1,15,Over
0,whisper,6,2,6,Skip
0,whisper,7,2,2,Over
0,whisper,8,2,15,Over
0,whisper,9,3,2,Over
0,whisper,10,3,15,Over
0,whisper,11,3,6,Over
0,divine,4,9,HUMAN
1,status,1,VILLAGER,ALIVE,carlo
1,status,2,WEREWOLF,ALIVE,m_cre
1,status,3,VILLAGER,ALIVE,cndl
1,status,4,SEER,ALIVE,AITKN
1,status,5,VILLAGER,ALIVE,aplain
1,status,6,WEREWOLF,ALIVE,takkyubu
1,status,7,POSSESSED,ALIVE,kasuka
1,status,8,VILLAGER,ALIVE,johnny
1,status,9,BODYGUARD,ALIVE,hibagon
1,status,10,VILLAGER,ALIVE,colun
1,status,11,VILLAGER,ALIVE,wasabi
1,status,12,VILLAGER,ALIVE,Udon
1,status,13,VILLAGER,ALIVE,JuN1Ro
1,status,14,MEDIUM,ALIVE,cash
1,status,15,WEREWOLF,ALIVE,daisyo
1,talk,0,0,10,VOTE Agent[05]
1,talk,1,0,1,VOTE Agent[02]
1,talk,2,0,15,VOTE Agent[01]
1,talk,3,0,8,VOTE Agent[01]
1,talk,4,0,9,VOTE Agent[08]
1,talk,5,0,4,COMINGOUT Agent[04] SEER
1,talk,6,0,12,VOTE Agent[04]
1,talk,7,0,5,VOTE Agent[08]
1,talk,8,0,14,COMINGOUT Agent[14] MEDIUM
1,talk,9,0,3,VOTE Agent[08]
1,talk,10,0,2,VOTE Agent[09]
1,talk,11,0,13,VOTE Agent[12]
1,talk,12,0,7,COMINGOUT Agent[07] SEER
1,talk,13,0,11,VOTE Agent[15]
1,talk,14,0,6,VOTE Agent[10]
1,talk,15,1,15,VOTE Agent[12]
1,talk,16,1,2,VOTE Agent[07]
1,talk,17,1,14,VOTE Agent[06]
1,talk,18,1,1,Skip
1,talk,19,1,4,DIVINED Agent[09] HUMAN
1,talk,20,1,11,Skip
1,talk,21,1,5,Skip
1,talk,22,1,6,REQUEST(VOTE Agent[10])
1,talk,23,1,7,DIVINED Agent[14] WEREWOLF
1,talk,24,1,10,Skip
1,talk,25,1,13,VOTE Agent[08]
1,talk,26,1,3,VOTE Agent[12]
1,talk,27,1,9,Skip
1,talk,28,1,8,VOTE Agent[03]
1,talk,29,1,12,VOTE Agent[08]
1,talk,30,2,3,VOTE Agent[06]
1,talk,31,2,15,Over
1,talk,32,2,14,VOTE Agent[05]
1,talk,33,2,1,Skip
1,talk,34,2,8,Skip
1,talk,35,2,12,Over
1,talk,36,2,2,Skip
1,talk,37,2,13,Over
1,talk,38,2,6,COMINGOUT Agent[06] MEDIUM
1,talk,39,2,9,ESTIMATE Agent[07] SEER
1,talk,40,2,5,ESTIMATE Agent[04] SEER
1,talk,41,2,4,VOTE Agent[01]
1,talk,42,2,7,Skip
1,talk,43,2,10,ESTIMATE Agent[04] SEER
1,talk,44,2,11,VOTE Agent[13]
1,talk,45,3,12,VOTE Agent[14]
1,talk,46,3,6,VOTE Agent[14]
1,talk,47,3,1,Over
1,talk,48,3,14,Skip
1,talk,49,3,8,VOTE Agent[14]
1,talk,50,3,15,Over
1,talk,51,3,10,ESTIMATE Agent[14] WEREWOLF
1,talk,52,3,5,ESTIMATE Agent[14] WEREWOLF
1,talk,53,3,13,Over
1,talk,54,3,3,Skip
1,talk,55,3,7,Skip
1,talk,56,3,4,DIVINATION Agent[14]
1,talk,57,3,9,ESTIMATE Agent[14] WEREWOLF
1,talk,58,3,11,VOTE Agent[14]
1,talk,59,3,2,VOTE Agent[14]
1,talk,60,4,2,Skip
1,talk,61,4,11,ESTIMATE Agent[06] WEREWOLF
1,talk,62,4,15,ESTIMATE Agent[03] VILLAGER
1,talk,63,4,5,REQUEST(Agent[04] DIVINATION Agent[14])
1,talk,64,4,12,Over
1,talk,65,4,9,REQUEST(Agent[07] DIVINATION Agent[14])
1,talk,66,4,13,VOTE Agent[14]
1,talk,67,4,14,VOTE Agent[06]
1,talk,68,4,8,Skip
1,talk,69,4,3,Skip
1,talk,70,4,4,Skip
1,talk,71,4,1,Over
1,talk,72,4,6,REQUEST(VOTE Agent[14])
1,talk,73,4,10,REQUEST(Agent[04] DIVINATION Agent[14])
1,talk,74,4,7,Over
1,talk,75,5,10,VOTE Agent[14]
1,talk,76,5,9,VOTE Agent[14]
1,talk,77,5,15,ESTIMATE Agent[12] VILLAGER
1,talk,78,5,11,ESTIMATE Agent[07] WEREWOLF
1,talk,79,5,14,VOTE Agent[08]
1,talk,80,5,13,Over
1,talk,81,5,12,Over
1,talk,82,5,4,Skip
1,talk,83,5,5,VOTE Agent[14]
1,talk,84,5,3,VOTE Agent[14]
1,talk,85,5,8,Skip
1,talk,86,5,2,Skip
1,talk,87,5,6,Skip
1,talk,88,5,7,Over
1,talk,89,5,1,Over
1,talk,90,6,11,ESTIMATE Agent[08] VILLAGER
1,talk,91,6,2,Over
1,talk,92,6,10,Skip
1,talk,93,6,1,Over
1,talk,94,6,3,Skip
1,talk,95,6,4,Over
1,talk,96,6,15,Skip
1,talk,97,6,14,VOTE Agent[05]
1,talk,98,6,7,Over
1,talk,99,6,5,Skip
1,talk,100,6,13,Over
1,talk,101,6,6,Skip
1,talk,102,6,12,Over
1,talk,103,6,9,Skip
1,talk,104,6,8,VOTE Agent[11]
1,talk,105,7,14,VOTE Agent[08]
1,talk,106,7,7,Over
1,talk,107,7,9,Skip
1,talk,108,7,5,Skip
1,talk,109,7,13,ESTIMATE Agent[10] VILLAGER
1,talk,110,7,6,Over
1,talk,111,7,11,ESTIMATE Agent[03] VILLAGER
1,talk,112,7,4,Over
1,talk,113,7,2,Over
1,talk,114,7,8,Skip
1,talk,115,7,10,Skip
1,talk,116,7,12,Over
1,talk,117,7,1,Over
1,talk,118,7,3,Skip
1,talk,119,7,15,ESTIMATE Agent[13] VILLAGER
1,talk,120,8,13,ESTIMATE Agent[14] WEREWOLF
1,talk,121,8,7,Over
1,talk,122,8,14,Skip
1,talk,123,8,12,Over
1,talk,124,8,1,Over
1,talk,125,8,10,Over
1,talk,126,8,2,Over
1,talk,127,8,5,Over
1,talk,128,8,8,Skip
1,talk,129,8,9,Over
1,talk,130,8,3,Over
1,talk,131,8,11,ESTIMATE Agent[12] VILLAGER
1,talk,132,8,6,Over
1,talk,133,8,15,Skip
1,talk,134,8,4,Over
1,talk,135,9,4,Over
1,talk,136,9,10,Over
1,talk,137,9,3,Over
1,talk,138,9,7,Over
1,talk,139,9,5,Over
1,talk,140,9,8,VOTE Agent[11]
1,talk,141,9,11,ESTIMATE Agent[13] WEREWOLF
1,talk,142,9,15,Over
1,talk,143,9,1,Over
1,talk,144,9,13,ESTIMATE Agent[14] WEREWOLF
1,talk,145,9,14,Skip
1,talk,146,9,6,Over
1,talk,147,9,12,Over
1,talk,148,9,9,Over
1,talk,149,9,2,Over
1,talk,150,10,8,VOTE Agent[14]
1,talk,151,10,14,Over
1,talk,152,10,4,Over
1,talk,153,10,10,Over
1,talk,154,10,1,Over
1,talk,155,10,11,Skip
1,talk,156,10,9,Over
1,talk,157,10,5,Over
1,talk,158,10,3,Over
1,talk,159,10,7,Over
1,talk,160,10,13,Over
1,talk,161,10,6,Over
1,talk,162,10,12,Over
1,talk,163,10,15,Over
1,talk,164,10,2,Over
1,talk,165,11,1,Over
1,talk,166,11,2,Over
1,talk,167,11,9,Over
1,talk,168,11,13,Over
1,talk,169,11,7,Over
1,talk,170,11,14,VOTE Agent[05]
1,talk,171,11,10,Over
1,talk,172,11,5,Over
1,talk,173,11,3,Over
1,talk,174,11,6,Over
1,talk,175,11,4,Over
1,talk,176,11,15,Over
1,talk,177,11,8,Skip
1,talk,178,11,12,Over
1,talk,179,11,11,ESTIMATE Agent[15] VILLAGER
1,talk,180,12,9,Over
1,talk,181,12,13,Over
1,talk,182,12,15,Over
1,talk,183,12,3,Over
1,talk,184,12,2,Over
1,talk,185,12,10,Over
1,talk,186,12,4,Over
1,talk,187,12,6,Over
1,talk,188,12,1,Over
1,talk,189,12,5,Over
1,talk,190,12,11,Over
1,talk,191,12,8,Skip
1,talk,192,12,14,Over
1,talk,193,12,12,Over
1,talk,194,12,7,Over
1,talk,195,13,6,Over
1,talk,196,13,8,VOTE Agent[14]
1,talk,197,13,11,Over
1,talk,198,13,9,Over
1,talk,199,13,4,Over
1,talk,200,13,10,Over
1,talk,201,13,1,Over
1,talk,202,13,7,Over
1,talk,203,13,15,Over
1,talk,204,13,14,Over
1,talk,205,13,5,Over
1,talk,206,13,13,Over
1,talk,207,13,2,Over
1,talk,208,13,3,Over
1,talk,209,13,12,Over
1,talk,210,14,12,Over
1,talk,211,14,14,Over
1,talk,212,14,7,Over
1,talk,213,14,9,Over
1,talk,214,14,15,Over
1,talk,215,14,11,Over
1,talk,216,14,1,Over
1,talk,217,14,3,Over
1,talk,218,14,5,Over
1,talk,219,14,2,Over
1,talk,220,14,8,Skip
1,talk,221,14,10,Over
1,talk,222,14,6,Over
1,talk,223,14,4,Over
1,talk,224,14,13,Over
1,talk,225,15,3,Over
1,talk,226,15,12,Over
1,talk,227,15,5,Over
1,talk,228,15,11,Over
1,talk,229,15,1,Over
1,talk,230,15,10,Over
1,talk,231,15,14,Over
1,talk,232,15,13,Over
1,talk,233,15,8,Skip
1,talk,234,15,7,Over
1,talk,235,15,15,Over
1,talk,236,15,4,Over
1,talk,237,15,6,Over
1,talk,238,15,2,Over
1,talk,239,15,9,Over
1,talk,240,16,15,Over
1,talk,241,16,4,Over
1,talk,242,16,3,Over
1,talk,243,16,7,Over
1,talk,244,16,6,Over
1,talk,245,16,9,Over
1,talk,246,16,13,Over
1,talk,247,16,1,Over
1,talk,248,16,10,Over
1,talk,249,16,5,Over
1,talk,250,16,12,Over
1,talk,251,16,8,VOTE Agent[14]
1,talk,252,16,2,Over
1,talk,253,16,11,Over
1,talk,254,16,14,Over
1,talk,255,17,10,Over
1,talk,256,17,4,Over
1,talk,257,17,5,Over
1,talk,258,17,11,Over
1,talk,259,17,12,Over
1,talk,260,17,8,Skip
1,talk,261,17,1,Over
1,talk,262,17,7,Over
1,talk,263,17,3,Over
1,talk,264,17,6,Over
1,talk,265,17,13,Over
1,talk,266,17,14,Over
1,talk,267,17,2,Over
1,talk,268,17,9,Over
1,talk,269,17,15,Over
1,talk,270,18,9,Over
1,talk,271,18,1,Over
1,talk,272,18,14,Over
1,talk,273,18,4,Over
1,talk,274,18,5,Over
1,talk,275,18,13,Over
1,talk,276,18,2,Over
1,talk,277,18,6,Over
1,talk,278,18,8,Skip
1,talk,279,18,3,Over
1,talk,280,18,7,Over
1,talk,281,18,11,Over
1,talk,282,18,10,Over
1,talk,283,18,15,Over
1,talk,284,18,12,Over
1,talk,285,19,6,Over
1,talk,286,19,10,Over
1,talk,287,19,8,VOTE Agent[14]
1,talk,288,19,12,Over
1,talk,289,19,1,Over
1,talk,290,19,3,Over
1,talk,291,19,11,Over
1,talk,292,19,4,Over
1,talk,293,19,14,Over
1,talk,294,19,15,Over
1,talk,295,19,2,Over
1,talk,296,19,13,Over
1,talk,297,19,9,Over
1,talk,298,19,5,Over
1,talk,299,19,7,Over
1,vote,1,2
1,vote,2,14
1,vote,3,14
1,vote,4,14
1,vote,5,14
1,vote,6,14
1,vote,7,14
1,vote,8,14
1,vote,9,14
1,vote,10,14
1,vote,11,14
1,vote,12,14
1,vote,13,14
1,vote,14,5
1,vote,15,14
1,execute,14,MEDIUM
1,divine,4,1,HUMAN
1,whisper,0,0,6,ESTIMATE Agent[07] POSSESSED
1,whisper,1,0,2,ATTACK Agent[09]
1,whisper,2,0,15,ATTACK Agent[03]
1,whisper,3,1,6,ATTACK Agent[04]
1,whisper,4,1,15,Over
1,whisper,5,1,2,Skip
1,whisper,6,2,15,Over
1,whisper,7,2,2,Skip
1,whisper,8,2,6,REQUEST(ATTACK Agent[04])
1,whisper,9,3,2,Over
1,whisper,10,3,15,Over
1,whisper,11,3,6,Skip
1,whisper,12,4,2,Over
1,whisper,13,4,6,Skip
1,whisper,14,4,15,Over
1,whisper,15,5,6,Over
1,whisper,16,5,2,Over
1,whisper,17,5,15,Over
1,guard,9,7,POSSESSED
1,attackVote,2,9
1,attackVote,6,4
1,attackVote,15,3
1,attackVote,2,9
1,attackVote,6,4
1,attackVote,15,3
1,attack,4,true
2,status,1,VILLAGER,ALIVE,carlo
2,status,2,WEREWOLF,ALIVE,m_cre
2,status,3,VILLAGER,ALIVE,cndl
2,status,4,SEER,DEAD,AITKN
2,status,5,VILLAGER,ALIVE,aplain
2,status,6,WEREWOLF,ALIVE,takkyubu
2,status,7,POSSESSED,ALIVE,kasuka
2,status,8,VILLAGER,ALIVE,johnny
2,status,9,BODYGUARD,ALIVE,hibagon
2,status,10,VILLAGER,ALIVE,colun
2,status,11,VILLAGER,ALIVE,wasabi
2,status,12,VILLAGER,ALIVE,Udon
2,status,13,VILLAGER,ALIVE,JuN1Ro
2,status,14,MEDIUM,DEAD,cash
2,status,15,WEREWOLF,ALIVE,daisyo
2,talk,0,0,1,VOTE Agent[02]
2,talk,1,0,12,VOTE Agent[06]
2,talk,2,0,3,VOTE Agent[06]
2,talk,3,0,9,VOTE Agent[01]
2,talk,4,0,2,VOTE Agent[07]
2,talk,5,0,13,VOTE Agent[05]
2,talk,6,0,7,DIVINED Agent[09] HUMAN
2,talk,7,0,8,VOTE Agent[11]
2,talk,8,0,15,VOTE Agent[12]
2,talk,9,0,10,AGREE TALK day1 ID:39
2,talk,10,0,11,VOTE Agent[06]
2,talk,11,0,5,AGREE TALK day1 ID:39
2,talk,12,0,6,VOTE Agent[11]
2,talk,13,1,7,Skip
2,talk,14,1,15,ESTIMATE Agent[12] VILLAGER
2,talk,15,1,1,Skip
2,talk,16,1,5,DISAGREE TALK day1 ID:78
2,talk,17,1,13,VOTE Agent[06]
2,talk,18,1,6,REQUEST(VOTE Agent[11])
2,talk,19,1,11,ESTIMATE Agent[02] VILLAGER
2,talk,20,1,2,Skip
2,talk,21,1,10,DISAGREE TALK day1 ID:78
2,talk,22,1,12,Over
2,talk,23,1,9,Skip
2,talk,24,1,3,Skip
2,talk,25,1,8,VOTE Agent[11]
2,talk,26,2,12,Over
2,talk,27,2,6,Skip
2,talk,28,2,13,Over
2,talk,29,2,11,Skip
2,talk,30,2,1,Skip
2,talk,31,2,15,ESTIMATE Agent[01] VILLAGER
2,talk,32,2,5,ESTIMATE Agent[07] SEER
2,talk,33,2,7,Skip
2,talk,34,2,9,Skip
2,talk,35,2,3,Skip
2,talk,36,2,2,Skip
2,talk,37,2,8,Skip
2,talk,38,2,10,ESTIMATE Agent[07] SEER
2,talk,39,3,9,Over
2,talk,40,3,10,VOTE Agent[03]
2,talk,41,3,5,VOTE Agent[02]
2,talk,42,3,12,Over
2,talk,43,3,1,Over
2,talk,44,3,15,ESTIMATE Agent[02] VILLAGER
2,talk,45,3,13,Over
2,talk,46,3,11,VOTE Agent[01]
2,talk,47,3,3,Over
2,talk,48,3,8,Skip
2,talk,49,3,2,Over
2,talk,50,3,7,Over
2,talk,51,3,6,Skip
2,talk,52,4,12,Over
2,talk,53,4,8,VOTE Agent[11]
2,talk,54,4,7,Over
2,talk,55,4,5,Skip
2,talk,56,4,3,Over
2,talk,57,4,15,Over
2,talk,58,4,2,Over
2,talk,59,4,10,Skip
2,talk,60,4,6,Over
2,talk,61,4,11,Skip
2,talk,62,4,13,Over
2,talk,63,4,1,Over
2,talk,64,4,9,Over
2,talk,65,5,5,Skip
2,talk,66,5,11,VOTE Agent[05]
2,talk,67,5,1,Over
2,talk,68,5,12,Over
2,talk,69,5,13,Over
2,talk,70,5,7,Over
2,talk,71,5,2,Over
2,talk,72,5,6,Over
2,talk,73,5,9,Over
2,talk,74,5,3,Over
2,talk,75,5,15,Over
2,talk,76,5,8,Skip
2,talk,77,5,10,Skip
2,talk,78,6,8,Skip
2,talk,79,6,7,Over
2,talk,80,6,12,Over
2,talk,81,6,3,Over
2,talk,82,6,11,Skip
2,talk,83,6,2,Over
2,talk,84,6,5,Over
2,talk,85,6,13,ESTIMATE Agent[06] WEREWOLF
2,talk,86,6,6,Over
2,talk,87,6,10,Over
2,talk,88,6,15,Over
2,talk,89,6,9,Over
2,talk,90,6,1,Over
2,talk,91,7,6,Over
2,talk,92,7,15,Over
2,talk,93,7,1,Over
2,talk,94,7,2,Over
2,talk,95,7,10,Over
2,talk,96,7,11,Over
2,talk,97,7,3,Over
2,talk,98,7,7,Over
2,talk,99,7,9,Over
2,talk,100,7,13,ESTIMATE Agent[15] VILLAGER
2,talk,101,7,12,Over
2,talk,102,7,5,Over
2,talk,103,7,8,VOTE Agent[11]
2,talk,104,8,3,Over
2,talk,105,8,8,Skip
2,talk,106,8,9,Over
2,talk,107,8,2,Over
2,talk,108,8,6,Over
2,talk,109,8,15,Skip
2,talk,110,8,5,Over
2,talk,111,8,13,Over
2,talk,112,8,7,Over
2,talk,113,8,12,Over
2,talk,114,8,1,Over
2,talk,115,8,10,Over
2,talk,116,8,11,VOTE Agent[08]
2,talk,117,9,9,Over
2,talk,118,9,2,Over
2,talk,119,9,13,ESTIMATE Agent[06] WEREWOLF
2,talk,120,9,3,Over
2,talk,121,9,15,Skip
2,talk,122,9,7,Over
2,talk,123,9,8,Skip
2,talk,124,9,5,Over
2,talk,125,9,1,Over
2,talk,126,9,10,Over
2,talk,127,9,12,Over
2,talk,128,9,6,Over
2,talk,129,9,11,VOTE Agent[03]
2,talk,130,10,12,Over
2,talk,131,10,1,Over
2,talk,132,10,2,Over
2,talk,133,10,15,Over
2,talk,134,10,6,Over
2,talk,135,10,11,VOTE Agent[06]
2,talk,136,10,8,VOTE Agent[11]
2,talk,137,10,10,Over
2,talk,138,10,5,Over
2,talk,139,10,7,Over
2,talk,140,10,3,Over
2,talk,141,10,9,Over
2,talk,142,10,13,Over
2,talk,143,11,11,ESTIMATE Agent[05] VILLAGER
2,talk,144,11,13,Over
2,talk,145,11,5,Over
2,talk,146,11,12,Over
2,talk,147,11,9,Over
2,talk,148,11,3,Over
2,talk,149,11,1,Over
2,talk,150,11,6,Over
2,talk,151,11,2,Over
2,talk,152,11,10,Over
2,talk,153,11,7,Over
2,talk,154,11,15,Over
2,talk,155,11,8,Skip
2,talk,156,12,1,Over
2,talk,157,12,9,Over
2,talk,158,12,6,Over
2,talk,159,12,7,Over
2,talk,160,12,15,Over
2,talk,161,12,11,ESTIMATE Agent[03] VILLAGER
2,talk,162,12,13,Over
2,talk,163,12,2,Over
2,talk,164,12,12,Over
2,talk,165,12,5,Over
2,talk,166,12,8,Skip
2,talk,167,12,10,Over
2,talk,168,12,3,Over
2,talk,169,13,9,Over
2,talk,170,13,6,Over
2,talk,171,13,8,VOTE Agent[11]
2,talk,172,13,15,Over
2,talk,173,13,1,Over
2,talk,174,13,11,ESTIMATE Agent[03] VILLAGER
2,talk,175,13,12,Over
2,talk,176,13,5,Over
2,talk,177,13,13,Over
2,talk,178,13,3,Over
2,talk,179,13,7,Over
2,talk,180,13,2,Over
2,talk,181,13,10,Over
2,talk,182,14,6,Over
2,talk,183,14,11,Over
2,talk,184,14,7,Over
2,talk,185,14,2,Over
2,talk,186,14,9,Over
2,talk,187,14,13,Over
2,talk,188,14,12,Over
2,talk,189,14,3,Over
2,talk,190,14,10,Over
2,talk,191,14,8,Skip
2,talk,192,14,5,Over
2,talk,193,14,15,Over
2,talk,194,14,1,Over
2,talk,195,15,3,Over
2,talk,196,15,8,Skip
2,talk,197,15,13,Over
2,talk,198,15,11,Over
2,talk,199,15,6,Over
2,talk,200,15,9,Over
2,talk,201,15,12,Over
2,talk,202,15,15,Over
2,talk,203,15,7,Over
2,talk,204,15,2,Over
2,talk,205,15,10,Over
2,talk,206,15,1,Over
2,talk,207,15,5,Over
2,talk,208,16,12,Over
2,talk,209,16,15,Over
2,talk,210,16,5,Over
2,talk,211,16,9,Over
2,talk,212,16,1,Over
2,talk,213,16,10,Over
2,talk,214,16,2,Over
2,talk,215,16,7,Over
2,talk,216,16,13,Over
2,talk,217,16,3,Over
2,talk,218,16,8,VOTE Agent[11]
2,talk,219,16,6,Over
2,talk,220,16,11,Over
2,talk,221,17,9,Over
2,talk,222,17,13,Over
2,talk,223,17,3,Over
2,talk,224,17,7,Over
2,talk,225,17,12,Over
2,talk,226,17,2,Over
2,talk,227,17,11,Over
2,talk,228,17,8,Skip
2,talk,229,17,6,Over
2,talk,230,17,5,Over
2,talk,231,17,10,Over
2,talk,232,17,1,Over
2,talk,233,17,15,Over
2,talk,234,18,2,Over
2,talk,235,18,11,Over
2,talk,236,18,13,Over
2,talk,237,18,12,Over
2,talk,238,18,8,Skip
2,talk,239,18,7,Over
2,talk,240,18,6,Over
2,talk,241,18,10,Over
2,talk,242,18,5,Over
2,talk,243,18,9,Over
2,talk,244,18,15,Over
2,talk,245,18,3,Over
2,talk,246,18,1,Over
2,talk,247,19,7,Over
2,talk,248,19,11,Over
2,talk,249,19,2,Over
2,talk,250,19,10,Over
2,talk,251,19,8,VOTE Agent[11]
2,talk,252,19,9,Over
2,talk,253,19,15,Over
2,talk,254,19,3,Over
2,talk,255,19,6,Over
2,talk,256,19,12,Over
2,talk,257,19,5,Over
2,talk,258,19,13,Over
2,talk,259,19,1,Over
2,vote,1,2
2,vote,2,7
2,vote,3,6
2,vote,5,2
2,vote,6,11
2,vote,7,2
2,vote,8,11
2,vote,9,1
2,vote,10,3
2,vote,11,6
2,vote,12,6
2,vote,13,6
2,vote,15,12
2,execute,6,WEREWOLF
2,whisper,0,0,2,ATTACK Agent[09]
2,whisper,1,0,15,ATTACK Agent[03]
2,whisper,2,1,15,Over
2,whisper,3,1,2,Skip
2,whisper,4,2,2,Skip
2,whisper,5,2,15,Over
2,whisper,6,3,2,Over
2,whisper,7,3,15,Over
2,guard,9,7,POSSESSED
2,attackVote,2,9
2,attackVote,15,3
2,attackVote,2,9
2,attackVote,15,3
2,attack,3,true
3,status,1,VILLAGER,ALIVE,carlo
3,status,2,WEREWOLF,ALIVE,m_cre
3,status,3,VILLAGER,DEAD,cndl
3,status,4,SEER,DEAD,AITKN
3,status,5,VILLAGER,ALIVE,aplain
3,status,6,WEREWOLF,DEAD,takkyubu
3,status,7,POSSESSED,ALIVE,kasuka
3,status,8,VILLAGER,ALIVE,johnny
3,status,9,BODYGUARD,ALIVE,hibagon
3,status,10,VILLAGER,ALIVE,colun
3,status,11,VILLAGER,ALIVE,wasabi
3,status,12,VILLAGER,ALIVE,Udon
3,status,13,VILLAGER,ALIVE,JuN1Ro
3,status,14,MEDIUM,DEAD,cash
3,status,15,WEREWOLF,ALIVE,daisyo
3,talk,0,0,13,VOTE Agent[15]
3,talk,1,0,9,VOTE Agent[05]
3,talk,2,0,10,VOTE Agent[09]
3,talk,3,0,5,VOTE Agent[13]
3,talk,4,0,8,VOTE Agent[11]
3,talk,5,0,1,VOTE Agent[02]
3,talk,6,0,15,VOTE Agent[12]
3,talk,7,0,11,VOTE Agent[10]
3,talk,8,0,12,VOTE Agent[07]
3,talk,9,0,2,VOTE Agent[07]
3,talk,10,0,7,DIVINED Agent[10] WEREWOLF
3,talk,11,1,13,Over
3,talk,12,1,9,DISAGREE TALK day1 ID:109
3,talk,13,1,2,Skip
3,talk,14,1,15,Skip
3,talk,15,1,12,Over
3,talk,16,1,5,DISAGREE TALK day1 ID:109
3,talk,17,1,7,Skip
3,talk,18,1,8,VOTE Agent[10]
3,talk,19,1,11,ESTIMATE Agent[07] WEREWOLF
3,talk,20,1,1,VOTE Agent[10]
3,talk,21,1,10,DISAGREE TALK day1 ID:39
3,talk,22,2,7,Skip
3,talk,23,2,8,Skip
3,talk,24,2,2,Skip
3,talk,25,2,9,ESTIMATE Agent[10] WEREWOLF
3,talk,26,2,1,Skip
3,talk,27,2,12,Over
3,talk,28,2,5,ESTIMATE Agent[10] WEREWOLF
3,talk,29,2,11,ESTIMATE Agent[08] WEREWOLF
3,talk,30,2,10,AGREE TALK day1 ID:78
3,talk,31,2,15,Skip
3,talk,32,2,13,Over
3,talk,33,3,11,VOTE Agent[15]
3,talk,34,3,7,Over
3,talk,35,3,9,REQUEST(Agent[07] DIVINATION Agent[10])
3,talk,36,3,15,Over
3,talk,37,3,12,Over
3,talk,38,3,13,Over
3,talk,39,3,8,Skip
3,talk,40,3,5,REQUEST(Agent[07] DIVINATION Agent[10])
3,talk,41,3,1,Skip
3,talk,42,3,10,DISAGREE TALK day2 ID:32
3,talk,43,3,2,Over
3,talk,44,4,9,VOTE Agent[10]
3,talk,45,4,5,VOTE Agent[10]
3,talk,46,4,13,Over
3,talk,47,4,11,Skip
3,talk,48,4,2,Over
3,talk,49,4,7,Over
3,talk,50,4,15,Over
3,talk,51,4,10,DISAGREE TALK day2 ID:38
3,talk,52,4,1,Over
3,talk,53,4,8,VOTE Agent[10]
3,talk,54,4,12,Over
3,talk,55,5,12,Over
3,talk,56,5,1,Over
3,talk,57,5,15,Over
3,talk,58,5,13,Over
3,talk,59,5,8,Skip
3,talk,60,5,5,Skip
3,talk,61,5,10,ESTIMATE Agent[07] WEREWOLF
3,talk,62,5,9,Skip
3,talk,63,5,2,Over
3,talk,64,5,7,Over
3,talk,65,5,11,VOTE Agent[10]
3,talk,66,6,2,Over
3,talk,67,6,11,ESTIMATE Agent[07] WEREWOLF
3,talk,68,6,13,ESTIMATE Agent[15] VILLAGER
3,talk,69,6,9,Skip
3,talk,70,6,10,REQUEST(DIVINATION Agent[07])
3,talk,71,6,7,Over
3,talk,72,6,1,Over
3,talk,73,6,15,Over
3,talk,74,6,8,Skip
3,talk,75,6,12,Over
3,talk,76,6,5,Skip
3,talk,77,7,10,VOTE Agent[07]
3,talk,78,7,5,Over
3,talk,79,7,2,Over
3,talk,80,7,8,VOTE Agent[10]
3,talk,81,7,15,ESTIMATE Agent[12] VILLAGER
3,talk,82,7,1,Over
3,talk,83,7,11,Skip
3,talk,84,7,7,Over
3,talk,85,7,12,Over
3,talk,86,7,9,Over
3,talk,87,7,13,Over
3,talk,88,8,5,Over
3,talk,89,8,2,Over
3,talk,90,8,12,Over
3,talk,91,8,9,Over
3,talk,92,8,15,ESTIMATE Agent[01] VILLAGER
3,talk,93,8,8,Skip
3,talk,94,8,7,Over
3,talk,95,8,13,Over
3,talk,96,8,1,Over
3,talk,97,8,11,VOTE Agent[01]
3,talk,98,8,10,Skip
3,talk,99,9,12,Over
3,talk,100,9,1,Over
3,talk,101,9,10,Skip
3,talk,102,9,9,Over
3,talk,103,9,8,Skip
3,talk,104,9,2,Over
3,talk,105,9,5,Over
3,talk,106,9,15,Over
3,talk,107,9,13,Over
3,talk,108,9,11,Skip
3,talk,109,9,7,Over
3,talk,110,10,9,Over
3,talk,111,10,13,Over
3,talk,112,10,8,VOTE Agent[10]
3,talk,113,10,10,Over
3,talk,114,10,12,Over
3,talk,115,10,1,Over
3,talk,116,10,2,Over
3,talk,117,10,15,Over
3,talk,118,10,5,Over
3,talk,119,10,11,VOTE Agent[10]
3,talk,120,10,7,Over
3,talk,121,11,12,Over
3,talk,122,11,11,ESTIMATE Agent[09] VILLAGER
3,talk,123,11,8,Skip
3,talk,124,11,9,Over
3,talk,125,11,1,Over
3,talk,126,11,5,Over
3,talk,127,11,15,Over
3,talk,128,11,13,Over
3,talk,129,11,2,Over
3,talk,130,11,7,Over
3,talk,131,11,10,Over
3,talk,132,12,10,Over
3,talk,133,12,15,Over
3,talk,134,12,11,ESTIMATE Agent[07] WEREWOLF
3,talk,135,12,1,Over
3,talk,136,12,7,Over
3,talk,137,12,9,Over
3,talk,138,12,5,Over
3,talk,139,12,12,Over
3,talk,140,12,2,Over
3,talk,141,12,13,Over
3,talk,142,12,8,Skip
3,talk,143,13,1,Over
3,talk,144,13,13,Over
3,talk,145,13,9,Over
3,talk,146,13,11,Over
3,talk,147,13,2,Over
3,talk,148,13,7,Over
3,talk,149,13,15,Over
3,talk,150,13,8,VOTE Agent[10]
3,talk,151,13,10,Over
3,talk,152,13,12,Over
3,talk,153,13,5,Over
3,talk,154,14,7,Over
3,talk,155,14,11,Over
3,talk,156,14,15,Over
3,talk,157,14,9,Over
3,talk,158,14,1,Over
3,talk,159,14,2,Over
3,talk,160,14,8,Skip
3,talk,161,14,5,Over
3,talk,162,14,13,Over
3,talk,163,14,12,Over
3,talk,164,14,10,Over
3,talk,165,15,7,Over
3,talk,166,15,10,Over
3,talk,167,15,9,Over
3,talk,168,15,2,Over
3,talk,169,15,13,Over
3,talk,170,15,12,Over
3,talk,171,15,11,Over
3,talk,172,15,1,Over
3,talk,173,15,8,Skip
3,talk,174,15,5,Over
3,talk,175,15,15,Over
3,talk,176,16,9,Over
3,talk,177,16,1,Over
3,talk,178,16,7,Over
3,talk,179,16,15,Over
3,talk,180,16,2,Over
3,talk,181,16,10,Over
3,talk,182,16,8,VOTE Agent[10]
3,talk,183,16,13,VOTE Agent[05]
3,talk,184,16,11,Over
3,talk,185,16,12,Over
3,talk,186,16,5,Over
3,talk,187,17,9,Over
3,talk,188,17,7,Over
3,talk,189,17,15,Over
3,talk,190,17,13,VOTE Agent[15]
3,talk,191,17,11,Over
3,talk,192,17,2,Over
3,talk,193,17,8,Skip
3,talk,194,17,5,Over
3,talk,195,17,10,Over
3,talk,196,17,1,Over
3,talk,197,17,12,Over
3,talk,198,18,1,Over
3,talk,199,18,5,Over
3,talk,200,18,12,Over
3,talk,201,18,13,Over
3,talk,202,18,8,Skip
3,talk,203,18,15,Over
3,talk,204,18,2,Over
3,talk,205,18,9,Over
3,talk,206,18,11,Over
3,talk,207,18,7,Over
3,talk,208,18,10,Over
3,talk,209,19,7,Over
3,talk,210,19,1,Over
3,talk,211,19,8,VOTE Agent[10]
3,talk,212,19,9,Over
3,talk,213,19,5,Over
3,talk,214,19,11,Over
3,talk,215,19,10,Over
3,talk,216,19,13,Over
3,talk,217,19,12,Over
3,talk,218,19,15,Over
3,talk,219,19,2,Over
3,vote,1,10
3,vote,2,7
3,vote,5,10
3,vote,7,8
3,vote,8,10
3,vote,9,10
3,vote,10,7
3,vote,11,10
3,vote,12,7
3,vote,13,15
3,vote,15,12
3,execute,10,VILLAGER
3,whisper,0,0,15,ATTACK Agent[07]
3,whisper,1,0,2,ATTACK Agent[09]
3,whisper,2,1,15,Over
3,whisper,3,1,2,Skip
3,whisper,4,2,15,Over
3,whisper,5,2,2,Skip
3,whisper,6,3,2,Over
3,whisper,7,3,15,Over
3,guard,9,7,POSSESSED
3,attackVote,2,9
3,attackVote,15,7
3,attackVote,2,9
3,attackVote,15,7
3,attack,9,true
4,status,1,VILLAGER,ALIVE,carlo
4,status,2,WEREWOLF,ALIVE,m_cre
4,status,3,VILLAGER,DEAD,cndl
4,status,4,SEER,DEAD,AITKN
4,status,5,VILLAGER,ALIVE,aplain
4,status,6,WEREWOLF,DEAD,takkyubu
4,status,7,POSSESSED,ALIVE,kasuka
4,status,8,VILLAGER,ALIVE,johnny
4,status,9,BODYGUARD,DEAD,hibagon
4,status,10,VILLAGER,DEAD,colun
4,status,11,VILLAGER,ALIVE,wasabi
4,status,12,VILLAGER,ALIVE,Udon
4,status,13,VILLAGER,ALIVE,JuN1Ro
4,status,14,MEDIUM,DEAD,cash
4,status,15,WEREWOLF,ALIVE,daisyo
4,talk,0,0,7,DIVINED Agent[05] HUMAN
4,talk,1,0,12,VOTE Agent[07]
4,talk,2,0,1,VOTE Agent[02]
4,talk,3,0,8,VOTE Agent[11]
4,talk,4,0,15,VOTE Agent[12]
4,talk,5,0,2,VOTE Agent[07]
4,talk,6,0,11,VOTE Agent[08]
4,talk,7,0,5,VOTE Agent[11]
4,talk,8,0,13,VOTE Agent[15]
4,talk,9,1,7,Skip
4,talk,10,1,1,Skip
4,talk,11,1,11,Skip
4,talk,12,1,15,Over
4,talk,13,1,8,VOTE Agent[11]
4,talk,14,1,5,Skip
4,talk,15,1,2,Skip
4,talk,16,1,13,Over
4,talk,17,1,12,Over
4,talk,18,2,2,Skip
4,talk,19,2,5,Skip
4,talk,20,2,7,Skip
4,talk,21,2,1,Skip
4,talk,22,2,15,Skip
4,talk,23,2,12,Over
4,talk,24,2,13,ESTIMATE Agent[15] WEREWOLF
4,talk,25,2,8,Skip
4,talk,26,2,11,VOTE Agent[02]
4,talk,27,3,7,Over
4,talk,28,3,8,Skip
4,talk,29,3,12,Over
4,talk,30,3,15,ESTIMATE Agent[12] VILLAGER
4,talk,31,3,13,Over
4,talk,32,3,11,Skip
4,talk,33,3,1,Over
4,talk,34,3,5,Over
4,talk,35,3,2,Over
4,talk,36,4,1,Over
4,talk,37,4,13,ESTIMATE Agent[15] WEREWOLF
4,talk,38,4,7,Over
4,talk,39,4,2,Over
4,talk,40,4,8,VOTE Agent[11]
4,talk,41,4,11,Skip
4,talk,42,4,5,Over
4,talk,43,4,15,ESTIMATE Agent[01] VILLAGER
4,talk,44,4,12,Over
4,talk,45,5,5,Over
4,talk,46,5,11,VOTE Agent[08]
4,talk,47,5,2,Over
4,talk,48,5,12,Over
4,talk,49,5,13,ESTIMATE Agent[15] WEREWOLF
4,talk,50,5,8,Skip
4,talk,51,5,1,Over
4,talk,52,5,15,Skip
4,talk,53,5,7,Over
4,talk,54,6,8,Skip
4,talk,55,6,11,VOTE Agent[13]
4,talk,56,6,2,Over
4,talk,57,6,12,Over
4,talk,58,6,15,ESTIMATE Agent[02] VILLAGER
4,talk,59,6,7,Over
4,talk,60,6,5,Over
4,talk,61,6,13,Over
4,talk,62,6,1,Over
4,talk,63,7,2,Over
4,talk,64,7,1,Over
4,talk,65,7,11,Over
4,talk,66,7,13,ESTIMATE Agent[15] WEREWOLF
4,talk,67,7,12,Over
4,talk,68,7,7,Over
4,talk,69,7,8,VOTE Agent[11]
4,talk,70,7,5,Over
4,talk,71,7,15,Over
4,talk,72,8,7,Over
4,talk,73,8,1,Over
4,talk,74,8,8,Skip
4,talk,75,8,12,Over
4,talk,76,8,13,VOTE Agent[05]
4,talk,77,8,5,Over
4,talk,78,8,2,Over
4,talk,79,8,15,Skip
4,talk,80,8,11,VOTE Agent[08]
4,talk,81,9,5,Over
4,talk,82,9,15,Skip
4,talk,83,9,8,Skip
4,talk,84,9,13,VOTE Agent[15]
4,talk,85,9,7,Over
4,talk,86,9,11,ESTIMATE Agent[02] VILLAGER
4,talk,87,9,1,Over
4,talk,88,9,2,Over
4,talk,89,9,12,Over
4,talk,90,10,8,VOTE Agent[11]
4,talk,91,10,2,Over
4,talk,92,10,15,Over
4,talk,93,10,5,Over
4,talk,94,10,1,Over
4,talk,95,10,13,Over
4,talk,96,10,12,Over
4,talk,97,10,11,Over
4,talk,98,10,7,Over
4,talk,99,11,2,Over
4,talk,100,11,13,Over
4,talk,101,11,15,Over
4,talk,102,11,1,Over
4,talk,103,11,5,Over
4,talk,104,11,7,Over
4,talk,105,11,11,VOTE Agent[15]
4,talk,106,11,12,Over
4,talk,107,11,8,Skip
4,talk,108,12,13,Over
4,talk,109,12,2,Over
4,talk,110,12,12,Over
4,talk,111,12,5,Over
4,talk,112,12,15,Over
4,talk,113,12,8,Skip
4,talk,114,12,7,Over
4,talk,115,12,11,ESTIMATE Agent[13] VILLAGER
4,talk,116,12,1,Over
4,talk,117,13,11,VOTE Agent[08]
4,talk,118,13,12,Over
4,talk,119,13,2,Over
4,talk,120,13,15,Over
4,talk,121,13,5,Over
4,talk,122,13,7,Over
4,talk,123,13,1,Over
4,talk,124,13,8,VOTE Agent[11]
4,talk,125,13,13,Over
4,talk,126,14,1,Over
4,talk,127,14,5,Over
4,talk,128,14,15,Over
4,talk,129,14,2,Over
4,talk,130,14,7,Over
4,talk,131,14,8,Skip
4,talk,132,14,11,VOTE Agent[12]
4,talk,133,14,13,Over
4,talk,134,14,12,Over
4,talk,135,15,15,Over
4,talk,136,15,8,Skip
4,talk,137,15,5,Over
4,talk,138,15,7,Over
4,talk,139,15,11,Over
4,talk,140,15,2,Over
4,talk,141,15,12,Over
4,talk,142,15,13,Over
4,talk,143,15,1,Over
4,talk,144,16,1,Over
4,talk,145,16,7,Over
4,talk,146,16,15,Over
4,talk,147,16,11,Over
4,talk,148,16,5,Over
4,talk,149,16,2,Over
4,talk,150,16,8,VOTE Agent[11]
4,talk,151,16,12,Over
4,talk,152,16,13,Over
4,talk,153,17,11,Over
4,talk,154,17,12,Over
4,talk,155,17,5,Over
4,talk,156,17,15,Over
4,talk,157,17,1,Over
4,talk,158,17,7,Over
4,talk,159,17,8,Skip
4,talk,160,17,2,Over
4,talk,161,17,13,Over
4,talk,162,18,15,Over
4,talk,163,18,8,Skip
4,talk,164,18,7,Over
4,talk,165,18,13,Over
4,talk,166,18,1,Over
4,talk,167,18,2,Over
4,talk,168,18,5,Over
4,talk,169,18,12,Over
4,talk,170,18,11,Over
4,talk,171,19,15,Over
4,talk,172,19,13,Over
4,talk,173,19,11,Over
4,talk,174,19,1,Over
4,talk,175,19,2,Over
4,talk,176,19,12,Over
4,talk,177,19,7,Over
4,talk,178,19,8,VOTE Agent[11]
4,talk,179,19,5,Over
4,vote,1,2
4,vote,2,7
4,vote,5,11
4,vote,7,8
4,vote,8,11
4,vote,11,12
4,vote,12,7
4,vote,13,15
4,vote,15,12
4,vote,1,2
4,vote,2,7
4,vote,5,11
4,vote,7,8
4,vote,8,11
4,vote,11,12
4,vote,12,7
4,vote,13,15
4,vote,15,12
4,execute,12,VILLAGER
4,whisper,0,0,2,ATTACK Agent[11]
4,whisper,1,0,15,ATTACK Agent[07]
4,whisper,2,1,2,Skip
4,whisper,3,1,15,Over
4,whisper,4,2,2,Skip
4,whisper,5,2,15,Over
4,whisper,6,3,2,Over
4,whisper,7,3,15,Over
4,attackVote,2,11
4,attackVote,15,7
4,attackVote,2,11
4,attackVote,15,7
4,attack,11,true
5,status,1,VILLAGER,ALIVE,carlo
5,status,2,WEREWOLF,ALIVE,m_cre
5,status,3,VILLAGER,DEAD,cndl
5,status,4,SEER,DEAD,AITKN
5,status,5,VILLAGER,ALIVE,aplain
5,status,6,WEREWOLF,DEAD,takkyubu
5,status,7,POSSESSED,ALIVE,kasuka
5,status,8,VILLAGER,ALIVE,johnny
5,status,9,BODYGUARD,DEAD,hibagon
5,status,10,VILLAGER,DEAD,colun
5,status,11,VILLAGER,DEAD,wasabi
5,status,12,VILLAGER,DEAD,Udon
5,status,13,VILLAGER,ALIVE,JuN1Ro
5,status,14,MEDIUM,DEAD,cash
5,status,15,WEREWOLF,ALIVE,daisyo
5,talk,0,0,2,VOTE Agent[07]
5,talk,1,0,13,VOTE Agent[15]
5,talk,2,0,8,VOTE Agent[13]
5,talk,3,0,15,VOTE Agent[01]
5,talk,4,0,5,VOTE Agent[13]
5,talk,5,0,1,VOTE Agent[07]
5,talk,6,0,7,DIVINED Agent[01] HUMAN
5,talk,7,1,8,VOTE Agent[13]
5,talk,8,1,5,Skip
5,talk,9,1,15,Skip
5,talk,10,1,13,Over
5,talk,11,1,2,Skip
5,talk,12,1,7,Skip
5,talk,13,1,1,Skip
5,talk,14,2,15,ESTIMATE Agent[01] VILLAGER
5,talk,15,2,2,Skip
5,talk,16,2,13,Over
5,talk,17,2,7,Skip
5,talk,18,2,8,Skip
5,talk,19,2,5,Skip
5,talk,20,2,1,Skip
5,talk,21,3,8,Skip
5,talk,22,3,5,Over
5,talk,23,3,2,Over
5,talk,24,3,15,Skip
5,talk,25,3,7,Over
5,talk,26,3,13,Over
5,talk,27,3,1,Over
5,talk,28,4,5,Over
5,talk,29,4,13,Over
5,talk,30,4,1,Over
5,talk,31,4,7,Over
5,talk,32,4,15,Skip
5,talk,33,4,2,Over
5,talk,34,4,8,VOTE Agent[13]
5,talk,35,5,15,ESTIMATE Agent[02] VILLAGER
5,talk,36,5,13,Over
5,talk,37,5,8,Skip
5,talk,38,5,5,Over
5,talk,39,5,2,Over
5,talk,40,5,1,Over
5,talk,41,5,7,Over
5,talk,42,6,5,Over
5,talk,43,6,15,Skip
5,talk,44,6,8,Skip
5,talk,45,6,7,Over
5,talk,46,6,13,Over
5,talk,47,6,1,Over
5,talk,48,6,2,Over
5,talk,49,7,15,Over
5,talk,50,7,13,Over
5,talk,51,7,7,Over
5,talk,52,7,2,Over
5,talk,53,7,1,Over
5,talk,54,7,5,Over
5,talk,55,7,8,VOTE Agent[13]
5,talk,56,8,1,Over
5,talk,57,8,15,ESTIMATE Agent[13] VILLAGER
5,talk,58,8,7,Over
5,talk,59,8,2,Over
5,talk,60,8,13,Over
5,talk,61,8,8,Skip
5,talk,62,8,5,Over
5,talk,63,9,15,Skip
5,talk,64,9,13,Over
5,talk,65,9,7,Over
5,talk,66,9,8,Skip
5,talk,67,9,2,Over
5,talk,68,9,1,Over
5,talk,69,9,5,Over
5,talk,70,10,5,Over
5,talk,71,10,2,Over
5,talk,72,10,15,Over
5,talk,73,10,7,Over
5,talk,74,10,13,ESTIMATE Agent[15] WEREWOLF
5,talk,75,10,1,Over
5,talk,76,10,8,VOTE Agent[13]
5,talk,77,11,15,Over
5,talk,78,11,13,Over
5,talk,79,11,5,Over
5,talk,80,11,8,Skip
5,talk,81,11,7,Over
5,talk,82,11,1,Over
5,talk,83,11,2,Over
5,talk,84,12,2,Over
5,talk,85,12,8,Skip
5,talk,86,12,13,Over
5,talk,87,12,5,Over
5,talk,88,12,1,Over
5,talk,89,12,7,Over
5,talk,90,12,15,Over
5,talk,91,13,2,Over
5,talk,92,13,15,Over
5,talk,93,13,7,Over
5,talk,94,13,13,VOTE Agent[05]
5,talk,95,13,8,VOTE Agent[13]
5,talk,96,13,5,Over
5,talk,97,13,1,Over
5,talk,98,14,2,Over
5,talk,99,14,7,Over
5,talk,100,14,8,Skip
5,talk,101,14,5,Over
5,talk,102,14,13,VOTE Agent[15]
5,talk,103,14,15,Over
5,talk,104,14,1,Over
5,talk,105,15,1,Over
5,talk,106,15,2,Over
5,talk,107,15,8,Skip
5,talk,108,15,15,Over
5,talk,109,15,7,Over
5,talk,110,15,13,Over
5,talk,111,15,5,Over
5,talk,112,16,13,Over
5,talk,113,16,2,Over
5,talk,114,16,8,VOTE Agent[13]
5,talk,115,16,15,Over
5,talk,116,16,1,Over
5,talk,117,16,5,Over
5,talk,118,16,7,Over
5,talk,119,17,15,Over
5,talk,120,17,13,Over
5,talk,121,17,7,Over
5,talk,122,17,5,Over
5,talk,123,17,2,Over
5,talk,124,17,1,Over
5,talk,125,17,8,Skip
5,talk,126,18,5,Over
5,talk,127,18,8,Skip
5,talk,128,18,15,Over
5,talk,129,18,2,Over
5,talk,130,18,7,Over
5,talk,131,18,13,Over
5,talk,132,18,1,Over
5,talk,133,19,5,Over
5,talk,134,19,8,VOTE Agent[13]
5,talk,135,19,13,Over
5,talk,136,19,1,Over
5,talk,137,19,15,Over
5,talk,138,19,2,Over
5,talk,139,19,7,Over
5,vote,1,7
5,vote,2,7
5,vote,5,13
5,vote,7,15
5,vote,8,13
5,vote,13,15
5,vote,15,1
5,vote,1,7
5,vote,2,7
5,vote,5,13
5,vote,7,15
5,vote,8,13
5,vote,13,15
5,vote,15,1
5,execute,7,POSSESSED
5,whisper,0,0,15,ATTACK Agent[08]
5,whisper,1,0,2,ATTACK Agent[08]
5,whisper,2,1,15,Over
5,whisper,3,1,2,Skip
5,whisper,4,2,2,Skip
5,whisper,5,2,15,Over
5,whisper,6,3,2,Over
5,whisper,7,3,15,Over
5,attackVote,2,8
5,attackVote,15,8
5,attack,8,true
6,status,1,VILLAGER,ALIVE,carlo
6,status,2,WEREWOLF,ALIVE,m_cre
6,status,3,VILLAGER,DEAD,cndl
6,status,4,SEER,DEAD,AITKN
6,status,5,VILLAGER,ALIVE,aplain
6,status,6,WEREWOLF,DEAD,takkyubu
6,status,7,POSSESSED,DEAD,kasuka
6,status,8,VILLAGER,DEAD,johnny
6,status,9,BODYGUARD,DEAD,hibagon
6,status,10,VILLAGER,DEAD,colun
6,status,11,VILLAGER,DEAD,wasabi
6,status,12,VILLAGER,DEAD,Udon
6,status,13,VILLAGER,ALIVE,JuN1Ro
6,status,14,MEDIUM,DEAD,cash
6,status,15,WEREWOLF,ALIVE,daisyo
6,talk,0,0,1,VOTE Agent[02]
6,talk,1,0,2,VOTE Agent[13]
6,talk,2,0,5,VOTE Agent[02]
6,talk,3,0,13,VOTE Agent[15]
6,talk,4,0,15,VOTE Agent[01]
6,talk,5,1,15,Skip
6,talk,6,1,13,VOTE Agent[05]
6,talk,7,1,5,Skip
6,talk,8,1,1,Skip
6,talk,9,1,2,Skip
6,talk,10,2,13,VOTE Agent[15]
6,talk,11,2,1,Skip
6,talk,12,2,5,Skip
6,talk,13,2,2,Skip
6,talk,14,2,15,Skip
6,talk,15,3,2,Over
6,talk,16,3,13,Over
6,talk,17,3,1,Over
6,talk,18,3,5,Over
6,talk,19,3,15,ESTIMATE Agent[01] VILLAGER
6,talk,20,4,1,Over
6,talk,21,4,5,Over
6,talk,22,4,13,VOTE Agent[05]
6,talk,23,4,15,ESTIMATE Agent[02] VILLAGER
6,talk,24,4,2,Over
6,talk,25,5,2,Over
6,talk,26,5,5,Over
6,talk,27,5,13,VOTE Agent[15]
6,talk,28,5,1,Over
6,talk,29,5,15,ESTIMATE Agent[13] VILLAGER
6,talk,30,6,13,VOTE Agent[05]
6,talk,31,6,2,Over
6,talk,32,6,5,Over
6,talk,33,6,15,Skip
6,talk,34,6,1,Over
6,talk,35,7,1,Over
6,talk,36,7,2,Over
6,talk,37,7,13,VOTE Agent[15]
6,talk,38,7,15,Skip
6,talk,39,7,5,Over
6,talk,40,8,5,Over
6,talk,41,8,1,Over
6,talk,42,8,2,Over
6,talk,43,8,15,Over
6,talk,44,8,13,ESTIMATE Agent[15] VILLAGER
6,talk,45,9,2,Over
6,talk,46,9,5,Over
6,talk,47,9,1,Over
6,talk,48,9,13,Over
6,talk,49,9,15,Over
6,vote,1,2
6,vote,2,13
6,vote,5,2
6,vote,13,5
6,vote,15,1
6,execute,2,WEREWOLF
6,attackVote,15,13
6,attack,13,true
7,status,1,VILLAGER,ALIVE,carlo
7,status,2,WEREWOLF,DEAD,m_cre
7,status,3,VILLAGER,DEAD,cndl
7,status,4,SEER,DEAD,AITKN
7,status,5,VILLAGER,ALIVE,aplain
7,status,6,WEREWOLF,DEAD,takkyubu
7,status,7,POSSESSED,DEAD,kasuka
7,status,8,VILLAGER,DEAD,johnny
7,status,9,BODYGUARD,DEAD,hibagon
7,status,10,VILLAGER,DEAD,colun
7,status,11,VILLAGER,DEAD,wasabi
7,status,12,VILLAGER,DEAD,Udon
7,status,13,VILLAGER,DEAD,JuN1Ro
7,status,14,MEDIUM,DEAD,cash
7,status,15,WEREWOLF,ALIVE,daisyo
7,talk,0,0,15,VOTE Agent[01]
7,talk,1,0,5,VOTE Agent[01]
7,talk,2,0,1,VOTE Agent[05]
7,talk,3,1,1,Skip
7,talk,4,1,5,Skip
7,talk,5,1,15,ESTIMATE Agent[01] VILLAGER
7,talk,6,2,15,ESTIMATE Agent[15] VILLAGER
7,talk,7,2,5,Skip
7,talk,8,2,1,Skip
7,talk,9,3,5,Over
7,talk,10,3,15,ESTIMATE Agent[05] VILLAGER
7,talk,11,3,1,Over
7,talk,12,4,15,Over
7,talk,13,4,1,Over
7,talk,14,4,5,Over
7,vote,1,5
7,vote,5,1
7,vote,15,1
7,execute,1,VILLAGER
7,attackVote,15,5
7,attack,5,true
8,status,1,VILLAGER,DEAD,carlo
8,status,2,WEREWOLF,DEAD,m_cre
8,status,3,VILLAGER,DEAD,cndl
8,status,4,SEER,DEAD,AITKN
8,status,5,VILLAGER,DEAD,aplain
8,status,6,WEREWOLF,DEAD,takkyubu
8,status,7,POSSESSED,DEAD,kasuka
8,status,8,VILLAGER,DEAD,johnny
8,status,9,BODYGUARD,DEAD,hibagon
8,status,10,VILLAGER,DEAD,colun
8,status,11,VILLAGER,DEAD,wasabi
8,status,12,VILLAGER,DEAD,Udon
8,status,13,VILLAGER,DEAD,JuN1Ro
8,status,14,MEDIUM,DEAD,cash
8,status,15,WEREWOLF,ALIVE,daisyo
8,result,0,1,WEREWOLF
