0,status,1,VILLAGER,ALIVE,carlo
0,status,2,SEER,ALIVE,m_cre
0,status,3,VILLAGER,ALIVE,cndl
0,status,4,VILLAGER,ALIVE,AITKN
0,status,5,POSSESSED,ALIVE,aplain
0,status,6,WEREWOLF,ALIVE,takkyubu
0,status,7,BODYGUARD,ALIVE,kasuka
0,status,8,VILLAGER,ALIVE,johnny
0,status,9,WEREWOLF,ALIVE,hibagon
0,status,10,VILLAGER,ALIVE,colun
0,status,11,MEDIUM,ALIVE,wasabi
0,status,12,VILLAGER,ALIVE,Udon
0,status,13,WEREWOLF,ALIVE,JuN1Ro
0,status,14,VILLAGER,ALIVE,cash
0,status,15,VILLAGER,ALIVE,daisyo
0,whisper,0,0,13,ATTACK Agent[14]
0,whisper,1,0,9,COMINGOUT Agent[09] MEDIUM
0,whisper,2,0,6,COMINGOUT Agent[06] MEDIUM
0,whisper,3,1,13,Over
0,whisper,4,1,6,Skip
0,whisper,5,1,9,Skip
0,whisper,6,2,6,COMINGOUT Agent[06] VILLAGER
0,whisper,7,2,13,Over
0,whisper,8,2,9,COMINGOUT Agent[09] VILLAGER
0,whisper,9,3,9,COMINGOUT Agent[09] SEER
0,whisper,10,3,13,Over
0,whisper,11,3,6,COMINGOUT Agent[06] MEDIUM
0,whisper,12,4,13,Over
0,whisper,13,4,6,Skip
0,whisper,14,4,9,DIVINED Agent[14] HUMAN
0,whisper,15,5,6,Skip
0,whisper,16,5,9,Skip
0,whisper,17,5,13,Over
0,whisper,18,6,6,Over
0,whisper,19,6,13,Over
0,whisper,20,6,9,Skip
0,whisper,21,7,9,Over
0,whisper,22,7,13,Over
0,whisper,23,7,6,Over
0,divine,2,14,HUMAN
1,status,1,VILLAGER,ALIVE,carlo
1,status,2,SEER,ALIVE,m_cre
1,status,3,VILLAGER,ALIVE,cndl
1,status,4,VILLAGER,ALIVE,AITKN
1,status,5,POSSESSED,ALIVE,aplain
1,status,6,WEREWOLF,ALIVE,takkyubu
1,status,7,BODYGUARD,ALIVE,kasuka
1,status,8,VILLAGER,ALIVE,johnny
1,status,9,WEREWOLF,ALIVE,hibagon
1,status,10,VILLAGER,ALIVE,colun
1,status,11,MEDIUM,ALIVE,wasabi
1,status,12,VILLAGER,ALIVE,Udon
1,status,13,WEREWOLF,ALIVE,JuN1Ro
1,status,14,VILLAGER,ALIVE,cash
1,status,15,VILLAGER,ALIVE,daisyo
1,talk,0,0,7,ESTIMATE Agent[11] WEREWOLF
1,talk,1,0,15,VOTE Agent[01]
1,talk,2,0,4,VOTE Agent[14]
1,talk,3,0,2,COMINGOUT Agent[02] SEER
1,talk,4,0,12,VOTE Agent[03]
1,talk,5,0,11,COMINGOUT Agent[11] MEDIUM
1,talk,6,0,14,VOTE Agent[06]
1,talk,7,0,1,VOTE Agent[02]
1,talk,8,0,3,VOTE Agent[08]
1,talk,9,0,13,VOTE Agent[09]
1,talk,10,0,9,COMINGOUT Agent[09] SEER
1,talk,11,0,8,VOTE Agent[01]
1,talk,12,0,10,VOTE Agent[04]
1,talk,13,0,5,COMINGOUT Agent[05] SEER
1,talk,14,0,6,VOTE Agent[02]
1,talk,15,1,2,DIVINED Agent[14] HUMAN
1,talk,16,1,8,VOTE Agent[09]
1,talk,17,1,14,VOTE Agent[04]
1,talk,18,1,11,VOTE Agent[04]
1,talk,19,1,5,DIVINED Agent[04] HUMAN
1,talk,20,1,7,ESTIMATE Agent[06] WEREWOLF
1,talk,21,1,15,VOTE Agent[14]
1,talk,22,1,10,Skip
1,talk,23,1,12,Over
1,talk,24,1,1,VOTE Agent[03]
1,talk,25,1,13,VOTE Agent[02]
1,talk,26,1,9,DIVINED Agent[14] HUMAN
1,talk,27,1,4,VOTE Agent[01]
1,talk,28,1,3,VOTE Agent[06]
1,talk,29,1,6,REQUEST(VOTE Agent[02])
1,talk,30,2,9,REQUEST(VOTE Agent[08])
1,talk,31,2,15,ESTIMATE Agent[14] VILLAGER
1,talk,32,2,5,REQUEST(VOTE Agent[07])
1,talk,33,2,11,VOTE Agent[07]
1,talk,34,2,8,Skip
1,talk,35,2,1,Skip
1,talk,36,2,13,VOTE Agent[04]
1,talk,37,2,12,Over
1,talk,38,2,3,Skip
1,talk,39,2,10,ESTIMATE Agent[09] SEER
1,talk,40,2,7,ESTIMATE Agent[04] WEREWOLF
1,talk,41,2,2,VOTE Agent[05]
1,talk,42,2,14,VOTE Agent[01]
1,talk,43,2,4,VOTE Agent[02]
1,talk,44,2,6,COMINGOUT Agent[06] MEDIUM
1,talk,45,3,2,Skip
1,talk,46,3,15,Skip
1,talk,47,3,8,Skip
1,talk,48,3,14,VOTE Agent[08]
1,talk,49,3,9,VOTE Agent[05]
1,talk,50,3,1,Skip
1,talk,51,3,6,VOTE Agent[11]
1,talk,52,3,3,Skip
1,talk,53,3,10,Skip
1,talk,54,3,12,VOTE Agent[06]
1,talk,55,3,11,VOTE Agent[06]
1,talk,56,3,7,VOTE Agent[11]
1,talk,57,3,13,Over
1,talk,58,3,4,VOTE Agent[02]
1,talk,59,3,5,VOTE Agent[09]
1,talk,60,4,7,Skip
1,talk,61,4,5,REQUEST(VOTE Agent[09])
1,talk,62,4,4,REQUEST(DIVINATION Agent[03])
1,talk,63,4,14,VOTE Agent[01]
1,talk,64,4,11,ESTIMATE Agent[09] WEREWOLF
1,talk,65,4,8,VOTE Agent[09]
1,talk,66,4,15,Skip
1,talk,67,4,9,REQUEST(VOTE Agent[05])
1,talk,68,4,6,REQUEST(VOTE Agent[11])
1,talk,69,4,13,VOTE Agent[06]
1,talk,70,4,12,Over
1,talk,71,4,1,Over
1,talk,72,4,3,Over
1,talk,73,4,10,Skip
1,talk,74,4,2,Skip
1,talk,75,5,6,Skip
1,talk,76,5,14,Skip
1,talk,77,5,9,Skip
1,talk,78,5,5,Skip
1,talk,79,5,1,Over
1,talk,80,5,11,ESTIMATE Agent[06] WEREWOLF
1,talk,81,5,13,ESTIMATE Agent[11] VILLAGER
1,talk,82,5,15,Over
1,talk,83,5,12,Over
1,talk,84,5,2,Over
1,talk,85,5,8,Skip
1,talk,86,5,3,Over
1,talk,87,5,10,Over
1,talk,88,5,7,VOTE Agent[09]
1,talk,89,5,4,Skip
1,talk,90,6,15,Over
1,talk,91,6,7,Skip
1,talk,92,6,14,VOTE Agent[05]
1,talk,93,6,6,Skip
1,talk,94,6,2,Over
1,talk,95,6,1,Over
1,talk,96,6,10,Over
1,talk,97,6,12,Over
1,talk,98,6,4,VOTE Agent[09]
1,talk,99,6,13,Over
1,talk,100,6,8,Skip
1,talk,101,6,11,ESTIMATE Agent[06] WEREWOLF
1,talk,102,6,5,Skip
1,talk,103,6,3,Over
1,talk,104,6,9,Skip
1,talk,105,7,8,VOTE Agent[09]
1,talk,106,7,6,Over
1,talk,107,7,11,ESTIMATE Agent[06] WEREWOLF
1,talk,108,7,3,Over
1,talk,109,7,12,Over
1,talk,110,7,9,Over
1,talk,111,7,10,Over
1,talk,112,7,5,Over
1,talk,113,7,15,Over
1,talk,114,7,7,Skip
1,talk,115,7,4,Skip
1,talk,116,7,13,VOTE Agent[06]
1,talk,117,7,2,Over
1,talk,118,7,14,Skip
1,talk,119,7,1,Over
1,talk,120,8,15,ESTIMATE Agent[03] VILLAGER
1,talk,121,8,1,Over
1,talk,122,8,8,Skip
1,talk,123,8,2,Over
1,talk,124,8,12,Over
1,talk,125,8,5,Over
1,talk,126,8,3,Over
1,talk,127,8,7,Over
1,talk,128,8,13,Over
1,talk,129,8,9,Over
1,talk,130,8,14,Skip
1,talk,131,8,11,Skip
1,talk,132,8,6,Over
1,talk,133,8,10,Over
1,talk,134,8,4,Skip
1,talk,135,9,3,Over
1,talk,136,9,1,Over
1,talk,137,9,8,Skip
1,talk,138,9,10,Over
1,talk,139,9,14,Over
1,talk,140,9,7,Over
1,talk,141,9,9,Over
1,talk,142,9,13,VOTE Agent[06]
1,talk,143,9,6,Over
1,talk,144,9,11,ESTIMATE Agent[14] VILLAGER
1,talk,145,9,12,Over
1,talk,146,9,15,Skip
1,talk,147,9,5,Over
1,talk,148,9,4,Over
1,talk,149,9,2,Over
1,talk,150,10,15,Over
1,talk,151,10,5,Over
1,talk,152,10,9,Over
1,talk,153,10,11,ESTIMATE Agent[13] VILLAGER
1,talk,154,10,1,Over
1,talk,155,10,10,Over
1,talk,156,10,7,Over
1,talk,157,10,13,VOTE Agent[09]
1,talk,158,10,3,Over
1,talk,159,10,6,Over
1,talk,160,10,12,Over
1,talk,161,10,2,Over
1,talk,162,10,14,Over
1,talk,163,10,4,Over
1,talk,164,10,8,VOTE Agent[09]
1,talk,165,11,14,Over
1,talk,166,11,10,Over
1,talk,167,11,11,Over
1,talk,168,11,4,Over
1,talk,169,11,1,Over
1,talk,170,11,6,Over
1,talk,171,11,15,Over
1,talk,172,11,3,Over
1,talk,173,11,7,Over
1,talk,174,11,12,Over
1,talk,175,11,9,Over
1,talk,176,11,13,Over
1,talk,177,11,8,VOTE Agent[02]
1,talk,178,11,5,Over
1,talk,179,11,2,Over
1,talk,180,12,1,Over
1,talk,181,12,6,Over
1,talk,182,12,12,Over
1,talk,183,12,8,Skip
1,talk,184,12,2,Over
1,talk,185,12,14,VOTE Agent[09]
1,talk,186,12,9,Over
1,talk,187,12,11,Over
1,talk,188,12,3,Over
1,talk,189,12,13,Over
1,talk,190,12,4,Over
1,talk,191,12,15,Over
1,talk,192,12,7,Over
1,talk,193,12,10,Over
1,talk,194,12,5,Over
1,talk,195,13,5,Over
1,talk,196,13,12,Over
1,talk,197,13,10,Over
1,talk,198,13,6,Over
1,talk,199,13,1,Over
1,talk,200,13,7,Over
1,talk,201,13,2,Over
1,talk,202,13,13,Over
1,talk,203,13,11,Over
1,talk,204,13,9,Over
1,talk,205,13,14,Over
1,talk,206,13,3,Over
1,talk,207,13,8,Skip
1,talk,208,13,4,Over
1,talk,209,13,15,Over
1,talk,210,14,11,Over
1,talk,211,14,12,Over
1,talk,212,14,1,Over
1,talk,213,14,8,VOTE Agent[02]
1,talk,214,14,9,Over
1,talk,215,14,13,Over
1,talk,216,14,10,Over
1,talk,217,14,15,Over
1,talk,218,14,4,Over
1,talk,219,14,3,Over
1,talk,220,14,14,Over
1,talk,221,14,6,Over
1,talk,222,14,5,Over
1,talk,223,14,2,Over
1,talk,224,14,7,Over
1,talk,225,15,15,Over
1,talk,226,15,2,Over
1,talk,227,15,11,Over
1,talk,228,15,13,Over
1,talk,229,15,3,Over
1,talk,230,15,1,Over
1,talk,231,15,4,Over
1,talk,232,15,5,Over
1,talk,233,15,7,Over
1,talk,234,15,9,Over
1,talk,235,15,10,Over
1,talk,236,15,8,Skip
1,talk,237,15,14,Over
1,talk,238,15,6,Over
1,talk,239,15,12,Over
1,talk,240,16,1,Over
1,talk,241,16,15,Over
1,talk,242,16,8,Skip
1,talk,243,16,6,Over
1,talk,244,16,7,Over
1,talk,245,16,13,Over
1,talk,246,16,3,Over
1,talk,247,16,9,Over
1,talk,248,16,5,Over
1,talk,249,16,4,Over
1,talk,250,16,10,Over
1,talk,251,16,11,Over
1,talk,252,16,2,Over
1,talk,253,16,14,Over
1,talk,254,16,12,Over
1,talk,255,17,9,Over
1,talk,256,17,14,Over
1,talk,257,17,6,Over
1,talk,258,17,10,Over
1,talk,259,17,7,Over
1,talk,260,17,8,VOTE Agent[02]
1,talk,261,17,12,Over
1,talk,262,17,4,Over
1,talk,263,17,2,Over
1,talk,264,17,15,Over
1,talk,265,17,13,Over
1,talk,266,17,1,Over
1,talk,267,17,11,Over
1,talk,268,17,5,Over
1,talk,269,17,3,Over
1,talk,270,18,8,Skip
1,talk,271,18,4,Over
1,talk,272,18,12,Over
1,talk,273,18,3,Over
1,talk,274,18,11,Over
1,talk,275,18,9,Over
1,talk,276,18,2,Over
1,talk,277,18,5,Over
1,talk,278,18,10,Over
1,talk,279,18,6,Over
1,talk,280,18,7,Over
1,talk,281,18,13,Over
1,talk,282,18,15,Over
1,talk,283,18,14,Over
1,talk,284,18,1,Over
1,talk,285,19,5,Over
1,talk,286,19,15,Over
1,talk,287,19,6,Over
1,talk,288,19,7,Over
1,talk,289,19,3,Over
1,talk,290,19,8,Skip
1,talk,291,19,13,Over
1,talk,292,19,11,Over
1,talk,293,19,14,Over
1,talk,294,19,12,Over
1,talk,295,19,10,Over
1,talk,296,19,1,Over
1,talk,297,19,9,Over
1,talk,298,19,2,Over
1,talk,299,19,4,Over
1,vote,1,3
1,vote,2,5
1,vote,3,6
1,vote,4,9
1,vote,5,9
1,vote,6,11
1,vote,7,9
1,vote,8,2
1,vote,9,5
1,vote,10,4
1,vote,11,6
1,vote,12,6
1,vote,13,9
1,vote,14,9
1,vote,15,14
1,execute,9,WEREWOLF
1,divine,2,11,HUMAN
1,whisper,0,0,6,ATTACK Agent[11]
1,whisper,1,0,13,ATTACK Agent[11]
1,whisper,2,1,6,REQUEST(ATTACK Agent[11])
1,whisper,3,1,13,Over
1,whisper,4,2,6,IDENTIFIED Agent[09] HUMAN
1,whisper,5,2,13,Over
1,whisper,6,3,13,Over
1,whisper,7,3,6,Skip
1,whisper,8,4,6,Skip
1,whisper,9,4,13,Over
1,whisper,10,5,6,Over
1,whisper,11,5,13,Over
1,guard,7,2,SEER
1,attackVote,6,11
1,attackVote,13,11
1,attack,11,true
2,status,1,VILLAGER,ALIVE,carlo
2,status,2,SEER,ALIVE,m_cre
2,status,3,VILLAGER,ALIVE,cndl
2,status,4,VILLAGER,ALIVE,AITKN
2,status,5,POSSESSED,ALIVE,aplain
2,status,6,WEREWOLF,ALIVE,takkyubu
2,status,7,BODYGUARD,ALIVE,kasuka
2,status,8,VILLAGER,ALIVE,johnny
2,status,9,WEREWOLF,DEAD,hibagon
2,status,10,VILLAGER,ALIVE,colun
2,status,11,MEDIUM,DEAD,wasabi
2,status,12,VILLAGER,ALIVE,Udon
2,status,13,WEREWOLF,ALIVE,JuN1Ro
2,status,14,VILLAGER,ALIVE,cash
2,status,15,VILLAGER,ALIVE,daisyo
2,talk,0,0,4,VOTE Agent[15]
2,talk,1,0,6,IDENTIFIED Agent[09] HUMAN
2,talk,2,0,13,VOTE Agent[10]
2,talk,3,0,15,VOTE Agent[14]
2,talk,4,0,7,ESTIMATE Agent[09] WEREWOLF
2,talk,5,0,3,VOTE Agent[06]
2,talk,6,0,1,VOTE Agent[03]
2,talk,7,0,10,ESTIMATE Agent[05] SEER
2,talk,8,0,14,VOTE Agent[04]
2,talk,9,0,2,DIVINED Agent[11] HUMAN
2,talk,10,0,5,DIVINED Agent[10] WEREWOLF
2,talk,11,0,8,VOTE Agent[02]
2,talk,12,0,12,VOTE Agent[06]
2,talk,13,1,7,ESTIMATE Agent[06] WEREWOLF
2,talk,14,1,14,Skip
2,talk,15,1,2,VOTE Agent[05]
2,talk,16,1,3,Skip
2,talk,17,1,12,Over
2,talk,18,1,6,VOTE Agent[12]
2,talk,19,1,8,VOTE Agent[10]
2,talk,20,1,13,VOTE Agent[06]
2,talk,21,1,5,VOTE Agent[02]
2,talk,22,1,4,Skip
2,talk,23,1,10,ESTIMATE Agent[02] SEER
2,talk,24,1,1,VOTE Agent[10]
2,talk,25,1,15,VOTE Agent[12]
2,talk,26,2,12,Over
2,talk,27,2,4,VOTE Agent[10]
2,talk,28,2,14,Skip
2,talk,29,2,13,Over
2,talk,30,2,6,REQUEST(VOTE Agent[12])
2,talk,31,2,7,ESTIMATE Agent[11] WEREWOLF
2,talk,32,2,10,DISAGREE TALK day2 ID:7
2,talk,33,2,3,Skip
2,talk,34,2,15,Skip
2,talk,35,2,1,Skip
2,talk,36,2,2,Skip
2,talk,37,2,5,REQUEST(VOTE Agent[02])
2,talk,38,2,8,Skip
2,talk,39,3,13,VOTE Agent[06]
2,talk,40,3,2,Skip
2,talk,41,3,7,VOTE Agent[10]
2,talk,42,3,4,Skip
2,talk,43,3,10,ESTIMATE Agent[05] WEREWOLF
2,talk,44,3,6,Skip
2,talk,45,3,15,ESTIMATE Agent[12] VILLAGER
2,talk,46,3,1,Skip
2,talk,47,3,8,Skip
2,talk,48,3,3,Over
2,talk,49,3,12,Over
2,talk,50,3,5,Skip
2,talk,51,3,14,Over
2,talk,52,4,3,Over
2,talk,53,4,13,VOTE Agent[10]
2,talk,54,4,12,Over
2,talk,55,4,10,REQUEST(Agent[02] DIVINATION Agent[05])
2,talk,56,4,4,REQUEST(DIVINATION Agent[12])
2,talk,57,4,8,VOTE Agent[10]
2,talk,58,4,2,Over
2,talk,59,4,14,Over
2,talk,60,4,5,Skip
2,talk,61,4,7,Skip
2,talk,62,4,15,ESTIMATE Agent[01] VILLAGER
2,talk,63,4,6,Skip
2,talk,64,4,1,Over
2,talk,65,5,6,Over
2,talk,66,5,1,Over
2,talk,67,5,7,Skip
2,talk,68,5,8,Skip
2,talk,69,5,5,Over
2,talk,70,5,13,Over
2,talk,71,5,10,VOTE Agent[05]
2,talk,72,5,12,Over
2,talk,73,5,14,Over
2,talk,74,5,4,Skip
2,talk,75,5,15,Skip
2,talk,76,5,2,Over
2,talk,77,5,3,Over
2,talk,78,6,1,Over
2,talk,79,6,14,VOTE Agent[08]
2,talk,80,6,8,Skip
2,talk,81,6,13,Over
2,talk,82,6,12,Over
2,talk,83,6,7,Over
2,talk,84,6,6,Over
2,talk,85,6,15,Skip
2,talk,86,6,3,Over
2,talk,87,6,2,Over
2,talk,88,6,5,Over
2,talk,89,6,4,Skip
2,talk,90,6,10,Skip
2,talk,91,7,8,VOTE Agent[10]
2,talk,92,7,5,Over
2,talk,93,7,12,Over
2,talk,94,7,3,Over
2,talk,95,7,6,Over
2,talk,96,7,10,Skip
2,talk,97,7,1,Over
2,talk,98,7,2,Over
2,talk,99,7,7,Over
2,talk,100,7,4,Over
2,talk,101,7,15,ESTIMATE Agent[03] VILLAGER
2,talk,102,7,13,ESTIMATE Agent[10] WEREWOLF
2,talk,103,7,14,Skip
2,talk,104,8,8,Skip
2,talk,105,8,1,Over
2,talk,106,8,3,Over
2,talk,107,8,5,Over
2,talk,108,8,12,Over
2,talk,109,8,6,Over
2,talk,110,8,14,Skip
2,talk,111,8,7,Over
2,talk,112,8,10,Over
2,talk,113,8,15,Skip
2,talk,114,8,2,Over
2,talk,115,8,13,Over
2,talk,116,8,4,Over
2,talk,117,9,4,Over
2,talk,118,9,7,Over
2,talk,119,9,12,Over
2,talk,120,9,13,ESTIMATE Agent[10] WEREWOLF
2,talk,121,9,10,Over
2,talk,122,9,3,Over
2,talk,123,9,1,Over
2,talk,124,9,2,Over
2,talk,125,9,8,Skip
2,talk,126,9,5,Over
2,talk,127,9,6,Over
2,talk,128,9,15,Over
2,talk,129,9,14,Over
2,talk,130,10,7,Over
2,talk,131,10,8,VOTE Agent[10]
2,talk,132,10,15,Over
2,talk,133,10,1,Over
2,talk,134,10,6,Over
2,talk,135,10,12,Over
2,talk,136,10,14,Over
2,talk,137,10,10,Over
2,talk,138,10,5,Over
2,talk,139,10,2,Over
2,talk,140,10,3,Over
2,talk,141,10,4,Over
2,talk,142,10,13,Over
2,talk,143,11,1,Over
2,talk,144,11,4,Over
2,talk,145,11,12,Over
2,talk,146,11,3,Over
2,talk,147,11,6,Over
2,talk,148,11,5,Over
2,talk,149,11,14,Over
2,talk,150,11,7,Over
2,talk,151,11,10,Over
2,talk,152,11,2,Over
2,talk,153,11,8,Skip
2,talk,154,11,15,Over
2,talk,155,11,13,Over
2,talk,156,12,6,Over
2,talk,157,12,5,Over
2,talk,158,12,15,Over
2,talk,159,12,2,Over
2,talk,160,12,13,Over
2,talk,161,12,7,Over
2,talk,162,12,3,Over
2,talk,163,12,12,Over
2,talk,164,12,8,Skip
2,talk,165,12,4,Over
2,talk,166,12,1,Over
2,talk,167,12,10,Over
2,talk,168,12,14,Over
2,talk,169,13,12,Over
2,talk,170,13,3,Over
2,talk,171,13,13,Over
2,talk,172,13,14,Over
2,talk,173,13,2,Over
2,talk,174,13,15,Over
2,talk,175,13,10,Over
2,talk,176,13,7,Over
2,talk,177,13,4,Over
2,talk,178,13,1,Over
2,talk,179,13,8,VOTE Agent[10]
2,talk,180,13,6,Over
2,talk,181,13,5,Over
2,talk,182,14,15,Over
2,talk,183,14,8,Skip
2,talk,184,14,10,Over
2,talk,185,14,7,Over
2,talk,186,14,1,Over
2,talk,187,14,13,Over
2,talk,188,14,6,Over
2,talk,189,14,3,Over
2,talk,190,14,5,Over
2,talk,191,14,2,Over
2,talk,192,14,4,Over
2,talk,193,14,12,Over
2,talk,194,14,14,Over
2,talk,195,15,3,Over
2,talk,196,15,1,Over
2,talk,197,15,2,Over
2,talk,198,15,4,Over
2,talk,199,15,8,Skip
2,talk,200,15,6,Over
2,talk,201,15,7,Over
2,talk,202,15,13,Over
2,talk,203,15,12,Over
2,talk,204,15,14,Over
2,talk,205,15,5,Over
2,talk,206,15,15,Over
2,talk,207,15,10,Over
2,talk,208,16,2,Over
2,talk,209,16,1,Over
2,talk,210,16,13,Over
2,talk,211,16,5,Over
2,talk,212,16,3,Over
2,talk,213,16,15,Over
2,talk,214,16,4,Over
2,talk,215,16,10,Over
2,talk,216,16,14,Over
2,talk,217,16,7,Over
2,talk,218,16,6,Over
2,talk,219,16,8,VOTE Agent[10]
2,talk,220,16,12,Over
2,talk,221,17,8,Skip
2,talk,222,17,15,Over
2,talk,223,17,1,Over
2,talk,224,17,12,Over
2,talk,225,17,4,Over
2,talk,226,17,14,Over
2,talk,227,17,2,Over
2,talk,228,17,6,Over
2,talk,229,17,13,Over
2,talk,230,17,7,Over
2,talk,231,17,10,Over
2,talk,232,17,5,Over
2,talk,233,17,3,Over
2,talk,234,18,14,Over
2,talk,235,18,7,Over
2,talk,236,18,2,Over
2,talk,237,18,6,Over
2,talk,238,18,5,Over
2,talk,239,18,12,Over
2,talk,240,18,1,Over
2,talk,241,18,15,Over
2,talk,242,18,13,Over
2,talk,243,18,3,Over
2,talk,244,18,10,Over
2,talk,245,18,8,Skip
2,talk,246,18,4,Over
2,talk,247,19,1,Over
2,talk,248,19,15,Over
2,talk,249,19,2,Over
2,talk,250,19,5,Over
2,talk,251,19,12,Over
2,talk,252,19,4,Over
2,talk,253,19,7,Over
2,talk,254,19,10,Over
2,talk,255,19,6,Over
2,talk,256,19,3,Over
2,talk,257,19,8,VOTE Agent[10]
2,talk,258,19,13,Over
2,talk,259,19,14,Over
2,vote,1,10
2,vote,2,5
2,vote,3,6
2,vote,4,10
2,vote,5,2
2,vote,6,12
2,vote,7,10
2,vote,8,10
2,vote,10,5
2,vote,12,6
2,vote,13,10
2,vote,14,8
2,vote,15,12
2,execute,10,VILLAGER
2,divine,2,6,WEREWOLF
2,whisper,0,0,13,ATTACK Agent[02]
2,whisper,1,0,6,ESTIMATE Agent[05] POSSESSED
2,whisper,2,1,13,Over
2,whisper,3,1,6,ATTACK Agent[02]
2,whisper,4,2,13,Over
2,whisper,5,2,6,REQUEST(ATTACK Agent[02])
2,whisper,6,3,6,IDENTIFIED Agent[10] HUMAN
2,whisper,7,3,13,Over
2,whisper,8,4,6,Skip
2,whisper,9,4,13,Over
2,whisper,10,5,6,Skip
2,whisper,11,5,13,Over
2,whisper,12,6,13,Over
2,whisper,13,6,6,Over
2,guard,7,2,SEER
2,attackVote,6,2
2,attackVote,13,2
2,attack,2,false
3,status,1,VILLAGER,ALIVE,carlo
3,status,2,SEER,ALIVE,m_cre
3,status,3,VILLAGER,ALIVE,cndl
3,status,4,VILLAGER,ALIVE,AITKN
3,status,5,POSSESSED,ALIVE,aplain
3,status,6,WEREWOLF,ALIVE,takkyubu
3,status,7,BODYGUARD,ALIVE,kasuka
3,status,8,VILLAGER,ALIVE,johnny
3,status,9,WEREWOLF,DEAD,hibagon
3,status,10,VILLAGER,DEAD,colun
3,status,11,MEDIUM,DEAD,wasabi
3,status,12,VILLAGER,ALIVE,Udon
3,status,13,WEREWOLF,ALIVE,JuN1Ro
3,status,14,VILLAGER,ALIVE,cash
3,status,15,VILLAGER,ALIVE,daisyo
3,talk,0,0,14,VOTE Agent[08]
3,talk,1,0,8,VOTE Agent[07]
3,talk,2,0,12,VOTE Agent[06]
3,talk,3,0,7,ESTIMATE Agent[06] WEREWOLF
3,talk,4,0,6,IDENTIFIED Agent[10] HUMAN
3,talk,5,0,15,VOTE Agent[12]
3,talk,6,0,1,VOTE Agent[03]
3,talk,7,0,2,DIVINED Agent[06] WEREWOLF
3,talk,8,0,13,VOTE Agent[14]
3,talk,9,0,4,VOTE Agent[06]
3,talk,10,0,5,DIVINED Agent[12] HUMAN
3,talk,11,0,3,VOTE Agent[06]
3,talk,12,1,3,Skip
3,talk,13,1,1,Skip
3,talk,14,1,2,VOTE Agent[05]
3,talk,15,1,5,VOTE Agent[02]
3,talk,16,1,15,ESTIMATE Agent[12] VILLAGER
3,talk,17,1,7,ESTIMATE Agent[09] WEREWOLF
3,talk,18,1,6,VOTE Agent[03]
3,talk,19,1,12,Over
3,talk,20,1,13,Over
3,talk,21,1,8,VOTE Agent[07]
3,talk,22,1,4,Skip
3,talk,23,1,14,VOTE Agent[03]
3,talk,24,2,14,VOTE Agent[02]
3,talk,25,2,6,REQUEST(VOTE Agent[03])
3,talk,26,2,13,Over
3,talk,27,2,7,ESTIMATE Agent[11] WEREWOLF
3,talk,28,2,1,Skip
3,talk,29,2,3,Skip
3,talk,30,2,8,Skip
3,talk,31,2,2,Skip
3,talk,32,2,4,Skip
3,talk,33,2,12,Over
3,talk,34,2,5,REQUEST(VOTE Agent[02])
3,talk,35,2,15,Skip
3,talk,36,3,12,Over
3,talk,37,3,5,Skip
3,talk,38,3,8,Skip
3,talk,39,3,2,Skip
3,talk,40,3,1,Over
3,talk,41,3,15,Over
3,talk,42,3,13,Over
3,talk,43,3,7,VOTE Agent[06]
3,talk,44,3,4,VOTE Agent[03]
3,talk,45,3,6,Skip
3,talk,46,3,3,Over
3,talk,47,3,14,Skip
3,talk,48,4,14,Skip
3,talk,49,4,7,Skip
3,talk,50,4,13,ESTIMATE Agent[14] VILLAGER
3,talk,51,4,8,VOTE Agent[07]
3,talk,52,4,12,Over
3,talk,53,4,4,VOTE Agent[03]
3,talk,54,4,3,Over
3,talk,55,4,5,Skip
3,talk,56,4,15,Over
3,talk,57,4,6,Skip
3,talk,58,4,2,Over
3,talk,59,4,1,Over
3,talk,60,5,15,ESTIMATE Agent[01] VILLAGER
3,talk,61,5,5,Over
3,talk,62,5,4,REQUEST(DIVINATION Agent[01])
3,talk,63,5,6,Over
3,talk,64,5,2,Over
3,talk,65,5,1,Over
3,talk,66,5,7,Skip
3,talk,67,5,12,Over
3,talk,68,5,3,Over
3,talk,69,5,8,Skip
3,talk,70,5,14,Over
3,talk,71,5,13,Over
3,talk,72,6,4,Skip
3,talk,73,6,13,Over
3,talk,74,6,14,Over
3,talk,75,6,7,Over
3,talk,76,6,3,Over
3,talk,77,6,5,Over
3,talk,78,6,8,Skip
3,talk,79,6,1,Over
3,talk,80,6,6,Over
3,talk,81,6,15,Skip
3,talk,82,6,2,Over
3,talk,83,6,12,Over
3,talk,84,7,14,Over
3,talk,85,7,8,VOTE Agent[07]
3,talk,86,7,1,Over
3,talk,87,7,6,Over
3,talk,88,7,7,Over
3,talk,89,7,2,Over
3,talk,90,7,3,Over
3,talk,91,7,5,Over
3,talk,92,7,15,Over
3,talk,93,7,4,Skip
3,talk,94,7,12,Over
3,talk,95,7,13,Over
3,talk,96,8,13,Over
3,talk,97,8,4,Over
3,talk,98,8,3,Over
3,talk,99,8,6,Over
3,talk,100,8,12,Over
3,talk,101,8,7,Over
3,talk,102,8,1,Over
3,talk,103,8,15,Skip
3,talk,104,8,8,Skip
3,talk,105,8,5,Over
3,talk,106,8,14,Over
3,talk,107,8,2,Over
3,talk,108,9,5,Over
3,talk,109,9,1,Over
3,talk,110,9,13,ESTIMATE Agent[14] VILLAGER
3,talk,111,9,3,Over
3,talk,112,9,14,Over
3,talk,113,9,6,Over
3,talk,114,9,2,Over
3,talk,115,9,4,Over
3,talk,116,9,12,Over
3,talk,117,9,15,Over
3,talk,118,9,8,Skip
3,talk,119,9,7,Over
3,talk,120,10,4,Over
3,talk,121,10,6,Over
3,talk,122,10,1,Over
3,talk,123,10,15,Over
3,talk,124,10,7,Over
3,talk,125,10,14,Over
3,talk,126,10,2,Over
3,talk,127,10,12,Over
3,talk,128,10,8,VOTE Agent[07]
3,talk,129,10,5,Over
3,talk,130,10,13,Over
3,talk,131,10,3,Over
3,talk,132,11,13,Over
3,talk,133,11,3,Over
3,talk,134,11,8,Skip
3,talk,135,11,7,Over
3,talk,136,11,15,Over
3,talk,137,11,4,Over
3,talk,138,11,14,Over
3,talk,139,11,5,Over
3,talk,140,11,2,Over
3,talk,141,11,6,Over
3,talk,142,11,12,Over
3,talk,143,11,1,Over
3,talk,144,12,4,Over
3,talk,145,12,1,Over
3,talk,146,12,15,Over
3,talk,147,12,8,Skip
3,talk,148,12,6,Over
3,talk,149,12,14,Over
3,talk,150,12,12,Over
3,talk,151,12,13,Over
3,talk,152,12,2,Over
3,talk,153,12,5,Over
3,talk,154,12,7,Over
3,talk,155,12,3,Over
3,talk,156,13,14,Over
3,talk,157,13,4,Over
3,talk,158,13,6,Over
3,talk,159,13,12,Over
3,talk,160,13,13,Over
3,talk,161,13,3,Over
3,talk,162,13,5,Over
3,talk,163,13,2,Over
3,talk,164,13,1,Over
3,talk,165,13,8,VOTE Agent[07]
3,talk,166,13,15,Over
3,talk,167,13,7,Over
3,talk,168,14,3,Over
3,talk,169,14,7,Over
3,talk,170,14,1,Over
3,talk,171,14,5,Over
3,talk,172,14,4,VOTE Agent[07]
3,talk,173,14,14,Over
3,talk,174,14,6,Over
3,talk,175,14,2,Over
3,talk,176,14,15,Over
3,talk,177,14,12,Over
3,talk,178,14,13,Over
3,talk,179,14,8,Skip
3,talk,180,15,2,Over
3,talk,181,15,6,Over
3,talk,182,15,7,Over
3,talk,183,15,5,Over
3,talk,184,15,13,Over
3,talk,185,15,1,Over
3,talk,186,15,4,Skip
3,talk,187,15,15,Over
3,talk,188,15,12,Over
3,talk,189,15,14,Over
3,talk,190,15,8,VOTE Agent[13]
3,talk,191,15,3,Over
3,talk,192,16,5,Over
3,talk,193,16,2,Over
3,talk,194,16,6,Over
3,talk,195,16,3,Over
3,talk,196,16,8,Skip
3,talk,197,16,7,Over
3,talk,198,16,12,Over
3,talk,199,16,15,Over
3,talk,200,16,13,Over
3,talk,201,16,4,Skip
3,talk,202,16,1,Over
3,talk,203,16,14,VOTE Agent[13]
3,talk,204,17,13,Over
3,talk,205,17,3,Over
3,talk,206,17,1,Over
3,talk,207,17,6,Over
3,talk,208,17,15,Over
3,talk,209,17,14,Over
3,talk,210,17,12,Over
3,talk,211,17,7,Over
3,talk,212,17,5,Over
3,talk,213,17,2,Over
3,talk,214,17,4,Over
3,talk,215,17,8,VOTE Agent[15]
3,talk,216,18,6,Over
3,talk,217,18,1,Over
3,talk,218,18,8,Skip
3,talk,219,18,15,Over
3,talk,220,18,12,Over
3,talk,221,18,3,Over
3,talk,222,18,5,Over
3,talk,223,18,13,Over
3,talk,224,18,7,Over
3,talk,225,18,4,Over
3,talk,226,18,14,VOTE Agent[12]
3,talk,227,18,2,Over
3,talk,228,19,14,Over
3,talk,229,19,13,Over
3,talk,230,19,15,Over
3,talk,231,19,8,Skip
3,talk,232,19,1,Over
3,talk,233,19,12,Over
3,talk,234,19,3,Over
3,talk,235,19,2,Over
3,talk,236,19,4,Over
3,talk,237,19,7,Over
3,talk,238,19,5,Over
3,talk,239,19,6,Over
3,vote,1,3
3,vote,2,5
3,vote,3,6
3,vote,4,7
3,vote,5,2
3,vote,6,3
3,vote,7,6
3,vote,8,15
3,vote,12,6
3,vote,13,14
3,vote,14,12
3,vote,15,12
3,execute,6,WEREWOLF
3,divine,2,15,HUMAN
3,guard,7,2,SEER
3,attackVote,13,2
3,attack,2,false
4,status,1,VILLAGER,ALIVE,carlo
4,status,2,SEER,ALIVE,m_cre
4,status,3,VILLAGER,ALIVE,cndl
4,status,4,VILLAGER,ALIVE,AITKN
4,status,5,POSSESSED,ALIVE,aplain
4,status,6,WEREWOLF,DEAD,takkyubu
4,status,7,BODYGUARD,ALIVE,kasuka
4,status,8,VILLAGER,ALIVE,johnny
4,status,9,WEREWOLF,DEAD,hibagon
4,status,10,VILLAGER,DEAD,colun
4,status,11,MEDIUM,DEAD,wasabi
4,status,12,VILLAGER,ALIVE,Udon
4,status,13,WEREWOLF,ALIVE,JuN1Ro
4,status,14,VILLAGER,ALIVE,cash
4,status,15,VILLAGER,ALIVE,daisyo
4,talk,0,0,1,VOTE Agent[03]
4,talk,1,0,8,VOTE Agent[15]
4,talk,2,0,4,VOTE Agent[08]
4,talk,3,0,14,VOTE Agent[12]
4,talk,4,0,5,DIVINED Agent[08] HUMAN
4,talk,5,0,12,VOTE Agent[05]
4,talk,6,0,7,ESTIMATE Agent[06] WEREWOLF
4,talk,7,0,15,VOTE Agent[12]
4,talk,8,0,13,Over
4,talk,9,0,2,DIVINED Agent[15] HUMAN
4,talk,10,0,3,VOTE Agent[08]
4,talk,11,1,3,Skip
4,talk,12,1,13,ESTIMATE Agent[14] WEREWOLF
4,talk,13,1,2,VOTE Agent[05]
4,talk,14,1,12,Over
4,talk,15,1,7,ESTIMATE Agent[09] WEREWOLF
4,talk,16,1,1,Skip
4,talk,17,1,15,Skip
4,talk,18,1,5,VOTE Agent[02]
4,talk,19,1,14,VOTE Agent[13]
4,talk,20,1,4,VOTE Agent[12]
4,talk,21,1,8,VOTE Agent[07]
4,talk,22,2,1,Skip
4,talk,23,2,3,VOTE Agent[13]
4,talk,24,2,12,Over
4,talk,25,2,7,ESTIMATE Agent[05] WEREWOLF
4,talk,26,2,15,Skip
4,talk,27,2,8,Skip
4,talk,28,2,13,Over
4,talk,29,2,14,Skip
4,talk,30,2,4,Skip
4,talk,31,2,5,REQUEST(VOTE Agent[02])
4,talk,32,2,2,Skip
4,talk,33,3,1,Over
4,talk,34,3,14,Skip
4,talk,35,3,2,Skip
4,talk,36,3,13,Over
4,talk,37,3,4,Skip
4,talk,38,3,5,Skip
4,talk,39,3,12,Over
4,talk,40,3,7,VOTE Agent[05]
4,talk,41,3,8,Skip
4,talk,42,3,15,Over
4,talk,43,3,3,Skip
4,talk,44,4,2,Over
4,talk,45,4,13,Over
4,talk,46,4,4,REQUEST(DIVINATION Agent[03])
4,talk,47,4,5,Skip
4,talk,48,4,1,Over
4,talk,49,4,14,VOTE Agent[03]
4,talk,50,4,8,VOTE Agent[07]
4,talk,51,4,15,Over
4,talk,52,4,7,Skip
4,talk,53,4,12,Over
4,talk,54,4,3,VOTE Agent[12]
4,talk,55,5,5,Over
4,talk,56,5,1,Over
4,talk,57,5,2,Over
4,talk,58,5,13,Over
4,talk,59,5,14,Skip
4,talk,60,5,4,Skip
4,talk,61,5,8,Skip
4,talk,62,5,15,Over
4,talk,63,5,12,Over
4,talk,64,5,3,Skip
4,talk,65,5,7,Skip
4,talk,66,6,13,Over
4,talk,67,6,5,Over
4,talk,68,6,2,Over
4,talk,69,6,8,Skip
4,talk,70,6,1,Over
4,talk,71,6,12,Over
4,talk,72,6,4,Skip
4,talk,73,6,7,Over
4,talk,74,6,3,Skip
4,talk,75,6,15,Over
4,talk,76,6,14,Skip
4,talk,77,7,8,VOTE Agent[07]
4,talk,78,7,1,Over
4,talk,79,7,5,Over
4,talk,80,7,2,Over
4,talk,81,7,14,Over
4,talk,82,7,12,Over
4,talk,83,7,7,Over
4,talk,84,7,13,ESTIMATE Agent[14] WEREWOLF
4,talk,85,7,4,Over
4,talk,86,7,3,Over
4,talk,87,7,15,Over
4,talk,88,8,4,Over
4,talk,89,8,12,Over
4,talk,90,8,8,Skip
4,talk,91,8,14,Over
4,talk,92,8,3,Over
4,talk,93,8,15,Over
4,talk,94,8,2,Over
4,talk,95,8,13,Over
4,talk,96,8,1,Over
4,talk,97,8,5,Over
4,talk,98,8,7,Over
4,talk,99,9,12,Over
4,talk,100,9,13,Over
4,talk,101,9,4,Over
4,talk,102,9,8,Skip
4,talk,103,9,3,Over
4,talk,104,9,14,Over
4,talk,105,9,1,Over
4,talk,106,9,2,Over
4,talk,107,9,7,Over
4,talk,108,9,15,Over
4,talk,109,9,5,Over
4,talk,110,10,13,Over
4,talk,111,10,14,Over
4,talk,112,10,12,Over
4,talk,113,10,1,Over
4,talk,114,10,5,Over
4,talk,115,10,4,Over
4,talk,116,10,2,Over
4,talk,117,10,3,Over
4,talk,118,10,15,Over
4,talk,119,10,7,Over
4,talk,120,10,8,VOTE Agent[07]
4,talk,121,11,5,Over
4,talk,122,11,15,Over
4,talk,123,11,12,Over
4,talk,124,11,1,Over
4,talk,125,11,13,Over
4,talk,126,11,4,Over
4,talk,127,11,8,Skip
4,talk,128,11,7,Over
4,talk,129,11,14,Over
4,talk,130,11,3,Over
4,talk,131,11,2,Over
4,talk,132,12,4,Over
4,talk,133,12,12,Over
4,talk,134,12,2,Over
4,talk,135,12,8,Skip
4,talk,136,12,13,Over
4,talk,137,12,7,Over
4,talk,138,12,15,Over
4,talk,139,12,1,Over
4,talk,140,12,3,Over
4,talk,141,12,5,Over
4,talk,142,12,14,Over
4,talk,143,13,4,Over
4,talk,144,13,12,Over
4,talk,145,13,7,Over
4,talk,146,13,3,Over
4,talk,147,13,2,Over
4,talk,148,13,14,Over
4,talk,149,13,1,Over
4,talk,150,13,5,Over
4,talk,151,13,13,Over
4,talk,152,13,8,VOTE Agent[07]
4,talk,153,13,15,Over
4,talk,154,14,8,Skip
4,talk,155,14,12,Over
4,talk,156,14,5,Over
4,talk,157,14,14,Over
4,talk,158,14,15,Over
4,talk,159,14,7,Over
4,talk,160,14,2,Over
4,talk,161,14,4,Over
4,talk,162,14,13,Over
4,talk,163,14,1,Over
4,talk,164,14,3,Over
4,talk,165,15,4,Over
4,talk,166,15,3,Over
4,talk,167,15,14,Over
4,talk,168,15,1,Over
4,talk,169,15,13,Over
4,talk,170,15,12,Over
4,talk,171,15,5,Over
4,talk,172,15,8,Skip
4,talk,173,15,7,Over
4,talk,174,15,2,Over
4,talk,175,15,15,Over
4,talk,176,16,2,Over
4,talk,177,16,14,Over
4,talk,178,16,1,Over
4,talk,179,16,15,Over
4,talk,180,16,5,Over
4,talk,181,16,8,VOTE Agent[07]
4,talk,182,16,7,Over
4,talk,183,16,4,Over
4,talk,184,16,3,Over
4,talk,185,16,12,Over
4,talk,186,16,13,Over
4,talk,187,17,2,Over
4,talk,188,17,15,Over
4,talk,189,17,1,Over
4,talk,190,17,5,Over
4,talk,191,17,8,Skip
4,talk,192,17,14,Over
4,talk,193,17,7,Over
4,talk,194,17,3,Over
4,talk,195,17,13,Over
4,talk,196,17,4,Over
4,talk,197,17,12,Over
4,talk,198,18,4,Over
4,talk,199,18,7,Over
4,talk,200,18,3,Over
4,talk,201,18,13,Over
4,talk,202,18,8,Skip
4,talk,203,18,2,Over
4,talk,204,18,14,Over
4,talk,205,18,5,Over
4,talk,206,18,12,Over
4,talk,207,18,15,Over
4,talk,208,18,1,Over
4,talk,209,19,1,Over
4,talk,210,19,2,Over
4,talk,211,19,7,Over
4,talk,212,19,3,Over
4,talk,213,19,5,Over
4,talk,214,19,8,VOTE Agent[07]
4,talk,215,19,12,Over
4,talk,216,19,15,Over
4,talk,217,19,14,Over
4,talk,218,19,13,Over
4,talk,219,19,4,Over
4,vote,1,3
4,vote,2,5
4,vote,3,12
4,vote,4,12
4,vote,5,2
4,vote,7,5
4,vote,8,7
4,vote,12,5
4,vote,13,14
4,vote,14,3
4,vote,15,12
4,vote,1,3
4,vote,2,5
4,vote,3,12
4,vote,4,12
4,vote,5,12
4,vote,7,5
4,vote,8,7
4,vote,12,5
4,vote,13,14
4,vote,14,3
4,vote,15,12
4,execute,12,VILLAGER
4,divine,2,1,HUMAN
4,guard,7,2,SEER
4,attackVote,13,2
4,attack,2,false
5,status,1,VILLAGER,ALIVE,carlo
5,status,2,SEER,ALIVE,m_cre
5,status,3,VILLAGER,ALIVE,cndl
5,status,4,VILLAGER,ALIVE,AITKN
5,status,5,POSSESSED,ALIVE,aplain
5,status,6,WEREWOLF,DEAD,takkyubu
5,status,7,BODYGUARD,ALIVE,kasuka
5,status,8,VILLAGER,ALIVE,johnny
5,status,9,WEREWOLF,DEAD,hibagon
5,status,10,VILLAGER,DEAD,colun
5,status,11,MEDIUM,DEAD,wasabi
5,status,12,VILLAGER,DEAD,Udon
5,status,13,WEREWOLF,ALIVE,JuN1Ro
5,status,14,VILLAGER,ALIVE,cash
5,status,15,VILLAGER,ALIVE,daisyo
5,talk,0,0,5,DIVINED Agent[07] HUMAN
5,talk,1,0,3,VOTE Agent[13]
5,talk,2,0,15,VOTE Agent[01]
5,talk,3,0,7,ESTIMATE Agent[06] WEREWOLF
5,talk,4,0,13,Over
5,talk,5,0,14,VOTE Agent[03]
5,talk,6,0,1,VOTE Agent[02]
5,talk,7,0,8,VOTE Agent[07]
5,talk,8,0,4,VOTE Agent[01]
5,talk,9,0,2,DIVINED Agent[01] HUMAN
5,talk,10,1,8,VOTE Agent[13]
5,talk,11,1,13,Over
5,talk,12,1,4,Skip
5,talk,13,1,3,Skip
5,talk,14,1,2,VOTE Agent[05]
5,talk,15,1,5,VOTE Agent[02]
5,talk,16,1,15,Skip
5,talk,17,1,7,ESTIMATE Agent[09] WEREWOLF
5,talk,18,1,14,VOTE Agent[02]
5,talk,19,1,1,Skip
5,talk,20,2,15,Over
5,talk,21,2,8,Skip
5,talk,22,2,13,Over
5,talk,23,2,1,Skip
5,talk,24,2,3,Skip
5,talk,25,2,14,Skip
5,talk,26,2,4,VOTE Agent[02]
5,talk,27,2,2,Skip
5,talk,28,2,5,REQUEST(VOTE Agent[02])
5,talk,29,2,7,ESTIMATE Agent[05] WEREWOLF
5,talk,30,3,13,ESTIMATE Agent[14] VILLAGER
5,talk,31,3,4,VOTE Agent[02]
5,talk,32,3,2,Skip
5,talk,33,3,3,Over
5,talk,34,3,7,VOTE Agent[05]
5,talk,35,3,5,Skip
5,talk,36,3,15,ESTIMATE Agent[01] VILLAGER
5,talk,37,3,8,Skip
5,talk,38,3,1,Over
5,talk,39,3,14,Skip
5,talk,40,4,8,VOTE Agent[13]
5,talk,41,4,15,ESTIMATE Agent[13] VILLAGER
5,talk,42,4,14,Over
5,talk,43,4,1,Over
5,talk,44,4,13,Over
5,talk,45,4,2,Over
5,talk,46,4,5,Skip
5,talk,47,4,3,Over
5,talk,48,4,4,REQUEST(DIVINATION Agent[03])
5,talk,49,4,7,Skip
5,talk,50,5,2,Over
5,talk,51,5,3,Over
5,talk,52,5,14,Over
5,talk,53,5,8,Skip
5,talk,54,5,7,Skip
5,talk,55,5,15,ESTIMATE Agent[03] VILLAGER
5,talk,56,5,13,ESTIMATE Agent[14] VILLAGER
5,talk,57,5,4,Skip
5,talk,58,5,1,Over
5,talk,59,5,5,Over
5,talk,60,6,13,Over
5,talk,61,6,7,Over
5,talk,62,6,14,Over
5,talk,63,6,1,Over
5,talk,64,6,4,Skip
5,talk,65,6,3,Over
5,talk,66,6,5,Over
5,talk,67,6,8,Skip
5,talk,68,6,2,Over
5,talk,69,6,15,Over
5,talk,70,7,5,Over
5,talk,71,7,14,Over
5,talk,72,7,13,Over
5,talk,73,7,8,VOTE Agent[13]
5,talk,74,7,4,Over
5,talk,75,7,1,Over
5,talk,76,7,7,Over
5,talk,77,7,3,Over
5,talk,78,7,2,Over
5,talk,79,7,15,Skip
5,talk,80,8,7,Over
5,talk,81,8,2,Over
5,talk,82,8,3,Over
5,talk,83,8,4,Over
5,talk,84,8,1,Over
5,talk,85,8,14,Over
5,talk,86,8,8,Skip
5,talk,87,8,15,Over
5,talk,88,8,5,Over
5,talk,89,8,13,ESTIMATE Agent[14] WEREWOLF
5,talk,90,9,15,Over
5,talk,91,9,1,Over
5,talk,92,9,2,Over
5,talk,93,9,3,Over
5,talk,94,9,13,ESTIMATE Agent[14] WEREWOLF
5,talk,95,9,14,Over
5,talk,96,9,5,Over
5,talk,97,9,8,Skip
5,talk,98,9,4,Over
5,talk,99,9,7,Over
5,talk,100,10,1,Over
5,talk,101,10,8,VOTE Agent[13]
5,talk,102,10,4,Over
5,talk,103,10,13,ESTIMATE Agent[14] WEREWOLF
5,talk,104,10,7,Over
5,talk,105,10,14,Over
5,talk,106,10,2,Over
5,talk,107,10,3,Over
5,talk,108,10,5,Over
5,talk,109,10,15,Over
5,talk,110,11,4,Over
5,talk,111,11,8,Skip
5,talk,112,11,14,Over
5,talk,113,11,15,Over
5,talk,114,11,7,Over
5,talk,115,11,1,Over
5,talk,116,11,13,Over
5,talk,117,11,2,Over
5,talk,118,11,5,Over
5,talk,119,11,3,Over
5,talk,120,12,3,Over
5,talk,121,12,1,Over
5,talk,122,12,5,Over
5,talk,123,12,8,Skip
5,talk,124,12,2,Over
5,talk,125,12,14,Over
5,talk,126,12,7,Over
5,talk,127,12,13,Over
5,talk,128,12,15,Over
5,talk,129,12,4,Over
5,talk,130,13,13,Over
5,talk,131,13,1,Over
5,talk,132,13,14,Over
5,talk,133,13,4,Over
5,talk,134,13,8,VOTE Agent[13]
5,talk,135,13,5,Over
5,talk,136,13,7,Over
5,talk,137,13,2,Over
5,talk,138,13,3,Over
5,talk,139,13,15,Over
5,talk,140,14,15,Over
5,talk,141,14,13,Over
5,talk,142,14,5,Over
5,talk,143,14,3,Over
5,talk,144,14,8,Skip
5,talk,145,14,1,Over
5,talk,146,14,2,Over
5,talk,147,14,4,VOTE Agent[13]
5,talk,148,14,14,Over
5,talk,149,14,7,Over
5,talk,150,15,15,Over
5,talk,151,15,7,Over
5,talk,152,15,8,VOTE Agent[15]
5,talk,153,15,5,Over
5,talk,154,15,1,Over
5,talk,155,15,14,VOTE Agent[04]
5,talk,156,15,4,Skip
5,talk,157,15,2,Over
5,talk,158,15,13,Over
5,talk,159,15,3,Over
5,talk,160,16,2,Over
5,talk,161,16,8,Skip
5,talk,162,16,3,Over
5,talk,163,16,15,Over
5,talk,164,16,1,Over
5,talk,165,16,4,Skip
5,talk,166,16,13,Over
5,talk,167,16,5,Over
5,talk,168,16,7,Over
5,talk,169,16,14,VOTE Agent[13]
5,talk,170,17,1,Over
5,talk,171,17,7,Over
5,talk,172,17,15,Over
5,talk,173,17,4,Over
5,talk,174,17,5,Over
5,talk,175,17,2,Over
5,talk,176,17,13,Over
5,talk,177,17,3,Over
5,talk,178,17,8,Skip
5,talk,179,17,14,Over
5,talk,180,18,15,Over
5,talk,181,18,4,Over
5,talk,182,18,5,Over
5,talk,183,18,13,Over
5,talk,184,18,8,VOTE Agent[15]
5,talk,185,18,7,Over
5,talk,186,18,2,Over
5,talk,187,18,1,Over
5,talk,188,18,3,Over
5,talk,189,18,14,Over
5,talk,190,19,13,Over
5,talk,191,19,8,Skip
5,talk,192,19,5,Over
5,talk,193,19,1,Over
5,talk,194,19,15,Over
5,talk,195,19,3,Over
5,talk,196,19,7,Over
5,talk,197,19,4,Over
5,talk,198,19,2,Over
5,talk,199,19,14,Over
5,vote,1,2
5,vote,2,5
5,vote,3,13
5,vote,4,13
5,vote,5,2
5,vote,7,5
5,vote,8,15
5,vote,13,14
5,vote,14,13
5,vote,15,1
5,execute,13,WEREWOLF
5,divine,2,8,HUMAN
5,guard,7,2,SEER
6,status,1,VILLAGER,ALIVE,carlo
6,status,2,SEER,ALIVE,m_cre
6,status,3,VILLAGER,ALIVE,cndl
6,status,4,VILLAGER,ALIVE,AITKN
6,status,5,POSSESSED,ALIVE,aplain
6,status,6,WEREWOLF,DEAD,takkyubu
6,status,7,BODYGUARD,ALIVE,kasuka
6,status,8,VILLAGER,ALIVE,johnny
6,status,9,WEREWOLF,DEAD,hibagon
6,status,10,VILLAGER,DEAD,colun
6,status,11,MEDIUM,DEAD,wasabi
6,status,12,VILLAGER,DEAD,Udon
6,status,13,WEREWOLF,DEAD,JuN1Ro
6,status,14,VILLAGER,ALIVE,cash
6,status,15,VILLAGER,ALIVE,daisyo
6,result,9,0,VILLAGER
