0,status,1,MEDIUM,ALIVE,carlo
0,status,2,VILLAGER,ALIVE,m_cre
0,status,3,WEREWOLF,ALIVE,cndl
0,status,4,VILLAGER,ALIVE,AITKN
0,status,5,VILLAGER,ALIVE,aplain
0,status,6,VILLAGER,ALIVE,takkyubu
0,status,7,VILLAGER,ALIVE,kasuka
0,status,8,WEREWOLF,ALIVE,johnny
0,status,9,BODYGUARD,ALIVE,hibagon
0,status,10,SEER,ALIVE,colun
0,status,11,POSSESSED,ALIVE,wasabi
0,status,12,VILLAGER,ALIVE,Udon
0,status,13,WEREWOLF,ALIVE,JuN1Ro
0,status,14,VILLAGER,ALIVE,cash
0,status,15,VILLAGER,ALIVE,daisyo
0,whisper,0,0,3,COMINGOUT Agent[03] VILLAGER
0,whisper,1,0,13,ATTACK Agent[07]
0,whisper,2,0,8,Skip
0,whisper,3,1,13,Over
0,whisper,4,1,8,ATTACK Agent[02]
0,whisper,5,1,3,Skip
0,whisper,6,2,8,Skip
0,whisper,7,2,3,Skip
0,whisper,8,2,13,Over
0,whisper,9,3,13,Over
0,whisper,10,3,3,Over
0,whisper,11,3,8,Skip
0,whisper,12,4,3,Over
0,whisper,13,4,8,ATTACK Agent[02]
0,whisper,14,4,13,Over
0,whisper,15,5,13,Over
0,whisper,16,5,3,Over
0,whisper,17,5,8,Skip
0,whisper,18,6,13,Over
0,whisper,19,6,8,Skip
0,whisper,20,6,3,Over
0,whisper,21,7,13,Over
0,whisper,22,7,8,ATTACK Agent[02]
0,whisper,23,7,3,Over
0,whisper,24,8,8,Skip
0,whisper,25,8,3,Over
0,whisper,26,8,13,Over
0,whisper,27,9,3,Over
0,whisper,28,9,8,Skip
0,whisper,29,9,13,Over
0,whisper,30,10,13,Over
0,whisper,31,10,8,ATTACK Agent[02]
0,whisper,32,10,3,Over
0,whisper,33,11,8,Skip
0,whisper,34,11,13,Over
0,whisper,35,11,3,Over
0,whisper,36,12,13,Over
0,whisper,37,12,8,Skip
0,whisper,38,12,3,Over
0,whisper,39,13,3,Over
0,whisper,40,13,13,Over
0,whisper,41,13,8,ATTACK Agent[02]
0,whisper,42,14,8,Skip
0,whisper,43,14,3,Over
0,whisper,44,14,13,Over
0,whisper,45,15,8,Skip
0,whisper,46,15,13,Over
0,whisper,47,15,3,Over
0,whisper,48,16,8,ATTACK Agent[02]
0,whisper,49,16,3,Over
0,whisper,50,16,13,Over
0,whisper,51,17,3,Over
0,whisper,52,17,13,Over
0,whisper,53,17,8,Skip
0,whisper,54,18,3,Over
0,whisper,55,18,13,Over
0,whisper,56,18,8,Skip
0,whisper,57,19,13,Over
0,whisper,58,19,8,ATTACK Agent[02]
0,whisper,59,19,3,Over
0,divine,10,4,HUMAN
1,status,1,MEDIUM,ALIVE,carlo
1,status,2,VILLAGER,ALIVE,m_cre
1,status,3,WEREWOLF,ALIVE,cndl
1,status,4,VILLAGER,ALIVE,AITKN
1,status,5,VILLAGER,ALIVE,aplain
1,status,6,VILLAGER,ALIVE,takkyubu
1,status,7,VILLAGER,ALIVE,kasuka
1,status,8,WEREWOLF,ALIVE,johnny
1,status,9,BODYGUARD,ALIVE,hibagon
1,status,10,SEER,ALIVE,colun
1,status,11,POSSESSED,ALIVE,wasabi
1,status,12,VILLAGER,ALIVE,Udon
1,status,13,WEREWOLF,ALIVE,JuN1Ro
1,status,14,VILLAGER,ALIVE,cash
1,status,15,VILLAGER,ALIVE,daisyo
1,talk,0,0,15,VOTE Agent[01]
1,talk,1,0,3,VOTE Agent[02]
1,talk,2,0,8,VOTE Agent[14]
1,talk,3,0,9,VOTE Agent[13]
1,talk,4,0,13,VOTE Agent[03]
1,talk,5,0,10,COMINGOUT Agent[10] SEER
1,talk,6,0,5,VOTE Agent[11]
1,talk,7,0,14,VOTE Agent[06]
1,talk,8,0,4,VOTE Agent[05]
1,talk,9,0,7,ESTIMATE Agent[09] WEREWOLF
1,talk,10,0,1,VOTE Agent[02]
1,talk,11,0,2,VOTE Agent[09]
1,talk,12,0,12,VOTE Agent[01]
1,talk,13,0,11,COMINGOUT Agent[11] SEER
1,talk,14,0,6,VOTE Agent[13]
1,talk,15,1,7,ESTIMATE Agent[06] WEREWOLF
1,talk,16,1,1,Skip
1,talk,17,1,11,DIVINED Agent[07] HUMAN
1,talk,18,1,12,Over
1,talk,19,1,6,Skip
1,talk,20,1,3,VOTE Agent[01]
1,talk,21,1,4,VOTE Agent[02]
1,talk,22,1,13,VOTE Agent[02]
1,talk,23,1,14,VOTE Agent[08]
1,talk,24,1,2,VOTE Agent[11]
1,talk,25,1,10,DIVINED Agent[04] HUMAN
1,talk,26,1,5,Skip
1,talk,27,1,8,VOTE Agent[11]
1,talk,28,1,9,Skip
1,talk,29,1,15,VOTE Agent[14]
1,talk,30,2,8,Skip
1,talk,31,2,10,ESTIMATE Agent[11] WEREWOLF
1,talk,32,2,4,Skip
1,talk,33,2,13,VOTE Agent[02]
1,talk,34,2,11,Skip
1,talk,35,2,3,VOTE Agent[02]
1,talk,36,2,12,VOTE Agent[02]
1,talk,37,2,7,ESTIMATE Agent[11] WEREWOLF
1,talk,38,2,9,ESTIMATE Agent[11] SEER
1,talk,39,2,14,Skip
1,talk,40,2,1,Skip
1,talk,41,2,2,Skip
1,talk,42,2,5,ESTIMATE Agent[11] SEER
1,talk,43,2,6,ESTIMATE Agent[10] SEER
1,talk,44,2,15,Skip
1,talk,45,3,2,Skip
1,talk,46,3,3,Skip
1,talk,47,3,14,Skip
1,talk,48,3,5,Skip
1,talk,49,3,12,Over
1,talk,50,3,8,Skip
1,talk,51,3,13,Over
1,talk,52,3,7,VOTE Agent[11]
1,talk,53,3,11,VOTE Agent[08]
1,talk,54,3,4,Skip
1,talk,55,3,9,Skip
1,talk,56,3,1,Over
1,talk,57,3,15,Skip
1,talk,58,3,6,Skip
1,talk,59,3,10,VOTE Agent[11]
1,talk,60,4,10,Skip
1,talk,61,4,9,Skip
1,talk,62,4,1,Over
1,talk,63,4,2,Over
1,talk,64,4,13,VOTE Agent[02]
1,talk,65,4,7,Skip
1,talk,66,4,11,VOTE Agent[04]
1,talk,67,4,14,Over
1,talk,68,4,8,VOTE Agent[11]
1,talk,69,4,12,Over
1,talk,70,4,6,Skip
1,talk,71,4,3,Skip
1,talk,72,4,4,REQUEST(DIVINATION Agent[08])
1,talk,73,4,15,Over
1,talk,74,4,5,Skip
1,talk,75,5,15,ESTIMATE Agent[14] VILLAGER
1,talk,76,5,13,Over
1,talk,77,5,7,VOTE Agent[12]
1,talk,78,5,9,Over
1,talk,79,5,14,VOTE Agent[02]
1,talk,80,5,11,Skip
1,talk,81,5,2,Over
1,talk,82,5,12,Over
1,talk,83,5,3,Over
1,talk,84,5,8,Skip
1,talk,85,5,6,Over
1,talk,86,5,1,Over
1,talk,87,5,5,Over
1,talk,88,5,4,Skip
1,talk,89,5,10,Skip
1,talk,90,6,9,Over
1,talk,91,6,8,Skip
1,talk,92,6,3,Over
1,talk,93,6,2,Over
1,talk,94,6,1,Over
1,talk,95,6,4,Skip
1,talk,96,6,7,Skip
1,talk,97,6,10,Over
1,talk,98,6,5,Over
1,talk,99,6,14,Skip
1,talk,100,6,13,ESTIMATE Agent[10] VILLAGER
1,talk,101,6,15,Skip
1,talk,102,6,12,Over
1,talk,103,6,11,Skip
1,talk,104,6,6,Over
1,talk,105,7,10,Over
1,talk,106,7,5,Over
1,talk,107,7,9,Over
1,talk,108,7,4,Over
1,talk,109,7,1,Over
1,talk,110,7,14,Skip
1,talk,111,7,2,Over
1,talk,112,7,8,VOTE Agent[11]
1,talk,113,7,15,Skip
1,talk,114,7,3,Over
1,talk,115,7,12,Over
1,talk,116,7,6,Over
1,talk,117,7,11,Over
1,talk,118,7,13,Over
1,talk,119,7,7,Skip
1,talk,120,8,4,Over
1,talk,121,8,5,Over
1,talk,122,8,10,Over
1,talk,123,8,2,Over
1,talk,124,8,8,Skip
1,talk,125,8,3,Over
1,talk,126,8,9,Over
1,talk,127,8,6,Over
1,talk,128,8,12,Over
1,talk,129,8,7,Over
1,talk,130,8,11,VOTE Agent[06]
1,talk,131,8,1,Over
1,talk,132,8,15,ESTIMATE Agent[03] VILLAGER
1,talk,133,8,13,Over
1,talk,134,8,14,Over
1,talk,135,9,5,Over
1,talk,136,9,9,Over
1,talk,137,9,13,Over
1,talk,138,9,4,Over
1,talk,139,9,14,Over
1,talk,140,9,11,Over
1,talk,141,9,7,Over
1,talk,142,9,15,ESTIMATE Agent[12] VILLAGER
1,talk,143,9,3,Over
1,talk,144,9,12,Over
1,talk,145,9,2,Over
1,talk,146,9,10,Over
1,talk,147,9,1,Over
1,talk,148,9,8,Skip
1,talk,149,9,6,Over
1,talk,150,10,13,Over
1,talk,151,10,7,Over
1,talk,152,10,14,Over
1,talk,153,10,11,Over
1,talk,154,10,9,Over
1,talk,155,10,6,Over
1,talk,156,10,5,Over
1,talk,157,10,15,Over
1,talk,158,10,8,VOTE Agent[11]
1,talk,159,10,1,Over
1,talk,160,10,2,Over
1,talk,161,10,12,Over
1,talk,162,10,4,Over
1,talk,163,10,10,Over
1,talk,164,10,3,Over
1,talk,165,11,13,Over
1,talk,166,11,3,Over
1,talk,167,11,9,Over
1,talk,168,11,10,Over
1,talk,169,11,2,Over
1,talk,170,11,11,ESTIMATE Agent[09] VILLAGER
1,talk,171,11,14,Over
1,talk,172,11,5,Over
1,talk,173,11,4,Over
1,talk,174,11,12,Over
1,talk,175,11,6,Over
1,talk,176,11,15,Over
1,talk,177,11,1,Over
1,talk,178,11,7,Over
1,talk,179,11,8,Skip
1,talk,180,12,4,Over
1,talk,181,12,5,Over
1,talk,182,12,6,Over
1,talk,183,12,15,Over
1,talk,184,12,12,Over
1,talk,185,12,11,VOTE Agent[02]
1,talk,186,12,10,Over
1,talk,187,12,8,Skip
1,talk,188,12,2,Over
1,talk,189,12,13,Over
1,talk,190,12,1,Over
1,talk,191,12,9,Over
1,talk,192,12,3,Over
1,talk,193,12,14,Over
1,talk,194,12,7,Over
1,talk,195,13,2,Over
1,talk,196,13,12,Over
1,talk,197,13,15,Over
1,talk,198,13,10,Over
1,talk,199,13,8,VOTE Agent[11]
1,talk,200,13,11,ESTIMATE Agent[06] VILLAGER
1,talk,201,13,9,Over
1,talk,202,13,7,Over
1,talk,203,13,1,Over
1,talk,204,13,6,Over
1,talk,205,13,5,Over
1,talk,206,13,4,Over
1,talk,207,13,3,Over
1,talk,208,13,14,Over
1,talk,209,13,13,Over
1,talk,210,14,14,Over
1,talk,211,14,5,Over
1,talk,212,14,3,Over
1,talk,213,14,8,Skip
1,talk,214,14,7,Over
1,talk,215,14,6,Over
1,talk,216,14,1,Over
1,talk,217,14,2,Over
1,talk,218,14,15,Over
1,talk,219,14,12,Over
1,talk,220,14,10,Over
1,talk,221,14,11,ESTIMATE Agent[06] VILLAGER
1,talk,222,14,9,Over
1,talk,223,14,13,Over
1,talk,224,14,4,Over
1,talk,225,15,9,Over
1,talk,226,15,6,Over
1,talk,227,15,10,Over
1,talk,228,15,4,Over
1,talk,229,15,11,Over
1,talk,230,15,12,Over
1,talk,231,15,13,Over
1,talk,232,15,1,Over
1,talk,233,15,2,Over
1,talk,234,15,3,Over
1,talk,235,15,5,Over
1,talk,236,15,7,Over
1,talk,237,15,8,Skip
1,talk,238,15,15,Over
1,talk,239,15,14,Over
1,talk,240,16,15,Over
1,talk,241,16,8,VOTE Agent[11]
1,talk,242,16,5,Over
1,talk,243,16,11,Over
1,talk,244,16,3,Over
1,talk,245,16,7,Over
1,talk,246,16,13,Over
1,talk,247,16,12,Over
1,talk,248,16,6,Over
1,talk,249,16,2,Over
1,talk,250,16,1,Over
1,talk,251,16,10,Over
1,talk,252,16,4,Over
1,talk,253,16,9,Over
1,talk,254,16,14,Over
1,talk,255,17,14,Over
1,talk,256,17,2,Over
1,talk,257,17,12,Over
1,talk,258,17,1,Over
1,talk,259,17,8,Skip
1,talk,260,17,10,Over
1,talk,261,17,13,Over
1,talk,262,17,3,Over
1,talk,263,17,5,Over
1,talk,264,17,9,Over
1,talk,265,17,11,ESTIMATE Agent[12] VILLAGER
1,talk,266,17,4,VOTE Agent[11]
1,talk,267,17,15,Over
1,talk,268,17,7,Over
1,talk,269,17,6,Over
1,talk,270,18,4,Skip
1,talk,271,18,5,Over
1,talk,272,18,8,Skip
1,talk,273,18,11,Over
1,talk,274,18,10,Over
1,talk,275,18,6,Over
1,talk,276,18,2,Over
1,talk,277,18,15,Over
1,talk,278,18,12,Over
1,talk,279,18,14,VOTE Agent[08]
1,talk,280,18,9,Over
1,talk,281,18,13,Over
1,talk,282,18,7,VOTE Agent[11]
1,talk,283,18,1,Over
1,talk,284,18,3,Over
1,talk,285,19,15,Over
1,talk,286,19,12,Over
1,talk,287,19,7,Skip
1,talk,288,19,3,Over
1,talk,289,19,8,VOTE Agent[11]
1,talk,290,19,11,Over
1,talk,291,19,14,Over
1,talk,292,19,4,Skip
1,talk,293,19,1,Over
1,talk,294,19,2,Over
1,talk,295,19,5,Over
1,talk,296,19,13,VOTE Agent[11]
1,talk,297,19,6,Over
1,talk,298,19,9,Over
1,talk,299,19,10,Over
1,vote,1,2
1,vote,2,11
1,vote,3,2
1,vote,4,11
1,vote,5,11
1,vote,6,13
1,vote,7,11
1,vote,8,11
1,vote,9,13
1,vote,10,11
1,vote,11,2
1,vote,12,2
1,vote,13,11
1,vote,14,8
1,vote,15,14
1,execute,11,POSSESSED
1,whisper,0,0,3,ATTACK Agent[09]
1,whisper,1,0,13,ATTACK Agent[10]
1,whisper,2,0,8,Skip
1,whisper,3,1,3,COMINGOUT Agent[03] VILLAGER
1,whisper,4,1,13,Over
1,whisper,5,1,8,ATTACK Agent[10]
1,whisper,6,2,3,Skip
1,whisper,7,2,8,Skip
1,whisper,8,2,13,Over
1,whisper,9,3,8,Skip
1,whisper,10,3,13,Over
1,whisper,11,3,3,Skip
1,whisper,12,4,13,Over
1,whisper,13,4,3,Over
1,whisper,14,4,8,ATTACK Agent[10]
1,whisper,15,5,13,Over
1,whisper,16,5,8,Skip
1,whisper,17,5,3,Over
1,whisper,18,6,13,Over
1,whisper,19,6,8,Skip
1,whisper,20,6,3,Over
1,whisper,21,7,3,Over
1,whisper,22,7,13,Over
1,whisper,23,7,8,ATTACK Agent[10]
1,whisper,24,8,13,Over
1,whisper,25,8,8,Skip
1,whisper,26,8,3,Over
1,whisper,27,9,8,Skip
1,whisper,28,9,13,Over
1,whisper,29,9,3,Over
1,whisper,30,10,3,Over
1,whisper,31,10,13,Over
1,whisper,32,10,8,ATTACK Agent[10]
1,whisper,33,11,3,Over
1,whisper,34,11,13,Over
1,whisper,35,11,8,Skip
1,whisper,36,12,13,Over
1,whisper,37,12,3,Over
1,whisper,38,12,8,Skip
1,whisper,39,13,8,ATTACK Agent[10]
1,whisper,40,13,3,Over
1,whisper,41,13,13,Over
1,whisper,42,14,8,Skip
1,whisper,43,14,3,Over
1,whisper,44,14,13,Over
1,whisper,45,15,8,Skip
1,whisper,46,15,3,Over
1,whisper,47,15,13,Over
1,whisper,48,16,3,Over
1,whisper,49,16,13,Over
1,whisper,50,16,8,ATTACK Agent[10]
1,whisper,51,17,3,Over
1,whisper,52,17,8,Skip
1,whisper,53,17,13,Over
1,whisper,54,18,3,Over
1,whisper,55,18,13,Over
1,whisper,56,18,8,Skip
1,whisper,57,19,13,Over
1,whisper,58,19,8,ATTACK Agent[10]
1,whisper,59,19,3,Over
1,guard,9,11,POSSESSED
1,attackVote,3,9
1,attackVote,8,10
1,attackVote,13,10
1,attack,10,true
2,status,1,MEDIUM,ALIVE,carlo
2,status,2,VILLAGER,ALIVE,m_cre
2,status,3,WEREWOLF,ALIVE,cndl
2,status,4,VILLAGER,ALIVE,AITKN
2,status,5,VILLAGER,ALIVE,aplain
2,status,6,VILLAGER,ALIVE,takkyubu
2,status,7,VILLAGER,ALIVE,kasuka
2,status,8,WEREWOLF,ALIVE,johnny
2,status,9,BODYGUARD,ALIVE,hibagon
2,status,10,SEER,DEAD,colun
2,status,11,POSSESSED,DEAD,wasabi
2,status,12,VILLAGER,ALIVE,Udon
2,status,13,WEREWOLF,ALIVE,JuN1Ro
2,status,14,VILLAGER,ALIVE,cash
2,status,15,VILLAGER,ALIVE,daisyo
2,talk,0,0,8,VOTE Agent[13]
2,talk,1,0,12,VOTE Agent[01]
2,talk,2,0,7,ESTIMATE Agent[11] WEREWOLF
2,talk,3,0,13,VOTE Agent[04]
2,talk,4,0,4,VOTE Agent[07]
2,talk,5,0,5,VOTE Agent[12]
2,talk,6,0,15,VOTE Agent[14]
2,talk,7,0,9,VOTE Agent[12]
2,talk,8,0,2,VOTE Agent[01]
2,talk,9,0,3,VOTE Agent[02]
2,talk,10,0,1,COMINGOUT Agent[01] MEDIUM
2,talk,11,0,6,VOTE Agent[07]
2,talk,12,0,14,VOTE Agent[08]
2,talk,13,1,3,VOTE Agent[07]
2,talk,14,1,15,VOTE Agent[12]
2,talk,15,1,4,VOTE Agent[12]
2,talk,16,1,13,VOTE Agent[07]
2,talk,17,1,12,VOTE Agent[14]
2,talk,18,1,14,VOTE Agent[05]
2,talk,19,1,7,ESTIMATE Agent[04] WEREWOLF
2,talk,20,1,1,IDENTIFIED Agent[11] HUMAN
2,talk,21,1,8,VOTE Agent[01]
2,talk,22,1,2,VOTE Agent[12]
2,talk,23,1,9,Skip
2,talk,24,1,5,Skip
2,talk,25,1,6,Skip
2,talk,26,2,15,Over
2,talk,27,2,12,Over
2,talk,28,2,9,Skip
2,talk,29,2,14,VOTE Agent[04]
2,talk,30,2,8,Skip
2,talk,31,2,2,Skip
2,talk,32,2,4,Skip
2,talk,33,2,1,VOTE Agent[02]
2,talk,34,2,13,VOTE Agent[12]
2,talk,35,2,7,ESTIMATE Agent[12] WEREWOLF
2,talk,36,2,6,Skip
2,talk,37,2,3,VOTE Agent[12]
2,talk,38,2,5,Skip
2,talk,39,3,8,Skip
2,talk,40,3,9,Over
2,talk,41,3,2,Skip
2,talk,42,3,1,Skip
2,talk,43,3,5,Over
2,talk,44,3,4,Skip
2,talk,45,3,6,Over
2,talk,46,3,7,VOTE Agent[12]
2,talk,47,3,3,Skip
2,talk,48,3,15,Skip
2,talk,49,3,13,Over
2,talk,50,3,12,VOTE Agent[02]
2,talk,51,3,14,Skip
2,talk,52,4,6,Over
2,talk,53,4,13,ESTIMATE Agent[14] VILLAGER
2,talk,54,4,1,Skip
2,talk,55,4,4,Over
2,talk,56,4,15,Over
2,talk,57,4,14,VOTE Agent[05]
2,talk,58,4,7,Skip
2,talk,59,4,3,Skip
2,talk,60,4,9,Over
2,talk,61,4,8,VOTE Agent[01]
2,talk,62,4,5,Over
2,talk,63,4,2,Over
2,talk,64,4,12,Over
2,talk,65,5,4,Over
2,talk,66,5,2,Over
2,talk,67,5,13,ESTIMATE Agent[14] VILLAGER
2,talk,68,5,1,Over
2,talk,69,5,15,Over
2,talk,70,5,3,Over
2,talk,71,5,5,Over
2,talk,72,5,14,Skip
2,talk,73,5,9,Over
2,talk,74,5,8,Skip
2,talk,75,5,6,Over
2,talk,76,5,12,Over
2,talk,77,5,7,Skip
2,talk,78,6,12,Over
2,talk,79,6,14,Skip
2,talk,80,6,9,Over
2,talk,81,6,1,Over
2,talk,82,6,4,Over
2,talk,83,6,8,Skip
2,talk,84,6,15,ESTIMATE Agent[12] VILLAGER
2,talk,85,6,7,Over
2,talk,86,6,6,Over
2,talk,87,6,2,Over
2,talk,88,6,3,Over
2,talk,89,6,5,Over
2,talk,90,6,13,Over
2,talk,91,7,6,Over
2,talk,92,7,13,Over
2,talk,93,7,7,Over
2,talk,94,7,15,Skip
2,talk,95,7,4,Over
2,talk,96,7,9,Over
2,talk,97,7,1,Over
2,talk,98,7,12,Over
2,talk,99,7,2,Over
2,talk,100,7,14,Over
2,talk,101,7,5,Over
2,talk,102,7,8,VOTE Agent[01]
2,talk,103,7,3,Over
2,talk,104,8,5,Over
2,talk,105,8,7,Over
2,talk,106,8,12,Over
2,talk,107,8,3,Over
2,talk,108,8,8,Skip
2,talk,109,8,6,Over
2,talk,110,8,9,Over
2,talk,111,8,4,Over
2,talk,112,8,15,Over
2,talk,113,8,2,Over
2,talk,114,8,13,Over
2,talk,115,8,1,Over
2,talk,116,8,14,Over
2,talk,117,9,15,Skip
2,talk,118,9,2,Over
2,talk,119,9,1,Over
2,talk,120,9,12,Over
2,talk,121,9,14,Over
2,talk,122,9,13,Over
2,talk,123,9,5,Over
2,talk,124,9,6,Over
2,talk,125,9,8,Skip
2,talk,126,9,4,Over
2,talk,127,9,7,Over
2,talk,128,9,9,Over
2,talk,129,9,3,Over
2,talk,130,10,8,VOTE Agent[01]
2,talk,131,10,7,Over
2,talk,132,10,5,Over
2,talk,133,10,2,Over
2,talk,134,10,13,ESTIMATE Agent[14] VILLAGER
2,talk,135,10,14,Over
2,talk,136,10,1,Over
2,talk,137,10,15,Over
2,talk,138,10,3,Over
2,talk,139,10,6,Over
2,talk,140,10,4,Over
2,talk,141,10,12,Over
2,talk,142,10,9,Over
2,talk,143,11,12,Over
2,talk,144,11,6,Over
2,talk,145,11,1,Over
2,talk,146,11,15,Over
2,talk,147,11,9,Over
2,talk,148,11,2,Over
2,talk,149,11,14,Over
2,talk,150,11,4,Over
2,talk,151,11,7,Over
2,talk,152,11,13,Over
2,talk,153,11,5,Over
2,talk,154,11,8,Skip
2,talk,155,11,3,Over
2,talk,156,12,14,Over
2,talk,157,12,8,Skip
2,talk,158,12,3,Over
2,talk,159,12,7,Over
2,talk,160,12,2,Over
2,talk,161,12,12,Over
2,talk,162,12,9,Over
2,talk,163,12,13,Over
2,talk,164,12,4,Over
2,talk,165,12,15,Over
2,talk,166,12,6,Over
2,talk,167,12,5,Over
2,talk,168,12,1,Over
2,talk,169,13,8,VOTE Agent[01]
2,talk,170,13,5,Over
2,talk,171,13,15,Over
2,talk,172,13,6,Over
2,talk,173,13,14,Over
2,talk,174,13,9,Over
2,talk,175,13,2,Over
2,talk,176,13,7,Over
2,talk,177,13,13,Over
2,talk,178,13,3,Over
2,talk,179,13,12,Over
2,talk,180,13,1,Over
2,talk,181,13,4,Over
2,talk,182,14,6,Over
2,talk,183,14,9,Over
2,talk,184,14,4,Over
2,talk,185,14,7,Over
2,talk,186,14,15,Over
2,talk,187,14,12,Over
2,talk,188,14,1,Over
2,talk,189,14,13,Over
2,talk,190,14,3,Over
2,talk,191,14,8,Skip
2,talk,192,14,14,Over
2,talk,193,14,2,Over
2,talk,194,14,5,Over
2,talk,195,15,13,Over
2,talk,196,15,14,Over
2,talk,197,15,1,Over
2,talk,198,15,7,Over
2,talk,199,15,6,Over
2,talk,200,15,9,Over
2,talk,201,15,15,Over
2,talk,202,15,5,Over
2,talk,203,15,8,Skip
2,talk,204,15,2,Over
2,talk,205,15,3,Over
2,talk,206,15,4,Over
2,talk,207,15,12,Over
2,talk,208,16,6,Over
2,talk,209,16,5,Over
2,talk,210,16,2,Over
2,talk,211,16,9,Over
2,talk,212,16,12,Over
2,talk,213,16,8,VOTE Agent[01]
2,talk,214,16,15,Over
2,talk,215,16,14,Over
2,talk,216,16,4,Over
2,talk,217,16,1,Over
2,talk,218,16,3,Over
2,talk,219,16,7,Over
2,talk,220,16,13,Over
2,talk,221,17,2,Over
2,talk,222,17,7,Over
2,talk,223,17,12,Over
2,talk,224,17,1,Over
2,talk,225,17,15,Over
2,talk,226,17,5,Over
2,talk,227,17,8,Skip
2,talk,228,17,14,Over
2,talk,229,17,3,Over
2,talk,230,17,9,Over
2,talk,231,17,6,Over
2,talk,232,17,4,Over
2,talk,233,17,13,Over
2,talk,234,18,3,Over
2,talk,235,18,7,Over
2,talk,236,18,9,Over
2,talk,237,18,15,Over
2,talk,238,18,4,Over
2,talk,239,18,1,Over
2,talk,240,18,2,Over
2,talk,241,18,14,Over
2,talk,242,18,6,Over
2,talk,243,18,5,Over
2,talk,244,18,13,Over
2,talk,245,18,8,Skip
2,talk,246,18,12,Over
2,talk,247,19,7,Over
2,talk,248,19,5,Over
2,talk,249,19,13,Over
2,talk,250,19,9,Over
2,talk,251,19,2,Over
2,talk,252,19,8,VOTE Agent[01]
2,talk,253,19,3,Over
2,talk,254,19,12,Over
2,talk,255,19,1,Over
2,talk,256,19,14,Over
2,talk,257,19,15,Over
2,talk,258,19,6,Over
2,talk,259,19,4,Over
2,vote,1,2
2,vote,2,12
2,vote,3,12
2,vote,4,1
2,vote,5,12
2,vote,6,7
2,vote,7,12
2,vote,8,1
2,vote,9,12
2,vote,12,2
2,vote,13,12
2,vote,14,5
2,vote,15,12
2,execute,12,VILLAGER
2,whisper,0,0,8,Skip
2,whisper,1,0,3,ATTACK Agent[06]
2,whisper,2,0,13,ATTACK Agent[01]
2,whisper,3,1,13,Over
2,whisper,4,1,8,Skip
2,whisper,5,1,3,COMINGOUT Agent[03] VILLAGER
2,whisper,6,2,3,Skip
2,whisper,7,2,13,Over
2,whisper,8,2,8,ATTACK Agent[01]
2,whisper,9,3,13,Over
2,whisper,10,3,3,Skip
2,whisper,11,3,8,Skip
2,whisper,12,4,13,Over
2,whisper,13,4,8,Skip
2,whisper,14,4,3,Over
2,whisper,15,5,13,Over
2,whisper,16,5,3,Over
2,whisper,17,5,8,ATTACK Agent[01]
2,whisper,18,6,3,Over
2,whisper,19,6,13,Over
2,whisper,20,6,8,Skip
2,whisper,21,7,3,Over
2,whisper,22,7,13,Over
2,whisper,23,7,8,Skip
2,whisper,24,8,13,Over
2,whisper,25,8,8,ATTACK Agent[01]
2,whisper,26,8,3,Over
2,whisper,27,9,3,Over
2,whisper,28,9,13,Over
2,whisper,29,9,8,Skip
2,whisper,30,10,3,Over
2,whisper,31,10,13,Over
2,whisper,32,10,8,Skip
2,whisper,33,11,8,ATTACK Agent[01]
2,whisper,34,11,3,Over
2,whisper,35,11,13,Over
2,whisper,36,12,13,Over
2,whisper,37,12,8,Skip
2,whisper,38,12,3,Over
2,whisper,39,13,8,Skip
2,whisper,40,13,3,Over
2,whisper,41,13,13,Over
2,whisper,42,14,13,Over
2,whisper,43,14,8,ATTACK Agent[01]
2,whisper,44,14,3,Over
2,whisper,45,15,13,Over
2,whisper,46,15,8,Skip
2,whisper,47,15,3,Over
2,whisper,48,16,3,Over
2,whisper,49,16,13,Over
2,whisper,50,16,8,Skip
2,whisper,51,17,8,ATTACK Agent[01]
2,whisper,52,17,13,Over
2,whisper,53,17,3,Over
2,whisper,54,18,3,Over
2,whisper,55,18,13,Over
2,whisper,56,18,8,Skip
2,whisper,57,19,8,Skip
2,whisper,58,19,3,Over
2,whisper,59,19,13,Over
2,guard,9,1,MEDIUM
2,attackVote,3,6
2,attackVote,8,1
2,attackVote,13,1
2,attack,1,false
3,status,1,MEDIUM,ALIVE,carlo
3,status,2,VILLAGER,ALIVE,m_cre
3,status,3,WEREWOLF,ALIVE,cndl
3,status,4,VILLAGER,ALIVE,AITKN
3,status,5,VILLAGER,ALIVE,aplain
3,status,6,VILLAGER,ALIVE,takkyubu
3,status,7,VILLAGER,ALIVE,kasuka
3,status,8,WEREWOLF,ALIVE,johnny
3,status,9,BODYGUARD,ALIVE,hibagon
3,status,10,SEER,DEAD,colun
3,status,11,POSSESSED,DEAD,wasabi
3,status,12,VILLAGER,DEAD,Udon
3,status,13,WEREWOLF,ALIVE,JuN1Ro
3,status,14,VILLAGER,ALIVE,cash
3,status,15,VILLAGER,ALIVE,daisyo
3,talk,0,0,14,VOTE Agent[07]
3,talk,1,0,3,VOTE Agent[01]
3,talk,2,0,6,VOTE Agent[13]
3,talk,3,0,4,VOTE Agent[15]
3,talk,4,0,7,ESTIMATE Agent[11] WEREWOLF
3,talk,5,0,2,VOTE Agent[06]
3,talk,6,0,15,VOTE Agent[02]
3,talk,7,0,8,VOTE Agent[13]
3,talk,8,0,13,VOTE Agent[14]
3,talk,9,0,5,VOTE Agent[03]
3,talk,10,0,9,VOTE Agent[15]
3,talk,11,0,1,IDENTIFIED Agent[12] HUMAN
3,talk,12,1,3,VOTE Agent[15]
3,talk,13,1,14,VOTE Agent[08]
3,talk,14,1,2,VOTE Agent[03]
3,talk,15,1,8,VOTE Agent[02]
3,talk,16,1,15,Over
3,talk,17,1,6,Skip
3,talk,18,1,7,ESTIMATE Agent[04] WEREWOLF
3,talk,19,1,1,VOTE Agent[02]
3,talk,20,1,4,Skip
3,talk,21,1,13,ESTIMATE Agent[14] WEREWOLF
3,talk,22,1,5,Skip
3,talk,23,1,9,Skip
3,talk,24,2,3,Skip
3,talk,25,2,4,Skip
3,talk,26,2,14,Skip
3,talk,27,2,5,Skip
3,talk,28,2,7,ESTIMATE Agent[12] WEREWOLF
3,talk,29,2,15,Skip
3,talk,30,2,9,Skip
3,talk,31,2,8,Skip
3,talk,32,2,1,Skip
3,talk,33,2,13,Over
3,talk,34,2,2,Skip
3,talk,35,2,6,Skip
3,talk,36,3,3,Skip
3,talk,37,3,6,Over
3,talk,38,3,2,Skip
3,talk,39,3,8,Skip
3,talk,40,3,15,Skip
3,talk,41,3,1,Skip
3,talk,42,3,4,Over
3,talk,43,3,9,Over
3,talk,44,3,13,Over
3,talk,45,3,14,Skip
3,talk,46,3,5,Over
3,talk,47,3,7,VOTE Agent[13]
3,talk,48,4,13,Over
3,talk,49,4,4,Over
3,talk,50,4,6,Over
3,talk,51,4,5,Over
3,talk,52,4,1,Over
3,talk,53,4,15,Over
3,talk,54,4,8,VOTE Agent[02]
3,talk,55,4,2,Over
3,talk,56,4,3,Over
3,talk,57,4,9,Over
3,talk,58,4,14,Over
3,talk,59,4,7,Skip
3,talk,60,5,5,Over
3,talk,61,5,9,Over
3,talk,62,5,15,Over
3,talk,63,5,6,Over
3,talk,64,5,4,VOTE Agent[02]
3,talk,65,5,8,Skip
3,talk,66,5,7,Skip
3,talk,67,5,3,Over
3,talk,68,5,13,Over
3,talk,69,5,14,Over
3,talk,70,5,1,Over
3,talk,71,5,2,Over
3,talk,72,6,8,Skip
3,talk,73,6,6,Over
3,talk,74,6,5,Over
3,talk,75,6,13,Over
3,talk,76,6,4,Skip
3,talk,77,6,2,Over
3,talk,78,6,9,Over
3,talk,79,6,3,VOTE Agent[02]
3,talk,80,6,15,Over
3,talk,81,6,14,Over
3,talk,82,6,1,Over
3,talk,83,6,7,Over
3,talk,84,7,5,Over
3,talk,85,7,3,Skip
3,talk,86,7,4,Skip
3,talk,87,7,13,Over
3,talk,88,7,1,Over
3,talk,89,7,8,VOTE Agent[02]
3,talk,90,7,6,Over
3,talk,91,7,9,Over
3,talk,92,7,7,Over
3,talk,93,7,15,Over
3,talk,94,7,14,Over
3,talk,95,7,2,Over
3,talk,96,8,3,Skip
3,talk,97,8,15,ESTIMATE Agent[02] VILLAGER
3,talk,98,8,7,Over
3,talk,99,8,9,Over
3,talk,100,8,5,Over
3,talk,101,8,4,Over
3,talk,102,8,1,Over
3,talk,103,8,13,Over
3,talk,104,8,2,Over
3,talk,105,8,8,Skip
3,talk,106,8,6,Over
3,talk,107,8,14,Over
3,talk,108,9,2,Over
3,talk,109,9,13,Over
3,talk,110,9,9,Over
3,talk,111,9,3,Over
3,talk,112,9,8,Skip
3,talk,113,9,7,Over
3,talk,114,9,4,Over
3,talk,115,9,14,Over
3,talk,116,9,1,Over
3,talk,117,9,6,Over
3,talk,118,9,15,Skip
3,talk,119,9,5,Over
3,talk,120,10,9,Over
3,talk,121,10,6,Over
3,talk,122,10,4,Over
3,talk,123,10,15,Over
3,talk,124,10,3,Over
3,talk,125,10,5,Over
3,talk,126,10,7,Over
3,talk,127,10,13,Over
3,talk,128,10,14,Over
3,talk,129,10,1,Over
3,talk,130,10,2,Over
3,talk,131,10,8,VOTE Agent[02]
3,talk,132,11,6,Over
3,talk,133,11,4,Over
3,talk,134,11,3,Over
3,talk,135,11,1,Over
3,talk,136,11,8,Skip
3,talk,137,11,5,Over
3,talk,138,11,15,Over
3,talk,139,11,2,Over
3,talk,140,11,13,Over
3,talk,141,11,14,Over
3,talk,142,11,7,Over
3,talk,143,11,9,Over
3,talk,144,12,1,Over
3,talk,145,12,2,Over
3,talk,146,12,7,Over
3,talk,147,12,13,Over
3,talk,148,12,14,Over
3,talk,149,12,5,Over
3,talk,150,12,4,Over
3,talk,151,12,6,Over
3,talk,152,12,9,Over
3,talk,153,12,8,Skip
3,talk,154,12,15,Over
3,talk,155,12,3,Over
3,talk,156,13,13,Over
3,talk,157,13,2,Over
3,talk,158,13,3,Over
3,talk,159,13,1,Over
3,talk,160,13,8,VOTE Agent[02]
3,talk,161,13,14,Over
3,talk,162,13,6,Over
3,talk,163,13,5,Over
3,talk,164,13,9,Over
3,talk,165,13,4,Over
3,talk,166,13,7,Over
3,talk,167,13,15,Over
3,talk,168,14,8,Skip
3,talk,169,14,9,Over
3,talk,170,14,2,Over
3,talk,171,14,1,Over
3,talk,172,14,7,Over
3,talk,173,14,5,Over
3,talk,174,14,14,Over
3,talk,175,14,4,Over
3,talk,176,14,3,Over
3,talk,177,14,6,Over
3,talk,178,14,15,Over
3,talk,179,14,13,Over
3,talk,180,15,4,Over
3,talk,181,15,1,Over
3,talk,182,15,6,Over
3,talk,183,15,13,Over
3,talk,184,15,9,Over
3,talk,185,15,3,Over
3,talk,186,15,8,Skip
3,talk,187,15,2,Over
3,talk,188,15,7,Over
3,talk,189,15,14,Over
3,talk,190,15,5,Over
3,talk,191,15,15,Over
3,talk,192,16,6,Over
3,talk,193,16,5,Over
3,talk,194,16,14,Over
3,talk,195,16,3,Over
3,talk,196,16,2,Over
3,talk,197,16,15,Over
3,talk,198,16,8,VOTE Agent[02]
3,talk,199,16,9,Over
3,talk,200,16,4,Over
3,talk,201,16,7,Over
3,talk,202,16,13,Over
3,talk,203,16,1,Over
3,talk,204,17,2,Over
3,talk,205,17,14,Over
3,talk,206,17,15,Over
3,talk,207,17,13,Over
3,talk,208,17,8,Skip
3,talk,209,17,7,Over
3,talk,210,17,4,Over
3,talk,211,17,5,Over
3,talk,212,17,3,Over
3,talk,213,17,9,Over
3,talk,214,17,1,Over
3,talk,215,17,6,Over
3,talk,216,18,8,Skip
3,talk,217,18,5,Over
3,talk,218,18,2,Over
3,talk,219,18,9,Over
3,talk,220,18,3,Over
3,talk,221,18,4,Over
3,talk,222,18,14,Over
3,talk,223,18,1,Over
3,talk,224,18,6,Over
3,talk,225,18,13,Over
3,talk,226,18,7,Over
3,talk,227,18,15,Over
3,talk,228,19,3,Over
3,talk,229,19,4,Over
3,talk,230,19,1,Over
3,talk,231,19,13,Over
3,talk,232,19,14,Over
3,talk,233,19,6,Over
3,talk,234,19,7,Over
3,talk,235,19,5,Over
3,talk,236,19,9,Over
3,talk,237,19,8,VOTE Agent[02]
3,talk,238,19,15,Over
3,talk,239,19,2,Over
3,vote,1,2
3,vote,2,3
3,vote,3,2
3,vote,4,2
3,vote,5,3
3,vote,6,13
3,vote,7,13
3,vote,8,2
3,vote,9,15
3,vote,13,14
3,vote,14,8
3,vote,15,2
3,execute,2,VILLAGER
3,whisper,0,0,8,Skip
3,whisper,1,0,3,ATTACK Agent[06]
3,whisper,2,0,13,ATTACK Agent[01]
3,whisper,3,1,3,COMINGOUT Agent[03] VILLAGER
3,whisper,4,1,8,ATTACK Agent[01]
3,whisper,5,1,13,Over
3,whisper,6,2,13,Over
3,whisper,7,2,3,Skip
3,whisper,8,2,8,Skip
3,whisper,9,3,8,Skip
3,whisper,10,3,13,Over
3,whisper,11,3,3,Skip
3,whisper,12,4,3,Over
3,whisper,13,4,8,ATTACK Agent[01]
3,whisper,14,4,13,Over
3,whisper,15,5,13,Over
3,whisper,16,5,3,Over
3,whisper,17,5,8,Skip
3,whisper,18,6,8,Skip
3,whisper,19,6,13,Over
3,whisper,20,6,3,Over
3,whisper,21,7,8,ATTACK Agent[01]
3,whisper,22,7,13,Over
3,whisper,23,7,3,Over
3,whisper,24,8,8,Skip
3,whisper,25,8,3,Over
3,whisper,26,8,13,Over
3,whisper,27,9,13,Over
3,whisper,28,9,8,Skip
3,whisper,29,9,3,Over
3,whisper,30,10,8,ATTACK Agent[01]
3,whisper,31,10,13,Over
3,whisper,32,10,3,Over
3,whisper,33,11,8,Skip
3,whisper,34,11,3,Over
3,whisper,35,11,13,Over
3,whisper,36,12,3,Over
3,whisper,37,12,13,Over
3,whisper,38,12,8,Skip
3,whisper,39,13,8,ATTACK Agent[01]
3,whisper,40,13,13,Over
3,whisper,41,13,3,Over
3,whisper,42,14,3,Over
3,whisper,43,14,13,Over
3,whisper,44,14,8,Skip
3,whisper,45,15,13,Over
3,whisper,46,15,3,Over
3,whisper,47,15,8,Skip
3,whisper,48,16,8,ATTACK Agent[01]
3,whisper,49,16,3,Over
3,whisper,50,16,13,Over
3,whisper,51,17,13,Over
3,whisper,52,17,3,Over
3,whisper,53,17,8,Skip
3,whisper,54,18,13,Over
3,whisper,55,18,3,Over
3,whisper,56,18,8,Skip
3,whisper,57,19,3,Over
3,whisper,58,19,8,ATTACK Agent[01]
3,whisper,59,19,13,Over
3,guard,9,1,MEDIUM
3,attackVote,3,6
3,attackVote,8,1
3,attackVote,13,1
3,attack,1,false
4,status,1,MEDIUM,ALIVE,carlo
4,status,2,VILLAGER,DEAD,m_cre
4,status,3,WEREWOLF,ALIVE,cndl
4,status,4,VILLAGER,ALIVE,AITKN
4,status,5,VILLAGER,ALIVE,aplain
4,status,6,VILLAGER,ALIVE,takkyubu
4,status,7,VILLAGER,ALIVE,kasuka
4,status,8,WEREWOLF,ALIVE,johnny
4,status,9,BODYGUARD,ALIVE,hibagon
4,status,10,SEER,DEAD,colun
4,status,11,POSSESSED,DEAD,wasabi
4,status,12,VILLAGER,DEAD,Udon
4,status,13,WEREWOLF,ALIVE,JuN1Ro
4,status,14,VILLAGER,ALIVE,cash
4,status,15,VILLAGER,ALIVE,daisyo
4,talk,0,0,8,VOTE Agent[13]
4,talk,1,0,4,VOTE Agent[06]
4,talk,2,0,3,VOTE Agent[13]
4,talk,3,0,14,VOTE Agent[15]
4,talk,4,0,15,VOTE Agent[13]
4,talk,5,0,7,ESTIMATE Agent[11] WEREWOLF
4,talk,6,0,1,IDENTIFIED Agent[02] HUMAN
4,talk,7,0,6,VOTE Agent[07]
4,talk,8,0,9,VOTE Agent[04]
4,talk,9,0,5,VOTE Agent[14]
4,talk,10,0,13,Over
4,talk,11,1,5,Skip
4,talk,12,1,9,Skip
4,talk,13,1,14,Skip
4,talk,14,1,8,VOTE Agent[01]
4,talk,15,1,4,VOTE Agent[15]
4,talk,16,1,15,Skip
4,talk,17,1,1,VOTE Agent[05]
4,talk,18,1,13,Over
4,talk,19,1,6,Skip
4,talk,20,1,3,VOTE Agent[15]
4,talk,21,1,7,ESTIMATE Agent[12] WEREWOLF
4,talk,22,2,13,Over
4,talk,23,2,14,VOTE Agent[05]
4,talk,24,2,6,Skip
4,talk,25,2,3,Skip
4,talk,26,2,9,Skip
4,talk,27,2,4,VOTE Agent[01]
4,talk,28,2,1,Skip
4,talk,29,2,7,ESTIMATE Agent[13] WEREWOLF
4,talk,30,2,5,Skip
4,talk,31,2,8,VOTE Agent[15]
4,talk,32,2,15,Skip
4,talk,33,3,9,Over
4,talk,34,3,14,Skip
4,talk,35,3,5,Over
4,talk,36,3,15,Over
4,talk,37,3,8,Skip
4,talk,38,3,13,Over
4,talk,39,3,7,VOTE Agent[14]
4,talk,40,3,1,Skip
4,talk,41,3,6,Over
4,talk,42,3,4,Skip
4,talk,43,3,3,Skip
4,talk,44,4,1,Over
4,talk,45,4,3,Over
4,talk,46,4,8,Skip
4,talk,47,4,15,ESTIMATE Agent[13] VILLAGER
4,talk,48,4,9,Over
4,talk,49,4,6,Over
4,talk,50,4,14,Skip
4,talk,51,4,5,Over
4,talk,52,4,7,Skip
4,talk,53,4,13,Over
4,talk,54,4,4,Skip
4,talk,55,5,4,VOTE Agent[05]
4,talk,56,5,13,VOTE Agent[15]
4,talk,57,5,14,Over
4,talk,58,5,6,Over
4,talk,59,5,7,Skip
4,talk,60,5,3,Over
4,talk,61,5,1,Over
4,talk,62,5,15,Skip
4,talk,63,5,9,Over
4,talk,64,5,5,Over
4,talk,65,5,8,VOTE Agent[15]
4,talk,66,6,9,Over
4,talk,67,6,14,VOTE Agent[04]
4,talk,68,6,4,Skip
4,talk,69,6,3,Over
4,talk,70,6,8,Skip
4,talk,71,6,7,Over
4,talk,72,6,15,Over
4,talk,73,6,13,VOTE Agent[14]
4,talk,74,6,6,Over
4,talk,75,6,5,Over
4,talk,76,6,1,Over
4,talk,77,7,6,Over
4,talk,78,7,9,Over
4,talk,79,7,8,Skip
4,talk,80,7,1,Over
4,talk,81,7,3,VOTE Agent[14]
4,talk,82,7,15,ESTIMATE Agent[03] VILLAGER
4,talk,83,7,7,Over
4,talk,84,7,13,Over
4,talk,85,7,14,Skip
4,talk,86,7,5,Over
4,talk,87,7,4,VOTE Agent[06]
4,talk,88,8,1,Over
4,talk,89,8,14,Skip
4,talk,90,8,9,Over
4,talk,91,8,6,Over
4,talk,92,8,15,Skip
4,talk,93,8,7,Over
4,talk,94,8,8,VOTE Agent[14]
4,talk,95,8,13,Over
4,talk,96,8,3,Skip
4,talk,97,8,5,Over
4,talk,98,8,4,VOTE Agent[08]
4,talk,99,9,5,Over
4,talk,100,9,3,Skip
4,talk,101,9,1,Over
4,talk,102,9,13,Over
4,talk,103,9,9,Over
4,talk,104,9,6,Over
4,talk,105,9,7,Over
4,talk,106,9,4,VOTE Agent[14]
4,talk,107,9,8,Skip
4,talk,108,9,15,ESTIMATE Agent[14] VILLAGER
4,talk,109,9,14,Over
4,talk,110,10,4,VOTE Agent[08]
4,talk,111,10,1,Over
4,talk,112,10,15,Over
4,talk,113,10,3,Over
4,talk,114,10,14,Over
4,talk,115,10,5,Over
4,talk,116,10,13,ESTIMATE Agent[14] WEREWOLF
4,talk,117,10,9,Over
4,talk,118,10,6,Over
4,talk,119,10,8,Skip
4,talk,120,10,7,Over
4,talk,121,11,15,Over
4,talk,122,11,5,Over
4,talk,123,11,9,Over
4,talk,124,11,1,Over
4,talk,125,11,3,Over
4,talk,126,11,7,Over
4,talk,127,11,8,VOTE Agent[14]
4,talk,128,11,14,Over
4,talk,129,11,13,Over
4,talk,130,11,6,Over
4,talk,131,11,4,VOTE Agent[14]
4,talk,132,12,7,Over
4,talk,133,12,5,Over
4,talk,134,12,15,Over
4,talk,135,12,6,Over
4,talk,136,12,1,Over
4,talk,137,12,9,Over
4,talk,138,12,4,VOTE Agent[06]
4,talk,139,12,8,Skip
4,talk,140,12,13,Over
4,talk,141,12,14,Over
4,talk,142,12,3,Over
4,talk,143,13,8,Skip
4,talk,144,13,5,Over
4,talk,145,13,3,Over
4,talk,146,13,1,Over
4,talk,147,13,9,Over
4,talk,148,13,7,Over
4,talk,149,13,6,Over
4,talk,150,13,15,Over
4,talk,151,13,4,Over
4,talk,152,13,14,Over
4,talk,153,13,13,Over
4,talk,154,14,14,Over
4,talk,155,14,4,Over
4,talk,156,14,6,Over
4,talk,157,14,5,Over
4,talk,158,14,9,Over
4,talk,159,14,15,Over
4,talk,160,14,13,Over
4,talk,161,14,7,Over
4,talk,162,14,3,Over
4,talk,163,14,8,VOTE Agent[14]
4,talk,164,14,1,Over
4,talk,165,15,15,Over
4,talk,166,15,3,Over
4,talk,167,15,6,Over
4,talk,168,15,4,Over
4,talk,169,15,9,Over
4,talk,170,15,7,Over
4,talk,171,15,5,Over
4,talk,172,15,14,Over
4,talk,173,15,1,Over
4,talk,174,15,8,Skip
4,talk,175,15,13,Over
4,talk,176,16,1,Over
4,talk,177,16,5,Over
4,talk,178,16,6,Over
4,talk,179,16,8,Skip
4,talk,180,16,4,Over
4,talk,181,16,13,Over
4,talk,182,16,9,Over
4,talk,183,16,14,Over
4,talk,184,16,3,Over
4,talk,185,16,7,Over
4,talk,186,16,15,Over
4,talk,187,17,13,Over
4,talk,188,17,3,Over
4,talk,189,17,7,Over
4,talk,190,17,8,VOTE Agent[14]
4,talk,191,17,6,Over
4,talk,192,17,14,Over
4,talk,193,17,9,Over
4,talk,194,17,1,Over
4,talk,195,17,5,Over
4,talk,196,17,4,Over
4,talk,197,17,15,Over
4,talk,198,18,4,Over
4,talk,199,18,1,Over
4,talk,200,18,3,Over
4,talk,201,18,6,Over
4,talk,202,18,9,Over
4,talk,203,18,15,Over
4,talk,204,18,5,Over
4,talk,205,18,14,Over
4,talk,206,18,8,Skip
4,talk,207,18,13,Over
4,talk,208,18,7,Over
4,talk,209,19,1,Over
4,talk,210,19,8,Skip
4,talk,211,19,14,Over
4,talk,212,19,3,Over
4,talk,213,19,4,Over
4,talk,214,19,5,Over
4,talk,215,19,9,Over
4,talk,216,19,15,Over
4,talk,217,19,13,Over
4,talk,218,19,6,Over
4,talk,219,19,7,Over
4,vote,1,5
4,vote,3,14
4,vote,4,8
4,vote,5,14
4,vote,6,7
4,vote,7,14
4,vote,8,14
4,vote,9,4
4,vote,13,14
4,vote,14,4
4,vote,15,13
4,execute,14,VILLAGER
4,whisper,0,0,3,ATTACK Agent[06]
4,whisper,1,0,8,ATTACK Agent[14]
4,whisper,2,0,13,ATTACK Agent[01]
4,whisper,3,1,3,COMINGOUT Agent[03] VILLAGER
4,whisper,4,1,13,Over
4,whisper,5,1,8,ATTACK Agent[15]
4,whisper,6,2,13,Over
4,whisper,7,2,3,Skip
4,whisper,8,2,8,Skip
4,whisper,9,3,13,Over
4,whisper,10,3,8,Skip
4,whisper,11,3,3,Skip
4,whisper,12,4,3,Over
4,whisper,13,4,13,Over
4,whisper,14,4,8,ATTACK Agent[15]
4,whisper,15,5,8,Skip
4,whisper,16,5,3,Over
4,whisper,17,5,13,Over
4,whisper,18,6,8,Skip
4,whisper,19,6,3,Over
4,whisper,20,6,13,Over
4,whisper,21,7,13,Over
4,whisper,22,7,3,Over
4,whisper,23,7,8,ATTACK Agent[15]
4,whisper,24,8,13,Over
4,whisper,25,8,3,Over
4,whisper,26,8,8,Skip
4,whisper,27,9,13,Over
4,whisper,28,9,3,Over
4,whisper,29,9,8,Skip
4,whisper,30,10,13,Over
4,whisper,31,10,3,Over
4,whisper,32,10,8,ATTACK Agent[15]
4,whisper,33,11,3,Over
4,whisper,34,11,13,Over
4,whisper,35,11,8,Skip
4,whisper,36,12,3,Over
4,whisper,37,12,8,Skip
4,whisper,38,12,13,Over
4,whisper,39,13,13,Over
4,whisper,40,13,8,ATTACK Agent[15]
4,whisper,41,13,3,Over
4,whisper,42,14,8,Skip
4,whisper,43,14,3,Over
4,whisper,44,14,13,Over
4,whisper,45,15,8,Skip
4,whisper,46,15,13,Over
4,whisper,47,15,3,Over
4,whisper,48,16,8,ATTACK Agent[15]
4,whisper,49,16,3,Over
4,whisper,50,16,13,Over
4,whisper,51,17,3,Over
4,whisper,52,17,13,Over
4,whisper,53,17,8,Skip
4,whisper,54,18,3,Over
4,whisper,55,18,13,Over
4,whisper,56,18,8,Skip
4,whisper,57,19,13,Over
4,whisper,58,19,8,ATTACK Agent[15]
4,whisper,59,19,3,Over
4,guard,9,1,MEDIUM
4,attackVote,3,6
4,attackVote,8,15
4,attackVote,13,1
4,attackVote,3,6
4,attackVote,8,15
4,attackVote,13,1
4,attack,1,false
5,status,1,MEDIUM,ALIVE,carlo
5,status,2,VILLAGER,DEAD,m_cre
5,status,3,WEREWOLF,ALIVE,cndl
5,status,4,VILLAGER,ALIVE,AITKN
5,status,5,VILLAGER,ALIVE,aplain
5,status,6,VILLAGER,ALIVE,takkyubu
5,status,7,VILLAGER,ALIVE,kasuka
5,status,8,WEREWOLF,ALIVE,johnny
5,status,9,BODYGUARD,ALIVE,hibagon
5,status,10,SEER,DEAD,colun
5,status,11,POSSESSED,DEAD,wasabi
5,status,12,VILLAGER,DEAD,Udon
5,status,13,WEREWOLF,ALIVE,JuN1Ro
5,status,14,VILLAGER,DEAD,cash
5,status,15,VILLAGER,ALIVE,daisyo
5,talk,0,0,3,VOTE Agent[04]
5,talk,1,0,7,ESTIMATE Agent[11] WEREWOLF
5,talk,2,0,15,VOTE Agent[13]
5,talk,3,0,4,VOTE Agent[13]
5,talk,4,0,13,VOTE Agent[15]
5,talk,5,0,9,VOTE Agent[15]
5,talk,6,0,1,IDENTIFIED Agent[14] HUMAN
5,talk,7,0,8,VOTE Agent[13]
5,talk,8,0,6,VOTE Agent[01]
5,talk,9,0,5,VOTE Agent[01]
5,talk,10,1,1,VOTE Agent[15]
5,talk,11,1,5,Skip
5,talk,12,1,15,ESTIMATE Agent[13] VILLAGER
5,talk,13,1,6,Skip
5,talk,14,1,13,Over
5,talk,15,1,8,VOTE Agent[15]
5,talk,16,1,4,VOTE Agent[03]
5,talk,17,1,7,ESTIMATE Agent[14] WEREWOLF
5,talk,18,1,9,Skip
5,talk,19,1,3,VOTE Agent[01]
5,talk,20,2,6,Skip
5,talk,21,2,9,Skip
5,talk,22,2,7,ESTIMATE Agent[12] WEREWOLF
5,talk,23,2,1,Skip
5,talk,24,2,4,VOTE Agent[09]
5,talk,25,2,5,Skip
5,talk,26,2,13,ESTIMATE Agent[15] VILLAGER
5,talk,27,2,15,Over
5,talk,28,2,3,VOTE Agent[15]
5,talk,29,2,8,Skip
5,talk,30,3,9,Over
5,talk,31,3,15,COMINGOUT Agent[15] VILLAGER
5,talk,32,3,1,Skip
5,talk,33,3,6,Over
5,talk,34,3,13,Over
5,talk,35,3,4,Skip
5,talk,36,3,8,Skip
5,talk,37,3,7,VOTE Agent[13]
5,talk,38,3,5,Over
5,talk,39,3,3,Skip
5,talk,40,4,9,Over
5,talk,41,4,7,Skip
5,talk,42,4,4,Skip
5,talk,43,4,3,Skip
5,talk,44,4,13,Over
5,talk,45,4,15,Skip
5,talk,46,4,6,Over
5,talk,47,4,1,Over
5,talk,48,4,8,VOTE Agent[15]
5,talk,49,4,5,Over
5,talk,50,5,5,Over
5,talk,51,5,7,Skip
5,talk,52,5,15,Skip
5,talk,53,5,3,Over
5,talk,54,5,1,Over
5,talk,55,5,8,Skip
5,talk,56,5,6,Over
5,talk,57,5,13,Over
5,talk,58,5,9,Over
5,talk,59,5,4,VOTE Agent[08]
5,talk,60,6,5,Over
5,talk,61,6,15,Over
5,talk,62,6,9,Over
5,talk,63,6,1,Over
5,talk,64,6,6,Over
5,talk,65,6,13,Over
5,talk,66,6,8,Skip
5,talk,67,6,3,Over
5,talk,68,6,4,VOTE Agent[09]
5,talk,69,6,7,Over
5,talk,70,7,5,Over
5,talk,71,7,3,Over
5,talk,72,7,15,Over
5,talk,73,7,7,Over
5,talk,74,7,6,Over
5,talk,75,7,4,VOTE Agent[13]
5,talk,76,7,1,Over
5,talk,77,7,9,Over
5,talk,78,7,13,ESTIMATE Agent[15] VILLAGER
5,talk,79,7,8,VOTE Agent[15]
5,talk,80,8,3,Over
5,talk,81,8,8,Skip
5,talk,82,8,15,Over
5,talk,83,8,13,Over
5,talk,84,8,7,Over
5,talk,85,8,1,Over
5,talk,86,8,5,Over
5,talk,87,8,6,Over
5,talk,88,8,4,VOTE Agent[06]
5,talk,89,8,9,Over
5,talk,90,9,15,ESTIMATE Agent[03] VILLAGER
5,talk,91,9,7,Over
5,talk,92,9,1,Over
5,talk,93,9,3,Over
5,talk,94,9,4,Skip
5,talk,95,9,8,Skip
5,talk,96,9,9,Over
5,talk,97,9,6,Over
5,talk,98,9,13,ESTIMATE Agent[15] VILLAGER
5,talk,99,9,5,Over
5,talk,100,10,13,Over
5,talk,101,10,1,Over
5,talk,102,10,6,Over
5,talk,103,10,7,VOTE Agent[15]
5,talk,104,10,9,Over
5,talk,105,10,15,Over
5,talk,106,10,8,VOTE Agent[15]
5,talk,107,10,4,VOTE Agent[03]
5,talk,108,10,5,Over
5,talk,109,10,3,Over
5,talk,110,11,5,Over
5,talk,111,11,8,Skip
5,talk,112,11,7,Skip
5,talk,113,11,4,VOTE Agent[13]
5,talk,114,11,13,Over
5,talk,115,11,9,Over
5,talk,116,11,1,Over
5,talk,117,11,3,Over
5,talk,118,11,6,Over
5,talk,119,11,15,Over
5,talk,120,12,4,VOTE Agent[01]
5,talk,121,12,1,Over
5,talk,122,12,9,Over
5,talk,123,12,15,Over
5,talk,124,12,13,VOTE Agent[03]
5,talk,125,12,7,Skip
5,talk,126,12,3,Over
5,talk,127,12,5,Over
5,talk,128,12,8,Skip
5,talk,129,12,6,Over
5,talk,130,13,7,Over
5,talk,131,13,4,Over
5,talk,132,13,15,Over
5,talk,133,13,6,Over
5,talk,134,13,3,Over
5,talk,135,13,1,Over
5,talk,136,13,8,VOTE Agent[15]
5,talk,137,13,5,Over
5,talk,138,13,13,VOTE Agent[15]
5,talk,139,13,9,Over
5,talk,140,14,9,Over
5,talk,141,14,7,VOTE Agent[13]
5,talk,142,14,13,Over
5,talk,143,14,4,Over
5,talk,144,14,3,Over
5,talk,145,14,8,Skip
5,talk,146,14,15,Over
5,talk,147,14,1,Over
5,talk,148,14,6,Over
5,talk,149,14,5,Over
5,talk,150,15,3,Over
5,talk,151,15,7,Skip
5,talk,152,15,8,Skip
5,talk,153,15,13,Over
5,talk,154,15,6,Over
5,talk,155,15,5,Over
5,talk,156,15,4,Over
5,talk,157,15,9,Over
5,talk,158,15,1,Over
5,talk,159,15,15,Over
5,talk,160,16,8,VOTE Agent[15]
5,talk,161,16,4,Over
5,talk,162,16,5,Over
5,talk,163,16,15,Over
5,talk,164,16,7,Skip
5,talk,165,16,1,Over
5,talk,166,16,3,Over
5,talk,167,16,6,Over
5,talk,168,16,13,VOTE Agent[03]
5,talk,169,16,9,Over
5,talk,170,17,15,Over
5,talk,171,17,6,Over
5,talk,172,17,13,VOTE Agent[15]
5,talk,173,17,3,Over
5,talk,174,17,4,Over
5,talk,175,17,5,Over
5,talk,176,17,9,Over
5,talk,177,17,7,VOTE Agent[15]
5,talk,178,17,8,Skip
5,talk,179,17,1,Over
5,talk,180,18,13,Over
5,talk,181,18,5,Over
5,talk,182,18,15,Over
5,talk,183,18,1,Over
5,talk,184,18,7,Skip
5,talk,185,18,8,Skip
5,talk,186,18,3,Over
5,talk,187,18,9,Over
5,talk,188,18,4,Over
5,talk,189,18,6,Over
5,talk,190,19,8,VOTE Agent[15]
5,talk,191,19,13,Over
5,talk,192,19,5,Over
5,talk,193,19,1,Over
5,talk,194,19,6,Over
5,talk,195,19,7,Skip
5,talk,196,19,4,Over
5,talk,197,19,3,Over
5,talk,198,19,9,Over
5,talk,199,19,15,Over
5,vote,1,15
5,vote,3,15
5,vote,4,3
5,vote,5,1
5,vote,6,1
5,vote,7,15
5,vote,8,15
5,vote,9,15
5,vote,13,3
5,vote,15,9
5,execute,15,VILLAGER
5,whisper,0,0,8,Skip
5,whisper,1,0,3,ATTACK Agent[06]
5,whisper,2,0,13,ATTACK Agent[01]
5,whisper,3,1,8,ATTACK Agent[05]
5,whisper,4,1,3,COMINGOUT Agent[03] VILLAGER
5,whisper,5,1,13,Over
5,whisper,6,2,3,Skip
5,whisper,7,2,13,Over
5,whisper,8,2,8,Skip
5,whisper,9,3,13,Over
5,whisper,10,3,3,Skip
5,whisper,11,3,8,Skip
5,whisper,12,4,3,Over
5,whisper,13,4,13,Over
5,whisper,14,4,8,ATTACK Agent[05]
5,whisper,15,5,3,Over
5,whisper,16,5,8,Skip
5,whisper,17,5,13,Over
5,whisper,18,6,3,Over
5,whisper,19,6,13,Over
5,whisper,20,6,8,Skip
5,whisper,21,7,3,Over
5,whisper,22,7,8,ATTACK Agent[05]
5,whisper,23,7,13,Over
5,whisper,24,8,8,Skip
5,whisper,25,8,3,Over
5,whisper,26,8,13,Over
5,whisper,27,9,8,Skip
5,whisper,28,9,13,Over
5,whisper,29,9,3,Over
5,whisper,30,10,3,Over
5,whisper,31,10,13,Over
5,whisper,32,10,8,ATTACK Agent[05]
5,whisper,33,11,8,Skip
5,whisper,34,11,13,Over
5,whisper,35,11,3,Over
5,whisper,36,12,3,Over
5,whisper,37,12,8,Skip
5,whisper,38,12,13,Over
5,whisper,39,13,3,Over
5,whisper,40,13,8,ATTACK Agent[05]
5,whisper,41,13,13,Over
5,whisper,42,14,8,Skip
5,whisper,43,14,3,Over
5,whisper,44,14,13,Over
5,whisper,45,15,3,Over
5,whisper,46,15,8,Skip
5,whisper,47,15,13,Over
5,whisper,48,16,3,Over
5,whisper,49,16,8,ATTACK Agent[05]
5,whisper,50,16,13,Over
5,whisper,51,17,13,Over
5,whisper,52,17,3,Over
5,whisper,53,17,8,Skip
5,whisper,54,18,13,Over
5,whisper,55,18,3,Over
5,whisper,56,18,8,Skip
5,whisper,57,19,8,ATTACK Agent[05]
5,whisper,58,19,13,Over
5,whisper,59,19,3,Over
5,guard,9,1,MEDIUM
5,attackVote,3,6
5,attackVote,8,5
5,attackVote,13,1
5,attackVote,3,6
5,attackVote,8,5
5,attackVote,13,1
5,attack,6,true
6,status,1,MEDIUM,ALIVE,carlo
6,status,2,VILLAGER,DEAD,m_cre
6,status,3,WEREWOLF,ALIVE,cndl
6,status,4,VILLAGER,ALIVE,AITKN
6,status,5,VILLAGER,ALIVE,aplain
6,status,6,VILLAGER,DEAD,takkyubu
6,status,7,VILLAGER,ALIVE,kasuka
6,status,8,WEREWOLF,ALIVE,johnny
6,status,9,BODYGUARD,ALIVE,hibagon
6,status,10,SEER,DEAD,colun
6,status,11,POSSESSED,DEAD,wasabi
6,status,12,VILLAGER,DEAD,Udon
6,status,13,WEREWOLF,ALIVE,JuN1Ro
6,status,14,VILLAGER,DEAD,cash
6,status,15,VILLAGER,DEAD,daisyo
6,talk,0,0,7,ESTIMATE Agent[11] WEREWOLF
6,talk,1,0,1,IDENTIFIED Agent[15] HUMAN
6,talk,2,0,8,VOTE Agent[13]
6,talk,3,0,3,VOTE Agent[01]
6,talk,4,0,4,VOTE Agent[13]
6,talk,5,0,13,Over
6,talk,6,0,9,VOTE Agent[01]
6,talk,7,0,5,VOTE Agent[07]
6,talk,8,1,9,Skip
6,talk,9,1,8,VOTE Agent[05]
6,talk,10,1,7,ESTIMATE Agent[14] WEREWOLF
6,talk,11,1,4,VOTE Agent[09]
6,talk,12,1,13,Over
6,talk,13,1,3,Skip
6,talk,14,1,5,Skip
6,talk,15,1,1,VOTE Agent[07]
6,talk,16,2,7,ESTIMATE Agent[12] WEREWOLF
6,talk,17,2,13,Over
6,talk,18,2,9,Skip
6,talk,19,2,5,Skip
6,talk,20,2,3,Skip
6,talk,21,2,4,VOTE Agent[08]
6,talk,22,2,8,Skip
6,talk,23,2,1,Skip
6,talk,24,3,7,VOTE Agent[13]
6,talk,25,3,3,Over
6,talk,26,3,5,Over
6,talk,27,3,8,Skip
6,talk,28,3,13,ESTIMATE Agent[03] WEREWOLF
6,talk,29,3,9,Over
6,talk,30,3,4,VOTE Agent[05]
6,talk,31,3,1,Skip
6,talk,32,4,13,Over
6,talk,33,4,1,Over
6,talk,34,4,5,Over
6,talk,35,4,4,VOTE Agent[03]
6,talk,36,4,9,Over
6,talk,37,4,3,Over
6,talk,38,4,8,VOTE Agent[05]
6,talk,39,4,7,Skip
6,talk,40,5,1,Over
6,talk,41,5,3,Over
6,talk,42,5,4,VOTE Agent[08]
6,talk,43,5,7,Skip
6,talk,44,5,9,Over
6,talk,45,5,5,Over
6,talk,46,5,8,Skip
6,talk,47,5,13,Over
6,talk,48,6,3,Over
6,talk,49,6,13,ESTIMATE Agent[03] WEREWOLF
6,talk,50,6,7,Over
6,talk,51,6,4,VOTE Agent[05]
6,talk,52,6,5,Over
6,talk,53,6,8,Skip
6,talk,54,6,1,Over
6,talk,55,6,9,Over
6,talk,56,7,8,VOTE Agent[05]
6,talk,57,7,3,Over
6,talk,58,7,9,Over
6,talk,59,7,5,Over
6,talk,60,7,13,Over
6,talk,61,7,1,Over
6,talk,62,7,7,Over
6,talk,63,7,4,VOTE Agent[13]
6,talk,64,8,5,Over
6,talk,65,8,8,Skip
6,talk,66,8,9,Over
6,talk,67,8,3,Over
6,talk,68,8,4,VOTE Agent[01]
6,talk,69,8,1,Over
6,talk,70,8,13,Over
6,talk,71,8,7,Over
6,talk,72,9,7,Over
6,talk,73,9,9,Over
6,talk,74,9,4,VOTE Agent[09]
6,talk,75,9,3,Over
6,talk,76,9,5,Over
6,talk,77,9,1,Over
6,talk,78,9,13,ESTIMATE Agent[03] WEREWOLF
6,talk,79,9,8,Skip
6,talk,80,10,5,Over
6,talk,81,10,1,Over
6,talk,82,10,7,Over
6,talk,83,10,4,Over
6,talk,84,10,3,Over
6,talk,85,10,9,Over
6,talk,86,10,13,Over
6,talk,87,10,8,VOTE Agent[05]
6,talk,88,11,7,Over
6,talk,89,11,8,Skip
6,talk,90,11,3,Over
6,talk,91,11,13,Over
6,talk,92,11,4,Over
6,talk,93,11,1,Over
6,talk,94,11,5,Over
6,talk,95,11,9,Over
6,talk,96,12,4,Over
6,talk,97,12,8,Skip
6,talk,98,12,7,Over
6,talk,99,12,3,Over
6,talk,100,12,13,Over
6,talk,101,12,1,Over
6,talk,102,12,9,Over
6,talk,103,12,5,Over
6,talk,104,13,4,Over
6,talk,105,13,13,Over
6,talk,106,13,8,VOTE Agent[05]
6,talk,107,13,9,Over
6,talk,108,13,7,Over
6,talk,109,13,5,Over
6,talk,110,13,1,Over
6,talk,111,13,3,Over
6,talk,112,14,13,Over
6,talk,113,14,1,Over
6,talk,114,14,8,Skip
6,talk,115,14,5,Over
6,talk,116,14,9,Over
6,talk,117,14,7,Over
6,talk,118,14,3,Over
6,talk,119,14,4,Over
6,talk,120,15,5,Over
6,talk,121,15,7,Over
6,talk,122,15,3,Over
6,talk,123,15,9,Over
6,talk,124,15,13,Over
6,talk,125,15,4,Over
6,talk,126,15,1,Over
6,talk,127,15,8,Skip
6,talk,128,16,3,Over
6,talk,129,16,8,VOTE Agent[05]
6,talk,130,16,13,Over
6,talk,131,16,1,Over
6,talk,132,16,5,Over
6,talk,133,16,4,Over
6,talk,134,16,9,Over
6,talk,135,16,7,Over
6,talk,136,17,5,Over
6,talk,137,17,3,Over
6,talk,138,17,13,Over
6,talk,139,17,1,Over
6,talk,140,17,9,Over
6,talk,141,17,8,Skip
6,talk,142,17,7,Over
6,talk,143,17,4,Over
6,talk,144,18,7,Over
6,talk,145,18,3,Over
6,talk,146,18,9,Over
6,talk,147,18,1,Over
6,talk,148,18,5,Over
6,talk,149,18,13,Over
6,talk,150,18,4,Over
6,talk,151,18,8,Skip
6,talk,152,19,4,Over
6,talk,153,19,3,Over
6,talk,154,19,9,Over
6,talk,155,19,5,Over
6,talk,156,19,13,Over
6,talk,157,19,8,VOTE Agent[05]
6,talk,158,19,7,Over
6,talk,159,19,1,Over
6,vote,1,7
6,vote,3,1
6,vote,4,5
6,vote,5,7
6,vote,7,13
6,vote,8,5
6,vote,9,1
6,vote,13,3
6,vote,1,7
6,vote,3,1
6,vote,4,5
6,vote,5,7
6,vote,7,13
6,vote,8,5
6,vote,9,1
6,vote,13,3
6,execute,7,VILLAGER
6,whisper,0,0,8,Skip
6,whisper,1,0,3,ATTACK Agent[04]
6,whisper,2,0,13,ATTACK Agent[01]
6,whisper,3,1,3,COMINGOUT Agent[03] VILLAGER
6,whisper,4,1,8,Skip
6,whisper,5,1,13,Over
6,whisper,6,2,3,Skip
6,whisper,7,2,13,Over
6,whisper,8,2,8,ATTACK Agent[05]
6,whisper,9,3,8,Skip
6,whisper,10,3,3,Skip
6,whisper,11,3,13,Over
6,whisper,12,4,13,Over
6,whisper,13,4,3,Over
6,whisper,14,4,8,Skip
6,whisper,15,5,13,Over
6,whisper,16,5,3,Over
6,whisper,17,5,8,ATTACK Agent[05]
6,whisper,18,6,3,Over
6,whisper,19,6,8,Skip
6,whisper,20,6,13,Over
6,whisper,21,7,3,Over
6,whisper,22,7,8,Skip
6,whisper,23,7,13,Over
6,whisper,24,8,13,Over
6,whisper,25,8,3,Over
6,whisper,26,8,8,ATTACK Agent[05]
6,whisper,27,9,13,Over
6,whisper,28,9,8,Skip
6,whisper,29,9,3,Over
6,whisper,30,10,8,Skip
6,whisper,31,10,3,Over
6,whisper,32,10,13,Over
6,whisper,33,11,3,Over
6,whisper,34,11,8,ATTACK Agent[05]
6,whisper,35,11,13,Over
6,whisper,36,12,3,Over
6,whisper,37,12,13,Over
6,whisper,38,12,8,Skip
6,whisper,39,13,13,Over
6,whisper,40,13,8,Skip
6,whisper,41,13,3,Over
6,whisper,42,14,8,ATTACK Agent[05]
6,whisper,43,14,13,Over
6,whisper,44,14,3,Over
6,whisper,45,15,8,Skip
6,whisper,46,15,3,Over
6,whisper,47,15,13,Over
6,whisper,48,16,13,Over
6,whisper,49,16,3,Over
6,whisper,50,16,8,Skip
6,whisper,51,17,8,ATTACK Agent[05]
6,whisper,52,17,3,Over
6,whisper,53,17,13,Over
6,whisper,54,18,8,Skip
6,whisper,55,18,3,Over
6,whisper,56,18,13,Over
6,whisper,57,19,8,Skip
6,whisper,58,19,3,Over
6,whisper,59,19,13,Over
6,guard,9,1,MEDIUM
6,attackVote,3,4
6,attackVote,8,5
6,attackVote,13,1
6,attackVote,3,4
6,attackVote,8,5
6,attackVote,13,1
6,attack,4,true
7,status,1,MEDIUM,ALIVE,carlo
7,status,2,VILLAGER,DEAD,m_cre
7,status,3,WEREWOLF,ALIVE,cndl
7,status,4,VILLAGER,DEAD,AITKN
7,status,5,VILLAGER,ALIVE,aplain
7,status,6,VILLAGER,DEAD,takkyubu
7,status,7,VILLAGER,DEAD,kasuka
7,status,8,WEREWOLF,ALIVE,johnny
7,status,9,BODYGUARD,ALIVE,hibagon
7,status,10,SEER,DEAD,colun
7,status,11,POSSESSED,DEAD,wasabi
7,status,12,VILLAGER,DEAD,Udon
7,status,13,WEREWOLF,ALIVE,JuN1Ro
7,status,14,VILLAGER,DEAD,cash
7,status,15,VILLAGER,DEAD,daisyo
7,result,3,3,WEREWOLF
