0,status,1,BODYGUARD,ALIVE,carlo
0,status,2,VILLAGER,ALIVE,m_cre
0,status,3,VILLAGER,ALIVE,cndl
0,status,4,VILLAGER,ALIVE,AITKN
0,status,5,POSSESSED,ALIVE,aplain
0,status,6,MEDIUM,ALIVE,takkyubu
0,status,7,VILLAGER,ALIVE,kasuka
0,status,8,VILLAGER,ALIVE,johnny
0,status,9,VILLAGER,ALIVE,hibagon
0,status,10,SEER,ALIVE,colun
0,status,11,WEREWOLF,ALIVE,wasabi
0,status,12,WEREWOLF,ALIVE,Udon
0,status,13,VILLAGER,ALIVE,JuN1Ro
0,status,14,WEREWOLF,ALIVE,cash
0,status,15,VILLAGER,ALIVE,daisyo
0,whisper,0,0,11,ATTACK Agent[09]
0,whisper,1,0,14,COMINGOUT Agent[14] VILLAGER
0,whisper,2,0,12,Over
0,whisper,3,1,11,Over
0,whisper,4,1,14,Skip
0,whisper,5,1,12,Over
0,whisper,6,2,14,Skip
0,whisper,7,2,12,Over
0,whisper,8,2,11,Over
0,whisper,9,3,14,Over
0,whisper,10,3,12,Over
0,whisper,11,3,11,ATTACK Agent[06]
0,whisper,12,4,11,Over
0,whisper,13,4,12,Over
0,whisper,14,4,14,Over
0,divine,10,2,HUMAN
1,status,1,BODYGUARD,ALIVE,carlo
1,status,2,VILLAGER,ALIVE,m_cre
1,status,3,VILLAGER,ALIVE,cndl
1,status,4,VILLAGER,ALIVE,AITKN
1,status,5,POSSESSED,ALIVE,aplain
1,status,6,MEDIUM,ALIVE,takkyubu
1,status,7,VILLAGER,ALIVE,kasuka
1,status,8,VILLAGER,ALIVE,johnny
1,status,9,VILLAGER,ALIVE,hibagon
1,status,10,SEER,ALIVE,colun
1,status,11,WEREWOLF,ALIVE,wasabi
1,status,12,WEREWOLF,ALIVE,Udon
1,status,13,VILLAGER,ALIVE,JuN1Ro
1,status,14,WEREWOLF,ALIVE,cash
1,status,15,VILLAGER,ALIVE,daisyo
1,talk,0,0,7,ESTIMATE Agent[06] WEREWOLF
1,talk,1,0,8,VOTE Agent[01]
1,talk,2,0,4,VOTE Agent[10]
1,talk,3,0,5,COMINGOUT Agent[05] SEER
1,talk,4,0,6,VOTE Agent[13]
1,talk,5,0,14,VOTE Agent[06]
1,talk,6,0,1,VOTE Agent[02]
1,talk,7,0,12,VOTE Agent[10]
1,talk,8,0,2,VOTE Agent[01]
1,talk,9,0,11,Skip
1,talk,10,0,10,COMINGOUT Agent[10] SEER
1,talk,11,0,3,VOTE Agent[02]
1,talk,12,0,9,VOTE Agent[03]
1,talk,13,0,15,VOTE Agent[01]
1,talk,14,0,13,VOTE Agent[04]
1,talk,15,1,9,Skip
1,talk,16,1,2,VOTE Agent[10]
1,talk,17,1,6,Skip
1,talk,18,1,4,VOTE Agent[01]
1,talk,19,1,3,VOTE Agent[04]
1,talk,20,1,11,VOTE Agent[07]
1,talk,21,1,10,DIVINED Agent[02] HUMAN
1,talk,22,1,14,VOTE Agent[04]
1,talk,23,1,15,VOTE Agent[14]
1,talk,24,1,13,VOTE Agent[01]
1,talk,25,1,12,VOTE Agent[01]
1,talk,26,1,1,COMINGOUT Agent[01] BODYGUARD
1,talk,27,1,8,VOTE Agent[05]
1,talk,28,1,5,DIVINED Agent[13] HUMAN
1,talk,29,1,7,ESTIMATE Agent[10] WEREWOLF
1,talk,30,2,11,VOTE Agent[08]
1,talk,31,2,4,Skip
1,talk,32,2,6,DISAGREE TALK day1 ID:29
1,talk,33,2,10,ESTIMATE Agent[05] WEREWOLF
1,talk,34,2,9,ESTIMATE Agent[05] SEER
1,talk,35,2,13,Over
1,talk,36,2,2,Skip
1,talk,37,2,8,VOTE Agent[01]
1,talk,38,2,5,REQUEST(VOTE Agent[09])
1,talk,39,2,1,VOTE Agent[03]
1,talk,40,2,7,ESTIMATE Agent[09] WEREWOLF
1,talk,41,2,14,VOTE Agent[03]
1,talk,42,2,12,VOTE Agent[04]
1,talk,43,2,15,ESTIMATE Agent[14] VILLAGER
1,talk,44,2,3,VOTE Agent[01]
1,talk,45,3,1,Skip
1,talk,46,3,13,Over
1,talk,47,3,6,ESTIMATE Agent[10] SEER
1,talk,48,3,11,Skip
1,talk,49,3,10,VOTE Agent[05]
1,talk,50,3,7,VOTE Agent[06]
1,talk,51,3,5,VOTE Agent[10]
1,talk,52,3,3,Skip
1,talk,53,3,12,VOTE Agent[03]
1,talk,54,3,15,ESTIMATE Agent[03] VILLAGER
1,talk,55,3,2,Skip
1,talk,56,3,9,Skip
1,talk,57,3,4,Skip
1,talk,58,3,8,Skip
1,talk,59,3,14,VOTE Agent[01]
1,talk,60,4,7,VOTE Agent[05]
1,talk,61,4,2,Over
1,talk,62,4,3,Skip
1,talk,63,4,13,Over
1,talk,64,4,14,Skip
1,talk,65,4,8,Skip
1,talk,66,4,15,Over
1,talk,67,4,1,Skip
1,talk,68,4,5,REQUEST(VOTE Agent[10])
1,talk,69,4,6,Skip
1,talk,70,4,11,Skip
1,talk,71,4,4,REQUEST(DIVINATION Agent[08])
1,talk,72,4,10,Skip
1,talk,73,4,12,Over
1,talk,74,4,9,Skip
1,talk,75,5,10,Skip
1,talk,76,5,2,Over
1,talk,77,5,4,Skip
1,talk,78,5,14,Skip
1,talk,79,5,5,Skip
1,talk,80,5,12,Over
1,talk,81,5,8,VOTE Agent[01]
1,talk,82,5,3,Over
1,talk,83,5,11,VOTE Agent[14]
1,talk,84,5,6,Skip
1,talk,85,5,13,Over
1,talk,86,5,7,Skip
1,talk,87,5,15,Skip
1,talk,88,5,1,Over
1,talk,89,5,9,Over
1,talk,90,6,1,Over
1,talk,91,6,13,ESTIMATE Agent[07] VILLAGER
1,talk,92,6,6,Over
1,talk,93,6,2,Over
1,talk,94,6,12,Over
1,talk,95,6,5,Skip
1,talk,96,6,9,Over
1,talk,97,6,14,Over
1,talk,98,6,11,VOTE Agent[12]
1,talk,99,6,15,Skip
1,talk,100,6,3,Over
1,talk,101,6,4,Skip
1,talk,102,6,8,Skip
1,talk,103,6,10,Over
1,talk,104,6,7,Skip
1,talk,105,7,14,Over
1,talk,106,7,10,Over
1,talk,107,7,1,Over
1,talk,108,7,8,Skip
1,talk,109,7,2,Over
1,talk,110,7,11,VOTE Agent[15]
1,talk,111,7,7,Over
1,talk,112,7,13,Over
1,talk,113,7,3,Over
1,talk,114,7,15,Over
1,talk,115,7,12,Over
1,talk,116,7,6,Over
1,talk,117,7,5,Over
1,talk,118,7,4,Over
1,talk,119,7,9,Over
1,talk,120,8,15,Over
1,talk,121,8,2,Over
1,talk,122,8,1,Over
1,talk,123,8,12,Over
1,talk,124,8,11,VOTE Agent[08]
1,talk,125,8,4,Over
1,talk,126,8,6,Over
1,talk,127,8,8,VOTE Agent[01]
1,talk,128,8,13,Over
1,talk,129,8,9,Over
1,talk,130,8,10,Over
1,talk,131,8,5,Over
1,talk,132,8,3,Over
1,talk,133,8,14,Over
1,talk,134,8,7,Over
1,talk,135,9,10,Over
1,talk,136,9,6,Over
1,talk,137,9,14,Over
1,talk,138,9,8,Skip
1,talk,139,9,9,Over
1,talk,140,9,13,Over
1,talk,141,9,2,Over
1,talk,142,9,3,Over
1,talk,143,9,5,Over
1,talk,144,9,7,Over
1,talk,145,9,15,Over
1,talk,146,9,11,Over
1,talk,147,9,12,Over
1,talk,148,9,4,Over
1,talk,149,9,1,Over
1,talk,150,10,6,Over
1,talk,151,10,5,Over
1,talk,152,10,2,Over
1,talk,153,10,1,Over
1,talk,154,10,13,Over
1,talk,155,10,7,Over
1,talk,156,10,11,Over
1,talk,157,10,15,Over
1,talk,158,10,4,Over
1,talk,159,10,10,Over
1,talk,160,10,14,Over
1,talk,161,10,9,Over
1,talk,162,10,3,Over
1,talk,163,10,8,Skip
1,talk,164,10,12,Over
1,talk,165,11,3,Over
1,talk,166,11,13,Over
1,talk,167,11,9,Over
1,talk,168,11,7,Over
1,talk,169,11,12,Over
1,talk,170,11,6,Over
1,talk,171,11,8,VOTE Agent[01]
1,talk,172,11,2,Over
1,talk,173,11,10,Over
1,talk,174,11,4,Over
1,talk,175,11,14,Over
1,talk,176,11,5,Over
1,talk,177,11,15,Over
1,talk,178,11,1,Over
1,talk,179,11,11,VOTE Agent[04]
1,talk,180,12,7,Over
1,talk,181,12,2,Over
1,talk,182,12,6,Over
1,talk,183,12,15,Over
1,talk,184,12,9,Over
1,talk,185,12,12,Over
1,talk,186,12,11,VOTE Agent[14]
1,talk,187,12,13,Over
1,talk,188,12,4,Over
1,talk,189,12,1,Over
1,talk,190,12,8,Skip
1,talk,191,12,3,Over
1,talk,192,12,10,Over
1,talk,193,12,14,Over
1,talk,194,12,5,Over
1,talk,195,13,11,Over
1,talk,196,13,5,Over
1,talk,197,13,7,Over
1,talk,198,13,1,Over
1,talk,199,13,13,Over
1,talk,200,13,12,Over
1,talk,201,13,8,Skip
1,talk,202,13,14,Over
1,talk,203,13,15,Over
1,talk,204,13,2,Over
1,talk,205,13,3,Over
1,talk,206,13,6,Over
1,talk,207,13,9,Over
1,talk,208,13,10,Over
1,talk,209,13,4,Over
1,talk,210,14,11,ESTIMATE Agent[13] VILLAGER
1,talk,211,14,12,Over
1,talk,212,14,7,Over
1,talk,213,14,4,Over
1,talk,214,14,2,Over
1,talk,215,14,15,Over
1,talk,216,14,3,Over
1,talk,217,14,9,Over
1,talk,218,14,5,Over
1,talk,219,14,6,Over
1,talk,220,14,14,Over
1,talk,221,14,10,Over
1,talk,222,14,13,Over
1,talk,223,14,8,VOTE Agent[01]
1,talk,224,14,1,Over
1,talk,225,15,12,Over
1,talk,226,15,13,Over
1,talk,227,15,6,Over
1,talk,228,15,3,Over
1,talk,229,15,5,Over
1,talk,230,15,2,Over
1,talk,231,15,4,Over
1,talk,232,15,7,Over
1,talk,233,15,11,Over
1,talk,234,15,8,Skip
1,talk,235,15,9,Over
1,talk,236,15,10,Over
1,talk,237,15,14,Over
1,talk,238,15,15,Over
1,talk,239,15,1,Over
1,talk,240,16,2,Over
1,talk,241,16,4,Over
1,talk,242,16,5,Over
1,talk,243,16,6,Over
1,talk,244,16,7,Over
1,talk,245,16,14,Over
1,talk,246,16,1,Over
1,talk,247,16,8,Skip
1,talk,248,16,3,Over
1,talk,249,16,11,ESTIMATE Agent[07] VILLAGER
1,talk,250,16,13,Over
1,talk,251,16,10,Over
1,talk,252,16,9,Over
1,talk,253,16,12,Over
1,talk,254,16,15,Over
1,talk,255,17,6,Over
1,talk,256,17,3,Over
1,talk,257,17,9,Over
1,talk,258,17,1,Over
1,talk,259,17,7,Over
1,talk,260,17,5,Over
1,talk,261,17,12,Over
1,talk,262,17,11,Over
1,talk,263,17,14,Over
1,talk,264,17,15,Over
1,talk,265,17,13,Over
1,talk,266,17,2,Over
1,talk,267,17,8,VOTE Agent[01]
1,talk,268,17,10,Over
1,talk,269,17,4,Over
1,talk,270,18,12,Over
1,talk,271,18,15,Over
1,talk,272,18,9,Over
1,talk,273,18,5,Over
1,talk,274,18,11,Over
1,talk,275,18,8,Skip
1,talk,276,18,14,Over
1,talk,277,18,6,Over
1,talk,278,18,1,Over
1,talk,279,18,7,Over
1,talk,280,18,2,Over
1,talk,281,18,13,Over
1,talk,282,18,4,Over
1,talk,283,18,10,Over
1,talk,284,18,3,Over
1,talk,285,19,12,Over
1,talk,286,19,9,Over
1,talk,287,19,10,Over
1,talk,288,19,1,Over
1,talk,289,19,7,Over
1,talk,290,19,8,Skip
1,talk,291,19,3,Over
1,talk,292,19,6,Over
1,talk,293,19,14,Over
1,talk,294,19,2,Over
1,talk,295,19,11,Over
1,talk,296,19,13,Over
1,talk,297,19,5,Over
1,talk,298,19,4,Over
1,talk,299,19,15,Over
1,vote,1,3
1,vote,2,10
1,vote,3,1
1,vote,4,1
1,vote,5,10
1,vote,6,13
1,vote,7,5
1,vote,8,1
1,vote,9,3
1,vote,10,5
1,vote,11,14
1,vote,12,3
1,vote,13,1
1,vote,14,1
1,vote,15,14
1,execute,1,BODYGUARD
1,divine,10,5,HUMAN
1,whisper,0,0,14,COMINGOUT Agent[14] VILLAGER
1,whisper,1,0,11,Over
1,whisper,2,0,12,Over
1,whisper,3,1,14,Skip
1,whisper,4,1,11,ATTACK Agent[05]
1,whisper,5,1,12,Over
1,whisper,6,2,11,Over
1,whisper,7,2,12,Over
1,whisper,8,2,14,Skip
1,whisper,9,3,12,Over
1,whisper,10,3,14,Over
1,whisper,11,3,11,Over
1,attackVote,11,5
1,attackVote,12,5
1,attackVote,14,13
1,attack,5,true
2,status,1,BODYGUARD,DEAD,carlo
2,status,2,VILLAGER,ALIVE,m_cre
2,status,3,VILLAGER,ALIVE,cndl
2,status,4,VILLAGER,ALIVE,AITKN
2,status,5,POSSESSED,DEAD,aplain
2,status,6,MEDIUM,ALIVE,takkyubu
2,status,7,VILLAGER,ALIVE,kasuka
2,status,8,VILLAGER,ALIVE,johnny
2,status,9,VILLAGER,ALIVE,hibagon
2,status,10,SEER,ALIVE,colun
2,status,11,WEREWOLF,ALIVE,wasabi
2,status,12,WEREWOLF,ALIVE,Udon
2,status,13,VILLAGER,ALIVE,JuN1Ro
2,status,14,WEREWOLF,ALIVE,cash
2,status,15,VILLAGER,ALIVE,daisyo
2,talk,0,0,8,VOTE Agent[09]
2,talk,1,0,11,VOTE Agent[12]
2,talk,2,0,4,VOTE Agent[09]
2,talk,3,0,13,VOTE Agent[11]
2,talk,4,0,3,VOTE Agent[14]
2,talk,5,0,15,VOTE Agent[14]
2,talk,6,0,2,VOTE Agent[10]
2,talk,7,0,6,COMINGOUT Agent[06] MEDIUM
2,talk,8,0,10,DIVINED Agent[05] HUMAN
2,talk,9,0,9,DISAGREE TALK day1 ID:29
2,talk,10,0,14,VOTE Agent[08]
2,talk,11,0,7,ESTIMATE Agent[05] WEREWOLF
2,talk,12,0,12,VOTE Agent[03]
2,talk,13,1,13,VOTE Agent[09]
2,talk,14,1,14,Skip
2,talk,15,1,6,IDENTIFIED Agent[01] HUMAN
2,talk,16,1,7,ESTIMATE Agent[03] WEREWOLF
2,talk,17,1,10,VOTE Agent[15]
2,talk,18,1,4,VOTE Agent[14]
2,talk,19,1,15,VOTE Agent[13]
2,talk,20,1,2,Skip
2,talk,21,1,9,AGREE TALK day1 ID:47
2,talk,22,1,8,VOTE Agent[09]
2,talk,23,1,12,Over
2,talk,24,1,3,Skip
2,talk,25,1,11,ESTIMATE Agent[10] WEREWOLF
2,talk,26,2,3,Skip
2,talk,27,2,15,Skip
2,talk,28,2,9,ESTIMATE Agent[10] SEER
2,talk,29,2,13,Over
2,talk,30,2,12,Over
2,talk,31,2,14,Skip
2,talk,32,2,2,Skip
2,talk,33,2,4,VOTE Agent[09]
2,talk,34,2,10,Skip
2,talk,35,2,8,Skip
2,talk,36,2,11,Skip
2,talk,37,2,6,VOTE Agent[12]
2,talk,38,2,7,ESTIMATE Agent[12] WEREWOLF
2,talk,39,3,12,Over
2,talk,40,3,14,Over
2,talk,41,3,3,VOTE Agent[12]
2,talk,42,3,13,Over
2,talk,43,3,4,Skip
2,talk,44,3,7,VOTE Agent[12]
2,talk,45,3,15,Skip
2,talk,46,3,6,Skip
2,talk,47,3,9,VOTE Agent[11]
2,talk,48,3,2,Over
2,talk,49,3,10,Skip
2,talk,50,3,11,Skip
2,talk,51,3,8,VOTE Agent[11]
2,talk,52,4,12,Over
2,talk,53,4,14,VOTE Agent[02]
2,talk,54,4,2,Over
2,talk,55,4,13,VOTE Agent[12]
2,talk,56,4,3,Skip
2,talk,57,4,10,Over
2,talk,58,4,8,VOTE Agent[09]
2,talk,59,4,4,REQUEST(DIVINATION Agent[11])
2,talk,60,4,9,Skip
2,talk,61,4,11,ESTIMATE Agent[14] VILLAGER
2,talk,62,4,6,Skip
2,talk,63,4,7,Skip
2,talk,64,4,15,ESTIMATE Agent[12] VILLAGER
2,talk,65,5,2,Over
2,talk,66,5,11,ESTIMATE Agent[04] VILLAGER
2,talk,67,5,13,ESTIMATE Agent[12] WEREWOLF
2,talk,68,5,15,VOTE Agent[12]
2,talk,69,5,14,Skip
2,talk,70,5,10,Over
2,talk,71,5,3,Skip
2,talk,72,5,12,Over
2,talk,73,5,8,Skip
2,talk,74,5,4,Skip
2,talk,75,5,9,Skip
2,talk,76,5,6,Over
2,talk,77,5,7,Skip
2,talk,78,6,4,VOTE Agent[12]
2,talk,79,6,12,Over
2,talk,80,6,10,Over
2,talk,81,6,14,Skip
2,talk,82,6,15,ESTIMATE Agent[13] VILLAGER
2,talk,83,6,7,VOTE Agent[11]
2,talk,84,6,11,VOTE Agent[03]
2,talk,85,6,2,Over
2,talk,86,6,13,ESTIMATE Agent[12] WEREWOLF
2,talk,87,6,9,Over
2,talk,88,6,8,Skip
2,talk,89,6,6,Over
2,talk,90,6,3,Over
2,talk,91,7,7,Skip
2,talk,92,7,12,Over
2,talk,93,7,14,VOTE Agent[07]
2,talk,94,7,9,Over
2,talk,95,7,8,VOTE Agent[09]
2,talk,96,7,3,Over
2,talk,97,7,4,Skip
2,talk,98,7,15,Over
2,talk,99,7,11,Skip
2,talk,100,7,10,Over
2,talk,101,7,13,Over
2,talk,102,7,2,Over
2,talk,103,7,6,Over
2,talk,104,8,15,Skip
2,talk,105,8,7,Skip
2,talk,106,8,2,Over
2,talk,107,8,11,VOTE Agent[09]
2,talk,108,8,4,Skip
2,talk,109,8,6,Over
2,talk,110,8,13,ESTIMATE Agent[12] WEREWOLF
2,talk,111,8,12,Over
2,talk,112,8,10,Over
2,talk,113,8,9,Over
2,talk,114,8,14,Skip
2,talk,115,8,3,Over
2,talk,116,8,8,Skip
2,talk,117,9,7,VOTE Agent[12]
2,talk,118,9,12,Over
2,talk,119,9,15,Over
2,talk,120,9,8,VOTE Agent[15]
2,talk,121,9,4,VOTE Agent[09]
2,talk,122,9,11,ESTIMATE Agent[02] VILLAGER
2,talk,123,9,3,Over
2,talk,124,9,9,Over
2,talk,125,9,10,Over
2,talk,126,9,13,Over
2,talk,127,9,14,VOTE Agent[02]
2,talk,128,9,2,Over
2,talk,129,9,6,Over
2,talk,130,10,9,Over
2,talk,131,10,12,Over
2,talk,132,10,14,Over
2,talk,133,10,11,VOTE Agent[07]
2,talk,134,10,3,Over
2,talk,135,10,6,Over
2,talk,136,10,15,Over
2,talk,137,10,4,Skip
2,talk,138,10,8,Skip
2,talk,139,10,13,Over
2,talk,140,10,2,Over
2,talk,141,10,7,Skip
2,talk,142,10,10,Over
2,talk,143,11,13,Over
2,talk,144,11,4,Skip
2,talk,145,11,9,Over
2,talk,146,11,2,Over
2,talk,147,11,3,Over
2,talk,148,11,7,Skip
2,talk,149,11,12,Over
2,talk,150,11,14,Over
2,talk,151,11,8,Skip
2,talk,152,11,10,Over
2,talk,153,11,6,Over
2,talk,154,11,15,Over
2,talk,155,11,11,VOTE Agent[12]
2,talk,156,12,8,VOTE Agent[15]
2,talk,157,12,9,Over
2,talk,158,12,11,VOTE Agent[09]
2,talk,159,12,13,Over
2,talk,160,12,15,Over
2,talk,161,12,6,Over
2,talk,162,12,2,Over
2,talk,163,12,4,Over
2,talk,164,12,3,Over
2,talk,165,12,14,Over
2,talk,166,12,12,Over
2,talk,167,12,10,Over
2,talk,168,12,7,Over
2,talk,169,13,11,Over
2,talk,170,13,3,Over
2,talk,171,13,14,Over
2,talk,172,13,2,Over
2,talk,173,13,13,Over
2,talk,174,13,4,Over
2,talk,175,13,6,Over
2,talk,176,13,7,Over
2,talk,177,13,8,Skip
2,talk,178,13,12,Over
2,talk,179,13,10,Over
2,talk,180,13,9,Over
2,talk,181,13,15,Over
2,talk,182,14,4,Over
2,talk,183,14,9,Over
2,talk,184,14,14,Over
2,talk,185,14,13,Over
2,talk,186,14,10,Over
2,talk,187,14,12,Over
2,talk,188,14,11,Over
2,talk,189,14,2,Over
2,talk,190,14,7,Over
2,talk,191,14,15,Over
2,talk,192,14,3,Over
2,talk,193,14,6,Over
2,talk,194,14,8,Skip
2,talk,195,15,10,Over
2,talk,196,15,13,Over
2,talk,197,15,12,Over
2,talk,198,15,2,Over
2,talk,199,15,4,Over
2,talk,200,15,8,VOTE Agent[15]
2,talk,201,15,3,Over
2,talk,202,15,9,Over
2,talk,203,15,7,Over
2,talk,204,15,11,Over
2,talk,205,15,15,Over
2,talk,206,15,14,Over
2,talk,207,15,6,Over
2,talk,208,16,14,Over
2,talk,209,16,12,Over
2,talk,210,16,2,Over
2,talk,211,16,9,Over
2,talk,212,16,8,Skip
2,talk,213,16,6,Over
2,talk,214,16,7,Over
2,talk,215,16,3,Over
2,talk,216,16,13,Over
2,talk,217,16,15,Over
2,talk,218,16,10,Over
2,talk,219,16,4,Over
2,talk,220,16,11,Over
2,talk,221,17,15,Over
2,talk,222,17,4,Over
2,talk,223,17,11,Over
2,talk,224,17,7,Over
2,talk,225,17,12,Over
2,talk,226,17,3,Over
2,talk,227,17,6,Over
2,talk,228,17,8,Skip
2,talk,229,17,13,Over
2,talk,230,17,9,Over
2,talk,231,17,10,Over
2,talk,232,17,2,Over
2,talk,233,17,14,Over
2,talk,234,18,9,Over
2,talk,235,18,15,Over
2,talk,236,18,10,Over
2,talk,237,18,13,Over
2,talk,238,18,3,Over
2,talk,239,18,11,Over
2,talk,240,18,6,Over
2,talk,241,18,12,Over
2,talk,242,18,4,Over
2,talk,243,18,7,Over
2,talk,244,18,2,Over
2,talk,245,18,8,VOTE Agent[15]
2,talk,246,18,14,Over
2,talk,247,19,14,Over
2,talk,248,19,11,Over
2,talk,249,19,12,Over
2,talk,250,19,2,Over
2,talk,251,19,13,Over
2,talk,252,19,10,Over
2,talk,253,19,15,Over
2,talk,254,19,4,Over
2,talk,255,19,6,Over
2,talk,256,19,3,Over
2,talk,257,19,7,Over
2,talk,258,19,9,Over
2,talk,259,19,8,Skip
2,vote,2,10
2,vote,3,12
2,vote,4,9
2,vote,6,12
2,vote,7,12
2,vote,8,15
2,vote,9,11
2,vote,10,15
2,vote,11,9
2,vote,12,3
2,vote,13,12
2,vote,14,2
2,vote,15,12
2,execute,12,WEREWOLF
2,divine,10,14,WEREWOLF
2,whisper,0,0,11,Over
2,whisper,1,0,14,COMINGOUT Agent[14] VILLAGER
2,whisper,2,1,11,Over
2,whisper,3,1,14,Skip
2,whisper,4,2,14,Skip
2,whisper,5,2,11,ATTACK Agent[06]
2,whisper,6,3,14,Over
2,whisper,7,3,11,Over
2,attackVote,11,6
2,attackVote,14,15
2,attackVote,11,13
2,attackVote,14,15
2,attack,13,true
3,status,1,BODYGUARD,DEAD,carlo
3,status,2,VILLAGER,ALIVE,m_cre
3,status,3,VILLAGER,ALIVE,cndl
3,status,4,VILLAGER,ALIVE,AITKN
3,status,5,POSSESSED,DEAD,aplain
3,status,6,MEDIUM,ALIVE,takkyubu
3,status,7,VILLAGER,ALIVE,kasuka
3,status,8,VILLAGER,ALIVE,johnny
3,status,9,VILLAGER,ALIVE,hibagon
3,status,10,SEER,ALIVE,colun
3,status,11,WEREWOLF,ALIVE,wasabi
3,status,12,WEREWOLF,DEAD,Udon
3,status,13,VILLAGER,DEAD,JuN1Ro
3,status,14,WEREWOLF,ALIVE,cash
3,status,15,VILLAGER,ALIVE,daisyo
3,talk,0,0,10,DIVINED Agent[14] WEREWOLF
3,talk,1,0,9,VOTE Agent[07]
3,talk,2,0,2,VOTE Agent[10]
3,talk,3,0,11,VOTE Agent[15]
3,talk,4,0,15,VOTE Agent[02]
3,talk,5,0,6,IDENTIFIED Agent[12] WEREWOLF
3,talk,6,0,3,VOTE Agent[15]
3,talk,7,0,7,ESTIMATE Agent[05] WEREWOLF
3,talk,8,0,8,VOTE Agent[15]
3,talk,9,0,4,VOTE Agent[08]
3,talk,10,0,14,VOTE Agent[02]
3,talk,11,1,9,DISAGREE TALK day1 ID:43
3,talk,12,1,15,Over
3,talk,13,1,7,ESTIMATE Agent[12] WEREWOLF
3,talk,14,1,2,Skip
3,talk,15,1,6,DISAGREE TALK day1 ID:43
3,talk,16,1,8,VOTE Agent[11]
3,talk,17,1,14,Skip
3,talk,18,1,10,REQUEST(VOTE Agent[14])
3,talk,19,1,11,VOTE Agent[14]
3,talk,20,1,4,VOTE Agent[15]
3,talk,21,1,3,Skip
3,talk,22,2,7,ESTIMATE Agent[02] WEREWOLF
3,talk,23,2,8,Skip
3,talk,24,2,2,Skip
3,talk,25,2,3,Skip
3,talk,26,2,9,DISAGREE TALK day2 ID:61
3,talk,27,2,4,Skip
3,talk,28,2,15,Over
3,talk,29,2,11,Skip
3,talk,30,2,14,Skip
3,talk,31,2,6,DISAGREE TALK day2 ID:61
3,talk,32,2,10,VOTE Agent[14]
3,talk,33,3,14,Over
3,talk,34,3,6,ESTIMATE Agent[14] WEREWOLF
3,talk,35,3,2,Over
3,talk,36,3,9,ESTIMATE Agent[14] WEREWOLF
3,talk,37,3,10,Skip
3,talk,38,3,7,VOTE Agent[14]
3,talk,39,3,15,Over
3,talk,40,3,4,Skip
3,talk,41,3,11,ESTIMATE Agent[08] VILLAGER
3,talk,42,3,8,Skip
3,talk,43,3,3,Over
3,talk,44,4,15,ESTIMATE Agent[02] VILLAGER
3,talk,45,4,11,ESTIMATE Agent[10] WEREWOLF
3,talk,46,4,2,Over
3,talk,47,4,7,Skip
3,talk,48,4,8,VOTE Agent[11]
3,talk,49,4,6,REQUEST(Agent[10] DIVINATION Agent[14])
3,talk,50,4,4,REQUEST(DIVINATION Agent[03])
3,talk,51,4,10,Skip
3,talk,52,4,9,REQUEST(Agent[10] DIVINATION Agent[14])
3,talk,53,4,14,VOTE Agent[10]
3,talk,54,4,3,VOTE Agent[14]
3,talk,55,5,15,ESTIMATE Agent[03] VILLAGER
3,talk,56,5,14,VOTE Agent[04]
3,talk,57,5,6,VOTE Agent[14]
3,talk,58,5,8,Skip
3,talk,59,5,9,VOTE Agent[14]
3,talk,60,5,4,Skip
3,talk,61,5,7,Skip
3,talk,62,5,3,Skip
3,talk,63,5,10,Over
3,talk,64,5,11,ESTIMATE Agent[14] WEREWOLF
3,talk,65,5,2,Over
3,talk,66,6,11,Skip
3,talk,67,6,4,VOTE Agent[14]
3,talk,68,6,2,Over
3,talk,69,6,9,Skip
3,talk,70,6,3,Skip
3,talk,71,6,8,Skip
3,talk,72,6,7,Over
3,talk,73,6,14,Skip
3,talk,74,6,15,Skip
3,talk,75,6,6,Skip
3,talk,76,6,10,Over
3,talk,77,7,6,Skip
3,talk,78,7,9,Skip
3,talk,79,7,11,ESTIMATE Agent[04] VILLAGER
3,talk,80,7,4,Skip
3,talk,81,7,15,ESTIMATE Agent[14] VILLAGER
3,talk,82,7,8,VOTE Agent[11]
3,talk,83,7,14,Skip
3,talk,84,7,3,Over
3,talk,85,7,7,Over
3,talk,86,7,2,Over
3,talk,87,7,10,Over
3,talk,88,8,14,Over
3,talk,89,8,10,Over
3,talk,90,8,15,Over
3,talk,91,8,11,Skip
3,talk,92,8,2,Over
3,talk,93,8,3,Over
3,talk,94,8,4,Skip
3,talk,95,8,9,Over
3,talk,96,8,8,Skip
3,talk,97,8,6,Over
3,talk,98,8,7,Over
3,talk,99,9,9,Over
3,talk,100,9,2,Over
3,talk,101,9,8,Skip
3,talk,102,9,7,Over
3,talk,103,9,3,Over
3,talk,104,9,6,Over
3,talk,105,9,4,Over
3,talk,106,9,14,Over
3,talk,107,9,11,ESTIMATE Agent[04] VILLAGER
3,talk,108,9,15,Skip
3,talk,109,9,10,Over
3,talk,110,10,11,ESTIMATE Agent[06] MEDIUM
3,talk,111,10,10,Over
3,talk,112,10,15,Over
3,talk,113,10,2,Over
3,talk,114,10,8,VOTE Agent[11]
3,talk,115,10,4,Over
3,talk,116,10,7,Over
3,talk,117,10,9,Over
3,talk,118,10,14,Over
3,talk,119,10,3,Over
3,talk,120,10,6,Over
3,talk,121,11,10,Over
3,talk,122,11,2,Over
3,talk,123,11,9,Over
3,talk,124,11,7,Over
3,talk,125,11,15,Over
3,talk,126,11,4,Over
3,talk,127,11,11,ESTIMATE Agent[09] VILLAGER
3,talk,128,11,14,Over
3,talk,129,11,6,Over
3,talk,130,11,8,Skip
3,talk,131,11,3,Over
3,talk,132,12,4,Over
3,talk,133,12,2,Over
3,talk,134,12,8,Skip
3,talk,135,12,15,Over
3,talk,136,12,10,Over
3,talk,137,12,14,Over
3,talk,138,12,9,Over
3,talk,139,12,7,Over
3,talk,140,12,6,Over
3,talk,141,12,11,ESTIMATE Agent[14] WEREWOLF
3,talk,142,12,3,Over
3,talk,143,13,14,Over
3,talk,144,13,6,Over
3,talk,145,13,3,Over
3,talk,146,13,9,Over
3,talk,147,13,11,Over
3,talk,148,13,4,Over
3,talk,149,13,7,Over
3,talk,150,13,8,VOTE Agent[11]
3,talk,151,13,15,Over
3,talk,152,13,10,Over
3,talk,153,13,2,Over
3,talk,154,14,4,Over
3,talk,155,14,15,Over
3,talk,156,14,8,Skip
3,talk,157,14,2,Over
3,talk,158,14,14,Over
3,talk,159,14,9,Over
3,talk,160,14,11,Over
3,talk,161,14,6,Over
3,talk,162,14,10,Over
3,talk,163,14,7,Over
3,talk,164,14,3,Over
3,talk,165,15,6,Over
3,talk,166,15,10,Over
3,talk,167,15,15,Over
3,talk,168,15,4,Over
3,talk,169,15,7,Over
3,talk,170,15,14,Over
3,talk,171,15,9,Over
3,talk,172,15,3,Over
3,talk,173,15,8,Skip
3,talk,174,15,2,Over
3,talk,175,15,11,Over
3,talk,176,16,10,Over
3,talk,177,16,6,Over
3,talk,178,16,3,Over
3,talk,179,16,7,Over
3,talk,180,16,15,Over
3,talk,181,16,4,Over
3,talk,182,16,8,VOTE Agent[11]
3,talk,183,16,2,Over
3,talk,184,16,11,Over
3,talk,185,16,9,Over
3,talk,186,16,14,Over
3,talk,187,17,11,Over
3,talk,188,17,2,Over
3,talk,189,17,10,Over
3,talk,190,17,3,Over
3,talk,191,17,6,Over
3,talk,192,17,7,Over
3,talk,193,17,14,Over
3,talk,194,17,8,Skip
3,talk,195,17,9,Over
3,talk,196,17,15,Over
3,talk,197,17,4,Over
3,talk,198,18,7,Over
3,talk,199,18,6,Over
3,talk,200,18,8,Skip
3,talk,201,18,10,Over
3,talk,202,18,3,Over
3,talk,203,18,9,Over
3,talk,204,18,2,Over
3,talk,205,18,4,Over
3,talk,206,18,14,Over
3,talk,207,18,15,Over
3,talk,208,18,11,Over
3,talk,209,19,9,Over
3,talk,210,19,14,Over
3,talk,211,19,8,VOTE Agent[11]
3,talk,212,19,15,Over
3,talk,213,19,6,Over
3,talk,214,19,10,Over
3,talk,215,19,2,Over
3,talk,216,19,3,Over
3,talk,217,19,4,Over
3,talk,218,19,7,Over
3,talk,219,19,11,Over
3,vote,2,10
3,vote,3,14
3,vote,4,14
3,vote,6,14
3,vote,7,14
3,vote,8,11
3,vote,9,14
3,vote,10,14
3,vote,11,14
3,vote,14,4
3,vote,15,14
3,execute,14,WEREWOLF
3,divine,10,6,HUMAN
3,attackVote,11,7
3,attack,7,true
4,status,1,BODYGUARD,DEAD,carlo
4,status,2,VILLAGER,ALIVE,m_cre
4,status,3,VILLAGER,ALIVE,cndl
4,status,4,VILLAGER,ALIVE,AITKN
4,status,5,POSSESSED,DEAD,aplain
4,status,6,MEDIUM,ALIVE,takkyubu
4,status,7,VILLAGER,DEAD,kasuka
4,status,8,VILLAGER,ALIVE,johnny
4,status,9,VILLAGER,ALIVE,hibagon
4,status,10,SEER,ALIVE,colun
4,status,11,WEREWOLF,ALIVE,wasabi
4,status,12,WEREWOLF,DEAD,Udon
4,status,13,VILLAGER,DEAD,JuN1Ro
4,status,14,WEREWOLF,DEAD,cash
4,status,15,VILLAGER,ALIVE,daisyo
4,talk,0,0,10,DIVINED Agent[06] HUMAN
4,talk,1,0,8,VOTE Agent[11]
4,talk,2,0,4,VOTE Agent[10]
4,talk,3,0,3,VOTE Agent[15]
4,talk,4,0,2,VOTE Agent[10]
4,talk,5,0,15,VOTE Agent[02]
4,talk,6,0,9,VOTE Agent[04]
4,talk,7,0,11,VOTE Agent[03]
4,talk,8,0,6,IDENTIFIED Agent[14] WEREWOLF
4,talk,9,1,8,Skip
4,talk,10,1,2,Skip
4,talk,11,1,6,VOTE Agent[15]
4,talk,12,1,15,Over
4,talk,13,1,11,ESTIMATE Agent[06] MEDIUM
4,talk,14,1,10,VOTE Agent[06]
4,talk,15,1,3,VOTE Agent[04]
4,talk,16,1,9,Skip
4,talk,17,1,4,Skip
4,talk,18,2,10,Skip
4,talk,19,2,3,VOTE Agent[15]
4,talk,20,2,15,Over
4,talk,21,2,8,Skip
4,talk,22,2,6,Skip
4,talk,23,2,11,VOTE Agent[15]
4,talk,24,2,2,Skip
4,talk,25,2,9,Skip
4,talk,26,2,4,Skip
4,talk,27,3,8,VOTE Agent[11]
4,talk,28,3,2,Over
4,talk,29,3,6,Skip
4,talk,30,3,11,Skip
4,talk,31,3,4,Over
4,talk,32,3,10,Skip
4,talk,33,3,9,Over
4,talk,34,3,3,Skip
4,talk,35,3,15,ESTIMATE Agent[02] VILLAGER
4,talk,36,4,10,Over
4,talk,37,4,6,Over
4,talk,38,4,3,Skip
4,talk,39,4,2,Over
4,talk,40,4,9,Over
4,talk,41,4,4,REQUEST(DIVINATION Agent[11])
4,talk,42,4,11,VOTE Agent[08]
4,talk,43,4,8,Skip
4,talk,44,4,15,Skip
4,talk,45,5,10,Over
4,talk,46,5,6,Over
4,talk,47,5,11,ESTIMATE Agent[02] VILLAGER
4,talk,48,5,2,Over
4,talk,49,5,4,Skip
4,talk,50,5,8,Skip
4,talk,51,5,9,Over
4,talk,52,5,15,ESTIMATE Agent[03] VILLAGER
4,talk,53,5,3,Over
4,talk,54,6,2,Over
4,talk,55,6,3,Over
4,talk,56,6,6,Over
4,talk,57,6,15,ESTIMATE Agent[04] VILLAGER
4,talk,58,6,8,VOTE Agent[11]
4,talk,59,6,4,Skip
4,talk,60,6,9,Over
4,talk,61,6,11,ESTIMATE Agent[10] WEREWOLF
4,talk,62,6,10,Over
4,talk,63,7,11,ESTIMATE Agent[10] WEREWOLF
4,talk,64,7,15,Over
4,talk,65,7,4,Over
4,talk,66,7,6,Over
4,talk,67,7,2,Over
4,talk,68,7,3,Over
4,talk,69,7,8,Skip
4,talk,70,7,9,Over
4,talk,71,7,10,Over
4,talk,72,8,11,Skip
4,talk,73,8,8,Skip
4,talk,74,8,15,Over
4,talk,75,8,3,Over
4,talk,76,8,4,Over
4,talk,77,8,6,Over
4,talk,78,8,10,Over
4,talk,79,8,9,Over
4,talk,80,8,2,Over
4,talk,81,9,8,VOTE Agent[11]
4,talk,82,9,9,Over
4,talk,83,9,4,Over
4,talk,84,9,15,Over
4,talk,85,9,3,Over
4,talk,86,9,11,Skip
4,talk,87,9,2,Over
4,talk,88,9,10,Over
4,talk,89,9,6,Over
4,talk,90,10,2,Over
4,talk,91,10,15,Over
4,talk,92,10,8,Skip
4,talk,93,10,9,Over
4,talk,94,10,10,Over
4,talk,95,10,6,Over
4,talk,96,10,11,VOTE Agent[04]
4,talk,97,10,4,Over
4,talk,98,10,3,Over
4,talk,99,11,11,ESTIMATE Agent[10] WEREWOLF
4,talk,100,11,3,Over
4,talk,101,11,4,Over
4,talk,102,11,8,Skip
4,talk,103,11,6,Over
4,talk,104,11,2,Over
4,talk,105,11,9,Over
4,talk,106,11,15,Over
4,talk,107,11,10,Over
4,talk,108,12,15,Over
4,talk,109,12,2,Over
4,talk,110,12,9,Over
4,talk,111,12,3,Over
4,talk,112,12,10,Over
4,talk,113,12,8,VOTE Agent[11]
4,talk,114,12,11,Over
4,talk,115,12,6,Over
4,talk,116,12,4,Over
4,talk,117,13,4,Over
4,talk,118,13,11,VOTE Agent[15]
4,talk,119,13,2,Over
4,talk,120,13,3,Over
4,talk,121,13,6,Over
4,talk,122,13,9,Over
4,talk,123,13,10,Over
4,talk,124,13,15,Over
4,talk,125,13,8,Skip
4,talk,126,14,10,Over
4,talk,127,14,6,Over
4,talk,128,14,4,Over
4,talk,129,14,9,Over
4,talk,130,14,11,Over
4,talk,131,14,2,Over
4,talk,132,14,8,Skip
4,talk,133,14,3,Over
4,talk,134,14,15,Over
4,talk,135,15,6,Over
4,talk,136,15,8,VOTE Agent[11]
4,talk,137,15,2,Over
4,talk,138,15,9,Over
4,talk,139,15,10,Over
4,talk,140,15,11,Over
4,talk,141,15,4,Over
4,talk,142,15,15,Over
4,talk,143,15,3,Over
4,talk,144,16,15,Over
4,talk,145,16,2,Over
4,talk,146,16,4,Over
4,talk,147,16,3,Over
4,talk,148,16,9,Over
4,talk,149,16,6,Over
4,talk,150,16,11,Over
4,talk,151,16,10,Over
4,talk,152,16,8,Skip
4,talk,153,17,2,Over
4,talk,154,17,9,Over
4,talk,155,17,10,Over
4,talk,156,17,15,Over
4,talk,157,17,4,Over
4,talk,158,17,8,Skip
4,talk,159,17,3,Over
4,talk,160,17,11,Over
4,talk,161,17,6,Over
4,talk,162,18,2,Over
4,talk,163,18,11,Over
4,talk,164,18,8,VOTE Agent[11]
4,talk,165,18,4,Over
4,talk,166,18,3,Over
4,talk,167,18,10,Over
4,talk,168,18,6,Over
4,talk,169,18,15,Over
4,talk,170,18,9,Over
4,talk,171,19,3,Over
4,talk,172,19,2,Over
4,talk,173,19,4,Over
4,talk,174,19,15,Over
4,talk,175,19,8,Skip
4,talk,176,19,9,Over
4,talk,177,19,11,Over
4,talk,178,19,6,Over
4,talk,179,19,10,Over
4,vote,2,10
4,vote,3,15
4,vote,4,10
4,vote,6,15
4,vote,8,11
4,vote,9,4
4,vote,10,6
4,vote,11,15
4,vote,15,2
4,execute,15,VILLAGER
4,divine,10,4,HUMAN
4,attackVote,11,2
4,attack,2,true
5,status,1,BODYGUARD,DEAD,carlo
5,status,2,VILLAGER,DEAD,m_cre
5,status,3,VILLAGER,ALIVE,cndl
5,status,4,VILLAGER,ALIVE,AITKN
5,status,5,POSSESSED,DEAD,aplain
5,status,6,MEDIUM,ALIVE,takkyubu
5,status,7,VILLAGER,DEAD,kasuka
5,status,8,VILLAGER,ALIVE,johnny
5,status,9,VILLAGER,ALIVE,hibagon
5,status,10,SEER,ALIVE,colun
5,status,11,WEREWOLF,ALIVE,wasabi
5,status,12,WEREWOLF,DEAD,Udon
5,status,13,VILLAGER,DEAD,JuN1Ro
5,status,14,WEREWOLF,DEAD,cash
5,status,15,VILLAGER,DEAD,daisyo
5,talk,0,0,11,Skip
5,talk,1,0,10,DIVINED Agent[04] HUMAN
5,talk,2,0,3,VOTE Agent[08]
5,talk,3,0,9,VOTE Agent[06]
5,talk,4,0,4,VOTE Agent[09]
5,talk,5,0,8,VOTE Agent[11]
5,talk,6,0,6,IDENTIFIED Agent[15] HUMAN
5,talk,7,1,9,Skip
5,talk,8,1,6,VOTE Agent[10]
5,talk,9,1,10,VOTE Agent[08]
5,talk,10,1,11,VOTE Agent[03]
5,talk,11,1,4,VOTE Agent[03]
5,talk,12,1,8,Skip
5,talk,13,1,3,Skip
5,talk,14,2,10,Skip
5,talk,15,2,8,Skip
5,talk,16,2,6,Skip
5,talk,17,2,11,Skip
5,talk,18,2,4,VOTE Agent[10]
5,talk,19,2,3,Skip
5,talk,20,2,9,Skip
5,talk,21,3,4,Skip
5,talk,22,3,10,Skip
5,talk,23,3,6,Skip
5,talk,24,3,3,Over
5,talk,25,3,9,Over
5,talk,26,3,8,VOTE Agent[11]
5,talk,27,3,11,Skip
5,talk,28,4,10,Over
5,talk,29,4,8,Skip
5,talk,30,4,9,Over
5,talk,31,4,3,Over
5,talk,32,4,4,REQUEST(DIVINATION Agent[11])
5,talk,33,4,11,Over
5,talk,34,4,6,Over
5,talk,35,5,8,Skip
5,talk,36,5,10,Over
5,talk,37,5,11,Over
5,talk,38,5,3,Over
5,talk,39,5,9,Over
5,talk,40,5,6,Over
5,talk,41,5,4,Skip
5,talk,42,6,11,ESTIMATE Agent[06] MEDIUM
5,talk,43,6,4,Skip
5,talk,44,6,3,Over
5,talk,45,6,6,Over
5,talk,46,6,9,Over
5,talk,47,6,8,VOTE Agent[11]
5,talk,48,6,10,Over
5,talk,49,7,3,Over
5,talk,50,7,4,Over
5,talk,51,7,9,Over
5,talk,52,7,10,Over
5,talk,53,7,8,Skip
5,talk,54,7,6,Over
5,talk,55,7,11,VOTE Agent[08]
5,talk,56,8,11,ESTIMATE Agent[03] VILLAGER
5,talk,57,8,3,Over
5,talk,58,8,10,Over
5,talk,59,8,6,Over
5,talk,60,8,9,Over
5,talk,61,8,8,Skip
5,talk,62,8,4,Over
5,talk,63,9,4,Over
5,talk,64,9,9,Over
5,talk,65,9,8,VOTE Agent[11]
5,talk,66,9,3,Over
5,talk,67,9,10,Over
5,talk,68,9,11,ESTIMATE Agent[06] MEDIUM
5,talk,69,9,6,Over
5,talk,70,10,3,Over
5,talk,71,10,4,Over
5,talk,72,10,11,Over
5,talk,73,10,8,Skip
5,talk,74,10,6,Over
5,talk,75,10,10,Over
5,talk,76,10,9,Over
5,talk,77,11,4,Over
5,talk,78,11,11,VOTE Agent[09]
5,talk,79,11,9,Over
5,talk,80,11,6,Over
5,talk,81,11,10,Over
5,talk,82,11,8,Skip
5,talk,83,11,3,Over
5,talk,84,12,11,ESTIMATE Agent[06] MEDIUM
5,talk,85,12,3,Over
5,talk,86,12,9,Over
5,talk,87,12,10,Over
5,talk,88,12,4,Over
5,talk,89,12,6,Over
5,talk,90,12,8,VOTE Agent[11]
5,talk,91,13,8,Skip
5,talk,92,13,6,Over
5,talk,93,13,9,Over
5,talk,94,13,3,Over
5,talk,95,13,11,VOTE Agent[08]
5,talk,96,13,4,Over
5,talk,97,13,10,Over
5,talk,98,14,3,Over
5,talk,99,14,4,Over
5,talk,100,14,6,Over
5,talk,101,14,11,ESTIMATE Agent[08] VILLAGER
5,talk,102,14,10,Over
5,talk,103,14,8,Skip
5,talk,104,14,9,Over
5,talk,105,15,9,Over
5,talk,106,15,11,Over
5,talk,107,15,4,Over
5,talk,108,15,10,Over
5,talk,109,15,3,Over
5,talk,110,15,6,Over
5,talk,111,15,8,VOTE Agent[11]
5,talk,112,16,11,VOTE Agent[09]
5,talk,113,16,6,Over
5,talk,114,16,3,Over
5,talk,115,16,8,Skip
5,talk,116,16,9,Over
5,talk,117,16,4,Over
5,talk,118,16,10,Over
5,talk,119,17,11,Over
5,talk,120,17,6,Over
5,talk,121,17,10,Over
5,talk,122,17,3,Over
5,talk,123,17,9,Over
5,talk,124,17,8,Skip
5,talk,125,17,4,Over
5,talk,126,18,4,Over
5,talk,127,18,3,Over
5,talk,128,18,8,VOTE Agent[11]
5,talk,129,18,10,Over
5,talk,130,18,6,Over
5,talk,131,18,11,Over
5,talk,132,18,9,Over
5,talk,133,19,3,Over
5,talk,134,19,11,Over
5,talk,135,19,9,Over
5,talk,136,19,8,Skip
5,talk,137,19,10,Over
5,talk,138,19,6,Over
5,talk,139,19,4,Over
5,vote,3,8
5,vote,4,10
5,vote,6,10
5,vote,8,11
5,vote,9,6
5,vote,10,8
5,vote,11,9
5,vote,3,8
5,vote,4,10
5,vote,6,10
5,vote,8,11
5,vote,9,8
5,vote,10,8
5,vote,11,8
5,execute,8,VILLAGER
5,divine,10,3,HUMAN
5,attackVote,11,4
5,attack,4,true
6,status,1,BODYGUARD,DEAD,carlo
6,status,2,VILLAGER,DEAD,m_cre
6,status,3,VILLAGER,ALIVE,cndl
6,status,4,VILLAGER,DEAD,AITKN
6,status,5,POSSESSED,DEAD,aplain
6,status,6,MEDIUM,ALIVE,takkyubu
6,status,7,VILLAGER,DEAD,kasuka
6,status,8,VILLAGER,DEAD,johnny
6,status,9,VILLAGER,ALIVE,hibagon
6,status,10,SEER,ALIVE,colun
6,status,11,WEREWOLF,ALIVE,wasabi
6,status,12,WEREWOLF,DEAD,Udon
6,status,13,VILLAGER,DEAD,JuN1Ro
6,status,14,WEREWOLF,DEAD,cash
6,status,15,VILLAGER,DEAD,daisyo
6,talk,0,0,3,VOTE Agent[11]
6,talk,1,0,6,IDENTIFIED Agent[08] HUMAN
6,talk,2,0,10,DIVINED Agent[03] HUMAN
6,talk,3,0,11,Skip
6,talk,4,0,9,VOTE Agent[10]
6,talk,5,1,11,Skip
6,talk,6,1,10,VOTE Agent[06]
6,talk,7,1,9,Skip
6,talk,8,1,6,VOTE Agent[03]
6,talk,9,1,3,Skip
6,talk,10,2,9,Skip
6,talk,11,2,6,Skip
6,talk,12,2,10,Skip
6,talk,13,2,3,Skip
6,talk,14,2,11,VOTE Agent[09]
6,talk,15,3,11,Skip
6,talk,16,3,9,Over
6,talk,17,3,3,Over
6,talk,18,3,10,Skip
6,talk,19,3,6,Skip
6,talk,20,4,11,ESTIMATE Agent[03] VILLAGER
6,talk,21,4,9,Over
6,talk,22,4,3,Over
6,talk,23,4,6,Over
6,talk,24,4,10,Over
6,talk,25,5,6,Over
6,talk,26,5,3,Over
6,talk,27,5,11,Over
6,talk,28,5,10,Over
6,talk,29,5,9,Over
6,vote,3,11
6,vote,6,3
6,vote,9,10
6,vote,10,6
6,vote,11,9
6,vote,3,11
6,vote,6,3
6,vote,9,10
6,vote,10,6
6,vote,11,9
6,execute,11,WEREWOLF
6,divine,10,9,HUMAN
7,status,1,BODYGUARD,DEAD,carlo
7,status,2,VILLAGER,DEAD,m_cre
7,status,3,VILLAGER,ALIVE,cndl
7,status,4,VILLAGER,DEAD,AITKN
7,status,5,POSSESSED,DEAD,aplain
7,status,6,MEDIUM,ALIVE,takkyubu
7,status,7,VILLAGER,DEAD,kasuka
7,status,8,VILLAGER,DEAD,johnny
7,status,9,VILLAGER,ALIVE,hibagon
7,status,10,SEER,ALIVE,colun
7,status,11,WEREWOLF,DEAD,wasabi
7,status,12,WEREWOLF,DEAD,Udon
7,status,13,VILLAGER,DEAD,JuN1Ro
7,status,14,WEREWOLF,DEAD,cash
7,status,15,VILLAGER,DEAD,daisyo
7,result,4,0,VILLAGER
