0,status,1,VILLAGER,ALIVE,carlo
0,status,2,VILLAGER,ALIVE,m_cre
0,status,3,MEDIUM,ALIVE,cndl
0,status,4,VILLAGER,ALIVE,AITKN
0,status,5,WEREWOLF,ALIVE,aplain
0,status,6,BODYGUARD,ALIVE,takkyubu
0,status,7,WEREWOLF,ALIVE,kasuka
0,status,8,VILLAGER,ALIVE,johnny
0,status,9,VILLAGER,ALIVE,hibagon
0,status,10,WEREWOLF,ALIVE,colun
0,status,11,VILLAGER,ALIVE,wasabi
0,status,12,VILLAGER,ALIVE,Udon
0,status,13,SEER,ALIVE,JuN1Ro
0,status,14,POSSESSED,ALIVE,cash
0,status,15,VILLAGER,ALIVE,daisyo
0,whisper,0,0,5,COMINGOUT Agent[05] MEDIUM
0,whisper,1,0,10,COMINGOUT Agent[10] SEER
0,whisper,2,0,7,COMINGOUT Agent[07] VILLAGER
0,whisper,3,1,5,Skip
0,whisper,4,1,10,DIVINED Agent[03] HUMAN
0,whisper,5,1,7,Skip
0,whisper,6,2,7,Skip
0,whisper,7,2,10,Skip
0,whisper,8,2,5,Skip
0,whisper,9,3,10,Skip
0,whisper,10,3,7,Over
0,whisper,11,3,5,Over
0,whisper,12,4,7,Over
0,whisper,13,4,10,Over
0,whisper,14,4,5,Over
0,divine,13,2,HUMAN
1,status,1,VILLAGER,ALIVE,carlo
1,status,2,VILLAGER,ALIVE,m_cre
1,status,3,MEDIUM,ALIVE,cndl
1,status,4,VILLAGER,ALIVE,AITKN
1,status,5,WEREWOLF,ALIVE,aplain
1,status,6,BODYGUARD,ALIVE,takkyubu
1,status,7,WEREWOLF,ALIVE,kasuka
1,status,8,VILLAGER,ALIVE,johnny
1,status,9,VILLAGER,ALIVE,hibagon
1,status,10,WEREWOLF,ALIVE,colun
1,status,11,VILLAGER,ALIVE,wasabi
1,status,12,VILLAGER,ALIVE,Udon
1,status,13,SEER,ALIVE,JuN1Ro
1,status,14,POSSESSED,ALIVE,cash
1,status,15,VILLAGER,ALIVE,daisyo
1,talk,0,0,13,COMINGOUT Agent[13] SEER
1,talk,1,0,11,VOTE Agent[07]
1,talk,2,0,6,VOTE Agent[12]
1,talk,3,0,12,VOTE Agent[10]
1,talk,4,0,8,VOTE Agent[01]
1,talk,5,0,10,VOTE Agent[04]
1,talk,6,0,15,VOTE Agent[01]
1,talk,7,0,14,COMINGOUT Agent[14] SEER
1,talk,8,0,4,VOTE Agent[08]
1,talk,9,0,1,VOTE Agent[02]
1,talk,10,0,7,ESTIMATE Agent[13] WEREWOLF
1,talk,11,0,2,VOTE Agent[11]
1,talk,12,0,9,VOTE Agent[15]
1,talk,13,0,5,VOTE Agent[02]
1,talk,14,0,3,COMINGOUT Agent[03] MEDIUM
1,talk,15,1,3,VOTE Agent[15]
1,talk,16,1,9,Skip
1,talk,17,1,14,DIVINED Agent[08] HUMAN
1,talk,18,1,15,VOTE Agent[12]
1,talk,19,1,11,ESTIMATE Agent[08] VILLAGER
1,talk,20,1,5,REQUEST(VOTE Agent[02])
1,talk,21,1,6,Skip
1,talk,22,1,7,ESTIMATE Agent[14] WEREWOLF
1,talk,23,1,2,VOTE Agent[14]
1,talk,24,1,4,VOTE Agent[02]
1,talk,25,1,1,Skip
1,talk,26,1,10,REQUEST(VOTE Agent[04])
1,talk,27,1,13,DIVINED Agent[02] HUMAN
1,talk,28,1,12,VOTE Agent[01]
1,talk,29,1,8,VOTE Agent[13]
1,talk,30,2,1,VOTE Agent[04]
1,talk,31,2,7,ESTIMATE Agent[15] WEREWOLF
1,talk,32,2,3,VOTE Agent[05]
1,talk,33,2,12,VOTE Agent[04]
1,talk,34,2,15,ESTIMATE Agent[12] VILLAGER
1,talk,35,2,9,DISAGREE TALK day1 ID:10
1,talk,36,2,10,COMINGOUT Agent[10] SEER
1,talk,37,2,13,VOTE Agent[14]
1,talk,38,2,4,VOTE Agent[02]
1,talk,39,2,6,DISAGREE TALK day1 ID:22
1,talk,40,2,14,VOTE Agent[04]
1,talk,41,2,2,Skip
1,talk,42,2,11,ESTIMATE Agent[14] WEREWOLF
1,talk,43,2,5,VOTE Agent[03]
1,talk,44,2,8,Skip
1,talk,45,3,5,REQUEST(VOTE Agent[03])
1,talk,46,3,14,VOTE Agent[08]
1,talk,47,3,13,Over
1,talk,48,3,15,ESTIMATE Agent[04] VILLAGER
1,talk,49,3,12,VOTE Agent[05]
1,talk,50,3,10,DIVINED Agent[03] HUMAN
1,talk,51,3,4,Skip
1,talk,52,3,6,ESTIMATE Agent[14] SEER
1,talk,53,3,1,Skip
1,talk,54,3,2,Skip
1,talk,55,3,7,VOTE Agent[06]
1,talk,56,3,11,ESTIMATE Agent[13] WEREWOLF
1,talk,57,3,3,VOTE Agent[10]
1,talk,58,3,9,ESTIMATE Agent[13] SEER
1,talk,59,3,8,Skip
1,talk,60,4,4,REQUEST(DIVINATION Agent[11])
1,talk,61,4,8,VOTE Agent[13]
1,talk,62,4,3,VOTE Agent[05]
1,talk,63,4,14,VOTE Agent[04]
1,talk,64,4,5,COMINGOUT Agent[05] MEDIUM
1,talk,65,4,10,VOTE Agent[13]
1,talk,66,4,9,Skip
1,talk,67,4,13,Over
1,talk,68,4,7,VOTE Agent[15]
1,talk,69,4,12,Over
1,talk,70,4,15,Over
1,talk,71,4,6,Skip
1,talk,72,4,1,Skip
1,talk,73,4,11,Skip
1,talk,74,4,2,Over
1,talk,75,5,9,Skip
1,talk,76,5,14,Skip
1,talk,77,5,5,Skip
1,talk,78,5,6,Skip
1,talk,79,5,13,Over
1,talk,80,5,10,REQUEST(VOTE Agent[13])
1,talk,81,5,2,VOTE Agent[10]
1,talk,82,5,1,Over
1,talk,83,5,7,Skip
1,talk,84,5,11,Skip
1,talk,85,5,15,Skip
1,talk,86,5,4,Skip
1,talk,87,5,3,Skip
1,talk,88,5,8,Skip
1,talk,89,5,12,Over
1,talk,90,6,12,Over
1,talk,91,6,6,Over
1,talk,92,6,5,Skip
1,talk,93,6,13,Over
1,talk,94,6,14,VOTE Agent[10]
1,talk,95,6,1,Over
1,talk,96,6,7,Skip
1,talk,97,6,15,Skip
1,talk,98,6,4,Skip
1,talk,99,6,11,VOTE Agent[05]
1,talk,100,6,8,Skip
1,talk,101,6,2,Skip
1,talk,102,6,10,Skip
1,talk,103,6,9,Over
1,talk,104,6,3,VOTE Agent[10]
1,talk,105,7,10,Skip
1,talk,106,7,9,Over
1,talk,107,7,2,Skip
1,talk,108,7,4,Over
1,talk,109,7,15,Over
1,talk,110,7,13,VOTE Agent[10]
1,talk,111,7,8,VOTE Agent[13]
1,talk,112,7,6,Over
1,talk,113,7,1,Over
1,talk,114,7,5,Over
1,talk,115,7,11,Skip
1,talk,116,7,12,Over
1,talk,117,7,14,Skip
1,talk,118,7,3,Skip
1,talk,119,7,7,VOTE Agent[14]
1,talk,120,8,9,Over
1,talk,121,8,10,Over
1,talk,122,8,15,Over
1,talk,123,8,11,ESTIMATE Agent[02] VILLAGER
1,talk,124,8,5,Over
1,talk,125,8,8,Skip
1,talk,126,8,4,VOTE Agent[10]
1,talk,127,8,13,Over
1,talk,128,8,6,Over
1,talk,129,8,3,Skip
1,talk,130,8,1,Over
1,talk,131,8,14,Skip
1,talk,132,8,2,Over
1,talk,133,8,12,Over
1,talk,134,8,7,Skip
1,talk,135,9,10,Over
1,talk,136,9,6,Over
1,talk,137,9,4,Skip
1,talk,138,9,9,Over
1,talk,139,9,13,Over
1,talk,140,9,3,Over
1,talk,141,9,7,Skip
1,talk,142,9,2,Over
1,talk,143,9,8,Skip
1,talk,144,9,15,Over
1,talk,145,9,12,Over
1,talk,146,9,5,Over
1,talk,147,9,11,Over
1,talk,148,9,1,Over
1,talk,149,9,14,Over
1,talk,150,10,2,Over
1,talk,151,10,1,Over
1,talk,152,10,8,VOTE Agent[13]
1,talk,153,10,14,Over
1,talk,154,10,10,Over
1,talk,155,10,13,Over
1,talk,156,10,5,Over
1,talk,157,10,15,Over
1,talk,158,10,9,Over
1,talk,159,10,7,Over
1,talk,160,10,12,Over
1,talk,161,10,4,Skip
1,talk,162,10,3,Over
1,talk,163,10,11,Over
1,talk,164,10,6,Over
1,talk,165,11,14,Over
1,talk,166,11,8,Skip
1,talk,167,11,12,Over
1,talk,168,11,11,Over
1,talk,169,11,5,Over
1,talk,170,11,9,Over
1,talk,171,11,3,Over
1,talk,172,11,13,Over
1,talk,173,11,7,Over
1,talk,174,11,6,Over
1,talk,175,11,1,Over
1,talk,176,11,10,Over
1,talk,177,11,4,Over
1,talk,178,11,15,Over
1,talk,179,11,2,Over
1,talk,180,12,8,Skip
1,talk,181,12,14,Over
1,talk,182,12,13,Over
1,talk,183,12,2,Over
1,talk,184,12,5,Over
1,talk,185,12,12,Over
1,talk,186,12,15,Over
1,talk,187,12,6,Over
1,talk,188,12,4,Over
1,talk,189,12,1,Over
1,talk,190,12,11,VOTE Agent[03]
1,talk,191,12,7,Over
1,talk,192,12,10,Over
1,talk,193,12,9,Over
1,talk,194,12,3,Over
1,talk,195,13,3,Over
1,talk,196,13,12,Over
1,talk,197,13,13,Over
1,talk,198,13,5,Over
1,talk,199,13,7,Over
1,talk,200,13,1,Over
1,talk,201,13,8,VOTE Agent[13]
1,talk,202,13,9,Over
1,talk,203,13,15,Over
1,talk,204,13,14,Over
1,talk,205,13,6,Over
1,talk,206,13,11,Over
1,talk,207,13,2,Over
1,talk,208,13,4,Over
1,talk,209,13,10,Over
1,talk,210,14,3,Over
1,talk,211,14,7,Over
1,talk,212,14,8,Skip
1,talk,213,14,14,Over
1,talk,214,14,15,Over
1,talk,215,14,5,Over
1,talk,216,14,13,Over
1,talk,217,14,11,Over
1,talk,218,14,1,Over
1,talk,219,14,6,Over
1,talk,220,14,10,Over
1,talk,221,14,4,VOTE Agent[13]
1,talk,222,14,2,Over
1,talk,223,14,12,Over
1,talk,224,14,9,Over
1,talk,225,15,11,Over
1,talk,226,15,10,Over
1,talk,227,15,12,Over
1,talk,228,15,15,Over
1,talk,229,15,2,Over
1,talk,230,15,6,Over
1,talk,231,15,4,Skip
1,talk,232,15,13,Over
1,talk,233,15,7,Over
1,talk,234,15,5,Over
1,talk,235,15,14,Over
1,talk,236,15,1,Over
1,talk,237,15,3,Over
1,talk,238,15,8,Skip
1,talk,239,15,9,Over
1,talk,240,16,4,Skip
1,talk,241,16,8,VOTE Agent[13]
1,talk,242,16,14,Over
1,talk,243,16,2,Over
1,talk,244,16,15,Over
1,talk,245,16,1,Over
1,talk,246,16,7,Over
1,talk,247,16,11,Over
1,talk,248,16,6,Over
1,talk,249,16,3,Over
1,talk,250,16,5,Over
1,talk,251,16,9,Over
1,talk,252,16,13,Over
1,talk,253,16,12,Over
1,talk,254,16,10,Over
1,talk,255,17,4,Over
1,talk,256,17,9,Over
1,talk,257,17,8,Skip
1,talk,258,17,1,Over
1,talk,259,17,11,ESTIMATE Agent[08] VILLAGER
1,talk,260,17,12,Over
1,talk,261,17,14,Over
1,talk,262,17,7,Over
1,talk,263,17,6,Over
1,talk,264,17,13,Over
1,talk,265,17,5,Over
1,talk,266,17,10,Over
1,talk,267,17,2,Over
1,talk,268,17,3,Over
1,talk,269,17,15,Over
1,talk,270,18,7,Over
1,talk,271,18,14,Over
1,talk,272,18,4,Over
1,talk,273,18,8,Skip
1,talk,274,18,12,Over
1,talk,275,18,15,Over
1,talk,276,18,10,Over
1,talk,277,18,2,Over
1,talk,278,18,6,Over
1,talk,279,18,11,ESTIMATE Agent[06] VILLAGER
1,talk,280,18,9,Over
1,talk,281,18,13,Over
1,talk,282,18,5,Over
1,talk,283,18,3,Over
1,talk,284,18,1,Over
1,talk,285,19,5,Over
1,talk,286,19,3,Over
1,talk,287,19,15,Over
1,talk,288,19,10,Over
1,talk,289,19,11,ESTIMATE Agent[04] VILLAGER
1,talk,290,19,4,Over
1,talk,291,19,6,Over
1,talk,292,19,14,Over
1,talk,293,19,8,VOTE Agent[13]
1,talk,294,19,1,Over
1,talk,295,19,2,Over
1,talk,296,19,13,Over
1,talk,297,19,9,Over
1,talk,298,19,7,Over
1,talk,299,19,12,Over
1,vote,1,4
1,vote,2,10
1,vote,3,10
1,vote,4,13
1,vote,5,3
1,vote,6,12
1,vote,7,14
1,vote,8,13
1,vote,9,15
1,vote,10,13
1,vote,11,3
1,vote,12,5
1,vote,13,10
1,vote,14,10
1,vote,15,12
1,execute,10,WEREWOLF
1,divine,13,3,HUMAN
1,whisper,0,0,7,ATTACK Agent[13]
1,whisper,1,0,5,ESTIMATE Agent[13] POSSESSED
1,whisper,2,1,7,Skip
1,whisper,3,1,5,ATTACK Agent[14]
1,whisper,4,2,5,REQUEST(ATTACK Agent[14])
1,whisper,5,2,7,Skip
1,whisper,6,3,7,Over
1,whisper,7,3,5,IDENTIFIED Agent[10] HUMAN
1,whisper,8,4,5,Skip
1,whisper,9,4,7,Over
1,whisper,10,5,7,Over
1,whisper,11,5,5,Skip
1,whisper,12,6,7,Over
1,whisper,13,6,5,Over
1,guard,6,14,POSSESSED
1,attackVote,5,14
1,attackVote,7,13
1,attackVote,5,14
1,attackVote,7,13
1,attack,14,false
2,status,1,VILLAGER,ALIVE,carlo
2,status,2,VILLAGER,ALIVE,m_cre
2,status,3,MEDIUM,ALIVE,cndl
2,status,4,VILLAGER,ALIVE,AITKN
2,status,5,WEREWOLF,ALIVE,aplain
2,status,6,BODYGUARD,ALIVE,takkyubu
2,status,7,WEREWOLF,ALIVE,kasuka
2,status,8,VILLAGER,ALIVE,johnny
2,status,9,VILLAGER,ALIVE,hibagon
2,status,10,WEREWOLF,DEAD,colun
2,status,11,VILLAGER,ALIVE,wasabi
2,status,12,VILLAGER,ALIVE,Udon
2,status,13,SEER,ALIVE,JuN1Ro
2,status,14,POSSESSED,ALIVE,cash
2,status,15,VILLAGER,ALIVE,daisyo
2,talk,0,0,12,VOTE Agent[05]
2,talk,1,0,15,VOTE Agent[12]
2,talk,2,0,3,IDENTIFIED Agent[10] WEREWOLF
2,talk,3,0,4,VOTE Agent[15]
2,talk,4,0,5,IDENTIFIED Agent[10] HUMAN
2,talk,5,0,11,Skip
2,talk,6,0,14,DIVINED Agent[11] HUMAN
2,talk,7,0,2,VOTE Agent[14]
2,talk,8,0,9,VOTE Agent[14]
2,talk,9,0,1,VOTE Agent[04]
2,talk,10,0,7,ESTIMATE Agent[08] WEREWOLF
2,talk,11,0,13,DIVINED Agent[03] HUMAN
2,talk,12,0,8,VOTE Agent[13]
2,talk,13,0,6,VOTE Agent[12]
2,talk,14,1,6,Skip
2,talk,15,1,8,Skip
2,talk,16,1,13,VOTE Agent[10]
2,talk,17,1,5,VOTE Agent[03]
2,talk,18,1,4,VOTE Agent[14]
2,talk,19,1,9,Skip
2,talk,20,1,7,ESTIMATE Agent[13] WEREWOLF
2,talk,21,1,11,VOTE Agent[05]
2,talk,22,1,1,Skip
2,talk,23,1,14,VOTE Agent[08]
2,talk,24,1,3,VOTE Agent[05]
2,talk,25,1,15,Over
2,talk,26,1,2,VOTE Agent[05]
2,talk,27,1,12,Over
2,talk,28,2,7,ESTIMATE Agent[14] WEREWOLF
2,talk,29,2,5,REQUEST(VOTE Agent[03])
2,talk,30,2,8,Skip
2,talk,31,2,1,Skip
2,talk,32,2,12,Over
2,talk,33,2,3,Skip
2,talk,34,2,9,Skip
2,talk,35,2,15,Skip
2,talk,36,2,14,Skip
2,talk,37,2,4,VOTE Agent[05]
2,talk,38,2,13,Over
2,talk,39,2,6,Skip
2,talk,40,2,11,Skip
2,talk,41,2,2,Skip
2,talk,42,3,1,Over
2,talk,43,3,8,VOTE Agent[13]
2,talk,44,3,12,Over
2,talk,45,3,15,Over
2,talk,46,3,6,Over
2,talk,47,3,11,Skip
2,talk,48,3,14,Skip
2,talk,49,3,9,Over
2,talk,50,3,7,VOTE Agent[15]
2,talk,51,3,13,Over
2,talk,52,3,3,Skip
2,talk,53,3,4,Skip
2,talk,54,3,5,Skip
2,talk,55,3,2,Skip
2,talk,56,4,8,Skip
2,talk,57,4,6,Over
2,talk,58,4,3,Over
2,talk,59,4,4,REQUEST(DIVINATION Agent[06])
2,talk,60,4,9,Over
2,talk,61,4,12,Over
2,talk,62,4,13,ESTIMATE Agent[05] WEREWOLF
2,talk,63,4,15,ESTIMATE Agent[12] VILLAGER
2,talk,64,4,1,Over
2,talk,65,4,14,Over
2,talk,66,4,7,Skip
2,talk,67,4,2,Over
2,talk,68,4,5,Skip
2,talk,69,4,11,Over
2,talk,70,5,4,Skip
2,talk,71,5,14,Over
2,talk,72,5,11,Over
2,talk,73,5,12,Over
2,talk,74,5,1,Over
2,talk,75,5,5,Over
2,talk,76,5,6,Over
2,talk,77,5,15,Over
2,talk,78,5,13,Over
2,talk,79,5,7,VOTE Agent[04]
2,talk,80,5,8,Skip
2,talk,81,5,9,Over
2,talk,82,5,2,Over
2,talk,83,5,3,Over
2,talk,84,6,14,Over
2,talk,85,6,5,Over
2,talk,86,6,12,Over
2,talk,87,6,11,ESTIMATE Agent[07] VILLAGER
2,talk,88,6,15,ESTIMATE Agent[01] VILLAGER
2,talk,89,6,4,Skip
2,talk,90,6,6,Over
2,talk,91,6,8,VOTE Agent[13]
2,talk,92,6,9,Over
2,talk,93,6,7,Skip
2,talk,94,6,1,Over
2,talk,95,6,2,Over
2,talk,96,6,3,Over
2,talk,97,6,13,Over
2,talk,98,7,12,Over
2,talk,99,7,3,Over
2,talk,100,7,5,Over
2,talk,101,7,2,Over
2,talk,102,7,14,Over
2,talk,103,7,8,Skip
2,talk,104,7,9,Over
2,talk,105,7,4,Over
2,talk,106,7,13,Over
2,talk,107,7,7,VOTE Agent[08]
2,talk,108,7,1,Over
2,talk,109,7,11,ESTIMATE Agent[13] WEREWOLF
2,talk,110,7,15,Skip
2,talk,111,7,6,Over
2,talk,112,8,13,Over
2,talk,113,8,15,ESTIMATE Agent[02] VILLAGER
2,talk,114,8,14,Over
2,talk,115,8,5,Over
2,talk,116,8,3,Over
2,talk,117,8,2,Over
2,talk,118,8,7,Skip
2,talk,119,8,8,Skip
2,talk,120,8,4,Over
2,talk,121,8,1,Over
2,talk,122,8,11,ESTIMATE Agent[05] WEREWOLF
2,talk,123,8,6,Over
2,talk,124,8,9,Over
2,talk,125,8,12,Over
2,talk,126,9,6,Over
2,talk,127,9,1,Over
2,talk,128,9,7,Skip
2,talk,129,9,5,Over
2,talk,130,9,4,Over
2,talk,131,9,2,Over
2,talk,132,9,8,VOTE Agent[13]
2,talk,133,9,14,Over
2,talk,134,9,11,ESTIMATE Agent[14] WEREWOLF
2,talk,135,9,15,Over
2,talk,136,9,9,Over
2,talk,137,9,3,Over
2,talk,138,9,12,Over
2,talk,139,9,13,Over
2,talk,140,10,3,Over
2,talk,141,10,7,Over
2,talk,142,10,14,Over
2,talk,143,10,6,Over
2,talk,144,10,8,Skip
2,talk,145,10,2,Over
2,talk,146,10,4,Over
2,talk,147,10,1,Over
2,talk,148,10,12,Over
2,talk,149,10,13,ESTIMATE Agent[05] WEREWOLF
2,talk,150,10,5,Over
2,talk,151,10,9,Over
2,talk,152,10,11,ESTIMATE Agent[09] VILLAGER
2,talk,153,10,15,Over
2,talk,154,11,7,Over
2,talk,155,11,13,Over
2,talk,156,11,5,Over
2,talk,157,11,8,Skip
2,talk,158,11,2,Over
2,talk,159,11,1,Over
2,talk,160,11,3,Over
2,talk,161,11,11,Over
2,talk,162,11,9,Over
2,talk,163,11,4,Over
2,talk,164,11,15,Over
2,talk,165,11,14,Over
2,talk,166,11,12,Over
2,talk,167,11,6,Over
2,talk,168,12,11,ESTIMATE Agent[13] WEREWOLF
2,talk,169,12,6,Over
2,talk,170,12,13,Over
2,talk,171,12,8,VOTE Agent[13]
2,talk,172,12,4,Over
2,talk,173,12,14,Over
2,talk,174,12,5,Over
2,talk,175,12,9,Over
2,talk,176,12,12,Over
2,talk,177,12,3,Over
2,talk,178,12,1,Over
2,talk,179,12,2,Over
2,talk,180,12,7,Over
2,talk,181,12,15,Over
2,talk,182,13,12,Over
2,talk,183,13,8,Skip
2,talk,184,13,15,Over
2,talk,185,13,2,Over
2,talk,186,13,5,Over
2,talk,187,13,6,Over
2,talk,188,13,3,Over
2,talk,189,13,4,VOTE Agent[13]
2,talk,190,13,13,Over
2,talk,191,13,14,Over
2,talk,192,13,9,Over
2,talk,193,13,11,ESTIMATE Agent[13] WEREWOLF
2,talk,194,13,7,Over
2,talk,195,13,1,Over
2,talk,196,14,2,Over
2,talk,197,14,6,Over
2,talk,198,14,11,Over
2,talk,199,14,5,Over
2,talk,200,14,9,Over
2,talk,201,14,3,Over
2,talk,202,14,13,Over
2,talk,203,14,14,Over
2,talk,204,14,7,Over
2,talk,205,14,1,Over
2,talk,206,14,8,Skip
2,talk,207,14,15,Over
2,talk,208,14,12,Over
2,talk,209,14,4,Skip
2,talk,210,15,8,VOTE Agent[13]
2,talk,211,15,6,Over
2,talk,212,15,1,Over
2,talk,213,15,13,Over
2,talk,214,15,7,Over
2,talk,215,15,5,Over
2,talk,216,15,14,Over
2,talk,217,15,15,Over
2,talk,218,15,4,Skip
2,talk,219,15,11,ESTIMATE Agent[13] WEREWOLF
2,talk,220,15,12,Over
2,talk,221,15,2,Over
2,talk,222,15,9,Over
2,talk,223,15,3,Over
2,talk,224,16,13,Over
2,talk,225,16,4,Over
2,talk,226,16,3,Over
2,talk,227,16,5,Over
2,talk,228,16,11,ESTIMATE Agent[05] WEREWOLF
2,talk,229,16,14,Over
2,talk,230,16,7,VOTE Agent[06]
2,talk,231,16,1,Over
2,talk,232,16,8,Skip
2,talk,233,16,9,Over
2,talk,234,16,12,Over
2,talk,235,16,15,Over
2,talk,236,16,6,Over
2,talk,237,16,2,Over
2,talk,238,17,13,Over
2,talk,239,17,8,Skip
2,talk,240,17,14,VOTE Agent[13]
2,talk,241,17,6,Over
2,talk,242,17,7,Skip
2,talk,243,17,3,Over
2,talk,244,17,4,Over
2,talk,245,17,1,Over
2,talk,246,17,9,Over
2,talk,247,17,11,Over
2,talk,248,17,2,Over
2,talk,249,17,15,Over
2,talk,250,17,5,Over
2,talk,251,17,12,Over
2,talk,252,18,9,Over
2,talk,253,18,8,VOTE Agent[13]
2,talk,254,18,3,Over
2,talk,255,18,5,Over
2,talk,256,18,11,Over
2,talk,257,18,4,Over
2,talk,258,18,15,Over
2,talk,259,18,7,Skip
2,talk,260,18,6,Over
2,talk,261,18,1,Over
2,talk,262,18,14,Over
2,talk,263,18,13,Over
2,talk,264,18,12,Over
2,talk,265,18,2,Over
2,talk,266,19,9,Over
2,talk,267,19,15,Over
2,talk,268,19,14,Over
2,talk,269,19,1,Over
2,talk,270,19,12,Over
2,talk,271,19,7,Over
2,talk,272,19,4,Over
2,talk,273,19,5,Over
2,talk,274,19,6,Over
2,talk,275,19,3,Over
2,talk,276,19,2,Over
2,talk,277,19,13,Over
2,talk,278,19,8,Skip
2,talk,279,19,11,Over
2,vote,1,4
2,vote,2,5
2,vote,3,5
2,vote,4,13
2,vote,5,3
2,vote,6,12
2,vote,7,6
2,vote,8,13
2,vote,9,14
2,vote,11,5
2,vote,12,5
2,vote,13,2
2,vote,14,13
2,vote,15,12
2,execute,5,WEREWOLF
2,divine,13,12,HUMAN
2,guard,6,14,POSSESSED
2,attack,14,false
3,status,1,VILLAGER,ALIVE,carlo
3,status,2,VILLAGER,ALIVE,m_cre
3,status,3,MEDIUM,ALIVE,cndl
3,status,4,VILLAGER,ALIVE,AITKN
3,status,5,WEREWOLF,DEAD,aplain
3,status,6,BODYGUARD,ALIVE,takkyubu
3,status,7,WEREWOLF,ALIVE,kasuka
3,status,8,VILLAGER,ALIVE,johnny
3,status,9,VILLAGER,ALIVE,hibagon
3,status,10,WEREWOLF,DEAD,colun
3,status,11,VILLAGER,ALIVE,wasabi
3,status,12,VILLAGER,ALIVE,Udon
3,status,13,SEER,ALIVE,JuN1Ro
3,status,14,POSSESSED,ALIVE,cash
3,status,15,VILLAGER,ALIVE,daisyo
3,talk,0,0,7,ESTIMATE Agent[06] WEREWOLF
3,talk,1,0,3,IDENTIFIED Agent[05] WEREWOLF
3,talk,2,0,2,VOTE Agent[13]
3,talk,3,0,9,VOTE Agent[01]
3,talk,4,0,1,VOTE Agent[02]
3,talk,5,0,8,VOTE Agent[13]
3,talk,6,0,14,DIVINED Agent[13] HUMAN
3,talk,7,0,13,DIVINED Agent[12] HUMAN
3,talk,8,0,11,VOTE Agent[03]
3,talk,9,0,12,VOTE Agent[13]
3,talk,10,0,4,VOTE Agent[08]
3,talk,11,0,15,VOTE Agent[12]
3,talk,12,0,6,VOTE Agent[09]
3,talk,13,1,9,Skip
3,talk,14,1,14,VOTE Agent[06]
3,talk,15,1,13,VOTE Agent[14]
3,talk,16,1,7,ESTIMATE Agent[09] WEREWOLF
3,talk,17,1,2,VOTE Agent[14]
3,talk,18,1,15,ESTIMATE Agent[12] VILLAGER
3,talk,19,1,4,ESTIMATE Agent[13] POSSESSED
3,talk,20,1,3,VOTE Agent[08]
3,talk,21,1,11,VOTE Agent[14]
3,talk,22,1,8,VOTE Agent[14]
3,talk,23,1,1,Skip
3,talk,24,1,12,Over
3,talk,25,1,6,Skip
3,talk,26,2,12,Over
3,talk,27,2,13,Over
3,talk,28,2,1,Skip
3,talk,29,2,6,Skip
3,talk,30,2,11,ESTIMATE Agent[09] VILLAGER
3,talk,31,2,7,ESTIMATE Agent[02] WEREWOLF
3,talk,32,2,3,Skip
3,talk,33,2,15,ESTIMATE Agent[01] VILLAGER
3,talk,34,2,4,VOTE Agent[13]
3,talk,35,2,8,VOTE Agent[13]
3,talk,36,2,2,Skip
3,talk,37,2,14,VOTE Agent[12]
3,talk,38,2,9,Skip
3,talk,39,3,13,Over
3,talk,40,3,15,Skip
3,talk,41,3,7,VOTE Agent[06]
3,talk,42,3,8,Skip
3,talk,43,3,1,Over
3,talk,44,3,4,VOTE Agent[14]
3,talk,45,3,12,Over
3,talk,46,3,9,Over
3,talk,47,3,14,VOTE Agent[06]
3,talk,48,3,2,Skip
3,talk,49,3,6,Over
3,talk,50,3,3,Skip
3,talk,51,3,11,Skip
3,talk,52,4,12,Over
3,talk,53,4,11,Skip
3,talk,54,4,9,Over
3,talk,55,4,3,Over
3,talk,56,4,13,ESTIMATE Agent[14] WEREWOLF
3,talk,57,4,8,Skip
3,talk,58,4,15,ESTIMATE Agent[02] VILLAGER
3,talk,59,4,6,Over
3,talk,60,4,2,Over
3,talk,61,4,7,Skip
3,talk,62,4,4,VOTE Agent[13]
3,talk,63,4,1,Over
3,talk,64,4,14,Skip
3,talk,65,5,13,Over
3,talk,66,5,1,Over
3,talk,67,5,8,VOTE Agent[13]
3,talk,68,5,14,Skip
3,talk,69,5,4,VOTE Agent[14]
3,talk,70,5,12,Over
3,talk,71,5,15,Over
3,talk,72,5,7,Skip
3,talk,73,5,11,ESTIMATE Agent[15] VILLAGER
3,talk,74,5,9,Over
3,talk,75,5,3,VOTE Agent[14]
3,talk,76,5,2,Over
3,talk,77,5,6,Over
3,talk,78,6,11,ESTIMATE Agent[14] WEREWOLF
3,talk,79,6,15,Over
3,talk,80,6,8,Skip
3,talk,81,6,2,Over
3,talk,82,6,3,Skip
3,talk,83,6,14,VOTE Agent[13]
3,talk,84,6,1,Over
3,talk,85,6,12,Over
3,talk,86,6,9,Over
3,talk,87,6,6,Over
3,talk,88,6,4,REQUEST(DIVINATION Agent[07])
3,talk,89,6,13,Over
3,talk,90,6,7,VOTE Agent[03]
3,talk,91,7,15,Skip
3,talk,92,7,14,VOTE Agent[11]
3,talk,93,7,9,Over
3,talk,94,7,4,VOTE Agent[13]
3,talk,95,7,2,Over
3,talk,96,7,12,Over
3,talk,97,7,13,Over
3,talk,98,7,1,Over
3,talk,99,7,3,Skip
3,talk,100,7,11,ESTIMATE Agent[09] VILLAGER
3,talk,101,7,8,Skip
3,talk,102,7,6,Over
3,talk,103,7,7,Skip
3,talk,104,8,13,Over
3,talk,105,8,2,Over
3,talk,106,8,7,Skip
3,talk,107,8,14,VOTE Agent[04]
3,talk,108,8,1,Over
3,talk,109,8,3,Over
3,talk,110,8,6,Over
3,talk,111,8,12,Over
3,talk,112,8,11,Skip
3,talk,113,8,4,VOTE Agent[14]
3,talk,114,8,15,Skip
3,talk,115,8,9,Over
3,talk,116,8,8,VOTE Agent[14]
3,talk,117,9,6,Over
3,talk,118,9,3,Over
3,talk,119,9,13,Over
3,talk,120,9,9,Over
3,talk,121,9,12,Over
3,talk,122,9,7,Over
3,talk,123,9,2,Over
3,talk,124,9,4,VOTE Agent[13]
3,talk,125,9,11,ESTIMATE Agent[04] VILLAGER
3,talk,126,9,15,Over
3,talk,127,9,1,Over
3,talk,128,9,14,Skip
3,talk,129,9,8,VOTE Agent[13]
3,talk,130,10,8,VOTE Agent[14]
3,talk,131,10,11,Over
3,talk,132,10,7,Over
3,talk,133,10,15,Over
3,talk,134,10,1,Over
3,talk,135,10,13,ESTIMATE Agent[14] WEREWOLF
3,talk,136,10,6,Over
3,talk,137,10,2,Over
3,talk,138,10,9,Over
3,talk,139,10,3,Over
3,talk,140,10,12,Over
3,talk,141,10,14,Over
3,talk,142,10,4,Over
3,talk,143,11,12,Over
3,talk,144,11,11,ESTIMATE Agent[12] VILLAGER
3,talk,145,11,3,Over
3,talk,146,11,1,Over
3,talk,147,11,6,Over
3,talk,148,11,14,Over
3,talk,149,11,13,Over
3,talk,150,11,9,Over
3,talk,151,11,15,Over
3,talk,152,11,4,Over
3,talk,153,11,2,Over
3,talk,154,11,7,Over
3,talk,155,11,8,Skip
3,talk,156,12,15,Over
3,talk,157,12,4,Over
3,talk,158,12,1,Over
3,talk,159,12,13,Over
3,talk,160,12,6,Over
3,talk,161,12,2,Over
3,talk,162,12,9,Over
3,talk,163,12,7,Over
3,talk,164,12,14,Over
3,talk,165,12,11,ESTIMATE Agent[14] WEREWOLF
3,talk,166,12,3,Over
3,talk,167,12,8,Skip
3,talk,168,12,12,Over
3,talk,169,13,3,Over
3,talk,170,13,13,Over
3,talk,171,13,6,Over
3,talk,172,13,11,Over
3,talk,173,13,9,Over
3,talk,174,13,12,Over
3,talk,175,13,14,Over
3,talk,176,13,4,Over
3,talk,177,13,1,Over
3,talk,178,13,8,VOTE Agent[14]
3,talk,179,13,15,Over
3,talk,180,13,7,Over
3,talk,181,13,2,Over
3,talk,182,14,4,Over
3,talk,183,14,9,Over
3,talk,184,14,15,Over
3,talk,185,14,14,Over
3,talk,186,14,3,Over
3,talk,187,14,12,Over
3,talk,188,14,1,Over
3,talk,189,14,7,Over
3,talk,190,14,13,Over
3,talk,191,14,8,Skip
3,talk,192,14,2,Over
3,talk,193,14,11,Over
3,talk,194,14,6,Over
3,talk,195,15,9,Over
3,talk,196,15,4,Over
3,talk,197,15,2,Over
3,talk,198,15,7,Over
3,talk,199,15,3,Over
3,talk,200,15,6,Over
3,talk,201,15,13,Over
3,talk,202,15,15,Over
3,talk,203,15,12,Over
3,talk,204,15,11,Over
3,talk,205,15,1,Over
3,talk,206,15,8,Skip
3,talk,207,15,14,Over
3,talk,208,16,1,Over
3,talk,209,16,3,Over
3,talk,210,16,9,Over
3,talk,211,16,8,VOTE Agent[14]
3,talk,212,16,15,Over
3,talk,213,16,2,Over
3,talk,214,16,14,Over
3,talk,215,16,13,Over
3,talk,216,16,7,Over
3,talk,217,16,4,Over
3,talk,218,16,12,Over
3,talk,219,16,6,Over
3,talk,220,16,11,Over
3,talk,221,17,1,Over
3,talk,222,17,9,Over
3,talk,223,17,15,Over
3,talk,224,17,13,Over
3,talk,225,17,11,Over
3,talk,226,17,6,Over
3,talk,227,17,3,Over
3,talk,228,17,12,Over
3,talk,229,17,2,Over
3,talk,230,17,8,Skip
3,talk,231,17,4,Over
3,talk,232,17,14,Over
3,talk,233,17,7,Over
3,talk,234,18,1,Over
3,talk,235,18,14,Over
3,talk,236,18,11,Over
3,talk,237,18,15,Over
3,talk,238,18,6,Over
3,talk,239,18,4,Over
3,talk,240,18,13,Over
3,talk,241,18,2,Over
3,talk,242,18,3,Over
3,talk,243,18,7,Over
3,talk,244,18,8,Skip
3,talk,245,18,9,Over
3,talk,246,18,12,Over
3,talk,247,19,11,ESTIMATE Agent[14] WEREWOLF
3,talk,248,19,13,Over
3,talk,249,19,8,VOTE Agent[14]
3,talk,250,19,3,Over
3,talk,251,19,7,Over
3,talk,252,19,6,Over
3,talk,253,19,2,Over
3,talk,254,19,15,Over
3,talk,255,19,12,Over
3,talk,256,19,1,Over
3,talk,257,19,9,Over
3,talk,258,19,4,Over
3,talk,259,19,14,Over
3,vote,1,2
3,vote,2,14
3,vote,3,14
3,vote,4,14
3,vote,6,9
3,vote,7,3
3,vote,8,14
3,vote,9,1
3,vote,11,14
3,vote,12,13
3,vote,13,14
3,vote,14,4
3,vote,15,12
3,execute,14,POSSESSED
3,divine,13,15,HUMAN
3,guard,6,14,POSSESSED
3,attack,12,true
4,status,1,VILLAGER,ALIVE,carlo
4,status,2,VILLAGER,ALIVE,m_cre
4,status,3,MEDIUM,ALIVE,cndl
4,status,4,VILLAGER,ALIVE,AITKN
4,status,5,WEREWOLF,DEAD,aplain
4,status,6,BODYGUARD,ALIVE,takkyubu
4,status,7,WEREWOLF,ALIVE,kasuka
4,status,8,VILLAGER,ALIVE,johnny
4,status,9,VILLAGER,ALIVE,hibagon
4,status,10,WEREWOLF,DEAD,colun
4,status,11,VILLAGER,ALIVE,wasabi
4,status,12,VILLAGER,DEAD,Udon
4,status,13,SEER,ALIVE,JuN1Ro
4,status,14,POSSESSED,DEAD,cash
4,status,15,VILLAGER,ALIVE,daisyo
4,talk,0,0,6,DISAGREE TALK day1 ID:10
4,talk,1,0,7,ESTIMATE Agent[06] WEREWOLF
4,talk,2,0,4,VOTE Agent[13]
4,talk,3,0,3,IDENTIFIED Agent[14] HUMAN
4,talk,4,0,15,VOTE Agent[01]
4,talk,5,0,2,VOTE Agent[13]
4,talk,6,0,8,VOTE Agent[13]
4,talk,7,0,1,VOTE Agent[02]
4,talk,8,0,11,Skip
4,talk,9,0,9,VOTE Agent[13]
4,talk,10,0,13,DIVINED Agent[15] HUMAN
4,talk,11,1,13,VOTE Agent[10]
4,talk,12,1,15,Over
4,talk,13,1,1,Skip
4,talk,14,1,2,Skip
4,talk,15,1,9,Skip
4,talk,16,1,7,ESTIMATE Agent[09] WEREWOLF
4,talk,17,1,11,Skip
4,talk,18,1,3,VOTE Agent[06]
4,talk,19,1,6,DISAGREE TALK day1 ID:56
4,talk,20,1,4,Skip
4,talk,21,1,8,VOTE Agent[07]
4,talk,22,2,11,VOTE Agent[08]
4,talk,23,2,15,Over
4,talk,24,2,6,AGREE TALK day1 ID:58
4,talk,25,2,2,Skip
4,talk,26,2,1,Skip
4,talk,27,2,3,Skip
4,talk,28,2,8,Skip
4,talk,29,2,9,Skip
4,talk,30,2,13,Over
4,talk,31,2,7,ESTIMATE Agent[04] WEREWOLF
4,talk,32,2,4,Skip
4,talk,33,3,3,Skip
4,talk,34,3,13,ESTIMATE Agent[06] WEREWOLF
4,talk,35,3,6,DISAGREE TALK day2 ID:20
4,talk,36,3,15,ESTIMATE Agent[01] VILLAGER
4,talk,37,3,9,Over
4,talk,38,3,7,VOTE Agent[01]
4,talk,39,3,8,Skip
4,talk,40,3,11,ESTIMATE Agent[13] WEREWOLF
4,talk,41,3,1,Over
4,talk,42,3,2,Over
4,talk,43,3,4,Over
4,talk,44,4,2,Over
4,talk,45,4,6,DISAGREE TALK day2 ID:109
4,talk,46,4,9,Over
4,talk,47,4,15,ESTIMATE Agent[02] VILLAGER
4,talk,48,4,11,ESTIMATE Agent[07] VILLAGER
4,talk,49,4,7,Skip
4,talk,50,4,3,Over
4,talk,51,4,8,VOTE Agent[13]
4,talk,52,4,4,REQUEST(DIVINATION Agent[01])
4,talk,53,4,13,Over
4,talk,54,4,1,Over
4,talk,55,5,7,Skip
4,talk,56,5,3,Over
4,talk,57,5,15,ESTIMATE Agent[07] VILLAGER
4,talk,58,5,4,Skip
4,talk,59,5,1,Over
4,talk,60,5,11,ESTIMATE Agent[09] VILLAGER
4,talk,61,5,8,Skip
4,talk,62,5,6,DISAGREE TALK day2 ID:168
4,talk,63,5,2,Over
4,talk,64,5,9,Over
4,talk,65,5,13,Over
4,talk,66,6,6,DISAGREE TALK day2 ID:193
4,talk,67,6,8,Skip
4,talk,68,6,9,Over
4,talk,69,6,2,Over
4,talk,70,6,1,Over
4,talk,71,6,4,Skip
4,talk,72,6,15,Skip
4,talk,73,6,11,ESTIMATE Agent[02] VILLAGER
4,talk,74,6,13,ESTIMATE Agent[04] WEREWOLF
4,talk,75,6,7,Over
4,talk,76,6,3,VOTE Agent[15]
4,talk,77,7,15,Over
4,talk,78,7,11,ESTIMATE Agent[08] WEREWOLF
4,talk,79,7,1,Over
4,talk,80,7,4,Over
4,talk,81,7,2,Over
4,talk,82,7,6,DISAGREE TALK day2 ID:219
4,talk,83,7,13,Over
4,talk,84,7,8,VOTE Agent[13]
4,talk,85,7,7,Over
4,talk,86,7,3,Skip
4,talk,87,7,9,Over
4,talk,88,8,15,Skip
4,talk,89,8,3,Skip
4,talk,90,8,6,DISAGREE TALK day3 ID:19
4,talk,91,8,1,Over
4,talk,92,8,4,Over
4,talk,93,8,13,Over
4,talk,94,8,8,Skip
4,talk,95,8,11,ESTIMATE Agent[01] VILLAGER
4,talk,96,8,7,Over
4,talk,97,8,9,Over
4,talk,98,8,2,Over
4,talk,99,9,11,ESTIMATE Agent[15] VILLAGER
4,talk,100,9,2,Over
4,talk,101,9,9,Over
4,talk,102,9,3,Over
4,talk,103,9,1,Over
4,talk,104,9,6,ESTIMATE Agent[13] SEER
4,talk,105,9,15,Over
4,talk,106,9,7,Over
4,talk,107,9,4,Over
4,talk,108,9,13,Over
4,talk,109,9,8,Skip
4,talk,110,10,6,Over
4,talk,111,10,3,Over
4,talk,112,10,11,Skip
4,talk,113,10,4,Over
4,talk,114,10,1,Over
4,talk,115,10,7,Over
4,talk,116,10,8,VOTE Agent[13]
4,talk,117,10,9,Over
4,talk,118,10,15,Over
4,talk,119,10,13,Over
4,talk,120,10,2,Over
4,talk,121,11,11,ESTIMATE Agent[15] VILLAGER
4,talk,122,11,15,Over
4,talk,123,11,4,Over
4,talk,124,11,13,Over
4,talk,125,11,6,Over
4,talk,126,11,1,Over
4,talk,127,11,3,Over
4,talk,128,11,9,Over
4,talk,129,11,8,Skip
4,talk,130,11,7,Over
4,talk,131,11,2,Over
4,talk,132,12,13,Over
4,talk,133,12,6,Over
4,talk,134,12,8,Skip
4,talk,135,12,9,Over
4,talk,136,12,1,Over
4,talk,137,12,7,Over
4,talk,138,12,15,Over
4,talk,139,12,4,Over
4,talk,140,12,3,Over
4,talk,141,12,2,Over
4,talk,142,12,11,ESTIMATE Agent[01] VILLAGER
4,talk,143,13,1,Over
4,talk,144,13,3,Over
4,talk,145,13,6,Over
4,talk,146,13,4,Over
4,talk,147,13,11,Over
4,talk,148,13,8,VOTE Agent[13]
4,talk,149,13,9,Over
4,talk,150,13,13,Over
4,talk,151,13,7,Over
4,talk,152,13,2,Over
4,talk,153,13,15,Over
4,talk,154,14,8,Skip
4,talk,155,14,4,Over
4,talk,156,14,15,Over
4,talk,157,14,9,Over
4,talk,158,14,11,Over
4,talk,159,14,1,Over
4,talk,160,14,2,Over
4,talk,161,14,3,Over
4,talk,162,14,6,Over
4,talk,163,14,7,Over
4,talk,164,14,13,Over
4,talk,165,15,1,Over
4,talk,166,15,6,Over
4,talk,167,15,13,Over
4,talk,168,15,2,Over
4,talk,169,15,3,Over
4,talk,170,15,7,Over
4,talk,171,15,8,Skip
4,talk,172,15,4,Over
4,talk,173,15,15,Over
4,talk,174,15,11,Over
4,talk,175,15,9,Over
4,talk,176,16,4,Over
4,talk,177,16,3,Over
4,talk,178,16,15,Over
4,talk,179,16,2,Over
4,talk,180,16,13,Over
4,talk,181,16,7,Over
4,talk,182,16,8,VOTE Agent[13]
4,talk,183,16,9,Over
4,talk,184,16,1,Over
4,talk,185,16,11,Over
4,talk,186,16,6,Over
4,talk,187,17,15,Over
4,talk,188,17,13,Over
4,talk,189,17,4,Over
4,talk,190,17,3,Over
4,talk,191,17,11,Over
4,talk,192,17,8,Skip
4,talk,193,17,2,Over
4,talk,194,17,7,Over
4,talk,195,17,9,Over
4,talk,196,17,1,Over
4,talk,197,17,6,Over
4,talk,198,18,1,Over
4,talk,199,18,6,Over
4,talk,200,18,3,Over
4,talk,201,18,8,Skip
4,talk,202,18,2,Over
4,talk,203,18,11,Over
4,talk,204,18,9,Over
4,talk,205,18,15,Over
4,talk,206,18,4,Over
4,talk,207,18,13,Over
4,talk,208,18,7,Over
4,talk,209,19,11,Over
4,talk,210,19,6,Over
4,talk,211,19,8,VOTE Agent[13]
4,talk,212,19,2,Over
4,talk,213,19,3,Over
4,talk,214,19,15,Over
4,talk,215,19,13,Over
4,talk,216,19,7,Over
4,talk,217,19,1,Over
4,talk,218,19,9,Over
4,talk,219,19,4,Over
4,vote,1,2
4,vote,2,13
4,vote,3,15
4,vote,4,13
4,vote,6,15
4,vote,7,1
4,vote,8,13
4,vote,9,13
4,vote,11,8
4,vote,13,11
4,vote,15,1
4,execute,13,SEER
4,guard,6,13,SEER
4,attack,1,true
5,status,1,VILLAGER,DEAD,carlo
5,status,2,VILLAGER,ALIVE,m_cre
5,status,3,MEDIUM,ALIVE,cndl
5,status,4,VILLAGER,ALIVE,AITKN
5,status,5,WEREWOLF,DEAD,aplain
5,status,6,BODYGUARD,ALIVE,takkyubu
5,status,7,WEREWOLF,ALIVE,kasuka
5,status,8,VILLAGER,ALIVE,johnny
5,status,9,VILLAGER,ALIVE,hibagon
5,status,10,WEREWOLF,DEAD,colun
5,status,11,VILLAGER,ALIVE,wasabi
5,status,12,VILLAGER,DEAD,Udon
5,status,13,SEER,DEAD,JuN1Ro
5,status,14,POSSESSED,DEAD,cash
5,status,15,VILLAGER,ALIVE,daisyo
5,talk,0,0,7,ESTIMATE Agent[09] WEREWOLF
5,talk,1,0,9,VOTE Agent[07]
5,talk,2,0,8,VOTE Agent[09]
5,talk,3,0,3,IDENTIFIED Agent[13] HUMAN
5,talk,4,0,2,VOTE Agent[06]
5,talk,5,0,11,Skip
5,talk,6,0,15,VOTE Agent[02]
5,talk,7,0,4,Skip
5,talk,8,0,6,VOTE Agent[09]
5,talk,9,1,11,Skip
5,talk,10,1,6,Skip
5,talk,11,1,7,ESTIMATE Agent[04] WEREWOLF
5,talk,12,1,4,Skip
5,talk,13,1,8,VOTE Agent[09]
5,talk,14,1,15,ESTIMATE Agent[02] VILLAGER
5,talk,15,1,3,VOTE Agent[06]
5,talk,16,1,9,Skip
5,talk,17,1,2,Skip
5,talk,18,2,4,Over
5,talk,19,2,2,Skip
5,talk,20,2,15,Skip
5,talk,21,2,6,Skip
5,talk,22,2,11,Over
5,talk,23,2,8,Skip
5,talk,24,2,9,Skip
5,talk,25,2,3,Skip
5,talk,26,2,7,ESTIMATE Agent[06] WEREWOLF
5,talk,27,3,9,Over
5,talk,28,3,2,Over
5,talk,29,3,8,Skip
5,talk,30,3,4,Over
5,talk,31,3,6,Over
5,talk,32,3,3,Skip
5,talk,33,3,7,VOTE Agent[03]
5,talk,34,3,11,Over
5,talk,35,3,15,ESTIMATE Agent[07] VILLAGER
5,talk,36,4,7,Skip
5,talk,37,4,3,Over
5,talk,38,4,15,Over
5,talk,39,4,6,Over
5,talk,40,4,11,VOTE Agent[08]
5,talk,41,4,4,Over
5,talk,42,4,2,Over
5,talk,43,4,9,Over
5,talk,44,4,8,VOTE Agent[09]
5,talk,45,5,8,Skip
5,talk,46,5,9,Over
5,talk,47,5,7,Skip
5,talk,48,5,6,Over
5,talk,49,5,11,ESTIMATE Agent[08] WEREWOLF
5,talk,50,5,4,Over
5,talk,51,5,3,Over
5,talk,52,5,15,Skip
5,talk,53,5,2,Over
5,talk,54,6,3,Over
5,talk,55,6,8,Skip
5,talk,56,6,2,Over
5,talk,57,6,15,Over
5,talk,58,6,9,Over
5,talk,59,6,11,ESTIMATE Agent[08] WEREWOLF
5,talk,60,6,4,Over
5,talk,61,6,6,Over
5,talk,62,6,7,Over
5,talk,63,7,6,Over
5,talk,64,7,9,Over
5,talk,65,7,11,Over
5,talk,66,7,2,Over
5,talk,67,7,4,Over
5,talk,68,7,15,ESTIMATE Agent[04] VILLAGER
5,talk,69,7,8,VOTE Agent[09]
5,talk,70,7,7,Over
5,talk,71,7,3,Over
5,talk,72,8,3,Over
5,talk,73,8,7,Over
5,talk,74,8,6,Over
5,talk,75,8,15,Over
5,talk,76,8,4,Over
5,talk,77,8,8,Skip
5,talk,78,8,2,Over
5,talk,79,8,11,ESTIMATE Agent[08] WEREWOLF
5,talk,80,8,9,Over
5,talk,81,9,11,Over
5,talk,82,9,6,Over
5,talk,83,9,4,Over
5,talk,84,9,8,Skip
5,talk,85,9,15,Skip
5,talk,86,9,9,Over
5,talk,87,9,7,Over
5,talk,88,9,2,Over
5,talk,89,9,3,Over
5,talk,90,10,7,Over
5,talk,91,10,15,Over
5,talk,92,10,6,Over
5,talk,93,10,8,VOTE Agent[09]
5,talk,94,10,9,Over
5,talk,95,10,4,Over
5,talk,96,10,11,Over
5,talk,97,10,3,Over
5,talk,98,10,2,Over
5,talk,99,11,9,Over
5,talk,100,11,6,Over
5,talk,101,11,4,Over
5,talk,102,11,8,Skip
5,talk,103,11,2,Over
5,talk,104,11,15,Over
5,talk,105,11,11,Over
5,talk,106,11,7,Over
5,talk,107,11,3,Over
5,talk,108,12,4,Over
5,talk,109,12,8,Skip
5,talk,110,12,2,Over
5,talk,111,12,6,Over
5,talk,112,12,11,ESTIMATE Agent[09] VILLAGER
5,talk,113,12,3,Over
5,talk,114,12,15,Over
5,talk,115,12,7,Over
5,talk,116,12,9,Over
5,talk,117,13,7,Over
5,talk,118,13,11,ESTIMATE Agent[09] VILLAGER
5,talk,119,13,8,VOTE Agent[09]
5,talk,120,13,6,Over
5,talk,121,13,2,Over
5,talk,122,13,3,Over
5,talk,123,13,15,Over
5,talk,124,13,4,Over
5,talk,125,13,9,Over
5,talk,126,14,2,Over
5,talk,127,14,15,Over
5,talk,128,14,11,Over
5,talk,129,14,6,Over
5,talk,130,14,4,Over
5,talk,131,14,8,VOTE Agent[06]
5,talk,132,14,3,Over
5,talk,133,14,9,Over
5,talk,134,14,7,Over
5,talk,135,15,11,Over
5,talk,136,15,4,Over
5,talk,137,15,8,Skip
5,talk,138,15,2,Over
5,talk,139,15,9,Over
5,talk,140,15,7,Over
5,talk,141,15,3,Over
5,talk,142,15,15,Over
5,talk,143,15,6,Over
5,talk,144,16,6,Over
5,talk,145,16,7,Over
5,talk,146,16,8,Skip
5,talk,147,16,4,Over
5,talk,148,16,15,Over
5,talk,149,16,9,Over
5,talk,150,16,11,Over
5,talk,151,16,3,Over
5,talk,152,16,2,Over
5,talk,153,17,9,Over
5,talk,154,17,11,ESTIMATE Agent[08] WEREWOLF
5,talk,155,17,4,Over
5,talk,156,17,6,Over
5,talk,157,17,3,Over
5,talk,158,17,8,VOTE Agent[06]
5,talk,159,17,2,Over
5,talk,160,17,7,Over
5,talk,161,17,15,Over
5,talk,162,18,2,Over
5,talk,163,18,11,ESTIMATE Agent[07] VILLAGER
5,talk,164,18,9,Over
5,talk,165,18,8,Skip
5,talk,166,18,4,Over
5,talk,167,18,7,Over
5,talk,168,18,3,Over
5,talk,169,18,15,Over
5,talk,170,18,6,Over
5,talk,171,19,8,Skip
5,talk,172,19,15,Over
5,talk,173,19,7,Over
5,talk,174,19,6,Over
5,talk,175,19,11,ESTIMATE Agent[08] WEREWOLF
5,talk,176,19,3,Over
5,talk,177,19,9,Over
5,talk,178,19,4,Over
5,talk,179,19,2,Over
5,vote,2,6
5,vote,3,6
5,vote,4,7
5,vote,6,9
5,vote,7,3
5,vote,8,6
5,vote,9,7
5,vote,11,8
5,vote,15,2
5,execute,6,BODYGUARD
5,attack,3,true
6,status,1,VILLAGER,DEAD,carlo
6,status,2,VILLAGER,ALIVE,m_cre
6,status,3,MEDIUM,DEAD,cndl
6,status,4,VILLAGER,ALIVE,AITKN
6,status,5,WEREWOLF,DEAD,aplain
6,status,6,BODYGUARD,DEAD,takkyubu
6,status,7,WEREWOLF,ALIVE,kasuka
6,status,8,VILLAGER,ALIVE,johnny
6,status,9,VILLAGER,ALIVE,hibagon
6,status,10,WEREWOLF,DEAD,colun
6,status,11,VILLAGER,ALIVE,wasabi
6,status,12,VILLAGER,DEAD,Udon
6,status,13,SEER,DEAD,JuN1Ro
6,status,14,POSSESSED,DEAD,cash
6,status,15,VILLAGER,ALIVE,daisyo
6,talk,0,0,4,Skip
6,talk,1,0,2,VOTE Agent[07]
6,talk,2,0,9,VOTE Agent[07]
6,talk,3,0,11,Skip
6,talk,4,0,15,VOTE Agent[02]
6,talk,5,0,7,ESTIMATE Agent[09] WEREWOLF
6,talk,6,0,8,VOTE Agent[09]
6,talk,7,1,9,Skip
6,talk,8,1,7,ESTIMATE Agent[04] WEREWOLF
6,talk,9,1,8,VOTE Agent[09]
6,talk,10,1,2,Skip
6,talk,11,1,4,Skip
6,talk,12,1,15,Skip
6,talk,13,1,11,Skip
6,talk,14,2,9,Skip
6,talk,15,2,2,Skip
6,talk,16,2,15,Over
6,talk,17,2,11,Over
6,talk,18,2,8,Skip
6,talk,19,2,7,ESTIMATE Agent[06] WEREWOLF
6,talk,20,2,4,Over
6,talk,21,3,7,VOTE Agent[15]
6,talk,22,3,4,Over
6,talk,23,3,2,Over
6,talk,24,3,11,VOTE Agent[08]
6,talk,25,3,9,Over
6,talk,26,3,8,Skip
6,talk,27,3,15,ESTIMATE Agent[02] VILLAGER
6,talk,28,4,15,ESTIMATE Agent[07] VILLAGER
6,talk,29,4,4,Over
6,talk,30,4,7,VOTE Agent[09]
6,talk,31,4,11,Over
6,talk,32,4,8,VOTE Agent[09]
6,talk,33,4,2,Over
6,talk,34,4,9,Over
6,talk,35,5,11,ESTIMATE Agent[07] VILLAGER
6,talk,36,5,8,Skip
6,talk,37,5,4,Over
6,talk,38,5,9,Over
6,talk,39,5,15,ESTIMATE Agent[04] VILLAGER
6,talk,40,5,7,Skip
6,talk,41,5,2,Over
6,talk,42,6,9,Over
6,talk,43,6,2,Over
6,talk,44,6,15,Over
6,talk,45,6,7,Skip
6,talk,46,6,11,Over
6,talk,47,6,4,Over
6,talk,48,6,8,Skip
6,talk,49,7,8,VOTE Agent[09]
6,talk,50,7,4,Over
6,talk,51,7,15,Skip
6,talk,52,7,2,Over
6,talk,53,7,7,Over
6,talk,54,7,9,Over
6,talk,55,7,11,ESTIMATE Agent[04] VILLAGER
6,talk,56,8,15,Over
6,talk,57,8,11,ESTIMATE Agent[08] WEREWOLF
6,talk,58,8,8,Skip
6,talk,59,8,2,Over
6,talk,60,8,9,Over
6,talk,61,8,7,Over
6,talk,62,8,4,Over
6,talk,63,9,15,Skip
6,talk,64,9,2,Over
6,talk,65,9,8,Skip
6,talk,66,9,11,Over
6,talk,67,9,4,Over
6,talk,68,9,7,Over
6,talk,69,9,9,Over
6,talk,70,10,8,VOTE Agent[09]
6,talk,71,10,9,Over
6,talk,72,10,4,Over
6,talk,73,10,7,Over
6,talk,74,10,11,Over
6,talk,75,10,2,Over
6,talk,76,10,15,Over
6,talk,77,11,2,Over
6,talk,78,11,9,Over
6,talk,79,11,11,ESTIMATE Agent[15] VILLAGER
6,talk,80,11,8,Skip
6,talk,81,11,7,Over
6,talk,82,11,15,Over
6,talk,83,11,4,Over
6,talk,84,12,15,Over
6,talk,85,12,2,Over
6,talk,86,12,11,ESTIMATE Agent[08] WEREWOLF
6,talk,87,12,7,Over
6,talk,88,12,9,Over
6,talk,89,12,8,Skip
6,talk,90,12,4,Over
6,talk,91,13,11,ESTIMATE Agent[08] WEREWOLF
6,talk,92,13,7,Over
6,talk,93,13,15,Over
6,talk,94,13,8,VOTE Agent[09]
6,talk,95,13,2,Over
6,talk,96,13,9,Over
6,talk,97,13,4,Over
6,talk,98,14,2,Over
6,talk,99,14,8,Skip
6,talk,100,14,9,Over
6,talk,101,14,7,Over
6,talk,102,14,4,Over
6,talk,103,14,15,Over
6,talk,104,14,11,Over
6,talk,105,15,11,Over
6,talk,106,15,7,Over
6,talk,107,15,8,Skip
6,talk,108,15,15,Over
6,talk,109,15,2,Over
6,talk,110,15,4,Over
6,talk,111,15,9,Over
6,talk,112,16,9,Over
6,talk,113,16,7,Over
6,talk,114,16,2,Over
6,talk,115,16,11,ESTIMATE Agent[09] VILLAGER
6,talk,116,16,15,Over
6,talk,117,16,8,VOTE Agent[09]
6,talk,118,16,4,Over
6,talk,119,17,7,Over
6,talk,120,17,9,Over
6,talk,121,17,11,ESTIMATE Agent[02] VILLAGER
6,talk,122,17,2,Over
6,talk,123,17,15,Over
6,talk,124,17,8,Skip
6,talk,125,17,4,Over
6,talk,126,18,2,Over
6,talk,127,18,11,Over
6,talk,128,18,15,Over
6,talk,129,18,8,Skip
6,talk,130,18,9,Over
6,talk,131,18,7,Over
6,talk,132,18,4,Over
6,talk,133,19,2,Over
6,talk,134,19,15,Over
6,talk,135,19,9,Over
6,talk,136,19,8,VOTE Agent[09]
6,talk,137,19,11,Over
6,talk,138,19,7,Over
6,talk,139,19,4,Over
6,vote,2,7
6,vote,4,8
6,vote,7,9
6,vote,8,9
6,vote,9,7
6,vote,11,8
6,vote,15,2
6,vote,2,7
6,vote,4,2
6,vote,7,9
6,vote,8,9
6,vote,9,7
6,vote,11,8
6,vote,15,2
6,execute,9,VILLAGER
6,attack,4,true
7,status,1,VILLAGER,DEAD,carlo
7,status,2,VILLAGER,ALIVE,m_cre
7,status,3,MEDIUM,DEAD,cndl
7,status,4,VILLAGER,DEAD,AITKN
7,status,5,WEREWOLF,DEAD,aplain
7,status,6,BODYGUARD,DEAD,takkyubu
7,status,7,WEREWOLF,ALIVE,kasuka
7,status,8,VILLAGER,ALIVE,johnny
7,status,9,VILLAGER,DEAD,hibagon
7,status,10,WEREWOLF,DEAD,colun
7,status,11,VILLAGER,ALIVE,wasabi
7,status,12,VILLAGER,DEAD,Udon
7,status,13,SEER,DEAD,JuN1Ro
7,status,14,POSSESSED,DEAD,cash
7,status,15,VILLAGER,ALIVE,daisyo
7,talk,0,0,7,ESTIMATE Agent[09] WEREWOLF
7,talk,1,0,11,Skip
7,talk,2,0,2,VOTE Agent[07]
7,talk,3,0,15,VOTE Agent[02]
7,talk,4,0,8,VOTE Agent[11]
7,talk,5,1,7,ESTIMATE Agent[04] WEREWOLF
7,talk,6,1,11,Skip
7,talk,7,1,15,ESTIMATE Agent[02] VILLAGER
7,talk,8,1,2,Skip
7,talk,9,1,8,VOTE Agent[11]
7,talk,10,2,11,Over
7,talk,11,2,15,ESTIMATE Agent[07] VILLAGER
7,talk,12,2,7,ESTIMATE Agent[06] WEREWOLF
7,talk,13,2,2,Skip
7,talk,14,2,8,Skip
7,talk,15,3,2,Over
7,talk,16,3,11,Over
7,talk,17,3,7,VOTE Agent[08]
7,talk,18,3,8,Skip
7,talk,19,3,15,Skip
7,talk,20,4,2,Over
7,talk,21,4,15,Skip
7,talk,22,4,11,Over
7,talk,23,4,8,VOTE Agent[11]
7,talk,24,4,7,Skip
7,talk,25,5,15,Over
7,talk,26,5,2,Over
7,talk,27,5,11,Over
7,talk,28,5,8,Skip
7,talk,29,5,7,Skip
7,talk,30,6,15,Over
7,talk,31,6,11,VOTE Agent[08]
7,talk,32,6,7,Over
7,talk,33,6,2,Over
7,talk,34,6,8,Skip
7,talk,35,7,8,VOTE Agent[11]
7,talk,36,7,2,Over
7,talk,37,7,15,ESTIMATE Agent[11] VILLAGER
7,talk,38,7,7,Over
7,talk,39,7,11,Over
7,talk,40,8,7,Over
7,talk,41,8,2,Over
7,talk,42,8,15,Skip
7,talk,43,8,11,Over
7,talk,44,8,8,Skip
7,talk,45,9,7,Over
7,talk,46,9,15,Over
7,talk,47,9,8,Skip
7,talk,48,9,11,ESTIMATE Agent[07] VILLAGER
7,talk,49,9,2,Over
7,talk,50,10,15,Over
7,talk,51,10,11,Over
7,talk,52,10,2,Over
7,talk,53,10,7,Over
7,talk,54,10,8,VOTE Agent[11]
7,talk,55,11,8,Skip
7,talk,56,11,2,Over
7,talk,57,11,15,Over
7,talk,58,11,7,Over
7,talk,59,11,11,ESTIMATE Agent[08] WEREWOLF
7,talk,60,12,11,Over
7,talk,61,12,8,Skip
7,talk,62,12,7,Over
7,talk,63,12,15,Over
7,talk,64,12,2,Over
7,talk,65,13,15,Over
7,talk,66,13,11,Over
7,talk,67,13,8,VOTE Agent[11]
7,talk,68,13,7,Over
7,talk,69,13,2,Over
7,talk,70,14,11,ESTIMATE Agent[02] VILLAGER
7,talk,71,14,2,Over
7,talk,72,14,8,Skip
7,talk,73,14,7,Over
7,talk,74,14,15,Over
7,talk,75,15,2,Over
7,talk,76,15,7,Over
7,talk,77,15,11,ESTIMATE Agent[02] VILLAGER
7,talk,78,15,15,Over
7,talk,79,15,8,Skip
7,talk,80,16,15,Over
7,talk,81,16,7,Over
7,talk,82,16,11,ESTIMATE Agent[08] WEREWOLF
7,talk,83,16,8,VOTE Agent[11]
7,talk,84,16,2,Over
7,talk,85,17,2,Over
7,talk,86,17,8,Skip
7,talk,87,17,7,Over
7,talk,88,17,15,Over
7,talk,89,17,11,Over
7,talk,90,18,11,ESTIMATE Agent[15] VILLAGER
7,talk,91,18,8,Skip
7,talk,92,18,7,Over
7,talk,93,18,15,Over
7,talk,94,18,2,Over
7,talk,95,19,2,Over
7,talk,96,19,8,VOTE Agent[11]
7,talk,97,19,7,Over
7,talk,98,19,11,Over
7,talk,99,19,15,Over
7,vote,2,7
7,vote,7,8
7,vote,8,11
7,vote,11,8
7,vote,15,2
7,execute,8,VILLAGER
7,attack,11,true
8,status,1,VILLAGER,DEAD,carlo
8,status,2,VILLAGER,ALIVE,m_cre
8,status,3,MEDIUM,DEAD,cndl
8,status,4,VILLAGER,DEAD,AITKN
8,status,5,WEREWOLF,DEAD,aplain
8,status,6,BODYGUARD,DEAD,takkyubu
8,status,7,WEREWOLF,ALIVE,kasuka
8,status,8,VILLAGER,DEAD,johnny
8,status,9,VILLAGER,DEAD,hibagon
8,status,10,WEREWOLF,DEAD,colun
8,status,11,VILLAGER,DEAD,wasabi
8,status,12,VILLAGER,DEAD,Udon
8,status,13,SEER,DEAD,JuN1Ro
8,status,14,POSSESSED,DEAD,cash
8,status,15,VILLAGER,ALIVE,daisyo
8,talk,0,0,2,VOTE Agent[07]
8,talk,1,0,7,ESTIMATE Agent[09] WEREWOLF
8,talk,2,0,15,VOTE Agent[02]
8,talk,3,1,7,ESTIMATE Agent[04] WEREWOLF
8,talk,4,1,2,Skip
8,talk,5,1,15,Skip
8,talk,6,2,2,Skip
8,talk,7,2,7,ESTIMATE Agent[06] WEREWOLF
8,talk,8,2,15,Skip
8,talk,9,3,15,ESTIMATE Agent[02] VILLAGER
8,talk,10,3,7,VOTE Agent[02]
8,talk,11,3,2,Over
8,talk,12,4,2,Over
8,talk,13,4,7,Skip
8,talk,14,4,15,Skip
8,talk,15,5,2,Over
8,talk,16,5,15,ESTIMATE Agent[07] VILLAGER
8,talk,17,5,7,Skip
8,talk,18,6,2,Over
8,talk,19,6,7,Over
8,talk,20,6,15,ESTIMATE Agent[15] VILLAGER
8,talk,21,7,15,Over
8,talk,22,7,2,Over
8,talk,23,7,7,Over
8,vote,2,7
8,vote,7,2
8,vote,15,2
8,execute,2,VILLAGER
8,attack,15,true
9,status,1,VILLAGER,DEAD,carlo
9,status,2,VILLAGER,DEAD,m_cre
9,status,3,MEDIUM,DEAD,cndl
9,status,4,VILLAGER,DEAD,AITKN
9,status,5,WEREWOLF,DEAD,aplain
9,status,6,BODYGUARD,DEAD,takkyubu
9,status,7,WEREWOLF,ALIVE,kasuka
9,status,8,VILLAGER,DEAD,johnny
9,status,9,VILLAGER,DEAD,hibagon
9,status,10,WEREWOLF,DEAD,colun
9,status,11,VILLAGER,DEAD,wasabi
9,status,12,VILLAGER,DEAD,Udon
9,status,13,SEER,DEAD,JuN1Ro
9,status,14,POSSESSED,DEAD,cash
9,status,15,VILLAGER,DEAD,daisyo
9,result,0,1,WEREWOLF
