0,status,1,VILLAGER,ALIVE,carlo
0,status,2,POSSESSED,ALIVE,m_cre
0,status,3,WEREWOLF,ALIVE,cndl
0,status,4,MEDIUM,ALIVE,AITKN
0,status,5,VILLAGER,ALIVE,aplain
0,status,6,VILLAGER,ALIVE,takkyubu
0,status,7,VILLAGER,ALIVE,kasuka
0,status,8,BODYGUARD,ALIVE,johnny
0,status,9,VILLAGER,ALIVE,hibagon
0,status,10,WEREWOLF,ALIVE,colun
0,status,11,WEREWOLF,ALIVE,wasabi
0,status,12,VILLAGER,ALIVE,Udon
0,status,13,SEER,ALIVE,JuN1Ro
0,status,14,VILLAGER,ALIVE,cash
0,status,15,VILLAGER,ALIVE,daisyo
0,whisper,0,0,10,COMINGOUT Agent[10] SEER
0,whisper,1,0,11,Over
0,whisper,2,0,3,COMINGOUT Agent[03] VILLAGER
0,whisper,3,1,11,ATTACK Agent[08]
0,whisper,4,1,10,Skip
0,whisper,5,1,3,Skip
0,whisper,6,2,10,Skip
0,whisper,7,2,11,Over
0,whisper,8,2,3,Skip
0,whisper,9,3,11,Over
0,whisper,10,3,3,Over
0,whisper,11,3,10,Over
0,divine,13,7,HUMAN
1,status,1,VILLAGER,ALIVE,carlo
1,status,2,POSSESSED,ALIVE,m_cre
1,status,3,WEREWOLF,ALIVE,cndl
1,status,4,MEDIUM,ALIVE,AITKN
1,status,5,VILLAGER,ALIVE,aplain
1,status,6,VILLAGER,ALIVE,takkyubu
1,status,7,VILLAGER,ALIVE,kasuka
1,status,8,BODYGUARD,ALIVE,johnny
1,status,9,VILLAGER,ALIVE,hibagon
1,status,10,WEREWOLF,ALIVE,colun
1,status,11,WEREWOLF,ALIVE,wasabi
1,status,12,VILLAGER,ALIVE,Udon
1,status,13,SEER,ALIVE,JuN1Ro
1,status,14,VILLAGER,ALIVE,cash
1,status,15,VILLAGER,ALIVE,daisyo
1,talk,0,0,4,VOTE Agent[15]
1,talk,1,0,8,VOTE Agent[01]
1,talk,2,0,11,Skip
1,talk,3,0,3,VOTE Agent[02]
1,talk,4,0,6,VOTE Agent[07]
1,talk,5,0,1,VOTE Agent[02]
1,talk,6,0,9,VOTE Agent[12]
1,talk,7,0,5,VOTE Agent[02]
1,talk,8,0,7,ESTIMATE Agent[06] WEREWOLF
1,talk,9,0,12,VOTE Agent[10]
1,talk,10,0,2,COMINGOUT Agent[02] SEER
1,talk,11,0,15,VOTE Agent[01]
1,talk,12,0,13,COMINGOUT Agent[13] SEER
1,talk,13,0,10,VOTE Agent[01]
1,talk,14,0,14,VOTE Agent[06]
1,talk,15,1,13,DIVINED Agent[07] HUMAN
1,talk,16,1,10,REQUEST(VOTE Agent[01])
1,talk,17,1,11,Skip
1,talk,18,1,3,VOTE Agent[01]
1,talk,19,1,15,VOTE Agent[14]
1,talk,20,1,4,Skip
1,talk,21,1,12,VOTE Agent[01]
1,talk,22,1,1,VOTE Agent[03]
1,talk,23,1,5,Skip
1,talk,24,1,2,DIVINED Agent[13] WEREWOLF
1,talk,25,1,9,Skip
1,talk,26,1,7,ESTIMATE Agent[10] WEREWOLF
1,talk,27,1,6,Skip
1,talk,28,1,8,VOTE Agent[03]
1,talk,29,1,14,VOTE Agent[05]
1,talk,30,2,5,ESTIMATE Agent[13] WEREWOLF
1,talk,31,2,4,Skip
1,talk,32,2,9,ESTIMATE Agent[02] SEER
1,talk,33,2,14,Skip
1,talk,34,2,1,Skip
1,talk,35,2,15,Skip
1,talk,36,2,6,ESTIMATE Agent[02] SEER
1,talk,37,2,8,VOTE Agent[13]
1,talk,38,2,2,VOTE Agent[04]
1,talk,39,2,11,VOTE Agent[14]
1,talk,40,2,7,ESTIMATE Agent[09] WEREWOLF
1,talk,41,2,3,Skip
1,talk,42,2,13,VOTE Agent[02]
1,talk,43,2,10,REQUEST(VOTE Agent[02])
1,talk,44,2,12,Over
1,talk,45,3,13,Over
1,talk,46,3,12,Over
1,talk,47,3,15,Over
1,talk,48,3,10,COMINGOUT Agent[10] SEER
1,talk,49,3,7,VOTE Agent[13]
1,talk,50,3,6,ESTIMATE Agent[13] WEREWOLF
1,talk,51,3,1,Skip
1,talk,52,3,11,Skip
1,talk,53,3,8,Skip
1,talk,54,3,5,REQUEST(Agent[13] DIVINATION Agent[13])
1,talk,55,3,9,ESTIMATE Agent[13] WEREWOLF
1,talk,56,3,3,Skip
1,talk,57,3,4,Over
1,talk,58,3,14,VOTE Agent[03]
1,talk,59,3,2,Skip
1,talk,60,4,3,Over
1,talk,61,4,5,VOTE Agent[13]
1,talk,62,4,1,Over
1,talk,63,4,13,Over
1,talk,64,4,2,VOTE Agent[10]
1,talk,65,4,14,Skip
1,talk,66,4,4,Over
1,talk,67,4,10,VOTE Agent[13]
1,talk,68,4,9,REQUEST(Agent[02] DIVINATION Agent[13])
1,talk,69,4,7,Skip
1,talk,70,4,8,Skip
1,talk,71,4,11,VOTE Agent[01]
1,talk,72,4,12,VOTE Agent[03]
1,talk,73,4,6,REQUEST(Agent[02] DIVINATION Agent[13])
1,talk,74,4,15,Skip
1,talk,75,5,11,Over
1,talk,76,5,1,Over
1,talk,77,5,5,Skip
1,talk,78,5,14,VOTE Agent[05]
1,talk,79,5,13,VOTE Agent[02]
1,talk,80,5,4,Over
1,talk,81,5,2,Skip
1,talk,82,5,7,Skip
1,talk,83,5,12,VOTE Agent[01]
1,talk,84,5,8,VOTE Agent[13]
1,talk,85,5,15,Over
1,talk,86,5,10,REQUEST(VOTE Agent[13])
1,talk,87,5,3,Over
1,talk,88,5,6,VOTE Agent[13]
1,talk,89,5,9,VOTE Agent[13]
1,talk,90,6,6,Skip
1,talk,91,6,14,VOTE Agent[03]
1,talk,92,6,5,Skip
1,talk,93,6,11,VOTE Agent[04]
1,talk,94,6,7,Over
1,talk,95,6,2,Skip
1,talk,96,6,3,Over
1,talk,97,6,1,Over
1,talk,98,6,15,Over
1,talk,99,6,8,Skip
1,talk,100,6,12,Over
1,talk,101,6,10,Skip
1,talk,102,6,9,Skip
1,talk,103,6,4,Over
1,talk,104,6,13,ESTIMATE Agent[01] WEREWOLF
1,talk,105,7,11,VOTE Agent[08]
1,talk,106,7,4,Over
1,talk,107,7,1,Over
1,talk,108,7,9,Skip
1,talk,109,7,13,VOTE Agent[10]
1,talk,110,7,7,Over
1,talk,111,7,3,Over
1,talk,112,7,14,VOTE Agent[08]
1,talk,113,7,15,Over
1,talk,114,7,5,Over
1,talk,115,7,2,Over
1,talk,116,7,10,Skip
1,talk,117,7,6,Skip
1,talk,118,7,8,Skip
1,talk,119,7,12,Over
1,talk,120,8,6,Over
1,talk,121,8,11,Over
1,talk,122,8,9,Over
1,talk,123,8,10,Over
1,talk,124,8,14,VOTE Agent[03]
1,talk,125,8,1,Over
1,talk,126,8,2,Over
1,talk,127,8,13,ESTIMATE Agent[01] WEREWOLF
1,talk,128,8,8,VOTE Agent[13]
1,talk,129,8,5,Over
1,talk,130,8,15,Over
1,talk,131,8,4,Over
1,talk,132,8,12,Over
1,talk,133,8,3,VOTE Agent[08]
1,talk,134,8,7,Over
1,talk,135,9,4,Over
1,talk,136,9,1,Over
1,talk,137,9,3,Skip
1,talk,138,9,13,Over
1,talk,139,9,8,Skip
1,talk,140,9,12,Over
1,talk,141,9,9,Over
1,talk,142,9,5,Over
1,talk,143,9,6,Over
1,talk,144,9,10,Over
1,talk,145,9,11,Over
1,talk,146,9,14,VOTE Agent[11]
1,talk,147,9,15,Over
1,talk,148,9,7,Over
1,talk,149,9,2,Over
1,talk,150,10,4,Over
1,talk,151,10,5,Over
1,talk,152,10,2,Over
1,talk,153,10,3,Skip
1,talk,154,10,6,Over
1,talk,155,10,14,Over
1,talk,156,10,11,VOTE Agent[09]
1,talk,157,10,8,Skip
1,talk,158,10,15,Over
1,talk,159,10,7,Over
1,talk,160,10,9,Over
1,talk,161,10,10,Over
1,talk,162,10,1,Over
1,talk,163,10,13,Over
1,talk,164,10,12,Over
1,talk,165,11,4,Over
1,talk,166,11,7,Over
1,talk,167,11,15,Over
1,talk,168,11,10,Over
1,talk,169,11,9,Over
1,talk,170,11,1,Over
1,talk,171,11,3,Over
1,talk,172,11,14,Over
1,talk,173,11,2,Over
1,talk,174,11,13,Over
1,talk,175,11,8,VOTE Agent[13]
1,talk,176,11,11,Over
1,talk,177,11,6,Over
1,talk,178,11,12,Over
1,talk,179,11,5,Over
1,talk,180,12,5,Over
1,talk,181,12,1,Over
1,talk,182,12,14,Over
1,talk,183,12,2,Over
1,talk,184,12,15,Over
1,talk,185,12,3,Over
1,talk,186,12,8,Skip
1,talk,187,12,7,Over
1,talk,188,12,9,Over
1,talk,189,12,4,Over
1,talk,190,12,12,Over
1,talk,191,12,10,Over
1,talk,192,12,11,Over
1,talk,193,12,13,Over
1,talk,194,12,6,Over
1,talk,195,13,3,Over
1,talk,196,13,6,Over
1,talk,197,13,14,Over
1,talk,198,13,4,Over
1,talk,199,13,11,Over
1,talk,200,13,9,Over
1,talk,201,13,8,Skip
1,talk,202,13,5,Over
1,talk,203,13,15,Over
1,talk,204,13,1,Over
1,talk,205,13,2,Over
1,talk,206,13,7,Over
1,talk,207,13,12,Over
1,talk,208,13,10,Over
1,talk,209,13,13,Over
1,talk,210,14,8,VOTE Agent[13]
1,talk,211,14,12,Over
1,talk,212,14,4,Over
1,talk,213,14,6,Over
1,talk,214,14,10,Over
1,talk,215,14,15,Over
1,talk,216,14,14,Over
1,talk,217,14,2,Over
1,talk,218,14,9,Over
1,talk,219,14,13,Over
1,talk,220,14,11,Over
1,talk,221,14,1,Over
1,talk,222,14,5,Over
1,talk,223,14,3,Over
1,talk,224,14,7,Over
1,talk,225,15,10,Over
1,talk,226,15,4,Over
1,talk,227,15,6,Over
1,talk,228,15,1,Over
1,talk,229,15,7,Over
1,talk,230,15,3,Over
1,talk,231,15,11,ESTIMATE Agent[04] WEREWOLF
1,talk,232,15,8,Skip
1,talk,233,15,14,Over
1,talk,234,15,15,Over
1,talk,235,15,13,Over
1,talk,236,15,5,Over
1,talk,237,15,12,Over
1,talk,238,15,9,Over
1,talk,239,15,2,Over
1,talk,240,16,4,Over
1,talk,241,16,1,Over
1,talk,242,16,5,Over
1,talk,243,16,2,Over
1,talk,244,16,13,Over
1,talk,245,16,11,VOTE Agent[15]
1,talk,246,16,6,Over
1,talk,247,16,15,Over
1,talk,248,16,8,Skip
1,talk,249,16,3,Over
1,talk,250,16,10,Over
1,talk,251,16,12,Over
1,talk,252,16,9,Over
1,talk,253,16,14,Over
1,talk,254,16,7,Over
1,talk,255,17,7,Over
1,talk,256,17,3,VOTE Agent[15]
1,talk,257,17,6,Over
1,talk,258,17,12,VOTE Agent[15]
1,talk,259,17,5,Over
1,talk,260,17,1,Over
1,talk,261,17,8,VOTE Agent[13]
1,talk,262,17,4,Over
1,talk,263,17,9,Over
1,talk,264,17,10,Over
1,talk,265,17,13,Over
1,talk,266,17,14,VOTE Agent[10]
1,talk,267,17,15,Over
1,talk,268,17,11,Over
1,talk,269,17,2,Over
1,talk,270,18,4,Over
1,talk,271,18,13,Over
1,talk,272,18,9,Over
1,talk,273,18,15,Over
1,talk,274,18,7,Over
1,talk,275,18,3,Skip
1,talk,276,18,12,Over
1,talk,277,18,11,ESTIMATE Agent[13] WEREWOLF
1,talk,278,18,8,Skip
1,talk,279,18,5,Over
1,talk,280,18,14,VOTE Agent[03]
1,talk,281,18,10,Over
1,talk,282,18,1,Over
1,talk,283,18,6,Over
1,talk,284,18,2,Over
1,talk,285,19,14,Over
1,talk,286,19,7,Over
1,talk,287,19,12,Over
1,talk,288,19,3,Skip
1,talk,289,19,1,Over
1,talk,290,19,4,Over
1,talk,291,19,8,Skip
1,talk,292,19,2,Over
1,talk,293,19,5,Over
1,talk,294,19,15,Over
1,talk,295,19,10,Over
1,talk,296,19,13,Over
1,talk,297,19,11,VOTE Agent[14]
1,talk,298,19,6,Over
1,talk,299,19,9,Over
1,vote,1,3
1,vote,2,10
1,vote,3,15
1,vote,4,15
1,vote,5,13
1,vote,6,13
1,vote,7,13
1,vote,8,13
1,vote,9,13
1,vote,10,13
1,vote,11,14
1,vote,12,15
1,vote,13,10
1,vote,14,8
1,vote,15,14
1,execute,13,SEER
1,whisper,0,0,11,Over
1,whisper,1,0,3,ESTIMATE Agent[02] POSSESSED
1,whisper,2,0,10,ESTIMATE Agent[02] POSSESSED
1,whisper,3,1,10,ATTACK Agent[05]
1,whisper,4,1,3,ATTACK Agent[05]
1,whisper,5,1,11,ATTACK Agent[15]
1,whisper,6,2,3,COMINGOUT Agent[03] VILLAGER
1,whisper,7,2,10,REQUEST(ATTACK Agent[05])
1,whisper,8,2,11,Over
1,whisper,9,3,10,Skip
1,whisper,10,3,3,Skip
1,whisper,11,3,11,Over
1,whisper,12,4,3,Skip
1,whisper,13,4,11,ATTACK Agent[06]
1,whisper,14,4,10,Skip
1,whisper,15,5,3,Over
1,whisper,16,5,11,Over
1,whisper,17,5,10,Over
1,guard,8,1,VILLAGER
1,attackVote,3,5
1,attackVote,10,5
1,attackVote,11,6
1,attack,5,true
2,status,1,VILLAGER,ALIVE,carlo
2,status,2,POSSESSED,ALIVE,m_cre
2,status,3,WEREWOLF,ALIVE,cndl
2,status,4,MEDIUM,ALIVE,AITKN
2,status,5,VILLAGER,DEAD,aplain
2,status,6,VILLAGER,ALIVE,takkyubu
2,status,7,VILLAGER,ALIVE,kasuka
2,status,8,BODYGUARD,ALIVE,johnny
2,status,9,VILLAGER,ALIVE,hibagon
2,status,10,WEREWOLF,ALIVE,colun
2,status,11,WEREWOLF,ALIVE,wasabi
2,status,12,VILLAGER,ALIVE,Udon
2,status,13,SEER,DEAD,JuN1Ro
2,status,14,VILLAGER,ALIVE,cash
2,status,15,VILLAGER,ALIVE,daisyo
2,talk,0,0,12,VOTE Agent[01]
2,talk,1,0,14,VOTE Agent[03]
2,talk,2,0,4,Skip
2,talk,3,0,8,VOTE Agent[02]
2,talk,4,0,15,VOTE Agent[14]
2,talk,5,0,6,VOTE Agent[12]
2,talk,6,0,3,VOTE Agent[15]
2,talk,7,0,10,VOTE Agent[09]
2,talk,8,0,9,VOTE Agent[03]
2,talk,9,0,1,VOTE Agent[03]
2,talk,10,0,7,ESTIMATE Agent[10] WEREWOLF
2,talk,11,0,2,DIVINED Agent[07] WEREWOLF
2,talk,12,0,11,Skip
2,talk,13,1,15,VOTE Agent[12]
2,talk,14,1,8,VOTE Agent[02]
2,talk,15,1,4,Skip
2,talk,16,1,10,REQUEST(VOTE Agent[09])
2,talk,17,1,11,Skip
2,talk,18,1,12,VOTE Agent[07]
2,talk,19,1,2,VOTE Agent[10]
2,talk,20,1,1,Skip
2,talk,21,1,7,ESTIMATE Agent[12] WEREWOLF
2,talk,22,1,6,ESTIMATE Agent[07] WEREWOLF
2,talk,23,1,14,Skip
2,talk,24,1,9,ESTIMATE Agent[07] WEREWOLF
2,talk,25,1,3,VOTE Agent[12]
2,talk,26,2,3,Skip
2,talk,27,2,14,Skip
2,talk,28,2,4,Over
2,talk,29,2,9,REQUEST(Agent[02] DIVINATION Agent[07])
2,talk,30,2,15,Over
2,talk,31,2,1,Skip
2,talk,32,2,11,Over
2,talk,33,2,6,REQUEST(Agent[02] DIVINATION Agent[07])
2,talk,34,2,8,Skip
2,talk,35,2,10,Skip
2,talk,36,2,12,VOTE Agent[03]
2,talk,37,2,7,ESTIMATE Agent[04] WEREWOLF
2,talk,38,2,2,Skip
2,talk,39,3,3,Skip
2,talk,40,3,4,Over
2,talk,41,3,8,Skip
2,talk,42,3,7,VOTE Agent[02]
2,talk,43,3,15,Over
2,talk,44,3,14,Over
2,talk,45,3,6,VOTE Agent[07]
2,talk,46,3,9,VOTE Agent[07]
2,talk,47,3,11,VOTE Agent[07]
2,talk,48,3,1,Over
2,talk,49,3,10,Skip
2,talk,50,3,12,VOTE Agent[07]
2,talk,51,3,2,Skip
2,talk,52,4,9,Skip
2,talk,53,4,2,Over
2,talk,54,4,7,Skip
2,talk,55,4,10,Over
2,talk,56,4,1,Over
2,talk,57,4,14,Over
2,talk,58,4,3,VOTE Agent[07]
2,talk,59,4,11,Over
2,talk,60,4,4,Over
2,talk,61,4,8,VOTE Agent[02]
2,talk,62,4,15,VOTE Agent[01]
2,talk,63,4,12,Over
2,talk,64,4,6,Skip
2,talk,65,5,14,Over
2,talk,66,5,7,Skip
2,talk,67,5,10,Over
2,talk,68,5,9,Skip
2,talk,69,5,6,Skip
2,talk,70,5,3,Skip
2,talk,71,5,8,Skip
2,talk,72,5,11,ESTIMATE Agent[02] WEREWOLF
2,talk,73,5,1,Over
2,talk,74,5,4,Over
2,talk,75,5,15,Skip
2,talk,76,5,12,Over
2,talk,77,5,2,Over
2,talk,78,6,14,Over
2,talk,79,6,12,Over
2,talk,80,6,3,Skip
2,talk,81,6,6,Over
2,talk,82,6,9,Over
2,talk,83,6,7,Over
2,talk,84,6,11,ESTIMATE Agent[10] WEREWOLF
2,talk,85,6,1,Over
2,talk,86,6,8,Skip
2,talk,87,6,4,Over
2,talk,88,6,10,Over
2,talk,89,6,15,Skip
2,talk,90,6,2,Over
2,talk,91,7,14,Over
2,talk,92,7,11,Over
2,talk,93,7,12,Over
2,talk,94,7,8,VOTE Agent[02]
2,talk,95,7,7,Over
2,talk,96,7,9,Over
2,talk,97,7,10,Over
2,talk,98,7,1,Over
2,talk,99,7,3,Over
2,talk,100,7,2,Over
2,talk,101,7,15,ESTIMATE Agent[01] VILLAGER
2,talk,102,7,6,Over
2,talk,103,7,4,Over
2,talk,104,8,15,Skip
2,talk,105,8,7,Over
2,talk,106,8,11,Over
2,talk,107,8,2,Over
2,talk,108,8,9,Over
2,talk,109,8,1,Over
2,talk,110,8,10,Over
2,talk,111,8,4,Over
2,talk,112,8,3,Over
2,talk,113,8,6,Over
2,talk,114,8,8,Skip
2,talk,115,8,12,Over
2,talk,116,8,14,Over
2,talk,117,9,1,Over
2,talk,118,9,4,Over
2,talk,119,9,10,Over
2,talk,120,9,2,Over
2,talk,121,9,7,Over
2,talk,122,9,8,Skip
2,talk,123,9,12,Over
2,talk,124,9,3,Over
2,talk,125,9,6,Over
2,talk,126,9,14,Over
2,talk,127,9,9,Over
2,talk,128,9,15,Skip
2,talk,129,9,11,Over
2,talk,130,10,12,Over
2,talk,131,10,8,VOTE Agent[02]
2,talk,132,10,15,Over
2,talk,133,10,14,Over
2,talk,134,10,3,Over
2,talk,135,10,10,Over
2,talk,136,10,6,Over
2,talk,137,10,9,Over
2,talk,138,10,7,Over
2,talk,139,10,11,VOTE Agent[14]
2,talk,140,10,1,Over
2,talk,141,10,2,Over
2,talk,142,10,4,Over
2,talk,143,11,3,Over
2,talk,144,11,8,Skip
2,talk,145,11,11,VOTE Agent[01]
2,talk,146,11,6,Over
2,talk,147,11,2,Over
2,talk,148,11,12,Over
2,talk,149,11,15,Over
2,talk,150,11,4,Over
2,talk,151,11,9,Over
2,talk,152,11,10,Over
2,talk,153,11,1,Over
2,talk,154,11,7,Over
2,talk,155,11,14,Over
2,talk,156,12,2,Over
2,talk,157,12,4,Over
2,talk,158,12,9,Over
2,talk,159,12,7,Over
2,talk,160,12,14,Over
2,talk,161,12,10,Over
2,talk,162,12,15,Over
2,talk,163,12,6,Over
2,talk,164,12,3,Over
2,talk,165,12,8,Skip
2,talk,166,12,12,VOTE Agent[01]
2,talk,167,12,1,Over
2,talk,168,12,11,Over
2,talk,169,13,2,Over
2,talk,170,13,11,VOTE Agent[14]
2,talk,171,13,8,VOTE Agent[02]
2,talk,172,13,15,Over
2,talk,173,13,14,VOTE Agent[11]
2,talk,174,13,7,Over
2,talk,175,13,6,Over
2,talk,176,13,12,Over
2,talk,177,13,10,Over
2,talk,178,13,4,Over
2,talk,179,13,9,Over
2,talk,180,13,3,Over
2,talk,181,13,1,Over
2,talk,182,14,1,Over
2,talk,183,14,12,Over
2,talk,184,14,4,Over
2,talk,185,14,14,Over
2,talk,186,14,6,Over
2,talk,187,14,2,Over
2,talk,188,14,3,Over
2,talk,189,14,10,Over
2,talk,190,14,8,Skip
2,talk,191,14,11,Over
2,talk,192,14,7,Over
2,talk,193,14,15,Over
2,talk,194,14,9,Over
2,talk,195,15,9,Over
2,talk,196,15,1,Over
2,talk,197,15,8,Skip
2,talk,198,15,14,Over
2,talk,199,15,11,ESTIMATE Agent[01] VILLAGER
2,talk,200,15,6,Over
2,talk,201,15,3,Over
2,talk,202,15,2,Over
2,talk,203,15,7,Over
2,talk,204,15,10,Over
2,talk,205,15,15,Over
2,talk,206,15,4,Over
2,talk,207,15,12,Over
2,talk,208,16,7,Over
2,talk,209,16,11,Over
2,talk,210,16,14,Over
2,talk,211,16,2,Over
2,talk,212,16,6,Over
2,talk,213,16,1,Over
2,talk,214,16,10,Over
2,talk,215,16,3,Over
2,talk,216,16,8,VOTE Agent[02]
2,talk,217,16,12,Over
2,talk,218,16,15,Over
2,talk,219,16,4,Over
2,talk,220,16,9,Over
2,talk,221,17,10,Over
2,talk,222,17,9,Over
2,talk,223,17,7,Over
2,talk,224,17,8,Skip
2,talk,225,17,6,Over
2,talk,226,17,15,Over
2,talk,227,17,11,Over
2,talk,228,17,3,Over
2,talk,229,17,14,Over
2,talk,230,17,12,Over
2,talk,231,17,1,Over
2,talk,232,17,4,Over
2,talk,233,17,2,Over
2,talk,234,18,10,Over
2,talk,235,18,11,Over
2,talk,236,18,6,Over
2,talk,237,18,8,Skip
2,talk,238,18,12,Over
2,talk,239,18,9,Over
2,talk,240,18,14,Over
2,talk,241,18,4,Over
2,talk,242,18,7,Over
2,talk,243,18,2,Over
2,talk,244,18,1,Over
2,talk,245,18,15,Over
2,talk,246,18,3,Over
2,talk,247,19,10,Over
2,talk,248,19,3,Over
2,talk,249,19,1,Over
2,talk,250,19,6,Over
2,talk,251,19,15,Over
2,talk,252,19,7,Over
2,talk,253,19,9,Over
2,talk,254,19,11,VOTE Agent[09]
2,talk,255,19,14,Over
2,talk,256,19,8,VOTE Agent[02]
2,talk,257,19,2,Over
2,talk,258,19,12,Over
2,talk,259,19,4,Over
2,vote,1,3
2,vote,2,10
2,vote,3,7
2,vote,4,15
2,vote,6,7
2,vote,7,2
2,vote,8,2
2,vote,9,7
2,vote,10,9
2,vote,11,9
2,vote,12,1
2,vote,14,11
2,vote,15,1
2,execute,7,VILLAGER
2,whisper,0,0,3,ATTACK Agent[01]
2,whisper,1,0,10,ATTACK Agent[14]
2,whisper,2,0,11,Over
2,whisper,3,1,11,ATTACK Agent[06]
2,whisper,4,1,10,REQUEST(ATTACK Agent[14])
2,whisper,5,1,3,COMINGOUT Agent[03] VILLAGER
2,whisper,6,2,11,Over
2,whisper,7,2,3,Skip
2,whisper,8,2,10,Skip
2,whisper,9,3,11,Over
2,whisper,10,3,3,Skip
2,whisper,11,3,10,Skip
2,whisper,12,4,10,Over
2,whisper,13,4,3,Over
2,whisper,14,4,11,Over
2,guard,8,1,VILLAGER
2,attackVote,3,1
2,attackVote,10,14
2,attackVote,11,6
2,attackVote,3,1
2,attackVote,10,14
2,attackVote,11,6
2,attack,1,false
3,status,1,VILLAGER,ALIVE,carlo
3,status,2,POSSESSED,ALIVE,m_cre
3,status,3,WEREWOLF,ALIVE,cndl
3,status,4,MEDIUM,ALIVE,AITKN
3,status,5,VILLAGER,DEAD,aplain
3,status,6,VILLAGER,ALIVE,takkyubu
3,status,7,VILLAGER,DEAD,kasuka
3,status,8,BODYGUARD,ALIVE,johnny
3,status,9,VILLAGER,ALIVE,hibagon
3,status,10,WEREWOLF,ALIVE,colun
3,status,11,WEREWOLF,ALIVE,wasabi
3,status,12,VILLAGER,ALIVE,Udon
3,status,13,SEER,DEAD,JuN1Ro
3,status,14,VILLAGER,ALIVE,cash
3,status,15,VILLAGER,ALIVE,daisyo
3,talk,0,0,11,Skip
3,talk,1,0,15,VOTE Agent[01]
3,talk,2,0,14,VOTE Agent[03]
3,talk,3,0,9,VOTE Agent[10]
3,talk,4,0,12,VOTE Agent[02]
3,talk,5,0,3,VOTE Agent[09]
3,talk,6,0,10,VOTE Agent[15]
3,talk,7,0,1,VOTE Agent[03]
3,talk,8,0,8,VOTE Agent[02]
3,talk,9,0,6,VOTE Agent[04]
3,talk,10,0,2,DIVINED Agent[08] WEREWOLF
3,talk,11,0,4,VOTE Agent[12]
3,talk,12,1,12,VOTE Agent[08]
3,talk,13,1,15,ESTIMATE Agent[01] VILLAGER
3,talk,14,1,9,ESTIMATE Agent[08] WEREWOLF
3,talk,15,1,2,VOTE Agent[10]
3,talk,16,1,3,VOTE Agent[12]
3,talk,17,1,14,Skip
3,talk,18,1,1,VOTE Agent[08]
3,talk,19,1,11,Skip
3,talk,20,1,10,REQUEST(VOTE Agent[15])
3,talk,21,1,6,ESTIMATE Agent[08] WEREWOLF
3,talk,22,1,4,Skip
3,talk,23,1,8,Skip
3,talk,24,2,10,Skip
3,talk,25,2,4,Skip
3,talk,26,2,11,VOTE Agent[08]
3,talk,27,2,1,Skip
3,talk,28,2,9,REQUEST(Agent[02] DIVINATION Agent[08])
3,talk,29,2,8,Skip
3,talk,30,2,14,VOTE Agent[02]
3,talk,31,2,6,REQUEST(Agent[02] DIVINATION Agent[08])
3,talk,32,2,12,Over
3,talk,33,2,3,VOTE Agent[08]
3,talk,34,2,15,Over
3,talk,35,2,2,Skip
3,talk,36,3,9,VOTE Agent[08]
3,talk,37,3,10,Skip
3,talk,38,3,1,Skip
3,talk,39,3,2,Skip
3,talk,40,3,3,Skip
3,talk,41,3,4,Over
3,talk,42,3,15,ESTIMATE Agent[12] VILLAGER
3,talk,43,3,14,Skip
3,talk,44,3,6,VOTE Agent[08]
3,talk,45,3,12,Over
3,talk,46,3,11,Skip
3,talk,47,3,8,VOTE Agent[02]
3,talk,48,4,12,Over
3,talk,49,4,10,Over
3,talk,50,4,1,Over
3,talk,51,4,15,Skip
3,talk,52,4,9,Skip
3,talk,53,4,14,VOTE Agent[12]
3,talk,54,4,4,Over
3,talk,55,4,11,Over
3,talk,56,4,2,Over
3,talk,57,4,3,Skip
3,talk,58,4,8,Skip
3,talk,59,4,6,Skip
3,talk,60,5,9,Skip
3,talk,61,5,14,Skip
3,talk,62,5,10,Over
3,talk,63,5,3,Over
3,talk,64,5,4,Over
3,talk,65,5,1,Over
3,talk,66,5,15,Skip
3,talk,67,5,6,Skip
3,talk,68,5,8,Skip
3,talk,69,5,12,Over
3,talk,70,5,2,Over
3,talk,71,5,11,ESTIMATE Agent[10] WEREWOLF
3,talk,72,6,8,VOTE Agent[02]
3,talk,73,6,10,Over
3,talk,74,6,9,Over
3,talk,75,6,11,Over
3,talk,76,6,4,Over
3,talk,77,6,6,Over
3,talk,78,6,2,Over
3,talk,79,6,3,Over
3,talk,80,6,12,Over
3,talk,81,6,15,Over
3,talk,82,6,1,Over
3,talk,83,6,14,Skip
3,talk,84,7,14,Over
3,talk,85,7,3,Over
3,talk,86,7,12,Over
3,talk,87,7,11,Over
3,talk,88,7,15,Over
3,talk,89,7,10,Over
3,talk,90,7,2,Over
3,talk,91,7,6,Over
3,talk,92,7,9,Over
3,talk,93,7,8,Skip
3,talk,94,7,4,Over
3,talk,95,7,1,Over
3,talk,96,8,11,ESTIMATE Agent[03] VILLAGER
3,talk,97,8,3,Over
3,talk,98,8,4,Over
3,talk,99,8,8,Skip
3,talk,100,8,2,Over
3,talk,101,8,1,Over
3,talk,102,8,10,Over
3,talk,103,8,14,Over
3,talk,104,8,15,ESTIMATE Agent[14] VILLAGER
3,talk,105,8,9,Over
3,talk,106,8,6,Over
3,talk,107,8,12,Over
3,talk,108,9,14,VOTE Agent[02]
3,talk,109,9,10,Over
3,talk,110,9,2,Over
3,talk,111,9,1,Over
3,talk,112,9,15,Over
3,talk,113,9,9,Over
3,talk,114,9,12,Over
3,talk,115,9,3,Over
3,talk,116,9,6,Over
3,talk,117,9,11,Over
3,talk,118,9,8,VOTE Agent[02]
3,talk,119,9,4,Over
3,talk,120,10,6,Over
3,talk,121,10,4,Over
3,talk,122,10,1,Over
3,talk,123,10,12,Over
3,talk,124,10,3,Over
3,talk,125,10,14,Over
3,talk,126,10,15,Over
3,talk,127,10,8,Skip
3,talk,128,10,9,Over
3,talk,129,10,2,Over
3,talk,130,10,10,Over
3,talk,131,10,11,ESTIMATE Agent[04] WEREWOLF
3,talk,132,11,10,Over
3,talk,133,11,14,Over
3,talk,134,11,6,Over
3,talk,135,11,9,Over
3,talk,136,11,15,Over
3,talk,137,11,11,Over
3,talk,138,11,1,Over
3,talk,139,11,4,Over
3,talk,140,11,8,Skip
3,talk,141,11,2,Over
3,talk,142,11,12,Over
3,talk,143,11,3,Over
3,talk,144,12,12,Over
3,talk,145,12,9,Over
3,talk,146,12,3,Over
3,talk,147,12,11,ESTIMATE Agent[14] VILLAGER
3,talk,148,12,6,Over
3,talk,149,12,15,Over
3,talk,150,12,8,VOTE Agent[02]
3,talk,151,12,10,Over
3,talk,152,12,2,Over
3,talk,153,12,1,Over
3,talk,154,12,4,Over
3,talk,155,12,14,Over
3,talk,156,13,2,Over
3,talk,157,13,4,Over
3,talk,158,13,3,Over
3,talk,159,13,1,Over
3,talk,160,13,9,Over
3,talk,161,13,12,Over
3,talk,162,13,6,Over
3,talk,163,13,8,Skip
3,talk,164,13,15,Over
3,talk,165,13,11,Over
3,talk,166,13,10,Over
3,talk,167,13,14,Over
3,talk,168,14,8,Skip
3,talk,169,14,12,Over
3,talk,170,14,1,Over
3,talk,171,14,3,Over
3,talk,172,14,2,Over
3,talk,173,14,4,Over
3,talk,174,14,6,Over
3,talk,175,14,10,Over
3,talk,176,14,15,Over
3,talk,177,14,14,Over
3,talk,178,14,11,Over
3,talk,179,14,9,Over
3,talk,180,15,9,Over
3,talk,181,15,8,VOTE Agent[02]
3,talk,182,15,2,Over
3,talk,183,15,4,Over
3,talk,184,15,15,Over
3,talk,185,15,14,Over
3,talk,186,15,1,Over
3,talk,187,15,6,Over
3,talk,188,15,12,Over
3,talk,189,15,10,Over
3,talk,190,15,3,Over
3,talk,191,15,11,ESTIMATE Agent[02] WEREWOLF
3,talk,192,16,12,Over
3,talk,193,16,14,Over
3,talk,194,16,10,Over
3,talk,195,16,2,Over
3,talk,196,16,9,Over
3,talk,197,16,8,Skip
3,talk,198,16,1,Over
3,talk,199,16,3,Over
3,talk,200,16,6,Over
3,talk,201,16,11,ESTIMATE Agent[10] WEREWOLF
3,talk,202,16,15,Over
3,talk,203,16,4,Over
3,talk,204,17,8,Skip
3,talk,205,17,11,Over
3,talk,206,17,9,Over
3,talk,207,17,10,Over
3,talk,208,17,3,Over
3,talk,209,17,12,Over
3,talk,210,17,4,Over
3,talk,211,17,14,Over
3,talk,212,17,6,Over
3,talk,213,17,2,Over
3,talk,214,17,1,Over
3,talk,215,17,15,Over
3,talk,216,18,2,Over
3,talk,217,18,3,Over
3,talk,218,18,9,Over
3,talk,219,18,8,VOTE Agent[02]
3,talk,220,18,1,Over
3,talk,221,18,6,Over
3,talk,222,18,12,Over
3,talk,223,18,4,Over
3,talk,224,18,14,Over
3,talk,225,18,10,Over
3,talk,226,18,15,Over
3,talk,227,18,11,ESTIMATE Agent[02] WEREWOLF
3,talk,228,19,10,Over
3,talk,229,19,8,Skip
3,talk,230,19,15,Over
3,talk,231,19,14,Over
3,talk,232,19,3,Over
3,talk,233,19,6,Over
3,talk,234,19,12,Over
3,talk,235,19,11,Over
3,talk,236,19,1,Over
3,talk,237,19,2,Over
3,talk,238,19,9,Over
3,talk,239,19,4,Over
3,vote,1,8
3,vote,2,10
3,vote,3,8
3,vote,4,12
3,vote,6,8
3,vote,8,2
3,vote,9,8
3,vote,10,15
3,vote,11,8
3,vote,12,8
3,vote,14,2
3,vote,15,8
3,execute,8,BODYGUARD
3,whisper,0,0,10,ATTACK Agent[14]
3,whisper,1,0,11,Over
3,whisper,2,0,3,ATTACK Agent[01]
3,whisper,3,1,10,REQUEST(ATTACK Agent[14])
3,whisper,4,1,11,Over
3,whisper,5,1,3,COMINGOUT Agent[03] VILLAGER
3,whisper,6,2,11,Over
3,whisper,7,2,10,Skip
3,whisper,8,2,3,Skip
3,whisper,9,3,3,Skip
3,whisper,10,3,10,Skip
3,whisper,11,3,11,Over
3,whisper,12,4,10,Over
3,whisper,13,4,11,Over
3,whisper,14,4,3,Over
3,attackVote,3,1
3,attackVote,10,14
3,attackVote,11,4
3,attackVote,3,1
3,attackVote,10,14
3,attackVote,11,12
3,attack,14,true
4,status,1,VILLAGER,ALIVE,carlo
4,status,2,POSSESSED,ALIVE,m_cre
4,status,3,WEREWOLF,ALIVE,cndl
4,status,4,MEDIUM,ALIVE,AITKN
4,status,5,VILLAGER,DEAD,aplain
4,status,6,VILLAGER,ALIVE,takkyubu
4,status,7,VILLAGER,DEAD,kasuka
4,status,8,BODYGUARD,DEAD,johnny
4,status,9,VILLAGER,ALIVE,hibagon
4,status,10,WEREWOLF,ALIVE,colun
4,status,11,WEREWOLF,ALIVE,wasabi
4,status,12,VILLAGER,ALIVE,Udon
4,status,13,SEER,DEAD,JuN1Ro
4,status,14,VILLAGER,DEAD,cash
4,status,15,VILLAGER,ALIVE,daisyo
4,talk,0,0,1,VOTE Agent[03]
4,talk,1,0,3,VOTE Agent[02]
4,talk,2,0,9,VOTE Agent[04]
4,talk,3,0,6,VOTE Agent[15]
4,talk,4,0,15,VOTE Agent[01]
4,talk,5,0,2,VOTE Agent[10]
4,talk,6,0,12,VOTE Agent[02]
4,talk,7,0,11,Skip
4,talk,8,0,10,VOTE Agent[12]
4,talk,9,0,4,Skip
4,talk,10,1,1,Skip
4,talk,11,1,10,REQUEST(VOTE Agent[12])
4,talk,12,1,2,Skip
4,talk,13,1,6,Skip
4,talk,14,1,12,Over
4,talk,15,1,3,VOTE Agent[12]
4,talk,16,1,15,Skip
4,talk,17,1,4,Skip
4,talk,18,1,11,VOTE Agent[12]
4,talk,19,1,9,Skip
4,talk,20,2,6,Skip
4,talk,21,2,4,Over
4,talk,22,2,10,Skip
4,talk,23,2,9,Skip
4,talk,24,2,2,Skip
4,talk,25,2,11,ESTIMATE Agent[02] WEREWOLF
4,talk,26,2,15,ESTIMATE Agent[01] VILLAGER
4,talk,27,2,1,Skip
4,talk,28,2,12,Over
4,talk,29,2,3,Skip
4,talk,30,3,12,Over
4,talk,31,3,6,Over
4,talk,32,3,10,Skip
4,talk,33,3,1,Over
4,talk,34,3,11,Skip
4,talk,35,3,4,Over
4,talk,36,3,3,Skip
4,talk,37,3,2,Over
4,talk,38,3,15,ESTIMATE Agent[12] VILLAGER
4,talk,39,3,9,Over
4,talk,40,4,15,Skip
4,talk,41,4,11,ESTIMATE Agent[15] VILLAGER
4,talk,42,4,2,Over
4,talk,43,4,12,Over
4,talk,44,4,9,Over
4,talk,45,4,3,Over
4,talk,46,4,4,Over
4,talk,47,4,6,Over
4,talk,48,4,10,Over
4,talk,49,4,1,Over
4,talk,50,5,2,Over
4,talk,51,5,10,Over
4,talk,52,5,15,Skip
4,talk,53,5,9,Over
4,talk,54,5,11,Skip
4,talk,55,5,3,Over
4,talk,56,5,1,Over
4,talk,57,5,6,Over
4,talk,58,5,12,Over
4,talk,59,5,4,Over
4,talk,60,6,12,Over
4,talk,61,6,6,Over
4,talk,62,6,9,Over
4,talk,63,6,10,Over
4,talk,64,6,2,Over
4,talk,65,6,3,Over
4,talk,66,6,4,Over
4,talk,67,6,15,Over
4,talk,68,6,1,Over
4,talk,69,6,11,Over
4,vote,1,3
4,vote,2,10
4,vote,3,12
4,vote,4,12
4,vote,6,15
4,vote,9,4
4,vote,10,12
4,vote,11,12
4,vote,12,2
4,vote,15,1
4,execute,12,VILLAGER
4,whisper,0,0,10,ATTACK Agent[06]
4,whisper,1,0,11,ATTACK Agent[15]
4,whisper,2,0,3,ATTACK Agent[01]
4,whisper,3,1,10,REQUEST(ATTACK Agent[06])
4,whisper,4,1,3,COMINGOUT Agent[03] VILLAGER
4,whisper,5,1,11,Over
4,whisper,6,2,10,Skip
4,whisper,7,2,11,Over
4,whisper,8,2,3,Skip
4,whisper,9,3,3,Skip
4,whisper,10,3,11,Over
4,whisper,11,3,10,Skip
4,whisper,12,4,10,Over
4,whisper,13,4,3,Over
4,whisper,14,4,11,Over
4,attackVote,3,1
4,attackVote,10,6
4,attackVote,11,15
4,attackVote,3,1
4,attackVote,10,6
4,attackVote,11,1
4,attack,1,true
5,status,1,VILLAGER,DEAD,carlo
5,status,2,POSSESSED,ALIVE,m_cre
5,status,3,WEREWOLF,ALIVE,cndl
5,status,4,MEDIUM,ALIVE,AITKN
5,status,5,VILLAGER,DEAD,aplain
5,status,6,VILLAGER,ALIVE,takkyubu
5,status,7,VILLAGER,DEAD,kasuka
5,status,8,BODYGUARD,DEAD,johnny
5,status,9,VILLAGER,ALIVE,hibagon
5,status,10,WEREWOLF,ALIVE,colun
5,status,11,WEREWOLF,ALIVE,wasabi
5,status,12,VILLAGER,DEAD,Udon
5,status,13,SEER,DEAD,JuN1Ro
5,status,14,VILLAGER,DEAD,cash
5,status,15,VILLAGER,ALIVE,daisyo
5,talk,0,0,3,VOTE Agent[02]
5,talk,1,0,9,VOTE Agent[15]
5,talk,2,0,2,VOTE Agent[10]
5,talk,3,0,4,Skip
5,talk,4,0,6,VOTE Agent[03]
5,talk,5,0,10,VOTE Agent[09]
5,talk,6,0,15,VOTE Agent[04]
5,talk,7,0,11,VOTE Agent[03]
5,talk,8,1,4,Skip
5,talk,9,1,10,REQUEST(VOTE Agent[09])
5,talk,10,1,15,Over
5,talk,11,1,2,Skip
5,talk,12,1,9,Skip
5,talk,13,1,6,Skip
5,talk,14,1,11,Skip
5,talk,15,1,3,VOTE Agent[09]
5,talk,16,2,4,Over
5,talk,17,2,15,ESTIMATE Agent[03] VILLAGER
5,talk,18,2,10,Skip
5,talk,19,2,6,Skip
5,talk,20,2,3,Skip
5,talk,21,2,9,Skip
5,talk,22,2,11,Skip
5,talk,23,2,2,Skip
5,talk,24,3,10,Skip
5,talk,25,3,3,Skip
5,talk,26,3,6,Over
5,talk,27,3,15,Skip
5,talk,28,3,2,Over
5,talk,29,3,11,Over
5,talk,30,3,4,Over
5,talk,31,3,9,Over
5,talk,32,4,6,Over
5,talk,33,4,9,Over
5,talk,34,4,2,Over
5,talk,35,4,15,Over
5,talk,36,4,11,VOTE Agent[06]
5,talk,37,4,4,Over
5,talk,38,4,3,Over
5,talk,39,4,10,Over
5,talk,40,5,10,Over
5,talk,41,5,2,Over
5,talk,42,5,6,Over
5,talk,43,5,15,ESTIMATE Agent[04] VILLAGER
5,talk,44,5,4,Over
5,talk,45,5,3,Over
5,talk,46,5,9,Over
5,talk,47,5,11,VOTE Agent[09]
5,talk,48,6,4,Over
5,talk,49,6,9,Over
5,talk,50,6,15,Over
5,talk,51,6,6,Over
5,talk,52,6,3,Over
5,talk,53,6,2,Over
5,talk,54,6,10,Over
5,talk,55,6,11,Over
5,vote,2,10
5,vote,3,9
5,vote,4,2
5,vote,6,3
5,vote,9,15
5,vote,10,9
5,vote,11,9
5,vote,15,4
5,execute,9,VILLAGER
5,whisper,0,0,3,ATTACK Agent[02]
5,whisper,1,0,11,Over
5,whisper,2,0,10,ATTACK Agent[04]
5,whisper,3,1,3,COMINGOUT Agent[03] VILLAGER
5,whisper,4,1,11,ATTACK Agent[06]
5,whisper,5,1,10,REQUEST(ATTACK Agent[04])
5,whisper,6,2,3,Skip
5,whisper,7,2,11,Over
5,whisper,8,2,10,Skip
5,whisper,9,3,10,Skip
5,whisper,10,3,3,Skip
5,whisper,11,3,11,Over
5,whisper,12,4,3,Over
5,whisper,13,4,11,Over
5,whisper,14,4,10,Over
5,attackVote,3,2
5,attackVote,10,4
5,attackVote,11,6
5,attackVote,3,2
5,attackVote,10,4
5,attackVote,11,4
5,attack,4,true
6,status,1,VILLAGER,DEAD,carlo
6,status,2,POSSESSED,ALIVE,m_cre
6,status,3,WEREWOLF,ALIVE,cndl
6,status,4,MEDIUM,DEAD,AITKN
6,status,5,VILLAGER,DEAD,aplain
6,status,6,VILLAGER,ALIVE,takkyubu
6,status,7,VILLAGER,DEAD,kasuka
6,status,8,BODYGUARD,DEAD,johnny
6,status,9,VILLAGER,DEAD,hibagon
6,status,10,WEREWOLF,ALIVE,colun
6,status,11,WEREWOLF,ALIVE,wasabi
6,status,12,VILLAGER,DEAD,Udon
6,status,13,SEER,DEAD,JuN1Ro
6,status,14,VILLAGER,DEAD,cash
6,status,15,VILLAGER,ALIVE,daisyo
6,result,3,3,WEREWOLF
