0,status,1,VILLAGER,ALIVE,carlo
0,status,2,WEREWOLF,ALIVE,m_cre
0,status,3,VILLAGER,ALIVE,cndl
0,status,4,VILLAGER,ALIVE,AITKN
0,status,5,BODYGUARD,ALIVE,aplain
0,status,6,VILLAGER,ALIVE,takkyubu
0,status,7,VILLAGER,ALIVE,kasuka
0,status,8,VILLAGER,ALIVE,johnny
0,status,9,VILLAGER,ALIVE,hibagon
0,status,10,MEDIUM,ALIVE,colun
0,status,11,SEER,ALIVE,wasabi
0,status,12,WEREWOLF,ALIVE,Udon
0,status,13,VILLAGER,ALIVE,JuN1Ro
0,status,14,POSSESSED,ALIVE,cash
0,status,15,WEREWOLF,ALIVE,daisyo
0,whisper,0,0,15,ATTACK Agent[03]
0,whisper,1,0,2,COMINGOUT Agent[02] VILLAGER
0,whisper,2,0,12,Over
0,whisper,3,1,2,Over
0,whisper,4,1,15,Over
0,whisper,5,1,12,Over
0,divine,11,10,HUMAN
1,status,1,VILLAGER,ALIVE,carlo
1,status,2,WEREWOLF,ALIVE,m_cre
1,status,3,VILLAGER,ALIVE,cndl
1,status,4,VILLAGER,ALIVE,AITKN
1,status,5,BODYGUARD,ALIVE,aplain
1,status,6,VILLAGER,ALIVE,takkyubu
1,status,7,VILLAGER,ALIVE,kasuka
1,status,8,VILLAGER,ALIVE,johnny
1,status,9,VILLAGER,ALIVE,hibagon
1,status,10,MEDIUM,ALIVE,colun
1,status,11,SEER,ALIVE,wasabi
1,status,12,WEREWOLF,ALIVE,Udon
1,status,13,VILLAGER,ALIVE,JuN1Ro
1,status,14,POSSESSED,ALIVE,cash
1,status,15,WEREWOLF,ALIVE,daisyo
1,talk,0,0,6,VOTE Agent[08]
1,talk,1,0,9,VOTE Agent[08]
1,talk,2,0,14,COMINGOUT Agent[14] SEER
1,talk,3,0,11,COMINGOUT Agent[11] SEER
1,talk,4,0,7,ESTIMATE Agent[06] WEREWOLF
1,talk,5,0,8,VOTE Agent[01]
1,talk,6,0,4,VOTE Agent[06]
1,talk,7,0,5,VOTE Agent[08]
1,talk,8,0,13,VOTE Agent[04]
1,talk,9,0,12,VOTE Agent[04]
1,talk,10,0,2,VOTE Agent[08]
1,talk,11,0,3,VOTE Agent[02]
1,talk,12,0,15,VOTE Agent[01]
1,talk,13,0,10,VOTE Agent[11]
1,talk,14,0,1,VOTE Agent[02]
1,talk,15,1,10,Skip
1,talk,16,1,1,Skip
1,talk,17,1,4,VOTE Agent[08]
1,talk,18,1,2,VOTE Agent[14]
1,talk,19,1,3,VOTE Agent[15]
1,talk,20,1,6,Skip
1,talk,21,1,11,DIVINED Agent[10] HUMAN
1,talk,22,1,5,Skip
1,talk,23,1,15,VOTE Agent[13]
1,talk,24,1,9,Skip
1,talk,25,1,12,VOTE Agent[08]
1,talk,26,1,14,DIVINED Agent[05] HUMAN
1,talk,27,1,7,ESTIMATE Agent[10] WEREWOLF
1,talk,28,1,8,VOTE Agent[03]
1,talk,29,1,13,VOTE Agent[08]
1,talk,30,2,12,Over
1,talk,31,2,8,Skip
1,talk,32,2,2,Skip
1,talk,33,2,5,ESTIMATE Agent[11] SEER
1,talk,34,2,6,ESTIMATE Agent[14] SEER
1,talk,35,2,1,Skip
1,talk,36,2,3,Skip
1,talk,37,2,15,Skip
1,talk,38,2,11,VOTE Agent[08]
1,talk,39,2,14,VOTE Agent[05]
1,talk,40,2,13,Over
1,talk,41,2,7,ESTIMATE Agent[09] WEREWOLF
1,talk,42,2,4,Skip
1,talk,43,2,9,ESTIMATE Agent[14] SEER
1,talk,44,2,10,ESTIMATE Agent[11] SEER
1,talk,45,3,13,Over
1,talk,46,3,10,Skip
1,talk,47,3,4,Skip
1,talk,48,3,9,Skip
1,talk,49,3,14,Skip
1,talk,50,3,15,ESTIMATE Agent[03] VILLAGER
1,talk,51,3,7,VOTE Agent[12]
1,talk,52,3,1,Over
1,talk,53,3,11,Skip
1,talk,54,3,3,VOTE Agent[12]
1,talk,55,3,12,Over
1,talk,56,3,6,Skip
1,talk,57,3,5,Skip
1,talk,58,3,8,VOTE Agent[09]
1,talk,59,3,2,Skip
1,talk,60,4,8,Skip
1,talk,61,4,7,Skip
1,talk,62,4,5,Skip
1,talk,63,4,3,Skip
1,talk,64,4,15,Over
1,talk,65,4,9,Skip
1,talk,66,4,12,Over
1,talk,67,4,1,Over
1,talk,68,4,14,Skip
1,talk,69,4,2,Over
1,talk,70,4,13,ESTIMATE Agent[06] VILLAGER
1,talk,71,4,10,Skip
1,talk,72,4,6,Skip
1,talk,73,4,4,REQUEST(DIVINATION Agent[13])
1,talk,74,4,11,VOTE Agent[13]
1,talk,75,5,2,Over
1,talk,76,5,7,Skip
1,talk,77,5,8,Skip
1,talk,78,5,4,Skip
1,talk,79,5,14,Over
1,talk,80,5,3,Skip
1,talk,81,5,5,Over
1,talk,82,5,15,ESTIMATE Agent[12] VILLAGER
1,talk,83,5,11,Skip
1,talk,84,5,10,Over
1,talk,85,5,9,Over
1,talk,86,5,12,Over
1,talk,87,5,13,Over
1,talk,88,5,6,Over
1,talk,89,5,1,Over
1,talk,90,6,8,VOTE Agent[09]
1,talk,91,6,4,Skip
1,talk,92,6,6,Over
1,talk,93,6,1,Over
1,talk,94,6,2,Over
1,talk,95,6,14,Over
1,talk,96,6,11,VOTE Agent[09]
1,talk,97,6,7,Over
1,talk,98,6,9,Over
1,talk,99,6,3,Over
1,talk,100,6,15,ESTIMATE Agent[13] VILLAGER
1,talk,101,6,10,Over
1,talk,102,6,12,Over
1,talk,103,6,13,Over
1,talk,104,6,5,Over
1,talk,105,7,10,Over
1,talk,106,7,13,Over
1,talk,107,7,6,Over
1,talk,108,7,1,Over
1,talk,109,7,8,VOTE Agent[07]
1,talk,110,7,12,Over
1,talk,111,7,3,Over
1,talk,112,7,15,Skip
1,talk,113,7,2,Over
1,talk,114,7,9,Over
1,talk,115,7,14,Over
1,talk,116,7,11,VOTE Agent[05]
1,talk,117,7,7,Over
1,talk,118,7,4,Over
1,talk,119,7,5,Over
1,talk,120,8,4,Over
1,talk,121,8,8,Skip
1,talk,122,8,14,VOTE Agent[02]
1,talk,123,8,2,Over
1,talk,124,8,6,Over
1,talk,125,8,13,Over
1,talk,126,8,1,Over
1,talk,127,8,11,VOTE Agent[15]
1,talk,128,8,5,Over
1,talk,129,8,3,Over
1,talk,130,8,7,Over
1,talk,131,8,10,Over
1,talk,132,8,15,Over
1,talk,133,8,9,Over
1,talk,134,8,12,Over
1,talk,135,9,6,Over
1,talk,136,9,15,Over
1,talk,137,9,8,Skip
1,talk,138,9,9,Over
1,talk,139,9,2,Over
1,talk,140,9,5,Over
1,talk,141,9,3,Over
1,talk,142,9,13,Over
1,talk,143,9,12,Over
1,talk,144,9,4,Over
1,talk,145,9,11,ESTIMATE Agent[13] WEREWOLF
1,talk,146,9,14,VOTE Agent[05]
1,talk,147,9,10,Over
1,talk,148,9,1,Over
1,talk,149,9,7,Over
1,talk,150,10,10,Over
1,talk,151,10,7,Over
1,talk,152,10,8,VOTE Agent[07]
1,talk,153,10,3,Over
1,talk,154,10,11,Skip
1,talk,155,10,9,Over
1,talk,156,10,4,Over
1,talk,157,10,14,Over
1,talk,158,10,2,Over
1,talk,159,10,13,Over
1,talk,160,10,15,Over
1,talk,161,10,1,Over
1,talk,162,10,12,Over
1,talk,163,10,6,Over
1,talk,164,10,5,Over
1,talk,165,11,14,Over
1,talk,166,11,5,Over
1,talk,167,11,15,Over
1,talk,168,11,12,Over
1,talk,169,11,3,Over
1,talk,170,11,6,Over
1,talk,171,11,13,Over
1,talk,172,11,7,Over
1,talk,173,11,8,Skip
1,talk,174,11,9,Over
1,talk,175,11,1,Over
1,talk,176,11,11,VOTE Agent[12]
1,talk,177,11,4,Over
1,talk,178,11,2,Over
1,talk,179,11,10,Over
1,talk,180,12,11,VOTE Agent[08]
1,talk,181,12,14,Over
1,talk,182,12,7,Over
1,talk,183,12,5,Over
1,talk,184,12,4,Over
1,talk,185,12,1,Over
1,talk,186,12,8,Skip
1,talk,187,12,9,Over
1,talk,188,12,13,Over
1,talk,189,12,15,Over
1,talk,190,12,12,Over
1,talk,191,12,2,Over
1,talk,192,12,10,Over
1,talk,193,12,3,VOTE Agent[08]
1,talk,194,12,6,Over
1,talk,195,13,15,Over
1,talk,196,13,3,VOTE Agent[12]
1,talk,197,13,1,Over
1,talk,198,13,10,Over
1,talk,199,13,13,Over
1,talk,200,13,5,Over
1,talk,201,13,7,Over
1,talk,202,13,6,Over
1,talk,203,13,12,Over
1,talk,204,13,9,Over
1,talk,205,13,14,Over
1,talk,206,13,8,VOTE Agent[07]
1,talk,207,13,4,Over
1,talk,208,13,11,Over
1,talk,209,13,2,Over
1,talk,210,14,3,Skip
1,talk,211,14,12,Over
1,talk,212,14,1,Over
1,talk,213,14,8,Skip
1,talk,214,14,4,Over
1,talk,215,14,14,VOTE Agent[01]
1,talk,216,14,10,Over
1,talk,217,14,15,Over
1,talk,218,14,13,Over
1,talk,219,14,9,Over
1,talk,220,14,5,Over
1,talk,221,14,7,Over
1,talk,222,14,6,Over
1,talk,223,14,11,Over
1,talk,224,14,2,Over
1,talk,225,15,11,Over
1,talk,226,15,7,Over
1,talk,227,15,14,Over
1,talk,228,15,2,Over
1,talk,229,15,12,Over
1,talk,230,15,5,Over
1,talk,231,15,8,Skip
1,talk,232,15,6,Over
1,talk,233,15,15,Over
1,talk,234,15,3,VOTE Agent[08]
1,talk,235,15,9,Over
1,talk,236,15,4,Over
1,talk,237,15,10,Over
1,talk,238,15,13,Over
1,talk,239,15,1,Over
1,talk,240,16,3,VOTE Agent[12]
1,talk,241,16,4,Over
1,talk,242,16,2,Over
1,talk,243,16,7,VOTE Agent[03]
1,talk,244,16,6,Over
1,talk,245,16,8,VOTE Agent[07]
1,talk,246,16,14,VOTE Agent[05]
1,talk,247,16,15,Over
1,talk,248,16,12,Over
1,talk,249,16,10,Over
1,talk,250,16,11,Over
1,talk,251,16,9,Over
1,talk,252,16,5,Over
1,talk,253,16,13,Over
1,talk,254,16,1,Over
1,talk,255,17,4,Over
1,talk,256,17,12,Over
1,talk,257,17,1,Over
1,talk,258,17,13,Over
1,talk,259,17,2,Over
1,talk,260,17,5,Over
1,talk,261,17,15,Over
1,talk,262,17,8,Skip
1,talk,263,17,7,VOTE Agent[12]
1,talk,264,17,14,Over
1,talk,265,17,11,Over
1,talk,266,17,6,Over
1,talk,267,17,10,Over
1,talk,268,17,3,Skip
1,talk,269,17,9,Over
1,talk,270,18,10,Over
1,talk,271,18,15,Over
1,talk,272,18,8,Skip
1,talk,273,18,9,Over
1,talk,274,18,11,Over
1,talk,275,18,3,Skip
1,talk,276,18,6,Over
1,talk,277,18,1,Over
1,talk,278,18,5,Over
1,talk,279,18,13,Over
1,talk,280,18,4,Over
1,talk,281,18,7,Skip
1,talk,282,18,12,Over
1,talk,283,18,2,Over
1,talk,284,18,14,VOTE Agent[01]
1,talk,285,19,4,Over
1,talk,286,19,5,Over
1,talk,287,19,13,Over
1,talk,288,19,7,Skip
1,talk,289,19,15,Over
1,talk,290,19,8,VOTE Agent[07]
1,talk,291,19,2,Over
1,talk,292,19,1,Over
1,talk,293,19,3,Over
1,talk,294,19,6,Over
1,talk,295,19,11,Over
1,talk,296,19,9,Over
1,talk,297,19,10,Over
1,talk,298,19,14,Over
1,talk,299,19,12,Over
1,vote,1,2
1,vote,2,14
1,vote,3,12
1,vote,4,8
1,vote,5,8
1,vote,6,8
1,vote,7,12
1,vote,8,7
1,vote,9,8
1,vote,10,11
1,vote,11,8
1,vote,12,8
1,vote,13,8
1,vote,14,1
1,vote,15,13
1,execute,8,VILLAGER
1,divine,11,7,HUMAN
1,whisper,0,0,2,ATTACK Agent[10]
1,whisper,1,0,15,ATTACK Agent[03]
1,whisper,2,0,12,Over
1,whisper,3,1,12,Over
1,whisper,4,1,15,Over
1,whisper,5,1,2,Skip
1,whisper,6,2,15,Over
1,whisper,7,2,2,Skip
1,whisper,8,2,12,Over
1,whisper,9,3,2,Over
1,whisper,10,3,12,Over
1,whisper,11,3,15,Over
1,guard,5,11,SEER
1,attackVote,2,10
1,attackVote,12,14
1,attackVote,15,3
1,attackVote,2,10
1,attackVote,12,14
1,attackVote,15,3
1,attack,3,true
2,status,1,VILLAGER,ALIVE,carlo
2,status,2,WEREWOLF,ALIVE,m_cre
2,status,3,VILLAGER,DEAD,cndl
2,status,4,VILLAGER,ALIVE,AITKN
2,status,5,BODYGUARD,ALIVE,aplain
2,status,6,VILLAGER,ALIVE,takkyubu
2,status,7,VILLAGER,ALIVE,kasuka
2,status,8,VILLAGER,DEAD,johnny
2,status,9,VILLAGER,ALIVE,hibagon
2,status,10,MEDIUM,ALIVE,colun
2,status,11,SEER,ALIVE,wasabi
2,status,12,WEREWOLF,ALIVE,Udon
2,status,13,VILLAGER,ALIVE,JuN1Ro
2,status,14,POSSESSED,ALIVE,cash
2,status,15,WEREWOLF,ALIVE,daisyo
2,talk,0,0,1,VOTE Agent[02]
2,talk,1,0,9,VOTE Agent[07]
2,talk,2,0,7,ESTIMATE Agent[12] WEREWOLF
2,talk,3,0,5,VOTE Agent[10]
2,talk,4,0,10,VOTE Agent[04]
2,talk,5,0,4,VOTE Agent[11]
2,talk,6,0,6,VOTE Agent[02]
2,talk,7,0,11,DIVINED Agent[07] HUMAN
2,talk,8,0,15,VOTE Agent[13]
2,talk,9,0,12,VOTE Agent[07]
2,talk,10,0,13,VOTE Agent[04]
2,talk,11,0,14,DIVINED Agent[05] HUMAN
2,talk,12,0,2,VOTE Agent[14]
2,talk,13,1,6,Skip
2,talk,14,1,1,Skip
2,talk,15,1,5,Skip
2,talk,16,1,15,Skip
2,talk,17,1,13,Over
2,talk,18,1,10,Skip
2,talk,19,1,7,ESTIMATE Agent[02] WEREWOLF
2,talk,20,1,14,VOTE Agent[04]
2,talk,21,1,11,VOTE Agent[09]
2,talk,22,1,4,VOTE Agent[07]
2,talk,23,1,9,Skip
2,talk,24,1,2,VOTE Agent[11]
2,talk,25,1,12,Over
2,talk,26,2,5,Skip
2,talk,27,2,2,Skip
2,talk,28,2,7,ESTIMATE Agent[11] WEREWOLF
2,talk,29,2,15,Over
2,talk,30,2,6,Skip
2,talk,31,2,4,Skip
2,talk,32,2,10,Skip
2,talk,33,2,11,ESTIMATE Agent[04] VILLAGER
2,talk,34,2,14,VOTE Agent[02]
2,talk,35,2,9,Skip
2,talk,36,2,13,VOTE Agent[04]
2,talk,37,2,1,Skip
2,talk,38,2,12,Over
2,talk,39,3,9,Over
2,talk,40,3,13,VOTE Agent[07]
2,talk,41,3,14,Skip
2,talk,42,3,10,Over
2,talk,43,3,6,Over
2,talk,44,3,5,Over
2,talk,45,3,1,Over
2,talk,46,3,15,ESTIMATE Agent[12] VILLAGER
2,talk,47,3,12,Over
2,talk,48,3,4,Skip
2,talk,49,3,7,VOTE Agent[11]
2,talk,50,3,11,VOTE Agent[02]
2,talk,51,3,2,Skip
2,talk,52,4,6,Over
2,talk,53,4,12,Over
2,talk,54,4,1,Over
2,talk,55,4,9,Over
2,talk,56,4,10,Over
2,talk,57,4,13,VOTE Agent[07]
2,talk,58,4,14,VOTE Agent[04]
2,talk,59,4,7,Skip
2,talk,60,4,4,REQUEST(DIVINATION Agent[06])
2,talk,61,4,5,Over
2,talk,62,4,2,Over
2,talk,63,4,15,Skip
2,talk,64,4,11,VOTE Agent[06]
2,talk,65,5,5,Over
2,talk,66,5,1,Over
2,talk,67,5,12,Over
2,talk,68,5,4,Skip
2,talk,69,5,14,Skip
2,talk,70,5,11,VOTE Agent[13]
2,talk,71,5,2,Over
2,talk,72,5,7,Skip
2,talk,73,5,6,Over
2,talk,74,5,13,Over
2,talk,75,5,15,Skip
2,talk,76,5,10,Over
2,talk,77,5,9,Over
2,talk,78,6,5,Over
2,talk,79,6,13,ESTIMATE Agent[07] WEREWOLF
2,talk,80,6,4,Skip
2,talk,81,6,12,Over
2,talk,82,6,14,VOTE Agent[01]
2,talk,83,6,9,Over
2,talk,84,6,15,Over
2,talk,85,6,7,Over
2,talk,86,6,6,Over
2,talk,87,6,10,Over
2,talk,88,6,2,Over
2,talk,89,6,1,Over
2,talk,90,6,11,VOTE Agent[01]
2,talk,91,7,15,ESTIMATE Agent[01] VILLAGER
2,talk,92,7,7,Over
2,talk,93,7,13,Over
2,talk,94,7,11,VOTE Agent[02]
2,talk,95,7,2,Over
2,talk,96,7,12,Over
2,talk,97,7,1,Over
2,talk,98,7,4,Over
2,talk,99,7,5,Over
2,talk,100,7,10,Over
2,talk,101,7,6,Over
2,talk,102,7,14,VOTE Agent[04]
2,talk,103,7,9,Over
2,talk,104,8,6,Over
2,talk,105,8,9,Over
2,talk,106,8,2,Over
2,talk,107,8,15,VOTE Agent[01]
2,talk,108,8,11,VOTE Agent[06]
2,talk,109,8,1,Over
2,talk,110,8,13,Over
2,talk,111,8,14,Skip
2,talk,112,8,5,Over
2,talk,113,8,10,Over
2,talk,114,8,7,Over
2,talk,115,8,12,Over
2,talk,116,8,4,Over
2,talk,117,9,14,Skip
2,talk,118,9,9,Over
2,talk,119,9,10,Over
2,talk,120,9,13,Over
2,talk,121,9,7,Over
2,talk,122,9,4,Over
2,talk,123,9,6,Over
2,talk,124,9,2,Over
2,talk,125,9,1,Over
2,talk,126,9,11,VOTE Agent[09]
2,talk,127,9,15,ESTIMATE Agent[13] VILLAGER
2,talk,128,9,5,Over
2,talk,129,9,12,Over
2,talk,130,10,5,Over
2,talk,131,10,7,Over
2,talk,132,10,14,Over
2,talk,133,10,6,Over
2,talk,134,10,13,Over
2,talk,135,10,10,Over
2,talk,136,10,4,Over
2,talk,137,10,15,Over
2,talk,138,10,2,Over
2,talk,139,10,11,Over
2,talk,140,10,12,Over
2,talk,141,10,9,Over
2,talk,142,10,1,Over
2,vote,1,2
2,vote,2,11
2,vote,4,7
2,vote,5,10
2,vote,6,2
2,vote,7,11
2,vote,9,7
2,vote,10,4
2,vote,11,9
2,vote,12,7
2,vote,13,7
2,vote,14,4
2,vote,15,1
2,execute,7,VILLAGER
2,divine,11,1,HUMAN
2,whisper,0,0,12,Over
2,whisper,1,0,2,ATTACK Agent[05]
2,whisper,2,0,15,ATTACK Agent[14]
2,whisper,3,1,2,Skip
2,whisper,4,1,12,Over
2,whisper,5,1,15,Over
2,whisper,6,2,15,Over
2,whisper,7,2,2,Skip
2,whisper,8,2,12,Over
2,whisper,9,3,2,Over
2,whisper,10,3,12,Over
2,whisper,11,3,15,Over
2,guard,5,11,SEER
2,attackVote,2,5
2,attackVote,12,14
2,attackVote,15,14
2,attack,14,true
3,status,1,VILLAGER,ALIVE,carlo
3,status,2,WEREWOLF,ALIVE,m_cre
3,status,3,VILLAGER,DEAD,cndl
3,status,4,VILLAGER,ALIVE,AITKN
3,status,5,BODYGUARD,ALIVE,aplain
3,status,6,VILLAGER,ALIVE,takkyubu
3,status,7,VILLAGER,DEAD,kasuka
3,status,8,VILLAGER,DEAD,johnny
3,status,9,VILLAGER,ALIVE,hibagon
3,status,10,MEDIUM,ALIVE,colun
3,status,11,SEER,ALIVE,wasabi
3,status,12,WEREWOLF,ALIVE,Udon
3,status,13,VILLAGER,ALIVE,JuN1Ro
3,status,14,POSSESSED,DEAD,cash
3,status,15,WEREWOLF,ALIVE,daisyo
3,talk,0,0,15,VOTE Agent[01]
3,talk,1,0,13,VOTE Agent[15]
3,talk,2,0,2,VOTE Agent[11]
3,talk,3,0,6,AGREE TALK day1 ID:33
3,talk,4,0,5,VOTE Agent[01]
3,talk,5,0,1,VOTE Agent[02]
3,talk,6,0,9,AGREE TALK day1 ID:33
3,talk,7,0,10,COMINGOUT Agent[10] MEDIUM
3,talk,8,0,12,VOTE Agent[04]
3,talk,9,0,11,DIVINED Agent[01] HUMAN
3,talk,10,0,4,VOTE Agent[13]
3,talk,11,1,6,AGREE TALK day1 ID:44
3,talk,12,1,11,VOTE Agent[09]
3,talk,13,1,9,AGREE TALK day1 ID:44
3,talk,14,1,1,Skip
3,talk,15,1,2,Skip
3,talk,16,1,13,Over
3,talk,17,1,5,Skip
3,talk,18,1,15,Over
3,talk,19,1,12,Over
3,talk,20,1,4,VOTE Agent[01]
3,talk,21,1,10,IDENTIFIED Agent[08] HUMAN
3,talk,22,2,1,VOTE Agent[04]
3,talk,23,2,11,VOTE Agent[13]
3,talk,24,2,6,DISAGREE TALK day2 ID:28
3,talk,25,2,10,IDENTIFIED Agent[07] HUMAN
3,talk,26,2,2,Skip
3,talk,27,2,9,DISAGREE TALK day2 ID:28
3,talk,28,2,13,Over
3,talk,29,2,5,Skip
3,talk,30,2,15,Skip
3,talk,31,2,4,Skip
3,talk,32,2,12,Over
3,talk,33,3,1,Skip
3,talk,34,3,15,ESTIMATE Agent[12] VILLAGER
3,talk,35,3,10,VOTE Agent[09]
3,talk,36,3,9,ESTIMATE Agent[11] SEER
3,talk,37,3,4,Skip
3,talk,38,3,13,ESTIMATE Agent[15] WEREWOLF
3,talk,39,3,5,Over
3,talk,40,3,11,VOTE Agent[09]
3,talk,41,3,2,Over
3,talk,42,3,6,ESTIMATE Agent[11] SEER
3,talk,43,3,12,Over
3,talk,44,4,15,ESTIMATE Agent[01] VILLAGER
3,talk,45,4,1,Skip
3,talk,46,4,9,VOTE Agent[10]
3,talk,47,4,4,VOTE Agent[09]
3,talk,48,4,12,Over
3,talk,49,4,6,VOTE Agent[01]
3,talk,50,4,5,Over
3,talk,51,4,2,Over
3,talk,52,4,13,Over
3,talk,53,4,11,VOTE Agent[13]
3,talk,54,4,10,Skip
3,talk,55,5,11,Skip
3,talk,56,5,9,Skip
3,talk,57,5,12,Over
3,talk,58,5,13,ESTIMATE Agent[15] VILLAGER
3,talk,59,5,2,Over
3,talk,60,5,10,Skip
3,talk,61,5,15,Skip
3,talk,62,5,5,Over
3,talk,63,5,4,REQUEST(DIVINATION Agent[13])
3,talk,64,5,6,Skip
3,talk,65,5,1,Over
3,talk,66,6,12,Over
3,talk,67,6,13,Over
3,talk,68,6,15,Over
3,talk,69,6,1,Over
3,talk,70,6,9,Skip
3,talk,71,6,4,Skip
3,talk,72,6,6,Skip
3,talk,73,6,10,Over
3,talk,74,6,11,Skip
3,talk,75,6,5,Over
3,talk,76,6,2,Over
3,talk,77,7,9,Over
3,talk,78,7,6,Over
3,talk,79,7,15,ESTIMATE Agent[02] VILLAGER
3,talk,80,7,2,Over
3,talk,81,7,5,Over
3,talk,82,7,4,Skip
3,talk,83,7,1,Over
3,talk,84,7,11,Over
3,talk,85,7,13,Over
3,talk,86,7,12,Over
3,talk,87,7,10,Over
3,talk,88,8,15,Skip
3,talk,89,8,10,Over
3,talk,90,8,2,Over
3,talk,91,8,6,Over
3,talk,92,8,12,Over
3,talk,93,8,5,Over
3,talk,94,8,1,Over
3,talk,95,8,9,Over
3,talk,96,8,13,Over
3,talk,97,8,11,VOTE Agent[15]
3,talk,98,8,4,Over
3,talk,99,9,1,Over
3,talk,100,9,15,Over
3,talk,101,9,5,Over
3,talk,102,9,13,ESTIMATE Agent[15] WEREWOLF
3,talk,103,9,2,Over
3,talk,104,9,6,Over
3,talk,105,9,4,Over
3,talk,106,9,10,Over
3,talk,107,9,11,VOTE Agent[09]
3,talk,108,9,9,Over
3,talk,109,9,12,Over
3,talk,110,10,1,Over
3,talk,111,10,15,Over
3,talk,112,10,10,Over
3,talk,113,10,9,Over
3,talk,114,10,2,Over
3,talk,115,10,5,Over
3,talk,116,10,13,Over
3,talk,117,10,11,VOTE Agent[06]
3,talk,118,10,4,Over
3,talk,119,10,6,Over
3,talk,120,10,12,Over
3,talk,121,11,15,Over
3,talk,122,11,6,Over
3,talk,123,11,9,Over
3,talk,124,11,13,Over
3,talk,125,11,1,Over
3,talk,126,11,11,VOTE Agent[13]
3,talk,127,11,4,Over
3,talk,128,11,2,Over
3,talk,129,11,5,Over
3,talk,130,11,12,Over
3,talk,131,11,10,Over
3,talk,132,12,9,Over
3,talk,133,12,11,VOTE Agent[06]
3,talk,134,12,5,Over
3,talk,135,12,13,Over
3,talk,136,12,6,Over
3,talk,137,12,1,Over
3,talk,138,12,12,Over
3,talk,139,12,15,Over
3,talk,140,12,2,Over
3,talk,141,12,10,Over
3,talk,142,12,4,Over
3,talk,143,13,11,Over
3,talk,144,13,6,Over
3,talk,145,13,10,Over
3,talk,146,13,2,Over
3,talk,147,13,15,Over
3,talk,148,13,1,Over
3,talk,149,13,12,Over
3,talk,150,13,4,Over
3,talk,151,13,9,Over
3,talk,152,13,5,Over
3,talk,153,13,13,Over
3,vote,1,4
3,vote,2,11
3,vote,4,9
3,vote,5,1
3,vote,6,1
3,vote,9,10
3,vote,10,9
3,vote,11,6
3,vote,12,4
3,vote,13,15
3,vote,15,1
3,execute,1,VILLAGER
3,divine,11,13,HUMAN
3,whisper,0,0,12,Over
3,whisper,1,0,15,ATTACK Agent[11]
3,whisper,2,0,2,ATTACK Agent[10]
3,whisper,3,1,2,Skip
3,whisper,4,1,12,Over
3,whisper,5,1,15,Over
3,whisper,6,2,15,Over
3,whisper,7,2,2,Skip
3,whisper,8,2,12,Over
3,whisper,9,3,12,Over
3,whisper,10,3,2,Over
3,whisper,11,3,15,Over
3,guard,5,11,SEER
3,attackVote,2,10
3,attackVote,12,10
3,attackVote,15,11
3,attack,10,true
4,status,1,VILLAGER,DEAD,carlo
4,status,2,WEREWOLF,ALIVE,m_cre
4,status,3,VILLAGER,DEAD,cndl
4,status,4,VILLAGER,ALIVE,AITKN
4,status,5,BODYGUARD,ALIVE,aplain
4,status,6,VILLAGER,ALIVE,takkyubu
4,status,7,VILLAGER,DEAD,kasuka
4,status,8,VILLAGER,DEAD,johnny
4,status,9,VILLAGER,ALIVE,hibagon
4,status,10,MEDIUM,DEAD,colun
4,status,11,SEER,ALIVE,wasabi
4,status,12,WEREWOLF,ALIVE,Udon
4,status,13,VILLAGER,ALIVE,JuN1Ro
4,status,14,POSSESSED,DEAD,cash
4,status,15,WEREWOLF,ALIVE,daisyo
4,talk,0,0,4,Skip
4,talk,1,0,13,VOTE Agent[15]
4,talk,2,0,2,VOTE Agent[11]
4,talk,3,0,11,DIVINED Agent[13] HUMAN
4,talk,4,0,9,VOTE Agent[06]
4,talk,5,0,12,VOTE Agent[04]
4,talk,6,0,5,VOTE Agent[15]
4,talk,7,0,15,VOTE Agent[13]
4,talk,8,0,6,VOTE Agent[13]
4,talk,9,1,6,Skip
4,talk,10,1,4,VOTE Agent[15]
4,talk,11,1,13,ESTIMATE Agent[15] VILLAGER
4,talk,12,1,11,VOTE Agent[04]
4,talk,13,1,12,Over
4,talk,14,1,5,Skip
4,talk,15,1,15,Over
4,talk,16,1,2,Skip
4,talk,17,1,9,Skip
4,talk,18,2,2,Skip
4,talk,19,2,4,Skip
4,talk,20,2,9,Skip
4,talk,21,2,11,ESTIMATE Agent[13] VILLAGER
4,talk,22,2,6,Skip
4,talk,23,2,12,Over
4,talk,24,2,13,ESTIMATE Agent[15] WEREWOLF
4,talk,25,2,15,ESTIMATE Agent[12] VILLAGER
4,talk,26,2,5,Skip
4,talk,27,3,2,Over
4,talk,28,3,4,Skip
4,talk,29,3,5,Over
4,talk,30,3,13,ESTIMATE Agent[15] WEREWOLF
4,talk,31,3,9,Over
4,talk,32,3,15,Over
4,talk,33,3,11,VOTE Agent[05]
4,talk,34,3,12,Over
4,talk,35,3,6,Over
4,talk,36,4,9,Over
4,talk,37,4,6,Over
4,talk,38,4,13,ESTIMATE Agent[15] WEREWOLF
4,talk,39,4,4,REQUEST(DIVINATION Agent[06])
4,talk,40,4,2,Over
4,talk,41,4,5,Over
4,talk,42,4,15,Skip
4,talk,43,4,12,Over
4,talk,44,4,11,VOTE Agent[15]
4,talk,45,5,11,ESTIMATE Agent[13] VILLAGER
4,talk,46,5,13,ESTIMATE Agent[15] WEREWOLF
4,talk,47,5,4,Skip
4,talk,48,5,6,Over
4,talk,49,5,12,Over
4,talk,50,5,5,Over
4,talk,51,5,2,Over
4,talk,52,5,9,Over
4,talk,53,5,15,VOTE Agent[12]
4,talk,54,6,11,ESTIMATE Agent[12] WEREWOLF
4,talk,55,6,13,VOTE Agent[05]
4,talk,56,6,9,Over
4,talk,57,6,12,Over
4,talk,58,6,15,Over
4,talk,59,6,5,Over
4,talk,60,6,2,Over
4,talk,61,6,4,Skip
4,talk,62,6,6,Over
4,talk,63,7,6,Over
4,talk,64,7,5,Over
4,talk,65,7,15,ESTIMATE Agent[02] VILLAGER
4,talk,66,7,13,VOTE Agent[15]
4,talk,67,7,2,Over
4,talk,68,7,9,Over
4,talk,69,7,11,ESTIMATE Agent[13] VILLAGER
4,talk,70,7,12,Over
4,talk,71,7,4,Over
4,talk,72,8,13,Over
4,talk,73,8,9,Over
4,talk,74,8,5,Over
4,talk,75,8,4,Over
4,talk,76,8,12,Over
4,talk,77,8,6,Over
4,talk,78,8,2,Over
4,talk,79,8,11,ESTIMATE Agent[12] WEREWOLF
4,talk,80,8,15,ESTIMATE Agent[13] VILLAGER
4,talk,81,9,4,Over
4,talk,82,9,11,Skip
4,talk,83,9,9,Over
4,talk,84,9,13,VOTE Agent[05]
4,talk,85,9,5,Over
4,talk,86,9,12,Over
4,talk,87,9,2,Over
4,talk,88,9,15,Skip
4,talk,89,9,6,Over
4,talk,90,10,4,Over
4,talk,91,10,11,VOTE Agent[05]
4,talk,92,10,15,Over
4,talk,93,10,12,Over
4,talk,94,10,5,Over
4,talk,95,10,2,Over
4,talk,96,10,13,VOTE Agent[15]
4,talk,97,10,9,Over
4,talk,98,10,6,Over
4,talk,99,11,6,Over
4,talk,100,11,4,Over
4,talk,101,11,9,Over
4,talk,102,11,5,Over
4,talk,103,11,12,Over
4,talk,104,11,2,Over
4,talk,105,11,15,Over
4,talk,106,11,13,Over
4,talk,107,11,11,Over
4,vote,2,11
4,vote,4,15
4,vote,5,15
4,vote,6,13
4,vote,9,6
4,vote,11,5
4,vote,12,4
4,vote,13,15
4,vote,15,12
4,execute,15,WEREWOLF
4,divine,11,2,WEREWOLF
4,whisper,0,0,2,ATTACK Agent[05]
4,whisper,1,0,12,Over
4,whisper,2,1,12,Over
4,whisper,3,1,2,Skip
4,whisper,4,2,12,Over
4,whisper,5,2,2,Skip
4,whisper,6,3,2,Over
4,whisper,7,3,12,Over
4,guard,5,11,SEER
4,attackVote,2,5
4,attackVote,12,5
4,attack,5,true
5,status,1,VILLAGER,DEAD,carlo
5,status,2,WEREWOLF,ALIVE,m_cre
5,status,3,VILLAGER,DEAD,cndl
5,status,4,VILLAGER,ALIVE,AITKN
5,status,5,BODYGUARD,DEAD,aplain
5,status,6,VILLAGER,ALIVE,takkyubu
5,status,7,VILLAGER,DEAD,kasuka
5,status,8,VILLAGER,DEAD,johnny
5,status,9,VILLAGER,ALIVE,hibagon
5,status,10,MEDIUM,DEAD,colun
5,status,11,SEER,ALIVE,wasabi
5,status,12,WEREWOLF,ALIVE,Udon
5,status,13,VILLAGER,ALIVE,JuN1Ro
5,status,14,POSSESSED,DEAD,cash
5,status,15,WEREWOLF,DEAD,daisyo
5,talk,0,0,9,VOTE Agent[12]
5,talk,1,0,11,DIVINED Agent[02] WEREWOLF
5,talk,2,0,2,VOTE Agent[11]
5,talk,3,0,12,VOTE Agent[13]
5,talk,4,0,6,VOTE Agent[09]
5,talk,5,0,4,VOTE Agent[06]
5,talk,6,0,13,VOTE Agent[06]
5,talk,7,1,11,VOTE Agent[02]
5,talk,8,1,2,Skip
5,talk,9,1,4,VOTE Agent[11]
5,talk,10,1,13,Over
5,talk,11,1,9,AGREE TALK day2 ID:19
5,talk,12,1,6,AGREE TALK day2 ID:19
5,talk,13,1,12,Over
5,talk,14,2,13,VOTE Agent[04]
5,talk,15,2,6,DISAGREE TALK day3 ID:79
5,talk,16,2,4,Skip
5,talk,17,2,2,Skip
5,talk,18,2,9,DISAGREE TALK day3 ID:79
5,talk,19,2,11,Skip
5,talk,20,2,12,Over
5,talk,21,3,2,Over
5,talk,22,3,6,DISAGREE TALK day4 ID:65
5,talk,23,3,9,DISAGREE TALK day4 ID:65
5,talk,24,3,12,Over
5,talk,25,3,13,Over
5,talk,26,3,4,Skip
5,talk,27,3,11,ESTIMATE Agent[06] VILLAGER
5,talk,28,4,6,ESTIMATE Agent[02] WEREWOLF
5,talk,29,4,12,Over
5,talk,30,4,9,ESTIMATE Agent[02] WEREWOLF
5,talk,31,4,11,ESTIMATE Agent[02] WEREWOLF
5,talk,32,4,4,REQUEST(DIVINATION Agent[06])
5,talk,33,4,2,Over
5,talk,34,4,13,VOTE Agent[06]
5,talk,35,5,2,Over
5,talk,36,5,13,Over
5,talk,37,5,11,ESTIMATE Agent[13] VILLAGER
5,talk,38,5,12,Over
5,talk,39,5,6,REQUEST(Agent[11] DIVINATION Agent[02])
5,talk,40,5,4,Skip
5,talk,41,5,9,REQUEST(Agent[11] DIVINATION Agent[02])
5,talk,42,6,11,Skip
5,talk,43,6,6,VOTE Agent[02]
5,talk,44,6,13,VOTE Agent[12]
5,talk,45,6,12,Over
5,talk,46,6,9,VOTE Agent[02]
5,talk,47,6,2,Over
5,talk,48,6,4,Skip
5,talk,49,7,9,Skip
5,talk,50,7,13,ESTIMATE Agent[12] WEREWOLF
5,talk,51,7,6,Skip
5,talk,52,7,11,ESTIMATE Agent[02] WEREWOLF
5,talk,53,7,4,VOTE Agent[02]
5,talk,54,7,2,Over
5,talk,55,7,12,Over
5,talk,56,8,2,Over
5,talk,57,8,9,Skip
5,talk,58,8,4,Skip
5,talk,59,8,12,Over
5,talk,60,8,11,ESTIMATE Agent[12] VILLAGER
5,talk,61,8,6,Skip
5,talk,62,8,13,VOTE Agent[04]
5,talk,63,9,4,Skip
5,talk,64,9,9,Over
5,talk,65,9,2,Over
5,talk,66,9,13,Over
5,talk,67,9,6,Over
5,talk,68,9,11,ESTIMATE Agent[02] WEREWOLF
5,talk,69,9,12,Over
5,talk,70,10,12,Over
5,talk,71,10,9,Over
5,talk,72,10,13,Over
5,talk,73,10,4,Over
5,talk,74,10,2,Over
5,talk,75,10,11,ESTIMATE Agent[12] VILLAGER
5,talk,76,10,6,Over
5,talk,77,11,12,Over
5,talk,78,11,11,ESTIMATE Agent[04] VILLAGER
5,talk,79,11,2,Over
5,talk,80,11,4,Over
5,talk,81,11,9,Over
5,talk,82,11,6,Over
5,talk,83,11,13,Over
5,talk,84,12,2,Over
5,talk,85,12,12,Over
5,talk,86,12,4,Over
5,talk,87,12,6,Over
5,talk,88,12,9,Over
5,talk,89,12,13,Over
5,talk,90,12,11,Over
5,vote,2,11
5,vote,4,2
5,vote,6,2
5,vote,9,2
5,vote,11,2
5,vote,12,13
5,vote,13,4
5,execute,2,WEREWOLF
5,divine,11,9,HUMAN
5,attackVote,12,6
5,attack,6,true
6,status,1,VILLAGER,DEAD,carlo
6,status,2,WEREWOLF,DEAD,m_cre
6,status,3,VILLAGER,DEAD,cndl
6,status,4,VILLAGER,ALIVE,AITKN
6,status,5,BODYGUARD,DEAD,aplain
6,status,6,VILLAGER,DEAD,takkyubu
6,status,7,VILLAGER,DEAD,kasuka
6,status,8,VILLAGER,DEAD,johnny
6,status,9,VILLAGER,ALIVE,hibagon
6,status,10,MEDIUM,DEAD,colun
6,status,11,SEER,ALIVE,wasabi
6,status,12,WEREWOLF,ALIVE,Udon
6,status,13,VILLAGER,ALIVE,JuN1Ro
6,status,14,POSSESSED,DEAD,cash
6,status,15,WEREWOLF,DEAD,daisyo
6,talk,0,0,11,DIVINED Agent[09] HUMAN
6,talk,1,0,13,VOTE Agent[04]
6,talk,2,0,12,VOTE Agent[11]
6,talk,3,0,9,VOTE Agent[13]
6,talk,4,0,4,VOTE Agent[09]
6,talk,5,1,12,Over
6,talk,6,1,9,Skip
6,talk,7,1,11,VOTE Agent[04]
6,talk,8,1,4,VOTE Agent[11]
6,talk,9,1,13,VOTE Agent[12]
6,talk,10,2,12,Over
6,talk,11,2,13,ESTIMATE Agent[12] VILLAGER
6,talk,12,2,4,Skip
6,talk,13,2,9,Skip
6,talk,14,2,11,ESTIMATE Agent[12] WEREWOLF
6,talk,15,3,4,Skip
6,talk,16,3,12,Over
6,talk,17,3,11,Skip
6,talk,18,3,9,Over
6,talk,19,3,13,Over
6,talk,20,4,12,Over
6,talk,21,4,13,VOTE Agent[04]
6,talk,22,4,4,REQUEST(DIVINATION Agent[12])
6,talk,23,4,11,VOTE Agent[12]
6,talk,24,4,9,Over
6,talk,25,5,9,Over
6,talk,26,5,11,ESTIMATE Agent[09] VILLAGER
6,talk,27,5,12,Over
6,talk,28,5,13,VOTE Agent[12]
6,talk,29,5,4,Skip
6,talk,30,6,9,Over
6,talk,31,6,4,Skip
6,talk,32,6,13,Over
6,talk,33,6,12,Over
6,talk,34,6,11,ESTIMATE Agent[09] VILLAGER
6,talk,35,7,4,Over
6,talk,36,7,11,Skip
6,talk,37,7,12,Over
6,talk,38,7,9,Over
6,talk,39,7,13,VOTE Agent[09]
6,talk,40,8,11,ESTIMATE Agent[04] WEREWOLF
6,talk,41,8,4,Over
6,talk,42,8,12,Over
6,talk,43,8,9,Over
6,talk,44,8,13,ESTIMATE Agent[09] WEREWOLF
6,talk,45,9,12,Over
6,talk,46,9,13,ESTIMATE Agent[09] WEREWOLF
6,talk,47,9,9,Over
6,talk,48,9,11,ESTIMATE Agent[12] WEREWOLF
6,talk,49,9,4,Over
6,talk,50,10,12,Over
6,talk,51,10,4,Over
6,talk,52,10,13,VOTE Agent[12]
6,talk,53,10,11,VOTE Agent[04]
6,talk,54,10,9,Over
6,talk,55,11,12,Over
6,talk,56,11,13,Over
6,talk,57,11,9,Over
6,talk,58,11,11,Skip
6,talk,59,11,4,Over
6,talk,60,12,4,Over
6,talk,61,12,12,Over
6,talk,62,12,11,VOTE Agent[12]
6,talk,63,12,13,Over
6,talk,64,12,9,Over
6,talk,65,13,9,Over
6,talk,66,13,11,Over
6,talk,67,13,12,Over
6,talk,68,13,4,Over
6,talk,69,13,13,Over
6,vote,4,11
6,vote,9,13
6,vote,11,12
6,vote,12,11
6,vote,13,4
6,execute,11,SEER
6,attackVote,12,4
6,attack,4,true
7,status,1,VILLAGER,DEAD,carlo
7,status,2,WEREWOLF,DEAD,m_cre
7,status,3,VILLAGER,DEAD,cndl
7,status,4,VILLAGER,DEAD,AITKN
7,status,5,BODYGUARD,DEAD,aplain
7,status,6,VILLAGER,DEAD,takkyubu
7,status,7,VILLAGER,DEAD,kasuka
7,status,8,VILLAGER,DEAD,johnny
7,status,9,VILLAGER,ALIVE,hibagon
7,status,10,MEDIUM,DEAD,colun
7,status,11,SEER,DEAD,wasabi
7,status,12,WEREWOLF,ALIVE,Udon
7,status,13,VILLAGER,ALIVE,JuN1Ro
7,status,14,POSSESSED,DEAD,cash
7,status,15,WEREWOLF,DEAD,daisyo
7,talk,0,0,13,VOTE Agent[12]
7,talk,1,0,9,VOTE Agent[12]
7,talk,2,0,12,VOTE Agent[13]
7,talk,3,1,12,Over
7,talk,4,1,9,Skip
7,talk,5,1,13,VOTE Agent[09]
7,talk,6,2,12,Over
7,talk,7,2,9,Skip
7,talk,8,2,13,Over
7,talk,9,3,9,Over
7,talk,10,3,12,Over
7,talk,11,3,13,VOTE Agent[12]
7,talk,12,4,13,Over
7,talk,13,4,9,Over
7,talk,14,4,12,Over
7,vote,9,12
7,vote,12,13
7,vote,13,9
7,vote,9,12
7,vote,12,13
7,vote,13,9
7,execute,12,WEREWOLF
8,status,1,VILLAGER,DEAD,carlo
8,status,2,WEREWOLF,DEAD,m_cre
8,status,3,VILLAGER,DEAD,cndl
8,status,4,VILLAGER,DEAD,AITKN
8,status,5,BODYGUARD,DEAD,aplain
8,status,6,VILLAGER,DEAD,takkyubu
8,status,7,VILLAGER,DEAD,kasuka
8,status,8,VILLAGER,DEAD,johnny
8,status,9,VILLAGER,ALIVE,hibagon
8,status,10,MEDIUM,DEAD,colun
8,status,11,SEER,DEAD,wasabi
8,status,12,WEREWOLF,DEAD,Udon
8,status,13,VILLAGER,ALIVE,JuN1Ro
8,status,14,POSSESSED,DEAD,cash
8,status,15,WEREWOLF,DEAD,daisyo
8,result,2,0,VILLAGER
