0,status,1,WEREWOLF,ALIVE,carlo
0,status,2,VILLAGER,ALIVE,m_cre
0,status,3,MEDIUM,ALIVE,cndl
0,status,4,WEREWOLF,ALIVE,AITKN
0,status,5,VILLAGER,ALIVE,aplain
0,status,6,SEER,ALIVE,takkyubu
0,status,7,VILLAGER,ALIVE,kasuka
0,status,8,WEREWOLF,ALIVE,johnny
0,status,9,POSSESSED,ALIVE,hibagon
0,status,10,BODYGUARD,ALIVE,colun
0,status,11,VILLAGER,ALIVE,wasabi
0,status,12,VILLAGER,ALIVE,Udon
0,status,13,VILLAGER,ALIVE,JuN1Ro
0,status,14,VILLAGER,ALIVE,cash
0,status,15,VILLAGER,ALIVE,daisyo
0,whisper,0,0,1,COMINGOUT Agent[01] VILLAGER
0,whisper,1,0,4,COMINGOUT Agent[04] VILLAGER
0,whisper,2,0,8,Skip
0,whisper,3,1,8,ATTACK Agent[10]
0,whisper,4,1,1,ATTACK Agent[15]
0,whisper,5,1,4,Skip
0,whisper,6,2,4,Skip
0,whisper,7,2,1,ATTACK Agent[10]
0,whisper,8,2,8,Skip
0,whisper,9,3,1,Over
0,whisper,10,3,8,Skip
0,whisper,11,3,4,Over
0,whisper,12,4,8,ATTACK Agent[10]
0,whisper,13,4,1,Over
0,whisper,14,4,4,Over
0,whisper,15,5,8,Skip
0,whisper,16,5,4,Over
0,whisper,17,5,1,Over
0,whisper,18,6,8,Skip
0,whisper,19,6,4,Over
0,whisper,20,6,1,Over
0,whisper,21,7,4,Over
0,whisper,22,7,1,Over
0,whisper,23,7,8,ATTACK Agent[10]
0,whisper,24,8,4,Over
0,whisper,25,8,8,Skip
0,whisper,26,8,1,Over
0,whisper,27,9,1,Over
0,whisper,28,9,4,Over
0,whisper,29,9,8,Skip
0,whisper,30,10,8,ATTACK Agent[10]
0,whisper,31,10,4,Over
0,whisper,32,10,1,Over
0,whisper,33,11,1,Over
0,whisper,34,11,8,Skip
0,whisper,35,11,4,Over
0,whisper,36,12,8,Skip
0,whisper,37,12,1,Over
0,whisper,38,12,4,Over
0,whisper,39,13,8,ATTACK Agent[10]
0,whisper,40,13,4,Over
0,whisper,41,13,1,Over
0,whisper,42,14,1,Over
0,whisper,43,14,8,Skip
0,whisper,44,14,4,Over
0,whisper,45,15,1,Over
0,whisper,46,15,4,Over
0,whisper,47,15,8,Skip
0,whisper,48,16,4,Over
0,whisper,49,16,8,ATTACK Agent[10]
0,whisper,50,16,1,Over
0,whisper,51,17,8,Skip
0,whisper,52,17,4,Over
0,whisper,53,17,1,Over
0,whisper,54,18,8,Skip
0,whisper,55,18,1,Over
0,whisper,56,18,4,Over
0,whisper,57,19,1,Over
0,whisper,58,19,4,Over
0,whisper,59,19,8,ATTACK Agent[10]
0,divine,6,8,WEREWOLF
1,status,1,WEREWOLF,ALIVE,carlo
1,status,2,VILLAGER,ALIVE,m_cre
1,status,3,MEDIUM,ALIVE,cndl
1,status,4,WEREWOLF,ALIVE,AITKN
1,status,5,VILLAGER,ALIVE,aplain
1,status,6,SEER,ALIVE,takkyubu
1,status,7,VILLAGER,ALIVE,kasuka
1,status,8,WEREWOLF,ALIVE,johnny
1,status,9,POSSESSED,ALIVE,hibagon
1,status,10,BODYGUARD,ALIVE,colun
1,status,11,VILLAGER,ALIVE,wasabi
1,status,12,VILLAGER,ALIVE,Udon
1,status,13,VILLAGER,ALIVE,JuN1Ro
1,status,14,VILLAGER,ALIVE,cash
1,status,15,VILLAGER,ALIVE,daisyo
1,talk,0,0,8,VOTE Agent[14]
1,talk,1,0,1,VOTE Agent[02]
1,talk,2,0,15,VOTE Agent[01]
1,talk,3,0,10,VOTE Agent[14]
1,talk,4,0,3,COMINGOUT Agent[03] MEDIUM
1,talk,5,0,11,VOTE Agent[15]
1,talk,6,0,12,VOTE Agent[06]
1,talk,7,0,4,VOTE Agent[12]
1,talk,8,0,9,COMINGOUT Agent[09] SEER
1,talk,9,0,14,VOTE Agent[06]
1,talk,10,0,2,VOTE Agent[10]
1,talk,11,0,7,ESTIMATE Agent[06] WEREWOLF
1,talk,12,0,6,COMINGOUT Agent[06] SEER
1,talk,13,0,13,VOTE Agent[03]
1,talk,14,0,5,VOTE Agent[06]
1,talk,15,1,6,DIVINED Agent[08] WEREWOLF
1,talk,16,1,14,VOTE Agent[12]
1,talk,17,1,9,DIVINED Agent[14] WEREWOLF
1,talk,18,1,7,ESTIMATE Agent[10] WEREWOLF
1,talk,19,1,8,VOTE Agent[03]
1,talk,20,1,12,VOTE Agent[02]
1,talk,21,1,13,VOTE Agent[06]
1,talk,22,1,3,VOTE Agent[14]
1,talk,23,1,1,Skip
1,talk,24,1,2,VOTE Agent[09]
1,talk,25,1,15,VOTE Agent[14]
1,talk,26,1,11,VOTE Agent[12]
1,talk,27,1,4,Skip
1,talk,28,1,5,Skip
1,talk,29,1,10,Skip
1,talk,30,2,3,Skip
1,talk,31,2,2,VOTE Agent[08]
1,talk,32,2,15,Skip
1,talk,33,2,14,VOTE Agent[03]
1,talk,34,2,1,Skip
1,talk,35,2,4,VOTE Agent[14]
1,talk,36,2,5,DISAGREE TALK day1 ID:11
1,talk,37,2,10,ESTIMATE Agent[09] SEER
1,talk,38,2,9,VOTE Agent[14]
1,talk,39,2,7,ESTIMATE Agent[09] WEREWOLF
1,talk,40,2,11,VOTE Agent[08]
1,talk,41,2,8,VOTE Agent[06]
1,talk,42,2,12,VOTE Agent[14]
1,talk,43,2,6,REQUEST(VOTE Agent[08])
1,talk,44,2,13,VOTE Agent[12]
1,talk,45,3,1,Over
1,talk,46,3,2,Skip
1,talk,47,3,4,Skip
1,talk,48,3,10,Skip
1,talk,49,3,3,Skip
1,talk,50,3,13,VOTE Agent[14]
1,talk,51,3,6,VOTE Agent[08]
1,talk,52,3,5,ESTIMATE Agent[06] SEER
1,talk,53,3,14,VOTE Agent[07]
1,talk,54,3,12,Over
1,talk,55,3,15,Skip
1,talk,56,3,8,Skip
1,talk,57,3,7,VOTE Agent[06]
1,talk,58,3,9,REQUEST(VOTE Agent[14])
1,talk,59,3,11,Skip
1,talk,60,4,15,Over
1,talk,61,4,14,VOTE Agent[13]
1,talk,62,4,3,Over
1,talk,63,4,12,Over
1,talk,64,4,2,Skip
1,talk,65,4,10,Skip
1,talk,66,4,7,Skip
1,talk,67,4,11,VOTE Agent[14]
1,talk,68,4,1,Over
1,talk,69,4,5,ESTIMATE Agent[08] WEREWOLF
1,talk,70,4,6,Skip
1,talk,71,4,13,Over
1,talk,72,4,9,Skip
1,talk,73,4,4,VOTE Agent[14]
1,talk,74,4,8,Skip
1,talk,75,5,15,Over
1,talk,76,5,3,Over
1,talk,77,5,1,Over
1,talk,78,5,2,Over
1,talk,79,5,12,Over
1,talk,80,5,11,Skip
1,talk,81,5,8,VOTE Agent[06]
1,talk,82,5,9,Skip
1,talk,83,5,5,REQUEST(Agent[06] DIVINATION Agent[08])
1,talk,84,5,13,Over
1,talk,85,5,10,Over
1,talk,86,5,14,Skip
1,talk,87,5,6,Skip
1,talk,88,5,4,REQUEST(DIVINATION Agent[05])
1,talk,89,5,7,Skip
1,talk,90,6,2,Over
1,talk,91,6,10,Over
1,talk,92,6,9,Over
1,talk,93,6,4,Skip
1,talk,94,6,15,ESTIMATE Agent[14] VILLAGER
1,talk,95,6,5,VOTE Agent[08]
1,talk,96,6,7,Over
1,talk,97,6,12,Over
1,talk,98,6,6,Over
1,talk,99,6,8,Skip
1,talk,100,6,13,Over
1,talk,101,6,11,VOTE Agent[08]
1,talk,102,6,3,Over
1,talk,103,6,14,Skip
1,talk,104,6,1,Over
1,talk,105,7,2,Over
1,talk,106,7,4,Skip
1,talk,107,7,8,Skip
1,talk,108,7,5,Skip
1,talk,109,7,3,Over
1,talk,110,7,9,Over
1,talk,111,7,6,Over
1,talk,112,7,1,Over
1,talk,113,7,12,Over
1,talk,114,7,13,Over
1,talk,115,7,15,Over
1,talk,116,7,7,Over
1,talk,117,7,14,Over
1,talk,118,7,10,Over
1,talk,119,7,11,VOTE Agent[14]
1,talk,120,8,10,Over
1,talk,121,8,9,Over
1,talk,122,8,11,ESTIMATE Agent[04] VILLAGER
1,talk,123,8,2,Over
1,talk,124,8,8,VOTE Agent[06]
1,talk,125,8,12,Over
1,talk,126,8,1,Over
1,talk,127,8,14,Over
1,talk,128,8,5,Skip
1,talk,129,8,13,Over
1,talk,130,8,4,Over
1,talk,131,8,15,ESTIMATE Agent[12] VILLAGER
1,talk,132,8,6,Over
1,talk,133,8,3,Over
1,talk,134,8,7,Over
1,talk,135,9,4,Over
1,talk,136,9,13,Over
1,talk,137,9,6,Over
1,talk,138,9,2,Over
1,talk,139,9,1,Over
1,talk,140,9,5,Over
1,talk,141,9,14,Over
1,talk,142,9,12,Over
1,talk,143,9,3,Over
1,talk,144,9,15,Skip
1,talk,145,9,9,Over
1,talk,146,9,11,ESTIMATE Agent[06] WEREWOLF
1,talk,147,9,7,Over
1,talk,148,9,10,Over
1,talk,149,9,8,Skip
1,talk,150,10,10,Over
1,talk,151,10,4,Over
1,talk,152,10,14,Over
1,talk,153,10,1,Over
1,talk,154,10,11,VOTE Agent[08]
1,talk,155,10,15,Over
1,talk,156,10,12,Over
1,talk,157,10,2,Over
1,talk,158,10,8,Skip
1,talk,159,10,3,Over
1,talk,160,10,5,Over
1,talk,161,10,9,Over
1,talk,162,10,6,Over
1,talk,163,10,7,Over
1,talk,164,10,13,Over
1,talk,165,11,2,Over
1,talk,166,11,7,Over
1,talk,167,11,6,Over
1,talk,168,11,14,Over
1,talk,169,11,15,Over
1,talk,170,11,10,Over
1,talk,171,11,9,Over
1,talk,172,11,8,VOTE Agent[06]
1,talk,173,11,4,Over
1,talk,174,11,13,Over
1,talk,175,11,12,Over
1,talk,176,11,5,Over
1,talk,177,11,3,Over
1,talk,178,11,11,ESTIMATE Agent[14] WEREWOLF
1,talk,179,11,1,Over
1,talk,180,12,2,Over
1,talk,181,12,10,Over
1,talk,182,12,8,Skip
1,talk,183,12,3,Over
1,talk,184,12,7,Over
1,talk,185,12,13,Over
1,talk,186,12,6,Over
1,talk,187,12,14,Over
1,talk,188,12,12,Over
1,talk,189,12,1,Over
1,talk,190,12,5,Over
1,talk,191,12,4,Over
1,talk,192,12,9,Over
1,talk,193,12,15,Over
1,talk,194,12,11,Over
1,talk,195,13,10,Over
1,talk,196,13,15,Over
1,talk,197,13,11,Over
1,talk,198,13,14,Over
1,talk,199,13,12,Over
1,talk,200,13,7,Over
1,talk,201,13,6,Over
1,talk,202,13,4,Over
1,talk,203,13,13,Over
1,talk,204,13,8,Skip
1,talk,205,13,3,Over
1,talk,206,13,5,Over
1,talk,207,13,9,Over
1,talk,208,13,2,Over
1,talk,209,13,1,Over
1,talk,210,14,7,Over
1,talk,211,14,1,Over
1,talk,212,14,14,Over
1,talk,213,14,4,Over
1,talk,214,14,10,Over
1,talk,215,14,5,Over
1,talk,216,14,15,Over
1,talk,217,14,13,Over
1,talk,218,14,6,Over
1,talk,219,14,3,Over
1,talk,220,14,11,Over
1,talk,221,14,2,Over
1,talk,222,14,8,VOTE Agent[06]
1,talk,223,14,9,Over
1,talk,224,14,12,Over
1,talk,225,15,8,Skip
1,talk,226,15,15,Over
1,talk,227,15,1,Over
1,talk,228,15,9,Over
1,talk,229,15,11,Over
1,talk,230,15,2,Over
1,talk,231,15,4,Over
1,talk,232,15,10,Over
1,talk,233,15,7,Over
1,talk,234,15,3,Over
1,talk,235,15,12,Over
1,talk,236,15,14,Over
1,talk,237,15,5,Over
1,talk,238,15,6,Over
1,talk,239,15,13,Over
1,talk,240,16,6,Over
1,talk,241,16,7,Over
1,talk,242,16,11,Over
1,talk,243,16,4,Over
1,talk,244,16,13,Over
1,talk,245,16,1,Over
1,talk,246,16,15,Over
1,talk,247,16,12,Over
1,talk,248,16,5,Over
1,talk,249,16,10,Over
1,talk,250,16,3,Over
1,talk,251,16,14,Over
1,talk,252,16,9,Over
1,talk,253,16,2,Over
1,talk,254,16,8,Skip
1,talk,255,17,2,Over
1,talk,256,17,15,Over
1,talk,257,17,5,Over
1,talk,258,17,11,Over
1,talk,259,17,7,Over
1,talk,260,17,4,Over
1,talk,261,17,14,Over
1,talk,262,17,8,VOTE Agent[06]
1,talk,263,17,9,Over
1,talk,264,17,10,Over
1,talk,265,17,3,Over
1,talk,266,17,1,Over
1,talk,267,17,12,Over
1,talk,268,17,6,Over
1,talk,269,17,13,Over
1,talk,270,18,7,Over
1,talk,271,18,4,Over
1,talk,272,18,12,Over
1,talk,273,18,2,Over
1,talk,274,18,13,Over
1,talk,275,18,5,Over
1,talk,276,18,8,Skip
1,talk,277,18,15,Over
1,talk,278,18,14,Over
1,talk,279,18,1,Over
1,talk,280,18,11,Over
1,talk,281,18,9,Over
1,talk,282,18,6,Over
1,talk,283,18,3,Over
1,talk,284,18,10,Over
1,talk,285,19,10,Over
1,talk,286,19,14,Over
1,talk,287,19,2,Over
1,talk,288,19,13,Over
1,talk,289,19,8,Skip
1,talk,290,19,11,Over
1,talk,291,19,5,Over
1,talk,292,19,9,Over
1,talk,293,19,4,Over
1,talk,294,19,3,Over
1,talk,295,19,1,Over
1,talk,296,19,7,Over
1,talk,297,19,6,Over
1,talk,298,19,12,Over
1,talk,299,19,15,Over
1,vote,1,14
1,vote,2,8
1,vote,3,14
1,vote,4,14
1,vote,5,8
1,vote,6,8
1,vote,7,6
1,vote,8,6
1,vote,9,14
1,vote,10,14
1,vote,11,8
1,vote,12,14
1,vote,13,14
1,vote,14,13
1,vote,15,14
1,execute,14,VILLAGER
1,divine,6,3,HUMAN
1,whisper,0,0,4,Skip
1,whisper,1,0,8,ATTACK Agent[06]
1,whisper,2,0,1,ATTACK Agent[06]
1,whisper,3,1,4,Skip
1,whisper,4,1,8,Skip
1,whisper,5,1,1,ESTIMATE Agent[03] MEDIUM
1,whisper,6,2,1,ESTIMATE Agent[06] SEER
1,whisper,7,2,8,Skip
1,whisper,8,2,4,Over
1,whisper,9,3,1,ESTIMATE Agent[09] POSSESSED
1,whisper,10,3,4,Over
1,whisper,11,3,8,ATTACK Agent[06]
1,whisper,12,4,1,Over
1,whisper,13,4,4,Over
1,whisper,14,4,8,Skip
1,whisper,15,5,8,Skip
1,whisper,16,5,1,Over
1,whisper,17,5,4,Over
1,whisper,18,6,1,Over
1,whisper,19,6,8,ATTACK Agent[06]
1,whisper,20,6,4,Over
1,whisper,21,7,4,Over
1,whisper,22,7,1,Over
1,whisper,23,7,8,Skip
1,whisper,24,8,8,Skip
1,whisper,25,8,4,Over
1,whisper,26,8,1,Over
1,whisper,27,9,1,Over
1,whisper,28,9,4,Over
1,whisper,29,9,8,ATTACK Agent[06]
1,whisper,30,10,1,Over
1,whisper,31,10,8,Skip
1,whisper,32,10,4,Over
1,whisper,33,11,8,Skip
1,whisper,34,11,4,Over
1,whisper,35,11,1,Over
1,whisper,36,12,4,Over
1,whisper,37,12,8,ATTACK Agent[06]
1,whisper,38,12,1,Over
1,whisper,39,13,4,Over
1,whisper,40,13,1,Over
1,whisper,41,13,8,Skip
1,whisper,42,14,1,Over
1,whisper,43,14,4,Over
1,whisper,44,14,8,Skip
1,whisper,45,15,1,Over
1,whisper,46,15,4,Over
1,whisper,47,15,8,ATTACK Agent[06]
1,whisper,48,16,1,Over
1,whisper,49,16,4,Over
1,whisper,50,16,8,Skip
1,whisper,51,17,1,Over
1,whisper,52,17,4,Over
1,whisper,53,17,8,Skip
1,whisper,54,18,4,Over
1,whisper,55,18,1,Over
1,whisper,56,18,8,ATTACK Agent[06]
1,whisper,57,19,1,Over
1,whisper,58,19,8,Skip
1,whisper,59,19,4,Over
1,guard,10,9,POSSESSED
1,attackVote,1,6
1,attackVote,4,6
1,attackVote,8,6
1,attack,6,true
2,status,1,WEREWOLF,ALIVE,carlo
2,status,2,VILLAGER,ALIVE,m_cre
2,status,3,MEDIUM,ALIVE,cndl
2,status,4,WEREWOLF,ALIVE,AITKN
2,status,5,VILLAGER,ALIVE,aplain
2,status,6,SEER,DEAD,takkyubu
2,status,7,VILLAGER,ALIVE,kasuka
2,status,8,WEREWOLF,ALIVE,johnny
2,status,9,POSSESSED,ALIVE,hibagon
2,status,10,BODYGUARD,ALIVE,colun
2,status,11,VILLAGER,ALIVE,wasabi
2,status,12,VILLAGER,ALIVE,Udon
2,status,13,VILLAGER,ALIVE,JuN1Ro
2,status,14,VILLAGER,DEAD,cash
2,status,15,VILLAGER,ALIVE,daisyo
2,talk,0,0,13,VOTE Agent[10]
2,talk,1,0,8,VOTE Agent[07]
2,talk,2,0,11,VOTE Agent[08]
2,talk,3,0,3,IDENTIFIED Agent[14] HUMAN
2,talk,4,0,10,AGREE TALK day1 ID:69
2,talk,5,0,12,VOTE Agent[08]
2,talk,6,0,5,AGREE TALK day1 ID:37
2,talk,7,0,4,VOTE Agent[14]
2,talk,8,0,7,ESTIMATE Agent[06] WEREWOLF
2,talk,9,0,1,VOTE Agent[02]
2,talk,10,0,15,VOTE Agent[12]
2,talk,11,0,9,DIVINED Agent[07] WEREWOLF
2,talk,12,0,2,VOTE Agent[08]
2,talk,13,1,15,Skip
2,talk,14,1,7,ESTIMATE Agent[09] WEREWOLF
2,talk,15,1,4,VOTE Agent[07]
2,talk,16,1,3,VOTE Agent[08]
2,talk,17,1,11,ESTIMATE Agent[08] WEREWOLF
2,talk,18,1,9,VOTE Agent[07]
2,talk,19,1,8,VOTE Agent[03]
2,talk,20,1,12,Over
2,talk,21,1,5,DISAGREE TALK day1 ID:39
2,talk,22,1,1,Skip
2,talk,23,1,13,VOTE Agent[08]
2,talk,24,1,2,Skip
2,talk,25,1,10,ESTIMATE Agent[08] WEREWOLF
2,talk,26,2,7,ESTIMATE Agent[02] WEREWOLF
2,talk,27,2,5,ESTIMATE Agent[09] SEER
2,talk,28,2,12,Over
2,talk,29,2,13,Over
2,talk,30,2,2,Skip
2,talk,31,2,8,Skip
2,talk,32,2,4,Skip
2,talk,33,2,1,Skip
2,talk,34,2,3,Skip
2,talk,35,2,11,ESTIMATE Agent[15] VILLAGER
2,talk,36,2,10,REQUEST(Agent[09] DIVINATION Agent[08])
2,talk,37,2,9,REQUEST(VOTE Agent[07])
2,talk,38,2,15,ESTIMATE Agent[01] VILLAGER
2,talk,39,3,2,Over
2,talk,40,3,1,Over
2,talk,41,3,13,Over
2,talk,42,3,4,Skip
2,talk,43,3,11,ESTIMATE Agent[05] VILLAGER
2,talk,44,3,7,VOTE Agent[09]
2,talk,45,3,9,Skip
2,talk,46,3,5,AGREE TALK day1 ID:69
2,talk,47,3,12,Over
2,talk,48,3,10,VOTE Agent[08]
2,talk,49,3,3,Skip
2,talk,50,3,8,Skip
2,talk,51,3,15,Skip
2,talk,52,4,5,ESTIMATE Agent[08] WEREWOLF
2,talk,53,4,7,Skip
2,talk,54,4,13,Over
2,talk,55,4,11,ESTIMATE Agent[04] VILLAGER
2,talk,56,4,9,Skip
2,talk,57,4,12,Over
2,talk,58,4,3,Over
2,talk,59,4,10,Skip
2,talk,60,4,8,VOTE Agent[03]
2,talk,61,4,15,ESTIMATE Agent[12] VILLAGER
2,talk,62,4,1,Over
2,talk,63,4,2,Over
2,talk,64,4,4,Over
2,talk,65,5,12,Over
2,talk,66,5,11,ESTIMATE Agent[09] WEREWOLF
2,talk,67,5,15,ESTIMATE Agent[13] VILLAGER
2,talk,68,5,10,Skip
2,talk,69,5,3,Over
2,talk,70,5,4,Over
2,talk,71,5,13,Over
2,talk,72,5,8,Skip
2,talk,73,5,2,Over
2,talk,74,5,5,REQUEST(Agent[09] DIVINATION Agent[08])
2,talk,75,5,1,Over
2,talk,76,5,9,Over
2,talk,77,5,7,Skip
2,talk,78,6,13,Over
2,talk,79,6,11,Skip
2,talk,80,6,3,Over
2,talk,81,6,8,Skip
2,talk,82,6,5,VOTE Agent[08]
2,talk,83,6,2,Over
2,talk,84,6,12,Over
2,talk,85,6,15,Over
2,talk,86,6,1,Over
2,talk,87,6,7,Over
2,talk,88,6,9,Over
2,talk,89,6,10,Over
2,talk,90,6,4,Over
2,talk,91,7,11,Skip
2,talk,92,7,9,Over
2,talk,93,7,2,Over
2,talk,94,7,5,Skip
2,talk,95,7,12,Over
2,talk,96,7,8,VOTE Agent[03]
2,talk,97,7,1,Over
2,talk,98,7,15,Over
2,talk,99,7,10,Over
2,talk,100,7,7,Over
2,talk,101,7,3,Over
2,talk,102,7,4,Over
2,talk,103,7,13,Over
2,talk,104,8,4,Over
2,talk,105,8,8,Skip
2,talk,106,8,13,Over
2,talk,107,8,1,Over
2,talk,108,8,9,Over
2,talk,109,8,15,Over
2,talk,110,8,3,Over
2,talk,111,8,11,Over
2,talk,112,8,7,Over
2,talk,113,8,12,Over
2,talk,114,8,2,Over
2,talk,115,8,5,Skip
2,talk,116,8,10,Over
2,talk,117,9,4,Over
2,talk,118,9,8,Skip
2,talk,119,9,9,Over
2,talk,120,9,13,Over
2,talk,121,9,12,Over
2,talk,122,9,2,Over
2,talk,123,9,7,Over
2,talk,124,9,10,Over
2,talk,125,9,3,Over
2,talk,126,9,1,Over
2,talk,127,9,15,Over
2,talk,128,9,11,ESTIMATE Agent[09] WEREWOLF
2,talk,129,9,5,Over
2,talk,130,10,2,Over
2,talk,131,10,12,Over
2,talk,132,10,3,Over
2,talk,133,10,5,Over
2,talk,134,10,7,Over
2,talk,135,10,4,Over
2,talk,136,10,13,Over
2,talk,137,10,15,Over
2,talk,138,10,8,VOTE Agent[03]
2,talk,139,10,10,Over
2,talk,140,10,9,Over
2,talk,141,10,11,ESTIMATE Agent[08] WEREWOLF
2,talk,142,10,1,Over
2,talk,143,11,11,ESTIMATE Agent[08] WEREWOLF
2,talk,144,11,10,Over
2,talk,145,11,5,Over
2,talk,146,11,15,Over
2,talk,147,11,8,Skip
2,talk,148,11,4,Over
2,talk,149,11,3,Over
2,talk,150,11,2,Over
2,talk,151,11,13,Over
2,talk,152,11,9,Over
2,talk,153,11,1,Over
2,talk,154,11,7,Over
2,talk,155,11,12,Over
2,talk,156,12,7,Over
2,talk,157,12,8,Skip
2,talk,158,12,1,Over
2,talk,159,12,3,Over
2,talk,160,12,5,Over
2,talk,161,12,2,Over
2,talk,162,12,12,Over
2,talk,163,12,11,ESTIMATE Agent[05] VILLAGER
2,talk,164,12,9,Over
2,talk,165,12,4,Over
2,talk,166,12,15,Over
2,talk,167,12,10,Over
2,talk,168,12,13,Over
2,talk,169,13,12,Over
2,talk,170,13,7,Over
2,talk,171,13,8,VOTE Agent[03]
2,talk,172,13,4,Over
2,talk,173,13,11,Over
2,talk,174,13,13,Over
2,talk,175,13,3,Over
2,talk,176,13,5,Over
2,talk,177,13,9,Over
2,talk,178,13,15,Over
2,talk,179,13,10,Over
2,talk,180,13,1,Over
2,talk,181,13,2,Over
2,talk,182,14,1,Over
2,talk,183,14,3,Over
2,talk,184,14,8,Skip
2,talk,185,14,9,Over
2,talk,186,14,15,Over
2,talk,187,14,7,Over
2,talk,188,14,12,Over
2,talk,189,14,5,Over
2,talk,190,14,10,Over
2,talk,191,14,13,Over
2,talk,192,14,2,Over
2,talk,193,14,11,Over
2,talk,194,14,4,Over
2,talk,195,15,12,Over
2,talk,196,15,13,Over
2,talk,197,15,2,Over
2,talk,198,15,7,Over
2,talk,199,15,10,Over
2,talk,200,15,8,Skip
2,talk,201,15,5,Over
2,talk,202,15,4,Over
2,talk,203,15,1,Over
2,talk,204,15,15,Over
2,talk,205,15,9,Over
2,talk,206,15,11,Over
2,talk,207,15,3,Over
2,talk,208,16,2,Over
2,talk,209,16,5,Over
2,talk,210,16,7,Over
2,talk,211,16,9,Over
2,talk,212,16,15,Over
2,talk,213,16,4,Over
2,talk,214,16,11,Over
2,talk,215,16,1,Over
2,talk,216,16,8,VOTE Agent[03]
2,talk,217,16,10,Over
2,talk,218,16,12,Over
2,talk,219,16,3,Over
2,talk,220,16,13,Over
2,talk,221,17,11,Over
2,talk,222,17,15,Over
2,talk,223,17,12,Over
2,talk,224,17,7,Over
2,talk,225,17,2,Over
2,talk,226,17,8,Skip
2,talk,227,17,4,Over
2,talk,228,17,5,Over
2,talk,229,17,9,Over
2,talk,230,17,10,Over
2,talk,231,17,13,Over
2,talk,232,17,3,Over
2,talk,233,17,1,Over
2,talk,234,18,8,Skip
2,talk,235,18,12,Over
2,talk,236,18,7,Over
2,talk,237,18,10,Over
2,talk,238,18,15,Over
2,talk,239,18,5,Over
2,talk,240,18,4,Over
2,talk,241,18,1,Over
2,talk,242,18,11,Over
2,talk,243,18,9,Over
2,talk,244,18,3,Over
2,talk,245,18,13,Over
2,talk,246,18,2,Over
2,talk,247,19,11,Over
2,talk,248,19,1,Over
2,talk,249,19,8,VOTE Agent[03]
2,talk,250,19,7,Over
2,talk,251,19,4,Over
2,talk,252,19,15,Over
2,talk,253,19,5,Over
2,talk,254,19,13,Over
2,talk,255,19,9,Over
2,talk,256,19,2,Over
2,talk,257,19,12,Over
2,talk,258,19,3,Over
2,talk,259,19,10,Over
2,vote,1,8
2,vote,2,8
2,vote,3,8
2,vote,4,7
2,vote,5,8
2,vote,7,9
2,vote,8,3
2,vote,9,7
2,vote,10,8
2,vote,11,8
2,vote,12,8
2,vote,13,8
2,vote,15,8
2,execute,8,WEREWOLF
2,whisper,0,0,1,ATTACK Agent[15]
2,whisper,1,0,4,Skip
2,whisper,2,1,4,Skip
2,whisper,3,1,1,Over
2,whisper,4,2,1,Over
2,whisper,5,2,4,Over
2,guard,10,9,POSSESSED
2,attackVote,1,15
2,attackVote,4,2
2,attackVote,1,15
2,attackVote,4,2
2,attack,15,true
3,status,1,WEREWOLF,ALIVE,carlo
3,status,2,VILLAGER,ALIVE,m_cre
3,status,3,MEDIUM,ALIVE,cndl
3,status,4,WEREWOLF,ALIVE,AITKN
3,status,5,VILLAGER,ALIVE,aplain
3,status,6,SEER,DEAD,takkyubu
3,status,7,VILLAGER,ALIVE,kasuka
3,status,8,WEREWOLF,DEAD,johnny
3,status,9,POSSESSED,ALIVE,hibagon
3,status,10,BODYGUARD,ALIVE,colun
3,status,11,VILLAGER,ALIVE,wasabi
3,status,12,VILLAGER,ALIVE,Udon
3,status,13,VILLAGER,ALIVE,JuN1Ro
3,status,14,VILLAGER,DEAD,cash
3,status,15,VILLAGER,DEAD,daisyo
3,talk,0,0,9,DIVINED Agent[01] WEREWOLF
3,talk,1,0,4,VOTE Agent[07]
3,talk,2,0,2,VOTE Agent[09]
3,talk,3,0,10,ESTIMATE Agent[07] WEREWOLF
3,talk,4,0,13,VOTE Agent[03]
3,talk,5,0,5,ESTIMATE Agent[07] WEREWOLF
3,talk,6,0,3,IDENTIFIED Agent[08] WEREWOLF
3,talk,7,0,12,VOTE Agent[04]
3,talk,8,0,1,VOTE Agent[02]
3,talk,9,0,11,VOTE Agent[07]
3,talk,10,0,7,ESTIMATE Agent[09] WEREWOLF
3,talk,11,1,3,VOTE Agent[04]
3,talk,12,1,5,REQUEST(Agent[09] DIVINATION Agent[07])
3,talk,13,1,13,Over
3,talk,14,1,2,Skip
3,talk,15,1,9,VOTE Agent[14]
3,talk,16,1,11,ESTIMATE Agent[04] VILLAGER
3,talk,17,1,4,Skip
3,talk,18,1,1,Skip
3,talk,19,1,12,Over
3,talk,20,1,7,ESTIMATE Agent[06] WEREWOLF
3,talk,21,1,10,REQUEST(Agent[09] DIVINATION Agent[07])
3,talk,22,2,4,Skip
3,talk,23,2,5,VOTE Agent[07]
3,talk,24,2,11,ESTIMATE Agent[01] VILLAGER
3,talk,25,2,9,REQUEST(VOTE Agent[14])
3,talk,26,2,7,ESTIMATE Agent[15] WEREWOLF
3,talk,27,2,3,Skip
3,talk,28,2,13,Over
3,talk,29,2,1,Skip
3,talk,30,2,12,Over
3,talk,31,2,2,Skip
3,talk,32,2,10,VOTE Agent[07]
3,talk,33,3,5,Skip
3,talk,34,3,12,Over
3,talk,35,3,7,VOTE Agent[09]
3,talk,36,3,1,Over
3,talk,37,3,4,Over
3,talk,38,3,10,Skip
3,talk,39,3,13,Over
3,talk,40,3,11,ESTIMATE Agent[10] VILLAGER
3,talk,41,3,3,Skip
3,talk,42,3,2,Over
3,talk,43,3,9,Skip
3,talk,44,4,12,Over
3,talk,45,4,4,Over
3,talk,46,4,9,Skip
3,talk,47,4,7,Skip
3,talk,48,4,13,Over
3,talk,49,4,5,Skip
3,talk,50,4,3,Over
3,talk,51,4,2,Over
3,talk,52,4,11,VOTE Agent[01]
3,talk,53,4,1,Over
3,talk,54,4,10,Skip
3,talk,55,5,1,Over
3,talk,56,5,5,Over
3,talk,57,5,12,Over
3,talk,58,5,11,VOTE Agent[12]
3,talk,59,5,10,Over
3,talk,60,5,7,Skip
3,talk,61,5,4,Over
3,talk,62,5,3,Over
3,talk,63,5,9,Over
3,talk,64,5,2,Over
3,talk,65,5,13,Over
3,talk,66,6,5,Over
3,talk,67,6,1,Over
3,talk,68,6,2,Over
3,talk,69,6,3,Over
3,talk,70,6,13,Over
3,talk,71,6,10,Over
3,talk,72,6,11,VOTE Agent[07]
3,talk,73,6,9,Over
3,talk,74,6,4,Over
3,talk,75,6,7,Over
3,talk,76,6,12,Over
3,talk,77,7,12,Over
3,talk,78,7,11,Skip
3,talk,79,7,9,Over
3,talk,80,7,1,Over
3,talk,81,7,2,Over
3,talk,82,7,13,Over
3,talk,83,7,4,Over
3,talk,84,7,10,Over
3,talk,85,7,3,Over
3,talk,86,7,5,Over
3,talk,87,7,7,Over
3,talk,88,8,11,ESTIMATE Agent[13] VILLAGER
3,talk,89,8,12,Over
3,talk,90,8,3,Over
3,talk,91,8,4,Over
3,talk,92,8,5,Over
3,talk,93,8,10,Over
3,talk,94,8,13,Over
3,talk,95,8,7,Over
3,talk,96,8,2,Over
3,talk,97,8,9,Over
3,talk,98,8,1,Over
3,talk,99,9,9,Over
3,talk,100,9,10,Over
3,talk,101,9,3,Over
3,talk,102,9,2,Over
3,talk,103,9,5,Over
3,talk,104,9,11,VOTE Agent[01]
3,talk,105,9,13,Over
3,talk,106,9,12,Over
3,talk,107,9,4,Over
3,talk,108,9,7,Over
3,talk,109,9,1,Over
3,talk,110,10,10,Over
3,talk,111,10,11,ESTIMATE Agent[07] WEREWOLF
3,talk,112,10,2,Over
3,talk,113,10,3,Over
3,talk,114,10,5,Over
3,talk,115,10,13,Over
3,talk,116,10,7,Over
3,talk,117,10,4,Over
3,talk,118,10,1,Over
3,talk,119,10,12,Over
3,talk,120,10,9,Over
3,talk,121,11,9,Over
3,talk,122,11,7,Over
3,talk,123,11,2,Over
3,talk,124,11,5,Over
3,talk,125,11,13,Over
3,talk,126,11,10,Over
3,talk,127,11,12,Over
3,talk,128,11,4,Over
3,talk,129,11,3,Over
3,talk,130,11,11,Over
3,talk,131,11,1,Over
3,vote,1,7
3,vote,2,9
3,vote,3,4
3,vote,4,7
3,vote,5,7
3,vote,7,9
3,vote,9,1
3,vote,10,7
3,vote,11,1
3,vote,12,4
3,vote,13,3
3,execute,7,VILLAGER
3,whisper,0,0,1,ATTACK Agent[13]
3,whisper,1,0,4,Skip
3,whisper,2,1,1,Over
3,whisper,3,1,4,ATTACK Agent[13]
3,whisper,4,2,4,REQUEST(ATTACK Agent[13])
3,whisper,5,2,1,Over
3,whisper,6,3,4,Skip
3,whisper,7,3,1,Over
3,whisper,8,4,4,Skip
3,whisper,9,4,1,Over
3,whisper,10,5,4,Over
3,whisper,11,5,1,Over
3,guard,10,9,POSSESSED
3,attackVote,1,13
3,attackVote,4,13
3,attack,13,true
4,status,1,WEREWOLF,ALIVE,carlo
4,status,2,VILLAGER,ALIVE,m_cre
4,status,3,MEDIUM,ALIVE,cndl
4,status,4,WEREWOLF,ALIVE,AITKN
4,status,5,VILLAGER,ALIVE,aplain
4,status,6,SEER,DEAD,takkyubu
4,status,7,VILLAGER,DEAD,kasuka
4,status,8,WEREWOLF,DEAD,johnny
4,status,9,POSSESSED,ALIVE,hibagon
4,status,10,BODYGUARD,ALIVE,colun
4,status,11,VILLAGER,ALIVE,wasabi
4,status,12,VILLAGER,ALIVE,Udon
4,status,13,VILLAGER,DEAD,JuN1Ro
4,status,14,VILLAGER,DEAD,cash
4,status,15,VILLAGER,DEAD,daisyo
4,talk,0,0,5,DISAGREE TALK day2 ID:38
4,talk,1,0,2,VOTE Agent[09]
4,talk,2,0,10,DISAGREE TALK day2 ID:38
4,talk,3,0,4,VOTE Agent[07]
4,talk,4,0,9,DIVINED Agent[02] HUMAN
4,talk,5,0,3,IDENTIFIED Agent[07] HUMAN
4,talk,6,0,1,VOTE Agent[02]
4,talk,7,0,12,VOTE Agent[09]
4,talk,8,0,11,VOTE Agent[01]
4,talk,9,1,2,Skip
4,talk,10,1,4,Skip
4,talk,11,1,11,ESTIMATE Agent[02] VILLAGER
4,talk,12,1,5,DISAGREE TALK day3 ID:24
4,talk,13,1,12,Over
4,talk,14,1,3,VOTE Agent[04]
4,talk,15,1,1,Skip
4,talk,16,1,10,DISAGREE TALK day3 ID:24
4,talk,17,1,9,VOTE Agent[01]
4,talk,18,2,3,VOTE Agent[01]
4,talk,19,2,1,COMINGOUT Agent[01] BODYGUARD
4,talk,20,2,2,Skip
4,talk,21,2,11,Skip
4,talk,22,2,4,Skip
4,talk,23,2,10,ESTIMATE Agent[01] WEREWOLF
4,talk,24,2,9,REQUEST(VOTE Agent[01])
4,talk,25,2,12,Over
4,talk,26,2,5,ESTIMATE Agent[01] WEREWOLF
4,talk,27,3,4,VOTE Agent[01]
4,talk,28,3,10,REQUEST(Agent[09] DIVINATION Agent[01])
4,talk,29,3,5,REQUEST(Agent[09] DIVINATION Agent[01])
4,talk,30,3,3,Skip
4,talk,31,3,1,GUARDED Agent[09]
4,talk,32,3,11,ESTIMATE Agent[02] VILLAGER
4,talk,33,3,12,Over
4,talk,34,3,9,Skip
4,talk,35,3,2,Over
4,talk,36,4,3,Skip
4,talk,37,4,4,VOTE Agent[01]
4,talk,38,4,5,VOTE Agent[01]
4,talk,39,4,12,Over
4,talk,40,4,9,Skip
4,talk,41,4,1,GUARDED Agent[09]
4,talk,42,4,11,ESTIMATE Agent[04] VILLAGER
4,talk,43,4,10,VOTE Agent[01]
4,talk,44,4,2,Over
4,talk,45,5,4,Skip
4,talk,46,5,11,ESTIMATE Agent[01] WEREWOLF
4,talk,47,5,9,Over
4,talk,48,5,12,Over
4,talk,49,5,1,GUARDED Agent[09]
4,talk,50,5,3,Over
4,talk,51,5,5,Skip
4,talk,52,5,10,Skip
4,talk,53,5,2,Over
4,talk,54,6,9,Over
4,talk,55,6,3,Over
4,talk,56,6,10,Skip
4,talk,57,6,1,Skip
4,talk,58,6,4,Skip
4,talk,59,6,2,Over
4,talk,60,6,5,Skip
4,talk,61,6,11,Skip
4,talk,62,6,12,Over
4,talk,63,7,3,Over
4,talk,64,7,4,Over
4,talk,65,7,10,Over
4,talk,66,7,1,Skip
4,talk,67,7,9,Over
4,talk,68,7,12,Over
4,talk,69,7,11,ESTIMATE Agent[02] VILLAGER
4,talk,70,7,5,Over
4,talk,71,7,2,Over
4,talk,72,8,5,Over
4,talk,73,8,12,Over
4,talk,74,8,9,Over
4,talk,75,8,3,Over
4,talk,76,8,11,ESTIMATE Agent[12] VILLAGER
4,talk,77,8,4,Over
4,talk,78,8,2,Over
4,talk,79,8,10,Over
4,talk,80,8,1,Over
4,talk,81,9,3,Over
4,talk,82,9,11,Skip
4,talk,83,9,12,Over
4,talk,84,9,9,Over
4,talk,85,9,1,Over
4,talk,86,9,4,Over
4,talk,87,9,5,Over
4,talk,88,9,10,Over
4,talk,89,9,2,Over
4,talk,90,10,1,Over
4,talk,91,10,5,Over
4,talk,92,10,2,Over
4,talk,93,10,3,Over
4,talk,94,10,9,Over
4,talk,95,10,10,Over
4,talk,96,10,4,Over
4,talk,97,10,11,ESTIMATE Agent[09] WEREWOLF
4,talk,98,10,12,Over
4,talk,99,11,4,Over
4,talk,100,11,11,Over
4,talk,101,11,9,Over
4,talk,102,11,1,Over
4,talk,103,11,12,Over
4,talk,104,11,2,Over
4,talk,105,11,5,Over
4,talk,106,11,10,Over
4,talk,107,11,3,Over
4,vote,1,5
4,vote,2,9
4,vote,3,1
4,vote,4,9
4,vote,5,1
4,vote,9,1
4,vote,10,1
4,vote,11,1
4,vote,12,9
4,execute,1,WEREWOLF
4,guard,10,9,POSSESSED
4,attackVote,4,3
4,attack,3,true
5,status,1,WEREWOLF,DEAD,carlo
5,status,2,VILLAGER,ALIVE,m_cre
5,status,3,MEDIUM,DEAD,cndl
5,status,4,WEREWOLF,ALIVE,AITKN
5,status,5,VILLAGER,ALIVE,aplain
5,status,6,SEER,DEAD,takkyubu
5,status,7,VILLAGER,DEAD,kasuka
5,status,8,WEREWOLF,DEAD,johnny
5,status,9,POSSESSED,ALIVE,hibagon
5,status,10,BODYGUARD,ALIVE,colun
5,status,11,VILLAGER,ALIVE,wasabi
5,status,12,VILLAGER,ALIVE,Udon
5,status,13,VILLAGER,DEAD,JuN1Ro
5,status,14,VILLAGER,DEAD,cash
5,status,15,VILLAGER,DEAD,daisyo
5,talk,0,0,9,DIVINED Agent[11] HUMAN
5,talk,1,0,2,VOTE Agent[09]
5,talk,2,0,5,VOTE Agent[04]
5,talk,3,0,10,VOTE Agent[12]
5,talk,4,0,11,VOTE Agent[10]
5,talk,5,0,4,VOTE Agent[09]
5,talk,6,0,12,VOTE Agent[09]
5,talk,7,1,11,VOTE Agent[02]
5,talk,8,1,12,Over
5,talk,9,1,4,Skip
5,talk,10,1,5,Skip
5,talk,11,1,10,Skip
5,talk,12,1,9,VOTE Agent[07]
5,talk,13,1,2,Skip
5,talk,14,2,11,ESTIMATE Agent[02] WEREWOLF
5,talk,15,2,2,Skip
5,talk,16,2,9,REQUEST(VOTE Agent[07])
5,talk,17,2,12,Over
5,talk,18,2,5,Skip
5,talk,19,2,10,Skip
5,talk,20,2,4,Skip
5,talk,21,3,10,Over
5,talk,22,3,12,Over
5,talk,23,3,11,ESTIMATE Agent[02] WEREWOLF
5,talk,24,3,4,Over
5,talk,25,3,9,Skip
5,talk,26,3,2,Over
5,talk,27,3,5,Over
5,talk,28,4,4,Over
5,talk,29,4,11,ESTIMATE Agent[05] VILLAGER
5,talk,30,4,9,Skip
5,talk,31,4,5,Over
5,talk,32,4,12,Over
5,talk,33,4,10,Over
5,talk,34,4,2,Over
5,talk,35,5,9,Over
5,talk,36,5,2,Over
5,talk,37,5,5,Over
5,talk,38,5,4,Over
5,talk,39,5,12,Over
5,talk,40,5,11,ESTIMATE Agent[12] VILLAGER
5,talk,41,5,10,Over
5,talk,42,6,4,Over
5,talk,43,6,9,Over
5,talk,44,6,5,Over
5,talk,45,6,12,Over
5,talk,46,6,11,ESTIMATE Agent[05] VILLAGER
5,talk,47,6,2,Over
5,talk,48,6,10,Over
5,talk,49,7,5,Over
5,talk,50,7,2,Over
5,talk,51,7,4,Over
5,talk,52,7,11,Skip
5,talk,53,7,12,Over
5,talk,54,7,10,Over
5,talk,55,7,9,Over
5,talk,56,8,10,Over
5,talk,57,8,2,Over
5,talk,58,8,12,Over
5,talk,59,8,11,Skip
5,talk,60,8,4,Over
5,talk,61,8,5,Over
5,talk,62,8,9,Over
5,talk,63,9,10,Over
5,talk,64,9,4,Over
5,talk,65,9,2,Over
5,talk,66,9,11,ESTIMATE Agent[12] VILLAGER
5,talk,67,9,9,Over
5,talk,68,9,5,Over
5,talk,69,9,12,Over
5,talk,70,10,4,Over
5,talk,71,10,10,Over
5,talk,72,10,5,Over
5,talk,73,10,11,ESTIMATE Agent[09] WEREWOLF
5,talk,74,10,9,Over
5,talk,75,10,12,Over
5,talk,76,10,2,Over
5,talk,77,11,12,Over
5,talk,78,11,10,Over
5,talk,79,11,9,Over
5,talk,80,11,11,Skip
5,talk,81,11,5,Over
5,talk,82,11,4,Over
5,talk,83,11,2,Over
5,talk,84,12,4,Over
5,talk,85,12,2,Over
5,talk,86,12,12,Over
5,talk,87,12,10,Over
5,talk,88,12,5,Over
5,talk,89,12,11,ESTIMATE Agent[05] VILLAGER
5,talk,90,12,9,Over
5,talk,91,13,12,Over
5,talk,92,13,5,Over
5,talk,93,13,11,Over
5,talk,94,13,9,Over
5,talk,95,13,4,Over
5,talk,96,13,10,Over
5,talk,97,13,2,Over
5,vote,2,9
5,vote,4,9
5,vote,5,4
5,vote,9,2
5,vote,10,12
5,vote,11,2
5,vote,12,9
5,execute,9,POSSESSED
5,guard,10,9,POSSESSED
5,attackVote,4,11
5,attack,11,true
6,status,1,WEREWOLF,DEAD,carlo
6,status,2,VILLAGER,ALIVE,m_cre
6,status,3,MEDIUM,DEAD,cndl
6,status,4,WEREWOLF,ALIVE,AITKN
6,status,5,VILLAGER,ALIVE,aplain
6,status,6,SEER,DEAD,takkyubu
6,status,7,VILLAGER,DEAD,kasuka
6,status,8,WEREWOLF,DEAD,johnny
6,status,9,POSSESSED,DEAD,hibagon
6,status,10,BODYGUARD,ALIVE,colun
6,status,11,VILLAGER,DEAD,wasabi
6,status,12,VILLAGER,ALIVE,Udon
6,status,13,VILLAGER,DEAD,JuN1Ro
6,status,14,VILLAGER,DEAD,cash
6,status,15,VILLAGER,DEAD,daisyo
6,talk,0,0,4,VOTE Agent[09]
6,talk,1,0,10,VOTE Agent[12]
6,talk,2,0,12,VOTE Agent[04]
6,talk,3,0,2,VOTE Agent[10]
6,talk,4,0,5,VOTE Agent[04]
6,talk,5,1,10,Skip
6,talk,6,1,12,Over
6,talk,7,1,4,Skip
6,talk,8,1,2,Skip
6,talk,9,1,5,Skip
6,talk,10,2,12,Over
6,talk,11,2,4,Skip
6,talk,12,2,2,Skip
6,talk,13,2,10,Skip
6,talk,14,2,5,Skip
6,talk,15,3,12,Over
6,talk,16,3,5,Over
6,talk,17,3,4,Over
6,talk,18,3,2,Over
6,talk,19,3,10,Over
6,vote,2,10
6,vote,4,10
6,vote,5,4
6,vote,10,12
6,vote,12,4
6,vote,2,10
6,vote,4,10
6,vote,5,4
6,vote,10,12
6,vote,12,4
6,execute,4,WEREWOLF
6,guard,10,5,VILLAGER
7,status,1,WEREWOLF,DEAD,carlo
7,status,2,VILLAGER,ALIVE,m_cre
7,status,3,MEDIUM,DEAD,cndl
7,status,4,WEREWOLF,DEAD,AITKN
7,status,5,VILLAGER,ALIVE,aplain
7,status,6,SEER,DEAD,takkyubu
7,status,7,VILLAGER,DEAD,kasuka
7,status,8,WEREWOLF,DEAD,johnny
7,status,9,POSSESSED,DEAD,hibagon
7,status,10,BODYGUARD,ALIVE,colun
7,status,11,VILLAGER,DEAD,wasabi
7,status,12,VILLAGER,ALIVE,Udon
7,status,13,VILLAGER,DEAD,JuN1Ro
7,status,14,VILLAGER,DEAD,cash
7,status,15,VILLAGER,DEAD,daisyo
7,result,4,0,VILLAGER
