0,status,1,VILLAGER,ALIVE,carlo
0,status,2,VILLAGER,ALIVE,m_cre
0,status,3,VILLAGER,ALIVE,cndl
0,status,4,POSSESSED,ALIVE,AITKN
0,status,5,WEREWOLF,ALIVE,aplain
0,status,6,MEDIUM,ALIVE,takkyubu
0,status,7,VILLAGER,ALIVE,kasuka
0,status,8,VILLAGER,ALIVE,johnny
0,status,9,SEER,ALIVE,hibagon
0,status,10,VILLAGER,ALIVE,colun
0,status,11,WEREWOLF,ALIVE,wasabi
0,status,12,VILLAGER,ALIVE,Udon
0,status,13,BODYGUARD,ALIVE,JuN1Ro
0,status,14,WEREWOLF,ALIVE,cash
0,status,15,VILLAGER,ALIVE,daisyo
0,whisper,0,0,11,Over
0,whisper,1,0,5,COMINGOUT Agent[05] MEDIUM
0,whisper,2,0,14,COMINGOUT Agent[14] VILLAGER
0,whisper,3,1,11,Over
0,whisper,4,1,14,Skip
0,whisper,5,1,5,Skip
0,whisper,6,2,14,Skip
0,whisper,7,2,5,Skip
0,whisper,8,2,11,ATTACK Agent[13]
0,whisper,9,3,14,Over
0,whisper,10,3,11,Over
0,whisper,11,3,5,Over
0,divine,9,7,HUMAN
1,status,1,VILLAGER,ALIVE,carlo
1,status,2,VILLAGER,ALIVE,m_cre
1,status,3,VILLAGER,ALIVE,cndl
1,status,4,POSSESSED,ALIVE,AITKN
1,status,5,WEREWOLF,ALIVE,aplain
1,status,6,MEDIUM,ALIVE,takkyubu
1,status,7,VILLAGER,ALIVE,kasuka
1,status,8,VILLAGER,ALIVE,johnny
1,status,9,SEER,ALIVE,hibagon
1,status,10,VILLAGER,ALIVE,colun
1,status,11,WEREWOLF,ALIVE,wasabi
1,status,12,VILLAGER,ALIVE,Udon
1,status,13,BODYGUARD,ALIVE,JuN1Ro
1,status,14,WEREWOLF,ALIVE,cash
1,status,15,VILLAGER,ALIVE,daisyo
1,talk,0,0,14,VOTE Agent[06]
1,talk,1,0,15,VOTE Agent[01]
1,talk,2,0,5,COMINGOUT Agent[05] MEDIUM
1,talk,3,0,6,VOTE Agent[10]
1,talk,4,0,9,DIVINED Agent[07] HUMAN
1,talk,5,0,10,VOTE Agent[04]
1,talk,6,0,3,VOTE Agent[08]
1,talk,7,0,1,VOTE Agent[02]
1,talk,8,0,11,VOTE Agent[01]
1,talk,9,0,8,VOTE Agent[01]
1,talk,10,0,2,VOTE Agent[14]
1,talk,11,0,7,ESTIMATE Agent[10] WEREWOLF
1,talk,12,0,12,VOTE Agent[06]
1,talk,13,0,13,VOTE Agent[09]
1,talk,14,0,4,COMINGOUT Agent[04] SEER
1,talk,15,1,5,VOTE Agent[12]
1,talk,16,1,15,VOTE Agent[14]
1,talk,17,1,2,VOTE Agent[09]
1,talk,18,1,13,VOTE Agent[01]
1,talk,19,1,14,Skip
1,talk,20,1,7,ESTIMATE Agent[09] WEREWOLF
1,talk,21,1,4,DIVINED Agent[10] HUMAN
1,talk,22,1,8,VOTE Agent[03]
1,talk,23,1,10,ESTIMATE Agent[09] SEER
1,talk,24,1,12,Over
1,talk,25,1,6,COMINGOUT Agent[06] MEDIUM
1,talk,26,1,1,Skip
1,talk,27,1,9,Over
1,talk,28,1,3,VOTE Agent[15]
1,talk,29,1,11,VOTE Agent[07]
1,talk,30,2,15,Over
1,talk,31,2,14,Skip
1,talk,32,2,1,Skip
1,talk,33,2,4,VOTE Agent[09]
1,talk,34,2,11,VOTE Agent[06]
1,talk,35,2,8,Skip
1,talk,36,2,7,ESTIMATE Agent[12] WEREWOLF
1,talk,37,2,3,Skip
1,talk,38,2,2,VOTE Agent[06]
1,talk,39,2,10,Skip
1,talk,40,2,9,Over
1,talk,41,2,12,Over
1,talk,42,2,5,REQUEST(VOTE Agent[12])
1,talk,43,2,13,VOTE Agent[06]
1,talk,44,2,6,ESTIMATE Agent[09] SEER
1,talk,45,3,13,ESTIMATE Agent[10] VILLAGER
1,talk,46,3,11,ESTIMATE Agent[05] WEREWOLF
1,talk,47,3,7,VOTE Agent[02]
1,talk,48,3,8,Skip
1,talk,49,3,10,Skip
1,talk,50,3,12,VOTE Agent[05]
1,talk,51,3,5,VOTE Agent[06]
1,talk,52,3,9,Over
1,talk,53,3,14,Over
1,talk,54,3,6,ESTIMATE Agent[05] WEREWOLF
1,talk,55,3,4,Skip
1,talk,56,3,15,Skip
1,talk,57,3,3,VOTE Agent[02]
1,talk,58,3,2,Skip
1,talk,59,3,1,Over
1,talk,60,4,15,Skip
1,talk,61,4,13,Over
1,talk,62,4,9,Over
1,talk,63,4,3,VOTE Agent[05]
1,talk,64,4,14,VOTE Agent[05]
1,talk,65,4,10,Over
1,talk,66,4,6,REQUEST(Agent[09] DIVINATION Agent[05])
1,talk,67,4,8,VOTE Agent[05]
1,talk,68,4,4,Skip
1,talk,69,4,2,Skip
1,talk,70,4,7,Skip
1,talk,71,4,1,Over
1,talk,72,4,12,Over
1,talk,73,4,11,Skip
1,talk,74,4,5,REQUEST(VOTE Agent[06])
1,talk,75,5,8,VOTE Agent[03]
1,talk,76,5,5,Skip
1,talk,77,5,3,Skip
1,talk,78,5,1,Over
1,talk,79,5,10,Over
1,talk,80,5,14,Skip
1,talk,81,5,4,Over
1,talk,82,5,11,ESTIMATE Agent[14] VILLAGER
1,talk,83,5,7,VOTE Agent[05]
1,talk,84,5,6,VOTE Agent[05]
1,talk,85,5,2,Over
1,talk,86,5,13,Over
1,talk,87,5,9,Over
1,talk,88,5,15,Over
1,talk,89,5,12,Over
1,talk,90,6,5,Skip
1,talk,91,6,14,VOTE Agent[12]
1,talk,92,6,13,VOTE Agent[05]
1,talk,93,6,6,Skip
1,talk,94,6,7,Skip
1,talk,95,6,3,Skip
1,talk,96,6,9,Over
1,talk,97,6,2,Over
1,talk,98,6,4,Over
1,talk,99,6,10,Over
1,talk,100,6,11,ESTIMATE Agent[01] VILLAGER
1,talk,101,6,12,Over
1,talk,102,6,15,Over
1,talk,103,6,8,Skip
1,talk,104,6,1,Over
1,talk,105,7,2,Over
1,talk,106,7,3,Over
1,talk,107,7,14,Skip
1,talk,108,7,1,Over
1,talk,109,7,12,Over
1,talk,110,7,8,Skip
1,talk,111,7,6,Skip
1,talk,112,7,15,ESTIMATE Agent[14] VILLAGER
1,talk,113,7,5,Over
1,talk,114,7,13,ESTIMATE Agent[05] WEREWOLF
1,talk,115,7,4,Over
1,talk,116,7,11,ESTIMATE Agent[05] WEREWOLF
1,talk,117,7,10,Over
1,talk,118,7,7,Skip
1,talk,119,7,9,Over
1,talk,120,8,11,Skip
1,talk,121,8,13,Over
1,talk,122,8,9,Over
1,talk,123,8,7,Over
1,talk,124,8,8,VOTE Agent[03]
1,talk,125,8,15,ESTIMATE Agent[03] VILLAGER
1,talk,126,8,5,Over
1,talk,127,8,10,Over
1,talk,128,8,4,Over
1,talk,129,8,14,Skip
1,talk,130,8,3,Over
1,talk,131,8,2,Over
1,talk,132,8,1,Over
1,talk,133,8,6,Over
1,talk,134,8,12,Over
1,talk,135,9,13,Over
1,talk,136,9,11,Skip
1,talk,137,9,10,Over
1,talk,138,9,6,Over
1,talk,139,9,1,Over
1,talk,140,9,14,Over
1,talk,141,9,9,Over
1,talk,142,9,8,VOTE Agent[11]
1,talk,143,9,3,Over
1,talk,144,9,12,Over
1,talk,145,9,2,Over
1,talk,146,9,4,Over
1,talk,147,9,15,ESTIMATE Agent[12] VILLAGER
1,talk,148,9,5,Over
1,talk,149,9,7,Over
1,talk,150,10,3,Over
1,talk,151,10,7,Over
1,talk,152,10,10,Over
1,talk,153,10,15,Over
1,talk,154,10,1,Over
1,talk,155,10,14,VOTE Agent[09]
1,talk,156,10,6,Over
1,talk,157,10,11,Over
1,talk,158,10,12,Over
1,talk,159,10,13,Over
1,talk,160,10,5,Over
1,talk,161,10,8,Skip
1,talk,162,10,4,Over
1,talk,163,10,9,Over
1,talk,164,10,2,Over
1,talk,165,11,13,Over
1,talk,166,11,3,Over
1,talk,167,11,10,Over
1,talk,168,11,9,Over
1,talk,169,11,1,Over
1,talk,170,11,14,Over
1,talk,171,11,12,Over
1,talk,172,11,11,VOTE Agent[05]
1,talk,173,11,15,Over
1,talk,174,11,6,Over
1,talk,175,11,8,Skip
1,talk,176,11,5,Over
1,talk,177,11,4,Over
1,talk,178,11,2,Over
1,talk,179,11,7,Over
1,talk,180,12,13,Over
1,talk,181,12,12,Over
1,talk,182,12,5,Over
1,talk,183,12,6,Over
1,talk,184,12,10,Over
1,talk,185,12,3,Over
1,talk,186,12,9,Over
1,talk,187,12,11,ESTIMATE Agent[08] VILLAGER
1,talk,188,12,15,Over
1,talk,189,12,14,VOTE Agent[12]
1,talk,190,12,7,Over
1,talk,191,12,2,Over
1,talk,192,12,4,Over
1,talk,193,12,8,VOTE Agent[11]
1,talk,194,12,1,Over
1,talk,195,13,15,Over
1,talk,196,13,2,Over
1,talk,197,13,4,Over
1,talk,198,13,7,Over
1,talk,199,13,5,Over
1,talk,200,13,1,Over
1,talk,201,13,12,Over
1,talk,202,13,6,Over
1,talk,203,13,13,Over
1,talk,204,13,11,Over
1,talk,205,13,3,Over
1,talk,206,13,10,Over
1,talk,207,13,8,Skip
1,talk,208,13,14,Over
1,talk,209,13,9,Over
1,talk,210,14,6,Over
1,talk,211,14,5,Over
1,talk,212,14,12,Over
1,talk,213,14,1,Over
1,talk,214,14,2,Over
1,talk,215,14,10,Over
1,talk,216,14,13,Over
1,talk,217,14,14,Over
1,talk,218,14,8,Skip
1,talk,219,14,4,Over
1,talk,220,14,15,Over
1,talk,221,14,9,Over
1,talk,222,14,3,Over
1,talk,223,14,11,Over
1,talk,224,14,7,Over
1,talk,225,15,8,VOTE Agent[11]
1,talk,226,15,13,Over
1,talk,227,15,3,Over
1,talk,228,15,12,Over
1,talk,229,15,5,Over
1,talk,230,15,11,ESTIMATE Agent[06] WEREWOLF
1,talk,231,15,4,Over
1,talk,232,15,15,Over
1,talk,233,15,9,Over
1,talk,234,15,7,Over
1,talk,235,15,1,Over
1,talk,236,15,10,Over
1,talk,237,15,6,Over
1,talk,238,15,14,Over
1,talk,239,15,2,Over
1,talk,240,16,3,Over
1,talk,241,16,2,Over
1,talk,242,16,7,Over
1,talk,243,16,9,Over
1,talk,244,16,14,Over
1,talk,245,16,6,Over
1,talk,246,16,5,Over
1,talk,247,16,15,Over
1,talk,248,16,11,Over
1,talk,249,16,1,Over
1,talk,250,16,8,Skip
1,talk,251,16,12,Over
1,talk,252,16,10,Over
1,talk,253,16,13,Over
1,talk,254,16,4,Over
1,talk,255,17,8,Skip
1,talk,256,17,14,Over
1,talk,257,17,6,Over
1,talk,258,17,9,Over
1,talk,259,17,4,Over
1,talk,260,17,3,Over
1,talk,261,17,5,Over
1,talk,262,17,10,Over
1,talk,263,17,12,Over
1,talk,264,17,1,Over
1,talk,265,17,13,Over
1,talk,266,17,15,Over
1,talk,267,17,2,Over
1,talk,268,17,11,Over
1,talk,269,17,7,Over
1,talk,270,18,3,Over
1,talk,271,18,10,Over
1,talk,272,18,4,Over
1,talk,273,18,5,Over
1,talk,274,18,2,Over
1,talk,275,18,1,Over
1,talk,276,18,6,Over
1,talk,277,18,13,Over
1,talk,278,18,8,VOTE Agent[11]
1,talk,279,18,7,Over
1,talk,280,18,15,Over
1,talk,281,18,12,Over
1,talk,282,18,9,Over
1,talk,283,18,11,Over
1,talk,284,18,14,Over
1,talk,285,19,2,Over
1,talk,286,19,8,Skip
1,talk,287,19,11,Over
1,talk,288,19,12,Over
1,talk,289,19,3,Over
1,talk,290,19,15,Over
1,talk,291,19,13,Over
1,talk,292,19,6,Over
1,talk,293,19,9,Over
1,talk,294,19,1,Over
1,talk,295,19,14,Over
1,talk,296,19,10,Over
1,talk,297,19,7,Over
1,talk,298,19,5,Over
1,talk,299,19,4,Over
1,vote,1,2
1,vote,2,6
1,vote,3,5
1,vote,4,5
1,vote,5,6
1,vote,6,5
1,vote,7,5
1,vote,8,11
1,vote,9,8
1,vote,10,4
1,vote,11,5
1,vote,12,5
1,vote,13,5
1,vote,14,12
1,vote,15,14
1,execute,5,WEREWOLF
1,divine,9,10,HUMAN
1,whisper,0,0,14,COMINGOUT Agent[14] VILLAGER
1,whisper,1,0,11,Over
1,whisper,2,1,14,Skip
1,whisper,3,1,11,ATTACK Agent[04]
1,whisper,4,2,14,Skip
1,whisper,5,2,11,Over
1,whisper,6,3,11,Over
1,whisper,7,3,14,Over
1,guard,13,4,POSSESSED
1,attackVote,11,4
1,attackVote,14,13
1,attackVote,11,4
1,attackVote,14,13
1,attack,4,false
2,status,1,VILLAGER,ALIVE,carlo
2,status,2,VILLAGER,ALIVE,m_cre
2,status,3,VILLAGER,ALIVE,cndl
2,status,4,POSSESSED,ALIVE,AITKN
2,status,5,WEREWOLF,DEAD,aplain
2,status,6,MEDIUM,ALIVE,takkyubu
2,status,7,VILLAGER,ALIVE,kasuka
2,status,8,VILLAGER,ALIVE,johnny
2,status,9,SEER,ALIVE,hibagon
2,status,10,VILLAGER,ALIVE,colun
2,status,11,WEREWOLF,ALIVE,wasabi
2,status,12,VILLAGER,ALIVE,Udon
2,status,13,BODYGUARD,ALIVE,JuN1Ro
2,status,14,WEREWOLF,ALIVE,cash
2,status,15,VILLAGER,ALIVE,daisyo
2,talk,0,0,12,VOTE Agent[06]
2,talk,1,0,3,VOTE Agent[02]
2,talk,2,0,1,VOTE Agent[02]
2,talk,3,0,9,DIVINED Agent[10] HUMAN
2,talk,4,0,7,ESTIMATE Agent[05] WEREWOLF
2,talk,5,0,11,VOTE Agent[06]
2,talk,6,0,10,VOTE Agent[11]
2,talk,7,0,14,VOTE Agent[12]
2,talk,8,0,15,VOTE Agent[14]
2,talk,9,0,6,IDENTIFIED Agent[05] WEREWOLF
2,talk,10,0,8,VOTE Agent[11]
2,talk,11,0,2,VOTE Agent[06]
2,talk,12,0,13,VOTE Agent[08]
2,talk,13,0,4,DIVINED Agent[02] WEREWOLF
2,talk,14,1,6,ESTIMATE Agent[02] WEREWOLF
2,talk,15,1,14,VOTE Agent[11]
2,talk,16,1,7,ESTIMATE Agent[02] WEREWOLF
2,talk,17,1,11,VOTE Agent[02]
2,talk,18,1,8,VOTE Agent[02]
2,talk,19,1,3,Skip
2,talk,20,1,15,VOTE Agent[12]
2,talk,21,1,10,ESTIMATE Agent[02] WEREWOLF
2,talk,22,1,13,VOTE Agent[06]
2,talk,23,1,12,VOTE Agent[02]
2,talk,24,1,2,Skip
2,talk,25,1,9,Over
2,talk,26,1,4,VOTE Agent[02]
2,talk,27,1,1,Skip
2,talk,28,2,8,Skip
2,talk,29,2,1,Skip
2,talk,30,2,3,Skip
2,talk,31,2,11,ESTIMATE Agent[06] WEREWOLF
2,talk,32,2,14,VOTE Agent[12]
2,talk,33,2,9,Over
2,talk,34,2,6,REQUEST(Agent[09] DIVINATION Agent[02])
2,talk,35,2,15,Over
2,talk,36,2,7,ESTIMATE Agent[09] WEREWOLF
2,talk,37,2,12,Over
2,talk,38,2,2,Skip
2,talk,39,2,4,VOTE Agent[02]
2,talk,40,2,10,REQUEST(Agent[09] DIVINATION Agent[02])
2,talk,41,2,13,VOTE Agent[02]
2,talk,42,3,11,ESTIMATE Agent[13] VILLAGER
2,talk,43,3,2,Over
2,talk,44,3,7,VOTE Agent[02]
2,talk,45,3,3,Over
2,talk,46,3,10,VOTE Agent[02]
2,talk,47,3,9,Over
2,talk,48,3,12,Over
2,talk,49,3,6,VOTE Agent[02]
2,talk,50,3,13,Over
2,talk,51,3,15,ESTIMATE Agent[12] VILLAGER
2,talk,52,3,14,Skip
2,talk,53,3,4,REQUEST(VOTE Agent[02])
2,talk,54,3,1,Over
2,talk,55,3,8,VOTE Agent[13]
2,talk,56,4,2,Over
2,talk,57,4,7,Skip
2,talk,58,4,14,VOTE Agent[10]
2,talk,59,4,13,Over
2,talk,60,4,11,Skip
2,talk,61,4,6,Skip
2,talk,62,4,3,Over
2,talk,63,4,15,Skip
2,talk,64,4,8,VOTE Agent[03]
2,talk,65,4,9,Over
2,talk,66,4,10,Skip
2,talk,67,4,12,Over
2,talk,68,4,1,Over
2,talk,69,4,4,Skip
2,talk,70,5,15,ESTIMATE Agent[01] VILLAGER
2,talk,71,5,14,Skip
2,talk,72,5,1,Over
2,talk,73,5,13,Over
2,talk,74,5,9,Over
2,talk,75,5,2,Over
2,talk,76,5,8,Skip
2,talk,77,5,4,Skip
2,talk,78,5,6,Skip
2,talk,79,5,11,ESTIMATE Agent[09] VILLAGER
2,talk,80,5,12,Over
2,talk,81,5,7,Skip
2,talk,82,5,10,Skip
2,talk,83,5,3,Over
2,talk,84,6,2,Over
2,talk,85,6,14,Skip
2,talk,86,6,15,ESTIMATE Agent[13] VILLAGER
2,talk,87,6,7,Over
2,talk,88,6,12,Over
2,talk,89,6,8,Skip
2,talk,90,6,3,Over
2,talk,91,6,11,ESTIMATE Agent[09] VILLAGER
2,talk,92,6,13,ESTIMATE Agent[02] WEREWOLF
2,talk,93,6,9,Over
2,talk,94,6,10,Over
2,talk,95,6,1,Over
2,talk,96,6,6,Over
2,talk,97,6,4,Over
2,talk,98,7,12,Over
2,talk,99,7,6,Over
2,talk,100,7,2,Over
2,talk,101,7,14,Over
2,talk,102,7,10,Over
2,talk,103,7,9,Over
2,talk,104,7,11,Skip
2,talk,105,7,4,Over
2,talk,106,7,1,Over
2,talk,107,7,7,Over
2,talk,108,7,8,VOTE Agent[03]
2,talk,109,7,13,ESTIMATE Agent[02] WEREWOLF
2,talk,110,7,15,Over
2,talk,111,7,3,Over
2,talk,112,8,11,ESTIMATE Agent[10] VILLAGER
2,talk,113,8,8,Skip
2,talk,114,8,10,Over
2,talk,115,8,14,Over
2,talk,116,8,2,Over
2,talk,117,8,9,Over
2,talk,118,8,7,Over
2,talk,119,8,4,Over
2,talk,120,8,6,Over
2,talk,121,8,13,Over
2,talk,122,8,12,Over
2,talk,123,8,1,Over
2,talk,124,8,15,Over
2,talk,125,8,3,Over
2,talk,126,9,14,Over
2,talk,127,9,13,Over
2,talk,128,9,12,Over
2,talk,129,9,1,Over
2,talk,130,9,15,Over
2,talk,131,9,7,Over
2,talk,132,9,4,Over
2,talk,133,9,8,Skip
2,talk,134,9,3,Over
2,talk,135,9,6,Over
2,talk,136,9,9,Over
2,talk,137,9,11,ESTIMATE Agent[06] WEREWOLF
2,talk,138,9,2,Over
2,talk,139,9,10,Over
2,talk,140,10,14,Over
2,talk,141,10,11,ESTIMATE Agent[08] WEREWOLF
2,talk,142,10,10,Over
2,talk,143,10,3,Over
2,talk,144,10,8,VOTE Agent[03]
2,talk,145,10,7,Over
2,talk,146,10,12,Over
2,talk,147,10,1,Over
2,talk,148,10,13,Over
2,talk,149,10,2,Over
2,talk,150,10,15,Over
2,talk,151,10,6,Over
2,talk,152,10,9,Over
2,talk,153,10,4,Over
2,talk,154,11,15,Over
2,talk,155,11,11,ESTIMATE Agent[09] VILLAGER
2,talk,156,11,14,Over
2,talk,157,11,1,Over
2,talk,158,11,6,Over
2,talk,159,11,2,Over
2,talk,160,11,9,Over
2,talk,161,11,10,Over
2,talk,162,11,3,Over
2,talk,163,11,8,Skip
2,talk,164,11,4,Over
2,talk,165,11,13,Over
2,talk,166,11,7,Over
2,talk,167,11,12,Over
2,talk,168,12,1,Over
2,talk,169,12,11,Over
2,talk,170,12,14,Over
2,talk,171,12,12,Over
2,talk,172,12,13,Over
2,talk,173,12,2,Over
2,talk,174,12,4,Over
2,talk,175,12,8,Skip
2,talk,176,12,3,Over
2,talk,177,12,9,Over
2,talk,178,12,10,Over
2,talk,179,12,6,Over
2,talk,180,12,15,Over
2,talk,181,12,7,Over
2,talk,182,13,2,Over
2,talk,183,13,1,Over
2,talk,184,13,3,Over
2,talk,185,13,11,Over
2,talk,186,13,14,Over
2,talk,187,13,8,VOTE Agent[03]
2,talk,188,13,12,Over
2,talk,189,13,9,Over
2,talk,190,13,4,Over
2,talk,191,13,7,Over
2,talk,192,13,10,Over
2,talk,193,13,15,Over
2,talk,194,13,6,Over
2,talk,195,13,13,Over
2,talk,196,14,12,Over
2,talk,197,14,1,Over
2,talk,198,14,7,Over
2,talk,199,14,15,Over
2,talk,200,14,9,Over
2,talk,201,14,11,Over
2,talk,202,14,10,Over
2,talk,203,14,8,Skip
2,talk,204,14,2,Over
2,talk,205,14,4,Over
2,talk,206,14,6,Over
2,talk,207,14,14,Over
2,talk,208,14,3,Over
2,talk,209,14,13,Over
2,talk,210,15,15,Over
2,talk,211,15,8,Skip
2,talk,212,15,12,Over
2,talk,213,15,2,Over
2,talk,214,15,10,Over
2,talk,215,15,3,Over
2,talk,216,15,7,Over
2,talk,217,15,14,Over
2,talk,218,15,1,Over
2,talk,219,15,13,Over
2,talk,220,15,6,Over
2,talk,221,15,9,Over
2,talk,222,15,4,Over
2,talk,223,15,11,Over
2,talk,224,16,12,Over
2,talk,225,16,3,Over
2,talk,226,16,1,Over
2,talk,227,16,7,Over
2,talk,228,16,9,Over
2,talk,229,16,11,Over
2,talk,230,16,10,Over
2,talk,231,16,14,Over
2,talk,232,16,13,Over
2,talk,233,16,8,VOTE Agent[03]
2,talk,234,16,6,Over
2,talk,235,16,2,Over
2,talk,236,16,4,Over
2,talk,237,16,15,Over
2,talk,238,17,13,Over
2,talk,239,17,9,Over
2,talk,240,17,6,Over
2,talk,241,17,2,Over
2,talk,242,17,1,Over
2,talk,243,17,11,Over
2,talk,244,17,10,Over
2,talk,245,17,3,Over
2,talk,246,17,8,Skip
2,talk,247,17,15,Over
2,talk,248,17,4,Over
2,talk,249,17,7,Over
2,talk,250,17,12,Over
2,talk,251,17,14,Over
2,talk,252,18,6,Over
2,talk,253,18,15,Over
2,talk,254,18,1,Over
2,talk,255,18,3,Over
2,talk,256,18,10,Over
2,talk,257,18,7,Over
2,talk,258,18,11,Over
2,talk,259,18,8,Skip
2,talk,260,18,13,Over
2,talk,261,18,2,Over
2,talk,262,18,14,Over
2,talk,263,18,4,Over
2,talk,264,18,12,Over
2,talk,265,18,9,Over
2,talk,266,19,2,Over
2,talk,267,19,9,Over
2,talk,268,19,11,Over
2,talk,269,19,15,Over
2,talk,270,19,10,Over
2,talk,271,19,12,Over
2,talk,272,19,4,Over
2,talk,273,19,3,Over
2,talk,274,19,8,VOTE Agent[03]
2,talk,275,19,14,Over
2,talk,276,19,7,Over
2,talk,277,19,13,Over
2,talk,278,19,1,Over
2,talk,279,19,6,Over
2,vote,1,2
2,vote,2,6
2,vote,3,2
2,vote,4,2
2,vote,6,2
2,vote,7,2
2,vote,8,3
2,vote,9,11
2,vote,10,2
2,vote,11,2
2,vote,12,2
2,vote,13,2
2,vote,14,10
2,vote,15,2
2,execute,2,VILLAGER
2,divine,9,3,HUMAN
2,whisper,0,0,14,COMINGOUT Agent[14] VILLAGER
2,whisper,1,0,11,ATTACK Agent[10]
2,whisper,2,1,11,Over
2,whisper,3,1,14,Skip
2,whisper,4,2,14,Skip
2,whisper,5,2,11,Over
2,whisper,6,3,14,Over
2,whisper,7,3,11,Over
2,guard,13,4,POSSESSED
2,attackVote,11,10
2,attackVote,14,13
2,attackVote,11,10
2,attackVote,14,13
2,attack,13,true
3,status,1,VILLAGER,ALIVE,carlo
3,status,2,VILLAGER,DEAD,m_cre
3,status,3,VILLAGER,ALIVE,cndl
3,status,4,POSSESSED,ALIVE,AITKN
3,status,5,WEREWOLF,DEAD,aplain
3,status,6,MEDIUM,ALIVE,takkyubu
3,status,7,VILLAGER,ALIVE,kasuka
3,status,8,VILLAGER,ALIVE,johnny
3,status,9,SEER,ALIVE,hibagon
3,status,10,VILLAGER,ALIVE,colun
3,status,11,WEREWOLF,ALIVE,wasabi
3,status,12,VILLAGER,ALIVE,Udon
3,status,13,BODYGUARD,DEAD,JuN1Ro
3,status,14,WEREWOLF,ALIVE,cash
3,status,15,VILLAGER,ALIVE,daisyo
3,talk,0,0,7,ESTIMATE Agent[05] WEREWOLF
3,talk,1,0,10,VOTE Agent[11]
3,talk,2,0,4,DIVINED Agent[07] WEREWOLF
3,talk,3,0,15,VOTE Agent[12]
3,talk,4,0,8,VOTE Agent[03]
3,talk,5,0,14,VOTE Agent[01]
3,talk,6,0,1,VOTE Agent[03]
3,talk,7,0,3,VOTE Agent[12]
3,talk,8,0,9,DIVINED Agent[03] HUMAN
3,talk,9,0,11,VOTE Agent[06]
3,talk,10,0,6,IDENTIFIED Agent[02] HUMAN
3,talk,11,0,12,VOTE Agent[09]
3,talk,12,1,11,Skip
3,talk,13,1,4,VOTE Agent[07]
3,talk,14,1,14,Skip
3,talk,15,1,1,Skip
3,talk,16,1,10,ESTIMATE Agent[07] WEREWOLF
3,talk,17,1,6,ESTIMATE Agent[04] WEREWOLF
3,talk,18,1,9,Over
3,talk,19,1,3,VOTE Agent[01]
3,talk,20,1,15,Skip
3,talk,21,1,7,ESTIMATE Agent[09] WEREWOLF
3,talk,22,1,12,VOTE Agent[06]
3,talk,23,1,8,VOTE Agent[07]
3,talk,24,2,14,Skip
3,talk,25,2,15,Skip
3,talk,26,2,4,VOTE Agent[07]
3,talk,27,2,10,REQUEST(Agent[09] DIVINATION Agent[07])
3,talk,28,2,6,REQUEST(Agent[09] DIVINATION Agent[04])
3,talk,29,2,1,Skip
3,talk,30,2,7,ESTIMATE Agent[15] WEREWOLF
3,talk,31,2,3,VOTE Agent[07]
3,talk,32,2,12,Over
3,talk,33,2,8,Skip
3,talk,34,2,11,ESTIMATE Agent[07] WEREWOLF
3,talk,35,2,9,Over
3,talk,36,3,7,VOTE Agent[04]
3,talk,37,3,4,REQUEST(VOTE Agent[07])
3,talk,38,3,12,Over
3,talk,39,3,9,Over
3,talk,40,3,8,VOTE Agent[15]
3,talk,41,3,3,Skip
3,talk,42,3,14,Over
3,talk,43,3,10,VOTE Agent[07]
3,talk,44,3,6,VOTE Agent[04]
3,talk,45,3,15,Over
3,talk,46,3,1,Over
3,talk,47,3,11,ESTIMATE Agent[07] WEREWOLF
3,talk,48,4,4,Skip
3,talk,49,4,8,Skip
3,talk,50,4,10,Skip
3,talk,51,4,3,Skip
3,talk,52,4,15,Over
3,talk,53,4,6,Skip
3,talk,54,4,11,ESTIMATE Agent[07] WEREWOLF
3,talk,55,4,14,Over
3,talk,56,4,1,Over
3,talk,57,4,7,Skip
3,talk,58,4,9,Over
3,talk,59,4,12,VOTE Agent[07]
3,talk,60,5,11,VOTE Agent[07]
3,talk,61,5,3,Over
3,talk,62,5,15,Over
3,talk,63,5,9,Over
3,talk,64,5,4,Skip
3,talk,65,5,6,Skip
3,talk,66,5,8,Skip
3,talk,67,5,12,Over
3,talk,68,5,7,Skip
3,talk,69,5,10,Skip
3,talk,70,5,1,Over
3,talk,71,5,14,Over
3,talk,72,6,9,Over
3,talk,73,6,12,Over
3,talk,74,6,11,ESTIMATE Agent[08] VILLAGER
3,talk,75,6,1,Over
3,talk,76,6,4,Over
3,talk,77,6,15,Over
3,talk,78,6,10,Over
3,talk,79,6,6,Over
3,talk,80,6,14,Over
3,talk,81,6,8,VOTE Agent[15]
3,talk,82,6,7,Over
3,talk,83,6,3,Over
3,talk,84,7,3,Over
3,talk,85,7,14,Over
3,talk,86,7,11,Skip
3,talk,87,7,8,Skip
3,talk,88,7,9,Over
3,talk,89,7,6,Over
3,talk,90,7,4,Over
3,talk,91,7,10,Over
3,talk,92,7,12,Over
3,talk,93,7,7,Over
3,talk,94,7,15,Over
3,talk,95,7,1,Over
3,talk,96,8,12,Over
3,talk,97,8,6,Over
3,talk,98,8,15,ESTIMATE Agent[01] VILLAGER
3,talk,99,8,10,Over
3,talk,100,8,4,Over
3,talk,101,8,8,Skip
3,talk,102,8,9,Over
3,talk,103,8,3,Over
3,talk,104,8,7,Over
3,talk,105,8,11,Skip
3,talk,106,8,14,Over
3,talk,107,8,1,Over
3,talk,108,9,6,Over
3,talk,109,9,14,Over
3,talk,110,9,4,Over
3,talk,111,9,11,ESTIMATE Agent[12] VILLAGER
3,talk,112,9,12,Over
3,talk,113,9,3,Over
3,talk,114,9,9,Over
3,talk,115,9,15,Skip
3,talk,116,9,1,Over
3,talk,117,9,7,Over
3,talk,118,9,10,Over
3,talk,119,9,8,VOTE Agent[15]
3,talk,120,10,11,VOTE Agent[06]
3,talk,121,10,9,Over
3,talk,122,10,8,Skip
3,talk,123,10,6,Over
3,talk,124,10,1,Over
3,talk,125,10,12,Over
3,talk,126,10,7,Over
3,talk,127,10,3,Over
3,talk,128,10,10,Over
3,talk,129,10,14,Over
3,talk,130,10,15,Over
3,talk,131,10,4,Over
3,talk,132,11,15,Over
3,talk,133,11,4,Over
3,talk,134,11,9,Over
3,talk,135,11,7,Over
3,talk,136,11,1,Over
3,talk,137,11,12,Over
3,talk,138,11,11,Over
3,talk,139,11,3,Over
3,talk,140,11,10,Over
3,talk,141,11,6,Over
3,talk,142,11,14,Over
3,talk,143,11,8,Skip
3,talk,144,12,9,Over
3,talk,145,12,11,Over
3,talk,146,12,14,Over
3,talk,147,12,4,Over
3,talk,148,12,3,Over
3,talk,149,12,12,Over
3,talk,150,12,6,Over
3,talk,151,12,1,Over
3,talk,152,12,15,Over
3,talk,153,12,10,Over
3,talk,154,12,7,Over
3,talk,155,12,8,VOTE Agent[15]
3,talk,156,13,10,Over
3,talk,157,13,9,Over
3,talk,158,13,7,Over
3,talk,159,13,6,Over
3,talk,160,13,11,VOTE Agent[07]
3,talk,161,13,3,Over
3,talk,162,13,14,Over
3,talk,163,13,1,Over
3,talk,164,13,15,Over
3,talk,165,13,8,Skip
3,talk,166,13,4,Over
3,talk,167,13,12,Over
3,talk,168,14,3,Over
3,talk,169,14,11,VOTE Agent[06]
3,talk,170,14,8,Skip
3,talk,171,14,4,Over
3,talk,172,14,7,Over
3,talk,173,14,1,Over
3,talk,174,14,10,Over
3,talk,175,14,12,Over
3,talk,176,14,6,Over
3,talk,177,14,15,Over
3,talk,178,14,14,Over
3,talk,179,14,9,Over
3,talk,180,15,14,Over
3,talk,181,15,12,Over
3,talk,182,15,11,Over
3,talk,183,15,7,Over
3,talk,184,15,1,Over
3,talk,185,15,10,Over
3,talk,186,15,3,Over
3,talk,187,15,15,Over
3,talk,188,15,8,VOTE Agent[15]
3,talk,189,15,9,Over
3,talk,190,15,4,Over
3,talk,191,15,6,Over
3,talk,192,16,12,Over
3,talk,193,16,10,Over
3,talk,194,16,3,Over
3,talk,195,16,1,Over
3,talk,196,16,6,Over
3,talk,197,16,8,Skip
3,talk,198,16,7,Over
3,talk,199,16,9,Over
3,talk,200,16,11,Over
3,talk,201,16,4,Over
3,talk,202,16,14,Over
3,talk,203,16,15,Over
3,talk,204,17,7,Over
3,talk,205,17,3,Over
3,talk,206,17,10,Over
3,talk,207,17,15,Over
3,talk,208,17,4,Over
3,talk,209,17,8,Skip
3,talk,210,17,9,Over
3,talk,211,17,6,Over
3,talk,212,17,14,Over
3,talk,213,17,1,Over
3,talk,214,17,11,Over
3,talk,215,17,12,Over
3,talk,216,18,14,Over
3,talk,217,18,3,Over
3,talk,218,18,1,Over
3,talk,219,18,15,Over
3,talk,220,18,8,VOTE Agent[15]
3,talk,221,18,7,Over
3,talk,222,18,10,Over
3,talk,223,18,9,Over
3,talk,224,18,11,Over
3,talk,225,18,6,Over
3,talk,226,18,12,Over
3,talk,227,18,4,Over
3,talk,228,19,7,Over
3,talk,229,19,6,Over
3,talk,230,19,12,Over
3,talk,231,19,9,Over
3,talk,232,19,4,Over
3,talk,233,19,11,Over
3,talk,234,19,15,Over
3,talk,235,19,10,Over
3,talk,236,19,14,Over
3,talk,237,19,8,Skip
3,talk,238,19,3,Over
3,talk,239,19,1,Over
3,vote,1,3
3,vote,3,7
3,vote,4,7
3,vote,6,4
3,vote,7,4
3,vote,8,15
3,vote,9,8
3,vote,10,7
3,vote,11,6
3,vote,12,7
3,vote,14,1
3,vote,15,12
3,execute,7,VILLAGER
3,divine,9,12,HUMAN
3,whisper,0,0,11,ATTACK Agent[10]
3,whisper,1,0,14,COMINGOUT Agent[14] VILLAGER
3,whisper,2,1,14,Skip
3,whisper,3,1,11,Over
3,whisper,4,2,11,Over
3,whisper,5,2,14,Skip
3,whisper,6,3,11,Over
3,whisper,7,3,14,Over
3,attackVote,11,10
3,attackVote,14,6
3,attackVote,11,10
3,attackVote,14,6
3,attack,6,true
4,status,1,VILLAGER,ALIVE,carlo
4,status,2,VILLAGER,DEAD,m_cre
4,status,3,VILLAGER,ALIVE,cndl
4,status,4,POSSESSED,ALIVE,AITKN
4,status,5,WEREWOLF,DEAD,aplain
4,status,6,MEDIUM,DEAD,takkyubu
4,status,7,VILLAGER,DEAD,kasuka
4,status,8,VILLAGER,ALIVE,johnny
4,status,9,SEER,ALIVE,hibagon
4,status,10,VILLAGER,ALIVE,colun
4,status,11,WEREWOLF,ALIVE,wasabi
4,status,12,VILLAGER,ALIVE,Udon
4,status,13,BODYGUARD,DEAD,JuN1Ro
4,status,14,WEREWOLF,ALIVE,cash
4,status,15,VILLAGER,ALIVE,daisyo
4,talk,0,0,14,VOTE Agent[01]
4,talk,1,0,3,VOTE Agent[11]
4,talk,2,0,1,VOTE Agent[03]
4,talk,3,0,4,DIVINED Agent[14] WEREWOLF
4,talk,4,0,8,VOTE Agent[15]
4,talk,5,0,10,VOTE Agent[01]
4,talk,6,0,9,DIVINED Agent[12] HUMAN
4,talk,7,0,11,VOTE Agent[03]
4,talk,8,0,12,VOTE Agent[04]
4,talk,9,0,15,VOTE Agent[12]
4,talk,10,1,9,Over
4,talk,11,1,12,Over
4,talk,12,1,4,VOTE Agent[14]
4,talk,13,1,10,DISAGREE TALK day1 ID:82
4,talk,14,1,14,Skip
4,talk,15,1,8,VOTE Agent[14]
4,talk,16,1,3,VOTE Agent[01]
4,talk,17,1,1,VOTE Agent[04]
4,talk,18,1,15,ESTIMATE Agent[01] VILLAGER
4,talk,19,1,11,Skip
4,talk,20,2,9,Over
4,talk,21,2,4,VOTE Agent[14]
4,talk,22,2,3,VOTE Agent[14]
4,talk,23,2,12,Over
4,talk,24,2,15,Over
4,talk,25,2,14,Skip
4,talk,26,2,8,VOTE Agent[15]
4,talk,27,2,11,VOTE Agent[14]
4,talk,28,2,10,DISAGREE TALK day1 ID:112
4,talk,29,2,1,Skip
4,talk,30,3,12,Over
4,talk,31,3,8,Skip
4,talk,32,3,15,Skip
4,talk,33,3,10,ESTIMATE Agent[14] WEREWOLF
4,talk,34,3,9,Over
4,talk,35,3,4,REQUEST(VOTE Agent[14])
4,talk,36,3,3,Skip
4,talk,37,3,11,Skip
4,talk,38,3,14,Over
4,talk,39,3,1,Skip
4,talk,40,4,15,ESTIMATE Agent[12] VILLAGER
4,talk,41,4,8,Skip
4,talk,42,4,12,Over
4,talk,43,4,10,REQUEST(Agent[09] DIVINATION Agent[14])
4,talk,44,4,14,Over
4,talk,45,4,3,Skip
4,talk,46,4,1,Over
4,talk,47,4,9,Over
4,talk,48,4,4,Skip
4,talk,49,4,11,ESTIMATE Agent[09] VILLAGER
4,talk,50,5,14,Over
4,talk,51,5,4,Skip
4,talk,52,5,3,Over
4,talk,53,5,9,Over
4,talk,54,5,1,Over
4,talk,55,5,15,Skip
4,talk,56,5,10,VOTE Agent[14]
4,talk,57,5,8,VOTE Agent[15]
4,talk,58,5,11,ESTIMATE Agent[01] VILLAGER
4,talk,59,5,12,Over
4,talk,60,6,10,Skip
4,talk,61,6,11,ESTIMATE Agent[14] WEREWOLF
4,talk,62,6,3,Over
4,talk,63,6,15,Skip
4,talk,64,6,1,Over
4,talk,65,6,8,Skip
4,talk,66,6,9,Over
4,talk,67,6,12,Over
4,talk,68,6,14,Over
4,talk,69,6,4,Over
4,talk,70,7,15,Over
4,talk,71,7,12,Over
4,talk,72,7,14,Over
4,talk,73,7,9,Over
4,talk,74,7,8,Skip
4,talk,75,7,3,Over
4,talk,76,7,11,Skip
4,talk,77,7,4,Over
4,talk,78,7,10,Skip
4,talk,79,7,1,Over
4,talk,80,8,9,Over
4,talk,81,8,4,Over
4,talk,82,8,14,Over
4,talk,83,8,12,Over
4,talk,84,8,11,ESTIMATE Agent[08] VILLAGER
4,talk,85,8,8,VOTE Agent[15]
4,talk,86,8,15,Over
4,talk,87,8,1,Over
4,talk,88,8,3,Over
4,talk,89,8,10,Over
4,talk,90,9,3,Over
4,talk,91,9,15,Over
4,talk,92,9,4,Over
4,talk,93,9,14,Over
4,talk,94,9,10,Over
4,talk,95,9,11,Over
4,talk,96,9,8,Skip
4,talk,97,9,9,Over
4,talk,98,9,12,Over
4,talk,99,9,1,Over
4,talk,100,10,11,Over
4,talk,101,10,8,Skip
4,talk,102,10,3,Over
4,talk,103,10,15,Over
4,talk,104,10,12,Over
4,talk,105,10,14,Over
4,talk,106,10,4,Over
4,talk,107,10,10,Over
4,talk,108,10,1,Over
4,talk,109,10,9,Over
4,talk,110,11,4,Over
4,talk,111,11,14,Over
4,talk,112,11,15,Over
4,talk,113,11,9,Over
4,talk,114,11,12,Over
4,talk,115,11,10,Over
4,talk,116,11,8,VOTE Agent[15]
4,talk,117,11,3,Over
4,talk,118,11,11,ESTIMATE Agent[15] VILLAGER
4,talk,119,11,1,Over
4,talk,120,12,15,Over
4,talk,121,12,9,Over
4,talk,122,12,1,Over
4,talk,123,12,12,Over
4,talk,124,12,8,Skip
4,talk,125,12,14,Over
4,talk,126,12,10,Over
4,talk,127,12,3,Over
4,talk,128,12,11,ESTIMATE Agent[03] VILLAGER
4,talk,129,12,4,Over
4,talk,130,13,12,Over
4,talk,131,13,11,Over
4,talk,132,13,1,Over
4,talk,133,13,8,Skip
4,talk,134,13,10,Over
4,talk,135,13,3,Over
4,talk,136,13,15,Over
4,talk,137,13,4,Over
4,talk,138,13,9,Over
4,talk,139,13,14,Over
4,talk,140,14,15,Over
4,talk,141,14,14,Over
4,talk,142,14,10,Over
4,talk,143,14,12,Over
4,talk,144,14,11,Over
4,talk,145,14,8,VOTE Agent[15]
4,talk,146,14,4,Over
4,talk,147,14,3,Over
4,talk,148,14,9,Over
4,talk,149,14,1,Over
4,talk,150,15,1,Over
4,talk,151,15,10,Over
4,talk,152,15,15,Over
4,talk,153,15,14,Over
4,talk,154,15,4,Over
4,talk,155,15,9,Over
4,talk,156,15,8,Skip
4,talk,157,15,11,Over
4,talk,158,15,3,Over
4,talk,159,15,12,Over
4,talk,160,16,4,Over
4,talk,161,16,12,Over
4,talk,162,16,14,Over
4,talk,163,16,1,Over
4,talk,164,16,11,ESTIMATE Agent[14] WEREWOLF
4,talk,165,16,10,Over
4,talk,166,16,8,Skip
4,talk,167,16,3,Over
4,talk,168,16,15,Over
4,talk,169,16,9,Over
4,talk,170,17,9,Over
4,talk,171,17,4,Over
4,talk,172,17,8,VOTE Agent[15]
4,talk,173,17,15,Over
4,talk,174,17,3,Over
4,talk,175,17,12,Over
4,talk,176,17,11,ESTIMATE Agent[14] WEREWOLF
4,talk,177,17,1,Over
4,talk,178,17,14,Over
4,talk,179,17,10,Over
4,talk,180,18,8,VOTE Agent[14]
4,talk,181,18,11,Over
4,talk,182,18,3,Over
4,talk,183,18,10,Over
4,talk,184,18,14,Over
4,talk,185,18,12,Over
4,talk,186,18,4,Over
4,talk,187,18,9,Over
4,talk,188,18,15,Over
4,talk,189,18,1,Over
4,talk,190,19,14,Over
4,talk,191,19,9,Over
4,talk,192,19,1,Over
4,talk,193,19,12,Over
4,talk,194,19,11,Over
4,talk,195,19,3,Over
4,talk,196,19,8,Skip
4,talk,197,19,10,Over
4,talk,198,19,4,Over
4,talk,199,19,15,Over
4,vote,1,4
4,vote,3,14
4,vote,4,14
4,vote,8,14
4,vote,9,11
4,vote,10,14
4,vote,11,14
4,vote,12,4
4,vote,14,1
4,vote,15,14
4,execute,14,WEREWOLF
4,divine,9,11,WEREWOLF
4,attackVote,11,15
4,attack,15,true
5,status,1,VILLAGER,ALIVE,carlo
5,status,2,VILLAGER,DEAD,m_cre
5,status,3,VILLAGER,ALIVE,cndl
5,status,4,POSSESSED,ALIVE,AITKN
5,status,5,WEREWOLF,DEAD,aplain
5,status,6,MEDIUM,DEAD,takkyubu
5,status,7,VILLAGER,DEAD,kasuka
5,status,8,VILLAGER,ALIVE,johnny
5,status,9,SEER,ALIVE,hibagon
5,status,10,VILLAGER,ALIVE,colun
5,status,11,WEREWOLF,ALIVE,wasabi
5,status,12,VILLAGER,ALIVE,Udon
5,status,13,BODYGUARD,DEAD,JuN1Ro
5,status,14,WEREWOLF,DEAD,cash
5,status,15,VILLAGER,DEAD,daisyo
5,talk,0,0,4,DIVINED Agent[09] HUMAN
5,talk,1,0,12,VOTE Agent[04]
5,talk,2,0,10,VOTE Agent[09]
5,talk,3,0,8,VOTE Agent[11]
5,talk,4,0,3,VOTE Agent[12]
5,talk,5,0,1,VOTE Agent[04]
5,talk,6,0,11,VOTE Agent[10]
5,talk,7,0,9,DIVINED Agent[11] WEREWOLF
5,talk,8,1,1,Skip
5,talk,9,1,4,VOTE Agent[01]
5,talk,10,1,9,Over
5,talk,11,1,11,VOTE Agent[03]
5,talk,12,1,10,ESTIMATE Agent[11] WEREWOLF
5,talk,13,1,3,VOTE Agent[01]
5,talk,14,1,8,VOTE Agent[11]
5,talk,15,1,12,Over
5,talk,16,2,4,Skip
5,talk,17,2,10,REQUEST(Agent[09] DIVINATION Agent[11])
5,talk,18,2,9,Over
5,talk,19,2,1,Skip
5,talk,20,2,3,Skip
5,talk,21,2,8,Skip
5,talk,22,2,12,Over
5,talk,23,2,11,Skip
5,talk,24,3,12,Over
5,talk,25,3,11,VOTE Agent[10]
5,talk,26,3,3,Skip
5,talk,27,3,9,Over
5,talk,28,3,10,VOTE Agent[11]
5,talk,29,3,4,Skip
5,talk,30,3,1,Over
5,talk,31,3,8,Skip
5,talk,32,4,11,Skip
5,talk,33,4,4,Over
5,talk,34,4,8,VOTE Agent[11]
5,talk,35,4,3,Over
5,talk,36,4,1,Over
5,talk,37,4,12,Over
5,talk,38,4,10,Skip
5,talk,39,4,9,Over
5,talk,40,5,11,VOTE Agent[01]
5,talk,41,5,10,Skip
5,talk,42,5,4,Over
5,talk,43,5,8,Skip
5,talk,44,5,3,Over
5,talk,45,5,1,Over
5,talk,46,5,12,Over
5,talk,47,5,9,Over
5,talk,48,6,11,ESTIMATE Agent[04] WEREWOLF
5,talk,49,6,10,Over
5,talk,50,6,3,Over
5,talk,51,6,4,Over
5,talk,52,6,8,Skip
5,talk,53,6,9,Over
5,talk,54,6,12,Over
5,talk,55,6,1,Over
5,talk,56,7,9,Over
5,talk,57,7,12,Over
5,talk,58,7,8,VOTE Agent[11]
5,talk,59,7,1,Over
5,talk,60,7,3,Over
5,talk,61,7,4,Over
5,talk,62,7,10,Over
5,talk,63,7,11,ESTIMATE Agent[12] VILLAGER
5,talk,64,8,10,Over
5,talk,65,8,8,Skip
5,talk,66,8,9,Over
5,talk,67,8,1,Over
5,talk,68,8,4,Over
5,talk,69,8,11,VOTE Agent[08]
5,talk,70,8,12,Over
5,talk,71,8,3,Over
5,talk,72,9,8,Skip
5,talk,73,9,4,Over
5,talk,74,9,3,Over
5,talk,75,9,11,Skip
5,talk,76,9,1,Over
5,talk,77,9,9,Over
5,talk,78,9,12,Over
5,talk,79,9,10,Over
5,talk,80,10,9,Over
5,talk,81,10,11,Over
5,talk,82,10,4,Over
5,talk,83,10,12,Over
5,talk,84,10,1,Over
5,talk,85,10,10,Over
5,talk,86,10,3,Over
5,talk,87,10,8,VOTE Agent[11]
5,talk,88,11,3,Over
5,talk,89,11,12,Over
5,talk,90,11,9,Over
5,talk,91,11,1,Over
5,talk,92,11,8,Skip
5,talk,93,11,4,Over
5,talk,94,11,10,Over
5,talk,95,11,11,Over
5,talk,96,12,10,Over
5,talk,97,12,9,Over
5,talk,98,12,8,Skip
5,talk,99,12,1,Over
5,talk,100,12,3,Over
5,talk,101,12,12,Over
5,talk,102,12,4,Over
5,talk,103,12,11,VOTE Agent[12]
5,talk,104,13,1,Over
5,talk,105,13,4,Over
5,talk,106,13,3,VOTE Agent[12]
5,talk,107,13,8,VOTE Agent[11]
5,talk,108,13,9,Over
5,talk,109,13,10,Over
5,talk,110,13,12,Over
5,talk,111,13,11,Over
5,talk,112,14,8,Skip
5,talk,113,14,9,Over
5,talk,114,14,4,Over
5,talk,115,14,11,ESTIMATE Agent[08] VILLAGER
5,talk,116,14,1,Over
5,talk,117,14,10,Over
5,talk,118,14,12,Over
5,talk,119,14,3,Skip
5,talk,120,15,10,Over
5,talk,121,15,11,VOTE Agent[01]
5,talk,122,15,1,Over
5,talk,123,15,3,Skip
5,talk,124,15,12,Over
5,talk,125,15,4,Over
5,talk,126,15,8,Skip
5,talk,127,15,9,Over
5,talk,128,16,8,VOTE Agent[11]
5,talk,129,16,12,Over
5,talk,130,16,11,Over
5,talk,131,16,9,Over
5,talk,132,16,3,VOTE Agent[01]
5,talk,133,16,10,Over
5,talk,134,16,1,Over
5,talk,135,16,4,Over
5,talk,136,17,3,Skip
5,talk,137,17,11,Over
5,talk,138,17,4,Over
5,talk,139,17,10,Over
5,talk,140,17,1,Over
5,talk,141,17,8,Skip
5,talk,142,17,12,Over
5,talk,143,17,9,Over
5,talk,144,18,3,Skip
5,talk,145,18,8,Skip
5,talk,146,18,4,Over
5,talk,147,18,10,Over
5,talk,148,18,12,Over
5,talk,149,18,1,Over
5,talk,150,18,11,Over
5,talk,151,18,9,Over
5,talk,152,19,10,Over
5,talk,153,19,9,Over
5,talk,154,19,4,Over
5,talk,155,19,12,Over
5,talk,156,19,3,Over
5,talk,157,19,11,Over
5,talk,158,19,1,Over
5,talk,159,19,8,VOTE Agent[11]
5,vote,1,4
5,vote,3,1
5,vote,4,3
5,vote,8,11
5,vote,9,11
5,vote,10,11
5,vote,11,1
5,vote,12,4
5,execute,11,WEREWOLF
5,divine,9,4,HUMAN
6,status,1,VILLAGER,ALIVE,carlo
6,status,2,VILLAGER,DEAD,m_cre
6,status,3,VILLAGER,ALIVE,cndl
6,status,4,POSSESSED,ALIVE,AITKN
6,status,5,WEREWOLF,DEAD,aplain
6,status,6,MEDIUM,DEAD,takkyubu
6,status,7,VILLAGER,DEAD,kasuka
6,status,8,VILLAGER,ALIVE,johnny
6,status,9,SEER,ALIVE,hibagon
6,status,10,VILLAGER,ALIVE,colun
6,status,11,WEREWOLF,DEAD,wasabi
6,status,12,VILLAGER,ALIVE,Udon
6,status,13,BODYGUARD,DEAD,JuN1Ro
6,status,14,WEREWOLF,DEAD,cash
6,status,15,VILLAGER,DEAD,daisyo
6,result,7,0,VILLAGER
