0,status,1,VILLAGER,ALIVE,carlo
0,status,2,VILLAGER,ALIVE,m_cre
0,status,3,VILLAGER,ALIVE,cndl
0,status,4,MEDIUM,ALIVE,AITKN
0,status,5,VILLAGER,ALIVE,aplain
0,status,6,WEREWOLF,ALIVE,takkyubu
0,status,7,VILLAGER,ALIVE,kasuka
0,status,8,VILLAGER,ALIVE,johnny
0,status,9,SEER,ALIVE,hibagon
0,status,10,WEREWOLF,ALIVE,colun
0,status,11,POSSESSED,ALIVE,wasabi
0,status,12,VILLAGER,ALIVE,Udon
0,status,13,VILLAGER,ALIVE,JuN1Ro
0,status,14,WEREWOLF,ALIVE,cash
0,status,15,BODYGUARD,ALIVE,daisyo
0,whisper,0,0,6,COMINGOUT Agent[06] SEER
0,whisper,1,0,10,COMINGOUT Agent[10] VILLAGER
0,whisper,2,0,14,COMINGOUT Agent[14] VILLAGER
0,whisper,3,1,10,COMINGOUT Agent[10] MEDIUM
0,whisper,4,1,6,Skip
0,whisper,5,1,14,Skip
0,whisper,6,2,10,Skip
0,whisper,7,2,14,Skip
0,whisper,8,2,6,DIVINED Agent[15] WEREWOLF
0,whisper,9,3,14,Over
0,whisper,10,3,10,Skip
0,whisper,11,3,6,Skip
0,whisper,12,4,6,Skip
0,whisper,13,4,14,Over
0,whisper,14,4,10,Over
0,whisper,15,5,6,Over
0,whisper,16,5,10,Over
0,whisper,17,5,14,Over
0,divine,9,7,HUMAN
1,status,1,VILLAGER,ALIVE,carlo
1,status,2,VILLAGER,ALIVE,m_cre
1,status,3,VILLAGER,ALIVE,cndl
1,status,4,MEDIUM,ALIVE,AITKN
1,status,5,VILLAGER,ALIVE,aplain
1,status,6,WEREWOLF,ALIVE,takkyubu
1,status,7,VILLAGER,ALIVE,kasuka
1,status,8,VILLAGER,ALIVE,johnny
1,status,9,SEER,ALIVE,hibagon
1,status,10,WEREWOLF,ALIVE,colun
1,status,11,POSSESSED,ALIVE,wasabi
1,status,12,VILLAGER,ALIVE,Udon
1,status,13,VILLAGER,ALIVE,JuN1Ro
1,status,14,WEREWOLF,ALIVE,cash
1,status,15,BODYGUARD,ALIVE,daisyo
1,talk,0,0,14,VOTE Agent[15]
1,talk,1,0,12,VOTE Agent[03]
1,talk,2,0,2,VOTE Agent[05]
1,talk,3,0,7,ESTIMATE Agent[10] WEREWOLF
1,talk,4,0,11,COMINGOUT Agent[11] SEER
1,talk,5,0,15,VOTE Agent[01]
1,talk,6,0,4,VOTE Agent[13]
1,talk,7,0,8,VOTE Agent[01]
1,talk,8,0,13,VOTE Agent[06]
1,talk,9,0,3,VOTE Agent[08]
1,talk,10,0,5,VOTE Agent[07]
1,talk,11,0,9,DIVINED Agent[07] HUMAN
1,talk,12,0,10,VOTE Agent[11]
1,talk,13,0,1,VOTE Agent[02]
1,talk,14,0,6,VOTE Agent[15]
1,talk,15,1,6,REQUEST(VOTE Agent[15])
1,talk,16,1,14,VOTE Agent[09]
1,talk,17,1,7,ESTIMATE Agent[09] WEREWOLF
1,talk,18,1,11,DIVINED Agent[04] WEREWOLF
1,talk,19,1,9,Over
1,talk,20,1,4,Skip
1,talk,21,1,1,Skip
1,talk,22,1,13,VOTE Agent[15]
1,talk,23,1,10,REQUEST(VOTE Agent[11])
1,talk,24,1,2,VOTE Agent[09]
1,talk,25,1,12,VOTE Agent[05]
1,talk,26,1,5,ESTIMATE Agent[09] SEER
1,talk,27,1,8,VOTE Agent[10]
1,talk,28,1,15,VOTE Agent[14]
1,talk,29,1,3,VOTE Agent[15]
1,talk,30,2,11,VOTE Agent[04]
1,talk,31,2,7,ESTIMATE Agent[12] WEREWOLF
1,talk,32,2,9,Over
1,talk,33,2,13,Over
1,talk,34,2,2,VOTE Agent[04]
1,talk,35,2,4,ESTIMATE Agent[11] POSSESSED
1,talk,36,2,14,Skip
1,talk,37,2,12,VOTE Agent[04]
1,talk,38,2,10,COMINGOUT Agent[10] MEDIUM
1,talk,39,2,8,VOTE Agent[04]
1,talk,40,2,1,VOTE Agent[04]
1,talk,41,2,5,ESTIMATE Agent[04] WEREWOLF
1,talk,42,2,6,COMINGOUT Agent[06] SEER
1,talk,43,2,15,ESTIMATE Agent[14] VILLAGER
1,talk,44,2,3,VOTE Agent[10]
1,talk,45,3,4,COMINGOUT Agent[04] MEDIUM
1,talk,46,3,5,REQUEST(Agent[09] DIVINATION Agent[04])
1,talk,47,3,6,DIVINED Agent[15] WEREWOLF
1,talk,48,3,2,VOTE Agent[11]
1,talk,49,3,1,Skip
1,talk,50,3,10,VOTE Agent[01]
1,talk,51,3,14,Skip
1,talk,52,3,9,Over
1,talk,53,3,15,Skip
1,talk,54,3,11,ESTIMATE Agent[04] WEREWOLF
1,talk,55,3,3,VOTE Agent[04]
1,talk,56,3,13,VOTE Agent[04]
1,talk,57,3,8,Skip
1,talk,58,3,7,VOTE Agent[04]
1,talk,59,3,12,Over
1,talk,60,4,3,Skip
1,talk,61,4,5,VOTE Agent[04]
1,talk,62,4,2,VOTE Agent[04]
1,talk,63,4,1,VOTE Agent[15]
1,talk,64,4,14,VOTE Agent[07]
1,talk,65,4,6,Skip
1,talk,66,4,8,VOTE Agent[12]
1,talk,67,4,4,Skip
1,talk,68,4,9,Over
1,talk,69,4,12,Over
1,talk,70,4,15,Over
1,talk,71,4,11,ESTIMATE Agent[10] MEDIUM
1,talk,72,4,13,ESTIMATE Agent[03] VILLAGER
1,talk,73,4,7,Skip
1,talk,74,4,10,REQUEST(VOTE Agent[01])
1,talk,75,5,8,Skip
1,talk,76,5,1,Skip
1,talk,77,5,14,VOTE Agent[12]
1,talk,78,5,6,Skip
1,talk,79,5,7,Skip
1,talk,80,5,5,Skip
1,talk,81,5,11,ESTIMATE Agent[06] WEREWOLF
1,talk,82,5,10,VOTE Agent[04]
1,talk,83,5,9,Over
1,talk,84,5,15,ESTIMATE Agent[03] VILLAGER
1,talk,85,5,4,Skip
1,talk,86,5,3,Skip
1,talk,87,5,2,Skip
1,talk,88,5,12,Over
1,talk,89,5,13,Over
1,talk,90,6,13,Over
1,talk,91,6,4,Over
1,talk,92,6,15,Skip
1,talk,93,6,6,Over
1,talk,94,6,7,Over
1,talk,95,6,8,VOTE Agent[06]
1,talk,96,6,9,Over
1,talk,97,6,2,Skip
1,talk,98,6,14,Skip
1,talk,99,6,5,Skip
1,talk,100,6,12,Over
1,talk,101,6,3,Over
1,talk,102,6,11,Skip
1,talk,103,6,1,Skip
1,talk,104,6,10,REQUEST(VOTE Agent[04])
1,talk,105,7,8,Skip
1,talk,106,7,13,Over
1,talk,107,7,4,Over
1,talk,108,7,15,Skip
1,talk,109,7,2,Over
1,talk,110,7,3,Over
1,talk,111,7,11,Skip
1,talk,112,7,5,Over
1,talk,113,7,10,Skip
1,talk,114,7,12,Over
1,talk,115,7,1,Over
1,talk,116,7,14,Skip
1,talk,117,7,9,Over
1,talk,118,7,6,Over
1,talk,119,7,7,Over
1,talk,120,8,2,Over
1,talk,121,8,6,Over
1,talk,122,8,15,Over
1,talk,123,8,13,Over
1,talk,124,8,10,Skip
1,talk,125,8,9,Over
1,talk,126,8,11,Over
1,talk,127,8,14,Over
1,talk,128,8,1,Over
1,talk,129,8,12,Over
1,talk,130,8,4,Over
1,talk,131,8,7,Over
1,talk,132,8,3,Over
1,talk,133,8,8,Skip
1,talk,134,8,5,Over
1,talk,135,9,6,Over
1,talk,136,9,13,Over
1,talk,137,9,2,Over
1,talk,138,9,15,Over
1,talk,139,9,11,Over
1,talk,140,9,9,Over
1,talk,141,9,4,Over
1,talk,142,9,10,Over
1,talk,143,9,1,Over
1,talk,144,9,14,Over
1,talk,145,9,8,VOTE Agent[06]
1,talk,146,9,12,Over
1,talk,147,9,3,Over
1,talk,148,9,7,Over
1,talk,149,9,5,Over
1,talk,150,10,6,Over
1,talk,151,10,11,Over
1,talk,152,10,12,Over
1,talk,153,10,10,Over
1,talk,154,10,2,Over
1,talk,155,10,3,Over
1,talk,156,10,14,Over
1,talk,157,10,7,Over
1,talk,158,10,5,Over
1,talk,159,10,4,Over
1,talk,160,10,1,Over
1,talk,161,10,8,Skip
1,talk,162,10,13,Over
1,talk,163,10,9,Over
1,talk,164,10,15,Over
1,talk,165,11,2,Over
1,talk,166,11,3,Over
1,talk,167,11,8,Skip
1,talk,168,11,12,Over
1,talk,169,11,7,Over
1,talk,170,11,9,Over
1,talk,171,11,5,Over
1,talk,172,11,14,Over
1,talk,173,11,4,Over
1,talk,174,11,11,Over
1,talk,175,11,6,Over
1,talk,176,11,15,Over
1,talk,177,11,10,Over
1,talk,178,11,1,Over
1,talk,179,11,13,Over
1,talk,180,12,7,Over
1,talk,181,12,10,Over
1,talk,182,12,1,Over
1,talk,183,12,8,VOTE Agent[06]
1,talk,184,12,4,Over
1,talk,185,12,13,Over
1,talk,186,12,12,Over
1,talk,187,12,11,Over
1,talk,188,12,5,Over
1,talk,189,12,14,Over
1,talk,190,12,9,Over
1,talk,191,12,15,Over
1,talk,192,12,6,Over
1,talk,193,12,3,Over
1,talk,194,12,2,Over
1,talk,195,13,7,Over
1,talk,196,13,4,Over
1,talk,197,13,12,Over
1,talk,198,13,3,Over
1,talk,199,13,1,Over
1,talk,200,13,13,Over
1,talk,201,13,10,Over
1,talk,202,13,11,ESTIMATE Agent[13] VILLAGER
1,talk,203,13,9,Over
1,talk,204,13,14,Over
1,talk,205,13,2,Over
1,talk,206,13,6,Over
1,talk,207,13,8,Skip
1,talk,208,13,15,Over
1,talk,209,13,5,Over
1,talk,210,14,13,Over
1,talk,211,14,4,Over
1,talk,212,14,9,Over
1,talk,213,14,12,Over
1,talk,214,14,11,Over
1,talk,215,14,15,Over
1,talk,216,14,10,Over
1,talk,217,14,6,Over
1,talk,218,14,1,Over
1,talk,219,14,2,Over
1,talk,220,14,7,Over
1,talk,221,14,8,Skip
1,talk,222,14,3,Over
1,talk,223,14,5,Over
1,talk,224,14,14,Over
1,talk,225,15,15,Over
1,talk,226,15,3,Over
1,talk,227,15,13,Over
1,talk,228,15,5,Over
1,talk,229,15,10,Over
1,talk,230,15,7,Over
1,talk,231,15,14,Over
1,talk,232,15,2,Over
1,talk,233,15,4,Over
1,talk,234,15,6,Over
1,talk,235,15,12,Over
1,talk,236,15,9,Over
1,talk,237,15,11,Over
1,talk,238,15,8,VOTE Agent[06]
1,talk,239,15,1,Over
1,talk,240,16,1,Over
1,talk,241,16,10,Over
1,talk,242,16,14,Over
1,talk,243,16,12,Over
1,talk,244,16,8,Skip
1,talk,245,16,13,Over
1,talk,246,16,7,Over
1,talk,247,16,4,Over
1,talk,248,16,2,Over
1,talk,249,16,11,Over
1,talk,250,16,5,Over
1,talk,251,16,3,Over
1,talk,252,16,6,Over
1,talk,253,16,15,Over
1,talk,254,16,9,Over
1,talk,255,17,5,Over
1,talk,256,17,11,ESTIMATE Agent[06] WEREWOLF
1,talk,257,17,6,Over
1,talk,258,17,14,Over
1,talk,259,17,12,Over
1,talk,260,17,7,Over
1,talk,261,17,1,Over
1,talk,262,17,15,Over
1,talk,263,17,2,Over
1,talk,264,17,10,Over
1,talk,265,17,13,Over
1,talk,266,17,4,Over
1,talk,267,17,9,Over
1,talk,268,17,8,Skip
1,talk,269,17,3,Over
1,talk,270,18,13,Over
1,talk,271,18,7,Over
1,talk,272,18,3,Over
1,talk,273,18,1,Over
1,talk,274,18,15,Over
1,talk,275,18,5,Over
1,talk,276,18,11,Over
1,talk,277,18,6,Over
1,talk,278,18,8,VOTE Agent[06]
1,talk,279,18,9,Over
1,talk,280,18,12,Over
1,talk,281,18,4,Over
1,talk,282,18,10,Over
1,talk,283,18,14,Over
1,talk,284,18,2,Over
1,talk,285,19,10,Over
1,talk,286,19,7,Over
1,talk,287,19,12,Over
1,talk,288,19,6,Over
1,talk,289,19,1,Over
1,talk,290,19,5,Over
1,talk,291,19,2,Over
1,talk,292,19,14,Over
1,talk,293,19,9,Over
1,talk,294,19,8,Skip
1,talk,295,19,15,Over
1,talk,296,19,4,Over
1,talk,297,19,3,Over
1,talk,298,19,11,Over
1,talk,299,19,13,Over
1,vote,1,15
1,vote,2,4
1,vote,3,4
1,vote,4,13
1,vote,5,4
1,vote,6,15
1,vote,7,4
1,vote,8,6
1,vote,9,10
1,vote,10,4
1,vote,11,4
1,vote,12,4
1,vote,13,4
1,vote,14,12
1,vote,15,4
1,execute,4,MEDIUM
1,divine,9,13,HUMAN
1,whisper,0,0,6,ESTIMATE Agent[11] POSSESSED
1,whisper,1,0,10,ESTIMATE Agent[11] POSSESSED
1,whisper,2,0,14,COMINGOUT Agent[14] VILLAGER
1,whisper,3,1,6,ATTACK Agent[13]
1,whisper,4,1,14,Skip
1,whisper,5,1,10,ATTACK Agent[08]
1,whisper,6,2,6,REQUEST(ATTACK Agent[13])
1,whisper,7,2,10,REQUEST(ATTACK Agent[08])
1,whisper,8,2,14,Skip
1,whisper,9,3,6,DIVINED Agent[08] HUMAN
1,whisper,10,3,14,Over
1,whisper,11,3,10,IDENTIFIED Agent[04] WEREWOLF
1,whisper,12,4,10,Skip
1,whisper,13,4,14,Over
1,whisper,14,4,6,Skip
1,whisper,15,5,14,Over
1,whisper,16,5,10,Skip
1,whisper,17,5,6,Skip
1,whisper,18,6,6,Over
1,whisper,19,6,10,Over
1,whisper,20,6,14,Over
1,guard,15,1,VILLAGER
1,attackVote,6,13
1,attackVote,10,8
1,attackVote,14,5
1,attackVote,6,13
1,attackVote,10,8
1,attackVote,14,5
1,attack,8,true
2,status,1,VILLAGER,ALIVE,carlo
2,status,2,VILLAGER,ALIVE,m_cre
2,status,3,VILLAGER,ALIVE,cndl
2,status,4,MEDIUM,DEAD,AITKN
2,status,5,VILLAGER,ALIVE,aplain
2,status,6,WEREWOLF,ALIVE,takkyubu
2,status,7,VILLAGER,ALIVE,kasuka
2,status,8,VILLAGER,DEAD,johnny
2,status,9,SEER,ALIVE,hibagon
2,status,10,WEREWOLF,ALIVE,colun
2,status,11,POSSESSED,ALIVE,wasabi
2,status,12,VILLAGER,ALIVE,Udon
2,status,13,VILLAGER,ALIVE,JuN1Ro
2,status,14,WEREWOLF,ALIVE,cash
2,status,15,BODYGUARD,ALIVE,daisyo
2,talk,0,0,6,DIVINED Agent[08] HUMAN
2,talk,1,0,7,ESTIMATE Agent[10] WEREWOLF
2,talk,2,0,12,VOTE Agent[10]
2,talk,3,0,13,VOTE Agent[06]
2,talk,4,0,5,ESTIMATE Agent[15] WEREWOLF
2,talk,5,0,1,VOTE Agent[15]
2,talk,6,0,2,VOTE Agent[06]
2,talk,7,0,10,IDENTIFIED Agent[04] WEREWOLF
2,talk,8,0,11,DIVINED Agent[06] WEREWOLF
2,talk,9,0,9,DIVINED Agent[13] HUMAN
2,talk,10,0,15,VOTE Agent[14]
2,talk,11,0,14,VOTE Agent[12]
2,talk,12,0,3,VOTE Agent[10]
2,talk,13,1,13,VOTE Agent[06]
2,talk,14,1,12,Over
2,talk,15,1,3,Skip
2,talk,16,1,11,VOTE Agent[06]
2,talk,17,1,14,Skip
2,talk,18,1,5,REQUEST(Agent[09] DIVINATION Agent[15])
2,talk,19,1,6,VOTE Agent[15]
2,talk,20,1,2,Skip
2,talk,21,1,10,VOTE Agent[03]
2,talk,22,1,15,VOTE Agent[12]
2,talk,23,1,9,Over
2,talk,24,1,7,ESTIMATE Agent[06] WEREWOLF
2,talk,25,1,1,Skip
2,talk,26,2,14,VOTE Agent[03]
2,talk,27,2,6,REQUEST(VOTE Agent[15])
2,talk,28,2,9,Over
2,talk,29,2,1,Skip
2,talk,30,2,12,VOTE Agent[06]
2,talk,31,2,5,VOTE Agent[15]
2,talk,32,2,11,ESTIMATE Agent[14] VILLAGER
2,talk,33,2,7,ESTIMATE Agent[09] WEREWOLF
2,talk,34,2,3,VOTE Agent[15]
2,talk,35,2,15,ESTIMATE Agent[12] VILLAGER
2,talk,36,2,13,ESTIMATE Agent[06] WEREWOLF
2,talk,37,2,10,REQUEST(VOTE Agent[03])
2,talk,38,2,2,Skip
2,talk,39,3,7,VOTE Agent[06]
2,talk,40,3,5,Skip
2,talk,41,3,14,VOTE Agent[06]
2,talk,42,3,3,Skip
2,talk,43,3,11,Skip
2,talk,44,3,2,Over
2,talk,45,3,13,Over
2,talk,46,3,15,ESTIMATE Agent[13] VILLAGER
2,talk,47,3,1,Over
2,talk,48,3,12,Over
2,talk,49,3,10,Skip
2,talk,50,3,6,Skip
2,talk,51,3,9,Over
2,talk,52,4,11,ESTIMATE Agent[07] VILLAGER
2,talk,53,4,3,VOTE Agent[10]
2,talk,54,4,15,ESTIMATE Agent[01] VILLAGER
2,talk,55,4,7,Skip
2,talk,56,4,12,Over
2,talk,57,4,13,Over
2,talk,58,4,10,Skip
2,talk,59,4,1,Over
2,talk,60,4,5,Skip
2,talk,61,4,9,Over
2,talk,62,4,2,Over
2,talk,63,4,6,Skip
2,talk,64,4,14,VOTE Agent[03]
2,talk,65,5,13,Over
2,talk,66,5,9,Over
2,talk,67,5,14,VOTE Agent[12]
2,talk,68,5,3,Skip
2,talk,69,5,11,Skip
2,talk,70,5,7,Skip
2,talk,71,5,1,Over
2,talk,72,5,2,Over
2,talk,73,5,12,Over
2,talk,74,5,15,Over
2,talk,75,5,5,Over
2,talk,76,5,6,Over
2,talk,77,5,10,Over
2,talk,78,6,3,Skip
2,talk,79,6,6,Over
2,talk,80,6,10,Over
2,talk,81,6,15,Over
2,talk,82,6,12,Over
2,talk,83,6,5,Over
2,talk,84,6,2,Over
2,talk,85,6,11,Skip
2,talk,86,6,9,Over
2,talk,87,6,13,Over
2,talk,88,6,7,Over
2,talk,89,6,14,Skip
2,talk,90,6,1,Over
2,talk,91,7,6,Over
2,talk,92,7,1,Over
2,talk,93,7,2,Over
2,talk,94,7,14,Skip
2,talk,95,7,3,Over
2,talk,96,7,9,Over
2,talk,97,7,7,Over
2,talk,98,7,15,Skip
2,talk,99,7,11,Over
2,talk,100,7,5,Over
2,talk,101,7,10,Over
2,talk,102,7,13,Over
2,talk,103,7,12,Over
2,talk,104,8,2,Over
2,talk,105,8,15,Over
2,talk,106,8,6,Over
2,talk,107,8,9,Over
2,talk,108,8,10,Over
2,talk,109,8,12,Over
2,talk,110,8,7,Over
2,talk,111,8,13,Over
2,talk,112,8,5,Over
2,talk,113,8,1,Over
2,talk,114,8,11,Over
2,talk,115,8,14,Over
2,talk,116,8,3,Over
2,vote,1,15
2,vote,2,6
2,vote,3,10
2,vote,5,15
2,vote,6,15
2,vote,7,6
2,vote,9,12
2,vote,10,3
2,vote,11,6
2,vote,12,6
2,vote,13,6
2,vote,14,12
2,vote,15,12
2,execute,6,WEREWOLF
2,divine,9,15,HUMAN
2,whisper,0,0,10,ATTACK Agent[09]
2,whisper,1,0,14,COMINGOUT Agent[14] VILLAGER
2,whisper,2,1,10,REQUEST(ATTACK Agent[09])
2,whisper,3,1,14,Skip
2,whisper,4,2,14,Skip
2,whisper,5,2,10,IDENTIFIED Agent[06] HUMAN
2,whisper,6,3,14,Over
2,whisper,7,3,10,Skip
2,whisper,8,4,14,Over
2,whisper,9,4,10,Skip
2,whisper,10,5,10,Over
2,whisper,11,5,14,Over
2,guard,15,7,VILLAGER
2,attackVote,10,9
2,attackVote,14,1
2,attackVote,10,9
2,attackVote,14,1
2,attack,1,true
3,status,1,VILLAGER,DEAD,carlo
3,status,2,VILLAGER,ALIVE,m_cre
3,status,3,VILLAGER,ALIVE,cndl
3,status,4,MEDIUM,DEAD,AITKN
3,status,5,VILLAGER,ALIVE,aplain
3,status,6,WEREWOLF,DEAD,takkyubu
3,status,7,VILLAGER,ALIVE,kasuka
3,status,8,VILLAGER,DEAD,johnny
3,status,9,SEER,ALIVE,hibagon
3,status,10,WEREWOLF,ALIVE,colun
3,status,11,POSSESSED,ALIVE,wasabi
3,status,12,VILLAGER,ALIVE,Udon
3,status,13,VILLAGER,ALIVE,JuN1Ro
3,status,14,WEREWOLF,ALIVE,cash
3,status,15,BODYGUARD,ALIVE,daisyo
3,talk,0,0,13,VOTE Agent[14]
3,talk,1,0,12,VOTE Agent[10]
3,talk,2,0,7,ESTIMATE Agent[10] WEREWOLF
3,talk,3,0,15,VOTE Agent[12]
3,talk,4,0,3,VOTE Agent[10]
3,talk,5,0,14,VOTE Agent[12]
3,talk,6,0,10,IDENTIFIED Agent[06] HUMAN
3,talk,7,0,5,AGREE TALK day2 ID:4
3,talk,8,0,9,DIVINED Agent[15] HUMAN
3,talk,9,0,11,DIVINED Agent[14] HUMAN
3,talk,10,0,2,VOTE Agent[15]
3,talk,11,1,15,ESTIMATE Agent[12] VILLAGER
3,talk,12,1,7,ESTIMATE Agent[06] WEREWOLF
3,talk,13,1,12,Over
3,talk,14,1,9,Over
3,talk,15,1,14,VOTE Agent[13]
3,talk,16,1,2,Skip
3,talk,17,1,10,VOTE Agent[05]
3,talk,18,1,11,Skip
3,talk,19,1,5,ESTIMATE Agent[15] WEREWOLF
3,talk,20,1,3,VOTE Agent[15]
3,talk,21,1,13,Over
3,talk,22,2,14,VOTE Agent[05]
3,talk,23,2,13,Over
3,talk,24,2,15,Over
3,talk,25,2,10,REQUEST(VOTE Agent[05])
3,talk,26,2,3,Skip
3,talk,27,2,5,REQUEST(Agent[09] DIVINATION Agent[15])
3,talk,28,2,9,Over
3,talk,29,2,2,Skip
3,talk,30,2,11,Skip
3,talk,31,2,12,Over
3,talk,32,2,7,ESTIMATE Agent[09] WEREWOLF
3,talk,33,3,2,Over
3,talk,34,3,9,Over
3,talk,35,3,5,VOTE Agent[15]
3,talk,36,3,15,Over
3,talk,37,3,3,Skip
3,talk,38,3,13,Over
3,talk,39,3,14,Skip
3,talk,40,3,10,Skip
3,talk,41,3,7,VOTE Agent[10]
3,talk,42,3,11,Over
3,talk,43,3,12,Over
3,talk,44,4,11,VOTE Agent[15]
3,talk,45,4,14,VOTE Agent[09]
3,talk,46,4,2,Over
3,talk,47,4,9,Over
3,talk,48,4,7,Skip
3,talk,49,4,12,Over
3,talk,50,4,10,Skip
3,talk,51,4,15,ESTIMATE Agent[13] VILLAGER
3,talk,52,4,3,Over
3,talk,53,4,13,ESTIMATE Agent[14] WEREWOLF
3,talk,54,4,5,Skip
3,talk,55,5,3,Over
3,talk,56,5,13,ESTIMATE Agent[14] VILLAGER
3,talk,57,5,12,Over
3,talk,58,5,2,Over
3,talk,59,5,15,Skip
3,talk,60,5,5,Skip
3,talk,61,5,10,Over
3,talk,62,5,9,Over
3,talk,63,5,14,Skip
3,talk,64,5,7,Skip
3,talk,65,5,11,ESTIMATE Agent[02] WEREWOLF
3,talk,66,6,10,Over
3,talk,67,6,2,Over
3,talk,68,6,7,Over
3,talk,69,6,12,Over
3,talk,70,6,5,Over
3,talk,71,6,9,Over
3,talk,72,6,11,Over
3,talk,73,6,3,Over
3,talk,74,6,13,VOTE Agent[15]
3,talk,75,6,15,Over
3,talk,76,6,14,Skip
3,talk,77,7,5,Over
3,talk,78,7,11,Over
3,talk,79,7,12,Over
3,talk,80,7,3,Over
3,talk,81,7,15,ESTIMATE Agent[03] VILLAGER
3,talk,82,7,2,Over
3,talk,83,7,10,Over
3,talk,84,7,7,Over
3,talk,85,7,13,VOTE Agent[14]
3,talk,86,7,14,Over
3,talk,87,7,9,Over
3,talk,88,8,14,Over
3,talk,89,8,15,Over
3,talk,90,8,12,Over
3,talk,91,8,9,Over
3,talk,92,8,10,Over
3,talk,93,8,3,Over
3,talk,94,8,7,Over
3,talk,95,8,5,Over
3,talk,96,8,11,ESTIMATE Agent[02] WEREWOLF
3,talk,97,8,2,Over
3,talk,98,8,13,Over
3,talk,99,9,10,Over
3,talk,100,9,12,Over
3,talk,101,9,9,Over
3,talk,102,9,13,ESTIMATE Agent[14] WEREWOLF
3,talk,103,9,5,Over
3,talk,104,9,3,Over
3,talk,105,9,7,Over
3,talk,106,9,14,Over
3,talk,107,9,15,Over
3,talk,108,9,2,Over
3,talk,109,9,11,Over
3,talk,110,10,3,Over
3,talk,111,10,15,Over
3,talk,112,10,5,Over
3,talk,113,10,2,Over
3,talk,114,10,12,Over
3,talk,115,10,7,Over
3,talk,116,10,14,Over
3,talk,117,10,11,Over
3,talk,118,10,9,Over
3,talk,119,10,13,Over
3,talk,120,10,10,Over
3,vote,2,15
3,vote,3,15
3,vote,5,15
3,vote,7,10
3,vote,9,14
3,vote,10,5
3,vote,11,15
3,vote,12,10
3,vote,13,14
3,vote,14,9
3,vote,15,12
3,execute,15,BODYGUARD
3,divine,9,2,HUMAN
3,whisper,0,0,14,COMINGOUT Agent[14] VILLAGER
3,whisper,1,0,10,ATTACK Agent[07]
3,whisper,2,1,10,REQUEST(ATTACK Agent[07])
3,whisper,3,1,14,Skip
3,whisper,4,2,14,Skip
3,whisper,5,2,10,IDENTIFIED Agent[15] WEREWOLF
3,whisper,6,3,10,Skip
3,whisper,7,3,14,Over
3,whisper,8,4,14,Over
3,whisper,9,4,10,Skip
3,whisper,10,5,14,Over
3,whisper,11,5,10,Over
3,attackVote,10,7
3,attack,7,true
4,status,1,VILLAGER,DEAD,carlo
4,status,2,VILLAGER,ALIVE,m_cre
4,status,3,VILLAGER,ALIVE,cndl
4,status,4,MEDIUM,DEAD,AITKN
4,status,5,VILLAGER,ALIVE,aplain
4,status,6,WEREWOLF,DEAD,takkyubu
4,status,7,VILLAGER,DEAD,kasuka
4,status,8,VILLAGER,DEAD,johnny
4,status,9,SEER,ALIVE,hibagon
4,status,10,WEREWOLF,ALIVE,colun
4,status,11,POSSESSED,ALIVE,wasabi
4,status,12,VILLAGER,ALIVE,Udon
4,status,13,VILLAGER,ALIVE,JuN1Ro
4,status,14,WEREWOLF,ALIVE,cash
4,status,15,BODYGUARD,DEAD,daisyo
4,talk,0,0,10,IDENTIFIED Agent[15] WEREWOLF
4,talk,1,0,13,VOTE Agent[14]
4,talk,2,0,14,VOTE Agent[09]
4,talk,3,0,2,VOTE Agent[10]
4,talk,4,0,11,DIVINED Agent[02] WEREWOLF
4,talk,5,0,3,VOTE Agent[10]
4,talk,6,0,9,DIVINED Agent[02] HUMAN
4,talk,7,0,5,VOTE Agent[12]
4,talk,8,0,12,VOTE Agent[11]
4,talk,9,1,5,AGREE TALK day3 ID:65
4,talk,10,1,3,Skip
4,talk,11,1,14,VOTE Agent[02]
4,talk,12,1,2,VOTE Agent[09]
4,talk,13,1,11,Skip
4,talk,14,1,10,VOTE Agent[12]
4,talk,15,1,12,VOTE Agent[10]
4,talk,16,1,9,Over
4,talk,17,1,13,ESTIMATE Agent[14] WEREWOLF
4,talk,18,2,9,Over
4,talk,19,2,5,AGREE TALK day3 ID:96
4,talk,20,2,11,Skip
4,talk,21,2,14,Skip
4,talk,22,2,13,ESTIMATE Agent[14] WEREWOLF
4,talk,23,2,12,Over
4,talk,24,2,3,Skip
4,talk,25,2,10,REQUEST(VOTE Agent[12])
4,talk,26,2,2,Skip
4,talk,27,3,14,Skip
4,talk,28,3,2,Skip
4,talk,29,3,12,Over
4,talk,30,3,10,Skip
4,talk,31,3,3,Over
4,talk,32,3,13,Over
4,talk,33,3,9,Over
4,talk,34,3,11,Over
4,talk,35,3,5,ESTIMATE Agent[02] WEREWOLF
4,talk,36,4,11,Over
4,talk,37,4,12,Over
4,talk,38,4,5,REQUEST(Agent[09] DIVINATION Agent[02])
4,talk,39,4,3,Over
4,talk,40,4,2,Over
4,talk,41,4,9,Over
4,talk,42,4,13,Over
4,talk,43,4,14,Over
4,talk,44,4,10,Skip
4,talk,45,5,10,Over
4,talk,46,5,13,Over
4,talk,47,5,11,VOTE Agent[13]
4,talk,48,5,5,VOTE Agent[02]
4,talk,49,5,2,Over
4,talk,50,5,3,Over
4,talk,51,5,14,Over
4,talk,52,5,9,Over
4,talk,53,5,12,Over
4,talk,54,6,12,Over
4,talk,55,6,11,Over
4,talk,56,6,5,Skip
4,talk,57,6,9,Over
4,talk,58,6,10,Over
4,talk,59,6,2,Over
4,talk,60,6,3,Over
4,talk,61,6,13,Over
4,talk,62,6,14,Over
4,talk,63,7,11,Over
4,talk,64,7,9,Over
4,talk,65,7,5,Skip
4,talk,66,7,10,Over
4,talk,67,7,3,Over
4,talk,68,7,14,Over
4,talk,69,7,2,Over
4,talk,70,7,13,ESTIMATE Agent[14] WEREWOLF
4,talk,71,7,12,Over
4,talk,72,8,11,ESTIMATE Agent[03] WEREWOLF
4,talk,73,8,12,Over
4,talk,74,8,3,Over
4,talk,75,8,10,Over
4,talk,76,8,2,Over
4,talk,77,8,14,Over
4,talk,78,8,13,Over
4,talk,79,8,9,Over
4,talk,80,8,5,Over
4,talk,81,9,11,Over
4,talk,82,9,2,Over
4,talk,83,9,9,Over
4,talk,84,9,14,Over
4,talk,85,9,12,Over
4,talk,86,9,13,Over
4,talk,87,9,10,Over
4,talk,88,9,3,Over
4,talk,89,9,5,Over
4,vote,2,9
4,vote,3,10
4,vote,5,2
4,vote,9,10
4,vote,10,12
4,vote,11,13
4,vote,12,10
4,vote,13,14
4,vote,14,2
4,execute,10,WEREWOLF
4,divine,9,5,HUMAN
4,attackVote,14,5
4,attack,5,true
5,status,1,VILLAGER,DEAD,carlo
5,status,2,VILLAGER,ALIVE,m_cre
5,status,3,VILLAGER,ALIVE,cndl
5,status,4,MEDIUM,DEAD,AITKN
5,status,5,VILLAGER,DEAD,aplain
5,status,6,WEREWOLF,DEAD,takkyubu
5,status,7,VILLAGER,DEAD,kasuka
5,status,8,VILLAGER,DEAD,johnny
5,status,9,SEER,ALIVE,hibagon
5,status,10,WEREWOLF,DEAD,colun
5,status,11,POSSESSED,ALIVE,wasabi
5,status,12,VILLAGER,ALIVE,Udon
5,status,13,VILLAGER,ALIVE,JuN1Ro
5,status,14,WEREWOLF,ALIVE,cash
5,status,15,BODYGUARD,DEAD,daisyo
5,talk,0,0,9,DIVINED Agent[05] HUMAN
5,talk,1,0,3,VOTE Agent[13]
5,talk,2,0,11,DIVINED Agent[13] WEREWOLF
5,talk,3,0,12,VOTE Agent[11]
5,talk,4,0,2,VOTE Agent[09]
5,talk,5,0,13,VOTE Agent[14]
5,talk,6,0,14,VOTE Agent[12]
5,talk,7,1,14,Skip
5,talk,8,1,9,Over
5,talk,9,1,12,Over
5,talk,10,1,3,Skip
5,talk,11,1,13,VOTE Agent[11]
5,talk,12,1,2,Skip
5,talk,13,1,11,Skip
5,talk,14,2,14,VOTE Agent[02]
5,talk,15,2,13,COMINGOUT Agent[13] BODYGUARD
5,talk,16,2,3,Skip
5,talk,17,2,12,Over
5,talk,18,2,2,Skip
5,talk,19,2,9,Over
5,talk,20,2,11,Skip
5,talk,21,3,14,Skip
5,talk,22,3,12,Over
5,talk,23,3,9,Over
5,talk,24,3,2,Over
5,talk,25,3,11,Over
5,talk,26,3,3,VOTE Agent[02]
5,talk,27,3,13,Over
5,talk,28,4,11,VOTE Agent[12]
5,talk,29,4,14,Skip
5,talk,30,4,13,Over
5,talk,31,4,2,Over
5,talk,32,4,9,Over
5,talk,33,4,12,Over
5,talk,34,4,3,Skip
5,talk,35,5,2,Over
5,talk,36,5,14,Over
5,talk,37,5,13,ESTIMATE Agent[14] VILLAGER
5,talk,38,5,3,Skip
5,talk,39,5,11,Over
5,talk,40,5,9,Over
5,talk,41,5,12,Over
5,talk,42,6,11,Over
5,talk,43,6,12,Over
5,talk,44,6,13,Over
5,talk,45,6,2,Over
5,talk,46,6,3,Over
5,talk,47,6,9,Over
5,talk,48,6,14,Over
5,vote,2,9
5,vote,3,2
5,vote,9,3
5,vote,11,12
5,vote,12,11
5,vote,13,11
5,vote,14,2
5,vote,2,11
5,vote,3,2
5,vote,9,14
5,vote,11,3
5,vote,12,11
5,vote,13,11
5,vote,14,2
5,execute,11,POSSESSED
5,divine,9,14,WEREWOLF
5,attackVote,14,13
5,attack,13,true
6,status,1,VILLAGER,DEAD,carlo
6,status,2,VILLAGER,ALIVE,m_cre
6,status,3,VILLAGER,ALIVE,cndl
6,status,4,MEDIUM,DEAD,AITKN
6,status,5,VILLAGER,DEAD,aplain
6,status,6,WEREWOLF,DEAD,takkyubu
6,status,7,VILLAGER,DEAD,kasuka
6,status,8,VILLAGER,DEAD,johnny
6,status,9,SEER,ALIVE,hibagon
6,status,10,WEREWOLF,DEAD,colun
6,status,11,POSSESSED,DEAD,wasabi
6,status,12,VILLAGER,ALIVE,Udon
6,status,13,VILLAGER,DEAD,JuN1Ro
6,status,14,WEREWOLF,ALIVE,cash
6,status,15,BODYGUARD,DEAD,daisyo
6,talk,0,0,12,VOTE Agent[14]
6,talk,1,0,3,VOTE Agent[14]
6,talk,2,0,14,VOTE Agent[02]
6,talk,3,0,9,DIVINED Agent[14] WEREWOLF
6,talk,4,0,2,VOTE Agent[09]
6,talk,5,1,12,Over
6,talk,6,1,3,Skip
6,talk,7,1,9,Over
6,talk,8,1,14,VOTE Agent[12]
6,talk,9,1,2,Skip
6,talk,10,2,2,Skip
6,talk,11,2,3,Skip
6,talk,12,2,9,Over
6,talk,13,2,14,Skip
6,talk,14,2,12,Over
6,talk,15,3,14,Skip
6,talk,16,3,3,Over
6,talk,17,3,12,Over
6,talk,18,3,2,Over
6,talk,19,3,9,Over
6,talk,20,4,14,Over
6,talk,21,4,2,Over
6,talk,22,4,9,Over
6,talk,23,4,12,Over
6,talk,24,4,3,Over
6,vote,2,9
6,vote,3,14
6,vote,9,14
6,vote,12,14
6,vote,14,12
6,execute,14,WEREWOLF
6,divine,9,12,HUMAN
7,status,1,VILLAGER,DEAD,carlo
7,status,2,VILLAGER,ALIVE,m_cre
7,status,3,VILLAGER,ALIVE,cndl
7,status,4,MEDIUM,DEAD,AITKN
7,status,5,VILLAGER,DEAD,aplain
7,status,6,WEREWOLF,DEAD,takkyubu
7,status,7,VILLAGER,DEAD,kasuka
7,status,8,VILLAGER,DEAD,johnny
7,status,9,SEER,ALIVE,hibagon
7,status,10,WEREWOLF,DEAD,colun
7,status,11,POSSESSED,DEAD,wasabi
7,status,12,VILLAGER,ALIVE,Udon
7,status,13,VILLAGER,DEAD,JuN1Ro
7,status,14,WEREWOLF,DEAD,cash
7,status,15,BODYGUARD,DEAD,daisyo
7,result,4,0,VILLAGER
