0,status,1,SEER,ALIVE,cndl
0,status,2,VILLAGER,ALIVE,Romanesco
0,status,3,VILLAGER,ALIVE,Udon
0,status,4,WEREWOLF,ALIVE,Litt1eGirl
0,status,5,POSSESSED,ALIVE,spicy2
0,divine,1,2,HUMAN
1,status,1,SEER,ALIVE,cndl
1,status,2,VILLAGER,ALIVE,Romanesco
1,status,3,VILLAGER,ALIVE,Udon
1,status,4,WEREWOLF,ALIVE,Litt1eGirl
1,status,5,POSSESSED,ALIVE,spicy2
1,talk,0,0,1,COMINGOUT Agent[01] SEER
1,talk,1,0,4,VOTE Agent[02]
1,talk,2,0,5,COMINGOUT Agent[05] SEER
1,talk,3,0,3,VOTE Agent[01]
1,talk,4,0,2,VOTE Agent[01]
1,talk,5,1,3,VOTE Agent[02]
1,talk,6,1,2,Skip
1,talk,7,1,1,DIVINED Agent[03] WEREWOLF
1,talk,8,1,5,DIVINED Agent[02] HUMAN
1,talk,9,1,4,VOTE Agent[03]
1,talk,10,2,1,VOTE Agent[03]
1,talk,11,2,3,VOTE Agent[04]
1,talk,12,2,4,Over
1,talk,13,2,2,VOTE Agent[03]
1,talk,14,2,5,VOTE Agent[02]
1,talk,15,3,3,Over
1,talk,16,3,5,Skip
1,talk,17,3,1,Skip
1,talk,18,3,2,Skip
1,talk,19,3,4,Over
1,talk,20,4,2,Skip
1,talk,21,4,4,Over
1,talk,22,4,3,Over
1,talk,23,4,5,Skip
1,talk,24,4,1,Skip
1,talk,25,5,4,Over
1,talk,26,5,3,Over
1,talk,27,5,5,Over
1,talk,28,5,2,Over
1,talk,29,5,1,Over
1,vote,1,3
1,vote,2,3
1,vote,3,4
1,vote,4,3
1,vote,5,2
1,execute,3,VILLAGER
1,divine,1,4,WEREWOLF
1,attackVote,4,2
1,attack,2,true
2,status,1,SEER,ALIVE,cndl
2,status,2,VILLAGER,DEAD,Romanesco
2,status,3,VILLAGER,DEAD,Udon
2,status,4,WEREWOLF,ALIVE,Litt1eGirl
2,status,5,POSSESSED,ALIVE,spicy2
2,talk,0,0,5,COMINGOUT Agent[05] POSSESSED
2,talk,1,0,1,COMINGOUT Agent[01] POSSESSED
2,talk,2,0,4,COMINGOUT Agent[04] WEREWOLF
2,talk,3,1,4,VOTE Agent[01]
2,talk,4,1,5,DIVINED Agent[04] HUMAN
2,talk,5,1,1,VOTE Agent[05]
2,talk,6,2,5,VOTE Agent[02]
2,talk,7,2,1,Skip
2,talk,8,2,4,Over
2,talk,9,3,1,Skip
2,talk,10,3,4,ESTIMATE Agent[05] WEREWOLF
2,talk,11,3,5,Skip
2,talk,12,4,5,Skip
2,talk,13,4,1,Over
2,talk,14,4,4,VOTE Agent[01]
2,talk,15,5,4,VOTE Agent[01]
2,talk,16,5,1,Over
2,talk,17,5,5,Over
2,talk,18,6,5,Over
2,talk,19,6,4,Over
2,talk,20,6,1,Over
2,vote,1,4
2,vote,4,1
2,vote,5,1
2,execute,1,SEER
2,attackVote,4,5
2,attack,5,true
3,status,1,SEER,DEAD,cndl
3,status,2,VILLAGER,DEAD,Romanesco
3,status,3,VILLAGER,DEAD,Udon
3,status,4,WEREWOLF,ALIVE,Litt1eGirl
3,status,5,POSSESSED,DEAD,spicy2
3,result,0,1,WEREWOLF
