0,status,1,SEER,ALIVE,cndl
0,status,2,POSSESSED,ALIVE,Romanesco
0,status,3,VILLAGER,ALIVE,Udon
0,status,4,WEREWOLF,ALIVE,Litt1eGirl
0,status,5,VILLAGER,ALIVE,spicy2
0,divine,1,2,HUMAN
1,status,1,SEER,ALIVE,cndl
1,status,2,POSSESSED,ALIVE,Romanesco
1,status,3,VILLAGER,ALIVE,Udon
1,status,4,WEREWOLF,ALIVE,Litt1eGirl
1,status,5,VILLAGER,ALIVE,spicy2
1,talk,0,0,1,COMINGOUT Agent[01] SEER
1,talk,1,0,5,VOTE Agent[01]
1,talk,2,0,3,VOTE Agent[02]
1,talk,3,0,2,COMINGOUT Agent[02] SEER
1,talk,4,0,4,VOTE Agent[02]
1,talk,5,1,1,DIVINED Agent[03] WEREWOLF
1,talk,6,1,2,DIVINED Agent[01] WEREWOLF
1,talk,7,1,5,VOTE Agent[03]
1,talk,8,1,3,VOTE Agent[04]
1,talk,9,1,4,Over
1,talk,10,2,5,Skip
1,talk,11,2,2,VOTE Agent[01]
1,talk,12,2,1,VOTE Agent[03]
1,talk,13,2,3,Over
1,talk,14,2,4,VOTE Agent[01]
1,talk,15,3,2,Skip
1,talk,16,3,1,Skip
1,talk,17,3,4,Over
1,talk,18,3,5,Skip
1,talk,19,3,3,Over
1,talk,20,4,2,Skip
1,talk,21,4,1,Skip
1,talk,22,4,3,Over
1,talk,23,4,5,Over
1,talk,24,4,4,ESTIMATE Agent[01] WEREWOLF
1,talk,25,5,2,Over
1,talk,26,5,5,Over
1,talk,27,5,3,Over
1,talk,28,5,4,Over
1,talk,29,5,1,Over
1,vote,1,4
1,vote,2,1
1,vote,3,4
1,vote,4,1
1,vote,5,3
1,vote,1,4
1,vote,2,1
1,vote,3,4
1,vote,4,1
1,vote,5,3
1,execute,4,WEREWOLF
1,divine,1,3,HUMAN
2,status,1,SEER,ALIVE,cndl
2,status,2,POSSESSED,ALIVE,Romanesco
2,status,3,VILLAGER,ALIVE,Udon
2,status,4,WEREWOLF,DEAD,Litt1eGirl
2,status,5,VILLAGER,ALIVE,spicy2
2,result,4,0,VILLAGER
