0,status,1,MEDIUM,ALIVE,kenzi
0,status,2,BODYGUARD,ALIVE,hello_wolf
0,status,3,VILLAGER,ALIVE,Dummy_01
0,status,4,VILLAGER,ALIVE,Tomato
0,status,5,WEREWOLF,ALIVE,Dummy_03
0,status,6,SEER,ALIVE,Udon
0,status,7,VILLAGER,ALIVE,Dummy_02
0,status,8,POSSESSED,ALIVE,fisherman
0,status,9,VILLAGER,ALIVE,takeda
0,status,10,VILLAGER,ALIVE,GO1DeNO
0,status,11,VILLAGER,ALIVE,wasabi
0,status,12,WEREWOLF,ALIVE,fanfan
0,status,13,VILLAGER,ALIVE,calups
0,status,14,VILLAGER,ALIVE,sonoda
0,status,15,WEREWOLF,ALIVE,cantar
0,whisper,0,0,5,COMINGOUT Agent[05] SEER
0,whisper,1,0,12,COMINGOUT Agent[12] VILLAGER
0,whisper,2,0,15,COMINGOUT Agent[15] SEER
0,whisper,3,1,5,Skip
0,whisper,4,1,15,COMINGOUT Agent[15] SEER
0,whisper,5,1,12,Skip
0,whisper,6,2,15,COMINGOUT Agent[15] SEER
0,whisper,7,2,12,Skip
0,whisper,8,2,5,Skip
0,whisper,9,3,12,Over
0,whisper,10,3,15,COMINGOUT Agent[15] SEER
0,whisper,11,3,5,COMINGOUT Agent[05] VILLAGER
0,whisper,12,4,15,COMINGOUT Agent[15] SEER
0,whisper,13,4,12,Over
0,whisper,14,4,5,Skip
0,whisper,15,5,15,COMINGOUT Agent[15] SEER
0,whisper,16,5,12,Over
0,whisper,17,5,5,Skip
0,whisper,18,6,5,Over
0,whisper,19,6,15,COMINGOUT Agent[15] SEER
0,whisper,20,6,12,Over
0,whisper,21,7,12,Over
0,whisper,22,7,15,COMINGOUT Agent[15] SEER
0,whisper,23,7,5,Over
0,whisper,24,8,5,Over
0,whisper,25,8,15,COMINGOUT Agent[15] SEER
0,whisper,26,8,12,Over
0,whisper,27,9,15,COMINGOUT Agent[15] SEER
0,whisper,28,9,5,Over
0,whisper,29,9,12,Over
0,whisper,30,10,15,Over
0,whisper,31,10,5,Over
0,whisper,32,10,12,Over
0,divine,6,12,WEREWOLF
1,status,1,MEDIUM,ALIVE,kenzi
1,status,2,BODYGUARD,ALIVE,hello_wolf
1,status,3,VILLAGER,ALIVE,Dummy_01
1,status,4,VILLAGER,ALIVE,Tomato
1,status,5,WEREWOLF,ALIVE,Dummy_03
1,status,6,SEER,ALIVE,Udon
1,status,7,VILLAGER,ALIVE,Dummy_02
1,status,8,POSSESSED,ALIVE,fisherman
1,status,9,VILLAGER,ALIVE,takeda
1,status,10,VILLAGER,ALIVE,GO1DeNO
1,status,11,VILLAGER,ALIVE,wasabi
1,status,12,WEREWOLF,ALIVE,fanfan
1,status,13,VILLAGER,ALIVE,calups
1,status,14,VILLAGER,ALIVE,sonoda
1,status,15,WEREWOLF,ALIVE,cantar
1,talk,0,0,10,VOTE Agent[14]
1,talk,1,0,13,Skip
1,talk,2,0,8,COMINGOUT Agent[08] SEER
1,talk,3,0,6,COMINGOUT Agent[06] SEER
1,talk,4,0,2,VOTE Agent[12]
1,talk,5,0,14,VOTE Agent[01]
1,talk,6,0,9,VOTE Agent[03]
1,talk,7,0,12,VOTE Agent[06]
1,talk,8,0,15,COMINGOUT Agent[15] SEER
1,talk,9,0,5,Skip
1,talk,10,0,3,Skip
1,talk,11,0,7,Skip
1,talk,12,0,1,Skip
1,talk,13,0,11,ESTIMATE Agent[06] WEREWOLF
1,talk,14,0,4,VOTE Agent[13]
1,talk,15,1,15,COMINGOUT Agent[15] SEER
1,talk,16,1,7,Skip
1,talk,17,1,14,VOTE Agent[06]
1,talk,18,1,4,VOTE Agent[01]
1,talk,19,1,1,Skip
1,talk,20,1,3,Skip
1,talk,21,1,2,VOTE Agent[15]
1,talk,22,1,12,VOTE Agent[14]
1,talk,23,1,13,Skip
1,talk,24,1,6,DIVINED Agent[12] WEREWOLF
1,talk,25,1,10,VOTE Agent[15]
1,talk,26,1,8,DIVINED Agent[12] WEREWOLF
1,talk,27,1,5,Skip
1,talk,28,1,9,Skip
1,talk,29,1,11,ESTIMATE Agent[06] WEREWOLF
1,talk,30,2,8,Skip
1,talk,31,2,6,VOTE Agent[12]
1,talk,32,2,11,ESTIMATE Agent[15] WEREWOLF
1,talk,33,2,10,VOTE Agent[12]
1,talk,34,2,13,Over
1,talk,35,2,9,Skip
1,talk,36,2,3,AND (VOTE Agent[11]) (REQUEST ANY (VOTE Agent[11]))
1,talk,37,2,2,Skip
1,talk,38,2,14,Skip
1,talk,39,2,1,VOTED Agent[09]
1,talk,40,2,12,Skip
1,talk,41,2,7,AND (VOTE Agent[04]) (REQUEST ANY (VOTE Agent[04]))
1,talk,42,2,4,VOTE Agent[06]
1,talk,43,2,15,COMINGOUT Agent[15] SEER
1,talk,44,2,5,AND (VOTE Agent[04]) (REQUEST ANY (VOTE Agent[04]))
1,talk,45,3,14,Skip
1,talk,46,3,13,Over
1,talk,47,3,12,Skip
1,talk,48,3,6,Over
1,talk,49,3,9,VOTE Agent[15]
1,talk,50,3,2,VOTE Agent[12]
1,talk,51,3,7,Skip
1,talk,52,3,10,Skip
1,talk,53,3,8,Skip
1,talk,54,3,15,COMINGOUT Agent[15] SEER
1,talk,55,3,11,VOTE Agent[12]
1,talk,56,3,4,VOTE Agent[12]
1,talk,57,3,1,COMINGOUT Agent[06] BODYGUARD
1,talk,58,3,5,Skip
1,talk,59,3,3,AND (VOTE Agent[04]) (REQUEST ANY (VOTE Agent[04]))
1,talk,60,4,10,Skip
1,talk,61,4,7,Skip
1,talk,62,4,3,Skip
1,talk,63,4,4,Skip
1,talk,64,4,15,COMINGOUT Agent[15] SEER
1,talk,65,4,14,Over
1,talk,66,4,9,Skip
1,talk,67,4,6,Over
1,talk,68,4,1,AGREE TALK day1 ID:35
1,talk,69,4,2,Skip
1,talk,70,4,12,Over
1,talk,71,4,13,Over
1,talk,72,4,5,Skip
1,talk,73,4,11,Skip
1,talk,74,4,8,Over
1,talk,75,5,1,Skip
1,talk,76,5,6,Over
1,talk,77,5,13,OR (VOTE Agent[01]) (VOTE Agent[02]) (VOTE Agent[03]) (VOTE Agent[04]) (VOTE Agent[05]) (VOTE Agent[07]) (VOTE Agent[09]) (VOTE Agent[10]) (VOTE Agent[11]) (VOTE Agent[14]) 
1,talk,78,5,15,COMINGOUT Agent[15] SEER
1,talk,79,5,12,Over
1,talk,80,5,5,Over
1,talk,81,5,10,Over
1,talk,82,5,11,VOTE Agent[01]
1,talk,83,5,3,Skip
1,talk,84,5,7,Over
1,talk,85,5,9,Skip
1,talk,86,5,14,Over
1,talk,87,5,8,Over
1,talk,88,5,4,Skip
1,talk,89,5,2,Skip
1,talk,90,6,9,Over
1,talk,91,6,14,Over
1,talk,92,6,4,Over
1,talk,93,6,10,Over
1,talk,94,6,5,Over
1,talk,95,6,1,IDENTIFIED Agent[08] ANY
1,talk,96,6,6,Over
1,talk,97,6,2,Over
1,talk,98,6,15,COMINGOUT Agent[15] SEER
1,talk,99,6,3,Over
1,talk,100,6,11,REQUEST ANY (VOTE Agent[01])
1,talk,101,6,12,Over
1,talk,102,6,7,Over
1,talk,103,6,8,Over
1,talk,104,6,13,Over
1,talk,105,7,11,Skip
1,talk,106,7,3,Over
1,talk,107,7,15,COMINGOUT Agent[15] SEER
1,talk,108,7,1,GUARD Agent[14]
1,talk,109,7,4,Over
1,talk,110,7,9,VOTE Agent[08]
1,talk,111,7,14,Over
1,talk,112,7,7,AND (VOTE Agent[01]) (REQUEST ANY (VOTE Agent[01]))
1,talk,113,7,13,Over
1,talk,114,7,8,Over
1,talk,115,7,2,Over
1,talk,116,7,5,Over
1,talk,117,7,6,Over
1,talk,118,7,10,Over
1,talk,119,7,12,Over
1,talk,120,8,10,Over
1,talk,121,8,12,Over
1,talk,122,8,11,ESTIMATE Agent[15] WEREWOLF
1,talk,123,8,2,Over
1,talk,124,8,9,Skip
1,talk,125,8,15,COMINGOUT Agent[15] SEER
1,talk,126,8,8,Over
1,talk,127,8,3,Over
1,talk,128,8,4,Over
1,talk,129,8,5,Over
1,talk,130,8,6,Over
1,talk,131,8,7,Skip
1,talk,132,8,14,Over
1,talk,133,8,13,Over
1,talk,134,8,1,ATTACKED Agent[03]
1,talk,135,9,15,COMINGOUT Agent[15] SEER
1,talk,136,9,9,Skip
1,talk,137,9,11,Over
1,talk,138,9,12,Over
1,talk,139,9,6,Over
1,talk,140,9,13,Over
1,talk,141,9,14,Over
1,talk,142,9,2,Over
1,talk,143,9,1,Over
1,talk,144,9,10,Over
1,talk,145,9,7,Skip
1,talk,146,9,4,Over
1,talk,147,9,5,Over
1,talk,148,9,3,Over
1,talk,149,9,8,Over
1,talk,150,10,15,Over
1,talk,151,10,2,Over
1,talk,152,10,4,Over
1,talk,153,10,9,Over
1,talk,154,10,3,Over
1,talk,155,10,13,Over
1,talk,156,10,8,Over
1,talk,157,10,5,Over
1,talk,158,10,12,Over
1,talk,159,10,7,Over
1,talk,160,10,14,Over
1,talk,161,10,1,IDENTIFIED Agent[13] ANY
1,talk,162,10,11,Over
1,talk,163,10,10,Over
1,talk,164,10,6,Over
1,talk,165,11,10,Over
1,talk,166,11,14,Over
1,talk,167,11,13,Over
1,talk,168,11,8,Over
1,talk,169,11,6,Over
1,talk,170,11,3,Over
1,talk,171,11,4,Over
1,talk,172,11,12,Over
1,talk,173,11,1,VOTE Agent[12]
1,talk,174,11,9,Over
1,talk,175,11,11,Over
1,talk,176,11,5,Over
1,talk,177,11,15,Over
1,talk,178,11,2,Over
1,talk,179,11,7,Over
1,talk,180,12,5,Over
1,talk,181,12,9,Over
1,talk,182,12,1,Skip
1,talk,183,12,2,Over
1,talk,184,12,14,Over
1,talk,185,12,11,Over
1,talk,186,12,12,Over
1,talk,187,12,10,Over
1,talk,188,12,4,Over
1,talk,189,12,7,Over
1,talk,190,12,15,Over
1,talk,191,12,8,Over
1,talk,192,12,6,Over
1,talk,193,12,13,Over
1,talk,194,12,3,Over
1,talk,195,13,12,Over
1,talk,196,13,4,Over
1,talk,197,13,5,Over
1,talk,198,13,6,Over
1,talk,199,13,8,Over
1,talk,200,13,3,Over
1,talk,201,13,1,DIVINATION Agent[02]
1,talk,202,13,11,Over
1,talk,203,13,2,Over
1,talk,204,13,15,Over
1,talk,205,13,10,Over
1,talk,206,13,14,Over
1,talk,207,13,7,Over
1,talk,208,13,9,Over
1,talk,209,13,13,Over
1,talk,210,14,4,Over
1,talk,211,14,12,Over
1,talk,212,14,8,Over
1,talk,213,14,1,COMINGOUT Agent[04] FREEMASON
1,talk,214,14,7,Over
1,talk,215,14,10,Over
1,talk,216,14,5,Over
1,talk,217,14,6,Over
1,talk,218,14,2,Over
1,talk,219,14,3,Over
1,talk,220,14,14,Over
1,talk,221,14,13,Over
1,talk,222,14,15,Over
1,talk,223,14,9,Over
1,talk,224,14,11,Over
1,talk,225,15,6,Over
1,talk,226,15,15,Over
1,talk,227,15,5,Over
1,talk,228,15,1,Over
1,talk,229,15,13,Over
1,talk,230,15,11,Over
1,talk,231,15,14,Over
1,talk,232,15,2,Over
1,talk,233,15,3,Over
1,talk,234,15,4,Over
1,talk,235,15,9,Over
1,talk,236,15,8,Over
1,talk,237,15,12,Over
1,talk,238,15,7,Over
1,talk,239,15,10,Over
1,vote,1,9
1,vote,2,12
1,vote,3,4
1,vote,4,12
1,vote,5,4
1,vote,6,12
1,vote,7,1
1,vote,8,12
1,vote,9,8
1,vote,10,12
1,vote,11,1
1,vote,12,14
1,vote,13,2
1,vote,14,6
1,vote,15,2
1,execute,12,WEREWOLF
1,divine,6,13,HUMAN
1,whisper,0,0,5,BECAUSE (Agent[08] COMINGOUT Agent[08] SEER) (ATTACK Agent[08])
1,whisper,1,0,15,Skip
1,whisper,2,1,15,Skip
1,whisper,3,1,5,Skip
1,whisper,4,2,5,Skip
1,whisper,5,2,15,Over
1,whisper,6,3,5,Over
1,whisper,7,3,15,Over
1,guard,2,6,SEER
1,attackVote,5,8
1,attackVote,15,8
1,attack,8,true
2,status,1,MEDIUM,ALIVE,kenzi
2,status,2,BODYGUARD,ALIVE,hello_wolf
2,status,3,VILLAGER,ALIVE,Dummy_01
2,status,4,VILLAGER,ALIVE,Tomato
2,status,5,WEREWOLF,ALIVE,Dummy_03
2,status,6,SEER,ALIVE,Udon
2,status,7,VILLAGER,ALIVE,Dummy_02
2,status,8,POSSESSED,DEAD,fisherman
2,status,9,VILLAGER,ALIVE,takeda
2,status,10,VILLAGER,ALIVE,GO1DeNO
2,status,11,VILLAGER,ALIVE,wasabi
2,status,12,WEREWOLF,DEAD,fanfan
2,status,13,VILLAGER,ALIVE,calups
2,status,14,VILLAGER,ALIVE,sonoda
2,status,15,WEREWOLF,ALIVE,cantar
2,talk,0,0,14,VOTE Agent[06]
2,talk,1,0,1,VOTE Agent[06]
2,talk,2,0,10,VOTE Agent[15]
2,talk,3,0,15,COMINGOUT Agent[15] SEER
2,talk,4,0,6,DIVINED Agent[13] HUMAN
2,talk,5,0,2,VOTE Agent[15]
2,talk,6,0,4,VOTE Agent[07]
2,talk,7,0,13,Skip
2,talk,8,0,3,Skip
2,talk,9,0,9,VOTE Agent[13]
2,talk,10,0,7,Skip
2,talk,11,0,5,Skip
2,talk,12,0,11,ESTIMATE Agent[09] VILLAGER
2,talk,13,1,10,Skip
2,talk,14,1,14,Skip
2,talk,15,1,5,Skip
2,talk,16,1,7,Skip
2,talk,17,1,4,VOTE Agent[06]
2,talk,18,1,9,Skip
2,talk,19,1,13,Skip
2,talk,20,1,1,VOTED Agent[15]
2,talk,21,1,6,VOTE Agent[09]
2,talk,22,1,3,Skip
2,talk,23,1,11,ESTIMATE Agent[03] VILLAGER
2,talk,24,1,2,Skip
2,talk,25,1,15,COMINGOUT Agent[15] SEER
2,talk,26,2,9,Skip
2,talk,27,2,6,Over
2,talk,28,2,3,AND (VOTE Agent[01]) (REQUEST ANY (VOTE Agent[01]))
2,talk,29,2,13,Over
2,talk,30,2,11,ESTIMATE Agent[01] WEREWOLF
2,talk,31,2,2,Skip
2,talk,32,2,7,AND (VOTE Agent[13]) (REQUEST ANY (VOTE Agent[13]))
2,talk,33,2,14,Skip
2,talk,34,2,5,AND (VOTE Agent[07]) (REQUEST ANY (VOTE Agent[07]))
2,talk,35,2,15,COMINGOUT Agent[15] SEER
2,talk,36,2,10,Skip
2,talk,37,2,1,VOTED Agent[14]
2,talk,38,2,4,Skip
2,talk,39,3,1,ATTACKED Agent[07]
2,talk,40,3,4,Skip
2,talk,41,3,3,AND (VOTE Agent[07]) (REQUEST ANY (VOTE Agent[07]))
2,talk,42,3,2,Over
2,talk,43,3,10,Over
2,talk,44,3,6,Over
2,talk,45,3,9,Over
2,talk,46,3,15,COMINGOUT Agent[15] SEER
2,talk,47,3,7,AND (VOTE Agent[07]) (REQUEST ANY (VOTE Agent[07]))
2,talk,48,3,13,Over
2,talk,49,3,14,Over
2,talk,50,3,11,VOTE Agent[01]
2,talk,51,3,5,Skip
2,talk,52,4,15,COMINGOUT Agent[15] SEER
2,talk,53,4,5,Skip
2,talk,54,4,1,ESTIMATE Agent[09] MEDIUM
2,talk,55,4,10,Over
2,talk,56,4,4,VOTE Agent[07]
2,talk,57,4,11,Skip
2,talk,58,4,7,Skip
2,talk,59,4,13,Over
2,talk,60,4,3,Skip
2,talk,61,4,2,Over
2,talk,62,4,6,VOTE Agent[07]
2,talk,63,4,14,Over
2,talk,64,4,9,Over
2,talk,65,5,6,VOTE Agent[15]
2,talk,66,5,5,Over
2,talk,67,5,11,ESTIMATE Agent[01] WEREWOLF
2,talk,68,5,3,Skip
2,talk,69,5,7,Skip
2,talk,70,5,2,Over
2,talk,71,5,13,OR (VOTE Agent[02]) (VOTE Agent[03]) (VOTE Agent[04]) (VOTE Agent[05]) (VOTE Agent[07]) (VOTE Agent[09]) (VOTE Agent[10]) (VOTE Agent[11]) (VOTE Agent[14]) 
2,talk,72,5,15,COMINGOUT Agent[15] SEER
2,talk,73,5,10,Over
2,talk,74,5,9,Over
2,talk,75,5,4,Skip
2,talk,76,5,1,Agent[06] DIVINED Agent[05] WEREWOLF
2,talk,77,5,14,Over
2,talk,78,6,14,Over
2,talk,79,6,3,Over
2,talk,80,6,9,Over
2,talk,81,6,2,Over
2,talk,82,6,6,Over
2,talk,83,6,13,Over
2,talk,84,6,11,ESTIMATE Agent[03] VILLAGER
2,talk,85,6,4,Skip
2,talk,86,6,15,COMINGOUT Agent[15] SEER
2,talk,87,6,7,Over
2,talk,88,6,5,BECAUSE (AND (COMINGOUT Agent[05] VILLAGER) (DAY 2 (Agent[06] DIVINED Agent[05] WEREWOLF))) (XOR (ESTIMATE Agent[06] WEREWOLF) (ESTIMATE Agent[06] POSSESSED))
2,talk,89,6,1,Skip
2,talk,90,6,10,Over
2,talk,91,7,14,Over
2,talk,92,7,11,Skip
2,talk,93,7,3,Over
2,talk,94,7,5,BECAUSE (XOR (ESTIMATE Agent[06] WEREWOLF) (ESTIMATE Agent[06] POSSESSED)) (AND (VOTE Agent[06]) (REQUEST ANY (VOTE Agent[06])))
2,talk,95,7,1,GUARDED Agent[06]
2,talk,96,7,2,Over
2,talk,97,7,4,Over
2,talk,98,7,7,Over
2,talk,99,7,13,Over
2,talk,100,7,10,Over
2,talk,101,7,6,Over
2,talk,102,7,9,Over
2,talk,103,7,15,COMINGOUT Agent[15] SEER
2,talk,104,8,10,Over
2,talk,105,8,13,Over
2,talk,106,8,5,Skip
2,talk,107,8,11,ESTIMATE Agent[06] WEREWOLF
2,talk,108,8,2,Over
2,talk,109,8,7,AND (VOTE Agent[06]) (REQUEST ANY (VOTE Agent[06]))
2,talk,110,8,1,DIVINATION Agent[04]
2,talk,111,8,3,AND (VOTE Agent[06]) (REQUEST ANY (VOTE Agent[06]))
2,talk,112,8,6,Over
2,talk,113,8,14,Over
2,talk,114,8,4,Over
2,talk,115,8,9,Over
2,talk,116,8,15,COMINGOUT Agent[15] SEER
2,talk,117,9,9,Over
2,talk,118,9,1,VOTED Agent[02]
2,talk,119,9,11,Over
2,talk,120,9,10,Over
2,talk,121,9,15,COMINGOUT Agent[15] SEER
2,talk,122,9,5,Skip
2,talk,123,9,4,VOTE Agent[06]
2,talk,124,9,2,Over
2,talk,125,9,3,Skip
2,talk,126,9,6,VOTE Agent[07]
2,talk,127,9,13,Over
2,talk,128,9,14,Over
2,talk,129,9,7,Skip
2,talk,130,10,10,Over
2,talk,131,10,9,Over
2,talk,132,10,1,GUARD Agent[04]
2,talk,133,10,14,Over
2,talk,134,10,6,VOTE Agent[15]
2,talk,135,10,5,Over
2,talk,136,10,11,Over
2,talk,137,10,2,Over
2,talk,138,10,4,VOTE Agent[07]
2,talk,139,10,7,Skip
2,talk,140,10,3,Skip
2,talk,141,10,13,Over
2,talk,142,10,15,Over
2,talk,143,11,7,Over
2,talk,144,11,1,Over
2,talk,145,11,13,Over
2,talk,146,11,2,Over
2,talk,147,11,14,Over
2,talk,148,11,6,VOTE Agent[07]
2,talk,149,11,15,Over
2,talk,150,11,10,Over
2,talk,151,11,11,Over
2,talk,152,11,3,Over
2,talk,153,11,4,Skip
2,talk,154,11,9,Over
2,talk,155,11,5,Over
2,talk,156,12,11,Over
2,talk,157,12,13,Over
2,talk,158,12,6,Over
2,talk,159,12,3,Over
2,talk,160,12,9,Over
2,talk,161,12,2,Over
2,talk,162,12,10,Over
2,talk,163,12,4,Skip
2,talk,164,12,14,Over
2,talk,165,12,7,Over
2,talk,166,12,15,Over
2,talk,167,12,1,Over
2,talk,168,12,5,Over
2,talk,169,13,2,Over
2,talk,170,13,10,Over
2,talk,171,13,15,Over
2,talk,172,13,13,Over
2,talk,173,13,14,Over
2,talk,174,13,5,Over
2,talk,175,13,11,Over
2,talk,176,13,4,Over
2,talk,177,13,6,Over
2,talk,178,13,3,Over
2,talk,179,13,7,Over
2,talk,180,13,9,Over
2,talk,181,13,1,Over
2,vote,1,11
2,vote,2,15
2,vote,3,6
2,vote,4,7
2,vote,5,6
2,vote,6,7
2,vote,7,6
2,vote,9,13
2,vote,10,15
2,vote,11,1
2,vote,13,10
2,vote,14,6
2,vote,15,7
2,execute,6,SEER
2,whisper,0,0,15,Skip
2,whisper,1,0,5,BECAUSE (Agent[04] COMINGOUT Agent[04] FREEMASON) (ATTACK Agent[04])
2,whisper,2,1,5,Skip
2,whisper,3,1,15,Skip
2,whisper,4,2,5,Skip
2,whisper,5,2,15,Over
2,whisper,6,3,15,Over
2,whisper,7,3,5,Over
2,guard,2,15,WEREWOLF
2,attackVote,5,4
2,attackVote,15,1
2,attackVote,5,4
2,attackVote,15,1
2,attack,1,true
3,status,1,MEDIUM,DEAD,kenzi
3,status,2,BODYGUARD,ALIVE,hello_wolf
3,status,3,VILLAGER,ALIVE,Dummy_01
3,status,4,VILLAGER,ALIVE,Tomato
3,status,5,WEREWOLF,ALIVE,Dummy_03
3,status,6,SEER,DEAD,Udon
3,status,7,VILLAGER,ALIVE,Dummy_02
3,status,8,POSSESSED,DEAD,fisherman
3,status,9,VILLAGER,ALIVE,takeda
3,status,10,VILLAGER,ALIVE,GO1DeNO
3,status,11,VILLAGER,ALIVE,wasabi
3,status,12,WEREWOLF,DEAD,fanfan
3,status,13,VILLAGER,ALIVE,calups
3,status,14,VILLAGER,ALIVE,sonoda
3,status,15,WEREWOLF,ALIVE,cantar
3,talk,0,0,7,Skip
3,talk,1,0,4,VOTE Agent[11]
3,talk,2,0,15,COMINGOUT Agent[15] SEER
3,talk,3,0,10,VOTE Agent[15]
3,talk,4,0,14,VOTE Agent[15]
3,talk,5,0,11,ESTIMATE Agent[15] WEREWOLF
3,talk,6,0,5,Skip
3,talk,7,0,3,Skip
3,talk,8,0,13,Skip
3,talk,9,0,9,VOTE Agent[13]
3,talk,10,0,2,VOTE Agent[15]
3,talk,11,1,15,COMINGOUT Agent[15] SEER
3,talk,12,1,2,Skip
3,talk,13,1,4,VOTE Agent[15]
3,talk,14,1,14,Skip
3,talk,15,1,11,ESTIMATE Agent[15] WEREWOLF
3,talk,16,1,9,Skip
3,talk,17,1,10,Skip
3,talk,18,1,7,Skip
3,talk,19,1,13,Skip
3,talk,20,1,5,Skip
3,talk,21,1,3,Skip
3,talk,22,2,15,COMINGOUT Agent[15] SEER
3,talk,23,2,7,AND (VOTE Agent[13]) (REQUEST ANY (VOTE Agent[13]))
3,talk,24,2,2,Skip
3,talk,25,2,14,Skip
3,talk,26,2,4,Skip
3,talk,27,2,10,Skip
3,talk,28,2,5,AND (VOTE Agent[03]) (REQUEST ANY (VOTE Agent[03]))
3,talk,29,2,9,Skip
3,talk,30,2,3,AND (VOTE Agent[09]) (REQUEST ANY (VOTE Agent[09]))
3,talk,31,2,13,Over
3,talk,32,2,11,ESTIMATE Agent[15] WEREWOLF
3,talk,33,3,15,COMINGOUT Agent[15] SEER
3,talk,34,3,10,Over
3,talk,35,3,3,AND (VOTE Agent[03]) (REQUEST ANY (VOTE Agent[03]))
3,talk,36,3,13,Over
3,talk,37,3,14,Over
3,talk,38,3,9,VOTE Agent[03]
3,talk,39,3,2,Over
3,talk,40,3,4,Skip
3,talk,41,3,5,Skip
3,talk,42,3,7,AND (VOTE Agent[03]) (REQUEST ANY (VOTE Agent[03]))
3,talk,43,3,11,VOTE Agent[10]
3,talk,44,4,9,Skip
3,talk,45,4,3,Skip
3,talk,46,4,13,Over
3,talk,47,4,10,Over
3,talk,48,4,11,ESTIMATE Agent[09] VILLAGER
3,talk,49,4,5,Skip
3,talk,50,4,4,VOTE Agent[03]
3,talk,51,4,2,Over
3,talk,52,4,15,COMINGOUT Agent[15] SEER
3,talk,53,4,7,Skip
3,talk,54,4,14,Over
3,talk,55,5,14,Over
3,talk,56,5,9,Skip
3,talk,57,5,5,Over
3,talk,58,5,3,Skip
3,talk,59,5,13,OR (VOTE Agent[02]) (VOTE Agent[03]) (VOTE Agent[04]) (VOTE Agent[05]) (VOTE Agent[07]) (VOTE Agent[09]) (VOTE Agent[10]) (VOTE Agent[11]) (VOTE Agent[14]) 
3,talk,60,5,7,Skip
3,talk,61,5,2,Over
3,talk,62,5,4,Skip
3,talk,63,5,10,Over
3,talk,64,5,15,COMINGOUT Agent[15] SEER
3,talk,65,5,11,ESTIMATE Agent[15] WEREWOLF
3,talk,66,6,10,Over
3,talk,67,6,15,COMINGOUT Agent[15] SEER
3,talk,68,6,11,ESTIMATE Agent[15] WEREWOLF
3,talk,69,6,3,Over
3,talk,70,6,2,Over
3,talk,71,6,7,Over
3,talk,72,6,5,Over
3,talk,73,6,14,Over
3,talk,74,6,9,Over
3,talk,75,6,4,Skip
3,talk,76,6,13,Over
3,talk,77,7,11,ESTIMATE Agent[14] VILLAGER
3,talk,78,7,2,Over
3,talk,79,7,3,Over
3,talk,80,7,5,Over
3,talk,81,7,4,Over
3,talk,82,7,9,Over
3,talk,83,7,13,Over
3,talk,84,7,7,Over
3,talk,85,7,14,Over
3,talk,86,7,15,COMINGOUT Agent[15] SEER
3,talk,87,7,10,Over
3,talk,88,8,2,Over
3,talk,89,8,7,Over
3,talk,90,8,14,Over
3,talk,91,8,15,COMINGOUT Agent[15] SEER
3,talk,92,8,4,Over
3,talk,93,8,5,Over
3,talk,94,8,9,Over
3,talk,95,8,10,Over
3,talk,96,8,3,Over
3,talk,97,8,11,ESTIMATE Agent[14] VILLAGER
3,talk,98,8,13,Over
3,talk,99,9,7,Over
3,talk,100,9,13,Over
3,talk,101,9,15,COMINGOUT Agent[15] SEER
3,talk,102,9,9,Over
3,talk,103,9,14,Over
3,talk,104,9,3,Over
3,talk,105,9,5,Over
3,talk,106,9,4,Over
3,talk,107,9,11,Over
3,talk,108,9,2,Over
3,talk,109,9,10,Over
3,talk,110,10,9,Over
3,talk,111,10,15,Over
3,talk,112,10,11,Over
3,talk,113,10,13,Over
3,talk,114,10,14,Over
3,talk,115,10,2,Over
3,talk,116,10,3,Over
3,talk,117,10,4,Over
3,talk,118,10,5,Over
3,talk,119,10,7,Over
3,talk,120,10,10,Over
3,vote,2,15
3,vote,3,11
3,vote,4,3
3,vote,5,3
3,vote,7,3
3,vote,9,3
3,vote,10,15
3,vote,11,10
3,vote,13,2
3,vote,14,15
3,vote,15,11
3,execute,3,VILLAGER
3,whisper,0,0,5,BECAUSE (Agent[04] COMINGOUT Agent[04] FREEMASON) (ATTACK Agent[04])
3,whisper,1,0,15,Skip
3,whisper,2,1,15,Skip
3,whisper,3,1,5,Skip
3,whisper,4,2,5,Skip
3,whisper,5,2,15,Over
3,whisper,6,3,15,Over
3,whisper,7,3,5,Over
3,guard,2,15,WEREWOLF
3,attackVote,5,4
3,attack,4,true
4,status,1,MEDIUM,DEAD,kenzi
4,status,2,BODYGUARD,ALIVE,hello_wolf
4,status,3,VILLAGER,DEAD,Dummy_01
4,status,4,VILLAGER,DEAD,Tomato
4,status,5,WEREWOLF,ALIVE,Dummy_03
4,status,6,SEER,DEAD,Udon
4,status,7,VILLAGER,ALIVE,Dummy_02
4,status,8,POSSESSED,DEAD,fisherman
4,status,9,VILLAGER,ALIVE,takeda
4,status,10,VILLAGER,ALIVE,GO1DeNO
4,status,11,VILLAGER,ALIVE,wasabi
4,status,12,WEREWOLF,DEAD,fanfan
4,status,13,VILLAGER,ALIVE,calups
4,status,14,VILLAGER,ALIVE,sonoda
4,status,15,WEREWOLF,ALIVE,cantar
4,talk,0,0,5,Skip
4,talk,1,0,11,ESTIMATE Agent[07] VILLAGER
4,talk,2,0,7,Skip
4,talk,3,0,13,Skip
4,talk,4,0,9,VOTE Agent[13]
4,talk,5,0,2,VOTE Agent[15]
4,talk,6,0,10,VOTE Agent[15]
4,talk,7,0,14,VOTE Agent[15]
4,talk,8,0,15,COMINGOUT Agent[15] SEER
4,talk,9,1,9,Skip
4,talk,10,1,15,COMINGOUT Agent[15] SEER
4,talk,11,1,5,Skip
4,talk,12,1,14,Skip
4,talk,13,1,10,Skip
4,talk,14,1,11,ESTIMATE Agent[15] WEREWOLF
4,talk,15,1,7,Skip
4,talk,16,1,13,Skip
4,talk,17,1,2,Skip
4,talk,18,2,14,Skip
4,talk,19,2,2,Skip
4,talk,20,2,13,Over
4,talk,21,2,11,ESTIMATE Agent[15] WEREWOLF
4,talk,22,2,10,Skip
4,talk,23,2,7,AND (VOTE Agent[05]) (REQUEST ANY (VOTE Agent[05]))
4,talk,24,2,15,COMINGOUT Agent[15] SEER
4,talk,25,2,9,Skip
4,talk,26,2,5,AND (VOTE Agent[13]) (REQUEST ANY (VOTE Agent[13]))
4,talk,27,3,7,AND (VOTE Agent[13]) (REQUEST ANY (VOTE Agent[13]))
4,talk,28,3,10,Over
4,talk,29,3,13,Over
4,talk,30,3,11,VOTE Agent[05]
4,talk,31,3,15,COMINGOUT Agent[15] SEER
4,talk,32,3,2,Over
4,talk,33,3,5,Skip
4,talk,34,3,14,Over
4,talk,35,3,9,Over
4,talk,36,4,13,Over
4,talk,37,4,14,Over
4,talk,38,4,15,COMINGOUT Agent[15] SEER
4,talk,39,4,2,Over
4,talk,40,4,5,Skip
4,talk,41,4,7,Skip
4,talk,42,4,10,Over
4,talk,43,4,11,ESTIMATE Agent[15] WEREWOLF
4,talk,44,4,9,Over
4,talk,45,5,11,VOTE Agent[07]
4,talk,46,5,13,OR (VOTE Agent[02]) (VOTE Agent[05]) (VOTE Agent[07]) (VOTE Agent[09]) (VOTE Agent[10]) (VOTE Agent[11]) (VOTE Agent[14]) 
4,talk,47,5,10,Over
4,talk,48,5,9,Over
4,talk,49,5,15,COMINGOUT Agent[15] SEER
4,talk,50,5,2,Over
4,talk,51,5,14,Over
4,talk,52,5,5,Over
4,talk,53,5,7,Skip
4,talk,54,6,13,Over
4,talk,55,6,2,Over
4,talk,56,6,7,Over
4,talk,57,6,14,Over
4,talk,58,6,15,COMINGOUT Agent[15] SEER
4,talk,59,6,5,Over
4,talk,60,6,11,ESTIMATE Agent[14] VILLAGER
4,talk,61,6,10,Over
4,talk,62,6,9,Over
4,talk,63,7,11,ESTIMATE Agent[15] WEREWOLF
4,talk,64,7,14,Over
4,talk,65,7,7,Over
4,talk,66,7,5,Over
4,talk,67,7,2,Over
4,talk,68,7,9,Over
4,talk,69,7,15,COMINGOUT Agent[15] SEER
4,talk,70,7,13,Over
4,talk,71,7,10,Over
4,talk,72,8,10,Over
4,talk,73,8,11,VOTE Agent[09]
4,talk,74,8,2,Over
4,talk,75,8,13,Over
4,talk,76,8,14,Over
4,talk,77,8,7,Over
4,talk,78,8,5,Over
4,talk,79,8,9,Over
4,talk,80,8,15,COMINGOUT Agent[15] SEER
4,talk,81,9,9,Over
4,talk,82,9,11,Over
4,talk,83,9,14,Over
4,talk,84,9,2,Over
4,talk,85,9,7,Over
4,talk,86,9,13,Over
4,talk,87,9,15,COMINGOUT Agent[15] SEER
4,talk,88,9,10,Over
4,talk,89,9,5,Over
4,talk,90,10,9,Over
4,talk,91,10,11,Over
4,talk,92,10,7,Over
4,talk,93,10,14,Over
4,talk,94,10,5,Over
4,talk,95,10,10,Over
4,talk,96,10,2,Over
4,talk,97,10,13,Over
4,talk,98,10,15,Over
4,vote,2,15
4,vote,5,13
4,vote,7,13
4,vote,9,13
4,vote,10,15
4,vote,11,9
4,vote,13,9
4,vote,14,15
4,vote,15,7
4,vote,2,15
4,vote,5,13
4,vote,7,13
4,vote,9,13
4,vote,10,15
4,vote,11,7
4,vote,13,9
4,vote,14,15
4,vote,15,7
4,execute,15,WEREWOLF
4,guard,2,13,VILLAGER
4,attackVote,5,13
4,attack,13,false
5,status,1,MEDIUM,DEAD,kenzi
5,status,2,BODYGUARD,ALIVE,hello_wolf
5,status,3,VILLAGER,DEAD,Dummy_01
5,status,4,VILLAGER,DEAD,Tomato
5,status,5,WEREWOLF,ALIVE,Dummy_03
5,status,6,SEER,DEAD,Udon
5,status,7,VILLAGER,ALIVE,Dummy_02
5,status,8,POSSESSED,DEAD,fisherman
5,status,9,VILLAGER,ALIVE,takeda
5,status,10,VILLAGER,ALIVE,GO1DeNO
5,status,11,VILLAGER,ALIVE,wasabi
5,status,12,WEREWOLF,DEAD,fanfan
5,status,13,VILLAGER,ALIVE,calups
5,status,14,VILLAGER,ALIVE,sonoda
5,status,15,WEREWOLF,DEAD,cantar
5,talk,0,0,7,Skip
5,talk,1,0,9,VOTE Agent[13]
5,talk,2,0,13,Skip
5,talk,3,0,11,ESTIMATE Agent[09] WEREWOLF
5,talk,4,0,10,VOTE Agent[14]
5,talk,5,0,5,Skip
5,talk,6,0,2,VOTE Agent[14]
5,talk,7,0,14,VOTE Agent[11]
5,talk,8,1,13,Skip
5,talk,9,1,7,Skip
5,talk,10,1,11,ESTIMATE Agent[14] VILLAGER
5,talk,11,1,2,Skip
5,talk,12,1,10,VOTE Agent[07]
5,talk,13,1,14,Skip
5,talk,14,1,9,VOTE Agent[14]
5,talk,15,1,5,Skip
5,talk,16,2,2,Skip
5,talk,17,2,5,AND (VOTE Agent[09]) (REQUEST ANY (VOTE Agent[09]))
5,talk,18,2,14,Skip
5,talk,19,2,10,VOTE Agent[14]
5,talk,20,2,13,Over
5,talk,21,2,9,Skip
5,talk,22,2,11,ESTIMATE Agent[07] WEREWOLF
5,talk,23,2,7,AND (VOTE Agent[09]) (REQUEST ANY (VOTE Agent[09]))
5,talk,24,3,14,Over
5,talk,25,3,13,Over
5,talk,26,3,9,Skip
5,talk,27,3,11,VOTE Agent[10]
5,talk,28,3,10,Skip
5,talk,29,3,5,Skip
5,talk,30,3,7,Skip
5,talk,31,3,2,Over
5,talk,32,4,10,Skip
5,talk,33,4,2,Over
5,talk,34,4,5,Skip
5,talk,35,4,14,Over
5,talk,36,4,11,VOTE Agent[09]
5,talk,37,4,13,Over
5,talk,38,4,7,Skip
5,talk,39,4,9,Over
5,talk,40,5,9,Over
5,talk,41,5,10,Over
5,talk,42,5,13,OR (VOTE Agent[02]) (VOTE Agent[05]) (VOTE Agent[07]) (VOTE Agent[09]) (VOTE Agent[10]) (VOTE Agent[11]) (VOTE Agent[14]) 
5,talk,43,5,14,Over
5,talk,44,5,7,Over
5,talk,45,5,11,Skip
5,talk,46,5,2,Over
5,talk,47,5,5,Over
5,talk,48,6,11,ESTIMATE Agent[09] WEREWOLF
5,talk,49,6,2,Over
5,talk,50,6,5,Over
5,talk,51,6,7,Over
5,talk,52,6,14,Over
5,talk,53,6,9,Over
5,talk,54,6,10,Over
5,talk,55,6,13,Over
5,talk,56,7,9,Over
5,talk,57,7,2,Over
5,talk,58,7,11,Skip
5,talk,59,7,7,Over
5,talk,60,7,13,Over
5,talk,61,7,10,Over
5,talk,62,7,5,Over
5,talk,63,7,14,Over
5,talk,64,8,10,Over
5,talk,65,8,9,Over
5,talk,66,8,7,Over
5,talk,67,8,11,VOTE Agent[10]
5,talk,68,8,13,Over
5,talk,69,8,2,Over
5,talk,70,8,14,Over
5,talk,71,8,5,Over
5,talk,72,9,14,Over
5,talk,73,9,9,Over
5,talk,74,9,2,Over
5,talk,75,9,10,Over
5,talk,76,9,13,Over
5,talk,77,9,11,Over
5,talk,78,9,7,Over
5,talk,79,9,5,Over
5,vote,2,14
5,vote,5,9
5,vote,7,9
5,vote,9,14
5,vote,10,14
5,vote,11,10
5,vote,13,7
5,vote,14,11
5,execute,14,VILLAGER
5,guard,2,13,VILLAGER
5,attackVote,5,9
5,attack,9,true
6,status,1,MEDIUM,DEAD,kenzi
6,status,2,BODYGUARD,ALIVE,hello_wolf
6,status,3,VILLAGER,DEAD,Dummy_01
6,status,4,VILLAGER,DEAD,Tomato
6,status,5,WEREWOLF,ALIVE,Dummy_03
6,status,6,SEER,DEAD,Udon
6,status,7,VILLAGER,ALIVE,Dummy_02
6,status,8,POSSESSED,DEAD,fisherman
6,status,9,VILLAGER,DEAD,takeda
6,status,10,VILLAGER,ALIVE,GO1DeNO
6,status,11,VILLAGER,ALIVE,wasabi
6,status,12,WEREWOLF,DEAD,fanfan
6,status,13,VILLAGER,ALIVE,calups
6,status,14,VILLAGER,DEAD,sonoda
6,status,15,WEREWOLF,DEAD,cantar
6,talk,0,0,10,VOTE Agent[07]
6,talk,1,0,7,Skip
6,talk,2,0,13,Skip
6,talk,3,0,11,ESTIMATE Agent[05] WEREWOLF
6,talk,4,0,5,Skip
6,talk,5,0,2,VOTE Agent[07]
6,talk,6,1,10,Skip
6,talk,7,1,11,ESTIMATE Agent[10] WEREWOLF
6,talk,8,1,13,Skip
6,talk,9,1,7,Skip
6,talk,10,1,2,Skip
6,talk,11,1,5,Skip
6,talk,12,2,13,Over
6,talk,13,2,10,Skip
6,talk,14,2,7,AND (VOTE Agent[05]) (REQUEST ANY (VOTE Agent[05]))
6,talk,15,2,2,Skip
6,talk,16,2,11,ESTIMATE Agent[10] WEREWOLF
6,talk,17,2,5,AND (VOTE Agent[11]) (REQUEST ANY (VOTE Agent[11]))
6,talk,18,3,5,Skip
6,talk,19,3,7,AND (VOTE Agent[11]) (REQUEST ANY (VOTE Agent[11]))
6,talk,20,3,10,Over
6,talk,21,3,13,Over
6,talk,22,3,2,Over
6,talk,23,3,11,VOTE Agent[05]
6,talk,24,4,13,Over
6,talk,25,4,7,Skip
6,talk,26,4,10,Over
6,talk,27,4,2,Over
6,talk,28,4,11,ESTIMATE Agent[05] WEREWOLF
6,talk,29,4,5,Skip
6,talk,30,5,10,Over
6,talk,31,5,7,Skip
6,talk,32,5,2,Over
6,talk,33,5,11,VOTE Agent[10]
6,talk,34,5,5,Over
6,talk,35,5,13,OR (VOTE Agent[02]) (VOTE Agent[05]) (VOTE Agent[07]) (VOTE Agent[10]) (VOTE Agent[11]) 
6,talk,36,6,10,Over
6,talk,37,6,5,Over
6,talk,38,6,11,ESTIMATE Agent[10] WEREWOLF
6,talk,39,6,7,Over
6,talk,40,6,2,Over
6,talk,41,6,13,Over
6,talk,42,7,7,Over
6,talk,43,7,13,Over
6,talk,44,7,5,Over
6,talk,45,7,2,Over
6,talk,46,7,11,Skip
6,talk,47,7,10,Over
6,talk,48,8,2,Over
6,talk,49,8,7,Over
6,talk,50,8,10,Over
6,talk,51,8,13,Over
6,talk,52,8,5,Over
6,talk,53,8,11,Skip
6,talk,54,9,7,Over
6,talk,55,9,5,Over
6,talk,56,9,11,Over
6,talk,57,9,2,Over
6,talk,58,9,10,Over
6,talk,59,9,13,Over
6,vote,2,7
6,vote,5,11
6,vote,7,11
6,vote,10,7
6,vote,11,10
6,vote,13,7
6,execute,7,VILLAGER
6,guard,2,13,VILLAGER
6,attackVote,5,10
6,attack,10,true
7,status,1,MEDIUM,DEAD,kenzi
7,status,2,BODYGUARD,ALIVE,hello_wolf
7,status,3,VILLAGER,DEAD,Dummy_01
7,status,4,VILLAGER,DEAD,Tomato
7,status,5,WEREWOLF,ALIVE,Dummy_03
7,status,6,SEER,DEAD,Udon
7,status,7,VILLAGER,DEAD,Dummy_02
7,status,8,POSSESSED,DEAD,fisherman
7,status,9,VILLAGER,DEAD,takeda
7,status,10,VILLAGER,DEAD,GO1DeNO
7,status,11,VILLAGER,ALIVE,wasabi
7,status,12,WEREWOLF,DEAD,fanfan
7,status,13,VILLAGER,ALIVE,calups
7,status,14,VILLAGER,DEAD,sonoda
7,status,15,WEREWOLF,DEAD,cantar
7,talk,0,0,13,Skip
7,talk,1,0,11,ESTIMATE Agent[05] WEREWOLF
7,talk,2,0,5,Skip
7,talk,3,0,2,VOTE Agent[05]
7,talk,4,1,11,ESTIMATE Agent[05] WEREWOLF
7,talk,5,1,13,Skip
7,talk,6,1,5,Skip
7,talk,7,1,2,Skip
7,talk,8,2,11,ESTIMATE Agent[05] WEREWOLF
7,talk,9,2,13,Over
7,talk,10,2,2,Skip
7,talk,11,2,5,AND (VOTE Agent[11]) (REQUEST ANY (VOTE Agent[11]))
7,talk,12,3,11,VOTE Agent[05]
7,talk,13,3,5,Skip
7,talk,14,3,13,Over
7,talk,15,3,2,Over
7,talk,16,4,5,Skip
7,talk,17,4,2,Over
7,talk,18,4,13,Over
7,talk,19,4,11,ESTIMATE Agent[02] WEREWOLF
7,talk,20,5,13,OR (VOTE Agent[02]) (VOTE Agent[05]) (VOTE Agent[11]) 
7,talk,21,5,5,Over
7,talk,22,5,2,Over
7,talk,23,5,11,REQUEST ANY (VOTE Agent[05])
7,talk,24,6,13,Over
7,talk,25,6,5,Over
7,talk,26,6,2,Over
7,talk,27,6,11,ESTIMATE Agent[05] WEREWOLF
7,talk,28,7,2,Over
7,talk,29,7,11,Skip
7,talk,30,7,13,Over
7,talk,31,7,5,Over
7,talk,32,8,13,Over
7,talk,33,8,2,Over
7,talk,34,8,11,ESTIMATE Agent[05] WEREWOLF
7,talk,35,8,5,Over
7,talk,36,9,11,Over
7,talk,37,9,2,Over
7,talk,38,9,13,Over
7,talk,39,9,5,Over
7,vote,2,5
7,vote,5,11
7,vote,11,5
7,vote,13,2
7,execute,5,WEREWOLF
7,guard,2,13,VILLAGER
8,status,1,MEDIUM,DEAD,kenzi
8,status,2,BODYGUARD,ALIVE,hello_wolf
8,status,3,VILLAGER,DEAD,Dummy_01
8,status,4,VILLAGER,DEAD,Tomato
8,status,5,WEREWOLF,DEAD,Dummy_03
8,status,6,SEER,DEAD,Udon
8,status,7,VILLAGER,DEAD,Dummy_02
8,status,8,POSSESSED,DEAD,fisherman
8,status,9,VILLAGER,DEAD,takeda
8,status,10,VILLAGER,DEAD,GO1DeNO
8,status,11,VILLAGER,ALIVE,wasabi
8,status,12,WEREWOLF,DEAD,fanfan
8,status,13,VILLAGER,ALIVE,calups
8,status,14,VILLAGER,DEAD,sonoda
8,status,15,WEREWOLF,DEAD,cantar
8,result,3,0,VILLAGER
