0,status,1,MEDIUM,ALIVE,kenzi
0,status,2,VILLAGER,ALIVE,hello_wolf
0,status,3,VILLAGER,ALIVE,Dummy_01
0,status,4,VILLAGER,ALIVE,Tomato
0,status,5,BODYGUARD,ALIVE,Dummy_03
0,status,6,WEREWOLF,ALIVE,Udon
0,status,7,POSSESSED,ALIVE,Dummy_02
0,status,8,WEREWOLF,ALIVE,fisherman
0,status,9,VILLAGER,ALIVE,takeda
0,status,10,VILLAGER,ALIVE,GO1DeNO
0,status,11,VILLAGER,ALIVE,wasabi
0,status,12,SEER,ALIVE,fanfan
0,status,13,WEREWOLF,ALIVE,calups
0,status,14,VILLAGER,ALIVE,sonoda
0,status,15,VILLAGER,ALIVE,cantar
0,whisper,0,0,6,Over
0,whisper,1,0,13,COMINGOUT Agent[13] SEER
0,whisper,2,0,8,COMINGOUT Agent[08] SEER
0,whisper,3,1,8,COMINGOUT Agent[08] VILLAGER
0,whisper,4,1,13,Over
0,whisper,5,1,6,Over
0,whisper,6,2,6,Over
0,whisper,7,2,13,Over
0,whisper,8,2,8,Skip
0,whisper,9,3,8,Skip
0,whisper,10,3,13,Over
0,whisper,11,3,6,Over
0,whisper,12,4,13,Over
0,whisper,13,4,8,Over
0,whisper,14,4,6,Over
0,divine,12,6,WEREWOLF
1,status,1,MEDIUM,ALIVE,kenzi
1,status,2,VILLAGER,ALIVE,hello_wolf
1,status,3,VILLAGER,ALIVE,Dummy_01
1,status,4,VILLAGER,ALIVE,Tomato
1,status,5,BODYGUARD,ALIVE,Dummy_03
1,status,6,WEREWOLF,ALIVE,Udon
1,status,7,POSSESSED,ALIVE,Dummy_02
1,status,8,WEREWOLF,ALIVE,fisherman
1,status,9,VILLAGER,ALIVE,takeda
1,status,10,VILLAGER,ALIVE,GO1DeNO
1,status,11,VILLAGER,ALIVE,wasabi
1,status,12,SEER,ALIVE,fanfan
1,status,13,WEREWOLF,ALIVE,calups
1,status,14,VILLAGER,ALIVE,sonoda
1,status,15,VILLAGER,ALIVE,cantar
1,talk,0,0,11,ESTIMATE Agent[15] VILLAGER
1,talk,1,0,7,Skip
1,talk,2,0,15,ESTIMATE Agent[01] WEREWOLF
1,talk,3,0,6,VOTE Agent[10]
1,talk,4,0,3,Skip
1,talk,5,0,5,Skip
1,talk,6,0,8,ESTIMATE Agent[04] WEREWOLF
1,talk,7,0,1,VOTE Agent[02]
1,talk,8,0,2,VOTE Agent[03]
1,talk,9,0,4,VOTE Agent[05]
1,talk,10,0,13,COMINGOUT Agent[13] SEER
1,talk,11,0,12,COMINGOUT Agent[12] SEER
1,talk,12,0,9,VOTE Agent[14]
1,talk,13,0,10,VOTE Agent[06]
1,talk,14,0,14,VOTE Agent[01]
1,talk,15,1,1,Skip
1,talk,16,1,10,VOTE Agent[11]
1,talk,17,1,14,Skip
1,talk,18,1,3,Skip
1,talk,19,1,4,VOTE Agent[01]
1,talk,20,1,9,VOTE Agent[11]
1,talk,21,1,5,Skip
1,talk,22,1,11,ESTIMATE Agent[05] VILLAGER
1,talk,23,1,15,VOTE Agent[01]
1,talk,24,1,12,DIVINED Agent[06] WEREWOLF
1,talk,25,1,7,COMINGOUT Agent[07] SEER
1,talk,26,1,8,ESTIMATE Agent[02] WEREWOLF
1,talk,27,1,2,Skip
1,talk,28,1,13,DIVINED Agent[01] HUMAN
1,talk,29,1,6,Over
1,talk,30,2,15,Skip
1,talk,31,2,7,DAY 1 (DIVINED Agent[12] WEREWOLF)
1,talk,32,2,5,AND (VOTE Agent[07]) (REQUEST ANY (VOTE Agent[07]))
1,talk,33,2,1,VOTE Agent[07]
1,talk,34,2,2,VOTE Agent[13]
1,talk,35,2,8,ESTIMATE Agent[10] WEREWOLF
1,talk,36,2,12,VOTE Agent[06]
1,talk,37,2,3,AND (VOTE Agent[07]) (REQUEST ANY (VOTE Agent[07]))
1,talk,38,2,4,Skip
1,talk,39,2,13,Skip
1,talk,40,2,9,VOTE Agent[06]
1,talk,41,2,11,ESTIMATE Agent[07] WEREWOLF
1,talk,42,2,10,VOTE Agent[06]
1,talk,43,2,6,Over
1,talk,44,2,14,VOTE Agent[12]
1,talk,45,3,1,DIVINATION Agent[09]
1,talk,46,3,14,Skip
1,talk,47,3,10,Skip
1,talk,48,3,6,VOTE Agent[07]
1,talk,49,3,5,Skip
1,talk,50,3,4,VOTE Agent[06]
1,talk,51,3,8,VOTE Agent[03]
1,talk,52,3,3,Skip
1,talk,53,3,15,Skip
1,talk,54,3,7,BECAUSE (DAY 1 (DIVINED Agent[12] WEREWOLF)) (REQUEST ANY (VOTE Agent[12]))
1,talk,55,3,11,VOTE Agent[06]
1,talk,56,3,9,VOTE Agent[02]
1,talk,57,3,2,VOTE Agent[06]
1,talk,58,3,13,Skip
1,talk,59,3,12,VOTE Agent[06]
1,talk,60,4,10,Skip
1,talk,61,4,8,Skip
1,talk,62,4,15,Over
1,talk,63,4,9,VOTE Agent[06]
1,talk,64,4,14,Skip
1,talk,65,4,12,Skip
1,talk,66,4,13,Over
1,talk,67,4,7,BECAUSE (DAY 1 (DIVINED Agent[12] WEREWOLF)) (AND (VOTE Agent[12]) (REQUEST ANY (VOTE Agent[12])))
1,talk,68,4,2,Skip
1,talk,69,4,3,Skip
1,talk,70,4,5,AND (VOTE Agent[12]) (REQUEST ANY (VOTE Agent[12]))
1,talk,71,4,1,VOTED Agent[08]
1,talk,72,4,6,Over
1,talk,73,4,11,ESTIMATE Agent[04] VILLAGER
1,talk,74,4,4,Skip
1,talk,75,5,4,Skip
1,talk,76,5,8,VOTE Agent[11]
1,talk,77,5,15,Over
1,talk,78,5,9,Skip
1,talk,79,5,14,Over
1,talk,80,5,10,Over
1,talk,81,5,11,ESTIMATE Agent[04] VILLAGER
1,talk,82,5,1,Agent[08] DIVINED Agent[03] ANY
1,talk,83,5,12,Skip
1,talk,84,5,5,Skip
1,talk,85,5,2,Skip
1,talk,86,5,13,OR (VOTE Agent[02]) (VOTE Agent[03]) (VOTE Agent[04]) (VOTE Agent[05]) (VOTE Agent[08]) (VOTE Agent[09]) (VOTE Agent[10]) (VOTE Agent[11]) (VOTE Agent[14]) 
1,talk,87,5,3,AND (VOTE Agent[12]) (REQUEST ANY (VOTE Agent[12]))
1,talk,88,5,7,Skip
1,talk,89,5,6,VOTE Agent[10]
1,talk,90,6,14,Over
1,talk,91,6,12,Over
1,talk,92,6,11,ESTIMATE Agent[13] WEREWOLF
1,talk,93,6,7,Skip
1,talk,94,6,3,BECAUSE (AND (COMINGOUT Agent[03] VILLAGER) (DAY 1 (Agent[08] DIVINED Agent[03] ANY))) (XOR (ESTIMATE Agent[08] WEREWOLF) (ESTIMATE Agent[08] POSSESSED))
1,talk,95,6,1,VOTED Agent[12]
1,talk,96,6,8,Skip
1,talk,97,6,10,Over
1,talk,98,6,6,VOTE Agent[12]
1,talk,99,6,5,Skip
1,talk,100,6,15,Over
1,talk,101,6,9,Skip
1,talk,102,6,13,Over
1,talk,103,6,2,Over
1,talk,104,6,4,Over
1,talk,105,7,4,Over
1,talk,106,7,11,ESTIMATE Agent[13] WEREWOLF
1,talk,107,7,12,Over
1,talk,108,7,14,Over
1,talk,109,7,2,Over
1,talk,110,7,9,Over
1,talk,111,7,5,Over
1,talk,112,7,6,Over
1,talk,113,7,3,BECAUSE (XOR (ESTIMATE Agent[08] WEREWOLF) (ESTIMATE Agent[08] POSSESSED)) (AND (VOTE Agent[08]) (REQUEST ANY (VOTE Agent[08])))
1,talk,114,7,7,Over
1,talk,115,7,10,Over
1,talk,116,7,8,Skip
1,talk,117,7,13,Over
1,talk,118,7,15,Over
1,talk,119,7,1,ATTACK Agent[05]
1,talk,120,8,11,Skip
1,talk,121,8,4,Over
1,talk,122,8,14,Over
1,talk,123,8,3,Skip
1,talk,124,8,1,Over
1,talk,125,8,9,Over
1,talk,126,8,8,Over
1,talk,127,8,10,Over
1,talk,128,8,6,Over
1,talk,129,8,12,Over
1,talk,130,8,5,AND (VOTE Agent[08]) (REQUEST ANY (VOTE Agent[08]))
1,talk,131,8,13,Over
1,talk,132,8,2,Over
1,talk,133,8,7,Over
1,talk,134,8,15,Over
1,talk,135,9,12,Over
1,talk,136,9,13,Over
1,talk,137,9,6,VOTE Agent[11]
1,talk,138,9,15,Over
1,talk,139,9,10,Over
1,talk,140,9,2,Over
1,talk,141,9,4,Over
1,talk,142,9,14,Over
1,talk,143,9,5,Skip
1,talk,144,9,11,Over
1,talk,145,9,3,Skip
1,talk,146,9,9,Over
1,talk,147,9,7,Over
1,talk,148,9,8,Over
1,talk,149,9,1,COMINGOUT Agent[08] FOX
1,talk,150,10,14,Over
1,talk,151,10,5,Skip
1,talk,152,10,2,Over
1,talk,153,10,4,Over
1,talk,154,10,9,Over
1,talk,155,10,8,Over
1,talk,156,10,6,Over
1,talk,157,10,12,Over
1,talk,158,10,7,Over
1,talk,159,10,3,Over
1,talk,160,10,13,Over
1,talk,161,10,1,VOTED Agent[08]
1,talk,162,10,11,Over
1,talk,163,10,10,Over
1,talk,164,10,15,Over
1,talk,165,11,4,Over
1,talk,166,11,11,Over
1,talk,167,11,6,Over
1,talk,168,11,13,Over
1,talk,169,11,9,Over
1,talk,170,11,2,Over
1,talk,171,11,1,ATTACK Agent[05]
1,talk,172,11,12,Over
1,talk,173,11,7,Over
1,talk,174,11,10,Over
1,talk,175,11,3,Over
1,talk,176,11,15,Over
1,talk,177,11,5,Over
1,talk,178,11,14,Over
1,talk,179,11,8,Over
1,talk,180,12,4,Over
1,talk,181,12,7,Over
1,talk,182,12,8,Over
1,talk,183,12,14,Over
1,talk,184,12,11,Over
1,talk,185,12,13,Over
1,talk,186,12,12,Over
1,talk,187,12,10,Over
1,talk,188,12,15,Over
1,talk,189,12,5,Over
1,talk,190,12,1,Over
1,talk,191,12,2,Over
1,talk,192,12,6,Over
1,talk,193,12,9,Over
1,talk,194,12,3,Over
1,vote,1,3
1,vote,2,6
1,vote,3,8
1,vote,4,6
1,vote,5,8
1,vote,6,11
1,vote,7,12
1,vote,8,11
1,vote,9,6
1,vote,10,6
1,vote,11,6
1,vote,12,6
1,vote,13,2
1,vote,14,12
1,vote,15,1
1,execute,6,WEREWOLF
1,divine,12,3,HUMAN
1,whisper,0,0,8,ATTACK Agent[07]
1,whisper,1,0,13,Over
1,whisper,2,1,8,Skip
1,whisper,3,1,13,Over
1,whisper,4,2,8,Skip
1,whisper,5,2,13,Over
1,whisper,6,3,8,Over
1,whisper,7,3,13,Over
1,guard,5,12,SEER
1,attackVote,8,7
1,attackVote,13,14
1,attackVote,8,7
1,attackVote,13,14
1,attack,7,true
2,status,1,MEDIUM,ALIVE,kenzi
2,status,2,VILLAGER,ALIVE,hello_wolf
2,status,3,VILLAGER,ALIVE,Dummy_01
2,status,4,VILLAGER,ALIVE,Tomato
2,status,5,BODYGUARD,ALIVE,Dummy_03
2,status,6,WEREWOLF,DEAD,Udon
2,status,7,POSSESSED,DEAD,Dummy_02
2,status,8,WEREWOLF,ALIVE,fisherman
2,status,9,VILLAGER,ALIVE,takeda
2,status,10,VILLAGER,ALIVE,GO1DeNO
2,status,11,VILLAGER,ALIVE,wasabi
2,status,12,SEER,ALIVE,fanfan
2,status,13,WEREWOLF,ALIVE,calups
2,status,14,VILLAGER,ALIVE,sonoda
2,status,15,VILLAGER,ALIVE,cantar
2,talk,0,0,1,VOTED Agent[08]
2,talk,1,0,10,VOTE Agent[13]
2,talk,2,0,9,VOTE Agent[02]
2,talk,3,0,11,ESTIMATE Agent[04] VILLAGER
2,talk,4,0,2,VOTE Agent[13]
2,talk,5,0,4,VOTE Agent[12]
2,talk,6,0,13,DIVINED Agent[02] HUMAN
2,talk,7,0,14,VOTE Agent[12]
2,talk,8,0,12,DIVINED Agent[13] WEREWOLF
2,talk,9,0,3,BECAUSE (AND (COMINGOUT Agent[03] VILLAGER) (DAY 1 (Agent[08] DIVINED Agent[03] ANY))) (XOR (ESTIMATE Agent[08] WEREWOLF) (ESTIMATE Agent[08] POSSESSED))
2,talk,10,0,5,Skip
2,talk,11,0,8,ESTIMATE Agent[11] WEREWOLF
2,talk,12,0,15,ESTIMATE Agent[04] WEREWOLF
2,talk,13,1,15,VOTE Agent[04]
2,talk,14,1,8,ESTIMATE Agent[04] WEREWOLF
2,talk,15,1,10,Skip
2,talk,16,1,14,Skip
2,talk,17,1,2,Skip
2,talk,18,1,4,VOTE Agent[13]
2,talk,19,1,13,Skip
2,talk,20,1,3,Skip
2,talk,21,1,5,Skip
2,talk,22,1,11,Skip
2,talk,23,1,12,VOTE Agent[13]
2,talk,24,1,1,Skip
2,talk,25,1,9,VOTE Agent[03]
2,talk,26,2,13,Skip
2,talk,27,2,8,ESTIMATE Agent[02] WEREWOLF
2,talk,28,2,5,AND (VOTE Agent[08]) (REQUEST ANY (VOTE Agent[08]))
2,talk,29,2,15,Skip
2,talk,30,2,9,Skip
2,talk,31,2,3,BECAUSE (XOR (ESTIMATE Agent[08] WEREWOLF) (ESTIMATE Agent[08] POSSESSED)) (AND (VOTE Agent[08]) (REQUEST ANY (VOTE Agent[08])))
2,talk,32,2,10,Skip
2,talk,33,2,14,Skip
2,talk,34,2,12,Skip
2,talk,35,2,2,Skip
2,talk,36,2,11,ESTIMATE Agent[14] VILLAGER
2,talk,37,2,1,Skip
2,talk,38,2,4,Skip
2,talk,39,3,2,Over
2,talk,40,3,1,ESTIMATE Agent[09] SEER
2,talk,41,3,11,VOTE Agent[01]
2,talk,42,3,15,Skip
2,talk,43,3,14,Over
2,talk,44,3,5,Skip
2,talk,45,3,9,Skip
2,talk,46,3,3,Skip
2,talk,47,3,12,Skip
2,talk,48,3,4,Skip
2,talk,49,3,13,Over
2,talk,50,3,8,VOTE Agent[11]
2,talk,51,3,10,Over
2,talk,52,4,4,Over
2,talk,53,4,1,ATTACKED Agent[09]
2,talk,54,4,12,Over
2,talk,55,4,3,Skip
2,talk,56,4,8,Skip
2,talk,57,4,5,Skip
2,talk,58,4,9,Over
2,talk,59,4,2,Over
2,talk,60,4,10,Over
2,talk,61,4,15,Over
2,talk,62,4,11,Skip
2,talk,63,4,13,Over
2,talk,64,4,14,Over
2,talk,65,5,13,OR (VOTE Agent[03]) (VOTE Agent[04]) (VOTE Agent[05]) (VOTE Agent[08]) (VOTE Agent[09]) (VOTE Agent[10]) (VOTE Agent[11]) (VOTE Agent[14]) 
2,talk,66,5,14,Over
2,talk,67,5,8,Skip
2,talk,68,5,9,VOTE Agent[13]
2,talk,69,5,10,Over
2,talk,70,5,12,Over
2,talk,71,5,4,Over
2,talk,72,5,15,Over
2,talk,73,5,3,Over
2,talk,74,5,5,Over
2,talk,75,5,1,ATTACK Agent[10]
2,talk,76,5,11,REQUEST ANY (VOTE Agent[01])
2,talk,77,5,2,Over
2,talk,78,6,11,Skip
2,talk,79,6,15,Over
2,talk,80,6,2,Over
2,talk,81,6,4,Over
2,talk,82,6,8,Over
2,talk,83,6,9,Skip
2,talk,84,6,10,Over
2,talk,85,6,13,Over
2,talk,86,6,12,Over
2,talk,87,6,5,Over
2,talk,88,6,14,Over
2,talk,89,6,3,Over
2,talk,90,6,1,GUARDED Agent[04]
2,talk,91,7,11,ESTIMATE Agent[13] WEREWOLF
2,talk,92,7,13,Over
2,talk,93,7,10,Over
2,talk,94,7,2,Over
2,talk,95,7,8,Over
2,talk,96,7,5,Over
2,talk,97,7,1,Skip
2,talk,98,7,12,Over
2,talk,99,7,4,Over
2,talk,100,7,14,Over
2,talk,101,7,9,Skip
2,talk,102,7,15,Over
2,talk,103,7,3,Over
2,talk,104,8,11,Skip
2,talk,105,8,1,Skip
2,talk,106,8,2,Over
2,talk,107,8,14,Over
2,talk,108,8,4,Over
2,talk,109,8,9,Over
2,talk,110,8,5,Over
2,talk,111,8,15,Over
2,talk,112,8,12,Over
2,talk,113,8,8,Over
2,talk,114,8,3,Over
2,talk,115,8,13,Over
2,talk,116,8,10,Over
2,talk,117,9,8,Over
2,talk,118,9,15,Over
2,talk,119,9,5,Over
2,talk,120,9,14,Over
2,talk,121,9,1,COMINGOUT Agent[02] WEREWOLF
2,talk,122,9,12,Over
2,talk,123,9,13,Over
2,talk,124,9,2,Over
2,talk,125,9,4,Over
2,talk,126,9,10,Over
2,talk,127,9,11,Over
2,talk,128,9,9,Over
2,talk,129,9,3,Over
2,talk,130,10,4,Over
2,talk,131,10,15,Over
2,talk,132,10,9,Over
2,talk,133,10,8,Over
2,talk,134,10,2,Over
2,talk,135,10,3,Over
2,talk,136,10,14,Over
2,talk,137,10,13,Over
2,talk,138,10,1,ATTACKED Agent[13]
2,talk,139,10,10,Over
2,talk,140,10,5,Over
2,talk,141,10,11,Over
2,talk,142,10,12,Over
2,talk,143,11,3,Over
2,talk,144,11,8,Over
2,talk,145,11,2,Over
2,talk,146,11,12,Over
2,talk,147,11,11,Over
2,talk,148,11,15,Over
2,talk,149,11,9,Over
2,talk,150,11,4,Over
2,talk,151,11,5,Over
2,talk,152,11,10,Over
2,talk,153,11,1,DISAGREE TALK day2 ID:48
2,talk,154,11,14,Over
2,talk,155,11,13,Over
2,talk,156,12,2,Over
2,talk,157,12,12,Over
2,talk,158,12,9,Over
2,talk,159,12,14,Over
2,talk,160,12,4,Over
2,talk,161,12,3,Over
2,talk,162,12,8,Over
2,talk,163,12,15,Over
2,talk,164,12,13,Over
2,talk,165,12,1,GUARDED Agent[09]
2,talk,166,12,11,Over
2,talk,167,12,10,Over
2,talk,168,12,5,Over
2,talk,169,13,15,Over
2,talk,170,13,10,Over
2,talk,171,13,12,Over
2,talk,172,13,11,Over
2,talk,173,13,2,Over
2,talk,174,13,9,Over
2,talk,175,13,14,Over
2,talk,176,13,8,Over
2,talk,177,13,5,Over
2,talk,178,13,13,Over
2,talk,179,13,1,IDENTIFIED Agent[09] HUMAN
2,talk,180,13,4,Over
2,talk,181,13,3,Over
2,talk,182,14,15,Over
2,talk,183,14,9,Over
2,talk,184,14,11,Over
2,talk,185,14,5,Over
2,talk,186,14,8,Over
2,talk,187,14,4,Over
2,talk,188,14,3,Over
2,talk,189,14,13,Over
2,talk,190,14,1,Over
2,talk,191,14,12,Over
2,talk,192,14,2,Over
2,talk,193,14,14,Over
2,talk,194,14,10,Over
2,vote,1,4
2,vote,2,13
2,vote,3,8
2,vote,4,13
2,vote,5,8
2,vote,8,11
2,vote,9,13
2,vote,10,13
2,vote,11,1
2,vote,12,13
2,vote,13,3
2,vote,14,12
2,vote,15,4
2,execute,13,WEREWOLF
2,divine,12,2,HUMAN
2,guard,5,12,SEER
2,attack,12,false
3,status,1,MEDIUM,ALIVE,kenzi
3,status,2,VILLAGER,ALIVE,hello_wolf
3,status,3,VILLAGER,ALIVE,Dummy_01
3,status,4,VILLAGER,ALIVE,Tomato
3,status,5,BODYGUARD,ALIVE,Dummy_03
3,status,6,WEREWOLF,DEAD,Udon
3,status,7,POSSESSED,DEAD,Dummy_02
3,status,8,WEREWOLF,ALIVE,fisherman
3,status,9,VILLAGER,ALIVE,takeda
3,status,10,VILLAGER,ALIVE,GO1DeNO
3,status,11,VILLAGER,ALIVE,wasabi
3,status,12,SEER,ALIVE,fanfan
3,status,13,WEREWOLF,DEAD,calups
3,status,14,VILLAGER,ALIVE,sonoda
3,status,15,VILLAGER,ALIVE,cantar
3,talk,0,0,14,VOTE Agent[12]
3,talk,1,0,2,VOTE Agent[05]
3,talk,2,0,10,VOTE Agent[03]
3,talk,3,0,4,VOTE Agent[15]
3,talk,4,0,9,VOTE Agent[03]
3,talk,5,0,3,BECAUSE (AND (COMINGOUT Agent[03] VILLAGER) (DAY 1 (Agent[08] DIVINED Agent[03] ANY))) (XOR (ESTIMATE Agent[08] WEREWOLF) (ESTIMATE Agent[08] POSSESSED))
3,talk,6,0,15,ESTIMATE Agent[05] WEREWOLF
3,talk,7,0,8,ESTIMATE Agent[11] WEREWOLF
3,talk,8,0,1,VOTED Agent[15]
3,talk,9,0,5,Skip
3,talk,10,0,12,DIVINED Agent[01] WEREWOLF
3,talk,11,0,11,ESTIMATE Agent[09] VILLAGER
3,talk,12,1,8,ESTIMATE Agent[14] WEREWOLF
3,talk,13,1,9,VOTE Agent[05]
3,talk,14,1,15,VOTE Agent[05]
3,talk,15,1,12,VOTE Agent[01]
3,talk,16,1,10,Skip
3,talk,17,1,5,Skip
3,talk,18,1,14,Skip
3,talk,19,1,3,Skip
3,talk,20,1,2,VOTE Agent[03]
3,talk,21,1,4,VOTE Agent[03]
3,talk,22,1,1,Skip
3,talk,23,1,11,ESTIMATE Agent[01] WEREWOLF
3,talk,24,2,5,AND (VOTE Agent[14]) (REQUEST ANY (VOTE Agent[14]))
3,talk,25,2,15,Skip
3,talk,26,2,2,Skip
3,talk,27,2,3,BECAUSE (XOR (ESTIMATE Agent[08] WEREWOLF) (ESTIMATE Agent[08] POSSESSED)) (AND (VOTE Agent[08]) (REQUEST ANY (VOTE Agent[08])))
3,talk,28,2,14,Skip
3,talk,29,2,12,Skip
3,talk,30,2,11,ESTIMATE Agent[02] VILLAGER
3,talk,31,2,1,VOTED Agent[02]
3,talk,32,2,10,Skip
3,talk,33,2,8,ESTIMATE Agent[12] WEREWOLF
3,talk,34,2,4,Skip
3,talk,35,2,9,Skip
3,talk,36,3,14,Over
3,talk,37,3,2,Skip
3,talk,38,3,11,VOTE Agent[01]
3,talk,39,3,10,Over
3,talk,40,3,3,Skip
3,talk,41,3,4,Skip
3,talk,42,3,9,VOTE Agent[02]
3,talk,43,3,8,VOTE Agent[09]
3,talk,44,3,5,AND (VOTE Agent[08]) (REQUEST ANY (VOTE Agent[08]))
3,talk,45,3,12,VOTE Agent[11]
3,talk,46,3,15,Skip
3,talk,47,3,1,VOTE Agent[08]
3,talk,48,4,15,Over
3,talk,49,4,1,VOTED Agent[04]
3,talk,50,4,8,Skip
3,talk,51,4,14,Over
3,talk,52,4,12,Skip
3,talk,53,4,3,Skip
3,talk,54,4,9,Skip
3,talk,55,4,4,Over
3,talk,56,4,10,Over
3,talk,57,4,2,Over
3,talk,58,4,5,Skip
3,talk,59,4,11,Skip
3,talk,60,5,5,Skip
3,talk,61,5,15,Over
3,talk,62,5,8,Skip
3,talk,63,5,12,Skip
3,talk,64,5,2,VOTE Agent[05]
3,talk,65,5,4,Over
3,talk,66,5,10,Over
3,talk,67,5,14,Over
3,talk,68,5,3,Over
3,talk,69,5,9,Skip
3,talk,70,5,1,ATTACK Agent[14]
3,talk,71,5,11,Skip
3,talk,72,6,12,VOTE Agent[01]
3,talk,73,6,2,Skip
3,talk,74,6,14,Over
3,talk,75,6,5,Over
3,talk,76,6,11,Over
3,talk,77,6,9,Over
3,talk,78,6,10,Over
3,talk,79,6,15,Over
3,talk,80,6,8,Over
3,talk,81,6,1,AGREE TALK day3 ID:50
3,talk,82,6,4,VOTE Agent[05]
3,talk,83,6,3,Over
3,talk,84,7,1,AGREE TALK day3 ID:46
3,talk,85,7,9,Over
3,talk,86,7,2,Skip
3,talk,87,7,4,Skip
3,talk,88,7,11,Over
3,talk,89,7,14,Over
3,talk,90,7,5,Over
3,talk,91,7,12,VOTE Agent[11]
3,talk,92,7,8,Over
3,talk,93,7,10,Over
3,talk,94,7,15,Over
3,talk,95,7,3,Over
3,talk,96,8,15,Over
3,talk,97,8,5,Over
3,talk,98,8,9,Over
3,talk,99,8,1,VOTE Agent[04]
3,talk,100,8,10,Over
3,talk,101,8,11,ESTIMATE Agent[09] VILLAGER
3,talk,102,8,8,Over
3,talk,103,8,2,Over
3,talk,104,8,12,Skip
3,talk,105,8,4,Skip
3,talk,106,8,14,Over
3,talk,107,8,3,Over
3,talk,108,9,2,Over
3,talk,109,9,12,Skip
3,talk,110,9,15,Over
3,talk,111,9,5,Over
3,talk,112,9,8,Over
3,talk,113,9,9,Over
3,talk,114,9,3,Over
3,talk,115,9,1,IDENTIFIED Agent[09] ANY
3,talk,116,9,11,Over
3,talk,117,9,4,Over
3,talk,118,9,10,Over
3,talk,119,9,14,Over
3,talk,120,10,11,Over
3,talk,121,10,4,Over
3,talk,122,10,15,Over
3,talk,123,10,2,Over
3,talk,124,10,14,Over
3,talk,125,10,5,Over
3,talk,126,10,3,Over
3,talk,127,10,1,ESTIMATE Agent[04] MEDIUM
3,talk,128,10,9,Over
3,talk,129,10,10,Over
3,talk,130,10,8,Over
3,talk,131,10,12,Over
3,talk,132,11,5,Over
3,talk,133,11,3,Over
3,talk,134,11,2,Over
3,talk,135,11,14,Over
3,talk,136,11,12,VOTE Agent[01]
3,talk,137,11,10,Over
3,talk,138,11,8,Over
3,talk,139,11,11,Over
3,talk,140,11,15,Over
3,talk,141,11,4,Over
3,talk,142,11,9,Over
3,talk,143,11,1,Over
3,talk,144,12,14,Over
3,talk,145,12,5,Over
3,talk,146,12,4,VOTE Agent[01]
3,talk,147,12,11,Over
3,talk,148,12,2,Over
3,talk,149,12,9,Over
3,talk,150,12,10,VOTE Agent[01]
3,talk,151,12,12,Skip
3,talk,152,12,15,Over
3,talk,153,12,3,Over
3,talk,154,12,1,Over
3,talk,155,12,8,Over
3,talk,156,13,4,Skip
3,talk,157,13,14,Over
3,talk,158,13,12,Skip
3,talk,159,13,10,Skip
3,talk,160,13,9,Over
3,talk,161,13,15,Over
3,talk,162,13,1,Over
3,talk,163,13,3,Over
3,talk,164,13,2,Over
3,talk,165,13,11,Over
3,talk,166,13,5,Over
3,talk,167,13,8,Over
3,talk,168,14,5,Over
3,talk,169,14,9,Over
3,talk,170,14,15,Over
3,talk,171,14,8,Over
3,talk,172,14,2,Over
3,talk,173,14,11,Over
3,talk,174,14,4,Skip
3,talk,175,14,10,Skip
3,talk,176,14,14,Over
3,talk,177,14,1,Over
3,talk,178,14,3,Over
3,talk,179,14,12,Over
3,talk,180,15,2,Over
3,talk,181,15,11,Over
3,talk,182,15,12,Over
3,talk,183,15,5,Over
3,talk,184,15,4,Over
3,talk,185,15,3,Over
3,talk,186,15,1,Over
3,talk,187,15,10,Over
3,talk,188,15,15,Over
3,talk,189,15,9,Over
3,talk,190,15,14,Over
3,talk,191,15,8,Over
3,vote,1,9
3,vote,2,5
3,vote,3,8
3,vote,4,1
3,vote,5,8
3,vote,8,9
3,vote,9,2
3,vote,10,1
3,vote,11,1
3,vote,12,1
3,vote,14,12
3,vote,15,5
3,execute,1,MEDIUM
3,divine,12,11,HUMAN
3,guard,5,12,SEER
3,attack,14,true
4,status,1,MEDIUM,DEAD,kenzi
4,status,2,VILLAGER,ALIVE,hello_wolf
4,status,3,VILLAGER,ALIVE,Dummy_01
4,status,4,VILLAGER,ALIVE,Tomato
4,status,5,BODYGUARD,ALIVE,Dummy_03
4,status,6,WEREWOLF,DEAD,Udon
4,status,7,POSSESSED,DEAD,Dummy_02
4,status,8,WEREWOLF,ALIVE,fisherman
4,status,9,VILLAGER,ALIVE,takeda
4,status,10,VILLAGER,ALIVE,GO1DeNO
4,status,11,VILLAGER,ALIVE,wasabi
4,status,12,SEER,ALIVE,fanfan
4,status,13,WEREWOLF,DEAD,calups
4,status,14,VILLAGER,DEAD,sonoda
4,status,15,VILLAGER,ALIVE,cantar
4,talk,0,0,11,ESTIMATE Agent[12] WEREWOLF
4,talk,1,0,10,VOTE Agent[03]
4,talk,2,0,15,ESTIMATE Agent[10] WEREWOLF
4,talk,3,0,8,ESTIMATE Agent[11] WEREWOLF
4,talk,4,0,3,BECAUSE (AND (COMINGOUT Agent[03] VILLAGER) (DAY 1 (Agent[08] DIVINED Agent[03] ANY))) (XOR (ESTIMATE Agent[08] WEREWOLF) (ESTIMATE Agent[08] POSSESSED))
4,talk,5,0,4,VOTE Agent[11]
4,talk,6,0,5,Skip
4,talk,7,0,9,VOTE Agent[02]
4,talk,8,0,2,VOTE Agent[05]
4,talk,9,0,12,DIVINED Agent[10] WEREWOLF
4,talk,10,1,3,Skip
4,talk,11,1,9,VOTE Agent[05]
4,talk,12,1,2,Skip
4,talk,13,1,10,Skip
4,talk,14,1,8,ESTIMATE Agent[04] WEREWOLF
4,talk,15,1,12,VOTE Agent[10]
4,talk,16,1,11,ESTIMATE Agent[12] WEREWOLF
4,talk,17,1,5,Skip
4,talk,18,1,4,VOTE Agent[02]
4,talk,19,1,15,VOTE Agent[10]
4,talk,20,2,8,ESTIMATE Agent[10] WEREWOLF
4,talk,21,2,12,Skip
4,talk,22,2,4,VOTE Agent[05]
4,talk,23,2,10,Skip
4,talk,24,2,15,Skip
4,talk,25,2,2,VOTE Agent[03]
4,talk,26,2,11,ESTIMATE Agent[05] WEREWOLF
4,talk,27,2,3,BECAUSE (XOR (ESTIMATE Agent[08] WEREWOLF) (ESTIMATE Agent[08] POSSESSED)) (AND (VOTE Agent[08]) (REQUEST ANY (VOTE Agent[08])))
4,talk,28,2,5,AND (VOTE Agent[08]) (REQUEST ANY (VOTE Agent[08]))
4,talk,29,2,9,Skip
4,talk,30,3,2,Skip
4,talk,31,3,15,Skip
4,talk,32,3,11,VOTE Agent[12]
4,talk,33,3,9,Skip
4,talk,34,3,5,Skip
4,talk,35,3,8,VOTE Agent[02]
4,talk,36,3,12,Skip
4,talk,37,3,3,Skip
4,talk,38,3,4,VOTE Agent[03]
4,talk,39,3,10,Over
4,talk,40,4,10,Over
4,talk,41,4,2,Skip
4,talk,42,4,12,Over
4,talk,43,4,9,Over
4,talk,44,4,3,Skip
4,talk,45,4,5,Skip
4,talk,46,4,4,VOTE Agent[02]
4,talk,47,4,15,Over
4,talk,48,4,8,Skip
4,talk,49,4,11,ESTIMATE Agent[09] VILLAGER
4,talk,50,5,4,Skip
4,talk,51,5,9,Over
4,talk,52,5,8,Skip
4,talk,53,5,2,VOTE Agent[05]
4,talk,54,5,10,Over
4,talk,55,5,11,Skip
4,talk,56,5,3,Over
4,talk,57,5,15,Over
4,talk,58,5,12,Over
4,talk,59,5,5,Over
4,talk,60,6,2,Skip
4,talk,61,6,4,VOTE Agent[05]
4,talk,62,6,12,Over
4,talk,63,6,9,Over
4,talk,64,6,3,Over
4,talk,65,6,11,ESTIMATE Agent[15] VILLAGER
4,talk,66,6,8,VOTE Agent[04]
4,talk,67,6,10,Over
4,talk,68,6,15,Over
4,talk,69,6,5,Over
4,talk,70,7,8,Skip
4,talk,71,7,9,Over
4,talk,72,7,11,ESTIMATE Agent[15] VILLAGER
4,talk,73,7,15,Over
4,talk,74,7,2,Skip
4,talk,75,7,5,Over
4,talk,76,7,3,Over
4,talk,77,7,12,VOTE Agent[05]
4,talk,78,7,10,Over
4,talk,79,7,4,Skip
4,talk,80,8,9,Over
4,talk,81,8,10,Over
4,talk,82,8,11,ESTIMATE Agent[08] VILLAGER
4,talk,83,8,3,Over
4,talk,84,8,2,Over
4,talk,85,8,5,Over
4,talk,86,8,4,Skip
4,talk,87,8,15,Over
4,talk,88,8,8,Skip
4,talk,89,8,12,Skip
4,talk,90,9,3,Over
4,talk,91,9,2,Over
4,talk,92,9,4,Over
4,talk,93,9,5,Over
4,talk,94,9,15,Over
4,talk,95,9,11,Over
4,talk,96,9,8,Over
4,talk,97,9,10,Over
4,talk,98,9,12,Skip
4,talk,99,9,9,Over
4,talk,100,10,3,Over
4,talk,101,10,5,Over
4,talk,102,10,12,Over
4,talk,103,10,15,Over
4,talk,104,10,8,Over
4,talk,105,10,2,Over
4,talk,106,10,9,Over
4,talk,107,10,11,Over
4,talk,108,10,10,Over
4,talk,109,10,4,Over
4,vote,2,5
4,vote,3,8
4,vote,4,5
4,vote,5,8
4,vote,8,4
4,vote,9,5
4,vote,10,3
4,vote,11,12
4,vote,12,5
4,vote,15,10
4,execute,5,BODYGUARD
4,divine,12,10,HUMAN
4,attack,11,true
5,status,1,MEDIUM,DEAD,kenzi
5,status,2,VILLAGER,ALIVE,hello_wolf
5,status,3,VILLAGER,ALIVE,Dummy_01
5,status,4,VILLAGER,ALIVE,Tomato
5,status,5,BODYGUARD,DEAD,Dummy_03
5,status,6,WEREWOLF,DEAD,Udon
5,status,7,POSSESSED,DEAD,Dummy_02
5,status,8,WEREWOLF,ALIVE,fisherman
5,status,9,VILLAGER,ALIVE,takeda
5,status,10,VILLAGER,ALIVE,GO1DeNO
5,status,11,VILLAGER,DEAD,wasabi
5,status,12,SEER,ALIVE,fanfan
5,status,13,WEREWOLF,DEAD,calups
5,status,14,VILLAGER,DEAD,sonoda
5,status,15,VILLAGER,ALIVE,cantar
5,talk,0,0,2,VOTE Agent[03]
5,talk,1,0,9,VOTE Agent[03]
5,talk,2,0,10,VOTE Agent[03]
5,talk,3,0,15,ESTIMATE Agent[12] WEREWOLF
5,talk,4,0,12,DIVINED Agent[15] WEREWOLF
5,talk,5,0,8,ESTIMATE Agent[02] WEREWOLF
5,talk,6,0,4,VOTE Agent[02]
5,talk,7,0,3,BECAUSE (AND (COMINGOUT Agent[03] VILLAGER) (DAY 1 (Agent[08] DIVINED Agent[03] ANY))) (XOR (ESTIMATE Agent[08] WEREWOLF) (ESTIMATE Agent[08] POSSESSED))
5,talk,8,1,3,Skip
5,talk,9,1,9,Skip
5,talk,10,1,10,Skip
5,talk,11,1,8,ESTIMATE Agent[03] WEREWOLF
5,talk,12,1,12,VOTE Agent[15]
5,talk,13,1,15,VOTE Agent[12]
5,talk,14,1,4,VOTE Agent[03]
5,talk,15,1,2,Skip
5,talk,16,2,4,Skip
5,talk,17,2,10,Skip
5,talk,18,2,2,Skip
5,talk,19,2,3,BECAUSE (XOR (ESTIMATE Agent[08] WEREWOLF) (ESTIMATE Agent[08] POSSESSED)) (AND (VOTE Agent[08]) (REQUEST ANY (VOTE Agent[08])))
5,talk,20,2,12,Skip
5,talk,21,2,8,ESTIMATE Agent[07] WEREWOLF
5,talk,22,2,15,Skip
5,talk,23,2,9,Skip
5,talk,24,3,9,Over
5,talk,25,3,8,VOTE Agent[04]
5,talk,26,3,12,Skip
5,talk,27,3,15,Skip
5,talk,28,3,2,Over
5,talk,29,3,10,Over
5,talk,30,3,4,Skip
5,talk,31,3,3,Skip
5,talk,32,4,2,Over
5,talk,33,4,9,Over
5,talk,34,4,3,Skip
5,talk,35,4,4,Over
5,talk,36,4,8,Skip
5,talk,37,4,15,Over
5,talk,38,4,10,Over
5,talk,39,4,12,Over
5,talk,40,5,9,Over
5,talk,41,5,15,Over
5,talk,42,5,2,Over
5,talk,43,5,3,Over
5,talk,44,5,10,Over
5,talk,45,5,12,Over
5,talk,46,5,8,Skip
5,talk,47,5,4,Over
5,talk,48,6,3,Over
5,talk,49,6,8,Over
5,talk,50,6,4,Over
5,talk,51,6,12,Over
5,talk,52,6,10,Over
5,talk,53,6,9,Over
5,talk,54,6,2,Over
5,talk,55,6,15,Over
5,vote,2,3
5,vote,3,8
5,vote,4,3
5,vote,8,4
5,vote,9,3
5,vote,10,3
5,vote,12,15
5,vote,15,12
5,execute,3,VILLAGER
5,divine,12,15,HUMAN
5,attack,2,true
6,status,1,MEDIUM,DEAD,kenzi
6,status,2,VILLAGER,DEAD,hello_wolf
6,status,3,VILLAGER,DEAD,Dummy_01
6,status,4,VILLAGER,ALIVE,Tomato
6,status,5,BODYGUARD,DEAD,Dummy_03
6,status,6,WEREWOLF,DEAD,Udon
6,status,7,POSSESSED,DEAD,Dummy_02
6,status,8,WEREWOLF,ALIVE,fisherman
6,status,9,VILLAGER,ALIVE,takeda
6,status,10,VILLAGER,ALIVE,GO1DeNO
6,status,11,VILLAGER,DEAD,wasabi
6,status,12,SEER,ALIVE,fanfan
6,status,13,WEREWOLF,DEAD,calups
6,status,14,VILLAGER,DEAD,sonoda
6,status,15,VILLAGER,ALIVE,cantar
6,talk,0,0,10,VOTE Agent[15]
6,talk,1,0,12,DIVINED Agent[15] HUMAN
6,talk,2,0,4,VOTE Agent[10]
6,talk,3,0,9,VOTE Agent[12]
6,talk,4,0,15,ESTIMATE Agent[08] WEREWOLF
6,talk,5,0,8,ESTIMATE Agent[09] WEREWOLF
6,talk,6,1,8,ESTIMATE Agent[02] WEREWOLF
6,talk,7,1,12,VOTE Agent[09]
6,talk,8,1,15,VOTE Agent[08]
6,talk,9,1,9,Skip
6,talk,10,1,4,VOTE Agent[12]
6,talk,11,1,10,Skip
6,talk,12,2,10,VOTE Agent[12]
6,talk,13,2,4,VOTE Agent[08]
6,talk,14,2,15,Skip
6,talk,15,2,12,VOTE Agent[09]
6,talk,16,2,8,ESTIMATE Agent[03] WEREWOLF
6,talk,17,2,9,Skip
6,talk,18,3,4,VOTE Agent[09]
6,talk,19,3,12,Skip
6,talk,20,3,8,VOTE Agent[04]
6,talk,21,3,15,Skip
6,talk,22,3,9,Over
6,talk,23,3,10,Skip
6,talk,24,4,8,Skip
6,talk,25,4,15,Over
6,talk,26,4,9,Over
6,talk,27,4,4,Skip
6,talk,28,4,10,Skip
6,talk,29,4,12,Skip
6,talk,30,5,12,Over
6,talk,31,5,10,Over
6,talk,32,5,9,Over
6,talk,33,5,15,Over
6,talk,34,5,8,Skip
6,talk,35,5,4,Skip
6,talk,36,6,8,Over
6,talk,37,6,12,Over
6,talk,38,6,15,Over
6,talk,39,6,4,Over
6,talk,40,6,10,Over
6,talk,41,6,9,Over
6,vote,4,9
6,vote,8,4
6,vote,9,12
6,vote,10,12
6,vote,12,9
6,vote,15,8
6,vote,4,9
6,vote,8,4
6,vote,9,12
6,vote,10,12
6,vote,12,9
6,vote,15,8
6,execute,12,SEER
6,attack,10,true
7,status,1,MEDIUM,DEAD,kenzi
7,status,2,VILLAGER,DEAD,hello_wolf
7,status,3,VILLAGER,DEAD,Dummy_01
7,status,4,VILLAGER,ALIVE,Tomato
7,status,5,BODYGUARD,DEAD,Dummy_03
7,status,6,WEREWOLF,DEAD,Udon
7,status,7,POSSESSED,DEAD,Dummy_02
7,status,8,WEREWOLF,ALIVE,fisherman
7,status,9,VILLAGER,ALIVE,takeda
7,status,10,VILLAGER,DEAD,GO1DeNO
7,status,11,VILLAGER,DEAD,wasabi
7,status,12,SEER,DEAD,fanfan
7,status,13,WEREWOLF,DEAD,calups
7,status,14,VILLAGER,DEAD,sonoda
7,status,15,VILLAGER,ALIVE,cantar
7,talk,0,0,9,VOTE Agent[15]
7,talk,1,0,8,ESTIMATE Agent[10] WEREWOLF
7,talk,2,0,15,ESTIMATE Agent[08] WEREWOLF
7,talk,3,0,4,VOTE Agent[15]
7,talk,4,1,8,ESTIMATE Agent[09] WEREWOLF
7,talk,5,1,4,Skip
7,talk,6,1,9,Skip
7,talk,7,1,15,VOTE Agent[08]
7,talk,8,2,4,Skip
7,talk,9,2,8,ESTIMATE Agent[02] WEREWOLF
7,talk,10,2,9,Skip
7,talk,11,2,15,Skip
7,talk,12,3,9,Over
7,talk,13,3,4,Over
7,talk,14,3,8,VOTE Agent[04]
7,talk,15,3,15,Skip
7,talk,16,4,4,Over
7,talk,17,4,15,Over
7,talk,18,4,8,Skip
7,talk,19,4,9,Over
7,talk,20,5,8,Skip
7,talk,21,5,9,Over
7,talk,22,5,4,Over
7,talk,23,5,15,Over
7,talk,24,6,9,Over
7,talk,25,6,8,Over
7,talk,26,6,15,Over
7,talk,27,6,4,Over
7,vote,4,15
7,vote,8,4
7,vote,9,15
7,vote,15,8
7,execute,15,VILLAGER
7,attack,4,true
8,status,1,MEDIUM,DEAD,kenzi
8,status,2,VILLAGER,DEAD,hello_wolf
8,status,3,VILLAGER,DEAD,Dummy_01
8,status,4,VILLAGER,DEAD,Tomato
8,status,5,BODYGUARD,DEAD,Dummy_03
8,status,6,WEREWOLF,DEAD,Udon
8,status,7,POSSESSED,DEAD,Dummy_02
8,status,8,WEREWOLF,ALIVE,fisherman
8,status,9,VILLAGER,ALIVE,takeda
8,status,10,VILLAGER,DEAD,GO1DeNO
8,status,11,VILLAGER,DEAD,wasabi
8,status,12,SEER,DEAD,fanfan
8,status,13,WEREWOLF,DEAD,calups
8,status,14,VILLAGER,DEAD,sonoda
8,status,15,VILLAGER,DEAD,cantar
8,result,1,1,WEREWOLF
