0,status,1,SEER,ALIVE,kenzi
0,status,2,VILLAGER,ALIVE,hello_wolf
0,status,3,VILLAGER,ALIVE,Dummy_01
0,status,4,VILLAGER,ALIVE,Tomato
0,status,5,WEREWOLF,ALIVE,Dummy_03
0,status,6,VILLAGER,ALIVE,Udon
0,status,7,BODYGUARD,ALIVE,Dummy_02
0,status,8,WEREWOLF,ALIVE,fisherman
0,status,9,MEDIUM,ALIVE,takeda
0,status,10,VILLAGER,ALIVE,GO1DeNO
0,status,11,VILLAGER,ALIVE,wasabi
0,status,12,VILLAGER,ALIVE,fanfan
0,status,13,WEREWOLF,ALIVE,calups
0,status,14,VILLAGER,ALIVE,sonoda
0,status,15,POSSESSED,ALIVE,cantar
0,whisper,0,0,8,COMINGOUT Agent[08] VILLAGER
0,whisper,1,0,13,COMINGOUT Agent[13] SEER
0,whisper,2,0,5,COMINGOUT Agent[05] SEER
0,whisper,3,1,13,Over
0,whisper,4,1,5,COMINGOUT Agent[05] VILLAGER
0,whisper,5,1,8,Skip
0,whisper,6,2,8,Skip
0,whisper,7,2,13,Over
0,whisper,8,2,5,Skip
0,whisper,9,3,13,Over
0,whisper,10,3,8,Over
0,whisper,11,3,5,Skip
0,whisper,12,4,8,Over
0,whisper,13,4,13,Over
0,whisper,14,4,5,Over
0,divine,1,6,HUMAN
1,status,1,SEER,ALIVE,kenzi
1,status,2,VILLAGER,ALIVE,hello_wolf
1,status,3,VILLAGER,ALIVE,Dummy_01
1,status,4,VILLAGER,ALIVE,Tomato
1,status,5,WEREWOLF,ALIVE,Dummy_03
1,status,6,VILLAGER,ALIVE,Udon
1,status,7,BODYGUARD,ALIVE,Dummy_02
1,status,8,WEREWOLF,ALIVE,fisherman
1,status,9,MEDIUM,ALIVE,takeda
1,status,10,VILLAGER,ALIVE,GO1DeNO
1,status,11,VILLAGER,ALIVE,wasabi
1,status,12,VILLAGER,ALIVE,fanfan
1,status,13,WEREWOLF,ALIVE,calups
1,status,14,VILLAGER,ALIVE,sonoda
1,status,15,POSSESSED,ALIVE,cantar
1,talk,0,0,5,Skip
1,talk,1,0,15,COMINGOUT Agent[15] MEDIUM
1,talk,2,0,10,VOTE Agent[06]
1,talk,3,0,9,COMINGOUT Agent[09] MEDIUM
1,talk,4,0,3,Skip
1,talk,5,0,4,VOTE Agent[05]
1,talk,6,0,1,VOTED Agent[10]
1,talk,7,0,2,VOTE Agent[11]
1,talk,8,0,12,VOTE Agent[06]
1,talk,9,0,6,VOTE Agent[14]
1,talk,10,0,11,ESTIMATE Agent[10] WEREWOLF
1,talk,11,0,7,Skip
1,talk,12,0,14,VOTE Agent[01]
1,talk,13,0,8,ESTIMATE Agent[02] WEREWOLF
1,talk,14,0,13,COMINGOUT Agent[13] SEER
1,talk,15,1,5,Skip
1,talk,16,1,9,VOTE Agent[01]
1,talk,17,1,13,DIVINED Agent[01] HUMAN
1,talk,18,1,3,Skip
1,talk,19,1,4,VOTE Agent[06]
1,talk,20,1,15,ESTIMATE Agent[01] WEREWOLF
1,talk,21,1,14,Skip
1,talk,22,1,11,ESTIMATE Agent[07] WEREWOLF
1,talk,23,1,1,DIVINATION Agent[14]
1,talk,24,1,8,ESTIMATE Agent[09] WEREWOLF
1,talk,25,1,7,Skip
1,talk,26,1,2,VOTE Agent[01]
1,talk,27,1,6,VOTE Agent[09]
1,talk,28,1,12,VOTE Agent[15]
1,talk,29,1,10,VOTE Agent[15]
1,talk,30,2,11,ESTIMATE Agent[01] VILLAGER
1,talk,31,2,15,VOTE Agent[01]
1,talk,32,2,3,AND (VOTE Agent[12]) (REQUEST ANY (VOTE Agent[12]))
1,talk,33,2,8,ESTIMATE Agent[10] WEREWOLF
1,talk,34,2,6,Over
1,talk,35,2,5,AND (VOTE Agent[01]) (REQUEST ANY (VOTE Agent[01]))
1,talk,36,2,10,Skip
1,talk,37,2,4,VOTE Agent[01]
1,talk,38,2,14,VOTE Agent[10]
1,talk,39,2,12,Skip
1,talk,40,2,2,VOTE Agent[15]
1,talk,41,2,1,VOTED Agent[06]
1,talk,42,2,13,Skip
1,talk,43,2,7,AND (VOTE Agent[10]) (REQUEST ANY (VOTE Agent[10]))
1,talk,44,2,9,VOTE Agent[12]
1,talk,45,3,5,Skip
1,talk,46,3,10,Skip
1,talk,47,3,8,VOTE Agent[03]
1,talk,48,3,15,Skip
1,talk,49,3,7,AND (VOTE Agent[12]) (REQUEST ANY (VOTE Agent[12]))
1,talk,50,3,3,AND (VOTE Agent[01]) (REQUEST ANY (VOTE Agent[01]))
1,talk,51,3,6,Over
1,talk,52,3,12,Skip
1,talk,53,3,9,VOTE Agent[10]
1,talk,54,3,13,Skip
1,talk,55,3,11,VOTE Agent[15]
1,talk,56,3,14,Skip
1,talk,57,3,4,Skip
1,talk,58,3,2,Skip
1,talk,59,3,1,DISAGREE TALK day1 ID:44
1,talk,60,4,2,Skip
1,talk,61,4,12,Over
1,talk,62,4,10,Over
1,talk,63,4,1,ESTIMATE Agent[10] SEER
1,talk,64,4,6,Over
1,talk,65,4,8,VOTE Agent[07]
1,talk,66,4,3,Skip
1,talk,67,4,4,Skip
1,talk,68,4,5,Skip
1,talk,69,4,13,Over
1,talk,70,4,9,VOTE Agent[12]
1,talk,71,4,11,VOTE Agent[09]
1,talk,72,4,7,AND (VOTE Agent[01]) (REQUEST ANY (VOTE Agent[01]))
1,talk,73,4,14,Skip
1,talk,74,4,15,Skip
1,talk,75,5,8,VOTE Agent[03]
1,talk,76,5,3,Skip
1,talk,77,5,10,Over
1,talk,78,5,9,Skip
1,talk,79,5,12,Over
1,talk,80,5,11,VOTE Agent[07]
1,talk,81,5,6,Over
1,talk,82,5,13,OR (VOTE Agent[02]) (VOTE Agent[03]) (VOTE Agent[04]) (VOTE Agent[05]) (VOTE Agent[06]) (VOTE Agent[07]) (VOTE Agent[08]) (VOTE Agent[10]) (VOTE Agent[11]) (VOTE Agent[12]) (VOTE Agent[14]) 
1,talk,83,5,5,Over
1,talk,84,5,2,Over
1,talk,85,5,14,Over
1,talk,86,5,7,Skip
1,talk,87,5,15,Over
1,talk,88,5,1,ATTACK Agent[14]
1,talk,89,5,4,Over
1,talk,90,6,7,Skip
1,talk,91,6,8,Skip
1,talk,92,6,3,Over
1,talk,93,6,13,Over
1,talk,94,6,11,ESTIMATE Agent[13] SEER
1,talk,95,6,14,Over
1,talk,96,6,9,Skip
1,talk,97,6,10,Over
1,talk,98,6,1,ATTACK Agent[11]
1,talk,99,6,5,Over
1,talk,100,6,2,VOTE Agent[03]
1,talk,101,6,4,Over
1,talk,102,6,12,Over
1,talk,103,6,6,Over
1,talk,104,6,15,Over
1,talk,105,7,13,Over
1,talk,106,7,12,Over
1,talk,107,7,2,VOTE Agent[15]
1,talk,108,7,1,AGREE TALK day1 ID:83
1,talk,109,7,9,Over
1,talk,110,7,6,Over
1,talk,111,7,10,Over
1,talk,112,7,7,Over
1,talk,113,7,3,Over
1,talk,114,7,14,Over
1,talk,115,7,4,Over
1,talk,116,7,8,VOTE Agent[11]
1,talk,117,7,11,VOTE Agent[09]
1,talk,118,7,15,Over
1,talk,119,7,5,Over
1,talk,120,8,5,Over
1,talk,121,8,3,Over
1,talk,122,8,9,Over
1,talk,123,8,2,VOTE Agent[05]
1,talk,124,8,11,VOTE Agent[15]
1,talk,125,8,6,Over
1,talk,126,8,10,Over
1,talk,127,8,7,Over
1,talk,128,8,13,Over
1,talk,129,8,4,Over
1,talk,130,8,1,COMINGOUT Agent[04] VILLAGER
1,talk,131,8,15,Over
1,talk,132,8,8,Skip
1,talk,133,8,12,Over
1,talk,134,8,14,Over
1,talk,135,9,10,VOTE Agent[05]
1,talk,136,9,1,ATTACKED Agent[09]
1,talk,137,9,5,Over
1,talk,138,9,6,Over
1,talk,139,9,15,Over
1,talk,140,9,2,Skip
1,talk,141,9,13,Over
1,talk,142,9,9,Over
1,talk,143,9,8,Skip
1,talk,144,9,11,Over
1,talk,145,9,3,Over
1,talk,146,9,12,VOTE Agent[05]
1,talk,147,9,4,Over
1,talk,148,9,14,Over
1,talk,149,9,7,Over
1,talk,150,10,12,Skip
1,talk,151,10,15,Over
1,talk,152,10,10,Skip
1,talk,153,10,5,Over
1,talk,154,10,11,Over
1,talk,155,10,4,Over
1,talk,156,10,6,Over
1,talk,157,10,1,Over
1,talk,158,10,2,Skip
1,talk,159,10,3,Over
1,talk,160,10,14,Over
1,talk,161,10,7,Over
1,talk,162,10,8,Over
1,talk,163,10,13,Over
1,talk,164,10,9,Over
1,talk,165,11,13,Over
1,talk,166,11,2,Over
1,talk,167,11,4,Over
1,talk,168,11,10,Skip
1,talk,169,11,3,Over
1,talk,170,11,11,Over
1,talk,171,11,8,Over
1,talk,172,11,6,Over
1,talk,173,11,12,Skip
1,talk,174,11,1,Over
1,talk,175,11,5,Over
1,talk,176,11,14,Over
1,talk,177,11,15,Over
1,talk,178,11,7,Over
1,talk,179,11,9,Over
1,talk,180,12,5,Over
1,talk,181,12,7,Over
1,talk,182,12,3,Over
1,talk,183,12,9,Over
1,talk,184,12,4,Over
1,talk,185,12,10,Over
1,talk,186,12,14,Over
1,talk,187,12,11,Over
1,talk,188,12,1,Over
1,talk,189,12,12,Over
1,talk,190,12,6,Over
1,talk,191,12,15,Over
1,talk,192,12,13,Over
1,talk,193,12,2,Over
1,talk,194,12,8,Over
1,vote,1,5
1,vote,2,5
1,vote,3,1
1,vote,4,1
1,vote,5,1
1,vote,6,9
1,vote,7,1
1,vote,8,11
1,vote,9,12
1,vote,10,5
1,vote,11,15
1,vote,12,5
1,vote,13,2
1,vote,14,10
1,vote,15,1
1,execute,1,SEER
1,whisper,0,0,8,ATTACK Agent[09]
1,whisper,1,0,13,Over
1,whisper,2,0,5,ATTACK Agent[09]
1,whisper,3,1,8,Skip
1,whisper,4,1,5,Skip
1,whisper,5,1,13,Over
1,whisper,6,2,5,Skip
1,whisper,7,2,13,Over
1,whisper,8,2,8,Skip
1,whisper,9,3,8,Over
1,whisper,10,3,13,Over
1,whisper,11,3,5,Over
1,guard,7,13,WEREWOLF
1,attackVote,5,9
1,attackVote,8,9
1,attackVote,13,14
1,attack,9,true
2,status,1,SEER,DEAD,kenzi
2,status,2,VILLAGER,ALIVE,hello_wolf
2,status,3,VILLAGER,ALIVE,Dummy_01
2,status,4,VILLAGER,ALIVE,Tomato
2,status,5,WEREWOLF,ALIVE,Dummy_03
2,status,6,VILLAGER,ALIVE,Udon
2,status,7,BODYGUARD,ALIVE,Dummy_02
2,status,8,WEREWOLF,ALIVE,fisherman
2,status,9,MEDIUM,DEAD,takeda
2,status,10,VILLAGER,ALIVE,GO1DeNO
2,status,11,VILLAGER,ALIVE,wasabi
2,status,12,VILLAGER,ALIVE,fanfan
2,status,13,WEREWOLF,ALIVE,calups
2,status,14,VILLAGER,ALIVE,sonoda
2,status,15,POSSESSED,ALIVE,cantar
2,talk,0,0,12,VOTE Agent[05]
2,talk,1,0,2,VOTE Agent[08]
2,talk,2,0,7,Skip
2,talk,3,0,8,ESTIMATE Agent[11] WEREWOLF
2,talk,4,0,10,VOTE Agent[05]
2,talk,5,0,11,ESTIMATE Agent[06] WEREWOLF
2,talk,6,0,4,VOTE Agent[05]
2,talk,7,0,3,Skip
2,talk,8,0,13,DIVINED Agent[05] HUMAN
2,talk,9,0,14,VOTE Agent[07]
2,talk,10,0,5,Skip
2,talk,11,0,6,VOTE Agent[11]
2,talk,12,0,15,ESTIMATE Agent[06] WEREWOLF
2,talk,13,1,2,VOTE Agent[05]
2,talk,14,1,5,Skip
2,talk,15,1,4,Skip
2,talk,16,1,3,Skip
2,talk,17,1,6,Over
2,talk,18,1,7,Skip
2,talk,19,1,11,ESTIMATE Agent[13] SEER
2,talk,20,1,8,ESTIMATE Agent[02] WEREWOLF
2,talk,21,1,15,VOTE Agent[06]
2,talk,22,1,13,Skip
2,talk,23,1,10,VOTE Agent[08]
2,talk,24,1,14,VOTE Agent[03]
2,talk,25,1,12,VOTE Agent[08]
2,talk,26,2,11,ESTIMATE Agent[04] WEREWOLF
2,talk,27,2,5,AND (VOTE Agent[15]) (REQUEST ANY (VOTE Agent[15]))
2,talk,28,2,15,Skip
2,talk,29,2,14,Skip
2,talk,30,2,10,Skip
2,talk,31,2,6,Over
2,talk,32,2,2,VOTE Agent[08]
2,talk,33,2,12,Skip
2,talk,34,2,3,AND (VOTE Agent[05]) (REQUEST ANY (VOTE Agent[05]))
2,talk,35,2,7,AND (VOTE Agent[05]) (REQUEST ANY (VOTE Agent[05]))
2,talk,36,2,8,ESTIMATE Agent[12] WEREWOLF
2,talk,37,2,13,Skip
2,talk,38,2,4,Skip
2,talk,39,3,6,Over
2,talk,40,3,4,Over
2,talk,41,3,13,Over
2,talk,42,3,3,AND (VOTE Agent[15]) (REQUEST ANY (VOTE Agent[15]))
2,talk,43,3,12,VOTE Agent[03]
2,talk,44,3,11,VOTE Agent[15]
2,talk,45,3,7,Skip
2,talk,46,3,15,Skip
2,talk,47,3,14,Skip
2,talk,48,3,8,VOTE Agent[02]
2,talk,49,3,10,Skip
2,talk,50,3,5,Skip
2,talk,51,3,2,Skip
2,talk,52,4,13,Over
2,talk,53,4,4,Over
2,talk,54,4,11,ESTIMATE Agent[06] WEREWOLF
2,talk,55,4,10,VOTE Agent[02]
2,talk,56,4,6,VOTE Agent[15]
2,talk,57,4,12,VOTE Agent[02]
2,talk,58,4,3,Skip
2,talk,59,4,14,Over
2,talk,60,4,5,Skip
2,talk,61,4,2,Skip
2,talk,62,4,8,Skip
2,talk,63,4,15,Over
2,talk,64,4,7,AND (VOTE Agent[15]) (REQUEST ANY (VOTE Agent[15]))
2,talk,65,5,15,Over
2,talk,66,5,3,Skip
2,talk,67,5,11,Skip
2,talk,68,5,5,Over
2,talk,69,5,7,Skip
2,talk,70,5,12,Skip
2,talk,71,5,6,Over
2,talk,72,5,10,Skip
2,talk,73,5,8,Skip
2,talk,74,5,14,Over
2,talk,75,5,13,OR (VOTE Agent[02]) (VOTE Agent[03]) (VOTE Agent[04]) (VOTE Agent[06]) (VOTE Agent[07]) (VOTE Agent[08]) (VOTE Agent[10]) (VOTE Agent[11]) (VOTE Agent[12]) (VOTE Agent[14]) 
2,talk,76,5,2,Over
2,talk,77,5,4,Over
2,talk,78,6,14,Over
2,talk,79,6,7,Skip
2,talk,80,6,13,Over
2,talk,81,6,15,Over
2,talk,82,6,5,Over
2,talk,83,6,12,Skip
2,talk,84,6,4,Over
2,talk,85,6,8,Over
2,talk,86,6,3,Over
2,talk,87,6,11,Skip
2,talk,88,6,2,Over
2,talk,89,6,6,Over
2,talk,90,6,10,Skip
2,talk,91,7,15,Over
2,talk,92,7,5,Over
2,talk,93,7,8,Over
2,talk,94,7,12,Over
2,talk,95,7,13,Over
2,talk,96,7,2,Over
2,talk,97,7,6,Over
2,talk,98,7,4,Over
2,talk,99,7,10,Over
2,talk,100,7,11,Over
2,talk,101,7,3,Over
2,talk,102,7,14,Over
2,talk,103,7,7,Over
2,vote,2,15
2,vote,3,15
2,vote,4,5
2,vote,5,15
2,vote,6,15
2,vote,7,15
2,vote,8,2
2,vote,10,2
2,vote,11,15
2,vote,12,2
2,vote,13,10
2,vote,14,3
2,vote,15,6
2,execute,15,POSSESSED
2,whisper,0,0,8,ATTACK Agent[02]
2,whisper,1,0,13,Over
2,whisper,2,0,5,BECAUSE (Agent[04] COMINGOUT Agent[04] VILLAGER) (ATTACK Agent[04])
2,whisper,3,1,8,Skip
2,whisper,4,1,5,Skip
2,whisper,5,1,13,Over
2,whisper,6,2,8,Skip
2,whisper,7,2,5,Skip
2,whisper,8,2,13,Over
2,whisper,9,3,5,Over
2,whisper,10,3,13,Over
2,whisper,11,3,8,Over
2,guard,7,13,WEREWOLF
2,attackVote,5,4
2,attackVote,8,2
2,attackVote,13,14
2,attackVote,5,4
2,attackVote,8,2
2,attackVote,13,14
2,attack,4,true
3,status,1,SEER,DEAD,kenzi
3,status,2,VILLAGER,ALIVE,hello_wolf
3,status,3,VILLAGER,ALIVE,Dummy_01
3,status,4,VILLAGER,DEAD,Tomato
3,status,5,WEREWOLF,ALIVE,Dummy_03
3,status,6,VILLAGER,ALIVE,Udon
3,status,7,BODYGUARD,ALIVE,Dummy_02
3,status,8,WEREWOLF,ALIVE,fisherman
3,status,9,MEDIUM,DEAD,takeda
3,status,10,VILLAGER,ALIVE,GO1DeNO
3,status,11,VILLAGER,ALIVE,wasabi
3,status,12,VILLAGER,ALIVE,fanfan
3,status,13,WEREWOLF,ALIVE,calups
3,status,14,VILLAGER,ALIVE,sonoda
3,status,15,POSSESSED,DEAD,cantar
3,talk,0,0,6,VOTE Agent[11]
3,talk,1,0,5,Skip
3,talk,2,0,11,Skip
3,talk,3,0,10,VOTE Agent[08]
3,talk,4,0,14,VOTE Agent[10]
3,talk,5,0,3,Skip
3,talk,6,0,13,DIVINED Agent[03] HUMAN
3,talk,7,0,7,Skip
3,talk,8,0,2,VOTE Agent[08]
3,talk,9,0,12,VOTE Agent[02]
3,talk,10,0,8,ESTIMATE Agent[15] WEREWOLF
3,talk,11,1,5,Skip
3,talk,12,1,12,VOTE Agent[10]
3,talk,13,1,6,Over
3,talk,14,1,11,ESTIMATE Agent[14] WEREWOLF
3,talk,15,1,14,Skip
3,talk,16,1,3,Skip
3,talk,17,1,7,Skip
3,talk,18,1,2,VOTE Agent[05]
3,talk,19,1,13,Skip
3,talk,20,1,8,ESTIMATE Agent[02] WEREWOLF
3,talk,21,1,10,Skip
3,talk,22,2,11,Skip
3,talk,23,2,14,Skip
3,talk,24,2,3,AND (VOTE Agent[12]) (REQUEST ANY (VOTE Agent[12]))
3,talk,25,2,7,AND (VOTE Agent[03]) (REQUEST ANY (VOTE Agent[03]))
3,talk,26,2,6,Over
3,talk,27,2,2,VOTE Agent[08]
3,talk,28,2,8,ESTIMATE Agent[10] WEREWOLF
3,talk,29,2,5,AND (VOTE Agent[06]) (REQUEST ANY (VOTE Agent[06]))
3,talk,30,2,13,Skip
3,talk,31,2,10,Skip
3,talk,32,2,12,VOTE Agent[02]
3,talk,33,3,11,VOTE Agent[07]
3,talk,34,3,10,Over
3,talk,35,3,2,Skip
3,talk,36,3,8,VOTE Agent[12]
3,talk,37,3,12,VOTE Agent[10]
3,talk,38,3,6,Over
3,talk,39,3,7,AND (VOTE Agent[12]) (REQUEST ANY (VOTE Agent[12]))
3,talk,40,3,13,Over
3,talk,41,3,3,AND (VOTE Agent[06]) (REQUEST ANY (VOTE Agent[06]))
3,talk,42,3,5,Skip
3,talk,43,3,14,Over
3,talk,44,4,5,Skip
3,talk,45,4,10,Over
3,talk,46,4,8,Skip
3,talk,47,4,6,VOTE Agent[14]
3,talk,48,4,11,VOTE Agent[12]
3,talk,49,4,14,Over
3,talk,50,4,12,VOTE Agent[08]
3,talk,51,4,3,AND (VOTE Agent[12]) (REQUEST ANY (VOTE Agent[12]))
3,talk,52,4,7,AND (VOTE Agent[06]) (REQUEST ANY (VOTE Agent[06]))
3,talk,53,4,2,Skip
3,talk,54,4,13,Over
3,talk,55,5,13,OR (VOTE Agent[02]) (VOTE Agent[06]) (VOTE Agent[07]) (VOTE Agent[08]) (VOTE Agent[10]) (VOTE Agent[11]) (VOTE Agent[12]) (VOTE Agent[14]) 
3,talk,56,5,3,AND (VOTE Agent[06]) (REQUEST ANY (VOTE Agent[06]))
3,talk,57,5,11,VOTE Agent[08]
3,talk,58,5,2,Over
3,talk,59,5,6,VOTE Agent[08]
3,talk,60,5,7,AND (VOTE Agent[12]) (REQUEST ANY (VOTE Agent[12]))
3,talk,61,5,14,Over
3,talk,62,5,10,VOTE Agent[14]
3,talk,63,5,12,VOTE Agent[14]
3,talk,64,5,5,Over
3,talk,65,5,8,Skip
3,talk,66,6,5,Over
3,talk,67,6,12,VOTE Agent[08]
3,talk,68,6,13,Over
3,talk,69,6,3,Skip
3,talk,70,6,6,VOTE Agent[14]
3,talk,71,6,8,Over
3,talk,72,6,14,Over
3,talk,73,6,11,VOTE Agent[14]
3,talk,74,6,7,AND (VOTE Agent[06]) (REQUEST ANY (VOTE Agent[06]))
3,talk,75,6,2,Over
3,talk,76,6,10,VOTE Agent[08]
3,talk,77,7,5,Over
3,talk,78,7,14,Over
3,talk,79,7,12,VOTE Agent[14]
3,talk,80,7,3,Skip
3,talk,81,7,10,VOTE Agent[14]
3,talk,82,7,7,Skip
3,talk,83,7,13,Over
3,talk,84,7,6,VOTE Agent[08]
3,talk,85,7,11,Skip
3,talk,86,7,2,VOTE Agent[12]
3,talk,87,7,8,VOTE Agent[10]
3,talk,88,8,7,Skip
3,talk,89,8,5,Over
3,talk,90,8,14,Over
3,talk,91,8,3,Over
3,talk,92,8,12,Skip
3,talk,93,8,10,Skip
3,talk,94,8,13,Over
3,talk,95,8,6,VOTE Agent[14]
3,talk,96,8,2,Skip
3,talk,97,8,11,VOTE Agent[12]
3,talk,98,8,8,Skip
3,talk,99,9,10,Skip
3,talk,100,9,6,Over
3,talk,101,9,3,Over
3,talk,102,9,13,Over
3,talk,103,9,12,Skip
3,talk,104,9,5,Over
3,talk,105,9,8,Skip
3,talk,106,9,11,Over
3,talk,107,9,7,Over
3,talk,108,9,14,Over
3,talk,109,9,2,Skip
3,talk,110,10,8,Over
3,talk,111,10,7,Over
3,talk,112,10,10,Over
3,talk,113,10,5,Over
3,talk,114,10,11,Over
3,talk,115,10,13,Over
3,talk,116,10,14,Over
3,talk,117,10,3,Over
3,talk,118,10,6,Over
3,talk,119,10,12,Over
3,talk,120,10,2,Over
3,vote,2,12
3,vote,3,6
3,vote,5,6
3,vote,6,14
3,vote,7,6
3,vote,8,10
3,vote,10,14
3,vote,11,12
3,vote,12,14
3,vote,13,8
3,vote,14,10
3,vote,2,12
3,vote,3,6
3,vote,5,6
3,vote,6,14
3,vote,7,6
3,vote,8,10
3,vote,10,14
3,vote,11,10
3,vote,12,14
3,vote,13,8
3,vote,14,10
3,execute,14,VILLAGER
3,whisper,0,0,5,ATTACK Agent[03]
3,whisper,1,0,13,Over
3,whisper,2,0,8,ATTACK Agent[10]
3,whisper,3,1,8,Skip
3,whisper,4,1,13,Over
3,whisper,5,1,5,Skip
3,whisper,6,2,8,Skip
3,whisper,7,2,5,Skip
3,whisper,8,2,13,Over
3,whisper,9,3,5,Over
3,whisper,10,3,8,Over
3,whisper,11,3,13,Over
3,guard,7,13,WEREWOLF
3,attackVote,5,3
3,attackVote,8,10
3,attackVote,13,12
3,attackVote,5,3
3,attackVote,8,10
3,attackVote,13,12
3,attack,10,true
4,status,1,SEER,DEAD,kenzi
4,status,2,VILLAGER,ALIVE,hello_wolf
4,status,3,VILLAGER,ALIVE,Dummy_01
4,status,4,VILLAGER,DEAD,Tomato
4,status,5,WEREWOLF,ALIVE,Dummy_03
4,status,6,VILLAGER,ALIVE,Udon
4,status,7,BODYGUARD,ALIVE,Dummy_02
4,status,8,WEREWOLF,ALIVE,fisherman
4,status,9,MEDIUM,DEAD,takeda
4,status,10,VILLAGER,DEAD,GO1DeNO
4,status,11,VILLAGER,ALIVE,wasabi
4,status,12,VILLAGER,ALIVE,fanfan
4,status,13,WEREWOLF,ALIVE,calups
4,status,14,VILLAGER,DEAD,sonoda
4,status,15,POSSESSED,DEAD,cantar
4,talk,0,0,6,VOTE Agent[11]
4,talk,1,0,8,ESTIMATE Agent[15] WEREWOLF
4,talk,2,0,13,DIVINED Agent[08] HUMAN
4,talk,3,0,11,ESTIMATE Agent[06] WEREWOLF
4,talk,4,0,7,Skip
4,talk,5,0,12,VOTE Agent[08]
4,talk,6,0,2,VOTE Agent[12]
4,talk,7,0,3,Skip
4,talk,8,0,5,Skip
4,talk,9,1,13,Skip
4,talk,10,1,6,Over
4,talk,11,1,12,VOTE Agent[02]
4,talk,12,1,7,Skip
4,talk,13,1,2,VOTE Agent[05]
4,talk,14,1,8,ESTIMATE Agent[10] WEREWOLF
4,talk,15,1,5,Skip
4,talk,16,1,3,Skip
4,talk,17,1,11,ESTIMATE Agent[02] WEREWOLF
4,talk,18,2,6,Over
4,talk,19,2,5,AND (VOTE Agent[11]) (REQUEST ANY (VOTE Agent[11]))
4,talk,20,2,2,Skip
4,talk,21,2,8,ESTIMATE Agent[06] WEREWOLF
4,talk,22,2,11,ESTIMATE Agent[13] SEER
4,talk,23,2,3,AND (VOTE Agent[07]) (REQUEST ANY (VOTE Agent[07]))
4,talk,24,2,12,Skip
4,talk,25,2,7,AND (VOTE Agent[08]) (REQUEST ANY (VOTE Agent[08]))
4,talk,26,2,13,Skip
4,talk,27,3,11,VOTE Agent[07]
4,talk,28,3,8,VOTE Agent[02]
4,talk,29,3,7,AND (VOTE Agent[07]) (REQUEST ANY (VOTE Agent[07]))
4,talk,30,3,5,Skip
4,talk,31,3,6,Over
4,talk,32,3,2,Skip
4,talk,33,3,13,Over
4,talk,34,3,12,Skip
4,talk,35,3,3,AND (VOTE Agent[11]) (REQUEST ANY (VOTE Agent[11]))
4,talk,36,4,13,Over
4,talk,37,4,6,VOTE Agent[02]
4,talk,38,4,7,AND (VOTE Agent[11]) (REQUEST ANY (VOTE Agent[11]))
4,talk,39,4,5,Skip
4,talk,40,4,12,Over
4,talk,41,4,11,ESTIMATE Agent[13] SEER
4,talk,42,4,3,AND (VOTE Agent[07]) (REQUEST ANY (VOTE Agent[07]))
4,talk,43,4,2,Over
4,talk,44,4,8,Skip
4,talk,45,5,6,Over
4,talk,46,5,5,Over
4,talk,47,5,2,Over
4,talk,48,5,7,AND (VOTE Agent[07]) (REQUEST ANY (VOTE Agent[07]))
4,talk,49,5,12,Over
4,talk,50,5,13,OR (VOTE Agent[02]) (VOTE Agent[06]) (VOTE Agent[07]) (VOTE Agent[11]) (VOTE Agent[12]) 
4,talk,51,5,3,AND (VOTE Agent[11]) (REQUEST ANY (VOTE Agent[11]))
4,talk,52,5,11,VOTE Agent[12]
4,talk,53,5,8,Skip
4,talk,54,6,5,Over
4,talk,55,6,12,VOTE Agent[05]
4,talk,56,6,3,Skip
4,talk,57,6,13,Over
4,talk,58,6,8,Over
4,talk,59,6,6,VOTE Agent[11]
4,talk,60,6,7,AND (VOTE Agent[11]) (REQUEST ANY (VOTE Agent[11]))
4,talk,61,6,2,Over
4,talk,62,6,11,Skip
4,talk,63,7,6,Over
4,talk,64,7,13,Over
4,talk,65,7,8,Over
4,talk,66,7,2,Over
4,talk,67,7,12,Skip
4,talk,68,7,3,Skip
4,talk,69,7,5,Over
4,talk,70,7,11,ESTIMATE Agent[07] WEREWOLF
4,talk,71,7,7,Skip
4,talk,72,8,11,VOTE Agent[02]
4,talk,73,8,8,Over
4,talk,74,8,5,Over
4,talk,75,8,6,Over
4,talk,76,8,13,Over
4,talk,77,8,2,Over
4,talk,78,8,3,Over
4,talk,79,8,12,Skip
4,talk,80,8,7,Skip
4,talk,81,9,7,Over
4,talk,82,9,5,Over
4,talk,83,9,3,Over
4,talk,84,9,2,Over
4,talk,85,9,8,Over
4,talk,86,9,6,VOTE Agent[02]
4,talk,87,9,11,Over
4,talk,88,9,13,Over
4,talk,89,9,12,Over
4,talk,90,10,2,Over
4,talk,91,10,13,Over
4,talk,92,10,5,Over
4,talk,93,10,11,Over
4,talk,94,10,12,VOTE Agent[02]
4,talk,95,10,6,Over
4,talk,96,10,7,Over
4,talk,97,10,3,Over
4,talk,98,10,8,Over
4,talk,99,11,7,Over
4,talk,100,11,6,Over
4,talk,101,11,13,Over
4,talk,102,11,8,Over
4,talk,103,11,3,Over
4,talk,104,11,2,Over
4,talk,105,11,5,Over
4,talk,106,11,11,Over
4,talk,107,11,12,Skip
4,talk,108,12,6,Over
4,talk,109,12,2,Over
4,talk,110,12,13,Over
4,talk,111,12,5,Over
4,talk,112,12,7,Over
4,talk,113,12,3,Over
4,talk,114,12,12,Skip
4,talk,115,12,11,Over
4,talk,116,12,8,Over
4,talk,117,13,3,Over
4,talk,118,13,2,Over
4,talk,119,13,13,Over
4,talk,120,13,11,Over
4,talk,121,13,8,Over
4,talk,122,13,7,Over
4,talk,123,13,6,Over
4,talk,124,13,5,Over
4,talk,125,13,12,Over
4,vote,2,5
4,vote,3,11
4,vote,5,11
4,vote,6,2
4,vote,7,11
4,vote,8,2
4,vote,11,2
4,vote,12,2
4,vote,13,2
4,execute,2,VILLAGER
4,whisper,0,0,5,ATTACK Agent[07]
4,whisper,1,0,8,ATTACK Agent[06]
4,whisper,2,0,13,Over
4,whisper,3,1,13,Over
4,whisper,4,1,5,Skip
4,whisper,5,1,8,Skip
4,whisper,6,2,8,Skip
4,whisper,7,2,13,Over
4,whisper,8,2,5,Skip
4,whisper,9,3,8,Over
4,whisper,10,3,5,Over
4,whisper,11,3,13,Over
4,guard,7,13,WEREWOLF
4,attackVote,5,7
4,attackVote,8,6
4,attackVote,13,7
4,attack,7,true
5,status,1,SEER,DEAD,kenzi
5,status,2,VILLAGER,DEAD,hello_wolf
5,status,3,VILLAGER,ALIVE,Dummy_01
5,status,4,VILLAGER,DEAD,Tomato
5,status,5,WEREWOLF,ALIVE,Dummy_03
5,status,6,VILLAGER,ALIVE,Udon
5,status,7,BODYGUARD,DEAD,Dummy_02
5,status,8,WEREWOLF,ALIVE,fisherman
5,status,9,MEDIUM,DEAD,takeda
5,status,10,VILLAGER,DEAD,GO1DeNO
5,status,11,VILLAGER,ALIVE,wasabi
5,status,12,VILLAGER,ALIVE,fanfan
5,status,13,WEREWOLF,ALIVE,calups
5,status,14,VILLAGER,DEAD,sonoda
5,status,15,POSSESSED,DEAD,cantar
5,talk,0,0,6,VOTE Agent[11]
5,talk,1,0,13,DIVINED Agent[11] HUMAN
5,talk,2,0,12,VOTE Agent[05]
5,talk,3,0,11,ESTIMATE Agent[08] VILLAGER
5,talk,4,0,5,Skip
5,talk,5,0,8,ESTIMATE Agent[15] WEREWOLF
5,talk,6,0,3,Skip
5,talk,7,1,5,Skip
5,talk,8,1,6,VOTE Agent[12]
5,talk,9,1,13,Skip
5,talk,10,1,8,ESTIMATE Agent[10] WEREWOLF
5,talk,11,1,12,Skip
5,talk,12,1,11,ESTIMATE Agent[12] WEREWOLF
5,talk,13,1,3,Skip
5,talk,14,2,3,AND (VOTE Agent[06]) (REQUEST ANY (VOTE Agent[06]))
5,talk,15,2,12,Skip
5,talk,16,2,13,Skip
5,talk,17,2,11,ESTIMATE Agent[08] VILLAGER
5,talk,18,2,6,Over
5,talk,19,2,8,ESTIMATE Agent[14] WEREWOLF
5,talk,20,2,5,AND (VOTE Agent[06]) (REQUEST ANY (VOTE Agent[06]))
5,talk,21,3,3,Skip
5,talk,22,3,13,Over
5,talk,23,3,5,Skip
5,talk,24,3,6,Over
5,talk,25,3,8,VOTE Agent[12]
5,talk,26,3,11,VOTE Agent[06]
5,talk,27,3,12,Over
5,talk,28,4,8,Skip
5,talk,29,4,12,VOTE Agent[06]
5,talk,30,4,3,Skip
5,talk,31,4,11,ESTIMATE Agent[03] VILLAGER
5,talk,32,4,13,Over
5,talk,33,4,6,Over
5,talk,34,4,5,Skip
5,talk,35,5,6,Over
5,talk,36,5,12,Skip
5,talk,37,5,8,Skip
5,talk,38,5,5,Over
5,talk,39,5,3,Over
5,talk,40,5,11,ESTIMATE Agent[03] VILLAGER
5,talk,41,5,13,OR (VOTE Agent[06]) (VOTE Agent[12]) 
5,talk,42,6,11,Skip
5,talk,43,6,8,Over
5,talk,44,6,13,Over
5,talk,45,6,12,Skip
5,talk,46,6,6,Over
5,talk,47,6,3,Over
5,talk,48,6,5,Over
5,talk,49,7,8,Over
5,talk,50,7,6,Over
5,talk,51,7,11,VOTE Agent[12]
5,talk,52,7,12,Over
5,talk,53,7,13,Over
5,talk,54,7,5,Over
5,talk,55,7,3,Over
5,talk,56,8,6,Over
5,talk,57,8,8,Over
5,talk,58,8,5,Over
5,talk,59,8,13,Over
5,talk,60,8,3,Over
5,talk,61,8,11,VOTE Agent[06]
5,talk,62,8,12,VOTE Agent[05]
5,talk,63,9,11,Over
5,talk,64,9,5,Over
5,talk,65,9,8,Over
5,talk,66,9,12,VOTE Agent[06]
5,talk,67,9,13,Over
5,talk,68,9,6,Over
5,talk,69,9,3,Over
5,talk,70,10,8,Over
5,talk,71,10,3,Over
5,talk,72,10,11,Over
5,talk,73,10,12,Skip
5,talk,74,10,13,Over
5,talk,75,10,6,Over
5,talk,76,10,5,Over
5,talk,77,11,8,Over
5,talk,78,11,12,Skip
5,talk,79,11,11,Over
5,talk,80,11,13,Over
5,talk,81,11,6,Over
5,talk,82,11,5,Over
5,talk,83,11,3,Over
5,talk,84,12,3,Over
5,talk,85,12,12,Over
5,talk,86,12,13,Over
5,talk,87,12,6,Over
5,talk,88,12,5,Over
5,talk,89,12,8,Over
5,talk,90,12,11,Over
5,vote,3,6
5,vote,5,6
5,vote,6,12
5,vote,8,12
5,vote,11,6
5,vote,12,6
5,vote,13,12
5,execute,6,VILLAGER
5,whisper,0,0,13,Over
5,whisper,1,0,5,ATTACK Agent[03]
5,whisper,2,0,8,ATTACK Agent[03]
5,whisper,3,1,5,Skip
5,whisper,4,1,13,Over
5,whisper,5,1,8,Skip
5,whisper,6,2,8,Skip
5,whisper,7,2,13,Over
5,whisper,8,2,5,Skip
5,whisper,9,3,5,Over
5,whisper,10,3,13,Over
5,whisper,11,3,8,Over
5,attackVote,5,3
5,attackVote,8,3
5,attackVote,13,12
5,attack,3,true
6,status,1,SEER,DEAD,kenzi
6,status,2,VILLAGER,DEAD,hello_wolf
6,status,3,VILLAGER,DEAD,Dummy_01
6,status,4,VILLAGER,DEAD,Tomato
6,status,5,WEREWOLF,ALIVE,Dummy_03
6,status,6,VILLAGER,DEAD,Udon
6,status,7,BODYGUARD,DEAD,Dummy_02
6,status,8,WEREWOLF,ALIVE,fisherman
6,status,9,MEDIUM,DEAD,takeda
6,status,10,VILLAGER,DEAD,GO1DeNO
6,status,11,VILLAGER,ALIVE,wasabi
6,status,12,VILLAGER,ALIVE,fanfan
6,status,13,WEREWOLF,ALIVE,calups
6,status,14,VILLAGER,DEAD,sonoda
6,status,15,POSSESSED,DEAD,cantar
6,result,2,3,WEREWOLF
