0,status,1,POSSESSED,ALIVE,kenzi
0,status,2,MEDIUM,ALIVE,hello_wolf
0,status,3,VILLAGER,ALIVE,Dummy_01
0,status,4,VILLAGER,ALIVE,Tomato
0,status,5,VILLAGER,ALIVE,Dummy_03
0,status,6,VILLAGER,ALIVE,Udon
0,status,7,VILLAGER,ALIVE,Dummy_02
0,status,8,VILLAGER,ALIVE,fisherman
0,status,9,WEREWOLF,ALIVE,takeda
0,status,10,WEREWOLF,ALIVE,GO1DeNO
0,status,11,BODYGUARD,ALIVE,wasabi
0,status,12,SEER,ALIVE,fanfan
0,status,13,VILLAGER,ALIVE,calups
0,status,14,VILLAGER,ALIVE,sonoda
0,status,15,WEREWOLF,ALIVE,cantar
0,whisper,0,0,10,COMINGOUT Agent[10] VILLAGER
0,whisper,1,0,15,COMINGOUT Agent[15] SEER
0,whisper,2,0,9,Skip
0,whisper,3,1,15,COMINGOUT Agent[15] SEER
0,whisper,4,1,10,Skip
0,whisper,5,1,9,Skip
0,whisper,6,2,15,COMINGOUT Agent[15] SEER
0,whisper,7,2,9,Over
0,whisper,8,2,10,Skip
0,whisper,9,3,15,COMINGOUT Agent[15] SEER
0,whisper,10,3,9,Over
0,whisper,11,3,10,Over
0,whisper,12,4,15,COMINGOUT Agent[15] SEER
0,whisper,13,4,9,Over
0,whisper,14,4,10,Over
0,whisper,15,5,10,Over
0,whisper,16,5,9,Over
0,whisper,17,5,15,COMINGOUT Agent[15] SEER
0,whisper,18,6,9,Over
0,whisper,19,6,10,Over
0,whisper,20,6,15,COMINGOUT Agent[15] SEER
0,whisper,21,7,10,Over
0,whisper,22,7,15,COMINGOUT Agent[15] SEER
0,whisper,23,7,9,Over
0,whisper,24,8,15,COMINGOUT Agent[15] SEER
0,whisper,25,8,10,Over
0,whisper,26,8,9,Over
0,whisper,27,9,15,COMINGOUT Agent[15] SEER
0,whisper,28,9,10,Over
0,whisper,29,9,9,Over
0,whisper,30,10,9,Over
0,whisper,31,10,10,Over
0,whisper,32,10,15,Over
0,divine,12,6,HUMAN
1,status,1,POSSESSED,ALIVE,kenzi
1,status,2,MEDIUM,ALIVE,hello_wolf
1,status,3,VILLAGER,ALIVE,Dummy_01
1,status,4,VILLAGER,ALIVE,Tomato
1,status,5,VILLAGER,ALIVE,Dummy_03
1,status,6,VILLAGER,ALIVE,Udon
1,status,7,VILLAGER,ALIVE,Dummy_02
1,status,8,VILLAGER,ALIVE,fisherman
1,status,9,WEREWOLF,ALIVE,takeda
1,status,10,WEREWOLF,ALIVE,GO1DeNO
1,status,11,BODYGUARD,ALIVE,wasabi
1,status,12,SEER,ALIVE,fanfan
1,status,13,VILLAGER,ALIVE,calups
1,status,14,VILLAGER,ALIVE,sonoda
1,status,15,WEREWOLF,ALIVE,cantar
1,talk,0,0,9,VOTE Agent[13]
1,talk,1,0,4,VOTE Agent[08]
1,talk,2,0,2,COMINGOUT Agent[02] MEDIUM
1,talk,3,0,5,Skip
1,talk,4,0,8,ESTIMATE Agent[15] WEREWOLF
1,talk,5,0,1,Skip
1,talk,6,0,11,ESTIMATE Agent[12] VILLAGER
1,talk,7,0,13,Skip
1,talk,8,0,7,Skip
1,talk,9,0,10,VOTE Agent[06]
1,talk,10,0,15,COMINGOUT Agent[15] SEER
1,talk,11,0,3,Skip
1,talk,12,0,12,COMINGOUT Agent[12] SEER
1,talk,13,0,14,VOTE Agent[01]
1,talk,14,0,6,VOTE Agent[10]
1,talk,15,1,3,Skip
1,talk,16,1,11,Skip
1,talk,17,1,5,Skip
1,talk,18,1,9,VOTE Agent[06]
1,talk,19,1,4,VOTE Agent[01]
1,talk,20,1,15,COMINGOUT Agent[15] SEER
1,talk,21,1,12,DIVINED Agent[06] HUMAN
1,talk,22,1,13,Skip
1,talk,23,1,8,ESTIMATE Agent[11] WEREWOLF
1,talk,24,1,2,VOTE Agent[05]
1,talk,25,1,1,Skip
1,talk,26,1,10,VOTE Agent[01]
1,talk,27,1,14,VOTE Agent[03]
1,talk,28,1,6,Over
1,talk,29,1,7,Skip
1,talk,30,2,15,COMINGOUT Agent[15] SEER
1,talk,31,2,3,AND (VOTE Agent[13]) (REQUEST ANY (VOTE Agent[13]))
1,talk,32,2,10,Skip
1,talk,33,2,7,AND (VOTE Agent[05]) (REQUEST ANY (VOTE Agent[05]))
1,talk,34,2,14,VOTE Agent[01]
1,talk,35,2,12,VOTE Agent[15]
1,talk,36,2,4,Skip
1,talk,37,2,13,Over
1,talk,38,2,1,Over
1,talk,39,2,9,VOTE Agent[14]
1,talk,40,2,11,ESTIMATE Agent[06] VILLAGER
1,talk,41,2,6,Over
1,talk,42,2,5,AND (VOTE Agent[08]) (REQUEST ANY (VOTE Agent[08]))
1,talk,43,2,2,VOTE Agent[01]
1,talk,44,2,8,ESTIMATE Agent[01] WEREWOLF
1,talk,45,3,9,Skip
1,talk,46,3,5,AND (VOTE Agent[13]) (REQUEST ANY (VOTE Agent[13]))
1,talk,47,3,1,VOTED Agent[02]
1,talk,48,3,4,Skip
1,talk,49,3,6,VOTE Agent[13]
1,talk,50,3,15,COMINGOUT Agent[15] SEER
1,talk,51,3,14,Skip
1,talk,52,3,12,VOTE Agent[15]
1,talk,53,3,8,VOTE Agent[15]
1,talk,54,3,2,VOTE Agent[05]
1,talk,55,3,13,Over
1,talk,56,3,3,AND (VOTE Agent[05]) (REQUEST ANY (VOTE Agent[05]))
1,talk,57,3,7,AND (VOTE Agent[13]) (REQUEST ANY (VOTE Agent[13]))
1,talk,58,3,10,Skip
1,talk,59,3,11,VOTE Agent[07]
1,talk,60,4,1,VOTE Agent[08]
1,talk,61,4,5,Skip
1,talk,62,4,12,Skip
1,talk,63,4,8,Skip
1,talk,64,4,15,COMINGOUT Agent[15] SEER
1,talk,65,4,9,VOTE Agent[06]
1,talk,66,4,11,VOTE Agent[08]
1,talk,67,4,7,Skip
1,talk,68,4,10,Over
1,talk,69,4,13,Over
1,talk,70,4,14,Skip
1,talk,71,4,6,Over
1,talk,72,4,4,VOTE Agent[13]
1,talk,73,4,2,VOTE Agent[01]
1,talk,74,4,3,AND (VOTE Agent[13]) (REQUEST ANY (VOTE Agent[13]))
1,talk,75,5,14,Over
1,talk,76,5,1,Agent[12] DIVINED Agent[05] ANY
1,talk,77,5,10,Over
1,talk,78,5,13,OR (VOTE Agent[01]) (VOTE Agent[03]) (VOTE Agent[04]) (VOTE Agent[05]) (VOTE Agent[07]) (VOTE Agent[08]) (VOTE Agent[09]) (VOTE Agent[10]) (VOTE Agent[11]) (VOTE Agent[14]) 
1,talk,79,5,4,Skip
1,talk,80,5,6,Over
1,talk,81,5,15,COMINGOUT Agent[15] SEER
1,talk,82,5,11,ESTIMATE Agent[01] VILLAGER
1,talk,83,5,5,Skip
1,talk,84,5,12,Skip
1,talk,85,5,7,Skip
1,talk,86,5,8,Skip
1,talk,87,5,9,Skip
1,talk,88,5,3,Skip
1,talk,89,5,2,Skip
1,talk,90,6,5,BECAUSE (AND (COMINGOUT Agent[05] VILLAGER) (DAY 1 (Agent[12] DIVINED Agent[05] ANY))) (XOR (ESTIMATE Agent[12] WEREWOLF) (ESTIMATE Agent[12] POSSESSED))
1,talk,91,6,10,Over
1,talk,92,6,4,VOTE Agent[01]
1,talk,93,6,3,Skip
1,talk,94,6,2,Skip
1,talk,95,6,12,Over
1,talk,96,6,15,COMINGOUT Agent[15] SEER
1,talk,97,6,6,Over
1,talk,98,6,13,Over
1,talk,99,6,11,Skip
1,talk,100,6,9,Skip
1,talk,101,6,1,GUARD Agent[13]
1,talk,102,6,14,Over
1,talk,103,6,8,Over
1,talk,104,6,7,Over
1,talk,105,7,9,Over
1,talk,106,7,6,Over
1,talk,107,7,5,BECAUSE (XOR (ESTIMATE Agent[12] WEREWOLF) (ESTIMATE Agent[12] POSSESSED)) (AND (VOTE Agent[12]) (REQUEST ANY (VOTE Agent[12])))
1,talk,108,7,14,Over
1,talk,109,7,10,Over
1,talk,110,7,12,Over
1,talk,111,7,11,VOTE Agent[07]
1,talk,112,7,15,COMINGOUT Agent[15] SEER
1,talk,113,7,4,Skip
1,talk,114,7,7,Over
1,talk,115,7,2,Over
1,talk,116,7,3,Over
1,talk,117,7,13,Over
1,talk,118,7,8,Over
1,talk,119,7,1,ATTACK Agent[10]
1,talk,120,8,5,Skip
1,talk,121,8,2,Over
1,talk,122,8,11,ESTIMATE Agent[02] MEDIUM
1,talk,123,8,6,Over
1,talk,124,8,10,Over
1,talk,125,8,14,Over
1,talk,126,8,1,IDENTIFIED Agent[07] WEREWOLF
1,talk,127,8,7,Over
1,talk,128,8,3,Over
1,talk,129,8,13,Over
1,talk,130,8,9,Over
1,talk,131,8,15,COMINGOUT Agent[15] SEER
1,talk,132,8,12,Over
1,talk,133,8,4,Skip
1,talk,134,8,8,Over
1,talk,135,9,3,Over
1,talk,136,9,15,COMINGOUT Agent[15] SEER
1,talk,137,9,9,Over
1,talk,138,9,4,Over
1,talk,139,9,13,Over
1,talk,140,9,6,Over
1,talk,141,9,5,Skip
1,talk,142,9,12,Over
1,talk,143,9,7,Over
1,talk,144,9,2,Over
1,talk,145,9,10,Over
1,talk,146,9,1,ESTIMATE Agent[14] WEREWOLF
1,talk,147,9,8,Over
1,talk,148,9,14,Over
1,talk,149,9,11,Over
1,talk,150,10,5,Over
1,talk,151,10,3,Over
1,talk,152,10,1,GUARD Agent[13]
1,talk,153,10,13,Over
1,talk,154,10,2,Over
1,talk,155,10,9,Over
1,talk,156,10,14,Over
1,talk,157,10,12,Over
1,talk,158,10,11,Over
1,talk,159,10,15,Over
1,talk,160,10,7,Over
1,talk,161,10,8,Over
1,talk,162,10,6,Over
1,talk,163,10,4,Over
1,talk,164,10,10,Over
1,talk,165,11,3,Over
1,talk,166,11,5,Over
1,talk,167,11,14,Over
1,talk,168,11,9,Over
1,talk,169,11,8,Over
1,talk,170,11,2,Over
1,talk,171,11,15,Over
1,talk,172,11,12,Over
1,talk,173,11,7,Over
1,talk,174,11,6,Over
1,talk,175,11,13,Over
1,talk,176,11,10,Over
1,talk,177,11,11,Over
1,talk,178,11,1,VOTE Agent[07]
1,talk,179,11,4,Over
1,talk,180,12,3,Over
1,talk,181,12,11,Over
1,talk,182,12,4,Over
1,talk,183,12,15,Over
1,talk,184,12,9,VOTE Agent[05]
1,talk,185,12,8,Over
1,talk,186,12,13,Over
1,talk,187,12,1,GUARD Agent[02]
1,talk,188,12,5,Over
1,talk,189,12,7,Over
1,talk,190,12,14,Over
1,talk,191,12,6,Over
1,talk,192,12,2,Over
1,talk,193,12,10,Over
1,talk,194,12,12,Over
1,talk,195,13,7,Over
1,talk,196,13,15,Over
1,talk,197,13,2,Over
1,talk,198,13,3,Over
1,talk,199,13,13,Over
1,talk,200,13,14,Over
1,talk,201,13,8,Over
1,talk,202,13,9,Skip
1,talk,203,13,4,Over
1,talk,204,13,6,Over
1,talk,205,13,5,Over
1,talk,206,13,12,Over
1,talk,207,13,1,Over
1,talk,208,13,11,Over
1,talk,209,13,10,Over
1,talk,210,14,4,Over
1,talk,211,14,1,Over
1,talk,212,14,11,Over
1,talk,213,14,9,Skip
1,talk,214,14,8,Over
1,talk,215,14,2,Over
1,talk,216,14,6,Over
1,talk,217,14,13,Over
1,talk,218,14,15,Over
1,talk,219,14,7,Over
1,talk,220,14,14,Over
1,talk,221,14,12,Over
1,talk,222,14,10,Over
1,talk,223,14,5,Over
1,talk,224,14,3,Over
1,talk,225,15,13,Over
1,talk,226,15,2,Over
1,talk,227,15,10,Over
1,talk,228,15,3,Over
1,talk,229,15,14,Over
1,talk,230,15,11,Over
1,talk,231,15,6,Over
1,talk,232,15,12,Over
1,talk,233,15,7,Over
1,talk,234,15,9,Over
1,talk,235,15,1,Over
1,talk,236,15,5,Over
1,talk,237,15,8,Over
1,talk,238,15,4,Over
1,talk,239,15,15,Over
1,vote,1,7
1,vote,2,1
1,vote,3,13
1,vote,4,1
1,vote,5,12
1,vote,6,13
1,vote,7,13
1,vote,8,15
1,vote,9,5
1,vote,10,1
1,vote,11,7
1,vote,12,15
1,vote,13,3
1,vote,14,1
1,vote,15,1
1,execute,1,POSSESSED
1,divine,12,3,HUMAN
1,whisper,0,0,10,ATTACK Agent[06]
1,whisper,1,0,15,Skip
1,whisper,2,0,9,Skip
1,whisper,3,1,9,Skip
1,whisper,4,1,15,Skip
1,whisper,5,1,10,Skip
1,whisper,6,2,9,Over
1,whisper,7,2,10,Skip
1,whisper,8,2,15,Over
1,whisper,9,3,9,Over
1,whisper,10,3,15,Over
1,whisper,11,3,10,Over
1,guard,11,15,WEREWOLF
1,attackVote,9,6
1,attackVote,10,6
1,attackVote,15,2
1,attack,6,true
2,status,1,POSSESSED,DEAD,kenzi
2,status,2,MEDIUM,ALIVE,hello_wolf
2,status,3,VILLAGER,ALIVE,Dummy_01
2,status,4,VILLAGER,ALIVE,Tomato
2,status,5,VILLAGER,ALIVE,Dummy_03
2,status,6,VILLAGER,DEAD,Udon
2,status,7,VILLAGER,ALIVE,Dummy_02
2,status,8,VILLAGER,ALIVE,fisherman
2,status,9,WEREWOLF,ALIVE,takeda
2,status,10,WEREWOLF,ALIVE,GO1DeNO
2,status,11,BODYGUARD,ALIVE,wasabi
2,status,12,SEER,ALIVE,fanfan
2,status,13,VILLAGER,ALIVE,calups
2,status,14,VILLAGER,ALIVE,sonoda
2,status,15,WEREWOLF,ALIVE,cantar
2,talk,0,0,15,COMINGOUT Agent[15] SEER
2,talk,1,0,14,VOTE Agent[07]
2,talk,2,0,2,IDENTIFIED Agent[01] HUMAN
2,talk,3,0,12,DIVINED Agent[03] HUMAN
2,talk,4,0,4,VOTE Agent[12]
2,talk,5,0,7,Skip
2,talk,6,0,10,VOTE Agent[13]
2,talk,7,0,11,Skip
2,talk,8,0,5,BECAUSE (AND (COMINGOUT Agent[05] VILLAGER) (DAY 1 (Agent[12] DIVINED Agent[05] ANY))) (XOR (ESTIMATE Agent[12] WEREWOLF) (ESTIMATE Agent[12] POSSESSED))
2,talk,9,0,8,ESTIMATE Agent[15] WEREWOLF
2,talk,10,0,13,Skip
2,talk,11,0,3,Skip
2,talk,12,0,9,VOTE Agent[05]
2,talk,13,1,14,Skip
2,talk,14,1,2,VOTE Agent[14]
2,talk,15,1,3,Skip
2,talk,16,1,11,ESTIMATE Agent[12] WEREWOLF
2,talk,17,1,4,VOTE Agent[05]
2,talk,18,1,9,Skip
2,talk,19,1,8,ESTIMATE Agent[09] WEREWOLF
2,talk,20,1,13,Skip
2,talk,21,1,5,Skip
2,talk,22,1,15,COMINGOUT Agent[15] SEER
2,talk,23,1,7,Skip
2,talk,24,1,10,Skip
2,talk,25,1,12,VOTE Agent[15]
2,talk,26,2,15,COMINGOUT Agent[15] SEER
2,talk,27,2,10,VOTE Agent[05]
2,talk,28,2,5,BECAUSE (XOR (ESTIMATE Agent[12] WEREWOLF) (ESTIMATE Agent[12] POSSESSED)) (AND (VOTE Agent[12]) (REQUEST ANY (VOTE Agent[12])))
2,talk,29,2,11,ESTIMATE Agent[03] VILLAGER
2,talk,30,2,13,Over
2,talk,31,2,7,AND (VOTE Agent[03]) (REQUEST ANY (VOTE Agent[03]))
2,talk,32,2,4,Skip
2,talk,33,2,2,VOTE Agent[05]
2,talk,34,2,12,VOTE Agent[15]
2,talk,35,2,8,ESTIMATE Agent[02] WEREWOLF
2,talk,36,2,14,Skip
2,talk,37,2,9,Skip
2,talk,38,2,3,AND (VOTE Agent[02]) (REQUEST ANY (VOTE Agent[02]))
2,talk,39,3,12,Skip
2,talk,40,3,2,Skip
2,talk,41,3,3,AND (VOTE Agent[12]) (REQUEST ANY (VOTE Agent[12]))
2,talk,42,3,8,VOTE Agent[15]
2,talk,43,3,5,Skip
2,talk,44,3,15,COMINGOUT Agent[15] SEER
2,talk,45,3,11,VOTE Agent[07]
2,talk,46,3,13,Over
2,talk,47,3,4,Skip
2,talk,48,3,7,AND (VOTE Agent[02]) (REQUEST ANY (VOTE Agent[02]))
2,talk,49,3,9,Over
2,talk,50,3,10,Skip
2,talk,51,3,14,Over
2,talk,52,4,13,Over
2,talk,53,4,12,Skip
2,talk,54,4,11,ESTIMATE Agent[02] MEDIUM
2,talk,55,4,15,COMINGOUT Agent[15] SEER
2,talk,56,4,2,Skip
2,talk,57,4,8,Skip
2,talk,58,4,9,Over
2,talk,59,4,7,AND (VOTE Agent[12]) (REQUEST ANY (VOTE Agent[12]))
2,talk,60,4,3,Skip
2,talk,61,4,4,Over
2,talk,62,4,14,Over
2,talk,63,4,10,Skip
2,talk,64,4,5,Skip
2,talk,65,5,12,Over
2,talk,66,5,9,Over
2,talk,67,5,2,Over
2,talk,68,5,4,Over
2,talk,69,5,5,Over
2,talk,70,5,3,Skip
2,talk,71,5,10,Over
2,talk,72,5,14,Over
2,talk,73,5,15,COMINGOUT Agent[15] SEER
2,talk,74,5,13,OR (VOTE Agent[04]) (VOTE Agent[05]) (VOTE Agent[07]) (VOTE Agent[08]) (VOTE Agent[09]) (VOTE Agent[10]) (VOTE Agent[11]) (VOTE Agent[14]) 
2,talk,75,5,11,ESTIMATE Agent[03] VILLAGER
2,talk,76,5,7,Skip
2,talk,77,5,8,Skip
2,talk,78,6,2,Over
2,talk,79,6,14,Over
2,talk,80,6,11,ESTIMATE Agent[03] VILLAGER
2,talk,81,6,7,Skip
2,talk,82,6,8,Over
2,talk,83,6,9,Over
2,talk,84,6,3,Over
2,talk,85,6,12,Over
2,talk,86,6,5,Over
2,talk,87,6,10,Over
2,talk,88,6,4,Over
2,talk,89,6,15,COMINGOUT Agent[15] SEER
2,talk,90,6,13,Over
2,talk,91,7,13,Over
2,talk,92,7,11,Skip
2,talk,93,7,3,Over
2,talk,94,7,14,Over
2,talk,95,7,10,Over
2,talk,96,7,8,Over
2,talk,97,7,9,Over
2,talk,98,7,12,Over
2,talk,99,7,15,COMINGOUT Agent[15] SEER
2,talk,100,7,5,Over
2,talk,101,7,4,Over
2,talk,102,7,7,Over
2,talk,103,7,2,Over
2,talk,104,8,8,Over
2,talk,105,8,9,Over
2,talk,106,8,7,Over
2,talk,107,8,10,Over
2,talk,108,8,14,Over
2,talk,109,8,12,Over
2,talk,110,8,4,Over
2,talk,111,8,15,COMINGOUT Agent[15] SEER
2,talk,112,8,2,Over
2,talk,113,8,11,ESTIMATE Agent[03] VILLAGER
2,talk,114,8,3,Over
2,talk,115,8,5,Over
2,talk,116,8,13,Over
2,talk,117,9,5,Over
2,talk,118,9,4,Over
2,talk,119,9,12,Over
2,talk,120,9,13,Over
2,talk,121,9,3,Over
2,talk,122,9,15,COMINGOUT Agent[15] SEER
2,talk,123,9,2,Over
2,talk,124,9,10,Over
2,talk,125,9,14,Over
2,talk,126,9,8,VOTE Agent[11]
2,talk,127,9,11,Over
2,talk,128,9,9,Over
2,talk,129,9,7,Over
2,talk,130,10,4,Over
2,talk,131,10,2,Over
2,talk,132,10,12,Over
2,talk,133,10,14,Over
2,talk,134,10,8,Skip
2,talk,135,10,15,Over
2,talk,136,10,13,Over
2,talk,137,10,11,Over
2,talk,138,10,10,Over
2,talk,139,10,9,Over
2,talk,140,10,5,Over
2,talk,141,10,3,Over
2,talk,142,10,7,Over
2,talk,143,11,4,Over
2,talk,144,11,8,Skip
2,talk,145,11,11,Over
2,talk,146,11,12,Over
2,talk,147,11,14,Over
2,talk,148,11,7,Over
2,talk,149,11,9,Over
2,talk,150,11,3,Over
2,talk,151,11,2,Over
2,talk,152,11,15,Over
2,talk,153,11,10,Over
2,talk,154,11,5,Over
2,talk,155,11,13,Over
2,talk,156,12,8,Over
2,talk,157,12,12,Over
2,talk,158,12,13,Over
2,talk,159,12,9,Over
2,talk,160,12,4,Over
2,talk,161,12,3,Over
2,talk,162,12,2,Over
2,talk,163,12,15,Over
2,talk,164,12,10,Over
2,talk,165,12,7,Over
2,talk,166,12,11,Over
2,talk,167,12,5,Over
2,talk,168,12,14,Over
2,vote,2,5
2,vote,3,12
2,vote,4,5
2,vote,5,12
2,vote,7,12
2,vote,8,11
2,vote,9,15
2,vote,10,5
2,vote,11,7
2,vote,12,15
2,vote,13,4
2,vote,14,7
2,vote,15,8
2,vote,2,5
2,vote,3,5
2,vote,4,5
2,vote,5,12
2,vote,7,5
2,vote,8,11
2,vote,9,15
2,vote,10,5
2,vote,11,4
2,vote,12,15
2,vote,13,4
2,vote,14,7
2,vote,15,8
2,execute,5,VILLAGER
2,divine,12,14,HUMAN
2,whisper,0,0,10,ATTACK Agent[08]
2,whisper,1,0,9,Skip
2,whisper,2,0,15,Skip
2,whisper,3,1,15,Skip
2,whisper,4,1,9,Skip
2,whisper,5,1,10,Skip
2,whisper,6,2,10,Skip
2,whisper,7,2,15,Over
2,whisper,8,2,9,Over
2,whisper,9,3,10,Over
2,whisper,10,3,15,Over
2,whisper,11,3,9,Over
2,guard,11,15,WEREWOLF
2,attackVote,9,14
2,attackVote,10,8
2,attackVote,15,2
2,attackVote,9,14
2,attackVote,10,8
2,attackVote,15,2
2,attack,14,true
3,status,1,POSSESSED,DEAD,kenzi
3,status,2,MEDIUM,ALIVE,hello_wolf
3,status,3,VILLAGER,ALIVE,Dummy_01
3,status,4,VILLAGER,ALIVE,Tomato
3,status,5,VILLAGER,DEAD,Dummy_03
3,status,6,VILLAGER,DEAD,Udon
3,status,7,VILLAGER,ALIVE,Dummy_02
3,status,8,VILLAGER,ALIVE,fisherman
3,status,9,WEREWOLF,ALIVE,takeda
3,status,10,WEREWOLF,ALIVE,GO1DeNO
3,status,11,BODYGUARD,ALIVE,wasabi
3,status,12,SEER,ALIVE,fanfan
3,status,13,VILLAGER,ALIVE,calups
3,status,14,VILLAGER,DEAD,sonoda
3,status,15,WEREWOLF,ALIVE,cantar
3,talk,0,0,4,VOTE Agent[15]
3,talk,1,0,10,VOTE Agent[08]
3,talk,2,0,12,DIVINED Agent[14] HUMAN
3,talk,3,0,2,IDENTIFIED Agent[05] HUMAN
3,talk,4,0,13,Skip
3,talk,5,0,15,COMINGOUT Agent[15] SEER
3,talk,6,0,3,Skip
3,talk,7,0,9,VOTE Agent[15]
3,talk,8,0,7,Skip
3,talk,9,0,8,ESTIMATE Agent[11] WEREWOLF
3,talk,10,0,11,ESTIMATE Agent[03] VILLAGER
3,talk,11,1,11,Skip
3,talk,12,1,15,COMINGOUT Agent[15] SEER
3,talk,13,1,7,Skip
3,talk,14,1,12,VOTE Agent[15]
3,talk,15,1,2,VOTE Agent[10]
3,talk,16,1,3,Skip
3,talk,17,1,10,Skip
3,talk,18,1,4,VOTE Agent[08]
3,talk,19,1,9,VOTE Agent[08]
3,talk,20,1,13,Skip
3,talk,21,1,8,ESTIMATE Agent[15] WEREWOLF
3,talk,22,2,4,Skip
3,talk,23,2,13,Over
3,talk,24,2,2,Skip
3,talk,25,2,11,ESTIMATE Agent[02] MEDIUM
3,talk,26,2,12,VOTE Agent[15]
3,talk,27,2,9,VOTE Agent[11]
3,talk,28,2,10,Skip
3,talk,29,2,3,AND (VOTE Agent[07]) (REQUEST ANY (VOTE Agent[07]))
3,talk,30,2,15,COMINGOUT Agent[15] SEER
3,talk,31,2,8,ESTIMATE Agent[12] WEREWOLF
3,talk,32,2,7,AND (VOTE Agent[09]) (REQUEST ANY (VOTE Agent[09]))
3,talk,33,3,2,VOTE Agent[11]
3,talk,34,3,15,COMINGOUT Agent[15] SEER
3,talk,35,3,4,VOTE Agent[15]
3,talk,36,3,3,AND (VOTE Agent[09]) (REQUEST ANY (VOTE Agent[09]))
3,talk,37,3,8,VOTE Agent[15]
3,talk,38,3,10,Over
3,talk,39,3,9,Skip
3,talk,40,3,11,VOTE Agent[10]
3,talk,41,3,12,VOTE Agent[11]
3,talk,42,3,13,Over
3,talk,43,3,7,AND (VOTE Agent[07]) (REQUEST ANY (VOTE Agent[07]))
3,talk,44,4,11,Skip
3,talk,45,4,2,Skip
3,talk,46,4,7,AND (VOTE Agent[09]) (REQUEST ANY (VOTE Agent[09]))
3,talk,47,4,9,Skip
3,talk,48,4,10,VOTE Agent[11]
3,talk,49,4,15,COMINGOUT Agent[15] SEER
3,talk,50,4,13,Over
3,talk,51,4,8,Skip
3,talk,52,4,3,AND (VOTE Agent[07]) (REQUEST ANY (VOTE Agent[07]))
3,talk,53,4,12,VOTE Agent[15]
3,talk,54,4,4,Skip
3,talk,55,5,9,Over
3,talk,56,5,13,OR (VOTE Agent[04]) (VOTE Agent[07]) (VOTE Agent[08]) (VOTE Agent[09]) (VOTE Agent[10]) (VOTE Agent[11]) 
3,talk,57,5,15,COMINGOUT Agent[15] SEER
3,talk,58,5,8,VOTE Agent[12]
3,talk,59,5,7,AND (VOTE Agent[07]) (REQUEST ANY (VOTE Agent[07]))
3,talk,60,5,10,Skip
3,talk,61,5,11,VOTE Agent[04]
3,talk,62,5,12,Skip
3,talk,63,5,4,Skip
3,talk,64,5,3,AND (VOTE Agent[09]) (REQUEST ANY (VOTE Agent[09]))
3,talk,65,5,2,Skip
3,talk,66,6,9,Over
3,talk,67,6,8,VOTE Agent[11]
3,talk,68,6,12,VOTE Agent[11]
3,talk,69,6,15,COMINGOUT Agent[15] SEER
3,talk,70,6,3,AND (VOTE Agent[07]) (REQUEST ANY (VOTE Agent[07]))
3,talk,71,6,4,VOTE Agent[07]
3,talk,72,6,11,Skip
3,talk,73,6,7,AND (VOTE Agent[09]) (REQUEST ANY (VOTE Agent[09]))
3,talk,74,6,13,Over
3,talk,75,6,2,Over
3,talk,76,6,10,Skip
3,talk,77,7,9,Over
3,talk,78,7,12,Skip
3,talk,79,7,10,Over
3,talk,80,7,8,Skip
3,talk,81,7,11,ESTIMATE Agent[03] VILLAGER
3,talk,82,7,13,Over
3,talk,83,7,4,VOTE Agent[11]
3,talk,84,7,7,AND (VOTE Agent[07]) (REQUEST ANY (VOTE Agent[07]))
3,talk,85,7,15,COMINGOUT Agent[15] SEER
3,talk,86,7,3,AND (VOTE Agent[09]) (REQUEST ANY (VOTE Agent[09]))
3,talk,87,7,2,Over
3,talk,88,8,2,Over
3,talk,89,8,7,AND (VOTE Agent[09]) (REQUEST ANY (VOTE Agent[09]))
3,talk,90,8,8,VOTE Agent[15]
3,talk,91,8,15,COMINGOUT Agent[15] SEER
3,talk,92,8,11,VOTE Agent[10]
3,talk,93,8,9,Over
3,talk,94,8,3,AND (VOTE Agent[07]) (REQUEST ANY (VOTE Agent[07]))
3,talk,95,8,13,Over
3,talk,96,8,4,VOTE Agent[07]
3,talk,97,8,10,Over
3,talk,98,8,12,Skip
3,talk,99,9,3,AND (VOTE Agent[09]) (REQUEST ANY (VOTE Agent[09]))
3,talk,100,9,2,VOTE Agent[09]
3,talk,101,9,4,Skip
3,talk,102,9,12,Over
3,talk,103,9,8,VOTE Agent[04]
3,talk,104,9,10,Over
3,talk,105,9,11,Over
3,talk,106,9,9,Over
3,talk,107,9,13,Over
3,talk,108,9,7,AND (VOTE Agent[07]) (REQUEST ANY (VOTE Agent[07]))
3,talk,109,9,15,COMINGOUT Agent[15] SEER
3,talk,110,10,4,VOTE Agent[09]
3,talk,111,10,11,Over
3,talk,112,10,9,Over
3,talk,113,10,8,Skip
3,talk,114,10,2,Skip
3,talk,115,10,10,Over
3,talk,116,10,13,Over
3,talk,117,10,15,Over
3,talk,118,10,3,AND (VOTE Agent[07]) (REQUEST ANY (VOTE Agent[07]))
3,talk,119,10,7,AND (VOTE Agent[09]) (REQUEST ANY (VOTE Agent[09]))
3,talk,120,10,12,Over
3,talk,121,11,2,VOTE Agent[08]
3,talk,122,11,8,Skip
3,talk,123,11,10,Over
3,talk,124,11,15,Over
3,talk,125,11,4,Skip
3,talk,126,11,11,Over
3,talk,127,11,9,Over
3,talk,128,11,12,Over
3,talk,129,11,13,Over
3,talk,130,11,7,AND (VOTE Agent[07]) (REQUEST ANY (VOTE Agent[07]))
3,talk,131,11,3,AND (VOTE Agent[09]) (REQUEST ANY (VOTE Agent[09]))
3,talk,132,12,13,Over
3,talk,133,12,10,Over
3,talk,134,12,15,Over
3,talk,135,12,4,Skip
3,talk,136,12,9,Over
3,talk,137,12,12,Over
3,talk,138,12,7,Over
3,talk,139,12,8,Over
3,talk,140,12,2,Skip
3,talk,141,12,3,Over
3,talk,142,12,11,Over
3,talk,143,13,2,Skip
3,talk,144,13,13,Over
3,talk,145,13,11,Over
3,talk,146,13,3,Over
3,talk,147,13,9,Over
3,talk,148,13,7,Over
3,talk,149,13,10,Over
3,talk,150,13,15,Over
3,talk,151,13,4,Over
3,talk,152,13,12,Over
3,talk,153,13,8,Over
3,talk,154,14,11,Over
3,talk,155,14,4,Over
3,talk,156,14,9,Over
3,talk,157,14,3,Over
3,talk,158,14,13,Over
3,talk,159,14,10,Over
3,talk,160,14,7,Over
3,talk,161,14,15,Over
3,talk,162,14,2,Over
3,talk,163,14,8,Over
3,talk,164,14,12,Over
3,vote,2,8
3,vote,3,7
3,vote,4,9
3,vote,7,9
3,vote,8,4
3,vote,9,15
3,vote,10,11
3,vote,11,10
3,vote,12,11
3,vote,13,9
3,vote,15,12
3,execute,9,WEREWOLF
3,divine,12,11,HUMAN
3,whisper,0,0,10,ATTACK Agent[08]
3,whisper,1,0,15,Skip
3,whisper,2,1,10,Skip
3,whisper,3,1,15,Skip
3,whisper,4,2,10,Skip
3,whisper,5,2,15,Over
3,whisper,6,3,10,Over
3,whisper,7,3,15,Over
3,guard,11,2,MEDIUM
3,attackVote,10,8
3,attackVote,15,2
3,attackVote,10,8
3,attackVote,15,2
3,attack,8,true
4,status,1,POSSESSED,DEAD,kenzi
4,status,2,MEDIUM,ALIVE,hello_wolf
4,status,3,VILLAGER,ALIVE,Dummy_01
4,status,4,VILLAGER,ALIVE,Tomato
4,status,5,VILLAGER,DEAD,Dummy_03
4,status,6,VILLAGER,DEAD,Udon
4,status,7,VILLAGER,ALIVE,Dummy_02
4,status,8,VILLAGER,DEAD,fisherman
4,status,9,WEREWOLF,DEAD,takeda
4,status,10,WEREWOLF,ALIVE,GO1DeNO
4,status,11,BODYGUARD,ALIVE,wasabi
4,status,12,SEER,ALIVE,fanfan
4,status,13,VILLAGER,ALIVE,calups
4,status,14,VILLAGER,DEAD,sonoda
4,status,15,WEREWOLF,ALIVE,cantar
4,talk,0,0,3,Skip
4,talk,1,0,15,COMINGOUT Agent[15] SEER
4,talk,2,0,13,Skip
4,talk,3,0,2,IDENTIFIED Agent[09] WEREWOLF
4,talk,4,0,7,Skip
4,talk,5,0,12,DIVINED Agent[11] HUMAN
4,talk,6,0,11,ESTIMATE Agent[15] WEREWOLF
4,talk,7,0,4,VOTE Agent[12]
4,talk,8,0,10,VOTE Agent[12]
4,talk,9,1,12,VOTE Agent[15]
4,talk,10,1,11,ESTIMATE Agent[02] MEDIUM
4,talk,11,1,10,Skip
4,talk,12,1,4,Skip
4,talk,13,1,3,Skip
4,talk,14,1,13,Skip
4,talk,15,1,7,Skip
4,talk,16,1,2,VOTE Agent[10]
4,talk,17,1,15,COMINGOUT Agent[15] SEER
4,talk,18,2,11,ESTIMATE Agent[02] MEDIUM
4,talk,19,2,10,Skip
4,talk,20,2,2,Skip
4,talk,21,2,7,AND (VOTE Agent[04]) (REQUEST ANY (VOTE Agent[04]))
4,talk,22,2,3,AND (VOTE Agent[13]) (REQUEST ANY (VOTE Agent[13]))
4,talk,23,2,12,VOTE Agent[15]
4,talk,24,2,13,Over
4,talk,25,2,4,VOTE Agent[10]
4,talk,26,2,15,COMINGOUT Agent[15] SEER
4,talk,27,3,4,VOTE Agent[15]
4,talk,28,3,12,VOTE Agent[10]
4,talk,29,3,11,VOTE Agent[04]
4,talk,30,3,13,Over
4,talk,31,3,3,AND (VOTE Agent[04]) (REQUEST ANY (VOTE Agent[04]))
4,talk,32,3,7,AND (VOTE Agent[13]) (REQUEST ANY (VOTE Agent[13]))
4,talk,33,3,2,Skip
4,talk,34,3,10,Over
4,talk,35,3,15,COMINGOUT Agent[15] SEER
4,talk,36,4,7,AND (VOTE Agent[04]) (REQUEST ANY (VOTE Agent[04]))
4,talk,37,4,3,AND (VOTE Agent[13]) (REQUEST ANY (VOTE Agent[13]))
4,talk,38,4,11,VOTE Agent[13]
4,talk,39,4,15,COMINGOUT Agent[15] SEER
4,talk,40,4,4,VOTE Agent[04]
4,talk,41,4,12,VOTE Agent[15]
4,talk,42,4,13,Over
4,talk,43,4,2,Over
4,talk,44,4,10,Over
4,talk,45,5,2,Over
4,talk,46,5,15,COMINGOUT Agent[15] SEER
4,talk,47,5,11,ESTIMATE Agent[03] VILLAGER
4,talk,48,5,4,Skip
4,talk,49,5,12,Skip
4,talk,50,5,7,AND (VOTE Agent[13]) (REQUEST ANY (VOTE Agent[13]))
4,talk,51,5,13,OR (VOTE Agent[04]) (VOTE Agent[07]) (VOTE Agent[10]) 
4,talk,52,5,10,Over
4,talk,53,5,3,AND (VOTE Agent[04]) (REQUEST ANY (VOTE Agent[04]))
4,talk,54,6,3,AND (VOTE Agent[13]) (REQUEST ANY (VOTE Agent[13]))
4,talk,55,6,2,Over
4,talk,56,6,12,Skip
4,talk,57,6,11,Skip
4,talk,58,6,7,AND (VOTE Agent[04]) (REQUEST ANY (VOTE Agent[04]))
4,talk,59,6,15,COMINGOUT Agent[15] SEER
4,talk,60,6,10,Over
4,talk,61,6,13,Over
4,talk,62,6,4,Skip
4,talk,63,7,3,AND (VOTE Agent[04]) (REQUEST ANY (VOTE Agent[04]))
4,talk,64,7,13,Over
4,talk,65,7,12,Over
4,talk,66,7,15,COMINGOUT Agent[15] SEER
4,talk,67,7,11,ESTIMATE Agent[02] MEDIUM
4,talk,68,7,7,AND (VOTE Agent[13]) (REQUEST ANY (VOTE Agent[13]))
4,talk,69,7,4,Over
4,talk,70,7,2,Over
4,talk,71,7,10,Over
4,talk,72,8,3,AND (VOTE Agent[13]) (REQUEST ANY (VOTE Agent[13]))
4,talk,73,8,11,VOTE Agent[04]
4,talk,74,8,12,Over
4,talk,75,8,13,Over
4,talk,76,8,15,COMINGOUT Agent[15] SEER
4,talk,77,8,10,Over
4,talk,78,8,7,AND (VOTE Agent[04]) (REQUEST ANY (VOTE Agent[04]))
4,talk,79,8,2,Over
4,talk,80,8,4,Over
4,talk,81,9,13,Over
4,talk,82,9,10,VOTE Agent[04]
4,talk,83,9,2,VOTE Agent[04]
4,talk,84,9,3,AND (VOTE Agent[04]) (REQUEST ANY (VOTE Agent[04]))
4,talk,85,9,7,AND (VOTE Agent[13]) (REQUEST ANY (VOTE Agent[13]))
4,talk,86,9,4,Over
4,talk,87,9,12,VOTE Agent[10]
4,talk,88,9,15,COMINGOUT Agent[15] SEER
4,talk,89,9,11,Over
4,talk,90,10,12,VOTE Agent[15]
4,talk,91,10,11,Over
4,talk,92,10,15,Over
4,talk,93,10,10,Skip
4,talk,94,10,7,AND (VOTE Agent[04]) (REQUEST ANY (VOTE Agent[04]))
4,talk,95,10,3,AND (VOTE Agent[13]) (REQUEST ANY (VOTE Agent[13]))
4,talk,96,10,2,Skip
4,talk,97,10,4,Over
4,talk,98,10,13,Over
4,talk,99,11,11,Over
4,talk,100,11,13,Over
4,talk,101,11,2,Skip
4,talk,102,11,12,Skip
4,talk,103,11,10,Skip
4,talk,104,11,7,AND (VOTE Agent[13]) (REQUEST ANY (VOTE Agent[13]))
4,talk,105,11,4,Over
4,talk,106,11,15,Over
4,talk,107,11,3,AND (VOTE Agent[04]) (REQUEST ANY (VOTE Agent[04]))
4,talk,108,12,11,Over
4,talk,109,12,10,Over
4,talk,110,12,2,Over
4,talk,111,12,12,Skip
4,talk,112,12,13,Over
4,talk,113,12,3,Over
4,talk,114,12,4,Over
4,talk,115,12,15,Over
4,talk,116,12,7,Over
4,talk,117,13,10,Over
4,talk,118,13,11,Over
4,talk,119,13,4,Over
4,talk,120,13,7,Over
4,talk,121,13,15,Over
4,talk,122,13,3,Over
4,talk,123,13,2,Over
4,talk,124,13,13,Over
4,talk,125,13,12,Over
4,vote,2,4
4,vote,3,13
4,vote,4,12
4,vote,7,4
4,vote,10,4
4,vote,11,4
4,vote,12,15
4,vote,13,4
4,vote,15,12
4,execute,4,VILLAGER
4,divine,12,10,WEREWOLF
4,whisper,0,0,15,Skip
4,whisper,1,0,10,ATTACK Agent[13]
4,whisper,2,1,10,Skip
4,whisper,3,1,15,Skip
4,whisper,4,2,15,Over
4,whisper,5,2,10,Skip
4,whisper,6,3,10,Over
4,whisper,7,3,15,Over
4,guard,11,12,SEER
4,attackVote,10,13
4,attackVote,15,2
4,attackVote,10,13
4,attackVote,15,2
4,attack,13,true
5,status,1,POSSESSED,DEAD,kenzi
5,status,2,MEDIUM,ALIVE,hello_wolf
5,status,3,VILLAGER,ALIVE,Dummy_01
5,status,4,VILLAGER,DEAD,Tomato
5,status,5,VILLAGER,DEAD,Dummy_03
5,status,6,VILLAGER,DEAD,Udon
5,status,7,VILLAGER,ALIVE,Dummy_02
5,status,8,VILLAGER,DEAD,fisherman
5,status,9,WEREWOLF,DEAD,takeda
5,status,10,WEREWOLF,ALIVE,GO1DeNO
5,status,11,BODYGUARD,ALIVE,wasabi
5,status,12,SEER,ALIVE,fanfan
5,status,13,VILLAGER,DEAD,calups
5,status,14,VILLAGER,DEAD,sonoda
5,status,15,WEREWOLF,ALIVE,cantar
5,talk,0,0,15,COMINGOUT Agent[15] SEER
5,talk,1,0,10,VOTE Agent[12]
5,talk,2,0,11,Skip
5,talk,3,0,3,Skip
5,talk,4,0,2,IDENTIFIED Agent[04] HUMAN
5,talk,5,0,12,DIVINED Agent[10] WEREWOLF
5,talk,6,0,7,Skip
5,talk,7,1,3,Skip
5,talk,8,1,7,Skip
5,talk,9,1,11,ESTIMATE Agent[03] VILLAGER
5,talk,10,1,10,Skip
5,talk,11,1,15,COMINGOUT Agent[15] SEER
5,talk,12,1,2,VOTE Agent[15]
5,talk,13,1,12,VOTE Agent[10]
5,talk,14,2,15,COMINGOUT Agent[15] SEER
5,talk,15,2,7,AND (VOTE Agent[02]) (REQUEST ANY (VOTE Agent[02]))
5,talk,16,2,2,Skip
5,talk,17,2,10,Skip
5,talk,18,2,12,Skip
5,talk,19,2,3,AND (VOTE Agent[15]) (REQUEST ANY (VOTE Agent[15]))
5,talk,20,2,11,Skip
5,talk,21,3,3,AND (VOTE Agent[02]) (REQUEST ANY (VOTE Agent[02]))
5,talk,22,3,12,Skip
5,talk,23,3,2,Skip
5,talk,24,3,15,COMINGOUT Agent[15] SEER
5,talk,25,3,7,AND (VOTE Agent[15]) (REQUEST ANY (VOTE Agent[15]))
5,talk,26,3,10,Over
5,talk,27,3,11,VOTE Agent[10]
5,talk,28,4,7,AND (VOTE Agent[02]) (REQUEST ANY (VOTE Agent[02]))
5,talk,29,4,12,Over
5,talk,30,4,15,COMINGOUT Agent[15] SEER
5,talk,31,4,2,VOTE Agent[10]
5,talk,32,4,3,AND (VOTE Agent[15]) (REQUEST ANY (VOTE Agent[15]))
5,talk,33,4,11,ESTIMATE Agent[12] SEER
5,talk,34,4,10,Over
5,talk,35,5,3,AND (VOTE Agent[02]) (REQUEST ANY (VOTE Agent[02]))
5,talk,36,5,2,Skip
5,talk,37,5,12,Over
5,talk,38,5,11,Skip
5,talk,39,5,10,Over
5,talk,40,5,7,AND (VOTE Agent[15]) (REQUEST ANY (VOTE Agent[15]))
5,talk,41,5,15,COMINGOUT Agent[15] SEER
5,talk,42,6,15,COMINGOUT Agent[15] SEER
5,talk,43,6,7,AND (VOTE Agent[02]) (REQUEST ANY (VOTE Agent[02]))
5,talk,44,6,12,Over
5,talk,45,6,3,AND (VOTE Agent[15]) (REQUEST ANY (VOTE Agent[15]))
5,talk,46,6,10,Over
5,talk,47,6,2,Skip
5,talk,48,6,11,Skip
5,talk,49,7,15,COMINGOUT Agent[15] SEER
5,talk,50,7,12,Over
5,talk,51,7,10,Over
5,talk,52,7,11,Over
5,talk,53,7,7,AND (VOTE Agent[15]) (REQUEST ANY (VOTE Agent[15]))
5,talk,54,7,3,AND (VOTE Agent[02]) (REQUEST ANY (VOTE Agent[02]))
5,talk,55,7,2,Over
5,talk,56,8,3,AND (VOTE Agent[15]) (REQUEST ANY (VOTE Agent[15]))
5,talk,57,8,2,Over
5,talk,58,8,10,Over
5,talk,59,8,15,COMINGOUT Agent[15] SEER
5,talk,60,8,11,REQUEST ANY (VOTE Agent[10])
5,talk,61,8,7,AND (VOTE Agent[02]) (REQUEST ANY (VOTE Agent[02]))
5,talk,62,8,12,Over
5,talk,63,9,3,AND (VOTE Agent[10]) (REQUEST ANY (VOTE Agent[10]))
5,talk,64,9,7,AND (VOTE Agent[10]) (REQUEST ANY (VOTE Agent[10]))
5,talk,65,9,11,Over
5,talk,66,9,12,Over
5,talk,67,9,2,Over
5,talk,68,9,15,COMINGOUT Agent[15] SEER
5,talk,69,9,10,Over
5,talk,70,10,3,Skip
5,talk,71,10,2,Over
5,talk,72,10,10,Over
5,talk,73,10,12,Over
5,talk,74,10,11,Over
5,talk,75,10,15,Over
5,talk,76,10,7,Skip
5,talk,77,11,2,Over
5,talk,78,11,7,Skip
5,talk,79,11,3,Skip
5,talk,80,11,12,Over
5,talk,81,11,11,Over
5,talk,82,11,10,Over
5,talk,83,11,15,Over
5,talk,84,12,11,Over
5,talk,85,12,3,Over
5,talk,86,12,10,Over
5,talk,87,12,2,Over
5,talk,88,12,12,Over
5,talk,89,12,15,Over
5,talk,90,12,7,Over
5,vote,2,10
5,vote,3,10
5,vote,7,10
5,vote,10,12
5,vote,11,10
5,vote,12,10
5,vote,15,3
5,execute,10,WEREWOLF
5,divine,12,7,HUMAN
5,guard,11,2,MEDIUM
5,attackVote,15,2
5,attack,2,false
6,status,1,POSSESSED,DEAD,kenzi
6,status,2,MEDIUM,ALIVE,hello_wolf
6,status,3,VILLAGER,ALIVE,Dummy_01
6,status,4,VILLAGER,DEAD,Tomato
6,status,5,VILLAGER,DEAD,Dummy_03
6,status,6,VILLAGER,DEAD,Udon
6,status,7,VILLAGER,ALIVE,Dummy_02
6,status,8,VILLAGER,DEAD,fisherman
6,status,9,WEREWOLF,DEAD,takeda
6,status,10,WEREWOLF,DEAD,GO1DeNO
6,status,11,BODYGUARD,ALIVE,wasabi
6,status,12,SEER,ALIVE,fanfan
6,status,13,VILLAGER,DEAD,calups
6,status,14,VILLAGER,DEAD,sonoda
6,status,15,WEREWOLF,ALIVE,cantar
6,talk,0,0,3,Skip
6,talk,1,0,15,COMINGOUT Agent[15] SEER
6,talk,2,0,11,ESTIMATE Agent[12] SEER
6,talk,3,0,7,Skip
6,talk,4,0,2,IDENTIFIED Agent[10] WEREWOLF
6,talk,5,0,12,DIVINED Agent[07] HUMAN
6,talk,6,1,7,Skip
6,talk,7,1,3,Skip
6,talk,8,1,12,VOTE Agent[15]
6,talk,9,1,11,ESTIMATE Agent[03] VILLAGER
6,talk,10,1,15,COMINGOUT Agent[15] SEER
6,talk,11,1,2,VOTE Agent[15]
6,talk,12,2,12,VOTE Agent[15]
6,talk,13,2,11,ESTIMATE Agent[03] VILLAGER
6,talk,14,2,7,AND (VOTE Agent[11]) (REQUEST ANY (VOTE Agent[11]))
6,talk,15,2,15,COMINGOUT Agent[15] SEER
6,talk,16,2,2,Skip
6,talk,17,2,3,AND (VOTE Agent[02]) (REQUEST ANY (VOTE Agent[02]))
6,talk,18,3,15,COMINGOUT Agent[15] SEER
6,talk,19,3,7,AND (VOTE Agent[02]) (REQUEST ANY (VOTE Agent[02]))
6,talk,20,3,3,AND (VOTE Agent[11]) (REQUEST ANY (VOTE Agent[11]))
6,talk,21,3,12,Skip
6,talk,22,3,11,VOTE Agent[15]
6,talk,23,3,2,Skip
6,talk,24,4,11,ESTIMATE Agent[07] VILLAGER
6,talk,25,4,7,AND (VOTE Agent[11]) (REQUEST ANY (VOTE Agent[11]))
6,talk,26,4,2,Over
6,talk,27,4,12,Skip
6,talk,28,4,15,COMINGOUT Agent[15] SEER
6,talk,29,4,3,AND (VOTE Agent[02]) (REQUEST ANY (VOTE Agent[02]))
6,talk,30,5,15,COMINGOUT Agent[15] SEER
6,talk,31,5,2,Over
6,talk,32,5,12,Over
6,talk,33,5,7,AND (VOTE Agent[02]) (REQUEST ANY (VOTE Agent[02]))
6,talk,34,5,11,ESTIMATE Agent[07] VILLAGER
6,talk,35,5,3,AND (VOTE Agent[11]) (REQUEST ANY (VOTE Agent[11]))
6,talk,36,6,7,AND (VOTE Agent[11]) (REQUEST ANY (VOTE Agent[11]))
6,talk,37,6,11,ESTIMATE Agent[03] VILLAGER
6,talk,38,6,15,COMINGOUT Agent[15] SEER
6,talk,39,6,12,Over
6,talk,40,6,2,Over
6,talk,41,6,3,AND (VOTE Agent[02]) (REQUEST ANY (VOTE Agent[02]))
6,talk,42,7,3,AND (VOTE Agent[11]) (REQUEST ANY (VOTE Agent[11]))
6,talk,43,7,11,Skip
6,talk,44,7,2,Over
6,talk,45,7,12,Over
6,talk,46,7,15,COMINGOUT Agent[15] SEER
6,talk,47,7,7,AND (VOTE Agent[02]) (REQUEST ANY (VOTE Agent[02]))
6,talk,48,8,7,AND (VOTE Agent[11]) (REQUEST ANY (VOTE Agent[11]))
6,talk,49,8,2,Over
6,talk,50,8,3,AND (VOTE Agent[02]) (REQUEST ANY (VOTE Agent[02]))
6,talk,51,8,12,Over
6,talk,52,8,11,ESTIMATE Agent[12] WEREWOLF
6,talk,53,8,15,COMINGOUT Agent[15] SEER
6,talk,54,9,11,Over
6,talk,55,9,3,AND (VOTE Agent[11]) (REQUEST ANY (VOTE Agent[11]))
6,talk,56,9,2,Over
6,talk,57,9,15,COMINGOUT Agent[15] SEER
6,talk,58,9,7,AND (VOTE Agent[02]) (REQUEST ANY (VOTE Agent[02]))
6,talk,59,9,12,Over
6,talk,60,10,15,Over
6,talk,61,10,2,Over
6,talk,62,10,3,AND (VOTE Agent[02]) (REQUEST ANY (VOTE Agent[02]))
6,talk,63,10,11,Over
6,talk,64,10,7,AND (VOTE Agent[11]) (REQUEST ANY (VOTE Agent[11]))
6,talk,65,10,12,Over
6,talk,66,11,2,Over
6,talk,67,11,11,Over
6,talk,68,11,15,Over
6,talk,69,11,12,Over
6,talk,70,11,7,AND (VOTE Agent[02]) (REQUEST ANY (VOTE Agent[02]))
6,talk,71,11,3,AND (VOTE Agent[11]) (REQUEST ANY (VOTE Agent[11]))
6,talk,72,12,3,Over
6,talk,73,12,2,Over
6,talk,74,12,15,Over
6,talk,75,12,7,Over
6,talk,76,12,11,Over
6,talk,77,12,12,Over
6,vote,2,15
6,vote,3,2
6,vote,7,11
6,vote,11,15
6,vote,12,15
6,vote,15,3
6,execute,15,WEREWOLF
6,divine,12,2,HUMAN
6,guard,11,2,MEDIUM
7,status,1,POSSESSED,DEAD,kenzi
7,status,2,MEDIUM,ALIVE,hello_wolf
7,status,3,VILLAGER,ALIVE,Dummy_01
7,status,4,VILLAGER,DEAD,Tomato
7,status,5,VILLAGER,DEAD,Dummy_03
7,status,6,VILLAGER,DEAD,Udon
7,status,7,VILLAGER,ALIVE,Dummy_02
7,status,8,VILLAGER,DEAD,fisherman
7,status,9,WEREWOLF,DEAD,takeda
7,status,10,WEREWOLF,DEAD,GO1DeNO
7,status,11,BODYGUARD,ALIVE,wasabi
7,status,12,SEER,ALIVE,fanfan
7,status,13,VILLAGER,DEAD,calups
7,status,14,VILLAGER,DEAD,sonoda
7,status,15,WEREWOLF,DEAD,cantar
7,result,5,0,VILLAGER
