0,status,1,VILLAGER,ALIVE,kenzi
0,status,2,POSSESSED,ALIVE,hello_wolf
0,status,3,WEREWOLF,ALIVE,Dummy_01
0,status,4,WEREWOLF,ALIVE,Tomato
0,status,5,VILLAGER,ALIVE,Dummy_03
0,status,6,VILLAGER,ALIVE,Udon
0,status,7,VILLAGER,ALIVE,Dummy_02
0,status,8,SEER,ALIVE,fisherman
0,status,9,VILLAGER,ALIVE,takeda
0,status,10,VILLAGER,ALIVE,GO1DeNO
0,status,11,MEDIUM,ALIVE,wasabi
0,status,12,BODYGUARD,ALIVE,fanfan
0,status,13,VILLAGER,ALIVE,calups
0,status,14,WEREWOLF,ALIVE,sonoda
0,status,15,VILLAGER,ALIVE,cantar
0,whisper,0,0,4,COMINGOUT Agent[04] VILLAGER
0,whisper,1,0,14,Skip
0,whisper,2,0,3,COMINGOUT Agent[03] SEER
0,whisper,3,1,14,Skip
0,whisper,4,1,4,Skip
0,whisper,5,1,3,Skip
0,whisper,6,2,4,Skip
0,whisper,7,2,14,Over
0,whisper,8,2,3,Skip
0,whisper,9,3,14,Over
0,whisper,10,3,3,Over
0,whisper,11,3,4,Over
0,divine,8,2,HUMAN
1,status,1,VILLAGER,ALIVE,kenzi
1,status,2,POSSESSED,ALIVE,hello_wolf
1,status,3,WEREWOLF,ALIVE,Dummy_01
1,status,4,WEREWOLF,ALIVE,Tomato
1,status,5,VILLAGER,ALIVE,Dummy_03
1,status,6,VILLAGER,ALIVE,Udon
1,status,7,VILLAGER,ALIVE,Dummy_02
1,status,8,SEER,ALIVE,fisherman
1,status,9,VILLAGER,ALIVE,takeda
1,status,10,VILLAGER,ALIVE,GO1DeNO
1,status,11,MEDIUM,ALIVE,wasabi
1,status,12,BODYGUARD,ALIVE,fanfan
1,status,13,VILLAGER,ALIVE,calups
1,status,14,WEREWOLF,ALIVE,sonoda
1,status,15,VILLAGER,ALIVE,cantar
1,talk,0,0,11,COMINGOUT Agent[11] MEDIUM
1,talk,1,0,9,VOTE Agent[05]
1,talk,2,0,10,VOTE Agent[06]
1,talk,3,0,1,VOTED Agent[08]
1,talk,4,0,14,VOTE Agent[01]
1,talk,5,0,7,Skip
1,talk,6,0,4,VOTE Agent[12]
1,talk,7,0,3,Skip
1,talk,8,0,8,COMINGOUT Agent[08] SEER
1,talk,9,0,12,VOTE Agent[06]
1,talk,10,0,5,Skip
1,talk,11,0,6,VOTE Agent[14]
1,talk,12,0,13,Skip
1,talk,13,0,15,ESTIMATE Agent[01] WEREWOLF
1,talk,14,0,2,COMINGOUT Agent[02] SEER
1,talk,15,1,11,Skip
1,talk,16,1,13,Skip
1,talk,17,1,5,Skip
1,talk,18,1,15,VOTE Agent[01]
1,talk,19,1,6,Over
1,talk,20,1,9,VOTE Agent[03]
1,talk,21,1,1,DIVINATION Agent[08]
1,talk,22,1,8,DIVINED Agent[02] HUMAN
1,talk,23,1,2,DIVINED Agent[11] WEREWOLF
1,talk,24,1,12,VOTE Agent[09]
1,talk,25,1,7,Skip
1,talk,26,1,10,VOTE Agent[01]
1,talk,27,1,14,Skip
1,talk,28,1,3,COMINGOUT Agent[03] SEER
1,talk,29,1,4,VOTE Agent[06]
1,talk,30,2,13,Over
1,talk,31,2,12,VOTE Agent[01]
1,talk,32,2,1,GUARD Agent[09]
1,talk,33,2,8,Skip
1,talk,34,2,14,VOTE Agent[08]
1,talk,35,2,6,VOTE Agent[11]
1,talk,36,2,3,DAY 1 (DIVINED Agent[12] WEREWOLF)
1,talk,37,2,5,AND (VOTE Agent[09]) (REQUEST ANY (VOTE Agent[09]))
1,talk,38,2,9,VOTE Agent[01]
1,talk,39,2,10,VOTE Agent[03]
1,talk,40,2,4,VOTE Agent[01]
1,talk,41,2,7,AND (VOTE Agent[14]) (REQUEST ANY (VOTE Agent[14]))
1,talk,42,2,2,VOTE Agent[11]
1,talk,43,2,15,Skip
1,talk,44,2,11,Skip
1,talk,45,3,10,Skip
1,talk,46,3,9,Skip
1,talk,47,3,7,AND (VOTE Agent[09]) (REQUEST ANY (VOTE Agent[09]))
1,talk,48,3,4,Skip
1,talk,49,3,8,Skip
1,talk,50,3,6,VOTE Agent[12]
1,talk,51,3,13,Over
1,talk,52,3,12,Skip
1,talk,53,3,11,VOTE Agent[02]
1,talk,54,3,15,Skip
1,talk,55,3,14,Skip
1,talk,56,3,1,IDENTIFIED Agent[11] HUMAN
1,talk,57,3,3,AND (VOTE Agent[12]) (REQUEST ANY (VOTE Agent[12]))
1,talk,58,3,2,VOTE Agent[01]
1,talk,59,3,5,AND (VOTE Agent[14]) (REQUEST ANY (VOTE Agent[14]))
1,talk,60,4,14,VOTE Agent[01]
1,talk,61,4,2,Skip
1,talk,62,4,15,Over
1,talk,63,4,8,Over
1,talk,64,4,3,Skip
1,talk,65,4,4,Skip
1,talk,66,4,13,Over
1,talk,67,4,12,Skip
1,talk,68,4,1,COMINGOUT Agent[14] ANY
1,talk,69,4,7,AND (VOTE Agent[14]) (REQUEST ANY (VOTE Agent[14]))
1,talk,70,4,11,ESTIMATE Agent[03] WEREWOLF
1,talk,71,4,10,VOTE Agent[01]
1,talk,72,4,5,AND (VOTE Agent[12]) (REQUEST ANY (VOTE Agent[12]))
1,talk,73,4,9,Skip
1,talk,74,4,6,Over
1,talk,75,5,13,OR (VOTE Agent[04]) (VOTE Agent[05]) (VOTE Agent[06]) (VOTE Agent[07]) (VOTE Agent[09]) (VOTE Agent[10]) (VOTE Agent[14]) 
1,talk,76,5,8,Over
1,talk,77,5,5,AND (VOTE Agent[14]) (REQUEST ANY (VOTE Agent[14]))
1,talk,78,5,2,Skip
1,talk,79,5,11,VOTE Agent[01]
1,talk,80,5,15,Over
1,talk,81,5,7,AND (VOTE Agent[12]) (REQUEST ANY (VOTE Agent[12]))
1,talk,82,5,1,Agent[03] DIVINED Agent[11] ANY
1,talk,83,5,9,Over
1,talk,84,5,6,Over
1,talk,85,5,3,Skip
1,talk,86,5,4,Over
1,talk,87,5,12,Over
1,talk,88,5,10,Skip
1,talk,89,5,14,Skip
1,talk,90,6,2,Over
1,talk,91,6,7,AND (VOTE Agent[14]) (REQUEST ANY (VOTE Agent[14]))
1,talk,92,6,1,Agent[11] DIVINED Agent[05] ANY
1,talk,93,6,4,Over
1,talk,94,6,8,Over
1,talk,95,6,5,AND (VOTE Agent[12]) (REQUEST ANY (VOTE Agent[12]))
1,talk,96,6,11,Skip
1,talk,97,6,12,Over
1,talk,98,6,14,Skip
1,talk,99,6,9,Over
1,talk,100,6,6,Over
1,talk,101,6,13,Over
1,talk,102,6,10,Skip
1,talk,103,6,15,Over
1,talk,104,6,3,Over
1,talk,105,7,12,Over
1,talk,106,7,2,Over
1,talk,107,7,8,Over
1,talk,108,7,10,Over
1,talk,109,7,4,Over
1,talk,110,7,11,ESTIMATE Agent[05] VILLAGER
1,talk,111,7,6,Over
1,talk,112,7,15,Over
1,talk,113,7,9,Over
1,talk,114,7,5,BECAUSE (AND (COMINGOUT Agent[05] VILLAGER) (DAY 1 (Agent[11] DIVINED Agent[05] ANY))) (XOR (ESTIMATE Agent[11] WEREWOLF) (ESTIMATE Agent[11] POSSESSED))
1,talk,115,7,13,Over
1,talk,116,7,7,AND (VOTE Agent[12]) (REQUEST ANY (VOTE Agent[12]))
1,talk,117,7,3,Over
1,talk,118,7,14,Over
1,talk,119,7,1,IDENTIFIED Agent[13] ANY
1,talk,120,8,15,Over
1,talk,121,8,2,Over
1,talk,122,8,9,Over
1,talk,123,8,4,Over
1,talk,124,8,1,Skip
1,talk,125,8,13,Over
1,talk,126,8,12,Over
1,talk,127,8,14,Over
1,talk,128,8,11,Skip
1,talk,129,8,8,Over
1,talk,130,8,5,BECAUSE (XOR (ESTIMATE Agent[11] WEREWOLF) (ESTIMATE Agent[11] POSSESSED)) (AND (VOTE Agent[11]) (REQUEST ANY (VOTE Agent[11])))
1,talk,131,8,10,Over
1,talk,132,8,6,Over
1,talk,133,8,7,Skip
1,talk,134,8,3,Over
1,talk,135,9,2,Over
1,talk,136,9,9,Over
1,talk,137,9,3,Over
1,talk,138,9,4,Over
1,talk,139,9,10,Over
1,talk,140,9,1,VOTED Agent[10]
1,talk,141,9,11,Over
1,talk,142,9,14,Over
1,talk,143,9,6,Over
1,talk,144,9,12,Over
1,talk,145,9,8,Over
1,talk,146,9,13,Over
1,talk,147,9,5,Skip
1,talk,148,9,7,AND (VOTE Agent[11]) (REQUEST ANY (VOTE Agent[11]))
1,talk,149,9,15,Over
1,talk,150,10,7,Skip
1,talk,151,10,10,Over
1,talk,152,10,1,Agent[07] DIVINED Agent[03] ANY
1,talk,153,10,11,Over
1,talk,154,10,14,Over
1,talk,155,10,5,Skip
1,talk,156,10,15,Over
1,talk,157,10,13,Over
1,talk,158,10,8,Over
1,talk,159,10,2,Over
1,talk,160,10,4,Over
1,talk,161,10,12,Over
1,talk,162,10,3,Over
1,talk,163,10,6,Over
1,talk,164,10,9,Over
1,talk,165,11,6,Over
1,talk,166,11,1,Over
1,talk,167,11,4,Over
1,talk,168,11,2,Over
1,talk,169,11,10,Over
1,talk,170,11,9,Over
1,talk,171,11,12,Over
1,talk,172,11,5,Over
1,talk,173,11,7,Skip
1,talk,174,11,3,Over
1,talk,175,11,8,Over
1,talk,176,11,15,Over
1,talk,177,11,13,Over
1,talk,178,11,14,Over
1,talk,179,11,11,Over
1,talk,180,12,2,Over
1,talk,181,12,3,Over
1,talk,182,12,8,Over
1,talk,183,12,1,Over
1,talk,184,12,9,Over
1,talk,185,12,10,Over
1,talk,186,12,13,Over
1,talk,187,12,11,Over
1,talk,188,12,6,Over
1,talk,189,12,15,Over
1,talk,190,12,12,Over
1,talk,191,12,5,Over
1,talk,192,12,7,Over
1,talk,193,12,4,Over
1,talk,194,12,14,Over
1,vote,1,15
1,vote,2,1
1,vote,3,12
1,vote,4,1
1,vote,5,11
1,vote,6,12
1,vote,7,11
1,vote,8,6
1,vote,9,1
1,vote,10,1
1,vote,11,1
1,vote,12,1
1,vote,13,8
1,vote,14,1
1,vote,15,1
1,execute,1,VILLAGER
1,divine,8,3,WEREWOLF
1,whisper,0,0,14,Skip
1,whisper,1,0,4,ATTACK Agent[08]
1,whisper,2,0,3,BECAUSE (AND (NOT (COMINGOUT Agent[02] WEREWOLF)) (NOT (COMINGOUT Agent[11] WEREWOLF)) (DAY 1 (Agent[02] DIVINED Agent[11] WEREWOLF))) (ESTIMATE Agent[02] POSSESSED)
1,whisper,3,1,14,Skip
1,whisper,4,1,4,Skip
1,whisper,5,1,3,BECAUSE (Agent[11] COMINGOUT Agent[11] MEDIUM) (ATTACK Agent[11])
1,whisper,6,2,14,Over
1,whisper,7,2,3,Skip
1,whisper,8,2,4,Skip
1,whisper,9,3,3,Skip
1,whisper,10,3,14,Over
1,whisper,11,3,4,Over
1,whisper,12,4,3,Over
1,whisper,13,4,4,Over
1,whisper,14,4,14,Over
1,guard,12,8,SEER
1,attackVote,3,11
1,attackVote,4,8
1,attackVote,14,12
1,attackVote,3,11
1,attackVote,4,8
1,attackVote,14,12
1,attack,8,false
2,status,1,VILLAGER,DEAD,kenzi
2,status,2,POSSESSED,ALIVE,hello_wolf
2,status,3,WEREWOLF,ALIVE,Dummy_01
2,status,4,WEREWOLF,ALIVE,Tomato
2,status,5,VILLAGER,ALIVE,Dummy_03
2,status,6,VILLAGER,ALIVE,Udon
2,status,7,VILLAGER,ALIVE,Dummy_02
2,status,8,SEER,ALIVE,fisherman
2,status,9,VILLAGER,ALIVE,takeda
2,status,10,VILLAGER,ALIVE,GO1DeNO
2,status,11,MEDIUM,ALIVE,wasabi
2,status,12,BODYGUARD,ALIVE,fanfan
2,status,13,VILLAGER,ALIVE,calups
2,status,14,WEREWOLF,ALIVE,sonoda
2,status,15,VILLAGER,ALIVE,cantar
2,talk,0,0,7,Skip
2,talk,1,0,14,VOTE Agent[08]
2,talk,2,0,2,DIVINED Agent[08] HUMAN
2,talk,3,0,5,BECAUSE (AND (COMINGOUT Agent[05] VILLAGER) (DAY 1 (Agent[11] DIVINED Agent[05] ANY))) (XOR (ESTIMATE Agent[11] WEREWOLF) (ESTIMATE Agent[11] POSSESSED))
2,talk,4,0,11,IDENTIFIED Agent[01] HUMAN
2,talk,5,0,15,ESTIMATE Agent[02] WEREWOLF
2,talk,6,0,10,VOTE Agent[08]
2,talk,7,0,4,VOTE Agent[09]
2,talk,8,0,8,DIVINED Agent[03] WEREWOLF
2,talk,9,0,9,VOTE Agent[03]
2,talk,10,0,6,VOTE Agent[12]
2,talk,11,0,3,DAY 2 (DIVINED Agent[04] HUMAN)
2,talk,12,0,13,Skip
2,talk,13,0,12,VOTE Agent[06]
2,talk,14,1,2,VOTE Agent[08]
2,talk,15,1,11,Skip
2,talk,16,1,15,VOTE Agent[02]
2,talk,17,1,13,Skip
2,talk,18,1,4,VOTE Agent[08]
2,talk,19,1,12,VOTE Agent[03]
2,talk,20,1,6,Over
2,talk,21,1,9,Skip
2,talk,22,1,10,VOTE Agent[03]
2,talk,23,1,5,Skip
2,talk,24,1,14,VOTE Agent[02]
2,talk,25,1,3,BECAUSE (DAY 1 (DIVINED Agent[12] WEREWOLF)) (REQUEST ANY (VOTE Agent[12]))
2,talk,26,1,8,Skip
2,talk,27,1,7,Skip
2,talk,28,2,15,Skip
2,talk,29,2,6,Over
2,talk,30,2,4,VOTE Agent[03]
2,talk,31,2,14,Skip
2,talk,32,2,3,BECAUSE (DAY 1 (DIVINED Agent[12] WEREWOLF)) (AND (VOTE Agent[12]) (REQUEST ANY (VOTE Agent[12])))
2,talk,33,2,9,Skip
2,talk,34,2,12,Skip
2,talk,35,2,10,Skip
2,talk,36,2,11,ESTIMATE Agent[04] VILLAGER
2,talk,37,2,5,BECAUSE (XOR (ESTIMATE Agent[11] WEREWOLF) (ESTIMATE Agent[11] POSSESSED)) (AND (VOTE Agent[11]) (REQUEST ANY (VOTE Agent[11])))
2,talk,38,2,8,Skip
2,talk,39,2,13,Over
2,talk,40,2,2,Skip
2,talk,41,2,7,AND (VOTE Agent[12]) (REQUEST ANY (VOTE Agent[12]))
2,talk,42,3,4,Skip
2,talk,43,3,7,AND (VOTE Agent[11]) (REQUEST ANY (VOTE Agent[11]))
2,talk,44,3,6,Over
2,talk,45,3,15,Skip
2,talk,46,3,10,Skip
2,talk,47,3,3,Skip
2,talk,48,3,8,Over
2,talk,49,3,9,Over
2,talk,50,3,11,VOTE Agent[02]
2,talk,51,3,2,VOTE Agent[03]
2,talk,52,3,14,Skip
2,talk,53,3,12,Skip
2,talk,54,3,5,Skip
2,talk,55,3,13,Over
2,talk,56,4,6,VOTE Agent[03]
2,talk,57,4,5,Skip
2,talk,58,4,12,Over
2,talk,59,4,3,Skip
2,talk,60,4,10,Over
2,talk,61,4,8,Over
2,talk,62,4,7,Skip
2,talk,63,4,11,ESTIMATE Agent[08] WEREWOLF
2,talk,64,4,14,Over
2,talk,65,4,15,Over
2,talk,66,4,2,Skip
2,talk,67,4,4,Skip
2,talk,68,4,9,Over
2,talk,69,4,13,Over
2,talk,70,5,2,Skip
2,talk,71,5,15,Over
2,talk,72,5,7,Skip
2,talk,73,5,14,Over
2,talk,74,5,3,Over
2,talk,75,5,6,Over
2,talk,76,5,4,Over
2,talk,77,5,10,Over
2,talk,78,5,11,REQUEST ANY (VOTE Agent[02])
2,talk,79,5,5,Over
2,talk,80,5,12,Over
2,talk,81,5,9,Over
2,talk,82,5,13,OR (VOTE Agent[05]) (VOTE Agent[06]) (VOTE Agent[07]) (VOTE Agent[09]) (VOTE Agent[10]) (VOTE Agent[14]) 
2,talk,83,5,8,Over
2,talk,84,6,9,Over
2,talk,85,6,13,Over
2,talk,86,6,5,Over
2,talk,87,6,15,Over
2,talk,88,6,7,Over
2,talk,89,6,4,Over
2,talk,90,6,8,Over
2,talk,91,6,6,Over
2,talk,92,6,2,Over
2,talk,93,6,3,Over
2,talk,94,6,11,ESTIMATE Agent[06] VILLAGER
2,talk,95,6,14,Over
2,talk,96,6,10,Over
2,talk,97,6,12,Over
2,talk,98,7,2,Over
2,talk,99,7,15,Over
2,talk,100,7,13,Over
2,talk,101,7,11,Skip
2,talk,102,7,4,Over
2,talk,103,7,3,Over
2,talk,104,7,12,Over
2,talk,105,7,6,Over
2,talk,106,7,5,Over
2,talk,107,7,9,Over
2,talk,108,7,10,Over
2,talk,109,7,7,Over
2,talk,110,7,8,Over
2,talk,111,7,14,Over
2,talk,112,8,13,Over
2,talk,113,8,11,ESTIMATE Agent[02] WEREWOLF
2,talk,114,8,5,Over
2,talk,115,8,9,Over
2,talk,116,8,3,Over
2,talk,117,8,2,Over
2,talk,118,8,14,Over
2,talk,119,8,15,Over
2,talk,120,8,7,Over
2,talk,121,8,8,Over
2,talk,122,8,6,Over
2,talk,123,8,10,Over
2,talk,124,8,12,Over
2,talk,125,8,4,Over
2,talk,126,9,4,Over
2,talk,127,9,13,Over
2,talk,128,9,12,Over
2,talk,129,9,14,Over
2,talk,130,9,10,Over
2,talk,131,9,8,Over
2,talk,132,9,7,Over
2,talk,133,9,11,Over
2,talk,134,9,5,Over
2,talk,135,9,15,Over
2,talk,136,9,6,Over
2,talk,137,9,2,Over
2,talk,138,9,3,Over
2,talk,139,9,9,Over
2,vote,2,3
2,vote,3,12
2,vote,4,3
2,vote,5,11
2,vote,6,3
2,vote,7,11
2,vote,8,14
2,vote,9,3
2,vote,10,3
2,vote,11,2
2,vote,12,3
2,vote,13,6
2,vote,14,2
2,vote,15,2
2,execute,3,WEREWOLF
2,divine,8,9,HUMAN
2,whisper,0,0,4,ATTACK Agent[11]
2,whisper,1,0,14,Skip
2,whisper,2,1,14,Skip
2,whisper,3,1,4,Skip
2,whisper,4,2,14,Over
2,whisper,5,2,4,Skip
2,whisper,6,3,4,Over
2,whisper,7,3,14,Over
2,guard,12,8,SEER
2,attackVote,4,11
2,attack,11,true
3,status,1,VILLAGER,DEAD,kenzi
3,status,2,POSSESSED,ALIVE,hello_wolf
3,status,3,WEREWOLF,DEAD,Dummy_01
3,status,4,WEREWOLF,ALIVE,Tomato
3,status,5,VILLAGER,ALIVE,Dummy_03
3,status,6,VILLAGER,ALIVE,Udon
3,status,7,VILLAGER,ALIVE,Dummy_02
3,status,8,SEER,ALIVE,fisherman
3,status,9,VILLAGER,ALIVE,takeda
3,status,10,VILLAGER,ALIVE,GO1DeNO
3,status,11,MEDIUM,DEAD,wasabi
3,status,12,BODYGUARD,ALIVE,fanfan
3,status,13,VILLAGER,ALIVE,calups
3,status,14,WEREWOLF,ALIVE,sonoda
3,status,15,VILLAGER,ALIVE,cantar
3,talk,0,0,9,VOTE Agent[05]
3,talk,1,0,15,ESTIMATE Agent[05] WEREWOLF
3,talk,2,0,14,VOTE Agent[02]
3,talk,3,0,2,DIVINED Agent[05] HUMAN
3,talk,4,0,4,VOTE Agent[07]
3,talk,5,0,6,VOTE Agent[12]
3,talk,6,0,10,VOTE Agent[08]
3,talk,7,0,12,VOTE Agent[06]
3,talk,8,0,5,Skip
3,talk,9,0,7,BECAUSE (AND (ANY ATTACKED Agent[11]) (DAY 1 (Agent[02] DIVINED Agent[11] WEREWOLF))) (XOR (ESTIMATE Agent[02] WEREWOLF) (ESTIMATE Agent[02] POSSESSED))
3,talk,10,0,8,DIVINED Agent[09] HUMAN
3,talk,11,0,13,Skip
3,talk,12,1,4,VOTE Agent[02]
3,talk,13,1,15,VOTE Agent[05]
3,talk,14,1,12,Skip
3,talk,15,1,7,Skip
3,talk,16,1,14,Skip
3,talk,17,1,6,Over
3,talk,18,1,2,VOTE Agent[05]
3,talk,19,1,9,Skip
3,talk,20,1,5,Skip
3,talk,21,1,8,Skip
3,talk,22,1,13,Skip
3,talk,23,1,10,Skip
3,talk,24,2,4,VOTE Agent[05]
3,talk,25,2,10,Skip
3,talk,26,2,13,Over
3,talk,27,2,7,BECAUSE (XOR (ESTIMATE Agent[02] WEREWOLF) (ESTIMATE Agent[02] POSSESSED)) (AND (VOTE Agent[02]) (REQUEST ANY (VOTE Agent[02])))
3,talk,28,2,6,Over
3,talk,29,2,5,AND (VOTE Agent[02]) (REQUEST ANY (VOTE Agent[02]))
3,talk,30,2,9,Skip
3,talk,31,2,8,Skip
3,talk,32,2,2,Skip
3,talk,33,2,12,Skip
3,talk,34,2,15,Skip
3,talk,35,2,14,Skip
3,talk,36,3,6,Over
3,talk,37,3,15,Skip
3,talk,38,3,9,Over
3,talk,39,3,13,Over
3,talk,40,3,2,Skip
3,talk,41,3,10,Over
3,talk,42,3,7,Skip
3,talk,43,3,4,VOTE Agent[02]
3,talk,44,3,8,Over
3,talk,45,3,12,Over
3,talk,46,3,5,Skip
3,talk,47,3,14,Over
3,talk,48,4,6,Over
3,talk,49,4,15,Over
3,talk,50,4,12,Over
3,talk,51,4,4,Skip
3,talk,52,4,8,Over
3,talk,53,4,10,Over
3,talk,54,4,7,Skip
3,talk,55,4,9,Over
3,talk,56,4,13,Over
3,talk,57,4,5,Skip
3,talk,58,4,14,Over
3,talk,59,4,2,Over
3,talk,60,5,12,Over
3,talk,61,5,7,Over
3,talk,62,5,9,Over
3,talk,63,5,5,Over
3,talk,64,5,10,Over
3,talk,65,5,8,Over
3,talk,66,5,15,Over
3,talk,67,5,6,Over
3,talk,68,5,13,OR (VOTE Agent[06]) (VOTE Agent[07]) (VOTE Agent[10]) (VOTE Agent[14]) 
3,talk,69,5,2,Over
3,talk,70,5,14,Over
3,talk,71,5,4,Skip
3,talk,72,6,13,Over
3,talk,73,6,10,Over
3,talk,74,6,12,Over
3,talk,75,6,6,Over
3,talk,76,6,15,Over
3,talk,77,6,14,Over
3,talk,78,6,7,Over
3,talk,79,6,8,Over
3,talk,80,6,9,Over
3,talk,81,6,4,Over
3,talk,82,6,2,Over
3,talk,83,6,5,Over
3,vote,2,5
3,vote,4,2
3,vote,5,2
3,vote,6,12
3,vote,7,2
3,vote,8,5
3,vote,9,5
3,vote,10,8
3,vote,12,6
3,vote,13,10
3,vote,14,2
3,vote,15,5
3,vote,2,5
3,vote,4,2
3,vote,5,2
3,vote,6,12
3,vote,7,2
3,vote,8,14
3,vote,9,5
3,vote,10,5
3,vote,12,5
3,vote,13,10
3,vote,14,2
3,vote,15,5
3,execute,5,VILLAGER
3,divine,8,12,HUMAN
3,whisper,0,0,4,ATTACK Agent[08]
3,whisper,1,0,14,Skip
3,whisper,2,1,4,Skip
3,whisper,3,1,14,Skip
3,whisper,4,2,14,Over
3,whisper,5,2,4,Skip
3,whisper,6,3,14,Over
3,whisper,7,3,4,Over
3,guard,12,8,SEER
3,attackVote,4,8
3,attack,8,false
4,status,1,VILLAGER,DEAD,kenzi
4,status,2,POSSESSED,ALIVE,hello_wolf
4,status,3,WEREWOLF,DEAD,Dummy_01
4,status,4,WEREWOLF,ALIVE,Tomato
4,status,5,VILLAGER,DEAD,Dummy_03
4,status,6,VILLAGER,ALIVE,Udon
4,status,7,VILLAGER,ALIVE,Dummy_02
4,status,8,SEER,ALIVE,fisherman
4,status,9,VILLAGER,ALIVE,takeda
4,status,10,VILLAGER,ALIVE,GO1DeNO
4,status,11,MEDIUM,DEAD,wasabi
4,status,12,BODYGUARD,ALIVE,fanfan
4,status,13,VILLAGER,ALIVE,calups
4,status,14,WEREWOLF,ALIVE,sonoda
4,status,15,VILLAGER,ALIVE,cantar
4,talk,0,0,13,Skip
4,talk,1,0,4,VOTE Agent[12]
4,talk,2,0,10,VOTE Agent[08]
4,talk,3,0,14,VOTE Agent[08]
4,talk,4,0,12,VOTE Agent[06]
4,talk,5,0,2,DIVINED Agent[06] HUMAN
4,talk,6,0,9,VOTE Agent[06]
4,talk,7,0,6,VOTE Agent[07]
4,talk,8,0,8,DIVINED Agent[12] HUMAN
4,talk,9,0,15,ESTIMATE Agent[07] WEREWOLF
4,talk,10,0,7,BECAUSE (AND (ANY ATTACKED Agent[11]) (DAY 1 (Agent[02] DIVINED Agent[11] WEREWOLF))) (XOR (ESTIMATE Agent[02] WEREWOLF) (ESTIMATE Agent[02] POSSESSED))
4,talk,11,1,4,VOTE Agent[06]
4,talk,12,1,10,Skip
4,talk,13,1,8,Skip
4,talk,14,1,9,Skip
4,talk,15,1,6,Over
4,talk,16,1,13,Skip
4,talk,17,1,7,Skip
4,talk,18,1,2,VOTE Agent[12]
4,talk,19,1,12,Skip
4,talk,20,1,14,Skip
4,talk,21,1,15,VOTE Agent[07]
4,talk,22,2,8,Skip
4,talk,23,2,7,BECAUSE (XOR (ESTIMATE Agent[02] WEREWOLF) (ESTIMATE Agent[02] POSSESSED)) (AND (VOTE Agent[02]) (REQUEST ANY (VOTE Agent[02])))
4,talk,24,2,13,Over
4,talk,25,2,2,Skip
4,talk,26,2,9,Skip
4,talk,27,2,10,VOTE Agent[06]
4,talk,28,2,12,Skip
4,talk,29,2,15,Skip
4,talk,30,2,6,Over
4,talk,31,2,14,Skip
4,talk,32,2,4,Skip
4,talk,33,3,15,Skip
4,talk,34,3,14,Over
4,talk,35,3,8,Over
4,talk,36,3,10,Skip
4,talk,37,3,4,Skip
4,talk,38,3,9,VOTE Agent[10]
4,talk,39,3,2,Skip
4,talk,40,3,6,Over
4,talk,41,3,12,Over
4,talk,42,3,7,Skip
4,talk,43,3,13,Over
4,talk,44,4,12,Over
4,talk,45,4,9,Skip
4,talk,46,4,2,Over
4,talk,47,4,10,VOTE Agent[08]
4,talk,48,4,6,Over
4,talk,49,4,15,Over
4,talk,50,4,7,Skip
4,talk,51,4,8,Over
4,talk,52,4,4,Over
4,talk,53,4,13,Over
4,talk,54,4,14,Over
4,talk,55,5,13,OR (VOTE Agent[07]) (VOTE Agent[10]) (VOTE Agent[14]) 
4,talk,56,5,7,Over
4,talk,57,5,12,Over
4,talk,58,5,2,Over
4,talk,59,5,8,Over
4,talk,60,5,6,Over
4,talk,61,5,9,Skip
4,talk,62,5,4,Over
4,talk,63,5,14,Over
4,talk,64,5,15,Over
4,talk,65,5,10,Skip
4,talk,66,6,12,Over
4,talk,67,6,14,Over
4,talk,68,6,9,Over
4,talk,69,6,15,Over
4,talk,70,6,10,Skip
4,talk,71,6,6,Over
4,talk,72,6,4,Over
4,talk,73,6,13,Over
4,talk,74,6,2,Over
4,talk,75,6,8,Over
4,talk,76,6,7,Over
4,talk,77,7,10,Over
4,talk,78,7,7,Over
4,talk,79,7,9,Over
4,talk,80,7,12,Over
4,talk,81,7,13,Over
4,talk,82,7,8,Over
4,talk,83,7,15,Over
4,talk,84,7,6,Over
4,talk,85,7,4,Over
4,talk,86,7,14,Over
4,talk,87,7,2,Over
4,vote,2,12
4,vote,4,6
4,vote,6,7
4,vote,7,2
4,vote,8,13
4,vote,9,10
4,vote,10,8
4,vote,12,6
4,vote,13,10
4,vote,14,8
4,vote,15,7
4,vote,2,12
4,vote,4,6
4,vote,6,8
4,vote,7,2
4,vote,8,14
4,vote,9,10
4,vote,10,8
4,vote,12,6
4,vote,13,10
4,vote,14,8
4,vote,15,7
4,execute,8,SEER
4,whisper,0,0,4,ATTACK Agent[06]
4,whisper,1,0,14,Skip
4,whisper,2,1,14,Skip
4,whisper,3,1,4,Skip
4,whisper,4,2,14,Over
4,whisper,5,2,4,Skip
4,whisper,6,3,14,Over
4,whisper,7,3,4,Over
4,guard,12,2,POSSESSED
4,attackVote,4,6
4,attack,6,true
5,status,1,VILLAGER,DEAD,kenzi
5,status,2,POSSESSED,ALIVE,hello_wolf
5,status,3,WEREWOLF,DEAD,Dummy_01
5,status,4,WEREWOLF,ALIVE,Tomato
5,status,5,VILLAGER,DEAD,Dummy_03
5,status,6,VILLAGER,DEAD,Udon
5,status,7,VILLAGER,ALIVE,Dummy_02
5,status,8,SEER,DEAD,fisherman
5,status,9,VILLAGER,ALIVE,takeda
5,status,10,VILLAGER,ALIVE,GO1DeNO
5,status,11,MEDIUM,DEAD,wasabi
5,status,12,BODYGUARD,ALIVE,fanfan
5,status,13,VILLAGER,ALIVE,calups
5,status,14,WEREWOLF,ALIVE,sonoda
5,status,15,VILLAGER,ALIVE,cantar
5,talk,0,0,4,VOTE Agent[07]
5,talk,1,0,15,ESTIMATE Agent[07] WEREWOLF
5,talk,2,0,12,VOTE Agent[13]
5,talk,3,0,10,VOTE Agent[15]
5,talk,4,0,2,DIVINED Agent[10] HUMAN
5,talk,5,0,14,VOTE Agent[02]
5,talk,6,0,7,BECAUSE (AND (ANY ATTACKED Agent[11]) (DAY 1 (Agent[02] DIVINED Agent[11] WEREWOLF))) (XOR (ESTIMATE Agent[02] WEREWOLF) (ESTIMATE Agent[02] POSSESSED))
5,talk,7,0,13,Skip
5,talk,8,0,9,VOTE Agent[10]
5,talk,9,1,10,Skip
5,talk,10,1,12,Skip
5,talk,11,1,13,Skip
5,talk,12,1,7,Skip
5,talk,13,1,15,VOTE Agent[07]
5,talk,14,1,2,VOTE Agent[12]
5,talk,15,1,4,VOTE Agent[02]
5,talk,16,1,14,Skip
5,talk,17,1,9,Skip
5,talk,18,2,10,VOTE Agent[13]
5,talk,19,2,14,Skip
5,talk,20,2,15,Skip
5,talk,21,2,12,VOTE Agent[10]
5,talk,22,2,2,Skip
5,talk,23,2,9,Skip
5,talk,24,2,7,BECAUSE (XOR (ESTIMATE Agent[02] WEREWOLF) (ESTIMATE Agent[02] POSSESSED)) (AND (VOTE Agent[02]) (REQUEST ANY (VOTE Agent[02])))
5,talk,25,2,13,Over
5,talk,26,2,4,Skip
5,talk,27,3,7,Skip
5,talk,28,3,4,Skip
5,talk,29,3,9,Over
5,talk,30,3,13,Over
5,talk,31,3,10,VOTE Agent[07]
5,talk,32,3,14,Over
5,talk,33,3,15,Skip
5,talk,34,3,2,Skip
5,talk,35,3,12,VOTE Agent[13]
5,talk,36,4,15,Over
5,talk,37,4,10,VOTE Agent[13]
5,talk,38,4,12,VOTE Agent[10]
5,talk,39,4,7,Skip
5,talk,40,4,2,Over
5,talk,41,4,9,Over
5,talk,42,4,4,VOTE Agent[13]
5,talk,43,4,14,Over
5,talk,44,4,13,Over
5,talk,45,5,12,VOTE Agent[13]
5,talk,46,5,15,Over
5,talk,47,5,9,Over
5,talk,48,5,10,Skip
5,talk,49,5,4,Skip
5,talk,50,5,14,Over
5,talk,51,5,13,OR (VOTE Agent[07]) (VOTE Agent[14]) 
5,talk,52,5,7,Over
5,talk,53,5,2,Over
5,talk,54,6,15,Over
5,talk,55,6,4,Skip
5,talk,56,6,10,VOTE Agent[07]
5,talk,57,6,2,Over
5,talk,58,6,12,Skip
5,talk,59,6,7,Over
5,talk,60,6,13,Over
5,talk,61,6,14,Over
5,talk,62,6,9,Over
5,talk,63,7,13,Over
5,talk,64,7,14,Over
5,talk,65,7,10,Skip
5,talk,66,7,15,Over
5,talk,67,7,4,Over
5,talk,68,7,7,Over
5,talk,69,7,9,Over
5,talk,70,7,12,Skip
5,talk,71,7,2,Over
5,talk,72,8,15,Over
5,talk,73,8,12,Over
5,talk,74,8,2,Over
5,talk,75,8,9,Over
5,talk,76,8,4,Over
5,talk,77,8,14,Over
5,talk,78,8,7,Over
5,talk,79,8,10,Skip
5,talk,80,8,13,Over
5,talk,81,9,2,Over
5,talk,82,9,4,Over
5,talk,83,9,7,Over
5,talk,84,9,14,Over
5,talk,85,9,10,Over
5,talk,86,9,12,Over
5,talk,87,9,13,Over
5,talk,88,9,15,Over
5,talk,89,9,9,Over
5,vote,2,12
5,vote,4,13
5,vote,7,2
5,vote,9,10
5,vote,10,7
5,vote,12,13
5,vote,13,7
5,vote,14,2
5,vote,15,7
5,execute,7,VILLAGER
5,whisper,0,0,4,ATTACK Agent[02]
5,whisper,1,0,14,Skip
5,whisper,2,1,4,Skip
5,whisper,3,1,14,Skip
5,whisper,4,2,14,Over
5,whisper,5,2,4,Skip
5,whisper,6,3,4,Over
5,whisper,7,3,14,Over
5,guard,12,9,VILLAGER
5,attackVote,4,2
5,attack,2,true
6,status,1,VILLAGER,DEAD,kenzi
6,status,2,POSSESSED,DEAD,hello_wolf
6,status,3,WEREWOLF,DEAD,Dummy_01
6,status,4,WEREWOLF,ALIVE,Tomato
6,status,5,VILLAGER,DEAD,Dummy_03
6,status,6,VILLAGER,DEAD,Udon
6,status,7,VILLAGER,DEAD,Dummy_02
6,status,8,SEER,DEAD,fisherman
6,status,9,VILLAGER,ALIVE,takeda
6,status,10,VILLAGER,ALIVE,GO1DeNO
6,status,11,MEDIUM,DEAD,wasabi
6,status,12,BODYGUARD,ALIVE,fanfan
6,status,13,VILLAGER,ALIVE,calups
6,status,14,WEREWOLF,ALIVE,sonoda
6,status,15,VILLAGER,ALIVE,cantar
6,talk,0,0,10,VOTE Agent[15]
6,talk,1,0,15,ESTIMATE Agent[14] WEREWOLF
6,talk,2,0,13,Skip
6,talk,3,0,4,VOTE Agent[09]
6,talk,4,0,9,VOTE Agent[10]
6,talk,5,0,12,VOTE Agent[13]
6,talk,6,0,14,VOTE Agent[09]
6,talk,7,1,12,VOTE Agent[10]
6,talk,8,1,4,Skip
6,talk,9,1,15,VOTE Agent[14]
6,talk,10,1,13,Skip
6,talk,11,1,9,VOTE Agent[14]
6,talk,12,1,14,Skip
6,talk,13,1,10,VOTE Agent[13]
6,talk,14,2,10,VOTE Agent[14]
6,talk,15,2,13,Over
6,talk,16,2,14,Skip
6,talk,17,2,12,VOTE Agent[13]
6,talk,18,2,4,VOTE Agent[10]
6,talk,19,2,9,VOTE Agent[10]
6,talk,20,2,15,Skip
6,talk,21,3,10,Skip
6,talk,22,3,15,Skip
6,talk,23,3,9,VOTE Agent[14]
6,talk,24,3,4,Skip
6,talk,25,3,14,Over
6,talk,26,3,13,Over
6,talk,27,3,12,VOTE Agent[10]
6,talk,28,4,12,VOTE Agent[14]
6,talk,29,4,4,Skip
6,talk,30,4,13,Over
6,talk,31,4,14,Over
6,talk,32,4,15,Over
6,talk,33,4,10,Skip
6,talk,34,4,9,Skip
6,talk,35,5,14,Over
6,talk,36,5,4,VOTE Agent[14]
6,talk,37,5,15,Over
6,talk,38,5,10,Over
6,talk,39,5,12,Skip
6,talk,40,5,13,OR (VOTE Agent[14]) 
6,talk,41,5,9,Skip
6,talk,42,6,14,Over
6,talk,43,6,9,Over
6,talk,44,6,12,Skip
6,talk,45,6,13,Over
6,talk,46,6,4,Skip
6,talk,47,6,15,Over
6,talk,48,6,10,Over
6,talk,49,7,9,Over
6,talk,50,7,10,Over
6,talk,51,7,12,Over
6,talk,52,7,13,Over
6,talk,53,7,15,Over
6,talk,54,7,4,Skip
6,talk,55,7,14,Over
6,talk,56,8,9,Over
6,talk,57,8,4,Over
6,talk,58,8,10,Over
6,talk,59,8,12,Over
6,talk,60,8,14,Over
6,talk,61,8,15,Over
6,talk,62,8,13,Over
6,vote,4,14
6,vote,9,14
6,vote,10,14
6,vote,12,14
6,vote,13,14
6,vote,14,9
6,vote,15,14
6,execute,14,WEREWOLF
6,guard,12,9,VILLAGER
6,attack,13,true
7,status,1,VILLAGER,DEAD,kenzi
7,status,2,POSSESSED,DEAD,hello_wolf
7,status,3,WEREWOLF,DEAD,Dummy_01
7,status,4,WEREWOLF,ALIVE,Tomato
7,status,5,VILLAGER,DEAD,Dummy_03
7,status,6,VILLAGER,DEAD,Udon
7,status,7,VILLAGER,DEAD,Dummy_02
7,status,8,SEER,DEAD,fisherman
7,status,9,VILLAGER,ALIVE,takeda
7,status,10,VILLAGER,ALIVE,GO1DeNO
7,status,11,MEDIUM,DEAD,wasabi
7,status,12,BODYGUARD,ALIVE,fanfan
7,status,13,VILLAGER,DEAD,calups
7,status,14,WEREWOLF,DEAD,sonoda
7,status,15,VILLAGER,ALIVE,cantar
7,talk,0,0,10,VOTE Agent[15]
7,talk,1,0,15,ESTIMATE Agent[04] WEREWOLF
7,talk,2,0,12,VOTE Agent[10]
7,talk,3,0,9,VOTE Agent[10]
7,talk,4,0,4,VOTE Agent[10]
7,talk,5,1,9,Skip
7,talk,6,1,12,Skip
7,talk,7,1,10,Skip
7,talk,8,1,4,Skip
7,talk,9,1,15,VOTE Agent[04]
7,talk,10,2,10,Skip
7,talk,11,2,15,Skip
7,talk,12,2,9,Skip
7,talk,13,2,12,Skip
7,talk,14,2,4,Skip
7,talk,15,3,9,Over
7,talk,16,3,15,Skip
7,talk,17,3,10,Over
7,talk,18,3,12,Over
7,talk,19,3,4,Over
7,talk,20,4,4,Over
7,talk,21,4,10,Over
7,talk,22,4,12,Over
7,talk,23,4,9,Over
7,talk,24,4,15,Over
7,vote,4,10
7,vote,9,10
7,vote,10,15
7,vote,12,10
7,vote,15,4
7,execute,10,VILLAGER
7,guard,12,9,VILLAGER
7,attack,12,true
8,status,1,VILLAGER,DEAD,kenzi
8,status,2,POSSESSED,DEAD,hello_wolf
8,status,3,WEREWOLF,DEAD,Dummy_01
8,status,4,WEREWOLF,ALIVE,Tomato
8,status,5,VILLAGER,DEAD,Dummy_03
8,status,6,VILLAGER,DEAD,Udon
8,status,7,VILLAGER,DEAD,Dummy_02
8,status,8,SEER,DEAD,fisherman
8,status,9,VILLAGER,ALIVE,takeda
8,status,10,VILLAGER,DEAD,GO1DeNO
8,status,11,MEDIUM,DEAD,wasabi
8,status,12,BODYGUARD,DEAD,fanfan
8,status,13,VILLAGER,DEAD,calups
8,status,14,WEREWOLF,DEAD,sonoda
8,status,15,VILLAGER,ALIVE,cantar
8,talk,0,0,15,ESTIMATE Agent[04] WEREWOLF
8,talk,1,0,4,VOTE Agent[15]
8,talk,2,0,9,VOTE Agent[04]
8,talk,3,1,4,Skip
8,talk,4,1,15,VOTE Agent[04]
8,talk,5,1,9,Skip
8,talk,6,2,9,Skip
8,talk,7,2,4,Skip
8,talk,8,2,15,Skip
8,talk,9,3,9,Over
8,talk,10,3,15,Skip
8,talk,11,3,4,Over
8,talk,12,4,15,Over
8,talk,13,4,4,Over
8,talk,14,4,9,Over
8,vote,4,15
8,vote,9,4
8,vote,15,4
8,execute,4,WEREWOLF
9,status,1,VILLAGER,DEAD,kenzi
9,status,2,POSSESSED,DEAD,hello_wolf
9,status,3,WEREWOLF,DEAD,Dummy_01
9,status,4,WEREWOLF,DEAD,Tomato
9,status,5,VILLAGER,DEAD,Dummy_03
9,status,6,VILLAGER,DEAD,Udon
9,status,7,VILLAGER,DEAD,Dummy_02
9,status,8,SEER,DEAD,fisherman
9,status,9,VILLAGER,ALIVE,takeda
9,status,10,VILLAGER,DEAD,GO1DeNO
9,status,11,MEDIUM,DEAD,wasabi
9,status,12,BODYGUARD,DEAD,fanfan
9,status,13,VILLAGER,DEAD,calups
9,status,14,WEREWOLF,DEAD,sonoda
9,status,15,VILLAGER,ALIVE,cantar
9,result,2,0,VILLAGER
