0,status,1,BODYGUARD,ALIVE,kenzi
0,status,2,WEREWOLF,ALIVE,hello_wolf
0,status,3,VILLAGER,ALIVE,Dummy_01
0,status,4,VILLAGER,ALIVE,Tomato
0,status,5,VILLAGER,ALIVE,Dummy_03
0,status,6,WEREWOLF,ALIVE,Udon
0,status,7,VILLAGER,ALIVE,Dummy_02
0,status,8,VILLAGER,ALIVE,fisherman
0,status,9,SEER,ALIVE,takeda
0,status,10,WEREWOLF,ALIVE,GO1DeNO
0,status,11,MEDIUM,ALIVE,wasabi
0,status,12,VILLAGER,ALIVE,fanfan
0,status,13,POSSESSED,ALIVE,calups
0,status,14,VILLAGER,ALIVE,sonoda
0,status,15,VILLAGER,ALIVE,cantar
0,whisper,0,0,10,COMINGOUT Agent[10] VILLAGER
0,whisper,1,0,6,Over
0,whisper,2,0,2,COMINGOUT Agent[02] VILLAGER
0,whisper,3,1,10,Skip
0,whisper,4,1,6,Over
0,whisper,5,1,2,Skip
0,whisper,6,2,2,Skip
0,whisper,7,2,10,Skip
0,whisper,8,2,6,Over
0,whisper,9,3,10,Over
0,whisper,10,3,6,Over
0,whisper,11,3,2,Over
0,divine,9,6,WEREWOLF
1,status,1,BODYGUARD,ALIVE,kenzi
1,status,2,WEREWOLF,ALIVE,hello_wolf
1,status,3,VILLAGER,ALIVE,Dummy_01
1,status,4,VILLAGER,ALIVE,Tomato
1,status,5,VILLAGER,ALIVE,Dummy_03
1,status,6,WEREWOLF,ALIVE,Udon
1,status,7,VILLAGER,ALIVE,Dummy_02
1,status,8,VILLAGER,ALIVE,fisherman
1,status,9,SEER,ALIVE,takeda
1,status,10,WEREWOLF,ALIVE,GO1DeNO
1,status,11,MEDIUM,ALIVE,wasabi
1,status,12,VILLAGER,ALIVE,fanfan
1,status,13,POSSESSED,ALIVE,calups
1,status,14,VILLAGER,ALIVE,sonoda
1,status,15,VILLAGER,ALIVE,cantar
1,talk,0,0,13,COMINGOUT Agent[13] SEER
1,talk,1,0,8,ESTIMATE Agent[15] WEREWOLF
1,talk,2,0,6,VOTE Agent[05]
1,talk,3,0,14,VOTE Agent[01]
1,talk,4,0,9,COMINGOUT Agent[09] SEER
1,talk,5,0,12,VOTE Agent[06]
1,talk,6,0,5,Skip
1,talk,7,0,7,Skip
1,talk,8,0,11,COMINGOUT Agent[11] MEDIUM
1,talk,9,0,15,ESTIMATE Agent[01] WEREWOLF
1,talk,10,0,3,Skip
1,talk,11,0,1,VOTED Agent[13]
1,talk,12,0,2,VOTE Agent[05]
1,talk,13,0,4,VOTE Agent[10]
1,talk,14,0,10,VOTE Agent[05]
1,talk,15,1,2,Skip
1,talk,16,1,10,Skip
1,talk,17,1,1,VOTED Agent[13]
1,talk,18,1,7,Skip
1,talk,19,1,5,Skip
1,talk,20,1,14,Skip
1,talk,21,1,3,Skip
1,talk,22,1,12,VOTE Agent[05]
1,talk,23,1,6,Over
1,talk,24,1,13,DIVINED Agent[01] HUMAN
1,talk,25,1,8,ESTIMATE Agent[11] WEREWOLF
1,talk,26,1,9,DIVINED Agent[06] WEREWOLF
1,talk,27,1,4,VOTE Agent[05]
1,talk,28,1,15,VOTE Agent[01]
1,talk,29,1,11,ESTIMATE Agent[04] WEREWOLF
1,talk,30,2,7,AND (VOTE Agent[05]) (REQUEST ANY (VOTE Agent[05]))
1,talk,31,2,11,ESTIMATE Agent[07] WEREWOLF
1,talk,32,2,5,AND (VOTE Agent[15]) (REQUEST ANY (VOTE Agent[15]))
1,talk,33,2,12,Skip
1,talk,34,2,4,Skip
1,talk,35,2,15,Skip
1,talk,36,2,9,VOTE Agent[06]
1,talk,37,2,10,Skip
1,talk,38,2,1,DIVINATION Agent[09]
1,talk,39,2,2,Skip
1,talk,40,2,13,Skip
1,talk,41,2,8,ESTIMATE Agent[06] WEREWOLF
1,talk,42,2,14,VOTE Agent[06]
1,talk,43,2,6,Over
1,talk,44,2,3,AND (VOTE Agent[07]) (REQUEST ANY (VOTE Agent[07]))
1,talk,45,3,2,Over
1,talk,46,3,11,VOTE Agent[06]
1,talk,47,3,1,ATTACKED Agent[02]
1,talk,48,3,15,Skip
1,talk,49,3,7,AND (VOTE Agent[07]) (REQUEST ANY (VOTE Agent[07]))
1,talk,50,3,8,VOTE Agent[06]
1,talk,51,3,12,Skip
1,talk,52,3,9,VOTE Agent[06]
1,talk,53,3,3,AND (VOTE Agent[05]) (REQUEST ANY (VOTE Agent[05]))
1,talk,54,3,6,Over
1,talk,55,3,14,Skip
1,talk,56,3,5,AND (VOTE Agent[07]) (REQUEST ANY (VOTE Agent[07]))
1,talk,57,3,10,Over
1,talk,58,3,13,Skip
1,talk,59,3,4,Skip
1,talk,60,4,6,Over
1,talk,61,4,15,Over
1,talk,62,4,5,Skip
1,talk,63,4,3,AND (VOTE Agent[07]) (REQUEST ANY (VOTE Agent[07]))
1,talk,64,4,1,ESTIMATE Agent[02] POSSESSED
1,talk,65,4,10,Over
1,talk,66,4,8,Skip
1,talk,67,4,9,VOTE Agent[06]
1,talk,68,4,14,Skip
1,talk,69,4,11,ESTIMATE Agent[08] VILLAGER
1,talk,70,4,7,AND (VOTE Agent[05]) (REQUEST ANY (VOTE Agent[05]))
1,talk,71,4,4,Over
1,talk,72,4,13,Over
1,talk,73,4,12,VOTE Agent[06]
1,talk,74,4,2,Over
1,talk,75,5,7,AND (VOTE Agent[07]) (REQUEST ANY (VOTE Agent[07]))
1,talk,76,5,9,VOTE Agent[06]
1,talk,77,5,12,Skip
1,talk,78,5,3,Skip
1,talk,79,5,6,Over
1,talk,80,5,5,AND (VOTE Agent[05]) (REQUEST ANY (VOTE Agent[05]))
1,talk,81,5,10,Over
1,talk,82,5,13,OR (VOTE Agent[02]) (VOTE Agent[03]) (VOTE Agent[04]) (VOTE Agent[05]) (VOTE Agent[07]) (VOTE Agent[08]) (VOTE Agent[10]) (VOTE Agent[12]) (VOTE Agent[14]) 
1,talk,83,5,15,Over
1,talk,84,5,2,Over
1,talk,85,5,11,ESTIMATE Agent[14] VILLAGER
1,talk,86,5,1,VOTED Agent[05]
1,talk,87,5,8,Skip
1,talk,88,5,4,VOTE Agent[06]
1,talk,89,5,14,Over
1,talk,90,6,12,Skip
1,talk,91,6,3,Skip
1,talk,92,6,10,VOTE Agent[06]
1,talk,93,6,8,Over
1,talk,94,6,6,Over
1,talk,95,6,11,ESTIMATE Agent[08] VILLAGER
1,talk,96,6,7,Skip
1,talk,97,6,14,Over
1,talk,98,6,13,Over
1,talk,99,6,5,AND (VOTE Agent[07]) (REQUEST ANY (VOTE Agent[07]))
1,talk,100,6,1,Skip
1,talk,101,6,15,Over
1,talk,102,6,2,VOTE Agent[06]
1,talk,103,6,4,VOTE Agent[05]
1,talk,104,6,9,VOTE Agent[06]
1,talk,105,7,13,Over
1,talk,106,7,15,Over
1,talk,107,7,1,Skip
1,talk,108,7,3,Over
1,talk,109,7,4,VOTE Agent[06]
1,talk,110,7,5,Skip
1,talk,111,7,7,Skip
1,talk,112,7,2,Skip
1,talk,113,7,11,ESTIMATE Agent[12] VILLAGER
1,talk,114,7,12,Over
1,talk,115,7,6,VOTE Agent[07]
1,talk,116,7,14,Over
1,talk,117,7,9,VOTE Agent[06]
1,talk,118,7,10,Skip
1,talk,119,7,8,Over
1,talk,120,8,9,VOTE Agent[06]
1,talk,121,8,12,Over
1,talk,122,8,2,Skip
1,talk,123,8,1,Over
1,talk,124,8,4,Skip
1,talk,125,8,8,Over
1,talk,126,8,15,Over
1,talk,127,8,10,Skip
1,talk,128,8,6,Over
1,talk,129,8,14,Over
1,talk,130,8,3,Over
1,talk,131,8,13,Over
1,talk,132,8,7,Over
1,talk,133,8,5,Skip
1,talk,134,8,11,Skip
1,talk,135,9,10,Over
1,talk,136,9,6,Over
1,talk,137,9,13,Over
1,talk,138,9,5,Over
1,talk,139,9,1,GUARDED Agent[11]
1,talk,140,9,12,Over
1,talk,141,9,7,Over
1,talk,142,9,15,Over
1,talk,143,9,11,Over
1,talk,144,9,2,Over
1,talk,145,9,9,VOTE Agent[06]
1,talk,146,9,8,Over
1,talk,147,9,14,Over
1,talk,148,9,4,Skip
1,talk,149,9,3,Over
1,talk,150,10,12,Over
1,talk,151,10,9,Over
1,talk,152,10,14,Over
1,talk,153,10,6,Over
1,talk,154,10,2,Over
1,talk,155,10,7,Over
1,talk,156,10,1,Agent[13] DIVINED Agent[15] HUMAN
1,talk,157,10,15,Over
1,talk,158,10,13,Over
1,talk,159,10,11,Over
1,talk,160,10,8,Over
1,talk,161,10,3,Over
1,talk,162,10,4,Over
1,talk,163,10,5,Over
1,talk,164,10,10,Over
1,talk,165,11,10,Over
1,talk,166,11,5,Over
1,talk,167,11,2,Over
1,talk,168,11,8,Over
1,talk,169,11,7,Over
1,talk,170,11,12,Over
1,talk,171,11,9,Over
1,talk,172,11,6,Over
1,talk,173,11,14,Over
1,talk,174,11,13,Over
1,talk,175,11,1,VOTED Agent[12]
1,talk,176,11,3,Over
1,talk,177,11,11,Over
1,talk,178,11,15,Over
1,talk,179,11,4,Over
1,talk,180,12,1,ATTACK Agent[15]
1,talk,181,12,4,Over
1,talk,182,12,11,Over
1,talk,183,12,10,Over
1,talk,184,12,15,Over
1,talk,185,12,2,Over
1,talk,186,12,6,Over
1,talk,187,12,5,Over
1,talk,188,12,3,Over
1,talk,189,12,8,Over
1,talk,190,12,14,Over
1,talk,191,12,7,Over
1,talk,192,12,13,Over
1,talk,193,12,9,Over
1,talk,194,12,12,Over
1,talk,195,13,3,Over
1,talk,196,13,9,Over
1,talk,197,13,12,Over
1,talk,198,13,7,Over
1,talk,199,13,11,Over
1,talk,200,13,14,Over
1,talk,201,13,8,Over
1,talk,202,13,6,Over
1,talk,203,13,2,Over
1,talk,204,13,13,Over
1,talk,205,13,5,Over
1,talk,206,13,4,Over
1,talk,207,13,15,Over
1,talk,208,13,10,Over
1,talk,209,13,1,Over
1,vote,1,7
1,vote,2,6
1,vote,3,7
1,vote,4,6
1,vote,5,7
1,vote,6,7
1,vote,7,12
1,vote,8,6
1,vote,9,6
1,vote,10,6
1,vote,11,6
1,vote,12,6
1,vote,13,2
1,vote,14,6
1,vote,15,1
1,execute,6,WEREWOLF
1,divine,9,10,WEREWOLF
1,whisper,0,0,2,ATTACK Agent[15]
1,whisper,1,0,10,ATTACK Agent[14]
1,whisper,2,1,2,Skip
1,whisper,3,1,10,Skip
1,whisper,4,2,10,Skip
1,whisper,5,2,2,Skip
1,whisper,6,3,2,Over
1,whisper,7,3,10,Over
1,guard,1,9,SEER
1,attackVote,2,15
1,attackVote,10,14
1,attackVote,2,15
1,attackVote,10,14
1,attack,14,true
2,status,1,BODYGUARD,ALIVE,kenzi
2,status,2,WEREWOLF,ALIVE,hello_wolf
2,status,3,VILLAGER,ALIVE,Dummy_01
2,status,4,VILLAGER,ALIVE,Tomato
2,status,5,VILLAGER,ALIVE,Dummy_03
2,status,6,WEREWOLF,DEAD,Udon
2,status,7,VILLAGER,ALIVE,Dummy_02
2,status,8,VILLAGER,ALIVE,fisherman
2,status,9,SEER,ALIVE,takeda
2,status,10,WEREWOLF,ALIVE,GO1DeNO
2,status,11,MEDIUM,ALIVE,wasabi
2,status,12,VILLAGER,ALIVE,fanfan
2,status,13,POSSESSED,ALIVE,calups
2,status,14,VILLAGER,DEAD,sonoda
2,status,15,VILLAGER,ALIVE,cantar
2,talk,0,0,3,Skip
2,talk,1,0,7,Skip
2,talk,2,0,4,VOTE Agent[07]
2,talk,3,0,1,Skip
2,talk,4,0,13,DIVINED Agent[02] HUMAN
2,talk,5,0,15,ESTIMATE Agent[04] WEREWOLF
2,talk,6,0,5,Skip
2,talk,7,0,9,DIVINED Agent[10] WEREWOLF
2,talk,8,0,10,VOTE Agent[07]
2,talk,9,0,2,VOTE Agent[07]
2,talk,10,0,11,IDENTIFIED Agent[06] WEREWOLF
2,talk,11,0,12,VOTE Agent[10]
2,talk,12,0,8,ESTIMATE Agent[15] WEREWOLF
2,talk,13,1,7,Skip
2,talk,14,1,5,Skip
2,talk,15,1,15,VOTE Agent[04]
2,talk,16,1,4,Skip
2,talk,17,1,11,Skip
2,talk,18,1,3,Skip
2,talk,19,1,8,ESTIMATE Agent[09] WEREWOLF
2,talk,20,1,1,Skip
2,talk,21,1,9,VOTE Agent[10]
2,talk,22,1,13,Skip
2,talk,23,1,12,Skip
2,talk,24,1,10,Skip
2,talk,25,1,2,Skip
2,talk,26,2,12,Skip
2,talk,27,2,2,Skip
2,talk,28,2,8,ESTIMATE Agent[14] WEREWOLF
2,talk,29,2,15,Skip
2,talk,30,2,3,AND (VOTE Agent[11]) (REQUEST ANY (VOTE Agent[11]))
2,talk,31,2,13,Skip
2,talk,32,2,4,Skip
2,talk,33,2,5,AND (VOTE Agent[11]) (REQUEST ANY (VOTE Agent[11]))
2,talk,34,2,1,Agent[09] DIVINED Agent[11] HUMAN
2,talk,35,2,11,ESTIMATE Agent[13] WEREWOLF
2,talk,36,2,9,VOTE Agent[10]
2,talk,37,2,7,AND (VOTE Agent[10]) (REQUEST ANY (VOTE Agent[10]))
2,talk,38,2,10,Skip
2,talk,39,3,7,AND (VOTE Agent[11]) (REQUEST ANY (VOTE Agent[11]))
2,talk,40,3,9,VOTE Agent[10]
2,talk,41,3,10,Over
2,talk,42,3,2,Over
2,talk,43,3,4,VOTE Agent[10]
2,talk,44,3,15,Skip
2,talk,45,3,1,ATTACKED Agent[12]
2,talk,46,3,11,VOTE Agent[10]
2,talk,47,3,12,Over
2,talk,48,3,3,Skip
2,talk,49,3,8,VOTE Agent[12]
2,talk,50,3,13,Over
2,talk,51,3,5,Skip
2,talk,52,4,8,VOTE Agent[04]
2,talk,53,4,9,VOTE Agent[10]
2,talk,54,4,5,Skip
2,talk,55,4,2,Over
2,talk,56,4,12,Over
2,talk,57,4,11,ESTIMATE Agent[15] WEREWOLF
2,talk,58,4,3,Skip
2,talk,59,4,13,Over
2,talk,60,4,10,Over
2,talk,61,4,1,ESTIMATE Agent[09] POSSESSED
2,talk,62,4,15,Over
2,talk,63,4,7,Skip
2,talk,64,4,4,Skip
2,talk,65,5,2,Over
2,talk,66,5,12,Over
2,talk,67,5,15,Over
2,talk,68,5,3,Over
2,talk,69,5,5,Over
2,talk,70,5,1,Agent[05] DIVINED Agent[03] HUMAN
2,talk,71,5,10,Over
2,talk,72,5,11,Skip
2,talk,73,5,7,Skip
2,talk,74,5,13,OR (VOTE Agent[03]) (VOTE Agent[04]) (VOTE Agent[05]) (VOTE Agent[07]) (VOTE Agent[08]) (VOTE Agent[12]) 
2,talk,75,5,9,VOTE Agent[10]
2,talk,76,5,8,Skip
2,talk,77,5,4,Skip
2,talk,78,6,7,Over
2,talk,79,6,10,Over
2,talk,80,6,12,Over
2,talk,81,6,2,Over
2,talk,82,6,11,ESTIMATE Agent[09] WEREWOLF
2,talk,83,6,8,Skip
2,talk,84,6,15,Over
2,talk,85,6,4,Over
2,talk,86,6,3,Over
2,talk,87,6,1,ATTACK Agent[08]
2,talk,88,6,9,VOTE Agent[10]
2,talk,89,6,5,Over
2,talk,90,6,13,Over
2,talk,91,7,2,Over
2,talk,92,7,5,Over
2,talk,93,7,4,Over
2,talk,94,7,10,Over
2,talk,95,7,12,Over
2,talk,96,7,7,Over
2,talk,97,7,11,ESTIMATE Agent[15] WEREWOLF
2,talk,98,7,15,Over
2,talk,99,7,1,DIVINATION Agent[13]
2,talk,100,7,9,VOTE Agent[10]
2,talk,101,7,13,Over
2,talk,102,7,3,Over
2,talk,103,7,8,Over
2,talk,104,8,2,Over
2,talk,105,8,3,Over
2,talk,106,8,8,Over
2,talk,107,8,15,Over
2,talk,108,8,11,ESTIMATE Agent[03] VILLAGER
2,talk,109,8,13,Over
2,talk,110,8,9,VOTE Agent[10]
2,talk,111,8,4,Over
2,talk,112,8,7,Over
2,talk,113,8,1,ATTACKED Agent[10]
2,talk,114,8,12,Over
2,talk,115,8,10,Over
2,talk,116,8,5,Over
2,talk,117,9,10,Over
2,talk,118,9,3,Over
2,talk,119,9,4,Over
2,talk,120,9,8,Over
2,talk,121,9,11,Over
2,talk,122,9,9,VOTE Agent[10]
2,talk,123,9,2,Over
2,talk,124,9,1,VOTED Agent[15]
2,talk,125,9,7,Over
2,talk,126,9,15,Over
2,talk,127,9,13,Over
2,talk,128,9,5,Over
2,talk,129,9,12,Over
2,talk,130,10,13,Over
2,talk,131,10,12,Over
2,talk,132,10,11,Over
2,talk,133,10,3,Over
2,talk,134,10,2,Over
2,talk,135,10,4,Over
2,talk,136,10,10,Over
2,talk,137,10,8,Over
2,talk,138,10,7,Over
2,talk,139,10,5,Over
2,talk,140,10,15,Over
2,talk,141,10,9,Over
2,talk,142,10,1,Agent[11] DIVINED Agent[05] WEREWOLF
2,talk,143,11,8,Over
2,talk,144,11,5,Over
2,talk,145,11,9,Over
2,talk,146,11,3,Over
2,talk,147,11,2,Over
2,talk,148,11,1,VOTED Agent[03]
2,talk,149,11,7,Over
2,talk,150,11,10,Over
2,talk,151,11,4,Over
2,talk,152,11,12,Over
2,talk,153,11,13,Over
2,talk,154,11,11,Over
2,talk,155,11,15,Over
2,talk,156,12,1,Over
2,talk,157,12,10,Over
2,talk,158,12,2,Over
2,talk,159,12,7,Over
2,talk,160,12,9,Over
2,talk,161,12,5,Over
2,talk,162,12,8,Over
2,talk,163,12,12,Over
2,talk,164,12,11,Over
2,talk,165,12,4,Over
2,talk,166,12,13,Over
2,talk,167,12,15,Over
2,talk,168,12,3,Over
2,vote,1,13
2,vote,2,7
2,vote,3,11
2,vote,4,10
2,vote,5,11
2,vote,7,11
2,vote,8,4
2,vote,9,10
2,vote,10,7
2,vote,11,10
2,vote,12,10
2,vote,13,3
2,vote,15,4
2,execute,10,WEREWOLF
2,divine,9,1,HUMAN
2,guard,1,9,SEER
2,attackVote,2,9
2,attack,9,false
3,status,1,BODYGUARD,ALIVE,kenzi
3,status,2,WEREWOLF,ALIVE,hello_wolf
3,status,3,VILLAGER,ALIVE,Dummy_01
3,status,4,VILLAGER,ALIVE,Tomato
3,status,5,VILLAGER,ALIVE,Dummy_03
3,status,6,WEREWOLF,DEAD,Udon
3,status,7,VILLAGER,ALIVE,Dummy_02
3,status,8,VILLAGER,ALIVE,fisherman
3,status,9,SEER,ALIVE,takeda
3,status,10,WEREWOLF,DEAD,GO1DeNO
3,status,11,MEDIUM,ALIVE,wasabi
3,status,12,VILLAGER,ALIVE,fanfan
3,status,13,POSSESSED,ALIVE,calups
3,status,14,VILLAGER,DEAD,sonoda
3,status,15,VILLAGER,ALIVE,cantar
3,talk,0,0,2,VOTE Agent[05]
3,talk,1,0,8,ESTIMATE Agent[04] WEREWOLF
3,talk,2,0,13,DIVINED Agent[04] HUMAN
3,talk,3,0,15,ESTIMATE Agent[09] WEREWOLF
3,talk,4,0,4,VOTE Agent[11]
3,talk,5,0,1,VOTED Agent[03]
3,talk,6,0,7,Skip
3,talk,7,0,5,BECAUSE (AND (COMINGOUT Agent[05] VILLAGER) (DAY 2 (Agent[11] DIVINED Agent[05] WEREWOLF))) (XOR (ESTIMATE Agent[11] WEREWOLF) (ESTIMATE Agent[11] POSSESSED))
3,talk,8,0,11,IDENTIFIED Agent[10] WEREWOLF
3,talk,9,0,9,DIVINED Agent[01] HUMAN
3,talk,10,0,12,VOTE Agent[02]
3,talk,11,0,3,Skip
3,talk,12,1,1,COMINGOUT Agent[02] VILLAGER
3,talk,13,1,8,ESTIMATE Agent[12] WEREWOLF
3,talk,14,1,12,Skip
3,talk,15,1,3,Skip
3,talk,16,1,5,Skip
3,talk,17,1,2,Skip
3,talk,18,1,9,VOTE Agent[05]
3,talk,19,1,4,VOTE Agent[02]
3,talk,20,1,13,Skip
3,talk,21,1,15,VOTE Agent[09]
3,talk,22,1,11,ESTIMATE Agent[02] VILLAGER
3,talk,23,1,7,Skip
3,talk,24,2,8,ESTIMATE Agent[14] WEREWOLF
3,talk,25,2,7,AND (VOTE Agent[12]) (REQUEST ANY (VOTE Agent[12]))
3,talk,26,2,13,Skip
3,talk,27,2,15,Skip
3,talk,28,2,5,BECAUSE (XOR (ESTIMATE Agent[11] WEREWOLF) (ESTIMATE Agent[11] POSSESSED)) (AND (VOTE Agent[11]) (REQUEST ANY (VOTE Agent[11])))
3,talk,29,2,12,Skip
3,talk,30,2,11,ESTIMATE Agent[08] VILLAGER
3,talk,31,2,1,ESTIMATE Agent[12] VILLAGER
3,talk,32,2,4,VOTE Agent[05]
3,talk,33,2,2,Skip
3,talk,34,2,3,AND (VOTE Agent[15]) (REQUEST ANY (VOTE Agent[15]))
3,talk,35,2,9,VOTE Agent[13]
3,talk,36,3,1,VOTE Agent[05]
3,talk,37,3,3,AND (VOTE Agent[11]) (REQUEST ANY (VOTE Agent[11]))
3,talk,38,3,2,Over
3,talk,39,3,9,VOTE Agent[13]
3,talk,40,3,15,Skip
3,talk,41,3,11,VOTE Agent[01]
3,talk,42,3,4,Skip
3,talk,43,3,5,Skip
3,talk,44,3,12,VOTE Agent[05]
3,talk,45,3,7,AND (VOTE Agent[15]) (REQUEST ANY (VOTE Agent[15]))
3,talk,46,3,13,Over
3,talk,47,3,8,VOTE Agent[09]
3,talk,48,4,9,VOTE Agent[13]
3,talk,49,4,13,Over
3,talk,50,4,12,Skip
3,talk,51,4,8,Skip
3,talk,52,4,5,Skip
3,talk,53,4,4,Skip
3,talk,54,4,2,Over
3,talk,55,4,15,Over
3,talk,56,4,7,AND (VOTE Agent[11]) (REQUEST ANY (VOTE Agent[11]))
3,talk,57,4,3,AND (VOTE Agent[15]) (REQUEST ANY (VOTE Agent[15]))
3,talk,58,4,1,Skip
3,talk,59,4,11,Skip
3,talk,60,5,9,VOTE Agent[13]
3,talk,61,5,13,OR (VOTE Agent[03]) (VOTE Agent[05]) (VOTE Agent[07]) (VOTE Agent[08]) (VOTE Agent[12]) 
3,talk,62,5,11,ESTIMATE Agent[05] VILLAGER
3,talk,63,5,15,Over
3,talk,64,5,12,Skip
3,talk,65,5,7,Skip
3,talk,66,5,4,Over
3,talk,67,5,1,Agent[07] DIVINED Agent[05] ANY
3,talk,68,5,8,Skip
3,talk,69,5,2,Over
3,talk,70,5,5,Over
3,talk,71,5,3,AND (VOTE Agent[11]) (REQUEST ANY (VOTE Agent[11]))
3,talk,72,6,4,Over
3,talk,73,6,2,Over
3,talk,74,6,12,Over
3,talk,75,6,3,Skip
3,talk,76,6,13,Over
3,talk,77,6,7,Skip
3,talk,78,6,1,COMINGOUT Agent[11] MEDIUM
3,talk,79,6,11,ESTIMATE Agent[09] WEREWOLF
3,talk,80,6,15,Over
3,talk,81,6,9,VOTE Agent[13]
3,talk,82,6,8,Over
3,talk,83,6,5,Over
3,talk,84,7,12,Over
3,talk,85,7,8,Over
3,talk,86,7,9,VOTE Agent[13]
3,talk,87,7,4,Over
3,talk,88,7,1,DIVINATION Agent[05]
3,talk,89,7,3,Skip
3,talk,90,7,2,Over
3,talk,91,7,13,Over
3,talk,92,7,5,Over
3,talk,93,7,15,Over
3,talk,94,7,11,Skip
3,talk,95,7,7,Over
3,talk,96,8,11,ESTIMATE Agent[01] WEREWOLF
3,talk,97,8,12,Over
3,talk,98,8,2,Over
3,talk,99,8,3,Over
3,talk,100,8,8,Over
3,talk,101,8,7,Over
3,talk,102,8,9,VOTE Agent[13]
3,talk,103,8,1,COMINGOUT Agent[12] WEREWOLF
3,talk,104,8,4,VOTE Agent[13]
3,talk,105,8,5,Over
3,talk,106,8,15,Over
3,talk,107,8,13,Over
3,talk,108,9,12,Over
3,talk,109,9,9,VOTE Agent[13]
3,talk,110,9,4,Skip
3,talk,111,9,8,VOTE Agent[01]
3,talk,112,9,1,VOTE Agent[02]
3,talk,113,9,2,Over
3,talk,114,9,11,Over
3,talk,115,9,7,Over
3,talk,116,9,13,Over
3,talk,117,9,15,Over
3,talk,118,9,3,Over
3,talk,119,9,5,Over
3,talk,120,10,1,DISAGREE TALK day3 ID:102
3,talk,121,10,11,Over
3,talk,122,10,5,Over
3,talk,123,10,12,VOTE Agent[02]
3,talk,124,10,7,Over
3,talk,125,10,13,Over
3,talk,126,10,9,Over
3,talk,127,10,15,Over
3,talk,128,10,3,Over
3,talk,129,10,2,Over
3,talk,130,10,8,Skip
3,talk,131,10,4,Skip
3,talk,132,11,3,Over
3,talk,133,11,13,Over
3,talk,134,11,1,Over
3,talk,135,11,7,Over
3,talk,136,11,8,Skip
3,talk,137,11,11,Over
3,talk,138,11,12,Skip
3,talk,139,11,2,VOTE Agent[13]
3,talk,140,11,5,Over
3,talk,141,11,15,Over
3,talk,142,11,9,Over
3,talk,143,11,4,Over
3,talk,144,12,12,Skip
3,talk,145,12,9,Over
3,talk,146,12,15,Over
3,talk,147,12,1,Over
3,talk,148,12,11,Over
3,talk,149,12,5,Over
3,talk,150,12,2,Skip
3,talk,151,12,7,Over
3,talk,152,12,3,Over
3,talk,153,12,8,Over
3,talk,154,12,13,Over
3,talk,155,12,4,Over
3,talk,156,13,5,Over
3,talk,157,13,3,Over
3,talk,158,13,1,Over
3,talk,159,13,8,Over
3,talk,160,13,4,Over
3,talk,161,13,11,Over
3,talk,162,13,7,Over
3,talk,163,13,12,Over
3,talk,164,13,2,Skip
3,talk,165,13,15,Over
3,talk,166,13,13,Over
3,talk,167,13,9,Over
3,talk,168,14,7,Over
3,talk,169,14,2,Over
3,talk,170,14,3,Over
3,talk,171,14,13,Over
3,talk,172,14,15,Over
3,talk,173,14,5,Over
3,talk,174,14,9,Over
3,talk,175,14,12,Over
3,talk,176,14,8,Over
3,talk,177,14,11,Over
3,talk,178,14,1,Over
3,talk,179,14,4,Over
3,vote,1,8
3,vote,2,13
3,vote,3,11
3,vote,4,13
3,vote,5,11
3,vote,7,11
3,vote,8,1
3,vote,9,13
3,vote,11,1
3,vote,12,2
3,vote,13,5
3,vote,15,9
3,vote,1,4
3,vote,2,13
3,vote,3,11
3,vote,4,13
3,vote,5,11
3,vote,7,11
3,vote,8,1
3,vote,9,13
3,vote,11,1
3,vote,12,11
3,vote,13,5
3,vote,15,9
3,execute,11,MEDIUM
3,divine,9,13,HUMAN
3,guard,1,9,SEER
3,attackVote,2,9
3,attack,9,false
4,status,1,BODYGUARD,ALIVE,kenzi
4,status,2,WEREWOLF,ALIVE,hello_wolf
4,status,3,VILLAGER,ALIVE,Dummy_01
4,status,4,VILLAGER,ALIVE,Tomato
4,status,5,VILLAGER,ALIVE,Dummy_03
4,status,6,WEREWOLF,DEAD,Udon
4,status,7,VILLAGER,ALIVE,Dummy_02
4,status,8,VILLAGER,ALIVE,fisherman
4,status,9,SEER,ALIVE,takeda
4,status,10,WEREWOLF,DEAD,GO1DeNO
4,status,11,MEDIUM,DEAD,wasabi
4,status,12,VILLAGER,ALIVE,fanfan
4,status,13,POSSESSED,ALIVE,calups
4,status,14,VILLAGER,DEAD,sonoda
4,status,15,VILLAGER,ALIVE,cantar
4,talk,0,0,13,DIVINED Agent[05] HUMAN
4,talk,1,0,12,VOTE Agent[02]
4,talk,2,0,8,ESTIMATE Agent[01] WEREWOLF
4,talk,3,0,1,VOTED Agent[04]
4,talk,4,0,2,VOTE Agent[05]
4,talk,5,0,15,ESTIMATE Agent[02] WEREWOLF
4,talk,6,0,3,Skip
4,talk,7,0,5,Skip
4,talk,8,0,4,VOTE Agent[12]
4,talk,9,0,7,Skip
4,talk,10,0,9,DIVINED Agent[13] HUMAN
4,talk,11,1,9,VOTE Agent[05]
4,talk,12,1,8,ESTIMATE Agent[09] WEREWOLF
4,talk,13,1,15,VOTE Agent[02]
4,talk,14,1,3,Skip
4,talk,15,1,1,Skip
4,talk,16,1,7,Skip
4,talk,17,1,13,Skip
4,talk,18,1,5,Skip
4,talk,19,1,12,Skip
4,talk,20,1,4,VOTE Agent[02]
4,talk,21,1,2,Skip
4,talk,22,2,8,ESTIMATE Agent[04] WEREWOLF
4,talk,23,2,13,Skip
4,talk,24,2,15,Skip
4,talk,25,2,12,Skip
4,talk,26,2,4,Skip
4,talk,27,2,5,AND (VOTE Agent[07]) (REQUEST ANY (VOTE Agent[07]))
4,talk,28,2,3,AND (VOTE Agent[15]) (REQUEST ANY (VOTE Agent[15]))
4,talk,29,2,9,VOTE Agent[05]
4,talk,30,2,7,AND (VOTE Agent[13]) (REQUEST ANY (VOTE Agent[13]))
4,talk,31,2,1,IDENTIFIED Agent[03] WEREWOLF
4,talk,32,2,2,Skip
4,talk,33,3,5,Skip
4,talk,34,3,7,AND (VOTE Agent[07]) (REQUEST ANY (VOTE Agent[07]))
4,talk,35,3,2,Over
4,talk,36,3,12,Over
4,talk,37,3,15,Skip
4,talk,38,3,9,VOTE Agent[05]
4,talk,39,3,4,VOTE Agent[05]
4,talk,40,3,13,Over
4,talk,41,3,8,VOTE Agent[01]
4,talk,42,3,3,AND (VOTE Agent[07]) (REQUEST ANY (VOTE Agent[07]))
4,talk,43,3,1,ESTIMATE Agent[08] POSSESSED
4,talk,44,4,4,Skip
4,talk,45,4,9,VOTE Agent[05]
4,talk,46,4,5,Skip
4,talk,47,4,13,Over
4,talk,48,4,8,Skip
4,talk,49,4,7,Skip
4,talk,50,4,1,Skip
4,talk,51,4,15,Over
4,talk,52,4,12,VOTE Agent[05]
4,talk,53,4,2,Over
4,talk,54,4,3,Skip
4,talk,55,5,8,Skip
4,talk,56,5,12,Skip
4,talk,57,5,9,VOTE Agent[05]
4,talk,58,5,15,Over
4,talk,59,5,4,Skip
4,talk,60,5,3,Skip
4,talk,61,5,5,Over
4,talk,62,5,1,DIVINATION Agent[04]
4,talk,63,5,13,OR (VOTE Agent[03]) (VOTE Agent[07]) (VOTE Agent[08]) (VOTE Agent[12]) 
4,talk,64,5,7,Skip
4,talk,65,5,2,Over
4,talk,66,6,3,Over
4,talk,67,6,4,Over
4,talk,68,6,9,VOTE Agent[05]
4,talk,69,6,13,Over
4,talk,70,6,15,Over
4,talk,71,6,1,DIVINATION Agent[04]
4,talk,72,6,5,Over
4,talk,73,6,12,Skip
4,talk,74,6,2,Over
4,talk,75,6,8,Over
4,talk,76,6,7,Over
4,talk,77,7,3,Over
4,talk,78,7,2,Over
4,talk,79,7,5,Over
4,talk,80,7,13,Over
4,talk,81,7,7,Over
4,talk,82,7,15,Over
4,talk,83,7,12,Over
4,talk,84,7,8,Over
4,talk,85,7,1,DIVINATION Agent[13]
4,talk,86,7,9,VOTE Agent[05]
4,talk,87,7,4,Over
4,talk,88,8,9,VOTE Agent[05]
4,talk,89,8,12,Over
4,talk,90,8,4,Over
4,talk,91,8,2,Over
4,talk,92,8,3,Over
4,talk,93,8,5,Over
4,talk,94,8,1,Skip
4,talk,95,8,7,Over
4,talk,96,8,15,Over
4,talk,97,8,8,Over
4,talk,98,8,13,Over
4,talk,99,9,4,Over
4,talk,100,9,3,Over
4,talk,101,9,2,Over
4,talk,102,9,8,Over
4,talk,103,9,1,Skip
4,talk,104,9,9,VOTE Agent[05]
4,talk,105,9,12,Over
4,talk,106,9,15,Over
4,talk,107,9,5,Over
4,talk,108,9,13,Over
4,talk,109,9,7,Over
4,talk,110,10,15,Over
4,talk,111,10,9,Over
4,talk,112,10,4,Over
4,talk,113,10,2,Over
4,talk,114,10,7,Over
4,talk,115,10,12,Over
4,talk,116,10,1,GUARDED Agent[07]
4,talk,117,10,5,Over
4,talk,118,10,3,Over
4,talk,119,10,8,Over
4,talk,120,10,13,Over
4,talk,121,11,7,Over
4,talk,122,11,1,VOTED Agent[07]
4,talk,123,11,9,Over
4,talk,124,11,2,Over
4,talk,125,11,12,Over
4,talk,126,11,8,Over
4,talk,127,11,3,Over
4,talk,128,11,4,Over
4,talk,129,11,5,Over
4,talk,130,11,13,Over
4,talk,131,11,15,Over
4,talk,132,12,4,Over
4,talk,133,12,5,Over
4,talk,134,12,12,Over
4,talk,135,12,9,Over
4,talk,136,12,7,Over
4,talk,137,12,3,Over
4,talk,138,12,2,Over
4,talk,139,12,13,Over
4,talk,140,12,8,Over
4,talk,141,12,1,COMINGOUT Agent[04] VILLAGER
4,talk,142,12,15,Over
4,talk,143,13,9,Over
4,talk,144,13,1,VOTE Agent[03]
4,talk,145,13,2,Over
4,talk,146,13,15,Over
4,talk,147,13,7,Over
4,talk,148,13,5,Over
4,talk,149,13,12,Over
4,talk,150,13,4,Over
4,talk,151,13,8,Over
4,talk,152,13,13,Over
4,talk,153,13,3,Over
4,talk,154,14,15,Over
4,talk,155,14,7,Over
4,talk,156,14,12,Over
4,talk,157,14,4,Over
4,talk,158,14,1,Over
4,talk,159,14,13,Over
4,talk,160,14,9,Over
4,talk,161,14,2,Over
4,talk,162,14,5,Over
4,talk,163,14,8,Over
4,talk,164,14,3,Over
4,vote,1,2
4,vote,2,5
4,vote,3,7
4,vote,4,5
4,vote,5,7
4,vote,7,12
4,vote,8,1
4,vote,9,5
4,vote,12,5
4,vote,13,3
4,vote,15,2
4,execute,5,VILLAGER
4,divine,9,12,HUMAN
4,guard,1,9,SEER
4,attackVote,2,9
4,attack,9,false
5,status,1,BODYGUARD,ALIVE,kenzi
5,status,2,WEREWOLF,ALIVE,hello_wolf
5,status,3,VILLAGER,ALIVE,Dummy_01
5,status,4,VILLAGER,ALIVE,Tomato
5,status,5,VILLAGER,DEAD,Dummy_03
5,status,6,WEREWOLF,DEAD,Udon
5,status,7,VILLAGER,ALIVE,Dummy_02
5,status,8,VILLAGER,ALIVE,fisherman
5,status,9,SEER,ALIVE,takeda
5,status,10,WEREWOLF,DEAD,GO1DeNO
5,status,11,MEDIUM,DEAD,wasabi
5,status,12,VILLAGER,ALIVE,fanfan
5,status,13,POSSESSED,ALIVE,calups
5,status,14,VILLAGER,DEAD,sonoda
5,status,15,VILLAGER,ALIVE,cantar
5,talk,0,0,3,Skip
5,talk,1,0,15,ESTIMATE Agent[03] WEREWOLF
5,talk,2,0,2,VOTE Agent[09]
5,talk,3,0,12,VOTE Agent[02]
5,talk,4,0,9,DIVINED Agent[12] HUMAN
5,talk,5,0,8,ESTIMATE Agent[01] WEREWOLF
5,talk,6,0,1,Skip
5,talk,7,0,4,VOTE Agent[01]
5,talk,8,0,13,DIVINED Agent[03] HUMAN
5,talk,9,0,7,Skip
5,talk,10,1,9,VOTE Agent[08]
5,talk,11,1,2,Skip
5,talk,12,1,3,Skip
5,talk,13,1,4,VOTE Agent[02]
5,talk,14,1,7,Skip
5,talk,15,1,1,ESTIMATE Agent[09] WEREWOLF
5,talk,16,1,8,ESTIMATE Agent[04] WEREWOLF
5,talk,17,1,13,Skip
5,talk,18,1,15,VOTE Agent[03]
5,talk,19,1,12,VOTE Agent[13]
5,talk,20,2,7,AND (VOTE Agent[12]) (REQUEST ANY (VOTE Agent[12]))
5,talk,21,2,15,Skip
5,talk,22,2,8,ESTIMATE Agent[09] WEREWOLF
5,talk,23,2,1,VOTE Agent[08]
5,talk,24,2,2,Skip
5,talk,25,2,9,VOTE Agent[08]
5,talk,26,2,4,Skip
5,talk,27,2,12,Skip
5,talk,28,2,13,Skip
5,talk,29,2,3,AND (VOTE Agent[13]) (REQUEST ANY (VOTE Agent[13]))
5,talk,30,3,8,VOTE Agent[01]
5,talk,31,3,12,VOTE Agent[02]
5,talk,32,3,3,AND (VOTE Agent[12]) (REQUEST ANY (VOTE Agent[12]))
5,talk,33,3,4,VOTE Agent[08]
5,talk,34,3,15,Skip
5,talk,35,3,1,ESTIMATE Agent[04] BODYGUARD
5,talk,36,3,2,VOTE Agent[08]
5,talk,37,3,9,VOTE Agent[08]
5,talk,38,3,7,AND (VOTE Agent[13]) (REQUEST ANY (VOTE Agent[13]))
5,talk,39,3,13,Over
5,talk,40,4,15,Over
5,talk,41,4,12,VOTE Agent[13]
5,talk,42,4,7,AND (VOTE Agent[12]) (REQUEST ANY (VOTE Agent[12]))
5,talk,43,4,9,VOTE Agent[08]
5,talk,44,4,1,ATTACKED Agent[15]
5,talk,45,4,2,Skip
5,talk,46,4,8,Skip
5,talk,47,4,3,AND (VOTE Agent[13]) (REQUEST ANY (VOTE Agent[13]))
5,talk,48,4,13,Over
5,talk,49,4,4,Skip
5,talk,50,5,7,AND (VOTE Agent[13]) (REQUEST ANY (VOTE Agent[13]))
5,talk,51,5,1,COMINGOUT Agent[13] VILLAGER
5,talk,52,5,2,Skip
5,talk,53,5,12,Skip
5,talk,54,5,13,OR (VOTE Agent[07]) (VOTE Agent[08]) 
5,talk,55,5,4,Skip
5,talk,56,5,15,Over
5,talk,57,5,3,AND (VOTE Agent[12]) (REQUEST ANY (VOTE Agent[12]))
5,talk,58,5,8,Skip
5,talk,59,5,9,VOTE Agent[08]
5,talk,60,6,8,Over
5,talk,61,6,9,VOTE Agent[08]
5,talk,62,6,2,Over
5,talk,63,6,13,Over
5,talk,64,6,7,AND (VOTE Agent[12]) (REQUEST ANY (VOTE Agent[12]))
5,talk,65,6,3,AND (VOTE Agent[13]) (REQUEST ANY (VOTE Agent[13]))
5,talk,66,6,12,Skip
5,talk,67,6,15,Over
5,talk,68,6,1,Skip
5,talk,69,6,4,Over
5,talk,70,7,12,Over
5,talk,71,7,7,AND (VOTE Agent[13]) (REQUEST ANY (VOTE Agent[13]))
5,talk,72,7,13,Over
5,talk,73,7,9,VOTE Agent[08]
5,talk,74,7,3,AND (VOTE Agent[12]) (REQUEST ANY (VOTE Agent[12]))
5,talk,75,7,4,Over
5,talk,76,7,8,Over
5,talk,77,7,1,AGREE TALK day5 ID:49
5,talk,78,7,15,Over
5,talk,79,7,2,Over
5,talk,80,8,7,AND (VOTE Agent[12]) (REQUEST ANY (VOTE Agent[12]))
5,talk,81,8,1,DISAGREE TALK day5 ID:69
5,talk,82,8,13,Over
5,talk,83,8,15,Over
5,talk,84,8,2,Over
5,talk,85,8,9,VOTE Agent[08]
5,talk,86,8,12,Over
5,talk,87,8,4,Over
5,talk,88,8,3,AND (VOTE Agent[13]) (REQUEST ANY (VOTE Agent[13]))
5,talk,89,8,8,Over
5,talk,90,9,8,Over
5,talk,91,9,13,Over
5,talk,92,9,3,AND (VOTE Agent[12]) (REQUEST ANY (VOTE Agent[12]))
5,talk,93,9,12,Over
5,talk,94,9,2,Over
5,talk,95,9,7,AND (VOTE Agent[13]) (REQUEST ANY (VOTE Agent[13]))
5,talk,96,9,1,GUARD Agent[09]
5,talk,97,9,15,Over
5,talk,98,9,4,Over
5,talk,99,9,9,VOTE Agent[08]
5,talk,100,10,12,Over
5,talk,101,10,3,AND (VOTE Agent[13]) (REQUEST ANY (VOTE Agent[13]))
5,talk,102,10,15,Over
5,talk,103,10,7,AND (VOTE Agent[12]) (REQUEST ANY (VOTE Agent[12]))
5,talk,104,10,13,Over
5,talk,105,10,8,Over
5,talk,106,10,2,Over
5,talk,107,10,9,Over
5,talk,108,10,1,Over
5,talk,109,10,4,Over
5,talk,110,11,8,Over
5,talk,111,11,9,Over
5,talk,112,11,13,Over
5,talk,113,11,3,AND (VOTE Agent[12]) (REQUEST ANY (VOTE Agent[12]))
5,talk,114,11,1,COMINGOUT Agent[15] POSSESSED
5,talk,115,11,12,Over
5,talk,116,11,2,Over
5,talk,117,11,7,AND (VOTE Agent[13]) (REQUEST ANY (VOTE Agent[13]))
5,talk,118,11,4,Over
5,talk,119,11,15,Over
5,talk,120,12,9,Over
5,talk,121,12,2,Over
5,talk,122,12,3,Over
5,talk,123,12,8,Over
5,talk,124,12,1,VOTED Agent[04]
5,talk,125,12,13,Over
5,talk,126,12,15,Over
5,talk,127,12,7,Over
5,talk,128,12,12,Over
5,talk,129,12,4,Over
5,talk,130,13,2,Over
5,talk,131,13,8,Over
5,talk,132,13,4,Over
5,talk,133,13,15,Over
5,talk,134,13,7,Over
5,talk,135,13,12,Over
5,talk,136,13,9,Over
5,talk,137,13,13,Over
5,talk,138,13,1,Over
5,talk,139,13,3,Over
5,vote,1,2
5,vote,2,8
5,vote,3,13
5,vote,4,8
5,vote,7,12
5,vote,8,1
5,vote,9,8
5,vote,12,13
5,vote,13,7
5,vote,15,3
5,execute,8,VILLAGER
5,divine,9,3,HUMAN
5,guard,1,9,SEER
5,attackVote,2,9
5,attack,9,false
6,status,1,BODYGUARD,ALIVE,kenzi
6,status,2,WEREWOLF,ALIVE,hello_wolf
6,status,3,VILLAGER,ALIVE,Dummy_01
6,status,4,VILLAGER,ALIVE,Tomato
6,status,5,VILLAGER,DEAD,Dummy_03
6,status,6,WEREWOLF,DEAD,Udon
6,status,7,VILLAGER,ALIVE,Dummy_02
6,status,8,VILLAGER,DEAD,fisherman
6,status,9,SEER,ALIVE,takeda
6,status,10,WEREWOLF,DEAD,GO1DeNO
6,status,11,MEDIUM,DEAD,wasabi
6,status,12,VILLAGER,ALIVE,fanfan
6,status,13,POSSESSED,ALIVE,calups
6,status,14,VILLAGER,DEAD,sonoda
6,status,15,VILLAGER,ALIVE,cantar
6,talk,0,0,9,DIVINED Agent[03] HUMAN
6,talk,1,0,2,VOTE Agent[09]
6,talk,2,0,15,ESTIMATE Agent[03] WEREWOLF
6,talk,3,0,3,Skip
6,talk,4,0,1,DIVINATION Agent[13]
6,talk,5,0,7,Skip
6,talk,6,0,12,VOTE Agent[13]
6,talk,7,0,13,DIVINED Agent[07] HUMAN
6,talk,8,0,4,VOTE Agent[07]
6,talk,9,1,9,VOTE Agent[04]
6,talk,10,1,12,Skip
6,talk,11,1,2,Skip
6,talk,12,1,7,Skip
6,talk,13,1,15,VOTE Agent[03]
6,talk,14,1,1,Skip
6,talk,15,1,13,Skip
6,talk,16,1,4,VOTE Agent[09]
6,talk,17,1,3,Skip
6,talk,18,2,3,AND (VOTE Agent[04]) (REQUEST ANY (VOTE Agent[04]))
6,talk,19,2,13,Skip
6,talk,20,2,9,VOTE Agent[02]
6,talk,21,2,7,AND (VOTE Agent[01]) (REQUEST ANY (VOTE Agent[01]))
6,talk,22,2,1,GUARD Agent[07]
6,talk,23,2,2,Skip
6,talk,24,2,12,VOTE Agent[04]
6,talk,25,2,15,Skip
6,talk,26,2,4,VOTE Agent[03]
6,talk,27,3,12,VOTE Agent[02]
6,talk,28,3,9,VOTE Agent[04]
6,talk,29,3,7,AND (VOTE Agent[04]) (REQUEST ANY (VOTE Agent[04]))
6,talk,30,3,4,VOTE Agent[04]
6,talk,31,3,1,Skip
6,talk,32,3,13,Over
6,talk,33,3,2,VOTE Agent[03]
6,talk,34,3,3,AND (VOTE Agent[01]) (REQUEST ANY (VOTE Agent[01]))
6,talk,35,3,15,Skip
6,talk,36,4,3,AND (VOTE Agent[04]) (REQUEST ANY (VOTE Agent[04]))
6,talk,37,4,15,Over
6,talk,38,4,13,Over
6,talk,39,4,7,AND (VOTE Agent[01]) (REQUEST ANY (VOTE Agent[01]))
6,talk,40,4,1,Agent[13] DIVINED Agent[04] HUMAN
6,talk,41,4,2,VOTE Agent[04]
6,talk,42,4,4,Skip
6,talk,43,4,9,VOTE Agent[04]
6,talk,44,4,12,VOTE Agent[04]
6,talk,45,5,7,AND (VOTE Agent[04]) (REQUEST ANY (VOTE Agent[04]))
6,talk,46,5,15,Over
6,talk,47,5,1,Skip
6,talk,48,5,12,Skip
6,talk,49,5,9,VOTE Agent[04]
6,talk,50,5,13,OR (VOTE Agent[02]) (VOTE Agent[04]) (VOTE Agent[07]) (VOTE Agent[12]) 
6,talk,51,5,2,Skip
6,talk,52,5,4,Skip
6,talk,53,5,3,AND (VOTE Agent[01]) (REQUEST ANY (VOTE Agent[01]))
6,talk,54,6,4,Over
6,talk,55,6,15,Over
6,talk,56,6,13,Over
6,talk,57,6,1,AGREE TALK day6 ID:32
6,talk,58,6,9,VOTE Agent[04]
6,talk,59,6,2,Skip
6,talk,60,6,7,AND (VOTE Agent[01]) (REQUEST ANY (VOTE Agent[01]))
6,talk,61,6,12,Skip
6,talk,62,6,3,AND (VOTE Agent[04]) (REQUEST ANY (VOTE Agent[04]))
6,talk,63,7,13,Over
6,talk,64,7,4,Over
6,talk,65,7,9,VOTE Agent[04]
6,talk,66,7,2,Over
6,talk,67,7,15,Over
6,talk,68,7,12,Over
6,talk,69,7,3,AND (VOTE Agent[01]) (REQUEST ANY (VOTE Agent[01]))
6,talk,70,7,7,AND (VOTE Agent[04]) (REQUEST ANY (VOTE Agent[04]))
6,talk,71,7,1,DISAGREE TALK day6 ID:54
6,talk,72,8,9,VOTE Agent[04]
6,talk,73,8,4,Over
6,talk,74,8,15,Over
6,talk,75,8,13,Over
6,talk,76,8,1,Over
6,talk,77,8,12,Over
6,talk,78,8,2,Over
6,talk,79,8,3,AND (VOTE Agent[04]) (REQUEST ANY (VOTE Agent[04]))
6,talk,80,8,7,AND (VOTE Agent[01]) (REQUEST ANY (VOTE Agent[01]))
6,talk,81,9,13,Over
6,talk,82,9,3,AND (VOTE Agent[01]) (REQUEST ANY (VOTE Agent[01]))
6,talk,83,9,2,Over
6,talk,84,9,9,VOTE Agent[04]
6,talk,85,9,1,Skip
6,talk,86,9,12,Over
6,talk,87,9,4,Over
6,talk,88,9,15,Over
6,talk,89,9,7,AND (VOTE Agent[04]) (REQUEST ANY (VOTE Agent[04]))
6,talk,90,10,2,Over
6,talk,91,10,15,Over
6,talk,92,10,12,Over
6,talk,93,10,4,Over
6,talk,94,10,13,Over
6,talk,95,10,1,Skip
6,talk,96,10,9,Over
6,talk,97,10,3,AND (VOTE Agent[04]) (REQUEST ANY (VOTE Agent[04]))
6,talk,98,10,7,AND (VOTE Agent[01]) (REQUEST ANY (VOTE Agent[01]))
6,talk,99,11,12,Over
6,talk,100,11,2,Over
6,talk,101,11,15,Over
6,talk,102,11,4,Over
6,talk,103,11,7,AND (VOTE Agent[04]) (REQUEST ANY (VOTE Agent[04]))
6,talk,104,11,9,Over
6,talk,105,11,3,AND (VOTE Agent[01]) (REQUEST ANY (VOTE Agent[01]))
6,talk,106,11,1,DISAGREE TALK day6 ID:21
6,talk,107,11,13,Over
6,talk,108,12,1,IDENTIFIED Agent[15] WEREWOLF
6,talk,109,12,7,Over
6,talk,110,12,9,Over
6,talk,111,12,13,Over
6,talk,112,12,3,Over
6,talk,113,12,12,Over
6,talk,114,12,4,Over
6,talk,115,12,2,Over
6,talk,116,12,15,Over
6,talk,117,13,7,Over
6,talk,118,13,1,Skip
6,talk,119,13,13,Over
6,talk,120,13,15,Over
6,talk,121,13,12,Over
6,talk,122,13,3,Over
6,talk,123,13,4,Over
6,talk,124,13,2,Over
6,talk,125,13,9,Over
6,talk,126,14,7,Over
6,talk,127,14,4,Over
6,talk,128,14,13,Over
6,talk,129,14,15,Over
6,talk,130,14,9,Over
6,talk,131,14,1,DISAGREE TALK day6 ID:84
6,talk,132,14,2,Over
6,talk,133,14,12,Over
6,talk,134,14,3,Over
6,talk,135,15,12,Over
6,talk,136,15,4,Over
6,talk,137,15,7,Over
6,talk,138,15,15,Over
6,talk,139,15,3,Over
6,talk,140,15,13,Over
6,talk,141,15,9,Over
6,talk,142,15,2,Over
6,talk,143,15,1,DISAGREE TALK day6 ID:63
6,talk,144,16,4,Over
6,talk,145,16,9,Over
6,talk,146,16,12,Over
6,talk,147,16,15,Over
6,talk,148,16,3,Over
6,talk,149,16,2,Over
6,talk,150,16,7,Over
6,talk,151,16,13,Over
6,talk,152,16,1,ATTACK Agent[07]
6,talk,153,17,15,Over
6,talk,154,17,13,Over
6,talk,155,17,1,Over
6,talk,156,17,4,Over
6,talk,157,17,12,Over
6,talk,158,17,3,Over
6,talk,159,17,9,Over
6,talk,160,17,7,Over
6,talk,161,17,2,Over
6,vote,1,2
6,vote,2,4
6,vote,3,4
6,vote,4,12
6,vote,7,1
6,vote,9,4
6,vote,12,4
6,vote,13,2
6,vote,15,3
6,execute,4,VILLAGER
6,divine,9,2,WEREWOLF
6,guard,1,9,SEER
6,attackVote,2,1
6,attack,1,true
7,status,1,BODYGUARD,DEAD,kenzi
7,status,2,WEREWOLF,ALIVE,hello_wolf
7,status,3,VILLAGER,ALIVE,Dummy_01
7,status,4,VILLAGER,DEAD,Tomato
7,status,5,VILLAGER,DEAD,Dummy_03
7,status,6,WEREWOLF,DEAD,Udon
7,status,7,VILLAGER,ALIVE,Dummy_02
7,status,8,VILLAGER,DEAD,fisherman
7,status,9,SEER,ALIVE,takeda
7,status,10,WEREWOLF,DEAD,GO1DeNO
7,status,11,MEDIUM,DEAD,wasabi
7,status,12,VILLAGER,ALIVE,fanfan
7,status,13,POSSESSED,ALIVE,calups
7,status,14,VILLAGER,DEAD,sonoda
7,status,15,VILLAGER,ALIVE,cantar
7,talk,0,0,12,VOTE Agent[13]
7,talk,1,0,13,DIVINED Agent[15] HUMAN
7,talk,2,0,9,DIVINED Agent[02] WEREWOLF
7,talk,3,0,7,Skip
7,talk,4,0,15,ESTIMATE Agent[03] WEREWOLF
7,talk,5,0,3,Skip
7,talk,6,0,2,VOTE Agent[09]
7,talk,7,1,2,Skip
7,talk,8,1,12,VOTE Agent[02]
7,talk,9,1,15,VOTE Agent[03]
7,talk,10,1,13,Skip
7,talk,11,1,7,Skip
7,talk,12,1,3,Skip
7,talk,13,1,9,VOTE Agent[02]
7,talk,14,2,9,VOTE Agent[02]
7,talk,15,2,2,Skip
7,talk,16,2,12,Skip
7,talk,17,2,7,AND (VOTE Agent[12]) (REQUEST ANY (VOTE Agent[12]))
7,talk,18,2,13,Skip
7,talk,19,2,3,AND (VOTE Agent[02]) (REQUEST ANY (VOTE Agent[02]))
7,talk,20,2,15,Skip
7,talk,21,3,9,VOTE Agent[02]
7,talk,22,3,3,AND (VOTE Agent[12]) (REQUEST ANY (VOTE Agent[12]))
7,talk,23,3,15,Skip
7,talk,24,3,7,AND (VOTE Agent[02]) (REQUEST ANY (VOTE Agent[02]))
7,talk,25,3,12,Skip
7,talk,26,3,13,Over
7,talk,27,3,2,Over
7,talk,28,4,15,Over
7,talk,29,4,7,AND (VOTE Agent[12]) (REQUEST ANY (VOTE Agent[12]))
7,talk,30,4,2,Over
7,talk,31,4,9,VOTE Agent[02]
7,talk,32,4,12,Over
7,talk,33,4,13,Over
7,talk,34,4,3,AND (VOTE Agent[02]) (REQUEST ANY (VOTE Agent[02]))
7,talk,35,5,2,Over
7,talk,36,5,13,OR (VOTE Agent[07]) (VOTE Agent[12]) 
7,talk,37,5,3,AND (VOTE Agent[12]) (REQUEST ANY (VOTE Agent[12]))
7,talk,38,5,15,Over
7,talk,39,5,9,VOTE Agent[02]
7,talk,40,5,7,AND (VOTE Agent[02]) (REQUEST ANY (VOTE Agent[02]))
7,talk,41,5,12,Over
7,talk,42,6,9,VOTE Agent[02]
7,talk,43,6,2,Over
7,talk,44,6,13,Over
7,talk,45,6,12,Over
7,talk,46,6,3,AND (VOTE Agent[02]) (REQUEST ANY (VOTE Agent[02]))
7,talk,47,6,7,AND (VOTE Agent[12]) (REQUEST ANY (VOTE Agent[12]))
7,talk,48,6,15,Over
7,talk,49,7,3,AND (VOTE Agent[12]) (REQUEST ANY (VOTE Agent[12]))
7,talk,50,7,13,Over
7,talk,51,7,2,Over
7,talk,52,7,9,VOTE Agent[02]
7,talk,53,7,15,Over
7,talk,54,7,7,AND (VOTE Agent[02]) (REQUEST ANY (VOTE Agent[02]))
7,talk,55,7,12,Over
7,talk,56,8,12,Over
7,talk,57,8,15,Over
7,talk,58,8,7,AND (VOTE Agent[12]) (REQUEST ANY (VOTE Agent[12]))
7,talk,59,8,9,VOTE Agent[02]
7,talk,60,8,13,Over
7,talk,61,8,2,Over
7,talk,62,8,3,AND (VOTE Agent[02]) (REQUEST ANY (VOTE Agent[02]))
7,talk,63,9,7,AND (VOTE Agent[02]) (REQUEST ANY (VOTE Agent[02]))
7,talk,64,9,9,VOTE Agent[02]
7,talk,65,9,12,Over
7,talk,66,9,2,Over
7,talk,67,9,3,AND (VOTE Agent[12]) (REQUEST ANY (VOTE Agent[12]))
7,talk,68,9,13,Over
7,talk,69,9,15,Over
7,talk,70,10,12,Over
7,talk,71,10,7,AND (VOTE Agent[12]) (REQUEST ANY (VOTE Agent[12]))
7,talk,72,10,9,Over
7,talk,73,10,13,Over
7,talk,74,10,2,Over
7,talk,75,10,15,Over
7,talk,76,10,3,AND (VOTE Agent[02]) (REQUEST ANY (VOTE Agent[02]))
7,talk,77,11,13,Over
7,talk,78,11,7,AND (VOTE Agent[02]) (REQUEST ANY (VOTE Agent[02]))
7,talk,79,11,3,AND (VOTE Agent[12]) (REQUEST ANY (VOTE Agent[12]))
7,talk,80,11,9,Over
7,talk,81,11,2,Over
7,talk,82,11,15,Over
7,talk,83,11,12,Over
7,talk,84,12,9,Over
7,talk,85,12,3,Over
7,talk,86,12,15,Over
7,talk,87,12,2,Over
7,talk,88,12,13,Over
7,talk,89,12,7,Over
7,talk,90,12,12,Over
7,vote,2,9
7,vote,3,2
7,vote,7,12
7,vote,9,2
7,vote,12,2
7,vote,13,7
7,vote,15,3
7,execute,2,WEREWOLF
7,divine,9,7,HUMAN
8,status,1,BODYGUARD,DEAD,kenzi
8,status,2,WEREWOLF,DEAD,hello_wolf
8,status,3,VILLAGER,ALIVE,Dummy_01
8,status,4,VILLAGER,DEAD,Tomato
8,status,5,VILLAGER,DEAD,Dummy_03
8,status,6,WEREWOLF,DEAD,Udon
8,status,7,VILLAGER,ALIVE,Dummy_02
8,status,8,VILLAGER,DEAD,fisherman
8,status,9,SEER,ALIVE,takeda
8,status,10,WEREWOLF,DEAD,GO1DeNO
8,status,11,MEDIUM,DEAD,wasabi
8,status,12,VILLAGER,ALIVE,fanfan
8,status,13,POSSESSED,ALIVE,calups
8,status,14,VILLAGER,DEAD,sonoda
8,status,15,VILLAGER,ALIVE,cantar
8,result,6,0,VILLAGER
