0,status,1,VILLAGER,ALIVE,kenzi
0,status,2,VILLAGER,ALIVE,hello_wolf
0,status,3,SEER,ALIVE,Dummy_01
0,status,4,VILLAGER,ALIVE,Tomato
0,status,5,WEREWOLF,ALIVE,Dummy_03
0,status,6,MEDIUM,ALIVE,Udon
0,status,7,WEREWOLF,ALIVE,Dummy_02
0,status,8,VILLAGER,ALIVE,fisherman
0,status,9,POSSESSED,ALIVE,takeda
0,status,10,VILLAGER,ALIVE,GO1DeNO
0,status,11,WEREWOLF,ALIVE,wasabi
0,status,12,VILLAGER,ALIVE,fanfan
0,status,13,VILLAGER,ALIVE,calups
0,status,14,BODYGUARD,ALIVE,sonoda
0,status,15,VILLAGER,ALIVE,cantar
0,whisper,0,0,5,COMINGOUT Agent[05] VILLAGER
0,whisper,1,0,11,ATTACK Agent[09]
0,whisper,2,0,7,COMINGOUT Agent[07] MEDIUM
0,whisper,3,1,7,Skip
0,whisper,4,1,11,VOTE Agent[12]
0,whisper,5,1,5,Skip
0,whisper,6,2,11,Over
0,whisper,7,2,7,Skip
0,whisper,8,2,5,Skip
0,whisper,9,3,7,Over
0,whisper,10,3,11,VOTE Agent[10]
0,whisper,11,3,5,Over
0,whisper,12,4,7,Over
0,whisper,13,4,5,Over
0,whisper,14,4,11,ATTACK Agent[01]
0,whisper,15,5,5,Over
0,whisper,16,5,7,Over
0,whisper,17,5,11,Over
0,divine,3,12,HUMAN
1,status,1,VILLAGER,ALIVE,kenzi
1,status,2,VILLAGER,ALIVE,hello_wolf
1,status,3,SEER,ALIVE,Dummy_01
1,status,4,VILLAGER,ALIVE,Tomato
1,status,5,WEREWOLF,ALIVE,Dummy_03
1,status,6,MEDIUM,ALIVE,Udon
1,status,7,WEREWOLF,ALIVE,Dummy_02
1,status,8,VILLAGER,ALIVE,fisherman
1,status,9,POSSESSED,ALIVE,takeda
1,status,10,VILLAGER,ALIVE,GO1DeNO
1,status,11,WEREWOLF,ALIVE,wasabi
1,status,12,VILLAGER,ALIVE,fanfan
1,status,13,VILLAGER,ALIVE,calups
1,status,14,BODYGUARD,ALIVE,sonoda
1,status,15,VILLAGER,ALIVE,cantar
1,talk,0,0,13,Skip
1,talk,1,0,5,Skip
1,talk,2,0,6,COMINGOUT Agent[06] MEDIUM
1,talk,3,0,12,VOTE Agent[06]
1,talk,4,0,9,COMINGOUT Agent[09] SEER
1,talk,5,0,1,VOTED Agent[08]
1,talk,6,0,10,VOTE Agent[06]
1,talk,7,0,2,VOTE Agent[06]
1,talk,8,0,14,VOTE Agent[01]
1,talk,9,0,11,Skip
1,talk,10,0,15,ESTIMATE Agent[01] WEREWOLF
1,talk,11,0,8,ESTIMATE Agent[15] WEREWOLF
1,talk,12,0,7,COMINGOUT Agent[07] MEDIUM
1,talk,13,0,4,VOTE Agent[02]
1,talk,14,0,3,Skip
1,talk,15,1,5,Skip
1,talk,16,1,3,COMINGOUT Agent[03] SEER
1,talk,17,1,12,VOTE Agent[02]
1,talk,18,1,9,DIVINED Agent[13] WEREWOLF
1,talk,19,1,13,Skip
1,talk,20,1,11,ESTIMATE Agent[07] WEREWOLF
1,talk,21,1,7,BECAUSE (AND (COMINGOUT Agent[07] MEDIUM) (Agent[06] COMINGOUT Agent[06] MEDIUM)) (XOR (ESTIMATE Agent[06] WEREWOLF) (ESTIMATE Agent[06] POSSESSED))
1,talk,22,1,10,VOTE Agent[02]
1,talk,23,1,14,Skip
1,talk,24,1,2,VOTE Agent[01]
1,talk,25,1,8,ESTIMATE Agent[11] WEREWOLF
1,talk,26,1,1,VOTE Agent[12]
1,talk,27,1,6,VOTE Agent[07]
1,talk,28,1,4,VOTE Agent[06]
1,talk,29,1,15,VOTE Agent[01]
1,talk,30,2,11,ESTIMATE Agent[14] VILLAGER
1,talk,31,2,10,VOTE Agent[13]
1,talk,32,2,1,VOTE Agent[03]
1,talk,33,2,12,VOTE Agent[01]
1,talk,34,2,3,DAY 1 (DIVINED Agent[12] HUMAN)
1,talk,35,2,6,VOTE Agent[13]
1,talk,36,2,14,VOTE Agent[09]
1,talk,37,2,9,VOTE Agent[13]
1,talk,38,2,7,BECAUSE (XOR (ESTIMATE Agent[06] WEREWOLF) (ESTIMATE Agent[06] POSSESSED)) (AND (VOTE Agent[06]) (REQUEST ANY (VOTE Agent[06])))
1,talk,39,2,5,AND (VOTE Agent[14]) (REQUEST ANY (VOTE Agent[14]))
1,talk,40,2,8,ESTIMATE Agent[06] WEREWOLF
1,talk,41,2,4,VOTE Agent[01]
1,talk,42,2,13,Over
1,talk,43,2,15,Skip
1,talk,44,2,2,VOTE Agent[07]
1,talk,45,3,5,Skip
1,talk,46,3,14,Skip
1,talk,47,3,7,Skip
1,talk,48,3,9,Skip
1,talk,49,3,15,Skip
1,talk,50,3,4,Skip
1,talk,51,3,8,VOTE Agent[13]
1,talk,52,3,11,VOTE Agent[07]
1,talk,53,3,3,AND (VOTE Agent[09]) (REQUEST ANY (VOTE Agent[09]))
1,talk,54,3,1,Skip
1,talk,55,3,2,VOTE Agent[13]
1,talk,56,3,13,Over
1,talk,57,3,10,Skip
1,talk,58,3,12,VOTE Agent[13]
1,talk,59,3,6,Over
1,talk,60,4,5,Skip
1,talk,61,4,9,Skip
1,talk,62,4,7,Skip
1,talk,63,4,13,Over
1,talk,64,4,11,ESTIMATE Agent[05] VILLAGER
1,talk,65,4,1,COMINGOUT Agent[02] POSSESSED
1,talk,66,4,14,Skip
1,talk,67,4,15,Over
1,talk,68,4,6,Over
1,talk,69,4,8,Skip
1,talk,70,4,10,Skip
1,talk,71,4,3,Skip
1,talk,72,4,12,Skip
1,talk,73,4,2,Skip
1,talk,74,4,4,VOTE Agent[13]
1,talk,75,5,4,Skip
1,talk,76,5,6,Over
1,talk,77,5,13,OR (VOTE Agent[01]) (VOTE Agent[02]) (VOTE Agent[04]) (VOTE Agent[05]) (VOTE Agent[08]) (VOTE Agent[10]) (VOTE Agent[11]) (VOTE Agent[14]) 
1,talk,78,5,15,Over
1,talk,79,5,11,VOTE Agent[01]
1,talk,80,5,2,Skip
1,talk,81,5,9,Over
1,talk,82,5,7,Over
1,talk,83,5,12,Skip
1,talk,84,5,10,Over
1,talk,85,5,8,Skip
1,talk,86,5,1,Skip
1,talk,87,5,3,Skip
1,talk,88,5,14,Over
1,talk,89,5,5,Over
1,talk,90,6,14,Over
1,talk,91,6,4,VOTE Agent[01]
1,talk,92,6,9,Over
1,talk,93,6,12,Over
1,talk,94,6,13,Over
1,talk,95,6,1,GUARD Agent[10]
1,talk,96,6,10,Over
1,talk,97,6,7,Over
1,talk,98,6,5,Over
1,talk,99,6,2,Over
1,talk,100,6,11,Skip
1,talk,101,6,6,Over
1,talk,102,6,15,Over
1,talk,103,6,8,Over
1,talk,104,6,3,Over
1,talk,105,7,8,Over
1,talk,106,7,7,Over
1,talk,107,7,11,Skip
1,talk,108,7,4,Skip
1,talk,109,7,1,Agent[15] DIVINED Agent[09] WEREWOLF
1,talk,110,7,2,Over
1,talk,111,7,6,Over
1,talk,112,7,9,Over
1,talk,113,7,13,Over
1,talk,114,7,3,Over
1,talk,115,7,5,Over
1,talk,116,7,14,Over
1,talk,117,7,15,Over
1,talk,118,7,12,Over
1,talk,119,7,10,Over
1,talk,120,8,2,Over
1,talk,121,8,3,Over
1,talk,122,8,10,Over
1,talk,123,8,4,Skip
1,talk,124,8,7,Over
1,talk,125,8,11,ESTIMATE Agent[07] WEREWOLF
1,talk,126,8,15,Over
1,talk,127,8,14,Over
1,talk,128,8,9,Over
1,talk,129,8,8,Over
1,talk,130,8,12,Over
1,talk,131,8,13,Over
1,talk,132,8,6,Over
1,talk,133,8,5,Over
1,talk,134,8,1,Over
1,talk,135,9,15,Over
1,talk,136,9,7,Over
1,talk,137,9,3,Over
1,talk,138,9,11,Over
1,talk,139,9,8,Over
1,talk,140,9,12,Over
1,talk,141,9,5,Over
1,talk,142,9,1,DISAGREE TALK day1 ID:122
1,talk,143,9,13,Over
1,talk,144,9,10,Over
1,talk,145,9,6,Over
1,talk,146,9,14,Over
1,talk,147,9,4,Over
1,talk,148,9,9,Over
1,talk,149,9,2,Over
1,talk,150,10,12,Over
1,talk,151,10,8,Over
1,talk,152,10,1,ATTACK Agent[10]
1,talk,153,10,3,Over
1,talk,154,10,9,Over
1,talk,155,10,5,Over
1,talk,156,10,10,Over
1,talk,157,10,13,Over
1,talk,158,10,15,Over
1,talk,159,10,7,Over
1,talk,160,10,2,Over
1,talk,161,10,4,Over
1,talk,162,10,11,Over
1,talk,163,10,6,Over
1,talk,164,10,14,Over
1,talk,165,11,1,ESTIMATE Agent[08] MEDIUM
1,talk,166,11,4,Over
1,talk,167,11,11,Over
1,talk,168,11,15,Over
1,talk,169,11,10,Over
1,talk,170,11,14,Over
1,talk,171,11,2,Over
1,talk,172,11,7,Over
1,talk,173,11,8,Over
1,talk,174,11,12,Over
1,talk,175,11,3,Over
1,talk,176,11,6,Over
1,talk,177,11,9,Over
1,talk,178,11,5,Over
1,talk,179,11,13,Over
1,talk,180,12,13,Over
1,talk,181,12,4,Over
1,talk,182,12,15,Over
1,talk,183,12,5,Over
1,talk,184,12,7,Over
1,talk,185,12,9,Over
1,talk,186,12,14,Over
1,talk,187,12,8,Over
1,talk,188,12,6,Over
1,talk,189,12,2,Over
1,talk,190,12,12,Over
1,talk,191,12,11,Over
1,talk,192,12,1,Agent[06] DIVINED Agent[05] ANY
1,talk,193,12,3,Over
1,talk,194,12,10,Over
1,talk,195,13,2,Over
1,talk,196,13,10,Over
1,talk,197,13,15,Over
1,talk,198,13,6,Over
1,talk,199,13,14,Over
1,talk,200,13,13,Over
1,talk,201,13,8,Over
1,talk,202,13,5,AND (VOTE Agent[06]) (REQUEST ANY (VOTE Agent[06]))
1,talk,203,13,3,Over
1,talk,204,13,9,Over
1,talk,205,13,11,Over
1,talk,206,13,4,Over
1,talk,207,13,1,Over
1,talk,208,13,7,Over
1,talk,209,13,12,Over
1,talk,210,14,11,Over
1,talk,211,14,3,Over
1,talk,212,14,5,Skip
1,talk,213,14,2,Over
1,talk,214,14,14,Over
1,talk,215,14,10,Over
1,talk,216,14,12,Over
1,talk,217,14,9,Over
1,talk,218,14,8,Over
1,talk,219,14,13,Over
1,talk,220,14,4,Over
1,talk,221,14,1,Over
1,talk,222,14,7,Over
1,talk,223,14,6,Over
1,talk,224,14,15,Over
1,talk,225,15,6,Over
1,talk,226,15,11,Over
1,talk,227,15,10,Over
1,talk,228,15,5,Skip
1,talk,229,15,1,Over
1,talk,230,15,7,Over
1,talk,231,15,2,Over
1,talk,232,15,9,Over
1,talk,233,15,14,Over
1,talk,234,15,3,Over
1,talk,235,15,12,Over
1,talk,236,15,15,Over
1,talk,237,15,8,Over
1,talk,238,15,13,Over
1,talk,239,15,4,Over
1,talk,240,16,4,Over
1,talk,241,16,11,Over
1,talk,242,16,14,Over
1,talk,243,16,12,Over
1,talk,244,16,2,Over
1,talk,245,16,6,Over
1,talk,246,16,8,Over
1,talk,247,16,7,Over
1,talk,248,16,13,Over
1,talk,249,16,1,Over
1,talk,250,16,5,Over
1,talk,251,16,10,Over
1,talk,252,16,3,Over
1,talk,253,16,9,Over
1,talk,254,16,15,Over
1,vote,1,5
1,vote,2,13
1,vote,3,9
1,vote,4,1
1,vote,5,6
1,vote,6,13
1,vote,7,6
1,vote,8,13
1,vote,9,1
1,vote,10,13
1,vote,11,1
1,vote,12,13
1,vote,13,1
1,vote,14,9
1,vote,15,1
1,vote,1,9
1,vote,2,13
1,vote,3,9
1,vote,4,1
1,vote,5,6
1,vote,6,13
1,vote,7,6
1,vote,8,13
1,vote,9,1
1,vote,10,13
1,vote,11,1
1,vote,12,13
1,vote,13,2
1,vote,14,9
1,vote,15,1
1,execute,13,VILLAGER
1,divine,3,9,HUMAN
1,whisper,0,0,5,BECAUSE (AND (NOT (COMINGOUT Agent[09] WEREWOLF)) (NOT (COMINGOUT Agent[13] WEREWOLF)) (DAY 1 (Agent[09] DIVINED Agent[13] WEREWOLF))) (ESTIMATE Agent[09] POSSESSED)
1,whisper,1,0,7,BECAUSE (AND (NOT (COMINGOUT Agent[09] WEREWOLF)) (NOT (COMINGOUT Agent[13] WEREWOLF)) (DAY 1 (Agent[09] DIVINED Agent[13] WEREWOLF))) (ESTIMATE Agent[09] POSSESSED)
1,whisper,2,0,11,ATTACK Agent[03]
1,whisper,3,1,11,REQUEST ANY (ATTACK Agent[03])
1,whisper,4,1,5,BECAUSE (AND (NOT (COMINGOUT Agent[15] WEREWOLF)) (NOT (COMINGOUT Agent[09] WEREWOLF)) (DAY 1 (Agent[15] DIVINED Agent[09] WEREWOLF))) (ESTIMATE Agent[15] POSSESSED)
1,whisper,5,1,7,BECAUSE (AND (NOT (COMINGOUT Agent[15] WEREWOLF)) (NOT (COMINGOUT Agent[09] WEREWOLF)) (DAY 1 (Agent[15] DIVINED Agent[09] WEREWOLF))) (ESTIMATE Agent[15] POSSESSED)
1,whisper,6,2,11,ATTACK Agent[12]
1,whisper,7,2,7,BECAUSE (Agent[06] COMINGOUT Agent[06] MEDIUM) (ATTACK Agent[06])
1,whisper,8,2,5,BECAUSE (Agent[06] COMINGOUT Agent[06] MEDIUM) (ATTACK Agent[06])
1,whisper,9,3,5,Skip
1,whisper,10,3,11,Over
1,whisper,11,3,7,Skip
1,whisper,12,4,5,Skip
1,whisper,13,4,7,Skip
1,whisper,14,4,11,REQUEST ANY (ATTACK Agent[12])
1,whisper,15,5,5,Over
1,whisper,16,5,11,Over
1,whisper,17,5,7,Over
1,guard,14,1,VILLAGER
1,attackVote,5,6
1,attackVote,7,6
1,attackVote,11,12
1,attack,6,true
2,status,1,VILLAGER,ALIVE,kenzi
2,status,2,VILLAGER,ALIVE,hello_wolf
2,status,3,SEER,ALIVE,Dummy_01
2,status,4,VILLAGER,ALIVE,Tomato
2,status,5,WEREWOLF,ALIVE,Dummy_03
2,status,6,MEDIUM,DEAD,Udon
2,status,7,WEREWOLF,ALIVE,Dummy_02
2,status,8,VILLAGER,ALIVE,fisherman
2,status,9,POSSESSED,ALIVE,takeda
2,status,10,VILLAGER,ALIVE,GO1DeNO
2,status,11,WEREWOLF,ALIVE,wasabi
2,status,12,VILLAGER,ALIVE,fanfan
2,status,13,VILLAGER,DEAD,calups
2,status,14,BODYGUARD,ALIVE,sonoda
2,status,15,VILLAGER,ALIVE,cantar
2,talk,0,0,7,DAY 2 (IDENTIFIED Agent[13] WEREWOLF)
2,talk,1,0,2,VOTE Agent[05]
2,talk,2,0,8,ESTIMATE Agent[15] WEREWOLF
2,talk,3,0,12,VOTE Agent[07]
2,talk,4,0,3,DAY 2 (DIVINED Agent[09] HUMAN)
2,talk,5,0,5,Skip
2,talk,6,0,15,ESTIMATE Agent[05] WEREWOLF
2,talk,7,0,1,DIVINATION Agent[07]
2,talk,8,0,4,VOTE Agent[07]
2,talk,9,0,10,VOTE Agent[07]
2,talk,10,0,9,DIVINED Agent[05] HUMAN
2,talk,11,0,11,Skip
2,talk,12,0,14,VOTE Agent[09]
2,talk,13,1,7,Skip
2,talk,14,1,2,VOTE Agent[07]
2,talk,15,1,3,BECAUSE (AND (AND (COMINGOUT Agent[03] SEER) (Agent[09] COMINGOUT Agent[09] SEER)) (DAY 2 (DIVINED Agent[09] HUMAN))) (ESTIMATE Agent[09] POSSESSED)
2,talk,16,1,10,Skip
2,talk,17,1,9,VOTE Agent[07]
2,talk,18,1,4,Skip
2,talk,19,1,1,Skip
2,talk,20,1,15,VOTE Agent[05]
2,talk,21,1,8,ESTIMATE Agent[12] WEREWOLF
2,talk,22,1,11,ESTIMATE Agent[12] VILLAGER
2,talk,23,1,14,Skip
2,talk,24,1,5,Skip
2,talk,25,1,12,Skip
2,talk,26,2,10,Skip
2,talk,27,2,11,ESTIMATE Agent[14] VILLAGER
2,talk,28,2,3,AND (VOTE Agent[14]) (REQUEST ANY (VOTE Agent[14]))
2,talk,29,2,9,Skip
2,talk,30,2,15,Skip
2,talk,31,2,1,IDENTIFIED Agent[02] HUMAN
2,talk,32,2,4,Skip
2,talk,33,2,5,AND (VOTE Agent[08]) (REQUEST ANY (VOTE Agent[08]))
2,talk,34,2,14,Skip
2,talk,35,2,8,ESTIMATE Agent[02] WEREWOLF
2,talk,36,2,7,AND (VOTE Agent[08]) (REQUEST ANY (VOTE Agent[08]))
2,talk,37,2,2,Skip
2,talk,38,2,12,Skip
2,talk,39,3,5,Skip
2,talk,40,3,11,VOTE Agent[07]
2,talk,41,3,12,Over
2,talk,42,3,1,Agent[15] DIVINED Agent[08] WEREWOLF
2,talk,43,3,7,Skip
2,talk,44,3,14,VOTE Agent[07]
2,talk,45,3,9,Skip
2,talk,46,3,2,Skip
2,talk,47,3,3,Skip
2,talk,48,3,4,Over
2,talk,49,3,8,VOTE Agent[10]
2,talk,50,3,15,Skip
2,talk,51,3,10,Over
2,talk,52,4,4,Over
2,talk,53,4,1,DIVINATION Agent[12]
2,talk,54,4,12,Over
2,talk,55,4,3,Skip
2,talk,56,4,2,Over
2,talk,57,4,15,Over
2,talk,58,4,10,Over
2,talk,59,4,14,Skip
2,talk,60,4,5,Skip
2,talk,61,4,9,Over
2,talk,62,4,7,Skip
2,talk,63,4,8,VOTE Agent[14]
2,talk,64,4,11,ESTIMATE Agent[14] VILLAGER
2,talk,65,5,2,Over
2,talk,66,5,14,Skip
2,talk,67,5,11,Skip
2,talk,68,5,7,Over
2,talk,69,5,15,Over
2,talk,70,5,8,Skip
2,talk,71,5,12,Over
2,talk,72,5,9,Over
2,talk,73,5,4,Over
2,talk,74,5,3,Over
2,talk,75,5,5,Over
2,talk,76,5,10,Over
2,talk,77,5,1,VOTED Agent[08]
2,talk,78,6,7,Over
2,talk,79,6,10,Over
2,talk,80,6,4,Over
2,talk,81,6,9,Over
2,talk,82,6,2,Over
2,talk,83,6,15,Over
2,talk,84,6,14,Over
2,talk,85,6,11,ESTIMATE Agent[15] VILLAGER
2,talk,86,6,1,GUARD Agent[12]
2,talk,87,6,8,Skip
2,talk,88,6,3,Over
2,talk,89,6,5,Over
2,talk,90,6,12,Over
2,talk,91,7,11,ESTIMATE Agent[04] VILLAGER
2,talk,92,7,12,Over
2,talk,93,7,10,Over
2,talk,94,7,8,Over
2,talk,95,7,15,Over
2,talk,96,7,7,Over
2,talk,97,7,4,Over
2,talk,98,7,5,Over
2,talk,99,7,14,Over
2,talk,100,7,1,ESTIMATE Agent[14] WEREWOLF
2,talk,101,7,3,Over
2,talk,102,7,9,Over
2,talk,103,7,2,Over
2,talk,104,8,14,Over
2,talk,105,8,12,Over
2,talk,106,8,4,Over
2,talk,107,8,1,GUARD Agent[12]
2,talk,108,8,11,ESTIMATE Agent[07] WEREWOLF
2,talk,109,8,8,Over
2,talk,110,8,7,Over
2,talk,111,8,3,Over
2,talk,112,8,5,Over
2,talk,113,8,2,Over
2,talk,114,8,15,Over
2,talk,115,8,9,Over
2,talk,116,8,10,Over
2,talk,117,9,11,Over
2,talk,118,9,1,Agent[03] DIVINED Agent[02] ANY
2,talk,119,9,2,Over
2,talk,120,9,12,Over
2,talk,121,9,10,Over
2,talk,122,9,5,Over
2,talk,123,9,9,Over
2,talk,124,9,3,Over
2,talk,125,9,15,Over
2,talk,126,9,4,Over
2,talk,127,9,14,Over
2,talk,128,9,8,Over
2,talk,129,9,7,Over
2,talk,130,10,5,Over
2,talk,131,10,2,Over
2,talk,132,10,7,Over
2,talk,133,10,3,Over
2,talk,134,10,12,Over
2,talk,135,10,9,Over
2,talk,136,10,15,Over
2,talk,137,10,14,Over
2,talk,138,10,8,Over
2,talk,139,10,1,DIVINATION Agent[12]
2,talk,140,10,11,Over
2,talk,141,10,4,Over
2,talk,142,10,10,Over
2,talk,143,11,10,Over
2,talk,144,11,9,Over
2,talk,145,11,1,Over
2,talk,146,11,11,Over
2,talk,147,11,14,Over
2,talk,148,11,8,Over
2,talk,149,11,5,Over
2,talk,150,11,12,Over
2,talk,151,11,15,Over
2,talk,152,11,3,Over
2,talk,153,11,4,Over
2,talk,154,11,2,Over
2,talk,155,11,7,Over
2,vote,1,9
2,vote,2,7
2,vote,3,14
2,vote,4,7
2,vote,5,8
2,vote,7,8
2,vote,8,14
2,vote,9,15
2,vote,10,7
2,vote,11,7
2,vote,12,7
2,vote,14,7
2,vote,15,5
2,execute,7,WEREWOLF
2,divine,3,5,WEREWOLF
2,whisper,0,0,5,BECAUSE (Agent[03] COMINGOUT Agent[03] SEER) (ATTACK Agent[03])
2,whisper,1,0,11,Over
2,whisper,2,1,11,Over
2,whisper,3,1,5,Skip
2,whisper,4,2,11,ATTACK Agent[12]
2,whisper,5,2,5,Skip
2,whisper,6,3,5,Over
2,whisper,7,3,11,Over
2,guard,14,2,VILLAGER
2,attackVote,5,3
2,attackVote,11,12
2,attackVote,5,3
2,attackVote,11,12
2,attack,3,true
3,status,1,VILLAGER,ALIVE,kenzi
3,status,2,VILLAGER,ALIVE,hello_wolf
3,status,3,SEER,DEAD,Dummy_01
3,status,4,VILLAGER,ALIVE,Tomato
3,status,5,WEREWOLF,ALIVE,Dummy_03
3,status,6,MEDIUM,DEAD,Udon
3,status,7,WEREWOLF,DEAD,Dummy_02
3,status,8,VILLAGER,ALIVE,fisherman
3,status,9,POSSESSED,ALIVE,takeda
3,status,10,VILLAGER,ALIVE,GO1DeNO
3,status,11,WEREWOLF,ALIVE,wasabi
3,status,12,VILLAGER,ALIVE,fanfan
3,status,13,VILLAGER,DEAD,calups
3,status,14,BODYGUARD,ALIVE,sonoda
3,status,15,VILLAGER,ALIVE,cantar
3,talk,0,0,4,VOTE Agent[12]
3,talk,1,0,10,VOTE Agent[12]
3,talk,2,0,1,VOTED Agent[10]
3,talk,3,0,14,VOTE Agent[09]
3,talk,4,0,2,VOTE Agent[05]
3,talk,5,0,15,ESTIMATE Agent[05] WEREWOLF
3,talk,6,0,11,Skip
3,talk,7,0,12,VOTE Agent[10]
3,talk,8,0,8,ESTIMATE Agent[14] WEREWOLF
3,talk,9,0,9,DIVINED Agent[15] WEREWOLF
3,talk,10,0,5,Skip
3,talk,11,1,9,VOTE Agent[15]
3,talk,12,1,4,VOTE Agent[05]
3,talk,13,1,12,VOTE Agent[05]
3,talk,14,1,14,Skip
3,talk,15,1,8,ESTIMATE Agent[10] WEREWOLF
3,talk,16,1,10,Skip
3,talk,17,1,5,Skip
3,talk,18,1,15,VOTE Agent[05]
3,talk,19,1,2,VOTE Agent[12]
3,talk,20,1,1,GUARD Agent[02]
3,talk,21,1,11,Skip
3,talk,22,2,5,AND (VOTE Agent[14]) (REQUEST ANY (VOTE Agent[14]))
3,talk,23,2,11,Over
3,talk,24,2,9,Skip
3,talk,25,2,4,Skip
3,talk,26,2,8,ESTIMATE Agent[01] WEREWOLF
3,talk,27,2,10,Skip
3,talk,28,2,12,VOTE Agent[15]
3,talk,29,2,1,DIVINATION Agent[04]
3,talk,30,2,2,VOTE Agent[05]
3,talk,31,2,15,Skip
3,talk,32,2,14,Skip
3,talk,33,3,1,COMINGOUT Agent[04] POSSESSED
3,talk,34,3,14,Over
3,talk,35,3,9,Skip
3,talk,36,3,15,Skip
3,talk,37,3,8,VOTE Agent[15]
3,talk,38,3,4,Skip
3,talk,39,3,11,VOTE Agent[15]
3,talk,40,3,12,VOTE Agent[05]
3,talk,41,3,5,Skip
3,talk,42,3,2,Skip
3,talk,43,3,10,VOTE Agent[15]
3,talk,44,4,11,VOTE Agent[01]
3,talk,45,4,12,VOTE Agent[15]
3,talk,46,4,9,Over
3,talk,47,4,5,Skip
3,talk,48,4,8,Skip
3,talk,49,4,15,Over
3,talk,50,4,1,Skip
3,talk,51,4,4,Over
3,talk,52,4,14,Over
3,talk,53,4,10,Skip
3,talk,54,4,2,Skip
3,talk,55,5,2,VOTE Agent[15]
3,talk,56,5,1,ATTACK Agent[11]
3,talk,57,5,14,Over
3,talk,58,5,4,VOTE Agent[15]
3,talk,59,5,9,Over
3,talk,60,5,10,Skip
3,talk,61,5,15,Over
3,talk,62,5,8,Skip
3,talk,63,5,11,ESTIMATE Agent[01] WEREWOLF
3,talk,64,5,12,Skip
3,talk,65,5,5,Over
3,talk,66,6,2,Skip
3,talk,67,6,14,Over
3,talk,68,6,4,Skip
3,talk,69,6,8,Over
3,talk,70,6,12,Skip
3,talk,71,6,1,ATTACKED Agent[05]
3,talk,72,6,5,Over
3,talk,73,6,9,Over
3,talk,74,6,15,Over
3,talk,75,6,11,ESTIMATE Agent[12] VILLAGER
3,talk,76,6,10,Over
3,talk,77,7,10,Over
3,talk,78,7,1,GUARDED Agent[11]
3,talk,79,7,2,Skip
3,talk,80,7,5,Over
3,talk,81,7,11,ESTIMATE Agent[15] WEREWOLF
3,talk,82,7,12,Over
3,talk,83,7,4,Skip
3,talk,84,7,15,Over
3,talk,85,7,9,Over
3,talk,86,7,14,Over
3,talk,87,7,8,Over
3,talk,88,8,10,Over
3,talk,89,8,5,Over
3,talk,90,8,1,VOTED Agent[02]
3,talk,91,8,14,Over
3,talk,92,8,11,ESTIMATE Agent[01] WEREWOLF
3,talk,93,8,9,Over
3,talk,94,8,4,Over
3,talk,95,8,8,Over
3,talk,96,8,2,Over
3,talk,97,8,12,Over
3,talk,98,8,15,Over
3,talk,99,9,11,Over
3,talk,100,9,12,Over
3,talk,101,9,14,Over
3,talk,102,9,8,Over
3,talk,103,9,2,Over
3,talk,104,9,1,Agent[09] DIVINED Agent[08] WEREWOLF
3,talk,105,9,15,Over
3,talk,106,9,9,Over
3,talk,107,9,5,Over
3,talk,108,9,4,Over
3,talk,109,9,10,Over
3,talk,110,10,9,Over
3,talk,111,10,1,GUARDED Agent[12]
3,talk,112,10,5,Over
3,talk,113,10,2,Over
3,talk,114,10,14,Over
3,talk,115,10,12,Over
3,talk,116,10,15,Over
3,talk,117,10,11,Over
3,talk,118,10,4,Over
3,talk,119,10,8,Over
3,talk,120,10,10,Over
3,talk,121,11,14,Over
3,talk,122,11,4,Over
3,talk,123,11,12,Over
3,talk,124,11,15,Over
3,talk,125,11,5,Over
3,talk,126,11,2,Over
3,talk,127,11,9,Over
3,talk,128,11,10,Over
3,talk,129,11,8,Over
3,talk,130,11,1,Over
3,talk,131,11,11,Over
3,vote,1,8
3,vote,2,15
3,vote,4,15
3,vote,5,14
3,vote,8,15
3,vote,9,15
3,vote,10,15
3,vote,11,1
3,vote,12,15
3,vote,14,9
3,vote,15,5
3,execute,15,VILLAGER
3,whisper,0,0,11,Over
3,whisper,1,0,5,ATTACK Agent[02]
3,whisper,2,1,11,Over
3,whisper,3,1,5,Skip
3,whisper,4,2,5,Skip
3,whisper,5,2,11,ATTACK Agent[02]
3,whisper,6,3,11,Over
3,whisper,7,3,5,Over
3,attackVote,5,2
3,attackVote,11,2
3,attack,2,true
4,status,1,VILLAGER,ALIVE,kenzi
4,status,2,VILLAGER,DEAD,hello_wolf
4,status,3,SEER,DEAD,Dummy_01
4,status,4,VILLAGER,ALIVE,Tomato
4,status,5,WEREWOLF,ALIVE,Dummy_03
4,status,6,MEDIUM,DEAD,Udon
4,status,7,WEREWOLF,DEAD,Dummy_02
4,status,8,VILLAGER,ALIVE,fisherman
4,status,9,POSSESSED,ALIVE,takeda
4,status,10,VILLAGER,ALIVE,GO1DeNO
4,status,11,WEREWOLF,ALIVE,wasabi
4,status,12,VILLAGER,ALIVE,fanfan
4,status,13,VILLAGER,DEAD,calups
4,status,14,BODYGUARD,ALIVE,sonoda
4,status,15,VILLAGER,DEAD,cantar
4,talk,0,0,4,VOTE Agent[11]
4,talk,1,0,10,VOTE Agent[12]
4,talk,2,0,12,VOTE Agent[05]
4,talk,3,0,14,VOTE Agent[09]
4,talk,4,0,9,DIVINED Agent[04] WEREWOLF
4,talk,5,0,5,Skip
4,talk,6,0,11,ESTIMATE Agent[04] VILLAGER
4,talk,7,0,1,VOTED Agent[09]
4,talk,8,0,8,ESTIMATE Agent[12] WEREWOLF
4,talk,9,1,4,VOTE Agent[05]
4,talk,10,1,9,VOTE Agent[04]
4,talk,11,1,14,Skip
4,talk,12,1,8,ESTIMATE Agent[01] WEREWOLF
4,talk,13,1,10,VOTE Agent[05]
4,talk,14,1,11,ESTIMATE Agent[08] VILLAGER
4,talk,15,1,5,Skip
4,talk,16,1,12,VOTE Agent[04]
4,talk,17,1,1,DISAGREE TALK day4 ID:0
4,talk,18,2,1,Agent[08] DIVINED Agent[05] ANY
4,talk,19,2,11,ESTIMATE Agent[12] VILLAGER
4,talk,20,2,9,Skip
4,talk,21,2,4,VOTE Agent[04]
4,talk,22,2,10,Skip
4,talk,23,2,14,Skip
4,talk,24,2,12,Skip
4,talk,25,2,8,ESTIMATE Agent[11] WEREWOLF
4,talk,26,2,5,AND (VOTE Agent[01]) (REQUEST ANY (VOTE Agent[01]))
4,talk,27,3,12,VOTE Agent[05]
4,talk,28,3,4,Skip
4,talk,29,3,14,Over
4,talk,30,3,1,ATTACK Agent[10]
4,talk,31,3,10,VOTE Agent[04]
4,talk,32,3,8,VOTE Agent[04]
4,talk,33,3,11,VOTE Agent[09]
4,talk,34,3,5,AND (VOTE Agent[08]) (REQUEST ANY (VOTE Agent[08]))
4,talk,35,3,9,Skip
4,talk,36,4,9,Over
4,talk,37,4,12,VOTE Agent[04]
4,talk,38,4,1,COMINGOUT Agent[05] BODYGUARD
4,talk,39,4,5,Skip
4,talk,40,4,11,VOTE Agent[01]
4,talk,41,4,4,Skip
4,talk,42,4,10,Skip
4,talk,43,4,14,Over
4,talk,44,4,8,Skip
4,talk,45,5,11,Skip
4,talk,46,5,1,ATTACK Agent[10]
4,talk,47,5,9,Over
4,talk,48,5,4,Over
4,talk,49,5,8,Skip
4,talk,50,5,14,Over
4,talk,51,5,5,Skip
4,talk,52,5,12,Skip
4,talk,53,5,10,Skip
4,talk,54,6,4,Over
4,talk,55,6,12,Skip
4,talk,56,6,9,Over
4,talk,57,6,8,Over
4,talk,58,6,14,Over
4,talk,59,6,11,ESTIMATE Agent[10] WEREWOLF
4,talk,60,6,5,Over
4,talk,61,6,10,Over
4,talk,62,6,1,VOTE Agent[09]
4,talk,63,7,14,Over
4,talk,64,7,8,Over
4,talk,65,7,12,Over
4,talk,66,7,10,Over
4,talk,67,7,11,ESTIMATE Agent[08] VILLAGER
4,talk,68,7,1,DISAGREE TALK day4 ID:39
4,talk,69,7,5,Over
4,talk,70,7,4,Over
4,talk,71,7,9,Over
4,talk,72,8,12,Over
4,talk,73,8,9,Over
4,talk,74,8,4,Over
4,talk,75,8,14,Over
4,talk,76,8,1,Over
4,talk,77,8,8,Over
4,talk,78,8,11,ESTIMATE Agent[12] VILLAGER
4,talk,79,8,10,Over
4,talk,80,8,5,Over
4,talk,81,9,12,Over
4,talk,82,9,14,Over
4,talk,83,9,9,Over
4,talk,84,9,5,Over
4,talk,85,9,1,GUARDED Agent[04]
4,talk,86,9,4,Over
4,talk,87,9,8,Over
4,talk,88,9,11,Over
4,talk,89,9,10,Over
4,talk,90,10,12,Over
4,talk,91,10,14,Over
4,talk,92,10,5,Over
4,talk,93,10,11,Over
4,talk,94,10,8,Over
4,talk,95,10,4,Over
4,talk,96,10,10,Over
4,talk,97,10,9,Over
4,talk,98,10,1,AGREE TALK day4 ID:74
4,talk,99,11,8,Over
4,talk,100,11,12,Over
4,talk,101,11,4,Over
4,talk,102,11,1,Over
4,talk,103,11,5,Over
4,talk,104,11,9,Over
4,talk,105,11,14,Over
4,talk,106,11,10,Over
4,talk,107,11,11,Over
4,vote,1,4
4,vote,4,11
4,vote,5,8
4,vote,8,4
4,vote,9,4
4,vote,10,4
4,vote,11,1
4,vote,12,4
4,vote,14,9
4,execute,4,VILLAGER
4,whisper,0,0,11,ATTACK Agent[12]
4,whisper,1,0,5,ATTACK Agent[10]
4,whisper,2,1,11,Over
4,whisper,3,1,5,Skip
4,whisper,4,2,5,Skip
4,whisper,5,2,11,VOTE Agent[09]
4,whisper,6,3,5,Over
4,whisper,7,3,11,VOTE Agent[01]
4,whisper,8,4,11,Over
4,whisper,9,4,5,Over
4,attackVote,5,10
4,attackVote,11,12
4,attackVote,5,10
4,attackVote,11,12
4,attack,10,true
5,status,1,VILLAGER,ALIVE,kenzi
5,status,2,VILLAGER,DEAD,hello_wolf
5,status,3,SEER,DEAD,Dummy_01
5,status,4,VILLAGER,DEAD,Tomato
5,status,5,WEREWOLF,ALIVE,Dummy_03
5,status,6,MEDIUM,DEAD,Udon
5,status,7,WEREWOLF,DEAD,Dummy_02
5,status,8,VILLAGER,ALIVE,fisherman
5,status,9,POSSESSED,ALIVE,takeda
5,status,10,VILLAGER,DEAD,GO1DeNO
5,status,11,WEREWOLF,ALIVE,wasabi
5,status,12,VILLAGER,ALIVE,fanfan
5,status,13,VILLAGER,DEAD,calups
5,status,14,BODYGUARD,ALIVE,sonoda
5,status,15,VILLAGER,DEAD,cantar
5,talk,0,0,9,DIVINED Agent[12] WEREWOLF
5,talk,1,0,14,VOTE Agent[09]
5,talk,2,0,5,Skip
5,talk,3,0,11,ESTIMATE Agent[09] WEREWOLF
5,talk,4,0,8,ESTIMATE Agent[04] WEREWOLF
5,talk,5,0,1,VOTED Agent[09]
5,talk,6,0,12,VOTE Agent[05]
5,talk,7,1,12,Skip
5,talk,8,1,5,Skip
5,talk,9,1,8,ESTIMATE Agent[12] WEREWOLF
5,talk,10,1,1,VOTE Agent[11]
5,talk,11,1,9,VOTE Agent[12]
5,talk,12,1,11,ESTIMATE Agent[09] WEREWOLF
5,talk,13,1,14,VOTE Agent[05]
5,talk,14,2,12,Skip
5,talk,15,2,9,Skip
5,talk,16,2,8,ESTIMATE Agent[14] WEREWOLF
5,talk,17,2,14,Skip
5,talk,18,2,5,AND (VOTE Agent[08]) (REQUEST ANY (VOTE Agent[08]))
5,talk,19,2,1,Skip
5,talk,20,2,11,Skip
5,talk,21,3,12,Over
5,talk,22,3,8,VOTE Agent[12]
5,talk,23,3,1,Agent[14] DIVINED Agent[09] HUMAN
5,talk,24,3,5,Skip
5,talk,25,3,11,VOTE Agent[01]
5,talk,26,3,9,Skip
5,talk,27,3,14,Skip
5,talk,28,4,5,Skip
5,talk,29,4,14,Over
5,talk,30,4,9,Over
5,talk,31,4,8,Skip
5,talk,32,4,12,Over
5,talk,33,4,1,ATTACK Agent[09]
5,talk,34,4,11,ESTIMATE Agent[08] VILLAGER
5,talk,35,5,14,Over
5,talk,36,5,5,Over
5,talk,37,5,12,Over
5,talk,38,5,11,VOTE Agent[09]
5,talk,39,5,9,Over
5,talk,40,5,1,DIVINATION Agent[11]
5,talk,41,5,8,Skip
5,talk,42,6,5,Over
5,talk,43,6,11,ESTIMATE Agent[08] VILLAGER
5,talk,44,6,9,Over
5,talk,45,6,8,Over
5,talk,46,6,1,VOTE Agent[12]
5,talk,47,6,12,Over
5,talk,48,6,14,Over
5,talk,49,7,1,GUARDED Agent[14]
5,talk,50,7,14,Over
5,talk,51,7,9,Over
5,talk,52,7,11,ESTIMATE Agent[12] VILLAGER
5,talk,53,7,12,Over
5,talk,54,7,8,Over
5,talk,55,7,5,Over
5,talk,56,8,5,Over
5,talk,57,8,9,Over
5,talk,58,8,11,VOTE Agent[01]
5,talk,59,8,1,VOTED Agent[09]
5,talk,60,8,12,Over
5,talk,61,8,14,Over
5,talk,62,8,8,Over
5,talk,63,9,8,Over
5,talk,64,9,11,Over
5,talk,65,9,1,IDENTIFIED Agent[09] WEREWOLF
5,talk,66,9,12,Over
5,talk,67,9,9,Over
5,talk,68,9,14,Over
5,talk,69,9,5,Over
5,talk,70,10,11,Over
5,talk,71,10,1,ATTACK Agent[09]
5,talk,72,10,9,Over
5,talk,73,10,14,VOTE Agent[09]
5,talk,74,10,5,Over
5,talk,75,10,8,Over
5,talk,76,10,12,Over
5,talk,77,11,1,Over
5,talk,78,11,5,Over
5,talk,79,11,12,Over
5,talk,80,11,9,Over
5,talk,81,11,14,Over
5,talk,82,11,11,Over
5,talk,83,11,8,Over
5,vote,1,12
5,vote,5,8
5,vote,8,12
5,vote,9,12
5,vote,11,1
5,vote,12,5
5,vote,14,9
5,execute,12,VILLAGER
5,whisper,0,0,11,ATTACK Agent[08]
5,whisper,1,0,5,BECAUSE (AND (NOT (COMINGOUT Agent[01] WEREWOLF)) (NOT (COMINGOUT Agent[09] WEREWOLF)) (DAY 5 (Agent[01] IDENTIFIED Agent[09] WEREWOLF))) (ESTIMATE Agent[01] POSSESSED)
5,whisper,2,1,11,ESTIMATE Agent[07] POSSESSED
5,whisper,3,1,5,ATTACK Agent[08]
5,whisper,4,2,11,Over
5,whisper,5,2,5,Skip
5,whisper,6,3,11,Over
5,whisper,7,3,5,Skip
5,whisper,8,4,11,Over
5,whisper,9,4,5,Over
5,attackVote,5,8
5,attackVote,11,8
5,attack,8,true
6,status,1,VILLAGER,ALIVE,kenzi
6,status,2,VILLAGER,DEAD,hello_wolf
6,status,3,SEER,DEAD,Dummy_01
6,status,4,VILLAGER,DEAD,Tomato
6,status,5,WEREWOLF,ALIVE,Dummy_03
6,status,6,MEDIUM,DEAD,Udon
6,status,7,WEREWOLF,DEAD,Dummy_02
6,status,8,VILLAGER,DEAD,fisherman
6,status,9,POSSESSED,ALIVE,takeda
6,status,10,VILLAGER,DEAD,GO1DeNO
6,status,11,WEREWOLF,ALIVE,wasabi
6,status,12,VILLAGER,DEAD,fanfan
6,status,13,VILLAGER,DEAD,calups
6,status,14,BODYGUARD,ALIVE,sonoda
6,status,15,VILLAGER,DEAD,cantar
6,talk,0,0,9,DIVINED Agent[11] WEREWOLF
6,talk,1,0,14,VOTE Agent[05]
6,talk,2,0,5,BECAUSE (AND (NOT (COMINGOUT Agent[09] WEREWOLF)) (NOT (COMINGOUT Agent[13] WEREWOLF)) (DAY 1 (Agent[09] DIVINED Agent[13] WEREWOLF))) (ESTIMATE Agent[09] POSSESSED)
6,talk,3,0,11,ESTIMATE Agent[05] VILLAGER
6,talk,4,0,1,VOTED Agent[11]
6,talk,5,1,9,VOTE Agent[11]
6,talk,6,1,11,ESTIMATE Agent[14] VILLAGER
6,talk,7,1,5,Skip
6,talk,8,1,1,DISAGREE TALK day6 ID:2
6,talk,9,1,14,Skip
6,talk,10,2,11,ESTIMATE Agent[14] VILLAGER
6,talk,11,2,14,Skip
6,talk,12,2,5,BECAUSE (ESTIMATE Agent[09] POSSESSED) (AND (VOTE Agent[09]) (REQUEST ANY (VOTE Agent[09])))
6,talk,13,2,9,Skip
6,talk,14,2,1,COMINGOUT Agent[11] BODYGUARD
6,talk,15,3,11,VOTE Agent[05]
6,talk,16,3,5,Skip
6,talk,17,3,1,Skip
6,talk,18,3,14,Over
6,talk,19,3,9,Skip
6,talk,20,4,9,Over
6,talk,21,4,11,VOTE Agent[09]
6,talk,22,4,5,Skip
6,talk,23,4,14,Over
6,talk,24,4,1,AGREE TALK day6 ID:8
6,talk,25,5,9,Over
6,talk,26,5,11,VOTE Agent[05]
6,talk,27,5,5,Over
6,talk,28,5,14,Over
6,talk,29,5,1,Skip
6,talk,30,6,1,VOTED Agent[11]
6,talk,31,6,5,Over
6,talk,32,6,11,ESTIMATE Agent[14] VILLAGER
6,talk,33,6,14,Over
6,talk,34,6,9,Over
6,talk,35,7,1,DISAGREE TALK day6 ID:5
6,talk,36,7,5,Over
6,talk,37,7,9,Over
6,talk,38,7,14,Over
6,talk,39,7,11,VOTE Agent[09]
6,talk,40,8,11,ESTIMATE Agent[05] WEREWOLF
6,talk,41,8,1,VOTED Agent[14]
6,talk,42,8,9,Over
6,talk,43,8,5,Over
6,talk,44,8,14,Over
6,talk,45,9,1,Skip
6,talk,46,9,11,Over
6,talk,47,9,9,Over
6,talk,48,9,5,Over
6,talk,49,9,14,Over
6,talk,50,10,9,Over
6,talk,51,10,5,Over
6,talk,52,10,1,DISAGREE TALK day6 ID:40
6,talk,53,10,14,Over
6,talk,54,10,11,Over
6,talk,55,11,9,Over
6,talk,56,11,11,Over
6,talk,57,11,5,Over
6,talk,58,11,14,Over
6,talk,59,11,1,VOTED Agent[11]
6,talk,60,12,9,Over
6,talk,61,12,5,Over
6,talk,62,12,14,Over
6,talk,63,12,1,Skip
6,talk,64,12,11,Over
6,talk,65,13,14,Over
6,talk,66,13,1,Skip
6,talk,67,13,5,Over
6,talk,68,13,11,Over
6,talk,69,13,9,Over
6,talk,70,14,14,Over
6,talk,71,14,9,Over
6,talk,72,14,1,Over
6,talk,73,14,11,Over
6,talk,74,14,5,Over
6,vote,1,5
6,vote,5,9
6,vote,9,11
6,vote,11,9
6,vote,14,5
6,vote,1,14
6,vote,5,9
6,vote,9,11
6,vote,11,5
6,vote,14,5
6,execute,5,WEREWOLF
6,attackVote,11,14
6,attack,14,true
7,status,1,VILLAGER,ALIVE,kenzi
7,status,2,VILLAGER,DEAD,hello_wolf
7,status,3,SEER,DEAD,Dummy_01
7,status,4,VILLAGER,DEAD,Tomato
7,status,5,WEREWOLF,DEAD,Dummy_03
7,status,6,MEDIUM,DEAD,Udon
7,status,7,WEREWOLF,DEAD,Dummy_02
7,status,8,VILLAGER,DEAD,fisherman
7,status,9,POSSESSED,ALIVE,takeda
7,status,10,VILLAGER,DEAD,GO1DeNO
7,status,11,WEREWOLF,ALIVE,wasabi
7,status,12,VILLAGER,DEAD,fanfan
7,status,13,VILLAGER,DEAD,calups
7,status,14,BODYGUARD,DEAD,sonoda
7,status,15,VILLAGER,DEAD,cantar
7,talk,0,0,1,VOTED Agent[09]
7,talk,1,0,9,DIVINED Agent[01] WEREWOLF
7,talk,2,0,11,Skip
7,talk,3,1,9,COMINGOUT Agent[09] WEREWOLF
7,talk,4,1,1,Over
7,talk,5,1,11,ESTIMATE Agent[09] WEREWOLF
7,talk,6,2,11,Skip
7,talk,7,2,9,VOTE Agent[01]
7,talk,8,2,1,VOTED Agent[11]
7,talk,9,3,11,VOTE Agent[01]
7,talk,10,3,9,Skip
7,talk,11,3,1,DISAGREE TALK day7 ID:3
7,talk,12,4,1,DIVINATION Agent[11]
7,talk,13,4,9,Skip
7,talk,14,4,11,Skip
7,talk,15,5,11,Skip
7,talk,16,5,1,ATTACK Agent[09]
7,talk,17,5,9,Over
7,talk,18,6,11,ESTIMATE Agent[09] WEREWOLF
7,talk,19,6,9,Over
7,talk,20,6,1,GUARDED Agent[11]
7,talk,21,7,11,Skip
7,talk,22,7,1,Skip
7,talk,23,7,9,Over
7,talk,24,8,9,Over
7,talk,25,8,1,Agent[09] DIVINED Agent[11] WEREWOLF
7,talk,26,8,11,Skip
7,talk,27,9,1,ESTIMATE Agent[09] VILLAGER
7,talk,28,9,9,Over
7,talk,29,9,11,Over
7,talk,30,10,9,Over
7,talk,31,10,1,ATTACK Agent[09]
7,talk,32,10,11,Over
7,talk,33,11,9,Over
7,talk,34,11,11,Over
7,talk,35,11,1,VOTE Agent[09]
7,talk,36,12,11,Over
7,talk,37,12,9,Over
7,talk,38,12,1,Over
7,vote,1,9
7,vote,9,11
7,vote,11,1
7,vote,1,11
7,vote,9,11
7,vote,11,9
7,execute,11,WEREWOLF
8,status,1,VILLAGER,ALIVE,kenzi
8,status,2,VILLAGER,DEAD,hello_wolf
8,status,3,SEER,DEAD,Dummy_01
8,status,4,VILLAGER,DEAD,Tomato
8,status,5,WEREWOLF,DEAD,Dummy_03
8,status,6,MEDIUM,DEAD,Udon
8,status,7,WEREWOLF,DEAD,Dummy_02
8,status,8,VILLAGER,DEAD,fisherman
8,status,9,POSSESSED,ALIVE,takeda
8,status,10,VILLAGER,DEAD,GO1DeNO
8,status,11,WEREWOLF,DEAD,wasabi
8,status,12,VILLAGER,DEAD,fanfan
8,status,13,VILLAGER,DEAD,calups
8,status,14,BODYGUARD,DEAD,sonoda
8,status,15,VILLAGER,DEAD,cantar
8,result,2,0,VILLAGER
