0,status,1,VILLAGER,ALIVE,kenzi
0,status,2,VILLAGER,ALIVE,hello_wolf
0,status,3,VILLAGER,ALIVE,Dummy_01
0,status,4,VILLAGER,ALIVE,Tomato
0,status,5,WEREWOLF,ALIVE,Dummy_03
0,status,6,VILLAGER,ALIVE,Udon
0,status,7,POSSESSED,ALIVE,Dummy_02
0,status,8,MEDIUM,ALIVE,fisherman
0,status,9,WEREWOLF,ALIVE,takeda
0,status,10,SEER,ALIVE,GO1DeNO
0,status,11,VILLAGER,ALIVE,wasabi
0,status,12,VILLAGER,ALIVE,fanfan
0,status,13,VILLAGER,ALIVE,calups
0,status,14,WEREWOLF,ALIVE,sonoda
0,status,15,BODYGUARD,ALIVE,cantar
0,whisper,0,0,14,Skip
0,whisper,1,0,9,Skip
0,whisper,2,0,5,COMINGOUT Agent[05] MEDIUM
0,whisper,3,1,5,Skip
0,whisper,4,1,9,Skip
0,whisper,5,1,14,Skip
0,whisper,6,2,5,Skip
0,whisper,7,2,9,Over
0,whisper,8,2,14,Over
0,whisper,9,3,14,Over
0,whisper,10,3,9,Over
0,whisper,11,3,5,Over
0,divine,10,6,HUMAN
1,status,1,VILLAGER,ALIVE,kenzi
1,status,2,VILLAGER,ALIVE,hello_wolf
1,status,3,VILLAGER,ALIVE,Dummy_01
1,status,4,VILLAGER,ALIVE,Tomato
1,status,5,WEREWOLF,ALIVE,Dummy_03
1,status,6,VILLAGER,ALIVE,Udon
1,status,7,POSSESSED,ALIVE,Dummy_02
1,status,8,MEDIUM,ALIVE,fisherman
1,status,9,WEREWOLF,ALIVE,takeda
1,status,10,SEER,ALIVE,GO1DeNO
1,status,11,VILLAGER,ALIVE,wasabi
1,status,12,VILLAGER,ALIVE,fanfan
1,status,13,VILLAGER,ALIVE,calups
1,status,14,WEREWOLF,ALIVE,sonoda
1,status,15,BODYGUARD,ALIVE,cantar
1,talk,0,0,7,Skip
1,talk,1,0,8,COMINGOUT Agent[08] MEDIUM
1,talk,2,0,14,VOTE Agent[01]
1,talk,3,0,11,ESTIMATE Agent[06] WEREWOLF
1,talk,4,0,15,ESTIMATE Agent[01] WEREWOLF
1,talk,5,0,4,VOTE Agent[02]
1,talk,6,0,6,VOTE Agent[14]
1,talk,7,0,5,Skip
1,talk,8,0,9,VOTE Agent[03]
1,talk,9,0,12,VOTE Agent[06]
1,talk,10,0,2,VOTE Agent[06]
1,talk,11,0,1,VOTED Agent[03]
1,talk,12,0,3,Skip
1,talk,13,0,13,Skip
1,talk,14,0,10,COMINGOUT Agent[10] SEER
1,talk,15,1,14,Skip
1,talk,16,1,15,VOTE Agent[01]
1,talk,17,1,9,Skip
1,talk,18,1,1,VOTED Agent[08]
1,talk,19,1,7,COMINGOUT Agent[07] SEER
1,talk,20,1,13,Skip
1,talk,21,1,2,VOTE Agent[01]
1,talk,22,1,6,Over
1,talk,23,1,8,ESTIMATE Agent[15] WEREWOLF
1,talk,24,1,5,COMINGOUT Agent[05] MEDIUM
1,talk,25,1,10,DIVINED Agent[06] HUMAN
1,talk,26,1,4,VOTE Agent[06]
1,talk,27,1,11,ESTIMATE Agent[12] WEREWOLF
1,talk,28,1,12,VOTE Agent[09]
1,talk,29,1,3,Skip
1,talk,30,2,6,VOTE Agent[05]
1,talk,31,2,8,ESTIMATE Agent[11] WEREWOLF
1,talk,32,2,9,VOTE Agent[11]
1,talk,33,2,3,AND (VOTE Agent[05]) (REQUEST ANY (VOTE Agent[05]))
1,talk,34,2,10,VOTE Agent[08]
1,talk,35,2,14,VOTE Agent[10]
1,talk,36,2,12,VOTE Agent[08]
1,talk,37,2,1,GUARDED Agent[08]
1,talk,38,2,2,Skip
1,talk,39,2,4,VOTE Agent[01]
1,talk,40,2,11,ESTIMATE Agent[09] VILLAGER
1,talk,41,2,5,BECAUSE (AND (COMINGOUT Agent[05] MEDIUM) (Agent[08] COMINGOUT Agent[08] MEDIUM)) (XOR (ESTIMATE Agent[08] WEREWOLF) (ESTIMATE Agent[08] POSSESSED))
1,talk,42,2,7,DAY 1 (DIVINED Agent[10] WEREWOLF)
1,talk,43,2,15,Skip
1,talk,44,2,13,Over
1,talk,45,3,4,Skip
1,talk,46,3,15,Skip
1,talk,47,3,8,ESTIMATE Agent[06] WEREWOLF
1,talk,48,3,7,BECAUSE (DAY 1 (DIVINED Agent[10] WEREWOLF)) (REQUEST ANY (VOTE Agent[10]))
1,talk,49,3,6,VOTE Agent[10]
1,talk,50,3,14,Skip
1,talk,51,3,13,Over
1,talk,52,3,2,VOTE Agent[05]
1,talk,53,3,11,VOTE Agent[05]
1,talk,54,3,5,BECAUSE (XOR (ESTIMATE Agent[08] WEREWOLF) (ESTIMATE Agent[08] POSSESSED)) (AND (VOTE Agent[08]) (REQUEST ANY (VOTE Agent[08])))
1,talk,55,3,10,Skip
1,talk,56,3,1,ATTACK Agent[11]
1,talk,57,3,9,VOTE Agent[04]
1,talk,58,3,12,VOTE Agent[01]
1,talk,59,3,3,Skip
1,talk,60,4,8,VOTE Agent[15]
1,talk,61,4,2,VOTE Agent[01]
1,talk,62,4,1,Skip
1,talk,63,4,5,Skip
1,talk,64,4,12,VOTE Agent[08]
1,talk,65,4,7,BECAUSE (DAY 1 (DIVINED Agent[10] WEREWOLF)) (AND (VOTE Agent[10]) (REQUEST ANY (VOTE Agent[10])))
1,talk,66,4,4,Skip
1,talk,67,4,13,Over
1,talk,68,4,9,VOTE Agent[01]
1,talk,69,4,6,Over
1,talk,70,4,11,Skip
1,talk,71,4,10,VOTE Agent[01]
1,talk,72,4,3,AND (VOTE Agent[08]) (REQUEST ANY (VOTE Agent[08]))
1,talk,73,4,14,Skip
1,talk,74,4,15,Over
1,talk,75,5,3,Skip
1,talk,76,5,10,VOTE Agent[08]
1,talk,77,5,5,Skip
1,talk,78,5,12,VOTE Agent[01]
1,talk,79,5,9,Skip
1,talk,80,5,11,ESTIMATE Agent[02] VILLAGER
1,talk,81,5,14,Over
1,talk,82,5,4,Over
1,talk,83,5,7,Skip
1,talk,84,5,2,Skip
1,talk,85,5,13,OR (VOTE Agent[01]) (VOTE Agent[02]) (VOTE Agent[03]) (VOTE Agent[04]) (VOTE Agent[09]) (VOTE Agent[11]) (VOTE Agent[12]) (VOTE Agent[14]) 
1,talk,86,5,8,Skip
1,talk,87,5,15,Over
1,talk,88,5,6,Over
1,talk,89,5,1,Over
1,talk,90,6,13,Over
1,talk,91,6,1,Skip
1,talk,92,6,5,Over
1,talk,93,6,12,VOTE Agent[08]
1,talk,94,6,9,Skip
1,talk,95,6,10,Skip
1,talk,96,6,7,Skip
1,talk,97,6,3,Skip
1,talk,98,6,11,Skip
1,talk,99,6,4,Over
1,talk,100,6,15,Over
1,talk,101,6,14,Over
1,talk,102,6,6,Over
1,talk,103,6,8,Skip
1,talk,104,6,2,Skip
1,talk,105,7,6,Over
1,talk,106,7,8,Over
1,talk,107,7,11,ESTIMATE Agent[03] VILLAGER
1,talk,108,7,10,Skip
1,talk,109,7,15,Over
1,talk,110,7,5,Over
1,talk,111,7,13,Over
1,talk,112,7,9,Over
1,talk,113,7,12,Skip
1,talk,114,7,3,Over
1,talk,115,7,7,Over
1,talk,116,7,1,ATTACK Agent[05]
1,talk,117,7,2,VOTE Agent[08]
1,talk,118,7,4,Over
1,talk,119,7,14,Over
1,talk,120,8,4,Over
1,talk,121,8,2,VOTE Agent[01]
1,talk,122,8,13,Over
1,talk,123,8,15,Over
1,talk,124,8,8,Over
1,talk,125,8,9,Over
1,talk,126,8,10,Over
1,talk,127,8,5,Over
1,talk,128,8,6,Over
1,talk,129,8,12,Skip
1,talk,130,8,3,Over
1,talk,131,8,14,Over
1,talk,132,8,11,ESTIMATE Agent[05] WEREWOLF
1,talk,133,8,1,DIVINATION Agent[09]
1,talk,134,8,7,Over
1,talk,135,9,3,Over
1,talk,136,9,6,Over
1,talk,137,9,7,Over
1,talk,138,9,4,Over
1,talk,139,9,8,Over
1,talk,140,9,2,VOTE Agent[08]
1,talk,141,9,11,Over
1,talk,142,9,5,Over
1,talk,143,9,9,Over
1,talk,144,9,15,Over
1,talk,145,9,12,VOTE Agent[01]
1,talk,146,9,10,Over
1,talk,147,9,1,Agent[02] DIVINED Agent[06] HUMAN
1,talk,148,9,13,Over
1,talk,149,9,14,Over
1,talk,150,10,14,Over
1,talk,151,10,1,Skip
1,talk,152,10,15,Over
1,talk,153,10,11,Over
1,talk,154,10,10,VOTE Agent[01]
1,talk,155,10,4,Over
1,talk,156,10,5,Over
1,talk,157,10,6,Over
1,talk,158,10,3,Over
1,talk,159,10,9,Over
1,talk,160,10,8,VOTE Agent[12]
1,talk,161,10,2,VOTE Agent[01]
1,talk,162,10,7,Over
1,talk,163,10,13,Over
1,talk,164,10,12,VOTE Agent[08]
1,talk,165,11,7,Over
1,talk,166,11,6,Over
1,talk,167,11,13,Over
1,talk,168,11,4,Over
1,talk,169,11,9,Over
1,talk,170,11,10,Skip
1,talk,171,11,8,VOTE Agent[15]
1,talk,172,11,15,Over
1,talk,173,11,1,VOTED Agent[11]
1,talk,174,11,5,Over
1,talk,175,11,14,Over
1,talk,176,11,12,VOTE Agent[01]
1,talk,177,11,2,Skip
1,talk,178,11,3,Over
1,talk,179,11,11,Over
1,talk,180,12,13,Over
1,talk,181,12,2,Skip
1,talk,182,12,1,COMINGOUT Agent[08] MEDIUM
1,talk,183,12,8,Skip
1,talk,184,12,15,Over
1,talk,185,12,6,Over
1,talk,186,12,12,Over
1,talk,187,12,4,Over
1,talk,188,12,3,Over
1,talk,189,12,11,Over
1,talk,190,12,5,Over
1,talk,191,12,10,Skip
1,talk,192,12,9,Over
1,talk,193,12,14,Over
1,talk,194,12,7,Over
1,talk,195,13,14,Over
1,talk,196,13,7,Over
1,talk,197,13,11,Over
1,talk,198,13,6,Over
1,talk,199,13,8,Skip
1,talk,200,13,1,DISAGREE TALK day1 ID:95
1,talk,201,13,3,Over
1,talk,202,13,9,Over
1,talk,203,13,2,Over
1,talk,204,13,12,Over
1,talk,205,13,15,Over
1,talk,206,13,13,Over
1,talk,207,13,4,Over
1,talk,208,13,5,Over
1,talk,209,13,10,VOTE Agent[08]
1,talk,210,14,6,Over
1,talk,211,14,3,Over
1,talk,212,14,5,Over
1,talk,213,14,2,Over
1,talk,214,14,15,Over
1,talk,215,14,7,Over
1,talk,216,14,4,Over
1,talk,217,14,8,Over
1,talk,218,14,9,Over
1,talk,219,14,11,Over
1,talk,220,14,10,Skip
1,talk,221,14,14,Over
1,talk,222,14,12,Over
1,talk,223,14,13,Over
1,talk,224,14,1,Over
1,talk,225,15,13,Over
1,talk,226,15,8,Over
1,talk,227,15,14,Over
1,talk,228,15,12,Over
1,talk,229,15,9,Over
1,talk,230,15,10,Skip
1,talk,231,15,7,Over
1,talk,232,15,4,Over
1,talk,233,15,1,Over
1,talk,234,15,2,Over
1,talk,235,15,6,Over
1,talk,236,15,15,Over
1,talk,237,15,5,Over
1,talk,238,15,11,Over
1,talk,239,15,3,Over
1,talk,240,16,7,Over
1,talk,241,16,2,Over
1,talk,242,16,5,Over
1,talk,243,16,14,Over
1,talk,244,16,13,Over
1,talk,245,16,4,Over
1,talk,246,16,9,Over
1,talk,247,16,10,Over
1,talk,248,16,15,Over
1,talk,249,16,8,Over
1,talk,250,16,12,Over
1,talk,251,16,11,Over
1,talk,252,16,3,Over
1,talk,253,16,1,Over
1,talk,254,16,6,Over
1,vote,1,4
1,vote,2,1
1,vote,3,8
1,vote,4,1
1,vote,5,8
1,vote,6,10
1,vote,7,10
1,vote,8,15
1,vote,9,1
1,vote,10,8
1,vote,11,5
1,vote,12,1
1,vote,13,1
1,vote,14,10
1,vote,15,1
1,execute,1,VILLAGER
1,divine,10,8,HUMAN
1,whisper,0,0,9,Skip
1,whisper,1,0,5,BECAUSE (AND (NOT (COMINGOUT Agent[07] WEREWOLF)) (NOT (COMINGOUT Agent[10] WEREWOLF)) (DAY 1 (Agent[07] DIVINED Agent[10] WEREWOLF))) (ESTIMATE Agent[07] POSSESSED)
1,whisper,2,0,14,Skip
1,whisper,3,1,9,Skip
1,whisper,4,1,14,Skip
1,whisper,5,1,5,BECAUSE (Agent[10] COMINGOUT Agent[10] SEER) (ATTACK Agent[10])
1,whisper,6,2,9,Over
1,whisper,7,2,14,Over
1,whisper,8,2,5,Skip
1,whisper,9,3,14,Over
1,whisper,10,3,5,Skip
1,whisper,11,3,9,Over
1,whisper,12,4,14,Over
1,whisper,13,4,5,Over
1,whisper,14,4,9,Over
1,guard,15,10,SEER
1,attackVote,5,10
1,attackVote,9,6
1,attackVote,14,6
1,attack,6,true
2,status,1,VILLAGER,DEAD,kenzi
2,status,2,VILLAGER,ALIVE,hello_wolf
2,status,3,VILLAGER,ALIVE,Dummy_01
2,status,4,VILLAGER,ALIVE,Tomato
2,status,5,WEREWOLF,ALIVE,Dummy_03
2,status,6,VILLAGER,DEAD,Udon
2,status,7,POSSESSED,ALIVE,Dummy_02
2,status,8,MEDIUM,ALIVE,fisherman
2,status,9,WEREWOLF,ALIVE,takeda
2,status,10,SEER,ALIVE,GO1DeNO
2,status,11,VILLAGER,ALIVE,wasabi
2,status,12,VILLAGER,ALIVE,fanfan
2,status,13,VILLAGER,ALIVE,calups
2,status,14,WEREWOLF,ALIVE,sonoda
2,status,15,BODYGUARD,ALIVE,cantar
2,talk,0,0,12,VOTE Agent[09]
2,talk,1,0,15,ESTIMATE Agent[09] WEREWOLF
2,talk,2,0,8,IDENTIFIED Agent[01] HUMAN
2,talk,3,0,7,DAY 2 (DIVINED Agent[13] HUMAN)
2,talk,4,0,4,VOTE Agent[12]
2,talk,5,0,3,Skip
2,talk,6,0,9,VOTE Agent[05]
2,talk,7,0,13,Skip
2,talk,8,0,11,ESTIMATE Agent[10] WEREWOLF
2,talk,9,0,2,VOTE Agent[08]
2,talk,10,0,5,DAY 2 (IDENTIFIED Agent[01] WEREWOLF)
2,talk,11,0,10,DIVINED Agent[08] HUMAN
2,talk,12,0,14,VOTE Agent[07]
2,talk,13,1,10,VOTE Agent[09]
2,talk,14,1,7,BECAUSE (DAY 1 (DIVINED Agent[10] WEREWOLF)) (REQUEST ANY (VOTE Agent[10]))
2,talk,15,1,4,VOTE Agent[05]
2,talk,16,1,9,VOTE Agent[11]
2,talk,17,1,8,ESTIMATE Agent[15] WEREWOLF
2,talk,18,1,13,Skip
2,talk,19,1,15,VOTE Agent[09]
2,talk,20,1,12,Skip
2,talk,21,1,3,Skip
2,talk,22,1,14,Skip
2,talk,23,1,5,BECAUSE (AND (COMINGOUT Agent[05] MEDIUM) (Agent[08] COMINGOUT Agent[08] MEDIUM)) (XOR (ESTIMATE Agent[08] WEREWOLF) (ESTIMATE Agent[08] POSSESSED))
2,talk,24,1,11,Skip
2,talk,25,1,2,VOTE Agent[03]
2,talk,26,2,10,Skip
2,talk,27,2,7,BECAUSE (DAY 1 (DIVINED Agent[10] WEREWOLF)) (AND (VOTE Agent[10]) (REQUEST ANY (VOTE Agent[10])))
2,talk,28,2,15,Skip
2,talk,29,2,3,AND (VOTE Agent[10]) (REQUEST ANY (VOTE Agent[10]))
2,talk,30,2,8,ESTIMATE Agent[12] WEREWOLF
2,talk,31,2,2,VOTE Agent[09]
2,talk,32,2,5,BECAUSE (XOR (ESTIMATE Agent[08] WEREWOLF) (ESTIMATE Agent[08] POSSESSED)) (AND (VOTE Agent[08]) (REQUEST ANY (VOTE Agent[08])))
2,talk,33,2,12,Skip
2,talk,34,2,11,ESTIMATE Agent[05] WEREWOLF
2,talk,35,2,9,VOTE Agent[07]
2,talk,36,2,4,VOTE Agent[09]
2,talk,37,2,13,Over
2,talk,38,2,14,Skip
2,talk,39,3,14,Over
2,talk,40,3,10,Skip
2,talk,41,3,7,Skip
2,talk,42,3,12,Over
2,talk,43,3,13,Over
2,talk,44,3,15,Skip
2,talk,45,3,9,VOTE Agent[04]
2,talk,46,3,3,Skip
2,talk,47,3,2,Skip
2,talk,48,3,11,VOTE Agent[05]
2,talk,49,3,8,ESTIMATE Agent[10] WEREWOLF
2,talk,50,3,4,Skip
2,talk,51,3,5,Skip
2,talk,52,4,5,Skip
2,talk,53,4,7,Skip
2,talk,54,4,8,VOTE Agent[12]
2,talk,55,4,2,Skip
2,talk,56,4,3,Skip
2,talk,57,4,9,Skip
2,talk,58,4,4,Skip
2,talk,59,4,15,Over
2,talk,60,4,12,Over
2,talk,61,4,14,Over
2,talk,62,4,11,ESTIMATE Agent[07] WEREWOLF
2,talk,63,4,13,Over
2,talk,64,4,10,Over
2,talk,65,5,8,Skip
2,talk,66,5,14,Over
2,talk,67,5,12,Over
2,talk,68,5,11,ESTIMATE Agent[09] VILLAGER
2,talk,69,5,15,Over
2,talk,70,5,2,Over
2,talk,71,5,9,Skip
2,talk,72,5,5,Over
2,talk,73,5,10,Over
2,talk,74,5,4,Over
2,talk,75,5,7,Over
2,talk,76,5,3,Over
2,talk,77,5,13,OR (VOTE Agent[02]) (VOTE Agent[03]) (VOTE Agent[04]) (VOTE Agent[09]) (VOTE Agent[11]) (VOTE Agent[12]) (VOTE Agent[14]) 
2,talk,78,6,12,Over
2,talk,79,6,4,Over
2,talk,80,6,10,Over
2,talk,81,6,9,Over
2,talk,82,6,2,Over
2,talk,83,6,15,Over
2,talk,84,6,8,Skip
2,talk,85,6,13,Over
2,talk,86,6,5,Over
2,talk,87,6,14,Over
2,talk,88,6,3,Over
2,talk,89,6,7,Over
2,talk,90,6,11,Skip
2,talk,91,7,8,Over
2,talk,92,7,11,ESTIMATE Agent[09] VILLAGER
2,talk,93,7,13,Over
2,talk,94,7,3,Over
2,talk,95,7,14,Over
2,talk,96,7,10,Over
2,talk,97,7,7,Over
2,talk,98,7,15,Over
2,talk,99,7,12,Over
2,talk,100,7,4,Over
2,talk,101,7,5,Over
2,talk,102,7,9,Over
2,talk,103,7,2,Over
2,talk,104,8,11,ESTIMATE Agent[02] VILLAGER
2,talk,105,8,4,Over
2,talk,106,8,13,Over
2,talk,107,8,9,Over
2,talk,108,8,12,Over
2,talk,109,8,14,Over
2,talk,110,8,10,Over
2,talk,111,8,7,Over
2,talk,112,8,2,Over
2,talk,113,8,5,Over
2,talk,114,8,3,Over
2,talk,115,8,15,Over
2,talk,116,8,8,Over
2,talk,117,9,12,Over
2,talk,118,9,2,Over
2,talk,119,9,14,Over
2,talk,120,9,8,Over
2,talk,121,9,10,Over
2,talk,122,9,15,Over
2,talk,123,9,9,Over
2,talk,124,9,7,Over
2,talk,125,9,3,Over
2,talk,126,9,11,Over
2,talk,127,9,13,Over
2,talk,128,9,5,Over
2,talk,129,9,4,Over
2,vote,2,9
2,vote,3,10
2,vote,4,9
2,vote,5,8
2,vote,7,10
2,vote,8,12
2,vote,9,5
2,vote,10,9
2,vote,11,5
2,vote,12,9
2,vote,13,2
2,vote,14,7
2,vote,15,9
2,execute,9,WEREWOLF
2,divine,10,4,HUMAN
2,whisper,0,0,5,ATTACK Agent[08]
2,whisper,1,0,14,Skip
2,whisper,2,1,5,Skip
2,whisper,3,1,14,Skip
2,whisper,4,2,14,Over
2,whisper,5,2,5,Skip
2,whisper,6,3,5,Over
2,whisper,7,3,14,Over
2,guard,15,8,MEDIUM
2,attackVote,5,8
2,attack,8,false
3,status,1,VILLAGER,DEAD,kenzi
3,status,2,VILLAGER,ALIVE,hello_wolf
3,status,3,VILLAGER,ALIVE,Dummy_01
3,status,4,VILLAGER,ALIVE,Tomato
3,status,5,WEREWOLF,ALIVE,Dummy_03
3,status,6,VILLAGER,DEAD,Udon
3,status,7,POSSESSED,ALIVE,Dummy_02
3,status,8,MEDIUM,ALIVE,fisherman
3,status,9,WEREWOLF,DEAD,takeda
3,status,10,SEER,ALIVE,GO1DeNO
3,status,11,VILLAGER,ALIVE,wasabi
3,status,12,VILLAGER,ALIVE,fanfan
3,status,13,VILLAGER,ALIVE,calups
3,status,14,WEREWOLF,ALIVE,sonoda
3,status,15,BODYGUARD,ALIVE,cantar
3,talk,0,0,11,Skip
3,talk,1,0,5,DAY 3 (IDENTIFIED Agent[09] HUMAN)
3,talk,2,0,14,VOTE Agent[07]
3,talk,3,0,3,Skip
3,talk,4,0,13,Skip
3,talk,5,0,12,VOTE Agent[05]
3,talk,6,0,2,VOTE Agent[05]
3,talk,7,0,4,VOTE Agent[10]
3,talk,8,0,15,ESTIMATE Agent[11] WEREWOLF
3,talk,9,0,8,IDENTIFIED Agent[09] WEREWOLF
3,talk,10,0,7,DAY 3 (DIVINED Agent[05] HUMAN)
3,talk,11,0,10,DIVINED Agent[04] HUMAN
3,talk,12,1,7,BECAUSE (DAY 1 (DIVINED Agent[10] WEREWOLF)) (REQUEST ANY (VOTE Agent[10]))
3,talk,13,1,14,Skip
3,talk,14,1,12,VOTE Agent[03]
3,talk,15,1,13,Skip
3,talk,16,1,15,VOTE Agent[11]
3,talk,17,1,2,VOTE Agent[03]
3,talk,18,1,4,VOTE Agent[05]
3,talk,19,1,3,Skip
3,talk,20,1,11,Skip
3,talk,21,1,5,BECAUSE (AND (COMINGOUT Agent[05] MEDIUM) (Agent[08] COMINGOUT Agent[08] MEDIUM)) (XOR (ESTIMATE Agent[08] WEREWOLF) (ESTIMATE Agent[08] POSSESSED))
3,talk,22,1,8,ESTIMATE Agent[12] WEREWOLF
3,talk,23,1,10,VOTE Agent[12]
3,talk,24,2,7,BECAUSE (DAY 1 (DIVINED Agent[10] WEREWOLF)) (AND (VOTE Agent[10]) (REQUEST ANY (VOTE Agent[10])))
3,talk,25,2,4,VOTE Agent[03]
3,talk,26,2,14,Skip
3,talk,27,2,2,VOTE Agent[08]
3,talk,28,2,5,BECAUSE (XOR (ESTIMATE Agent[08] WEREWOLF) (ESTIMATE Agent[08] POSSESSED)) (AND (VOTE Agent[08]) (REQUEST ANY (VOTE Agent[08])))
3,talk,29,2,15,Skip
3,talk,30,2,8,ESTIMATE Agent[11] WEREWOLF
3,talk,31,2,12,Skip
3,talk,32,2,10,VOTE Agent[03]
3,talk,33,2,13,Over
3,talk,34,2,11,ESTIMATE Agent[05] WEREWOLF
3,talk,35,2,3,AND (VOTE Agent[10]) (REQUEST ANY (VOTE Agent[10]))
3,talk,36,3,15,Skip
3,talk,37,3,7,Skip
3,talk,38,3,3,Skip
3,talk,39,3,14,Over
3,talk,40,3,10,Skip
3,talk,41,3,12,Skip
3,talk,42,3,11,VOTE Agent[05]
3,talk,43,3,4,Skip
3,talk,44,3,2,Skip
3,talk,45,3,5,Skip
3,talk,46,3,8,ESTIMATE Agent[09] WEREWOLF
3,talk,47,3,13,Over
3,talk,48,4,10,Skip
3,talk,49,4,5,Skip
3,talk,50,4,4,Skip
3,talk,51,4,11,ESTIMATE Agent[12] VILLAGER
3,talk,52,4,3,Skip
3,talk,53,4,13,Over
3,talk,54,4,2,VOTE Agent[05]
3,talk,55,4,8,VOTE Agent[12]
3,talk,56,4,12,Over
3,talk,57,4,7,Skip
3,talk,58,4,14,Over
3,talk,59,4,15,Over
3,talk,60,5,15,Over
3,talk,61,5,10,VOTE Agent[12]
3,talk,62,5,4,VOTE Agent[05]
3,talk,63,5,2,Skip
3,talk,64,5,3,Over
3,talk,65,5,5,Over
3,talk,66,5,8,Skip
3,talk,67,5,13,OR (VOTE Agent[02]) (VOTE Agent[03]) (VOTE Agent[11]) (VOTE Agent[12]) (VOTE Agent[14]) 
3,talk,68,5,12,Over
3,talk,69,5,7,Over
3,talk,70,5,11,ESTIMATE Agent[05] WEREWOLF
3,talk,71,5,14,Over
3,talk,72,6,5,Over
3,talk,73,6,7,Over
3,talk,74,6,8,Skip
3,talk,75,6,2,Skip
3,talk,76,6,11,ESTIMATE Agent[10] WEREWOLF
3,talk,77,6,13,Over
3,talk,78,6,3,Over
3,talk,79,6,10,Skip
3,talk,80,6,14,Over
3,talk,81,6,4,VOTE Agent[03]
3,talk,82,6,12,VOTE Agent[05]
3,talk,83,6,15,Over
3,talk,84,7,3,Over
3,talk,85,7,7,Over
3,talk,86,7,13,Over
3,talk,87,7,11,Skip
3,talk,88,7,2,Over
3,talk,89,7,10,Skip
3,talk,90,7,5,Over
3,talk,91,7,8,Over
3,talk,92,7,14,Over
3,talk,93,7,4,VOTE Agent[05]
3,talk,94,7,15,Over
3,talk,95,7,12,VOTE Agent[03]
3,talk,96,8,2,Over
3,talk,97,8,5,Over
3,talk,98,8,3,Over
3,talk,99,8,10,Over
3,talk,100,8,14,Over
3,talk,101,8,15,Over
3,talk,102,8,8,Over
3,talk,103,8,11,ESTIMATE Agent[02] VILLAGER
3,talk,104,8,7,Over
3,talk,105,8,13,Over
3,talk,106,8,4,VOTE Agent[03]
3,talk,107,8,12,VOTE Agent[05]
3,talk,108,9,12,VOTE Agent[03]
3,talk,109,9,15,Over
3,talk,110,9,2,Over
3,talk,111,9,11,Over
3,talk,112,9,10,Over
3,talk,113,9,4,VOTE Agent[05]
3,talk,114,9,5,Over
3,talk,115,9,7,Over
3,talk,116,9,14,Over
3,talk,117,9,13,Over
3,talk,118,9,3,Over
3,talk,119,9,8,Over
3,talk,120,10,7,Over
3,talk,121,10,10,Over
3,talk,122,10,13,Over
3,talk,123,10,14,Over
3,talk,124,10,5,Over
3,talk,125,10,15,Over
3,talk,126,10,3,Over
3,talk,127,10,2,Over
3,talk,128,10,8,Over
3,talk,129,10,4,VOTE Agent[03]
3,talk,130,10,11,Over
3,talk,131,10,12,VOTE Agent[05]
3,talk,132,11,10,Over
3,talk,133,11,14,Over
3,talk,134,11,2,Over
3,talk,135,11,3,Over
3,talk,136,11,7,Over
3,talk,137,11,8,Over
3,talk,138,11,4,VOTE Agent[05]
3,talk,139,11,13,Over
3,talk,140,11,12,VOTE Agent[03]
3,talk,141,11,15,Over
3,talk,142,11,5,Over
3,talk,143,11,11,Over
3,talk,144,12,5,Over
3,talk,145,12,14,Over
3,talk,146,12,11,Over
3,talk,147,12,8,Over
3,talk,148,12,15,Over
3,talk,149,12,3,Over
3,talk,150,12,13,Over
3,talk,151,12,4,Over
3,talk,152,12,2,Over
3,talk,153,12,10,Over
3,talk,154,12,7,Over
3,talk,155,12,12,VOTE Agent[05]
3,talk,156,13,14,Over
3,talk,157,13,3,Over
3,talk,158,13,5,Over
3,talk,159,13,2,Over
3,talk,160,13,12,Skip
3,talk,161,13,15,Over
3,talk,162,13,11,Over
3,talk,163,13,7,Over
3,talk,164,13,13,Over
3,talk,165,13,8,Over
3,talk,166,13,4,Over
3,talk,167,13,10,Over
3,talk,168,14,7,Over
3,talk,169,14,15,Over
3,talk,170,14,2,Over
3,talk,171,14,11,Over
3,talk,172,14,13,Over
3,talk,173,14,4,Over
3,talk,174,14,12,Skip
3,talk,175,14,3,Over
3,talk,176,14,8,Over
3,talk,177,14,10,Over
3,talk,178,14,14,Over
3,talk,179,14,5,Over
3,talk,180,15,3,Over
3,talk,181,15,15,Over
3,talk,182,15,4,Over
3,talk,183,15,8,Over
3,talk,184,15,7,Over
3,talk,185,15,2,Over
3,talk,186,15,11,Over
3,talk,187,15,10,Over
3,talk,188,15,14,Over
3,talk,189,15,5,Over
3,talk,190,15,13,Over
3,talk,191,15,12,Over
3,vote,2,5
3,vote,3,10
3,vote,4,5
3,vote,5,8
3,vote,7,10
3,vote,8,12
3,vote,10,12
3,vote,11,5
3,vote,12,5
3,vote,13,2
3,vote,14,7
3,vote,15,11
3,execute,5,WEREWOLF
3,divine,10,12,HUMAN
3,guard,15,10,SEER
3,attack,10,false
4,status,1,VILLAGER,DEAD,kenzi
4,status,2,VILLAGER,ALIVE,hello_wolf
4,status,3,VILLAGER,ALIVE,Dummy_01
4,status,4,VILLAGER,ALIVE,Tomato
4,status,5,WEREWOLF,DEAD,Dummy_03
4,status,6,VILLAGER,DEAD,Udon
4,status,7,POSSESSED,ALIVE,Dummy_02
4,status,8,MEDIUM,ALIVE,fisherman
4,status,9,WEREWOLF,DEAD,takeda
4,status,10,SEER,ALIVE,GO1DeNO
4,status,11,VILLAGER,ALIVE,wasabi
4,status,12,VILLAGER,ALIVE,fanfan
4,status,13,VILLAGER,ALIVE,calups
4,status,14,WEREWOLF,ALIVE,sonoda
4,status,15,BODYGUARD,ALIVE,cantar
4,talk,0,0,10,DIVINED Agent[12] HUMAN
4,talk,1,0,7,DAY 4 (DIVINED Agent[08] HUMAN)
4,talk,2,0,4,VOTE Agent[14]
4,talk,3,0,13,Skip
4,talk,4,0,3,Skip
4,talk,5,0,11,ESTIMATE Agent[15] VILLAGER
4,talk,6,0,14,VOTE Agent[07]
4,talk,7,0,2,VOTE Agent[08]
4,talk,8,0,12,VOTE Agent[03]
4,talk,9,0,15,ESTIMATE Agent[11] WEREWOLF
4,talk,10,0,8,IDENTIFIED Agent[05] WEREWOLF
4,talk,11,1,14,VOTE Agent[11]
4,talk,12,1,7,BECAUSE (DAY 1 (DIVINED Agent[10] WEREWOLF)) (REQUEST ANY (VOTE Agent[10]))
4,talk,13,1,15,VOTE Agent[11]
4,talk,14,1,2,VOTE Agent[03]
4,talk,15,1,10,VOTE Agent[02]
4,talk,16,1,8,ESTIMATE Agent[09] WEREWOLF
4,talk,17,1,3,Skip
4,talk,18,1,12,Skip
4,talk,19,1,4,VOTE Agent[03]
4,talk,20,1,11,ESTIMATE Agent[14] VILLAGER
4,talk,21,1,13,Skip
4,talk,22,2,7,BECAUSE (DAY 1 (DIVINED Agent[10] WEREWOLF)) (AND (VOTE Agent[10]) (REQUEST ANY (VOTE Agent[10])))
4,talk,23,2,11,ESTIMATE Agent[10] WEREWOLF
4,talk,24,2,4,Skip
4,talk,25,2,15,Skip
4,talk,26,2,3,AND (VOTE Agent[10]) (REQUEST ANY (VOTE Agent[10]))
4,talk,27,2,10,VOTE Agent[03]
4,talk,28,2,12,Skip
4,talk,29,2,13,Over
4,talk,30,2,2,Skip
4,talk,31,2,8,ESTIMATE Agent[04] WEREWOLF
4,talk,32,2,14,Skip
4,talk,33,3,3,Skip
4,talk,34,3,12,Over
4,talk,35,3,4,Skip
4,talk,36,3,8,ESTIMATE Agent[12] WEREWOLF
4,talk,37,3,11,VOTE Agent[08]
4,talk,38,3,14,Skip
4,talk,39,3,15,Skip
4,talk,40,3,7,Skip
4,talk,41,3,13,Over
4,talk,42,3,10,Skip
4,talk,43,3,2,Skip
4,talk,44,4,10,Skip
4,talk,45,4,7,Skip
4,talk,46,4,13,Over
4,talk,47,4,4,Over
4,talk,48,4,15,Over
4,talk,49,4,11,ESTIMATE Agent[07] WEREWOLF
4,talk,50,4,3,Skip
4,talk,51,4,8,VOTE Agent[04]
4,talk,52,4,14,Over
4,talk,53,4,12,Over
4,talk,54,4,2,VOTE Agent[11]
4,talk,55,5,13,OR (VOTE Agent[02]) (VOTE Agent[03]) (VOTE Agent[11]) (VOTE Agent[14]) 
4,talk,56,5,14,Over
4,talk,57,5,15,Over
4,talk,58,5,3,Over
4,talk,59,5,4,Over
4,talk,60,5,7,Over
4,talk,61,5,2,Skip
4,talk,62,5,12,Over
4,talk,63,5,10,Over
4,talk,64,5,8,Skip
4,talk,65,5,11,ESTIMATE Agent[08] WEREWOLF
4,talk,66,6,2,Skip
4,talk,67,6,13,Over
4,talk,68,6,7,Over
4,talk,69,6,11,ESTIMATE Agent[15] VILLAGER
4,talk,70,6,12,Over
4,talk,71,6,8,Skip
4,talk,72,6,3,Over
4,talk,73,6,10,Over
4,talk,74,6,14,Over
4,talk,75,6,4,Over
4,talk,76,6,15,Over
4,talk,77,7,4,Over
4,talk,78,7,7,Over
4,talk,79,7,12,Over
4,talk,80,7,3,Over
4,talk,81,7,11,ESTIMATE Agent[15] VILLAGER
4,talk,82,7,13,Over
4,talk,83,7,15,Over
4,talk,84,7,10,Over
4,talk,85,7,8,Over
4,talk,86,7,2,Over
4,talk,87,7,14,Over
4,talk,88,8,10,Over
4,talk,89,8,8,Over
4,talk,90,8,2,Over
4,talk,91,8,7,Over
4,talk,92,8,3,Over
4,talk,93,8,4,Over
4,talk,94,8,11,ESTIMATE Agent[02] VILLAGER
4,talk,95,8,13,Over
4,talk,96,8,14,Over
4,talk,97,8,15,Over
4,talk,98,8,12,Over
4,talk,99,9,13,Over
4,talk,100,9,8,Over
4,talk,101,9,3,Over
4,talk,102,9,14,Over
4,talk,103,9,4,Over
4,talk,104,9,12,Over
4,talk,105,9,7,Over
4,talk,106,9,2,Over
4,talk,107,9,10,Over
4,talk,108,9,11,Over
4,talk,109,9,15,Over
4,vote,2,11
4,vote,3,10
4,vote,4,3
4,vote,7,10
4,vote,8,4
4,vote,10,3
4,vote,11,8
4,vote,12,3
4,vote,13,2
4,vote,14,11
4,vote,15,11
4,vote,2,11
4,vote,3,11
4,vote,4,3
4,vote,7,10
4,vote,8,4
4,vote,10,3
4,vote,11,8
4,vote,12,3
4,vote,13,3
4,vote,14,11
4,vote,15,11
4,execute,3,VILLAGER
4,divine,10,2,HUMAN
4,guard,15,10,SEER
4,attackVote,14,12
4,attack,12,true
5,status,1,VILLAGER,DEAD,kenzi
5,status,2,VILLAGER,ALIVE,hello_wolf
5,status,3,VILLAGER,DEAD,Dummy_01
5,status,4,VILLAGER,ALIVE,Tomato
5,status,5,WEREWOLF,DEAD,Dummy_03
5,status,6,VILLAGER,DEAD,Udon
5,status,7,POSSESSED,ALIVE,Dummy_02
5,status,8,MEDIUM,ALIVE,fisherman
5,status,9,WEREWOLF,DEAD,takeda
5,status,10,SEER,ALIVE,GO1DeNO
5,status,11,VILLAGER,ALIVE,wasabi
5,status,12,VILLAGER,DEAD,fanfan
5,status,13,VILLAGER,ALIVE,calups
5,status,14,WEREWOLF,ALIVE,sonoda
5,status,15,BODYGUARD,ALIVE,cantar
5,talk,0,0,7,DAY 5 (DIVINED Agent[11] HUMAN)
5,talk,1,0,13,Skip
5,talk,2,0,8,IDENTIFIED Agent[03] HUMAN
5,talk,3,0,14,VOTE Agent[07]
5,talk,4,0,4,VOTE Agent[07]
5,talk,5,0,15,ESTIMATE Agent[07] WEREWOLF
5,talk,6,0,2,VOTE Agent[08]
5,talk,7,0,10,DIVINED Agent[02] HUMAN
5,talk,8,0,11,ESTIMATE Agent[07] WEREWOLF
5,talk,9,1,4,Skip
5,talk,10,1,2,Skip
5,talk,11,1,7,BECAUSE (DAY 1 (DIVINED Agent[10] WEREWOLF)) (REQUEST ANY (VOTE Agent[10]))
5,talk,12,1,11,Skip
5,talk,13,1,8,ESTIMATE Agent[05] WEREWOLF
5,talk,14,1,14,Skip
5,talk,15,1,13,Skip
5,talk,16,1,15,VOTE Agent[07]
5,talk,17,1,10,VOTE Agent[14]
5,talk,18,2,4,Skip
5,talk,19,2,2,Skip
5,talk,20,2,7,BECAUSE (DAY 1 (DIVINED Agent[10] WEREWOLF)) (AND (VOTE Agent[10]) (REQUEST ANY (VOTE Agent[10])))
5,talk,21,2,13,Over
5,talk,22,2,15,Skip
5,talk,23,2,11,Skip
5,talk,24,2,10,VOTE Agent[07]
5,talk,25,2,8,ESTIMATE Agent[09] WEREWOLF
5,talk,26,2,14,Skip
5,talk,27,3,4,Over
5,talk,28,3,11,VOTE Agent[07]
5,talk,29,3,13,Over
5,talk,30,3,14,Over
5,talk,31,3,8,ESTIMATE Agent[04] WEREWOLF
5,talk,32,3,10,Skip
5,talk,33,3,7,Skip
5,talk,34,3,2,Over
5,talk,35,3,15,Skip
5,talk,36,4,4,Over
5,talk,37,4,7,Skip
5,talk,38,4,2,Over
5,talk,39,4,14,Over
5,talk,40,4,15,Over
5,talk,41,4,8,VOTE Agent[04]
5,talk,42,4,13,Over
5,talk,43,4,10,Skip
5,talk,44,4,11,Skip
5,talk,45,5,2,Over
5,talk,46,5,13,OR (VOTE Agent[14]) 
5,talk,47,5,8,Skip
5,talk,48,5,7,Over
5,talk,49,5,11,Skip
5,talk,50,5,15,Over
5,talk,51,5,10,Over
5,talk,52,5,4,Over
5,talk,53,5,14,Over
5,talk,54,6,14,Over
5,talk,55,6,4,Over
5,talk,56,6,2,Over
5,talk,57,6,7,Over
5,talk,58,6,11,VOTE Agent[08]
5,talk,59,6,13,Over
5,talk,60,6,15,Over
5,talk,61,6,10,Over
5,talk,62,6,8,Skip
5,talk,63,7,7,Over
5,talk,64,7,11,ESTIMATE Agent[07] WEREWOLF
5,talk,65,7,15,Over
5,talk,66,7,8,Over
5,talk,67,7,4,Over
5,talk,68,7,14,Over
5,talk,69,7,2,Over
5,talk,70,7,13,Over
5,talk,71,7,10,Over
5,talk,72,8,15,Over
5,talk,73,8,13,Over
5,talk,74,8,14,Over
5,talk,75,8,7,Over
5,talk,76,8,4,Over
5,talk,77,8,8,Over
5,talk,78,8,10,Over
5,talk,79,8,11,ESTIMATE Agent[08] WEREWOLF
5,talk,80,8,2,Over
5,talk,81,9,15,Over
5,talk,82,9,14,Over
5,talk,83,9,7,Over
5,talk,84,9,8,Over
5,talk,85,9,10,Over
5,talk,86,9,2,Over
5,talk,87,9,11,Over
5,talk,88,9,4,Over
5,talk,89,9,13,Over
5,vote,2,8
5,vote,4,7
5,vote,7,10
5,vote,8,4
5,vote,10,7
5,vote,11,8
5,vote,13,14
5,vote,14,7
5,vote,15,7
5,execute,7,POSSESSED
5,divine,10,14,WEREWOLF
5,guard,15,8,MEDIUM
5,attackVote,14,2
5,attack,2,true
6,status,1,VILLAGER,DEAD,kenzi
6,status,2,VILLAGER,DEAD,hello_wolf
6,status,3,VILLAGER,DEAD,Dummy_01
6,status,4,VILLAGER,ALIVE,Tomato
6,status,5,WEREWOLF,DEAD,Dummy_03
6,status,6,VILLAGER,DEAD,Udon
6,status,7,POSSESSED,DEAD,Dummy_02
6,status,8,MEDIUM,ALIVE,fisherman
6,status,9,WEREWOLF,DEAD,takeda
6,status,10,SEER,ALIVE,GO1DeNO
6,status,11,VILLAGER,ALIVE,wasabi
6,status,12,VILLAGER,DEAD,fanfan
6,status,13,VILLAGER,ALIVE,calups
6,status,14,WEREWOLF,ALIVE,sonoda
6,status,15,BODYGUARD,ALIVE,cantar
6,talk,0,0,4,VOTE Agent[11]
6,talk,1,0,11,ESTIMATE Agent[08] WEREWOLF
6,talk,2,0,10,DIVINED Agent[14] WEREWOLF
6,talk,3,0,13,Skip
6,talk,4,0,15,ESTIMATE Agent[13] WEREWOLF
6,talk,5,0,14,VOTE Agent[13]
6,talk,6,0,8,IDENTIFIED Agent[07] HUMAN
6,talk,7,1,13,Skip
6,talk,8,1,11,ESTIMATE Agent[04] VILLAGER
6,talk,9,1,14,Skip
6,talk,10,1,15,VOTE Agent[13]
6,talk,11,1,10,VOTE Agent[14]
6,talk,12,1,8,ESTIMATE Agent[05] WEREWOLF
6,talk,13,1,4,VOTE Agent[13]
6,talk,14,2,14,Skip
6,talk,15,2,13,Over
6,talk,16,2,10,VOTE Agent[13]
6,talk,17,2,8,ESTIMATE Agent[09] WEREWOLF
6,talk,18,2,4,Skip
6,talk,19,2,11,ESTIMATE Agent[14] WEREWOLF
6,talk,20,2,15,Skip
6,talk,21,3,14,Over
6,talk,22,3,11,VOTE Agent[08]
6,talk,23,3,10,Skip
6,talk,24,3,8,ESTIMATE Agent[04] WEREWOLF
6,talk,25,3,15,Skip
6,talk,26,3,4,Skip
6,talk,27,3,13,Over
6,talk,28,4,13,Over
6,talk,29,4,10,Skip
6,talk,30,4,15,Over
6,talk,31,4,11,ESTIMATE Agent[14] WEREWOLF
6,talk,32,4,4,Over
6,talk,33,4,8,VOTE Agent[14]
6,talk,34,4,14,Over
6,talk,35,5,15,Over
6,talk,36,5,4,Over
6,talk,37,5,11,Skip
6,talk,38,5,8,Skip
6,talk,39,5,14,Over
6,talk,40,5,10,Over
6,talk,41,5,13,OR (VOTE Agent[04]) (VOTE Agent[11]) 
6,talk,42,6,4,Over
6,talk,43,6,11,ESTIMATE Agent[13] VILLAGER
6,talk,44,6,13,Over
6,talk,45,6,15,Over
6,talk,46,6,8,Skip
6,talk,47,6,14,Over
6,talk,48,6,10,Over
6,talk,49,7,14,Over
6,talk,50,7,10,Over
6,talk,51,7,11,Skip
6,talk,52,7,13,Over
6,talk,53,7,8,Over
6,talk,54,7,15,Over
6,talk,55,7,4,Over
6,talk,56,8,4,Over
6,talk,57,8,8,Over
6,talk,58,8,10,Over
6,talk,59,8,13,Over
6,talk,60,8,11,ESTIMATE Agent[14] WEREWOLF
6,talk,61,8,14,Over
6,talk,62,8,15,Over
6,talk,63,9,4,Over
6,talk,64,9,8,Over
6,talk,65,9,14,Over
6,talk,66,9,11,Over
6,talk,67,9,13,Over
6,talk,68,9,15,Over
6,talk,69,9,10,Over
6,vote,4,13
6,vote,8,14
6,vote,10,13
6,vote,11,8
6,vote,13,4
6,vote,14,13
6,vote,15,13
6,execute,13,VILLAGER
6,divine,10,11,HUMAN
6,guard,15,4,VILLAGER
6,attackVote,14,4
6,attack,4,false
7,status,1,VILLAGER,DEAD,kenzi
7,status,2,VILLAGER,DEAD,hello_wolf
7,status,3,VILLAGER,DEAD,Dummy_01
7,status,4,VILLAGER,ALIVE,Tomato
7,status,5,WEREWOLF,DEAD,Dummy_03
7,status,6,VILLAGER,DEAD,Udon
7,status,7,POSSESSED,DEAD,Dummy_02
7,status,8,MEDIUM,ALIVE,fisherman
7,status,9,WEREWOLF,DEAD,takeda
7,status,10,SEER,ALIVE,GO1DeNO
7,status,11,VILLAGER,ALIVE,wasabi
7,status,12,VILLAGER,DEAD,fanfan
7,status,13,VILLAGER,DEAD,calups
7,status,14,WEREWOLF,ALIVE,sonoda
7,status,15,BODYGUARD,ALIVE,cantar
7,talk,0,0,8,IDENTIFIED Agent[13] HUMAN
7,talk,1,0,4,VOTE Agent[11]
7,talk,2,0,14,VOTE Agent[08]
7,talk,3,0,11,ESTIMATE Agent[08] WEREWOLF
7,talk,4,0,15,ESTIMATE Agent[11] WEREWOLF
7,talk,5,0,10,DIVINED Agent[11] HUMAN
7,talk,6,1,11,ESTIMATE Agent[14] WEREWOLF
7,talk,7,1,15,VOTE Agent[11]
7,talk,8,1,8,ESTIMATE Agent[05] WEREWOLF
7,talk,9,1,14,Skip
7,talk,10,1,4,VOTE Agent[08]
7,talk,11,1,10,VOTE Agent[14]
7,talk,12,2,8,ESTIMATE Agent[09] WEREWOLF
7,talk,13,2,15,Skip
7,talk,14,2,14,Skip
7,talk,15,2,11,ESTIMATE Agent[10] WEREWOLF
7,talk,16,2,4,Skip
7,talk,17,2,10,Skip
7,talk,18,3,11,VOTE Agent[08]
7,talk,19,3,10,Skip
7,talk,20,3,4,Skip
7,talk,21,3,8,ESTIMATE Agent[04] WEREWOLF
7,talk,22,3,14,Over
7,talk,23,3,15,Skip
7,talk,24,4,8,VOTE Agent[14]
7,talk,25,4,11,ESTIMATE Agent[04] VILLAGER
7,talk,26,4,14,Over
7,talk,27,4,10,Over
7,talk,28,4,4,Over
7,talk,29,4,15,Over
7,talk,30,5,11,ESTIMATE Agent[10] WEREWOLF
7,talk,31,5,10,Over
7,talk,32,5,4,Over
7,talk,33,5,14,Over
7,talk,34,5,15,Over
7,talk,35,5,8,Skip
7,talk,36,6,14,Over
7,talk,37,6,4,Over
7,talk,38,6,11,REQUEST ANY (VOTE Agent[08])
7,talk,39,6,8,Skip
7,talk,40,6,15,Over
7,talk,41,6,10,Over
7,talk,42,7,10,Over
7,talk,43,7,15,Over
7,talk,44,7,14,Over
7,talk,45,7,4,Over
7,talk,46,7,8,Over
7,talk,47,7,11,Skip
7,talk,48,8,10,Over
7,talk,49,8,14,Over
7,talk,50,8,11,ESTIMATE Agent[04] VILLAGER
7,talk,51,8,4,Over
7,talk,52,8,8,Over
7,talk,53,8,15,Over
7,talk,54,9,11,Over
7,talk,55,9,15,Over
7,talk,56,9,4,Over
7,talk,57,9,8,Over
7,talk,58,9,10,Over
7,talk,59,9,14,Over
7,vote,4,8
7,vote,8,14
7,vote,10,14
7,vote,11,8
7,vote,14,8
7,vote,15,11
7,execute,8,MEDIUM
7,divine,10,15,HUMAN
7,guard,15,4,VILLAGER
7,attackVote,14,4
7,attack,4,false
8,status,1,VILLAGER,DEAD,kenzi
8,status,2,VILLAGER,DEAD,hello_wolf
8,status,3,VILLAGER,DEAD,Dummy_01
8,status,4,VILLAGER,ALIVE,Tomato
8,status,5,WEREWOLF,DEAD,Dummy_03
8,status,6,VILLAGER,DEAD,Udon
8,status,7,POSSESSED,DEAD,Dummy_02
8,status,8,MEDIUM,DEAD,fisherman
8,status,9,WEREWOLF,DEAD,takeda
8,status,10,SEER,ALIVE,GO1DeNO
8,status,11,VILLAGER,ALIVE,wasabi
8,status,12,VILLAGER,DEAD,fanfan
8,status,13,VILLAGER,DEAD,calups
8,status,14,WEREWOLF,ALIVE,sonoda
8,status,15,BODYGUARD,ALIVE,cantar
8,talk,0,0,4,VOTE Agent[15]
8,talk,1,0,14,VOTE Agent[10]
8,talk,2,0,10,DIVINED Agent[15] HUMAN
8,talk,3,0,11,ESTIMATE Agent[04] VILLAGER
8,talk,4,0,15,ESTIMATE Agent[11] WEREWOLF
8,talk,5,1,15,VOTE Agent[11]
8,talk,6,1,4,VOTE Agent[10]
8,talk,7,1,11,Skip
8,talk,8,1,14,Skip
8,talk,9,1,10,VOTE Agent[14]
8,talk,10,2,4,Skip
8,talk,11,2,14,Skip
8,talk,12,2,10,Skip
8,talk,13,2,15,Skip
8,talk,14,2,11,ESTIMATE Agent[15] VILLAGER
8,talk,15,3,15,Skip
8,talk,16,3,10,Skip
8,talk,17,3,14,Over
8,talk,18,3,4,Skip
8,talk,19,3,11,VOTE Agent[14]
8,talk,20,4,15,Over
8,talk,21,4,11,ESTIMATE Agent[04] VILLAGER
8,talk,22,4,10,Over
8,talk,23,4,4,Over
8,talk,24,4,14,Over
8,talk,25,5,15,Over
8,talk,26,5,10,Over
8,talk,27,5,11,Skip
8,talk,28,5,4,Over
8,talk,29,5,14,Over
8,talk,30,6,15,Over
8,talk,31,6,10,Over
8,talk,32,6,4,Over
8,talk,33,6,11,Skip
8,talk,34,6,14,Over
8,talk,35,7,10,Over
8,talk,36,7,11,ESTIMATE Agent[04] VILLAGER
8,talk,37,7,15,Over
8,talk,38,7,4,Over
8,talk,39,7,14,Over
8,talk,40,8,11,ESTIMATE Agent[14] WEREWOLF
8,talk,41,8,15,Over
8,talk,42,8,14,Over
8,talk,43,8,4,Over
8,talk,44,8,10,Over
8,talk,45,9,14,Over
8,talk,46,9,10,Over
8,talk,47,9,15,Over
8,talk,48,9,11,Over
8,talk,49,9,4,Over
8,vote,4,10
8,vote,10,14
8,vote,11,14
8,vote,14,10
8,vote,15,11
8,vote,4,10
8,vote,10,14
8,vote,11,14
8,vote,14,10
8,vote,15,11
8,execute,14,WEREWOLF
8,divine,10,15,HUMAN
8,guard,15,4,VILLAGER
9,status,1,VILLAGER,DEAD,kenzi
9,status,2,VILLAGER,DEAD,hello_wolf
9,status,3,VILLAGER,DEAD,Dummy_01
9,status,4,VILLAGER,ALIVE,Tomato
9,status,5,WEREWOLF,DEAD,Dummy_03
9,status,6,VILLAGER,DEAD,Udon
9,status,7,POSSESSED,DEAD,Dummy_02
9,status,8,MEDIUM,DEAD,fisherman
9,status,9,WEREWOLF,DEAD,takeda
9,status,10,SEER,ALIVE,GO1DeNO
9,status,11,VILLAGER,ALIVE,wasabi
9,status,12,VILLAGER,DEAD,fanfan
9,status,13,VILLAGER,DEAD,calups
9,status,14,WEREWOLF,DEAD,sonoda
9,status,15,BODYGUARD,ALIVE,cantar
9,result,4,0,VILLAGER
