0,status,1,VILLAGER,ALIVE,kenzi
0,status,2,VILLAGER,ALIVE,hello_wolf
0,status,3,VILLAGER,ALIVE,Dummy_01
0,status,4,VILLAGER,ALIVE,Tomato
0,status,5,VILLAGER,ALIVE,Dummy_03
0,status,6,POSSESSED,ALIVE,Udon
0,status,7,VILLAGER,ALIVE,Dummy_02
0,status,8,SEER,ALIVE,fisherman
0,status,9,WEREWOLF,ALIVE,takeda
0,status,10,WEREWOLF,ALIVE,GO1DeNO
0,status,11,BODYGUARD,ALIVE,wasabi
0,status,12,VILLAGER,ALIVE,fanfan
0,status,13,WEREWOLF,ALIVE,calups
0,status,14,MEDIUM,ALIVE,sonoda
0,status,15,VILLAGER,ALIVE,cantar
0,whisper,0,0,10,COMINGOUT Agent[10] MEDIUM
0,whisper,1,0,9,Skip
0,whisper,2,0,13,COMINGOUT Agent[13] SEER
0,whisper,3,1,9,Skip
0,whisper,4,1,10,Skip
0,whisper,5,1,13,Over
0,whisper,6,2,13,Over
0,whisper,7,2,10,Skip
0,whisper,8,2,9,Over
0,whisper,9,3,13,Over
0,whisper,10,3,9,Over
0,whisper,11,3,10,Over
0,divine,8,15,HUMAN
1,status,1,VILLAGER,ALIVE,kenzi
1,status,2,VILLAGER,ALIVE,hello_wolf
1,status,3,VILLAGER,ALIVE,Dummy_01
1,status,4,VILLAGER,ALIVE,Tomato
1,status,5,VILLAGER,ALIVE,Dummy_03
1,status,6,POSSESSED,ALIVE,Udon
1,status,7,VILLAGER,ALIVE,Dummy_02
1,status,8,SEER,ALIVE,fisherman
1,status,9,WEREWOLF,ALIVE,takeda
1,status,10,WEREWOLF,ALIVE,GO1DeNO
1,status,11,BODYGUARD,ALIVE,wasabi
1,status,12,VILLAGER,ALIVE,fanfan
1,status,13,WEREWOLF,ALIVE,calups
1,status,14,MEDIUM,ALIVE,sonoda
1,status,15,VILLAGER,ALIVE,cantar
1,talk,0,0,4,VOTE Agent[01]
1,talk,1,0,7,Skip
1,talk,2,0,2,VOTE Agent[06]
1,talk,3,0,6,COMINGOUT Agent[06] SEER
1,talk,4,0,12,VOTE Agent[06]
1,talk,5,0,9,VOTE Agent[08]
1,talk,6,0,13,COMINGOUT Agent[13] SEER
1,talk,7,0,10,COMINGOUT Agent[10] MEDIUM
1,talk,8,0,1,VOTED Agent[09]
1,talk,9,0,14,COMINGOUT Agent[14] MEDIUM
1,talk,10,0,8,COMINGOUT Agent[08] SEER
1,talk,11,0,11,ESTIMATE Agent[09] WEREWOLF
1,talk,12,0,5,Skip
1,talk,13,0,3,Skip
1,talk,14,0,15,ESTIMATE Agent[01] WEREWOLF
1,talk,15,1,12,VOTE Agent[13]
1,talk,16,1,11,Skip
1,talk,17,1,9,VOTE Agent[04]
1,talk,18,1,4,VOTE Agent[06]
1,talk,19,1,6,DIVINED Agent[15] HUMAN
1,talk,20,1,13,DIVINED Agent[01] HUMAN
1,talk,21,1,15,VOTE Agent[01]
1,talk,22,1,5,Skip
1,talk,23,1,14,VOTE Agent[10]
1,talk,24,1,2,VOTE Agent[13]
1,talk,25,1,10,VOTE Agent[06]
1,talk,26,1,3,Skip
1,talk,27,1,1,VOTED Agent[06]
1,talk,28,1,7,Skip
1,talk,29,1,8,DIVINED Agent[15] HUMAN
1,talk,30,2,4,Skip
1,talk,31,2,5,AND (VOTE Agent[14]) (REQUEST ANY (VOTE Agent[14]))
1,talk,32,2,8,Skip
1,talk,33,2,11,Skip
1,talk,34,2,3,AND (VOTE Agent[09]) (REQUEST ANY (VOTE Agent[09]))
1,talk,35,2,6,VOTE Agent[11]
1,talk,36,2,13,Skip
1,talk,37,2,14,Skip
1,talk,38,2,1,Skip
1,talk,39,2,7,AND (VOTE Agent[02]) (REQUEST ANY (VOTE Agent[02]))
1,talk,40,2,2,Skip
1,talk,41,2,9,VOTE Agent[13]
1,talk,42,2,15,Skip
1,talk,43,2,10,VOTE Agent[04]
1,talk,44,2,12,Skip
1,talk,45,3,11,VOTE Agent[14]
1,talk,46,3,6,VOTE Agent[05]
1,talk,47,3,13,Skip
1,talk,48,3,4,Skip
1,talk,49,3,5,AND (VOTE Agent[02]) (REQUEST ANY (VOTE Agent[02]))
1,talk,50,3,14,Skip
1,talk,51,3,12,Skip
1,talk,52,3,15,Skip
1,talk,53,3,3,AND (VOTE Agent[02]) (REQUEST ANY (VOTE Agent[02]))
1,talk,54,3,7,AND (VOTE Agent[14]) (REQUEST ANY (VOTE Agent[14]))
1,talk,55,3,2,Skip
1,talk,56,3,9,Skip
1,talk,57,3,1,DISAGREE TALK day1 ID:14
1,talk,58,3,10,Skip
1,talk,59,3,8,Skip
1,talk,60,4,6,VOTE Agent[11]
1,talk,61,4,14,Over
1,talk,62,4,9,VOTE Agent[10]
1,talk,63,4,12,Over
1,talk,64,4,10,VOTE Agent[05]
1,talk,65,4,5,AND (VOTE Agent[14]) (REQUEST ANY (VOTE Agent[14]))
1,talk,66,4,1,GUARDED Agent[08]
1,talk,67,4,8,Over
1,talk,68,4,13,Over
1,talk,69,4,15,Over
1,talk,70,4,7,AND (VOTE Agent[02]) (REQUEST ANY (VOTE Agent[02]))
1,talk,71,4,3,Skip
1,talk,72,4,4,VOTE Agent[02]
1,talk,73,4,11,Skip
1,talk,74,4,2,Over
1,talk,75,5,7,Skip
1,talk,76,5,14,Over
1,talk,77,5,12,Over
1,talk,78,5,11,ESTIMATE Agent[08] WEREWOLF
1,talk,79,5,2,Over
1,talk,80,5,3,AND (VOTE Agent[14]) (REQUEST ANY (VOTE Agent[14]))
1,talk,81,5,4,Skip
1,talk,82,5,1,ATTACK Agent[04]
1,talk,83,5,15,Over
1,talk,84,5,5,AND (VOTE Agent[02]) (REQUEST ANY (VOTE Agent[02]))
1,talk,85,5,6,VOTE Agent[05]
1,talk,86,5,10,VOTE Agent[02]
1,talk,87,5,9,VOTE Agent[13]
1,talk,88,5,13,OR (VOTE Agent[02]) (VOTE Agent[03]) (VOTE Agent[04]) (VOTE Agent[05]) (VOTE Agent[07]) (VOTE Agent[09]) (VOTE Agent[11]) (VOTE Agent[12]) 
1,talk,89,5,8,Over
1,talk,90,6,2,Over
1,talk,91,6,5,AND (VOTE Agent[14]) (REQUEST ANY (VOTE Agent[14]))
1,talk,92,6,6,Over
1,talk,93,6,7,AND (VOTE Agent[14]) (REQUEST ANY (VOTE Agent[14]))
1,talk,94,6,14,Over
1,talk,95,6,13,Over
1,talk,96,6,9,Skip
1,talk,97,6,8,Over
1,talk,98,6,15,Over
1,talk,99,6,1,Skip
1,talk,100,6,12,Over
1,talk,101,6,11,Skip
1,talk,102,6,4,Skip
1,talk,103,6,3,AND (VOTE Agent[02]) (REQUEST ANY (VOTE Agent[02]))
1,talk,104,6,10,Skip
1,talk,105,7,3,AND (VOTE Agent[14]) (REQUEST ANY (VOTE Agent[14]))
1,talk,106,7,14,Over
1,talk,107,7,7,AND (VOTE Agent[02]) (REQUEST ANY (VOTE Agent[02]))
1,talk,108,7,13,Over
1,talk,109,7,6,Over
1,talk,110,7,15,Over
1,talk,111,7,2,Over
1,talk,112,7,8,Over
1,talk,113,7,9,Skip
1,talk,114,7,10,Skip
1,talk,115,7,1,Over
1,talk,116,7,12,Over
1,talk,117,7,5,Skip
1,talk,118,7,11,ESTIMATE Agent[06] WEREWOLF
1,talk,119,7,4,Over
1,talk,120,8,1,Skip
1,talk,121,8,13,Over
1,talk,122,8,2,Over
1,talk,123,8,9,Over
1,talk,124,8,10,Over
1,talk,125,8,4,Over
1,talk,126,8,14,Over
1,talk,127,8,8,Over
1,talk,128,8,11,Skip
1,talk,129,8,7,AND (VOTE Agent[14]) (REQUEST ANY (VOTE Agent[14]))
1,talk,130,8,6,Over
1,talk,131,8,12,Over
1,talk,132,8,3,AND (VOTE Agent[02]) (REQUEST ANY (VOTE Agent[02]))
1,talk,133,8,5,Skip
1,talk,134,8,15,Over
1,talk,135,9,6,Over
1,talk,136,9,9,Over
1,talk,137,9,14,Over
1,talk,138,9,15,Over
1,talk,139,9,10,Over
1,talk,140,9,12,Over
1,talk,141,9,5,Over
1,talk,142,9,11,Over
1,talk,143,9,8,Over
1,talk,144,9,4,Over
1,talk,145,9,13,Over
1,talk,146,9,7,AND (VOTE Agent[02]) (REQUEST ANY (VOTE Agent[02]))
1,talk,147,9,1,ATTACKED Agent[14]
1,talk,148,9,2,Over
1,talk,149,9,3,AND (VOTE Agent[14]) (REQUEST ANY (VOTE Agent[14]))
1,talk,150,10,15,Over
1,talk,151,10,7,AND (VOTE Agent[14]) (REQUEST ANY (VOTE Agent[14]))
1,talk,152,10,10,Over
1,talk,153,10,12,Over
1,talk,154,10,9,Over
1,talk,155,10,3,AND (VOTE Agent[02]) (REQUEST ANY (VOTE Agent[02]))
1,talk,156,10,14,Over
1,talk,157,10,13,Over
1,talk,158,10,5,AND (VOTE Agent[02]) (REQUEST ANY (VOTE Agent[02]))
1,talk,159,10,11,Over
1,talk,160,10,1,ATTACKED Agent[07]
1,talk,161,10,2,Over
1,talk,162,10,4,Over
1,talk,163,10,6,Over
1,talk,164,10,8,Over
1,talk,165,11,3,AND (VOTE Agent[14]) (REQUEST ANY (VOTE Agent[14]))
1,talk,166,11,10,Over
1,talk,167,11,15,Over
1,talk,168,11,7,AND (VOTE Agent[02]) (REQUEST ANY (VOTE Agent[02]))
1,talk,169,11,12,Over
1,talk,170,11,6,Over
1,talk,171,11,2,Over
1,talk,172,11,1,GUARD Agent[03]
1,talk,173,11,14,Over
1,talk,174,11,8,Over
1,talk,175,11,11,Over
1,talk,176,11,9,Over
1,talk,177,11,5,Skip
1,talk,178,11,13,Over
1,talk,179,11,4,Over
1,talk,180,12,13,Over
1,talk,181,12,4,Over
1,talk,182,12,2,Over
1,talk,183,12,9,Over
1,talk,184,12,14,Over
1,talk,185,12,7,Skip
1,talk,186,12,3,AND (VOTE Agent[02]) (REQUEST ANY (VOTE Agent[02]))
1,talk,187,12,10,Over
1,talk,188,12,15,Over
1,talk,189,12,8,Over
1,talk,190,12,6,Over
1,talk,191,12,11,Over
1,talk,192,12,1,GUARD Agent[13]
1,talk,193,12,5,Skip
1,talk,194,12,12,Over
1,talk,195,13,6,Over
1,talk,196,13,14,Over
1,talk,197,13,3,Over
1,talk,198,13,5,Over
1,talk,199,13,1,Over
1,talk,200,13,8,Over
1,talk,201,13,15,Over
1,talk,202,13,10,Over
1,talk,203,13,12,Over
1,talk,204,13,13,Over
1,talk,205,13,11,Over
1,talk,206,13,7,Skip
1,talk,207,13,9,Over
1,talk,208,13,2,Over
1,talk,209,13,4,Over
1,talk,210,14,11,Over
1,talk,211,14,14,Over
1,talk,212,14,10,Over
1,talk,213,14,13,Over
1,talk,214,14,3,Over
1,talk,215,14,4,Over
1,talk,216,14,2,Over
1,talk,217,14,12,Over
1,talk,218,14,7,Over
1,talk,219,14,9,Over
1,talk,220,14,8,Over
1,talk,221,14,6,Over
1,talk,222,14,1,Over
1,talk,223,14,5,Over
1,talk,224,14,15,Over
1,vote,1,14
1,vote,2,13
1,vote,3,2
1,vote,4,2
1,vote,5,2
1,vote,6,5
1,vote,7,2
1,vote,8,12
1,vote,9,13
1,vote,10,2
1,vote,11,14
1,vote,12,13
1,vote,13,2
1,vote,14,10
1,vote,15,1
1,execute,2,VILLAGER
1,divine,8,13,WEREWOLF
1,whisper,0,0,9,Skip
1,whisper,1,0,13,Over
1,whisper,2,0,10,ATTACK Agent[01]
1,whisper,3,1,10,Skip
1,whisper,4,1,9,Skip
1,whisper,5,1,13,Over
1,whisper,6,2,9,Over
1,whisper,7,2,13,Over
1,whisper,8,2,10,Skip
1,whisper,9,3,9,Over
1,whisper,10,3,10,Over
1,whisper,11,3,13,Over
1,guard,11,13,WEREWOLF
1,attackVote,9,11
1,attackVote,10,1
1,attackVote,13,12
1,attackVote,9,11
1,attackVote,10,1
1,attackVote,13,12
1,attack,11,true
2,status,1,VILLAGER,ALIVE,kenzi
2,status,2,VILLAGER,DEAD,hello_wolf
2,status,3,VILLAGER,ALIVE,Dummy_01
2,status,4,VILLAGER,ALIVE,Tomato
2,status,5,VILLAGER,ALIVE,Dummy_03
2,status,6,POSSESSED,ALIVE,Udon
2,status,7,VILLAGER,ALIVE,Dummy_02
2,status,8,SEER,ALIVE,fisherman
2,status,9,WEREWOLF,ALIVE,takeda
2,status,10,WEREWOLF,ALIVE,GO1DeNO
2,status,11,BODYGUARD,DEAD,wasabi
2,status,12,VILLAGER,ALIVE,fanfan
2,status,13,WEREWOLF,ALIVE,calups
2,status,14,MEDIUM,ALIVE,sonoda
2,status,15,VILLAGER,ALIVE,cantar
2,talk,0,0,8,DIVINED Agent[13] WEREWOLF
2,talk,1,0,1,DIVINATION Agent[14]
2,talk,2,0,3,Skip
2,talk,3,0,6,DIVINED Agent[05] HUMAN
2,talk,4,0,13,DIVINED Agent[03] HUMAN
2,talk,5,0,5,Skip
2,talk,6,0,9,VOTE Agent[13]
2,talk,7,0,4,VOTE Agent[07]
2,talk,8,0,7,Skip
2,talk,9,0,10,IDENTIFIED Agent[02] HUMAN
2,talk,10,0,15,ESTIMATE Agent[07] WEREWOLF
2,talk,11,0,14,IDENTIFIED Agent[02] HUMAN
2,talk,12,0,12,VOTE Agent[13]
2,talk,13,1,4,VOTE Agent[13]
2,talk,14,1,3,Skip
2,talk,15,1,6,VOTE Agent[12]
2,talk,16,1,8,Skip
2,talk,17,1,7,Skip
2,talk,18,1,15,VOTE Agent[07]
2,talk,19,1,5,Skip
2,talk,20,1,10,VOTE Agent[05]
2,talk,21,1,13,Skip
2,talk,22,1,1,VOTED Agent[13]
2,talk,23,1,9,VOTE Agent[10]
2,talk,24,1,12,Skip
2,talk,25,1,14,VOTE Agent[10]
2,talk,26,2,14,Skip
2,talk,27,2,6,Over
2,talk,28,2,5,AND (VOTE Agent[03]) (REQUEST ANY (VOTE Agent[03]))
2,talk,29,2,12,Skip
2,talk,30,2,8,Skip
2,talk,31,2,3,AND (VOTE Agent[04]) (REQUEST ANY (VOTE Agent[04]))
2,talk,32,2,4,VOTE Agent[10]
2,talk,33,2,9,VOTE Agent[12]
2,talk,34,2,10,VOTE Agent[07]
2,talk,35,2,1,VOTED Agent[05]
2,talk,36,2,13,Skip
2,talk,37,2,15,Skip
2,talk,38,2,7,AND (VOTE Agent[06]) (REQUEST ANY (VOTE Agent[06]))
2,talk,39,3,10,Skip
2,talk,40,3,7,AND (VOTE Agent[03]) (REQUEST ANY (VOTE Agent[03]))
2,talk,41,3,13,Over
2,talk,42,3,4,VOTE Agent[07]
2,talk,43,3,15,Skip
2,talk,44,3,14,Skip
2,talk,45,3,5,AND (VOTE Agent[06]) (REQUEST ANY (VOTE Agent[06]))
2,talk,46,3,1,Skip
2,talk,47,3,6,Over
2,talk,48,3,8,Over
2,talk,49,3,12,VOTE Agent[10]
2,talk,50,3,9,VOTE Agent[10]
2,talk,51,3,3,AND (VOTE Agent[03]) (REQUEST ANY (VOTE Agent[03]))
2,talk,52,4,8,Over
2,talk,53,4,14,Over
2,talk,54,4,7,Skip
2,talk,55,4,13,Over
2,talk,56,4,5,AND (VOTE Agent[03]) (REQUEST ANY (VOTE Agent[03]))
2,talk,57,4,6,Over
2,talk,58,4,15,Over
2,talk,59,4,12,Skip
2,talk,60,4,4,VOTE Agent[10]
2,talk,61,4,9,Skip
2,talk,62,4,1,GUARDED Agent[10]
2,talk,63,4,3,Skip
2,talk,64,4,10,Skip
2,talk,65,5,4,VOTE Agent[03]
2,talk,66,5,9,Skip
2,talk,67,5,10,Over
2,talk,68,5,5,Skip
2,talk,69,5,15,Over
2,talk,70,5,6,Over
2,talk,71,5,8,Over
2,talk,72,5,7,Skip
2,talk,73,5,12,Skip
2,talk,74,5,13,OR (VOTE Agent[04]) (VOTE Agent[07]) (VOTE Agent[09]) (VOTE Agent[12]) 
2,talk,75,5,3,Skip
2,talk,76,5,1,ATTACKED Agent[06]
2,talk,77,5,14,Over
2,talk,78,6,8,Over
2,talk,79,6,9,Over
2,talk,80,6,15,Over
2,talk,81,6,13,Over
2,talk,82,6,7,Over
2,talk,83,6,10,Over
2,talk,84,6,4,Skip
2,talk,85,6,3,Over
2,talk,86,6,1,ATTACKED Agent[04]
2,talk,87,6,12,Over
2,talk,88,6,14,Over
2,talk,89,6,6,Over
2,talk,90,6,5,Skip
2,talk,91,7,14,Over
2,talk,92,7,10,Over
2,talk,93,7,9,Over
2,talk,94,7,3,Over
2,talk,95,7,5,Over
2,talk,96,7,1,ATTACK Agent[08]
2,talk,97,7,8,Over
2,talk,98,7,15,Over
2,talk,99,7,13,Over
2,talk,100,7,4,Skip
2,talk,101,7,7,Over
2,talk,102,7,12,Over
2,talk,103,7,6,Over
2,talk,104,8,3,Over
2,talk,105,8,1,Agent[05] DIVINED Agent[09] HUMAN
2,talk,106,8,12,Over
2,talk,107,8,4,Over
2,talk,108,8,10,Over
2,talk,109,8,5,Over
2,talk,110,8,9,Over
2,talk,111,8,14,Over
2,talk,112,8,8,Over
2,talk,113,8,7,Over
2,talk,114,8,6,Over
2,talk,115,8,13,Over
2,talk,116,8,15,Over
2,talk,117,9,10,Over
2,talk,118,9,13,Over
2,talk,119,9,7,Over
2,talk,120,9,15,Over
2,talk,121,9,6,Over
2,talk,122,9,14,Over
2,talk,123,9,8,Over
2,talk,124,9,1,COMINGOUT Agent[06] POSSESSED
2,talk,125,9,12,Over
2,talk,126,9,4,Over
2,talk,127,9,3,Over
2,talk,128,9,9,Over
2,talk,129,9,5,Over
2,talk,130,10,12,Over
2,talk,131,10,9,Over
2,talk,132,10,5,Over
2,talk,133,10,1,VOTE Agent[06]
2,talk,134,10,13,Over
2,talk,135,10,6,Over
2,talk,136,10,8,Over
2,talk,137,10,10,Over
2,talk,138,10,4,Over
2,talk,139,10,15,Over
2,talk,140,10,14,Over
2,talk,141,10,3,Over
2,talk,142,10,7,Over
2,talk,143,11,9,Over
2,talk,144,11,4,Over
2,talk,145,11,1,Over
2,talk,146,11,7,Over
2,talk,147,11,14,Over
2,talk,148,11,13,Over
2,talk,149,11,12,Over
2,talk,150,11,8,Over
2,talk,151,11,15,Over
2,talk,152,11,5,Over
2,talk,153,11,6,Over
2,talk,154,11,10,Over
2,talk,155,11,3,Over
2,vote,1,7
2,vote,3,14
2,vote,4,3
2,vote,5,3
2,vote,6,12
2,vote,7,3
2,vote,8,4
2,vote,9,10
2,vote,10,7
2,vote,12,10
2,vote,13,9
2,vote,14,10
2,vote,15,7
2,vote,1,4
2,vote,3,7
2,vote,4,3
2,vote,5,3
2,vote,6,9
2,vote,7,3
2,vote,8,12
2,vote,9,10
2,vote,10,7
2,vote,12,10
2,vote,13,9
2,vote,14,10
2,vote,15,7
2,execute,7,VILLAGER
2,divine,8,6,HUMAN
2,whisper,0,0,10,ESTIMATE Agent[01] POSSESSED
2,whisper,1,0,13,Over
2,whisper,2,0,9,Skip
2,whisper,3,1,10,ATTACK Agent[12]
2,whisper,4,1,13,Over
2,whisper,5,1,9,Skip
2,whisper,6,2,10,Skip
2,whisper,7,2,13,Over
2,whisper,8,2,9,Over
2,whisper,9,3,10,Skip
2,whisper,10,3,9,Over
2,whisper,11,3,13,Over
2,whisper,12,4,13,Over
2,whisper,13,4,9,Over
2,whisper,14,4,10,Over
2,attackVote,9,14
2,attackVote,10,12
2,attackVote,13,12
2,attack,12,true
3,status,1,VILLAGER,ALIVE,kenzi
3,status,2,VILLAGER,DEAD,hello_wolf
3,status,3,VILLAGER,ALIVE,Dummy_01
3,status,4,VILLAGER,ALIVE,Tomato
3,status,5,VILLAGER,ALIVE,Dummy_03
3,status,6,POSSESSED,ALIVE,Udon
3,status,7,VILLAGER,DEAD,Dummy_02
3,status,8,SEER,ALIVE,fisherman
3,status,9,WEREWOLF,ALIVE,takeda
3,status,10,WEREWOLF,ALIVE,GO1DeNO
3,status,11,BODYGUARD,DEAD,wasabi
3,status,12,VILLAGER,DEAD,fanfan
3,status,13,WEREWOLF,ALIVE,calups
3,status,14,MEDIUM,ALIVE,sonoda
3,status,15,VILLAGER,ALIVE,cantar
3,talk,0,0,8,DIVINED Agent[06] HUMAN
3,talk,1,0,5,Skip
3,talk,2,0,4,VOTE Agent[15]
3,talk,3,0,15,ESTIMATE Agent[08] WEREWOLF
3,talk,4,0,13,DIVINED Agent[09] HUMAN
3,talk,5,0,6,DIVINED Agent[09] HUMAN
3,talk,6,0,3,Skip
3,talk,7,0,1,DIVINATION Agent[06]
3,talk,8,0,10,IDENTIFIED Agent[07] HUMAN
3,talk,9,0,9,VOTE Agent[05]
3,talk,10,0,14,IDENTIFIED Agent[07] HUMAN
3,talk,11,1,5,Skip
3,talk,12,1,13,Skip
3,talk,13,1,9,Skip
3,talk,14,1,1,VOTED Agent[06]
3,talk,15,1,15,VOTE Agent[08]
3,talk,16,1,8,Skip
3,talk,17,1,14,VOTE Agent[10]
3,talk,18,1,10,VOTE Agent[15]
3,talk,19,1,4,VOTE Agent[05]
3,talk,20,1,6,VOTE Agent[05]
3,talk,21,1,3,Skip
3,talk,22,2,3,AND (VOTE Agent[06]) (REQUEST ANY (VOTE Agent[06]))
3,talk,23,2,1,ESTIMATE Agent[03] FREEMASON
3,talk,24,2,4,Skip
3,talk,25,2,6,Over
3,talk,26,2,8,Skip
3,talk,27,2,5,AND (VOTE Agent[08]) (REQUEST ANY (VOTE Agent[08]))
3,talk,28,2,10,VOTE Agent[05]
3,talk,29,2,13,Skip
3,talk,30,2,14,Skip
3,talk,31,2,9,Skip
3,talk,32,2,15,Skip
3,talk,33,3,9,Over
3,talk,34,3,14,Skip
3,talk,35,3,6,Over
3,talk,36,3,5,AND (VOTE Agent[06]) (REQUEST ANY (VOTE Agent[06]))
3,talk,37,3,8,Over
3,talk,38,3,4,Skip
3,talk,39,3,10,Skip
3,talk,40,3,13,Over
3,talk,41,3,15,Skip
3,talk,42,3,3,AND (VOTE Agent[08]) (REQUEST ANY (VOTE Agent[08]))
3,talk,43,3,1,ESTIMATE Agent[14] BODYGUARD
3,talk,44,4,8,Over
3,talk,45,4,3,AND (VOTE Agent[06]) (REQUEST ANY (VOTE Agent[06]))
3,talk,46,4,5,AND (VOTE Agent[08]) (REQUEST ANY (VOTE Agent[08]))
3,talk,47,4,14,Over
3,talk,48,4,9,Over
3,talk,49,4,15,Over
3,talk,50,4,4,Over
3,talk,51,4,13,Over
3,talk,52,4,6,Over
3,talk,53,4,10,Skip
3,talk,54,4,1,VOTED Agent[06]
3,talk,55,5,9,Over
3,talk,56,5,5,AND (VOTE Agent[06]) (REQUEST ANY (VOTE Agent[06]))
3,talk,57,5,3,AND (VOTE Agent[08]) (REQUEST ANY (VOTE Agent[08]))
3,talk,58,5,6,Over
3,talk,59,5,13,OR (VOTE Agent[04]) 
3,talk,60,5,8,Over
3,talk,61,5,1,Skip
3,talk,62,5,4,VOTE Agent[08]
3,talk,63,5,14,Over
3,talk,64,5,10,Over
3,talk,65,5,15,Over
3,talk,66,6,8,Over
3,talk,67,6,14,Over
3,talk,68,6,6,Over
3,talk,69,6,13,Over
3,talk,70,6,3,AND (VOTE Agent[06]) (REQUEST ANY (VOTE Agent[06]))
3,talk,71,6,15,Over
3,talk,72,6,10,Over
3,talk,73,6,4,Skip
3,talk,74,6,1,VOTED Agent[14]
3,talk,75,6,5,AND (VOTE Agent[08]) (REQUEST ANY (VOTE Agent[08]))
3,talk,76,6,9,Over
3,talk,77,7,3,AND (VOTE Agent[08]) (REQUEST ANY (VOTE Agent[08]))
3,talk,78,7,1,ESTIMATE Agent[04] POSSESSED
3,talk,79,7,6,Over
3,talk,80,7,15,Over
3,talk,81,7,5,AND (VOTE Agent[06]) (REQUEST ANY (VOTE Agent[06]))
3,talk,82,7,13,Over
3,talk,83,7,4,Skip
3,talk,84,7,8,Over
3,talk,85,7,14,Over
3,talk,86,7,9,Over
3,talk,87,7,10,Over
3,talk,88,8,5,AND (VOTE Agent[08]) (REQUEST ANY (VOTE Agent[08]))
3,talk,89,8,9,Over
3,talk,90,8,6,Over
3,talk,91,8,14,Over
3,talk,92,8,10,Over
3,talk,93,8,4,Over
3,talk,94,8,1,ATTACKED Agent[09]
3,talk,95,8,13,Over
3,talk,96,8,3,AND (VOTE Agent[06]) (REQUEST ANY (VOTE Agent[06]))
3,talk,97,8,8,Over
3,talk,98,8,15,Over
3,talk,99,9,13,Over
3,talk,100,9,6,Over
3,talk,101,9,9,Over
3,talk,102,9,15,Over
3,talk,103,9,5,AND (VOTE Agent[06]) (REQUEST ANY (VOTE Agent[06]))
3,talk,104,9,4,Over
3,talk,105,9,10,Over
3,talk,106,9,8,Over
3,talk,107,9,14,Over
3,talk,108,9,3,AND (VOTE Agent[08]) (REQUEST ANY (VOTE Agent[08]))
3,talk,109,9,1,GUARD Agent[10]
3,talk,110,10,14,Over
3,talk,111,10,5,AND (VOTE Agent[08]) (REQUEST ANY (VOTE Agent[08]))
3,talk,112,10,9,Over
3,talk,113,10,4,Over
3,talk,114,10,1,AGREE TALK day3 ID:81
3,talk,115,10,3,AND (VOTE Agent[06]) (REQUEST ANY (VOTE Agent[06]))
3,talk,116,10,13,Over
3,talk,117,10,15,Over
3,talk,118,10,8,Over
3,talk,119,10,10,Over
3,talk,120,10,6,Over
3,talk,121,11,15,Over
3,talk,122,11,6,Over
3,talk,123,11,5,AND (VOTE Agent[06]) (REQUEST ANY (VOTE Agent[06]))
3,talk,124,11,14,Over
3,talk,125,11,3,AND (VOTE Agent[08]) (REQUEST ANY (VOTE Agent[08]))
3,talk,126,11,10,Over
3,talk,127,11,9,Over
3,talk,128,11,8,Over
3,talk,129,11,1,Over
3,talk,130,11,4,Over
3,talk,131,11,13,Over
3,talk,132,12,15,Over
3,talk,133,12,3,Over
3,talk,134,12,5,Over
3,talk,135,12,4,Over
3,talk,136,12,13,Over
3,talk,137,12,14,Over
3,talk,138,12,6,Over
3,talk,139,12,10,Over
3,talk,140,12,9,Over
3,talk,141,12,8,Over
3,talk,142,12,1,Over
3,vote,1,6
3,vote,3,6
3,vote,4,8
3,vote,5,8
3,vote,6,5
3,vote,8,3
3,vote,9,13
3,vote,10,5
3,vote,13,4
3,vote,14,10
3,vote,15,8
3,execute,8,SEER
3,whisper,0,0,9,Skip
3,whisper,1,0,10,ATTACK Agent[04]
3,whisper,2,0,13,Over
3,whisper,3,1,13,Over
3,whisper,4,1,9,Skip
3,whisper,5,1,10,Skip
3,whisper,6,2,9,Over
3,whisper,7,2,10,Skip
3,whisper,8,2,13,Over
3,whisper,9,3,9,Over
3,whisper,10,3,13,Over
3,whisper,11,3,10,Over
3,attackVote,9,14
3,attackVote,10,4
3,attackVote,13,4
3,attack,4,true
4,status,1,VILLAGER,ALIVE,kenzi
4,status,2,VILLAGER,DEAD,hello_wolf
4,status,3,VILLAGER,ALIVE,Dummy_01
4,status,4,VILLAGER,DEAD,Tomato
4,status,5,VILLAGER,ALIVE,Dummy_03
4,status,6,POSSESSED,ALIVE,Udon
4,status,7,VILLAGER,DEAD,Dummy_02
4,status,8,SEER,DEAD,fisherman
4,status,9,WEREWOLF,ALIVE,takeda
4,status,10,WEREWOLF,ALIVE,GO1DeNO
4,status,11,BODYGUARD,DEAD,wasabi
4,status,12,VILLAGER,DEAD,fanfan
4,status,13,WEREWOLF,ALIVE,calups
4,status,14,MEDIUM,ALIVE,sonoda
4,status,15,VILLAGER,ALIVE,cantar
4,talk,0,0,10,IDENTIFIED Agent[08] HUMAN
4,talk,1,0,5,Skip
4,talk,2,0,1,DIVINATION Agent[05]
4,talk,3,0,3,Skip
4,talk,4,0,13,DIVINED Agent[01] HUMAN
4,talk,5,0,6,DIVINED Agent[01] HUMAN
4,talk,6,0,14,IDENTIFIED Agent[08] HUMAN
4,talk,7,0,15,ESTIMATE Agent[14] WEREWOLF
4,talk,8,0,9,VOTE Agent[05]
4,talk,9,1,1,Skip
4,talk,10,1,5,Skip
4,talk,11,1,3,Skip
4,talk,12,1,14,VOTE Agent[10]
4,talk,13,1,13,Skip
4,talk,14,1,15,VOTE Agent[14]
4,talk,15,1,9,Skip
4,talk,16,1,10,VOTE Agent[05]
4,talk,17,1,6,VOTE Agent[09]
4,talk,18,2,6,Over
4,talk,19,2,13,Skip
4,talk,20,2,3,AND (VOTE Agent[14]) (REQUEST ANY (VOTE Agent[14]))
4,talk,21,2,10,Skip
4,talk,22,2,9,Skip
4,talk,23,2,14,Skip
4,talk,24,2,15,Skip
4,talk,25,2,1,Skip
4,talk,26,2,5,AND (VOTE Agent[06]) (REQUEST ANY (VOTE Agent[06]))
4,talk,27,3,14,Skip
4,talk,28,3,13,Over
4,talk,29,3,10,Skip
4,talk,30,3,1,ATTACK Agent[06]
4,talk,31,3,9,Over
4,talk,32,3,5,AND (VOTE Agent[14]) (REQUEST ANY (VOTE Agent[14]))
4,talk,33,3,15,Skip
4,talk,34,3,6,Over
4,talk,35,3,3,AND (VOTE Agent[06]) (REQUEST ANY (VOTE Agent[06]))
4,talk,36,4,9,Over
4,talk,37,4,13,Over
4,talk,38,4,3,AND (VOTE Agent[14]) (REQUEST ANY (VOTE Agent[14]))
4,talk,39,4,5,AND (VOTE Agent[06]) (REQUEST ANY (VOTE Agent[06]))
4,talk,40,4,6,Over
4,talk,41,4,15,Over
4,talk,42,4,1,DISAGREE TALK day4 ID:20
4,talk,43,4,10,Over
4,talk,44,4,14,Over
4,talk,45,5,14,Over
4,talk,46,5,10,Over
4,talk,47,5,6,Over
4,talk,48,5,15,Over
4,talk,49,5,3,AND (VOTE Agent[06]) (REQUEST ANY (VOTE Agent[06]))
4,talk,50,5,5,AND (VOTE Agent[14]) (REQUEST ANY (VOTE Agent[14]))
4,talk,51,5,13,OR (VOTE Agent[01]) (VOTE Agent[03]) (VOTE Agent[05]) (VOTE Agent[09]) 
4,talk,52,5,9,Over
4,talk,53,5,1,ESTIMATE Agent[09] FOX
4,talk,54,6,6,Over
4,talk,55,6,1,Skip
4,talk,56,6,14,Over
4,talk,57,6,15,Over
4,talk,58,6,9,Over
4,talk,59,6,5,AND (VOTE Agent[06]) (REQUEST ANY (VOTE Agent[06]))
4,talk,60,6,3,AND (VOTE Agent[14]) (REQUEST ANY (VOTE Agent[14]))
4,talk,61,6,13,Over
4,talk,62,6,10,Over
4,talk,63,7,1,Skip
4,talk,64,7,3,AND (VOTE Agent[06]) (REQUEST ANY (VOTE Agent[06]))
4,talk,65,7,5,AND (VOTE Agent[14]) (REQUEST ANY (VOTE Agent[14]))
4,talk,66,7,6,Over
4,talk,67,7,15,Over
4,talk,68,7,14,Over
4,talk,69,7,10,Over
4,talk,70,7,13,Over
4,talk,71,7,9,Over
4,talk,72,8,13,Over
4,talk,73,8,15,Over
4,talk,74,8,1,IDENTIFIED Agent[15] ANY
4,talk,75,8,14,Over
4,talk,76,8,6,Over
4,talk,77,8,5,AND (VOTE Agent[06]) (REQUEST ANY (VOTE Agent[06]))
4,talk,78,8,9,Over
4,talk,79,8,10,Over
4,talk,80,8,3,AND (VOTE Agent[14]) (REQUEST ANY (VOTE Agent[14]))
4,talk,81,9,6,Over
4,talk,82,9,15,Over
4,talk,83,9,5,AND (VOTE Agent[14]) (REQUEST ANY (VOTE Agent[14]))
4,talk,84,9,3,AND (VOTE Agent[06]) (REQUEST ANY (VOTE Agent[06]))
4,talk,85,9,10,Over
4,talk,86,9,9,Over
4,talk,87,9,14,VOTE Agent[13]
4,talk,88,9,1,AGREE TALK day4 ID:62
4,talk,89,9,13,Over
4,talk,90,10,9,Over
4,talk,91,10,6,Over
4,talk,92,10,13,Over
4,talk,93,10,5,AND (VOTE Agent[06]) (REQUEST ANY (VOTE Agent[06]))
4,talk,94,10,3,AND (VOTE Agent[14]) (REQUEST ANY (VOTE Agent[14]))
4,talk,95,10,14,Over
4,talk,96,10,15,Over
4,talk,97,10,10,Over
4,talk,98,10,1,GUARDED Agent[10]
4,talk,99,11,14,Over
4,talk,100,11,3,AND (VOTE Agent[06]) (REQUEST ANY (VOTE Agent[06]))
4,talk,101,11,10,Over
4,talk,102,11,15,Over
4,talk,103,11,6,Over
4,talk,104,11,1,VOTED Agent[03]
4,talk,105,11,5,AND (VOTE Agent[14]) (REQUEST ANY (VOTE Agent[14]))
4,talk,106,11,9,Over
4,talk,107,11,13,Over
4,talk,108,12,6,Over
4,talk,109,12,10,Over
4,talk,110,12,3,Over
4,talk,111,12,14,Over
4,talk,112,12,5,Over
4,talk,113,12,13,Over
4,talk,114,12,1,Agent[09] DIVINED Agent[05] HUMAN
4,talk,115,12,15,Over
4,talk,116,12,9,Over
4,talk,117,13,9,Over
4,talk,118,13,10,Over
4,talk,119,13,5,Over
4,talk,120,13,1,COMINGOUT Agent[09] BODYGUARD
4,talk,121,13,3,Over
4,talk,122,13,13,Over
4,talk,123,13,14,Over
4,talk,124,13,6,Over
4,talk,125,13,15,Over
4,talk,126,14,13,Over
4,talk,127,14,3,Over
4,talk,128,14,10,Over
4,talk,129,14,1,Over
4,talk,130,14,6,Over
4,talk,131,14,5,Over
4,talk,132,14,9,Over
4,talk,133,14,15,Over
4,talk,134,14,14,Over
4,vote,1,6
4,vote,3,14
4,vote,5,6
4,vote,6,9
4,vote,9,13
4,vote,10,5
4,vote,13,9
4,vote,14,13
4,vote,15,14
4,vote,1,13
4,vote,3,6
4,vote,5,6
4,vote,6,9
4,vote,9,13
4,vote,10,5
4,vote,13,9
4,vote,14,13
4,vote,15,14
4,execute,13,WEREWOLF
4,whisper,0,0,9,Skip
4,whisper,1,0,10,ATTACK Agent[15]
4,whisper,2,1,9,Skip
4,whisper,3,1,10,Skip
4,whisper,4,2,9,Over
4,whisper,5,2,10,Skip
4,whisper,6,3,9,Over
4,whisper,7,3,10,Over
4,attackVote,9,14
4,attackVote,10,15
4,attackVote,9,14
4,attackVote,10,15
4,attack,14,true
5,status,1,VILLAGER,ALIVE,kenzi
5,status,2,VILLAGER,DEAD,hello_wolf
5,status,3,VILLAGER,ALIVE,Dummy_01
5,status,4,VILLAGER,DEAD,Tomato
5,status,5,VILLAGER,ALIVE,Dummy_03
5,status,6,POSSESSED,ALIVE,Udon
5,status,7,VILLAGER,DEAD,Dummy_02
5,status,8,SEER,DEAD,fisherman
5,status,9,WEREWOLF,ALIVE,takeda
5,status,10,WEREWOLF,ALIVE,GO1DeNO
5,status,11,BODYGUARD,DEAD,wasabi
5,status,12,VILLAGER,DEAD,fanfan
5,status,13,WEREWOLF,DEAD,calups
5,status,14,MEDIUM,DEAD,sonoda
5,status,15,VILLAGER,ALIVE,cantar
5,talk,0,0,6,DIVINED Agent[03] WEREWOLF
5,talk,1,0,15,ESTIMATE Agent[01] WEREWOLF
5,talk,2,0,9,VOTE Agent[05]
5,talk,3,0,10,IDENTIFIED Agent[13] HUMAN
5,talk,4,0,5,Skip
5,talk,5,0,1,Skip
5,talk,6,0,3,Skip
5,talk,7,1,9,Skip
5,talk,8,1,3,Skip
5,talk,9,1,1,ATTACK Agent[10]
5,talk,10,1,6,VOTE Agent[09]
5,talk,11,1,15,VOTE Agent[01]
5,talk,12,1,5,Skip
5,talk,13,1,10,VOTE Agent[05]
5,talk,14,2,15,Skip
5,talk,15,2,9,Skip
5,talk,16,2,1,Skip
5,talk,17,2,5,AND (VOTE Agent[09]) (REQUEST ANY (VOTE Agent[09]))
5,talk,18,2,10,Skip
5,talk,19,2,6,Over
5,talk,20,2,3,AND (VOTE Agent[06]) (REQUEST ANY (VOTE Agent[06]))
5,talk,21,3,9,Over
5,talk,22,3,15,Skip
5,talk,23,3,1,DISAGREE TALK day5 ID:12
5,talk,24,3,5,AND (VOTE Agent[06]) (REQUEST ANY (VOTE Agent[06]))
5,talk,25,3,10,Skip
5,talk,26,3,6,Over
5,talk,27,3,3,Skip
5,talk,28,4,15,Over
5,talk,29,4,5,Skip
5,talk,30,4,10,Over
5,talk,31,4,1,COMINGOUT Agent[15] MEDIUM
5,talk,32,4,9,Over
5,talk,33,4,6,Over
5,talk,34,4,3,Skip
5,talk,35,5,5,Skip
5,talk,36,5,6,Over
5,talk,37,5,3,Over
5,talk,38,5,1,ATTACK Agent[05]
5,talk,39,5,10,Over
5,talk,40,5,9,VOTE Agent[01]
5,talk,41,5,15,Over
5,talk,42,6,6,Over
5,talk,43,6,3,Over
5,talk,44,6,9,Skip
5,talk,45,6,5,Over
5,talk,46,6,1,Over
5,talk,47,6,10,VOTE Agent[01]
5,talk,48,6,15,Over
5,talk,49,7,3,Over
5,talk,50,7,5,Over
5,talk,51,7,1,ATTACK Agent[15]
5,talk,52,7,15,Over
5,talk,53,7,6,Over
5,talk,54,7,10,Skip
5,talk,55,7,9,Skip
5,talk,56,8,15,Over
5,talk,57,8,9,Over
5,talk,58,8,5,Over
5,talk,59,8,10,Skip
5,talk,60,8,1,Agent[10] DIVINED Agent[05] ANY
5,talk,61,8,3,Over
5,talk,62,8,6,Over
5,talk,63,9,9,Over
5,talk,64,9,15,Over
5,talk,65,9,1,ESTIMATE Agent[09] FOX
5,talk,66,9,6,Over
5,talk,67,9,5,BECAUSE (AND (COMINGOUT Agent[05] VILLAGER) (DAY 5 (Agent[10] DIVINED Agent[05] ANY))) (XOR (ESTIMATE Agent[10] WEREWOLF) (ESTIMATE Agent[10] POSSESSED))
5,talk,68,9,10,Over
5,talk,69,9,3,Over
5,talk,70,10,6,Over
5,talk,71,10,9,Over
5,talk,72,10,10,Over
5,talk,73,10,1,ATTACK Agent[15]
5,talk,74,10,5,BECAUSE (XOR (ESTIMATE Agent[10] WEREWOLF) (ESTIMATE Agent[10] POSSESSED)) (AND (VOTE Agent[10]) (REQUEST ANY (VOTE Agent[10])))
5,talk,75,10,3,Over
5,talk,76,10,15,Over
5,talk,77,11,9,Over
5,talk,78,11,3,Over
5,talk,79,11,15,Over
5,talk,80,11,10,Over
5,talk,81,11,6,Over
5,talk,82,11,1,COMINGOUT Agent[09] SEER
5,talk,83,11,5,Skip
5,talk,84,12,5,Skip
5,talk,85,12,1,ATTACK Agent[10]
5,talk,86,12,3,Over
5,talk,87,12,6,Over
5,talk,88,12,9,Over
5,talk,89,12,10,Over
5,talk,90,12,15,Over
5,talk,91,13,9,Over
5,talk,92,13,15,Over
5,talk,93,13,1,Over
5,talk,94,13,3,Over
5,talk,95,13,10,Over
5,talk,96,13,6,Over
5,talk,97,13,5,Over
5,vote,1,3
5,vote,3,6
5,vote,5,10
5,vote,6,9
5,vote,9,10
5,vote,10,1
5,vote,15,1
5,vote,1,6
5,vote,3,6
5,vote,5,10
5,vote,6,1
5,vote,9,10
5,vote,10,1
5,vote,15,1
5,execute,1,VILLAGER
5,whisper,0,0,10,ATTACK Agent[06]
5,whisper,1,0,9,Skip
5,whisper,2,1,9,Skip
5,whisper,3,1,10,Skip
5,whisper,4,2,9,Over
5,whisper,5,2,10,Skip
5,whisper,6,3,9,Over
5,whisper,7,3,10,Over
5,attackVote,9,15
5,attackVote,10,6
5,attackVote,9,15
5,attackVote,10,6
5,attack,6,true
6,status,1,VILLAGER,DEAD,kenzi
6,status,2,VILLAGER,DEAD,hello_wolf
6,status,3,VILLAGER,ALIVE,Dummy_01
6,status,4,VILLAGER,DEAD,Tomato
6,status,5,VILLAGER,ALIVE,Dummy_03
6,status,6,POSSESSED,DEAD,Udon
6,status,7,VILLAGER,DEAD,Dummy_02
6,status,8,SEER,DEAD,fisherman
6,status,9,WEREWOLF,ALIVE,takeda
6,status,10,WEREWOLF,ALIVE,GO1DeNO
6,status,11,BODYGUARD,DEAD,wasabi
6,status,12,VILLAGER,DEAD,fanfan
6,status,13,WEREWOLF,DEAD,calups
6,status,14,MEDIUM,DEAD,sonoda
6,status,15,VILLAGER,ALIVE,cantar
6,talk,0,0,15,ESTIMATE Agent[09] WEREWOLF
6,talk,1,0,9,VOTE Agent[10]
6,talk,2,0,10,IDENTIFIED Agent[01] HUMAN
6,talk,3,0,5,BECAUSE (AND (COMINGOUT Agent[05] VILLAGER) (DAY 5 (Agent[10] DIVINED Agent[05] ANY))) (XOR (ESTIMATE Agent[10] WEREWOLF) (ESTIMATE Agent[10] POSSESSED))
6,talk,4,0,3,Skip
6,talk,5,1,9,Skip
6,talk,6,1,5,Skip
6,talk,7,1,15,VOTE Agent[09]
6,talk,8,1,3,Skip
6,talk,9,1,10,VOTE Agent[15]
6,talk,10,2,9,Skip
6,talk,11,2,3,AND (VOTE Agent[05]) (REQUEST ANY (VOTE Agent[05]))
6,talk,12,2,5,BECAUSE (XOR (ESTIMATE Agent[10] WEREWOLF) (ESTIMATE Agent[10] POSSESSED)) (AND (VOTE Agent[10]) (REQUEST ANY (VOTE Agent[10])))
6,talk,13,2,10,Skip
6,talk,14,2,15,Skip
6,talk,15,3,15,Skip
6,talk,16,3,10,Skip
6,talk,17,3,9,Over
6,talk,18,3,3,AND (VOTE Agent[10]) (REQUEST ANY (VOTE Agent[10]))
6,talk,19,3,5,Skip
6,talk,20,4,9,Over
6,talk,21,4,5,Skip
6,talk,22,4,15,Over
6,talk,23,4,3,Skip
6,talk,24,4,10,Over
6,talk,25,5,15,Over
6,talk,26,5,3,Skip
6,talk,27,5,5,Over
6,talk,28,5,10,Over
6,talk,29,5,9,Over
6,talk,30,6,15,Over
6,talk,31,6,3,Over
6,talk,32,6,5,Over
6,talk,33,6,9,Over
6,talk,34,6,10,Over
6,vote,3,10
6,vote,5,10
6,vote,9,10
6,vote,10,15
6,vote,15,9
6,execute,10,WEREWOLF
6,attackVote,9,15
6,attack,15,true
7,status,1,VILLAGER,DEAD,kenzi
7,status,2,VILLAGER,DEAD,hello_wolf
7,status,3,VILLAGER,ALIVE,Dummy_01
7,status,4,VILLAGER,DEAD,Tomato
7,status,5,VILLAGER,ALIVE,Dummy_03
7,status,6,POSSESSED,DEAD,Udon
7,status,7,VILLAGER,DEAD,Dummy_02
7,status,8,SEER,DEAD,fisherman
7,status,9,WEREWOLF,ALIVE,takeda
7,status,10,WEREWOLF,DEAD,GO1DeNO
7,status,11,BODYGUARD,DEAD,wasabi
7,status,12,VILLAGER,DEAD,fanfan
7,status,13,WEREWOLF,DEAD,calups
7,status,14,MEDIUM,DEAD,sonoda
7,status,15,VILLAGER,DEAD,cantar
7,talk,0,0,3,Skip
7,talk,1,0,5,Skip
7,talk,2,0,9,VOTE Agent[05]
7,talk,3,1,9,Skip
7,talk,4,1,3,Skip
7,talk,5,1,5,Skip
7,talk,6,2,9,Skip
7,talk,7,2,3,AND (VOTE Agent[05]) (REQUEST ANY (VOTE Agent[05]))
7,talk,8,2,5,AND (VOTE Agent[09]) (REQUEST ANY (VOTE Agent[09]))
7,talk,9,3,5,AND (VOTE Agent[05]) (REQUEST ANY (VOTE Agent[05]))
7,talk,10,3,9,Over
7,talk,11,3,3,AND (VOTE Agent[09]) (REQUEST ANY (VOTE Agent[09]))
7,talk,12,4,3,AND (VOTE Agent[05]) (REQUEST ANY (VOTE Agent[05]))
7,talk,13,4,5,AND (VOTE Agent[09]) (REQUEST ANY (VOTE Agent[09]))
7,talk,14,4,9,Over
7,talk,15,5,9,Over
7,talk,16,5,3,AND (VOTE Agent[09]) (REQUEST ANY (VOTE Agent[09]))
7,talk,17,5,5,AND (VOTE Agent[05]) (REQUEST ANY (VOTE Agent[05]))
7,talk,18,6,9,Over
7,talk,19,6,3,AND (VOTE Agent[05]) (REQUEST ANY (VOTE Agent[05]))
7,talk,20,6,5,AND (VOTE Agent[09]) (REQUEST ANY (VOTE Agent[09]))
7,talk,21,7,5,AND (VOTE Agent[05]) (REQUEST ANY (VOTE Agent[05]))
7,talk,22,7,9,Over
7,talk,23,7,3,AND (VOTE Agent[09]) (REQUEST ANY (VOTE Agent[09]))
7,talk,24,8,9,Over
7,talk,25,8,5,AND (VOTE Agent[09]) (REQUEST ANY (VOTE Agent[09]))
7,talk,26,8,3,AND (VOTE Agent[05]) (REQUEST ANY (VOTE Agent[05]))
7,talk,27,9,3,AND (VOTE Agent[09]) (REQUEST ANY (VOTE Agent[09]))
7,talk,28,9,5,AND (VOTE Agent[05]) (REQUEST ANY (VOTE Agent[05]))
7,talk,29,9,9,Over
7,talk,30,10,9,Over
7,talk,31,10,5,AND (VOTE Agent[09]) (REQUEST ANY (VOTE Agent[09]))
7,talk,32,10,3,AND (VOTE Agent[05]) (REQUEST ANY (VOTE Agent[05]))
7,talk,33,11,5,AND (VOTE Agent[05]) (REQUEST ANY (VOTE Agent[05]))
7,talk,34,11,9,Over
7,talk,35,11,3,AND (VOTE Agent[09]) (REQUEST ANY (VOTE Agent[09]))
7,talk,36,12,5,Over
7,talk,37,12,3,Over
7,talk,38,12,9,Over
7,vote,3,5
7,vote,5,9
7,vote,9,3
7,vote,3,5
7,vote,5,3
7,vote,9,5
7,execute,5,VILLAGER
7,attackVote,9,3
7,attack,3,true
8,status,1,VILLAGER,DEAD,kenzi
8,status,2,VILLAGER,DEAD,hello_wolf
8,status,3,VILLAGER,DEAD,Dummy_01
8,status,4,VILLAGER,DEAD,Tomato
8,status,5,VILLAGER,DEAD,Dummy_03
8,status,6,POSSESSED,DEAD,Udon
8,status,7,VILLAGER,DEAD,Dummy_02
8,status,8,SEER,DEAD,fisherman
8,status,9,WEREWOLF,ALIVE,takeda
8,status,10,WEREWOLF,DEAD,GO1DeNO
8,status,11,BODYGUARD,DEAD,wasabi
8,status,12,VILLAGER,DEAD,fanfan
8,status,13,WEREWOLF,DEAD,calups
8,status,14,MEDIUM,DEAD,sonoda
8,status,15,VILLAGER,DEAD,cantar
8,result,0,1,WEREWOLF
