0,status,1,VILLAGER,ALIVE,kenzi
0,status,2,WEREWOLF,ALIVE,hello_wolf
0,status,3,VILLAGER,ALIVE,Dummy_01
0,status,4,VILLAGER,ALIVE,Tomato
0,status,5,VILLAGER,ALIVE,Dummy_03
0,status,6,VILLAGER,ALIVE,Udon
0,status,7,MEDIUM,ALIVE,Dummy_02
0,status,8,VILLAGER,ALIVE,fisherman
0,status,9,BODYGUARD,ALIVE,takeda
0,status,10,VILLAGER,ALIVE,GO1DeNO
0,status,11,POSSESSED,ALIVE,wasabi
0,status,12,SEER,ALIVE,fanfan
0,status,13,WEREWOLF,ALIVE,calups
0,status,14,WEREWOLF,ALIVE,sonoda
0,status,15,VILLAGER,ALIVE,cantar
0,whisper,0,0,13,COMINGOUT Agent[13] SEER
0,whisper,1,0,2,COMINGOUT Agent[02] VILLAGER
0,whisper,2,0,14,Skip
0,whisper,3,1,13,Over
0,whisper,4,1,2,Skip
0,whisper,5,1,14,Skip
0,whisper,6,2,14,Over
0,whisper,7,2,13,Over
0,whisper,8,2,2,Skip
0,whisper,9,3,13,Over
0,whisper,10,3,14,Over
0,whisper,11,3,2,Over
0,divine,12,6,HUMAN
1,status,1,VILLAGER,ALIVE,kenzi
1,status,2,WEREWOLF,ALIVE,hello_wolf
1,status,3,VILLAGER,ALIVE,Dummy_01
1,status,4,VILLAGER,ALIVE,Tomato
1,status,5,VILLAGER,ALIVE,Dummy_03
1,status,6,VILLAGER,ALIVE,Udon
1,status,7,MEDIUM,ALIVE,Dummy_02
1,status,8,VILLAGER,ALIVE,fisherman
1,status,9,BODYGUARD,ALIVE,takeda
1,status,10,VILLAGER,ALIVE,GO1DeNO
1,status,11,POSSESSED,ALIVE,wasabi
1,status,12,SEER,ALIVE,fanfan
1,status,13,WEREWOLF,ALIVE,calups
1,status,14,WEREWOLF,ALIVE,sonoda
1,status,15,VILLAGER,ALIVE,cantar
1,talk,0,0,1,VOTED Agent[13]
1,talk,1,0,14,VOTE Agent[01]
1,talk,2,0,4,VOTE Agent[15]
1,talk,3,0,7,COMINGOUT Agent[07] MEDIUM
1,talk,4,0,8,ESTIMATE Agent[11] WEREWOLF
1,talk,5,0,9,VOTE Agent[10]
1,talk,6,0,11,COMINGOUT Agent[11] SEER
1,talk,7,0,6,VOTE Agent[14]
1,talk,8,0,10,VOTE Agent[06]
1,talk,9,0,12,COMINGOUT Agent[12] SEER
1,talk,10,0,2,VOTE Agent[06]
1,talk,11,0,3,Skip
1,talk,12,0,15,ESTIMATE Agent[01] WEREWOLF
1,talk,13,0,13,COMINGOUT Agent[13] SEER
1,talk,14,0,5,Skip
1,talk,15,1,11,DIVINED Agent[07] HUMAN
1,talk,16,1,3,Skip
1,talk,17,1,13,DIVINED Agent[01] HUMAN
1,talk,18,1,8,ESTIMATE Agent[15] WEREWOLF
1,talk,19,1,14,VOTE Agent[11]
1,talk,20,1,7,Skip
1,talk,21,1,15,VOTE Agent[01]
1,talk,22,1,1,Skip
1,talk,23,1,2,Skip
1,talk,24,1,12,DIVINED Agent[06] HUMAN
1,talk,25,1,9,VOTE Agent[13]
1,talk,26,1,6,Over
1,talk,27,1,4,VOTE Agent[06]
1,talk,28,1,5,Skip
1,talk,29,1,10,VOTE Agent[13]
1,talk,30,2,13,Skip
1,talk,31,2,5,AND (VOTE Agent[06]) (REQUEST ANY (VOTE Agent[06]))
1,talk,32,2,3,AND (VOTE Agent[04]) (REQUEST ANY (VOTE Agent[04]))
1,talk,33,2,12,VOTE Agent[13]
1,talk,34,2,15,Skip
1,talk,35,2,11,Skip
1,talk,36,2,9,Skip
1,talk,37,2,6,Over
1,talk,38,2,14,VOTE Agent[12]
1,talk,39,2,1,VOTE Agent[08]
1,talk,40,2,2,Skip
1,talk,41,2,8,ESTIMATE Agent[01] WEREWOLF
1,talk,42,2,7,AND (VOTE Agent[06]) (REQUEST ANY (VOTE Agent[06]))
1,talk,43,2,10,Skip
1,talk,44,2,4,VOTE Agent[01]
1,talk,45,3,1,VOTE Agent[07]
1,talk,46,3,14,Skip
1,talk,47,3,12,VOTE Agent[13]
1,talk,48,3,4,VOTE Agent[06]
1,talk,49,3,15,Skip
1,talk,50,3,2,VOTE Agent[01]
1,talk,51,3,13,Skip
1,talk,52,3,8,VOTE Agent[15]
1,talk,53,3,9,Skip
1,talk,54,3,6,VOTE Agent[04]
1,talk,55,3,11,VOTE Agent[10]
1,talk,56,3,5,Skip
1,talk,57,3,7,AND (VOTE Agent[04]) (REQUEST ANY (VOTE Agent[04]))
1,talk,58,3,10,Skip
1,talk,59,3,3,AND (VOTE Agent[06]) (REQUEST ANY (VOTE Agent[06]))
1,talk,60,4,4,Skip
1,talk,61,4,2,Skip
1,talk,62,4,1,Skip
1,talk,63,4,10,Over
1,talk,64,4,12,Skip
1,talk,65,4,13,Over
1,talk,66,4,11,VOTE Agent[09]
1,talk,67,4,14,Skip
1,talk,68,4,7,AND (VOTE Agent[06]) (REQUEST ANY (VOTE Agent[06]))
1,talk,69,4,9,Over
1,talk,70,4,3,Skip
1,talk,71,4,15,Over
1,talk,72,4,6,Over
1,talk,73,4,8,VOTE Agent[11]
1,talk,74,4,5,Skip
1,talk,75,5,10,Over
1,talk,76,5,12,Skip
1,talk,77,5,2,Skip
1,talk,78,5,14,Over
1,talk,79,5,9,Over
1,talk,80,5,7,Skip
1,talk,81,5,11,ESTIMATE Agent[03] VILLAGER
1,talk,82,5,6,VOTE Agent[05]
1,talk,83,5,5,Over
1,talk,84,5,8,Skip
1,talk,85,5,15,Over
1,talk,86,5,1,VOTE Agent[10]
1,talk,87,5,4,Skip
1,talk,88,5,3,Skip
1,talk,89,5,13,OR (VOTE Agent[02]) (VOTE Agent[03]) (VOTE Agent[04]) (VOTE Agent[05]) (VOTE Agent[08]) (VOTE Agent[09]) (VOTE Agent[10]) (VOTE Agent[14]) 
1,talk,90,6,10,Over
1,talk,91,6,15,Over
1,talk,92,6,3,Over
1,talk,93,6,9,Over
1,talk,94,6,11,ESTIMATE Agent[05] VILLAGER
1,talk,95,6,6,Over
1,talk,96,6,5,Over
1,talk,97,6,8,VOTE Agent[15]
1,talk,98,6,1,Skip
1,talk,99,6,13,Over
1,talk,100,6,2,Over
1,talk,101,6,14,Over
1,talk,102,6,12,Over
1,talk,103,6,7,Skip
1,talk,104,6,4,Over
1,talk,105,7,15,Over
1,talk,106,7,4,Over
1,talk,107,7,3,Over
1,talk,108,7,7,Over
1,talk,109,7,14,Over
1,talk,110,7,9,Over
1,talk,111,7,12,Over
1,talk,112,7,13,Over
1,talk,113,7,5,Over
1,talk,114,7,1,VOTE Agent[13]
1,talk,115,7,11,Skip
1,talk,116,7,10,Over
1,talk,117,7,6,Over
1,talk,118,7,8,Skip
1,talk,119,7,2,Over
1,talk,120,8,10,Over
1,talk,121,8,15,Over
1,talk,122,8,3,Over
1,talk,123,8,13,Over
1,talk,124,8,5,Over
1,talk,125,8,14,Over
1,talk,126,8,11,Skip
1,talk,127,8,8,Skip
1,talk,128,8,7,Over
1,talk,129,8,6,VOTE Agent[13]
1,talk,130,8,4,Over
1,talk,131,8,9,Over
1,talk,132,8,2,Over
1,talk,133,8,1,GUARD Agent[12]
1,talk,134,8,12,Over
1,talk,135,9,1,Over
1,talk,136,9,2,Over
1,talk,137,9,15,Over
1,talk,138,9,13,Over
1,talk,139,9,3,Over
1,talk,140,9,10,Over
1,talk,141,9,5,Over
1,talk,142,9,11,Over
1,talk,143,9,6,Over
1,talk,144,9,9,Over
1,talk,145,9,12,Over
1,talk,146,9,8,Over
1,talk,147,9,7,Over
1,talk,148,9,4,Over
1,talk,149,9,14,Over
1,vote,1,12
1,vote,2,1
1,vote,3,6
1,vote,4,6
1,vote,5,6
1,vote,6,13
1,vote,7,6
1,vote,8,15
1,vote,9,13
1,vote,10,13
1,vote,11,9
1,vote,12,13
1,vote,13,2
1,vote,14,12
1,vote,15,1
1,vote,1,7
1,vote,2,1
1,vote,3,6
1,vote,4,6
1,vote,5,6
1,vote,6,13
1,vote,7,6
1,vote,8,15
1,vote,9,13
1,vote,10,13
1,vote,11,8
1,vote,12,13
1,vote,13,5
1,vote,14,12
1,vote,15,1
1,execute,13,WEREWOLF
1,divine,12,5,HUMAN
1,whisper,0,0,14,Skip
1,whisper,1,0,2,ATTACK Agent[01]
1,whisper,2,1,2,Skip
1,whisper,3,1,14,Skip
1,whisper,4,2,14,Over
1,whisper,5,2,2,Skip
1,whisper,6,3,14,Over
1,whisper,7,3,2,Over
1,guard,9,6,VILLAGER
1,attackVote,2,1
1,attackVote,14,7
1,attackVote,2,1
1,attackVote,14,7
1,attack,7,true
2,status,1,VILLAGER,ALIVE,kenzi
2,status,2,WEREWOLF,ALIVE,hello_wolf
2,status,3,VILLAGER,ALIVE,Dummy_01
2,status,4,VILLAGER,ALIVE,Tomato
2,status,5,VILLAGER,ALIVE,Dummy_03
2,status,6,VILLAGER,ALIVE,Udon
2,status,7,MEDIUM,DEAD,Dummy_02
2,status,8,VILLAGER,ALIVE,fisherman
2,status,9,BODYGUARD,ALIVE,takeda
2,status,10,VILLAGER,ALIVE,GO1DeNO
2,status,11,POSSESSED,ALIVE,wasabi
2,status,12,SEER,ALIVE,fanfan
2,status,13,WEREWOLF,DEAD,calups
2,status,14,WEREWOLF,ALIVE,sonoda
2,status,15,VILLAGER,ALIVE,cantar
2,talk,0,0,3,Skip
2,talk,1,0,2,VOTE Agent[06]
2,talk,2,0,1,Skip
2,talk,3,0,5,Skip
2,talk,4,0,4,VOTE Agent[15]
2,talk,5,0,6,VOTE Agent[05]
2,talk,6,0,15,ESTIMATE Agent[09] WEREWOLF
2,talk,7,0,9,VOTE Agent[10]
2,talk,8,0,10,VOTE Agent[05]
2,talk,9,0,14,VOTE Agent[11]
2,talk,10,0,11,DIVINED Agent[09] WEREWOLF
2,talk,11,0,12,DIVINED Agent[08] WEREWOLF
2,talk,12,0,8,ESTIMATE Agent[15] WEREWOLF
2,talk,13,1,1,Skip
2,talk,14,1,4,VOTE Agent[05]
2,talk,15,1,10,Skip
2,talk,16,1,3,Skip
2,talk,17,1,2,VOTE Agent[05]
2,talk,18,1,12,VOTE Agent[08]
2,talk,19,1,11,ESTIMATE Agent[15] VILLAGER
2,talk,20,1,14,VOTE Agent[12]
2,talk,21,1,9,VOTE Agent[05]
2,talk,22,1,15,VOTE Agent[09]
2,talk,23,1,8,ESTIMATE Agent[06] WEREWOLF
2,talk,24,1,6,VOTE Agent[08]
2,talk,25,1,5,Skip
2,talk,26,2,12,VOTE Agent[02]
2,talk,27,2,11,Skip
2,talk,28,2,15,Skip
2,talk,29,2,5,AND (VOTE Agent[02]) (REQUEST ANY (VOTE Agent[02]))
2,talk,30,2,6,Over
2,talk,31,2,2,Skip
2,talk,32,2,3,AND (VOTE Agent[11]) (REQUEST ANY (VOTE Agent[11]))
2,talk,33,2,4,Skip
2,talk,34,2,9,VOTE Agent[06]
2,talk,35,2,8,ESTIMATE Agent[12] WEREWOLF
2,talk,36,2,14,Skip
2,talk,37,2,1,Agent[02] DIVINED Agent[05] HUMAN
2,talk,38,2,10,Skip
2,talk,39,3,14,Skip
2,talk,40,3,12,Skip
2,talk,41,3,3,AND (VOTE Agent[02]) (REQUEST ANY (VOTE Agent[02]))
2,talk,42,3,9,VOTE Agent[01]
2,talk,43,3,1,DISAGREE TALK day2 ID:2
2,talk,44,3,4,Skip
2,talk,45,3,2,Skip
2,talk,46,3,6,Over
2,talk,47,3,8,VOTE Agent[09]
2,talk,48,3,11,VOTE Agent[09]
2,talk,49,3,15,Skip
2,talk,50,3,10,Over
2,talk,51,3,5,AND (VOTE Agent[11]) (REQUEST ANY (VOTE Agent[11]))
2,talk,52,4,5,AND (VOTE Agent[02]) (REQUEST ANY (VOTE Agent[02]))
2,talk,53,4,6,VOTE Agent[09]
2,talk,54,4,2,VOTE Agent[09]
2,talk,55,4,8,Skip
2,talk,56,4,1,DISAGREE TALK day2 ID:11
2,talk,57,4,11,ESTIMATE Agent[12] WEREWOLF
2,talk,58,4,4,Over
2,talk,59,4,12,Skip
2,talk,60,4,15,Over
2,talk,61,4,9,Skip
2,talk,62,4,3,AND (VOTE Agent[11]) (REQUEST ANY (VOTE Agent[11]))
2,talk,63,4,10,Over
2,talk,64,4,14,Over
2,talk,65,5,1,GUARD Agent[08]
2,talk,66,5,15,Over
2,talk,67,5,12,Over
2,talk,68,5,14,Over
2,talk,69,5,2,Skip
2,talk,70,5,4,VOTE Agent[09]
2,talk,71,5,5,AND (VOTE Agent[11]) (REQUEST ANY (VOTE Agent[11]))
2,talk,72,5,11,Skip
2,talk,73,5,8,Skip
2,talk,74,5,10,VOTE Agent[08]
2,talk,75,5,6,Over
2,talk,76,5,9,Skip
2,talk,77,5,3,AND (VOTE Agent[02]) (REQUEST ANY (VOTE Agent[02]))
2,talk,78,6,6,VOTE Agent[08]
2,talk,79,6,4,VOTE Agent[02]
2,talk,80,6,10,Skip
2,talk,81,6,12,Over
2,talk,82,6,1,Over
2,talk,83,6,14,Over
2,talk,84,6,5,AND (VOTE Agent[02]) (REQUEST ANY (VOTE Agent[02]))
2,talk,85,6,9,Over
2,talk,86,6,3,AND (VOTE Agent[11]) (REQUEST ANY (VOTE Agent[11]))
2,talk,87,6,11,ESTIMATE Agent[08] VILLAGER
2,talk,88,6,2,Skip
2,talk,89,6,15,Over
2,talk,90,6,8,Over
2,talk,91,7,11,Skip
2,talk,92,7,8,Over
2,talk,93,7,3,AND (VOTE Agent[02]) (REQUEST ANY (VOTE Agent[02]))
2,talk,94,7,2,Over
2,talk,95,7,5,AND (VOTE Agent[11]) (REQUEST ANY (VOTE Agent[11]))
2,talk,96,7,14,Over
2,talk,97,7,9,Over
2,talk,98,7,10,Skip
2,talk,99,7,15,Over
2,talk,100,7,4,Skip
2,talk,101,7,1,VOTE Agent[15]
2,talk,102,7,6,Over
2,talk,103,7,12,Over
2,talk,104,8,3,AND (VOTE Agent[11]) (REQUEST ANY (VOTE Agent[11]))
2,talk,105,8,15,Over
2,talk,106,8,6,Over
2,talk,107,8,9,Over
2,talk,108,8,12,Over
2,talk,109,8,5,AND (VOTE Agent[02]) (REQUEST ANY (VOTE Agent[02]))
2,talk,110,8,4,Skip
2,talk,111,8,1,VOTE Agent[11]
2,talk,112,8,10,Over
2,talk,113,8,2,Over
2,talk,114,8,8,Over
2,talk,115,8,11,ESTIMATE Agent[06] VILLAGER
2,talk,116,8,14,Over
2,talk,117,9,3,AND (VOTE Agent[02]) (REQUEST ANY (VOTE Agent[02]))
2,talk,118,9,1,DIVINATION Agent[06]
2,talk,119,9,5,AND (VOTE Agent[11]) (REQUEST ANY (VOTE Agent[11]))
2,talk,120,9,8,Over
2,talk,121,9,6,Over
2,talk,122,9,4,VOTE Agent[11]
2,talk,123,9,2,Over
2,talk,124,9,11,Over
2,talk,125,9,12,Over
2,talk,126,9,9,Over
2,talk,127,9,14,Over
2,talk,128,9,15,Over
2,talk,129,9,10,Over
2,talk,130,10,15,Over
2,talk,131,10,4,Skip
2,talk,132,10,10,Over
2,talk,133,10,14,Over
2,talk,134,10,8,Over
2,talk,135,10,5,AND (VOTE Agent[02]) (REQUEST ANY (VOTE Agent[02]))
2,talk,136,10,6,Over
2,talk,137,10,1,COMINGOUT Agent[02] FOX
2,talk,138,10,11,Over
2,talk,139,10,2,Over
2,talk,140,10,9,Over
2,talk,141,10,12,Over
2,talk,142,10,3,AND (VOTE Agent[11]) (REQUEST ANY (VOTE Agent[11]))
2,talk,143,11,1,Skip
2,talk,144,11,14,Over
2,talk,145,11,10,Over
2,talk,146,11,15,Over
2,talk,147,11,12,Over
2,talk,148,11,11,Over
2,talk,149,11,6,Over
2,talk,150,11,2,Over
2,talk,151,11,3,AND (VOTE Agent[02]) (REQUEST ANY (VOTE Agent[02]))
2,talk,152,11,4,Skip
2,talk,153,11,9,Over
2,talk,154,11,8,Over
2,talk,155,11,5,AND (VOTE Agent[11]) (REQUEST ANY (VOTE Agent[11]))
2,talk,156,12,10,Over
2,talk,157,12,1,VOTE Agent[15]
2,talk,158,12,8,Over
2,talk,159,12,2,Over
2,talk,160,12,12,Over
2,talk,161,12,14,Over
2,talk,162,12,6,Over
2,talk,163,12,9,Over
2,talk,164,12,3,Over
2,talk,165,12,5,Over
2,talk,166,12,4,Over
2,talk,167,12,11,Over
2,talk,168,12,15,Over
2,talk,169,13,11,Over
2,talk,170,13,1,DISAGREE TALK day2 ID:162
2,talk,171,13,4,Over
2,talk,172,13,15,Over
2,talk,173,13,3,Over
2,talk,174,13,8,Over
2,talk,175,13,9,Over
2,talk,176,13,10,Over
2,talk,177,13,2,Over
2,talk,178,13,14,Over
2,talk,179,13,6,Over
2,talk,180,13,5,Over
2,talk,181,13,12,Over
2,talk,182,14,14,Over
2,talk,183,14,11,Over
2,talk,184,14,5,Over
2,talk,185,14,2,Over
2,talk,186,14,8,Over
2,talk,187,14,12,Over
2,talk,188,14,1,Over
2,talk,189,14,9,Over
2,talk,190,14,4,Over
2,talk,191,14,6,Over
2,talk,192,14,10,Over
2,talk,193,14,15,Over
2,talk,194,14,3,Over
2,vote,1,10
2,vote,2,9
2,vote,3,11
2,vote,4,11
2,vote,5,2
2,vote,6,8
2,vote,8,9
2,vote,9,1
2,vote,10,8
2,vote,11,9
2,vote,12,2
2,vote,14,12
2,vote,15,9
2,execute,9,BODYGUARD
2,divine,12,2,WEREWOLF
2,whisper,0,0,2,ESTIMATE Agent[11] POSSESSED
2,whisper,1,0,14,Skip
2,whisper,2,1,2,ATTACK Agent[06]
2,whisper,3,1,14,Skip
2,whisper,4,2,14,Over
2,whisper,5,2,2,Skip
2,whisper,6,3,14,Over
2,whisper,7,3,2,Skip
2,whisper,8,4,2,Over
2,whisper,9,4,14,Over
2,attackVote,2,6
2,attackVote,14,1
2,attackVote,2,6
2,attackVote,14,1
2,attack,6,true
3,status,1,VILLAGER,ALIVE,kenzi
3,status,2,WEREWOLF,ALIVE,hello_wolf
3,status,3,VILLAGER,ALIVE,Dummy_01
3,status,4,VILLAGER,ALIVE,Tomato
3,status,5,VILLAGER,ALIVE,Dummy_03
3,status,6,VILLAGER,DEAD,Udon
3,status,7,MEDIUM,DEAD,Dummy_02
3,status,8,VILLAGER,ALIVE,fisherman
3,status,9,BODYGUARD,DEAD,takeda
3,status,10,VILLAGER,ALIVE,GO1DeNO
3,status,11,POSSESSED,ALIVE,wasabi
3,status,12,SEER,ALIVE,fanfan
3,status,13,WEREWOLF,DEAD,calups
3,status,14,WEREWOLF,ALIVE,sonoda
3,status,15,VILLAGER,ALIVE,cantar
3,talk,0,0,3,Skip
3,talk,1,0,4,VOTE Agent[12]
3,talk,2,0,12,DIVINED Agent[02] WEREWOLF
3,talk,3,0,5,Skip
3,talk,4,0,11,DIVINED Agent[03] HUMAN
3,talk,5,0,1,DIVINATION Agent[08]
3,talk,6,0,10,VOTE Agent[05]
3,talk,7,0,8,ESTIMATE Agent[12] WEREWOLF
3,talk,8,0,15,ESTIMATE Agent[03] WEREWOLF
3,talk,9,0,14,VOTE Agent[12]
3,talk,10,0,2,VOTE Agent[01]
3,talk,11,1,3,Skip
3,talk,12,1,15,VOTE Agent[03]
3,talk,13,1,1,Skip
3,talk,14,1,12,VOTE Agent[02]
3,talk,15,1,11,ESTIMATE Agent[01] WEREWOLF
3,talk,16,1,8,ESTIMATE Agent[06] WEREWOLF
3,talk,17,1,14,Skip
3,talk,18,1,4,VOTE Agent[01]
3,talk,19,1,10,VOTE Agent[02]
3,talk,20,1,5,Skip
3,talk,21,1,2,Skip
3,talk,22,2,3,AND (VOTE Agent[08]) (REQUEST ANY (VOTE Agent[08]))
3,talk,23,2,11,Skip
3,talk,24,2,14,Skip
3,talk,25,2,2,Skip
3,talk,26,2,5,AND (VOTE Agent[12]) (REQUEST ANY (VOTE Agent[12]))
3,talk,27,2,8,ESTIMATE Agent[02] WEREWOLF
3,talk,28,2,4,VOTE Agent[02]
3,talk,29,2,15,Skip
3,talk,30,2,10,Skip
3,talk,31,2,1,GUARDED Agent[15]
3,talk,32,2,12,Skip
3,talk,33,3,2,Over
3,talk,34,3,10,Skip
3,talk,35,3,1,ATTACK Agent[08]
3,talk,36,3,8,VOTE Agent[12]
3,talk,37,3,14,Over
3,talk,38,3,15,Skip
3,talk,39,3,5,AND (VOTE Agent[08]) (REQUEST ANY (VOTE Agent[08]))
3,talk,40,3,11,VOTE Agent[01]
3,talk,41,3,3,AND (VOTE Agent[12]) (REQUEST ANY (VOTE Agent[12]))
3,talk,42,3,4,Skip
3,talk,43,3,12,Skip
3,talk,44,4,10,Over
3,talk,45,4,5,AND (VOTE Agent[12]) (REQUEST ANY (VOTE Agent[12]))
3,talk,46,4,8,Skip
3,talk,47,4,15,Over
3,talk,48,4,11,Skip
3,talk,49,4,2,Over
3,talk,50,4,1,Skip
3,talk,51,4,14,Over
3,talk,52,4,4,VOTE Agent[12]
3,talk,53,4,3,AND (VOTE Agent[08]) (REQUEST ANY (VOTE Agent[08]))
3,talk,54,4,12,Over
3,talk,55,5,1,ATTACK Agent[02]
3,talk,56,5,8,Skip
3,talk,57,5,10,Over
3,talk,58,5,11,ESTIMATE Agent[01] WEREWOLF
3,talk,59,5,5,AND (VOTE Agent[08]) (REQUEST ANY (VOTE Agent[08]))
3,talk,60,5,12,VOTE Agent[01]
3,talk,61,5,4,Skip
3,talk,62,5,15,Over
3,talk,63,5,2,Over
3,talk,64,5,14,Over
3,talk,65,5,3,AND (VOTE Agent[12]) (REQUEST ANY (VOTE Agent[12]))
3,talk,66,6,5,AND (VOTE Agent[12]) (REQUEST ANY (VOTE Agent[12]))
3,talk,67,6,1,Skip
3,talk,68,6,4,Skip
3,talk,69,6,10,Over
3,talk,70,6,3,AND (VOTE Agent[08]) (REQUEST ANY (VOTE Agent[08]))
3,talk,71,6,8,Over
3,talk,72,6,15,Over
3,talk,73,6,11,ESTIMATE Agent[14] VILLAGER
3,talk,74,6,12,Skip
3,talk,75,6,14,Over
3,talk,76,6,2,Over
3,talk,77,7,5,AND (VOTE Agent[08]) (REQUEST ANY (VOTE Agent[08]))
3,talk,78,7,12,Skip
3,talk,79,7,1,DISAGREE TALK day3 ID:44
3,talk,80,7,2,Over
3,talk,81,7,14,Over
3,talk,82,7,8,Over
3,talk,83,7,4,Over
3,talk,84,7,11,ESTIMATE Agent[12] WEREWOLF
3,talk,85,7,10,Over
3,talk,86,7,3,AND (VOTE Agent[12]) (REQUEST ANY (VOTE Agent[12]))
3,talk,87,7,15,Over
3,talk,88,8,11,ESTIMATE Agent[01] WEREWOLF
3,talk,89,8,5,AND (VOTE Agent[12]) (REQUEST ANY (VOTE Agent[12]))
3,talk,90,8,8,Over
3,talk,91,8,12,Over
3,talk,92,8,4,Over
3,talk,93,8,1,GUARDED Agent[08]
3,talk,94,8,15,Over
3,talk,95,8,10,Over
3,talk,96,8,3,AND (VOTE Agent[08]) (REQUEST ANY (VOTE Agent[08]))
3,talk,97,8,2,Over
3,talk,98,8,14,Over
3,talk,99,9,2,Over
3,talk,100,9,8,Over
3,talk,101,9,5,AND (VOTE Agent[08]) (REQUEST ANY (VOTE Agent[08]))
3,talk,102,9,10,Over
3,talk,103,9,15,Over
3,talk,104,9,11,Over
3,talk,105,9,1,DIVINATION Agent[04]
3,talk,106,9,3,AND (VOTE Agent[12]) (REQUEST ANY (VOTE Agent[12]))
3,talk,107,9,4,Over
3,talk,108,9,12,Over
3,talk,109,9,14,Over
3,talk,110,10,11,Over
3,talk,111,10,4,Over
3,talk,112,10,8,Over
3,talk,113,10,5,AND (VOTE Agent[12]) (REQUEST ANY (VOTE Agent[12]))
3,talk,114,10,15,Over
3,talk,115,10,12,Over
3,talk,116,10,2,Over
3,talk,117,10,1,GUARD Agent[15]
3,talk,118,10,3,AND (VOTE Agent[08]) (REQUEST ANY (VOTE Agent[08]))
3,talk,119,10,10,Over
3,talk,120,10,14,Over
3,talk,121,11,2,Over
3,talk,122,11,14,Over
3,talk,123,11,4,Over
3,talk,124,11,10,Over
3,talk,125,11,5,AND (VOTE Agent[08]) (REQUEST ANY (VOTE Agent[08]))
3,talk,126,11,11,Over
3,talk,127,11,15,Over
3,talk,128,11,1,AGREE TALK day3 ID:21
3,talk,129,11,12,Over
3,talk,130,11,3,AND (VOTE Agent[12]) (REQUEST ANY (VOTE Agent[12]))
3,talk,131,11,8,Over
3,talk,132,12,11,Over
3,talk,133,12,3,Over
3,talk,134,12,12,Over
3,talk,135,12,15,Over
3,talk,136,12,14,Over
3,talk,137,12,1,Skip
3,talk,138,12,8,Over
3,talk,139,12,4,Over
3,talk,140,12,2,Over
3,talk,141,12,10,Over
3,talk,142,12,5,Over
3,talk,143,13,8,Over
3,talk,144,13,2,Over
3,talk,145,13,11,Over
3,talk,146,13,3,Over
3,talk,147,13,5,Over
3,talk,148,13,12,Over
3,talk,149,13,1,ESTIMATE Agent[11] BODYGUARD
3,talk,150,13,14,Over
3,talk,151,13,4,Over
3,talk,152,13,15,Over
3,talk,153,13,10,Over
3,talk,154,14,1,Over
3,talk,155,14,12,Over
3,talk,156,14,10,Over
3,talk,157,14,5,Over
3,talk,158,14,3,Over
3,talk,159,14,11,Over
3,talk,160,14,15,Over
3,talk,161,14,2,Over
3,talk,162,14,8,Over
3,talk,163,14,4,Over
3,talk,164,14,14,Over
3,vote,1,5
3,vote,2,1
3,vote,3,8
3,vote,4,12
3,vote,5,12
3,vote,8,12
3,vote,10,2
3,vote,11,1
3,vote,12,1
3,vote,14,12
3,vote,15,3
3,execute,12,SEER
3,whisper,0,0,14,Skip
3,whisper,1,0,2,ATTACK Agent[10]
3,whisper,2,1,14,Skip
3,whisper,3,1,2,Skip
3,whisper,4,2,14,Over
3,whisper,5,2,2,Skip
3,whisper,6,3,14,Over
3,whisper,7,3,2,Over
3,attackVote,2,10
3,attackVote,14,1
3,attackVote,2,10
3,attackVote,14,1
3,attack,10,true
4,status,1,VILLAGER,ALIVE,kenzi
4,status,2,WEREWOLF,ALIVE,hello_wolf
4,status,3,VILLAGER,ALIVE,Dummy_01
4,status,4,VILLAGER,ALIVE,Tomato
4,status,5,VILLAGER,ALIVE,Dummy_03
4,status,6,VILLAGER,DEAD,Udon
4,status,7,MEDIUM,DEAD,Dummy_02
4,status,8,VILLAGER,ALIVE,fisherman
4,status,9,BODYGUARD,DEAD,takeda
4,status,10,VILLAGER,DEAD,GO1DeNO
4,status,11,POSSESSED,ALIVE,wasabi
4,status,12,SEER,DEAD,fanfan
4,status,13,WEREWOLF,DEAD,calups
4,status,14,WEREWOLF,ALIVE,sonoda
4,status,15,VILLAGER,ALIVE,cantar
4,talk,0,0,4,VOTE Agent[01]
4,talk,1,0,8,ESTIMATE Agent[12] WEREWOLF
4,talk,2,0,2,VOTE Agent[01]
4,talk,3,0,1,VOTED Agent[02]
4,talk,4,0,11,DIVINED Agent[14] HUMAN
4,talk,5,0,15,ESTIMATE Agent[14] WEREWOLF
4,talk,6,0,5,Skip
4,talk,7,0,3,Skip
4,talk,8,0,14,VOTE Agent[11]
4,talk,9,1,15,VOTE Agent[14]
4,talk,10,1,14,Skip
4,talk,11,1,8,ESTIMATE Agent[04] WEREWOLF
4,talk,12,1,5,Skip
4,talk,13,1,11,ESTIMATE Agent[05] WEREWOLF
4,talk,14,1,2,Skip
4,talk,15,1,4,Skip
4,talk,16,1,1,VOTED Agent[03]
4,talk,17,1,3,Skip
4,talk,18,2,1,DISAGREE TALK day4 ID:6
4,talk,19,2,11,ESTIMATE Agent[01] WEREWOLF
4,talk,20,2,8,ESTIMATE Agent[06] WEREWOLF
4,talk,21,2,4,Skip
4,talk,22,2,5,AND (VOTE Agent[14]) (REQUEST ANY (VOTE Agent[14]))
4,talk,23,2,14,Skip
4,talk,24,2,3,AND (VOTE Agent[08]) (REQUEST ANY (VOTE Agent[08]))
4,talk,25,2,15,Skip
4,talk,26,2,2,Skip
4,talk,27,3,1,GUARDED Agent[04]
4,talk,28,3,3,AND (VOTE Agent[14]) (REQUEST ANY (VOTE Agent[14]))
4,talk,29,3,15,Skip
4,talk,30,3,4,VOTE Agent[14]
4,talk,31,3,8,VOTE Agent[04]
4,talk,32,3,5,AND (VOTE Agent[08]) (REQUEST ANY (VOTE Agent[08]))
4,talk,33,3,14,Over
4,talk,34,3,11,VOTE Agent[01]
4,talk,35,3,2,Over
4,talk,36,4,11,ESTIMATE Agent[08] VILLAGER
4,talk,37,4,8,Skip
4,talk,38,4,2,Over
4,talk,39,4,15,Over
4,talk,40,4,14,Over
4,talk,41,4,3,AND (VOTE Agent[08]) (REQUEST ANY (VOTE Agent[08]))
4,talk,42,4,4,Skip
4,talk,43,4,5,AND (VOTE Agent[14]) (REQUEST ANY (VOTE Agent[14]))
4,talk,44,4,1,DISAGREE TALK day4 ID:31
4,talk,45,5,11,Skip
4,talk,46,5,8,Skip
4,talk,47,5,4,Skip
4,talk,48,5,14,Over
4,talk,49,5,3,AND (VOTE Agent[14]) (REQUEST ANY (VOTE Agent[14]))
4,talk,50,5,5,AND (VOTE Agent[08]) (REQUEST ANY (VOTE Agent[08]))
4,talk,51,5,2,Over
4,talk,52,5,15,Over
4,talk,53,5,1,IDENTIFIED Agent[03] HUMAN
4,talk,54,6,8,Over
4,talk,55,6,4,Over
4,talk,56,6,5,AND (VOTE Agent[14]) (REQUEST ANY (VOTE Agent[14]))
4,talk,57,6,14,Over
4,talk,58,6,3,AND (VOTE Agent[08]) (REQUEST ANY (VOTE Agent[08]))
4,talk,59,6,1,VOTED Agent[08]
4,talk,60,6,2,Over
4,talk,61,6,15,Over
4,talk,62,6,11,Skip
4,talk,63,7,1,ATTACK Agent[02]
4,talk,64,7,8,Over
4,talk,65,7,4,Over
4,talk,66,7,14,Over
4,talk,67,7,3,AND (VOTE Agent[14]) (REQUEST ANY (VOTE Agent[14]))
4,talk,68,7,15,Over
4,talk,69,7,5,AND (VOTE Agent[08]) (REQUEST ANY (VOTE Agent[08]))
4,talk,70,7,2,Over
4,talk,71,7,11,Over
4,talk,72,8,8,Over
4,talk,73,8,11,ESTIMATE Agent[01] WEREWOLF
4,talk,74,8,1,Over
4,talk,75,8,4,Over
4,talk,76,8,5,AND (VOTE Agent[14]) (REQUEST ANY (VOTE Agent[14]))
4,talk,77,8,2,Over
4,talk,78,8,15,Over
4,talk,79,8,14,Over
4,talk,80,8,3,AND (VOTE Agent[08]) (REQUEST ANY (VOTE Agent[08]))
4,talk,81,9,8,Over
4,talk,82,9,11,Over
4,talk,83,9,14,Over
4,talk,84,9,5,AND (VOTE Agent[08]) (REQUEST ANY (VOTE Agent[08]))
4,talk,85,9,15,Over
4,talk,86,9,4,Over
4,talk,87,9,2,Over
4,talk,88,9,3,AND (VOTE Agent[14]) (REQUEST ANY (VOTE Agent[14]))
4,talk,89,9,1,GUARDED Agent[02]
4,talk,90,10,2,Over
4,talk,91,10,3,AND (VOTE Agent[08]) (REQUEST ANY (VOTE Agent[08]))
4,talk,92,10,1,VOTED Agent[03]
4,talk,93,10,8,Over
4,talk,94,10,14,Over
4,talk,95,10,5,AND (VOTE Agent[14]) (REQUEST ANY (VOTE Agent[14]))
4,talk,96,10,4,Over
4,talk,97,10,15,Over
4,talk,98,10,11,Over
4,talk,99,11,11,Over
4,talk,100,11,4,Over
4,talk,101,11,5,AND (VOTE Agent[08]) (REQUEST ANY (VOTE Agent[08]))
4,talk,102,11,3,AND (VOTE Agent[14]) (REQUEST ANY (VOTE Agent[14]))
4,talk,103,11,2,Over
4,talk,104,11,8,Over
4,talk,105,11,1,Over
4,talk,106,11,15,Over
4,talk,107,11,14,Over
4,talk,108,12,3,Over
4,talk,109,12,11,Over
4,talk,110,12,15,Over
4,talk,111,12,2,Over
4,talk,112,12,5,Over
4,talk,113,12,1,Over
4,talk,114,12,4,Over
4,talk,115,12,8,Over
4,talk,116,12,14,Over
4,vote,1,3
4,vote,2,1
4,vote,3,8
4,vote,4,14
4,vote,5,14
4,vote,8,4
4,vote,11,1
4,vote,14,11
4,vote,15,14
4,execute,14,WEREWOLF
4,attackVote,2,5
4,attack,5,true
5,status,1,VILLAGER,ALIVE,kenzi
5,status,2,WEREWOLF,ALIVE,hello_wolf
5,status,3,VILLAGER,ALIVE,Dummy_01
5,status,4,VILLAGER,ALIVE,Tomato
5,status,5,VILLAGER,DEAD,Dummy_03
5,status,6,VILLAGER,DEAD,Udon
5,status,7,MEDIUM,DEAD,Dummy_02
5,status,8,VILLAGER,ALIVE,fisherman
5,status,9,BODYGUARD,DEAD,takeda
5,status,10,VILLAGER,DEAD,GO1DeNO
5,status,11,POSSESSED,ALIVE,wasabi
5,status,12,SEER,DEAD,fanfan
5,status,13,WEREWOLF,DEAD,calups
5,status,14,WEREWOLF,DEAD,sonoda
5,status,15,VILLAGER,ALIVE,cantar
5,talk,0,0,4,VOTE Agent[01]
5,talk,1,0,1,VOTED Agent[11]
5,talk,2,0,2,VOTE Agent[01]
5,talk,3,0,11,DIVINED Agent[15] HUMAN
5,talk,4,0,8,ESTIMATE Agent[12] WEREWOLF
5,talk,5,0,3,Skip
5,talk,6,0,15,ESTIMATE Agent[02] WEREWOLF
5,talk,7,1,11,Skip
5,talk,8,1,15,VOTE Agent[02]
5,talk,9,1,2,Skip
5,talk,10,1,3,Skip
5,talk,11,1,4,Skip
5,talk,12,1,1,VOTED Agent[04]
5,talk,13,1,8,ESTIMATE Agent[04] WEREWOLF
5,talk,14,2,15,Skip
5,talk,15,2,8,ESTIMATE Agent[06] WEREWOLF
5,talk,16,2,4,Skip
5,talk,17,2,1,VOTED Agent[11]
5,talk,18,2,2,Skip
5,talk,19,2,3,AND (VOTE Agent[02]) (REQUEST ANY (VOTE Agent[02]))
5,talk,20,2,11,ESTIMATE Agent[15] VILLAGER
5,talk,21,3,4,VOTE Agent[02]
5,talk,22,3,11,VOTE Agent[01]
5,talk,23,3,1,VOTED Agent[03]
5,talk,24,3,3,Skip
5,talk,25,3,8,VOTE Agent[04]
5,talk,26,3,2,Over
5,talk,27,3,15,Skip
5,talk,28,4,15,Over
5,talk,29,4,11,Skip
5,talk,30,4,8,Skip
5,talk,31,4,2,Over
5,talk,32,4,1,Skip
5,talk,33,4,3,Skip
5,talk,34,4,4,VOTE Agent[01]
5,talk,35,5,8,Skip
5,talk,36,5,4,Skip
5,talk,37,5,1,Skip
5,talk,38,5,15,Over
5,talk,39,5,3,Over
5,talk,40,5,11,ESTIMATE Agent[08] WEREWOLF
5,talk,41,5,2,Over
5,talk,42,6,4,Skip
5,talk,43,6,11,ESTIMATE Agent[08] WEREWOLF
5,talk,44,6,1,ATTACK Agent[02]
5,talk,45,6,8,Over
5,talk,46,6,3,Over
5,talk,47,6,2,Over
5,talk,48,6,15,Over
5,talk,49,7,1,VOTE Agent[04]
5,talk,50,7,2,Over
5,talk,51,7,15,Over
5,talk,52,7,4,Over
5,talk,53,7,11,Skip
5,talk,54,7,8,Over
5,talk,55,7,3,Over
5,talk,56,8,1,Skip
5,talk,57,8,2,Over
5,talk,58,8,3,Over
5,talk,59,8,8,Over
5,talk,60,8,11,Skip
5,talk,61,8,4,Over
5,talk,62,8,15,Over
5,talk,63,9,11,Over
5,talk,64,9,15,Over
5,talk,65,9,4,Over
5,talk,66,9,8,Over
5,talk,67,9,1,ATTACK Agent[02]
5,talk,68,9,2,Over
5,talk,69,9,3,Over
5,talk,70,10,1,GUARDED Agent[04]
5,talk,71,10,3,Over
5,talk,72,10,11,Over
5,talk,73,10,2,Over
5,talk,74,10,4,Over
5,talk,75,10,15,Over
5,talk,76,10,8,Over
5,talk,77,11,2,Over
5,talk,78,11,15,Over
5,talk,79,11,4,Over
5,talk,80,11,3,Over
5,talk,81,11,11,Over
5,talk,82,11,1,GUARD Agent[02]
5,talk,83,11,8,Over
5,talk,84,12,2,Over
5,talk,85,12,1,GUARD Agent[02]
5,talk,86,12,8,Over
5,talk,87,12,4,Over
5,talk,88,12,11,Over
5,talk,89,12,3,Over
5,talk,90,12,15,Over
5,talk,91,13,3,Over
5,talk,92,13,8,Over
5,talk,93,13,4,Over
5,talk,94,13,2,Over
5,talk,95,13,1,Over
5,talk,96,13,15,Over
5,talk,97,13,11,Over
5,vote,1,2
5,vote,2,1
5,vote,3,2
5,vote,4,1
5,vote,8,4
5,vote,11,1
5,vote,15,2
5,vote,1,15
5,vote,2,1
5,vote,3,1
5,vote,4,1
5,vote,8,4
5,vote,11,1
5,vote,15,2
5,execute,1,VILLAGER
5,attackVote,2,15
5,attack,15,true
6,status,1,VILLAGER,DEAD,kenzi
6,status,2,WEREWOLF,ALIVE,hello_wolf
6,status,3,VILLAGER,ALIVE,Dummy_01
6,status,4,VILLAGER,ALIVE,Tomato
6,status,5,VILLAGER,DEAD,Dummy_03
6,status,6,VILLAGER,DEAD,Udon
6,status,7,MEDIUM,DEAD,Dummy_02
6,status,8,VILLAGER,ALIVE,fisherman
6,status,9,BODYGUARD,DEAD,takeda
6,status,10,VILLAGER,DEAD,GO1DeNO
6,status,11,POSSESSED,ALIVE,wasabi
6,status,12,SEER,DEAD,fanfan
6,status,13,WEREWOLF,DEAD,calups
6,status,14,WEREWOLF,DEAD,sonoda
6,status,15,VILLAGER,DEAD,cantar
6,talk,0,0,2,VOTE Agent[03]
6,talk,1,0,8,ESTIMATE Agent[12] WEREWOLF
6,talk,2,0,11,DIVINED Agent[04] HUMAN
6,talk,3,0,4,VOTE Agent[02]
6,talk,4,0,3,Skip
6,talk,5,1,2,Skip
6,talk,6,1,11,Skip
6,talk,7,1,3,Skip
6,talk,8,1,8,ESTIMATE Agent[04] WEREWOLF
6,talk,9,1,4,Skip
6,talk,10,2,3,AND (VOTE Agent[04]) (REQUEST ANY (VOTE Agent[04]))
6,talk,11,2,2,Skip
6,talk,12,2,8,ESTIMATE Agent[06] WEREWOLF
6,talk,13,2,11,ESTIMATE Agent[04] VILLAGER
6,talk,14,2,4,Skip
6,talk,15,3,4,Over
6,talk,16,3,8,VOTE Agent[04]
6,talk,17,3,3,Skip
6,talk,18,3,11,VOTE Agent[02]
6,talk,19,3,2,Over
6,talk,20,4,4,Over
6,talk,21,4,3,Skip
6,talk,22,4,8,Skip
6,talk,23,4,11,Skip
6,talk,24,4,2,Over
6,talk,25,5,11,VOTE Agent[08]
6,talk,26,5,4,Over
6,talk,27,5,3,Over
6,talk,28,5,8,Skip
6,talk,29,5,2,Over
6,talk,30,6,2,Over
6,talk,31,6,8,Over
6,talk,32,6,4,Over
6,talk,33,6,11,Skip
6,talk,34,6,3,Over
6,talk,35,7,3,Over
6,talk,36,7,2,Over
6,talk,37,7,8,Over
6,talk,38,7,11,Skip
6,talk,39,7,4,Over
6,talk,40,8,3,Over
6,talk,41,8,11,VOTE Agent[02]
6,talk,42,8,4,Over
6,talk,43,8,8,Over
6,talk,44,8,2,Over
6,talk,45,9,11,Over
6,talk,46,9,3,Over
6,talk,47,9,8,Over
6,talk,48,9,4,Over
6,talk,49,9,2,Over
6,vote,2,3
6,vote,3,4
6,vote,4,2
6,vote,8,4
6,vote,11,2
6,vote,2,3
6,vote,3,2
6,vote,4,2
6,vote,8,4
6,vote,11,2
6,execute,2,WEREWOLF
7,status,1,VILLAGER,DEAD,kenzi
7,status,2,WEREWOLF,DEAD,hello_wolf
7,status,3,VILLAGER,ALIVE,Dummy_01
7,status,4,VILLAGER,ALIVE,Tomato
7,status,5,VILLAGER,DEAD,Dummy_03
7,status,6,VILLAGER,DEAD,Udon
7,status,7,MEDIUM,DEAD,Dummy_02
7,status,8,VILLAGER,ALIVE,fisherman
7,status,9,BODYGUARD,DEAD,takeda
7,status,10,VILLAGER,DEAD,GO1DeNO
7,status,11,POSSESSED,ALIVE,wasabi
7,status,12,SEER,DEAD,fanfan
7,status,13,WEREWOLF,DEAD,calups
7,status,14,WEREWOLF,DEAD,sonoda
7,status,15,VILLAGER,DEAD,cantar
7,result,4,0,VILLAGER
