0,status,1,VILLAGER,ALIVE,kenzi
0,status,2,VILLAGER,ALIVE,hello_wolf
0,status,3,POSSESSED,ALIVE,Dummy_01
0,status,4,VILLAGER,ALIVE,Tomato
0,status,5,VILLAGER,ALIVE,Dummy_03
0,status,6,WEREWOLF,ALIVE,Udon
0,status,7,SEER,ALIVE,Dummy_02
0,status,8,BODYGUARD,ALIVE,fisherman
0,status,9,VILLAGER,ALIVE,takeda
0,status,10,MEDIUM,ALIVE,GO1DeNO
0,status,11,VILLAGER,ALIVE,wasabi
0,status,12,VILLAGER,ALIVE,fanfan
0,status,13,VILLAGER,ALIVE,calups
0,status,14,WEREWOLF,ALIVE,sonoda
0,status,15,WEREWOLF,ALIVE,cantar
0,whisper,0,0,6,Over
0,whisper,1,0,15,COMINGOUT Agent[15] SEER
0,whisper,2,0,14,Skip
0,whisper,3,1,14,Skip
0,whisper,4,1,6,Over
0,whisper,5,1,15,COMINGOUT Agent[15] SEER
0,whisper,6,2,14,Over
0,whisper,7,2,6,Over
0,whisper,8,2,15,COMINGOUT Agent[15] SEER
0,whisper,9,3,6,Over
0,whisper,10,3,15,COMINGOUT Agent[15] SEER
0,whisper,11,3,14,Over
0,whisper,12,4,14,Over
0,whisper,13,4,6,Over
0,whisper,14,4,15,COMINGOUT Agent[15] SEER
0,whisper,15,5,15,COMINGOUT Agent[15] SEER
0,whisper,16,5,6,Over
0,whisper,17,5,14,Over
0,whisper,18,6,6,Over
0,whisper,19,6,15,COMINGOUT Agent[15] SEER
0,whisper,20,6,14,Over
0,whisper,21,7,14,Over
0,whisper,22,7,6,Over
0,whisper,23,7,15,COMINGOUT Agent[15] SEER
0,whisper,24,8,15,COMINGOUT Agent[15] SEER
0,whisper,25,8,6,Over
0,whisper,26,8,14,Over
0,whisper,27,9,15,COMINGOUT Agent[15] SEER
0,whisper,28,9,14,Over
0,whisper,29,9,6,Over
0,whisper,30,10,6,Over
0,whisper,31,10,15,Over
0,whisper,32,10,14,Over
0,divine,7,3,HUMAN
1,status,1,VILLAGER,ALIVE,kenzi
1,status,2,VILLAGER,ALIVE,hello_wolf
1,status,3,POSSESSED,ALIVE,Dummy_01
1,status,4,VILLAGER,ALIVE,Tomato
1,status,5,VILLAGER,ALIVE,Dummy_03
1,status,6,WEREWOLF,ALIVE,Udon
1,status,7,SEER,ALIVE,Dummy_02
1,status,8,BODYGUARD,ALIVE,fisherman
1,status,9,VILLAGER,ALIVE,takeda
1,status,10,MEDIUM,ALIVE,GO1DeNO
1,status,11,VILLAGER,ALIVE,wasabi
1,status,12,VILLAGER,ALIVE,fanfan
1,status,13,VILLAGER,ALIVE,calups
1,status,14,WEREWOLF,ALIVE,sonoda
1,status,15,WEREWOLF,ALIVE,cantar
1,talk,0,0,2,VOTE Agent[13]
1,talk,1,0,4,VOTE Agent[02]
1,talk,2,0,12,VOTE Agent[06]
1,talk,3,0,9,VOTE Agent[01]
1,talk,4,0,1,Skip
1,talk,5,0,7,Skip
1,talk,6,0,10,VOTE Agent[01]
1,talk,7,0,8,ESTIMATE Agent[11] WEREWOLF
1,talk,8,0,15,COMINGOUT Agent[15] SEER
1,talk,9,0,3,Skip
1,talk,10,0,13,Skip
1,talk,11,0,6,VOTE Agent[11]
1,talk,12,0,14,VOTE Agent[01]
1,talk,13,0,11,ESTIMATE Agent[06] WEREWOLF
1,talk,14,0,5,Skip
1,talk,15,1,8,ESTIMATE Agent[15] WEREWOLF
1,talk,16,1,11,ESTIMATE Agent[03] WEREWOLF
1,talk,17,1,7,COMINGOUT Agent[07] SEER
1,talk,18,1,14,Skip
1,talk,19,1,6,Over
1,talk,20,1,10,VOTE Agent[11]
1,talk,21,1,9,VOTE Agent[06]
1,talk,22,1,4,VOTE Agent[01]
1,talk,23,1,12,VOTE Agent[01]
1,talk,24,1,15,COMINGOUT Agent[15] SEER
1,talk,25,1,3,COMINGOUT Agent[03] SEER
1,talk,26,1,13,Skip
1,talk,27,1,1,DIVINATION Agent[07]
1,talk,28,1,5,Skip
1,talk,29,1,2,VOTE Agent[09]
1,talk,30,2,2,VOTE Agent[15]
1,talk,31,2,12,VOTE Agent[15]
1,talk,32,2,4,Skip
1,talk,33,2,1,Skip
1,talk,34,2,5,AND (VOTE Agent[03]) (REQUEST ANY (VOTE Agent[03]))
1,talk,35,2,10,VOTE Agent[15]
1,talk,36,2,7,DAY 1 (DIVINED Agent[03] HUMAN)
1,talk,37,2,13,Over
1,talk,38,2,15,COMINGOUT Agent[15] SEER
1,talk,39,2,9,VOTE Agent[03]
1,talk,40,2,11,ESTIMATE Agent[10] VILLAGER
1,talk,41,2,3,DAY 1 (DIVINED Agent[15] WEREWOLF)
1,talk,42,2,14,VOTE Agent[07]
1,talk,43,2,6,VOTE Agent[04]
1,talk,44,2,8,ESTIMATE Agent[01] WEREWOLF
1,talk,45,3,11,VOTE Agent[12]
1,talk,46,3,15,COMINGOUT Agent[15] SEER
1,talk,47,3,10,Skip
1,talk,48,3,3,BECAUSE (DAY 1 (DIVINED Agent[15] WEREWOLF)) (REQUEST ANY (VOTE Agent[15]))
1,talk,49,3,14,Skip
1,talk,50,3,7,BECAUSE (AND (COMINGOUT Agent[07] SEER) (Agent[15] COMINGOUT Agent[15] SEER)) (XOR (ESTIMATE Agent[15] WEREWOLF) (ESTIMATE Agent[15] POSSESSED))
1,talk,51,3,6,VOTE Agent[15]
1,talk,52,3,1,Skip
1,talk,53,3,12,Skip
1,talk,54,3,9,Skip
1,talk,55,3,5,Skip
1,talk,56,3,4,Skip
1,talk,57,3,2,Skip
1,talk,58,3,8,VOTE Agent[15]
1,talk,59,3,13,Over
1,talk,60,4,13,Over
1,talk,61,4,8,Skip
1,talk,62,4,15,COMINGOUT Agent[15] SEER
1,talk,63,4,14,Skip
1,talk,64,4,12,Skip
1,talk,65,4,7,BECAUSE (XOR (ESTIMATE Agent[15] WEREWOLF) (ESTIMATE Agent[15] POSSESSED)) (AND (VOTE Agent[15]) (REQUEST ANY (VOTE Agent[15])))
1,talk,66,4,2,Skip
1,talk,67,4,4,VOTE Agent[15]
1,talk,68,4,9,Skip
1,talk,69,4,6,Over
1,talk,70,4,1,VOTE Agent[08]
1,talk,71,4,10,Skip
1,talk,72,4,11,VOTE Agent[07]
1,talk,73,4,5,AND (VOTE Agent[15]) (REQUEST ANY (VOTE Agent[15]))
1,talk,74,4,3,BECAUSE (DAY 1 (DIVINED Agent[15] WEREWOLF)) (AND (VOTE Agent[15]) (REQUEST ANY (VOTE Agent[15])))
1,talk,75,5,11,ESTIMATE Agent[05] VILLAGER
1,talk,76,5,7,Skip
1,talk,77,5,5,Skip
1,talk,78,5,1,ATTACK Agent[14]
1,talk,79,5,14,Over
1,talk,80,5,4,Skip
1,talk,81,5,10,Over
1,talk,82,5,2,Over
1,talk,83,5,6,Over
1,talk,84,5,15,COMINGOUT Agent[15] SEER
1,talk,85,5,3,Skip
1,talk,86,5,9,Over
1,talk,87,5,13,OR (VOTE Agent[01]) (VOTE Agent[02]) (VOTE Agent[04]) (VOTE Agent[05]) (VOTE Agent[06]) (VOTE Agent[08]) (VOTE Agent[09]) (VOTE Agent[10]) (VOTE Agent[11]) (VOTE Agent[12]) (VOTE Agent[14]) 
1,talk,88,5,8,Skip
1,talk,89,5,12,Over
1,talk,90,6,6,Over
1,talk,91,6,14,Over
1,talk,92,6,8,Over
1,talk,93,6,5,Skip
1,talk,94,6,1,ATTACKED Agent[08]
1,talk,95,6,4,Skip
1,talk,96,6,11,Skip
1,talk,97,6,12,Over
1,talk,98,6,2,Over
1,talk,99,6,3,Skip
1,talk,100,6,15,COMINGOUT Agent[15] SEER
1,talk,101,6,10,Over
1,talk,102,6,7,Skip
1,talk,103,6,13,Over
1,talk,104,6,9,Over
1,talk,105,7,1,Skip
1,talk,106,7,2,Over
1,talk,107,7,3,Over
1,talk,108,7,9,Over
1,talk,109,7,5,Over
1,talk,110,7,7,Over
1,talk,111,7,8,Over
1,talk,112,7,11,ESTIMATE Agent[15] WEREWOLF
1,talk,113,7,4,Over
1,talk,114,7,15,COMINGOUT Agent[15] SEER
1,talk,115,7,12,Over
1,talk,116,7,10,Over
1,talk,117,7,13,Over
1,talk,118,7,6,Over
1,talk,119,7,14,Over
1,talk,120,8,6,Over
1,talk,121,8,11,ESTIMATE Agent[03] WEREWOLF
1,talk,122,8,10,Over
1,talk,123,8,1,GUARDED Agent[10]
1,talk,124,8,7,Over
1,talk,125,8,8,Over
1,talk,126,8,3,Over
1,talk,127,8,9,Over
1,talk,128,8,13,Over
1,talk,129,8,15,COMINGOUT Agent[15] SEER
1,talk,130,8,5,Over
1,talk,131,8,2,Over
1,talk,132,8,14,Over
1,talk,133,8,12,Over
1,talk,134,8,4,Over
1,talk,135,9,11,Over
1,talk,136,9,4,Over
1,talk,137,9,8,Over
1,talk,138,9,12,Over
1,talk,139,9,3,Over
1,talk,140,9,1,DIVINATION Agent[05]
1,talk,141,9,14,Over
1,talk,142,9,5,Over
1,talk,143,9,10,Over
1,talk,144,9,15,COMINGOUT Agent[15] SEER
1,talk,145,9,6,Over
1,talk,146,9,13,Over
1,talk,147,9,9,Over
1,talk,148,9,2,Over
1,talk,149,9,7,Over
1,talk,150,10,6,Over
1,talk,151,10,15,Over
1,talk,152,10,4,Over
1,talk,153,10,3,Over
1,talk,154,10,13,Over
1,talk,155,10,11,Over
1,talk,156,10,8,Over
1,talk,157,10,10,Over
1,talk,158,10,5,Over
1,talk,159,10,1,Skip
1,talk,160,10,14,Over
1,talk,161,10,2,Over
1,talk,162,10,12,Over
1,talk,163,10,7,Over
1,talk,164,10,9,Over
1,talk,165,11,13,Over
1,talk,166,11,1,Over
1,talk,167,11,9,Over
1,talk,168,11,2,Over
1,talk,169,11,3,Over
1,talk,170,11,12,Over
1,talk,171,11,6,Over
1,talk,172,11,15,Over
1,talk,173,11,8,Over
1,talk,174,11,14,Over
1,talk,175,11,5,Over
1,talk,176,11,4,Over
1,talk,177,11,7,Over
1,talk,178,11,10,Over
1,talk,179,11,11,Over
1,vote,1,9
1,vote,2,15
1,vote,3,15
1,vote,4,15
1,vote,5,15
1,vote,6,15
1,vote,7,15
1,vote,8,15
1,vote,9,3
1,vote,10,15
1,vote,11,7
1,vote,12,15
1,vote,13,1
1,vote,14,7
1,vote,15,1
1,execute,15,WEREWOLF
1,whisper,0,0,6,Over
1,whisper,1,0,14,Skip
1,whisper,2,1,6,Over
1,whisper,3,1,14,Skip
1,whisper,4,2,6,Over
1,whisper,5,2,14,Over
1,guard,8,7,SEER
1,attackVote,6,3
1,attackVote,14,9
1,attackVote,6,3
1,attackVote,14,9
1,attack,3,true
2,status,1,VILLAGER,ALIVE,kenzi
2,status,2,VILLAGER,ALIVE,hello_wolf
2,status,3,POSSESSED,DEAD,Dummy_01
2,status,4,VILLAGER,ALIVE,Tomato
2,status,5,VILLAGER,ALIVE,Dummy_03
2,status,6,WEREWOLF,ALIVE,Udon
2,status,7,SEER,ALIVE,Dummy_02
2,status,8,BODYGUARD,ALIVE,fisherman
2,status,9,VILLAGER,ALIVE,takeda
2,status,10,MEDIUM,ALIVE,GO1DeNO
2,status,11,VILLAGER,ALIVE,wasabi
2,status,12,VILLAGER,ALIVE,fanfan
2,status,13,VILLAGER,ALIVE,calups
2,status,14,WEREWOLF,ALIVE,sonoda
2,status,15,WEREWOLF,DEAD,cantar
2,talk,0,0,14,VOTE Agent[07]
2,talk,1,0,9,VOTE Agent[07]
2,talk,2,0,6,VOTE Agent[11]
2,talk,3,0,11,ESTIMATE Agent[13] VILLAGER
2,talk,4,0,10,COMINGOUT Agent[10] MEDIUM
2,talk,5,0,2,VOTE Agent[05]
2,talk,6,0,5,Skip
2,talk,7,0,1,DIVINATION Agent[05]
2,talk,8,0,7,Skip
2,talk,9,0,12,VOTE Agent[06]
2,talk,10,0,4,VOTE Agent[11]
2,talk,11,0,8,ESTIMATE Agent[15] WEREWOLF
2,talk,12,0,13,Skip
2,talk,13,1,7,Skip
2,talk,14,1,14,Skip
2,talk,15,1,12,Skip
2,talk,16,1,4,VOTE Agent[07]
2,talk,17,1,2,VOTE Agent[06]
2,talk,18,1,1,VOTED Agent[04]
2,talk,19,1,11,ESTIMATE Agent[07] WEREWOLF
2,talk,20,1,13,Skip
2,talk,21,1,8,ESTIMATE Agent[14] WEREWOLF
2,talk,22,1,6,Over
2,talk,23,1,5,Skip
2,talk,24,1,10,IDENTIFIED Agent[15] WEREWOLF
2,talk,25,1,9,VOTE Agent[14]
2,talk,26,2,2,VOTE Agent[11]
2,talk,27,2,12,Skip
2,talk,28,2,8,ESTIMATE Agent[01] WEREWOLF
2,talk,29,2,6,Over
2,talk,30,2,11,ESTIMATE Agent[07] WEREWOLF
2,talk,31,2,9,VOTE Agent[05]
2,talk,32,2,5,AND (VOTE Agent[06]) (REQUEST ANY (VOTE Agent[06]))
2,talk,33,2,7,AND (VOTE Agent[15]) (REQUEST ANY (VOTE Agent[15]))
2,talk,34,2,13,Over
2,talk,35,2,1,Skip
2,talk,36,2,10,VOTE Agent[01]
2,talk,37,2,14,VOTE Agent[13]
2,talk,38,2,4,VOTE Agent[06]
2,talk,39,3,14,Skip
2,talk,40,3,10,VOTE Agent[04]
2,talk,41,3,9,VOTE Agent[04]
2,talk,42,3,8,VOTE Agent[14]
2,talk,43,3,7,Skip
2,talk,44,3,2,VOTE Agent[01]
2,talk,45,3,1,Skip
2,talk,46,3,6,VOTE Agent[04]
2,talk,47,3,4,Skip
2,talk,48,3,12,Over
2,talk,49,3,11,VOTE Agent[07]
2,talk,50,3,13,Over
2,talk,51,3,5,AND (VOTE Agent[15]) (REQUEST ANY (VOTE Agent[15]))
2,talk,52,4,13,Over
2,talk,53,4,12,Over
2,talk,54,4,14,Skip
2,talk,55,4,7,Skip
2,talk,56,4,5,AND (VOTE Agent[08]) (REQUEST ANY (VOTE Agent[08]))
2,talk,57,4,6,Over
2,talk,58,4,4,VOTE Agent[04]
2,talk,59,4,11,ESTIMATE Agent[07] WEREWOLF
2,talk,60,4,8,VOTE Agent[10]
2,talk,61,4,9,Skip
2,talk,62,4,1,Over
2,talk,63,4,10,Skip
2,talk,64,4,2,VOTE Agent[09]
2,talk,65,5,7,Over
2,talk,66,5,10,Skip
2,talk,67,5,1,Over
2,talk,68,5,12,Over
2,talk,69,5,5,Skip
2,talk,70,5,2,Skip
2,talk,71,5,9,Skip
2,talk,72,5,13,OR (VOTE Agent[01]) (VOTE Agent[02]) (VOTE Agent[04]) (VOTE Agent[05]) (VOTE Agent[06]) (VOTE Agent[08]) (VOTE Agent[09]) (VOTE Agent[11]) (VOTE Agent[12]) (VOTE Agent[14]) 
2,talk,73,5,11,ESTIMATE Agent[07] WEREWOLF
2,talk,74,5,6,Over
2,talk,75,5,8,VOTE Agent[04]
2,talk,76,5,14,Over
2,talk,77,5,4,Skip
2,talk,78,6,12,Over
2,talk,79,6,8,Skip
2,talk,80,6,9,Over
2,talk,81,6,6,Over
2,talk,82,6,4,Skip
2,talk,83,6,13,Over
2,talk,84,6,10,Over
2,talk,85,6,7,Over
2,talk,86,6,11,ESTIMATE Agent[02] WEREWOLF
2,talk,87,6,5,Skip
2,talk,88,6,2,Skip
2,talk,89,6,1,GUARD Agent[06]
2,talk,90,6,14,Over
2,talk,91,7,5,Over
2,talk,92,7,1,Agent[09] DIVINED Agent[04] HUMAN
2,talk,93,7,4,Over
2,talk,94,7,8,Skip
2,talk,95,7,6,Over
2,talk,96,7,2,Over
2,talk,97,7,14,Over
2,talk,98,7,7,Over
2,talk,99,7,11,ESTIMATE Agent[07] WEREWOLF
2,talk,100,7,9,Over
2,talk,101,7,10,Over
2,talk,102,7,13,Over
2,talk,103,7,12,Over
2,talk,104,8,2,Over
2,talk,105,8,6,Over
2,talk,106,8,5,Over
2,talk,107,8,12,Over
2,talk,108,8,1,GUARDED Agent[13]
2,talk,109,8,9,Over
2,talk,110,8,14,Over
2,talk,111,8,4,Over
2,talk,112,8,10,Over
2,talk,113,8,8,Over
2,talk,114,8,7,Over
2,talk,115,8,11,ESTIMATE Agent[04] WEREWOLF
2,talk,116,8,13,Over
2,talk,117,9,2,Over
2,talk,118,9,1,VOTED Agent[05]
2,talk,119,9,12,Over
2,talk,120,9,11,Over
2,talk,121,9,7,Over
2,talk,122,9,9,Over
2,talk,123,9,10,Over
2,talk,124,9,5,Over
2,talk,125,9,8,Over
2,talk,126,9,14,Over
2,talk,127,9,6,Over
2,talk,128,9,13,Over
2,talk,129,9,4,Over
2,talk,130,10,10,Over
2,talk,131,10,7,Over
2,talk,132,10,2,Over
2,talk,133,10,8,Over
2,talk,134,10,12,Over
2,talk,135,10,9,Over
2,talk,136,10,5,Over
2,talk,137,10,1,AGREE TALK day2 ID:47
2,talk,138,10,6,Over
2,talk,139,10,14,Over
2,talk,140,10,4,Over
2,talk,141,10,13,Over
2,talk,142,10,11,Over
2,talk,143,11,2,Over
2,talk,144,11,9,Over
2,talk,145,11,10,Over
2,talk,146,11,6,Over
2,talk,147,11,12,Over
2,talk,148,11,7,Over
2,talk,149,11,8,Over
2,talk,150,11,1,GUARD Agent[05]
2,talk,151,11,11,Over
2,talk,152,11,5,Over
2,talk,153,11,4,Over
2,talk,154,11,13,Over
2,talk,155,11,14,Over
2,talk,156,12,14,Over
2,talk,157,12,6,Over
2,talk,158,12,1,ATTACKED Agent[14]
2,talk,159,12,11,Over
2,talk,160,12,9,Over
2,talk,161,12,7,Over
2,talk,162,12,4,Over
2,talk,163,12,5,Over
2,talk,164,12,13,Over
2,talk,165,12,8,Over
2,talk,166,12,2,Over
2,talk,167,12,12,Over
2,talk,168,12,10,Over
2,talk,169,13,10,Over
2,talk,170,13,14,Over
2,talk,171,13,11,Over
2,talk,172,13,5,Over
2,talk,173,13,2,Over
2,talk,174,13,13,Over
2,talk,175,13,9,Over
2,talk,176,13,8,Over
2,talk,177,13,7,Over
2,talk,178,13,4,Over
2,talk,179,13,12,Over
2,talk,180,13,1,Skip
2,talk,181,13,6,Over
2,talk,182,14,9,Over
2,talk,183,14,8,Over
2,talk,184,14,6,Over
2,talk,185,14,13,Over
2,talk,186,14,1,ATTACK Agent[07]
2,talk,187,14,10,Over
2,talk,188,14,14,Over
2,talk,189,14,12,Over
2,talk,190,14,11,Over
2,talk,191,14,5,Over
2,talk,192,14,4,Over
2,talk,193,14,7,Over
2,talk,194,14,2,Over
2,talk,195,15,8,Over
2,talk,196,15,11,Over
2,talk,197,15,5,Over
2,talk,198,15,2,VOTE Agent[01]
2,talk,199,15,7,Over
2,talk,200,15,12,Over
2,talk,201,15,10,Over
2,talk,202,15,14,Over
2,talk,203,15,1,Over
2,talk,204,15,4,Over
2,talk,205,15,9,Over
2,talk,206,15,13,Over
2,talk,207,15,6,Over
2,talk,208,16,7,Over
2,talk,209,16,13,Over
2,talk,210,16,10,Over
2,talk,211,16,6,Over
2,talk,212,16,5,Over
2,talk,213,16,11,Over
2,talk,214,16,4,Over
2,talk,215,16,8,Over
2,talk,216,16,14,Over
2,talk,217,16,12,Over
2,talk,218,16,1,Over
2,talk,219,16,2,VOTE Agent[09]
2,talk,220,16,9,Over
2,talk,221,17,6,Over
2,talk,222,17,12,Over
2,talk,223,17,9,Over
2,talk,224,17,14,Over
2,talk,225,17,7,Over
2,talk,226,17,10,Over
2,talk,227,17,5,Over
2,talk,228,17,2,Skip
2,talk,229,17,1,Over
2,talk,230,17,11,Over
2,talk,231,17,4,Over
2,talk,232,17,8,Over
2,talk,233,17,13,Over
2,talk,234,18,13,Over
2,talk,235,18,10,Over
2,talk,236,18,4,Over
2,talk,237,18,9,Over
2,talk,238,18,8,Over
2,talk,239,18,1,Over
2,talk,240,18,11,Over
2,talk,241,18,2,Skip
2,talk,242,18,7,Over
2,talk,243,18,6,Over
2,talk,244,18,5,Over
2,talk,245,18,12,Over
2,talk,246,18,14,Over
2,talk,247,19,8,Over
2,talk,248,19,12,Over
2,talk,249,19,7,Over
2,talk,250,19,10,Over
2,talk,251,19,2,Over
2,talk,252,19,5,Over
2,talk,253,19,6,Over
2,talk,254,19,11,Over
2,talk,255,19,4,Over
2,talk,256,19,13,Over
2,talk,257,19,9,Over
2,talk,258,19,14,Over
2,talk,259,19,1,Over
2,vote,1,4
2,vote,2,9
2,vote,4,11
2,vote,5,8
2,vote,6,4
2,vote,7,13
2,vote,8,4
2,vote,9,4
2,vote,10,4
2,vote,11,7
2,vote,12,6
2,vote,13,1
2,vote,14,13
2,execute,4,VILLAGER
2,divine,7,5,HUMAN
2,whisper,0,0,14,Skip
2,whisper,1,0,6,Over
2,whisper,2,1,14,Skip
2,whisper,3,1,6,Over
2,whisper,4,2,6,Over
2,whisper,5,2,14,Over
2,guard,8,7,SEER
2,attackVote,6,10
2,attackVote,14,10
2,attack,10,true
3,status,1,VILLAGER,ALIVE,kenzi
3,status,2,VILLAGER,ALIVE,hello_wolf
3,status,3,POSSESSED,DEAD,Dummy_01
3,status,4,VILLAGER,DEAD,Tomato
3,status,5,VILLAGER,ALIVE,Dummy_03
3,status,6,WEREWOLF,ALIVE,Udon
3,status,7,SEER,ALIVE,Dummy_02
3,status,8,BODYGUARD,ALIVE,fisherman
3,status,9,VILLAGER,ALIVE,takeda
3,status,10,MEDIUM,DEAD,GO1DeNO
3,status,11,VILLAGER,ALIVE,wasabi
3,status,12,VILLAGER,ALIVE,fanfan
3,status,13,VILLAGER,ALIVE,calups
3,status,14,WEREWOLF,ALIVE,sonoda
3,status,15,WEREWOLF,DEAD,cantar
3,talk,0,0,8,ESTIMATE Agent[15] WEREWOLF
3,talk,1,0,9,VOTE Agent[01]
3,talk,2,0,12,VOTE Agent[01]
3,talk,3,0,1,VOTE Agent[12]
3,talk,4,0,11,ESTIMATE Agent[09] WEREWOLF
3,talk,5,0,5,Skip
3,talk,6,0,6,VOTE Agent[09]
3,talk,7,0,14,VOTE Agent[13]
3,talk,8,0,7,DAY 3 (DIVINED Agent[05] HUMAN)
3,talk,9,0,13,Skip
3,talk,10,0,2,VOTE Agent[09]
3,talk,11,1,2,Skip
3,talk,12,1,1,Skip
3,talk,13,1,6,Over
3,talk,14,1,5,Skip
3,talk,15,1,13,Skip
3,talk,16,1,12,Skip
3,talk,17,1,11,ESTIMATE Agent[08] WEREWOLF
3,talk,18,1,14,Skip
3,talk,19,1,7,Skip
3,talk,20,1,9,Skip
3,talk,21,1,8,ESTIMATE Agent[04] WEREWOLF
3,talk,22,2,5,AND (VOTE Agent[14]) (REQUEST ANY (VOTE Agent[14]))
3,talk,23,2,1,Skip
3,talk,24,2,9,VOTE Agent[14]
3,talk,25,2,14,Skip
3,talk,26,2,8,ESTIMATE Agent[10] WEREWOLF
3,talk,27,2,6,Over
3,talk,28,2,11,ESTIMATE Agent[09] VILLAGER
3,talk,29,2,13,Over
3,talk,30,2,7,AND (VOTE Agent[06]) (REQUEST ANY (VOTE Agent[06]))
3,talk,31,2,12,Skip
3,talk,32,2,2,VOTE Agent[01]
3,talk,33,3,5,AND (VOTE Agent[06]) (REQUEST ANY (VOTE Agent[06]))
3,talk,34,3,8,VOTE Agent[02]
3,talk,35,3,11,VOTE Agent[07]
3,talk,36,3,1,Over
3,talk,37,3,6,Over
3,talk,38,3,14,Over
3,talk,39,3,12,VOTE Agent[06]
3,talk,40,3,7,Skip
3,talk,41,3,13,Over
3,talk,42,3,9,VOTE Agent[01]
3,talk,43,3,2,Skip
3,talk,44,4,8,Skip
3,talk,45,4,13,Over
3,talk,46,4,9,Skip
3,talk,47,4,5,Skip
3,talk,48,4,12,VOTE Agent[01]
3,talk,49,4,14,Over
3,talk,50,4,2,Skip
3,talk,51,4,6,Over
3,talk,52,4,11,ESTIMATE Agent[06] WEREWOLF
3,talk,53,4,7,Skip
3,talk,54,4,1,DISAGREE TALK day3 ID:19
3,talk,55,5,12,Skip
3,talk,56,5,7,Over
3,talk,57,5,13,OR (VOTE Agent[01]) (VOTE Agent[02]) (VOTE Agent[06]) (VOTE Agent[08]) (VOTE Agent[09]) (VOTE Agent[11]) (VOTE Agent[12]) (VOTE Agent[14]) 
3,talk,58,5,6,VOTE Agent[01]
3,talk,59,5,9,Skip
3,talk,60,5,11,ESTIMATE Agent[07] WEREWOLF
3,talk,61,5,5,Skip
3,talk,62,5,14,Over
3,talk,63,5,1,ESTIMATE Agent[05] VILLAGER
3,talk,64,5,2,Over
3,talk,65,5,8,Skip
3,talk,66,6,14,Over
3,talk,67,6,6,Over
3,talk,68,6,12,Skip
3,talk,69,6,13,Over
3,talk,70,6,5,Over
3,talk,71,6,7,Over
3,talk,72,6,8,Over
3,talk,73,6,11,ESTIMATE Agent[13] VILLAGER
3,talk,74,6,9,Over
3,talk,75,6,1,GUARD Agent[13]
3,talk,76,6,2,Over
3,talk,77,7,7,Over
3,talk,78,7,14,Over
3,talk,79,7,8,Over
3,talk,80,7,6,Over
3,talk,81,7,12,Over
3,talk,82,7,13,Over
3,talk,83,7,11,ESTIMATE Agent[01] WEREWOLF
3,talk,84,7,2,Over
3,talk,85,7,5,Over
3,talk,86,7,9,Over
3,talk,87,7,1,Skip
3,talk,88,8,8,Over
3,talk,89,8,11,ESTIMATE Agent[05] VILLAGER
3,talk,90,8,7,Over
3,talk,91,8,12,Over
3,talk,92,8,2,Over
3,talk,93,8,14,Over
3,talk,94,8,9,Over
3,talk,95,8,1,Skip
3,talk,96,8,13,Over
3,talk,97,8,5,Over
3,talk,98,8,6,Over
3,talk,99,9,14,Over
3,talk,100,9,6,Over
3,talk,101,9,8,Over
3,talk,102,9,7,Over
3,talk,103,9,5,Over
3,talk,104,9,2,Over
3,talk,105,9,1,IDENTIFIED Agent[09] HUMAN
3,talk,106,9,13,Over
3,talk,107,9,12,Over
3,talk,108,9,11,Over
3,talk,109,9,9,Over
3,talk,110,10,5,Over
3,talk,111,10,11,Over
3,talk,112,10,8,Over
3,talk,113,10,14,VOTE Agent[02]
3,talk,114,10,1,Skip
3,talk,115,10,7,Over
3,talk,116,10,12,Over
3,talk,117,10,6,Over
3,talk,118,10,9,Over
3,talk,119,10,13,Over
3,talk,120,10,2,Over
3,talk,121,11,12,Over
3,talk,122,11,1,GUARD Agent[02]
3,talk,123,11,7,Over
3,talk,124,11,6,Over
3,talk,125,11,13,Over
3,talk,126,11,11,Over
3,talk,127,11,2,Over
3,talk,128,11,8,Over
3,talk,129,11,5,Over
3,talk,130,11,9,Over
3,talk,131,11,14,Over
3,talk,132,12,12,Over
3,talk,133,12,2,Over
3,talk,134,12,1,Agent[12] DIVINED Agent[13] ANY
3,talk,135,12,6,Over
3,talk,136,12,14,Over
3,talk,137,12,13,Over
3,talk,138,12,11,Over
3,talk,139,12,7,Over
3,talk,140,12,8,Over
3,talk,141,12,9,Over
3,talk,142,12,5,Over
3,talk,143,13,13,Over
3,talk,144,13,11,Over
3,talk,145,13,9,Over
3,talk,146,13,5,Over
3,talk,147,13,7,Over
3,talk,148,13,12,Over
3,talk,149,13,8,Over
3,talk,150,13,2,Over
3,talk,151,13,14,Over
3,talk,152,13,6,Over
3,talk,153,13,1,Skip
3,talk,154,14,13,Over
3,talk,155,14,12,Over
3,talk,156,14,7,Over
3,talk,157,14,8,Over
3,talk,158,14,5,Over
3,talk,159,14,2,Over
3,talk,160,14,6,Over
3,talk,161,14,14,Over
3,talk,162,14,11,Over
3,talk,163,14,1,Over
3,talk,164,14,9,Over
3,vote,1,6
3,vote,2,1
3,vote,5,6
3,vote,6,1
3,vote,7,6
3,vote,8,2
3,vote,9,1
3,vote,11,7
3,vote,12,1
3,vote,13,9
3,vote,14,2
3,execute,1,VILLAGER
3,divine,7,12,HUMAN
3,whisper,0,0,6,Over
3,whisper,1,0,14,Skip
3,whisper,2,1,6,Over
3,whisper,3,1,14,Skip
3,whisper,4,2,14,Over
3,whisper,5,2,6,Over
3,guard,8,7,SEER
3,attackVote,6,5
3,attackVote,14,9
3,attackVote,6,5
3,attackVote,14,9
3,attack,5,true
4,status,1,VILLAGER,DEAD,kenzi
4,status,2,VILLAGER,ALIVE,hello_wolf
4,status,3,POSSESSED,DEAD,Dummy_01
4,status,4,VILLAGER,DEAD,Tomato
4,status,5,VILLAGER,DEAD,Dummy_03
4,status,6,WEREWOLF,ALIVE,Udon
4,status,7,SEER,ALIVE,Dummy_02
4,status,8,BODYGUARD,ALIVE,fisherman
4,status,9,VILLAGER,ALIVE,takeda
4,status,10,MEDIUM,DEAD,GO1DeNO
4,status,11,VILLAGER,ALIVE,wasabi
4,status,12,VILLAGER,ALIVE,fanfan
4,status,13,VILLAGER,ALIVE,calups
4,status,14,WEREWOLF,ALIVE,sonoda
4,status,15,WEREWOLF,DEAD,cantar
4,talk,0,0,13,Skip
4,talk,1,0,14,VOTE Agent[13]
4,talk,2,0,8,ESTIMATE Agent[15] WEREWOLF
4,talk,3,0,7,DAY 4 (DIVINED Agent[12] HUMAN)
4,talk,4,0,6,VOTE Agent[07]
4,talk,5,0,9,VOTE Agent[14]
4,talk,6,0,12,VOTE Agent[06]
4,talk,7,0,11,ESTIMATE Agent[14] VILLAGER
4,talk,8,0,2,VOTE Agent[09]
4,talk,9,1,13,Skip
4,talk,10,1,11,ESTIMATE Agent[02] WEREWOLF
4,talk,11,1,12,VOTE Agent[02]
4,talk,12,1,7,Skip
4,talk,13,1,9,Skip
4,talk,14,1,14,Skip
4,talk,15,1,6,Over
4,talk,16,1,8,ESTIMATE Agent[04] WEREWOLF
4,talk,17,1,2,Skip
4,talk,18,2,8,ESTIMATE Agent[02] WEREWOLF
4,talk,19,2,13,Over
4,talk,20,2,9,Skip
4,talk,21,2,12,Skip
4,talk,22,2,2,Skip
4,talk,23,2,11,ESTIMATE Agent[09] WEREWOLF
4,talk,24,2,7,AND (VOTE Agent[10]) (REQUEST ANY (VOTE Agent[10]))
4,talk,25,2,6,Over
4,talk,26,2,14,Skip
4,talk,27,3,9,Over
4,talk,28,3,2,Over
4,talk,29,3,7,Skip
4,talk,30,3,8,VOTE Agent[06]
4,talk,31,3,11,VOTE Agent[07]
4,talk,32,3,6,Over
4,talk,33,3,13,Over
4,talk,34,3,14,Over
4,talk,35,3,12,Skip
4,talk,36,4,14,Over
4,talk,37,4,6,Over
4,talk,38,4,13,Over
4,talk,39,4,8,Skip
4,talk,40,4,7,Skip
4,talk,41,4,12,VOTE Agent[06]
4,talk,42,4,9,Over
4,talk,43,4,11,ESTIMATE Agent[09] WEREWOLF
4,talk,44,4,2,VOTE Agent[06]
4,talk,45,5,14,Over
4,talk,46,5,9,Over
4,talk,47,5,6,Over
4,talk,48,5,7,Over
4,talk,49,5,2,Skip
4,talk,50,5,12,Skip
4,talk,51,5,11,ESTIMATE Agent[02] WEREWOLF
4,talk,52,5,8,Skip
4,talk,53,5,13,OR (VOTE Agent[02]) (VOTE Agent[06]) (VOTE Agent[08]) (VOTE Agent[09]) (VOTE Agent[11]) (VOTE Agent[14]) 
4,talk,54,6,6,Over
4,talk,55,6,13,Over
4,talk,56,6,2,Skip
4,talk,57,6,9,Over
4,talk,58,6,14,Over
4,talk,59,6,8,Over
4,talk,60,6,11,ESTIMATE Agent[07] WEREWOLF
4,talk,61,6,12,Skip
4,talk,62,6,7,Over
4,talk,63,7,13,Over
4,talk,64,7,11,ESTIMATE Agent[09] WEREWOLF
4,talk,65,7,2,Over
4,talk,66,7,7,Over
4,talk,67,7,6,Over
4,talk,68,7,8,Over
4,talk,69,7,12,Over
4,talk,70,7,9,Over
4,talk,71,7,14,Over
4,talk,72,8,9,Over
4,talk,73,8,14,Over
4,talk,74,8,8,Over
4,talk,75,8,11,ESTIMATE Agent[13] WEREWOLF
4,talk,76,8,6,Over
4,talk,77,8,13,Over
4,talk,78,8,7,Over
4,talk,79,8,12,Over
4,talk,80,8,2,Over
4,talk,81,9,11,Over
4,talk,82,9,2,Over
4,talk,83,9,14,Over
4,talk,84,9,12,Over
4,talk,85,9,9,Over
4,talk,86,9,8,Over
4,talk,87,9,6,Over
4,talk,88,9,7,Over
4,talk,89,9,13,Over
4,vote,2,6
4,vote,6,7
4,vote,7,13
4,vote,8,6
4,vote,9,14
4,vote,11,7
4,vote,12,6
4,vote,13,6
4,vote,14,13
4,execute,6,WEREWOLF
4,divine,7,2,HUMAN
4,guard,8,7,SEER
4,attackVote,14,9
4,attack,9,true
5,status,1,VILLAGER,DEAD,kenzi
5,status,2,VILLAGER,ALIVE,hello_wolf
5,status,3,POSSESSED,DEAD,Dummy_01
5,status,4,VILLAGER,DEAD,Tomato
5,status,5,VILLAGER,DEAD,Dummy_03
5,status,6,WEREWOLF,DEAD,Udon
5,status,7,SEER,ALIVE,Dummy_02
5,status,8,BODYGUARD,ALIVE,fisherman
5,status,9,VILLAGER,DEAD,takeda
5,status,10,MEDIUM,DEAD,GO1DeNO
5,status,11,VILLAGER,ALIVE,wasabi
5,status,12,VILLAGER,ALIVE,fanfan
5,status,13,VILLAGER,ALIVE,calups
5,status,14,WEREWOLF,ALIVE,sonoda
5,status,15,WEREWOLF,DEAD,cantar
5,talk,0,0,11,ESTIMATE Agent[07] WEREWOLF
5,talk,1,0,12,VOTE Agent[02]
5,talk,2,0,2,VOTE Agent[11]
5,talk,3,0,13,Skip
5,talk,4,0,8,ESTIMATE Agent[06] WEREWOLF
5,talk,5,0,14,VOTE Agent[12]
5,talk,6,0,7,DAY 5 (DIVINED Agent[02] HUMAN)
5,talk,7,1,13,Skip
5,talk,8,1,2,VOTE Agent[14]
5,talk,9,1,8,ESTIMATE Agent[15] WEREWOLF
5,talk,10,1,7,Skip
5,talk,11,1,12,Skip
5,talk,12,1,11,ESTIMATE Agent[07] WEREWOLF
5,talk,13,1,14,Skip
5,talk,14,2,8,ESTIMATE Agent[04] WEREWOLF
5,talk,15,2,7,AND (VOTE Agent[09]) (REQUEST ANY (VOTE Agent[09]))
5,talk,16,2,11,ESTIMATE Agent[08] WEREWOLF
5,talk,17,2,2,VOTE Agent[11]
5,talk,18,2,12,Skip
5,talk,19,2,13,Over
5,talk,20,2,14,Skip
5,talk,21,3,13,Over
5,talk,22,3,7,Skip
5,talk,23,3,2,VOTE Agent[14]
5,talk,24,3,8,VOTE Agent[14]
5,talk,25,3,14,Over
5,talk,26,3,11,VOTE Agent[07]
5,talk,27,3,12,Over
5,talk,28,4,2,Skip
5,talk,29,4,13,Over
5,talk,30,4,7,Skip
5,talk,31,4,14,Over
5,talk,32,4,8,Skip
5,talk,33,4,12,VOTE Agent[14]
5,talk,34,4,11,Skip
5,talk,35,5,13,OR (VOTE Agent[08]) (VOTE Agent[11]) (VOTE Agent[14]) 
5,talk,36,5,8,Skip
5,talk,37,5,11,Skip
5,talk,38,5,12,Skip
5,talk,39,5,2,Skip
5,talk,40,5,14,Over
5,talk,41,5,7,Over
5,talk,42,6,12,Skip
5,talk,43,6,13,Over
5,talk,44,6,11,ESTIMATE Agent[07] WEREWOLF
5,talk,45,6,7,Over
5,talk,46,6,8,Over
5,talk,47,6,14,Over
5,talk,48,6,2,Over
5,talk,49,7,2,Over
5,talk,50,7,12,Over
5,talk,51,7,11,ESTIMATE Agent[07] WEREWOLF
5,talk,52,7,14,Over
5,talk,53,7,13,Over
5,talk,54,7,8,Over
5,talk,55,7,7,Over
5,talk,56,8,12,Over
5,talk,57,8,13,Over
5,talk,58,8,8,Over
5,talk,59,8,2,Over
5,talk,60,8,11,Skip
5,talk,61,8,7,Over
5,talk,62,8,14,Over
5,talk,63,9,12,Over
5,talk,64,9,8,Over
5,talk,65,9,14,Over
5,talk,66,9,2,Over
5,talk,67,9,7,Over
5,talk,68,9,11,Over
5,talk,69,9,13,Over
5,vote,2,14
5,vote,7,13
5,vote,8,14
5,vote,11,7
5,vote,12,14
5,vote,13,8
5,vote,14,12
5,execute,14,WEREWOLF
5,divine,7,8,HUMAN
5,guard,8,7,SEER
6,status,1,VILLAGER,DEAD,kenzi
6,status,2,VILLAGER,ALIVE,hello_wolf
6,status,3,POSSESSED,DEAD,Dummy_01
6,status,4,VILLAGER,DEAD,Tomato
6,status,5,VILLAGER,DEAD,Dummy_03
6,status,6,WEREWOLF,DEAD,Udon
6,status,7,SEER,ALIVE,Dummy_02
6,status,8,BODYGUARD,ALIVE,fisherman
6,status,9,VILLAGER,DEAD,takeda
6,status,10,MEDIUM,DEAD,GO1DeNO
6,status,11,VILLAGER,ALIVE,wasabi
6,status,12,VILLAGER,ALIVE,fanfan
6,status,13,VILLAGER,ALIVE,calups
6,status,14,WEREWOLF,DEAD,sonoda
6,status,15,WEREWOLF,DEAD,cantar
6,result,6,0,VILLAGER
