0,status,1,POSSESSED,ALIVE,kenzi
0,status,2,MEDIUM,ALIVE,hello_wolf
0,status,3,SEER,ALIVE,Dummy_01
0,status,4,VILLAGER,ALIVE,Tomato
0,status,5,VILLAGER,ALIVE,Dummy_03
0,status,6,VILLAGER,ALIVE,Udon
0,status,7,VILLAGER,ALIVE,Dummy_02
0,status,8,VILLAGER,ALIVE,fisherman
0,status,9,VILLAGER,ALIVE,takeda
0,status,10,WEREWOLF,ALIVE,GO1DeNO
0,status,11,BODYGUARD,ALIVE,wasabi
0,status,12,WEREWOLF,ALIVE,fanfan
0,status,13,VILLAGER,ALIVE,calups
0,status,14,WEREWOLF,ALIVE,sonoda
0,status,15,VILLAGER,ALIVE,cantar
0,whisper,0,0,12,COMINGOUT Agent[12] VILLAGER
0,whisper,1,0,14,Skip
0,whisper,2,0,10,COMINGOUT Agent[10] VILLAGER
0,whisper,3,1,10,Skip
0,whisper,4,1,14,Skip
0,whisper,5,1,12,Skip
0,whisper,6,2,10,Skip
0,whisper,7,2,14,Over
0,whisper,8,2,12,Skip
0,whisper,9,3,10,Over
0,whisper,10,3,14,Over
0,whisper,11,3,12,Over
0,divine,3,2,HUMAN
1,status,1,POSSESSED,ALIVE,kenzi
1,status,2,MEDIUM,ALIVE,hello_wolf
1,status,3,SEER,ALIVE,Dummy_01
1,status,4,VILLAGER,ALIVE,Tomato
1,status,5,VILLAGER,ALIVE,Dummy_03
1,status,6,VILLAGER,ALIVE,Udon
1,status,7,VILLAGER,ALIVE,Dummy_02
1,status,8,VILLAGER,ALIVE,fisherman
1,status,9,VILLAGER,ALIVE,takeda
1,status,10,WEREWOLF,ALIVE,GO1DeNO
1,status,11,BODYGUARD,ALIVE,wasabi
1,status,12,WEREWOLF,ALIVE,fanfan
1,status,13,VILLAGER,ALIVE,calups
1,status,14,WEREWOLF,ALIVE,sonoda
1,status,15,VILLAGER,ALIVE,cantar
1,talk,0,0,6,VOTE Agent[11]
1,talk,1,0,4,VOTE Agent[01]
1,talk,2,0,10,VOTE Agent[06]
1,talk,3,0,15,ESTIMATE Agent[01] WEREWOLF
1,talk,4,0,9,VOTE Agent[02]
1,talk,5,0,8,ESTIMATE Agent[11] WEREWOLF
1,talk,6,0,5,Skip
1,talk,7,0,2,VOTE Agent[01]
1,talk,8,0,3,COMINGOUT Agent[03] SEER
1,talk,9,0,7,Skip
1,talk,10,0,12,VOTE Agent[11]
1,talk,11,0,13,Skip
1,talk,12,0,1,DIVINATION Agent[10]
1,talk,13,0,11,Skip
1,talk,14,0,14,VOTE Agent[01]
1,talk,15,1,4,Skip
1,talk,16,1,11,ESTIMATE Agent[07] WEREWOLF
1,talk,17,1,14,Skip
1,talk,18,1,3,DAY 1 (DIVINED Agent[02] HUMAN)
1,talk,19,1,7,Skip
1,talk,20,1,8,ESTIMATE Agent[15] WEREWOLF
1,talk,21,1,6,Over
1,talk,22,1,13,Skip
1,talk,23,1,5,Skip
1,talk,24,1,1,Skip
1,talk,25,1,15,VOTE Agent[01]
1,talk,26,1,12,VOTE Agent[01]
1,talk,27,1,2,Skip
1,talk,28,1,10,VOTE Agent[01]
1,talk,29,1,9,VOTE Agent[11]
1,talk,30,2,4,Skip
1,talk,31,2,10,Skip
1,talk,32,2,5,AND (VOTE Agent[14]) (REQUEST ANY (VOTE Agent[14]))
1,talk,33,2,7,AND (VOTE Agent[10]) (REQUEST ANY (VOTE Agent[10]))
1,talk,34,2,11,ESTIMATE Agent[07] WEREWOLF
1,talk,35,2,6,Over
1,talk,36,2,1,Skip
1,talk,37,2,9,VOTE Agent[12]
1,talk,38,2,3,AND (VOTE Agent[12]) (REQUEST ANY (VOTE Agent[12]))
1,talk,39,2,12,Skip
1,talk,40,2,15,Skip
1,talk,41,2,14,Skip
1,talk,42,2,13,Over
1,talk,43,2,8,ESTIMATE Agent[01] WEREWOLF
1,talk,44,2,2,Skip
1,talk,45,3,10,Skip
1,talk,46,3,12,Skip
1,talk,47,3,7,AND (VOTE Agent[14]) (REQUEST ANY (VOTE Agent[14]))
1,talk,48,3,13,Over
1,talk,49,3,15,Skip
1,talk,50,3,3,Skip
1,talk,51,3,9,VOTE Agent[06]
1,talk,52,3,4,Over
1,talk,53,3,5,AND (VOTE Agent[10]) (REQUEST ANY (VOTE Agent[10]))
1,talk,54,3,11,VOTE Agent[12]
1,talk,55,3,8,VOTE Agent[15]
1,talk,56,3,1,GUARDED Agent[07]
1,talk,57,3,2,VOTE Agent[06]
1,talk,58,3,6,Over
1,talk,59,3,14,Over
1,talk,60,4,9,Skip
1,talk,61,4,2,VOTE Agent[01]
1,talk,62,4,6,VOTE Agent[12]
1,talk,63,4,3,Skip
1,talk,64,4,5,AND (VOTE Agent[12]) (REQUEST ANY (VOTE Agent[12]))
1,talk,65,4,10,Over
1,talk,66,4,12,Over
1,talk,67,4,7,AND (VOTE Agent[12]) (REQUEST ANY (VOTE Agent[12]))
1,talk,68,4,15,Over
1,talk,69,4,14,Over
1,talk,70,4,1,DISAGREE TALK day1 ID:22
1,talk,71,4,4,Over
1,talk,72,4,8,Skip
1,talk,73,4,11,ESTIMATE Agent[04] WEREWOLF
1,talk,74,4,13,Over
1,talk,75,5,7,Skip
1,talk,76,5,4,Over
1,talk,77,5,8,Skip
1,talk,78,5,13,OR (VOTE Agent[01]) (VOTE Agent[04]) (VOTE Agent[05]) (VOTE Agent[06]) (VOTE Agent[07]) (VOTE Agent[08]) (VOTE Agent[09]) (VOTE Agent[10]) (VOTE Agent[11]) (VOTE Agent[12]) (VOTE Agent[14]) 
1,talk,79,5,5,Skip
1,talk,80,5,14,Over
1,talk,81,5,3,Over
1,talk,82,5,2,VOTE Agent[06]
1,talk,83,5,12,Over
1,talk,84,5,10,Over
1,talk,85,5,9,Skip
1,talk,86,5,11,Skip
1,talk,87,5,6,Over
1,talk,88,5,15,Over
1,talk,89,5,1,Skip
1,talk,90,6,11,Skip
1,talk,91,6,2,VOTE Agent[01]
1,talk,92,6,5,Skip
1,talk,93,6,10,Over
1,talk,94,6,4,Over
1,talk,95,6,6,Over
1,talk,96,6,8,Over
1,talk,97,6,1,ATTACK Agent[10]
1,talk,98,6,7,Skip
1,talk,99,6,14,Over
1,talk,100,6,15,Over
1,talk,101,6,13,Over
1,talk,102,6,9,Over
1,talk,103,6,3,Over
1,talk,104,6,12,Over
1,talk,105,7,4,Over
1,talk,106,7,3,Over
1,talk,107,7,14,Over
1,talk,108,7,13,Over
1,talk,109,7,2,Skip
1,talk,110,7,10,Over
1,talk,111,7,5,Over
1,talk,112,7,1,COMINGOUT Agent[07] FREEMASON
1,talk,113,7,8,Over
1,talk,114,7,6,Over
1,talk,115,7,9,Over
1,talk,116,7,11,ESTIMATE Agent[05] VILLAGER
1,talk,117,7,15,Over
1,talk,118,7,12,Over
1,talk,119,7,7,Over
1,talk,120,8,10,VOTE Agent[06]
1,talk,121,8,6,Over
1,talk,122,8,13,Over
1,talk,123,8,15,Over
1,talk,124,8,12,VOTE Agent[06]
1,talk,125,8,9,Over
1,talk,126,8,5,Over
1,talk,127,8,8,Over
1,talk,128,8,7,Over
1,talk,129,8,11,VOTE Agent[01]
1,talk,130,8,1,COMINGOUT Agent[05] SEER
1,talk,131,8,14,Over
1,talk,132,8,2,VOTE Agent[10]
1,talk,133,8,4,Over
1,talk,134,8,3,Over
1,talk,135,9,7,Over
1,talk,136,9,2,VOTE Agent[06]
1,talk,137,9,12,Skip
1,talk,138,9,4,Over
1,talk,139,9,11,Over
1,talk,140,9,6,Over
1,talk,141,9,13,Over
1,talk,142,9,5,Over
1,talk,143,9,15,Over
1,talk,144,9,8,Over
1,talk,145,9,14,Over
1,talk,146,9,10,Skip
1,talk,147,9,9,Over
1,talk,148,9,1,IDENTIFIED Agent[12] HUMAN
1,talk,149,9,3,BECAUSE (AND (COMINGOUT Agent[03] SEER) (Agent[05] COMINGOUT Agent[05] SEER)) (XOR (ESTIMATE Agent[05] WEREWOLF) (ESTIMATE Agent[05] POSSESSED))
1,talk,150,10,6,Over
1,talk,151,10,2,Skip
1,talk,152,10,4,Over
1,talk,153,10,15,Over
1,talk,154,10,11,Over
1,talk,155,10,3,BECAUSE (XOR (ESTIMATE Agent[05] WEREWOLF) (ESTIMATE Agent[05] POSSESSED)) (AND (VOTE Agent[05]) (REQUEST ANY (VOTE Agent[05])))
1,talk,156,10,7,Over
1,talk,157,10,5,Over
1,talk,158,10,14,VOTE Agent[02]
1,talk,159,10,12,Skip
1,talk,160,10,1,AGREE TALK day1 ID:24
1,talk,161,10,9,Over
1,talk,162,10,10,Skip
1,talk,163,10,13,Over
1,talk,164,10,8,Over
1,talk,165,11,9,Over
1,talk,166,11,10,Over
1,talk,167,11,15,Over
1,talk,168,11,14,Over
1,talk,169,11,1,Skip
1,talk,170,11,3,Skip
1,talk,171,11,13,Over
1,talk,172,11,6,Over
1,talk,173,11,2,VOTE Agent[10]
1,talk,174,11,7,Over
1,talk,175,11,4,Over
1,talk,176,11,12,Over
1,talk,177,11,11,Over
1,talk,178,11,5,AND (VOTE Agent[05]) (REQUEST ANY (VOTE Agent[05]))
1,talk,179,11,8,Over
1,talk,180,12,5,Skip
1,talk,181,12,13,Over
1,talk,182,12,10,Over
1,talk,183,12,3,Skip
1,talk,184,12,2,Skip
1,talk,185,12,7,AND (VOTE Agent[05]) (REQUEST ANY (VOTE Agent[05]))
1,talk,186,12,11,Over
1,talk,187,12,1,IDENTIFIED Agent[03] HUMAN
1,talk,188,12,15,Over
1,talk,189,12,6,Over
1,talk,190,12,4,Over
1,talk,191,12,12,Over
1,talk,192,12,8,Over
1,talk,193,12,9,Over
1,talk,194,12,14,Over
1,talk,195,13,11,Over
1,talk,196,13,14,Over
1,talk,197,13,9,Over
1,talk,198,13,13,Over
1,talk,199,13,8,Over
1,talk,200,13,1,AGREE TALK day1 ID:187
1,talk,201,13,5,Skip
1,talk,202,13,7,Skip
1,talk,203,13,2,Skip
1,talk,204,13,12,Over
1,talk,205,13,10,Over
1,talk,206,13,6,Over
1,talk,207,13,15,Over
1,talk,208,13,4,Over
1,talk,209,13,3,Over
1,talk,210,14,6,Over
1,talk,211,14,14,Over
1,talk,212,14,11,Over
1,talk,213,14,4,Over
1,talk,214,14,2,Over
1,talk,215,14,15,Over
1,talk,216,14,7,Skip
1,talk,217,14,9,Over
1,talk,218,14,1,Over
1,talk,219,14,13,Over
1,talk,220,14,12,Over
1,talk,221,14,10,Over
1,talk,222,14,8,Over
1,talk,223,14,5,Over
1,talk,224,14,3,Over
1,talk,225,15,4,Over
1,talk,226,15,2,Over
1,talk,227,15,9,Over
1,talk,228,15,5,Over
1,talk,229,15,11,Over
1,talk,230,15,7,Over
1,talk,231,15,13,Over
1,talk,232,15,14,Over
1,talk,233,15,12,Over
1,talk,234,15,1,Over
1,talk,235,15,3,Over
1,talk,236,15,15,Over
1,talk,237,15,6,Over
1,talk,238,15,10,Over
1,talk,239,15,8,Over
1,vote,1,3
1,vote,2,10
1,vote,3,5
1,vote,4,1
1,vote,5,4
1,vote,6,12
1,vote,7,5
1,vote,8,15
1,vote,9,6
1,vote,10,6
1,vote,11,1
1,vote,12,6
1,vote,13,4
1,vote,14,2
1,vote,15,1
1,vote,1,6
1,vote,2,4
1,vote,3,5
1,vote,4,1
1,vote,5,1
1,vote,6,1
1,vote,7,1
1,vote,8,15
1,vote,9,6
1,vote,10,6
1,vote,11,1
1,vote,12,6
1,vote,13,10
1,vote,14,2
1,vote,15,1
1,execute,1,POSSESSED
1,divine,3,5,HUMAN
1,whisper,0,0,10,ATTACK Agent[04]
1,whisper,1,0,12,ATTACK Agent[04]
1,whisper,2,0,14,Skip
1,whisper,3,1,12,Skip
1,whisper,4,1,10,Skip
1,whisper,5,1,14,Skip
1,whisper,6,2,14,Over
1,whisper,7,2,12,Skip
1,whisper,8,2,10,Skip
1,whisper,9,3,12,Over
1,whisper,10,3,10,Over
1,whisper,11,3,14,Over
1,guard,11,2,MEDIUM
1,attackVote,10,4
1,attackVote,12,4
1,attackVote,14,3
1,attack,4,true
2,status,1,POSSESSED,DEAD,kenzi
2,status,2,MEDIUM,ALIVE,hello_wolf
2,status,3,SEER,ALIVE,Dummy_01
2,status,4,VILLAGER,DEAD,Tomato
2,status,5,VILLAGER,ALIVE,Dummy_03
2,status,6,VILLAGER,ALIVE,Udon
2,status,7,VILLAGER,ALIVE,Dummy_02
2,status,8,VILLAGER,ALIVE,fisherman
2,status,9,VILLAGER,ALIVE,takeda
2,status,10,WEREWOLF,ALIVE,GO1DeNO
2,status,11,BODYGUARD,ALIVE,wasabi
2,status,12,WEREWOLF,ALIVE,fanfan
2,status,13,VILLAGER,ALIVE,calups
2,status,14,WEREWOLF,ALIVE,sonoda
2,status,15,VILLAGER,ALIVE,cantar
2,talk,0,0,6,VOTE Agent[11]
2,talk,1,0,15,ESTIMATE Agent[08] WEREWOLF
2,talk,2,0,3,DAY 2 (DIVINED Agent[05] HUMAN)
2,talk,3,0,7,Skip
2,talk,4,0,13,Skip
2,talk,5,0,11,ESTIMATE Agent[02] VILLAGER
2,talk,6,0,14,VOTE Agent[07]
2,talk,7,0,9,VOTE Agent[06]
2,talk,8,0,5,Skip
2,talk,9,0,10,VOTE Agent[06]
2,talk,10,0,2,COMINGOUT Agent[02] MEDIUM
2,talk,11,0,8,ESTIMATE Agent[15] WEREWOLF
2,talk,12,0,12,VOTE Agent[06]
2,talk,13,1,8,ESTIMATE Agent[02] WEREWOLF
2,talk,14,1,10,Skip
2,talk,15,1,15,VOTE Agent[08]
2,talk,16,1,9,VOTE Agent[11]
2,talk,17,1,14,VOTE Agent[09]
2,talk,18,1,12,Skip
2,talk,19,1,7,Skip
2,talk,20,1,13,Skip
2,talk,21,1,5,Skip
2,talk,22,1,3,BECAUSE (AND (AND (COMINGOUT Agent[03] SEER) (Agent[05] COMINGOUT Agent[05] SEER)) (DAY 2 (DIVINED Agent[05] HUMAN))) (ESTIMATE Agent[05] POSSESSED)
2,talk,23,1,2,IDENTIFIED Agent[01] HUMAN
2,talk,24,1,6,Over
2,talk,25,1,11,ESTIMATE Agent[15] WEREWOLF
2,talk,26,2,5,AND (VOTE Agent[13]) (REQUEST ANY (VOTE Agent[13]))
2,talk,27,2,13,Over
2,talk,28,2,14,VOTE Agent[07]
2,talk,29,2,3,AND (VOTE Agent[01]) (REQUEST ANY (VOTE Agent[01]))
2,talk,30,2,15,Skip
2,talk,31,2,11,ESTIMATE Agent[13] VILLAGER
2,talk,32,2,2,VOTE Agent[10]
2,talk,33,2,7,AND (VOTE Agent[06]) (REQUEST ANY (VOTE Agent[06]))
2,talk,34,2,12,VOTE Agent[11]
2,talk,35,2,6,Over
2,talk,36,2,9,Skip
2,talk,37,2,10,Skip
2,talk,38,2,8,ESTIMATE Agent[09] WEREWOLF
2,talk,39,3,7,AND (VOTE Agent[01]) (REQUEST ANY (VOTE Agent[01]))
2,talk,40,3,13,Over
2,talk,41,3,6,Over
2,talk,42,3,3,Skip
2,talk,43,3,15,Skip
2,talk,44,3,5,AND (VOTE Agent[06]) (REQUEST ANY (VOTE Agent[06]))
2,talk,45,3,9,VOTE Agent[14]
2,talk,46,3,2,VOTE Agent[14]
2,talk,47,3,8,VOTE Agent[10]
2,talk,48,3,12,Skip
2,talk,49,3,10,VOTE Agent[11]
2,talk,50,3,14,Skip
2,talk,51,3,11,VOTE Agent[03]
2,talk,52,4,15,Over
2,talk,53,4,14,Skip
2,talk,54,4,6,Over
2,talk,55,4,3,Skip
2,talk,56,4,2,Skip
2,talk,57,4,10,Skip
2,talk,58,4,7,AND (VOTE Agent[06]) (REQUEST ANY (VOTE Agent[06]))
2,talk,59,4,12,Skip
2,talk,60,4,9,Skip
2,talk,61,4,5,AND (VOTE Agent[01]) (REQUEST ANY (VOTE Agent[01]))
2,talk,62,4,11,ESTIMATE Agent[09] WEREWOLF
2,talk,63,4,13,Over
2,talk,64,4,8,Skip
2,talk,65,5,5,AND (VOTE Agent[06]) (REQUEST ANY (VOTE Agent[06]))
2,talk,66,5,6,Over
2,talk,67,5,13,OR (VOTE Agent[06]) (VOTE Agent[07]) (VOTE Agent[08]) (VOTE Agent[09]) (VOTE Agent[10]) (VOTE Agent[11]) (VOTE Agent[12]) (VOTE Agent[14]) 
2,talk,68,5,12,Over
2,talk,69,5,7,AND (VOTE Agent[01]) (REQUEST ANY (VOTE Agent[01]))
2,talk,70,5,3,Over
2,talk,71,5,9,Skip
2,talk,72,5,10,Skip
2,talk,73,5,11,ESTIMATE Agent[08] WEREWOLF
2,talk,74,5,8,Skip
2,talk,75,5,14,Over
2,talk,76,5,2,Skip
2,talk,77,5,15,Over
2,talk,78,6,11,ESTIMATE Agent[02] MEDIUM
2,talk,79,6,9,Over
2,talk,80,6,6,Over
2,talk,81,6,8,Over
2,talk,82,6,2,VOTE Agent[11]
2,talk,83,6,7,Skip
2,talk,84,6,15,Over
2,talk,85,6,3,Over
2,talk,86,6,12,Over
2,talk,87,6,13,Over
2,talk,88,6,5,AND (VOTE Agent[01]) (REQUEST ANY (VOTE Agent[01]))
2,talk,89,6,10,Over
2,talk,90,6,14,Over
2,talk,91,7,11,Skip
2,talk,92,7,9,Over
2,talk,93,7,6,Over
2,talk,94,7,3,Over
2,talk,95,7,14,Over
2,talk,96,7,15,Over
2,talk,97,7,2,VOTE Agent[10]
2,talk,98,7,7,Skip
2,talk,99,7,12,Over
2,talk,100,7,5,AND (VOTE Agent[14]) (REQUEST ANY (VOTE Agent[14]))
2,talk,101,7,13,Over
2,talk,102,7,10,Over
2,talk,103,7,8,Over
2,talk,104,8,10,Over
2,talk,105,8,5,Skip
2,talk,106,8,14,Over
2,talk,107,8,6,Over
2,talk,108,8,15,Over
2,talk,109,8,8,VOTE Agent[02]
2,talk,110,8,13,Over
2,talk,111,8,7,AND (VOTE Agent[14]) (REQUEST ANY (VOTE Agent[14]))
2,talk,112,8,9,Over
2,talk,113,8,11,ESTIMATE Agent[14] VILLAGER
2,talk,114,8,2,Skip
2,talk,115,8,12,Over
2,talk,116,8,3,Over
2,talk,117,9,5,AND (VOTE Agent[01]) (REQUEST ANY (VOTE Agent[01]))
2,talk,118,9,3,Over
2,talk,119,9,9,Over
2,talk,120,9,10,Over
2,talk,121,9,6,Over
2,talk,122,9,13,Over
2,talk,123,9,8,Skip
2,talk,124,9,14,Over
2,talk,125,9,11,Over
2,talk,126,9,15,Over
2,talk,127,9,2,Skip
2,talk,128,9,12,Over
2,talk,129,9,7,Skip
2,talk,130,10,6,Over
2,talk,131,10,12,Over
2,talk,132,10,8,Skip
2,talk,133,10,11,Over
2,talk,134,10,7,AND (VOTE Agent[01]) (REQUEST ANY (VOTE Agent[01]))
2,talk,135,10,10,Over
2,talk,136,10,14,Over
2,talk,137,10,15,Over
2,talk,138,10,3,Over
2,talk,139,10,5,AND (VOTE Agent[08]) (REQUEST ANY (VOTE Agent[08]))
2,talk,140,10,13,Over
2,talk,141,10,9,Over
2,talk,142,10,2,VOTE Agent[14]
2,talk,143,11,6,Over
2,talk,144,11,3,Over
2,talk,145,11,8,VOTE Agent[10]
2,talk,146,11,13,Over
2,talk,147,11,14,Over
2,talk,148,11,9,Over
2,talk,149,11,15,Over
2,talk,150,11,11,Over
2,talk,151,11,12,Over
2,talk,152,11,2,VOTE Agent[10]
2,talk,153,11,7,AND (VOTE Agent[08]) (REQUEST ANY (VOTE Agent[08]))
2,talk,154,11,5,AND (VOTE Agent[01]) (REQUEST ANY (VOTE Agent[01]))
2,talk,155,11,10,Over
2,talk,156,12,11,Over
2,talk,157,12,3,Over
2,talk,158,12,14,Over
2,talk,159,12,10,Over
2,talk,160,12,8,Skip
2,talk,161,12,7,AND (VOTE Agent[01]) (REQUEST ANY (VOTE Agent[01]))
2,talk,162,12,9,Over
2,talk,163,12,15,Over
2,talk,164,12,6,Over
2,talk,165,12,13,Over
2,talk,166,12,12,Over
2,talk,167,12,2,Skip
2,talk,168,12,5,AND (VOTE Agent[08]) (REQUEST ANY (VOTE Agent[08]))
2,talk,169,13,12,Over
2,talk,170,13,9,Over
2,talk,171,13,2,Skip
2,talk,172,13,15,Over
2,talk,173,13,3,Over
2,talk,174,13,14,Over
2,talk,175,13,13,Over
2,talk,176,13,5,Over
2,talk,177,13,8,Skip
2,talk,178,13,11,Over
2,talk,179,13,10,Over
2,talk,180,13,7,AND (VOTE Agent[08]) (REQUEST ANY (VOTE Agent[08]))
2,talk,181,13,6,Over
2,talk,182,14,2,Over
2,talk,183,14,8,Over
2,talk,184,14,13,Over
2,talk,185,14,3,Over
2,talk,186,14,11,Over
2,talk,187,14,12,Over
2,talk,188,14,7,Skip
2,talk,189,14,6,Over
2,talk,190,14,5,Over
2,talk,191,14,15,Over
2,talk,192,14,14,Over
2,talk,193,14,10,Over
2,talk,194,14,9,Over
2,talk,195,15,12,Over
2,talk,196,15,5,Over
2,talk,197,15,11,Over
2,talk,198,15,8,Over
2,talk,199,15,15,Over
2,talk,200,15,13,Over
2,talk,201,15,9,Over
2,talk,202,15,6,Over
2,talk,203,15,7,Skip
2,talk,204,15,14,Over
2,talk,205,15,2,Over
2,talk,206,15,3,Over
2,talk,207,15,10,Over
2,talk,208,16,11,Over
2,talk,209,16,12,Over
2,talk,210,16,6,Over
2,talk,211,16,10,Over
2,talk,212,16,13,Over
2,talk,213,16,14,Over
2,talk,214,16,2,Over
2,talk,215,16,3,Over
2,talk,216,16,9,Over
2,talk,217,16,15,Over
2,talk,218,16,7,Over
2,talk,219,16,5,Over
2,talk,220,16,8,Over
2,vote,2,10
2,vote,3,12
2,vote,5,13
2,vote,6,11
2,vote,7,8
2,vote,8,10
2,vote,9,14
2,vote,10,11
2,vote,11,3
2,vote,12,11
2,vote,13,10
2,vote,14,7
2,vote,15,8
2,vote,2,10
2,vote,3,10
2,vote,5,10
2,vote,6,11
2,vote,7,10
2,vote,8,10
2,vote,9,14
2,vote,10,11
2,vote,11,3
2,vote,12,11
2,vote,13,10
2,vote,14,7
2,vote,15,8
2,execute,10,WEREWOLF
2,divine,3,8,HUMAN
2,whisper,0,0,12,ATTACK Agent[13]
2,whisper,1,0,14,Skip
2,whisper,2,1,14,Skip
2,whisper,3,1,12,Skip
2,whisper,4,2,14,Over
2,whisper,5,2,12,Skip
2,whisper,6,3,14,Over
2,whisper,7,3,12,Over
2,guard,11,2,MEDIUM
2,attackVote,12,13
2,attackVote,14,3
2,attackVote,12,13
2,attackVote,14,3
2,attack,13,true
3,status,1,POSSESSED,DEAD,kenzi
3,status,2,MEDIUM,ALIVE,hello_wolf
3,status,3,SEER,ALIVE,Dummy_01
3,status,4,VILLAGER,DEAD,Tomato
3,status,5,VILLAGER,ALIVE,Dummy_03
3,status,6,VILLAGER,ALIVE,Udon
3,status,7,VILLAGER,ALIVE,Dummy_02
3,status,8,VILLAGER,ALIVE,fisherman
3,status,9,VILLAGER,ALIVE,takeda
3,status,10,WEREWOLF,DEAD,GO1DeNO
3,status,11,BODYGUARD,ALIVE,wasabi
3,status,12,WEREWOLF,ALIVE,fanfan
3,status,13,VILLAGER,DEAD,calups
3,status,14,WEREWOLF,ALIVE,sonoda
3,status,15,VILLAGER,ALIVE,cantar
3,talk,0,0,11,ESTIMATE Agent[08] VILLAGER
3,talk,1,0,7,Skip
3,talk,2,0,3,DAY 3 (DIVINED Agent[08] HUMAN)
3,talk,3,0,8,ESTIMATE Agent[10] WEREWOLF
3,talk,4,0,15,ESTIMATE Agent[08] WEREWOLF
3,talk,5,0,14,VOTE Agent[09]
3,talk,6,0,5,Skip
3,talk,7,0,6,VOTE Agent[11]
3,talk,8,0,9,VOTE Agent[14]
3,talk,9,0,12,VOTE Agent[11]
3,talk,10,0,2,IDENTIFIED Agent[10] WEREWOLF
3,talk,11,1,15,VOTE Agent[08]
3,talk,12,1,14,VOTE Agent[07]
3,talk,13,1,9,Skip
3,talk,14,1,7,Skip
3,talk,15,1,2,VOTE Agent[08]
3,talk,16,1,3,Skip
3,talk,17,1,5,Skip
3,talk,18,1,11,ESTIMATE Agent[07] VILLAGER
3,talk,19,1,12,Skip
3,talk,20,1,8,ESTIMATE Agent[09] WEREWOLF
3,talk,21,1,6,VOTE Agent[12]
3,talk,22,2,3,AND (VOTE Agent[10]) (REQUEST ANY (VOTE Agent[10]))
3,talk,23,2,7,AND (VOTE Agent[12]) (REQUEST ANY (VOTE Agent[12]))
3,talk,24,2,2,VOTE Agent[06]
3,talk,25,2,5,AND (VOTE Agent[08]) (REQUEST ANY (VOTE Agent[08]))
3,talk,26,2,15,Skip
3,talk,27,2,14,Skip
3,talk,28,2,6,Over
3,talk,29,2,9,Skip
3,talk,30,2,12,VOTE Agent[08]
3,talk,31,2,8,ESTIMATE Agent[01] WEREWOLF
3,talk,32,2,11,Skip
3,talk,33,3,6,Over
3,talk,34,3,15,Skip
3,talk,35,3,9,Over
3,talk,36,3,3,Skip
3,talk,37,3,7,AND (VOTE Agent[10]) (REQUEST ANY (VOTE Agent[10]))
3,talk,38,3,14,Skip
3,talk,39,3,5,AND (VOTE Agent[12]) (REQUEST ANY (VOTE Agent[12]))
3,talk,40,3,12,Skip
3,talk,41,3,8,VOTE Agent[09]
3,talk,42,3,11,VOTE Agent[03]
3,talk,43,3,2,VOTE Agent[14]
3,talk,44,4,5,AND (VOTE Agent[10]) (REQUEST ANY (VOTE Agent[10]))
3,talk,45,4,2,Skip
3,talk,46,4,14,Over
3,talk,47,4,9,Over
3,talk,48,4,6,Over
3,talk,49,4,3,Skip
3,talk,50,4,11,ESTIMATE Agent[03] WEREWOLF
3,talk,51,4,7,Skip
3,talk,52,4,8,Skip
3,talk,53,4,15,Over
3,talk,54,4,12,Skip
3,talk,55,5,15,Over
3,talk,56,5,12,Over
3,talk,57,5,14,Over
3,talk,58,5,7,Skip
3,talk,59,5,11,ESTIMATE Agent[06] VILLAGER
3,talk,60,5,8,Skip
3,talk,61,5,5,AND (VOTE Agent[06]) (REQUEST ANY (VOTE Agent[06]))
3,talk,62,5,3,Over
3,talk,63,5,2,Skip
3,talk,64,5,6,Over
3,talk,65,5,9,Over
3,talk,66,6,5,Skip
3,talk,67,6,6,VOTE Agent[14]
3,talk,68,6,8,Over
3,talk,69,6,14,Over
3,talk,70,6,7,AND (VOTE Agent[06]) (REQUEST ANY (VOTE Agent[06]))
3,talk,71,6,3,Over
3,talk,72,6,2,Over
3,talk,73,6,12,Over
3,talk,74,6,15,Over
3,talk,75,6,9,Over
3,talk,76,6,11,Skip
3,talk,77,7,12,Over
3,talk,78,7,9,Over
3,talk,79,7,11,ESTIMATE Agent[03] WEREWOLF
3,talk,80,7,2,Over
3,talk,81,7,14,Over
3,talk,82,7,6,Over
3,talk,83,7,5,Skip
3,talk,84,7,8,VOTE Agent[06]
3,talk,85,7,3,Over
3,talk,86,7,15,Over
3,talk,87,7,7,Skip
3,talk,88,8,2,VOTE Agent[06]
3,talk,89,8,6,Over
3,talk,90,8,11,Skip
3,talk,91,8,7,Skip
3,talk,92,8,9,Over
3,talk,93,8,15,Over
3,talk,94,8,8,Skip
3,talk,95,8,3,Over
3,talk,96,8,12,Over
3,talk,97,8,5,Over
3,talk,98,8,14,Over
3,talk,99,9,14,Over
3,talk,100,9,5,Over
3,talk,101,9,2,Skip
3,talk,102,9,8,VOTE Agent[02]
3,talk,103,9,7,Over
3,talk,104,9,15,Over
3,talk,105,9,12,VOTE Agent[06]
3,talk,106,9,3,Over
3,talk,107,9,9,Over
3,talk,108,9,6,VOTE Agent[12]
3,talk,109,9,11,Over
3,talk,110,10,2,Skip
3,talk,111,10,3,Over
3,talk,112,10,8,VOTE Agent[12]
3,talk,113,10,15,Over
3,talk,114,10,7,Over
3,talk,115,10,5,Over
3,talk,116,10,12,Skip
3,talk,117,10,14,Over
3,talk,118,10,6,Over
3,talk,119,10,9,Over
3,talk,120,10,11,Over
3,talk,121,11,2,Over
3,talk,122,11,14,Over
3,talk,123,11,7,Over
3,talk,124,11,9,Over
3,talk,125,11,8,Skip
3,talk,126,11,12,Skip
3,talk,127,11,3,Over
3,talk,128,11,11,Over
3,talk,129,11,5,Over
3,talk,130,11,15,Over
3,talk,131,11,6,Over
3,talk,132,12,2,Over
3,talk,133,12,7,Over
3,talk,134,12,5,Over
3,talk,135,12,3,Over
3,talk,136,12,9,Over
3,talk,137,12,14,Over
3,talk,138,12,15,Over
3,talk,139,12,12,Over
3,talk,140,12,11,Over
3,talk,141,12,6,Over
3,talk,142,12,8,Skip
3,talk,143,13,14,Over
3,talk,144,13,6,Over
3,talk,145,13,5,Over
3,talk,146,13,3,Over
3,talk,147,13,7,Over
3,talk,148,13,12,Over
3,talk,149,13,8,Over
3,talk,150,13,9,Over
3,talk,151,13,11,Over
3,talk,152,13,15,Over
3,talk,153,13,2,Over
3,vote,2,6
3,vote,3,8
3,vote,5,6
3,vote,6,12
3,vote,7,6
3,vote,8,12
3,vote,9,14
3,vote,11,3
3,vote,12,6
3,vote,14,7
3,vote,15,8
3,execute,6,VILLAGER
3,divine,3,9,HUMAN
3,whisper,0,0,12,ATTACK Agent[09]
3,whisper,1,0,14,Skip
3,whisper,2,1,12,Skip
3,whisper,3,1,14,Skip
3,whisper,4,2,14,Over
3,whisper,5,2,12,Skip
3,whisper,6,3,12,Over
3,whisper,7,3,14,Over
3,guard,11,2,MEDIUM
3,attackVote,12,9
3,attackVote,14,3
3,attackVote,12,9
3,attackVote,14,3
3,attack,9,true
4,status,1,POSSESSED,DEAD,kenzi
4,status,2,MEDIUM,ALIVE,hello_wolf
4,status,3,SEER,ALIVE,Dummy_01
4,status,4,VILLAGER,DEAD,Tomato
4,status,5,VILLAGER,ALIVE,Dummy_03
4,status,6,VILLAGER,DEAD,Udon
4,status,7,VILLAGER,ALIVE,Dummy_02
4,status,8,VILLAGER,ALIVE,fisherman
4,status,9,VILLAGER,DEAD,takeda
4,status,10,WEREWOLF,DEAD,GO1DeNO
4,status,11,BODYGUARD,ALIVE,wasabi
4,status,12,WEREWOLF,ALIVE,fanfan
4,status,13,VILLAGER,DEAD,calups
4,status,14,WEREWOLF,ALIVE,sonoda
4,status,15,VILLAGER,ALIVE,cantar
4,talk,0,0,12,VOTE Agent[11]
4,talk,1,0,7,Skip
4,talk,2,0,3,DAY 4 (DIVINED Agent[09] HUMAN)
4,talk,3,0,2,IDENTIFIED Agent[06] HUMAN
4,talk,4,0,8,ESTIMATE Agent[12] WEREWOLF
4,talk,5,0,14,VOTE Agent[07]
4,talk,6,0,5,Skip
4,talk,7,0,15,ESTIMATE Agent[02] WEREWOLF
4,talk,8,0,11,ESTIMATE Agent[05] VILLAGER
4,talk,9,1,5,Skip
4,talk,10,1,15,VOTE Agent[02]
4,talk,11,1,3,Skip
4,talk,12,1,12,Skip
4,talk,13,1,8,ESTIMATE Agent[02] WEREWOLF
4,talk,14,1,14,Skip
4,talk,15,1,7,Skip
4,talk,16,1,11,ESTIMATE Agent[02] MEDIUM
4,talk,17,1,2,VOTE Agent[08]
4,talk,18,2,7,AND (VOTE Agent[14]) (REQUEST ANY (VOTE Agent[14]))
4,talk,19,2,3,AND (VOTE Agent[15]) (REQUEST ANY (VOTE Agent[15]))
4,talk,20,2,15,Skip
4,talk,21,2,14,Skip
4,talk,22,2,5,AND (VOTE Agent[14]) (REQUEST ANY (VOTE Agent[14]))
4,talk,23,2,12,Skip
4,talk,24,2,2,VOTE Agent[14]
4,talk,25,2,11,Skip
4,talk,26,2,8,ESTIMATE Agent[10] WEREWOLF
4,talk,27,3,11,VOTE Agent[03]
4,talk,28,3,12,Over
4,talk,29,3,7,AND (VOTE Agent[15]) (REQUEST ANY (VOTE Agent[15]))
4,talk,30,3,2,Skip
4,talk,31,3,8,VOTE Agent[14]
4,talk,32,3,5,Skip
4,talk,33,3,3,Skip
4,talk,34,3,14,Over
4,talk,35,3,15,Skip
4,talk,36,4,12,Over
4,talk,37,4,14,Over
4,talk,38,4,3,Skip
4,talk,39,4,11,ESTIMATE Agent[02] MEDIUM
4,talk,40,4,7,Skip
4,talk,41,4,8,Skip
4,talk,42,4,15,Over
4,talk,43,4,5,AND (VOTE Agent[15]) (REQUEST ANY (VOTE Agent[15]))
4,talk,44,4,2,Skip
4,talk,45,5,14,Over
4,talk,46,5,7,Skip
4,talk,47,5,11,REQUEST ANY (VOTE Agent[03])
4,talk,48,5,3,Over
4,talk,49,5,15,Over
4,talk,50,5,5,Skip
4,talk,51,5,2,Over
4,talk,52,5,12,Over
4,talk,53,5,8,Skip
4,talk,54,6,15,Over
4,talk,55,6,5,Skip
4,talk,56,6,14,Over
4,talk,57,6,12,Over
4,talk,58,6,3,Over
4,talk,59,6,11,ESTIMATE Agent[02] MEDIUM
4,talk,60,6,8,Over
4,talk,61,6,2,Over
4,talk,62,6,7,Over
4,talk,63,7,15,Over
4,talk,64,7,12,Over
4,talk,65,7,3,Over
4,talk,66,7,8,Over
4,talk,67,7,5,Over
4,talk,68,7,14,Over
4,talk,69,7,11,ESTIMATE Agent[07] VILLAGER
4,talk,70,7,2,Over
4,talk,71,7,7,Over
4,talk,72,8,3,Over
4,talk,73,8,2,Over
4,talk,74,8,11,ESTIMATE Agent[02] MEDIUM
4,talk,75,8,5,Over
4,talk,76,8,14,Over
4,talk,77,8,15,Over
4,talk,78,8,7,Over
4,talk,79,8,12,Over
4,talk,80,8,8,Over
4,talk,81,9,5,Over
4,talk,82,9,7,Over
4,talk,83,9,2,Over
4,talk,84,9,8,Over
4,talk,85,9,11,Over
4,talk,86,9,15,Over
4,talk,87,9,12,Over
4,talk,88,9,14,Over
4,talk,89,9,3,Over
4,vote,2,14
4,vote,3,15
4,vote,5,15
4,vote,7,15
4,vote,8,14
4,vote,11,3
4,vote,12,11
4,vote,14,7
4,vote,15,2
4,execute,15,VILLAGER
4,divine,3,11,HUMAN
4,whisper,0,0,14,Skip
4,whisper,1,0,12,ATTACK Agent[08]
4,whisper,2,1,14,Skip
4,whisper,3,1,12,Skip
4,whisper,4,2,14,Over
4,whisper,5,2,12,Skip
4,whisper,6,3,12,Over
4,whisper,7,3,14,Over
4,guard,11,2,MEDIUM
4,attackVote,12,8
4,attackVote,14,3
4,attackVote,12,8
4,attackVote,14,3
4,attack,3,true
5,status,1,POSSESSED,DEAD,kenzi
5,status,2,MEDIUM,ALIVE,hello_wolf
5,status,3,SEER,DEAD,Dummy_01
5,status,4,VILLAGER,DEAD,Tomato
5,status,5,VILLAGER,ALIVE,Dummy_03
5,status,6,VILLAGER,DEAD,Udon
5,status,7,VILLAGER,ALIVE,Dummy_02
5,status,8,VILLAGER,ALIVE,fisherman
5,status,9,VILLAGER,DEAD,takeda
5,status,10,WEREWOLF,DEAD,GO1DeNO
5,status,11,BODYGUARD,ALIVE,wasabi
5,status,12,WEREWOLF,ALIVE,fanfan
5,status,13,VILLAGER,DEAD,calups
5,status,14,WEREWOLF,ALIVE,sonoda
5,status,15,VILLAGER,DEAD,cantar
5,talk,0,0,2,IDENTIFIED Agent[15] HUMAN
5,talk,1,0,8,ESTIMATE Agent[14] WEREWOLF
5,talk,2,0,14,VOTE Agent[11]
5,talk,3,0,12,VOTE Agent[11]
5,talk,4,0,5,Skip
5,talk,5,0,11,ESTIMATE Agent[02] MEDIUM
5,talk,6,0,7,Skip
5,talk,7,1,11,ESTIMATE Agent[02] MEDIUM
5,talk,8,1,5,Skip
5,talk,9,1,8,ESTIMATE Agent[02] WEREWOLF
5,talk,10,1,2,VOTE Agent[08]
5,talk,11,1,7,Skip
5,talk,12,1,14,Skip
5,talk,13,1,12,Skip
5,talk,14,2,11,ESTIMATE Agent[02] MEDIUM
5,talk,15,2,7,AND (VOTE Agent[11]) (REQUEST ANY (VOTE Agent[11]))
5,talk,16,2,5,AND (VOTE Agent[14]) (REQUEST ANY (VOTE Agent[14]))
5,talk,17,2,12,Skip
5,talk,18,2,2,VOTE Agent[11]
5,talk,19,2,14,Skip
5,talk,20,2,8,ESTIMATE Agent[12] WEREWOLF
5,talk,21,3,14,Over
5,talk,22,3,5,AND (VOTE Agent[11]) (REQUEST ANY (VOTE Agent[11]))
5,talk,23,3,8,VOTE Agent[02]
5,talk,24,3,2,Skip
5,talk,25,3,11,VOTE Agent[14]
5,talk,26,3,12,Over
5,talk,27,3,7,AND (VOTE Agent[14]) (REQUEST ANY (VOTE Agent[14]))
5,talk,28,4,5,AND (VOTE Agent[14]) (REQUEST ANY (VOTE Agent[14]))
5,talk,29,4,14,Over
5,talk,30,4,11,ESTIMATE Agent[02] MEDIUM
5,talk,31,4,7,AND (VOTE Agent[11]) (REQUEST ANY (VOTE Agent[11]))
5,talk,32,4,12,Over
5,talk,33,4,2,VOTE Agent[14]
5,talk,34,4,8,Skip
5,talk,35,5,5,AND (VOTE Agent[11]) (REQUEST ANY (VOTE Agent[11]))
5,talk,36,5,7,AND (VOTE Agent[14]) (REQUEST ANY (VOTE Agent[14]))
5,talk,37,5,11,ESTIMATE Agent[02] MEDIUM
5,talk,38,5,2,Skip
5,talk,39,5,14,Over
5,talk,40,5,12,Over
5,talk,41,5,8,Skip
5,talk,42,6,5,AND (VOTE Agent[14]) (REQUEST ANY (VOTE Agent[14]))
5,talk,43,6,8,Over
5,talk,44,6,2,Skip
5,talk,45,6,11,ESTIMATE Agent[02] MEDIUM
5,talk,46,6,12,Over
5,talk,47,6,14,Over
5,talk,48,6,7,AND (VOTE Agent[11]) (REQUEST ANY (VOTE Agent[11]))
5,talk,49,7,8,Over
5,talk,50,7,2,Over
5,talk,51,7,11,ESTIMATE Agent[02] MEDIUM
5,talk,52,7,7,AND (VOTE Agent[14]) (REQUEST ANY (VOTE Agent[14]))
5,talk,53,7,12,Over
5,talk,54,7,5,AND (VOTE Agent[11]) (REQUEST ANY (VOTE Agent[11]))
5,talk,55,7,14,Over
5,talk,56,8,12,Over
5,talk,57,8,7,AND (VOTE Agent[11]) (REQUEST ANY (VOTE Agent[11]))
5,talk,58,8,5,AND (VOTE Agent[14]) (REQUEST ANY (VOTE Agent[14]))
5,talk,59,8,8,Over
5,talk,60,8,2,Over
5,talk,61,8,11,ESTIMATE Agent[07] WEREWOLF
5,talk,62,8,14,Over
5,talk,63,9,11,Over
5,talk,64,9,5,AND (VOTE Agent[11]) (REQUEST ANY (VOTE Agent[11]))
5,talk,65,9,12,Over
5,talk,66,9,14,Over
5,talk,67,9,7,AND (VOTE Agent[14]) (REQUEST ANY (VOTE Agent[14]))
5,talk,68,9,2,Over
5,talk,69,9,8,Over
5,talk,70,10,8,Over
5,talk,71,10,2,Over
5,talk,72,10,12,Over
5,talk,73,10,7,AND (VOTE Agent[11]) (REQUEST ANY (VOTE Agent[11]))
5,talk,74,10,5,AND (VOTE Agent[14]) (REQUEST ANY (VOTE Agent[14]))
5,talk,75,10,14,Over
5,talk,76,10,11,Over
5,talk,77,11,12,Over
5,talk,78,11,5,AND (VOTE Agent[11]) (REQUEST ANY (VOTE Agent[11]))
5,talk,79,11,8,Over
5,talk,80,11,7,AND (VOTE Agent[14]) (REQUEST ANY (VOTE Agent[14]))
5,talk,81,11,2,Over
5,talk,82,11,11,Over
5,talk,83,11,14,Over
5,talk,84,12,14,Over
5,talk,85,12,2,Over
5,talk,86,12,12,Over
5,talk,87,12,8,Over
5,talk,88,12,5,Over
5,talk,89,12,7,Over
5,talk,90,12,11,Over
5,vote,2,14
5,vote,5,14
5,vote,7,11
5,vote,8,2
5,vote,11,14
5,vote,12,11
5,vote,14,11
5,vote,2,14
5,vote,5,11
5,vote,7,11
5,vote,8,2
5,vote,11,14
5,vote,12,11
5,vote,14,11
5,execute,11,BODYGUARD
5,whisper,0,0,14,Skip
5,whisper,1,0,12,ATTACK Agent[02]
5,whisper,2,1,12,Skip
5,whisper,3,1,14,Skip
5,whisper,4,2,12,Skip
5,whisper,5,2,14,Over
5,whisper,6,3,14,Over
5,whisper,7,3,12,Over
5,attackVote,12,2
5,attackVote,14,7
5,attackVote,12,2
5,attackVote,14,7
5,attack,7,true
6,status,1,POSSESSED,DEAD,kenzi
6,status,2,MEDIUM,ALIVE,hello_wolf
6,status,3,SEER,DEAD,Dummy_01
6,status,4,VILLAGER,DEAD,Tomato
6,status,5,VILLAGER,ALIVE,Dummy_03
6,status,6,VILLAGER,DEAD,Udon
6,status,7,VILLAGER,DEAD,Dummy_02
6,status,8,VILLAGER,ALIVE,fisherman
6,status,9,VILLAGER,DEAD,takeda
6,status,10,WEREWOLF,DEAD,GO1DeNO
6,status,11,BODYGUARD,DEAD,wasabi
6,status,12,WEREWOLF,ALIVE,fanfan
6,status,13,VILLAGER,DEAD,calups
6,status,14,WEREWOLF,ALIVE,sonoda
6,status,15,VILLAGER,DEAD,cantar
6,talk,0,0,12,VOTE Agent[02]
6,talk,1,0,2,IDENTIFIED Agent[11] HUMAN
6,talk,2,0,5,Skip
6,talk,3,0,8,ESTIMATE Agent[02] WEREWOLF
6,talk,4,0,14,VOTE Agent[05]
6,talk,5,1,12,Skip
6,talk,6,1,5,Skip
6,talk,7,1,8,ESTIMATE Agent[12] WEREWOLF
6,talk,8,1,2,VOTE Agent[08]
6,talk,9,1,14,Skip
6,talk,10,2,2,VOTE Agent[14]
6,talk,11,2,12,Skip
6,talk,12,2,8,ESTIMATE Agent[14] WEREWOLF
6,talk,13,2,5,AND (VOTE Agent[02]) (REQUEST ANY (VOTE Agent[02]))
6,talk,14,2,14,Skip
6,talk,15,3,5,Skip
6,talk,16,3,14,Over
6,talk,17,3,2,Skip
6,talk,18,3,12,Over
6,talk,19,3,8,VOTE Agent[02]
6,talk,20,4,8,Skip
6,talk,21,4,2,Skip
6,talk,22,4,5,Skip
6,talk,23,4,14,Over
6,talk,24,4,12,Over
6,talk,25,5,12,Over
6,talk,26,5,14,Over
6,talk,27,5,5,Over
6,talk,28,5,2,VOTE Agent[05]
6,talk,29,5,8,Skip
6,talk,30,6,12,Over
6,talk,31,6,8,Over
6,talk,32,6,2,Skip
6,talk,33,6,14,Over
6,talk,34,6,5,Over
6,talk,35,7,14,Over
6,talk,36,7,5,Over
6,talk,37,7,2,Skip
6,talk,38,7,8,Over
6,talk,39,7,12,Over
6,talk,40,8,14,Over
6,talk,41,8,12,Over
6,talk,42,8,5,Over
6,talk,43,8,8,Over
6,talk,44,8,2,Over
6,vote,2,5
6,vote,5,2
6,vote,8,2
6,vote,12,2
6,vote,14,5
6,execute,2,MEDIUM
6,whisper,0,0,12,ATTACK Agent[08]
6,whisper,1,0,14,Skip
6,whisper,2,1,12,Skip
6,whisper,3,1,14,Skip
6,whisper,4,2,12,Skip
6,whisper,5,2,14,Over
6,whisper,6,3,14,Over
6,whisper,7,3,12,Over
6,attackVote,12,8
6,attackVote,14,5
6,attackVote,12,8
6,attackVote,14,5
6,attack,8,true
7,status,1,POSSESSED,DEAD,kenzi
7,status,2,MEDIUM,DEAD,hello_wolf
7,status,3,SEER,DEAD,Dummy_01
7,status,4,VILLAGER,DEAD,Tomato
7,status,5,VILLAGER,ALIVE,Dummy_03
7,status,6,VILLAGER,DEAD,Udon
7,status,7,VILLAGER,DEAD,Dummy_02
7,status,8,VILLAGER,DEAD,fisherman
7,status,9,VILLAGER,DEAD,takeda
7,status,10,WEREWOLF,DEAD,GO1DeNO
7,status,11,BODYGUARD,DEAD,wasabi
7,status,12,WEREWOLF,ALIVE,fanfan
7,status,13,VILLAGER,DEAD,calups
7,status,14,WEREWOLF,ALIVE,sonoda
7,status,15,VILLAGER,DEAD,cantar
7,result,1,2,WEREWOLF
