0,status,1,VILLAGER,ALIVE,kenzi
0,status,2,VILLAGER,ALIVE,hello_wolf
0,status,3,VILLAGER,ALIVE,Dummy_01
0,status,4,WEREWOLF,ALIVE,Tomato
0,status,5,VILLAGER,ALIVE,Dummy_03
0,status,6,VILLAGER,ALIVE,Udon
0,status,7,VILLAGER,ALIVE,Dummy_02
0,status,8,MEDIUM,ALIVE,fisherman
0,status,9,VILLAGER,ALIVE,takeda
0,status,10,WEREWOLF,ALIVE,GO1DeNO
0,status,11,BODYGUARD,ALIVE,wasabi
0,status,12,POSSESSED,ALIVE,fanfan
0,status,13,SEER,ALIVE,calups
0,status,14,WEREWOLF,ALIVE,sonoda
0,status,15,VILLAGER,ALIVE,cantar
0,whisper,0,0,4,COMINGOUT Agent[04] VILLAGER
0,whisper,1,0,10,COMINGOUT Agent[10] VILLAGER
0,whisper,2,0,14,Skip
0,whisper,3,1,14,Skip
0,whisper,4,1,10,Skip
0,whisper,5,1,4,COMINGOUT Agent[04] SEER
0,whisper,6,2,10,Skip
0,whisper,7,2,14,Over
0,whisper,8,2,4,Skip
0,whisper,9,3,14,Over
0,whisper,10,3,4,Skip
0,whisper,11,3,10,Over
0,whisper,12,4,4,Over
0,whisper,13,4,14,Over
0,whisper,14,4,10,Over
0,divine,13,1,HUMAN
1,status,1,VILLAGER,ALIVE,kenzi
1,status,2,VILLAGER,ALIVE,hello_wolf
1,status,3,VILLAGER,ALIVE,Dummy_01
1,status,4,WEREWOLF,ALIVE,Tomato
1,status,5,VILLAGER,ALIVE,Dummy_03
1,status,6,VILLAGER,ALIVE,Udon
1,status,7,VILLAGER,ALIVE,Dummy_02
1,status,8,MEDIUM,ALIVE,fisherman
1,status,9,VILLAGER,ALIVE,takeda
1,status,10,WEREWOLF,ALIVE,GO1DeNO
1,status,11,BODYGUARD,ALIVE,wasabi
1,status,12,POSSESSED,ALIVE,fanfan
1,status,13,SEER,ALIVE,calups
1,status,14,WEREWOLF,ALIVE,sonoda
1,status,15,VILLAGER,ALIVE,cantar
1,talk,0,0,1,VOTED Agent[05]
1,talk,1,0,8,COMINGOUT Agent[08] MEDIUM
1,talk,2,0,5,Skip
1,talk,3,0,11,Skip
1,talk,4,0,4,COMINGOUT Agent[04] SEER
1,talk,5,0,7,Skip
1,talk,6,0,6,VOTE Agent[11]
1,talk,7,0,3,Skip
1,talk,8,0,13,COMINGOUT Agent[13] SEER
1,talk,9,0,10,VOTE Agent[06]
1,talk,10,0,12,COMINGOUT Agent[12] SEER
1,talk,11,0,2,VOTE Agent[13]
1,talk,12,0,14,VOTE Agent[01]
1,talk,13,0,9,VOTE Agent[11]
1,talk,14,0,15,ESTIMATE Agent[01] WEREWOLF
1,talk,15,1,15,VOTE Agent[01]
1,talk,16,1,7,Skip
1,talk,17,1,11,Skip
1,talk,18,1,5,Skip
1,talk,19,1,1,VOTED Agent[15]
1,talk,20,1,2,Skip
1,talk,21,1,6,Over
1,talk,22,1,9,VOTE Agent[13]
1,talk,23,1,13,DIVINED Agent[01] HUMAN
1,talk,24,1,4,DIVINED Agent[06] WEREWOLF
1,talk,25,1,12,DIVINED Agent[01] WEREWOLF
1,talk,26,1,10,VOTE Agent[11]
1,talk,27,1,3,Skip
1,talk,28,1,14,VOTE Agent[12]
1,talk,29,1,8,ESTIMATE Agent[11] WEREWOLF
1,talk,30,2,11,ESTIMATE Agent[15] VILLAGER
1,talk,31,2,3,AND (VOTE Agent[13]) (REQUEST ANY (VOTE Agent[13]))
1,talk,32,2,8,ESTIMATE Agent[15] WEREWOLF
1,talk,33,2,10,Skip
1,talk,34,2,13,Skip
1,talk,35,2,12,VOTE Agent[01]
1,talk,36,2,4,VOTE Agent[11]
1,talk,37,2,14,Skip
1,talk,38,2,5,AND (VOTE Agent[09]) (REQUEST ANY (VOTE Agent[09]))
1,talk,39,2,1,Skip
1,talk,40,2,7,AND (VOTE Agent[09]) (REQUEST ANY (VOTE Agent[09]))
1,talk,41,2,15,Skip
1,talk,42,2,9,Skip
1,talk,43,2,6,Over
1,talk,44,2,2,Skip
1,talk,45,3,6,Over
1,talk,46,3,7,Skip
1,talk,47,3,14,Skip
1,talk,48,3,9,Skip
1,talk,49,3,8,ESTIMATE Agent[01] WEREWOLF
1,talk,50,3,11,VOTE Agent[01]
1,talk,51,3,1,VOTE Agent[12]
1,talk,52,3,3,AND (VOTE Agent[09]) (REQUEST ANY (VOTE Agent[09]))
1,talk,53,3,15,Skip
1,talk,54,3,12,VOTE Agent[11]
1,talk,55,3,4,VOTE Agent[01]
1,talk,56,3,10,Skip
1,talk,57,3,5,Skip
1,talk,58,3,13,Skip
1,talk,59,3,2,Over
1,talk,60,4,9,Over
1,talk,61,4,2,Over
1,talk,62,4,7,Skip
1,talk,63,4,8,VOTE Agent[01]
1,talk,64,4,14,Over
1,talk,65,4,3,Skip
1,talk,66,4,5,Skip
1,talk,67,4,12,VOTE Agent[01]
1,talk,68,4,6,Over
1,talk,69,4,4,Skip
1,talk,70,4,13,Over
1,talk,71,4,10,Over
1,talk,72,4,15,Over
1,talk,73,4,1,ATTACKED Agent[03]
1,talk,74,4,11,ESTIMATE Agent[14] VILLAGER
1,talk,75,5,14,Over
1,talk,76,5,6,Over
1,talk,77,5,4,Skip
1,talk,78,5,3,Skip
1,talk,79,5,7,Over
1,talk,80,5,2,Over
1,talk,81,5,15,Over
1,talk,82,5,11,ESTIMATE Agent[04] WEREWOLF
1,talk,83,5,9,Over
1,talk,84,5,13,OR (VOTE Agent[02]) (VOTE Agent[03]) (VOTE Agent[05]) (VOTE Agent[07]) (VOTE Agent[09]) (VOTE Agent[10]) (VOTE Agent[11]) (VOTE Agent[14]) 
1,talk,85,5,8,Skip
1,talk,86,5,10,VOTE Agent[01]
1,talk,87,5,1,Skip
1,talk,88,5,12,Skip
1,talk,89,5,5,Over
1,talk,90,6,6,Over
1,talk,91,6,10,Skip
1,talk,92,6,7,Over
1,talk,93,6,4,Over
1,talk,94,6,14,Over
1,talk,95,6,9,Over
1,talk,96,6,2,Over
1,talk,97,6,15,Over
1,talk,98,6,3,Over
1,talk,99,6,11,Skip
1,talk,100,6,1,ATTACK Agent[04]
1,talk,101,6,13,Over
1,talk,102,6,5,Over
1,talk,103,6,12,Skip
1,talk,104,6,8,Skip
1,talk,105,7,11,ESTIMATE Agent[13] WEREWOLF
1,talk,106,7,10,Skip
1,talk,107,7,6,Over
1,talk,108,7,12,Over
1,talk,109,7,7,Over
1,talk,110,7,5,Over
1,talk,111,7,3,Over
1,talk,112,7,4,Over
1,talk,113,7,15,Over
1,talk,114,7,13,Over
1,talk,115,7,9,Over
1,talk,116,7,14,Over
1,talk,117,7,1,VOTE Agent[15]
1,talk,118,7,2,Over
1,talk,119,7,8,Over
1,talk,120,8,6,VOTE Agent[05]
1,talk,121,8,5,Over
1,talk,122,8,3,Over
1,talk,123,8,13,Over
1,talk,124,8,8,Over
1,talk,125,8,12,Over
1,talk,126,8,15,Over
1,talk,127,8,7,Over
1,talk,128,8,4,Over
1,talk,129,8,2,Over
1,talk,130,8,10,Over
1,talk,131,8,9,Over
1,talk,132,8,14,Over
1,talk,133,8,11,Skip
1,talk,134,8,1,AGREE TALK day1 ID:100
1,talk,135,9,4,Over
1,talk,136,9,9,Over
1,talk,137,9,7,Over
1,talk,138,9,6,Over
1,talk,139,9,10,Over
1,talk,140,9,5,Over
1,talk,141,9,15,Over
1,talk,142,9,8,VOTE Agent[06]
1,talk,143,9,14,Over
1,talk,144,9,3,Over
1,talk,145,9,13,Over
1,talk,146,9,2,Over
1,talk,147,9,11,Over
1,talk,148,9,12,Over
1,talk,149,9,1,VOTED Agent[10]
1,talk,150,10,13,Over
1,talk,151,10,9,Over
1,talk,152,10,3,Over
1,talk,153,10,10,Over
1,talk,154,10,5,Over
1,talk,155,10,11,Over
1,talk,156,10,14,Over
1,talk,157,10,4,Over
1,talk,158,10,2,Over
1,talk,159,10,6,Over
1,talk,160,10,7,Over
1,talk,161,10,1,ATTACK Agent[13]
1,talk,162,10,12,Over
1,talk,163,10,8,Skip
1,talk,164,10,15,Over
1,talk,165,11,6,Over
1,talk,166,11,8,Skip
1,talk,167,11,9,Over
1,talk,168,11,4,Over
1,talk,169,11,11,Over
1,talk,170,11,12,Over
1,talk,171,11,14,Over
1,talk,172,11,3,Over
1,talk,173,11,2,Over
1,talk,174,11,7,Over
1,talk,175,11,13,Over
1,talk,176,11,5,Over
1,talk,177,11,15,Over
1,talk,178,11,10,Over
1,talk,179,11,1,ATTACK Agent[08]
1,talk,180,12,15,Over
1,talk,181,12,1,Over
1,talk,182,12,11,Over
1,talk,183,12,4,Over
1,talk,184,12,2,Over
1,talk,185,12,9,Over
1,talk,186,12,14,Over
1,talk,187,12,10,Over
1,talk,188,12,6,Over
1,talk,189,12,7,Over
1,talk,190,12,13,Over
1,talk,191,12,12,Over
1,talk,192,12,3,Over
1,talk,193,12,8,Over
1,talk,194,12,5,Over
1,vote,1,12
1,vote,2,13
1,vote,3,9
1,vote,4,1
1,vote,5,9
1,vote,6,5
1,vote,7,9
1,vote,8,6
1,vote,9,13
1,vote,10,1
1,vote,11,1
1,vote,12,1
1,vote,13,2
1,vote,14,12
1,vote,15,1
1,execute,1,VILLAGER
1,divine,13,2,HUMAN
1,whisper,0,0,4,ATTACK Agent[13]
1,whisper,1,0,10,ESTIMATE Agent[12] POSSESSED
1,whisper,2,0,14,Skip
1,whisper,3,1,4,Skip
1,whisper,4,1,14,Skip
1,whisper,5,1,10,ATTACK Agent[09]
1,whisper,6,2,14,Over
1,whisper,7,2,10,Skip
1,whisper,8,2,4,Skip
1,whisper,9,3,10,Skip
1,whisper,10,3,14,Over
1,whisper,11,3,4,Over
1,whisper,12,4,4,Over
1,whisper,13,4,10,Over
1,whisper,14,4,14,Over
1,guard,11,4,WEREWOLF
1,attackVote,4,13
1,attackVote,10,9
1,attackVote,14,8
1,attackVote,4,13
1,attackVote,10,9
1,attackVote,14,8
1,attack,9,true
2,status,1,VILLAGER,DEAD,kenzi
2,status,2,VILLAGER,ALIVE,hello_wolf
2,status,3,VILLAGER,ALIVE,Dummy_01
2,status,4,WEREWOLF,ALIVE,Tomato
2,status,5,VILLAGER,ALIVE,Dummy_03
2,status,6,VILLAGER,ALIVE,Udon
2,status,7,VILLAGER,ALIVE,Dummy_02
2,status,8,MEDIUM,ALIVE,fisherman
2,status,9,VILLAGER,DEAD,takeda
2,status,10,WEREWOLF,ALIVE,GO1DeNO
2,status,11,BODYGUARD,ALIVE,wasabi
2,status,12,POSSESSED,ALIVE,fanfan
2,status,13,SEER,ALIVE,calups
2,status,14,WEREWOLF,ALIVE,sonoda
2,status,15,VILLAGER,ALIVE,cantar
2,talk,0,0,10,VOTE Agent[06]
2,talk,1,0,13,DIVINED Agent[02] HUMAN
2,talk,2,0,3,Skip
2,talk,3,0,14,VOTE Agent[12]
2,talk,4,0,6,VOTE Agent[05]
2,talk,5,0,12,DIVINED Agent[08] WEREWOLF
2,talk,6,0,5,Skip
2,talk,7,0,11,Skip
2,talk,8,0,15,ESTIMATE Agent[03] WEREWOLF
2,talk,9,0,8,IDENTIFIED Agent[01] HUMAN
2,talk,10,0,4,DIVINED Agent[11] WEREWOLF
2,talk,11,0,2,VOTE Agent[13]
2,talk,12,0,7,Skip
2,talk,13,1,10,Skip
2,talk,14,1,11,Skip
2,talk,15,1,13,Skip
2,talk,16,1,2,VOTE Agent[05]
2,talk,17,1,5,Skip
2,talk,18,1,12,VOTE Agent[08]
2,talk,19,1,6,VOTE Agent[11]
2,talk,20,1,4,VOTE Agent[05]
2,talk,21,1,14,Skip
2,talk,22,1,7,Skip
2,talk,23,1,15,VOTE Agent[03]
2,talk,24,1,8,ESTIMATE Agent[12] WEREWOLF
2,talk,25,1,3,Skip
2,talk,26,2,12,VOTE Agent[05]
2,talk,27,2,15,Skip
2,talk,28,2,13,Skip
2,talk,29,2,10,VOTE Agent[05]
2,talk,30,2,3,AND (VOTE Agent[04]) (REQUEST ANY (VOTE Agent[04]))
2,talk,31,2,6,Over
2,talk,32,2,11,ESTIMATE Agent[12] WEREWOLF
2,talk,33,2,14,Skip
2,talk,34,2,4,Skip
2,talk,35,2,8,ESTIMATE Agent[15] WEREWOLF
2,talk,36,2,2,Skip
2,talk,37,2,7,AND (VOTE Agent[08]) (REQUEST ANY (VOTE Agent[08]))
2,talk,38,2,5,AND (VOTE Agent[15]) (REQUEST ANY (VOTE Agent[15]))
2,talk,39,3,2,Skip
2,talk,40,3,6,Over
2,talk,41,3,5,AND (VOTE Agent[04]) (REQUEST ANY (VOTE Agent[04]))
2,talk,42,3,15,Skip
2,talk,43,3,3,AND (VOTE Agent[08]) (REQUEST ANY (VOTE Agent[08]))
2,talk,44,3,10,Skip
2,talk,45,3,11,VOTE Agent[15]
2,talk,46,3,13,Over
2,talk,47,3,12,Skip
2,talk,48,3,14,Over
2,talk,49,3,4,Skip
2,talk,50,3,8,ESTIMATE Agent[04] WEREWOLF
2,talk,51,3,7,AND (VOTE Agent[04]) (REQUEST ANY (VOTE Agent[04]))
2,talk,52,4,8,VOTE Agent[12]
2,talk,53,4,15,Over
2,talk,54,4,10,Skip
2,talk,55,4,2,Over
2,talk,56,4,13,Over
2,talk,57,4,3,AND (VOTE Agent[04]) (REQUEST ANY (VOTE Agent[04]))
2,talk,58,4,11,ESTIMATE Agent[15] VILLAGER
2,talk,59,4,4,Over
2,talk,60,4,14,Over
2,talk,61,4,12,Skip
2,talk,62,4,5,Skip
2,talk,63,4,6,Over
2,talk,64,4,7,Skip
2,talk,65,5,12,Over
2,talk,66,5,3,Skip
2,talk,67,5,4,VOTE Agent[04]
2,talk,68,5,15,Over
2,talk,69,5,13,OR (VOTE Agent[03]) (VOTE Agent[05]) (VOTE Agent[07]) (VOTE Agent[10]) (VOTE Agent[14]) 
2,talk,70,5,14,Over
2,talk,71,5,11,VOTE Agent[05]
2,talk,72,5,2,Over
2,talk,73,5,7,Skip
2,talk,74,5,10,Over
2,talk,75,5,5,Skip
2,talk,76,5,6,Over
2,talk,77,5,8,Skip
2,talk,78,6,2,Over
2,talk,79,6,4,VOTE Agent[05]
2,talk,80,6,13,Over
2,talk,81,6,11,Skip
2,talk,82,6,5,Over
2,talk,83,6,7,Over
2,talk,84,6,15,Over
2,talk,85,6,3,Skip
2,talk,86,6,6,Over
2,talk,87,6,10,Over
2,talk,88,6,14,Over
2,talk,89,6,12,Over
2,talk,90,6,8,Skip
2,talk,91,7,13,Over
2,talk,92,7,6,Over
2,talk,93,7,8,Over
2,talk,94,7,3,Over
2,talk,95,7,10,Over
2,talk,96,7,7,Over
2,talk,97,7,11,Skip
2,talk,98,7,14,Over
2,talk,99,7,5,Over
2,talk,100,7,12,Over
2,talk,101,7,4,Skip
2,talk,102,7,15,Over
2,talk,103,7,2,Over
2,talk,104,8,14,Over
2,talk,105,8,13,Over
2,talk,106,8,4,Skip
2,talk,107,8,2,Over
2,talk,108,8,12,Over
2,talk,109,8,8,Over
2,talk,110,8,5,Over
2,talk,111,8,11,ESTIMATE Agent[12] WEREWOLF
2,talk,112,8,15,Over
2,talk,113,8,3,Over
2,talk,114,8,10,Over
2,talk,115,8,7,Over
2,talk,116,8,6,Over
2,talk,117,9,2,Over
2,talk,118,9,12,Over
2,talk,119,9,13,Over
2,talk,120,9,11,Over
2,talk,121,9,14,Over
2,talk,122,9,7,Over
2,talk,123,9,5,Over
2,talk,124,9,8,Over
2,talk,125,9,4,Over
2,talk,126,9,6,Over
2,talk,127,9,3,Over
2,talk,128,9,10,Over
2,talk,129,9,15,Over
2,vote,2,5
2,vote,3,4
2,vote,4,5
2,vote,5,4
2,vote,6,11
2,vote,7,4
2,vote,8,12
2,vote,10,5
2,vote,11,5
2,vote,12,5
2,vote,13,3
2,vote,14,12
2,vote,15,3
2,execute,5,VILLAGER
2,divine,13,3,HUMAN
2,whisper,0,0,10,ATTACK Agent[07]
2,whisper,1,0,4,ATTACK Agent[13]
2,whisper,2,0,14,Skip
2,whisper,3,1,4,Skip
2,whisper,4,1,14,Skip
2,whisper,5,1,10,Skip
2,whisper,6,2,10,Skip
2,whisper,7,2,14,Over
2,whisper,8,2,4,Skip
2,whisper,9,3,14,Over
2,whisper,10,3,10,Over
2,whisper,11,3,4,Over
2,guard,11,13,SEER
2,attackVote,4,13
2,attackVote,10,7
2,attackVote,14,8
2,attackVote,4,13
2,attackVote,10,7
2,attackVote,14,8
2,attack,13,false
3,status,1,VILLAGER,DEAD,kenzi
3,status,2,VILLAGER,ALIVE,hello_wolf
3,status,3,VILLAGER,ALIVE,Dummy_01
3,status,4,WEREWOLF,ALIVE,Tomato
3,status,5,VILLAGER,DEAD,Dummy_03
3,status,6,VILLAGER,ALIVE,Udon
3,status,7,VILLAGER,ALIVE,Dummy_02
3,status,8,MEDIUM,ALIVE,fisherman
3,status,9,VILLAGER,DEAD,takeda
3,status,10,WEREWOLF,ALIVE,GO1DeNO
3,status,11,BODYGUARD,ALIVE,wasabi
3,status,12,POSSESSED,ALIVE,fanfan
3,status,13,SEER,ALIVE,calups
3,status,14,WEREWOLF,ALIVE,sonoda
3,status,15,VILLAGER,ALIVE,cantar
3,talk,0,0,14,VOTE Agent[12]
3,talk,1,0,7,Skip
3,talk,2,0,12,DIVINED Agent[13] WEREWOLF
3,talk,3,0,15,ESTIMATE Agent[14] WEREWOLF
3,talk,4,0,3,Skip
3,talk,5,0,11,ESTIMATE Agent[04] WEREWOLF
3,talk,6,0,4,DIVINED Agent[14] HUMAN
3,talk,7,0,2,VOTE Agent[10]
3,talk,8,0,6,VOTE Agent[11]
3,talk,9,0,13,DIVINED Agent[03] HUMAN
3,talk,10,0,8,IDENTIFIED Agent[05] HUMAN
3,talk,11,0,10,VOTE Agent[06]
3,talk,12,1,12,VOTE Agent[08]
3,talk,13,1,8,ESTIMATE Agent[12] WEREWOLF
3,talk,14,1,10,Skip
3,talk,15,1,15,VOTE Agent[14]
3,talk,16,1,14,Skip
3,talk,17,1,7,Skip
3,talk,18,1,13,Skip
3,talk,19,1,3,Skip
3,talk,20,1,11,Skip
3,talk,21,1,6,Over
3,talk,22,1,4,VOTE Agent[06]
3,talk,23,1,2,VOTE Agent[04]
3,talk,24,2,14,Skip
3,talk,25,2,12,Skip
3,talk,26,2,10,Skip
3,talk,27,2,8,ESTIMATE Agent[10] WEREWOLF
3,talk,28,2,15,Skip
3,talk,29,2,7,AND (VOTE Agent[04]) (REQUEST ANY (VOTE Agent[04]))
3,talk,30,2,6,Over
3,talk,31,2,11,ESTIMATE Agent[02] VILLAGER
3,talk,32,2,4,VOTE Agent[04]
3,talk,33,2,2,VOTE Agent[14]
3,talk,34,2,3,AND (VOTE Agent[02]) (REQUEST ANY (VOTE Agent[02]))
3,talk,35,2,13,Skip
3,talk,36,3,11,VOTE Agent[06]
3,talk,37,3,15,Skip
3,talk,38,3,2,VOTE Agent[04]
3,talk,39,3,14,Over
3,talk,40,3,4,Skip
3,talk,41,3,13,Over
3,talk,42,3,8,ESTIMATE Agent[06] WEREWOLF
3,talk,43,3,3,AND (VOTE Agent[04]) (REQUEST ANY (VOTE Agent[04]))
3,talk,44,3,12,Skip
3,talk,45,3,6,Over
3,talk,46,3,10,Over
3,talk,47,3,7,AND (VOTE Agent[02]) (REQUEST ANY (VOTE Agent[02]))
3,talk,48,4,2,Skip
3,talk,49,4,4,Skip
3,talk,50,4,10,Over
3,talk,51,4,6,Over
3,talk,52,4,13,Over
3,talk,53,4,11,Skip
3,talk,54,4,8,VOTE Agent[12]
3,talk,55,4,15,Over
3,talk,56,4,14,Over
3,talk,57,4,3,AND (VOTE Agent[02]) (REQUEST ANY (VOTE Agent[02]))
3,talk,58,4,12,Over
3,talk,59,4,7,AND (VOTE Agent[04]) (REQUEST ANY (VOTE Agent[04]))
3,talk,60,5,14,Over
3,talk,61,5,8,Skip
3,talk,62,5,7,AND (VOTE Agent[02]) (REQUEST ANY (VOTE Agent[02]))
3,talk,63,5,13,OR (VOTE Agent[07]) (VOTE Agent[10]) 
3,talk,64,5,15,Over
3,talk,65,5,11,ESTIMATE Agent[13] SEER
3,talk,66,5,2,Skip
3,talk,67,5,4,Over
3,talk,68,5,12,Over
3,talk,69,5,3,AND (VOTE Agent[04]) (REQUEST ANY (VOTE Agent[04]))
3,talk,70,5,10,Over
3,talk,71,5,6,Over
3,talk,72,6,6,Over
3,talk,73,6,2,Over
3,talk,74,6,11,Skip
3,talk,75,6,12,Over
3,talk,76,6,4,Over
3,talk,77,6,14,Over
3,talk,78,6,3,AND (VOTE Agent[02]) (REQUEST ANY (VOTE Agent[02]))
3,talk,79,6,13,Over
3,talk,80,6,8,Skip
3,talk,81,6,15,Over
3,talk,82,6,10,Over
3,talk,83,6,7,AND (VOTE Agent[04]) (REQUEST ANY (VOTE Agent[04]))
3,talk,84,7,7,AND (VOTE Agent[02]) (REQUEST ANY (VOTE Agent[02]))
3,talk,85,7,15,Over
3,talk,86,7,8,Over
3,talk,87,7,2,Over
3,talk,88,7,12,Over
3,talk,89,7,6,Over
3,talk,90,7,14,Over
3,talk,91,7,11,ESTIMATE Agent[06] VILLAGER
3,talk,92,7,4,Over
3,talk,93,7,10,Over
3,talk,94,7,13,Over
3,talk,95,7,3,AND (VOTE Agent[04]) (REQUEST ANY (VOTE Agent[04]))
3,talk,96,8,12,Over
3,talk,97,8,4,Over
3,talk,98,8,11,ESTIMATE Agent[03] VILLAGER
3,talk,99,8,3,AND (VOTE Agent[02]) (REQUEST ANY (VOTE Agent[02]))
3,talk,100,8,15,Over
3,talk,101,8,14,Over
3,talk,102,8,10,Over
3,talk,103,8,7,AND (VOTE Agent[04]) (REQUEST ANY (VOTE Agent[04]))
3,talk,104,8,13,Over
3,talk,105,8,8,Over
3,talk,106,8,6,Over
3,talk,107,8,2,Over
3,talk,108,9,2,Over
3,talk,109,9,4,Over
3,talk,110,9,3,AND (VOTE Agent[04]) (REQUEST ANY (VOTE Agent[04]))
3,talk,111,9,6,Over
3,talk,112,9,8,Over
3,talk,113,9,15,Over
3,talk,114,9,12,Over
3,talk,115,9,10,Over
3,talk,116,9,13,Over
3,talk,117,9,14,Over
3,talk,118,9,11,Over
3,talk,119,9,7,AND (VOTE Agent[02]) (REQUEST ANY (VOTE Agent[02]))
3,talk,120,10,6,Over
3,talk,121,10,4,Over
3,talk,122,10,7,AND (VOTE Agent[04]) (REQUEST ANY (VOTE Agent[04]))
3,talk,123,10,13,Over
3,talk,124,10,11,Over
3,talk,125,10,2,Over
3,talk,126,10,10,Over
3,talk,127,10,15,Over
3,talk,128,10,3,AND (VOTE Agent[02]) (REQUEST ANY (VOTE Agent[02]))
3,talk,129,10,14,Over
3,talk,130,10,12,Over
3,talk,131,10,8,Over
3,talk,132,11,8,Over
3,talk,133,11,15,Over
3,talk,134,11,4,Over
3,talk,135,11,11,Over
3,talk,136,11,10,Over
3,talk,137,11,6,Over
3,talk,138,11,7,AND (VOTE Agent[02]) (REQUEST ANY (VOTE Agent[02]))
3,talk,139,11,13,Over
3,talk,140,11,14,Over
3,talk,141,11,12,Over
3,talk,142,11,2,Over
3,talk,143,11,3,AND (VOTE Agent[04]) (REQUEST ANY (VOTE Agent[04]))
3,talk,144,12,10,Over
3,talk,145,12,3,Over
3,talk,146,12,11,Over
3,talk,147,12,15,Over
3,talk,148,12,7,Over
3,talk,149,12,13,Over
3,talk,150,12,14,Over
3,talk,151,12,2,Over
3,talk,152,12,12,Over
3,talk,153,12,6,Over
3,talk,154,12,8,Over
3,talk,155,12,4,Over
3,vote,2,4
3,vote,3,2
3,vote,4,14
3,vote,6,11
3,vote,7,4
3,vote,8,12
3,vote,10,6
3,vote,11,6
3,vote,12,8
3,vote,13,10
3,vote,14,12
3,vote,15,14
3,vote,2,4
3,vote,3,4
3,vote,4,15
3,vote,6,11
3,vote,7,4
3,vote,8,12
3,vote,10,6
3,vote,11,6
3,vote,12,8
3,vote,13,10
3,vote,14,12
3,vote,15,14
3,execute,4,WEREWOLF
3,divine,13,10,WEREWOLF
3,whisper,0,0,14,Skip
3,whisper,1,0,10,ATTACK Agent[07]
3,whisper,2,1,14,Skip
3,whisper,3,1,10,Skip
3,whisper,4,2,10,Skip
3,whisper,5,2,14,Over
3,whisper,6,3,10,Over
3,whisper,7,3,14,Over
3,guard,11,13,SEER
3,attackVote,10,7
3,attackVote,14,8
3,attackVote,10,7
3,attackVote,14,8
3,attack,8,true
4,status,1,VILLAGER,DEAD,kenzi
4,status,2,VILLAGER,ALIVE,hello_wolf
4,status,3,VILLAGER,ALIVE,Dummy_01
4,status,4,WEREWOLF,DEAD,Tomato
4,status,5,VILLAGER,DEAD,Dummy_03
4,status,6,VILLAGER,ALIVE,Udon
4,status,7,VILLAGER,ALIVE,Dummy_02
4,status,8,MEDIUM,DEAD,fisherman
4,status,9,VILLAGER,DEAD,takeda
4,status,10,WEREWOLF,ALIVE,GO1DeNO
4,status,11,BODYGUARD,ALIVE,wasabi
4,status,12,POSSESSED,ALIVE,fanfan
4,status,13,SEER,ALIVE,calups
4,status,14,WEREWOLF,ALIVE,sonoda
4,status,15,VILLAGER,ALIVE,cantar
4,talk,0,0,12,VOTE Agent[03]
4,talk,1,0,2,VOTE Agent[10]
4,talk,2,0,15,ESTIMATE Agent[07] WEREWOLF
4,talk,3,0,13,DIVINED Agent[10] WEREWOLF
4,talk,4,0,6,VOTE Agent[11]
4,talk,5,0,14,VOTE Agent[12]
4,talk,6,0,10,VOTE Agent[06]
4,talk,7,0,11,ESTIMATE Agent[03] VILLAGER
4,talk,8,0,7,BECAUSE (AND (ANY ATTACKED Agent[08]) (DAY 2 (Agent[12] DIVINED Agent[08] WEREWOLF))) (XOR (ESTIMATE Agent[12] WEREWOLF) (ESTIMATE Agent[12] POSSESSED))
4,talk,9,0,3,BECAUSE (AND (ANY ATTACKED Agent[08]) (DAY 2 (Agent[12] DIVINED Agent[08] WEREWOLF))) (XOR (ESTIMATE Agent[12] WEREWOLF) (ESTIMATE Agent[12] POSSESSED))
4,talk,10,1,3,Skip
4,talk,11,1,15,VOTE Agent[07]
4,talk,12,1,13,Skip
4,talk,13,1,11,Skip
4,talk,14,1,12,Skip
4,talk,15,1,10,Skip
4,talk,16,1,7,Skip
4,talk,17,1,2,Skip
4,talk,18,1,14,Skip
4,talk,19,1,6,Over
4,talk,20,2,13,Skip
4,talk,21,2,10,Skip
4,talk,22,2,14,Skip
4,talk,23,2,11,Skip
4,talk,24,2,2,Skip
4,talk,25,2,7,BECAUSE (XOR (ESTIMATE Agent[12] WEREWOLF) (ESTIMATE Agent[12] POSSESSED)) (AND (VOTE Agent[12]) (REQUEST ANY (VOTE Agent[12])))
4,talk,26,2,15,Skip
4,talk,27,2,6,Over
4,talk,28,2,12,Skip
4,talk,29,2,3,BECAUSE (XOR (ESTIMATE Agent[12] WEREWOLF) (ESTIMATE Agent[12] POSSESSED)) (AND (VOTE Agent[12]) (REQUEST ANY (VOTE Agent[12])))
4,talk,30,3,6,Over
4,talk,31,3,12,Over
4,talk,32,3,13,Over
4,talk,33,3,2,Over
4,talk,34,3,11,VOTE Agent[10]
4,talk,35,3,15,Skip
4,talk,36,3,3,Skip
4,talk,37,3,7,Skip
4,talk,38,3,14,Over
4,talk,39,3,10,Over
4,talk,40,4,15,Over
4,talk,41,4,10,Over
4,talk,42,4,14,Over
4,talk,43,4,3,Skip
4,talk,44,4,2,Over
4,talk,45,4,12,Over
4,talk,46,4,11,ESTIMATE Agent[10] WEREWOLF
4,talk,47,4,7,Skip
4,talk,48,4,6,VOTE Agent[12]
4,talk,49,4,13,Over
4,talk,50,5,13,OR (VOTE Agent[07]) 
4,talk,51,5,12,Over
4,talk,52,5,10,Over
4,talk,53,5,7,Over
4,talk,54,5,11,Skip
4,talk,55,5,2,Over
4,talk,56,5,6,Over
4,talk,57,5,3,Over
4,talk,58,5,15,Over
4,talk,59,5,14,Over
4,talk,60,6,15,Over
4,talk,61,6,7,Over
4,talk,62,6,10,Over
4,talk,63,6,3,Over
4,talk,64,6,6,Over
4,talk,65,6,2,Over
4,talk,66,6,14,Over
4,talk,67,6,13,Over
4,talk,68,6,12,Over
4,talk,69,6,11,Skip
4,talk,70,7,14,Over
4,talk,71,7,13,Over
4,talk,72,7,7,Over
4,talk,73,7,15,Over
4,talk,74,7,11,Over
4,talk,75,7,3,Over
4,talk,76,7,2,Over
4,talk,77,7,12,Over
4,talk,78,7,10,Over
4,talk,79,7,6,Over
4,vote,2,10
4,vote,3,12
4,vote,6,12
4,vote,7,12
4,vote,10,6
4,vote,11,10
4,vote,12,3
4,vote,13,10
4,vote,14,12
4,vote,15,7
4,execute,12,POSSESSED
4,divine,13,7,HUMAN
4,whisper,0,0,14,Skip
4,whisper,1,0,10,ATTACK Agent[07]
4,whisper,2,1,14,Skip
4,whisper,3,1,10,Skip
4,whisper,4,2,10,Skip
4,whisper,5,2,14,Over
4,whisper,6,3,14,Over
4,whisper,7,3,10,Over
4,guard,11,13,SEER
4,attackVote,10,7
4,attackVote,14,3
4,attackVote,10,7
4,attackVote,14,3
4,attack,7,true
5,status,1,VILLAGER,DEAD,kenzi
5,status,2,VILLAGER,ALIVE,hello_wolf
5,status,3,VILLAGER,ALIVE,Dummy_01
5,status,4,WEREWOLF,DEAD,Tomato
5,status,5,VILLAGER,DEAD,Dummy_03
5,status,6,VILLAGER,ALIVE,Udon
5,status,7,VILLAGER,DEAD,Dummy_02
5,status,8,MEDIUM,DEAD,fisherman
5,status,9,VILLAGER,DEAD,takeda
5,status,10,WEREWOLF,ALIVE,GO1DeNO
5,status,11,BODYGUARD,ALIVE,wasabi
5,status,12,POSSESSED,DEAD,fanfan
5,status,13,SEER,ALIVE,calups
5,status,14,WEREWOLF,ALIVE,sonoda
5,status,15,VILLAGER,ALIVE,cantar
5,talk,0,0,10,VOTE Agent[06]
5,talk,1,0,15,ESTIMATE Agent[14] WEREWOLF
5,talk,2,0,2,VOTE Agent[10]
5,talk,3,0,6,VOTE Agent[11]
5,talk,4,0,14,VOTE Agent[15]
5,talk,5,0,11,Skip
5,talk,6,0,3,Skip
5,talk,7,0,13,DIVINED Agent[07] HUMAN
5,talk,8,1,14,Skip
5,talk,9,1,15,VOTE Agent[14]
5,talk,10,1,11,ESTIMATE Agent[10] WEREWOLF
5,talk,11,1,3,Skip
5,talk,12,1,6,Over
5,talk,13,1,2,Skip
5,talk,14,1,13,Skip
5,talk,15,1,10,Skip
5,talk,16,2,3,AND (VOTE Agent[15]) (REQUEST ANY (VOTE Agent[15]))
5,talk,17,2,6,Over
5,talk,18,2,11,Skip
5,talk,19,2,13,Skip
5,talk,20,2,15,Skip
5,talk,21,2,2,Skip
5,talk,22,2,14,Skip
5,talk,23,2,10,Skip
5,talk,24,3,10,Over
5,talk,25,3,11,VOTE Agent[10]
5,talk,26,3,14,Over
5,talk,27,3,2,Over
5,talk,28,3,15,Skip
5,talk,29,3,3,Skip
5,talk,30,3,6,Over
5,talk,31,3,13,Over
5,talk,32,4,2,Over
5,talk,33,4,6,Over
5,talk,34,4,14,Over
5,talk,35,4,10,Over
5,talk,36,4,15,Over
5,talk,37,4,11,Skip
5,talk,38,4,3,Skip
5,talk,39,4,13,Over
5,talk,40,5,13,OR (VOTE Agent[06]) (VOTE Agent[10]) (VOTE Agent[11]) 
5,talk,41,5,6,Over
5,talk,42,5,2,Over
5,talk,43,5,3,Over
5,talk,44,5,11,ESTIMATE Agent[10] WEREWOLF
5,talk,45,5,14,Over
5,talk,46,5,10,Over
5,talk,47,5,15,Over
5,talk,48,6,14,Over
5,talk,49,6,13,Over
5,talk,50,6,10,Over
5,talk,51,6,2,Over
5,talk,52,6,11,REQUEST ANY (VOTE Agent[10])
5,talk,53,6,3,Over
5,talk,54,6,6,Over
5,talk,55,6,15,Over
5,talk,56,7,6,Over
5,talk,57,7,13,Over
5,talk,58,7,10,Over
5,talk,59,7,11,Skip
5,talk,60,7,3,AND (VOTE Agent[10]) (REQUEST ANY (VOTE Agent[10]))
5,talk,61,7,2,Over
5,talk,62,7,14,Over
5,talk,63,7,15,Over
5,talk,64,8,15,Over
5,talk,65,8,6,Over
5,talk,66,8,2,Over
5,talk,67,8,3,Skip
5,talk,68,8,13,Over
5,talk,69,8,11,ESTIMATE Agent[14] VILLAGER
5,talk,70,8,14,Over
5,talk,71,8,10,Over
5,talk,72,9,2,Over
5,talk,73,9,6,Over
5,talk,74,9,10,Over
5,talk,75,9,3,Skip
5,talk,76,9,11,Over
5,talk,77,9,14,Over
5,talk,78,9,15,Over
5,talk,79,9,13,Over
5,talk,80,10,14,Over
5,talk,81,10,10,Over
5,talk,82,10,13,Over
5,talk,83,10,15,Over
5,talk,84,10,2,Over
5,talk,85,10,6,Over
5,talk,86,10,11,Over
5,talk,87,10,3,Over
5,vote,2,10
5,vote,3,10
5,vote,6,11
5,vote,10,6
5,vote,11,10
5,vote,13,10
5,vote,14,15
5,vote,15,14
5,execute,10,WEREWOLF
5,divine,13,3,HUMAN
5,guard,11,13,SEER
5,attackVote,14,3
5,attack,3,true
6,status,1,VILLAGER,DEAD,kenzi
6,status,2,VILLAGER,ALIVE,hello_wolf
6,status,3,VILLAGER,DEAD,Dummy_01
6,status,4,WEREWOLF,DEAD,Tomato
6,status,5,VILLAGER,DEAD,Dummy_03
6,status,6,VILLAGER,ALIVE,Udon
6,status,7,VILLAGER,DEAD,Dummy_02
6,status,8,MEDIUM,DEAD,fisherman
6,status,9,VILLAGER,DEAD,takeda
6,status,10,WEREWOLF,DEAD,GO1DeNO
6,status,11,BODYGUARD,ALIVE,wasabi
6,status,12,POSSESSED,DEAD,fanfan
6,status,13,SEER,ALIVE,calups
6,status,14,WEREWOLF,ALIVE,sonoda
6,status,15,VILLAGER,ALIVE,cantar
6,talk,0,0,6,VOTE Agent[11]
6,talk,1,0,15,ESTIMATE Agent[14] WEREWOLF
6,talk,2,0,14,VOTE Agent[15]
6,talk,3,0,2,VOTE Agent[14]
6,talk,4,0,11,ESTIMATE Agent[15] WEREWOLF
6,talk,5,0,13,DIVINED Agent[03] HUMAN
6,talk,6,1,2,VOTE Agent[06]
6,talk,7,1,14,Skip
6,talk,8,1,11,Skip
6,talk,9,1,6,Over
6,talk,10,1,15,VOTE Agent[14]
6,talk,11,1,13,Skip
6,talk,12,2,11,Skip
6,talk,13,2,14,Skip
6,talk,14,2,15,Skip
6,talk,15,2,6,Over
6,talk,16,2,2,VOTE Agent[14]
6,talk,17,2,13,Skip
6,talk,18,3,2,Skip
6,talk,19,3,13,Over
6,talk,20,3,11,VOTE Agent[15]
6,talk,21,3,14,Over
6,talk,22,3,15,Skip
6,talk,23,3,6,Over
6,talk,24,4,11,ESTIMATE Agent[02] VILLAGER
6,talk,25,4,13,Over
6,talk,26,4,14,Over
6,talk,27,4,15,Over
6,talk,28,4,6,Over
6,talk,29,4,2,Skip
6,talk,30,5,14,Over
6,talk,31,5,6,Over
6,talk,32,5,15,Over
6,talk,33,5,11,Skip
6,talk,34,5,13,OR (VOTE Agent[06]) (VOTE Agent[11]) 
6,talk,35,5,2,Over
6,talk,36,6,2,Over
6,talk,37,6,15,Over
6,talk,38,6,11,Skip
6,talk,39,6,13,Over
6,talk,40,6,6,Over
6,talk,41,6,14,Over
6,talk,42,7,6,Over
6,talk,43,7,15,Over
6,talk,44,7,2,Over
6,talk,45,7,11,ESTIMATE Agent[13] SEER
6,talk,46,7,13,Over
6,talk,47,7,14,Over
6,talk,48,8,15,Over
6,talk,49,8,11,ESTIMATE Agent[06] WEREWOLF
6,talk,50,8,2,Over
6,talk,51,8,13,Over
6,talk,52,8,6,Over
6,talk,53,8,14,Over
6,talk,54,9,2,Over
6,talk,55,9,6,Over
6,talk,56,9,11,Over
6,talk,57,9,15,Over
6,talk,58,9,13,Over
6,talk,59,9,14,Over
6,vote,2,14
6,vote,6,11
6,vote,11,15
6,vote,13,14
6,vote,14,15
6,vote,15,14
6,execute,14,WEREWOLF
6,divine,13,2,HUMAN
6,guard,11,13,SEER
7,status,1,VILLAGER,DEAD,kenzi
7,status,2,VILLAGER,ALIVE,hello_wolf
7,status,3,VILLAGER,DEAD,Dummy_01
7,status,4,WEREWOLF,DEAD,Tomato
7,status,5,VILLAGER,DEAD,Dummy_03
7,status,6,VILLAGER,ALIVE,Udon
7,status,7,VILLAGER,DEAD,Dummy_02
7,status,8,MEDIUM,DEAD,fisherman
7,status,9,VILLAGER,DEAD,takeda
7,status,10,WEREWOLF,DEAD,GO1DeNO
7,status,11,BODYGUARD,ALIVE,wasabi
7,status,12,POSSESSED,DEAD,fanfan
7,status,13,SEER,ALIVE,calups
7,status,14,WEREWOLF,DEAD,sonoda
7,status,15,VILLAGER,ALIVE,cantar
7,result,5,0,VILLAGER
