0,status,1,VILLAGER,ALIVE,kenzi
0,status,2,WEREWOLF,ALIVE,hello_wolf
0,status,3,VILLAGER,ALIVE,Dummy_01
0,status,4,SEER,ALIVE,Tomato
0,status,5,BODYGUARD,ALIVE,Dummy_03
0,status,6,VILLAGER,ALIVE,Udon
0,status,7,WEREWOLF,ALIVE,Dummy_02
0,status,8,VILLAGER,ALIVE,fisherman
0,status,9,WEREWOLF,ALIVE,takeda
0,status,10,VILLAGER,ALIVE,GO1DeNO
0,status,11,VILLAGER,ALIVE,wasabi
0,status,12,VILLAGER,ALIVE,fanfan
0,status,13,VILLAGER,ALIVE,calups
0,status,14,MEDIUM,ALIVE,sonoda
0,status,15,POSSESSED,ALIVE,cantar
0,whisper,0,0,2,COMINGOUT Agent[02] VILLAGER
0,whisper,1,0,7,COMINGOUT Agent[07] MEDIUM
0,whisper,2,0,9,Skip
0,whisper,3,1,9,Skip
0,whisper,4,1,7,Skip
0,whisper,5,1,2,Skip
0,whisper,6,2,9,Over
0,whisper,7,2,2,Skip
0,whisper,8,2,7,Skip
0,whisper,9,3,7,Over
0,whisper,10,3,9,Over
0,whisper,11,3,2,Over
0,divine,4,6,HUMAN
1,status,1,VILLAGER,ALIVE,kenzi
1,status,2,WEREWOLF,ALIVE,hello_wolf
1,status,3,VILLAGER,ALIVE,Dummy_01
1,status,4,SEER,ALIVE,Tomato
1,status,5,BODYGUARD,ALIVE,Dummy_03
1,status,6,VILLAGER,ALIVE,Udon
1,status,7,WEREWOLF,ALIVE,Dummy_02
1,status,8,VILLAGER,ALIVE,fisherman
1,status,9,WEREWOLF,ALIVE,takeda
1,status,10,VILLAGER,ALIVE,GO1DeNO
1,status,11,VILLAGER,ALIVE,wasabi
1,status,12,VILLAGER,ALIVE,fanfan
1,status,13,VILLAGER,ALIVE,calups
1,status,14,MEDIUM,ALIVE,sonoda
1,status,15,POSSESSED,ALIVE,cantar
1,talk,0,0,5,Skip
1,talk,1,0,8,ESTIMATE Agent[05] WEREWOLF
1,talk,2,0,3,Skip
1,talk,3,0,2,VOTE Agent[06]
1,talk,4,0,12,VOTE Agent[06]
1,talk,5,0,11,ESTIMATE Agent[07] VILLAGER
1,talk,6,0,9,Skip
1,talk,7,0,1,VOTED Agent[12]
1,talk,8,0,15,COMINGOUT Agent[15] SEER
1,talk,9,0,6,VOTE Agent[11]
1,talk,10,0,7,COMINGOUT Agent[07] MEDIUM
1,talk,11,0,10,VOTE Agent[06]
1,talk,12,0,13,Skip
1,talk,13,0,4,COMINGOUT Agent[04] SEER
1,talk,14,0,14,COMINGOUT Agent[14] MEDIUM
1,talk,15,1,10,VOTE Agent[07]
1,talk,16,1,14,VOTE Agent[07]
1,talk,17,1,15,DIVINED Agent[01] HUMAN
1,talk,18,1,13,Skip
1,talk,19,1,8,ESTIMATE Agent[15] WEREWOLF
1,talk,20,1,9,VOTE Agent[07]
1,talk,21,1,4,DIVINED Agent[06] HUMAN
1,talk,22,1,6,VOTE Agent[07]
1,talk,23,1,11,ESTIMATE Agent[07] WEREWOLF
1,talk,24,1,3,Skip
1,talk,25,1,5,Skip
1,talk,26,1,12,Skip
1,talk,27,1,1,VOTED Agent[02]
1,talk,28,1,7,BECAUSE (AND (COMINGOUT Agent[07] MEDIUM) (Agent[14] COMINGOUT Agent[14] MEDIUM)) (XOR (ESTIMATE Agent[14] WEREWOLF) (ESTIMATE Agent[14] POSSESSED))
1,talk,29,1,2,Skip
1,talk,30,2,10,Skip
1,talk,31,2,7,BECAUSE (XOR (ESTIMATE Agent[14] WEREWOLF) (ESTIMATE Agent[14] POSSESSED)) (AND (VOTE Agent[14]) (REQUEST ANY (VOTE Agent[14])))
1,talk,32,2,9,VOTE Agent[01]
1,talk,33,2,8,ESTIMATE Agent[03] WEREWOLF
1,talk,34,2,12,VOTE Agent[07]
1,talk,35,2,13,Over
1,talk,36,2,5,AND (VOTE Agent[13]) (REQUEST ANY (VOTE Agent[13]))
1,talk,37,2,11,Skip
1,talk,38,2,15,ESTIMATE Agent[01] WEREWOLF
1,talk,39,2,6,Over
1,talk,40,2,14,Skip
1,talk,41,2,3,AND (VOTE Agent[11]) (REQUEST ANY (VOTE Agent[11]))
1,talk,42,2,1,ATTACK Agent[05]
1,talk,43,2,2,Skip
1,talk,44,2,4,VOTE Agent[07]
1,talk,45,3,7,Skip
1,talk,46,3,11,VOTE Agent[07]
1,talk,47,3,8,VOTE Agent[05]
1,talk,48,3,15,VOTE Agent[01]
1,talk,49,3,9,Skip
1,talk,50,3,13,Over
1,talk,51,3,2,Over
1,talk,52,3,12,Skip
1,talk,53,3,6,Over
1,talk,54,3,10,Skip
1,talk,55,3,14,Skip
1,talk,56,3,5,AND (VOTE Agent[11]) (REQUEST ANY (VOTE Agent[11]))
1,talk,57,3,4,Skip
1,talk,58,3,1,GUARD Agent[08]
1,talk,59,3,3,AND (VOTE Agent[14]) (REQUEST ANY (VOTE Agent[14]))
1,talk,60,4,4,Skip
1,talk,61,4,8,Skip
1,talk,62,4,12,Skip
1,talk,63,4,3,Skip
1,talk,64,4,10,Over
1,talk,65,4,11,ESTIMATE Agent[05] VILLAGER
1,talk,66,4,6,Over
1,talk,67,4,1,ESTIMATE Agent[13] BODYGUARD
1,talk,68,4,5,AND (VOTE Agent[14]) (REQUEST ANY (VOTE Agent[14]))
1,talk,69,4,9,VOTE Agent[07]
1,talk,70,4,14,Over
1,talk,71,4,13,Over
1,talk,72,4,7,Skip
1,talk,73,4,2,VOTE Agent[01]
1,talk,74,4,15,Skip
1,talk,75,5,15,Skip
1,talk,76,5,11,Skip
1,talk,77,5,6,Over
1,talk,78,5,3,Skip
1,talk,79,5,10,Over
1,talk,80,5,5,Skip
1,talk,81,5,14,Over
1,talk,82,5,2,Skip
1,talk,83,5,12,Over
1,talk,84,5,7,Over
1,talk,85,5,8,Skip
1,talk,86,5,4,Over
1,talk,87,5,1,Agent[14] DIVINED Agent[02] ANY
1,talk,88,5,13,OR (VOTE Agent[02]) (VOTE Agent[03]) (VOTE Agent[05]) (VOTE Agent[08]) (VOTE Agent[09]) (VOTE Agent[10]) (VOTE Agent[11]) (VOTE Agent[12]) 
1,talk,89,5,9,Skip
1,talk,90,6,6,Over
1,talk,91,6,11,ESTIMATE Agent[09] VILLAGER
1,talk,92,6,9,Skip
1,talk,93,6,7,Over
1,talk,94,6,1,Over
1,talk,95,6,15,Over
1,talk,96,6,2,Skip
1,talk,97,6,13,Over
1,talk,98,6,12,Over
1,talk,99,6,4,Over
1,talk,100,6,10,Over
1,talk,101,6,5,Skip
1,talk,102,6,14,Over
1,talk,103,6,8,Over
1,talk,104,6,3,Over
1,talk,105,7,13,Over
1,talk,106,7,6,Over
1,talk,107,7,4,Over
1,talk,108,7,1,ATTACKED Agent[02]
1,talk,109,7,5,Over
1,talk,110,7,3,Over
1,talk,111,7,12,Over
1,talk,112,7,14,Over
1,talk,113,7,11,ESTIMATE Agent[02] VILLAGER
1,talk,114,7,9,Over
1,talk,115,7,10,Over
1,talk,116,7,2,Over
1,talk,117,7,8,Over
1,talk,118,7,7,Over
1,talk,119,7,15,Over
1,talk,120,8,11,Skip
1,talk,121,8,4,Over
1,talk,122,8,10,Over
1,talk,123,8,6,Over
1,talk,124,8,2,Over
1,talk,125,8,15,Over
1,talk,126,8,13,Over
1,talk,127,8,8,Over
1,talk,128,8,14,Over
1,talk,129,8,5,Over
1,talk,130,8,12,Over
1,talk,131,8,7,Over
1,talk,132,8,1,Skip
1,talk,133,8,3,Over
1,talk,134,8,9,Over
1,talk,135,9,10,Over
1,talk,136,9,4,Over
1,talk,137,9,12,Over
1,talk,138,9,14,Over
1,talk,139,9,3,Over
1,talk,140,9,5,Over
1,talk,141,9,15,Over
1,talk,142,9,1,Agent[10] DIVINED Agent[08] HUMAN
1,talk,143,9,7,Over
1,talk,144,9,6,Over
1,talk,145,9,9,Over
1,talk,146,9,2,Over
1,talk,147,9,13,Over
1,talk,148,9,11,Over
1,talk,149,9,8,Over
1,talk,150,10,1,ATTACKED Agent[09]
1,talk,151,10,10,Over
1,talk,152,10,2,Over
1,talk,153,10,4,Over
1,talk,154,10,5,Over
1,talk,155,10,12,Over
1,talk,156,10,9,Over
1,talk,157,10,13,Over
1,talk,158,10,15,Over
1,talk,159,10,6,Over
1,talk,160,10,14,Over
1,talk,161,10,11,Over
1,talk,162,10,8,Over
1,talk,163,10,3,Over
1,talk,164,10,7,Over
1,talk,165,11,4,Over
1,talk,166,11,2,Over
1,talk,167,11,5,Over
1,talk,168,11,13,Over
1,talk,169,11,8,Over
1,talk,170,11,14,Over
1,talk,171,11,10,Over
1,talk,172,11,6,Over
1,talk,173,11,11,Over
1,talk,174,11,15,Over
1,talk,175,11,3,Over
1,talk,176,11,12,Over
1,talk,177,11,1,Agent[15] DIVINED Agent[08] WEREWOLF
1,talk,178,11,7,Over
1,talk,179,11,9,Over
1,talk,180,12,9,Over
1,talk,181,12,11,Over
1,talk,182,12,2,VOTE Agent[05]
1,talk,183,12,10,Over
1,talk,184,12,12,Over
1,talk,185,12,7,Over
1,talk,186,12,5,Over
1,talk,187,12,1,Over
1,talk,188,12,14,Over
1,talk,189,12,4,Over
1,talk,190,12,3,Over
1,talk,191,12,13,Over
1,talk,192,12,15,Over
1,talk,193,12,8,Over
1,talk,194,12,6,Over
1,talk,195,13,13,Over
1,talk,196,13,11,Over
1,talk,197,13,1,Over
1,talk,198,13,9,Over
1,talk,199,13,2,Skip
1,talk,200,13,3,Over
1,talk,201,13,8,Over
1,talk,202,13,5,Over
1,talk,203,13,15,Over
1,talk,204,13,4,Over
1,talk,205,13,14,Over
1,talk,206,13,6,Over
1,talk,207,13,12,Over
1,talk,208,13,7,Over
1,talk,209,13,10,Over
1,talk,210,14,6,Over
1,talk,211,14,8,Over
1,talk,212,14,12,Over
1,talk,213,14,7,Over
1,talk,214,14,2,Skip
1,talk,215,14,9,Over
1,talk,216,14,11,Over
1,talk,217,14,3,Over
1,talk,218,14,10,Over
1,talk,219,14,15,Over
1,talk,220,14,13,Over
1,talk,221,14,4,Over
1,talk,222,14,1,Over
1,talk,223,14,14,Over
1,talk,224,14,5,Over
1,talk,225,15,4,Over
1,talk,226,15,11,Over
1,talk,227,15,5,Over
1,talk,228,15,2,Over
1,talk,229,15,12,Over
1,talk,230,15,10,Over
1,talk,231,15,13,Over
1,talk,232,15,7,Over
1,talk,233,15,1,Over
1,talk,234,15,9,Over
1,talk,235,15,14,Over
1,talk,236,15,8,Over
1,talk,237,15,6,Over
1,talk,238,15,3,Over
1,talk,239,15,15,Over
1,vote,1,13
1,vote,2,5
1,vote,3,14
1,vote,4,7
1,vote,5,14
1,vote,6,7
1,vote,7,14
1,vote,8,5
1,vote,9,7
1,vote,10,7
1,vote,11,7
1,vote,12,7
1,vote,13,2
1,vote,14,7
1,vote,15,1
1,execute,7,WEREWOLF
1,divine,4,14,HUMAN
1,whisper,0,0,2,ESTIMATE Agent[01] POSSESSED
1,whisper,1,0,9,Skip
1,whisper,2,1,2,ATTACK Agent[06]
1,whisper,3,1,9,Skip
1,whisper,4,2,2,Skip
1,whisper,5,2,9,Over
1,whisper,6,3,2,Skip
1,whisper,7,3,9,Over
1,whisper,8,4,9,Over
1,whisper,9,4,2,Over
1,guard,5,15,POSSESSED
1,attackVote,2,6
1,attackVote,9,6
1,attack,6,true
2,status,1,VILLAGER,ALIVE,kenzi
2,status,2,WEREWOLF,ALIVE,hello_wolf
2,status,3,VILLAGER,ALIVE,Dummy_01
2,status,4,SEER,ALIVE,Tomato
2,status,5,BODYGUARD,ALIVE,Dummy_03
2,status,6,VILLAGER,DEAD,Udon
2,status,7,WEREWOLF,DEAD,Dummy_02
2,status,8,VILLAGER,ALIVE,fisherman
2,status,9,WEREWOLF,ALIVE,takeda
2,status,10,VILLAGER,ALIVE,GO1DeNO
2,status,11,VILLAGER,ALIVE,wasabi
2,status,12,VILLAGER,ALIVE,fanfan
2,status,13,VILLAGER,ALIVE,calups
2,status,14,MEDIUM,ALIVE,sonoda
2,status,15,POSSESSED,ALIVE,cantar
2,talk,0,0,5,Skip
2,talk,1,0,14,IDENTIFIED Agent[07] WEREWOLF
2,talk,2,0,15,DIVINED Agent[09] HUMAN
2,talk,3,0,12,VOTE Agent[09]
2,talk,4,0,10,VOTE Agent[02]
2,talk,5,0,3,Skip
2,talk,6,0,11,ESTIMATE Agent[08] VILLAGER
2,talk,7,0,9,VOTE Agent[05]
2,talk,8,0,2,VOTE Agent[05]
2,talk,9,0,13,Skip
2,talk,10,0,4,DIVINED Agent[14] HUMAN
2,talk,11,0,8,ESTIMATE Agent[05] WEREWOLF
2,talk,12,0,1,DIVINATION Agent[12]
2,talk,13,1,13,Skip
2,talk,14,1,14,VOTE Agent[03]
2,talk,15,1,8,ESTIMATE Agent[15] WEREWOLF
2,talk,16,1,3,Skip
2,talk,17,1,1,GUARD Agent[10]
2,talk,18,1,12,VOTE Agent[02]
2,talk,19,1,9,Skip
2,talk,20,1,15,ESTIMATE Agent[04] WEREWOLF
2,talk,21,1,10,Skip
2,talk,22,1,5,Skip
2,talk,23,1,4,VOTE Agent[05]
2,talk,24,1,11,ESTIMATE Agent[05] VILLAGER
2,talk,25,1,2,Skip
2,talk,26,2,10,Skip
2,talk,27,2,2,Skip
2,talk,28,2,1,IDENTIFIED Agent[03] ANY
2,talk,29,2,13,Over
2,talk,30,2,11,ESTIMATE Agent[10] VILLAGER
2,talk,31,2,8,ESTIMATE Agent[03] WEREWOLF
2,talk,32,2,9,VOTE Agent[12]
2,talk,33,2,15,VOTE Agent[04]
2,talk,34,2,5,AND (VOTE Agent[01]) (REQUEST ANY (VOTE Agent[01]))
2,talk,35,2,12,Skip
2,talk,36,2,3,AND (VOTE Agent[12]) (REQUEST ANY (VOTE Agent[12]))
2,talk,37,2,14,Skip
2,talk,38,2,4,VOTE Agent[02]
2,talk,39,3,9,Skip
2,talk,40,3,2,VOTE Agent[12]
2,talk,41,3,5,AND (VOTE Agent[12]) (REQUEST ANY (VOTE Agent[12]))
2,talk,42,3,15,Skip
2,talk,43,3,10,Over
2,talk,44,3,8,VOTE Agent[05]
2,talk,45,3,14,VOTE Agent[01]
2,talk,46,3,1,Skip
2,talk,47,3,11,VOTE Agent[14]
2,talk,48,3,13,Over
2,talk,49,3,4,Skip
2,talk,50,3,3,AND (VOTE Agent[01]) (REQUEST ANY (VOTE Agent[01]))
2,talk,51,3,12,Skip
2,talk,52,4,13,Over
2,talk,53,4,1,VOTED Agent[05]
2,talk,54,4,8,Skip
2,talk,55,4,2,Skip
2,talk,56,4,11,ESTIMATE Agent[14] WEREWOLF
2,talk,57,4,14,Skip
2,talk,58,4,4,VOTE Agent[12]
2,talk,59,4,3,AND (VOTE Agent[12]) (REQUEST ANY (VOTE Agent[12]))
2,talk,60,4,15,Skip
2,talk,61,4,5,AND (VOTE Agent[01]) (REQUEST ANY (VOTE Agent[01]))
2,talk,62,4,10,Over
2,talk,63,4,12,Over
2,talk,64,4,9,Skip
2,talk,65,5,13,OR (VOTE Agent[02]) (VOTE Agent[03]) (VOTE Agent[05]) (VOTE Agent[08]) (VOTE Agent[10]) (VOTE Agent[11]) (VOTE Agent[12]) 
2,talk,66,5,4,Skip
2,talk,67,5,10,Over
2,talk,68,5,5,AND (VOTE Agent[12]) (REQUEST ANY (VOTE Agent[12]))
2,talk,69,5,1,ATTACKED Agent[09]
2,talk,70,5,8,VOTE Agent[13]
2,talk,71,5,9,Over
2,talk,72,5,2,Skip
2,talk,73,5,3,AND (VOTE Agent[01]) (REQUEST ANY (VOTE Agent[01]))
2,talk,74,5,14,Skip
2,talk,75,5,11,REQUEST ANY (VOTE Agent[14])
2,talk,76,5,12,Over
2,talk,77,5,15,Over
2,talk,78,6,4,Skip
2,talk,79,6,3,AND (VOTE Agent[12]) (REQUEST ANY (VOTE Agent[12]))
2,talk,80,6,14,Over
2,talk,81,6,15,Over
2,talk,82,6,8,VOTE Agent[01]
2,talk,83,6,1,COMINGOUT Agent[13] MEDIUM
2,talk,84,6,13,Over
2,talk,85,6,5,AND (VOTE Agent[01]) (REQUEST ANY (VOTE Agent[01]))
2,talk,86,6,2,Over
2,talk,87,6,9,Over
2,talk,88,6,12,Over
2,talk,89,6,11,Skip
2,talk,90,6,10,Over
2,talk,91,7,8,Skip
2,talk,92,7,3,AND (VOTE Agent[01]) (REQUEST ANY (VOTE Agent[01]))
2,talk,93,7,5,AND (VOTE Agent[12]) (REQUEST ANY (VOTE Agent[12]))
2,talk,94,7,14,Over
2,talk,95,7,2,Over
2,talk,96,7,4,Over
2,talk,97,7,12,VOTE Agent[01]
2,talk,98,7,1,GUARD Agent[12]
2,talk,99,7,11,VOTE Agent[01]
2,talk,100,7,10,VOTE Agent[01]
2,talk,101,7,9,VOTE Agent[03]
2,talk,102,7,15,Over
2,talk,103,7,13,Over
2,talk,104,8,4,VOTE Agent[01]
2,talk,105,8,1,GUARDED Agent[11]
2,talk,106,8,15,Over
2,talk,107,8,12,Skip
2,talk,108,8,5,AND (VOTE Agent[01]) (REQUEST ANY (VOTE Agent[01]))
2,talk,109,8,10,Skip
2,talk,110,8,8,Skip
2,talk,111,8,9,VOTE Agent[04]
2,talk,112,8,2,Over
2,talk,113,8,14,Over
2,talk,114,8,3,AND (VOTE Agent[12]) (REQUEST ANY (VOTE Agent[12]))
2,talk,115,8,11,Skip
2,talk,116,8,13,Over
2,talk,117,9,1,Over
2,talk,118,9,3,AND (VOTE Agent[14]) (REQUEST ANY (VOTE Agent[14]))
2,talk,119,9,9,VOTE Agent[01]
2,talk,120,9,10,Skip
2,talk,121,9,14,Over
2,talk,122,9,4,Skip
2,talk,123,9,5,AND (VOTE Agent[12]) (REQUEST ANY (VOTE Agent[12]))
2,talk,124,9,12,Skip
2,talk,125,9,13,Over
2,talk,126,9,8,Over
2,talk,127,9,15,Over
2,talk,128,9,11,Over
2,talk,129,9,2,Over
2,talk,130,10,14,Over
2,talk,131,10,9,Skip
2,talk,132,10,1,VOTED Agent[13]
2,talk,133,10,4,Skip
2,talk,134,10,11,Over
2,talk,135,10,8,Over
2,talk,136,10,15,Over
2,talk,137,10,12,Over
2,talk,138,10,5,AND (VOTE Agent[14]) (REQUEST ANY (VOTE Agent[14]))
2,talk,139,10,3,AND (VOTE Agent[12]) (REQUEST ANY (VOTE Agent[12]))
2,talk,140,10,2,Over
2,talk,141,10,13,Over
2,talk,142,10,10,Over
2,talk,143,11,9,Skip
2,talk,144,11,14,Over
2,talk,145,11,10,Over
2,talk,146,11,15,Over
2,talk,147,11,13,Over
2,talk,148,11,1,VOTE Agent[10]
2,talk,149,11,5,AND (VOTE Agent[12]) (REQUEST ANY (VOTE Agent[12]))
2,talk,150,11,8,Over
2,talk,151,11,2,Over
2,talk,152,11,11,Over
2,talk,153,11,3,AND (VOTE Agent[14]) (REQUEST ANY (VOTE Agent[14]))
2,talk,154,11,12,Over
2,talk,155,11,4,Over
2,talk,156,12,13,Over
2,talk,157,12,9,Over
2,talk,158,12,10,Over
2,talk,159,12,12,Over
2,talk,160,12,5,Over
2,talk,161,12,2,VOTE Agent[10]
2,talk,162,12,15,Over
2,talk,163,12,4,Over
2,talk,164,12,8,Over
2,talk,165,12,11,Over
2,talk,166,12,3,Over
2,talk,167,12,1,Over
2,talk,168,12,14,Over
2,talk,169,13,1,Over
2,talk,170,13,9,Over
2,talk,171,13,14,Over
2,talk,172,13,15,Over
2,talk,173,13,4,Over
2,talk,174,13,3,Over
2,talk,175,13,5,Over
2,talk,176,13,2,Skip
2,talk,177,13,8,VOTE Agent[02]
2,talk,178,13,12,Over
2,talk,179,13,10,Over
2,talk,180,13,13,Over
2,talk,181,13,11,Over
2,talk,182,14,13,Over
2,talk,183,14,9,Over
2,talk,184,14,15,Over
2,talk,185,14,10,Over
2,talk,186,14,3,Over
2,talk,187,14,11,Over
2,talk,188,14,2,Skip
2,talk,189,14,4,Over
2,talk,190,14,1,Over
2,talk,191,14,5,Over
2,talk,192,14,14,Over
2,talk,193,14,8,Skip
2,talk,194,14,12,Over
2,talk,195,15,11,Over
2,talk,196,15,2,Over
2,talk,197,15,15,Over
2,talk,198,15,5,Over
2,talk,199,15,1,Over
2,talk,200,15,4,Over
2,talk,201,15,14,Over
2,talk,202,15,9,Over
2,talk,203,15,10,Over
2,talk,204,15,12,Over
2,talk,205,15,3,Over
2,talk,206,15,13,Over
2,talk,207,15,8,Skip
2,talk,208,16,11,Over
2,talk,209,16,13,Over
2,talk,210,16,2,Over
2,talk,211,16,9,Over
2,talk,212,16,12,Over
2,talk,213,16,10,Over
2,talk,214,16,5,Over
2,talk,215,16,14,Over
2,talk,216,16,15,Over
2,talk,217,16,4,Over
2,talk,218,16,1,Over
2,talk,219,16,3,Over
2,talk,220,16,8,Over
2,vote,1,15
2,vote,2,10
2,vote,3,14
2,vote,4,1
2,vote,5,14
2,vote,8,2
2,vote,9,1
2,vote,10,1
2,vote,11,1
2,vote,12,1
2,vote,13,2
2,vote,14,1
2,vote,15,4
2,execute,1,VILLAGER
2,divine,4,13,HUMAN
2,whisper,0,0,2,ATTACK Agent[13]
2,whisper,1,0,9,Skip
2,whisper,2,1,9,Skip
2,whisper,3,1,2,Skip
2,whisper,4,2,9,Over
2,whisper,5,2,2,Skip
2,whisper,6,3,9,Over
2,whisper,7,3,2,Over
2,guard,5,4,SEER
2,attackVote,2,13
2,attackVote,9,14
2,attackVote,2,13
2,attackVote,9,14
2,attack,14,true
3,status,1,VILLAGER,DEAD,kenzi
3,status,2,WEREWOLF,ALIVE,hello_wolf
3,status,3,VILLAGER,ALIVE,Dummy_01
3,status,4,SEER,ALIVE,Tomato
3,status,5,BODYGUARD,ALIVE,Dummy_03
3,status,6,VILLAGER,DEAD,Udon
3,status,7,WEREWOLF,DEAD,Dummy_02
3,status,8,VILLAGER,ALIVE,fisherman
3,status,9,WEREWOLF,ALIVE,takeda
3,status,10,VILLAGER,ALIVE,GO1DeNO
3,status,11,VILLAGER,ALIVE,wasabi
3,status,12,VILLAGER,ALIVE,fanfan
3,status,13,VILLAGER,ALIVE,calups
3,status,14,MEDIUM,DEAD,sonoda
3,status,15,POSSESSED,ALIVE,cantar
3,talk,0,0,4,DIVINED Agent[13] HUMAN
3,talk,1,0,5,Skip
3,talk,2,0,15,DIVINED Agent[03] HUMAN
3,talk,3,0,10,VOTE Agent[02]
3,talk,4,0,12,VOTE Agent[09]
3,talk,5,0,8,ESTIMATE Agent[02] WEREWOLF
3,talk,6,0,3,Skip
3,talk,7,0,2,VOTE Agent[10]
3,talk,8,0,9,VOTE Agent[12]
3,talk,9,0,11,ESTIMATE Agent[13] VILLAGER
3,talk,10,0,13,Skip
3,talk,11,1,13,Skip
3,talk,12,1,2,Skip
3,talk,13,1,15,ESTIMATE Agent[03] WEREWOLF
3,talk,14,1,8,ESTIMATE Agent[01] WEREWOLF
3,talk,15,1,10,Skip
3,talk,16,1,4,VOTE Agent[02]
3,talk,17,1,11,ESTIMATE Agent[08] WEREWOLF
3,talk,18,1,9,Skip
3,talk,19,1,5,Skip
3,talk,20,1,12,Skip
3,talk,21,1,3,Skip
3,talk,22,2,11,ESTIMATE Agent[03] VILLAGER
3,talk,23,2,2,Skip
3,talk,24,2,13,Over
3,talk,25,2,3,AND (VOTE Agent[15]) (REQUEST ANY (VOTE Agent[15]))
3,talk,26,2,15,VOTE Agent[03]
3,talk,27,2,5,AND (VOTE Agent[11]) (REQUEST ANY (VOTE Agent[11]))
3,talk,28,2,10,Skip
3,talk,29,2,9,Skip
3,talk,30,2,4,Skip
3,talk,31,2,8,ESTIMATE Agent[13] WEREWOLF
3,talk,32,2,12,VOTE Agent[02]
3,talk,33,3,4,Skip
3,talk,34,3,9,VOTE Agent[04]
3,talk,35,3,11,VOTE Agent[02]
3,talk,36,3,10,Over
3,talk,37,3,12,Skip
3,talk,38,3,2,Over
3,talk,39,3,13,Over
3,talk,40,3,8,VOTE Agent[02]
3,talk,41,3,15,Skip
3,talk,42,3,5,AND (VOTE Agent[15]) (REQUEST ANY (VOTE Agent[15]))
3,talk,43,3,3,AND (VOTE Agent[11]) (REQUEST ANY (VOTE Agent[11]))
3,talk,44,4,4,Over
3,talk,45,4,13,Over
3,talk,46,4,15,Skip
3,talk,47,4,2,Over
3,talk,48,4,3,AND (VOTE Agent[15]) (REQUEST ANY (VOTE Agent[15]))
3,talk,49,4,9,Skip
3,talk,50,4,11,Skip
3,talk,51,4,8,Skip
3,talk,52,4,5,AND (VOTE Agent[11]) (REQUEST ANY (VOTE Agent[11]))
3,talk,53,4,12,Skip
3,talk,54,4,10,Over
3,talk,55,5,15,Over
3,talk,56,5,2,Over
3,talk,57,5,4,Over
3,talk,58,5,9,Skip
3,talk,59,5,3,AND (VOTE Agent[11]) (REQUEST ANY (VOTE Agent[11]))
3,talk,60,5,13,OR (VOTE Agent[02]) (VOTE Agent[05]) (VOTE Agent[08]) (VOTE Agent[10]) (VOTE Agent[11]) (VOTE Agent[12]) 
3,talk,61,5,5,AND (VOTE Agent[15]) (REQUEST ANY (VOTE Agent[15]))
3,talk,62,5,8,Skip
3,talk,63,5,11,REQUEST ANY (VOTE Agent[02])
3,talk,64,5,10,Over
3,talk,65,5,12,Over
3,talk,66,6,2,Over
3,talk,67,6,8,Over
3,talk,68,6,4,Over
3,talk,69,6,13,Over
3,talk,70,6,15,Over
3,talk,71,6,5,AND (VOTE Agent[02]) (REQUEST ANY (VOTE Agent[02]))
3,talk,72,6,12,Over
3,talk,73,6,3,AND (VOTE Agent[02]) (REQUEST ANY (VOTE Agent[02]))
3,talk,74,6,9,Over
3,talk,75,6,11,Skip
3,talk,76,6,10,Over
3,talk,77,7,11,Skip
3,talk,78,7,9,Over
3,talk,79,7,13,Over
3,talk,80,7,5,Skip
3,talk,81,7,15,Over
3,talk,82,7,2,Over
3,talk,83,7,12,Over
3,talk,84,7,4,Over
3,talk,85,7,3,Skip
3,talk,86,7,8,Over
3,talk,87,7,10,Over
3,talk,88,8,13,Over
3,talk,89,8,11,Over
3,talk,90,8,9,Over
3,talk,91,8,10,Over
3,talk,92,8,2,Over
3,talk,93,8,5,Skip
3,talk,94,8,12,Over
3,talk,95,8,4,Over
3,talk,96,8,8,Over
3,talk,97,8,15,Over
3,talk,98,8,3,Skip
3,talk,99,9,10,Over
3,talk,100,9,4,Over
3,talk,101,9,5,Over
3,talk,102,9,9,Over
3,talk,103,9,3,Over
3,talk,104,9,15,Over
3,talk,105,9,11,Over
3,talk,106,9,13,Over
3,talk,107,9,2,Over
3,talk,108,9,12,Over
3,talk,109,9,8,Over
3,vote,2,10
3,vote,3,2
3,vote,4,2
3,vote,5,2
3,vote,8,2
3,vote,9,4
3,vote,10,2
3,vote,11,2
3,vote,12,2
3,vote,13,2
3,vote,15,3
3,execute,2,WEREWOLF
3,divine,4,15,HUMAN
3,guard,5,4,SEER
3,attackVote,9,11
3,attack,11,true
4,status,1,VILLAGER,DEAD,kenzi
4,status,2,WEREWOLF,DEAD,hello_wolf
4,status,3,VILLAGER,ALIVE,Dummy_01
4,status,4,SEER,ALIVE,Tomato
4,status,5,BODYGUARD,ALIVE,Dummy_03
4,status,6,VILLAGER,DEAD,Udon
4,status,7,WEREWOLF,DEAD,Dummy_02
4,status,8,VILLAGER,ALIVE,fisherman
4,status,9,WEREWOLF,ALIVE,takeda
4,status,10,VILLAGER,ALIVE,GO1DeNO
4,status,11,VILLAGER,DEAD,wasabi
4,status,12,VILLAGER,ALIVE,fanfan
4,status,13,VILLAGER,ALIVE,calups
4,status,14,MEDIUM,DEAD,sonoda
4,status,15,POSSESSED,ALIVE,cantar
4,talk,0,0,3,Skip
4,talk,1,0,5,Skip
4,talk,2,0,12,VOTE Agent[03]
4,talk,3,0,13,Skip
4,talk,4,0,10,VOTE Agent[03]
4,talk,5,0,15,DIVINED Agent[13] HUMAN
4,talk,6,0,8,ESTIMATE Agent[01] WEREWOLF
4,talk,7,0,4,DIVINED Agent[15] HUMAN
4,talk,8,0,9,VOTE Agent[04]
4,talk,9,1,3,Skip
4,talk,10,1,5,Skip
4,talk,11,1,12,Skip
4,talk,12,1,9,Skip
4,talk,13,1,10,Skip
4,talk,14,1,4,VOTE Agent[03]
4,talk,15,1,8,ESTIMATE Agent[07] WEREWOLF
4,talk,16,1,15,ESTIMATE Agent[03] WEREWOLF
4,talk,17,1,13,Skip
4,talk,18,2,8,ESTIMATE Agent[02] WEREWOLF
4,talk,19,2,9,Skip
4,talk,20,2,10,Skip
4,talk,21,2,5,AND (VOTE Agent[10]) (REQUEST ANY (VOTE Agent[10]))
4,talk,22,2,4,Skip
4,talk,23,2,13,Over
4,talk,24,2,12,Skip
4,talk,25,2,3,AND (VOTE Agent[12]) (REQUEST ANY (VOTE Agent[12]))
4,talk,26,2,15,VOTE Agent[03]
4,talk,27,3,8,VOTE Agent[13]
4,talk,28,3,13,Over
4,talk,29,3,4,Skip
4,talk,30,3,10,Over
4,talk,31,3,9,Over
4,talk,32,3,15,Skip
4,talk,33,3,3,AND (VOTE Agent[10]) (REQUEST ANY (VOTE Agent[10]))
4,talk,34,3,12,Over
4,talk,35,3,5,AND (VOTE Agent[12]) (REQUEST ANY (VOTE Agent[12]))
4,talk,36,4,15,Skip
4,talk,37,4,3,AND (VOTE Agent[12]) (REQUEST ANY (VOTE Agent[12]))
4,talk,38,4,8,Skip
4,talk,39,4,5,AND (VOTE Agent[10]) (REQUEST ANY (VOTE Agent[10]))
4,talk,40,4,4,Over
4,talk,41,4,13,Over
4,talk,42,4,9,Over
4,talk,43,4,10,Over
4,talk,44,4,12,Over
4,talk,45,5,5,AND (VOTE Agent[12]) (REQUEST ANY (VOTE Agent[12]))
4,talk,46,5,15,Over
4,talk,47,5,13,OR (VOTE Agent[05]) (VOTE Agent[08]) (VOTE Agent[10]) (VOTE Agent[12]) 
4,talk,48,5,3,AND (VOTE Agent[10]) (REQUEST ANY (VOTE Agent[10]))
4,talk,49,5,12,Over
4,talk,50,5,10,Over
4,talk,51,5,9,Over
4,talk,52,5,8,Skip
4,talk,53,5,4,Over
4,talk,54,6,10,Over
4,talk,55,6,15,Over
4,talk,56,6,5,AND (VOTE Agent[10]) (REQUEST ANY (VOTE Agent[10]))
4,talk,57,6,4,VOTE Agent[10]
4,talk,58,6,9,Over
4,talk,59,6,12,Over
4,talk,60,6,3,AND (VOTE Agent[12]) (REQUEST ANY (VOTE Agent[12]))
4,talk,61,6,13,Over
4,talk,62,6,8,Over
4,talk,63,7,5,AND (VOTE Agent[12]) (REQUEST ANY (VOTE Agent[12]))
4,talk,64,7,12,Over
4,talk,65,7,3,AND (VOTE Agent[10]) (REQUEST ANY (VOTE Agent[10]))
4,talk,66,7,13,Over
4,talk,67,7,9,Over
4,talk,68,7,15,Over
4,talk,69,7,4,Skip
4,talk,70,7,8,Over
4,talk,71,7,10,Over
4,talk,72,8,12,Over
4,talk,73,8,9,Over
4,talk,74,8,3,AND (VOTE Agent[12]) (REQUEST ANY (VOTE Agent[12]))
4,talk,75,8,13,Over
4,talk,76,8,15,Over
4,talk,77,8,8,Over
4,talk,78,8,10,Over
4,talk,79,8,4,Skip
4,talk,80,8,5,AND (VOTE Agent[10]) (REQUEST ANY (VOTE Agent[10]))
4,talk,81,9,12,Over
4,talk,82,9,4,Over
4,talk,83,9,8,Over
4,talk,84,9,9,Over
4,talk,85,9,5,AND (VOTE Agent[12]) (REQUEST ANY (VOTE Agent[12]))
4,talk,86,9,15,Over
4,talk,87,9,13,Over
4,talk,88,9,3,AND (VOTE Agent[10]) (REQUEST ANY (VOTE Agent[10]))
4,talk,89,9,10,Over
4,talk,90,10,4,Over
4,talk,91,10,15,Over
4,talk,92,10,13,Over
4,talk,93,10,3,AND (VOTE Agent[12]) (REQUEST ANY (VOTE Agent[12]))
4,talk,94,10,12,Over
4,talk,95,10,8,Over
4,talk,96,10,5,AND (VOTE Agent[10]) (REQUEST ANY (VOTE Agent[10]))
4,talk,97,10,9,Over
4,talk,98,10,10,Over
4,talk,99,11,4,Over
4,talk,100,11,5,AND (VOTE Agent[12]) (REQUEST ANY (VOTE Agent[12]))
4,talk,101,11,8,Over
4,talk,102,11,12,Over
4,talk,103,11,3,AND (VOTE Agent[10]) (REQUEST ANY (VOTE Agent[10]))
4,talk,104,11,10,Over
4,talk,105,11,13,Over
4,talk,106,11,9,Over
4,talk,107,11,15,Over
4,talk,108,12,13,Over
4,talk,109,12,9,Over
4,talk,110,12,15,Over
4,talk,111,12,3,Over
4,talk,112,12,10,Over
4,talk,113,12,4,Over
4,talk,114,12,12,Over
4,talk,115,12,5,Over
4,talk,116,12,8,Over
4,vote,3,12
4,vote,4,10
4,vote,5,10
4,vote,8,13
4,vote,9,4
4,vote,10,3
4,vote,12,3
4,vote,13,8
4,vote,15,3
4,execute,3,VILLAGER
4,divine,4,12,HUMAN
4,guard,5,4,SEER
4,attackVote,9,13
4,attack,13,true
5,status,1,VILLAGER,DEAD,kenzi
5,status,2,WEREWOLF,DEAD,hello_wolf
5,status,3,VILLAGER,DEAD,Dummy_01
5,status,4,SEER,ALIVE,Tomato
5,status,5,BODYGUARD,ALIVE,Dummy_03
5,status,6,VILLAGER,DEAD,Udon
5,status,7,WEREWOLF,DEAD,Dummy_02
5,status,8,VILLAGER,ALIVE,fisherman
5,status,9,WEREWOLF,ALIVE,takeda
5,status,10,VILLAGER,ALIVE,GO1DeNO
5,status,11,VILLAGER,DEAD,wasabi
5,status,12,VILLAGER,ALIVE,fanfan
5,status,13,VILLAGER,DEAD,calups
5,status,14,MEDIUM,DEAD,sonoda
5,status,15,POSSESSED,ALIVE,cantar
5,talk,0,0,5,Skip
5,talk,1,0,8,ESTIMATE Agent[01] WEREWOLF
5,talk,2,0,9,VOTE Agent[04]
5,talk,3,0,12,VOTE Agent[04]
5,talk,4,0,15,DIVINED Agent[08] HUMAN
5,talk,5,0,10,VOTE Agent[04]
5,talk,6,0,4,DIVINED Agent[12] HUMAN
5,talk,7,1,12,Skip
5,talk,8,1,5,Skip
5,talk,9,1,9,Skip
5,talk,10,1,15,ESTIMATE Agent[08] WEREWOLF
5,talk,11,1,4,VOTE Agent[04]
5,talk,12,1,8,ESTIMATE Agent[07] WEREWOLF
5,talk,13,1,10,Skip
5,talk,14,2,4,Skip
5,talk,15,2,12,Skip
5,talk,16,2,8,ESTIMATE Agent[13] WEREWOLF
5,talk,17,2,5,AND (VOTE Agent[15]) (REQUEST ANY (VOTE Agent[15]))
5,talk,18,2,9,Skip
5,talk,19,2,15,VOTE Agent[08]
5,talk,20,2,10,Skip
5,talk,21,3,5,Skip
5,talk,22,3,12,Over
5,talk,23,3,8,VOTE Agent[12]
5,talk,24,3,15,Skip
5,talk,25,3,9,Over
5,talk,26,3,10,Over
5,talk,27,3,4,Skip
5,talk,28,4,8,Skip
5,talk,29,4,10,Over
5,talk,30,4,9,Over
5,talk,31,4,5,Skip
5,talk,32,4,4,Over
5,talk,33,4,15,Skip
5,talk,34,4,12,Over
5,talk,35,5,12,Over
5,talk,36,5,10,Over
5,talk,37,5,8,Skip
5,talk,38,5,9,Over
5,talk,39,5,4,Over
5,talk,40,5,5,Over
5,talk,41,5,15,Over
5,talk,42,6,10,Over
5,talk,43,6,8,Over
5,talk,44,6,5,Over
5,talk,45,6,12,Over
5,talk,46,6,4,Over
5,talk,47,6,9,Over
5,talk,48,6,15,Over
5,vote,4,9
5,vote,5,15
5,vote,8,12
5,vote,9,4
5,vote,10,4
5,vote,12,4
5,vote,15,8
5,execute,4,SEER
5,guard,5,15,POSSESSED
5,attackVote,9,12
5,attack,12,true
6,status,1,VILLAGER,DEAD,kenzi
6,status,2,WEREWOLF,DEAD,hello_wolf
6,status,3,VILLAGER,DEAD,Dummy_01
6,status,4,SEER,DEAD,Tomato
6,status,5,BODYGUARD,ALIVE,Dummy_03
6,status,6,VILLAGER,DEAD,Udon
6,status,7,WEREWOLF,DEAD,Dummy_02
6,status,8,VILLAGER,ALIVE,fisherman
6,status,9,WEREWOLF,ALIVE,takeda
6,status,10,VILLAGER,ALIVE,GO1DeNO
6,status,11,VILLAGER,DEAD,wasabi
6,status,12,VILLAGER,DEAD,fanfan
6,status,13,VILLAGER,DEAD,calups
6,status,14,MEDIUM,DEAD,sonoda
6,status,15,POSSESSED,ALIVE,cantar
6,talk,0,0,9,VOTE Agent[05]
6,talk,1,0,15,DIVINED Agent[05] HUMAN
6,talk,2,0,8,ESTIMATE Agent[01] WEREWOLF
6,talk,3,0,5,Skip
6,talk,4,0,10,VOTE Agent[08]
6,talk,5,1,9,VOTE Agent[10]
6,talk,6,1,10,Skip
6,talk,7,1,5,Skip
6,talk,8,1,8,ESTIMATE Agent[12] WEREWOLF
6,talk,9,1,15,ESTIMATE Agent[05] WEREWOLF
6,talk,10,2,9,Skip
6,talk,11,2,8,ESTIMATE Agent[07] WEREWOLF
6,talk,12,2,15,VOTE Agent[05]
6,talk,13,2,5,AND (VOTE Agent[15]) (REQUEST ANY (VOTE Agent[15]))
6,talk,14,2,10,Skip
6,talk,15,3,15,Skip
6,talk,16,3,8,VOTE Agent[10]
6,talk,17,3,9,Skip
6,talk,18,3,5,Skip
6,talk,19,3,10,Over
6,talk,20,4,15,Skip
6,talk,21,4,10,VOTE Agent[05]
6,talk,22,4,5,Skip
6,talk,23,4,8,Skip
6,talk,24,4,9,Over
6,talk,25,5,8,Skip
6,talk,26,5,5,Over
6,talk,27,5,9,Over
6,talk,28,5,15,Over
6,talk,29,5,10,Skip
6,talk,30,6,8,Over
6,talk,31,6,9,Over
6,talk,32,6,10,Skip
6,talk,33,6,15,Over
6,talk,34,6,5,Over
6,talk,35,7,10,Over
6,talk,36,7,9,Over
6,talk,37,7,15,Over
6,talk,38,7,5,Over
6,talk,39,7,8,Over
6,vote,5,15
6,vote,8,10
6,vote,9,10
6,vote,10,5
6,vote,15,5
6,vote,5,10
6,vote,8,10
6,vote,9,10
6,vote,10,5
6,vote,15,5
6,execute,10,VILLAGER
6,guard,5,15,POSSESSED
6,attackVote,9,8
6,attack,8,true
7,status,1,VILLAGER,DEAD,kenzi
7,status,2,WEREWOLF,DEAD,hello_wolf
7,status,3,VILLAGER,DEAD,Dummy_01
7,status,4,SEER,DEAD,Tomato
7,status,5,BODYGUARD,ALIVE,Dummy_03
7,status,6,VILLAGER,DEAD,Udon
7,status,7,WEREWOLF,DEAD,Dummy_02
7,status,8,VILLAGER,DEAD,fisherman
7,status,9,WEREWOLF,ALIVE,takeda
7,status,10,VILLAGER,DEAD,GO1DeNO
7,status,11,VILLAGER,DEAD,wasabi
7,status,12,VILLAGER,DEAD,fanfan
7,status,13,VILLAGER,DEAD,calups
7,status,14,MEDIUM,DEAD,sonoda
7,status,15,POSSESSED,ALIVE,cantar
7,talk,0,0,5,BECAUSE (AND (ANY ATTACKED Agent[08]) (DAY 1 (Agent[15] DIVINED Agent[08] WEREWOLF))) (XOR (ESTIMATE Agent[15] WEREWOLF) (ESTIMATE Agent[15] POSSESSED))
7,talk,1,0,9,COMINGOUT Agent[09] WEREWOLF
7,talk,2,0,15,DIVINED Agent[05] HUMAN
7,talk,3,1,15,ESTIMATE Agent[05] WEREWOLF
7,talk,4,1,9,VOTE Agent[05]
7,talk,5,1,5,Skip
7,talk,6,2,15,VOTE Agent[05]
7,talk,7,2,9,Skip
7,talk,8,2,5,BECAUSE (XOR (ESTIMATE Agent[15] WEREWOLF) (ESTIMATE Agent[15] POSSESSED)) (AND (VOTE Agent[15]) (REQUEST ANY (VOTE Agent[15])))
7,talk,9,3,15,Skip
7,talk,10,3,9,Skip
7,talk,11,3,5,Skip
7,talk,12,4,5,Skip
7,talk,13,4,15,Skip
7,talk,14,4,9,Over
7,talk,15,5,9,Over
7,talk,16,5,5,Over
7,talk,17,5,15,Over
7,vote,5,15
7,vote,9,5
7,vote,15,5
7,execute,5,BODYGUARD
7,attackVote,9,15
7,attack,15,true
8,status,1,VILLAGER,DEAD,kenzi
8,status,2,WEREWOLF,DEAD,hello_wolf
8,status,3,VILLAGER,DEAD,Dummy_01
8,status,4,SEER,DEAD,Tomato
8,status,5,BODYGUARD,DEAD,Dummy_03
8,status,6,VILLAGER,DEAD,Udon
8,status,7,WEREWOLF,DEAD,Dummy_02
8,status,8,VILLAGER,DEAD,fisherman
8,status,9,WEREWOLF,ALIVE,takeda
8,status,10,VILLAGER,DEAD,GO1DeNO
8,status,11,VILLAGER,DEAD,wasabi
8,status,12,VILLAGER,DEAD,fanfan
8,status,13,VILLAGER,DEAD,calups
8,status,14,MEDIUM,DEAD,sonoda
8,status,15,POSSESSED,DEAD,cantar
8,result,0,1,WEREWOLF
