0,status,1,WEREWOLF,ALIVE,kenzi
0,status,2,MEDIUM,ALIVE,hello_wolf
0,status,3,VILLAGER,ALIVE,Dummy_01
0,status,4,VILLAGER,ALIVE,Tomato
0,status,5,VILLAGER,ALIVE,Dummy_03
0,status,6,VILLAGER,ALIVE,Udon
0,status,7,POSSESSED,ALIVE,Dummy_02
0,status,8,BODYGUARD,ALIVE,fisherman
0,status,9,SEER,ALIVE,takeda
0,status,10,VILLAGER,ALIVE,GO1DeNO
0,status,11,VILLAGER,ALIVE,wasabi
0,status,12,VILLAGER,ALIVE,fanfan
0,status,13,WEREWOLF,ALIVE,calups
0,status,14,WEREWOLF,ALIVE,sonoda
0,status,15,VILLAGER,ALIVE,cantar
0,whisper,0,0,13,COMINGOUT Agent[13] SEER
0,whisper,1,0,14,Skip
0,whisper,2,0,1,COMINGOUT Agent[01] MEDIUM
0,whisper,3,1,1,Skip
0,whisper,4,1,14,Skip
0,whisper,5,1,13,Over
0,whisper,6,2,1,Skip
0,whisper,7,2,14,Over
0,whisper,8,2,13,Over
0,whisper,9,3,1,Over
0,whisper,10,3,13,Over
0,whisper,11,3,14,Over
0,divine,9,5,HUMAN
1,status,1,WEREWOLF,ALIVE,kenzi
1,status,2,MEDIUM,ALIVE,hello_wolf
1,status,3,VILLAGER,ALIVE,Dummy_01
1,status,4,VILLAGER,ALIVE,Tomato
1,status,5,VILLAGER,ALIVE,Dummy_03
1,status,6,VILLAGER,ALIVE,Udon
1,status,7,POSSESSED,ALIVE,Dummy_02
1,status,8,BODYGUARD,ALIVE,fisherman
1,status,9,SEER,ALIVE,takeda
1,status,10,VILLAGER,ALIVE,GO1DeNO
1,status,11,VILLAGER,ALIVE,wasabi
1,status,12,VILLAGER,ALIVE,fanfan
1,status,13,WEREWOLF,ALIVE,calups
1,status,14,WEREWOLF,ALIVE,sonoda
1,status,15,VILLAGER,ALIVE,cantar
1,talk,0,0,1,VOTED Agent[10]
1,talk,1,0,4,VOTE Agent[12]
1,talk,2,0,13,COMINGOUT Agent[13] SEER
1,talk,3,0,10,VOTE Agent[06]
1,talk,4,0,11,ESTIMATE Agent[04] VILLAGER
1,talk,5,0,12,VOTE Agent[06]
1,talk,6,0,6,VOTE Agent[11]
1,talk,7,0,3,Skip
1,talk,8,0,8,VOTE Agent[06]
1,talk,9,0,7,Skip
1,talk,10,0,14,VOTE Agent[02]
1,talk,11,0,9,COMINGOUT Agent[09] SEER
1,talk,12,0,15,ESTIMATE Agent[01] WEREWOLF
1,talk,13,0,5,Skip
1,talk,14,0,2,VOTE Agent[01]
1,talk,15,1,5,Skip
1,talk,16,1,2,VOTE Agent[08]
1,talk,17,1,4,VOTE Agent[06]
1,talk,18,1,15,VOTE Agent[01]
1,talk,19,1,3,Skip
1,talk,20,1,11,Skip
1,talk,21,1,9,DIVINED Agent[05] HUMAN
1,talk,22,1,8,Skip
1,talk,23,1,13,DIVINED Agent[01] HUMAN
1,talk,24,1,6,Over
1,talk,25,1,1,GUARD Agent[15]
1,talk,26,1,14,Skip
1,talk,27,1,12,VOTE Agent[02]
1,talk,28,1,7,COMINGOUT Agent[07] SEER
1,talk,29,1,10,VOTE Agent[02]
1,talk,30,2,11,ESTIMATE Agent[08] VILLAGER
1,talk,31,2,8,VOTE Agent[13]
1,talk,32,2,4,VOTE Agent[02]
1,talk,33,2,6,Over
1,talk,34,2,15,Skip
1,talk,35,2,1,VOTED Agent[06]
1,talk,36,2,5,AND (VOTE Agent[01]) (REQUEST ANY (VOTE Agent[01]))
1,talk,37,2,7,DAY 1 (DIVINED Agent[09] WEREWOLF)
1,talk,38,2,12,VOTE Agent[08]
1,talk,39,2,3,AND (VOTE Agent[05]) (REQUEST ANY (VOTE Agent[05]))
1,talk,40,2,14,VOTE Agent[09]
1,talk,41,2,2,VOTE Agent[13]
1,talk,42,2,9,VOTE Agent[07]
1,talk,43,2,13,Skip
1,talk,44,2,10,VOTE Agent[08]
1,talk,45,3,12,VOTE Agent[13]
1,talk,46,3,10,VOTE Agent[13]
1,talk,47,3,15,Skip
1,talk,48,3,8,Skip
1,talk,49,3,6,VOTE Agent[09]
1,talk,50,3,5,AND (VOTE Agent[05]) (REQUEST ANY (VOTE Agent[05]))
1,talk,51,3,7,BECAUSE (DAY 1 (DIVINED Agent[09] WEREWOLF)) (REQUEST ANY (VOTE Agent[09]))
1,talk,52,3,1,VOTED Agent[11]
1,talk,53,3,13,Skip
1,talk,54,3,2,Skip
1,talk,55,3,9,VOTE Agent[07]
1,talk,56,3,3,AND (VOTE Agent[01]) (REQUEST ANY (VOTE Agent[01]))
1,talk,57,3,4,VOTE Agent[01]
1,talk,58,3,14,Skip
1,talk,59,3,11,VOTE Agent[08]
1,talk,60,4,15,Over
1,talk,61,4,12,Skip
1,talk,62,4,11,VOTE Agent[06]
1,talk,63,4,14,Skip
1,talk,64,4,2,Skip
1,talk,65,4,6,Over
1,talk,66,4,1,Over
1,talk,67,4,7,BECAUSE (DAY 1 (DIVINED Agent[09] WEREWOLF)) (AND (VOTE Agent[09]) (REQUEST ANY (VOTE Agent[09])))
1,talk,68,4,8,Skip
1,talk,69,4,13,Over
1,talk,70,4,9,VOTE Agent[07]
1,talk,71,4,5,AND (VOTE Agent[09]) (REQUEST ANY (VOTE Agent[09]))
1,talk,72,4,10,Skip
1,talk,73,4,3,AND (VOTE Agent[09]) (REQUEST ANY (VOTE Agent[09]))
1,talk,74,4,4,Skip
1,talk,75,5,2,Over
1,talk,76,5,9,VOTE Agent[07]
1,talk,77,5,15,Over
1,talk,78,5,8,Over
1,talk,79,5,12,Skip
1,talk,80,5,11,ESTIMATE Agent[13] WEREWOLF
1,talk,81,5,3,Skip
1,talk,82,5,6,Over
1,talk,83,5,4,VOTE Agent[09]
1,talk,84,5,10,Skip
1,talk,85,5,13,OR (VOTE Agent[02]) (VOTE Agent[03]) (VOTE Agent[04]) (VOTE Agent[06]) (VOTE Agent[08]) (VOTE Agent[10]) (VOTE Agent[11]) (VOTE Agent[12]) (VOTE Agent[14]) 
1,talk,86,5,1,Agent[08] DIVINED Agent[10] HUMAN
1,talk,87,5,7,Skip
1,talk,88,5,5,Skip
1,talk,89,5,14,Over
1,talk,90,6,2,Over
1,talk,91,6,4,VOTE Agent[06]
1,talk,92,6,1,Skip
1,talk,93,6,8,Over
1,talk,94,6,7,Skip
1,talk,95,6,15,Over
1,talk,96,6,9,VOTE Agent[07]
1,talk,97,6,5,Skip
1,talk,98,6,11,ESTIMATE Agent[08] VILLAGER
1,talk,99,6,3,Skip
1,talk,100,6,13,Over
1,talk,101,6,6,Over
1,talk,102,6,14,Over
1,talk,103,6,12,Over
1,talk,104,6,10,Over
1,talk,105,7,13,Over
1,talk,106,7,12,Over
1,talk,107,7,9,VOTE Agent[07]
1,talk,108,7,14,Over
1,talk,109,7,10,Over
1,talk,110,7,11,Skip
1,talk,111,7,5,Over
1,talk,112,7,8,Over
1,talk,113,7,7,Over
1,talk,114,7,1,DIVINATION Agent[12]
1,talk,115,7,3,Over
1,talk,116,7,15,Over
1,talk,117,7,6,Over
1,talk,118,7,2,Over
1,talk,119,7,4,Skip
1,talk,120,8,3,Over
1,talk,121,8,8,Over
1,talk,122,8,11,ESTIMATE Agent[15] VILLAGER
1,talk,123,8,6,Over
1,talk,124,8,1,COMINGOUT Agent[09] VILLAGER
1,talk,125,8,10,Over
1,talk,126,8,5,Over
1,talk,127,8,12,Over
1,talk,128,8,4,VOTE Agent[07]
1,talk,129,8,13,Over
1,talk,130,8,14,Over
1,talk,131,8,2,Over
1,talk,132,8,7,Over
1,talk,133,8,15,Over
1,talk,134,8,9,VOTE Agent[07]
1,talk,135,9,9,VOTE Agent[07]
1,talk,136,9,11,Over
1,talk,137,9,13,Over
1,talk,138,9,2,Over
1,talk,139,9,3,Over
1,talk,140,9,8,Over
1,talk,141,9,15,Over
1,talk,142,9,10,Over
1,talk,143,9,1,VOTED Agent[09]
1,talk,144,9,12,Over
1,talk,145,9,14,Over
1,talk,146,9,4,Skip
1,talk,147,9,7,Over
1,talk,148,9,6,Over
1,talk,149,9,5,Over
1,talk,150,10,2,Over
1,talk,151,10,7,Over
1,talk,152,10,6,Over
1,talk,153,10,10,Over
1,talk,154,10,5,Over
1,talk,155,10,14,Over
1,talk,156,10,8,Over
1,talk,157,10,15,Over
1,talk,158,10,13,Over
1,talk,159,10,9,Over
1,talk,160,10,4,Skip
1,talk,161,10,3,Over
1,talk,162,10,12,Over
1,talk,163,10,1,Agent[12] DIVINED Agent[09] ANY
1,talk,164,10,11,Over
1,talk,165,11,2,Over
1,talk,166,11,3,Over
1,talk,167,11,12,Over
1,talk,168,11,5,Over
1,talk,169,11,11,Over
1,talk,170,11,10,Over
1,talk,171,11,14,Over
1,talk,172,11,15,Over
1,talk,173,11,1,ATTACKED Agent[09]
1,talk,174,11,6,Over
1,talk,175,11,8,Over
1,talk,176,11,4,Over
1,talk,177,11,7,Over
1,talk,178,11,13,Over
1,talk,179,11,9,Over
1,talk,180,12,7,Over
1,talk,181,12,9,Over
1,talk,182,12,6,Over
1,talk,183,12,14,Over
1,talk,184,12,10,Over
1,talk,185,12,13,Over
1,talk,186,12,4,Over
1,talk,187,12,11,Over
1,talk,188,12,15,Over
1,talk,189,12,1,Over
1,talk,190,12,12,Over
1,talk,191,12,5,Over
1,talk,192,12,3,Over
1,talk,193,12,8,Over
1,talk,194,12,2,Over
1,vote,1,12
1,vote,2,13
1,vote,3,9
1,vote,4,7
1,vote,5,9
1,vote,6,9
1,vote,7,9
1,vote,8,13
1,vote,9,7
1,vote,10,13
1,vote,11,6
1,vote,12,13
1,vote,13,2
1,vote,14,9
1,vote,15,1
1,execute,9,SEER
1,whisper,0,0,14,Skip
1,whisper,1,0,13,Over
1,whisper,2,0,1,ATTACK Agent[08]
1,whisper,3,1,13,Over
1,whisper,4,1,14,Skip
1,whisper,5,1,1,Skip
1,whisper,6,2,13,Over
1,whisper,7,2,1,Skip
1,whisper,8,2,14,Over
1,whisper,9,3,1,Over
1,whisper,10,3,14,Over
1,whisper,11,3,13,Over
1,guard,8,13,WEREWOLF
1,attackVote,1,2
1,attackVote,14,5
1,attackVote,1,5
1,attackVote,14,5
1,attack,5,true
2,status,1,WEREWOLF,ALIVE,kenzi
2,status,2,MEDIUM,ALIVE,hello_wolf
2,status,3,VILLAGER,ALIVE,Dummy_01
2,status,4,VILLAGER,ALIVE,Tomato
2,status,5,VILLAGER,DEAD,Dummy_03
2,status,6,VILLAGER,ALIVE,Udon
2,status,7,POSSESSED,ALIVE,Dummy_02
2,status,8,BODYGUARD,ALIVE,fisherman
2,status,9,SEER,DEAD,takeda
2,status,10,VILLAGER,ALIVE,GO1DeNO
2,status,11,VILLAGER,ALIVE,wasabi
2,status,12,VILLAGER,ALIVE,fanfan
2,status,13,WEREWOLF,ALIVE,calups
2,status,14,WEREWOLF,ALIVE,sonoda
2,status,15,VILLAGER,ALIVE,cantar
2,talk,0,0,2,VOTE Agent[13]
2,talk,1,0,7,DAY 2 (DIVINED Agent[12] HUMAN)
2,talk,2,0,12,VOTE Agent[13]
2,talk,3,0,14,VOTE Agent[07]
2,talk,4,0,1,DIVINATION Agent[04]
2,talk,5,0,10,VOTE Agent[13]
2,talk,6,0,11,Skip
2,talk,7,0,4,VOTE Agent[11]
2,talk,8,0,13,DIVINED Agent[02] HUMAN
2,talk,9,0,15,ESTIMATE Agent[08] WEREWOLF
2,talk,10,0,8,VOTE Agent[13]
2,talk,11,0,3,Skip
2,talk,12,0,6,VOTE Agent[11]
2,talk,13,1,6,Over
2,talk,14,1,7,BECAUSE (AND (COMINGOUT Agent[07] SEER) (Agent[13] COMINGOUT Agent[13] SEER)) (XOR (ESTIMATE Agent[13] WEREWOLF) (ESTIMATE Agent[13] POSSESSED))
2,talk,15,1,8,Skip
2,talk,16,1,15,VOTE Agent[08]
2,talk,17,1,4,VOTE Agent[13]
2,talk,18,1,11,ESTIMATE Agent[02] VILLAGER
2,talk,19,1,3,Skip
2,talk,20,1,1,Skip
2,talk,21,1,12,Skip
2,talk,22,1,10,Skip
2,talk,23,1,13,Skip
2,talk,24,1,14,Skip
2,talk,25,1,2,Skip
2,talk,26,2,4,Skip
2,talk,27,2,8,Skip
2,talk,28,2,14,Skip
2,talk,29,2,12,Skip
2,talk,30,2,3,AND (VOTE Agent[12]) (REQUEST ANY (VOTE Agent[12]))
2,talk,31,2,10,Skip
2,talk,32,2,6,Over
2,talk,33,2,1,Agent[10] DIVINED Agent[07] ANY
2,talk,34,2,13,Skip
2,talk,35,2,15,Skip
2,talk,36,2,7,BECAUSE (XOR (ESTIMATE Agent[13] WEREWOLF) (ESTIMATE Agent[13] POSSESSED)) (AND (VOTE Agent[13]) (REQUEST ANY (VOTE Agent[13])))
2,talk,37,2,2,Skip
2,talk,38,2,11,ESTIMATE Agent[08] VILLAGER
2,talk,39,3,11,VOTE Agent[07]
2,talk,40,3,12,Over
2,talk,41,3,1,Skip
2,talk,42,3,6,Over
2,talk,43,3,2,Over
2,talk,44,3,10,Over
2,talk,45,3,7,Skip
2,talk,46,3,4,Skip
2,talk,47,3,14,Over
2,talk,48,3,8,Over
2,talk,49,3,13,Over
2,talk,50,3,3,AND (VOTE Agent[13]) (REQUEST ANY (VOTE Agent[13]))
2,talk,51,3,15,Skip
2,talk,52,4,2,Over
2,talk,53,4,11,ESTIMATE Agent[10] VILLAGER
2,talk,54,4,10,Over
2,talk,55,4,8,Over
2,talk,56,4,15,Over
2,talk,57,4,12,Over
2,talk,58,4,14,Over
2,talk,59,4,4,Over
2,talk,60,4,1,ATTACKED Agent[08]
2,talk,61,4,3,Skip
2,talk,62,4,7,Skip
2,talk,63,4,13,Over
2,talk,64,4,6,Over
2,talk,65,5,14,Over
2,talk,66,5,6,Over
2,talk,67,5,1,ATTACK Agent[15]
2,talk,68,5,2,Over
2,talk,69,5,12,Over
2,talk,70,5,13,OR (VOTE Agent[03]) (VOTE Agent[04]) (VOTE Agent[06]) (VOTE Agent[08]) (VOTE Agent[10]) (VOTE Agent[11]) (VOTE Agent[14]) 
2,talk,71,5,7,Over
2,talk,72,5,10,Over
2,talk,73,5,4,Over
2,talk,74,5,15,Over
2,talk,75,5,3,Skip
2,talk,76,5,8,Over
2,talk,77,5,11,ESTIMATE Agent[13] WEREWOLF
2,talk,78,6,10,Over
2,talk,79,6,1,Skip
2,talk,80,6,7,Over
2,talk,81,6,15,Over
2,talk,82,6,4,Over
2,talk,83,6,3,Over
2,talk,84,6,11,VOTE Agent[01]
2,talk,85,6,13,Over
2,talk,86,6,2,Over
2,talk,87,6,12,Over
2,talk,88,6,6,Over
2,talk,89,6,14,Over
2,talk,90,6,8,Over
2,talk,91,7,11,ESTIMATE Agent[12] VILLAGER
2,talk,92,7,14,Over
2,talk,93,7,13,Over
2,talk,94,7,12,Over
2,talk,95,7,10,Over
2,talk,96,7,2,Over
2,talk,97,7,7,Over
2,talk,98,7,3,Over
2,talk,99,7,4,Over
2,talk,100,7,15,Over
2,talk,101,7,1,DISAGREE TALK day2 ID:78
2,talk,102,7,8,Over
2,talk,103,7,6,Over
2,talk,104,8,11,VOTE Agent[07]
2,talk,105,8,10,Over
2,talk,106,8,4,Over
2,talk,107,8,7,Over
2,talk,108,8,14,Over
2,talk,109,8,12,Over
2,talk,110,8,2,Over
2,talk,111,8,8,Over
2,talk,112,8,6,Over
2,talk,113,8,13,Over
2,talk,114,8,3,Over
2,talk,115,8,15,Over
2,talk,116,8,1,VOTE Agent[04]
2,talk,117,9,4,Over
2,talk,118,9,7,Over
2,talk,119,9,13,Over
2,talk,120,9,1,VOTED Agent[14]
2,talk,121,9,12,Over
2,talk,122,9,11,Over
2,talk,123,9,15,Over
2,talk,124,9,6,Over
2,talk,125,9,8,Over
2,talk,126,9,14,Over
2,talk,127,9,2,Over
2,talk,128,9,3,Over
2,talk,129,9,10,Over
2,talk,130,10,2,Over
2,talk,131,10,11,Over
2,talk,132,10,7,Over
2,talk,133,10,13,Over
2,talk,134,10,15,Over
2,talk,135,10,6,Over
2,talk,136,10,8,Over
2,talk,137,10,10,Over
2,talk,138,10,4,Over
2,talk,139,10,3,Over
2,talk,140,10,12,Over
2,talk,141,10,1,Over
2,talk,142,10,14,Over
2,vote,1,12
2,vote,2,13
2,vote,3,13
2,vote,4,13
2,vote,6,11
2,vote,7,13
2,vote,8,13
2,vote,10,13
2,vote,11,7
2,vote,12,13
2,vote,13,3
2,vote,14,7
2,vote,15,8
2,execute,13,WEREWOLF
2,whisper,0,0,14,Skip
2,whisper,1,0,1,ATTACK Agent[08]
2,whisper,2,1,14,Skip
2,whisper,3,1,1,Skip
2,whisper,4,2,1,Skip
2,whisper,5,2,14,Over
2,whisper,6,3,1,Over
2,whisper,7,3,14,Over
2,guard,8,7,POSSESSED
2,attackVote,1,4
2,attackVote,14,2
2,attackVote,1,3
2,attackVote,14,2
2,attack,3,true
3,status,1,WEREWOLF,ALIVE,kenzi
3,status,2,MEDIUM,ALIVE,hello_wolf
3,status,3,VILLAGER,DEAD,Dummy_01
3,status,4,VILLAGER,ALIVE,Tomato
3,status,5,VILLAGER,DEAD,Dummy_03
3,status,6,VILLAGER,ALIVE,Udon
3,status,7,POSSESSED,ALIVE,Dummy_02
3,status,8,BODYGUARD,ALIVE,fisherman
3,status,9,SEER,DEAD,takeda
3,status,10,VILLAGER,ALIVE,GO1DeNO
3,status,11,VILLAGER,ALIVE,wasabi
3,status,12,VILLAGER,ALIVE,fanfan
3,status,13,WEREWOLF,DEAD,calups
3,status,14,WEREWOLF,ALIVE,sonoda
3,status,15,VILLAGER,ALIVE,cantar
3,talk,0,0,12,VOTE Agent[04]
3,talk,1,0,2,COMINGOUT Agent[02] MEDIUM
3,talk,2,0,4,VOTE Agent[12]
3,talk,3,0,10,VOTE Agent[04]
3,talk,4,0,1,VOTED Agent[11]
3,talk,5,0,7,DAY 3 (DIVINED Agent[15] HUMAN)
3,talk,6,0,6,VOTE Agent[11]
3,talk,7,0,15,ESTIMATE Agent[08] WEREWOLF
3,talk,8,0,8,VOTE Agent[04]
3,talk,9,0,14,VOTE Agent[15]
3,talk,10,0,11,ESTIMATE Agent[10] WEREWOLF
3,talk,11,1,2,IDENTIFIED Agent[09] HUMAN
3,talk,12,1,14,Skip
3,talk,13,1,12,Skip
3,talk,14,1,11,Skip
3,talk,15,1,15,VOTE Agent[08]
3,talk,16,1,7,Skip
3,talk,17,1,8,Skip
3,talk,18,1,10,Skip
3,talk,19,1,6,Over
3,talk,20,1,1,VOTED Agent[06]
3,talk,21,1,4,VOTE Agent[04]
3,talk,22,2,6,Over
3,talk,23,2,2,IDENTIFIED Agent[13] WEREWOLF
3,talk,24,2,7,AND (VOTE Agent[10]) (REQUEST ANY (VOTE Agent[10]))
3,talk,25,2,4,Skip
3,talk,26,2,11,ESTIMATE Agent[06] VILLAGER
3,talk,27,2,1,Skip
3,talk,28,2,8,Skip
3,talk,29,2,15,Skip
3,talk,30,2,12,Skip
3,talk,31,2,14,VOTE Agent[07]
3,talk,32,2,10,Skip
3,talk,33,3,14,VOTE Agent[15]
3,talk,34,3,2,VOTE Agent[04]
3,talk,35,3,4,Skip
3,talk,36,3,10,Over
3,talk,37,3,1,ATTACK Agent[12]
3,talk,38,3,7,Skip
3,talk,39,3,15,Skip
3,talk,40,3,6,Over
3,talk,41,3,8,Over
3,talk,42,3,11,VOTE Agent[01]
3,talk,43,3,12,Over
3,talk,44,4,4,Over
3,talk,45,4,12,Over
3,talk,46,4,10,Over
3,talk,47,4,11,ESTIMATE Agent[07] WEREWOLF
3,talk,48,4,8,Over
3,talk,49,4,7,Skip
3,talk,50,4,2,Skip
3,talk,51,4,1,GUARD Agent[14]
3,talk,52,4,14,Skip
3,talk,53,4,6,Over
3,talk,54,4,15,Over
3,talk,55,5,4,Over
3,talk,56,5,8,Over
3,talk,57,5,10,Over
3,talk,58,5,11,Skip
3,talk,59,5,1,Over
3,talk,60,5,14,Skip
3,talk,61,5,2,Skip
3,talk,62,5,7,Over
3,talk,63,5,6,Over
3,talk,64,5,15,Over
3,talk,65,5,12,Over
3,talk,66,6,15,Over
3,talk,67,6,14,Over
3,talk,68,6,12,Over
3,talk,69,6,4,Over
3,talk,70,6,1,ATTACK Agent[10]
3,talk,71,6,7,Over
3,talk,72,6,6,Over
3,talk,73,6,10,Over
3,talk,74,6,2,Over
3,talk,75,6,8,Over
3,talk,76,6,11,ESTIMATE Agent[15] VILLAGER
3,talk,77,7,7,Over
3,talk,78,7,15,Over
3,talk,79,7,1,VOTED Agent[04]
3,talk,80,7,11,ESTIMATE Agent[12] VILLAGER
3,talk,81,7,14,Over
3,talk,82,7,10,Over
3,talk,83,7,12,Over
3,talk,84,7,8,Over
3,talk,85,7,2,Over
3,talk,86,7,4,Over
3,talk,87,7,6,VOTE Agent[08]
3,talk,88,8,7,Over
3,talk,89,8,4,Over
3,talk,90,8,10,Over
3,talk,91,8,6,VOTE Agent[11]
3,talk,92,8,14,Over
3,talk,93,8,12,Over
3,talk,94,8,11,ESTIMATE Agent[15] VILLAGER
3,talk,95,8,15,Over
3,talk,96,8,8,Over
3,talk,97,8,1,Skip
3,talk,98,8,2,Over
3,talk,99,9,2,Over
3,talk,100,9,12,Over
3,talk,101,9,8,Over
3,talk,102,9,15,Over
3,talk,103,9,6,Over
3,talk,104,9,4,Over
3,talk,105,9,10,Over
3,talk,106,9,11,Over
3,talk,107,9,1,VOTE Agent[11]
3,talk,108,9,7,Over
3,talk,109,9,14,Over
3,talk,110,10,4,Over
3,talk,111,10,12,Over
3,talk,112,10,1,ESTIMATE Agent[14] SEER
3,talk,113,10,6,VOTE Agent[08]
3,talk,114,10,11,Over
3,talk,115,10,10,Over
3,talk,116,10,7,Over
3,talk,117,10,14,Over
3,talk,118,10,8,Over
3,talk,119,10,2,Over
3,talk,120,10,15,Over
3,talk,121,11,11,Over
3,talk,122,11,8,Over
3,talk,123,11,4,Over
3,talk,124,11,14,Over
3,talk,125,11,15,Over
3,talk,126,11,6,Over
3,talk,127,11,1,Skip
3,talk,128,11,2,Over
3,talk,129,11,7,Over
3,talk,130,11,12,Over
3,talk,131,11,10,Over
3,talk,132,12,8,Over
3,talk,133,12,6,Over
3,talk,134,12,12,Over
3,talk,135,12,11,Over
3,talk,136,12,4,Over
3,talk,137,12,14,Over
3,talk,138,12,7,Over
3,talk,139,12,1,Over
3,talk,140,12,2,Over
3,talk,141,12,15,Over
3,talk,142,12,10,Over
3,vote,1,11
3,vote,2,4
3,vote,4,11
3,vote,6,8
3,vote,7,10
3,vote,8,4
3,vote,10,4
3,vote,11,1
3,vote,12,4
3,vote,14,15
3,vote,15,8
3,execute,4,VILLAGER
3,whisper,0,0,14,Skip
3,whisper,1,0,1,ATTACK Agent[08]
3,whisper,2,1,14,Skip
3,whisper,3,1,1,Skip
3,whisper,4,2,1,Skip
3,whisper,5,2,14,Over
3,whisper,6,3,1,Over
3,whisper,7,3,14,Over
3,guard,8,7,POSSESSED
3,attackVote,1,10
3,attackVote,14,2
3,attackVote,1,2
3,attackVote,14,2
3,attack,2,true
4,status,1,WEREWOLF,ALIVE,kenzi
4,status,2,MEDIUM,DEAD,hello_wolf
4,status,3,VILLAGER,DEAD,Dummy_01
4,status,4,VILLAGER,DEAD,Tomato
4,status,5,VILLAGER,DEAD,Dummy_03
4,status,6,VILLAGER,ALIVE,Udon
4,status,7,POSSESSED,ALIVE,Dummy_02
4,status,8,BODYGUARD,ALIVE,fisherman
4,status,9,SEER,DEAD,takeda
4,status,10,VILLAGER,ALIVE,GO1DeNO
4,status,11,VILLAGER,ALIVE,wasabi
4,status,12,VILLAGER,ALIVE,fanfan
4,status,13,WEREWOLF,DEAD,calups
4,status,14,WEREWOLF,ALIVE,sonoda
4,status,15,VILLAGER,ALIVE,cantar
4,talk,0,0,6,VOTE Agent[08]
4,talk,1,0,8,VOTE Agent[06]
4,talk,2,0,14,VOTE Agent[15]
4,talk,3,0,11,ESTIMATE Agent[15] VILLAGER
4,talk,4,0,1,VOTED Agent[15]
4,talk,5,0,10,VOTE Agent[06]
4,talk,6,0,12,VOTE Agent[08]
4,talk,7,0,7,DAY 4 (DIVINED Agent[08] HUMAN)
4,talk,8,0,15,ESTIMATE Agent[14] WEREWOLF
4,talk,9,1,12,Skip
4,talk,10,1,11,ESTIMATE Agent[07] WEREWOLF
4,talk,11,1,6,Over
4,talk,12,1,10,Skip
4,talk,13,1,14,Skip
4,talk,14,1,7,Skip
4,talk,15,1,1,VOTED Agent[11]
4,talk,16,1,15,VOTE Agent[14]
4,talk,17,1,8,Skip
4,talk,18,2,8,Skip
4,talk,19,2,12,Skip
4,talk,20,2,6,Over
4,talk,21,2,15,Skip
4,talk,22,2,1,DISAGREE TALK day4 ID:11
4,talk,23,2,14,Skip
4,talk,24,2,7,AND (VOTE Agent[10]) (REQUEST ANY (VOTE Agent[10]))
4,talk,25,2,10,Skip
4,talk,26,2,11,ESTIMATE Agent[15] VILLAGER
4,talk,27,3,15,Skip
4,talk,28,3,12,Over
4,talk,29,3,1,Skip
4,talk,30,3,10,Over
4,talk,31,3,14,Over
4,talk,32,3,6,Over
4,talk,33,3,8,Over
4,talk,34,3,11,VOTE Agent[01]
4,talk,35,3,7,Skip
4,talk,36,4,6,Over
4,talk,37,4,7,Skip
4,talk,38,4,14,Over
4,talk,39,4,10,Over
4,talk,40,4,11,ESTIMATE Agent[15] VILLAGER
4,talk,41,4,12,Over
4,talk,42,4,1,ATTACK Agent[11]
4,talk,43,4,8,Over
4,talk,44,4,15,Over
4,talk,45,5,8,Over
4,talk,46,5,14,Over
4,talk,47,5,11,ESTIMATE Agent[01] WEREWOLF
4,talk,48,5,15,Over
4,talk,49,5,10,Over
4,talk,50,5,7,Over
4,talk,51,5,6,Over
4,talk,52,5,12,Over
4,talk,53,5,1,ATTACK Agent[15]
4,talk,54,6,11,ESTIMATE Agent[08] VILLAGER
4,talk,55,6,7,Over
4,talk,56,6,1,Over
4,talk,57,6,12,Over
4,talk,58,6,14,Over
4,talk,59,6,15,Over
4,talk,60,6,10,Over
4,talk,61,6,8,Over
4,talk,62,6,6,Over
4,talk,63,7,8,Over
4,talk,64,7,15,Over
4,talk,65,7,7,Over
4,talk,66,7,6,Over
4,talk,67,7,10,Over
4,talk,68,7,1,Over
4,talk,69,7,12,Over
4,talk,70,7,14,Over
4,talk,71,7,11,Skip
4,talk,72,8,11,ESTIMATE Agent[06] WEREWOLF
4,talk,73,8,6,Over
4,talk,74,8,15,Over
4,talk,75,8,14,Over
4,talk,76,8,10,Over
4,talk,77,8,1,GUARDED Agent[11]
4,talk,78,8,12,Over
4,talk,79,8,8,Over
4,talk,80,8,7,Over
4,talk,81,9,11,Over
4,talk,82,9,6,Over
4,talk,83,9,1,Agent[10] DIVINED Agent[14] ANY
4,talk,84,9,8,Over
4,talk,85,9,14,Over
4,talk,86,9,15,Over
4,talk,87,9,12,Over
4,talk,88,9,10,Over
4,talk,89,9,7,Over
4,talk,90,10,1,GUARDED Agent[14]
4,talk,91,10,15,Over
4,talk,92,10,14,Over
4,talk,93,10,12,Over
4,talk,94,10,11,Over
4,talk,95,10,10,Over
4,talk,96,10,6,Over
4,talk,97,10,7,Over
4,talk,98,10,8,Over
4,talk,99,11,11,Over
4,talk,100,11,1,DISAGREE TALK day4 ID:50
4,talk,101,11,7,Over
4,talk,102,11,14,Over
4,talk,103,11,15,Over
4,talk,104,11,6,Over
4,talk,105,11,8,Over
4,talk,106,11,10,Over
4,talk,107,11,12,Over
4,talk,108,12,7,Over
4,talk,109,12,6,Over
4,talk,110,12,8,Over
4,talk,111,12,11,Over
4,talk,112,12,14,Over
4,talk,113,12,10,Over
4,talk,114,12,12,Over
4,talk,115,12,15,Over
4,talk,116,12,1,ATTACKED Agent[06]
4,talk,117,13,8,Over
4,talk,118,13,12,Over
4,talk,119,13,10,Over
4,talk,120,13,6,Over
4,talk,121,13,15,Over
4,talk,122,13,11,Over
4,talk,123,13,7,Over
4,talk,124,13,14,Over
4,talk,125,13,1,Over
4,vote,1,12
4,vote,6,8
4,vote,7,10
4,vote,8,6
4,vote,10,6
4,vote,11,1
4,vote,12,8
4,vote,14,15
4,vote,15,14
4,vote,1,7
4,vote,6,8
4,vote,7,10
4,vote,8,6
4,vote,10,8
4,vote,11,7
4,vote,12,8
4,vote,14,15
4,vote,15,14
4,execute,8,BODYGUARD
4,whisper,0,0,1,ATTACK Agent[10]
4,whisper,1,0,14,Skip
4,whisper,2,1,14,Skip
4,whisper,3,1,1,Skip
4,whisper,4,2,14,Over
4,whisper,5,2,1,Skip
4,whisper,6,3,14,Over
4,whisper,7,3,1,Over
4,attackVote,1,12
4,attackVote,14,10
4,attackVote,1,7
4,attackVote,14,10
4,attack,10,true
5,status,1,WEREWOLF,ALIVE,kenzi
5,status,2,MEDIUM,DEAD,hello_wolf
5,status,3,VILLAGER,DEAD,Dummy_01
5,status,4,VILLAGER,DEAD,Tomato
5,status,5,VILLAGER,DEAD,Dummy_03
5,status,6,VILLAGER,ALIVE,Udon
5,status,7,POSSESSED,ALIVE,Dummy_02
5,status,8,BODYGUARD,DEAD,fisherman
5,status,9,SEER,DEAD,takeda
5,status,10,VILLAGER,DEAD,GO1DeNO
5,status,11,VILLAGER,ALIVE,wasabi
5,status,12,VILLAGER,ALIVE,fanfan
5,status,13,WEREWOLF,DEAD,calups
5,status,14,WEREWOLF,ALIVE,sonoda
5,status,15,VILLAGER,ALIVE,cantar
5,talk,0,0,11,ESTIMATE Agent[07] WEREWOLF
5,talk,1,0,12,VOTE Agent[06]
5,talk,2,0,6,VOTE Agent[11]
5,talk,3,0,1,DIVINATION Agent[14]
5,talk,4,0,7,DAY 5 (DIVINED Agent[14] HUMAN)
5,talk,5,0,15,ESTIMATE Agent[14] WEREWOLF
5,talk,6,0,14,VOTE Agent[15]
5,talk,7,1,15,VOTE Agent[14]
5,talk,8,1,14,Skip
5,talk,9,1,11,ESTIMATE Agent[01] WEREWOLF
5,talk,10,1,1,VOTED Agent[15]
5,talk,11,1,6,Over
5,talk,12,1,12,Skip
5,talk,13,1,7,Skip
5,talk,14,2,14,Skip
5,talk,15,2,6,Over
5,talk,16,2,15,Skip
5,talk,17,2,1,ATTACKED Agent[15]
5,talk,18,2,12,Skip
5,talk,19,2,11,Skip
5,talk,20,2,7,AND (VOTE Agent[05]) (REQUEST ANY (VOTE Agent[05]))
5,talk,21,3,14,Over
5,talk,22,3,7,Skip
5,talk,23,3,12,Over
5,talk,24,3,1,Over
5,talk,25,3,6,Over
5,talk,26,3,11,VOTE Agent[01]
5,talk,27,3,15,Skip
5,talk,28,4,1,GUARDED Agent[15]
5,talk,29,4,6,Over
5,talk,30,4,11,ESTIMATE Agent[14] VILLAGER
5,talk,31,4,15,Over
5,talk,32,4,12,Over
5,talk,33,4,14,Over
5,talk,34,4,7,Skip
5,talk,35,5,15,Over
5,talk,36,5,6,Over
5,talk,37,5,14,Over
5,talk,38,5,7,Over
5,talk,39,5,11,ESTIMATE Agent[12] VILLAGER
5,talk,40,5,12,Over
5,talk,41,5,1,Agent[12] DIVINED Agent[15] HUMAN
5,talk,42,6,15,Over
5,talk,43,6,12,Over
5,talk,44,6,11,Skip
5,talk,45,6,14,Over
5,talk,46,6,6,Over
5,talk,47,6,7,Over
5,talk,48,6,1,Skip
5,talk,49,7,14,Over
5,talk,50,7,15,Over
5,talk,51,7,1,IDENTIFIED Agent[12] WEREWOLF
5,talk,52,7,11,Skip
5,talk,53,7,6,Over
5,talk,54,7,12,Over
5,talk,55,7,7,Over
5,talk,56,8,12,Over
5,talk,57,8,1,IDENTIFIED Agent[12] WEREWOLF
5,talk,58,8,14,VOTE Agent[06]
5,talk,59,8,11,ESTIMATE Agent[12] VILLAGER
5,talk,60,8,15,Over
5,talk,61,8,7,AND (VOTE Agent[01]) (REQUEST ANY (VOTE Agent[01]))
5,talk,62,8,6,Over
5,talk,63,9,14,Skip
5,talk,64,9,15,Over
5,talk,65,9,11,Over
5,talk,66,9,1,Agent[14] DIVINED Agent[11] ANY
5,talk,67,9,7,Skip
5,talk,68,9,12,Over
5,talk,69,9,6,Over
5,talk,70,10,6,Over
5,talk,71,10,15,Over
5,talk,72,10,1,AGREE TALK day5 ID:63
5,talk,73,10,14,Over
5,talk,74,10,11,Over
5,talk,75,10,12,Over
5,talk,76,10,7,Skip
5,talk,77,11,6,Over
5,talk,78,11,12,Over
5,talk,79,11,15,Over
5,talk,80,11,7,Over
5,talk,81,11,1,COMINGOUT Agent[14] VILLAGER
5,talk,82,11,14,Over
5,talk,83,11,11,Over
5,talk,84,12,15,Over
5,talk,85,12,7,Over
5,talk,86,12,6,Over
5,talk,87,12,14,Over
5,talk,88,12,12,Over
5,talk,89,12,1,Over
5,talk,90,12,11,Over
5,vote,1,7
5,vote,6,11
5,vote,7,1
5,vote,11,1
5,vote,12,6
5,vote,14,6
5,vote,15,14
5,vote,1,15
5,vote,6,11
5,vote,7,1
5,vote,11,1
5,vote,12,6
5,vote,14,6
5,vote,15,14
5,execute,1,WEREWOLF
5,attackVote,14,11
5,attack,11,true
6,status,1,WEREWOLF,DEAD,kenzi
6,status,2,MEDIUM,DEAD,hello_wolf
6,status,3,VILLAGER,DEAD,Dummy_01
6,status,4,VILLAGER,DEAD,Tomato
6,status,5,VILLAGER,DEAD,Dummy_03
6,status,6,VILLAGER,ALIVE,Udon
6,status,7,POSSESSED,ALIVE,Dummy_02
6,status,8,BODYGUARD,DEAD,fisherman
6,status,9,SEER,DEAD,takeda
6,status,10,VILLAGER,DEAD,GO1DeNO
6,status,11,VILLAGER,DEAD,wasabi
6,status,12,VILLAGER,ALIVE,fanfan
6,status,13,WEREWOLF,DEAD,calups
6,status,14,WEREWOLF,ALIVE,sonoda
6,status,15,VILLAGER,ALIVE,cantar
6,talk,0,0,15,ESTIMATE Agent[14] WEREWOLF
6,talk,1,0,12,VOTE Agent[14]
6,talk,2,0,7,DAY 6 (DIVINED Agent[06] HUMAN)
6,talk,3,0,6,VOTE Agent[07]
6,talk,4,0,14,VOTE Agent[06]
6,talk,5,1,12,VOTE Agent[06]
6,talk,6,1,14,Skip
6,talk,7,1,7,Skip
6,talk,8,1,15,VOTE Agent[14]
6,talk,9,1,6,Over
6,talk,10,2,15,Skip
6,talk,11,2,6,Over
6,talk,12,2,12,Skip
6,talk,13,2,14,Skip
6,talk,14,2,7,AND (VOTE Agent[10]) (REQUEST ANY (VOTE Agent[10]))
6,talk,15,3,15,Skip
6,talk,16,3,6,Over
6,talk,17,3,7,Skip
6,talk,18,3,12,Skip
6,talk,19,3,14,Over
6,talk,20,4,12,Over
6,talk,21,4,6,Over
6,talk,22,4,14,Over
6,talk,23,4,15,Over
6,talk,24,4,7,Skip
6,talk,25,5,7,Over
6,talk,26,5,12,Over
6,talk,27,5,15,Over
6,talk,28,5,14,Over
6,talk,29,5,6,Over
6,vote,6,7
6,vote,7,15
6,vote,12,6
6,vote,14,6
6,vote,15,14
6,execute,6,VILLAGER
6,attackVote,14,12
6,attack,12,true
7,status,1,WEREWOLF,DEAD,kenzi
7,status,2,MEDIUM,DEAD,hello_wolf
7,status,3,VILLAGER,DEAD,Dummy_01
7,status,4,VILLAGER,DEAD,Tomato
7,status,5,VILLAGER,DEAD,Dummy_03
7,status,6,VILLAGER,DEAD,Udon
7,status,7,POSSESSED,ALIVE,Dummy_02
7,status,8,BODYGUARD,DEAD,fisherman
7,status,9,SEER,DEAD,takeda
7,status,10,VILLAGER,DEAD,GO1DeNO
7,status,11,VILLAGER,DEAD,wasabi
7,status,12,VILLAGER,DEAD,fanfan
7,status,13,WEREWOLF,DEAD,calups
7,status,14,WEREWOLF,ALIVE,sonoda
7,status,15,VILLAGER,ALIVE,cantar
7,talk,0,0,15,ESTIMATE Agent[14] WEREWOLF
7,talk,1,0,14,VOTE Agent[15]
7,talk,2,0,7,DAY 7 (DIVINED Agent[07] HUMAN)
7,talk,3,1,15,VOTE Agent[14]
7,talk,4,1,7,Skip
7,talk,5,1,14,Skip
7,talk,6,2,7,AND (VOTE Agent[03]) (REQUEST ANY (VOTE Agent[03]))
7,talk,7,2,15,Skip
7,talk,8,2,14,Skip
7,talk,9,3,7,Skip
7,talk,10,3,14,Over
7,talk,11,3,15,Skip
7,talk,12,4,14,Over
7,talk,13,4,15,Over
7,talk,14,4,7,Skip
7,talk,15,5,14,Over
7,talk,16,5,15,Over
7,talk,17,5,7,Over
7,vote,7,14
7,vote,14,15
7,vote,15,14
7,execute,14,WEREWOLF
8,status,1,WEREWOLF,DEAD,kenzi
8,status,2,MEDIUM,DEAD,hello_wolf
8,status,3,VILLAGER,DEAD,Dummy_01
8,status,4,VILLAGER,DEAD,Tomato
8,status,5,VILLAGER,DEAD,Dummy_03
8,status,6,VILLAGER,DEAD,Udon
8,status,7,POSSESSED,ALIVE,Dummy_02
8,status,8,BODYGUARD,DEAD,fisherman
8,status,9,SEER,DEAD,takeda
8,status,10,VILLAGER,DEAD,GO1DeNO
8,status,11,VILLAGER,DEAD,wasabi
8,status,12,VILLAGER,DEAD,fanfan
8,status,13,WEREWOLF,DEAD,calups
8,status,14,WEREWOLF,DEAD,sonoda
8,status,15,VILLAGER,ALIVE,cantar
8,result,2,0,VILLAGER
