0,status,1,WEREWOLF,ALIVE,kenzi
0,status,2,POSSESSED,ALIVE,hello_wolf
0,status,3,VILLAGER,ALIVE,Dummy_01
0,status,4,WEREWOLF,ALIVE,Tomato
0,status,5,VILLAGER,ALIVE,Dummy_03
0,status,6,VILLAGER,ALIVE,Udon
0,status,7,VILLAGER,ALIVE,Dummy_02
0,status,8,VILLAGER,ALIVE,fisherman
0,status,9,VILLAGER,ALIVE,takeda
0,status,10,MEDIUM,ALIVE,GO1DeNO
0,status,11,VILLAGER,ALIVE,wasabi
0,status,12,BODYGUARD,ALIVE,fanfan
0,status,13,WEREWOLF,ALIVE,calups
0,status,14,SEER,ALIVE,sonoda
0,status,15,VILLAGER,ALIVE,cantar
0,whisper,0,0,4,COMINGOUT Agent[04] VILLAGER
0,whisper,1,0,13,COMINGOUT Agent[13] SEER
0,whisper,2,0,1,COMINGOUT Agent[01] SEER
0,whisper,3,1,13,Over
0,whisper,4,1,4,Skip
0,whisper,5,1,1,Skip
0,whisper,6,2,13,Over
0,whisper,7,2,1,Skip
0,whisper,8,2,4,Skip
0,whisper,9,3,4,Over
0,whisper,10,3,13,Over
0,whisper,11,3,1,Over
0,divine,14,1,WEREWOLF
1,status,1,WEREWOLF,ALIVE,kenzi
1,status,2,POSSESSED,ALIVE,hello_wolf
1,status,3,VILLAGER,ALIVE,Dummy_01
1,status,4,WEREWOLF,ALIVE,Tomato
1,status,5,VILLAGER,ALIVE,Dummy_03
1,status,6,VILLAGER,ALIVE,Udon
1,status,7,VILLAGER,ALIVE,Dummy_02
1,status,8,VILLAGER,ALIVE,fisherman
1,status,9,VILLAGER,ALIVE,takeda
1,status,10,MEDIUM,ALIVE,GO1DeNO
1,status,11,VILLAGER,ALIVE,wasabi
1,status,12,BODYGUARD,ALIVE,fanfan
1,status,13,WEREWOLF,ALIVE,calups
1,status,14,SEER,ALIVE,sonoda
1,status,15,VILLAGER,ALIVE,cantar
1,talk,0,0,1,VOTED Agent[10]
1,talk,1,0,11,ESTIMATE Agent[02] VILLAGER
1,talk,2,0,4,VOTE Agent[06]
1,talk,3,0,6,VOTE Agent[01]
1,talk,4,0,10,COMINGOUT Agent[10] MEDIUM
1,talk,5,0,3,Skip
1,talk,6,0,2,COMINGOUT Agent[02] SEER
1,talk,7,0,12,VOTE Agent[06]
1,talk,8,0,13,COMINGOUT Agent[13] SEER
1,talk,9,0,15,ESTIMATE Agent[01] WEREWOLF
1,talk,10,0,9,VOTE Agent[14]
1,talk,11,0,8,VOTE Agent[06]
1,talk,12,0,5,Skip
1,talk,13,0,7,Skip
1,talk,14,0,14,COMINGOUT Agent[14] SEER
1,talk,15,1,4,Skip
1,talk,16,1,10,VOTE Agent[13]
1,talk,17,1,3,Skip
1,talk,18,1,15,VOTE Agent[01]
1,talk,19,1,6,Over
1,talk,20,1,11,ESTIMATE Agent[14] WEREWOLF
1,talk,21,1,1,VOTED Agent[08]
1,talk,22,1,14,DIVINED Agent[01] WEREWOLF
1,talk,23,1,12,VOTE Agent[13]
1,talk,24,1,5,Skip
1,talk,25,1,9,VOTE Agent[13]
1,talk,26,1,2,DIVINED Agent[10] WEREWOLF
1,talk,27,1,8,Skip
1,talk,28,1,13,DIVINED Agent[01] HUMAN
1,talk,29,1,7,Skip
1,talk,30,2,13,Skip
1,talk,31,2,10,Skip
1,talk,32,2,5,AND (VOTE Agent[01]) (REQUEST ANY (VOTE Agent[01]))
1,talk,33,2,3,AND (VOTE Agent[06]) (REQUEST ANY (VOTE Agent[06]))
1,talk,34,2,8,VOTE Agent[13]
1,talk,35,2,2,VOTE Agent[10]
1,talk,36,2,14,VOTE Agent[01]
1,talk,37,2,4,VOTE Agent[13]
1,talk,38,2,6,VOTE Agent[10]
1,talk,39,2,9,Skip
1,talk,40,2,11,ESTIMATE Agent[07] VILLAGER
1,talk,41,2,1,DISAGREE TALK day1 ID:22
1,talk,42,2,15,Skip
1,talk,43,2,12,Skip
1,talk,44,2,7,AND (VOTE Agent[09]) (REQUEST ANY (VOTE Agent[09]))
1,talk,45,3,2,VOTE Agent[13]
1,talk,46,3,3,AND (VOTE Agent[09]) (REQUEST ANY (VOTE Agent[09]))
1,talk,47,3,4,VOTE Agent[01]
1,talk,48,3,8,Skip
1,talk,49,3,9,Skip
1,talk,50,3,5,AND (VOTE Agent[09]) (REQUEST ANY (VOTE Agent[09]))
1,talk,51,3,13,Skip
1,talk,52,3,15,Skip
1,talk,53,3,6,Over
1,talk,54,3,7,AND (VOTE Agent[01]) (REQUEST ANY (VOTE Agent[01]))
1,talk,55,3,12,Skip
1,talk,56,3,11,VOTE Agent[01]
1,talk,57,3,14,Skip
1,talk,58,3,10,Skip
1,talk,59,3,1,ATTACK Agent[05]
1,talk,60,4,14,Skip
1,talk,61,4,13,Over
1,talk,62,4,11,ESTIMATE Agent[09] VILLAGER
1,talk,63,4,2,Skip
1,talk,64,4,9,Over
1,talk,65,4,8,Skip
1,talk,66,4,3,Skip
1,talk,67,4,15,Over
1,talk,68,4,10,Over
1,talk,69,4,5,AND (VOTE Agent[01]) (REQUEST ANY (VOTE Agent[01]))
1,talk,70,4,4,Skip
1,talk,71,4,7,AND (VOTE Agent[09]) (REQUEST ANY (VOTE Agent[09]))
1,talk,72,4,1,ESTIMATE Agent[06] BODYGUARD
1,talk,73,4,12,Over
1,talk,74,4,6,Over
1,talk,75,5,2,Skip
1,talk,76,5,15,Over
1,talk,77,5,7,Skip
1,talk,78,5,4,Skip
1,talk,79,5,11,ESTIMATE Agent[12] VILLAGER
1,talk,80,5,1,COMINGOUT Agent[14] VILLAGER
1,talk,81,5,12,Over
1,talk,82,5,10,Over
1,talk,83,5,8,Over
1,talk,84,5,9,Over
1,talk,85,5,3,Skip
1,talk,86,5,6,Over
1,talk,87,5,13,OR (VOTE Agent[03]) (VOTE Agent[04]) (VOTE Agent[05]) (VOTE Agent[06]) (VOTE Agent[07]) (VOTE Agent[08]) (VOTE Agent[09]) (VOTE Agent[11]) (VOTE Agent[12]) 
1,talk,88,5,5,AND (VOTE Agent[09]) (REQUEST ANY (VOTE Agent[09]))
1,talk,89,5,14,Over
1,talk,90,6,8,VOTE Agent[01]
1,talk,91,6,1,Skip
1,talk,92,6,15,Over
1,talk,93,6,11,ESTIMATE Agent[15] VILLAGER
1,talk,94,6,12,Over
1,talk,95,6,14,Over
1,talk,96,6,6,Over
1,talk,97,6,2,Over
1,talk,98,6,10,Over
1,talk,99,6,3,Over
1,talk,100,6,4,Over
1,talk,101,6,5,Skip
1,talk,102,6,13,Over
1,talk,103,6,7,Skip
1,talk,104,6,9,Over
1,talk,105,7,6,Over
1,talk,106,7,2,Over
1,talk,107,7,13,Over
1,talk,108,7,3,Over
1,talk,109,7,12,VOTE Agent[01]
1,talk,110,7,9,Over
1,talk,111,7,14,Over
1,talk,112,7,4,Over
1,talk,113,7,1,COMINGOUT Agent[12] POSSESSED
1,talk,114,7,8,Skip
1,talk,115,7,7,Over
1,talk,116,7,11,ESTIMATE Agent[12] VILLAGER
1,talk,117,7,10,VOTE Agent[01]
1,talk,118,7,5,Skip
1,talk,119,7,15,Over
1,talk,120,8,15,Over
1,talk,121,8,8,Skip
1,talk,122,8,11,ESTIMATE Agent[15] VILLAGER
1,talk,123,8,10,Skip
1,talk,124,8,3,Over
1,talk,125,8,5,Over
1,talk,126,8,2,VOTE Agent[01]
1,talk,127,8,13,Over
1,talk,128,8,4,Over
1,talk,129,8,1,ATTACKED Agent[05]
1,talk,130,8,12,Skip
1,talk,131,8,14,Over
1,talk,132,8,7,Over
1,talk,133,8,6,Over
1,talk,134,8,9,VOTE Agent[01]
1,talk,135,9,7,Over
1,talk,136,9,6,Over
1,talk,137,9,13,Over
1,talk,138,9,14,Over
1,talk,139,9,12,Skip
1,talk,140,9,15,Over
1,talk,141,9,4,Over
1,talk,142,9,8,Over
1,talk,143,9,1,Skip
1,talk,144,9,9,Skip
1,talk,145,9,2,Skip
1,talk,146,9,3,Over
1,talk,147,9,5,Over
1,talk,148,9,10,Skip
1,talk,149,9,11,Over
1,talk,150,10,9,Skip
1,talk,151,10,7,Over
1,talk,152,10,3,Over
1,talk,153,10,15,Over
1,talk,154,10,12,Over
1,talk,155,10,2,Skip
1,talk,156,10,14,Over
1,talk,157,10,13,Over
1,talk,158,10,8,Over
1,talk,159,10,11,Over
1,talk,160,10,10,Over
1,talk,161,10,4,Over
1,talk,162,10,1,Skip
1,talk,163,10,6,Over
1,talk,164,10,5,Over
1,talk,165,11,12,Over
1,talk,166,11,8,Over
1,talk,167,11,2,Over
1,talk,168,11,15,Over
1,talk,169,11,13,Over
1,talk,170,11,11,Over
1,talk,171,11,5,Over
1,talk,172,11,4,Over
1,talk,173,11,10,Over
1,talk,174,11,3,Over
1,talk,175,11,9,Over
1,talk,176,11,6,Over
1,talk,177,11,14,Over
1,talk,178,11,1,IDENTIFIED Agent[13] HUMAN
1,talk,179,11,7,Over
1,talk,180,12,11,Over
1,talk,181,12,2,Over
1,talk,182,12,6,Over
1,talk,183,12,8,Over
1,talk,184,12,5,Over
1,talk,185,12,15,Over
1,talk,186,12,12,Over
1,talk,187,12,7,Over
1,talk,188,12,3,Over
1,talk,189,12,1,DISAGREE TALK day1 ID:165
1,talk,190,12,9,Over
1,talk,191,12,10,Over
1,talk,192,12,4,Over
1,talk,193,12,13,Over
1,talk,194,12,14,Over
1,talk,195,13,13,Over
1,talk,196,13,14,Over
1,talk,197,13,11,Over
1,talk,198,13,2,Over
1,talk,199,13,10,Over
1,talk,200,13,9,Over
1,talk,201,13,8,Over
1,talk,202,13,3,Over
1,talk,203,13,12,Over
1,talk,204,13,4,Over
1,talk,205,13,6,Over
1,talk,206,13,1,Over
1,talk,207,13,7,Over
1,talk,208,13,15,Over
1,talk,209,13,5,Over
1,vote,1,7
1,vote,2,1
1,vote,3,9
1,vote,4,1
1,vote,5,9
1,vote,6,10
1,vote,7,9
1,vote,8,1
1,vote,9,1
1,vote,10,1
1,vote,11,1
1,vote,12,1
1,vote,13,3
1,vote,14,1
1,vote,15,1
1,execute,1,WEREWOLF
1,divine,14,13,WEREWOLF
1,whisper,0,0,4,ATTACK Agent[14]
1,whisper,1,0,13,Over
1,whisper,2,1,4,Skip
1,whisper,3,1,13,Over
1,whisper,4,2,4,Skip
1,whisper,5,2,13,Over
1,whisper,6,3,13,Over
1,whisper,7,3,4,Over
1,guard,12,14,SEER
1,attackVote,4,14
1,attackVote,13,12
1,attackVote,4,14
1,attackVote,13,12
1,attack,14,false
2,status,1,WEREWOLF,DEAD,kenzi
2,status,2,POSSESSED,ALIVE,hello_wolf
2,status,3,VILLAGER,ALIVE,Dummy_01
2,status,4,WEREWOLF,ALIVE,Tomato
2,status,5,VILLAGER,ALIVE,Dummy_03
2,status,6,VILLAGER,ALIVE,Udon
2,status,7,VILLAGER,ALIVE,Dummy_02
2,status,8,VILLAGER,ALIVE,fisherman
2,status,9,VILLAGER,ALIVE,takeda
2,status,10,MEDIUM,ALIVE,GO1DeNO
2,status,11,VILLAGER,ALIVE,wasabi
2,status,12,BODYGUARD,ALIVE,fanfan
2,status,13,WEREWOLF,ALIVE,calups
2,status,14,SEER,ALIVE,sonoda
2,status,15,VILLAGER,ALIVE,cantar
2,talk,0,0,3,Skip
2,talk,1,0,2,DIVINED Agent[13] HUMAN
2,talk,2,0,15,ESTIMATE Agent[08] WEREWOLF
2,talk,3,0,12,VOTE Agent[13]
2,talk,4,0,7,Skip
2,talk,5,0,6,VOTE Agent[10]
2,talk,6,0,9,VOTE Agent[13]
2,talk,7,0,14,DIVINED Agent[13] WEREWOLF
2,talk,8,0,5,Skip
2,talk,9,0,8,VOTE Agent[13]
2,talk,10,0,10,IDENTIFIED Agent[01] WEREWOLF
2,talk,11,0,11,ESTIMATE Agent[06] VILLAGER
2,talk,12,0,13,DIVINED Agent[03] HUMAN
2,talk,13,0,4,VOTE Agent[06]
2,talk,14,1,8,Skip
2,talk,15,1,14,VOTE Agent[13]
2,talk,16,1,3,Skip
2,talk,17,1,9,Skip
2,talk,18,1,11,ESTIMATE Agent[12] VILLAGER
2,talk,19,1,6,VOTE Agent[04]
2,talk,20,1,4,VOTE Agent[13]
2,talk,21,1,12,Skip
2,talk,22,1,2,VOTE Agent[13]
2,talk,23,1,10,VOTE Agent[13]
2,talk,24,1,5,Skip
2,talk,25,1,15,VOTE Agent[08]
2,talk,26,1,7,Skip
2,talk,27,1,13,Skip
2,talk,28,2,12,Skip
2,talk,29,2,6,Over
2,talk,30,2,4,Skip
2,talk,31,2,8,Skip
2,talk,32,2,14,Skip
2,talk,33,2,9,Skip
2,talk,34,2,10,Skip
2,talk,35,2,2,Skip
2,talk,36,2,13,Skip
2,talk,37,2,7,AND (VOTE Agent[09]) (REQUEST ANY (VOTE Agent[09]))
2,talk,38,2,15,Skip
2,talk,39,2,11,ESTIMATE Agent[04] VILLAGER
2,talk,40,2,3,AND (VOTE Agent[15]) (REQUEST ANY (VOTE Agent[15]))
2,talk,41,2,5,AND (VOTE Agent[14]) (REQUEST ANY (VOTE Agent[14]))
2,talk,42,3,11,VOTE Agent[13]
2,talk,43,3,13,Over
2,talk,44,3,2,Skip
2,talk,45,3,9,Over
2,talk,46,3,5,AND (VOTE Agent[09]) (REQUEST ANY (VOTE Agent[09]))
2,talk,47,3,15,Skip
2,talk,48,3,8,Over
2,talk,49,3,3,AND (VOTE Agent[09]) (REQUEST ANY (VOTE Agent[09]))
2,talk,50,3,7,AND (VOTE Agent[15]) (REQUEST ANY (VOTE Agent[15]))
2,talk,51,3,4,Skip
2,talk,52,3,6,VOTE Agent[11]
2,talk,53,3,14,Skip
2,talk,54,3,10,Skip
2,talk,55,3,12,Over
2,talk,56,4,8,Over
2,talk,57,4,11,Skip
2,talk,58,4,3,AND (VOTE Agent[15]) (REQUEST ANY (VOTE Agent[15]))
2,talk,59,4,2,Over
2,talk,60,4,4,Over
2,talk,61,4,5,Skip
2,talk,62,4,14,Over
2,talk,63,4,10,Over
2,talk,64,4,9,Over
2,talk,65,4,15,Over
2,talk,66,4,7,AND (VOTE Agent[09]) (REQUEST ANY (VOTE Agent[09]))
2,talk,67,4,12,Over
2,talk,68,4,6,VOTE Agent[08]
2,talk,69,4,13,Over
2,talk,70,5,12,Over
2,talk,71,5,8,Over
2,talk,72,5,4,Over
2,talk,73,5,7,Skip
2,talk,74,5,2,Over
2,talk,75,5,3,AND (VOTE Agent[09]) (REQUEST ANY (VOTE Agent[09]))
2,talk,76,5,6,Over
2,talk,77,5,13,OR (VOTE Agent[04]) (VOTE Agent[05]) (VOTE Agent[06]) (VOTE Agent[07]) (VOTE Agent[08]) (VOTE Agent[09]) (VOTE Agent[11]) (VOTE Agent[12]) 
2,talk,78,5,11,ESTIMATE Agent[12] VILLAGER
2,talk,79,5,9,Over
2,talk,80,5,15,Over
2,talk,81,5,5,AND (VOTE Agent[15]) (REQUEST ANY (VOTE Agent[15]))
2,talk,82,5,10,Over
2,talk,83,5,14,Over
2,talk,84,6,15,Over
2,talk,85,6,4,Over
2,talk,86,6,6,Over
2,talk,87,6,2,Over
2,talk,88,6,10,Over
2,talk,89,6,12,Over
2,talk,90,6,13,Over
2,talk,91,6,14,Over
2,talk,92,6,7,AND (VOTE Agent[15]) (REQUEST ANY (VOTE Agent[15]))
2,talk,93,6,9,Over
2,talk,94,6,3,AND (VOTE Agent[15]) (REQUEST ANY (VOTE Agent[15]))
2,talk,95,6,5,AND (VOTE Agent[09]) (REQUEST ANY (VOTE Agent[09]))
2,talk,96,6,11,ESTIMATE Agent[13] WEREWOLF
2,talk,97,6,8,Over
2,talk,98,7,10,Over
2,talk,99,7,15,Over
2,talk,100,7,6,Over
2,talk,101,7,3,AND (VOTE Agent[09]) (REQUEST ANY (VOTE Agent[09]))
2,talk,102,7,9,Over
2,talk,103,7,7,AND (VOTE Agent[09]) (REQUEST ANY (VOTE Agent[09]))
2,talk,104,7,8,Over
2,talk,105,7,14,Over
2,talk,106,7,2,Over
2,talk,107,7,4,VOTE Agent[09]
2,talk,108,7,12,Over
2,talk,109,7,5,AND (VOTE Agent[15]) (REQUEST ANY (VOTE Agent[15]))
2,talk,110,7,11,VOTE Agent[10]
2,talk,111,7,13,Over
2,talk,112,8,5,AND (VOTE Agent[09]) (REQUEST ANY (VOTE Agent[09]))
2,talk,113,8,12,Over
2,talk,114,8,2,Over
2,talk,115,8,14,Over
2,talk,116,8,4,Skip
2,talk,117,8,8,Over
2,talk,118,8,7,AND (VOTE Agent[15]) (REQUEST ANY (VOTE Agent[15]))
2,talk,119,8,6,VOTE Agent[11]
2,talk,120,8,15,Over
2,talk,121,8,11,ESTIMATE Agent[04] VILLAGER
2,talk,122,8,13,Over
2,talk,123,8,10,Over
2,talk,124,8,9,Over
2,talk,125,8,3,AND (VOTE Agent[15]) (REQUEST ANY (VOTE Agent[15]))
2,talk,126,9,4,Skip
2,talk,127,9,7,Skip
2,talk,128,9,12,Over
2,talk,129,9,8,Over
2,talk,130,9,13,Over
2,talk,131,9,5,AND (VOTE Agent[15]) (REQUEST ANY (VOTE Agent[15]))
2,talk,132,9,3,Skip
2,talk,133,9,2,Over
2,talk,134,9,10,Over
2,talk,135,9,9,Over
2,talk,136,9,6,Over
2,talk,137,9,11,Over
2,talk,138,9,15,Over
2,talk,139,9,14,Over
2,talk,140,10,13,Over
2,talk,141,10,12,Over
2,talk,142,10,7,Skip
2,talk,143,10,2,Over
2,talk,144,10,8,Over
2,talk,145,10,9,Over
2,talk,146,10,14,Over
2,talk,147,10,10,Over
2,talk,148,10,11,Over
2,talk,149,10,6,Over
2,talk,150,10,4,Over
2,talk,151,10,5,Skip
2,talk,152,10,3,Skip
2,talk,153,10,15,Over
2,talk,154,11,5,Skip
2,talk,155,11,15,Over
2,talk,156,11,13,Over
2,talk,157,11,3,Over
2,talk,158,11,2,Over
2,talk,159,11,14,Over
2,talk,160,11,4,Over
2,talk,161,11,6,Over
2,talk,162,11,12,Over
2,talk,163,11,9,Over
2,talk,164,11,8,Over
2,talk,165,11,7,Over
2,talk,166,11,10,Over
2,talk,167,11,11,Over
2,talk,168,12,13,Over
2,talk,169,12,5,Over
2,talk,170,12,3,Over
2,talk,171,12,14,Over
2,talk,172,12,15,Over
2,talk,173,12,8,Over
2,talk,174,12,6,Over
2,talk,175,12,12,Over
2,talk,176,12,7,Over
2,talk,177,12,2,Over
2,talk,178,12,9,Over
2,talk,179,12,10,Over
2,talk,180,12,4,Over
2,talk,181,12,11,Over
2,vote,2,13
2,vote,3,15
2,vote,4,9
2,vote,5,15
2,vote,6,11
2,vote,7,15
2,vote,8,13
2,vote,9,13
2,vote,10,13
2,vote,11,10
2,vote,12,13
2,vote,13,5
2,vote,14,13
2,vote,15,8
2,execute,13,WEREWOLF
2,divine,14,6,HUMAN
2,guard,12,14,SEER
2,attack,12,true
3,status,1,WEREWOLF,DEAD,kenzi
3,status,2,POSSESSED,ALIVE,hello_wolf
3,status,3,VILLAGER,ALIVE,Dummy_01
3,status,4,WEREWOLF,ALIVE,Tomato
3,status,5,VILLAGER,ALIVE,Dummy_03
3,status,6,VILLAGER,ALIVE,Udon
3,status,7,VILLAGER,ALIVE,Dummy_02
3,status,8,VILLAGER,ALIVE,fisherman
3,status,9,VILLAGER,ALIVE,takeda
3,status,10,MEDIUM,ALIVE,GO1DeNO
3,status,11,VILLAGER,ALIVE,wasabi
3,status,12,BODYGUARD,DEAD,fanfan
3,status,13,WEREWOLF,DEAD,calups
3,status,14,SEER,ALIVE,sonoda
3,status,15,VILLAGER,ALIVE,cantar
3,talk,0,0,3,Skip
3,talk,1,0,5,Skip
3,talk,2,0,2,DIVINED Agent[04] HUMAN
3,talk,3,0,7,Skip
3,talk,4,0,15,ESTIMATE Agent[02] WEREWOLF
3,talk,5,0,6,VOTE Agent[11]
3,talk,6,0,8,VOTE Agent[06]
3,talk,7,0,10,IDENTIFIED Agent[13] WEREWOLF
3,talk,8,0,4,VOTE Agent[10]
3,talk,9,0,9,VOTE Agent[06]
3,talk,10,0,11,ESTIMATE Agent[15] VILLAGER
3,talk,11,0,14,DIVINED Agent[06] HUMAN
3,talk,12,1,4,VOTE Agent[06]
3,talk,13,1,6,Over
3,talk,14,1,2,VOTE Agent[06]
3,talk,15,1,10,VOTE Agent[08]
3,talk,16,1,5,Skip
3,talk,17,1,3,Skip
3,talk,18,1,11,ESTIMATE Agent[05] VILLAGER
3,talk,19,1,8,VOTE Agent[09]
3,talk,20,1,14,VOTE Agent[07]
3,talk,21,1,15,VOTE Agent[02]
3,talk,22,1,7,Skip
3,talk,23,1,9,VOTE Agent[11]
3,talk,24,2,10,Skip
3,talk,25,2,3,AND (VOTE Agent[09]) (REQUEST ANY (VOTE Agent[09]))
3,talk,26,2,15,Skip
3,talk,27,2,11,ESTIMATE Agent[15] VILLAGER
3,talk,28,2,8,VOTE Agent[04]
3,talk,29,2,6,Over
3,talk,30,2,7,AND (VOTE Agent[09]) (REQUEST ANY (VOTE Agent[09]))
3,talk,31,2,9,VOTE Agent[04]
3,talk,32,2,4,Skip
3,talk,33,2,14,Skip
3,talk,34,2,5,AND (VOTE Agent[02]) (REQUEST ANY (VOTE Agent[02]))
3,talk,35,2,2,Skip
3,talk,36,3,7,AND (VOTE Agent[02]) (REQUEST ANY (VOTE Agent[02]))
3,talk,37,3,3,AND (VOTE Agent[02]) (REQUEST ANY (VOTE Agent[02]))
3,talk,38,3,6,Over
3,talk,39,3,2,Skip
3,talk,40,3,15,Skip
3,talk,41,3,4,Skip
3,talk,42,3,8,Skip
3,talk,43,3,11,VOTE Agent[09]
3,talk,44,3,14,Skip
3,talk,45,3,5,AND (VOTE Agent[09]) (REQUEST ANY (VOTE Agent[09]))
3,talk,46,3,10,VOTE Agent[04]
3,talk,47,3,9,Skip
3,talk,48,4,11,ESTIMATE Agent[05] VILLAGER
3,talk,49,4,7,AND (VOTE Agent[09]) (REQUEST ANY (VOTE Agent[09]))
3,talk,50,4,6,Over
3,talk,51,4,3,Skip
3,talk,52,4,14,Over
3,talk,53,4,9,Skip
3,talk,54,4,2,Over
3,talk,55,4,10,Skip
3,talk,56,4,5,AND (VOTE Agent[02]) (REQUEST ANY (VOTE Agent[02]))
3,talk,57,4,4,VOTE Agent[09]
3,talk,58,4,15,Over
3,talk,59,4,8,VOTE Agent[09]
3,talk,60,5,6,Over
3,talk,61,5,7,AND (VOTE Agent[02]) (REQUEST ANY (VOTE Agent[02]))
3,talk,62,5,4,Skip
3,talk,63,5,15,Over
3,talk,64,5,5,AND (VOTE Agent[09]) (REQUEST ANY (VOTE Agent[09]))
3,talk,65,5,10,VOTE Agent[08]
3,talk,66,5,8,Skip
3,talk,67,5,14,Over
3,talk,68,5,9,Over
3,talk,69,5,3,AND (VOTE Agent[09]) (REQUEST ANY (VOTE Agent[09]))
3,talk,70,5,2,Over
3,talk,71,5,11,VOTE Agent[02]
3,talk,72,6,14,Over
3,talk,73,6,15,Over
3,talk,74,6,6,Over
3,talk,75,6,9,Over
3,talk,76,6,4,Skip
3,talk,77,6,8,Skip
3,talk,78,6,3,Skip
3,talk,79,6,2,Over
3,talk,80,6,7,AND (VOTE Agent[09]) (REQUEST ANY (VOTE Agent[09]))
3,talk,81,6,10,VOTE Agent[04]
3,talk,82,6,11,ESTIMATE Agent[02] WEREWOLF
3,talk,83,6,5,AND (VOTE Agent[02]) (REQUEST ANY (VOTE Agent[02]))
3,talk,84,7,3,AND (VOTE Agent[02]) (REQUEST ANY (VOTE Agent[02]))
3,talk,85,7,4,Over
3,talk,86,7,8,Over
3,talk,87,7,6,Over
3,talk,88,7,9,Over
3,talk,89,7,14,Over
3,talk,90,7,7,AND (VOTE Agent[02]) (REQUEST ANY (VOTE Agent[02]))
3,talk,91,7,5,AND (VOTE Agent[09]) (REQUEST ANY (VOTE Agent[09]))
3,talk,92,7,15,Over
3,talk,93,7,11,ESTIMATE Agent[04] VILLAGER
3,talk,94,7,10,Skip
3,talk,95,7,2,Over
3,talk,96,8,9,Over
3,talk,97,8,2,Over
3,talk,98,8,7,Skip
3,talk,99,8,8,Over
3,talk,100,8,3,Skip
3,talk,101,8,11,ESTIMATE Agent[10] WEREWOLF
3,talk,102,8,5,AND (VOTE Agent[02]) (REQUEST ANY (VOTE Agent[02]))
3,talk,103,8,4,Over
3,talk,104,8,14,Over
3,talk,105,8,15,Over
3,talk,106,8,6,Over
3,talk,107,8,10,Skip
3,talk,108,9,7,Skip
3,talk,109,9,9,Over
3,talk,110,9,15,Over
3,talk,111,9,6,Over
3,talk,112,9,14,Over
3,talk,113,9,4,VOTE Agent[02]
3,talk,114,9,5,Skip
3,talk,115,9,3,Skip
3,talk,116,9,8,Over
3,talk,117,9,2,Over
3,talk,118,9,10,Over
3,talk,119,9,11,Over
3,talk,120,10,4,Skip
3,talk,121,10,6,Over
3,talk,122,10,11,Over
3,talk,123,10,5,Skip
3,talk,124,10,7,Over
3,talk,125,10,15,Over
3,talk,126,10,3,Over
3,talk,127,10,2,Over
3,talk,128,10,8,VOTE Agent[04]
3,talk,129,10,9,Over
3,talk,130,10,10,VOTE Agent[08]
3,talk,131,10,14,Over
3,talk,132,11,6,Over
3,talk,133,11,14,Over
3,talk,134,11,4,Skip
3,talk,135,11,2,VOTE Agent[04]
3,talk,136,11,7,Over
3,talk,137,11,9,Over
3,talk,138,11,3,Over
3,talk,139,11,10,VOTE Agent[04]
3,talk,140,11,8,VOTE Agent[09]
3,talk,141,11,15,Over
3,talk,142,11,5,Over
3,talk,143,11,11,Over
3,talk,144,12,15,Over
3,talk,145,12,2,Skip
3,talk,146,12,11,Over
3,talk,147,12,8,VOTE Agent[02]
3,talk,148,12,10,Skip
3,talk,149,12,7,Over
3,talk,150,12,14,Over
3,talk,151,12,5,Over
3,talk,152,12,6,Over
3,talk,153,12,9,Over
3,talk,154,12,3,Over
3,talk,155,12,4,VOTE Agent[09]
3,talk,156,13,14,Over
3,talk,157,13,11,Over
3,talk,158,13,8,Skip
3,talk,159,13,9,Over
3,talk,160,13,2,Skip
3,talk,161,13,7,Over
3,talk,162,13,3,Over
3,talk,163,13,5,Over
3,talk,164,13,6,Over
3,talk,165,13,4,VOTE Agent[02]
3,talk,166,13,10,Skip
3,talk,167,13,15,Over
3,talk,168,14,6,Over
3,talk,169,14,11,Over
3,talk,170,14,4,Skip
3,talk,171,14,8,Skip
3,talk,172,14,15,Over
3,talk,173,14,5,Over
3,talk,174,14,14,Over
3,talk,175,14,2,Over
3,talk,176,14,10,VOTE Agent[08]
3,talk,177,14,7,Over
3,talk,178,14,9,Over
3,talk,179,14,3,Over
3,talk,180,15,6,Over
3,talk,181,15,11,Over
3,talk,182,15,8,Over
3,talk,183,15,9,Over
3,talk,184,15,15,Over
3,talk,185,15,4,Skip
3,talk,186,15,3,Over
3,talk,187,15,14,Over
3,talk,188,15,5,Over
3,talk,189,15,7,Over
3,talk,190,15,10,Skip
3,talk,191,15,2,Over
3,talk,192,16,8,Over
3,talk,193,16,2,Over
3,talk,194,16,15,Over
3,talk,195,16,3,Over
3,talk,196,16,10,Skip
3,talk,197,16,14,Over
3,talk,198,16,7,Over
3,talk,199,16,11,Over
3,talk,200,16,5,Over
3,talk,201,16,6,Over
3,talk,202,16,9,Over
3,talk,203,16,4,Over
3,talk,204,17,5,Over
3,talk,205,17,7,Over
3,talk,206,17,11,Over
3,talk,207,17,9,Over
3,talk,208,17,10,Over
3,talk,209,17,4,Over
3,talk,210,17,2,Over
3,talk,211,17,8,Over
3,talk,212,17,14,Over
3,talk,213,17,6,Over
3,talk,214,17,3,Over
3,talk,215,17,15,Over
3,vote,2,4
3,vote,3,2
3,vote,4,2
3,vote,5,2
3,vote,6,11
3,vote,7,2
3,vote,8,2
3,vote,9,4
3,vote,10,8
3,vote,11,2
3,vote,14,7
3,vote,15,2
3,execute,2,POSSESSED
3,divine,14,7,HUMAN
3,attack,3,true
4,status,1,WEREWOLF,DEAD,kenzi
4,status,2,POSSESSED,DEAD,hello_wolf
4,status,3,VILLAGER,DEAD,Dummy_01
4,status,4,WEREWOLF,ALIVE,Tomato
4,status,5,VILLAGER,ALIVE,Dummy_03
4,status,6,VILLAGER,ALIVE,Udon
4,status,7,VILLAGER,ALIVE,Dummy_02
4,status,8,VILLAGER,ALIVE,fisherman
4,status,9,VILLAGER,ALIVE,takeda
4,status,10,MEDIUM,ALIVE,GO1DeNO
4,status,11,VILLAGER,ALIVE,wasabi
4,status,12,BODYGUARD,DEAD,fanfan
4,status,13,WEREWOLF,DEAD,calups
4,status,14,SEER,ALIVE,sonoda
4,status,15,VILLAGER,ALIVE,cantar
4,talk,0,0,5,Skip
4,talk,1,0,9,VOTE Agent[04]
4,talk,2,0,6,VOTE Agent[11]
4,talk,3,0,14,DIVINED Agent[07] HUMAN
4,talk,4,0,10,IDENTIFIED Agent[02] HUMAN
4,talk,5,0,4,VOTE Agent[07]
4,talk,6,0,11,ESTIMATE Agent[07] WEREWOLF
4,talk,7,0,8,VOTE Agent[09]
4,talk,8,0,15,ESTIMATE Agent[04] WEREWOLF
4,talk,9,0,7,Skip
4,talk,10,1,15,VOTE Agent[04]
4,talk,11,1,11,ESTIMATE Agent[04] VILLAGER
4,talk,12,1,4,VOTE Agent[04]
4,talk,13,1,6,Over
4,talk,14,1,7,Skip
4,talk,15,1,8,Skip
4,talk,16,1,5,Skip
4,talk,17,1,14,VOTE Agent[15]
4,talk,18,1,10,VOTE Agent[08]
4,talk,19,1,9,Skip
4,talk,20,2,14,Skip
4,talk,21,2,8,VOTE Agent[04]
4,talk,22,2,7,AND (VOTE Agent[14]) (REQUEST ANY (VOTE Agent[14]))
4,talk,23,2,4,Skip
4,talk,24,2,9,Skip
4,talk,25,2,15,Skip
4,talk,26,2,10,VOTE Agent[04]
4,talk,27,2,6,Over
4,talk,28,2,11,ESTIMATE Agent[07] VILLAGER
4,talk,29,2,5,AND (VOTE Agent[11]) (REQUEST ANY (VOTE Agent[11]))
4,talk,30,3,4,Skip
4,talk,31,3,10,Skip
4,talk,32,3,5,AND (VOTE Agent[14]) (REQUEST ANY (VOTE Agent[14]))
4,talk,33,3,6,Over
4,talk,34,3,9,Over
4,talk,35,3,14,Skip
4,talk,36,3,7,AND (VOTE Agent[11]) (REQUEST ANY (VOTE Agent[11]))
4,talk,37,3,15,Skip
4,talk,38,3,8,Skip
4,talk,39,3,11,VOTE Agent[10]
4,talk,40,4,11,Skip
4,talk,41,4,9,Over
4,talk,42,4,4,Over
4,talk,43,4,10,Skip
4,talk,44,4,5,AND (VOTE Agent[11]) (REQUEST ANY (VOTE Agent[11]))
4,talk,45,4,7,AND (VOTE Agent[14]) (REQUEST ANY (VOTE Agent[14]))
4,talk,46,4,6,Over
4,talk,47,4,15,Over
4,talk,48,4,8,Skip
4,talk,49,4,14,Over
4,talk,50,5,7,AND (VOTE Agent[11]) (REQUEST ANY (VOTE Agent[11]))
4,talk,51,5,10,Over
4,talk,52,5,4,Over
4,talk,53,5,15,Over
4,talk,54,5,8,Over
4,talk,55,5,14,Over
4,talk,56,5,9,Over
4,talk,57,5,11,ESTIMATE Agent[09] WEREWOLF
4,talk,58,5,5,AND (VOTE Agent[14]) (REQUEST ANY (VOTE Agent[14]))
4,talk,59,5,6,Over
4,talk,60,6,14,Over
4,talk,61,6,4,VOTE Agent[11]
4,talk,62,6,5,AND (VOTE Agent[11]) (REQUEST ANY (VOTE Agent[11]))
4,talk,63,6,9,Over
4,talk,64,6,7,AND (VOTE Agent[14]) (REQUEST ANY (VOTE Agent[14]))
4,talk,65,6,8,Over
4,talk,66,6,11,ESTIMATE Agent[07] VILLAGER
4,talk,67,6,15,Over
4,talk,68,6,10,Over
4,talk,69,6,6,Over
4,talk,70,7,8,Over
4,talk,71,7,14,Over
4,talk,72,7,5,AND (VOTE Agent[14]) (REQUEST ANY (VOTE Agent[14]))
4,talk,73,7,11,ESTIMATE Agent[14] WEREWOLF
4,talk,74,7,10,VOTE Agent[08]
4,talk,75,7,6,Over
4,talk,76,7,7,AND (VOTE Agent[11]) (REQUEST ANY (VOTE Agent[11]))
4,talk,77,7,9,Over
4,talk,78,7,4,Skip
4,talk,79,7,15,Over
4,talk,80,8,5,AND (VOTE Agent[11]) (REQUEST ANY (VOTE Agent[11]))
4,talk,81,8,8,Over
4,talk,82,8,15,Over
4,talk,83,8,6,Over
4,talk,84,8,4,Skip
4,talk,85,8,14,Over
4,talk,86,8,11,ESTIMATE Agent[09] VILLAGER
4,talk,87,8,9,Over
4,talk,88,8,10,Skip
4,talk,89,8,7,AND (VOTE Agent[14]) (REQUEST ANY (VOTE Agent[14]))
4,talk,90,9,15,Over
4,talk,91,9,4,Over
4,talk,92,9,9,Over
4,talk,93,9,5,AND (VOTE Agent[14]) (REQUEST ANY (VOTE Agent[14]))
4,talk,94,9,7,AND (VOTE Agent[11]) (REQUEST ANY (VOTE Agent[11]))
4,talk,95,9,8,Over
4,talk,96,9,10,Skip
4,talk,97,9,14,Over
4,talk,98,9,11,Over
4,talk,99,9,6,Over
4,talk,100,10,14,Over
4,talk,101,10,5,AND (VOTE Agent[11]) (REQUEST ANY (VOTE Agent[11]))
4,talk,102,10,9,Over
4,talk,103,10,8,Over
4,talk,104,10,15,Over
4,talk,105,10,11,Over
4,talk,106,10,10,Over
4,talk,107,10,4,Over
4,talk,108,10,7,AND (VOTE Agent[14]) (REQUEST ANY (VOTE Agent[14]))
4,talk,109,10,6,Over
4,talk,110,11,5,AND (VOTE Agent[14]) (REQUEST ANY (VOTE Agent[14]))
4,talk,111,11,9,Over
4,talk,112,11,10,Over
4,talk,113,11,4,Over
4,talk,114,11,11,Over
4,talk,115,11,14,Over
4,talk,116,11,8,Over
4,talk,117,11,7,AND (VOTE Agent[11]) (REQUEST ANY (VOTE Agent[11]))
4,talk,118,11,15,Over
4,talk,119,11,6,Over
4,talk,120,12,4,Over
4,talk,121,12,5,Over
4,talk,122,12,11,Over
4,talk,123,12,7,Over
4,talk,124,12,9,Over
4,talk,125,12,8,Over
4,talk,126,12,6,Over
4,talk,127,12,10,Over
4,talk,128,12,14,Over
4,talk,129,12,15,Over
4,vote,4,11
4,vote,5,11
4,vote,6,11
4,vote,7,14
4,vote,8,4
4,vote,9,4
4,vote,10,8
4,vote,11,10
4,vote,14,15
4,vote,15,4
4,vote,4,11
4,vote,5,4
4,vote,6,11
4,vote,7,4
4,vote,8,4
4,vote,9,4
4,vote,10,4
4,vote,11,10
4,vote,14,15
4,vote,15,4
4,execute,4,WEREWOLF
4,divine,14,15,HUMAN
5,status,1,WEREWOLF,DEAD,kenzi
5,status,2,POSSESSED,DEAD,hello_wolf
5,status,3,VILLAGER,DEAD,Dummy_01
5,status,4,WEREWOLF,DEAD,Tomato
5,status,5,VILLAGER,ALIVE,Dummy_03
5,status,6,VILLAGER,ALIVE,Udon
5,status,7,VILLAGER,ALIVE,Dummy_02
5,status,8,VILLAGER,ALIVE,fisherman
5,status,9,VILLAGER,ALIVE,takeda
5,status,10,MEDIUM,ALIVE,GO1DeNO
5,status,11,VILLAGER,ALIVE,wasabi
5,status,12,BODYGUARD,DEAD,fanfan
5,status,13,WEREWOLF,DEAD,calups
5,status,14,SEER,ALIVE,sonoda
5,status,15,VILLAGER,ALIVE,cantar
5,result,9,0,VILLAGER
