0,status,1,VILLAGER,ALIVE,kenzi
0,status,2,VILLAGER,ALIVE,hello_wolf
0,status,3,VILLAGER,ALIVE,Dummy_01
0,status,4,VILLAGER,ALIVE,Tomato
0,status,5,VILLAGER,ALIVE,Dummy_03
0,status,6,WEREWOLF,ALIVE,Udon
0,status,7,BODYGUARD,ALIVE,Dummy_02
0,status,8,VILLAGER,ALIVE,fisherman
0,status,9,SEER,ALIVE,takeda
0,status,10,POSSESSED,ALIVE,GO1DeNO
0,status,11,WEREWOLF,ALIVE,wasabi
0,status,12,VILLAGER,ALIVE,fanfan
0,status,13,MEDIUM,ALIVE,calups
0,status,14,WEREWOLF,ALIVE,sonoda
0,status,15,VILLAGER,ALIVE,cantar
0,whisper,0,0,14,Skip
0,whisper,1,0,6,Over
0,whisper,2,0,11,ATTACK Agent[05]
0,whisper,3,1,11,ATTACK Agent[13]
0,whisper,4,1,14,Skip
0,whisper,5,1,6,Over
0,whisper,6,2,6,Over
0,whisper,7,2,11,Over
0,whisper,8,2,14,Over
0,divine,9,10,HUMAN
1,status,1,VILLAGER,ALIVE,kenzi
1,status,2,VILLAGER,ALIVE,hello_wolf
1,status,3,VILLAGER,ALIVE,Dummy_01
1,status,4,VILLAGER,ALIVE,Tomato
1,status,5,VILLAGER,ALIVE,Dummy_03
1,status,6,WEREWOLF,ALIVE,Udon
1,status,7,BODYGUARD,ALIVE,Dummy_02
1,status,8,VILLAGER,ALIVE,fisherman
1,status,9,SEER,ALIVE,takeda
1,status,10,POSSESSED,ALIVE,GO1DeNO
1,status,11,WEREWOLF,ALIVE,wasabi
1,status,12,VILLAGER,ALIVE,fanfan
1,status,13,MEDIUM,ALIVE,calups
1,status,14,WEREWOLF,ALIVE,sonoda
1,status,15,VILLAGER,ALIVE,cantar
1,talk,0,0,10,COMINGOUT Agent[10] SEER
1,talk,1,0,14,VOTE Agent[01]
1,talk,2,0,15,ESTIMATE Agent[01] WEREWOLF
1,talk,3,0,9,COMINGOUT Agent[09] SEER
1,talk,4,0,7,Skip
1,talk,5,0,6,VOTE Agent[07]
1,talk,6,0,12,VOTE Agent[06]
1,talk,7,0,13,COMINGOUT Agent[13] MEDIUM
1,talk,8,0,8,VOTE Agent[06]
1,talk,9,0,1,Skip
1,talk,10,0,3,Skip
1,talk,11,0,2,VOTE Agent[13]
1,talk,12,0,11,Skip
1,talk,13,0,5,Skip
1,talk,14,0,4,VOTE Agent[01]
1,talk,15,1,8,Skip
1,talk,16,1,1,VOTED Agent[14]
1,talk,17,1,10,DIVINED Agent[07] WEREWOLF
1,talk,18,1,14,Skip
1,talk,19,1,15,VOTE Agent[01]
1,talk,20,1,12,Skip
1,talk,21,1,9,DIVINED Agent[10] HUMAN
1,talk,22,1,3,Skip
1,talk,23,1,13,Skip
1,talk,24,1,2,VOTE Agent[08]
1,talk,25,1,4,VOTE Agent[06]
1,talk,26,1,11,Skip
1,talk,27,1,6,VOTE Agent[12]
1,talk,28,1,5,Skip
1,talk,29,1,7,Skip
1,talk,30,2,10,VOTE Agent[07]
1,talk,31,2,1,GUARDED Agent[03]
1,talk,32,2,9,VOTE Agent[08]
1,talk,33,2,13,Skip
1,talk,34,2,6,VOTE Agent[07]
1,talk,35,2,3,AND (VOTE Agent[05]) (REQUEST ANY (VOTE Agent[05]))
1,talk,36,2,15,Skip
1,talk,37,2,7,BECAUSE (AND (COMINGOUT Agent[07] VILLAGER) (DAY 1 (Agent[10] DIVINED Agent[07] WEREWOLF))) (XOR (ESTIMATE Agent[10] WEREWOLF) (ESTIMATE Agent[10] POSSESSED))
1,talk,38,2,12,Skip
1,talk,39,2,8,VOTE Agent[07]
1,talk,40,2,14,VOTE Agent[07]
1,talk,41,2,5,AND (VOTE Agent[01]) (REQUEST ANY (VOTE Agent[01]))
1,talk,42,2,4,VOTE Agent[01]
1,talk,43,2,11,Over
1,talk,44,2,2,VOTE Agent[07]
1,talk,45,3,3,AND (VOTE Agent[01]) (REQUEST ANY (VOTE Agent[01]))
1,talk,46,3,7,BECAUSE (XOR (ESTIMATE Agent[10] WEREWOLF) (ESTIMATE Agent[10] POSSESSED)) (AND (VOTE Agent[10]) (REQUEST ANY (VOTE Agent[10])))
1,talk,47,3,8,Skip
1,talk,48,3,6,Over
1,talk,49,3,15,Skip
1,talk,50,3,2,Skip
1,talk,51,3,5,AND (VOTE Agent[05]) (REQUEST ANY (VOTE Agent[05]))
1,talk,52,3,14,Skip
1,talk,53,3,4,VOTE Agent[07]
1,talk,54,3,10,Skip
1,talk,55,3,9,VOTE Agent[12]
1,talk,56,3,1,Skip
1,talk,57,3,13,Over
1,talk,58,3,11,VOTE Agent[07]
1,talk,59,3,12,VOTE Agent[07]
1,talk,60,4,14,Skip
1,talk,61,4,9,VOTE Agent[12]
1,talk,62,4,11,Skip
1,talk,63,4,3,AND (VOTE Agent[10]) (REQUEST ANY (VOTE Agent[10]))
1,talk,64,4,15,Over
1,talk,65,4,6,Over
1,talk,66,4,5,AND (VOTE Agent[01]) (REQUEST ANY (VOTE Agent[01]))
1,talk,67,4,12,Skip
1,talk,68,4,4,Skip
1,talk,69,4,1,VOTED Agent[11]
1,talk,70,4,7,Skip
1,talk,71,4,10,Skip
1,talk,72,4,13,Over
1,talk,73,4,8,Skip
1,talk,74,4,2,Skip
1,talk,75,5,2,Over
1,talk,76,5,13,OR (VOTE Agent[01]) (VOTE Agent[02]) (VOTE Agent[03]) (VOTE Agent[04]) (VOTE Agent[05]) (VOTE Agent[06]) (VOTE Agent[08]) (VOTE Agent[11]) (VOTE Agent[12]) (VOTE Agent[14]) 
1,talk,77,5,7,Skip
1,talk,78,5,8,Over
1,talk,79,5,15,Over
1,talk,80,5,9,VOTE Agent[12]
1,talk,81,5,6,Over
1,talk,82,5,11,ESTIMATE Agent[10] WEREWOLF
1,talk,83,5,10,Over
1,talk,84,5,12,Skip
1,talk,85,5,14,Over
1,talk,86,5,3,Skip
1,talk,87,5,5,AND (VOTE Agent[10]) (REQUEST ANY (VOTE Agent[10]))
1,talk,88,5,4,Skip
1,talk,89,5,1,VOTED Agent[09]
1,talk,90,6,2,Over
1,talk,91,6,9,VOTE Agent[12]
1,talk,92,6,3,Skip
1,talk,93,6,11,ESTIMATE Agent[09] WEREWOLF
1,talk,94,6,8,Over
1,talk,95,6,13,Over
1,talk,96,6,14,Over
1,talk,97,6,6,Over
1,talk,98,6,12,Over
1,talk,99,6,4,Over
1,talk,100,6,7,Over
1,talk,101,6,10,Over
1,talk,102,6,15,Over
1,talk,103,6,1,GUARD Agent[08]
1,talk,104,6,5,Skip
1,talk,105,7,2,Over
1,talk,106,7,7,Over
1,talk,107,7,12,Over
1,talk,108,7,11,ESTIMATE Agent[13] MEDIUM
1,talk,109,7,3,Over
1,talk,110,7,8,Over
1,talk,111,7,6,Over
1,talk,112,7,13,Over
1,talk,113,7,10,Over
1,talk,114,7,14,Over
1,talk,115,7,5,Skip
1,talk,116,7,9,VOTE Agent[12]
1,talk,117,7,1,Agent[07] DIVINED Agent[04] HUMAN
1,talk,118,7,4,Over
1,talk,119,7,15,Over
1,talk,120,8,14,Over
1,talk,121,8,9,VOTE Agent[12]
1,talk,122,8,1,Skip
1,talk,123,8,12,Over
1,talk,124,8,3,Over
1,talk,125,8,7,Over
1,talk,126,8,13,Over
1,talk,127,8,5,Over
1,talk,128,8,10,Over
1,talk,129,8,2,Over
1,talk,130,8,15,Over
1,talk,131,8,4,Over
1,talk,132,8,8,Over
1,talk,133,8,11,Skip
1,talk,134,8,6,Over
1,talk,135,9,10,Over
1,talk,136,9,8,Over
1,talk,137,9,9,VOTE Agent[12]
1,talk,138,9,6,Over
1,talk,139,9,11,Over
1,talk,140,9,7,Over
1,talk,141,9,2,Over
1,talk,142,9,15,Over
1,talk,143,9,4,Over
1,talk,144,9,1,COMINGOUT Agent[08] POSSESSED
1,talk,145,9,5,Over
1,talk,146,9,3,Over
1,talk,147,9,12,Over
1,talk,148,9,13,Over
1,talk,149,9,14,Over
1,talk,150,10,8,Over
1,talk,151,10,9,Over
1,talk,152,10,5,Over
1,talk,153,10,3,Over
1,talk,154,10,2,Over
1,talk,155,10,12,Over
1,talk,156,10,1,ESTIMATE Agent[13] VILLAGER
1,talk,157,10,6,Over
1,talk,158,10,10,Over
1,talk,159,10,7,Over
1,talk,160,10,14,Over
1,talk,161,10,4,VOTE Agent[12]
1,talk,162,10,15,Over
1,talk,163,10,11,Over
1,talk,164,10,13,Over
1,talk,165,11,2,Over
1,talk,166,11,6,Over
1,talk,167,11,14,Over
1,talk,168,11,13,Over
1,talk,169,11,4,Skip
1,talk,170,11,7,Over
1,talk,171,11,5,Over
1,talk,172,11,3,Over
1,talk,173,11,11,Over
1,talk,174,11,8,Over
1,talk,175,11,1,GUARDED Agent[13]
1,talk,176,11,10,Over
1,talk,177,11,12,Over
1,talk,178,11,15,Over
1,talk,179,11,9,Over
1,talk,180,12,5,Over
1,talk,181,12,15,Over
1,talk,182,12,6,Over
1,talk,183,12,4,Skip
1,talk,184,12,3,Over
1,talk,185,12,9,Over
1,talk,186,12,14,Over
1,talk,187,12,13,Over
1,talk,188,12,11,Over
1,talk,189,12,2,Over
1,talk,190,12,10,Over
1,talk,191,12,7,Over
1,talk,192,12,12,Over
1,talk,193,12,8,Over
1,talk,194,12,1,DISAGREE TALK day1 ID:7
1,talk,195,13,6,Over
1,talk,196,13,15,Over
1,talk,197,13,8,Over
1,talk,198,13,9,Over
1,talk,199,13,10,Over
1,talk,200,13,3,Over
1,talk,201,13,14,Over
1,talk,202,13,11,Over
1,talk,203,13,12,Over
1,talk,204,13,13,Over
1,talk,205,13,1,Over
1,talk,206,13,2,Over
1,talk,207,13,4,Over
1,talk,208,13,5,Over
1,talk,209,13,7,Over
1,vote,1,15
1,vote,2,7
1,vote,3,10
1,vote,4,12
1,vote,5,10
1,vote,6,7
1,vote,7,10
1,vote,8,7
1,vote,9,12
1,vote,10,7
1,vote,11,7
1,vote,12,7
1,vote,13,1
1,vote,14,7
1,vote,15,1
1,execute,7,BODYGUARD
1,divine,9,12,HUMAN
1,whisper,0,0,11,Over
1,whisper,1,0,6,Over
1,whisper,2,0,14,Skip
1,whisper,3,1,11,Over
1,whisper,4,1,14,Skip
1,whisper,5,1,6,Over
1,whisper,6,2,11,ATTACK Agent[13]
1,whisper,7,2,14,Over
1,whisper,8,2,6,Over
1,whisper,9,3,11,Over
1,whisper,10,3,14,Over
1,whisper,11,3,6,Over
1,attackVote,6,10
1,attackVote,11,13
1,attackVote,14,13
1,attack,13,true
2,status,1,VILLAGER,ALIVE,kenzi
2,status,2,VILLAGER,ALIVE,hello_wolf
2,status,3,VILLAGER,ALIVE,Dummy_01
2,status,4,VILLAGER,ALIVE,Tomato
2,status,5,VILLAGER,ALIVE,Dummy_03
2,status,6,WEREWOLF,ALIVE,Udon
2,status,7,BODYGUARD,DEAD,Dummy_02
2,status,8,VILLAGER,ALIVE,fisherman
2,status,9,SEER,ALIVE,takeda
2,status,10,POSSESSED,ALIVE,GO1DeNO
2,status,11,WEREWOLF,ALIVE,wasabi
2,status,12,VILLAGER,ALIVE,fanfan
2,status,13,MEDIUM,DEAD,calups
2,status,14,WEREWOLF,ALIVE,sonoda
2,status,15,VILLAGER,ALIVE,cantar
2,talk,0,0,6,VOTE Agent[12]
2,talk,1,0,3,Skip
2,talk,2,0,10,DIVINED Agent[09] WEREWOLF
2,talk,3,0,8,VOTE Agent[14]
2,talk,4,0,1,DIVINATION Agent[08]
2,talk,5,0,2,VOTE Agent[04]
2,talk,6,0,4,VOTE Agent[15]
2,talk,7,0,14,VOTE Agent[04]
2,talk,8,0,11,Skip
2,talk,9,0,15,ESTIMATE Agent[01] WEREWOLF
2,talk,10,0,12,VOTE Agent[14]
2,talk,11,0,5,Skip
2,talk,12,0,9,DIVINED Agent[12] HUMAN
2,talk,13,1,12,Skip
2,talk,14,1,6,VOTE Agent[09]
2,talk,15,1,1,Skip
2,talk,16,1,14,Skip
2,talk,17,1,10,VOTE Agent[09]
2,talk,18,1,5,Skip
2,talk,19,1,11,Skip
2,talk,20,1,8,Skip
2,talk,21,1,3,Skip
2,talk,22,1,4,VOTE Agent[04]
2,talk,23,1,2,VOTE Agent[14]
2,talk,24,1,15,VOTE Agent[01]
2,talk,25,1,9,VOTE Agent[01]
2,talk,26,2,12,VOTE Agent[01]
2,talk,27,2,9,VOTE Agent[01]
2,talk,28,2,14,Skip
2,talk,29,2,11,ESTIMATE Agent[01] WEREWOLF
2,talk,30,2,4,VOTE Agent[14]
2,talk,31,2,1,Skip
2,talk,32,2,2,Skip
2,talk,33,2,6,Over
2,talk,34,2,10,VOTE Agent[14]
2,talk,35,2,15,Skip
2,talk,36,2,5,AND (VOTE Agent[03]) (REQUEST ANY (VOTE Agent[03]))
2,talk,37,2,8,Skip
2,talk,38,2,3,AND (VOTE Agent[05]) (REQUEST ANY (VOTE Agent[05]))
2,talk,39,3,12,VOTE Agent[14]
2,talk,40,3,15,Skip
2,talk,41,3,1,GUARDED Agent[03]
2,talk,42,3,10,Skip
2,talk,43,3,4,VOTE Agent[01]
2,talk,44,3,2,Skip
2,talk,45,3,8,Over
2,talk,46,3,5,AND (VOTE Agent[05]) (REQUEST ANY (VOTE Agent[05]))
2,talk,47,3,6,Over
2,talk,48,3,14,Over
2,talk,49,3,3,AND (VOTE Agent[03]) (REQUEST ANY (VOTE Agent[03]))
2,talk,50,3,9,VOTE Agent[01]
2,talk,51,3,11,VOTE Agent[01]
2,talk,52,4,1,Skip
2,talk,53,4,6,VOTE Agent[01]
2,talk,54,4,5,AND (VOTE Agent[03]) (REQUEST ANY (VOTE Agent[03]))
2,talk,55,4,9,VOTE Agent[01]
2,talk,56,4,10,VOTE Agent[01]
2,talk,57,4,8,Over
2,talk,58,4,11,ESTIMATE Agent[01] WEREWOLF
2,talk,59,4,12,VOTE Agent[01]
2,talk,60,4,3,AND (VOTE Agent[05]) (REQUEST ANY (VOTE Agent[05]))
2,talk,61,4,15,Over
2,talk,62,4,4,Skip
2,talk,63,4,2,Over
2,talk,64,4,14,Over
2,talk,65,5,5,AND (VOTE Agent[05]) (REQUEST ANY (VOTE Agent[05]))
2,talk,66,5,12,Skip
2,talk,67,5,4,Skip
2,talk,68,5,9,VOTE Agent[01]
2,talk,69,5,11,ESTIMATE Agent[05] WEREWOLF
2,talk,70,5,1,GUARD Agent[12]
2,talk,71,5,2,VOTE Agent[01]
2,talk,72,5,3,AND (VOTE Agent[03]) (REQUEST ANY (VOTE Agent[03]))
2,talk,73,5,6,Over
2,talk,74,5,15,Over
2,talk,75,5,8,Over
2,talk,76,5,14,Over
2,talk,77,5,10,Skip
2,talk,78,6,8,Over
2,talk,79,6,15,Over
2,talk,80,6,5,AND (VOTE Agent[03]) (REQUEST ANY (VOTE Agent[03]))
2,talk,81,6,2,Skip
2,talk,82,6,4,Over
2,talk,83,6,12,Skip
2,talk,84,6,11,ESTIMATE Agent[09] WEREWOLF
2,talk,85,6,3,AND (VOTE Agent[05]) (REQUEST ANY (VOTE Agent[05]))
2,talk,86,6,1,GUARD Agent[05]
2,talk,87,6,6,Over
2,talk,88,6,10,Skip
2,talk,89,6,14,Over
2,talk,90,6,9,VOTE Agent[01]
2,talk,91,7,1,Skip
2,talk,92,7,10,Over
2,talk,93,7,14,Over
2,talk,94,7,11,Skip
2,talk,95,7,8,Over
2,talk,96,7,3,AND (VOTE Agent[03]) (REQUEST ANY (VOTE Agent[03]))
2,talk,97,7,4,Over
2,talk,98,7,9,VOTE Agent[01]
2,talk,99,7,15,Over
2,talk,100,7,5,AND (VOTE Agent[05]) (REQUEST ANY (VOTE Agent[05]))
2,talk,101,7,6,Over
2,talk,102,7,12,Over
2,talk,103,7,2,Skip
2,talk,104,8,8,Over
2,talk,105,8,2,Over
2,talk,106,8,3,AND (VOTE Agent[05]) (REQUEST ANY (VOTE Agent[05]))
2,talk,107,8,12,Over
2,talk,108,8,10,Over
2,talk,109,8,9,VOTE Agent[01]
2,talk,110,8,4,Over
2,talk,111,8,14,Over
2,talk,112,8,6,Over
2,talk,113,8,5,AND (VOTE Agent[03]) (REQUEST ANY (VOTE Agent[03]))
2,talk,114,8,11,Skip
2,talk,115,8,1,DISAGREE TALK day2 ID:90
2,talk,116,8,15,Over
2,talk,117,9,14,Over
2,talk,118,9,2,Over
2,talk,119,9,1,Skip
2,talk,120,9,6,Over
2,talk,121,9,8,Over
2,talk,122,9,12,Over
2,talk,123,9,15,Over
2,talk,124,9,4,Over
2,talk,125,9,3,AND (VOTE Agent[03]) (REQUEST ANY (VOTE Agent[03]))
2,talk,126,9,10,Over
2,talk,127,9,9,VOTE Agent[01]
2,talk,128,9,11,Over
2,talk,129,9,5,AND (VOTE Agent[05]) (REQUEST ANY (VOTE Agent[05]))
2,talk,130,10,12,Over
2,talk,131,10,2,Over
2,talk,132,10,6,Over
2,talk,133,10,15,Over
2,talk,134,10,3,AND (VOTE Agent[05]) (REQUEST ANY (VOTE Agent[05]))
2,talk,135,10,8,Over
2,talk,136,10,11,Over
2,talk,137,10,14,Over
2,talk,138,10,9,Over
2,talk,139,10,1,COMINGOUT Agent[15] FOX
2,talk,140,10,10,Over
2,talk,141,10,5,AND (VOTE Agent[03]) (REQUEST ANY (VOTE Agent[03]))
2,talk,142,10,4,Over
2,talk,143,11,3,AND (VOTE Agent[03]) (REQUEST ANY (VOTE Agent[03]))
2,talk,144,11,12,VOTE Agent[02]
2,talk,145,11,5,AND (VOTE Agent[05]) (REQUEST ANY (VOTE Agent[05]))
2,talk,146,11,14,Over
2,talk,147,11,2,VOTE Agent[14]
2,talk,148,11,1,ATTACKED Agent[10]
2,talk,149,11,15,Over
2,talk,150,11,8,Over
2,talk,151,11,6,Over
2,talk,152,11,10,Over
2,talk,153,11,4,Over
2,talk,154,11,9,Over
2,talk,155,11,11,Over
2,talk,156,12,1,VOTED Agent[14]
2,talk,157,12,6,Over
2,talk,158,12,12,Skip
2,talk,159,12,3,Over
2,talk,160,12,2,Skip
2,talk,161,12,11,Over
2,talk,162,12,14,Over
2,talk,163,12,5,Over
2,talk,164,12,4,Over
2,talk,165,12,8,Over
2,talk,166,12,15,Over
2,talk,167,12,9,Over
2,talk,168,12,10,Over
2,talk,169,13,11,Over
2,talk,170,13,5,Over
2,talk,171,13,1,AGREE TALK day2 ID:86
2,talk,172,13,9,Over
2,talk,173,13,15,Over
2,talk,174,13,12,Skip
2,talk,175,13,8,Over
2,talk,176,13,2,Skip
2,talk,177,13,4,Over
2,talk,178,13,3,Over
2,talk,179,13,6,Over
2,talk,180,13,10,Over
2,talk,181,13,14,Over
2,talk,182,14,8,Over
2,talk,183,14,3,Over
2,talk,184,14,6,Over
2,talk,185,14,5,Over
2,talk,186,14,9,Over
2,talk,187,14,14,Over
2,talk,188,14,11,Over
2,talk,189,14,10,Over
2,talk,190,14,12,Over
2,talk,191,14,4,Over
2,talk,192,14,15,Over
2,talk,193,14,2,Over
2,talk,194,14,1,GUARDED Agent[03]
2,talk,195,15,9,Over
2,talk,196,15,3,Over
2,talk,197,15,11,Over
2,talk,198,15,15,Over
2,talk,199,15,8,Over
2,talk,200,15,4,Over
2,talk,201,15,5,Over
2,talk,202,15,14,Over
2,talk,203,15,10,Over
2,talk,204,15,12,Over
2,talk,205,15,1,Over
2,talk,206,15,6,Over
2,talk,207,15,2,Over
2,vote,1,10
2,vote,2,14
2,vote,3,5
2,vote,4,1
2,vote,5,3
2,vote,6,1
2,vote,8,14
2,vote,9,1
2,vote,10,1
2,vote,11,1
2,vote,12,2
2,vote,14,4
2,vote,15,1
2,execute,1,VILLAGER
2,divine,9,14,WEREWOLF
2,whisper,0,0,6,Over
2,whisper,1,0,11,Over
2,whisper,2,0,14,Skip
2,whisper,3,1,6,Over
2,whisper,4,1,14,Skip
2,whisper,5,1,11,Over
2,whisper,6,2,14,Over
2,whisper,7,2,6,Over
2,whisper,8,2,11,Over
2,attackVote,6,10
2,attackVote,11,12
2,attackVote,14,12
2,attack,12,true
3,status,1,VILLAGER,DEAD,kenzi
3,status,2,VILLAGER,ALIVE,hello_wolf
3,status,3,VILLAGER,ALIVE,Dummy_01
3,status,4,VILLAGER,ALIVE,Tomato
3,status,5,VILLAGER,ALIVE,Dummy_03
3,status,6,WEREWOLF,ALIVE,Udon
3,status,7,BODYGUARD,DEAD,Dummy_02
3,status,8,VILLAGER,ALIVE,fisherman
3,status,9,SEER,ALIVE,takeda
3,status,10,POSSESSED,ALIVE,GO1DeNO
3,status,11,WEREWOLF,ALIVE,wasabi
3,status,12,VILLAGER,DEAD,fanfan
3,status,13,MEDIUM,DEAD,calups
3,status,14,WEREWOLF,ALIVE,sonoda
3,status,15,VILLAGER,ALIVE,cantar
3,talk,0,0,10,DIVINED Agent[14] WEREWOLF
3,talk,1,0,5,Skip
3,talk,2,0,8,VOTE Agent[14]
3,talk,3,0,14,VOTE Agent[04]
3,talk,4,0,2,VOTE Agent[14]
3,talk,5,0,9,DIVINED Agent[14] WEREWOLF
3,talk,6,0,4,VOTE Agent[15]
3,talk,7,0,6,VOTE Agent[09]
3,talk,8,0,3,Skip
3,talk,9,0,15,ESTIMATE Agent[09] WEREWOLF
3,talk,10,0,11,Skip
3,talk,11,1,5,Skip
3,talk,12,1,11,ESTIMATE Agent[09] WEREWOLF
3,talk,13,1,15,VOTE Agent[09]
3,talk,14,1,4,VOTE Agent[14]
3,talk,15,1,9,VOTE Agent[14]
3,talk,16,1,6,VOTE Agent[08]
3,talk,17,1,3,Skip
3,talk,18,1,2,Skip
3,talk,19,1,10,VOTE Agent[14]
3,talk,20,1,8,Skip
3,talk,21,1,14,Skip
3,talk,22,2,2,Skip
3,talk,23,2,4,Skip
3,talk,24,2,14,Skip
3,talk,25,2,3,AND (VOTE Agent[10]) (REQUEST ANY (VOTE Agent[10]))
3,talk,26,2,8,Skip
3,talk,27,2,10,Skip
3,talk,28,2,15,Skip
3,talk,29,2,5,AND (VOTE Agent[11]) (REQUEST ANY (VOTE Agent[11]))
3,talk,30,2,9,VOTE Agent[14]
3,talk,31,2,11,Skip
3,talk,32,2,6,Over
3,talk,33,3,10,Skip
3,talk,34,3,3,AND (VOTE Agent[11]) (REQUEST ANY (VOTE Agent[11]))
3,talk,35,3,8,Over
3,talk,36,3,5,AND (VOTE Agent[10]) (REQUEST ANY (VOTE Agent[10]))
3,talk,37,3,4,Skip
3,talk,38,3,2,Over
3,talk,39,3,6,Over
3,talk,40,3,9,VOTE Agent[14]
3,talk,41,3,14,Over
3,talk,42,3,11,VOTE Agent[14]
3,talk,43,3,15,Skip
3,talk,44,4,5,AND (VOTE Agent[11]) (REQUEST ANY (VOTE Agent[11]))
3,talk,45,4,15,Over
3,talk,46,4,6,Over
3,talk,47,4,2,Over
3,talk,48,4,8,Over
3,talk,49,4,11,Skip
3,talk,50,4,4,Over
3,talk,51,4,9,VOTE Agent[14]
3,talk,52,4,10,Over
3,talk,53,4,3,AND (VOTE Agent[10]) (REQUEST ANY (VOTE Agent[10]))
3,talk,54,4,14,Over
3,talk,55,5,14,Over
3,talk,56,5,2,Over
3,talk,57,5,8,Over
3,talk,58,5,15,Over
3,talk,59,5,9,VOTE Agent[14]
3,talk,60,5,11,Skip
3,talk,61,5,5,AND (VOTE Agent[10]) (REQUEST ANY (VOTE Agent[10]))
3,talk,62,5,10,Over
3,talk,63,5,3,AND (VOTE Agent[11]) (REQUEST ANY (VOTE Agent[11]))
3,talk,64,5,4,Over
3,talk,65,5,6,VOTE Agent[14]
3,talk,66,6,11,ESTIMATE Agent[09] WEREWOLF
3,talk,67,6,2,Over
3,talk,68,6,3,AND (VOTE Agent[10]) (REQUEST ANY (VOTE Agent[10]))
3,talk,69,6,14,Over
3,talk,70,6,9,VOTE Agent[14]
3,talk,71,6,15,Over
3,talk,72,6,8,Over
3,talk,73,6,5,AND (VOTE Agent[11]) (REQUEST ANY (VOTE Agent[11]))
3,talk,74,6,4,Over
3,talk,75,6,10,Over
3,talk,76,6,6,Over
3,talk,77,7,3,AND (VOTE Agent[11]) (REQUEST ANY (VOTE Agent[11]))
3,talk,78,7,15,Over
3,talk,79,7,11,Skip
3,talk,80,7,8,Over
3,talk,81,7,4,Over
3,talk,82,7,10,Over
3,talk,83,7,9,VOTE Agent[14]
3,talk,84,7,2,Over
3,talk,85,7,14,Over
3,talk,86,7,6,Over
3,talk,87,7,5,AND (VOTE Agent[10]) (REQUEST ANY (VOTE Agent[10]))
3,talk,88,8,10,Over
3,talk,89,8,6,Over
3,talk,90,8,2,Over
3,talk,91,8,3,AND (VOTE Agent[10]) (REQUEST ANY (VOTE Agent[10]))
3,talk,92,8,15,Over
3,talk,93,8,14,Over
3,talk,94,8,8,Over
3,talk,95,8,11,ESTIMATE Agent[14] WEREWOLF
3,talk,96,8,5,AND (VOTE Agent[11]) (REQUEST ANY (VOTE Agent[11]))
3,talk,97,8,9,VOTE Agent[14]
3,talk,98,8,4,Over
3,talk,99,9,2,Over
3,talk,100,9,15,Over
3,talk,101,9,14,Over
3,talk,102,9,3,AND (VOTE Agent[11]) (REQUEST ANY (VOTE Agent[11]))
3,talk,103,9,5,AND (VOTE Agent[10]) (REQUEST ANY (VOTE Agent[10]))
3,talk,104,9,10,Over
3,talk,105,9,8,Over
3,talk,106,9,11,Over
3,talk,107,9,6,Over
3,talk,108,9,4,Over
3,talk,109,9,9,VOTE Agent[14]
3,talk,110,10,4,Over
3,talk,111,10,5,AND (VOTE Agent[11]) (REQUEST ANY (VOTE Agent[11]))
3,talk,112,10,15,Over
3,talk,113,10,8,Over
3,talk,114,10,3,AND (VOTE Agent[10]) (REQUEST ANY (VOTE Agent[10]))
3,talk,115,10,10,Over
3,talk,116,10,9,Over
3,talk,117,10,14,Over
3,talk,118,10,11,Over
3,talk,119,10,2,Over
3,talk,120,10,6,Over
3,talk,121,11,10,Over
3,talk,122,11,9,Over
3,talk,123,11,15,Over
3,talk,124,11,3,AND (VOTE Agent[11]) (REQUEST ANY (VOTE Agent[11]))
3,talk,125,11,14,Over
3,talk,126,11,4,Over
3,talk,127,11,2,Over
3,talk,128,11,5,AND (VOTE Agent[10]) (REQUEST ANY (VOTE Agent[10]))
3,talk,129,11,11,Over
3,talk,130,11,6,Over
3,talk,131,11,8,Over
3,talk,132,12,11,Over
3,talk,133,12,4,Over
3,talk,134,12,9,Over
3,talk,135,12,8,Over
3,talk,136,12,2,Over
3,talk,137,12,3,Over
3,talk,138,12,15,Over
3,talk,139,12,6,Over
3,talk,140,12,10,Over
3,talk,141,12,5,Over
3,talk,142,12,14,Over
3,vote,2,14
3,vote,3,10
3,vote,4,14
3,vote,5,11
3,vote,6,14
3,vote,8,14
3,vote,9,14
3,vote,10,14
3,vote,11,14
3,vote,14,4
3,vote,15,9
3,execute,14,WEREWOLF
3,divine,9,8,HUMAN
3,whisper,0,0,11,Over
3,whisper,1,0,6,Over
3,attackVote,6,10
3,attackVote,11,8
3,attackVote,6,10
3,attackVote,11,8
3,attack,8,true
4,status,1,VILLAGER,DEAD,kenzi
4,status,2,VILLAGER,ALIVE,hello_wolf
4,status,3,VILLAGER,ALIVE,Dummy_01
4,status,4,VILLAGER,ALIVE,Tomato
4,status,5,VILLAGER,ALIVE,Dummy_03
4,status,6,WEREWOLF,ALIVE,Udon
4,status,7,BODYGUARD,DEAD,Dummy_02
4,status,8,VILLAGER,DEAD,fisherman
4,status,9,SEER,ALIVE,takeda
4,status,10,POSSESSED,ALIVE,GO1DeNO
4,status,11,WEREWOLF,ALIVE,wasabi
4,status,12,VILLAGER,DEAD,fanfan
4,status,13,MEDIUM,DEAD,calups
4,status,14,WEREWOLF,DEAD,sonoda
4,status,15,VILLAGER,ALIVE,cantar
4,talk,0,0,15,ESTIMATE Agent[09] WEREWOLF
4,talk,1,0,11,ESTIMATE Agent[10] WEREWOLF
4,talk,2,0,3,Skip
4,talk,3,0,6,VOTE Agent[02]
4,talk,4,0,9,DIVINED Agent[08] HUMAN
4,talk,5,0,5,Skip
4,talk,6,0,4,VOTE Agent[02]
4,talk,7,0,10,VOTE Agent[09]
4,talk,8,0,2,VOTE Agent[04]
4,talk,9,1,2,Skip
4,talk,10,1,9,VOTE Agent[05]
4,talk,11,1,15,VOTE Agent[09]
4,talk,12,1,6,Over
4,talk,13,1,10,Skip
4,talk,14,1,11,Skip
4,talk,15,1,5,Skip
4,talk,16,1,3,Skip
4,talk,17,1,4,Skip
4,talk,18,2,6,Over
4,talk,19,2,15,Skip
4,talk,20,2,5,AND (VOTE Agent[06]) (REQUEST ANY (VOTE Agent[06]))
4,talk,21,2,9,VOTE Agent[06]
4,talk,22,2,4,VOTE Agent[09]
4,talk,23,2,11,Skip
4,talk,24,2,3,AND (VOTE Agent[06]) (REQUEST ANY (VOTE Agent[06]))
4,talk,25,2,2,Skip
4,talk,26,2,10,Skip
4,talk,27,3,2,Over
4,talk,28,3,9,VOTE Agent[06]
4,talk,29,3,5,Skip
4,talk,30,3,6,Over
4,talk,31,3,4,VOTE Agent[06]
4,talk,32,3,15,Skip
4,talk,33,3,10,Over
4,talk,34,3,3,Skip
4,talk,35,3,11,VOTE Agent[04]
4,talk,36,4,11,VOTE Agent[06]
4,talk,37,4,3,Skip
4,talk,38,4,10,Over
4,talk,39,4,15,Over
4,talk,40,4,5,Skip
4,talk,41,4,6,VOTE Agent[10]
4,talk,42,4,4,Skip
4,talk,43,4,2,Over
4,talk,44,4,9,VOTE Agent[06]
4,talk,45,5,5,Over
4,talk,46,5,11,Skip
4,talk,47,5,9,VOTE Agent[06]
4,talk,48,5,2,VOTE Agent[06]
4,talk,49,5,4,Skip
4,talk,50,5,10,Over
4,talk,51,5,3,Over
4,talk,52,5,15,Over
4,talk,53,5,6,VOTE Agent[04]
4,talk,54,6,9,VOTE Agent[06]
4,talk,55,6,4,Over
4,talk,56,6,5,Over
4,talk,57,6,3,Over
4,talk,58,6,11,ESTIMATE Agent[05] VILLAGER
4,talk,59,6,10,Over
4,talk,60,6,6,VOTE Agent[10]
4,talk,61,6,15,Over
4,talk,62,6,2,Skip
4,talk,63,7,15,Over
4,talk,64,7,11,ESTIMATE Agent[10] WEREWOLF
4,talk,65,7,5,Over
4,talk,66,7,3,Over
4,talk,67,7,10,Over
4,talk,68,7,4,Over
4,talk,69,7,9,VOTE Agent[06]
4,talk,70,7,2,Skip
4,talk,71,7,6,Over
4,talk,72,8,10,Over
4,talk,73,8,15,Over
4,talk,74,8,11,ESTIMATE Agent[09] WEREWOLF
4,talk,75,8,6,Over
4,talk,76,8,5,Over
4,talk,77,8,4,Over
4,talk,78,8,9,VOTE Agent[06]
4,talk,79,8,3,Over
4,talk,80,8,2,Over
4,talk,81,9,4,Over
4,talk,82,9,2,Over
4,talk,83,9,5,Over
4,talk,84,9,3,Over
4,talk,85,9,9,VOTE Agent[06]
4,talk,86,9,6,Over
4,talk,87,9,10,Over
4,talk,88,9,11,Over
4,talk,89,9,15,Over
4,talk,90,10,3,Over
4,talk,91,10,11,Over
4,talk,92,10,5,Over
4,talk,93,10,9,Over
4,talk,94,10,15,Over
4,talk,95,10,10,Over
4,talk,96,10,2,Over
4,talk,97,10,4,Over
4,talk,98,10,6,Over
4,vote,2,6
4,vote,3,6
4,vote,4,6
4,vote,5,6
4,vote,6,10
4,vote,9,6
4,vote,10,9
4,vote,11,6
4,vote,15,9
4,execute,6,WEREWOLF
4,divine,9,5,HUMAN
4,attackVote,11,5
4,attack,5,true
5,status,1,VILLAGER,DEAD,kenzi
5,status,2,VILLAGER,ALIVE,hello_wolf
5,status,3,VILLAGER,ALIVE,Dummy_01
5,status,4,VILLAGER,ALIVE,Tomato
5,status,5,VILLAGER,DEAD,Dummy_03
5,status,6,WEREWOLF,DEAD,Udon
5,status,7,BODYGUARD,DEAD,Dummy_02
5,status,8,VILLAGER,DEAD,fisherman
5,status,9,SEER,ALIVE,takeda
5,status,10,POSSESSED,ALIVE,GO1DeNO
5,status,11,WEREWOLF,ALIVE,wasabi
5,status,12,VILLAGER,DEAD,fanfan
5,status,13,MEDIUM,DEAD,calups
5,status,14,WEREWOLF,DEAD,sonoda
5,status,15,VILLAGER,ALIVE,cantar
5,talk,0,0,9,DIVINED Agent[05] HUMAN
5,talk,1,0,3,Skip
5,talk,2,0,10,VOTE Agent[09]
5,talk,3,0,4,VOTE Agent[03]
5,talk,4,0,15,ESTIMATE Agent[03] WEREWOLF
5,talk,5,0,11,Skip
5,talk,6,0,2,VOTE Agent[04]
5,talk,7,1,9,VOTE Agent[02]
5,talk,8,1,10,Skip
5,talk,9,1,15,VOTE Agent[03]
5,talk,10,1,3,Skip
5,talk,11,1,11,ESTIMATE Agent[10] SEER
5,talk,12,1,4,VOTE Agent[04]
5,talk,13,1,2,Skip
5,talk,14,2,4,VOTE Agent[02]
5,talk,15,2,15,Skip
5,talk,16,2,3,AND (VOTE Agent[09]) (REQUEST ANY (VOTE Agent[09]))
5,talk,17,2,11,ESTIMATE Agent[02] VILLAGER
5,talk,18,2,10,Skip
5,talk,19,2,9,VOTE Agent[02]
5,talk,20,2,2,Skip
5,talk,21,3,15,Skip
5,talk,22,3,3,Skip
5,talk,23,3,9,VOTE Agent[04]
5,talk,24,3,2,VOTE Agent[03]
5,talk,25,3,11,VOTE Agent[04]
5,talk,26,3,4,Skip
5,talk,27,3,10,Over
5,talk,28,4,3,Skip
5,talk,29,4,2,VOTE Agent[04]
5,talk,30,4,4,VOTE Agent[04]
5,talk,31,4,10,Over
5,talk,32,4,15,Over
5,talk,33,4,9,VOTE Agent[04]
5,talk,34,4,11,ESTIMATE Agent[09] WEREWOLF
5,talk,35,5,9,VOTE Agent[04]
5,talk,36,5,10,Over
5,talk,37,5,3,Over
5,talk,38,5,2,Skip
5,talk,39,5,15,Over
5,talk,40,5,4,Skip
5,talk,41,5,11,ESTIMATE Agent[09] WEREWOLF
5,talk,42,6,3,Over
5,talk,43,6,11,ESTIMATE Agent[09] WEREWOLF
5,talk,44,6,2,Skip
5,talk,45,6,10,Over
5,talk,46,6,9,VOTE Agent[04]
5,talk,47,6,15,Over
5,talk,48,6,4,Skip
5,talk,49,7,15,Over
5,talk,50,7,10,Over
5,talk,51,7,3,Over
5,talk,52,7,11,Skip
5,talk,53,7,9,VOTE Agent[04]
5,talk,54,7,4,Over
5,talk,55,7,2,Over
5,talk,56,8,10,Over
5,talk,57,8,3,Over
5,talk,58,8,9,VOTE Agent[04]
5,talk,59,8,11,ESTIMATE Agent[09] WEREWOLF
5,talk,60,8,4,Over
5,talk,61,8,2,Over
5,talk,62,8,15,Over
5,talk,63,9,11,Over
5,talk,64,9,3,Over
5,talk,65,9,9,VOTE Agent[04]
5,talk,66,9,10,Over
5,talk,67,9,4,Over
5,talk,68,9,2,Over
5,talk,69,9,15,Over
5,talk,70,10,4,Over
5,talk,71,10,15,Over
5,talk,72,10,10,Over
5,talk,73,10,9,Over
5,talk,74,10,11,Over
5,talk,75,10,3,Over
5,talk,76,10,2,Over
5,vote,2,4
5,vote,3,9
5,vote,4,2
5,vote,9,4
5,vote,10,9
5,vote,11,4
5,vote,15,3
5,execute,4,VILLAGER
5,divine,9,2,HUMAN
5,attackVote,11,2
5,attack,2,true
6,status,1,VILLAGER,DEAD,kenzi
6,status,2,VILLAGER,DEAD,hello_wolf
6,status,3,VILLAGER,ALIVE,Dummy_01
6,status,4,VILLAGER,DEAD,Tomato
6,status,5,VILLAGER,DEAD,Dummy_03
6,status,6,WEREWOLF,DEAD,Udon
6,status,7,BODYGUARD,DEAD,Dummy_02
6,status,8,VILLAGER,DEAD,fisherman
6,status,9,SEER,ALIVE,takeda
6,status,10,POSSESSED,ALIVE,GO1DeNO
6,status,11,WEREWOLF,ALIVE,wasabi
6,status,12,VILLAGER,DEAD,fanfan
6,status,13,MEDIUM,DEAD,calups
6,status,14,WEREWOLF,DEAD,sonoda
6,status,15,VILLAGER,ALIVE,cantar
6,talk,0,0,11,ESTIMATE Agent[09] WEREWOLF
6,talk,1,0,9,DIVINED Agent[02] HUMAN
6,talk,2,0,15,ESTIMATE Agent[03] WEREWOLF
6,talk,3,0,10,VOTE Agent[09]
6,talk,4,0,3,Skip
6,talk,5,1,11,ESTIMATE Agent[09] WEREWOLF
6,talk,6,1,3,Skip
6,talk,7,1,9,VOTE Agent[11]
6,talk,8,1,15,VOTE Agent[03]
6,talk,9,1,10,Skip
6,talk,10,2,9,VOTE Agent[11]
6,talk,11,2,3,AND (VOTE Agent[11]) (REQUEST ANY (VOTE Agent[11]))
6,talk,12,2,11,ESTIMATE Agent[09] WEREWOLF
6,talk,13,2,10,Skip
6,talk,14,2,15,Skip
6,talk,15,3,15,Skip
6,talk,16,3,9,VOTE Agent[11]
6,talk,17,3,10,Over
6,talk,18,3,11,VOTE Agent[03]
6,talk,19,3,3,Skip
6,talk,20,4,9,VOTE Agent[11]
6,talk,21,4,10,Over
6,talk,22,4,3,Skip
6,talk,23,4,11,VOTE Agent[09]
6,talk,24,4,15,Over
6,talk,25,5,9,VOTE Agent[11]
6,talk,26,5,10,Over
6,talk,27,5,15,Over
6,talk,28,5,11,VOTE Agent[03]
6,talk,29,5,3,Over
6,talk,30,6,15,Over
6,talk,31,6,10,Over
6,talk,32,6,3,Over
6,talk,33,6,9,VOTE Agent[11]
6,talk,34,6,11,VOTE Agent[15]
6,talk,35,7,11,VOTE Agent[09]
6,talk,36,7,15,Over
6,talk,37,7,10,Over
6,talk,38,7,3,Over
6,talk,39,7,9,VOTE Agent[11]
6,talk,40,8,11,ESTIMATE Agent[09] WEREWOLF
6,talk,41,8,10,Over
6,talk,42,8,15,Over
6,talk,43,8,9,VOTE Agent[11]
6,talk,44,8,3,Over
6,talk,45,9,3,Over
6,talk,46,9,15,Over
6,talk,47,9,10,Over
6,talk,48,9,9,VOTE Agent[11]
6,talk,49,9,11,Over
6,talk,50,10,10,Over
6,talk,51,10,11,Over
6,talk,52,10,15,Over
6,talk,53,10,3,Over
6,talk,54,10,9,Over
6,vote,3,11
6,vote,9,11
6,vote,10,9
6,vote,11,9
6,vote,15,3
6,vote,3,9
6,vote,9,11
6,vote,10,9
6,vote,11,9
6,vote,15,3
6,execute,9,SEER
6,attackVote,11,15
6,attack,15,true
7,status,1,VILLAGER,DEAD,kenzi
7,status,2,VILLAGER,DEAD,hello_wolf
7,status,3,VILLAGER,ALIVE,Dummy_01
7,status,4,VILLAGER,DEAD,Tomato
7,status,5,VILLAGER,DEAD,Dummy_03
7,status,6,WEREWOLF,DEAD,Udon
7,status,7,BODYGUARD,DEAD,Dummy_02
7,status,8,VILLAGER,DEAD,fisherman
7,status,9,SEER,DEAD,takeda
7,status,10,POSSESSED,ALIVE,GO1DeNO
7,status,11,WEREWOLF,ALIVE,wasabi
7,status,12,VILLAGER,DEAD,fanfan
7,status,13,MEDIUM,DEAD,calups
7,status,14,WEREWOLF,DEAD,sonoda
7,status,15,VILLAGER,DEAD,cantar
7,talk,0,0,10,VOTE Agent[03]
7,talk,1,0,3,Skip
7,talk,2,0,11,ESTIMATE Agent[03] VILLAGER
7,talk,3,1,10,Skip
7,talk,4,1,11,ESTIMATE Agent[10] WEREWOLF
7,talk,5,1,3,Skip
7,talk,6,2,11,Skip
7,talk,7,2,10,Skip
7,talk,8,2,3,AND (VOTE Agent[10]) (REQUEST ANY (VOTE Agent[10]))
7,talk,9,3,3,Skip
7,talk,10,3,10,Over
7,talk,11,3,11,VOTE Agent[10]
7,talk,12,4,11,VOTE Agent[03]
7,talk,13,4,10,Over
7,talk,14,4,3,Skip
7,talk,15,5,11,Skip
7,talk,16,5,10,Over
7,talk,17,5,3,Over
7,talk,18,6,10,Over
7,talk,19,6,3,Over
7,talk,20,6,11,REQUEST ANY (VOTE Agent[03])
7,talk,21,7,11,ESTIMATE Agent[03] VILLAGER
7,talk,22,7,10,Over
7,talk,23,7,3,AND (VOTE Agent[03]) (REQUEST ANY (VOTE Agent[03]))
7,talk,24,8,3,Skip
7,talk,25,8,11,ESTIMATE Agent[03] VILLAGER
7,talk,26,8,10,Over
7,talk,27,9,10,Over
7,talk,28,9,3,Skip
7,talk,29,9,11,Over
7,talk,30,10,11,Over
7,talk,31,10,10,Over
7,talk,32,10,3,Over
7,vote,3,10
7,vote,10,3
7,vote,11,3
7,execute,3,VILLAGER
7,attackVote,11,10
7,attack,10,true
8,status,1,VILLAGER,DEAD,kenzi
8,status,2,VILLAGER,DEAD,hello_wolf
8,status,3,VILLAGER,DEAD,Dummy_01
8,status,4,VILLAGER,DEAD,Tomato
8,status,5,VILLAGER,DEAD,Dummy_03
8,status,6,WEREWOLF,DEAD,Udon
8,status,7,BODYGUARD,DEAD,Dummy_02
8,status,8,VILLAGER,DEAD,fisherman
8,status,9,SEER,DEAD,takeda
8,status,10,POSSESSED,DEAD,GO1DeNO
8,status,11,WEREWOLF,ALIVE,wasabi
8,status,12,VILLAGER,DEAD,fanfan
8,status,13,MEDIUM,DEAD,calups
8,status,14,WEREWOLF,DEAD,sonoda
8,status,15,VILLAGER,DEAD,cantar
8,result,0,1,WEREWOLF
