0,status,1,VILLAGER,ALIVE,kenzi
0,status,2,VILLAGER,ALIVE,hello_wolf
0,status,3,WEREWOLF,ALIVE,Dummy_01
0,status,4,VILLAGER,ALIVE,Tomato
0,status,5,SEER,ALIVE,Dummy_03
0,status,6,VILLAGER,ALIVE,Udon
0,status,7,VILLAGER,ALIVE,Dummy_02
0,status,8,BODYGUARD,ALIVE,fisherman
0,status,9,VILLAGER,ALIVE,takeda
0,status,10,WEREWOLF,ALIVE,GO1DeNO
0,status,11,WEREWOLF,ALIVE,wasabi
0,status,12,VILLAGER,ALIVE,fanfan
0,status,13,MEDIUM,ALIVE,calups
0,status,14,VILLAGER,ALIVE,sonoda
0,status,15,POSSESSED,ALIVE,cantar
0,whisper,0,0,10,COMINGOUT Agent[10] VILLAGER
0,whisper,1,0,11,ATTACK Agent[14]
0,whisper,2,0,3,COMINGOUT Agent[03] SEER
0,whisper,3,1,11,ATTACK Agent[05]
0,whisper,4,1,10,Skip
0,whisper,5,1,3,Skip
0,whisper,6,2,11,Over
0,whisper,7,2,3,Skip
0,whisper,8,2,10,Skip
0,whisper,9,3,3,Over
0,whisper,10,3,11,ATTACK Agent[15]
0,whisper,11,3,10,Over
0,whisper,12,4,10,Over
0,whisper,13,4,3,Over
0,whisper,14,4,11,Over
0,divine,5,15,HUMAN
1,status,1,VILLAGER,ALIVE,kenzi
1,status,2,VILLAGER,ALIVE,hello_wolf
1,status,3,WEREWOLF,ALIVE,Dummy_01
1,status,4,VILLAGER,ALIVE,Tomato
1,status,5,SEER,ALIVE,Dummy_03
1,status,6,VILLAGER,ALIVE,Udon
1,status,7,VILLAGER,ALIVE,Dummy_02
1,status,8,BODYGUARD,ALIVE,fisherman
1,status,9,VILLAGER,ALIVE,takeda
1,status,10,WEREWOLF,ALIVE,GO1DeNO
1,status,11,WEREWOLF,ALIVE,wasabi
1,status,12,VILLAGER,ALIVE,fanfan
1,status,13,MEDIUM,ALIVE,calups
1,status,14,VILLAGER,ALIVE,sonoda
1,status,15,POSSESSED,ALIVE,cantar
1,talk,0,0,10,VOTE Agent[06]
1,talk,1,0,4,VOTE Agent[12]
1,talk,2,0,7,Skip
1,talk,3,0,14,VOTE Agent[01]
1,talk,4,0,6,VOTE Agent[11]
1,talk,5,0,1,Skip
1,talk,6,0,15,COMINGOUT Agent[15] SEER
1,talk,7,0,3,Skip
1,talk,8,0,2,VOTE Agent[06]
1,talk,9,0,9,VOTE Agent[07]
1,talk,10,0,12,VOTE Agent[06]
1,talk,11,0,8,VOTE Agent[06]
1,talk,12,0,13,COMINGOUT Agent[13] MEDIUM
1,talk,13,0,5,COMINGOUT Agent[05] SEER
1,talk,14,0,11,ESTIMATE Agent[14] VILLAGER
1,talk,15,1,14,VOTE Agent[06]
1,talk,16,1,2,VOTE Agent[14]
1,talk,17,1,1,Skip
1,talk,18,1,3,COMINGOUT Agent[03] SEER
1,talk,19,1,12,Skip
1,talk,20,1,11,Skip
1,talk,21,1,9,VOTE Agent[12]
1,talk,22,1,7,Skip
1,talk,23,1,15,DIVINED Agent[01] HUMAN
1,talk,24,1,6,VOTE Agent[01]
1,talk,25,1,13,Skip
1,talk,26,1,4,VOTE Agent[06]
1,talk,27,1,10,Skip
1,talk,28,1,5,DAY 1 (DIVINED Agent[15] HUMAN)
1,talk,29,1,8,Skip
1,talk,30,2,8,VOTE Agent[05]
1,talk,31,2,13,Skip
1,talk,32,2,10,Skip
1,talk,33,2,12,VOTE Agent[05]
1,talk,34,2,5,BECAUSE (AND (AND (COMINGOUT Agent[05] SEER) (Agent[15] COMINGOUT Agent[15] SEER)) (DAY 1 (DIVINED Agent[15] HUMAN))) (ESTIMATE Agent[15] POSSESSED)
1,talk,35,2,2,VOTE Agent[03]
1,talk,36,2,4,Skip
1,talk,37,2,15,ESTIMATE Agent[01] WEREWOLF
1,talk,38,2,1,AGREE TALK day1 ID:20
1,talk,39,2,14,VOTE Agent[15]
1,talk,40,2,11,Skip
1,talk,41,2,9,VOTE Agent[03]
1,talk,42,2,6,VOTE Agent[12]
1,talk,43,2,3,DAY 1 (DIVINED Agent[06] HUMAN)
1,talk,44,2,7,AND (VOTE Agent[05]) (REQUEST ANY (VOTE Agent[05]))
1,talk,45,3,2,VOTE Agent[05]
1,talk,46,3,12,Skip
1,talk,47,3,1,DISAGREE TALK day1 ID:31
1,talk,48,3,4,Skip
1,talk,49,3,14,Skip
1,talk,50,3,13,Over
1,talk,51,3,7,Skip
1,talk,52,3,11,VOTE Agent[05]
1,talk,53,3,15,VOTE Agent[01]
1,talk,54,3,8,Skip
1,talk,55,3,9,Skip
1,talk,56,3,3,AND (VOTE Agent[15]) (REQUEST ANY (VOTE Agent[15]))
1,talk,57,3,6,VOTE Agent[10]
1,talk,58,3,10,Over
1,talk,59,3,5,AND (VOTE Agent[03]) (REQUEST ANY (VOTE Agent[03]))
1,talk,60,4,13,Over
1,talk,61,4,11,ESTIMATE Agent[01] VILLAGER
1,talk,62,4,2,VOTE Agent[10]
1,talk,63,4,3,Skip
1,talk,64,4,8,Skip
1,talk,65,4,4,VOTE Agent[05]
1,talk,66,4,5,Skip
1,talk,67,4,10,Over
1,talk,68,4,9,Skip
1,talk,69,4,15,Skip
1,talk,70,4,6,Over
1,talk,71,4,12,Skip
1,talk,72,4,1,Over
1,talk,73,4,14,Skip
1,talk,74,4,7,AND (VOTE Agent[03]) (REQUEST ANY (VOTE Agent[03]))
1,talk,75,5,9,Over
1,talk,76,5,12,VOTE Agent[10]
1,talk,77,5,5,Skip
1,talk,78,5,11,ESTIMATE Agent[13] MEDIUM
1,talk,79,5,1,Over
1,talk,80,5,6,Over
1,talk,81,5,7,Skip
1,talk,82,5,4,Skip
1,talk,83,5,8,Over
1,talk,84,5,13,OR (VOTE Agent[02]) (VOTE Agent[04]) (VOTE Agent[07]) (VOTE Agent[08]) (VOTE Agent[09]) (VOTE Agent[10]) (VOTE Agent[11]) (VOTE Agent[12]) (VOTE Agent[14]) 
1,talk,85,5,15,Skip
1,talk,86,5,3,Skip
1,talk,87,5,10,VOTE Agent[01]
1,talk,88,5,2,VOTE Agent[05]
1,talk,89,5,14,Over
1,talk,90,6,12,VOTE Agent[05]
1,talk,91,6,14,Over
1,talk,92,6,7,Skip
1,talk,93,6,2,VOTE Agent[10]
1,talk,94,6,9,Over
1,talk,95,6,6,Over
1,talk,96,6,15,Over
1,talk,97,6,1,AGREE TALK day1 ID:61
1,talk,98,6,3,Over
1,talk,99,6,13,Over
1,talk,100,6,10,Skip
1,talk,101,6,4,Skip
1,talk,102,6,11,ESTIMATE Agent[09] VILLAGER
1,talk,103,6,5,Over
1,talk,104,6,8,VOTE Agent[01]
1,talk,105,7,12,VOTE Agent[01]
1,talk,106,7,10,Skip
1,talk,107,7,8,Skip
1,talk,108,7,5,Over
1,talk,109,7,15,Over
1,talk,110,7,11,ESTIMATE Agent[02] VILLAGER
1,talk,111,7,14,Over
1,talk,112,7,6,Over
1,talk,113,7,4,Over
1,talk,114,7,1,Skip
1,talk,115,7,9,Over
1,talk,116,7,13,Over
1,talk,117,7,7,Over
1,talk,118,7,2,VOTE Agent[01]
1,talk,119,7,3,Over
1,talk,120,8,12,Skip
1,talk,121,8,11,ESTIMATE Agent[02] VILLAGER
1,talk,122,8,13,Over
1,talk,123,8,1,AGREE TALK day1 ID:61
1,talk,124,8,8,Skip
1,talk,125,8,6,Over
1,talk,126,8,14,Over
1,talk,127,8,7,Over
1,talk,128,8,4,VOTE Agent[01]
1,talk,129,8,3,Over
1,talk,130,8,15,Over
1,talk,131,8,9,Over
1,talk,132,8,2,Skip
1,talk,133,8,10,Over
1,talk,134,8,5,Over
1,talk,135,9,3,Over
1,talk,136,9,13,Over
1,talk,137,9,5,Over
1,talk,138,9,1,Over
1,talk,139,9,15,Over
1,talk,140,9,10,Over
1,talk,141,9,7,Over
1,talk,142,9,12,Skip
1,talk,143,9,2,Skip
1,talk,144,9,4,Skip
1,talk,145,9,6,Over
1,talk,146,9,9,Over
1,talk,147,9,14,Over
1,talk,148,9,11,Over
1,talk,149,9,8,Over
1,talk,150,10,7,Over
1,talk,151,10,12,Over
1,talk,152,10,1,ESTIMATE Agent[04] BODYGUARD
1,talk,153,10,3,Over
1,talk,154,10,11,Over
1,talk,155,10,14,Over
1,talk,156,10,5,Over
1,talk,157,10,2,Over
1,talk,158,10,4,Skip
1,talk,159,10,8,Over
1,talk,160,10,6,Over
1,talk,161,10,9,Over
1,talk,162,10,10,Over
1,talk,163,10,15,Over
1,talk,164,10,13,Over
1,talk,165,11,11,Over
1,talk,166,11,8,Over
1,talk,167,11,3,Over
1,talk,168,11,1,Over
1,talk,169,11,7,Over
1,talk,170,11,2,Over
1,talk,171,11,9,Over
1,talk,172,11,13,Over
1,talk,173,11,6,Over
1,talk,174,11,14,Over
1,talk,175,11,5,Over
1,talk,176,11,15,Over
1,talk,177,11,12,Over
1,talk,178,11,4,Over
1,talk,179,11,10,Over
1,vote,1,6
1,vote,2,1
1,vote,3,15
1,vote,4,1
1,vote,5,3
1,vote,6,10
1,vote,7,3
1,vote,8,1
1,vote,9,3
1,vote,10,1
1,vote,11,5
1,vote,12,1
1,vote,13,2
1,vote,14,15
1,vote,15,1
1,execute,1,VILLAGER
1,divine,5,3,WEREWOLF
1,whisper,0,0,10,ATTACK Agent[08]
1,whisper,1,0,3,ATTACK Agent[05]
1,whisper,2,0,11,ATTACK Agent[09]
1,whisper,3,1,10,Skip
1,whisper,4,1,11,ATTACK Agent[06]
1,whisper,5,1,3,Skip
1,whisper,6,2,11,Over
1,whisper,7,2,10,Skip
1,whisper,8,2,3,Skip
1,whisper,9,3,10,Over
1,whisper,10,3,3,Over
1,whisper,11,3,11,Over
1,guard,8,15,POSSESSED
1,attackVote,3,5
1,attackVote,10,8
1,attackVote,11,6
1,attackVote,3,5
1,attackVote,10,8
1,attackVote,11,6
1,attack,5,true
2,status,1,VILLAGER,DEAD,kenzi
2,status,2,VILLAGER,ALIVE,hello_wolf
2,status,3,WEREWOLF,ALIVE,Dummy_01
2,status,4,VILLAGER,ALIVE,Tomato
2,status,5,SEER,DEAD,Dummy_03
2,status,6,VILLAGER,ALIVE,Udon
2,status,7,VILLAGER,ALIVE,Dummy_02
2,status,8,BODYGUARD,ALIVE,fisherman
2,status,9,VILLAGER,ALIVE,takeda
2,status,10,WEREWOLF,ALIVE,GO1DeNO
2,status,11,WEREWOLF,ALIVE,wasabi
2,status,12,VILLAGER,ALIVE,fanfan
2,status,13,MEDIUM,ALIVE,calups
2,status,14,VILLAGER,ALIVE,sonoda
2,status,15,POSSESSED,ALIVE,cantar
2,talk,0,0,9,VOTE Agent[03]
2,talk,1,0,4,VOTE Agent[02]
2,talk,2,0,15,DIVINED Agent[11] HUMAN
2,talk,3,0,3,DAY 2 (DIVINED Agent[12] WEREWOLF)
2,talk,4,0,6,VOTE Agent[11]
2,talk,5,0,11,ESTIMATE Agent[13] MEDIUM
2,talk,6,0,7,Skip
2,talk,7,0,14,VOTE Agent[15]
2,talk,8,0,2,VOTE Agent[10]
2,talk,9,0,12,VOTE Agent[10]
2,talk,10,0,13,IDENTIFIED Agent[01] HUMAN
2,talk,11,0,8,VOTE Agent[10]
2,talk,12,0,10,VOTE Agent[02]
2,talk,13,1,3,BECAUSE (DAY 2 (DIVINED Agent[12] WEREWOLF)) (REQUEST ANY (VOTE Agent[12]))
2,talk,14,1,14,Skip
2,talk,15,1,12,Skip
2,talk,16,1,6,VOTE Agent[12]
2,talk,17,1,8,Skip
2,talk,18,1,10,Skip
2,talk,19,1,7,Skip
2,talk,20,1,4,VOTE Agent[10]
2,talk,21,1,2,Skip
2,talk,22,1,13,Skip
2,talk,23,1,11,Skip
2,talk,24,1,9,Skip
2,talk,25,1,15,ESTIMATE Agent[14] WEREWOLF
2,talk,26,2,10,Skip
2,talk,27,2,6,Over
2,talk,28,2,9,Skip
2,talk,29,2,8,Skip
2,talk,30,2,14,Skip
2,talk,31,2,2,Skip
2,talk,32,2,7,AND (VOTE Agent[12]) (REQUEST ANY (VOTE Agent[12]))
2,talk,33,2,12,Skip
2,talk,34,2,11,Skip
2,talk,35,2,3,BECAUSE (DAY 2 (DIVINED Agent[12] WEREWOLF)) (AND (VOTE Agent[12]) (REQUEST ANY (VOTE Agent[12])))
2,talk,36,2,15,VOTE Agent[14]
2,talk,37,2,4,Skip
2,talk,38,2,13,Skip
2,talk,39,3,14,Over
2,talk,40,3,8,Over
2,talk,41,3,10,Over
2,talk,42,3,12,Over
2,talk,43,3,9,Over
2,talk,44,3,4,Skip
2,talk,45,3,13,Over
2,talk,46,3,15,Skip
2,talk,47,3,7,Skip
2,talk,48,3,6,Over
2,talk,49,3,11,VOTE Agent[12]
2,talk,50,3,3,Skip
2,talk,51,3,2,Over
2,talk,52,4,10,VOTE Agent[12]
2,talk,53,4,13,Over
2,talk,54,4,7,Skip
2,talk,55,4,4,VOTE Agent[12]
2,talk,56,4,3,Skip
2,talk,57,4,12,Over
2,talk,58,4,14,Over
2,talk,59,4,2,Over
2,talk,60,4,11,VOTE Agent[10]
2,talk,61,4,6,Over
2,talk,62,4,9,Over
2,talk,63,4,15,Skip
2,talk,64,4,8,Over
2,talk,65,5,6,Over
2,talk,66,5,2,Over
2,talk,67,5,14,Over
2,talk,68,5,7,Over
2,talk,69,5,12,Over
2,talk,70,5,9,Over
2,talk,71,5,10,Skip
2,talk,72,5,8,Over
2,talk,73,5,3,Over
2,talk,74,5,13,OR (VOTE Agent[02]) (VOTE Agent[04]) (VOTE Agent[07]) (VOTE Agent[08]) (VOTE Agent[09]) (VOTE Agent[10]) (VOTE Agent[14]) 
2,talk,75,5,11,VOTE Agent[12]
2,talk,76,5,15,Over
2,talk,77,5,4,Skip
2,talk,78,6,11,ESTIMATE Agent[12] WEREWOLF
2,talk,79,6,13,Over
2,talk,80,6,12,VOTE Agent[03]
2,talk,81,6,10,Skip
2,talk,82,6,14,Over
2,talk,83,6,7,Over
2,talk,84,6,9,Over
2,talk,85,6,6,Over
2,talk,86,6,3,Over
2,talk,87,6,4,Skip
2,talk,88,6,15,Over
2,talk,89,6,8,VOTE Agent[03]
2,talk,90,6,2,VOTE Agent[03]
2,talk,91,7,13,Over
2,talk,92,7,11,ESTIMATE Agent[14] VILLAGER
2,talk,93,7,3,Over
2,talk,94,7,12,Skip
2,talk,95,7,15,Over
2,talk,96,7,7,Over
2,talk,97,7,9,Over
2,talk,98,7,2,Skip
2,talk,99,7,14,Over
2,talk,100,7,4,Over
2,talk,101,7,6,Over
2,talk,102,7,10,Over
2,talk,103,7,8,Skip
2,talk,104,8,7,Over
2,talk,105,8,9,Over
2,talk,106,8,4,Over
2,talk,107,8,12,Skip
2,talk,108,8,2,Skip
2,talk,109,8,10,Over
2,talk,110,8,6,Over
2,talk,111,8,8,Skip
2,talk,112,8,15,Over
2,talk,113,8,13,Over
2,talk,114,8,3,Over
2,talk,115,8,14,Over
2,talk,116,8,11,ESTIMATE Agent[06] VILLAGER
2,talk,117,9,4,Over
2,talk,118,9,2,Over
2,talk,119,9,9,Over
2,talk,120,9,6,Over
2,talk,121,9,13,Over
2,talk,122,9,11,Over
2,talk,123,9,10,Over
2,talk,124,9,8,Over
2,talk,125,9,3,Over
2,talk,126,9,12,Over
2,talk,127,9,15,Over
2,talk,128,9,7,Over
2,talk,129,9,14,Over
2,vote,2,3
2,vote,3,12
2,vote,4,12
2,vote,6,12
2,vote,7,12
2,vote,8,3
2,vote,9,3
2,vote,10,12
2,vote,11,12
2,vote,12,3
2,vote,13,2
2,vote,14,15
2,vote,15,14
2,execute,12,VILLAGER
2,whisper,0,0,3,BECAUSE (AND (NOT (COMINGOUT Agent[15] WEREWOLF)) (COMINGOUT Agent[11] WEREWOLF) (DAY 2 (Agent[15] DIVINED Agent[11] HUMAN))) (ESTIMATE Agent[15] POSSESSED)
2,whisper,1,0,11,ATTACK Agent[13]
2,whisper,2,0,10,ESTIMATE Agent[15] POSSESSED
2,whisper,3,1,3,BECAUSE (Agent[13] COMINGOUT Agent[13] MEDIUM) (ATTACK Agent[13])
2,whisper,4,1,10,ATTACK Agent[09]
2,whisper,5,1,11,Over
2,whisper,6,2,11,REQUEST ANY (ATTACK Agent[13])
2,whisper,7,2,10,Skip
2,whisper,8,2,3,Skip
2,whisper,9,3,3,Skip
2,whisper,10,3,10,Skip
2,whisper,11,3,11,Over
2,whisper,12,4,3,Over
2,whisper,13,4,10,Over
2,whisper,14,4,11,ESTIMATE Agent[15] POSSESSED
2,whisper,15,5,11,Over
2,whisper,16,5,3,Over
2,whisper,17,5,10,Over
2,guard,8,15,POSSESSED
2,attackVote,3,13
2,attackVote,10,9
2,attackVote,11,13
2,attack,13,true
3,status,1,VILLAGER,DEAD,kenzi
3,status,2,VILLAGER,ALIVE,hello_wolf
3,status,3,WEREWOLF,ALIVE,Dummy_01
3,status,4,VILLAGER,ALIVE,Tomato
3,status,5,SEER,DEAD,Dummy_03
3,status,6,VILLAGER,ALIVE,Udon
3,status,7,VILLAGER,ALIVE,Dummy_02
3,status,8,BODYGUARD,ALIVE,fisherman
3,status,9,VILLAGER,ALIVE,takeda
3,status,10,WEREWOLF,ALIVE,GO1DeNO
3,status,11,WEREWOLF,ALIVE,wasabi
3,status,12,VILLAGER,DEAD,fanfan
3,status,13,MEDIUM,DEAD,calups
3,status,14,VILLAGER,ALIVE,sonoda
3,status,15,POSSESSED,ALIVE,cantar
3,talk,0,0,2,VOTE Agent[03]
3,talk,1,0,7,Skip
3,talk,2,0,9,VOTE Agent[03]
3,talk,3,0,3,DAY 3 (DIVINED Agent[10] HUMAN)
3,talk,4,0,10,VOTE Agent[08]
3,talk,5,0,8,VOTE Agent[10]
3,talk,6,0,11,ESTIMATE Agent[10] VILLAGER
3,talk,7,0,6,VOTE Agent[14]
3,talk,8,0,4,VOTE Agent[02]
3,talk,9,0,14,VOTE Agent[15]
3,talk,10,0,15,DIVINED Agent[11] HUMAN
3,talk,11,1,3,Skip
3,talk,12,1,10,Skip
3,talk,13,1,14,Skip
3,talk,14,1,8,VOTE Agent[03]
3,talk,15,1,15,ESTIMATE Agent[14] WEREWOLF
3,talk,16,1,7,Skip
3,talk,17,1,11,Skip
3,talk,18,1,9,Skip
3,talk,19,1,4,VOTE Agent[03]
3,talk,20,1,2,Skip
3,talk,21,1,6,Over
3,talk,22,2,2,Skip
3,talk,23,2,14,Skip
3,talk,24,2,10,Skip
3,talk,25,2,11,ESTIMATE Agent[07] VILLAGER
3,talk,26,2,15,VOTE Agent[14]
3,talk,27,2,9,Skip
3,talk,28,2,8,Skip
3,talk,29,2,3,AND (VOTE Agent[15]) (REQUEST ANY (VOTE Agent[15]))
3,talk,30,2,7,AND (VOTE Agent[08]) (REQUEST ANY (VOTE Agent[08]))
3,talk,31,2,6,VOTE Agent[09]
3,talk,32,2,4,Skip
3,talk,33,3,7,AND (VOTE Agent[15]) (REQUEST ANY (VOTE Agent[15]))
3,talk,34,3,6,VOTE Agent[08]
3,talk,35,3,4,Skip
3,talk,36,3,8,Skip
3,talk,37,3,15,Skip
3,talk,38,3,9,Over
3,talk,39,3,3,Skip
3,talk,40,3,11,VOTE Agent[14]
3,talk,41,3,14,Over
3,talk,42,3,2,Over
3,talk,43,3,10,VOTE Agent[03]
3,talk,44,4,14,Over
3,talk,45,4,7,Skip
3,talk,46,4,2,Over
3,talk,47,4,8,Over
3,talk,48,4,3,Skip
3,talk,49,4,15,Skip
3,talk,50,4,6,Over
3,talk,51,4,4,Over
3,talk,52,4,11,Skip
3,talk,53,4,10,Skip
3,talk,54,4,9,Over
3,talk,55,5,15,Over
3,talk,56,5,4,Over
3,talk,57,5,2,Over
3,talk,58,5,10,Skip
3,talk,59,5,14,Over
3,talk,60,5,7,Skip
3,talk,61,5,8,Over
3,talk,62,5,6,Over
3,talk,63,5,11,VOTE Agent[07]
3,talk,64,5,3,Over
3,talk,65,5,9,Over
3,talk,66,6,11,ESTIMATE Agent[07] WEREWOLF
3,talk,67,6,3,Over
3,talk,68,6,7,Over
3,talk,69,6,10,Over
3,talk,70,6,9,Over
3,talk,71,6,4,Over
3,talk,72,6,6,Over
3,talk,73,6,8,Over
3,talk,74,6,15,Over
3,talk,75,6,14,Over
3,talk,76,6,2,Over
3,talk,77,7,4,Over
3,talk,78,7,11,Skip
3,talk,79,7,8,Over
3,talk,80,7,10,Over
3,talk,81,7,6,Over
3,talk,82,7,3,Over
3,talk,83,7,14,Over
3,talk,84,7,2,Over
3,talk,85,7,15,Over
3,talk,86,7,7,Over
3,talk,87,7,9,Over
3,talk,88,8,4,Over
3,talk,89,8,11,ESTIMATE Agent[04] VILLAGER
3,talk,90,8,9,Over
3,talk,91,8,15,Over
3,talk,92,8,14,Over
3,talk,93,8,10,Over
3,talk,94,8,7,Over
3,talk,95,8,6,VOTE Agent[07]
3,talk,96,8,8,Over
3,talk,97,8,3,Over
3,talk,98,8,2,Over
3,talk,99,9,2,Over
3,talk,100,9,6,Over
3,talk,101,9,11,Over
3,talk,102,9,7,Over
3,talk,103,9,3,Over
3,talk,104,9,4,Over
3,talk,105,9,8,Over
3,talk,106,9,9,Over
3,talk,107,9,15,Over
3,talk,108,9,14,Over
3,talk,109,9,10,Over
3,vote,2,3
3,vote,3,15
3,vote,4,3
3,vote,6,7
3,vote,7,15
3,vote,8,3
3,vote,9,3
3,vote,10,3
3,vote,11,7
3,vote,14,15
3,vote,15,14
3,execute,3,WEREWOLF
3,whisper,0,0,10,ATTACK Agent[09]
3,whisper,1,0,11,ATTACK Agent[06]
3,whisper,2,1,10,Skip
3,whisper,3,1,11,VOTE Agent[04]
3,whisper,4,2,10,Skip
3,whisper,5,2,11,ESTIMATE Agent[03] POSSESSED
3,whisper,6,3,11,Over
3,whisper,7,3,10,Over
3,guard,8,15,POSSESSED
3,attackVote,10,9
3,attackVote,11,6
3,attackVote,10,9
3,attackVote,11,6
3,attack,6,true
4,status,1,VILLAGER,DEAD,kenzi
4,status,2,VILLAGER,ALIVE,hello_wolf
4,status,3,WEREWOLF,DEAD,Dummy_01
4,status,4,VILLAGER,ALIVE,Tomato
4,status,5,SEER,DEAD,Dummy_03
4,status,6,VILLAGER,DEAD,Udon
4,status,7,VILLAGER,ALIVE,Dummy_02
4,status,8,BODYGUARD,ALIVE,fisherman
4,status,9,VILLAGER,ALIVE,takeda
4,status,10,WEREWOLF,ALIVE,GO1DeNO
4,status,11,WEREWOLF,ALIVE,wasabi
4,status,12,VILLAGER,DEAD,fanfan
4,status,13,MEDIUM,DEAD,calups
4,status,14,VILLAGER,ALIVE,sonoda
4,status,15,POSSESSED,ALIVE,cantar
4,talk,0,0,9,VOTE Agent[10]
4,talk,1,0,10,VOTE Agent[08]
4,talk,2,0,7,Skip
4,talk,3,0,2,VOTE Agent[10]
4,talk,4,0,8,VOTE Agent[10]
4,talk,5,0,11,Skip
4,talk,6,0,4,VOTE Agent[14]
4,talk,7,0,14,VOTE Agent[15]
4,talk,8,0,15,DIVINED Agent[09] HUMAN
4,talk,9,1,11,ESTIMATE Agent[15] WEREWOLF
4,talk,10,1,4,VOTE Agent[10]
4,talk,11,1,8,Skip
4,talk,12,1,2,VOTE Agent[08]
4,talk,13,1,14,Skip
4,talk,14,1,7,Skip
4,talk,15,1,9,Skip
4,talk,16,1,15,ESTIMATE Agent[14] WEREWOLF
4,talk,17,1,10,Skip
4,talk,18,2,7,AND (VOTE Agent[10]) (REQUEST ANY (VOTE Agent[10]))
4,talk,19,2,4,Skip
4,talk,20,2,11,Skip
4,talk,21,2,15,VOTE Agent[14]
4,talk,22,2,9,Skip
4,talk,23,2,14,Skip
4,talk,24,2,10,Skip
4,talk,25,2,8,Skip
4,talk,26,2,2,VOTE Agent[10]
4,talk,27,3,10,Over
4,talk,28,3,15,Skip
4,talk,29,3,2,Skip
4,talk,30,3,14,Over
4,talk,31,3,9,Over
4,talk,32,3,8,Over
4,talk,33,3,11,VOTE Agent[14]
4,talk,34,3,7,Skip
4,talk,35,3,4,Skip
4,talk,36,4,11,Skip
4,talk,37,4,8,Over
4,talk,38,4,14,Over
4,talk,39,4,4,Over
4,talk,40,4,9,Over
4,talk,41,4,2,Skip
4,talk,42,4,10,VOTE Agent[14]
4,talk,43,4,7,Skip
4,talk,44,4,15,Skip
4,talk,45,5,10,Skip
4,talk,46,5,9,Over
4,talk,47,5,8,Over
4,talk,48,5,4,Over
4,talk,49,5,7,Over
4,talk,50,5,14,Over
4,talk,51,5,11,ESTIMATE Agent[10] VILLAGER
4,talk,52,5,2,Over
4,talk,53,5,15,Over
4,talk,54,6,9,Over
4,talk,55,6,11,VOTE Agent[07]
4,talk,56,6,8,Over
4,talk,57,6,15,Over
4,talk,58,6,10,Skip
4,talk,59,6,4,Over
4,talk,60,6,2,Over
4,talk,61,6,14,Over
4,talk,62,6,7,Over
4,talk,63,7,11,VOTE Agent[14]
4,talk,64,7,9,Over
4,talk,65,7,8,Over
4,talk,66,7,14,Over
4,talk,67,7,2,Over
4,talk,68,7,7,Over
4,talk,69,7,15,Over
4,talk,70,7,4,Over
4,talk,71,7,10,Over
4,talk,72,8,14,Over
4,talk,73,8,4,Over
4,talk,74,8,10,Over
4,talk,75,8,11,ESTIMATE Agent[02] VILLAGER
4,talk,76,8,8,Over
4,talk,77,8,9,Over
4,talk,78,8,7,Over
4,talk,79,8,15,Over
4,talk,80,8,2,Over
4,talk,81,9,15,Over
4,talk,82,9,4,Over
4,talk,83,9,9,Over
4,talk,84,9,11,Over
4,talk,85,9,14,Over
4,talk,86,9,8,Over
4,talk,87,9,7,Over
4,talk,88,9,2,Over
4,talk,89,9,10,Over
4,vote,2,10
4,vote,4,10
4,vote,7,10
4,vote,8,10
4,vote,9,10
4,vote,10,14
4,vote,11,14
4,vote,14,15
4,vote,15,14
4,execute,10,WEREWOLF
4,guard,8,15,POSSESSED
4,attackVote,11,9
4,attack,9,true
5,status,1,VILLAGER,DEAD,kenzi
5,status,2,VILLAGER,ALIVE,hello_wolf
5,status,3,WEREWOLF,DEAD,Dummy_01
5,status,4,VILLAGER,ALIVE,Tomato
5,status,5,SEER,DEAD,Dummy_03
5,status,6,VILLAGER,DEAD,Udon
5,status,7,VILLAGER,ALIVE,Dummy_02
5,status,8,BODYGUARD,ALIVE,fisherman
5,status,9,VILLAGER,DEAD,takeda
5,status,10,WEREWOLF,DEAD,GO1DeNO
5,status,11,WEREWOLF,ALIVE,wasabi
5,status,12,VILLAGER,DEAD,fanfan
5,status,13,MEDIUM,DEAD,calups
5,status,14,VILLAGER,ALIVE,sonoda
5,status,15,POSSESSED,ALIVE,cantar
5,talk,0,0,14,VOTE Agent[15]
5,talk,1,0,2,VOTE Agent[08]
5,talk,2,0,4,VOTE Agent[02]
5,talk,3,0,8,VOTE Agent[04]
5,talk,4,0,11,ESTIMATE Agent[07] WEREWOLF
5,talk,5,0,15,DIVINED Agent[08] HUMAN
5,talk,6,0,7,Skip
5,talk,7,1,11,ESTIMATE Agent[14] WEREWOLF
5,talk,8,1,8,Skip
5,talk,9,1,4,VOTE Agent[04]
5,talk,10,1,14,Skip
5,talk,11,1,15,ESTIMATE Agent[14] WEREWOLF
5,talk,12,1,2,Skip
5,talk,13,1,7,Skip
5,talk,14,2,2,VOTE Agent[04]
5,talk,15,2,11,Skip
5,talk,16,2,4,Skip
5,talk,17,2,7,AND (VOTE Agent[08]) (REQUEST ANY (VOTE Agent[08]))
5,talk,18,2,15,VOTE Agent[14]
5,talk,19,2,8,Skip
5,talk,20,2,14,Skip
5,talk,21,3,7,Skip
5,talk,22,3,15,Skip
5,talk,23,3,14,Over
5,talk,24,3,8,Over
5,talk,25,3,2,VOTE Agent[14]
5,talk,26,3,11,VOTE Agent[14]
5,talk,27,3,4,Skip
5,talk,28,4,14,Over
5,talk,29,4,11,Skip
5,talk,30,4,2,Skip
5,talk,31,4,15,Skip
5,talk,32,4,4,VOTE Agent[14]
5,talk,33,4,8,VOTE Agent[14]
5,talk,34,4,7,Skip
5,talk,35,5,8,Skip
5,talk,36,5,11,ESTIMATE Agent[02] VILLAGER
5,talk,37,5,7,Over
5,talk,38,5,15,Over
5,talk,39,5,2,Skip
5,talk,40,5,4,Skip
5,talk,41,5,14,Over
5,talk,42,6,7,Over
5,talk,43,6,11,VOTE Agent[02]
5,talk,44,6,14,Over
5,talk,45,6,8,Skip
5,talk,46,6,4,Skip
5,talk,47,6,15,Over
5,talk,48,6,2,Over
5,talk,49,7,11,VOTE Agent[14]
5,talk,50,7,8,Over
5,talk,51,7,15,Over
5,talk,52,7,14,Over
5,talk,53,7,7,Over
5,talk,54,7,4,Over
5,talk,55,7,2,Over
5,talk,56,8,4,Over
5,talk,57,8,15,Over
5,talk,58,8,7,Over
5,talk,59,8,2,Over
5,talk,60,8,11,Skip
5,talk,61,8,8,Over
5,talk,62,8,14,Over
5,talk,63,9,11,Over
5,talk,64,9,14,Over
5,talk,65,9,4,Over
5,talk,66,9,15,Over
5,talk,67,9,2,Over
5,talk,68,9,7,Over
5,talk,69,9,8,Over
5,vote,2,14
5,vote,4,14
5,vote,7,8
5,vote,8,14
5,vote,11,14
5,vote,14,15
5,vote,15,14
5,execute,14,VILLAGER
5,guard,8,15,POSSESSED
5,attackVote,11,2
5,attack,2,true
6,status,1,VILLAGER,DEAD,kenzi
6,status,2,VILLAGER,DEAD,hello_wolf
6,status,3,WEREWOLF,DEAD,Dummy_01
6,status,4,VILLAGER,ALIVE,Tomato
6,status,5,SEER,DEAD,Dummy_03
6,status,6,VILLAGER,DEAD,Udon
6,status,7,VILLAGER,ALIVE,Dummy_02
6,status,8,BODYGUARD,ALIVE,fisherman
6,status,9,VILLAGER,DEAD,takeda
6,status,10,WEREWOLF,DEAD,GO1DeNO
6,status,11,WEREWOLF,ALIVE,wasabi
6,status,12,VILLAGER,DEAD,fanfan
6,status,13,MEDIUM,DEAD,calups
6,status,14,VILLAGER,DEAD,sonoda
6,status,15,POSSESSED,ALIVE,cantar
6,talk,0,0,7,Skip
6,talk,1,0,15,DIVINED Agent[11] HUMAN
6,talk,2,0,11,Skip
6,talk,3,0,8,VOTE Agent[04]
6,talk,4,0,4,VOTE Agent[08]
6,talk,5,1,4,Skip
6,talk,6,1,15,ESTIMATE Agent[11] WEREWOLF
6,talk,7,1,7,Skip
6,talk,8,1,8,Skip
6,talk,9,1,11,ESTIMATE Agent[08] VILLAGER
6,talk,10,2,15,VOTE Agent[11]
6,talk,11,2,7,AND (VOTE Agent[11]) (REQUEST ANY (VOTE Agent[11]))
6,talk,12,2,11,Skip
6,talk,13,2,8,Skip
6,talk,14,2,4,Skip
6,talk,15,3,4,Over
6,talk,16,3,11,VOTE Agent[04]
6,talk,17,3,15,Skip
6,talk,18,3,8,Over
6,talk,19,3,7,Skip
6,talk,20,4,11,VOTE Agent[07]
6,talk,21,4,4,Over
6,talk,22,4,7,Skip
6,talk,23,4,15,Skip
6,talk,24,4,8,Over
6,talk,25,5,15,Over
6,talk,26,5,7,Over
6,talk,27,5,4,Over
6,talk,28,5,8,Over
6,talk,29,5,11,ESTIMATE Agent[04] VILLAGER
6,talk,30,6,15,Over
6,talk,31,6,8,Over
6,talk,32,6,7,Over
6,talk,33,6,4,Over
6,talk,34,6,11,VOTE Agent[15]
6,talk,35,7,4,Over
6,talk,36,7,11,Skip
6,talk,37,7,15,Over
6,talk,38,7,8,Over
6,talk,39,7,7,Over
6,talk,40,8,11,VOTE Agent[04]
6,talk,41,8,8,Over
6,talk,42,8,15,Over
6,talk,43,8,7,Over
6,talk,44,8,4,Over
6,talk,45,9,7,Over
6,talk,46,9,15,Over
6,talk,47,9,8,Over
6,talk,48,9,4,Over
6,talk,49,9,11,Over
6,vote,4,8
6,vote,7,11
6,vote,8,4
6,vote,11,4
6,vote,15,11
6,vote,4,8
6,vote,7,4
6,vote,8,4
6,vote,11,7
6,vote,15,11
6,execute,4,VILLAGER
6,guard,8,15,POSSESSED
6,attackVote,11,8
6,attack,8,true
7,status,1,VILLAGER,DEAD,kenzi
7,status,2,VILLAGER,DEAD,hello_wolf
7,status,3,WEREWOLF,DEAD,Dummy_01
7,status,4,VILLAGER,DEAD,Tomato
7,status,5,SEER,DEAD,Dummy_03
7,status,6,VILLAGER,DEAD,Udon
7,status,7,VILLAGER,ALIVE,Dummy_02
7,status,8,BODYGUARD,DEAD,fisherman
7,status,9,VILLAGER,DEAD,takeda
7,status,10,WEREWOLF,DEAD,GO1DeNO
7,status,11,WEREWOLF,ALIVE,wasabi
7,status,12,VILLAGER,DEAD,fanfan
7,status,13,MEDIUM,DEAD,calups
7,status,14,VILLAGER,DEAD,sonoda
7,status,15,POSSESSED,ALIVE,cantar
7,talk,0,0,15,DIVINED Agent[11] HUMAN
7,talk,1,0,11,Skip
7,talk,2,0,7,Skip
7,talk,3,1,7,Skip
7,talk,4,1,15,ESTIMATE Agent[11] WEREWOLF
7,talk,5,1,11,ESTIMATE Agent[15] WEREWOLF
7,talk,6,2,7,AND (VOTE Agent[15]) (REQUEST ANY (VOTE Agent[15]))
7,talk,7,2,11,ESTIMATE Agent[15] SEER
7,talk,8,2,15,VOTE Agent[11]
7,talk,9,3,11,VOTE Agent[15]
7,talk,10,3,15,Skip
7,talk,11,3,7,Skip
7,talk,12,4,11,ESTIMATE Agent[15] SEER
7,talk,13,4,7,Skip
7,talk,14,4,15,Skip
7,talk,15,5,11,ESTIMATE Agent[07] VILLAGER
7,talk,16,5,7,Over
7,talk,17,5,15,Over
7,talk,18,6,15,Over
7,talk,19,6,7,Over
7,talk,20,6,11,Skip
7,talk,21,7,7,Over
7,talk,22,7,15,Over
7,talk,23,7,11,ESTIMATE Agent[15] WEREWOLF
7,talk,24,8,11,ESTIMATE Agent[07] VILLAGER
7,talk,25,8,15,Over
7,talk,26,8,7,Over
7,talk,27,9,11,Over
7,talk,28,9,15,Over
7,talk,29,9,7,Over
7,vote,7,15
7,vote,11,15
7,vote,15,11
7,execute,15,POSSESSED
7,attackVote,11,7
7,attack,7,true
8,status,1,VILLAGER,DEAD,kenzi
8,status,2,VILLAGER,DEAD,hello_wolf
8,status,3,WEREWOLF,DEAD,Dummy_01
8,status,4,VILLAGER,DEAD,Tomato
8,status,5,SEER,DEAD,Dummy_03
8,status,6,VILLAGER,DEAD,Udon
8,status,7,VILLAGER,DEAD,Dummy_02
8,status,8,BODYGUARD,DEAD,fisherman
8,status,9,VILLAGER,DEAD,takeda
8,status,10,WEREWOLF,DEAD,GO1DeNO
8,status,11,WEREWOLF,ALIVE,wasabi
8,status,12,VILLAGER,DEAD,fanfan
8,status,13,MEDIUM,DEAD,calups
8,status,14,VILLAGER,DEAD,sonoda
8,status,15,POSSESSED,DEAD,cantar
8,result,0,1,WEREWOLF
