0,status,1,VILLAGER,ALIVE,kenzi
0,status,2,VILLAGER,ALIVE,hello_wolf
0,status,3,VILLAGER,ALIVE,Dummy_01
0,status,4,VILLAGER,ALIVE,Tomato
0,status,5,WEREWOLF,ALIVE,Dummy_03
0,status,6,VILLAGER,ALIVE,Udon
0,status,7,VILLAGER,ALIVE,Dummy_02
0,status,8,BODYGUARD,ALIVE,fisherman
0,status,9,MEDIUM,ALIVE,takeda
0,status,10,VILLAGER,ALIVE,GO1DeNO
0,status,11,VILLAGER,ALIVE,wasabi
0,status,12,POSSESSED,ALIVE,fanfan
0,status,13,WEREWOLF,ALIVE,calups
0,status,14,SEER,ALIVE,sonoda
0,status,15,WEREWOLF,ALIVE,cantar
0,whisper,0,0,15,COMINGOUT Agent[15] SEER
0,whisper,1,0,13,COMINGOUT Agent[13] SEER
0,whisper,2,0,5,COMINGOUT Agent[05] MEDIUM
0,whisper,3,1,5,Skip
0,whisper,4,1,15,COMINGOUT Agent[15] SEER
0,whisper,5,1,13,Over
0,whisper,6,2,5,Skip
0,whisper,7,2,13,Over
0,whisper,8,2,15,COMINGOUT Agent[15] SEER
0,whisper,9,3,15,COMINGOUT Agent[15] SEER
0,whisper,10,3,5,Over
0,whisper,11,3,13,Over
0,whisper,12,4,13,Over
0,whisper,13,4,5,Over
0,whisper,14,4,15,COMINGOUT Agent[15] SEER
0,whisper,15,5,5,Over
0,whisper,16,5,15,COMINGOUT Agent[15] SEER
0,whisper,17,5,13,Over
0,whisper,18,6,5,Over
0,whisper,19,6,15,COMINGOUT Agent[15] SEER
0,whisper,20,6,13,Over
0,whisper,21,7,15,COMINGOUT Agent[15] SEER
0,whisper,22,7,5,Over
0,whisper,23,7,13,Over
0,whisper,24,8,5,Over
0,whisper,25,8,15,COMINGOUT Agent[15] SEER
0,whisper,26,8,13,Over
0,whisper,27,9,15,COMINGOUT Agent[15] SEER
0,whisper,28,9,5,Over
0,whisper,29,9,13,Over
0,whisper,30,10,15,Over
0,whisper,31,10,5,Over
0,whisper,32,10,13,Over
0,divine,14,1,HUMAN
1,status,1,VILLAGER,ALIVE,kenzi
1,status,2,VILLAGER,ALIVE,hello_wolf
1,status,3,VILLAGER,ALIVE,Dummy_01
1,status,4,VILLAGER,ALIVE,Tomato
1,status,5,WEREWOLF,ALIVE,Dummy_03
1,status,6,VILLAGER,ALIVE,Udon
1,status,7,VILLAGER,ALIVE,Dummy_02
1,status,8,BODYGUARD,ALIVE,fisherman
1,status,9,MEDIUM,ALIVE,takeda
1,status,10,VILLAGER,ALIVE,GO1DeNO
1,status,11,VILLAGER,ALIVE,wasabi
1,status,12,POSSESSED,ALIVE,fanfan
1,status,13,WEREWOLF,ALIVE,calups
1,status,14,SEER,ALIVE,sonoda
1,status,15,WEREWOLF,ALIVE,cantar
1,talk,0,0,3,Skip
1,talk,1,0,9,COMINGOUT Agent[09] MEDIUM
1,talk,2,0,8,ESTIMATE Agent[15] WEREWOLF
1,talk,3,0,12,COMINGOUT Agent[12] SEER
1,talk,4,0,5,Skip
1,talk,5,0,7,Skip
1,talk,6,0,2,VOTE Agent[11]
1,talk,7,0,6,VOTE Agent[14]
1,talk,8,0,1,Skip
1,talk,9,0,15,COMINGOUT Agent[15] SEER
1,talk,10,0,11,Skip
1,talk,11,0,14,COMINGOUT Agent[14] SEER
1,talk,12,0,13,COMINGOUT Agent[13] SEER
1,talk,13,0,4,VOTE Agent[12]
1,talk,14,0,10,VOTE Agent[11]
1,talk,15,1,4,VOTE Agent[11]
1,talk,16,1,3,Skip
1,talk,17,1,8,ESTIMATE Agent[03] WEREWOLF
1,talk,18,1,6,VOTE Agent[11]
1,talk,19,1,14,DIVINED Agent[01] HUMAN
1,talk,20,1,10,VOTE Agent[15]
1,talk,21,1,9,VOTE Agent[13]
1,talk,22,1,5,COMINGOUT Agent[05] MEDIUM
1,talk,23,1,11,ESTIMATE Agent[14] WEREWOLF
1,talk,24,1,13,DIVINED Agent[01] HUMAN
1,talk,25,1,2,VOTE Agent[15]
1,talk,26,1,15,COMINGOUT Agent[15] SEER
1,talk,27,1,12,DIVINED Agent[05] WEREWOLF
1,talk,28,1,7,Skip
1,talk,29,1,1,Skip
1,talk,30,2,9,VOTE Agent[05]
1,talk,31,2,15,COMINGOUT Agent[15] SEER
1,talk,32,2,2,VOTE Agent[13]
1,talk,33,2,8,ESTIMATE Agent[13] WEREWOLF
1,talk,34,2,7,AND (VOTE Agent[02]) (REQUEST ANY (VOTE Agent[02]))
1,talk,35,2,3,AND (VOTE Agent[08]) (REQUEST ANY (VOTE Agent[08]))
1,talk,36,2,12,VOTE Agent[05]
1,talk,37,2,1,GUARDED Agent[12]
1,talk,38,2,6,VOTE Agent[05]
1,talk,39,2,4,Skip
1,talk,40,2,10,VOTE Agent[13]
1,talk,41,2,5,BECAUSE (AND (COMINGOUT Agent[05] MEDIUM) (Agent[09] COMINGOUT Agent[09] MEDIUM)) (XOR (ESTIMATE Agent[09] WEREWOLF) (ESTIMATE Agent[09] POSSESSED))
1,talk,42,2,11,Skip
1,talk,43,2,14,VOTE Agent[05]
1,talk,44,2,13,Skip
1,talk,45,3,14,Skip
1,talk,46,3,7,AND (VOTE Agent[08]) (REQUEST ANY (VOTE Agent[08]))
1,talk,47,3,11,VOTE Agent[05]
1,talk,48,3,13,Skip
1,talk,49,3,3,AND (VOTE Agent[02]) (REQUEST ANY (VOTE Agent[02]))
1,talk,50,3,15,COMINGOUT Agent[15] SEER
1,talk,51,3,4,VOTE Agent[05]
1,talk,52,3,2,VOTE Agent[05]
1,talk,53,3,9,VOTE Agent[15]
1,talk,54,3,5,BECAUSE (XOR (ESTIMATE Agent[09] WEREWOLF) (ESTIMATE Agent[09] POSSESSED)) (AND (VOTE Agent[09]) (REQUEST ANY (VOTE Agent[09])))
1,talk,55,3,8,VOTE Agent[05]
1,talk,56,3,6,Over
1,talk,57,3,1,DISAGREE TALK day1 ID:8
1,talk,58,3,10,VOTE Agent[05]
1,talk,59,3,12,VOTE Agent[11]
1,talk,60,4,1,Skip
1,talk,61,4,15,COMINGOUT Agent[15] SEER
1,talk,62,4,13,Over
1,talk,63,4,10,Skip
1,talk,64,4,9,Skip
1,talk,65,4,2,Skip
1,talk,66,4,14,Skip
1,talk,67,4,6,Over
1,talk,68,4,4,Skip
1,talk,69,4,8,Skip
1,talk,70,4,5,Skip
1,talk,71,4,3,AND (VOTE Agent[08]) (REQUEST ANY (VOTE Agent[08]))
1,talk,72,4,12,VOTE Agent[05]
1,talk,73,4,7,AND (VOTE Agent[09]) (REQUEST ANY (VOTE Agent[09]))
1,talk,74,4,11,ESTIMATE Agent[15] WEREWOLF
1,talk,75,5,9,Skip
1,talk,76,5,8,Skip
1,talk,77,5,14,Over
1,talk,78,5,10,Skip
1,talk,79,5,13,OR (VOTE Agent[02]) (VOTE Agent[03]) (VOTE Agent[04]) (VOTE Agent[06]) (VOTE Agent[07]) (VOTE Agent[08]) (VOTE Agent[10]) (VOTE Agent[11]) 
1,talk,80,5,11,REQUEST ANY (VOTE Agent[05])
1,talk,81,5,6,Over
1,talk,82,5,15,COMINGOUT Agent[15] SEER
1,talk,83,5,3,AND (VOTE Agent[09]) (REQUEST ANY (VOTE Agent[09]))
1,talk,84,5,2,Skip
1,talk,85,5,7,Skip
1,talk,86,5,5,Skip
1,talk,87,5,1,VOTED Agent[09]
1,talk,88,5,4,Skip
1,talk,89,5,12,Skip
1,talk,90,6,3,AND (VOTE Agent[05]) (REQUEST ANY (VOTE Agent[05]))
1,talk,91,6,12,Skip
1,talk,92,6,5,Over
1,talk,93,6,11,Skip
1,talk,94,6,4,Over
1,talk,95,6,14,Over
1,talk,96,6,6,Over
1,talk,97,6,7,AND (VOTE Agent[05]) (REQUEST ANY (VOTE Agent[05]))
1,talk,98,6,9,Over
1,talk,99,6,8,Over
1,talk,100,6,13,Over
1,talk,101,6,2,Over
1,talk,102,6,1,ATTACK Agent[09]
1,talk,103,6,15,COMINGOUT Agent[15] SEER
1,talk,104,6,10,Over
1,talk,105,7,1,Skip
1,talk,106,7,12,Over
1,talk,107,7,9,Over
1,talk,108,7,15,COMINGOUT Agent[15] SEER
1,talk,109,7,14,Over
1,talk,110,7,3,AND (VOTE Agent[09]) (REQUEST ANY (VOTE Agent[09]))
1,talk,111,7,7,Skip
1,talk,112,7,10,Over
1,talk,113,7,5,Over
1,talk,114,7,2,Over
1,talk,115,7,8,Over
1,talk,116,7,4,Over
1,talk,117,7,6,Over
1,talk,118,7,13,Over
1,talk,119,7,11,ESTIMATE Agent[06] VILLAGER
1,talk,120,8,11,Skip
1,talk,121,8,6,Over
1,talk,122,8,2,Over
1,talk,123,8,10,Over
1,talk,124,8,15,COMINGOUT Agent[15] SEER
1,talk,125,8,13,Over
1,talk,126,8,3,Skip
1,talk,127,8,12,Over
1,talk,128,8,4,Over
1,talk,129,8,9,Over
1,talk,130,8,14,Over
1,talk,131,8,5,Over
1,talk,132,8,1,Skip
1,talk,133,8,8,Over
1,talk,134,8,7,AND (VOTE Agent[09]) (REQUEST ANY (VOTE Agent[09]))
1,talk,135,9,9,Over
1,talk,136,9,13,Over
1,talk,137,9,10,Over
1,talk,138,9,2,Over
1,talk,139,9,5,Over
1,talk,140,9,15,COMINGOUT Agent[15] SEER
1,talk,141,9,4,Over
1,talk,142,9,11,Over
1,talk,143,9,12,Over
1,talk,144,9,8,Over
1,talk,145,9,7,Skip
1,talk,146,9,14,Over
1,talk,147,9,6,Over
1,talk,148,9,1,Over
1,talk,149,9,3,AND (VOTE Agent[05]) (REQUEST ANY (VOTE Agent[05]))
1,talk,150,10,13,Over
1,talk,151,10,7,AND (VOTE Agent[05]) (REQUEST ANY (VOTE Agent[05]))
1,talk,152,10,9,Over
1,talk,153,10,10,Over
1,talk,154,10,8,Over
1,talk,155,10,6,Over
1,talk,156,10,3,Skip
1,talk,157,10,15,Over
1,talk,158,10,5,Over
1,talk,159,10,2,Over
1,talk,160,10,1,AGREE TALK day1 ID:109
1,talk,161,10,11,Over
1,talk,162,10,14,Over
1,talk,163,10,4,Over
1,talk,164,10,12,Over
1,talk,165,11,4,Over
1,talk,166,11,10,Over
1,talk,167,11,5,Over
1,talk,168,11,12,Over
1,talk,169,11,11,Over
1,talk,170,11,14,Over
1,talk,171,11,13,Over
1,talk,172,11,8,Over
1,talk,173,11,9,Over
1,talk,174,11,3,AND (VOTE Agent[09]) (REQUEST ANY (VOTE Agent[09]))
1,talk,175,11,7,Skip
1,talk,176,11,2,Over
1,talk,177,11,6,Over
1,talk,178,11,1,GUARD Agent[05]
1,talk,179,11,15,Over
1,talk,180,12,10,Over
1,talk,181,12,7,Skip
1,talk,182,12,1,ESTIMATE Agent[07] FOX
1,talk,183,12,3,Skip
1,talk,184,12,12,Over
1,talk,185,12,4,Over
1,talk,186,12,8,Over
1,talk,187,12,11,Over
1,talk,188,12,9,Over
1,talk,189,12,14,Over
1,talk,190,12,2,Over
1,talk,191,12,15,Over
1,talk,192,12,13,Over
1,talk,193,12,5,Over
1,talk,194,12,6,Over
1,talk,195,13,5,Over
1,talk,196,13,15,Over
1,talk,197,13,14,Over
1,talk,198,13,10,Over
1,talk,199,13,11,Over
1,talk,200,13,2,Over
1,talk,201,13,12,Over
1,talk,202,13,4,Over
1,talk,203,13,7,Over
1,talk,204,13,3,Skip
1,talk,205,13,9,Over
1,talk,206,13,13,Over
1,talk,207,13,1,ATTACKED Agent[12]
1,talk,208,13,6,Over
1,talk,209,13,8,Over
1,talk,210,14,15,Over
1,talk,211,14,8,Over
1,talk,212,14,11,Over
1,talk,213,14,4,Over
1,talk,214,14,6,Over
1,talk,215,14,14,Over
1,talk,216,14,10,Over
1,talk,217,14,13,Over
1,talk,218,14,12,Over
1,talk,219,14,2,Over
1,talk,220,14,5,Over
1,talk,221,14,3,Over
1,talk,222,14,7,Over
1,talk,223,14,1,Agent[15] DIVINED Agent[07] WEREWOLF
1,talk,224,14,9,Over
1,talk,225,15,11,Over
1,talk,226,15,9,Over
1,talk,227,15,15,Over
1,talk,228,15,8,Over
1,talk,229,15,14,Over
1,talk,230,15,6,Over
1,talk,231,15,5,Over
1,talk,232,15,4,Over
1,talk,233,15,10,Over
1,talk,234,15,13,Over
1,talk,235,15,1,DIVINATION Agent[10]
1,talk,236,15,12,Over
1,talk,237,15,2,Over
1,talk,238,15,3,Over
1,talk,239,15,7,BECAUSE (AND (COMINGOUT Agent[07] VILLAGER) (DAY 1 (Agent[15] DIVINED Agent[07] WEREWOLF))) (XOR (ESTIMATE Agent[15] WEREWOLF) (ESTIMATE Agent[15] POSSESSED))
1,talk,240,16,4,Over
1,talk,241,16,9,Over
1,talk,242,16,11,Over
1,talk,243,16,10,Over
1,talk,244,16,2,Over
1,talk,245,16,5,Over
1,talk,246,16,1,Over
1,talk,247,16,7,BECAUSE (XOR (ESTIMATE Agent[15] WEREWOLF) (ESTIMATE Agent[15] POSSESSED)) (AND (VOTE Agent[15]) (REQUEST ANY (VOTE Agent[15])))
1,talk,248,16,13,Over
1,talk,249,16,12,Over
1,talk,250,16,8,Over
1,talk,251,16,3,Over
1,talk,252,16,14,Over
1,talk,253,16,6,Over
1,talk,254,16,15,Over
1,talk,255,17,1,Over
1,talk,256,17,10,Over
1,talk,257,17,7,Skip
1,talk,258,17,13,Over
1,talk,259,17,5,Over
1,talk,260,17,6,Over
1,talk,261,17,4,Over
1,talk,262,17,2,Over
1,talk,263,17,11,Over
1,talk,264,17,12,Over
1,talk,265,17,14,Over
1,talk,266,17,9,Over
1,talk,267,17,3,AND (VOTE Agent[05]) (REQUEST ANY (VOTE Agent[05]))
1,talk,268,17,8,Over
1,talk,269,17,15,Over
1,talk,270,18,7,Skip
1,talk,271,18,14,Over
1,talk,272,18,12,Over
1,talk,273,18,1,Over
1,talk,274,18,6,Over
1,talk,275,18,4,Over
1,talk,276,18,13,Over
1,talk,277,18,9,Over
1,talk,278,18,11,Over
1,talk,279,18,2,Over
1,talk,280,18,8,Over
1,talk,281,18,10,Over
1,talk,282,18,5,Over
1,talk,283,18,3,Skip
1,talk,284,18,15,Over
1,talk,285,19,11,Over
1,talk,286,19,4,Over
1,talk,287,19,13,Over
1,talk,288,19,7,Over
1,talk,289,19,15,Over
1,talk,290,19,5,Over
1,talk,291,19,1,Over
1,talk,292,19,14,Over
1,talk,293,19,2,Over
1,talk,294,19,10,Over
1,talk,295,19,3,Skip
1,talk,296,19,12,Over
1,talk,297,19,8,Over
1,talk,298,19,6,Over
1,talk,299,19,9,Over
1,vote,1,13
1,vote,2,5
1,vote,3,5
1,vote,4,5
1,vote,5,9
1,vote,6,5
1,vote,7,15
1,vote,8,5
1,vote,9,15
1,vote,10,5
1,vote,11,5
1,vote,12,5
1,vote,13,2
1,vote,14,5
1,vote,15,1
1,execute,5,WEREWOLF
1,divine,14,12,HUMAN
1,whisper,0,0,13,Over
1,whisper,1,0,15,Skip
1,whisper,2,1,15,Skip
1,whisper,3,1,13,Over
1,whisper,4,2,15,Over
1,whisper,5,2,13,Over
1,guard,8,14,SEER
1,attackVote,13,11
1,attackVote,15,9
1,attackVote,13,11
1,attackVote,15,9
1,attack,11,true
2,status,1,VILLAGER,ALIVE,kenzi
2,status,2,VILLAGER,ALIVE,hello_wolf
2,status,3,VILLAGER,ALIVE,Dummy_01
2,status,4,VILLAGER,ALIVE,Tomato
2,status,5,WEREWOLF,DEAD,Dummy_03
2,status,6,VILLAGER,ALIVE,Udon
2,status,7,VILLAGER,ALIVE,Dummy_02
2,status,8,BODYGUARD,ALIVE,fisherman
2,status,9,MEDIUM,ALIVE,takeda
2,status,10,VILLAGER,ALIVE,GO1DeNO
2,status,11,VILLAGER,DEAD,wasabi
2,status,12,POSSESSED,ALIVE,fanfan
2,status,13,WEREWOLF,ALIVE,calups
2,status,14,SEER,ALIVE,sonoda
2,status,15,WEREWOLF,ALIVE,cantar
2,talk,0,0,13,DIVINED Agent[02] HUMAN
2,talk,1,0,7,BECAUSE (AND (COMINGOUT Agent[07] VILLAGER) (DAY 1 (Agent[15] DIVINED Agent[07] WEREWOLF))) (XOR (ESTIMATE Agent[15] WEREWOLF) (ESTIMATE Agent[15] POSSESSED))
2,talk,2,0,9,IDENTIFIED Agent[05] WEREWOLF
2,talk,3,0,4,VOTE Agent[01]
2,talk,4,0,6,VOTE Agent[15]
2,talk,5,0,8,ESTIMATE Agent[15] WEREWOLF
2,talk,6,0,10,VOTE Agent[15]
2,talk,7,0,2,VOTE Agent[15]
2,talk,8,0,14,DIVINED Agent[12] HUMAN
2,talk,9,0,3,Skip
2,talk,10,0,1,VOTE Agent[12]
2,talk,11,0,15,COMINGOUT Agent[15] SEER
2,talk,12,0,12,DIVINED Agent[01] WEREWOLF
2,talk,13,1,1,VOTED Agent[14]
2,talk,14,1,3,Skip
2,talk,15,1,4,VOTE Agent[15]
2,talk,16,1,12,VOTE Agent[01]
2,talk,17,1,10,VOTE Agent[01]
2,talk,18,1,6,VOTE Agent[04]
2,talk,19,1,7,Skip
2,talk,20,1,8,ESTIMATE Agent[13] WEREWOLF
2,talk,21,1,15,COMINGOUT Agent[15] SEER
2,talk,22,1,13,Skip
2,talk,23,1,9,Skip
2,talk,24,1,2,Skip
2,talk,25,1,14,VOTE Agent[09]
2,talk,26,2,1,Skip
2,talk,27,2,4,Skip
2,talk,28,2,7,BECAUSE (XOR (ESTIMATE Agent[15] WEREWOLF) (ESTIMATE Agent[15] POSSESSED)) (AND (VOTE Agent[15]) (REQUEST ANY (VOTE Agent[15])))
2,talk,29,2,8,ESTIMATE Agent[01] WEREWOLF
2,talk,30,2,14,Skip
2,talk,31,2,3,AND (VOTE Agent[10]) (REQUEST ANY (VOTE Agent[10]))
2,talk,32,2,2,Skip
2,talk,33,2,10,Skip
2,talk,34,2,13,Skip
2,talk,35,2,6,VOTE Agent[10]
2,talk,36,2,12,VOTE Agent[15]
2,talk,37,2,15,COMINGOUT Agent[15] SEER
2,talk,38,2,9,Skip
2,talk,39,3,9,Over
2,talk,40,3,6,Over
2,talk,41,3,7,Skip
2,talk,42,3,10,VOTE Agent[15]
2,talk,43,3,8,VOTE Agent[01]
2,talk,44,3,14,Skip
2,talk,45,3,2,Over
2,talk,46,3,3,AND (VOTE Agent[15]) (REQUEST ANY (VOTE Agent[15]))
2,talk,47,3,13,Over
2,talk,48,3,15,COMINGOUT Agent[15] SEER
2,talk,49,3,4,Skip
2,talk,50,3,1,ESTIMATE Agent[02] MEDIUM
2,talk,51,3,12,Skip
2,talk,52,4,7,Skip
2,talk,53,4,8,Skip
2,talk,54,4,6,VOTE Agent[15]
2,talk,55,4,3,Skip
2,talk,56,4,1,Over
2,talk,57,4,13,Over
2,talk,58,4,4,Over
2,talk,59,4,14,Over
2,talk,60,4,15,COMINGOUT Agent[15] SEER
2,talk,61,4,2,Over
2,talk,62,4,12,Skip
2,talk,63,4,10,Skip
2,talk,64,4,9,Over
2,talk,65,5,15,COMINGOUT Agent[15] SEER
2,talk,66,5,3,Skip
2,talk,67,5,1,Skip
2,talk,68,5,4,Over
2,talk,69,5,14,Over
2,talk,70,5,8,Skip
2,talk,71,5,2,Over
2,talk,72,5,9,Over
2,talk,73,5,7,Over
2,talk,74,5,6,Over
2,talk,75,5,12,Over
2,talk,76,5,13,OR (VOTE Agent[03]) (VOTE Agent[04]) (VOTE Agent[06]) (VOTE Agent[07]) (VOTE Agent[08]) (VOTE Agent[10]) 
2,talk,77,5,10,Skip
2,talk,78,6,7,Over
2,talk,79,6,4,Over
2,talk,80,6,8,Over
2,talk,81,6,10,Over
2,talk,82,6,9,Over
2,talk,83,6,6,Over
2,talk,84,6,1,VOTE Agent[04]
2,talk,85,6,15,COMINGOUT Agent[15] SEER
2,talk,86,6,2,Over
2,talk,87,6,12,Over
2,talk,88,6,14,Over
2,talk,89,6,3,Over
2,talk,90,6,13,Over
2,talk,91,7,3,Over
2,talk,92,7,10,Over
2,talk,93,7,12,Over
2,talk,94,7,9,Over
2,talk,95,7,2,Over
2,talk,96,7,13,Over
2,talk,97,7,6,Over
2,talk,98,7,15,COMINGOUT Agent[15] SEER
2,talk,99,7,1,Skip
2,talk,100,7,4,Over
2,talk,101,7,14,Over
2,talk,102,7,8,Over
2,talk,103,7,7,Over
2,talk,104,8,3,Over
2,talk,105,8,15,COMINGOUT Agent[15] SEER
2,talk,106,8,12,Over
2,talk,107,8,13,Over
2,talk,108,8,10,Over
2,talk,109,8,4,Over
2,talk,110,8,1,Skip
2,talk,111,8,6,Over
2,talk,112,8,14,Over
2,talk,113,8,9,Over
2,talk,114,8,8,Over
2,talk,115,8,7,Over
2,talk,116,8,2,Over
2,talk,117,9,7,Over
2,talk,118,9,2,Over
2,talk,119,9,10,Over
2,talk,120,9,15,COMINGOUT Agent[15] SEER
2,talk,121,9,4,Over
2,talk,122,9,13,Over
2,talk,123,9,1,ATTACKED Agent[03]
2,talk,124,9,14,Over
2,talk,125,9,3,Over
2,talk,126,9,6,Over
2,talk,127,9,9,Over
2,talk,128,9,12,Over
2,talk,129,9,8,Over
2,talk,130,10,13,Over
2,talk,131,10,9,Over
2,talk,132,10,3,Over
2,talk,133,10,14,Over
2,talk,134,10,10,Over
2,talk,135,10,6,Over
2,talk,136,10,4,Over
2,talk,137,10,12,Over
2,talk,138,10,2,Over
2,talk,139,10,1,GUARDED Agent[04]
2,talk,140,10,15,Over
2,talk,141,10,7,Over
2,talk,142,10,8,Over
2,talk,143,11,4,Over
2,talk,144,11,1,AGREE TALK day2 ID:41
2,talk,145,11,3,Over
2,talk,146,11,8,Over
2,talk,147,11,6,Over
2,talk,148,11,10,Over
2,talk,149,11,12,Over
2,talk,150,11,14,Over
2,talk,151,11,7,Over
2,talk,152,11,15,Over
2,talk,153,11,9,Over
2,talk,154,11,13,Over
2,talk,155,11,2,Over
2,talk,156,12,10,Over
2,talk,157,12,15,Over
2,talk,158,12,8,Over
2,talk,159,12,12,Over
2,talk,160,12,2,Over
2,talk,161,12,1,GUARDED Agent[09]
2,talk,162,12,9,Over
2,talk,163,12,3,Over
2,talk,164,12,7,Over
2,talk,165,12,14,Over
2,talk,166,12,4,Over
2,talk,167,12,6,Over
2,talk,168,12,13,Over
2,talk,169,13,8,Over
2,talk,170,13,2,Over
2,talk,171,13,6,Over
2,talk,172,13,15,Over
2,talk,173,13,9,Over
2,talk,174,13,1,Skip
2,talk,175,13,14,Over
2,talk,176,13,10,Over
2,talk,177,13,13,Over
2,talk,178,13,3,Over
2,talk,179,13,12,Over
2,talk,180,13,4,Over
2,talk,181,13,7,Over
2,talk,182,14,8,Over
2,talk,183,14,12,Over
2,talk,184,14,4,Over
2,talk,185,14,10,Over
2,talk,186,14,15,Over
2,talk,187,14,6,Over
2,talk,188,14,3,Over
2,talk,189,14,7,Over
2,talk,190,14,9,Over
2,talk,191,14,13,Over
2,talk,192,14,14,Over
2,talk,193,14,1,DISAGREE TALK day2 ID:68
2,talk,194,14,2,Over
2,talk,195,15,2,Over
2,talk,196,15,4,Over
2,talk,197,15,3,Over
2,talk,198,15,10,Over
2,talk,199,15,6,Over
2,talk,200,15,15,Over
2,talk,201,15,7,Over
2,talk,202,15,8,Over
2,talk,203,15,12,Over
2,talk,204,15,1,IDENTIFIED Agent[12] HUMAN
2,talk,205,15,9,Over
2,talk,206,15,13,Over
2,talk,207,15,14,Over
2,talk,208,16,14,Over
2,talk,209,16,9,Over
2,talk,210,16,15,Over
2,talk,211,16,6,Over
2,talk,212,16,3,Over
2,talk,213,16,1,Over
2,talk,214,16,10,Over
2,talk,215,16,8,Over
2,talk,216,16,4,Over
2,talk,217,16,7,Over
2,talk,218,16,13,Over
2,talk,219,16,2,Over
2,talk,220,16,12,Over
2,vote,1,10
2,vote,2,15
2,vote,3,15
2,vote,4,15
2,vote,6,15
2,vote,7,15
2,vote,8,1
2,vote,9,15
2,vote,10,15
2,vote,12,15
2,vote,13,3
2,vote,14,9
2,vote,15,7
2,execute,15,WEREWOLF
2,divine,14,9,HUMAN
2,guard,8,14,SEER
2,attackVote,13,10
2,attack,10,true
3,status,1,VILLAGER,ALIVE,kenzi
3,status,2,VILLAGER,ALIVE,hello_wolf
3,status,3,VILLAGER,ALIVE,Dummy_01
3,status,4,VILLAGER,ALIVE,Tomato
3,status,5,WEREWOLF,DEAD,Dummy_03
3,status,6,VILLAGER,ALIVE,Udon
3,status,7,VILLAGER,ALIVE,Dummy_02
3,status,8,BODYGUARD,ALIVE,fisherman
3,status,9,MEDIUM,ALIVE,takeda
3,status,10,VILLAGER,DEAD,GO1DeNO
3,status,11,VILLAGER,DEAD,wasabi
3,status,12,POSSESSED,ALIVE,fanfan
3,status,13,WEREWOLF,ALIVE,calups
3,status,14,SEER,ALIVE,sonoda
3,status,15,WEREWOLF,DEAD,cantar
3,talk,0,0,9,IDENTIFIED Agent[15] WEREWOLF
3,talk,1,0,4,VOTE Agent[01]
3,talk,2,0,2,VOTE Agent[13]
3,talk,3,0,8,ESTIMATE Agent[15] WEREWOLF
3,talk,4,0,14,DIVINED Agent[09] HUMAN
3,talk,5,0,12,DIVINED Agent[14] WEREWOLF
3,talk,6,0,1,VOTED Agent[14]
3,talk,7,0,7,Skip
3,talk,8,0,6,VOTE Agent[09]
3,talk,9,0,13,DIVINED Agent[03] HUMAN
3,talk,10,0,3,Skip
3,talk,11,1,2,Skip
3,talk,12,1,3,Skip
3,talk,13,1,12,VOTE Agent[01]
3,talk,14,1,14,VOTE Agent[08]
3,talk,15,1,8,ESTIMATE Agent[05] WEREWOLF
3,talk,16,1,13,Skip
3,talk,17,1,9,VOTE Agent[13]
3,talk,18,1,4,VOTE Agent[09]
3,talk,19,1,6,VOTE Agent[04]
3,talk,20,1,7,Skip
3,talk,21,1,1,ATTACKED Agent[04]
3,talk,22,2,4,VOTE Agent[13]
3,talk,23,2,7,AND (VOTE Agent[02]) (REQUEST ANY (VOTE Agent[02]))
3,talk,24,2,8,ESTIMATE Agent[02] WEREWOLF
3,talk,25,2,13,Skip
3,talk,26,2,1,VOTED Agent[14]
3,talk,27,2,12,Skip
3,talk,28,2,6,Over
3,talk,29,2,3,AND (VOTE Agent[12]) (REQUEST ANY (VOTE Agent[12]))
3,talk,30,2,9,Skip
3,talk,31,2,2,Skip
3,talk,32,2,14,Skip
3,talk,33,3,2,Over
3,talk,34,3,8,VOTE Agent[01]
3,talk,35,3,6,VOTE Agent[07]
3,talk,36,3,4,Skip
3,talk,37,3,14,Skip
3,talk,38,3,7,AND (VOTE Agent[12]) (REQUEST ANY (VOTE Agent[12]))
3,talk,39,3,13,Over
3,talk,40,3,1,ATTACKED Agent[06]
3,talk,41,3,12,Skip
3,talk,42,3,3,AND (VOTE Agent[02]) (REQUEST ANY (VOTE Agent[02]))
3,talk,43,3,9,Skip
3,talk,44,4,13,Over
3,talk,45,4,9,Over
3,talk,46,4,2,Over
3,talk,47,4,6,Over
3,talk,48,4,4,VOTE Agent[01]
3,talk,49,4,8,Skip
3,talk,50,4,12,Over
3,talk,51,4,1,Over
3,talk,52,4,3,AND (VOTE Agent[12]) (REQUEST ANY (VOTE Agent[12]))
3,talk,53,4,14,Over
3,talk,54,4,7,AND (VOTE Agent[02]) (REQUEST ANY (VOTE Agent[02]))
3,talk,55,5,3,AND (VOTE Agent[02]) (REQUEST ANY (VOTE Agent[02]))
3,talk,56,5,4,VOTE Agent[02]
3,talk,57,5,14,Over
3,talk,58,5,2,Over
3,talk,59,5,8,Skip
3,talk,60,5,1,ATTACK Agent[03]
3,talk,61,5,9,Over
3,talk,62,5,12,Over
3,talk,63,5,6,VOTE Agent[01]
3,talk,64,5,13,OR (VOTE Agent[04]) (VOTE Agent[06]) (VOTE Agent[07]) (VOTE Agent[08]) 
3,talk,65,5,7,AND (VOTE Agent[12]) (REQUEST ANY (VOTE Agent[12]))
3,talk,66,6,3,AND (VOTE Agent[12]) (REQUEST ANY (VOTE Agent[12]))
3,talk,67,6,7,AND (VOTE Agent[02]) (REQUEST ANY (VOTE Agent[02]))
3,talk,68,6,13,Over
3,talk,69,6,8,Over
3,talk,70,6,9,Over
3,talk,71,6,1,VOTED Agent[07]
3,talk,72,6,14,Over
3,talk,73,6,4,Skip
3,talk,74,6,12,Over
3,talk,75,6,6,Over
3,talk,76,6,2,Over
3,talk,77,7,9,Over
3,talk,78,7,7,AND (VOTE Agent[12]) (REQUEST ANY (VOTE Agent[12]))
3,talk,79,7,4,Skip
3,talk,80,7,2,Over
3,talk,81,7,3,AND (VOTE Agent[02]) (REQUEST ANY (VOTE Agent[02]))
3,talk,82,7,14,Over
3,talk,83,7,1,ATTACK Agent[12]
3,talk,84,7,8,Over
3,talk,85,7,6,Over
3,talk,86,7,13,Over
3,talk,87,7,12,Over
3,talk,88,8,14,Over
3,talk,89,8,7,AND (VOTE Agent[02]) (REQUEST ANY (VOTE Agent[02]))
3,talk,90,8,8,Over
3,talk,91,8,13,Over
3,talk,92,8,4,Over
3,talk,93,8,12,Over
3,talk,94,8,6,Over
3,talk,95,8,3,AND (VOTE Agent[12]) (REQUEST ANY (VOTE Agent[12]))
3,talk,96,8,1,GUARDED Agent[14]
3,talk,97,8,9,Over
3,talk,98,8,2,Over
3,talk,99,9,8,Over
3,talk,100,9,14,Over
3,talk,101,9,1,Agent[12] DIVINED Agent[08] HUMAN
3,talk,102,9,9,Over
3,talk,103,9,2,Over
3,talk,104,9,12,Over
3,talk,105,9,13,Over
3,talk,106,9,6,Over
3,talk,107,9,4,Over
3,talk,108,9,7,AND (VOTE Agent[12]) (REQUEST ANY (VOTE Agent[12]))
3,talk,109,9,3,AND (VOTE Agent[02]) (REQUEST ANY (VOTE Agent[02]))
3,talk,110,10,6,Over
3,talk,111,10,1,GUARD Agent[04]
3,talk,112,10,13,Over
3,talk,113,10,12,Over
3,talk,114,10,2,Over
3,talk,115,10,8,Over
3,talk,116,10,4,Over
3,talk,117,10,14,Over
3,talk,118,10,3,AND (VOTE Agent[12]) (REQUEST ANY (VOTE Agent[12]))
3,talk,119,10,9,Over
3,talk,120,10,7,AND (VOTE Agent[02]) (REQUEST ANY (VOTE Agent[02]))
3,talk,121,11,12,Over
3,talk,122,11,6,Over
3,talk,123,11,1,Over
3,talk,124,11,3,AND (VOTE Agent[02]) (REQUEST ANY (VOTE Agent[02]))
3,talk,125,11,9,Over
3,talk,126,11,4,Over
3,talk,127,11,2,Over
3,talk,128,11,13,Over
3,talk,129,11,7,AND (VOTE Agent[12]) (REQUEST ANY (VOTE Agent[12]))
3,talk,130,11,14,Over
3,talk,131,11,8,Over
3,talk,132,12,3,Over
3,talk,133,12,4,Over
3,talk,134,12,2,Over
3,talk,135,12,13,Over
3,talk,136,12,14,Over
3,talk,137,12,9,Over
3,talk,138,12,8,Over
3,talk,139,12,6,Over
3,talk,140,12,1,Over
3,talk,141,12,12,Over
3,talk,142,12,7,Over
3,vote,1,4
3,vote,2,13
3,vote,3,12
3,vote,4,2
3,vote,6,1
3,vote,7,2
3,vote,8,1
3,vote,9,13
3,vote,12,1
3,vote,13,8
3,vote,14,8
3,execute,1,VILLAGER
3,divine,14,7,HUMAN
3,guard,8,14,SEER
3,attackVote,13,7
3,attack,7,true
4,status,1,VILLAGER,DEAD,kenzi
4,status,2,VILLAGER,ALIVE,hello_wolf
4,status,3,VILLAGER,ALIVE,Dummy_01
4,status,4,VILLAGER,ALIVE,Tomato
4,status,5,WEREWOLF,DEAD,Dummy_03
4,status,6,VILLAGER,ALIVE,Udon
4,status,7,VILLAGER,DEAD,Dummy_02
4,status,8,BODYGUARD,ALIVE,fisherman
4,status,9,MEDIUM,ALIVE,takeda
4,status,10,VILLAGER,DEAD,GO1DeNO
4,status,11,VILLAGER,DEAD,wasabi
4,status,12,POSSESSED,ALIVE,fanfan
4,status,13,WEREWOLF,ALIVE,calups
4,status,14,SEER,ALIVE,sonoda
4,status,15,WEREWOLF,DEAD,cantar
4,talk,0,0,12,VOTE Agent[09]
4,talk,1,0,6,VOTE Agent[13]
4,talk,2,0,14,DIVINED Agent[07] HUMAN
4,talk,3,0,9,IDENTIFIED Agent[01] HUMAN
4,talk,4,0,8,ESTIMATE Agent[15] WEREWOLF
4,talk,5,0,4,VOTE Agent[06]
4,talk,6,0,3,Skip
4,talk,7,0,13,DIVINED Agent[08] HUMAN
4,talk,8,0,2,VOTE Agent[13]
4,talk,9,1,9,Skip
4,talk,10,1,4,VOTE Agent[13]
4,talk,11,1,14,VOTE Agent[13]
4,talk,12,1,2,VOTE Agent[04]
4,talk,13,1,13,Skip
4,talk,14,1,6,Over
4,talk,15,1,12,Skip
4,talk,16,1,3,Skip
4,talk,17,1,8,ESTIMATE Agent[05] WEREWOLF
4,talk,18,2,2,Skip
4,talk,19,2,4,Skip
4,talk,20,2,13,Skip
4,talk,21,2,6,Over
4,talk,22,2,12,Skip
4,talk,23,2,14,Skip
4,talk,24,2,8,ESTIMATE Agent[02] WEREWOLF
4,talk,25,2,9,Skip
4,talk,26,2,3,AND (VOTE Agent[14]) (REQUEST ANY (VOTE Agent[14]))
4,talk,27,3,14,Skip
4,talk,28,3,6,Over
4,talk,29,3,3,Skip
4,talk,30,3,4,Skip
4,talk,31,3,8,VOTE Agent[14]
4,talk,32,3,13,Over
4,talk,33,3,12,Over
4,talk,34,3,9,Over
4,talk,35,3,2,Skip
4,talk,36,4,9,Over
4,talk,37,4,3,Skip
4,talk,38,4,6,VOTE Agent[12]
4,talk,39,4,2,Over
4,talk,40,4,8,Skip
4,talk,41,4,14,Over
4,talk,42,4,4,Over
4,talk,43,4,12,Over
4,talk,44,4,13,Over
4,talk,45,5,4,Over
4,talk,46,5,2,Over
4,talk,47,5,12,Over
4,talk,48,5,8,Skip
4,talk,49,5,9,Over
4,talk,50,5,3,Over
4,talk,51,5,6,Over
4,talk,52,5,13,OR (VOTE Agent[04]) (VOTE Agent[06]) 
4,talk,53,5,14,Over
4,talk,54,6,13,Over
4,talk,55,6,9,Over
4,talk,56,6,8,Over
4,talk,57,6,12,Over
4,talk,58,6,3,Over
4,talk,59,6,4,Over
4,talk,60,6,14,Over
4,talk,61,6,6,Over
4,talk,62,6,2,Over
4,vote,2,4
4,vote,3,14
4,vote,4,13
4,vote,6,12
4,vote,8,14
4,vote,9,13
4,vote,12,9
4,vote,13,4
4,vote,14,13
4,execute,13,WEREWOLF
4,divine,14,6,HUMAN
4,guard,8,12,POSSESSED
5,status,1,VILLAGER,DEAD,kenzi
5,status,2,VILLAGER,ALIVE,hello_wolf
5,status,3,VILLAGER,ALIVE,Dummy_01
5,status,4,VILLAGER,ALIVE,Tomato
5,status,5,WEREWOLF,DEAD,Dummy_03
5,status,6,VILLAGER,ALIVE,Udon
5,status,7,VILLAGER,DEAD,Dummy_02
5,status,8,BODYGUARD,ALIVE,fisherman
5,status,9,MEDIUM,ALIVE,takeda
5,status,10,VILLAGER,DEAD,GO1DeNO
5,status,11,VILLAGER,DEAD,wasabi
5,status,12,POSSESSED,ALIVE,fanfan
5,status,13,WEREWOLF,DEAD,calups
5,status,14,SEER,ALIVE,sonoda
5,status,15,WEREWOLF,DEAD,cantar
5,result,8,0,VILLAGER
