0,status,1,VILLAGER,ALIVE,kenzi
0,status,2,SEER,ALIVE,hello_wolf
0,status,3,VILLAGER,ALIVE,Dummy_01
0,status,4,WEREWOLF,ALIVE,Tomato
0,status,5,VILLAGER,ALIVE,Dummy_03
0,status,6,WEREWOLF,ALIVE,Udon
0,status,7,MEDIUM,ALIVE,Dummy_02
0,status,8,VILLAGER,ALIVE,fisherman
0,status,9,BODYGUARD,ALIVE,takeda
0,status,10,VILLAGER,ALIVE,GO1DeNO
0,status,11,WEREWOLF,ALIVE,wasabi
0,status,12,VILLAGER,ALIVE,fanfan
0,status,13,VILLAGER,ALIVE,calups
0,status,14,VILLAGER,ALIVE,sonoda
0,status,15,POSSESSED,ALIVE,cantar
0,whisper,0,0,6,Over
0,whisper,1,0,4,COMINGOUT Agent[04] VILLAGER
0,whisper,2,0,11,ATTACK Agent[10]
0,whisper,3,1,6,Over
0,whisper,4,1,4,Skip
0,whisper,5,1,11,ATTACK Agent[12]
0,whisper,6,2,11,ATTACK Agent[13]
0,whisper,7,2,6,Over
0,whisper,8,2,4,Skip
0,whisper,9,3,4,Over
0,whisper,10,3,11,Over
0,whisper,11,3,6,Over
0,divine,2,11,WEREWOLF
1,status,1,VILLAGER,ALIVE,kenzi
1,status,2,SEER,ALIVE,hello_wolf
1,status,3,VILLAGER,ALIVE,Dummy_01
1,status,4,WEREWOLF,ALIVE,Tomato
1,status,5,VILLAGER,ALIVE,Dummy_03
1,status,6,WEREWOLF,ALIVE,Udon
1,status,7,MEDIUM,ALIVE,Dummy_02
1,status,8,VILLAGER,ALIVE,fisherman
1,status,9,BODYGUARD,ALIVE,takeda
1,status,10,VILLAGER,ALIVE,GO1DeNO
1,status,11,WEREWOLF,ALIVE,wasabi
1,status,12,VILLAGER,ALIVE,fanfan
1,status,13,VILLAGER,ALIVE,calups
1,status,14,VILLAGER,ALIVE,sonoda
1,status,15,POSSESSED,ALIVE,cantar
1,talk,0,0,1,VOTED Agent[03]
1,talk,1,0,7,Skip
1,talk,2,0,11,Skip
1,talk,3,0,6,VOTE Agent[14]
1,talk,4,0,5,Skip
1,talk,5,0,14,VOTE Agent[01]
1,talk,6,0,12,VOTE Agent[11]
1,talk,7,0,9,VOTE Agent[11]
1,talk,8,0,13,Skip
1,talk,9,0,15,COMINGOUT Agent[15] SEER
1,talk,10,0,8,VOTE Agent[11]
1,talk,11,0,4,VOTE Agent[09]
1,talk,12,0,10,VOTE Agent[11]
1,talk,13,0,2,COMINGOUT Agent[02] SEER
1,talk,14,0,3,Skip
1,talk,15,1,10,VOTE Agent[04]
1,talk,16,1,12,VOTE Agent[14]
1,talk,17,1,14,VOTE Agent[03]
1,talk,18,1,1,VOTE Agent[08]
1,talk,19,1,13,Skip
1,talk,20,1,2,DIVINED Agent[11] WEREWOLF
1,talk,21,1,8,Skip
1,talk,22,1,3,Skip
1,talk,23,1,9,VOTE Agent[12]
1,talk,24,1,6,Over
1,talk,25,1,4,VOTE Agent[11]
1,talk,26,1,5,Skip
1,talk,27,1,11,ESTIMATE Agent[01] WEREWOLF
1,talk,28,1,7,Skip
1,talk,29,1,15,DIVINED Agent[01] HUMAN
1,talk,30,2,8,Skip
1,talk,31,2,14,VOTE Agent[11]
1,talk,32,2,3,AND (VOTE Agent[14]) (REQUEST ANY (VOTE Agent[14]))
1,talk,33,2,10,VOTE Agent[11]
1,talk,34,2,12,VOTE Agent[11]
1,talk,35,2,13,Over
1,talk,36,2,9,VOTE Agent[08]
1,talk,37,2,4,Skip
1,talk,38,2,5,AND (VOTE Agent[02]) (REQUEST ANY (VOTE Agent[02]))
1,talk,39,2,6,VOTE Agent[11]
1,talk,40,2,7,AND (VOTE Agent[08]) (REQUEST ANY (VOTE Agent[08]))
1,talk,41,2,1,Skip
1,talk,42,2,11,ESTIMATE Agent[02] WEREWOLF
1,talk,43,2,15,ESTIMATE Agent[01] WEREWOLF
1,talk,44,2,2,VOTE Agent[11]
1,talk,45,3,10,Skip
1,talk,46,3,12,Skip
1,talk,47,3,1,Skip
1,talk,48,3,13,Over
1,talk,49,3,15,VOTE Agent[01]
1,talk,50,3,5,AND (VOTE Agent[14]) (REQUEST ANY (VOTE Agent[14]))
1,talk,51,3,6,Over
1,talk,52,3,3,AND (VOTE Agent[02]) (REQUEST ANY (VOTE Agent[02]))
1,talk,53,3,8,Over
1,talk,54,3,14,Skip
1,talk,55,3,9,VOTE Agent[11]
1,talk,56,3,11,VOTE Agent[09]
1,talk,57,3,2,Skip
1,talk,58,3,4,Skip
1,talk,59,3,7,AND (VOTE Agent[14]) (REQUEST ANY (VOTE Agent[14]))
1,talk,60,4,6,Over
1,talk,61,4,7,Skip
1,talk,62,4,5,Skip
1,talk,63,4,4,Over
1,talk,64,4,8,Over
1,talk,65,4,14,Skip
1,talk,66,4,15,Skip
1,talk,67,4,3,AND (VOTE Agent[14]) (REQUEST ANY (VOTE Agent[14]))
1,talk,68,4,11,VOTE Agent[14]
1,talk,69,4,10,Skip
1,talk,70,4,2,Skip
1,talk,71,4,1,VOTED Agent[12]
1,talk,72,4,12,Skip
1,talk,73,4,13,Over
1,talk,74,4,9,Skip
1,talk,75,5,14,Over
1,talk,76,5,11,VOTE Agent[05]
1,talk,77,5,13,OR (VOTE Agent[03]) (VOTE Agent[04]) (VOTE Agent[05]) (VOTE Agent[06]) (VOTE Agent[07]) (VOTE Agent[08]) (VOTE Agent[09]) (VOTE Agent[10]) (VOTE Agent[12]) (VOTE Agent[14]) 
1,talk,78,5,10,Over
1,talk,79,5,5,Skip
1,talk,80,5,9,Skip
1,talk,81,5,7,Skip
1,talk,82,5,2,Over
1,talk,83,5,6,Over
1,talk,84,5,3,Skip
1,talk,85,5,1,AGREE TALK day1 ID:16
1,talk,86,5,15,Skip
1,talk,87,5,12,Over
1,talk,88,5,8,Over
1,talk,89,5,4,Over
1,talk,90,6,15,Over
1,talk,91,6,6,Over
1,talk,92,6,7,Over
1,talk,93,6,8,Over
1,talk,94,6,9,Over
1,talk,95,6,12,Over
1,talk,96,6,13,Over
1,talk,97,6,14,Over
1,talk,98,6,11,ESTIMATE Agent[02] WEREWOLF
1,talk,99,6,5,Over
1,talk,100,6,1,ESTIMATE Agent[13] FREEMASON
1,talk,101,6,10,Over
1,talk,102,6,3,Skip
1,talk,103,6,4,Over
1,talk,104,6,2,Over
1,talk,105,7,6,Over
1,talk,106,7,8,Over
1,talk,107,7,13,Over
1,talk,108,7,10,Over
1,talk,109,7,2,Over
1,talk,110,7,9,Over
1,talk,111,7,5,Over
1,talk,112,7,15,Over
1,talk,113,7,3,Over
1,talk,114,7,7,Over
1,talk,115,7,14,Over
1,talk,116,7,1,ATTACKED Agent[13]
1,talk,117,7,12,Over
1,talk,118,7,11,Skip
1,talk,119,7,4,Over
1,talk,120,8,13,Over
1,talk,121,8,9,Over
1,talk,122,8,5,Over
1,talk,123,8,11,VOTE Agent[09]
1,talk,124,8,2,Over
1,talk,125,8,12,Over
1,talk,126,8,10,Over
1,talk,127,8,1,IDENTIFIED Agent[02] WEREWOLF
1,talk,128,8,4,Over
1,talk,129,8,8,Over
1,talk,130,8,15,Over
1,talk,131,8,14,Over
1,talk,132,8,6,Over
1,talk,133,8,7,Over
1,talk,134,8,3,Over
1,talk,135,9,5,Over
1,talk,136,9,6,Over
1,talk,137,9,13,Over
1,talk,138,9,11,Over
1,talk,139,9,2,Over
1,talk,140,9,10,Over
1,talk,141,9,12,Over
1,talk,142,9,3,Over
1,talk,143,9,8,Over
1,talk,144,9,1,Agent[10] DIVINED Agent[09] WEREWOLF
1,talk,145,9,14,VOTE Agent[02]
1,talk,146,9,9,Over
1,talk,147,9,7,Over
1,talk,148,9,15,Over
1,talk,149,9,4,Over
1,talk,150,10,11,Over
1,talk,151,10,2,Over
1,talk,152,10,13,Over
1,talk,153,10,4,Over
1,talk,154,10,1,GUARD Agent[10]
1,talk,155,10,15,Over
1,talk,156,10,10,Over
1,talk,157,10,7,Over
1,talk,158,10,3,Over
1,talk,159,10,9,VOTE Agent[02]
1,talk,160,10,5,Over
1,talk,161,10,14,Over
1,talk,162,10,8,Over
1,talk,163,10,12,Over
1,talk,164,10,6,Over
1,talk,165,11,9,Skip
1,talk,166,11,10,Over
1,talk,167,11,7,Over
1,talk,168,11,3,Over
1,talk,169,11,6,Over
1,talk,170,11,1,ATTACK Agent[05]
1,talk,171,11,4,Over
1,talk,172,11,13,Over
1,talk,173,11,2,Over
1,talk,174,11,8,Over
1,talk,175,11,12,Over
1,talk,176,11,11,Over
1,talk,177,11,5,Over
1,talk,178,11,15,Over
1,talk,179,11,14,Over
1,talk,180,12,3,Over
1,talk,181,12,13,Over
1,talk,182,12,10,Over
1,talk,183,12,1,Over
1,talk,184,12,12,Over
1,talk,185,12,14,Over
1,talk,186,12,11,Over
1,talk,187,12,2,Over
1,talk,188,12,9,Skip
1,talk,189,12,6,Over
1,talk,190,12,4,Over
1,talk,191,12,5,Over
1,talk,192,12,15,Over
1,talk,193,12,7,Over
1,talk,194,12,8,Over
1,talk,195,13,9,Over
1,talk,196,13,1,Over
1,talk,197,13,6,Over
1,talk,198,13,10,Over
1,talk,199,13,15,Over
1,talk,200,13,7,Over
1,talk,201,13,11,Over
1,talk,202,13,4,Over
1,talk,203,13,14,Over
1,talk,204,13,12,Over
1,talk,205,13,5,Over
1,talk,206,13,3,Over
1,talk,207,13,13,Over
1,talk,208,13,8,Over
1,talk,209,13,2,Over
1,vote,1,6
1,vote,2,11
1,vote,3,14
1,vote,4,11
1,vote,5,14
1,vote,6,11
1,vote,7,14
1,vote,8,11
1,vote,9,2
1,vote,10,11
1,vote,11,9
1,vote,12,11
1,vote,13,3
1,vote,14,2
1,vote,15,1
1,execute,11,WEREWOLF
1,divine,2,8,HUMAN
1,whisper,0,0,6,Over
1,whisper,1,0,4,ATTACK Agent[02]
1,whisper,2,1,6,Over
1,whisper,3,1,4,Skip
1,whisper,4,2,6,Over
1,whisper,5,2,4,Skip
1,whisper,6,3,4,Over
1,whisper,7,3,6,Over
1,guard,9,13,VILLAGER
1,attackVote,4,2
1,attackVote,6,2
1,attack,2,true
2,status,1,VILLAGER,ALIVE,kenzi
2,status,2,SEER,DEAD,hello_wolf
2,status,3,VILLAGER,ALIVE,Dummy_01
2,status,4,WEREWOLF,ALIVE,Tomato
2,status,5,VILLAGER,ALIVE,Dummy_03
2,status,6,WEREWOLF,ALIVE,Udon
2,status,7,MEDIUM,ALIVE,Dummy_02
2,status,8,VILLAGER,ALIVE,fisherman
2,status,9,BODYGUARD,ALIVE,takeda
2,status,10,VILLAGER,ALIVE,GO1DeNO
2,status,11,WEREWOLF,DEAD,wasabi
2,status,12,VILLAGER,ALIVE,fanfan
2,status,13,VILLAGER,ALIVE,calups
2,status,14,VILLAGER,ALIVE,sonoda
2,status,15,POSSESSED,ALIVE,cantar
2,talk,0,0,12,VOTE Agent[08]
2,talk,1,0,9,VOTE Agent[08]
2,talk,2,0,14,VOTE Agent[07]
2,talk,3,0,13,Skip
2,talk,4,0,6,VOTE Agent[08]
2,talk,5,0,1,DIVINATION Agent[10]
2,talk,6,0,15,DIVINED Agent[04] HUMAN
2,talk,7,0,7,COMINGOUT Agent[07] MEDIUM
2,talk,8,0,10,VOTE Agent[08]
2,talk,9,0,8,VOTE Agent[05]
2,talk,10,0,5,Skip
2,talk,11,0,3,Skip
2,talk,12,0,4,VOTE Agent[07]
2,talk,13,1,5,Skip
2,talk,14,1,6,Over
2,talk,15,1,10,Skip
2,talk,16,1,1,VOTED Agent[03]
2,talk,17,1,15,ESTIMATE Agent[04] WEREWOLF
2,talk,18,1,7,DAY 2 (IDENTIFIED Agent[11] WEREWOLF)
2,talk,19,1,8,VOTE Agent[06]
2,talk,20,1,3,Skip
2,talk,21,1,9,Skip
2,talk,22,1,12,Skip
2,talk,23,1,14,VOTE Agent[01]
2,talk,24,1,13,Skip
2,talk,25,1,4,VOTE Agent[08]
2,talk,26,2,12,Skip
2,talk,27,2,9,Skip
2,talk,28,2,8,VOTE Agent[05]
2,talk,29,2,1,VOTED Agent[15]
2,talk,30,2,6,Over
2,talk,31,2,3,AND (VOTE Agent[10]) (REQUEST ANY (VOTE Agent[10]))
2,talk,32,2,13,Over
2,talk,33,2,10,Skip
2,talk,34,2,5,AND (VOTE Agent[06]) (REQUEST ANY (VOTE Agent[06]))
2,talk,35,2,4,Skip
2,talk,36,2,7,AND (VOTE Agent[06]) (REQUEST ANY (VOTE Agent[06]))
2,talk,37,2,14,Skip
2,talk,38,2,15,VOTE Agent[04]
2,talk,39,3,6,Over
2,talk,40,3,4,Skip
2,talk,41,3,14,Skip
2,talk,42,3,7,Skip
2,talk,43,3,12,Over
2,talk,44,3,5,Skip
2,talk,45,3,3,AND (VOTE Agent[06]) (REQUEST ANY (VOTE Agent[06]))
2,talk,46,3,9,Over
2,talk,47,3,1,VOTED Agent[04]
2,talk,48,3,8,Skip
2,talk,49,3,13,Over
2,talk,50,3,10,Over
2,talk,51,3,15,Skip
2,talk,52,4,13,Over
2,talk,53,4,9,Over
2,talk,54,4,8,Skip
2,talk,55,4,12,Over
2,talk,56,4,1,GUARD Agent[15]
2,talk,57,4,7,Skip
2,talk,58,4,15,Skip
2,talk,59,4,3,Skip
2,talk,60,4,6,Over
2,talk,61,4,4,VOTE Agent[06]
2,talk,62,4,5,Skip
2,talk,63,4,14,Over
2,talk,64,4,10,Over
2,talk,65,5,1,IDENTIFIED Agent[08] HUMAN
2,talk,66,5,4,Skip
2,talk,67,5,9,Over
2,talk,68,5,15,Over
2,talk,69,5,14,Over
2,talk,70,5,13,OR (VOTE Agent[03]) (VOTE Agent[05]) (VOTE Agent[06]) (VOTE Agent[08]) (VOTE Agent[09]) (VOTE Agent[10]) (VOTE Agent[12]) (VOTE Agent[14]) 
2,talk,71,5,5,Over
2,talk,72,5,8,Over
2,talk,73,5,12,Over
2,talk,74,5,6,Over
2,talk,75,5,3,Skip
2,talk,76,5,7,Over
2,talk,77,5,10,Over
2,talk,78,6,8,Over
2,talk,79,6,10,Over
2,talk,80,6,5,Over
2,talk,81,6,1,DISAGREE TALK day2 ID:16
2,talk,82,6,7,Over
2,talk,83,6,14,Over
2,talk,84,6,6,Over
2,talk,85,6,12,Over
2,talk,86,6,15,Over
2,talk,87,6,13,Over
2,talk,88,6,3,Over
2,talk,89,6,4,Skip
2,talk,90,6,9,Over
2,talk,91,7,8,Over
2,talk,92,7,15,Over
2,talk,93,7,12,Over
2,talk,94,7,1,DIVINATION Agent[06]
2,talk,95,7,7,Over
2,talk,96,7,13,Over
2,talk,97,7,9,Over
2,talk,98,7,3,Over
2,talk,99,7,10,Over
2,talk,100,7,6,Over
2,talk,101,7,4,Over
2,talk,102,7,5,Over
2,talk,103,7,14,Over
2,talk,104,8,3,Over
2,talk,105,8,8,Over
2,talk,106,8,7,Over
2,talk,107,8,14,Over
2,talk,108,8,1,COMINGOUT Agent[04] WEREWOLF
2,talk,109,8,4,Over
2,talk,110,8,12,Over
2,talk,111,8,9,Over
2,talk,112,8,6,Over
2,talk,113,8,10,Over
2,talk,114,8,5,Over
2,talk,115,8,13,Over
2,talk,116,8,15,Over
2,talk,117,9,1,ESTIMATE Agent[12] SEER
2,talk,118,9,6,Over
2,talk,119,9,3,Over
2,talk,120,9,14,Over
2,talk,121,9,9,Over
2,talk,122,9,4,Over
2,talk,123,9,5,Over
2,talk,124,9,12,Over
2,talk,125,9,10,Over
2,talk,126,9,8,Over
2,talk,127,9,15,Over
2,talk,128,9,7,Over
2,talk,129,9,13,Over
2,talk,130,10,13,Over
2,talk,131,10,12,Over
2,talk,132,10,14,Over
2,talk,133,10,8,Over
2,talk,134,10,7,Over
2,talk,135,10,9,Over
2,talk,136,10,3,Over
2,talk,137,10,6,Over
2,talk,138,10,15,Over
2,talk,139,10,5,Over
2,talk,140,10,4,Over
2,talk,141,10,10,Over
2,talk,142,10,1,Over
2,vote,1,12
2,vote,3,6
2,vote,4,6
2,vote,5,6
2,vote,6,8
2,vote,7,6
2,vote,8,5
2,vote,9,8
2,vote,10,8
2,vote,12,8
2,vote,13,8
2,vote,14,1
2,vote,15,4
2,execute,8,VILLAGER
2,whisper,0,0,6,Over
2,whisper,1,0,4,ATTACK Agent[15]
2,whisper,2,1,4,Skip
2,whisper,3,1,6,Over
2,whisper,4,2,4,Skip
2,whisper,5,2,6,Over
2,whisper,6,3,4,Over
2,whisper,7,3,6,Over
2,guard,9,13,VILLAGER
2,attackVote,4,15
2,attackVote,6,7
2,attackVote,4,15
2,attackVote,6,7
2,attack,7,true
3,status,1,VILLAGER,ALIVE,kenzi
3,status,2,SEER,DEAD,hello_wolf
3,status,3,VILLAGER,ALIVE,Dummy_01
3,status,4,WEREWOLF,ALIVE,Tomato
3,status,5,VILLAGER,ALIVE,Dummy_03
3,status,6,WEREWOLF,ALIVE,Udon
3,status,7,MEDIUM,DEAD,Dummy_02
3,status,8,VILLAGER,DEAD,fisherman
3,status,9,BODYGUARD,ALIVE,takeda
3,status,10,VILLAGER,ALIVE,GO1DeNO
3,status,11,WEREWOLF,DEAD,wasabi
3,status,12,VILLAGER,ALIVE,fanfan
3,status,13,VILLAGER,ALIVE,calups
3,status,14,VILLAGER,ALIVE,sonoda
3,status,15,POSSESSED,ALIVE,cantar
3,talk,0,0,3,Skip
3,talk,1,0,9,VOTE Agent[14]
3,talk,2,0,15,DIVINED Agent[10] HUMAN
3,talk,3,0,12,VOTE Agent[06]
3,talk,4,0,1,DIVINATION Agent[09]
3,talk,5,0,4,VOTE Agent[09]
3,talk,6,0,6,VOTE Agent[05]
3,talk,7,0,14,VOTE Agent[01]
3,talk,8,0,13,Skip
3,talk,9,0,10,VOTE Agent[06]
3,talk,10,0,5,Skip
3,talk,11,1,9,Skip
3,talk,12,1,3,Skip
3,talk,13,1,14,Skip
3,talk,14,1,4,VOTE Agent[06]
3,talk,15,1,5,Skip
3,talk,16,1,6,Over
3,talk,17,1,13,Skip
3,talk,18,1,1,ATTACKED Agent[12]
3,talk,19,1,15,ESTIMATE Agent[10] WEREWOLF
3,talk,20,1,10,Skip
3,talk,21,1,12,Skip
3,talk,22,2,10,VOTE Agent[01]
3,talk,23,2,5,AND (VOTE Agent[15]) (REQUEST ANY (VOTE Agent[15]))
3,talk,24,2,3,AND (VOTE Agent[10]) (REQUEST ANY (VOTE Agent[10]))
3,talk,25,2,13,Over
3,talk,26,2,12,Skip
3,talk,27,2,4,Skip
3,talk,28,2,9,VOTE Agent[06]
3,talk,29,2,15,VOTE Agent[10]
3,talk,30,2,1,GUARD Agent[14]
3,talk,31,2,14,Skip
3,talk,32,2,6,Over
3,talk,33,3,5,AND (VOTE Agent[10]) (REQUEST ANY (VOTE Agent[10]))
3,talk,34,3,1,IDENTIFIED Agent[10] WEREWOLF
3,talk,35,3,12,Over
3,talk,36,3,9,Skip
3,talk,37,3,13,Over
3,talk,38,3,10,VOTE Agent[06]
3,talk,39,3,3,AND (VOTE Agent[15]) (REQUEST ANY (VOTE Agent[15]))
3,talk,40,3,6,Over
3,talk,41,3,4,Skip
3,talk,42,3,14,Over
3,talk,43,3,15,Skip
3,talk,44,4,5,AND (VOTE Agent[15]) (REQUEST ANY (VOTE Agent[15]))
3,talk,45,4,12,Over
3,talk,46,4,13,Over
3,talk,47,4,1,DIVINATION Agent[09]
3,talk,48,4,14,Over
3,talk,49,4,15,Skip
3,talk,50,4,9,Skip
3,talk,51,4,6,Over
3,talk,52,4,3,AND (VOTE Agent[10]) (REQUEST ANY (VOTE Agent[10]))
3,talk,53,4,10,Skip
3,talk,54,4,4,Over
3,talk,55,5,4,Over
3,talk,56,5,6,VOTE Agent[10]
3,talk,57,5,1,ATTACK Agent[09]
3,talk,58,5,12,Over
3,talk,59,5,14,Over
3,talk,60,5,3,AND (VOTE Agent[15]) (REQUEST ANY (VOTE Agent[15]))
3,talk,61,5,10,Skip
3,talk,62,5,9,Over
3,talk,63,5,13,OR (VOTE Agent[03]) (VOTE Agent[05]) (VOTE Agent[06]) (VOTE Agent[09]) (VOTE Agent[12]) (VOTE Agent[14]) 
3,talk,64,5,5,AND (VOTE Agent[10]) (REQUEST ANY (VOTE Agent[10]))
3,talk,65,5,15,Over
3,talk,66,6,12,Over
3,talk,67,6,4,VOTE Agent[10]
3,talk,68,6,9,Over
3,talk,69,6,15,Over
3,talk,70,6,10,Over
3,talk,71,6,5,AND (VOTE Agent[15]) (REQUEST ANY (VOTE Agent[15]))
3,talk,72,6,14,Over
3,talk,73,6,3,AND (VOTE Agent[10]) (REQUEST ANY (VOTE Agent[10]))
3,talk,74,6,1,IDENTIFIED Agent[03] HUMAN
3,talk,75,6,13,Over
3,talk,76,6,6,Over
3,talk,77,7,1,AGREE TALK day3 ID:31
3,talk,78,7,12,Over
3,talk,79,7,5,AND (VOTE Agent[10]) (REQUEST ANY (VOTE Agent[10]))
3,talk,80,7,14,Over
3,talk,81,7,10,Over
3,talk,82,7,6,Over
3,talk,83,7,15,Over
3,talk,84,7,4,Skip
3,talk,85,7,9,Over
3,talk,86,7,3,AND (VOTE Agent[15]) (REQUEST ANY (VOTE Agent[15]))
3,talk,87,7,13,Over
3,talk,88,8,13,Over
3,talk,89,8,3,AND (VOTE Agent[10]) (REQUEST ANY (VOTE Agent[10]))
3,talk,90,8,12,Over
3,talk,91,8,5,AND (VOTE Agent[15]) (REQUEST ANY (VOTE Agent[15]))
3,talk,92,8,10,Over
3,talk,93,8,9,Over
3,talk,94,8,1,ATTACKED Agent[09]
3,talk,95,8,15,Over
3,talk,96,8,4,Skip
3,talk,97,8,6,Over
3,talk,98,8,14,Over
3,talk,99,9,3,AND (VOTE Agent[15]) (REQUEST ANY (VOTE Agent[15]))
3,talk,100,9,10,Over
3,talk,101,9,4,Over
3,talk,102,9,14,Over
3,talk,103,9,15,Over
3,talk,104,9,12,Over
3,talk,105,9,1,Skip
3,talk,106,9,13,Over
3,talk,107,9,5,AND (VOTE Agent[10]) (REQUEST ANY (VOTE Agent[10]))
3,talk,108,9,9,Over
3,talk,109,9,6,Over
3,talk,110,10,6,Over
3,talk,111,10,15,Over
3,talk,112,10,14,Over
3,talk,113,10,13,Over
3,talk,114,10,9,Over
3,talk,115,10,1,Over
3,talk,116,10,12,Over
3,talk,117,10,4,Over
3,talk,118,10,3,AND (VOTE Agent[10]) (REQUEST ANY (VOTE Agent[10]))
3,talk,119,10,10,Over
3,talk,120,10,5,AND (VOTE Agent[15]) (REQUEST ANY (VOTE Agent[15]))
3,talk,121,11,6,Over
3,talk,122,11,10,Over
3,talk,123,11,12,Over
3,talk,124,11,5,AND (VOTE Agent[10]) (REQUEST ANY (VOTE Agent[10]))
3,talk,125,11,13,Over
3,talk,126,11,14,Over
3,talk,127,11,9,Over
3,talk,128,11,15,Over
3,talk,129,11,1,ATTACKED Agent[04]
3,talk,130,11,3,AND (VOTE Agent[15]) (REQUEST ANY (VOTE Agent[15]))
3,talk,131,11,4,Over
3,talk,132,12,12,Over
3,talk,133,12,6,Over
3,talk,134,12,14,Over
3,talk,135,12,1,Over
3,talk,136,12,9,Over
3,talk,137,12,15,Over
3,talk,138,12,3,Over
3,talk,139,12,13,Over
3,talk,140,12,10,Over
3,talk,141,12,5,Over
3,talk,142,12,4,Over
3,vote,1,14
3,vote,3,10
3,vote,4,10
3,vote,5,15
3,vote,6,10
3,vote,9,6
3,vote,10,6
3,vote,12,6
3,vote,13,14
3,vote,14,1
3,vote,15,10
3,execute,10,VILLAGER
3,whisper,0,0,6,Over
3,whisper,1,0,4,ATTACK Agent[15]
3,whisper,2,1,4,Skip
3,whisper,3,1,6,Over
3,whisper,4,2,4,Skip
3,whisper,5,2,6,Over
3,whisper,6,3,4,Over
3,whisper,7,3,6,Over
3,guard,9,13,VILLAGER
3,attackVote,4,15
3,attackVote,6,13
3,attackVote,4,15
3,attackVote,6,13
3,attack,13,false
4,status,1,VILLAGER,ALIVE,kenzi
4,status,2,SEER,DEAD,hello_wolf
4,status,3,VILLAGER,ALIVE,Dummy_01
4,status,4,WEREWOLF,ALIVE,Tomato
4,status,5,VILLAGER,ALIVE,Dummy_03
4,status,6,WEREWOLF,ALIVE,Udon
4,status,7,MEDIUM,DEAD,Dummy_02
4,status,8,VILLAGER,DEAD,fisherman
4,status,9,BODYGUARD,ALIVE,takeda
4,status,10,VILLAGER,DEAD,GO1DeNO
4,status,11,WEREWOLF,DEAD,wasabi
4,status,12,VILLAGER,ALIVE,fanfan
4,status,13,VILLAGER,ALIVE,calups
4,status,14,VILLAGER,ALIVE,sonoda
4,status,15,POSSESSED,ALIVE,cantar
4,talk,0,0,4,VOTE Agent[14]
4,talk,1,0,5,Skip
4,talk,2,0,6,VOTE Agent[12]
4,talk,3,0,3,Skip
4,talk,4,0,14,VOTE Agent[01]
4,talk,5,0,12,VOTE Agent[06]
4,talk,6,0,13,Skip
4,talk,7,0,1,DIVINATION Agent[05]
4,talk,8,0,15,DIVINED Agent[09] HUMAN
4,talk,9,0,9,VOTE Agent[06]
4,talk,10,1,5,Skip
4,talk,11,1,1,VOTE Agent[12]
4,talk,12,1,3,Skip
4,talk,13,1,9,Skip
4,talk,14,1,12,Skip
4,talk,15,1,4,VOTE Agent[06]
4,talk,16,1,13,Skip
4,talk,17,1,6,Over
4,talk,18,1,14,Skip
4,talk,19,1,15,ESTIMATE Agent[05] WEREWOLF
4,talk,20,2,9,Skip
4,talk,21,2,1,VOTED Agent[13]
4,talk,22,2,14,Skip
4,talk,23,2,13,Over
4,talk,24,2,3,AND (VOTE Agent[13]) (REQUEST ANY (VOTE Agent[13]))
4,talk,25,2,15,VOTE Agent[05]
4,talk,26,2,12,Skip
4,talk,27,2,4,Skip
4,talk,28,2,6,Over
4,talk,29,2,5,AND (VOTE Agent[04]) (REQUEST ANY (VOTE Agent[04]))
4,talk,30,3,9,Over
4,talk,31,3,5,AND (VOTE Agent[13]) (REQUEST ANY (VOTE Agent[13]))
4,talk,32,3,3,AND (VOTE Agent[04]) (REQUEST ANY (VOTE Agent[04]))
4,talk,33,3,13,Over
4,talk,34,3,15,Skip
4,talk,35,3,12,Over
4,talk,36,3,1,ATTACKED Agent[13]
4,talk,37,3,6,Over
4,talk,38,3,14,Over
4,talk,39,3,4,Skip
4,talk,40,4,3,AND (VOTE Agent[13]) (REQUEST ANY (VOTE Agent[13]))
4,talk,41,4,15,Skip
4,talk,42,4,13,Over
4,talk,43,4,12,Over
4,talk,44,4,5,AND (VOTE Agent[04]) (REQUEST ANY (VOTE Agent[04]))
4,talk,45,4,9,Over
4,talk,46,4,4,VOTE Agent[04]
4,talk,47,4,1,IDENTIFIED Agent[06] ANY
4,talk,48,4,6,Over
4,talk,49,4,14,Over
4,talk,50,5,15,Over
4,talk,51,5,5,AND (VOTE Agent[13]) (REQUEST ANY (VOTE Agent[13]))
4,talk,52,5,4,Skip
4,talk,53,5,1,ATTACK Agent[09]
4,talk,54,5,14,Over
4,talk,55,5,3,AND (VOTE Agent[04]) (REQUEST ANY (VOTE Agent[04]))
4,talk,56,5,13,OR (VOTE Agent[03]) (VOTE Agent[05]) (VOTE Agent[06]) (VOTE Agent[12]) (VOTE Agent[14]) 
4,talk,57,5,6,Over
4,talk,58,5,9,Over
4,talk,59,5,12,Over
4,talk,60,6,13,Over
4,talk,61,6,4,Skip
4,talk,62,6,12,Over
4,talk,63,6,15,Over
4,talk,64,6,9,Over
4,talk,65,6,5,AND (VOTE Agent[04]) (REQUEST ANY (VOTE Agent[04]))
4,talk,66,6,1,VOTED Agent[03]
4,talk,67,6,14,Over
4,talk,68,6,6,Over
4,talk,69,6,3,AND (VOTE Agent[13]) (REQUEST ANY (VOTE Agent[13]))
4,talk,70,7,14,Over
4,talk,71,7,13,Over
4,talk,72,7,4,Over
4,talk,73,7,12,Over
4,talk,74,7,9,Over
4,talk,75,7,6,Over
4,talk,76,7,5,AND (VOTE Agent[13]) (REQUEST ANY (VOTE Agent[13]))
4,talk,77,7,15,Over
4,talk,78,7,1,IDENTIFIED Agent[14] WEREWOLF
4,talk,79,7,3,AND (VOTE Agent[04]) (REQUEST ANY (VOTE Agent[04]))
4,talk,80,8,6,Over
4,talk,81,8,14,Over
4,talk,82,8,4,Over
4,talk,83,8,3,AND (VOTE Agent[13]) (REQUEST ANY (VOTE Agent[13]))
4,talk,84,8,13,Over
4,talk,85,8,9,Over
4,talk,86,8,5,AND (VOTE Agent[04]) (REQUEST ANY (VOTE Agent[04]))
4,talk,87,8,15,Over
4,talk,88,8,1,DIVINATION Agent[14]
4,talk,89,8,12,Over
4,talk,90,9,15,Over
4,talk,91,9,4,Over
4,talk,92,9,13,Over
4,talk,93,9,5,AND (VOTE Agent[13]) (REQUEST ANY (VOTE Agent[13]))
4,talk,94,9,14,Over
4,talk,95,9,12,Over
4,talk,96,9,9,Over
4,talk,97,9,3,AND (VOTE Agent[04]) (REQUEST ANY (VOTE Agent[04]))
4,talk,98,9,1,Skip
4,talk,99,9,6,Over
4,talk,100,10,15,Over
4,talk,101,10,9,Over
4,talk,102,10,4,Over
4,talk,103,10,14,Over
4,talk,104,10,3,AND (VOTE Agent[13]) (REQUEST ANY (VOTE Agent[13]))
4,talk,105,10,12,Over
4,talk,106,10,6,Over
4,talk,107,10,1,Over
4,talk,108,10,13,Over
4,talk,109,10,5,AND (VOTE Agent[04]) (REQUEST ANY (VOTE Agent[04]))
4,talk,110,11,13,Over
4,talk,111,11,5,AND (VOTE Agent[13]) (REQUEST ANY (VOTE Agent[13]))
4,talk,112,11,12,Over
4,talk,113,11,1,Agent[03] DIVINED Agent[15] WEREWOLF
4,talk,114,11,15,Over
4,talk,115,11,9,Over
4,talk,116,11,4,Over
4,talk,117,11,6,Over
4,talk,118,11,14,Over
4,talk,119,11,3,AND (VOTE Agent[04]) (REQUEST ANY (VOTE Agent[04]))
4,talk,120,12,5,Over
4,talk,121,12,9,Over
4,talk,122,12,15,Over
4,talk,123,12,13,Over
4,talk,124,12,14,Over
4,talk,125,12,1,Over
4,talk,126,12,3,Over
4,talk,127,12,6,Over
4,talk,128,12,4,Over
4,talk,129,12,12,Over
4,vote,1,14
4,vote,3,13
4,vote,4,14
4,vote,5,4
4,vote,6,12
4,vote,9,6
4,vote,12,6
4,vote,13,3
4,vote,14,1
4,vote,15,5
4,vote,1,5
4,vote,3,6
4,vote,4,6
4,vote,5,6
4,vote,6,5
4,vote,9,6
4,vote,12,6
4,vote,13,3
4,vote,14,1
4,vote,15,5
4,execute,6,WEREWOLF
4,guard,9,13,VILLAGER
4,attack,12,true
5,status,1,VILLAGER,ALIVE,kenzi
5,status,2,SEER,DEAD,hello_wolf
5,status,3,VILLAGER,ALIVE,Dummy_01
5,status,4,WEREWOLF,ALIVE,Tomato
5,status,5,VILLAGER,ALIVE,Dummy_03
5,status,6,WEREWOLF,DEAD,Udon
5,status,7,MEDIUM,DEAD,Dummy_02
5,status,8,VILLAGER,DEAD,fisherman
5,status,9,BODYGUARD,ALIVE,takeda
5,status,10,VILLAGER,DEAD,GO1DeNO
5,status,11,WEREWOLF,DEAD,wasabi
5,status,12,VILLAGER,DEAD,fanfan
5,status,13,VILLAGER,ALIVE,calups
5,status,14,VILLAGER,ALIVE,sonoda
5,status,15,POSSESSED,ALIVE,cantar
5,talk,0,0,1,VOTED Agent[15]
5,talk,1,0,5,Skip
5,talk,2,0,9,VOTE Agent[14]
5,talk,3,0,14,VOTE Agent[01]
5,talk,4,0,15,DIVINED Agent[09] HUMAN
5,talk,5,0,4,VOTE Agent[09]
5,talk,6,0,3,Skip
5,talk,7,0,13,Skip
5,talk,8,1,13,Skip
5,talk,9,1,1,Skip
5,talk,10,1,9,Skip
5,talk,11,1,15,ESTIMATE Agent[09] WEREWOLF
5,talk,12,1,4,VOTE Agent[01]
5,talk,13,1,5,Skip
5,talk,14,1,3,Skip
5,talk,15,1,14,Skip
5,talk,16,2,14,Skip
5,talk,17,2,3,AND (VOTE Agent[04]) (REQUEST ANY (VOTE Agent[04]))
5,talk,18,2,9,Skip
5,talk,19,2,1,ESTIMATE Agent[15] WEREWOLF
5,talk,20,2,15,VOTE Agent[09]
5,talk,21,2,4,Skip
5,talk,22,2,5,AND (VOTE Agent[04]) (REQUEST ANY (VOTE Agent[04]))
5,talk,23,2,13,Over
5,talk,24,3,5,Skip
5,talk,25,3,3,Skip
5,talk,26,3,9,Over
5,talk,27,3,14,Over
5,talk,28,3,15,Skip
5,talk,29,3,4,VOTE Agent[04]
5,talk,30,3,1,IDENTIFIED Agent[05] WEREWOLF
5,talk,31,3,13,Over
5,talk,32,4,15,Skip
5,talk,33,4,3,Skip
5,talk,34,4,14,Over
5,talk,35,4,13,Over
5,talk,36,4,4,Skip
5,talk,37,4,5,Skip
5,talk,38,4,9,Over
5,talk,39,4,1,GUARD Agent[14]
5,talk,40,5,14,Over
5,talk,41,5,5,Over
5,talk,42,5,9,Over
5,talk,43,5,13,OR (VOTE Agent[03]) (VOTE Agent[05]) (VOTE Agent[14]) 
5,talk,44,5,4,Skip
5,talk,45,5,1,AGREE TALK day5 ID:24
5,talk,46,5,15,Over
5,talk,47,5,3,Over
5,talk,48,6,9,Over
5,talk,49,6,14,Over
5,talk,50,6,4,Over
5,talk,51,6,15,Over
5,talk,52,6,3,Over
5,talk,53,6,13,Over
5,talk,54,6,1,GUARD Agent[14]
5,talk,55,6,5,Over
5,talk,56,7,5,Over
5,talk,57,7,15,Over
5,talk,58,7,14,Over
5,talk,59,7,4,Over
5,talk,60,7,13,Over
5,talk,61,7,1,IDENTIFIED Agent[14] WEREWOLF
5,talk,62,7,9,Over
5,talk,63,7,3,Over
5,talk,64,8,15,Over
5,talk,65,8,9,Over
5,talk,66,8,4,Over
5,talk,67,8,5,Over
5,talk,68,8,13,Over
5,talk,69,8,14,Over
5,talk,70,8,3,Over
5,talk,71,8,1,DISAGREE TALK day5 ID:35
5,talk,72,9,4,Over
5,talk,73,9,5,Over
5,talk,74,9,14,Over
5,talk,75,9,9,Over
5,talk,76,9,15,Over
5,talk,77,9,13,Over
5,talk,78,9,3,Over
5,talk,79,9,1,Agent[13] DIVINED Agent[14] HUMAN
5,talk,80,10,5,Over
5,talk,81,10,15,Over
5,talk,82,10,3,Over
5,talk,83,10,14,Over
5,talk,84,10,13,Over
5,talk,85,10,9,Over
5,talk,86,10,4,Over
5,talk,87,10,1,GUARD Agent[09]
5,talk,88,11,3,Over
5,talk,89,11,13,Over
5,talk,90,11,14,Over
5,talk,91,11,1,Over
5,talk,92,11,9,Over
5,talk,93,11,4,Over
5,talk,94,11,5,Over
5,talk,95,11,15,Over
5,vote,1,4
5,vote,3,4
5,vote,4,13
5,vote,5,4
5,vote,9,14
5,vote,13,3
5,vote,14,1
5,vote,15,9
5,execute,4,WEREWOLF
5,guard,9,13,VILLAGER
6,status,1,VILLAGER,ALIVE,kenzi
6,status,2,SEER,DEAD,hello_wolf
6,status,3,VILLAGER,ALIVE,Dummy_01
6,status,4,WEREWOLF,DEAD,Tomato
6,status,5,VILLAGER,ALIVE,Dummy_03
6,status,6,WEREWOLF,DEAD,Udon
6,status,7,MEDIUM,DEAD,Dummy_02
6,status,8,VILLAGER,DEAD,fisherman
6,status,9,BODYGUARD,ALIVE,takeda
6,status,10,VILLAGER,DEAD,GO1DeNO
6,status,11,WEREWOLF,DEAD,wasabi
6,status,12,VILLAGER,DEAD,fanfan
6,status,13,VILLAGER,ALIVE,calups
6,status,14,VILLAGER,ALIVE,sonoda
6,status,15,POSSESSED,ALIVE,cantar
6,result,7,0,VILLAGER
