0,status,1,MEDIUM,ALIVE,tmcit2017
0,status,2,VILLAGER,ALIVE,Army
0,status,3,WEREWOLF,ALIVE,rsaito
0,status,4,BODYGUARD,ALIVE,Neo_ELIZA
0,status,5,VILLAGER,ALIVE,AIWolf_NET
0,status,6,WEREWOLF,ALIVE,Romanesco
0,status,7,VILLAGER,ALIVE,wasabi
0,status,8,VILLAGER,ALIVE,H-ReGEX
0,status,9,POSSESSED,ALIVE,yk_aiwolf
0,status,10,VILLAGER,ALIVE,Kanpyo
0,status,11,VILLAGER,ALIVE,konno
0,status,12,VILLAGER,ALIVE,AITKN
0,status,13,SEER,ALIVE,neko
0,status,14,WEREWOLF,ALIVE,flex
0,status,15,VILLAGER,ALIVE,Litt1eGirl
0,whisper,0,0,14,Over
0,whisper,1,0,3,COMINGOUT Agent[03] VILLAGER
0,whisper,2,0,6,Skip
0,whisper,3,1,3,Skip
0,whisper,4,1,6,Skip
0,whisper,5,1,14,Over
0,whisper,6,2,3,Skip
0,whisper,7,2,14,Over
0,whisper,8,2,6,Over
0,whisper,9,3,6,Over
0,whisper,10,3,3,Over
0,whisper,11,3,14,Over
0,divine,13,6,WEREWOLF
1,status,1,MEDIUM,ALIVE,tmcit2017
1,status,2,VILLAGER,ALIVE,Army
1,status,3,WEREWOLF,ALIVE,rsaito
1,status,4,BODYGUARD,ALIVE,Neo_ELIZA
1,status,5,VILLAGER,ALIVE,AIWolf_NET
1,status,6,WEREWOLF,ALIVE,Romanesco
1,status,7,VILLAGER,ALIVE,wasabi
1,status,8,VILLAGER,ALIVE,H-ReGEX
1,status,9,POSSESSED,ALIVE,yk_aiwolf
1,status,10,VILLAGER,ALIVE,Kanpyo
1,status,11,VILLAGER,ALIVE,konno
1,status,12,VILLAGER,ALIVE,AITKN
1,status,13,SEER,ALIVE,neko
1,status,14,WEREWOLF,ALIVE,flex
1,status,15,VILLAGER,ALIVE,Litt1eGirl
1,talk,0,0,2,COMINGOUT Agent[02] VILLAGER
1,talk,1,0,4,Skip
1,talk,2,0,5,VOTE Agent[02]
1,talk,3,0,1,COMINGOUT Agent[01] VILLAGER
1,talk,4,0,13,COMINGOUT Agent[13] SEER
1,talk,5,0,3,VOTE Agent[08]
1,talk,6,0,11,VOTE Agent[07]
1,talk,7,0,8,VOTE Agent[11]
1,talk,8,0,6,Skip
1,talk,9,0,7,Skip
1,talk,10,0,9,COMINGOUT Agent[09] SEER
1,talk,11,0,14,Over
1,talk,12,0,12,VOTE Agent[01]
1,talk,13,0,15,VOTE Agent[07]
1,talk,14,0,10,VOTE Agent[06]
1,talk,15,1,15,ESTIMATE Agent[05] VILLAGER
1,talk,16,1,2,Skip
1,talk,17,1,6,Skip
1,talk,18,1,10,ESTIMATE Agent[13] SEER
1,talk,19,1,8,Skip
1,talk,20,1,12,VOTE Agent[07]
1,talk,21,1,11,Skip
1,talk,22,1,5,Skip
1,talk,23,1,1,Over
1,talk,24,1,13,DIVINED Agent[06] WEREWOLF
1,talk,25,1,3,VOTE Agent[07]
1,talk,26,1,7,VOTE Agent[14]
1,talk,27,1,9,DIVINED Agent[11] HUMAN
1,talk,28,1,14,Over
1,talk,29,1,4,Skip
1,talk,30,2,9,Over
1,talk,31,2,6,Over
1,talk,32,2,11,Skip
1,talk,33,2,1,Over
1,talk,34,2,15,Over
1,talk,35,2,14,Over
1,talk,36,2,3,Skip
1,talk,37,2,12,Skip
1,talk,38,2,10,ESTIMATE Agent[09] SEER
1,talk,39,2,2,ESTIMATE Agent[06] WEREWOLF
1,talk,40,2,8,ESTIMATE Agent[06] WEREWOLF
1,talk,41,2,5,Skip
1,talk,42,2,7,VOTE Agent[06]
1,talk,43,2,13,VOTE Agent[06]
1,talk,44,2,4,Over
1,talk,45,3,9,Over
1,talk,46,3,11,Over
1,talk,47,3,15,ESTIMATE Agent[05] VILLAGER
1,talk,48,3,6,VOTE Agent[06]
1,talk,49,3,12,Skip
1,talk,50,3,2,Skip
1,talk,51,3,13,VOTE Agent[06]
1,talk,52,3,3,Skip
1,talk,53,3,1,Over
1,talk,54,3,10,AGREE TALK day1 ID:24
1,talk,55,3,14,Over
1,talk,56,3,4,Over
1,talk,57,3,5,Over
1,talk,58,3,7,Skip
1,talk,59,3,8,VOTE Agent[06]
1,talk,60,4,10,ESTIMATE Agent[06] WEREWOLF
1,talk,61,4,13,Skip
1,talk,62,4,11,Over
1,talk,63,4,5,Over
1,talk,64,4,7,Skip
1,talk,65,4,3,Over
1,talk,66,4,6,Skip
1,talk,67,4,9,Over
1,talk,68,4,12,VOTE Agent[06]
1,talk,69,4,15,VOTE Agent[06]
1,talk,70,4,14,Over
1,talk,71,4,8,Skip
1,talk,72,4,1,Over
1,talk,73,4,2,Skip
1,talk,74,4,4,Over
1,talk,75,5,11,Over
1,talk,76,5,1,Over
1,talk,77,5,7,Over
1,talk,78,5,5,Over
1,talk,79,5,3,VOTE Agent[06]
1,talk,80,5,2,Over
1,talk,81,5,10,VOTE Agent[06]
1,talk,82,5,8,Skip
1,talk,83,5,6,VOTE Agent[06]
1,talk,84,5,13,Skip
1,talk,85,5,4,Over
1,talk,86,5,9,Over
1,talk,87,5,12,REQUEST(DIVINATION Agent[02])
1,talk,88,5,14,Over
1,talk,89,5,15,ESTIMATE Agent[06] WEREWOLF
1,talk,90,6,6,Skip
1,talk,91,6,5,Over
1,talk,92,6,12,Skip
1,talk,93,6,4,Over
1,talk,94,6,8,Over
1,talk,95,6,7,Over
1,talk,96,6,15,Over
1,talk,97,6,3,Skip
1,talk,98,6,11,Over
1,talk,99,6,14,Over
1,talk,100,6,10,REQUEST(VOTE Agent[06])
1,talk,101,6,9,Over
1,talk,102,6,13,Over
1,talk,103,6,1,Over
1,talk,104,6,2,Over
1,talk,105,7,1,Over
1,talk,106,7,5,Over
1,talk,107,7,4,Over
1,talk,108,7,6,VOTE Agent[06]
1,talk,109,7,8,Over
1,talk,110,7,14,Over
1,talk,111,7,7,ESTIMATE Agent[06] WEREWOLF
1,talk,112,7,3,Skip
1,talk,113,7,15,Over
1,talk,114,7,2,Over
1,talk,115,7,9,Over
1,talk,116,7,10,VOTE Agent[06]
1,talk,117,7,11,Over
1,talk,118,7,13,Over
1,talk,119,7,12,VOTE Agent[06]
1,talk,120,8,11,Over
1,talk,121,8,6,Skip
1,talk,122,8,7,ESTIMATE Agent[06] WEREWOLF
1,talk,123,8,5,Over
1,talk,124,8,2,Over
1,talk,125,8,3,Over
1,talk,126,8,9,Over
1,talk,127,8,15,ESTIMATE Agent[08] VILLAGER
1,talk,128,8,13,Over
1,talk,129,8,12,Skip
1,talk,130,8,1,Over
1,talk,131,8,10,Skip
1,talk,132,8,4,Over
1,talk,133,8,14,Over
1,talk,134,8,8,Over
1,talk,135,9,13,Over
1,talk,136,9,8,Over
1,talk,137,9,15,ESTIMATE Agent[06] WEREWOLF
1,talk,138,9,4,Over
1,talk,139,9,7,Over
1,talk,140,9,2,Over
1,talk,141,9,5,Over
1,talk,142,9,6,Skip
1,talk,143,9,12,Skip
1,talk,144,9,10,Skip
1,talk,145,9,1,Over
1,talk,146,9,3,Over
1,talk,147,9,9,Over
1,talk,148,9,14,Over
1,talk,149,9,11,Over
1,talk,150,10,14,Over
1,talk,151,10,1,Over
1,talk,152,10,3,Over
1,talk,153,10,8,Over
1,talk,154,10,13,Over
1,talk,155,10,15,Over
1,talk,156,10,2,Over
1,talk,157,10,11,Over
1,talk,158,10,5,Over
1,talk,159,10,12,Over
1,talk,160,10,7,Over
1,talk,161,10,4,Over
1,talk,162,10,9,Over
1,talk,163,10,6,Over
1,talk,164,10,10,Over
1,vote,1,6
1,vote,2,3
1,vote,3,6
1,vote,4,3
1,vote,5,2
1,vote,6,8
1,vote,7,6
1,vote,8,6
1,vote,9,12
1,vote,10,6
1,vote,11,7
1,vote,12,6
1,vote,13,6
1,vote,14,12
1,vote,15,6
1,execute,6,WEREWOLF
1,divine,13,15,HUMAN
1,whisper,0,0,3,ATTACK Agent[07]
1,whisper,1,0,14,Over
1,whisper,2,1,14,Over
1,whisper,3,1,3,Skip
1,whisper,4,2,3,Skip
1,whisper,5,2,14,Over
1,whisper,6,3,3,Over
1,whisper,7,3,14,Over
1,guard,4,9,POSSESSED
1,attackVote,3,7
1,attack,7,true
2,status,1,MEDIUM,ALIVE,tmcit2017
2,status,2,VILLAGER,ALIVE,Army
2,status,3,WEREWOLF,ALIVE,rsaito
2,status,4,BODYGUARD,ALIVE,Neo_ELIZA
2,status,5,VILLAGER,ALIVE,AIWolf_NET
2,status,6,WEREWOLF,DEAD,Romanesco
2,status,7,VILLAGER,DEAD,wasabi
2,status,8,VILLAGER,ALIVE,H-ReGEX
2,status,9,POSSESSED,ALIVE,yk_aiwolf
2,status,10,VILLAGER,ALIVE,Kanpyo
2,status,11,VILLAGER,ALIVE,konno
2,status,12,VILLAGER,ALIVE,AITKN
2,status,13,SEER,ALIVE,neko
2,status,14,WEREWOLF,ALIVE,flex
2,status,15,VILLAGER,ALIVE,Litt1eGirl
2,talk,0,0,2,COMINGOUT Agent[02] VILLAGER
2,talk,1,0,15,VOTE Agent[08]
2,talk,2,0,12,VOTE Agent[14]
2,talk,3,0,8,ESTIMATE Agent[06] WEREWOLF
2,talk,4,0,10,Skip
2,talk,5,0,1,COMINGOUT Agent[01] MEDIUM
2,talk,6,0,3,VOTE Agent[12]
2,talk,7,0,4,Skip
2,talk,8,0,13,DIVINED Agent[04] WEREWOLF
2,talk,9,0,9,DIVINED Agent[11] HUMAN
2,talk,10,0,11,VOTE Agent[05]
2,talk,11,0,5,VOTE Agent[14]
2,talk,12,0,14,Over
2,talk,13,1,13,VOTE Agent[04]
2,talk,14,1,10,AGREE TALK day2 ID:8
2,talk,15,1,1,Over
2,talk,16,1,11,Skip
2,talk,17,1,14,Over
2,talk,18,1,15,VOTE Agent[14]
2,talk,19,1,9,Over
2,talk,20,1,5,Skip
2,talk,21,1,2,VOTE Agent[03]
2,talk,22,1,3,VOTE Agent[08]
2,talk,23,1,12,Skip
2,talk,24,1,4,Skip
2,talk,25,1,8,VOTE Agent[06]
2,talk,26,2,13,VOTE Agent[14]
2,talk,27,2,4,Over
2,talk,28,2,1,Over
2,talk,29,2,3,Skip
2,talk,30,2,2,VOTE Agent[01]
2,talk,31,2,10,ESTIMATE Agent[04] WEREWOLF
2,talk,32,2,14,Over
2,talk,33,2,15,Over
2,talk,34,2,12,Skip
2,talk,35,2,9,Over
2,talk,36,2,8,Skip
2,talk,37,2,11,Skip
2,talk,38,2,5,Skip
2,talk,39,3,5,Over
2,talk,40,3,4,Over
2,talk,41,3,1,IDENTIFIED Agent[06] WEREWOLF
2,talk,42,3,10,VOTE Agent[04]
2,talk,43,3,15,ESTIMATE Agent[14] WEREWOLF
2,talk,44,3,14,Over
2,talk,45,3,9,Over
2,talk,46,3,11,Over
2,talk,47,3,3,Skip
2,talk,48,3,2,ESTIMATE Agent[04] WEREWOLF
2,talk,49,3,8,Skip
2,talk,50,3,12,Over
2,talk,51,3,13,Skip
2,talk,52,4,4,Over
2,talk,53,4,3,Over
2,talk,54,4,13,VOTE Agent[01]
2,talk,55,4,9,Over
2,talk,56,4,14,Over
2,talk,57,4,1,Over
2,talk,58,4,2,VOTE Agent[04]
2,talk,59,4,11,Over
2,talk,60,4,10,REQUEST(VOTE Agent[04])
2,talk,61,4,8,Over
2,talk,62,4,5,Over
2,talk,63,4,15,Over
2,talk,64,4,12,REQUEST(DIVINATION Agent[03])
2,talk,65,5,3,VOTE Agent[04]
2,talk,66,5,12,Skip
2,talk,67,5,5,Over
2,talk,68,5,2,VOTE Agent[05]
2,talk,69,5,8,Over
2,talk,70,5,9,Over
2,talk,71,5,4,Over
2,talk,72,5,1,Over
2,talk,73,5,10,ESTIMATE Agent[01] POSSESSED
2,talk,74,5,15,Over
2,talk,75,5,13,Skip
2,talk,76,5,11,Over
2,talk,77,5,14,Over
2,talk,78,6,11,Over
2,talk,79,6,5,Over
2,talk,80,6,10,VOTE Agent[01]
2,talk,81,6,13,Skip
2,talk,82,6,2,VOTE Agent[06]
2,talk,83,6,8,Over
2,talk,84,6,4,Over
2,talk,85,6,1,Over
2,talk,86,6,3,Skip
2,talk,87,6,9,Over
2,talk,88,6,14,Over
2,talk,89,6,12,VOTE Agent[04]
2,talk,90,6,15,Over
2,talk,91,7,15,Over
2,talk,92,7,8,Over
2,talk,93,7,9,Over
2,talk,94,7,4,Over
2,talk,95,7,11,Over
2,talk,96,7,1,Over
2,talk,97,7,10,REQUEST(VOTE Agent[01])
2,talk,98,7,2,VOTE Agent[07]
2,talk,99,7,3,Skip
2,talk,100,7,13,Over
2,talk,101,7,5,Over
2,talk,102,7,14,Over
2,talk,103,7,12,Skip
2,talk,104,8,3,Over
2,talk,105,8,2,VOTE Agent[08]
2,talk,106,8,5,Over
2,talk,107,8,1,Over
2,talk,108,8,9,Over
2,talk,109,8,13,Over
2,talk,110,8,12,Skip
2,talk,111,8,11,Over
2,talk,112,8,8,Over
2,talk,113,8,14,Over
2,talk,114,8,15,VOTE Agent[04]
2,talk,115,8,4,Over
2,talk,116,8,10,VOTE Agent[04]
2,talk,117,9,5,Over
2,talk,118,9,8,Over
2,talk,119,9,3,Over
2,talk,120,9,12,Over
2,talk,121,9,13,Over
2,talk,122,9,4,Over
2,talk,123,9,2,VOTE Agent[10]
2,talk,124,9,1,Over
2,talk,125,9,15,Over
2,talk,126,9,11,Over
2,talk,127,9,9,Over
2,talk,128,9,14,Over
2,talk,129,9,10,Skip
2,talk,130,10,14,Over
2,talk,131,10,5,Over
2,talk,132,10,10,Skip
2,talk,133,10,1,Over
2,talk,134,10,2,Over
2,talk,135,10,4,Over
2,talk,136,10,3,Over
2,talk,137,10,8,Over
2,talk,138,10,13,Over
2,talk,139,10,15,Over
2,talk,140,10,12,Over
2,talk,141,10,11,Over
2,talk,142,10,9,Over
2,talk,143,11,14,Over
2,talk,144,11,8,Over
2,talk,145,11,4,Over
2,talk,146,11,9,Over
2,talk,147,11,3,Over
2,talk,148,11,15,Over
2,talk,149,11,10,Over
2,talk,150,11,13,Over
2,talk,151,11,5,Over
2,talk,152,11,11,Over
2,talk,153,11,12,Over
2,talk,154,11,1,Over
2,talk,155,11,2,Over
2,vote,1,4
2,vote,2,1
2,vote,3,4
2,vote,4,12
2,vote,5,14
2,vote,8,10
2,vote,9,8
2,vote,10,4
2,vote,11,5
2,vote,12,4
2,vote,13,1
2,vote,14,2
2,vote,15,4
2,execute,4,BODYGUARD
2,divine,13,2,HUMAN
2,whisper,0,0,3,ESTIMATE Agent[13] POSSESSED
2,whisper,1,0,14,Over
2,whisper,2,1,14,Over
2,whisper,3,1,3,ATTACK Agent[08]
2,whisper,4,2,14,Over
2,whisper,5,2,3,Skip
2,whisper,6,3,3,Skip
2,whisper,7,3,14,Over
2,whisper,8,4,3,Over
2,whisper,9,4,14,Over
2,attackVote,3,8
2,attack,8,true
3,status,1,MEDIUM,ALIVE,tmcit2017
3,status,2,VILLAGER,ALIVE,Army
3,status,3,WEREWOLF,ALIVE,rsaito
3,status,4,BODYGUARD,DEAD,Neo_ELIZA
3,status,5,VILLAGER,ALIVE,AIWolf_NET
3,status,6,WEREWOLF,DEAD,Romanesco
3,status,7,VILLAGER,DEAD,wasabi
3,status,8,VILLAGER,DEAD,H-ReGEX
3,status,9,POSSESSED,ALIVE,yk_aiwolf
3,status,10,VILLAGER,ALIVE,Kanpyo
3,status,11,VILLAGER,ALIVE,konno
3,status,12,VILLAGER,ALIVE,AITKN
3,status,13,SEER,ALIVE,neko
3,status,14,WEREWOLF,ALIVE,flex
3,status,15,VILLAGER,ALIVE,Litt1eGirl
3,talk,0,0,15,VOTE Agent[10]
3,talk,1,0,14,Over
3,talk,2,0,3,VOTE Agent[15]
3,talk,3,0,1,IDENTIFIED Agent[04] HUMAN
3,talk,4,0,9,DIVINED Agent[11] HUMAN
3,talk,5,0,13,DIVINED Agent[02] HUMAN
3,talk,6,0,10,Skip
3,talk,7,0,2,COMINGOUT Agent[02] VILLAGER
3,talk,8,0,11,VOTE Agent[15]
3,talk,9,0,5,VOTE Agent[11]
3,talk,10,0,12,VOTE Agent[15]
3,talk,11,1,15,VOTE Agent[13]
3,talk,12,1,13,VOTE Agent[01]
3,talk,13,1,3,Skip
3,talk,14,1,5,Skip
3,talk,15,1,9,Over
3,talk,16,1,2,Skip
3,talk,17,1,11,Skip
3,talk,18,1,1,Over
3,talk,19,1,10,Skip
3,talk,20,1,12,Skip
3,talk,21,1,14,Over
3,talk,22,2,15,Over
3,talk,23,2,1,Over
3,talk,24,2,10,Over
3,talk,25,2,5,Skip
3,talk,26,2,11,Skip
3,talk,27,2,3,Skip
3,talk,28,2,13,VOTE Agent[01]
3,talk,29,2,12,Skip
3,talk,30,2,2,Skip
3,talk,31,2,9,Over
3,talk,32,2,14,Over
3,talk,33,3,10,ESTIMATE Agent[01] POSSESSED
3,talk,34,3,9,Over
3,talk,35,3,5,Over
3,talk,36,3,12,Over
3,talk,37,3,14,Over
3,talk,38,3,13,Skip
3,talk,39,3,15,Over
3,talk,40,3,11,Over
3,talk,41,3,3,Over
3,talk,42,3,1,Over
3,talk,43,3,2,Over
3,talk,44,4,10,VOTE Agent[01]
3,talk,45,4,5,Over
3,talk,46,4,14,Over
3,talk,47,4,15,Over
3,talk,48,4,12,REQUEST(DIVINATION Agent[05])
3,talk,49,4,3,Over
3,talk,50,4,9,Over
3,talk,51,4,13,Skip
3,talk,52,4,2,Over
3,talk,53,4,11,Over
3,talk,54,4,1,Over
3,talk,55,5,9,Over
3,talk,56,5,1,Over
3,talk,57,5,11,Over
3,talk,58,5,15,Over
3,talk,59,5,5,Over
3,talk,60,5,3,Over
3,talk,61,5,14,Over
3,talk,62,5,10,REQUEST(VOTE Agent[01])
3,talk,63,5,2,Over
3,talk,64,5,13,Over
3,talk,65,5,12,Skip
3,talk,66,6,13,Over
3,talk,67,6,12,VOTE Agent[01]
3,talk,68,6,2,Over
3,talk,69,6,3,Over
3,talk,70,6,11,Over
3,talk,71,6,14,Over
3,talk,72,6,9,Over
3,talk,73,6,10,VOTE Agent[15]
3,talk,74,6,15,Over
3,talk,75,6,1,Over
3,talk,76,6,5,Over
3,talk,77,7,1,Over
3,talk,78,7,15,ESTIMATE Agent[09] VILLAGER
3,talk,79,7,11,Over
3,talk,80,7,5,Over
3,talk,81,7,14,Over
3,talk,82,7,12,VOTE Agent[01]
3,talk,83,7,10,Skip
3,talk,84,7,13,Over
3,talk,85,7,2,Over
3,talk,86,7,9,Over
3,talk,87,7,3,Over
3,talk,88,8,9,Over
3,talk,89,8,11,Over
3,talk,90,8,1,Over
3,talk,91,8,3,Over
3,talk,92,8,10,Skip
3,talk,93,8,12,Skip
3,talk,94,8,5,Over
3,talk,95,8,15,Over
3,talk,96,8,13,Over
3,talk,97,8,2,Over
3,talk,98,8,14,Over
3,talk,99,9,3,Over
3,talk,100,9,2,Over
3,talk,101,9,5,Over
3,talk,102,9,12,Skip
3,talk,103,9,13,Over
3,talk,104,9,11,Over
3,talk,105,9,14,Over
3,talk,106,9,10,Over
3,talk,107,9,1,Over
3,talk,108,9,9,Over
3,talk,109,9,15,Over
3,talk,110,10,13,Over
3,talk,111,10,3,Over
3,talk,112,10,5,Over
3,talk,113,10,12,Over
3,talk,114,10,11,Over
3,talk,115,10,15,Over
3,talk,116,10,9,Over
3,talk,117,10,2,Over
3,talk,118,10,14,Over
3,talk,119,10,1,Over
3,talk,120,10,10,Over
3,vote,1,3
3,vote,2,1
3,vote,3,15
3,vote,5,11
3,vote,9,14
3,vote,10,15
3,vote,11,15
3,vote,12,1
3,vote,13,1
3,vote,14,12
3,vote,15,13
3,vote,1,14
3,vote,2,1
3,vote,3,15
3,vote,5,11
3,vote,9,2
3,vote,10,15
3,vote,11,15
3,vote,12,1
3,vote,13,1
3,vote,14,9
3,vote,15,13
3,execute,1,MEDIUM
3,divine,13,3,WEREWOLF
3,whisper,0,0,3,ATTACK Agent[15]
3,whisper,1,0,14,Over
3,whisper,2,1,3,Skip
3,whisper,3,1,14,Over
3,whisper,4,2,14,Over
3,whisper,5,2,3,Skip
3,whisper,6,3,14,Over
3,whisper,7,3,3,Over
3,attackVote,3,15
3,attack,15,true
4,status,1,MEDIUM,DEAD,tmcit2017
4,status,2,VILLAGER,ALIVE,Army
4,status,3,WEREWOLF,ALIVE,rsaito
4,status,4,BODYGUARD,DEAD,Neo_ELIZA
4,status,5,VILLAGER,ALIVE,AIWolf_NET
4,status,6,WEREWOLF,DEAD,Romanesco
4,status,7,VILLAGER,DEAD,wasabi
4,status,8,VILLAGER,DEAD,H-ReGEX
4,status,9,POSSESSED,ALIVE,yk_aiwolf
4,status,10,VILLAGER,ALIVE,Kanpyo
4,status,11,VILLAGER,ALIVE,konno
4,status,12,VILLAGER,ALIVE,AITKN
4,status,13,SEER,ALIVE,neko
4,status,14,WEREWOLF,ALIVE,flex
4,status,15,VILLAGER,DEAD,Litt1eGirl
4,talk,0,0,2,COMINGOUT Agent[02] VILLAGER
4,talk,1,0,9,DIVINED Agent[11] HUMAN
4,talk,2,0,11,VOTE Agent[13]
4,talk,3,0,5,VOTE Agent[09]
4,talk,4,0,12,VOTE Agent[14]
4,talk,5,0,13,DIVINED Agent[03] WEREWOLF
4,talk,6,0,10,Skip
4,talk,7,0,3,VOTE Agent[10]
4,talk,8,0,14,Over
4,talk,9,1,10,AGREE TALK day4 ID:5
4,talk,10,1,12,VOTE Agent[05]
4,talk,11,1,2,ESTIMATE Agent[03] WEREWOLF
4,talk,12,1,9,Over
4,talk,13,1,13,VOTE Agent[03]
4,talk,14,1,11,Skip
4,talk,15,1,5,Skip
4,talk,16,1,14,Over
4,talk,17,1,3,Skip
4,talk,18,2,11,Skip
4,talk,19,2,2,Skip
4,talk,20,2,3,Skip
4,talk,21,2,10,ESTIMATE Agent[03] WEREWOLF
4,talk,22,2,12,VOTE Agent[03]
4,talk,23,2,14,Over
4,talk,24,2,13,VOTE Agent[02]
4,talk,25,2,9,Over
4,talk,26,2,5,Skip
4,talk,27,3,13,Skip
4,talk,28,3,12,Skip
4,talk,29,3,10,VOTE Agent[03]
4,talk,30,3,2,Skip
4,talk,31,3,3,Over
4,talk,32,3,5,Over
4,talk,33,3,9,Over
4,talk,34,3,11,Over
4,talk,35,3,14,Over
4,talk,36,4,9,Over
4,talk,37,4,5,Over
4,talk,38,4,13,VOTE Agent[03]
4,talk,39,4,2,Over
4,talk,40,4,14,Over
4,talk,41,4,10,REQUEST(VOTE Agent[03])
4,talk,42,4,11,Over
4,talk,43,4,12,REQUEST(DIVINATION Agent[14])
4,talk,44,4,3,Over
4,talk,45,5,10,VOTE Agent[03]
4,talk,46,5,9,Over
4,talk,47,5,11,Over
4,talk,48,5,3,Over
4,talk,49,5,14,Over
4,talk,50,5,5,Over
4,talk,51,5,2,Over
4,talk,52,5,13,Skip
4,talk,53,5,12,VOTE Agent[03]
4,talk,54,6,12,Skip
4,talk,55,6,14,Over
4,talk,56,6,11,Over
4,talk,57,6,9,Over
4,talk,58,6,13,Skip
4,talk,59,6,5,Over
4,talk,60,6,3,Over
4,talk,61,6,10,Skip
4,talk,62,6,2,Over
4,talk,63,7,12,Skip
4,talk,64,7,10,Skip
4,talk,65,7,5,Over
4,talk,66,7,3,Over
4,talk,67,7,14,Over
4,talk,68,7,9,Over
4,talk,69,7,13,Over
4,talk,70,7,11,Over
4,talk,71,7,2,Over
4,talk,72,8,12,Over
4,talk,73,8,11,Over
4,talk,74,8,10,Over
4,talk,75,8,9,Over
4,talk,76,8,3,Over
4,talk,77,8,2,Over
4,talk,78,8,13,Over
4,talk,79,8,14,Over
4,talk,80,8,5,Over
4,vote,2,12
4,vote,3,10
4,vote,5,9
4,vote,9,11
4,vote,10,3
4,vote,11,13
4,vote,12,3
4,vote,13,3
4,vote,14,11
4,execute,3,WEREWOLF
4,divine,13,5,HUMAN
4,attack,10,true
5,status,1,MEDIUM,DEAD,tmcit2017
5,status,2,VILLAGER,ALIVE,Army
5,status,3,WEREWOLF,DEAD,rsaito
5,status,4,BODYGUARD,DEAD,Neo_ELIZA
5,status,5,VILLAGER,ALIVE,AIWolf_NET
5,status,6,WEREWOLF,DEAD,Romanesco
5,status,7,VILLAGER,DEAD,wasabi
5,status,8,VILLAGER,DEAD,H-ReGEX
5,status,9,POSSESSED,ALIVE,yk_aiwolf
5,status,10,VILLAGER,DEAD,Kanpyo
5,status,11,VILLAGER,ALIVE,konno
5,status,12,VILLAGER,ALIVE,AITKN
5,status,13,SEER,ALIVE,neko
5,status,14,WEREWOLF,ALIVE,flex
5,status,15,VILLAGER,DEAD,Litt1eGirl
5,talk,0,0,11,VOTE Agent[02]
5,talk,1,0,2,COMINGOUT Agent[02] VILLAGER
5,talk,2,0,13,DIVINED Agent[05] HUMAN
5,talk,3,0,9,DIVINED Agent[11] HUMAN
5,talk,4,0,5,VOTE Agent[12]
5,talk,5,0,12,VOTE Agent[09]
5,talk,6,0,14,Over
5,talk,7,1,9,Over
5,talk,8,1,5,Skip
5,talk,9,1,14,Over
5,talk,10,1,11,Skip
5,talk,11,1,12,Skip
5,talk,12,1,2,Skip
5,talk,13,1,13,VOTE Agent[02]
5,talk,14,2,14,Over
5,talk,15,2,13,VOTE Agent[02]
5,talk,16,2,9,Over
5,talk,17,2,12,Skip
5,talk,18,2,5,Skip
5,talk,19,2,2,Skip
5,talk,20,2,11,Skip
5,talk,21,3,12,VOTE Agent[02]
5,talk,22,3,2,Over
5,talk,23,3,9,Over
5,talk,24,3,5,Over
5,talk,25,3,14,Over
5,talk,26,3,11,Over
5,talk,27,3,13,Skip
5,talk,28,4,14,Over
5,talk,29,4,11,Over
5,talk,30,4,9,Over
5,talk,31,4,12,REQUEST(DIVINATION Agent[14])
5,talk,32,4,5,Over
5,talk,33,4,13,Skip
5,talk,34,4,2,Over
5,talk,35,5,14,Over
5,talk,36,5,2,Over
5,talk,37,5,5,Over
5,talk,38,5,12,Skip
5,talk,39,5,13,Over
5,talk,40,5,11,Over
5,talk,41,5,9,Over
5,talk,42,6,12,Skip
5,talk,43,6,9,Over
5,talk,44,6,5,Over
5,talk,45,6,14,Over
5,talk,46,6,2,Over
5,talk,47,6,11,Over
5,talk,48,6,13,Over
5,talk,49,7,13,Over
5,talk,50,7,9,Over
5,talk,51,7,5,Over
5,talk,52,7,11,Over
5,talk,53,7,2,Over
5,talk,54,7,12,Over
5,talk,55,7,14,Over
5,vote,2,11
5,vote,5,12
5,vote,9,2
5,vote,11,2
5,vote,12,2
5,vote,13,2
5,vote,14,2
5,execute,2,VILLAGER
5,divine,13,11,HUMAN
5,attack,13,true
6,status,1,MEDIUM,DEAD,tmcit2017
6,status,2,VILLAGER,DEAD,Army
6,status,3,WEREWOLF,DEAD,rsaito
6,status,4,BODYGUARD,DEAD,Neo_ELIZA
6,status,5,VILLAGER,ALIVE,AIWolf_NET
6,status,6,WEREWOLF,DEAD,Romanesco
6,status,7,VILLAGER,DEAD,wasabi
6,status,8,VILLAGER,DEAD,H-ReGEX
6,status,9,POSSESSED,ALIVE,yk_aiwolf
6,status,10,VILLAGER,DEAD,Kanpyo
6,status,11,VILLAGER,ALIVE,konno
6,status,12,VILLAGER,ALIVE,AITKN
6,status,13,SEER,DEAD,neko
6,status,14,WEREWOLF,ALIVE,flex
6,status,15,VILLAGER,DEAD,Litt1eGirl
6,talk,0,0,12,VOTE Agent[14]
6,talk,1,0,9,DIVINED Agent[07] WEREWOLF
6,talk,2,0,5,VOTE Agent[11]
6,talk,3,0,11,VOTE Agent[05]
6,talk,4,0,14,Over
6,talk,5,1,5,ESTIMATE Agent[09] WEREWOLF
6,talk,6,1,14,Over
6,talk,7,1,12,VOTE Agent[09]
6,talk,8,1,9,Over
6,talk,9,1,11,ESTIMATE Agent[09] WEREWOLF
6,talk,10,2,12,Skip
6,talk,11,2,14,Over
6,talk,12,2,9,Over
6,talk,13,2,11,REQUEST(DIVINATION Agent[09])
6,talk,14,2,5,REQUEST(DIVINATION Agent[09])
6,talk,15,3,12,Skip
6,talk,16,3,5,VOTE Agent[09]
6,talk,17,3,14,Over
6,talk,18,3,9,Over
6,talk,19,3,11,VOTE Agent[09]
6,talk,20,4,11,Skip
6,talk,21,4,14,Over
6,talk,22,4,12,REQUEST(DIVINATION Agent[14])
6,talk,23,4,9,Over
6,talk,24,4,5,Skip
6,talk,25,5,9,Over
6,talk,26,5,11,Skip
6,talk,27,5,14,Over
6,talk,28,5,5,Skip
6,talk,29,5,12,Skip
6,talk,30,6,12,Skip
6,talk,31,6,5,Over
6,talk,32,6,11,Over
6,talk,33,6,9,Over
6,talk,34,6,14,Over
6,talk,35,7,5,Over
6,talk,36,7,9,Over
6,talk,37,7,14,Over
6,talk,38,7,11,Over
6,talk,39,7,12,Over
6,vote,5,9
6,vote,9,5
6,vote,11,9
6,vote,12,9
6,vote,14,9
6,execute,9,POSSESSED
6,attack,12,true
7,status,1,MEDIUM,DEAD,tmcit2017
7,status,2,VILLAGER,DEAD,Army
7,status,3,WEREWOLF,DEAD,rsaito
7,status,4,BODYGUARD,DEAD,Neo_ELIZA
7,status,5,VILLAGER,ALIVE,AIWolf_NET
7,status,6,WEREWOLF,DEAD,Romanesco
7,status,7,VILLAGER,DEAD,wasabi
7,status,8,VILLAGER,DEAD,H-ReGEX
7,status,9,POSSESSED,DEAD,yk_aiwolf
7,status,10,VILLAGER,DEAD,Kanpyo
7,status,11,VILLAGER,ALIVE,konno
7,status,12,VILLAGER,DEAD,AITKN
7,status,13,SEER,DEAD,neko
7,status,14,WEREWOLF,ALIVE,flex
7,status,15,VILLAGER,DEAD,Litt1eGirl
7,talk,0,0,11,VOTE Agent[14]
7,talk,1,0,14,Over
7,talk,2,0,5,VOTE Agent[11]
7,talk,3,1,11,Skip
7,talk,4,1,5,Skip
7,talk,5,1,14,Over
7,talk,6,2,14,Over
7,talk,7,2,11,Skip
7,talk,8,2,5,Skip
7,talk,9,3,5,Over
7,talk,10,3,14,Over
7,talk,11,3,11,Over
7,vote,5,11
7,vote,11,14
7,vote,14,11
7,execute,11,VILLAGER
7,attack,5,true
8,status,1,MEDIUM,DEAD,tmcit2017
8,status,2,VILLAGER,DEAD,Army
8,status,3,WEREWOLF,DEAD,rsaito
8,status,4,BODYGUARD,DEAD,Neo_ELIZA
8,status,5,VILLAGER,DEAD,AIWolf_NET
8,status,6,WEREWOLF,DEAD,Romanesco
8,status,7,VILLAGER,DEAD,wasabi
8,status,8,VILLAGER,DEAD,H-ReGEX
8,status,9,POSSESSED,DEAD,yk_aiwolf
8,status,10,VILLAGER,DEAD,Kanpyo
8,status,11,VILLAGER,DEAD,konno
8,status,12,VILLAGER,DEAD,AITKN
8,status,13,SEER,DEAD,neko
8,status,14,WEREWOLF,ALIVE,flex
8,status,15,VILLAGER,DEAD,Litt1eGirl
8,result,0,1,WEREWOLF
