0,status,1,VILLAGER,ALIVE,tmcit2017
0,status,2,WEREWOLF,ALIVE,Army
0,status,3,SEER,ALIVE,rsaito
0,status,4,VILLAGER,ALIVE,Neo_ELIZA
0,status,5,VILLAGER,ALIVE,AIWolf_NET
0,status,6,VILLAGER,ALIVE,Romanesco
0,status,7,BODYGUARD,ALIVE,wasabi
0,status,8,POSSESSED,ALIVE,H-ReGEX
0,status,9,VILLAGER,ALIVE,yk_aiwolf
0,status,10,MEDIUM,ALIVE,Kanpyo
0,status,11,WEREWOLF,ALIVE,konno
0,status,12,VILLAGER,ALIVE,AITKN
0,status,13,VILLAGER,ALIVE,neko
0,status,14,VILLAGER,ALIVE,flex
0,status,15,WEREWOLF,ALIVE,Litt1eGirl
0,whisper,0,0,15,ATTACK Agent[02]
0,whisper,1,0,11,COMINGOUT Agent[11] VILLAGER
0,whisper,2,0,2,Over
0,whisper,3,1,11,ATTACK Agent[13]
0,whisper,4,1,15,ATTACK Agent[05]
0,whisper,5,1,2,Over
0,whisper,6,2,11,ATTACK Agent[10]
0,whisper,7,2,2,Over
0,whisper,8,2,15,ATTACK Agent[09]
0,whisper,9,3,15,ATTACK Agent[12]
0,whisper,10,3,2,Over
0,whisper,11,3,11,ATTACK Agent[08]
0,whisper,12,4,2,Over
0,whisper,13,4,15,ATTACK Agent[02]
0,whisper,14,4,11,ATTACK Agent[13]
0,whisper,15,5,11,ATTACK Agent[12]
0,whisper,16,5,15,ATTACK Agent[12]
0,whisper,17,5,2,Over
0,whisper,18,6,15,ATTACK Agent[06]
0,whisper,19,6,11,ATTACK Agent[05]
0,whisper,20,6,2,Over
0,whisper,21,7,15,ATTACK Agent[13]
0,whisper,22,7,11,ATTACK Agent[08]
0,whisper,23,7,2,Over
0,whisper,24,8,11,ATTACK Agent[01]
0,whisper,25,8,15,ATTACK Agent[15]
0,whisper,26,8,2,Over
0,whisper,27,9,11,ATTACK Agent[03]
0,whisper,28,9,15,ATTACK Agent[04]
0,whisper,29,9,2,Over
0,whisper,30,10,15,Over
0,whisper,31,10,11,Over
0,whisper,32,10,2,Over
0,divine,3,6,HUMAN
1,status,1,VILLAGER,ALIVE,tmcit2017
1,status,2,WEREWOLF,ALIVE,Army
1,status,3,SEER,ALIVE,rsaito
1,status,4,VILLAGER,ALIVE,Neo_ELIZA
1,status,5,VILLAGER,ALIVE,AIWolf_NET
1,status,6,VILLAGER,ALIVE,Romanesco
1,status,7,BODYGUARD,ALIVE,wasabi
1,status,8,POSSESSED,ALIVE,H-ReGEX
1,status,9,VILLAGER,ALIVE,yk_aiwolf
1,status,10,MEDIUM,ALIVE,Kanpyo
1,status,11,WEREWOLF,ALIVE,konno
1,status,12,VILLAGER,ALIVE,AITKN
1,status,13,VILLAGER,ALIVE,neko
1,status,14,VILLAGER,ALIVE,flex
1,status,15,WEREWOLF,ALIVE,Litt1eGirl
1,talk,0,0,8,COMINGOUT Agent[08] SEER
1,talk,1,0,12,VOTE Agent[09]
1,talk,2,0,5,VOTE Agent[14]
1,talk,3,0,1,COMINGOUT Agent[01] VILLAGER
1,talk,4,0,4,VOTE Agent[01]
1,talk,5,0,7,Skip
1,talk,6,0,14,Over
1,talk,7,0,15,VOTE Agent[05]
1,talk,8,0,10,VOTE Agent[01]
1,talk,9,0,6,Skip
1,talk,10,0,13,VOTE Agent[06]
1,talk,11,0,3,COMINGOUT Agent[03] SEER
1,talk,12,0,2,Skip
1,talk,13,0,11,ESTIMATE Agent[05] WEREWOLF
1,talk,14,0,9,Over
1,talk,15,1,13,VOTE Agent[09]
1,talk,16,1,4,Skip
1,talk,17,1,11,VOTE Agent[05]
1,talk,18,1,1,Over
1,talk,19,1,9,Over
1,talk,20,1,10,ESTIMATE Agent[08] SEER
1,talk,21,1,2,Skip
1,talk,22,1,3,DIVINED Agent[06] HUMAN
1,talk,23,1,8,DIVINED Agent[10] WEREWOLF
1,talk,24,1,7,VOTE Agent[11]
1,talk,25,1,5,Skip
1,talk,26,1,14,Over
1,talk,27,1,6,Skip
1,talk,28,1,15,VOTE Agent[01]
1,talk,29,1,12,VOTE Agent[01]
1,talk,30,2,6,Over
1,talk,31,2,3,VOTE Agent[13]
1,talk,32,2,1,Over
1,talk,33,2,4,Skip
1,talk,34,2,10,ESTIMATE Agent[03] SEER
1,talk,35,2,8,ESTIMATE Agent[01] WEREWOLF
1,talk,36,2,12,Skip
1,talk,37,2,14,Over
1,talk,38,2,7,Skip
1,talk,39,2,15,Over
1,talk,40,2,9,Over
1,talk,41,2,5,Skip
1,talk,42,2,2,ESTIMATE Agent[10] WEREWOLF
1,talk,43,2,13,VOTE Agent[10]
1,talk,44,2,11,Skip
1,talk,45,3,4,Over
1,talk,46,3,9,Over
1,talk,47,3,11,Skip
1,talk,48,3,6,VOTE Agent[13]
1,talk,49,3,7,Skip
1,talk,50,3,10,Skip
1,talk,51,3,12,Skip
1,talk,52,3,2,Skip
1,talk,53,3,14,Over
1,talk,54,3,15,Over
1,talk,55,3,3,VOTE Agent[13]
1,talk,56,3,1,Over
1,talk,57,3,8,REQUEST(DIVINATION Agent[01])
1,talk,58,3,5,Over
1,talk,59,3,13,Skip
1,talk,60,4,13,Skip
1,talk,61,4,3,VOTE Agent[08]
1,talk,62,4,7,Over
1,talk,63,4,2,Skip
1,talk,64,4,1,Over
1,talk,65,4,6,Skip
1,talk,66,4,15,Over
1,talk,67,4,10,Skip
1,talk,68,4,8,VOTE Agent[01]
1,talk,69,4,4,Over
1,talk,70,4,9,Over
1,talk,71,4,5,Over
1,talk,72,4,11,Over
1,talk,73,4,14,Over
1,talk,74,4,12,REQUEST(DIVINATION Agent[02])
1,talk,75,5,14,Over
1,talk,76,5,6,VOTE Agent[01]
1,talk,77,5,4,Over
1,talk,78,5,10,VOTE Agent[01]
1,talk,79,5,8,ESTIMATE Agent[03] WEREWOLF
1,talk,80,5,13,VOTE Agent[11]
1,talk,81,5,5,Over
1,talk,82,5,7,Over
1,talk,83,5,1,Over
1,talk,84,5,11,Over
1,talk,85,5,15,Over
1,talk,86,5,9,Over
1,talk,87,5,2,Over
1,talk,88,5,12,Skip
1,talk,89,5,3,Skip
1,talk,90,6,13,Skip
1,talk,91,6,9,Over
1,talk,92,6,2,Over
1,talk,93,6,7,Over
1,talk,94,6,10,Skip
1,talk,95,6,11,Over
1,talk,96,6,4,Over
1,talk,97,6,5,Over
1,talk,98,6,6,Skip
1,talk,99,6,8,REQUEST(DIVINATION Agent[03])
1,talk,100,6,14,Over
1,talk,101,6,1,Over
1,talk,102,6,3,VOTE Agent[13]
1,talk,103,6,15,Over
1,talk,104,6,12,Skip
1,talk,105,7,13,VOTE Agent[10]
1,talk,106,7,8,VOTE Agent[03]
1,talk,107,7,1,Over
1,talk,108,7,15,ESTIMATE Agent[01] WEREWOLF
1,talk,109,7,12,Over
1,talk,110,7,3,VOTE Agent[08]
1,talk,111,7,2,Over
1,talk,112,7,6,VOTE Agent[01]
1,talk,113,7,5,Over
1,talk,114,7,14,Over
1,talk,115,7,11,Over
1,talk,116,7,7,Over
1,talk,117,7,4,Over
1,talk,118,7,10,Skip
1,talk,119,7,9,Over
1,talk,120,8,3,Skip
1,talk,121,8,11,Over
1,talk,122,8,5,Over
1,talk,123,8,14,Over
1,talk,124,8,10,Over
1,talk,125,8,6,Skip
1,talk,126,8,15,Over
1,talk,127,8,7,Over
1,talk,128,8,9,Over
1,talk,129,8,2,Over
1,talk,130,8,1,Over
1,talk,131,8,4,Over
1,talk,132,8,13,Skip
1,talk,133,8,8,Skip
1,talk,134,8,12,Over
1,talk,135,9,8,Skip
1,talk,136,9,13,Skip
1,talk,137,9,9,Over
1,talk,138,9,4,Over
1,talk,139,9,14,Over
1,talk,140,9,5,Over
1,talk,141,9,2,Over
1,talk,142,9,10,Over
1,talk,143,9,7,Over
1,talk,144,9,15,Over
1,talk,145,9,11,Over
1,talk,146,9,12,Over
1,talk,147,9,1,Over
1,talk,148,9,6,Skip
1,talk,149,9,3,Skip
1,talk,150,10,4,Over
1,talk,151,10,10,Over
1,talk,152,10,11,Over
1,talk,153,10,14,Over
1,talk,154,10,9,Over
1,talk,155,10,7,VOTE Agent[10]
1,talk,156,10,8,Over
1,talk,157,10,5,Over
1,talk,158,10,13,Over
1,talk,159,10,12,Over
1,talk,160,10,6,Over
1,talk,161,10,2,Over
1,talk,162,10,15,Over
1,talk,163,10,1,Over
1,talk,164,10,3,Over
1,talk,165,11,13,Over
1,talk,166,11,4,Over
1,talk,167,11,9,Over
1,talk,168,11,2,Over
1,talk,169,11,7,ESTIMATE Agent[11] VILLAGER
1,talk,170,11,5,Over
1,talk,171,11,6,Over
1,talk,172,11,14,Over
1,talk,173,11,8,Over
1,talk,174,11,3,Over
1,talk,175,11,1,Over
1,talk,176,11,11,Over
1,talk,177,11,10,Over
1,talk,178,11,15,Over
1,talk,179,11,12,Over
1,talk,180,12,12,Over
1,talk,181,12,5,Over
1,talk,182,12,8,Over
1,talk,183,12,14,Over
1,talk,184,12,2,Over
1,talk,185,12,4,Over
1,talk,186,12,3,Over
1,talk,187,12,13,Over
1,talk,188,12,9,Over
1,talk,189,12,6,Over
1,talk,190,12,11,Over
1,talk,191,12,15,Over
1,talk,192,12,1,Over
1,talk,193,12,10,Over
1,talk,194,12,7,ESTIMATE Agent[11] VILLAGER
1,talk,195,13,6,Over
1,talk,196,13,13,Over
1,talk,197,13,1,Over
1,talk,198,13,11,Over
1,talk,199,13,8,Over
1,talk,200,13,15,Over
1,talk,201,13,2,Over
1,talk,202,13,7,Over
1,talk,203,13,12,Over
1,talk,204,13,3,Over
1,talk,205,13,10,Over
1,talk,206,13,9,Over
1,talk,207,13,5,Over
1,talk,208,13,14,Over
1,talk,209,13,4,Over
1,vote,1,10
1,vote,2,4
1,vote,3,8
1,vote,4,1
1,vote,5,14
1,vote,6,1
1,vote,7,10
1,vote,8,3
1,vote,9,3
1,vote,10,1
1,vote,11,5
1,vote,12,1
1,vote,13,10
1,vote,14,9
1,vote,15,1
1,execute,1,VILLAGER
1,divine,3,13,HUMAN
1,whisper,0,0,11,ESTIMATE Agent[08] POSSESSED
1,whisper,1,0,15,ATTACK Agent[13]
1,whisper,2,0,2,Over
1,whisper,3,1,11,ATTACK Agent[03]
1,whisper,4,1,15,ATTACK Agent[07]
1,whisper,5,1,2,Over
1,whisper,6,2,2,Over
1,whisper,7,2,15,ATTACK Agent[12]
1,whisper,8,2,11,Skip
1,whisper,9,3,2,Over
1,whisper,10,3,11,Skip
1,whisper,11,3,15,ATTACK Agent[06]
1,whisper,12,4,15,ATTACK Agent[02]
1,whisper,13,4,11,Over
1,whisper,14,4,2,Over
1,whisper,15,5,2,Over
1,whisper,16,5,11,Over
1,whisper,17,5,15,Over
1,guard,7,3,SEER
1,attackVote,11,3
1,attackVote,15,9
1,attackVote,11,3
1,attack,3,false
2,status,1,VILLAGER,DEAD,tmcit2017
2,status,2,WEREWOLF,ALIVE,Army
2,status,3,SEER,ALIVE,rsaito
2,status,4,VILLAGER,ALIVE,Neo_ELIZA
2,status,5,VILLAGER,ALIVE,AIWolf_NET
2,status,6,VILLAGER,ALIVE,Romanesco
2,status,7,BODYGUARD,ALIVE,wasabi
2,status,8,POSSESSED,ALIVE,H-ReGEX
2,status,9,VILLAGER,ALIVE,yk_aiwolf
2,status,10,MEDIUM,ALIVE,Kanpyo
2,status,11,WEREWOLF,ALIVE,konno
2,status,12,VILLAGER,ALIVE,AITKN
2,status,13,VILLAGER,ALIVE,neko
2,status,14,VILLAGER,ALIVE,flex
2,status,15,WEREWOLF,ALIVE,Litt1eGirl
2,talk,0,0,4,VOTE Agent[03]
2,talk,1,0,8,DIVINED Agent[07] HUMAN
2,talk,2,0,7,VOTE Agent[10]
2,talk,3,0,6,Skip
2,talk,4,0,9,Over
2,talk,5,0,2,Skip
2,talk,6,0,10,Skip
2,talk,7,0,3,DIVINED Agent[08] WEREWOLF
2,talk,8,0,13,VOTE Agent[10]
2,talk,9,0,11,ESTIMATE Agent[03] WEREWOLF
2,talk,10,0,14,Over
2,talk,11,0,15,VOTE Agent[06]
2,talk,12,0,12,VOTE Agent[10]
2,talk,13,0,5,VOTE Agent[13]
2,talk,14,1,14,Over
2,talk,15,1,10,REQUEST(Agent[08] Over)
2,talk,16,1,8,ESTIMATE Agent[10] WEREWOLF
2,talk,17,1,2,ESTIMATE Agent[08] WEREWOLF
2,talk,18,1,6,Skip
2,talk,19,1,11,VOTE Agent[03]
2,talk,20,1,12,Skip
2,talk,21,1,7,ESTIMATE Agent[08] WEREWOLF
2,talk,22,1,3,VOTE Agent[08]
2,talk,23,1,13,Skip
2,talk,24,1,4,Skip
2,talk,25,1,15,VOTE Agent[10]
2,talk,26,1,9,Over
2,talk,27,1,5,Skip
2,talk,28,2,10,AGREE TALK day2 ID:7
2,talk,29,2,11,ESTIMATE Agent[12] WEREWOLF
2,talk,30,2,4,Skip
2,talk,31,2,2,Skip
2,talk,32,2,3,Skip
2,talk,33,2,13,Skip
2,talk,34,2,12,Skip
2,talk,35,2,5,Skip
2,talk,36,2,15,Over
2,talk,37,2,8,REQUEST(DIVINATION Agent[10])
2,talk,38,2,9,Over
2,talk,39,2,6,Over
2,talk,40,2,14,Over
2,talk,41,2,7,ESTIMATE Agent[10] WEREWOLF
2,talk,42,3,9,Over
2,talk,43,3,4,Over
2,talk,44,3,12,Over
2,talk,45,3,10,ESTIMATE Agent[08] WEREWOLF
2,talk,46,3,15,ESTIMATE Agent[06] VILLAGER
2,talk,47,3,14,Over
2,talk,48,3,3,Skip
2,talk,49,3,13,Over
2,talk,50,3,6,VOTE Agent[10]
2,talk,51,3,2,Skip
2,talk,52,3,8,VOTE Agent[10]
2,talk,53,3,11,VOTE Agent[12]
2,talk,54,3,7,Skip
2,talk,55,3,5,Over
2,talk,56,4,14,Over
2,talk,57,4,2,Over
2,talk,58,4,7,Skip
2,talk,59,4,15,Over
2,talk,60,4,9,Over
2,talk,61,4,6,Skip
2,talk,62,4,5,Over
2,talk,63,4,13,VOTE Agent[02]
2,talk,64,4,8,ESTIMATE Agent[02] WEREWOLF
2,talk,65,4,12,REQUEST(DIVINATION Agent[15])
2,talk,66,4,4,Over
2,talk,67,4,3,Over
2,talk,68,4,11,Skip
2,talk,69,4,10,VOTE Agent[08]
2,talk,70,5,15,ESTIMATE Agent[10] WEREWOLF
2,talk,71,5,10,REQUEST(VOTE Agent[08])
2,talk,72,5,11,Skip
2,talk,73,5,5,Over
2,talk,74,5,9,Over
2,talk,75,5,4,Over
2,talk,76,5,14,Over
2,talk,77,5,8,REQUEST(DIVINATION Agent[02])
2,talk,78,5,13,Skip
2,talk,79,5,6,VOTE Agent[10]
2,talk,80,5,12,Skip
2,talk,81,5,3,Over
2,talk,82,5,2,DISAGREE TALK day2 ID:64
2,talk,83,5,7,Over
2,talk,84,6,14,Over
2,talk,85,6,10,Skip
2,talk,86,6,2,Skip
2,talk,87,6,9,Over
2,talk,88,6,6,Skip
2,talk,89,6,11,Over
2,talk,90,6,12,Skip
2,talk,91,6,3,Over
2,talk,92,6,4,Over
2,talk,93,6,13,Skip
2,talk,94,6,5,Over
2,talk,95,6,7,Over
2,talk,96,6,15,Over
2,talk,97,6,8,VOTE Agent[02]
2,talk,98,7,6,VOTE Agent[10]
2,talk,99,7,7,ESTIMATE Agent[04] VILLAGER
2,talk,100,7,14,Over
2,talk,101,7,12,Over
2,talk,102,7,2,Skip
2,talk,103,7,15,Over
2,talk,104,7,9,Over
2,talk,105,7,8,Skip
2,talk,106,7,5,Over
2,talk,107,7,3,Over
2,talk,108,7,13,Over
2,talk,109,7,11,Over
2,talk,110,7,4,Over
2,talk,111,7,10,Skip
2,talk,112,8,3,Over
2,talk,113,8,6,Skip
2,talk,114,8,7,Over
2,talk,115,8,8,Skip
2,talk,116,8,2,Over
2,talk,117,8,9,Over
2,talk,118,8,14,Over
2,talk,119,8,13,Over
2,talk,120,8,12,Over
2,talk,121,8,10,Over
2,talk,122,8,11,Over
2,talk,123,8,5,Over
2,talk,124,8,4,Over
2,talk,125,8,15,ESTIMATE Agent[10] WEREWOLF
2,talk,126,9,7,ESTIMATE Agent[14] VILLAGER
2,talk,127,9,10,Over
2,talk,128,9,5,Over
2,talk,129,9,4,Over
2,talk,130,9,2,Over
2,talk,131,9,8,Over
2,talk,132,9,3,Over
2,talk,133,9,15,Over
2,talk,134,9,11,Over
2,talk,135,9,12,Over
2,talk,136,9,14,Over
2,talk,137,9,13,Over
2,talk,138,9,9,Over
2,talk,139,9,6,Skip
2,talk,140,10,9,Over
2,talk,141,10,4,Over
2,talk,142,10,2,Over
2,talk,143,10,12,Over
2,talk,144,10,6,Over
2,talk,145,10,10,Over
2,talk,146,10,3,Over
2,talk,147,10,13,Over
2,talk,148,10,14,Over
2,talk,149,10,15,Over
2,talk,150,10,5,Over
2,talk,151,10,11,Over
2,talk,152,10,7,Over
2,talk,153,10,8,Over
2,vote,2,4
2,vote,3,8
2,vote,4,3
2,vote,5,13
2,vote,6,10
2,vote,7,10
2,vote,8,2
2,vote,9,14
2,vote,10,8
2,vote,11,12
2,vote,12,10
2,vote,13,2
2,vote,14,8
2,vote,15,10
2,execute,10,MEDIUM
2,divine,3,9,HUMAN
2,whisper,0,0,15,ATTACK Agent[14]
2,whisper,1,0,2,Over
2,whisper,2,0,11,ESTIMATE Agent[03] POSSESSED
2,whisper,3,1,15,ATTACK Agent[01]
2,whisper,4,1,2,Over
2,whisper,5,1,11,ATTACK Agent[05]
2,whisper,6,2,15,ATTACK Agent[06]
2,whisper,7,2,2,Over
2,whisper,8,2,11,ATTACK Agent[04]
2,whisper,9,3,11,ATTACK Agent[05]
2,whisper,10,3,15,ATTACK Agent[05]
2,whisper,11,3,2,Over
2,whisper,12,4,2,Over
2,whisper,13,4,11,ATTACK Agent[09]
2,whisper,14,4,15,ATTACK Agent[11]
2,whisper,15,5,15,ATTACK Agent[14]
2,whisper,16,5,11,Skip
2,whisper,17,5,2,Over
2,whisper,18,6,11,ATTACK Agent[04]
2,whisper,19,6,2,Over
2,whisper,20,6,15,ATTACK Agent[04]
2,whisper,21,7,11,ATTACK Agent[14]
2,whisper,22,7,15,ATTACK Agent[14]
2,whisper,23,7,2,Over
2,whisper,24,8,11,ATTACK Agent[13]
2,whisper,25,8,15,ATTACK Agent[15]
2,whisper,26,8,2,Over
2,whisper,27,9,15,ATTACK Agent[09]
2,whisper,28,9,11,ATTACK Agent[14]
2,whisper,29,9,2,Over
2,whisper,30,10,15,Over
2,whisper,31,10,2,Over
2,whisper,32,10,11,ATTACK Agent[12]
2,whisper,33,11,11,Over
2,whisper,34,11,15,Over
2,whisper,35,11,2,Over
2,guard,7,8,POSSESSED
2,attackVote,2,4
2,attackVote,11,7
2,attackVote,15,5
2,attackVote,2,4
2,attackVote,11,14
2,attackVote,15,6
2,attack,6,true
3,status,1,VILLAGER,DEAD,tmcit2017
3,status,2,WEREWOLF,ALIVE,Army
3,status,3,SEER,ALIVE,rsaito
3,status,4,VILLAGER,ALIVE,Neo_ELIZA
3,status,5,VILLAGER,ALIVE,AIWolf_NET
3,status,6,VILLAGER,DEAD,Romanesco
3,status,7,BODYGUARD,ALIVE,wasabi
3,status,8,POSSESSED,ALIVE,H-ReGEX
3,status,9,VILLAGER,ALIVE,yk_aiwolf
3,status,10,MEDIUM,DEAD,Kanpyo
3,status,11,WEREWOLF,ALIVE,konno
3,status,12,VILLAGER,ALIVE,AITKN
3,status,13,VILLAGER,ALIVE,neko
3,status,14,VILLAGER,ALIVE,flex
3,status,15,WEREWOLF,ALIVE,Litt1eGirl
3,talk,0,0,13,VOTE Agent[02]
3,talk,1,0,8,DIVINED Agent[13] HUMAN
3,talk,2,0,4,VOTE Agent[03]
3,talk,3,0,5,VOTE Agent[08]
3,talk,4,0,11,ESTIMATE Agent[04] WEREWOLF
3,talk,5,0,2,Skip
3,talk,6,0,7,VOTE Agent[12]
3,talk,7,0,3,DIVINED Agent[11] WEREWOLF
3,talk,8,0,12,VOTE Agent[08]
3,talk,9,0,9,Over
3,talk,10,0,14,Over
3,talk,11,0,15,VOTE Agent[03]
3,talk,12,1,13,VOTE Agent[03]
3,talk,13,1,9,Over
3,talk,14,1,3,VOTE Agent[11]
3,talk,15,1,5,Skip
3,talk,16,1,4,Skip
3,talk,17,1,8,ESTIMATE Agent[02] WEREWOLF
3,talk,18,1,11,VOTE Agent[04]
3,talk,19,1,12,Skip
3,talk,20,1,7,VOTE Agent[11]
3,talk,21,1,14,Over
3,talk,22,1,2,ESTIMATE Agent[11] WEREWOLF
3,talk,23,1,15,VOTE Agent[08]
3,talk,24,2,7,ESTIMATE Agent[15] VILLAGER
3,talk,25,2,5,Skip
3,talk,26,2,14,Over
3,talk,27,2,3,VOTE Agent[08]
3,talk,28,2,9,Over
3,talk,29,2,13,VOTE Agent[02]
3,talk,30,2,15,Over
3,talk,31,2,12,VOTE Agent[03]
3,talk,32,2,8,REQUEST(DIVINATION Agent[02])
3,talk,33,2,11,Skip
3,talk,34,2,2,DISAGREE TALK day3 ID:17
3,talk,35,2,4,Skip
3,talk,36,3,12,VOTE Agent[08]
3,talk,37,3,15,Over
3,talk,38,3,2,Skip
3,talk,39,3,5,Over
3,talk,40,3,11,Skip
3,talk,41,3,3,Skip
3,talk,42,3,9,Over
3,talk,43,3,13,VOTE Agent[03]
3,talk,44,3,7,Skip
3,talk,45,3,14,Over
3,talk,46,3,4,Over
3,talk,47,3,8,VOTE Agent[02]
3,talk,48,4,8,Skip
3,talk,49,4,13,VOTE Agent[02]
3,talk,50,4,2,Skip
3,talk,51,4,9,Over
3,talk,52,4,11,Over
3,talk,53,4,14,Over
3,talk,54,4,4,Over
3,talk,55,4,3,Skip
3,talk,56,4,7,Skip
3,talk,57,4,12,REQUEST(DIVINATION Agent[14])
3,talk,58,4,5,Over
3,talk,59,4,15,Over
3,talk,60,5,4,Over
3,talk,61,5,9,Over
3,talk,62,5,7,ESTIMATE Agent[08] WEREWOLF
3,talk,63,5,15,ESTIMATE Agent[08] WEREWOLF
3,talk,64,5,5,Over
3,talk,65,5,14,Over
3,talk,66,5,13,Skip
3,talk,67,5,11,Over
3,talk,68,5,2,Over
3,talk,69,5,8,Skip
3,talk,70,5,3,Over
3,talk,71,5,12,Skip
3,talk,72,6,4,Over
3,talk,73,6,5,Over
3,talk,74,6,2,Over
3,talk,75,6,7,Skip
3,talk,76,6,14,Over
3,talk,77,6,11,Over
3,talk,78,6,13,Skip
3,talk,79,6,9,Over
3,talk,80,6,15,Over
3,talk,81,6,3,Over
3,talk,82,6,12,Skip
3,talk,83,6,8,Over
3,talk,84,7,14,Over
3,talk,85,7,9,Over
3,talk,86,7,2,Over
3,talk,87,7,15,Over
3,talk,88,7,7,ESTIMATE Agent[08] WEREWOLF
3,talk,89,7,13,Over
3,talk,90,7,4,Over
3,talk,91,7,3,Over
3,talk,92,7,5,Over
3,talk,93,7,8,Over
3,talk,94,7,12,Over
3,talk,95,7,11,Over
3,talk,96,8,13,Over
3,talk,97,8,15,Over
3,talk,98,8,3,Over
3,talk,99,8,12,Over
3,talk,100,8,4,Over
3,talk,101,8,5,Over
3,talk,102,8,2,Over
3,talk,103,8,11,Over
3,talk,104,8,9,Over
3,talk,105,8,14,Over
3,talk,106,8,8,Over
3,talk,107,8,7,Over
3,vote,2,4
3,vote,3,8
3,vote,4,3
3,vote,5,8
3,vote,7,11
3,vote,8,2
3,vote,9,15
3,vote,11,4
3,vote,12,8
3,vote,13,2
3,vote,14,5
3,vote,15,8
3,execute,8,POSSESSED
3,divine,3,11,WEREWOLF
3,whisper,0,0,11,ATTACK Agent[09]
3,whisper,1,0,15,ATTACK Agent[15]
3,whisper,2,0,2,Over
3,whisper,3,1,15,ATTACK Agent[10]
3,whisper,4,1,11,Skip
3,whisper,5,1,2,Over
3,whisper,6,2,2,Over
3,whisper,7,2,11,Skip
3,whisper,8,2,15,ATTACK Agent[07]
3,whisper,9,3,2,Over
3,whisper,10,3,11,Over
3,whisper,11,3,15,ATTACK Agent[01]
3,whisper,12,4,15,Over
3,whisper,13,4,2,Over
3,whisper,14,4,11,ATTACK Agent[12]
3,whisper,15,5,15,ATTACK Agent[07]
3,whisper,16,5,11,ATTACK Agent[09]
3,whisper,17,5,2,Over
3,whisper,18,6,2,Over
3,whisper,19,6,11,Skip
3,whisper,20,6,15,Over
3,whisper,21,7,2,Over
3,whisper,22,7,11,ATTACK Agent[12]
3,whisper,23,7,15,ATTACK Agent[13]
3,whisper,24,8,15,ATTACK Agent[09]
3,whisper,25,8,11,ATTACK Agent[04]
3,whisper,26,8,2,Over
3,whisper,27,9,2,Over
3,whisper,28,9,15,ATTACK Agent[12]
3,whisper,29,9,11,ATTACK Agent[12]
3,whisper,30,10,15,ATTACK Agent[15]
3,whisper,31,10,2,Over
3,whisper,32,10,11,ATTACK Agent[04]
3,whisper,33,11,15,ATTACK Agent[06]
3,whisper,34,11,2,Over
3,whisper,35,11,11,Skip
3,whisper,36,12,2,Over
3,whisper,37,12,11,ATTACK Agent[05]
3,whisper,38,12,15,Over
3,whisper,39,13,11,ATTACK Agent[13]
3,whisper,40,13,15,Over
3,whisper,41,13,2,Over
3,whisper,42,14,15,Over
3,whisper,43,14,11,ATTACK Agent[05]
3,whisper,44,14,2,Over
3,whisper,45,15,15,Over
3,whisper,46,15,11,Over
3,whisper,47,15,2,Over
3,guard,7,3,SEER
3,attackVote,2,3
3,attackVote,11,7
3,attackVote,15,14
3,attackVote,2,3
3,attackVote,11,5
3,attackVote,15,12
3,attack,12,true
4,status,1,VILLAGER,DEAD,tmcit2017
4,status,2,WEREWOLF,ALIVE,Army
4,status,3,SEER,ALIVE,rsaito
4,status,4,VILLAGER,ALIVE,Neo_ELIZA
4,status,5,VILLAGER,ALIVE,AIWolf_NET
4,status,6,VILLAGER,DEAD,Romanesco
4,status,7,BODYGUARD,ALIVE,wasabi
4,status,8,POSSESSED,DEAD,H-ReGEX
4,status,9,VILLAGER,ALIVE,yk_aiwolf
4,status,10,MEDIUM,DEAD,Kanpyo
4,status,11,WEREWOLF,ALIVE,konno
4,status,12,VILLAGER,DEAD,AITKN
4,status,13,VILLAGER,ALIVE,neko
4,status,14,VILLAGER,ALIVE,flex
4,status,15,WEREWOLF,ALIVE,Litt1eGirl
4,talk,0,0,5,VOTE Agent[11]
4,talk,1,0,2,Skip
4,talk,2,0,3,DIVINED Agent[11] WEREWOLF
4,talk,3,0,9,Over
4,talk,4,0,13,VOTE Agent[02]
4,talk,5,0,15,VOTE Agent[13]
4,talk,6,0,4,VOTE Agent[13]
4,talk,7,0,14,Over
4,talk,8,0,7,Skip
4,talk,9,0,11,ESTIMATE Agent[04] WEREWOLF
4,talk,10,1,7,VOTE Agent[11]
4,talk,11,1,11,VOTE Agent[04]
4,talk,12,1,14,Over
4,talk,13,1,5,Skip
4,talk,14,1,3,VOTE Agent[11]
4,talk,15,1,2,ESTIMATE Agent[11] WEREWOLF
4,talk,16,1,9,Over
4,talk,17,1,13,Skip
4,talk,18,1,4,Skip
4,talk,19,1,15,Over
4,talk,20,2,15,VOTE Agent[11]
4,talk,21,2,2,Skip
4,talk,22,2,14,Over
4,talk,23,2,4,Skip
4,talk,24,2,11,Skip
4,talk,25,2,7,Skip
4,talk,26,2,3,Skip
4,talk,27,2,9,Over
4,talk,28,2,5,Skip
4,talk,29,2,13,Skip
4,talk,30,3,4,Over
4,talk,31,3,7,Skip
4,talk,32,3,11,Skip
4,talk,33,3,13,Over
4,talk,34,3,14,Over
4,talk,35,3,5,Over
4,talk,36,3,3,Skip
4,talk,37,3,15,Over
4,talk,38,3,2,Skip
4,talk,39,3,9,Over
4,talk,40,4,15,Over
4,talk,41,4,11,Over
4,talk,42,4,5,Over
4,talk,43,4,13,Over
4,talk,44,4,9,Over
4,talk,45,4,7,Over
4,talk,46,4,4,Over
4,talk,47,4,14,Over
4,talk,48,4,2,Over
4,talk,49,4,3,Over
4,vote,2,4
4,vote,3,11
4,vote,4,13
4,vote,5,11
4,vote,7,11
4,vote,9,15
4,vote,11,4
4,vote,13,2
4,vote,14,15
4,vote,15,11
4,execute,11,WEREWOLF
4,divine,3,14,HUMAN
4,whisper,0,0,15,ATTACK Agent[15]
4,whisper,1,0,2,Over
4,whisper,2,1,2,Over
4,whisper,3,1,15,ATTACK Agent[10]
4,whisper,4,2,15,ATTACK Agent[07]
4,whisper,5,2,2,Over
4,whisper,6,3,15,ATTACK Agent[15]
4,whisper,7,3,2,Over
4,whisper,8,4,2,Over
4,whisper,9,4,15,Over
4,guard,7,3,SEER
4,attackVote,2,3
4,attackVote,15,3
4,attack,3,false
5,status,1,VILLAGER,DEAD,tmcit2017
5,status,2,WEREWOLF,ALIVE,Army
5,status,3,SEER,ALIVE,rsaito
5,status,4,VILLAGER,ALIVE,Neo_ELIZA
5,status,5,VILLAGER,ALIVE,AIWolf_NET
5,status,6,VILLAGER,DEAD,Romanesco
5,status,7,BODYGUARD,ALIVE,wasabi
5,status,8,POSSESSED,DEAD,H-ReGEX
5,status,9,VILLAGER,ALIVE,yk_aiwolf
5,status,10,MEDIUM,DEAD,Kanpyo
5,status,11,WEREWOLF,DEAD,konno
5,status,12,VILLAGER,DEAD,AITKN
5,status,13,VILLAGER,ALIVE,neko
5,status,14,VILLAGER,ALIVE,flex
5,status,15,WEREWOLF,ALIVE,Litt1eGirl
5,talk,0,0,7,Skip
5,talk,1,0,5,VOTE Agent[04]
5,talk,2,0,2,Skip
5,talk,3,0,15,VOTE Agent[13]
5,talk,4,0,13,VOTE Agent[02]
5,talk,5,0,4,VOTE Agent[02]
5,talk,6,0,9,Over
5,talk,7,0,14,Over
5,talk,8,0,3,DIVINED Agent[05] WEREWOLF
5,talk,9,1,14,Over
5,talk,10,1,3,VOTE Agent[05]
5,talk,11,1,15,VOTE Agent[02]
5,talk,12,1,9,Over
5,talk,13,1,4,Skip
5,talk,14,1,13,Skip
5,talk,15,1,7,VOTE Agent[05]
5,talk,16,1,5,ESTIMATE Agent[03] WEREWOLF
5,talk,17,1,2,ESTIMATE Agent[05] WEREWOLF
5,talk,18,2,5,REQUEST(DIVINATION Agent[03])
5,talk,19,2,4,Skip
5,talk,20,2,3,VOTE Agent[07]
5,talk,21,2,15,ESTIMATE Agent[02] WEREWOLF
5,talk,22,2,13,Skip
5,talk,23,2,14,Over
5,talk,24,2,7,Skip
5,talk,25,2,9,Over
5,talk,26,2,2,ESTIMATE Agent[05] WEREWOLF
5,talk,27,3,14,Over
5,talk,28,3,2,DISAGREE TALK day5 ID:21
5,talk,29,3,7,Skip
5,talk,30,3,15,ESTIMATE Agent[11] VILLAGER
5,talk,31,3,9,Over
5,talk,32,3,4,Over
5,talk,33,3,13,Over
5,talk,34,3,3,VOTE Agent[05]
5,talk,35,3,5,VOTE Agent[03]
5,talk,36,4,3,Skip
5,talk,37,4,14,Over
5,talk,38,4,9,Over
5,talk,39,4,2,Skip
5,talk,40,4,7,ESTIMATE Agent[03] WEREWOLF
5,talk,41,4,5,Skip
5,talk,42,4,15,ESTIMATE Agent[02] WEREWOLF
5,talk,43,4,13,Over
5,talk,44,4,4,Over
5,talk,45,5,4,Over
5,talk,46,5,15,Over
5,talk,47,5,9,Over
5,talk,48,5,2,DISAGREE TALK day5 ID:42
5,talk,49,5,5,Skip
5,talk,50,5,14,Over
5,talk,51,5,7,Over
5,talk,52,5,3,Skip
5,talk,53,5,13,Over
5,talk,54,6,4,Over
5,talk,55,6,13,Over
5,talk,56,6,14,Over
5,talk,57,6,15,Over
5,talk,58,6,5,Over
5,talk,59,6,7,Over
5,talk,60,6,2,Skip
5,talk,61,6,9,Over
5,talk,62,6,3,Over
5,talk,63,7,2,Skip
5,talk,64,7,7,ESTIMATE Agent[03] WEREWOLF
5,talk,65,7,4,Over
5,talk,66,7,3,Over
5,talk,67,7,14,Over
5,talk,68,7,5,Over
5,talk,69,7,13,Over
5,talk,70,7,15,Over
5,talk,71,7,9,Over
5,talk,72,8,7,Over
5,talk,73,8,14,Over
5,talk,74,8,3,Over
5,talk,75,8,2,Over
5,talk,76,8,15,Over
5,talk,77,8,4,Over
5,talk,78,8,5,Over
5,talk,79,8,13,Over
5,talk,80,8,9,Over
5,vote,2,4
5,vote,3,5
5,vote,4,2
5,vote,5,3
5,vote,7,5
5,vote,9,4
5,vote,13,2
5,vote,14,3
5,vote,15,2
5,execute,2,WEREWOLF
5,divine,3,5,HUMAN
5,guard,7,3,SEER
5,attackVote,15,7
5,attack,7,true
6,status,1,VILLAGER,DEAD,tmcit2017
6,status,2,WEREWOLF,DEAD,Army
6,status,3,SEER,ALIVE,rsaito
6,status,4,VILLAGER,ALIVE,Neo_ELIZA
6,status,5,VILLAGER,ALIVE,AIWolf_NET
6,status,6,VILLAGER,DEAD,Romanesco
6,status,7,BODYGUARD,DEAD,wasabi
6,status,8,POSSESSED,DEAD,H-ReGEX
6,status,9,VILLAGER,ALIVE,yk_aiwolf
6,status,10,MEDIUM,DEAD,Kanpyo
6,status,11,WEREWOLF,DEAD,konno
6,status,12,VILLAGER,DEAD,AITKN
6,status,13,VILLAGER,ALIVE,neko
6,status,14,VILLAGER,ALIVE,flex
6,status,15,WEREWOLF,ALIVE,Litt1eGirl
6,talk,0,0,5,ESTIMATE Agent[03] WEREWOLF
6,talk,1,0,15,VOTE Agent[13]
6,talk,2,0,3,DIVINED Agent[05] HUMAN
6,talk,3,0,13,VOTE Agent[03]
6,talk,4,0,9,Over
6,talk,5,0,4,VOTE Agent[15]
6,talk,6,0,14,Over
6,talk,7,1,13,Skip
6,talk,8,1,4,Skip
6,talk,9,1,9,Over
6,talk,10,1,3,VOTE Agent[04]
6,talk,11,1,5,REQUEST(DIVINATION Agent[03])
6,talk,12,1,15,Over
6,talk,13,1,14,Over
6,talk,14,2,5,VOTE Agent[03]
6,talk,15,2,15,VOTE Agent[03]
6,talk,16,2,14,Over
6,talk,17,2,4,Skip
6,talk,18,2,13,Skip
6,talk,19,2,3,VOTE Agent[04]
6,talk,20,2,9,Over
6,talk,21,3,9,Over
6,talk,22,3,14,Over
6,talk,23,3,3,Skip
6,talk,24,3,13,Over
6,talk,25,3,4,Over
6,talk,26,3,15,Over
6,talk,27,3,5,Skip
6,talk,28,4,14,Over
6,talk,29,4,4,Over
6,talk,30,4,3,Skip
6,talk,31,4,13,Over
6,talk,32,4,9,Over
6,talk,33,4,15,Over
6,talk,34,4,5,Skip
6,talk,35,5,3,Over
6,talk,36,5,5,Over
6,talk,37,5,4,Over
6,talk,38,5,14,Over
6,talk,39,5,15,ESTIMATE Agent[03] WEREWOLF
6,talk,40,5,13,Over
6,talk,41,5,9,Over
6,talk,42,6,15,Over
6,talk,43,6,14,Over
6,talk,44,6,4,Over
6,talk,45,6,3,VOTE Agent[15]
6,talk,46,6,5,Over
6,talk,47,6,9,Over
6,talk,48,6,13,Over
6,talk,49,7,3,Skip
6,talk,50,7,4,Over
6,talk,51,7,5,Over
6,talk,52,7,9,Over
6,talk,53,7,13,Over
6,talk,54,7,14,Over
6,talk,55,7,15,Over
6,talk,56,8,13,Over
6,talk,57,8,15,ESTIMATE Agent[03] WEREWOLF
6,talk,58,8,3,Skip
6,talk,59,8,14,Over
6,talk,60,8,9,Over
6,talk,61,8,5,Over
6,talk,62,8,4,Over
6,talk,63,9,3,Over
6,talk,64,9,14,Over
6,talk,65,9,13,Over
6,talk,66,9,15,Over
6,talk,67,9,9,Over
6,talk,68,9,4,Over
6,talk,69,9,5,Over
6,vote,3,15
6,vote,4,15
6,vote,5,3
6,vote,9,5
6,vote,13,3
6,vote,14,4
6,vote,15,3
6,execute,3,SEER
6,attack,4,true
7,status,1,VILLAGER,DEAD,tmcit2017
7,status,2,WEREWOLF,DEAD,Army
7,status,3,SEER,DEAD,rsaito
7,status,4,VILLAGER,DEAD,Neo_ELIZA
7,status,5,VILLAGER,ALIVE,AIWolf_NET
7,status,6,VILLAGER,DEAD,Romanesco
7,status,7,BODYGUARD,DEAD,wasabi
7,status,8,POSSESSED,DEAD,H-ReGEX
7,status,9,VILLAGER,ALIVE,yk_aiwolf
7,status,10,MEDIUM,DEAD,Kanpyo
7,status,11,WEREWOLF,DEAD,konno
7,status,12,VILLAGER,DEAD,AITKN
7,status,13,VILLAGER,ALIVE,neko
7,status,14,VILLAGER,ALIVE,flex
7,status,15,WEREWOLF,ALIVE,Litt1eGirl
7,talk,0,0,15,VOTE Agent[09]
7,talk,1,0,13,VOTE Agent[05]
7,talk,2,0,14,Over
7,talk,3,0,9,Over
7,talk,4,0,5,VOTE Agent[13]
7,talk,5,1,13,Skip
7,talk,6,1,5,Skip
7,talk,7,1,14,Over
7,talk,8,1,9,Over
7,talk,9,1,15,VOTE Agent[13]
7,talk,10,2,9,Over
7,talk,11,2,13,Skip
7,talk,12,2,14,Over
7,talk,13,2,15,Over
7,talk,14,2,5,Skip
7,talk,15,3,13,Over
7,talk,16,3,14,Over
7,talk,17,3,9,Over
7,talk,18,3,15,Over
7,talk,19,3,5,Over
7,vote,5,13
7,vote,9,14
7,vote,13,5
7,vote,14,9
7,vote,15,13
7,execute,13,VILLAGER
7,attackVote,15,14
7,attack,14,true
8,status,1,VILLAGER,DEAD,tmcit2017
8,status,2,WEREWOLF,DEAD,Army
8,status,3,SEER,DEAD,rsaito
8,status,4,VILLAGER,DEAD,Neo_ELIZA
8,status,5,VILLAGER,ALIVE,AIWolf_NET
8,status,6,VILLAGER,DEAD,Romanesco
8,status,7,BODYGUARD,DEAD,wasabi
8,status,8,POSSESSED,DEAD,H-ReGEX
8,status,9,VILLAGER,ALIVE,yk_aiwolf
8,status,10,MEDIUM,DEAD,Kanpyo
8,status,11,WEREWOLF,DEAD,konno
8,status,12,VILLAGER,DEAD,AITKN
8,status,13,VILLAGER,DEAD,neko
8,status,14,VILLAGER,DEAD,flex
8,status,15,WEREWOLF,ALIVE,Litt1eGirl
8,talk,0,0,15,VOTE Agent[05]
8,talk,1,0,9,ESTIMATE Agent[06] WEREWOLF
8,talk,2,0,5,VOTE Agent[09]
8,talk,3,1,15,VOTE Agent[09]
8,talk,4,1,5,Skip
8,talk,5,1,9,ESTIMATE Agent[10] WEREWOLF
8,talk,6,2,5,Skip
8,talk,7,2,15,Over
8,talk,8,2,9,ESTIMATE Agent[13] WEREWOLF
8,talk,9,3,9,Over
8,talk,10,3,5,Over
8,talk,11,3,15,Over
8,vote,5,9
8,vote,9,15
8,vote,15,9
8,execute,9,VILLAGER
8,attack,5,true
9,status,1,VILLAGER,DEAD,tmcit2017
9,status,2,WEREWOLF,DEAD,Army
9,status,3,SEER,DEAD,rsaito
9,status,4,VILLAGER,DEAD,Neo_ELIZA
9,status,5,VILLAGER,DEAD,AIWolf_NET
9,status,6,VILLAGER,DEAD,Romanesco
9,status,7,BODYGUARD,DEAD,wasabi
9,status,8,POSSESSED,DEAD,H-ReGEX
9,status,9,VILLAGER,DEAD,yk_aiwolf
9,status,10,MEDIUM,DEAD,Kanpyo
9,status,11,WEREWOLF,DEAD,konno
9,status,12,VILLAGER,DEAD,AITKN
9,status,13,VILLAGER,DEAD,neko
9,status,14,VILLAGER,DEAD,flex
9,status,15,WEREWOLF,ALIVE,Litt1eGirl
9,result,0,1,WEREWOLF
