0,status,1,VILLAGER,ALIVE,tmcit2017
0,status,2,VILLAGER,ALIVE,Army
0,status,3,BODYGUARD,ALIVE,rsaito
0,status,4,POSSESSED,ALIVE,Neo_ELIZA
0,status,5,SEER,ALIVE,AIWolf_NET
0,status,6,VILLAGER,ALIVE,Romanesco
0,status,7,VILLAGER,ALIVE,wasabi
0,status,8,WEREWOLF,ALIVE,H-ReGEX
0,status,9,MEDIUM,ALIVE,yk_aiwolf
0,status,10,VILLAGER,ALIVE,Kanpyo
0,status,11,VILLAGER,ALIVE,konno
0,status,12,VILLAGER,ALIVE,AITKN
0,status,13,WEREWOLF,ALIVE,neko
0,status,14,WEREWOLF,ALIVE,flex
0,status,15,VILLAGER,ALIVE,Litt1eGirl
0,whisper,0,0,14,Over
0,whisper,1,0,8,COMINGOUT Agent[08] SEER
0,whisper,2,0,13,COMINGOUT Agent[13] VILLAGER
0,whisper,3,1,13,Skip
0,whisper,4,1,8,Skip
0,whisper,5,1,14,Over
0,whisper,6,2,14,Over
0,whisper,7,2,13,Skip
0,whisper,8,2,8,Skip
0,whisper,9,3,8,Over
0,whisper,10,3,14,Over
0,whisper,11,3,13,Over
0,divine,5,6,HUMAN
1,status,1,VILLAGER,ALIVE,tmcit2017
1,status,2,VILLAGER,ALIVE,Army
1,status,3,BODYGUARD,ALIVE,rsaito
1,status,4,POSSESSED,ALIVE,Neo_ELIZA
1,status,5,SEER,ALIVE,AIWolf_NET
1,status,6,VILLAGER,ALIVE,Romanesco
1,status,7,VILLAGER,ALIVE,wasabi
1,status,8,WEREWOLF,ALIVE,H-ReGEX
1,status,9,MEDIUM,ALIVE,yk_aiwolf
1,status,10,VILLAGER,ALIVE,Kanpyo
1,status,11,VILLAGER,ALIVE,konno
1,status,12,VILLAGER,ALIVE,AITKN
1,status,13,WEREWOLF,ALIVE,neko
1,status,14,WEREWOLF,ALIVE,flex
1,status,15,VILLAGER,ALIVE,Litt1eGirl
1,talk,0,0,5,VOTE Agent[12]
1,talk,1,0,6,Skip
1,talk,2,0,12,VOTE Agent[09]
1,talk,3,0,15,VOTE Agent[09]
1,talk,4,0,13,VOTE Agent[05]
1,talk,5,0,11,VOTE Agent[07]
1,talk,6,0,8,COMINGOUT Agent[08] SEER
1,talk,7,0,14,Over
1,talk,8,0,7,Skip
1,talk,9,0,9,COMINGOUT Agent[09] MEDIUM
1,talk,10,0,4,COMINGOUT Agent[04] SEER
1,talk,11,0,2,COMINGOUT Agent[02] VILLAGER
1,talk,12,0,1,COMINGOUT Agent[01] VILLAGER
1,talk,13,0,10,VOTE Agent[09]
1,talk,14,0,3,VOTE Agent[05]
1,talk,15,1,6,Skip
1,talk,16,1,13,Skip
1,talk,17,1,11,Skip
1,talk,18,1,3,VOTE Agent[12]
1,talk,19,1,14,Over
1,talk,20,1,15,Over
1,talk,21,1,1,Over
1,talk,22,1,8,ESTIMATE Agent[10] WEREWOLF
1,talk,23,1,2,Skip
1,talk,24,1,10,ESTIMATE Agent[08] SEER
1,talk,25,1,7,VOTE Agent[03]
1,talk,26,1,12,Skip
1,talk,27,1,4,DIVINED Agent[07] HUMAN
1,talk,28,1,5,COMINGOUT Agent[05] SEER
1,talk,29,1,9,Over
1,talk,30,2,15,Over
1,talk,31,2,8,VOTE Agent[10]
1,talk,32,2,6,Over
1,talk,33,2,11,Skip
1,talk,34,2,13,VOTE Agent[12]
1,talk,35,2,4,ESTIMATE Agent[13] WEREWOLF
1,talk,36,2,5,DIVINED Agent[06] HUMAN
1,talk,37,2,7,VOTE Agent[10]
1,talk,38,2,12,Skip
1,talk,39,2,1,Over
1,talk,40,2,14,Over
1,talk,41,2,2,Skip
1,talk,42,2,9,Over
1,talk,43,2,10,ESTIMATE Agent[04] SEER
1,talk,44,2,3,VOTE Agent[08]
1,talk,45,3,8,DIVINED Agent[12] HUMAN
1,talk,46,3,14,Over
1,talk,47,3,12,Over
1,talk,48,3,5,ESTIMATE Agent[08] WEREWOLF
1,talk,49,3,2,Over
1,talk,50,3,10,ESTIMATE Agent[05] SEER
1,talk,51,3,13,VOTE Agent[10]
1,talk,52,3,4,REQUEST(DIVINATION Agent[13])
1,talk,53,3,15,ESTIMATE Agent[09] WEREWOLF
1,talk,54,3,1,Over
1,talk,55,3,7,Skip
1,talk,56,3,6,VOTE Agent[10]
1,talk,57,3,9,Over
1,talk,58,3,3,VOTE Agent[12]
1,talk,59,3,11,Over
1,talk,60,4,10,ESTIMATE Agent[08] POSSESSED
1,talk,61,4,11,Over
1,talk,62,4,8,ESTIMATE Agent[04] WEREWOLF
1,talk,63,4,13,Skip
1,talk,64,4,5,VOTE Agent[08]
1,talk,65,4,9,Over
1,talk,66,4,12,VOTE Agent[10]
1,talk,67,4,6,Skip
1,talk,68,4,14,Over
1,talk,69,4,15,VOTE Agent[10]
1,talk,70,4,7,Skip
1,talk,71,4,2,Over
1,talk,72,4,3,VOTE Agent[08]
1,talk,73,4,1,Over
1,talk,74,4,4,VOTE Agent[13]
1,talk,75,5,9,Over
1,talk,76,5,8,VOTE Agent[04]
1,talk,77,5,7,Over
1,talk,78,5,15,Over
1,talk,79,5,3,Skip
1,talk,80,5,14,Over
1,talk,81,5,11,Over
1,talk,82,5,2,Over
1,talk,83,5,5,Skip
1,talk,84,5,10,VOTE Agent[08]
1,talk,85,5,4,ESTIMATE Agent[08] WEREWOLF
1,talk,86,5,13,Skip
1,talk,87,5,1,Over
1,talk,88,5,12,REQUEST(DIVINATION Agent[10])
1,talk,89,5,6,VOTE Agent[10]
1,talk,90,6,6,Skip
1,talk,91,6,4,REQUEST(DIVINATION Agent[08])
1,talk,92,6,1,Over
1,talk,93,6,5,Skip
1,talk,94,6,8,Skip
1,talk,95,6,9,Over
1,talk,96,6,10,REQUEST(VOTE Agent[08])
1,talk,97,6,7,Over
1,talk,98,6,13,Over
1,talk,99,6,12,Skip
1,talk,100,6,3,Skip
1,talk,101,6,15,ESTIMATE Agent[10] WEREWOLF
1,talk,102,6,14,Over
1,talk,103,6,11,Over
1,talk,104,6,2,Over
1,talk,105,7,8,Skip
1,talk,106,7,4,VOTE Agent[08]
1,talk,107,7,13,Over
1,talk,108,7,5,Over
1,talk,109,7,11,Over
1,talk,110,7,2,Over
1,talk,111,7,10,REQUEST(Agent[08] Over)
1,talk,112,7,15,ESTIMATE Agent[10] WEREWOLF
1,talk,113,7,9,Over
1,talk,114,7,14,Over
1,talk,115,7,1,Over
1,talk,116,7,7,Over
1,talk,117,7,3,Over
1,talk,118,7,12,Skip
1,talk,119,7,6,VOTE Agent[10]
1,talk,120,8,13,Over
1,talk,121,8,7,Over
1,talk,122,8,10,Skip
1,talk,123,8,4,Skip
1,talk,124,8,2,Over
1,talk,125,8,15,Over
1,talk,126,8,8,Over
1,talk,127,8,1,Over
1,talk,128,8,5,Over
1,talk,129,8,6,Skip
1,talk,130,8,12,Over
1,talk,131,8,11,Over
1,talk,132,8,14,Over
1,talk,133,8,3,Over
1,talk,134,8,9,Over
1,talk,135,9,1,Over
1,talk,136,9,7,VOTE Agent[02]
1,talk,137,9,9,Over
1,talk,138,9,13,Over
1,talk,139,9,4,Skip
1,talk,140,9,15,Over
1,talk,141,9,12,Over
1,talk,142,9,8,Over
1,talk,143,9,11,Over
1,talk,144,9,10,Skip
1,talk,145,9,5,Over
1,talk,146,9,2,Over
1,talk,147,9,14,Over
1,talk,148,9,6,Skip
1,talk,149,9,3,Over
1,talk,150,10,15,Over
1,talk,151,10,12,Over
1,talk,152,10,4,Over
1,talk,153,10,6,Over
1,talk,154,10,13,Over
1,talk,155,10,10,Over
1,talk,156,10,1,Over
1,talk,157,10,2,Over
1,talk,158,10,7,Over
1,talk,159,10,3,Over
1,talk,160,10,11,Over
1,talk,161,10,5,Over
1,talk,162,10,14,Over
1,talk,163,10,9,Over
1,talk,164,10,8,Over
1,vote,1,12
1,vote,2,3
1,vote,3,8
1,vote,4,8
1,vote,5,8
1,vote,6,10
1,vote,7,2
1,vote,8,4
1,vote,9,7
1,vote,10,8
1,vote,11,7
1,vote,12,10
1,vote,13,10
1,vote,14,1
1,vote,15,8
1,execute,8,WEREWOLF
1,divine,5,4,HUMAN
1,whisper,0,0,14,Over
1,whisper,1,0,13,ATTACK Agent[12]
1,whisper,2,1,14,Over
1,whisper,3,1,13,Skip
1,whisper,4,2,14,Over
1,whisper,5,2,13,Skip
1,whisper,6,3,14,Over
1,whisper,7,3,13,Over
1,guard,3,5,SEER
1,attackVote,13,12
1,attack,12,true
2,status,1,VILLAGER,ALIVE,tmcit2017
2,status,2,VILLAGER,ALIVE,Army
2,status,3,BODYGUARD,ALIVE,rsaito
2,status,4,POSSESSED,ALIVE,Neo_ELIZA
2,status,5,SEER,ALIVE,AIWolf_NET
2,status,6,VILLAGER,ALIVE,Romanesco
2,status,7,VILLAGER,ALIVE,wasabi
2,status,8,WEREWOLF,DEAD,H-ReGEX
2,status,9,MEDIUM,ALIVE,yk_aiwolf
2,status,10,VILLAGER,ALIVE,Kanpyo
2,status,11,VILLAGER,ALIVE,konno
2,status,12,VILLAGER,DEAD,AITKN
2,status,13,WEREWOLF,ALIVE,neko
2,status,14,WEREWOLF,ALIVE,flex
2,status,15,VILLAGER,ALIVE,Litt1eGirl
2,talk,0,0,5,DIVINED Agent[04] HUMAN
2,talk,1,0,11,VOTE Agent[06]
2,talk,2,0,14,Over
2,talk,3,0,3,VOTE Agent[11]
2,talk,4,0,7,Skip
2,talk,5,0,9,IDENTIFIED Agent[08] WEREWOLF
2,talk,6,0,15,VOTE Agent[14]
2,talk,7,0,13,VOTE Agent[10]
2,talk,8,0,1,Over
2,talk,9,0,10,Skip
2,talk,10,0,4,DIVINED Agent[09] HUMAN
2,talk,11,0,2,COMINGOUT Agent[02] VILLAGER
2,talk,12,0,6,Skip
2,talk,13,1,3,VOTE Agent[06]
2,talk,14,1,14,Over
2,talk,15,1,5,ESTIMATE Agent[04] POSSESSED
2,talk,16,1,6,Skip
2,talk,17,1,10,Skip
2,talk,18,1,1,Over
2,talk,19,1,13,VOTE Agent[11]
2,talk,20,1,2,VOTE Agent[03]
2,talk,21,1,4,ESTIMATE Agent[05] WEREWOLF
2,talk,22,1,15,VOTE Agent[06]
2,talk,23,1,7,Skip
2,talk,24,1,11,Skip
2,talk,25,1,9,Over
2,talk,26,2,4,REQUEST(DIVINATION Agent[05])
2,talk,27,2,9,Over
2,talk,28,2,15,Over
2,talk,29,2,5,VOTE Agent[02]
2,talk,30,2,6,Over
2,talk,31,2,10,Over
2,talk,32,2,7,VOTE Agent[02]
2,talk,33,2,14,Over
2,talk,34,2,3,Skip
2,talk,35,2,11,Skip
2,talk,36,2,2,VOTE Agent[06]
2,talk,37,2,1,Over
2,talk,38,2,13,VOTE Agent[06]
2,talk,39,3,3,Skip
2,talk,40,3,14,Over
2,talk,41,3,7,Skip
2,talk,42,3,11,Over
2,talk,43,3,6,VOTE Agent[10]
2,talk,44,3,13,Skip
2,talk,45,3,1,Over
2,talk,46,3,9,Over
2,talk,47,3,4,VOTE Agent[05]
2,talk,48,3,5,Skip
2,talk,49,3,2,VOTE Agent[07]
2,talk,50,3,10,Over
2,talk,51,3,15,Over
2,talk,52,4,13,Skip
2,talk,53,4,1,Over
2,talk,54,4,6,Skip
2,talk,55,4,5,Skip
2,talk,56,4,3,Over
2,talk,57,4,11,Over
2,talk,58,4,9,Over
2,talk,59,4,2,VOTE Agent[10]
2,talk,60,4,14,Over
2,talk,61,4,10,Over
2,talk,62,4,15,Over
2,talk,63,4,4,Skip
2,talk,64,4,7,Over
2,talk,65,5,1,Over
2,talk,66,5,15,Over
2,talk,67,5,3,Over
2,talk,68,5,13,Over
2,talk,69,5,10,VOTE Agent[06]
2,talk,70,5,7,Over
2,talk,71,5,4,Skip
2,talk,72,5,6,VOTE Agent[10]
2,talk,73,5,5,Over
2,talk,74,5,14,Over
2,talk,75,5,11,Over
2,talk,76,5,2,VOTE Agent[11]
2,talk,77,5,9,Over
2,talk,78,6,6,Skip
2,talk,79,6,1,Over
2,talk,80,6,13,Over
2,talk,81,6,9,Over
2,talk,82,6,5,Over
2,talk,83,6,10,Skip
2,talk,84,6,2,VOTE Agent[12]
2,talk,85,6,4,Over
2,talk,86,6,3,Over
2,talk,87,6,15,Over
2,talk,88,6,11,Over
2,talk,89,6,14,Over
2,talk,90,6,7,Over
2,talk,91,7,14,Over
2,talk,92,7,4,Over
2,talk,93,7,1,Over
2,talk,94,7,6,VOTE Agent[10]
2,talk,95,7,10,Skip
2,talk,96,7,13,Over
2,talk,97,7,5,Over
2,talk,98,7,11,Over
2,talk,99,7,7,Over
2,talk,100,7,15,ESTIMATE Agent[06] WEREWOLF
2,talk,101,7,9,Over
2,talk,102,7,2,VOTE Agent[13]
2,talk,103,7,3,Over
2,talk,104,8,15,Over
2,talk,105,8,9,Over
2,talk,106,8,3,Over
2,talk,107,8,2,VOTE Agent[14]
2,talk,108,8,13,Over
2,talk,109,8,7,Over
2,talk,110,8,10,Over
2,talk,111,8,6,Skip
2,talk,112,8,11,Over
2,talk,113,8,1,Over
2,talk,114,8,14,Over
2,talk,115,8,4,Over
2,talk,116,8,5,Over
2,talk,117,9,5,Over
2,talk,118,9,6,Skip
2,talk,119,9,9,Over
2,talk,120,9,7,Over
2,talk,121,9,3,Over
2,talk,122,9,11,Over
2,talk,123,9,4,Over
2,talk,124,9,13,Over
2,talk,125,9,14,Over
2,talk,126,9,1,Over
2,talk,127,9,10,Over
2,talk,128,9,15,Over
2,talk,129,9,2,VOTE Agent[15]
2,talk,130,10,5,Over
2,talk,131,10,6,Over
2,talk,132,10,9,Over
2,talk,133,10,7,Over
2,talk,134,10,11,Over
2,talk,135,10,14,Over
2,talk,136,10,3,Over
2,talk,137,10,2,Over
2,talk,138,10,13,Over
2,talk,139,10,10,Over
2,talk,140,10,1,Over
2,talk,141,10,4,Over
2,talk,142,10,15,Over
2,vote,1,6
2,vote,2,3
2,vote,3,6
2,vote,4,5
2,vote,5,2
2,vote,6,10
2,vote,7,2
2,vote,9,2
2,vote,10,6
2,vote,11,6
2,vote,13,6
2,vote,14,7
2,vote,15,6
2,execute,6,VILLAGER
2,divine,5,15,HUMAN
2,whisper,0,0,14,Over
2,whisper,1,0,13,ATTACK Agent[15]
2,whisper,2,1,14,Over
2,whisper,3,1,13,Skip
2,whisper,4,2,13,Skip
2,whisper,5,2,14,Over
2,whisper,6,3,14,Over
2,whisper,7,3,13,Over
2,guard,3,5,SEER
2,attackVote,13,15
2,attack,15,true
3,status,1,VILLAGER,ALIVE,tmcit2017
3,status,2,VILLAGER,ALIVE,Army
3,status,3,BODYGUARD,ALIVE,rsaito
3,status,4,POSSESSED,ALIVE,Neo_ELIZA
3,status,5,SEER,ALIVE,AIWolf_NET
3,status,6,VILLAGER,DEAD,Romanesco
3,status,7,VILLAGER,ALIVE,wasabi
3,status,8,WEREWOLF,DEAD,H-ReGEX
3,status,9,MEDIUM,ALIVE,yk_aiwolf
3,status,10,VILLAGER,ALIVE,Kanpyo
3,status,11,VILLAGER,ALIVE,konno
3,status,12,VILLAGER,DEAD,AITKN
3,status,13,WEREWOLF,ALIVE,neko
3,status,14,WEREWOLF,ALIVE,flex
3,status,15,VILLAGER,DEAD,Litt1eGirl
3,talk,0,0,2,COMINGOUT Agent[02] VILLAGER
3,talk,1,0,5,DIVINED Agent[15] HUMAN
3,talk,2,0,13,VOTE Agent[02]
3,talk,3,0,4,DIVINED Agent[03] HUMAN
3,talk,4,0,9,IDENTIFIED Agent[06] HUMAN
3,talk,5,0,3,VOTE Agent[14]
3,talk,6,0,1,Over
3,talk,7,0,7,VOTE Agent[11]
3,talk,8,0,10,Skip
3,talk,9,0,14,Over
3,talk,10,0,11,VOTE Agent[13]
3,talk,11,1,10,Skip
3,talk,12,1,4,ESTIMATE Agent[05] WEREWOLF
3,talk,13,1,3,Skip
3,talk,14,1,5,VOTE Agent[11]
3,talk,15,1,2,Skip
3,talk,16,1,7,Skip
3,talk,17,1,11,Skip
3,talk,18,1,13,Skip
3,talk,19,1,9,Over
3,talk,20,1,14,Over
3,talk,21,1,1,Over
3,talk,22,2,10,Over
3,talk,23,2,3,VOTE Agent[13]
3,talk,24,2,5,Skip
3,talk,25,2,9,Over
3,talk,26,2,14,Over
3,talk,27,2,13,VOTE Agent[11]
3,talk,28,2,7,ESTIMATE Agent[11] WEREWOLF
3,talk,29,2,11,Skip
3,talk,30,2,2,Skip
3,talk,31,2,1,Over
3,talk,32,2,4,REQUEST(DIVINATION Agent[05])
3,talk,33,3,4,VOTE Agent[05]
3,talk,34,3,2,Over
3,talk,35,3,9,Over
3,talk,36,3,11,Over
3,talk,37,3,5,Skip
3,talk,38,3,1,Over
3,talk,39,3,14,Over
3,talk,40,3,3,VOTE Agent[14]
3,talk,41,3,10,Over
3,talk,42,3,7,Skip
3,talk,43,3,13,Skip
3,talk,44,4,3,Skip
3,talk,45,4,1,Over
3,talk,46,4,11,Over
3,talk,47,4,4,Skip
3,talk,48,4,14,Over
3,talk,49,4,7,Skip
3,talk,50,4,9,Over
3,talk,51,4,5,Over
3,talk,52,4,2,Over
3,talk,53,4,10,Over
3,talk,54,4,13,Skip
3,talk,55,5,11,Over
3,talk,56,5,2,Over
3,talk,57,5,5,Over
3,talk,58,5,7,Over
3,talk,59,5,14,Over
3,talk,60,5,1,Over
3,talk,61,5,9,Over
3,talk,62,5,10,VOTE Agent[11]
3,talk,63,5,13,Over
3,talk,64,5,3,Skip
3,talk,65,5,4,Skip
3,talk,66,6,4,Over
3,talk,67,6,13,Over
3,talk,68,6,9,Over
3,talk,69,6,1,Over
3,talk,70,6,14,Over
3,talk,71,6,7,VOTE Agent[01]
3,talk,72,6,11,Over
3,talk,73,6,10,Skip
3,talk,74,6,2,Over
3,talk,75,6,5,Over
3,talk,76,6,3,Over
3,talk,77,7,14,Over
3,talk,78,7,9,Over
3,talk,79,7,11,Over
3,talk,80,7,2,Over
3,talk,81,7,5,Over
3,talk,82,7,13,Over
3,talk,83,7,7,ESTIMATE Agent[13] WEREWOLF
3,talk,84,7,3,Over
3,talk,85,7,1,Over
3,talk,86,7,10,Skip
3,talk,87,7,4,Over
3,talk,88,8,7,Over
3,talk,89,8,9,Over
3,talk,90,8,2,Over
3,talk,91,8,10,Over
3,talk,92,8,14,Over
3,talk,93,8,1,Over
3,talk,94,8,13,Over
3,talk,95,8,11,Over
3,talk,96,8,5,Over
3,talk,97,8,3,Over
3,talk,98,8,4,Over
3,vote,1,9
3,vote,2,3
3,vote,3,14
3,vote,4,5
3,vote,5,11
3,vote,7,1
3,vote,9,4
3,vote,10,11
3,vote,11,13
3,vote,13,11
3,vote,14,1
3,execute,11,VILLAGER
3,divine,5,3,HUMAN
3,whisper,0,0,13,ATTACK Agent[03]
3,whisper,1,0,14,Over
3,whisper,2,1,13,Skip
3,whisper,3,1,14,Over
3,whisper,4,2,14,Over
3,whisper,5,2,13,Skip
3,whisper,6,3,14,Over
3,whisper,7,3,13,Over
3,guard,3,5,SEER
3,attackVote,13,3
3,attack,3,true
4,status,1,VILLAGER,ALIVE,tmcit2017
4,status,2,VILLAGER,ALIVE,Army
4,status,3,BODYGUARD,DEAD,rsaito
4,status,4,POSSESSED,ALIVE,Neo_ELIZA
4,status,5,SEER,ALIVE,AIWolf_NET
4,status,6,VILLAGER,DEAD,Romanesco
4,status,7,VILLAGER,ALIVE,wasabi
4,status,8,WEREWOLF,DEAD,H-ReGEX
4,status,9,MEDIUM,ALIVE,yk_aiwolf
4,status,10,VILLAGER,ALIVE,Kanpyo
4,status,11,VILLAGER,DEAD,konno
4,status,12,VILLAGER,DEAD,AITKN
4,status,13,WEREWOLF,ALIVE,neko
4,status,14,WEREWOLF,ALIVE,flex
4,status,15,VILLAGER,DEAD,Litt1eGirl
4,talk,0,0,2,COMINGOUT Agent[02] VILLAGER
4,talk,1,0,9,IDENTIFIED Agent[11] HUMAN
4,talk,2,0,4,DIVINED Agent[10] HUMAN
4,talk,3,0,14,Over
4,talk,4,0,10,Skip
4,talk,5,0,5,DIVINED Agent[03] HUMAN
4,talk,6,0,1,Over
4,talk,7,0,13,VOTE Agent[02]
4,talk,8,0,7,Skip
4,talk,9,1,10,Skip
4,talk,10,1,5,VOTE Agent[14]
4,talk,11,1,7,VOTE Agent[13]
4,talk,12,1,13,Skip
4,talk,13,1,1,Over
4,talk,14,1,2,Skip
4,talk,15,1,9,Over
4,talk,16,1,4,ESTIMATE Agent[05] WEREWOLF
4,talk,17,1,14,Over
4,talk,18,2,4,REQUEST(DIVINATION Agent[05])
4,talk,19,2,9,Over
4,talk,20,2,1,Over
4,talk,21,2,13,Skip
4,talk,22,2,10,Over
4,talk,23,2,14,Over
4,talk,24,2,7,VOTE Agent[01]
4,talk,25,2,2,Skip
4,talk,26,2,5,Skip
4,talk,27,3,7,Skip
4,talk,28,3,9,Over
4,talk,29,3,1,Over
4,talk,30,3,10,Over
4,talk,31,3,13,Over
4,talk,32,3,2,Over
4,talk,33,3,4,VOTE Agent[05]
4,talk,34,3,5,Skip
4,talk,35,3,14,Over
4,talk,36,4,4,Skip
4,talk,37,4,14,Over
4,talk,38,4,1,Over
4,talk,39,4,5,Over
4,talk,40,4,2,Over
4,talk,41,4,9,Over
4,talk,42,4,13,Over
4,talk,43,4,7,Skip
4,talk,44,4,10,Over
4,talk,45,5,1,Over
4,talk,46,5,9,Over
4,talk,47,5,5,Over
4,talk,48,5,13,Over
4,talk,49,5,10,VOTE Agent[01]
4,talk,50,5,7,Over
4,talk,51,5,4,Skip
4,talk,52,5,2,Over
4,talk,53,5,14,Over
4,talk,54,6,1,Over
4,talk,55,6,5,Over
4,talk,56,6,13,VOTE Agent[01]
4,talk,57,6,9,Over
4,talk,58,6,2,Over
4,talk,59,6,4,Over
4,talk,60,6,14,Over
4,talk,61,6,7,Over
4,talk,62,6,10,Skip
4,talk,63,7,9,Over
4,talk,64,7,5,Over
4,talk,65,7,1,Over
4,talk,66,7,14,Over
4,talk,67,7,10,Skip
4,talk,68,7,4,Over
4,talk,69,7,2,Over
4,talk,70,7,7,Over
4,talk,71,7,13,Skip
4,talk,72,8,5,Over
4,talk,73,8,1,Over
4,talk,74,8,2,Over
4,talk,75,8,14,Over
4,talk,76,8,10,Over
4,talk,77,8,4,Over
4,talk,78,8,13,Skip
4,talk,79,8,9,Over
4,talk,80,8,7,Over
4,talk,81,9,2,Over
4,talk,82,9,4,Over
4,talk,83,9,14,Over
4,talk,84,9,7,Over
4,talk,85,9,5,Over
4,talk,86,9,9,Over
4,talk,87,9,13,Over
4,talk,88,9,10,Over
4,talk,89,9,1,Over
4,vote,1,13
4,vote,2,7
4,vote,4,5
4,vote,5,14
4,vote,7,1
4,vote,9,10
4,vote,10,1
4,vote,13,1
4,vote,14,2
4,execute,1,VILLAGER
4,divine,5,2,HUMAN
4,whisper,0,0,13,ATTACK Agent[10]
4,whisper,1,0,14,Over
4,whisper,2,1,13,Skip
4,whisper,3,1,14,Over
4,whisper,4,2,14,Over
4,whisper,5,2,13,Skip
4,whisper,6,3,14,Over
4,whisper,7,3,13,Over
4,attackVote,13,10
4,attack,10,true
5,status,1,VILLAGER,DEAD,tmcit2017
5,status,2,VILLAGER,ALIVE,Army
5,status,3,BODYGUARD,DEAD,rsaito
5,status,4,POSSESSED,ALIVE,Neo_ELIZA
5,status,5,SEER,ALIVE,AIWolf_NET
5,status,6,VILLAGER,DEAD,Romanesco
5,status,7,VILLAGER,ALIVE,wasabi
5,status,8,WEREWOLF,DEAD,H-ReGEX
5,status,9,MEDIUM,ALIVE,yk_aiwolf
5,status,10,VILLAGER,DEAD,Kanpyo
5,status,11,VILLAGER,DEAD,konno
5,status,12,VILLAGER,DEAD,AITKN
5,status,13,WEREWOLF,ALIVE,neko
5,status,14,WEREWOLF,ALIVE,flex
5,status,15,VILLAGER,DEAD,Litt1eGirl
5,talk,0,0,9,IDENTIFIED Agent[01] HUMAN
5,talk,1,0,13,VOTE Agent[02]
5,talk,2,0,4,DIVINED Agent[02] HUMAN
5,talk,3,0,7,VOTE Agent[13]
5,talk,4,0,5,DIVINED Agent[02] HUMAN
5,talk,5,0,14,Over
5,talk,6,0,2,COMINGOUT Agent[02] VILLAGER
5,talk,7,1,9,Over
5,talk,8,1,14,Over
5,talk,9,1,4,ESTIMATE Agent[05] WEREWOLF
5,talk,10,1,5,VOTE Agent[11]
5,talk,11,1,7,ESTIMATE Agent[04] SEER
5,talk,12,1,13,Skip
5,talk,13,1,2,Skip
5,talk,14,2,7,Skip
5,talk,15,2,14,Over
5,talk,16,2,5,Skip
5,talk,17,2,13,Skip
5,talk,18,2,2,Skip
5,talk,19,2,9,Over
5,talk,20,2,4,REQUEST(DIVINATION Agent[05])
5,talk,21,3,4,VOTE Agent[05]
5,talk,22,3,5,Skip
5,talk,23,3,13,Over
5,talk,24,3,2,Over
5,talk,25,3,9,Over
5,talk,26,3,14,Over
5,talk,27,3,7,Skip
5,talk,28,4,2,Over
5,talk,29,4,13,Over
5,talk,30,4,14,Over
5,talk,31,4,5,Over
5,talk,32,4,9,Over
5,talk,33,4,7,Over
5,talk,34,4,4,Skip
5,talk,35,5,14,Over
5,talk,36,5,5,Over
5,talk,37,5,9,Over
5,talk,38,5,7,Over
5,talk,39,5,13,Over
5,talk,40,5,2,Over
5,talk,41,5,4,Skip
5,talk,42,6,2,Over
5,talk,43,6,13,Over
5,talk,44,6,4,Over
5,talk,45,6,7,Over
5,talk,46,6,14,Over
5,talk,47,6,5,Over
5,talk,48,6,9,Over
5,vote,2,9
5,vote,4,5
5,vote,5,7
5,vote,7,13
5,vote,9,4
5,vote,13,2
5,vote,14,7
5,execute,7,VILLAGER
5,divine,5,14,WEREWOLF
5,whisper,0,0,14,Over
5,whisper,1,0,13,ATTACK Agent[05]
5,whisper,2,1,13,Skip
5,whisper,3,1,14,Over
5,whisper,4,2,14,Over
5,whisper,5,2,13,Skip
5,whisper,6,3,13,Over
5,whisper,7,3,14,Over
5,attackVote,13,5
5,attack,5,true
6,status,1,VILLAGER,DEAD,tmcit2017
6,status,2,VILLAGER,ALIVE,Army
6,status,3,BODYGUARD,DEAD,rsaito
6,status,4,POSSESSED,ALIVE,Neo_ELIZA
6,status,5,SEER,DEAD,AIWolf_NET
6,status,6,VILLAGER,DEAD,Romanesco
6,status,7,VILLAGER,DEAD,wasabi
6,status,8,WEREWOLF,DEAD,H-ReGEX
6,status,9,MEDIUM,ALIVE,yk_aiwolf
6,status,10,VILLAGER,DEAD,Kanpyo
6,status,11,VILLAGER,DEAD,konno
6,status,12,VILLAGER,DEAD,AITKN
6,status,13,WEREWOLF,ALIVE,neko
6,status,14,WEREWOLF,ALIVE,flex
6,status,15,VILLAGER,DEAD,Litt1eGirl
6,talk,0,0,9,IDENTIFIED Agent[07] HUMAN
6,talk,1,0,14,Over
6,talk,2,0,2,COMINGOUT Agent[02] VILLAGER
6,talk,3,0,4,DIVINED Agent[14] WEREWOLF
6,talk,4,0,13,VOTE Agent[02]
6,talk,5,1,13,Skip
6,talk,6,1,4,ESTIMATE Agent[14] WEREWOLF
6,talk,7,1,14,Over
6,talk,8,1,9,Over
6,talk,9,1,2,ESTIMATE Agent[14] WEREWOLF
6,talk,10,2,9,Over
6,talk,11,2,13,Skip
6,talk,12,2,14,Over
6,talk,13,2,4,REQUEST(DIVINATION Agent[14])
6,talk,14,2,2,Skip
6,talk,15,3,2,Skip
6,talk,16,3,13,Over
6,talk,17,3,4,VOTE Agent[14]
6,talk,18,3,14,Over
6,talk,19,3,9,Over
6,talk,20,4,9,Over
6,talk,21,4,13,Over
6,talk,22,4,4,Skip
6,talk,23,4,14,Over
6,talk,24,4,2,Over
6,talk,25,5,4,Skip
6,talk,26,5,2,Over
6,talk,27,5,14,Over
6,talk,28,5,13,Over
6,talk,29,5,9,Over
6,talk,30,6,4,Over
6,talk,31,6,9,Over
6,talk,32,6,14,Over
6,talk,33,6,13,Over
6,talk,34,6,2,Over
6,vote,2,9
6,vote,4,14
6,vote,9,4
6,vote,13,2
6,vote,14,13
6,vote,2,4
6,vote,4,14
6,vote,9,13
6,vote,13,2
6,vote,14,13
6,execute,13,WEREWOLF
6,attack,4,true
7,status,1,VILLAGER,DEAD,tmcit2017
7,status,2,VILLAGER,ALIVE,Army
7,status,3,BODYGUARD,DEAD,rsaito
7,status,4,POSSESSED,DEAD,Neo_ELIZA
7,status,5,SEER,DEAD,AIWolf_NET
7,status,6,VILLAGER,DEAD,Romanesco
7,status,7,VILLAGER,DEAD,wasabi
7,status,8,WEREWOLF,DEAD,H-ReGEX
7,status,9,MEDIUM,ALIVE,yk_aiwolf
7,status,10,VILLAGER,DEAD,Kanpyo
7,status,11,VILLAGER,DEAD,konno
7,status,12,VILLAGER,DEAD,AITKN
7,status,13,WEREWOLF,DEAD,neko
7,status,14,WEREWOLF,ALIVE,flex
7,status,15,VILLAGER,DEAD,Litt1eGirl
7,talk,0,0,14,Over
7,talk,1,0,2,COMINGOUT Agent[02] VILLAGER
7,talk,2,0,9,IDENTIFIED Agent[13] WEREWOLF
7,talk,3,1,9,ESTIMATE Agent[08] WEREWOLF
7,talk,4,1,14,Over
7,talk,5,1,2,Skip
7,talk,6,2,14,Over
7,talk,7,2,2,Skip
7,talk,8,2,9,ESTIMATE Agent[10] WEREWOLF
7,talk,9,3,2,Over
7,talk,10,3,14,Over
7,talk,11,3,9,ESTIMATE Agent[14] WEREWOLF
7,talk,12,4,14,Over
7,talk,13,4,9,Over
7,talk,14,4,2,Over
7,vote,2,9
7,vote,9,14
7,vote,14,9
7,execute,9,MEDIUM
7,attack,2,true
8,status,1,VILLAGER,DEAD,tmcit2017
8,status,2,VILLAGER,DEAD,Army
8,status,3,BODYGUARD,DEAD,rsaito
8,status,4,POSSESSED,DEAD,Neo_ELIZA
8,status,5,SEER,DEAD,AIWolf_NET
8,status,6,VILLAGER,DEAD,Romanesco
8,status,7,VILLAGER,DEAD,wasabi
8,status,8,WEREWOLF,DEAD,H-ReGEX
8,status,9,MEDIUM,DEAD,yk_aiwolf
8,status,10,VILLAGER,DEAD,Kanpyo
8,status,11,VILLAGER,DEAD,konno
8,status,12,VILLAGER,DEAD,AITKN
8,status,13,WEREWOLF,DEAD,neko
8,status,14,WEREWOLF,ALIVE,flex
8,status,15,VILLAGER,DEAD,Litt1eGirl
8,result,0,1,WEREWOLF
