0,status,1,WEREWOLF,ALIVE,tmcit2017
0,status,2,WEREWOLF,ALIVE,Army
0,status,3,VILLAGER,ALIVE,rsaito
0,status,4,SEER,ALIVE,Neo_ELIZA
0,status,5,VILLAGER,ALIVE,AIWolf_NET
0,status,6,MEDIUM,ALIVE,Romanesco
0,status,7,VILLAGER,ALIVE,wasabi
0,status,8,BODYGUARD,ALIVE,H-ReGEX
0,status,9,POSSESSED,ALIVE,yk_aiwolf
0,status,10,VILLAGER,ALIVE,Kanpyo
0,status,11,VILLAGER,ALIVE,konno
0,status,12,VILLAGER,ALIVE,AITKN
0,status,13,VILLAGER,ALIVE,neko
0,status,14,WEREWOLF,ALIVE,flex
0,status,15,VILLAGER,ALIVE,Litt1eGirl
0,whisper,0,0,1,COMINGOUT Agent[01] WEREWOLF
0,whisper,1,0,2,Over
0,whisper,2,0,14,Over
0,whisper,3,1,14,Over
0,whisper,4,1,2,Over
0,whisper,5,1,1,Over
0,divine,4,3,HUMAN
1,status,1,WEREWOLF,ALIVE,tmcit2017
1,status,2,WEREWOLF,ALIVE,Army
1,status,3,VILLAGER,ALIVE,rsaito
1,status,4,SEER,ALIVE,Neo_ELIZA
1,status,5,VILLAGER,ALIVE,AIWolf_NET
1,status,6,MEDIUM,ALIVE,Romanesco
1,status,7,VILLAGER,ALIVE,wasabi
1,status,8,BODYGUARD,ALIVE,H-ReGEX
1,status,9,POSSESSED,ALIVE,yk_aiwolf
1,status,10,VILLAGER,ALIVE,Kanpyo
1,status,11,VILLAGER,ALIVE,konno
1,status,12,VILLAGER,ALIVE,AITKN
1,status,13,VILLAGER,ALIVE,neko
1,status,14,WEREWOLF,ALIVE,flex
1,status,15,VILLAGER,ALIVE,Litt1eGirl
1,talk,0,0,6,Skip
1,talk,1,0,2,Skip
1,talk,2,0,4,COMINGOUT Agent[04] SEER
1,talk,3,0,10,VOTE Agent[15]
1,talk,4,0,9,COMINGOUT Agent[09] SEER
1,talk,5,0,12,VOTE Agent[03]
1,talk,6,0,14,Over
1,talk,7,0,5,VOTE Agent[02]
1,talk,8,0,11,VOTE Agent[06]
1,talk,9,0,3,VOTE Agent[06]
1,talk,10,0,1,COMINGOUT Agent[01] VILLAGER
1,talk,11,0,15,VOTE Agent[03]
1,talk,12,0,7,VOTE Agent[10]
1,talk,13,0,8,VOTE Agent[01]
1,talk,14,0,13,VOTE Agent[06]
1,talk,15,1,8,Skip
1,talk,16,1,5,Skip
1,talk,17,1,1,Over
1,talk,18,1,9,DIVINED Agent[06] HUMAN
1,talk,19,1,11,Skip
1,talk,20,1,10,ESTIMATE Agent[04] SEER
1,talk,21,1,14,Over
1,talk,22,1,15,VOTE Agent[06]
1,talk,23,1,6,Skip
1,talk,24,1,2,Skip
1,talk,25,1,3,VOTE Agent[15]
1,talk,26,1,4,DIVINED Agent[03] HUMAN
1,talk,27,1,7,ESTIMATE Agent[04] WEREWOLF
1,talk,28,1,12,VOTE Agent[06]
1,talk,29,1,13,VOTE Agent[10]
1,talk,30,2,15,Over
1,talk,31,2,10,ESTIMATE Agent[09] SEER
1,talk,32,2,5,Skip
1,talk,33,2,3,VOTE Agent[07]
1,talk,34,2,2,Over
1,talk,35,2,6,Over
1,talk,36,2,4,VOTE Agent[12]
1,talk,37,2,8,ESTIMATE Agent[06] WEREWOLF
1,talk,38,2,11,Skip
1,talk,39,2,12,Skip
1,talk,40,2,1,Over
1,talk,41,2,14,Over
1,talk,42,2,9,Over
1,talk,43,2,7,ESTIMATE Agent[09] WEREWOLF
1,talk,44,2,13,VOTE Agent[07]
1,talk,45,3,15,Over
1,talk,46,3,12,Skip
1,talk,47,3,14,Over
1,talk,48,3,5,Over
1,talk,49,3,1,Over
1,talk,50,3,10,Skip
1,talk,51,3,6,VOTE Agent[12]
1,talk,52,3,13,Skip
1,talk,53,3,8,VOTE Agent[06]
1,talk,54,3,3,VOTE Agent[15]
1,talk,55,3,7,ESTIMATE Agent[09] WEREWOLF
1,talk,56,3,9,Over
1,talk,57,3,4,ESTIMATE Agent[09] WEREWOLF
1,talk,58,3,2,Over
1,talk,59,3,11,Over
1,talk,60,4,2,Over
1,talk,61,4,1,Over
1,talk,62,4,5,Over
1,talk,63,4,11,Over
1,talk,64,4,10,Skip
1,talk,65,4,14,Over
1,talk,66,4,4,VOTE Agent[09]
1,talk,67,4,13,Skip
1,talk,68,4,8,Skip
1,talk,69,4,9,Over
1,talk,70,4,3,Skip
1,talk,71,4,7,Skip
1,talk,72,4,12,REQUEST(DIVINATION Agent[07])
1,talk,73,4,6,Skip
1,talk,74,4,15,Over
1,talk,75,5,5,Over
1,talk,76,5,15,Over
1,talk,77,5,11,Over
1,talk,78,5,8,Skip
1,talk,79,5,7,VOTE Agent[13]
1,talk,80,5,4,Skip
1,talk,81,5,6,VOTE Agent[06]
1,talk,82,5,12,Skip
1,talk,83,5,3,Skip
1,talk,84,5,9,Over
1,talk,85,5,14,Over
1,talk,86,5,2,Over
1,talk,87,5,10,VOTE Agent[06]
1,talk,88,5,13,Over
1,talk,89,5,1,Over
1,talk,90,6,4,Skip
1,talk,91,6,6,Skip
1,talk,92,6,5,Over
1,talk,93,6,13,VOTE Agent[02]
1,talk,94,6,12,Skip
1,talk,95,6,7,ESTIMATE Agent[09] WEREWOLF
1,talk,96,6,3,Over
1,talk,97,6,9,Over
1,talk,98,6,8,Over
1,talk,99,6,2,Over
1,talk,100,6,15,Over
1,talk,101,6,1,Over
1,talk,102,6,14,Over
1,talk,103,6,11,Over
1,talk,104,6,10,Skip
1,talk,105,7,6,VOTE Agent[06]
1,talk,106,7,15,Over
1,talk,107,7,12,Over
1,talk,108,7,8,Over
1,talk,109,7,3,Over
1,talk,110,7,9,Over
1,talk,111,7,14,Over
1,talk,112,7,11,Over
1,talk,113,7,4,Over
1,talk,114,7,13,Skip
1,talk,115,7,1,Over
1,talk,116,7,7,ESTIMATE Agent[12] VILLAGER
1,talk,117,7,10,Skip
1,talk,118,7,5,Over
1,talk,119,7,2,Over
1,talk,120,8,15,Over
1,talk,121,8,10,Over
1,talk,122,8,14,Over
1,talk,123,8,6,Skip
1,talk,124,8,13,Skip
1,talk,125,8,12,Over
1,talk,126,8,7,ESTIMATE Agent[01] VILLAGER
1,talk,127,8,2,Over
1,talk,128,8,3,Over
1,talk,129,8,11,Over
1,talk,130,8,1,Over
1,talk,131,8,4,Over
1,talk,132,8,5,Over
1,talk,133,8,8,Over
1,talk,134,8,9,Over
1,talk,135,9,8,Over
1,talk,136,9,1,Over
1,talk,137,9,11,Over
1,talk,138,9,2,Over
1,talk,139,9,14,Over
1,talk,140,9,9,Over
1,talk,141,9,13,Over
1,talk,142,9,7,ESTIMATE Agent[09] WEREWOLF
1,talk,143,9,12,Over
1,talk,144,9,3,Over
1,talk,145,9,6,Skip
1,talk,146,9,5,Over
1,talk,147,9,15,ESTIMATE Agent[06] WEREWOLF
1,talk,148,9,4,Over
1,talk,149,9,10,Over
1,talk,150,10,13,VOTE Agent[15]
1,talk,151,10,12,Over
1,talk,152,10,1,Over
1,talk,153,10,9,Over
1,talk,154,10,4,Over
1,talk,155,10,14,Over
1,talk,156,10,10,Over
1,talk,157,10,8,Over
1,talk,158,10,7,Skip
1,talk,159,10,6,Over
1,talk,160,10,11,Over
1,talk,161,10,15,Over
1,talk,162,10,5,Over
1,talk,163,10,2,Over
1,talk,164,10,3,Over
1,talk,165,11,3,Over
1,talk,166,11,11,Over
1,talk,167,11,14,Over
1,talk,168,11,1,Over
1,talk,169,11,2,Over
1,talk,170,11,7,ESTIMATE Agent[09] WEREWOLF
1,talk,171,11,6,Over
1,talk,172,11,4,Over
1,talk,173,11,9,Over
1,talk,174,11,12,Over
1,talk,175,11,15,Over
1,talk,176,11,10,Over
1,talk,177,11,8,Over
1,talk,178,11,13,Skip
1,talk,179,11,5,Over
1,talk,180,12,7,Over
1,talk,181,12,13,Skip
1,talk,182,12,6,Over
1,talk,183,12,9,Over
1,talk,184,12,2,Over
1,talk,185,12,12,Over
1,talk,186,12,3,Over
1,talk,187,12,8,Over
1,talk,188,12,15,Over
1,talk,189,12,1,Over
1,talk,190,12,5,Over
1,talk,191,12,14,Over
1,talk,192,12,4,Over
1,talk,193,12,11,Over
1,talk,194,12,10,Over
1,talk,195,13,7,Over
1,talk,196,13,5,Over
1,talk,197,13,10,Over
1,talk,198,13,9,Over
1,talk,199,13,1,Over
1,talk,200,13,2,Over
1,talk,201,13,13,Over
1,talk,202,13,11,Over
1,talk,203,13,6,Over
1,talk,204,13,15,Over
1,talk,205,13,14,Over
1,talk,206,13,12,Over
1,talk,207,13,3,Over
1,talk,208,13,8,Over
1,talk,209,13,4,Over
1,vote,1,7
1,vote,2,3
1,vote,3,15
1,vote,4,9
1,vote,5,2
1,vote,6,11
1,vote,7,13
1,vote,8,6
1,vote,9,12
1,vote,10,6
1,vote,11,6
1,vote,12,6
1,vote,13,15
1,vote,14,13
1,vote,15,6
1,execute,6,MEDIUM
1,divine,4,9,HUMAN
1,whisper,0,0,2,Over
1,whisper,1,0,14,Over
1,whisper,2,0,1,Over
1,guard,8,9,POSSESSED
1,attackVote,1,8
1,attack,8,true
2,status,1,WEREWOLF,ALIVE,tmcit2017
2,status,2,WEREWOLF,ALIVE,Army
2,status,3,VILLAGER,ALIVE,rsaito
2,status,4,SEER,ALIVE,Neo_ELIZA
2,status,5,VILLAGER,ALIVE,AIWolf_NET
2,status,6,MEDIUM,DEAD,Romanesco
2,status,7,VILLAGER,ALIVE,wasabi
2,status,8,BODYGUARD,DEAD,H-ReGEX
2,status,9,POSSESSED,ALIVE,yk_aiwolf
2,status,10,VILLAGER,ALIVE,Kanpyo
2,status,11,VILLAGER,ALIVE,konno
2,status,12,VILLAGER,ALIVE,AITKN
2,status,13,VILLAGER,ALIVE,neko
2,status,14,WEREWOLF,ALIVE,flex
2,status,15,VILLAGER,ALIVE,Litt1eGirl
2,talk,0,0,14,Over
2,talk,1,0,4,DIVINED Agent[09] HUMAN
2,talk,2,0,1,Over
2,talk,3,0,9,DIVINED Agent[06] HUMAN
2,talk,4,0,11,VOTE Agent[02]
2,talk,5,0,7,VOTE Agent[05]
2,talk,6,0,3,VOTE Agent[15]
2,talk,7,0,12,VOTE Agent[07]
2,talk,8,0,15,VOTE Agent[11]
2,talk,9,0,13,VOTE Agent[15]
2,talk,10,0,5,VOTE Agent[01]
2,talk,11,0,10,Skip
2,talk,12,0,2,Skip
2,talk,13,1,2,Skip
2,talk,14,1,13,Skip
2,talk,15,1,15,VOTE Agent[01]
2,talk,16,1,7,ESTIMATE Agent[04] WEREWOLF
2,talk,17,1,5,Skip
2,talk,18,1,3,Skip
2,talk,19,1,1,Over
2,talk,20,1,11,Skip
2,talk,21,1,9,Over
2,talk,22,1,4,ESTIMATE Agent[09] POSSESSED
2,talk,23,1,14,Over
2,talk,24,1,12,ESTIMATE Agent[09] POSSESSED
2,talk,25,1,10,Skip
2,talk,26,2,1,Over
2,talk,27,2,13,Skip
2,talk,28,2,11,Skip
2,talk,29,2,7,VOTE Agent[01]
2,talk,30,2,10,Over
2,talk,31,2,12,VOTE Agent[15]
2,talk,32,2,4,ESTIMATE Agent[09] POSSESSED
2,talk,33,2,5,Skip
2,talk,34,2,15,Over
2,talk,35,2,9,Over
2,talk,36,2,14,Over
2,talk,37,2,2,Over
2,talk,38,2,3,Skip
2,talk,39,3,12,Skip
2,talk,40,3,10,Over
2,talk,41,3,7,VOTE Agent[11]
2,talk,42,3,4,VOTE Agent[09]
2,talk,43,3,15,Over
2,talk,44,3,5,Over
2,talk,45,3,13,Over
2,talk,46,3,14,Over
2,talk,47,3,11,Over
2,talk,48,3,9,Over
2,talk,49,3,3,Over
2,talk,50,3,1,Over
2,talk,51,3,2,Over
2,talk,52,4,4,ESTIMATE Agent[09] POSSESSED
2,talk,53,4,10,Over
2,talk,54,4,15,Over
2,talk,55,4,1,Over
2,talk,56,4,9,Over
2,talk,57,4,5,Over
2,talk,58,4,13,VOTE Agent[01]
2,talk,59,4,7,ESTIMATE Agent[10] VILLAGER
2,talk,60,4,3,Over
2,talk,61,4,12,REQUEST(DIVINATION Agent[13])
2,talk,62,4,11,Over
2,talk,63,4,14,Over
2,talk,64,4,2,Over
2,talk,65,5,11,Over
2,talk,66,5,14,Over
2,talk,67,5,15,Over
2,talk,68,5,3,Over
2,talk,69,5,10,VOTE Agent[01]
2,talk,70,5,5,Over
2,talk,71,5,2,Over
2,talk,72,5,4,ESTIMATE Agent[09] POSSESSED
2,talk,73,5,9,Over
2,talk,74,5,7,ESTIMATE Agent[09] WEREWOLF
2,talk,75,5,12,VOTE Agent[01]
2,talk,76,5,13,Skip
2,talk,77,5,1,Over
2,talk,78,6,2,Over
2,talk,79,6,11,Over
2,talk,80,6,12,Skip
2,talk,81,6,7,ESTIMATE Agent[01] VILLAGER
2,talk,82,6,5,Over
2,talk,83,6,14,Over
2,talk,84,6,9,Over
2,talk,85,6,3,Over
2,talk,86,6,4,ESTIMATE Agent[09] POSSESSED
2,talk,87,6,10,Skip
2,talk,88,6,1,Over
2,talk,89,6,15,Over
2,talk,90,6,13,Skip
2,talk,91,7,13,Over
2,talk,92,7,15,Over
2,talk,93,7,1,Over
2,talk,94,7,11,Over
2,talk,95,7,2,Over
2,talk,96,7,12,Skip
2,talk,97,7,14,Over
2,talk,98,7,9,Over
2,talk,99,7,7,ESTIMATE Agent[09] WEREWOLF
2,talk,100,7,10,Skip
2,talk,101,7,5,Over
2,talk,102,7,3,Over
2,talk,103,7,4,ESTIMATE Agent[09] POSSESSED
2,talk,104,8,1,Over
2,talk,105,8,13,Over
2,talk,106,8,12,Over
2,talk,107,8,5,Over
2,talk,108,8,11,Over
2,talk,109,8,3,Over
2,talk,110,8,2,Over
2,talk,111,8,15,Over
2,talk,112,8,7,ESTIMATE Agent[09] WEREWOLF
2,talk,113,8,4,ESTIMATE Agent[09] POSSESSED
2,talk,114,8,10,Over
2,talk,115,8,14,Over
2,talk,116,8,9,Over
2,talk,117,9,9,Over
2,talk,118,9,10,Over
2,talk,119,9,11,Over
2,talk,120,9,14,Over
2,talk,121,9,2,Over
2,talk,122,9,7,VOTE Agent[01]
2,talk,123,9,5,Over
2,talk,124,9,13,Over
2,talk,125,9,15,ESTIMATE Agent[13] VILLAGER
2,talk,126,9,1,Over
2,talk,127,9,3,Over
2,talk,128,9,4,ESTIMATE Agent[09] POSSESSED
2,talk,129,9,12,Over
2,talk,130,10,14,Over
2,talk,131,10,10,Over
2,talk,132,10,13,Over
2,talk,133,10,3,Over
2,talk,134,10,9,Over
2,talk,135,10,4,Over
2,talk,136,10,12,Over
2,talk,137,10,15,Over
2,talk,138,10,5,Over
2,talk,139,10,7,Over
2,talk,140,10,11,Over
2,talk,141,10,1,Over
2,talk,142,10,2,Over
2,vote,1,3
2,vote,2,3
2,vote,3,15
2,vote,4,9
2,vote,5,1
2,vote,7,1
2,vote,9,3
2,vote,10,1
2,vote,11,2
2,vote,12,1
2,vote,13,1
2,vote,14,12
2,vote,15,1
2,execute,1,WEREWOLF
2,divine,4,2,WEREWOLF
2,whisper,0,0,14,Over
2,whisper,1,0,2,Over
2,attackVote,2,3
2,attack,3,true
3,status,1,WEREWOLF,DEAD,tmcit2017
3,status,2,WEREWOLF,ALIVE,Army
3,status,3,VILLAGER,DEAD,rsaito
3,status,4,SEER,ALIVE,Neo_ELIZA
3,status,5,VILLAGER,ALIVE,AIWolf_NET
3,status,6,MEDIUM,DEAD,Romanesco
3,status,7,VILLAGER,ALIVE,wasabi
3,status,8,BODYGUARD,DEAD,H-ReGEX
3,status,9,POSSESSED,ALIVE,yk_aiwolf
3,status,10,VILLAGER,ALIVE,Kanpyo
3,status,11,VILLAGER,ALIVE,konno
3,status,12,VILLAGER,ALIVE,AITKN
3,status,13,VILLAGER,ALIVE,neko
3,status,14,WEREWOLF,ALIVE,flex
3,status,15,VILLAGER,ALIVE,Litt1eGirl
3,talk,0,0,7,VOTE Agent[10]
3,talk,1,0,12,VOTE Agent[02]
3,talk,2,0,5,VOTE Agent[14]
3,talk,3,0,11,VOTE Agent[13]
3,talk,4,0,9,DIVINED Agent[06] HUMAN
3,talk,5,0,13,VOTE Agent[02]
3,talk,6,0,4,DIVINED Agent[02] WEREWOLF
3,talk,7,0,10,Skip
3,talk,8,0,2,Skip
3,talk,9,0,15,VOTE Agent[13]
3,talk,10,0,14,Over
3,talk,11,1,12,VOTE Agent[13]
3,talk,12,1,14,Over
3,talk,13,1,13,Skip
3,talk,14,1,5,Skip
3,talk,15,1,11,Skip
3,talk,16,1,4,REQUEST(VOTE Agent[02])
3,talk,17,1,9,Over
3,talk,18,1,10,AGREE TALK day3 ID:6
3,talk,19,1,2,DISAGREE TALK day3 ID:6
3,talk,20,1,7,VOTE Agent[02]
3,talk,21,1,15,ESTIMATE Agent[13] WEREWOLF
3,talk,22,2,9,Over
3,talk,23,2,10,ESTIMATE Agent[02] WEREWOLF
3,talk,24,2,2,ESTIMATE Agent[04] POSSESSED
3,talk,25,2,5,Skip
3,talk,26,2,11,Skip
3,talk,27,2,14,Over
3,talk,28,2,15,Over
3,talk,29,2,13,Skip
3,talk,30,2,7,Skip
3,talk,31,2,4,VOTE Agent[02]
3,talk,32,2,12,VOTE Agent[02]
3,talk,33,3,5,Over
3,talk,34,3,2,DISAGREE TALK day3 ID:23
3,talk,35,3,7,ESTIMATE Agent[04] WEREWOLF
3,talk,36,3,10,VOTE Agent[02]
3,talk,37,3,14,Over
3,talk,38,3,15,VOTE Agent[02]
3,talk,39,3,11,Over
3,talk,40,3,13,Over
3,talk,41,3,9,Over
3,talk,42,3,4,Skip
3,talk,43,3,12,Skip
3,talk,44,4,5,Over
3,talk,45,4,2,Skip
3,talk,46,4,4,Skip
3,talk,47,4,11,Over
3,talk,48,4,10,REQUEST(VOTE Agent[02])
3,talk,49,4,15,Over
3,talk,50,4,14,Over
3,talk,51,4,12,REQUEST(DIVINATION Agent[15])
3,talk,52,4,9,Over
3,talk,53,4,13,Over
3,talk,54,4,7,ESTIMATE Agent[13] VILLAGER
3,talk,55,5,10,VOTE Agent[02]
3,talk,56,5,15,Over
3,talk,57,5,2,Skip
3,talk,58,5,5,Over
3,talk,59,5,7,ESTIMATE Agent[10] VILLAGER
3,talk,60,5,14,Over
3,talk,61,5,11,Over
3,talk,62,5,4,Over
3,talk,63,5,9,Over
3,talk,64,5,13,Over
3,talk,65,5,12,VOTE Agent[02]
3,talk,66,6,5,Over
3,talk,67,6,10,Skip
3,talk,68,6,11,Over
3,talk,69,6,14,Over
3,talk,70,6,9,Over
3,talk,71,6,2,Over
3,talk,72,6,13,Over
3,talk,73,6,7,ESTIMATE Agent[04] WEREWOLF
3,talk,74,6,15,Over
3,talk,75,6,12,Skip
3,talk,76,6,4,Over
3,talk,77,7,14,Over
3,talk,78,7,9,Over
3,talk,79,7,4,Over
3,talk,80,7,11,Over
3,talk,81,7,2,Over
3,talk,82,7,7,ESTIMATE Agent[02] WEREWOLF
3,talk,83,7,5,Over
3,talk,84,7,13,Over
3,talk,85,7,12,Skip
3,talk,86,7,15,Over
3,talk,87,7,10,Skip
3,talk,88,8,15,ESTIMATE Agent[09] VILLAGER
3,talk,89,8,14,Over
3,talk,90,8,2,DISAGREE TALK day3 ID:82
3,talk,91,8,12,Over
3,talk,92,8,5,Over
3,talk,93,8,9,Over
3,talk,94,8,10,Over
3,talk,95,8,13,Over
3,talk,96,8,4,Over
3,talk,97,8,11,Over
3,talk,98,8,7,ESTIMATE Agent[02] WEREWOLF
3,talk,99,9,7,ESTIMATE Agent[04] WEREWOLF
3,talk,100,9,10,Over
3,talk,101,9,11,Over
3,talk,102,9,2,DISAGREE TALK day3 ID:98
3,talk,103,9,9,Over
3,talk,104,9,14,Over
3,talk,105,9,15,Over
3,talk,106,9,4,Over
3,talk,107,9,12,Over
3,talk,108,9,5,Over
3,talk,109,9,13,Over
3,talk,110,10,10,Over
3,talk,111,10,12,Over
3,talk,112,10,4,Over
3,talk,113,10,13,Over
3,talk,114,10,5,Over
3,talk,115,10,14,Over
3,talk,116,10,7,ESTIMATE Agent[04] WEREWOLF
3,talk,117,10,9,Over
3,talk,118,10,15,Over
3,talk,119,10,2,DISAGREE TALK day3 ID:98
3,talk,120,10,11,Over
3,talk,121,11,5,Over
3,talk,122,11,4,Over
3,talk,123,11,13,Over
3,talk,124,11,2,Skip
3,talk,125,11,7,Over
3,talk,126,11,12,Over
3,talk,127,11,9,Over
3,talk,128,11,14,Over
3,talk,129,11,10,Over
3,talk,130,11,15,Over
3,talk,131,11,11,Over
3,talk,132,12,11,Over
3,talk,133,12,4,Over
3,talk,134,12,13,Over
3,talk,135,12,7,Over
3,talk,136,12,15,Over
3,talk,137,12,10,Over
3,talk,138,12,9,Over
3,talk,139,12,2,Skip
3,talk,140,12,14,Over
3,talk,141,12,5,Over
3,talk,142,12,12,Over
3,talk,143,13,13,Over
3,talk,144,13,15,Over
3,talk,145,13,5,Over
3,talk,146,13,9,Over
3,talk,147,13,11,Over
3,talk,148,13,7,Over
3,talk,149,13,12,Over
3,talk,150,13,10,Over
3,talk,151,13,4,Over
3,talk,152,13,2,Over
3,talk,153,13,14,Over
3,vote,2,4
3,vote,4,2
3,vote,5,14
3,vote,7,2
3,vote,9,7
3,vote,10,2
3,vote,11,13
3,vote,12,2
3,vote,13,2
3,vote,14,9
3,vote,15,2
3,execute,2,WEREWOLF
3,divine,4,14,WEREWOLF
3,attack,15,true
4,status,1,WEREWOLF,DEAD,tmcit2017
4,status,2,WEREWOLF,DEAD,Army
4,status,3,VILLAGER,DEAD,rsaito
4,status,4,SEER,ALIVE,Neo_ELIZA
4,status,5,VILLAGER,ALIVE,AIWolf_NET
4,status,6,MEDIUM,DEAD,Romanesco
4,status,7,VILLAGER,ALIVE,wasabi
4,status,8,BODYGUARD,DEAD,H-ReGEX
4,status,9,POSSESSED,ALIVE,yk_aiwolf
4,status,10,VILLAGER,ALIVE,Kanpyo
4,status,11,VILLAGER,ALIVE,konno
4,status,12,VILLAGER,ALIVE,AITKN
4,status,13,VILLAGER,ALIVE,neko
4,status,14,WEREWOLF,ALIVE,flex
4,status,15,VILLAGER,DEAD,Litt1eGirl
4,talk,0,0,14,Over
4,talk,1,0,11,VOTE Agent[10]
4,talk,2,0,12,VOTE Agent[09]
4,talk,3,0,9,DIVINED Agent[06] HUMAN
4,talk,4,0,10,Skip
4,talk,5,0,13,VOTE Agent[04]
4,talk,6,0,5,VOTE Agent[12]
4,talk,7,0,7,Skip
4,talk,8,0,4,DIVINED Agent[14] WEREWOLF
4,talk,9,1,5,Skip
4,talk,10,1,13,Skip
4,talk,11,1,4,REQUEST(VOTE Agent[14])
4,talk,12,1,7,VOTE Agent[14]
4,talk,13,1,9,Over
4,talk,14,1,12,Skip
4,talk,15,1,10,AGREE TALK day4 ID:8
4,talk,16,1,14,Over
4,talk,17,1,11,Skip
4,talk,18,2,9,Over
4,talk,19,2,7,ESTIMATE Agent[11] VILLAGER
4,talk,20,2,5,Skip
4,talk,21,2,14,Over
4,talk,22,2,10,ESTIMATE Agent[14] WEREWOLF
4,talk,23,2,13,Skip
4,talk,24,2,11,Skip
4,talk,25,2,4,VOTE Agent[14]
4,talk,26,2,12,VOTE Agent[14]
4,talk,27,3,12,VOTE Agent[14]
4,talk,28,3,9,Over
4,talk,29,3,14,Over
4,talk,30,3,11,Over
4,talk,31,3,10,VOTE Agent[14]
4,talk,32,3,5,Over
4,talk,33,3,4,Skip
4,talk,34,3,7,ESTIMATE Agent[14] WEREWOLF
4,talk,35,3,13,Over
4,talk,36,4,13,Over
4,talk,37,4,7,Skip
4,talk,38,4,5,Over
4,talk,39,4,14,Over
4,talk,40,4,11,Over
4,talk,41,4,12,REQUEST(DIVINATION Agent[05])
4,talk,42,4,10,REQUEST(VOTE Agent[14])
4,talk,43,4,4,Skip
4,talk,44,4,9,Over
4,talk,45,5,5,Over
4,talk,46,5,10,VOTE Agent[14]
4,talk,47,5,14,Over
4,talk,48,5,13,Over
4,talk,49,5,9,Over
4,talk,50,5,11,Over
4,talk,51,5,12,VOTE Agent[14]
4,talk,52,5,7,ESTIMATE Agent[04] WEREWOLF
4,talk,53,5,4,Over
4,talk,54,6,11,Over
4,talk,55,6,14,Over
4,talk,56,6,10,Skip
4,talk,57,6,4,Over
4,talk,58,6,12,Skip
4,talk,59,6,13,Over
4,talk,60,6,5,Over
4,talk,61,6,9,Over
4,talk,62,6,7,ESTIMATE Agent[09] WEREWOLF
4,talk,63,7,12,Skip
4,talk,64,7,7,ESTIMATE Agent[13] VILLAGER
4,talk,65,7,11,Over
4,talk,66,7,14,Over
4,talk,67,7,9,Over
4,talk,68,7,5,Over
4,talk,69,7,13,Over
4,talk,70,7,10,Skip
4,talk,71,7,4,Over
4,talk,72,8,12,Over
4,talk,73,8,14,Over
4,talk,74,8,11,Over
4,talk,75,8,4,Over
4,talk,76,8,13,Over
4,talk,77,8,10,Over
4,talk,78,8,7,ESTIMATE Agent[05] VILLAGER
4,talk,79,8,5,Over
4,talk,80,8,9,Over
4,talk,81,9,4,Over
4,talk,82,9,13,Over
4,talk,83,9,7,ESTIMATE Agent[04] WEREWOLF
4,talk,84,9,11,Over
4,talk,85,9,12,Over
4,talk,86,9,10,Over
4,talk,87,9,9,Over
4,talk,88,9,14,Over
4,talk,89,9,5,Over
4,talk,90,10,12,Over
4,talk,91,10,14,Over
4,talk,92,10,10,Over
4,talk,93,10,5,Over
4,talk,94,10,9,Over
4,talk,95,10,4,Over
4,talk,96,10,11,Over
4,talk,97,10,7,ESTIMATE Agent[05] VILLAGER
4,talk,98,10,13,Over
4,talk,99,11,9,Over
4,talk,100,11,10,Over
4,talk,101,11,14,Over
4,talk,102,11,4,Over
4,talk,103,11,12,Over
4,talk,104,11,13,Over
4,talk,105,11,5,Over
4,talk,106,11,11,Over
4,talk,107,11,7,ESTIMATE Agent[12] VILLAGER
4,talk,108,12,4,Over
4,talk,109,12,12,Over
4,talk,110,12,5,Over
4,talk,111,12,7,Over
4,talk,112,12,13,Over
4,talk,113,12,9,Over
4,talk,114,12,11,Over
4,talk,115,12,14,Over
4,talk,116,12,10,Over
4,vote,4,14
4,vote,5,12
4,vote,7,14
4,vote,9,13
4,vote,10,14
4,vote,11,10
4,vote,12,14
4,vote,13,4
4,vote,14,5
4,execute,14,WEREWOLF
4,divine,4,12,HUMAN
5,status,1,WEREWOLF,DEAD,tmcit2017
5,status,2,WEREWOLF,DEAD,Army
5,status,3,VILLAGER,DEAD,rsaito
5,status,4,SEER,ALIVE,Neo_ELIZA
5,status,5,VILLAGER,ALIVE,AIWolf_NET
5,status,6,MEDIUM,DEAD,Romanesco
5,status,7,VILLAGER,ALIVE,wasabi
5,status,8,BODYGUARD,DEAD,H-ReGEX
5,status,9,POSSESSED,ALIVE,yk_aiwolf
5,status,10,VILLAGER,ALIVE,Kanpyo
5,status,11,VILLAGER,ALIVE,konno
5,status,12,VILLAGER,ALIVE,AITKN
5,status,13,VILLAGER,ALIVE,neko
5,status,14,WEREWOLF,DEAD,flex
5,status,15,VILLAGER,DEAD,Litt1eGirl
5,result,8,0,VILLAGER
