0,status,1,BODYGUARD,ALIVE,tmcit2017
0,status,2,VILLAGER,ALIVE,Army
0,status,3,VILLAGER,ALIVE,rsaito
0,status,4,MEDIUM,ALIVE,Neo_ELIZA
0,status,5,VILLAGER,ALIVE,AIWolf_NET
0,status,6,WEREWOLF,ALIVE,Romanesco
0,status,7,SEER,ALIVE,wasabi
0,status,8,WEREWOLF,ALIVE,H-ReGEX
0,status,9,VILLAGER,ALIVE,yk_aiwolf
0,status,10,POSSESSED,ALIVE,Kanpyo
0,status,11,WEREWOLF,ALIVE,konno
0,status,12,VILLAGER,ALIVE,AITKN
0,status,13,VILLAGER,ALIVE,neko
0,status,14,VILLAGER,ALIVE,flex
0,status,15,VILLAGER,ALIVE,Litt1eGirl
0,whisper,0,0,11,COMINGOUT Agent[11] VILLAGER
0,whisper,1,0,8,COMINGOUT Agent[08] SEER
0,whisper,2,0,6,Skip
0,whisper,3,1,11,ATTACK Agent[01]
0,whisper,4,1,8,Skip
0,whisper,5,1,6,Skip
0,whisper,6,2,8,Skip
0,whisper,7,2,11,ATTACK Agent[12]
0,whisper,8,2,6,Over
0,whisper,9,3,6,Over
0,whisper,10,3,8,Over
0,whisper,11,3,11,ATTACK Agent[04]
0,whisper,12,4,8,Over
0,whisper,13,4,6,Over
0,whisper,14,4,11,ATTACK Agent[03]
0,whisper,15,5,11,ATTACK Agent[07]
0,whisper,16,5,6,Over
0,whisper,17,5,8,Over
0,whisper,18,6,8,Over
0,whisper,19,6,6,Over
0,whisper,20,6,11,ATTACK Agent[14]
0,whisper,21,7,6,Over
0,whisper,22,7,8,Over
0,whisper,23,7,11,ATTACK Agent[15]
0,whisper,24,8,11,ATTACK Agent[02]
0,whisper,25,8,6,Over
0,whisper,26,8,8,Over
0,whisper,27,9,11,ATTACK Agent[15]
0,whisper,28,9,8,Over
0,whisper,29,9,6,Over
0,whisper,30,10,6,Over
0,whisper,31,10,11,Over
0,whisper,32,10,8,Over
0,divine,7,9,HUMAN
1,status,1,BODYGUARD,ALIVE,tmcit2017
1,status,2,VILLAGER,ALIVE,Army
1,status,3,VILLAGER,ALIVE,rsaito
1,status,4,MEDIUM,ALIVE,Neo_ELIZA
1,status,5,VILLAGER,ALIVE,AIWolf_NET
1,status,6,WEREWOLF,ALIVE,Romanesco
1,status,7,SEER,ALIVE,wasabi
1,status,8,WEREWOLF,ALIVE,H-ReGEX
1,status,9,VILLAGER,ALIVE,yk_aiwolf
1,status,10,POSSESSED,ALIVE,Kanpyo
1,status,11,WEREWOLF,ALIVE,konno
1,status,12,VILLAGER,ALIVE,AITKN
1,status,13,VILLAGER,ALIVE,neko
1,status,14,VILLAGER,ALIVE,flex
1,status,15,VILLAGER,ALIVE,Litt1eGirl
1,talk,0,0,11,ESTIMATE Agent[01] WEREWOLF
1,talk,1,0,12,VOTE Agent[10]
1,talk,2,0,3,VOTE Agent[06]
1,talk,3,0,1,COMINGOUT Agent[01] VILLAGER
1,talk,4,0,4,VOTE Agent[11]
1,talk,5,0,8,COMINGOUT Agent[08] SEER
1,talk,6,0,5,VOTE Agent[12]
1,talk,7,0,13,VOTE Agent[06]
1,talk,8,0,6,Skip
1,talk,9,0,14,Over
1,talk,10,0,7,COMINGOUT Agent[07] SEER
1,talk,11,0,2,COMINGOUT Agent[02] VILLAGER
1,talk,12,0,15,VOTE Agent[09]
1,talk,13,0,10,COMINGOUT Agent[10] SEER
1,talk,14,0,9,Over
1,talk,15,1,10,DIVINED Agent[13] WEREWOLF
1,talk,16,1,6,Skip
1,talk,17,1,3,VOTE Agent[11]
1,talk,18,1,7,DIVINED Agent[09] HUMAN
1,talk,19,1,13,VOTE Agent[11]
1,talk,20,1,14,Over
1,talk,21,1,15,VOTE Agent[06]
1,talk,22,1,9,Over
1,talk,23,1,12,VOTE Agent[06]
1,talk,24,1,4,COMINGOUT Agent[04] MEDIUM
1,talk,25,1,8,ESTIMATE Agent[10] WEREWOLF
1,talk,26,1,5,Skip
1,talk,27,1,1,Over
1,talk,28,1,11,VOTE Agent[01]
1,talk,29,1,2,Skip
1,talk,30,2,4,VOTE Agent[09]
1,talk,31,2,5,Skip
1,talk,32,2,8,VOTE Agent[10]
1,talk,33,2,12,Skip
1,talk,34,2,14,Over
1,talk,35,2,15,VOTE Agent[11]
1,talk,36,2,6,Over
1,talk,37,2,9,Over
1,talk,38,2,11,Skip
1,talk,39,2,3,Skip
1,talk,40,2,1,Over
1,talk,41,2,7,VOTE Agent[06]
1,talk,42,2,10,VOTE Agent[13]
1,talk,43,2,13,Skip
1,talk,44,2,2,ESTIMATE Agent[13] WEREWOLF
1,talk,45,3,10,REQUEST(VOTE Agent[13])
1,talk,46,3,1,Over
1,talk,47,3,14,Over
1,talk,48,3,6,VOTE Agent[06]
1,talk,49,3,15,Over
1,talk,50,3,9,Over
1,talk,51,3,2,Skip
1,talk,52,3,3,VOTE Agent[13]
1,talk,53,3,4,VOTE Agent[15]
1,talk,54,3,7,Skip
1,talk,55,3,8,DIVINED Agent[13] HUMAN
1,talk,56,3,11,Skip
1,talk,57,3,13,Skip
1,talk,58,3,12,Skip
1,talk,59,3,5,Over
1,talk,60,4,8,ESTIMATE Agent[07] WEREWOLF
1,talk,61,4,9,Over
1,talk,62,4,13,VOTE Agent[08]
1,talk,63,4,6,Skip
1,talk,64,4,5,Over
1,talk,65,4,4,VOTE Agent[12]
1,talk,66,4,12,REQUEST(DIVINATION Agent[01])
1,talk,67,4,11,Over
1,talk,68,4,1,Over
1,talk,69,4,2,Skip
1,talk,70,4,10,REQUEST(Agent[08] Over)
1,talk,71,4,3,VOTE Agent[11]
1,talk,72,4,7,ESTIMATE Agent[08] WEREWOLF
1,talk,73,4,15,VOTE Agent[06]
1,talk,74,4,14,Over
1,talk,75,5,12,Skip
1,talk,76,5,6,VOTE Agent[06]
1,talk,77,5,10,ESTIMATE Agent[08] POSSESSED
1,talk,78,5,11,Over
1,talk,79,5,5,Over
1,talk,80,5,7,Skip
1,talk,81,5,3,VOTE Agent[08]
1,talk,82,5,8,VOTE Agent[07]
1,talk,83,5,15,Over
1,talk,84,5,2,Over
1,talk,85,5,4,VOTE Agent[02]
1,talk,86,5,1,Over
1,talk,87,5,9,Over
1,talk,88,5,13,Skip
1,talk,89,5,14,Over
1,talk,90,6,2,Over
1,talk,91,6,1,Over
1,talk,92,6,8,Skip
1,talk,93,6,6,Skip
1,talk,94,6,3,Skip
1,talk,95,6,4,VOTE Agent[07]
1,talk,96,6,13,Skip
1,talk,97,6,5,Over
1,talk,98,6,15,ESTIMATE Agent[06] WEREWOLF
1,talk,99,6,9,Over
1,talk,100,6,12,Skip
1,talk,101,6,11,Over
1,talk,102,6,7,ESTIMATE Agent[11] VILLAGER
1,talk,103,6,14,Over
1,talk,104,6,10,REQUEST(Agent[07] Over)
1,talk,105,7,14,Over
1,talk,106,7,13,Over
1,talk,107,7,6,VOTE Agent[06]
1,talk,108,7,11,Over
1,talk,109,7,7,Skip
1,talk,110,7,2,Over
1,talk,111,7,12,Over
1,talk,112,7,3,Skip
1,talk,113,7,10,ESTIMATE Agent[07] POSSESSED
1,talk,114,7,5,Over
1,talk,115,7,8,Skip
1,talk,116,7,1,Over
1,talk,117,7,15,Over
1,talk,118,7,9,Over
1,talk,119,7,4,VOTE Agent[11]
1,talk,120,8,2,Over
1,talk,121,8,13,Over
1,talk,122,8,5,Over
1,talk,123,8,15,Over
1,talk,124,8,10,REQUEST(Agent[07] Over)
1,talk,125,8,1,Over
1,talk,126,8,14,Over
1,talk,127,8,3,Over
1,talk,128,8,4,VOTE Agent[10]
1,talk,129,8,8,Over
1,talk,130,8,9,Over
1,talk,131,8,7,ESTIMATE Agent[01] VILLAGER
1,talk,132,8,6,Skip
1,talk,133,8,12,Over
1,talk,134,8,11,Over
1,talk,135,9,6,Skip
1,talk,136,9,5,Over
1,talk,137,9,14,Over
1,talk,138,9,2,Over
1,talk,139,9,3,Over
1,talk,140,9,8,Over
1,talk,141,9,15,ESTIMATE Agent[06] WEREWOLF
1,talk,142,9,1,Over
1,talk,143,9,9,Over
1,talk,144,9,10,REQUEST(Agent[08] Over)
1,talk,145,9,11,Over
1,talk,146,9,13,Over
1,talk,147,9,7,Over
1,talk,148,9,12,Over
1,talk,149,9,4,VOTE Agent[01]
1,talk,150,10,5,Over
1,talk,151,10,1,Over
1,talk,152,10,14,Over
1,talk,153,10,12,Over
1,talk,154,10,6,Over
1,talk,155,10,9,Over
1,talk,156,10,2,Over
1,talk,157,10,7,Over
1,talk,158,10,8,Over
1,talk,159,10,11,Over
1,talk,160,10,15,Over
1,talk,161,10,4,Over
1,talk,162,10,10,Over
1,talk,163,10,3,Over
1,talk,164,10,13,Over
1,vote,1,13
1,vote,2,3
1,vote,3,8
1,vote,4,2
1,vote,5,12
1,vote,6,1
1,vote,7,6
1,vote,8,7
1,vote,9,14
1,vote,10,13
1,vote,11,1
1,vote,12,6
1,vote,13,8
1,vote,14,3
1,vote,15,6
1,execute,6,WEREWOLF
1,divine,7,2,HUMAN
1,whisper,0,0,8,ESTIMATE Agent[10] POSSESSED
1,whisper,1,0,11,ESTIMATE Agent[10] POSSESSED
1,whisper,2,1,8,ATTACK Agent[07]
1,whisper,3,1,11,ATTACK Agent[02]
1,whisper,4,2,8,Skip
1,whisper,5,2,11,ATTACK Agent[04]
1,whisper,6,3,11,ATTACK Agent[02]
1,whisper,7,3,8,Skip
1,whisper,8,4,11,ATTACK Agent[01]
1,whisper,9,4,8,Over
1,whisper,10,5,8,Over
1,whisper,11,5,11,ATTACK Agent[02]
1,whisper,12,6,8,Over
1,whisper,13,6,11,ATTACK Agent[04]
1,whisper,14,7,8,Over
1,whisper,15,7,11,ATTACK Agent[02]
1,whisper,16,8,11,ATTACK Agent[04]
1,whisper,17,8,8,Over
1,whisper,18,9,11,ATTACK Agent[01]
1,whisper,19,9,8,Over
1,whisper,20,10,8,Over
1,whisper,21,10,11,Over
1,guard,1,7,SEER
1,attackVote,8,7
1,attackVote,11,2
1,attackVote,8,7
1,attackVote,11,2
1,attack,7,false
2,status,1,BODYGUARD,ALIVE,tmcit2017
2,status,2,VILLAGER,ALIVE,Army
2,status,3,VILLAGER,ALIVE,rsaito
2,status,4,MEDIUM,ALIVE,Neo_ELIZA
2,status,5,VILLAGER,ALIVE,AIWolf_NET
2,status,6,WEREWOLF,DEAD,Romanesco
2,status,7,SEER,ALIVE,wasabi
2,status,8,WEREWOLF,ALIVE,H-ReGEX
2,status,9,VILLAGER,ALIVE,yk_aiwolf
2,status,10,POSSESSED,ALIVE,Kanpyo
2,status,11,WEREWOLF,ALIVE,konno
2,status,12,VILLAGER,ALIVE,AITKN
2,status,13,VILLAGER,ALIVE,neko
2,status,14,VILLAGER,ALIVE,flex
2,status,15,VILLAGER,ALIVE,Litt1eGirl
2,talk,0,0,10,DIVINED Agent[09] HUMAN
2,talk,1,0,11,ESTIMATE Agent[01] WEREWOLF
2,talk,2,0,7,DIVINED Agent[02] HUMAN
2,talk,3,0,8,DIVINED Agent[12] HUMAN
2,talk,4,0,1,Over
2,talk,5,0,5,VOTE Agent[10]
2,talk,6,0,3,VOTE Agent[08]
2,talk,7,0,12,VOTE Agent[03]
2,talk,8,0,15,VOTE Agent[05]
2,talk,9,0,2,COMINGOUT Agent[02] VILLAGER
2,talk,10,0,14,Over
2,talk,11,0,9,Over
2,talk,12,0,4,IDENTIFIED Agent[06] WEREWOLF
2,talk,13,0,13,VOTE Agent[08]
2,talk,14,1,11,VOTE Agent[01]
2,talk,15,1,13,Skip
2,talk,16,1,8,ESTIMATE Agent[07] WEREWOLF
2,talk,17,1,2,VOTE Agent[03]
2,talk,18,1,15,VOTE Agent[10]
2,talk,19,1,4,VOTE Agent[01]
2,talk,20,1,7,VOTE Agent[08]
2,talk,21,1,14,Over
2,talk,22,1,10,VOTE Agent[15]
2,talk,23,1,1,Over
2,talk,24,1,12,VOTE Agent[10]
2,talk,25,1,5,Skip
2,talk,26,1,9,Over
2,talk,27,1,3,Skip
2,talk,28,2,10,REQUEST(Agent[07] Over)
2,talk,29,2,13,Skip
2,talk,30,2,12,Skip
2,talk,31,2,2,VOTE Agent[05]
2,talk,32,2,9,Over
2,talk,33,2,15,ESTIMATE Agent[10] WEREWOLF
2,talk,34,2,5,Skip
2,talk,35,2,14,Over
2,talk,36,2,8,VOTE Agent[07]
2,talk,37,2,1,Over
2,talk,38,2,7,ESTIMATE Agent[12] VILLAGER
2,talk,39,2,11,Skip
2,talk,40,2,4,VOTE Agent[15]
2,talk,41,2,3,Skip
2,talk,42,3,9,Over
2,talk,43,3,14,Over
2,talk,44,3,5,Over
2,talk,45,3,13,Over
2,talk,46,3,3,Over
2,talk,47,3,12,Skip
2,talk,48,3,8,Skip
2,talk,49,3,7,Skip
2,talk,50,3,1,Over
2,talk,51,3,11,Skip
2,talk,52,3,4,VOTE Agent[05]
2,talk,53,3,15,ESTIMATE Agent[10] WEREWOLF
2,talk,54,3,10,REQUEST(Agent[08] Over)
2,talk,55,3,2,VOTE Agent[06]
2,talk,56,4,8,Skip
2,talk,57,4,14,Over
2,talk,58,4,1,Over
2,talk,59,4,7,ESTIMATE Agent[01] VILLAGER
2,talk,60,4,15,Over
2,talk,61,4,12,REQUEST(DIVINATION Agent[14])
2,talk,62,4,13,VOTE Agent[01]
2,talk,63,4,5,Over
2,talk,64,4,4,VOTE Agent[13]
2,talk,65,4,9,Over
2,talk,66,4,10,Skip
2,talk,67,4,2,VOTE Agent[09]
2,talk,68,4,11,Over
2,talk,69,4,3,Over
2,talk,70,5,10,Skip
2,talk,71,5,1,Over
2,talk,72,5,5,Over
2,talk,73,5,7,Skip
2,talk,74,5,4,VOTE Agent[09]
2,talk,75,5,11,Over
2,talk,76,5,9,Over
2,talk,77,5,8,Over
2,talk,78,5,15,Over
2,talk,79,5,14,Over
2,talk,80,5,3,Over
2,talk,81,5,2,VOTE Agent[11]
2,talk,82,5,13,Skip
2,talk,83,5,12,Skip
2,talk,84,6,3,Over
2,talk,85,6,13,Skip
2,talk,86,6,2,VOTE Agent[12]
2,talk,87,6,7,Skip
2,talk,88,6,11,Over
2,talk,89,6,15,Over
2,talk,90,6,1,Over
2,talk,91,6,9,Over
2,talk,92,6,10,Over
2,talk,93,6,12,Skip
2,talk,94,6,8,Over
2,talk,95,6,5,Over
2,talk,96,6,4,VOTE Agent[10]
2,talk,97,6,14,Over
2,talk,98,7,14,Over
2,talk,99,7,10,Over
2,talk,100,7,4,VOTE Agent[15]
2,talk,101,7,11,Over
2,talk,102,7,13,Over
2,talk,103,7,8,Over
2,talk,104,7,2,VOTE Agent[13]
2,talk,105,7,15,Over
2,talk,106,7,3,Over
2,talk,107,7,7,Over
2,talk,108,7,12,Over
2,talk,109,7,5,Over
2,talk,110,7,1,Over
2,talk,111,7,9,Over
2,talk,112,8,12,Over
2,talk,113,8,14,Over
2,talk,114,8,4,VOTE Agent[12]
2,talk,115,8,9,Over
2,talk,116,8,1,Over
2,talk,117,8,8,Over
2,talk,118,8,3,VOTE Agent[15]
2,talk,119,8,7,ESTIMATE Agent[15] VILLAGER
2,talk,120,8,10,Over
2,talk,121,8,11,Over
2,talk,122,8,2,VOTE Agent[14]
2,talk,123,8,5,Over
2,talk,124,8,15,ESTIMATE Agent[10] WEREWOLF
2,talk,125,8,13,Over
2,talk,126,9,7,Over
2,talk,127,9,13,Over
2,talk,128,9,12,VOTE Agent[15]
2,talk,129,9,3,VOTE Agent[08]
2,talk,130,9,4,VOTE Agent[07]
2,talk,131,9,11,Over
2,talk,132,9,2,VOTE Agent[15]
2,talk,133,9,10,Over
2,talk,134,9,9,Over
2,talk,135,9,1,Over
2,talk,136,9,15,Over
2,talk,137,9,5,Over
2,talk,138,9,8,Over
2,talk,139,9,14,Over
2,talk,140,10,14,Over
2,talk,141,10,11,Over
2,talk,142,10,3,VOTE Agent[15]
2,talk,143,10,1,Over
2,talk,144,10,2,Over
2,talk,145,10,10,Over
2,talk,146,10,7,Over
2,talk,147,10,8,Over
2,talk,148,10,5,Over
2,talk,149,10,9,Over
2,talk,150,10,15,Over
2,talk,151,10,4,Over
2,talk,152,10,13,Over
2,talk,153,10,12,Skip
2,talk,154,11,13,Over
2,talk,155,11,2,Over
2,talk,156,11,8,Over
2,talk,157,11,11,Over
2,talk,158,11,4,Over
2,talk,159,11,10,Over
2,talk,160,11,3,Skip
2,talk,161,11,14,Over
2,talk,162,11,15,Over
2,talk,163,11,7,ESTIMATE Agent[14] VILLAGER
2,talk,164,11,12,Skip
2,talk,165,11,1,Over
2,talk,166,11,9,Over
2,talk,167,11,5,Over
2,talk,168,12,2,Over
2,talk,169,12,13,Over
2,talk,170,12,5,Over
2,talk,171,12,8,Over
2,talk,172,12,10,Over
2,talk,173,12,14,Over
2,talk,174,12,15,Over
2,talk,175,12,4,Over
2,talk,176,12,1,Over
2,talk,177,12,11,Over
2,talk,178,12,3,Skip
2,talk,179,12,7,Over
2,talk,180,12,9,Over
2,talk,181,12,12,Over
2,talk,182,13,3,Over
2,talk,183,13,11,Over
2,talk,184,13,10,Over
2,talk,185,13,14,Over
2,talk,186,13,9,Over
2,talk,187,13,1,Over
2,talk,188,13,7,ESTIMATE Agent[10] WEREWOLF
2,talk,189,13,8,Over
2,talk,190,13,15,Over
2,talk,191,13,2,Over
2,talk,192,13,4,Over
2,talk,193,13,12,Over
2,talk,194,13,5,Over
2,talk,195,13,13,Over
2,talk,196,14,4,Over
2,talk,197,14,3,Over
2,talk,198,14,12,Over
2,talk,199,14,2,Over
2,talk,200,14,11,Over
2,talk,201,14,7,ESTIMATE Agent[08] WEREWOLF
2,talk,202,14,10,Over
2,talk,203,14,15,Over
2,talk,204,14,13,Over
2,talk,205,14,9,Over
2,talk,206,14,8,Over
2,talk,207,14,14,Over
2,talk,208,14,5,Over
2,talk,209,14,1,Over
2,talk,210,15,14,Over
2,talk,211,15,13,Over
2,talk,212,15,9,Over
2,talk,213,15,10,Over
2,talk,214,15,2,Over
2,talk,215,15,5,Over
2,talk,216,15,3,Over
2,talk,217,15,7,Over
2,talk,218,15,11,Over
2,talk,219,15,12,Over
2,talk,220,15,1,Over
2,talk,221,15,4,Over
2,talk,222,15,8,Over
2,talk,223,15,15,Over
2,vote,1,2
2,vote,2,3
2,vote,3,15
2,vote,4,14
2,vote,5,10
2,vote,7,8
2,vote,8,7
2,vote,9,8
2,vote,10,15
2,vote,11,1
2,vote,12,15
2,vote,13,1
2,vote,14,13
2,vote,15,10
2,execute,15,VILLAGER
2,divine,7,11,WEREWOLF
2,whisper,0,0,8,ATTACK Agent[02]
2,whisper,1,0,11,ATTACK Agent[07]
2,whisper,2,1,11,Skip
2,whisper,3,1,8,Skip
2,whisper,4,2,11,ATTACK Agent[01]
2,whisper,5,2,8,Skip
2,whisper,6,3,8,Over
2,whisper,7,3,11,ATTACK Agent[02]
2,whisper,8,4,8,Over
2,whisper,9,4,11,ATTACK Agent[01]
2,whisper,10,5,11,ATTACK Agent[07]
2,whisper,11,5,8,Over
2,whisper,12,6,11,Skip
2,whisper,13,6,8,Over
2,whisper,14,7,11,ATTACK Agent[02]
2,whisper,15,7,8,Over
2,whisper,16,8,8,Over
2,whisper,17,8,11,ATTACK Agent[07]
2,whisper,18,9,11,ATTACK Agent[04]
2,whisper,19,9,8,Over
2,whisper,20,10,8,Over
2,whisper,21,10,11,ATTACK Agent[01]
2,whisper,22,11,11,Skip
2,whisper,23,11,8,Over
2,whisper,24,12,11,ATTACK Agent[07]
2,whisper,25,12,8,Over
2,whisper,26,13,8,Over
2,whisper,27,13,11,Over
2,guard,1,8,WEREWOLF
2,attackVote,8,2
2,attackVote,11,1
2,attackVote,8,2
2,attackVote,11,2
2,attack,2,true
3,status,1,BODYGUARD,ALIVE,tmcit2017
3,status,2,VILLAGER,DEAD,Army
3,status,3,VILLAGER,ALIVE,rsaito
3,status,4,MEDIUM,ALIVE,Neo_ELIZA
3,status,5,VILLAGER,ALIVE,AIWolf_NET
3,status,6,WEREWOLF,DEAD,Romanesco
3,status,7,SEER,ALIVE,wasabi
3,status,8,WEREWOLF,ALIVE,H-ReGEX
3,status,9,VILLAGER,ALIVE,yk_aiwolf
3,status,10,POSSESSED,ALIVE,Kanpyo
3,status,11,WEREWOLF,ALIVE,konno
3,status,12,VILLAGER,ALIVE,AITKN
3,status,13,VILLAGER,ALIVE,neko
3,status,14,VILLAGER,ALIVE,flex
3,status,15,VILLAGER,DEAD,Litt1eGirl
3,talk,0,0,8,DIVINED Agent[03] HUMAN
3,talk,1,0,9,Over
3,talk,2,0,11,ESTIMATE Agent[07] WEREWOLF
3,talk,3,0,7,DIVINED Agent[11] WEREWOLF
3,talk,4,0,10,DIVINED Agent[05] WEREWOLF
3,talk,5,0,14,Over
3,talk,6,0,12,VOTE Agent[07]
3,talk,7,0,1,Over
3,talk,8,0,5,VOTE Agent[09]
3,talk,9,0,3,VOTE Agent[08]
3,talk,10,0,13,VOTE Agent[01]
3,talk,11,0,4,IDENTIFIED Agent[15] HUMAN
3,talk,12,1,8,ESTIMATE Agent[07] WEREWOLF
3,talk,13,1,4,VOTE Agent[05]
3,talk,14,1,10,VOTE Agent[05]
3,talk,15,1,9,Over
3,talk,16,1,13,Skip
3,talk,17,1,11,VOTE Agent[07]
3,talk,18,1,14,Over
3,talk,19,1,7,Skip
3,talk,20,1,12,VOTE Agent[09]
3,talk,21,1,1,Over
3,talk,22,1,5,ESTIMATE Agent[10] WEREWOLF
3,talk,23,1,3,Skip
3,talk,24,2,1,Over
3,talk,25,2,10,REQUEST(VOTE Agent[05])
3,talk,26,2,3,VOTE Agent[01]
3,talk,27,2,9,Over
3,talk,28,2,8,VOTE Agent[07]
3,talk,29,2,13,Skip
3,talk,30,2,14,Over
3,talk,31,2,5,REQUEST(DIVINATION Agent[10])
3,talk,32,2,7,VOTE Agent[11]
3,talk,33,2,4,VOTE Agent[07]
3,talk,34,2,12,Skip
3,talk,35,2,11,Skip
3,talk,36,3,13,Over
3,talk,37,3,3,VOTE Agent[08]
3,talk,38,3,8,Skip
3,talk,39,3,11,Skip
3,talk,40,3,12,VOTE Agent[05]
3,talk,41,3,4,VOTE Agent[12]
3,talk,42,3,7,Skip
3,talk,43,3,5,VOTE Agent[10]
3,talk,44,3,9,Over
3,talk,45,3,10,REQUEST(Agent[08] Over)
3,talk,46,3,14,Over
3,talk,47,3,1,Over
3,talk,48,4,12,VOTE Agent[07]
3,talk,49,4,8,Skip
3,talk,50,4,5,Skip
3,talk,51,4,1,Over
3,talk,52,4,11,Over
3,talk,53,4,4,VOTE Agent[10]
3,talk,54,4,9,Over
3,talk,55,4,14,Over
3,talk,56,4,13,Over
3,talk,57,4,3,VOTE Agent[11]
3,talk,58,4,10,REQUEST(Agent[07] Over)
3,talk,59,4,7,Skip
3,talk,60,5,14,Over
3,talk,61,5,11,Over
3,talk,62,5,10,VOTE Agent[07]
3,talk,63,5,1,Over
3,talk,64,5,13,Over
3,talk,65,5,8,Over
3,talk,66,5,12,REQUEST(DIVINATION Agent[01])
3,talk,67,5,9,Over
3,talk,68,5,3,VOTE Agent[08]
3,talk,69,5,7,ESTIMATE Agent[01] VILLAGER
3,talk,70,5,4,VOTE Agent[14]
3,talk,71,5,5,Skip
3,talk,72,6,13,Over
3,talk,73,6,9,Over
3,talk,74,6,5,Over
3,talk,75,6,1,Over
3,talk,76,6,7,ESTIMATE Agent[13] VILLAGER
3,talk,77,6,14,Over
3,talk,78,6,3,Skip
3,talk,79,6,10,Skip
3,talk,80,6,4,VOTE Agent[10]
3,talk,81,6,12,Skip
3,talk,82,6,8,Over
3,talk,83,6,11,Over
3,talk,84,7,13,Over
3,talk,85,7,7,Over
3,talk,86,7,10,Skip
3,talk,87,7,8,Over
3,talk,88,7,11,Over
3,talk,89,7,14,Over
3,talk,90,7,12,Skip
3,talk,91,7,1,Over
3,talk,92,7,4,VOTE Agent[13]
3,talk,93,7,3,Skip
3,talk,94,7,5,Over
3,talk,95,7,9,Over
3,talk,96,8,3,Over
3,talk,97,8,1,Over
3,talk,98,8,8,Over
3,talk,99,8,7,Over
3,talk,100,8,4,VOTE Agent[08]
3,talk,101,8,9,Over
3,talk,102,8,12,Over
3,talk,103,8,10,Over
3,talk,104,8,5,Over
3,talk,105,8,11,Over
3,talk,106,8,14,Over
3,talk,107,8,13,Over
3,talk,108,9,11,Over
3,talk,109,9,4,VOTE Agent[10]
3,talk,110,9,3,Over
3,talk,111,9,8,Over
3,talk,112,9,9,Over
3,talk,113,9,7,Over
3,talk,114,9,10,Over
3,talk,115,9,13,Over
3,talk,116,9,14,Over
3,talk,117,9,5,Over
3,talk,118,9,1,Over
3,talk,119,9,12,Over
3,talk,120,10,11,Over
3,talk,121,10,4,Over
3,talk,122,10,9,Over
3,talk,123,10,10,Over
3,talk,124,10,5,Over
3,talk,125,10,8,Over
3,talk,126,10,1,Over
3,talk,127,10,13,Over
3,talk,128,10,3,Over
3,talk,129,10,12,Over
3,talk,130,10,14,Over
3,talk,131,10,7,ESTIMATE Agent[08] WEREWOLF
3,talk,132,11,3,Over
3,talk,133,11,7,Over
3,talk,134,11,1,Over
3,talk,135,11,14,Over
3,talk,136,11,5,Over
3,talk,137,11,8,Over
3,talk,138,11,4,Over
3,talk,139,11,11,Over
3,talk,140,11,13,Over
3,talk,141,11,9,Over
3,talk,142,11,12,Over
3,talk,143,11,10,Over
3,vote,1,11
3,vote,3,8
3,vote,4,1
3,vote,5,10
3,vote,7,11
3,vote,8,7
3,vote,9,13
3,vote,10,7
3,vote,11,7
3,vote,12,7
3,vote,13,1
3,vote,14,3
3,execute,7,SEER
3,whisper,0,0,11,ATTACK Agent[01]
3,whisper,1,0,8,ATTACK Agent[01]
3,whisper,2,1,11,Skip
3,whisper,3,1,8,Skip
3,whisper,4,2,11,ATTACK Agent[04]
3,whisper,5,2,8,Skip
3,whisper,6,3,8,Over
3,whisper,7,3,11,Skip
3,whisper,8,4,8,Over
3,whisper,9,4,11,Skip
3,whisper,10,5,8,Over
3,whisper,11,5,11,Over
3,guard,1,8,WEREWOLF
3,attackVote,8,1
3,attackVote,11,4
3,attackVote,8,1
3,attackVote,11,1
3,attack,1,true
4,status,1,BODYGUARD,DEAD,tmcit2017
4,status,2,VILLAGER,DEAD,Army
4,status,3,VILLAGER,ALIVE,rsaito
4,status,4,MEDIUM,ALIVE,Neo_ELIZA
4,status,5,VILLAGER,ALIVE,AIWolf_NET
4,status,6,WEREWOLF,DEAD,Romanesco
4,status,7,SEER,DEAD,wasabi
4,status,8,WEREWOLF,ALIVE,H-ReGEX
4,status,9,VILLAGER,ALIVE,yk_aiwolf
4,status,10,POSSESSED,ALIVE,Kanpyo
4,status,11,WEREWOLF,ALIVE,konno
4,status,12,VILLAGER,ALIVE,AITKN
4,status,13,VILLAGER,ALIVE,neko
4,status,14,VILLAGER,ALIVE,flex
4,status,15,VILLAGER,DEAD,Litt1eGirl
4,talk,0,0,5,ESTIMATE Agent[10] WEREWOLF
4,talk,1,0,11,ESTIMATE Agent[05] WEREWOLF
4,talk,2,0,14,Over
4,talk,3,0,10,DIVINED Agent[03] HUMAN
4,talk,4,0,8,DIVINED Agent[04] WEREWOLF
4,talk,5,0,12,VOTE Agent[11]
4,talk,6,0,13,VOTE Agent[03]
4,talk,7,0,4,IDENTIFIED Agent[07] HUMAN
4,talk,8,0,9,Over
4,talk,9,0,3,VOTE Agent[08]
4,talk,10,1,8,ESTIMATE Agent[04] WEREWOLF
4,talk,11,1,14,Over
4,talk,12,1,13,Skip
4,talk,13,1,10,VOTE Agent[12]
4,talk,14,1,4,VOTE Agent[08]
4,talk,15,1,9,Over
4,talk,16,1,11,VOTE Agent[05]
4,talk,17,1,5,REQUEST(DIVINATION Agent[10])
4,talk,18,1,3,Skip
4,talk,19,1,12,Skip
4,talk,20,2,3,Skip
4,talk,21,2,5,VOTE Agent[10]
4,talk,22,2,14,Over
4,talk,23,2,8,VOTE Agent[04]
4,talk,24,2,12,Skip
4,talk,25,2,13,VOTE Agent[05]
4,talk,26,2,11,Skip
4,talk,27,2,9,Over
4,talk,28,2,4,Skip
4,talk,29,2,10,REQUEST(Agent[08] Over)
4,talk,30,3,14,Over
4,talk,31,3,9,Over
4,talk,32,3,12,VOTE Agent[05]
4,talk,33,3,5,Skip
4,talk,34,3,11,Skip
4,talk,35,3,8,Skip
4,talk,36,3,10,Skip
4,talk,37,3,13,VOTE Agent[04]
4,talk,38,3,4,Skip
4,talk,39,3,3,Over
4,talk,40,4,12,REQUEST(DIVINATION Agent[14])
4,talk,41,4,11,Over
4,talk,42,4,10,Skip
4,talk,43,4,9,Over
4,talk,44,4,4,Over
4,talk,45,4,14,Over
4,talk,46,4,5,Skip
4,talk,47,4,3,Over
4,talk,48,4,8,Skip
4,talk,49,4,13,Skip
4,talk,50,5,3,Over
4,talk,51,5,14,Over
4,talk,52,5,10,VOTE Agent[04]
4,talk,53,5,4,Over
4,talk,54,5,11,Over
4,talk,55,5,8,Over
4,talk,56,5,13,Skip
4,talk,57,5,12,Skip
4,talk,58,5,5,Over
4,talk,59,5,9,Over
4,talk,60,6,9,Over
4,talk,61,6,3,VOTE Agent[05]
4,talk,62,6,10,Skip
4,talk,63,6,14,Over
4,talk,64,6,11,Over
4,talk,65,6,5,Over
4,talk,66,6,4,Over
4,talk,67,6,12,Skip
4,talk,68,6,13,Over
4,talk,69,6,8,Over
4,talk,70,7,9,Over
4,talk,71,7,13,Over
4,talk,72,7,14,Over
4,talk,73,7,8,Over
4,talk,74,7,3,Skip
4,talk,75,7,4,Over
4,talk,76,7,12,Over
4,talk,77,7,5,Over
4,talk,78,7,11,Over
4,talk,79,7,10,Skip
4,talk,80,8,14,Over
4,talk,81,8,12,Over
4,talk,82,8,5,Over
4,talk,83,8,8,Over
4,talk,84,8,3,Skip
4,talk,85,8,13,Over
4,talk,86,8,9,Over
4,talk,87,8,4,Over
4,talk,88,8,10,Over
4,talk,89,8,11,Over
4,talk,90,9,13,Over
4,talk,91,9,3,Over
4,talk,92,9,5,Over
4,talk,93,9,12,Over
4,talk,94,9,10,Over
4,talk,95,9,4,Over
4,talk,96,9,9,Over
4,talk,97,9,14,Over
4,talk,98,9,8,Over
4,talk,99,9,11,Over
4,vote,3,5
4,vote,4,8
4,vote,5,10
4,vote,8,4
4,vote,9,11
4,vote,10,4
4,vote,11,5
4,vote,12,5
4,vote,13,4
4,vote,14,13
4,vote,3,5
4,vote,4,8
4,vote,5,10
4,vote,8,4
4,vote,9,13
4,vote,10,4
4,vote,11,5
4,vote,12,5
4,vote,13,4
4,vote,14,4
4,execute,4,MEDIUM
4,whisper,0,0,8,ATTACK Agent[03]
4,whisper,1,0,11,ATTACK Agent[12]
4,whisper,2,1,8,Skip
4,whisper,3,1,11,ATTACK Agent[13]
4,whisper,4,2,11,ATTACK Agent[12]
4,whisper,5,2,8,Skip
4,whisper,6,3,11,ATTACK Agent[05]
4,whisper,7,3,8,Over
4,whisper,8,4,11,ATTACK Agent[09]
4,whisper,9,4,8,Over
4,whisper,10,5,11,Skip
4,whisper,11,5,8,Over
4,whisper,12,6,11,Skip
4,whisper,13,6,8,Over
4,whisper,14,7,11,ATTACK Agent[03]
4,whisper,15,7,8,Over
4,whisper,16,8,8,Over
4,whisper,17,8,11,ATTACK Agent[09]
4,whisper,18,9,11,ATTACK Agent[12]
4,whisper,19,9,8,Over
4,whisper,20,10,8,Over
4,whisper,21,10,11,ATTACK Agent[09]
4,whisper,22,11,11,ATTACK Agent[14]
4,whisper,23,11,8,Over
4,whisper,24,12,8,Over
4,whisper,25,12,11,Over
4,attackVote,8,3
4,attackVote,11,13
4,attackVote,8,3
4,attackVote,11,5
4,attack,3,true
5,status,1,BODYGUARD,DEAD,tmcit2017
5,status,2,VILLAGER,DEAD,Army
5,status,3,VILLAGER,DEAD,rsaito
5,status,4,MEDIUM,DEAD,Neo_ELIZA
5,status,5,VILLAGER,ALIVE,AIWolf_NET
5,status,6,WEREWOLF,DEAD,Romanesco
5,status,7,SEER,DEAD,wasabi
5,status,8,WEREWOLF,ALIVE,H-ReGEX
5,status,9,VILLAGER,ALIVE,yk_aiwolf
5,status,10,POSSESSED,ALIVE,Kanpyo
5,status,11,WEREWOLF,ALIVE,konno
5,status,12,VILLAGER,ALIVE,AITKN
5,status,13,VILLAGER,ALIVE,neko
5,status,14,VILLAGER,ALIVE,flex
5,status,15,VILLAGER,DEAD,Litt1eGirl
5,talk,0,0,10,DIVINED Agent[14] WEREWOLF
5,talk,1,0,8,DIVINED Agent[11] HUMAN
5,talk,2,0,14,Over
5,talk,3,0,11,ESTIMATE Agent[12] WEREWOLF
5,talk,4,0,12,VOTE Agent[14]
5,talk,5,0,9,Over
5,talk,6,0,13,VOTE Agent[05]
5,talk,7,0,5,ESTIMATE Agent[10] WEREWOLF
5,talk,8,1,11,VOTE Agent[12]
5,talk,9,1,14,Over
5,talk,10,1,12,ESTIMATE Agent[10] WEREWOLF
5,talk,11,1,5,REQUEST(DIVINATION Agent[10])
5,talk,12,1,13,Skip
5,talk,13,1,9,Over
5,talk,14,1,10,VOTE Agent[14]
5,talk,15,1,8,ESTIMATE Agent[14] WEREWOLF
5,talk,16,2,8,VOTE Agent[14]
5,talk,17,2,11,Skip
5,talk,18,2,10,REQUEST(VOTE Agent[14])
5,talk,19,2,5,VOTE Agent[10]
5,talk,20,2,9,Over
5,talk,21,2,13,Skip
5,talk,22,2,12,VOTE Agent[09]
5,talk,23,2,14,Over
5,talk,24,3,9,Over
5,talk,25,3,11,Skip
5,talk,26,3,8,Skip
5,talk,27,3,5,Skip
5,talk,28,3,14,Over
5,talk,29,3,12,ESTIMATE Agent[10] WEREWOLF
5,talk,30,3,10,REQUEST(Agent[08] Over)
5,talk,31,3,13,VOTE Agent[09]
5,talk,32,4,10,Skip
5,talk,33,4,9,Over
5,talk,34,4,13,Skip
5,talk,35,4,11,Over
5,talk,36,4,12,VOTE Agent[14]
5,talk,37,4,8,Skip
5,talk,38,4,5,Skip
5,talk,39,4,14,Over
5,talk,40,5,10,Skip
5,talk,41,5,8,Over
5,talk,42,5,9,Over
5,talk,43,5,5,Over
5,talk,44,5,13,VOTE Agent[05]
5,talk,45,5,12,VOTE Agent[10]
5,talk,46,5,11,Over
5,talk,47,5,14,Over
5,talk,48,6,5,Over
5,talk,49,6,10,Over
5,talk,50,6,13,Skip
5,talk,51,6,14,Over
5,talk,52,6,9,Over
5,talk,53,6,8,Over
5,talk,54,6,11,Over
5,talk,55,6,12,ESTIMATE Agent[10] WEREWOLF
5,talk,56,7,10,Over
5,talk,57,7,8,Over
5,talk,58,7,12,REQUEST(DIVINATION Agent[08])
5,talk,59,7,9,Over
5,talk,60,7,13,Skip
5,talk,61,7,11,Over
5,talk,62,7,5,Over
5,talk,63,7,14,Over
5,talk,64,8,13,Over
5,talk,65,8,12,ESTIMATE Agent[10] WEREWOLF
5,talk,66,8,9,Over
5,talk,67,8,5,Over
5,talk,68,8,8,Over
5,talk,69,8,11,Over
5,talk,70,8,10,Over
5,talk,71,8,14,Over
5,talk,72,9,11,Over
5,talk,73,9,12,ESTIMATE Agent[10] WEREWOLF
5,talk,74,9,8,Over
5,talk,75,9,9,Over
5,talk,76,9,13,Over
5,talk,77,9,5,Over
5,talk,78,9,14,Over
5,talk,79,9,10,Over
5,talk,80,10,5,Over
5,talk,81,10,12,Over
5,talk,82,10,9,Over
5,talk,83,10,10,Over
5,talk,84,10,14,Over
5,talk,85,10,13,Over
5,talk,86,10,8,Over
5,talk,87,10,11,Over
5,vote,5,10
5,vote,8,14
5,vote,9,8
5,vote,10,14
5,vote,11,12
5,vote,12,10
5,vote,13,5
5,vote,14,5
5,vote,5,10
5,vote,8,14
5,vote,9,14
5,vote,10,14
5,vote,11,12
5,vote,12,10
5,vote,13,5
5,vote,14,5
5,execute,14,VILLAGER
5,whisper,0,0,11,ATTACK Agent[12]
5,whisper,1,0,8,ATTACK Agent[05]
5,whisper,2,1,8,Skip
5,whisper,3,1,11,ATTACK Agent[05]
5,whisper,4,2,8,Skip
5,whisper,5,2,11,ATTACK Agent[12]
5,whisper,6,3,11,ATTACK Agent[13]
5,whisper,7,3,8,Over
5,whisper,8,4,11,ATTACK Agent[09]
5,whisper,9,4,8,Over
5,whisper,10,5,11,ATTACK Agent[12]
5,whisper,11,5,8,Over
5,whisper,12,6,11,ATTACK Agent[09]
5,whisper,13,6,8,Over
5,whisper,14,7,8,Over
5,whisper,15,7,11,ATTACK Agent[13]
5,whisper,16,8,11,ATTACK Agent[05]
5,whisper,17,8,8,Over
5,whisper,18,9,11,Skip
5,whisper,19,9,8,Over
5,whisper,20,10,8,Over
5,whisper,21,10,11,ATTACK Agent[09]
5,whisper,22,11,8,Over
5,whisper,23,11,11,Over
5,attackVote,8,5
5,attackVote,11,5
5,attack,5,true
6,status,1,BODYGUARD,DEAD,tmcit2017
6,status,2,VILLAGER,DEAD,Army
6,status,3,VILLAGER,DEAD,rsaito
6,status,4,MEDIUM,DEAD,Neo_ELIZA
6,status,5,VILLAGER,DEAD,AIWolf_NET
6,status,6,WEREWOLF,DEAD,Romanesco
6,status,7,SEER,DEAD,wasabi
6,status,8,WEREWOLF,ALIVE,H-ReGEX
6,status,9,VILLAGER,ALIVE,yk_aiwolf
6,status,10,POSSESSED,ALIVE,Kanpyo
6,status,11,WEREWOLF,ALIVE,konno
6,status,12,VILLAGER,ALIVE,AITKN
6,status,13,VILLAGER,ALIVE,neko
6,status,14,VILLAGER,DEAD,flex
6,status,15,VILLAGER,DEAD,Litt1eGirl
6,talk,0,0,9,Over
6,talk,1,0,11,ESTIMATE Agent[12] WEREWOLF
6,talk,2,0,12,ESTIMATE Agent[10] WEREWOLF
6,talk,3,0,10,DIVINED Agent[12] HUMAN
6,talk,4,0,13,VOTE Agent[08]
6,talk,5,0,8,DIVINED Agent[09] HUMAN
6,talk,6,1,8,ESTIMATE Agent[12] WEREWOLF
6,talk,7,1,10,VOTE Agent[11]
6,talk,8,1,9,Over
6,talk,9,1,11,VOTE Agent[12]
6,talk,10,1,13,Skip
6,talk,11,1,12,VOTE Agent[09]
6,talk,12,2,8,VOTE Agent[12]
6,talk,13,2,12,ESTIMATE Agent[10] WEREWOLF
6,talk,14,2,13,Skip
6,talk,15,2,10,REQUEST(Agent[08] Over)
6,talk,16,2,11,Skip
6,talk,17,2,9,Over
6,talk,18,3,8,Skip
6,talk,19,3,12,VOTE Agent[10]
6,talk,20,3,10,Skip
6,talk,21,3,11,Skip
6,talk,22,3,13,VOTE Agent[09]
6,talk,23,3,9,Over
6,talk,24,4,11,Over
6,talk,25,4,13,VOTE Agent[08]
6,talk,26,4,12,ESTIMATE Agent[10] WEREWOLF
6,talk,27,4,8,Skip
6,talk,28,4,9,Over
6,talk,29,4,10,Skip
6,talk,30,5,11,Over
6,talk,31,5,8,Over
6,talk,32,5,9,Over
6,talk,33,5,10,Over
6,talk,34,5,12,VOTE Agent[09]
6,talk,35,5,13,Skip
6,talk,36,6,12,ESTIMATE Agent[10] WEREWOLF
6,talk,37,6,11,Over
6,talk,38,6,10,Over
6,talk,39,6,8,Over
6,talk,40,6,13,VOTE Agent[09]
6,talk,41,6,9,Over
6,talk,42,7,11,Over
6,talk,43,7,12,VOTE Agent[10]
6,talk,44,7,9,Over
6,talk,45,7,13,Skip
6,talk,46,7,8,Over
6,talk,47,7,10,Over
6,talk,48,8,11,Over
6,talk,49,8,10,Over
6,talk,50,8,8,Over
6,talk,51,8,9,Over
6,talk,52,8,12,REQUEST(DIVINATION Agent[08])
6,talk,53,8,13,VOTE Agent[08]
6,talk,54,9,13,Skip
6,talk,55,9,11,Over
6,talk,56,9,10,Over
6,talk,57,9,9,Over
6,talk,58,9,12,ESTIMATE Agent[10] WEREWOLF
6,talk,59,9,8,Over
6,talk,60,10,8,Over
6,talk,61,10,11,Over
6,talk,62,10,9,Over
6,talk,63,10,13,Skip
6,talk,64,10,12,Over
6,talk,65,10,10,Over
6,talk,66,11,9,Over
6,talk,67,11,10,Over
6,talk,68,11,12,Over
6,talk,69,11,11,Over
6,talk,70,11,8,Over
6,talk,71,11,13,Over
6,vote,8,12
6,vote,9,8
6,vote,10,11
6,vote,11,12
6,vote,12,10
6,vote,13,8
6,vote,8,12
6,vote,9,8
6,vote,10,11
6,vote,11,12
6,vote,12,10
6,vote,13,8
6,execute,12,VILLAGER
6,whisper,0,0,11,ATTACK Agent[09]
6,whisper,1,0,8,ATTACK Agent[13]
6,whisper,2,1,11,ATTACK Agent[13]
6,whisper,3,1,8,Skip
6,whisper,4,2,11,Skip
6,whisper,5,2,8,Skip
6,whisper,6,3,11,ATTACK Agent[09]
6,whisper,7,3,8,Over
6,whisper,8,4,8,Over
6,whisper,9,4,11,ATTACK Agent[13]
6,whisper,10,5,8,Over
6,whisper,11,5,11,Skip
6,whisper,12,6,11,Skip
6,whisper,13,6,8,Over
6,whisper,14,7,11,ATTACK Agent[09]
6,whisper,15,7,8,Over
6,whisper,16,8,8,Over
6,whisper,17,8,11,Skip
6,whisper,18,9,8,Over
6,whisper,19,9,11,ATTACK Agent[13]
6,whisper,20,10,11,ATTACK Agent[09]
6,whisper,21,10,8,Over
6,whisper,22,11,11,ATTACK Agent[13]
6,whisper,23,11,8,Over
6,whisper,24,12,11,ATTACK Agent[09]
6,whisper,25,12,8,Over
6,whisper,26,13,8,Over
6,whisper,27,13,11,Skip
6,whisper,28,14,8,Over
6,whisper,29,14,11,Skip
6,whisper,30,15,11,Over
6,whisper,31,15,8,Over
6,attackVote,8,13
6,attackVote,11,9
6,attackVote,8,13
6,attackVote,11,9
6,attack,13,true
7,status,1,BODYGUARD,DEAD,tmcit2017
7,status,2,VILLAGER,DEAD,Army
7,status,3,VILLAGER,DEAD,rsaito
7,status,4,MEDIUM,DEAD,Neo_ELIZA
7,status,5,VILLAGER,DEAD,AIWolf_NET
7,status,6,WEREWOLF,DEAD,Romanesco
7,status,7,SEER,DEAD,wasabi
7,status,8,WEREWOLF,ALIVE,H-ReGEX
7,status,9,VILLAGER,ALIVE,yk_aiwolf
7,status,10,POSSESSED,ALIVE,Kanpyo
7,status,11,WEREWOLF,ALIVE,konno
7,status,12,VILLAGER,DEAD,AITKN
7,status,13,VILLAGER,DEAD,neko
7,status,14,VILLAGER,DEAD,flex
7,status,15,VILLAGER,DEAD,Litt1eGirl
7,result,2,2,WEREWOLF
