0,status,1,VILLAGER,ALIVE,tmcit2017
0,status,2,WEREWOLF,ALIVE,Army
0,status,3,WEREWOLF,ALIVE,rsaito
0,status,4,POSSESSED,ALIVE,Neo_ELIZA
0,status,5,VILLAGER,ALIVE,AIWolf_NET
0,status,6,SEER,ALIVE,Romanesco
0,status,7,VILLAGER,ALIVE,wasabi
0,status,8,VILLAGER,ALIVE,H-ReGEX
0,status,9,VILLAGER,ALIVE,yk_aiwolf
0,status,10,VILLAGER,ALIVE,Kanpyo
0,status,11,BODYGUARD,ALIVE,konno
0,status,12,VILLAGER,ALIVE,AITKN
0,status,13,VILLAGER,ALIVE,neko
0,status,14,MEDIUM,ALIVE,flex
0,status,15,WEREWOLF,ALIVE,Litt1eGirl
0,whisper,0,0,15,ATTACK Agent[07]
0,whisper,1,0,3,COMINGOUT Agent[03] VILLAGER
0,whisper,2,0,2,Over
0,whisper,3,1,2,Over
0,whisper,4,1,3,Skip
0,whisper,5,1,15,ATTACK Agent[11]
0,whisper,6,2,2,Over
0,whisper,7,2,15,ATTACK Agent[14]
0,whisper,8,2,3,Skip
0,whisper,9,3,3,Over
0,whisper,10,3,2,Over
0,whisper,11,3,15,ATTACK Agent[06]
0,whisper,12,4,15,ATTACK Agent[01]
0,whisper,13,4,3,Over
0,whisper,14,4,2,Over
0,whisper,15,5,2,Over
0,whisper,16,5,3,Over
0,whisper,17,5,15,ATTACK Agent[04]
0,whisper,18,6,2,Over
0,whisper,19,6,3,Over
0,whisper,20,6,15,ATTACK Agent[05]
0,whisper,21,7,2,Over
0,whisper,22,7,15,Over
0,whisper,23,7,3,Over
0,divine,6,15,WEREWOLF
1,status,1,VILLAGER,ALIVE,tmcit2017
1,status,2,WEREWOLF,ALIVE,Army
1,status,3,WEREWOLF,ALIVE,rsaito
1,status,4,POSSESSED,ALIVE,Neo_ELIZA
1,status,5,VILLAGER,ALIVE,AIWolf_NET
1,status,6,SEER,ALIVE,Romanesco
1,status,7,VILLAGER,ALIVE,wasabi
1,status,8,VILLAGER,ALIVE,H-ReGEX
1,status,9,VILLAGER,ALIVE,yk_aiwolf
1,status,10,VILLAGER,ALIVE,Kanpyo
1,status,11,BODYGUARD,ALIVE,konno
1,status,12,VILLAGER,ALIVE,AITKN
1,status,13,VILLAGER,ALIVE,neko
1,status,14,MEDIUM,ALIVE,flex
1,status,15,WEREWOLF,ALIVE,Litt1eGirl
1,talk,0,0,7,VOTE Agent[10]
1,talk,1,0,12,VOTE Agent[01]
1,talk,2,0,13,VOTE Agent[06]
1,talk,3,0,2,Skip
1,talk,4,0,14,Over
1,talk,5,0,6,COMINGOUT Agent[06] SEER
1,talk,6,0,9,Over
1,talk,7,0,8,VOTE Agent[11]
1,talk,8,0,5,VOTE Agent[04]
1,talk,9,0,10,VOTE Agent[14]
1,talk,10,0,4,COMINGOUT Agent[04] SEER
1,talk,11,0,3,VOTE Agent[06]
1,talk,12,0,11,VOTE Agent[08]
1,talk,13,0,15,VOTE Agent[13]
1,talk,14,0,1,COMINGOUT Agent[01] VILLAGER
1,talk,15,1,1,Over
1,talk,16,1,8,Skip
1,talk,17,1,11,Skip
1,talk,18,1,14,Over
1,talk,19,1,12,VOTE Agent[06]
1,talk,20,1,5,Skip
1,talk,21,1,4,DIVINED Agent[03] HUMAN
1,talk,22,1,6,DIVINED Agent[15] WEREWOLF
1,talk,23,1,7,VOTE Agent[14]
1,talk,24,1,2,Skip
1,talk,25,1,10,ESTIMATE Agent[06] SEER
1,talk,26,1,9,Over
1,talk,27,1,13,VOTE Agent[12]
1,talk,28,1,15,VOTE Agent[06]
1,talk,29,1,3,VOTE Agent[08]
1,talk,30,2,3,Skip
1,talk,31,2,11,Skip
1,talk,32,2,15,ESTIMATE Agent[13] VILLAGER
1,talk,33,2,14,Over
1,talk,34,2,10,ESTIMATE Agent[04] SEER
1,talk,35,2,7,VOTE Agent[15]
1,talk,36,2,6,DIVINED Agent[15] WEREWOLF
1,talk,37,2,5,Skip
1,talk,38,2,4,ESTIMATE Agent[06] WEREWOLF
1,talk,39,2,1,Over
1,talk,40,2,2,VOTE Agent[01]
1,talk,41,2,13,VOTE Agent[14]
1,talk,42,2,9,Over
1,talk,43,2,12,Skip
1,talk,44,2,8,ESTIMATE Agent[13] WEREWOLF
1,talk,45,3,4,REQUEST(DIVINATION Agent[06])
1,talk,46,3,1,Over
1,talk,47,3,11,Over
1,talk,48,3,2,ESTIMATE Agent[15] WEREWOLF
1,talk,49,3,8,VOTE Agent[13]
1,talk,50,3,6,VOTE Agent[15]
1,talk,51,3,3,Skip
1,talk,52,3,15,COMINGOUT Agent[15] BODYGUARD
1,talk,53,3,5,Over
1,talk,54,3,7,ESTIMATE Agent[15] WEREWOLF
1,talk,55,3,14,Over
1,talk,56,3,12,Skip
1,talk,57,3,10,AGREE TALK day1 ID:22
1,talk,58,3,9,Over
1,talk,59,3,13,VOTE Agent[15]
1,talk,60,4,13,Skip
1,talk,61,4,12,REQUEST(DIVINATION Agent[13])
1,talk,62,4,7,ESTIMATE Agent[15] WEREWOLF
1,talk,63,4,2,ESTIMATE Agent[15] WEREWOLF
1,talk,64,4,11,Over
1,talk,65,4,14,Over
1,talk,66,4,1,Over
1,talk,67,4,15,ESTIMATE Agent[06] WEREWOLF
1,talk,68,4,9,Over
1,talk,69,4,10,ESTIMATE Agent[15] WEREWOLF
1,talk,70,4,6,Skip
1,talk,71,4,8,Skip
1,talk,72,4,4,VOTE Agent[06]
1,talk,73,4,5,Over
1,talk,74,4,3,Over
1,talk,75,5,7,ESTIMATE Agent[06] WEREWOLF
1,talk,76,5,11,Over
1,talk,77,5,10,VOTE Agent[15]
1,talk,78,5,14,Over
1,talk,79,5,12,Skip
1,talk,80,5,6,Skip
1,talk,81,5,8,Skip
1,talk,82,5,13,Skip
1,talk,83,5,15,Over
1,talk,84,5,4,Skip
1,talk,85,5,2,Skip
1,talk,86,5,3,Over
1,talk,87,5,1,Over
1,talk,88,5,5,Over
1,talk,89,5,9,Over
1,talk,90,6,2,Skip
1,talk,91,6,15,Over
1,talk,92,6,11,Over
1,talk,93,6,3,Over
1,talk,94,6,4,Skip
1,talk,95,6,6,Over
1,talk,96,6,12,Skip
1,talk,97,6,9,Over
1,talk,98,6,5,Over
1,talk,99,6,13,Over
1,talk,100,6,1,Over
1,talk,101,6,10,REQUEST(VOTE Agent[15])
1,talk,102,6,14,Over
1,talk,103,6,8,Over
1,talk,104,6,7,Skip
1,talk,105,7,11,Over
1,talk,106,7,13,Over
1,talk,107,7,15,Over
1,talk,108,7,12,VOTE Agent[15]
1,talk,109,7,6,Over
1,talk,110,7,1,Over
1,talk,111,7,4,Over
1,talk,112,7,7,ESTIMATE Agent[15] WEREWOLF
1,talk,113,7,14,Over
1,talk,114,7,10,AGREE TALK day1 ID:36
1,talk,115,7,3,Over
1,talk,116,7,5,Over
1,talk,117,7,2,Over
1,talk,118,7,9,Over
1,talk,119,7,8,Over
1,talk,120,8,12,VOTE Agent[15]
1,talk,121,8,8,Over
1,talk,122,8,4,Over
1,talk,123,8,9,Over
1,talk,124,8,5,Over
1,talk,125,8,2,Over
1,talk,126,8,14,Over
1,talk,127,8,1,Over
1,talk,128,8,3,Over
1,talk,129,8,11,Over
1,talk,130,8,6,Over
1,talk,131,8,7,ESTIMATE Agent[14] VILLAGER
1,talk,132,8,13,Over
1,talk,133,8,15,Over
1,talk,134,8,10,ESTIMATE Agent[15] WEREWOLF
1,talk,135,9,9,Over
1,talk,136,9,8,Over
1,talk,137,9,15,ESTIMATE Agent[06] WEREWOLF
1,talk,138,9,12,Skip
1,talk,139,9,2,Over
1,talk,140,9,3,Over
1,talk,141,9,14,Over
1,talk,142,9,10,VOTE Agent[15]
1,talk,143,9,6,Over
1,talk,144,9,1,Over
1,talk,145,9,11,Over
1,talk,146,9,4,Over
1,talk,147,9,5,Over
1,talk,148,9,7,ESTIMATE Agent[15] WEREWOLF
1,talk,149,9,13,Over
1,talk,150,10,10,Over
1,talk,151,10,3,Over
1,talk,152,10,2,Over
1,talk,153,10,5,Over
1,talk,154,10,8,Over
1,talk,155,10,1,Over
1,talk,156,10,11,Over
1,talk,157,10,6,Over
1,talk,158,10,15,Over
1,talk,159,10,9,Over
1,talk,160,10,4,Over
1,talk,161,10,12,Skip
1,talk,162,10,7,ESTIMATE Agent[15] WEREWOLF
1,talk,163,10,14,Over
1,talk,164,10,13,Over
1,talk,165,11,15,Over
1,talk,166,11,2,Over
1,talk,167,11,12,Over
1,talk,168,11,11,Over
1,talk,169,11,9,Over
1,talk,170,11,8,Over
1,talk,171,11,7,Over
1,talk,172,11,4,Over
1,talk,173,11,1,Over
1,talk,174,11,13,Over
1,talk,175,11,6,Over
1,talk,176,11,5,Over
1,talk,177,11,3,Over
1,talk,178,11,10,Over
1,talk,179,11,14,Over
1,vote,1,15
1,vote,2,1
1,vote,3,8
1,vote,4,6
1,vote,5,4
1,vote,6,15
1,vote,7,15
1,vote,8,13
1,vote,9,10
1,vote,10,5
1,vote,11,8
1,vote,12,15
1,vote,13,15
1,vote,14,3
1,vote,15,6
1,execute,15,WEREWOLF
1,divine,6,14,HUMAN
1,whisper,0,0,3,ESTIMATE Agent[04] POSSESSED
1,whisper,1,0,2,Over
1,whisper,2,1,3,ATTACK Agent[13]
1,whisper,3,1,2,Over
1,whisper,4,2,2,Over
1,whisper,5,2,3,Skip
1,whisper,6,3,2,Over
1,whisper,7,3,3,Skip
1,whisper,8,4,3,Over
1,whisper,9,4,2,Over
1,guard,11,4,POSSESSED
1,attackVote,2,1
1,attackVote,3,13
1,attackVote,2,1
1,attackVote,3,13
1,attack,13,true
2,status,1,VILLAGER,ALIVE,tmcit2017
2,status,2,WEREWOLF,ALIVE,Army
2,status,3,WEREWOLF,ALIVE,rsaito
2,status,4,POSSESSED,ALIVE,Neo_ELIZA
2,status,5,VILLAGER,ALIVE,AIWolf_NET
2,status,6,SEER,ALIVE,Romanesco
2,status,7,VILLAGER,ALIVE,wasabi
2,status,8,VILLAGER,ALIVE,H-ReGEX
2,status,9,VILLAGER,ALIVE,yk_aiwolf
2,status,10,VILLAGER,ALIVE,Kanpyo
2,status,11,BODYGUARD,ALIVE,konno
2,status,12,VILLAGER,ALIVE,AITKN
2,status,13,VILLAGER,DEAD,neko
2,status,14,MEDIUM,ALIVE,flex
2,status,15,WEREWOLF,DEAD,Litt1eGirl
2,talk,0,0,1,Over
2,talk,1,0,7,VOTE Agent[08]
2,talk,2,0,10,Skip
2,talk,3,0,8,ESTIMATE Agent[15] WEREWOLF
2,talk,4,0,12,VOTE Agent[09]
2,talk,5,0,5,VOTE Agent[10]
2,talk,6,0,9,Over
2,talk,7,0,2,Skip
2,talk,8,0,6,DIVINED Agent[14] HUMAN
2,talk,9,0,14,Over
2,talk,10,0,3,VOTE Agent[08]
2,talk,11,0,4,DIVINED Agent[02] HUMAN
2,talk,12,0,11,VOTE Agent[02]
2,talk,13,1,2,Skip
2,talk,14,1,14,Over
2,talk,15,1,8,VOTE Agent[15]
2,talk,16,1,6,Skip
2,talk,17,1,12,VOTE Agent[08]
2,talk,18,1,11,Skip
2,talk,19,1,7,ESTIMATE Agent[01] VILLAGER
2,talk,20,1,10,Skip
2,talk,21,1,9,Over
2,talk,22,1,3,Skip
2,talk,23,1,4,ESTIMATE Agent[06] WEREWOLF
2,talk,24,1,1,Over
2,talk,25,1,5,Skip
2,talk,26,2,7,Skip
2,talk,27,2,9,Over
2,talk,28,2,12,Skip
2,talk,29,2,2,Over
2,talk,30,2,8,Skip
2,talk,31,2,3,Skip
2,talk,32,2,5,Skip
2,talk,33,2,10,Over
2,talk,34,2,6,Skip
2,talk,35,2,4,REQUEST(DIVINATION Agent[06])
2,talk,36,2,14,Over
2,talk,37,2,1,Over
2,talk,38,2,11,Skip
2,talk,39,3,4,VOTE Agent[06]
2,talk,40,3,11,Over
2,talk,41,3,6,Over
2,talk,42,3,2,Over
2,talk,43,3,7,Skip
2,talk,44,3,9,Over
2,talk,45,3,3,Over
2,talk,46,3,8,Skip
2,talk,47,3,14,Over
2,talk,48,3,5,Over
2,talk,49,3,12,Skip
2,talk,50,3,10,Over
2,talk,51,3,1,Over
2,talk,52,4,14,Over
2,talk,53,4,3,Over
2,talk,54,4,9,Over
2,talk,55,4,10,Over
2,talk,56,4,4,Skip
2,talk,57,4,8,Over
2,talk,58,4,7,ESTIMATE Agent[01] VILLAGER
2,talk,59,4,6,Over
2,talk,60,4,11,Over
2,talk,61,4,1,Over
2,talk,62,4,5,Over
2,talk,63,4,12,REQUEST(DIVINATION Agent[05])
2,talk,64,4,2,Over
2,talk,65,5,2,Over
2,talk,66,5,8,Over
2,talk,67,5,10,VOTE Agent[08]
2,talk,68,5,9,Over
2,talk,69,5,7,Skip
2,talk,70,5,3,Over
2,talk,71,5,12,Skip
2,talk,72,5,6,Over
2,talk,73,5,11,Over
2,talk,74,5,1,Over
2,talk,75,5,4,Skip
2,talk,76,5,5,Over
2,talk,77,5,14,Over
2,talk,78,6,12,Skip
2,talk,79,6,5,Over
2,talk,80,6,2,Over
2,talk,81,6,11,Over
2,talk,82,6,3,Over
2,talk,83,6,1,Over
2,talk,84,6,14,Over
2,talk,85,6,4,Over
2,talk,86,6,8,Over
2,talk,87,6,9,Over
2,talk,88,6,6,Over
2,talk,89,6,10,Skip
2,talk,90,6,7,ESTIMATE Agent[05] VILLAGER
2,talk,91,7,11,Over
2,talk,92,7,2,Over
2,talk,93,7,8,Over
2,talk,94,7,12,Over
2,talk,95,7,9,Over
2,talk,96,7,14,Over
2,talk,97,7,4,Over
2,talk,98,7,3,Over
2,talk,99,7,7,VOTE Agent[01]
2,talk,100,7,1,Over
2,talk,101,7,6,Over
2,talk,102,7,10,Skip
2,talk,103,7,5,Over
2,talk,104,8,8,Over
2,talk,105,8,5,Over
2,talk,106,8,10,Over
2,talk,107,8,6,Over
2,talk,108,8,3,Over
2,talk,109,8,11,Over
2,talk,110,8,14,Over
2,talk,111,8,4,Over
2,talk,112,8,7,Over
2,talk,113,8,2,Over
2,talk,114,8,1,Over
2,talk,115,8,9,Over
2,talk,116,8,12,Over
2,vote,1,5
2,vote,2,1
2,vote,3,8
2,vote,4,6
2,vote,5,10
2,vote,6,14
2,vote,7,1
2,vote,8,11
2,vote,9,4
2,vote,10,8
2,vote,11,2
2,vote,12,8
2,vote,14,6
2,execute,8,VILLAGER
2,divine,6,12,HUMAN
2,whisper,0,0,2,Over
2,whisper,1,0,3,ATTACK Agent[07]
2,whisper,2,1,2,Over
2,whisper,3,1,3,Skip
2,whisper,4,2,3,Skip
2,whisper,5,2,2,Over
2,whisper,6,3,3,Over
2,whisper,7,3,2,Over
2,guard,11,6,SEER
2,attackVote,3,7
2,attack,7,true
3,status,1,VILLAGER,ALIVE,tmcit2017
3,status,2,WEREWOLF,ALIVE,Army
3,status,3,WEREWOLF,ALIVE,rsaito
3,status,4,POSSESSED,ALIVE,Neo_ELIZA
3,status,5,VILLAGER,ALIVE,AIWolf_NET
3,status,6,SEER,ALIVE,Romanesco
3,status,7,VILLAGER,DEAD,wasabi
3,status,8,VILLAGER,DEAD,H-ReGEX
3,status,9,VILLAGER,ALIVE,yk_aiwolf
3,status,10,VILLAGER,ALIVE,Kanpyo
3,status,11,BODYGUARD,ALIVE,konno
3,status,12,VILLAGER,ALIVE,AITKN
3,status,13,VILLAGER,DEAD,neko
3,status,14,MEDIUM,ALIVE,flex
3,status,15,WEREWOLF,DEAD,Litt1eGirl
3,talk,0,0,11,VOTE Agent[04]
3,talk,1,0,10,Skip
3,talk,2,0,14,Over
3,talk,3,0,5,VOTE Agent[04]
3,talk,4,0,3,VOTE Agent[14]
3,talk,5,0,4,DIVINED Agent[11] HUMAN
3,talk,6,0,6,DIVINED Agent[12] HUMAN
3,talk,7,0,1,Over
3,talk,8,0,12,VOTE Agent[03]
3,talk,9,0,9,Over
3,talk,10,0,2,Skip
3,talk,11,1,1,Over
3,talk,12,1,12,VOTE Agent[04]
3,talk,13,1,14,Over
3,talk,14,1,11,Skip
3,talk,15,1,4,ESTIMATE Agent[06] WEREWOLF
3,talk,16,1,9,Over
3,talk,17,1,5,Skip
3,talk,18,1,2,Skip
3,talk,19,1,6,Skip
3,talk,20,1,10,Skip
3,talk,21,1,3,Skip
3,talk,22,2,9,Over
3,talk,23,2,11,Skip
3,talk,24,2,6,Skip
3,talk,25,2,3,Skip
3,talk,26,2,2,Over
3,talk,27,2,10,Over
3,talk,28,2,5,Skip
3,talk,29,2,14,Over
3,talk,30,2,12,Skip
3,talk,31,2,1,Over
3,talk,32,2,4,REQUEST(DIVINATION Agent[06])
3,talk,33,3,4,VOTE Agent[06]
3,talk,34,3,10,Over
3,talk,35,3,3,Over
3,talk,36,3,2,Over
3,talk,37,3,14,Over
3,talk,38,3,12,Skip
3,talk,39,3,5,Over
3,talk,40,3,9,Over
3,talk,41,3,6,Over
3,talk,42,3,11,Over
3,talk,43,3,1,Over
3,talk,44,4,4,Skip
3,talk,45,4,1,Over
3,talk,46,4,3,Over
3,talk,47,4,10,Over
3,talk,48,4,9,Over
3,talk,49,4,11,Over
3,talk,50,4,2,Over
3,talk,51,4,14,Over
3,talk,52,4,6,Over
3,talk,53,4,12,REQUEST(DIVINATION Agent[01])
3,talk,54,4,5,Over
3,talk,55,5,10,VOTE Agent[04]
3,talk,56,5,5,Over
3,talk,57,5,1,Over
3,talk,58,5,2,Over
3,talk,59,5,9,Over
3,talk,60,5,12,Skip
3,talk,61,5,3,Over
3,talk,62,5,6,Over
3,talk,63,5,11,Over
3,talk,64,5,14,Over
3,talk,65,5,4,Skip
3,talk,66,6,3,Over
3,talk,67,6,12,Skip
3,talk,68,6,11,Over
3,talk,69,6,9,Over
3,talk,70,6,6,Over
3,talk,71,6,2,Over
3,talk,72,6,14,Over
3,talk,73,6,5,Over
3,talk,74,6,1,Over
3,talk,75,6,4,Over
3,talk,76,6,10,Skip
3,talk,77,7,5,Over
3,talk,78,7,12,Over
3,talk,79,7,11,Over
3,talk,80,7,1,Over
3,talk,81,7,4,Over
3,talk,82,7,2,Over
3,talk,83,7,6,Over
3,talk,84,7,3,Over
3,talk,85,7,14,Over
3,talk,86,7,9,Over
3,talk,87,7,10,Skip
3,talk,88,8,10,Over
3,talk,89,8,12,Over
3,talk,90,8,9,Over
3,talk,91,8,5,Over
3,talk,92,8,14,Over
3,talk,93,8,4,Over
3,talk,94,8,3,Over
3,talk,95,8,2,Over
3,talk,96,8,1,Over
3,talk,97,8,11,Over
3,talk,98,8,6,Over
3,vote,1,11
3,vote,2,1
3,vote,3,14
3,vote,4,6
3,vote,5,4
3,vote,6,14
3,vote,9,6
3,vote,10,4
3,vote,11,4
3,vote,12,4
3,vote,14,12
3,execute,4,POSSESSED
3,divine,6,11,HUMAN
3,whisper,0,0,3,ATTACK Agent[14]
3,whisper,1,0,2,Over
3,whisper,2,1,2,Over
3,whisper,3,1,3,Skip
3,whisper,4,2,3,Skip
3,whisper,5,2,2,Over
3,whisper,6,3,3,Over
3,whisper,7,3,2,Over
3,guard,11,6,SEER
3,attackVote,2,6
3,attackVote,3,14
3,attackVote,2,6
3,attackVote,3,14
3,attack,14,true
4,status,1,VILLAGER,ALIVE,tmcit2017
4,status,2,WEREWOLF,ALIVE,Army
4,status,3,WEREWOLF,ALIVE,rsaito
4,status,4,POSSESSED,DEAD,Neo_ELIZA
4,status,5,VILLAGER,ALIVE,AIWolf_NET
4,status,6,SEER,ALIVE,Romanesco
4,status,7,VILLAGER,DEAD,wasabi
4,status,8,VILLAGER,DEAD,H-ReGEX
4,status,9,VILLAGER,ALIVE,yk_aiwolf
4,status,10,VILLAGER,ALIVE,Kanpyo
4,status,11,BODYGUARD,ALIVE,konno
4,status,12,VILLAGER,ALIVE,AITKN
4,status,13,VILLAGER,DEAD,neko
4,status,14,MEDIUM,DEAD,flex
4,status,15,WEREWOLF,DEAD,Litt1eGirl
4,talk,0,0,11,VOTE Agent[03]
4,talk,1,0,12,VOTE Agent[09]
4,talk,2,0,6,DIVINED Agent[11] HUMAN
4,talk,3,0,5,VOTE Agent[10]
4,talk,4,0,10,Skip
4,talk,5,0,3,VOTE Agent[10]
4,talk,6,0,9,Over
4,talk,7,0,1,Over
4,talk,8,0,2,Skip
4,talk,9,1,10,Skip
4,talk,10,1,6,Skip
4,talk,11,1,3,Skip
4,talk,12,1,1,Over
4,talk,13,1,12,VOTE Agent[10]
4,talk,14,1,11,Skip
4,talk,15,1,5,Skip
4,talk,16,1,9,Over
4,talk,17,1,2,Skip
4,talk,18,2,3,Skip
4,talk,19,2,11,Skip
4,talk,20,2,5,Skip
4,talk,21,2,6,Skip
4,talk,22,2,2,Over
4,talk,23,2,9,Over
4,talk,24,2,1,Over
4,talk,25,2,12,Skip
4,talk,26,2,10,Over
4,talk,27,3,11,Over
4,talk,28,3,6,Over
4,talk,29,3,12,Skip
4,talk,30,3,2,Over
4,talk,31,3,3,Over
4,talk,32,3,5,Over
4,talk,33,3,10,Over
4,talk,34,3,1,Over
4,talk,35,3,9,Over
4,talk,36,4,11,Over
4,talk,37,4,1,Over
4,talk,38,4,2,Over
4,talk,39,4,5,Over
4,talk,40,4,10,Over
4,talk,41,4,6,Over
4,talk,42,4,3,Over
4,talk,43,4,9,Over
4,talk,44,4,12,REQUEST(DIVINATION Agent[09])
4,talk,45,5,3,Over
4,talk,46,5,12,Skip
4,talk,47,5,9,Over
4,talk,48,5,5,Over
4,talk,49,5,2,Over
4,talk,50,5,1,Over
4,talk,51,5,10,Over
4,talk,52,5,6,Over
4,talk,53,5,11,Over
4,talk,54,6,9,Over
4,talk,55,6,5,Over
4,talk,56,6,3,Over
4,talk,57,6,11,Over
4,talk,58,6,2,Over
4,talk,59,6,1,Over
4,talk,60,6,12,Skip
4,talk,61,6,6,Over
4,talk,62,6,10,Over
4,talk,63,7,6,Over
4,talk,64,7,10,Over
4,talk,65,7,5,Over
4,talk,66,7,3,Over
4,talk,67,7,2,Over
4,talk,68,7,9,Over
4,talk,69,7,12,Over
4,talk,70,7,1,Over
4,talk,71,7,11,Over
4,vote,1,12
4,vote,2,1
4,vote,3,10
4,vote,5,10
4,vote,6,12
4,vote,9,12
4,vote,10,5
4,vote,11,3
4,vote,12,10
4,vote,1,3
4,vote,2,1
4,vote,3,10
4,vote,5,10
4,vote,6,12
4,vote,9,5
4,vote,10,3
4,vote,11,3
4,vote,12,10
4,execute,3,WEREWOLF
4,divine,6,10,HUMAN
4,guard,11,6,SEER
4,attackVote,2,6
4,attack,6,false
5,status,1,VILLAGER,ALIVE,tmcit2017
5,status,2,WEREWOLF,ALIVE,Army
5,status,3,WEREWOLF,DEAD,rsaito
5,status,4,POSSESSED,DEAD,Neo_ELIZA
5,status,5,VILLAGER,ALIVE,AIWolf_NET
5,status,6,SEER,ALIVE,Romanesco
5,status,7,VILLAGER,DEAD,wasabi
5,status,8,VILLAGER,DEAD,H-ReGEX
5,status,9,VILLAGER,ALIVE,yk_aiwolf
5,status,10,VILLAGER,ALIVE,Kanpyo
5,status,11,BODYGUARD,ALIVE,konno
5,status,12,VILLAGER,ALIVE,AITKN
5,status,13,VILLAGER,DEAD,neko
5,status,14,MEDIUM,DEAD,flex
5,status,15,WEREWOLF,DEAD,Litt1eGirl
5,talk,0,0,2,Skip
5,talk,1,0,5,VOTE Agent[10]
5,talk,2,0,9,Over
5,talk,3,0,6,DIVINED Agent[10] HUMAN
5,talk,4,0,10,Skip
5,talk,5,0,11,VOTE Agent[05]
5,talk,6,0,1,Over
5,talk,7,0,12,VOTE Agent[05]
5,talk,8,1,5,Skip
5,talk,9,1,9,Over
5,talk,10,1,1,Over
5,talk,11,1,6,Skip
5,talk,12,1,11,Skip
5,talk,13,1,12,VOTE Agent[10]
5,talk,14,1,10,AGREE TALK day5 ID:3
5,talk,15,1,2,Skip
5,talk,16,2,2,Over
5,talk,17,2,1,Over
5,talk,18,2,9,Over
5,talk,19,2,10,Skip
5,talk,20,2,11,Skip
5,talk,21,2,12,Skip
5,talk,22,2,5,Skip
5,talk,23,2,6,Skip
5,talk,24,3,5,Over
5,talk,25,3,6,Over
5,talk,26,3,11,Over
5,talk,27,3,9,Over
5,talk,28,3,12,Skip
5,talk,29,3,10,Skip
5,talk,30,3,2,Over
5,talk,31,3,1,Over
5,talk,32,4,12,REQUEST(DIVINATION Agent[01])
5,talk,33,4,10,Over
5,talk,34,4,2,Over
5,talk,35,4,11,Over
5,talk,36,4,1,Over
5,talk,37,4,5,Over
5,talk,38,4,6,Over
5,talk,39,4,9,Over
5,talk,40,5,2,Over
5,talk,41,5,10,Over
5,talk,42,5,9,Over
5,talk,43,5,1,Over
5,talk,44,5,11,Over
5,talk,45,5,12,Skip
5,talk,46,5,6,Over
5,talk,47,5,5,Over
5,talk,48,6,9,Over
5,talk,49,6,12,Skip
5,talk,50,6,5,Over
5,talk,51,6,1,Over
5,talk,52,6,11,Over
5,talk,53,6,10,Over
5,talk,54,6,2,Over
5,talk,55,6,6,Over
5,talk,56,7,9,Over
5,talk,57,7,12,Over
5,talk,58,7,10,Over
5,talk,59,7,6,Over
5,talk,60,7,1,Over
5,talk,61,7,2,Over
5,talk,62,7,5,Over
5,talk,63,7,11,Over
5,vote,1,10
5,vote,2,1
5,vote,5,10
5,vote,6,12
5,vote,9,6
5,vote,10,11
5,vote,11,5
5,vote,12,10
5,execute,10,VILLAGER
5,divine,6,9,HUMAN
5,guard,11,6,SEER
5,attackVote,2,6
5,attack,6,false
6,status,1,VILLAGER,ALIVE,tmcit2017
6,status,2,WEREWOLF,ALIVE,Army
6,status,3,WEREWOLF,DEAD,rsaito
6,status,4,POSSESSED,DEAD,Neo_ELIZA
6,status,5,VILLAGER,ALIVE,AIWolf_NET
6,status,6,SEER,ALIVE,Romanesco
6,status,7,VILLAGER,DEAD,wasabi
6,status,8,VILLAGER,DEAD,H-ReGEX
6,status,9,VILLAGER,ALIVE,yk_aiwolf
6,status,10,VILLAGER,DEAD,Kanpyo
6,status,11,BODYGUARD,ALIVE,konno
6,status,12,VILLAGER,ALIVE,AITKN
6,status,13,VILLAGER,DEAD,neko
6,status,14,MEDIUM,DEAD,flex
6,status,15,WEREWOLF,DEAD,Litt1eGirl
6,talk,0,0,9,Over
6,talk,1,0,11,VOTE Agent[02]
6,talk,2,0,12,VOTE Agent[05]
6,talk,3,0,2,Skip
6,talk,4,0,5,VOTE Agent[11]
6,talk,5,0,1,Over
6,talk,6,0,6,DIVINED Agent[09] HUMAN
6,talk,7,1,6,Skip
6,talk,8,1,5,Skip
6,talk,9,1,9,Over
6,talk,10,1,2,Skip
6,talk,11,1,12,VOTE Agent[11]
6,talk,12,1,1,Over
6,talk,13,1,11,Skip
6,talk,14,2,1,Over
6,talk,15,2,12,Skip
6,talk,16,2,6,Skip
6,talk,17,2,5,Skip
6,talk,18,2,2,Over
6,talk,19,2,11,Skip
6,talk,20,2,9,Over
6,talk,21,3,9,Over
6,talk,22,3,1,Over
6,talk,23,3,11,Over
6,talk,24,3,6,Over
6,talk,25,3,12,Skip
6,talk,26,3,5,Over
6,talk,27,3,2,Over
6,talk,28,4,2,Over
6,talk,29,4,12,REQUEST(DIVINATION Agent[01])
6,talk,30,4,6,Over
6,talk,31,4,5,Over
6,talk,32,4,9,Over
6,talk,33,4,1,Over
6,talk,34,4,11,Over
6,talk,35,5,9,Over
6,talk,36,5,12,Skip
6,talk,37,5,2,Over
6,talk,38,5,1,Over
6,talk,39,5,5,Over
6,talk,40,5,11,Over
6,talk,41,5,6,Over
6,talk,42,6,6,Over
6,talk,43,6,11,Over
6,talk,44,6,2,Over
6,talk,45,6,12,Skip
6,talk,46,6,5,Over
6,talk,47,6,1,Over
6,talk,48,6,9,Over
6,talk,49,7,12,Over
6,talk,50,7,6,Over
6,talk,51,7,2,Over
6,talk,52,7,1,Over
6,talk,53,7,11,Over
6,talk,54,7,5,Over
6,talk,55,7,9,Over
6,vote,1,9
6,vote,2,1
6,vote,5,11
6,vote,6,12
6,vote,9,5
6,vote,11,2
6,vote,12,11
6,execute,11,BODYGUARD
6,divine,6,5,HUMAN
6,attackVote,2,6
6,attack,6,true
7,status,1,VILLAGER,ALIVE,tmcit2017
7,status,2,WEREWOLF,ALIVE,Army
7,status,3,WEREWOLF,DEAD,rsaito
7,status,4,POSSESSED,DEAD,Neo_ELIZA
7,status,5,VILLAGER,ALIVE,AIWolf_NET
7,status,6,SEER,DEAD,Romanesco
7,status,7,VILLAGER,DEAD,wasabi
7,status,8,VILLAGER,DEAD,H-ReGEX
7,status,9,VILLAGER,ALIVE,yk_aiwolf
7,status,10,VILLAGER,DEAD,Kanpyo
7,status,11,BODYGUARD,DEAD,konno
7,status,12,VILLAGER,ALIVE,AITKN
7,status,13,VILLAGER,DEAD,neko
7,status,14,MEDIUM,DEAD,flex
7,status,15,WEREWOLF,DEAD,Litt1eGirl
7,talk,0,0,1,Over
7,talk,1,0,9,Over
7,talk,2,0,5,VOTE Agent[09]
7,talk,3,0,2,Skip
7,talk,4,0,12,VOTE Agent[05]
7,talk,5,1,12,VOTE Agent[09]
7,talk,6,1,2,Skip
7,talk,7,1,5,Skip
7,talk,8,1,1,Over
7,talk,9,1,9,Over
7,talk,10,2,1,Over
7,talk,11,2,12,Skip
7,talk,12,2,9,Over
7,talk,13,2,5,Skip
7,talk,14,2,2,Over
7,talk,15,3,2,Over
7,talk,16,3,12,Skip
7,talk,17,3,5,Over
7,talk,18,3,1,Over
7,talk,19,3,9,Over
7,talk,20,4,9,Over
7,talk,21,4,5,Over
7,talk,22,4,2,Over
7,talk,23,4,12,Over
7,talk,24,4,1,Over
7,vote,1,2
7,vote,2,1
7,vote,5,9
7,vote,9,12
7,vote,12,9
7,execute,9,VILLAGER
7,attack,5,true
8,status,1,VILLAGER,ALIVE,tmcit2017
8,status,2,WEREWOLF,ALIVE,Army
8,status,3,WEREWOLF,DEAD,rsaito
8,status,4,POSSESSED,DEAD,Neo_ELIZA
8,status,5,VILLAGER,DEAD,AIWolf_NET
8,status,6,SEER,DEAD,Romanesco
8,status,7,VILLAGER,DEAD,wasabi
8,status,8,VILLAGER,DEAD,H-ReGEX
8,status,9,VILLAGER,DEAD,yk_aiwolf
8,status,10,VILLAGER,DEAD,Kanpyo
8,status,11,BODYGUARD,DEAD,konno
8,status,12,VILLAGER,ALIVE,AITKN
8,status,13,VILLAGER,DEAD,neko
8,status,14,MEDIUM,DEAD,flex
8,status,15,WEREWOLF,DEAD,Litt1eGirl
8,talk,0,0,2,Skip
8,talk,1,0,1,Over
8,talk,2,0,12,VOTE Agent[02]
8,talk,3,1,12,Skip
8,talk,4,1,1,Over
8,talk,5,1,2,Skip
8,talk,6,2,2,Over
8,talk,7,2,12,Skip
8,talk,8,2,1,Over
8,talk,9,3,12,Over
8,talk,10,3,2,Over
8,talk,11,3,1,Over
8,vote,1,2
8,vote,2,1
8,vote,12,2
8,execute,2,WEREWOLF
9,status,1,VILLAGER,ALIVE,tmcit2017
9,status,2,WEREWOLF,DEAD,Army
9,status,3,WEREWOLF,DEAD,rsaito
9,status,4,POSSESSED,DEAD,Neo_ELIZA
9,status,5,VILLAGER,DEAD,AIWolf_NET
9,status,6,SEER,DEAD,Romanesco
9,status,7,VILLAGER,DEAD,wasabi
9,status,8,VILLAGER,DEAD,H-ReGEX
9,status,9,VILLAGER,DEAD,yk_aiwolf
9,status,10,VILLAGER,DEAD,Kanpyo
9,status,11,BODYGUARD,DEAD,konno
9,status,12,VILLAGER,ALIVE,AITKN
9,status,13,VILLAGER,DEAD,neko
9,status,14,MEDIUM,DEAD,flex
9,status,15,WEREWOLF,DEAD,Litt1eGirl
9,result,2,0,VILLAGER
