0,status,1,VILLAGER,ALIVE,tmcit2017
0,status,2,VILLAGER,ALIVE,Army
0,status,3,VILLAGER,ALIVE,rsaito
0,status,4,VILLAGER,ALIVE,Neo_ELIZA
0,status,5,WEREWOLF,ALIVE,AIWolf_NET
0,status,6,VILLAGER,ALIVE,Romanesco
0,status,7,WEREWOLF,ALIVE,wasabi
0,status,8,MEDIUM,ALIVE,H-ReGEX
0,status,9,VILLAGER,ALIVE,yk_aiwolf
0,status,10,BODYGUARD,ALIVE,Kanpyo
0,status,11,WEREWOLF,ALIVE,konno
0,status,12,VILLAGER,ALIVE,AITKN
0,status,13,POSSESSED,ALIVE,neko
0,status,14,VILLAGER,ALIVE,flex
0,status,15,SEER,ALIVE,Litt1eGirl
0,whisper,0,0,5,COMINGOUT Agent[05] SEER
0,whisper,1,0,7,ATTACK Agent[12]
0,whisper,2,0,11,COMINGOUT Agent[11] VILLAGER
0,whisper,3,1,11,ATTACK Agent[13]
0,whisper,4,1,7,Over
0,whisper,5,1,5,ATTACK Agent[13]
0,whisper,6,2,5,Skip
0,whisper,7,2,11,ATTACK Agent[02]
0,whisper,8,2,7,ATTACK Agent[13]
0,whisper,9,3,11,ATTACK Agent[09]
0,whisper,10,3,7,Over
0,whisper,11,3,5,Skip
0,whisper,12,4,5,Over
0,whisper,13,4,11,ATTACK Agent[03]
0,whisper,14,4,7,Over
0,whisper,15,5,5,Over
0,whisper,16,5,7,Over
0,whisper,17,5,11,ATTACK Agent[14]
0,whisper,18,6,7,Over
0,whisper,19,6,5,Over
0,whisper,20,6,11,Skip
0,whisper,21,7,11,ATTACK Agent[08]
0,whisper,22,7,5,Over
0,whisper,23,7,7,ATTACK Agent[10]
0,whisper,24,8,7,ATTACK Agent[13]
0,whisper,25,8,5,Over
0,whisper,26,8,11,Skip
0,whisper,27,9,5,Over
0,whisper,28,9,7,Over
0,whisper,29,9,11,ATTACK Agent[01]
0,whisper,30,10,5,Over
0,whisper,31,10,11,ATTACK Agent[13]
0,whisper,32,10,7,Over
0,whisper,33,11,11,ATTACK Agent[10]
0,whisper,34,11,7,Over
0,whisper,35,11,5,Over
0,whisper,36,12,7,Over
0,whisper,37,12,11,Over
0,whisper,38,12,5,Over
0,divine,15,13,HUMAN
1,status,1,VILLAGER,ALIVE,tmcit2017
1,status,2,VILLAGER,ALIVE,Army
1,status,3,VILLAGER,ALIVE,rsaito
1,status,4,VILLAGER,ALIVE,Neo_ELIZA
1,status,5,WEREWOLF,ALIVE,AIWolf_NET
1,status,6,VILLAGER,ALIVE,Romanesco
1,status,7,WEREWOLF,ALIVE,wasabi
1,status,8,MEDIUM,ALIVE,H-ReGEX
1,status,9,VILLAGER,ALIVE,yk_aiwolf
1,status,10,BODYGUARD,ALIVE,Kanpyo
1,status,11,WEREWOLF,ALIVE,konno
1,status,12,VILLAGER,ALIVE,AITKN
1,status,13,POSSESSED,ALIVE,neko
1,status,14,VILLAGER,ALIVE,flex
1,status,15,SEER,ALIVE,Litt1eGirl
1,talk,0,0,12,VOTE Agent[09]
1,talk,1,0,4,VOTE Agent[06]
1,talk,2,0,9,Over
1,talk,3,0,15,COMINGOUT Agent[15] SEER
1,talk,4,0,6,Skip
1,talk,5,0,3,VOTE Agent[06]
1,talk,6,0,10,VOTE Agent[08]
1,talk,7,0,2,COMINGOUT Agent[02] VILLAGER
1,talk,8,0,1,COMINGOUT Agent[01] VILLAGER
1,talk,9,0,7,VOTE Agent[08]
1,talk,10,0,11,ESTIMATE Agent[12] WEREWOLF
1,talk,11,0,14,Over
1,talk,12,0,8,VOTE Agent[03]
1,talk,13,0,5,ESTIMATE Agent[14] WEREWOLF
1,talk,14,0,13,COMINGOUT Agent[13] SEER
1,talk,15,1,10,ESTIMATE Agent[15] SEER
1,talk,16,1,4,Skip
1,talk,17,1,12,VOTE Agent[08]
1,talk,18,1,9,Over
1,talk,19,1,2,Skip
1,talk,20,1,8,Skip
1,talk,21,1,14,Over
1,talk,22,1,3,VOTE Agent[05]
1,talk,23,1,15,DIVINED Agent[13] HUMAN
1,talk,24,1,6,Skip
1,talk,25,1,1,Over
1,talk,26,1,11,VOTE Agent[12]
1,talk,27,1,5,VOTE Agent[14]
1,talk,28,1,7,Skip
1,talk,29,1,13,DIVINED Agent[15] WEREWOLF
1,talk,30,2,1,Over
1,talk,31,2,15,VOTE Agent[08]
1,talk,32,2,7,ESTIMATE Agent[09] VILLAGER
1,talk,33,2,3,Skip
1,talk,34,2,8,COMINGOUT Agent[08] MEDIUM
1,talk,35,2,11,Skip
1,talk,36,2,14,Over
1,talk,37,2,12,ESTIMATE Agent[13] POSSESSED
1,talk,38,2,4,Skip
1,talk,39,2,10,ESTIMATE Agent[13] SEER
1,talk,40,2,6,Over
1,talk,41,2,2,VOTE Agent[13]
1,talk,42,2,5,COMINGOUT Agent[05] SEER
1,talk,43,2,9,Over
1,talk,44,2,13,VOTE Agent[15]
1,talk,45,3,5,ESTIMATE Agent[13] WEREWOLF
1,talk,46,3,11,Skip
1,talk,47,3,13,VOTE Agent[08]
1,talk,48,3,2,ESTIMATE Agent[15] WEREWOLF
1,talk,49,3,6,VOTE Agent[08]
1,talk,50,3,1,Over
1,talk,51,3,4,Over
1,talk,52,3,9,Over
1,talk,53,3,15,VOTE Agent[05]
1,talk,54,3,7,VOTE Agent[11]
1,talk,55,3,8,ESTIMATE Agent[08] WEREWOLF
1,talk,56,3,12,Skip
1,talk,57,3,14,Over
1,talk,58,3,3,Skip
1,talk,59,3,10,AGREE TALK day1 ID:29
1,talk,60,4,13,Skip
1,talk,61,4,5,VOTE Agent[13]
1,talk,62,4,2,ESTIMATE Agent[15] WEREWOLF
1,talk,63,4,11,Over
1,talk,64,4,15,Over
1,talk,65,4,8,VOTE Agent[08]
1,talk,66,4,7,ESTIMATE Agent[14] VILLAGER
1,talk,67,4,9,Over
1,talk,68,4,10,ESTIMATE Agent[15] WEREWOLF
1,talk,69,4,14,Over
1,talk,70,4,4,Over
1,talk,71,4,3,VOTE Agent[13]
1,talk,72,4,6,Skip
1,talk,73,4,12,REQUEST(DIVINATION Agent[09])
1,talk,74,4,1,Over
1,talk,75,5,11,Over
1,talk,76,5,6,VOTE Agent[08]
1,talk,77,5,5,DIVINED Agent[09] HUMAN
1,talk,78,5,13,Skip
1,talk,79,5,7,Skip
1,talk,80,5,8,Skip
1,talk,81,5,12,Skip
1,talk,82,5,4,Over
1,talk,83,5,3,Skip
1,talk,84,5,10,VOTE Agent[15]
1,talk,85,5,1,Over
1,talk,86,5,2,Skip
1,talk,87,5,15,Over
1,talk,88,5,9,Over
1,talk,89,5,14,Over
1,talk,90,6,8,Skip
1,talk,91,6,7,Skip
1,talk,92,6,12,Skip
1,talk,93,6,1,Over
1,talk,94,6,2,Skip
1,talk,95,6,6,Skip
1,talk,96,6,5,ESTIMATE Agent[15] WEREWOLF
1,talk,97,6,10,REQUEST(VOTE Agent[15])
1,talk,98,6,3,VOTE Agent[05]
1,talk,99,6,4,Over
1,talk,100,6,9,Over
1,talk,101,6,11,Over
1,talk,102,6,13,Over
1,talk,103,6,14,Over
1,talk,104,6,15,Over
1,talk,105,7,2,Over
1,talk,106,7,5,VOTE Agent[15]
1,talk,107,7,9,Over
1,talk,108,7,15,Over
1,talk,109,7,4,Over
1,talk,110,7,13,Over
1,talk,111,7,10,ESTIMATE Agent[05] WEREWOLF
1,talk,112,7,3,Skip
1,talk,113,7,6,VOTE Agent[08]
1,talk,114,7,14,Over
1,talk,115,7,7,ESTIMATE Agent[12] VILLAGER
1,talk,116,7,12,Over
1,talk,117,7,8,Over
1,talk,118,7,1,Over
1,talk,119,7,11,Over
1,talk,120,8,10,REQUEST(Agent[05] Over)
1,talk,121,8,15,Over
1,talk,122,8,3,Skip
1,talk,123,8,8,Over
1,talk,124,8,9,Over
1,talk,125,8,6,Skip
1,talk,126,8,5,Skip
1,talk,127,8,2,Over
1,talk,128,8,7,ESTIMATE Agent[11] VILLAGER
1,talk,129,8,12,Over
1,talk,130,8,14,Over
1,talk,131,8,4,Over
1,talk,132,8,11,Over
1,talk,133,8,13,Over
1,talk,134,8,1,Over
1,talk,135,9,6,Skip
1,talk,136,9,11,Over
1,talk,137,9,7,ESTIMATE Agent[05] WEREWOLF
1,talk,138,9,2,Over
1,talk,139,9,9,Over
1,talk,140,9,15,Over
1,talk,141,9,12,Over
1,talk,142,9,13,Over
1,talk,143,9,8,Over
1,talk,144,9,1,Over
1,talk,145,9,14,Over
1,talk,146,9,10,VOTE Agent[08]
1,talk,147,9,4,Over
1,talk,148,9,5,Skip
1,talk,149,9,3,Over
1,talk,150,10,10,Over
1,talk,151,10,15,Over
1,talk,152,10,13,Over
1,talk,153,10,9,Over
1,talk,154,10,14,Over
1,talk,155,10,1,Over
1,talk,156,10,12,Over
1,talk,157,10,7,Over
1,talk,158,10,11,Over
1,talk,159,10,3,Over
1,talk,160,10,8,Over
1,talk,161,10,2,Over
1,talk,162,10,5,Over
1,talk,163,10,4,Over
1,talk,164,10,6,Over
1,vote,1,15
1,vote,2,13
1,vote,3,5
1,vote,4,6
1,vote,5,15
1,vote,6,8
1,vote,7,11
1,vote,8,4
1,vote,9,3
1,vote,10,8
1,vote,11,12
1,vote,12,8
1,vote,13,8
1,vote,14,10
1,vote,15,5
1,execute,8,MEDIUM
1,divine,15,5,WEREWOLF
1,whisper,0,0,7,ATTACK Agent[09]
1,whisper,1,0,5,ESTIMATE Agent[13] POSSESSED
1,whisper,2,0,11,ESTIMATE Agent[13] POSSESSED
1,whisper,3,1,11,ATTACK Agent[01]
1,whisper,4,1,7,Over
1,whisper,5,1,5,ATTACK Agent[01]
1,whisper,6,2,7,Over
1,whisper,7,2,5,Skip
1,whisper,8,2,11,ATTACK Agent[02]
1,whisper,9,3,7,Over
1,whisper,10,3,11,ATTACK Agent[01]
1,whisper,11,3,5,Skip
1,whisper,12,4,5,Over
1,whisper,13,4,11,ATTACK Agent[15]
1,whisper,14,4,7,Over
1,whisper,15,5,5,Over
1,whisper,16,5,11,ATTACK Agent[02]
1,whisper,17,5,7,Over
1,whisper,18,6,11,ATTACK Agent[01]
1,whisper,19,6,7,Over
1,whisper,20,6,5,Over
1,whisper,21,7,7,Over
1,whisper,22,7,11,ATTACK Agent[02]
1,whisper,23,7,5,Over
1,whisper,24,8,7,Over
1,whisper,25,8,5,Over
1,whisper,26,8,11,Skip
1,whisper,27,9,11,ATTACK Agent[01]
1,whisper,28,9,7,Over
1,whisper,29,9,5,Over
1,whisper,30,10,5,Over
1,whisper,31,10,11,Skip
1,whisper,32,10,7,Over
1,whisper,33,11,5,Over
1,whisper,34,11,11,ATTACK Agent[02]
1,whisper,35,11,7,Over
1,whisper,36,12,7,Over
1,whisper,37,12,11,Over
1,whisper,38,12,5,Over
1,guard,10,15,SEER
1,attackVote,5,1
1,attackVote,7,9
1,attackVote,11,2
1,attackVote,5,1
1,attackVote,7,9
1,attackVote,11,15
1,attack,15,false
2,status,1,VILLAGER,ALIVE,tmcit2017
2,status,2,VILLAGER,ALIVE,Army
2,status,3,VILLAGER,ALIVE,rsaito
2,status,4,VILLAGER,ALIVE,Neo_ELIZA
2,status,5,WEREWOLF,ALIVE,AIWolf_NET
2,status,6,VILLAGER,ALIVE,Romanesco
2,status,7,WEREWOLF,ALIVE,wasabi
2,status,8,MEDIUM,DEAD,H-ReGEX
2,status,9,VILLAGER,ALIVE,yk_aiwolf
2,status,10,BODYGUARD,ALIVE,Kanpyo
2,status,11,WEREWOLF,ALIVE,konno
2,status,12,VILLAGER,ALIVE,AITKN
2,status,13,POSSESSED,ALIVE,neko
2,status,14,VILLAGER,ALIVE,flex
2,status,15,SEER,ALIVE,Litt1eGirl
2,talk,0,0,2,COMINGOUT Agent[02] VILLAGER
2,talk,1,0,5,DIVINED Agent[03] HUMAN
2,talk,2,0,6,Skip
2,talk,3,0,1,Over
2,talk,4,0,4,VOTE Agent[10]
2,talk,5,0,9,Over
2,talk,6,0,7,Skip
2,talk,7,0,11,ESTIMATE Agent[04] WEREWOLF
2,talk,8,0,13,DIVINED Agent[13] WEREWOLF
2,talk,9,0,10,Skip
2,talk,10,0,15,DIVINED Agent[05] WEREWOLF
2,talk,11,0,12,VOTE Agent[02]
2,talk,12,0,3,VOTE Agent[05]
2,talk,13,0,14,Over
2,talk,14,1,6,Skip
2,talk,15,1,9,Over
2,talk,16,1,15,VOTE Agent[02]
2,talk,17,1,14,Over
2,talk,18,1,11,VOTE Agent[04]
2,talk,19,1,13,VOTE Agent[13]
2,talk,20,1,5,ESTIMATE Agent[15] WEREWOLF
2,talk,21,1,12,VOTE Agent[10]
2,talk,22,1,4,Skip
2,talk,23,1,2,VOTE Agent[03]
2,talk,24,1,10,REQUEST(Agent[05] Over)
2,talk,25,1,1,Over
2,talk,26,1,7,VOTE Agent[10]
2,talk,27,1,3,Skip
2,talk,28,2,11,Skip
2,talk,29,2,12,Skip
2,talk,30,2,13,VOTE Agent[10]
2,talk,31,2,9,Over
2,talk,32,2,1,Over
2,talk,33,2,10,AGREE TALK day2 ID:8
2,talk,34,2,5,VOTE Agent[15]
2,talk,35,2,3,Skip
2,talk,36,2,14,Over
2,talk,37,2,4,Skip
2,talk,38,2,7,Skip
2,talk,39,2,2,ESTIMATE Agent[13] WEREWOLF
2,talk,40,2,6,Over
2,talk,41,2,15,VOTE Agent[10]
2,talk,42,3,14,Over
2,talk,43,3,15,Over
2,talk,44,3,12,Skip
2,talk,45,3,9,Over
2,talk,46,3,5,Skip
2,talk,47,3,11,Skip
2,talk,48,3,4,Over
2,talk,49,3,10,ESTIMATE Agent[13] WEREWOLF
2,talk,50,3,2,ESTIMATE Agent[05] WEREWOLF
2,talk,51,3,6,VOTE Agent[15]
2,talk,52,3,7,ESTIMATE Agent[13] WEREWOLF
2,talk,53,3,13,Skip
2,talk,54,3,1,Over
2,talk,55,3,3,Over
2,talk,56,4,12,REQUEST(DIVINATION Agent[02])
2,talk,57,4,4,Over
2,talk,58,4,3,Over
2,talk,59,4,9,Over
2,talk,60,4,7,ESTIMATE Agent[02] VILLAGER
2,talk,61,4,5,Skip
2,talk,62,4,2,VOTE Agent[04]
2,talk,63,4,13,Skip
2,talk,64,4,10,VOTE Agent[13]
2,talk,65,4,1,Over
2,talk,66,4,6,Skip
2,talk,67,4,14,Over
2,talk,68,4,11,Over
2,talk,69,4,15,Over
2,talk,70,5,13,Over
2,talk,71,5,5,Over
2,talk,72,5,15,Over
2,talk,73,5,6,VOTE Agent[15]
2,talk,74,5,4,Over
2,talk,75,5,3,Over
2,talk,76,5,2,VOTE Agent[06]
2,talk,77,5,11,Over
2,talk,78,5,1,Over
2,talk,79,5,10,REQUEST(VOTE Agent[13])
2,talk,80,5,7,ESTIMATE Agent[13] WEREWOLF
2,talk,81,5,9,Over
2,talk,82,5,14,Over
2,talk,83,5,12,Skip
2,talk,84,6,2,VOTE Agent[07]
2,talk,85,6,11,Over
2,talk,86,6,7,Skip
2,talk,87,6,6,Skip
2,talk,88,6,4,Over
2,talk,89,6,10,AGREE TALK day2 ID:10
2,talk,90,6,13,Over
2,talk,91,6,5,Over
2,talk,92,6,1,Over
2,talk,93,6,9,Over
2,talk,94,6,15,Over
2,talk,95,6,14,Over
2,talk,96,6,3,Over
2,talk,97,6,12,Skip
2,talk,98,7,14,Over
2,talk,99,7,15,Over
2,talk,100,7,4,Over
2,talk,101,7,1,Over
2,talk,102,7,5,Over
2,talk,103,7,10,ESTIMATE Agent[05] WEREWOLF
2,talk,104,7,2,VOTE Agent[09]
2,talk,105,7,6,VOTE Agent[15]
2,talk,106,7,3,Over
2,talk,107,7,13,Over
2,talk,108,7,7,ESTIMATE Agent[02] VILLAGER
2,talk,109,7,11,Over
2,talk,110,7,9,Over
2,talk,111,7,12,Over
2,talk,112,8,12,Over
2,talk,113,8,2,VOTE Agent[10]
2,talk,114,8,6,Skip
2,talk,115,8,3,Over
2,talk,116,8,11,Over
2,talk,117,8,1,Over
2,talk,118,8,14,Over
2,talk,119,8,5,Over
2,talk,120,8,13,Over
2,talk,121,8,10,VOTE Agent[05]
2,talk,122,8,7,ESTIMATE Agent[05] WEREWOLF
2,talk,123,8,4,Over
2,talk,124,8,9,Over
2,talk,125,8,15,Over
2,talk,126,9,12,Over
2,talk,127,9,14,Over
2,talk,128,9,4,Over
2,talk,129,9,6,Skip
2,talk,130,9,10,REQUEST(VOTE Agent[05])
2,talk,131,9,1,Over
2,talk,132,9,11,Over
2,talk,133,9,3,Over
2,talk,134,9,5,Over
2,talk,135,9,15,Over
2,talk,136,9,13,Over
2,talk,137,9,2,VOTE Agent[11]
2,talk,138,9,9,Over
2,talk,139,9,7,Over
2,talk,140,10,6,Over
2,talk,141,10,4,Over
2,talk,142,10,2,Over
2,talk,143,10,9,Over
2,talk,144,10,14,Over
2,talk,145,10,15,Over
2,talk,146,10,1,Over
2,talk,147,10,10,Skip
2,talk,148,10,7,VOTE Agent[01]
2,talk,149,10,3,Over
2,talk,150,10,5,Over
2,talk,151,10,13,Over
2,talk,152,10,11,Over
2,talk,153,10,12,Over
2,talk,154,11,5,Over
2,talk,155,11,7,VOTE Agent[06]
2,talk,156,11,9,Over
2,talk,157,11,1,Over
2,talk,158,11,4,Over
2,talk,159,11,2,Over
2,talk,160,11,3,Over
2,talk,161,11,11,Over
2,talk,162,11,14,Over
2,talk,163,11,13,Over
2,talk,164,11,12,Over
2,talk,165,11,15,Over
2,talk,166,11,6,Over
2,talk,167,11,10,Skip
2,talk,168,12,5,Over
2,talk,169,12,3,Over
2,talk,170,12,9,Over
2,talk,171,12,2,Over
2,talk,172,12,10,Over
2,talk,173,12,14,Over
2,talk,174,12,15,Over
2,talk,175,12,1,Over
2,talk,176,12,12,Over
2,talk,177,12,13,Over
2,talk,178,12,11,Over
2,talk,179,12,6,Over
2,talk,180,12,4,Over
2,talk,181,12,7,Over
2,vote,1,5
2,vote,2,13
2,vote,3,5
2,vote,4,10
2,vote,5,15
2,vote,6,15
2,vote,7,6
2,vote,9,10
2,vote,10,5
2,vote,11,4
2,vote,12,10
2,vote,13,10
2,vote,14,11
2,vote,15,10
2,execute,10,BODYGUARD
2,divine,15,11,WEREWOLF
2,whisper,0,0,7,Over
2,whisper,1,0,11,ATTACK Agent[15]
2,whisper,2,0,5,ATTACK Agent[01]
2,whisper,3,1,7,ATTACK Agent[09]
2,whisper,4,1,11,ATTACK Agent[02]
2,whisper,5,1,5,Skip
2,whisper,6,2,11,ATTACK Agent[01]
2,whisper,7,2,7,Over
2,whisper,8,2,5,Skip
2,whisper,9,3,11,Skip
2,whisper,10,3,7,Over
2,whisper,11,3,5,Over
2,whisper,12,4,11,Skip
2,whisper,13,4,5,Over
2,whisper,14,4,7,ATTACK Agent[03]
2,whisper,15,5,7,ATTACK Agent[09]
2,whisper,16,5,5,Over
2,whisper,17,5,11,ATTACK Agent[02]
2,whisper,18,6,5,Over
2,whisper,19,6,7,ATTACK Agent[03]
2,whisper,20,6,11,ATTACK Agent[01]
2,whisper,21,7,5,Over
2,whisper,22,7,7,Over
2,whisper,23,7,11,ATTACK Agent[15]
2,whisper,24,8,5,Over
2,whisper,25,8,7,Over
2,whisper,26,8,11,ATTACK Agent[02]
2,whisper,27,9,11,ATTACK Agent[15]
2,whisper,28,9,5,Over
2,whisper,29,9,7,Over
2,whisper,30,10,11,ATTACK Agent[01]
2,whisper,31,10,5,Over
2,whisper,32,10,7,ESTIMATE Agent[13] POSSESSED
2,whisper,33,11,7,Over
2,whisper,34,11,5,Over
2,whisper,35,11,11,ATTACK Agent[02]
2,whisper,36,12,11,Over
2,whisper,37,12,7,Over
2,whisper,38,12,5,Over
2,attackVote,5,1
2,attackVote,7,3
2,attackVote,11,2
2,attackVote,5,1
2,attackVote,7,9
2,attackVote,11,2
2,attack,1,true
3,status,1,VILLAGER,DEAD,tmcit2017
3,status,2,VILLAGER,ALIVE,Army
3,status,3,VILLAGER,ALIVE,rsaito
3,status,4,VILLAGER,ALIVE,Neo_ELIZA
3,status,5,WEREWOLF,ALIVE,AIWolf_NET
3,status,6,VILLAGER,ALIVE,Romanesco
3,status,7,WEREWOLF,ALIVE,wasabi
3,status,8,MEDIUM,DEAD,H-ReGEX
3,status,9,VILLAGER,ALIVE,yk_aiwolf
3,status,10,BODYGUARD,DEAD,Kanpyo
3,status,11,WEREWOLF,ALIVE,konno
3,status,12,VILLAGER,ALIVE,AITKN
3,status,13,POSSESSED,ALIVE,neko
3,status,14,VILLAGER,ALIVE,flex
3,status,15,SEER,ALIVE,Litt1eGirl
3,talk,0,0,9,Over
3,talk,1,0,6,Skip
3,talk,2,0,14,Over
3,talk,3,0,11,ESTIMATE Agent[09] WEREWOLF
3,talk,4,0,3,VOTE Agent[05]
3,talk,5,0,7,VOTE Agent[12]
3,talk,6,0,5,DIVINED Agent[07] HUMAN
3,talk,7,0,12,VOTE Agent[15]
3,talk,8,0,4,VOTE Agent[15]
3,talk,9,0,2,COMINGOUT Agent[02] VILLAGER
3,talk,10,0,15,DIVINED Agent[11] WEREWOLF
3,talk,11,0,13,DIVINED Agent[05] WEREWOLF
3,talk,12,1,14,Over
3,talk,13,1,15,VOTE Agent[12]
3,talk,14,1,13,VOTE Agent[15]
3,talk,15,1,6,Skip
3,talk,16,1,5,ESTIMATE Agent[15] WEREWOLF
3,talk,17,1,2,ESTIMATE Agent[11] WEREWOLF
3,talk,18,1,9,Over
3,talk,19,1,4,Skip
3,talk,20,1,7,Skip
3,talk,21,1,12,Skip
3,talk,22,1,11,VOTE Agent[09]
3,talk,23,1,3,Skip
3,talk,24,2,4,Skip
3,talk,25,2,13,Skip
3,talk,26,2,5,VOTE Agent[15]
3,talk,27,2,15,Over
3,talk,28,2,12,ESTIMATE Agent[13] WEREWOLF
3,talk,29,2,6,Over
3,talk,30,2,9,Over
3,talk,31,2,2,ESTIMATE Agent[05] WEREWOLF
3,talk,32,2,7,Skip
3,talk,33,2,3,Skip
3,talk,34,2,14,Over
3,talk,35,2,11,Skip
3,talk,36,3,15,Over
3,talk,37,3,6,VOTE Agent[13]
3,talk,38,3,11,Skip
3,talk,39,3,3,Over
3,talk,40,3,4,Over
3,talk,41,3,7,VOTE Agent[11]
3,talk,42,3,12,ESTIMATE Agent[13] WEREWOLF
3,talk,43,3,14,Over
3,talk,44,3,2,ESTIMATE Agent[05] WEREWOLF
3,talk,45,3,13,Skip
3,talk,46,3,5,Skip
3,talk,47,3,9,Over
3,talk,48,4,3,Over
3,talk,49,4,6,Skip
3,talk,50,4,13,Over
3,talk,51,4,2,Skip
3,talk,52,4,14,Over
3,talk,53,4,5,Skip
3,talk,54,4,9,Over
3,talk,55,4,15,VOTE Agent[13]
3,talk,56,4,12,REQUEST(DIVINATION Agent[14])
3,talk,57,4,11,Over
3,talk,58,4,4,Over
3,talk,59,4,7,Skip
3,talk,60,5,4,Over
3,talk,61,5,2,Skip
3,talk,62,5,15,ESTIMATE Agent[13] WEREWOLF
3,talk,63,5,7,ESTIMATE Agent[06] VILLAGER
3,talk,64,5,13,Over
3,talk,65,5,9,Over
3,talk,66,5,12,ESTIMATE Agent[13] WEREWOLF
3,talk,67,5,3,Over
3,talk,68,5,5,Over
3,talk,69,5,14,Over
3,talk,70,5,11,Over
3,talk,71,5,6,VOTE Agent[13]
3,talk,72,6,5,Over
3,talk,73,6,11,Over
3,talk,74,6,3,Over
3,talk,75,6,13,Over
3,talk,76,6,7,ESTIMATE Agent[13] WEREWOLF
3,talk,77,6,2,Over
3,talk,78,6,15,Over
3,talk,79,6,4,Over
3,talk,80,6,6,Skip
3,talk,81,6,14,Over
3,talk,82,6,9,Over
3,talk,83,6,12,ESTIMATE Agent[13] WEREWOLF
3,talk,84,7,6,VOTE Agent[13]
3,talk,85,7,14,Over
3,talk,86,7,3,Over
3,talk,87,7,15,Over
3,talk,88,7,11,Over
3,talk,89,7,5,Over
3,talk,90,7,9,Over
3,talk,91,7,2,Over
3,talk,92,7,12,ESTIMATE Agent[13] WEREWOLF
3,talk,93,7,4,Over
3,talk,94,7,13,Over
3,talk,95,7,7,ESTIMATE Agent[12] VILLAGER
3,talk,96,8,5,Over
3,talk,97,8,7,ESTIMATE Agent[04] VILLAGER
3,talk,98,8,13,VOTE Agent[13]
3,talk,99,8,3,Over
3,talk,100,8,2,Over
3,talk,101,8,9,Over
3,talk,102,8,4,Over
3,talk,103,8,14,Over
3,talk,104,8,11,Over
3,talk,105,8,6,Skip
3,talk,106,8,12,ESTIMATE Agent[13] WEREWOLF
3,talk,107,8,15,ESTIMATE Agent[13] WEREWOLF
3,talk,108,9,2,Over
3,talk,109,9,15,Over
3,talk,110,9,5,Over
3,talk,111,9,3,Over
3,talk,112,9,14,Over
3,talk,113,9,7,Over
3,talk,114,9,12,ESTIMATE Agent[13] WEREWOLF
3,talk,115,9,13,Skip
3,talk,116,9,6,Skip
3,talk,117,9,4,Over
3,talk,118,9,9,Over
3,talk,119,9,11,Over
3,talk,120,10,11,Over
3,talk,121,10,6,Over
3,talk,122,10,15,Over
3,talk,123,10,14,Over
3,talk,124,10,2,Over
3,talk,125,10,12,VOTE Agent[13]
3,talk,126,10,9,Over
3,talk,127,10,7,ESTIMATE Agent[11] WEREWOLF
3,talk,128,10,3,Over
3,talk,129,10,5,Over
3,talk,130,10,4,Over
3,talk,131,10,13,Skip
3,talk,132,11,6,Over
3,talk,133,11,14,Over
3,talk,134,11,7,Over
3,talk,135,11,12,Over
3,talk,136,11,2,Over
3,talk,137,11,9,Over
3,talk,138,11,3,Over
3,talk,139,11,11,Over
3,talk,140,11,5,Over
3,talk,141,11,13,Over
3,talk,142,11,15,Over
3,talk,143,11,4,Over
3,vote,2,13
3,vote,3,5
3,vote,4,15
3,vote,5,15
3,vote,6,13
3,vote,7,11
3,vote,9,15
3,vote,11,9
3,vote,12,13
3,vote,13,15
3,vote,14,12
3,vote,15,13
3,vote,2,13
3,vote,3,13
3,vote,4,15
3,vote,5,15
3,vote,6,13
3,vote,7,11
3,vote,9,15
3,vote,11,9
3,vote,12,13
3,vote,13,15
3,vote,14,6
3,vote,15,13
3,execute,13,POSSESSED
3,divine,15,9,HUMAN
3,whisper,0,0,11,ATTACK Agent[15]
3,whisper,1,0,5,ATTACK Agent[15]
3,whisper,2,0,7,ATTACK Agent[09]
3,whisper,3,1,7,ESTIMATE Agent[13] POSSESSED
3,whisper,4,1,11,Skip
3,whisper,5,1,5,Skip
3,whisper,6,2,7,Over
3,whisper,7,2,5,Skip
3,whisper,8,2,11,Skip
3,whisper,9,3,5,Over
3,whisper,10,3,11,ATTACK Agent[02]
3,whisper,11,3,7,Over
3,whisper,12,4,7,Over
3,whisper,13,4,11,Skip
3,whisper,14,4,5,Over
3,whisper,15,5,11,ATTACK Agent[15]
3,whisper,16,5,7,Over
3,whisper,17,5,5,Over
3,whisper,18,6,11,Skip
3,whisper,19,6,5,Over
3,whisper,20,6,7,Over
3,whisper,21,7,11,ATTACK Agent[02]
3,whisper,22,7,5,Over
3,whisper,23,7,7,Over
3,whisper,24,8,7,Over
3,whisper,25,8,5,Over
3,whisper,26,8,11,ATTACK Agent[15]
3,whisper,27,9,11,Skip
3,whisper,28,9,7,ESTIMATE Agent[13] POSSESSED
3,whisper,29,9,5,Over
3,whisper,30,10,7,Over
3,whisper,31,10,5,Over
3,whisper,32,10,11,ATTACK Agent[02]
3,whisper,33,11,7,Over
3,whisper,34,11,11,Skip
3,whisper,35,11,5,Over
3,whisper,36,12,11,Skip
3,whisper,37,12,5,Over
3,whisper,38,12,7,Over
3,whisper,39,13,11,ATTACK Agent[15]
3,whisper,40,13,7,Over
3,whisper,41,13,5,Over
3,whisper,42,14,11,ATTACK Agent[02]
3,whisper,43,14,5,Over
3,whisper,44,14,7,Over
3,whisper,45,15,5,Over
3,whisper,46,15,11,Skip
3,whisper,47,15,7,Over
3,whisper,48,16,7,Over
3,whisper,49,16,11,ATTACK Agent[15]
3,whisper,50,16,5,Over
3,whisper,51,17,5,Over
3,whisper,52,17,7,Over
3,whisper,53,17,11,Skip
3,whisper,54,18,11,Skip
3,whisper,55,18,5,Over
3,whisper,56,18,7,Over
3,whisper,57,19,5,Over
3,whisper,58,19,11,Over
3,whisper,59,19,7,Over
3,attackVote,5,15
3,attackVote,7,9
3,attackVote,11,2
3,attackVote,5,15
3,attackVote,7,3
3,attackVote,11,15
3,attack,15,true
4,status,1,VILLAGER,DEAD,tmcit2017
4,status,2,VILLAGER,ALIVE,Army
4,status,3,VILLAGER,ALIVE,rsaito
4,status,4,VILLAGER,ALIVE,Neo_ELIZA
4,status,5,WEREWOLF,ALIVE,AIWolf_NET
4,status,6,VILLAGER,ALIVE,Romanesco
4,status,7,WEREWOLF,ALIVE,wasabi
4,status,8,MEDIUM,DEAD,H-ReGEX
4,status,9,VILLAGER,ALIVE,yk_aiwolf
4,status,10,BODYGUARD,DEAD,Kanpyo
4,status,11,WEREWOLF,ALIVE,konno
4,status,12,VILLAGER,ALIVE,AITKN
4,status,13,POSSESSED,DEAD,neko
4,status,14,VILLAGER,ALIVE,flex
4,status,15,SEER,DEAD,Litt1eGirl
4,talk,0,0,4,VOTE Agent[09]
4,talk,1,0,3,VOTE Agent[05]
4,talk,2,0,14,Over
4,talk,3,0,5,DIVINED Agent[11] HUMAN
4,talk,4,0,7,VOTE Agent[11]
4,talk,5,0,9,Over
4,talk,6,0,11,ESTIMATE Agent[02] WEREWOLF
4,talk,7,0,2,COMINGOUT Agent[02] VILLAGER
4,talk,8,0,12,VOTE Agent[11]
4,talk,9,0,6,Skip
4,talk,10,1,5,ESTIMATE Agent[09] WEREWOLF
4,talk,11,1,6,Skip
4,talk,12,1,4,Skip
4,talk,13,1,9,Over
4,talk,14,1,12,ESTIMATE Agent[13] WEREWOLF
4,talk,15,1,2,DISAGREE TALK day4 ID:6
4,talk,16,1,7,ESTIMATE Agent[11] WEREWOLF
4,talk,17,1,11,VOTE Agent[02]
4,talk,18,1,3,VOTE Agent[11]
4,talk,19,1,14,Over
4,talk,20,2,3,Skip
4,talk,21,2,9,Over
4,talk,22,2,6,Over
4,talk,23,2,14,Over
4,talk,24,2,7,ESTIMATE Agent[12] VILLAGER
4,talk,25,2,5,VOTE Agent[09]
4,talk,26,2,12,ESTIMATE Agent[13] WEREWOLF
4,talk,27,2,11,Skip
4,talk,28,2,2,Skip
4,talk,29,2,4,Skip
4,talk,30,3,4,Over
4,talk,31,3,12,ESTIMATE Agent[13] WEREWOLF
4,talk,32,3,5,Skip
4,talk,33,3,2,Skip
4,talk,34,3,14,Over
4,talk,35,3,11,Skip
4,talk,36,3,6,VOTE Agent[11]
4,talk,37,3,9,Over
4,talk,38,3,7,ESTIMATE Agent[11] WEREWOLF
4,talk,39,3,3,Skip
4,talk,40,4,4,Over
4,talk,41,4,7,ESTIMATE Agent[06] WEREWOLF
4,talk,42,4,2,Over
4,talk,43,4,3,Over
4,talk,44,4,11,Over
4,talk,45,4,9,Over
4,talk,46,4,12,ESTIMATE Agent[13] WEREWOLF
4,talk,47,4,14,Over
4,talk,48,4,5,Skip
4,talk,49,4,6,Skip
4,talk,50,5,3,Over
4,talk,51,5,14,Over
4,talk,52,5,11,Over
4,talk,53,5,5,Over
4,talk,54,5,4,Over
4,talk,55,5,12,REQUEST(DIVINATION Agent[14])
4,talk,56,5,7,ESTIMATE Agent[09] VILLAGER
4,talk,57,5,6,VOTE Agent[11]
4,talk,58,5,9,Over
4,talk,59,5,2,Over
4,talk,60,6,4,Over
4,talk,61,6,12,ESTIMATE Agent[13] WEREWOLF
4,talk,62,6,5,Over
4,talk,63,6,11,Over
4,talk,64,6,9,Over
4,talk,65,6,14,Over
4,talk,66,6,3,Over
4,talk,67,6,2,Over
4,talk,68,6,7,ESTIMATE Agent[11] WEREWOLF
4,talk,69,6,6,Skip
4,talk,70,7,2,Over
4,talk,71,7,4,Over
4,talk,72,7,7,ESTIMATE Agent[06] VILLAGER
4,talk,73,7,3,Over
4,talk,74,7,9,Over
4,talk,75,7,6,VOTE Agent[11]
4,talk,76,7,5,Over
4,talk,77,7,11,Over
4,talk,78,7,12,ESTIMATE Agent[13] WEREWOLF
4,talk,79,7,14,Over
4,talk,80,8,4,Over
4,talk,81,8,14,Over
4,talk,82,8,7,Skip
4,talk,83,8,2,Over
4,talk,84,8,12,ESTIMATE Agent[13] WEREWOLF
4,talk,85,8,3,Over
4,talk,86,8,9,Over
4,talk,87,8,5,Over
4,talk,88,8,11,Over
4,talk,89,8,6,Skip
4,talk,90,9,2,Over
4,talk,91,9,5,Over
4,talk,92,9,4,Over
4,talk,93,9,9,Over
4,talk,94,9,11,Over
4,talk,95,9,3,Over
4,talk,96,9,14,Over
4,talk,97,9,6,Skip
4,talk,98,9,7,ESTIMATE Agent[05] WEREWOLF
4,talk,99,9,12,ESTIMATE Agent[13] WEREWOLF
4,talk,100,10,12,Over
4,talk,101,10,9,Over
4,talk,102,10,2,Over
4,talk,103,10,4,Over
4,talk,104,10,5,Over
4,talk,105,10,11,Over
4,talk,106,10,7,Skip
4,talk,107,10,14,Over
4,talk,108,10,3,Over
4,talk,109,10,6,Over
4,talk,110,11,5,Over
4,talk,111,11,6,Over
4,talk,112,11,12,Over
4,talk,113,11,3,Over
4,talk,114,11,9,Over
4,talk,115,11,11,Over
4,talk,116,11,14,Over
4,talk,117,11,2,Over
4,talk,118,11,7,ESTIMATE Agent[05] WEREWOLF
4,talk,119,11,4,Over
4,talk,120,12,5,Over
4,talk,121,12,3,Over
4,talk,122,12,4,Over
4,talk,123,12,7,Over
4,talk,124,12,9,Over
4,talk,125,12,6,Over
4,talk,126,12,14,Over
4,talk,127,12,12,Over
4,talk,128,12,11,Over
4,talk,129,12,2,Over
4,vote,2,6
4,vote,3,11
4,vote,4,9
4,vote,5,9
4,vote,6,11
4,vote,7,11
4,vote,9,2
4,vote,11,2
4,vote,12,11
4,vote,14,2
4,execute,11,WEREWOLF
4,whisper,0,0,7,ATTACK Agent[03]
4,whisper,1,0,5,ATTACK Agent[02]
4,whisper,2,1,7,Over
4,whisper,3,1,5,Skip
4,whisper,4,2,5,Skip
4,whisper,5,2,7,Over
4,whisper,6,3,7,Over
4,whisper,7,3,5,Over
4,attackVote,5,2
4,attackVote,7,3
4,attackVote,5,2
4,attackVote,7,3
4,attack,3,true
5,status,1,VILLAGER,DEAD,tmcit2017
5,status,2,VILLAGER,ALIVE,Army
5,status,3,VILLAGER,DEAD,rsaito
5,status,4,VILLAGER,ALIVE,Neo_ELIZA
5,status,5,WEREWOLF,ALIVE,AIWolf_NET
5,status,6,VILLAGER,ALIVE,Romanesco
5,status,7,WEREWOLF,ALIVE,wasabi
5,status,8,MEDIUM,DEAD,H-ReGEX
5,status,9,VILLAGER,ALIVE,yk_aiwolf
5,status,10,BODYGUARD,DEAD,Kanpyo
5,status,11,WEREWOLF,DEAD,konno
5,status,12,VILLAGER,ALIVE,AITKN
5,status,13,POSSESSED,DEAD,neko
5,status,14,VILLAGER,ALIVE,flex
5,status,15,SEER,DEAD,Litt1eGirl
5,talk,0,0,4,VOTE Agent[06]
5,talk,1,0,12,VOTE Agent[04]
5,talk,2,0,9,Over
5,talk,3,0,7,VOTE Agent[02]
5,talk,4,0,2,COMINGOUT Agent[02] VILLAGER
5,talk,5,0,5,DIVINED Agent[06] WEREWOLF
5,talk,6,0,6,Skip
5,talk,7,0,14,Over
5,talk,8,1,2,ESTIMATE Agent[06] WEREWOLF
5,talk,9,1,9,Over
5,talk,10,1,14,Over
5,talk,11,1,5,ESTIMATE Agent[06] WEREWOLF
5,talk,12,1,6,Skip
5,talk,13,1,12,ESTIMATE Agent[13] WEREWOLF
5,talk,14,1,4,Skip
5,talk,15,1,7,Skip
5,talk,16,2,4,Skip
5,talk,17,2,9,Over
5,talk,18,2,14,Over
5,talk,19,2,5,VOTE Agent[06]
5,talk,20,2,7,VOTE Agent[06]
5,talk,21,2,6,Over
5,talk,22,2,2,Skip
5,talk,23,2,12,VOTE Agent[06]
5,talk,24,3,4,Over
5,talk,25,3,5,Skip
5,talk,26,3,2,Skip
5,talk,27,3,12,ESTIMATE Agent[13] WEREWOLF
5,talk,28,3,9,Over
5,talk,29,3,6,VOTE Agent[06]
5,talk,30,3,7,ESTIMATE Agent[02] VILLAGER
5,talk,31,3,14,Over
5,talk,32,4,5,Skip
5,talk,33,4,14,Over
5,talk,34,4,7,Skip
5,talk,35,4,9,Over
5,talk,36,4,4,Over
5,talk,37,4,12,ESTIMATE Agent[13] WEREWOLF
5,talk,38,4,6,Skip
5,talk,39,4,2,Over
5,talk,40,5,9,Over
5,talk,41,5,2,Over
5,talk,42,5,6,VOTE Agent[06]
5,talk,43,5,4,Over
5,talk,44,5,12,ESTIMATE Agent[13] WEREWOLF
5,talk,45,5,7,ESTIMATE Agent[14] VILLAGER
5,talk,46,5,5,Over
5,talk,47,5,14,Over
5,talk,48,6,9,Over
5,talk,49,6,7,ESTIMATE Agent[09] VILLAGER
5,talk,50,6,4,Over
5,talk,51,6,2,Over
5,talk,52,6,12,REQUEST(DIVINATION Agent[02])
5,talk,53,6,5,Over
5,talk,54,6,6,Skip
5,talk,55,6,14,Over
5,talk,56,7,4,Over
5,talk,57,7,5,Over
5,talk,58,7,9,Over
5,talk,59,7,7,ESTIMATE Agent[14] VILLAGER
5,talk,60,7,14,Over
5,talk,61,7,12,ESTIMATE Agent[13] WEREWOLF
5,talk,62,7,6,VOTE Agent[06]
5,talk,63,7,2,Over
5,talk,64,8,7,Skip
5,talk,65,8,5,Over
5,talk,66,8,9,Over
5,talk,67,8,12,ESTIMATE Agent[13] WEREWOLF
5,talk,68,8,6,Skip
5,talk,69,8,2,Over
5,talk,70,8,14,Over
5,talk,71,8,4,Over
5,talk,72,9,4,Over
5,talk,73,9,2,Over
5,talk,74,9,12,ESTIMATE Agent[13] WEREWOLF
5,talk,75,9,7,Over
5,talk,76,9,5,Over
5,talk,77,9,14,Over
5,talk,78,9,6,Skip
5,talk,79,9,9,Over
5,talk,80,10,9,Over
5,talk,81,10,4,Over
5,talk,82,10,7,ESTIMATE Agent[04] VILLAGER
5,talk,83,10,12,Over
5,talk,84,10,14,Over
5,talk,85,10,5,Over
5,talk,86,10,2,Over
5,talk,87,10,6,Over
5,talk,88,11,7,ESTIMATE Agent[06] WEREWOLF
5,talk,89,11,2,Over
5,talk,90,11,12,Over
5,talk,91,11,9,Over
5,talk,92,11,4,Over
5,talk,93,11,6,Over
5,talk,94,11,5,Over
5,talk,95,11,14,Over
5,talk,96,12,12,Over
5,talk,97,12,4,Over
5,talk,98,12,6,Over
5,talk,99,12,9,Over
5,talk,100,12,14,Over
5,talk,101,12,2,Over
5,talk,102,12,5,Over
5,talk,103,12,7,ESTIMATE Agent[05] WEREWOLF
5,talk,104,13,7,Over
5,talk,105,13,6,Over
5,talk,106,13,14,Over
5,talk,107,13,2,Over
5,talk,108,13,5,Over
5,talk,109,13,12,Over
5,talk,110,13,9,Over
5,talk,111,13,4,Over
5,vote,2,14
5,vote,4,6
5,vote,5,6
5,vote,6,4
5,vote,7,6
5,vote,9,6
5,vote,12,6
5,vote,14,12
5,execute,6,VILLAGER
5,whisper,0,0,5,ATTACK Agent[02]
5,whisper,1,0,7,ATTACK Agent[09]
5,whisper,2,1,7,Over
5,whisper,3,1,5,Skip
5,whisper,4,2,5,Skip
5,whisper,5,2,7,Over
5,whisper,6,3,7,Over
5,whisper,7,3,5,Over
5,attackVote,5,2
5,attackVote,7,9
5,attackVote,5,2
5,attackVote,7,9
5,attack,9,true
6,status,1,VILLAGER,DEAD,tmcit2017
6,status,2,VILLAGER,ALIVE,Army
6,status,3,VILLAGER,DEAD,rsaito
6,status,4,VILLAGER,ALIVE,Neo_ELIZA
6,status,5,WEREWOLF,ALIVE,AIWolf_NET
6,status,6,VILLAGER,DEAD,Romanesco
6,status,7,WEREWOLF,ALIVE,wasabi
6,status,8,MEDIUM,DEAD,H-ReGEX
6,status,9,VILLAGER,DEAD,yk_aiwolf
6,status,10,BODYGUARD,DEAD,Kanpyo
6,status,11,WEREWOLF,DEAD,konno
6,status,12,VILLAGER,ALIVE,AITKN
6,status,13,POSSESSED,DEAD,neko
6,status,14,VILLAGER,ALIVE,flex
6,status,15,SEER,DEAD,Litt1eGirl
6,talk,0,0,7,VOTE Agent[05]
6,talk,1,0,12,VOTE Agent[14]
6,talk,2,0,4,VOTE Agent[12]
6,talk,3,0,5,DIVINED Agent[12] WEREWOLF
6,talk,4,0,14,Over
6,talk,5,0,2,COMINGOUT Agent[02] VILLAGER
6,talk,6,1,4,Skip
6,talk,7,1,5,ESTIMATE Agent[12] WEREWOLF
6,talk,8,1,2,ESTIMATE Agent[12] WEREWOLF
6,talk,9,1,7,VOTE Agent[12]
6,talk,10,1,12,ESTIMATE Agent[13] WEREWOLF
6,talk,11,1,14,Over
6,talk,12,2,2,Skip
6,talk,13,2,4,Skip
6,talk,14,2,7,ESTIMATE Agent[05] WEREWOLF
6,talk,15,2,12,ESTIMATE Agent[05] POSSESSED
6,talk,16,2,5,VOTE Agent[12]
6,talk,17,2,14,Over
6,talk,18,3,12,VOTE Agent[05]
6,talk,19,3,14,Over
6,talk,20,3,4,Over
6,talk,21,3,5,Skip
6,talk,22,3,2,Skip
6,talk,23,3,7,Skip
6,talk,24,4,14,Over
6,talk,25,4,2,Over
6,talk,26,4,5,Skip
6,talk,27,4,12,ESTIMATE Agent[13] WEREWOLF
6,talk,28,4,4,Over
6,talk,29,4,7,ESTIMATE Agent[14] VILLAGER
6,talk,30,5,7,ESTIMATE Agent[02] VILLAGER
6,talk,31,5,5,Over
6,talk,32,5,12,ESTIMATE Agent[13] WEREWOLF
6,talk,33,5,4,Over
6,talk,34,5,2,Over
6,talk,35,5,14,Over
6,talk,36,6,14,Over
6,talk,37,6,4,Over
6,talk,38,6,7,ESTIMATE Agent[02] VILLAGER
6,talk,39,6,2,Over
6,talk,40,6,12,ESTIMATE Agent[13] WEREWOLF
6,talk,41,6,5,Over
6,talk,42,7,12,REQUEST(DIVINATION Agent[02])
6,talk,43,7,14,Over
6,talk,44,7,7,ESTIMATE Agent[05] WEREWOLF
6,talk,45,7,4,Over
6,talk,46,7,5,Over
6,talk,47,7,2,Over
6,talk,48,8,14,Over
6,talk,49,8,2,Over
6,talk,50,8,7,ESTIMATE Agent[05] WEREWOLF
6,talk,51,8,5,Over
6,talk,52,8,12,ESTIMATE Agent[13] WEREWOLF
6,talk,53,8,4,Over
6,talk,54,9,5,Over
6,talk,55,9,4,Over
6,talk,56,9,12,ESTIMATE Agent[13] WEREWOLF
6,talk,57,9,7,ESTIMATE Agent[14] VILLAGER
6,talk,58,9,2,Over
6,talk,59,9,14,Over
6,talk,60,10,2,Over
6,talk,61,10,12,Over
6,talk,62,10,5,Over
6,talk,63,10,7,ESTIMATE Agent[05] WEREWOLF
6,talk,64,10,14,Over
6,talk,65,10,4,Over
6,talk,66,11,7,Over
6,talk,67,11,2,Over
6,talk,68,11,4,Over
6,talk,69,11,14,Over
6,talk,70,11,12,Over
6,talk,71,11,5,Over
6,vote,2,4
6,vote,4,12
6,vote,5,12
6,vote,7,12
6,vote,12,5
6,vote,14,12
6,execute,12,VILLAGER
6,whisper,0,0,7,ATTACK Agent[14]
6,whisper,1,0,5,ATTACK Agent[02]
6,whisper,2,1,7,ATTACK Agent[02]
6,whisper,3,1,5,Skip
6,whisper,4,2,5,Skip
6,whisper,5,2,7,Over
6,whisper,6,3,5,Over
6,whisper,7,3,7,Over
6,attackVote,5,2
6,attackVote,7,2
6,attack,2,true
7,status,1,VILLAGER,DEAD,tmcit2017
7,status,2,VILLAGER,DEAD,Army
7,status,3,VILLAGER,DEAD,rsaito
7,status,4,VILLAGER,ALIVE,Neo_ELIZA
7,status,5,WEREWOLF,ALIVE,AIWolf_NET
7,status,6,VILLAGER,DEAD,Romanesco
7,status,7,WEREWOLF,ALIVE,wasabi
7,status,8,MEDIUM,DEAD,H-ReGEX
7,status,9,VILLAGER,DEAD,yk_aiwolf
7,status,10,BODYGUARD,DEAD,Kanpyo
7,status,11,WEREWOLF,DEAD,konno
7,status,12,VILLAGER,DEAD,AITKN
7,status,13,POSSESSED,DEAD,neko
7,status,14,VILLAGER,ALIVE,flex
7,status,15,SEER,DEAD,Litt1eGirl
7,result,2,2,WEREWOLF
