0,status,1,VILLAGER,ALIVE,tmcit2017
0,status,2,VILLAGER,ALIVE,Army
0,status,3,WEREWOLF,ALIVE,rsaito
0,status,4,MEDIUM,ALIVE,Neo_ELIZA
0,status,5,SEER,ALIVE,AIWolf_NET
0,status,6,VILLAGER,ALIVE,Romanesco
0,status,7,VILLAGER,ALIVE,wasabi
0,status,8,VILLAGER,ALIVE,H-ReGEX
0,status,9,VILLAGER,ALIVE,yk_aiwolf
0,status,10,VILLAGER,ALIVE,Kanpyo
0,status,11,WEREWOLF,ALIVE,konno
0,status,12,POSSESSED,ALIVE,AITKN
0,status,13,VILLAGER,ALIVE,neko
0,status,14,BODYGUARD,ALIVE,flex
0,status,15,WEREWOLF,ALIVE,Litt1eGirl
0,whisper,0,0,3,COMINGOUT Agent[03] VILLAGER
0,whisper,1,0,15,ATTACK Agent[11]
0,whisper,2,0,11,COMINGOUT Agent[11] MEDIUM
0,whisper,3,1,11,ATTACK Agent[12]
0,whisper,4,1,3,Skip
0,whisper,5,1,15,ATTACK Agent[09]
0,whisper,6,2,11,ATTACK Agent[07]
0,whisper,7,2,3,Skip
0,whisper,8,2,15,Over
0,whisper,9,3,3,Over
0,whisper,10,3,15,ATTACK Agent[13]
0,whisper,11,3,11,ATTACK Agent[09]
0,whisper,12,4,11,ATTACK Agent[04]
0,whisper,13,4,3,Over
0,whisper,14,4,15,ATTACK Agent[04]
0,whisper,15,5,3,Over
0,whisper,16,5,15,ATTACK Agent[10]
0,whisper,17,5,11,ATTACK Agent[02]
0,whisper,18,6,3,Over
0,whisper,19,6,11,ATTACK Agent[06]
0,whisper,20,6,15,ATTACK Agent[15]
0,whisper,21,7,3,Over
0,whisper,22,7,11,ATTACK Agent[07]
0,whisper,23,7,15,ATTACK Agent[02]
0,whisper,24,8,11,ATTACK Agent[14]
0,whisper,25,8,3,Over
0,whisper,26,8,15,ATTACK Agent[06]
0,whisper,27,9,11,ATTACK Agent[06]
0,whisper,28,9,3,Over
0,whisper,29,9,15,ATTACK Agent[02]
0,whisper,30,10,11,Over
0,whisper,31,10,15,ATTACK Agent[04]
0,whisper,32,10,3,Over
0,whisper,33,11,11,Over
0,whisper,34,11,3,Over
0,whisper,35,11,15,Over
0,divine,5,12,HUMAN
1,status,1,VILLAGER,ALIVE,tmcit2017
1,status,2,VILLAGER,ALIVE,Army
1,status,3,WEREWOLF,ALIVE,rsaito
1,status,4,MEDIUM,ALIVE,Neo_ELIZA
1,status,5,SEER,ALIVE,AIWolf_NET
1,status,6,VILLAGER,ALIVE,Romanesco
1,status,7,VILLAGER,ALIVE,wasabi
1,status,8,VILLAGER,ALIVE,H-ReGEX
1,status,9,VILLAGER,ALIVE,yk_aiwolf
1,status,10,VILLAGER,ALIVE,Kanpyo
1,status,11,WEREWOLF,ALIVE,konno
1,status,12,POSSESSED,ALIVE,AITKN
1,status,13,VILLAGER,ALIVE,neko
1,status,14,BODYGUARD,ALIVE,flex
1,status,15,WEREWOLF,ALIVE,Litt1eGirl
1,talk,0,0,13,VOTE Agent[06]
1,talk,1,0,11,ESTIMATE Agent[04] WEREWOLF
1,talk,2,0,4,COMINGOUT Agent[04] MEDIUM
1,talk,3,0,14,Over
1,talk,4,0,7,Skip
1,talk,5,0,15,VOTE Agent[09]
1,talk,6,0,5,VOTE Agent[01]
1,talk,7,0,6,Skip
1,talk,8,0,1,COMINGOUT Agent[01] VILLAGER
1,talk,9,0,8,VOTE Agent[14]
1,talk,10,0,12,COMINGOUT Agent[12] SEER
1,talk,11,0,3,VOTE Agent[06]
1,talk,12,0,9,Over
1,talk,13,0,10,VOTE Agent[05]
1,talk,14,0,2,COMINGOUT Agent[02] VILLAGER
1,talk,15,1,7,Skip
1,talk,16,1,12,DIVINED Agent[04] WEREWOLF
1,talk,17,1,13,VOTE Agent[11]
1,talk,18,1,9,Over
1,talk,19,1,2,Skip
1,talk,20,1,14,Over
1,talk,21,1,6,Skip
1,talk,22,1,11,VOTE Agent[04]
1,talk,23,1,4,VOTE Agent[06]
1,talk,24,1,1,Over
1,talk,25,1,8,Skip
1,talk,26,1,5,COMINGOUT Agent[05] SEER
1,talk,27,1,15,VOTE Agent[06]
1,talk,28,1,10,ESTIMATE Agent[12] SEER
1,talk,29,1,3,Skip
1,talk,30,2,15,Over
1,talk,31,2,2,ESTIMATE Agent[04] WEREWOLF
1,talk,32,2,12,VOTE Agent[04]
1,talk,33,2,10,ESTIMATE Agent[04] WEREWOLF
1,talk,34,2,9,Over
1,talk,35,2,4,VOTE Agent[12]
1,talk,36,2,13,VOTE Agent[06]
1,talk,37,2,8,ESTIMATE Agent[05] WEREWOLF
1,talk,38,2,14,Over
1,talk,39,2,1,Over
1,talk,40,2,3,Skip
1,talk,41,2,5,DIVINED Agent[12] HUMAN
1,talk,42,2,6,Over
1,talk,43,2,7,Over
1,talk,44,2,11,COMINGOUT Agent[11] MEDIUM
1,talk,45,3,2,Skip
1,talk,46,3,11,Skip
1,talk,47,3,8,VOTE Agent[05]
1,talk,48,3,7,VOTE Agent[04]
1,talk,49,3,9,Over
1,talk,50,3,1,Over
1,talk,51,3,15,Over
1,talk,52,3,4,Skip
1,talk,53,3,10,VOTE Agent[04]
1,talk,54,3,13,VOTE Agent[04]
1,talk,55,3,6,VOTE Agent[04]
1,talk,56,3,12,REQUEST(VOTE Agent[04])
1,talk,57,3,3,Over
1,talk,58,3,14,Over
1,talk,59,3,5,ESTIMATE Agent[12] POSSESSED
1,talk,60,4,1,Over
1,talk,61,4,12,AGREE TALK day1 ID:22
1,talk,62,4,9,Over
1,talk,63,4,14,Over
1,talk,64,4,3,Over
1,talk,65,4,10,REQUEST(VOTE Agent[04])
1,talk,66,4,13,Skip
1,talk,67,4,2,VOTE Agent[11]
1,talk,68,4,11,Skip
1,talk,69,4,15,VOTE Agent[04]
1,talk,70,4,5,Skip
1,talk,71,4,4,Skip
1,talk,72,4,8,Skip
1,talk,73,4,6,Skip
1,talk,74,4,7,ESTIMATE Agent[12] WEREWOLF
1,talk,75,5,15,Over
1,talk,76,5,3,Over
1,talk,77,5,4,Over
1,talk,78,5,9,Over
1,talk,79,5,8,Skip
1,talk,80,5,11,Over
1,talk,81,5,14,Over
1,talk,82,5,6,VOTE Agent[04]
1,talk,83,5,2,Skip
1,talk,84,5,1,Over
1,talk,85,5,5,Skip
1,talk,86,5,7,Over
1,talk,87,5,13,Skip
1,talk,88,5,12,AGREE TALK day1 ID:28
1,talk,89,5,10,ESTIMATE Agent[05] SEER
1,talk,90,6,3,Over
1,talk,91,6,14,Over
1,talk,92,6,13,Over
1,talk,93,6,4,VOTE Agent[11]
1,talk,94,6,1,Over
1,talk,95,6,6,Skip
1,talk,96,6,5,Over
1,talk,97,6,2,Skip
1,talk,98,6,8,Over
1,talk,99,6,15,Over
1,talk,100,6,7,Over
1,talk,101,6,9,Over
1,talk,102,6,12,AGREE TALK day1 ID:48
1,talk,103,6,10,VOTE Agent[04]
1,talk,104,6,11,Over
1,talk,105,7,11,Over
1,talk,106,7,13,Over
1,talk,107,7,9,Over
1,talk,108,7,3,Over
1,talk,109,7,1,Over
1,talk,110,7,7,Over
1,talk,111,7,6,VOTE Agent[04]
1,talk,112,7,2,Over
1,talk,113,7,10,Skip
1,talk,114,7,15,Over
1,talk,115,7,12,AGREE TALK day1 ID:53
1,talk,116,7,5,Over
1,talk,117,7,8,Over
1,talk,118,7,14,Over
1,talk,119,7,4,VOTE Agent[12]
1,talk,120,8,13,Over
1,talk,121,8,6,Skip
1,talk,122,8,1,Over
1,talk,123,8,9,Over
1,talk,124,8,15,Over
1,talk,125,8,14,Over
1,talk,126,8,10,Skip
1,talk,127,8,8,Over
1,talk,128,8,4,Skip
1,talk,129,8,2,Over
1,talk,130,8,3,Over
1,talk,131,8,5,Over
1,talk,132,8,11,Over
1,talk,133,8,7,Over
1,talk,134,8,12,AGREE TALK day1 ID:54
1,talk,135,9,7,Over
1,talk,136,9,14,Over
1,talk,137,9,10,Over
1,talk,138,9,15,Over
1,talk,139,9,9,Over
1,talk,140,9,6,Skip
1,talk,141,9,3,Over
1,talk,142,9,12,AGREE TALK day1 ID:55
1,talk,143,9,8,Over
1,talk,144,9,4,Skip
1,talk,145,9,11,Over
1,talk,146,9,2,Over
1,talk,147,9,5,Over
1,talk,148,9,13,Over
1,talk,149,9,1,Over
1,talk,150,10,10,Over
1,talk,151,10,12,Over
1,talk,152,10,6,Over
1,talk,153,10,11,Over
1,talk,154,10,1,Over
1,talk,155,10,2,Over
1,talk,156,10,9,Over
1,talk,157,10,15,Over
1,talk,158,10,3,Over
1,talk,159,10,5,Over
1,talk,160,10,7,Over
1,talk,161,10,14,Over
1,talk,162,10,4,VOTE Agent[11]
1,talk,163,10,8,Over
1,talk,164,10,13,Over
1,talk,165,11,15,Over
1,talk,166,11,3,Over
1,talk,167,11,9,Over
1,talk,168,11,11,Over
1,talk,169,11,12,Over
1,talk,170,11,7,ESTIMATE Agent[12] WEREWOLF
1,talk,171,11,2,Over
1,talk,172,11,4,VOTE Agent[12]
1,talk,173,11,6,Over
1,talk,174,11,8,Over
1,talk,175,11,5,Over
1,talk,176,11,1,Over
1,talk,177,11,13,Over
1,talk,178,11,14,Over
1,talk,179,11,10,Over
1,talk,180,12,12,Over
1,talk,181,12,14,Over
1,talk,182,12,3,Over
1,talk,183,12,8,Over
1,talk,184,12,5,Over
1,talk,185,12,2,Over
1,talk,186,12,7,Over
1,talk,187,12,13,Over
1,talk,188,12,10,Over
1,talk,189,12,6,Over
1,talk,190,12,9,Over
1,talk,191,12,15,Over
1,talk,192,12,4,VOTE Agent[11]
1,talk,193,12,11,Over
1,talk,194,12,1,Over
1,talk,195,13,2,Over
1,talk,196,13,1,Over
1,talk,197,13,6,Over
1,talk,198,13,13,Over
1,talk,199,13,14,Over
1,talk,200,13,11,Over
1,talk,201,13,10,Over
1,talk,202,13,9,Over
1,talk,203,13,15,Over
1,talk,204,13,7,Over
1,talk,205,13,3,Over
1,talk,206,13,12,Over
1,talk,207,13,4,VOTE Agent[12]
1,talk,208,13,5,Over
1,talk,209,13,8,Over
1,talk,210,14,13,Over
1,talk,211,14,12,Over
1,talk,212,14,10,Over
1,talk,213,14,11,Over
1,talk,214,14,4,VOTE Agent[11]
1,talk,215,14,6,Over
1,talk,216,14,8,Over
1,talk,217,14,3,Over
1,talk,218,14,7,Over
1,talk,219,14,2,Over
1,talk,220,14,15,Over
1,talk,221,14,5,Over
1,talk,222,14,9,Over
1,talk,223,14,14,Over
1,talk,224,14,1,Over
1,talk,225,15,13,Over
1,talk,226,15,8,Over
1,talk,227,15,4,Over
1,talk,228,15,14,Over
1,talk,229,15,11,Over
1,talk,230,15,2,Over
1,talk,231,15,15,Over
1,talk,232,15,7,Over
1,talk,233,15,10,Over
1,talk,234,15,12,Over
1,talk,235,15,5,Over
1,talk,236,15,3,Over
1,talk,237,15,6,Over
1,talk,238,15,1,Over
1,talk,239,15,9,Over
1,vote,1,4
1,vote,2,11
1,vote,3,6
1,vote,4,11
1,vote,5,1
1,vote,6,4
1,vote,7,4
1,vote,8,5
1,vote,9,10
1,vote,10,4
1,vote,11,4
1,vote,12,4
1,vote,13,4
1,vote,14,5
1,vote,15,4
1,execute,4,MEDIUM
1,divine,5,10,HUMAN
1,whisper,0,0,11,ESTIMATE Agent[12] POSSESSED
1,whisper,1,0,3,ESTIMATE Agent[12] POSSESSED
1,whisper,2,0,15,ATTACK Agent[02]
1,whisper,3,1,11,ATTACK Agent[05]
1,whisper,4,1,3,ATTACK Agent[10]
1,whisper,5,1,15,Over
1,whisper,6,2,15,ATTACK Agent[10]
1,whisper,7,2,3,Skip
1,whisper,8,2,11,ATTACK Agent[01]
1,whisper,9,3,11,Skip
1,whisper,10,3,15,ATTACK Agent[12]
1,whisper,11,3,3,Skip
1,whisper,12,4,11,ATTACK Agent[05]
1,whisper,13,4,3,Over
1,whisper,14,4,15,ATTACK Agent[08]
1,whisper,15,5,3,Over
1,whisper,16,5,15,ATTACK Agent[14]
1,whisper,17,5,11,Skip
1,whisper,18,6,3,Over
1,whisper,19,6,15,ATTACK Agent[13]
1,whisper,20,6,11,ATTACK Agent[02]
1,whisper,21,7,11,ATTACK Agent[01]
1,whisper,22,7,15,ATTACK Agent[14]
1,whisper,23,7,3,Over
1,whisper,24,8,15,ATTACK Agent[13]
1,whisper,25,8,11,Skip
1,whisper,26,8,3,Over
1,whisper,27,9,11,ATTACK Agent[02]
1,whisper,28,9,15,ATTACK Agent[09]
1,whisper,29,9,3,Over
1,whisper,30,10,3,Over
1,whisper,31,10,11,Skip
1,whisper,32,10,15,ATTACK Agent[13]
1,whisper,33,11,15,Over
1,whisper,34,11,3,Over
1,whisper,35,11,11,ATTACK Agent[01]
1,whisper,36,12,3,Over
1,whisper,37,12,15,Over
1,whisper,38,12,11,ATTACK Agent[02]
1,whisper,39,13,11,Skip
1,whisper,40,13,3,Over
1,whisper,41,13,15,Over
1,whisper,42,14,15,Over
1,whisper,43,14,3,Over
1,whisper,44,14,11,Skip
1,whisper,45,15,15,Over
1,whisper,46,15,11,ATTACK Agent[01]
1,whisper,47,15,3,Over
1,whisper,48,16,15,Over
1,whisper,49,16,11,Over
1,whisper,50,16,3,Over
1,attackVote,3,10
1,attackVote,11,2
1,attackVote,15,12
1,attackVote,3,10
1,attackVote,11,1
1,attackVote,15,12
1,attack,12,true
2,status,1,VILLAGER,ALIVE,tmcit2017
2,status,2,VILLAGER,ALIVE,Army
2,status,3,WEREWOLF,ALIVE,rsaito
2,status,4,MEDIUM,DEAD,Neo_ELIZA
2,status,5,SEER,ALIVE,AIWolf_NET
2,status,6,VILLAGER,ALIVE,Romanesco
2,status,7,VILLAGER,ALIVE,wasabi
2,status,8,VILLAGER,ALIVE,H-ReGEX
2,status,9,VILLAGER,ALIVE,yk_aiwolf
2,status,10,VILLAGER,ALIVE,Kanpyo
2,status,11,WEREWOLF,ALIVE,konno
2,status,12,POSSESSED,DEAD,AITKN
2,status,13,VILLAGER,ALIVE,neko
2,status,14,BODYGUARD,ALIVE,flex
2,status,15,WEREWOLF,ALIVE,Litt1eGirl
2,talk,0,0,13,VOTE Agent[11]
2,talk,1,0,9,Over
2,talk,2,0,8,ESTIMATE Agent[12] WEREWOLF
2,talk,3,0,6,Skip
2,talk,4,0,10,ESTIMATE Agent[04] WEREWOLF
2,talk,5,0,11,IDENTIFIED Agent[04] WEREWOLF
2,talk,6,0,3,VOTE Agent[06]
2,talk,7,0,15,VOTE Agent[02]
2,talk,8,0,1,Over
2,talk,9,0,14,Over
2,talk,10,0,2,COMINGOUT Agent[02] VILLAGER
2,talk,11,0,7,Skip
2,talk,12,0,5,DIVINED Agent[10] HUMAN
2,talk,13,1,2,VOTE Agent[03]
2,talk,14,1,1,Over
2,talk,15,1,6,Skip
2,talk,16,1,13,Skip
2,talk,17,1,5,VOTE Agent[01]
2,talk,18,1,10,VOTE Agent[04]
2,talk,19,1,14,Over
2,talk,20,1,8,VOTE Agent[12]
2,talk,21,1,7,Skip
2,talk,22,1,3,Skip
2,talk,23,1,9,Over
2,talk,24,1,11,ESTIMATE Agent[14] WEREWOLF
2,talk,25,1,15,VOTE Agent[11]
2,talk,26,2,5,Skip
2,talk,27,2,15,Over
2,talk,28,2,9,Over
2,talk,29,2,3,Skip
2,talk,30,2,11,VOTE Agent[14]
2,talk,31,2,2,VOTE Agent[06]
2,talk,32,2,7,Over
2,talk,33,2,13,Skip
2,talk,34,2,10,REQUEST(VOTE Agent[04])
2,talk,35,2,8,Skip
2,talk,36,2,6,Over
2,talk,37,2,14,Over
2,talk,38,2,1,Over
2,talk,39,3,11,Skip
2,talk,40,3,10,ESTIMATE Agent[11] WEREWOLF
2,talk,41,3,3,Over
2,talk,42,3,9,Over
2,talk,43,3,8,Skip
2,talk,44,3,6,VOTE Agent[11]
2,talk,45,3,1,Over
2,talk,46,3,14,Over
2,talk,47,3,2,VOTE Agent[07]
2,talk,48,3,5,Skip
2,talk,49,3,15,VOTE Agent[06]
2,talk,50,3,13,Over
2,talk,51,3,7,Over
2,talk,52,4,5,Over
2,talk,53,4,3,Over
2,talk,54,4,9,Over
2,talk,55,4,10,VOTE Agent[11]
2,talk,56,4,8,Over
2,talk,57,4,1,Over
2,talk,58,4,7,VOTE Agent[08]
2,talk,59,4,2,VOTE Agent[08]
2,talk,60,4,6,Skip
2,talk,61,4,14,Over
2,talk,62,4,15,VOTE Agent[11]
2,talk,63,4,13,VOTE Agent[01]
2,talk,64,4,11,Skip
2,talk,65,5,5,Over
2,talk,66,5,8,Over
2,talk,67,5,7,Over
2,talk,68,5,1,Over
2,talk,69,5,14,Over
2,talk,70,5,3,VOTE Agent[08]
2,talk,71,5,2,VOTE Agent[09]
2,talk,72,5,13,Skip
2,talk,73,5,15,Over
2,talk,74,5,10,REQUEST(VOTE Agent[11])
2,talk,75,5,11,Over
2,talk,76,5,6,VOTE Agent[11]
2,talk,77,5,9,Over
2,talk,78,6,7,VOTE Agent[06]
2,talk,79,6,10,AGREE TALK day2 ID:12
2,talk,80,6,5,Over
2,talk,81,6,3,Skip
2,talk,82,6,13,Skip
2,talk,83,6,14,Over
2,talk,84,6,11,Over
2,talk,85,6,2,VOTE Agent[10]
2,talk,86,6,15,Over
2,talk,87,6,6,Skip
2,talk,88,6,8,Over
2,talk,89,6,9,Over
2,talk,90,6,1,Over
2,talk,91,7,10,ESTIMATE Agent[11] POSSESSED
2,talk,92,7,15,Over
2,talk,93,7,8,Over
2,talk,94,7,13,Over
2,talk,95,7,3,VOTE Agent[14]
2,talk,96,7,6,VOTE Agent[11]
2,talk,97,7,11,Over
2,talk,98,7,14,Over
2,talk,99,7,2,VOTE Agent[13]
2,talk,100,7,9,Over
2,talk,101,7,1,Over
2,talk,102,7,5,Over
2,talk,103,7,7,VOTE Agent[09]
2,talk,104,8,5,Over
2,talk,105,8,1,Over
2,talk,106,8,6,Skip
2,talk,107,8,3,Skip
2,talk,108,8,11,Over
2,talk,109,8,9,Over
2,talk,110,8,13,Over
2,talk,111,8,15,Over
2,talk,112,8,14,Over
2,talk,113,8,10,VOTE Agent[01]
2,talk,114,8,2,VOTE Agent[14]
2,talk,115,8,7,ESTIMATE Agent[03] VILLAGER
2,talk,116,8,8,Over
2,talk,117,9,5,Over
2,talk,118,9,11,Over
2,talk,119,9,2,VOTE Agent[15]
2,talk,120,9,13,Over
2,talk,121,9,6,Skip
2,talk,122,9,15,VOTE Agent[14]
2,talk,123,9,10,Skip
2,talk,124,9,8,Over
2,talk,125,9,9,Over
2,talk,126,9,7,Over
2,talk,127,9,1,Over
2,talk,128,9,14,Over
2,talk,129,9,3,Skip
2,talk,130,10,10,Skip
2,talk,131,10,6,Over
2,talk,132,10,7,Over
2,talk,133,10,3,Over
2,talk,134,10,13,Over
2,talk,135,10,14,Over
2,talk,136,10,11,Over
2,talk,137,10,2,Over
2,talk,138,10,8,Over
2,talk,139,10,1,Over
2,talk,140,10,5,Over
2,talk,141,10,9,Over
2,talk,142,10,15,Over
2,talk,143,11,1,Over
2,talk,144,11,3,Over
2,talk,145,11,8,Over
2,talk,146,11,9,Over
2,talk,147,11,10,Over
2,talk,148,11,2,Over
2,talk,149,11,5,Over
2,talk,150,11,14,Over
2,talk,151,11,13,Over
2,talk,152,11,11,Over
2,talk,153,11,15,Over
2,talk,154,11,7,Over
2,talk,155,11,6,Over
2,vote,1,8
2,vote,2,11
2,vote,3,14
2,vote,5,1
2,vote,6,11
2,vote,7,9
2,vote,8,1
2,vote,9,5
2,vote,10,1
2,vote,11,14
2,vote,13,1
2,vote,14,1
2,vote,15,14
2,execute,1,VILLAGER
2,divine,5,3,WEREWOLF
2,whisper,0,0,15,ATTACK Agent[13]
2,whisper,1,0,3,ATTACK Agent[06]
2,whisper,2,0,11,ATTACK Agent[02]
2,whisper,3,1,15,ATTACK Agent[07]
2,whisper,4,1,11,Skip
2,whisper,5,1,3,Skip
2,whisper,6,2,15,ATTACK Agent[06]
2,whisper,7,2,3,Skip
2,whisper,8,2,11,Skip
2,whisper,9,3,3,Over
2,whisper,10,3,15,ATTACK Agent[08]
2,whisper,11,3,11,ATTACK Agent[05]
2,whisper,12,4,11,Skip
2,whisper,13,4,3,Over
2,whisper,14,4,15,ATTACK Agent[04]
2,whisper,15,5,15,ATTACK Agent[10]
2,whisper,16,5,11,Skip
2,whisper,17,5,3,Over
2,whisper,18,6,3,Over
2,whisper,19,6,15,ATTACK Agent[08]
2,whisper,20,6,11,Over
2,whisper,21,7,11,ATTACK Agent[02]
2,whisper,22,7,3,Over
2,whisper,23,7,15,ATTACK Agent[03]
2,whisper,24,8,15,ATTACK Agent[10]
2,whisper,25,8,3,Over
2,whisper,26,8,11,Skip
2,whisper,27,9,3,Over
2,whisper,28,9,15,ATTACK Agent[02]
2,whisper,29,9,11,Skip
2,whisper,30,10,11,ATTACK Agent[05]
2,whisper,31,10,3,Over
2,whisper,32,10,15,Over
2,whisper,33,11,3,Over
2,whisper,34,11,15,Over
2,whisper,35,11,11,ATTACK Agent[02]
2,whisper,36,12,11,ATTACK Agent[05]
2,whisper,37,12,15,Over
2,whisper,38,12,3,Over
2,whisper,39,13,3,Over
2,whisper,40,13,11,Skip
2,whisper,41,13,15,Over
2,whisper,42,14,11,Skip
2,whisper,43,14,3,Over
2,whisper,44,14,15,Over
2,whisper,45,15,11,Over
2,whisper,46,15,15,Over
2,whisper,47,15,3,Over
2,attackVote,3,6
2,attackVote,11,5
2,attackVote,15,8
2,attackVote,3,6
2,attackVote,11,2
2,attackVote,15,10
2,attack,6,true
3,status,1,VILLAGER,DEAD,tmcit2017
3,status,2,VILLAGER,ALIVE,Army
3,status,3,WEREWOLF,ALIVE,rsaito
3,status,4,MEDIUM,DEAD,Neo_ELIZA
3,status,5,SEER,ALIVE,AIWolf_NET
3,status,6,VILLAGER,DEAD,Romanesco
3,status,7,VILLAGER,ALIVE,wasabi
3,status,8,VILLAGER,ALIVE,H-ReGEX
3,status,9,VILLAGER,ALIVE,yk_aiwolf
3,status,10,VILLAGER,ALIVE,Kanpyo
3,status,11,WEREWOLF,ALIVE,konno
3,status,12,POSSESSED,DEAD,AITKN
3,status,13,VILLAGER,ALIVE,neko
3,status,14,BODYGUARD,ALIVE,flex
3,status,15,WEREWOLF,ALIVE,Litt1eGirl
3,talk,0,0,7,Skip
3,talk,1,0,11,IDENTIFIED Agent[01] WEREWOLF
3,talk,2,0,14,Over
3,talk,3,0,5,DIVINED Agent[03] WEREWOLF
3,talk,4,0,10,Skip
3,talk,5,0,8,ESTIMATE Agent[11] WEREWOLF
3,talk,6,0,9,Over
3,talk,7,0,2,COMINGOUT Agent[02] VILLAGER
3,talk,8,0,13,VOTE Agent[02]
3,talk,9,0,3,VOTE Agent[14]
3,talk,10,0,15,VOTE Agent[14]
3,talk,11,1,11,ESTIMATE Agent[13] WEREWOLF
3,talk,12,1,8,VOTE Agent[11]
3,talk,13,1,5,REQUEST(VOTE Agent[03])
3,talk,14,1,13,Skip
3,talk,15,1,15,Over
3,talk,16,1,3,Skip
3,talk,17,1,10,AGREE TALK day3 ID:3
3,talk,18,1,2,ESTIMATE Agent[03] WEREWOLF
3,talk,19,1,7,Skip
3,talk,20,1,9,Over
3,talk,21,1,14,Over
3,talk,22,2,15,Over
3,talk,23,2,7,Over
3,talk,24,2,10,ESTIMATE Agent[03] WEREWOLF
3,talk,25,2,2,Skip
3,talk,26,2,13,Skip
3,talk,27,2,9,Over
3,talk,28,2,5,VOTE Agent[03]
3,talk,29,2,8,Skip
3,talk,30,2,11,VOTE Agent[13]
3,talk,31,2,3,Skip
3,talk,32,2,14,Over
3,talk,33,3,3,Over
3,talk,34,3,15,Over
3,talk,35,3,5,Skip
3,talk,36,3,14,Over
3,talk,37,3,2,Skip
3,talk,38,3,11,Skip
3,talk,39,3,13,VOTE Agent[03]
3,talk,40,3,8,Skip
3,talk,41,3,10,VOTE Agent[03]
3,talk,42,3,9,Over
3,talk,43,3,7,Over
3,talk,44,4,10,REQUEST(VOTE Agent[03])
3,talk,45,4,14,Over
3,talk,46,4,7,Over
3,talk,47,4,2,Over
3,talk,48,4,15,VOTE Agent[03]
3,talk,49,4,5,Skip
3,talk,50,4,8,Over
3,talk,51,4,13,Skip
3,talk,52,4,3,Over
3,talk,53,4,9,Over
3,talk,54,4,11,Skip
3,talk,55,5,15,Over
3,talk,56,5,3,Over
3,talk,57,5,2,Over
3,talk,58,5,11,Over
3,talk,59,5,9,Over
3,talk,60,5,8,Over
3,talk,61,5,10,ESTIMATE Agent[11] POSSESSED
3,talk,62,5,7,VOTE Agent[03]
3,talk,63,5,14,Over
3,talk,64,5,13,Skip
3,talk,65,5,5,Over
3,talk,66,6,9,Over
3,talk,67,6,10,VOTE Agent[11]
3,talk,68,6,11,Over
3,talk,69,6,3,Over
3,talk,70,6,15,Over
3,talk,71,6,5,Over
3,talk,72,6,8,Over
3,talk,73,6,13,Over
3,talk,74,6,2,Over
3,talk,75,6,14,Over
3,talk,76,6,7,Over
3,talk,77,7,7,Over
3,talk,78,7,9,Over
3,talk,79,7,8,Over
3,talk,80,7,11,Over
3,talk,81,7,3,Over
3,talk,82,7,10,REQUEST(VOTE Agent[11])
3,talk,83,7,13,Over
3,talk,84,7,14,Over
3,talk,85,7,15,ESTIMATE Agent[03] WEREWOLF
3,talk,86,7,5,Over
3,talk,87,7,2,Over
3,talk,88,8,14,Over
3,talk,89,8,11,Over
3,talk,90,8,10,VOTE Agent[03]
3,talk,91,8,5,Over
3,talk,92,8,3,Over
3,talk,93,8,2,Over
3,talk,94,8,8,Over
3,talk,95,8,13,Over
3,talk,96,8,9,Over
3,talk,97,8,7,Over
3,talk,98,8,15,Over
3,talk,99,9,2,Over
3,talk,100,9,9,Over
3,talk,101,9,5,Over
3,talk,102,9,10,Skip
3,talk,103,9,13,Over
3,talk,104,9,15,Over
3,talk,105,9,7,ESTIMATE Agent[05] WEREWOLF
3,talk,106,9,8,Over
3,talk,107,9,3,Over
3,talk,108,9,14,Over
3,talk,109,9,11,Over
3,talk,110,10,8,Over
3,talk,111,10,15,Over
3,talk,112,10,5,Over
3,talk,113,10,10,Skip
3,talk,114,10,13,Over
3,talk,115,10,3,Over
3,talk,116,10,2,Over
3,talk,117,10,11,Over
3,talk,118,10,9,Over
3,talk,119,10,14,Over
3,talk,120,10,7,ESTIMATE Agent[03] WEREWOLF
3,talk,121,11,11,Over
3,talk,122,11,9,Over
3,talk,123,11,8,Over
3,talk,124,11,15,Over
3,talk,125,11,14,Over
3,talk,126,11,7,Over
3,talk,127,11,2,Over
3,talk,128,11,3,Over
3,talk,129,11,13,Over
3,talk,130,11,10,Over
3,talk,131,11,5,Over
3,vote,2,11
3,vote,3,14
3,vote,5,3
3,vote,7,3
3,vote,8,11
3,vote,9,2
3,vote,10,3
3,vote,11,13
3,vote,13,3
3,vote,14,9
3,vote,15,3
3,execute,3,WEREWOLF
3,divine,5,13,HUMAN
3,whisper,0,0,11,ATTACK Agent[05]
3,whisper,1,0,15,ATTACK Agent[09]
3,whisper,2,1,11,Skip
3,whisper,3,1,15,ATTACK Agent[07]
3,whisper,4,2,15,ATTACK Agent[08]
3,whisper,5,2,11,Skip
3,whisper,6,3,15,ATTACK Agent[06]
3,whisper,7,3,11,ATTACK Agent[02]
3,whisper,8,4,15,ATTACK Agent[04]
3,whisper,9,4,11,Skip
3,whisper,10,5,15,ATTACK Agent[09]
3,whisper,11,5,11,Skip
3,whisper,12,6,11,ATTACK Agent[05]
3,whisper,13,6,15,ATTACK Agent[12]
3,whisper,14,7,15,ATTACK Agent[01]
3,whisper,15,7,11,Skip
3,whisper,16,8,15,ATTACK Agent[12]
3,whisper,17,8,11,ATTACK Agent[02]
3,whisper,18,9,15,ATTACK Agent[09]
3,whisper,19,9,11,ATTACK Agent[05]
3,whisper,20,10,11,ATTACK Agent[02]
3,whisper,21,10,15,Over
3,whisper,22,11,15,Over
3,whisper,23,11,11,ATTACK Agent[05]
3,whisper,24,12,15,Over
3,whisper,25,12,11,Skip
3,whisper,26,13,15,Over
3,whisper,27,13,11,ATTACK Agent[02]
3,whisper,28,14,11,ATTACK Agent[05]
3,whisper,29,14,15,Over
3,whisper,30,15,11,ATTACK Agent[02]
3,whisper,31,15,15,Over
3,whisper,32,16,15,Over
3,whisper,33,16,11,Over
3,attackVote,11,5
3,attackVote,15,10
3,attackVote,11,2
3,attackVote,15,9
3,attack,2,true
4,status,1,VILLAGER,DEAD,tmcit2017
4,status,2,VILLAGER,DEAD,Army
4,status,3,WEREWOLF,DEAD,rsaito
4,status,4,MEDIUM,DEAD,Neo_ELIZA
4,status,5,SEER,ALIVE,AIWolf_NET
4,status,6,VILLAGER,DEAD,Romanesco
4,status,7,VILLAGER,ALIVE,wasabi
4,status,8,VILLAGER,ALIVE,H-ReGEX
4,status,9,VILLAGER,ALIVE,yk_aiwolf
4,status,10,VILLAGER,ALIVE,Kanpyo
4,status,11,WEREWOLF,ALIVE,konno
4,status,12,POSSESSED,DEAD,AITKN
4,status,13,VILLAGER,ALIVE,neko
4,status,14,BODYGUARD,ALIVE,flex
4,status,15,WEREWOLF,ALIVE,Litt1eGirl
4,talk,0,0,13,VOTE Agent[05]
4,talk,1,0,14,Over
4,talk,2,0,5,DIVINED Agent[13] HUMAN
4,talk,3,0,10,Skip
4,talk,4,0,11,IDENTIFIED Agent[03] HUMAN
4,talk,5,0,7,Skip
4,talk,6,0,9,Over
4,talk,7,0,15,VOTE Agent[13]
4,talk,8,0,8,ESTIMATE Agent[05] WEREWOLF
4,talk,9,1,10,Skip
4,talk,10,1,9,Over
4,talk,11,1,11,ESTIMATE Agent[07] WEREWOLF
4,talk,12,1,13,Skip
4,talk,13,1,8,VOTE Agent[05]
4,talk,14,1,14,Over
4,talk,15,1,15,Over
4,talk,16,1,7,Skip
4,talk,17,1,5,VOTE Agent[08]
4,talk,18,2,13,Skip
4,talk,19,2,8,Skip
4,talk,20,2,7,Over
4,talk,21,2,10,Over
4,talk,22,2,15,VOTE Agent[05]
4,talk,23,2,9,Over
4,talk,24,2,11,VOTE Agent[07]
4,talk,25,2,14,Over
4,talk,26,2,5,ESTIMATE Agent[11] WEREWOLF
4,talk,27,3,14,Over
4,talk,28,3,10,ESTIMATE Agent[11] POSSESSED
4,talk,29,3,7,VOTE Agent[09]
4,talk,30,3,11,Skip
4,talk,31,3,15,Over
4,talk,32,3,5,VOTE Agent[11]
4,talk,33,3,9,Over
4,talk,34,3,8,Skip
4,talk,35,3,13,Over
4,talk,36,4,8,Over
4,talk,37,4,15,Over
4,talk,38,4,10,VOTE Agent[11]
4,talk,39,4,13,Over
4,talk,40,4,9,Over
4,talk,41,4,7,Over
4,talk,42,4,14,Over
4,talk,43,4,11,Skip
4,talk,44,4,5,Skip
4,talk,45,5,5,Skip
4,talk,46,5,9,Over
4,talk,47,5,11,Over
4,talk,48,5,10,REQUEST(VOTE Agent[11])
4,talk,49,5,7,Over
4,talk,50,5,13,Over
4,talk,51,5,15,Over
4,talk,52,5,8,Over
4,talk,53,5,14,Over
4,talk,54,6,13,Over
4,talk,55,6,8,Over
4,talk,56,6,7,Over
4,talk,57,6,11,Over
4,talk,58,6,15,Over
4,talk,59,6,5,Over
4,talk,60,6,9,Over
4,talk,61,6,14,Over
4,talk,62,6,10,VOTE Agent[05]
4,talk,63,7,8,Over
4,talk,64,7,15,ESTIMATE Agent[02] VILLAGER
4,talk,65,7,10,Skip
4,talk,66,7,13,Over
4,talk,67,7,7,VOTE Agent[11]
4,talk,68,7,9,Over
4,talk,69,7,5,Over
4,talk,70,7,14,Over
4,talk,71,7,11,Over
4,talk,72,8,7,ESTIMATE Agent[05] WEREWOLF
4,talk,73,8,14,Over
4,talk,74,8,13,Over
4,talk,75,8,5,Over
4,talk,76,8,10,Skip
4,talk,77,8,9,Over
4,talk,78,8,11,Over
4,talk,79,8,15,Over
4,talk,80,8,8,Over
4,talk,81,9,15,Over
4,talk,82,9,14,Over
4,talk,83,9,5,Over
4,talk,84,9,11,Over
4,talk,85,9,9,Over
4,talk,86,9,13,Over
4,talk,87,9,8,Over
4,talk,88,9,10,Over
4,talk,89,9,7,Over
4,vote,5,11
4,vote,7,11
4,vote,8,5
4,vote,9,10
4,vote,10,5
4,vote,11,7
4,vote,13,5
4,vote,14,15
4,vote,15,5
4,execute,5,SEER
4,whisper,0,0,11,ATTACK Agent[14]
4,whisper,1,0,15,ATTACK Agent[12]
4,whisper,2,1,11,ATTACK Agent[10]
4,whisper,3,1,15,ATTACK Agent[03]
4,whisper,4,2,15,ATTACK Agent[15]
4,whisper,5,2,11,ATTACK Agent[07]
4,whisper,6,3,11,ATTACK Agent[10]
4,whisper,7,3,15,ATTACK Agent[04]
4,whisper,8,4,15,ATTACK Agent[09]
4,whisper,9,4,11,ATTACK Agent[08]
4,whisper,10,5,11,ATTACK Agent[13]
4,whisper,11,5,15,ATTACK Agent[04]
4,whisper,12,6,11,ATTACK Agent[08]
4,whisper,13,6,15,ATTACK Agent[09]
4,whisper,14,7,11,ATTACK Agent[07]
4,whisper,15,7,15,ATTACK Agent[04]
4,whisper,16,8,11,ATTACK Agent[08]
4,whisper,17,8,15,ATTACK Agent[15]
4,whisper,18,9,15,ATTACK Agent[13]
4,whisper,19,9,11,Skip
4,whisper,20,10,15,Over
4,whisper,21,10,11,Skip
4,whisper,22,11,11,ATTACK Agent[07]
4,whisper,23,11,15,Over
4,whisper,24,12,11,Over
4,whisper,25,12,15,Over
4,attackVote,11,9
4,attack,9,true
5,status,1,VILLAGER,DEAD,tmcit2017
5,status,2,VILLAGER,DEAD,Army
5,status,3,WEREWOLF,DEAD,rsaito
5,status,4,MEDIUM,DEAD,Neo_ELIZA
5,status,5,SEER,DEAD,AIWolf_NET
5,status,6,VILLAGER,DEAD,Romanesco
5,status,7,VILLAGER,ALIVE,wasabi
5,status,8,VILLAGER,ALIVE,H-ReGEX
5,status,9,VILLAGER,DEAD,yk_aiwolf
5,status,10,VILLAGER,ALIVE,Kanpyo
5,status,11,WEREWOLF,ALIVE,konno
5,status,12,POSSESSED,DEAD,AITKN
5,status,13,VILLAGER,ALIVE,neko
5,status,14,BODYGUARD,ALIVE,flex
5,status,15,WEREWOLF,ALIVE,Litt1eGirl
5,talk,0,0,8,VOTE Agent[10]
5,talk,1,0,15,VOTE Agent[10]
5,talk,2,0,7,Skip
5,talk,3,0,13,VOTE Agent[07]
5,talk,4,0,10,Skip
5,talk,5,0,14,Over
5,talk,6,0,11,IDENTIFIED Agent[05] WEREWOLF
5,talk,7,1,15,ESTIMATE Agent[10] WEREWOLF
5,talk,8,1,11,ESTIMATE Agent[10] WEREWOLF
5,talk,9,1,13,VOTE Agent[10]
5,talk,10,1,8,Skip
5,talk,11,1,7,Skip
5,talk,12,1,14,Over
5,talk,13,1,10,Skip
5,talk,14,2,7,VOTE Agent[11]
5,talk,15,2,13,Skip
5,talk,16,2,8,Skip
5,talk,17,2,15,Over
5,talk,18,2,10,Over
5,talk,19,2,11,VOTE Agent[10]
5,talk,20,2,14,Over
5,talk,21,3,10,ESTIMATE Agent[11] POSSESSED
5,talk,22,3,11,Skip
5,talk,23,3,8,Over
5,talk,24,3,15,Over
5,talk,25,3,14,Over
5,talk,26,3,13,Skip
5,talk,27,3,7,ESTIMATE Agent[15] WEREWOLF
5,talk,28,4,8,Over
5,talk,29,4,7,Skip
5,talk,30,4,14,Over
5,talk,31,4,15,Over
5,talk,32,4,11,Skip
5,talk,33,4,10,VOTE Agent[11]
5,talk,34,4,13,Over
5,talk,35,5,13,Over
5,talk,36,5,11,Over
5,talk,37,5,14,Over
5,talk,38,5,10,REQUEST(VOTE Agent[11])
5,talk,39,5,7,Over
5,talk,40,5,15,Over
5,talk,41,5,8,Over
5,talk,42,6,7,Over
5,talk,43,6,14,Over
5,talk,44,6,10,Skip
5,talk,45,6,11,Over
5,talk,46,6,8,Over
5,talk,47,6,15,ESTIMATE Agent[10] WEREWOLF
5,talk,48,6,13,Over
5,talk,49,7,14,Over
5,talk,50,7,8,Over
5,talk,51,7,10,Skip
5,talk,52,7,11,Over
5,talk,53,7,15,ESTIMATE Agent[10] WEREWOLF
5,talk,54,7,7,Over
5,talk,55,7,13,Over
5,talk,56,8,8,Over
5,talk,57,8,7,Over
5,talk,58,8,11,Over
5,talk,59,8,14,Over
5,talk,60,8,15,Over
5,talk,61,8,13,Over
5,talk,62,8,10,Over
5,vote,7,11
5,vote,8,10
5,vote,10,11
5,vote,11,10
5,vote,13,10
5,vote,14,15
5,vote,15,10
5,execute,10,VILLAGER
5,whisper,0,0,11,ATTACK Agent[14]
5,whisper,1,0,15,ATTACK Agent[08]
5,whisper,2,1,15,ATTACK Agent[02]
5,whisper,3,1,11,Skip
5,whisper,4,2,15,ATTACK Agent[08]
5,whisper,5,2,11,ATTACK Agent[07]
5,whisper,6,3,11,Skip
5,whisper,7,3,15,ATTACK Agent[13]
5,whisper,8,4,15,ATTACK Agent[05]
5,whisper,9,4,11,ATTACK Agent[14]
5,whisper,10,5,11,ATTACK Agent[13]
5,whisper,11,5,15,ATTACK Agent[14]
5,whisper,12,6,11,ATTACK Agent[07]
5,whisper,13,6,15,ATTACK Agent[15]
5,whisper,14,7,15,ATTACK Agent[12]
5,whisper,15,7,11,ATTACK Agent[13]
5,whisper,16,8,11,Skip
5,whisper,17,8,15,ATTACK Agent[15]
5,whisper,18,9,15,Over
5,whisper,19,9,11,Skip
5,whisper,20,10,15,ATTACK Agent[02]
5,whisper,21,10,11,ATTACK Agent[07]
5,whisper,22,11,11,Skip
5,whisper,23,11,15,Over
5,whisper,24,12,15,Over
5,whisper,25,12,11,ATTACK Agent[08]
5,whisper,26,13,15,Over
5,whisper,27,13,11,ATTACK Agent[14]
5,whisper,28,14,11,ATTACK Agent[13]
5,whisper,29,14,15,Over
5,whisper,30,15,11,Over
5,whisper,31,15,15,Over
5,attackVote,11,14
5,attack,14,true
6,status,1,VILLAGER,DEAD,tmcit2017
6,status,2,VILLAGER,DEAD,Army
6,status,3,WEREWOLF,DEAD,rsaito
6,status,4,MEDIUM,DEAD,Neo_ELIZA
6,status,5,SEER,DEAD,AIWolf_NET
6,status,6,VILLAGER,DEAD,Romanesco
6,status,7,VILLAGER,ALIVE,wasabi
6,status,8,VILLAGER,ALIVE,H-ReGEX
6,status,9,VILLAGER,DEAD,yk_aiwolf
6,status,10,VILLAGER,DEAD,Kanpyo
6,status,11,WEREWOLF,ALIVE,konno
6,status,12,POSSESSED,DEAD,AITKN
6,status,13,VILLAGER,ALIVE,neko
6,status,14,BODYGUARD,DEAD,flex
6,status,15,WEREWOLF,ALIVE,Litt1eGirl
6,talk,0,0,8,VOTE Agent[15]
6,talk,1,0,13,VOTE Agent[07]
6,talk,2,0,11,IDENTIFIED Agent[10] HUMAN
6,talk,3,0,7,Skip
6,talk,4,0,15,VOTE Agent[07]
6,talk,5,1,11,ESTIMATE Agent[08] WEREWOLF
6,talk,6,1,13,Skip
6,talk,7,1,8,Skip
6,talk,8,1,7,Skip
6,talk,9,1,15,Over
6,talk,10,2,13,Skip
6,talk,11,2,8,Skip
6,talk,12,2,15,ESTIMATE Agent[09] VILLAGER
6,talk,13,2,7,Over
6,talk,14,2,11,VOTE Agent[08]
6,talk,15,3,15,Over
6,talk,16,3,11,Skip
6,talk,17,3,13,Over
6,talk,18,3,7,VOTE Agent[15]
6,talk,19,3,8,Over
6,talk,20,4,15,Over
6,talk,21,4,13,Over
6,talk,22,4,7,Over
6,talk,23,4,8,Over
6,talk,24,4,11,Skip
6,talk,25,5,7,Over
6,talk,26,5,11,Over
6,talk,27,5,8,Over
6,talk,28,5,13,Over
6,talk,29,5,15,Over
6,vote,7,15
6,vote,8,15
6,vote,11,8
6,vote,13,7
6,vote,15,7
6,vote,7,15
6,vote,8,15
6,vote,11,8
6,vote,13,15
6,vote,15,7
6,execute,15,WEREWOLF
6,attackVote,11,8
6,attack,8,true
7,status,1,VILLAGER,DEAD,tmcit2017
7,status,2,VILLAGER,DEAD,Army
7,status,3,WEREWOLF,DEAD,rsaito
7,status,4,MEDIUM,DEAD,Neo_ELIZA
7,status,5,SEER,DEAD,AIWolf_NET
7,status,6,VILLAGER,DEAD,Romanesco
7,status,7,VILLAGER,ALIVE,wasabi
7,status,8,VILLAGER,DEAD,H-ReGEX
7,status,9,VILLAGER,DEAD,yk_aiwolf
7,status,10,VILLAGER,DEAD,Kanpyo
7,status,11,WEREWOLF,ALIVE,konno
7,status,12,POSSESSED,DEAD,AITKN
7,status,13,VILLAGER,ALIVE,neko
7,status,14,BODYGUARD,DEAD,flex
7,status,15,WEREWOLF,DEAD,Litt1eGirl
7,talk,0,0,11,IDENTIFIED Agent[15] HUMAN
7,talk,1,0,7,Skip
7,talk,2,0,13,VOTE Agent[07]
7,talk,3,1,7,Skip
7,talk,4,1,11,ESTIMATE Agent[07] WEREWOLF
7,talk,5,1,13,Skip
7,talk,6,2,11,VOTE Agent[07]
7,talk,7,2,7,Over
7,talk,8,2,13,Skip
7,talk,9,3,7,Over
7,talk,10,3,11,Skip
7,talk,11,3,13,Over
7,talk,12,4,13,Over
7,talk,13,4,11,Skip
7,talk,14,4,7,Over
7,talk,15,5,11,Over
7,talk,16,5,7,Over
7,talk,17,5,13,Over
7,vote,7,11
7,vote,11,7
7,vote,13,7
7,execute,7,VILLAGER
7,attackVote,11,13
7,attack,13,true
8,status,1,VILLAGER,DEAD,tmcit2017
8,status,2,VILLAGER,DEAD,Army
8,status,3,WEREWOLF,DEAD,rsaito
8,status,4,MEDIUM,DEAD,Neo_ELIZA
8,status,5,SEER,DEAD,AIWolf_NET
8,status,6,VILLAGER,DEAD,Romanesco
8,status,7,VILLAGER,DEAD,wasabi
8,status,8,VILLAGER,DEAD,H-ReGEX
8,status,9,VILLAGER,DEAD,yk_aiwolf
8,status,10,VILLAGER,DEAD,Kanpyo
8,status,11,WEREWOLF,ALIVE,konno
8,status,12,POSSESSED,DEAD,AITKN
8,status,13,VILLAGER,DEAD,neko
8,status,14,BODYGUARD,DEAD,flex
8,status,15,WEREWOLF,DEAD,Litt1eGirl
8,result,0,1,WEREWOLF
