0,status,1,VILLAGER,ALIVE,tmcit2017
0,status,2,WEREWOLF,ALIVE,Army
0,status,3,VILLAGER,ALIVE,rsaito
0,status,4,WEREWOLF,ALIVE,Neo_ELIZA
0,status,5,VILLAGER,ALIVE,AIWolf_NET
0,status,6,MEDIUM,ALIVE,Romanesco
0,status,7,WEREWOLF,ALIVE,wasabi
0,status,8,BODYGUARD,ALIVE,H-ReGEX
0,status,9,VILLAGER,ALIVE,yk_aiwolf
0,status,10,VILLAGER,ALIVE,Kanpyo
0,status,11,VILLAGER,ALIVE,konno
0,status,12,POSSESSED,ALIVE,AITKN
0,status,13,VILLAGER,ALIVE,neko
0,status,14,VILLAGER,ALIVE,flex
0,status,15,SEER,ALIVE,Litt1eGirl
0,whisper,0,0,2,Over
0,whisper,1,0,7,Over
0,whisper,2,0,4,ATTACK Agent[03]
0,whisper,3,1,7,Over
0,whisper,4,1,2,Over
0,whisper,5,1,4,ATTACK Agent[13]
0,whisper,6,2,7,ATTACK Agent[08]
0,whisper,7,2,2,Over
0,whisper,8,2,4,ATTACK Agent[01]
0,whisper,9,3,7,Over
0,whisper,10,3,4,ATTACK Agent[13]
0,whisper,11,3,2,Over
0,whisper,12,4,4,ATTACK Agent[10]
0,whisper,13,4,2,Over
0,whisper,14,4,7,Over
0,whisper,15,5,7,Over
0,whisper,16,5,2,Over
0,whisper,17,5,4,ATTACK Agent[11]
0,whisper,18,6,7,Over
0,whisper,19,6,4,ATTACK Agent[01]
0,whisper,20,6,2,Over
0,whisper,21,7,7,Over
0,whisper,22,7,4,ATTACK Agent[12]
0,whisper,23,7,2,Over
0,whisper,24,8,7,ATTACK Agent[14]
0,whisper,25,8,2,Over
0,whisper,26,8,4,ATTACK Agent[15]
0,whisper,27,9,7,Over
0,whisper,28,9,2,Over
0,whisper,29,9,4,ATTACK Agent[09]
0,whisper,30,10,2,Over
0,whisper,31,10,7,Over
0,whisper,32,10,4,Over
0,divine,15,3,HUMAN
1,status,1,VILLAGER,ALIVE,tmcit2017
1,status,2,WEREWOLF,ALIVE,Army
1,status,3,VILLAGER,ALIVE,rsaito
1,status,4,WEREWOLF,ALIVE,Neo_ELIZA
1,status,5,VILLAGER,ALIVE,AIWolf_NET
1,status,6,MEDIUM,ALIVE,Romanesco
1,status,7,WEREWOLF,ALIVE,wasabi
1,status,8,BODYGUARD,ALIVE,H-ReGEX
1,status,9,VILLAGER,ALIVE,yk_aiwolf
1,status,10,VILLAGER,ALIVE,Kanpyo
1,status,11,VILLAGER,ALIVE,konno
1,status,12,POSSESSED,ALIVE,AITKN
1,status,13,VILLAGER,ALIVE,neko
1,status,14,VILLAGER,ALIVE,flex
1,status,15,SEER,ALIVE,Litt1eGirl
1,talk,0,0,7,Skip
1,talk,1,0,10,VOTE Agent[05]
1,talk,2,0,2,Skip
1,talk,3,0,12,COMINGOUT Agent[12] SEER
1,talk,4,0,3,VOTE Agent[06]
1,talk,5,0,11,VOTE Agent[15]
1,talk,6,0,5,VOTE Agent[14]
1,talk,7,0,14,Over
1,talk,8,0,1,COMINGOUT Agent[01] VILLAGER
1,talk,9,0,4,VOTE Agent[10]
1,talk,10,0,9,Over
1,talk,11,0,15,VOTE Agent[12]
1,talk,12,0,6,Skip
1,talk,13,0,8,VOTE Agent[13]
1,talk,14,0,13,VOTE Agent[06]
1,talk,15,1,7,VOTE Agent[06]
1,talk,16,1,10,ESTIMATE Agent[12] SEER
1,talk,17,1,14,Over
1,talk,18,1,15,COMINGOUT Agent[15] SEER
1,talk,19,1,13,VOTE Agent[04]
1,talk,20,1,3,VOTE Agent[13]
1,talk,21,1,12,DIVINED Agent[06] WEREWOLF
1,talk,22,1,8,Skip
1,talk,23,1,9,Over
1,talk,24,1,11,Skip
1,talk,25,1,6,Skip
1,talk,26,1,5,Skip
1,talk,27,1,1,Over
1,talk,28,1,4,VOTE Agent[15]
1,talk,29,1,2,Skip
1,talk,30,2,6,Over
1,talk,31,2,3,VOTE Agent[06]
1,talk,32,2,9,Over
1,talk,33,2,1,Over
1,talk,34,2,4,VOTE Agent[14]
1,talk,35,2,2,ESTIMATE Agent[06] WEREWOLF
1,talk,36,2,11,Skip
1,talk,37,2,5,Skip
1,talk,38,2,7,ESTIMATE Agent[10] VILLAGER
1,talk,39,2,8,ESTIMATE Agent[06] WEREWOLF
1,talk,40,2,10,ESTIMATE Agent[15] SEER
1,talk,41,2,12,VOTE Agent[06]
1,talk,42,2,13,VOTE Agent[06]
1,talk,43,2,15,DIVINED Agent[03] HUMAN
1,talk,44,2,14,Over
1,talk,45,3,10,AGREE TALK day1 ID:21
1,talk,46,3,12,REQUEST(VOTE Agent[06])
1,talk,47,3,8,VOTE Agent[06]
1,talk,48,3,13,Skip
1,talk,49,3,7,Skip
1,talk,50,3,2,Skip
1,talk,51,3,5,Over
1,talk,52,3,3,Skip
1,talk,53,3,1,Over
1,talk,54,3,11,Over
1,talk,55,3,14,Over
1,talk,56,3,6,VOTE Agent[06]
1,talk,57,3,4,VOTE Agent[11]
1,talk,58,3,15,Over
1,talk,59,3,9,Over
1,talk,60,4,10,ESTIMATE Agent[06] WEREWOLF
1,talk,61,4,1,Over
1,talk,62,4,13,Skip
1,talk,63,4,9,Over
1,talk,64,4,5,Over
1,talk,65,4,4,VOTE Agent[09]
1,talk,66,4,8,Skip
1,talk,67,4,14,Over
1,talk,68,4,15,ESTIMATE Agent[03] VILLAGER
1,talk,69,4,7,ESTIMATE Agent[01] VILLAGER
1,talk,70,4,12,AGREE TALK day1 ID:14
1,talk,71,4,2,Skip
1,talk,72,4,11,Over
1,talk,73,4,6,Skip
1,talk,74,4,3,Skip
1,talk,75,5,3,Over
1,talk,76,5,2,Over
1,talk,77,5,6,VOTE Agent[06]
1,talk,78,5,14,Over
1,talk,79,5,15,Over
1,talk,80,5,1,Over
1,talk,81,5,9,Over
1,talk,82,5,7,Skip
1,talk,83,5,8,Skip
1,talk,84,5,13,Over
1,talk,85,5,4,VOTE Agent[13]
1,talk,86,5,11,Over
1,talk,87,5,5,Over
1,talk,88,5,10,VOTE Agent[06]
1,talk,89,5,12,AGREE TALK day1 ID:15
1,talk,90,6,10,REQUEST(VOTE Agent[06])
1,talk,91,6,5,Over
1,talk,92,6,8,Over
1,talk,93,6,12,AGREE TALK day1 ID:16
1,talk,94,6,2,Over
1,talk,95,6,15,Over
1,talk,96,6,11,Over
1,talk,97,6,7,Over
1,talk,98,6,3,Over
1,talk,99,6,14,Over
1,talk,100,6,4,VOTE Agent[06]
1,talk,101,6,13,Over
1,talk,102,6,6,Skip
1,talk,103,6,9,Over
1,talk,104,6,1,Over
1,talk,105,7,2,Over
1,talk,106,7,11,Over
1,talk,107,7,1,Over
1,talk,108,7,6,VOTE Agent[06]
1,talk,109,7,5,Over
1,talk,110,7,15,ESTIMATE Agent[12] WEREWOLF
1,talk,111,7,14,Over
1,talk,112,7,13,Over
1,talk,113,7,9,Over
1,talk,114,7,3,Over
1,talk,115,7,8,Over
1,talk,116,7,10,VOTE Agent[06]
1,talk,117,7,12,AGREE TALK day1 ID:31
1,talk,118,7,7,Over
1,talk,119,7,4,VOTE Agent[01]
1,talk,120,8,15,Over
1,talk,121,8,3,Over
1,talk,122,8,8,Over
1,talk,123,8,6,Skip
1,talk,124,8,7,Over
1,talk,125,8,12,AGREE TALK day1 ID:42
1,talk,126,8,13,Over
1,talk,127,8,1,Over
1,talk,128,8,5,Over
1,talk,129,8,11,Over
1,talk,130,8,10,Skip
1,talk,131,8,9,Over
1,talk,132,8,2,Over
1,talk,133,8,14,Over
1,talk,134,8,4,VOTE Agent[15]
1,talk,135,9,9,Over
1,talk,136,9,14,Over
1,talk,137,9,10,Skip
1,talk,138,9,13,Over
1,talk,139,9,5,Over
1,talk,140,9,11,Over
1,talk,141,9,3,Over
1,talk,142,9,2,Over
1,talk,143,9,12,AGREE TALK day1 ID:47
1,talk,144,9,6,Skip
1,talk,145,9,4,Skip
1,talk,146,9,8,Over
1,talk,147,9,15,Over
1,talk,148,9,1,Over
1,talk,149,9,7,Over
1,talk,150,10,10,Over
1,talk,151,10,7,Over
1,talk,152,10,1,Over
1,talk,153,10,6,Over
1,talk,154,10,12,Over
1,talk,155,10,15,Over
1,talk,156,10,11,Over
1,talk,157,10,9,Over
1,talk,158,10,5,Over
1,talk,159,10,14,Over
1,talk,160,10,2,Over
1,talk,161,10,8,Over
1,talk,162,10,13,Over
1,talk,163,10,4,VOTE Agent[06]
1,talk,164,10,3,Over
1,talk,165,11,7,Over
1,talk,166,11,9,Over
1,talk,167,11,8,Over
1,talk,168,11,6,Over
1,talk,169,11,11,Over
1,talk,170,11,13,Over
1,talk,171,11,15,Over
1,talk,172,11,10,Over
1,talk,173,11,1,Over
1,talk,174,11,2,Over
1,talk,175,11,4,Over
1,talk,176,11,3,Over
1,talk,177,11,5,Over
1,talk,178,11,14,Over
1,talk,179,11,12,Over
1,vote,1,6
1,vote,2,3
1,vote,3,6
1,vote,4,1
1,vote,5,14
1,vote,6,10
1,vote,7,6
1,vote,8,6
1,vote,9,14
1,vote,10,6
1,vote,11,15
1,vote,12,6
1,vote,13,6
1,vote,14,13
1,vote,15,12
1,execute,6,MEDIUM
1,divine,15,14,HUMAN
1,whisper,0,0,4,ESTIMATE Agent[12] POSSESSED
1,whisper,1,0,2,Over
1,whisper,2,0,7,ATTACK Agent[03]
1,whisper,3,1,4,ATTACK Agent[13]
1,whisper,4,1,2,Over
1,whisper,5,1,7,Over
1,whisper,6,2,2,Over
1,whisper,7,2,7,Over
1,whisper,8,2,4,ATTACK Agent[15]
1,whisper,9,3,7,Over
1,whisper,10,3,2,Over
1,whisper,11,3,4,ATTACK Agent[01]
1,whisper,12,4,4,ATTACK Agent[06]
1,whisper,13,4,2,Over
1,whisper,14,4,7,Over
1,whisper,15,5,2,Over
1,whisper,16,5,7,Over
1,whisper,17,5,4,ATTACK Agent[01]
1,whisper,18,6,4,ATTACK Agent[06]
1,whisper,19,6,7,Over
1,whisper,20,6,2,Over
1,whisper,21,7,7,Over
1,whisper,22,7,2,Over
1,whisper,23,7,4,ATTACK Agent[13]
1,whisper,24,8,7,Over
1,whisper,25,8,2,Over
1,whisper,26,8,4,ATTACK Agent[14]
1,whisper,27,9,4,ATTACK Agent[06]
1,whisper,28,9,2,Over
1,whisper,29,9,7,Over
1,whisper,30,10,7,ATTACK Agent[15]
1,whisper,31,10,2,Over
1,whisper,32,10,4,Over
1,whisper,33,11,2,Over
1,whisper,34,11,4,Over
1,whisper,35,11,7,Over
1,guard,8,12,POSSESSED
1,attackVote,2,1
1,attackVote,4,8
1,attackVote,7,15
1,attackVote,2,1
1,attackVote,4,15
1,attackVote,7,3
1,attack,1,true
2,status,1,VILLAGER,DEAD,tmcit2017
2,status,2,WEREWOLF,ALIVE,Army
2,status,3,VILLAGER,ALIVE,rsaito
2,status,4,WEREWOLF,ALIVE,Neo_ELIZA
2,status,5,VILLAGER,ALIVE,AIWolf_NET
2,status,6,MEDIUM,DEAD,Romanesco
2,status,7,WEREWOLF,ALIVE,wasabi
2,status,8,BODYGUARD,ALIVE,H-ReGEX
2,status,9,VILLAGER,ALIVE,yk_aiwolf
2,status,10,VILLAGER,ALIVE,Kanpyo
2,status,11,VILLAGER,ALIVE,konno
2,status,12,POSSESSED,ALIVE,AITKN
2,status,13,VILLAGER,ALIVE,neko
2,status,14,VILLAGER,ALIVE,flex
2,status,15,SEER,ALIVE,Litt1eGirl
2,talk,0,0,2,Skip
2,talk,1,0,15,DIVINED Agent[14] HUMAN
2,talk,2,0,14,Over
2,talk,3,0,3,VOTE Agent[04]
2,talk,4,0,12,COMINGOUT Agent[12] POSSESSED
2,talk,5,0,9,Over
2,talk,6,0,13,VOTE Agent[04]
2,talk,7,0,4,VOTE Agent[06]
2,talk,8,0,11,VOTE Agent[08]
2,talk,9,0,5,VOTE Agent[02]
2,talk,10,0,10,Skip
2,talk,11,0,8,ESTIMATE Agent[06] WEREWOLF
2,talk,12,0,7,Skip
2,talk,13,1,10,ESTIMATE Agent[12] POSSESSED
2,talk,14,1,11,Skip
2,talk,15,1,7,Skip
2,talk,16,1,9,Over
2,talk,17,1,4,VOTE Agent[09]
2,talk,18,1,15,VOTE Agent[12]
2,talk,19,1,14,Over
2,talk,20,1,12,Skip
2,talk,21,1,5,Skip
2,talk,22,1,8,VOTE Agent[06]
2,talk,23,1,3,Skip
2,talk,24,1,13,Skip
2,talk,25,1,2,VOTE Agent[12]
2,talk,26,2,14,Over
2,talk,27,2,13,Skip
2,talk,28,2,10,VOTE Agent[12]
2,talk,29,2,5,Skip
2,talk,30,2,3,Skip
2,talk,31,2,12,Skip
2,talk,32,2,2,Skip
2,talk,33,2,8,Skip
2,talk,34,2,11,Skip
2,talk,35,2,7,VOTE Agent[12]
2,talk,36,2,15,Over
2,talk,37,2,4,VOTE Agent[01]
2,talk,38,2,9,Over
2,talk,39,3,13,Over
2,talk,40,3,12,Over
2,talk,41,3,5,Over
2,talk,42,3,11,Over
2,talk,43,3,2,Skip
2,talk,44,3,14,Over
2,talk,45,3,3,Over
2,talk,46,3,7,ESTIMATE Agent[14] VILLAGER
2,talk,47,3,8,Skip
2,talk,48,3,4,VOTE Agent[11]
2,talk,49,3,10,REQUEST(VOTE Agent[12])
2,talk,50,3,9,Over
2,talk,51,3,15,ESTIMATE Agent[12] WEREWOLF
2,talk,52,4,12,Over
2,talk,53,4,5,Over
2,talk,54,4,4,Skip
2,talk,55,4,11,Over
2,talk,56,4,10,ESTIMATE Agent[12] POSSESSED
2,talk,57,4,13,VOTE Agent[02]
2,talk,58,4,15,Over
2,talk,59,4,3,Over
2,talk,60,4,7,Skip
2,talk,61,4,2,Over
2,talk,62,4,9,Over
2,talk,63,4,14,Over
2,talk,64,4,8,Over
2,talk,65,5,3,Over
2,talk,66,5,15,Over
2,talk,67,5,7,ESTIMATE Agent[15] SEER
2,talk,68,5,4,VOTE Agent[06]
2,talk,69,5,13,Skip
2,talk,70,5,2,Over
2,talk,71,5,5,Over
2,talk,72,5,10,VOTE Agent[12]
2,talk,73,5,9,Over
2,talk,74,5,12,Over
2,talk,75,5,14,Over
2,talk,76,5,11,Over
2,talk,77,5,8,Over
2,talk,78,6,4,VOTE Agent[09]
2,talk,79,6,3,Over
2,talk,80,6,12,Over
2,talk,81,6,15,ESTIMATE Agent[12] WEREWOLF
2,talk,82,6,13,Skip
2,talk,83,6,2,Over
2,talk,84,6,10,Skip
2,talk,85,6,8,Over
2,talk,86,6,7,Over
2,talk,87,6,14,Over
2,talk,88,6,11,Over
2,talk,89,6,5,Over
2,talk,90,6,9,Over
2,talk,91,7,14,Over
2,talk,92,7,3,Over
2,talk,93,7,12,Over
2,talk,94,7,9,Over
2,talk,95,7,11,Over
2,talk,96,7,5,Over
2,talk,97,7,2,Over
2,talk,98,7,8,Over
2,talk,99,7,7,ESTIMATE Agent[12] WEREWOLF
2,talk,100,7,15,Over
2,talk,101,7,4,VOTE Agent[06]
2,talk,102,7,10,Skip
2,talk,103,7,13,Over
2,talk,104,8,15,Over
2,talk,105,8,5,Over
2,talk,106,8,13,Over
2,talk,107,8,14,Over
2,talk,108,8,12,Over
2,talk,109,8,8,Over
2,talk,110,8,10,Over
2,talk,111,8,2,Over
2,talk,112,8,7,Over
2,talk,113,8,9,Over
2,talk,114,8,3,Over
2,talk,115,8,11,Over
2,talk,116,8,4,VOTE Agent[01]
2,talk,117,9,4,VOTE Agent[11]
2,talk,118,9,13,Over
2,talk,119,9,3,Over
2,talk,120,9,10,Over
2,talk,121,9,7,ESTIMATE Agent[14] VILLAGER
2,talk,122,9,2,Over
2,talk,123,9,8,Over
2,talk,124,9,11,Over
2,talk,125,9,14,Over
2,talk,126,9,9,Over
2,talk,127,9,12,Over
2,talk,128,9,5,Over
2,talk,129,9,15,Over
2,talk,130,10,14,Over
2,talk,131,10,10,Over
2,talk,132,10,12,Over
2,talk,133,10,4,Skip
2,talk,134,10,13,Over
2,talk,135,10,5,Over
2,talk,136,10,7,Over
2,talk,137,10,8,Over
2,talk,138,10,2,Over
2,talk,139,10,3,Over
2,talk,140,10,9,Over
2,talk,141,10,15,Over
2,talk,142,10,11,Over
2,talk,143,11,3,Over
2,talk,144,11,5,Over
2,talk,145,11,9,Over
2,talk,146,11,15,Over
2,talk,147,11,13,Over
2,talk,148,11,12,Over
2,talk,149,11,7,Over
2,talk,150,11,2,Over
2,talk,151,11,11,Over
2,talk,152,11,10,Over
2,talk,153,11,4,Skip
2,talk,154,11,8,Over
2,talk,155,11,14,Over
2,talk,156,12,7,ESTIMATE Agent[11] WEREWOLF
2,talk,157,12,4,Over
2,talk,158,12,8,Over
2,talk,159,12,15,Over
2,talk,160,12,10,Over
2,talk,161,12,9,Over
2,talk,162,12,11,Over
2,talk,163,12,13,Over
2,talk,164,12,14,Over
2,talk,165,12,3,Over
2,talk,166,12,2,Over
2,talk,167,12,5,Over
2,talk,168,12,12,Over
2,talk,169,13,12,Over
2,talk,170,13,13,Over
2,talk,171,13,14,Over
2,talk,172,13,8,Over
2,talk,173,13,2,Over
2,talk,174,13,7,ESTIMATE Agent[14] VILLAGER
2,talk,175,13,4,Over
2,talk,176,13,11,Over
2,talk,177,13,3,Over
2,talk,178,13,10,Over
2,talk,179,13,5,Over
2,talk,180,13,9,Over
2,talk,181,13,15,Over
2,talk,182,14,10,Over
2,talk,183,14,9,Over
2,talk,184,14,2,Over
2,talk,185,14,14,Over
2,talk,186,14,15,Over
2,talk,187,14,3,Over
2,talk,188,14,7,ESTIMATE Agent[03] VILLAGER
2,talk,189,14,12,Over
2,talk,190,14,13,Over
2,talk,191,14,11,Over
2,talk,192,14,5,Over
2,talk,193,14,8,Over
2,talk,194,14,4,VOTE Agent[01]
2,talk,195,15,8,Over
2,talk,196,15,2,Over
2,talk,197,15,3,Over
2,talk,198,15,11,Over
2,talk,199,15,10,Over
2,talk,200,15,9,Over
2,talk,201,15,13,Over
2,talk,202,15,4,Over
2,talk,203,15,14,Over
2,talk,204,15,15,Over
2,talk,205,15,12,Over
2,talk,206,15,5,Over
2,talk,207,15,7,Over
2,vote,2,12
2,vote,3,4
2,vote,4,10
2,vote,5,2
2,vote,7,12
2,vote,8,9
2,vote,9,13
2,vote,10,12
2,vote,11,8
2,vote,12,5
2,vote,13,2
2,vote,14,12
2,vote,15,12
2,execute,12,POSSESSED
2,divine,15,2,WEREWOLF
2,whisper,0,0,2,Over
2,whisper,1,0,7,Over
2,whisper,2,0,4,ATTACK Agent[09]
2,whisper,3,1,4,Skip
2,whisper,4,1,2,Over
2,whisper,5,1,7,ATTACK Agent[15]
2,whisper,6,2,2,Over
2,whisper,7,2,4,ATTACK Agent[11]
2,whisper,8,2,7,Over
2,whisper,9,3,7,Over
2,whisper,10,3,2,Over
2,whisper,11,3,4,ATTACK Agent[06]
2,whisper,12,4,4,ATTACK Agent[03]
2,whisper,13,4,7,Over
2,whisper,14,4,2,Over
2,whisper,15,5,4,ATTACK Agent[10]
2,whisper,16,5,2,Over
2,whisper,17,5,7,Over
2,whisper,18,6,2,Over
2,whisper,19,6,7,Over
2,whisper,20,6,4,ATTACK Agent[14]
2,whisper,21,7,4,Skip
2,whisper,22,7,2,Over
2,whisper,23,7,7,Over
2,whisper,24,8,2,Over
2,whisper,25,8,4,ATTACK Agent[03]
2,whisper,26,8,7,Over
2,whisper,27,9,2,Over
2,whisper,28,9,4,ATTACK Agent[13]
2,whisper,29,9,7,Over
2,whisper,30,10,2,Over
2,whisper,31,10,7,Over
2,whisper,32,10,4,ATTACK Agent[15]
2,whisper,33,11,7,Over
2,whisper,34,11,2,Over
2,whisper,35,11,4,ATTACK Agent[11]
2,whisper,36,12,4,Over
2,whisper,37,12,2,Over
2,whisper,38,12,7,Over
2,guard,8,15,SEER
2,attackVote,2,3
2,attackVote,4,3
2,attackVote,7,15
2,attack,3,true
3,status,1,VILLAGER,DEAD,tmcit2017
3,status,2,WEREWOLF,ALIVE,Army
3,status,3,VILLAGER,DEAD,rsaito
3,status,4,WEREWOLF,ALIVE,Neo_ELIZA
3,status,5,VILLAGER,ALIVE,AIWolf_NET
3,status,6,MEDIUM,DEAD,Romanesco
3,status,7,WEREWOLF,ALIVE,wasabi
3,status,8,BODYGUARD,ALIVE,H-ReGEX
3,status,9,VILLAGER,ALIVE,yk_aiwolf
3,status,10,VILLAGER,ALIVE,Kanpyo
3,status,11,VILLAGER,ALIVE,konno
3,status,12,POSSESSED,DEAD,AITKN
3,status,13,VILLAGER,ALIVE,neko
3,status,14,VILLAGER,ALIVE,flex
3,status,15,SEER,ALIVE,Litt1eGirl
3,talk,0,0,4,VOTE Agent[11]
3,talk,1,0,14,Over
3,talk,2,0,15,DIVINED Agent[02] WEREWOLF
3,talk,3,0,10,Skip
3,talk,4,0,5,VOTE Agent[07]
3,talk,5,0,7,VOTE Agent[09]
3,talk,6,0,8,ESTIMATE Agent[06] WEREWOLF
3,talk,7,0,2,Skip
3,talk,8,0,11,VOTE Agent[02]
3,talk,9,0,13,VOTE Agent[02]
3,talk,10,0,9,Over
3,talk,11,1,11,Skip
3,talk,12,1,4,VOTE Agent[15]
3,talk,13,1,13,Skip
3,talk,14,1,8,VOTE Agent[06]
3,talk,15,1,15,VOTE Agent[07]
3,talk,16,1,14,Over
3,talk,17,1,2,DISAGREE TALK day3 ID:2
3,talk,18,1,9,Over
3,talk,19,1,10,AGREE TALK day3 ID:2
3,talk,20,1,5,Skip
3,talk,21,1,7,Skip
3,talk,22,2,9,Over
3,talk,23,2,13,Skip
3,talk,24,2,7,VOTE Agent[02]
3,talk,25,2,14,Over
3,talk,26,2,8,Skip
3,talk,27,2,5,Skip
3,talk,28,2,11,Skip
3,talk,29,2,10,ESTIMATE Agent[02] WEREWOLF
3,talk,30,2,2,ESTIMATE Agent[15] POSSESSED
3,talk,31,2,15,Over
3,talk,32,2,4,VOTE Agent[06]
3,talk,33,3,7,ESTIMATE Agent[10] VILLAGER
3,talk,34,3,15,Over
3,talk,35,3,2,DISAGREE TALK day3 ID:29
3,talk,36,3,4,VOTE Agent[08]
3,talk,37,3,10,VOTE Agent[02]
3,talk,38,3,5,Over
3,talk,39,3,8,Skip
3,talk,40,3,14,Over
3,talk,41,3,11,Over
3,talk,42,3,9,Over
3,talk,43,3,13,Over
3,talk,44,4,9,Over
3,talk,45,4,4,VOTE Agent[10]
3,talk,46,4,14,Over
3,talk,47,4,7,Skip
3,talk,48,4,11,Over
3,talk,49,4,8,Over
3,talk,50,4,10,REQUEST(VOTE Agent[02])
3,talk,51,4,2,Skip
3,talk,52,4,13,Over
3,talk,53,4,15,Over
3,talk,54,4,5,Over
3,talk,55,5,14,Over
3,talk,56,5,15,Over
3,talk,57,5,4,VOTE Agent[14]
3,talk,58,5,5,Over
3,talk,59,5,11,Over
3,talk,60,5,9,Over
3,talk,61,5,7,ESTIMATE Agent[09] VILLAGER
3,talk,62,5,8,Over
3,talk,63,5,13,Over
3,talk,64,5,2,Skip
3,talk,65,5,10,VOTE Agent[02]
3,talk,66,6,2,Over
3,talk,67,6,9,Over
3,talk,68,6,10,Skip
3,talk,69,6,11,Over
3,talk,70,6,13,Over
3,talk,71,6,4,VOTE Agent[01]
3,talk,72,6,8,Over
3,talk,73,6,7,Skip
3,talk,74,6,5,Over
3,talk,75,6,15,Over
3,talk,76,6,14,Over
3,talk,77,7,13,Over
3,talk,78,7,9,Over
3,talk,79,7,11,Over
3,talk,80,7,15,Over
3,talk,81,7,10,Skip
3,talk,82,7,8,Over
3,talk,83,7,5,Over
3,talk,84,7,7,Over
3,talk,85,7,2,Over
3,talk,86,7,4,VOTE Agent[06]
3,talk,87,7,14,Over
3,talk,88,8,2,Over
3,talk,89,8,5,Over
3,talk,90,8,9,Over
3,talk,91,8,15,ESTIMATE Agent[07] WEREWOLF
3,talk,92,8,7,ESTIMATE Agent[11] VILLAGER
3,talk,93,8,11,Over
3,talk,94,8,14,Over
3,talk,95,8,8,Over
3,talk,96,8,4,VOTE Agent[08]
3,talk,97,8,10,Over
3,talk,98,8,13,Over
3,talk,99,9,5,Over
3,talk,100,9,13,Over
3,talk,101,9,14,Over
3,talk,102,9,2,Over
3,talk,103,9,9,Over
3,talk,104,9,4,VOTE Agent[10]
3,talk,105,9,15,Over
3,talk,106,9,11,Over
3,talk,107,9,7,Over
3,talk,108,9,10,Over
3,talk,109,9,8,Over
3,talk,110,10,2,Over
3,talk,111,10,7,Over
3,talk,112,10,14,Over
3,talk,113,10,8,Over
3,talk,114,10,9,Over
3,talk,115,10,11,Over
3,talk,116,10,13,Over
3,talk,117,10,4,Over
3,talk,118,10,5,Over
3,talk,119,10,15,Over
3,talk,120,10,10,Over
3,vote,2,15
3,vote,4,14
3,vote,5,7
3,vote,7,2
3,vote,8,9
3,vote,9,11
3,vote,10,2
3,vote,11,2
3,vote,13,2
3,vote,14,2
3,vote,15,7
3,execute,2,WEREWOLF
3,divine,15,7,WEREWOLF
3,whisper,0,0,7,Over
3,whisper,1,0,4,ATTACK Agent[06]
3,whisper,2,1,4,ATTACK Agent[14]
3,whisper,3,1,7,Over
3,whisper,4,2,7,Over
3,whisper,5,2,4,Skip
3,whisper,6,3,7,Over
3,whisper,7,3,4,ATTACK Agent[11]
3,whisper,8,4,4,ATTACK Agent[06]
3,whisper,9,4,7,ATTACK Agent[15]
3,whisper,10,5,4,ATTACK Agent[09]
3,whisper,11,5,7,Over
3,whisper,12,6,4,ATTACK Agent[03]
3,whisper,13,6,7,Over
3,whisper,14,7,7,Over
3,whisper,15,7,4,Skip
3,whisper,16,8,7,Over
3,whisper,17,8,4,ATTACK Agent[09]
3,whisper,18,9,7,Over
3,whisper,19,9,4,ATTACK Agent[14]
3,whisper,20,10,7,Over
3,whisper,21,10,4,ATTACK Agent[08]
3,whisper,22,11,7,Over
3,whisper,23,11,4,ATTACK Agent[14]
3,whisper,24,12,4,Over
3,whisper,25,12,7,Over
3,guard,8,10,VILLAGER
3,attackVote,4,14
3,attackVote,7,15
3,attackVote,7,15
3,attack,15,true
4,status,1,VILLAGER,DEAD,tmcit2017
4,status,2,WEREWOLF,DEAD,Army
4,status,3,VILLAGER,DEAD,rsaito
4,status,4,WEREWOLF,ALIVE,Neo_ELIZA
4,status,5,VILLAGER,ALIVE,AIWolf_NET
4,status,6,MEDIUM,DEAD,Romanesco
4,status,7,WEREWOLF,ALIVE,wasabi
4,status,8,BODYGUARD,ALIVE,H-ReGEX
4,status,9,VILLAGER,ALIVE,yk_aiwolf
4,status,10,VILLAGER,ALIVE,Kanpyo
4,status,11,VILLAGER,ALIVE,konno
4,status,12,POSSESSED,DEAD,AITKN
4,status,13,VILLAGER,ALIVE,neko
4,status,14,VILLAGER,ALIVE,flex
4,status,15,SEER,DEAD,Litt1eGirl
4,talk,0,0,7,Skip
4,talk,1,0,11,VOTE Agent[09]
4,talk,2,0,5,VOTE Agent[11]
4,talk,3,0,13,VOTE Agent[04]
4,talk,4,0,8,VOTE Agent[10]
4,talk,5,0,9,Over
4,talk,6,0,4,VOTE Agent[06]
4,talk,7,0,14,Over
4,talk,8,0,10,ESTIMATE Agent[02] WEREWOLF
4,talk,9,1,4,VOTE Agent[13]
4,talk,10,1,11,Skip
4,talk,11,1,7,VOTE Agent[11]
4,talk,12,1,9,Over
4,talk,13,1,5,Skip
4,talk,14,1,10,VOTE Agent[02]
4,talk,15,1,13,Skip
4,talk,16,1,14,Over
4,talk,17,1,8,Skip
4,talk,18,2,4,VOTE Agent[01]
4,talk,19,2,10,REQUEST(VOTE Agent[02])
4,talk,20,2,11,Skip
4,talk,21,2,9,Over
4,talk,22,2,13,Skip
4,talk,23,2,8,Skip
4,talk,24,2,14,Over
4,talk,25,2,5,Skip
4,talk,26,2,7,Skip
4,talk,27,3,11,Over
4,talk,28,3,9,Over
4,talk,29,3,4,VOTE Agent[10]
4,talk,30,3,7,Skip
4,talk,31,3,10,Skip
4,talk,32,3,8,Over
4,talk,33,3,13,Over
4,talk,34,3,14,Over
4,talk,35,3,5,Over
4,talk,36,4,13,Over
4,talk,37,4,11,Over
4,talk,38,4,14,Over
4,talk,39,4,7,VOTE Agent[09]
4,talk,40,4,9,Over
4,talk,41,4,4,VOTE Agent[01]
4,talk,42,4,8,Over
4,talk,43,4,10,Skip
4,talk,44,4,5,Over
4,talk,45,5,9,Over
4,talk,46,5,5,Over
4,talk,47,5,13,Over
4,talk,48,5,10,VOTE Agent[09]
4,talk,49,5,4,VOTE Agent[15]
4,talk,50,5,7,ESTIMATE Agent[14] VILLAGER
4,talk,51,5,8,Over
4,talk,52,5,11,Over
4,talk,53,5,14,Over
4,talk,54,6,9,Over
4,talk,55,6,11,Over
4,talk,56,6,13,Over
4,talk,57,6,4,VOTE Agent[05]
4,talk,58,6,5,Over
4,talk,59,6,7,Over
4,talk,60,6,10,Skip
4,talk,61,6,8,Over
4,talk,62,6,14,Over
4,talk,63,7,13,Over
4,talk,64,7,8,Over
4,talk,65,7,14,Over
4,talk,66,7,9,Over
4,talk,67,7,4,Skip
4,talk,68,7,11,Over
4,talk,69,7,7,ESTIMATE Agent[14] VILLAGER
4,talk,70,7,5,Over
4,talk,71,7,10,Skip
4,talk,72,8,11,Over
4,talk,73,8,8,Over
4,talk,74,8,9,Over
4,talk,75,8,5,Over
4,talk,76,8,4,VOTE Agent[11]
4,talk,77,8,10,Over
4,talk,78,8,13,Over
4,talk,79,8,7,ESTIMATE Agent[14] VILLAGER
4,talk,80,8,14,Over
4,talk,81,9,11,Over
4,talk,82,9,13,Over
4,talk,83,9,8,Over
4,talk,84,9,5,Over
4,talk,85,9,9,Over
4,talk,86,9,10,Over
4,talk,87,9,4,VOTE Agent[14]
4,talk,88,9,14,Over
4,talk,89,9,7,Over
4,talk,90,10,7,Over
4,talk,91,10,5,Over
4,talk,92,10,14,Over
4,talk,93,10,4,VOTE Agent[05]
4,talk,94,10,9,Over
4,talk,95,10,13,Over
4,talk,96,10,10,Over
4,talk,97,10,11,Over
4,talk,98,10,8,Over
4,talk,99,11,13,Over
4,talk,100,11,10,Over
4,talk,101,11,7,Over
4,talk,102,11,8,Over
4,talk,103,11,9,Over
4,talk,104,11,14,Over
4,talk,105,11,5,Over
4,talk,106,11,4,Over
4,talk,107,11,11,Over
4,vote,4,13
4,vote,5,11
4,vote,7,9
4,vote,8,10
4,vote,9,7
4,vote,10,9
4,vote,11,9
4,vote,13,4
4,vote,14,13
4,execute,9,VILLAGER
4,whisper,0,0,4,ATTACK Agent[09]
4,whisper,1,0,7,Over
4,whisper,2,1,4,ATTACK Agent[05]
4,whisper,3,1,7,ATTACK Agent[14]
4,whisper,4,2,7,Over
4,whisper,5,2,4,ATTACK Agent[03]
4,whisper,6,3,4,ATTACK Agent[10]
4,whisper,7,3,7,Over
4,whisper,8,4,4,ATTACK Agent[06]
4,whisper,9,4,7,Over
4,whisper,10,5,7,Over
4,whisper,11,5,4,ATTACK Agent[08]
4,whisper,12,6,4,ATTACK Agent[15]
4,whisper,13,6,7,Over
4,whisper,14,7,4,ATTACK Agent[13]
4,whisper,15,7,7,Over
4,whisper,16,8,4,ATTACK Agent[10]
4,whisper,17,8,7,Over
4,whisper,18,9,4,Skip
4,whisper,19,9,7,Over
4,whisper,20,10,4,ATTACK Agent[03]
4,whisper,21,10,7,Over
4,whisper,22,11,4,Over
4,whisper,23,11,7,Over
4,guard,8,7,WEREWOLF
4,attackVote,4,13
4,attackVote,7,14
4,attackVote,4,8
4,attackVote,7,14
4,attack,8,true
5,status,1,VILLAGER,DEAD,tmcit2017
5,status,2,WEREWOLF,DEAD,Army
5,status,3,VILLAGER,DEAD,rsaito
5,status,4,WEREWOLF,ALIVE,Neo_ELIZA
5,status,5,VILLAGER,ALIVE,AIWolf_NET
5,status,6,MEDIUM,DEAD,Romanesco
5,status,7,WEREWOLF,ALIVE,wasabi
5,status,8,BODYGUARD,DEAD,H-ReGEX
5,status,9,VILLAGER,DEAD,yk_aiwolf
5,status,10,VILLAGER,ALIVE,Kanpyo
5,status,11,VILLAGER,ALIVE,konno
5,status,12,POSSESSED,DEAD,AITKN
5,status,13,VILLAGER,ALIVE,neko
5,status,14,VILLAGER,ALIVE,flex
5,status,15,SEER,DEAD,Litt1eGirl
5,talk,0,0,7,VOTE Agent[10]
5,talk,1,0,10,Skip
5,talk,2,0,5,VOTE Agent[10]
5,talk,3,0,14,Over
5,talk,4,0,4,VOTE Agent[15]
5,talk,5,0,11,VOTE Agent[05]
5,talk,6,0,13,VOTE Agent[04]
5,talk,7,1,10,Skip
5,talk,8,1,11,Skip
5,talk,9,1,4,VOTE Agent[10]
5,talk,10,1,5,Skip
5,talk,11,1,14,Over
5,talk,12,1,7,VOTE Agent[13]
5,talk,13,1,13,VOTE Agent[05]
5,talk,14,2,7,Skip
5,talk,15,2,4,VOTE Agent[09]
5,talk,16,2,14,Over
5,talk,17,2,11,Skip
5,talk,18,2,5,Skip
5,talk,19,2,13,Skip
5,talk,20,2,10,Over
5,talk,21,3,11,Over
5,talk,22,3,4,VOTE Agent[03]
5,talk,23,3,14,Over
5,talk,24,3,10,Over
5,talk,25,3,5,Over
5,talk,26,3,7,ESTIMATE Agent[14] VILLAGER
5,talk,27,3,13,VOTE Agent[04]
5,talk,28,4,14,Over
5,talk,29,4,13,Skip
5,talk,30,4,10,Over
5,talk,31,4,11,Over
5,talk,32,4,7,Skip
5,talk,33,4,5,Over
5,talk,34,4,4,Skip
5,talk,35,5,13,Skip
5,talk,36,5,7,VOTE Agent[05]
5,talk,37,5,10,Over
5,talk,38,5,5,Over
5,talk,39,5,4,VOTE Agent[15]
5,talk,40,5,11,Over
5,talk,41,5,14,Over
5,talk,42,6,11,Over
5,talk,43,6,5,Over
5,talk,44,6,4,VOTE Agent[03]
5,talk,45,6,10,Over
5,talk,46,6,14,Over
5,talk,47,6,13,VOTE Agent[05]
5,talk,48,6,7,Skip
5,talk,49,7,10,Over
5,talk,50,7,7,Over
5,talk,51,7,13,Skip
5,talk,52,7,14,Over
5,talk,53,7,4,VOTE Agent[06]
5,talk,54,7,5,Over
5,talk,55,7,11,Over
5,talk,56,8,11,Over
5,talk,57,8,7,Over
5,talk,58,8,14,Over
5,talk,59,8,4,VOTE Agent[10]
5,talk,60,8,10,Over
5,talk,61,8,5,Over
5,talk,62,8,13,Skip
5,talk,63,9,4,Skip
5,talk,64,9,13,Over
5,talk,65,9,10,Over
5,talk,66,9,5,Over
5,talk,67,9,14,Over
5,talk,68,9,7,Over
5,talk,69,9,11,Over
5,talk,70,10,13,Over
5,talk,71,10,14,Over
5,talk,72,10,10,Over
5,talk,73,10,4,VOTE Agent[14]
5,talk,74,10,7,Over
5,talk,75,10,11,Over
5,talk,76,10,5,Over
5,talk,77,11,7,Over
5,talk,78,11,14,Over
5,talk,79,11,13,Over
5,talk,80,11,10,Over
5,talk,81,11,5,Over
5,talk,82,11,11,Over
5,talk,83,11,4,VOTE Agent[01]
5,talk,84,12,11,Over
5,talk,85,12,13,Over
5,talk,86,12,4,Over
5,talk,87,12,5,Over
5,talk,88,12,7,ESTIMATE Agent[10] WEREWOLF
5,talk,89,12,14,Over
5,talk,90,12,10,Over
5,talk,91,13,10,Over
5,talk,92,13,11,Over
5,talk,93,13,14,Over
5,talk,94,13,4,Over
5,talk,95,13,13,Over
5,talk,96,13,7,Over
5,talk,97,13,5,Over
5,vote,4,11
5,vote,5,10
5,vote,7,5
5,vote,10,11
5,vote,11,5
5,vote,13,5
5,vote,14,5
5,execute,5,VILLAGER
5,whisper,0,0,4,ATTACK Agent[03]
5,whisper,1,0,7,ATTACK Agent[14]
5,whisper,2,1,7,Over
5,whisper,3,1,4,ATTACK Agent[13]
5,whisper,4,2,4,ATTACK Agent[10]
5,whisper,5,2,7,Over
5,whisper,6,3,4,ATTACK Agent[09]
5,whisper,7,3,7,Over
5,whisper,8,4,4,ATTACK Agent[06]
5,whisper,9,4,7,Over
5,whisper,10,5,7,Over
5,whisper,11,5,4,ATTACK Agent[03]
5,whisper,12,6,7,Over
5,whisper,13,6,4,ATTACK Agent[10]
5,whisper,14,7,7,Over
5,whisper,15,7,4,ATTACK Agent[03]
5,whisper,16,8,4,ATTACK Agent[14]
5,whisper,17,8,7,Over
5,whisper,18,9,4,ATTACK Agent[03]
5,whisper,19,9,7,Over
5,whisper,20,10,4,Over
5,whisper,21,10,7,Over
5,attackVote,4,13
5,attackVote,7,14
5,attackVote,7,14
5,attack,14,true
6,status,1,VILLAGER,DEAD,tmcit2017
6,status,2,WEREWOLF,DEAD,Army
6,status,3,VILLAGER,DEAD,rsaito
6,status,4,WEREWOLF,ALIVE,Neo_ELIZA
6,status,5,VILLAGER,DEAD,AIWolf_NET
6,status,6,MEDIUM,DEAD,Romanesco
6,status,7,WEREWOLF,ALIVE,wasabi
6,status,8,BODYGUARD,DEAD,H-ReGEX
6,status,9,VILLAGER,DEAD,yk_aiwolf
6,status,10,VILLAGER,ALIVE,Kanpyo
6,status,11,VILLAGER,ALIVE,konno
6,status,12,POSSESSED,DEAD,AITKN
6,status,13,VILLAGER,ALIVE,neko
6,status,14,VILLAGER,DEAD,flex
6,status,15,SEER,DEAD,Litt1eGirl
6,talk,0,0,7,VOTE Agent[04]
6,talk,1,0,13,VOTE Agent[04]
6,talk,2,0,11,VOTE Agent[10]
6,talk,3,0,10,Skip
6,talk,4,0,4,VOTE Agent[06]
6,talk,5,1,7,Skip
6,talk,6,1,4,VOTE Agent[13]
6,talk,7,1,10,Skip
6,talk,8,1,13,Skip
6,talk,9,1,11,Skip
6,talk,10,2,11,Skip
6,talk,11,2,7,Skip
6,talk,12,2,10,Over
6,talk,13,2,13,Skip
6,talk,14,2,4,VOTE Agent[01]
6,talk,15,3,4,VOTE Agent[05]
6,talk,16,3,11,Over
6,talk,17,3,10,Over
6,talk,18,3,7,Over
6,talk,19,3,13,Over
6,talk,20,4,7,Over
6,talk,21,4,13,Over
6,talk,22,4,10,Over
6,talk,23,4,11,Over
6,talk,24,4,4,VOTE Agent[08]
6,talk,25,5,4,VOTE Agent[10]
6,talk,26,5,10,Over
6,talk,27,5,7,Over
6,talk,28,5,11,Over
6,talk,29,5,13,Over
6,talk,30,6,4,VOTE Agent[11]
6,talk,31,6,13,Over
6,talk,32,6,10,Over
6,talk,33,6,11,Over
6,talk,34,6,7,ESTIMATE Agent[13] VILLAGER
6,talk,35,7,11,Over
6,talk,36,7,10,Over
6,talk,37,7,4,VOTE Agent[09]
6,talk,38,7,7,Over
6,talk,39,7,13,Over
6,talk,40,8,13,Over
6,talk,41,8,11,Over
6,talk,42,8,4,VOTE Agent[10]
6,talk,43,8,10,Over
6,talk,44,8,7,Over
6,talk,45,9,11,Over
6,talk,46,9,10,Over
6,talk,47,9,7,ESTIMATE Agent[13] VILLAGER
6,talk,48,9,4,Skip
6,talk,49,9,13,Over
6,talk,50,10,10,Over
6,talk,51,10,11,Over
6,talk,52,10,7,Over
6,talk,53,10,13,Over
6,talk,54,10,4,VOTE Agent[11]
6,talk,55,11,4,Over
6,talk,56,11,10,Over
6,talk,57,11,7,Over
6,talk,58,11,11,Over
6,talk,59,11,13,Over
6,vote,4,10
6,vote,7,4
6,vote,10,7
6,vote,11,10
6,vote,13,4
6,vote,4,10
6,vote,7,10
6,vote,10,4
6,vote,11,10
6,vote,13,4
6,execute,10,VILLAGER
6,whisper,0,0,7,Over
6,whisper,1,0,4,ATTACK Agent[15]
6,whisper,2,1,4,ATTACK Agent[09]
6,whisper,3,1,7,Over
6,whisper,4,2,7,Over
6,whisper,5,2,4,ATTACK Agent[03]
6,whisper,6,3,4,ATTACK Agent[15]
6,whisper,7,3,7,Over
6,whisper,8,4,4,ATTACK Agent[11]
6,whisper,9,4,7,Over
6,whisper,10,5,4,ATTACK Agent[06]
6,whisper,11,5,7,Over
6,whisper,12,6,4,ATTACK Agent[05]
6,whisper,13,6,7,Over
6,whisper,14,7,7,Over
6,whisper,15,7,4,ATTACK Agent[06]
6,whisper,16,8,7,Over
6,whisper,17,8,4,ATTACK Agent[08]
6,whisper,18,9,7,Over
6,whisper,19,9,4,ATTACK Agent[15]
6,whisper,20,10,7,Over
6,whisper,21,10,4,Over
6,attackVote,7,13
6,attack,13,true
7,status,1,VILLAGER,DEAD,tmcit2017
7,status,2,WEREWOLF,DEAD,Army
7,status,3,VILLAGER,DEAD,rsaito
7,status,4,WEREWOLF,ALIVE,Neo_ELIZA
7,status,5,VILLAGER,DEAD,AIWolf_NET
7,status,6,MEDIUM,DEAD,Romanesco
7,status,7,WEREWOLF,ALIVE,wasabi
7,status,8,BODYGUARD,DEAD,H-ReGEX
7,status,9,VILLAGER,DEAD,yk_aiwolf
7,status,10,VILLAGER,DEAD,Kanpyo
7,status,11,VILLAGER,ALIVE,konno
7,status,12,POSSESSED,DEAD,AITKN
7,status,13,VILLAGER,DEAD,neko
7,status,14,VILLAGER,DEAD,flex
7,status,15,SEER,DEAD,Litt1eGirl
7,result,1,2,WEREWOLF
