0,status,1,VILLAGER,ALIVE,tmcit2017
0,status,2,WEREWOLF,ALIVE,Army
0,status,3,WEREWOLF,ALIVE,rsaito
0,status,4,VILLAGER,ALIVE,Neo_ELIZA
0,status,5,POSSESSED,ALIVE,AIWolf_NET
0,status,6,VILLAGER,ALIVE,Romanesco
0,status,7,VILLAGER,ALIVE,wasabi
0,status,8,MEDIUM,ALIVE,H-ReGEX
0,status,9,VILLAGER,ALIVE,yk_aiwolf
0,status,10,VILLAGER,ALIVE,Kanpyo
0,status,11,VILLAGER,ALIVE,konno
0,status,12,WEREWOLF,ALIVE,AITKN
0,status,13,VILLAGER,ALIVE,neko
0,status,14,BODYGUARD,ALIVE,flex
0,status,15,SEER,ALIVE,Litt1eGirl
0,whisper,0,0,12,COMINGOUT Agent[12] VILLAGER
0,whisper,1,0,3,COMINGOUT Agent[03] VILLAGER
0,whisper,2,0,2,Over
0,whisper,3,1,12,Skip
0,whisper,4,1,3,Skip
0,whisper,5,1,2,Over
0,whisper,6,2,3,Skip
0,whisper,7,2,12,Skip
0,whisper,8,2,2,Over
0,whisper,9,3,2,Over
0,whisper,10,3,3,Over
0,whisper,11,3,12,Over
0,divine,15,7,HUMAN
1,status,1,VILLAGER,ALIVE,tmcit2017
1,status,2,WEREWOLF,ALIVE,Army
1,status,3,WEREWOLF,ALIVE,rsaito
1,status,4,VILLAGER,ALIVE,Neo_ELIZA
1,status,5,POSSESSED,ALIVE,AIWolf_NET
1,status,6,VILLAGER,ALIVE,Romanesco
1,status,7,VILLAGER,ALIVE,wasabi
1,status,8,MEDIUM,ALIVE,H-ReGEX
1,status,9,VILLAGER,ALIVE,yk_aiwolf
1,status,10,VILLAGER,ALIVE,Kanpyo
1,status,11,VILLAGER,ALIVE,konno
1,status,12,WEREWOLF,ALIVE,AITKN
1,status,13,VILLAGER,ALIVE,neko
1,status,14,BODYGUARD,ALIVE,flex
1,status,15,SEER,ALIVE,Litt1eGirl
1,talk,0,0,1,COMINGOUT Agent[01] VILLAGER
1,talk,1,0,11,VOTE Agent[15]
1,talk,2,0,13,VOTE Agent[06]
1,talk,3,0,8,VOTE Agent[02]
1,talk,4,0,14,Over
1,talk,5,0,12,VOTE Agent[05]
1,talk,6,0,4,VOTE Agent[11]
1,talk,7,0,2,Skip
1,talk,8,0,6,Skip
1,talk,9,0,7,VOTE Agent[02]
1,talk,10,0,3,VOTE Agent[06]
1,talk,11,0,9,Over
1,talk,12,0,10,VOTE Agent[05]
1,talk,13,0,5,COMINGOUT Agent[05] SEER
1,talk,14,0,15,COMINGOUT Agent[15] SEER
1,talk,15,1,13,VOTE Agent[10]
1,talk,16,1,5,DIVINED Agent[08] HUMAN
1,talk,17,1,12,Skip
1,talk,18,1,10,ESTIMATE Agent[05] SEER
1,talk,19,1,7,Skip
1,talk,20,1,14,Over
1,talk,21,1,9,Over
1,talk,22,1,4,Skip
1,talk,23,1,3,Skip
1,talk,24,1,15,DIVINED Agent[07] HUMAN
1,talk,25,1,8,Skip
1,talk,26,1,1,Over
1,talk,27,1,6,Skip
1,talk,28,1,11,Skip
1,talk,29,1,2,Skip
1,talk,30,2,6,Over
1,talk,31,2,15,VOTE Agent[05]
1,talk,32,2,11,Skip
1,talk,33,2,7,Skip
1,talk,34,2,13,VOTE Agent[04]
1,talk,35,2,3,VOTE Agent[10]
1,talk,36,2,2,VOTE Agent[15]
1,talk,37,2,10,ESTIMATE Agent[15] SEER
1,talk,38,2,9,Over
1,talk,39,2,5,ESTIMATE Agent[14] WEREWOLF
1,talk,40,2,12,Skip
1,talk,41,2,1,Over
1,talk,42,2,8,ESTIMATE Agent[05] WEREWOLF
1,talk,43,2,14,Over
1,talk,44,2,4,Skip
1,talk,45,3,14,Over
1,talk,46,3,11,Over
1,talk,47,3,6,VOTE Agent[15]
1,talk,48,3,1,Over
1,talk,49,3,15,Over
1,talk,50,3,7,Over
1,talk,51,3,12,Over
1,talk,52,3,9,Over
1,talk,53,3,3,Skip
1,talk,54,3,4,Over
1,talk,55,3,2,Skip
1,talk,56,3,13,Skip
1,talk,57,3,10,Skip
1,talk,58,3,8,VOTE Agent[05]
1,talk,59,3,5,REQUEST(DIVINATION Agent[14])
1,talk,60,4,14,Over
1,talk,61,4,15,Over
1,talk,62,4,5,VOTE Agent[14]
1,talk,63,4,6,Skip
1,talk,64,4,11,Over
1,talk,65,4,9,Over
1,talk,66,4,2,Skip
1,talk,67,4,4,Over
1,talk,68,4,12,REQUEST(DIVINATION Agent[06])
1,talk,69,4,3,Skip
1,talk,70,4,13,VOTE Agent[12]
1,talk,71,4,1,Over
1,talk,72,4,8,Skip
1,talk,73,4,7,Over
1,talk,74,4,10,Skip
1,talk,75,5,5,ESTIMATE Agent[15] WEREWOLF
1,talk,76,5,12,Skip
1,talk,77,5,7,ESTIMATE Agent[06] WEREWOLF
1,talk,78,5,8,Skip
1,talk,79,5,2,Over
1,talk,80,5,3,Over
1,talk,81,5,10,VOTE Agent[05]
1,talk,82,5,9,Over
1,talk,83,5,4,Over
1,talk,84,5,14,Over
1,talk,85,5,11,Over
1,talk,86,5,6,VOTE Agent[05]
1,talk,87,5,15,ESTIMATE Agent[03] VILLAGER
1,talk,88,5,1,Over
1,talk,89,5,13,Skip
1,talk,90,6,12,Skip
1,talk,91,6,8,Over
1,talk,92,6,1,Over
1,talk,93,6,10,Skip
1,talk,94,6,3,Over
1,talk,95,6,11,Over
1,talk,96,6,5,REQUEST(DIVINATION Agent[15])
1,talk,97,6,2,Over
1,talk,98,6,13,Skip
1,talk,99,6,15,Over
1,talk,100,6,14,Over
1,talk,101,6,6,Skip
1,talk,102,6,7,Over
1,talk,103,6,4,Over
1,talk,104,6,9,Over
1,talk,105,7,1,Over
1,talk,106,7,6,VOTE Agent[05]
1,talk,107,7,13,VOTE Agent[14]
1,talk,108,7,15,Over
1,talk,109,7,14,Over
1,talk,110,7,12,Over
1,talk,111,7,10,Skip
1,talk,112,7,7,ESTIMATE Agent[15] WEREWOLF
1,talk,113,7,11,Over
1,talk,114,7,4,Over
1,talk,115,7,9,Over
1,talk,116,7,8,Over
1,talk,117,7,3,Over
1,talk,118,7,2,Over
1,talk,119,7,5,VOTE Agent[15]
1,talk,120,8,4,Over
1,talk,121,8,11,Over
1,talk,122,8,12,Over
1,talk,123,8,15,Over
1,talk,124,8,8,Over
1,talk,125,8,14,Over
1,talk,126,8,2,Over
1,talk,127,8,3,Over
1,talk,128,8,10,Over
1,talk,129,8,5,Skip
1,talk,130,8,7,VOTE Agent[11]
1,talk,131,8,9,Over
1,talk,132,8,13,Skip
1,talk,133,8,6,Skip
1,talk,134,8,1,Over
1,talk,135,9,13,Skip
1,talk,136,9,1,Over
1,talk,137,9,10,Over
1,talk,138,9,14,Over
1,talk,139,9,3,VOTE Agent[11]
1,talk,140,9,11,Over
1,talk,141,9,6,Skip
1,talk,142,9,15,Over
1,talk,143,9,9,Over
1,talk,144,9,2,Over
1,talk,145,9,8,Over
1,talk,146,9,12,Over
1,talk,147,9,5,Skip
1,talk,148,9,4,Over
1,talk,149,9,7,Over
1,talk,150,10,9,Over
1,talk,151,10,2,Over
1,talk,152,10,6,Over
1,talk,153,10,3,Skip
1,talk,154,10,4,Over
1,talk,155,10,8,Over
1,talk,156,10,11,Over
1,talk,157,10,13,Over
1,talk,158,10,14,Over
1,talk,159,10,15,Over
1,talk,160,10,12,Over
1,talk,161,10,5,Over
1,talk,162,10,1,Over
1,talk,163,10,10,Over
1,talk,164,10,7,VOTE Agent[09]
1,talk,165,11,8,Over
1,talk,166,11,10,Over
1,talk,167,11,1,Over
1,talk,168,11,9,Over
1,talk,169,11,4,Over
1,talk,170,11,5,Over
1,talk,171,11,3,Skip
1,talk,172,11,7,Over
1,talk,173,11,13,Over
1,talk,174,11,15,Over
1,talk,175,11,14,Over
1,talk,176,11,2,Over
1,talk,177,11,11,Over
1,talk,178,11,12,Over
1,talk,179,11,6,Over
1,talk,180,12,6,Over
1,talk,181,12,10,Over
1,talk,182,12,7,Over
1,talk,183,12,13,Over
1,talk,184,12,4,Over
1,talk,185,12,8,Over
1,talk,186,12,11,Over
1,talk,187,12,2,Over
1,talk,188,12,9,Over
1,talk,189,12,3,Over
1,talk,190,12,1,Over
1,talk,191,12,15,Over
1,talk,192,12,14,Over
1,talk,193,12,12,Over
1,talk,194,12,5,Over
1,vote,1,8
1,vote,2,15
1,vote,3,11
1,vote,4,11
1,vote,5,15
1,vote,6,5
1,vote,7,9
1,vote,8,5
1,vote,9,7
1,vote,10,5
1,vote,11,15
1,vote,12,5
1,vote,13,14
1,vote,14,10
1,vote,15,5
1,execute,5,POSSESSED
1,divine,15,11,HUMAN
1,whisper,0,0,12,Skip
1,whisper,1,0,3,ATTACK Agent[13]
1,whisper,2,0,2,Over
1,whisper,3,1,2,Over
1,whisper,4,1,3,Skip
1,whisper,5,1,12,ATTACK Agent[13]
1,whisper,6,2,3,Skip
1,whisper,7,2,2,Over
1,whisper,8,2,12,REQUEST(ATTACK Agent[13])
1,whisper,9,3,3,Over
1,whisper,10,3,12,Skip
1,whisper,11,3,2,Over
1,whisper,12,4,3,Over
1,whisper,13,4,12,Skip
1,whisper,14,4,2,Over
1,whisper,15,5,12,Over
1,whisper,16,5,2,Over
1,whisper,17,5,3,Over
1,attackVote,2,1
1,attackVote,3,13
1,attackVote,2,1
1,attackVote,3,13
1,attack,13,true
2,status,1,VILLAGER,ALIVE,tmcit2017
2,status,2,WEREWOLF,ALIVE,Army
2,status,3,WEREWOLF,ALIVE,rsaito
2,status,4,VILLAGER,ALIVE,Neo_ELIZA
2,status,5,POSSESSED,DEAD,AIWolf_NET
2,status,6,VILLAGER,ALIVE,Romanesco
2,status,7,VILLAGER,ALIVE,wasabi
2,status,8,MEDIUM,ALIVE,H-ReGEX
2,status,9,VILLAGER,ALIVE,yk_aiwolf
2,status,10,VILLAGER,ALIVE,Kanpyo
2,status,11,VILLAGER,ALIVE,konno
2,status,12,WEREWOLF,ALIVE,AITKN
2,status,13,VILLAGER,DEAD,neko
2,status,14,BODYGUARD,ALIVE,flex
2,status,15,SEER,ALIVE,Litt1eGirl
2,talk,0,0,11,VOTE Agent[09]
2,talk,1,0,8,ESTIMATE Agent[15] WEREWOLF
2,talk,2,0,1,Over
2,talk,3,0,9,Over
2,talk,4,0,2,Skip
2,talk,5,0,7,VOTE Agent[06]
2,talk,6,0,14,Over
2,talk,7,0,4,VOTE Agent[12]
2,talk,8,0,15,DIVINED Agent[11] HUMAN
2,talk,9,0,6,Skip
2,talk,10,0,10,Skip
2,talk,11,0,3,VOTE Agent[11]
2,talk,12,0,12,VOTE Agent[05]
2,talk,13,1,6,Skip
2,talk,14,1,11,Skip
2,talk,15,1,10,Skip
2,talk,16,1,4,Skip
2,talk,17,1,14,Over
2,talk,18,1,15,VOTE Agent[09]
2,talk,19,1,3,VOTE Agent[06]
2,talk,20,1,12,Skip
2,talk,21,1,2,Skip
2,talk,22,1,1,Over
2,talk,23,1,8,VOTE Agent[15]
2,talk,24,1,9,Over
2,talk,25,1,7,ESTIMATE Agent[01] VILLAGER
2,talk,26,2,12,Skip
2,talk,27,2,2,Over
2,talk,28,2,9,Over
2,talk,29,2,11,Skip
2,talk,30,2,3,Skip
2,talk,31,2,4,Skip
2,talk,32,2,6,Over
2,talk,33,2,15,Over
2,talk,34,2,8,Skip
2,talk,35,2,10,Over
2,talk,36,2,7,Skip
2,talk,37,2,1,Over
2,talk,38,2,14,Over
2,talk,39,3,8,Skip
2,talk,40,3,4,Over
2,talk,41,3,6,VOTE Agent[11]
2,talk,42,3,11,Over
2,talk,43,3,9,Over
2,talk,44,3,10,Over
2,talk,45,3,14,Over
2,talk,46,3,2,Over
2,talk,47,3,15,ESTIMATE Agent[09] WEREWOLF
2,talk,48,3,3,Skip
2,talk,49,3,7,Skip
2,talk,50,3,12,Over
2,talk,51,3,1,Over
2,talk,52,4,2,Over
2,talk,53,4,3,Over
2,talk,54,4,12,REQUEST(DIVINATION Agent[10])
2,talk,55,4,9,Over
2,talk,56,4,15,VOTE Agent[06]
2,talk,57,4,10,Over
2,talk,58,4,1,Over
2,talk,59,4,14,Over
2,talk,60,4,7,Over
2,talk,61,4,6,Skip
2,talk,62,4,11,Over
2,talk,63,4,4,Over
2,talk,64,4,8,Over
2,talk,65,5,8,Over
2,talk,66,5,14,Over
2,talk,67,5,3,Over
2,talk,68,5,1,Over
2,talk,69,5,9,Over
2,talk,70,5,15,Over
2,talk,71,5,7,Over
2,talk,72,5,10,VOTE Agent[06]
2,talk,73,5,12,Skip
2,talk,74,5,2,Over
2,talk,75,5,6,VOTE Agent[11]
2,talk,76,5,4,Over
2,talk,77,5,11,Over
2,talk,78,6,6,Skip
2,talk,79,6,2,Over
2,talk,80,6,3,Over
2,talk,81,6,12,Skip
2,talk,82,6,4,Over
2,talk,83,6,7,Over
2,talk,84,6,9,Over
2,talk,85,6,15,Over
2,talk,86,6,11,Over
2,talk,87,6,10,Skip
2,talk,88,6,8,Over
2,talk,89,6,1,Over
2,talk,90,6,14,Over
2,talk,91,7,14,Over
2,talk,92,7,1,Over
2,talk,93,7,8,Over
2,talk,94,7,10,Skip
2,talk,95,7,15,Over
2,talk,96,7,11,Over
2,talk,97,7,9,Over
2,talk,98,7,7,Over
2,talk,99,7,3,Over
2,talk,100,7,2,Over
2,talk,101,7,6,VOTE Agent[11]
2,talk,102,7,12,Over
2,talk,103,7,4,Over
2,talk,104,8,8,Over
2,talk,105,8,15,Over
2,talk,106,8,10,Over
2,talk,107,8,3,Over
2,talk,108,8,14,Over
2,talk,109,8,6,Skip
2,talk,110,8,1,Over
2,talk,111,8,4,Over
2,talk,112,8,2,Over
2,talk,113,8,7,Over
2,talk,114,8,9,Over
2,talk,115,8,11,Over
2,talk,116,8,12,Over
2,talk,117,9,8,Over
2,talk,118,9,14,Over
2,talk,119,9,1,Over
2,talk,120,9,10,Over
2,talk,121,9,7,Over
2,talk,122,9,9,Over
2,talk,123,9,15,Over
2,talk,124,9,12,Over
2,talk,125,9,3,Over
2,talk,126,9,6,Skip
2,talk,127,9,2,Over
2,talk,128,9,4,Over
2,talk,129,9,11,Over
2,talk,130,10,4,Over
2,talk,131,10,15,Over
2,talk,132,10,14,Over
2,talk,133,10,2,Over
2,talk,134,10,10,Over
2,talk,135,10,3,Over
2,talk,136,10,6,Over
2,talk,137,10,12,Over
2,talk,138,10,1,Over
2,talk,139,10,9,Over
2,talk,140,10,7,Over
2,talk,141,10,11,Over
2,talk,142,10,8,Over
2,vote,1,12
2,vote,2,15
2,vote,3,6
2,vote,4,12
2,vote,6,11
2,vote,7,6
2,vote,8,15
2,vote,9,15
2,vote,10,6
2,vote,11,9
2,vote,12,8
2,vote,14,15
2,vote,15,6
2,vote,1,4
2,vote,2,15
2,vote,3,6
2,vote,4,12
2,vote,6,11
2,vote,7,6
2,vote,8,15
2,vote,9,14
2,vote,10,6
2,vote,11,9
2,vote,12,10
2,vote,14,2
2,vote,15,6
2,execute,6,VILLAGER
2,divine,15,12,WEREWOLF
2,whisper,0,0,12,Skip
2,whisper,1,0,2,Over
2,whisper,2,0,3,ATTACK Agent[14]
2,whisper,3,1,3,Skip
2,whisper,4,1,2,Over
2,whisper,5,1,12,ATTACK Agent[14]
2,whisper,6,2,2,Over
2,whisper,7,2,3,Skip
2,whisper,8,2,12,REQUEST(ATTACK Agent[14])
2,whisper,9,3,3,Over
2,whisper,10,3,2,Over
2,whisper,11,3,12,Skip
2,whisper,12,4,12,Skip
2,whisper,13,4,3,Over
2,whisper,14,4,2,Over
2,whisper,15,5,12,Over
2,whisper,16,5,2,Over
2,whisper,17,5,3,Over
2,attackVote,3,14
2,attackVote,12,14
2,attack,14,true
3,status,1,VILLAGER,ALIVE,tmcit2017
3,status,2,WEREWOLF,ALIVE,Army
3,status,3,WEREWOLF,ALIVE,rsaito
3,status,4,VILLAGER,ALIVE,Neo_ELIZA
3,status,5,POSSESSED,DEAD,AIWolf_NET
3,status,6,VILLAGER,DEAD,Romanesco
3,status,7,VILLAGER,ALIVE,wasabi
3,status,8,MEDIUM,ALIVE,H-ReGEX
3,status,9,VILLAGER,ALIVE,yk_aiwolf
3,status,10,VILLAGER,ALIVE,Kanpyo
3,status,11,VILLAGER,ALIVE,konno
3,status,12,WEREWOLF,ALIVE,AITKN
3,status,13,VILLAGER,DEAD,neko
3,status,14,BODYGUARD,DEAD,flex
3,status,15,SEER,ALIVE,Litt1eGirl
3,talk,0,0,2,Skip
3,talk,1,0,8,ESTIMATE Agent[05] WEREWOLF
3,talk,2,0,1,Over
3,talk,3,0,7,Skip
3,talk,4,0,11,VOTE Agent[10]
3,talk,5,0,4,VOTE Agent[03]
3,talk,6,0,10,Skip
3,talk,7,0,3,VOTE Agent[10]
3,talk,8,0,15,DIVINED Agent[12] WEREWOLF
3,talk,9,0,12,VOTE Agent[05]
3,talk,10,0,9,Over
3,talk,11,1,1,Over
3,talk,12,1,15,VOTE Agent[10]
3,talk,13,1,10,AGREE TALK day3 ID:8
3,talk,14,1,7,VOTE Agent[12]
3,talk,15,1,12,ESTIMATE Agent[15] WEREWOLF
3,talk,16,1,11,Skip
3,talk,17,1,4,Skip
3,talk,18,1,9,Over
3,talk,19,1,8,ESTIMATE Agent[15] WEREWOLF
3,talk,20,1,2,ESTIMATE Agent[12] WEREWOLF
3,talk,21,1,3,Skip
3,talk,22,2,15,Over
3,talk,23,2,8,REQUEST(DIVINATION Agent[15])
3,talk,24,2,9,Over
3,talk,25,2,7,Skip
3,talk,26,2,4,Skip
3,talk,27,2,1,Over
3,talk,28,2,12,Skip
3,talk,29,2,11,Skip
3,talk,30,2,2,Skip
3,talk,31,2,3,Skip
3,talk,32,2,10,ESTIMATE Agent[12] WEREWOLF
3,talk,33,3,8,VOTE Agent[15]
3,talk,34,3,1,Over
3,talk,35,3,11,Over
3,talk,36,3,15,ESTIMATE Agent[10] WEREWOLF
3,talk,37,3,9,Over
3,talk,38,3,12,Skip
3,talk,39,3,2,Skip
3,talk,40,3,3,Over
3,talk,41,3,10,VOTE Agent[12]
3,talk,42,3,4,Over
3,talk,43,3,7,Skip
3,talk,44,4,10,REQUEST(VOTE Agent[12])
3,talk,45,4,12,REQUEST(DIVINATION Agent[04])
3,talk,46,4,11,Over
3,talk,47,4,4,Over
3,talk,48,4,1,Over
3,talk,49,4,8,Skip
3,talk,50,4,2,Over
3,talk,51,4,15,Over
3,talk,52,4,9,Over
3,talk,53,4,3,Over
3,talk,54,4,7,Over
3,talk,55,5,7,Over
3,talk,56,5,3,Over
3,talk,57,5,10,Skip
3,talk,58,5,1,Over
3,talk,59,5,15,Over
3,talk,60,5,11,Over
3,talk,61,5,2,Over
3,talk,62,5,4,Over
3,talk,63,5,8,Skip
3,talk,64,5,12,Skip
3,talk,65,5,9,Over
3,talk,66,6,12,Skip
3,talk,67,6,10,Skip
3,talk,68,6,3,Over
3,talk,69,6,1,Over
3,talk,70,6,11,Over
3,talk,71,6,7,Over
3,talk,72,6,4,Over
3,talk,73,6,9,Over
3,talk,74,6,8,Over
3,talk,75,6,15,Over
3,talk,76,6,2,Over
3,talk,77,7,12,Over
3,talk,78,7,3,Over
3,talk,79,7,1,Over
3,talk,80,7,11,Over
3,talk,81,7,15,Over
3,talk,82,7,8,Over
3,talk,83,7,2,Over
3,talk,84,7,7,ESTIMATE Agent[08] VILLAGER
3,talk,85,7,10,Over
3,talk,86,7,9,Over
3,talk,87,7,4,Over
3,talk,88,8,8,Over
3,talk,89,8,3,Over
3,talk,90,8,15,Over
3,talk,91,8,2,Over
3,talk,92,8,1,Over
3,talk,93,8,11,Over
3,talk,94,8,4,Over
3,talk,95,8,7,Over
3,talk,96,8,10,Over
3,talk,97,8,12,Over
3,talk,98,8,9,Over
3,vote,1,12
3,vote,2,15
3,vote,3,10
3,vote,4,3
3,vote,7,12
3,vote,8,15
3,vote,9,10
3,vote,10,7
3,vote,11,10
3,vote,12,4
3,vote,15,10
3,execute,10,VILLAGER
3,divine,15,3,WEREWOLF
3,whisper,0,0,2,Over
3,whisper,1,0,12,Skip
3,whisper,2,0,3,ATTACK Agent[04]
3,whisper,3,1,12,ATTACK Agent[04]
3,whisper,4,1,3,Skip
3,whisper,5,1,2,Over
3,whisper,6,2,12,REQUEST(ATTACK Agent[04])
3,whisper,7,2,2,Over
3,whisper,8,2,3,Skip
3,whisper,9,3,12,Skip
3,whisper,10,3,2,Over
3,whisper,11,3,3,Over
3,whisper,12,4,2,Over
3,whisper,13,4,3,Over
3,whisper,14,4,12,Skip
3,whisper,15,5,2,Over
3,whisper,16,5,12,Over
3,whisper,17,5,3,Over
3,attackVote,2,15
3,attackVote,3,4
3,attackVote,12,4
3,attack,4,true
4,status,1,VILLAGER,ALIVE,tmcit2017
4,status,2,WEREWOLF,ALIVE,Army
4,status,3,WEREWOLF,ALIVE,rsaito
4,status,4,VILLAGER,DEAD,Neo_ELIZA
4,status,5,POSSESSED,DEAD,AIWolf_NET
4,status,6,VILLAGER,DEAD,Romanesco
4,status,7,VILLAGER,ALIVE,wasabi
4,status,8,MEDIUM,ALIVE,H-ReGEX
4,status,9,VILLAGER,ALIVE,yk_aiwolf
4,status,10,VILLAGER,DEAD,Kanpyo
4,status,11,VILLAGER,ALIVE,konno
4,status,12,WEREWOLF,ALIVE,AITKN
4,status,13,VILLAGER,DEAD,neko
4,status,14,BODYGUARD,DEAD,flex
4,status,15,SEER,ALIVE,Litt1eGirl
4,talk,0,0,11,VOTE Agent[12]
4,talk,1,0,7,VOTE Agent[12]
4,talk,2,0,8,ESTIMATE Agent[15] WEREWOLF
4,talk,3,0,2,Skip
4,talk,4,0,9,Over
4,talk,5,0,1,Over
4,talk,6,0,3,VOTE Agent[01]
4,talk,7,0,12,VOTE Agent[05]
4,talk,8,0,15,DIVINED Agent[03] WEREWOLF
4,talk,9,1,1,Over
4,talk,10,1,15,VOTE Agent[12]
4,talk,11,1,9,Over
4,talk,12,1,12,Skip
4,talk,13,1,7,Skip
4,talk,14,1,11,Skip
4,talk,15,1,8,VOTE Agent[15]
4,talk,16,1,3,Skip
4,talk,17,1,2,ESTIMATE Agent[03] WEREWOLF
4,talk,18,2,7,Skip
4,talk,19,2,3,Skip
4,talk,20,2,12,Skip
4,talk,21,2,1,Over
4,talk,22,2,8,Skip
4,talk,23,2,15,Over
4,talk,24,2,11,Skip
4,talk,25,2,2,ESTIMATE Agent[03] WEREWOLF
4,talk,26,2,9,Over
4,talk,27,3,7,ESTIMATE Agent[15] SEER
4,talk,28,3,15,ESTIMATE Agent[12] WEREWOLF
4,talk,29,3,2,Skip
4,talk,30,3,3,VOTE Agent[12]
4,talk,31,3,9,Over
4,talk,32,3,8,Skip
4,talk,33,3,11,Over
4,talk,34,3,12,Over
4,talk,35,3,1,Over
4,talk,36,4,1,Over
4,talk,37,4,8,Over
4,talk,38,4,7,ESTIMATE Agent[12] WEREWOLF
4,talk,39,4,11,Over
4,talk,40,4,3,Skip
4,talk,41,4,15,Over
4,talk,42,4,2,Skip
4,talk,43,4,12,REQUEST(DIVINATION Agent[09])
4,talk,44,4,9,Over
4,talk,45,5,7,Skip
4,talk,46,5,9,Over
4,talk,47,5,8,Over
4,talk,48,5,15,Over
4,talk,49,5,11,Over
4,talk,50,5,12,Skip
4,talk,51,5,3,Skip
4,talk,52,5,2,Over
4,talk,53,5,1,Over
4,talk,54,6,9,Over
4,talk,55,6,2,Over
4,talk,56,6,12,Skip
4,talk,57,6,1,Over
4,talk,58,6,7,Over
4,talk,59,6,8,Over
4,talk,60,6,15,ESTIMATE Agent[12] WEREWOLF
4,talk,61,6,11,Over
4,talk,62,6,3,Over
4,talk,63,7,11,Over
4,talk,64,7,15,Over
4,talk,65,7,7,Over
4,talk,66,7,8,Over
4,talk,67,7,3,Over
4,talk,68,7,2,Over
4,talk,69,7,9,Over
4,talk,70,7,12,Over
4,talk,71,7,1,Over
4,vote,1,3
4,vote,2,15
4,vote,3,12
4,vote,7,12
4,vote,8,15
4,vote,9,2
4,vote,11,12
4,vote,12,1
4,vote,15,12
4,execute,12,WEREWOLF
4,divine,15,2,WEREWOLF
4,whisper,0,0,3,ATTACK Agent[07]
4,whisper,1,0,2,Over
4,whisper,2,1,3,Skip
4,whisper,3,1,2,Over
4,whisper,4,2,2,Over
4,whisper,5,2,3,Skip
4,whisper,6,3,2,Over
4,whisper,7,3,3,Over
4,attackVote,2,15
4,attackVote,3,7
4,attackVote,2,15
4,attackVote,3,7
4,attack,15,true
5,status,1,VILLAGER,ALIVE,tmcit2017
5,status,2,WEREWOLF,ALIVE,Army
5,status,3,WEREWOLF,ALIVE,rsaito
5,status,4,VILLAGER,DEAD,Neo_ELIZA
5,status,5,POSSESSED,DEAD,AIWolf_NET
5,status,6,VILLAGER,DEAD,Romanesco
5,status,7,VILLAGER,ALIVE,wasabi
5,status,8,MEDIUM,ALIVE,H-ReGEX
5,status,9,VILLAGER,ALIVE,yk_aiwolf
5,status,10,VILLAGER,DEAD,Kanpyo
5,status,11,VILLAGER,ALIVE,konno
5,status,12,WEREWOLF,DEAD,AITKN
5,status,13,VILLAGER,DEAD,neko
5,status,14,BODYGUARD,DEAD,flex
5,status,15,SEER,DEAD,Litt1eGirl
5,talk,0,0,1,Over
5,talk,1,0,11,VOTE Agent[02]
5,talk,2,0,9,Over
5,talk,3,0,7,Skip
5,talk,4,0,3,VOTE Agent[01]
5,talk,5,0,2,Skip
5,talk,6,0,8,COMINGOUT Agent[08] MEDIUM
5,talk,7,1,7,VOTE Agent[03]
5,talk,8,1,8,IDENTIFIED Agent[05] HUMAN
5,talk,9,1,9,Over
5,talk,10,1,11,Skip
5,talk,11,1,2,Skip
5,talk,12,1,1,Over
5,talk,13,1,3,Skip
5,talk,14,2,11,Skip
5,talk,15,2,8,IDENTIFIED Agent[06] HUMAN
5,talk,16,2,2,VOTE Agent[08]
5,talk,17,2,1,Over
5,talk,18,2,9,Over
5,talk,19,2,3,Skip
5,talk,20,2,7,Skip
5,talk,21,3,7,Skip
5,talk,22,3,2,Skip
5,talk,23,3,9,Over
5,talk,24,3,3,Over
5,talk,25,3,1,Over
5,talk,26,3,11,Over
5,talk,27,3,8,IDENTIFIED Agent[10] HUMAN
5,talk,28,4,8,IDENTIFIED Agent[12] WEREWOLF
5,talk,29,4,11,Over
5,talk,30,4,3,Over
5,talk,31,4,7,Over
5,talk,32,4,9,Over
5,talk,33,4,1,Over
5,talk,34,4,2,Skip
5,talk,35,5,9,Over
5,talk,36,5,1,Over
5,talk,37,5,11,Over
5,talk,38,5,7,Over
5,talk,39,5,3,Over
5,talk,40,5,8,VOTE Agent[07]
5,talk,41,5,2,Over
5,talk,42,6,1,Over
5,talk,43,6,9,Over
5,talk,44,6,7,Over
5,talk,45,6,11,Over
5,talk,46,6,8,Skip
5,talk,47,6,3,Over
5,talk,48,6,2,Over
5,talk,49,7,11,Over
5,talk,50,7,9,Over
5,talk,51,7,7,Over
5,talk,52,7,8,Skip
5,talk,53,7,1,Over
5,talk,54,7,2,Over
5,talk,55,7,3,Over
5,talk,56,8,2,Over
5,talk,57,8,7,Over
5,talk,58,8,9,Over
5,talk,59,8,11,Over
5,talk,60,8,3,Over
5,talk,61,8,8,Over
5,talk,62,8,1,Over
5,vote,1,7
5,vote,2,8
5,vote,3,1
5,vote,7,3
5,vote,8,7
5,vote,9,2
5,vote,11,2
5,vote,1,9
5,vote,2,8
5,vote,3,1
5,vote,7,3
5,vote,8,7
5,vote,9,11
5,vote,11,2
5,execute,9,VILLAGER
5,whisper,0,0,3,ATTACK Agent[07]
5,whisper,1,0,2,Over
5,whisper,2,1,2,Over
5,whisper,3,1,3,Skip
5,whisper,4,2,2,Over
5,whisper,5,2,3,Skip
5,whisper,6,3,2,Over
5,whisper,7,3,3,Over
5,attackVote,3,7
5,attack,7,true
6,status,1,VILLAGER,ALIVE,tmcit2017
6,status,2,WEREWOLF,ALIVE,Army
6,status,3,WEREWOLF,ALIVE,rsaito
6,status,4,VILLAGER,DEAD,Neo_ELIZA
6,status,5,POSSESSED,DEAD,AIWolf_NET
6,status,6,VILLAGER,DEAD,Romanesco
6,status,7,VILLAGER,DEAD,wasabi
6,status,8,MEDIUM,ALIVE,H-ReGEX
6,status,9,VILLAGER,DEAD,yk_aiwolf
6,status,10,VILLAGER,DEAD,Kanpyo
6,status,11,VILLAGER,ALIVE,konno
6,status,12,WEREWOLF,DEAD,AITKN
6,status,13,VILLAGER,DEAD,neko
6,status,14,BODYGUARD,DEAD,flex
6,status,15,SEER,DEAD,Litt1eGirl
6,talk,0,0,3,VOTE Agent[01]
6,talk,1,0,11,VOTE Agent[02]
6,talk,2,0,1,Over
6,talk,3,0,2,Skip
6,talk,4,0,8,IDENTIFIED Agent[09] HUMAN
6,talk,5,1,8,VOTE Agent[01]
6,talk,6,1,3,Skip
6,talk,7,1,11,Skip
6,talk,8,1,1,Over
6,talk,9,1,2,Skip
6,talk,10,2,1,Over
6,talk,11,2,11,Skip
6,talk,12,2,3,Skip
6,talk,13,2,2,Over
6,talk,14,2,8,Skip
6,talk,15,3,1,Over
6,talk,16,3,11,Over
6,talk,17,3,8,Skip
6,talk,18,3,3,Over
6,talk,19,3,2,Over
6,talk,20,4,8,Over
6,talk,21,4,3,Over
6,talk,22,4,2,Over
6,talk,23,4,11,Over
6,talk,24,4,1,Over
6,vote,1,8
6,vote,2,8
6,vote,3,1
6,vote,8,1
6,vote,11,2
6,vote,1,11
6,vote,2,8
6,vote,3,1
6,vote,8,1
6,vote,11,2
6,execute,1,VILLAGER
6,whisper,0,0,2,Over
6,whisper,1,0,3,ATTACK Agent[11]
6,whisper,2,1,2,Over
6,whisper,3,1,3,Skip
6,whisper,4,2,2,Over
6,whisper,5,2,3,Skip
6,whisper,6,3,3,Over
6,whisper,7,3,2,Over
6,attackVote,3,11
6,attack,11,true
7,status,1,VILLAGER,DEAD,tmcit2017
7,status,2,WEREWOLF,ALIVE,Army
7,status,3,WEREWOLF,ALIVE,rsaito
7,status,4,VILLAGER,DEAD,Neo_ELIZA
7,status,5,POSSESSED,DEAD,AIWolf_NET
7,status,6,VILLAGER,DEAD,Romanesco
7,status,7,VILLAGER,DEAD,wasabi
7,status,8,MEDIUM,ALIVE,H-ReGEX
7,status,9,VILLAGER,DEAD,yk_aiwolf
7,status,10,VILLAGER,DEAD,Kanpyo
7,status,11,VILLAGER,DEAD,konno
7,status,12,WEREWOLF,DEAD,AITKN
7,status,13,VILLAGER,DEAD,neko
7,status,14,BODYGUARD,DEAD,flex
7,status,15,SEER,DEAD,Litt1eGirl
7,result,1,2,WEREWOLF
