0,status,1,VILLAGER,ALIVE,tmcit2017
0,status,2,BODYGUARD,ALIVE,Army
0,status,3,SEER,ALIVE,rsaito
0,status,4,VILLAGER,ALIVE,Neo_ELIZA
0,status,5,WEREWOLF,ALIVE,AIWolf_NET
0,status,6,VILLAGER,ALIVE,Romanesco
0,status,7,POSSESSED,ALIVE,wasabi
0,status,8,VILLAGER,ALIVE,H-ReGEX
0,status,9,VILLAGER,ALIVE,yk_aiwolf
0,status,10,VILLAGER,ALIVE,Kanpyo
0,status,11,WEREWOLF,ALIVE,konno
0,status,12,VILLAGER,ALIVE,AITKN
0,status,13,MEDIUM,ALIVE,neko
0,status,14,WEREWOLF,ALIVE,flex
0,status,15,VILLAGER,ALIVE,Litt1eGirl
0,whisper,0,0,5,COMINGOUT Agent[05] SEER
0,whisper,1,0,14,Over
0,whisper,2,0,11,COMINGOUT Agent[11] MEDIUM
0,whisper,3,1,14,Over
0,whisper,4,1,11,ATTACK Agent[03]
0,whisper,5,1,5,ATTACK Agent[13]
0,whisper,6,2,11,ATTACK Agent[02]
0,whisper,7,2,14,Over
0,whisper,8,2,5,Skip
0,whisper,9,3,5,Skip
0,whisper,10,3,11,ATTACK Agent[13]
0,whisper,11,3,14,Over
0,whisper,12,4,5,Over
0,whisper,13,4,14,Over
0,whisper,14,4,11,ATTACK Agent[12]
0,whisper,15,5,14,Over
0,whisper,16,5,5,Over
0,whisper,17,5,11,ATTACK Agent[04]
0,whisper,18,6,11,ATTACK Agent[10]
0,whisper,19,6,5,Over
0,whisper,20,6,14,Over
0,whisper,21,7,11,ATTACK Agent[13]
0,whisper,22,7,5,Over
0,whisper,23,7,14,Over
0,whisper,24,8,5,Over
0,whisper,25,8,14,Over
0,whisper,26,8,11,ATTACK Agent[10]
0,whisper,27,9,5,Over
0,whisper,28,9,14,Over
0,whisper,29,9,11,ATTACK Agent[13]
0,whisper,30,10,11,Over
0,whisper,31,10,5,Over
0,whisper,32,10,14,Over
0,divine,3,6,HUMAN
1,status,1,VILLAGER,ALIVE,tmcit2017
1,status,2,BODYGUARD,ALIVE,Army
1,status,3,SEER,ALIVE,rsaito
1,status,4,VILLAGER,ALIVE,Neo_ELIZA
1,status,5,WEREWOLF,ALIVE,AIWolf_NET
1,status,6,VILLAGER,ALIVE,Romanesco
1,status,7,POSSESSED,ALIVE,wasabi
1,status,8,VILLAGER,ALIVE,H-ReGEX
1,status,9,VILLAGER,ALIVE,yk_aiwolf
1,status,10,VILLAGER,ALIVE,Kanpyo
1,status,11,WEREWOLF,ALIVE,konno
1,status,12,VILLAGER,ALIVE,AITKN
1,status,13,MEDIUM,ALIVE,neko
1,status,14,WEREWOLF,ALIVE,flex
1,status,15,VILLAGER,ALIVE,Litt1eGirl
1,talk,0,0,1,COMINGOUT Agent[01] VILLAGER
1,talk,1,0,9,Over
1,talk,2,0,6,Skip
1,talk,3,0,12,VOTE Agent[04]
1,talk,4,0,10,VOTE Agent[09]
1,talk,5,0,7,COMINGOUT Agent[07] SEER
1,talk,6,0,13,COMINGOUT Agent[13] MEDIUM
1,talk,7,0,8,VOTE Agent[15]
1,talk,8,0,3,COMINGOUT Agent[03] SEER
1,talk,9,0,11,ESTIMATE Agent[08] WEREWOLF
1,talk,10,0,14,Over
1,talk,11,0,2,Skip
1,talk,12,0,15,VOTE Agent[06]
1,talk,13,0,5,ESTIMATE Agent[01] WEREWOLF
1,talk,14,0,4,VOTE Agent[11]
1,talk,15,1,15,VOTE Agent[11]
1,talk,16,1,2,Skip
1,talk,17,1,1,Over
1,talk,18,1,10,ESTIMATE Agent[07] SEER
1,talk,19,1,3,DIVINED Agent[06] HUMAN
1,talk,20,1,13,VOTE Agent[05]
1,talk,21,1,8,Skip
1,talk,22,1,9,Over
1,talk,23,1,14,Over
1,talk,24,1,12,VOTE Agent[15]
1,talk,25,1,7,DIVINED Agent[08] HUMAN
1,talk,26,1,5,VOTE Agent[01]
1,talk,27,1,4,Skip
1,talk,28,1,6,Skip
1,talk,29,1,11,VOTE Agent[08]
1,talk,30,2,13,VOTE Agent[11]
1,talk,31,2,11,COMINGOUT Agent[11] MEDIUM
1,talk,32,2,8,ESTIMATE Agent[08] WEREWOLF
1,talk,33,2,12,Skip
1,talk,34,2,7,VOTE Agent[05]
1,talk,35,2,3,VOTE Agent[05]
1,talk,36,2,4,Skip
1,talk,37,2,2,Over
1,talk,38,2,1,Over
1,talk,39,2,14,Over
1,talk,40,2,5,ESTIMATE Agent[03] WEREWOLF
1,talk,41,2,15,Over
1,talk,42,2,10,ESTIMATE Agent[03] SEER
1,talk,43,2,6,Over
1,talk,44,2,9,Over
1,talk,45,3,9,Over
1,talk,46,3,12,VOTE Agent[11]
1,talk,47,3,4,Over
1,talk,48,3,7,Skip
1,talk,49,3,3,VOTE Agent[05]
1,talk,50,3,8,VOTE Agent[08]
1,talk,51,3,13,Skip
1,talk,52,3,6,VOTE Agent[05]
1,talk,53,3,1,Over
1,talk,54,3,14,Over
1,talk,55,3,15,Over
1,talk,56,3,10,Skip
1,talk,57,3,11,ESTIMATE Agent[13] WEREWOLF
1,talk,58,3,2,Over
1,talk,59,3,5,VOTE Agent[03]
1,talk,60,4,4,Over
1,talk,61,4,15,ESTIMATE Agent[12] VILLAGER
1,talk,62,4,5,COMINGOUT Agent[05] SEER
1,talk,63,4,8,Skip
1,talk,64,4,6,Skip
1,talk,65,4,10,Skip
1,talk,66,4,12,VOTE Agent[05]
1,talk,67,4,14,Over
1,talk,68,4,7,VOTE Agent[13]
1,talk,69,4,11,VOTE Agent[13]
1,talk,70,4,9,Over
1,talk,71,4,2,Over
1,talk,72,4,3,VOTE Agent[11]
1,talk,73,4,1,Over
1,talk,74,4,13,Skip
1,talk,75,5,4,Over
1,talk,76,5,7,Skip
1,talk,77,5,11,Skip
1,talk,78,5,12,REQUEST(DIVINATION Agent[14])
1,talk,79,5,6,VOTE Agent[05]
1,talk,80,5,15,Over
1,talk,81,5,14,Over
1,talk,82,5,8,Skip
1,talk,83,5,13,VOTE Agent[05]
1,talk,84,5,2,Over
1,talk,85,5,1,Over
1,talk,86,5,3,VOTE Agent[05]
1,talk,87,5,10,ESTIMATE Agent[05] WEREWOLF
1,talk,88,5,9,Over
1,talk,89,5,5,DIVINED Agent[10] HUMAN
1,talk,90,6,4,Over
1,talk,91,6,12,Skip
1,talk,92,6,5,Skip
1,talk,93,6,6,Skip
1,talk,94,6,15,VOTE Agent[05]
1,talk,95,6,7,Skip
1,talk,96,6,2,Over
1,talk,97,6,11,Skip
1,talk,98,6,14,Over
1,talk,99,6,8,Over
1,talk,100,6,9,Over
1,talk,101,6,1,Over
1,talk,102,6,3,VOTE Agent[11]
1,talk,103,6,10,REQUEST(Agent[05] Over)
1,talk,104,6,13,Skip
1,talk,105,7,5,Skip
1,talk,106,7,11,Over
1,talk,107,7,7,Over
1,talk,108,7,9,Over
1,talk,109,7,6,VOTE Agent[05]
1,talk,110,7,8,Over
1,talk,111,7,4,Over
1,talk,112,7,3,VOTE Agent[05]
1,talk,113,7,15,Over
1,talk,114,7,13,Skip
1,talk,115,7,12,Skip
1,talk,116,7,10,VOTE Agent[05]
1,talk,117,7,14,Over
1,talk,118,7,1,Over
1,talk,119,7,2,Over
1,talk,120,8,10,Skip
1,talk,121,8,1,Over
1,talk,122,8,13,Over
1,talk,123,8,12,Over
1,talk,124,8,4,Over
1,talk,125,8,7,ESTIMATE Agent[11] WEREWOLF
1,talk,126,8,11,Over
1,talk,127,8,9,Over
1,talk,128,8,3,Skip
1,talk,129,8,2,Over
1,talk,130,8,6,Skip
1,talk,131,8,14,Over
1,talk,132,8,15,Over
1,talk,133,8,5,Over
1,talk,134,8,8,Over
1,talk,135,9,15,Over
1,talk,136,9,4,Over
1,talk,137,9,10,Skip
1,talk,138,9,2,Over
1,talk,139,9,13,Over
1,talk,140,9,1,Over
1,talk,141,9,5,Over
1,talk,142,9,7,ESTIMATE Agent[03] WEREWOLF
1,talk,143,9,11,Over
1,talk,144,9,9,Over
1,talk,145,9,3,Skip
1,talk,146,9,14,Over
1,talk,147,9,6,Skip
1,talk,148,9,8,Over
1,talk,149,9,12,Over
1,talk,150,10,2,Over
1,talk,151,10,13,Over
1,talk,152,10,14,Over
1,talk,153,10,5,Over
1,talk,154,10,12,Over
1,talk,155,10,11,Over
1,talk,156,10,15,Over
1,talk,157,10,6,Over
1,talk,158,10,1,Over
1,talk,159,10,3,Over
1,talk,160,10,10,Over
1,talk,161,10,8,Over
1,talk,162,10,4,Over
1,talk,163,10,7,ESTIMATE Agent[03] WEREWOLF
1,talk,164,10,9,Over
1,talk,165,11,10,Over
1,talk,166,11,13,Over
1,talk,167,11,14,Over
1,talk,168,11,9,Over
1,talk,169,11,15,Over
1,talk,170,11,4,Over
1,talk,171,11,5,Over
1,talk,172,11,2,Over
1,talk,173,11,7,Over
1,talk,174,11,3,Over
1,talk,175,11,6,Over
1,talk,176,11,11,Over
1,talk,177,11,8,Over
1,talk,178,11,12,Over
1,talk,179,11,1,Over
1,vote,1,8
1,vote,2,4
1,vote,3,5
1,vote,4,11
1,vote,5,3
1,vote,6,5
1,vote,7,13
1,vote,8,14
1,vote,9,14
1,vote,10,5
1,vote,11,13
1,vote,12,5
1,vote,13,5
1,vote,14,2
1,vote,15,5
1,execute,5,WEREWOLF
1,divine,3,11,WEREWOLF
1,whisper,0,0,14,Over
1,whisper,1,0,11,ATTACK Agent[13]
1,whisper,2,1,11,Skip
1,whisper,3,1,14,Over
1,whisper,4,2,11,Skip
1,whisper,5,2,14,Over
1,whisper,6,3,11,ATTACK Agent[07]
1,whisper,7,3,14,Over
1,whisper,8,4,14,Over
1,whisper,9,4,11,ATTACK Agent[03]
1,whisper,10,5,14,Over
1,whisper,11,5,11,ATTACK Agent[13]
1,whisper,12,6,11,ATTACK Agent[01]
1,whisper,13,6,14,Over
1,whisper,14,7,14,Over
1,whisper,15,7,11,Skip
1,whisper,16,8,11,ATTACK Agent[03]
1,whisper,17,8,14,Over
1,whisper,18,9,11,ATTACK Agent[13]
1,whisper,19,9,14,Over
1,whisper,20,10,14,Over
1,whisper,21,10,11,ATTACK Agent[07]
1,whisper,22,11,14,Over
1,whisper,23,11,11,Skip
1,whisper,24,12,11,Skip
1,whisper,25,12,14,Over
1,whisper,26,13,11,ATTACK Agent[13]
1,whisper,27,13,14,Over
1,whisper,28,14,14,Over
1,whisper,29,14,11,Skip
1,whisper,30,15,11,ATTACK Agent[01]
1,whisper,31,15,14,Over
1,whisper,32,16,14,Over
1,whisper,33,16,11,Over
1,attackVote,11,1
1,attack,1,true
2,status,1,VILLAGER,DEAD,tmcit2017
2,status,2,BODYGUARD,ALIVE,Army
2,status,3,SEER,ALIVE,rsaito
2,status,4,VILLAGER,ALIVE,Neo_ELIZA
2,status,5,WEREWOLF,DEAD,AIWolf_NET
2,status,6,VILLAGER,ALIVE,Romanesco
2,status,7,POSSESSED,ALIVE,wasabi
2,status,8,VILLAGER,ALIVE,H-ReGEX
2,status,9,VILLAGER,ALIVE,yk_aiwolf
2,status,10,VILLAGER,ALIVE,Kanpyo
2,status,11,WEREWOLF,ALIVE,konno
2,status,12,VILLAGER,ALIVE,AITKN
2,status,13,MEDIUM,ALIVE,neko
2,status,14,WEREWOLF,ALIVE,flex
2,status,15,VILLAGER,ALIVE,Litt1eGirl
2,talk,0,0,6,Skip
2,talk,1,0,15,VOTE Agent[08]
2,talk,2,0,10,Skip
2,talk,3,0,12,VOTE Agent[06]
2,talk,4,0,13,IDENTIFIED Agent[05] WEREWOLF
2,talk,5,0,11,IDENTIFIED Agent[05] HUMAN
2,talk,6,0,9,Over
2,talk,7,0,2,Skip
2,talk,8,0,3,DIVINED Agent[11] WEREWOLF
2,talk,9,0,4,VOTE Agent[11]
2,talk,10,0,7,DIVINED Agent[02] HUMAN
2,talk,11,0,8,ESTIMATE Agent[11] WEREWOLF
2,talk,12,0,14,Over
2,talk,13,1,14,Over
2,talk,14,1,3,VOTE Agent[11]
2,talk,15,1,7,VOTE Agent[11]
2,talk,16,1,10,AGREE TALK day2 ID:8
2,talk,17,1,2,ESTIMATE Agent[11] WEREWOLF
2,talk,18,1,4,Skip
2,talk,19,1,6,Skip
2,talk,20,1,12,VOTE Agent[11]
2,talk,21,1,8,VOTE Agent[11]
2,talk,22,1,9,Over
2,talk,23,1,15,VOTE Agent[06]
2,talk,24,1,13,VOTE Agent[11]
2,talk,25,1,11,ESTIMATE Agent[13] WEREWOLF
2,talk,26,2,11,VOTE Agent[13]
2,talk,27,2,4,Skip
2,talk,28,2,14,Over
2,talk,29,2,10,ESTIMATE Agent[11] WEREWOLF
2,talk,30,2,6,Over
2,talk,31,2,12,Skip
2,talk,32,2,8,Skip
2,talk,33,2,13,Skip
2,talk,34,2,7,ESTIMATE Agent[03] WEREWOLF
2,talk,35,2,3,Skip
2,talk,36,2,15,VOTE Agent[11]
2,talk,37,2,9,Over
2,talk,38,2,2,Skip
2,talk,39,3,10,VOTE Agent[11]
2,talk,40,3,4,Over
2,talk,41,3,2,Skip
2,talk,42,3,14,Over
2,talk,43,3,13,Skip
2,talk,44,3,3,Skip
2,talk,45,3,12,Skip
2,talk,46,3,6,VOTE Agent[11]
2,talk,47,3,15,ESTIMATE Agent[11] WEREWOLF
2,talk,48,3,9,Over
2,talk,49,3,8,Skip
2,talk,50,3,7,ESTIMATE Agent[03] WEREWOLF
2,talk,51,3,11,Skip
2,talk,52,4,12,REQUEST(DIVINATION Agent[04])
2,talk,53,4,7,ESTIMATE Agent[08] VILLAGER
2,talk,54,4,8,Over
2,talk,55,4,4,Over
2,talk,56,4,10,REQUEST(VOTE Agent[11])
2,talk,57,4,11,Skip
2,talk,58,4,14,Over
2,talk,59,4,6,Skip
2,talk,60,4,3,Over
2,talk,61,4,15,Over
2,talk,62,4,13,VOTE Agent[02]
2,talk,63,4,9,Over
2,talk,64,4,2,Over
2,talk,65,5,9,Over
2,talk,66,5,11,Over
2,talk,67,5,14,Over
2,talk,68,5,4,Over
2,talk,69,5,12,VOTE Agent[11]
2,talk,70,5,15,Over
2,talk,71,5,6,VOTE Agent[11]
2,talk,72,5,2,Over
2,talk,73,5,7,ESTIMATE Agent[03] WEREWOLF
2,talk,74,5,3,Over
2,talk,75,5,13,Skip
2,talk,76,5,10,VOTE Agent[11]
2,talk,77,5,8,Over
2,talk,78,6,3,Over
2,talk,79,6,8,Over
2,talk,80,6,6,Skip
2,talk,81,6,14,Over
2,talk,82,6,12,Skip
2,talk,83,6,4,Over
2,talk,84,6,7,ESTIMATE Agent[11] WEREWOLF
2,talk,85,6,13,Skip
2,talk,86,6,15,Over
2,talk,87,6,2,Over
2,talk,88,6,9,Over
2,talk,89,6,10,Skip
2,talk,90,6,11,Over
2,talk,91,7,15,Over
2,talk,92,7,3,Over
2,talk,93,7,6,VOTE Agent[11]
2,talk,94,7,2,Over
2,talk,95,7,10,Skip
2,talk,96,7,4,Over
2,talk,97,7,14,Over
2,talk,98,7,8,Over
2,talk,99,7,7,ESTIMATE Agent[03] WEREWOLF
2,talk,100,7,9,Over
2,talk,101,7,11,Over
2,talk,102,7,13,Over
2,talk,103,7,12,Skip
2,talk,104,8,11,Over
2,talk,105,8,10,Over
2,talk,106,8,7,ESTIMATE Agent[13] WEREWOLF
2,talk,107,8,14,Over
2,talk,108,8,6,Skip
2,talk,109,8,15,Over
2,talk,110,8,3,Over
2,talk,111,8,2,Over
2,talk,112,8,13,Over
2,talk,113,8,4,Over
2,talk,114,8,12,Over
2,talk,115,8,8,Over
2,talk,116,8,9,Over
2,talk,117,9,10,Over
2,talk,118,9,12,Over
2,talk,119,9,14,Over
2,talk,120,9,9,Over
2,talk,121,9,7,ESTIMATE Agent[13] WEREWOLF
2,talk,122,9,2,Over
2,talk,123,9,4,Over
2,talk,124,9,3,Over
2,talk,125,9,13,Over
2,talk,126,9,6,Skip
2,talk,127,9,15,Over
2,talk,128,9,8,Over
2,talk,129,9,11,Over
2,talk,130,10,14,Over
2,talk,131,10,10,Over
2,talk,132,10,12,Over
2,talk,133,10,7,Over
2,talk,134,10,11,Over
2,talk,135,10,9,Over
2,talk,136,10,8,Over
2,talk,137,10,2,Over
2,talk,138,10,3,Over
2,talk,139,10,4,Over
2,talk,140,10,15,Over
2,talk,141,10,13,Over
2,talk,142,10,6,Over
2,vote,2,4
2,vote,3,11
2,vote,4,11
2,vote,6,11
2,vote,7,11
2,vote,8,11
2,vote,9,15
2,vote,10,11
2,vote,11,13
2,vote,12,11
2,vote,13,2
2,vote,14,7
2,vote,15,11
2,execute,11,WEREWOLF
2,divine,3,2,HUMAN
2,attack,3,true
3,status,1,VILLAGER,DEAD,tmcit2017
3,status,2,BODYGUARD,ALIVE,Army
3,status,3,SEER,DEAD,rsaito
3,status,4,VILLAGER,ALIVE,Neo_ELIZA
3,status,5,WEREWOLF,DEAD,AIWolf_NET
3,status,6,VILLAGER,ALIVE,Romanesco
3,status,7,POSSESSED,ALIVE,wasabi
3,status,8,VILLAGER,ALIVE,H-ReGEX
3,status,9,VILLAGER,ALIVE,yk_aiwolf
3,status,10,VILLAGER,ALIVE,Kanpyo
3,status,11,WEREWOLF,DEAD,konno
3,status,12,VILLAGER,ALIVE,AITKN
3,status,13,MEDIUM,ALIVE,neko
3,status,14,WEREWOLF,ALIVE,flex
3,status,15,VILLAGER,ALIVE,Litt1eGirl
3,talk,0,0,7,DIVINED Agent[12] WEREWOLF
3,talk,1,0,14,Over
3,talk,2,0,4,VOTE Agent[10]
3,talk,3,0,12,VOTE Agent[07]
3,talk,4,0,9,Over
3,talk,5,0,15,VOTE Agent[10]
3,talk,6,0,6,Skip
3,talk,7,0,2,Skip
3,talk,8,0,13,IDENTIFIED Agent[11] WEREWOLF
3,talk,9,0,10,ESTIMATE Agent[11] WEREWOLF
3,talk,10,0,8,ESTIMATE Agent[05] WEREWOLF
3,talk,11,1,8,VOTE Agent[05]
3,talk,12,1,14,Over
3,talk,13,1,13,VOTE Agent[02]
3,talk,14,1,9,Over
3,talk,15,1,2,ESTIMATE Agent[12] WEREWOLF
3,talk,16,1,6,Skip
3,talk,17,1,7,VOTE Agent[09]
3,talk,18,1,4,Skip
3,talk,19,1,10,VOTE Agent[11]
3,talk,20,1,15,Over
3,talk,21,1,12,ESTIMATE Agent[07] POSSESSED
3,talk,22,2,14,Over
3,talk,23,2,13,Skip
3,talk,24,2,12,VOTE Agent[10]
3,talk,25,2,7,ESTIMATE Agent[15] WEREWOLF
3,talk,26,2,15,ESTIMATE Agent[09] VILLAGER
3,talk,27,2,6,Over
3,talk,28,2,8,Skip
3,talk,29,2,9,Over
3,talk,30,2,2,Skip
3,talk,31,2,4,Skip
3,talk,32,2,10,REQUEST(VOTE Agent[11])
3,talk,33,3,7,ESTIMATE Agent[10] WEREWOLF
3,talk,34,3,13,Skip
3,talk,35,3,4,Over
3,talk,36,3,9,Over
3,talk,37,3,10,ESTIMATE Agent[13] WEREWOLF
3,talk,38,3,15,Over
3,talk,39,3,8,Skip
3,talk,40,3,2,Skip
3,talk,41,3,12,Skip
3,talk,42,3,14,Over
3,talk,43,3,6,VOTE Agent[13]
3,talk,44,4,8,Over
3,talk,45,4,7,ESTIMATE Agent[10] WEREWOLF
3,talk,46,4,9,Over
3,talk,47,4,6,Skip
3,talk,48,4,4,Over
3,talk,49,4,2,Over
3,talk,50,4,14,Over
3,talk,51,4,12,REQUEST(DIVINATION Agent[09])
3,talk,52,4,10,VOTE Agent[13]
3,talk,53,4,13,Over
3,talk,54,4,15,Over
3,talk,55,5,6,VOTE Agent[13]
3,talk,56,5,4,Over
3,talk,57,5,12,Skip
3,talk,58,5,2,Over
3,talk,59,5,10,REQUEST(VOTE Agent[13])
3,talk,60,5,15,Over
3,talk,61,5,13,Over
3,talk,62,5,14,Over
3,talk,63,5,7,Skip
3,talk,64,5,9,Over
3,talk,65,5,8,Over
3,talk,66,6,7,VOTE Agent[14]
3,talk,67,6,10,AGREE TALK day3 ID:0
3,talk,68,6,12,VOTE Agent[13]
3,talk,69,6,15,ESTIMATE Agent[10] WEREWOLF
3,talk,70,6,6,Skip
3,talk,71,6,2,Over
3,talk,72,6,13,Over
3,talk,73,6,14,Over
3,talk,74,6,9,Over
3,talk,75,6,8,Over
3,talk,76,6,4,Over
3,talk,77,7,4,Over
3,talk,78,7,15,VOTE Agent[13]
3,talk,79,7,10,ESTIMATE Agent[12] WEREWOLF
3,talk,80,7,2,Over
3,talk,81,7,13,Over
3,talk,82,7,12,VOTE Agent[13]
3,talk,83,7,8,Over
3,talk,84,7,9,Over
3,talk,85,7,14,Over
3,talk,86,7,6,VOTE Agent[13]
3,talk,87,7,7,Skip
3,talk,88,8,14,Over
3,talk,89,8,2,Over
3,talk,90,8,8,Over
3,talk,91,8,13,Over
3,talk,92,8,4,Over
3,talk,93,8,12,Skip
3,talk,94,8,9,Over
3,talk,95,8,15,Over
3,talk,96,8,6,Skip
3,talk,97,8,10,VOTE Agent[12]
3,talk,98,8,7,Skip
3,talk,99,9,12,Skip
3,talk,100,9,8,Over
3,talk,101,9,2,Over
3,talk,102,9,9,Over
3,talk,103,9,7,ESTIMATE Agent[14] WEREWOLF
3,talk,104,9,15,Over
3,talk,105,9,6,Skip
3,talk,106,9,10,REQUEST(VOTE Agent[12])
3,talk,107,9,13,Over
3,talk,108,9,14,Over
3,talk,109,9,4,Over
3,talk,110,10,7,Over
3,talk,111,10,10,Over
3,talk,112,10,15,ESTIMATE Agent[13] WEREWOLF
3,talk,113,10,8,Over
3,talk,114,10,6,Over
3,talk,115,10,14,Over
3,talk,116,10,4,Over
3,talk,117,10,13,Over
3,talk,118,10,2,Over
3,talk,119,10,12,Over
3,talk,120,10,9,Over
3,talk,121,11,15,Over
3,talk,122,11,8,Over
3,talk,123,11,4,Over
3,talk,124,11,10,Over
3,talk,125,11,12,Over
3,talk,126,11,2,Over
3,talk,127,11,13,Over
3,talk,128,11,7,ESTIMATE Agent[09] WEREWOLF
3,talk,129,11,9,Over
3,talk,130,11,6,Over
3,talk,131,11,14,Over
3,talk,132,12,10,Over
3,talk,133,12,9,Over
3,talk,134,12,14,Over
3,talk,135,12,6,Over
3,talk,136,12,2,Over
3,talk,137,12,13,Over
3,talk,138,12,15,Over
3,talk,139,12,12,Over
3,talk,140,12,4,Over
3,talk,141,12,7,ESTIMATE Agent[15] WEREWOLF
3,talk,142,12,8,Over
3,talk,143,13,4,Over
3,talk,144,13,8,Over
3,talk,145,13,10,Over
3,talk,146,13,6,Over
3,talk,147,13,7,ESTIMATE Agent[15] WEREWOLF
3,talk,148,13,13,Over
3,talk,149,13,15,Over
3,talk,150,13,9,Over
3,talk,151,13,12,Over
3,talk,152,13,2,Over
3,talk,153,13,14,Over
3,talk,154,14,7,Over
3,talk,155,14,14,Over
3,talk,156,14,9,Over
3,talk,157,14,13,Over
3,talk,158,14,4,Over
3,talk,159,14,10,Over
3,talk,160,14,15,Over
3,talk,161,14,2,Over
3,talk,162,14,12,Over
3,talk,163,14,8,Over
3,talk,164,14,6,Over
3,vote,2,4
3,vote,4,10
3,vote,6,13
3,vote,7,14
3,vote,8,2
3,vote,9,13
3,vote,10,13
3,vote,12,13
3,vote,13,2
3,vote,14,10
3,vote,15,13
3,execute,13,MEDIUM
3,attack,9,true
4,status,1,VILLAGER,DEAD,tmcit2017
4,status,2,BODYGUARD,ALIVE,Army
4,status,3,SEER,DEAD,rsaito
4,status,4,VILLAGER,ALIVE,Neo_ELIZA
4,status,5,WEREWOLF,DEAD,AIWolf_NET
4,status,6,VILLAGER,ALIVE,Romanesco
4,status,7,POSSESSED,ALIVE,wasabi
4,status,8,VILLAGER,ALIVE,H-ReGEX
4,status,9,VILLAGER,DEAD,yk_aiwolf
4,status,10,VILLAGER,ALIVE,Kanpyo
4,status,11,WEREWOLF,DEAD,konno
4,status,12,VILLAGER,ALIVE,AITKN
4,status,13,MEDIUM,DEAD,neko
4,status,14,WEREWOLF,ALIVE,flex
4,status,15,VILLAGER,ALIVE,Litt1eGirl
4,talk,0,0,7,DIVINED Agent[15] WEREWOLF
4,talk,1,0,10,Skip
4,talk,2,0,2,Skip
4,talk,3,0,4,VOTE Agent[02]
4,talk,4,0,6,Skip
4,talk,5,0,15,VOTE Agent[07]
4,talk,6,0,12,VOTE Agent[07]
4,talk,7,0,8,ESTIMATE Agent[11] WEREWOLF
4,talk,8,0,14,Over
4,talk,9,1,8,VOTE Agent[11]
4,talk,10,1,7,Skip
4,talk,11,1,12,ESTIMATE Agent[07] WEREWOLF
4,talk,12,1,6,Skip
4,talk,13,1,14,Over
4,talk,14,1,15,COMINGOUT Agent[15] BODYGUARD
4,talk,15,1,4,Skip
4,talk,16,1,2,ESTIMATE Agent[15] WEREWOLF
4,talk,17,1,10,AGREE TALK day4 ID:0
4,talk,18,2,14,Over
4,talk,19,2,10,ESTIMATE Agent[15] WEREWOLF
4,talk,20,2,8,Skip
4,talk,21,2,4,Skip
4,talk,22,2,2,Skip
4,talk,23,2,12,ESTIMATE Agent[07] WEREWOLF
4,talk,24,2,6,Over
4,talk,25,2,15,ESTIMATE Agent[07] WEREWOLF
4,talk,26,2,7,VOTE Agent[04]
4,talk,27,3,8,Skip
4,talk,28,3,12,ESTIMATE Agent[07] WEREWOLF
4,talk,29,3,7,ESTIMATE Agent[10] WEREWOLF
4,talk,30,3,14,Over
4,talk,31,3,10,VOTE Agent[15]
4,talk,32,3,15,Over
4,talk,33,3,6,VOTE Agent[14]
4,talk,34,3,2,Skip
4,talk,35,3,4,Over
4,talk,36,4,14,Over
4,talk,37,4,4,Over
4,talk,38,4,6,Skip
4,talk,39,4,7,VOTE Agent[14]
4,talk,40,4,2,Over
4,talk,41,4,12,REQUEST(DIVINATION Agent[04])
4,talk,42,4,8,Over
4,talk,43,4,10,REQUEST(VOTE Agent[15])
4,talk,44,4,15,ESTIMATE Agent[07] WEREWOLF
4,talk,45,5,14,Over
4,talk,46,5,6,VOTE Agent[14]
4,talk,47,5,2,Over
4,talk,48,5,7,ESTIMATE Agent[06] WEREWOLF
4,talk,49,5,10,VOTE Agent[07]
4,talk,50,5,8,Over
4,talk,51,5,15,Over
4,talk,52,5,12,ESTIMATE Agent[07] WEREWOLF
4,talk,53,5,4,Over
4,talk,54,6,14,Over
4,talk,55,6,2,Over
4,talk,56,6,7,ESTIMATE Agent[04] WEREWOLF
4,talk,57,6,12,VOTE Agent[15]
4,talk,58,6,15,ESTIMATE Agent[07] WEREWOLF
4,talk,59,6,6,Skip
4,talk,60,6,4,Over
4,talk,61,6,8,Over
4,talk,62,6,10,Skip
4,talk,63,7,4,Over
4,talk,64,7,15,ESTIMATE Agent[07] WEREWOLF
4,talk,65,7,6,VOTE Agent[14]
4,talk,66,7,7,Skip
4,talk,67,7,8,Over
4,talk,68,7,12,ESTIMATE Agent[07] WEREWOLF
4,talk,69,7,10,Skip
4,talk,70,7,14,Over
4,talk,71,7,2,Over
4,talk,72,8,15,Over
4,talk,73,8,12,ESTIMATE Agent[07] WEREWOLF
4,talk,74,8,8,Over
4,talk,75,8,10,Over
4,talk,76,8,14,Over
4,talk,77,8,4,Over
4,talk,78,8,7,ESTIMATE Agent[10] WEREWOLF
4,talk,79,8,2,Over
4,talk,80,8,6,Skip
4,talk,81,9,10,Over
4,talk,82,9,6,Skip
4,talk,83,9,8,Over
4,talk,84,9,15,Over
4,talk,85,9,12,ESTIMATE Agent[07] WEREWOLF
4,talk,86,9,4,Over
4,talk,87,9,7,ESTIMATE Agent[06] WEREWOLF
4,talk,88,9,14,Over
4,talk,89,9,2,Over
4,talk,90,10,12,Over
4,talk,91,10,6,Over
4,talk,92,10,8,Over
4,talk,93,10,2,Over
4,talk,94,10,7,ESTIMATE Agent[14] WEREWOLF
4,talk,95,10,14,Over
4,talk,96,10,10,Over
4,talk,97,10,4,Over
4,talk,98,10,15,ESTIMATE Agent[04] VILLAGER
4,talk,99,11,6,Over
4,talk,100,11,12,Over
4,talk,101,11,2,Over
4,talk,102,11,15,Over
4,talk,103,11,14,Over
4,talk,104,11,8,Over
4,talk,105,11,4,Over
4,talk,106,11,7,Skip
4,talk,107,11,10,Over
4,talk,108,12,4,Over
4,talk,109,12,12,Over
4,talk,110,12,14,Over
4,talk,111,12,15,Over
4,talk,112,12,10,Over
4,talk,113,12,7,Over
4,talk,114,12,6,Over
4,talk,115,12,8,Over
4,talk,116,12,2,Over
4,vote,2,4
4,vote,4,2
4,vote,6,14
4,vote,7,14
4,vote,8,6
4,vote,10,7
4,vote,12,7
4,vote,14,15
4,vote,15,7
4,execute,7,POSSESSED
4,attack,2,true
5,status,1,VILLAGER,DEAD,tmcit2017
5,status,2,BODYGUARD,DEAD,Army
5,status,3,SEER,DEAD,rsaito
5,status,4,VILLAGER,ALIVE,Neo_ELIZA
5,status,5,WEREWOLF,DEAD,AIWolf_NET
5,status,6,VILLAGER,ALIVE,Romanesco
5,status,7,POSSESSED,DEAD,wasabi
5,status,8,VILLAGER,ALIVE,H-ReGEX
5,status,9,VILLAGER,DEAD,yk_aiwolf
5,status,10,VILLAGER,ALIVE,Kanpyo
5,status,11,WEREWOLF,DEAD,konno
5,status,12,VILLAGER,ALIVE,AITKN
5,status,13,MEDIUM,DEAD,neko
5,status,14,WEREWOLF,ALIVE,flex
5,status,15,VILLAGER,ALIVE,Litt1eGirl
5,talk,0,0,4,VOTE Agent[12]
5,talk,1,0,6,Skip
5,talk,2,0,12,VOTE Agent[08]
5,talk,3,0,8,ESTIMATE Agent[11] WEREWOLF
5,talk,4,0,10,Skip
5,talk,5,0,15,VOTE Agent[14]
5,talk,6,0,14,Over
5,talk,7,1,14,Over
5,talk,8,1,4,Skip
5,talk,9,1,12,ESTIMATE Agent[07] WEREWOLF
5,talk,10,1,6,Skip
5,talk,11,1,8,VOTE Agent[11]
5,talk,12,1,15,VOTE Agent[08]
5,talk,13,1,10,Skip
5,talk,14,2,14,Over
5,talk,15,2,15,Over
5,talk,16,2,12,VOTE Agent[15]
5,talk,17,2,8,Skip
5,talk,18,2,6,Over
5,talk,19,2,10,Over
5,talk,20,2,4,Skip
5,talk,21,3,8,Skip
5,talk,22,3,4,Over
5,talk,23,3,10,Over
5,talk,24,3,12,ESTIMATE Agent[07] WEREWOLF
5,talk,25,3,6,VOTE Agent[15]
5,talk,26,3,15,VOTE Agent[12]
5,talk,27,3,14,Over
5,talk,28,4,4,Over
5,talk,29,4,8,Over
5,talk,30,4,14,Over
5,talk,31,4,12,VOTE Agent[08]
5,talk,32,4,15,ESTIMATE Agent[12] WEREWOLF
5,talk,33,4,10,Over
5,talk,34,4,6,Skip
5,talk,35,5,10,Over
5,talk,36,5,8,Over
5,talk,37,5,15,Over
5,talk,38,5,12,ESTIMATE Agent[07] WEREWOLF
5,talk,39,5,4,Over
5,talk,40,5,6,VOTE Agent[15]
5,talk,41,5,14,Over
5,talk,42,6,14,Over
5,talk,43,6,6,Skip
5,talk,44,6,8,Over
5,talk,45,6,10,Over
5,talk,46,6,15,Over
5,talk,47,6,4,Over
5,talk,48,6,12,VOTE Agent[15]
5,talk,49,7,15,Over
5,talk,50,7,6,VOTE Agent[15]
5,talk,51,7,8,Over
5,talk,52,7,4,Over
5,talk,53,7,14,Over
5,talk,54,7,10,Over
5,talk,55,7,12,ESTIMATE Agent[07] WEREWOLF
5,talk,56,8,8,Over
5,talk,57,8,6,Skip
5,talk,58,8,15,Over
5,talk,59,8,4,Over
5,talk,60,8,14,Over
5,talk,61,8,10,Over
5,talk,62,8,12,ESTIMATE Agent[07] WEREWOLF
5,talk,63,9,6,Skip
5,talk,64,9,12,ESTIMATE Agent[07] WEREWOLF
5,talk,65,9,8,Over
5,talk,66,9,4,Over
5,talk,67,9,14,Over
5,talk,68,9,10,Over
5,talk,69,9,15,ESTIMATE Agent[04] VILLAGER
5,talk,70,10,6,Over
5,talk,71,10,4,Over
5,talk,72,10,10,Over
5,talk,73,10,12,Over
5,talk,74,10,15,ESTIMATE Agent[12] WEREWOLF
5,talk,75,10,14,Over
5,talk,76,10,8,Over
5,talk,77,11,15,Over
5,talk,78,11,10,Over
5,talk,79,11,14,Over
5,talk,80,11,4,Over
5,talk,81,11,12,Over
5,talk,82,11,6,Over
5,talk,83,11,8,Over
5,vote,4,12
5,vote,6,15
5,vote,8,15
5,vote,10,14
5,vote,12,15
5,vote,14,10
5,vote,15,12
5,execute,15,VILLAGER
5,attack,8,true
6,status,1,VILLAGER,DEAD,tmcit2017
6,status,2,BODYGUARD,DEAD,Army
6,status,3,SEER,DEAD,rsaito
6,status,4,VILLAGER,ALIVE,Neo_ELIZA
6,status,5,WEREWOLF,DEAD,AIWolf_NET
6,status,6,VILLAGER,ALIVE,Romanesco
6,status,7,POSSESSED,DEAD,wasabi
6,status,8,VILLAGER,DEAD,H-ReGEX
6,status,9,VILLAGER,DEAD,yk_aiwolf
6,status,10,VILLAGER,ALIVE,Kanpyo
6,status,11,WEREWOLF,DEAD,konno
6,status,12,VILLAGER,ALIVE,AITKN
6,status,13,MEDIUM,DEAD,neko
6,status,14,WEREWOLF,ALIVE,flex
6,status,15,VILLAGER,DEAD,Litt1eGirl
6,talk,0,0,4,VOTE Agent[14]
6,talk,1,0,6,Skip
6,talk,2,0,14,Over
6,talk,3,0,10,Skip
6,talk,4,0,12,VOTE Agent[07]
6,talk,5,1,14,Over
6,talk,6,1,4,Skip
6,talk,7,1,10,Skip
6,talk,8,1,6,Skip
6,talk,9,1,12,ESTIMATE Agent[07] WEREWOLF
6,talk,10,2,4,Skip
6,talk,11,2,14,Over
6,talk,12,2,12,ESTIMATE Agent[07] WEREWOLF
6,talk,13,2,6,Over
6,talk,14,2,10,Over
6,talk,15,3,10,Over
6,talk,16,3,12,ESTIMATE Agent[07] WEREWOLF
6,talk,17,3,14,Over
6,talk,18,3,4,Over
6,talk,19,3,6,VOTE Agent[12]
6,talk,20,4,6,Skip
6,talk,21,4,4,Over
6,talk,22,4,12,ESTIMATE Agent[07] WEREWOLF
6,talk,23,4,10,Over
6,talk,24,4,14,Over
6,talk,25,5,4,Over
6,talk,26,5,14,Over
6,talk,27,5,10,Over
6,talk,28,5,12,ESTIMATE Agent[07] WEREWOLF
6,talk,29,5,6,VOTE Agent[12]
6,talk,30,6,14,Over
6,talk,31,6,6,Skip
6,talk,32,6,12,ESTIMATE Agent[07] WEREWOLF
6,talk,33,6,4,Over
6,talk,34,6,10,Over
6,talk,35,7,10,Over
6,talk,36,7,6,VOTE Agent[12]
6,talk,37,7,14,Over
6,talk,38,7,12,ESTIMATE Agent[07] WEREWOLF
6,talk,39,7,4,Over
6,talk,40,8,12,ESTIMATE Agent[07] WEREWOLF
6,talk,41,8,10,Over
6,talk,42,8,6,Skip
6,talk,43,8,4,Over
6,talk,44,8,14,Over
6,talk,45,9,6,Skip
6,talk,46,9,4,Over
6,talk,47,9,14,Over
6,talk,48,9,10,Over
6,talk,49,9,12,ESTIMATE Agent[07] WEREWOLF
6,talk,50,10,6,Over
6,talk,51,10,10,Over
6,talk,52,10,14,Over
6,talk,53,10,4,Over
6,talk,54,10,12,Over
6,vote,4,14
6,vote,6,12
6,vote,10,4
6,vote,12,10
6,vote,14,6
6,vote,4,14
6,vote,6,12
6,vote,10,14
6,vote,12,6
6,vote,14,12
6,execute,12,VILLAGER
6,attack,10,true
7,status,1,VILLAGER,DEAD,tmcit2017
7,status,2,BODYGUARD,DEAD,Army
7,status,3,SEER,DEAD,rsaito
7,status,4,VILLAGER,ALIVE,Neo_ELIZA
7,status,5,WEREWOLF,DEAD,AIWolf_NET
7,status,6,VILLAGER,ALIVE,Romanesco
7,status,7,POSSESSED,DEAD,wasabi
7,status,8,VILLAGER,DEAD,H-ReGEX
7,status,9,VILLAGER,DEAD,yk_aiwolf
7,status,10,VILLAGER,DEAD,Kanpyo
7,status,11,WEREWOLF,DEAD,konno
7,status,12,VILLAGER,DEAD,AITKN
7,status,13,MEDIUM,DEAD,neko
7,status,14,WEREWOLF,ALIVE,flex
7,status,15,VILLAGER,DEAD,Litt1eGirl
7,talk,0,0,6,Skip
7,talk,1,0,14,Over
7,talk,2,0,4,VOTE Agent[14]
7,talk,3,1,14,Over
7,talk,4,1,6,Skip
7,talk,5,1,4,Skip
7,talk,6,2,14,Over
7,talk,7,2,6,Over
7,talk,8,2,4,Skip
7,talk,9,3,4,Over
7,talk,10,3,14,Over
7,talk,11,3,6,VOTE Agent[14]
7,talk,12,4,14,Over
7,talk,13,4,6,Skip
7,talk,14,4,4,Over
7,talk,15,5,6,VOTE Agent[14]
7,talk,16,5,14,Over
7,talk,17,5,4,Over
7,talk,18,6,14,Over
7,talk,19,6,6,Skip
7,talk,20,6,4,Over
7,talk,21,7,6,VOTE Agent[14]
7,talk,22,7,4,Over
7,talk,23,7,14,Over
7,talk,24,8,14,Over
7,talk,25,8,6,Skip
7,talk,26,8,4,Over
7,talk,27,9,4,Over
7,talk,28,9,6,Skip
7,talk,29,9,14,Over
7,talk,30,10,14,Over
7,talk,31,10,6,Over
7,talk,32,10,4,Over
7,vote,4,14
7,vote,6,14
7,vote,14,4
7,execute,14,WEREWOLF
8,status,1,VILLAGER,DEAD,tmcit2017
8,status,2,BODYGUARD,DEAD,Army
8,status,3,SEER,DEAD,rsaito
8,status,4,VILLAGER,ALIVE,Neo_ELIZA
8,status,5,WEREWOLF,DEAD,AIWolf_NET
8,status,6,VILLAGER,ALIVE,Romanesco
8,status,7,POSSESSED,DEAD,wasabi
8,status,8,VILLAGER,DEAD,H-ReGEX
8,status,9,VILLAGER,DEAD,yk_aiwolf
8,status,10,VILLAGER,DEAD,Kanpyo
8,status,11,WEREWOLF,DEAD,konno
8,status,12,VILLAGER,DEAD,AITKN
8,status,13,MEDIUM,DEAD,neko
8,status,14,WEREWOLF,DEAD,flex
8,status,15,VILLAGER,DEAD,Litt1eGirl
8,result,2,0,VILLAGER
