0,status,1,POSSESSED,ALIVE,tmcit2017
0,status,2,VILLAGER,ALIVE,Army
0,status,3,SEER,ALIVE,rsaito
0,status,4,VILLAGER,ALIVE,Neo_ELIZA
0,status,5,BODYGUARD,ALIVE,AIWolf_NET
0,status,6,VILLAGER,ALIVE,Romanesco
0,status,7,WEREWOLF,ALIVE,wasabi
0,status,8,WEREWOLF,ALIVE,H-ReGEX
0,status,9,WEREWOLF,ALIVE,yk_aiwolf
0,status,10,VILLAGER,ALIVE,Kanpyo
0,status,11,VILLAGER,ALIVE,konno
0,status,12,MEDIUM,ALIVE,AITKN
0,status,13,VILLAGER,ALIVE,neko
0,status,14,VILLAGER,ALIVE,flex
0,status,15,VILLAGER,ALIVE,Litt1eGirl
0,whisper,0,0,7,Over
0,whisper,1,0,8,COMINGOUT Agent[08] VILLAGER
0,whisper,2,0,9,COMINGOUT Agent[09] VILLAGER
0,whisper,3,1,7,ATTACK Agent[15]
0,whisper,4,1,8,Skip
0,whisper,5,1,9,ATTACK Agent[01]
0,whisper,6,2,9,Over
0,whisper,7,2,7,ATTACK Agent[11]
0,whisper,8,2,8,Skip
0,whisper,9,3,9,Over
0,whisper,10,3,8,Over
0,whisper,11,3,7,Over
0,divine,3,6,HUMAN
1,status,1,POSSESSED,ALIVE,tmcit2017
1,status,2,VILLAGER,ALIVE,Army
1,status,3,SEER,ALIVE,rsaito
1,status,4,VILLAGER,ALIVE,Neo_ELIZA
1,status,5,BODYGUARD,ALIVE,AIWolf_NET
1,status,6,VILLAGER,ALIVE,Romanesco
1,status,7,WEREWOLF,ALIVE,wasabi
1,status,8,WEREWOLF,ALIVE,H-ReGEX
1,status,9,WEREWOLF,ALIVE,yk_aiwolf
1,status,10,VILLAGER,ALIVE,Kanpyo
1,status,11,VILLAGER,ALIVE,konno
1,status,12,MEDIUM,ALIVE,AITKN
1,status,13,VILLAGER,ALIVE,neko
1,status,14,VILLAGER,ALIVE,flex
1,status,15,VILLAGER,ALIVE,Litt1eGirl
1,talk,0,0,12,VOTE Agent[14]
1,talk,1,0,6,Skip
1,talk,2,0,7,VOTE Agent[09]
1,talk,3,0,1,COMINGOUT Agent[01] SEER
1,talk,4,0,2,COMINGOUT Agent[02] VILLAGER
1,talk,5,0,3,COMINGOUT Agent[03] SEER
1,talk,6,0,5,VOTE Agent[08]
1,talk,7,0,13,VOTE Agent[03]
1,talk,8,0,15,VOTE Agent[08]
1,talk,9,0,11,VOTE Agent[03]
1,talk,10,0,10,VOTE Agent[03]
1,talk,11,0,8,ESTIMATE Agent[12] WEREWOLF
1,talk,12,0,9,Over
1,talk,13,0,4,VOTE Agent[01]
1,talk,14,0,14,Over
1,talk,15,1,2,Skip
1,talk,16,1,6,Skip
1,talk,17,1,7,ESTIMATE Agent[01] WEREWOLF
1,talk,18,1,8,VOTE Agent[12]
1,talk,19,1,12,Skip
1,talk,20,1,10,ESTIMATE Agent[01] SEER
1,talk,21,1,5,Skip
1,talk,22,1,15,VOTE Agent[03]
1,talk,23,1,13,VOTE Agent[08]
1,talk,24,1,9,Over
1,talk,25,1,14,Over
1,talk,26,1,1,DIVINED Agent[13] HUMAN
1,talk,27,1,11,Skip
1,talk,28,1,4,Skip
1,talk,29,1,3,DIVINED Agent[06] HUMAN
1,talk,30,2,13,Skip
1,talk,31,2,1,Over
1,talk,32,2,2,Skip
1,talk,33,2,10,ESTIMATE Agent[03] SEER
1,talk,34,2,3,VOTE Agent[08]
1,talk,35,2,5,Skip
1,talk,36,2,6,Over
1,talk,37,2,9,Over
1,talk,38,2,14,Over
1,talk,39,2,11,Skip
1,talk,40,2,7,Skip
1,talk,41,2,15,Over
1,talk,42,2,4,Skip
1,talk,43,2,8,Skip
1,talk,44,2,12,Skip
1,talk,45,3,11,Over
1,talk,46,3,2,Over
1,talk,47,3,10,Skip
1,talk,48,3,13,Skip
1,talk,49,3,4,Over
1,talk,50,3,12,Over
1,talk,51,3,6,VOTE Agent[08]
1,talk,52,3,9,Over
1,talk,53,3,14,Over
1,talk,54,3,15,VOTE Agent[08]
1,talk,55,3,7,Skip
1,talk,56,3,3,VOTE Agent[08]
1,talk,57,3,1,Over
1,talk,58,3,8,Skip
1,talk,59,3,5,Over
1,talk,60,4,12,Over
1,talk,61,4,1,Over
1,talk,62,4,2,Over
1,talk,63,4,13,Over
1,talk,64,4,6,Skip
1,talk,65,4,11,Over
1,talk,66,4,9,Over
1,talk,67,4,7,Over
1,talk,68,4,8,Over
1,talk,69,4,14,Over
1,talk,70,4,3,Skip
1,talk,71,4,5,Over
1,talk,72,4,10,Skip
1,talk,73,4,15,Over
1,talk,74,4,4,Over
1,talk,75,5,4,Over
1,talk,76,5,9,Over
1,talk,77,5,11,Over
1,talk,78,5,13,Over
1,talk,79,5,15,Over
1,talk,80,5,3,Skip
1,talk,81,5,5,Over
1,talk,82,5,14,Over
1,talk,83,5,2,Over
1,talk,84,5,10,VOTE Agent[08]
1,talk,85,5,8,Over
1,talk,86,5,6,VOTE Agent[08]
1,talk,87,5,1,Over
1,talk,88,5,7,Over
1,talk,89,5,12,Over
1,talk,90,6,1,Over
1,talk,91,6,2,Over
1,talk,92,6,14,Over
1,talk,93,6,7,Over
1,talk,94,6,13,Over
1,talk,95,6,10,Skip
1,talk,96,6,3,Over
1,talk,97,6,12,Over
1,talk,98,6,6,Skip
1,talk,99,6,9,Over
1,talk,100,6,4,Over
1,talk,101,6,11,Over
1,talk,102,6,5,Over
1,talk,103,6,15,Over
1,talk,104,6,8,Over
1,talk,105,7,10,Skip
1,talk,106,7,11,Over
1,talk,107,7,8,Over
1,talk,108,7,13,Over
1,talk,109,7,9,Over
1,talk,110,7,6,VOTE Agent[08]
1,talk,111,7,2,Over
1,talk,112,7,4,Over
1,talk,113,7,12,Over
1,talk,114,7,7,ESTIMATE Agent[02] WEREWOLF
1,talk,115,7,15,Over
1,talk,116,7,5,Over
1,talk,117,7,3,Over
1,talk,118,7,14,Over
1,talk,119,7,1,Over
1,talk,120,8,1,Over
1,talk,121,8,14,Over
1,talk,122,8,13,Over
1,talk,123,8,3,Over
1,talk,124,8,4,Over
1,talk,125,8,7,Over
1,talk,126,8,8,Over
1,talk,127,8,2,DISAGREE TALK day1 ID:114
1,talk,128,8,6,Skip
1,talk,129,8,10,Over
1,talk,130,8,5,Over
1,talk,131,8,12,Over
1,talk,132,8,15,Over
1,talk,133,8,11,Over
1,talk,134,8,9,Over
1,talk,135,9,5,Over
1,talk,136,9,1,Over
1,talk,137,9,3,Over
1,talk,138,9,10,Over
1,talk,139,9,2,Skip
1,talk,140,9,9,Over
1,talk,141,9,15,Over
1,talk,142,9,11,Over
1,talk,143,9,4,Over
1,talk,144,9,7,Over
1,talk,145,9,8,Over
1,talk,146,9,13,Over
1,talk,147,9,12,Over
1,talk,148,9,6,Skip
1,talk,149,9,14,Over
1,talk,150,10,10,Over
1,talk,151,10,11,Over
1,talk,152,10,15,Over
1,talk,153,10,7,Over
1,talk,154,10,4,Over
1,talk,155,10,3,Over
1,talk,156,10,14,Over
1,talk,157,10,9,Over
1,talk,158,10,8,Over
1,talk,159,10,2,Skip
1,talk,160,10,12,Over
1,talk,161,10,1,Over
1,talk,162,10,5,Over
1,talk,163,10,13,Over
1,talk,164,10,6,Over
1,talk,165,11,6,Over
1,talk,166,11,3,Over
1,talk,167,11,2,Over
1,talk,168,11,4,Over
1,talk,169,11,11,Over
1,talk,170,11,5,Over
1,talk,171,11,15,Over
1,talk,172,11,1,Over
1,talk,173,11,13,Over
1,talk,174,11,14,Over
1,talk,175,11,9,Over
1,talk,176,11,12,Over
1,talk,177,11,7,ESTIMATE Agent[08] WEREWOLF
1,talk,178,11,8,Over
1,talk,179,11,10,Over
1,talk,180,12,12,Over
1,talk,181,12,11,Over
1,talk,182,12,2,Over
1,talk,183,12,3,Over
1,talk,184,12,6,Over
1,talk,185,12,9,Over
1,talk,186,12,14,Over
1,talk,187,12,8,Over
1,talk,188,12,10,Over
1,talk,189,12,13,Over
1,talk,190,12,1,Over
1,talk,191,12,4,Over
1,talk,192,12,7,Over
1,talk,193,12,15,Over
1,talk,194,12,5,Over
1,vote,1,14
1,vote,2,4
1,vote,3,8
1,vote,4,1
1,vote,5,8
1,vote,6,8
1,vote,7,9
1,vote,8,12
1,vote,9,15
1,vote,10,8
1,vote,11,3
1,vote,12,14
1,vote,13,8
1,vote,14,13
1,vote,15,8
1,execute,8,WEREWOLF
1,divine,3,14,HUMAN
1,whisper,0,0,7,ATTACK Agent[01]
1,whisper,1,0,9,Over
1,whisper,2,1,7,Over
1,whisper,3,1,9,Over
1,guard,5,1,POSSESSED
1,attackVote,7,1
1,attack,1,false
2,status,1,POSSESSED,ALIVE,tmcit2017
2,status,2,VILLAGER,ALIVE,Army
2,status,3,SEER,ALIVE,rsaito
2,status,4,VILLAGER,ALIVE,Neo_ELIZA
2,status,5,BODYGUARD,ALIVE,AIWolf_NET
2,status,6,VILLAGER,ALIVE,Romanesco
2,status,7,WEREWOLF,ALIVE,wasabi
2,status,8,WEREWOLF,DEAD,H-ReGEX
2,status,9,WEREWOLF,ALIVE,yk_aiwolf
2,status,10,VILLAGER,ALIVE,Kanpyo
2,status,11,VILLAGER,ALIVE,konno
2,status,12,MEDIUM,ALIVE,AITKN
2,status,13,VILLAGER,ALIVE,neko
2,status,14,VILLAGER,ALIVE,flex
2,status,15,VILLAGER,ALIVE,Litt1eGirl
2,talk,0,0,5,VOTE Agent[12]
2,talk,1,0,7,VOTE Agent[15]
2,talk,2,0,3,DIVINED Agent[12] WEREWOLF
2,talk,3,0,11,VOTE Agent[06]
2,talk,4,0,6,Skip
2,talk,5,0,4,VOTE Agent[10]
2,talk,6,0,12,COMINGOUT Agent[12] MEDIUM
2,talk,7,0,14,Over
2,talk,8,0,9,Over
2,talk,9,0,13,VOTE Agent[14]
2,talk,10,0,10,Skip
2,talk,11,0,1,DIVINED Agent[04] HUMAN
2,talk,12,0,15,VOTE Agent[06]
2,talk,13,0,2,COMINGOUT Agent[02] VILLAGER
2,talk,14,1,15,VOTE Agent[03]
2,talk,15,1,1,Over
2,talk,16,1,11,Skip
2,talk,17,1,13,VOTE Agent[06]
2,talk,18,1,4,Skip
2,talk,19,1,9,Over
2,talk,20,1,12,IDENTIFIED Agent[08] WEREWOLF
2,talk,21,1,7,VOTE Agent[02]
2,talk,22,1,2,VOTE Agent[04]
2,talk,23,1,10,AGREE TALK day2 ID:2
2,talk,24,1,6,Skip
2,talk,25,1,3,VOTE Agent[12]
2,talk,26,1,14,Over
2,talk,27,1,5,Skip
2,talk,28,2,12,VOTE Agent[03]
2,talk,29,2,6,Over
2,talk,30,2,1,Over
2,talk,31,2,15,ESTIMATE Agent[03] WEREWOLF
2,talk,32,2,3,VOTE Agent[15]
2,talk,33,2,5,Skip
2,talk,34,2,14,Over
2,talk,35,2,2,ESTIMATE Agent[12] WEREWOLF
2,talk,36,2,7,VOTE Agent[10]
2,talk,37,2,9,Over
2,talk,38,2,4,Skip
2,talk,39,2,11,Skip
2,talk,40,2,10,ESTIMATE Agent[12] WEREWOLF
2,talk,41,2,13,Skip
2,talk,42,3,6,VOTE Agent[03]
2,talk,43,3,15,ESTIMATE Agent[09] VILLAGER
2,talk,44,3,5,Over
2,talk,45,3,10,VOTE Agent[12]
2,talk,46,3,4,Over
2,talk,47,3,3,VOTE Agent[13]
2,talk,48,3,7,Skip
2,talk,49,3,12,ESTIMATE Agent[03] POSSESSED
2,talk,50,3,2,VOTE Agent[05]
2,talk,51,3,14,Over
2,talk,52,3,13,Skip
2,talk,53,3,1,Over
2,talk,54,3,9,Over
2,talk,55,3,11,Over
2,talk,56,4,4,Over
2,talk,57,4,10,REQUEST(VOTE Agent[12])
2,talk,58,4,1,Over
2,talk,59,4,11,Over
2,talk,60,4,15,Over
2,talk,61,4,5,Over
2,talk,62,4,9,Over
2,talk,63,4,7,Skip
2,talk,64,4,3,Skip
2,talk,65,4,14,Over
2,talk,66,4,12,Skip
2,talk,67,4,6,Skip
2,talk,68,4,2,VOTE Agent[06]
2,talk,69,4,13,VOTE Agent[03]
2,talk,70,5,3,Skip
2,talk,71,5,6,VOTE Agent[03]
2,talk,72,5,15,Over
2,talk,73,5,14,Over
2,talk,74,5,1,Over
2,talk,75,5,13,Skip
2,talk,76,5,9,Over
2,talk,77,5,11,Over
2,talk,78,5,2,VOTE Agent[07]
2,talk,79,5,5,Over
2,talk,80,5,12,Skip
2,talk,81,5,7,Over
2,talk,82,5,4,Over
2,talk,83,5,10,VOTE Agent[03]
2,talk,84,6,1,Over
2,talk,85,6,9,Over
2,talk,86,6,6,Skip
2,talk,87,6,11,Over
2,talk,88,6,12,Over
2,talk,89,6,7,Over
2,talk,90,6,14,Over
2,talk,91,6,10,Skip
2,talk,92,6,13,Skip
2,talk,93,6,5,Over
2,talk,94,6,4,Over
2,talk,95,6,15,Over
2,talk,96,6,2,VOTE Agent[08]
2,talk,97,6,3,Over
2,talk,98,7,1,Over
2,talk,99,7,11,Over
2,talk,100,7,15,ESTIMATE Agent[03] WEREWOLF
2,talk,101,7,4,Over
2,talk,102,7,9,Over
2,talk,103,7,12,Over
2,talk,104,7,2,VOTE Agent[09]
2,talk,105,7,13,Over
2,talk,106,7,5,Over
2,talk,107,7,7,VOTE Agent[15]
2,talk,108,7,3,Over
2,talk,109,7,6,VOTE Agent[03]
2,talk,110,7,10,Skip
2,talk,111,7,14,Over
2,talk,112,8,3,Over
2,talk,113,8,14,Over
2,talk,114,8,10,Over
2,talk,115,8,12,Over
2,talk,116,8,15,Over
2,talk,117,8,13,Over
2,talk,118,8,1,Over
2,talk,119,8,4,Over
2,talk,120,8,7,Over
2,talk,121,8,9,Over
2,talk,122,8,6,Skip
2,talk,123,8,2,VOTE Agent[10]
2,talk,124,8,11,Over
2,talk,125,8,5,Over
2,talk,126,9,10,Over
2,talk,127,9,5,Over
2,talk,128,9,11,Over
2,talk,129,9,3,Over
2,talk,130,9,9,Over
2,talk,131,9,13,Over
2,talk,132,9,15,Over
2,talk,133,9,14,Over
2,talk,134,9,12,Over
2,talk,135,9,1,Over
2,talk,136,9,6,Skip
2,talk,137,9,4,Over
2,talk,138,9,2,VOTE Agent[11]
2,talk,139,9,7,ESTIMATE Agent[03] WEREWOLF
2,talk,140,10,6,Over
2,talk,141,10,15,Over
2,talk,142,10,12,Over
2,talk,143,10,11,Over
2,talk,144,10,7,Over
2,talk,145,10,14,Over
2,talk,146,10,2,Over
2,talk,147,10,5,Over
2,talk,148,10,4,Over
2,talk,149,10,1,Over
2,talk,150,10,10,Over
2,talk,151,10,9,Over
2,talk,152,10,13,Over
2,talk,153,10,3,Over
2,vote,1,10
2,vote,2,4
2,vote,3,13
2,vote,4,10
2,vote,5,12
2,vote,6,3
2,vote,7,15
2,vote,9,3
2,vote,10,3
2,vote,11,6
2,vote,12,3
2,vote,13,3
2,vote,14,11
2,vote,15,3
2,execute,3,SEER
2,whisper,0,0,9,Over
2,whisper,1,0,7,Over
2,guard,5,1,POSSESSED
2,attackVote,7,1
2,attack,1,false
3,status,1,POSSESSED,ALIVE,tmcit2017
3,status,2,VILLAGER,ALIVE,Army
3,status,3,SEER,DEAD,rsaito
3,status,4,VILLAGER,ALIVE,Neo_ELIZA
3,status,5,BODYGUARD,ALIVE,AIWolf_NET
3,status,6,VILLAGER,ALIVE,Romanesco
3,status,7,WEREWOLF,ALIVE,wasabi
3,status,8,WEREWOLF,DEAD,H-ReGEX
3,status,9,WEREWOLF,ALIVE,yk_aiwolf
3,status,10,VILLAGER,ALIVE,Kanpyo
3,status,11,VILLAGER,ALIVE,konno
3,status,12,MEDIUM,ALIVE,AITKN
3,status,13,VILLAGER,ALIVE,neko
3,status,14,VILLAGER,ALIVE,flex
3,status,15,VILLAGER,ALIVE,Litt1eGirl
3,talk,0,0,10,Skip
3,talk,1,0,2,COMINGOUT Agent[02] VILLAGER
3,talk,2,0,9,Over
3,talk,3,0,15,VOTE Agent[12]
3,talk,4,0,4,VOTE Agent[12]
3,talk,5,0,13,VOTE Agent[01]
3,talk,6,0,6,Skip
3,talk,7,0,1,DIVINED Agent[02] HUMAN
3,talk,8,0,7,Skip
3,talk,9,0,5,VOTE Agent[13]
3,talk,10,0,14,Over
3,talk,11,0,11,VOTE Agent[05]
3,talk,12,0,12,IDENTIFIED Agent[03] HUMAN
3,talk,13,1,9,Over
3,talk,14,1,5,Skip
3,talk,15,1,7,Skip
3,talk,16,1,4,Skip
3,talk,17,1,12,VOTE Agent[07]
3,talk,18,1,15,Over
3,talk,19,1,6,Skip
3,talk,20,1,10,Skip
3,talk,21,1,1,Over
3,talk,22,1,14,Over
3,talk,23,1,13,Skip
3,talk,24,1,2,Skip
3,talk,25,1,11,Skip
3,talk,26,2,6,Over
3,talk,27,2,2,Skip
3,talk,28,2,11,Skip
3,talk,29,2,14,Over
3,talk,30,2,12,Skip
3,talk,31,2,7,Over
3,talk,32,2,10,Over
3,talk,33,2,9,Over
3,talk,34,2,4,Skip
3,talk,35,2,15,Over
3,talk,36,2,13,Skip
3,talk,37,2,1,Over
3,talk,38,2,5,Skip
3,talk,39,3,10,Over
3,talk,40,3,5,Over
3,talk,41,3,9,Over
3,talk,42,3,12,Skip
3,talk,43,3,4,Over
3,talk,44,3,2,Over
3,talk,45,3,1,Over
3,talk,46,3,6,VOTE Agent[10]
3,talk,47,3,11,Over
3,talk,48,3,13,Over
3,talk,49,3,15,Over
3,talk,50,3,14,Over
3,talk,51,3,7,Over
3,talk,52,4,13,Over
3,talk,53,4,12,Over
3,talk,54,4,6,Skip
3,talk,55,4,4,Over
3,talk,56,4,5,Over
3,talk,57,4,1,Over
3,talk,58,4,15,Over
3,talk,59,4,9,Over
3,talk,60,4,11,Over
3,talk,61,4,2,Over
3,talk,62,4,10,Over
3,talk,63,4,7,Over
3,talk,64,4,14,Over
3,talk,65,5,9,Over
3,talk,66,5,2,Over
3,talk,67,5,15,Over
3,talk,68,5,12,Over
3,talk,69,5,10,VOTE Agent[12]
3,talk,70,5,13,Over
3,talk,71,5,11,Over
3,talk,72,5,4,Over
3,talk,73,5,14,Over
3,talk,74,5,7,VOTE Agent[05]
3,talk,75,5,5,Over
3,talk,76,5,6,VOTE Agent[10]
3,talk,77,5,1,Over
3,talk,78,6,12,Over
3,talk,79,6,9,Over
3,talk,80,6,6,Skip
3,talk,81,6,4,Over
3,talk,82,6,5,Over
3,talk,83,6,7,Over
3,talk,84,6,15,ESTIMATE Agent[12] WEREWOLF
3,talk,85,6,11,Over
3,talk,86,6,1,Over
3,talk,87,6,13,Over
3,talk,88,6,14,Over
3,talk,89,6,10,Skip
3,talk,90,6,2,Over
3,talk,91,7,14,Over
3,talk,92,7,12,Over
3,talk,93,7,10,Skip
3,talk,94,7,15,Over
3,talk,95,7,4,Over
3,talk,96,7,2,Over
3,talk,97,7,9,Over
3,talk,98,7,13,Over
3,talk,99,7,7,VOTE Agent[12]
3,talk,100,7,6,VOTE Agent[10]
3,talk,101,7,11,Over
3,talk,102,7,1,Over
3,talk,103,7,5,Over
3,talk,104,8,10,Over
3,talk,105,8,1,Over
3,talk,106,8,11,Over
3,talk,107,8,5,Over
3,talk,108,8,6,Skip
3,talk,109,8,4,Over
3,talk,110,8,15,Over
3,talk,111,8,2,Over
3,talk,112,8,13,Over
3,talk,113,8,12,Over
3,talk,114,8,7,Over
3,talk,115,8,14,Over
3,talk,116,8,9,Over
3,talk,117,9,7,Over
3,talk,118,9,4,Over
3,talk,119,9,6,Skip
3,talk,120,9,5,Over
3,talk,121,9,13,Over
3,talk,122,9,14,Over
3,talk,123,9,10,Over
3,talk,124,9,15,Over
3,talk,125,9,1,Over
3,talk,126,9,12,Over
3,talk,127,9,2,Over
3,talk,128,9,9,Over
3,talk,129,9,11,Over
3,talk,130,10,5,Over
3,talk,131,10,10,Over
3,talk,132,10,11,Over
3,talk,133,10,12,Over
3,talk,134,10,4,Over
3,talk,135,10,1,Over
3,talk,136,10,6,Over
3,talk,137,10,14,Over
3,talk,138,10,15,ESTIMATE Agent[09] VILLAGER
3,talk,139,10,2,Over
3,talk,140,10,7,ESTIMATE Agent[14] WEREWOLF
3,talk,141,10,13,Over
3,talk,142,10,9,Over
3,talk,143,11,13,Over
3,talk,144,11,4,Over
3,talk,145,11,9,Over
3,talk,146,11,1,Over
3,talk,147,11,14,Over
3,talk,148,11,12,Over
3,talk,149,11,6,Over
3,talk,150,11,10,Over
3,talk,151,11,7,Over
3,talk,152,11,11,Over
3,talk,153,11,2,Over
3,talk,154,11,5,Over
3,talk,155,11,15,Over
3,vote,1,10
3,vote,2,4
3,vote,4,12
3,vote,5,13
3,vote,6,10
3,vote,7,12
3,vote,9,2
3,vote,10,12
3,vote,11,5
3,vote,12,7
3,vote,13,1
3,vote,14,12
3,vote,15,12
3,execute,12,MEDIUM
3,whisper,0,0,7,Over
3,whisper,1,0,9,Over
3,guard,5,1,POSSESSED
3,attackVote,7,1
3,attack,1,false
4,status,1,POSSESSED,ALIVE,tmcit2017
4,status,2,VILLAGER,ALIVE,Army
4,status,3,SEER,DEAD,rsaito
4,status,4,VILLAGER,ALIVE,Neo_ELIZA
4,status,5,BODYGUARD,ALIVE,AIWolf_NET
4,status,6,VILLAGER,ALIVE,Romanesco
4,status,7,WEREWOLF,ALIVE,wasabi
4,status,8,WEREWOLF,DEAD,H-ReGEX
4,status,9,WEREWOLF,ALIVE,yk_aiwolf
4,status,10,VILLAGER,ALIVE,Kanpyo
4,status,11,VILLAGER,ALIVE,konno
4,status,12,MEDIUM,DEAD,AITKN
4,status,13,VILLAGER,ALIVE,neko
4,status,14,VILLAGER,ALIVE,flex
4,status,15,VILLAGER,ALIVE,Litt1eGirl
4,talk,0,0,6,Skip
4,talk,1,0,5,VOTE Agent[09]
4,talk,2,0,7,Skip
4,talk,3,0,10,Skip
4,talk,4,0,15,VOTE Agent[02]
4,talk,5,0,9,Over
4,talk,6,0,1,DIVINED Agent[14] HUMAN
4,talk,7,0,13,VOTE Agent[01]
4,talk,8,0,14,Over
4,talk,9,0,11,VOTE Agent[10]
4,talk,10,0,4,VOTE Agent[09]
4,talk,11,0,2,COMINGOUT Agent[02] VILLAGER
4,talk,12,1,14,Over
4,talk,13,1,9,Over
4,talk,14,1,6,Skip
4,talk,15,1,5,Skip
4,talk,16,1,11,Skip
4,talk,17,1,7,Skip
4,talk,18,1,15,VOTE Agent[09]
4,talk,19,1,10,Skip
4,talk,20,1,1,Over
4,talk,21,1,2,Skip
4,talk,22,1,4,Skip
4,talk,23,1,13,VOTE Agent[02]
4,talk,24,2,9,Over
4,talk,25,2,4,Skip
4,talk,26,2,15,Over
4,talk,27,2,5,Skip
4,talk,28,2,6,Over
4,talk,29,2,2,Skip
4,talk,30,2,13,VOTE Agent[01]
4,talk,31,2,7,Over
4,talk,32,2,14,Over
4,talk,33,2,1,Over
4,talk,34,2,11,Skip
4,talk,35,2,10,Over
4,talk,36,3,13,Skip
4,talk,37,3,15,Over
4,talk,38,3,9,Over
4,talk,39,3,6,VOTE Agent[05]
4,talk,40,3,2,Over
4,talk,41,3,11,Over
4,talk,42,3,4,Over
4,talk,43,3,10,Over
4,talk,44,3,1,Over
4,talk,45,3,14,Over
4,talk,46,3,7,VOTE Agent[15]
4,talk,47,3,5,Over
4,talk,48,4,15,Over
4,talk,49,4,1,Over
4,talk,50,4,13,Skip
4,talk,51,4,9,Over
4,talk,52,4,4,Over
4,talk,53,4,10,Over
4,talk,54,4,11,Over
4,talk,55,4,5,Over
4,talk,56,4,7,Over
4,talk,57,4,6,Skip
4,talk,58,4,2,Over
4,talk,59,4,14,Over
4,talk,60,5,5,Over
4,talk,61,5,2,Over
4,talk,62,5,7,ESTIMATE Agent[10] WEREWOLF
4,talk,63,5,9,Over
4,talk,64,5,1,Over
4,talk,65,5,13,Over
4,talk,66,5,15,Over
4,talk,67,5,4,Over
4,talk,68,5,11,Over
4,talk,69,5,6,VOTE Agent[05]
4,talk,70,5,14,Over
4,talk,71,5,10,VOTE Agent[09]
4,talk,72,6,7,VOTE Agent[09]
4,talk,73,6,15,Over
4,talk,74,6,13,Over
4,talk,75,6,9,Over
4,talk,76,6,2,Over
4,talk,77,6,4,Over
4,talk,78,6,1,Over
4,talk,79,6,14,Over
4,talk,80,6,5,Over
4,talk,81,6,10,Skip
4,talk,82,6,6,Skip
4,talk,83,6,11,Over
4,talk,84,7,4,Over
4,talk,85,7,13,Over
4,talk,86,7,7,ESTIMATE Agent[11] WEREWOLF
4,talk,87,7,2,Over
4,talk,88,7,1,Over
4,talk,89,7,10,Skip
4,talk,90,7,9,Over
4,talk,91,7,5,Over
4,talk,92,7,15,ESTIMATE Agent[09] VILLAGER
4,talk,93,7,6,VOTE Agent[05]
4,talk,94,7,14,Over
4,talk,95,7,11,Over
4,talk,96,8,5,Over
4,talk,97,8,11,Over
4,talk,98,8,7,VOTE Agent[05]
4,talk,99,8,6,Skip
4,talk,100,8,10,Over
4,talk,101,8,13,Over
4,talk,102,8,4,Over
4,talk,103,8,14,Over
4,talk,104,8,9,Over
4,talk,105,8,15,Over
4,talk,106,8,1,Over
4,talk,107,8,2,Over
4,talk,108,9,13,Over
4,talk,109,9,9,Over
4,talk,110,9,14,Over
4,talk,111,9,15,Over
4,talk,112,9,11,Over
4,talk,113,9,2,Over
4,talk,114,9,6,Skip
4,talk,115,9,1,Over
4,talk,116,9,10,Over
4,talk,117,9,5,Over
4,talk,118,9,7,Over
4,talk,119,9,4,Over
4,talk,120,10,2,Over
4,talk,121,10,11,Over
4,talk,122,10,4,Over
4,talk,123,10,14,Over
4,talk,124,10,9,Over
4,talk,125,10,6,Over
4,talk,126,10,5,Over
4,talk,127,10,7,Over
4,talk,128,10,10,Over
4,talk,129,10,1,Over
4,talk,130,10,15,Over
4,talk,131,10,13,Over
4,vote,1,15
4,vote,2,4
4,vote,4,9
4,vote,5,9
4,vote,6,5
4,vote,7,5
4,vote,9,6
4,vote,10,9
4,vote,11,10
4,vote,13,1
4,vote,14,7
4,vote,15,9
4,execute,9,WEREWOLF
4,guard,5,1,POSSESSED
4,attackVote,7,1
4,attack,1,false
5,status,1,POSSESSED,ALIVE,tmcit2017
5,status,2,VILLAGER,ALIVE,Army
5,status,3,SEER,DEAD,rsaito
5,status,4,VILLAGER,ALIVE,Neo_ELIZA
5,status,5,BODYGUARD,ALIVE,AIWolf_NET
5,status,6,VILLAGER,ALIVE,Romanesco
5,status,7,WEREWOLF,ALIVE,wasabi
5,status,8,WEREWOLF,DEAD,H-ReGEX
5,status,9,WEREWOLF,DEAD,yk_aiwolf
5,status,10,VILLAGER,ALIVE,Kanpyo
5,status,11,VILLAGER,ALIVE,konno
5,status,12,MEDIUM,DEAD,AITKN
5,status,13,VILLAGER,ALIVE,neko
5,status,14,VILLAGER,ALIVE,flex
5,status,15,VILLAGER,ALIVE,Litt1eGirl
5,talk,0,0,15,VOTE Agent[06]
5,talk,1,0,4,VOTE Agent[05]
5,talk,2,0,1,DIVINED Agent[07] HUMAN
5,talk,3,0,14,Over
5,talk,4,0,7,Skip
5,talk,5,0,13,VOTE Agent[01]
5,talk,6,0,10,Skip
5,talk,7,0,6,Skip
5,talk,8,0,2,COMINGOUT Agent[02] VILLAGER
5,talk,9,0,5,VOTE Agent[04]
5,talk,10,0,11,VOTE Agent[10]
5,talk,11,1,14,Over
5,talk,12,1,13,Skip
5,talk,13,1,7,VOTE Agent[05]
5,talk,14,1,2,Skip
5,talk,15,1,4,Skip
5,talk,16,1,5,Skip
5,talk,17,1,15,VOTE Agent[04]
5,talk,18,1,1,Over
5,talk,19,1,10,Skip
5,talk,20,1,6,Skip
5,talk,21,1,11,Skip
5,talk,22,2,5,Skip
5,talk,23,2,14,Over
5,talk,24,2,10,Over
5,talk,25,2,1,Over
5,talk,26,2,2,Skip
5,talk,27,2,7,Skip
5,talk,28,2,4,Skip
5,talk,29,2,11,Skip
5,talk,30,2,13,VOTE Agent[04]
5,talk,31,2,6,Over
5,talk,32,2,15,Over
5,talk,33,3,6,VOTE Agent[05]
5,talk,34,3,11,Over
5,talk,35,3,13,Skip
5,talk,36,3,7,Skip
5,talk,37,3,15,Over
5,talk,38,3,10,Over
5,talk,39,3,5,Over
5,talk,40,3,14,Over
5,talk,41,3,1,Over
5,talk,42,3,4,Over
5,talk,43,3,2,Over
5,talk,44,4,4,Over
5,talk,45,4,7,Over
5,talk,46,4,2,Over
5,talk,47,4,1,Over
5,talk,48,4,10,Over
5,talk,49,4,13,Skip
5,talk,50,4,14,Over
5,talk,51,4,11,Over
5,talk,52,4,6,Skip
5,talk,53,4,5,Over
5,talk,54,4,15,VOTE Agent[05]
5,talk,55,5,1,Over
5,talk,56,5,10,Over
5,talk,57,5,14,Over
5,talk,58,5,7,Over
5,talk,59,5,4,Over
5,talk,60,5,13,VOTE Agent[01]
5,talk,61,5,2,Over
5,talk,62,5,6,VOTE Agent[05]
5,talk,63,5,15,ESTIMATE Agent[05] WEREWOLF
5,talk,64,5,11,Over
5,talk,65,5,5,Over
5,talk,66,6,10,Over
5,talk,67,6,6,Skip
5,talk,68,6,14,Over
5,talk,69,6,5,Over
5,talk,70,6,1,Over
5,talk,71,6,11,Over
5,talk,72,6,15,ESTIMATE Agent[04] VILLAGER
5,talk,73,6,2,Over
5,talk,74,6,4,Over
5,talk,75,6,13,Skip
5,talk,76,6,7,ESTIMATE Agent[05] WEREWOLF
5,talk,77,7,10,Over
5,talk,78,7,1,Over
5,talk,79,7,15,ESTIMATE Agent[05] WEREWOLF
5,talk,80,7,2,Over
5,talk,81,7,14,Over
5,talk,82,7,7,Over
5,talk,83,7,11,Over
5,talk,84,7,5,Over
5,talk,85,7,4,Over
5,talk,86,7,6,VOTE Agent[05]
5,talk,87,7,13,Skip
5,talk,88,8,1,Over
5,talk,89,8,7,Over
5,talk,90,8,11,Over
5,talk,91,8,5,Over
5,talk,92,8,13,Over
5,talk,93,8,10,Over
5,talk,94,8,15,Over
5,talk,95,8,4,Over
5,talk,96,8,2,Over
5,talk,97,8,14,Over
5,talk,98,8,6,Skip
5,talk,99,9,13,Over
5,talk,100,9,5,Over
5,talk,101,9,11,Over
5,talk,102,9,15,Over
5,talk,103,9,14,Over
5,talk,104,9,2,Over
5,talk,105,9,1,Over
5,talk,106,9,4,Over
5,talk,107,9,6,Skip
5,talk,108,9,7,Over
5,talk,109,9,10,Over
5,talk,110,10,1,Over
5,talk,111,10,10,Over
5,talk,112,10,4,Over
5,talk,113,10,14,Over
5,talk,114,10,5,Over
5,talk,115,10,7,Over
5,talk,116,10,13,Over
5,talk,117,10,15,Over
5,talk,118,10,2,Over
5,talk,119,10,11,Over
5,talk,120,10,6,Over
5,vote,1,5
5,vote,2,4
5,vote,4,5
5,vote,5,4
5,vote,6,5
5,vote,7,5
5,vote,10,6
5,vote,11,10
5,vote,13,1
5,vote,14,1
5,vote,15,5
5,execute,5,BODYGUARD
5,attackVote,7,2
5,attack,2,true
6,status,1,POSSESSED,ALIVE,tmcit2017
6,status,2,VILLAGER,DEAD,Army
6,status,3,SEER,DEAD,rsaito
6,status,4,VILLAGER,ALIVE,Neo_ELIZA
6,status,5,BODYGUARD,DEAD,AIWolf_NET
6,status,6,VILLAGER,ALIVE,Romanesco
6,status,7,WEREWOLF,ALIVE,wasabi
6,status,8,WEREWOLF,DEAD,H-ReGEX
6,status,9,WEREWOLF,DEAD,yk_aiwolf
6,status,10,VILLAGER,ALIVE,Kanpyo
6,status,11,VILLAGER,ALIVE,konno
6,status,12,MEDIUM,DEAD,AITKN
6,status,13,VILLAGER,ALIVE,neko
6,status,14,VILLAGER,ALIVE,flex
6,status,15,VILLAGER,ALIVE,Litt1eGirl
6,talk,0,0,11,VOTE Agent[04]
6,talk,1,0,4,VOTE Agent[06]
6,talk,2,0,10,Skip
6,talk,3,0,13,VOTE Agent[01]
6,talk,4,0,15,VOTE Agent[13]
6,talk,5,0,1,DIVINED Agent[06] HUMAN
6,talk,6,0,14,Over
6,talk,7,0,6,Skip
6,talk,8,0,7,Skip
6,talk,9,1,10,Skip
6,talk,10,1,15,VOTE Agent[06]
6,talk,11,1,6,Skip
6,talk,12,1,1,Over
6,talk,13,1,4,Skip
6,talk,14,1,7,VOTE Agent[11]
6,talk,15,1,14,Over
6,talk,16,1,13,Skip
6,talk,17,1,11,Skip
6,talk,18,2,14,Over
6,talk,19,2,11,Skip
6,talk,20,2,1,Over
6,talk,21,2,6,Over
6,talk,22,2,7,VOTE Agent[10]
6,talk,23,2,4,Skip
6,talk,24,2,13,VOTE Agent[04]
6,talk,25,2,15,Over
6,talk,26,2,10,Over
6,talk,27,3,10,Over
6,talk,28,3,7,Skip
6,talk,29,3,1,Over
6,talk,30,3,15,VOTE Agent[04]
6,talk,31,3,14,Over
6,talk,32,3,4,Over
6,talk,33,3,6,VOTE Agent[15]
6,talk,34,3,13,Skip
6,talk,35,3,11,Over
6,talk,36,4,13,Skip
6,talk,37,4,6,Skip
6,talk,38,4,15,Over
6,talk,39,4,4,Over
6,talk,40,4,10,Over
6,talk,41,4,1,Over
6,talk,42,4,7,Skip
6,talk,43,4,11,Over
6,talk,44,4,14,Over
6,talk,45,5,1,Over
6,talk,46,5,13,Over
6,talk,47,5,7,VOTE Agent[15]
6,talk,48,5,11,Over
6,talk,49,5,14,Over
6,talk,50,5,15,Over
6,talk,51,5,4,Over
6,talk,52,5,6,VOTE Agent[15]
6,talk,53,5,10,Over
6,talk,54,6,14,Over
6,talk,55,6,7,Over
6,talk,56,6,4,Over
6,talk,57,6,10,Over
6,talk,58,6,15,Over
6,talk,59,6,11,Over
6,talk,60,6,6,Skip
6,talk,61,6,13,Over
6,talk,62,6,1,Over
6,talk,63,7,6,VOTE Agent[15]
6,talk,64,7,10,Over
6,talk,65,7,1,Over
6,talk,66,7,15,Over
6,talk,67,7,7,Over
6,talk,68,7,14,Over
6,talk,69,7,11,Over
6,talk,70,7,4,Over
6,talk,71,7,13,Over
6,talk,72,8,7,ESTIMATE Agent[10] WEREWOLF
6,talk,73,8,14,Over
6,talk,74,8,6,Skip
6,talk,75,8,1,Over
6,talk,76,8,13,Over
6,talk,77,8,10,Over
6,talk,78,8,11,Over
6,talk,79,8,15,ESTIMATE Agent[04] VILLAGER
6,talk,80,8,4,Over
6,talk,81,9,1,Over
6,talk,82,9,15,Over
6,talk,83,9,13,Over
6,talk,84,9,11,Over
6,talk,85,9,7,Over
6,talk,86,9,14,Over
6,talk,87,9,6,Skip
6,talk,88,9,4,Over
6,talk,89,9,10,Over
6,talk,90,10,11,Over
6,talk,91,10,10,Over
6,talk,92,10,1,Over
6,talk,93,10,15,Over
6,talk,94,10,13,Over
6,talk,95,10,7,Over
6,talk,96,10,6,Over
6,talk,97,10,14,Over
6,talk,98,10,4,Over
6,vote,1,11
6,vote,4,6
6,vote,6,15
6,vote,7,15
6,vote,10,4
6,vote,11,4
6,vote,13,4
6,vote,14,6
6,vote,15,4
6,execute,4,VILLAGER
6,attackVote,7,6
6,attack,6,true
7,status,1,POSSESSED,ALIVE,tmcit2017
7,status,2,VILLAGER,DEAD,Army
7,status,3,SEER,DEAD,rsaito
7,status,4,VILLAGER,DEAD,Neo_ELIZA
7,status,5,BODYGUARD,DEAD,AIWolf_NET
7,status,6,VILLAGER,DEAD,Romanesco
7,status,7,WEREWOLF,ALIVE,wasabi
7,status,8,WEREWOLF,DEAD,H-ReGEX
7,status,9,WEREWOLF,DEAD,yk_aiwolf
7,status,10,VILLAGER,ALIVE,Kanpyo
7,status,11,VILLAGER,ALIVE,konno
7,status,12,MEDIUM,DEAD,AITKN
7,status,13,VILLAGER,ALIVE,neko
7,status,14,VILLAGER,ALIVE,flex
7,status,15,VILLAGER,ALIVE,Litt1eGirl
7,talk,0,0,11,VOTE Agent[13]
7,talk,1,0,7,VOTE Agent[15]
7,talk,2,0,13,VOTE Agent[01]
7,talk,3,0,15,VOTE Agent[01]
7,talk,4,0,10,Skip
7,talk,5,0,14,Over
7,talk,6,0,1,DIVINED Agent[11] HUMAN
7,talk,7,1,10,Skip
7,talk,8,1,14,Over
7,talk,9,1,11,Skip
7,talk,10,1,1,Over
7,talk,11,1,15,ESTIMATE Agent[01] WEREWOLF
7,talk,12,1,13,Skip
7,talk,13,1,7,Skip
7,talk,14,2,13,Skip
7,talk,15,2,11,Skip
7,talk,16,2,14,Over
7,talk,17,2,7,Skip
7,talk,18,2,1,Over
7,talk,19,2,15,Over
7,talk,20,2,10,Over
7,talk,21,3,7,ESTIMATE Agent[01] WEREWOLF
7,talk,22,3,1,Over
7,talk,23,3,13,Over
7,talk,24,3,11,Over
7,talk,25,3,10,Over
7,talk,26,3,15,ESTIMATE Agent[11] VILLAGER
7,talk,27,3,14,Over
7,talk,28,4,13,Over
7,talk,29,4,1,Over
7,talk,30,4,10,Over
7,talk,31,4,7,VOTE Agent[10]
7,talk,32,4,11,Over
7,talk,33,4,15,Over
7,talk,34,4,14,Over
7,talk,35,5,15,Over
7,talk,36,5,1,Over
7,talk,37,5,13,Over
7,talk,38,5,7,Skip
7,talk,39,5,11,Over
7,talk,40,5,10,Over
7,talk,41,5,14,Over
7,talk,42,6,11,Over
7,talk,43,6,7,Over
7,talk,44,6,15,Over
7,talk,45,6,1,Over
7,talk,46,6,10,Over
7,talk,47,6,13,Over
7,talk,48,6,14,Over
7,vote,1,15
7,vote,7,10
7,vote,10,13
7,vote,11,13
7,vote,13,1
7,vote,14,15
7,vote,15,1
7,vote,1,10
7,vote,7,15
7,vote,10,11
7,vote,11,13
7,vote,13,1
7,vote,14,15
7,vote,15,1
7,execute,15,VILLAGER
7,attackVote,7,14
7,attack,14,true
8,status,1,POSSESSED,ALIVE,tmcit2017
8,status,2,VILLAGER,DEAD,Army
8,status,3,SEER,DEAD,rsaito
8,status,4,VILLAGER,DEAD,Neo_ELIZA
8,status,5,BODYGUARD,DEAD,AIWolf_NET
8,status,6,VILLAGER,DEAD,Romanesco
8,status,7,WEREWOLF,ALIVE,wasabi
8,status,8,WEREWOLF,DEAD,H-ReGEX
8,status,9,WEREWOLF,DEAD,yk_aiwolf
8,status,10,VILLAGER,ALIVE,Kanpyo
8,status,11,VILLAGER,ALIVE,konno
8,status,12,MEDIUM,DEAD,AITKN
8,status,13,VILLAGER,ALIVE,neko
8,status,14,VILLAGER,DEAD,flex
8,status,15,VILLAGER,DEAD,Litt1eGirl
8,talk,0,0,11,VOTE Agent[07]
8,talk,1,0,10,Skip
8,talk,2,0,1,DIVINED Agent[10] HUMAN
8,talk,3,0,7,Skip
8,talk,4,0,13,VOTE Agent[01]
8,talk,5,1,13,Skip
8,talk,6,1,10,AGREE TALK day8 ID:2
8,talk,7,1,1,Over
8,talk,8,1,11,Skip
8,talk,9,1,7,VOTE Agent[01]
8,talk,10,2,10,Skip
8,talk,11,2,13,Skip
8,talk,12,2,1,Over
8,talk,13,2,7,ESTIMATE Agent[13] VILLAGER
8,talk,14,2,11,Skip
8,talk,15,3,7,ESTIMATE Agent[01] WEREWOLF
8,talk,16,3,11,Over
8,talk,17,3,13,Over
8,talk,18,3,10,Skip
8,talk,19,3,1,Over
8,talk,20,4,7,ESTIMATE Agent[01] WEREWOLF
8,talk,21,4,10,Over
8,talk,22,4,13,Over
8,talk,23,4,11,Over
8,talk,24,4,1,Over
8,talk,25,5,11,Over
8,talk,26,5,1,Over
8,talk,27,5,10,Over
8,talk,28,5,13,Over
8,talk,29,5,7,ESTIMATE Agent[01] WEREWOLF
8,talk,30,6,10,Over
8,talk,31,6,11,Over
8,talk,32,6,1,Over
8,talk,33,6,13,Over
8,talk,34,6,7,ESTIMATE Agent[13] VILLAGER
8,talk,35,7,13,Over
8,talk,36,7,10,Over
8,talk,37,7,1,Over
8,talk,38,7,7,Skip
8,talk,39,7,11,Over
8,talk,40,8,7,Skip
8,talk,41,8,13,Over
8,talk,42,8,1,Over
8,talk,43,8,11,Over
8,talk,44,8,10,Over
8,talk,45,9,10,Over
8,talk,46,9,11,Over
8,talk,47,9,13,Over
8,talk,48,9,1,Over
8,talk,49,9,7,Over
8,vote,1,11
8,vote,7,1
8,vote,10,13
8,vote,11,7
8,vote,13,1
8,execute,1,POSSESSED
8,attackVote,7,10
8,attack,10,true
9,status,1,POSSESSED,DEAD,tmcit2017
9,status,2,VILLAGER,DEAD,Army
9,status,3,SEER,DEAD,rsaito
9,status,4,VILLAGER,DEAD,Neo_ELIZA
9,status,5,BODYGUARD,DEAD,AIWolf_NET
9,status,6,VILLAGER,DEAD,Romanesco
9,status,7,WEREWOLF,ALIVE,wasabi
9,status,8,WEREWOLF,DEAD,H-ReGEX
9,status,9,WEREWOLF,DEAD,yk_aiwolf
9,status,10,VILLAGER,DEAD,Kanpyo
9,status,11,VILLAGER,ALIVE,konno
9,status,12,MEDIUM,DEAD,AITKN
9,status,13,VILLAGER,ALIVE,neko
9,status,14,VILLAGER,DEAD,flex
9,status,15,VILLAGER,DEAD,Litt1eGirl
9,talk,0,0,11,VOTE Agent[07]
9,talk,1,0,7,Skip
9,talk,2,0,13,VOTE Agent[07]
9,talk,3,1,11,Skip
9,talk,4,1,7,VOTE Agent[07]
9,talk,5,1,13,Skip
9,talk,6,2,13,Skip
9,talk,7,2,7,Skip
9,talk,8,2,11,Skip
9,talk,9,3,7,Skip
9,talk,10,3,11,Over
9,talk,11,3,13,Over
9,talk,12,4,13,Over
9,talk,13,4,7,Over
9,talk,14,4,11,Over
9,vote,7,11
9,vote,11,7
9,vote,13,7
9,execute,7,WEREWOLF
10,status,1,POSSESSED,DEAD,tmcit2017
10,status,2,VILLAGER,DEAD,Army
10,status,3,SEER,DEAD,rsaito
10,status,4,VILLAGER,DEAD,Neo_ELIZA
10,status,5,BODYGUARD,DEAD,AIWolf_NET
10,status,6,VILLAGER,DEAD,Romanesco
10,status,7,WEREWOLF,DEAD,wasabi
10,status,8,WEREWOLF,DEAD,H-ReGEX
10,status,9,WEREWOLF,DEAD,yk_aiwolf
10,status,10,VILLAGER,DEAD,Kanpyo
10,status,11,VILLAGER,ALIVE,konno
10,status,12,MEDIUM,DEAD,AITKN
10,status,13,VILLAGER,ALIVE,neko
10,status,14,VILLAGER,DEAD,flex
10,status,15,VILLAGER,DEAD,Litt1eGirl
10,result,2,0,VILLAGER
