0,status,1,VILLAGER,ALIVE,tmcit2017
0,status,2,POSSESSED,ALIVE,Army
0,status,3,WEREWOLF,ALIVE,rsaito
0,status,4,WEREWOLF,ALIVE,Neo_ELIZA
0,status,5,SEER,ALIVE,AIWolf_NET
0,status,6,VILLAGER,ALIVE,Romanesco
0,status,7,WEREWOLF,ALIVE,wasabi
0,status,8,VILLAGER,ALIVE,H-ReGEX
0,status,9,MEDIUM,ALIVE,yk_aiwolf
0,status,10,VILLAGER,ALIVE,Kanpyo
0,status,11,VILLAGER,ALIVE,konno
0,status,12,VILLAGER,ALIVE,AITKN
0,status,13,BODYGUARD,ALIVE,neko
0,status,14,VILLAGER,ALIVE,flex
0,status,15,VILLAGER,ALIVE,Litt1eGirl
0,whisper,0,0,3,COMINGOUT Agent[03] VILLAGER
0,whisper,1,0,7,Over
0,whisper,2,0,4,ATTACK Agent[01]
0,whisper,3,1,7,ATTACK Agent[13]
0,whisper,4,1,4,ATTACK Agent[13]
0,whisper,5,1,3,Skip
0,whisper,6,2,3,Skip
0,whisper,7,2,7,ATTACK Agent[14]
0,whisper,8,2,4,ATTACK Agent[08]
0,whisper,9,3,7,ATTACK Agent[12]
0,whisper,10,3,3,Over
0,whisper,11,3,4,ATTACK Agent[05]
0,whisper,12,4,4,Skip
0,whisper,13,4,7,ATTACK Agent[10]
0,whisper,14,4,3,Over
0,whisper,15,5,4,ATTACK Agent[13]
0,whisper,16,5,7,ATTACK Agent[01]
0,whisper,17,5,3,Over
0,whisper,18,6,4,ATTACK Agent[14]
0,whisper,19,6,7,Over
0,whisper,20,6,3,Over
0,whisper,21,7,7,ATTACK Agent[05]
0,whisper,22,7,3,Over
0,whisper,23,7,4,ATTACK Agent[15]
0,whisper,24,8,7,ATTACK Agent[08]
0,whisper,25,8,4,ATTACK Agent[11]
0,whisper,26,8,3,Over
0,whisper,27,9,3,Over
0,whisper,28,9,7,Over
0,whisper,29,9,4,ATTACK Agent[10]
0,whisper,30,10,4,ATTACK Agent[13]
0,whisper,31,10,3,Over
0,whisper,32,10,7,Over
0,whisper,33,11,3,Over
0,whisper,34,11,4,Over
0,whisper,35,11,7,ATTACK Agent[10]
0,whisper,36,12,3,Over
0,whisper,37,12,7,ATTACK Agent[01]
0,whisper,38,12,4,Over
0,whisper,39,13,3,Over
0,whisper,40,13,7,Over
0,whisper,41,13,4,Over
0,divine,5,2,HUMAN
1,status,1,VILLAGER,ALIVE,tmcit2017
1,status,2,POSSESSED,ALIVE,Army
1,status,3,WEREWOLF,ALIVE,rsaito
1,status,4,WEREWOLF,ALIVE,Neo_ELIZA
1,status,5,SEER,ALIVE,AIWolf_NET
1,status,6,VILLAGER,ALIVE,Romanesco
1,status,7,WEREWOLF,ALIVE,wasabi
1,status,8,VILLAGER,ALIVE,H-ReGEX
1,status,9,MEDIUM,ALIVE,yk_aiwolf
1,status,10,VILLAGER,ALIVE,Kanpyo
1,status,11,VILLAGER,ALIVE,konno
1,status,12,VILLAGER,ALIVE,AITKN
1,status,13,BODYGUARD,ALIVE,neko
1,status,14,VILLAGER,ALIVE,flex
1,status,15,VILLAGER,ALIVE,Litt1eGirl
1,talk,0,0,14,Over
1,talk,1,0,11,VOTE Agent[04]
1,talk,2,0,12,VOTE Agent[08]
1,talk,3,0,15,VOTE Agent[14]
1,talk,4,0,13,VOTE Agent[03]
1,talk,5,0,9,COMINGOUT Agent[09] MEDIUM
1,talk,6,0,2,COMINGOUT Agent[02] SEER
1,talk,7,0,8,VOTE Agent[05]
1,talk,8,0,1,COMINGOUT Agent[01] VILLAGER
1,talk,9,0,3,VOTE Agent[06]
1,talk,10,0,7,Skip
1,talk,11,0,5,VOTE Agent[01]
1,talk,12,0,6,Skip
1,talk,13,0,4,VOTE Agent[11]
1,talk,14,0,10,VOTE Agent[05]
1,talk,15,1,4,VOTE Agent[12]
1,talk,16,1,8,Skip
1,talk,17,1,3,VOTE Agent[05]
1,talk,18,1,5,COMINGOUT Agent[05] SEER
1,talk,19,1,1,Over
1,talk,20,1,11,Skip
1,talk,21,1,7,VOTE Agent[04]
1,talk,22,1,13,VOTE Agent[04]
1,talk,23,1,14,Over
1,talk,24,1,6,Skip
1,talk,25,1,2,COMINGOUT Agent[02] SEER
1,talk,26,1,12,VOTE Agent[14]
1,talk,27,1,15,VOTE Agent[05]
1,talk,28,1,10,ESTIMATE Agent[02] SEER
1,talk,29,1,9,Over
1,talk,30,2,3,VOTE Agent[12]
1,talk,31,2,13,VOTE Agent[03]
1,talk,32,2,12,VOTE Agent[05]
1,talk,33,2,15,Over
1,talk,34,2,2,DIVINED Agent[01] WEREWOLF
1,talk,35,2,5,DIVINED Agent[02] HUMAN
1,talk,36,2,10,ESTIMATE Agent[05] SEER
1,talk,37,2,1,Over
1,talk,38,2,8,Skip
1,talk,39,2,4,VOTE Agent[02]
1,talk,40,2,11,Skip
1,talk,41,2,14,Over
1,talk,42,2,7,VOTE Agent[15]
1,talk,43,2,9,Over
1,talk,44,2,6,Over
1,talk,45,3,4,VOTE Agent[09]
1,talk,46,3,8,Over
1,talk,47,3,14,Over
1,talk,48,3,11,Over
1,talk,49,3,12,ESTIMATE Agent[02] POSSESSED
1,talk,50,3,7,VOTE Agent[01]
1,talk,51,3,9,Over
1,talk,52,3,10,AGREE TALK day1 ID:34
1,talk,53,3,5,ESTIMATE Agent[02] POSSESSED
1,talk,54,3,6,VOTE Agent[05]
1,talk,55,3,13,VOTE Agent[01]
1,talk,56,3,1,Over
1,talk,57,3,2,Skip
1,talk,58,3,15,Over
1,talk,59,3,3,Skip
1,talk,60,4,1,Over
1,talk,61,4,14,Over
1,talk,62,4,5,Skip
1,talk,63,4,2,DISAGREE TALK day1 ID:49
1,talk,64,4,13,Skip
1,talk,65,4,6,Skip
1,talk,66,4,15,ESTIMATE Agent[05] WEREWOLF
1,talk,67,4,7,ESTIMATE Agent[14] VILLAGER
1,talk,68,4,9,Over
1,talk,69,4,12,REQUEST(DIVINATION Agent[08])
1,talk,70,4,8,Over
1,talk,71,4,4,VOTE Agent[10]
1,talk,72,4,11,Over
1,talk,73,4,3,Skip
1,talk,74,4,10,ESTIMATE Agent[01] WEREWOLF
1,talk,75,5,3,Over
1,talk,76,5,15,Over
1,talk,77,5,7,Skip
1,talk,78,5,2,DISAGREE TALK day1 ID:53
1,talk,79,5,14,Over
1,talk,80,5,12,Skip
1,talk,81,5,1,Over
1,talk,82,5,9,Over
1,talk,83,5,13,Skip
1,talk,84,5,6,VOTE Agent[05]
1,talk,85,5,4,VOTE Agent[09]
1,talk,86,5,8,Over
1,talk,87,5,10,VOTE Agent[01]
1,talk,88,5,11,Over
1,talk,89,5,5,Skip
1,talk,90,6,5,Over
1,talk,91,6,2,Skip
1,talk,92,6,10,REQUEST(VOTE Agent[01])
1,talk,93,6,11,Over
1,talk,94,6,3,Over
1,talk,95,6,12,Skip
1,talk,96,6,6,Skip
1,talk,97,6,7,Skip
1,talk,98,6,4,VOTE Agent[08]
1,talk,99,6,9,Over
1,talk,100,6,14,Over
1,talk,101,6,8,Over
1,talk,102,6,15,VOTE Agent[01]
1,talk,103,6,13,Over
1,talk,104,6,1,Over
1,talk,105,7,2,Skip
1,talk,106,7,15,Over
1,talk,107,7,11,Over
1,talk,108,7,5,Over
1,talk,109,7,6,VOTE Agent[01]
1,talk,110,7,3,Over
1,talk,111,7,10,VOTE Agent[01]
1,talk,112,7,12,Over
1,talk,113,7,1,Over
1,talk,114,7,13,Over
1,talk,115,7,4,VOTE Agent[05]
1,talk,116,7,9,Over
1,talk,117,7,8,Over
1,talk,118,7,7,Over
1,talk,119,7,14,Over
1,talk,120,8,8,Over
1,talk,121,8,9,Over
1,talk,122,8,6,Skip
1,talk,123,8,1,Over
1,talk,124,8,10,Skip
1,talk,125,8,11,Over
1,talk,126,8,15,ESTIMATE Agent[03] VILLAGER
1,talk,127,8,12,Over
1,talk,128,8,13,Over
1,talk,129,8,3,Over
1,talk,130,8,2,Over
1,talk,131,8,7,ESTIMATE Agent[11] VILLAGER
1,talk,132,8,4,VOTE Agent[10]
1,talk,133,8,14,Over
1,talk,134,8,5,Over
1,talk,135,9,13,Over
1,talk,136,9,3,Over
1,talk,137,9,7,Over
1,talk,138,9,12,Over
1,talk,139,9,1,Over
1,talk,140,9,4,VOTE Agent[06]
1,talk,141,9,11,Over
1,talk,142,9,6,Skip
1,talk,143,9,10,Skip
1,talk,144,9,2,Over
1,talk,145,9,5,Over
1,talk,146,9,9,Over
1,talk,147,9,15,Over
1,talk,148,9,14,Over
1,talk,149,9,8,Over
1,talk,150,10,4,Over
1,talk,151,10,9,Over
1,talk,152,10,1,Over
1,talk,153,10,13,Over
1,talk,154,10,2,Over
1,talk,155,10,7,Over
1,talk,156,10,11,Over
1,talk,157,10,8,Over
1,talk,158,10,5,Over
1,talk,159,10,15,Over
1,talk,160,10,3,Over
1,talk,161,10,6,Over
1,talk,162,10,12,Over
1,talk,163,10,10,Over
1,talk,164,10,14,Over
1,vote,1,5
1,vote,2,3
1,vote,3,12
1,vote,4,9
1,vote,5,1
1,vote,6,1
1,vote,7,1
1,vote,8,5
1,vote,9,1
1,vote,10,1
1,vote,11,4
1,vote,12,5
1,vote,13,1
1,vote,14,3
1,vote,15,1
1,execute,1,VILLAGER
1,divine,5,15,HUMAN
1,whisper,0,0,3,ESTIMATE Agent[02] POSSESSED
1,whisper,1,0,7,Over
1,whisper,2,0,4,ESTIMATE Agent[02] POSSESSED
1,whisper,3,1,3,ATTACK Agent[13]
1,whisper,4,1,4,ATTACK Agent[11]
1,whisper,5,1,7,ATTACK Agent[11]
1,whisper,6,2,3,Skip
1,whisper,7,2,7,Over
1,whisper,8,2,4,ATTACK Agent[08]
1,whisper,9,3,4,ATTACK Agent[14]
1,whisper,10,3,7,Over
1,whisper,11,3,3,Skip
1,whisper,12,4,7,ATTACK Agent[09]
1,whisper,13,4,3,Over
1,whisper,14,4,4,ATTACK Agent[12]
1,whisper,15,5,4,ATTACK Agent[10]
1,whisper,16,5,7,ATTACK Agent[12]
1,whisper,17,5,3,Over
1,whisper,18,6,7,Over
1,whisper,19,6,4,ATTACK Agent[11]
1,whisper,20,6,3,Over
1,whisper,21,7,7,ATTACK Agent[09]
1,whisper,22,7,4,ATTACK Agent[13]
1,whisper,23,7,3,Over
1,whisper,24,8,3,Over
1,whisper,25,8,7,Over
1,whisper,26,8,4,ATTACK Agent[09]
1,whisper,27,9,3,Over
1,whisper,28,9,7,ATTACK Agent[06]
1,whisper,29,9,4,ATTACK Agent[05]
1,whisper,30,10,7,ATTACK Agent[11]
1,whisper,31,10,4,Over
1,whisper,32,10,3,Over
1,whisper,33,11,7,ATTACK Agent[15]
1,whisper,34,11,3,Over
1,whisper,35,11,4,Over
1,whisper,36,12,4,Over
1,whisper,37,12,7,ATTACK Agent[09]
1,whisper,38,12,3,Over
1,whisper,39,13,4,Over
1,whisper,40,13,7,ESTIMATE Agent[02] POSSESSED
1,whisper,41,13,3,Over
1,whisper,42,14,3,Over
1,whisper,43,14,7,ESTIMATE Agent[02] POSSESSED
1,whisper,44,14,4,Over
1,whisper,45,15,4,Over
1,whisper,46,15,3,Over
1,whisper,47,15,7,Over
1,guard,13,5,SEER
1,attackVote,3,13
1,attackVote,4,14
1,attackVote,7,9
1,attackVote,3,13
1,attackVote,4,13
1,attackVote,7,9
1,attack,13,true
2,status,1,VILLAGER,DEAD,tmcit2017
2,status,2,POSSESSED,ALIVE,Army
2,status,3,WEREWOLF,ALIVE,rsaito
2,status,4,WEREWOLF,ALIVE,Neo_ELIZA
2,status,5,SEER,ALIVE,AIWolf_NET
2,status,6,VILLAGER,ALIVE,Romanesco
2,status,7,WEREWOLF,ALIVE,wasabi
2,status,8,VILLAGER,ALIVE,H-ReGEX
2,status,9,MEDIUM,ALIVE,yk_aiwolf
2,status,10,VILLAGER,ALIVE,Kanpyo
2,status,11,VILLAGER,ALIVE,konno
2,status,12,VILLAGER,ALIVE,AITKN
2,status,13,BODYGUARD,DEAD,neko
2,status,14,VILLAGER,ALIVE,flex
2,status,15,VILLAGER,ALIVE,Litt1eGirl
2,talk,0,0,6,Skip
2,talk,1,0,14,Over
2,talk,2,0,10,Skip
2,talk,3,0,9,IDENTIFIED Agent[01] HUMAN
2,talk,4,0,15,VOTE Agent[09]
2,talk,5,0,7,VOTE Agent[14]
2,talk,6,0,8,ESTIMATE Agent[06] WEREWOLF
2,talk,7,0,4,VOTE Agent[09]
2,talk,8,0,2,COMINGOUT Agent[02] SEER
2,talk,9,0,5,DIVINED Agent[15] HUMAN
2,talk,10,0,12,VOTE Agent[14]
2,talk,11,0,3,VOTE Agent[12]
2,talk,12,0,11,VOTE Agent[03]
2,talk,13,1,6,Skip
2,talk,14,1,8,VOTE Agent[06]
2,talk,15,1,4,VOTE Agent[06]
2,talk,16,1,11,Skip
2,talk,17,1,5,VOTE Agent[08]
2,talk,18,1,14,Over
2,talk,19,1,10,Skip
2,talk,20,1,2,COMINGOUT Agent[02] SEER
2,talk,21,1,9,Over
2,talk,22,1,12,Skip
2,talk,23,1,7,Skip
2,talk,24,1,15,VOTE Agent[14]
2,talk,25,1,3,VOTE Agent[14]
2,talk,26,2,12,Skip
2,talk,27,2,2,DIVINED Agent[01] WEREWOLF
2,talk,28,2,10,Over
2,talk,29,2,3,Skip
2,talk,30,2,6,Over
2,talk,31,2,8,Skip
2,talk,32,2,5,Skip
2,talk,33,2,14,Over
2,talk,34,2,4,VOTE Agent[10]
2,talk,35,2,11,Skip
2,talk,36,2,15,Over
2,talk,37,2,7,VOTE Agent[03]
2,talk,38,2,9,Over
2,talk,39,3,5,Skip
2,talk,40,3,4,VOTE Agent[11]
2,talk,41,3,11,Over
2,talk,42,3,9,Over
2,talk,43,3,2,Skip
2,talk,44,3,14,Over
2,talk,45,3,12,Over
2,talk,46,3,10,AGREE TALK day2 ID:27
2,talk,47,3,7,Skip
2,talk,48,3,3,Skip
2,talk,49,3,15,ESTIMATE Agent[14] WEREWOLF
2,talk,50,3,6,VOTE Agent[05]
2,talk,51,3,8,Skip
2,talk,52,4,7,VOTE Agent[08]
2,talk,53,4,5,Over
2,talk,54,4,6,Skip
2,talk,55,4,3,Over
2,talk,56,4,9,Over
2,talk,57,4,15,ESTIMATE Agent[14] WEREWOLF
2,talk,58,4,12,REQUEST(DIVINATION Agent[04])
2,talk,59,4,10,ESTIMATE Agent[01] WEREWOLF
2,talk,60,4,4,VOTE Agent[12]
2,talk,61,4,14,Over
2,talk,62,4,11,Over
2,talk,63,4,2,Skip
2,talk,64,4,8,Over
2,talk,65,5,9,Over
2,talk,66,5,10,VOTE Agent[01]
2,talk,67,5,7,ESTIMATE Agent[12] VILLAGER
2,talk,68,5,12,Skip
2,talk,69,5,15,Over
2,talk,70,5,14,Over
2,talk,71,5,8,Over
2,talk,72,5,6,VOTE Agent[05]
2,talk,73,5,2,Over
2,talk,74,5,3,Over
2,talk,75,5,11,Over
2,talk,76,5,5,Over
2,talk,77,5,4,VOTE Agent[13]
2,talk,78,6,10,REQUEST(VOTE Agent[01])
2,talk,79,6,15,Over
2,talk,80,6,6,Skip
2,talk,81,6,7,VOTE Agent[10]
2,talk,82,6,11,Over
2,talk,83,6,4,Skip
2,talk,84,6,5,Over
2,talk,85,6,9,Over
2,talk,86,6,12,Skip
2,talk,87,6,2,Over
2,talk,88,6,8,Over
2,talk,89,6,3,Over
2,talk,90,6,14,Over
2,talk,91,7,15,Over
2,talk,92,7,9,Over
2,talk,93,7,14,Over
2,talk,94,7,6,VOTE Agent[05]
2,talk,95,7,10,VOTE Agent[14]
2,talk,96,7,12,Over
2,talk,97,7,3,Over
2,talk,98,7,7,VOTE Agent[14]
2,talk,99,7,5,Over
2,talk,100,7,4,VOTE Agent[14]
2,talk,101,7,11,Over
2,talk,102,7,2,Over
2,talk,103,7,8,Over
2,talk,104,8,10,Skip
2,talk,105,8,2,Over
2,talk,106,8,6,Skip
2,talk,107,8,4,VOTE Agent[15]
2,talk,108,8,7,Skip
2,talk,109,8,3,Over
2,talk,110,8,15,Over
2,talk,111,8,5,Over
2,talk,112,8,11,Over
2,talk,113,8,8,Over
2,talk,114,8,14,Over
2,talk,115,8,9,Over
2,talk,116,8,12,Over
2,talk,117,9,7,Over
2,talk,118,9,15,Over
2,talk,119,9,6,Skip
2,talk,120,9,5,Over
2,talk,121,9,11,Over
2,talk,122,9,14,Over
2,talk,123,9,12,Over
2,talk,124,9,9,Over
2,talk,125,9,8,Over
2,talk,126,9,10,Skip
2,talk,127,9,2,Over
2,talk,128,9,3,Over
2,talk,129,9,4,VOTE Agent[05]
2,talk,130,10,2,Over
2,talk,131,10,15,Over
2,talk,132,10,9,Over
2,talk,133,10,11,Over
2,talk,134,10,14,Over
2,talk,135,10,6,Over
2,talk,136,10,10,Over
2,talk,137,10,7,ESTIMATE Agent[15] VILLAGER
2,talk,138,10,5,Over
2,talk,139,10,12,Over
2,talk,140,10,8,Over
2,talk,141,10,3,Over
2,talk,142,10,4,VOTE Agent[08]
2,talk,143,11,9,Over
2,talk,144,11,4,Over
2,talk,145,11,8,Over
2,talk,146,11,3,Over
2,talk,147,11,7,Over
2,talk,148,11,11,Over
2,talk,149,11,5,Over
2,talk,150,11,14,Over
2,talk,151,11,2,Over
2,talk,152,11,15,Over
2,talk,153,11,10,Over
2,talk,154,11,12,Over
2,talk,155,11,6,Over
2,vote,2,3
2,vote,3,14
2,vote,4,8
2,vote,5,8
2,vote,6,5
2,vote,7,14
2,vote,8,6
2,vote,9,6
2,vote,10,14
2,vote,11,3
2,vote,12,14
2,vote,14,10
2,vote,15,14
2,execute,14,VILLAGER
2,divine,5,8,HUMAN
2,whisper,0,0,3,ATTACK Agent[11]
2,whisper,1,0,7,ATTACK Agent[05]
2,whisper,2,0,4,ATTACK Agent[05]
2,whisper,3,1,7,Over
2,whisper,4,1,4,ATTACK Agent[06]
2,whisper,5,1,3,Skip
2,whisper,6,2,7,ESTIMATE Agent[02] POSSESSED
2,whisper,7,2,3,Skip
2,whisper,8,2,4,ATTACK Agent[10]
2,whisper,9,3,7,Over
2,whisper,10,3,4,Skip
2,whisper,11,3,3,Over
2,whisper,12,4,4,ATTACK Agent[15]
2,whisper,13,4,7,Over
2,whisper,14,4,3,Over
2,whisper,15,5,7,Over
2,whisper,16,5,4,ATTACK Agent[01]
2,whisper,17,5,3,Over
2,whisper,18,6,3,Over
2,whisper,19,6,4,ATTACK Agent[12]
2,whisper,20,6,7,Over
2,whisper,21,7,7,ESTIMATE Agent[02] POSSESSED
2,whisper,22,7,4,ATTACK Agent[14]
2,whisper,23,7,3,Over
2,whisper,24,8,4,ATTACK Agent[05]
2,whisper,25,8,3,Over
2,whisper,26,8,7,Over
2,whisper,27,9,4,ATTACK Agent[14]
2,whisper,28,9,3,Over
2,whisper,29,9,7,Over
2,whisper,30,10,7,Over
2,whisper,31,10,4,Skip
2,whisper,32,10,3,Over
2,whisper,33,11,7,ESTIMATE Agent[02] POSSESSED
2,whisper,34,11,4,ATTACK Agent[12]
2,whisper,35,11,3,Over
2,whisper,36,12,3,Over
2,whisper,37,12,7,Over
2,whisper,38,12,4,Over
2,attackVote,3,11
2,attackVote,4,5
2,attackVote,7,5
2,attack,5,true
3,status,1,VILLAGER,DEAD,tmcit2017
3,status,2,POSSESSED,ALIVE,Army
3,status,3,WEREWOLF,ALIVE,rsaito
3,status,4,WEREWOLF,ALIVE,Neo_ELIZA
3,status,5,SEER,DEAD,AIWolf_NET
3,status,6,VILLAGER,ALIVE,Romanesco
3,status,7,WEREWOLF,ALIVE,wasabi
3,status,8,VILLAGER,ALIVE,H-ReGEX
3,status,9,MEDIUM,ALIVE,yk_aiwolf
3,status,10,VILLAGER,ALIVE,Kanpyo
3,status,11,VILLAGER,ALIVE,konno
3,status,12,VILLAGER,ALIVE,AITKN
3,status,13,BODYGUARD,DEAD,neko
3,status,14,VILLAGER,DEAD,flex
3,status,15,VILLAGER,ALIVE,Litt1eGirl
3,talk,0,0,6,Skip
3,talk,1,0,10,Skip
3,talk,2,0,12,VOTE Agent[15]
3,talk,3,0,7,VOTE Agent[11]
3,talk,4,0,15,VOTE Agent[08]
3,talk,5,0,9,IDENTIFIED Agent[14] HUMAN
3,talk,6,0,3,VOTE Agent[12]
3,talk,7,0,11,VOTE Agent[12]
3,talk,8,0,8,ESTIMATE Agent[01] WEREWOLF
3,talk,9,0,4,VOTE Agent[08]
3,talk,10,0,2,COMINGOUT Agent[02] SEER
3,talk,11,1,9,Over
3,talk,12,1,3,Skip
3,talk,13,1,8,VOTE Agent[01]
3,talk,14,1,15,VOTE Agent[12]
3,talk,15,1,10,Skip
3,talk,16,1,6,Skip
3,talk,17,1,4,VOTE Agent[15]
3,talk,18,1,2,COMINGOUT Agent[02] SEER
3,talk,19,1,7,ESTIMATE Agent[08] VILLAGER
3,talk,20,1,11,Skip
3,talk,21,1,12,VOTE Agent[08]
3,talk,22,2,10,Over
3,talk,23,2,3,Skip
3,talk,24,2,12,VOTE Agent[15]
3,talk,25,2,7,VOTE Agent[06]
3,talk,26,2,9,Over
3,talk,27,2,15,Over
3,talk,28,2,2,DIVINED Agent[01] WEREWOLF
3,talk,29,2,8,Skip
3,talk,30,2,11,Skip
3,talk,31,2,6,Over
3,talk,32,2,4,Skip
3,talk,33,3,3,Over
3,talk,34,3,12,Skip
3,talk,35,3,4,VOTE Agent[06]
3,talk,36,3,9,Over
3,talk,37,3,7,Skip
3,talk,38,3,15,Over
3,talk,39,3,2,Skip
3,talk,40,3,10,AGREE TALK day3 ID:28
3,talk,41,3,11,Over
3,talk,42,3,6,VOTE Agent[10]
3,talk,43,3,8,Skip
3,talk,44,4,2,Skip
3,talk,45,4,15,Over
3,talk,46,4,10,ESTIMATE Agent[01] WEREWOLF
3,talk,47,4,6,Skip
3,talk,48,4,8,Over
3,talk,49,4,12,REQUEST(DIVINATION Agent[07])
3,talk,50,4,11,Over
3,talk,51,4,7,ESTIMATE Agent[08] VILLAGER
3,talk,52,4,3,Over
3,talk,53,4,9,Over
3,talk,54,4,4,VOTE Agent[01]
3,talk,55,5,6,VOTE Agent[10]
3,talk,56,5,9,Over
3,talk,57,5,2,Over
3,talk,58,5,10,VOTE Agent[01]
3,talk,59,5,12,Skip
3,talk,60,5,8,Over
3,talk,61,5,7,Skip
3,talk,62,5,11,Over
3,talk,63,5,15,Over
3,talk,64,5,3,Over
3,talk,65,5,4,VOTE Agent[12]
3,talk,66,6,4,VOTE Agent[01]
3,talk,67,6,6,Skip
3,talk,68,6,3,Over
3,talk,69,6,10,REQUEST(VOTE Agent[01])
3,talk,70,6,9,Over
3,talk,71,6,11,Over
3,talk,72,6,15,Over
3,talk,73,6,2,Over
3,talk,74,6,7,Skip
3,talk,75,6,8,Over
3,talk,76,6,12,Skip
3,talk,77,7,2,Over
3,talk,78,7,12,Over
3,talk,79,7,11,Over
3,talk,80,7,9,Over
3,talk,81,7,3,Over
3,talk,82,7,8,Over
3,talk,83,7,10,VOTE Agent[12]
3,talk,84,7,15,Over
3,talk,85,7,7,ESTIMATE Agent[03] VILLAGER
3,talk,86,7,6,VOTE Agent[10]
3,talk,87,7,4,VOTE Agent[13]
3,talk,88,8,4,VOTE Agent[01]
3,talk,89,8,8,Over
3,talk,90,8,9,Over
3,talk,91,8,2,Over
3,talk,92,8,12,Over
3,talk,93,8,3,Over
3,talk,94,8,7,VOTE Agent[12]
3,talk,95,8,6,Skip
3,talk,96,8,11,Over
3,talk,97,8,15,Over
3,talk,98,8,10,Skip
3,talk,99,9,10,Skip
3,talk,100,9,4,VOTE Agent[12]
3,talk,101,9,3,Over
3,talk,102,9,11,Over
3,talk,103,9,8,Over
3,talk,104,9,9,Over
3,talk,105,9,12,Over
3,talk,106,9,7,ESTIMATE Agent[15] VILLAGER
3,talk,107,9,15,Over
3,talk,108,9,6,Skip
3,talk,109,9,2,Over
3,talk,110,10,2,Over
3,talk,111,10,15,Over
3,talk,112,10,11,Over
3,talk,113,10,12,Over
3,talk,114,10,8,Over
3,talk,115,10,6,Over
3,talk,116,10,4,VOTE Agent[09]
3,talk,117,10,9,Over
3,talk,118,10,10,Over
3,talk,119,10,3,Over
3,talk,120,10,7,ESTIMATE Agent[09] MEDIUM
3,talk,121,11,15,Over
3,talk,122,11,11,Over
3,talk,123,11,7,VOTE Agent[04]
3,talk,124,11,8,Over
3,talk,125,11,10,Over
3,talk,126,11,3,Over
3,talk,127,11,6,Over
3,talk,128,11,9,Over
3,talk,129,11,2,Over
3,talk,130,11,4,Over
3,talk,131,11,12,Over
3,talk,132,12,12,Over
3,talk,133,12,7,VOTE Agent[12]
3,talk,134,12,15,Over
3,talk,135,12,2,Over
3,talk,136,12,3,Over
3,talk,137,12,6,Over
3,talk,138,12,10,Over
3,talk,139,12,11,Over
3,talk,140,12,9,Over
3,talk,141,12,8,Over
3,talk,142,12,4,Over
3,talk,143,13,9,Over
3,talk,144,13,12,Over
3,talk,145,13,7,Over
3,talk,146,13,15,Over
3,talk,147,13,11,Over
3,talk,148,13,4,Over
3,talk,149,13,6,Over
3,talk,150,13,2,Over
3,talk,151,13,10,Over
3,talk,152,13,3,Over
3,talk,153,13,8,Over
3,vote,2,3
3,vote,3,12
3,vote,4,10
3,vote,6,10
3,vote,7,12
3,vote,8,3
3,vote,9,6
3,vote,10,12
3,vote,11,12
3,vote,12,15
3,vote,15,12
3,execute,12,VILLAGER
3,whisper,0,0,4,ATTACK Agent[06]
3,whisper,1,0,7,Over
3,whisper,2,0,3,ATTACK Agent[11]
3,whisper,3,1,7,ATTACK Agent[15]
3,whisper,4,1,3,Skip
3,whisper,5,1,4,ATTACK Agent[01]
3,whisper,6,2,7,Over
3,whisper,7,2,3,Skip
3,whisper,8,2,4,ATTACK Agent[08]
3,whisper,9,3,7,Over
3,whisper,10,3,4,ATTACK Agent[15]
3,whisper,11,3,3,Over
3,whisper,12,4,4,Skip
3,whisper,13,4,3,Over
3,whisper,14,4,7,ESTIMATE Agent[02] POSSESSED
3,whisper,15,5,7,Over
3,whisper,16,5,3,Over
3,whisper,17,5,4,ATTACK Agent[10]
3,whisper,18,6,7,Over
3,whisper,19,6,3,Over
3,whisper,20,6,4,ATTACK Agent[08]
3,whisper,21,7,7,Over
3,whisper,22,7,4,ATTACK Agent[10]
3,whisper,23,7,3,Over
3,whisper,24,8,3,Over
3,whisper,25,8,4,ATTACK Agent[15]
3,whisper,26,8,7,Over
3,whisper,27,9,4,ATTACK Agent[12]
3,whisper,28,9,3,Over
3,whisper,29,9,7,Over
3,whisper,30,10,3,Over
3,whisper,31,10,4,ATTACK Agent[14]
3,whisper,32,10,7,Over
3,whisper,33,11,4,Over
3,whisper,34,11,7,Over
3,whisper,35,11,3,Over
3,attackVote,3,11
3,attackVote,7,15
3,attackVote,3,11
3,attackVote,4,9
3,attackVote,7,15
3,attack,9,true
4,status,1,VILLAGER,DEAD,tmcit2017
4,status,2,POSSESSED,ALIVE,Army
4,status,3,WEREWOLF,ALIVE,rsaito
4,status,4,WEREWOLF,ALIVE,Neo_ELIZA
4,status,5,SEER,DEAD,AIWolf_NET
4,status,6,VILLAGER,ALIVE,Romanesco
4,status,7,WEREWOLF,ALIVE,wasabi
4,status,8,VILLAGER,ALIVE,H-ReGEX
4,status,9,MEDIUM,DEAD,yk_aiwolf
4,status,10,VILLAGER,ALIVE,Kanpyo
4,status,11,VILLAGER,ALIVE,konno
4,status,12,VILLAGER,DEAD,AITKN
4,status,13,BODYGUARD,DEAD,neko
4,status,14,VILLAGER,DEAD,flex
4,status,15,VILLAGER,ALIVE,Litt1eGirl
4,talk,0,0,2,COMINGOUT Agent[02] SEER
4,talk,1,0,4,VOTE Agent[15]
4,talk,2,0,3,VOTE Agent[11]
4,talk,3,0,10,Skip
4,talk,4,0,6,Skip
4,talk,5,0,8,ESTIMATE Agent[08] WEREWOLF
4,talk,6,0,15,VOTE Agent[03]
4,talk,7,0,7,VOTE Agent[06]
4,talk,8,0,11,VOTE Agent[07]
4,talk,9,1,4,VOTE Agent[14]
4,talk,10,1,15,VOTE Agent[07]
4,talk,11,1,3,Skip
4,talk,12,1,10,ESTIMATE Agent[02] WEREWOLF
4,talk,13,1,7,ESTIMATE Agent[08] VILLAGER
4,talk,14,1,2,COMINGOUT Agent[02] SEER
4,talk,15,1,11,Skip
4,talk,16,1,8,VOTE Agent[08]
4,talk,17,1,6,Skip
4,talk,18,2,8,Skip
4,talk,19,2,7,Skip
4,talk,20,2,3,Skip
4,talk,21,2,6,Over
4,talk,22,2,10,Skip
4,talk,23,2,2,DIVINED Agent[01] WEREWOLF
4,talk,24,2,4,VOTE Agent[11]
4,talk,25,2,11,Skip
4,talk,26,2,15,ESTIMATE Agent[04] VILLAGER
4,talk,27,3,15,Over
4,talk,28,3,8,Skip
4,talk,29,3,10,AGREE TALK day4 ID:23
4,talk,30,3,6,VOTE Agent[06]
4,talk,31,3,11,Over
4,talk,32,3,2,DISAGREE TALK day4 ID:12
4,talk,33,3,4,VOTE Agent[13]
4,talk,34,3,3,Over
4,talk,35,3,7,VOTE Agent[03]
4,talk,36,4,4,VOTE Agent[15]
4,talk,37,4,11,Over
4,talk,38,4,3,Over
4,talk,39,4,15,Over
4,talk,40,4,2,Skip
4,talk,41,4,7,ESTIMATE Agent[03] VILLAGER
4,talk,42,4,10,ESTIMATE Agent[01] WEREWOLF
4,talk,43,4,6,Skip
4,talk,44,4,8,Over
4,talk,45,5,8,Over
4,talk,46,5,3,Over
4,talk,47,5,4,VOTE Agent[12]
4,talk,48,5,7,ESTIMATE Agent[02] WEREWOLF
4,talk,49,5,2,Skip
4,talk,50,5,11,Over
4,talk,51,5,10,VOTE Agent[01]
4,talk,52,5,15,ESTIMATE Agent[07] WEREWOLF
4,talk,53,5,6,VOTE Agent[06]
4,talk,54,6,10,REQUEST(VOTE Agent[01])
4,talk,55,6,4,VOTE Agent[08]
4,talk,56,6,3,Over
4,talk,57,6,2,DISAGREE TALK day4 ID:48
4,talk,58,6,11,Over
4,talk,59,6,7,VOTE Agent[08]
4,talk,60,6,8,Over
4,talk,61,6,6,Skip
4,talk,62,6,15,Over
4,talk,63,7,10,VOTE Agent[08]
4,talk,64,7,6,VOTE Agent[06]
4,talk,65,7,15,VOTE Agent[08]
4,talk,66,7,4,VOTE Agent[15]
4,talk,67,7,7,Skip
4,talk,68,7,8,Over
4,talk,69,7,3,VOTE Agent[08]
4,talk,70,7,2,Skip
4,talk,71,7,11,Over
4,talk,72,8,8,Over
4,talk,73,8,10,Skip
4,talk,74,8,15,Over
4,talk,75,8,6,Skip
4,talk,76,8,11,Over
4,talk,77,8,4,VOTE Agent[09]
4,talk,78,8,3,Skip
4,talk,79,8,2,Skip
4,talk,80,8,7,Skip
4,talk,81,9,3,Skip
4,talk,82,9,11,Over
4,talk,83,9,6,Skip
4,talk,84,9,10,Skip
4,talk,85,9,8,Over
4,talk,86,9,2,Over
4,talk,87,9,4,VOTE Agent[13]
4,talk,88,9,15,Over
4,talk,89,9,7,VOTE Agent[03]
4,talk,90,10,15,Over
4,talk,91,10,11,Over
4,talk,92,10,10,Over
4,talk,93,10,2,Over
4,talk,94,10,3,Over
4,talk,95,10,6,Over
4,talk,96,10,4,Over
4,talk,97,10,8,Over
4,talk,98,10,7,Over
4,vote,2,3
4,vote,3,8
4,vote,4,10
4,vote,6,11
4,vote,7,3
4,vote,8,4
4,vote,10,8
4,vote,11,7
4,vote,15,8
4,execute,8,VILLAGER
4,whisper,0,0,4,ATTACK Agent[13]
4,whisper,1,0,3,ATTACK Agent[11]
4,whisper,2,0,7,ATTACK Agent[15]
4,whisper,3,1,3,Skip
4,whisper,4,1,4,ATTACK Agent[11]
4,whisper,5,1,7,Over
4,whisper,6,2,3,Skip
4,whisper,7,2,4,Skip
4,whisper,8,2,7,Over
4,whisper,9,3,4,ATTACK Agent[09]
4,whisper,10,3,7,Over
4,whisper,11,3,3,Over
4,whisper,12,4,4,ATTACK Agent[14]
4,whisper,13,4,7,Over
4,whisper,14,4,3,Over
4,whisper,15,5,3,Over
4,whisper,16,5,7,Over
4,whisper,17,5,4,ATTACK Agent[15]
4,whisper,18,6,4,ATTACK Agent[12]
4,whisper,19,6,7,Over
4,whisper,20,6,3,Over
4,whisper,21,7,7,Over
4,whisper,22,7,3,Over
4,whisper,23,7,4,ATTACK Agent[08]
4,whisper,24,8,7,Over
4,whisper,25,8,3,Over
4,whisper,26,8,4,ATTACK Agent[15]
4,whisper,27,9,4,ATTACK Agent[14]
4,whisper,28,9,7,Over
4,whisper,29,9,3,Over
4,whisper,30,10,7,Over
4,whisper,31,10,4,ATTACK Agent[13]
4,whisper,32,10,3,Over
4,whisper,33,11,4,Over
4,whisper,34,11,3,Over
4,whisper,35,11,7,ESTIMATE Agent[02] POSSESSED
4,whisper,36,12,3,Over
4,whisper,37,12,7,Over
4,whisper,38,12,4,Over
4,attackVote,3,11
4,attackVote,7,15
4,attackVote,3,11
4,attackVote,7,15
4,attack,15,true
5,status,1,VILLAGER,DEAD,tmcit2017
5,status,2,POSSESSED,ALIVE,Army
5,status,3,WEREWOLF,ALIVE,rsaito
5,status,4,WEREWOLF,ALIVE,Neo_ELIZA
5,status,5,SEER,DEAD,AIWolf_NET
5,status,6,VILLAGER,ALIVE,Romanesco
5,status,7,WEREWOLF,ALIVE,wasabi
5,status,8,VILLAGER,DEAD,H-ReGEX
5,status,9,MEDIUM,DEAD,yk_aiwolf
5,status,10,VILLAGER,ALIVE,Kanpyo
5,status,11,VILLAGER,ALIVE,konno
5,status,12,VILLAGER,DEAD,AITKN
5,status,13,BODYGUARD,DEAD,neko
5,status,14,VILLAGER,DEAD,flex
5,status,15,VILLAGER,DEAD,Litt1eGirl
5,talk,0,0,3,VOTE Agent[11]
5,talk,1,0,11,VOTE Agent[06]
5,talk,2,0,4,VOTE Agent[12]
5,talk,3,0,10,Skip
5,talk,4,0,6,Skip
5,talk,5,0,2,COMINGOUT Agent[02] SEER
5,talk,6,0,7,Skip
5,talk,7,1,3,Skip
5,talk,8,1,10,Skip
5,talk,9,1,7,VOTE Agent[04]
5,talk,10,1,6,Skip
5,talk,11,1,11,Skip
5,talk,12,1,4,VOTE Agent[13]
5,talk,13,1,2,COMINGOUT Agent[02] SEER
5,talk,14,2,4,VOTE Agent[09]
5,talk,15,2,3,Skip
5,talk,16,2,11,Skip
5,talk,17,2,7,ESTIMATE Agent[03] WEREWOLF
5,talk,18,2,10,Over
5,talk,19,2,2,DIVINED Agent[01] WEREWOLF
5,talk,20,2,6,Over
5,talk,21,3,2,Skip
5,talk,22,3,6,VOTE Agent[10]
5,talk,23,3,10,AGREE TALK day5 ID:19
5,talk,24,3,4,Skip
5,talk,25,3,11,Over
5,talk,26,3,7,VOTE Agent[11]
5,talk,27,3,3,Over
5,talk,28,4,4,VOTE Agent[10]
5,talk,29,4,10,ESTIMATE Agent[01] WEREWOLF
5,talk,30,4,3,Over
5,talk,31,4,11,Over
5,talk,32,4,7,VOTE Agent[03]
5,talk,33,4,6,Skip
5,talk,34,4,2,Skip
5,talk,35,5,10,VOTE Agent[01]
5,talk,36,5,7,VOTE Agent[04]
5,talk,37,5,6,VOTE Agent[03]
5,talk,38,5,4,VOTE Agent[06]
5,talk,39,5,3,VOTE Agent[10]
5,talk,40,5,2,Over
5,talk,41,5,11,Over
5,talk,42,6,7,VOTE Agent[06]
5,talk,43,6,4,VOTE Agent[08]
5,talk,44,6,6,Skip
5,talk,45,6,2,Over
5,talk,46,6,11,Over
5,talk,47,6,3,VOTE Agent[06]
5,talk,48,6,10,REQUEST(VOTE Agent[01])
5,talk,49,7,10,Skip
5,talk,50,7,3,Skip
5,talk,51,7,2,Over
5,talk,52,7,6,VOTE Agent[10]
5,talk,53,7,11,Over
5,talk,54,7,7,VOTE Agent[03]
5,talk,55,7,4,VOTE Agent[06]
5,talk,56,8,7,ESTIMATE Agent[02] WEREWOLF
5,talk,57,8,11,Over
5,talk,58,8,2,Over
5,talk,59,8,4,VOTE Agent[15]
5,talk,60,8,3,Skip
5,talk,61,8,6,Skip
5,talk,62,8,10,Skip
5,talk,63,9,6,Skip
5,talk,64,9,7,VOTE Agent[06]
5,talk,65,9,4,Skip
5,talk,66,9,10,Over
5,talk,67,9,3,Over
5,talk,68,9,2,DISAGREE TALK day5 ID:56
5,talk,69,9,11,Over
5,talk,70,10,7,VOTE Agent[03]
5,talk,71,10,4,VOTE Agent[10]
5,talk,72,10,10,Over
5,talk,73,10,2,Skip
5,talk,74,10,11,Over
5,talk,75,10,3,Over
5,talk,76,10,6,Over
5,talk,77,11,7,Over
5,talk,78,11,6,Over
5,talk,79,11,10,Over
5,talk,80,11,11,Over
5,talk,81,11,3,VOTE Agent[10]
5,talk,82,11,2,Skip
5,talk,83,11,4,VOTE Agent[14]
5,talk,84,12,11,Over
5,talk,85,12,10,Over
5,talk,86,12,6,Over
5,talk,87,12,2,Over
5,talk,88,12,4,Over
5,talk,89,12,7,Over
5,talk,90,12,3,Skip
5,talk,91,13,10,Over
5,talk,92,13,4,Over
5,talk,93,13,11,Over
5,talk,94,13,7,Over
5,talk,95,13,6,Over
5,talk,96,13,2,Over
5,talk,97,13,3,Skip
5,talk,98,14,6,Over
5,talk,99,14,4,Over
5,talk,100,14,7,Over
5,talk,101,14,3,Over
5,talk,102,14,10,Over
5,talk,103,14,2,Over
5,talk,104,14,11,Over
5,vote,2,3
5,vote,3,10
5,vote,4,6
5,vote,6,10
5,vote,7,3
5,vote,10,2
5,vote,11,6
5,vote,2,3
5,vote,3,10
5,vote,4,2
5,vote,6,10
5,vote,7,11
5,vote,10,2
5,vote,11,6
5,execute,2,POSSESSED
5,whisper,0,0,3,ATTACK Agent[11]
5,whisper,1,0,4,ATTACK Agent[06]
5,whisper,2,0,7,ATTACK Agent[10]
5,whisper,3,1,7,Over
5,whisper,4,1,3,Skip
5,whisper,5,1,4,ATTACK Agent[15]
5,whisper,6,2,4,ATTACK Agent[05]
5,whisper,7,2,7,Over
5,whisper,8,2,3,Skip
5,whisper,9,3,4,Skip
5,whisper,10,3,7,ATTACK Agent[11]
5,whisper,11,3,3,Over
5,whisper,12,4,4,ATTACK Agent[12]
5,whisper,13,4,3,Over
5,whisper,14,4,7,ATTACK Agent[10]
5,whisper,15,5,7,Over
5,whisper,16,5,3,Over
5,whisper,17,5,4,ATTACK Agent[10]
5,whisper,18,6,4,ATTACK Agent[06]
5,whisper,19,6,7,ATTACK Agent[06]
5,whisper,20,6,3,Over
5,whisper,21,7,7,Over
5,whisper,22,7,3,Over
5,whisper,23,7,4,ATTACK Agent[10]
5,whisper,24,8,3,Over
5,whisper,25,8,4,ATTACK Agent[08]
5,whisper,26,8,7,ATTACK Agent[10]
5,whisper,27,9,4,ATTACK Agent[11]
5,whisper,28,9,7,ATTACK Agent[11]
5,whisper,29,9,3,Over
5,whisper,30,10,4,ATTACK Agent[06]
5,whisper,31,10,7,Over
5,whisper,32,10,3,Over
5,whisper,33,11,3,Over
5,whisper,34,11,7,Over
5,whisper,35,11,4,Over
5,attackVote,3,11
5,attackVote,7,11
5,attack,11,true
6,status,1,VILLAGER,DEAD,tmcit2017
6,status,2,POSSESSED,DEAD,Army
6,status,3,WEREWOLF,ALIVE,rsaito
6,status,4,WEREWOLF,ALIVE,Neo_ELIZA
6,status,5,SEER,DEAD,AIWolf_NET
6,status,6,VILLAGER,ALIVE,Romanesco
6,status,7,WEREWOLF,ALIVE,wasabi
6,status,8,VILLAGER,DEAD,H-ReGEX
6,status,9,MEDIUM,DEAD,yk_aiwolf
6,status,10,VILLAGER,ALIVE,Kanpyo
6,status,11,VILLAGER,DEAD,konno
6,status,12,VILLAGER,DEAD,AITKN
6,status,13,BODYGUARD,DEAD,neko
6,status,14,VILLAGER,DEAD,flex
6,status,15,VILLAGER,DEAD,Litt1eGirl
6,result,2,3,WEREWOLF
