0,status,1,WEREWOLF,ALIVE,tmcit2017
0,status,2,WEREWOLF,ALIVE,Army
0,status,3,VILLAGER,ALIVE,rsaito
0,status,4,VILLAGER,ALIVE,Neo_ELIZA
0,status,5,VILLAGER,ALIVE,AIWolf_NET
0,status,6,POSSESSED,ALIVE,Romanesco
0,status,7,VILLAGER,ALIVE,wasabi
0,status,8,VILLAGER,ALIVE,H-ReGEX
0,status,9,BODYGUARD,ALIVE,yk_aiwolf
0,status,10,WEREWOLF,ALIVE,Kanpyo
0,status,11,VILLAGER,ALIVE,konno
0,status,12,MEDIUM,ALIVE,AITKN
0,status,13,VILLAGER,ALIVE,neko
0,status,14,VILLAGER,ALIVE,flex
0,status,15,SEER,ALIVE,Litt1eGirl
0,whisper,0,0,1,COMINGOUT Agent[01] WEREWOLF
0,whisper,1,0,2,Over
0,whisper,2,0,10,COMINGOUT Agent[10] MEDIUM
0,whisper,3,1,2,Over
0,whisper,4,1,1,Over
0,whisper,5,1,10,Over
0,divine,15,10,WEREWOLF
1,status,1,WEREWOLF,ALIVE,tmcit2017
1,status,2,WEREWOLF,ALIVE,Army
1,status,3,VILLAGER,ALIVE,rsaito
1,status,4,VILLAGER,ALIVE,Neo_ELIZA
1,status,5,VILLAGER,ALIVE,AIWolf_NET
1,status,6,POSSESSED,ALIVE,Romanesco
1,status,7,VILLAGER,ALIVE,wasabi
1,status,8,VILLAGER,ALIVE,H-ReGEX
1,status,9,BODYGUARD,ALIVE,yk_aiwolf
1,status,10,WEREWOLF,ALIVE,Kanpyo
1,status,11,VILLAGER,ALIVE,konno
1,status,12,MEDIUM,ALIVE,AITKN
1,status,13,VILLAGER,ALIVE,neko
1,status,14,VILLAGER,ALIVE,flex
1,status,15,SEER,ALIVE,Litt1eGirl
1,talk,0,0,1,COMINGOUT Agent[01] VILLAGER
1,talk,1,0,9,Over
1,talk,2,0,10,VOTE Agent[06]
1,talk,3,0,15,COMINGOUT Agent[15] SEER
1,talk,4,0,11,VOTE Agent[04]
1,talk,5,0,3,VOTE Agent[06]
1,talk,6,0,12,VOTE Agent[07]
1,talk,7,0,14,Over
1,talk,8,0,2,Skip
1,talk,9,0,4,VOTE Agent[02]
1,talk,10,0,8,VOTE Agent[04]
1,talk,11,0,13,VOTE Agent[03]
1,talk,12,0,7,Skip
1,talk,13,0,5,VOTE Agent[04]
1,talk,14,0,6,COMINGOUT Agent[06] SEER
1,talk,15,1,8,Skip
1,talk,16,1,1,Over
1,talk,17,1,12,Skip
1,talk,18,1,6,DIVINED Agent[15] WEREWOLF
1,talk,19,1,10,ESTIMATE Agent[15] SEER
1,talk,20,1,2,Skip
1,talk,21,1,15,DIVINED Agent[10] WEREWOLF
1,talk,22,1,14,Over
1,talk,23,1,11,Skip
1,talk,24,1,9,Over
1,talk,25,1,5,Skip
1,talk,26,1,3,VOTE Agent[04]
1,talk,27,1,4,Skip
1,talk,28,1,7,VOTE Agent[09]
1,talk,29,1,13,VOTE Agent[04]
1,talk,30,2,5,Skip
1,talk,31,2,12,Skip
1,talk,32,2,8,Skip
1,talk,33,2,4,Skip
1,talk,34,2,14,Over
1,talk,35,2,6,VOTE Agent[15]
1,talk,36,2,10,ESTIMATE Agent[06] SEER
1,talk,37,2,7,VOTE Agent[10]
1,talk,38,2,11,Skip
1,talk,39,2,15,VOTE Agent[04]
1,talk,40,2,1,Over
1,talk,41,2,3,Skip
1,talk,42,2,9,Over
1,talk,43,2,13,Skip
1,talk,44,2,2,VOTE Agent[06]
1,talk,45,3,3,Skip
1,talk,46,3,1,Over
1,talk,47,3,15,VOTE Agent[06]
1,talk,48,3,4,Over
1,talk,49,3,2,ESTIMATE Agent[15] WEREWOLF
1,talk,50,3,9,Over
1,talk,51,3,11,Over
1,talk,52,3,5,Over
1,talk,53,3,7,ESTIMATE Agent[03] VILLAGER
1,talk,54,3,6,Skip
1,talk,55,3,13,VOTE Agent[10]
1,talk,56,3,14,Over
1,talk,57,3,8,Over
1,talk,58,3,12,Over
1,talk,59,3,10,AGREE TALK day1 ID:18
1,talk,60,4,8,Over
1,talk,61,4,1,Over
1,talk,62,4,15,Over
1,talk,63,4,2,ESTIMATE Agent[10] WEREWOLF
1,talk,64,4,3,VOTE Agent[10]
1,talk,65,4,7,ESTIMATE Agent[05] VILLAGER
1,talk,66,4,10,ESTIMATE Agent[15] WEREWOLF
1,talk,67,4,14,Over
1,talk,68,4,12,Over
1,talk,69,4,9,Over
1,talk,70,4,4,Over
1,talk,71,4,11,Over
1,talk,72,4,6,Skip
1,talk,73,4,13,Skip
1,talk,74,4,5,Over
1,talk,75,5,13,Skip
1,talk,76,5,11,Over
1,talk,77,5,4,Over
1,talk,78,5,9,Over
1,talk,79,5,5,Over
1,talk,80,5,3,Skip
1,talk,81,5,12,Over
1,talk,82,5,2,Skip
1,talk,83,5,7,ESTIMATE Agent[02] VILLAGER
1,talk,84,5,15,Over
1,talk,85,5,14,Over
1,talk,86,5,10,VOTE Agent[15]
1,talk,87,5,1,Over
1,talk,88,5,8,Over
1,talk,89,5,6,Over
1,talk,90,6,10,REQUEST(VOTE Agent[15])
1,talk,91,6,3,Skip
1,talk,92,6,11,Over
1,talk,93,6,5,Over
1,talk,94,6,4,Over
1,talk,95,6,14,Over
1,talk,96,6,1,Over
1,talk,97,6,9,Over
1,talk,98,6,8,Over
1,talk,99,6,2,Skip
1,talk,100,6,15,Over
1,talk,101,6,13,Over
1,talk,102,6,12,Over
1,talk,103,6,7,ESTIMATE Agent[13] VILLAGER
1,talk,104,6,6,Over
1,talk,105,7,5,Over
1,talk,106,7,8,Over
1,talk,107,7,6,Over
1,talk,108,7,3,Over
1,talk,109,7,10,VOTE Agent[04]
1,talk,110,7,11,Over
1,talk,111,7,15,Over
1,talk,112,7,12,Over
1,talk,113,7,1,Over
1,talk,114,7,2,Over
1,talk,115,7,4,Over
1,talk,116,7,13,Over
1,talk,117,7,9,Over
1,talk,118,7,7,ESTIMATE Agent[12] VILLAGER
1,talk,119,7,14,Over
1,talk,120,8,10,Skip
1,talk,121,8,3,Over
1,talk,122,8,11,Over
1,talk,123,8,7,ESTIMATE Agent[05] VILLAGER
1,talk,124,8,15,Over
1,talk,125,8,4,Over
1,talk,126,8,14,Over
1,talk,127,8,6,Over
1,talk,128,8,12,Over
1,talk,129,8,1,Over
1,talk,130,8,9,Over
1,talk,131,8,5,Over
1,talk,132,8,8,Over
1,talk,133,8,2,Over
1,talk,134,8,13,Over
1,talk,135,9,3,Over
1,talk,136,9,5,Over
1,talk,137,9,2,Over
1,talk,138,9,7,ESTIMATE Agent[13] VILLAGER
1,talk,139,9,1,Over
1,talk,140,9,15,Over
1,talk,141,9,13,Over
1,talk,142,9,10,Skip
1,talk,143,9,9,Over
1,talk,144,9,12,Over
1,talk,145,9,14,Over
1,talk,146,9,8,Over
1,talk,147,9,4,Over
1,talk,148,9,11,Over
1,talk,149,9,6,Over
1,talk,150,10,2,Over
1,talk,151,10,15,ESTIMATE Agent[13] VILLAGER
1,talk,152,10,4,Over
1,talk,153,10,13,Over
1,talk,154,10,9,Over
1,talk,155,10,10,Over
1,talk,156,10,14,Over
1,talk,157,10,7,ESTIMATE Agent[02] VILLAGER
1,talk,158,10,12,Over
1,talk,159,10,8,Over
1,talk,160,10,3,Over
1,talk,161,10,11,Over
1,talk,162,10,6,Over
1,talk,163,10,5,Over
1,talk,164,10,1,Over
1,talk,165,11,5,Over
1,talk,166,11,15,Over
1,talk,167,11,13,Over
1,talk,168,11,6,Over
1,talk,169,11,9,Over
1,talk,170,11,12,Over
1,talk,171,11,4,Over
1,talk,172,11,8,Over
1,talk,173,11,14,Over
1,talk,174,11,2,Over
1,talk,175,11,10,Over
1,talk,176,11,11,Over
1,talk,177,11,3,Over
1,talk,178,11,7,Over
1,talk,179,11,1,Over
1,vote,1,5
1,vote,2,6
1,vote,3,10
1,vote,4,2
1,vote,5,4
1,vote,6,15
1,vote,7,10
1,vote,8,4
1,vote,9,5
1,vote,10,4
1,vote,11,4
1,vote,12,7
1,vote,13,10
1,vote,14,1
1,vote,15,6
1,execute,4,VILLAGER
1,divine,15,6,HUMAN
1,whisper,0,0,10,Over
1,whisper,1,0,1,Over
1,whisper,2,0,2,Over
1,attackVote,1,5
1,attack,5,true
2,status,1,WEREWOLF,ALIVE,tmcit2017
2,status,2,WEREWOLF,ALIVE,Army
2,status,3,VILLAGER,ALIVE,rsaito
2,status,4,VILLAGER,DEAD,Neo_ELIZA
2,status,5,VILLAGER,DEAD,AIWolf_NET
2,status,6,POSSESSED,ALIVE,Romanesco
2,status,7,VILLAGER,ALIVE,wasabi
2,status,8,VILLAGER,ALIVE,H-ReGEX
2,status,9,BODYGUARD,ALIVE,yk_aiwolf
2,status,10,WEREWOLF,ALIVE,Kanpyo
2,status,11,VILLAGER,ALIVE,konno
2,status,12,MEDIUM,ALIVE,AITKN
2,status,13,VILLAGER,ALIVE,neko
2,status,14,VILLAGER,ALIVE,flex
2,status,15,SEER,ALIVE,Litt1eGirl
2,talk,0,0,14,Over
2,talk,1,0,11,VOTE Agent[15]
2,talk,2,0,15,DIVINED Agent[06] HUMAN
2,talk,3,0,2,Skip
2,talk,4,0,6,DIVINED Agent[15] WEREWOLF
2,talk,5,0,8,ESTIMATE Agent[04] WEREWOLF
2,talk,6,0,3,VOTE Agent[10]
2,talk,7,0,1,Over
2,talk,8,0,13,VOTE Agent[10]
2,talk,9,0,12,VOTE Agent[03]
2,talk,10,0,9,Over
2,talk,11,0,10,COMINGOUT Agent[10] MEDIUM
2,talk,12,0,7,Skip
2,talk,13,1,12,ESTIMATE Agent[06] POSSESSED
2,talk,14,1,8,VOTE Agent[04]
2,talk,15,1,14,Over
2,talk,16,1,10,IDENTIFIED Agent[04] WEREWOLF
2,talk,17,1,2,ESTIMATE Agent[15] WEREWOLF
2,talk,18,1,11,Skip
2,talk,19,1,6,VOTE Agent[15]
2,talk,20,1,13,VOTE Agent[03]
2,talk,21,1,7,VOTE Agent[12]
2,talk,22,1,15,VOTE Agent[10]
2,talk,23,1,3,VOTE Agent[01]
2,talk,24,1,9,Over
2,talk,25,1,1,Over
2,talk,26,2,2,Skip
2,talk,27,2,1,Over
2,talk,28,2,6,Skip
2,talk,29,2,13,Skip
2,talk,30,2,7,VOTE Agent[02]
2,talk,31,2,10,REQUEST(Agent[15] Over)
2,talk,32,2,3,Skip
2,talk,33,2,14,Over
2,talk,34,2,15,VOTE Agent[03]
2,talk,35,2,9,Over
2,talk,36,2,8,Skip
2,talk,37,2,11,Skip
2,talk,38,2,12,COMINGOUT Agent[12] MEDIUM
2,talk,39,3,11,Over
2,talk,40,3,10,ESTIMATE Agent[12] WEREWOLF
2,talk,41,3,7,VOTE Agent[12]
2,talk,42,3,3,VOTE Agent[10]
2,talk,43,3,8,Skip
2,talk,44,3,15,Over
2,talk,45,3,2,Skip
2,talk,46,3,1,Over
2,talk,47,3,13,Skip
2,talk,48,3,6,Skip
2,talk,49,3,9,Over
2,talk,50,3,14,Over
2,talk,51,3,12,IDENTIFIED Agent[04] HUMAN
2,talk,52,4,1,Over
2,talk,53,4,13,Over
2,talk,54,4,15,Over
2,talk,55,4,10,AGREE TALK day2 ID:4
2,talk,56,4,3,Skip
2,talk,57,4,9,Over
2,talk,58,4,11,Over
2,talk,59,4,6,Over
2,talk,60,4,7,VOTE Agent[10]
2,talk,61,4,14,Over
2,talk,62,4,8,Over
2,talk,63,4,12,Skip
2,talk,64,4,2,VOTE Agent[12]
2,talk,65,5,12,Skip
2,talk,66,5,6,Over
2,talk,67,5,7,ESTIMATE Agent[06] SEER
2,talk,68,5,9,Over
2,talk,69,5,2,Skip
2,talk,70,5,13,Over
2,talk,71,5,8,Over
2,talk,72,5,1,Over
2,talk,73,5,10,ESTIMATE Agent[15] WEREWOLF
2,talk,74,5,3,Skip
2,talk,75,5,15,Over
2,talk,76,5,11,Over
2,talk,77,5,14,Over
2,talk,78,6,13,Over
2,talk,79,6,14,Over
2,talk,80,6,11,Over
2,talk,81,6,15,ESTIMATE Agent[03] WEREWOLF
2,talk,82,6,6,Over
2,talk,83,6,10,VOTE Agent[15]
2,talk,84,6,12,Over
2,talk,85,6,1,Over
2,talk,86,6,9,Over
2,talk,87,6,2,Skip
2,talk,88,6,7,ESTIMATE Agent[01] VILLAGER
2,talk,89,6,3,Over
2,talk,90,6,8,Over
2,talk,91,7,2,Over
2,talk,92,7,14,Over
2,talk,93,7,8,Over
2,talk,94,7,12,Over
2,talk,95,7,11,Over
2,talk,96,7,7,ESTIMATE Agent[02] VILLAGER
2,talk,97,7,15,Over
2,talk,98,7,1,Over
2,talk,99,7,10,REQUEST(VOTE Agent[15])
2,talk,100,7,13,Over
2,talk,101,7,9,Over
2,talk,102,7,3,Over
2,talk,103,7,6,Over
2,talk,104,8,14,Over
2,talk,105,8,6,Over
2,talk,106,8,13,Over
2,talk,107,8,3,Over
2,talk,108,8,2,Over
2,talk,109,8,12,Over
2,talk,110,8,10,VOTE Agent[03]
2,talk,111,8,7,ESTIMATE Agent[15] WEREWOLF
2,talk,112,8,9,Over
2,talk,113,8,8,Over
2,talk,114,8,11,Over
2,talk,115,8,15,ESTIMATE Agent[03] WEREWOLF
2,talk,116,8,1,Over
2,talk,117,9,6,Over
2,talk,118,9,11,Over
2,talk,119,9,1,Over
2,talk,120,9,10,Skip
2,talk,121,9,8,Over
2,talk,122,9,13,Over
2,talk,123,9,7,ESTIMATE Agent[08] VILLAGER
2,talk,124,9,3,Over
2,talk,125,9,2,Over
2,talk,126,9,15,Over
2,talk,127,9,12,Over
2,talk,128,9,14,Over
2,talk,129,9,9,Over
2,talk,130,10,2,Over
2,talk,131,10,6,Over
2,talk,132,10,14,Over
2,talk,133,10,13,Over
2,talk,134,10,8,Over
2,talk,135,10,10,Skip
2,talk,136,10,9,Over
2,talk,137,10,7,VOTE Agent[09]
2,talk,138,10,1,Over
2,talk,139,10,12,Over
2,talk,140,10,3,Over
2,talk,141,10,15,Over
2,talk,142,10,11,Over
2,talk,143,11,6,Over
2,talk,144,11,15,Over
2,talk,145,11,8,Over
2,talk,146,11,7,Over
2,talk,147,11,9,Over
2,talk,148,11,10,Over
2,talk,149,11,13,Over
2,talk,150,11,1,Over
2,talk,151,11,11,Over
2,talk,152,11,3,Over
2,talk,153,11,14,Over
2,talk,154,11,12,Over
2,talk,155,11,2,Over
2,vote,1,11
2,vote,2,12
2,vote,3,10
2,vote,6,15
2,vote,7,9
2,vote,8,1
2,vote,9,2
2,vote,10,12
2,vote,11,15
2,vote,12,3
2,vote,13,3
2,vote,14,8
2,vote,15,3
2,execute,3,VILLAGER
2,divine,15,9,HUMAN
2,whisper,0,0,10,Over
2,whisper,1,0,2,Over
2,whisper,2,0,1,Over
2,attackVote,1,15
2,attack,15,true
3,status,1,WEREWOLF,ALIVE,tmcit2017
3,status,2,WEREWOLF,ALIVE,Army
3,status,3,VILLAGER,DEAD,rsaito
3,status,4,VILLAGER,DEAD,Neo_ELIZA
3,status,5,VILLAGER,DEAD,AIWolf_NET
3,status,6,POSSESSED,ALIVE,Romanesco
3,status,7,VILLAGER,ALIVE,wasabi
3,status,8,VILLAGER,ALIVE,H-ReGEX
3,status,9,BODYGUARD,ALIVE,yk_aiwolf
3,status,10,WEREWOLF,ALIVE,Kanpyo
3,status,11,VILLAGER,ALIVE,konno
3,status,12,MEDIUM,ALIVE,AITKN
3,status,13,VILLAGER,ALIVE,neko
3,status,14,VILLAGER,ALIVE,flex
3,status,15,SEER,DEAD,Litt1eGirl
3,talk,0,0,1,Over
3,talk,1,0,2,Skip
3,talk,2,0,7,VOTE Agent[10]
3,talk,3,0,11,ESTIMATE Agent[06] WEREWOLF
3,talk,4,0,8,ESTIMATE Agent[04] WEREWOLF
3,talk,5,0,9,Over
3,talk,6,0,14,Over
3,talk,7,0,10,IDENTIFIED Agent[03] WEREWOLF
3,talk,8,0,13,VOTE Agent[01]
3,talk,9,0,12,IDENTIFIED Agent[03] HUMAN
3,talk,10,0,6,DIVINED Agent[12] WEREWOLF
3,talk,11,1,11,REQUEST(DIVINATION Agent[06])
3,talk,12,1,12,VOTE Agent[07]
3,talk,13,1,6,VOTE Agent[12]
3,talk,14,1,10,AGREE TALK day3 ID:10
3,talk,15,1,8,VOTE Agent[04]
3,talk,16,1,13,Skip
3,talk,17,1,2,ESTIMATE Agent[12] WEREWOLF
3,talk,18,1,9,Over
3,talk,19,1,14,Over
3,talk,20,1,1,Over
3,talk,21,1,7,ESTIMATE Agent[08] VILLAGER
3,talk,22,2,14,Over
3,talk,23,2,9,Over
3,talk,24,2,7,ESTIMATE Agent[02] VILLAGER
3,talk,25,2,10,ESTIMATE Agent[12] WEREWOLF
3,talk,26,2,11,VOTE Agent[06]
3,talk,27,2,13,Skip
3,talk,28,2,2,ESTIMATE Agent[12] WEREWOLF
3,talk,29,2,1,Over
3,talk,30,2,8,Skip
3,talk,31,2,12,ESTIMATE Agent[06] POSSESSED
3,talk,32,2,6,Skip
3,talk,33,3,6,Skip
3,talk,34,3,13,Over
3,talk,35,3,2,Skip
3,talk,36,3,10,VOTE Agent[12]
3,talk,37,3,11,Skip
3,talk,38,3,12,Skip
3,talk,39,3,8,Skip
3,talk,40,3,14,Over
3,talk,41,3,7,ESTIMATE Agent[08] WEREWOLF
3,talk,42,3,9,Over
3,talk,43,3,1,Over
3,talk,44,4,6,Over
3,talk,45,4,11,Skip
3,talk,46,4,13,VOTE Agent[06]
3,talk,47,4,10,REQUEST(VOTE Agent[12])
3,talk,48,4,9,Over
3,talk,49,4,14,Over
3,talk,50,4,1,Over
3,talk,51,4,7,ESTIMATE Agent[06] WEREWOLF
3,talk,52,4,8,Over
3,talk,53,4,2,Skip
3,talk,54,4,12,Skip
3,talk,55,5,12,Over
3,talk,56,5,2,Over
3,talk,57,5,7,ESTIMATE Agent[09] VILLAGER
3,talk,58,5,10,ESTIMATE Agent[12] POSSESSED
3,talk,59,5,9,Over
3,talk,60,5,6,Over
3,talk,61,5,13,Skip
3,talk,62,5,11,Over
3,talk,63,5,14,Over
3,talk,64,5,1,Over
3,talk,65,5,8,Over
3,talk,66,6,9,Over
3,talk,67,6,1,Over
3,talk,68,6,8,Over
3,talk,69,6,14,Over
3,talk,70,6,10,VOTE Agent[12]
3,talk,71,6,2,Over
3,talk,72,6,12,Over
3,talk,73,6,13,Skip
3,talk,74,6,11,Over
3,talk,75,6,7,ESTIMATE Agent[02] VILLAGER
3,talk,76,6,6,Over
3,talk,77,7,8,Over
3,talk,78,7,9,Over
3,talk,79,7,12,Over
3,talk,80,7,13,Over
3,talk,81,7,7,ESTIMATE Agent[09] VILLAGER
3,talk,82,7,10,REQUEST(VOTE Agent[12])
3,talk,83,7,6,Over
3,talk,84,7,11,Over
3,talk,85,7,1,Over
3,talk,86,7,14,Over
3,talk,87,7,2,Over
3,talk,88,8,6,Over
3,talk,89,8,9,Over
3,talk,90,8,10,VOTE Agent[06]
3,talk,91,8,11,Over
3,talk,92,8,12,Over
3,talk,93,8,7,ESTIMATE Agent[06] WEREWOLF
3,talk,94,8,13,Over
3,talk,95,8,1,Over
3,talk,96,8,8,Over
3,talk,97,8,2,Over
3,talk,98,8,14,Over
3,talk,99,9,8,Over
3,talk,100,9,10,Skip
3,talk,101,9,12,Over
3,talk,102,9,14,Over
3,talk,103,9,7,ESTIMATE Agent[08] VILLAGER
3,talk,104,9,6,Over
3,talk,105,9,9,Over
3,talk,106,9,13,Over
3,talk,107,9,1,Over
3,talk,108,9,2,Over
3,talk,109,9,11,Over
3,talk,110,10,7,Over
3,talk,111,10,10,Skip
3,talk,112,10,1,Over
3,talk,113,10,14,Over
3,talk,114,10,6,Over
3,talk,115,10,2,Over
3,talk,116,10,8,Over
3,talk,117,10,9,Over
3,talk,118,10,11,Over
3,talk,119,10,12,Over
3,talk,120,10,13,Over
3,talk,121,11,2,Over
3,talk,122,11,13,Over
3,talk,123,11,7,Over
3,talk,124,11,10,Over
3,talk,125,11,6,Over
3,talk,126,11,1,Over
3,talk,127,11,9,Over
3,talk,128,11,8,Over
3,talk,129,11,14,Over
3,talk,130,11,12,Over
3,talk,131,11,11,Over
3,vote,1,12
3,vote,2,12
3,vote,6,12
3,vote,7,10
3,vote,8,13
3,vote,9,6
3,vote,10,12
3,vote,11,6
3,vote,12,7
3,vote,13,6
3,vote,14,7
3,execute,12,MEDIUM
3,whisper,0,0,2,Over
3,whisper,1,0,10,Over
3,whisper,2,0,1,Over
3,attackVote,1,11
3,attackVote,2,6
3,attackVote,10,6
3,attack,6,true
4,status,1,WEREWOLF,ALIVE,tmcit2017
4,status,2,WEREWOLF,ALIVE,Army
4,status,3,VILLAGER,DEAD,rsaito
4,status,4,VILLAGER,DEAD,Neo_ELIZA
4,status,5,VILLAGER,DEAD,AIWolf_NET
4,status,6,POSSESSED,DEAD,Romanesco
4,status,7,VILLAGER,ALIVE,wasabi
4,status,8,VILLAGER,ALIVE,H-ReGEX
4,status,9,BODYGUARD,ALIVE,yk_aiwolf
4,status,10,WEREWOLF,ALIVE,Kanpyo
4,status,11,VILLAGER,ALIVE,konno
4,status,12,MEDIUM,DEAD,AITKN
4,status,13,VILLAGER,ALIVE,neko
4,status,14,VILLAGER,ALIVE,flex
4,status,15,SEER,DEAD,Litt1eGirl
4,talk,0,0,2,Skip
4,talk,1,0,1,Over
4,talk,2,0,9,Over
4,talk,3,0,8,VOTE Agent[10]
4,talk,4,0,11,VOTE Agent[09]
4,talk,5,0,13,VOTE Agent[01]
4,talk,6,0,10,IDENTIFIED Agent[12] WEREWOLF
4,talk,7,0,7,VOTE Agent[10]
4,talk,8,0,14,Over
4,talk,9,1,9,Over
4,talk,10,1,13,Skip
4,talk,11,1,2,Skip
4,talk,12,1,1,Over
4,talk,13,1,8,Skip
4,talk,14,1,10,ESTIMATE Agent[12] WEREWOLF
4,talk,15,1,7,ESTIMATE Agent[01] VILLAGER
4,talk,16,1,11,Skip
4,talk,17,1,14,Over
4,talk,18,2,2,Over
4,talk,19,2,7,ESTIMATE Agent[13] VILLAGER
4,talk,20,2,10,VOTE Agent[12]
4,talk,21,2,8,Skip
4,talk,22,2,13,Skip
4,talk,23,2,14,Over
4,talk,24,2,9,Over
4,talk,25,2,11,Skip
4,talk,26,2,1,Over
4,talk,27,3,1,Over
4,talk,28,3,2,Over
4,talk,29,3,14,Over
4,talk,30,3,9,Over
4,talk,31,3,8,Over
4,talk,32,3,11,Over
4,talk,33,3,10,REQUEST(VOTE Agent[12])
4,talk,34,3,13,Over
4,talk,35,3,7,ESTIMATE Agent[02] VILLAGER
4,talk,36,4,1,Over
4,talk,37,4,10,Skip
4,talk,38,4,11,Over
4,talk,39,4,7,ESTIMATE Agent[10] WEREWOLF
4,talk,40,4,13,Over
4,talk,41,4,2,Over
4,talk,42,4,14,Over
4,talk,43,4,8,Over
4,talk,44,4,9,Over
4,talk,45,5,1,Over
4,talk,46,5,13,Over
4,talk,47,5,7,ESTIMATE Agent[11] VILLAGER
4,talk,48,5,9,Over
4,talk,49,5,8,Over
4,talk,50,5,11,Over
4,talk,51,5,10,Skip
4,talk,52,5,14,Over
4,talk,53,5,2,Over
4,talk,54,6,14,Over
4,talk,55,6,9,Over
4,talk,56,6,10,Over
4,talk,57,6,7,Skip
4,talk,58,6,11,Over
4,talk,59,6,1,Over
4,talk,60,6,8,Over
4,talk,61,6,13,Over
4,talk,62,6,2,Over
4,talk,63,7,13,Over
4,talk,64,7,10,Over
4,talk,65,7,7,ESTIMATE Agent[13] VILLAGER
4,talk,66,7,14,Over
4,talk,67,7,8,Over
4,talk,68,7,11,Over
4,talk,69,7,1,Over
4,talk,70,7,9,Over
4,talk,71,7,2,Over
4,talk,72,8,8,Over
4,talk,73,8,14,Over
4,talk,74,8,1,Over
4,talk,75,8,2,Over
4,talk,76,8,11,Over
4,talk,77,8,10,Over
4,talk,78,8,9,Over
4,talk,79,8,7,ESTIMATE Agent[01] VILLAGER
4,talk,80,8,13,Over
4,talk,81,9,14,Over
4,talk,82,9,1,Over
4,talk,83,9,9,Over
4,talk,84,9,8,Over
4,talk,85,9,13,Over
4,talk,86,9,2,Over
4,talk,87,9,7,ESTIMATE Agent[14] VILLAGER
4,talk,88,9,10,Over
4,talk,89,9,11,Over
4,talk,90,10,8,Over
4,talk,91,10,13,Over
4,talk,92,10,10,Over
4,talk,93,10,7,ESTIMATE Agent[13] VILLAGER
4,talk,94,10,9,Over
4,talk,95,10,11,Over
4,talk,96,10,1,Over
4,talk,97,10,14,Over
4,talk,98,10,2,Over
4,talk,99,11,2,Over
4,talk,100,11,7,Over
4,talk,101,11,10,Over
4,talk,102,11,8,Over
4,talk,103,11,11,Over
4,talk,104,11,1,Over
4,talk,105,11,9,Over
4,talk,106,11,14,Over
4,talk,107,11,13,Over
4,vote,1,14
4,vote,2,1
4,vote,7,10
4,vote,8,10
4,vote,9,1
4,vote,10,9
4,vote,11,9
4,vote,13,1
4,vote,14,2
4,execute,1,WEREWOLF
4,whisper,0,0,2,Over
4,whisper,1,0,10,Over
4,attack,13,true
5,status,1,WEREWOLF,DEAD,tmcit2017
5,status,2,WEREWOLF,ALIVE,Army
5,status,3,VILLAGER,DEAD,rsaito
5,status,4,VILLAGER,DEAD,Neo_ELIZA
5,status,5,VILLAGER,DEAD,AIWolf_NET
5,status,6,POSSESSED,DEAD,Romanesco
5,status,7,VILLAGER,ALIVE,wasabi
5,status,8,VILLAGER,ALIVE,H-ReGEX
5,status,9,BODYGUARD,ALIVE,yk_aiwolf
5,status,10,WEREWOLF,ALIVE,Kanpyo
5,status,11,VILLAGER,ALIVE,konno
5,status,12,MEDIUM,DEAD,AITKN
5,status,13,VILLAGER,DEAD,neko
5,status,14,VILLAGER,ALIVE,flex
5,status,15,SEER,DEAD,Litt1eGirl
5,talk,0,0,9,Over
5,talk,1,0,7,VOTE Agent[10]
5,talk,2,0,10,IDENTIFIED Agent[01] WEREWOLF
5,talk,3,0,2,Skip
5,talk,4,0,14,Over
5,talk,5,0,11,VOTE Agent[14]
5,talk,6,0,8,VOTE Agent[14]
5,talk,7,1,14,Over
5,talk,8,1,11,Skip
5,talk,9,1,8,Skip
5,talk,10,1,9,Over
5,talk,11,1,2,Skip
5,talk,12,1,7,ESTIMATE Agent[08] VILLAGER
5,talk,13,1,10,Skip
5,talk,14,2,10,Skip
5,talk,15,2,9,Over
5,talk,16,2,14,Over
5,talk,17,2,2,Over
5,talk,18,2,7,ESTIMATE Agent[11] VILLAGER
5,talk,19,2,11,Skip
5,talk,20,2,8,Skip
5,talk,21,3,9,Over
5,talk,22,3,14,Over
5,talk,23,3,7,ESTIMATE Agent[08] VILLAGER
5,talk,24,3,8,Over
5,talk,25,3,11,Over
5,talk,26,3,10,Over
5,talk,27,3,2,Over
5,talk,28,4,9,Over
5,talk,29,4,11,Over
5,talk,30,4,14,Over
5,talk,31,4,7,ESTIMATE Agent[11] VILLAGER
5,talk,32,4,10,Over
5,talk,33,4,8,Over
5,talk,34,4,2,Over
5,talk,35,5,14,Over
5,talk,36,5,8,Over
5,talk,37,5,2,Over
5,talk,38,5,11,Over
5,talk,39,5,10,Over
5,talk,40,5,7,ESTIMATE Agent[02] VILLAGER
5,talk,41,5,9,Over
5,talk,42,6,14,Over
5,talk,43,6,2,Over
5,talk,44,6,10,Over
5,talk,45,6,8,Over
5,talk,46,6,11,Over
5,talk,47,6,9,Over
5,talk,48,6,7,ESTIMATE Agent[08] WEREWOLF
5,talk,49,7,8,Over
5,talk,50,7,9,Over
5,talk,51,7,7,ESTIMATE Agent[02] VILLAGER
5,talk,52,7,2,Over
5,talk,53,7,11,Over
5,talk,54,7,14,Over
5,talk,55,7,10,Over
5,talk,56,8,2,Over
5,talk,57,8,7,ESTIMATE Agent[09] VILLAGER
5,talk,58,8,10,Over
5,talk,59,8,14,Over
5,talk,60,8,11,Over
5,talk,61,8,9,Over
5,talk,62,8,8,Over
5,talk,63,9,7,ESTIMATE Agent[14] VILLAGER
5,talk,64,9,11,Over
5,talk,65,9,14,Over
5,talk,66,9,9,Over
5,talk,67,9,2,Over
5,talk,68,9,10,Over
5,talk,69,9,8,Over
5,talk,70,10,11,Over
5,talk,71,10,2,Over
5,talk,72,10,8,Over
5,talk,73,10,10,Over
5,talk,74,10,9,Over
5,talk,75,10,14,Over
5,talk,76,10,7,Over
5,vote,2,11
5,vote,7,10
5,vote,8,14
5,vote,9,14
5,vote,10,9
5,vote,11,14
5,vote,14,9
5,execute,14,VILLAGER
5,whisper,0,0,10,Over
5,whisper,1,0,2,Over
5,attack,7,true
6,status,1,WEREWOLF,DEAD,tmcit2017
6,status,2,WEREWOLF,ALIVE,Army
6,status,3,VILLAGER,DEAD,rsaito
6,status,4,VILLAGER,DEAD,Neo_ELIZA
6,status,5,VILLAGER,DEAD,AIWolf_NET
6,status,6,POSSESSED,DEAD,Romanesco
6,status,7,VILLAGER,DEAD,wasabi
6,status,8,VILLAGER,ALIVE,H-ReGEX
6,status,9,BODYGUARD,ALIVE,yk_aiwolf
6,status,10,WEREWOLF,ALIVE,Kanpyo
6,status,11,VILLAGER,ALIVE,konno
6,status,12,MEDIUM,DEAD,AITKN
6,status,13,VILLAGER,DEAD,neko
6,status,14,VILLAGER,DEAD,flex
6,status,15,SEER,DEAD,Litt1eGirl
6,talk,0,0,9,COMINGOUT Agent[09] BODYGUARD
6,talk,1,0,10,IDENTIFIED Agent[14] HUMAN
6,talk,2,0,8,VOTE Agent[09]
6,talk,3,0,11,VOTE Agent[02]
6,talk,4,0,2,Skip
6,talk,5,1,9,Over
6,talk,6,1,8,Skip
6,talk,7,1,10,Skip
6,talk,8,1,11,Skip
6,talk,9,1,2,Skip
6,talk,10,2,10,Skip
6,talk,11,2,8,Skip
6,talk,12,2,11,Skip
6,talk,13,2,9,Over
6,talk,14,2,2,Over
6,talk,15,3,10,Over
6,talk,16,3,11,Over
6,talk,17,3,2,Over
6,talk,18,3,9,Over
6,talk,19,3,8,Over
6,vote,2,8
6,vote,8,9
6,vote,9,10
6,vote,10,2
6,vote,11,2
6,execute,2,WEREWOLF
6,attackVote,10,9
6,attack,9,true
7,status,1,WEREWOLF,DEAD,tmcit2017
7,status,2,WEREWOLF,DEAD,Army
7,status,3,VILLAGER,DEAD,rsaito
7,status,4,VILLAGER,DEAD,Neo_ELIZA
7,status,5,VILLAGER,DEAD,AIWolf_NET
7,status,6,POSSESSED,DEAD,Romanesco
7,status,7,VILLAGER,DEAD,wasabi
7,status,8,VILLAGER,ALIVE,H-ReGEX
7,status,9,BODYGUARD,DEAD,yk_aiwolf
7,status,10,WEREWOLF,ALIVE,Kanpyo
7,status,11,VILLAGER,ALIVE,konno
7,status,12,MEDIUM,DEAD,AITKN
7,status,13,VILLAGER,DEAD,neko
7,status,14,VILLAGER,DEAD,flex
7,status,15,SEER,DEAD,Litt1eGirl
7,talk,0,0,8,VOTE Agent[11]
7,talk,1,0,10,IDENTIFIED Agent[02] WEREWOLF
7,talk,2,0,11,VOTE Agent[08]
7,talk,3,1,10,Skip
7,talk,4,1,11,Skip
7,talk,5,1,8,Skip
7,talk,6,2,8,Skip
7,talk,7,2,11,Skip
7,talk,8,2,10,Skip
7,talk,9,3,10,Over
7,talk,10,3,11,Over
7,talk,11,3,8,Over
7,vote,8,11
7,vote,10,8
7,vote,11,8
7,execute,8,VILLAGER
7,attackVote,10,11
7,attack,11,true
8,status,1,WEREWOLF,DEAD,tmcit2017
8,status,2,WEREWOLF,DEAD,Army
8,status,3,VILLAGER,DEAD,rsaito
8,status,4,VILLAGER,DEAD,Neo_ELIZA
8,status,5,VILLAGER,DEAD,AIWolf_NET
8,status,6,POSSESSED,DEAD,Romanesco
8,status,7,VILLAGER,DEAD,wasabi
8,status,8,VILLAGER,DEAD,H-ReGEX
8,status,9,BODYGUARD,DEAD,yk_aiwolf
8,status,10,WEREWOLF,ALIVE,Kanpyo
8,status,11,VILLAGER,DEAD,konno
8,status,12,MEDIUM,DEAD,AITKN
8,status,13,VILLAGER,DEAD,neko
8,status,14,VILLAGER,DEAD,flex
8,status,15,SEER,DEAD,Litt1eGirl
8,result,0,1,WEREWOLF
