0,status,1,VILLAGER,ALIVE,tmcit2017
0,status,2,BODYGUARD,ALIVE,Army
0,status,3,VILLAGER,ALIVE,rsaito
0,status,4,SEER,ALIVE,Neo_ELIZA
0,status,5,VILLAGER,ALIVE,AIWolf_NET
0,status,6,WEREWOLF,ALIVE,Romanesco
0,status,7,VILLAGER,ALIVE,wasabi
0,status,8,MEDIUM,ALIVE,H-ReGEX
0,status,9,VILLAGER,ALIVE,yk_aiwolf
0,status,10,WEREWOLF,ALIVE,Kanpyo
0,status,11,VILLAGER,ALIVE,konno
0,status,12,VILLAGER,ALIVE,AITKN
0,status,13,VILLAGER,ALIVE,neko
0,status,14,POSSESSED,ALIVE,flex
0,status,15,WEREWOLF,ALIVE,Litt1eGirl
0,whisper,0,0,6,Skip
0,whisper,1,0,10,COMINGOUT Agent[10] MEDIUM
0,whisper,2,0,15,ATTACK Agent[03]
0,whisper,3,1,10,Over
0,whisper,4,1,6,Skip
0,whisper,5,1,15,Over
0,whisper,6,2,6,Over
0,whisper,7,2,15,Over
0,whisper,8,2,10,Over
0,divine,4,8,HUMAN
1,status,1,VILLAGER,ALIVE,tmcit2017
1,status,2,BODYGUARD,ALIVE,Army
1,status,3,VILLAGER,ALIVE,rsaito
1,status,4,SEER,ALIVE,Neo_ELIZA
1,status,5,VILLAGER,ALIVE,AIWolf_NET
1,status,6,WEREWOLF,ALIVE,Romanesco
1,status,7,VILLAGER,ALIVE,wasabi
1,status,8,MEDIUM,ALIVE,H-ReGEX
1,status,9,VILLAGER,ALIVE,yk_aiwolf
1,status,10,WEREWOLF,ALIVE,Kanpyo
1,status,11,VILLAGER,ALIVE,konno
1,status,12,VILLAGER,ALIVE,AITKN
1,status,13,VILLAGER,ALIVE,neko
1,status,14,POSSESSED,ALIVE,flex
1,status,15,WEREWOLF,ALIVE,Litt1eGirl
1,talk,0,0,4,COMINGOUT Agent[04] SEER
1,talk,1,0,9,Over
1,talk,2,0,2,Skip
1,talk,3,0,7,VOTE Agent[08]
1,talk,4,0,11,VOTE Agent[14]
1,talk,5,0,3,VOTE Agent[06]
1,talk,6,0,13,VOTE Agent[03]
1,talk,7,0,10,VOTE Agent[13]
1,talk,8,0,6,Skip
1,talk,9,0,1,COMINGOUT Agent[01] VILLAGER
1,talk,10,0,12,VOTE Agent[14]
1,talk,11,0,5,VOTE Agent[10]
1,talk,12,0,8,VOTE Agent[11]
1,talk,13,0,14,Over
1,talk,14,0,15,VOTE Agent[13]
1,talk,15,1,15,Over
1,talk,16,1,9,Over
1,talk,17,1,11,Skip
1,talk,18,1,2,Skip
1,talk,19,1,5,Skip
1,talk,20,1,1,Over
1,talk,21,1,7,VOTE Agent[12]
1,talk,22,1,4,DIVINED Agent[08] HUMAN
1,talk,23,1,12,Skip
1,talk,24,1,6,Skip
1,talk,25,1,3,VOTE Agent[10]
1,talk,26,1,14,Over
1,talk,27,1,13,VOTE Agent[15]
1,talk,28,1,10,ESTIMATE Agent[04] SEER
1,talk,29,1,8,Skip
1,talk,30,2,14,Over
1,talk,31,2,10,ESTIMATE Agent[04] SEER
1,talk,32,2,8,ESTIMATE Agent[15] WEREWOLF
1,talk,33,2,4,VOTE Agent[02]
1,talk,34,2,7,VOTE Agent[06]
1,talk,35,2,6,Over
1,talk,36,2,13,VOTE Agent[12]
1,talk,37,2,9,Over
1,talk,38,2,5,Skip
1,talk,39,2,2,Over
1,talk,40,2,15,VOTE Agent[14]
1,talk,41,2,3,VOTE Agent[12]
1,talk,42,2,11,Skip
1,talk,43,2,1,Over
1,talk,44,2,12,Skip
1,talk,45,3,6,VOTE Agent[02]
1,talk,46,3,15,Over
1,talk,47,3,13,VOTE Agent[02]
1,talk,48,3,8,VOTE Agent[15]
1,talk,49,3,9,Over
1,talk,50,3,12,Over
1,talk,51,3,4,Skip
1,talk,52,3,7,ESTIMATE Agent[10] VILLAGER
1,talk,53,3,11,Over
1,talk,54,3,5,Over
1,talk,55,3,14,Over
1,talk,56,3,2,Over
1,talk,57,3,10,ESTIMATE Agent[08] VILLAGER
1,talk,58,3,3,VOTE Agent[02]
1,talk,59,3,1,Over
1,talk,60,4,1,Over
1,talk,61,4,15,VOTE Agent[02]
1,talk,62,4,3,Skip
1,talk,63,4,12,VOTE Agent[02]
1,talk,64,4,11,Over
1,talk,65,4,5,Over
1,talk,66,4,14,Over
1,talk,67,4,2,Over
1,talk,68,4,4,Skip
1,talk,69,4,7,Skip
1,talk,70,4,6,Skip
1,talk,71,4,13,Skip
1,talk,72,4,9,Over
1,talk,73,4,8,Skip
1,talk,74,4,10,Skip
1,talk,75,5,4,Over
1,talk,76,5,2,Over
1,talk,77,5,11,Over
1,talk,78,5,5,Over
1,talk,79,5,1,Over
1,talk,80,5,15,Over
1,talk,81,5,3,Skip
1,talk,82,5,6,VOTE Agent[02]
1,talk,83,5,14,Over
1,talk,84,5,9,Over
1,talk,85,5,13,Skip
1,talk,86,5,8,Skip
1,talk,87,5,12,REQUEST(DIVINATION Agent[14])
1,talk,88,5,7,Skip
1,talk,89,5,10,VOTE Agent[02]
1,talk,90,6,1,Over
1,talk,91,6,14,Over
1,talk,92,6,9,Over
1,talk,93,6,8,Over
1,talk,94,6,2,Over
1,talk,95,6,12,Skip
1,talk,96,6,3,Over
1,talk,97,6,11,Over
1,talk,98,6,7,Over
1,talk,99,6,13,Over
1,talk,100,6,15,Over
1,talk,101,6,10,Skip
1,talk,102,6,6,Skip
1,talk,103,6,4,Over
1,talk,104,6,5,Over
1,talk,105,7,5,Over
1,talk,106,7,11,Over
1,talk,107,7,7,VOTE Agent[02]
1,talk,108,7,4,Over
1,talk,109,7,8,Over
1,talk,110,7,6,VOTE Agent[02]
1,talk,111,7,3,Over
1,talk,112,7,10,Skip
1,talk,113,7,12,Skip
1,talk,114,7,14,Over
1,talk,115,7,13,Over
1,talk,116,7,1,Over
1,talk,117,7,15,Over
1,talk,118,7,9,Over
1,talk,119,7,2,Over
1,talk,120,8,15,Over
1,talk,121,8,12,Over
1,talk,122,8,2,Over
1,talk,123,8,14,Over
1,talk,124,8,5,Over
1,talk,125,8,8,Over
1,talk,126,8,6,Skip
1,talk,127,8,1,Over
1,talk,128,8,3,Over
1,talk,129,8,4,Over
1,talk,130,8,13,Over
1,talk,131,8,9,Over
1,talk,132,8,7,Over
1,talk,133,8,10,Over
1,talk,134,8,11,Over
1,talk,135,9,12,Over
1,talk,136,9,7,Over
1,talk,137,9,8,Over
1,talk,138,9,14,Over
1,talk,139,9,11,Over
1,talk,140,9,6,Skip
1,talk,141,9,1,Over
1,talk,142,9,10,Over
1,talk,143,9,2,Over
1,talk,144,9,4,Over
1,talk,145,9,9,Over
1,talk,146,9,5,Over
1,talk,147,9,15,Over
1,talk,148,9,3,Over
1,talk,149,9,13,Over
1,talk,150,10,6,Over
1,talk,151,10,2,Over
1,talk,152,10,14,Over
1,talk,153,10,13,Over
1,talk,154,10,10,Over
1,talk,155,10,9,Over
1,talk,156,10,11,Over
1,talk,157,10,8,Over
1,talk,158,10,15,Over
1,talk,159,10,12,Over
1,talk,160,10,4,Over
1,talk,161,10,3,Over
1,talk,162,10,1,Over
1,talk,163,10,5,Over
1,talk,164,10,7,VOTE Agent[10]
1,talk,165,11,1,Over
1,talk,166,11,11,Over
1,talk,167,11,5,Over
1,talk,168,11,10,Over
1,talk,169,11,7,VOTE Agent[02]
1,talk,170,11,4,Over
1,talk,171,11,14,Over
1,talk,172,11,2,Over
1,talk,173,11,15,Over
1,talk,174,11,8,Over
1,talk,175,11,6,Over
1,talk,176,11,9,Over
1,talk,177,11,3,Over
1,talk,178,11,13,Over
1,talk,179,11,12,Over
1,talk,180,12,11,Over
1,talk,181,12,9,Over
1,talk,182,12,10,Over
1,talk,183,12,15,Over
1,talk,184,12,5,Over
1,talk,185,12,7,VOTE Agent[10]
1,talk,186,12,13,Over
1,talk,187,12,2,Over
1,talk,188,12,3,Over
1,talk,189,12,14,Over
1,talk,190,12,8,Over
1,talk,191,12,12,Over
1,talk,192,12,1,Over
1,talk,193,12,6,Over
1,talk,194,12,4,Over
1,talk,195,13,6,Over
1,talk,196,13,8,Over
1,talk,197,13,4,Over
1,talk,198,13,11,Over
1,talk,199,13,10,Over
1,talk,200,13,7,Over
1,talk,201,13,1,Over
1,talk,202,13,13,Over
1,talk,203,13,3,Over
1,talk,204,13,12,Over
1,talk,205,13,15,Over
1,talk,206,13,14,Over
1,talk,207,13,9,Over
1,talk,208,13,5,Over
1,talk,209,13,2,Over
1,vote,1,11
1,vote,2,3
1,vote,3,2
1,vote,4,2
1,vote,5,10
1,vote,6,2
1,vote,7,10
1,vote,8,15
1,vote,9,10
1,vote,10,2
1,vote,11,14
1,vote,12,2
1,vote,13,2
1,vote,14,3
1,vote,15,2
1,execute,2,BODYGUARD
1,divine,4,15,WEREWOLF
1,whisper,0,0,15,ATTACK Agent[03]
1,whisper,1,0,10,Over
1,whisper,2,0,6,ATTACK Agent[15]
1,whisper,3,1,10,Over
1,whisper,4,1,15,Over
1,whisper,5,1,6,Skip
1,whisper,6,2,10,Over
1,whisper,7,2,6,Skip
1,whisper,8,2,15,Over
1,whisper,9,3,10,Over
1,whisper,10,3,15,Over
1,whisper,11,3,6,Over
1,attackVote,10,1
1,attackVote,15,3
1,attackVote,10,4
1,attackVote,15,3
1,attack,3,true
2,status,1,VILLAGER,ALIVE,tmcit2017
2,status,2,BODYGUARD,DEAD,Army
2,status,3,VILLAGER,DEAD,rsaito
2,status,4,SEER,ALIVE,Neo_ELIZA
2,status,5,VILLAGER,ALIVE,AIWolf_NET
2,status,6,WEREWOLF,ALIVE,Romanesco
2,status,7,VILLAGER,ALIVE,wasabi
2,status,8,MEDIUM,ALIVE,H-ReGEX
2,status,9,VILLAGER,ALIVE,yk_aiwolf
2,status,10,WEREWOLF,ALIVE,Kanpyo
2,status,11,VILLAGER,ALIVE,konno
2,status,12,VILLAGER,ALIVE,AITKN
2,status,13,VILLAGER,ALIVE,neko
2,status,14,POSSESSED,ALIVE,flex
2,status,15,WEREWOLF,ALIVE,Litt1eGirl
2,talk,0,0,15,VOTE Agent[13]
2,talk,1,0,14,Over
2,talk,2,0,5,VOTE Agent[01]
2,talk,3,0,6,Skip
2,talk,4,0,13,VOTE Agent[01]
2,talk,5,0,11,VOTE Agent[12]
2,talk,6,0,8,ESTIMATE Agent[15] WEREWOLF
2,talk,7,0,10,COMINGOUT Agent[10] MEDIUM
2,talk,8,0,4,DIVINED Agent[15] WEREWOLF
2,talk,9,0,7,VOTE Agent[09]
2,talk,10,0,12,VOTE Agent[09]
2,talk,11,0,9,Over
2,talk,12,0,1,Over
2,talk,13,1,10,IDENTIFIED Agent[02] WEREWOLF
2,talk,14,1,14,Over
2,talk,15,1,15,VOTE Agent[04]
2,talk,16,1,7,VOTE Agent[15]
2,talk,17,1,5,Skip
2,talk,18,1,1,Over
2,talk,19,1,9,Over
2,talk,20,1,4,REQUEST(VOTE Agent[15])
2,talk,21,1,11,Skip
2,talk,22,1,8,VOTE Agent[15]
2,talk,23,1,6,Skip
2,talk,24,1,12,Skip
2,talk,25,1,13,Skip
2,talk,26,2,1,Over
2,talk,27,2,15,COMINGOUT Agent[15] BODYGUARD
2,talk,28,2,14,Over
2,talk,29,2,4,VOTE Agent[15]
2,talk,30,2,10,ESTIMATE Agent[15] WEREWOLF
2,talk,31,2,11,Skip
2,talk,32,2,12,VOTE Agent[15]
2,talk,33,2,13,VOTE Agent[15]
2,talk,34,2,8,COMINGOUT Agent[08] MEDIUM
2,talk,35,2,5,Skip
2,talk,36,2,6,Over
2,talk,37,2,9,Over
2,talk,38,2,7,Skip
2,talk,39,3,12,VOTE Agent[15]
2,talk,40,3,13,Skip
2,talk,41,3,11,Over
2,talk,42,3,15,Over
2,talk,43,3,10,ESTIMATE Agent[08] WEREWOLF
2,talk,44,3,5,Over
2,talk,45,3,14,Over
2,talk,46,3,6,VOTE Agent[10]
2,talk,47,3,8,IDENTIFIED Agent[02] HUMAN
2,talk,48,3,4,Skip
2,talk,49,3,1,Over
2,talk,50,3,7,ESTIMATE Agent[08] WEREWOLF
2,talk,51,3,9,Over
2,talk,52,4,5,Over
2,talk,53,4,13,VOTE Agent[01]
2,talk,54,4,7,Skip
2,talk,55,4,4,Skip
2,talk,56,4,11,Over
2,talk,57,4,9,Over
2,talk,58,4,6,Skip
2,talk,59,4,10,VOTE Agent[15]
2,talk,60,4,8,Skip
2,talk,61,4,14,Over
2,talk,62,4,15,ESTIMATE Agent[04] WEREWOLF
2,talk,63,4,12,REQUEST(DIVINATION Agent[05])
2,talk,64,4,1,Over
2,talk,65,5,9,Over
2,talk,66,5,15,Over
2,talk,67,5,7,ESTIMATE Agent[10] WEREWOLF
2,talk,68,5,12,Skip
2,talk,69,5,1,Over
2,talk,70,5,10,REQUEST(VOTE Agent[15])
2,talk,71,5,6,VOTE Agent[15]
2,talk,72,5,8,Skip
2,talk,73,5,5,Over
2,talk,74,5,14,Over
2,talk,75,5,13,Skip
2,talk,76,5,4,Over
2,talk,77,5,11,Over
2,talk,78,6,9,Over
2,talk,79,6,14,Over
2,talk,80,6,10,VOTE Agent[15]
2,talk,81,6,13,Skip
2,talk,82,6,4,Over
2,talk,83,6,6,Skip
2,talk,84,6,11,Over
2,talk,85,6,12,VOTE Agent[15]
2,talk,86,6,7,Skip
2,talk,87,6,1,Over
2,talk,88,6,15,Over
2,talk,89,6,8,Over
2,talk,90,6,5,Over
2,talk,91,7,4,Over
2,talk,92,7,9,Over
2,talk,93,7,1,Over
2,talk,94,7,10,Skip
2,talk,95,7,11,Over
2,talk,96,7,5,Over
2,talk,97,7,7,ESTIMATE Agent[11] VILLAGER
2,talk,98,7,8,Over
2,talk,99,7,14,Over
2,talk,100,7,6,VOTE Agent[15]
2,talk,101,7,12,Skip
2,talk,102,7,13,Over
2,talk,103,7,15,Over
2,talk,104,8,1,Over
2,talk,105,8,13,Over
2,talk,106,8,15,ESTIMATE Agent[04] WEREWOLF
2,talk,107,8,6,Skip
2,talk,108,8,12,Skip
2,talk,109,8,8,Over
2,talk,110,8,7,ESTIMATE Agent[06] VILLAGER
2,talk,111,8,9,Over
2,talk,112,8,4,Over
2,talk,113,8,11,Over
2,talk,114,8,14,Over
2,talk,115,8,5,Over
2,talk,116,8,10,Skip
2,talk,117,9,12,Over
2,talk,118,9,10,Over
2,talk,119,9,13,Over
2,talk,120,9,5,Over
2,talk,121,9,6,Skip
2,talk,122,9,9,Over
2,talk,123,9,4,Over
2,talk,124,9,1,Over
2,talk,125,9,7,ESTIMATE Agent[06] VILLAGER
2,talk,126,9,11,Over
2,talk,127,9,15,Over
2,talk,128,9,8,Over
2,talk,129,9,14,Over
2,talk,130,10,5,Over
2,talk,131,10,9,Over
2,talk,132,10,12,Over
2,talk,133,10,4,Over
2,talk,134,10,14,Over
2,talk,135,10,13,Over
2,talk,136,10,6,Over
2,talk,137,10,15,Over
2,talk,138,10,10,Over
2,talk,139,10,11,Over
2,talk,140,10,8,Over
2,talk,141,10,7,Over
2,talk,142,10,1,Over
2,vote,1,15
2,vote,4,15
2,vote,5,1
2,vote,6,15
2,vote,7,15
2,vote,8,15
2,vote,9,6
2,vote,10,8
2,vote,11,12
2,vote,12,15
2,vote,13,1
2,vote,14,13
2,vote,15,4
2,execute,15,WEREWOLF
2,divine,4,11,HUMAN
2,whisper,0,0,10,Over
2,whisper,1,0,6,ATTACK Agent[14]
2,whisper,2,1,10,Over
2,whisper,3,1,6,Skip
2,whisper,4,2,6,Skip
2,whisper,5,2,10,Over
2,whisper,6,3,10,Over
2,whisper,7,3,6,Over
2,attackVote,6,14
2,attackVote,10,8
2,attackVote,6,14
2,attackVote,10,4
2,attack,14,true
3,status,1,VILLAGER,ALIVE,tmcit2017
3,status,2,BODYGUARD,DEAD,Army
3,status,3,VILLAGER,DEAD,rsaito
3,status,4,SEER,ALIVE,Neo_ELIZA
3,status,5,VILLAGER,ALIVE,AIWolf_NET
3,status,6,WEREWOLF,ALIVE,Romanesco
3,status,7,VILLAGER,ALIVE,wasabi
3,status,8,MEDIUM,ALIVE,H-ReGEX
3,status,9,VILLAGER,ALIVE,yk_aiwolf
3,status,10,WEREWOLF,ALIVE,Kanpyo
3,status,11,VILLAGER,ALIVE,konno
3,status,12,VILLAGER,ALIVE,AITKN
3,status,13,VILLAGER,ALIVE,neko
3,status,14,POSSESSED,DEAD,flex
3,status,15,WEREWOLF,DEAD,Litt1eGirl
3,talk,0,0,5,VOTE Agent[01]
3,talk,1,0,8,IDENTIFIED Agent[15] WEREWOLF
3,talk,2,0,6,Skip
3,talk,3,0,10,IDENTIFIED Agent[15] HUMAN
3,talk,4,0,4,DIVINED Agent[11] HUMAN
3,talk,5,0,13,VOTE Agent[01]
3,talk,6,0,11,VOTE Agent[13]
3,talk,7,0,12,VOTE Agent[11]
3,talk,8,0,1,Over
3,talk,9,0,9,Over
3,talk,10,0,7,VOTE Agent[10]
3,talk,11,1,13,Skip
3,talk,12,1,4,VOTE Agent[09]
3,talk,13,1,6,Skip
3,talk,14,1,11,Skip
3,talk,15,1,8,ESTIMATE Agent[02] WEREWOLF
3,talk,16,1,7,Skip
3,talk,17,1,9,Over
3,talk,18,1,10,ESTIMATE Agent[11] VILLAGER
3,talk,19,1,1,Over
3,talk,20,1,5,Skip
3,talk,21,1,12,VOTE Agent[01]
3,talk,22,2,6,Over
3,talk,23,2,1,Over
3,talk,24,2,7,ESTIMATE Agent[08] MEDIUM
3,talk,25,2,9,Over
3,talk,26,2,13,Skip
3,talk,27,2,10,Skip
3,talk,28,2,8,ESTIMATE Agent[04] WEREWOLF
3,talk,29,2,4,ESTIMATE Agent[10] WEREWOLF
3,talk,30,2,12,Skip
3,talk,31,2,11,Skip
3,talk,32,2,5,Skip
3,talk,33,3,6,VOTE Agent[10]
3,talk,34,3,12,Skip
3,talk,35,3,10,ESTIMATE Agent[08] POSSESSED
3,talk,36,3,7,ESTIMATE Agent[11] VILLAGER
3,talk,37,3,4,VOTE Agent[10]
3,talk,38,3,9,Over
3,talk,39,3,5,Over
3,talk,40,3,1,Over
3,talk,41,3,11,Over
3,talk,42,3,8,REQUEST(DIVINATION Agent[04])
3,talk,43,3,13,Over
3,talk,44,4,4,Skip
3,talk,45,4,7,Skip
3,talk,46,4,12,VOTE Agent[10]
3,talk,47,4,8,VOTE Agent[04]
3,talk,48,4,13,Over
3,talk,49,4,10,VOTE Agent[08]
3,talk,50,4,9,Over
3,talk,51,4,1,Over
3,talk,52,4,5,Over
3,talk,53,4,11,Over
3,talk,54,4,6,Skip
3,talk,55,5,8,ESTIMATE Agent[02] WEREWOLF
3,talk,56,5,5,Over
3,talk,57,5,10,REQUEST(VOTE Agent[08])
3,talk,58,5,7,ESTIMATE Agent[08] MEDIUM
3,talk,59,5,12,REQUEST(DIVINATION Agent[09])
3,talk,60,5,11,Over
3,talk,61,5,1,Over
3,talk,62,5,6,VOTE Agent[10]
3,talk,63,5,9,Over
3,talk,64,5,4,Skip
3,talk,65,5,13,Over
3,talk,66,6,11,Over
3,talk,67,6,13,Over
3,talk,68,6,8,ESTIMATE Agent[04] WEREWOLF
3,talk,69,6,5,Over
3,talk,70,6,6,Skip
3,talk,71,6,4,Over
3,talk,72,6,12,Skip
3,talk,73,6,7,ESTIMATE Agent[06] VILLAGER
3,talk,74,6,10,Skip
3,talk,75,6,1,Over
3,talk,76,6,9,Over
3,talk,77,7,9,Over
3,talk,78,7,4,Over
3,talk,79,7,13,Over
3,talk,80,7,10,Skip
3,talk,81,7,12,Skip
3,talk,82,7,5,Over
3,talk,83,7,1,Over
3,talk,84,7,6,VOTE Agent[10]
3,talk,85,7,8,REQUEST(DIVINATION Agent[04])
3,talk,86,7,11,Over
3,talk,87,7,7,ESTIMATE Agent[05] VILLAGER
3,talk,88,8,5,Over
3,talk,89,8,8,ESTIMATE Agent[02] WEREWOLF
3,talk,90,8,9,Over
3,talk,91,8,13,Over
3,talk,92,8,10,Over
3,talk,93,8,11,Over
3,talk,94,8,12,Over
3,talk,95,8,1,Over
3,talk,96,8,4,Over
3,talk,97,8,7,ESTIMATE Agent[04] SEER
3,talk,98,8,6,Skip
3,talk,99,9,10,Over
3,talk,100,9,9,Over
3,talk,101,9,12,Over
3,talk,102,9,7,Skip
3,talk,103,9,11,Over
3,talk,104,9,8,ESTIMATE Agent[04] WEREWOLF
3,talk,105,9,4,Over
3,talk,106,9,1,Over
3,talk,107,9,13,Over
3,talk,108,9,5,Over
3,talk,109,9,6,Skip
3,talk,110,10,6,Over
3,talk,111,10,9,Over
3,talk,112,10,7,ESTIMATE Agent[04] SEER
3,talk,113,10,1,Over
3,talk,114,10,8,Over
3,talk,115,10,11,Over
3,talk,116,10,13,Over
3,talk,117,10,4,Over
3,talk,118,10,12,Over
3,talk,119,10,10,Over
3,talk,120,10,5,Over
3,talk,121,11,12,Over
3,talk,122,11,13,Over
3,talk,123,11,8,Over
3,talk,124,11,6,Over
3,talk,125,11,7,ESTIMATE Agent[10] WEREWOLF
3,talk,126,11,1,Over
3,talk,127,11,10,Over
3,talk,128,11,4,Over
3,talk,129,11,11,Over
3,talk,130,11,5,Over
3,talk,131,11,9,Over
3,talk,132,12,12,Over
3,talk,133,12,9,Over
3,talk,134,12,13,Over
3,talk,135,12,8,Over
3,talk,136,12,7,ESTIMATE Agent[11] VILLAGER
3,talk,137,12,4,Over
3,talk,138,12,6,Over
3,talk,139,12,1,Over
3,talk,140,12,5,Over
3,talk,141,12,10,Over
3,talk,142,12,11,Over
3,talk,143,13,8,Over
3,talk,144,13,7,Over
3,talk,145,13,6,Over
3,talk,146,13,9,Over
3,talk,147,13,1,Over
3,talk,148,13,10,Over
3,talk,149,13,12,Over
3,talk,150,13,5,Over
3,talk,151,13,11,Over
3,talk,152,13,13,Over
3,talk,153,13,4,Over
3,vote,1,6
3,vote,4,10
3,vote,5,1
3,vote,6,10
3,vote,7,10
3,vote,8,4
3,vote,9,5
3,vote,10,8
3,vote,11,13
3,vote,12,10
3,vote,13,1
3,execute,10,WEREWOLF
3,attack,9,true
4,status,1,VILLAGER,ALIVE,tmcit2017
4,status,2,BODYGUARD,DEAD,Army
4,status,3,VILLAGER,DEAD,rsaito
4,status,4,SEER,ALIVE,Neo_ELIZA
4,status,5,VILLAGER,ALIVE,AIWolf_NET
4,status,6,WEREWOLF,ALIVE,Romanesco
4,status,7,VILLAGER,ALIVE,wasabi
4,status,8,MEDIUM,ALIVE,H-ReGEX
4,status,9,VILLAGER,DEAD,yk_aiwolf
4,status,10,WEREWOLF,DEAD,Kanpyo
4,status,11,VILLAGER,ALIVE,konno
4,status,12,VILLAGER,ALIVE,AITKN
4,status,13,VILLAGER,ALIVE,neko
4,status,14,POSSESSED,DEAD,flex
4,status,15,WEREWOLF,DEAD,Litt1eGirl
4,talk,0,0,7,VOTE Agent[05]
4,talk,1,0,6,Skip
4,talk,2,0,8,IDENTIFIED Agent[10] WEREWOLF
4,talk,3,0,1,Over
4,talk,4,0,13,VOTE Agent[01]
4,talk,5,0,4,VOTE Agent[06]
4,talk,6,0,12,VOTE Agent[06]
4,talk,7,0,11,VOTE Agent[13]
4,talk,8,0,5,VOTE Agent[06]
4,talk,9,1,7,Skip
4,talk,10,1,1,Over
4,talk,11,1,5,Skip
4,talk,12,1,6,Skip
4,talk,13,1,8,ESTIMATE Agent[04] WEREWOLF
4,talk,14,1,12,VOTE Agent[13]
4,talk,15,1,13,Skip
4,talk,16,1,11,Skip
4,talk,17,1,4,Skip
4,talk,18,2,13,VOTE Agent[05]
4,talk,19,2,4,Skip
4,talk,20,2,6,Over
4,talk,21,2,5,Skip
4,talk,22,2,12,Skip
4,talk,23,2,1,Over
4,talk,24,2,7,VOTE Agent[13]
4,talk,25,2,8,VOTE Agent[04]
4,talk,26,2,11,Skip
4,talk,27,3,13,VOTE Agent[01]
4,talk,28,3,8,Skip
4,talk,29,3,11,Over
4,talk,30,3,7,VOTE Agent[01]
4,talk,31,3,4,Over
4,talk,32,3,6,VOTE Agent[04]
4,talk,33,3,5,Over
4,talk,34,3,12,Skip
4,talk,35,3,1,Over
4,talk,36,4,7,ESTIMATE Agent[08] MEDIUM
4,talk,37,4,4,Over
4,talk,38,4,6,Skip
4,talk,39,4,8,Skip
4,talk,40,4,11,Over
4,talk,41,4,1,Over
4,talk,42,4,13,Skip
4,talk,43,4,5,Over
4,talk,44,4,12,REQUEST(DIVINATION Agent[06])
4,talk,45,5,6,VOTE Agent[04]
4,talk,46,5,13,Skip
4,talk,47,5,8,Over
4,talk,48,5,11,Over
4,talk,49,5,4,Over
4,talk,50,5,5,Over
4,talk,51,5,1,Over
4,talk,52,5,12,Skip
4,talk,53,5,7,Skip
4,talk,54,6,5,Over
4,talk,55,6,4,Over
4,talk,56,6,11,Over
4,talk,57,6,8,Over
4,talk,58,6,1,Over
4,talk,59,6,12,Skip
4,talk,60,6,6,Skip
4,talk,61,6,13,Over
4,talk,62,6,7,Skip
4,talk,63,7,8,Over
4,talk,64,7,12,Over
4,talk,65,7,5,Over
4,talk,66,7,1,Over
4,talk,67,7,4,Over
4,talk,68,7,7,ESTIMATE Agent[06] WEREWOLF
4,talk,69,7,6,VOTE Agent[04]
4,talk,70,7,13,Over
4,talk,71,7,11,Over
4,talk,72,8,12,Over
4,talk,73,8,13,Over
4,talk,74,8,11,Over
4,talk,75,8,6,Skip
4,talk,76,8,8,Over
4,talk,77,8,1,Over
4,talk,78,8,5,Over
4,talk,79,8,4,Over
4,talk,80,8,7,VOTE Agent[06]
4,talk,81,9,1,Over
4,talk,82,9,5,Over
4,talk,83,9,6,Skip
4,talk,84,9,13,VOTE Agent[04]
4,talk,85,9,4,Over
4,talk,86,9,11,Over
4,talk,87,9,8,Over
4,talk,88,9,7,VOTE Agent[13]
4,talk,89,9,12,Over
4,talk,90,10,7,Over
4,talk,91,10,12,Over
4,talk,92,10,13,Skip
4,talk,93,10,11,Over
4,talk,94,10,6,Over
4,talk,95,10,4,Over
4,talk,96,10,5,Over
4,talk,97,10,1,Over
4,talk,98,10,8,Over
4,talk,99,11,5,Over
4,talk,100,11,6,Over
4,talk,101,11,11,Over
4,talk,102,11,12,Over
4,talk,103,11,4,Over
4,talk,104,11,7,VOTE Agent[01]
4,talk,105,11,8,Over
4,talk,106,11,1,Over
4,talk,107,11,13,Skip
4,talk,108,12,12,Over
4,talk,109,12,4,Over
4,talk,110,12,5,Over
4,talk,111,12,1,Over
4,talk,112,12,6,Over
4,talk,113,12,7,VOTE Agent[05]
4,talk,114,12,11,Over
4,talk,115,12,13,VOTE Agent[01]
4,talk,116,12,8,Over
4,talk,117,13,6,Over
4,talk,118,13,8,Over
4,talk,119,13,1,Over
4,talk,120,13,4,Over
4,talk,121,13,5,Over
4,talk,122,13,11,Over
4,talk,123,13,13,VOTE Agent[04]
4,talk,124,13,12,Over
4,talk,125,13,7,VOTE Agent[01]
4,talk,126,14,12,Over
4,talk,127,14,5,Over
4,talk,128,14,13,VOTE Agent[01]
4,talk,129,14,6,Over
4,talk,130,14,4,Over
4,talk,131,14,11,Over
4,talk,132,14,8,Over
4,talk,133,14,7,Over
4,talk,134,14,1,Over
4,talk,135,15,7,Over
4,talk,136,15,13,Skip
4,talk,137,15,4,Over
4,talk,138,15,1,Over
4,talk,139,15,6,Over
4,talk,140,15,5,Over
4,talk,141,15,12,Over
4,talk,142,15,8,Over
4,talk,143,15,11,Over
4,talk,144,16,7,Over
4,talk,145,16,12,Over
4,talk,146,16,11,Over
4,talk,147,16,13,Skip
4,talk,148,16,1,Over
4,talk,149,16,8,Over
4,talk,150,16,6,Over
4,talk,151,16,5,Over
4,talk,152,16,4,Over
4,talk,153,17,5,Over
4,talk,154,17,7,Over
4,talk,155,17,11,Over
4,talk,156,17,4,Over
4,talk,157,17,12,Over
4,talk,158,17,6,Over
4,talk,159,17,1,Over
4,talk,160,17,13,Over
4,talk,161,17,8,Over
4,vote,1,12
4,vote,4,6
4,vote,5,6
4,vote,6,4
4,vote,7,1
4,vote,8,4
4,vote,11,13
4,vote,12,13
4,vote,13,6
4,execute,6,WEREWOLF
4,divine,4,12,HUMAN
5,status,1,VILLAGER,ALIVE,tmcit2017
5,status,2,BODYGUARD,DEAD,Army
5,status,3,VILLAGER,DEAD,rsaito
5,status,4,SEER,ALIVE,Neo_ELIZA
5,status,5,VILLAGER,ALIVE,AIWolf_NET
5,status,6,WEREWOLF,DEAD,Romanesco
5,status,7,VILLAGER,ALIVE,wasabi
5,status,8,MEDIUM,ALIVE,H-ReGEX
5,status,9,VILLAGER,DEAD,yk_aiwolf
5,status,10,WEREWOLF,DEAD,Kanpyo
5,status,11,VILLAGER,ALIVE,konno
5,status,12,VILLAGER,ALIVE,AITKN
5,status,13,VILLAGER,ALIVE,neko
5,status,14,POSSESSED,DEAD,flex
5,status,15,WEREWOLF,DEAD,Litt1eGirl
5,result,8,0,VILLAGER
