0,status,1,VILLAGER,ALIVE,tmcit2017
0,status,2,VILLAGER,ALIVE,Army
0,status,3,WEREWOLF,ALIVE,rsaito
0,status,4,WEREWOLF,ALIVE,Neo_ELIZA
0,status,5,POSSESSED,ALIVE,AIWolf_NET
0,status,6,SEER,ALIVE,Romanesco
0,status,7,VILLAGER,ALIVE,wasabi
0,status,8,VILLAGER,ALIVE,H-ReGEX
0,status,9,WEREWOLF,ALIVE,yk_aiwolf
0,status,10,VILLAGER,ALIVE,Kanpyo
0,status,11,BODYGUARD,ALIVE,konno
0,status,12,VILLAGER,ALIVE,AITKN
0,status,13,VILLAGER,ALIVE,neko
0,status,14,VILLAGER,ALIVE,flex
0,status,15,MEDIUM,ALIVE,Litt1eGirl
0,whisper,0,0,9,COMINGOUT Agent[09] VILLAGER
0,whisper,1,0,4,ATTACK Agent[15]
0,whisper,2,0,3,COMINGOUT Agent[03] VILLAGER
0,whisper,3,1,4,ATTACK Agent[02]
0,whisper,4,1,3,Skip
0,whisper,5,1,9,ATTACK Agent[01]
0,whisper,6,2,3,Skip
0,whisper,7,2,9,Over
0,whisper,8,2,4,ATTACK Agent[06]
0,whisper,9,3,9,Over
0,whisper,10,3,4,ATTACK Agent[14]
0,whisper,11,3,3,Over
0,whisper,12,4,3,Over
0,whisper,13,4,4,ATTACK Agent[13]
0,whisper,14,4,9,Over
0,whisper,15,5,4,ATTACK Agent[10]
0,whisper,16,5,9,Over
0,whisper,17,5,3,Over
0,whisper,18,6,4,ATTACK Agent[11]
0,whisper,19,6,3,Over
0,whisper,20,6,9,Over
0,whisper,21,7,4,ATTACK Agent[15]
0,whisper,22,7,9,Over
0,whisper,23,7,3,Over
0,whisper,24,8,4,ATTACK Agent[05]
0,whisper,25,8,3,Over
0,whisper,26,8,9,Over
0,whisper,27,9,4,ATTACK Agent[01]
0,whisper,28,9,9,Over
0,whisper,29,9,3,Over
0,whisper,30,10,3,Over
0,whisper,31,10,9,Over
0,whisper,32,10,4,Over
0,divine,6,15,HUMAN
1,status,1,VILLAGER,ALIVE,tmcit2017
1,status,2,VILLAGER,ALIVE,Army
1,status,3,WEREWOLF,ALIVE,rsaito
1,status,4,WEREWOLF,ALIVE,Neo_ELIZA
1,status,5,POSSESSED,ALIVE,AIWolf_NET
1,status,6,SEER,ALIVE,Romanesco
1,status,7,VILLAGER,ALIVE,wasabi
1,status,8,VILLAGER,ALIVE,H-ReGEX
1,status,9,WEREWOLF,ALIVE,yk_aiwolf
1,status,10,VILLAGER,ALIVE,Kanpyo
1,status,11,BODYGUARD,ALIVE,konno
1,status,12,VILLAGER,ALIVE,AITKN
1,status,13,VILLAGER,ALIVE,neko
1,status,14,VILLAGER,ALIVE,flex
1,status,15,MEDIUM,ALIVE,Litt1eGirl
1,talk,0,0,4,VOTE Agent[15]
1,talk,1,0,5,COMINGOUT Agent[05] SEER
1,talk,2,0,3,VOTE Agent[06]
1,talk,3,0,13,VOTE Agent[03]
1,talk,4,0,1,COMINGOUT Agent[01] VILLAGER
1,talk,5,0,9,Over
1,talk,6,0,12,VOTE Agent[15]
1,talk,7,0,7,VOTE Agent[06]
1,talk,8,0,8,VOTE Agent[01]
1,talk,9,0,2,COMINGOUT Agent[02] VILLAGER
1,talk,10,0,10,VOTE Agent[12]
1,talk,11,0,14,Over
1,talk,12,0,6,Skip
1,talk,13,0,15,VOTE Agent[01]
1,talk,14,0,11,VOTE Agent[05]
1,talk,15,1,15,VOTE Agent[00]
1,talk,16,1,10,ESTIMATE Agent[05] SEER
1,talk,17,1,3,VOTE Agent[15]
1,talk,18,1,14,Over
1,talk,19,1,1,Over
1,talk,20,1,2,Skip
1,talk,21,1,6,Skip
1,talk,22,1,8,Skip
1,talk,23,1,11,Skip
1,talk,24,1,7,Skip
1,talk,25,1,9,Over
1,talk,26,1,13,VOTE Agent[12]
1,talk,27,1,12,Skip
1,talk,28,1,5,DIVINED Agent[10] HUMAN
1,talk,29,1,4,VOTE Agent[05]
1,talk,30,2,7,Skip
1,talk,31,2,1,Over
1,talk,32,2,15,VOTE Agent[01]
1,talk,33,2,5,ESTIMATE Agent[12] WEREWOLF
1,talk,34,2,14,Over
1,talk,35,2,9,Over
1,talk,36,2,12,Over
1,talk,37,2,13,Skip
1,talk,38,2,8,ESTIMATE Agent[05] WEREWOLF
1,talk,39,2,11,Skip
1,talk,40,2,3,Skip
1,talk,41,2,6,Over
1,talk,42,2,4,VOTE Agent[15]
1,talk,43,2,2,Skip
1,talk,44,2,10,ESTIMATE Agent[05] SEER
1,talk,45,3,8,VOTE Agent[05]
1,talk,46,3,14,Over
1,talk,47,3,2,Over
1,talk,48,3,7,VOTE Agent[03]
1,talk,49,3,12,Over
1,talk,50,3,5,REQUEST(DIVINATION Agent[12])
1,talk,51,3,3,Skip
1,talk,52,3,15,VOTE Agent[01]
1,talk,53,3,10,Skip
1,talk,54,3,13,Skip
1,talk,55,3,11,Over
1,talk,56,3,9,Over
1,talk,57,3,6,Over
1,talk,58,3,1,Over
1,talk,59,3,4,Skip
1,talk,60,4,15,VOTE Agent[01]
1,talk,61,4,1,Over
1,talk,62,4,11,Over
1,talk,63,4,14,Over
1,talk,64,4,8,Skip
1,talk,65,4,10,Skip
1,talk,66,4,2,Over
1,talk,67,4,7,Skip
1,talk,68,4,13,Over
1,talk,69,4,12,Over
1,talk,70,4,4,VOTE Agent[12]
1,talk,71,4,6,Over
1,talk,72,4,9,Over
1,talk,73,4,5,VOTE Agent[12]
1,talk,74,4,3,Over
1,talk,75,5,10,VOTE Agent[12]
1,talk,76,5,4,VOTE Agent[02]
1,talk,77,5,8,Skip
1,talk,78,5,13,Over
1,talk,79,5,15,VOTE Agent[01]
1,talk,80,5,7,Over
1,talk,81,5,2,Over
1,talk,82,5,11,Over
1,talk,83,5,12,Over
1,talk,84,5,9,Over
1,talk,85,5,5,Skip
1,talk,86,5,14,Over
1,talk,87,5,6,Over
1,talk,88,5,3,VOTE Agent[12]
1,talk,89,5,1,Over
1,talk,90,6,14,Over
1,talk,91,6,2,Over
1,talk,92,6,8,Over
1,talk,93,6,15,VOTE Agent[01]
1,talk,94,6,7,VOTE Agent[15]
1,talk,95,6,12,Over
1,talk,96,6,3,Skip
1,talk,97,6,5,Skip
1,talk,98,6,6,Over
1,talk,99,6,9,Over
1,talk,100,6,1,Over
1,talk,101,6,11,Over
1,talk,102,6,10,Skip
1,talk,103,6,4,VOTE Agent[06]
1,talk,104,6,13,VOTE Agent[04]
1,talk,105,7,13,Skip
1,talk,106,7,14,Over
1,talk,107,7,6,Over
1,talk,108,7,8,Over
1,talk,109,7,7,VOTE Agent[11]
1,talk,110,7,4,VOTE Agent[14]
1,talk,111,7,11,Over
1,talk,112,7,5,Over
1,talk,113,7,10,Skip
1,talk,114,7,3,Skip
1,talk,115,7,15,VOTE Agent[01]
1,talk,116,7,9,Over
1,talk,117,7,12,Over
1,talk,118,7,1,Over
1,talk,119,7,2,Over
1,talk,120,8,8,Over
1,talk,121,8,3,Over
1,talk,122,8,1,Over
1,talk,123,8,12,Over
1,talk,124,8,9,Over
1,talk,125,8,7,VOTE Agent[12]
1,talk,126,8,2,Over
1,talk,127,8,13,VOTE Agent[12]
1,talk,128,8,11,Over
1,talk,129,8,6,Over
1,talk,130,8,15,VOTE Agent[01]
1,talk,131,8,5,Over
1,talk,132,8,4,VOTE Agent[07]
1,talk,133,8,14,Over
1,talk,134,8,10,Over
1,talk,135,9,13,Skip
1,talk,136,9,14,Over
1,talk,137,9,1,Over
1,talk,138,9,15,VOTE Agent[01]
1,talk,139,9,3,Over
1,talk,140,9,10,Over
1,talk,141,9,11,Over
1,talk,142,9,4,VOTE Agent[05]
1,talk,143,9,5,Over
1,talk,144,9,2,Over
1,talk,145,9,7,ESTIMATE Agent[03] WEREWOLF
1,talk,146,9,8,Over
1,talk,147,9,12,Over
1,talk,148,9,9,Over
1,talk,149,9,6,Over
1,talk,150,10,5,Over
1,talk,151,10,10,Over
1,talk,152,10,11,Over
1,talk,153,10,4,VOTE Agent[08]
1,talk,154,10,15,Over
1,talk,155,10,14,Over
1,talk,156,10,7,VOTE Agent[08]
1,talk,157,10,13,Skip
1,talk,158,10,8,Over
1,talk,159,10,9,Over
1,talk,160,10,1,Over
1,talk,161,10,6,Over
1,talk,162,10,12,Over
1,talk,163,10,2,Over
1,talk,164,10,3,Over
1,talk,165,11,14,Over
1,talk,166,11,9,Over
1,talk,167,11,5,Over
1,talk,168,11,13,Over
1,talk,169,11,2,Over
1,talk,170,11,8,Over
1,talk,171,11,6,Over
1,talk,172,11,4,Over
1,talk,173,11,11,Over
1,talk,174,11,3,Over
1,talk,175,11,7,VOTE Agent[12]
1,talk,176,11,12,Over
1,talk,177,11,1,Over
1,talk,178,11,10,Over
1,talk,179,11,15,Over
1,talk,180,12,10,Over
1,talk,181,12,4,Over
1,talk,182,12,15,Over
1,talk,183,12,7,Over
1,talk,184,12,9,Over
1,talk,185,12,3,Over
1,talk,186,12,8,Over
1,talk,187,12,11,Over
1,talk,188,12,1,Over
1,talk,189,12,12,Over
1,talk,190,12,14,Over
1,talk,191,12,2,Over
1,talk,192,12,5,Over
1,talk,193,12,13,Over
1,talk,194,12,6,Over
1,vote,1,8
1,vote,2,3
1,vote,3,12
1,vote,4,12
1,vote,5,12
1,vote,6,15
1,vote,7,12
1,vote,8,5
1,vote,9,14
1,vote,10,12
1,vote,11,5
1,vote,12,15
1,vote,13,12
1,vote,14,8
1,vote,15,12
1,execute,12,VILLAGER
1,divine,6,14,HUMAN
1,whisper,0,0,3,ATTACK Agent[15]
1,whisper,1,0,4,ATTACK Agent[01]
1,whisper,2,0,9,Over
1,whisper,3,1,4,ATTACK Agent[06]
1,whisper,4,1,3,Skip
1,whisper,5,1,9,Over
1,whisper,6,2,4,ATTACK Agent[10]
1,whisper,7,2,9,Over
1,whisper,8,2,3,Skip
1,whisper,9,3,9,Over
1,whisper,10,3,4,ATTACK Agent[06]
1,whisper,11,3,3,Over
1,whisper,12,4,3,Over
1,whisper,13,4,9,Over
1,whisper,14,4,4,ATTACK Agent[07]
1,whisper,15,5,3,Over
1,whisper,16,5,4,ATTACK Agent[05]
1,whisper,17,5,9,Over
1,whisper,18,6,3,Over
1,whisper,19,6,4,ATTACK Agent[13]
1,whisper,20,6,9,Over
1,whisper,21,7,3,Over
1,whisper,22,7,4,ATTACK Agent[07]
1,whisper,23,7,9,Over
1,whisper,24,8,9,Over
1,whisper,25,8,4,ATTACK Agent[12]
1,whisper,26,8,3,Over
1,whisper,27,9,3,Over
1,whisper,28,9,4,ATTACK Agent[15]
1,whisper,29,9,9,Over
1,whisper,30,10,3,Over
1,whisper,31,10,4,Over
1,whisper,32,10,9,Over
1,guard,11,5,POSSESSED
1,attackVote,3,15
1,attackVote,4,8
1,attackVote,3,15
1,attackVote,4,7
1,attack,15,true
2,status,1,VILLAGER,ALIVE,tmcit2017
2,status,2,VILLAGER,ALIVE,Army
2,status,3,WEREWOLF,ALIVE,rsaito
2,status,4,WEREWOLF,ALIVE,Neo_ELIZA
2,status,5,POSSESSED,ALIVE,AIWolf_NET
2,status,6,SEER,ALIVE,Romanesco
2,status,7,VILLAGER,ALIVE,wasabi
2,status,8,VILLAGER,ALIVE,H-ReGEX
2,status,9,WEREWOLF,ALIVE,yk_aiwolf
2,status,10,VILLAGER,ALIVE,Kanpyo
2,status,11,BODYGUARD,ALIVE,konno
2,status,12,VILLAGER,DEAD,AITKN
2,status,13,VILLAGER,ALIVE,neko
2,status,14,VILLAGER,ALIVE,flex
2,status,15,MEDIUM,DEAD,Litt1eGirl
2,talk,0,0,14,Over
2,talk,1,0,2,COMINGOUT Agent[02] VILLAGER
2,talk,2,0,3,VOTE Agent[08]
2,talk,3,0,11,VOTE Agent[13]
2,talk,4,0,7,VOTE Agent[01]
2,talk,5,0,10,Skip
2,talk,6,0,6,Skip
2,talk,7,0,9,Over
2,talk,8,0,5,DIVINED Agent[07] HUMAN
2,talk,9,0,8,ESTIMATE Agent[12] WEREWOLF
2,talk,10,0,4,VOTE Agent[12]
2,talk,11,0,1,Over
2,talk,12,0,13,VOTE Agent[04]
2,talk,13,1,5,ESTIMATE Agent[14] WEREWOLF
2,talk,14,1,13,Skip
2,talk,15,1,6,Skip
2,talk,16,1,8,VOTE Agent[12]
2,talk,17,1,9,Over
2,talk,18,1,14,Over
2,talk,19,1,1,Over
2,talk,20,1,11,Skip
2,talk,21,1,3,VOTE Agent[13]
2,talk,22,1,2,VOTE Agent[03]
2,talk,23,1,7,Skip
2,talk,24,1,10,ESTIMATE Agent[07] VILLAGER
2,talk,25,1,4,VOTE Agent[06]
2,talk,26,2,2,VOTE Agent[04]
2,talk,27,2,4,VOTE Agent[11]
2,talk,28,2,7,VOTE Agent[13]
2,talk,29,2,9,Over
2,talk,30,2,8,Skip
2,talk,31,2,3,Skip
2,talk,32,2,5,REQUEST(DIVINATION Agent[14])
2,talk,33,2,10,Skip
2,talk,34,2,14,Over
2,talk,35,2,6,Over
2,talk,36,2,13,VOTE Agent[03]
2,talk,37,2,1,Over
2,talk,38,2,11,Skip
2,talk,39,3,4,VOTE Agent[12]
2,talk,40,3,13,VOTE Agent[04]
2,talk,41,3,11,Over
2,talk,42,3,8,Skip
2,talk,43,3,3,Skip
2,talk,44,3,14,Over
2,talk,45,3,9,Over
2,talk,46,3,2,VOTE Agent[06]
2,talk,47,3,10,Skip
2,talk,48,3,5,VOTE Agent[14]
2,talk,49,3,1,Over
2,talk,50,3,7,VOTE Agent[02]
2,talk,51,3,6,Over
2,talk,52,4,5,Skip
2,talk,53,4,10,Over
2,talk,54,4,14,Over
2,talk,55,4,8,Over
2,talk,56,4,2,VOTE Agent[07]
2,talk,57,4,11,Over
2,talk,58,4,4,VOTE Agent[07]
2,talk,59,4,9,Over
2,talk,60,4,7,Skip
2,talk,61,4,6,Over
2,talk,62,4,3,Over
2,talk,63,4,1,Over
2,talk,64,4,13,VOTE Agent[02]
2,talk,65,5,10,VOTE Agent[02]
2,talk,66,5,11,Over
2,talk,67,5,1,Over
2,talk,68,5,2,VOTE Agent[08]
2,talk,69,5,5,Skip
2,talk,70,5,8,Over
2,talk,71,5,3,Over
2,talk,72,5,13,Skip
2,talk,73,5,4,VOTE Agent[05]
2,talk,74,5,7,VOTE Agent[04]
2,talk,75,5,14,Over
2,talk,76,5,9,Over
2,talk,77,5,6,Over
2,talk,78,6,5,Over
2,talk,79,6,4,VOTE Agent[01]
2,talk,80,6,1,Over
2,talk,81,6,14,Over
2,talk,82,6,13,Skip
2,talk,83,6,11,Over
2,talk,84,6,10,Skip
2,talk,85,6,3,Over
2,talk,86,6,2,VOTE Agent[09]
2,talk,87,6,6,Over
2,talk,88,6,9,Over
2,talk,89,6,8,Over
2,talk,90,6,7,VOTE Agent[11]
2,talk,91,7,4,VOTE Agent[10]
2,talk,92,7,5,Over
2,talk,93,7,8,Over
2,talk,94,7,3,Over
2,talk,95,7,11,Over
2,talk,96,7,7,VOTE Agent[03]
2,talk,97,7,13,VOTE Agent[01]
2,talk,98,7,14,Over
2,talk,99,7,10,Skip
2,talk,100,7,2,VOTE Agent[10]
2,talk,101,7,9,Over
2,talk,102,7,6,Over
2,talk,103,7,1,Over
2,talk,104,8,11,Over
2,talk,105,8,14,Over
2,talk,106,8,7,VOTE Agent[14]
2,talk,107,8,1,Over
2,talk,108,8,2,VOTE Agent[11]
2,talk,109,8,10,Over
2,talk,110,8,8,Over
2,talk,111,8,4,VOTE Agent[01]
2,talk,112,8,5,Over
2,talk,113,8,3,Over
2,talk,114,8,6,Over
2,talk,115,8,13,VOTE Agent[02]
2,talk,116,8,9,Over
2,talk,117,9,8,Over
2,talk,118,9,4,VOTE Agent[08]
2,talk,119,9,13,VOTE Agent[01]
2,talk,120,9,2,VOTE Agent[12]
2,talk,121,9,6,Over
2,talk,122,9,5,Over
2,talk,123,9,11,Over
2,talk,124,9,3,Over
2,talk,125,9,7,VOTE Agent[13]
2,talk,126,9,14,Over
2,talk,127,9,1,Over
2,talk,128,9,9,Over
2,talk,129,9,10,Over
2,talk,130,10,13,Skip
2,talk,131,10,2,Over
2,talk,132,10,7,ESTIMATE Agent[06] VILLAGER
2,talk,133,10,6,Over
2,talk,134,10,14,Over
2,talk,135,10,5,Over
2,talk,136,10,8,Over
2,talk,137,10,9,Over
2,talk,138,10,11,Over
2,talk,139,10,3,Over
2,talk,140,10,4,Over
2,talk,141,10,10,Over
2,talk,142,10,1,Over
2,talk,143,11,4,Over
2,talk,144,11,6,Over
2,talk,145,11,10,Over
2,talk,146,11,13,Skip
2,talk,147,11,8,Over
2,talk,148,11,14,Over
2,talk,149,11,7,VOTE Agent[06]
2,talk,150,11,9,Over
2,talk,151,11,1,Over
2,talk,152,11,3,Over
2,talk,153,11,5,Over
2,talk,154,11,11,Over
2,talk,155,11,2,Over
2,talk,156,12,2,Over
2,talk,157,12,8,Over
2,talk,158,12,9,Over
2,talk,159,12,11,Over
2,talk,160,12,10,Over
2,talk,161,12,7,Over
2,talk,162,12,6,Over
2,talk,163,12,5,Over
2,talk,164,12,13,VOTE Agent[02]
2,talk,165,12,1,Over
2,talk,166,12,3,Over
2,talk,167,12,14,Over
2,talk,168,12,4,Over
2,talk,169,13,9,Over
2,talk,170,13,2,Over
2,talk,171,13,4,Over
2,talk,172,13,11,Over
2,talk,173,13,8,Over
2,talk,174,13,3,Over
2,talk,175,13,10,Over
2,talk,176,13,13,Skip
2,talk,177,13,1,Over
2,talk,178,13,14,Over
2,talk,179,13,5,Over
2,talk,180,13,6,Over
2,talk,181,13,7,Over
2,talk,182,14,13,Skip
2,talk,183,14,7,Over
2,talk,184,14,10,Over
2,talk,185,14,9,Over
2,talk,186,14,4,Over
2,talk,187,14,8,Over
2,talk,188,14,2,Over
2,talk,189,14,14,Over
2,talk,190,14,3,Over
2,talk,191,14,11,Over
2,talk,192,14,1,Over
2,talk,193,14,5,Over
2,talk,194,14,6,Over
2,talk,195,15,2,Over
2,talk,196,15,8,Over
2,talk,197,15,13,Over
2,talk,198,15,4,Over
2,talk,199,15,3,Over
2,talk,200,15,7,Over
2,talk,201,15,5,Over
2,talk,202,15,1,Over
2,talk,203,15,14,Over
2,talk,204,15,9,Over
2,talk,205,15,10,Over
2,talk,206,15,11,Over
2,talk,207,15,6,Over
2,vote,1,14
2,vote,2,3
2,vote,3,13
2,vote,4,14
2,vote,5,14
2,vote,6,14
2,vote,7,6
2,vote,8,13
2,vote,9,8
2,vote,10,2
2,vote,11,13
2,vote,13,2
2,vote,14,13
2,vote,1,10
2,vote,2,3
2,vote,3,13
2,vote,4,2
2,vote,5,14
2,vote,6,14
2,vote,7,8
2,vote,8,6
2,vote,9,10
2,vote,10,2
2,vote,11,13
2,vote,13,14
2,vote,14,2
2,execute,2,VILLAGER
2,divine,6,13,HUMAN
2,whisper,0,0,4,ATTACK Agent[02]
2,whisper,1,0,3,ATTACK Agent[01]
2,whisper,2,0,9,Over
2,whisper,3,1,9,Over
2,whisper,4,1,3,Skip
2,whisper,5,1,4,ATTACK Agent[01]
2,whisper,6,2,3,Skip
2,whisper,7,2,9,Over
2,whisper,8,2,4,ATTACK Agent[08]
2,whisper,9,3,3,Over
2,whisper,10,3,4,ATTACK Agent[15]
2,whisper,11,3,9,Over
2,whisper,12,4,3,Over
2,whisper,13,4,4,ATTACK Agent[12]
2,whisper,14,4,9,Over
2,whisper,15,5,3,Over
2,whisper,16,5,4,ATTACK Agent[13]
2,whisper,17,5,9,Over
2,whisper,18,6,4,ATTACK Agent[08]
2,whisper,19,6,9,Over
2,whisper,20,6,3,Over
2,whisper,21,7,4,ATTACK Agent[13]
2,whisper,22,7,9,Over
2,whisper,23,7,3,Over
2,whisper,24,8,3,Over
2,whisper,25,8,4,Skip
2,whisper,26,8,9,Over
2,whisper,27,9,4,Skip
2,whisper,28,9,9,Over
2,whisper,29,9,3,Over
2,whisper,30,10,3,Over
2,whisper,31,10,9,Over
2,whisper,32,10,4,ATTACK Agent[14]
2,whisper,33,11,9,Over
2,whisper,34,11,3,Over
2,whisper,35,11,4,ATTACK Agent[02]
2,whisper,36,12,4,Over
2,whisper,37,12,9,Over
2,whisper,38,12,3,Over
2,guard,11,5,POSSESSED
2,attackVote,3,1
2,attackVote,4,14
2,attackVote,3,1
2,attack,1,true
3,status,1,VILLAGER,DEAD,tmcit2017
3,status,2,VILLAGER,DEAD,Army
3,status,3,WEREWOLF,ALIVE,rsaito
3,status,4,WEREWOLF,ALIVE,Neo_ELIZA
3,status,5,POSSESSED,ALIVE,AIWolf_NET
3,status,6,SEER,ALIVE,Romanesco
3,status,7,VILLAGER,ALIVE,wasabi
3,status,8,VILLAGER,ALIVE,H-ReGEX
3,status,9,WEREWOLF,ALIVE,yk_aiwolf
3,status,10,VILLAGER,ALIVE,Kanpyo
3,status,11,BODYGUARD,ALIVE,konno
3,status,12,VILLAGER,DEAD,AITKN
3,status,13,VILLAGER,ALIVE,neko
3,status,14,VILLAGER,ALIVE,flex
3,status,15,MEDIUM,DEAD,Litt1eGirl
3,talk,0,0,6,COMINGOUT Agent[06] SEER
3,talk,1,0,4,VOTE Agent[15]
3,talk,2,0,10,Skip
3,talk,3,0,13,VOTE Agent[03]
3,talk,4,0,8,ESTIMATE Agent[12] WEREWOLF
3,talk,5,0,7,Skip
3,talk,6,0,3,VOTE Agent[13]
3,talk,7,0,9,Over
3,talk,8,0,11,VOTE Agent[05]
3,talk,9,0,5,DIVINED Agent[03] HUMAN
3,talk,10,0,14,Over
3,talk,11,1,3,Skip
3,talk,12,1,8,VOTE Agent[12]
3,talk,13,1,5,ESTIMATE Agent[07] WEREWOLF
3,talk,14,1,10,ESTIMATE Agent[06] SEER
3,talk,15,1,13,Skip
3,talk,16,1,6,DIVINED Agent[13] HUMAN
3,talk,17,1,14,Over
3,talk,18,1,11,Skip
3,talk,19,1,4,VOTE Agent[13]
3,talk,20,1,7,VOTE Agent[04]
3,talk,21,1,9,Over
3,talk,22,2,6,DIVINED Agent[14] HUMAN
3,talk,23,2,11,Skip
3,talk,24,2,10,Skip
3,talk,25,2,8,Skip
3,talk,26,2,9,Over
3,talk,27,2,5,REQUEST(DIVINATION Agent[07])
3,talk,28,2,13,VOTE Agent[04]
3,talk,29,2,3,Skip
3,talk,30,2,14,Over
3,talk,31,2,7,Skip
3,talk,32,2,4,VOTE Agent[01]
3,talk,33,3,7,VOTE Agent[09]
3,talk,34,3,10,Skip
3,talk,35,3,9,Over
3,talk,36,3,4,VOTE Agent[12]
3,talk,37,3,5,VOTE Agent[07]
3,talk,38,3,13,VOTE Agent[03]
3,talk,39,3,8,Skip
3,talk,40,3,6,DIVINED Agent[15] HUMAN
3,talk,41,3,3,Over
3,talk,42,3,11,Over
3,talk,43,3,14,Over
3,talk,44,4,9,Over
3,talk,45,4,5,ESTIMATE Agent[06] WEREWOLF
3,talk,46,4,4,VOTE Agent[02]
3,talk,47,4,6,DIVINED Agent[13] HUMAN
3,talk,48,4,11,Over
3,talk,49,4,14,Over
3,talk,50,4,8,Over
3,talk,51,4,13,VOTE Agent[05]
3,talk,52,4,7,VOTE Agent[11]
3,talk,53,4,10,Over
3,talk,54,4,3,Over
3,talk,55,5,8,Over
3,talk,56,5,4,VOTE Agent[01]
3,talk,57,5,9,Over
3,talk,58,5,10,VOTE Agent[05]
3,talk,59,5,6,Skip
3,talk,60,5,3,Over
3,talk,61,5,13,VOTE Agent[03]
3,talk,62,5,14,Over
3,talk,63,5,11,Over
3,talk,64,5,7,ESTIMATE Agent[04] VILLAGER
3,talk,65,5,5,REQUEST(DIVINATION Agent[06])
3,talk,66,6,8,Over
3,talk,67,6,11,Over
3,talk,68,6,10,Skip
3,talk,69,6,3,Over
3,talk,70,6,5,VOTE Agent[06]
3,talk,71,6,7,VOTE Agent[08]
3,talk,72,6,14,Over
3,talk,73,6,13,VOTE Agent[05]
3,talk,74,6,6,Skip
3,talk,75,6,4,VOTE Agent[07]
3,talk,76,6,9,Over
3,talk,77,7,7,Skip
3,talk,78,7,4,Skip
3,talk,79,7,11,Over
3,talk,80,7,8,Over
3,talk,81,7,9,Over
3,talk,82,7,5,Skip
3,talk,83,7,13,Skip
3,talk,84,7,3,VOTE Agent[05]
3,talk,85,7,14,Over
3,talk,86,7,6,Over
3,talk,87,7,10,Skip
3,talk,88,8,13,Skip
3,talk,89,8,11,Over
3,talk,90,8,9,Over
3,talk,91,8,5,Skip
3,talk,92,8,8,Over
3,talk,93,8,4,VOTE Agent[08]
3,talk,94,8,14,Over
3,talk,95,8,7,ESTIMATE Agent[05] WEREWOLF
3,talk,96,8,10,Over
3,talk,97,8,6,Over
3,talk,98,8,3,Skip
3,talk,99,9,9,Over
3,talk,100,9,6,Over
3,talk,101,9,11,Over
3,talk,102,9,5,Over
3,talk,103,9,7,Over
3,talk,104,9,10,Over
3,talk,105,9,8,Over
3,talk,106,9,3,Skip
3,talk,107,9,13,Over
3,talk,108,9,4,VOTE Agent[15]
3,talk,109,9,14,Over
3,talk,110,10,11,Over
3,talk,111,10,3,Over
3,talk,112,10,4,VOTE Agent[08]
3,talk,113,10,6,Over
3,talk,114,10,5,Over
3,talk,115,10,7,Over
3,talk,116,10,9,Over
3,talk,117,10,14,Over
3,talk,118,10,13,Over
3,talk,119,10,8,Over
3,talk,120,10,10,Over
3,talk,121,11,11,Over
3,talk,122,11,8,Over
3,talk,123,11,5,Over
3,talk,124,11,6,Over
3,talk,125,11,7,VOTE Agent[11]
3,talk,126,11,4,Over
3,talk,127,11,3,Over
3,talk,128,11,10,Over
3,talk,129,11,13,Over
3,talk,130,11,14,Over
3,talk,131,11,9,Over
3,talk,132,12,14,Over
3,talk,133,12,13,Over
3,talk,134,12,5,Over
3,talk,135,12,6,Over
3,talk,136,12,10,Over
3,talk,137,12,9,Over
3,talk,138,12,4,Over
3,talk,139,12,8,Over
3,talk,140,12,11,Over
3,talk,141,12,3,Over
3,talk,142,12,7,VOTE Agent[14]
3,talk,143,13,9,Over
3,talk,144,13,6,Over
3,talk,145,13,11,Over
3,talk,146,13,10,Over
3,talk,147,13,8,Over
3,talk,148,13,3,Over
3,talk,149,13,13,Over
3,talk,150,13,14,Over
3,talk,151,13,4,Over
3,talk,152,13,5,Over
3,talk,153,13,7,VOTE Agent[09]
3,talk,154,14,6,Over
3,talk,155,14,14,Over
3,talk,156,14,7,ESTIMATE Agent[04] WEREWOLF
3,talk,157,14,9,Over
3,talk,158,14,3,Over
3,talk,159,14,11,Over
3,talk,160,14,10,Over
3,talk,161,14,5,Over
3,talk,162,14,4,Over
3,talk,163,14,8,Over
3,talk,164,14,13,Over
3,talk,165,15,7,Over
3,talk,166,15,11,Over
3,talk,167,15,5,Over
3,talk,168,15,14,Over
3,talk,169,15,9,Over
3,talk,170,15,8,Over
3,talk,171,15,3,Over
3,talk,172,15,6,Over
3,talk,173,15,4,Over
3,talk,174,15,10,Over
3,talk,175,15,13,Over
3,vote,3,5
3,vote,4,11
3,vote,5,6
3,vote,6,14
3,vote,7,9
3,vote,8,14
3,vote,9,3
3,vote,10,5
3,vote,11,5
3,vote,13,5
3,vote,14,9
3,execute,5,POSSESSED
3,divine,6,11,HUMAN
3,whisper,0,0,3,ESTIMATE Agent[05] POSSESSED
3,whisper,1,0,4,ESTIMATE Agent[05] POSSESSED
3,whisper,2,0,9,Over
3,whisper,3,1,4,ATTACK Agent[13]
3,whisper,4,1,9,Over
3,whisper,5,1,3,ATTACK Agent[07]
3,whisper,6,2,4,ATTACK Agent[11]
3,whisper,7,2,9,Over
3,whisper,8,2,3,Skip
3,whisper,9,3,3,Skip
3,whisper,10,3,4,ATTACK Agent[14]
3,whisper,11,3,9,Over
3,whisper,12,4,3,Over
3,whisper,13,4,9,Over
3,whisper,14,4,4,ATTACK Agent[08]
3,whisper,15,5,4,ATTACK Agent[12]
3,whisper,16,5,3,Over
3,whisper,17,5,9,Over
3,whisper,18,6,3,Over
3,whisper,19,6,9,Over
3,whisper,20,6,4,ATTACK Agent[06]
3,whisper,21,7,4,ATTACK Agent[15]
3,whisper,22,7,9,Over
3,whisper,23,7,3,Over
3,whisper,24,8,9,Over
3,whisper,25,8,4,ATTACK Agent[11]
3,whisper,26,8,3,Over
3,whisper,27,9,4,ATTACK Agent[14]
3,whisper,28,9,3,Over
3,whisper,29,9,9,Over
3,whisper,30,10,9,Over
3,whisper,31,10,4,Over
3,whisper,32,10,3,Over
3,guard,11,6,SEER
3,attackVote,3,7
3,attackVote,4,13
3,attackVote,3,7
3,attack,7,true
4,status,1,VILLAGER,DEAD,tmcit2017
4,status,2,VILLAGER,DEAD,Army
4,status,3,WEREWOLF,ALIVE,rsaito
4,status,4,WEREWOLF,ALIVE,Neo_ELIZA
4,status,5,POSSESSED,DEAD,AIWolf_NET
4,status,6,SEER,ALIVE,Romanesco
4,status,7,VILLAGER,DEAD,wasabi
4,status,8,VILLAGER,ALIVE,H-ReGEX
4,status,9,WEREWOLF,ALIVE,yk_aiwolf
4,status,10,VILLAGER,ALIVE,Kanpyo
4,status,11,BODYGUARD,ALIVE,konno
4,status,12,VILLAGER,DEAD,AITKN
4,status,13,VILLAGER,ALIVE,neko
4,status,14,VILLAGER,ALIVE,flex
4,status,15,MEDIUM,DEAD,Litt1eGirl
4,talk,0,0,3,VOTE Agent[13]
4,talk,1,0,9,Over
4,talk,2,0,14,Over
4,talk,3,0,8,ESTIMATE Agent[06] WEREWOLF
4,talk,4,0,4,VOTE Agent[14]
4,talk,5,0,6,DIVINED Agent[11] HUMAN
4,talk,6,0,13,VOTE Agent[03]
4,talk,7,0,10,Skip
4,talk,8,0,11,VOTE Agent[14]
4,talk,9,1,11,Skip
4,talk,10,1,3,VOTE Agent[14]
4,talk,11,1,9,Over
4,talk,12,1,14,Over
4,talk,13,1,4,VOTE Agent[13]
4,talk,14,1,8,VOTE Agent[06]
4,talk,15,1,13,Skip
4,talk,16,1,6,Skip
4,talk,17,1,10,Skip
4,talk,18,2,14,Over
4,talk,19,2,3,Skip
4,talk,20,2,8,Skip
4,talk,21,2,13,VOTE Agent[06]
4,talk,22,2,9,Over
4,talk,23,2,4,VOTE Agent[07]
4,talk,24,2,10,Over
4,talk,25,2,11,Skip
4,talk,26,2,6,Skip
4,talk,27,3,3,VOTE Agent[06]
4,talk,28,3,13,Skip
4,talk,29,3,8,Skip
4,talk,30,3,10,Over
4,talk,31,3,14,Over
4,talk,32,3,6,Over
4,talk,33,3,9,Over
4,talk,34,3,4,VOTE Agent[12]
4,talk,35,3,11,Over
4,talk,36,4,3,Skip
4,talk,37,4,6,Over
4,talk,38,4,4,VOTE Agent[14]
4,talk,39,4,9,Over
4,talk,40,4,10,Over
4,talk,41,4,8,Over
4,talk,42,4,13,Skip
4,talk,43,4,11,Over
4,talk,44,4,14,Over
4,talk,45,5,11,Over
4,talk,46,5,9,Over
4,talk,47,5,13,Over
4,talk,48,5,3,Skip
4,talk,49,5,10,VOTE Agent[06]
4,talk,50,5,8,Over
4,talk,51,5,14,Over
4,talk,52,5,4,Skip
4,talk,53,5,6,Over
4,talk,54,6,6,Over
4,talk,55,6,9,Over
4,talk,56,6,3,Over
4,talk,57,6,11,Over
4,talk,58,6,13,Over
4,talk,59,6,14,Over
4,talk,60,6,4,VOTE Agent[01]
4,talk,61,6,8,Over
4,talk,62,6,10,Skip
4,talk,63,7,14,Over
4,talk,64,7,6,Over
4,talk,65,7,8,Over
4,talk,66,7,4,VOTE Agent[02]
4,talk,67,7,11,Over
4,talk,68,7,9,Over
4,talk,69,7,3,Over
4,talk,70,7,13,Over
4,talk,71,7,10,Skip
4,talk,72,8,9,Over
4,talk,73,8,14,Over
4,talk,74,8,4,VOTE Agent[15]
4,talk,75,8,6,Over
4,talk,76,8,8,Over
4,talk,77,8,3,Over
4,talk,78,8,11,Over
4,talk,79,8,10,Over
4,talk,80,8,13,Over
4,talk,81,9,4,VOTE Agent[07]
4,talk,82,9,11,Over
4,talk,83,9,8,Over
4,talk,84,9,13,Over
4,talk,85,9,9,Over
4,talk,86,9,10,Over
4,talk,87,9,14,Over
4,talk,88,9,6,Over
4,talk,89,9,3,Over
4,talk,90,10,3,Over
4,talk,91,10,4,VOTE Agent[12]
4,talk,92,10,13,Over
4,talk,93,10,10,Over
4,talk,94,10,14,Over
4,talk,95,10,11,Over
4,talk,96,10,9,Over
4,talk,97,10,8,Over
4,talk,98,10,6,Over
4,talk,99,11,10,Over
4,talk,100,11,6,Over
4,talk,101,11,9,Over
4,talk,102,11,8,Over
4,talk,103,11,3,Over
4,talk,104,11,13,Over
4,talk,105,11,14,Over
4,talk,106,11,4,Over
4,talk,107,11,11,Over
4,vote,3,6
4,vote,4,9
4,vote,6,14
4,vote,8,6
4,vote,9,3
4,vote,10,6
4,vote,11,14
4,vote,13,6
4,vote,14,3
4,execute,6,SEER
4,whisper,0,0,3,ATTACK Agent[14]
4,whisper,1,0,4,ATTACK Agent[14]
4,whisper,2,0,9,Over
4,whisper,3,1,3,Skip
4,whisper,4,1,9,Over
4,whisper,5,1,4,ATTACK Agent[11]
4,whisper,6,2,3,Skip
4,whisper,7,2,9,Over
4,whisper,8,2,4,ATTACK Agent[14]
4,whisper,9,3,9,Over
4,whisper,10,3,4,ATTACK Agent[15]
4,whisper,11,3,3,Over
4,whisper,12,4,4,ATTACK Agent[01]
4,whisper,13,4,9,Over
4,whisper,14,4,3,Over
4,whisper,15,5,4,ATTACK Agent[13]
4,whisper,16,5,9,Over
4,whisper,17,5,3,Over
4,whisper,18,6,9,Over
4,whisper,19,6,3,Over
4,whisper,20,6,4,ATTACK Agent[07]
4,whisper,21,7,3,Over
4,whisper,22,7,9,Over
4,whisper,23,7,4,ATTACK Agent[14]
4,whisper,24,8,9,Over
4,whisper,25,8,3,Over
4,whisper,26,8,4,Skip
4,whisper,27,9,9,Over
4,whisper,28,9,3,Over
4,whisper,29,9,4,ATTACK Agent[12]
4,whisper,30,10,9,Over
4,whisper,31,10,3,Over
4,whisper,32,10,4,ATTACK Agent[13]
4,whisper,33,11,9,Over
4,whisper,34,11,4,Over
4,whisper,35,11,3,Over
4,guard,11,10,VILLAGER
4,attackVote,3,14
4,attackVote,4,13
4,attackVote,3,14
4,attack,14,true
5,status,1,VILLAGER,DEAD,tmcit2017
5,status,2,VILLAGER,DEAD,Army
5,status,3,WEREWOLF,ALIVE,rsaito
5,status,4,WEREWOLF,ALIVE,Neo_ELIZA
5,status,5,POSSESSED,DEAD,AIWolf_NET
5,status,6,SEER,DEAD,Romanesco
5,status,7,VILLAGER,DEAD,wasabi
5,status,8,VILLAGER,ALIVE,H-ReGEX
5,status,9,WEREWOLF,ALIVE,yk_aiwolf
5,status,10,VILLAGER,ALIVE,Kanpyo
5,status,11,BODYGUARD,ALIVE,konno
5,status,12,VILLAGER,DEAD,AITKN
5,status,13,VILLAGER,ALIVE,neko
5,status,14,VILLAGER,DEAD,flex
5,status,15,MEDIUM,DEAD,Litt1eGirl
5,talk,0,0,4,VOTE Agent[11]
5,talk,1,0,9,Over
5,talk,2,0,8,VOTE Agent[09]
5,talk,3,0,10,Skip
5,talk,4,0,3,VOTE Agent[13]
5,talk,5,0,11,VOTE Agent[09]
5,talk,6,0,13,VOTE Agent[03]
5,talk,7,1,9,Over
5,talk,8,1,8,Skip
5,talk,9,1,10,Skip
5,talk,10,1,3,Skip
5,talk,11,1,11,Skip
5,talk,12,1,4,VOTE Agent[13]
5,talk,13,1,13,Skip
5,talk,14,2,11,Skip
5,talk,15,2,8,Skip
5,talk,16,2,13,Skip
5,talk,17,2,10,Over
5,talk,18,2,4,VOTE Agent[12]
5,talk,19,2,3,Skip
5,talk,20,2,9,Over
5,talk,21,3,11,Over
5,talk,22,3,13,Over
5,talk,23,3,8,Over
5,talk,24,3,3,Over
5,talk,25,3,9,Over
5,talk,26,3,10,Over
5,talk,27,3,4,VOTE Agent[06]
5,talk,28,4,13,Over
5,talk,29,4,11,Over
5,talk,30,4,8,Over
5,talk,31,4,3,Over
5,talk,32,4,10,Over
5,talk,33,4,4,VOTE Agent[01]
5,talk,34,4,9,Over
5,talk,35,5,4,VOTE Agent[12]
5,talk,36,5,11,Over
5,talk,37,5,9,Over
5,talk,38,5,3,Over
5,talk,39,5,13,Over
5,talk,40,5,8,Over
5,talk,41,5,10,Over
5,talk,42,6,4,VOTE Agent[08]
5,talk,43,6,9,Over
5,talk,44,6,3,Over
5,talk,45,6,10,Over
5,talk,46,6,13,Over
5,talk,47,6,11,Over
5,talk,48,6,8,Over
5,talk,49,7,10,Over
5,talk,50,7,13,VOTE Agent[08]
5,talk,51,7,4,VOTE Agent[12]
5,talk,52,7,11,Over
5,talk,53,7,3,Over
5,talk,54,7,8,Over
5,talk,55,7,9,Over
5,talk,56,8,4,VOTE Agent[15]
5,talk,57,8,9,Over
5,talk,58,8,13,VOTE Agent[03]
5,talk,59,8,10,Over
5,talk,60,8,8,Over
5,talk,61,8,3,Over
5,talk,62,8,11,Over
5,talk,63,9,11,Over
5,talk,64,9,3,Over
5,talk,65,9,8,Over
5,talk,66,9,4,VOTE Agent[11]
5,talk,67,9,9,Over
5,talk,68,9,10,Over
5,talk,69,9,13,Skip
5,talk,70,10,13,Skip
5,talk,71,10,4,Over
5,talk,72,10,9,Over
5,talk,73,10,3,Over
5,talk,74,10,8,Over
5,talk,75,10,10,Over
5,talk,76,10,11,Over
5,talk,77,11,9,Over
5,talk,78,11,10,Over
5,talk,79,11,8,Over
5,talk,80,11,3,Over
5,talk,81,11,13,Over
5,talk,82,11,4,Over
5,talk,83,11,11,Over
5,vote,3,13
5,vote,4,10
5,vote,8,9
5,vote,9,11
5,vote,10,11
5,vote,11,9
5,vote,13,3
5,vote,3,13
5,vote,4,8
5,vote,8,9
5,vote,9,4
5,vote,10,11
5,vote,11,9
5,vote,13,9
5,execute,9,WEREWOLF
5,whisper,0,0,3,ATTACK Agent[13]
5,whisper,1,0,4,ATTACK Agent[11]
5,whisper,2,1,4,ATTACK Agent[15]
5,whisper,3,1,3,Skip
5,whisper,4,2,3,Skip
5,whisper,5,2,4,ATTACK Agent[07]
5,whisper,6,3,3,Over
5,whisper,7,3,4,ATTACK Agent[08]
5,whisper,8,4,3,Over
5,whisper,9,4,4,ATTACK Agent[01]
5,whisper,10,5,3,Over
5,whisper,11,5,4,ATTACK Agent[13]
5,whisper,12,6,3,Over
5,whisper,13,6,4,ATTACK Agent[08]
5,whisper,14,7,3,Over
5,whisper,15,7,4,ATTACK Agent[15]
5,whisper,16,8,4,ATTACK Agent[11]
5,whisper,17,8,3,Over
5,whisper,18,9,4,ATTACK Agent[14]
5,whisper,19,9,3,Over
5,whisper,20,10,4,Over
5,whisper,21,10,3,Over
5,guard,11,13,VILLAGER
5,attackVote,3,13
5,attackVote,4,13
5,attack,13,false
6,status,1,VILLAGER,DEAD,tmcit2017
6,status,2,VILLAGER,DEAD,Army
6,status,3,WEREWOLF,ALIVE,rsaito
6,status,4,WEREWOLF,ALIVE,Neo_ELIZA
6,status,5,POSSESSED,DEAD,AIWolf_NET
6,status,6,SEER,DEAD,Romanesco
6,status,7,VILLAGER,DEAD,wasabi
6,status,8,VILLAGER,ALIVE,H-ReGEX
6,status,9,WEREWOLF,DEAD,yk_aiwolf
6,status,10,VILLAGER,ALIVE,Kanpyo
6,status,11,BODYGUARD,ALIVE,konno
6,status,12,VILLAGER,DEAD,AITKN
6,status,13,VILLAGER,ALIVE,neko
6,status,14,VILLAGER,DEAD,flex
6,status,15,MEDIUM,DEAD,Litt1eGirl
6,talk,0,0,8,VOTE Agent[03]
6,talk,1,0,4,VOTE Agent[15]
6,talk,2,0,13,VOTE Agent[03]
6,talk,3,0,10,Skip
6,talk,4,0,3,VOTE Agent[13]
6,talk,5,0,11,VOTE Agent[03]
6,talk,6,1,10,Skip
6,talk,7,1,3,Skip
6,talk,8,1,13,Skip
6,talk,9,1,11,Skip
6,talk,10,1,4,VOTE Agent[06]
6,talk,11,1,8,Skip
6,talk,12,2,13,Skip
6,talk,13,2,10,Over
6,talk,14,2,8,Skip
6,talk,15,2,4,VOTE Agent[12]
6,talk,16,2,11,Skip
6,talk,17,2,3,Skip
6,talk,18,3,10,Over
6,talk,19,3,11,Over
6,talk,20,3,4,Skip
6,talk,21,3,8,Over
6,talk,22,3,3,Over
6,talk,23,3,13,Over
6,talk,24,4,11,Over
6,talk,25,4,3,Over
6,talk,26,4,10,Over
6,talk,27,4,4,VOTE Agent[08]
6,talk,28,4,8,Over
6,talk,29,4,13,Over
6,talk,30,5,4,VOTE Agent[01]
6,talk,31,5,10,Over
6,talk,32,5,8,Over
6,talk,33,5,11,Over
6,talk,34,5,3,Over
6,talk,35,5,13,Over
6,talk,36,6,13,Over
6,talk,37,6,4,VOTE Agent[07]
6,talk,38,6,3,Over
6,talk,39,6,11,Over
6,talk,40,6,8,Over
6,talk,41,6,10,Over
6,talk,42,7,13,Over
6,talk,43,7,4,VOTE Agent[10]
6,talk,44,7,3,Over
6,talk,45,7,11,Over
6,talk,46,7,8,Over
6,talk,47,7,10,Over
6,talk,48,8,3,Over
6,talk,49,8,8,Over
6,talk,50,8,13,Over
6,talk,51,8,4,VOTE Agent[08]
6,talk,52,8,11,Over
6,talk,53,8,10,Over
6,talk,54,9,10,Over
6,talk,55,9,11,Over
6,talk,56,9,13,Over
6,talk,57,9,3,Over
6,talk,58,9,8,Over
6,talk,59,9,4,Skip
6,talk,60,10,4,VOTE Agent[15]
6,talk,61,10,8,Over
6,talk,62,10,10,Over
6,talk,63,10,13,Over
6,talk,64,10,11,Over
6,talk,65,10,3,Over
6,talk,66,11,11,Over
6,talk,67,11,3,Over
6,talk,68,11,10,Over
6,talk,69,11,13,Over
6,talk,70,11,8,Over
6,talk,71,11,4,VOTE Agent[13]
6,talk,72,12,8,Over
6,talk,73,12,13,Over
6,talk,74,12,11,Over
6,talk,75,12,10,Over
6,talk,76,12,4,Over
6,talk,77,12,3,Over
6,vote,3,13
6,vote,4,3
6,vote,8,3
6,vote,10,3
6,vote,11,3
6,vote,13,3
6,execute,3,WEREWOLF
6,guard,11,13,VILLAGER
6,attack,11,true
7,status,1,VILLAGER,DEAD,tmcit2017
7,status,2,VILLAGER,DEAD,Army
7,status,3,WEREWOLF,DEAD,rsaito
7,status,4,WEREWOLF,ALIVE,Neo_ELIZA
7,status,5,POSSESSED,DEAD,AIWolf_NET
7,status,6,SEER,DEAD,Romanesco
7,status,7,VILLAGER,DEAD,wasabi
7,status,8,VILLAGER,ALIVE,H-ReGEX
7,status,9,WEREWOLF,DEAD,yk_aiwolf
7,status,10,VILLAGER,ALIVE,Kanpyo
7,status,11,BODYGUARD,DEAD,konno
7,status,12,VILLAGER,DEAD,AITKN
7,status,13,VILLAGER,ALIVE,neko
7,status,14,VILLAGER,DEAD,flex
7,status,15,MEDIUM,DEAD,Litt1eGirl
7,talk,0,0,8,VOTE Agent[13]
7,talk,1,0,10,Skip
7,talk,2,0,13,VOTE Agent[04]
7,talk,3,0,4,VOTE Agent[13]
7,talk,4,1,4,VOTE Agent[02]
7,talk,5,1,8,Skip
7,talk,6,1,13,Skip
7,talk,7,1,10,Skip
7,talk,8,2,8,Skip
7,talk,9,2,4,VOTE Agent[11]
7,talk,10,2,13,Skip
7,talk,11,2,10,Over
7,talk,12,3,4,VOTE Agent[01]
7,talk,13,3,13,Over
7,talk,14,3,8,Over
7,talk,15,3,10,Over
7,talk,16,4,10,Over
7,talk,17,4,8,Over
7,talk,18,4,4,VOTE Agent[14]
7,talk,19,4,13,Over
7,talk,20,5,10,Over
7,talk,21,5,13,Over
7,talk,22,5,4,VOTE Agent[10]
7,talk,23,5,8,Over
7,talk,24,6,4,VOTE Agent[13]
7,talk,25,6,13,Over
7,talk,26,6,10,Over
7,talk,27,6,8,Over
7,talk,28,7,10,Over
7,talk,29,7,13,Over
7,talk,30,7,4,VOTE Agent[11]
7,talk,31,7,8,Over
7,talk,32,8,10,Over
7,talk,33,8,4,Skip
7,talk,34,8,13,Over
7,talk,35,8,8,Over
7,talk,36,9,8,Over
7,talk,37,9,13,Over
7,talk,38,9,10,Over
7,talk,39,9,4,Skip
7,talk,40,10,8,Over
7,talk,41,10,10,Over
7,talk,42,10,4,VOTE Agent[14]
7,talk,43,10,13,Over
7,talk,44,11,13,Over
7,talk,45,11,8,Over
7,talk,46,11,10,Over
7,talk,47,11,4,VOTE Agent[13]
7,talk,48,12,8,Over
7,talk,49,12,10,Over
7,talk,50,12,4,Over
7,talk,51,12,13,Over
7,vote,4,13
7,vote,8,13
7,vote,10,4
7,vote,13,4
7,vote,4,10
7,vote,8,13
7,vote,10,8
7,vote,13,4
7,execute,4,WEREWOLF
8,status,1,VILLAGER,DEAD,tmcit2017
8,status,2,VILLAGER,DEAD,Army
8,status,3,WEREWOLF,DEAD,rsaito
8,status,4,WEREWOLF,DEAD,Neo_ELIZA
8,status,5,POSSESSED,DEAD,AIWolf_NET
8,status,6,SEER,DEAD,Romanesco
8,status,7,VILLAGER,DEAD,wasabi
8,status,8,VILLAGER,ALIVE,H-ReGEX
8,status,9,WEREWOLF,DEAD,yk_aiwolf
8,status,10,VILLAGER,ALIVE,Kanpyo
8,status,11,BODYGUARD,DEAD,konno
8,status,12,VILLAGER,DEAD,AITKN
8,status,13,VILLAGER,ALIVE,neko
8,status,14,VILLAGER,DEAD,flex
8,status,15,MEDIUM,DEAD,Litt1eGirl
8,result,3,0,VILLAGER
