0,status,1,BODYGUARD,ALIVE,tmcit2017
0,status,2,VILLAGER,ALIVE,Army
0,status,3,VILLAGER,ALIVE,rsaito
0,status,4,VILLAGER,ALIVE,Neo_ELIZA
0,status,5,VILLAGER,ALIVE,AIWolf_NET
0,status,6,MEDIUM,ALIVE,Romanesco
0,status,7,WEREWOLF,ALIVE,wasabi
0,status,8,WEREWOLF,ALIVE,H-ReGEX
0,status,9,VILLAGER,ALIVE,yk_aiwolf
0,status,10,SEER,ALIVE,Kanpyo
0,status,11,VILLAGER,ALIVE,konno
0,status,12,VILLAGER,ALIVE,AITKN
0,status,13,VILLAGER,ALIVE,neko
0,status,14,WEREWOLF,ALIVE,flex
0,status,15,POSSESSED,ALIVE,Litt1eGirl
0,whisper,0,0,14,Over
0,whisper,1,0,8,COMINGOUT Agent[08] SEER
0,whisper,2,0,7,Over
0,whisper,3,1,8,Skip
0,whisper,4,1,14,Over
0,whisper,5,1,7,Over
0,whisper,6,2,7,ATTACK Agent[13]
0,whisper,7,2,8,Skip
0,whisper,8,2,14,Over
0,whisper,9,3,14,Over
0,whisper,10,3,7,ATTACK Agent[04]
0,whisper,11,3,8,Over
0,whisper,12,4,8,Over
0,whisper,13,4,14,Over
0,whisper,14,4,7,ATTACK Agent[02]
0,whisper,15,5,14,Over
0,whisper,16,5,7,ATTACK Agent[04]
0,whisper,17,5,8,Over
0,whisper,18,6,7,Over
0,whisper,19,6,8,Over
0,whisper,20,6,14,Over
0,divine,10,12,HUMAN
1,status,1,BODYGUARD,ALIVE,tmcit2017
1,status,2,VILLAGER,ALIVE,Army
1,status,3,VILLAGER,ALIVE,rsaito
1,status,4,VILLAGER,ALIVE,Neo_ELIZA
1,status,5,VILLAGER,ALIVE,AIWolf_NET
1,status,6,MEDIUM,ALIVE,Romanesco
1,status,7,WEREWOLF,ALIVE,wasabi
1,status,8,WEREWOLF,ALIVE,H-ReGEX
1,status,9,VILLAGER,ALIVE,yk_aiwolf
1,status,10,SEER,ALIVE,Kanpyo
1,status,11,VILLAGER,ALIVE,konno
1,status,12,VILLAGER,ALIVE,AITKN
1,status,13,VILLAGER,ALIVE,neko
1,status,14,WEREWOLF,ALIVE,flex
1,status,15,POSSESSED,ALIVE,Litt1eGirl
1,talk,0,0,3,VOTE Agent[07]
1,talk,1,0,5,VOTE Agent[10]
1,talk,2,0,1,COMINGOUT Agent[01] VILLAGER
1,talk,3,0,10,COMINGOUT Agent[10] SEER
1,talk,4,0,7,VOTE Agent[12]
1,talk,5,0,13,VOTE Agent[03]
1,talk,6,0,12,VOTE Agent[06]
1,talk,7,0,9,Over
1,talk,8,0,11,VOTE Agent[03]
1,talk,9,0,15,COMINGOUT Agent[15] SEER
1,talk,10,0,8,COMINGOUT Agent[08] SEER
1,talk,11,0,4,VOTE Agent[02]
1,talk,12,0,2,COMINGOUT Agent[02] VILLAGER
1,talk,13,0,6,Skip
1,talk,14,0,14,Over
1,talk,15,1,3,VOTE Agent[12]
1,talk,16,1,11,Skip
1,talk,17,1,15,DIVINED Agent[14] WEREWOLF
1,talk,18,1,14,Over
1,talk,19,1,7,Skip
1,talk,20,1,9,Over
1,talk,21,1,10,DIVINED Agent[08] WEREWOLF
1,talk,22,1,5,Skip
1,talk,23,1,8,ESTIMATE Agent[13] WEREWOLF
1,talk,24,1,1,Over
1,talk,25,1,12,VOTE Agent[03]
1,talk,26,1,13,VOTE Agent[08]
1,talk,27,1,4,Skip
1,talk,28,1,2,Skip
1,talk,29,1,6,Skip
1,talk,30,2,9,Over
1,talk,31,2,7,Skip
1,talk,32,2,1,Over
1,talk,33,2,14,Over
1,talk,34,2,3,VOTE Agent[08]
1,talk,35,2,13,Skip
1,talk,36,2,15,VOTE Agent[14]
1,talk,37,2,10,VOTE Agent[08]
1,talk,38,2,12,Skip
1,talk,39,2,8,VOTE Agent[13]
1,talk,40,2,2,ESTIMATE Agent[14] WEREWOLF
1,talk,41,2,11,Skip
1,talk,42,2,4,Skip
1,talk,43,2,6,Over
1,talk,44,2,5,Skip
1,talk,45,3,12,VOTE Agent[08]
1,talk,46,3,8,DIVINED Agent[10] HUMAN
1,talk,47,3,14,Over
1,talk,48,3,7,VOTE Agent[14]
1,talk,49,3,15,ESTIMATE Agent[09] VILLAGER
1,talk,50,3,1,Over
1,talk,51,3,10,REQUEST(VOTE Agent[08])
1,talk,52,3,2,ESTIMATE Agent[08] WEREWOLF
1,talk,53,3,5,Over
1,talk,54,3,6,VOTE Agent[08]
1,talk,55,3,9,Over
1,talk,56,3,4,Over
1,talk,57,3,13,Skip
1,talk,58,3,3,Skip
1,talk,59,3,11,Over
1,talk,60,4,3,Skip
1,talk,61,4,8,ESTIMATE Agent[15] WEREWOLF
1,talk,62,4,11,Over
1,talk,63,4,2,Skip
1,talk,64,4,5,Over
1,talk,65,4,15,Over
1,talk,66,4,9,Over
1,talk,67,4,12,ESTIMATE Agent[10] POSSESSED
1,talk,68,4,13,Over
1,talk,69,4,6,Skip
1,talk,70,4,4,Over
1,talk,71,4,7,ESTIMATE Agent[10] WEREWOLF
1,talk,72,4,10,REQUEST(Agent[15] Over)
1,talk,73,4,1,Over
1,talk,74,4,14,Over
1,talk,75,5,8,VOTE Agent[15]
1,talk,76,5,11,Over
1,talk,77,5,4,Over
1,talk,78,5,13,Over
1,talk,79,5,2,Skip
1,talk,80,5,12,VOTE Agent[08]
1,talk,81,5,15,Over
1,talk,82,5,3,Over
1,talk,83,5,7,ESTIMATE Agent[13] VILLAGER
1,talk,84,5,5,Over
1,talk,85,5,14,Over
1,talk,86,5,9,Over
1,talk,87,5,1,Over
1,talk,88,5,6,VOTE Agent[08]
1,talk,89,5,10,ESTIMATE Agent[15] POSSESSED
1,talk,90,6,15,Over
1,talk,91,6,5,Over
1,talk,92,6,9,Over
1,talk,93,6,13,Over
1,talk,94,6,6,Skip
1,talk,95,6,10,REQUEST(Agent[08] Over)
1,talk,96,6,8,Skip
1,talk,97,6,7,ESTIMATE Agent[02] VILLAGER
1,talk,98,6,2,Over
1,talk,99,6,1,Over
1,talk,100,6,3,Over
1,talk,101,6,14,Over
1,talk,102,6,12,REQUEST(DIVINATION Agent[07])
1,talk,103,6,4,Over
1,talk,104,6,11,Over
1,talk,105,7,2,Over
1,talk,106,7,14,Over
1,talk,107,7,8,Skip
1,talk,108,7,9,Over
1,talk,109,7,11,Over
1,talk,110,7,12,Skip
1,talk,111,7,10,ESTIMATE Agent[08] POSSESSED
1,talk,112,7,6,VOTE Agent[08]
1,talk,113,7,1,Over
1,talk,114,7,5,Over
1,talk,115,7,3,Over
1,talk,116,7,13,Over
1,talk,117,7,7,Skip
1,talk,118,7,15,Over
1,talk,119,7,4,Over
1,talk,120,8,10,REQUEST(Agent[15] Over)
1,talk,121,8,12,Skip
1,talk,122,8,13,Over
1,talk,123,8,3,Over
1,talk,124,8,1,Over
1,talk,125,8,8,Over
1,talk,126,8,14,Over
1,talk,127,8,15,Over
1,talk,128,8,5,Over
1,talk,129,8,4,Over
1,talk,130,8,2,Over
1,talk,131,8,7,ESTIMATE Agent[08] WEREWOLF
1,talk,132,8,11,Over
1,talk,133,8,6,Skip
1,talk,134,8,9,Over
1,talk,135,9,8,Over
1,talk,136,9,6,Skip
1,talk,137,9,1,Over
1,talk,138,9,14,Over
1,talk,139,9,3,Over
1,talk,140,9,5,Over
1,talk,141,9,4,Over
1,talk,142,9,11,Over
1,talk,143,9,7,Over
1,talk,144,9,12,Over
1,talk,145,9,2,Over
1,talk,146,9,15,Over
1,talk,147,9,10,REQUEST(Agent[08] Over)
1,talk,148,9,9,Over
1,talk,149,9,13,Over
1,talk,150,10,15,ESTIMATE Agent[05] VILLAGER
1,talk,151,10,8,Over
1,talk,152,10,1,Over
1,talk,153,10,9,Over
1,talk,154,10,12,Over
1,talk,155,10,5,Over
1,talk,156,10,4,Over
1,talk,157,10,2,Over
1,talk,158,10,14,Over
1,talk,159,10,6,Over
1,talk,160,10,10,Over
1,talk,161,10,11,Over
1,talk,162,10,7,Over
1,talk,163,10,13,Over
1,talk,164,10,3,Over
1,talk,165,11,7,ESTIMATE Agent[03] VILLAGER
1,talk,166,11,8,Over
1,talk,167,11,4,Over
1,talk,168,11,2,Over
1,talk,169,11,12,Over
1,talk,170,11,3,Over
1,talk,171,11,14,Over
1,talk,172,11,9,Over
1,talk,173,11,10,Over
1,talk,174,11,1,Over
1,talk,175,11,5,Over
1,talk,176,11,13,Over
1,talk,177,11,11,Over
1,talk,178,11,6,Over
1,talk,179,11,15,Over
1,talk,180,12,12,Over
1,talk,181,12,6,Over
1,talk,182,12,7,Over
1,talk,183,12,1,Over
1,talk,184,12,11,Over
1,talk,185,12,9,Over
1,talk,186,12,4,Over
1,talk,187,12,2,Over
1,talk,188,12,14,Over
1,talk,189,12,10,Over
1,talk,190,12,15,Over
1,talk,191,12,13,Over
1,talk,192,12,3,Over
1,talk,193,12,8,Over
1,talk,194,12,5,Over
1,vote,1,14
1,vote,2,3
1,vote,3,8
1,vote,4,2
1,vote,5,10
1,vote,6,8
1,vote,7,14
1,vote,8,15
1,vote,9,6
1,vote,10,8
1,vote,11,3
1,vote,12,8
1,vote,13,8
1,vote,14,9
1,vote,15,14
1,execute,8,WEREWOLF
1,divine,10,13,HUMAN
1,whisper,0,0,7,ATTACK Agent[15]
1,whisper,1,0,14,Over
1,whisper,2,1,14,Over
1,whisper,3,1,7,Over
1,guard,1,10,SEER
1,attackVote,7,15
1,attack,15,true
2,status,1,BODYGUARD,ALIVE,tmcit2017
2,status,2,VILLAGER,ALIVE,Army
2,status,3,VILLAGER,ALIVE,rsaito
2,status,4,VILLAGER,ALIVE,Neo_ELIZA
2,status,5,VILLAGER,ALIVE,AIWolf_NET
2,status,6,MEDIUM,ALIVE,Romanesco
2,status,7,WEREWOLF,ALIVE,wasabi
2,status,8,WEREWOLF,DEAD,H-ReGEX
2,status,9,VILLAGER,ALIVE,yk_aiwolf
2,status,10,SEER,ALIVE,Kanpyo
2,status,11,VILLAGER,ALIVE,konno
2,status,12,VILLAGER,ALIVE,AITKN
2,status,13,VILLAGER,ALIVE,neko
2,status,14,WEREWOLF,ALIVE,flex
2,status,15,POSSESSED,DEAD,Litt1eGirl
2,talk,0,0,6,COMINGOUT Agent[06] MEDIUM
2,talk,1,0,1,Over
2,talk,2,0,5,VOTE Agent[13]
2,talk,3,0,11,VOTE Agent[05]
2,talk,4,0,2,COMINGOUT Agent[02] VILLAGER
2,talk,5,0,9,Over
2,talk,6,0,3,VOTE Agent[14]
2,talk,7,0,7,VOTE Agent[14]
2,talk,8,0,14,Over
2,talk,9,0,13,VOTE Agent[14]
2,talk,10,0,4,VOTE Agent[06]
2,talk,11,0,12,VOTE Agent[02]
2,talk,12,0,10,DIVINED Agent[13] HUMAN
2,talk,13,1,4,Skip
2,talk,14,1,10,Skip
2,talk,15,1,5,Skip
2,talk,16,1,12,VOTE Agent[14]
2,talk,17,1,2,VOTE Agent[03]
2,talk,18,1,9,Over
2,talk,19,1,1,Over
2,talk,20,1,13,Skip
2,talk,21,1,11,Skip
2,talk,22,1,6,IDENTIFIED Agent[08] WEREWOLF
2,talk,23,1,7,Skip
2,talk,24,1,3,Skip
2,talk,25,1,14,Over
2,talk,26,2,10,Skip
2,talk,27,2,9,Over
2,talk,28,2,5,Skip
2,talk,29,2,3,Skip
2,talk,30,2,1,Over
2,talk,31,2,4,Skip
2,talk,32,2,14,Over
2,talk,33,2,2,VOTE Agent[04]
2,talk,34,2,6,Skip
2,talk,35,2,13,Skip
2,talk,36,2,11,Skip
2,talk,37,2,7,Skip
2,talk,38,2,12,Skip
2,talk,39,3,1,Over
2,talk,40,3,10,Over
2,talk,41,3,14,Over
2,talk,42,3,11,Over
2,talk,43,3,7,ESTIMATE Agent[11] VILLAGER
2,talk,44,3,4,Over
2,talk,45,3,2,VOTE Agent[05]
2,talk,46,3,6,VOTE Agent[14]
2,talk,47,3,9,Over
2,talk,48,3,12,Skip
2,talk,49,3,3,Over
2,talk,50,3,13,Over
2,talk,51,3,5,Over
2,talk,52,4,11,Over
2,talk,53,4,13,VOTE Agent[01]
2,talk,54,4,7,ESTIMATE Agent[03] VILLAGER
2,talk,55,4,2,VOTE Agent[06]
2,talk,56,4,14,Over
2,talk,57,4,3,Over
2,talk,58,4,9,Over
2,talk,59,4,4,Over
2,talk,60,4,10,Over
2,talk,61,4,6,Skip
2,talk,62,4,12,REQUEST(DIVINATION Agent[01])
2,talk,63,4,5,Over
2,talk,64,4,1,Over
2,talk,65,5,9,Over
2,talk,66,5,4,Over
2,talk,67,5,2,VOTE Agent[07]
2,talk,68,5,14,Over
2,talk,69,5,7,ESTIMATE Agent[06] MEDIUM
2,talk,70,5,5,Over
2,talk,71,5,12,Skip
2,talk,72,5,13,Skip
2,talk,73,5,10,VOTE Agent[14]
2,talk,74,5,3,Over
2,talk,75,5,1,Over
2,talk,76,5,11,Over
2,talk,77,5,6,VOTE Agent[14]
2,talk,78,6,2,VOTE Agent[09]
2,talk,79,6,12,Skip
2,talk,80,6,6,Skip
2,talk,81,6,11,Over
2,talk,82,6,9,Over
2,talk,83,6,5,Over
2,talk,84,6,13,Skip
2,talk,85,6,4,Over
2,talk,86,6,7,ESTIMATE Agent[02] VILLAGER
2,talk,87,6,1,Over
2,talk,88,6,10,Skip
2,talk,89,6,14,Over
2,talk,90,6,3,Over
2,talk,91,7,6,VOTE Agent[14]
2,talk,92,7,11,Over
2,talk,93,7,4,Over
2,talk,94,7,12,Over
2,talk,95,7,14,Over
2,talk,96,7,9,Over
2,talk,97,7,1,Over
2,talk,98,7,3,Over
2,talk,99,7,2,VOTE Agent[11]
2,talk,100,7,10,Skip
2,talk,101,7,5,Over
2,talk,102,7,7,ESTIMATE Agent[05] VILLAGER
2,talk,103,7,13,Over
2,talk,104,8,9,Over
2,talk,105,8,12,Over
2,talk,106,8,6,Skip
2,talk,107,8,10,Over
2,talk,108,8,2,VOTE Agent[12]
2,talk,109,8,1,Over
2,talk,110,8,13,Over
2,talk,111,8,3,Over
2,talk,112,8,4,Over
2,talk,113,8,5,Over
2,talk,114,8,7,ESTIMATE Agent[09] VILLAGER
2,talk,115,8,14,Over
2,talk,116,8,11,Over
2,talk,117,9,7,Skip
2,talk,118,9,13,Over
2,talk,119,9,5,Over
2,talk,120,9,2,VOTE Agent[13]
2,talk,121,9,4,Over
2,talk,122,9,3,Over
2,talk,123,9,11,Over
2,talk,124,9,14,Over
2,talk,125,9,9,Over
2,talk,126,9,6,Skip
2,talk,127,9,1,Over
2,talk,128,9,12,Over
2,talk,129,9,10,Over
2,talk,130,10,13,Over
2,talk,131,10,1,Over
2,talk,132,10,2,Over
2,talk,133,10,7,Over
2,talk,134,10,9,Over
2,talk,135,10,6,Over
2,talk,136,10,14,Over
2,talk,137,10,3,Over
2,talk,138,10,11,Over
2,talk,139,10,12,Over
2,talk,140,10,10,Over
2,talk,141,10,5,Over
2,talk,142,10,4,Over
2,vote,1,7
2,vote,2,3
2,vote,3,14
2,vote,4,6
2,vote,5,13
2,vote,6,14
2,vote,7,14
2,vote,9,6
2,vote,10,14
2,vote,11,5
2,vote,12,14
2,vote,13,1
2,vote,14,3
2,execute,14,WEREWOLF
2,guard,1,10,SEER
2,attackVote,7,13
2,attack,13,true
3,status,1,BODYGUARD,ALIVE,tmcit2017
3,status,2,VILLAGER,ALIVE,Army
3,status,3,VILLAGER,ALIVE,rsaito
3,status,4,VILLAGER,ALIVE,Neo_ELIZA
3,status,5,VILLAGER,ALIVE,AIWolf_NET
3,status,6,MEDIUM,ALIVE,Romanesco
3,status,7,WEREWOLF,ALIVE,wasabi
3,status,8,WEREWOLF,DEAD,H-ReGEX
3,status,9,VILLAGER,ALIVE,yk_aiwolf
3,status,10,SEER,ALIVE,Kanpyo
3,status,11,VILLAGER,ALIVE,konno
3,status,12,VILLAGER,ALIVE,AITKN
3,status,13,VILLAGER,DEAD,neko
3,status,14,WEREWOLF,DEAD,flex
3,status,15,POSSESSED,DEAD,Litt1eGirl
3,talk,0,0,7,VOTE Agent[04]
3,talk,1,0,5,VOTE Agent[09]
3,talk,2,0,12,VOTE Agent[01]
3,talk,3,0,10,Skip
3,talk,4,0,2,COMINGOUT Agent[02] VILLAGER
3,talk,5,0,9,Over
3,talk,6,0,4,VOTE Agent[12]
3,talk,7,0,3,VOTE Agent[09]
3,talk,8,0,6,IDENTIFIED Agent[14] WEREWOLF
3,talk,9,0,11,VOTE Agent[03]
3,talk,10,0,1,Over
3,talk,11,1,3,VOTE Agent[12]
3,talk,12,1,9,Over
3,talk,13,1,2,Skip
3,talk,14,1,11,Skip
3,talk,15,1,7,Skip
3,talk,16,1,1,Over
3,talk,17,1,5,Skip
3,talk,18,1,10,Skip
3,talk,19,1,6,Skip
3,talk,20,1,4,Skip
3,talk,21,1,12,VOTE Agent[09]
3,talk,22,2,2,Skip
3,talk,23,2,11,Skip
3,talk,24,2,9,Over
3,talk,25,2,5,Skip
3,talk,26,2,12,Skip
3,talk,27,2,3,Skip
3,talk,28,2,4,Skip
3,talk,29,2,10,Over
3,talk,30,2,6,Skip
3,talk,31,2,7,ESTIMATE Agent[02] VILLAGER
3,talk,32,2,1,Over
3,talk,33,3,6,VOTE Agent[12]
3,talk,34,3,1,Over
3,talk,35,3,2,Over
3,talk,36,3,10,Over
3,talk,37,3,3,Skip
3,talk,38,3,11,Over
3,talk,39,3,9,Over
3,talk,40,3,7,Skip
3,talk,41,3,4,Over
3,talk,42,3,5,Over
3,talk,43,3,12,Skip
3,talk,44,4,9,Over
3,talk,45,4,5,Over
3,talk,46,4,12,REQUEST(DIVINATION Agent[03])
3,talk,47,4,6,Skip
3,talk,48,4,1,Over
3,talk,49,4,7,ESTIMATE Agent[03] VILLAGER
3,talk,50,4,3,Over
3,talk,51,4,2,Over
3,talk,52,4,10,Over
3,talk,53,4,4,Over
3,talk,54,4,11,Over
3,talk,55,5,3,VOTE Agent[09]
3,talk,56,5,11,Over
3,talk,57,5,7,ESTIMATE Agent[09] VILLAGER
3,talk,58,5,1,Over
3,talk,59,5,6,VOTE Agent[12]
3,talk,60,5,10,VOTE Agent[12]
3,talk,61,5,9,Over
3,talk,62,5,12,Skip
3,talk,63,5,2,Over
3,talk,64,5,5,Over
3,talk,65,5,4,Over
3,talk,66,6,2,Over
3,talk,67,6,9,Over
3,talk,68,6,3,Skip
3,talk,69,6,6,Skip
3,talk,70,6,12,Skip
3,talk,71,6,1,Over
3,talk,72,6,7,Skip
3,talk,73,6,4,Over
3,talk,74,6,11,Over
3,talk,75,6,10,Skip
3,talk,76,6,5,Over
3,talk,77,7,7,ESTIMATE Agent[01] VILLAGER
3,talk,78,7,3,Skip
3,talk,79,7,10,Skip
3,talk,80,7,1,Over
3,talk,81,7,12,Over
3,talk,82,7,5,Over
3,talk,83,7,9,Over
3,talk,84,7,6,VOTE Agent[12]
3,talk,85,7,4,Over
3,talk,86,7,11,Over
3,talk,87,7,2,Over
3,talk,88,8,1,Over
3,talk,89,8,6,Skip
3,talk,90,8,5,Over
3,talk,91,8,12,Over
3,talk,92,8,10,Over
3,talk,93,8,9,Over
3,talk,94,8,3,Over
3,talk,95,8,4,Over
3,talk,96,8,7,VOTE Agent[10]
3,talk,97,8,11,Over
3,talk,98,8,2,Over
3,talk,99,9,7,ESTIMATE Agent[06] MEDIUM
3,talk,100,9,5,Over
3,talk,101,9,2,Over
3,talk,102,9,6,Skip
3,talk,103,9,3,Over
3,talk,104,9,11,Over
3,talk,105,9,4,Over
3,talk,106,9,9,Over
3,talk,107,9,10,Over
3,talk,108,9,12,Over
3,talk,109,9,1,Over
3,talk,110,10,11,Over
3,talk,111,10,1,Over
3,talk,112,10,5,Over
3,talk,113,10,4,Over
3,talk,114,10,3,Over
3,talk,115,10,2,Over
3,talk,116,10,12,Over
3,talk,117,10,6,Over
3,talk,118,10,7,ESTIMATE Agent[10] WEREWOLF
3,talk,119,10,10,Over
3,talk,120,10,9,Over
3,talk,121,11,2,Over
3,talk,122,11,5,Over
3,talk,123,11,10,Over
3,talk,124,11,9,Over
3,talk,125,11,7,ESTIMATE Agent[11] VILLAGER
3,talk,126,11,4,Over
3,talk,127,11,12,Over
3,talk,128,11,1,Over
3,talk,129,11,11,Over
3,talk,130,11,3,Over
3,talk,131,11,6,Over
3,talk,132,12,7,ESTIMATE Agent[01] VILLAGER
3,talk,133,12,2,Over
3,talk,134,12,11,Over
3,talk,135,12,5,Over
3,talk,136,12,4,Over
3,talk,137,12,6,Over
3,talk,138,12,10,Over
3,talk,139,12,12,Over
3,talk,140,12,3,Over
3,talk,141,12,1,Over
3,talk,142,12,9,Over
3,talk,143,13,5,Over
3,talk,144,13,6,Over
3,talk,145,13,9,Over
3,talk,146,13,12,Over
3,talk,147,13,7,Over
3,talk,148,13,2,Over
3,talk,149,13,4,Over
3,talk,150,13,1,Over
3,talk,151,13,3,Over
3,talk,152,13,10,Over
3,talk,153,13,11,Over
3,vote,1,5
3,vote,2,3
3,vote,3,9
3,vote,4,12
3,vote,5,9
3,vote,6,12
3,vote,7,10
3,vote,9,5
3,vote,10,12
3,vote,11,3
3,vote,12,9
3,vote,1,11
3,vote,2,3
3,vote,3,12
3,vote,4,12
3,vote,5,9
3,vote,6,12
3,vote,7,5
3,vote,9,4
3,vote,10,12
3,vote,11,3
3,vote,12,9
3,execute,12,VILLAGER
3,divine,10,4,HUMAN
3,guard,1,10,SEER
3,attackVote,7,6
3,attack,6,true
4,status,1,BODYGUARD,ALIVE,tmcit2017
4,status,2,VILLAGER,ALIVE,Army
4,status,3,VILLAGER,ALIVE,rsaito
4,status,4,VILLAGER,ALIVE,Neo_ELIZA
4,status,5,VILLAGER,ALIVE,AIWolf_NET
4,status,6,MEDIUM,DEAD,Romanesco
4,status,7,WEREWOLF,ALIVE,wasabi
4,status,8,WEREWOLF,DEAD,H-ReGEX
4,status,9,VILLAGER,ALIVE,yk_aiwolf
4,status,10,SEER,ALIVE,Kanpyo
4,status,11,VILLAGER,ALIVE,konno
4,status,12,VILLAGER,DEAD,AITKN
4,status,13,VILLAGER,DEAD,neko
4,status,14,WEREWOLF,DEAD,flex
4,status,15,POSSESSED,DEAD,Litt1eGirl
4,talk,0,0,2,COMINGOUT Agent[02] VILLAGER
4,talk,1,0,3,VOTE Agent[09]
4,talk,2,0,1,Over
4,talk,3,0,9,Over
4,talk,4,0,11,VOTE Agent[01]
4,talk,5,0,7,VOTE Agent[10]
4,talk,6,0,5,VOTE Agent[10]
4,talk,7,0,10,DIVINED Agent[04] HUMAN
4,talk,8,0,4,VOTE Agent[02]
4,talk,9,1,10,Skip
4,talk,10,1,5,Skip
4,talk,11,1,3,Skip
4,talk,12,1,4,Skip
4,talk,13,1,1,Over
4,talk,14,1,11,Skip
4,talk,15,1,7,Skip
4,talk,16,1,9,Over
4,talk,17,1,2,Skip
4,talk,18,2,1,Over
4,talk,19,2,7,Skip
4,talk,20,2,11,Skip
4,talk,21,2,9,Over
4,talk,22,2,5,Skip
4,talk,23,2,2,Skip
4,talk,24,2,3,Skip
4,talk,25,2,10,Skip
4,talk,26,2,4,Skip
4,talk,27,3,2,Over
4,talk,28,3,5,Over
4,talk,29,3,3,Over
4,talk,30,3,7,Over
4,talk,31,3,1,Over
4,talk,32,3,10,Over
4,talk,33,3,4,Over
4,talk,34,3,11,Over
4,talk,35,3,9,Over
4,vote,1,7
4,vote,2,3
4,vote,3,9
4,vote,4,2
4,vote,5,10
4,vote,7,10
4,vote,9,10
4,vote,10,5
4,vote,11,1
4,execute,10,SEER
4,attackVote,7,4
4,attack,4,true
5,status,1,BODYGUARD,ALIVE,tmcit2017
5,status,2,VILLAGER,ALIVE,Army
5,status,3,VILLAGER,ALIVE,rsaito
5,status,4,VILLAGER,DEAD,Neo_ELIZA
5,status,5,VILLAGER,ALIVE,AIWolf_NET
5,status,6,MEDIUM,DEAD,Romanesco
5,status,7,WEREWOLF,ALIVE,wasabi
5,status,8,WEREWOLF,DEAD,H-ReGEX
5,status,9,VILLAGER,ALIVE,yk_aiwolf
5,status,10,SEER,DEAD,Kanpyo
5,status,11,VILLAGER,ALIVE,konno
5,status,12,VILLAGER,DEAD,AITKN
5,status,13,VILLAGER,DEAD,neko
5,status,14,WEREWOLF,DEAD,flex
5,status,15,POSSESSED,DEAD,Litt1eGirl
5,talk,0,0,5,VOTE Agent[09]
5,talk,1,0,9,Over
5,talk,2,0,11,VOTE Agent[09]
5,talk,3,0,7,VOTE Agent[05]
5,talk,4,0,2,COMINGOUT Agent[02] VILLAGER
5,talk,5,0,1,Over
5,talk,6,0,3,VOTE Agent[09]
5,talk,7,1,7,Skip
5,talk,8,1,1,Over
5,talk,9,1,3,Skip
5,talk,10,1,9,Over
5,talk,11,1,11,Skip
5,talk,12,1,2,Skip
5,talk,13,1,5,Skip
5,talk,14,2,7,Skip
5,talk,15,2,1,Over
5,talk,16,2,3,Skip
5,talk,17,2,11,Skip
5,talk,18,2,2,Skip
5,talk,19,2,5,Skip
5,talk,20,2,9,Over
5,talk,21,3,7,ESTIMATE Agent[05] WEREWOLF
5,talk,22,3,3,Over
5,talk,23,3,2,Over
5,talk,24,3,11,Over
5,talk,25,3,9,Over
5,talk,26,3,5,Over
5,talk,27,3,1,Over
5,talk,28,4,5,Over
5,talk,29,4,2,Over
5,talk,30,4,3,Over
5,talk,31,4,9,Over
5,talk,32,4,11,Over
5,talk,33,4,1,Over
5,talk,34,4,7,ESTIMATE Agent[03] VILLAGER
5,talk,35,5,1,Over
5,talk,36,5,5,Over
5,talk,37,5,9,Over
5,talk,38,5,7,ESTIMATE Agent[03] VILLAGER
5,talk,39,5,2,Over
5,talk,40,5,3,Over
5,talk,41,5,11,Over
5,talk,42,6,7,ESTIMATE Agent[01] WEREWOLF
5,talk,43,6,5,Over
5,talk,44,6,2,Over
5,talk,45,6,11,Over
5,talk,46,6,3,Over
5,talk,47,6,1,Over
5,talk,48,6,9,Over
5,talk,49,7,3,Over
5,talk,50,7,5,Over
5,talk,51,7,9,Over
5,talk,52,7,2,Over
5,talk,53,7,7,VOTE Agent[09]
5,talk,54,7,11,Over
5,talk,55,7,1,Over
5,talk,56,8,2,Over
5,talk,57,8,5,Over
5,talk,58,8,1,Over
5,talk,59,8,7,VOTE Agent[05]
5,talk,60,8,11,Over
5,talk,61,8,9,Over
5,talk,62,8,3,Over
5,talk,63,9,7,ESTIMATE Agent[02] VILLAGER
5,talk,64,9,5,Over
5,talk,65,9,9,Over
5,talk,66,9,11,Over
5,talk,67,9,3,Over
5,talk,68,9,2,Over
5,talk,69,9,1,Over
5,talk,70,10,1,Over
5,talk,71,10,9,Over
5,talk,72,10,11,Over
5,talk,73,10,7,Skip
5,talk,74,10,2,Over
5,talk,75,10,3,Over
5,talk,76,10,5,Over
5,talk,77,11,9,Over
5,talk,78,11,3,Over
5,talk,79,11,7,ESTIMATE Agent[01] WEREWOLF
5,talk,80,11,2,Over
5,talk,81,11,5,Over
5,talk,82,11,1,Over
5,talk,83,11,11,Over
5,talk,84,12,11,Over
5,talk,85,12,5,Over
5,talk,86,12,7,Over
5,talk,87,12,9,Over
5,talk,88,12,3,Over
5,talk,89,12,2,Over
5,talk,90,12,1,Over
5,vote,1,11
5,vote,2,3
5,vote,3,9
5,vote,5,9
5,vote,7,5
5,vote,9,5
5,vote,11,9
5,execute,9,VILLAGER
5,attackVote,7,11
5,attack,11,true
6,status,1,BODYGUARD,ALIVE,tmcit2017
6,status,2,VILLAGER,ALIVE,Army
6,status,3,VILLAGER,ALIVE,rsaito
6,status,4,VILLAGER,DEAD,Neo_ELIZA
6,status,5,VILLAGER,ALIVE,AIWolf_NET
6,status,6,MEDIUM,DEAD,Romanesco
6,status,7,WEREWOLF,ALIVE,wasabi
6,status,8,WEREWOLF,DEAD,H-ReGEX
6,status,9,VILLAGER,DEAD,yk_aiwolf
6,status,10,SEER,DEAD,Kanpyo
6,status,11,VILLAGER,DEAD,konno
6,status,12,VILLAGER,DEAD,AITKN
6,status,13,VILLAGER,DEAD,neko
6,status,14,WEREWOLF,DEAD,flex
6,status,15,POSSESSED,DEAD,Litt1eGirl
6,talk,0,0,1,Over
6,talk,1,0,5,VOTE Agent[03]
6,talk,2,0,7,Skip
6,talk,3,0,2,COMINGOUT Agent[02] VILLAGER
6,talk,4,0,3,VOTE Agent[07]
6,talk,5,1,2,Skip
6,talk,6,1,7,VOTE Agent[01]
6,talk,7,1,5,Skip
6,talk,8,1,3,Skip
6,talk,9,1,1,Over
6,talk,10,2,5,Skip
6,talk,11,2,7,ESTIMATE Agent[03] VILLAGER
6,talk,12,2,1,Over
6,talk,13,2,3,Skip
6,talk,14,2,2,Skip
6,talk,15,3,7,ESTIMATE Agent[03] VILLAGER
6,talk,16,3,1,Over
6,talk,17,3,2,Over
6,talk,18,3,3,Over
6,talk,19,3,5,Over
6,talk,20,4,7,Skip
6,talk,21,4,2,Over
6,talk,22,4,5,Over
6,talk,23,4,1,Over
6,talk,24,4,3,Over
6,talk,25,5,3,Over
6,talk,26,5,5,Over
6,talk,27,5,1,Over
6,talk,28,5,2,Over
6,talk,29,5,7,VOTE Agent[05]
6,talk,30,6,5,Over
6,talk,31,6,2,Over
6,talk,32,6,1,Over
6,talk,33,6,7,ESTIMATE Agent[02] VILLAGER
6,talk,34,6,3,Over
6,talk,35,7,7,ESTIMATE Agent[05] WEREWOLF
6,talk,36,7,2,Over
6,talk,37,7,3,Over
6,talk,38,7,1,Over
6,talk,39,7,5,Over
6,talk,40,8,7,ESTIMATE Agent[03] VILLAGER
6,talk,41,8,3,Over
6,talk,42,8,2,Over
6,talk,43,8,5,Over
6,talk,44,8,1,Over
6,talk,45,9,2,Over
6,talk,46,9,1,Over
6,talk,47,9,5,Over
6,talk,48,9,7,Skip
6,talk,49,9,3,Over
6,talk,50,10,7,VOTE Agent[01]
6,talk,51,10,5,Over
6,talk,52,10,1,Over
6,talk,53,10,2,Over
6,talk,54,10,3,Over
6,talk,55,11,1,Over
6,talk,56,11,5,Over
6,talk,57,11,2,Over
6,talk,58,11,3,Over
6,talk,59,11,7,VOTE Agent[02]
6,talk,60,12,5,Over
6,talk,61,12,7,VOTE Agent[01]
6,talk,62,12,3,Over
6,talk,63,12,2,Over
6,talk,64,12,1,Over
6,talk,65,13,2,Over
6,talk,66,13,1,Over
6,talk,67,13,3,Over
6,talk,68,13,7,Over
6,talk,69,13,5,Over
6,vote,1,7
6,vote,2,3
6,vote,3,7
6,vote,5,3
6,vote,7,1
6,vote,1,2
6,vote,2,3
6,vote,3,7
6,vote,5,3
6,vote,7,5
6,execute,3,VILLAGER
6,attackVote,7,2
6,attack,2,true
7,status,1,BODYGUARD,ALIVE,tmcit2017
7,status,2,VILLAGER,DEAD,Army
7,status,3,VILLAGER,DEAD,rsaito
7,status,4,VILLAGER,DEAD,Neo_ELIZA
7,status,5,VILLAGER,ALIVE,AIWolf_NET
7,status,6,MEDIUM,DEAD,Romanesco
7,status,7,WEREWOLF,ALIVE,wasabi
7,status,8,WEREWOLF,DEAD,H-ReGEX
7,status,9,VILLAGER,DEAD,yk_aiwolf
7,status,10,SEER,DEAD,Kanpyo
7,status,11,VILLAGER,DEAD,konno
7,status,12,VILLAGER,DEAD,AITKN
7,status,13,VILLAGER,DEAD,neko
7,status,14,WEREWOLF,DEAD,flex
7,status,15,POSSESSED,DEAD,Litt1eGirl
7,talk,0,0,1,Over
7,talk,1,0,7,Skip
7,talk,2,0,5,VOTE Agent[07]
7,talk,3,1,5,Skip
7,talk,4,1,7,Skip
7,talk,5,1,1,Over
7,talk,6,2,7,VOTE Agent[05]
7,talk,7,2,1,Over
7,talk,8,2,5,Skip
7,talk,9,3,7,Skip
7,talk,10,3,5,Over
7,talk,11,3,1,Over
7,talk,12,4,7,Over
7,talk,13,4,5,Over
7,talk,14,4,1,Over
7,vote,1,7
7,vote,5,7
7,vote,7,5
7,execute,7,WEREWOLF
8,status,1,BODYGUARD,ALIVE,tmcit2017
8,status,2,VILLAGER,DEAD,Army
8,status,3,VILLAGER,DEAD,rsaito
8,status,4,VILLAGER,DEAD,Neo_ELIZA
8,status,5,VILLAGER,ALIVE,AIWolf_NET
8,status,6,MEDIUM,DEAD,Romanesco
8,status,7,WEREWOLF,DEAD,wasabi
8,status,8,WEREWOLF,DEAD,H-ReGEX
8,status,9,VILLAGER,DEAD,yk_aiwolf
8,status,10,SEER,DEAD,Kanpyo
8,status,11,VILLAGER,DEAD,konno
8,status,12,VILLAGER,DEAD,AITKN
8,status,13,VILLAGER,DEAD,neko
8,status,14,WEREWOLF,DEAD,flex
8,status,15,POSSESSED,DEAD,Litt1eGirl
8,result,2,0,VILLAGER
