0,status,1,SEER,ALIVE,tmcit2017
0,status,2,BODYGUARD,ALIVE,Army
0,status,3,WEREWOLF,ALIVE,rsaito
0,status,4,POSSESSED,ALIVE,Neo_ELIZA
0,status,5,VILLAGER,ALIVE,AIWolf_NET
0,status,6,VILLAGER,ALIVE,Romanesco
0,status,7,VILLAGER,ALIVE,wasabi
0,status,8,WEREWOLF,ALIVE,H-ReGEX
0,status,9,VILLAGER,ALIVE,yk_aiwolf
0,status,10,WEREWOLF,ALIVE,Kanpyo
0,status,11,VILLAGER,ALIVE,konno
0,status,12,VILLAGER,ALIVE,AITKN
0,status,13,MEDIUM,ALIVE,neko
0,status,14,VILLAGER,ALIVE,flex
0,status,15,VILLAGER,ALIVE,Litt1eGirl
0,whisper,0,0,8,COMINGOUT Agent[08] SEER
0,whisper,1,0,3,COMINGOUT Agent[03] VILLAGER
0,whisper,2,0,10,COMINGOUT Agent[10] MEDIUM
0,whisper,3,1,10,Over
0,whisper,4,1,8,Skip
0,whisper,5,1,3,Skip
0,whisper,6,2,8,Skip
0,whisper,7,2,3,Skip
0,whisper,8,2,10,Over
0,whisper,9,3,8,Over
0,whisper,10,3,3,Over
0,whisper,11,3,10,Over
0,divine,1,14,HUMAN
1,status,1,SEER,ALIVE,tmcit2017
1,status,2,BODYGUARD,ALIVE,Army
1,status,3,WEREWOLF,ALIVE,rsaito
1,status,4,POSSESSED,ALIVE,Neo_ELIZA
1,status,5,VILLAGER,ALIVE,AIWolf_NET
1,status,6,VILLAGER,ALIVE,Romanesco
1,status,7,VILLAGER,ALIVE,wasabi
1,status,8,WEREWOLF,ALIVE,H-ReGEX
1,status,9,VILLAGER,ALIVE,yk_aiwolf
1,status,10,WEREWOLF,ALIVE,Kanpyo
1,status,11,VILLAGER,ALIVE,konno
1,status,12,VILLAGER,ALIVE,AITKN
1,status,13,MEDIUM,ALIVE,neko
1,status,14,VILLAGER,ALIVE,flex
1,status,15,VILLAGER,ALIVE,Litt1eGirl
1,talk,0,0,9,Over
1,talk,1,0,5,VOTE Agent[07]
1,talk,2,0,2,Skip
1,talk,3,0,13,COMINGOUT Agent[13] MEDIUM
1,talk,4,0,10,VOTE Agent[06]
1,talk,5,0,6,Skip
1,talk,6,0,3,VOTE Agent[13]
1,talk,7,0,1,COMINGOUT Agent[01] SEER
1,talk,8,0,11,VOTE Agent[03]
1,talk,9,0,12,VOTE Agent[03]
1,talk,10,0,7,VOTE Agent[05]
1,talk,11,0,14,Over
1,talk,12,0,4,COMINGOUT Agent[04] SEER
1,talk,13,0,8,COMINGOUT Agent[08] SEER
1,talk,14,0,15,VOTE Agent[02]
1,talk,15,1,12,Skip
1,talk,16,1,1,DIVINED Agent[14] HUMAN
1,talk,17,1,4,DIVINED Agent[01] HUMAN
1,talk,18,1,14,Over
1,talk,19,1,10,COMINGOUT Agent[10] MEDIUM
1,talk,20,1,5,Skip
1,talk,21,1,2,Skip
1,talk,22,1,11,Skip
1,talk,23,1,3,VOTE Agent[02]
1,talk,24,1,6,Skip
1,talk,25,1,9,Over
1,talk,26,1,8,ESTIMATE Agent[01] WEREWOLF
1,talk,27,1,7,Skip
1,talk,28,1,15,VOTE Agent[03]
1,talk,29,1,13,VOTE Agent[08]
1,talk,30,2,9,Over
1,talk,31,2,10,ESTIMATE Agent[13] WEREWOLF
1,talk,32,2,7,VOTE Agent[13]
1,talk,33,2,1,Over
1,talk,34,2,4,ESTIMATE Agent[09] WEREWOLF
1,talk,35,2,12,ESTIMATE Agent[01] POSSESSED
1,talk,36,2,14,Over
1,talk,37,2,3,Skip
1,talk,38,2,15,Over
1,talk,39,2,2,Over
1,talk,40,2,5,Skip
1,talk,41,2,8,VOTE Agent[01]
1,talk,42,2,6,Over
1,talk,43,2,11,Skip
1,talk,44,2,13,VOTE Agent[03]
1,talk,45,3,5,Over
1,talk,46,3,12,Skip
1,talk,47,3,15,Over
1,talk,48,3,14,Over
1,talk,49,3,8,DIVINED Agent[05] HUMAN
1,talk,50,3,11,Over
1,talk,51,3,9,Over
1,talk,52,3,1,Over
1,talk,53,3,13,VOTE Agent[08]
1,talk,54,3,2,Over
1,talk,55,3,10,ESTIMATE Agent[01] SEER
1,talk,56,3,6,VOTE Agent[01]
1,talk,57,3,7,Skip
1,talk,58,3,4,REQUEST(DIVINATION Agent[09])
1,talk,59,3,3,Skip
1,talk,60,4,2,Over
1,talk,61,4,9,Over
1,talk,62,4,10,ESTIMATE Agent[04] SEER
1,talk,63,4,11,Over
1,talk,64,4,7,Skip
1,talk,65,4,5,Over
1,talk,66,4,3,Over
1,talk,67,4,4,VOTE Agent[09]
1,talk,68,4,1,Over
1,talk,69,4,13,Skip
1,talk,70,4,15,Over
1,talk,71,4,14,Over
1,talk,72,4,8,Skip
1,talk,73,4,12,REQUEST(DIVINATION Agent[03])
1,talk,74,4,6,Skip
1,talk,75,5,4,ESTIMATE Agent[08] WEREWOLF
1,talk,76,5,13,Skip
1,talk,77,5,11,Over
1,talk,78,5,5,Over
1,talk,79,5,7,Over
1,talk,80,5,1,Over
1,talk,81,5,6,VOTE Agent[09]
1,talk,82,5,9,Over
1,talk,83,5,15,Over
1,talk,84,5,14,Over
1,talk,85,5,12,Skip
1,talk,86,5,3,Over
1,talk,87,5,2,Over
1,talk,88,5,10,ESTIMATE Agent[08] SEER
1,talk,89,5,8,Skip
1,talk,90,6,4,REQUEST(DIVINATION Agent[08])
1,talk,91,6,12,Skip
1,talk,92,6,8,Over
1,talk,93,6,2,Over
1,talk,94,6,15,ESTIMATE Agent[03] WEREWOLF
1,talk,95,6,9,Over
1,talk,96,6,11,Over
1,talk,97,6,3,VOTE Agent[09]
1,talk,98,6,10,ESTIMATE Agent[08] POSSESSED
1,talk,99,6,14,Over
1,talk,100,6,6,Skip
1,talk,101,6,5,Over
1,talk,102,6,13,Over
1,talk,103,6,1,Over
1,talk,104,6,7,Over
1,talk,105,7,6,VOTE Agent[09]
1,talk,106,7,12,Over
1,talk,107,7,9,Over
1,talk,108,7,13,Over
1,talk,109,7,8,Over
1,talk,110,7,5,Over
1,talk,111,7,4,VOTE Agent[08]
1,talk,112,7,15,Over
1,talk,113,7,1,Over
1,talk,114,7,10,VOTE Agent[08]
1,talk,115,7,2,Over
1,talk,116,7,11,Over
1,talk,117,7,3,Skip
1,talk,118,7,14,Over
1,talk,119,7,7,VOTE Agent[10]
1,talk,120,8,7,Over
1,talk,121,8,5,Over
1,talk,122,8,11,Over
1,talk,123,8,10,REQUEST(VOTE Agent[08])
1,talk,124,8,6,Skip
1,talk,125,8,3,Skip
1,talk,126,8,12,VOTE Agent[09]
1,talk,127,8,8,Over
1,talk,128,8,13,Over
1,talk,129,8,9,Over
1,talk,130,8,14,Over
1,talk,131,8,1,Over
1,talk,132,8,15,Over
1,talk,133,8,4,Skip
1,talk,134,8,2,Over
1,talk,135,9,11,Over
1,talk,136,9,13,Over
1,talk,137,9,14,Over
1,talk,138,9,15,VOTE Agent[09]
1,talk,139,9,7,Over
1,talk,140,9,2,Over
1,talk,141,9,4,Skip
1,talk,142,9,10,REQUEST(Agent[08] Over)
1,talk,143,9,9,Over
1,talk,144,9,8,Over
1,talk,145,9,3,Over
1,talk,146,9,5,Over
1,talk,147,9,1,Over
1,talk,148,9,12,VOTE Agent[08]
1,talk,149,9,6,Skip
1,talk,150,10,8,Over
1,talk,151,10,9,Over
1,talk,152,10,5,Over
1,talk,153,10,2,Over
1,talk,154,10,7,VOTE Agent[13]
1,talk,155,10,11,Over
1,talk,156,10,1,Over
1,talk,157,10,4,Over
1,talk,158,10,13,Over
1,talk,159,10,14,Over
1,talk,160,10,6,Over
1,talk,161,10,10,Over
1,talk,162,10,12,Skip
1,talk,163,10,3,Over
1,talk,164,10,15,VOTE Agent[08]
1,talk,165,11,1,Over
1,talk,166,11,14,Over
1,talk,167,11,4,Over
1,talk,168,11,6,Over
1,talk,169,11,10,Over
1,talk,170,11,5,Over
1,talk,171,11,15,Over
1,talk,172,11,2,Over
1,talk,173,11,8,Over
1,talk,174,11,7,Over
1,talk,175,11,3,Over
1,talk,176,11,13,Over
1,talk,177,11,11,Over
1,talk,178,11,12,Skip
1,talk,179,11,9,Over
1,talk,180,12,5,Over
1,talk,181,12,4,Over
1,talk,182,12,6,Over
1,talk,183,12,7,Over
1,talk,184,12,10,Over
1,talk,185,12,12,VOTE Agent[08]
1,talk,186,12,9,Over
1,talk,187,12,13,Over
1,talk,188,12,2,Over
1,talk,189,12,11,Over
1,talk,190,12,3,Over
1,talk,191,12,8,Over
1,talk,192,12,14,Over
1,talk,193,12,1,Over
1,talk,194,12,15,Over
1,talk,195,13,3,Over
1,talk,196,13,8,Over
1,talk,197,13,12,Skip
1,talk,198,13,10,Over
1,talk,199,13,9,Over
1,talk,200,13,15,Over
1,talk,201,13,7,Over
1,talk,202,13,13,Over
1,talk,203,13,14,Over
1,talk,204,13,1,Over
1,talk,205,13,6,Over
1,talk,206,13,11,Over
1,talk,207,13,2,Over
1,talk,208,13,4,Over
1,talk,209,13,5,Over
1,talk,210,14,8,Over
1,talk,211,14,3,Over
1,talk,212,14,7,Over
1,talk,213,14,1,Over
1,talk,214,14,2,Over
1,talk,215,14,14,Over
1,talk,216,14,15,Over
1,talk,217,14,13,Over
1,talk,218,14,6,Over
1,talk,219,14,9,Over
1,talk,220,14,12,Skip
1,talk,221,14,4,Over
1,talk,222,14,10,Over
1,talk,223,14,5,Over
1,talk,224,14,11,Over
1,talk,225,15,14,Over
1,talk,226,15,7,ESTIMATE Agent[08] WEREWOLF
1,talk,227,15,9,Over
1,talk,228,15,15,Over
1,talk,229,15,4,Over
1,talk,230,15,13,Over
1,talk,231,15,3,Over
1,talk,232,15,1,Over
1,talk,233,15,12,Over
1,talk,234,15,5,Over
1,talk,235,15,6,Over
1,talk,236,15,11,Over
1,talk,237,15,2,Over
1,talk,238,15,8,Over
1,talk,239,15,10,Over
1,talk,240,16,6,Over
1,talk,241,16,5,Over
1,talk,242,16,3,Over
1,talk,243,16,4,Over
1,talk,244,16,1,Over
1,talk,245,16,11,Over
1,talk,246,16,10,Over
1,talk,247,16,2,Over
1,talk,248,16,13,Over
1,talk,249,16,8,Over
1,talk,250,16,7,Over
1,talk,251,16,14,Over
1,talk,252,16,15,Over
1,talk,253,16,9,Over
1,talk,254,16,12,Over
1,vote,1,9
1,vote,2,3
1,vote,3,9
1,vote,4,8
1,vote,5,7
1,vote,6,9
1,vote,7,13
1,vote,8,1
1,vote,9,1
1,vote,10,13
1,vote,11,3
1,vote,12,8
1,vote,13,8
1,vote,14,1
1,vote,15,8
1,execute,8,WEREWOLF
1,divine,1,12,HUMAN
1,whisper,0,0,3,ATTACK Agent[02]
1,whisper,1,0,10,Over
1,whisper,2,1,3,Skip
1,whisper,3,1,10,Over
1,whisper,4,2,10,Over
1,whisper,5,2,3,Skip
1,whisper,6,3,3,Over
1,whisper,7,3,10,Over
1,attackVote,3,2
1,attackVote,10,1
1,attackVote,3,2
1,attackVote,10,1
1,attack,2,true
2,status,1,SEER,ALIVE,tmcit2017
2,status,2,BODYGUARD,DEAD,Army
2,status,3,WEREWOLF,ALIVE,rsaito
2,status,4,POSSESSED,ALIVE,Neo_ELIZA
2,status,5,VILLAGER,ALIVE,AIWolf_NET
2,status,6,VILLAGER,ALIVE,Romanesco
2,status,7,VILLAGER,ALIVE,wasabi
2,status,8,WEREWOLF,DEAD,H-ReGEX
2,status,9,VILLAGER,ALIVE,yk_aiwolf
2,status,10,WEREWOLF,ALIVE,Kanpyo
2,status,11,VILLAGER,ALIVE,konno
2,status,12,VILLAGER,ALIVE,AITKN
2,status,13,MEDIUM,ALIVE,neko
2,status,14,VILLAGER,ALIVE,flex
2,status,15,VILLAGER,ALIVE,Litt1eGirl
2,talk,0,0,1,DIVINED Agent[12] HUMAN
2,talk,1,0,5,VOTE Agent[06]
2,talk,2,0,6,Skip
2,talk,3,0,7,VOTE Agent[10]
2,talk,4,0,13,IDENTIFIED Agent[08] WEREWOLF
2,talk,5,0,14,Over
2,talk,6,0,12,VOTE Agent[03]
2,talk,7,0,11,VOTE Agent[07]
2,talk,8,0,15,VOTE Agent[12]
2,talk,9,0,4,DIVINED Agent[11] HUMAN
2,talk,10,0,10,IDENTIFIED Agent[08] HUMAN
2,talk,11,0,9,Over
2,talk,12,0,3,VOTE Agent[09]
2,talk,13,1,13,VOTE Agent[10]
2,talk,14,1,7,VOTE Agent[13]
2,talk,15,1,14,Over
2,talk,16,1,9,Over
2,talk,17,1,1,Over
2,talk,18,1,15,VOTE Agent[06]
2,talk,19,1,3,VOTE Agent[07]
2,talk,20,1,4,ESTIMATE Agent[01] WEREWOLF
2,talk,21,1,10,Skip
2,talk,22,1,12,VOTE Agent[10]
2,talk,23,1,11,Skip
2,talk,24,1,6,Skip
2,talk,25,1,5,Skip
2,talk,26,2,5,Skip
2,talk,27,2,12,Skip
2,talk,28,2,3,Skip
2,talk,29,2,11,Skip
2,talk,30,2,14,Over
2,talk,31,2,15,VOTE Agent[07]
2,talk,32,2,4,REQUEST(DIVINATION Agent[01])
2,talk,33,2,1,Over
2,talk,34,2,13,Skip
2,talk,35,2,10,Skip
2,talk,36,2,7,ESTIMATE Agent[05] VILLAGER
2,talk,37,2,9,Over
2,talk,38,2,6,Over
2,talk,39,3,13,Skip
2,talk,40,3,7,ESTIMATE Agent[04] WEREWOLF
2,talk,41,3,5,Over
2,talk,42,3,11,Over
2,talk,43,3,14,Over
2,talk,44,3,9,Over
2,talk,45,3,15,ESTIMATE Agent[07] WEREWOLF
2,talk,46,3,3,Skip
2,talk,47,3,4,VOTE Agent[01]
2,talk,48,3,1,Over
2,talk,49,3,10,ESTIMATE Agent[13] POSSESSED
2,talk,50,3,12,Skip
2,talk,51,3,6,VOTE Agent[09]
2,talk,52,4,3,Over
2,talk,53,4,7,Skip
2,talk,54,4,11,Over
2,talk,55,4,15,Over
2,talk,56,4,1,Over
2,talk,57,4,4,Skip
2,talk,58,4,13,VOTE Agent[01]
2,talk,59,4,12,REQUEST(DIVINATION Agent[07])
2,talk,60,4,14,Over
2,talk,61,4,6,Skip
2,talk,62,4,9,Over
2,talk,63,4,10,VOTE Agent[13]
2,talk,64,4,5,Over
2,talk,65,5,5,Over
2,talk,66,5,11,Over
2,talk,67,5,6,VOTE Agent[09]
2,talk,68,5,13,Skip
2,talk,69,5,14,Over
2,talk,70,5,9,Over
2,talk,71,5,15,Over
2,talk,72,5,3,Over
2,talk,73,5,1,Over
2,talk,74,5,12,Skip
2,talk,75,5,4,Skip
2,talk,76,5,10,REQUEST(VOTE Agent[13])
2,talk,77,5,7,Skip
2,talk,78,6,7,Over
2,talk,79,6,14,Over
2,talk,80,6,15,Over
2,talk,81,6,6,Skip
2,talk,82,6,12,VOTE Agent[13]
2,talk,83,6,3,Over
2,talk,84,6,13,Skip
2,talk,85,6,1,Over
2,talk,86,6,4,Over
2,talk,87,6,10,VOTE Agent[07]
2,talk,88,6,9,Over
2,talk,89,6,5,Over
2,talk,90,6,11,Over
2,talk,91,7,4,Over
2,talk,92,7,11,Over
2,talk,93,7,9,Over
2,talk,94,7,7,Over
2,talk,95,7,10,Skip
2,talk,96,7,13,Over
2,talk,97,7,12,VOTE Agent[13]
2,talk,98,7,3,Over
2,talk,99,7,5,Over
2,talk,100,7,6,VOTE Agent[09]
2,talk,101,7,14,Over
2,talk,102,7,1,Over
2,talk,103,7,15,Over
2,talk,104,8,14,Over
2,talk,105,8,9,Over
2,talk,106,8,10,Skip
2,talk,107,8,4,Over
2,talk,108,8,13,Over
2,talk,109,8,5,Over
2,talk,110,8,7,ESTIMATE Agent[01] WEREWOLF
2,talk,111,8,3,Over
2,talk,112,8,6,Skip
2,talk,113,8,1,Over
2,talk,114,8,11,Over
2,talk,115,8,15,Over
2,talk,116,8,12,Skip
2,talk,117,9,13,Over
2,talk,118,9,1,Over
2,talk,119,9,11,Over
2,talk,120,9,4,Over
2,talk,121,9,14,Over
2,talk,122,9,5,Over
2,talk,123,9,9,Over
2,talk,124,9,10,Over
2,talk,125,9,12,Skip
2,talk,126,9,7,ESTIMATE Agent[13] WEREWOLF
2,talk,127,9,15,Over
2,talk,128,9,3,Over
2,talk,129,9,6,Skip
2,talk,130,10,12,Over
2,talk,131,10,15,Over
2,talk,132,10,4,Over
2,talk,133,10,1,Over
2,talk,134,10,5,Over
2,talk,135,10,11,Over
2,talk,136,10,10,Over
2,talk,137,10,13,Over
2,talk,138,10,7,ESTIMATE Agent[05] VILLAGER
2,talk,139,10,14,Over
2,talk,140,10,6,Over
2,talk,141,10,9,Over
2,talk,142,10,3,Over
2,talk,143,11,3,Over
2,talk,144,11,4,Over
2,talk,145,11,6,Over
2,talk,146,11,10,Over
2,talk,147,11,7,ESTIMATE Agent[05] VILLAGER
2,talk,148,11,13,Over
2,talk,149,11,1,Over
2,talk,150,11,5,Over
2,talk,151,11,9,Over
2,talk,152,11,11,Over
2,talk,153,11,12,Over
2,talk,154,11,15,Over
2,talk,155,11,14,Over
2,talk,156,12,15,Over
2,talk,157,12,1,Over
2,talk,158,12,12,Over
2,talk,159,12,9,Over
2,talk,160,12,13,Over
2,talk,161,12,14,Over
2,talk,162,12,7,ESTIMATE Agent[14] VILLAGER
2,talk,163,12,3,Over
2,talk,164,12,6,Over
2,talk,165,12,10,Over
2,talk,166,12,11,Over
2,talk,167,12,4,Over
2,talk,168,12,5,Over
2,talk,169,13,4,Over
2,talk,170,13,6,Over
2,talk,171,13,1,Over
2,talk,172,13,13,Over
2,talk,173,13,7,Over
2,talk,174,13,9,Over
2,talk,175,13,15,Over
2,talk,176,13,11,Over
2,talk,177,13,12,Over
2,talk,178,13,3,Over
2,talk,179,13,10,Over
2,talk,180,13,5,Over
2,talk,181,13,14,Over
2,vote,1,11
2,vote,3,7
2,vote,4,1
2,vote,5,6
2,vote,6,9
2,vote,7,13
2,vote,9,4
2,vote,10,13
2,vote,11,7
2,vote,12,13
2,vote,13,1
2,vote,14,6
2,vote,15,7
2,vote,1,15
2,vote,3,7
2,vote,4,1
2,vote,5,6
2,vote,6,9
2,vote,7,13
2,vote,9,15
2,vote,10,13
2,vote,11,7
2,vote,12,13
2,vote,13,7
2,vote,14,9
2,vote,15,7
2,execute,7,VILLAGER
2,divine,1,13,HUMAN
2,whisper,0,0,10,Over
2,whisper,1,0,3,ATTACK Agent[11]
2,whisper,2,1,10,Over
2,whisper,3,1,3,Skip
2,whisper,4,2,10,Over
2,whisper,5,2,3,Skip
2,whisper,6,3,10,Over
2,whisper,7,3,3,Over
2,attackVote,3,11
2,attackVote,10,1
2,attackVote,3,11
2,attackVote,10,1
2,attack,11,true
3,status,1,SEER,ALIVE,tmcit2017
3,status,2,BODYGUARD,DEAD,Army
3,status,3,WEREWOLF,ALIVE,rsaito
3,status,4,POSSESSED,ALIVE,Neo_ELIZA
3,status,5,VILLAGER,ALIVE,AIWolf_NET
3,status,6,VILLAGER,ALIVE,Romanesco
3,status,7,VILLAGER,DEAD,wasabi
3,status,8,WEREWOLF,DEAD,H-ReGEX
3,status,9,VILLAGER,ALIVE,yk_aiwolf
3,status,10,WEREWOLF,ALIVE,Kanpyo
3,status,11,VILLAGER,DEAD,konno
3,status,12,VILLAGER,ALIVE,AITKN
3,status,13,MEDIUM,ALIVE,neko
3,status,14,VILLAGER,ALIVE,flex
3,status,15,VILLAGER,ALIVE,Litt1eGirl
3,talk,0,0,3,VOTE Agent[05]
3,talk,1,0,14,Over
3,talk,2,0,12,VOTE Agent[04]
3,talk,3,0,13,IDENTIFIED Agent[07] HUMAN
3,talk,4,0,10,IDENTIFIED Agent[07] WEREWOLF
3,talk,5,0,6,Skip
3,talk,6,0,9,Over
3,talk,7,0,5,VOTE Agent[12]
3,talk,8,0,15,VOTE Agent[10]
3,talk,9,0,1,DIVINED Agent[13] HUMAN
3,talk,10,0,4,DIVINED Agent[15] HUMAN
3,talk,11,1,12,VOTE Agent[10]
3,talk,12,1,6,Skip
3,talk,13,1,14,Over
3,talk,14,1,1,Over
3,talk,15,1,15,VOTE Agent[05]
3,talk,16,1,9,Over
3,talk,17,1,13,VOTE Agent[01]
3,talk,18,1,5,Skip
3,talk,19,1,4,ESTIMATE Agent[01] WEREWOLF
3,talk,20,1,10,Skip
3,talk,21,1,3,Skip
3,talk,22,2,6,Over
3,talk,23,2,9,Over
3,talk,24,2,14,Over
3,talk,25,2,15,ESTIMATE Agent[09] VILLAGER
3,talk,26,2,3,Skip
3,talk,27,2,13,Skip
3,talk,28,2,5,Skip
3,talk,29,2,10,Skip
3,talk,30,2,1,Over
3,talk,31,2,4,REQUEST(DIVINATION Agent[01])
3,talk,32,2,12,Skip
3,talk,33,3,1,Over
3,talk,34,3,12,Skip
3,talk,35,3,6,VOTE Agent[09]
3,talk,36,3,9,Over
3,talk,37,3,5,Over
3,talk,38,3,3,Over
3,talk,39,3,14,Over
3,talk,40,3,13,Skip
3,talk,41,3,10,ESTIMATE Agent[13] POSSESSED
3,talk,42,3,4,VOTE Agent[01]
3,talk,43,3,15,ESTIMATE Agent[05] WEREWOLF
3,talk,44,4,1,Over
3,talk,45,4,4,Skip
3,talk,46,4,9,Over
3,talk,47,4,12,REQUEST(DIVINATION Agent[09])
3,talk,48,4,6,Skip
3,talk,49,4,5,Over
3,talk,50,4,10,VOTE Agent[13]
3,talk,51,4,13,Over
3,talk,52,4,3,Over
3,talk,53,4,15,VOTE Agent[01]
3,talk,54,4,14,Over
3,talk,55,5,6,VOTE Agent[09]
3,talk,56,5,9,Over
3,talk,57,5,4,Skip
3,talk,58,5,14,Over
3,talk,59,5,12,VOTE Agent[01]
3,talk,60,5,3,VOTE Agent[01]
3,talk,61,5,10,REQUEST(VOTE Agent[13])
3,talk,62,5,13,Over
3,talk,63,5,5,Over
3,talk,64,5,15,Over
3,talk,65,5,1,Over
3,talk,66,6,1,Over
3,talk,67,6,6,Skip
3,talk,68,6,5,Over
3,talk,69,6,15,Over
3,talk,70,6,3,Skip
3,talk,71,6,10,VOTE Agent[01]
3,talk,72,6,9,Over
3,talk,73,6,12,Skip
3,talk,74,6,13,Over
3,talk,75,6,4,Over
3,talk,76,6,14,Over
3,talk,77,7,12,Skip
3,talk,78,7,15,Over
3,talk,79,7,4,Over
3,talk,80,7,5,Over
3,talk,81,7,6,VOTE Agent[09]
3,talk,82,7,14,Over
3,talk,83,7,10,Skip
3,talk,84,7,3,Skip
3,talk,85,7,1,Over
3,talk,86,7,13,Over
3,talk,87,7,9,Over
3,talk,88,8,5,Over
3,talk,89,8,13,Over
3,talk,90,8,12,Over
3,talk,91,8,15,Over
3,talk,92,8,3,Over
3,talk,93,8,14,Over
3,talk,94,8,6,Skip
3,talk,95,8,1,Over
3,talk,96,8,9,Over
3,talk,97,8,10,Skip
3,talk,98,8,4,Over
3,talk,99,9,4,Over
3,talk,100,9,12,Over
3,talk,101,9,1,Over
3,talk,102,9,15,Over
3,talk,103,9,6,Skip
3,talk,104,9,13,Over
3,talk,105,9,14,Over
3,talk,106,9,10,Over
3,talk,107,9,9,Over
3,talk,108,9,3,Over
3,talk,109,9,5,Over
3,talk,110,10,1,Over
3,talk,111,10,4,Over
3,talk,112,10,15,Over
3,talk,113,10,3,Over
3,talk,114,10,13,Over
3,talk,115,10,12,Over
3,talk,116,10,14,Over
3,talk,117,10,9,Over
3,talk,118,10,5,Over
3,talk,119,10,10,Over
3,talk,120,10,6,Over
3,vote,1,3
3,vote,3,1
3,vote,4,1
3,vote,5,12
3,vote,6,9
3,vote,9,12
3,vote,10,13
3,vote,12,1
3,vote,13,1
3,vote,14,4
3,vote,15,1
3,execute,1,SEER
3,whisper,0,0,3,ATTACK Agent[15]
3,whisper,1,0,10,Over
3,whisper,2,1,10,Over
3,whisper,3,1,3,Skip
3,whisper,4,2,10,Over
3,whisper,5,2,3,Skip
3,whisper,6,3,10,Over
3,whisper,7,3,3,Over
3,attackVote,3,15
3,attackVote,10,4
3,attackVote,3,15
3,attack,15,true
4,status,1,SEER,DEAD,tmcit2017
4,status,2,BODYGUARD,DEAD,Army
4,status,3,WEREWOLF,ALIVE,rsaito
4,status,4,POSSESSED,ALIVE,Neo_ELIZA
4,status,5,VILLAGER,ALIVE,AIWolf_NET
4,status,6,VILLAGER,ALIVE,Romanesco
4,status,7,VILLAGER,DEAD,wasabi
4,status,8,WEREWOLF,DEAD,H-ReGEX
4,status,9,VILLAGER,ALIVE,yk_aiwolf
4,status,10,WEREWOLF,ALIVE,Kanpyo
4,status,11,VILLAGER,DEAD,konno
4,status,12,VILLAGER,ALIVE,AITKN
4,status,13,MEDIUM,ALIVE,neko
4,status,14,VILLAGER,ALIVE,flex
4,status,15,VILLAGER,DEAD,Litt1eGirl
4,talk,0,0,14,Over
4,talk,1,0,6,Skip
4,talk,2,0,3,VOTE Agent[05]
4,talk,3,0,13,IDENTIFIED Agent[01] HUMAN
4,talk,4,0,4,DIVINED Agent[03] HUMAN
4,talk,5,0,5,VOTE Agent[09]
4,talk,6,0,9,Over
4,talk,7,0,12,Skip
4,talk,8,0,10,IDENTIFIED Agent[01] WEREWOLF
4,talk,9,1,9,Over
4,talk,10,1,6,Skip
4,talk,11,1,10,Skip
4,talk,12,1,5,Skip
4,talk,13,1,14,Over
4,talk,14,1,4,ESTIMATE Agent[14] WEREWOLF
4,talk,15,1,13,VOTE Agent[03]
4,talk,16,1,12,Skip
4,talk,17,1,3,Skip
4,talk,18,2,10,Skip
4,talk,19,2,12,Over
4,talk,20,2,4,REQUEST(DIVINATION Agent[14])
4,talk,21,2,5,Skip
4,talk,22,2,14,Over
4,talk,23,2,9,Over
4,talk,24,2,13,Skip
4,talk,25,2,6,Over
4,talk,26,2,3,Skip
4,talk,27,3,4,VOTE Agent[14]
4,talk,28,3,13,Skip
4,talk,29,3,5,Over
4,talk,30,3,10,ESTIMATE Agent[13] POSSESSED
4,talk,31,3,14,Over
4,talk,32,3,3,Over
4,talk,33,3,12,Over
4,talk,34,3,9,Over
4,talk,35,3,6,VOTE Agent[09]
4,talk,36,4,14,Over
4,talk,37,4,3,VOTE Agent[09]
4,talk,38,4,12,REQUEST(DIVINATION Agent[09])
4,talk,39,4,13,VOTE Agent[05]
4,talk,40,4,6,Skip
4,talk,41,4,10,VOTE Agent[13]
4,talk,42,4,9,Over
4,talk,43,4,5,Over
4,talk,44,4,4,Skip
4,talk,45,5,3,Skip
4,talk,46,5,4,Skip
4,talk,47,5,14,Over
4,talk,48,5,6,VOTE Agent[09]
4,talk,49,5,13,VOTE Agent[03]
4,talk,50,5,12,Skip
4,talk,51,5,5,Over
4,talk,52,5,10,REQUEST(VOTE Agent[13])
4,talk,53,5,9,Over
4,talk,54,6,13,Skip
4,talk,55,6,3,Skip
4,talk,56,6,12,Skip
4,talk,57,6,9,Over
4,talk,58,6,14,Over
4,talk,59,6,10,VOTE Agent[09]
4,talk,60,6,4,Over
4,talk,61,6,6,Skip
4,talk,62,6,5,Over
4,talk,63,7,4,Over
4,talk,64,7,3,Over
4,talk,65,7,6,VOTE Agent[09]
4,talk,66,7,13,Skip
4,talk,67,7,10,Skip
4,talk,68,7,9,Over
4,talk,69,7,14,Over
4,talk,70,7,12,Over
4,talk,71,7,5,Over
4,talk,72,8,13,Over
4,talk,73,8,6,Skip
4,talk,74,8,10,Skip
4,talk,75,8,5,Over
4,talk,76,8,4,Over
4,talk,77,8,14,Over
4,talk,78,8,3,Over
4,talk,79,8,9,Over
4,talk,80,8,12,Over
4,talk,81,9,6,Skip
4,talk,82,9,14,Over
4,talk,83,9,9,Over
4,talk,84,9,4,Over
4,talk,85,9,5,Over
4,talk,86,9,13,Over
4,talk,87,9,12,Over
4,talk,88,9,10,Over
4,talk,89,9,3,Over
4,talk,90,10,5,Over
4,talk,91,10,12,Over
4,talk,92,10,6,Over
4,talk,93,10,9,Over
4,talk,94,10,13,Over
4,talk,95,10,14,Over
4,talk,96,10,4,Over
4,talk,97,10,3,Over
4,talk,98,10,10,Over
4,vote,3,9
4,vote,4,14
4,vote,5,9
4,vote,6,9
4,vote,9,3
4,vote,10,13
4,vote,12,9
4,vote,13,3
4,vote,14,3
4,execute,9,VILLAGER
4,whisper,0,0,3,ESTIMATE Agent[04] POSSESSED
4,whisper,1,0,10,Over
4,whisper,2,1,3,ATTACK Agent[09]
4,whisper,3,1,10,Over
4,whisper,4,2,3,ATTACK Agent[14]
4,whisper,5,2,10,Over
4,whisper,6,3,10,Over
4,whisper,7,3,3,Skip
4,whisper,8,4,10,Over
4,whisper,9,4,3,Skip
4,whisper,10,5,3,Over
4,whisper,11,5,10,Over
4,attackVote,3,14
4,attackVote,10,4
4,attackVote,3,14
4,attackVote,10,4
4,attack,14,true
5,status,1,SEER,DEAD,tmcit2017
5,status,2,BODYGUARD,DEAD,Army
5,status,3,WEREWOLF,ALIVE,rsaito
5,status,4,POSSESSED,ALIVE,Neo_ELIZA
5,status,5,VILLAGER,ALIVE,AIWolf_NET
5,status,6,VILLAGER,ALIVE,Romanesco
5,status,7,VILLAGER,DEAD,wasabi
5,status,8,WEREWOLF,DEAD,H-ReGEX
5,status,9,VILLAGER,DEAD,yk_aiwolf
5,status,10,WEREWOLF,ALIVE,Kanpyo
5,status,11,VILLAGER,DEAD,konno
5,status,12,VILLAGER,ALIVE,AITKN
5,status,13,MEDIUM,ALIVE,neko
5,status,14,VILLAGER,DEAD,flex
5,status,15,VILLAGER,DEAD,Litt1eGirl
5,talk,0,0,6,Skip
5,talk,1,0,10,IDENTIFIED Agent[09] HUMAN
5,talk,2,0,13,IDENTIFIED Agent[09] HUMAN
5,talk,3,0,3,VOTE Agent[05]
5,talk,4,0,4,DIVINED Agent[05] HUMAN
5,talk,5,0,5,VOTE Agent[13]
5,talk,6,0,12,Skip
5,talk,7,1,6,Skip
5,talk,8,1,13,VOTE Agent[03]
5,talk,9,1,4,ESTIMATE Agent[10] WEREWOLF
5,talk,10,1,10,Skip
5,talk,11,1,3,Skip
5,talk,12,1,12,Skip
5,talk,13,1,5,Skip
5,talk,14,2,10,Skip
5,talk,15,2,4,REQUEST(DIVINATION Agent[10])
5,talk,16,2,5,Skip
5,talk,17,2,13,Skip
5,talk,18,2,3,Skip
5,talk,19,2,12,Over
5,talk,20,2,6,Over
5,talk,21,3,12,Over
5,talk,22,3,13,Skip
5,talk,23,3,3,Over
5,talk,24,3,5,Over
5,talk,25,3,6,VOTE Agent[13]
5,talk,26,3,4,VOTE Agent[10]
5,talk,27,3,10,ESTIMATE Agent[13] POSSESSED
5,talk,28,4,13,VOTE Agent[05]
5,talk,29,4,6,Skip
5,talk,30,4,5,Over
5,talk,31,4,10,VOTE Agent[13]
5,talk,32,4,12,REQUEST(DIVINATION Agent[06])
5,talk,33,4,4,Skip
5,talk,34,4,3,VOTE Agent[13]
5,talk,35,5,10,REQUEST(VOTE Agent[13])
5,talk,36,5,6,VOTE Agent[13]
5,talk,37,5,3,Skip
5,talk,38,5,12,Skip
5,talk,39,5,4,Skip
5,talk,40,5,13,VOTE Agent[03]
5,talk,41,5,5,Over
5,talk,42,6,6,Skip
5,talk,43,6,3,Skip
5,talk,44,6,10,Skip
5,talk,45,6,4,Over
5,talk,46,6,12,VOTE Agent[13]
5,talk,47,6,5,Over
5,talk,48,6,13,Skip
5,talk,49,7,4,Over
5,talk,50,7,6,VOTE Agent[13]
5,talk,51,7,12,Skip
5,talk,52,7,3,Over
5,talk,53,7,13,Skip
5,talk,54,7,5,Over
5,talk,55,7,10,Skip
5,talk,56,8,3,Over
5,talk,57,8,13,Over
5,talk,58,8,6,Skip
5,talk,59,8,12,Skip
5,talk,60,8,5,Over
5,talk,61,8,4,Over
5,talk,62,8,10,Over
5,talk,63,9,10,Over
5,talk,64,9,5,Over
5,talk,65,9,13,Over
5,talk,66,9,6,Skip
5,talk,67,9,4,Over
5,talk,68,9,12,Over
5,talk,69,9,3,Over
5,talk,70,10,6,Over
5,talk,71,10,4,Over
5,talk,72,10,13,Over
5,talk,73,10,12,Over
5,talk,74,10,3,Over
5,talk,75,10,10,Over
5,talk,76,10,5,Over
5,vote,3,13
5,vote,4,10
5,vote,5,13
5,vote,6,13
5,vote,10,13
5,vote,12,10
5,vote,13,3
5,execute,13,MEDIUM
5,whisper,0,0,10,Over
5,whisper,1,0,3,ATTACK Agent[04]
5,whisper,2,1,10,Over
5,whisper,3,1,3,Skip
5,whisper,4,2,10,Over
5,whisper,5,2,3,Skip
5,whisper,6,3,10,Over
5,whisper,7,3,3,Over
5,attackVote,3,4
5,attackVote,10,4
5,attack,4,true
6,status,1,SEER,DEAD,tmcit2017
6,status,2,BODYGUARD,DEAD,Army
6,status,3,WEREWOLF,ALIVE,rsaito
6,status,4,POSSESSED,DEAD,Neo_ELIZA
6,status,5,VILLAGER,ALIVE,AIWolf_NET
6,status,6,VILLAGER,ALIVE,Romanesco
6,status,7,VILLAGER,DEAD,wasabi
6,status,8,WEREWOLF,DEAD,H-ReGEX
6,status,9,VILLAGER,DEAD,yk_aiwolf
6,status,10,WEREWOLF,ALIVE,Kanpyo
6,status,11,VILLAGER,DEAD,konno
6,status,12,VILLAGER,ALIVE,AITKN
6,status,13,MEDIUM,DEAD,neko
6,status,14,VILLAGER,DEAD,flex
6,status,15,VILLAGER,DEAD,Litt1eGirl
6,talk,0,0,5,VOTE Agent[06]
6,talk,1,0,12,Skip
6,talk,2,0,3,VOTE Agent[05]
6,talk,3,0,10,IDENTIFIED Agent[13] HUMAN
6,talk,4,0,6,Skip
6,talk,5,1,5,Skip
6,talk,6,1,12,Skip
6,talk,7,1,6,Skip
6,talk,8,1,10,Skip
6,talk,9,1,3,Skip
6,talk,10,2,5,Skip
6,talk,11,2,12,Over
6,talk,12,2,3,Skip
6,talk,13,2,10,Skip
6,talk,14,2,6,Over
6,talk,15,3,10,Over
6,talk,16,3,3,Over
6,talk,17,3,5,Over
6,talk,18,3,12,Over
6,talk,19,3,6,VOTE Agent[10]
6,talk,20,4,6,Skip
6,talk,21,4,10,Over
6,talk,22,4,12,Over
6,talk,23,4,3,Over
6,talk,24,4,5,Over
6,talk,25,5,3,Over
6,talk,26,5,6,VOTE Agent[10]
6,talk,27,5,12,Over
6,talk,28,5,5,Over
6,talk,29,5,10,Over
6,talk,30,6,5,Over
6,talk,31,6,3,Over
6,talk,32,6,10,Over
6,talk,33,6,12,Over
6,talk,34,6,6,Skip
6,talk,35,7,5,Over
6,talk,36,7,6,VOTE Agent[10]
6,talk,37,7,10,Over
6,talk,38,7,12,Over
6,talk,39,7,3,Over
6,talk,40,8,10,Over
6,talk,41,8,5,Over
6,talk,42,8,12,Over
6,talk,43,8,3,Over
6,talk,44,8,6,Skip
6,talk,45,9,12,Over
6,talk,46,9,5,Over
6,talk,47,9,6,Skip
6,talk,48,9,3,Over
6,talk,49,9,10,Over
6,talk,50,10,10,Over
6,talk,51,10,5,Over
6,talk,52,10,12,Over
6,talk,53,10,3,Over
6,talk,54,10,6,Over
6,vote,3,5
6,vote,5,6
6,vote,6,10
6,vote,10,6
6,vote,12,5
6,vote,3,5
6,vote,5,6
6,vote,6,10
6,vote,10,6
6,vote,12,3
6,execute,6,VILLAGER
6,whisper,0,0,10,Over
6,whisper,1,0,3,ATTACK Agent[12]
6,whisper,2,1,10,Over
6,whisper,3,1,3,Skip
6,whisper,4,2,10,Over
6,whisper,5,2,3,Skip
6,whisper,6,3,3,Over
6,whisper,7,3,10,Over
6,attackVote,3,12
6,attackVote,10,5
6,attackVote,3,12
6,attackVote,10,5
6,attack,12,true
7,status,1,SEER,DEAD,tmcit2017
7,status,2,BODYGUARD,DEAD,Army
7,status,3,WEREWOLF,ALIVE,rsaito
7,status,4,POSSESSED,DEAD,Neo_ELIZA
7,status,5,VILLAGER,ALIVE,AIWolf_NET
7,status,6,VILLAGER,DEAD,Romanesco
7,status,7,VILLAGER,DEAD,wasabi
7,status,8,WEREWOLF,DEAD,H-ReGEX
7,status,9,VILLAGER,DEAD,yk_aiwolf
7,status,10,WEREWOLF,ALIVE,Kanpyo
7,status,11,VILLAGER,DEAD,konno
7,status,12,VILLAGER,DEAD,AITKN
7,status,13,MEDIUM,DEAD,neko
7,status,14,VILLAGER,DEAD,flex
7,status,15,VILLAGER,DEAD,Litt1eGirl
7,result,1,2,WEREWOLF
