0,status,1,BODYGUARD,ALIVE,tmcit2017
0,status,2,WEREWOLF,ALIVE,Army
0,status,3,VILLAGER,ALIVE,rsaito
0,status,4,MEDIUM,ALIVE,Neo_ELIZA
0,status,5,VILLAGER,ALIVE,AIWolf_NET
0,status,6,VILLAGER,ALIVE,Romanesco
0,status,7,VILLAGER,ALIVE,wasabi
0,status,8,SEER,ALIVE,H-ReGEX
0,status,9,POSSESSED,ALIVE,yk_aiwolf
0,status,10,WEREWOLF,ALIVE,Kanpyo
0,status,11,VILLAGER,ALIVE,konno
0,status,12,WEREWOLF,ALIVE,AITKN
0,status,13,VILLAGER,ALIVE,neko
0,status,14,VILLAGER,ALIVE,flex
0,status,15,VILLAGER,ALIVE,Litt1eGirl
0,whisper,0,0,12,COMINGOUT Agent[12] VILLAGER
0,whisper,1,0,2,Over
0,whisper,2,0,10,COMINGOUT Agent[10] MEDIUM
0,whisper,3,1,10,Over
0,whisper,4,1,2,Over
0,whisper,5,1,12,Skip
0,whisper,6,2,10,Over
0,whisper,7,2,12,Skip
0,whisper,8,2,2,Over
0,whisper,9,3,12,Over
0,whisper,10,3,10,Over
0,whisper,11,3,2,Over
0,divine,8,6,HUMAN
1,status,1,BODYGUARD,ALIVE,tmcit2017
1,status,2,WEREWOLF,ALIVE,Army
1,status,3,VILLAGER,ALIVE,rsaito
1,status,4,MEDIUM,ALIVE,Neo_ELIZA
1,status,5,VILLAGER,ALIVE,AIWolf_NET
1,status,6,VILLAGER,ALIVE,Romanesco
1,status,7,VILLAGER,ALIVE,wasabi
1,status,8,SEER,ALIVE,H-ReGEX
1,status,9,POSSESSED,ALIVE,yk_aiwolf
1,status,10,WEREWOLF,ALIVE,Kanpyo
1,status,11,VILLAGER,ALIVE,konno
1,status,12,WEREWOLF,ALIVE,AITKN
1,status,13,VILLAGER,ALIVE,neko
1,status,14,VILLAGER,ALIVE,flex
1,status,15,VILLAGER,ALIVE,Litt1eGirl
1,talk,0,0,4,VOTE Agent[06]
1,talk,1,0,15,VOTE Agent[08]
1,talk,2,0,7,Skip
1,talk,3,0,10,VOTE Agent[04]
1,talk,4,0,2,Skip
1,talk,5,0,8,COMINGOUT Agent[08] SEER
1,talk,6,0,3,VOTE Agent[07]
1,talk,7,0,5,VOTE Agent[15]
1,talk,8,0,13,VOTE Agent[03]
1,talk,9,0,9,COMINGOUT Agent[09] SEER
1,talk,10,0,11,VOTE Agent[09]
1,talk,11,0,14,Over
1,talk,12,0,1,COMINGOUT Agent[01] VILLAGER
1,talk,13,0,12,VOTE Agent[02]
1,talk,14,0,6,Skip
1,talk,15,1,5,Skip
1,talk,16,1,9,DIVINED Agent[10] HUMAN
1,talk,17,1,1,Over
1,talk,18,1,2,Skip
1,talk,19,1,7,Skip
1,talk,20,1,3,VOTE Agent[15]
1,talk,21,1,13,VOTE Agent[15]
1,talk,22,1,11,Skip
1,talk,23,1,8,DIVINED Agent[06] HUMAN
1,talk,24,1,6,Skip
1,talk,25,1,14,Over
1,talk,26,1,12,Skip
1,talk,27,1,4,VOTE Agent[11]
1,talk,28,1,15,VOTE Agent[07]
1,talk,29,1,10,ESTIMATE Agent[08] SEER
1,talk,30,2,13,VOTE Agent[04]
1,talk,31,2,14,Over
1,talk,32,2,11,Skip
1,talk,33,2,1,Over
1,talk,34,2,4,VOTE Agent[13]
1,talk,35,2,5,Skip
1,talk,36,2,9,Over
1,talk,37,2,8,VOTE Agent[04]
1,talk,38,2,12,Skip
1,talk,39,2,7,VOTE Agent[13]
1,talk,40,2,2,Over
1,talk,41,2,10,ESTIMATE Agent[09] SEER
1,talk,42,2,15,VOTE Agent[02]
1,talk,43,2,3,Skip
1,talk,44,2,6,Over
1,talk,45,3,6,VOTE Agent[13]
1,talk,46,3,9,Over
1,talk,47,3,5,Over
1,talk,48,3,2,Over
1,talk,49,3,3,VOTE Agent[02]
1,talk,50,3,13,Skip
1,talk,51,3,7,ESTIMATE Agent[06] VILLAGER
1,talk,52,3,1,Over
1,talk,53,3,12,Over
1,talk,54,3,4,COMINGOUT Agent[04] MEDIUM
1,talk,55,3,14,Over
1,talk,56,3,11,Over
1,talk,57,3,15,VOTE Agent[04]
1,talk,58,3,10,AGREE TALK day1 ID:16
1,talk,59,3,8,VOTE Agent[09]
1,talk,60,4,1,Over
1,talk,61,4,10,COMINGOUT Agent[10] MEDIUM
1,talk,62,4,13,VOTE Agent[02]
1,talk,63,4,2,Over
1,talk,64,4,12,REQUEST(DIVINATION Agent[02])
1,talk,65,4,6,Skip
1,talk,66,4,4,VOTE Agent[03]
1,talk,67,4,7,Skip
1,talk,68,4,9,Over
1,talk,69,4,15,VOTE Agent[13]
1,talk,70,4,11,Over
1,talk,71,4,3,VOTE Agent[15]
1,talk,72,4,8,Skip
1,talk,73,4,5,Over
1,talk,74,4,14,Over
1,talk,75,5,1,Over
1,talk,76,5,3,VOTE Agent[02]
1,talk,77,5,14,Over
1,talk,78,5,5,Over
1,talk,79,5,12,Skip
1,talk,80,5,4,VOTE Agent[10]
1,talk,81,5,6,VOTE Agent[13]
1,talk,82,5,7,VOTE Agent[04]
1,talk,83,5,10,ESTIMATE Agent[04] WEREWOLF
1,talk,84,5,8,Skip
1,talk,85,5,13,VOTE Agent[15]
1,talk,86,5,2,Over
1,talk,87,5,15,Over
1,talk,88,5,11,Over
1,talk,89,5,9,Over
1,talk,90,6,2,Over
1,talk,91,6,1,Over
1,talk,92,6,7,ESTIMATE Agent[02] VILLAGER
1,talk,93,6,4,Skip
1,talk,94,6,3,Skip
1,talk,95,6,10,VOTE Agent[02]
1,talk,96,6,6,Skip
1,talk,97,6,11,Over
1,talk,98,6,13,VOTE Agent[04]
1,talk,99,6,14,Over
1,talk,100,6,5,Over
1,talk,101,6,9,Over
1,talk,102,6,15,VOTE Agent[09]
1,talk,103,6,8,Over
1,talk,104,6,12,Skip
1,talk,105,7,14,Over
1,talk,106,7,7,ESTIMATE Agent[12] VILLAGER
1,talk,107,7,1,Over
1,talk,108,7,6,VOTE Agent[04]
1,talk,109,7,4,Skip
1,talk,110,7,11,Over
1,talk,111,7,10,Skip
1,talk,112,7,9,Over
1,talk,113,7,8,Over
1,talk,114,7,13,VOTE Agent[02]
1,talk,115,7,3,Skip
1,talk,116,7,5,Over
1,talk,117,7,2,Over
1,talk,118,7,12,Over
1,talk,119,7,15,Over
1,talk,120,8,9,Over
1,talk,121,8,10,Skip
1,talk,122,8,6,Skip
1,talk,123,8,3,Over
1,talk,124,8,15,VOTE Agent[02]
1,talk,125,8,12,Over
1,talk,126,8,11,Over
1,talk,127,8,8,Over
1,talk,128,8,4,Over
1,talk,129,8,7,Over
1,talk,130,8,13,VOTE Agent[04]
1,talk,131,8,1,Over
1,talk,132,8,14,Over
1,talk,133,8,5,Over
1,talk,134,8,2,Over
1,talk,135,9,6,Skip
1,talk,136,9,13,VOTE Agent[02]
1,talk,137,9,8,Over
1,talk,138,9,4,Over
1,talk,139,9,5,Over
1,talk,140,9,1,Over
1,talk,141,9,15,Over
1,talk,142,9,9,Over
1,talk,143,9,2,Over
1,talk,144,9,10,Over
1,talk,145,9,7,ESTIMATE Agent[02] VILLAGER
1,talk,146,9,11,Over
1,talk,147,9,12,Over
1,talk,148,9,14,Over
1,talk,149,9,3,Over
1,talk,150,10,3,Over
1,talk,151,10,7,Over
1,talk,152,10,10,Over
1,talk,153,10,13,Skip
1,talk,154,10,5,Over
1,talk,155,10,4,Over
1,talk,156,10,8,Over
1,talk,157,10,1,Over
1,talk,158,10,9,Over
1,talk,159,10,11,Over
1,talk,160,10,12,Over
1,talk,161,10,14,Over
1,talk,162,10,6,Over
1,talk,163,10,2,Over
1,talk,164,10,15,Over
1,talk,165,11,3,Over
1,talk,166,11,5,Over
1,talk,167,11,1,Over
1,talk,168,11,12,Over
1,talk,169,11,9,Over
1,talk,170,11,7,ESTIMATE Agent[02] VILLAGER
1,talk,171,11,4,Over
1,talk,172,11,11,Over
1,talk,173,11,13,Skip
1,talk,174,11,8,Over
1,talk,175,11,15,Over
1,talk,176,11,6,Over
1,talk,177,11,10,Over
1,talk,178,11,2,Over
1,talk,179,11,14,Over
1,talk,180,12,12,Over
1,talk,181,12,10,Over
1,talk,182,12,4,Over
1,talk,183,12,9,Over
1,talk,184,12,7,Over
1,talk,185,12,11,Over
1,talk,186,12,14,Over
1,talk,187,12,6,Over
1,talk,188,12,15,Over
1,talk,189,12,1,Over
1,talk,190,12,3,Over
1,talk,191,12,5,Over
1,talk,192,12,13,Over
1,talk,193,12,2,Over
1,talk,194,12,8,Over
1,vote,1,7
1,vote,2,3
1,vote,3,2
1,vote,4,10
1,vote,5,15
1,vote,6,4
1,vote,7,4
1,vote,8,9
1,vote,9,12
1,vote,10,4
1,vote,11,9
1,vote,12,2
1,vote,13,2
1,vote,14,2
1,vote,15,2
1,execute,2,WEREWOLF
1,divine,8,4,HUMAN
1,whisper,0,0,10,Over
1,whisper,1,0,12,Skip
1,whisper,2,1,10,Over
1,whisper,3,1,12,Skip
1,whisper,4,2,12,Over
1,whisper,5,2,10,Over
1,guard,1,9,POSSESSED
1,attackVote,10,4
1,attackVote,12,8
1,attackVote,10,9
1,attackVote,12,4
1,attack,9,false
2,status,1,BODYGUARD,ALIVE,tmcit2017
2,status,2,WEREWOLF,DEAD,Army
2,status,3,VILLAGER,ALIVE,rsaito
2,status,4,MEDIUM,ALIVE,Neo_ELIZA
2,status,5,VILLAGER,ALIVE,AIWolf_NET
2,status,6,VILLAGER,ALIVE,Romanesco
2,status,7,VILLAGER,ALIVE,wasabi
2,status,8,SEER,ALIVE,H-ReGEX
2,status,9,POSSESSED,ALIVE,yk_aiwolf
2,status,10,WEREWOLF,ALIVE,Kanpyo
2,status,11,VILLAGER,ALIVE,konno
2,status,12,WEREWOLF,ALIVE,AITKN
2,status,13,VILLAGER,ALIVE,neko
2,status,14,VILLAGER,ALIVE,flex
2,status,15,VILLAGER,ALIVE,Litt1eGirl
2,talk,0,0,8,DIVINED Agent[04] HUMAN
2,talk,1,0,3,VOTE Agent[12]
2,talk,2,0,9,DIVINED Agent[10] HUMAN
2,talk,3,0,1,Over
2,talk,4,0,7,VOTE Agent[04]
2,talk,5,0,12,VOTE Agent[02]
2,talk,6,0,4,IDENTIFIED Agent[02] WEREWOLF
2,talk,7,0,10,IDENTIFIED Agent[02] HUMAN
2,talk,8,0,14,Over
2,talk,9,0,15,VOTE Agent[14]
2,talk,10,0,5,VOTE Agent[09]
2,talk,11,0,11,VOTE Agent[13]
2,talk,12,0,6,Skip
2,talk,13,0,13,VOTE Agent[04]
2,talk,14,1,14,Over
2,talk,15,1,1,Over
2,talk,16,1,13,VOTE Agent[01]
2,talk,17,1,10,AGREE TALK day2 ID:2
2,talk,18,1,15,VOTE Agent[04]
2,talk,19,1,3,VOTE Agent[14]
2,talk,20,1,7,Skip
2,talk,21,1,6,Skip
2,talk,22,1,8,VOTE Agent[09]
2,talk,23,1,4,VOTE Agent[10]
2,talk,24,1,5,Skip
2,talk,25,1,11,Skip
2,talk,26,1,12,Skip
2,talk,27,1,9,Over
2,talk,28,2,7,Skip
2,talk,29,2,11,Skip
2,talk,30,2,6,Over
2,talk,31,2,8,Skip
2,talk,32,2,14,Over
2,talk,33,2,1,Over
2,talk,34,2,15,Over
2,talk,35,2,10,Skip
2,talk,36,2,4,Skip
2,talk,37,2,5,Skip
2,talk,38,2,13,VOTE Agent[14]
2,talk,39,2,3,VOTE Agent[12]
2,talk,40,2,12,Skip
2,talk,41,2,9,Over
2,talk,42,3,12,Over
2,talk,43,3,13,VOTE Agent[12]
2,talk,44,3,14,Over
2,talk,45,3,7,ESTIMATE Agent[13] VILLAGER
2,talk,46,3,6,VOTE Agent[04]
2,talk,47,3,9,Over
2,talk,48,3,11,Over
2,talk,49,3,8,Skip
2,talk,50,3,10,ESTIMATE Agent[04] POSSESSED
2,talk,51,3,4,Skip
2,talk,52,3,5,Over
2,talk,53,3,1,Over
2,talk,54,3,15,VOTE Agent[09]
2,talk,55,3,3,VOTE Agent[14]
2,talk,56,4,1,Over
2,talk,57,4,7,Skip
2,talk,58,4,15,Over
2,talk,59,4,11,Over
2,talk,60,4,5,Over
2,talk,61,4,13,VOTE Agent[04]
2,talk,62,4,14,Over
2,talk,63,4,9,Over
2,talk,64,4,8,Over
2,talk,65,4,12,REQUEST(DIVINATION Agent[15])
2,talk,66,4,6,Skip
2,talk,67,4,4,Over
2,talk,68,4,3,VOTE Agent[12]
2,talk,69,4,10,VOTE Agent[04]
2,talk,70,5,13,Skip
2,talk,71,5,8,Over
2,talk,72,5,6,VOTE Agent[04]
2,talk,73,5,10,REQUEST(VOTE Agent[04])
2,talk,74,5,1,Over
2,talk,75,5,14,Over
2,talk,76,5,15,VOTE Agent[04]
2,talk,77,5,12,Skip
2,talk,78,5,11,Over
2,talk,79,5,4,Over
2,talk,80,5,3,VOTE Agent[14]
2,talk,81,5,5,Over
2,talk,82,5,7,ESTIMATE Agent[05] VILLAGER
2,talk,83,5,9,Over
2,talk,84,6,1,Over
2,talk,85,6,15,Over
2,talk,86,6,12,VOTE Agent[04]
2,talk,87,6,8,Over
2,talk,88,6,11,Over
2,talk,89,6,7,Over
2,talk,90,6,13,Skip
2,talk,91,6,14,Over
2,talk,92,6,4,Over
2,talk,93,6,3,Skip
2,talk,94,6,6,Skip
2,talk,95,6,5,Over
2,talk,96,6,10,VOTE Agent[04]
2,talk,97,6,9,Over
2,talk,98,7,13,Over
2,talk,99,7,5,Over
2,talk,100,7,10,Skip
2,talk,101,7,7,ESTIMATE Agent[09] WEREWOLF
2,talk,102,7,6,VOTE Agent[04]
2,talk,103,7,15,Over
2,talk,104,7,1,Over
2,talk,105,7,3,Skip
2,talk,106,7,11,Over
2,talk,107,7,4,Over
2,talk,108,7,8,Over
2,talk,109,7,9,Over
2,talk,110,7,12,VOTE Agent[04]
2,talk,111,7,14,Over
2,talk,112,8,10,Skip
2,talk,113,8,6,Skip
2,talk,114,8,3,Over
2,talk,115,8,5,Over
2,talk,116,8,8,Over
2,talk,117,8,4,Over
2,talk,118,8,15,ESTIMATE Agent[11] VILLAGER
2,talk,119,8,12,Skip
2,talk,120,8,14,Over
2,talk,121,8,1,Over
2,talk,122,8,7,ESTIMATE Agent[10] WEREWOLF
2,talk,123,8,13,Over
2,talk,124,8,11,Over
2,talk,125,8,9,Over
2,talk,126,9,14,Over
2,talk,127,9,15,Over
2,talk,128,9,11,Over
2,talk,129,9,13,Over
2,talk,130,9,5,Over
2,talk,131,9,7,ESTIMATE Agent[01] VILLAGER
2,talk,132,9,9,Over
2,talk,133,9,8,Over
2,talk,134,9,4,Over
2,talk,135,9,6,Skip
2,talk,136,9,10,Over
2,talk,137,9,12,Skip
2,talk,138,9,3,Over
2,talk,139,9,1,Over
2,talk,140,10,3,Over
2,talk,141,10,7,ESTIMATE Agent[05] VILLAGER
2,talk,142,10,15,Over
2,talk,143,10,9,Over
2,talk,144,10,6,Over
2,talk,145,10,1,Over
2,talk,146,10,13,Over
2,talk,147,10,11,Over
2,talk,148,10,10,Over
2,talk,149,10,12,Over
2,talk,150,10,14,Over
2,talk,151,10,4,Over
2,talk,152,10,5,Over
2,talk,153,10,8,Over
2,talk,154,11,7,Over
2,talk,155,11,9,Over
2,talk,156,11,13,Over
2,talk,157,11,1,Over
2,talk,158,11,14,Over
2,talk,159,11,11,Over
2,talk,160,11,6,Over
2,talk,161,11,3,Over
2,talk,162,11,4,Over
2,talk,163,11,15,Over
2,talk,164,11,5,Over
2,talk,165,11,8,Over
2,talk,166,11,12,Over
2,talk,167,11,10,Over
2,vote,1,5
2,vote,3,14
2,vote,4,10
2,vote,5,9
2,vote,6,4
2,vote,7,4
2,vote,8,9
2,vote,9,7
2,vote,10,4
2,vote,11,13
2,vote,12,4
2,vote,13,4
2,vote,14,15
2,vote,15,4
2,execute,4,MEDIUM
2,divine,8,1,HUMAN
2,whisper,0,0,10,Over
2,whisper,1,0,12,Skip
2,whisper,2,1,10,Over
2,whisper,3,1,12,Skip
2,whisper,4,2,12,Over
2,whisper,5,2,10,Over
2,guard,1,9,POSSESSED
2,attackVote,10,1
2,attackVote,12,8
2,attackVote,10,8
2,attackVote,12,8
2,attack,8,true
3,status,1,BODYGUARD,ALIVE,tmcit2017
3,status,2,WEREWOLF,DEAD,Army
3,status,3,VILLAGER,ALIVE,rsaito
3,status,4,MEDIUM,DEAD,Neo_ELIZA
3,status,5,VILLAGER,ALIVE,AIWolf_NET
3,status,6,VILLAGER,ALIVE,Romanesco
3,status,7,VILLAGER,ALIVE,wasabi
3,status,8,SEER,DEAD,H-ReGEX
3,status,9,POSSESSED,ALIVE,yk_aiwolf
3,status,10,WEREWOLF,ALIVE,Kanpyo
3,status,11,VILLAGER,ALIVE,konno
3,status,12,WEREWOLF,ALIVE,AITKN
3,status,13,VILLAGER,ALIVE,neko
3,status,14,VILLAGER,ALIVE,flex
3,status,15,VILLAGER,ALIVE,Litt1eGirl
3,talk,0,0,12,VOTE Agent[04]
3,talk,1,0,15,VOTE Agent[05]
3,talk,2,0,1,Over
3,talk,3,0,9,DIVINED Agent[10] HUMAN
3,talk,4,0,3,VOTE Agent[10]
3,talk,5,0,5,VOTE Agent[10]
3,talk,6,0,6,Skip
3,talk,7,0,10,IDENTIFIED Agent[04] WEREWOLF
3,talk,8,0,11,VOTE Agent[13]
3,talk,9,0,13,VOTE Agent[01]
3,talk,10,0,14,Over
3,talk,11,0,7,VOTE Agent[10]
3,talk,12,1,13,Skip
3,talk,13,1,3,VOTE Agent[01]
3,talk,14,1,10,AGREE TALK day3 ID:3
3,talk,15,1,12,Skip
3,talk,16,1,5,Skip
3,talk,17,1,6,Skip
3,talk,18,1,1,Over
3,talk,19,1,15,VOTE Agent[10]
3,talk,20,1,11,Skip
3,talk,21,1,7,ESTIMATE Agent[09] WEREWOLF
3,talk,22,1,9,Over
3,talk,23,1,14,Over
3,talk,24,2,14,Over
3,talk,25,2,11,Skip
3,talk,26,2,3,VOTE Agent[14]
3,talk,27,2,9,Over
3,talk,28,2,15,Over
3,talk,29,2,10,Skip
3,talk,30,2,1,Over
3,talk,31,2,7,ESTIMATE Agent[15] VILLAGER
3,talk,32,2,5,Skip
3,talk,33,2,6,Over
3,talk,34,2,13,Skip
3,talk,35,2,12,Skip
3,talk,36,3,5,Over
3,talk,37,3,12,Over
3,talk,38,3,7,ESTIMATE Agent[15] VILLAGER
3,talk,39,3,14,Over
3,talk,40,3,3,Skip
3,talk,41,3,13,Over
3,talk,42,3,10,Skip
3,talk,43,3,15,Over
3,talk,44,3,11,Over
3,talk,45,3,9,Over
3,talk,46,3,6,VOTE Agent[13]
3,talk,47,3,1,Over
3,talk,48,4,13,Over
3,talk,49,4,12,Over
3,talk,50,4,15,Over
3,talk,51,4,14,Over
3,talk,52,4,7,Skip
3,talk,53,4,10,Over
3,talk,54,4,6,Skip
3,talk,55,4,3,Skip
3,talk,56,4,1,Over
3,talk,57,4,9,Over
3,talk,58,4,11,Over
3,talk,59,4,5,Over
3,talk,60,5,11,Over
3,talk,61,5,15,Over
3,talk,62,5,13,Over
3,talk,63,5,3,Over
3,talk,64,5,1,Over
3,talk,65,5,7,ESTIMATE Agent[05] VILLAGER
3,talk,66,5,10,Over
3,talk,67,5,6,VOTE Agent[13]
3,talk,68,5,12,Over
3,talk,69,5,9,Over
3,talk,70,5,5,Over
3,talk,71,5,14,Over
3,talk,72,6,14,Over
3,talk,73,6,10,Over
3,talk,74,6,6,Skip
3,talk,75,6,15,Over
3,talk,76,6,11,Over
3,talk,77,6,7,Skip
3,talk,78,6,1,Over
3,talk,79,6,12,Over
3,talk,80,6,13,Over
3,talk,81,6,3,Over
3,talk,82,6,9,Over
3,talk,83,6,5,Over
3,talk,84,7,7,ESTIMATE Agent[09] WEREWOLF
3,talk,85,7,9,Over
3,talk,86,7,11,Over
3,talk,87,7,12,Over
3,talk,88,7,6,VOTE Agent[13]
3,talk,89,7,5,Over
3,talk,90,7,10,Over
3,talk,91,7,3,Over
3,talk,92,7,1,Over
3,talk,93,7,13,Over
3,talk,94,7,15,ESTIMATE Agent[10] WEREWOLF
3,talk,95,7,14,Over
3,talk,96,8,1,Over
3,talk,97,8,7,ESTIMATE Agent[01] VILLAGER
3,talk,98,8,9,Over
3,talk,99,8,5,Over
3,talk,100,8,14,Over
3,talk,101,8,11,Over
3,talk,102,8,6,Skip
3,talk,103,8,15,Over
3,talk,104,8,10,Over
3,talk,105,8,3,Over
3,talk,106,8,13,Over
3,talk,107,8,12,Over
3,talk,108,9,10,Over
3,talk,109,9,14,Over
3,talk,110,9,7,Skip
3,talk,111,9,12,Over
3,talk,112,9,5,Over
3,talk,113,9,3,Over
3,talk,114,9,1,Over
3,talk,115,9,13,Over
3,talk,116,9,15,Over
3,talk,117,9,6,Skip
3,talk,118,9,9,Over
3,talk,119,9,11,Over
3,talk,120,10,12,Over
3,talk,121,10,13,Over
3,talk,122,10,10,Over
3,talk,123,10,5,Over
3,talk,124,10,15,Over
3,talk,125,10,1,Over
3,talk,126,10,14,Over
3,talk,127,10,3,Over
3,talk,128,10,9,Over
3,talk,129,10,6,Over
3,talk,130,10,11,Over
3,talk,131,10,7,ESTIMATE Agent[06] VILLAGER
3,talk,132,11,3,Over
3,talk,133,11,5,Over
3,talk,134,11,11,Over
3,talk,135,11,14,Over
3,talk,136,11,9,Over
3,talk,137,11,7,ESTIMATE Agent[03] VILLAGER
3,talk,138,11,10,Over
3,talk,139,11,6,Over
3,talk,140,11,12,Over
3,talk,141,11,13,Over
3,talk,142,11,1,Over
3,talk,143,11,15,Over
3,talk,144,12,7,ESTIMATE Agent[06] VILLAGER
3,talk,145,12,10,Over
3,talk,146,12,15,Over
3,talk,147,12,14,Over
3,talk,148,12,5,Over
3,talk,149,12,13,Over
3,talk,150,12,9,Over
3,talk,151,12,11,Over
3,talk,152,12,6,Over
3,talk,153,12,3,Over
3,talk,154,12,1,Over
3,talk,155,12,12,Over
3,talk,156,13,15,Over
3,talk,157,13,9,Over
3,talk,158,13,13,Over
3,talk,159,13,11,Over
3,talk,160,13,5,Over
3,talk,161,13,7,Over
3,talk,162,13,14,Over
3,talk,163,13,6,Over
3,talk,164,13,1,Over
3,talk,165,13,10,Over
3,talk,166,13,12,Over
3,talk,167,13,3,Over
3,vote,1,13
3,vote,3,14
3,vote,5,10
3,vote,6,13
3,vote,7,10
3,vote,9,6
3,vote,10,15
3,vote,11,13
3,vote,12,9
3,vote,13,1
3,vote,14,7
3,vote,15,10
3,vote,1,10
3,vote,3,13
3,vote,5,10
3,vote,6,13
3,vote,7,10
3,vote,9,5
3,vote,10,6
3,vote,11,13
3,vote,12,7
3,vote,13,10
3,vote,14,1
3,vote,15,10
3,execute,10,WEREWOLF
3,guard,1,9,POSSESSED
3,attackVote,12,1
3,attack,1,true
4,status,1,BODYGUARD,DEAD,tmcit2017
4,status,2,WEREWOLF,DEAD,Army
4,status,3,VILLAGER,ALIVE,rsaito
4,status,4,MEDIUM,DEAD,Neo_ELIZA
4,status,5,VILLAGER,ALIVE,AIWolf_NET
4,status,6,VILLAGER,ALIVE,Romanesco
4,status,7,VILLAGER,ALIVE,wasabi
4,status,8,SEER,DEAD,H-ReGEX
4,status,9,POSSESSED,ALIVE,yk_aiwolf
4,status,10,WEREWOLF,DEAD,Kanpyo
4,status,11,VILLAGER,ALIVE,konno
4,status,12,WEREWOLF,ALIVE,AITKN
4,status,13,VILLAGER,ALIVE,neko
4,status,14,VILLAGER,ALIVE,flex
4,status,15,VILLAGER,ALIVE,Litt1eGirl
4,talk,0,0,14,Over
4,talk,1,0,6,Skip
4,talk,2,0,3,VOTE Agent[15]
4,talk,3,0,12,VOTE Agent[04]
4,talk,4,0,7,VOTE Agent[13]
4,talk,5,0,15,VOTE Agent[14]
4,talk,6,0,11,VOTE Agent[07]
4,talk,7,0,13,VOTE Agent[03]
4,talk,8,0,5,VOTE Agent[09]
4,talk,9,0,9,DIVINED Agent[01] WEREWOLF
4,talk,10,1,5,Skip
4,talk,11,1,9,Over
4,talk,12,1,6,Skip
4,talk,13,1,15,Over
4,talk,14,1,11,ESTIMATE Agent[09] WEREWOLF
4,talk,15,1,3,Skip
4,talk,16,1,13,Skip
4,talk,17,1,14,Over
4,talk,18,1,7,Skip
4,talk,19,1,12,Skip
4,talk,20,2,13,Skip
4,talk,21,2,15,Over
4,talk,22,2,6,Over
4,talk,23,2,14,Over
4,talk,24,2,12,VOTE Agent[01]
4,talk,25,2,5,Skip
4,talk,26,2,7,ESTIMATE Agent[09] WEREWOLF
4,talk,27,2,9,Over
4,talk,28,2,3,Skip
4,talk,29,2,11,REQUEST(DIVINATION Agent[09])
4,talk,30,3,7,ESTIMATE Agent[13] VILLAGER
4,talk,31,3,11,VOTE Agent[09]
4,talk,32,3,5,Over
4,talk,33,3,13,Over
4,talk,34,3,3,Over
4,talk,35,3,15,VOTE Agent[13]
4,talk,36,3,12,Skip
4,talk,37,3,14,Over
4,talk,38,3,9,Over
4,talk,39,3,6,VOTE Agent[14]
4,talk,40,4,5,Over
4,talk,41,4,6,Skip
4,talk,42,4,13,Over
4,talk,43,4,11,Skip
4,talk,44,4,12,Skip
4,talk,45,4,14,Over
4,talk,46,4,9,Over
4,talk,47,4,7,ESTIMATE Agent[14] VILLAGER
4,talk,48,4,3,VOTE Agent[14]
4,talk,49,4,15,VOTE Agent[09]
4,talk,50,5,13,Over
4,talk,51,5,7,ESTIMATE Agent[09] WEREWOLF
4,talk,52,5,15,Over
4,talk,53,5,6,VOTE Agent[14]
4,talk,54,5,5,Over
4,talk,55,5,9,Over
4,talk,56,5,3,VOTE Agent[15]
4,talk,57,5,14,Over
4,talk,58,5,12,Over
4,talk,59,5,11,Skip
4,talk,60,6,15,Over
4,talk,61,6,14,Over
4,talk,62,6,12,Over
4,talk,63,6,13,Over
4,talk,64,6,9,Over
4,talk,65,6,7,VOTE Agent[11]
4,talk,66,6,6,Skip
4,talk,67,6,11,Over
4,talk,68,6,5,Over
4,talk,69,6,3,Skip
4,talk,70,7,12,Over
4,talk,71,7,14,Over
4,talk,72,7,3,Skip
4,talk,73,7,13,Over
4,talk,74,7,11,Over
4,talk,75,7,7,ESTIMATE Agent[06] VILLAGER
4,talk,76,7,6,VOTE Agent[14]
4,talk,77,7,9,Over
4,talk,78,7,5,Over
4,talk,79,7,15,Over
4,talk,80,8,5,Over
4,talk,81,8,11,Over
4,talk,82,8,13,Over
4,talk,83,8,9,Over
4,talk,84,8,14,Over
4,talk,85,8,7,Skip
4,talk,86,8,12,Over
4,talk,87,8,15,Over
4,talk,88,8,3,Over
4,talk,89,8,6,Skip
4,talk,90,9,5,Over
4,talk,91,9,3,Over
4,talk,92,9,7,ESTIMATE Agent[05] VILLAGER
4,talk,93,9,9,Over
4,talk,94,9,6,Skip
4,talk,95,9,12,Over
4,talk,96,9,13,Over
4,talk,97,9,14,Over
4,talk,98,9,11,Over
4,talk,99,9,15,ESTIMATE Agent[09] WEREWOLF
4,talk,100,10,3,Over
4,talk,101,10,15,Over
4,talk,102,10,12,Over
4,talk,103,10,5,Over
4,talk,104,10,13,Over
4,talk,105,10,9,Over
4,talk,106,10,14,Over
4,talk,107,10,7,VOTE Agent[12]
4,talk,108,10,6,Over
4,talk,109,10,11,Over
4,talk,110,11,9,Over
4,talk,111,11,6,Over
4,talk,112,11,7,ESTIMATE Agent[12] VILLAGER
4,talk,113,11,5,Over
4,talk,114,11,12,Over
4,talk,115,11,13,Over
4,talk,116,11,14,Over
4,talk,117,11,3,Over
4,talk,118,11,11,Over
4,talk,119,11,15,Over
4,talk,120,12,14,Over
4,talk,121,12,11,Over
4,talk,122,12,5,Over
4,talk,123,12,12,Over
4,talk,124,12,7,Over
4,talk,125,12,13,Over
4,talk,126,12,6,Over
4,talk,127,12,9,Over
4,talk,128,12,15,Over
4,talk,129,12,3,Over
4,vote,3,15
4,vote,5,9
4,vote,6,14
4,vote,7,12
4,vote,9,15
4,vote,11,9
4,vote,12,14
4,vote,13,3
4,vote,14,7
4,vote,15,9
4,execute,9,POSSESSED
4,attackVote,12,14
4,attack,14,true
5,status,1,BODYGUARD,DEAD,tmcit2017
5,status,2,WEREWOLF,DEAD,Army
5,status,3,VILLAGER,ALIVE,rsaito
5,status,4,MEDIUM,DEAD,Neo_ELIZA
5,status,5,VILLAGER,ALIVE,AIWolf_NET
5,status,6,VILLAGER,ALIVE,Romanesco
5,status,7,VILLAGER,ALIVE,wasabi
5,status,8,SEER,DEAD,H-ReGEX
5,status,9,POSSESSED,DEAD,yk_aiwolf
5,status,10,WEREWOLF,DEAD,Kanpyo
5,status,11,VILLAGER,ALIVE,konno
5,status,12,WEREWOLF,ALIVE,AITKN
5,status,13,VILLAGER,ALIVE,neko
5,status,14,VILLAGER,DEAD,flex
5,status,15,VILLAGER,ALIVE,Litt1eGirl
5,talk,0,0,11,VOTE Agent[03]
5,talk,1,0,6,Skip
5,talk,2,0,12,VOTE Agent[01]
5,talk,3,0,13,VOTE Agent[03]
5,talk,4,0,3,VOTE Agent[15]
5,talk,5,0,7,Skip
5,talk,6,0,5,VOTE Agent[12]
5,talk,7,0,15,VOTE Agent[12]
5,talk,8,1,7,Skip
5,talk,9,1,12,Skip
5,talk,10,1,13,Skip
5,talk,11,1,11,Skip
5,talk,12,1,3,VOTE Agent[12]
5,talk,13,1,5,Skip
5,talk,14,1,15,VOTE Agent[03]
5,talk,15,1,6,Skip
5,talk,16,2,7,VOTE Agent[03]
5,talk,17,2,11,Skip
5,talk,18,2,5,Skip
5,talk,19,2,3,VOTE Agent[15]
5,talk,20,2,13,Skip
5,talk,21,2,15,ESTIMATE Agent[03] WEREWOLF
5,talk,22,2,6,Over
5,talk,23,2,12,Skip
5,talk,24,3,7,ESTIMATE Agent[06] VILLAGER
5,talk,25,3,11,Over
5,talk,26,3,6,VOTE Agent[12]
5,talk,27,3,3,Skip
5,talk,28,3,15,Over
5,talk,29,3,5,Over
5,talk,30,3,12,Over
5,talk,31,3,13,Over
5,talk,32,4,12,Over
5,talk,33,4,7,Skip
5,talk,34,4,13,Over
5,talk,35,4,5,Over
5,talk,36,4,6,Skip
5,talk,37,4,15,Over
5,talk,38,4,11,Over
5,talk,39,4,3,Skip
5,talk,40,5,7,Over
5,talk,41,5,15,Over
5,talk,42,5,11,Over
5,talk,43,5,6,VOTE Agent[12]
5,talk,44,5,12,Over
5,talk,45,5,13,Over
5,talk,46,5,5,Over
5,talk,47,5,3,Over
5,talk,48,6,11,Over
5,talk,49,6,5,Over
5,talk,50,6,12,Over
5,talk,51,6,7,Over
5,talk,52,6,3,Over
5,talk,53,6,15,Over
5,talk,54,6,6,Skip
5,talk,55,6,13,Over
5,talk,56,7,12,Over
5,talk,57,7,15,Over
5,talk,58,7,11,Over
5,talk,59,7,6,VOTE Agent[12]
5,talk,60,7,5,Over
5,talk,61,7,13,Over
5,talk,62,7,7,Over
5,talk,63,7,3,Over
5,talk,64,8,13,Over
5,talk,65,8,11,Over
5,talk,66,8,5,Over
5,talk,67,8,7,Over
5,talk,68,8,15,Over
5,talk,69,8,3,Over
5,talk,70,8,6,Skip
5,talk,71,8,12,Over
5,talk,72,9,12,Over
5,talk,73,9,11,Over
5,talk,74,9,5,Over
5,talk,75,9,15,Over
5,talk,76,9,7,ESTIMATE Agent[13] WEREWOLF
5,talk,77,9,13,Over
5,talk,78,9,6,Skip
5,talk,79,9,3,Over
5,talk,80,10,3,Over
5,talk,81,10,15,Over
5,talk,82,10,13,Over
5,talk,83,10,6,Over
5,talk,84,10,12,Over
5,talk,85,10,11,Over
5,talk,86,10,7,Over
5,talk,87,10,5,Over
5,vote,3,15
5,vote,5,12
5,vote,6,12
5,vote,7,3
5,vote,11,3
5,vote,12,7
5,vote,13,3
5,vote,15,3
5,execute,3,VILLAGER
5,attackVote,12,5
5,attack,5,true
6,status,1,BODYGUARD,DEAD,tmcit2017
6,status,2,WEREWOLF,DEAD,Army
6,status,3,VILLAGER,DEAD,rsaito
6,status,4,MEDIUM,DEAD,Neo_ELIZA
6,status,5,VILLAGER,DEAD,AIWolf_NET
6,status,6,VILLAGER,ALIVE,Romanesco
6,status,7,VILLAGER,ALIVE,wasabi
6,status,8,SEER,DEAD,H-ReGEX
6,status,9,POSSESSED,DEAD,yk_aiwolf
6,status,10,WEREWOLF,DEAD,Kanpyo
6,status,11,VILLAGER,ALIVE,konno
6,status,12,WEREWOLF,ALIVE,AITKN
6,status,13,VILLAGER,ALIVE,neko
6,status,14,VILLAGER,DEAD,flex
6,status,15,VILLAGER,ALIVE,Litt1eGirl
6,talk,0,0,12,VOTE Agent[01]
6,talk,1,0,6,Skip
6,talk,2,0,7,Skip
6,talk,3,0,13,VOTE Agent[06]
6,talk,4,0,15,VOTE Agent[12]
6,talk,5,0,11,VOTE Agent[15]
6,talk,6,1,15,VOTE Agent[06]
6,talk,7,1,13,Skip
6,talk,8,1,12,Skip
6,talk,9,1,11,Skip
6,talk,10,1,7,VOTE Agent[12]
6,talk,11,1,6,Skip
6,talk,12,2,7,ESTIMATE Agent[13] WEREWOLF
6,talk,13,2,15,Over
6,talk,14,2,12,Skip
6,talk,15,2,13,Skip
6,talk,16,2,11,Skip
6,talk,17,2,6,Over
6,talk,18,3,6,VOTE Agent[12]
6,talk,19,3,13,Over
6,talk,20,3,11,Over
6,talk,21,3,12,Over
6,talk,22,3,15,Over
6,talk,23,3,7,ESTIMATE Agent[13] WEREWOLF
6,talk,24,4,13,Over
6,talk,25,4,11,Over
6,talk,26,4,7,Skip
6,talk,27,4,6,Skip
6,talk,28,4,12,Over
6,talk,29,4,15,VOTE Agent[12]
6,talk,30,5,12,Over
6,talk,31,5,13,Over
6,talk,32,5,11,Over
6,talk,33,5,15,Over
6,talk,34,5,6,VOTE Agent[12]
6,talk,35,5,7,ESTIMATE Agent[06] VILLAGER
6,talk,36,6,13,Over
6,talk,37,6,11,Over
6,talk,38,6,6,Skip
6,talk,39,6,7,ESTIMATE Agent[06] VILLAGER
6,talk,40,6,15,Over
6,talk,41,6,12,Over
6,talk,42,7,13,Over
6,talk,43,7,11,Over
6,talk,44,7,15,ESTIMATE Agent[11] VILLAGER
6,talk,45,7,7,ESTIMATE Agent[15] WEREWOLF
6,talk,46,7,12,Over
6,talk,47,7,6,VOTE Agent[12]
6,talk,48,8,12,Over
6,talk,49,8,7,ESTIMATE Agent[06] VILLAGER
6,talk,50,8,6,Skip
6,talk,51,8,13,Over
6,talk,52,8,11,Over
6,talk,53,8,15,Over
6,talk,54,9,13,Over
6,talk,55,9,12,Over
6,talk,56,9,11,Over
6,talk,57,9,7,ESTIMATE Agent[11] WEREWOLF
6,talk,58,9,15,Over
6,talk,59,9,6,Skip
6,talk,60,10,7,Skip
6,talk,61,10,12,Over
6,talk,62,10,13,Over
6,talk,63,10,11,Over
6,talk,64,10,6,Over
6,talk,65,10,15,Over
6,talk,66,11,12,Over
6,talk,67,11,11,Over
6,talk,68,11,15,Over
6,talk,69,11,6,Over
6,talk,70,11,13,Over
6,talk,71,11,7,ESTIMATE Agent[15] WEREWOLF
6,talk,72,12,11,Over
6,talk,73,12,15,Over
6,talk,74,12,12,Over
6,talk,75,12,6,Over
6,talk,76,12,13,Over
6,talk,77,12,7,ESTIMATE Agent[11] WEREWOLF
6,talk,78,13,15,Over
6,talk,79,13,7,Over
6,talk,80,13,13,Over
6,talk,81,13,12,Over
6,talk,82,13,6,Over
6,talk,83,13,11,Over
6,vote,6,12
6,vote,7,12
6,vote,11,15
6,vote,12,13
6,vote,13,6
6,vote,15,12
6,execute,12,WEREWOLF
7,status,1,BODYGUARD,DEAD,tmcit2017
7,status,2,WEREWOLF,DEAD,Army
7,status,3,VILLAGER,DEAD,rsaito
7,status,4,MEDIUM,DEAD,Neo_ELIZA
7,status,5,VILLAGER,DEAD,AIWolf_NET
7,status,6,VILLAGER,ALIVE,Romanesco
7,status,7,VILLAGER,ALIVE,wasabi
7,status,8,SEER,DEAD,H-ReGEX
7,status,9,POSSESSED,DEAD,yk_aiwolf
7,status,10,WEREWOLF,DEAD,Kanpyo
7,status,11,VILLAGER,ALIVE,konno
7,status,12,WEREWOLF,DEAD,AITKN
7,status,13,VILLAGER,ALIVE,neko
7,status,14,VILLAGER,DEAD,flex
7,status,15,VILLAGER,ALIVE,Litt1eGirl
7,result,5,0,VILLAGER
