0,status,1,POSSESSED,ALIVE,tmcit2017
0,status,2,WEREWOLF,ALIVE,Army
0,status,3,MEDIUM,ALIVE,rsaito
0,status,4,VILLAGER,ALIVE,Neo_ELIZA
0,status,5,WEREWOLF,ALIVE,AIWolf_NET
0,status,6,BODYGUARD,ALIVE,Romanesco
0,status,7,VILLAGER,ALIVE,wasabi
0,status,8,VILLAGER,ALIVE,H-ReGEX
0,status,9,VILLAGER,ALIVE,yk_aiwolf
0,status,10,VILLAGER,ALIVE,Kanpyo
0,status,11,VILLAGER,ALIVE,konno
0,status,12,SEER,ALIVE,AITKN
0,status,13,WEREWOLF,ALIVE,neko
0,status,14,VILLAGER,ALIVE,flex
0,status,15,VILLAGER,ALIVE,Litt1eGirl
0,whisper,0,0,2,Over
0,whisper,1,0,5,COMINGOUT Agent[05] VILLAGER
0,whisper,2,0,13,COMINGOUT Agent[13] VILLAGER
0,whisper,3,1,2,Over
0,whisper,4,1,13,Skip
0,whisper,5,1,5,ATTACK Agent[09]
0,whisper,6,2,2,Over
0,whisper,7,2,13,Skip
0,whisper,8,2,5,Skip
0,whisper,9,3,13,Over
0,whisper,10,3,5,Skip
0,whisper,11,3,2,Over
0,whisper,12,4,5,Over
0,whisper,13,4,13,Over
0,whisper,14,4,2,Over
0,divine,12,4,HUMAN
1,status,1,POSSESSED,ALIVE,tmcit2017
1,status,2,WEREWOLF,ALIVE,Army
1,status,3,MEDIUM,ALIVE,rsaito
1,status,4,VILLAGER,ALIVE,Neo_ELIZA
1,status,5,WEREWOLF,ALIVE,AIWolf_NET
1,status,6,BODYGUARD,ALIVE,Romanesco
1,status,7,VILLAGER,ALIVE,wasabi
1,status,8,VILLAGER,ALIVE,H-ReGEX
1,status,9,VILLAGER,ALIVE,yk_aiwolf
1,status,10,VILLAGER,ALIVE,Kanpyo
1,status,11,VILLAGER,ALIVE,konno
1,status,12,SEER,ALIVE,AITKN
1,status,13,WEREWOLF,ALIVE,neko
1,status,14,VILLAGER,ALIVE,flex
1,status,15,VILLAGER,ALIVE,Litt1eGirl
1,talk,0,0,9,Over
1,talk,1,0,12,COMINGOUT Agent[12] SEER
1,talk,2,0,8,VOTE Agent[09]
1,talk,3,0,4,VOTE Agent[08]
1,talk,4,0,13,VOTE Agent[03]
1,talk,5,0,15,VOTE Agent[14]
1,talk,6,0,11,VOTE Agent[06]
1,talk,7,0,6,Skip
1,talk,8,0,14,Over
1,talk,9,0,1,COMINGOUT Agent[01] SEER
1,talk,10,0,5,ESTIMATE Agent[15] WEREWOLF
1,talk,11,0,2,Skip
1,talk,12,0,3,COMINGOUT Agent[03] MEDIUM
1,talk,13,0,10,VOTE Agent[07]
1,talk,14,0,7,Skip
1,talk,15,1,2,Skip
1,talk,16,1,10,ESTIMATE Agent[12] SEER
1,talk,17,1,12,DIVINED Agent[04] HUMAN
1,talk,18,1,15,VOTE Agent[06]
1,talk,19,1,7,VOTE Agent[11]
1,talk,20,1,1,DIVINED Agent[10] HUMAN
1,talk,21,1,13,VOTE Agent[06]
1,talk,22,1,6,Skip
1,talk,23,1,9,Over
1,talk,24,1,11,Skip
1,talk,25,1,5,VOTE Agent[15]
1,talk,26,1,14,Over
1,talk,27,1,8,Skip
1,talk,28,1,4,Skip
1,talk,29,1,3,VOTE Agent[05]
1,talk,30,2,9,Over
1,talk,31,2,15,Over
1,talk,32,2,8,ESTIMATE Agent[05] WEREWOLF
1,talk,33,2,5,Skip
1,talk,34,2,11,Skip
1,talk,35,2,3,VOTE Agent[06]
1,talk,36,2,1,Over
1,talk,37,2,14,Over
1,talk,38,2,7,ESTIMATE Agent[09] VILLAGER
1,talk,39,2,2,Over
1,talk,40,2,4,Skip
1,talk,41,2,12,VOTE Agent[14]
1,talk,42,2,13,Skip
1,talk,43,2,6,Over
1,talk,44,2,10,ESTIMATE Agent[01] SEER
1,talk,45,3,8,VOTE Agent[05]
1,talk,46,3,7,Skip
1,talk,47,3,15,Over
1,talk,48,3,4,Over
1,talk,49,3,5,Skip
1,talk,50,3,3,Skip
1,talk,51,3,13,Skip
1,talk,52,3,10,AGREE TALK day1 ID:20
1,talk,53,3,6,VOTE Agent[06]
1,talk,54,3,2,Over
1,talk,55,3,12,DIVINATION Agent[01]
1,talk,56,3,11,Over
1,talk,57,3,14,Over
1,talk,58,3,1,Over
1,talk,59,3,9,Over
1,talk,60,4,10,Skip
1,talk,61,4,5,Over
1,talk,62,4,4,Over
1,talk,63,4,1,Over
1,talk,64,4,12,Skip
1,talk,65,4,15,Over
1,talk,66,4,11,Over
1,talk,67,4,8,Skip
1,talk,68,4,14,Over
1,talk,69,4,13,Over
1,talk,70,4,9,Over
1,talk,71,4,6,Skip
1,talk,72,4,3,Skip
1,talk,73,4,7,VOTE Agent[05]
1,talk,74,4,2,Over
1,talk,75,5,6,VOTE Agent[05]
1,talk,76,5,7,ESTIMATE Agent[12] WEREWOLF
1,talk,77,5,15,Over
1,talk,78,5,8,Skip
1,talk,79,5,1,Over
1,talk,80,5,2,Over
1,talk,81,5,12,Skip
1,talk,82,5,5,Over
1,talk,83,5,9,Over
1,talk,84,5,14,Over
1,talk,85,5,10,VOTE Agent[06]
1,talk,86,5,3,Over
1,talk,87,5,13,Over
1,talk,88,5,11,Over
1,talk,89,5,4,Over
1,talk,90,6,9,Over
1,talk,91,6,3,VOTE Agent[05]
1,talk,92,6,5,Over
1,talk,93,6,15,ESTIMATE Agent[06] WEREWOLF
1,talk,94,6,4,Over
1,talk,95,6,10,Skip
1,talk,96,6,2,Over
1,talk,97,6,12,Over
1,talk,98,6,7,Skip
1,talk,99,6,1,Over
1,talk,100,6,13,Over
1,talk,101,6,11,Over
1,talk,102,6,6,Skip
1,talk,103,6,8,Over
1,talk,104,6,14,Over
1,talk,105,7,1,Over
1,talk,106,7,5,Over
1,talk,107,7,3,Skip
1,talk,108,7,12,Over
1,talk,109,7,2,Over
1,talk,110,7,14,Over
1,talk,111,7,6,VOTE Agent[05]
1,talk,112,7,8,Over
1,talk,113,7,15,Over
1,talk,114,7,10,Skip
1,talk,115,7,9,Over
1,talk,116,7,11,Over
1,talk,117,7,7,Over
1,talk,118,7,4,Over
1,talk,119,7,13,Over
1,talk,120,8,7,ESTIMATE Agent[09] VILLAGER
1,talk,121,8,9,Over
1,talk,122,8,12,Over
1,talk,123,8,6,Skip
1,talk,124,8,1,Over
1,talk,125,8,14,Over
1,talk,126,8,8,Over
1,talk,127,8,3,Skip
1,talk,128,8,5,Over
1,talk,129,8,4,Over
1,talk,130,8,15,ESTIMATE Agent[11] VILLAGER
1,talk,131,8,2,Over
1,talk,132,8,11,Over
1,talk,133,8,13,Over
1,talk,134,8,10,Over
1,talk,135,9,7,Over
1,talk,136,9,1,Over
1,talk,137,9,15,Over
1,talk,138,9,8,Over
1,talk,139,9,12,Over
1,talk,140,9,13,Over
1,talk,141,9,9,Over
1,talk,142,9,4,Over
1,talk,143,9,6,Skip
1,talk,144,9,5,Over
1,talk,145,9,11,Over
1,talk,146,9,14,Over
1,talk,147,9,10,Over
1,talk,148,9,2,Over
1,talk,149,9,3,Over
1,talk,150,10,8,Over
1,talk,151,10,2,Over
1,talk,152,10,10,Over
1,talk,153,10,12,Over
1,talk,154,10,13,Over
1,talk,155,10,6,Over
1,talk,156,10,4,Over
1,talk,157,10,1,Over
1,talk,158,10,15,VOTE Agent[05]
1,talk,159,10,11,Over
1,talk,160,10,9,Over
1,talk,161,10,3,Over
1,talk,162,10,14,Over
1,talk,163,10,7,VOTE Agent[06]
1,talk,164,10,5,Over
1,talk,165,11,10,Over
1,talk,166,11,7,VOTE Agent[02]
1,talk,167,11,15,VOTE Agent[06]
1,talk,168,11,14,Over
1,talk,169,11,1,Over
1,talk,170,11,9,Over
1,talk,171,11,13,Over
1,talk,172,11,8,Over
1,talk,173,11,11,Over
1,talk,174,11,6,Over
1,talk,175,11,2,Over
1,talk,176,11,3,Over
1,talk,177,11,5,Over
1,talk,178,11,12,Over
1,talk,179,11,4,Over
1,talk,180,12,10,Over
1,talk,181,12,15,Over
1,talk,182,12,3,VOTE Agent[06]
1,talk,183,12,7,ESTIMATE Agent[03] MEDIUM
1,talk,184,12,9,Over
1,talk,185,12,8,Over
1,talk,186,12,6,Over
1,talk,187,12,4,Over
1,talk,188,12,14,Over
1,talk,189,12,12,Over
1,talk,190,12,13,Over
1,talk,191,12,2,Over
1,talk,192,12,11,Over
1,talk,193,12,5,Over
1,talk,194,12,1,Over
1,talk,195,13,2,Over
1,talk,196,13,6,Over
1,talk,197,13,9,Over
1,talk,198,13,4,Over
1,talk,199,13,5,Over
1,talk,200,13,12,Over
1,talk,201,13,11,Over
1,talk,202,13,3,Skip
1,talk,203,13,15,Over
1,talk,204,13,13,Over
1,talk,205,13,14,Over
1,talk,206,13,8,Over
1,talk,207,13,1,Over
1,talk,208,13,10,Over
1,talk,209,13,7,ESTIMATE Agent[03] MEDIUM
1,talk,210,14,2,Over
1,talk,211,14,1,Over
1,talk,212,14,7,Over
1,talk,213,14,4,Over
1,talk,214,14,12,Over
1,talk,215,14,9,Over
1,talk,216,14,3,Skip
1,talk,217,14,14,Over
1,talk,218,14,10,Over
1,talk,219,14,11,Over
1,talk,220,14,6,Over
1,talk,221,14,13,Over
1,talk,222,14,5,Over
1,talk,223,14,8,Over
1,talk,224,14,15,Over
1,talk,225,15,6,Over
1,talk,226,15,5,Over
1,talk,227,15,15,Over
1,talk,228,15,14,Over
1,talk,229,15,11,Over
1,talk,230,15,2,Over
1,talk,231,15,13,Over
1,talk,232,15,9,Over
1,talk,233,15,1,Over
1,talk,234,15,12,Over
1,talk,235,15,10,Over
1,talk,236,15,7,Over
1,talk,237,15,4,Over
1,talk,238,15,3,Over
1,talk,239,15,8,Over
1,vote,1,5
1,vote,2,4
1,vote,3,6
1,vote,4,8
1,vote,5,15
1,vote,6,5
1,vote,7,2
1,vote,8,5
1,vote,9,11
1,vote,10,6
1,vote,11,6
1,vote,12,6
1,vote,13,6
1,vote,14,1
1,vote,15,6
1,execute,6,BODYGUARD
1,divine,12,9,HUMAN
1,whisper,0,0,2,Over
1,whisper,1,0,13,ATTACK Agent[14]
1,whisper,2,0,5,ATTACK Agent[12]
1,whisper,3,1,2,Over
1,whisper,4,1,13,Skip
1,whisper,5,1,5,Skip
1,whisper,6,2,2,Over
1,whisper,7,2,5,Skip
1,whisper,8,2,13,Skip
1,whisper,9,3,2,Over
1,whisper,10,3,5,Over
1,whisper,11,3,13,Over
1,attackVote,2,1
1,attackVote,5,12
1,attackVote,13,14
1,attackVote,2,1
1,attackVote,5,12
1,attackVote,13,14
1,attack,12,true
2,status,1,POSSESSED,ALIVE,tmcit2017
2,status,2,WEREWOLF,ALIVE,Army
2,status,3,MEDIUM,ALIVE,rsaito
2,status,4,VILLAGER,ALIVE,Neo_ELIZA
2,status,5,WEREWOLF,ALIVE,AIWolf_NET
2,status,6,BODYGUARD,DEAD,Romanesco
2,status,7,VILLAGER,ALIVE,wasabi
2,status,8,VILLAGER,ALIVE,H-ReGEX
2,status,9,VILLAGER,ALIVE,yk_aiwolf
2,status,10,VILLAGER,ALIVE,Kanpyo
2,status,11,VILLAGER,ALIVE,konno
2,status,12,SEER,DEAD,AITKN
2,status,13,WEREWOLF,ALIVE,neko
2,status,14,VILLAGER,ALIVE,flex
2,status,15,VILLAGER,ALIVE,Litt1eGirl
2,talk,0,0,1,DIVINED Agent[09] HUMAN
2,talk,1,0,3,IDENTIFIED Agent[06] HUMAN
2,talk,2,0,8,ESTIMATE Agent[05] WEREWOLF
2,talk,3,0,15,VOTE Agent[14]
2,talk,4,0,5,ESTIMATE Agent[01] WEREWOLF
2,talk,5,0,4,VOTE Agent[02]
2,talk,6,0,13,VOTE Agent[05]
2,talk,7,0,10,Skip
2,talk,8,0,9,Over
2,talk,9,0,7,Skip
2,talk,10,0,14,Over
2,talk,11,0,11,VOTE Agent[05]
2,talk,12,0,2,Skip
2,talk,13,1,7,VOTE Agent[13]
2,talk,14,1,4,Skip
2,talk,15,1,13,VOTE Agent[14]
2,talk,16,1,10,Skip
2,talk,17,1,5,VOTE Agent[01]
2,talk,18,1,9,Over
2,talk,19,1,1,Over
2,talk,20,1,8,VOTE Agent[05]
2,talk,21,1,3,VOTE Agent[05]
2,talk,22,1,2,Skip
2,talk,23,1,15,VOTE Agent[05]
2,talk,24,1,11,Skip
2,talk,25,1,14,Over
2,talk,26,2,8,Skip
2,talk,27,2,14,Over
2,talk,28,2,10,Over
2,talk,29,2,4,Skip
2,talk,30,2,11,Skip
2,talk,31,2,2,Over
2,talk,32,2,5,Skip
2,talk,33,2,7,ESTIMATE Agent[11] WEREWOLF
2,talk,34,2,3,Skip
2,talk,35,2,15,ESTIMATE Agent[11] VILLAGER
2,talk,36,2,1,Over
2,talk,37,2,9,Over
2,talk,38,2,13,Skip
2,talk,39,3,15,Over
2,talk,40,3,2,Over
2,talk,41,3,7,Skip
2,talk,42,3,4,Over
2,talk,43,3,14,Over
2,talk,44,3,10,Over
2,talk,45,3,13,VOTE Agent[05]
2,talk,46,3,9,Over
2,talk,47,3,8,Skip
2,talk,48,3,11,Over
2,talk,49,3,1,Over
2,talk,50,3,3,Skip
2,talk,51,3,5,Skip
2,talk,52,4,5,Over
2,talk,53,4,8,Over
2,talk,54,4,14,Over
2,talk,55,4,3,Over
2,talk,56,4,15,Over
2,talk,57,4,13,Skip
2,talk,58,4,7,VOTE Agent[05]
2,talk,59,4,11,Over
2,talk,60,4,4,Over
2,talk,61,4,9,Over
2,talk,62,4,2,Over
2,talk,63,4,10,Over
2,talk,64,4,1,Over
2,talk,65,5,15,Over
2,talk,66,5,8,Over
2,talk,67,5,14,Over
2,talk,68,5,10,VOTE Agent[05]
2,talk,69,5,9,Over
2,talk,70,5,11,Over
2,talk,71,5,4,Over
2,talk,72,5,5,Over
2,talk,73,5,13,Skip
2,talk,74,5,3,Over
2,talk,75,5,1,Over
2,talk,76,5,2,Over
2,talk,77,5,7,VOTE Agent[13]
2,talk,78,6,14,Over
2,talk,79,6,15,Over
2,talk,80,6,7,VOTE Agent[08]
2,talk,81,6,3,Over
2,talk,82,6,11,Over
2,talk,83,6,1,Over
2,talk,84,6,5,Over
2,talk,85,6,8,Over
2,talk,86,6,2,Over
2,talk,87,6,4,Over
2,talk,88,6,13,Over
2,talk,89,6,9,Over
2,talk,90,6,10,Skip
2,talk,91,7,13,Over
2,talk,92,7,4,Over
2,talk,93,7,11,Over
2,talk,94,7,2,Over
2,talk,95,7,7,VOTE Agent[13]
2,talk,96,7,8,Over
2,talk,97,7,10,Skip
2,talk,98,7,15,Over
2,talk,99,7,1,Over
2,talk,100,7,3,Over
2,talk,101,7,9,Over
2,talk,102,7,5,Over
2,talk,103,7,14,Over
2,talk,104,8,5,Over
2,talk,105,8,13,Over
2,talk,106,8,4,Over
2,talk,107,8,8,Over
2,talk,108,8,2,Over
2,talk,109,8,11,Over
2,talk,110,8,10,Over
2,talk,111,8,1,Over
2,talk,112,8,3,Over
2,talk,113,8,7,Skip
2,talk,114,8,9,Over
2,talk,115,8,14,Over
2,talk,116,8,15,Over
2,talk,117,9,1,Over
2,talk,118,9,4,Over
2,talk,119,9,3,Over
2,talk,120,9,11,Over
2,talk,121,9,8,Over
2,talk,122,9,5,Over
2,talk,123,9,7,ESTIMATE Agent[03] MEDIUM
2,talk,124,9,9,Over
2,talk,125,9,2,Over
2,talk,126,9,10,Over
2,talk,127,9,13,Over
2,talk,128,9,14,Over
2,talk,129,9,15,ESTIMATE Agent[11] VILLAGER
2,talk,130,10,3,Over
2,talk,131,10,9,Over
2,talk,132,10,14,Over
2,talk,133,10,11,Over
2,talk,134,10,15,Over
2,talk,135,10,5,Over
2,talk,136,10,2,Over
2,talk,137,10,1,Over
2,talk,138,10,10,Over
2,talk,139,10,7,ESTIMATE Agent[04] VILLAGER
2,talk,140,10,8,Over
2,talk,141,10,4,Over
2,talk,142,10,13,Over
2,talk,143,11,7,ESTIMATE Agent[03] MEDIUM
2,talk,144,11,8,Over
2,talk,145,11,14,Over
2,talk,146,11,10,Over
2,talk,147,11,1,Over
2,talk,148,11,13,Over
2,talk,149,11,11,Over
2,talk,150,11,5,Over
2,talk,151,11,9,Over
2,talk,152,11,4,Over
2,talk,153,11,15,Over
2,talk,154,11,3,Over
2,talk,155,11,2,Over
2,talk,156,12,13,Over
2,talk,157,12,7,VOTE Agent[02]
2,talk,158,12,14,Over
2,talk,159,12,10,Over
2,talk,160,12,5,Over
2,talk,161,12,8,Over
2,talk,162,12,11,Over
2,talk,163,12,9,Over
2,talk,164,12,15,Over
2,talk,165,12,3,Over
2,talk,166,12,4,Over
2,talk,167,12,1,Over
2,talk,168,12,2,Over
2,talk,169,13,8,Over
2,talk,170,13,7,Over
2,talk,171,13,9,Over
2,talk,172,13,11,Over
2,talk,173,13,1,Over
2,talk,174,13,4,Over
2,talk,175,13,14,Over
2,talk,176,13,5,Over
2,talk,177,13,15,Over
2,talk,178,13,10,Over
2,talk,179,13,3,Over
2,talk,180,13,2,Over
2,talk,181,13,13,Over
2,vote,1,14
2,vote,2,4
2,vote,3,5
2,vote,4,2
2,vote,5,1
2,vote,7,2
2,vote,8,5
2,vote,9,7
2,vote,10,5
2,vote,11,5
2,vote,13,5
2,vote,14,4
2,vote,15,5
2,execute,5,WEREWOLF
2,whisper,0,0,2,Over
2,whisper,1,0,13,ATTACK Agent[08]
2,whisper,2,1,2,Over
2,whisper,3,1,13,Skip
2,whisper,4,2,2,Over
2,whisper,5,2,13,Skip
2,whisper,6,3,13,Over
2,whisper,7,3,2,Over
2,attackVote,2,4
2,attackVote,13,8
2,attackVote,2,4
2,attackVote,13,8
2,attack,8,true
3,status,1,POSSESSED,ALIVE,tmcit2017
3,status,2,WEREWOLF,ALIVE,Army
3,status,3,MEDIUM,ALIVE,rsaito
3,status,4,VILLAGER,ALIVE,Neo_ELIZA
3,status,5,WEREWOLF,DEAD,AIWolf_NET
3,status,6,BODYGUARD,DEAD,Romanesco
3,status,7,VILLAGER,ALIVE,wasabi
3,status,8,VILLAGER,DEAD,H-ReGEX
3,status,9,VILLAGER,ALIVE,yk_aiwolf
3,status,10,VILLAGER,ALIVE,Kanpyo
3,status,11,VILLAGER,ALIVE,konno
3,status,12,SEER,DEAD,AITKN
3,status,13,WEREWOLF,ALIVE,neko
3,status,14,VILLAGER,ALIVE,flex
3,status,15,VILLAGER,ALIVE,Litt1eGirl
3,talk,0,0,2,Skip
3,talk,1,0,9,Over
3,talk,2,0,4,VOTE Agent[02]
3,talk,3,0,1,DIVINED Agent[02] HUMAN
3,talk,4,0,10,Skip
3,talk,5,0,7,Skip
3,talk,6,0,13,VOTE Agent[15]
3,talk,7,0,14,Over
3,talk,8,0,15,VOTE Agent[13]
3,talk,9,0,11,VOTE Agent[09]
3,talk,10,0,3,IDENTIFIED Agent[05] WEREWOLF
3,talk,11,1,3,VOTE Agent[02]
3,talk,12,1,9,Over
3,talk,13,1,15,VOTE Agent[02]
3,talk,14,1,4,Skip
3,talk,15,1,13,Skip
3,talk,16,1,7,Skip
3,talk,17,1,11,Skip
3,talk,18,1,14,Over
3,talk,19,1,2,Skip
3,talk,20,1,10,Skip
3,talk,21,1,1,Over
3,talk,22,2,14,Over
3,talk,23,2,11,Skip
3,talk,24,2,3,Skip
3,talk,25,2,1,Over
3,talk,26,2,4,Skip
3,talk,27,2,9,Over
3,talk,28,2,10,Over
3,talk,29,2,13,Skip
3,talk,30,2,2,Over
3,talk,31,2,7,VOTE Agent[09]
3,talk,32,2,15,Over
3,talk,33,3,9,Over
3,talk,34,3,3,Skip
3,talk,35,3,10,Over
3,talk,36,3,14,Over
3,talk,37,3,2,Over
3,talk,38,3,1,Over
3,talk,39,3,4,Over
3,talk,40,3,11,Over
3,talk,41,3,7,VOTE Agent[15]
3,talk,42,3,13,VOTE Agent[09]
3,talk,43,3,15,Over
3,talk,44,4,2,Over
3,talk,45,4,14,Over
3,talk,46,4,9,Over
3,talk,47,4,4,Over
3,talk,48,4,10,Over
3,talk,49,4,11,Over
3,talk,50,4,15,Over
3,talk,51,4,7,Skip
3,talk,52,4,1,Over
3,talk,53,4,13,Skip
3,talk,54,4,3,Over
3,talk,55,5,9,Over
3,talk,56,5,11,Over
3,talk,57,5,10,VOTE Agent[02]
3,talk,58,5,13,Skip
3,talk,59,5,15,Over
3,talk,60,5,4,Over
3,talk,61,5,1,Over
3,talk,62,5,3,Over
3,talk,63,5,14,Over
3,talk,64,5,2,Over
3,talk,65,5,7,Over
3,talk,66,6,13,Over
3,talk,67,6,9,Over
3,talk,68,6,11,Over
3,talk,69,6,3,Over
3,talk,70,6,10,Skip
3,talk,71,6,7,VOTE Agent[14]
3,talk,72,6,15,Over
3,talk,73,6,4,Over
3,talk,74,6,2,Over
3,talk,75,6,14,Over
3,talk,76,6,1,Over
3,talk,77,7,4,Over
3,talk,78,7,2,Over
3,talk,79,7,13,Over
3,talk,80,7,1,Over
3,talk,81,7,10,Skip
3,talk,82,7,15,ESTIMATE Agent[11] VILLAGER
3,talk,83,7,11,Over
3,talk,84,7,14,Over
3,talk,85,7,3,Over
3,talk,86,7,7,Over
3,talk,87,7,9,Over
3,talk,88,8,11,Over
3,talk,89,8,7,ESTIMATE Agent[01] WEREWOLF
3,talk,90,8,10,Over
3,talk,91,8,3,Over
3,talk,92,8,14,Over
3,talk,93,8,15,Over
3,talk,94,8,2,Over
3,talk,95,8,13,Over
3,talk,96,8,1,Over
3,talk,97,8,4,Over
3,talk,98,8,9,Over
3,talk,99,9,15,Over
3,talk,100,9,10,Over
3,talk,101,9,9,Over
3,talk,102,9,1,Over
3,talk,103,9,3,Over
3,talk,104,9,13,Over
3,talk,105,9,14,Over
3,talk,106,9,4,Over
3,talk,107,9,7,ESTIMATE Agent[02] VILLAGER
3,talk,108,9,11,Over
3,talk,109,9,2,Over
3,talk,110,10,2,Over
3,talk,111,10,3,Over
3,talk,112,10,9,Over
3,talk,113,10,11,Over
3,talk,114,10,10,Over
3,talk,115,10,1,Over
3,talk,116,10,4,Over
3,talk,117,10,15,Over
3,talk,118,10,7,ESTIMATE Agent[01] WEREWOLF
3,talk,119,10,13,Over
3,talk,120,10,14,Over
3,talk,121,11,13,Over
3,talk,122,11,10,Over
3,talk,123,11,3,Over
3,talk,124,11,2,Over
3,talk,125,11,9,Over
3,talk,126,11,14,Over
3,talk,127,11,7,VOTE Agent[13]
3,talk,128,11,15,Over
3,talk,129,11,4,Over
3,talk,130,11,1,Over
3,talk,131,11,11,Over
3,talk,132,12,2,Over
3,talk,133,12,7,ESTIMATE Agent[01] WEREWOLF
3,talk,134,12,1,Over
3,talk,135,12,3,Over
3,talk,136,12,10,Over
3,talk,137,12,14,Over
3,talk,138,12,4,Over
3,talk,139,12,13,Over
3,talk,140,12,15,Over
3,talk,141,12,9,Over
3,talk,142,12,11,Over
3,talk,143,13,1,Over
3,talk,144,13,15,Over
3,talk,145,13,11,Over
3,talk,146,13,4,Over
3,talk,147,13,14,Over
3,talk,148,13,10,Over
3,talk,149,13,9,Over
3,talk,150,13,3,Over
3,talk,151,13,2,Over
3,talk,152,13,13,Over
3,talk,153,13,7,ESTIMATE Agent[03] MEDIUM
3,talk,154,14,1,Over
3,talk,155,14,15,Over
3,talk,156,14,10,Over
3,talk,157,14,9,Over
3,talk,158,14,4,Over
3,talk,159,14,13,Over
3,talk,160,14,3,Over
3,talk,161,14,14,Over
3,talk,162,14,7,ESTIMATE Agent[15] WEREWOLF
3,talk,163,14,2,Over
3,talk,164,14,11,Over
3,talk,165,15,10,Over
3,talk,166,15,7,Over
3,talk,167,15,3,Over
3,talk,168,15,11,Over
3,talk,169,15,13,Over
3,talk,170,15,9,Over
3,talk,171,15,14,Over
3,talk,172,15,2,Over
3,talk,173,15,15,Over
3,talk,174,15,1,Over
3,talk,175,15,4,Over
3,vote,1,15
3,vote,2,4
3,vote,3,2
3,vote,4,2
3,vote,7,13
3,vote,9,11
3,vote,10,2
3,vote,11,9
3,vote,13,9
3,vote,14,4
3,vote,15,2
3,execute,2,WEREWOLF
3,attackVote,13,7
3,attack,7,true
4,status,1,POSSESSED,ALIVE,tmcit2017
4,status,2,WEREWOLF,DEAD,Army
4,status,3,MEDIUM,ALIVE,rsaito
4,status,4,VILLAGER,ALIVE,Neo_ELIZA
4,status,5,WEREWOLF,DEAD,AIWolf_NET
4,status,6,BODYGUARD,DEAD,Romanesco
4,status,7,VILLAGER,DEAD,wasabi
4,status,8,VILLAGER,DEAD,H-ReGEX
4,status,9,VILLAGER,ALIVE,yk_aiwolf
4,status,10,VILLAGER,ALIVE,Kanpyo
4,status,11,VILLAGER,ALIVE,konno
4,status,12,SEER,DEAD,AITKN
4,status,13,WEREWOLF,ALIVE,neko
4,status,14,VILLAGER,ALIVE,flex
4,status,15,VILLAGER,ALIVE,Litt1eGirl
4,talk,0,0,10,Skip
4,talk,1,0,11,VOTE Agent[09]
4,talk,2,0,13,VOTE Agent[15]
4,talk,3,0,3,IDENTIFIED Agent[02] WEREWOLF
4,talk,4,0,4,VOTE Agent[13]
4,talk,5,0,9,Over
4,talk,6,0,15,VOTE Agent[04]
4,talk,7,0,14,Over
4,talk,8,0,1,DIVINED Agent[13] HUMAN
4,talk,9,1,15,ESTIMATE Agent[04] WEREWOLF
4,talk,10,1,3,VOTE Agent[14]
4,talk,11,1,4,Skip
4,talk,12,1,1,Over
4,talk,13,1,14,Over
4,talk,14,1,11,Skip
4,talk,15,1,13,Skip
4,talk,16,1,10,Skip
4,talk,17,1,9,Over
4,talk,18,2,11,Skip
4,talk,19,2,3,Skip
4,talk,20,2,1,Over
4,talk,21,2,4,Skip
4,talk,22,2,14,Over
4,talk,23,2,15,VOTE Agent[13]
4,talk,24,2,9,Over
4,talk,25,2,13,Skip
4,talk,26,2,10,Over
4,talk,27,3,11,Over
4,talk,28,3,10,Over
4,talk,29,3,1,Over
4,talk,30,3,4,Over
4,talk,31,3,3,VOTE Agent[09]
4,talk,32,3,15,Over
4,talk,33,3,9,Over
4,talk,34,3,13,Over
4,talk,35,3,14,Over
4,talk,36,4,9,Over
4,talk,37,4,13,VOTE Agent[09]
4,talk,38,4,11,Over
4,talk,39,4,10,Over
4,talk,40,4,14,Over
4,talk,41,4,15,VOTE Agent[09]
4,talk,42,4,4,Over
4,talk,43,4,1,Over
4,talk,44,4,3,Skip
4,talk,45,5,11,Over
4,talk,46,5,15,Over
4,talk,47,5,10,VOTE Agent[09]
4,talk,48,5,14,Over
4,talk,49,5,4,Over
4,talk,50,5,3,Skip
4,talk,51,5,13,Skip
4,talk,52,5,1,Over
4,talk,53,5,9,Over
4,talk,54,6,9,Over
4,talk,55,6,1,Over
4,talk,56,6,13,Skip
4,talk,57,6,14,Over
4,talk,58,6,15,Over
4,talk,59,6,3,Over
4,talk,60,6,4,Over
4,talk,61,6,10,Skip
4,talk,62,6,11,Over
4,talk,63,7,13,Over
4,talk,64,7,4,Over
4,talk,65,7,1,Over
4,talk,66,7,3,Over
4,talk,67,7,15,Over
4,talk,68,7,9,Over
4,talk,69,7,10,Skip
4,talk,70,7,14,Over
4,talk,71,7,11,Over
4,talk,72,8,3,Over
4,talk,73,8,13,Over
4,talk,74,8,14,Over
4,talk,75,8,4,Over
4,talk,76,8,1,Over
4,talk,77,8,9,Over
4,talk,78,8,15,Over
4,talk,79,8,10,Over
4,talk,80,8,11,Over
4,vote,1,14
4,vote,3,9
4,vote,4,13
4,vote,9,1
4,vote,10,9
4,vote,11,9
4,vote,13,9
4,vote,14,13
4,vote,15,9
4,execute,9,VILLAGER
4,attackVote,13,4
4,attack,4,true
5,status,1,POSSESSED,ALIVE,tmcit2017
5,status,2,WEREWOLF,DEAD,Army
5,status,3,MEDIUM,ALIVE,rsaito
5,status,4,VILLAGER,DEAD,Neo_ELIZA
5,status,5,WEREWOLF,DEAD,AIWolf_NET
5,status,6,BODYGUARD,DEAD,Romanesco
5,status,7,VILLAGER,DEAD,wasabi
5,status,8,VILLAGER,DEAD,H-ReGEX
5,status,9,VILLAGER,DEAD,yk_aiwolf
5,status,10,VILLAGER,ALIVE,Kanpyo
5,status,11,VILLAGER,ALIVE,konno
5,status,12,SEER,DEAD,AITKN
5,status,13,WEREWOLF,ALIVE,neko
5,status,14,VILLAGER,ALIVE,flex
5,status,15,VILLAGER,ALIVE,Litt1eGirl
5,talk,0,0,3,IDENTIFIED Agent[09] HUMAN
5,talk,1,0,15,VOTE Agent[13]
5,talk,2,0,13,VOTE Agent[15]
5,talk,3,0,14,Over
5,talk,4,0,11,VOTE Agent[14]
5,talk,5,0,1,DIVINED Agent[03] HUMAN
5,talk,6,0,10,Skip
5,talk,7,1,10,Skip
5,talk,8,1,1,Over
5,talk,9,1,11,Skip
5,talk,10,1,14,Over
5,talk,11,1,3,VOTE Agent[14]
5,talk,12,1,15,Over
5,talk,13,1,13,Skip
5,talk,14,2,14,Over
5,talk,15,2,11,Skip
5,talk,16,2,10,Over
5,talk,17,2,3,Skip
5,talk,18,2,15,VOTE Agent[14]
5,talk,19,2,1,Over
5,talk,20,2,13,VOTE Agent[14]
5,talk,21,3,14,Over
5,talk,22,3,11,Over
5,talk,23,3,3,Skip
5,talk,24,3,15,Over
5,talk,25,3,13,Skip
5,talk,26,3,10,Over
5,talk,27,3,1,Over
5,talk,28,4,13,Skip
5,talk,29,4,3,Over
5,talk,30,4,15,ESTIMATE Agent[14] WEREWOLF
5,talk,31,4,10,Over
5,talk,32,4,14,Over
5,talk,33,4,1,Over
5,talk,34,4,11,Over
5,talk,35,5,1,Over
5,talk,36,5,13,Over
5,talk,37,5,10,Over
5,talk,38,5,14,Over
5,talk,39,5,15,Over
5,talk,40,5,3,Over
5,talk,41,5,11,Over
5,vote,1,11
5,vote,3,14
5,vote,10,13
5,vote,11,14
5,vote,13,14
5,vote,14,15
5,vote,15,14
5,execute,14,VILLAGER
5,attackVote,13,10
5,attack,10,true
6,status,1,POSSESSED,ALIVE,tmcit2017
6,status,2,WEREWOLF,DEAD,Army
6,status,3,MEDIUM,ALIVE,rsaito
6,status,4,VILLAGER,DEAD,Neo_ELIZA
6,status,5,WEREWOLF,DEAD,AIWolf_NET
6,status,6,BODYGUARD,DEAD,Romanesco
6,status,7,VILLAGER,DEAD,wasabi
6,status,8,VILLAGER,DEAD,H-ReGEX
6,status,9,VILLAGER,DEAD,yk_aiwolf
6,status,10,VILLAGER,DEAD,Kanpyo
6,status,11,VILLAGER,ALIVE,konno
6,status,12,SEER,DEAD,AITKN
6,status,13,WEREWOLF,ALIVE,neko
6,status,14,VILLAGER,DEAD,flex
6,status,15,VILLAGER,ALIVE,Litt1eGirl
6,talk,0,0,1,DIVINED Agent[11] HUMAN
6,talk,1,0,3,IDENTIFIED Agent[14] HUMAN
6,talk,2,0,11,VOTE Agent[13]
6,talk,3,0,13,VOTE Agent[15]
6,talk,4,0,15,VOTE Agent[01]
6,talk,5,1,13,Skip
6,talk,6,1,11,Skip
6,talk,7,1,3,VOTE Agent[15]
6,talk,8,1,15,VOTE Agent[13]
6,talk,9,1,1,Over
6,talk,10,2,3,Skip
6,talk,11,2,1,Over
6,talk,12,2,13,Skip
6,talk,13,2,15,Over
6,talk,14,2,11,Skip
6,talk,15,3,1,Over
6,talk,16,3,11,Over
6,talk,17,3,3,Skip
6,talk,18,3,15,Over
6,talk,19,3,13,Over
6,talk,20,4,13,Over
6,talk,21,4,1,Over
6,talk,22,4,15,ESTIMATE Agent[13] WEREWOLF
6,talk,23,4,11,Over
6,talk,24,4,3,Over
6,talk,25,5,3,Over
6,talk,26,5,15,Over
6,talk,27,5,13,Over
6,talk,28,5,11,Over
6,talk,29,5,1,Over
6,vote,1,15
6,vote,3,15
6,vote,11,13
6,vote,13,15
6,vote,15,13
6,execute,15,VILLAGER
6,attackVote,13,11
6,attack,11,true
7,status,1,POSSESSED,ALIVE,tmcit2017
7,status,2,WEREWOLF,DEAD,Army
7,status,3,MEDIUM,ALIVE,rsaito
7,status,4,VILLAGER,DEAD,Neo_ELIZA
7,status,5,WEREWOLF,DEAD,AIWolf_NET
7,status,6,BODYGUARD,DEAD,Romanesco
7,status,7,VILLAGER,DEAD,wasabi
7,status,8,VILLAGER,DEAD,H-ReGEX
7,status,9,VILLAGER,DEAD,yk_aiwolf
7,status,10,VILLAGER,DEAD,Kanpyo
7,status,11,VILLAGER,DEAD,konno
7,status,12,SEER,DEAD,AITKN
7,status,13,WEREWOLF,ALIVE,neko
7,status,14,VILLAGER,DEAD,flex
7,status,15,VILLAGER,DEAD,Litt1eGirl
7,talk,0,0,1,Over
7,talk,1,0,3,IDENTIFIED Agent[15] HUMAN
7,talk,2,0,13,VOTE Agent[03]
7,talk,3,1,13,Skip
7,talk,4,1,3,VOTE Agent[01]
7,talk,5,1,1,Over
7,talk,6,2,3,Skip
7,talk,7,2,13,Skip
7,talk,8,2,1,Over
7,talk,9,3,13,Over
7,talk,10,3,1,Over
7,talk,11,3,3,Skip
7,talk,12,4,3,Over
7,talk,13,4,13,Over
7,talk,14,4,1,Over
7,vote,1,13
7,vote,3,1
7,vote,13,3
7,vote,1,13
7,vote,3,1
7,vote,13,3
7,execute,3,MEDIUM
7,attackVote,13,1
7,attack,1,true
8,status,1,POSSESSED,DEAD,tmcit2017
8,status,2,WEREWOLF,DEAD,Army
8,status,3,MEDIUM,DEAD,rsaito
8,status,4,VILLAGER,DEAD,Neo_ELIZA
8,status,5,WEREWOLF,DEAD,AIWolf_NET
8,status,6,BODYGUARD,DEAD,Romanesco
8,status,7,VILLAGER,DEAD,wasabi
8,status,8,VILLAGER,DEAD,H-ReGEX
8,status,9,VILLAGER,DEAD,yk_aiwolf
8,status,10,VILLAGER,DEAD,Kanpyo
8,status,11,VILLAGER,DEAD,konno
8,status,12,SEER,DEAD,AITKN
8,status,13,WEREWOLF,ALIVE,neko
8,status,14,VILLAGER,DEAD,flex
8,status,15,VILLAGER,DEAD,Litt1eGirl
8,result,0,1,WEREWOLF
