0,status,1,VILLAGER,ALIVE,tmcit2017
0,status,2,MEDIUM,ALIVE,Army
0,status,3,VILLAGER,ALIVE,rsaito
0,status,4,SEER,ALIVE,Neo_ELIZA
0,status,5,WEREWOLF,ALIVE,AIWolf_NET
0,status,6,VILLAGER,ALIVE,Romanesco
0,status,7,VILLAGER,ALIVE,wasabi
0,status,8,VILLAGER,ALIVE,H-ReGEX
0,status,9,WEREWOLF,ALIVE,yk_aiwolf
0,status,10,VILLAGER,ALIVE,Kanpyo
0,status,11,POSSESSED,ALIVE,konno
0,status,12,VILLAGER,ALIVE,AITKN
0,status,13,WEREWOLF,ALIVE,neko
0,status,14,VILLAGER,ALIVE,flex
0,status,15,BODYGUARD,ALIVE,Litt1eGirl
0,whisper,0,0,5,COMINGOUT Agent[05] MEDIUM
0,whisper,1,0,9,COMINGOUT Agent[09] VILLAGER
0,whisper,2,0,13,COMINGOUT Agent[13] VILLAGER
0,whisper,3,1,13,Skip
0,whisper,4,1,5,ATTACK Agent[08]
0,whisper,5,1,9,ATTACK Agent[01]
0,whisper,6,2,13,Skip
0,whisper,7,2,9,Over
0,whisper,8,2,5,Skip
0,whisper,9,3,9,Over
0,whisper,10,3,13,Over
0,whisper,11,3,5,Skip
0,whisper,12,4,9,Over
0,whisper,13,4,5,Over
0,whisper,14,4,13,Over
0,divine,4,2,HUMAN
1,status,1,VILLAGER,ALIVE,tmcit2017
1,status,2,MEDIUM,ALIVE,Army
1,status,3,VILLAGER,ALIVE,rsaito
1,status,4,SEER,ALIVE,Neo_ELIZA
1,status,5,WEREWOLF,ALIVE,AIWolf_NET
1,status,6,VILLAGER,ALIVE,Romanesco
1,status,7,VILLAGER,ALIVE,wasabi
1,status,8,VILLAGER,ALIVE,H-ReGEX
1,status,9,WEREWOLF,ALIVE,yk_aiwolf
1,status,10,VILLAGER,ALIVE,Kanpyo
1,status,11,POSSESSED,ALIVE,konno
1,status,12,VILLAGER,ALIVE,AITKN
1,status,13,WEREWOLF,ALIVE,neko
1,status,14,VILLAGER,ALIVE,flex
1,status,15,BODYGUARD,ALIVE,Litt1eGirl
1,talk,0,0,7,VOTE Agent[02]
1,talk,1,0,14,Over
1,talk,2,0,12,VOTE Agent[15]
1,talk,3,0,11,COMINGOUT Agent[11] SEER
1,talk,4,0,4,COMINGOUT Agent[04] SEER
1,talk,5,0,5,ESTIMATE Agent[06] WEREWOLF
1,talk,6,0,8,VOTE Agent[09]
1,talk,7,0,1,COMINGOUT Agent[01] VILLAGER
1,talk,8,0,15,VOTE Agent[03]
1,talk,9,0,6,Skip
1,talk,10,0,10,VOTE Agent[01]
1,talk,11,0,2,Skip
1,talk,12,0,9,Over
1,talk,13,0,13,VOTE Agent[03]
1,talk,14,0,3,VOTE Agent[13]
1,talk,15,1,1,Over
1,talk,16,1,2,Skip
1,talk,17,1,10,ESTIMATE Agent[11] SEER
1,talk,18,1,6,Skip
1,talk,19,1,8,Skip
1,talk,20,1,11,DIVINED Agent[01] HUMAN
1,talk,21,1,12,VOTE Agent[03]
1,talk,22,1,5,VOTE Agent[06]
1,talk,23,1,13,Skip
1,talk,24,1,7,Skip
1,talk,25,1,3,VOTE Agent[15]
1,talk,26,1,14,Over
1,talk,27,1,15,Over
1,talk,28,1,4,DIVINED Agent[02] HUMAN
1,talk,29,1,9,Over
1,talk,30,2,3,VOTE Agent[05]
1,talk,31,2,7,VOTE Agent[03]
1,talk,32,2,5,Skip
1,talk,33,2,9,Over
1,talk,34,2,14,Over
1,talk,35,2,6,Over
1,talk,36,2,12,Skip
1,talk,37,2,15,ESTIMATE Agent[07] VILLAGER
1,talk,38,2,11,ESTIMATE Agent[05] WEREWOLF
1,talk,39,2,10,ESTIMATE Agent[04] SEER
1,talk,40,2,1,Over
1,talk,41,2,4,VOTE Agent[06]
1,talk,42,2,2,Over
1,talk,43,2,13,Skip
1,talk,44,2,8,ESTIMATE Agent[13] WEREWOLF
1,talk,45,3,8,VOTE Agent[13]
1,talk,46,3,1,Over
1,talk,47,3,10,Skip
1,talk,48,3,12,Skip
1,talk,49,3,4,ESTIMATE Agent[11] WEREWOLF
1,talk,50,3,11,REQUEST(DIVINATION Agent[05])
1,talk,51,3,13,Over
1,talk,52,3,2,Over
1,talk,53,3,15,Over
1,talk,54,3,14,Over
1,talk,55,3,5,Skip
1,talk,56,3,3,Skip
1,talk,57,3,7,ESTIMATE Agent[04] WEREWOLF
1,talk,58,3,9,Over
1,talk,59,3,6,VOTE Agent[06]
1,talk,60,4,10,Skip
1,talk,61,4,2,Over
1,talk,62,4,12,REQUEST(DIVINATION Agent[06])
1,talk,63,4,11,VOTE Agent[05]
1,talk,64,4,13,Over
1,talk,65,4,8,Skip
1,talk,66,4,3,Skip
1,talk,67,4,4,VOTE Agent[11]
1,talk,68,4,15,ESTIMATE Agent[14] VILLAGER
1,talk,69,4,9,Over
1,talk,70,4,7,Skip
1,talk,71,4,5,Over
1,talk,72,4,14,Over
1,talk,73,4,6,Skip
1,talk,74,4,1,Over
1,talk,75,5,2,Over
1,talk,76,5,6,VOTE Agent[05]
1,talk,77,5,9,Over
1,talk,78,5,5,Over
1,talk,79,5,15,ESTIMATE Agent[03] WEREWOLF
1,talk,80,5,1,Over
1,talk,81,5,10,VOTE Agent[03]
1,talk,82,5,14,Over
1,talk,83,5,4,Skip
1,talk,84,5,12,Skip
1,talk,85,5,13,Over
1,talk,86,5,7,ESTIMATE Agent[12] VILLAGER
1,talk,87,5,8,Skip
1,talk,88,5,3,Over
1,talk,89,5,11,ESTIMATE Agent[04] WEREWOLF
1,talk,90,6,10,Skip
1,talk,91,6,7,ESTIMATE Agent[06] WEREWOLF
1,talk,92,6,12,Skip
1,talk,93,6,4,Skip
1,talk,94,6,15,ESTIMATE Agent[03] WEREWOLF
1,talk,95,6,9,Over
1,talk,96,6,14,Over
1,talk,97,6,5,Over
1,talk,98,6,8,Over
1,talk,99,6,11,REQUEST(DIVINATION Agent[04])
1,talk,100,6,2,Over
1,talk,101,6,13,Over
1,talk,102,6,3,Over
1,talk,103,6,6,Skip
1,talk,104,6,1,Over
1,talk,105,7,4,Over
1,talk,106,7,6,VOTE Agent[05]
1,talk,107,7,12,Over
1,talk,108,7,7,ESTIMATE Agent[15] WEREWOLF
1,talk,109,7,11,VOTE Agent[04]
1,talk,110,7,3,Over
1,talk,111,7,1,Over
1,talk,112,7,8,Over
1,talk,113,7,14,Over
1,talk,114,7,10,Skip
1,talk,115,7,5,Over
1,talk,116,7,9,Over
1,talk,117,7,2,Over
1,talk,118,7,13,Over
1,talk,119,7,15,Over
1,talk,120,8,7,Skip
1,talk,121,8,1,Over
1,talk,122,8,15,ESTIMATE Agent[08] VILLAGER
1,talk,123,8,5,Over
1,talk,124,8,4,Over
1,talk,125,8,12,Over
1,talk,126,8,2,Over
1,talk,127,8,8,Over
1,talk,128,8,10,Over
1,talk,129,8,3,Over
1,talk,130,8,9,Over
1,talk,131,8,11,Skip
1,talk,132,8,14,Over
1,talk,133,8,13,Over
1,talk,134,8,6,Skip
1,talk,135,9,12,Over
1,talk,136,9,5,Over
1,talk,137,9,15,Over
1,talk,138,9,7,Over
1,talk,139,9,14,Over
1,talk,140,9,10,Over
1,talk,141,9,2,Over
1,talk,142,9,4,Over
1,talk,143,9,13,Over
1,talk,144,9,11,Skip
1,talk,145,9,3,Over
1,talk,146,9,8,Over
1,talk,147,9,9,Over
1,talk,148,9,1,Over
1,talk,149,9,6,Skip
1,talk,150,10,8,Over
1,talk,151,10,3,Over
1,talk,152,10,1,Over
1,talk,153,10,4,Over
1,talk,154,10,15,Over
1,talk,155,10,5,Over
1,talk,156,10,2,Over
1,talk,157,10,9,Over
1,talk,158,10,14,Over
1,talk,159,10,13,Over
1,talk,160,10,6,Over
1,talk,161,10,7,Over
1,talk,162,10,12,Over
1,talk,163,10,10,Over
1,talk,164,10,11,Over
1,vote,1,10
1,vote,2,3
1,vote,3,5
1,vote,4,11
1,vote,5,6
1,vote,6,5
1,vote,7,3
1,vote,8,13
1,vote,9,2
1,vote,10,3
1,vote,11,4
1,vote,12,3
1,vote,13,3
1,vote,14,11
1,vote,15,3
1,execute,3,VILLAGER
1,divine,4,11,HUMAN
1,whisper,0,0,5,ATTACK Agent[04]
1,whisper,1,0,9,Over
1,whisper,2,0,13,ATTACK Agent[02]
1,whisper,3,1,13,Skip
1,whisper,4,1,5,Skip
1,whisper,5,1,9,Over
1,whisper,6,2,13,Skip
1,whisper,7,2,9,Over
1,whisper,8,2,5,Skip
1,whisper,9,3,13,Over
1,whisper,10,3,5,Over
1,whisper,11,3,9,Over
1,guard,15,11,POSSESSED
1,attackVote,5,4
1,attackVote,13,2
1,attackVote,5,4
1,attackVote,13,2
1,attack,2,true
2,status,1,VILLAGER,ALIVE,tmcit2017
2,status,2,MEDIUM,DEAD,Army
2,status,3,VILLAGER,DEAD,rsaito
2,status,4,SEER,ALIVE,Neo_ELIZA
2,status,5,WEREWOLF,ALIVE,AIWolf_NET
2,status,6,VILLAGER,ALIVE,Romanesco
2,status,7,VILLAGER,ALIVE,wasabi
2,status,8,VILLAGER,ALIVE,H-ReGEX
2,status,9,WEREWOLF,ALIVE,yk_aiwolf
2,status,10,VILLAGER,ALIVE,Kanpyo
2,status,11,POSSESSED,ALIVE,konno
2,status,12,VILLAGER,ALIVE,AITKN
2,status,13,WEREWOLF,ALIVE,neko
2,status,14,VILLAGER,ALIVE,flex
2,status,15,BODYGUARD,ALIVE,Litt1eGirl
2,talk,0,0,10,Skip
2,talk,1,0,6,Skip
2,talk,2,0,4,DIVINED Agent[11] HUMAN
2,talk,3,0,15,VOTE Agent[04]
2,talk,4,0,12,VOTE Agent[10]
2,talk,5,0,13,VOTE Agent[05]
2,talk,6,0,7,Skip
2,talk,7,0,14,Over
2,talk,8,0,5,ESTIMATE Agent[01] WEREWOLF
2,talk,9,0,1,Over
2,talk,10,0,11,DIVINED Agent[07] HUMAN
2,talk,11,0,9,Over
2,talk,12,0,8,ESTIMATE Agent[03] WEREWOLF
2,talk,13,1,13,VOTE Agent[10]
2,talk,14,1,9,Over
2,talk,15,1,14,Over
2,talk,16,1,11,ESTIMATE Agent[04] WEREWOLF
2,talk,17,1,12,ESTIMATE Agent[11] POSSESSED
2,talk,18,1,8,VOTE Agent[03]
2,talk,19,1,15,VOTE Agent[05]
2,talk,20,1,4,ESTIMATE Agent[11] POSSESSED
2,talk,21,1,6,Skip
2,talk,22,1,10,Skip
2,talk,23,1,5,VOTE Agent[01]
2,talk,24,1,7,VOTE Agent[14]
2,talk,25,1,1,Over
2,talk,26,2,1,Over
2,talk,27,2,13,Skip
2,talk,28,2,9,Over
2,talk,29,2,11,REQUEST(DIVINATION Agent[04])
2,talk,30,2,12,Skip
2,talk,31,2,5,Skip
2,talk,32,2,7,VOTE Agent[05]
2,talk,33,2,15,VOTE Agent[10]
2,talk,34,2,10,Over
2,talk,35,2,14,Over
2,talk,36,2,4,ESTIMATE Agent[11] POSSESSED
2,talk,37,2,6,Over
2,talk,38,2,8,Skip
2,talk,39,3,1,Over
2,talk,40,3,12,Skip
2,talk,41,3,5,Skip
2,talk,42,3,9,Over
2,talk,43,3,7,VOTE Agent[14]
2,talk,44,3,11,VOTE Agent[04]
2,talk,45,3,13,Skip
2,talk,46,3,6,VOTE Agent[05]
2,talk,47,3,4,VOTE Agent[11]
2,talk,48,3,10,Over
2,talk,49,3,14,Over
2,talk,50,3,8,Skip
2,talk,51,3,15,ESTIMATE Agent[10] WEREWOLF
2,talk,52,4,4,ESTIMATE Agent[11] POSSESSED
2,talk,53,4,10,Over
2,talk,54,4,6,Skip
2,talk,55,4,11,Skip
2,talk,56,4,15,ESTIMATE Agent[10] WEREWOLF
2,talk,57,4,5,Over
2,talk,58,4,12,VOTE Agent[05]
2,talk,59,4,13,Over
2,talk,60,4,8,Over
2,talk,61,4,1,Over
2,talk,62,4,9,Over
2,talk,63,4,14,Over
2,talk,64,4,7,Skip
2,talk,65,5,6,VOTE Agent[05]
2,talk,66,5,11,Skip
2,talk,67,5,10,VOTE Agent[05]
2,talk,68,5,1,Over
2,talk,69,5,13,Over
2,talk,70,5,7,Skip
2,talk,71,5,14,Over
2,talk,72,5,9,Over
2,talk,73,5,12,REQUEST(DIVINATION Agent[14])
2,talk,74,5,15,VOTE Agent[05]
2,talk,75,5,8,Over
2,talk,76,5,5,Over
2,talk,77,5,4,ESTIMATE Agent[11] POSSESSED
2,talk,78,6,14,Over
2,talk,79,6,4,ESTIMATE Agent[11] POSSESSED
2,talk,80,6,10,Skip
2,talk,81,6,11,Over
2,talk,82,6,12,Skip
2,talk,83,6,8,Over
2,talk,84,6,7,ESTIMATE Agent[12] VILLAGER
2,talk,85,6,13,VOTE Agent[05]
2,talk,86,6,15,Over
2,talk,87,6,5,Over
2,talk,88,6,1,Over
2,talk,89,6,6,Skip
2,talk,90,6,9,Over
2,talk,91,7,11,Over
2,talk,92,7,10,Skip
2,talk,93,7,4,ESTIMATE Agent[11] POSSESSED
2,talk,94,7,7,Over
2,talk,95,7,6,VOTE Agent[05]
2,talk,96,7,9,Over
2,talk,97,7,12,Skip
2,talk,98,7,15,ESTIMATE Agent[05] WEREWOLF
2,talk,99,7,8,Over
2,talk,100,7,14,Over
2,talk,101,7,1,Over
2,talk,102,7,5,Over
2,talk,103,7,13,Skip
2,talk,104,8,4,ESTIMATE Agent[11] POSSESSED
2,talk,105,8,14,Over
2,talk,106,8,9,Over
2,talk,107,8,8,Over
2,talk,108,8,12,Over
2,talk,109,8,13,Skip
2,talk,110,8,1,Over
2,talk,111,8,6,Skip
2,talk,112,8,11,Over
2,talk,113,8,10,Over
2,talk,114,8,5,Over
2,talk,115,8,7,ESTIMATE Agent[12] VILLAGER
2,talk,116,8,15,Over
2,talk,117,9,11,Over
2,talk,118,9,5,Over
2,talk,119,9,8,Over
2,talk,120,9,7,ESTIMATE Agent[06] WEREWOLF
2,talk,121,9,9,Over
2,talk,122,9,6,Skip
2,talk,123,9,1,Over
2,talk,124,9,14,Over
2,talk,125,9,4,ESTIMATE Agent[11] POSSESSED
2,talk,126,9,10,Over
2,talk,127,9,13,Over
2,talk,128,9,15,Over
2,talk,129,9,12,Over
2,talk,130,10,13,Over
2,talk,131,10,14,Over
2,talk,132,10,12,Over
2,talk,133,10,7,Over
2,talk,134,10,9,Over
2,talk,135,10,4,Over
2,talk,136,10,15,Over
2,talk,137,10,8,Over
2,talk,138,10,6,Over
2,talk,139,10,5,Over
2,talk,140,10,1,Over
2,talk,141,10,11,Over
2,talk,142,10,10,Over
2,vote,1,13
2,vote,4,11
2,vote,5,1
2,vote,6,5
2,vote,7,14
2,vote,8,14
2,vote,9,1
2,vote,10,5
2,vote,11,4
2,vote,12,5
2,vote,13,5
2,vote,14,15
2,vote,15,5
2,execute,5,WEREWOLF
2,divine,4,14,HUMAN
2,whisper,0,0,9,Over
2,whisper,1,0,13,ATTACK Agent[06]
2,whisper,2,1,9,Over
2,whisper,3,1,13,Skip
2,whisper,4,2,9,Over
2,whisper,5,2,13,Skip
2,whisper,6,3,13,Over
2,whisper,7,3,9,Over
2,guard,15,11,POSSESSED
2,attackVote,13,6
2,attack,6,true
3,status,1,VILLAGER,ALIVE,tmcit2017
3,status,2,MEDIUM,DEAD,Army
3,status,3,VILLAGER,DEAD,rsaito
3,status,4,SEER,ALIVE,Neo_ELIZA
3,status,5,WEREWOLF,DEAD,AIWolf_NET
3,status,6,VILLAGER,DEAD,Romanesco
3,status,7,VILLAGER,ALIVE,wasabi
3,status,8,VILLAGER,ALIVE,H-ReGEX
3,status,9,WEREWOLF,ALIVE,yk_aiwolf
3,status,10,VILLAGER,ALIVE,Kanpyo
3,status,11,POSSESSED,ALIVE,konno
3,status,12,VILLAGER,ALIVE,AITKN
3,status,13,WEREWOLF,ALIVE,neko
3,status,14,VILLAGER,ALIVE,flex
3,status,15,BODYGUARD,ALIVE,Litt1eGirl
3,talk,0,0,7,VOTE Agent[14]
3,talk,1,0,13,VOTE Agent[10]
3,talk,2,0,14,Over
3,talk,3,0,1,Over
3,talk,4,0,9,Over
3,talk,5,0,4,DIVINED Agent[14] HUMAN
3,talk,6,0,10,Skip
3,talk,7,0,8,ESTIMATE Agent[04] WEREWOLF
3,talk,8,0,12,VOTE Agent[09]
3,talk,9,0,11,DIVINED Agent[13] HUMAN
3,talk,10,0,15,VOTE Agent[07]
3,talk,11,1,15,VOTE Agent[09]
3,talk,12,1,1,Over
3,talk,13,1,14,Over
3,talk,14,1,8,VOTE Agent[04]
3,talk,15,1,4,ESTIMATE Agent[11] POSSESSED
3,talk,16,1,7,ESTIMATE Agent[14] WEREWOLF
3,talk,17,1,13,Skip
3,talk,18,1,11,ESTIMATE Agent[04] WEREWOLF
3,talk,19,1,12,VOTE Agent[14]
3,talk,20,1,10,Skip
3,talk,21,1,9,Over
3,talk,22,2,11,REQUEST(DIVINATION Agent[04])
3,talk,23,2,4,ESTIMATE Agent[11] POSSESSED
3,talk,24,2,13,VOTE Agent[14]
3,talk,25,2,12,Skip
3,talk,26,2,8,Skip
3,talk,27,2,1,Over
3,talk,28,2,9,Over
3,talk,29,2,10,Over
3,talk,30,2,14,Over
3,talk,31,2,15,VOTE Agent[14]
3,talk,32,2,7,ESTIMATE Agent[11] SEER
3,talk,33,3,1,Over
3,talk,34,3,15,Over
3,talk,35,3,7,ESTIMATE Agent[01] VILLAGER
3,talk,36,3,10,Over
3,talk,37,3,14,Over
3,talk,38,3,4,VOTE Agent[11]
3,talk,39,3,11,VOTE Agent[04]
3,talk,40,3,8,Skip
3,talk,41,3,12,Skip
3,talk,42,3,13,Skip
3,talk,43,3,9,Over
3,talk,44,4,9,Over
3,talk,45,4,15,Over
3,talk,46,4,8,Over
3,talk,47,4,7,Skip
3,talk,48,4,11,Skip
3,talk,49,4,14,Over
3,talk,50,4,12,REQUEST(DIVINATION Agent[09])
3,talk,51,4,13,Skip
3,talk,52,4,4,ESTIMATE Agent[11] POSSESSED
3,talk,53,4,1,Over
3,talk,54,4,10,Over
3,talk,55,5,11,Skip
3,talk,56,5,15,Over
3,talk,57,5,7,ESTIMATE Agent[12] WEREWOLF
3,talk,58,5,10,VOTE Agent[14]
3,talk,59,5,4,ESTIMATE Agent[11] POSSESSED
3,talk,60,5,13,Over
3,talk,61,5,12,Skip
3,talk,62,5,1,Over
3,talk,63,5,8,Over
3,talk,64,5,14,Over
3,talk,65,5,9,Over
3,talk,66,6,12,Skip
3,talk,67,6,13,Over
3,talk,68,6,9,Over
3,talk,69,6,4,ESTIMATE Agent[11] POSSESSED
3,talk,70,6,10,Skip
3,talk,71,6,7,ESTIMATE Agent[11] SEER
3,talk,72,6,11,Over
3,talk,73,6,1,Over
3,talk,74,6,15,Over
3,talk,75,6,8,Over
3,talk,76,6,14,Over
3,talk,77,7,13,Over
3,talk,78,7,10,Skip
3,talk,79,7,4,ESTIMATE Agent[11] POSSESSED
3,talk,80,7,8,Over
3,talk,81,7,11,Over
3,talk,82,7,9,Over
3,talk,83,7,14,Over
3,talk,84,7,15,Over
3,talk,85,7,12,Over
3,talk,86,7,1,Over
3,talk,87,7,7,Skip
3,talk,88,8,14,Over
3,talk,89,8,4,ESTIMATE Agent[11] POSSESSED
3,talk,90,8,10,Over
3,talk,91,8,12,Over
3,talk,92,8,13,Over
3,talk,93,8,7,Skip
3,talk,94,8,9,Over
3,talk,95,8,8,Over
3,talk,96,8,15,Over
3,talk,97,8,11,Over
3,talk,98,8,1,Over
3,talk,99,9,4,ESTIMATE Agent[11] POSSESSED
3,talk,100,9,15,Over
3,talk,101,9,7,ESTIMATE Agent[14] WEREWOLF
3,talk,102,9,1,Over
3,talk,103,9,13,Over
3,talk,104,9,14,Over
3,talk,105,9,10,Over
3,talk,106,9,9,Over
3,talk,107,9,8,Over
3,talk,108,9,12,Over
3,talk,109,9,11,Over
3,talk,110,10,4,Over
3,talk,111,10,14,Over
3,talk,112,10,12,Over
3,talk,113,10,15,Over
3,talk,114,10,10,Over
3,talk,115,10,7,Over
3,talk,116,10,11,Over
3,talk,117,10,8,Over
3,talk,118,10,9,Over
3,talk,119,10,13,Over
3,talk,120,10,1,Over
3,vote,1,10
3,vote,4,11
3,vote,7,14
3,vote,8,4
3,vote,9,4
3,vote,10,14
3,vote,11,4
3,vote,12,14
3,vote,13,14
3,vote,14,10
3,vote,15,14
3,execute,14,VILLAGER
3,divine,4,13,WEREWOLF
3,whisper,0,0,9,Over
3,whisper,1,0,13,ESTIMATE Agent[11] POSSESSED
3,whisper,2,1,9,Over
3,whisper,3,1,13,ATTACK Agent[10]
3,whisper,4,2,13,Skip
3,whisper,5,2,9,Over
3,whisper,6,3,9,Over
3,whisper,7,3,13,Skip
3,whisper,8,4,9,Over
3,whisper,9,4,13,Over
3,guard,15,11,POSSESSED
3,attackVote,13,10
3,attack,10,true
4,status,1,VILLAGER,ALIVE,tmcit2017
4,status,2,MEDIUM,DEAD,Army
4,status,3,VILLAGER,DEAD,rsaito
4,status,4,SEER,ALIVE,Neo_ELIZA
4,status,5,WEREWOLF,DEAD,AIWolf_NET
4,status,6,VILLAGER,DEAD,Romanesco
4,status,7,VILLAGER,ALIVE,wasabi
4,status,8,VILLAGER,ALIVE,H-ReGEX
4,status,9,WEREWOLF,ALIVE,yk_aiwolf
4,status,10,VILLAGER,DEAD,Kanpyo
4,status,11,POSSESSED,ALIVE,konno
4,status,12,VILLAGER,ALIVE,AITKN
4,status,13,WEREWOLF,ALIVE,neko
4,status,14,VILLAGER,DEAD,flex
4,status,15,BODYGUARD,ALIVE,Litt1eGirl
4,talk,0,0,9,Over
4,talk,1,0,1,Over
4,talk,2,0,13,VOTE Agent[04]
4,talk,3,0,15,VOTE Agent[11]
4,talk,4,0,11,DIVINED Agent[09] HUMAN
4,talk,5,0,4,DIVINED Agent[13] WEREWOLF
4,talk,6,0,12,VOTE Agent[11]
4,talk,7,0,8,ESTIMATE Agent[11] WEREWOLF
4,talk,8,0,7,Skip
4,talk,9,1,7,VOTE Agent[08]
4,talk,10,1,13,Skip
4,talk,11,1,4,REQUEST(VOTE Agent[13])
4,talk,12,1,15,Over
4,talk,13,1,1,Over
4,talk,14,1,12,VOTE Agent[04]
4,talk,15,1,9,Over
4,talk,16,1,8,VOTE Agent[11]
4,talk,17,1,11,ESTIMATE Agent[04] WEREWOLF
4,talk,18,2,11,REQUEST(DIVINATION Agent[04])
4,talk,19,2,8,Skip
4,talk,20,2,12,VOTE Agent[13]
4,talk,21,2,15,VOTE Agent[04]
4,talk,22,2,13,Skip
4,talk,23,2,4,VOTE Agent[13]
4,talk,24,2,9,Over
4,talk,25,2,7,ESTIMATE Agent[11] SEER
4,talk,26,2,1,Over
4,talk,27,3,13,Over
4,talk,28,3,15,VOTE Agent[13]
4,talk,29,3,4,Skip
4,talk,30,3,11,VOTE Agent[04]
4,talk,31,3,1,Over
4,talk,32,3,9,Over
4,talk,33,3,12,Skip
4,talk,34,3,8,Skip
4,talk,35,3,7,Skip
4,talk,36,4,12,REQUEST(DIVINATION Agent[08])
4,talk,37,4,7,Skip
4,talk,38,4,15,Over
4,talk,39,4,9,Over
4,talk,40,4,13,Over
4,talk,41,4,8,Over
4,talk,42,4,4,Skip
4,talk,43,4,1,Over
4,talk,44,4,11,Skip
4,talk,45,5,11,Skip
4,talk,46,5,12,Skip
4,talk,47,5,4,Over
4,talk,48,5,9,Over
4,talk,49,5,8,Over
4,talk,50,5,15,ESTIMATE Agent[13] WEREWOLF
4,talk,51,5,1,Over
4,talk,52,5,7,ESTIMATE Agent[15] WEREWOLF
4,talk,53,5,13,Over
4,talk,54,6,13,Over
4,talk,55,6,7,Over
4,talk,56,6,1,Over
4,talk,57,6,12,Skip
4,talk,58,6,11,Over
4,talk,59,6,15,Over
4,talk,60,6,4,Over
4,talk,61,6,9,Over
4,talk,62,6,8,Over
4,talk,63,7,12,Over
4,talk,64,7,15,Over
4,talk,65,7,9,Over
4,talk,66,7,8,Over
4,talk,67,7,4,Over
4,talk,68,7,1,Over
4,talk,69,7,13,Over
4,talk,70,7,7,Over
4,talk,71,7,11,Over
4,vote,1,13
4,vote,4,13
4,vote,7,8
4,vote,8,11
4,vote,9,1
4,vote,11,4
4,vote,12,13
4,vote,13,4
4,vote,15,13
4,execute,13,WEREWOLF
4,divine,4,7,HUMAN
4,guard,15,11,POSSESSED
4,attack,7,true
5,status,1,VILLAGER,ALIVE,tmcit2017
5,status,2,MEDIUM,DEAD,Army
5,status,3,VILLAGER,DEAD,rsaito
5,status,4,SEER,ALIVE,Neo_ELIZA
5,status,5,WEREWOLF,DEAD,AIWolf_NET
5,status,6,VILLAGER,DEAD,Romanesco
5,status,7,VILLAGER,DEAD,wasabi
5,status,8,VILLAGER,ALIVE,H-ReGEX
5,status,9,WEREWOLF,ALIVE,yk_aiwolf
5,status,10,VILLAGER,DEAD,Kanpyo
5,status,11,POSSESSED,ALIVE,konno
5,status,12,VILLAGER,ALIVE,AITKN
5,status,13,WEREWOLF,DEAD,neko
5,status,14,VILLAGER,DEAD,flex
5,status,15,BODYGUARD,ALIVE,Litt1eGirl
5,talk,0,0,4,DIVINED Agent[07] HUMAN
5,talk,1,0,8,ESTIMATE Agent[11] WEREWOLF
5,talk,2,0,11,DIVINED Agent[12] WEREWOLF
5,talk,3,0,15,VOTE Agent[08]
5,talk,4,0,1,Over
5,talk,5,0,9,Over
5,talk,6,0,12,VOTE Agent[11]
5,talk,7,1,4,ESTIMATE Agent[11] POSSESSED
5,talk,8,1,8,VOTE Agent[11]
5,talk,9,1,12,ESTIMATE Agent[11] POSSESSED
5,talk,10,1,15,VOTE Agent[11]
5,talk,11,1,1,Over
5,talk,12,1,11,ESTIMATE Agent[04] WEREWOLF
5,talk,13,1,9,Over
5,talk,14,2,15,Over
5,talk,15,2,8,Skip
5,talk,16,2,4,ESTIMATE Agent[11] POSSESSED
5,talk,17,2,11,REQUEST(DIVINATION Agent[04])
5,talk,18,2,1,Over
5,talk,19,2,12,Skip
5,talk,20,2,9,Over
5,talk,21,3,1,Over
5,talk,22,3,8,Skip
5,talk,23,3,9,Over
5,talk,24,3,15,Over
5,talk,25,3,12,Skip
5,talk,26,3,4,VOTE Agent[11]
5,talk,27,3,11,VOTE Agent[04]
5,talk,28,4,1,Over
5,talk,29,4,15,ESTIMATE Agent[11] VILLAGER
5,talk,30,4,12,REQUEST(DIVINATION Agent[15])
5,talk,31,4,8,Over
5,talk,32,4,4,ESTIMATE Agent[11] POSSESSED
5,talk,33,4,11,Skip
5,talk,34,4,9,Over
5,talk,35,5,1,Over
5,talk,36,5,12,Skip
5,talk,37,5,4,ESTIMATE Agent[11] POSSESSED
5,talk,38,5,9,Over
5,talk,39,5,8,Over
5,talk,40,5,15,Over
5,talk,41,5,11,Skip
5,talk,42,6,15,Over
5,talk,43,6,11,Over
5,talk,44,6,12,Skip
5,talk,45,6,4,ESTIMATE Agent[11] POSSESSED
5,talk,46,6,9,Over
5,talk,47,6,1,Over
5,talk,48,6,8,Over
5,talk,49,7,1,Over
5,talk,50,7,15,Over
5,talk,51,7,4,ESTIMATE Agent[11] POSSESSED
5,talk,52,7,11,Over
5,talk,53,7,12,Over
5,talk,54,7,9,Over
5,talk,55,7,8,Over
5,talk,56,8,9,Over
5,talk,57,8,8,Over
5,talk,58,8,15,Over
5,talk,59,8,12,Over
5,talk,60,8,4,ESTIMATE Agent[11] POSSESSED
5,talk,61,8,1,Over
5,talk,62,8,11,Over
5,talk,63,9,12,Over
5,talk,64,9,1,Over
5,talk,65,9,4,ESTIMATE Agent[11] POSSESSED
5,talk,66,9,9,Over
5,talk,67,9,15,Over
5,talk,68,9,11,Over
5,talk,69,9,8,Over
5,talk,70,10,4,Over
5,talk,71,10,12,Over
5,talk,72,10,1,Over
5,talk,73,10,15,ESTIMATE Agent[11] WEREWOLF
5,talk,74,10,11,Over
5,talk,75,10,9,Over
5,talk,76,10,8,Over
5,talk,77,11,9,Over
5,talk,78,11,11,Over
5,talk,79,11,8,Over
5,talk,80,11,15,Over
5,talk,81,11,1,Over
5,talk,82,11,4,Over
5,talk,83,11,12,Over
5,vote,1,12
5,vote,4,11
5,vote,8,11
5,vote,9,4
5,vote,11,4
5,vote,12,11
5,vote,15,11
5,execute,11,POSSESSED
5,divine,4,12,HUMAN
5,guard,15,4,SEER
5,attack,12,true
6,status,1,VILLAGER,ALIVE,tmcit2017
6,status,2,MEDIUM,DEAD,Army
6,status,3,VILLAGER,DEAD,rsaito
6,status,4,SEER,ALIVE,Neo_ELIZA
6,status,5,WEREWOLF,DEAD,AIWolf_NET
6,status,6,VILLAGER,DEAD,Romanesco
6,status,7,VILLAGER,DEAD,wasabi
6,status,8,VILLAGER,ALIVE,H-ReGEX
6,status,9,WEREWOLF,ALIVE,yk_aiwolf
6,status,10,VILLAGER,DEAD,Kanpyo
6,status,11,POSSESSED,DEAD,konno
6,status,12,VILLAGER,DEAD,AITKN
6,status,13,WEREWOLF,DEAD,neko
6,status,14,VILLAGER,DEAD,flex
6,status,15,BODYGUARD,ALIVE,Litt1eGirl
6,talk,0,0,8,ESTIMATE Agent[04] WEREWOLF
6,talk,1,0,9,Over
6,talk,2,0,1,Over
6,talk,3,0,4,DIVINED Agent[12] HUMAN
6,talk,4,0,15,VOTE Agent[01]
6,talk,5,1,1,Over
6,talk,6,1,15,Over
6,talk,7,1,8,VOTE Agent[04]
6,talk,8,1,9,Over
6,talk,9,1,4,VOTE Agent[09]
6,talk,10,2,8,Skip
6,talk,11,2,9,Over
6,talk,12,2,15,VOTE Agent[09]
6,talk,13,2,4,Skip
6,talk,14,2,1,Over
6,talk,15,3,8,Skip
6,talk,16,3,15,Over
6,talk,17,3,9,Over
6,talk,18,3,1,Over
6,talk,19,3,4,Skip
6,talk,20,4,4,Over
6,talk,21,4,1,Over
6,talk,22,4,8,Over
6,talk,23,4,15,Over
6,talk,24,4,9,Over
6,vote,1,8
6,vote,4,9
6,vote,8,4
6,vote,9,15
6,vote,15,9
6,execute,9,WEREWOLF
6,divine,4,8,HUMAN
6,guard,15,4,SEER
7,status,1,VILLAGER,ALIVE,tmcit2017
7,status,2,MEDIUM,DEAD,Army
7,status,3,VILLAGER,DEAD,rsaito
7,status,4,SEER,ALIVE,Neo_ELIZA
7,status,5,WEREWOLF,DEAD,AIWolf_NET
7,status,6,VILLAGER,DEAD,Romanesco
7,status,7,VILLAGER,DEAD,wasabi
7,status,8,VILLAGER,ALIVE,H-ReGEX
7,status,9,WEREWOLF,DEAD,yk_aiwolf
7,status,10,VILLAGER,DEAD,Kanpyo
7,status,11,POSSESSED,DEAD,konno
7,status,12,VILLAGER,DEAD,AITKN
7,status,13,WEREWOLF,DEAD,neko
7,status,14,VILLAGER,DEAD,flex
7,status,15,BODYGUARD,ALIVE,Litt1eGirl
7,result,4,0,VILLAGER
