0,status,1,POSSESSED,ALIVE,f6wbl6
0,status,2,VILLAGER,ALIVE,WolfKing
0,status,3,VILLAGER,ALIVE,WordWolf
0,status,4,MEDIUM,ALIVE,spicy2
0,status,5,WEREWOLF,ALIVE,yskn67
0,status,6,VILLAGER,ALIVE,TRKOkami
0,status,7,BODYGUARD,ALIVE,cndl
0,status,8,VILLAGER,ALIVE,Udon
0,status,9,VILLAGER,ALIVE,marky
0,status,10,VILLAGER,ALIVE,Romanesco
0,status,11,VILLAGER,ALIVE,wasabi
0,status,12,WEREWOLF,ALIVE,Litt1eGirl
0,status,13,WEREWOLF,ALIVE,sonoda
0,status,14,VILLAGER,ALIVE,cash
0,status,15,SEER,ALIVE,Serval
0,whisper,0,0,13,Skip
0,whisper,1,0,5,Skip
0,whisper,2,0,12,COMINGOUT Agent[12] VILLAGER
0,whisper,3,1,13,Skip
0,whisper,4,1,12,ATTACK Agent[12]
0,whisper,5,1,5,Skip
0,whisper,6,2,5,Over
0,whisper,7,2,13,Over
0,whisper,8,2,12,VOTE Agent[06]
0,whisper,9,3,12,Over
0,whisper,10,3,5,Over
0,whisper,11,3,13,Over
0,divine,15,14,HUMAN
1,status,1,POSSESSED,ALIVE,f6wbl6
1,status,2,VILLAGER,ALIVE,WolfKing
1,status,3,VILLAGER,ALIVE,WordWolf
1,status,4,MEDIUM,ALIVE,spicy2
1,status,5,WEREWOLF,ALIVE,yskn67
1,status,6,VILLAGER,ALIVE,TRKOkami
1,status,7,BODYGUARD,ALIVE,cndl
1,status,8,VILLAGER,ALIVE,Udon
1,status,9,VILLAGER,ALIVE,marky
1,status,10,VILLAGER,ALIVE,Romanesco
1,status,11,VILLAGER,ALIVE,wasabi
1,status,12,WEREWOLF,ALIVE,Litt1eGirl
1,status,13,WEREWOLF,ALIVE,sonoda
1,status,14,VILLAGER,ALIVE,cash
1,status,15,SEER,ALIVE,Serval
1,talk,0,0,2,VOTE Agent[01]
1,talk,1,0,6,Over
1,talk,2,0,7,VOTE Agent[12]
1,talk,3,0,5,ESTIMATE Agent[01] WEREWOLF
1,talk,4,0,9,VOTE Agent[12]
1,talk,5,0,4,COMINGOUT Agent[04] MEDIUM
1,talk,6,0,8,VOTE Agent[12]
1,talk,7,0,14,VOTE Agent[02]
1,talk,8,0,1,COMINGOUT Agent[01] SEER
1,talk,9,0,15,COMINGOUT Agent[15] SEER
1,talk,10,0,12,VOTE Agent[10]
1,talk,11,0,10,VOTE Agent[01]
1,talk,12,0,11,ESTIMATE Agent[07] WEREWOLF
1,talk,13,0,3,VOTE Agent[01]
1,talk,14,0,13,VOTE Agent[01]
1,talk,15,1,2,VOTE Agent[12]
1,talk,16,1,4,VOTE Agent[02]
1,talk,17,1,5,ESTIMATE Agent[02] WEREWOLF
1,talk,18,1,15,DIVINED Agent[14] HUMAN
1,talk,19,1,13,VOTE Agent[02]
1,talk,20,1,1,DIVINED Agent[15] WEREWOLF
1,talk,21,1,14,VOTE Agent[06]
1,talk,22,1,12,VOTE Agent[01]
1,talk,23,1,9,VOTE Agent[02]
1,talk,24,1,11,ESTIMATE Agent[15] WEREWOLF
1,talk,25,1,6,Over
1,talk,26,1,3,VOTE Agent[13]
1,talk,27,1,10,VOTE Agent[02]
1,talk,28,1,8,Over
1,talk,29,1,7,VOTE Agent[14]
1,talk,30,2,3,Skip
1,talk,31,2,1,VOTE Agent[15]
1,talk,32,2,10,Skip
1,talk,33,2,6,VOTE Agent[04]
1,talk,34,2,4,Skip
1,talk,35,2,8,Over
1,talk,36,2,15,Over
1,talk,37,2,12,VOTE Agent[02]
1,talk,38,2,9,Skip
1,talk,39,2,7,VOTE Agent[02]
1,talk,40,2,2,VOTE Agent[13]
1,talk,41,2,11,ESTIMATE Agent[08] WEREWOLF
1,talk,42,2,5,VOTE Agent[02]
1,talk,43,2,14,Skip
1,talk,44,2,13,Skip
1,talk,45,3,14,VOTE Agent[04]
1,talk,46,3,10,Skip
1,talk,47,3,9,Skip
1,talk,48,3,7,Skip
1,talk,49,3,15,VOTE Agent[13]
1,talk,50,3,13,Skip
1,talk,51,3,2,Skip
1,talk,52,3,8,VOTE Agent[13]
1,talk,53,3,11,VOTE Agent[02]
1,talk,54,3,4,Skip
1,talk,55,3,5,Skip
1,talk,56,3,3,Skip
1,talk,57,3,6,Over
1,talk,58,3,1,VOTE Agent[02]
1,talk,59,3,12,Over
1,talk,60,4,5,Skip
1,talk,61,4,1,Skip
1,talk,62,4,11,Skip
1,talk,63,4,4,Over
1,talk,64,4,12,Over
1,talk,65,4,9,Over
1,talk,66,4,6,Over
1,talk,67,4,13,Over
1,talk,68,4,10,Over
1,talk,69,4,8,Over
1,talk,70,4,14,Skip
1,talk,71,4,3,VOTE Agent[02]
1,talk,72,4,2,Skip
1,talk,73,4,15,Over
1,talk,74,4,7,Skip
1,talk,75,5,10,Over
1,talk,76,5,3,Skip
1,talk,77,5,14,Skip
1,talk,78,5,15,Over
1,talk,79,5,4,Over
1,talk,80,5,5,Over
1,talk,81,5,6,Over
1,talk,82,5,12,ESTIMATE Agent[03] VILLAGER
1,talk,83,5,9,Over
1,talk,84,5,11,ESTIMATE Agent[12] VILLAGER
1,talk,85,5,2,VOTE Agent[14]
1,talk,86,5,13,Over
1,talk,87,5,8,Over
1,talk,88,5,7,Over
1,talk,89,5,1,Skip
1,talk,90,6,1,Over
1,talk,91,6,15,Over
1,talk,92,6,14,Over
1,talk,93,6,11,ESTIMATE Agent[03] WEREWOLF
1,talk,94,6,5,Over
1,talk,95,6,6,Over
1,talk,96,6,10,Over
1,talk,97,6,3,Skip
1,talk,98,6,4,Over
1,talk,99,6,2,Skip
1,talk,100,6,13,Over
1,talk,101,6,12,Over
1,talk,102,6,9,Over
1,talk,103,6,8,VOTE Agent[02]
1,talk,104,6,7,Over
1,talk,105,7,1,Over
1,talk,106,7,9,Over
1,talk,107,7,4,Over
1,talk,108,7,6,Over
1,talk,109,7,2,Skip
1,talk,110,7,10,Over
1,talk,111,7,14,Over
1,talk,112,7,7,Over
1,talk,113,7,15,Over
1,talk,114,7,11,Skip
1,talk,115,7,12,ESTIMATE Agent[02] WEREWOLF
1,talk,116,7,5,Over
1,talk,117,7,13,Over
1,talk,118,7,8,Over
1,talk,119,7,3,Over
1,talk,120,8,4,Over
1,talk,121,8,12,Over
1,talk,122,8,5,Over
1,talk,123,8,11,ESTIMATE Agent[06] WEREWOLF
1,talk,124,8,14,Over
1,talk,125,8,2,Over
1,talk,126,8,9,Over
1,talk,127,8,6,Over
1,talk,128,8,13,Over
1,talk,129,8,3,Over
1,talk,130,8,15,Over
1,talk,131,8,1,Over
1,talk,132,8,10,Over
1,talk,133,8,8,Over
1,talk,134,8,7,Over
1,talk,135,9,4,Over
1,talk,136,9,9,Over
1,talk,137,9,8,Over
1,talk,138,9,2,Over
1,talk,139,9,14,Over
1,talk,140,9,10,Over
1,talk,141,9,6,Over
1,talk,142,9,3,Over
1,talk,143,9,7,Over
1,talk,144,9,12,Over
1,talk,145,9,15,Over
1,talk,146,9,11,Over
1,talk,147,9,1,Over
1,talk,148,9,5,Over
1,talk,149,9,13,Over
1,vote,1,2
1,vote,2,14
1,vote,3,2
1,vote,4,2
1,vote,5,2
1,vote,6,4
1,vote,7,2
1,vote,8,2
1,vote,9,2
1,vote,10,2
1,vote,11,2
1,vote,12,2
1,vote,13,2
1,vote,14,4
1,vote,15,4
1,execute,2,VILLAGER
1,divine,15,13,WEREWOLF
1,whisper,0,0,5,Skip
1,whisper,1,0,12,ATTACK Agent[15]
1,whisper,2,0,13,Skip
1,whisper,3,1,13,Skip
1,whisper,4,1,12,ESTIMATE Agent[15] SEER
1,whisper,5,1,5,Skip
1,whisper,6,2,13,Over
1,whisper,7,2,5,Over
1,whisper,8,2,12,ESTIMATE Agent[04] MEDIUM
1,whisper,9,3,5,Over
1,whisper,10,3,12,ESTIMATE Agent[01] POSSESSED
1,whisper,11,3,13,Over
1,whisper,12,4,13,Over
1,whisper,13,4,12,Over
1,whisper,14,4,5,Over
1,guard,7,15,SEER
1,attackVote,5,4
1,attackVote,12,15
1,attackVote,13,4
1,attack,4,true
2,status,1,POSSESSED,ALIVE,f6wbl6
2,status,2,VILLAGER,DEAD,WolfKing
2,status,3,VILLAGER,ALIVE,WordWolf
2,status,4,MEDIUM,DEAD,spicy2
2,status,5,WEREWOLF,ALIVE,yskn67
2,status,6,VILLAGER,ALIVE,TRKOkami
2,status,7,BODYGUARD,ALIVE,cndl
2,status,8,VILLAGER,ALIVE,Udon
2,status,9,VILLAGER,ALIVE,marky
2,status,10,VILLAGER,ALIVE,Romanesco
2,status,11,VILLAGER,ALIVE,wasabi
2,status,12,WEREWOLF,ALIVE,Litt1eGirl
2,status,13,WEREWOLF,ALIVE,sonoda
2,status,14,VILLAGER,ALIVE,cash
2,status,15,SEER,ALIVE,Serval
2,talk,0,0,7,VOTE Agent[10]
2,talk,1,0,9,VOTE Agent[14]
2,talk,2,0,1,DIVINED Agent[14] WEREWOLF
2,talk,3,0,8,VOTE Agent[15]
2,talk,4,0,6,Over
2,talk,5,0,14,VOTE Agent[05]
2,talk,6,0,13,VOTE Agent[06]
2,talk,7,0,10,VOTE Agent[13]
2,talk,8,0,5,ESTIMATE Agent[06] WEREWOLF
2,talk,9,0,3,VOTE Agent[14]
2,talk,10,0,12,VOTE Agent[15]
2,talk,11,0,11,ESTIMATE Agent[07] WEREWOLF
2,talk,12,0,15,DIVINED Agent[13] WEREWOLF
2,talk,13,1,11,ESTIMATE Agent[05] VILLAGER
2,talk,14,1,10,VOTE Agent[14]
2,talk,15,1,1,VOTE Agent[14]
2,talk,16,1,7,VOTE Agent[13]
2,talk,17,1,5,ESTIMATE Agent[13] WEREWOLF
2,talk,18,1,12,VOTE Agent[14]
2,talk,19,1,14,VOTE Agent[13]
2,talk,20,1,3,Skip
2,talk,21,1,8,VOTE Agent[14]
2,talk,22,1,15,AGREE TALK day1 ID:3
2,talk,23,1,13,VOTE Agent[15]
2,talk,24,1,6,Over
2,talk,25,1,9,Skip
2,talk,26,2,12,Over
2,talk,27,2,7,VOTE Agent[14]
2,talk,28,2,13,Skip
2,talk,29,2,1,Skip
2,talk,30,2,8,Over
2,talk,31,2,10,Skip
2,talk,32,2,15,Over
2,talk,33,2,3,Skip
2,talk,34,2,11,ESTIMATE Agent[15] WEREWOLF
2,talk,35,2,14,Skip
2,talk,36,2,5,VOTE Agent[13]
2,talk,37,2,6,VOTE Agent[14]
2,talk,38,2,9,Skip
2,talk,39,3,15,VOTE Agent[14]
2,talk,40,3,6,Skip
2,talk,41,3,5,Skip
2,talk,42,3,3,Over
2,talk,43,3,12,Over
2,talk,44,3,13,Skip
2,talk,45,3,9,Over
2,talk,46,3,8,Over
2,talk,47,3,7,ESTIMATE Agent[13] WEREWOLF
2,talk,48,3,14,Skip
2,talk,49,3,10,VOTE Agent[13]
2,talk,50,3,1,Skip
2,talk,51,3,11,VOTE Agent[13]
2,talk,52,4,8,Over
2,talk,53,4,10,Skip
2,talk,54,4,15,Over
2,talk,55,4,9,Over
2,talk,56,4,13,Over
2,talk,57,4,1,Over
2,talk,58,4,3,Over
2,talk,59,4,6,Skip
2,talk,60,4,5,Skip
2,talk,61,4,14,Over
2,talk,62,4,12,ESTIMATE Agent[06] VILLAGER
2,talk,63,4,7,Skip
2,talk,64,4,11,ESTIMATE Agent[15] WEREWOLF
2,talk,65,5,11,ESTIMATE Agent[14] WEREWOLF
2,talk,66,5,13,Over
2,talk,67,5,1,Over
2,talk,68,5,10,Skip
2,talk,69,5,5,Over
2,talk,70,5,6,Over
2,talk,71,5,14,Over
2,talk,72,5,12,Over
2,talk,73,5,15,Over
2,talk,74,5,9,Over
2,talk,75,5,8,Over
2,talk,76,5,7,Skip
2,talk,77,5,3,Over
2,talk,78,6,13,Over
2,talk,79,6,9,Over
2,talk,80,6,14,Over
2,talk,81,6,1,Over
2,talk,82,6,11,ESTIMATE Agent[01] WEREWOLF
2,talk,83,6,8,Over
2,talk,84,6,12,Over
2,talk,85,6,5,Over
2,talk,86,6,15,Over
2,talk,87,6,3,Over
2,talk,88,6,7,Over
2,talk,89,6,6,Over
2,talk,90,6,10,Over
2,talk,91,7,15,Over
2,talk,92,7,1,Over
2,talk,93,7,14,Over
2,talk,94,7,5,Over
2,talk,95,7,6,Over
2,talk,96,7,10,Over
2,talk,97,7,8,Over
2,talk,98,7,9,Over
2,talk,99,7,7,Over
2,talk,100,7,11,ESTIMATE Agent[15] WEREWOLF
2,talk,101,7,12,Over
2,talk,102,7,13,Over
2,talk,103,7,3,Over
2,talk,104,8,5,Over
2,talk,105,8,8,Over
2,talk,106,8,7,Over
2,talk,107,8,14,Over
2,talk,108,8,10,Over
2,talk,109,8,3,Over
2,talk,110,8,1,Over
2,talk,111,8,15,Over
2,talk,112,8,13,Over
2,talk,113,8,12,Over
2,talk,114,8,6,Over
2,talk,115,8,11,Skip
2,talk,116,8,9,Over
2,talk,117,9,5,Over
2,talk,118,9,9,Over
2,talk,119,9,1,Over
2,talk,120,9,7,Over
2,talk,121,9,13,Over
2,talk,122,9,15,Over
2,talk,123,9,3,Over
2,talk,124,9,8,Over
2,talk,125,9,14,Over
2,talk,126,9,6,Over
2,talk,127,9,11,Over
2,talk,128,9,10,Over
2,talk,129,9,12,Over
2,vote,1,14
2,vote,3,14
2,vote,5,13
2,vote,6,14
2,vote,7,14
2,vote,8,14
2,vote,9,14
2,vote,10,13
2,vote,11,13
2,vote,12,14
2,vote,13,15
2,vote,14,13
2,vote,15,14
2,execute,14,VILLAGER
2,divine,15,10,HUMAN
2,whisper,0,0,5,Skip
2,whisper,1,0,13,Skip
2,whisper,2,0,12,ATTACK Agent[15]
2,whisper,3,1,12,ESTIMATE Agent[15] SEER
2,whisper,4,1,5,Skip
2,whisper,5,1,13,Skip
2,whisper,6,2,12,ESTIMATE Agent[04] MEDIUM
2,whisper,7,2,13,Over
2,whisper,8,2,5,Over
2,whisper,9,3,12,ESTIMATE Agent[01] POSSESSED
2,whisper,10,3,5,Over
2,whisper,11,3,13,Over
2,whisper,12,4,5,Over
2,whisper,13,4,12,Over
2,whisper,14,4,13,Over
2,guard,7,15,SEER
2,attackVote,5,15
2,attackVote,12,15
2,attackVote,13,15
2,attack,15,false
3,status,1,POSSESSED,ALIVE,f6wbl6
3,status,2,VILLAGER,DEAD,WolfKing
3,status,3,VILLAGER,ALIVE,WordWolf
3,status,4,MEDIUM,DEAD,spicy2
3,status,5,WEREWOLF,ALIVE,yskn67
3,status,6,VILLAGER,ALIVE,TRKOkami
3,status,7,BODYGUARD,ALIVE,cndl
3,status,8,VILLAGER,ALIVE,Udon
3,status,9,VILLAGER,ALIVE,marky
3,status,10,VILLAGER,ALIVE,Romanesco
3,status,11,VILLAGER,ALIVE,wasabi
3,status,12,WEREWOLF,ALIVE,Litt1eGirl
3,status,13,WEREWOLF,ALIVE,sonoda
3,status,14,VILLAGER,DEAD,cash
3,status,15,SEER,ALIVE,Serval
3,talk,0,0,13,VOTE Agent[15]
3,talk,1,0,15,DIVINED Agent[10] HUMAN
3,talk,2,0,6,Over
3,talk,3,0,8,VOTE Agent[15]
3,talk,4,0,9,VOTE Agent[13]
3,talk,5,0,12,VOTE Agent[10]
3,talk,6,0,1,DIVINED Agent[10] WEREWOLF
3,talk,7,0,11,Skip
3,talk,8,0,5,ESTIMATE Agent[13] WEREWOLF
3,talk,9,0,3,VOTE Agent[08]
3,talk,10,0,10,VOTE Agent[13]
3,talk,11,0,7,VOTE Agent[13]
3,talk,12,1,9,Skip
3,talk,13,1,12,VOTE Agent[01]
3,talk,14,1,3,Skip
3,talk,15,1,8,VOTE Agent[13]
3,talk,16,1,13,Skip
3,talk,17,1,6,Over
3,talk,18,1,10,Skip
3,talk,19,1,11,Skip
3,talk,20,1,1,VOTE Agent[15]
3,talk,21,1,7,ESTIMATE Agent[13] WEREWOLF
3,talk,22,1,5,VOTE Agent[13]
3,talk,23,1,15,VOTE Agent[13]
3,talk,24,2,13,Skip
3,talk,25,2,8,Over
3,talk,26,2,3,Skip
3,talk,27,2,15,Over
3,talk,28,2,7,Skip
3,talk,29,2,5,Skip
3,talk,30,2,11,Over
3,talk,31,2,6,VOTE Agent[10]
3,talk,32,2,10,Skip
3,talk,33,2,12,Over
3,talk,34,2,9,Skip
3,talk,35,2,1,Skip
3,talk,36,3,10,Over
3,talk,37,3,3,Over
3,talk,38,3,12,Over
3,talk,39,3,8,Over
3,talk,40,3,5,Skip
3,talk,41,3,9,Over
3,talk,42,3,6,Over
3,talk,43,3,11,VOTE Agent[10]
3,talk,44,3,7,Skip
3,talk,45,3,13,Over
3,talk,46,3,1,Skip
3,talk,47,3,15,Over
3,talk,48,4,5,Over
3,talk,49,4,13,Over
3,talk,50,4,12,Over
3,talk,51,4,7,Over
3,talk,52,4,8,Over
3,talk,53,4,3,VOTE Agent[13]
3,talk,54,4,9,Over
3,talk,55,4,11,ESTIMATE Agent[06] VILLAGER
3,talk,56,4,1,Over
3,talk,57,4,10,Over
3,talk,58,4,15,Over
3,talk,59,4,6,Over
3,talk,60,5,7,Over
3,talk,61,5,10,Over
3,talk,62,5,12,Over
3,talk,63,5,8,Over
3,talk,64,5,11,ESTIMATE Agent[03] VILLAGER
3,talk,65,5,1,Over
3,talk,66,5,6,Over
3,talk,67,5,13,Over
3,talk,68,5,3,Skip
3,talk,69,5,5,Over
3,talk,70,5,9,Over
3,talk,71,5,15,Over
3,talk,72,6,11,ESTIMATE Agent[13] WEREWOLF
3,talk,73,6,8,Over
3,talk,74,6,15,Over
3,talk,75,6,13,Over
3,talk,76,6,12,Over
3,talk,77,6,10,Over
3,talk,78,6,7,Over
3,talk,79,6,3,Skip
3,talk,80,6,5,Over
3,talk,81,6,9,Over
3,talk,82,6,6,Over
3,talk,83,6,1,Over
3,talk,84,7,7,Over
3,talk,85,7,15,Over
3,talk,86,7,1,Over
3,talk,87,7,9,Over
3,talk,88,7,3,Over
3,talk,89,7,13,Over
3,talk,90,7,11,VOTE Agent[13]
3,talk,91,7,8,Over
3,talk,92,7,12,ESTIMATE Agent[01] WEREWOLF
3,talk,93,7,6,Over
3,talk,94,7,5,Over
3,talk,95,7,10,Over
3,talk,96,8,1,Over
3,talk,97,8,7,Over
3,talk,98,8,8,Over
3,talk,99,8,9,Over
3,talk,100,8,5,Over
3,talk,101,8,13,Over
3,talk,102,8,11,ESTIMATE Agent[05] VILLAGER
3,talk,103,8,3,Over
3,talk,104,8,15,Over
3,talk,105,8,12,Over
3,talk,106,8,10,Over
3,talk,107,8,6,Over
3,talk,108,9,15,Over
3,talk,109,9,6,Over
3,talk,110,9,9,Over
3,talk,111,9,12,Over
3,talk,112,9,3,Over
3,talk,113,9,11,Over
3,talk,114,9,13,Over
3,talk,115,9,10,Over
3,talk,116,9,8,Over
3,talk,117,9,5,Over
3,talk,118,9,1,Over
3,talk,119,9,7,Over
3,vote,1,15
3,vote,3,13
3,vote,5,13
3,vote,6,10
3,vote,7,13
3,vote,8,13
3,vote,9,13
3,vote,10,13
3,vote,11,13
3,vote,12,1
3,vote,13,15
3,vote,15,10
3,execute,13,WEREWOLF
3,divine,15,3,HUMAN
3,whisper,0,0,12,ATTACK Agent[15]
3,whisper,1,0,5,Skip
3,whisper,2,1,5,Skip
3,whisper,3,1,12,ESTIMATE Agent[15] SEER
3,whisper,4,2,5,Over
3,whisper,5,2,12,ESTIMATE Agent[04] MEDIUM
3,whisper,6,3,12,ESTIMATE Agent[01] POSSESSED
3,whisper,7,3,5,Over
3,whisper,8,4,5,Over
3,whisper,9,4,12,Over
3,guard,7,15,SEER
3,attackVote,5,10
3,attackVote,12,15
3,attackVote,5,10
3,attackVote,12,15
3,attack,10,true
4,status,1,POSSESSED,ALIVE,f6wbl6
4,status,2,VILLAGER,DEAD,WolfKing
4,status,3,VILLAGER,ALIVE,WordWolf
4,status,4,MEDIUM,DEAD,spicy2
4,status,5,WEREWOLF,ALIVE,yskn67
4,status,6,VILLAGER,ALIVE,TRKOkami
4,status,7,BODYGUARD,ALIVE,cndl
4,status,8,VILLAGER,ALIVE,Udon
4,status,9,VILLAGER,ALIVE,marky
4,status,10,VILLAGER,DEAD,Romanesco
4,status,11,VILLAGER,ALIVE,wasabi
4,status,12,WEREWOLF,ALIVE,Litt1eGirl
4,status,13,WEREWOLF,DEAD,sonoda
4,status,14,VILLAGER,DEAD,cash
4,status,15,SEER,ALIVE,Serval
4,talk,0,0,6,Over
4,talk,1,0,11,Skip
4,talk,2,0,5,ESTIMATE Agent[06] WEREWOLF
4,talk,3,0,3,VOTE Agent[01]
4,talk,4,0,1,VOTE Agent[15]
4,talk,5,0,9,VOTE Agent[12]
4,talk,6,0,15,DIVINED Agent[03] HUMAN
4,talk,7,0,7,VOTE Agent[12]
4,talk,8,0,12,VOTE Agent[01]
4,talk,9,0,8,VOTE Agent[01]
4,talk,10,1,5,VOTE Agent[06]
4,talk,11,1,12,ESTIMATE Agent[01] WEREWOLF
4,talk,12,1,8,Over
4,talk,13,1,6,Over
4,talk,14,1,9,Skip
4,talk,15,1,7,ESTIMATE Agent[05] VILLAGER
4,talk,16,1,3,Skip
4,talk,17,1,1,Skip
4,talk,18,1,11,ESTIMATE Agent[01] WEREWOLF
4,talk,19,1,15,AGREE TALK day1 ID:4
4,talk,20,2,8,Over
4,talk,21,2,9,Skip
4,talk,22,2,7,Skip
4,talk,23,2,3,Skip
4,talk,24,2,6,VOTE Agent[11]
4,talk,25,2,5,Skip
4,talk,26,2,1,Skip
4,talk,27,2,15,Over
4,talk,28,2,11,ESTIMATE Agent[12] VILLAGER
4,talk,29,2,12,Over
4,talk,30,3,12,Over
4,talk,31,3,8,Over
4,talk,32,3,7,Skip
4,talk,33,3,3,Over
4,talk,34,3,1,Over
4,talk,35,3,11,VOTE Agent[12]
4,talk,36,3,15,VOTE Agent[01]
4,talk,37,3,9,Over
4,talk,38,3,5,Skip
4,talk,39,3,6,Over
4,talk,40,4,12,Over
4,talk,41,4,3,Over
4,talk,42,4,15,Over
4,talk,43,4,5,Over
4,talk,44,4,8,Over
4,talk,45,4,11,ESTIMATE Agent[15] SEER
4,talk,46,4,1,Over
4,talk,47,4,9,Over
4,talk,48,4,6,Over
4,talk,49,4,7,Over
4,talk,50,5,6,Over
4,talk,51,5,5,Over
4,talk,52,5,8,Over
4,talk,53,5,7,Over
4,talk,54,5,12,ESTIMATE Agent[01] WEREWOLF
4,talk,55,5,15,Over
4,talk,56,5,11,ESTIMATE Agent[01] WEREWOLF
4,talk,57,5,3,Over
4,talk,58,5,9,Over
4,talk,59,5,1,Over
4,talk,60,6,8,Over
4,talk,61,6,7,Over
4,talk,62,6,15,Over
4,talk,63,6,9,Over
4,talk,64,6,5,Over
4,talk,65,6,3,Over
4,talk,66,6,12,Over
4,talk,67,6,1,Over
4,talk,68,6,11,ESTIMATE Agent[01] WEREWOLF
4,talk,69,6,6,Over
4,talk,70,7,5,Over
4,talk,71,7,8,Over
4,talk,72,7,3,Over
4,talk,73,7,7,Over
4,talk,74,7,12,Over
4,talk,75,7,1,Over
4,talk,76,7,15,Over
4,talk,77,7,6,Over
4,talk,78,7,11,Skip
4,talk,79,7,9,Over
4,talk,80,8,15,Over
4,talk,81,8,12,ESTIMATE Agent[07] VILLAGER
4,talk,82,8,1,Over
4,talk,83,8,6,Over
4,talk,84,8,9,Over
4,talk,85,8,5,Over
4,talk,86,8,11,ESTIMATE Agent[01] WEREWOLF
4,talk,87,8,3,Over
4,talk,88,8,7,Over
4,talk,89,8,8,Over
4,talk,90,9,8,Over
4,talk,91,9,12,Over
4,talk,92,9,3,Over
4,talk,93,9,15,Over
4,talk,94,9,1,Over
4,talk,95,9,9,Over
4,talk,96,9,7,Over
4,talk,97,9,5,Over
4,talk,98,9,11,Over
4,talk,99,9,6,Over
4,vote,1,15
4,vote,3,1
4,vote,5,6
4,vote,6,11
4,vote,7,12
4,vote,8,1
4,vote,9,12
4,vote,11,12
4,vote,12,1
4,vote,15,6
4,vote,1,15
4,vote,3,6
4,vote,5,6
4,vote,6,5
4,vote,7,12
4,vote,8,1
4,vote,9,12
4,vote,11,12
4,vote,12,1
4,vote,15,5
4,execute,12,WEREWOLF
4,divine,15,9,HUMAN
4,guard,7,15,SEER
4,attackVote,5,15
4,attack,15,false
5,status,1,POSSESSED,ALIVE,f6wbl6
5,status,2,VILLAGER,DEAD,WolfKing
5,status,3,VILLAGER,ALIVE,WordWolf
5,status,4,MEDIUM,DEAD,spicy2
5,status,5,WEREWOLF,ALIVE,yskn67
5,status,6,VILLAGER,ALIVE,TRKOkami
5,status,7,BODYGUARD,ALIVE,cndl
5,status,8,VILLAGER,ALIVE,Udon
5,status,9,VILLAGER,ALIVE,marky
5,status,10,VILLAGER,DEAD,Romanesco
5,status,11,VILLAGER,ALIVE,wasabi
5,status,12,WEREWOLF,DEAD,Litt1eGirl
5,status,13,WEREWOLF,DEAD,sonoda
5,status,14,VILLAGER,DEAD,cash
5,status,15,SEER,ALIVE,Serval
5,talk,0,0,9,VOTE Agent[08]
5,talk,1,0,5,ESTIMATE Agent[06] WEREWOLF
5,talk,2,0,3,VOTE Agent[01]
5,talk,3,0,6,Over
5,talk,4,0,7,VOTE Agent[05]
5,talk,5,0,8,VOTE Agent[01]
5,talk,6,0,15,DIVINED Agent[09] HUMAN
5,talk,7,0,1,VOTE Agent[03]
5,talk,8,0,11,ESTIMATE Agent[08] VILLAGER
5,talk,9,1,8,Over
5,talk,10,1,15,VOTE Agent[01]
5,talk,11,1,3,Skip
5,talk,12,1,5,VOTE Agent[06]
5,talk,13,1,6,Over
5,talk,14,1,11,Skip
5,talk,15,1,7,VOTE Agent[01]
5,talk,16,1,9,VOTE Agent[01]
5,talk,17,1,1,Skip
5,talk,18,2,11,ESTIMATE Agent[05] WEREWOLF
5,talk,19,2,7,ESTIMATE Agent[05] VILLAGER
5,talk,20,2,5,Skip
5,talk,21,2,1,Skip
5,talk,22,2,15,Over
5,talk,23,2,9,Skip
5,talk,24,2,8,Over
5,talk,25,2,6,VOTE Agent[11]
5,talk,26,2,3,Skip
5,talk,27,3,8,Over
5,talk,28,3,6,AGREE TALK day5 ID:25
5,talk,29,3,1,Over
5,talk,30,3,15,Over
5,talk,31,3,11,VOTE Agent[06]
5,talk,32,3,7,Skip
5,talk,33,3,9,Skip
5,talk,34,3,5,Skip
5,talk,35,3,3,Over
5,talk,36,4,6,Skip
5,talk,37,4,9,Over
5,talk,38,4,11,ESTIMATE Agent[08] WEREWOLF
5,talk,39,4,7,Skip
5,talk,40,4,8,Over
5,talk,41,4,1,Over
5,talk,42,4,5,Over
5,talk,43,4,15,Over
5,talk,44,4,3,Over
5,talk,45,5,15,Over
5,talk,46,5,6,Over
5,talk,47,5,9,Over
5,talk,48,5,1,Over
5,talk,49,5,3,Over
5,talk,50,5,7,Over
5,talk,51,5,11,REQUEST(VOTE Agent[06])
5,talk,52,5,5,Over
5,talk,53,5,8,Over
5,talk,54,6,3,Over
5,talk,55,6,5,Over
5,talk,56,6,7,Over
5,talk,57,6,15,Over
5,talk,58,6,11,ESTIMATE Agent[01] WEREWOLF
5,talk,59,6,9,Over
5,talk,60,6,6,Over
5,talk,61,6,8,Over
5,talk,62,6,1,Over
5,talk,63,7,15,Over
5,talk,64,7,8,Over
5,talk,65,7,6,Over
5,talk,66,7,7,Over
5,talk,67,7,1,Over
5,talk,68,7,9,Over
5,talk,69,7,3,Over
5,talk,70,7,11,ESTIMATE Agent[09] VILLAGER
5,talk,71,7,5,Over
5,talk,72,8,15,Over
5,talk,73,8,11,ESTIMATE Agent[06] WEREWOLF
5,talk,74,8,8,Over
5,talk,75,8,3,Over
5,talk,76,8,1,Over
5,talk,77,8,9,Over
5,talk,78,8,7,Over
5,talk,79,8,5,Over
5,talk,80,8,6,Over
5,talk,81,9,7,Over
5,talk,82,9,15,Over
5,talk,83,9,11,Over
5,talk,84,9,9,Over
5,talk,85,9,3,Over
5,talk,86,9,5,Over
5,talk,87,9,1,Over
5,talk,88,9,6,Over
5,talk,89,9,8,Over
5,vote,1,3
5,vote,3,1
5,vote,5,6
5,vote,6,11
5,vote,7,1
5,vote,8,1
5,vote,9,1
5,vote,11,6
5,vote,15,11
5,execute,1,POSSESSED
5,divine,15,8,HUMAN
5,guard,7,15,SEER
5,attackVote,5,15
5,attack,15,false
6,status,1,POSSESSED,DEAD,f6wbl6
6,status,2,VILLAGER,DEAD,WolfKing
6,status,3,VILLAGER,ALIVE,WordWolf
6,status,4,MEDIUM,DEAD,spicy2
6,status,5,WEREWOLF,ALIVE,yskn67
6,status,6,VILLAGER,ALIVE,TRKOkami
6,status,7,BODYGUARD,ALIVE,cndl
6,status,8,VILLAGER,ALIVE,Udon
6,status,9,VILLAGER,ALIVE,marky
6,status,10,VILLAGER,DEAD,Romanesco
6,status,11,VILLAGER,ALIVE,wasabi
6,status,12,WEREWOLF,DEAD,Litt1eGirl
6,status,13,WEREWOLF,DEAD,sonoda
6,status,14,VILLAGER,DEAD,cash
6,status,15,SEER,ALIVE,Serval
6,talk,0,0,11,ESTIMATE Agent[06] WEREWOLF
6,talk,1,0,15,DIVINED Agent[08] HUMAN
6,talk,2,0,5,ESTIMATE Agent[06] WEREWOLF
6,talk,3,0,6,Over
6,talk,4,0,7,VOTE Agent[05]
6,talk,5,0,8,VOTE Agent[07]
6,talk,6,0,3,Skip
6,talk,7,0,9,VOTE Agent[05]
6,talk,8,1,11,Skip
6,talk,9,1,5,VOTE Agent[06]
6,talk,10,1,9,Skip
6,talk,11,1,8,Over
6,talk,12,1,7,ESTIMATE Agent[06] VILLAGER
6,talk,13,1,3,Skip
6,talk,14,1,6,Over
6,talk,15,1,15,AGREE TALK day1 ID:4
6,talk,16,2,7,Skip
6,talk,17,2,6,VOTE Agent[05]
6,talk,18,2,5,Skip
6,talk,19,2,3,Over
6,talk,20,2,9,Skip
6,talk,21,2,8,Over
6,talk,22,2,11,ESTIMATE Agent[08] VILLAGER
6,talk,23,2,15,Over
6,talk,24,3,8,VOTE Agent[05]
6,talk,25,3,9,Over
6,talk,26,3,7,Skip
6,talk,27,3,11,VOTE Agent[07]
6,talk,28,3,6,AGREE TALK day6 ID:17
6,talk,29,3,5,Skip
6,talk,30,3,15,VOTE Agent[09]
6,talk,31,3,3,Over
6,talk,32,4,11,Skip
6,talk,33,4,5,Over
6,talk,34,4,9,Over
6,talk,35,4,7,Over
6,talk,36,4,3,VOTE Agent[05]
6,talk,37,4,15,Over
6,talk,38,4,8,Over
6,talk,39,4,6,AGREE TALK day6 ID:27
6,talk,40,5,6,Over
6,talk,41,5,11,VOTE Agent[05]
6,talk,42,5,15,Over
6,talk,43,5,9,Over
6,talk,44,5,7,Over
6,talk,45,5,8,Over
6,talk,46,5,3,Skip
6,talk,47,5,5,Over
6,talk,48,6,5,Over
6,talk,49,6,6,Over
6,talk,50,6,15,Over
6,talk,51,6,9,Over
6,talk,52,6,8,Over
6,talk,53,6,11,ESTIMATE Agent[03] VILLAGER
6,talk,54,6,3,Skip
6,talk,55,6,7,Over
6,talk,56,7,7,Over
6,talk,57,7,9,Over
6,talk,58,7,11,ESTIMATE Agent[03] VILLAGER
6,talk,59,7,15,Over
6,talk,60,7,6,Over
6,talk,61,7,8,Over
6,talk,62,7,5,Over
6,talk,63,7,3,Over
6,talk,64,8,6,Over
6,talk,65,8,11,ESTIMATE Agent[05] WEREWOLF
6,talk,66,8,7,Over
6,talk,67,8,3,Over
6,talk,68,8,9,Over
6,talk,69,8,5,Over
6,talk,70,8,15,Over
6,talk,71,8,8,Over
6,talk,72,9,6,Over
6,talk,73,9,3,Over
6,talk,74,9,5,Over
6,talk,75,9,15,Over
6,talk,76,9,8,Over
6,talk,77,9,9,Over
6,talk,78,9,11,Over
6,talk,79,9,7,Over
6,vote,3,5
6,vote,5,6
6,vote,6,5
6,vote,7,5
6,vote,8,5
6,vote,9,5
6,vote,11,5
6,vote,15,5
6,execute,5,WEREWOLF
6,divine,15,11,HUMAN
6,guard,7,15,SEER
7,status,1,POSSESSED,DEAD,f6wbl6
7,status,2,VILLAGER,DEAD,WolfKing
7,status,3,VILLAGER,ALIVE,WordWolf
7,status,4,MEDIUM,DEAD,spicy2
7,status,5,WEREWOLF,DEAD,yskn67
7,status,6,VILLAGER,ALIVE,TRKOkami
7,status,7,BODYGUARD,ALIVE,cndl
7,status,8,VILLAGER,ALIVE,Udon
7,status,9,VILLAGER,ALIVE,marky
7,status,10,VILLAGER,DEAD,Romanesco
7,status,11,VILLAGER,ALIVE,wasabi
7,status,12,WEREWOLF,DEAD,Litt1eGirl
7,status,13,WEREWOLF,DEAD,sonoda
7,status,14,VILLAGER,DEAD,cash
7,status,15,SEER,ALIVE,Serval
7,result,7,0,VILLAGER
