0,status,1,BODYGUARD,ALIVE,f6wbl6
0,status,2,VILLAGER,ALIVE,WolfKing
0,status,3,SEER,ALIVE,WordWolf
0,status,4,VILLAGER,ALIVE,spicy2
0,status,5,POSSESSED,ALIVE,yskn67
0,status,6,VILLAGER,ALIVE,TRKOkami
0,status,7,VILLAGER,ALIVE,cndl
0,status,8,WEREWOLF,ALIVE,Udon
0,status,9,MEDIUM,ALIVE,marky
0,status,10,WEREWOLF,ALIVE,Romanesco
0,status,11,VILLAGER,ALIVE,wasabi
0,status,12,VILLAGER,ALIVE,Litt1eGirl
0,status,13,WEREWOLF,ALIVE,sonoda
0,status,14,VILLAGER,ALIVE,cash
0,status,15,VILLAGER,ALIVE,Serval
0,whisper,0,0,13,Skip
0,whisper,1,0,10,COMINGOUT Agent[10] VILLAGER
0,whisper,2,0,8,Over
0,whisper,3,1,13,Skip
0,whisper,4,1,8,Over
0,whisper,5,1,10,Skip
0,whisper,6,2,10,Skip
0,whisper,7,2,8,Over
0,whisper,8,2,13,Over
0,whisper,9,3,10,Over
0,whisper,10,3,13,Over
0,whisper,11,3,8,Over
0,divine,3,12,HUMAN
1,status,1,BODYGUARD,ALIVE,f6wbl6
1,status,2,VILLAGER,ALIVE,WolfKing
1,status,3,SEER,ALIVE,WordWolf
1,status,4,VILLAGER,ALIVE,spicy2
1,status,5,POSSESSED,ALIVE,yskn67
1,status,6,VILLAGER,ALIVE,TRKOkami
1,status,7,VILLAGER,ALIVE,cndl
1,status,8,WEREWOLF,ALIVE,Udon
1,status,9,MEDIUM,ALIVE,marky
1,status,10,WEREWOLF,ALIVE,Romanesco
1,status,11,VILLAGER,ALIVE,wasabi
1,status,12,VILLAGER,ALIVE,Litt1eGirl
1,status,13,WEREWOLF,ALIVE,sonoda
1,status,14,VILLAGER,ALIVE,cash
1,status,15,VILLAGER,ALIVE,Serval
1,talk,0,0,12,VOTE Agent[10]
1,talk,1,0,8,VOTE Agent[01]
1,talk,2,0,11,ESTIMATE Agent[13] VILLAGER
1,talk,3,0,1,VOTE Agent[12]
1,talk,4,0,5,COMINGOUT Agent[05] SEER
1,talk,5,0,3,COMINGOUT Agent[03] SEER
1,talk,6,0,7,VOTE Agent[01]
1,talk,7,0,2,VOTE Agent[01]
1,talk,8,0,6,Over
1,talk,9,0,9,COMINGOUT Agent[09] MEDIUM
1,talk,10,0,14,VOTE Agent[02]
1,talk,11,0,10,VOTE Agent[01]
1,talk,12,0,13,VOTE Agent[01]
1,talk,13,0,15,Skip
1,talk,14,0,4,VOTE Agent[01]
1,talk,15,1,3,DIVINED Agent[12] HUMAN
1,talk,16,1,10,Skip
1,talk,17,1,15,VOTE Agent[14]
1,talk,18,1,8,Over
1,talk,19,1,6,Over
1,talk,20,1,13,Skip
1,talk,21,1,4,Skip
1,talk,22,1,9,VOTE Agent[02]
1,talk,23,1,11,ESTIMATE Agent[03] WEREWOLF
1,talk,24,1,7,VOTE Agent[14]
1,talk,25,1,2,VOTE Agent[12]
1,talk,26,1,14,VOTE Agent[06]
1,talk,27,1,1,VOTE Agent[02]
1,talk,28,1,5,DIVINED Agent[06] HUMAN
1,talk,29,1,12,VOTE Agent[01]
1,talk,30,2,3,VOTE Agent[01]
1,talk,31,2,1,VOTE Agent[04]
1,talk,32,2,7,VOTE Agent[01]
1,talk,33,2,8,Over
1,talk,34,2,13,VOTE Agent[11]
1,talk,35,2,6,VOTE Agent[07]
1,talk,36,2,15,Over
1,talk,37,2,12,ESTIMATE Agent[01] WEREWOLF
1,talk,38,2,2,VOTE Agent[04]
1,talk,39,2,10,Skip
1,talk,40,2,9,VOTE Agent[04]
1,talk,41,2,5,ESTIMATE Agent[03] WEREWOLF
1,talk,42,2,4,Skip
1,talk,43,2,14,Skip
1,talk,44,2,11,ESTIMATE Agent[15] WEREWOLF
1,talk,45,3,9,VOTE Agent[14]
1,talk,46,3,2,VOTE Agent[14]
1,talk,47,3,15,Over
1,talk,48,3,7,Skip
1,talk,49,3,5,VOTE Agent[03]
1,talk,50,3,4,Over
1,talk,51,3,3,VOTE Agent[05]
1,talk,52,3,10,Over
1,talk,53,3,8,Over
1,talk,54,3,13,Skip
1,talk,55,3,11,VOTE Agent[01]
1,talk,56,3,14,VOTE Agent[09]
1,talk,57,3,12,Over
1,talk,58,3,1,Skip
1,talk,59,3,6,Over
1,talk,60,4,1,Skip
1,talk,61,4,14,Skip
1,talk,62,4,15,Over
1,talk,63,4,11,ESTIMATE Agent[05] WEREWOLF
1,talk,64,4,6,AGREE TALK day1 ID:55
1,talk,65,4,8,Over
1,talk,66,4,5,Skip
1,talk,67,4,12,ESTIMATE Agent[01] WEREWOLF
1,talk,68,4,7,Skip
1,talk,69,4,9,VOTE Agent[04]
1,talk,70,4,3,VOTE Agent[01]
1,talk,71,4,4,Over
1,talk,72,4,10,Over
1,talk,73,4,13,Skip
1,talk,74,4,2,VOTE Agent[04]
1,talk,75,5,14,VOTE Agent[12]
1,talk,76,5,13,Over
1,talk,77,5,6,Over
1,talk,78,5,8,Over
1,talk,79,5,12,Over
1,talk,80,5,15,Over
1,talk,81,5,1,Over
1,talk,82,5,11,ESTIMATE Agent[12] VILLAGER
1,talk,83,5,7,Over
1,talk,84,5,5,Skip
1,talk,85,5,4,Over
1,talk,86,5,3,Skip
1,talk,87,5,10,Over
1,talk,88,5,9,Skip
1,talk,89,5,2,Skip
1,talk,90,6,9,Skip
1,talk,91,6,1,Over
1,talk,92,6,7,Over
1,talk,93,6,15,Over
1,talk,94,6,5,Over
1,talk,95,6,11,Skip
1,talk,96,6,12,Over
1,talk,97,6,3,Skip
1,talk,98,6,2,Skip
1,talk,99,6,13,Over
1,talk,100,6,8,Over
1,talk,101,6,14,Skip
1,talk,102,6,10,Over
1,talk,103,6,6,Over
1,talk,104,6,4,Over
1,talk,105,7,12,ESTIMATE Agent[08] VILLAGER
1,talk,106,7,9,Over
1,talk,107,7,6,Over
1,talk,108,7,13,Over
1,talk,109,7,4,Over
1,talk,110,7,8,Over
1,talk,111,7,7,Over
1,talk,112,7,10,Over
1,talk,113,7,14,Skip
1,talk,114,7,2,Over
1,talk,115,7,1,Over
1,talk,116,7,5,Over
1,talk,117,7,15,Over
1,talk,118,7,3,Over
1,talk,119,7,11,VOTE Agent[04]
1,talk,120,8,15,Over
1,talk,121,8,11,ESTIMATE Agent[12] VILLAGER
1,talk,122,8,12,Over
1,talk,123,8,2,Over
1,talk,124,8,5,Over
1,talk,125,8,14,VOTE Agent[09]
1,talk,126,8,1,Over
1,talk,127,8,4,Over
1,talk,128,8,7,Over
1,talk,129,8,6,Over
1,talk,130,8,8,Over
1,talk,131,8,9,Over
1,talk,132,8,10,Over
1,talk,133,8,13,Over
1,talk,134,8,3,Over
1,talk,135,9,14,Skip
1,talk,136,9,1,Over
1,talk,137,9,5,Over
1,talk,138,9,15,Over
1,talk,139,9,9,Over
1,talk,140,9,11,Over
1,talk,141,9,3,Over
1,talk,142,9,7,Over
1,talk,143,9,13,Over
1,talk,144,9,12,Over
1,talk,145,9,10,Over
1,talk,146,9,6,Over
1,talk,147,9,8,Over
1,talk,148,9,2,Over
1,talk,149,9,4,Over
1,talk,150,10,8,Over
1,talk,151,10,13,Over
1,talk,152,10,15,Over
1,talk,153,10,14,Over
1,talk,154,10,2,Over
1,talk,155,10,4,Over
1,talk,156,10,3,Over
1,talk,157,10,6,Over
1,talk,158,10,5,Over
1,talk,159,10,10,Over
1,talk,160,10,11,Over
1,talk,161,10,7,Over
1,talk,162,10,12,Over
1,talk,163,10,1,Over
1,talk,164,10,9,Over
1,vote,1,4
1,vote,2,4
1,vote,3,1
1,vote,4,1
1,vote,5,3
1,vote,6,7
1,vote,7,1
1,vote,8,1
1,vote,9,4
1,vote,10,1
1,vote,11,4
1,vote,12,1
1,vote,13,11
1,vote,14,9
1,vote,15,7
1,execute,1,BODYGUARD
1,divine,3,14,HUMAN
1,whisper,0,0,10,ATTACK Agent[04]
1,whisper,1,0,13,Skip
1,whisper,2,0,8,Over
1,whisper,3,1,10,Skip
1,whisper,4,1,13,Skip
1,whisper,5,1,8,Over
1,whisper,6,2,10,Skip
1,whisper,7,2,8,Over
1,whisper,8,2,13,Over
1,whisper,9,3,10,Over
1,whisper,10,3,13,Over
1,whisper,11,3,8,Over
1,attackVote,8,3
1,attackVote,10,4
1,attackVote,13,9
1,attackVote,8,3
1,attackVote,10,4
1,attackVote,13,9
1,attack,3,true
2,status,1,BODYGUARD,DEAD,f6wbl6
2,status,2,VILLAGER,ALIVE,WolfKing
2,status,3,SEER,DEAD,WordWolf
2,status,4,VILLAGER,ALIVE,spicy2
2,status,5,POSSESSED,ALIVE,yskn67
2,status,6,VILLAGER,ALIVE,TRKOkami
2,status,7,VILLAGER,ALIVE,cndl
2,status,8,WEREWOLF,ALIVE,Udon
2,status,9,MEDIUM,ALIVE,marky
2,status,10,WEREWOLF,ALIVE,Romanesco
2,status,11,VILLAGER,ALIVE,wasabi
2,status,12,VILLAGER,ALIVE,Litt1eGirl
2,status,13,WEREWOLF,ALIVE,sonoda
2,status,14,VILLAGER,ALIVE,cash
2,status,15,VILLAGER,ALIVE,Serval
2,talk,0,0,12,VOTE Agent[13]
2,talk,1,0,10,VOTE Agent[04]
2,talk,2,0,6,Over
2,talk,3,0,14,VOTE Agent[09]
2,talk,4,0,8,VOTE Agent[02]
2,talk,5,0,4,VOTE Agent[02]
2,talk,6,0,9,IDENTIFIED Agent[01] HUMAN
2,talk,7,0,7,VOTE Agent[14]
2,talk,8,0,11,ESTIMATE Agent[15] WEREWOLF
2,talk,9,0,5,DIVINED Agent[14] HUMAN
2,talk,10,0,13,VOTE Agent[14]
2,talk,11,0,2,VOTE Agent[04]
2,talk,12,0,15,Skip
2,talk,13,1,12,VOTE Agent[02]
2,talk,14,1,14,Skip
2,talk,15,1,4,Skip
2,talk,16,1,9,VOTE Agent[02]
2,talk,17,1,8,VOTE Agent[04]
2,talk,18,1,11,ESTIMATE Agent[12] VILLAGER
2,talk,19,1,15,AGREE TALK day1 ID:3
2,talk,20,1,13,VOTE Agent[02]
2,talk,21,1,6,Over
2,talk,22,1,7,ESTIMATE Agent[04] VILLAGER
2,talk,23,1,10,Skip
2,talk,24,1,5,ESTIMATE Agent[08] WEREWOLF
2,talk,25,1,2,Skip
2,talk,26,2,7,VOTE Agent[02]
2,talk,27,2,15,Over
2,talk,28,2,11,Skip
2,talk,29,2,4,Skip
2,talk,30,2,14,Skip
2,talk,31,2,12,Over
2,talk,32,2,9,Skip
2,talk,33,2,2,Skip
2,talk,34,2,10,VOTE Agent[02]
2,talk,35,2,13,Skip
2,talk,36,2,6,VOTE Agent[08]
2,talk,37,2,5,VOTE Agent[08]
2,talk,38,2,8,Over
2,talk,39,3,2,Over
2,talk,40,3,5,Skip
2,talk,41,3,14,Over
2,talk,42,3,15,VOTE Agent[14]
2,talk,43,3,4,Over
2,talk,44,3,9,Skip
2,talk,45,3,12,Over
2,talk,46,3,10,Skip
2,talk,47,3,13,Skip
2,talk,48,3,11,VOTE Agent[02]
2,talk,49,3,8,VOTE Agent[02]
2,talk,50,3,7,Skip
2,talk,51,3,6,AGREE TALK day2 ID:37
2,talk,52,4,4,Over
2,talk,53,4,5,Skip
2,talk,54,4,9,Over
2,talk,55,4,12,Over
2,talk,56,4,2,Over
2,talk,57,4,11,Skip
2,talk,58,4,8,Over
2,talk,59,4,10,Skip
2,talk,60,4,13,Over
2,talk,61,4,7,Skip
2,talk,62,4,6,AGREE TALK day2 ID:49
2,talk,63,4,15,Over
2,talk,64,4,14,Over
2,talk,65,5,12,Over
2,talk,66,5,6,Over
2,talk,67,5,5,Over
2,talk,68,5,15,Over
2,talk,69,5,7,Over
2,talk,70,5,9,Over
2,talk,71,5,14,Over
2,talk,72,5,11,Skip
2,talk,73,5,4,Over
2,talk,74,5,10,Over
2,talk,75,5,8,Over
2,talk,76,5,2,Over
2,talk,77,5,13,Over
2,talk,78,6,6,Over
2,talk,79,6,8,Over
2,talk,80,6,7,Over
2,talk,81,6,12,Over
2,talk,82,6,2,Over
2,talk,83,6,15,Over
2,talk,84,6,10,Over
2,talk,85,6,4,Over
2,talk,86,6,14,Over
2,talk,87,6,9,Over
2,talk,88,6,5,Over
2,talk,89,6,11,ESTIMATE Agent[09] MEDIUM
2,talk,90,6,13,Over
2,talk,91,7,15,Over
2,talk,92,7,6,Over
2,talk,93,7,14,Over
2,talk,94,7,9,Over
2,talk,95,7,10,Over
2,talk,96,7,8,Over
2,talk,97,7,4,Over
2,talk,98,7,7,Over
2,talk,99,7,2,Over
2,talk,100,7,13,Over
2,talk,101,7,5,Over
2,talk,102,7,11,ESTIMATE Agent[06] VILLAGER
2,talk,103,7,12,Over
2,talk,104,8,5,Over
2,talk,105,8,13,Over
2,talk,106,8,15,Over
2,talk,107,8,10,Over
2,talk,108,8,6,Over
2,talk,109,8,14,Over
2,talk,110,8,4,Over
2,talk,111,8,11,Skip
2,talk,112,8,2,Over
2,talk,113,8,9,Over
2,talk,114,8,12,Over
2,talk,115,8,8,Over
2,talk,116,8,7,Over
2,talk,117,9,8,Over
2,talk,118,9,9,Over
2,talk,119,9,6,Over
2,talk,120,9,12,Over
2,talk,121,9,2,Over
2,talk,122,9,13,Over
2,talk,123,9,7,Over
2,talk,124,9,15,Over
2,talk,125,9,10,Over
2,talk,126,9,14,Over
2,talk,127,9,4,Over
2,talk,128,9,11,Over
2,talk,129,9,5,Over
2,vote,2,4
2,vote,4,2
2,vote,5,8
2,vote,6,8
2,vote,7,2
2,vote,8,2
2,vote,9,2
2,vote,10,2
2,vote,11,2
2,vote,12,2
2,vote,13,2
2,vote,14,9
2,vote,15,8
2,execute,2,VILLAGER
2,whisper,0,0,8,Over
2,whisper,1,0,13,Skip
2,whisper,2,0,10,ATTACK Agent[06]
2,whisper,3,1,13,Skip
2,whisper,4,1,8,Over
2,whisper,5,1,10,Skip
2,whisper,6,2,13,Over
2,whisper,7,2,10,Skip
2,whisper,8,2,8,Over
2,whisper,9,3,13,Over
2,whisper,10,3,8,Over
2,whisper,11,3,10,Over
2,attackVote,8,5
2,attackVote,10,6
2,attackVote,13,9
2,attackVote,8,5
2,attackVote,10,6
2,attackVote,13,9
2,attack,9,true
3,status,1,BODYGUARD,DEAD,f6wbl6
3,status,2,VILLAGER,DEAD,WolfKing
3,status,3,SEER,DEAD,WordWolf
3,status,4,VILLAGER,ALIVE,spicy2
3,status,5,POSSESSED,ALIVE,yskn67
3,status,6,VILLAGER,ALIVE,TRKOkami
3,status,7,VILLAGER,ALIVE,cndl
3,status,8,WEREWOLF,ALIVE,Udon
3,status,9,MEDIUM,DEAD,marky
3,status,10,WEREWOLF,ALIVE,Romanesco
3,status,11,VILLAGER,ALIVE,wasabi
3,status,12,VILLAGER,ALIVE,Litt1eGirl
3,status,13,WEREWOLF,ALIVE,sonoda
3,status,14,VILLAGER,ALIVE,cash
3,status,15,VILLAGER,ALIVE,Serval
3,talk,0,0,15,Skip
3,talk,1,0,10,VOTE Agent[06]
3,talk,2,0,11,ESTIMATE Agent[13] VILLAGER
3,talk,3,0,7,VOTE Agent[14]
3,talk,4,0,14,VOTE Agent[15]
3,talk,5,0,13,VOTE Agent[11]
3,talk,6,0,6,Over
3,talk,7,0,5,DIVINED Agent[10] HUMAN
3,talk,8,0,12,VOTE Agent[11]
3,talk,9,0,8,VOTE Agent[07]
3,talk,10,0,4,VOTE Agent[10]
3,talk,11,1,10,VOTE Agent[11]
3,talk,12,1,7,ESTIMATE Agent[14] WEREWOLF
3,talk,13,1,6,Over
3,talk,14,1,12,Over
3,talk,15,1,14,Skip
3,talk,16,1,11,ESTIMATE Agent[12] VILLAGER
3,talk,17,1,15,VOTE Agent[14]
3,talk,18,1,13,VOTE Agent[14]
3,talk,19,1,4,VOTE Agent[14]
3,talk,20,1,8,Over
3,talk,21,1,5,ESTIMATE Agent[12] WEREWOLF
3,talk,22,2,7,Skip
3,talk,23,2,11,ESTIMATE Agent[06] VILLAGER
3,talk,24,2,14,Skip
3,talk,25,2,15,Over
3,talk,26,2,4,Skip
3,talk,27,2,13,Skip
3,talk,28,2,10,VOTE Agent[14]
3,talk,29,2,8,VOTE Agent[14]
3,talk,30,2,5,VOTE Agent[12]
3,talk,31,2,12,VOTE Agent[14]
3,talk,32,2,6,VOTE Agent[10]
3,talk,33,3,11,VOTE Agent[14]
3,talk,34,3,10,Skip
3,talk,35,3,7,Skip
3,talk,36,3,8,Over
3,talk,37,3,13,Skip
3,talk,38,3,12,Over
3,talk,39,3,6,Over
3,talk,40,3,5,Skip
3,talk,41,3,4,Skip
3,talk,42,3,15,Over
3,talk,43,3,14,Over
3,talk,44,4,4,Over
3,talk,45,4,11,ESTIMATE Agent[14] VILLAGER
3,talk,46,4,5,Skip
3,talk,47,4,12,Over
3,talk,48,4,14,Over
3,talk,49,4,7,Over
3,talk,50,4,15,Over
3,talk,51,4,13,Over
3,talk,52,4,8,Over
3,talk,53,4,6,Skip
3,talk,54,4,10,Skip
3,talk,55,5,8,Over
3,talk,56,5,13,Over
3,talk,57,5,6,Over
3,talk,58,5,15,Over
3,talk,59,5,10,Over
3,talk,60,5,7,Over
3,talk,61,5,11,ESTIMATE Agent[05] WEREWOLF
3,talk,62,5,4,Over
3,talk,63,5,12,Over
3,talk,64,5,5,Over
3,talk,65,5,14,Over
3,talk,66,6,12,Over
3,talk,67,6,6,Over
3,talk,68,6,11,ESTIMATE Agent[04] WEREWOLF
3,talk,69,6,7,Over
3,talk,70,6,15,Over
3,talk,71,6,4,Over
3,talk,72,6,10,Over
3,talk,73,6,5,Over
3,talk,74,6,8,Over
3,talk,75,6,13,Over
3,talk,76,6,14,Over
3,talk,77,7,13,Over
3,talk,78,7,12,Over
3,talk,79,7,8,Over
3,talk,80,7,11,ESTIMATE Agent[06] VILLAGER
3,talk,81,7,10,Over
3,talk,82,7,6,Over
3,talk,83,7,4,Over
3,talk,84,7,14,Over
3,talk,85,7,15,Over
3,talk,86,7,5,Over
3,talk,87,7,7,Over
3,talk,88,8,4,Over
3,talk,89,8,13,Over
3,talk,90,8,14,Over
3,talk,91,8,5,Over
3,talk,92,8,8,Over
3,talk,93,8,12,Over
3,talk,94,8,7,Over
3,talk,95,8,11,VOTE Agent[07]
3,talk,96,8,15,Over
3,talk,97,8,10,Over
3,talk,98,8,6,Over
3,talk,99,9,11,Over
3,talk,100,9,8,Over
3,talk,101,9,6,Over
3,talk,102,9,7,Over
3,talk,103,9,14,Over
3,talk,104,9,13,Over
3,talk,105,9,5,Over
3,talk,106,9,4,Over
3,talk,107,9,10,Over
3,talk,108,9,12,Over
3,talk,109,9,15,Over
3,vote,4,14
3,vote,5,12
3,vote,6,10
3,vote,7,14
3,vote,8,14
3,vote,10,14
3,vote,11,7
3,vote,12,14
3,vote,13,14
3,vote,14,15
3,vote,15,10
3,execute,14,VILLAGER
3,whisper,0,0,10,ESTIMATE Agent[05] POSSESSED
3,whisper,1,0,8,Over
3,whisper,2,0,13,Skip
3,whisper,3,1,13,Skip
3,whisper,4,1,8,Over
3,whisper,5,1,10,ATTACK Agent[06]
3,whisper,6,2,8,Over
3,whisper,7,2,10,Skip
3,whisper,8,2,13,Over
3,whisper,9,3,8,Over
3,whisper,10,3,13,Over
3,whisper,11,3,10,Skip
3,whisper,12,4,10,Over
3,whisper,13,4,13,Over
3,whisper,14,4,8,Over
3,attackVote,8,12
3,attackVote,10,6
3,attackVote,8,12
3,attackVote,10,6
3,attack,12,true
4,status,1,BODYGUARD,DEAD,f6wbl6
4,status,2,VILLAGER,DEAD,WolfKing
4,status,3,SEER,DEAD,WordWolf
4,status,4,VILLAGER,ALIVE,spicy2
4,status,5,POSSESSED,ALIVE,yskn67
4,status,6,VILLAGER,ALIVE,TRKOkami
4,status,7,VILLAGER,ALIVE,cndl
4,status,8,WEREWOLF,ALIVE,Udon
4,status,9,MEDIUM,DEAD,marky
4,status,10,WEREWOLF,ALIVE,Romanesco
4,status,11,VILLAGER,ALIVE,wasabi
4,status,12,VILLAGER,DEAD,Litt1eGirl
4,status,13,WEREWOLF,ALIVE,sonoda
4,status,14,VILLAGER,DEAD,cash
4,status,15,VILLAGER,ALIVE,Serval
4,talk,0,0,5,DIVINED Agent[13] HUMAN
4,talk,1,0,7,VOTE Agent[10]
4,talk,2,0,4,VOTE Agent[05]
4,talk,3,0,6,Over
4,talk,4,0,8,VOTE Agent[05]
4,talk,5,0,15,Skip
4,talk,6,0,11,ESTIMATE Agent[05] WEREWOLF
4,talk,7,0,13,VOTE Agent[06]
4,talk,8,0,10,VOTE Agent[06]
4,talk,9,1,8,Over
4,talk,10,1,5,ESTIMATE Agent[08] WEREWOLF
4,talk,11,1,10,Skip
4,talk,12,1,15,VOTE Agent[13]
4,talk,13,1,11,ESTIMATE Agent[10] VILLAGER
4,talk,14,1,13,Skip
4,talk,15,1,7,ESTIMATE Agent[10] WEREWOLF
4,talk,16,1,6,Over
4,talk,17,1,4,Skip
4,talk,18,2,7,Skip
4,talk,19,2,13,Skip
4,talk,20,2,8,Over
4,talk,21,2,10,Skip
4,talk,22,2,5,VOTE Agent[08]
4,talk,23,2,15,Over
4,talk,24,2,4,Skip
4,talk,25,2,6,VOTE Agent[13]
4,talk,26,2,11,ESTIMATE Agent[06] VILLAGER
4,talk,27,3,13,Over
4,talk,28,3,10,Over
4,talk,29,3,5,Skip
4,talk,30,3,6,AGREE TALK day4 ID:22
4,talk,31,3,8,Over
4,talk,32,3,15,Over
4,talk,33,3,11,VOTE Agent[08]
4,talk,34,3,7,Skip
4,talk,35,3,4,Over
4,talk,36,4,11,ESTIMATE Agent[06] VILLAGER
4,talk,37,4,6,AGREE TALK day4 ID:33
4,talk,38,4,5,Skip
4,talk,39,4,10,Over
4,talk,40,4,15,Over
4,talk,41,4,7,VOTE Agent[08]
4,talk,42,4,13,Over
4,talk,43,4,4,Over
4,talk,44,4,8,Over
4,talk,45,5,7,Skip
4,talk,46,5,13,Over
4,talk,47,5,15,Over
4,talk,48,5,5,Over
4,talk,49,5,6,Over
4,talk,50,5,10,Over
4,talk,51,5,8,Over
4,talk,52,5,11,ESTIMATE Agent[07] WEREWOLF
4,talk,53,5,4,Over
4,talk,54,6,13,Over
4,talk,55,6,6,Over
4,talk,56,6,7,Skip
4,talk,57,6,4,Over
4,talk,58,6,15,Over
4,talk,59,6,11,ESTIMATE Agent[05] WEREWOLF
4,talk,60,6,5,Over
4,talk,61,6,10,Over
4,talk,62,6,8,Over
4,talk,63,7,11,REQUEST(VOTE Agent[08])
4,talk,64,7,8,Over
4,talk,65,7,5,Over
4,talk,66,7,10,Over
4,talk,67,7,13,Over
4,talk,68,7,6,Over
4,talk,69,7,15,Over
4,talk,70,7,7,Over
4,talk,71,7,4,Over
4,talk,72,8,10,Over
4,talk,73,8,6,Over
4,talk,74,8,13,Over
4,talk,75,8,15,Over
4,talk,76,8,4,Over
4,talk,77,8,8,Over
4,talk,78,8,11,ESTIMATE Agent[10] VILLAGER
4,talk,79,8,5,Over
4,talk,80,8,7,Over
4,talk,81,9,10,Over
4,talk,82,9,15,Over
4,talk,83,9,11,Over
4,talk,84,9,13,Over
4,talk,85,9,4,Over
4,talk,86,9,6,Over
4,talk,87,9,8,Over
4,talk,88,9,5,Over
4,talk,89,9,7,Over
4,vote,4,5
4,vote,5,8
4,vote,6,13
4,vote,7,8
4,vote,8,5
4,vote,10,6
4,vote,11,8
4,vote,13,6
4,vote,15,13
4,execute,8,WEREWOLF
4,whisper,0,0,10,ATTACK Agent[06]
4,whisper,1,0,13,Skip
4,whisper,2,1,10,Skip
4,whisper,3,1,13,Skip
4,whisper,4,2,13,Over
4,whisper,5,2,10,Skip
4,whisper,6,3,13,Over
4,whisper,7,3,10,Over
4,attackVote,10,6
4,attackVote,13,4
4,attackVote,10,6
4,attackVote,13,4
4,attack,4,true
5,status,1,BODYGUARD,DEAD,f6wbl6
5,status,2,VILLAGER,DEAD,WolfKing
5,status,3,SEER,DEAD,WordWolf
5,status,4,VILLAGER,DEAD,spicy2
5,status,5,POSSESSED,ALIVE,yskn67
5,status,6,VILLAGER,ALIVE,TRKOkami
5,status,7,VILLAGER,ALIVE,cndl
5,status,8,WEREWOLF,DEAD,Udon
5,status,9,MEDIUM,DEAD,marky
5,status,10,WEREWOLF,ALIVE,Romanesco
5,status,11,VILLAGER,ALIVE,wasabi
5,status,12,VILLAGER,DEAD,Litt1eGirl
5,status,13,WEREWOLF,ALIVE,sonoda
5,status,14,VILLAGER,DEAD,cash
5,status,15,VILLAGER,ALIVE,Serval
5,talk,0,0,10,VOTE Agent[06]
5,talk,1,0,5,DIVINED Agent[05] HUMAN
5,talk,2,0,15,Skip
5,talk,3,0,13,VOTE Agent[06]
5,talk,4,0,6,Over
5,talk,5,0,7,VOTE Agent[10]
5,talk,6,0,11,ESTIMATE Agent[06] VILLAGER
5,talk,7,1,11,ESTIMATE Agent[13] VILLAGER
5,talk,8,1,6,Over
5,talk,9,1,10,Skip
5,talk,10,1,5,ESTIMATE Agent[15] WEREWOLF
5,talk,11,1,7,ESTIMATE Agent[10] WEREWOLF
5,talk,12,1,15,AGREE TALK day1 ID:5
5,talk,13,1,13,Skip
5,talk,14,2,13,Skip
5,talk,15,2,11,ESTIMATE Agent[10] VILLAGER
5,talk,16,2,6,VOTE Agent[11]
5,talk,17,2,10,Skip
5,talk,18,2,5,VOTE Agent[15]
5,talk,19,2,15,Over
5,talk,20,2,7,Skip
5,talk,21,3,13,Over
5,talk,22,3,10,Over
5,talk,23,3,6,Over
5,talk,24,3,5,Skip
5,talk,25,3,15,VOTE Agent[13]
5,talk,26,3,7,Skip
5,talk,27,3,11,VOTE Agent[15]
5,talk,28,4,10,Over
5,talk,29,4,11,ESTIMATE Agent[13] VILLAGER
5,talk,30,4,6,Over
5,talk,31,4,7,Over
5,talk,32,4,13,Over
5,talk,33,4,5,Skip
5,talk,34,4,15,Over
5,talk,35,5,5,Over
5,talk,36,5,7,Over
5,talk,37,5,13,Over
5,talk,38,5,10,Over
5,talk,39,5,11,ESTIMATE Agent[06] VILLAGER
5,talk,40,5,6,Over
5,talk,41,5,15,Over
5,talk,42,6,10,Over
5,talk,43,6,6,Over
5,talk,44,6,15,Over
5,talk,45,6,5,Over
5,talk,46,6,13,Over
5,talk,47,6,11,REQUEST(VOTE Agent[15])
5,talk,48,6,7,Over
5,talk,49,7,7,Over
5,talk,50,7,13,Over
5,talk,51,7,10,Over
5,talk,52,7,11,ESTIMATE Agent[07] WEREWOLF
5,talk,53,7,15,Over
5,talk,54,7,6,Over
5,talk,55,7,5,Over
5,talk,56,8,5,Over
5,talk,57,8,10,Over
5,talk,58,8,15,Over
5,talk,59,8,6,Over
5,talk,60,8,13,Over
5,talk,61,8,7,Over
5,talk,62,8,11,Skip
5,talk,63,9,6,Over
5,talk,64,9,13,Over
5,talk,65,9,5,Over
5,talk,66,9,10,Over
5,talk,67,9,7,Over
5,talk,68,9,11,Over
5,talk,69,9,15,Over
5,vote,5,15
5,vote,6,11
5,vote,7,10
5,vote,10,6
5,vote,11,15
5,vote,13,6
5,vote,15,11
5,vote,5,15
5,vote,6,13
5,vote,7,10
5,vote,10,6
5,vote,11,15
5,vote,13,6
5,vote,15,13
5,execute,13,WEREWOLF
5,attackVote,10,6
5,attack,6,true
6,status,1,BODYGUARD,DEAD,f6wbl6
6,status,2,VILLAGER,DEAD,WolfKing
6,status,3,SEER,DEAD,WordWolf
6,status,4,VILLAGER,DEAD,spicy2
6,status,5,POSSESSED,ALIVE,yskn67
6,status,6,VILLAGER,DEAD,TRKOkami
6,status,7,VILLAGER,ALIVE,cndl
6,status,8,WEREWOLF,DEAD,Udon
6,status,9,MEDIUM,DEAD,marky
6,status,10,WEREWOLF,ALIVE,Romanesco
6,status,11,VILLAGER,ALIVE,wasabi
6,status,12,VILLAGER,DEAD,Litt1eGirl
6,status,13,WEREWOLF,DEAD,sonoda
6,status,14,VILLAGER,DEAD,cash
6,status,15,VILLAGER,ALIVE,Serval
6,talk,0,0,10,VOTE Agent[07]
6,talk,1,0,11,Skip
6,talk,2,0,15,Skip
6,talk,3,0,5,COMINGOUT Agent[05] WEREWOLF
6,talk,4,0,7,VOTE Agent[10]
6,talk,5,1,15,AGREE TALK day1 ID:5
6,talk,6,1,11,ESTIMATE Agent[07] VILLAGER
6,talk,7,1,7,ESTIMATE Agent[11] VILLAGER
6,talk,8,1,5,DIVINED Agent[05] HUMAN
6,talk,9,1,10,Skip
6,talk,10,2,5,ESTIMATE Agent[15] WEREWOLF
6,talk,11,2,11,Skip
6,talk,12,2,7,Skip
6,talk,13,2,10,Skip
6,talk,14,2,15,Over
6,talk,15,3,15,VOTE Agent[10]
6,talk,16,3,7,Skip
6,talk,17,3,10,Over
6,talk,18,3,11,VOTE Agent[05]
6,talk,19,3,5,VOTE Agent[15]
6,talk,20,4,7,Over
6,talk,21,4,15,Over
6,talk,22,4,10,Over
6,talk,23,4,11,ESTIMATE Agent[07] VILLAGER
6,talk,24,4,5,Skip
6,talk,25,5,11,ESTIMATE Agent[10] VILLAGER
6,talk,26,5,5,Skip
6,talk,27,5,7,Over
6,talk,28,5,10,Over
6,talk,29,5,15,Over
6,talk,30,6,5,Over
6,talk,31,6,7,Over
6,talk,32,6,10,Over
6,talk,33,6,11,ESTIMATE Agent[07] VILLAGER
6,talk,34,6,15,Over
6,talk,35,7,15,Over
6,talk,36,7,5,Over
6,talk,37,7,11,ESTIMATE Agent[05] WEREWOLF
6,talk,38,7,7,Over
6,talk,39,7,10,Over
6,talk,40,8,15,Over
6,talk,41,8,10,Over
6,talk,42,8,7,Over
6,talk,43,8,5,Over
6,talk,44,8,11,ESTIMATE Agent[10] WEREWOLF
6,talk,45,9,5,Over
6,talk,46,9,15,Over
6,talk,47,9,10,Over
6,talk,48,9,11,Over
6,talk,49,9,7,Over
6,vote,5,15
6,vote,7,10
6,vote,10,7
6,vote,11,5
6,vote,15,11
6,vote,5,15
6,vote,7,10
6,vote,10,7
6,vote,11,5
6,vote,15,11
6,execute,10,WEREWOLF
7,status,1,BODYGUARD,DEAD,f6wbl6
7,status,2,VILLAGER,DEAD,WolfKing
7,status,3,SEER,DEAD,WordWolf
7,status,4,VILLAGER,DEAD,spicy2
7,status,5,POSSESSED,ALIVE,yskn67
7,status,6,VILLAGER,DEAD,TRKOkami
7,status,7,VILLAGER,ALIVE,cndl
7,status,8,WEREWOLF,DEAD,Udon
7,status,9,MEDIUM,DEAD,marky
7,status,10,WEREWOLF,DEAD,Romanesco
7,status,11,VILLAGER,ALIVE,wasabi
7,status,12,VILLAGER,DEAD,Litt1eGirl
7,status,13,WEREWOLF,DEAD,sonoda
7,status,14,VILLAGER,DEAD,cash
7,status,15,VILLAGER,ALIVE,Serval
7,result,4,0,VILLAGER
