0,status,1,SEER,ALIVE,f6wbl6
0,status,2,WEREWOLF,ALIVE,WolfKing
0,status,3,VILLAGER,ALIVE,WordWolf
0,status,4,VILLAGER,ALIVE,spicy2
0,status,5,VILLAGER,ALIVE,yskn67
0,status,6,VILLAGER,ALIVE,TRKOkami
0,status,7,WEREWOLF,ALIVE,cndl
0,status,8,WEREWOLF,ALIVE,Udon
0,status,9,VILLAGER,ALIVE,marky
0,status,10,VILLAGER,ALIVE,Romanesco
0,status,11,VILLAGER,ALIVE,wasabi
0,status,12,BODYGUARD,ALIVE,Litt1eGirl
0,status,13,MEDIUM,ALIVE,sonoda
0,status,14,POSSESSED,ALIVE,cash
0,status,15,VILLAGER,ALIVE,Serval
0,whisper,0,0,8,Over
0,whisper,1,0,7,COMINGOUT Agent[07] VILLAGER
0,whisper,2,0,2,COMINGOUT Agent[02] VILLAGER
0,whisper,3,1,7,Skip
0,whisper,4,1,2,Skip
0,whisper,5,1,8,Over
0,whisper,6,2,8,Over
0,whisper,7,2,7,Skip
0,whisper,8,2,2,Skip
0,whisper,9,3,2,Over
0,whisper,10,3,8,Over
0,whisper,11,3,7,Over
0,divine,1,7,WEREWOLF
1,status,1,SEER,ALIVE,f6wbl6
1,status,2,WEREWOLF,ALIVE,WolfKing
1,status,3,VILLAGER,ALIVE,WordWolf
1,status,4,VILLAGER,ALIVE,spicy2
1,status,5,VILLAGER,ALIVE,yskn67
1,status,6,VILLAGER,ALIVE,TRKOkami
1,status,7,WEREWOLF,ALIVE,cndl
1,status,8,WEREWOLF,ALIVE,Udon
1,status,9,VILLAGER,ALIVE,marky
1,status,10,VILLAGER,ALIVE,Romanesco
1,status,11,VILLAGER,ALIVE,wasabi
1,status,12,BODYGUARD,ALIVE,Litt1eGirl
1,status,13,MEDIUM,ALIVE,sonoda
1,status,14,POSSESSED,ALIVE,cash
1,status,15,VILLAGER,ALIVE,Serval
1,talk,0,0,13,COMINGOUT Agent[13] MEDIUM
1,talk,1,0,1,COMINGOUT Agent[01] SEER
1,talk,2,0,2,VOTE Agent[01]
1,talk,3,0,14,COMINGOUT Agent[14] SEER
1,talk,4,0,12,VOTE Agent[07]
1,talk,5,0,3,VOTE Agent[01]
1,talk,6,0,4,VOTE Agent[01]
1,talk,7,0,8,VOTE Agent[12]
1,talk,8,0,10,VOTE Agent[15]
1,talk,9,0,15,Skip
1,talk,10,0,11,ESTIMATE Agent[15] WEREWOLF
1,talk,11,0,5,ESTIMATE Agent[01] WEREWOLF
1,talk,12,0,9,VOTE Agent[01]
1,talk,13,0,6,Over
1,talk,14,0,7,VOTE Agent[01]
1,talk,15,1,12,VOTE Agent[01]
1,talk,16,1,13,VOTE Agent[02]
1,talk,17,1,15,AGREE TALK day1 ID:5
1,talk,18,1,2,VOTE Agent[12]
1,talk,19,1,14,DIVINED Agent[06] HUMAN
1,talk,20,1,1,DIVINED Agent[07] WEREWOLF
1,talk,21,1,7,VOTE Agent[04]
1,talk,22,1,9,VOTE Agent[02]
1,talk,23,1,10,VOTE Agent[02]
1,talk,24,1,5,ESTIMATE Agent[02] WEREWOLF
1,talk,25,1,11,ESTIMATE Agent[14] WEREWOLF
1,talk,26,1,8,Over
1,talk,27,1,3,VOTE Agent[02]
1,talk,28,1,4,VOTE Agent[02]
1,talk,29,1,6,Over
1,talk,30,2,5,ESTIMATE Agent[07] WEREWOLF
1,talk,31,2,10,Skip
1,talk,32,2,13,VOTE Agent[07]
1,talk,33,2,6,VOTE Agent[07]
1,talk,34,2,7,VOTE Agent[02]
1,talk,35,2,9,Skip
1,talk,36,2,8,VOTE Agent[07]
1,talk,37,2,4,VOTE Agent[07]
1,talk,38,2,15,Over
1,talk,39,2,2,Skip
1,talk,40,2,3,Skip
1,talk,41,2,14,VOTE Agent[15]
1,talk,42,2,11,ESTIMATE Agent[04] VILLAGER
1,talk,43,2,1,VOTE Agent[07]
1,talk,44,2,12,VOTE Agent[02]
1,talk,45,3,5,VOTE Agent[07]
1,talk,46,3,11,VOTE Agent[07]
1,talk,47,3,6,Over
1,talk,48,3,8,Over
1,talk,49,3,13,Skip
1,talk,50,3,9,Skip
1,talk,51,3,7,Skip
1,talk,52,3,3,Skip
1,talk,53,3,15,VOTE Agent[07]
1,talk,54,3,12,VOTE Agent[07]
1,talk,55,3,1,VOTE Agent[07]
1,talk,56,3,14,Skip
1,talk,57,3,10,Skip
1,talk,58,3,4,Skip
1,talk,59,3,2,VOTE Agent[07]
1,talk,60,4,9,VOTE Agent[07]
1,talk,61,4,10,VOTE Agent[07]
1,talk,62,4,8,Over
1,talk,63,4,4,Skip
1,talk,64,4,12,ESTIMATE Agent[07] WEREWOLF
1,talk,65,4,13,Skip
1,talk,66,4,14,VOTE Agent[13]
1,talk,67,4,11,ESTIMATE Agent[07] WEREWOLF
1,talk,68,4,1,Skip
1,talk,69,4,15,Over
1,talk,70,4,7,Skip
1,talk,71,4,3,VOTE Agent[07]
1,talk,72,4,6,Over
1,talk,73,4,5,Skip
1,talk,74,4,2,Skip
1,talk,75,5,5,Skip
1,talk,76,5,9,Skip
1,talk,77,5,7,VOTE Agent[13]
1,talk,78,5,6,Over
1,talk,79,5,8,Over
1,talk,80,5,3,Skip
1,talk,81,5,15,Over
1,talk,82,5,13,Over
1,talk,83,5,1,Skip
1,talk,84,5,12,Over
1,talk,85,5,4,Over
1,talk,86,5,10,Skip
1,talk,87,5,14,VOTE Agent[12]
1,talk,88,5,11,ESTIMATE Agent[07] WEREWOLF
1,talk,89,5,2,Skip
1,talk,90,6,7,Skip
1,talk,91,6,15,Over
1,talk,92,6,11,ESTIMATE Agent[10] VILLAGER
1,talk,93,6,6,Over
1,talk,94,6,3,Skip
1,talk,95,6,8,Over
1,talk,96,6,13,Over
1,talk,97,6,9,Skip
1,talk,98,6,4,Over
1,talk,99,6,2,Over
1,talk,100,6,10,Skip
1,talk,101,6,14,Skip
1,talk,102,6,5,Over
1,talk,103,6,1,Over
1,talk,104,6,12,Over
1,talk,105,7,15,Over
1,talk,106,7,2,Over
1,talk,107,7,5,Over
1,talk,108,7,12,Over
1,talk,109,7,8,Over
1,talk,110,7,11,Skip
1,talk,111,7,6,Over
1,talk,112,7,1,Over
1,talk,113,7,9,Over
1,talk,114,7,13,Over
1,talk,115,7,7,Skip
1,talk,116,7,10,Over
1,talk,117,7,4,Over
1,talk,118,7,14,Skip
1,talk,119,7,3,Over
1,talk,120,8,7,Over
1,talk,121,8,5,Over
1,talk,122,8,1,Over
1,talk,123,8,8,Over
1,talk,124,8,4,Over
1,talk,125,8,10,Over
1,talk,126,8,12,Over
1,talk,127,8,15,Over
1,talk,128,8,11,Skip
1,talk,129,8,6,Over
1,talk,130,8,9,Over
1,talk,131,8,3,Over
1,talk,132,8,14,Over
1,talk,133,8,2,Over
1,talk,134,8,13,Over
1,talk,135,9,14,Over
1,talk,136,9,4,Over
1,talk,137,9,13,Over
1,talk,138,9,11,Over
1,talk,139,9,5,Over
1,talk,140,9,2,Over
1,talk,141,9,6,Over
1,talk,142,9,10,Over
1,talk,143,9,8,Over
1,talk,144,9,15,Over
1,talk,145,9,7,Over
1,talk,146,9,1,Over
1,talk,147,9,9,Over
1,talk,148,9,12,Over
1,talk,149,9,3,Over
1,vote,1,7
1,vote,2,7
1,vote,3,7
1,vote,4,7
1,vote,5,7
1,vote,6,7
1,vote,7,13
1,vote,8,7
1,vote,9,7
1,vote,10,7
1,vote,11,7
1,vote,12,7
1,vote,13,7
1,vote,14,12
1,vote,15,7
1,execute,7,WEREWOLF
1,divine,1,12,HUMAN
1,whisper,0,0,2,ATTACK Agent[03]
1,whisper,1,0,8,Over
1,whisper,2,1,2,Skip
1,whisper,3,1,8,Over
1,whisper,4,2,8,Over
1,whisper,5,2,2,Skip
1,whisper,6,3,8,Over
1,whisper,7,3,2,Over
1,guard,12,1,SEER
1,attackVote,2,3
1,attackVote,8,1
1,attackVote,2,3
1,attackVote,8,1
1,attack,1,false
2,status,1,SEER,ALIVE,f6wbl6
2,status,2,WEREWOLF,ALIVE,WolfKing
2,status,3,VILLAGER,ALIVE,WordWolf
2,status,4,VILLAGER,ALIVE,spicy2
2,status,5,VILLAGER,ALIVE,yskn67
2,status,6,VILLAGER,ALIVE,TRKOkami
2,status,7,WEREWOLF,DEAD,cndl
2,status,8,WEREWOLF,ALIVE,Udon
2,status,9,VILLAGER,ALIVE,marky
2,status,10,VILLAGER,ALIVE,Romanesco
2,status,11,VILLAGER,ALIVE,wasabi
2,status,12,BODYGUARD,ALIVE,Litt1eGirl
2,status,13,MEDIUM,ALIVE,sonoda
2,status,14,POSSESSED,ALIVE,cash
2,status,15,VILLAGER,ALIVE,Serval
2,talk,0,0,11,ESTIMATE Agent[02] VILLAGER
2,talk,1,0,10,VOTE Agent[12]
2,talk,2,0,13,IDENTIFIED Agent[07] WEREWOLF
2,talk,3,0,1,DIVINED Agent[12] HUMAN
2,talk,4,0,3,VOTE Agent[02]
2,talk,5,0,9,VOTE Agent[12]
2,talk,6,0,12,VOTE Agent[09]
2,talk,7,0,5,ESTIMATE Agent[02] WEREWOLF
2,talk,8,0,6,Over
2,talk,9,0,4,VOTE Agent[02]
2,talk,10,0,2,VOTE Agent[12]
2,talk,11,0,14,DIVINED Agent[12] HUMAN
2,talk,12,0,15,Skip
2,talk,13,0,8,VOTE Agent[12]
2,talk,14,1,14,VOTE Agent[13]
2,talk,15,1,3,Skip
2,talk,16,1,13,VOTE Agent[14]
2,talk,17,1,1,VOTE Agent[09]
2,talk,18,1,5,ESTIMATE Agent[14] WEREWOLF
2,talk,19,1,6,Over
2,talk,20,1,2,Skip
2,talk,21,1,11,ESTIMATE Agent[01] WEREWOLF
2,talk,22,1,4,VOTE Agent[14]
2,talk,23,1,10,VOTE Agent[02]
2,talk,24,1,15,AGREE TALK day1 ID:4
2,talk,25,1,8,VOTE Agent[09]
2,talk,26,1,12,VOTE Agent[02]
2,talk,27,1,9,VOTE Agent[02]
2,talk,28,2,10,Skip
2,talk,29,2,6,VOTE Agent[04]
2,talk,30,2,2,VOTE Agent[09]
2,talk,31,2,11,Skip
2,talk,32,2,12,REQUEST(Agent[01] DIVINATION Agent[02])
2,talk,33,2,8,Over
2,talk,34,2,13,Skip
2,talk,35,2,5,VOTE Agent[14]
2,talk,36,2,14,Skip
2,talk,37,2,15,Over
2,talk,38,2,4,Skip
2,talk,39,2,9,Skip
2,talk,40,2,1,VOTE Agent[09]
2,talk,41,2,3,Skip
2,talk,42,3,3,Over
2,talk,43,3,6,Over
2,talk,44,3,12,Over
2,talk,45,3,5,Skip
2,talk,46,3,1,VOTE Agent[02]
2,talk,47,3,4,Skip
2,talk,48,3,14,Skip
2,talk,49,3,9,Skip
2,talk,50,3,8,Over
2,talk,51,3,10,Skip
2,talk,52,3,11,VOTE Agent[02]
2,talk,53,3,13,Skip
2,talk,54,3,15,VOTE Agent[14]
2,talk,55,3,2,Skip
2,talk,56,4,13,Over
2,talk,57,4,11,Skip
2,talk,58,4,3,Over
2,talk,59,4,15,Over
2,talk,60,4,9,Over
2,talk,61,4,10,Over
2,talk,62,4,8,VOTE Agent[14]
2,talk,63,4,14,Over
2,talk,64,4,5,Skip
2,talk,65,4,2,Skip
2,talk,66,4,4,Over
2,talk,67,4,1,Skip
2,talk,68,4,12,ESTIMATE Agent[07] VILLAGER
2,talk,69,4,6,AGREE TALK day2 ID:52
2,talk,70,5,2,Over
2,talk,71,5,11,VOTE Agent[04]
2,talk,72,5,8,Over
2,talk,73,5,1,Skip
2,talk,74,5,10,Over
2,talk,75,5,3,Over
2,talk,76,5,15,Over
2,talk,77,5,6,Over
2,talk,78,5,12,Over
2,talk,79,5,5,Over
2,talk,80,5,4,Over
2,talk,81,5,9,Over
2,talk,82,5,13,Over
2,talk,83,5,14,VOTE Agent[05]
2,talk,84,6,12,VOTE Agent[14]
2,talk,85,6,14,Skip
2,talk,86,6,9,Over
2,talk,87,6,2,VOTE Agent[04]
2,talk,88,6,1,Over
2,talk,89,6,11,VOTE Agent[05]
2,talk,90,6,8,Over
2,talk,91,6,13,Over
2,talk,92,6,6,Over
2,talk,93,6,5,Over
2,talk,94,6,10,Over
2,talk,95,6,3,Over
2,talk,96,6,15,Over
2,talk,97,6,4,Over
2,talk,98,7,2,VOTE Agent[05]
2,talk,99,7,15,Over
2,talk,100,7,6,Over
2,talk,101,7,13,Over
2,talk,102,7,3,Over
2,talk,103,7,14,VOTE Agent[01]
2,talk,104,7,8,Over
2,talk,105,7,11,ESTIMATE Agent[13] MEDIUM
2,talk,106,7,10,Over
2,talk,107,7,4,Over
2,talk,108,7,5,Over
2,talk,109,7,12,ESTIMATE Agent[11] VILLAGER
2,talk,110,7,9,Over
2,talk,111,7,1,VOTE Agent[09]
2,talk,112,8,6,Over
2,talk,113,8,11,VOTE Agent[15]
2,talk,114,8,3,Over
2,talk,115,8,8,Over
2,talk,116,8,10,Over
2,talk,117,8,14,Skip
2,talk,118,8,12,Over
2,talk,119,8,4,Over
2,talk,120,8,9,Over
2,talk,121,8,1,Skip
2,talk,122,8,13,Over
2,talk,123,8,5,Over
2,talk,124,8,15,Over
2,talk,125,8,2,Skip
2,talk,126,9,3,Over
2,talk,127,9,1,Skip
2,talk,128,9,4,Over
2,talk,129,9,9,Over
2,talk,130,9,10,Over
2,talk,131,9,6,Over
2,talk,132,9,14,Skip
2,talk,133,9,5,Over
2,talk,134,9,8,Over
2,talk,135,9,15,Over
2,talk,136,9,11,Over
2,talk,137,9,13,Over
2,talk,138,9,12,ESTIMATE Agent[03] VILLAGER
2,talk,139,9,2,Skip
2,talk,140,10,2,Over
2,talk,141,10,15,Over
2,talk,142,10,1,Over
2,talk,143,10,12,Over
2,talk,144,10,13,Over
2,talk,145,10,6,Over
2,talk,146,10,5,Over
2,talk,147,10,8,Over
2,talk,148,10,11,Over
2,talk,149,10,14,Over
2,talk,150,10,9,Over
2,talk,151,10,3,Over
2,talk,152,10,4,Over
2,talk,153,10,10,Over
2,vote,1,9
2,vote,2,5
2,vote,3,2
2,vote,4,14
2,vote,5,14
2,vote,6,4
2,vote,8,14
2,vote,9,2
2,vote,10,2
2,vote,11,15
2,vote,12,14
2,vote,13,14
2,vote,14,1
2,vote,15,6
2,execute,14,POSSESSED
2,divine,1,2,WEREWOLF
2,whisper,0,0,8,Over
2,whisper,1,0,2,ATTACK Agent[09]
2,whisper,2,1,2,Skip
2,whisper,3,1,8,Over
2,whisper,4,2,8,Over
2,whisper,5,2,2,Skip
2,whisper,6,3,2,Over
2,whisper,7,3,8,Over
2,guard,12,1,SEER
2,attackVote,2,9
2,attackVote,8,13
2,attackVote,2,9
2,attackVote,8,13
2,attack,9,true
3,status,1,SEER,ALIVE,f6wbl6
3,status,2,WEREWOLF,ALIVE,WolfKing
3,status,3,VILLAGER,ALIVE,WordWolf
3,status,4,VILLAGER,ALIVE,spicy2
3,status,5,VILLAGER,ALIVE,yskn67
3,status,6,VILLAGER,ALIVE,TRKOkami
3,status,7,WEREWOLF,DEAD,cndl
3,status,8,WEREWOLF,ALIVE,Udon
3,status,9,VILLAGER,DEAD,marky
3,status,10,VILLAGER,ALIVE,Romanesco
3,status,11,VILLAGER,ALIVE,wasabi
3,status,12,BODYGUARD,ALIVE,Litt1eGirl
3,status,13,MEDIUM,ALIVE,sonoda
3,status,14,POSSESSED,DEAD,cash
3,status,15,VILLAGER,ALIVE,Serval
3,talk,0,0,2,VOTE Agent[05]
3,talk,1,0,10,VOTE Agent[02]
3,talk,2,0,15,Skip
3,talk,3,0,8,VOTE Agent[15]
3,talk,4,0,11,Skip
3,talk,5,0,4,VOTE Agent[10]
3,talk,6,0,3,VOTE Agent[02]
3,talk,7,0,6,Over
3,talk,8,0,5,ESTIMATE Agent[10] WEREWOLF
3,talk,9,0,1,DIVINED Agent[02] WEREWOLF
3,talk,10,0,12,VOTE Agent[04]
3,talk,11,0,13,IDENTIFIED Agent[14] HUMAN
3,talk,12,1,4,VOTE Agent[08]
3,talk,13,1,5,ESTIMATE Agent[08] WEREWOLF
3,talk,14,1,11,ESTIMATE Agent[13] MEDIUM
3,talk,15,1,1,VOTE Agent[02]
3,talk,16,1,13,VOTE Agent[08]
3,talk,17,1,6,Over
3,talk,18,1,12,VOTE Agent[02]
3,talk,19,1,8,VOTE Agent[10]
3,talk,20,1,15,VOTE Agent[13]
3,talk,21,1,10,Skip
3,talk,22,1,3,Skip
3,talk,23,1,2,Skip
3,talk,24,2,8,VOTE Agent[02]
3,talk,25,2,11,ESTIMATE Agent[08] VILLAGER
3,talk,26,2,13,Skip
3,talk,27,2,6,VOTE Agent[02]
3,talk,28,2,5,VOTE Agent[08]
3,talk,29,2,15,Over
3,talk,30,2,1,Skip
3,talk,31,2,12,REQUEST(Agent[01] DIVINATION Agent[02])
3,talk,32,2,3,Skip
3,talk,33,2,4,Skip
3,talk,34,2,10,Skip
3,talk,35,2,2,Skip
3,talk,36,3,10,Over
3,talk,37,3,15,Over
3,talk,38,3,11,VOTE Agent[02]
3,talk,39,3,4,Skip
3,talk,40,3,13,Skip
3,talk,41,3,1,Skip
3,talk,42,3,5,Skip
3,talk,43,3,8,Over
3,talk,44,3,6,Over
3,talk,45,3,2,Over
3,talk,46,3,3,Over
3,talk,47,3,12,ESTIMATE Agent[02] WEREWOLF
3,talk,48,4,15,Over
3,talk,49,4,6,Skip
3,talk,50,4,11,ESTIMATE Agent[04] VILLAGER
3,talk,51,4,10,Over
3,talk,52,4,1,Over
3,talk,53,4,3,Over
3,talk,54,4,2,Over
3,talk,55,4,5,Skip
3,talk,56,4,8,Over
3,talk,57,4,13,Over
3,talk,58,4,4,Over
3,talk,59,4,12,Over
3,talk,60,5,12,Over
3,talk,61,5,10,Over
3,talk,62,5,11,Skip
3,talk,63,5,4,Over
3,talk,64,5,8,Over
3,talk,65,5,15,Over
3,talk,66,5,1,Over
3,talk,67,5,13,Over
3,talk,68,5,5,Over
3,talk,69,5,6,Over
3,talk,70,5,3,Over
3,talk,71,5,2,Over
3,talk,72,6,5,Over
3,talk,73,6,10,Over
3,talk,74,6,13,Over
3,talk,75,6,1,Over
3,talk,76,6,8,Over
3,talk,77,6,3,Over
3,talk,78,6,11,ESTIMATE Agent[06] VILLAGER
3,talk,79,6,12,Over
3,talk,80,6,15,Over
3,talk,81,6,2,Over
3,talk,82,6,6,Over
3,talk,83,6,4,Over
3,talk,84,7,4,Over
3,talk,85,7,13,Over
3,talk,86,7,8,Over
3,talk,87,7,5,Over
3,talk,88,7,6,Over
3,talk,89,7,15,Over
3,talk,90,7,3,Over
3,talk,91,7,12,Over
3,talk,92,7,11,ESTIMATE Agent[05] WEREWOLF
3,talk,93,7,2,Over
3,talk,94,7,1,Over
3,talk,95,7,10,Over
3,talk,96,8,8,Over
3,talk,97,8,10,Over
3,talk,98,8,15,Over
3,talk,99,8,4,Over
3,talk,100,8,12,Over
3,talk,101,8,11,Skip
3,talk,102,8,3,Over
3,talk,103,8,5,Over
3,talk,104,8,2,Over
3,talk,105,8,6,Over
3,talk,106,8,1,Over
3,talk,107,8,13,Over
3,talk,108,9,15,Over
3,talk,109,9,12,Over
3,talk,110,9,6,Over
3,talk,111,9,1,Over
3,talk,112,9,8,Over
3,talk,113,9,11,Over
3,talk,114,9,3,Over
3,talk,115,9,4,Over
3,talk,116,9,13,Over
3,talk,117,9,5,Over
3,talk,118,9,2,Over
3,talk,119,9,10,Over
3,vote,1,2
3,vote,2,5
3,vote,3,2
3,vote,4,8
3,vote,5,8
3,vote,6,2
3,vote,8,2
3,vote,10,2
3,vote,11,2
3,vote,12,2
3,vote,13,8
3,vote,15,2
3,execute,2,WEREWOLF
3,divine,1,8,WEREWOLF
3,guard,12,1,SEER
3,attackVote,8,1
3,attack,1,false
4,status,1,SEER,ALIVE,f6wbl6
4,status,2,WEREWOLF,DEAD,WolfKing
4,status,3,VILLAGER,ALIVE,WordWolf
4,status,4,VILLAGER,ALIVE,spicy2
4,status,5,VILLAGER,ALIVE,yskn67
4,status,6,VILLAGER,ALIVE,TRKOkami
4,status,7,WEREWOLF,DEAD,cndl
4,status,8,WEREWOLF,ALIVE,Udon
4,status,9,VILLAGER,DEAD,marky
4,status,10,VILLAGER,ALIVE,Romanesco
4,status,11,VILLAGER,ALIVE,wasabi
4,status,12,BODYGUARD,ALIVE,Litt1eGirl
4,status,13,MEDIUM,ALIVE,sonoda
4,status,14,POSSESSED,DEAD,cash
4,status,15,VILLAGER,ALIVE,Serval
4,talk,0,0,13,IDENTIFIED Agent[02] WEREWOLF
4,talk,1,0,10,VOTE Agent[04]
4,talk,2,0,8,VOTE Agent[04]
4,talk,3,0,6,Over
4,talk,4,0,15,Skip
4,talk,5,0,12,VOTE Agent[11]
4,talk,6,0,4,VOTE Agent[03]
4,talk,7,0,5,ESTIMATE Agent[10] WEREWOLF
4,talk,8,0,11,ESTIMATE Agent[15] WEREWOLF
4,talk,9,0,1,DIVINED Agent[08] WEREWOLF
4,talk,10,0,3,VOTE Agent[04]
4,talk,11,1,3,Skip
4,talk,12,1,11,Skip
4,talk,13,1,12,VOTE Agent[04]
4,talk,14,1,5,ESTIMATE Agent[13] WEREWOLF
4,talk,15,1,4,VOTE Agent[13]
4,talk,16,1,13,VOTE Agent[04]
4,talk,17,1,10,Skip
4,talk,18,1,8,Over
4,talk,19,1,15,VOTE Agent[01]
4,talk,20,1,6,Over
4,talk,21,1,1,VOTE Agent[08]
4,talk,22,2,5,VOTE Agent[13]
4,talk,23,2,8,Over
4,talk,24,2,10,Skip
4,talk,25,2,4,Skip
4,talk,26,2,12,REQUEST(Agent[01] DIVINATION Agent[04])
4,talk,27,2,11,ESTIMATE Agent[01] WEREWOLF
4,talk,28,2,15,Over
4,talk,29,2,3,Skip
4,talk,30,2,6,VOTE Agent[08]
4,talk,31,2,13,Skip
4,talk,32,2,1,Skip
4,talk,33,3,11,VOTE Agent[08]
4,talk,34,3,15,VOTE Agent[13]
4,talk,35,3,10,Over
4,talk,36,3,6,Over
4,talk,37,3,8,Over
4,talk,38,3,1,Skip
4,talk,39,3,13,Skip
4,talk,40,3,5,Skip
4,talk,41,3,3,Over
4,talk,42,3,12,Over
4,talk,43,3,4,Skip
4,talk,44,4,8,Over
4,talk,45,4,3,Over
4,talk,46,4,6,Skip
4,talk,47,4,12,Over
4,talk,48,4,1,Over
4,talk,49,4,13,Over
4,talk,50,4,15,Over
4,talk,51,4,10,VOTE Agent[08]
4,talk,52,4,4,Over
4,talk,53,4,5,Skip
4,talk,54,4,11,Skip
4,talk,55,5,8,Over
4,talk,56,5,4,Over
4,talk,57,5,3,Over
4,talk,58,5,10,Skip
4,talk,59,5,11,ESTIMATE Agent[01] WEREWOLF
4,talk,60,5,6,Over
4,talk,61,5,12,VOTE Agent[08]
4,talk,62,5,13,Over
4,talk,63,5,5,Over
4,talk,64,5,15,Over
4,talk,65,5,1,Over
4,talk,66,6,11,Skip
4,talk,67,6,12,Over
4,talk,68,6,5,Over
4,talk,69,6,13,Over
4,talk,70,6,6,Over
4,talk,71,6,15,Over
4,talk,72,6,10,Skip
4,talk,73,6,3,VOTE Agent[08]
4,talk,74,6,4,Over
4,talk,75,6,8,Over
4,talk,76,6,1,Over
4,talk,77,7,12,ESTIMATE Agent[12] VILLAGER
4,talk,78,7,4,Over
4,talk,79,7,1,Over
4,talk,80,7,11,ESTIMATE Agent[01] WEREWOLF
4,talk,81,7,6,Over
4,talk,82,7,3,Skip
4,talk,83,7,15,Over
4,talk,84,7,10,Over
4,talk,85,7,13,Over
4,talk,86,7,8,VOTE Agent[01]
4,talk,87,7,5,Over
4,talk,88,8,5,Over
4,talk,89,8,4,Over
4,talk,90,8,11,Skip
4,talk,91,8,1,Over
4,talk,92,8,13,Over
4,talk,93,8,6,Over
4,talk,94,8,8,Over
4,talk,95,8,12,Over
4,talk,96,8,15,Over
4,talk,97,8,10,Over
4,talk,98,8,3,Skip
4,talk,99,9,11,Over
4,talk,100,9,13,Over
4,talk,101,9,10,Over
4,talk,102,9,5,Over
4,talk,103,9,4,Over
4,talk,104,9,6,Over
4,talk,105,9,15,Over
4,talk,106,9,12,Over
4,talk,107,9,1,Over
4,talk,108,9,8,Over
4,talk,109,9,3,Over
4,vote,1,8
4,vote,3,8
4,vote,4,13
4,vote,5,13
4,vote,6,8
4,vote,8,1
4,vote,10,8
4,vote,11,8
4,vote,12,8
4,vote,13,4
4,vote,15,8
4,execute,8,WEREWOLF
4,divine,1,15,HUMAN
4,guard,12,1,SEER
5,status,1,SEER,ALIVE,f6wbl6
5,status,2,WEREWOLF,DEAD,WolfKing
5,status,3,VILLAGER,ALIVE,WordWolf
5,status,4,VILLAGER,ALIVE,spicy2
5,status,5,VILLAGER,ALIVE,yskn67
5,status,6,VILLAGER,ALIVE,TRKOkami
5,status,7,WEREWOLF,DEAD,cndl
5,status,8,WEREWOLF,DEAD,Udon
5,status,9,VILLAGER,DEAD,marky
5,status,10,VILLAGER,ALIVE,Romanesco
5,status,11,VILLAGER,ALIVE,wasabi
5,status,12,BODYGUARD,ALIVE,Litt1eGirl
5,status,13,MEDIUM,ALIVE,sonoda
5,status,14,POSSESSED,DEAD,cash
5,status,15,VILLAGER,ALIVE,Serval
5,result,10,0,VILLAGER
