0,status,1,VILLAGER,ALIVE,f6wbl6
0,status,2,VILLAGER,ALIVE,WolfKing
0,status,3,VILLAGER,ALIVE,WordWolf
0,status,4,WEREWOLF,ALIVE,spicy2
0,status,5,BODYGUARD,ALIVE,yskn67
0,status,6,VILLAGER,ALIVE,TRKOkami
0,status,7,WEREWOLF,ALIVE,cndl
0,status,8,POSSESSED,ALIVE,Udon
0,status,9,VILLAGER,ALIVE,marky
0,status,10,MEDIUM,ALIVE,Romanesco
0,status,11,WEREWOLF,ALIVE,wasabi
0,status,12,VILLAGER,ALIVE,Litt1eGirl
0,status,13,VILLAGER,ALIVE,sonoda
0,status,14,SEER,ALIVE,cash
0,status,15,VILLAGER,ALIVE,Serval
0,whisper,0,0,11,ATTACK Agent[14]
0,whisper,1,0,7,COMINGOUT Agent[07] VILLAGER
0,whisper,2,0,4,Skip
0,whisper,3,1,7,Skip
0,whisper,4,1,11,Over
0,whisper,5,1,4,Skip
0,whisper,6,2,7,Skip
0,whisper,7,2,4,Over
0,whisper,8,2,11,Over
0,whisper,9,3,7,Over
0,whisper,10,3,11,Over
0,whisper,11,3,4,Over
0,divine,14,2,HUMAN
1,status,1,VILLAGER,ALIVE,f6wbl6
1,status,2,VILLAGER,ALIVE,WolfKing
1,status,3,VILLAGER,ALIVE,WordWolf
1,status,4,WEREWOLF,ALIVE,spicy2
1,status,5,BODYGUARD,ALIVE,yskn67
1,status,6,VILLAGER,ALIVE,TRKOkami
1,status,7,WEREWOLF,ALIVE,cndl
1,status,8,POSSESSED,ALIVE,Udon
1,status,9,VILLAGER,ALIVE,marky
1,status,10,MEDIUM,ALIVE,Romanesco
1,status,11,WEREWOLF,ALIVE,wasabi
1,status,12,VILLAGER,ALIVE,Litt1eGirl
1,status,13,VILLAGER,ALIVE,sonoda
1,status,14,SEER,ALIVE,cash
1,status,15,VILLAGER,ALIVE,Serval
1,talk,0,0,2,VOTE Agent[01]
1,talk,1,0,1,VOTE Agent[15]
1,talk,2,0,4,VOTE Agent[01]
1,talk,3,0,10,VOTE Agent[01]
1,talk,4,0,7,VOTE Agent[12]
1,talk,5,0,8,COMINGOUT Agent[08] SEER
1,talk,6,0,11,Skip
1,talk,7,0,13,VOTE Agent[01]
1,talk,8,0,14,COMINGOUT Agent[14] SEER
1,talk,9,0,15,Skip
1,talk,10,0,9,VOTE Agent[01]
1,talk,11,0,3,VOTE Agent[01]
1,talk,12,0,6,Over
1,talk,13,0,12,VOTE Agent[03]
1,talk,14,0,5,ESTIMATE Agent[01] WEREWOLF
1,talk,15,1,11,ESTIMATE Agent[04] VILLAGER
1,talk,16,1,3,VOTE Agent[12]
1,talk,17,1,12,VOTE Agent[01]
1,talk,18,1,9,VOTE Agent[02]
1,talk,19,1,5,VOTE Agent[01]
1,talk,20,1,6,Over
1,talk,21,1,14,DIVINED Agent[02] HUMAN
1,talk,22,1,2,VOTE Agent[04]
1,talk,23,1,7,VOTE Agent[09]
1,talk,24,1,10,Skip
1,talk,25,1,8,DIVINED Agent[12] HUMAN
1,talk,26,1,4,Skip
1,talk,27,1,1,VOTE Agent[09]
1,talk,28,1,15,AGREE TALK day1 ID:5
1,talk,29,1,13,Skip
1,talk,30,2,1,VOTE Agent[11]
1,talk,31,2,5,ESTIMATE Agent[03] WEREWOLF
1,talk,32,2,2,VOTE Agent[12]
1,talk,33,2,11,ESTIMATE Agent[03] WEREWOLF
1,talk,34,2,12,Over
1,talk,35,2,6,VOTE Agent[03]
1,talk,36,2,4,VOTE Agent[03]
1,talk,37,2,15,Over
1,talk,38,2,3,Skip
1,talk,39,2,8,VOTE Agent[02]
1,talk,40,2,10,VOTE Agent[04]
1,talk,41,2,7,VOTE Agent[01]
1,talk,42,2,14,VOTE Agent[06]
1,talk,43,2,13,Skip
1,talk,44,2,9,VOTE Agent[04]
1,talk,45,3,14,VOTE Agent[15]
1,talk,46,3,7,Skip
1,talk,47,3,3,Skip
1,talk,48,3,10,Skip
1,talk,49,3,11,VOTE Agent[09]
1,talk,50,3,9,Skip
1,talk,51,3,13,Over
1,talk,52,3,1,VOTE Agent[04]
1,talk,53,3,8,Over
1,talk,54,3,15,VOTE Agent[14]
1,talk,55,3,2,VOTE Agent[04]
1,talk,56,3,6,Over
1,talk,57,3,4,Skip
1,talk,58,3,5,VOTE Agent[03]
1,talk,59,3,12,Over
1,talk,60,4,8,Over
1,talk,61,4,3,VOTE Agent[01]
1,talk,62,4,2,Skip
1,talk,63,4,10,Skip
1,talk,64,4,11,Skip
1,talk,65,4,1,Skip
1,talk,66,4,6,Over
1,talk,67,4,9,Skip
1,talk,68,4,14,VOTE Agent[05]
1,talk,69,4,4,Skip
1,talk,70,4,15,Over
1,talk,71,4,12,VOTE Agent[04]
1,talk,72,4,13,Over
1,talk,73,4,5,Skip
1,talk,74,4,7,Skip
1,talk,75,5,7,Over
1,talk,76,5,11,ESTIMATE Agent[08] WEREWOLF
1,talk,77,5,1,Skip
1,talk,78,5,13,Over
1,talk,79,5,5,Skip
1,talk,80,5,8,Over
1,talk,81,5,9,Over
1,talk,82,5,6,Over
1,talk,83,5,15,Over
1,talk,84,5,12,Over
1,talk,85,5,14,Skip
1,talk,86,5,10,Over
1,talk,87,5,3,VOTE Agent[04]
1,talk,88,5,2,Skip
1,talk,89,5,4,Over
1,talk,90,6,5,Over
1,talk,91,6,8,Over
1,talk,92,6,11,ESTIMATE Agent[08] WEREWOLF
1,talk,93,6,13,Over
1,talk,94,6,7,VOTE Agent[04]
1,talk,95,6,1,Over
1,talk,96,6,15,Over
1,talk,97,6,2,Over
1,talk,98,6,4,Over
1,talk,99,6,12,Over
1,talk,100,6,9,Over
1,talk,101,6,14,Skip
1,talk,102,6,3,Skip
1,talk,103,6,6,Over
1,talk,104,6,10,Over
1,talk,105,7,15,Over
1,talk,106,7,12,Over
1,talk,107,7,5,Over
1,talk,108,7,2,Over
1,talk,109,7,3,Skip
1,talk,110,7,11,VOTE Agent[03]
1,talk,111,7,1,Over
1,talk,112,7,9,Over
1,talk,113,7,8,Over
1,talk,114,7,13,Over
1,talk,115,7,7,Skip
1,talk,116,7,14,Over
1,talk,117,7,6,Over
1,talk,118,7,10,Over
1,talk,119,7,4,Over
1,talk,120,8,6,Over
1,talk,121,8,1,Over
1,talk,122,8,8,Over
1,talk,123,8,12,Over
1,talk,124,8,13,Over
1,talk,125,8,9,Over
1,talk,126,8,3,Over
1,talk,127,8,5,Over
1,talk,128,8,2,Over
1,talk,129,8,14,Over
1,talk,130,8,10,Over
1,talk,131,8,7,Skip
1,talk,132,8,4,Over
1,talk,133,8,11,ESTIMATE Agent[14] WEREWOLF
1,talk,134,8,15,Over
1,talk,135,9,9,Over
1,talk,136,9,8,Over
1,talk,137,9,5,Over
1,talk,138,9,11,Over
1,talk,139,9,14,Over
1,talk,140,9,6,Over
1,talk,141,9,3,Over
1,talk,142,9,10,Over
1,talk,143,9,2,Over
1,talk,144,9,4,Over
1,talk,145,9,12,ESTIMATE Agent[07] VILLAGER
1,talk,146,9,7,Over
1,talk,147,9,13,Over
1,talk,148,9,1,Over
1,talk,149,9,15,Over
1,talk,150,10,7,Over
1,talk,151,10,1,Over
1,talk,152,10,10,Over
1,talk,153,10,13,Over
1,talk,154,10,12,Over
1,talk,155,10,5,Over
1,talk,156,10,11,Over
1,talk,157,10,3,Over
1,talk,158,10,6,Over
1,talk,159,10,8,Over
1,talk,160,10,4,Over
1,talk,161,10,9,Over
1,talk,162,10,14,Over
1,talk,163,10,2,Over
1,talk,164,10,15,Over
1,vote,1,4
1,vote,2,4
1,vote,3,4
1,vote,4,3
1,vote,5,3
1,vote,6,3
1,vote,7,4
1,vote,8,2
1,vote,9,4
1,vote,10,4
1,vote,11,3
1,vote,12,4
1,vote,13,1
1,vote,14,5
1,vote,15,3
1,execute,4,WEREWOLF
1,divine,14,5,HUMAN
1,whisper,0,0,7,ATTACK Agent[02]
1,whisper,1,0,11,Over
1,whisper,2,1,11,ATTACK Agent[02]
1,whisper,3,1,7,Skip
1,whisper,4,2,11,Over
1,whisper,5,2,7,Skip
1,whisper,6,3,7,Over
1,whisper,7,3,11,Over
1,guard,5,3,VILLAGER
1,attackVote,7,2
1,attackVote,11,2
1,attack,2,true
2,status,1,VILLAGER,ALIVE,f6wbl6
2,status,2,VILLAGER,DEAD,WolfKing
2,status,3,VILLAGER,ALIVE,WordWolf
2,status,4,WEREWOLF,DEAD,spicy2
2,status,5,BODYGUARD,ALIVE,yskn67
2,status,6,VILLAGER,ALIVE,TRKOkami
2,status,7,WEREWOLF,ALIVE,cndl
2,status,8,POSSESSED,ALIVE,Udon
2,status,9,VILLAGER,ALIVE,marky
2,status,10,MEDIUM,ALIVE,Romanesco
2,status,11,WEREWOLF,ALIVE,wasabi
2,status,12,VILLAGER,ALIVE,Litt1eGirl
2,status,13,VILLAGER,ALIVE,sonoda
2,status,14,SEER,ALIVE,cash
2,status,15,VILLAGER,ALIVE,Serval
2,talk,0,0,13,VOTE Agent[01]
2,talk,1,0,10,COMINGOUT Agent[10] MEDIUM
2,talk,2,0,3,VOTE Agent[15]
2,talk,3,0,7,VOTE Agent[03]
2,talk,4,0,8,DIVINED Agent[03] HUMAN
2,talk,5,0,11,ESTIMATE Agent[10] VILLAGER
2,talk,6,0,6,Over
2,talk,7,0,5,ESTIMATE Agent[07] WEREWOLF
2,talk,8,0,1,VOTE Agent[13]
2,talk,9,0,14,DIVINED Agent[05] HUMAN
2,talk,10,0,9,VOTE Agent[13]
2,talk,11,0,15,Skip
2,talk,12,0,12,VOTE Agent[10]
2,talk,13,1,3,Skip
2,talk,14,1,8,VOTE Agent[05]
2,talk,15,1,1,Skip
2,talk,16,1,9,Skip
2,talk,17,1,11,ESTIMATE Agent[08] WEREWOLF
2,talk,18,1,10,IDENTIFIED Agent[04] WEREWOLF
2,talk,19,1,7,VOTE Agent[13]
2,talk,20,1,12,VOTE Agent[13]
2,talk,21,1,13,VOTE Agent[06]
2,talk,22,1,14,VOTE Agent[10]
2,talk,23,1,6,Over
2,talk,24,1,15,AGREE TALK day1 ID:4
2,talk,25,1,5,ESTIMATE Agent[06] WEREWOLF
2,talk,26,2,15,Over
2,talk,27,2,8,Over
2,talk,28,2,10,VOTE Agent[13]
2,talk,29,2,13,Skip
2,talk,30,2,7,ESTIMATE Agent[09] VILLAGER
2,talk,31,2,6,VOTE Agent[11]
2,talk,32,2,1,Skip
2,talk,33,2,5,VOTE Agent[06]
2,talk,34,2,11,ESTIMATE Agent[09] WEREWOLF
2,talk,35,2,9,Skip
2,talk,36,2,3,Skip
2,talk,37,2,14,Skip
2,talk,38,2,12,ESTIMATE Agent[13] WEREWOLF
2,talk,39,3,11,VOTE Agent[06]
2,talk,40,3,5,Skip
2,talk,41,3,7,Skip
2,talk,42,3,6,AGREE TALK day2 ID:31
2,talk,43,3,9,Over
2,talk,44,3,14,VOTE Agent[05]
2,talk,45,3,8,Over
2,talk,46,3,13,Skip
2,talk,47,3,10,Skip
2,talk,48,3,3,Over
2,talk,49,3,15,VOTE Agent[14]
2,talk,50,3,12,Over
2,talk,51,3,1,Over
2,talk,52,4,9,Over
2,talk,53,4,15,Over
2,talk,54,4,14,Skip
2,talk,55,4,11,Skip
2,talk,56,4,12,Over
2,talk,57,4,8,Over
2,talk,58,4,5,Skip
2,talk,59,4,6,Over
2,talk,60,4,1,VOTE Agent[06]
2,talk,61,4,10,Skip
2,talk,62,4,3,VOTE Agent[13]
2,talk,63,4,7,Skip
2,talk,64,4,13,Over
2,talk,65,5,14,Skip
2,talk,66,5,15,Over
2,talk,67,5,5,Over
2,talk,68,5,9,Over
2,talk,69,5,1,VOTE Agent[13]
2,talk,70,5,12,Over
2,talk,71,5,3,VOTE Agent[06]
2,talk,72,5,8,Over
2,talk,73,5,13,Over
2,talk,74,5,7,Over
2,talk,75,5,10,Over
2,talk,76,5,6,Over
2,talk,77,5,11,VOTE Agent[15]
2,talk,78,6,7,Over
2,talk,79,6,6,Over
2,talk,80,6,12,Over
2,talk,81,6,11,VOTE Agent[01]
2,talk,82,6,1,VOTE Agent[06]
2,talk,83,6,15,Over
2,talk,84,6,9,Over
2,talk,85,6,14,Over
2,talk,86,6,13,Over
2,talk,87,6,5,Over
2,talk,88,6,8,Over
2,talk,89,6,3,VOTE Agent[13]
2,talk,90,6,10,Over
2,talk,91,7,12,Over
2,talk,92,7,1,VOTE Agent[13]
2,talk,93,7,3,Skip
2,talk,94,7,8,Over
2,talk,95,7,10,Over
2,talk,96,7,11,Skip
2,talk,97,7,13,Over
2,talk,98,7,14,Over
2,talk,99,7,15,VOTE Agent[13]
2,talk,100,7,6,Over
2,talk,101,7,7,Over
2,talk,102,7,5,Over
2,talk,103,7,9,Over
2,talk,104,8,8,Over
2,talk,105,8,10,Over
2,talk,106,8,15,Over
2,talk,107,8,6,Over
2,talk,108,8,11,VOTE Agent[13]
2,talk,109,8,7,Over
2,talk,110,8,5,Over
2,talk,111,8,14,Over
2,talk,112,8,12,ESTIMATE Agent[13] WEREWOLF
2,talk,113,8,1,Skip
2,talk,114,8,3,Skip
2,talk,115,8,13,Over
2,talk,116,8,9,Over
2,talk,117,9,6,Over
2,talk,118,9,3,Over
2,talk,119,9,12,Over
2,talk,120,9,1,Skip
2,talk,121,9,11,Over
2,talk,122,9,15,Over
2,talk,123,9,9,Over
2,talk,124,9,14,Over
2,talk,125,9,8,Over
2,talk,126,9,5,Over
2,talk,127,9,7,Over
2,talk,128,9,13,Over
2,talk,129,9,10,Over
2,talk,130,10,5,Over
2,talk,131,10,8,Over
2,talk,132,10,14,Over
2,talk,133,10,11,Over
2,talk,134,10,12,Over
2,talk,135,10,9,Over
2,talk,136,10,1,Over
2,talk,137,10,10,Over
2,talk,138,10,13,Over
2,talk,139,10,3,Over
2,talk,140,10,7,Over
2,talk,141,10,6,Over
2,talk,142,10,15,Over
2,vote,1,13
2,vote,3,13
2,vote,5,6
2,vote,6,11
2,vote,7,13
2,vote,8,5
2,vote,9,13
2,vote,10,13
2,vote,11,13
2,vote,12,13
2,vote,13,6
2,vote,14,5
2,vote,15,6
2,execute,13,VILLAGER
2,divine,14,10,HUMAN
2,whisper,0,0,7,ATTACK Agent[03]
2,whisper,1,0,11,ATTACK Agent[14]
2,whisper,2,1,11,Over
2,whisper,3,1,7,ATTACK Agent[12]
2,whisper,4,2,7,Skip
2,whisper,5,2,11,ATTACK Agent[08]
2,whisper,6,3,7,Skip
2,whisper,7,3,11,Over
2,whisper,8,4,11,Over
2,whisper,9,4,7,Over
2,guard,5,3,VILLAGER
2,attackVote,7,12
2,attackVote,11,8
2,attackVote,7,12
2,attackVote,11,14
2,attack,12,true
3,status,1,VILLAGER,ALIVE,f6wbl6
3,status,2,VILLAGER,DEAD,WolfKing
3,status,3,VILLAGER,ALIVE,WordWolf
3,status,4,WEREWOLF,DEAD,spicy2
3,status,5,BODYGUARD,ALIVE,yskn67
3,status,6,VILLAGER,ALIVE,TRKOkami
3,status,7,WEREWOLF,ALIVE,cndl
3,status,8,POSSESSED,ALIVE,Udon
3,status,9,VILLAGER,ALIVE,marky
3,status,10,MEDIUM,ALIVE,Romanesco
3,status,11,WEREWOLF,ALIVE,wasabi
3,status,12,VILLAGER,DEAD,Litt1eGirl
3,status,13,VILLAGER,DEAD,sonoda
3,status,14,SEER,ALIVE,cash
3,status,15,VILLAGER,ALIVE,Serval
3,talk,0,0,5,ESTIMATE Agent[15] WEREWOLF
3,talk,1,0,6,Over
3,talk,2,0,8,DIVINED Agent[15] HUMAN
3,talk,3,0,15,Skip
3,talk,4,0,3,VOTE Agent[15]
3,talk,5,0,7,VOTE Agent[06]
3,talk,6,0,14,DIVINED Agent[10] HUMAN
3,talk,7,0,11,Skip
3,talk,8,0,1,VOTE Agent[15]
3,talk,9,0,10,IDENTIFIED Agent[13] HUMAN
3,talk,10,0,9,VOTE Agent[01]
3,talk,11,1,1,VOTE Agent[06]
3,talk,12,1,6,Over
3,talk,13,1,15,AGREE TALK day1 ID:4
3,talk,14,1,3,Skip
3,talk,15,1,11,ESTIMATE Agent[05] VILLAGER
3,talk,16,1,10,VOTE Agent[06]
3,talk,17,1,9,VOTE Agent[06]
3,talk,18,1,8,VOTE Agent[10]
3,talk,19,1,5,ESTIMATE Agent[11] WEREWOLF
3,talk,20,1,14,VOTE Agent[05]
3,talk,21,1,7,VOTE Agent[15]
3,talk,22,2,15,Over
3,talk,23,2,14,Skip
3,talk,24,2,11,ESTIMATE Agent[05] VILLAGER
3,talk,25,2,10,Skip
3,talk,26,2,7,VOTE Agent[06]
3,talk,27,2,8,VOTE Agent[05]
3,talk,28,2,5,VOTE Agent[11]
3,talk,29,2,9,Skip
3,talk,30,2,1,Skip
3,talk,31,2,6,VOTE Agent[15]
3,talk,32,2,3,Skip
3,talk,33,3,14,Skip
3,talk,34,3,5,Skip
3,talk,35,3,6,Over
3,talk,36,3,1,Skip
3,talk,37,3,8,Over
3,talk,38,3,15,VOTE Agent[14]
3,talk,39,3,11,VOTE Agent[06]
3,talk,40,3,9,Skip
3,talk,41,3,7,ESTIMATE Agent[09] VILLAGER
3,talk,42,3,3,Over
3,talk,43,3,10,Skip
3,talk,44,4,11,ESTIMATE Agent[08] WEREWOLF
3,talk,45,4,15,Over
3,talk,46,4,7,Skip
3,talk,47,4,10,Over
3,talk,48,4,3,VOTE Agent[06]
3,talk,49,4,1,Over
3,talk,50,4,8,Over
3,talk,51,4,6,Over
3,talk,52,4,14,Over
3,talk,53,4,5,Skip
3,talk,54,4,9,Over
3,talk,55,5,9,Over
3,talk,56,5,8,Over
3,talk,57,5,6,Over
3,talk,58,5,15,VOTE Agent[11]
3,talk,59,5,7,Skip
3,talk,60,5,10,Over
3,talk,61,5,1,Over
3,talk,62,5,14,Over
3,talk,63,5,5,Over
3,talk,64,5,11,Skip
3,talk,65,5,3,Skip
3,talk,66,6,1,Over
3,talk,67,6,14,Over
3,talk,68,6,15,Over
3,talk,69,6,9,Over
3,talk,70,6,6,Over
3,talk,71,6,7,Over
3,talk,72,6,10,Over
3,talk,73,6,5,Over
3,talk,74,6,3,Skip
3,talk,75,6,11,Skip
3,talk,76,6,8,Over
3,talk,77,7,11,ESTIMATE Agent[10] MEDIUM
3,talk,78,7,5,Over
3,talk,79,7,6,Over
3,talk,80,7,15,Over
3,talk,81,7,3,Over
3,talk,82,7,1,Over
3,talk,83,7,7,Over
3,talk,84,7,14,Over
3,talk,85,7,10,Over
3,talk,86,7,8,Over
3,talk,87,7,9,Over
3,talk,88,8,1,Over
3,talk,89,8,10,Over
3,talk,90,8,8,Over
3,talk,91,8,3,Over
3,talk,92,8,11,ESTIMATE Agent[07] WEREWOLF
3,talk,93,8,15,Over
3,talk,94,8,14,Over
3,talk,95,8,6,Over
3,talk,96,8,5,Over
3,talk,97,8,9,Over
3,talk,98,8,7,Over
3,talk,99,9,6,Over
3,talk,100,9,9,Over
3,talk,101,9,11,Over
3,talk,102,9,1,Over
3,talk,103,9,3,Over
3,talk,104,9,14,Over
3,talk,105,9,5,Over
3,talk,106,9,15,Over
3,talk,107,9,8,Over
3,talk,108,9,7,Over
3,talk,109,9,10,Over
3,vote,1,6
3,vote,3,6
3,vote,5,11
3,vote,6,15
3,vote,7,6
3,vote,8,5
3,vote,9,6
3,vote,10,6
3,vote,11,6
3,vote,14,5
3,vote,15,11
3,execute,6,VILLAGER
3,divine,14,9,HUMAN
3,whisper,0,0,11,ATTACK Agent[14]
3,whisper,1,0,7,ATTACK Agent[03]
3,whisper,2,1,11,Over
3,whisper,3,1,7,ATTACK Agent[01]
3,whisper,4,2,11,Over
3,whisper,5,2,7,Skip
3,whisper,6,3,7,Skip
3,whisper,7,3,11,Over
3,whisper,8,4,7,Over
3,whisper,9,4,11,Over
3,guard,5,3,VILLAGER
3,attackVote,7,1
3,attackVote,11,14
3,attackVote,7,1
3,attackVote,11,14
3,attack,14,true
4,status,1,VILLAGER,ALIVE,f6wbl6
4,status,2,VILLAGER,DEAD,WolfKing
4,status,3,VILLAGER,ALIVE,WordWolf
4,status,4,WEREWOLF,DEAD,spicy2
4,status,5,BODYGUARD,ALIVE,yskn67
4,status,6,VILLAGER,DEAD,TRKOkami
4,status,7,WEREWOLF,ALIVE,cndl
4,status,8,POSSESSED,ALIVE,Udon
4,status,9,VILLAGER,ALIVE,marky
4,status,10,MEDIUM,ALIVE,Romanesco
4,status,11,WEREWOLF,ALIVE,wasabi
4,status,12,VILLAGER,DEAD,Litt1eGirl
4,status,13,VILLAGER,DEAD,sonoda
4,status,14,SEER,DEAD,cash
4,status,15,VILLAGER,ALIVE,Serval
4,talk,0,0,3,VOTE Agent[15]
4,talk,1,0,15,Skip
4,talk,2,0,11,ESTIMATE Agent[15] VILLAGER
4,talk,3,0,9,VOTE Agent[01]
4,talk,4,0,10,IDENTIFIED Agent[06] HUMAN
4,talk,5,0,7,VOTE Agent[05]
4,talk,6,0,1,VOTE Agent[09]
4,talk,7,0,8,DIVINED Agent[07] HUMAN
4,talk,8,0,5,ESTIMATE Agent[08] WEREWOLF
4,talk,9,1,11,ESTIMATE Agent[08] WEREWOLF
4,talk,10,1,8,VOTE Agent[05]
4,talk,11,1,3,Skip
4,talk,12,1,10,VOTE Agent[01]
4,talk,13,1,9,Skip
4,talk,14,1,15,VOTE Agent[11]
4,talk,15,1,1,Skip
4,talk,16,1,5,VOTE Agent[08]
4,talk,17,1,7,VOTE Agent[01]
4,talk,18,2,8,Over
4,talk,19,2,3,Skip
4,talk,20,2,11,ESTIMATE Agent[01] WEREWOLF
4,talk,21,2,7,ESTIMATE Agent[09] VILLAGER
4,talk,22,2,5,Skip
4,talk,23,2,10,Skip
4,talk,24,2,1,Skip
4,talk,25,2,9,Skip
4,talk,26,2,15,Over
4,talk,27,3,5,Skip
4,talk,28,3,10,Skip
4,talk,29,3,7,Skip
4,talk,30,3,11,VOTE Agent[01]
4,talk,31,3,9,Over
4,talk,32,3,1,Over
4,talk,33,3,8,Over
4,talk,34,3,15,Over
4,talk,35,3,3,Over
4,talk,36,4,11,ESTIMATE Agent[08] WEREWOLF
4,talk,37,4,1,Over
4,talk,38,4,9,Over
4,talk,39,4,8,Over
4,talk,40,4,10,Over
4,talk,41,4,15,Over
4,talk,42,4,5,Over
4,talk,43,4,3,VOTE Agent[01]
4,talk,44,4,7,Skip
4,talk,45,5,11,ESTIMATE Agent[08] WEREWOLF
4,talk,46,5,3,Skip
4,talk,47,5,1,Over
4,talk,48,5,8,Over
4,talk,49,5,9,Over
4,talk,50,5,5,Over
4,talk,51,5,7,Over
4,talk,52,5,10,Over
4,talk,53,5,15,Over
4,talk,54,6,9,Over
4,talk,55,6,15,Over
4,talk,56,6,10,Over
4,talk,57,6,7,Over
4,talk,58,6,8,Over
4,talk,59,6,1,Over
4,talk,60,6,3,Skip
4,talk,61,6,5,Over
4,talk,62,6,11,ESTIMATE Agent[03] VILLAGER
4,talk,63,7,15,Over
4,talk,64,7,3,Over
4,talk,65,7,9,Over
4,talk,66,7,8,Over
4,talk,67,7,1,Over
4,talk,68,7,11,ESTIMATE Agent[03] VILLAGER
4,talk,69,7,10,Over
4,talk,70,7,7,Over
4,talk,71,7,5,Over
4,talk,72,8,1,Over
4,talk,73,8,15,Over
4,talk,74,8,11,ESTIMATE Agent[01] WEREWOLF
4,talk,75,8,8,Over
4,talk,76,8,9,Over
4,talk,77,8,5,Over
4,talk,78,8,7,Over
4,talk,79,8,10,Over
4,talk,80,8,3,Over
4,talk,81,9,11,Over
4,talk,82,9,5,Over
4,talk,83,9,1,Over
4,talk,84,9,7,Over
4,talk,85,9,10,Over
4,talk,86,9,3,Over
4,talk,87,9,8,Over
4,talk,88,9,15,Over
4,talk,89,9,9,Over
4,vote,1,9
4,vote,3,1
4,vote,5,8
4,vote,7,1
4,vote,8,5
4,vote,9,1
4,vote,10,1
4,vote,11,1
4,vote,15,11
4,execute,1,VILLAGER
4,whisper,0,0,7,ESTIMATE Agent[08] POSSESSED
4,whisper,1,0,11,ATTACK Agent[10]
4,whisper,2,1,11,Over
4,whisper,3,1,7,ATTACK Agent[03]
4,whisper,4,2,7,ATTACK Agent[15]
4,whisper,5,2,11,Over
4,whisper,6,3,7,Skip
4,whisper,7,3,11,ESTIMATE Agent[08] POSSESSED
4,whisper,8,4,7,Skip
4,whisper,9,4,11,Over
4,whisper,10,5,7,Over
4,whisper,11,5,11,ESTIMATE Agent[08] POSSESSED
4,whisper,12,6,7,Over
4,whisper,13,6,11,Over
4,guard,5,3,VILLAGER
4,attackVote,7,15
4,attackVote,11,10
4,attackVote,7,15
4,attackVote,11,10
4,attack,10,true
5,status,1,VILLAGER,DEAD,f6wbl6
5,status,2,VILLAGER,DEAD,WolfKing
5,status,3,VILLAGER,ALIVE,WordWolf
5,status,4,WEREWOLF,DEAD,spicy2
5,status,5,BODYGUARD,ALIVE,yskn67
5,status,6,VILLAGER,DEAD,TRKOkami
5,status,7,WEREWOLF,ALIVE,cndl
5,status,8,POSSESSED,ALIVE,Udon
5,status,9,VILLAGER,ALIVE,marky
5,status,10,MEDIUM,DEAD,Romanesco
5,status,11,WEREWOLF,ALIVE,wasabi
5,status,12,VILLAGER,DEAD,Litt1eGirl
5,status,13,VILLAGER,DEAD,sonoda
5,status,14,SEER,DEAD,cash
5,status,15,VILLAGER,ALIVE,Serval
5,talk,0,0,15,Skip
5,talk,1,0,7,VOTE Agent[09]
5,talk,2,0,5,ESTIMATE Agent[08] WEREWOLF
5,talk,3,0,3,VOTE Agent[15]
5,talk,4,0,8,DIVINED Agent[11] HUMAN
5,talk,5,0,9,VOTE Agent[15]
5,talk,6,0,11,Skip
5,talk,7,1,11,ESTIMATE Agent[07] VILLAGER
5,talk,8,1,9,Skip
5,talk,9,1,3,Skip
5,talk,10,1,15,AGREE TALK day1 ID:4
5,talk,11,1,5,VOTE Agent[08]
5,talk,12,1,7,VOTE Agent[15]
5,talk,13,1,8,VOTE Agent[05]
5,talk,14,2,7,ESTIMATE Agent[09] VILLAGER
5,talk,15,2,15,Over
5,talk,16,2,9,Skip
5,talk,17,2,11,ESTIMATE Agent[08] WEREWOLF
5,talk,18,2,5,Skip
5,talk,19,2,3,Skip
5,talk,20,2,8,Over
5,talk,21,3,11,VOTE Agent[09]
5,talk,22,3,7,Skip
5,talk,23,3,8,Over
5,talk,24,3,15,VOTE Agent[11]
5,talk,25,3,9,Over
5,talk,26,3,5,Skip
5,talk,27,3,3,Over
5,talk,28,4,3,Over
5,talk,29,4,5,Over
5,talk,30,4,8,Over
5,talk,31,4,15,Over
5,talk,32,4,7,Skip
5,talk,33,4,9,Over
5,talk,34,4,11,ESTIMATE Agent[09] WEREWOLF
5,talk,35,5,5,Over
5,talk,36,5,7,Over
5,talk,37,5,15,Over
5,talk,38,5,11,ESTIMATE Agent[15] VILLAGER
5,talk,39,5,3,Over
5,talk,40,5,9,Over
5,talk,41,5,8,Over
5,talk,42,6,9,Over
5,talk,43,6,5,Over
5,talk,44,6,7,Over
5,talk,45,6,3,Over
5,talk,46,6,8,Over
5,talk,47,6,11,Skip
5,talk,48,6,15,Over
5,talk,49,7,5,Over
5,talk,50,7,15,Over
5,talk,51,7,9,Over
5,talk,52,7,8,Over
5,talk,53,7,7,Over
5,talk,54,7,3,Over
5,talk,55,7,11,ESTIMATE Agent[09] WEREWOLF
5,talk,56,8,7,Over
5,talk,57,8,3,Over
5,talk,58,8,5,Over
5,talk,59,8,11,ESTIMATE Agent[09] WEREWOLF
5,talk,60,8,8,Over
5,talk,61,8,9,Over
5,talk,62,8,15,Over
5,talk,63,9,5,Over
5,talk,64,9,9,Over
5,talk,65,9,11,Over
5,talk,66,9,15,Over
5,talk,67,9,8,Over
5,talk,68,9,7,Over
5,talk,69,9,3,Over
5,vote,3,15
5,vote,5,8
5,vote,7,15
5,vote,8,5
5,vote,9,15
5,vote,11,9
5,vote,15,7
5,execute,15,VILLAGER
5,whisper,0,0,7,ATTACK Agent[03]
5,whisper,1,0,11,ATTACK Agent[03]
5,whisper,2,1,11,Over
5,whisper,3,1,7,ATTACK Agent[03]
5,whisper,4,2,7,Skip
5,whisper,5,2,11,Over
5,whisper,6,3,11,Over
5,whisper,7,3,7,Skip
5,whisper,8,4,7,Over
5,whisper,9,4,11,ESTIMATE Agent[08] POSSESSED
5,whisper,10,5,11,Over
5,whisper,11,5,7,Over
5,guard,5,3,VILLAGER
5,attackVote,7,3
5,attackVote,11,3
5,attack,3,false
6,status,1,VILLAGER,DEAD,f6wbl6
6,status,2,VILLAGER,DEAD,WolfKing
6,status,3,VILLAGER,ALIVE,WordWolf
6,status,4,WEREWOLF,DEAD,spicy2
6,status,5,BODYGUARD,ALIVE,yskn67
6,status,6,VILLAGER,DEAD,TRKOkami
6,status,7,WEREWOLF,ALIVE,cndl
6,status,8,POSSESSED,ALIVE,Udon
6,status,9,VILLAGER,ALIVE,marky
6,status,10,MEDIUM,DEAD,Romanesco
6,status,11,WEREWOLF,ALIVE,wasabi
6,status,12,VILLAGER,DEAD,Litt1eGirl
6,status,13,VILLAGER,DEAD,sonoda
6,status,14,SEER,DEAD,cash
6,status,15,VILLAGER,DEAD,Serval
6,talk,0,0,3,VOTE Agent[07]
6,talk,1,0,11,ESTIMATE Agent[03] VILLAGER
6,talk,2,0,7,VOTE Agent[09]
6,talk,3,0,9,VOTE Agent[03]
6,talk,4,0,5,COMINGOUT Agent[05] POSSESSED
6,talk,5,0,8,DIVINED Agent[09] HUMAN
6,talk,6,1,9,VOTE Agent[05]
6,talk,7,1,7,ESTIMATE Agent[03] VILLAGER
6,talk,8,1,5,ESTIMATE Agent[08] WEREWOLF
6,talk,9,1,11,Skip
6,talk,10,1,8,VOTE Agent[05]
6,talk,11,1,3,Skip
6,talk,12,2,3,Skip
6,talk,13,2,7,VOTE Agent[05]
6,talk,14,2,9,Skip
6,talk,15,2,5,VOTE Agent[08]
6,talk,16,2,8,Over
6,talk,17,2,11,ESTIMATE Agent[09] VILLAGER
6,talk,18,3,8,Over
6,talk,19,3,3,Over
6,talk,20,3,11,VOTE Agent[05]
6,talk,21,3,5,Skip
6,talk,22,3,7,Skip
6,talk,23,3,9,Skip
6,talk,24,4,8,Over
6,talk,25,4,7,Skip
6,talk,26,4,9,Over
6,talk,27,4,3,VOTE Agent[05]
6,talk,28,4,5,Skip
6,talk,29,4,11,ESTIMATE Agent[05] WEREWOLF
6,talk,30,5,11,REQUEST(VOTE Agent[05])
6,talk,31,5,8,Over
6,talk,32,5,3,Skip
6,talk,33,5,9,Over
6,talk,34,5,7,Over
6,talk,35,5,5,Over
6,talk,36,6,3,Skip
6,talk,37,6,7,Over
6,talk,38,6,5,Over
6,talk,39,6,9,Over
6,talk,40,6,11,ESTIMATE Agent[05] WEREWOLF
6,talk,41,6,8,Over
6,talk,42,7,7,Over
6,talk,43,7,11,ESTIMATE Agent[07] VILLAGER
6,talk,44,7,3,Over
6,talk,45,7,9,Over
6,talk,46,7,8,Over
6,talk,47,7,5,Over
6,talk,48,8,9,Over
6,talk,49,8,7,Over
6,talk,50,8,3,Over
6,talk,51,8,8,Over
6,talk,52,8,11,Skip
6,talk,53,8,5,Over
6,talk,54,9,9,Over
6,talk,55,9,7,Over
6,talk,56,9,11,Over
6,talk,57,9,5,Over
6,talk,58,9,3,Over
6,talk,59,9,8,Over
6,vote,3,5
6,vote,5,8
6,vote,7,5
6,vote,8,5
6,vote,9,5
6,vote,11,5
6,execute,5,BODYGUARD
6,whisper,0,0,7,ATTACK Agent[03]
6,whisper,1,0,11,ATTACK Agent[09]
6,whisper,2,1,7,ATTACK Agent[03]
6,whisper,3,1,11,ESTIMATE Agent[08] POSSESSED
6,whisper,4,2,11,ATTACK Agent[03]
6,whisper,5,2,7,Skip
6,whisper,6,3,7,Skip
6,whisper,7,3,11,REQUEST(ATTACK Agent[03])
6,whisper,8,4,7,Over
6,whisper,9,4,11,Over
6,attackVote,7,3
6,attackVote,11,3
6,attack,3,true
7,status,1,VILLAGER,DEAD,f6wbl6
7,status,2,VILLAGER,DEAD,WolfKing
7,status,3,VILLAGER,DEAD,WordWolf
7,status,4,WEREWOLF,DEAD,spicy2
7,status,5,BODYGUARD,DEAD,yskn67
7,status,6,VILLAGER,DEAD,TRKOkami
7,status,7,WEREWOLF,ALIVE,cndl
7,status,8,POSSESSED,ALIVE,Udon
7,status,9,VILLAGER,ALIVE,marky
7,status,10,MEDIUM,DEAD,Romanesco
7,status,11,WEREWOLF,ALIVE,wasabi
7,status,12,VILLAGER,DEAD,Litt1eGirl
7,status,13,VILLAGER,DEAD,sonoda
7,status,14,SEER,DEAD,cash
7,status,15,VILLAGER,DEAD,Serval
7,result,2,2,WEREWOLF
