0,status,1,POSSESSED,ALIVE,f6wbl6
0,status,2,MEDIUM,ALIVE,WolfKing
0,status,3,VILLAGER,ALIVE,WordWolf
0,status,4,VILLAGER,ALIVE,spicy2
0,status,5,VILLAGER,ALIVE,yskn67
0,status,6,WEREWOLF,ALIVE,TRKOkami
0,status,7,WEREWOLF,ALIVE,cndl
0,status,8,VILLAGER,ALIVE,Udon
0,status,9,VILLAGER,ALIVE,marky
0,status,10,BODYGUARD,ALIVE,Romanesco
0,status,11,VILLAGER,ALIVE,wasabi
0,status,12,VILLAGER,ALIVE,Litt1eGirl
0,status,13,SEER,ALIVE,sonoda
0,status,14,VILLAGER,ALIVE,cash
0,status,15,WEREWOLF,ALIVE,Serval
0,whisper,0,0,6,COMINGOUT Agent[06] VILLAGER
0,whisper,1,0,7,COMINGOUT Agent[07] VILLAGER
0,whisper,2,0,15,COMINGOUT Agent[15] VILLAGER
0,whisper,3,1,15,Over
0,whisper,4,1,7,Skip
0,whisper,5,1,6,Over
0,whisper,6,2,7,Skip
0,whisper,7,2,15,Over
0,whisper,8,2,6,Over
0,whisper,9,3,15,Over
0,whisper,10,3,7,Over
0,whisper,11,3,6,Over
0,divine,13,1,HUMAN
1,status,1,POSSESSED,ALIVE,f6wbl6
1,status,2,MEDIUM,ALIVE,WolfKing
1,status,3,VILLAGER,ALIVE,WordWolf
1,status,4,VILLAGER,ALIVE,spicy2
1,status,5,VILLAGER,ALIVE,yskn67
1,status,6,WEREWOLF,ALIVE,TRKOkami
1,status,7,WEREWOLF,ALIVE,cndl
1,status,8,VILLAGER,ALIVE,Udon
1,status,9,VILLAGER,ALIVE,marky
1,status,10,BODYGUARD,ALIVE,Romanesco
1,status,11,VILLAGER,ALIVE,wasabi
1,status,12,VILLAGER,ALIVE,Litt1eGirl
1,status,13,SEER,ALIVE,sonoda
1,status,14,VILLAGER,ALIVE,cash
1,status,15,WEREWOLF,ALIVE,Serval
1,talk,0,0,12,VOTE Agent[02]
1,talk,1,0,4,VOTE Agent[01]
1,talk,2,0,14,VOTE Agent[02]
1,talk,3,0,10,VOTE Agent[12]
1,talk,4,0,11,Skip
1,talk,5,0,15,Skip
1,talk,6,0,1,COMINGOUT Agent[01] SEER
1,talk,7,0,2,COMINGOUT Agent[02] MEDIUM
1,talk,8,0,9,VOTE Agent[12]
1,talk,9,0,13,COMINGOUT Agent[13] SEER
1,talk,10,0,3,VOTE Agent[01]
1,talk,11,0,6,Over
1,talk,12,0,5,ESTIMATE Agent[01] WEREWOLF
1,talk,13,0,8,VOTE Agent[12]
1,talk,14,0,7,VOTE Agent[12]
1,talk,15,1,12,VOTE Agent[01]
1,talk,16,1,2,VOTE Agent[12]
1,talk,17,1,5,ESTIMATE Agent[03] WEREWOLF
1,talk,18,1,14,VOTE Agent[06]
1,talk,19,1,11,ESTIMATE Agent[02] MEDIUM
1,talk,20,1,4,VOTE Agent[03]
1,talk,21,1,3,Skip
1,talk,22,1,1,DIVINED Agent[13] WEREWOLF
1,talk,23,1,10,Skip
1,talk,24,1,6,AGREE TALK day1 ID:14
1,talk,25,1,8,Over
1,talk,26,1,9,Skip
1,talk,27,1,7,VOTE Agent[05]
1,talk,28,1,13,DIVINED Agent[01] HUMAN
1,talk,29,1,15,AGREE TALK day1 ID:2
1,talk,30,2,9,Skip
1,talk,31,2,12,Over
1,talk,32,2,2,Skip
1,talk,33,2,6,Over
1,talk,34,2,11,ESTIMATE Agent[03] WEREWOLF
1,talk,35,2,1,VOTE Agent[13]
1,talk,36,2,3,Skip
1,talk,37,2,5,VOTE Agent[03]
1,talk,38,2,7,VOTE Agent[12]
1,talk,39,2,13,VOTE Agent[03]
1,talk,40,2,4,VOTE Agent[14]
1,talk,41,2,15,Over
1,talk,42,2,14,VOTE Agent[15]
1,talk,43,2,10,Skip
1,talk,44,2,8,VOTE Agent[03]
1,talk,45,3,2,VOTE Agent[06]
1,talk,46,3,10,VOTE Agent[06]
1,talk,47,3,4,Skip
1,talk,48,3,11,VOTE Agent[07]
1,talk,49,3,6,Over
1,talk,50,3,8,Over
1,talk,51,3,3,Over
1,talk,52,3,7,Skip
1,talk,53,3,12,VOTE Agent[03]
1,talk,54,3,5,Skip
1,talk,55,3,14,VOTE Agent[06]
1,talk,56,3,9,VOTE Agent[06]
1,talk,57,3,13,Skip
1,talk,58,3,1,VOTE Agent[12]
1,talk,59,3,15,VOTE Agent[13]
1,talk,60,4,11,VOTE Agent[03]
1,talk,61,4,3,VOTE Agent[06]
1,talk,62,4,14,Skip
1,talk,63,4,7,VOTE Agent[03]
1,talk,64,4,15,Over
1,talk,65,4,10,Skip
1,talk,66,4,13,Skip
1,talk,67,4,5,Skip
1,talk,68,4,12,Over
1,talk,69,4,8,Over
1,talk,70,4,9,Skip
1,talk,71,4,1,Skip
1,talk,72,4,2,Skip
1,talk,73,4,4,Skip
1,talk,74,4,6,Over
1,talk,75,5,8,Over
1,talk,76,5,7,Skip
1,talk,77,5,1,VOTE Agent[03]
1,talk,78,5,2,VOTE Agent[03]
1,talk,79,5,11,VOTE Agent[06]
1,talk,80,5,4,Over
1,talk,81,5,5,Over
1,talk,82,5,9,Skip
1,talk,83,5,6,Over
1,talk,84,5,14,Skip
1,talk,85,5,15,Over
1,talk,86,5,13,Over
1,talk,87,5,10,VOTE Agent[03]
1,talk,88,5,3,Skip
1,talk,89,5,12,Over
1,talk,90,6,15,Over
1,talk,91,6,6,Over
1,talk,92,6,11,VOTE Agent[14]
1,talk,93,6,5,Over
1,talk,94,6,7,Skip
1,talk,95,6,10,Skip
1,talk,96,6,8,Over
1,talk,97,6,13,Over
1,talk,98,6,14,Over
1,talk,99,6,4,Over
1,talk,100,6,12,ESTIMATE Agent[03] WEREWOLF
1,talk,101,6,1,Skip
1,talk,102,6,9,Over
1,talk,103,6,2,Skip
1,talk,104,6,3,Skip
1,talk,105,7,5,Over
1,talk,106,7,9,Over
1,talk,107,7,15,Over
1,talk,108,7,7,Over
1,talk,109,7,1,Skip
1,talk,110,7,8,Over
1,talk,111,7,10,Skip
1,talk,112,7,3,Over
1,talk,113,7,4,Over
1,talk,114,7,11,Skip
1,talk,115,7,13,Over
1,talk,116,7,2,Skip
1,talk,117,7,6,Over
1,talk,118,7,12,Over
1,talk,119,7,14,Over
1,talk,120,8,5,Over
1,talk,121,8,10,Over
1,talk,122,8,11,ESTIMATE Agent[04] WEREWOLF
1,talk,123,8,12,Over
1,talk,124,8,15,Over
1,talk,125,8,8,Over
1,talk,126,8,2,Over
1,talk,127,8,9,Over
1,talk,128,8,7,Over
1,talk,129,8,4,Over
1,talk,130,8,3,Over
1,talk,131,8,6,Over
1,talk,132,8,14,Over
1,talk,133,8,1,Over
1,talk,134,8,13,Over
1,talk,135,9,15,Over
1,talk,136,9,5,Over
1,talk,137,9,11,Over
1,talk,138,9,6,Over
1,talk,139,9,12,Over
1,talk,140,9,7,Over
1,talk,141,9,13,Over
1,talk,142,9,2,Over
1,talk,143,9,3,Over
1,talk,144,9,10,Over
1,talk,145,9,8,Over
1,talk,146,9,1,Over
1,talk,147,9,14,Over
1,talk,148,9,4,Over
1,talk,149,9,9,Over
1,vote,1,3
1,vote,2,3
1,vote,3,6
1,vote,4,14
1,vote,5,3
1,vote,6,2
1,vote,7,3
1,vote,8,3
1,vote,9,6
1,vote,10,3
1,vote,11,14
1,vote,12,3
1,vote,13,3
1,vote,14,6
1,vote,15,13
1,execute,3,VILLAGER
1,divine,13,15,WEREWOLF
1,whisper,0,0,15,ESTIMATE Agent[12] POSSESSED
1,whisper,1,0,7,ESTIMATE Agent[01] POSSESSED
1,whisper,2,0,6,ESTIMATE Agent[13] POSSESSED
1,whisper,3,1,15,ESTIMATE Agent[13] SEER
1,whisper,4,1,7,ATTACK Agent[01]
1,whisper,5,1,6,Over
1,whisper,6,2,7,Skip
1,whisper,7,2,6,Over
1,whisper,8,2,15,ATTACK Agent[13]
1,whisper,9,3,15,Over
1,whisper,10,3,7,Skip
1,whisper,11,3,6,Over
1,whisper,12,4,15,Over
1,whisper,13,4,7,Over
1,whisper,14,4,6,Over
1,guard,10,1,POSSESSED
1,attackVote,6,2
1,attackVote,7,1
1,attackVote,15,13
1,attackVote,6,2
1,attackVote,7,1
1,attackVote,15,13
1,attack,13,true
2,status,1,POSSESSED,ALIVE,f6wbl6
2,status,2,MEDIUM,ALIVE,WolfKing
2,status,3,VILLAGER,DEAD,WordWolf
2,status,4,VILLAGER,ALIVE,spicy2
2,status,5,VILLAGER,ALIVE,yskn67
2,status,6,WEREWOLF,ALIVE,TRKOkami
2,status,7,WEREWOLF,ALIVE,cndl
2,status,8,VILLAGER,ALIVE,Udon
2,status,9,VILLAGER,ALIVE,marky
2,status,10,BODYGUARD,ALIVE,Romanesco
2,status,11,VILLAGER,ALIVE,wasabi
2,status,12,VILLAGER,ALIVE,Litt1eGirl
2,status,13,SEER,DEAD,sonoda
2,status,14,VILLAGER,ALIVE,cash
2,status,15,WEREWOLF,ALIVE,Serval
2,talk,0,0,10,VOTE Agent[06]
2,talk,1,0,12,VOTE Agent[05]
2,talk,2,0,9,VOTE Agent[06]
2,talk,3,0,11,ESTIMATE Agent[01] WEREWOLF
2,talk,4,0,6,Over
2,talk,5,0,7,VOTE Agent[14]
2,talk,6,0,8,VOTE Agent[06]
2,talk,7,0,15,Skip
2,talk,8,0,5,ESTIMATE Agent[15] WEREWOLF
2,talk,9,0,4,VOTE Agent[15]
2,talk,10,0,1,DIVINED Agent[01] WEREWOLF
2,talk,11,0,2,IDENTIFIED Agent[03] HUMAN
2,talk,12,0,14,VOTE Agent[06]
2,talk,13,1,8,Over
2,talk,14,1,5,VOTE Agent[15]
2,talk,15,1,10,Skip
2,talk,16,1,12,VOTE Agent[06]
2,talk,17,1,4,Skip
2,talk,18,1,1,VOTE Agent[01]
2,talk,19,1,15,AGREE TALK day1 ID:2
2,talk,20,1,14,Skip
2,talk,21,1,9,Skip
2,talk,22,1,11,Skip
2,talk,23,1,2,VOTE Agent[06]
2,talk,24,1,6,AGREE TALK day2 ID:9
2,talk,25,1,7,VOTE Agent[06]
2,talk,26,2,8,Over
2,talk,27,2,6,Over
2,talk,28,2,11,ESTIMATE Agent[10] VILLAGER
2,talk,29,2,15,Over
2,talk,30,2,9,Skip
2,talk,31,2,12,Over
2,talk,32,2,14,Skip
2,talk,33,2,4,Skip
2,talk,34,2,10,Skip
2,talk,35,2,1,VOTE Agent[06]
2,talk,36,2,7,ESTIMATE Agent[12] VILLAGER
2,talk,37,2,2,Skip
2,talk,38,2,5,Skip
2,talk,39,3,2,Skip
2,talk,40,3,11,VOTE Agent[06]
2,talk,41,3,1,Skip
2,talk,42,3,6,Over
2,talk,43,3,15,Over
2,talk,44,3,4,Over
2,talk,45,3,7,Skip
2,talk,46,3,9,Over
2,talk,47,3,14,Over
2,talk,48,3,5,Skip
2,talk,49,3,12,Over
2,talk,50,3,8,Over
2,talk,51,3,10,Over
2,talk,52,4,1,Skip
2,talk,53,4,12,ESTIMATE Agent[06] WEREWOLF
2,talk,54,4,5,Over
2,talk,55,4,8,Over
2,talk,56,4,15,Over
2,talk,57,4,14,Over
2,talk,58,4,11,ESTIMATE Agent[01] WEREWOLF
2,talk,59,4,4,Over
2,talk,60,4,6,Over
2,talk,61,4,10,Over
2,talk,62,4,9,Over
2,talk,63,4,7,Skip
2,talk,64,4,2,Over
2,talk,65,5,11,ESTIMATE Agent[01] WEREWOLF
2,talk,66,5,15,Over
2,talk,67,5,12,Over
2,talk,68,5,7,Over
2,talk,69,5,2,Over
2,talk,70,5,10,Over
2,talk,71,5,1,Over
2,talk,72,5,6,Over
2,talk,73,5,14,VOTE Agent[05]
2,talk,74,5,8,Over
2,talk,75,5,4,Over
2,talk,76,5,9,Over
2,talk,77,5,5,Over
2,talk,78,6,15,Over
2,talk,79,6,14,Skip
2,talk,80,6,6,Over
2,talk,81,6,11,ESTIMATE Agent[15] VILLAGER
2,talk,82,6,2,Over
2,talk,83,6,9,Over
2,talk,84,6,7,Over
2,talk,85,6,5,Over
2,talk,86,6,1,Over
2,talk,87,6,12,ESTIMATE Agent[06] WEREWOLF
2,talk,88,6,8,Over
2,talk,89,6,4,Over
2,talk,90,6,10,Over
2,talk,91,7,7,Over
2,talk,92,7,11,Skip
2,talk,93,7,15,Over
2,talk,94,7,10,Over
2,talk,95,7,4,Over
2,talk,96,7,14,Skip
2,talk,97,7,12,Over
2,talk,98,7,1,Over
2,talk,99,7,8,Over
2,talk,100,7,2,Over
2,talk,101,7,5,Over
2,talk,102,7,6,Over
2,talk,103,7,9,Over
2,talk,104,8,8,Over
2,talk,105,8,1,Over
2,talk,106,8,12,Over
2,talk,107,8,9,Over
2,talk,108,8,4,Over
2,talk,109,8,5,Over
2,talk,110,8,7,Over
2,talk,111,8,2,Over
2,talk,112,8,6,Over
2,talk,113,8,15,Over
2,talk,114,8,10,Over
2,talk,115,8,14,Over
2,talk,116,8,11,ESTIMATE Agent[02] MEDIUM
2,talk,117,9,2,Over
2,talk,118,9,6,Over
2,talk,119,9,10,Over
2,talk,120,9,9,Over
2,talk,121,9,4,Over
2,talk,122,9,5,Over
2,talk,123,9,15,Over
2,talk,124,9,7,Over
2,talk,125,9,12,Over
2,talk,126,9,1,Over
2,talk,127,9,14,Over
2,talk,128,9,8,Over
2,talk,129,9,11,Over
2,vote,1,6
2,vote,2,6
2,vote,4,15
2,vote,5,15
2,vote,6,1
2,vote,7,6
2,vote,8,6
2,vote,9,6
2,vote,10,6
2,vote,11,6
2,vote,12,6
2,vote,14,5
2,vote,15,1
2,execute,6,WEREWOLF
2,whisper,0,0,15,ESTIMATE Agent[12] POSSESSED
2,whisper,1,0,7,ATTACK Agent[01]
2,whisper,2,1,7,ATTACK Agent[09]
2,whisper,3,1,15,ESTIMATE Agent[01] SEER
2,whisper,4,2,15,ATTACK Agent[01]
2,whisper,5,2,7,Skip
2,whisper,6,3,7,Skip
2,whisper,7,3,15,Over
2,whisper,8,4,7,Over
2,whisper,9,4,15,Over
2,guard,10,1,POSSESSED
2,attackVote,7,9
2,attackVote,15,1
2,attackVote,7,9
2,attackVote,15,1
2,attack,1,false
3,status,1,POSSESSED,ALIVE,f6wbl6
3,status,2,MEDIUM,ALIVE,WolfKing
3,status,3,VILLAGER,DEAD,WordWolf
3,status,4,VILLAGER,ALIVE,spicy2
3,status,5,VILLAGER,ALIVE,yskn67
3,status,6,WEREWOLF,DEAD,TRKOkami
3,status,7,WEREWOLF,ALIVE,cndl
3,status,8,VILLAGER,ALIVE,Udon
3,status,9,VILLAGER,ALIVE,marky
3,status,10,BODYGUARD,ALIVE,Romanesco
3,status,11,VILLAGER,ALIVE,wasabi
3,status,12,VILLAGER,ALIVE,Litt1eGirl
3,status,13,SEER,DEAD,sonoda
3,status,14,VILLAGER,ALIVE,cash
3,status,15,WEREWOLF,ALIVE,Serval
3,talk,0,0,12,VOTE Agent[10]
3,talk,1,0,7,VOTE Agent[01]
3,talk,2,0,11,ESTIMATE Agent[01] WEREWOLF
3,talk,3,0,8,VOTE Agent[12]
3,talk,4,0,15,Skip
3,talk,5,0,1,DIVINED Agent[12] WEREWOLF
3,talk,6,0,5,ESTIMATE Agent[07] WEREWOLF
3,talk,7,0,10,VOTE Agent[04]
3,talk,8,0,2,IDENTIFIED Agent[06] WEREWOLF
3,talk,9,0,14,VOTE Agent[05]
3,talk,10,0,9,VOTE Agent[04]
3,talk,11,0,4,VOTE Agent[10]
3,talk,12,1,4,VOTE Agent[05]
3,talk,13,1,12,VOTE Agent[01]
3,talk,14,1,10,VOTE Agent[07]
3,talk,15,1,2,VOTE Agent[12]
3,talk,16,1,7,VOTE Agent[04]
3,talk,17,1,8,Over
3,talk,18,1,9,Skip
3,talk,19,1,1,VOTE Agent[12]
3,talk,20,1,5,ESTIMATE Agent[04] WEREWOLF
3,talk,21,1,15,AGREE TALK day1 ID:2
3,talk,22,1,14,Skip
3,talk,23,1,11,ESTIMATE Agent[01] WEREWOLF
3,talk,24,2,15,Over
3,talk,25,2,2,Skip
3,talk,26,2,11,Skip
3,talk,27,2,10,VOTE Agent[11]
3,talk,28,2,14,Skip
3,talk,29,2,12,COMINGOUT Agent[12] BODYGUARD
3,talk,30,2,1,Skip
3,talk,31,2,7,VOTE Agent[12]
3,talk,32,2,8,Over
3,talk,33,2,5,VOTE Agent[04]
3,talk,34,2,9,VOTE Agent[15]
3,talk,35,2,4,Skip
3,talk,36,3,12,Over
3,talk,37,3,9,Skip
3,talk,38,3,7,ESTIMATE Agent[08] VILLAGER
3,talk,39,3,5,Skip
3,talk,40,3,2,Skip
3,talk,41,3,10,VOTE Agent[12]
3,talk,42,3,11,VOTE Agent[05]
3,talk,43,3,8,VOTE Agent[01]
3,talk,44,3,14,Over
3,talk,45,3,15,Over
3,talk,46,3,4,Skip
3,talk,47,3,1,Skip
3,talk,48,4,15,Over
3,talk,49,4,8,Over
3,talk,50,4,5,Skip
3,talk,51,4,7,Skip
3,talk,52,4,12,Over
3,talk,53,4,9,Skip
3,talk,54,4,1,Over
3,talk,55,4,14,Over
3,talk,56,4,11,Skip
3,talk,57,4,2,Over
3,talk,58,4,4,Over
3,talk,59,4,10,Skip
3,talk,60,5,14,Over
3,talk,61,5,5,Over
3,talk,62,5,15,Over
3,talk,63,5,2,Over
3,talk,64,5,7,Skip
3,talk,65,5,11,VOTE Agent[12]
3,talk,66,5,1,Over
3,talk,67,5,4,Over
3,talk,68,5,8,Over
3,talk,69,5,10,Skip
3,talk,70,5,12,Over
3,talk,71,5,9,Over
3,talk,72,6,4,Over
3,talk,73,6,1,Over
3,talk,74,6,7,Over
3,talk,75,6,14,Over
3,talk,76,6,8,Over
3,talk,77,6,10,Over
3,talk,78,6,9,Over
3,talk,79,6,11,VOTE Agent[08]
3,talk,80,6,15,Over
3,talk,81,6,2,Over
3,talk,82,6,5,Over
3,talk,83,6,12,Over
3,talk,84,7,8,Over
3,talk,85,7,9,Over
3,talk,86,7,12,Over
3,talk,87,7,2,Over
3,talk,88,7,4,Over
3,talk,89,7,1,Over
3,talk,90,7,7,Over
3,talk,91,7,15,Over
3,talk,92,7,5,Over
3,talk,93,7,11,VOTE Agent[05]
3,talk,94,7,10,Over
3,talk,95,7,14,Over
3,talk,96,8,7,Over
3,talk,97,8,9,VOTE Agent[04]
3,talk,98,8,11,VOTE Agent[12]
3,talk,99,8,1,Over
3,talk,100,8,15,Over
3,talk,101,8,2,Over
3,talk,102,8,5,Over
3,talk,103,8,8,Over
3,talk,104,8,14,Over
3,talk,105,8,10,Over
3,talk,106,8,12,Over
3,talk,107,8,4,Over
3,talk,108,9,1,Over
3,talk,109,9,11,Over
3,talk,110,9,4,Over
3,talk,111,9,14,Over
3,talk,112,9,5,Over
3,talk,113,9,9,Skip
3,talk,114,9,15,Over
3,talk,115,9,2,Over
3,talk,116,9,8,Over
3,talk,117,9,10,Over
3,talk,118,9,12,Over
3,talk,119,9,7,Over
3,talk,120,10,10,Over
3,talk,121,10,14,Over
3,talk,122,10,12,Over
3,talk,123,10,9,Skip
3,talk,124,10,1,Over
3,talk,125,10,7,Over
3,talk,126,10,4,Over
3,talk,127,10,15,Over
3,talk,128,10,5,Over
3,talk,129,10,11,Over
3,talk,130,10,2,Over
3,talk,131,10,8,Over
3,talk,132,11,2,Over
3,talk,133,11,10,Over
3,talk,134,11,11,Over
3,talk,135,11,7,Over
3,talk,136,11,5,Over
3,talk,137,11,14,Over
3,talk,138,11,12,Over
3,talk,139,11,4,Over
3,talk,140,11,1,Over
3,talk,141,11,8,Over
3,talk,142,11,15,Over
3,talk,143,11,9,Over
3,vote,1,12
3,vote,2,12
3,vote,4,5
3,vote,5,4
3,vote,7,12
3,vote,8,1
3,vote,9,4
3,vote,10,12
3,vote,11,12
3,vote,12,1
3,vote,14,5
3,vote,15,2
3,execute,12,VILLAGER
3,whisper,0,0,15,ESTIMATE Agent[11] POSSESSED
3,whisper,1,0,7,ATTACK Agent[01]
3,whisper,2,1,15,ESTIMATE Agent[10] SEER
3,whisper,3,1,7,ATTACK Agent[09]
3,whisper,4,2,7,Skip
3,whisper,5,2,15,ATTACK Agent[10]
3,whisper,6,3,7,Skip
3,whisper,7,3,15,Over
3,whisper,8,4,7,Over
3,whisper,9,4,15,Over
3,guard,10,1,POSSESSED
3,attackVote,7,9
3,attackVote,15,10
3,attackVote,7,9
3,attackVote,15,10
3,attack,10,true
4,status,1,POSSESSED,ALIVE,f6wbl6
4,status,2,MEDIUM,ALIVE,WolfKing
4,status,3,VILLAGER,DEAD,WordWolf
4,status,4,VILLAGER,ALIVE,spicy2
4,status,5,VILLAGER,ALIVE,yskn67
4,status,6,WEREWOLF,DEAD,TRKOkami
4,status,7,WEREWOLF,ALIVE,cndl
4,status,8,VILLAGER,ALIVE,Udon
4,status,9,VILLAGER,ALIVE,marky
4,status,10,BODYGUARD,DEAD,Romanesco
4,status,11,VILLAGER,ALIVE,wasabi
4,status,12,VILLAGER,DEAD,Litt1eGirl
4,status,13,SEER,DEAD,sonoda
4,status,14,VILLAGER,ALIVE,cash
4,status,15,WEREWOLF,ALIVE,Serval
4,talk,0,0,7,VOTE Agent[01]
4,talk,1,0,11,Skip
4,talk,2,0,15,Skip
4,talk,3,0,5,ESTIMATE Agent[04] WEREWOLF
4,talk,4,0,2,IDENTIFIED Agent[12] HUMAN
4,talk,5,0,9,VOTE Agent[04]
4,talk,6,0,1,VOTE Agent[02]
4,talk,7,0,14,VOTE Agent[05]
4,talk,8,0,8,VOTE Agent[01]
4,talk,9,0,4,VOTE Agent[05]
4,talk,10,1,11,ESTIMATE Agent[09] VILLAGER
4,talk,11,1,2,VOTE Agent[15]
4,talk,12,1,4,Skip
4,talk,13,1,9,Skip
4,talk,14,1,14,Skip
4,talk,15,1,15,AGREE TALK day1 ID:0
4,talk,16,1,8,Over
4,talk,17,1,5,ESTIMATE Agent[07] WEREWOLF
4,talk,18,1,1,Skip
4,talk,19,1,7,ESTIMATE Agent[08] VILLAGER
4,talk,20,2,9,VOTE Agent[15]
4,talk,21,2,2,VOTE Agent[04]
4,talk,22,2,14,VOTE Agent[11]
4,talk,23,2,1,Skip
4,talk,24,2,4,Skip
4,talk,25,2,7,VOTE Agent[02]
4,talk,26,2,8,Over
4,talk,27,2,5,VOTE Agent[07]
4,talk,28,2,11,ESTIMATE Agent[05] WEREWOLF
4,talk,29,2,15,Over
4,talk,30,3,4,Over
4,talk,31,3,9,VOTE Agent[04]
4,talk,32,3,15,VOTE Agent[14]
4,talk,33,3,11,VOTE Agent[08]
4,talk,34,3,5,Skip
4,talk,35,3,1,Over
4,talk,36,3,7,Skip
4,talk,37,3,2,Skip
4,talk,38,3,14,VOTE Agent[05]
4,talk,39,3,8,Over
4,talk,40,4,15,Over
4,talk,41,4,14,VOTE Agent[11]
4,talk,42,4,5,Skip
4,talk,43,4,11,ESTIMATE Agent[01] WEREWOLF
4,talk,44,4,9,Skip
4,talk,45,4,4,Over
4,talk,46,4,2,Skip
4,talk,47,4,8,Over
4,talk,48,4,1,Over
4,talk,49,4,7,Skip
4,talk,50,5,15,Over
4,talk,51,5,1,Over
4,talk,52,5,14,Skip
4,talk,53,5,8,Over
4,talk,54,5,7,Over
4,talk,55,5,4,Over
4,talk,56,5,11,VOTE Agent[04]
4,talk,57,5,5,Over
4,talk,58,5,9,Skip
4,talk,59,5,2,Over
4,talk,60,6,11,Skip
4,talk,61,6,15,Over
4,talk,62,6,8,Over
4,talk,63,6,14,Skip
4,talk,64,6,5,Over
4,talk,65,6,9,Over
4,talk,66,6,2,Over
4,talk,67,6,4,Over
4,talk,68,6,1,Over
4,talk,69,6,7,VOTE Agent[04]
4,talk,70,7,15,Over
4,talk,71,7,1,Over
4,talk,72,7,4,Over
4,talk,73,7,2,Over
4,talk,74,7,14,Over
4,talk,75,7,7,Skip
4,talk,76,7,11,Skip
4,talk,77,7,8,Over
4,talk,78,7,5,Over
4,talk,79,7,9,Over
4,talk,80,8,5,Over
4,talk,81,8,9,Over
4,talk,82,8,8,Over
4,talk,83,8,15,Over
4,talk,84,8,2,Over
4,talk,85,8,1,Over
4,talk,86,8,11,VOTE Agent[05]
4,talk,87,8,7,Skip
4,talk,88,8,14,Over
4,talk,89,8,4,Over
4,talk,90,9,15,Over
4,talk,91,9,4,Over
4,talk,92,9,2,Over
4,talk,93,9,8,Over
4,talk,94,9,9,Over
4,talk,95,9,7,Over
4,talk,96,9,5,Over
4,talk,97,9,14,Over
4,talk,98,9,11,Over
4,talk,99,9,1,Over
4,vote,1,2
4,vote,2,4
4,vote,4,5
4,vote,5,7
4,vote,7,4
4,vote,8,1
4,vote,9,4
4,vote,11,5
4,vote,14,11
4,vote,15,4
4,execute,4,VILLAGER
4,whisper,0,0,15,ESTIMATE Agent[11] POSSESSED
4,whisper,1,0,7,ATTACK Agent[01]
4,whisper,2,1,7,ATTACK Agent[05]
4,whisper,3,1,15,ESTIMATE Agent[01] SEER
4,whisper,4,2,7,Skip
4,whisper,5,2,15,ATTACK Agent[01]
4,whisper,6,3,7,Skip
4,whisper,7,3,15,Over
4,whisper,8,4,15,Over
4,whisper,9,4,7,Over
4,attackVote,7,5
4,attackVote,15,1
4,attackVote,7,5
4,attackVote,15,1
4,attack,5,true
5,status,1,POSSESSED,ALIVE,f6wbl6
5,status,2,MEDIUM,ALIVE,WolfKing
5,status,3,VILLAGER,DEAD,WordWolf
5,status,4,VILLAGER,DEAD,spicy2
5,status,5,VILLAGER,DEAD,yskn67
5,status,6,WEREWOLF,DEAD,TRKOkami
5,status,7,WEREWOLF,ALIVE,cndl
5,status,8,VILLAGER,ALIVE,Udon
5,status,9,VILLAGER,ALIVE,marky
5,status,10,BODYGUARD,DEAD,Romanesco
5,status,11,VILLAGER,ALIVE,wasabi
5,status,12,VILLAGER,DEAD,Litt1eGirl
5,status,13,SEER,DEAD,sonoda
5,status,14,VILLAGER,ALIVE,cash
5,status,15,WEREWOLF,ALIVE,Serval
5,talk,0,0,14,VOTE Agent[15]
5,talk,1,0,1,VOTE Agent[07]
5,talk,2,0,8,VOTE Agent[01]
5,talk,3,0,9,VOTE Agent[15]
5,talk,4,0,2,IDENTIFIED Agent[04] HUMAN
5,talk,5,0,7,VOTE Agent[11]
5,talk,6,0,15,Skip
5,talk,7,0,11,Skip
5,talk,8,1,15,AGREE TALK day1 ID:1
5,talk,9,1,11,Skip
5,talk,10,1,9,Skip
5,talk,11,1,7,ESTIMATE Agent[08] VILLAGER
5,talk,12,1,2,VOTE Agent[15]
5,talk,13,1,8,Over
5,talk,14,1,1,Skip
5,talk,15,1,14,Skip
5,talk,16,2,2,Skip
5,talk,17,2,8,Over
5,talk,18,2,7,VOTE Agent[01]
5,talk,19,2,9,Skip
5,talk,20,2,11,ESTIMATE Agent[09] WEREWOLF
5,talk,21,2,14,Skip
5,talk,22,2,15,COMINGOUT Agent[15] MEDIUM
5,talk,23,2,1,Skip
5,talk,24,3,7,Skip
5,talk,25,3,11,VOTE Agent[15]
5,talk,26,3,8,Over
5,talk,27,3,14,Over
5,talk,28,3,9,Over
5,talk,29,3,15,IDENTIFIED Agent[03] HUMAN
5,talk,30,3,2,Skip
5,talk,31,3,1,Over
5,talk,32,4,15,IDENTIFIED Agent[06] HUMAN
5,talk,33,4,7,Skip
5,talk,34,4,2,Over
5,talk,35,4,9,Over
5,talk,36,4,11,Skip
5,talk,37,4,8,VOTE Agent[15]
5,talk,38,4,14,VOTE Agent[11]
5,talk,39,4,1,Over
5,talk,40,5,7,Over
5,talk,41,5,8,Over
5,talk,42,5,15,IDENTIFIED Agent[12] HUMAN
5,talk,43,5,14,Skip
5,talk,44,5,11,Skip
5,talk,45,5,9,Over
5,talk,46,5,2,Over
5,talk,47,5,1,Over
5,talk,48,6,14,Skip
5,talk,49,6,9,Over
5,talk,50,6,7,Over
5,talk,51,6,8,Over
5,talk,52,6,1,Over
5,talk,53,6,2,Over
5,talk,54,6,15,IDENTIFIED Agent[04] WEREWOLF
5,talk,55,6,11,ESTIMATE Agent[15] WEREWOLF
5,talk,56,7,14,VOTE Agent[15]
5,talk,57,7,8,Over
5,talk,58,7,7,Over
5,talk,59,7,9,Over
5,talk,60,7,2,Over
5,talk,61,7,1,Over
5,talk,62,7,15,Over
5,talk,63,7,11,ESTIMATE Agent[01] WEREWOLF
5,talk,64,8,9,Over
5,talk,65,8,8,Over
5,talk,66,8,11,ESTIMATE Agent[07] VILLAGER
5,talk,67,8,1,Over
5,talk,68,8,2,Over
5,talk,69,8,14,Skip
5,talk,70,8,7,VOTE Agent[15]
5,talk,71,8,15,Over
5,talk,72,9,7,Skip
5,talk,73,9,1,Over
5,talk,74,9,8,Over
5,talk,75,9,14,Skip
5,talk,76,9,15,Over
5,talk,77,9,2,Over
5,talk,78,9,11,Over
5,talk,79,9,9,Over
5,talk,80,10,1,Over
5,talk,81,10,15,Over
5,talk,82,10,8,Over
5,talk,83,10,14,Over
5,talk,84,10,2,Over
5,talk,85,10,11,Over
5,talk,86,10,9,Over
5,talk,87,10,7,Skip
5,talk,88,11,1,Over
5,talk,89,11,7,Over
5,talk,90,11,11,Over
5,talk,91,11,14,Over
5,talk,92,11,9,Over
5,talk,93,11,15,Over
5,talk,94,11,8,Over
5,talk,95,11,2,Over
5,vote,1,7
5,vote,2,15
5,vote,7,15
5,vote,8,15
5,vote,9,15
5,vote,11,15
5,vote,14,15
5,vote,15,2
5,execute,15,WEREWOLF
5,attackVote,7,2
5,attack,2,true
6,status,1,POSSESSED,ALIVE,f6wbl6
6,status,2,MEDIUM,DEAD,WolfKing
6,status,3,VILLAGER,DEAD,WordWolf
6,status,4,VILLAGER,DEAD,spicy2
6,status,5,VILLAGER,DEAD,yskn67
6,status,6,WEREWOLF,DEAD,TRKOkami
6,status,7,WEREWOLF,ALIVE,cndl
6,status,8,VILLAGER,ALIVE,Udon
6,status,9,VILLAGER,ALIVE,marky
6,status,10,BODYGUARD,DEAD,Romanesco
6,status,11,VILLAGER,ALIVE,wasabi
6,status,12,VILLAGER,DEAD,Litt1eGirl
6,status,13,SEER,DEAD,sonoda
6,status,14,VILLAGER,ALIVE,cash
6,status,15,WEREWOLF,DEAD,Serval
6,talk,0,0,8,VOTE Agent[01]
6,talk,1,0,9,VOTE Agent[07]
6,talk,2,0,1,VOTE Agent[07]
6,talk,3,0,11,ESTIMATE Agent[01] WEREWOLF
6,talk,4,0,14,VOTE Agent[11]
6,talk,5,0,7,VOTE Agent[08]
6,talk,6,1,9,Skip
6,talk,7,1,7,ESTIMATE Agent[14] VILLAGER
6,talk,8,1,1,Skip
6,talk,9,1,8,Over
6,talk,10,1,11,ESTIMATE Agent[14] VILLAGER
6,talk,11,1,14,Skip
6,talk,12,2,11,ESTIMATE Agent[09] VILLAGER
6,talk,13,2,8,Over
6,talk,14,2,14,Skip
6,talk,15,2,7,Skip
6,talk,16,2,1,Skip
6,talk,17,2,9,Skip
6,talk,18,3,7,Skip
6,talk,19,3,9,Over
6,talk,20,3,14,Over
6,talk,21,3,11,VOTE Agent[01]
6,talk,22,3,1,Over
6,talk,23,3,8,Over
6,talk,24,4,11,ESTIMATE Agent[01] WEREWOLF
6,talk,25,4,7,VOTE Agent[01]
6,talk,26,4,1,Over
6,talk,27,4,8,Over
6,talk,28,4,9,Over
6,talk,29,4,14,Over
6,talk,30,5,11,ESTIMATE Agent[08] VILLAGER
6,talk,31,5,1,Over
6,talk,32,5,8,Over
6,talk,33,5,9,Over
6,talk,34,5,14,Over
6,talk,35,5,7,Skip
6,talk,36,6,14,Over
6,talk,37,6,11,ESTIMATE Agent[01] WEREWOLF
6,talk,38,6,7,Skip
6,talk,39,6,1,Over
6,talk,40,6,8,Over
6,talk,41,6,9,Over
6,talk,42,7,8,Over
6,talk,43,7,14,Over
6,talk,44,7,9,Over
6,talk,45,7,1,Over
6,talk,46,7,7,Over
6,talk,47,7,11,VOTE Agent[07]
6,talk,48,8,14,Over
6,talk,49,8,9,Over
6,talk,50,8,11,ESTIMATE Agent[14] VILLAGER
6,talk,51,8,7,Over
6,talk,52,8,1,Over
6,talk,53,8,8,Over
6,talk,54,9,14,Over
6,talk,55,9,9,Over
6,talk,56,9,8,Over
6,talk,57,9,7,Over
6,talk,58,9,1,Over
6,talk,59,9,11,Over
6,vote,1,7
6,vote,7,1
6,vote,8,1
6,vote,9,7
6,vote,11,7
6,vote,14,11
6,execute,7,WEREWOLF
7,status,1,POSSESSED,ALIVE,f6wbl6
7,status,2,MEDIUM,DEAD,WolfKing
7,status,3,VILLAGER,DEAD,WordWolf
7,status,4,VILLAGER,DEAD,spicy2
7,status,5,VILLAGER,DEAD,yskn67
7,status,6,WEREWOLF,DEAD,TRKOkami
7,status,7,WEREWOLF,DEAD,cndl
7,status,8,VILLAGER,ALIVE,Udon
7,status,9,VILLAGER,ALIVE,marky
7,status,10,BODYGUARD,DEAD,Romanesco
7,status,11,VILLAGER,ALIVE,wasabi
7,status,12,VILLAGER,DEAD,Litt1eGirl
7,status,13,SEER,DEAD,sonoda
7,status,14,VILLAGER,ALIVE,cash
7,status,15,WEREWOLF,DEAD,Serval
7,result,5,0,VILLAGER
