0,status,1,VILLAGER,ALIVE,f6wbl6
0,status,2,VILLAGER,ALIVE,WolfKing
0,status,3,MEDIUM,ALIVE,WordWolf
0,status,4,WEREWOLF,ALIVE,spicy2
0,status,5,VILLAGER,ALIVE,yskn67
0,status,6,VILLAGER,ALIVE,TRKOkami
0,status,7,WEREWOLF,ALIVE,cndl
0,status,8,VILLAGER,ALIVE,Udon
0,status,9,VILLAGER,ALIVE,marky
0,status,10,SEER,ALIVE,Romanesco
0,status,11,BODYGUARD,ALIVE,wasabi
0,status,12,POSSESSED,ALIVE,Litt1eGirl
0,status,13,WEREWOLF,ALIVE,sonoda
0,status,14,VILLAGER,ALIVE,cash
0,status,15,VILLAGER,ALIVE,Serval
0,whisper,0,0,7,COMINGOUT Agent[07] VILLAGER
0,whisper,1,0,13,Skip
0,whisper,2,0,4,Skip
0,whisper,3,1,13,Skip
0,whisper,4,1,7,Skip
0,whisper,5,1,4,Skip
0,whisper,6,2,7,Skip
0,whisper,7,2,13,Over
0,whisper,8,2,4,Over
0,whisper,9,3,13,Over
0,whisper,10,3,7,Over
0,whisper,11,3,4,Over
0,divine,10,12,HUMAN
1,status,1,VILLAGER,ALIVE,f6wbl6
1,status,2,VILLAGER,ALIVE,WolfKing
1,status,3,MEDIUM,ALIVE,WordWolf
1,status,4,WEREWOLF,ALIVE,spicy2
1,status,5,VILLAGER,ALIVE,yskn67
1,status,6,VILLAGER,ALIVE,TRKOkami
1,status,7,WEREWOLF,ALIVE,cndl
1,status,8,VILLAGER,ALIVE,Udon
1,status,9,VILLAGER,ALIVE,marky
1,status,10,SEER,ALIVE,Romanesco
1,status,11,BODYGUARD,ALIVE,wasabi
1,status,12,POSSESSED,ALIVE,Litt1eGirl
1,status,13,WEREWOLF,ALIVE,sonoda
1,status,14,VILLAGER,ALIVE,cash
1,status,15,VILLAGER,ALIVE,Serval
1,talk,0,0,4,VOTE Agent[01]
1,talk,1,0,6,Over
1,talk,2,0,9,VOTE Agent[12]
1,talk,3,0,14,VOTE Agent[02]
1,talk,4,0,2,VOTE Agent[12]
1,talk,5,0,1,VOTE Agent[12]
1,talk,6,0,15,Skip
1,talk,7,0,12,COMINGOUT Agent[12] SEER
1,talk,8,0,13,VOTE Agent[01]
1,talk,9,0,11,ESTIMATE Agent[02] VILLAGER
1,talk,10,0,8,VOTE Agent[01]
1,talk,11,0,3,COMINGOUT Agent[03] MEDIUM
1,talk,12,0,10,COMINGOUT Agent[10] SEER
1,talk,13,0,7,VOTE Agent[12]
1,talk,14,0,5,ESTIMATE Agent[01] WEREWOLF
1,talk,15,1,9,VOTE Agent[02]
1,talk,16,1,5,VOTE Agent[01]
1,talk,17,1,10,DIVINED Agent[12] HUMAN
1,talk,18,1,6,Over
1,talk,19,1,3,VOTE Agent[01]
1,talk,20,1,8,VOTE Agent[01]
1,talk,21,1,12,DIVINED Agent[05] HUMAN
1,talk,22,1,14,VOTE Agent[06]
1,talk,23,1,13,VOTE Agent[14]
1,talk,24,1,2,VOTE Agent[11]
1,talk,25,1,7,VOTE Agent[09]
1,talk,26,1,11,ESTIMATE Agent[13] VILLAGER
1,talk,27,1,4,Skip
1,talk,28,1,1,VOTE Agent[02]
1,talk,29,1,15,AGREE TALK day1 ID:5
1,talk,30,2,8,VOTE Agent[11]
1,talk,31,2,14,Skip
1,talk,32,2,12,VOTE Agent[10]
1,talk,33,2,5,Skip
1,talk,34,2,2,VOTE Agent[13]
1,talk,35,2,6,VOTE Agent[04]
1,talk,36,2,1,VOTE Agent[08]
1,talk,37,2,11,Skip
1,talk,38,2,13,VOTE Agent[11]
1,talk,39,2,15,Over
1,talk,40,2,7,VOTE Agent[01]
1,talk,41,2,3,VOTE Agent[10]
1,talk,42,2,10,VOTE Agent[02]
1,talk,43,2,9,VOTE Agent[13]
1,talk,44,2,4,Skip
1,talk,45,3,7,Skip
1,talk,46,3,10,VOTE Agent[13]
1,talk,47,3,5,Skip
1,talk,48,3,2,VOTE Agent[11]
1,talk,49,3,9,VOTE Agent[11]
1,talk,50,3,6,AGREE TALK day1 ID:43
1,talk,51,3,11,VOTE Agent[07]
1,talk,52,3,1,VOTE Agent[13]
1,talk,53,3,8,Over
1,talk,54,3,4,Over
1,talk,55,3,3,Skip
1,talk,56,3,13,Skip
1,talk,57,3,15,VOTE Agent[14]
1,talk,58,3,14,VOTE Agent[15]
1,talk,59,3,12,Over
1,talk,60,4,2,VOTE Agent[13]
1,talk,61,4,5,Over
1,talk,62,4,6,Over
1,talk,63,4,13,Skip
1,talk,64,4,7,VOTE Agent[11]
1,talk,65,4,12,Over
1,talk,66,4,1,VOTE Agent[11]
1,talk,67,4,11,VOTE Agent[14]
1,talk,68,4,9,VOTE Agent[13]
1,talk,69,4,3,VOTE Agent[01]
1,talk,70,4,10,VOTE Agent[11]
1,talk,71,4,14,VOTE Agent[05]
1,talk,72,4,8,Over
1,talk,73,4,4,Over
1,talk,74,4,15,Over
1,talk,75,5,5,Over
1,talk,76,5,2,VOTE Agent[11]
1,talk,77,5,10,Skip
1,talk,78,5,13,Over
1,talk,79,5,3,VOTE Agent[11]
1,talk,80,5,15,Over
1,talk,81,5,11,Skip
1,talk,82,5,6,Over
1,talk,83,5,1,VOTE Agent[13]
1,talk,84,5,9,VOTE Agent[11]
1,talk,85,5,7,Skip
1,talk,86,5,8,VOTE Agent[13]
1,talk,87,5,14,Skip
1,talk,88,5,12,Over
1,talk,89,5,4,Over
1,talk,90,6,4,Over
1,talk,91,6,10,Skip
1,talk,92,6,9,Skip
1,talk,93,6,8,Over
1,talk,94,6,13,Over
1,talk,95,6,1,VOTE Agent[11]
1,talk,96,6,3,Skip
1,talk,97,6,6,Over
1,talk,98,6,5,Over
1,talk,99,6,7,Skip
1,talk,100,6,2,Skip
1,talk,101,6,12,Over
1,talk,102,6,15,Over
1,talk,103,6,14,Skip
1,talk,104,6,11,VOTE Agent[01]
1,talk,105,7,3,Skip
1,talk,106,7,7,Over
1,talk,107,7,9,Skip
1,talk,108,7,11,ESTIMATE Agent[10] WEREWOLF
1,talk,109,7,8,VOTE Agent[11]
1,talk,110,7,12,Over
1,talk,111,7,10,Over
1,talk,112,7,4,Over
1,talk,113,7,13,Over
1,talk,114,7,1,Skip
1,talk,115,7,14,Over
1,talk,116,7,15,VOTE Agent[13]
1,talk,117,7,2,Skip
1,talk,118,7,5,Over
1,talk,119,7,6,Over
1,talk,120,8,1,VOTE Agent[13]
1,talk,121,8,4,Over
1,talk,122,8,13,Over
1,talk,123,8,8,Over
1,talk,124,8,9,Over
1,talk,125,8,11,Skip
1,talk,126,8,15,Over
1,talk,127,8,3,Over
1,talk,128,8,5,Over
1,talk,129,8,10,Over
1,talk,130,8,7,Over
1,talk,131,8,2,Over
1,talk,132,8,6,Over
1,talk,133,8,12,Over
1,talk,134,8,14,Over
1,talk,135,9,10,Over
1,talk,136,9,2,Over
1,talk,137,9,6,Over
1,talk,138,9,4,Over
1,talk,139,9,12,Over
1,talk,140,9,8,Over
1,talk,141,9,1,Skip
1,talk,142,9,7,Over
1,talk,143,9,15,Over
1,talk,144,9,3,Over
1,talk,145,9,14,Over
1,talk,146,9,9,Over
1,talk,147,9,11,Over
1,talk,148,9,5,Over
1,talk,149,9,13,Over
1,talk,150,10,14,Over
1,talk,151,10,11,Over
1,talk,152,10,4,Over
1,talk,153,10,9,Over
1,talk,154,10,12,Over
1,talk,155,10,5,Over
1,talk,156,10,7,Over
1,talk,157,10,2,Over
1,talk,158,10,15,Over
1,talk,159,10,8,Over
1,talk,160,10,13,Over
1,talk,161,10,10,Over
1,talk,162,10,1,Skip
1,talk,163,10,6,Over
1,talk,164,10,3,Over
1,talk,165,11,15,Over
1,talk,166,11,3,Over
1,talk,167,11,13,Over
1,talk,168,11,14,Over
1,talk,169,11,11,Over
1,talk,170,11,4,Over
1,talk,171,11,5,Over
1,talk,172,11,12,Over
1,talk,173,11,8,Over
1,talk,174,11,7,Over
1,talk,175,11,1,Over
1,talk,176,11,2,Over
1,talk,177,11,10,Over
1,talk,178,11,6,Over
1,talk,179,11,9,Over
1,vote,1,13
1,vote,2,11
1,vote,3,11
1,vote,4,1
1,vote,5,1
1,vote,6,4
1,vote,7,11
1,vote,8,11
1,vote,9,11
1,vote,10,11
1,vote,11,1
1,vote,12,10
1,vote,13,11
1,vote,14,5
1,vote,15,4
1,execute,11,BODYGUARD
1,divine,10,13,WEREWOLF
1,whisper,0,0,4,Skip
1,whisper,1,0,13,Skip
1,whisper,2,0,7,ATTACK Agent[10]
1,whisper,3,1,7,Skip
1,whisper,4,1,13,Skip
1,whisper,5,1,4,Skip
1,whisper,6,2,4,Over
1,whisper,7,2,13,Over
1,whisper,8,2,7,Skip
1,whisper,9,3,7,Over
1,whisper,10,3,13,Over
1,whisper,11,3,4,Over
1,attackVote,4,3
1,attackVote,7,10
1,attackVote,13,3
1,attack,3,true
2,status,1,VILLAGER,ALIVE,f6wbl6
2,status,2,VILLAGER,ALIVE,WolfKing
2,status,3,MEDIUM,DEAD,WordWolf
2,status,4,WEREWOLF,ALIVE,spicy2
2,status,5,VILLAGER,ALIVE,yskn67
2,status,6,VILLAGER,ALIVE,TRKOkami
2,status,7,WEREWOLF,ALIVE,cndl
2,status,8,VILLAGER,ALIVE,Udon
2,status,9,VILLAGER,ALIVE,marky
2,status,10,SEER,ALIVE,Romanesco
2,status,11,BODYGUARD,DEAD,wasabi
2,status,12,POSSESSED,ALIVE,Litt1eGirl
2,status,13,WEREWOLF,ALIVE,sonoda
2,status,14,VILLAGER,ALIVE,cash
2,status,15,VILLAGER,ALIVE,Serval
2,talk,0,0,5,ESTIMATE Agent[14] WEREWOLF
2,talk,1,0,10,DIVINED Agent[13] WEREWOLF
2,talk,2,0,4,VOTE Agent[15]
2,talk,3,0,8,VOTE Agent[14]
2,talk,4,0,2,VOTE Agent[13]
2,talk,5,0,12,DIVINED Agent[04] HUMAN
2,talk,6,0,15,Skip
2,talk,7,0,1,VOTE Agent[13]
2,talk,8,0,14,VOTE Agent[05]
2,talk,9,0,6,Over
2,talk,10,0,13,VOTE Agent[14]
2,talk,11,0,9,VOTE Agent[13]
2,talk,12,0,7,VOTE Agent[01]
2,talk,13,1,2,Skip
2,talk,14,1,12,VOTE Agent[10]
2,talk,15,1,15,VOTE Agent[14]
2,talk,16,1,6,Over
2,talk,17,1,13,VOTE Agent[06]
2,talk,18,1,14,Skip
2,talk,19,1,7,VOTE Agent[13]
2,talk,20,1,5,ESTIMATE Agent[13] WEREWOLF
2,talk,21,1,10,VOTE Agent[13]
2,talk,22,1,4,Skip
2,talk,23,1,8,Over
2,talk,24,1,9,Skip
2,talk,25,1,1,Skip
2,talk,26,2,1,VOTE Agent[08]
2,talk,27,2,13,Skip
2,talk,28,2,2,Skip
2,talk,29,2,12,ESTIMATE Agent[10] WEREWOLF
2,talk,30,2,15,Over
2,talk,31,2,14,VOTE Agent[13]
2,talk,32,2,8,VOTE Agent[13]
2,talk,33,2,4,Skip
2,talk,34,2,7,ESTIMATE Agent[08] VILLAGER
2,talk,35,2,9,Skip
2,talk,36,2,10,Skip
2,talk,37,2,5,VOTE Agent[13]
2,talk,38,2,6,VOTE Agent[13]
2,talk,39,3,4,Over
2,talk,40,3,12,Over
2,talk,41,3,9,Over
2,talk,42,3,5,Skip
2,talk,43,3,14,VOTE Agent[05]
2,talk,44,3,1,Skip
2,talk,45,3,8,Over
2,talk,46,3,13,Skip
2,talk,47,3,7,Skip
2,talk,48,3,2,Over
2,talk,49,3,10,Skip
2,talk,50,3,6,AGREE TALK day2 ID:26
2,talk,51,3,15,Over
2,talk,52,4,15,Over
2,talk,53,4,5,Skip
2,talk,54,4,10,Over
2,talk,55,4,13,Over
2,talk,56,4,9,Over
2,talk,57,4,8,Over
2,talk,58,4,7,Skip
2,talk,59,4,1,Skip
2,talk,60,4,2,Over
2,talk,61,4,4,Over
2,talk,62,4,14,Skip
2,talk,63,4,6,Skip
2,talk,64,4,12,ESTIMATE Agent[09] VILLAGER
2,talk,65,5,10,Over
2,talk,66,5,9,Over
2,talk,67,5,12,Over
2,talk,68,5,13,Over
2,talk,69,5,4,Over
2,talk,70,5,7,Over
2,talk,71,5,5,Over
2,talk,72,5,15,Over
2,talk,73,5,8,Over
2,talk,74,5,2,Over
2,talk,75,5,1,Over
2,talk,76,5,14,Skip
2,talk,77,5,6,Over
2,talk,78,6,5,Over
2,talk,79,6,15,Over
2,talk,80,6,2,Over
2,talk,81,6,6,Over
2,talk,82,6,10,Over
2,talk,83,6,8,Over
2,talk,84,6,9,Over
2,talk,85,6,7,Over
2,talk,86,6,4,Over
2,talk,87,6,12,ESTIMATE Agent[01] VILLAGER
2,talk,88,6,1,Over
2,talk,89,6,14,Over
2,talk,90,6,13,Over
2,talk,91,7,9,Over
2,talk,92,7,12,ESTIMATE Agent[11] VILLAGER
2,talk,93,7,8,Over
2,talk,94,7,5,Over
2,talk,95,7,7,Over
2,talk,96,7,4,Over
2,talk,97,7,13,Over
2,talk,98,7,1,Over
2,talk,99,7,14,Over
2,talk,100,7,10,Over
2,talk,101,7,15,Over
2,talk,102,7,6,Over
2,talk,103,7,2,Over
2,talk,104,8,14,Over
2,talk,105,8,13,Over
2,talk,106,8,9,Over
2,talk,107,8,2,Over
2,talk,108,8,1,Over
2,talk,109,8,8,Over
2,talk,110,8,12,ESTIMATE Agent[11] VILLAGER
2,talk,111,8,5,Over
2,talk,112,8,10,Over
2,talk,113,8,15,Over
2,talk,114,8,7,Over
2,talk,115,8,6,Over
2,talk,116,8,4,Over
2,talk,117,9,9,Over
2,talk,118,9,14,Over
2,talk,119,9,12,Over
2,talk,120,9,1,Over
2,talk,121,9,4,Over
2,talk,122,9,7,Over
2,talk,123,9,8,Over
2,talk,124,9,15,Over
2,talk,125,9,13,Over
2,talk,126,9,2,Over
2,talk,127,9,5,Over
2,talk,128,9,6,Over
2,talk,129,9,10,Over
2,vote,1,8
2,vote,2,13
2,vote,4,15
2,vote,5,13
2,vote,6,13
2,vote,7,13
2,vote,8,13
2,vote,9,13
2,vote,10,13
2,vote,12,10
2,vote,13,6
2,vote,14,5
2,vote,15,13
2,execute,13,WEREWOLF
2,divine,10,7,WEREWOLF
2,whisper,0,0,7,ESTIMATE Agent[12] POSSESSED
2,whisper,1,0,4,Skip
2,whisper,2,1,7,ATTACK Agent[10]
2,whisper,3,1,4,Skip
2,whisper,4,2,7,ATTACK Agent[15]
2,whisper,5,2,4,Over
2,whisper,6,3,7,Skip
2,whisper,7,3,4,Over
2,whisper,8,4,7,Skip
2,whisper,9,4,4,Over
2,whisper,10,5,4,Over
2,whisper,11,5,7,Over
2,attackVote,4,15
2,attackVote,7,15
2,attack,15,true
3,status,1,VILLAGER,ALIVE,f6wbl6
3,status,2,VILLAGER,ALIVE,WolfKing
3,status,3,MEDIUM,DEAD,WordWolf
3,status,4,WEREWOLF,ALIVE,spicy2
3,status,5,VILLAGER,ALIVE,yskn67
3,status,6,VILLAGER,ALIVE,TRKOkami
3,status,7,WEREWOLF,ALIVE,cndl
3,status,8,VILLAGER,ALIVE,Udon
3,status,9,VILLAGER,ALIVE,marky
3,status,10,SEER,ALIVE,Romanesco
3,status,11,BODYGUARD,DEAD,wasabi
3,status,12,POSSESSED,ALIVE,Litt1eGirl
3,status,13,WEREWOLF,DEAD,sonoda
3,status,14,VILLAGER,ALIVE,cash
3,status,15,VILLAGER,DEAD,Serval
3,talk,0,0,8,VOTE Agent[05]
3,talk,1,0,10,DIVINED Agent[07] WEREWOLF
3,talk,2,0,4,VOTE Agent[14]
3,talk,3,0,6,Over
3,talk,4,0,5,ESTIMATE Agent[14] WEREWOLF
3,talk,5,0,1,VOTE Agent[14]
3,talk,6,0,9,VOTE Agent[14]
3,talk,7,0,14,VOTE Agent[05]
3,talk,8,0,7,VOTE Agent[10]
3,talk,9,0,12,DIVINED Agent[01] HUMAN
3,talk,10,0,2,VOTE Agent[14]
3,talk,11,1,14,VOTE Agent[07]
3,talk,12,1,4,Skip
3,talk,13,1,9,Skip
3,talk,14,1,2,Skip
3,talk,15,1,1,Skip
3,talk,16,1,10,VOTE Agent[07]
3,talk,17,1,7,VOTE Agent[14]
3,talk,18,1,12,VOTE Agent[10]
3,talk,19,1,6,Over
3,talk,20,1,8,VOTE Agent[14]
3,talk,21,1,5,VOTE Agent[14]
3,talk,22,2,5,Skip
3,talk,23,2,9,Skip
3,talk,24,2,14,VOTE Agent[05]
3,talk,25,2,1,Skip
3,talk,26,2,10,VOTE Agent[14]
3,talk,27,2,12,Over
3,talk,28,2,4,Skip
3,talk,29,2,8,Over
3,talk,30,2,6,VOTE Agent[07]
3,talk,31,2,2,Skip
3,talk,32,2,7,ESTIMATE Agent[08] VILLAGER
3,talk,33,3,5,Skip
3,talk,34,3,4,Over
3,talk,35,3,6,Over
3,talk,36,3,12,ESTIMATE Agent[10] WEREWOLF
3,talk,37,3,1,Over
3,talk,38,3,8,Over
3,talk,39,3,10,VOTE Agent[07]
3,talk,40,3,14,Skip
3,talk,41,3,2,Over
3,talk,42,3,9,Over
3,talk,43,3,7,Skip
3,talk,44,4,4,Over
3,talk,45,4,12,Over
3,talk,46,4,7,Skip
3,talk,47,4,8,Over
3,talk,48,4,9,Over
3,talk,49,4,14,Skip
3,talk,50,4,6,Over
3,talk,51,4,10,VOTE Agent[14]
3,talk,52,4,5,Over
3,talk,53,4,1,Over
3,talk,54,4,2,Over
3,talk,55,5,2,Over
3,talk,56,5,9,Over
3,talk,57,5,6,Over
3,talk,58,5,7,Over
3,talk,59,5,5,Over
3,talk,60,5,1,Over
3,talk,61,5,14,Over
3,talk,62,5,10,Skip
3,talk,63,5,8,Over
3,talk,64,5,12,Over
3,talk,65,5,4,Over
3,talk,66,6,1,Over
3,talk,67,6,6,Over
3,talk,68,6,10,Skip
3,talk,69,6,12,Over
3,talk,70,6,5,Over
3,talk,71,6,4,Over
3,talk,72,6,9,Over
3,talk,73,6,7,Over
3,talk,74,6,14,Over
3,talk,75,6,2,Over
3,talk,76,6,8,Over
3,talk,77,7,2,Over
3,talk,78,7,4,Over
3,talk,79,7,1,Over
3,talk,80,7,8,Over
3,talk,81,7,5,Over
3,talk,82,7,10,Over
3,talk,83,7,9,Over
3,talk,84,7,14,Over
3,talk,85,7,6,Over
3,talk,86,7,7,Over
3,talk,87,7,12,Over
3,vote,1,14
3,vote,2,14
3,vote,4,14
3,vote,5,14
3,vote,6,7
3,vote,7,14
3,vote,8,14
3,vote,9,14
3,vote,10,14
3,vote,12,10
3,vote,14,5
3,execute,14,VILLAGER
3,divine,10,4,WEREWOLF
3,whisper,0,0,7,ATTACK Agent[10]
3,whisper,1,0,4,Skip
3,whisper,2,1,7,ATTACK Agent[06]
3,whisper,3,1,4,Skip
3,whisper,4,2,4,Over
3,whisper,5,2,7,Skip
3,whisper,6,3,7,Skip
3,whisper,7,3,4,Over
3,whisper,8,4,4,Over
3,whisper,9,4,7,Over
3,attackVote,4,12
3,attackVote,7,6
3,attackVote,4,12
3,attackVote,7,6
3,attack,12,true
4,status,1,VILLAGER,ALIVE,f6wbl6
4,status,2,VILLAGER,ALIVE,WolfKing
4,status,3,MEDIUM,DEAD,WordWolf
4,status,4,WEREWOLF,ALIVE,spicy2
4,status,5,VILLAGER,ALIVE,yskn67
4,status,6,VILLAGER,ALIVE,TRKOkami
4,status,7,WEREWOLF,ALIVE,cndl
4,status,8,VILLAGER,ALIVE,Udon
4,status,9,VILLAGER,ALIVE,marky
4,status,10,SEER,ALIVE,Romanesco
4,status,11,BODYGUARD,DEAD,wasabi
4,status,12,POSSESSED,DEAD,Litt1eGirl
4,status,13,WEREWOLF,DEAD,sonoda
4,status,14,VILLAGER,DEAD,cash
4,status,15,VILLAGER,DEAD,Serval
4,talk,0,0,7,VOTE Agent[10]
4,talk,1,0,2,VOTE Agent[07]
4,talk,2,0,1,VOTE Agent[08]
4,talk,3,0,10,DIVINED Agent[04] WEREWOLF
4,talk,4,0,6,Over
4,talk,5,0,4,VOTE Agent[09]
4,talk,6,0,8,VOTE Agent[10]
4,talk,7,0,9,VOTE Agent[07]
4,talk,8,0,5,ESTIMATE Agent[09] WEREWOLF
4,talk,9,1,7,ESTIMATE Agent[08] VILLAGER
4,talk,10,1,2,VOTE Agent[08]
4,talk,11,1,6,Over
4,talk,12,1,1,VOTE Agent[07]
4,talk,13,1,8,Over
4,talk,14,1,5,VOTE Agent[09]
4,talk,15,1,10,VOTE Agent[04]
4,talk,16,1,9,VOTE Agent[08]
4,talk,17,1,4,VOTE Agent[02]
4,talk,18,2,9,Skip
4,talk,19,2,8,Over
4,talk,20,2,5,Skip
4,talk,21,2,2,Skip
4,talk,22,2,6,VOTE Agent[04]
4,talk,23,2,7,Skip
4,talk,24,2,4,Skip
4,talk,25,2,10,VOTE Agent[07]
4,talk,26,2,1,VOTE Agent[08]
4,talk,27,3,8,Over
4,talk,28,3,2,Skip
4,talk,29,3,9,Skip
4,talk,30,3,6,AGREE TALK day4 ID:26
4,talk,31,3,1,Skip
4,talk,32,3,5,Skip
4,talk,33,3,10,VOTE Agent[04]
4,talk,34,3,4,Skip
4,talk,35,3,7,VOTE Agent[08]
4,talk,36,4,7,Skip
4,talk,37,4,10,Skip
4,talk,38,4,2,Over
4,talk,39,4,8,Over
4,talk,40,4,5,Over
4,talk,41,4,1,Skip
4,talk,42,4,9,Over
4,talk,43,4,6,AGREE TALK day4 ID:35
4,talk,44,4,4,Over
4,talk,45,5,5,Over
4,talk,46,5,2,Over
4,talk,47,5,1,Over
4,talk,48,5,9,Over
4,talk,49,5,8,Over
4,talk,50,5,7,Skip
4,talk,51,5,4,Over
4,talk,52,5,6,Over
4,talk,53,5,10,Skip
4,talk,54,6,2,Over
4,talk,55,6,4,Over
4,talk,56,6,1,Over
4,talk,57,6,6,Over
4,talk,58,6,5,Over
4,talk,59,6,10,Over
4,talk,60,6,9,Over
4,talk,61,6,8,Over
4,talk,62,6,7,Over
4,vote,1,8
4,vote,2,8
4,vote,4,2
4,vote,5,9
4,vote,6,4
4,vote,7,8
4,vote,8,10
4,vote,9,8
4,vote,10,4
4,execute,8,VILLAGER
4,divine,10,1,HUMAN
4,whisper,0,0,7,ATTACK Agent[10]
4,whisper,1,0,4,Skip
4,whisper,2,1,4,Skip
4,whisper,3,1,7,ATTACK Agent[06]
4,whisper,4,2,7,Skip
4,whisper,5,2,4,Over
4,whisper,6,3,4,Over
4,whisper,7,3,7,Skip
4,whisper,8,4,4,Over
4,whisper,9,4,7,Over
4,attackVote,7,6
4,attack,6,true
5,status,1,VILLAGER,ALIVE,f6wbl6
5,status,2,VILLAGER,ALIVE,WolfKing
5,status,3,MEDIUM,DEAD,WordWolf
5,status,4,WEREWOLF,ALIVE,spicy2
5,status,5,VILLAGER,ALIVE,yskn67
5,status,6,VILLAGER,DEAD,TRKOkami
5,status,7,WEREWOLF,ALIVE,cndl
5,status,8,VILLAGER,DEAD,Udon
5,status,9,VILLAGER,ALIVE,marky
5,status,10,SEER,ALIVE,Romanesco
5,status,11,BODYGUARD,DEAD,wasabi
5,status,12,POSSESSED,DEAD,Litt1eGirl
5,status,13,WEREWOLF,DEAD,sonoda
5,status,14,VILLAGER,DEAD,cash
5,status,15,VILLAGER,DEAD,Serval
5,talk,0,0,1,VOTE Agent[10]
5,talk,1,0,9,VOTE Agent[10]
5,talk,2,0,7,VOTE Agent[09]
5,talk,3,0,10,DIVINED Agent[01] HUMAN
5,talk,4,0,2,VOTE Agent[10]
5,talk,5,0,4,VOTE Agent[02]
5,talk,6,0,5,ESTIMATE Agent[09] WEREWOLF
5,talk,7,1,4,Skip
5,talk,8,1,5,VOTE Agent[09]
5,talk,9,1,2,Skip
5,talk,10,1,9,Skip
5,talk,11,1,10,VOTE Agent[04]
5,talk,12,1,1,Skip
5,talk,13,1,7,VOTE Agent[10]
5,talk,14,2,7,ESTIMATE Agent[01] VILLAGER
5,talk,15,2,5,Skip
5,talk,16,2,2,Skip
5,talk,17,2,1,Skip
5,talk,18,2,10,Skip
5,talk,19,2,4,Skip
5,talk,20,2,9,Skip
5,talk,21,3,5,Skip
5,talk,22,3,7,Skip
5,talk,23,3,2,Over
5,talk,24,3,1,Over
5,talk,25,3,4,Over
5,talk,26,3,10,Skip
5,talk,27,3,9,Over
5,talk,28,4,1,Over
5,talk,29,4,10,Over
5,talk,30,4,5,Over
5,talk,31,4,4,Over
5,talk,32,4,9,Over
5,talk,33,4,7,Skip
5,talk,34,4,2,Over
5,talk,35,5,9,Over
5,talk,36,5,2,Over
5,talk,37,5,4,Over
5,talk,38,5,1,Over
5,talk,39,5,5,Over
5,talk,40,5,7,Over
5,talk,41,5,10,Over
5,vote,1,10
5,vote,2,10
5,vote,4,2
5,vote,5,9
5,vote,7,10
5,vote,9,10
5,vote,10,4
5,execute,10,SEER
5,whisper,0,0,4,Skip
5,whisper,1,0,7,ATTACK Agent[02]
5,whisper,2,1,4,Skip
5,whisper,3,1,7,ATTACK Agent[09]
5,whisper,4,2,7,Skip
5,whisper,5,2,4,Over
5,whisper,6,3,7,Skip
5,whisper,7,3,4,Over
5,whisper,8,4,4,Over
5,whisper,9,4,7,Over
5,attackVote,4,9
5,attackVote,7,9
5,attack,9,true
6,status,1,VILLAGER,ALIVE,f6wbl6
6,status,2,VILLAGER,ALIVE,WolfKing
6,status,3,MEDIUM,DEAD,WordWolf
6,status,4,WEREWOLF,ALIVE,spicy2
6,status,5,VILLAGER,ALIVE,yskn67
6,status,6,VILLAGER,DEAD,TRKOkami
6,status,7,WEREWOLF,ALIVE,cndl
6,status,8,VILLAGER,DEAD,Udon
6,status,9,VILLAGER,DEAD,marky
6,status,10,SEER,DEAD,Romanesco
6,status,11,BODYGUARD,DEAD,wasabi
6,status,12,POSSESSED,DEAD,Litt1eGirl
6,status,13,WEREWOLF,DEAD,sonoda
6,status,14,VILLAGER,DEAD,cash
6,status,15,VILLAGER,DEAD,Serval
6,talk,0,0,7,VOTE Agent[02]
6,talk,1,0,5,COMINGOUT Agent[05] POSSESSED
6,talk,2,0,2,VOTE Agent[07]
6,talk,3,0,1,VOTE Agent[07]
6,talk,4,0,4,VOTE Agent[02]
6,talk,5,1,1,Skip
6,talk,6,1,4,Skip
6,talk,7,1,2,Skip
6,talk,8,1,5,ESTIMATE Agent[07] WEREWOLF
6,talk,9,1,7,ESTIMATE Agent[01] VILLAGER
6,talk,10,2,2,Skip
6,talk,11,2,5,VOTE Agent[07]
6,talk,12,2,4,Skip
6,talk,13,2,1,Skip
6,talk,14,2,7,Skip
6,talk,15,3,2,Over
6,talk,16,3,4,Over
6,talk,17,3,1,Over
6,talk,18,3,7,Skip
6,talk,19,3,5,Skip
6,talk,20,4,4,Over
6,talk,21,4,7,Over
6,talk,22,4,5,Skip
6,talk,23,4,1,Over
6,talk,24,4,2,Over
6,talk,25,5,4,Over
6,talk,26,5,5,Over
6,talk,27,5,2,Over
6,talk,28,5,1,Over
6,talk,29,5,7,Over
6,vote,1,7
6,vote,2,7
6,vote,4,2
6,vote,5,7
6,vote,7,2
6,execute,7,WEREWOLF
6,attackVote,4,5
6,attack,5,true
7,status,1,VILLAGER,ALIVE,f6wbl6
7,status,2,VILLAGER,ALIVE,WolfKing
7,status,3,MEDIUM,DEAD,WordWolf
7,status,4,WEREWOLF,ALIVE,spicy2
7,status,5,VILLAGER,DEAD,yskn67
7,status,6,VILLAGER,DEAD,TRKOkami
7,status,7,WEREWOLF,DEAD,cndl
7,status,8,VILLAGER,DEAD,Udon
7,status,9,VILLAGER,DEAD,marky
7,status,10,SEER,DEAD,Romanesco
7,status,11,BODYGUARD,DEAD,wasabi
7,status,12,POSSESSED,DEAD,Litt1eGirl
7,status,13,WEREWOLF,DEAD,sonoda
7,status,14,VILLAGER,DEAD,cash
7,status,15,VILLAGER,DEAD,Serval
7,talk,0,0,4,COMINGOUT Agent[04] WEREWOLF
7,talk,1,0,1,VOTE Agent[02]
7,talk,2,0,2,VOTE Agent[04]
7,talk,3,1,1,Skip
7,talk,4,1,2,Skip
7,talk,5,1,4,VOTE Agent[01]
7,talk,6,2,2,Skip
7,talk,7,2,4,Skip
7,talk,8,2,1,Skip
7,talk,9,3,4,Skip
7,talk,10,3,1,Over
7,talk,11,3,2,Over
7,talk,12,4,1,Over
7,talk,13,4,2,Over
7,talk,14,4,4,Over
7,vote,1,2
7,vote,2,4
7,vote,4,1
7,vote,1,2
7,vote,2,4
7,vote,4,1
7,execute,4,WEREWOLF
8,status,1,VILLAGER,ALIVE,f6wbl6
8,status,2,VILLAGER,ALIVE,WolfKing
8,status,3,MEDIUM,DEAD,WordWolf
8,status,4,WEREWOLF,DEAD,spicy2
8,status,5,VILLAGER,DEAD,yskn67
8,status,6,VILLAGER,DEAD,TRKOkami
8,status,7,WEREWOLF,DEAD,cndl
8,status,8,VILLAGER,DEAD,Udon
8,status,9,VILLAGER,DEAD,marky
8,status,10,SEER,DEAD,Romanesco
8,status,11,BODYGUARD,DEAD,wasabi
8,status,12,POSSESSED,DEAD,Litt1eGirl
8,status,13,WEREWOLF,DEAD,sonoda
8,status,14,VILLAGER,DEAD,cash
8,status,15,VILLAGER,DEAD,Serval
8,result,2,0,VILLAGER
