0,status,1,VILLAGER,ALIVE,f6wbl6
0,status,2,VILLAGER,ALIVE,WolfKing
0,status,3,VILLAGER,ALIVE,WordWolf
0,status,4,VILLAGER,ALIVE,spicy2
0,status,5,WEREWOLF,ALIVE,yskn67
0,status,6,SEER,ALIVE,TRKOkami
0,status,7,WEREWOLF,ALIVE,cndl
0,status,8,WEREWOLF,ALIVE,Udon
0,status,9,MEDIUM,ALIVE,marky
0,status,10,VILLAGER,ALIVE,Romanesco
0,status,11,VILLAGER,ALIVE,wasabi
0,status,12,VILLAGER,ALIVE,Litt1eGirl
0,status,13,POSSESSED,ALIVE,sonoda
0,status,14,BODYGUARD,ALIVE,cash
0,status,15,VILLAGER,ALIVE,Serval
0,whisper,0,0,8,Over
0,whisper,1,0,7,COMINGOUT Agent[07] VILLAGER
0,whisper,2,0,5,Skip
0,whisper,3,1,8,Over
0,whisper,4,1,5,Skip
0,whisper,5,1,7,Skip
0,whisper,6,2,5,Over
0,whisper,7,2,7,Skip
0,whisper,8,2,8,Over
0,whisper,9,3,7,Over
0,whisper,10,3,5,Over
0,whisper,11,3,8,Over
0,divine,6,9,HUMAN
1,status,1,VILLAGER,ALIVE,f6wbl6
1,status,2,VILLAGER,ALIVE,WolfKing
1,status,3,VILLAGER,ALIVE,WordWolf
1,status,4,VILLAGER,ALIVE,spicy2
1,status,5,WEREWOLF,ALIVE,yskn67
1,status,6,SEER,ALIVE,TRKOkami
1,status,7,WEREWOLF,ALIVE,cndl
1,status,8,WEREWOLF,ALIVE,Udon
1,status,9,MEDIUM,ALIVE,marky
1,status,10,VILLAGER,ALIVE,Romanesco
1,status,11,VILLAGER,ALIVE,wasabi
1,status,12,VILLAGER,ALIVE,Litt1eGirl
1,status,13,POSSESSED,ALIVE,sonoda
1,status,14,BODYGUARD,ALIVE,cash
1,status,15,VILLAGER,ALIVE,Serval
1,talk,0,0,4,VOTE Agent[01]
1,talk,1,0,10,VOTE Agent[12]
1,talk,2,0,12,VOTE Agent[09]
1,talk,3,0,5,ESTIMATE Agent[01] WEREWOLF
1,talk,4,0,8,VOTE Agent[12]
1,talk,5,0,1,VOTE Agent[12]
1,talk,6,0,11,ESTIMATE Agent[07] VILLAGER
1,talk,7,0,3,VOTE Agent[01]
1,talk,8,0,6,COMINGOUT Agent[06] SEER
1,talk,9,0,7,VOTE Agent[12]
1,talk,10,0,13,COMINGOUT Agent[13] SEER
1,talk,11,0,2,VOTE Agent[12]
1,talk,12,0,15,Skip
1,talk,13,0,14,VOTE Agent[02]
1,talk,14,0,9,COMINGOUT Agent[09] MEDIUM
1,talk,15,1,5,VOTE Agent[01]
1,talk,16,1,6,DIVINED Agent[14] WEREWOLF
1,talk,17,1,2,VOTE Agent[11]
1,talk,18,1,3,VOTE Agent[14]
1,talk,19,1,10,VOTE Agent[04]
1,talk,20,1,11,Skip
1,talk,21,1,4,Skip
1,talk,22,1,9,VOTE Agent[11]
1,talk,23,1,1,VOTE Agent[11]
1,talk,24,1,7,VOTE Agent[03]
1,talk,25,1,12,VOTE Agent[01]
1,talk,26,1,14,VOTE Agent[15]
1,talk,27,1,13,DIVINED Agent[10] HUMAN
1,talk,28,1,15,AGREE TALK day1 ID:4
1,talk,29,1,8,Over
1,talk,30,2,6,VOTE Agent[13]
1,talk,31,2,2,Skip
1,talk,32,2,11,ESTIMATE Agent[15] VILLAGER
1,talk,33,2,3,Skip
1,talk,34,2,10,VOTE Agent[11]
1,talk,35,2,5,ESTIMATE Agent[14] WEREWOLF
1,talk,36,2,13,VOTE Agent[01]
1,talk,37,2,15,Over
1,talk,38,2,9,Skip
1,talk,39,2,7,VOTE Agent[11]
1,talk,40,2,4,VOTE Agent[14]
1,talk,41,2,12,Over
1,talk,42,2,1,Skip
1,talk,43,2,14,Skip
1,talk,44,2,8,VOTE Agent[14]
1,talk,45,3,10,VOTE Agent[14]
1,talk,46,3,8,Over
1,talk,47,3,3,Skip
1,talk,48,3,1,VOTE Agent[14]
1,talk,49,3,13,Skip
1,talk,50,3,6,AGREE TALK day1 ID:39
1,talk,51,3,15,VOTE Agent[14]
1,talk,52,3,14,Skip
1,talk,53,3,7,Skip
1,talk,54,3,4,Skip
1,talk,55,3,11,VOTE Agent[14]
1,talk,56,3,9,VOTE Agent[14]
1,talk,57,3,5,VOTE Agent[14]
1,talk,58,3,2,VOTE Agent[14]
1,talk,59,3,12,VOTE Agent[11]
1,talk,60,4,5,Skip
1,talk,61,4,6,AGREE TALK day1 ID:59
1,talk,62,4,7,VOTE Agent[14]
1,talk,63,4,9,Skip
1,talk,64,4,14,VOTE Agent[09]
1,talk,65,4,8,Over
1,talk,66,4,1,Skip
1,talk,67,4,12,VOTE Agent[14]
1,talk,68,4,11,Skip
1,talk,69,4,3,Over
1,talk,70,4,4,Skip
1,talk,71,4,10,Skip
1,talk,72,4,15,Over
1,talk,73,4,13,Skip
1,talk,74,4,2,Skip
1,talk,75,5,5,Skip
1,talk,76,5,2,Skip
1,talk,77,5,8,Over
1,talk,78,5,12,Over
1,talk,79,5,1,Skip
1,talk,80,5,4,Over
1,talk,81,5,15,Over
1,talk,82,5,10,Skip
1,talk,83,5,9,Skip
1,talk,84,5,7,Skip
1,talk,85,5,3,Over
1,talk,86,5,13,Over
1,talk,87,5,14,Skip
1,talk,88,5,6,Over
1,talk,89,5,11,ESTIMATE Agent[06] WEREWOLF
1,talk,90,6,7,Skip
1,talk,91,6,8,Over
1,talk,92,6,10,Over
1,talk,93,6,1,Over
1,talk,94,6,11,ESTIMATE Agent[13] WEREWOLF
1,talk,95,6,13,Over
1,talk,96,6,15,Over
1,talk,97,6,9,Over
1,talk,98,6,6,Over
1,talk,99,6,14,Skip
1,talk,100,6,3,Over
1,talk,101,6,4,Over
1,talk,102,6,2,Over
1,talk,103,6,5,Over
1,talk,104,6,12,ESTIMATE Agent[12] VILLAGER
1,talk,105,7,12,ESTIMATE Agent[14] WEREWOLF
1,talk,106,7,3,Over
1,talk,107,7,1,Over
1,talk,108,7,14,Over
1,talk,109,7,15,Over
1,talk,110,7,8,Over
1,talk,111,7,9,Over
1,talk,112,7,10,Over
1,talk,113,7,11,REQUEST(VOTE Agent[14])
1,talk,114,7,13,Over
1,talk,115,7,7,Over
1,talk,116,7,5,Over
1,talk,117,7,4,Over
1,talk,118,7,2,Over
1,talk,119,7,6,Over
1,talk,120,8,8,Over
1,talk,121,8,14,Over
1,talk,122,8,6,Over
1,talk,123,8,10,Over
1,talk,124,8,3,Over
1,talk,125,8,15,Over
1,talk,126,8,1,Over
1,talk,127,8,4,Over
1,talk,128,8,9,Over
1,talk,129,8,13,Over
1,talk,130,8,2,Over
1,talk,131,8,7,Over
1,talk,132,8,11,ESTIMATE Agent[09] MEDIUM
1,talk,133,8,12,Over
1,talk,134,8,5,Over
1,talk,135,9,11,Over
1,talk,136,9,12,Over
1,talk,137,9,6,Over
1,talk,138,9,14,Over
1,talk,139,9,2,Over
1,talk,140,9,5,Over
1,talk,141,9,1,Over
1,talk,142,9,3,Over
1,talk,143,9,7,Over
1,talk,144,9,4,Over
1,talk,145,9,13,Over
1,talk,146,9,9,Over
1,talk,147,9,8,Over
1,talk,148,9,10,Over
1,talk,149,9,15,Over
1,vote,1,14
1,vote,2,14
1,vote,3,14
1,vote,4,14
1,vote,5,14
1,vote,6,13
1,vote,7,14
1,vote,8,14
1,vote,9,14
1,vote,10,14
1,vote,11,14
1,vote,12,14
1,vote,13,1
1,vote,14,9
1,vote,15,14
1,execute,14,BODYGUARD
1,divine,6,1,HUMAN
1,whisper,0,0,5,Skip
1,whisper,1,0,7,ESTIMATE Agent[06] POSSESSED
1,whisper,2,0,8,Over
1,whisper,3,1,5,Skip
1,whisper,4,1,8,Over
1,whisper,5,1,7,ATTACK Agent[09]
1,whisper,6,2,8,Over
1,whisper,7,2,7,Skip
1,whisper,8,2,5,Over
1,whisper,9,3,8,Over
1,whisper,10,3,7,Skip
1,whisper,11,3,5,Over
1,whisper,12,4,5,Over
1,whisper,13,4,8,Over
1,whisper,14,4,7,Over
1,attackVote,5,9
1,attackVote,7,9
1,attackVote,8,9
1,attack,9,true
2,status,1,VILLAGER,ALIVE,f6wbl6
2,status,2,VILLAGER,ALIVE,WolfKing
2,status,3,VILLAGER,ALIVE,WordWolf
2,status,4,VILLAGER,ALIVE,spicy2
2,status,5,WEREWOLF,ALIVE,yskn67
2,status,6,SEER,ALIVE,TRKOkami
2,status,7,WEREWOLF,ALIVE,cndl
2,status,8,WEREWOLF,ALIVE,Udon
2,status,9,MEDIUM,DEAD,marky
2,status,10,VILLAGER,ALIVE,Romanesco
2,status,11,VILLAGER,ALIVE,wasabi
2,status,12,VILLAGER,ALIVE,Litt1eGirl
2,status,13,POSSESSED,ALIVE,sonoda
2,status,14,BODYGUARD,DEAD,cash
2,status,15,VILLAGER,ALIVE,Serval
2,talk,0,0,5,ESTIMATE Agent[11] WEREWOLF
2,talk,1,0,3,VOTE Agent[07]
2,talk,2,0,8,VOTE Agent[12]
2,talk,3,0,4,VOTE Agent[02]
2,talk,4,0,12,VOTE Agent[02]
2,talk,5,0,1,VOTE Agent[15]
2,talk,6,0,15,Skip
2,talk,7,0,7,VOTE Agent[13]
2,talk,8,0,10,VOTE Agent[04]
2,talk,9,0,2,VOTE Agent[15]
2,talk,10,0,11,ESTIMATE Agent[05] VILLAGER
2,talk,11,0,6,DIVINED Agent[09] HUMAN
2,talk,12,0,13,DIVINED Agent[11] HUMAN
2,talk,13,1,12,VOTE Agent[15]
2,talk,14,1,8,VOTE Agent[02]
2,talk,15,1,2,Skip
2,talk,16,1,10,VOTE Agent[07]
2,talk,17,1,6,DIVINED Agent[01] HUMAN
2,talk,18,1,3,VOTE Agent[01]
2,talk,19,1,5,ESTIMATE Agent[12] WEREWOLF
2,talk,20,1,4,Skip
2,talk,21,1,15,AGREE TALK day1 ID:3
2,talk,22,1,7,VOTE Agent[02]
2,talk,23,1,13,VOTE Agent[01]
2,talk,24,1,11,Skip
2,talk,25,1,1,Skip
2,talk,26,2,6,VOTE Agent[13]
2,talk,27,2,5,VOTE Agent[12]
2,talk,28,2,13,VOTE Agent[15]
2,talk,29,2,15,Over
2,talk,30,2,8,Over
2,talk,31,2,1,Skip
2,talk,32,2,3,Skip
2,talk,33,2,7,ESTIMATE Agent[10] VILLAGER
2,talk,34,2,10,VOTE Agent[02]
2,talk,35,2,4,VOTE Agent[07]
2,talk,36,2,12,VOTE Agent[02]
2,talk,37,2,11,ESTIMATE Agent[03] WEREWOLF
2,talk,38,2,2,Skip
2,talk,39,3,2,Over
2,talk,40,3,5,Skip
2,talk,41,3,4,Skip
2,talk,42,3,10,Skip
2,talk,43,3,7,Skip
2,talk,44,3,6,Over
2,talk,45,3,13,Skip
2,talk,46,3,12,Over
2,talk,47,3,15,VOTE Agent[13]
2,talk,48,3,8,Over
2,talk,49,3,1,Over
2,talk,50,3,3,Skip
2,talk,51,3,11,VOTE Agent[12]
2,talk,52,4,11,ESTIMATE Agent[15] WEREWOLF
2,talk,53,4,1,Over
2,talk,54,4,6,AGREE TALK day2 ID:51
2,talk,55,4,5,Skip
2,talk,56,4,3,VOTE Agent[02]
2,talk,57,4,15,Over
2,talk,58,4,12,Over
2,talk,59,4,4,Skip
2,talk,60,4,2,VOTE Agent[08]
2,talk,61,4,13,Skip
2,talk,62,4,10,VOTE Agent[07]
2,talk,63,4,7,Skip
2,talk,64,4,8,Over
2,talk,65,5,11,VOTE Agent[02]
2,talk,66,5,15,Over
2,talk,67,5,4,Over
2,talk,68,5,13,Over
2,talk,69,5,12,Over
2,talk,70,5,10,Skip
2,talk,71,5,5,Over
2,talk,72,5,6,Over
2,talk,73,5,3,Skip
2,talk,74,5,8,Over
2,talk,75,5,7,Over
2,talk,76,5,1,VOTE Agent[12]
2,talk,77,5,2,Skip
2,talk,78,6,2,Skip
2,talk,79,6,15,Over
2,talk,80,6,10,Skip
2,talk,81,6,8,Over
2,talk,82,6,7,Over
2,talk,83,6,11,ESTIMATE Agent[03] WEREWOLF
2,talk,84,6,13,Over
2,talk,85,6,3,Skip
2,talk,86,6,4,Over
2,talk,87,6,12,Over
2,talk,88,6,5,Over
2,talk,89,6,6,Over
2,talk,90,6,1,VOTE Agent[15]
2,talk,91,7,4,Over
2,talk,92,7,2,Over
2,talk,93,7,8,Over
2,talk,94,7,13,Over
2,talk,95,7,3,Over
2,talk,96,7,11,ESTIMATE Agent[05] WEREWOLF
2,talk,97,7,10,Over
2,talk,98,7,1,Skip
2,talk,99,7,12,ESTIMATE Agent[01] VILLAGER
2,talk,100,7,7,Over
2,talk,101,7,5,Over
2,talk,102,7,15,Over
2,talk,103,7,6,Over
2,talk,104,8,8,Over
2,talk,105,8,1,Skip
2,talk,106,8,3,Over
2,talk,107,8,4,Over
2,talk,108,8,15,Over
2,talk,109,8,6,Over
2,talk,110,8,5,Over
2,talk,111,8,12,Over
2,talk,112,8,11,VOTE Agent[07]
2,talk,113,8,10,Over
2,talk,114,8,2,Over
2,talk,115,8,13,Over
2,talk,116,8,7,Over
2,talk,117,9,10,Over
2,talk,118,9,12,Over
2,talk,119,9,11,Over
2,talk,120,9,6,Over
2,talk,121,9,4,Over
2,talk,122,9,13,Over
2,talk,123,9,8,Over
2,talk,124,9,1,VOTE Agent[07]
2,talk,125,9,5,Over
2,talk,126,9,2,VOTE Agent[07]
2,talk,127,9,7,Over
2,talk,128,9,3,VOTE Agent[07]
2,talk,129,9,15,Over
2,talk,130,10,1,Skip
2,talk,131,10,12,VOTE Agent[07]
2,talk,132,10,11,Over
2,talk,133,10,6,Over
2,talk,134,10,7,Over
2,talk,135,10,8,VOTE Agent[07]
2,talk,136,10,13,Over
2,talk,137,10,3,Skip
2,talk,138,10,4,Over
2,talk,139,10,10,Over
2,talk,140,10,2,Skip
2,talk,141,10,15,Over
2,talk,142,10,5,Over
2,talk,143,11,4,Over
2,talk,144,11,2,Skip
2,talk,145,11,10,Over
2,talk,146,11,6,Over
2,talk,147,11,11,Over
2,talk,148,11,12,Over
2,talk,149,11,7,VOTE Agent[12]
2,talk,150,11,15,Over
2,talk,151,11,5,Over
2,talk,152,11,8,Over
2,talk,153,11,1,Skip
2,talk,154,11,13,Over
2,talk,155,11,3,Skip
2,talk,156,12,13,Over
2,talk,157,12,3,Over
2,talk,158,12,12,Over
2,talk,159,12,11,Over
2,talk,160,12,7,Skip
2,talk,161,12,5,Over
2,talk,162,12,1,Over
2,talk,163,12,2,Over
2,talk,164,12,15,Over
2,talk,165,12,4,Over
2,talk,166,12,10,Over
2,talk,167,12,6,Over
2,talk,168,12,8,Over
2,talk,169,13,7,Skip
2,talk,170,13,13,Over
2,talk,171,13,2,VOTE Agent[08]
2,talk,172,13,15,Over
2,talk,173,13,10,Over
2,talk,174,13,8,Over
2,talk,175,13,4,Over
2,talk,176,13,1,Over
2,talk,177,13,5,Over
2,talk,178,13,6,Over
2,talk,179,13,11,Over
2,talk,180,13,3,Over
2,talk,181,13,12,Over
2,talk,182,14,13,Over
2,talk,183,14,4,Over
2,talk,184,14,11,Over
2,talk,185,14,2,Skip
2,talk,186,14,1,Over
2,talk,187,14,7,Over
2,talk,188,14,12,Over
2,talk,189,14,3,Over
2,talk,190,14,5,Over
2,talk,191,14,8,Over
2,talk,192,14,6,Over
2,talk,193,14,10,Over
2,talk,194,14,15,Over
2,talk,195,15,4,Over
2,talk,196,15,5,Over
2,talk,197,15,13,Over
2,talk,198,15,3,Over
2,talk,199,15,15,Over
2,talk,200,15,10,Over
2,talk,201,15,6,Over
2,talk,202,15,1,Over
2,talk,203,15,11,Over
2,talk,204,15,7,Over
2,talk,205,15,8,Over
2,talk,206,15,12,Over
2,talk,207,15,2,Skip
2,talk,208,16,6,Over
2,talk,209,16,11,Over
2,talk,210,16,15,Over
2,talk,211,16,5,Over
2,talk,212,16,3,Over
2,talk,213,16,10,Over
2,talk,214,16,12,Over
2,talk,215,16,1,Over
2,talk,216,16,7,Over
2,talk,217,16,4,Over
2,talk,218,16,13,Over
2,talk,219,16,2,Over
2,talk,220,16,8,Over
2,vote,1,7
2,vote,2,8
2,vote,3,7
2,vote,4,7
2,vote,5,12
2,vote,6,13
2,vote,7,12
2,vote,8,7
2,vote,10,7
2,vote,11,7
2,vote,12,7
2,vote,13,15
2,vote,15,5
2,execute,7,WEREWOLF
2,divine,6,8,WEREWOLF
2,whisper,0,0,8,Over
2,whisper,1,0,5,Skip
2,whisper,2,1,5,Skip
2,whisper,3,1,8,Over
2,whisper,4,2,8,Over
2,whisper,5,2,5,Over
2,attackVote,5,13
2,attackVote,8,13
2,attack,13,true
3,status,1,VILLAGER,ALIVE,f6wbl6
3,status,2,VILLAGER,ALIVE,WolfKing
3,status,3,VILLAGER,ALIVE,WordWolf
3,status,4,VILLAGER,ALIVE,spicy2
3,status,5,WEREWOLF,ALIVE,yskn67
3,status,6,SEER,ALIVE,TRKOkami
3,status,7,WEREWOLF,DEAD,cndl
3,status,8,WEREWOLF,ALIVE,Udon
3,status,9,MEDIUM,DEAD,marky
3,status,10,VILLAGER,ALIVE,Romanesco
3,status,11,VILLAGER,ALIVE,wasabi
3,status,12,VILLAGER,ALIVE,Litt1eGirl
3,status,13,POSSESSED,DEAD,sonoda
3,status,14,BODYGUARD,DEAD,cash
3,status,15,VILLAGER,ALIVE,Serval
3,talk,0,0,5,ESTIMATE Agent[15] WEREWOLF
3,talk,1,0,11,ESTIMATE Agent[06] WEREWOLF
3,talk,2,0,1,VOTE Agent[15]
3,talk,3,0,3,VOTE Agent[12]
3,talk,4,0,2,VOTE Agent[12]
3,talk,5,0,8,VOTE Agent[12]
3,talk,6,0,12,VOTE Agent[03]
3,talk,7,0,6,DIVINED Agent[08] WEREWOLF
3,talk,8,0,10,VOTE Agent[04]
3,talk,9,0,4,VOTE Agent[03]
3,talk,10,0,15,Skip
3,talk,11,1,1,Skip
3,talk,12,1,3,Skip
3,talk,13,1,2,Skip
3,talk,14,1,11,ESTIMATE Agent[15] WEREWOLF
3,talk,15,1,12,Over
3,talk,16,1,4,Skip
3,talk,17,1,8,Over
3,talk,18,1,15,AGREE TALK day1 ID:5
3,talk,19,1,6,Over
3,talk,20,1,10,VOTE Agent[03]
3,talk,21,1,5,VOTE Agent[15]
3,talk,22,2,3,Skip
3,talk,23,2,15,Over
3,talk,24,2,12,Over
3,talk,25,2,2,Skip
3,talk,26,2,5,Skip
3,talk,27,2,1,Skip
3,talk,28,2,10,VOTE Agent[12]
3,talk,29,2,6,VOTE Agent[08]
3,talk,30,2,11,ESTIMATE Agent[02] VILLAGER
3,talk,31,2,4,Skip
3,talk,32,2,8,Over
3,talk,33,3,6,AGREE TALK day3 ID:28
3,talk,34,3,5,Skip
3,talk,35,3,3,Over
3,talk,36,3,8,Over
3,talk,37,3,12,Over
3,talk,38,3,10,Skip
3,talk,39,3,15,VOTE Agent[03]
3,talk,40,3,2,Over
3,talk,41,3,1,Over
3,talk,42,3,4,Over
3,talk,43,3,11,VOTE Agent[15]
3,talk,44,4,4,Over
3,talk,45,4,3,Over
3,talk,46,4,5,Over
3,talk,47,4,8,Over
3,talk,48,4,2,Over
3,talk,49,4,15,Over
3,talk,50,4,6,Over
3,talk,51,4,10,Skip
3,talk,52,4,1,Over
3,talk,53,4,12,VOTE Agent[15]
3,talk,54,4,11,ESTIMATE Agent[06] WEREWOLF
3,talk,55,5,4,Over
3,talk,56,5,1,Over
3,talk,57,5,5,Over
3,talk,58,5,2,Over
3,talk,59,5,11,ESTIMATE Agent[01] VILLAGER
3,talk,60,5,10,Over
3,talk,61,5,8,Over
3,talk,62,5,12,Over
3,talk,63,5,3,Over
3,talk,64,5,6,Over
3,talk,65,5,15,Over
3,talk,66,6,6,Over
3,talk,67,6,4,Over
3,talk,68,6,10,Over
3,talk,69,6,2,Over
3,talk,70,6,5,Over
3,talk,71,6,1,Over
3,talk,72,6,8,Over
3,talk,73,6,3,Over
3,talk,74,6,11,ESTIMATE Agent[10] VILLAGER
3,talk,75,6,12,ESTIMATE Agent[15] WEREWOLF
3,talk,76,6,15,Over
3,talk,77,7,6,Over
3,talk,78,7,1,Over
3,talk,79,7,11,ESTIMATE Agent[10] VILLAGER
3,talk,80,7,3,Over
3,talk,81,7,2,Over
3,talk,82,7,12,Over
3,talk,83,7,10,Over
3,talk,84,7,8,Over
3,talk,85,7,5,Over
3,talk,86,7,15,Over
3,talk,87,7,4,Over
3,talk,88,8,1,Over
3,talk,89,8,15,Over
3,talk,90,8,2,Over
3,talk,91,8,6,Over
3,talk,92,8,4,Over
3,talk,93,8,12,ESTIMATE Agent[15] WEREWOLF
3,talk,94,8,11,VOTE Agent[12]
3,talk,95,8,5,Over
3,talk,96,8,10,Over
3,talk,97,8,3,Over
3,talk,98,8,8,Over
3,talk,99,9,1,Over
3,talk,100,9,5,Over
3,talk,101,9,6,Over
3,talk,102,9,10,Over
3,talk,103,9,15,Over
3,talk,104,9,3,Over
3,talk,105,9,2,Over
3,talk,106,9,8,Over
3,talk,107,9,12,Over
3,talk,108,9,11,Over
3,talk,109,9,4,Over
3,vote,1,15
3,vote,2,12
3,vote,3,12
3,vote,4,3
3,vote,5,15
3,vote,6,8
3,vote,8,12
3,vote,10,12
3,vote,11,12
3,vote,12,15
3,vote,15,8
3,execute,12,VILLAGER
3,divine,6,2,HUMAN
3,whisper,0,0,8,Over
3,whisper,1,0,5,Skip
3,whisper,2,1,8,Over
3,whisper,3,1,5,Skip
3,whisper,4,2,5,Over
3,whisper,5,2,8,Over
3,attackVote,5,11
3,attackVote,8,10
3,attackVote,5,11
3,attackVote,8,10
3,attack,10,true
4,status,1,VILLAGER,ALIVE,f6wbl6
4,status,2,VILLAGER,ALIVE,WolfKing
4,status,3,VILLAGER,ALIVE,WordWolf
4,status,4,VILLAGER,ALIVE,spicy2
4,status,5,WEREWOLF,ALIVE,yskn67
4,status,6,SEER,ALIVE,TRKOkami
4,status,7,WEREWOLF,DEAD,cndl
4,status,8,WEREWOLF,ALIVE,Udon
4,status,9,MEDIUM,DEAD,marky
4,status,10,VILLAGER,DEAD,Romanesco
4,status,11,VILLAGER,ALIVE,wasabi
4,status,12,VILLAGER,DEAD,Litt1eGirl
4,status,13,POSSESSED,DEAD,sonoda
4,status,14,BODYGUARD,DEAD,cash
4,status,15,VILLAGER,ALIVE,Serval
4,talk,0,0,1,VOTE Agent[08]
4,talk,1,0,4,VOTE Agent[02]
4,talk,2,0,6,DIVINED Agent[02] HUMAN
4,talk,3,0,11,Skip
4,talk,4,0,15,Skip
4,talk,5,0,5,ESTIMATE Agent[02] WEREWOLF
4,talk,6,0,8,VOTE Agent[06]
4,talk,7,0,2,VOTE Agent[04]
4,talk,8,0,3,VOTE Agent[02]
4,talk,9,1,4,Skip
4,talk,10,1,15,AGREE TALK day1 ID:5
4,talk,11,1,11,Skip
4,talk,12,1,2,VOTE Agent[08]
4,talk,13,1,6,Over
4,talk,14,1,5,VOTE Agent[02]
4,talk,15,1,3,Skip
4,talk,16,1,1,VOTE Agent[04]
4,talk,17,1,8,Over
4,talk,18,2,4,Skip
4,talk,19,2,11,ESTIMATE Agent[01] VILLAGER
4,talk,20,2,15,Over
4,talk,21,2,1,VOTE Agent[08]
4,talk,22,2,8,Over
4,talk,23,2,2,Skip
4,talk,24,2,3,Skip
4,talk,25,2,6,VOTE Agent[08]
4,talk,26,2,5,Skip
4,talk,27,3,4,Over
4,talk,28,3,15,VOTE Agent[03]
4,talk,29,3,2,Skip
4,talk,30,3,11,VOTE Agent[08]
4,talk,31,3,1,Skip
4,talk,32,3,8,VOTE Agent[02]
4,talk,33,3,5,Skip
4,talk,34,3,6,Skip
4,talk,35,3,3,Over
4,talk,36,4,6,AGREE TALK day4 ID:28
4,talk,37,4,2,Over
4,talk,38,4,8,Over
4,talk,39,4,5,Over
4,talk,40,4,11,ESTIMATE Agent[06] WEREWOLF
4,talk,41,4,3,Over
4,talk,42,4,1,Skip
4,talk,43,4,4,Over
4,talk,44,4,15,Over
4,talk,45,5,4,Over
4,talk,46,5,3,Over
4,talk,47,5,8,Over
4,talk,48,5,11,ESTIMATE Agent[02] VILLAGER
4,talk,49,5,5,Over
4,talk,50,5,15,Over
4,talk,51,5,2,Over
4,talk,52,5,6,Over
4,talk,53,5,1,Over
4,talk,54,6,1,Over
4,talk,55,6,6,Over
4,talk,56,6,15,Over
4,talk,57,6,3,Over
4,talk,58,6,5,Over
4,talk,59,6,8,Over
4,talk,60,6,2,Over
4,talk,61,6,4,Over
4,talk,62,6,11,ESTIMATE Agent[06] WEREWOLF
4,talk,63,7,3,Over
4,talk,64,7,11,ESTIMATE Agent[06] WEREWOLF
4,talk,65,7,6,Over
4,talk,66,7,5,Over
4,talk,67,7,8,Over
4,talk,68,7,15,Over
4,talk,69,7,2,Over
4,talk,70,7,4,Over
4,talk,71,7,1,Over
4,talk,72,8,6,Over
4,talk,73,8,3,Over
4,talk,74,8,4,Over
4,talk,75,8,8,Over
4,talk,76,8,5,Over
4,talk,77,8,11,ESTIMATE Agent[06] WEREWOLF
4,talk,78,8,2,Over
4,talk,79,8,1,Over
4,talk,80,8,15,Over
4,talk,81,9,15,Over
4,talk,82,9,6,Over
4,talk,83,9,8,Over
4,talk,84,9,2,Over
4,talk,85,9,4,Over
4,talk,86,9,1,Over
4,talk,87,9,3,Over
4,talk,88,9,5,Over
4,talk,89,9,11,Over
4,vote,1,8
4,vote,2,8
4,vote,3,2
4,vote,4,2
4,vote,5,2
4,vote,6,8
4,vote,8,2
4,vote,11,8
4,vote,15,8
4,execute,8,WEREWOLF
4,divine,6,3,HUMAN
4,attackVote,5,11
4,attack,11,true
5,status,1,VILLAGER,ALIVE,f6wbl6
5,status,2,VILLAGER,ALIVE,WolfKing
5,status,3,VILLAGER,ALIVE,WordWolf
5,status,4,VILLAGER,ALIVE,spicy2
5,status,5,WEREWOLF,ALIVE,yskn67
5,status,6,SEER,ALIVE,TRKOkami
5,status,7,WEREWOLF,DEAD,cndl
5,status,8,WEREWOLF,DEAD,Udon
5,status,9,MEDIUM,DEAD,marky
5,status,10,VILLAGER,DEAD,Romanesco
5,status,11,VILLAGER,DEAD,wasabi
5,status,12,VILLAGER,DEAD,Litt1eGirl
5,status,13,POSSESSED,DEAD,sonoda
5,status,14,BODYGUARD,DEAD,cash
5,status,15,VILLAGER,ALIVE,Serval
5,talk,0,0,5,ESTIMATE Agent[06] WEREWOLF
5,talk,1,0,15,Skip
5,talk,2,0,6,DIVINED Agent[03] HUMAN
5,talk,3,0,1,VOTE Agent[15]
5,talk,4,0,4,VOTE Agent[06]
5,talk,5,0,2,VOTE Agent[04]
5,talk,6,0,3,VOTE Agent[02]
5,talk,7,1,4,Skip
5,talk,8,1,2,Skip
5,talk,9,1,1,Skip
5,talk,10,1,6,Over
5,talk,11,1,15,AGREE TALK day1 ID:3
5,talk,12,1,5,VOTE Agent[06]
5,talk,13,1,3,Skip
5,talk,14,2,3,Skip
5,talk,15,2,1,VOTE Agent[04]
5,talk,16,2,2,VOTE Agent[15]
5,talk,17,2,15,Over
5,talk,18,2,5,Skip
5,talk,19,2,4,Skip
5,talk,20,2,6,VOTE Agent[05]
5,talk,21,3,2,VOTE Agent[04]
5,talk,22,3,1,VOTE Agent[15]
5,talk,23,3,4,Over
5,talk,24,3,5,Skip
5,talk,25,3,3,Over
5,talk,26,3,6,AGREE TALK day5 ID:20
5,talk,27,3,15,VOTE Agent[03]
5,talk,28,4,4,Over
5,talk,29,4,3,Over
5,talk,30,4,1,VOTE Agent[04]
5,talk,31,4,6,AGREE TALK day5 ID:22
5,talk,32,4,5,Over
5,talk,33,4,2,VOTE Agent[15]
5,talk,34,4,15,Over
5,talk,35,5,2,VOTE Agent[04]
5,talk,36,5,4,Over
5,talk,37,5,6,Over
5,talk,38,5,1,VOTE Agent[15]
5,talk,39,5,5,Over
5,talk,40,5,3,Over
5,talk,41,5,15,Over
5,talk,42,6,3,Over
5,talk,43,6,1,Skip
5,talk,44,6,15,Over
5,talk,45,6,5,Over
5,talk,46,6,6,Over
5,talk,47,6,4,Over
5,talk,48,6,2,VOTE Agent[15]
5,talk,49,7,4,Over
5,talk,50,7,15,Over
5,talk,51,7,1,Skip
5,talk,52,7,5,Over
5,talk,53,7,2,Skip
5,talk,54,7,6,Over
5,talk,55,7,3,Over
5,talk,56,8,4,Over
5,talk,57,8,6,Over
5,talk,58,8,5,Over
5,talk,59,8,15,Over
5,talk,60,8,2,Skip
5,talk,61,8,3,Over
5,talk,62,8,1,Over
5,talk,63,9,1,Over
5,talk,64,9,4,Over
5,talk,65,9,15,Over
5,talk,66,9,2,Over
5,talk,67,9,3,Over
5,talk,68,9,5,Over
5,talk,69,9,6,Over
5,vote,1,15
5,vote,2,15
5,vote,3,2
5,vote,4,6
5,vote,5,6
5,vote,6,5
5,vote,15,5
5,vote,1,15
5,vote,2,15
5,vote,3,15
5,vote,4,6
5,vote,5,6
5,vote,6,4
5,vote,15,4
5,execute,15,VILLAGER
5,divine,6,5,WEREWOLF
5,attackVote,5,4
5,attack,4,true
6,status,1,VILLAGER,ALIVE,f6wbl6
6,status,2,VILLAGER,ALIVE,WolfKing
6,status,3,VILLAGER,ALIVE,WordWolf
6,status,4,VILLAGER,DEAD,spicy2
6,status,5,WEREWOLF,ALIVE,yskn67
6,status,6,SEER,ALIVE,TRKOkami
6,status,7,WEREWOLF,DEAD,cndl
6,status,8,WEREWOLF,DEAD,Udon
6,status,9,MEDIUM,DEAD,marky
6,status,10,VILLAGER,DEAD,Romanesco
6,status,11,VILLAGER,DEAD,wasabi
6,status,12,VILLAGER,DEAD,Litt1eGirl
6,status,13,POSSESSED,DEAD,sonoda
6,status,14,BODYGUARD,DEAD,cash
6,status,15,VILLAGER,DEAD,Serval
6,talk,0,0,3,VOTE Agent[02]
6,talk,1,0,5,COMINGOUT Agent[05] POSSESSED
6,talk,2,0,1,VOTE Agent[05]
6,talk,3,0,6,DIVINED Agent[05] WEREWOLF
6,talk,4,0,2,VOTE Agent[06]
6,talk,5,1,3,Skip
6,talk,6,1,5,ESTIMATE Agent[06] WEREWOLF
6,talk,7,1,2,VOTE Agent[05]
6,talk,8,1,1,Skip
6,talk,9,1,6,Over
6,talk,10,2,6,VOTE Agent[05]
6,talk,11,2,2,Skip
6,talk,12,2,5,VOTE Agent[06]
6,talk,13,2,1,Skip
6,talk,14,2,3,Skip
6,talk,15,3,3,Over
6,talk,16,3,1,Over
6,talk,17,3,6,Skip
6,talk,18,3,5,Skip
6,talk,19,3,2,Skip
6,talk,20,4,6,Over
6,talk,21,4,2,Over
6,talk,22,4,3,VOTE Agent[05]
6,talk,23,4,5,Skip
6,talk,24,4,1,Over
6,talk,25,5,2,Over
6,talk,26,5,5,Over
6,talk,27,5,6,Over
6,talk,28,5,3,Skip
6,talk,29,5,1,Over
6,talk,30,6,3,Skip
6,talk,31,6,1,Over
6,talk,32,6,6,Over
6,talk,33,6,5,Over
6,talk,34,6,2,Over
6,talk,35,7,2,Over
6,talk,36,7,5,Over
6,talk,37,7,6,Over
6,talk,38,7,3,Over
6,talk,39,7,1,Over
6,vote,1,5
6,vote,2,5
6,vote,3,5
6,vote,5,6
6,vote,6,5
6,execute,5,WEREWOLF
6,divine,6,2,HUMAN
7,status,1,VILLAGER,ALIVE,f6wbl6
7,status,2,VILLAGER,ALIVE,WolfKing
7,status,3,VILLAGER,ALIVE,WordWolf
7,status,4,VILLAGER,DEAD,spicy2
7,status,5,WEREWOLF,DEAD,yskn67
7,status,6,SEER,ALIVE,TRKOkami
7,status,7,WEREWOLF,DEAD,cndl
7,status,8,WEREWOLF,DEAD,Udon
7,status,9,MEDIUM,DEAD,marky
7,status,10,VILLAGER,DEAD,Romanesco
7,status,11,VILLAGER,DEAD,wasabi
7,status,12,VILLAGER,DEAD,Litt1eGirl
7,status,13,POSSESSED,DEAD,sonoda
7,status,14,BODYGUARD,DEAD,cash
7,status,15,VILLAGER,DEAD,Serval
7,result,4,0,VILLAGER
