0,status,1,BODYGUARD,ALIVE,f6wbl6
0,status,2,VILLAGER,ALIVE,WolfKing
0,status,3,POSSESSED,ALIVE,WordWolf
0,status,4,VILLAGER,ALIVE,spicy2
0,status,5,WEREWOLF,ALIVE,yskn67
0,status,6,VILLAGER,ALIVE,TRKOkami
0,status,7,VILLAGER,ALIVE,cndl
0,status,8,SEER,ALIVE,Udon
0,status,9,WEREWOLF,ALIVE,marky
0,status,10,WEREWOLF,ALIVE,Romanesco
0,status,11,VILLAGER,ALIVE,wasabi
0,status,12,VILLAGER,ALIVE,Litt1eGirl
0,status,13,MEDIUM,ALIVE,sonoda
0,status,14,VILLAGER,ALIVE,cash
0,status,15,VILLAGER,ALIVE,Serval
0,whisper,0,0,10,COMINGOUT Agent[10] VILLAGER
0,whisper,1,0,5,Skip
0,whisper,2,0,9,COMINGOUT Agent[09] VILLAGER
0,whisper,3,1,9,Skip
0,whisper,4,1,10,Skip
0,whisper,5,1,5,Skip
0,whisper,6,2,10,Skip
0,whisper,7,2,9,Skip
0,whisper,8,2,5,Over
0,whisper,9,3,10,Over
0,whisper,10,3,5,Over
0,whisper,11,3,9,Over
0,divine,8,12,HUMAN
1,status,1,BODYGUARD,ALIVE,f6wbl6
1,status,2,VILLAGER,ALIVE,WolfKing
1,status,3,POSSESSED,ALIVE,WordWolf
1,status,4,VILLAGER,ALIVE,spicy2
1,status,5,WEREWOLF,ALIVE,yskn67
1,status,6,VILLAGER,ALIVE,TRKOkami
1,status,7,VILLAGER,ALIVE,cndl
1,status,8,SEER,ALIVE,Udon
1,status,9,WEREWOLF,ALIVE,marky
1,status,10,WEREWOLF,ALIVE,Romanesco
1,status,11,VILLAGER,ALIVE,wasabi
1,status,12,VILLAGER,ALIVE,Litt1eGirl
1,status,13,MEDIUM,ALIVE,sonoda
1,status,14,VILLAGER,ALIVE,cash
1,status,15,VILLAGER,ALIVE,Serval
1,talk,0,0,14,VOTE Agent[02]
1,talk,1,0,12,VOTE Agent[05]
1,talk,2,0,13,COMINGOUT Agent[13] MEDIUM
1,talk,3,0,8,COMINGOUT Agent[08] SEER
1,talk,4,0,2,VOTE Agent[12]
1,talk,5,0,6,Over
1,talk,6,0,10,VOTE Agent[12]
1,talk,7,0,1,VOTE Agent[12]
1,talk,8,0,9,VOTE Agent[12]
1,talk,9,0,7,VOTE Agent[12]
1,talk,10,0,11,Skip
1,talk,11,0,4,VOTE Agent[01]
1,talk,12,0,3,VOTE Agent[09]
1,talk,13,0,15,Skip
1,talk,14,0,5,ESTIMATE Agent[01] WEREWOLF
1,talk,15,1,11,ESTIMATE Agent[01] VILLAGER
1,talk,16,1,8,DIVINED Agent[12] HUMAN
1,talk,17,1,7,VOTE Agent[02]
1,talk,18,1,10,Skip
1,talk,19,1,3,Skip
1,talk,20,1,14,VOTE Agent[13]
1,talk,21,1,6,Over
1,talk,22,1,2,VOTE Agent[04]
1,talk,23,1,15,AGREE TALK day1 ID:5
1,talk,24,1,12,VOTE Agent[02]
1,talk,25,1,5,VOTE Agent[01]
1,talk,26,1,4,Skip
1,talk,27,1,1,VOTE Agent[14]
1,talk,28,1,9,Skip
1,talk,29,1,13,VOTE Agent[01]
1,talk,30,2,14,Skip
1,talk,31,2,2,VOTE Agent[09]
1,talk,32,2,5,Skip
1,talk,33,2,6,VOTE Agent[04]
1,talk,34,2,13,Skip
1,talk,35,2,9,VOTE Agent[01]
1,talk,36,2,12,VOTE Agent[01]
1,talk,37,2,8,VOTE Agent[10]
1,talk,38,2,4,Skip
1,talk,39,2,7,Skip
1,talk,40,2,11,Skip
1,talk,41,2,10,VOTE Agent[01]
1,talk,42,2,1,Skip
1,talk,43,2,3,Skip
1,talk,44,2,15,Over
1,talk,45,3,15,VOTE Agent[14]
1,talk,46,3,6,Over
1,talk,47,3,5,Skip
1,talk,48,3,4,Over
1,talk,49,3,3,Over
1,talk,50,3,12,Over
1,talk,51,3,2,Skip
1,talk,52,3,7,VOTE Agent[01]
1,talk,53,3,9,Skip
1,talk,54,3,11,VOTE Agent[07]
1,talk,55,3,14,VOTE Agent[15]
1,talk,56,3,13,Skip
1,talk,57,3,1,VOTE Agent[09]
1,talk,58,3,10,Skip
1,talk,59,3,8,VOTE Agent[01]
1,talk,60,4,10,Skip
1,talk,61,4,8,Over
1,talk,62,4,11,VOTE Agent[01]
1,talk,63,4,12,Over
1,talk,64,4,2,VOTE Agent[03]
1,talk,65,4,14,VOTE Agent[13]
1,talk,66,4,3,Over
1,talk,67,4,5,Over
1,talk,68,4,15,Over
1,talk,69,4,13,Over
1,talk,70,4,6,Over
1,talk,71,4,7,Skip
1,talk,72,4,9,Skip
1,talk,73,4,1,Skip
1,talk,74,4,4,Over
1,talk,75,5,12,Over
1,talk,76,5,4,Over
1,talk,77,5,14,Skip
1,talk,78,5,7,Skip
1,talk,79,5,5,Over
1,talk,80,5,2,Skip
1,talk,81,5,9,Over
1,talk,82,5,6,Over
1,talk,83,5,10,Over
1,talk,84,5,1,Skip
1,talk,85,5,3,VOTE Agent[01]
1,talk,86,5,13,Over
1,talk,87,5,15,Over
1,talk,88,5,8,Over
1,talk,89,5,11,Skip
1,talk,90,6,7,Over
1,talk,91,6,5,Over
1,talk,92,6,10,Over
1,talk,93,6,9,Over
1,talk,94,6,14,Skip
1,talk,95,6,1,VOTE Agent[03]
1,talk,96,6,11,ESTIMATE Agent[02] WEREWOLF
1,talk,97,6,6,Over
1,talk,98,6,13,Over
1,talk,99,6,4,Over
1,talk,100,6,8,Over
1,talk,101,6,2,Skip
1,talk,102,6,3,Skip
1,talk,103,6,15,Over
1,talk,104,6,12,Over
1,talk,105,7,10,Over
1,talk,106,7,14,Over
1,talk,107,7,5,Over
1,talk,108,7,4,Over
1,talk,109,7,6,Over
1,talk,110,7,8,Over
1,talk,111,7,7,Over
1,talk,112,7,1,Skip
1,talk,113,7,9,Over
1,talk,114,7,3,Skip
1,talk,115,7,11,Skip
1,talk,116,7,13,Over
1,talk,117,7,15,Over
1,talk,118,7,12,Over
1,talk,119,7,2,Over
1,talk,120,8,4,Over
1,talk,121,8,14,Over
1,talk,122,8,2,Over
1,talk,123,8,7,Over
1,talk,124,8,12,Over
1,talk,125,8,1,Skip
1,talk,126,8,13,Over
1,talk,127,8,10,Over
1,talk,128,8,9,Over
1,talk,129,8,3,Over
1,talk,130,8,8,Over
1,talk,131,8,11,Skip
1,talk,132,8,15,Over
1,talk,133,8,5,Over
1,talk,134,8,6,Over
1,talk,135,9,10,Over
1,talk,136,9,8,Over
1,talk,137,9,1,Over
1,talk,138,9,5,Over
1,talk,139,9,3,Over
1,talk,140,9,13,Over
1,talk,141,9,12,Over
1,talk,142,9,14,Over
1,talk,143,9,11,Over
1,talk,144,9,6,Over
1,talk,145,9,4,Over
1,talk,146,9,15,Over
1,talk,147,9,7,Over
1,talk,148,9,2,Over
1,talk,149,9,9,Over
1,vote,1,3
1,vote,2,3
1,vote,3,1
1,vote,4,1
1,vote,5,1
1,vote,6,4
1,vote,7,1
1,vote,8,1
1,vote,9,1
1,vote,10,1
1,vote,11,1
1,vote,12,1
1,vote,13,1
1,vote,14,13
1,vote,15,4
1,execute,1,BODYGUARD
1,divine,8,3,HUMAN
1,whisper,0,0,5,Skip
1,whisper,1,0,10,ATTACK Agent[03]
1,whisper,2,0,9,ATTACK Agent[02]
1,whisper,3,1,5,Skip
1,whisper,4,1,9,Skip
1,whisper,5,1,10,Skip
1,whisper,6,2,10,Skip
1,whisper,7,2,9,Skip
1,whisper,8,2,5,Over
1,whisper,9,3,9,Over
1,whisper,10,3,10,Over
1,whisper,11,3,5,Over
1,attackVote,5,13
1,attackVote,9,2
1,attackVote,10,3
1,attackVote,5,13
1,attackVote,9,2
1,attackVote,10,3
1,attack,2,true
2,status,1,BODYGUARD,DEAD,f6wbl6
2,status,2,VILLAGER,DEAD,WolfKing
2,status,3,POSSESSED,ALIVE,WordWolf
2,status,4,VILLAGER,ALIVE,spicy2
2,status,5,WEREWOLF,ALIVE,yskn67
2,status,6,VILLAGER,ALIVE,TRKOkami
2,status,7,VILLAGER,ALIVE,cndl
2,status,8,SEER,ALIVE,Udon
2,status,9,WEREWOLF,ALIVE,marky
2,status,10,WEREWOLF,ALIVE,Romanesco
2,status,11,VILLAGER,ALIVE,wasabi
2,status,12,VILLAGER,ALIVE,Litt1eGirl
2,status,13,MEDIUM,ALIVE,sonoda
2,status,14,VILLAGER,ALIVE,cash
2,status,15,VILLAGER,ALIVE,Serval
2,talk,0,0,5,ESTIMATE Agent[14] WEREWOLF
2,talk,1,0,10,VOTE Agent[03]
2,talk,2,0,13,IDENTIFIED Agent[01] HUMAN
2,talk,3,0,4,VOTE Agent[15]
2,talk,4,0,6,Over
2,talk,5,0,14,VOTE Agent[13]
2,talk,6,0,7,VOTE Agent[03]
2,talk,7,0,8,DIVINED Agent[03] HUMAN
2,talk,8,0,9,VOTE Agent[03]
2,talk,9,0,3,VOTE Agent[08]
2,talk,10,0,12,VOTE Agent[09]
2,talk,11,0,11,ESTIMATE Agent[03] WEREWOLF
2,talk,12,0,15,Skip
2,talk,13,1,10,Skip
2,talk,14,1,6,Over
2,talk,15,1,9,Skip
2,talk,16,1,11,Skip
2,talk,17,1,15,AGREE TALK day1 ID:3
2,talk,18,1,5,VOTE Agent[14]
2,talk,19,1,8,VOTE Agent[11]
2,talk,20,1,7,ESTIMATE Agent[11] VILLAGER
2,talk,21,1,14,VOTE Agent[05]
2,talk,22,1,4,Skip
2,talk,23,1,3,Skip
2,talk,24,1,12,VOTE Agent[03]
2,talk,25,1,13,VOTE Agent[14]
2,talk,26,2,7,Skip
2,talk,27,2,10,Skip
2,talk,28,2,4,Skip
2,talk,29,2,15,Over
2,talk,30,2,13,Skip
2,talk,31,2,9,Skip
2,talk,32,2,6,VOTE Agent[07]
2,talk,33,2,8,Over
2,talk,34,2,12,Over
2,talk,35,2,11,Skip
2,talk,36,2,3,Skip
2,talk,37,2,14,Skip
2,talk,38,2,5,Skip
2,talk,39,3,3,Over
2,talk,40,3,11,VOTE Agent[06]
2,talk,41,3,12,Over
2,talk,42,3,4,Over
2,talk,43,3,13,Skip
2,talk,44,3,5,Skip
2,talk,45,3,8,VOTE Agent[14]
2,talk,46,3,6,AGREE TALK day2 ID:32
2,talk,47,3,15,VOTE Agent[14]
2,talk,48,3,9,Over
2,talk,49,3,14,Skip
2,talk,50,3,7,Skip
2,talk,51,3,10,Over
2,talk,52,4,6,AGREE TALK day2 ID:47
2,talk,53,4,13,Over
2,talk,54,4,7,VOTE Agent[14]
2,talk,55,4,11,VOTE Agent[05]
2,talk,56,4,12,Over
2,talk,57,4,8,Over
2,talk,58,4,4,Over
2,talk,59,4,14,Over
2,talk,60,4,10,VOTE Agent[14]
2,talk,61,4,5,Over
2,talk,62,4,9,Over
2,talk,63,4,3,Over
2,talk,64,4,15,Over
2,talk,65,5,6,Over
2,talk,66,5,7,Skip
2,talk,67,5,14,Over
2,talk,68,5,9,VOTE Agent[14]
2,talk,69,5,4,Over
2,talk,70,5,15,Over
2,talk,71,5,10,Skip
2,talk,72,5,8,Over
2,talk,73,5,3,VOTE Agent[14]
2,talk,74,5,13,Over
2,talk,75,5,5,Over
2,talk,76,5,11,Skip
2,talk,77,5,12,VOTE Agent[14]
2,talk,78,6,9,Skip
2,talk,79,6,3,Skip
2,talk,80,6,12,Over
2,talk,81,6,14,Over
2,talk,82,6,15,Over
2,talk,83,6,13,Over
2,talk,84,6,4,Over
2,talk,85,6,11,VOTE Agent[09]
2,talk,86,6,6,Over
2,talk,87,6,5,Over
2,talk,88,6,10,Skip
2,talk,89,6,8,Over
2,talk,90,6,7,Skip
2,talk,91,7,9,Skip
2,talk,92,7,11,VOTE Agent[07]
2,talk,93,7,15,Over
2,talk,94,7,6,Over
2,talk,95,7,5,Over
2,talk,96,7,3,Skip
2,talk,97,7,7,Over
2,talk,98,7,8,Over
2,talk,99,7,12,ESTIMATE Agent[01] VILLAGER
2,talk,100,7,13,Over
2,talk,101,7,14,Over
2,talk,102,7,10,Over
2,talk,103,7,4,Over
2,talk,104,8,12,Over
2,talk,105,8,4,Over
2,talk,106,8,13,Over
2,talk,107,8,9,Over
2,talk,108,8,14,Over
2,talk,109,8,5,Over
2,talk,110,8,8,Over
2,talk,111,8,11,Skip
2,talk,112,8,3,Over
2,talk,113,8,7,Over
2,talk,114,8,6,Over
2,talk,115,8,10,Over
2,talk,116,8,15,Over
2,talk,117,9,13,Over
2,talk,118,9,10,Over
2,talk,119,9,12,Over
2,talk,120,9,5,Over
2,talk,121,9,8,Over
2,talk,122,9,14,Over
2,talk,123,9,15,Over
2,talk,124,9,11,Over
2,talk,125,9,3,Over
2,talk,126,9,6,Over
2,talk,127,9,9,Over
2,talk,128,9,4,Over
2,talk,129,9,7,Over
2,vote,3,14
2,vote,4,15
2,vote,5,14
2,vote,6,7
2,vote,7,14
2,vote,8,14
2,vote,9,14
2,vote,10,14
2,vote,11,7
2,vote,12,14
2,vote,13,14
2,vote,14,5
2,vote,15,6
2,execute,14,VILLAGER
2,divine,8,11,HUMAN
2,whisper,0,0,9,ATTACK Agent[14]
2,whisper,1,0,5,Skip
2,whisper,2,0,10,ATTACK Agent[14]
2,whisper,3,1,9,ATTACK Agent[03]
2,whisper,4,1,10,ATTACK Agent[03]
2,whisper,5,1,5,Skip
2,whisper,6,2,10,Skip
2,whisper,7,2,9,Skip
2,whisper,8,2,5,Over
2,whisper,9,3,10,Skip
2,whisper,10,3,5,Over
2,whisper,11,3,9,Skip
2,whisper,12,4,5,Over
2,whisper,13,4,9,Over
2,whisper,14,4,10,Over
2,attackVote,5,13
2,attackVote,9,3
2,attackVote,10,3
2,attack,3,true
3,status,1,BODYGUARD,DEAD,f6wbl6
3,status,2,VILLAGER,DEAD,WolfKing
3,status,3,POSSESSED,DEAD,WordWolf
3,status,4,VILLAGER,ALIVE,spicy2
3,status,5,WEREWOLF,ALIVE,yskn67
3,status,6,VILLAGER,ALIVE,TRKOkami
3,status,7,VILLAGER,ALIVE,cndl
3,status,8,SEER,ALIVE,Udon
3,status,9,WEREWOLF,ALIVE,marky
3,status,10,WEREWOLF,ALIVE,Romanesco
3,status,11,VILLAGER,ALIVE,wasabi
3,status,12,VILLAGER,ALIVE,Litt1eGirl
3,status,13,MEDIUM,ALIVE,sonoda
3,status,14,VILLAGER,DEAD,cash
3,status,15,VILLAGER,ALIVE,Serval
3,talk,0,0,9,VOTE Agent[07]
3,talk,1,0,8,DIVINED Agent[11] HUMAN
3,talk,2,0,11,ESTIMATE Agent[08] SEER
3,talk,3,0,12,VOTE Agent[05]
3,talk,4,0,10,VOTE Agent[08]
3,talk,5,0,7,VOTE Agent[05]
3,talk,6,0,4,VOTE Agent[09]
3,talk,7,0,6,Over
3,talk,8,0,15,Skip
3,talk,9,0,5,ESTIMATE Agent[11] WEREWOLF
3,talk,10,0,13,IDENTIFIED Agent[14] HUMAN
3,talk,11,1,15,VOTE Agent[13]
3,talk,12,1,6,Over
3,talk,13,1,9,Skip
3,talk,14,1,4,Skip
3,talk,15,1,11,Skip
3,talk,16,1,13,VOTE Agent[09]
3,talk,17,1,10,Skip
3,talk,18,1,8,VOTE Agent[15]
3,talk,19,1,12,Over
3,talk,20,1,5,ESTIMATE Agent[07] WEREWOLF
3,talk,21,1,7,VOTE Agent[09]
3,talk,22,2,9,Skip
3,talk,23,2,13,Skip
3,talk,24,2,6,VOTE Agent[09]
3,talk,25,2,15,Over
3,talk,26,2,8,Over
3,talk,27,2,12,VOTE Agent[09]
3,talk,28,2,4,Skip
3,talk,29,2,5,VOTE Agent[07]
3,talk,30,2,10,VOTE Agent[09]
3,talk,31,2,11,ESTIMATE Agent[10] WEREWOLF
3,talk,32,2,7,ESTIMATE Agent[05] WEREWOLF
3,talk,33,3,12,Over
3,talk,34,3,5,Skip
3,talk,35,3,8,Over
3,talk,36,3,11,VOTE Agent[07]
3,talk,37,3,9,Over
3,talk,38,3,13,Skip
3,talk,39,3,6,Over
3,talk,40,3,4,Over
3,talk,41,3,7,Skip
3,talk,42,3,15,Over
3,talk,43,3,10,Skip
3,talk,44,4,5,Skip
3,talk,45,4,11,Skip
3,talk,46,4,7,Skip
3,talk,47,4,10,Skip
3,talk,48,4,13,Over
3,talk,49,4,9,Over
3,talk,50,4,6,AGREE TALK day3 ID:36
3,talk,51,4,4,Over
3,talk,52,4,12,Over
3,talk,53,4,8,Over
3,talk,54,4,15,Over
3,talk,55,5,10,Over
3,talk,56,5,7,Over
3,talk,57,5,4,Over
3,talk,58,5,9,Over
3,talk,59,5,6,Over
3,talk,60,5,11,Skip
3,talk,61,5,5,Over
3,talk,62,5,15,Over
3,talk,63,5,12,Over
3,talk,64,5,8,VOTE Agent[07]
3,talk,65,5,13,Over
3,talk,66,6,15,Over
3,talk,67,6,11,VOTE Agent[09]
3,talk,68,6,12,Over
3,talk,69,6,9,Over
3,talk,70,6,5,Over
3,talk,71,6,8,VOTE Agent[15]
3,talk,72,6,13,Over
3,talk,73,6,6,Over
3,talk,74,6,4,Over
3,talk,75,6,7,Over
3,talk,76,6,10,Over
3,talk,77,7,7,Over
3,talk,78,7,6,Over
3,talk,79,7,11,VOTE Agent[10]
3,talk,80,7,12,Over
3,talk,81,7,5,Over
3,talk,82,7,13,Over
3,talk,83,7,10,Over
3,talk,84,7,9,Over
3,talk,85,7,4,Over
3,talk,86,7,8,Over
3,talk,87,7,15,Over
3,talk,88,8,7,Over
3,talk,89,8,6,Over
3,talk,90,8,8,Over
3,talk,91,8,5,Over
3,talk,92,8,9,Over
3,talk,93,8,10,Over
3,talk,94,8,11,VOTE Agent[04]
3,talk,95,8,13,Over
3,talk,96,8,12,Over
3,talk,97,8,15,Over
3,talk,98,8,4,Over
3,talk,99,9,6,Over
3,talk,100,9,12,Over
3,talk,101,9,11,Over
3,talk,102,9,5,Over
3,talk,103,9,8,Over
3,talk,104,9,10,Over
3,talk,105,9,15,Over
3,talk,106,9,4,Over
3,talk,107,9,13,Over
3,talk,108,9,9,Over
3,talk,109,9,7,Over
3,vote,4,9
3,vote,5,7
3,vote,6,9
3,vote,7,9
3,vote,8,15
3,vote,9,7
3,vote,10,9
3,vote,11,4
3,vote,12,9
3,vote,13,9
3,vote,15,9
3,execute,9,WEREWOLF
3,divine,8,15,HUMAN
3,whisper,0,0,10,ATTACK Agent[06]
3,whisper,1,0,5,Skip
3,whisper,2,1,10,Skip
3,whisper,3,1,5,Skip
3,whisper,4,2,10,Skip
3,whisper,5,2,5,Over
3,whisper,6,3,10,Over
3,whisper,7,3,5,Over
3,attackVote,5,13
3,attackVote,10,6
3,attackVote,5,13
3,attackVote,10,6
3,attack,6,true
4,status,1,BODYGUARD,DEAD,f6wbl6
4,status,2,VILLAGER,DEAD,WolfKing
4,status,3,POSSESSED,DEAD,WordWolf
4,status,4,VILLAGER,ALIVE,spicy2
4,status,5,WEREWOLF,ALIVE,yskn67
4,status,6,VILLAGER,DEAD,TRKOkami
4,status,7,VILLAGER,ALIVE,cndl
4,status,8,SEER,ALIVE,Udon
4,status,9,WEREWOLF,DEAD,marky
4,status,10,WEREWOLF,ALIVE,Romanesco
4,status,11,VILLAGER,ALIVE,wasabi
4,status,12,VILLAGER,ALIVE,Litt1eGirl
4,status,13,MEDIUM,ALIVE,sonoda
4,status,14,VILLAGER,DEAD,cash
4,status,15,VILLAGER,ALIVE,Serval
4,talk,0,0,12,VOTE Agent[10]
4,talk,1,0,7,VOTE Agent[05]
4,talk,2,0,4,VOTE Agent[10]
4,talk,3,0,5,ESTIMATE Agent[07] WEREWOLF
4,talk,4,0,10,VOTE Agent[08]
4,talk,5,0,8,DIVINED Agent[15] HUMAN
4,talk,6,0,11,ESTIMATE Agent[08] SEER
4,talk,7,0,15,Skip
4,talk,8,0,13,IDENTIFIED Agent[09] WEREWOLF
4,talk,9,1,4,VOTE Agent[05]
4,talk,10,1,8,VOTE Agent[13]
4,talk,11,1,7,ESTIMATE Agent[13] MEDIUM
4,talk,12,1,12,Over
4,talk,13,1,15,AGREE TALK day1 ID:4
4,talk,14,1,10,Skip
4,talk,15,1,11,Skip
4,talk,16,1,13,VOTE Agent[05]
4,talk,17,1,5,ESTIMATE Agent[04] WEREWOLF
4,talk,18,2,5,VOTE Agent[04]
4,talk,19,2,12,VOTE Agent[05]
4,talk,20,2,11,Skip
4,talk,21,2,13,Skip
4,talk,22,2,15,Over
4,talk,23,2,7,Skip
4,talk,24,2,10,Skip
4,talk,25,2,8,VOTE Agent[04]
4,talk,26,2,4,Skip
4,talk,27,3,10,VOTE Agent[04]
4,talk,28,3,8,Over
4,talk,29,3,11,VOTE Agent[05]
4,talk,30,3,7,Skip
4,talk,31,3,15,VOTE Agent[13]
4,talk,32,3,13,Skip
4,talk,33,3,4,Skip
4,talk,34,3,12,Over
4,talk,35,3,5,Skip
4,talk,36,4,11,VOTE Agent[04]
4,talk,37,4,8,Over
4,talk,38,4,7,Over
4,talk,39,4,5,Skip
4,talk,40,4,12,Over
4,talk,41,4,10,Skip
4,talk,42,4,13,Over
4,talk,43,4,4,Over
4,talk,44,4,15,Over
4,talk,45,5,13,Over
4,talk,46,5,4,Over
4,talk,47,5,10,Skip
4,talk,48,5,7,VOTE Agent[04]
4,talk,49,5,11,Skip
4,talk,50,5,12,ESTIMATE Agent[05] WEREWOLF
4,talk,51,5,5,Over
4,talk,52,5,8,Over
4,talk,53,5,15,Over
4,talk,54,6,10,Over
4,talk,55,6,15,Over
4,talk,56,6,12,VOTE Agent[04]
4,talk,57,6,5,Over
4,talk,58,6,8,Over
4,talk,59,6,7,Skip
4,talk,60,6,4,Over
4,talk,61,6,13,Over
4,talk,62,6,11,VOTE Agent[05]
4,talk,63,7,7,Skip
4,talk,64,7,10,Over
4,talk,65,7,11,VOTE Agent[04]
4,talk,66,7,13,Over
4,talk,67,7,15,Over
4,talk,68,7,4,Over
4,talk,69,7,12,Over
4,talk,70,7,8,Over
4,talk,71,7,5,Over
4,talk,72,8,15,Over
4,talk,73,8,4,Over
4,talk,74,8,10,Over
4,talk,75,8,8,Over
4,talk,76,8,11,Skip
4,talk,77,8,5,Over
4,talk,78,8,12,ESTIMATE Agent[10] VILLAGER
4,talk,79,8,7,Over
4,talk,80,8,13,Over
4,talk,81,9,5,Over
4,talk,82,9,13,Over
4,talk,83,9,12,Over
4,talk,84,9,7,Over
4,talk,85,9,10,Over
4,talk,86,9,4,Over
4,talk,87,9,15,Over
4,talk,88,9,11,Over
4,talk,89,9,8,Over
4,vote,4,5
4,vote,5,4
4,vote,7,4
4,vote,8,4
4,vote,10,4
4,vote,11,4
4,vote,12,4
4,vote,13,5
4,vote,15,11
4,execute,4,VILLAGER
4,divine,8,10,WEREWOLF
4,whisper,0,0,5,Skip
4,whisper,1,0,10,ATTACK Agent[12]
4,whisper,2,1,10,Skip
4,whisper,3,1,5,Skip
4,whisper,4,2,10,Skip
4,whisper,5,2,5,Over
4,whisper,6,3,5,Over
4,whisper,7,3,10,Over
4,attackVote,5,13
4,attackVote,10,12
4,attackVote,5,13
4,attackVote,10,12
4,attack,13,true
5,status,1,BODYGUARD,DEAD,f6wbl6
5,status,2,VILLAGER,DEAD,WolfKing
5,status,3,POSSESSED,DEAD,WordWolf
5,status,4,VILLAGER,DEAD,spicy2
5,status,5,WEREWOLF,ALIVE,yskn67
5,status,6,VILLAGER,DEAD,TRKOkami
5,status,7,VILLAGER,ALIVE,cndl
5,status,8,SEER,ALIVE,Udon
5,status,9,WEREWOLF,DEAD,marky
5,status,10,WEREWOLF,ALIVE,Romanesco
5,status,11,VILLAGER,ALIVE,wasabi
5,status,12,VILLAGER,ALIVE,Litt1eGirl
5,status,13,MEDIUM,DEAD,sonoda
5,status,14,VILLAGER,DEAD,cash
5,status,15,VILLAGER,ALIVE,Serval
5,talk,0,0,11,ESTIMATE Agent[05] WEREWOLF
5,talk,1,0,10,VOTE Agent[08]
5,talk,2,0,5,ESTIMATE Agent[11] WEREWOLF
5,talk,3,0,15,Skip
5,talk,4,0,8,DIVINED Agent[10] WEREWOLF
5,talk,5,0,12,VOTE Agent[07]
5,talk,6,0,7,VOTE Agent[05]
5,talk,7,1,8,VOTE Agent[10]
5,talk,8,1,11,ESTIMATE Agent[05] WEREWOLF
5,talk,9,1,15,AGREE TALK day1 ID:3
5,talk,10,1,7,VOTE Agent[10]
5,talk,11,1,5,VOTE Agent[11]
5,talk,12,1,12,VOTE Agent[05]
5,talk,13,1,10,Skip
5,talk,14,2,12,VOTE Agent[10]
5,talk,15,2,11,ESTIMATE Agent[10] WEREWOLF
5,talk,16,2,10,Skip
5,talk,17,2,15,Over
5,talk,18,2,5,Skip
5,talk,19,2,8,Over
5,talk,20,2,7,ESTIMATE Agent[10] WEREWOLF
5,talk,21,3,5,Skip
5,talk,22,3,8,Over
5,talk,23,3,15,VOTE Agent[11]
5,talk,24,3,7,Skip
5,talk,25,3,10,Over
5,talk,26,3,12,ESTIMATE Agent[14] VILLAGER
5,talk,27,3,11,VOTE Agent[10]
5,talk,28,4,8,Over
5,talk,29,4,12,Over
5,talk,30,4,7,Skip
5,talk,31,4,5,Over
5,talk,32,4,10,VOTE Agent[11]
5,talk,33,4,11,Skip
5,talk,34,4,15,Over
5,talk,35,5,10,Skip
5,talk,36,5,5,Over
5,talk,37,5,11,Skip
5,talk,38,5,8,Over
5,talk,39,5,7,Over
5,talk,40,5,15,Over
5,talk,41,5,12,ESTIMATE Agent[15] VILLAGER
5,talk,42,6,7,Over
5,talk,43,6,5,Over
5,talk,44,6,11,ESTIMATE Agent[10] WEREWOLF
5,talk,45,6,12,Over
5,talk,46,6,15,Over
5,talk,47,6,8,Over
5,talk,48,6,10,Skip
5,talk,49,7,5,Over
5,talk,50,7,8,Over
5,talk,51,7,10,Over
5,talk,52,7,11,ESTIMATE Agent[08] SEER
5,talk,53,7,12,ESTIMATE Agent[10] WEREWOLF
5,talk,54,7,7,Over
5,talk,55,7,15,Over
5,talk,56,8,8,Over
5,talk,57,8,15,Over
5,talk,58,8,12,ESTIMATE Agent[15] VILLAGER
5,talk,59,8,5,Over
5,talk,60,8,10,Over
5,talk,61,8,7,Over
5,talk,62,8,11,ESTIMATE Agent[08] SEER
5,talk,63,9,5,Over
5,talk,64,9,7,Over
5,talk,65,9,8,Over
5,talk,66,9,11,Over
5,talk,67,9,10,Over
5,talk,68,9,15,Over
5,talk,69,9,12,ESTIMATE Agent[15] VILLAGER
5,talk,70,10,11,Over
5,talk,71,10,5,Over
5,talk,72,10,15,Over
5,talk,73,10,12,Over
5,talk,74,10,7,Over
5,talk,75,10,10,Over
5,talk,76,10,8,Over
5,vote,5,11
5,vote,7,10
5,vote,8,10
5,vote,10,11
5,vote,11,10
5,vote,12,10
5,vote,15,10
5,execute,10,WEREWOLF
5,divine,8,5,WEREWOLF
5,attackVote,5,7
5,attack,7,true
6,status,1,BODYGUARD,DEAD,f6wbl6
6,status,2,VILLAGER,DEAD,WolfKing
6,status,3,POSSESSED,DEAD,WordWolf
6,status,4,VILLAGER,DEAD,spicy2
6,status,5,WEREWOLF,ALIVE,yskn67
6,status,6,VILLAGER,DEAD,TRKOkami
6,status,7,VILLAGER,DEAD,cndl
6,status,8,SEER,ALIVE,Udon
6,status,9,WEREWOLF,DEAD,marky
6,status,10,WEREWOLF,DEAD,Romanesco
6,status,11,VILLAGER,ALIVE,wasabi
6,status,12,VILLAGER,ALIVE,Litt1eGirl
6,status,13,MEDIUM,DEAD,sonoda
6,status,14,VILLAGER,DEAD,cash
6,status,15,VILLAGER,ALIVE,Serval
6,talk,0,0,12,VOTE Agent[11]
6,talk,1,0,5,COMINGOUT Agent[05] POSSESSED
6,talk,2,0,15,Skip
6,talk,3,0,11,ESTIMATE Agent[05] WEREWOLF
6,talk,4,0,8,DIVINED Agent[05] WEREWOLF
6,talk,5,1,15,AGREE TALK day1 ID:4
6,talk,6,1,12,Over
6,talk,7,1,11,ESTIMATE Agent[08] SEER
6,talk,8,1,8,VOTE Agent[05]
6,talk,9,1,5,ESTIMATE Agent[11] WEREWOLF
6,talk,10,2,11,ESTIMATE Agent[05] WEREWOLF
6,talk,11,2,15,Over
6,talk,12,2,12,Over
6,talk,13,2,8,Over
6,talk,14,2,5,VOTE Agent[11]
6,talk,15,3,11,VOTE Agent[05]
6,talk,16,3,8,Over
6,talk,17,3,15,VOTE Agent[11]
6,talk,18,3,12,Over
6,talk,19,3,5,Skip
6,talk,20,4,8,Over
6,talk,21,4,11,Skip
6,talk,22,4,12,ESTIMATE Agent[11] WEREWOLF
6,talk,23,4,5,Skip
6,talk,24,4,15,Over
6,talk,25,5,15,Over
6,talk,26,5,5,Over
6,talk,27,5,8,Over
6,talk,28,5,11,Skip
6,talk,29,5,12,Over
6,talk,30,6,12,Over
6,talk,31,6,5,Over
6,talk,32,6,8,Over
6,talk,33,6,11,ESTIMATE Agent[12] VILLAGER
6,talk,34,6,15,Over
6,talk,35,7,8,Over
6,talk,36,7,12,ESTIMATE Agent[11] WEREWOLF
6,talk,37,7,5,Over
6,talk,38,7,15,Over
6,talk,39,7,11,ESTIMATE Agent[05] WEREWOLF
6,talk,40,8,11,Skip
6,talk,41,8,12,ESTIMATE Agent[06] VILLAGER
6,talk,42,8,8,Over
6,talk,43,8,5,Over
6,talk,44,8,15,Over
6,talk,45,9,12,ESTIMATE Agent[11] WEREWOLF
6,talk,46,9,11,Over
6,talk,47,9,15,Over
6,talk,48,9,5,Over
6,talk,49,9,8,Over
6,talk,50,10,11,Over
6,talk,51,10,15,Over
6,talk,52,10,5,Over
6,talk,53,10,8,Over
6,talk,54,10,12,Over
6,vote,5,11
6,vote,8,5
6,vote,11,5
6,vote,12,11
6,vote,15,5
6,execute,5,WEREWOLF
6,divine,8,12,HUMAN
7,status,1,BODYGUARD,DEAD,f6wbl6
7,status,2,VILLAGER,DEAD,WolfKing
7,status,3,POSSESSED,DEAD,WordWolf
7,status,4,VILLAGER,DEAD,spicy2
7,status,5,WEREWOLF,DEAD,yskn67
7,status,6,VILLAGER,DEAD,TRKOkami
7,status,7,VILLAGER,DEAD,cndl
7,status,8,SEER,ALIVE,Udon
7,status,9,WEREWOLF,DEAD,marky
7,status,10,WEREWOLF,DEAD,Romanesco
7,status,11,VILLAGER,ALIVE,wasabi
7,status,12,VILLAGER,ALIVE,Litt1eGirl
7,status,13,MEDIUM,DEAD,sonoda
7,status,14,VILLAGER,DEAD,cash
7,status,15,VILLAGER,ALIVE,Serval
7,result,4,0,VILLAGER
