0,status,1,WEREWOLF,ALIVE,f6wbl6
0,status,2,VILLAGER,ALIVE,WolfKing
0,status,3,POSSESSED,ALIVE,WordWolf
0,status,4,VILLAGER,ALIVE,spicy2
0,status,5,VILLAGER,ALIVE,yskn67
0,status,6,MEDIUM,ALIVE,TRKOkami
0,status,7,VILLAGER,ALIVE,cndl
0,status,8,VILLAGER,ALIVE,Udon
0,status,9,VILLAGER,ALIVE,marky
0,status,10,BODYGUARD,ALIVE,Romanesco
0,status,11,VILLAGER,ALIVE,wasabi
0,status,12,VILLAGER,ALIVE,Litt1eGirl
0,status,13,SEER,ALIVE,sonoda
0,status,14,WEREWOLF,ALIVE,cash
0,status,15,WEREWOLF,ALIVE,Serval
0,whisper,0,0,14,COMINGOUT Agent[14] VILLAGER
0,whisper,1,0,1,COMINGOUT Agent[01] VILLAGER
0,whisper,2,0,15,COMINGOUT Agent[15] VILLAGER
0,whisper,3,1,15,Over
0,whisper,4,1,1,Skip
0,whisper,5,1,14,Skip
0,whisper,6,2,1,Skip
0,whisper,7,2,14,Skip
0,whisper,8,2,15,Over
0,whisper,9,3,14,Over
0,whisper,10,3,1,Over
0,whisper,11,3,15,Over
0,divine,13,1,WEREWOLF
1,status,1,WEREWOLF,ALIVE,f6wbl6
1,status,2,VILLAGER,ALIVE,WolfKing
1,status,3,POSSESSED,ALIVE,WordWolf
1,status,4,VILLAGER,ALIVE,spicy2
1,status,5,VILLAGER,ALIVE,yskn67
1,status,6,MEDIUM,ALIVE,TRKOkami
1,status,7,VILLAGER,ALIVE,cndl
1,status,8,VILLAGER,ALIVE,Udon
1,status,9,VILLAGER,ALIVE,marky
1,status,10,BODYGUARD,ALIVE,Romanesco
1,status,11,VILLAGER,ALIVE,wasabi
1,status,12,VILLAGER,ALIVE,Litt1eGirl
1,status,13,SEER,ALIVE,sonoda
1,status,14,WEREWOLF,ALIVE,cash
1,status,15,WEREWOLF,ALIVE,Serval
1,talk,0,0,11,Skip
1,talk,1,0,15,Skip
1,talk,2,0,9,VOTE Agent[12]
1,talk,3,0,4,VOTE Agent[01]
1,talk,4,0,13,COMINGOUT Agent[13] SEER
1,talk,5,0,7,VOTE Agent[12]
1,talk,6,0,6,Over
1,talk,7,0,1,VOTE Agent[12]
1,talk,8,0,12,VOTE Agent[04]
1,talk,9,0,3,COMINGOUT Agent[03] SEER
1,talk,10,0,10,VOTE Agent[12]
1,talk,11,0,8,VOTE Agent[07]
1,talk,12,0,5,ESTIMATE Agent[01] WEREWOLF
1,talk,13,0,2,VOTE Agent[12]
1,talk,14,0,14,VOTE Agent[02]
1,talk,15,1,3,DIVINED Agent[01] WEREWOLF
1,talk,16,1,1,Skip
1,talk,17,1,9,VOTE Agent[02]
1,talk,18,1,7,VOTE Agent[02]
1,talk,19,1,8,VOTE Agent[12]
1,talk,20,1,4,VOTE Agent[05]
1,talk,21,1,15,AGREE TALK day1 ID:0
1,talk,22,1,2,VOTE Agent[14]
1,talk,23,1,14,VOTE Agent[06]
1,talk,24,1,5,ESTIMATE Agent[04] WEREWOLF
1,talk,25,1,6,Over
1,talk,26,1,12,VOTE Agent[01]
1,talk,27,1,11,Skip
1,talk,28,1,13,DIVINED Agent[01] WEREWOLF
1,talk,29,1,10,VOTE Agent[02]
1,talk,30,2,9,VOTE Agent[01]
1,talk,31,2,12,VOTE Agent[02]
1,talk,32,2,13,VOTE Agent[01]
1,talk,33,2,1,VOTE Agent[02]
1,talk,34,2,7,Skip
1,talk,35,2,3,VOTE Agent[01]
1,talk,36,2,11,ESTIMATE Agent[06] VILLAGER
1,talk,37,2,2,VOTE Agent[01]
1,talk,38,2,4,VOTE Agent[01]
1,talk,39,2,10,VOTE Agent[01]
1,talk,40,2,5,ESTIMATE Agent[01] WEREWOLF
1,talk,41,2,6,VOTE Agent[01]
1,talk,42,2,14,Skip
1,talk,43,2,15,Over
1,talk,44,2,8,VOTE Agent[01]
1,talk,45,3,12,VOTE Agent[01]
1,talk,46,3,7,VOTE Agent[01]
1,talk,47,3,5,VOTE Agent[01]
1,talk,48,3,13,Skip
1,talk,49,3,11,VOTE Agent[01]
1,talk,50,3,9,Skip
1,talk,51,3,14,VOTE Agent[15]
1,talk,52,3,10,Skip
1,talk,53,3,6,AGREE TALK day1 ID:33
1,talk,54,3,4,Skip
1,talk,55,3,15,VOTE Agent[01]
1,talk,56,3,2,Skip
1,talk,57,3,3,Skip
1,talk,58,3,1,Skip
1,talk,59,3,8,Over
1,talk,60,4,11,ESTIMATE Agent[13] WEREWOLF
1,talk,61,4,10,Skip
1,talk,62,4,13,Skip
1,talk,63,4,8,Over
1,talk,64,4,6,Over
1,talk,65,4,3,Skip
1,talk,66,4,4,Skip
1,talk,67,4,1,Skip
1,talk,68,4,15,Over
1,talk,69,4,2,Skip
1,talk,70,4,5,Skip
1,talk,71,4,12,Over
1,talk,72,4,9,Skip
1,talk,73,4,7,Skip
1,talk,74,4,14,VOTE Agent[05]
1,talk,75,5,7,Skip
1,talk,76,5,1,VOTE Agent[05]
1,talk,77,5,5,Skip
1,talk,78,5,3,Over
1,talk,79,5,6,Over
1,talk,80,5,4,Over
1,talk,81,5,9,Over
1,talk,82,5,13,Over
1,talk,83,5,8,Over
1,talk,84,5,12,Over
1,talk,85,5,10,Over
1,talk,86,5,11,ESTIMATE Agent[03] WEREWOLF
1,talk,87,5,14,Skip
1,talk,88,5,2,Over
1,talk,89,5,15,Over
1,talk,90,6,11,ESTIMATE Agent[03] WEREWOLF
1,talk,91,6,12,Over
1,talk,92,6,5,Over
1,talk,93,6,13,Over
1,talk,94,6,9,Over
1,talk,95,6,2,Over
1,talk,96,6,14,Skip
1,talk,97,6,10,Over
1,talk,98,6,1,Skip
1,talk,99,6,15,Over
1,talk,100,6,4,Over
1,talk,101,6,8,Over
1,talk,102,6,7,Over
1,talk,103,6,6,Over
1,talk,104,6,3,Over
1,talk,105,7,14,Over
1,talk,106,7,4,Over
1,talk,107,7,15,Over
1,talk,108,7,11,Skip
1,talk,109,7,6,Over
1,talk,110,7,5,Over
1,talk,111,7,3,Over
1,talk,112,7,2,Over
1,talk,113,7,7,Over
1,talk,114,7,12,Over
1,talk,115,7,8,Over
1,talk,116,7,1,Skip
1,talk,117,7,9,Over
1,talk,118,7,10,Over
1,talk,119,7,13,Over
1,talk,120,8,11,ESTIMATE Agent[01] WEREWOLF
1,talk,121,8,15,Over
1,talk,122,8,6,Over
1,talk,123,8,2,Over
1,talk,124,8,4,Over
1,talk,125,8,5,Over
1,talk,126,8,13,Over
1,talk,127,8,12,Over
1,talk,128,8,9,Over
1,talk,129,8,3,Over
1,talk,130,8,10,Over
1,talk,131,8,8,Over
1,talk,132,8,7,Over
1,talk,133,8,1,Over
1,talk,134,8,14,Over
1,talk,135,9,13,Over
1,talk,136,9,2,Over
1,talk,137,9,6,Over
1,talk,138,9,12,Over
1,talk,139,9,9,Over
1,talk,140,9,14,Over
1,talk,141,9,8,Over
1,talk,142,9,4,Over
1,talk,143,9,7,Over
1,talk,144,9,5,Over
1,talk,145,9,1,Over
1,talk,146,9,10,Over
1,talk,147,9,15,Over
1,talk,148,9,11,Over
1,talk,149,9,3,Over
1,vote,1,5
1,vote,2,1
1,vote,3,1
1,vote,4,1
1,vote,5,1
1,vote,6,1
1,vote,7,1
1,vote,8,1
1,vote,9,1
1,vote,10,1
1,vote,11,1
1,vote,12,1
1,vote,13,1
1,vote,14,5
1,vote,15,1
1,execute,1,WEREWOLF
1,divine,13,14,WEREWOLF
1,whisper,0,0,15,ESTIMATE Agent[12] POSSESSED
1,whisper,1,0,14,COMINGOUT Agent[14] VILLAGER
1,whisper,2,1,14,Skip
1,whisper,3,1,15,ESTIMATE Agent[13] SEER
1,whisper,4,2,14,Skip
1,whisper,5,2,15,ATTACK Agent[13]
1,whisper,6,3,15,Over
1,whisper,7,3,14,Over
1,guard,10,3,POSSESSED
1,attackVote,14,11
1,attackVote,15,13
1,attackVote,14,11
1,attackVote,15,13
1,attack,11,true
2,status,1,WEREWOLF,DEAD,f6wbl6
2,status,2,VILLAGER,ALIVE,WolfKing
2,status,3,POSSESSED,ALIVE,WordWolf
2,status,4,VILLAGER,ALIVE,spicy2
2,status,5,VILLAGER,ALIVE,yskn67
2,status,6,MEDIUM,ALIVE,TRKOkami
2,status,7,VILLAGER,ALIVE,cndl
2,status,8,VILLAGER,ALIVE,Udon
2,status,9,VILLAGER,ALIVE,marky
2,status,10,BODYGUARD,ALIVE,Romanesco
2,status,11,VILLAGER,DEAD,wasabi
2,status,12,VILLAGER,ALIVE,Litt1eGirl
2,status,13,SEER,ALIVE,sonoda
2,status,14,WEREWOLF,ALIVE,cash
2,status,15,WEREWOLF,ALIVE,Serval
2,talk,0,0,4,VOTE Agent[14]
2,talk,1,0,9,VOTE Agent[07]
2,talk,2,0,15,Skip
2,talk,3,0,7,VOTE Agent[14]
2,talk,4,0,14,VOTE Agent[05]
2,talk,5,0,3,DIVINED Agent[07] WEREWOLF
2,talk,6,0,12,VOTE Agent[13]
2,talk,7,0,10,VOTE Agent[07]
2,talk,8,0,8,VOTE Agent[14]
2,talk,9,0,2,VOTE Agent[07]
2,talk,10,0,13,DIVINED Agent[14] WEREWOLF
2,talk,11,0,5,ESTIMATE Agent[14] WEREWOLF
2,talk,12,0,6,IDENTIFIED Agent[01] WEREWOLF
2,talk,13,1,5,VOTE Agent[14]
2,talk,14,1,3,VOTE Agent[01]
2,talk,15,1,6,COMINGOUT Agent[06] MEDIUM
2,talk,16,1,12,VOTE Agent[07]
2,talk,17,1,10,Skip
2,talk,18,1,2,Skip
2,talk,19,1,7,ESTIMATE Agent[14] WEREWOLF
2,talk,20,1,14,VOTE Agent[07]
2,talk,21,1,8,Over
2,talk,22,1,4,Skip
2,talk,23,1,15,AGREE TALK day1 ID:4
2,talk,24,1,9,Skip
2,talk,25,1,13,VOTE Agent[14]
2,talk,26,2,3,Skip
2,talk,27,2,15,Over
2,talk,28,2,12,Over
2,talk,29,2,4,Skip
2,talk,30,2,13,Skip
2,talk,31,2,10,VOTE Agent[14]
2,talk,32,2,7,Skip
2,talk,33,2,2,Skip
2,talk,34,2,14,VOTE Agent[13]
2,talk,35,2,6,VOTE Agent[14]
2,talk,36,2,9,Skip
2,talk,37,2,8,Over
2,talk,38,2,5,Skip
2,talk,39,3,5,Skip
2,talk,40,3,13,Skip
2,talk,41,3,8,Over
2,talk,42,3,12,VOTE Agent[14]
2,talk,43,3,6,Over
2,talk,44,3,4,Over
2,talk,45,3,3,Skip
2,talk,46,3,15,VOTE Agent[14]
2,talk,47,3,7,Skip
2,talk,48,3,10,Skip
2,talk,49,3,14,VOTE Agent[06]
2,talk,50,3,2,VOTE Agent[14]
2,talk,51,3,9,VOTE Agent[14]
2,talk,52,4,10,Skip
2,talk,53,4,12,ESTIMATE Agent[05] VILLAGER
2,talk,54,4,15,Over
2,talk,55,4,6,Skip
2,talk,56,4,4,Over
2,talk,57,4,2,Skip
2,talk,58,4,8,Over
2,talk,59,4,7,Over
2,talk,60,4,5,Over
2,talk,61,4,13,Over
2,talk,62,4,9,Skip
2,talk,63,4,3,Over
2,talk,64,4,14,Skip
2,talk,65,5,3,VOTE Agent[14]
2,talk,66,5,15,Over
2,talk,67,5,9,Skip
2,talk,68,5,6,Over
2,talk,69,5,14,Skip
2,talk,70,5,4,Over
2,talk,71,5,8,Over
2,talk,72,5,7,Over
2,talk,73,5,12,Over
2,talk,74,5,13,Over
2,talk,75,5,5,Over
2,talk,76,5,10,Over
2,talk,77,5,2,Skip
2,talk,78,6,8,Over
2,talk,79,6,6,Over
2,talk,80,6,7,Over
2,talk,81,6,5,Over
2,talk,82,6,10,VOTE Agent[07]
2,talk,83,6,3,Skip
2,talk,84,6,4,Over
2,talk,85,6,12,ESTIMATE Agent[13] VILLAGER
2,talk,86,6,9,Over
2,talk,87,6,2,Over
2,talk,88,6,13,Over
2,talk,89,6,15,Over
2,talk,90,6,14,Over
2,talk,91,7,13,Over
2,talk,92,7,14,Over
2,talk,93,7,8,Over
2,talk,94,7,10,Skip
2,talk,95,7,9,Over
2,talk,96,7,6,Over
2,talk,97,7,2,Over
2,talk,98,7,12,Over
2,talk,99,7,7,Over
2,talk,100,7,5,Over
2,talk,101,7,4,Over
2,talk,102,7,3,Skip
2,talk,103,7,15,Over
2,talk,104,8,14,Over
2,talk,105,8,6,Over
2,talk,106,8,2,Over
2,talk,107,8,7,Over
2,talk,108,8,4,Over
2,talk,109,8,5,Over
2,talk,110,8,15,Over
2,talk,111,8,3,Over
2,talk,112,8,10,VOTE Agent[14]
2,talk,113,8,13,Over
2,talk,114,8,8,Over
2,talk,115,8,12,Over
2,talk,116,8,9,Over
2,talk,117,9,6,Over
2,talk,118,9,4,Over
2,talk,119,9,15,Over
2,talk,120,9,5,Over
2,talk,121,9,14,Over
2,talk,122,9,12,ESTIMATE Agent[15] VILLAGER
2,talk,123,9,2,Over
2,talk,124,9,3,Over
2,talk,125,9,9,VOTE Agent[15]
2,talk,126,9,10,VOTE Agent[07]
2,talk,127,9,7,Over
2,talk,128,9,13,Over
2,talk,129,9,8,Over
2,talk,130,10,8,Over
2,talk,131,10,3,Over
2,talk,132,10,2,Over
2,talk,133,10,7,Over
2,talk,134,10,4,Over
2,talk,135,10,15,Over
2,talk,136,10,10,Skip
2,talk,137,10,13,Over
2,talk,138,10,12,Over
2,talk,139,10,14,Over
2,talk,140,10,5,Over
2,talk,141,10,6,Over
2,talk,142,10,9,Skip
2,talk,143,11,4,Over
2,talk,144,11,8,Over
2,talk,145,11,6,Over
2,talk,146,11,13,Over
2,talk,147,11,10,Skip
2,talk,148,11,7,Over
2,talk,149,11,9,VOTE Agent[07]
2,talk,150,11,3,Over
2,talk,151,11,2,Over
2,talk,152,11,12,Over
2,talk,153,11,15,Over
2,talk,154,11,14,Over
2,talk,155,11,5,Over
2,talk,156,12,9,Skip
2,talk,157,12,8,Over
2,talk,158,12,4,Over
2,talk,159,12,5,Over
2,talk,160,12,10,Over
2,talk,161,12,3,Over
2,talk,162,12,7,Over
2,talk,163,12,13,Over
2,talk,164,12,12,Over
2,talk,165,12,2,Over
2,talk,166,12,14,Over
2,talk,167,12,6,Over
2,talk,168,12,15,Over
2,talk,169,13,10,Over
2,talk,170,13,7,Over
2,talk,171,13,6,Over
2,talk,172,13,15,Over
2,talk,173,13,4,Over
2,talk,174,13,5,Over
2,talk,175,13,13,Over
2,talk,176,13,14,Over
2,talk,177,13,3,Over
2,talk,178,13,2,Over
2,talk,179,13,12,Over
2,talk,180,13,9,Skip
2,talk,181,13,8,Over
2,talk,182,14,4,Over
2,talk,183,14,9,Over
2,talk,184,14,7,Over
2,talk,185,14,10,Over
2,talk,186,14,5,Over
2,talk,187,14,2,Over
2,talk,188,14,6,Over
2,talk,189,14,3,Over
2,talk,190,14,12,Over
2,talk,191,14,8,Over
2,talk,192,14,14,Over
2,talk,193,14,13,Over
2,talk,194,14,15,Over
2,vote,2,14
2,vote,3,14
2,vote,4,14
2,vote,5,14
2,vote,6,14
2,vote,7,14
2,vote,8,14
2,vote,9,7
2,vote,10,7
2,vote,12,14
2,vote,13,14
2,vote,14,6
2,vote,15,2
2,execute,14,WEREWOLF
2,divine,13,9,HUMAN
2,guard,10,3,POSSESSED
2,attackVote,15,2
2,attack,2,true
3,status,1,WEREWOLF,DEAD,f6wbl6
3,status,2,VILLAGER,DEAD,WolfKing
3,status,3,POSSESSED,ALIVE,WordWolf
3,status,4,VILLAGER,ALIVE,spicy2
3,status,5,VILLAGER,ALIVE,yskn67
3,status,6,MEDIUM,ALIVE,TRKOkami
3,status,7,VILLAGER,ALIVE,cndl
3,status,8,VILLAGER,ALIVE,Udon
3,status,9,VILLAGER,ALIVE,marky
3,status,10,BODYGUARD,ALIVE,Romanesco
3,status,11,VILLAGER,DEAD,wasabi
3,status,12,VILLAGER,ALIVE,Litt1eGirl
3,status,13,SEER,ALIVE,sonoda
3,status,14,WEREWOLF,DEAD,cash
3,status,15,WEREWOLF,ALIVE,Serval
3,talk,0,0,10,VOTE Agent[05]
3,talk,1,0,3,DIVINED Agent[05] WEREWOLF
3,talk,2,0,4,VOTE Agent[15]
3,talk,3,0,7,VOTE Agent[12]
3,talk,4,0,15,Skip
3,talk,5,0,12,VOTE Agent[07]
3,talk,6,0,9,VOTE Agent[04]
3,talk,7,0,6,IDENTIFIED Agent[14] WEREWOLF
3,talk,8,0,13,DIVINED Agent[09] HUMAN
3,talk,9,0,5,ESTIMATE Agent[15] WEREWOLF
3,talk,10,0,8,VOTE Agent[03]
3,talk,11,1,7,ESTIMATE Agent[04] VILLAGER
3,talk,12,1,5,VOTE Agent[15]
3,talk,13,1,10,Skip
3,talk,14,1,4,Skip
3,talk,15,1,6,Over
3,talk,16,1,9,Skip
3,talk,17,1,13,VOTE Agent[15]
3,talk,18,1,12,VOTE Agent[04]
3,talk,19,1,3,VOTE Agent[01]
3,talk,20,1,8,Over
3,talk,21,1,15,AGREE TALK day1 ID:0
3,talk,22,2,3,Skip
3,talk,23,2,5,Skip
3,talk,24,2,7,VOTE Agent[04]
3,talk,25,2,15,COMINGOUT Agent[15] MEDIUM
3,talk,26,2,6,VOTE Agent[07]
3,talk,27,2,8,VOTE Agent[15]
3,talk,28,2,13,Skip
3,talk,29,2,4,Skip
3,talk,30,2,10,VOTE Agent[04]
3,talk,31,2,9,VOTE Agent[15]
3,talk,32,2,12,VOTE Agent[15]
3,talk,33,3,5,Skip
3,talk,34,3,15,IDENTIFIED Agent[01] HUMAN
3,talk,35,3,9,Skip
3,talk,36,3,8,Over
3,talk,37,3,12,Over
3,talk,38,3,7,VOTE Agent[15]
3,talk,39,3,13,Skip
3,talk,40,3,3,Skip
3,talk,41,3,4,Over
3,talk,42,3,6,Over
3,talk,43,3,10,VOTE Agent[15]
3,talk,44,4,9,Skip
3,talk,45,4,15,IDENTIFIED Agent[14] HUMAN
3,talk,46,4,10,Skip
3,talk,47,4,8,Over
3,talk,48,4,6,Over
3,talk,49,4,12,Over
3,talk,50,4,13,Over
3,talk,51,4,5,Over
3,talk,52,4,4,Over
3,talk,53,4,3,Over
3,talk,54,4,7,Skip
3,talk,55,5,7,Skip
3,talk,56,5,13,Over
3,talk,57,5,5,Over
3,talk,58,5,9,Over
3,talk,59,5,3,VOTE Agent[15]
3,talk,60,5,8,Over
3,talk,61,5,4,Over
3,talk,62,5,12,Over
3,talk,63,5,6,Over
3,talk,64,5,10,Skip
3,talk,65,5,15,Over
3,talk,66,6,6,Over
3,talk,67,6,12,Over
3,talk,68,6,5,Over
3,talk,69,6,8,Over
3,talk,70,6,3,Skip
3,talk,71,6,9,Over
3,talk,72,6,4,Over
3,talk,73,6,7,Over
3,talk,74,6,10,Over
3,talk,75,6,15,Over
3,talk,76,6,13,Over
3,talk,77,7,12,Over
3,talk,78,7,8,Over
3,talk,79,7,3,Skip
3,talk,80,7,6,Over
3,talk,81,7,13,Over
3,talk,82,7,15,Over
3,talk,83,7,9,Over
3,talk,84,7,5,Over
3,talk,85,7,7,Over
3,talk,86,7,10,Over
3,talk,87,7,4,Over
3,talk,88,8,12,Over
3,talk,89,8,3,Over
3,talk,90,8,10,Over
3,talk,91,8,5,Over
3,talk,92,8,13,Over
3,talk,93,8,6,Over
3,talk,94,8,7,Over
3,talk,95,8,15,Over
3,talk,96,8,8,Over
3,talk,97,8,4,Over
3,talk,98,8,9,Over
3,vote,3,15
3,vote,4,15
3,vote,5,15
3,vote,6,7
3,vote,7,15
3,vote,8,15
3,vote,9,15
3,vote,10,15
3,vote,12,15
3,vote,13,15
3,vote,15,4
3,execute,15,WEREWOLF
3,divine,13,3,HUMAN
3,guard,10,13,SEER
4,status,1,WEREWOLF,DEAD,f6wbl6
4,status,2,VILLAGER,DEAD,WolfKing
4,status,3,POSSESSED,ALIVE,WordWolf
4,status,4,VILLAGER,ALIVE,spicy2
4,status,5,VILLAGER,ALIVE,yskn67
4,status,6,MEDIUM,ALIVE,TRKOkami
4,status,7,VILLAGER,ALIVE,cndl
4,status,8,VILLAGER,ALIVE,Udon
4,status,9,VILLAGER,ALIVE,marky
4,status,10,BODYGUARD,ALIVE,Romanesco
4,status,11,VILLAGER,DEAD,wasabi
4,status,12,VILLAGER,ALIVE,Litt1eGirl
4,status,13,SEER,ALIVE,sonoda
4,status,14,WEREWOLF,DEAD,cash
4,status,15,WEREWOLF,DEAD,Serval
4,result,10,0,VILLAGER
