0,status,1,WEREWOLF,ALIVE,f6wbl6
0,status,2,VILLAGER,ALIVE,WolfKing
0,status,3,VILLAGER,ALIVE,WordWolf
0,status,4,MEDIUM,ALIVE,spicy2
0,status,5,VILLAGER,ALIVE,yskn67
0,status,6,WEREWOLF,ALIVE,TRKOkami
0,status,7,VILLAGER,ALIVE,cndl
0,status,8,BODYGUARD,ALIVE,Udon
0,status,9,VILLAGER,ALIVE,marky
0,status,10,VILLAGER,ALIVE,Romanesco
0,status,11,VILLAGER,ALIVE,wasabi
0,status,12,SEER,ALIVE,Litt1eGirl
0,status,13,POSSESSED,ALIVE,sonoda
0,status,14,WEREWOLF,ALIVE,cash
0,status,15,VILLAGER,ALIVE,Serval
0,whisper,0,0,6,COMINGOUT Agent[06] VILLAGER
0,whisper,1,0,1,COMINGOUT Agent[01] VILLAGER
0,whisper,2,0,14,COMINGOUT Agent[14] VILLAGER
0,whisper,3,1,14,Skip
0,whisper,4,1,6,Over
0,whisper,5,1,1,Skip
0,whisper,6,2,14,Skip
0,whisper,7,2,6,Over
0,whisper,8,2,1,Skip
0,whisper,9,3,1,Over
0,whisper,10,3,14,Over
0,whisper,11,3,6,Over
0,divine,12,9,HUMAN
1,status,1,WEREWOLF,ALIVE,f6wbl6
1,status,2,VILLAGER,ALIVE,WolfKing
1,status,3,VILLAGER,ALIVE,WordWolf
1,status,4,MEDIUM,ALIVE,spicy2
1,status,5,VILLAGER,ALIVE,yskn67
1,status,6,WEREWOLF,ALIVE,TRKOkami
1,status,7,VILLAGER,ALIVE,cndl
1,status,8,BODYGUARD,ALIVE,Udon
1,status,9,VILLAGER,ALIVE,marky
1,status,10,VILLAGER,ALIVE,Romanesco
1,status,11,VILLAGER,ALIVE,wasabi
1,status,12,SEER,ALIVE,Litt1eGirl
1,status,13,POSSESSED,ALIVE,sonoda
1,status,14,WEREWOLF,ALIVE,cash
1,status,15,VILLAGER,ALIVE,Serval
1,talk,0,0,10,VOTE Agent[12]
1,talk,1,0,7,VOTE Agent[12]
1,talk,2,0,2,VOTE Agent[12]
1,talk,3,0,14,VOTE Agent[02]
1,talk,4,0,9,VOTE Agent[12]
1,talk,5,0,1,VOTE Agent[12]
1,talk,6,0,15,Skip
1,talk,7,0,6,Over
1,talk,8,0,3,VOTE Agent[01]
1,talk,9,0,5,ESTIMATE Agent[01] WEREWOLF
1,talk,10,0,4,COMINGOUT Agent[04] MEDIUM
1,talk,11,0,13,COMINGOUT Agent[13] SEER
1,talk,12,0,12,COMINGOUT Agent[12] SEER
1,talk,13,0,8,VOTE Agent[02]
1,talk,14,0,11,ESTIMATE Agent[04] WEREWOLF
1,talk,15,1,13,DIVINED Agent[14] HUMAN
1,talk,16,1,15,VOTE Agent[14]
1,talk,17,1,11,Skip
1,talk,18,1,12,DIVINED Agent[09] HUMAN
1,talk,19,1,1,VOTE Agent[02]
1,talk,20,1,10,VOTE Agent[02]
1,talk,21,1,2,VOTE Agent[14]
1,talk,22,1,3,Skip
1,talk,23,1,8,VOTE Agent[02]
1,talk,24,1,6,AGREE TALK day1 ID:13
1,talk,25,1,14,VOTE Agent[15]
1,talk,26,1,9,VOTE Agent[02]
1,talk,27,1,4,VOTE Agent[01]
1,talk,28,1,7,VOTE Agent[11]
1,talk,29,1,5,ESTIMATE Agent[14] WEREWOLF
1,talk,30,2,7,VOTE Agent[02]
1,talk,31,2,6,Over
1,talk,32,2,5,ESTIMATE Agent[01] WEREWOLF
1,talk,33,2,9,VOTE Agent[06]
1,talk,34,2,13,VOTE Agent[12]
1,talk,35,2,4,Skip
1,talk,36,2,14,VOTE Agent[04]
1,talk,37,2,8,VOTE Agent[03]
1,talk,38,2,11,ESTIMATE Agent[04] MEDIUM
1,talk,39,2,3,VOTE Agent[07]
1,talk,40,2,15,Over
1,talk,41,2,10,Skip
1,talk,42,2,2,VOTE Agent[06]
1,talk,43,2,12,VOTE Agent[13]
1,talk,44,2,1,Skip
1,talk,45,3,1,Skip
1,talk,46,3,9,Skip
1,talk,47,3,15,VOTE Agent[10]
1,talk,48,3,6,Over
1,talk,49,3,13,Skip
1,talk,50,3,10,VOTE Agent[06]
1,talk,51,3,11,VOTE Agent[05]
1,talk,52,3,5,VOTE Agent[01]
1,talk,53,3,3,Skip
1,talk,54,3,8,VOTE Agent[06]
1,talk,55,3,7,Skip
1,talk,56,3,2,Skip
1,talk,57,3,4,Skip
1,talk,58,3,14,Skip
1,talk,59,3,12,Over
1,talk,60,4,10,Skip
1,talk,61,4,15,Over
1,talk,62,4,7,VOTE Agent[06]
1,talk,63,4,14,Skip
1,talk,64,4,9,Skip
1,talk,65,4,4,Over
1,talk,66,4,13,Skip
1,talk,67,4,5,Skip
1,talk,68,4,12,Over
1,talk,69,4,8,Over
1,talk,70,4,6,Over
1,talk,71,4,1,VOTE Agent[06]
1,talk,72,4,2,Skip
1,talk,73,4,11,VOTE Agent[01]
1,talk,74,4,3,VOTE Agent[06]
1,talk,75,5,4,Over
1,talk,76,5,6,Over
1,talk,77,5,2,Over
1,talk,78,5,13,Over
1,talk,79,5,5,Skip
1,talk,80,5,8,Over
1,talk,81,5,10,Skip
1,talk,82,5,1,Skip
1,talk,83,5,11,ESTIMATE Agent[09] VILLAGER
1,talk,84,5,12,ESTIMATE Agent[13] WEREWOLF
1,talk,85,5,9,Over
1,talk,86,5,3,Skip
1,talk,87,5,14,Over
1,talk,88,5,15,VOTE Agent[14]
1,talk,89,5,7,Skip
1,talk,90,6,14,VOTE Agent[05]
1,talk,91,6,15,Over
1,talk,92,6,13,Over
1,talk,93,6,8,Over
1,talk,94,6,12,Over
1,talk,95,6,9,Over
1,talk,96,6,4,Over
1,talk,97,6,7,Skip
1,talk,98,6,1,Skip
1,talk,99,6,6,Over
1,talk,100,6,10,Over
1,talk,101,6,11,ESTIMATE Agent[04] MEDIUM
1,talk,102,6,3,Skip
1,talk,103,6,5,Over
1,talk,104,6,2,Over
1,talk,105,7,2,Over
1,talk,106,7,8,Over
1,talk,107,7,10,Over
1,talk,108,7,11,ESTIMATE Agent[04] MEDIUM
1,talk,109,7,15,Over
1,talk,110,7,6,Over
1,talk,111,7,9,Over
1,talk,112,7,1,Over
1,talk,113,7,12,Over
1,talk,114,7,7,Over
1,talk,115,7,5,Over
1,talk,116,7,3,Over
1,talk,117,7,13,Over
1,talk,118,7,14,Skip
1,talk,119,7,4,Over
1,talk,120,8,6,Over
1,talk,121,8,9,Over
1,talk,122,8,13,Over
1,talk,123,8,12,Over
1,talk,124,8,4,Over
1,talk,125,8,10,Over
1,talk,126,8,1,Over
1,talk,127,8,3,Over
1,talk,128,8,7,Over
1,talk,129,8,15,Over
1,talk,130,8,14,Skip
1,talk,131,8,2,Over
1,talk,132,8,5,Over
1,talk,133,8,11,VOTE Agent[05]
1,talk,134,8,8,Over
1,talk,135,9,4,Over
1,talk,136,9,6,Over
1,talk,137,9,11,Over
1,talk,138,9,1,Over
1,talk,139,9,5,Over
1,talk,140,9,3,Over
1,talk,141,9,9,Over
1,talk,142,9,15,Over
1,talk,143,9,14,VOTE Agent[04]
1,talk,144,9,13,Over
1,talk,145,9,12,Over
1,talk,146,9,8,Over
1,talk,147,9,10,Over
1,talk,148,9,2,Over
1,talk,149,9,7,Over
1,talk,150,10,4,Over
1,talk,151,10,13,Over
1,talk,152,10,6,Over
1,talk,153,10,8,Over
1,talk,154,10,3,Over
1,talk,155,10,12,Over
1,talk,156,10,1,Over
1,talk,157,10,10,Over
1,talk,158,10,15,Over
1,talk,159,10,5,Over
1,talk,160,10,9,Over
1,talk,161,10,11,Over
1,talk,162,10,14,Over
1,talk,163,10,2,Over
1,talk,164,10,7,Over
1,vote,1,6
1,vote,2,6
1,vote,3,6
1,vote,4,1
1,vote,5,1
1,vote,6,9
1,vote,7,6
1,vote,8,6
1,vote,9,6
1,vote,10,6
1,vote,11,5
1,vote,12,13
1,vote,13,12
1,vote,14,4
1,vote,15,4
1,execute,6,WEREWOLF
1,divine,12,1,WEREWOLF
1,whisper,0,0,1,ESTIMATE Agent[13] POSSESSED
1,whisper,1,0,14,COMINGOUT Agent[14] VILLAGER
1,whisper,2,1,14,Skip
1,whisper,3,1,1,ATTACK Agent[05]
1,whisper,4,2,14,Skip
1,whisper,5,2,1,Skip
1,whisper,6,3,1,Skip
1,whisper,7,3,14,Over
1,whisper,8,4,1,Over
1,whisper,9,4,14,Over
1,guard,8,13,POSSESSED
1,attackVote,1,5
1,attackVote,14,9
1,attackVote,1,5
1,attackVote,14,9
1,attack,5,true
2,status,1,WEREWOLF,ALIVE,f6wbl6
2,status,2,VILLAGER,ALIVE,WolfKing
2,status,3,VILLAGER,ALIVE,WordWolf
2,status,4,MEDIUM,ALIVE,spicy2
2,status,5,VILLAGER,DEAD,yskn67
2,status,6,WEREWOLF,DEAD,TRKOkami
2,status,7,VILLAGER,ALIVE,cndl
2,status,8,BODYGUARD,ALIVE,Udon
2,status,9,VILLAGER,ALIVE,marky
2,status,10,VILLAGER,ALIVE,Romanesco
2,status,11,VILLAGER,ALIVE,wasabi
2,status,12,SEER,ALIVE,Litt1eGirl
2,status,13,POSSESSED,ALIVE,sonoda
2,status,14,WEREWOLF,ALIVE,cash
2,status,15,VILLAGER,ALIVE,Serval
2,talk,0,0,1,VOTE Agent[09]
2,talk,1,0,7,VOTE Agent[11]
2,talk,2,0,4,IDENTIFIED Agent[06] WEREWOLF
2,talk,3,0,8,VOTE Agent[11]
2,talk,4,0,2,VOTE Agent[07]
2,talk,5,0,10,VOTE Agent[07]
2,talk,6,0,11,ESTIMATE Agent[04] MEDIUM
2,talk,7,0,9,VOTE Agent[07]
2,talk,8,0,15,Skip
2,talk,9,0,14,VOTE Agent[04]
2,talk,10,0,13,DIVINED Agent[15] HUMAN
2,talk,11,0,12,DIVINED Agent[01] WEREWOLF
2,talk,12,0,3,VOTE Agent[07]
2,talk,13,1,12,VOTE Agent[01]
2,talk,14,1,14,VOTE Agent[11]
2,talk,15,1,3,Skip
2,talk,16,1,10,Skip
2,talk,17,1,9,Skip
2,talk,18,1,2,Skip
2,talk,19,1,11,ESTIMATE Agent[04] MEDIUM
2,talk,20,1,4,VOTE Agent[11]
2,talk,21,1,7,ESTIMATE Agent[01] WEREWOLF
2,talk,22,1,13,VOTE Agent[11]
2,talk,23,1,8,Over
2,talk,24,1,1,VOTE Agent[07]
2,talk,25,1,15,VOTE Agent[14]
2,talk,26,2,15,Over
2,talk,27,2,12,Over
2,talk,28,2,8,Over
2,talk,29,2,14,Skip
2,talk,30,2,4,Skip
2,talk,31,2,10,VOTE Agent[11]
2,talk,32,2,3,Skip
2,talk,33,2,2,VOTE Agent[11]
2,talk,34,2,11,ESTIMATE Agent[13] WEREWOLF
2,talk,35,2,1,VOTE Agent[11]
2,talk,36,2,13,Skip
2,talk,37,2,9,VOTE Agent[11]
2,talk,38,2,7,Skip
2,talk,39,3,2,Skip
2,talk,40,3,8,Over
2,talk,41,3,7,Skip
2,talk,42,3,10,Skip
2,talk,43,3,15,Over
2,talk,44,3,9,Skip
2,talk,45,3,13,Skip
2,talk,46,3,11,VOTE Agent[01]
2,talk,47,3,1,Skip
2,talk,48,3,3,Over
2,talk,49,3,14,VOTE Agent[01]
2,talk,50,3,4,Skip
2,talk,51,3,12,ESTIMATE Agent[12] VILLAGER
2,talk,52,4,12,Over
2,talk,53,4,2,Skip
2,talk,54,4,3,VOTE Agent[11]
2,talk,55,4,15,Over
2,talk,56,4,1,Skip
2,talk,57,4,7,Over
2,talk,58,4,4,Over
2,talk,59,4,11,ESTIMATE Agent[04] MEDIUM
2,talk,60,4,14,Skip
2,talk,61,4,10,VOTE Agent[01]
2,talk,62,4,8,Over
2,talk,63,4,9,Skip
2,talk,64,4,13,Over
2,talk,65,5,9,Over
2,talk,66,5,7,Over
2,talk,67,5,14,Skip
2,talk,68,5,8,Over
2,talk,69,5,13,Over
2,talk,70,5,3,Skip
2,talk,71,5,15,Over
2,talk,72,5,4,Over
2,talk,73,5,11,ESTIMATE Agent[13] WEREWOLF
2,talk,74,5,1,Over
2,talk,75,5,12,Over
2,talk,76,5,2,Over
2,talk,77,5,10,Skip
2,talk,78,6,1,Over
2,talk,79,6,3,Skip
2,talk,80,6,7,Over
2,talk,81,6,12,Over
2,talk,82,6,11,ESTIMATE Agent[09] VILLAGER
2,talk,83,6,13,Over
2,talk,84,6,4,Over
2,talk,85,6,2,Over
2,talk,86,6,8,Over
2,talk,87,6,15,Over
2,talk,88,6,14,Over
2,talk,89,6,9,Over
2,talk,90,6,10,Skip
2,talk,91,7,7,Over
2,talk,92,7,3,Over
2,talk,93,7,10,Over
2,talk,94,7,1,Over
2,talk,95,7,15,Over
2,talk,96,7,8,Over
2,talk,97,7,12,Over
2,talk,98,7,2,Over
2,talk,99,7,13,Over
2,talk,100,7,14,Over
2,talk,101,7,11,REQUEST(VOTE Agent[01])
2,talk,102,7,9,Over
2,talk,103,7,4,Over
2,talk,104,8,13,Over
2,talk,105,8,1,Over
2,talk,106,8,14,Over
2,talk,107,8,15,Over
2,talk,108,8,9,Over
2,talk,109,8,3,Over
2,talk,110,8,8,Over
2,talk,111,8,11,ESTIMATE Agent[01] WEREWOLF
2,talk,112,8,2,Over
2,talk,113,8,4,Over
2,talk,114,8,12,Over
2,talk,115,8,7,Over
2,talk,116,8,10,Over
2,talk,117,9,14,Over
2,talk,118,9,9,Over
2,talk,119,9,7,Over
2,talk,120,9,4,Over
2,talk,121,9,11,Over
2,talk,122,9,2,Over
2,talk,123,9,8,Over
2,talk,124,9,12,ESTIMATE Agent[05] VILLAGER
2,talk,125,9,10,Over
2,talk,126,9,1,Over
2,talk,127,9,13,Over
2,talk,128,9,15,Over
2,talk,129,9,3,Over
2,talk,130,10,3,Over
2,talk,131,10,8,Over
2,talk,132,10,12,Over
2,talk,133,10,4,Over
2,talk,134,10,9,Over
2,talk,135,10,13,Over
2,talk,136,10,10,Over
2,talk,137,10,14,Over
2,talk,138,10,2,Over
2,talk,139,10,15,Over
2,talk,140,10,11,Over
2,talk,141,10,7,Over
2,talk,142,10,1,Over
2,vote,1,11
2,vote,2,11
2,vote,3,11
2,vote,4,11
2,vote,7,11
2,vote,8,11
2,vote,9,11
2,vote,10,1
2,vote,11,1
2,vote,12,1
2,vote,13,11
2,vote,14,1
2,vote,15,1
2,execute,11,VILLAGER
2,divine,12,14,WEREWOLF
2,whisper,0,0,14,COMINGOUT Agent[14] VILLAGER
2,whisper,1,0,1,ATTACK Agent[10]
2,whisper,2,1,14,Skip
2,whisper,3,1,1,Skip
2,whisper,4,2,1,Skip
2,whisper,5,2,14,Skip
2,whisper,6,3,14,Over
2,whisper,7,3,1,Over
2,guard,8,13,POSSESSED
2,attackVote,1,10
2,attackVote,14,15
2,attackVote,1,10
2,attackVote,14,15
2,attack,15,true
3,status,1,WEREWOLF,ALIVE,f6wbl6
3,status,2,VILLAGER,ALIVE,WolfKing
3,status,3,VILLAGER,ALIVE,WordWolf
3,status,4,MEDIUM,ALIVE,spicy2
3,status,5,VILLAGER,DEAD,yskn67
3,status,6,WEREWOLF,DEAD,TRKOkami
3,status,7,VILLAGER,ALIVE,cndl
3,status,8,BODYGUARD,ALIVE,Udon
3,status,9,VILLAGER,ALIVE,marky
3,status,10,VILLAGER,ALIVE,Romanesco
3,status,11,VILLAGER,DEAD,wasabi
3,status,12,SEER,ALIVE,Litt1eGirl
3,status,13,POSSESSED,ALIVE,sonoda
3,status,14,WEREWOLF,ALIVE,cash
3,status,15,VILLAGER,DEAD,Serval
3,talk,0,0,8,VOTE Agent[12]
3,talk,1,0,14,VOTE Agent[01]
3,talk,2,0,12,DIVINED Agent[14] WEREWOLF
3,talk,3,0,2,VOTE Agent[01]
3,talk,4,0,3,VOTE Agent[02]
3,talk,5,0,9,VOTE Agent[01]
3,talk,6,0,13,DIVINED Agent[12] HUMAN
3,talk,7,0,1,VOTE Agent[04]
3,talk,8,0,7,VOTE Agent[01]
3,talk,9,0,4,IDENTIFIED Agent[11] HUMAN
3,talk,10,0,10,VOTE Agent[01]
3,talk,11,1,7,ESTIMATE Agent[10] VILLAGER
3,talk,12,1,4,VOTE Agent[02]
3,talk,13,1,2,Skip
3,talk,14,1,14,VOTE Agent[03]
3,talk,15,1,12,VOTE Agent[01]
3,talk,16,1,1,Skip
3,talk,17,1,8,VOTE Agent[01]
3,talk,18,1,13,VOTE Agent[02]
3,talk,19,1,3,Skip
3,talk,20,1,9,Skip
3,talk,21,1,10,Skip
3,talk,22,2,10,Skip
3,talk,23,2,8,Over
3,talk,24,2,13,Skip
3,talk,25,2,2,Skip
3,talk,26,2,7,Skip
3,talk,27,2,1,VOTE Agent[02]
3,talk,28,2,12,Over
3,talk,29,2,3,Skip
3,talk,30,2,9,Skip
3,talk,31,2,4,Skip
3,talk,32,2,14,Skip
3,talk,33,3,10,Over
3,talk,34,3,1,Skip
3,talk,35,3,9,Over
3,talk,36,3,12,Over
3,talk,37,3,2,Over
3,talk,38,3,3,Over
3,talk,39,3,13,Skip
3,talk,40,3,14,Skip
3,talk,41,3,4,Skip
3,talk,42,3,8,Over
3,talk,43,3,7,Skip
3,talk,44,4,12,Over
3,talk,45,4,4,Over
3,talk,46,4,9,Over
3,talk,47,4,14,Over
3,talk,48,4,10,Over
3,talk,49,4,1,Skip
3,talk,50,4,13,Over
3,talk,51,4,7,Over
3,talk,52,4,3,VOTE Agent[01]
3,talk,53,4,2,Over
3,talk,54,4,8,Over
3,talk,55,5,12,Over
3,talk,56,5,9,Over
3,talk,57,5,8,Over
3,talk,58,5,3,Skip
3,talk,59,5,13,Over
3,talk,60,5,4,Over
3,talk,61,5,10,Over
3,talk,62,5,7,Over
3,talk,63,5,2,Over
3,talk,64,5,14,VOTE Agent[07]
3,talk,65,5,1,Over
3,talk,66,6,1,Over
3,talk,67,6,7,Over
3,talk,68,6,3,Skip
3,talk,69,6,4,Over
3,talk,70,6,8,Over
3,talk,71,6,10,Over
3,talk,72,6,2,Over
3,talk,73,6,9,Over
3,talk,74,6,13,Over
3,talk,75,6,12,Over
3,talk,76,6,14,Skip
3,talk,77,7,8,Over
3,talk,78,7,1,Over
3,talk,79,7,14,Skip
3,talk,80,7,2,Over
3,talk,81,7,13,Over
3,talk,82,7,10,Over
3,talk,83,7,4,Over
3,talk,84,7,9,Over
3,talk,85,7,3,Over
3,talk,86,7,7,Over
3,talk,87,7,12,Over
3,talk,88,8,12,Over
3,talk,89,8,13,Over
3,talk,90,8,9,Over
3,talk,91,8,3,Over
3,talk,92,8,4,Over
3,talk,93,8,1,Over
3,talk,94,8,2,Over
3,talk,95,8,7,Over
3,talk,96,8,8,Over
3,talk,97,8,14,Over
3,talk,98,8,10,Over
3,vote,1,2
3,vote,2,1
3,vote,3,1
3,vote,4,2
3,vote,7,1
3,vote,8,1
3,vote,9,1
3,vote,10,1
3,vote,12,1
3,vote,13,2
3,vote,14,7
3,execute,1,WEREWOLF
3,divine,12,2,HUMAN
3,guard,8,12,SEER
3,attackVote,14,4
3,attack,4,true
4,status,1,WEREWOLF,DEAD,f6wbl6
4,status,2,VILLAGER,ALIVE,WolfKing
4,status,3,VILLAGER,ALIVE,WordWolf
4,status,4,MEDIUM,DEAD,spicy2
4,status,5,VILLAGER,DEAD,yskn67
4,status,6,WEREWOLF,DEAD,TRKOkami
4,status,7,VILLAGER,ALIVE,cndl
4,status,8,BODYGUARD,ALIVE,Udon
4,status,9,VILLAGER,ALIVE,marky
4,status,10,VILLAGER,ALIVE,Romanesco
4,status,11,VILLAGER,DEAD,wasabi
4,status,12,SEER,ALIVE,Litt1eGirl
4,status,13,POSSESSED,ALIVE,sonoda
4,status,14,WEREWOLF,ALIVE,cash
4,status,15,VILLAGER,DEAD,Serval
4,talk,0,0,13,DIVINED Agent[10] HUMAN
4,talk,1,0,9,VOTE Agent[14]
4,talk,2,0,8,VOTE Agent[14]
4,talk,3,0,2,VOTE Agent[14]
4,talk,4,0,7,VOTE Agent[14]
4,talk,5,0,3,VOTE Agent[02]
4,talk,6,0,14,VOTE Agent[07]
4,talk,7,0,10,VOTE Agent[07]
4,talk,8,0,12,DIVINED Agent[02] HUMAN
4,talk,9,1,14,VOTE Agent[08]
4,talk,10,1,9,Skip
4,talk,11,1,12,VOTE Agent[14]
4,talk,12,1,10,Skip
4,talk,13,1,8,Over
4,talk,14,1,7,ESTIMATE Agent[14] WEREWOLF
4,talk,15,1,3,Skip
4,talk,16,1,2,Skip
4,talk,17,1,13,VOTE Agent[08]
4,talk,18,2,9,Skip
4,talk,19,2,8,Over
4,talk,20,2,7,Skip
4,talk,21,2,12,Over
4,talk,22,2,2,Skip
4,talk,23,2,10,VOTE Agent[14]
4,talk,24,2,13,Skip
4,talk,25,2,3,Skip
4,talk,26,2,14,VOTE Agent[03]
4,talk,27,3,8,Over
4,talk,28,3,12,Over
4,talk,29,3,10,Skip
4,talk,30,3,7,Skip
4,talk,31,3,2,Over
4,talk,32,3,14,Skip
4,talk,33,3,9,Over
4,talk,34,3,13,Skip
4,talk,35,3,3,Over
4,talk,36,4,12,Over
4,talk,37,4,14,Skip
4,talk,38,4,10,Skip
4,talk,39,4,2,Over
4,talk,40,4,3,VOTE Agent[14]
4,talk,41,4,7,Over
4,talk,42,4,13,Over
4,talk,43,4,8,Over
4,talk,44,4,9,Over
4,talk,45,5,3,Skip
4,talk,46,5,7,Over
4,talk,47,5,10,Over
4,talk,48,5,2,Over
4,talk,49,5,8,Over
4,talk,50,5,12,Over
4,talk,51,5,9,Over
4,talk,52,5,13,Over
4,talk,53,5,14,VOTE Agent[02]
4,talk,54,6,14,Skip
4,talk,55,6,2,Over
4,talk,56,6,12,Over
4,talk,57,6,13,Over
4,talk,58,6,8,Over
4,talk,59,6,7,Over
4,talk,60,6,10,Over
4,talk,61,6,9,Over
4,talk,62,6,3,Skip
4,talk,63,7,12,ESTIMATE Agent[12] VILLAGER
4,talk,64,7,9,Over
4,talk,65,7,8,Over
4,talk,66,7,7,Over
4,talk,67,7,10,VOTE Agent[02]
4,talk,68,7,3,Over
4,talk,69,7,14,Skip
4,talk,70,7,13,Over
4,talk,71,7,2,Over
4,talk,72,8,7,Over
4,talk,73,8,8,Over
4,talk,74,8,9,Over
4,talk,75,8,14,VOTE Agent[03]
4,talk,76,8,12,Over
4,talk,77,8,2,Over
4,talk,78,8,3,Over
4,talk,79,8,10,Skip
4,talk,80,8,13,Over
4,talk,81,9,2,Over
4,talk,82,9,3,Over
4,talk,83,9,13,Over
4,talk,84,9,14,Skip
4,talk,85,9,10,Skip
4,talk,86,9,12,Over
4,talk,87,9,9,Over
4,talk,88,9,8,Over
4,talk,89,9,7,Over
4,talk,90,10,13,Over
4,talk,91,10,14,Over
4,talk,92,10,9,Over
4,talk,93,10,10,Over
4,talk,94,10,8,Over
4,talk,95,10,7,Over
4,talk,96,10,3,Over
4,talk,97,10,2,Over
4,talk,98,10,12,Over
4,vote,2,14
4,vote,3,14
4,vote,7,14
4,vote,8,14
4,vote,9,14
4,vote,10,2
4,vote,12,14
4,vote,13,8
4,vote,14,3
4,execute,14,WEREWOLF
4,divine,12,8,HUMAN
4,guard,8,12,SEER
5,status,1,WEREWOLF,DEAD,f6wbl6
5,status,2,VILLAGER,ALIVE,WolfKing
5,status,3,VILLAGER,ALIVE,WordWolf
5,status,4,MEDIUM,DEAD,spicy2
5,status,5,VILLAGER,DEAD,yskn67
5,status,6,WEREWOLF,DEAD,TRKOkami
5,status,7,VILLAGER,ALIVE,cndl
5,status,8,BODYGUARD,ALIVE,Udon
5,status,9,VILLAGER,ALIVE,marky
5,status,10,VILLAGER,ALIVE,Romanesco
5,status,11,VILLAGER,DEAD,wasabi
5,status,12,SEER,ALIVE,Litt1eGirl
5,status,13,POSSESSED,ALIVE,sonoda
5,status,14,WEREWOLF,DEAD,cash
5,status,15,VILLAGER,DEAD,Serval
5,result,8,0,VILLAGER
