0,status,1,VILLAGER,ALIVE,f6wbl6
0,status,2,VILLAGER,ALIVE,WolfKing
0,status,3,VILLAGER,ALIVE,WordWolf
0,status,4,BODYGUARD,ALIVE,spicy2
0,status,5,WEREWOLF,ALIVE,yskn67
0,status,6,VILLAGER,ALIVE,TRKOkami
0,status,7,MEDIUM,ALIVE,cndl
0,status,8,WEREWOLF,ALIVE,Udon
0,status,9,VILLAGER,ALIVE,marky
0,status,10,SEER,ALIVE,Romanesco
0,status,11,VILLAGER,ALIVE,wasabi
0,status,12,VILLAGER,ALIVE,Litt1eGirl
0,status,13,WEREWOLF,ALIVE,sonoda
0,status,14,POSSESSED,ALIVE,cash
0,status,15,VILLAGER,ALIVE,Serval
0,whisper,0,0,8,Over
0,whisper,1,0,5,Skip
0,whisper,2,0,13,Skip
0,whisper,3,1,5,Skip
0,whisper,4,1,8,Over
0,whisper,5,1,13,Skip
0,whisper,6,2,13,Over
0,whisper,7,2,5,Over
0,whisper,8,2,8,Over
0,divine,10,12,HUMAN
1,status,1,VILLAGER,ALIVE,f6wbl6
1,status,2,VILLAGER,ALIVE,WolfKing
1,status,3,VILLAGER,ALIVE,WordWolf
1,status,4,BODYGUARD,ALIVE,spicy2
1,status,5,WEREWOLF,ALIVE,yskn67
1,status,6,VILLAGER,ALIVE,TRKOkami
1,status,7,MEDIUM,ALIVE,cndl
1,status,8,WEREWOLF,ALIVE,Udon
1,status,9,VILLAGER,ALIVE,marky
1,status,10,SEER,ALIVE,Romanesco
1,status,11,VILLAGER,ALIVE,wasabi
1,status,12,VILLAGER,ALIVE,Litt1eGirl
1,status,13,WEREWOLF,ALIVE,sonoda
1,status,14,POSSESSED,ALIVE,cash
1,status,15,VILLAGER,ALIVE,Serval
1,talk,0,0,5,ESTIMATE Agent[01] WEREWOLF
1,talk,1,0,9,VOTE Agent[12]
1,talk,2,0,12,VOTE Agent[14]
1,talk,3,0,11,Skip
1,talk,4,0,3,VOTE Agent[01]
1,talk,5,0,1,VOTE Agent[12]
1,talk,6,0,7,COMINGOUT Agent[07] MEDIUM
1,talk,7,0,13,VOTE Agent[01]
1,talk,8,0,10,COMINGOUT Agent[10] SEER
1,talk,9,0,6,Over
1,talk,10,0,4,VOTE Agent[01]
1,talk,11,0,8,VOTE Agent[03]
1,talk,12,0,14,COMINGOUT Agent[14] SEER
1,talk,13,0,2,VOTE Agent[12]
1,talk,14,0,15,Skip
1,talk,15,1,14,DIVINED Agent[06] HUMAN
1,talk,16,1,9,Skip
1,talk,17,1,3,Skip
1,talk,18,1,13,Skip
1,talk,19,1,7,VOTE Agent[12]
1,talk,20,1,11,ESTIMATE Agent[09] VILLAGER
1,talk,21,1,8,VOTE Agent[12]
1,talk,22,1,6,Over
1,talk,23,1,2,VOTE Agent[09]
1,talk,24,1,1,Skip
1,talk,25,1,4,Skip
1,talk,26,1,12,VOTE Agent[01]
1,talk,27,1,5,VOTE Agent[01]
1,talk,28,1,10,DIVINED Agent[12] HUMAN
1,talk,29,1,15,AGREE TALK day1 ID:4
1,talk,30,2,11,ESTIMATE Agent[01] VILLAGER
1,talk,31,2,8,VOTE Agent[01]
1,talk,32,2,4,Skip
1,talk,33,2,14,VOTE Agent[15]
1,talk,34,2,6,VOTE Agent[03]
1,talk,35,2,15,Over
1,talk,36,2,1,VOTE Agent[09]
1,talk,37,2,13,Skip
1,talk,38,2,10,VOTE Agent[02]
1,talk,39,2,3,Skip
1,talk,40,2,7,VOTE Agent[01]
1,talk,41,2,12,Over
1,talk,42,2,2,VOTE Agent[01]
1,talk,43,2,5,Skip
1,talk,44,2,9,VOTE Agent[01]
1,talk,45,3,9,Skip
1,talk,46,3,12,Over
1,talk,47,3,15,VOTE Agent[13]
1,talk,48,3,4,Over
1,talk,49,3,8,Over
1,talk,50,3,11,VOTE Agent[01]
1,talk,51,3,5,Skip
1,talk,52,3,14,Skip
1,talk,53,3,6,Over
1,talk,54,3,3,Over
1,talk,55,3,10,Skip
1,talk,56,3,7,Skip
1,talk,57,3,13,Over
1,talk,58,3,1,Skip
1,talk,59,3,2,Skip
1,talk,60,4,3,Over
1,talk,61,4,10,VOTE Agent[03]
1,talk,62,4,8,Over
1,talk,63,4,15,Over
1,talk,64,4,12,Over
1,talk,65,4,14,VOTE Agent[05]
1,talk,66,4,9,Skip
1,talk,67,4,5,Over
1,talk,68,4,6,AGREE TALK day1 ID:50
1,talk,69,4,4,Over
1,talk,70,4,1,Skip
1,talk,71,4,13,Over
1,talk,72,4,7,Skip
1,talk,73,4,11,VOTE Agent[05]
1,talk,74,4,2,Skip
1,talk,75,5,13,Over
1,talk,76,5,8,Over
1,talk,77,5,2,VOTE Agent[03]
1,talk,78,5,9,Over
1,talk,79,5,10,Skip
1,talk,80,5,12,Over
1,talk,81,5,5,Over
1,talk,82,5,1,Over
1,talk,83,5,15,Over
1,talk,84,5,4,Over
1,talk,85,5,14,VOTE Agent[07]
1,talk,86,5,11,VOTE Agent[01]
1,talk,87,5,7,Over
1,talk,88,5,3,Over
1,talk,89,5,6,Over
1,talk,90,6,14,VOTE Agent[05]
1,talk,91,6,13,Over
1,talk,92,6,6,Over
1,talk,93,6,9,Over
1,talk,94,6,15,Over
1,talk,95,6,12,ESTIMATE Agent[01] WEREWOLF
1,talk,96,6,1,VOTE Agent[03]
1,talk,97,6,3,Over
1,talk,98,6,2,Skip
1,talk,99,6,8,Over
1,talk,100,6,11,ESTIMATE Agent[13] VILLAGER
1,talk,101,6,10,Skip
1,talk,102,6,5,Over
1,talk,103,6,7,Over
1,talk,104,6,4,Over
1,talk,105,7,13,Over
1,talk,106,7,4,Over
1,talk,107,7,7,Over
1,talk,108,7,1,Skip
1,talk,109,7,10,Over
1,talk,110,7,14,VOTE Agent[12]
1,talk,111,7,8,Over
1,talk,112,7,6,Over
1,talk,113,7,5,Over
1,talk,114,7,9,Over
1,talk,115,7,12,Over
1,talk,116,7,3,Over
1,talk,117,7,15,VOTE Agent[14]
1,talk,118,7,11,VOTE Agent[05]
1,talk,119,7,2,Skip
1,talk,120,8,10,Over
1,talk,121,8,2,Over
1,talk,122,8,11,VOTE Agent[13]
1,talk,123,8,7,Over
1,talk,124,8,6,Over
1,talk,125,8,14,Skip
1,talk,126,8,15,Over
1,talk,127,8,9,Over
1,talk,128,8,5,Over
1,talk,129,8,12,Over
1,talk,130,8,1,Skip
1,talk,131,8,13,Over
1,talk,132,8,8,Over
1,talk,133,8,4,Over
1,talk,134,8,3,Over
1,talk,135,9,9,Over
1,talk,136,9,12,Over
1,talk,137,9,7,Over
1,talk,138,9,10,Over
1,talk,139,9,14,Skip
1,talk,140,9,15,Over
1,talk,141,9,13,Over
1,talk,142,9,6,Over
1,talk,143,9,4,Over
1,talk,144,9,8,Over
1,talk,145,9,2,Over
1,talk,146,9,11,Over
1,talk,147,9,3,Over
1,talk,148,9,5,Over
1,talk,149,9,1,Over
1,talk,150,10,10,Over
1,talk,151,10,7,Over
1,talk,152,10,11,Over
1,talk,153,10,3,Over
1,talk,154,10,9,Over
1,talk,155,10,2,Over
1,talk,156,10,14,Over
1,talk,157,10,1,Over
1,talk,158,10,8,Over
1,talk,159,10,6,Over
1,talk,160,10,12,Over
1,talk,161,10,5,Over
1,talk,162,10,4,Over
1,talk,163,10,15,Over
1,talk,164,10,13,Over
1,vote,1,3
1,vote,2,3
1,vote,3,1
1,vote,4,1
1,vote,5,1
1,vote,6,3
1,vote,7,1
1,vote,8,1
1,vote,9,1
1,vote,10,3
1,vote,11,13
1,vote,12,1
1,vote,13,1
1,vote,14,12
1,vote,15,3
1,execute,1,VILLAGER
1,divine,10,3,HUMAN
1,whisper,0,0,5,Skip
1,whisper,1,0,13,Skip
1,whisper,2,0,8,Over
1,whisper,3,1,13,Skip
1,whisper,4,1,5,Skip
1,whisper,5,1,8,Over
1,whisper,6,2,13,Over
1,whisper,7,2,8,Over
1,whisper,8,2,5,Over
1,guard,4,7,MEDIUM
1,attackVote,5,7
1,attackVote,8,10
1,attackVote,13,7
1,attack,7,false
2,status,1,VILLAGER,DEAD,f6wbl6
2,status,2,VILLAGER,ALIVE,WolfKing
2,status,3,VILLAGER,ALIVE,WordWolf
2,status,4,BODYGUARD,ALIVE,spicy2
2,status,5,WEREWOLF,ALIVE,yskn67
2,status,6,VILLAGER,ALIVE,TRKOkami
2,status,7,MEDIUM,ALIVE,cndl
2,status,8,WEREWOLF,ALIVE,Udon
2,status,9,VILLAGER,ALIVE,marky
2,status,10,SEER,ALIVE,Romanesco
2,status,11,VILLAGER,ALIVE,wasabi
2,status,12,VILLAGER,ALIVE,Litt1eGirl
2,status,13,WEREWOLF,ALIVE,sonoda
2,status,14,POSSESSED,ALIVE,cash
2,status,15,VILLAGER,ALIVE,Serval
2,talk,0,0,11,ESTIMATE Agent[13] VILLAGER
2,talk,1,0,15,Skip
2,talk,2,0,12,VOTE Agent[02]
2,talk,3,0,4,VOTE Agent[05]
2,talk,4,0,13,VOTE Agent[11]
2,talk,5,0,9,VOTE Agent[03]
2,talk,6,0,3,VOTE Agent[09]
2,talk,7,0,7,IDENTIFIED Agent[01] HUMAN
2,talk,8,0,5,ESTIMATE Agent[09] WEREWOLF
2,talk,9,0,6,Over
2,talk,10,0,2,VOTE Agent[03]
2,talk,11,0,8,VOTE Agent[02]
2,talk,12,0,10,DIVINED Agent[03] HUMAN
2,talk,13,0,14,DIVINED Agent[05] HUMAN
2,talk,14,1,12,Over
2,talk,15,1,3,Skip
2,talk,16,1,7,VOTE Agent[05]
2,talk,17,1,5,VOTE Agent[09]
2,talk,18,1,11,ESTIMATE Agent[05] VILLAGER
2,talk,19,1,14,VOTE Agent[12]
2,talk,20,1,10,VOTE Agent[02]
2,talk,21,1,8,VOTE Agent[03]
2,talk,22,1,4,VOTE Agent[08]
2,talk,23,1,13,Skip
2,talk,24,1,15,VOTE Agent[14]
2,talk,25,1,9,VOTE Agent[02]
2,talk,26,1,6,Over
2,talk,27,1,2,Skip
2,talk,28,2,8,Over
2,talk,29,2,9,Skip
2,talk,30,2,7,VOTE Agent[09]
2,talk,31,2,13,Skip
2,talk,32,2,11,ESTIMATE Agent[08] VILLAGER
2,talk,33,2,3,Skip
2,talk,34,2,4,Skip
2,talk,35,2,14,VOTE Agent[05]
2,talk,36,2,6,VOTE Agent[02]
2,talk,37,2,2,Skip
2,talk,38,2,12,ESTIMATE Agent[13] VILLAGER
2,talk,39,2,5,Skip
2,talk,40,2,15,Over
2,talk,41,2,10,Skip
2,talk,42,3,9,Skip
2,talk,43,3,2,Over
2,talk,44,3,7,ESTIMATE Agent[05] VILLAGER
2,talk,45,3,6,AGREE TALK day2 ID:36
2,talk,46,3,11,VOTE Agent[08]
2,talk,47,3,3,Over
2,talk,48,3,13,Over
2,talk,49,3,10,Skip
2,talk,50,3,8,VOTE Agent[02]
2,talk,51,3,14,Skip
2,talk,52,3,4,Skip
2,talk,53,3,12,ESTIMATE Agent[02] WEREWOLF
2,talk,54,3,15,Over
2,talk,55,3,5,Skip
2,talk,56,4,14,Skip
2,talk,57,4,13,Over
2,talk,58,4,8,Over
2,talk,59,4,9,Over
2,talk,60,4,5,Over
2,talk,61,4,7,VOTE Agent[02]
2,talk,62,4,3,VOTE Agent[02]
2,talk,63,4,2,Over
2,talk,64,4,12,ESTIMATE Agent[02] WEREWOLF
2,talk,65,4,6,AGREE TALK day2 ID:50
2,talk,66,4,11,ESTIMATE Agent[12] VILLAGER
2,talk,67,4,10,Over
2,talk,68,4,15,Over
2,talk,69,4,4,Over
2,talk,70,5,3,Skip
2,talk,71,5,5,Over
2,talk,72,5,8,Over
2,talk,73,5,2,Over
2,talk,74,5,11,ESTIMATE Agent[02] WEREWOLF
2,talk,75,5,7,Skip
2,talk,76,5,14,Over
2,talk,77,5,10,Over
2,talk,78,5,13,Over
2,talk,79,5,6,Over
2,talk,80,5,4,Over
2,talk,81,5,15,Over
2,talk,82,5,9,Over
2,talk,83,5,12,Over
2,talk,84,6,12,ESTIMATE Agent[07] VILLAGER
2,talk,85,6,14,Over
2,talk,86,6,13,Over
2,talk,87,6,6,Over
2,talk,88,6,4,Over
2,talk,89,6,15,Over
2,talk,90,6,7,Skip
2,talk,91,6,2,Over
2,talk,92,6,10,Over
2,talk,93,6,8,Over
2,talk,94,6,5,Over
2,talk,95,6,9,Over
2,talk,96,6,3,Skip
2,talk,97,6,11,VOTE Agent[02]
2,talk,98,7,9,Over
2,talk,99,7,6,Over
2,talk,100,7,2,VOTE Agent[04]
2,talk,101,7,5,Over
2,talk,102,7,4,Over
2,talk,103,7,13,Over
2,talk,104,7,15,Over
2,talk,105,7,3,Over
2,talk,106,7,11,REQUEST(VOTE Agent[02])
2,talk,107,7,10,Over
2,talk,108,7,12,Over
2,talk,109,7,8,Over
2,talk,110,7,14,Over
2,talk,111,7,7,Over
2,talk,112,8,13,Over
2,talk,113,8,5,Over
2,talk,114,8,11,VOTE Agent[04]
2,talk,115,8,3,Over
2,talk,116,8,4,Over
2,talk,117,8,7,Over
2,talk,118,8,2,Skip
2,talk,119,8,12,Over
2,talk,120,8,14,Over
2,talk,121,8,8,Over
2,talk,122,8,10,Over
2,talk,123,8,15,Over
2,talk,124,8,9,Over
2,talk,125,8,6,Over
2,talk,126,9,10,Over
2,talk,127,9,14,Over
2,talk,128,9,15,Over
2,talk,129,9,2,VOTE Agent[11]
2,talk,130,9,8,Over
2,talk,131,9,7,Over
2,talk,132,9,5,Over
2,talk,133,9,13,Over
2,talk,134,9,12,Over
2,talk,135,9,11,Over
2,talk,136,9,4,Over
2,talk,137,9,9,Over
2,talk,138,9,6,Over
2,talk,139,9,3,Over
2,talk,140,10,7,Over
2,talk,141,10,10,Over
2,talk,142,10,8,Over
2,talk,143,10,15,Over
2,talk,144,10,11,Over
2,talk,145,10,5,Over
2,talk,146,10,2,Skip
2,talk,147,10,6,Over
2,talk,148,10,14,Over
2,talk,149,10,4,Over
2,talk,150,10,9,Over
2,talk,151,10,3,Over
2,talk,152,10,12,Over
2,talk,153,10,13,Over
2,talk,154,11,11,Over
2,talk,155,11,7,Over
2,talk,156,11,14,Over
2,talk,157,11,13,Over
2,talk,158,11,3,Over
2,talk,159,11,10,Over
2,talk,160,11,15,Over
2,talk,161,11,8,Over
2,talk,162,11,9,Over
2,talk,163,11,6,Over
2,talk,164,11,5,Over
2,talk,165,11,12,Over
2,talk,166,11,4,Over
2,talk,167,11,2,Skip
2,talk,168,12,11,Over
2,talk,169,12,14,Over
2,talk,170,12,2,VOTE Agent[08]
2,talk,171,12,15,Over
2,talk,172,12,5,Over
2,talk,173,12,4,Over
2,talk,174,12,6,Over
2,talk,175,12,12,Over
2,talk,176,12,9,Over
2,talk,177,12,3,Over
2,talk,178,12,8,Over
2,talk,179,12,10,Over
2,talk,180,12,7,Over
2,talk,181,12,13,Over
2,talk,182,13,8,Over
2,talk,183,13,10,Over
2,talk,184,13,14,Over
2,talk,185,13,6,Over
2,talk,186,13,9,VOTE Agent[08]
2,talk,187,13,4,Over
2,talk,188,13,7,Over
2,talk,189,13,3,Over
2,talk,190,13,5,Over
2,talk,191,13,11,Over
2,talk,192,13,15,Over
2,talk,193,13,2,Skip
2,talk,194,13,13,Over
2,talk,195,13,12,Over
2,talk,196,14,2,Skip
2,talk,197,14,7,Over
2,talk,198,14,11,Over
2,talk,199,14,5,Over
2,talk,200,14,14,Over
2,talk,201,14,8,Over
2,talk,202,14,12,Over
2,talk,203,14,6,Over
2,talk,204,14,4,Over
2,talk,205,14,13,Over
2,talk,206,14,9,Skip
2,talk,207,14,3,Over
2,talk,208,14,10,Over
2,talk,209,14,15,Over
2,talk,210,15,10,Over
2,talk,211,15,6,Over
2,talk,212,15,4,Over
2,talk,213,15,15,Over
2,talk,214,15,12,Over
2,talk,215,15,9,Skip
2,talk,216,15,11,Over
2,talk,217,15,2,Over
2,talk,218,15,7,Over
2,talk,219,15,8,Over
2,talk,220,15,5,Over
2,talk,221,15,3,Over
2,talk,222,15,13,Over
2,talk,223,15,14,Over
2,talk,224,16,6,Over
2,talk,225,16,5,Over
2,talk,226,16,9,Over
2,talk,227,16,15,Over
2,talk,228,16,8,Over
2,talk,229,16,13,Over
2,talk,230,16,2,Over
2,talk,231,16,10,Over
2,talk,232,16,14,Over
2,talk,233,16,11,Over
2,talk,234,16,3,Over
2,talk,235,16,12,Over
2,talk,236,16,4,Over
2,talk,237,16,7,Over
2,vote,2,8
2,vote,3,2
2,vote,4,8
2,vote,5,9
2,vote,6,2
2,vote,7,2
2,vote,8,2
2,vote,9,8
2,vote,10,2
2,vote,11,4
2,vote,12,2
2,vote,13,11
2,vote,14,5
2,vote,15,2
2,execute,2,VILLAGER
2,divine,10,4,HUMAN
2,whisper,0,0,8,Over
2,whisper,1,0,13,Skip
2,whisper,2,0,5,Skip
2,whisper,3,1,13,Skip
2,whisper,4,1,8,Over
2,whisper,5,1,5,Skip
2,whisper,6,2,5,Over
2,whisper,7,2,8,Over
2,whisper,8,2,13,Over
2,guard,4,7,MEDIUM
2,attackVote,5,7
2,attackVote,8,10
2,attackVote,13,7
2,attack,7,false
3,status,1,VILLAGER,DEAD,f6wbl6
3,status,2,VILLAGER,DEAD,WolfKing
3,status,3,VILLAGER,ALIVE,WordWolf
3,status,4,BODYGUARD,ALIVE,spicy2
3,status,5,WEREWOLF,ALIVE,yskn67
3,status,6,VILLAGER,ALIVE,TRKOkami
3,status,7,MEDIUM,ALIVE,cndl
3,status,8,WEREWOLF,ALIVE,Udon
3,status,9,VILLAGER,ALIVE,marky
3,status,10,SEER,ALIVE,Romanesco
3,status,11,VILLAGER,ALIVE,wasabi
3,status,12,VILLAGER,ALIVE,Litt1eGirl
3,status,13,WEREWOLF,ALIVE,sonoda
3,status,14,POSSESSED,ALIVE,cash
3,status,15,VILLAGER,ALIVE,Serval
3,talk,0,0,3,VOTE Agent[09]
3,talk,1,0,15,Skip
3,talk,2,0,13,VOTE Agent[11]
3,talk,3,0,5,ESTIMATE Agent[09] WEREWOLF
3,talk,4,0,9,VOTE Agent[08]
3,talk,5,0,8,VOTE Agent[09]
3,talk,6,0,4,VOTE Agent[15]
3,talk,7,0,12,VOTE Agent[06]
3,talk,8,0,6,Over
3,talk,9,0,14,DIVINED Agent[05] HUMAN
3,talk,10,0,10,DIVINED Agent[04] HUMAN
3,talk,11,0,7,IDENTIFIED Agent[02] HUMAN
3,talk,12,0,11,ESTIMATE Agent[03] VILLAGER
3,talk,13,1,5,ESTIMATE Agent[15] WEREWOLF
3,talk,14,1,14,VOTE Agent[05]
3,talk,15,1,10,VOTE Agent[09]
3,talk,16,1,11,ESTIMATE Agent[14] WEREWOLF
3,talk,17,1,6,Over
3,talk,18,1,7,VOTE Agent[09]
3,talk,19,1,9,VOTE Agent[15]
3,talk,20,1,3,Skip
3,talk,21,1,15,AGREE TALK day1 ID:3
3,talk,22,1,4,Skip
3,talk,23,1,12,VOTE Agent[09]
3,talk,24,1,13,Skip
3,talk,25,1,8,Over
3,talk,26,2,5,VOTE Agent[15]
3,talk,27,2,14,VOTE Agent[15]
3,talk,28,2,11,ESTIMATE Agent[07] MEDIUM
3,talk,29,2,4,Skip
3,talk,30,2,12,Over
3,talk,31,2,9,Skip
3,talk,32,2,13,Skip
3,talk,33,2,3,Skip
3,talk,34,2,7,ESTIMATE Agent[09] WEREWOLF
3,talk,35,2,10,Skip
3,talk,36,2,15,Over
3,talk,37,2,8,Over
3,talk,38,2,6,VOTE Agent[07]
3,talk,39,3,13,Over
3,talk,40,3,15,VOTE Agent[14]
3,talk,41,3,5,Skip
3,talk,42,3,7,Skip
3,talk,43,3,4,Over
3,talk,44,3,8,Over
3,talk,45,3,12,Over
3,talk,46,3,3,Over
3,talk,47,3,11,VOTE Agent[15]
3,talk,48,3,6,AGREE TALK day3 ID:27
3,talk,49,3,9,Skip
3,talk,50,3,10,Skip
3,talk,51,3,14,VOTE Agent[05]
3,talk,52,4,11,ESTIMATE Agent[09] WEREWOLF
3,talk,53,4,7,Skip
3,talk,54,4,3,Over
3,talk,55,4,13,Over
3,talk,56,4,12,Over
3,talk,57,4,5,Skip
3,talk,58,4,6,AGREE TALK day3 ID:47
3,talk,59,4,10,Over
3,talk,60,4,4,Over
3,talk,61,4,15,Over
3,talk,62,4,9,Over
3,talk,63,4,14,VOTE Agent[15]
3,talk,64,4,8,Over
3,talk,65,5,10,VOTE Agent[15]
3,talk,66,5,14,Skip
3,talk,67,5,7,Over
3,talk,68,5,12,VOTE Agent[15]
3,talk,69,5,11,VOTE Agent[09]
3,talk,70,5,4,Over
3,talk,71,5,6,Over
3,talk,72,5,9,Over
3,talk,73,5,8,Over
3,talk,74,5,15,Over
3,talk,75,5,13,Over
3,talk,76,5,3,Over
3,talk,77,5,5,Over
3,talk,78,6,5,Over
3,talk,79,6,12,ESTIMATE Agent[05] VILLAGER
3,talk,80,6,13,Over
3,talk,81,6,10,Skip
3,talk,82,6,8,VOTE Agent[15]
3,talk,83,6,11,Skip
3,talk,84,6,6,Over
3,talk,85,6,9,Over
3,talk,86,6,15,Over
3,talk,87,6,7,VOTE Agent[15]
3,talk,88,6,4,Over
3,talk,89,6,14,Skip
3,talk,90,6,3,VOTE Agent[15]
3,talk,91,7,3,Skip
3,talk,92,7,8,Over
3,talk,93,7,12,Over
3,talk,94,7,6,Over
3,talk,95,7,5,Over
3,talk,96,7,9,Over
3,talk,97,7,14,Over
3,talk,98,7,10,Skip
3,talk,99,7,4,Over
3,talk,100,7,15,Over
3,talk,101,7,7,Skip
3,talk,102,7,13,Over
3,talk,103,7,11,Skip
3,talk,104,8,13,Over
3,talk,105,8,9,Over
3,talk,106,8,6,Over
3,talk,107,8,12,Over
3,talk,108,8,8,Over
3,talk,109,8,7,Skip
3,talk,110,8,5,Over
3,talk,111,8,4,Over
3,talk,112,8,15,Over
3,talk,113,8,10,Over
3,talk,114,8,11,VOTE Agent[13]
3,talk,115,8,14,Over
3,talk,116,8,3,Skip
3,talk,117,9,7,Over
3,talk,118,9,11,Over
3,talk,119,9,10,Over
3,talk,120,9,15,Over
3,talk,121,9,9,Over
3,talk,122,9,14,Over
3,talk,123,9,4,Over
3,talk,124,9,8,Over
3,talk,125,9,5,Over
3,talk,126,9,12,ESTIMATE Agent[01] VILLAGER
3,talk,127,9,3,Over
3,talk,128,9,6,Over
3,talk,129,9,13,Over
3,talk,130,10,7,Over
3,talk,131,10,3,Over
3,talk,132,10,11,Over
3,talk,133,10,12,Over
3,talk,134,10,15,Over
3,talk,135,10,4,Over
3,talk,136,10,5,Over
3,talk,137,10,8,Over
3,talk,138,10,10,Over
3,talk,139,10,9,Over
3,talk,140,10,6,Over
3,talk,141,10,13,Over
3,talk,142,10,14,Over
3,vote,3,15
3,vote,4,15
3,vote,5,15
3,vote,6,7
3,vote,7,15
3,vote,8,15
3,vote,9,15
3,vote,10,15
3,vote,11,13
3,vote,12,15
3,vote,13,11
3,vote,14,15
3,vote,15,7
3,execute,15,VILLAGER
3,divine,10,9,HUMAN
3,whisper,0,0,5,Skip
3,whisper,1,0,13,Skip
3,whisper,2,0,8,Over
3,whisper,3,1,5,Skip
3,whisper,4,1,13,Skip
3,whisper,5,1,8,Over
3,whisper,6,2,5,Over
3,whisper,7,2,13,Over
3,whisper,8,2,8,Over
3,guard,4,7,MEDIUM
3,attackVote,5,7
3,attackVote,8,10
3,attackVote,13,7
3,attack,7,false
4,status,1,VILLAGER,DEAD,f6wbl6
4,status,2,VILLAGER,DEAD,WolfKing
4,status,3,VILLAGER,ALIVE,WordWolf
4,status,4,BODYGUARD,ALIVE,spicy2
4,status,5,WEREWOLF,ALIVE,yskn67
4,status,6,VILLAGER,ALIVE,TRKOkami
4,status,7,MEDIUM,ALIVE,cndl
4,status,8,WEREWOLF,ALIVE,Udon
4,status,9,VILLAGER,ALIVE,marky
4,status,10,SEER,ALIVE,Romanesco
4,status,11,VILLAGER,ALIVE,wasabi
4,status,12,VILLAGER,ALIVE,Litt1eGirl
4,status,13,WEREWOLF,ALIVE,sonoda
4,status,14,POSSESSED,ALIVE,cash
4,status,15,VILLAGER,DEAD,Serval
4,talk,0,0,5,ESTIMATE Agent[09] WEREWOLF
4,talk,1,0,6,Over
4,talk,2,0,13,VOTE Agent[11]
4,talk,3,0,12,VOTE Agent[10]
4,talk,4,0,14,DIVINED Agent[05] HUMAN
4,talk,5,0,7,IDENTIFIED Agent[15] HUMAN
4,talk,6,0,10,DIVINED Agent[09] HUMAN
4,talk,7,0,3,VOTE Agent[09]
4,talk,8,0,11,ESTIMATE Agent[04] VILLAGER
4,talk,9,0,9,VOTE Agent[04]
4,talk,10,0,8,VOTE Agent[11]
4,talk,11,0,4,VOTE Agent[08]
4,talk,12,1,4,Skip
4,talk,13,1,12,VOTE Agent[11]
4,talk,14,1,8,Over
4,talk,15,1,10,VOTE Agent[05]
4,talk,16,1,13,Skip
4,talk,17,1,3,Skip
4,talk,18,1,5,ESTIMATE Agent[12] WEREWOLF
4,talk,19,1,6,Over
4,talk,20,1,7,VOTE Agent[08]
4,talk,21,1,14,VOTE Agent[12]
4,talk,22,1,11,ESTIMATE Agent[08] WEREWOLF
4,talk,23,1,9,VOTE Agent[08]
4,talk,24,2,14,Skip
4,talk,25,2,7,ESTIMATE Agent[05] WEREWOLF
4,talk,26,2,6,VOTE Agent[12]
4,talk,27,2,5,VOTE Agent[12]
4,talk,28,2,4,Skip
4,talk,29,2,3,Skip
4,talk,30,2,11,ESTIMATE Agent[13] WEREWOLF
4,talk,31,2,8,Over
4,talk,32,2,13,Skip
4,talk,33,2,9,Skip
4,talk,34,2,12,VOTE Agent[08]
4,talk,35,2,10,VOTE Agent[08]
4,talk,36,3,8,VOTE Agent[12]
4,talk,37,3,14,Skip
4,talk,38,3,10,Skip
4,talk,39,3,7,Skip
4,talk,40,3,9,Skip
4,talk,41,3,5,Skip
4,talk,42,3,13,Over
4,talk,43,3,3,Over
4,talk,44,3,11,VOTE Agent[13]
4,talk,45,3,6,AGREE TALK day4 ID:35
4,talk,46,3,12,ESTIMATE Agent[10] VILLAGER
4,talk,47,3,4,Over
4,talk,48,4,14,VOTE Agent[11]
4,talk,49,4,12,ESTIMATE Agent[08] WEREWOLF
4,talk,50,4,4,Over
4,talk,51,4,8,Over
4,talk,52,4,6,AGREE TALK day4 ID:44
4,talk,53,4,7,Skip
4,talk,54,4,10,Skip
4,talk,55,4,13,Over
4,talk,56,4,3,VOTE Agent[08]
4,talk,57,4,11,ESTIMATE Agent[05] VILLAGER
4,talk,58,4,9,Over
4,talk,59,4,5,Skip
4,talk,60,5,13,Over
4,talk,61,5,11,VOTE Agent[08]
4,talk,62,5,14,Skip
4,talk,63,5,4,Over
4,talk,64,5,3,Skip
4,talk,65,5,8,VOTE Agent[13]
4,talk,66,5,12,Over
4,talk,67,5,9,Over
4,talk,68,5,6,Over
4,talk,69,5,5,Over
4,talk,70,5,7,Over
4,talk,71,5,10,Over
4,talk,72,6,5,Over
4,talk,73,6,8,Over
4,talk,74,6,13,Over
4,talk,75,6,3,Skip
4,talk,76,6,9,Over
4,talk,77,6,10,Over
4,talk,78,6,7,Over
4,talk,79,6,11,ESTIMATE Agent[12] VILLAGER
4,talk,80,6,6,Over
4,talk,81,6,12,Over
4,talk,82,6,4,Over
4,talk,83,6,14,Skip
4,talk,84,7,4,Over
4,talk,85,7,12,Over
4,talk,86,7,10,Over
4,talk,87,7,7,Over
4,talk,88,7,3,Over
4,talk,89,7,5,Over
4,talk,90,7,13,Over
4,talk,91,7,8,Over
4,talk,92,7,9,VOTE Agent[11]
4,talk,93,7,14,Over
4,talk,94,7,11,ESTIMATE Agent[10] WEREWOLF
4,talk,95,7,6,Over
4,talk,96,8,12,ESTIMATE Agent[09] VILLAGER
4,talk,97,8,8,Over
4,talk,98,8,11,ESTIMATE Agent[05] VILLAGER
4,talk,99,8,5,Over
4,talk,100,8,10,Over
4,talk,101,8,6,Over
4,talk,102,8,9,Skip
4,talk,103,8,4,Over
4,talk,104,8,14,VOTE Agent[06]
4,talk,105,8,3,Over
4,talk,106,8,7,Over
4,talk,107,8,13,Over
4,talk,108,9,5,Over
4,talk,109,9,9,Skip
4,talk,110,9,13,Over
4,talk,111,9,4,Over
4,talk,112,9,6,Over
4,talk,113,9,8,Over
4,talk,114,9,11,Over
4,talk,115,9,14,Skip
4,talk,116,9,10,Over
4,talk,117,9,12,ESTIMATE Agent[05] VILLAGER
4,talk,118,9,3,Over
4,talk,119,9,7,Over
4,talk,120,10,10,Over
4,talk,121,10,14,Over
4,talk,122,10,3,Over
4,talk,123,10,12,Over
4,talk,124,10,4,Over
4,talk,125,10,5,Over
4,talk,126,10,6,Over
4,talk,127,10,8,Over
4,talk,128,10,11,Over
4,talk,129,10,7,Over
4,talk,130,10,9,Over
4,talk,131,10,13,Over
4,vote,3,8
4,vote,4,8
4,vote,5,12
4,vote,6,12
4,vote,7,8
4,vote,8,13
4,vote,9,11
4,vote,10,8
4,vote,11,8
4,vote,12,8
4,vote,13,11
4,vote,14,6
4,execute,8,WEREWOLF
4,divine,10,5,WEREWOLF
4,whisper,0,0,5,Skip
4,whisper,1,0,13,Skip
4,whisper,2,1,13,Skip
4,whisper,3,1,5,Skip
4,whisper,4,2,13,Over
4,whisper,5,2,5,Over
4,guard,4,7,MEDIUM
4,attackVote,5,7
4,attackVote,13,7
4,attack,7,false
5,status,1,VILLAGER,DEAD,f6wbl6
5,status,2,VILLAGER,DEAD,WolfKing
5,status,3,VILLAGER,ALIVE,WordWolf
5,status,4,BODYGUARD,ALIVE,spicy2
5,status,5,WEREWOLF,ALIVE,yskn67
5,status,6,VILLAGER,ALIVE,TRKOkami
5,status,7,MEDIUM,ALIVE,cndl
5,status,8,WEREWOLF,DEAD,Udon
5,status,9,VILLAGER,ALIVE,marky
5,status,10,SEER,ALIVE,Romanesco
5,status,11,VILLAGER,ALIVE,wasabi
5,status,12,VILLAGER,ALIVE,Litt1eGirl
5,status,13,WEREWOLF,ALIVE,sonoda
5,status,14,POSSESSED,ALIVE,cash
5,status,15,VILLAGER,DEAD,Serval
5,talk,0,0,6,Over
5,talk,1,0,14,DIVINED Agent[05] HUMAN
5,talk,2,0,13,VOTE Agent[12]
5,talk,3,0,4,VOTE Agent[12]
5,talk,4,0,5,ESTIMATE Agent[12] WEREWOLF
5,talk,5,0,3,VOTE Agent[12]
5,talk,6,0,7,IDENTIFIED Agent[08] WEREWOLF
5,talk,7,0,12,VOTE Agent[03]
5,talk,8,0,9,VOTE Agent[10]
5,talk,9,0,11,ESTIMATE Agent[05] VILLAGER
5,talk,10,0,10,DIVINED Agent[05] WEREWOLF
5,talk,11,1,14,VOTE Agent[07]
5,talk,12,1,9,Skip
5,talk,13,1,12,VOTE Agent[10]
5,talk,14,1,5,VOTE Agent[12]
5,talk,15,1,6,Over
5,talk,16,1,4,VOTE Agent[05]
5,talk,17,1,3,Skip
5,talk,18,1,11,ESTIMATE Agent[12] VILLAGER
5,talk,19,1,13,VOTE Agent[06]
5,talk,20,1,10,VOTE Agent[05]
5,talk,21,1,7,VOTE Agent[12]
5,talk,22,2,4,Skip
5,talk,23,2,14,Skip
5,talk,24,2,12,VOTE Agent[05]
5,talk,25,2,11,ESTIMATE Agent[09] VILLAGER
5,talk,26,2,3,Skip
5,talk,27,2,6,VOTE Agent[05]
5,talk,28,2,10,Skip
5,talk,29,2,13,Skip
5,talk,30,2,7,VOTE Agent[05]
5,talk,31,2,9,VOTE Agent[05]
5,talk,32,2,5,Skip
5,talk,33,3,11,VOTE Agent[05]
5,talk,34,3,12,ESTIMATE Agent[05] WEREWOLF
5,talk,35,3,14,Skip
5,talk,36,3,5,Skip
5,talk,37,3,6,Over
5,talk,38,3,10,Skip
5,talk,39,3,7,ESTIMATE Agent[05] WEREWOLF
5,talk,40,3,13,Skip
5,talk,41,3,3,Over
5,talk,42,3,9,Skip
5,talk,43,3,4,Skip
5,talk,44,4,12,Over
5,talk,45,4,10,Over
5,talk,46,4,9,Skip
5,talk,47,4,6,Skip
5,talk,48,4,4,Over
5,talk,49,4,5,Over
5,talk,50,4,14,VOTE Agent[05]
5,talk,51,4,11,ESTIMATE Agent[03] VILLAGER
5,talk,52,4,13,Over
5,talk,53,4,3,VOTE Agent[05]
5,talk,54,4,7,Skip
5,talk,55,5,3,Skip
5,talk,56,5,6,Over
5,talk,57,5,9,Over
5,talk,58,5,10,Over
5,talk,59,5,11,ESTIMATE Agent[06] VILLAGER
5,talk,60,5,5,Over
5,talk,61,5,4,Over
5,talk,62,5,12,Over
5,talk,63,5,13,Over
5,talk,64,5,14,Skip
5,talk,65,5,7,Skip
5,talk,66,6,14,Skip
5,talk,67,6,9,Over
5,talk,68,6,5,Over
5,talk,69,6,10,Over
5,talk,70,6,11,ESTIMATE Agent[12] VILLAGER
5,talk,71,6,7,Over
5,talk,72,6,13,Over
5,talk,73,6,4,Over
5,talk,74,6,3,Skip
5,talk,75,6,6,Over
5,talk,76,6,12,ESTIMATE Agent[05] WEREWOLF
5,talk,77,7,3,Over
5,talk,78,7,4,Over
5,talk,79,7,10,Over
5,talk,80,7,6,Over
5,talk,81,7,12,Over
5,talk,82,7,14,Over
5,talk,83,7,9,VOTE Agent[07]
5,talk,84,7,11,ESTIMATE Agent[09] VILLAGER
5,talk,85,7,13,Over
5,talk,86,7,7,Over
5,talk,87,7,5,Over
5,talk,88,8,10,Over
5,talk,89,8,13,Over
5,talk,90,8,3,Over
5,talk,91,8,11,ESTIMATE Agent[05] WEREWOLF
5,talk,92,8,5,Over
5,talk,93,8,7,Over
5,talk,94,8,12,Over
5,talk,95,8,4,Over
5,talk,96,8,6,Over
5,talk,97,8,14,Over
5,talk,98,8,9,Skip
5,talk,99,9,3,Over
5,talk,100,9,14,Over
5,talk,101,9,6,Over
5,talk,102,9,7,Over
5,talk,103,9,9,VOTE Agent[04]
5,talk,104,9,5,Over
5,talk,105,9,12,Over
5,talk,106,9,11,Over
5,talk,107,9,10,Over
5,talk,108,9,4,Over
5,talk,109,9,13,Over
5,talk,110,10,11,Over
5,talk,111,10,10,Over
5,talk,112,10,9,VOTE Agent[05]
5,talk,113,10,7,Over
5,talk,114,10,12,Over
5,talk,115,10,13,Over
5,talk,116,10,5,Over
5,talk,117,10,14,Over
5,talk,118,10,6,Over
5,talk,119,10,4,Over
5,talk,120,10,3,Over
5,talk,121,11,5,Over
5,talk,122,11,6,Over
5,talk,123,11,10,Over
5,talk,124,11,13,Over
5,talk,125,11,4,Over
5,talk,126,11,7,Over
5,talk,127,11,9,Skip
5,talk,128,11,3,Over
5,talk,129,11,11,Over
5,talk,130,11,12,Over
5,talk,131,11,14,Over
5,talk,132,12,6,Over
5,talk,133,12,10,Over
5,talk,134,12,5,Over
5,talk,135,12,11,Over
5,talk,136,12,14,Over
5,talk,137,12,12,Over
5,talk,138,12,7,Over
5,talk,139,12,3,Over
5,talk,140,12,4,Over
5,talk,141,12,13,Over
5,talk,142,12,9,Skip
5,talk,143,13,10,Over
5,talk,144,13,14,Over
5,talk,145,13,12,Over
5,talk,146,13,5,Over
5,talk,147,13,4,Over
5,talk,148,13,3,Over
5,talk,149,13,11,Over
5,talk,150,13,9,Over
5,talk,151,13,6,Over
5,talk,152,13,7,Over
5,talk,153,13,13,Over
5,vote,3,5
5,vote,4,5
5,vote,5,12
5,vote,6,5
5,vote,7,5
5,vote,9,5
5,vote,10,5
5,vote,11,5
5,vote,12,5
5,vote,13,6
5,vote,14,5
5,execute,5,WEREWOLF
5,divine,10,13,WEREWOLF
5,guard,4,6,VILLAGER
5,attackVote,13,6
5,attack,6,false
6,status,1,VILLAGER,DEAD,f6wbl6
6,status,2,VILLAGER,DEAD,WolfKing
6,status,3,VILLAGER,ALIVE,WordWolf
6,status,4,BODYGUARD,ALIVE,spicy2
6,status,5,WEREWOLF,DEAD,yskn67
6,status,6,VILLAGER,ALIVE,TRKOkami
6,status,7,MEDIUM,ALIVE,cndl
6,status,8,WEREWOLF,DEAD,Udon
6,status,9,VILLAGER,ALIVE,marky
6,status,10,SEER,ALIVE,Romanesco
6,status,11,VILLAGER,ALIVE,wasabi
6,status,12,VILLAGER,ALIVE,Litt1eGirl
6,status,13,WEREWOLF,ALIVE,sonoda
6,status,14,POSSESSED,ALIVE,cash
6,status,15,VILLAGER,DEAD,Serval
6,talk,0,0,9,VOTE Agent[04]
6,talk,1,0,4,VOTE Agent[13]
6,talk,2,0,11,ESTIMATE Agent[06] VILLAGER
6,talk,3,0,3,VOTE Agent[09]
6,talk,4,0,14,DIVINED Agent[06] HUMAN
6,talk,5,0,7,IDENTIFIED Agent[05] WEREWOLF
6,talk,6,0,6,Over
6,talk,7,0,12,VOTE Agent[13]
6,talk,8,0,10,DIVINED Agent[13] WEREWOLF
6,talk,9,0,13,VOTE Agent[12]
6,talk,10,1,6,Over
6,talk,11,1,4,Skip
6,talk,12,1,11,Skip
6,talk,13,1,13,VOTE Agent[07]
6,talk,14,1,14,VOTE Agent[13]
6,talk,15,1,7,VOTE Agent[13]
6,talk,16,1,10,VOTE Agent[13]
6,talk,17,1,3,Skip
6,talk,18,1,9,VOTE Agent[13]
6,talk,19,1,12,Over
6,talk,20,2,4,Skip
6,talk,21,2,9,Skip
6,talk,22,2,12,Over
6,talk,23,2,6,VOTE Agent[13]
6,talk,24,2,7,ESTIMATE Agent[13] WEREWOLF
6,talk,25,2,11,ESTIMATE Agent[06] VILLAGER
6,talk,26,2,3,Skip
6,talk,27,2,13,Skip
6,talk,28,2,10,Skip
6,talk,29,2,14,VOTE Agent[07]
6,talk,30,3,6,Over
6,talk,31,3,14,Skip
6,talk,32,3,13,Skip
6,talk,33,3,9,Skip
6,talk,34,3,3,Over
6,talk,35,3,4,Over
6,talk,36,3,11,VOTE Agent[13]
6,talk,37,3,10,Skip
6,talk,38,3,12,ESTIMATE Agent[13] WEREWOLF
6,talk,39,3,7,Skip
6,talk,40,4,3,VOTE Agent[13]
6,talk,41,4,6,Skip
6,talk,42,4,10,Over
6,talk,43,4,7,Skip
6,talk,44,4,14,VOTE Agent[13]
6,talk,45,4,9,Over
6,talk,46,4,13,Over
6,talk,47,4,4,Over
6,talk,48,4,11,ESTIMATE Agent[10] SEER
6,talk,49,4,12,ESTIMATE Agent[13] WEREWOLF
6,talk,50,5,9,Over
6,talk,51,5,12,Over
6,talk,52,5,3,Skip
6,talk,53,5,11,ESTIMATE Agent[14] WEREWOLF
6,talk,54,5,4,Over
6,talk,55,5,13,Over
6,talk,56,5,6,Over
6,talk,57,5,10,Over
6,talk,58,5,14,Skip
6,talk,59,5,7,Over
6,talk,60,6,9,Over
6,talk,61,6,6,Over
6,talk,62,6,7,Over
6,talk,63,6,3,Skip
6,talk,64,6,14,Skip
6,talk,65,6,12,Over
6,talk,66,6,10,Over
6,talk,67,6,11,ESTIMATE Agent[12] VILLAGER
6,talk,68,6,4,Over
6,talk,69,6,13,Over
6,talk,70,7,4,Over
6,talk,71,7,9,Over
6,talk,72,7,12,ESTIMATE Agent[11] VILLAGER
6,talk,73,7,3,Over
6,talk,74,7,10,Over
6,talk,75,7,13,Over
6,talk,76,7,14,Over
6,talk,77,7,7,Over
6,talk,78,7,11,REQUEST(VOTE Agent[13])
6,talk,79,7,6,Over
6,talk,80,8,12,Over
6,talk,81,8,11,ESTIMATE Agent[07] MEDIUM
6,talk,82,8,3,Over
6,talk,83,8,14,VOTE Agent[07]
6,talk,84,8,13,Over
6,talk,85,8,7,Over
6,talk,86,8,4,Over
6,talk,87,8,10,Over
6,talk,88,8,6,Over
6,talk,89,8,9,Over
6,talk,90,9,9,Over
6,talk,91,9,7,Over
6,talk,92,9,13,Over
6,talk,93,9,6,Over
6,talk,94,9,3,Over
6,talk,95,9,4,Over
6,talk,96,9,12,Over
6,talk,97,9,11,Over
6,talk,98,9,14,Skip
6,talk,99,9,10,Over
6,talk,100,10,14,Over
6,talk,101,10,11,Over
6,talk,102,10,10,Over
6,talk,103,10,3,Over
6,talk,104,10,6,Over
6,talk,105,10,9,Over
6,talk,106,10,13,Over
6,talk,107,10,12,Over
6,talk,108,10,4,Over
6,talk,109,10,7,Over
6,vote,3,13
6,vote,4,13
6,vote,6,13
6,vote,7,13
6,vote,9,13
6,vote,10,13
6,vote,11,13
6,vote,12,13
6,vote,13,7
6,vote,14,7
6,execute,13,WEREWOLF
6,divine,10,6,HUMAN
6,guard,4,14,POSSESSED
7,status,1,VILLAGER,DEAD,f6wbl6
7,status,2,VILLAGER,DEAD,WolfKing
7,status,3,VILLAGER,ALIVE,WordWolf
7,status,4,BODYGUARD,ALIVE,spicy2
7,status,5,WEREWOLF,DEAD,yskn67
7,status,6,VILLAGER,ALIVE,TRKOkami
7,status,7,MEDIUM,ALIVE,cndl
7,status,8,WEREWOLF,DEAD,Udon
7,status,9,VILLAGER,ALIVE,marky
7,status,10,SEER,ALIVE,Romanesco
7,status,11,VILLAGER,ALIVE,wasabi
7,status,12,VILLAGER,ALIVE,Litt1eGirl
7,status,13,WEREWOLF,DEAD,sonoda
7,status,14,POSSESSED,ALIVE,cash
7,status,15,VILLAGER,DEAD,Serval
7,result,9,0,VILLAGER
