0,status,1,VILLAGER,ALIVE,f6wbl6
0,status,2,VILLAGER,ALIVE,WolfKing
0,status,3,VILLAGER,ALIVE,WordWolf
0,status,4,MEDIUM,ALIVE,spicy2
0,status,5,POSSESSED,ALIVE,yskn67
0,status,6,SEER,ALIVE,TRKOkami
0,status,7,VILLAGER,ALIVE,cndl
0,status,8,VILLAGER,ALIVE,Udon
0,status,9,WEREWOLF,ALIVE,marky
0,status,10,VILLAGER,ALIVE,Romanesco
0,status,11,WEREWOLF,ALIVE,wasabi
0,status,12,BODYGUARD,ALIVE,Litt1eGirl
0,status,13,VILLAGER,ALIVE,sonoda
0,status,14,VILLAGER,ALIVE,cash
0,status,15,WEREWOLF,ALIVE,Serval
0,whisper,0,0,15,COMINGOUT Agent[15] VILLAGER
0,whisper,1,0,9,COMINGOUT Agent[09] VILLAGER
0,whisper,2,0,11,ATTACK Agent[07]
0,whisper,3,1,15,Over
0,whisper,4,1,11,Over
0,whisper,5,1,9,Skip
0,whisper,6,2,15,Over
0,whisper,7,2,11,ATTACK Agent[08]
0,whisper,8,2,9,Skip
0,whisper,9,3,9,Over
0,whisper,10,3,11,Over
0,whisper,11,3,15,Over
0,divine,6,9,WEREWOLF
1,status,1,VILLAGER,ALIVE,f6wbl6
1,status,2,VILLAGER,ALIVE,WolfKing
1,status,3,VILLAGER,ALIVE,WordWolf
1,status,4,MEDIUM,ALIVE,spicy2
1,status,5,POSSESSED,ALIVE,yskn67
1,status,6,SEER,ALIVE,TRKOkami
1,status,7,VILLAGER,ALIVE,cndl
1,status,8,VILLAGER,ALIVE,Udon
1,status,9,WEREWOLF,ALIVE,marky
1,status,10,VILLAGER,ALIVE,Romanesco
1,status,11,WEREWOLF,ALIVE,wasabi
1,status,12,BODYGUARD,ALIVE,Litt1eGirl
1,status,13,VILLAGER,ALIVE,sonoda
1,status,14,VILLAGER,ALIVE,cash
1,status,15,WEREWOLF,ALIVE,Serval
1,talk,0,0,11,ESTIMATE Agent[10] VILLAGER
1,talk,1,0,8,VOTE Agent[02]
1,talk,2,0,14,VOTE Agent[02]
1,talk,3,0,1,VOTE Agent[12]
1,talk,4,0,9,VOTE Agent[12]
1,talk,5,0,12,VOTE Agent[09]
1,talk,6,0,5,COMINGOUT Agent[05] SEER
1,talk,7,0,10,VOTE Agent[12]
1,talk,8,0,13,VOTE Agent[01]
1,talk,9,0,7,VOTE Agent[12]
1,talk,10,0,3,VOTE Agent[01]
1,talk,11,0,6,COMINGOUT Agent[06] SEER
1,talk,12,0,4,COMINGOUT Agent[04] MEDIUM
1,talk,13,0,2,VOTE Agent[12]
1,talk,14,0,15,Skip
1,talk,15,1,9,Skip
1,talk,16,1,1,VOTE Agent[11]
1,talk,17,1,13,Skip
1,talk,18,1,6,DIVINED Agent[09] WEREWOLF
1,talk,19,1,15,AGREE TALK day1 ID:0
1,talk,20,1,2,VOTE Agent[11]
1,talk,21,1,11,Skip
1,talk,22,1,14,VOTE Agent[15]
1,talk,23,1,7,VOTE Agent[13]
1,talk,24,1,4,VOTE Agent[01]
1,talk,25,1,3,Skip
1,talk,26,1,10,VOTE Agent[14]
1,talk,27,1,8,VOTE Agent[12]
1,talk,28,1,5,DIVINED Agent[07] HUMAN
1,talk,29,1,12,VOTE Agent[02]
1,talk,30,2,8,VOTE Agent[09]
1,talk,31,2,4,VOTE Agent[09]
1,talk,32,2,5,ESTIMATE Agent[01] WEREWOLF
1,talk,33,2,2,VOTE Agent[12]
1,talk,34,2,15,Over
1,talk,35,2,14,Skip
1,talk,36,2,13,VOTE Agent[09]
1,talk,37,2,12,VOTE Agent[01]
1,talk,38,2,1,VOTE Agent[09]
1,talk,39,2,9,VOTE Agent[01]
1,talk,40,2,3,VOTE Agent[12]
1,talk,41,2,6,VOTE Agent[09]
1,talk,42,2,7,VOTE Agent[12]
1,talk,43,2,10,VOTE Agent[11]
1,talk,44,2,11,ESTIMATE Agent[09] WEREWOLF
1,talk,45,3,4,Skip
1,talk,46,3,1,Skip
1,talk,47,3,5,VOTE Agent[01]
1,talk,48,3,14,Skip
1,talk,49,3,9,VOTE Agent[12]
1,talk,50,3,12,VOTE Agent[09]
1,talk,51,3,11,VOTE Agent[09]
1,talk,52,3,6,AGREE TALK day1 ID:43
1,talk,53,3,13,Skip
1,talk,54,3,2,VOTE Agent[09]
1,talk,55,3,3,VOTE Agent[07]
1,talk,56,3,15,VOTE Agent[09]
1,talk,57,3,8,Over
1,talk,58,3,7,VOTE Agent[09]
1,talk,59,3,10,VOTE Agent[09]
1,talk,60,4,5,Skip
1,talk,61,4,2,Skip
1,talk,62,4,14,VOTE Agent[04]
1,talk,63,4,11,ESTIMATE Agent[06] WEREWOLF
1,talk,64,4,8,Over
1,talk,65,4,13,Skip
1,talk,66,4,7,Skip
1,talk,67,4,1,Skip
1,talk,68,4,4,Skip
1,talk,69,4,10,Skip
1,talk,70,4,15,Over
1,talk,71,4,6,Over
1,talk,72,4,12,Over
1,talk,73,4,9,VOTE Agent[07]
1,talk,74,4,3,VOTE Agent[09]
1,talk,75,5,3,Skip
1,talk,76,5,7,Skip
1,talk,77,5,6,Over
1,talk,78,5,9,Skip
1,talk,79,5,13,Over
1,talk,80,5,4,Over
1,talk,81,5,10,Skip
1,talk,82,5,15,Over
1,talk,83,5,8,Over
1,talk,84,5,12,Over
1,talk,85,5,11,ESTIMATE Agent[09] WEREWOLF
1,talk,86,5,2,Skip
1,talk,87,5,1,Over
1,talk,88,5,14,Skip
1,talk,89,5,5,Skip
1,talk,90,6,5,Over
1,talk,91,6,10,Over
1,talk,92,6,4,Over
1,talk,93,6,3,Skip
1,talk,94,6,7,Over
1,talk,95,6,13,Over
1,talk,96,6,11,Skip
1,talk,97,6,9,Skip
1,talk,98,6,2,Over
1,talk,99,6,12,Over
1,talk,100,6,15,Over
1,talk,101,6,14,Skip
1,talk,102,6,1,Over
1,talk,103,6,8,Over
1,talk,104,6,6,Over
1,talk,105,7,12,Over
1,talk,106,7,3,Over
1,talk,107,7,1,Over
1,talk,108,7,8,Over
1,talk,109,7,6,Over
1,talk,110,7,13,Over
1,talk,111,7,14,Over
1,talk,112,7,10,Over
1,talk,113,7,7,Over
1,talk,114,7,15,Over
1,talk,115,7,5,Over
1,talk,116,7,4,Over
1,talk,117,7,2,Over
1,talk,118,7,11,REQUEST(VOTE Agent[09])
1,talk,119,7,9,Over
1,talk,120,8,1,Over
1,talk,121,8,8,Over
1,talk,122,8,14,Over
1,talk,123,8,2,Over
1,talk,124,8,3,Over
1,talk,125,8,5,Over
1,talk,126,8,4,Over
1,talk,127,8,11,ESTIMATE Agent[09] WEREWOLF
1,talk,128,8,7,Over
1,talk,129,8,10,Over
1,talk,130,8,13,Over
1,talk,131,8,9,Over
1,talk,132,8,12,ESTIMATE Agent[10] VILLAGER
1,talk,133,8,15,Over
1,talk,134,8,6,Over
1,talk,135,9,10,Over
1,talk,136,9,4,Over
1,talk,137,9,14,Over
1,talk,138,9,7,Over
1,talk,139,9,3,Over
1,talk,140,9,6,Over
1,talk,141,9,13,Over
1,talk,142,9,15,Over
1,talk,143,9,12,Over
1,talk,144,9,1,Over
1,talk,145,9,11,Over
1,talk,146,9,8,Over
1,talk,147,9,9,Over
1,talk,148,9,5,Over
1,talk,149,9,2,Over
1,vote,1,9
1,vote,2,9
1,vote,3,9
1,vote,4,9
1,vote,5,1
1,vote,6,9
1,vote,7,9
1,vote,8,9
1,vote,9,7
1,vote,10,9
1,vote,11,9
1,vote,12,9
1,vote,13,9
1,vote,14,4
1,vote,15,9
1,execute,9,WEREWOLF
1,divine,6,8,HUMAN
1,whisper,0,0,11,Over
1,whisper,1,0,15,ESTIMATE Agent[12] POSSESSED
1,whisper,2,1,11,ATTACK Agent[06]
1,whisper,3,1,15,ESTIMATE Agent[06] SEER
1,whisper,4,2,11,Over
1,whisper,5,2,15,ATTACK Agent[06]
1,whisper,6,3,15,Over
1,whisper,7,3,11,Over
1,guard,12,5,POSSESSED
1,attackVote,11,6
1,attackVote,15,6
1,attack,6,true
2,status,1,VILLAGER,ALIVE,f6wbl6
2,status,2,VILLAGER,ALIVE,WolfKing
2,status,3,VILLAGER,ALIVE,WordWolf
2,status,4,MEDIUM,ALIVE,spicy2
2,status,5,POSSESSED,ALIVE,yskn67
2,status,6,SEER,DEAD,TRKOkami
2,status,7,VILLAGER,ALIVE,cndl
2,status,8,VILLAGER,ALIVE,Udon
2,status,9,WEREWOLF,DEAD,marky
2,status,10,VILLAGER,ALIVE,Romanesco
2,status,11,WEREWOLF,ALIVE,wasabi
2,status,12,BODYGUARD,ALIVE,Litt1eGirl
2,status,13,VILLAGER,ALIVE,sonoda
2,status,14,VILLAGER,ALIVE,cash
2,status,15,WEREWOLF,ALIVE,Serval
2,talk,0,0,8,VOTE Agent[14]
2,talk,1,0,12,VOTE Agent[03]
2,talk,2,0,11,ESTIMATE Agent[05] WEREWOLF
2,talk,3,0,3,VOTE Agent[07]
2,talk,4,0,2,VOTE Agent[14]
2,talk,5,0,14,VOTE Agent[04]
2,talk,6,0,10,VOTE Agent[14]
2,talk,7,0,5,DIVINED Agent[14] HUMAN
2,talk,8,0,15,Skip
2,talk,9,0,4,IDENTIFIED Agent[09] WEREWOLF
2,talk,10,0,13,VOTE Agent[14]
2,talk,11,0,1,VOTE Agent[14]
2,talk,12,0,7,VOTE Agent[14]
2,talk,13,1,4,VOTE Agent[14]
2,talk,14,1,10,Skip
2,talk,15,1,13,Skip
2,talk,16,1,5,ESTIMATE Agent[08] WEREWOLF
2,talk,17,1,12,VOTE Agent[14]
2,talk,18,1,11,Skip
2,talk,19,1,2,Skip
2,talk,20,1,7,ESTIMATE Agent[08] VILLAGER
2,talk,21,1,3,Skip
2,talk,22,1,8,Over
2,talk,23,1,15,AGREE TALK day1 ID:0
2,talk,24,1,1,Skip
2,talk,25,1,14,VOTE Agent[05]
2,talk,26,2,7,Skip
2,talk,27,2,3,VOTE Agent[14]
2,talk,28,2,11,Skip
2,talk,29,2,8,Over
2,talk,30,2,12,ESTIMATE Agent[10] VILLAGER
2,talk,31,2,14,VOTE Agent[04]
2,talk,32,2,5,VOTE Agent[08]
2,talk,33,2,13,Skip
2,talk,34,2,15,Over
2,talk,35,2,2,Skip
2,talk,36,2,1,Skip
2,talk,37,2,4,Skip
2,talk,38,2,10,Skip
2,talk,39,3,8,Over
2,talk,40,3,7,Skip
2,talk,41,3,4,Skip
2,talk,42,3,15,Over
2,talk,43,3,2,Over
2,talk,44,3,3,Skip
2,talk,45,3,11,VOTE Agent[08]
2,talk,46,3,10,Over
2,talk,47,3,5,Skip
2,talk,48,3,12,Over
2,talk,49,3,14,Skip
2,talk,50,3,13,Over
2,talk,51,3,1,Over
2,talk,52,4,3,Skip
2,talk,53,4,4,Over
2,talk,54,4,12,Over
2,talk,55,4,10,Over
2,talk,56,4,11,VOTE Agent[02]
2,talk,57,4,8,Over
2,talk,58,4,5,Skip
2,talk,59,4,15,Over
2,talk,60,4,7,Over
2,talk,61,4,2,Over
2,talk,62,4,1,Over
2,talk,63,4,13,Over
2,talk,64,4,14,Skip
2,talk,65,5,7,Over
2,talk,66,5,12,REQUEST(Agent[05] DIVINATION Agent[14])
2,talk,67,5,15,Over
2,talk,68,5,3,Over
2,talk,69,5,10,Over
2,talk,70,5,14,Over
2,talk,71,5,1,Over
2,talk,72,5,8,Over
2,talk,73,5,2,Over
2,talk,74,5,4,Over
2,talk,75,5,5,Over
2,talk,76,5,13,Over
2,talk,77,5,11,VOTE Agent[12]
2,talk,78,6,2,Over
2,talk,79,6,11,ESTIMATE Agent[05] WEREWOLF
2,talk,80,6,14,Over
2,talk,81,6,7,Over
2,talk,82,6,13,Over
2,talk,83,6,15,Over
2,talk,84,6,4,Over
2,talk,85,6,8,Over
2,talk,86,6,3,Over
2,talk,87,6,5,Over
2,talk,88,6,1,Over
2,talk,89,6,12,Over
2,talk,90,6,10,Over
2,talk,91,7,7,Over
2,talk,92,7,8,Over
2,talk,93,7,11,ESTIMATE Agent[13] WEREWOLF
2,talk,94,7,14,Over
2,talk,95,7,4,Over
2,talk,96,7,15,Over
2,talk,97,7,13,Over
2,talk,98,7,1,Over
2,talk,99,7,12,Over
2,talk,100,7,2,Over
2,talk,101,7,10,Over
2,talk,102,7,5,Over
2,talk,103,7,3,Over
2,talk,104,8,11,VOTE Agent[01]
2,talk,105,8,7,Over
2,talk,106,8,1,Over
2,talk,107,8,14,Over
2,talk,108,8,10,Over
2,talk,109,8,12,Over
2,talk,110,8,5,Over
2,talk,111,8,8,Over
2,talk,112,8,13,Over
2,talk,113,8,3,Over
2,talk,114,8,2,Over
2,talk,115,8,4,Over
2,talk,116,8,15,Over
2,talk,117,9,4,Over
2,talk,118,9,12,Over
2,talk,119,9,1,Over
2,talk,120,9,3,Over
2,talk,121,9,8,Over
2,talk,122,9,2,Over
2,talk,123,9,14,Over
2,talk,124,9,15,Over
2,talk,125,9,13,Over
2,talk,126,9,7,Over
2,talk,127,9,5,Over
2,talk,128,9,11,Over
2,talk,129,9,10,Over
2,vote,1,14
2,vote,2,14
2,vote,3,14
2,vote,4,14
2,vote,5,8
2,vote,7,14
2,vote,8,14
2,vote,10,14
2,vote,11,1
2,vote,12,14
2,vote,13,14
2,vote,14,4
2,vote,15,2
2,execute,14,VILLAGER
2,whisper,0,0,11,ATTACK Agent[04]
2,whisper,1,0,15,ESTIMATE Agent[12] POSSESSED
2,whisper,2,1,15,ESTIMATE Agent[05] SEER
2,whisper,3,1,11,Over
2,whisper,4,2,11,ATTACK Agent[07]
2,whisper,5,2,15,ATTACK Agent[05]
2,whisper,6,3,15,Over
2,whisper,7,3,11,Over
2,guard,12,5,POSSESSED
2,attackVote,11,7
2,attackVote,15,5
2,attackVote,11,4
2,attackVote,15,5
2,attack,5,false
3,status,1,VILLAGER,ALIVE,f6wbl6
3,status,2,VILLAGER,ALIVE,WolfKing
3,status,3,VILLAGER,ALIVE,WordWolf
3,status,4,MEDIUM,ALIVE,spicy2
3,status,5,POSSESSED,ALIVE,yskn67
3,status,6,SEER,DEAD,TRKOkami
3,status,7,VILLAGER,ALIVE,cndl
3,status,8,VILLAGER,ALIVE,Udon
3,status,9,WEREWOLF,DEAD,marky
3,status,10,VILLAGER,ALIVE,Romanesco
3,status,11,WEREWOLF,ALIVE,wasabi
3,status,12,BODYGUARD,ALIVE,Litt1eGirl
3,status,13,VILLAGER,ALIVE,sonoda
3,status,14,VILLAGER,DEAD,cash
3,status,15,WEREWOLF,ALIVE,Serval
3,talk,0,0,5,DIVINED Agent[05] HUMAN
3,talk,1,0,1,VOTE Agent[15]
3,talk,2,0,15,Skip
3,talk,3,0,12,VOTE Agent[10]
3,talk,4,0,10,VOTE Agent[13]
3,talk,5,0,3,VOTE Agent[15]
3,talk,6,0,8,VOTE Agent[05]
3,talk,7,0,4,IDENTIFIED Agent[14] HUMAN
3,talk,8,0,7,VOTE Agent[13]
3,talk,9,0,13,VOTE Agent[05]
3,talk,10,0,2,VOTE Agent[13]
3,talk,11,0,11,ESTIMATE Agent[08] WEREWOLF
3,talk,12,1,3,VOTE Agent[07]
3,talk,13,1,13,VOTE Agent[03]
3,talk,14,1,15,VOTE Agent[13]
3,talk,15,1,5,ESTIMATE Agent[10] WEREWOLF
3,talk,16,1,11,Skip
3,talk,17,1,10,Skip
3,talk,18,1,8,VOTE Agent[13]
3,talk,19,1,12,VOTE Agent[13]
3,talk,20,1,4,VOTE Agent[05]
3,talk,21,1,2,VOTE Agent[15]
3,talk,22,1,7,ESTIMATE Agent[05] POSSESSED
3,talk,23,1,1,Skip
3,talk,24,2,13,Skip
3,talk,25,2,15,Over
3,talk,26,2,7,Skip
3,talk,27,2,2,VOTE Agent[11]
3,talk,28,2,1,Skip
3,talk,29,2,8,VOTE Agent[15]
3,talk,30,2,11,ESTIMATE Agent[12] WEREWOLF
3,talk,31,2,10,Skip
3,talk,32,2,12,ESTIMATE Agent[10] VILLAGER
3,talk,33,2,5,VOTE Agent[10]
3,talk,34,2,4,Skip
3,talk,35,2,3,Skip
3,talk,36,3,12,ESTIMATE Agent[10] VILLAGER
3,talk,37,3,7,Skip
3,talk,38,3,15,Over
3,talk,39,3,11,VOTE Agent[03]
3,talk,40,3,4,Skip
3,talk,41,3,8,VOTE Agent[13]
3,talk,42,3,3,Skip
3,talk,43,3,13,Skip
3,talk,44,3,1,Over
3,talk,45,3,5,Skip
3,talk,46,3,2,VOTE Agent[08]
3,talk,47,3,10,Over
3,talk,48,4,4,Over
3,talk,49,4,5,Skip
3,talk,50,4,11,VOTE Agent[15]
3,talk,51,4,13,Over
3,talk,52,4,1,Over
3,talk,53,4,3,VOTE Agent[13]
3,talk,54,4,10,Over
3,talk,55,4,15,Over
3,talk,56,4,2,VOTE Agent[11]
3,talk,57,4,8,VOTE Agent[11]
3,talk,58,4,7,Over
3,talk,59,4,12,ESTIMATE Agent[10] VILLAGER
3,talk,60,5,7,Over
3,talk,61,5,2,Skip
3,talk,62,5,5,Over
3,talk,63,5,12,REQUEST(Agent[05] DIVINATION Agent[13])
3,talk,64,5,3,Skip
3,talk,65,5,15,Over
3,talk,66,5,8,VOTE Agent[13]
3,talk,67,5,10,Over
3,talk,68,5,11,VOTE Agent[13]
3,talk,69,5,13,Over
3,talk,70,5,4,Over
3,talk,71,5,1,Over
3,talk,72,6,3,Skip
3,talk,73,6,10,Over
3,talk,74,6,7,Over
3,talk,75,6,4,Over
3,talk,76,6,1,Over
3,talk,77,6,12,Over
3,talk,78,6,8,VOTE Agent[11]
3,talk,79,6,5,Over
3,talk,80,6,2,Skip
3,talk,81,6,13,Over
3,talk,82,6,11,VOTE Agent[15]
3,talk,83,6,15,Over
3,talk,84,7,5,Over
3,talk,85,7,8,Over
3,talk,86,7,3,Over
3,talk,87,7,2,Over
3,talk,88,7,15,Over
3,talk,89,7,4,Over
3,talk,90,7,1,Over
3,talk,91,7,13,Over
3,talk,92,7,12,Over
3,talk,93,7,10,Over
3,talk,94,7,7,Over
3,talk,95,7,11,Skip
3,talk,96,8,10,Over
3,talk,97,8,15,Over
3,talk,98,8,3,Over
3,talk,99,8,11,Skip
3,talk,100,8,13,Over
3,talk,101,8,8,Over
3,talk,102,8,7,Over
3,talk,103,8,1,Over
3,talk,104,8,5,Over
3,talk,105,8,12,Over
3,talk,106,8,2,Over
3,talk,107,8,4,Over
3,talk,108,9,2,Over
3,talk,109,9,8,Over
3,talk,110,9,7,Over
3,talk,111,9,11,Over
3,talk,112,9,15,Over
3,talk,113,9,4,Over
3,talk,114,9,3,Over
3,talk,115,9,1,Over
3,talk,116,9,13,Over
3,talk,117,9,12,ESTIMATE Agent[10] VILLAGER
3,talk,118,9,10,Over
3,talk,119,9,5,Over
3,talk,120,10,3,Over
3,talk,121,10,2,Over
3,talk,122,10,8,Over
3,talk,123,10,13,Over
3,talk,124,10,5,Over
3,talk,125,10,4,Over
3,talk,126,10,11,Over
3,talk,127,10,7,Over
3,talk,128,10,1,Over
3,talk,129,10,10,Over
3,talk,130,10,15,Over
3,talk,131,10,12,Over
3,vote,1,15
3,vote,2,11
3,vote,3,13
3,vote,4,5
3,vote,5,10
3,vote,7,13
3,vote,8,11
3,vote,10,13
3,vote,11,15
3,vote,12,13
3,vote,13,3
3,vote,15,3
3,execute,13,VILLAGER
3,whisper,0,0,11,ATTACK Agent[07]
3,whisper,1,0,15,ESTIMATE Agent[12] POSSESSED
3,whisper,2,1,11,Over
3,whisper,3,1,15,ESTIMATE Agent[07] SEER
3,whisper,4,2,15,ATTACK Agent[07]
3,whisper,5,2,11,Over
3,whisper,6,3,15,Over
3,whisper,7,3,11,Over
3,guard,12,5,POSSESSED
3,attackVote,11,7
3,attackVote,15,7
3,attack,7,true
4,status,1,VILLAGER,ALIVE,f6wbl6
4,status,2,VILLAGER,ALIVE,WolfKing
4,status,3,VILLAGER,ALIVE,WordWolf
4,status,4,MEDIUM,ALIVE,spicy2
4,status,5,POSSESSED,ALIVE,yskn67
4,status,6,SEER,DEAD,TRKOkami
4,status,7,VILLAGER,DEAD,cndl
4,status,8,VILLAGER,ALIVE,Udon
4,status,9,WEREWOLF,DEAD,marky
4,status,10,VILLAGER,ALIVE,Romanesco
4,status,11,WEREWOLF,ALIVE,wasabi
4,status,12,BODYGUARD,ALIVE,Litt1eGirl
4,status,13,VILLAGER,DEAD,sonoda
4,status,14,VILLAGER,DEAD,cash
4,status,15,WEREWOLF,ALIVE,Serval
4,talk,0,0,10,VOTE Agent[08]
4,talk,1,0,15,Skip
4,talk,2,0,1,VOTE Agent[02]
4,talk,3,0,8,VOTE Agent[11]
4,talk,4,0,2,VOTE Agent[11]
4,talk,5,0,5,DIVINED Agent[05] HUMAN
4,talk,6,0,11,Skip
4,talk,7,0,4,IDENTIFIED Agent[13] HUMAN
4,talk,8,0,12,VOTE Agent[03]
4,talk,9,0,3,VOTE Agent[08]
4,talk,10,1,11,ESTIMATE Agent[12] WEREWOLF
4,talk,11,1,8,Over
4,talk,12,1,3,Skip
4,talk,13,1,4,VOTE Agent[05]
4,talk,14,1,5,ESTIMATE Agent[12] WEREWOLF
4,talk,15,1,2,VOTE Agent[08]
4,talk,16,1,1,VOTE Agent[08]
4,talk,17,1,12,VOTE Agent[08]
4,talk,18,1,10,Skip
4,talk,19,1,15,AGREE TALK day1 ID:1
4,talk,20,2,15,Over
4,talk,21,2,10,Skip
4,talk,22,2,5,VOTE Agent[12]
4,talk,23,2,11,ESTIMATE Agent[05] WEREWOLF
4,talk,24,2,12,REQUEST(Agent[05] DIVINATION Agent[08])
4,talk,25,2,8,Over
4,talk,26,2,4,Skip
4,talk,27,2,3,Skip
4,talk,28,2,2,Skip
4,talk,29,2,1,Skip
4,talk,30,3,12,Over
4,talk,31,3,8,Over
4,talk,32,3,3,Over
4,talk,33,3,10,Over
4,talk,34,3,1,Skip
4,talk,35,3,2,Skip
4,talk,36,3,5,Skip
4,talk,37,3,15,Over
4,talk,38,3,11,VOTE Agent[15]
4,talk,39,3,4,Skip
4,talk,40,4,4,Over
4,talk,41,4,15,Over
4,talk,42,4,2,Over
4,talk,43,4,1,Over
4,talk,44,4,8,Over
4,talk,45,4,10,Over
4,talk,46,4,11,Skip
4,talk,47,4,3,Over
4,talk,48,4,5,Skip
4,talk,49,4,12,Over
4,talk,50,5,3,Over
4,talk,51,5,2,Over
4,talk,52,5,15,Over
4,talk,53,5,5,Over
4,talk,54,5,10,Over
4,talk,55,5,11,ESTIMATE Agent[05] WEREWOLF
4,talk,56,5,8,Over
4,talk,57,5,12,Over
4,talk,58,5,1,Over
4,talk,59,5,4,Over
4,talk,60,6,11,Skip
4,talk,61,6,12,Over
4,talk,62,6,8,VOTE Agent[10]
4,talk,63,6,3,Over
4,talk,64,6,1,Over
4,talk,65,6,5,Over
4,talk,66,6,10,Over
4,talk,67,6,15,Over
4,talk,68,6,4,Over
4,talk,69,6,2,Over
4,talk,70,7,10,Over
4,talk,71,7,4,Over
4,talk,72,7,12,Over
4,talk,73,7,5,Over
4,talk,74,7,8,Over
4,talk,75,7,11,Skip
4,talk,76,7,2,Over
4,talk,77,7,1,Over
4,talk,78,7,3,Over
4,talk,79,7,15,Over
4,talk,80,8,5,Over
4,talk,81,8,3,Over
4,talk,82,8,8,Over
4,talk,83,8,1,Over
4,talk,84,8,10,Over
4,talk,85,8,11,VOTE Agent[08]
4,talk,86,8,4,Over
4,talk,87,8,15,Over
4,talk,88,8,2,Over
4,talk,89,8,12,ESTIMATE Agent[08] WEREWOLF
4,talk,90,9,2,Over
4,talk,91,9,8,Over
4,talk,92,9,5,Over
4,talk,93,9,3,Over
4,talk,94,9,12,Over
4,talk,95,9,4,Over
4,talk,96,9,1,Over
4,talk,97,9,11,Over
4,talk,98,9,15,Over
4,talk,99,9,10,Over
4,vote,1,8
4,vote,2,8
4,vote,3,8
4,vote,4,5
4,vote,5,12
4,vote,8,10
4,vote,10,8
4,vote,11,8
4,vote,12,8
4,vote,15,3
4,execute,8,VILLAGER
4,whisper,0,0,11,Over
4,whisper,1,0,15,ESTIMATE Agent[12] POSSESSED
4,whisper,2,1,15,ESTIMATE Agent[05] SEER
4,whisper,3,1,11,Over
4,whisper,4,2,15,ATTACK Agent[05]
4,whisper,5,2,11,ATTACK Agent[04]
4,whisper,6,3,11,Over
4,whisper,7,3,15,Over
4,guard,12,5,POSSESSED
4,attackVote,11,4
4,attackVote,15,5
4,attackVote,11,4
4,attackVote,15,5
4,attack,4,true
5,status,1,VILLAGER,ALIVE,f6wbl6
5,status,2,VILLAGER,ALIVE,WolfKing
5,status,3,VILLAGER,ALIVE,WordWolf
5,status,4,MEDIUM,DEAD,spicy2
5,status,5,POSSESSED,ALIVE,yskn67
5,status,6,SEER,DEAD,TRKOkami
5,status,7,VILLAGER,DEAD,cndl
5,status,8,VILLAGER,DEAD,Udon
5,status,9,WEREWOLF,DEAD,marky
5,status,10,VILLAGER,ALIVE,Romanesco
5,status,11,WEREWOLF,ALIVE,wasabi
5,status,12,BODYGUARD,ALIVE,Litt1eGirl
5,status,13,VILLAGER,DEAD,sonoda
5,status,14,VILLAGER,DEAD,cash
5,status,15,WEREWOLF,ALIVE,Serval
5,talk,0,0,10,VOTE Agent[03]
5,talk,1,0,1,VOTE Agent[05]
5,talk,2,0,5,DIVINED Agent[05] HUMAN
5,talk,3,0,3,VOTE Agent[02]
5,talk,4,0,11,ESTIMATE Agent[05] WEREWOLF
5,talk,5,0,15,Skip
5,talk,6,0,12,VOTE Agent[02]
5,talk,7,0,2,VOTE Agent[11]
5,talk,8,1,2,VOTE Agent[05]
5,talk,9,1,10,VOTE Agent[02]
5,talk,10,1,12,REQUEST(Agent[05] DIVINATION Agent[02])
5,talk,11,1,3,Skip
5,talk,12,1,5,ESTIMATE Agent[12] WEREWOLF
5,talk,13,1,15,AGREE TALK day1 ID:2
5,talk,14,1,1,VOTE Agent[02]
5,talk,15,1,11,Skip
5,talk,16,2,11,ESTIMATE Agent[05] WEREWOLF
5,talk,17,2,10,VOTE Agent[12]
5,talk,18,2,5,VOTE Agent[12]
5,talk,19,2,3,Skip
5,talk,20,2,2,Skip
5,talk,21,2,15,Over
5,talk,22,2,1,Skip
5,talk,23,2,12,Over
5,talk,24,3,1,Skip
5,talk,25,3,5,Skip
5,talk,26,3,10,Skip
5,talk,27,3,12,Over
5,talk,28,3,2,Skip
5,talk,29,3,11,VOTE Agent[02]
5,talk,30,3,15,VOTE Agent[11]
5,talk,31,3,3,Over
5,talk,32,4,11,VOTE Agent[01]
5,talk,33,4,10,VOTE Agent[02]
5,talk,34,4,1,Over
5,talk,35,4,15,Over
5,talk,36,4,2,VOTE Agent[11]
5,talk,37,4,5,Skip
5,talk,38,4,3,Over
5,talk,39,4,12,ESTIMATE Agent[10] VILLAGER
5,talk,40,5,3,Over
5,talk,41,5,1,Over
5,talk,42,5,5,Over
5,talk,43,5,10,Skip
5,talk,44,5,15,Over
5,talk,45,5,12,Over
5,talk,46,5,2,Skip
5,talk,47,5,11,VOTE Agent[12]
5,talk,48,6,11,VOTE Agent[01]
5,talk,49,6,3,Over
5,talk,50,6,15,Over
5,talk,51,6,5,Over
5,talk,52,6,10,VOTE Agent[12]
5,talk,53,6,1,Over
5,talk,54,6,2,Skip
5,talk,55,6,12,Over
5,talk,56,7,11,ESTIMATE Agent[05] WEREWOLF
5,talk,57,7,12,Over
5,talk,58,7,2,VOTE Agent[12]
5,talk,59,7,10,Skip
5,talk,60,7,1,Over
5,talk,61,7,3,Over
5,talk,62,7,15,Over
5,talk,63,7,5,Over
5,talk,64,8,3,Over
5,talk,65,8,1,Over
5,talk,66,8,2,Skip
5,talk,67,8,10,Skip
5,talk,68,8,11,ESTIMATE Agent[02] VILLAGER
5,talk,69,8,15,Over
5,talk,70,8,5,Over
5,talk,71,8,12,Over
5,talk,72,9,15,Over
5,talk,73,9,10,Over
5,talk,74,9,12,Over
5,talk,75,9,1,Over
5,talk,76,9,11,Over
5,talk,77,9,5,Over
5,talk,78,9,3,Over
5,talk,79,9,2,Skip
5,talk,80,10,12,Over
5,talk,81,10,11,Over
5,talk,82,10,3,Over
5,talk,83,10,15,Over
5,talk,84,10,10,Over
5,talk,85,10,1,Over
5,talk,86,10,5,Over
5,talk,87,10,2,Over
5,vote,1,2
5,vote,2,12
5,vote,3,2
5,vote,5,12
5,vote,10,12
5,vote,11,1
5,vote,12,2
5,vote,15,5
5,vote,1,2
5,vote,2,12
5,vote,3,2
5,vote,5,12
5,vote,10,12
5,vote,11,2
5,vote,12,2
5,vote,15,5
5,execute,2,VILLAGER
5,whisper,0,0,11,Over
5,whisper,1,0,15,ESTIMATE Agent[12] POSSESSED
5,whisper,2,1,11,Over
5,whisper,3,1,15,ESTIMATE Agent[05] SEER
5,whisper,4,2,15,ATTACK Agent[05]
5,whisper,5,2,11,ATTACK Agent[03]
5,whisper,6,3,15,Over
5,whisper,7,3,11,Over
5,guard,12,5,POSSESSED
5,attackVote,11,3
5,attackVote,15,5
5,attackVote,11,3
5,attackVote,15,5
5,attack,5,false
6,status,1,VILLAGER,ALIVE,f6wbl6
6,status,2,VILLAGER,DEAD,WolfKing
6,status,3,VILLAGER,ALIVE,WordWolf
6,status,4,MEDIUM,DEAD,spicy2
6,status,5,POSSESSED,ALIVE,yskn67
6,status,6,SEER,DEAD,TRKOkami
6,status,7,VILLAGER,DEAD,cndl
6,status,8,VILLAGER,DEAD,Udon
6,status,9,WEREWOLF,DEAD,marky
6,status,10,VILLAGER,ALIVE,Romanesco
6,status,11,WEREWOLF,ALIVE,wasabi
6,status,12,BODYGUARD,ALIVE,Litt1eGirl
6,status,13,VILLAGER,DEAD,sonoda
6,status,14,VILLAGER,DEAD,cash
6,status,15,WEREWOLF,ALIVE,Serval
6,talk,0,0,3,VOTE Agent[15]
6,talk,1,0,1,VOTE Agent[05]
6,talk,2,0,11,ESTIMATE Agent[05] WEREWOLF
6,talk,3,0,10,VOTE Agent[12]
6,talk,4,0,12,VOTE Agent[03]
6,talk,5,0,5,DIVINED Agent[05] HUMAN
6,talk,6,0,15,Skip
6,talk,7,1,10,Skip
6,talk,8,1,5,ESTIMATE Agent[03] WEREWOLF
6,talk,9,1,3,Skip
6,talk,10,1,11,Skip
6,talk,11,1,15,AGREE TALK day1 ID:2
6,talk,12,1,1,Skip
6,talk,13,1,12,REQUEST(Agent[05] DIVINATION Agent[03])
6,talk,14,2,15,Over
6,talk,15,2,5,VOTE Agent[03]
6,talk,16,2,11,ESTIMATE Agent[12] WEREWOLF
6,talk,17,2,1,Skip
6,talk,18,2,10,Skip
6,talk,19,2,12,Over
6,talk,20,2,3,Skip
6,talk,21,3,15,VOTE Agent[01]
6,talk,22,3,12,Over
6,talk,23,3,5,Skip
6,talk,24,3,10,VOTE Agent[05]
6,talk,25,3,11,VOTE Agent[15]
6,talk,26,3,3,Over
6,talk,27,3,1,VOTE Agent[15]
6,talk,28,4,1,VOTE Agent[05]
6,talk,29,4,12,Over
6,talk,30,4,3,Over
6,talk,31,4,15,COMINGOUT Agent[15] MEDIUM
6,talk,32,4,10,VOTE Agent[03]
6,talk,33,4,11,Skip
6,talk,34,4,5,Skip
6,talk,35,5,12,Over
6,talk,36,5,11,ESTIMATE Agent[03] VILLAGER
6,talk,37,5,10,VOTE Agent[05]
6,talk,38,5,15,IDENTIFIED Agent[09] HUMAN
6,talk,39,5,5,ESTIMATE Agent[15] WEREWOLF
6,talk,40,5,3,Over
6,talk,41,5,1,VOTE Agent[15]
6,talk,42,6,11,ESTIMATE Agent[15] WEREWOLF
6,talk,43,6,12,Over
6,talk,44,6,15,IDENTIFIED Agent[14] HUMAN
6,talk,45,6,10,VOTE Agent[15]
6,talk,46,6,3,Over
6,talk,47,6,5,VOTE Agent[15]
6,talk,48,6,1,VOTE Agent[05]
6,talk,49,7,1,VOTE Agent[15]
6,talk,50,7,10,Skip
6,talk,51,7,12,Over
6,talk,52,7,11,Skip
6,talk,53,7,15,IDENTIFIED Agent[13] HUMAN
6,talk,54,7,5,Skip
6,talk,55,7,3,Over
6,talk,56,8,5,Skip
6,talk,57,8,11,REQUEST(VOTE Agent[15])
6,talk,58,8,10,Skip
6,talk,59,8,3,Over
6,talk,60,8,1,Skip
6,talk,61,8,15,IDENTIFIED Agent[08] WEREWOLF
6,talk,62,8,12,Over
6,talk,63,9,12,Over
6,talk,64,9,3,Over
6,talk,65,9,5,Over
6,talk,66,9,1,Skip
6,talk,67,9,10,Over
6,talk,68,9,15,IDENTIFIED Agent[02] HUMAN
6,talk,69,9,11,Over
6,talk,70,10,1,Over
6,talk,71,10,15,Over
6,talk,72,10,3,Over
6,talk,73,10,5,Over
6,talk,74,10,11,Over
6,talk,75,10,12,Over
6,talk,76,10,10,Over
6,vote,1,15
6,vote,3,15
6,vote,5,15
6,vote,10,15
6,vote,11,15
6,vote,12,3
6,vote,15,5
6,execute,15,WEREWOLF
6,guard,12,5,POSSESSED
6,attackVote,11,12
6,attack,12,true
7,status,1,VILLAGER,ALIVE,f6wbl6
7,status,2,VILLAGER,DEAD,WolfKing
7,status,3,VILLAGER,ALIVE,WordWolf
7,status,4,MEDIUM,DEAD,spicy2
7,status,5,POSSESSED,ALIVE,yskn67
7,status,6,SEER,DEAD,TRKOkami
7,status,7,VILLAGER,DEAD,cndl
7,status,8,VILLAGER,DEAD,Udon
7,status,9,WEREWOLF,DEAD,marky
7,status,10,VILLAGER,ALIVE,Romanesco
7,status,11,WEREWOLF,ALIVE,wasabi
7,status,12,BODYGUARD,DEAD,Litt1eGirl
7,status,13,VILLAGER,DEAD,sonoda
7,status,14,VILLAGER,DEAD,cash
7,status,15,WEREWOLF,DEAD,Serval
7,talk,0,0,3,VOTE Agent[01]
7,talk,1,0,5,COMINGOUT Agent[05] WEREWOLF
7,talk,2,0,10,VOTE Agent[05]
7,talk,3,0,11,ESTIMATE Agent[05] WEREWOLF
7,talk,4,0,1,VOTE Agent[05]
7,talk,5,1,5,DIVINED Agent[05] HUMAN
7,talk,6,1,10,VOTE Agent[03]
7,talk,7,1,11,Skip
7,talk,8,1,3,Skip
7,talk,9,1,1,Skip
7,talk,10,2,3,Skip
7,talk,11,2,11,ESTIMATE Agent[10] WEREWOLF
7,talk,12,2,1,Skip
7,talk,13,2,5,ESTIMATE Agent[10] WEREWOLF
7,talk,14,2,10,Skip
7,talk,15,3,11,VOTE Agent[05]
7,talk,16,3,5,VOTE Agent[10]
7,talk,17,3,10,Skip
7,talk,18,3,3,Over
7,talk,19,3,1,Over
7,talk,20,4,5,Skip
7,talk,21,4,1,Over
7,talk,22,4,11,ESTIMATE Agent[05] WEREWOLF
7,talk,23,4,3,Over
7,talk,24,4,10,VOTE Agent[01]
7,talk,25,5,5,Skip
7,talk,26,5,10,Skip
7,talk,27,5,3,Over
7,talk,28,5,1,Over
7,talk,29,5,11,ESTIMATE Agent[05] WEREWOLF
7,talk,30,6,1,Over
7,talk,31,6,11,Skip
7,talk,32,6,3,Over
7,talk,33,6,10,Skip
7,talk,34,6,5,Over
7,talk,35,7,11,Skip
7,talk,36,7,10,Over
7,talk,37,7,3,Over
7,talk,38,7,5,Over
7,talk,39,7,1,Over
7,talk,40,8,10,Over
7,talk,41,8,3,Over
7,talk,42,8,11,REQUEST(VOTE Agent[05])
7,talk,43,8,1,Over
7,talk,44,8,5,Over
7,talk,45,9,1,Over
7,talk,46,9,3,Over
7,talk,47,9,5,Over
7,talk,48,9,10,VOTE Agent[03]
7,talk,49,9,11,Over
7,talk,50,10,5,Over
7,talk,51,10,1,Over
7,talk,52,10,11,Over
7,talk,53,10,10,Skip
7,talk,54,10,3,Over
7,talk,55,11,10,Skip
7,talk,56,11,11,Over
7,talk,57,11,1,Over
7,talk,58,11,5,Over
7,talk,59,11,3,Over
7,talk,60,12,1,Over
7,talk,61,12,3,Over
7,talk,62,12,11,Over
7,talk,63,12,5,Over
7,talk,64,12,10,Over
7,vote,1,5
7,vote,3,1
7,vote,5,10
7,vote,10,3
7,vote,11,5
7,execute,5,POSSESSED
7,attackVote,11,3
7,attack,3,true
8,status,1,VILLAGER,ALIVE,f6wbl6
8,status,2,VILLAGER,DEAD,WolfKing
8,status,3,VILLAGER,DEAD,WordWolf
8,status,4,MEDIUM,DEAD,spicy2
8,status,5,POSSESSED,DEAD,yskn67
8,status,6,SEER,DEAD,TRKOkami
8,status,7,VILLAGER,DEAD,cndl
8,status,8,VILLAGER,DEAD,Udon
8,status,9,WEREWOLF,DEAD,marky
8,status,10,VILLAGER,ALIVE,Romanesco
8,status,11,WEREWOLF,ALIVE,wasabi
8,status,12,BODYGUARD,DEAD,Litt1eGirl
8,status,13,VILLAGER,DEAD,sonoda
8,status,14,VILLAGER,DEAD,cash
8,status,15,WEREWOLF,DEAD,Serval
8,talk,0,0,1,VOTE Agent[10]
8,talk,1,0,11,ESTIMATE Agent[10] WEREWOLF
8,talk,2,0,10,VOTE Agent[11]
8,talk,3,1,10,Skip
8,talk,4,1,11,ESTIMATE Agent[01] WEREWOLF
8,talk,5,1,1,Skip
8,talk,6,2,10,Skip
8,talk,7,2,1,Skip
8,talk,8,2,11,ESTIMATE Agent[10] VILLAGER
8,talk,9,3,11,VOTE Agent[10]
8,talk,10,3,1,Over
8,talk,11,3,10,Over
8,talk,12,4,1,Over
8,talk,13,4,11,ESTIMATE Agent[01] WEREWOLF
8,talk,14,4,10,Over
8,talk,15,5,11,ESTIMATE Agent[10] WEREWOLF
8,talk,16,5,10,Over
8,talk,17,5,1,Over
8,talk,18,6,10,Over
8,talk,19,6,1,Over
8,talk,20,6,11,VOTE Agent[01]
8,talk,21,7,1,Over
8,talk,22,7,11,ESTIMATE Agent[01] WEREWOLF
8,talk,23,7,10,Over
8,talk,24,8,10,Over
8,talk,25,8,1,Over
8,talk,26,8,11,ESTIMATE Agent[01] WEREWOLF
8,talk,27,9,10,Over
8,talk,28,9,1,Over
8,talk,29,9,11,Over
8,vote,1,10
8,vote,10,11
8,vote,11,1
8,vote,1,10
8,vote,10,11
8,vote,11,10
8,execute,10,VILLAGER
8,attackVote,11,1
8,attack,1,true
9,status,1,VILLAGER,DEAD,f6wbl6
9,status,2,VILLAGER,DEAD,WolfKing
9,status,3,VILLAGER,DEAD,WordWolf
9,status,4,MEDIUM,DEAD,spicy2
9,status,5,POSSESSED,DEAD,yskn67
9,status,6,SEER,DEAD,TRKOkami
9,status,7,VILLAGER,DEAD,cndl
9,status,8,VILLAGER,DEAD,Udon
9,status,9,WEREWOLF,DEAD,marky
9,status,10,VILLAGER,DEAD,Romanesco
9,status,11,WEREWOLF,ALIVE,wasabi
9,status,12,BODYGUARD,DEAD,Litt1eGirl
9,status,13,VILLAGER,DEAD,sonoda
9,status,14,VILLAGER,DEAD,cash
9,status,15,WEREWOLF,DEAD,Serval
9,result,0,1,WEREWOLF
