0,status,1,VILLAGER,ALIVE,f6wbl6
0,status,2,VILLAGER,ALIVE,WolfKing
0,status,3,WEREWOLF,ALIVE,WordWolf
0,status,4,WEREWOLF,ALIVE,spicy2
0,status,5,VILLAGER,ALIVE,yskn67
0,status,6,VILLAGER,ALIVE,TRKOkami
0,status,7,WEREWOLF,ALIVE,cndl
0,status,8,POSSESSED,ALIVE,Udon
0,status,9,SEER,ALIVE,marky
0,status,10,VILLAGER,ALIVE,Romanesco
0,status,11,VILLAGER,ALIVE,wasabi
0,status,12,VILLAGER,ALIVE,Litt1eGirl
0,status,13,BODYGUARD,ALIVE,sonoda
0,status,14,VILLAGER,ALIVE,cash
0,status,15,MEDIUM,ALIVE,Serval
0,whisper,0,0,4,Skip
0,whisper,1,0,7,COMINGOUT Agent[07] VILLAGER
0,whisper,2,0,3,COMINGOUT Agent[03] VILLAGER
0,whisper,3,1,7,Skip
0,whisper,4,1,3,Skip
0,whisper,5,1,4,Skip
0,whisper,6,2,4,Over
0,whisper,7,2,7,Skip
0,whisper,8,2,3,Skip
0,whisper,9,3,3,Over
0,whisper,10,3,7,Over
0,whisper,11,3,4,Over
0,divine,9,12,HUMAN
1,status,1,VILLAGER,ALIVE,f6wbl6
1,status,2,VILLAGER,ALIVE,WolfKing
1,status,3,WEREWOLF,ALIVE,WordWolf
1,status,4,WEREWOLF,ALIVE,spicy2
1,status,5,VILLAGER,ALIVE,yskn67
1,status,6,VILLAGER,ALIVE,TRKOkami
1,status,7,WEREWOLF,ALIVE,cndl
1,status,8,POSSESSED,ALIVE,Udon
1,status,9,SEER,ALIVE,marky
1,status,10,VILLAGER,ALIVE,Romanesco
1,status,11,VILLAGER,ALIVE,wasabi
1,status,12,VILLAGER,ALIVE,Litt1eGirl
1,status,13,BODYGUARD,ALIVE,sonoda
1,status,14,VILLAGER,ALIVE,cash
1,status,15,MEDIUM,ALIVE,Serval
1,talk,0,0,14,VOTE Agent[02]
1,talk,1,0,4,VOTE Agent[01]
1,talk,2,0,1,VOTE Agent[12]
1,talk,3,0,7,VOTE Agent[12]
1,talk,4,0,11,Skip
1,talk,5,0,3,VOTE Agent[01]
1,talk,6,0,12,VOTE Agent[10]
1,talk,7,0,8,COMINGOUT Agent[08] SEER
1,talk,8,0,2,VOTE Agent[12]
1,talk,9,0,15,Over
1,talk,10,0,6,Over
1,talk,11,0,9,COMINGOUT Agent[09] SEER
1,talk,12,0,5,ESTIMATE Agent[01] WEREWOLF
1,talk,13,0,10,VOTE Agent[12]
1,talk,14,0,13,VOTE Agent[01]
1,talk,15,1,11,ESTIMATE Agent[13] WEREWOLF
1,talk,16,1,4,VOTE Agent[10]
1,talk,17,1,12,VOTE Agent[01]
1,talk,18,1,5,ESTIMATE Agent[10] WEREWOLF
1,talk,19,1,2,VOTE Agent[07]
1,talk,20,1,3,Skip
1,talk,21,1,13,VOTE Agent[10]
1,talk,22,1,15,ESTIMATE Agent[12] WEREWOLF
1,talk,23,1,14,VOTE Agent[15]
1,talk,24,1,1,VOTE Agent[05]
1,talk,25,1,9,DIVINED Agent[12] HUMAN
1,talk,26,1,7,Skip
1,talk,27,1,10,Skip
1,talk,28,1,8,DIVINED Agent[12] WEREWOLF
1,talk,29,1,6,Over
1,talk,30,2,10,Skip
1,talk,31,2,5,ESTIMATE Agent[12] WEREWOLF
1,talk,32,2,13,VOTE Agent[12]
1,talk,33,2,6,VOTE Agent[12]
1,talk,34,2,2,VOTE Agent[10]
1,talk,35,2,8,VOTE Agent[12]
1,talk,36,2,7,VOTE Agent[01]
1,talk,37,2,1,VOTE Agent[12]
1,talk,38,2,14,VOTE Agent[06]
1,talk,39,2,4,VOTE Agent[12]
1,talk,40,2,3,Skip
1,talk,41,2,12,VOTE Agent[08]
1,talk,42,2,15,Over
1,talk,43,2,11,ESTIMATE Agent[04] WEREWOLF
1,talk,44,2,9,VOTE Agent[10]
1,talk,45,3,1,Skip
1,talk,46,3,15,Over
1,talk,47,3,2,VOTE Agent[12]
1,talk,48,3,8,Over
1,talk,49,3,5,VOTE Agent[12]
1,talk,50,3,13,Skip
1,talk,51,3,3,Over
1,talk,52,3,7,VOTE Agent[12]
1,talk,53,3,9,VOTE Agent[10]
1,talk,54,3,11,VOTE Agent[12]
1,talk,55,3,4,Skip
1,talk,56,3,14,VOTE Agent[15]
1,talk,57,3,6,AGREE TALK day1 ID:44
1,talk,58,3,12,COMINGOUT Agent[12] BODYGUARD
1,talk,59,3,10,Over
1,talk,60,4,13,VOTE Agent[08]
1,talk,61,4,12,ESTIMATE Agent[14] VILLAGER
1,talk,62,4,4,VOTE Agent[08]
1,talk,63,4,10,Over
1,talk,64,4,3,Over
1,talk,65,4,8,Over
1,talk,66,4,7,Skip
1,talk,67,4,11,ESTIMATE Agent[12] WEREWOLF
1,talk,68,4,15,Over
1,talk,69,4,6,Over
1,talk,70,4,14,VOTE Agent[05]
1,talk,71,4,5,ESTIMATE Agent[08] WEREWOLF
1,talk,72,4,2,Skip
1,talk,73,4,9,Skip
1,talk,74,4,1,Skip
1,talk,75,5,9,Skip
1,talk,76,5,10,Over
1,talk,77,5,1,Over
1,talk,78,5,2,Skip
1,talk,79,5,13,Skip
1,talk,80,5,6,Over
1,talk,81,5,12,Over
1,talk,82,5,7,Skip
1,talk,83,5,4,Skip
1,talk,84,5,3,Over
1,talk,85,5,5,VOTE Agent[08]
1,talk,86,5,11,ESTIMATE Agent[09] WEREWOLF
1,talk,87,5,8,Over
1,talk,88,5,15,Over
1,talk,89,5,14,VOTE Agent[11]
1,talk,90,6,6,Over
1,talk,91,6,10,Over
1,talk,92,6,2,Over
1,talk,93,6,13,Skip
1,talk,94,6,15,Over
1,talk,95,6,1,Over
1,talk,96,6,3,Over
1,talk,97,6,8,Over
1,talk,98,6,9,Over
1,talk,99,6,4,Skip
1,talk,100,6,14,Skip
1,talk,101,6,12,Over
1,talk,102,6,5,Skip
1,talk,103,6,11,REQUEST(VOTE Agent[12])
1,talk,104,6,7,Over
1,talk,105,7,15,Over
1,talk,106,7,8,Over
1,talk,107,7,5,Skip
1,talk,108,7,14,Skip
1,talk,109,7,9,Over
1,talk,110,7,2,VOTE Agent[13]
1,talk,111,7,13,Over
1,talk,112,7,4,Over
1,talk,113,7,7,Over
1,talk,114,7,12,Over
1,talk,115,7,3,Over
1,talk,116,7,6,Over
1,talk,117,7,10,Over
1,talk,118,7,1,Over
1,talk,119,7,11,Skip
1,talk,120,8,8,Over
1,talk,121,8,9,Over
1,talk,122,8,11,Skip
1,talk,123,8,15,Over
1,talk,124,8,3,Over
1,talk,125,8,10,Over
1,talk,126,8,2,Skip
1,talk,127,8,6,Over
1,talk,128,8,13,Over
1,talk,129,8,4,Over
1,talk,130,8,1,Over
1,talk,131,8,7,Over
1,talk,132,8,14,Over
1,talk,133,8,12,ESTIMATE Agent[08] WEREWOLF
1,talk,134,8,5,Over
1,talk,135,9,3,Over
1,talk,136,9,9,Over
1,talk,137,9,1,Over
1,talk,138,9,4,Over
1,talk,139,9,13,Over
1,talk,140,9,2,VOTE Agent[12]
1,talk,141,9,12,Over
1,talk,142,9,10,Over
1,talk,143,9,8,Over
1,talk,144,9,15,Over
1,talk,145,9,6,Over
1,talk,146,9,5,Over
1,talk,147,9,14,Over
1,talk,148,9,11,Over
1,talk,149,9,7,Over
1,talk,150,10,15,Over
1,talk,151,10,2,Skip
1,talk,152,10,5,Over
1,talk,153,10,11,Over
1,talk,154,10,8,Over
1,talk,155,10,9,Over
1,talk,156,10,1,Over
1,talk,157,10,14,Over
1,talk,158,10,4,Over
1,talk,159,10,10,Over
1,talk,160,10,7,Over
1,talk,161,10,6,Over
1,talk,162,10,13,Over
1,talk,163,10,12,Over
1,talk,164,10,3,Over
1,talk,165,11,10,Over
1,talk,166,11,8,Over
1,talk,167,11,11,Over
1,talk,168,11,3,Over
1,talk,169,11,9,Over
1,talk,170,11,6,Over
1,talk,171,11,13,Over
1,talk,172,11,7,Over
1,talk,173,11,1,Over
1,talk,174,11,12,Over
1,talk,175,11,14,Over
1,talk,176,11,5,Over
1,talk,177,11,2,Skip
1,talk,178,11,15,Over
1,talk,179,11,4,Over
1,talk,180,12,2,Over
1,talk,181,12,5,Over
1,talk,182,12,9,Over
1,talk,183,12,4,Over
1,talk,184,12,8,Over
1,talk,185,12,7,Over
1,talk,186,12,1,Over
1,talk,187,12,11,Over
1,talk,188,12,14,Over
1,talk,189,12,6,Over
1,talk,190,12,12,Over
1,talk,191,12,3,Over
1,talk,192,12,10,Over
1,talk,193,12,15,Over
1,talk,194,12,13,Over
1,vote,1,12
1,vote,2,12
1,vote,3,1
1,vote,4,8
1,vote,5,8
1,vote,6,12
1,vote,7,12
1,vote,8,12
1,vote,9,10
1,vote,10,12
1,vote,11,12
1,vote,12,8
1,vote,13,8
1,vote,14,11
1,vote,15,12
1,execute,12,VILLAGER
1,divine,9,10,HUMAN
1,whisper,0,0,4,Skip
1,whisper,1,0,7,ESTIMATE Agent[08] POSSESSED
1,whisper,2,0,3,ESTIMATE Agent[08] POSSESSED
1,whisper,3,1,3,ATTACK Agent[14]
1,whisper,4,1,7,ATTACK Agent[09]
1,whisper,5,1,4,Skip
1,whisper,6,2,4,Over
1,whisper,7,2,7,Skip
1,whisper,8,2,3,REQUEST(ATTACK Agent[14])
1,whisper,9,3,7,Skip
1,whisper,10,3,4,Over
1,whisper,11,3,3,ESTIMATE Agent[08] POSSESSED
1,whisper,12,4,4,Over
1,whisper,13,4,7,Over
1,whisper,14,4,3,REQUEST(ATTACK Agent[14])
1,whisper,15,5,4,Over
1,whisper,16,5,3,ESTIMATE Agent[08] POSSESSED
1,whisper,17,5,7,Over
1,whisper,18,6,4,Over
1,whisper,19,6,7,Over
1,whisper,20,6,3,REQUEST(ATTACK Agent[14])
1,whisper,21,7,7,Over
1,whisper,22,7,4,Over
1,whisper,23,7,3,ESTIMATE Agent[08] POSSESSED
1,whisper,24,8,3,REQUEST(ATTACK Agent[14])
1,whisper,25,8,4,Over
1,whisper,26,8,7,Over
1,whisper,27,9,3,ESTIMATE Agent[08] POSSESSED
1,whisper,28,9,7,Over
1,whisper,29,9,4,Over
1,whisper,30,10,4,Over
1,whisper,31,10,3,Over
1,whisper,32,10,7,Over
1,guard,13,9,SEER
1,attackVote,3,14
1,attackVote,4,9
1,attackVote,7,9
1,attack,9,false
2,status,1,VILLAGER,ALIVE,f6wbl6
2,status,2,VILLAGER,ALIVE,WolfKing
2,status,3,WEREWOLF,ALIVE,WordWolf
2,status,4,WEREWOLF,ALIVE,spicy2
2,status,5,VILLAGER,ALIVE,yskn67
2,status,6,VILLAGER,ALIVE,TRKOkami
2,status,7,WEREWOLF,ALIVE,cndl
2,status,8,POSSESSED,ALIVE,Udon
2,status,9,SEER,ALIVE,marky
2,status,10,VILLAGER,ALIVE,Romanesco
2,status,11,VILLAGER,ALIVE,wasabi
2,status,12,VILLAGER,DEAD,Litt1eGirl
2,status,13,BODYGUARD,ALIVE,sonoda
2,status,14,VILLAGER,ALIVE,cash
2,status,15,MEDIUM,ALIVE,Serval
2,talk,0,0,13,VOTE Agent[02]
2,talk,1,0,2,VOTE Agent[10]
2,talk,2,0,11,ESTIMATE Agent[01] VILLAGER
2,talk,3,0,4,VOTE Agent[15]
2,talk,4,0,15,COMINGOUT Agent[15] MEDIUM
2,talk,5,0,3,VOTE Agent[01]
2,talk,6,0,6,Over
2,talk,7,0,1,VOTE Agent[03]
2,talk,8,0,9,DIVINED Agent[03] WEREWOLF
2,talk,9,0,14,VOTE Agent[11]
2,talk,10,0,8,DIVINED Agent[03] HUMAN
2,talk,11,0,7,VOTE Agent[08]
2,talk,12,0,10,VOTE Agent[03]
2,talk,13,0,5,ESTIMATE Agent[06] WEREWOLF
2,talk,14,1,11,ESTIMATE Agent[08] WEREWOLF
2,talk,15,1,6,Over
2,talk,16,1,10,Skip
2,talk,17,1,13,VOTE Agent[03]
2,talk,18,1,4,VOTE Agent[03]
2,talk,19,1,7,VOTE Agent[03]
2,talk,20,1,9,VOTE Agent[03]
2,talk,21,1,3,Skip
2,talk,22,1,8,VOTE Agent[01]
2,talk,23,1,1,Skip
2,talk,24,1,14,VOTE Agent[03]
2,talk,25,1,2,VOTE Agent[03]
2,talk,26,1,15,AGREE TALK day1 ID:5
2,talk,27,1,5,ESTIMATE Agent[03] WEREWOLF
2,talk,28,2,6,VOTE Agent[03]
2,talk,29,2,8,VOTE Agent[09]
2,talk,30,2,3,Skip
2,talk,31,2,13,Skip
2,talk,32,2,4,Skip
2,talk,33,2,14,Skip
2,talk,34,2,1,Skip
2,talk,35,2,7,ESTIMATE Agent[11] VILLAGER
2,talk,36,2,11,Skip
2,talk,37,2,15,IDENTIFIED Agent[12] HUMAN
2,talk,38,2,5,VOTE Agent[03]
2,talk,39,2,10,Skip
2,talk,40,2,2,Skip
2,talk,41,2,9,Skip
2,talk,42,3,7,Skip
2,talk,43,3,14,Skip
2,talk,44,3,15,ESTIMATE Agent[03] WEREWOLF
2,talk,45,3,3,Over
2,talk,46,3,4,Skip
2,talk,47,3,5,Skip
2,talk,48,3,1,Over
2,talk,49,3,11,VOTE Agent[03]
2,talk,50,3,10,Over
2,talk,51,3,9,Skip
2,talk,52,3,6,Skip
2,talk,53,3,13,Skip
2,talk,54,3,2,Skip
2,talk,55,3,8,VOTE Agent[15]
2,talk,56,4,1,Over
2,talk,57,4,10,Over
2,talk,58,4,2,Over
2,talk,59,4,8,Over
2,talk,60,4,7,Skip
2,talk,61,4,13,Over
2,talk,62,4,4,Over
2,talk,63,4,3,Over
2,talk,64,4,6,Over
2,talk,65,4,9,Over
2,talk,66,4,15,Over
2,talk,67,4,14,VOTE Agent[15]
2,talk,68,4,5,Skip
2,talk,69,4,11,ESTIMATE Agent[08] WEREWOLF
2,talk,70,5,8,Over
2,talk,71,5,2,Over
2,talk,72,5,6,Over
2,talk,73,5,7,Over
2,talk,74,5,5,Over
2,talk,75,5,13,Over
2,talk,76,5,15,Over
2,talk,77,5,11,ESTIMATE Agent[03] WEREWOLF
2,talk,78,5,14,Skip
2,talk,79,5,1,Over
2,talk,80,5,4,Over
2,talk,81,5,3,Over
2,talk,82,5,9,Over
2,talk,83,5,10,Over
2,talk,84,6,3,Over
2,talk,85,6,14,Skip
2,talk,86,6,9,Over
2,talk,87,6,5,Over
2,talk,88,6,4,Over
2,talk,89,6,7,Over
2,talk,90,6,11,ESTIMATE Agent[03] WEREWOLF
2,talk,91,6,10,Over
2,talk,92,6,8,Over
2,talk,93,6,6,Over
2,talk,94,6,13,Over
2,talk,95,6,1,Over
2,talk,96,6,2,Over
2,talk,97,6,15,Over
2,talk,98,7,8,Over
2,talk,99,7,6,Over
2,talk,100,7,1,Over
2,talk,101,7,7,Over
2,talk,102,7,14,Over
2,talk,103,7,15,Over
2,talk,104,7,3,Over
2,talk,105,7,4,Over
2,talk,106,7,13,Over
2,talk,107,7,5,Over
2,talk,108,7,9,Over
2,talk,109,7,11,ESTIMATE Agent[14] VILLAGER
2,talk,110,7,10,Over
2,talk,111,7,2,Over
2,talk,112,8,10,Over
2,talk,113,8,7,Over
2,talk,114,8,6,Over
2,talk,115,8,13,Over
2,talk,116,8,2,Over
2,talk,117,8,4,Over
2,talk,118,8,14,Over
2,talk,119,8,3,Over
2,talk,120,8,8,Over
2,talk,121,8,11,REQUEST(VOTE Agent[03])
2,talk,122,8,15,Over
2,talk,123,8,5,Over
2,talk,124,8,1,Over
2,talk,125,8,9,Over
2,talk,126,9,5,Over
2,talk,127,9,7,Over
2,talk,128,9,10,Over
2,talk,129,9,13,Over
2,talk,130,9,9,VOTE Agent[07]
2,talk,131,9,2,Over
2,talk,132,9,15,Over
2,talk,133,9,6,Over
2,talk,134,9,3,Over
2,talk,135,9,1,Over
2,talk,136,9,11,Over
2,talk,137,9,8,Over
2,talk,138,9,4,Over
2,talk,139,9,14,Over
2,talk,140,10,5,Over
2,talk,141,10,15,Over
2,talk,142,10,1,Over
2,talk,143,10,4,Over
2,talk,144,10,8,Over
2,talk,145,10,13,Over
2,talk,146,10,14,Over
2,talk,147,10,11,Over
2,talk,148,10,3,Over
2,talk,149,10,7,Over
2,talk,150,10,9,Skip
2,talk,151,10,6,Over
2,talk,152,10,10,Over
2,talk,153,10,2,Over
2,talk,154,11,9,VOTE Agent[03]
2,talk,155,11,8,Over
2,talk,156,11,14,Over
2,talk,157,11,13,Over
2,talk,158,11,15,Over
2,talk,159,11,2,Over
2,talk,160,11,1,Over
2,talk,161,11,3,Over
2,talk,162,11,7,Over
2,talk,163,11,10,Over
2,talk,164,11,4,Over
2,talk,165,11,5,Over
2,talk,166,11,6,Over
2,talk,167,11,11,Over
2,talk,168,12,5,Over
2,talk,169,12,15,Over
2,talk,170,12,11,Over
2,talk,171,12,3,Over
2,talk,172,12,6,Over
2,talk,173,12,13,Over
2,talk,174,12,1,Over
2,talk,175,12,4,Over
2,talk,176,12,14,Over
2,talk,177,12,7,Over
2,talk,178,12,9,Skip
2,talk,179,12,10,Over
2,talk,180,12,8,Over
2,talk,181,12,2,Over
2,talk,182,13,7,Over
2,talk,183,13,6,Over
2,talk,184,13,8,Over
2,talk,185,13,15,Over
2,talk,186,13,14,Over
2,talk,187,13,4,Over
2,talk,188,13,10,Over
2,talk,189,13,2,Over
2,talk,190,13,9,Skip
2,talk,191,13,1,Over
2,talk,192,13,11,Over
2,talk,193,13,13,Over
2,talk,194,13,5,Over
2,talk,195,13,3,Over
2,talk,196,14,10,Over
2,talk,197,14,14,Over
2,talk,198,14,8,Over
2,talk,199,14,7,Over
2,talk,200,14,5,Over
2,talk,201,14,3,Over
2,talk,202,14,1,Over
2,talk,203,14,13,Over
2,talk,204,14,11,Over
2,talk,205,14,6,Over
2,talk,206,14,2,Over
2,talk,207,14,9,Over
2,talk,208,14,4,Over
2,talk,209,14,15,Over
2,vote,1,3
2,vote,2,3
2,vote,3,1
2,vote,4,3
2,vote,5,3
2,vote,6,3
2,vote,7,3
2,vote,8,15
2,vote,9,3
2,vote,10,3
2,vote,11,3
2,vote,13,3
2,vote,14,15
2,vote,15,3
2,execute,3,WEREWOLF
2,divine,9,7,WEREWOLF
2,whisper,0,0,4,Skip
2,whisper,1,0,7,ATTACK Agent[09]
2,whisper,2,1,7,ATTACK Agent[05]
2,whisper,3,1,4,Skip
2,whisper,4,2,4,Over
2,whisper,5,2,7,Skip
2,whisper,6,3,4,Over
2,whisper,7,3,7,Skip
2,whisper,8,4,4,Over
2,whisper,9,4,7,Over
2,guard,13,15,MEDIUM
2,attackVote,4,15
2,attackVote,7,5
2,attackVote,4,15
2,attackVote,7,5
2,attack,5,true
3,status,1,VILLAGER,ALIVE,f6wbl6
3,status,2,VILLAGER,ALIVE,WolfKing
3,status,3,WEREWOLF,DEAD,WordWolf
3,status,4,WEREWOLF,ALIVE,spicy2
3,status,5,VILLAGER,DEAD,yskn67
3,status,6,VILLAGER,ALIVE,TRKOkami
3,status,7,WEREWOLF,ALIVE,cndl
3,status,8,POSSESSED,ALIVE,Udon
3,status,9,SEER,ALIVE,marky
3,status,10,VILLAGER,ALIVE,Romanesco
3,status,11,VILLAGER,ALIVE,wasabi
3,status,12,VILLAGER,DEAD,Litt1eGirl
3,status,13,BODYGUARD,ALIVE,sonoda
3,status,14,VILLAGER,ALIVE,cash
3,status,15,MEDIUM,ALIVE,Serval
3,talk,0,0,9,DIVINED Agent[07] WEREWOLF
3,talk,1,0,8,DIVINED Agent[07] HUMAN
3,talk,2,0,15,IDENTIFIED Agent[03] WEREWOLF
3,talk,3,0,10,VOTE Agent[13]
3,talk,4,0,14,VOTE Agent[11]
3,talk,5,0,1,VOTE Agent[04]
3,talk,6,0,2,VOTE Agent[14]
3,talk,7,0,13,VOTE Agent[14]
3,talk,8,0,6,Over
3,talk,9,0,4,VOTE Agent[14]
3,talk,10,0,7,VOTE Agent[15]
3,talk,11,0,11,Skip
3,talk,12,1,1,VOTE Agent[07]
3,talk,13,1,13,VOTE Agent[07]
3,talk,14,1,6,Over
3,talk,15,1,8,VOTE Agent[15]
3,talk,16,1,9,VOTE Agent[07]
3,talk,17,1,2,Skip
3,talk,18,1,15,AGREE TALK day1 ID:4
3,talk,19,1,7,VOTE Agent[14]
3,talk,20,1,10,VOTE Agent[07]
3,talk,21,1,11,Skip
3,talk,22,1,14,VOTE Agent[07]
3,talk,23,1,4,Skip
3,talk,24,2,2,VOTE Agent[07]
3,talk,25,2,4,Skip
3,talk,26,2,13,Skip
3,talk,27,2,7,ESTIMATE Agent[13] VILLAGER
3,talk,28,2,8,Over
3,talk,29,2,1,Skip
3,talk,30,2,15,Over
3,talk,31,2,11,ESTIMATE Agent[08] WEREWOLF
3,talk,32,2,10,Skip
3,talk,33,2,14,Skip
3,talk,34,2,6,VOTE Agent[07]
3,talk,35,2,9,Skip
3,talk,36,3,10,Skip
3,talk,37,3,6,Skip
3,talk,38,3,4,Over
3,talk,39,3,7,Skip
3,talk,40,3,14,Skip
3,talk,41,3,15,Over
3,talk,42,3,13,Skip
3,talk,43,3,8,Over
3,talk,44,3,1,Skip
3,talk,45,3,2,Skip
3,talk,46,3,9,Skip
3,talk,47,3,11,VOTE Agent[07]
3,talk,48,4,13,Over
3,talk,49,4,8,Over
3,talk,50,4,9,Over
3,talk,51,4,10,Over
3,talk,52,4,15,Over
3,talk,53,4,11,Skip
3,talk,54,4,14,Over
3,talk,55,4,6,Skip
3,talk,56,4,1,Over
3,talk,57,4,2,Skip
3,talk,58,4,7,Skip
3,talk,59,4,4,Over
3,talk,60,5,10,Over
3,talk,61,5,6,Over
3,talk,62,5,1,Over
3,talk,63,5,4,Over
3,talk,64,5,7,Over
3,talk,65,5,11,ESTIMATE Agent[08] WEREWOLF
3,talk,66,5,15,Over
3,talk,67,5,14,Over
3,talk,68,5,9,Over
3,talk,69,5,13,Over
3,talk,70,5,2,Over
3,talk,71,5,8,Over
3,talk,72,6,11,ESTIMATE Agent[07] WEREWOLF
3,talk,73,6,14,Over
3,talk,74,6,6,Over
3,talk,75,6,13,Over
3,talk,76,6,1,Over
3,talk,77,6,2,Over
3,talk,78,6,15,Over
3,talk,79,6,8,Over
3,talk,80,6,4,Over
3,talk,81,6,7,Over
3,talk,82,6,10,Over
3,talk,83,6,9,Over
3,talk,84,7,9,Over
3,talk,85,7,10,Over
3,talk,86,7,8,Over
3,talk,87,7,6,Over
3,talk,88,7,1,Over
3,talk,89,7,7,Over
3,talk,90,7,4,Over
3,talk,91,7,2,Over
3,talk,92,7,15,ESTIMATE Agent[14] WEREWOLF
3,talk,93,7,13,Over
3,talk,94,7,11,ESTIMATE Agent[08] WEREWOLF
3,talk,95,7,14,Over
3,talk,96,8,4,Over
3,talk,97,8,13,Over
3,talk,98,8,7,Over
3,talk,99,8,2,Over
3,talk,100,8,6,Over
3,talk,101,8,8,Over
3,talk,102,8,1,Over
3,talk,103,8,14,VOTE Agent[15]
3,talk,104,8,11,REQUEST(VOTE Agent[07])
3,talk,105,8,10,Over
3,talk,106,8,9,Over
3,talk,107,8,15,Over
3,talk,108,9,15,Over
3,talk,109,9,1,Over
3,talk,110,9,11,Over
3,talk,111,9,6,Over
3,talk,112,9,8,Over
3,talk,113,9,14,Skip
3,talk,114,9,13,Over
3,talk,115,9,4,Over
3,talk,116,9,9,Over
3,talk,117,9,10,Over
3,talk,118,9,7,VOTE Agent[15]
3,talk,119,9,2,Over
3,talk,120,10,6,Over
3,talk,121,10,4,Over
3,talk,122,10,11,Over
3,talk,123,10,2,Over
3,talk,124,10,8,Over
3,talk,125,10,15,Over
3,talk,126,10,9,Over
3,talk,127,10,1,Over
3,talk,128,10,14,VOTE Agent[07]
3,talk,129,10,10,Over
3,talk,130,10,7,Skip
3,talk,131,10,13,Over
3,talk,132,11,13,Over
3,talk,133,11,10,Over
3,talk,134,11,2,Over
3,talk,135,11,7,Skip
3,talk,136,11,15,Over
3,talk,137,11,4,Over
3,talk,138,11,14,Over
3,talk,139,11,8,Over
3,talk,140,11,11,Over
3,talk,141,11,1,Over
3,talk,142,11,9,Over
3,talk,143,11,6,Over
3,talk,144,12,4,Over
3,talk,145,12,9,Over
3,talk,146,12,2,Over
3,talk,147,12,7,Over
3,talk,148,12,13,Over
3,talk,149,12,11,Over
3,talk,150,12,1,Over
3,talk,151,12,10,Over
3,talk,152,12,14,Over
3,talk,153,12,6,Over
3,talk,154,12,15,Over
3,talk,155,12,8,Over
3,vote,1,7
3,vote,2,7
3,vote,4,14
3,vote,6,7
3,vote,7,15
3,vote,8,15
3,vote,9,7
3,vote,10,7
3,vote,11,7
3,vote,13,7
3,vote,14,7
3,vote,15,7
3,execute,7,WEREWOLF
3,divine,9,14,HUMAN
3,guard,13,15,MEDIUM
3,attackVote,4,15
3,attack,15,false
4,status,1,VILLAGER,ALIVE,f6wbl6
4,status,2,VILLAGER,ALIVE,WolfKing
4,status,3,WEREWOLF,DEAD,WordWolf
4,status,4,WEREWOLF,ALIVE,spicy2
4,status,5,VILLAGER,DEAD,yskn67
4,status,6,VILLAGER,ALIVE,TRKOkami
4,status,7,WEREWOLF,DEAD,cndl
4,status,8,POSSESSED,ALIVE,Udon
4,status,9,SEER,ALIVE,marky
4,status,10,VILLAGER,ALIVE,Romanesco
4,status,11,VILLAGER,ALIVE,wasabi
4,status,12,VILLAGER,DEAD,Litt1eGirl
4,status,13,BODYGUARD,ALIVE,sonoda
4,status,14,VILLAGER,ALIVE,cash
4,status,15,MEDIUM,ALIVE,Serval
4,talk,0,0,11,ESTIMATE Agent[08] WEREWOLF
4,talk,1,0,15,IDENTIFIED Agent[07] WEREWOLF
4,talk,2,0,10,VOTE Agent[13]
4,talk,3,0,2,VOTE Agent[14]
4,talk,4,0,1,VOTE Agent[13]
4,talk,5,0,14,VOTE Agent[15]
4,talk,6,0,13,VOTE Agent[08]
4,talk,7,0,8,DIVINED Agent[04] HUMAN
4,talk,8,0,6,Over
4,talk,9,0,9,DIVINED Agent[14] HUMAN
4,talk,10,0,4,VOTE Agent[08]
4,talk,11,1,10,Skip
4,talk,12,1,13,Skip
4,talk,13,1,6,Over
4,talk,14,1,11,ESTIMATE Agent[15] MEDIUM
4,talk,15,1,9,VOTE Agent[04]
4,talk,16,1,2,VOTE Agent[13]
4,talk,17,1,14,VOTE Agent[11]
4,talk,18,1,4,Skip
4,talk,19,1,15,Over
4,talk,20,1,1,Skip
4,talk,21,1,8,VOTE Agent[14]
4,talk,22,2,9,VOTE Agent[04]
4,talk,23,2,11,ESTIMATE Agent[08] WEREWOLF
4,talk,24,2,6,VOTE Agent[04]
4,talk,25,2,10,Skip
4,talk,26,2,2,VOTE Agent[04]
4,talk,27,2,14,Skip
4,talk,28,2,13,Skip
4,talk,29,2,15,Over
4,talk,30,2,8,Over
4,talk,31,2,4,Skip
4,talk,32,2,1,Skip
4,talk,33,3,6,Over
4,talk,34,3,9,Skip
4,talk,35,3,10,VOTE Agent[04]
4,talk,36,3,14,Skip
4,talk,37,3,2,Skip
4,talk,38,3,11,VOTE Agent[13]
4,talk,39,3,4,Over
4,talk,40,3,15,Over
4,talk,41,3,13,Over
4,talk,42,3,1,VOTE Agent[04]
4,talk,43,3,8,Over
4,talk,44,4,9,Skip
4,talk,45,4,2,Skip
4,talk,46,4,8,Over
4,talk,47,4,14,Over
4,talk,48,4,1,Skip
4,talk,49,4,4,Over
4,talk,50,4,6,Over
4,talk,51,4,11,ESTIMATE Agent[08] WEREWOLF
4,talk,52,4,13,Over
4,talk,53,4,10,Skip
4,talk,54,4,15,Over
4,talk,55,5,10,Skip
4,talk,56,5,9,Over
4,talk,57,5,4,Over
4,talk,58,5,14,Over
4,talk,59,5,1,Skip
4,talk,60,5,11,VOTE Agent[04]
4,talk,61,5,13,Over
4,talk,62,5,15,Over
4,talk,63,5,8,Over
4,talk,64,5,6,Over
4,talk,65,5,2,Over
4,talk,66,6,14,Over
4,talk,67,6,2,Over
4,talk,68,6,1,Over
4,talk,69,6,11,VOTE Agent[01]
4,talk,70,6,10,Over
4,talk,71,6,4,Over
4,talk,72,6,9,Over
4,talk,73,6,8,Over
4,talk,74,6,15,Over
4,talk,75,6,13,Over
4,talk,76,6,6,Over
4,talk,77,7,2,Over
4,talk,78,7,14,Over
4,talk,79,7,6,Over
4,talk,80,7,8,Over
4,talk,81,7,9,Over
4,talk,82,7,4,Over
4,talk,83,7,10,Over
4,talk,84,7,15,Over
4,talk,85,7,13,Over
4,talk,86,7,11,ESTIMATE Agent[01] WEREWOLF
4,talk,87,7,1,Over
4,talk,88,8,15,Over
4,talk,89,8,14,Over
4,talk,90,8,1,Over
4,talk,91,8,4,Over
4,talk,92,8,10,Over
4,talk,93,8,8,Over
4,talk,94,8,11,VOTE Agent[06]
4,talk,95,8,2,Over
4,talk,96,8,13,Over
4,talk,97,8,9,Over
4,talk,98,8,6,Over
4,talk,99,9,1,Over
4,talk,100,9,10,Over
4,talk,101,9,4,Over
4,talk,102,9,11,Over
4,talk,103,9,2,Over
4,talk,104,9,13,Over
4,talk,105,9,9,Over
4,talk,106,9,15,Over
4,talk,107,9,6,Over
4,talk,108,9,8,Over
4,talk,109,9,14,VOTE Agent[08]
4,talk,110,10,10,Over
4,talk,111,10,4,Over
4,talk,112,10,9,Over
4,talk,113,10,8,Over
4,talk,114,10,13,Over
4,talk,115,10,1,Over
4,talk,116,10,14,Over
4,talk,117,10,11,Over
4,talk,118,10,6,Over
4,talk,119,10,2,Over
4,talk,120,10,15,Over
4,vote,1,4
4,vote,2,4
4,vote,4,8
4,vote,6,4
4,vote,8,14
4,vote,9,4
4,vote,10,4
4,vote,11,6
4,vote,13,8
4,vote,14,8
4,vote,15,4
4,execute,4,WEREWOLF
4,divine,9,11,HUMAN
4,guard,13,15,MEDIUM
5,status,1,VILLAGER,ALIVE,f6wbl6
5,status,2,VILLAGER,ALIVE,WolfKing
5,status,3,WEREWOLF,DEAD,WordWolf
5,status,4,WEREWOLF,DEAD,spicy2
5,status,5,VILLAGER,DEAD,yskn67
5,status,6,VILLAGER,ALIVE,TRKOkami
5,status,7,WEREWOLF,DEAD,cndl
5,status,8,POSSESSED,ALIVE,Udon
5,status,9,SEER,ALIVE,marky
5,status,10,VILLAGER,ALIVE,Romanesco
5,status,11,VILLAGER,ALIVE,wasabi
5,status,12,VILLAGER,DEAD,Litt1eGirl
5,status,13,BODYGUARD,ALIVE,sonoda
5,status,14,VILLAGER,ALIVE,cash
5,status,15,MEDIUM,ALIVE,Serval
5,result,10,0,VILLAGER
