0,status,1,VILLAGER,ALIVE,f6wbl6
0,status,2,WEREWOLF,ALIVE,WolfKing
0,status,3,WEREWOLF,ALIVE,WordWolf
0,status,4,VILLAGER,ALIVE,spicy2
0,status,5,VILLAGER,ALIVE,yskn67
0,status,6,VILLAGER,ALIVE,TRKOkami
0,status,7,SEER,ALIVE,cndl
0,status,8,VILLAGER,ALIVE,Udon
0,status,9,POSSESSED,ALIVE,marky
0,status,10,MEDIUM,ALIVE,Romanesco
0,status,11,VILLAGER,ALIVE,wasabi
0,status,12,VILLAGER,ALIVE,Litt1eGirl
0,status,13,BODYGUARD,ALIVE,sonoda
0,status,14,WEREWOLF,ALIVE,cash
0,status,15,VILLAGER,ALIVE,Serval
0,whisper,0,0,2,COMINGOUT Agent[02] VILLAGER
0,whisper,1,0,14,COMINGOUT Agent[14] VILLAGER
0,whisper,2,0,3,COMINGOUT Agent[03] VILLAGER
0,whisper,3,1,3,Skip
0,whisper,4,1,14,Skip
0,whisper,5,1,2,Skip
0,whisper,6,2,2,Skip
0,whisper,7,2,14,Skip
0,whisper,8,2,3,Skip
0,whisper,9,3,3,Over
0,whisper,10,3,14,Over
0,whisper,11,3,2,Over
0,divine,7,2,WEREWOLF
1,status,1,VILLAGER,ALIVE,f6wbl6
1,status,2,WEREWOLF,ALIVE,WolfKing
1,status,3,WEREWOLF,ALIVE,WordWolf
1,status,4,VILLAGER,ALIVE,spicy2
1,status,5,VILLAGER,ALIVE,yskn67
1,status,6,VILLAGER,ALIVE,TRKOkami
1,status,7,SEER,ALIVE,cndl
1,status,8,VILLAGER,ALIVE,Udon
1,status,9,POSSESSED,ALIVE,marky
1,status,10,MEDIUM,ALIVE,Romanesco
1,status,11,VILLAGER,ALIVE,wasabi
1,status,12,VILLAGER,ALIVE,Litt1eGirl
1,status,13,BODYGUARD,ALIVE,sonoda
1,status,14,WEREWOLF,ALIVE,cash
1,status,15,VILLAGER,ALIVE,Serval
1,talk,0,0,13,VOTE Agent[01]
1,talk,1,0,11,ESTIMATE Agent[06] VILLAGER
1,talk,2,0,4,VOTE Agent[01]
1,talk,3,0,7,COMINGOUT Agent[07] SEER
1,talk,4,0,6,Over
1,talk,5,0,5,ESTIMATE Agent[01] WEREWOLF
1,talk,6,0,12,VOTE Agent[10]
1,talk,7,0,14,VOTE Agent[04]
1,talk,8,0,10,VOTE Agent[01]
1,talk,9,0,1,VOTE Agent[12]
1,talk,10,0,15,Skip
1,talk,11,0,9,COMINGOUT Agent[09] SEER
1,talk,12,0,8,VOTE Agent[12]
1,talk,13,0,2,VOTE Agent[12]
1,talk,14,0,3,VOTE Agent[01]
1,talk,15,1,14,VOTE Agent[06]
1,talk,16,1,4,VOTE Agent[10]
1,talk,17,1,10,VOTE Agent[12]
1,talk,18,1,5,ESTIMATE Agent[10] WEREWOLF
1,talk,19,1,9,DIVINED Agent[07] WEREWOLF
1,talk,20,1,1,VOTE Agent[11]
1,talk,21,1,12,VOTE Agent[01]
1,talk,22,1,3,Skip
1,talk,23,1,7,DIVINED Agent[02] WEREWOLF
1,talk,24,1,15,AGREE TALK day1 ID:5
1,talk,25,1,6,Over
1,talk,26,1,2,VOTE Agent[01]
1,talk,27,1,8,VOTE Agent[12]
1,talk,28,1,13,VOTE Agent[10]
1,talk,29,1,11,ESTIMATE Agent[15] WEREWOLF
1,talk,30,2,7,VOTE Agent[12]
1,talk,31,2,14,Skip
1,talk,32,2,13,VOTE Agent[02]
1,talk,33,2,6,VOTE Agent[02]
1,talk,34,2,2,Skip
1,talk,35,2,11,ESTIMATE Agent[02] WEREWOLF
1,talk,36,2,10,VOTE Agent[02]
1,talk,37,2,12,Over
1,talk,38,2,4,VOTE Agent[02]
1,talk,39,2,9,VOTE Agent[07]
1,talk,40,2,1,VOTE Agent[12]
1,talk,41,2,3,Skip
1,talk,42,2,8,VOTE Agent[02]
1,talk,43,2,15,Over
1,talk,44,2,5,ESTIMATE Agent[02] WEREWOLF
1,talk,45,3,10,Skip
1,talk,46,3,14,VOTE Agent[15]
1,talk,47,3,1,VOTE Agent[02]
1,talk,48,3,9,VOTE Agent[12]
1,talk,49,3,4,Skip
1,talk,50,3,2,Skip
1,talk,51,3,7,VOTE Agent[12]
1,talk,52,3,3,Over
1,talk,53,3,5,VOTE Agent[02]
1,talk,54,3,6,Over
1,talk,55,3,8,Over
1,talk,56,3,12,VOTE Agent[02]
1,talk,57,3,15,VOTE Agent[02]
1,talk,58,3,11,VOTE Agent[02]
1,talk,59,3,13,Skip
1,talk,60,4,4,Skip
1,talk,61,4,10,Skip
1,talk,62,4,13,Skip
1,talk,63,4,1,Skip
1,talk,64,4,6,AGREE TALK day1 ID:51
1,talk,65,4,14,VOTE Agent[05]
1,talk,66,4,8,Over
1,talk,67,4,5,Skip
1,talk,68,4,7,VOTE Agent[02]
1,talk,69,4,15,Over
1,talk,70,4,11,ESTIMATE Agent[12] VILLAGER
1,talk,71,4,2,Over
1,talk,72,4,3,VOTE Agent[02]
1,talk,73,4,9,VOTE Agent[02]
1,talk,74,4,12,ESTIMATE Agent[10] VILLAGER
1,talk,75,5,1,Skip
1,talk,76,5,15,Over
1,talk,77,5,13,Over
1,talk,78,5,3,Skip
1,talk,79,5,14,VOTE Agent[07]
1,talk,80,5,10,Over
1,talk,81,5,2,Over
1,talk,82,5,9,Skip
1,talk,83,5,11,ESTIMATE Agent[02] WEREWOLF
1,talk,84,5,12,Over
1,talk,85,5,7,Skip
1,talk,86,5,6,Over
1,talk,87,5,8,Over
1,talk,88,5,4,Over
1,talk,89,5,5,Skip
1,talk,90,6,2,Over
1,talk,91,6,7,Skip
1,talk,92,6,10,Over
1,talk,93,6,11,Skip
1,talk,94,6,9,Skip
1,talk,95,6,13,Over
1,talk,96,6,6,Over
1,talk,97,6,8,Over
1,talk,98,6,12,ESTIMATE Agent[14] VILLAGER
1,talk,99,6,4,Over
1,talk,100,6,14,Skip
1,talk,101,6,1,Over
1,talk,102,6,15,Over
1,talk,103,6,5,Over
1,talk,104,6,3,Skip
1,talk,105,7,8,Over
1,talk,106,7,15,Over
1,talk,107,7,9,Over
1,talk,108,7,12,Over
1,talk,109,7,5,Over
1,talk,110,7,4,Over
1,talk,111,7,6,Over
1,talk,112,7,10,Over
1,talk,113,7,13,Over
1,talk,114,7,2,Over
1,talk,115,7,11,Skip
1,talk,116,7,14,Skip
1,talk,117,7,3,Over
1,talk,118,7,1,Over
1,talk,119,7,7,Over
1,talk,120,8,1,Over
1,talk,121,8,11,ESTIMATE Agent[07] WEREWOLF
1,talk,122,8,12,Over
1,talk,123,8,7,Over
1,talk,124,8,9,Over
1,talk,125,8,14,Over
1,talk,126,8,5,Over
1,talk,127,8,8,Over
1,talk,128,8,13,Over
1,talk,129,8,6,Over
1,talk,130,8,2,Over
1,talk,131,8,3,Over
1,talk,132,8,4,Over
1,talk,133,8,10,Over
1,talk,134,8,15,Over
1,talk,135,9,4,Over
1,talk,136,9,3,Over
1,talk,137,9,10,Over
1,talk,138,9,14,Over
1,talk,139,9,5,Over
1,talk,140,9,9,Over
1,talk,141,9,7,Over
1,talk,142,9,12,Over
1,talk,143,9,13,Over
1,talk,144,9,8,Over
1,talk,145,9,11,Over
1,talk,146,9,1,Over
1,talk,147,9,6,Over
1,talk,148,9,2,Over
1,talk,149,9,15,Over
1,vote,1,2
1,vote,2,1
1,vote,3,2
1,vote,4,2
1,vote,5,2
1,vote,6,2
1,vote,7,2
1,vote,8,2
1,vote,9,2
1,vote,10,2
1,vote,11,2
1,vote,12,2
1,vote,13,2
1,vote,14,7
1,vote,15,2
1,execute,2,WEREWOLF
1,divine,7,11,HUMAN
1,whisper,0,0,3,ESTIMATE Agent[09] POSSESSED
1,whisper,1,0,14,COMINGOUT Agent[14] VILLAGER
1,whisper,2,1,14,Skip
1,whisper,3,1,3,ATTACK Agent[13]
1,whisper,4,2,14,Skip
1,whisper,5,2,3,REQUEST(ATTACK Agent[13])
1,whisper,6,3,14,Over
1,whisper,7,3,3,ESTIMATE Agent[09] POSSESSED
1,whisper,8,4,3,REQUEST(ATTACK Agent[13])
1,whisper,9,4,14,Over
1,whisper,10,5,3,ESTIMATE Agent[09] POSSESSED
1,whisper,11,5,14,Over
1,whisper,12,6,3,REQUEST(ATTACK Agent[13])
1,whisper,13,6,14,Over
1,whisper,14,7,3,ESTIMATE Agent[09] POSSESSED
1,whisper,15,7,14,Over
1,whisper,16,8,14,Over
1,whisper,17,8,3,REQUEST(ATTACK Agent[13])
1,whisper,18,9,3,ESTIMATE Agent[09] POSSESSED
1,whisper,19,9,14,Over
1,whisper,20,10,14,Over
1,whisper,21,10,3,Over
1,guard,13,9,POSSESSED
1,attackVote,3,13
1,attackVote,14,12
1,attackVote,3,13
1,attackVote,14,12
1,attack,13,true
2,status,1,VILLAGER,ALIVE,f6wbl6
2,status,2,WEREWOLF,DEAD,WolfKing
2,status,3,WEREWOLF,ALIVE,WordWolf
2,status,4,VILLAGER,ALIVE,spicy2
2,status,5,VILLAGER,ALIVE,yskn67
2,status,6,VILLAGER,ALIVE,TRKOkami
2,status,7,SEER,ALIVE,cndl
2,status,8,VILLAGER,ALIVE,Udon
2,status,9,POSSESSED,ALIVE,marky
2,status,10,MEDIUM,ALIVE,Romanesco
2,status,11,VILLAGER,ALIVE,wasabi
2,status,12,VILLAGER,ALIVE,Litt1eGirl
2,status,13,BODYGUARD,DEAD,sonoda
2,status,14,WEREWOLF,ALIVE,cash
2,status,15,VILLAGER,ALIVE,Serval
2,talk,0,0,3,VOTE Agent[01]
2,talk,1,0,4,VOTE Agent[07]
2,talk,2,0,5,ESTIMATE Agent[07] WEREWOLF
2,talk,3,0,9,DIVINED Agent[11] WEREWOLF
2,talk,4,0,6,Over
2,talk,5,0,14,VOTE Agent[07]
2,talk,6,0,7,DIVINED Agent[14] WEREWOLF
2,talk,7,0,1,VOTE Agent[03]
2,talk,8,0,11,ESTIMATE Agent[07] WEREWOLF
2,talk,9,0,8,VOTE Agent[14]
2,talk,10,0,12,VOTE Agent[11]
2,talk,11,0,10,COMINGOUT Agent[10] MEDIUM
2,talk,12,0,15,Skip
2,talk,13,1,12,VOTE Agent[07]
2,talk,14,1,3,Skip
2,talk,15,1,1,VOTE Agent[14]
2,talk,16,1,14,Skip
2,talk,17,1,7,VOTE Agent[14]
2,talk,18,1,9,VOTE Agent[11]
2,talk,19,1,6,Over
2,talk,20,1,5,ESTIMATE Agent[11] WEREWOLF
2,talk,21,1,8,Over
2,talk,22,1,4,VOTE Agent[11]
2,talk,23,1,11,Skip
2,talk,24,1,15,AGREE TALK day1 ID:3
2,talk,25,1,10,IDENTIFIED Agent[02] WEREWOLF
2,talk,26,2,11,ESTIMATE Agent[14] WEREWOLF
2,talk,27,2,7,ESTIMATE Agent[03] VILLAGER
2,talk,28,2,15,Over
2,talk,29,2,6,VOTE Agent[14]
2,talk,30,2,3,Skip
2,talk,31,2,14,Skip
2,talk,32,2,8,Over
2,talk,33,2,10,VOTE Agent[14]
2,talk,34,2,9,Skip
2,talk,35,2,12,VOTE Agent[14]
2,talk,36,2,5,ESTIMATE Agent[14] WEREWOLF
2,talk,37,2,1,Skip
2,talk,38,2,4,VOTE Agent[14]
2,talk,39,3,15,VOTE Agent[14]
2,talk,40,3,4,Skip
2,talk,41,3,7,Skip
2,talk,42,3,10,Skip
2,talk,43,3,9,VOTE Agent[14]
2,talk,44,3,1,Skip
2,talk,45,3,14,VOTE Agent[10]
2,talk,46,3,8,Over
2,talk,47,3,11,VOTE Agent[14]
2,talk,48,3,6,Skip
2,talk,49,3,3,Over
2,talk,50,3,5,VOTE Agent[14]
2,talk,51,3,12,Over
2,talk,52,4,3,VOTE Agent[14]
2,talk,53,4,5,Skip
2,talk,54,4,9,Skip
2,talk,55,4,6,Over
2,talk,56,4,1,Over
2,talk,57,4,12,Over
2,talk,58,4,10,Skip
2,talk,59,4,11,Skip
2,talk,60,4,8,Over
2,talk,61,4,4,Skip
2,talk,62,4,15,Over
2,talk,63,4,14,Skip
2,talk,64,4,7,Skip
2,talk,65,5,7,Over
2,talk,66,5,4,Over
2,talk,67,5,9,Skip
2,talk,68,5,1,Over
2,talk,69,5,11,ESTIMATE Agent[03] VILLAGER
2,talk,70,5,15,Over
2,talk,71,5,3,VOTE Agent[11]
2,talk,72,5,14,Skip
2,talk,73,5,5,Skip
2,talk,74,5,10,Over
2,talk,75,5,8,Over
2,talk,76,5,12,Over
2,talk,77,5,6,Over
2,talk,78,6,15,Over
2,talk,79,6,7,Over
2,talk,80,6,3,Skip
2,talk,81,6,4,Over
2,talk,82,6,6,Over
2,talk,83,6,12,Over
2,talk,84,6,10,Over
2,talk,85,6,9,Over
2,talk,86,6,1,Over
2,talk,87,6,5,Over
2,talk,88,6,14,Over
2,talk,89,6,11,Skip
2,talk,90,6,8,Over
2,talk,91,7,10,Over
2,talk,92,7,11,ESTIMATE Agent[03] VILLAGER
2,talk,93,7,9,Over
2,talk,94,7,1,Over
2,talk,95,7,5,Over
2,talk,96,7,8,Over
2,talk,97,7,7,Over
2,talk,98,7,14,Over
2,talk,99,7,12,Over
2,talk,100,7,4,Over
2,talk,101,7,6,Over
2,talk,102,7,3,VOTE Agent[14]
2,talk,103,7,15,Over
2,talk,104,8,14,Over
2,talk,105,8,1,Over
2,talk,106,8,15,Over
2,talk,107,8,12,ESTIMATE Agent[10] VILLAGER
2,talk,108,8,11,ESTIMATE Agent[14] WEREWOLF
2,talk,109,8,6,Over
2,talk,110,8,5,Over
2,talk,111,8,4,Over
2,talk,112,8,3,Skip
2,talk,113,8,7,Over
2,talk,114,8,10,Over
2,talk,115,8,8,Over
2,talk,116,8,9,Over
2,talk,117,9,6,Over
2,talk,118,9,14,Over
2,talk,119,9,9,Over
2,talk,120,9,1,Over
2,talk,121,9,12,Over
2,talk,122,9,7,Over
2,talk,123,9,5,Over
2,talk,124,9,4,Over
2,talk,125,9,11,Over
2,talk,126,9,10,Over
2,talk,127,9,15,Over
2,talk,128,9,8,Over
2,talk,129,9,3,VOTE Agent[11]
2,talk,130,10,8,Over
2,talk,131,10,15,Over
2,talk,132,10,9,Over
2,talk,133,10,4,Over
2,talk,134,10,10,Over
2,talk,135,10,3,Skip
2,talk,136,10,11,Over
2,talk,137,10,6,Over
2,talk,138,10,1,Over
2,talk,139,10,5,Over
2,talk,140,10,12,Over
2,talk,141,10,7,Over
2,talk,142,10,14,Over
2,talk,143,11,15,Over
2,talk,144,11,12,Over
2,talk,145,11,7,Over
2,talk,146,11,1,Over
2,talk,147,11,10,Over
2,talk,148,11,9,Over
2,talk,149,11,8,Over
2,talk,150,11,11,Over
2,talk,151,11,14,Over
2,talk,152,11,4,Over
2,talk,153,11,3,VOTE Agent[14]
2,talk,154,11,5,Over
2,talk,155,11,6,Over
2,talk,156,12,4,Over
2,talk,157,12,9,Over
2,talk,158,12,15,Over
2,talk,159,12,10,Over
2,talk,160,12,6,Over
2,talk,161,12,5,Over
2,talk,162,12,12,Over
2,talk,163,12,7,Over
2,talk,164,12,11,Over
2,talk,165,12,1,Over
2,talk,166,12,14,Over
2,talk,167,12,8,Over
2,talk,168,12,3,Skip
2,talk,169,13,7,Over
2,talk,170,13,12,Over
2,talk,171,13,5,Over
2,talk,172,13,3,VOTE Agent[11]
2,talk,173,13,6,Over
2,talk,174,13,11,Over
2,talk,175,13,1,Over
2,talk,176,13,15,Over
2,talk,177,13,9,Over
2,talk,178,13,14,Over
2,talk,179,13,8,Over
2,talk,180,13,10,Over
2,talk,181,13,4,Over
2,talk,182,14,3,VOTE Agent[14]
2,talk,183,14,9,Over
2,talk,184,14,11,Over
2,talk,185,14,10,Over
2,talk,186,14,8,Over
2,talk,187,14,1,Over
2,talk,188,14,6,Over
2,talk,189,14,12,Over
2,talk,190,14,7,Over
2,talk,191,14,5,Over
2,talk,192,14,4,Over
2,talk,193,14,14,Over
2,talk,194,14,15,Over
2,talk,195,15,3,Skip
2,talk,196,15,12,Over
2,talk,197,15,9,Over
2,talk,198,15,5,Over
2,talk,199,15,1,Over
2,talk,200,15,14,Over
2,talk,201,15,4,Over
2,talk,202,15,7,Over
2,talk,203,15,15,Over
2,talk,204,15,11,Over
2,talk,205,15,8,Over
2,talk,206,15,6,Over
2,talk,207,15,10,Over
2,talk,208,16,4,Over
2,talk,209,16,8,Over
2,talk,210,16,14,Over
2,talk,211,16,11,Over
2,talk,212,16,1,Over
2,talk,213,16,3,VOTE Agent[11]
2,talk,214,16,9,Over
2,talk,215,16,10,Over
2,talk,216,16,5,Over
2,talk,217,16,12,Over
2,talk,218,16,15,Over
2,talk,219,16,6,Over
2,talk,220,16,7,Over
2,talk,221,17,14,Over
2,talk,222,17,7,Over
2,talk,223,17,15,Over
2,talk,224,17,4,Over
2,talk,225,17,11,Over
2,talk,226,17,9,Over
2,talk,227,17,10,Over
2,talk,228,17,1,Over
2,talk,229,17,6,Over
2,talk,230,17,12,Over
2,talk,231,17,5,Over
2,talk,232,17,3,VOTE Agent[14]
2,talk,233,17,8,Over
2,talk,234,18,1,Over
2,talk,235,18,3,Over
2,talk,236,18,4,Over
2,talk,237,18,15,Over
2,talk,238,18,14,Over
2,talk,239,18,9,Over
2,talk,240,18,5,Over
2,talk,241,18,11,Over
2,talk,242,18,12,Over
2,talk,243,18,8,Over
2,talk,244,18,7,Over
2,talk,245,18,6,Over
2,talk,246,18,10,Over
2,vote,1,14
2,vote,3,14
2,vote,4,14
2,vote,5,14
2,vote,6,14
2,vote,7,14
2,vote,8,14
2,vote,9,14
2,vote,10,14
2,vote,11,14
2,vote,12,14
2,vote,14,10
2,vote,15,14
2,execute,14,WEREWOLF
2,divine,7,8,HUMAN
2,attackVote,3,6
2,attack,6,true
3,status,1,VILLAGER,ALIVE,f6wbl6
3,status,2,WEREWOLF,DEAD,WolfKing
3,status,3,WEREWOLF,ALIVE,WordWolf
3,status,4,VILLAGER,ALIVE,spicy2
3,status,5,VILLAGER,ALIVE,yskn67
3,status,6,VILLAGER,DEAD,TRKOkami
3,status,7,SEER,ALIVE,cndl
3,status,8,VILLAGER,ALIVE,Udon
3,status,9,POSSESSED,ALIVE,marky
3,status,10,MEDIUM,ALIVE,Romanesco
3,status,11,VILLAGER,ALIVE,wasabi
3,status,12,VILLAGER,ALIVE,Litt1eGirl
3,status,13,BODYGUARD,DEAD,sonoda
3,status,14,WEREWOLF,DEAD,cash
3,status,15,VILLAGER,ALIVE,Serval
3,talk,0,0,3,VOTE Agent[01]
3,talk,1,0,9,DIVINED Agent[08] WEREWOLF
3,talk,2,0,15,Skip
3,talk,3,0,1,VOTE Agent[03]
3,talk,4,0,5,ESTIMATE Agent[11] WEREWOLF
3,talk,5,0,7,DIVINED Agent[08] HUMAN
3,talk,6,0,8,VOTE Agent[09]
3,talk,7,0,10,IDENTIFIED Agent[14] WEREWOLF
3,talk,8,0,11,ESTIMATE Agent[09] WEREWOLF
3,talk,9,0,12,VOTE Agent[07]
3,talk,10,0,4,VOTE Agent[11]
3,talk,11,1,7,VOTE Agent[04]
3,talk,12,1,12,VOTE Agent[03]
3,talk,13,1,1,Skip
3,talk,14,1,3,Skip
3,talk,15,1,5,VOTE Agent[11]
3,talk,16,1,11,Skip
3,talk,17,1,15,AGREE TALK day1 ID:5
3,talk,18,1,9,VOTE Agent[11]
3,talk,19,1,4,Skip
3,talk,20,1,10,VOTE Agent[04]
3,talk,21,1,8,Over
3,talk,22,2,4,Skip
3,talk,23,2,11,ESTIMATE Agent[12] VILLAGER
3,talk,24,2,9,Skip
3,talk,25,2,8,Over
3,talk,26,2,12,VOTE Agent[11]
3,talk,27,2,7,VOTE Agent[04]
3,talk,28,2,10,VOTE Agent[03]
3,talk,29,2,15,Over
3,talk,30,2,5,Skip
3,talk,31,2,3,Skip
3,talk,32,2,1,VOTE Agent[04]
3,talk,33,3,9,Skip
3,talk,34,3,12,ESTIMATE Agent[11] WEREWOLF
3,talk,35,3,7,VOTE Agent[11]
3,talk,36,3,3,Over
3,talk,37,3,11,VOTE Agent[03]
3,talk,38,3,5,Skip
3,talk,39,3,1,VOTE Agent[03]
3,talk,40,3,8,Over
3,talk,41,3,15,VOTE Agent[01]
3,talk,42,3,10,VOTE Agent[04]
3,talk,43,3,4,Over
3,talk,44,4,15,Over
3,talk,45,4,8,Over
3,talk,46,4,11,VOTE Agent[04]
3,talk,47,4,1,Skip
3,talk,48,4,4,Over
3,talk,49,4,7,ESTIMATE Agent[04] VILLAGER
3,talk,50,4,9,Over
3,talk,51,4,5,Over
3,talk,52,4,10,Skip
3,talk,53,4,12,Over
3,talk,54,4,3,VOTE Agent[08]
3,talk,55,5,5,Over
3,talk,56,5,9,Over
3,talk,57,5,7,Skip
3,talk,58,5,10,Skip
3,talk,59,5,11,VOTE Agent[01]
3,talk,60,5,8,Over
3,talk,61,5,12,Over
3,talk,62,5,4,Over
3,talk,63,5,1,Skip
3,talk,64,5,15,Over
3,talk,65,5,3,VOTE Agent[11]
3,talk,66,6,9,Over
3,talk,67,6,15,Over
3,talk,68,6,7,Skip
3,talk,69,6,4,Over
3,talk,70,6,1,Over
3,talk,71,6,3,Skip
3,talk,72,6,5,Over
3,talk,73,6,11,ESTIMATE Agent[08] VILLAGER
3,talk,74,6,8,VOTE Agent[11]
3,talk,75,6,10,Over
3,talk,76,6,12,Over
3,talk,77,7,11,Skip
3,talk,78,7,7,Over
3,talk,79,7,4,Over
3,talk,80,7,10,Over
3,talk,81,7,15,VOTE Agent[11]
3,talk,82,7,12,Over
3,talk,83,7,3,Skip
3,talk,84,7,8,Over
3,talk,85,7,5,Over
3,talk,86,7,1,Over
3,talk,87,7,9,Over
3,talk,88,8,11,VOTE Agent[03]
3,talk,89,8,15,Over
3,talk,90,8,7,Over
3,talk,91,8,12,Over
3,talk,92,8,9,Over
3,talk,93,8,4,Over
3,talk,94,8,5,Over
3,talk,95,8,10,Over
3,talk,96,8,3,VOTE Agent[08]
3,talk,97,8,8,Over
3,talk,98,8,1,Over
3,talk,99,9,5,Over
3,talk,100,9,11,Over
3,talk,101,9,3,Skip
3,talk,102,9,9,Over
3,talk,103,9,12,Over
3,talk,104,9,7,Over
3,talk,105,9,1,Over
3,talk,106,9,4,Over
3,talk,107,9,15,Over
3,talk,108,9,10,Over
3,talk,109,9,8,Over
3,talk,110,10,7,Over
3,talk,111,10,11,Over
3,talk,112,10,8,Over
3,talk,113,10,3,Skip
3,talk,114,10,15,Over
3,talk,115,10,10,VOTE Agent[03]
3,talk,116,10,12,Over
3,talk,117,10,9,Over
3,talk,118,10,1,Over
3,talk,119,10,5,Over
3,talk,120,10,4,Over
3,talk,121,11,3,Over
3,talk,122,11,15,Over
3,talk,123,11,9,Over
3,talk,124,11,10,Skip
3,talk,125,11,7,Over
3,talk,126,11,12,Over
3,talk,127,11,11,Over
3,talk,128,11,4,Over
3,talk,129,11,5,Over
3,talk,130,11,8,Over
3,talk,131,11,1,Over
3,talk,132,12,10,Skip
3,talk,133,12,9,Over
3,talk,134,12,7,Over
3,talk,135,12,8,Over
3,talk,136,12,1,Over
3,talk,137,12,3,VOTE Agent[11]
3,talk,138,12,12,Over
3,talk,139,12,5,Over
3,talk,140,12,11,Over
3,talk,141,12,15,Over
3,talk,142,12,4,Over
3,talk,143,13,15,Over
3,talk,144,13,3,Skip
3,talk,145,13,4,Over
3,talk,146,13,9,Over
3,talk,147,13,8,Over
3,talk,148,13,11,Over
3,talk,149,13,5,Over
3,talk,150,13,12,Over
3,talk,151,13,7,Over
3,talk,152,13,10,Over
3,talk,153,13,1,Over
3,talk,154,14,4,Over
3,talk,155,14,15,Over
3,talk,156,14,10,Over
3,talk,157,14,11,Over
3,talk,158,14,12,Over
3,talk,159,14,1,Over
3,talk,160,14,8,Over
3,talk,161,14,5,Over
3,talk,162,14,7,Over
3,talk,163,14,9,Over
3,talk,164,14,3,VOTE Agent[08]
3,talk,165,15,7,Over
3,talk,166,15,10,Over
3,talk,167,15,3,VOTE Agent[11]
3,talk,168,15,12,Over
3,talk,169,15,8,Over
3,talk,170,15,1,Over
3,talk,171,15,15,Over
3,talk,172,15,11,Over
3,talk,173,15,9,Over
3,talk,174,15,4,Over
3,talk,175,15,5,Over
3,talk,176,16,10,Over
3,talk,177,16,8,Over
3,talk,178,16,12,Over
3,talk,179,16,15,Over
3,talk,180,16,3,VOTE Agent[08]
3,talk,181,16,1,Over
3,talk,182,16,7,Over
3,talk,183,16,4,Over
3,talk,184,16,9,Over
3,talk,185,16,5,Over
3,talk,186,16,11,Over
3,talk,187,17,4,Over
3,talk,188,17,7,Over
3,talk,189,17,3,Skip
3,talk,190,17,1,Over
3,talk,191,17,15,VOTE Agent[01]
3,talk,192,17,11,Over
3,talk,193,17,8,Over
3,talk,194,17,5,Over
3,talk,195,17,9,Over
3,talk,196,17,12,Over
3,talk,197,17,10,Over
3,talk,198,18,3,Skip
3,talk,199,18,12,Over
3,talk,200,18,5,Over
3,talk,201,18,10,Over
3,talk,202,18,1,Over
3,talk,203,18,9,Over
3,talk,204,18,8,Over
3,talk,205,18,7,Over
3,talk,206,18,11,Over
3,talk,207,18,15,Over
3,talk,208,18,4,Over
3,talk,209,19,1,Over
3,talk,210,19,7,Over
3,talk,211,19,4,Over
3,talk,212,19,11,Over
3,talk,213,19,5,Over
3,talk,214,19,12,Over
3,talk,215,19,8,Over
3,talk,216,19,3,VOTE Agent[11]
3,talk,217,19,15,VOTE Agent[11]
3,talk,218,19,9,Over
3,talk,219,19,10,Over
3,vote,1,3
3,vote,3,11
3,vote,4,11
3,vote,5,11
3,vote,7,11
3,vote,8,11
3,vote,9,11
3,vote,10,3
3,vote,11,3
3,vote,12,11
3,vote,15,11
3,execute,11,VILLAGER
3,divine,7,4,HUMAN
3,attackVote,3,5
3,attack,5,true
4,status,1,VILLAGER,ALIVE,f6wbl6
4,status,2,WEREWOLF,DEAD,WolfKing
4,status,3,WEREWOLF,ALIVE,WordWolf
4,status,4,VILLAGER,ALIVE,spicy2
4,status,5,VILLAGER,DEAD,yskn67
4,status,6,VILLAGER,DEAD,TRKOkami
4,status,7,SEER,ALIVE,cndl
4,status,8,VILLAGER,ALIVE,Udon
4,status,9,POSSESSED,ALIVE,marky
4,status,10,MEDIUM,ALIVE,Romanesco
4,status,11,VILLAGER,DEAD,wasabi
4,status,12,VILLAGER,ALIVE,Litt1eGirl
4,status,13,BODYGUARD,DEAD,sonoda
4,status,14,WEREWOLF,DEAD,cash
4,status,15,VILLAGER,ALIVE,Serval
4,talk,0,0,9,VOTE Agent[08]
4,talk,1,0,7,DIVINED Agent[04] HUMAN
4,talk,2,0,3,VOTE Agent[01]
4,talk,3,0,15,Skip
4,talk,4,0,10,IDENTIFIED Agent[11] HUMAN
4,talk,5,0,8,VOTE Agent[09]
4,talk,6,0,4,VOTE Agent[12]
4,talk,7,0,12,VOTE Agent[03]
4,talk,8,0,1,VOTE Agent[03]
4,talk,9,1,10,VOTE Agent[03]
4,talk,10,1,7,VOTE Agent[01]
4,talk,11,1,8,VOTE Agent[03]
4,talk,12,1,12,VOTE Agent[09]
4,talk,13,1,15,AGREE TALK day1 ID:3
4,talk,14,1,9,Skip
4,talk,15,1,3,Skip
4,talk,16,1,1,Skip
4,talk,17,1,4,Skip
4,talk,18,2,7,VOTE Agent[01]
4,talk,19,2,1,Skip
4,talk,20,2,4,Skip
4,talk,21,2,12,Over
4,talk,22,2,15,Over
4,talk,23,2,10,Skip
4,talk,24,2,3,Skip
4,talk,25,2,9,Skip
4,talk,26,2,8,Over
4,talk,27,3,9,Over
4,talk,28,3,4,Over
4,talk,29,3,1,Over
4,talk,30,3,7,ESTIMATE Agent[03] VILLAGER
4,talk,31,3,8,Over
4,talk,32,3,3,Over
4,talk,33,3,15,VOTE Agent[12]
4,talk,34,3,12,Over
4,talk,35,3,10,Skip
4,talk,36,4,3,Over
4,talk,37,4,12,Over
4,talk,38,4,8,Over
4,talk,39,4,9,Over
4,talk,40,4,7,Skip
4,talk,41,4,4,Over
4,talk,42,4,1,Over
4,talk,43,4,15,Over
4,talk,44,4,10,Over
4,talk,45,5,12,ESTIMATE Agent[10] VILLAGER
4,talk,46,5,8,Over
4,talk,47,5,4,Over
4,talk,48,5,9,Over
4,talk,49,5,3,Over
4,talk,50,5,10,Over
4,talk,51,5,1,Over
4,talk,52,5,7,Skip
4,talk,53,5,15,Over
4,talk,54,6,8,Over
4,talk,55,6,10,Over
4,talk,56,6,7,Over
4,talk,57,6,3,Over
4,talk,58,6,12,Over
4,talk,59,6,1,Over
4,talk,60,6,4,Over
4,talk,61,6,15,Over
4,talk,62,6,9,Over
4,vote,1,3
4,vote,3,1
4,vote,4,12
4,vote,7,1
4,vote,8,3
4,vote,9,8
4,vote,10,3
4,vote,12,9
4,vote,15,8
4,execute,3,WEREWOLF
4,divine,7,15,HUMAN
5,status,1,VILLAGER,ALIVE,f6wbl6
5,status,2,WEREWOLF,DEAD,WolfKing
5,status,3,WEREWOLF,DEAD,WordWolf
5,status,4,VILLAGER,ALIVE,spicy2
5,status,5,VILLAGER,DEAD,yskn67
5,status,6,VILLAGER,DEAD,TRKOkami
5,status,7,SEER,ALIVE,cndl
5,status,8,VILLAGER,ALIVE,Udon
5,status,9,POSSESSED,ALIVE,marky
5,status,10,MEDIUM,ALIVE,Romanesco
5,status,11,VILLAGER,DEAD,wasabi
5,status,12,VILLAGER,ALIVE,Litt1eGirl
5,status,13,BODYGUARD,DEAD,sonoda
5,status,14,WEREWOLF,DEAD,cash
5,status,15,VILLAGER,ALIVE,Serval
5,result,8,0,VILLAGER
