0,status,1,WEREWOLF,ALIVE,m_cre
0,status,2,VILLAGER,ALIVE,daisyo
0,status,3,POSSESSED,ALIVE,AITKN
0,status,4,SEER,ALIVE,megumish
0,status,5,VILLAGER,ALIVE,JuN1Ro
0,divine,4,5,HUMAN
1,status,1,WEREWOLF,ALIVE,m_cre
1,status,2,VILLAGER,ALIVE,daisyo
1,status,3,POSSESSED,ALIVE,AITKN
1,status,4,SEER,ALIVE,megumish
1,status,5,VILLAGER,ALIVE,JuN1Ro
1,talk,0,0,4,COMINGOUT Agent[04] SEER
1,talk,1,0,5,VOTE Agent[03]
1,talk,2,0,3,COMINGOUT Agent[03] SEER
1,talk,3,0,1,VOTE Agent[04]
1,talk,4,0,2,REQUEST(COMINGOUT Agent[02] SEER)
1,talk,5,1,2,VOTE Agent[03]
1,talk,6,1,3,DIVINED Agent[04] WEREWOLF
1,talk,7,1,5,VOTE Agent[04]
1,talk,8,1,4,DIVINED Agent[05] HUMAN
1,talk,9,1,1,Skip
1,talk,10,2,5,Over
1,talk,11,2,4,VOTE Agent[02]
1,talk,12,2,2,AGREE TALK day1 ID:8
1,talk,13,2,1,VOTE Agent[03]
1,talk,14,2,3,VOTE Agent[04]
1,talk,15,3,4,ESTIMATE Agent[03] WEREWOLF
1,talk,16,3,5,ESTIMATE Agent[01] VILLAGER
1,talk,17,3,1,Skip
1,talk,18,3,2,AGREE TALK day1 ID:9
1,talk,19,3,3,REQUEST(VOTE Agent[04])
1,talk,20,4,4,VOTE Agent[03]
1,talk,21,4,2,AGREE TALK day1 ID:16
1,talk,22,4,5,Over
1,talk,23,4,3,AGREE TALK day1 ID:7
1,talk,24,4,1,Skip
1,talk,25,5,4,Skip
1,talk,26,5,1,Over
1,talk,27,5,5,Over
1,talk,28,5,2,AGREE TALK day1 ID:24
1,talk,29,5,3,DISAGREE TALK day1 ID:15
1,talk,30,6,1,Over
1,talk,31,6,3,Over
1,talk,32,6,2,AGREE TALK day1 ID:25
1,talk,33,6,4,Skip
1,talk,34,6,5,ESTIMATE Agent[02] VILLAGER
1,talk,35,7,4,Over
1,talk,36,7,1,Over
1,talk,37,7,3,Over
1,talk,38,7,5,ESTIMATE Agent[02] VILLAGER
1,talk,39,7,2,AGREE TALK day1 ID:17
1,talk,40,8,2,AGREE TALK day1 ID:38
1,talk,41,8,4,Over
1,talk,42,8,5,Over
1,talk,43,8,1,Over
1,talk,44,8,3,Over
1,talk,45,9,3,Over
1,talk,46,9,4,Over
1,talk,47,9,5,ESTIMATE Agent[04] WEREWOLF
1,talk,48,9,1,Over
1,talk,49,9,2,AGREE TALK day1 ID:33
1,talk,50,10,4,Over
1,talk,51,10,3,Over
1,talk,52,10,2,Over
1,talk,53,10,5,Over
1,talk,54,10,1,Over
1,vote,1,3
1,vote,2,3
1,vote,3,4
1,vote,4,3
1,vote,5,4
1,execute,3,POSSESSED
1,divine,4,3,HUMAN
1,attackVote,1,5
1,attack,5,true
2,status,1,WEREWOLF,ALIVE,m_cre
2,status,2,VILLAGER,ALIVE,daisyo
2,status,3,POSSESSED,DEAD,AITKN
2,status,4,SEER,ALIVE,megumish
2,status,5,VILLAGER,DEAD,JuN1Ro
2,talk,0,0,4,DIVINED Agent[03] HUMAN
2,talk,1,0,1,VOTE Agent[04]
2,talk,2,0,2,Skip
2,talk,3,1,4,VOTE Agent[01]
2,talk,4,1,2,VOTE Agent[04]
2,talk,5,1,1,Skip
2,talk,6,2,1,Skip
2,talk,7,2,2,AGREE TALK day2 ID:0
2,talk,8,2,4,Skip
2,talk,9,3,4,Skip
2,talk,10,3,2,AGREE TALK day2 ID:6
2,talk,11,3,1,Over
2,talk,12,4,4,Over
2,talk,13,4,1,Over
2,talk,14,4,2,AGREE TALK day2 ID:9
2,talk,15,5,1,Over
2,talk,16,5,4,Over
2,talk,17,5,2,AGREE TALK day2 ID:5
2,talk,18,6,1,Over
2,talk,19,6,2,AGREE TALK day2 ID:8
2,talk,20,6,4,Over
2,talk,21,7,2,Skip
2,talk,22,7,1,Over
2,talk,23,7,4,Over
2,talk,24,8,2,Skip
2,talk,25,8,1,Over
2,talk,26,8,4,Over
2,talk,27,9,1,Over
2,talk,28,9,2,Over
2,talk,29,9,4,Over
2,vote,1,4
2,vote,2,4
2,vote,4,1
2,execute,4,SEER
2,divine,4,1,WEREWOLF
2,attackVote,1,2
2,attack,2,true
3,status,1,WEREWOLF,ALIVE,m_cre
3,status,2,VILLAGER,DEAD,daisyo
3,status,3,POSSESSED,DEAD,AITKN
3,status,4,SEER,DEAD,megumish
3,status,5,VILLAGER,DEAD,JuN1Ro
3,result,0,1,WEREWOLF
