0,status,1,SEER,ALIVE,m_cre
0,status,2,POSSESSED,ALIVE,daisyo
0,status,3,VILLAGER,ALIVE,AITKN
0,status,4,VILLAGER,ALIVE,megumish
0,status,5,WEREWOLF,ALIVE,JuN1Ro
0,divine,1,3,HUMAN
1,status,1,SEER,ALIVE,m_cre
1,status,2,POSSESSED,ALIVE,daisyo
1,status,3,VILLAGER,ALIVE,AITKN
1,status,4,VILLAGER,ALIVE,megumish
1,status,5,WEREWOLF,ALIVE,JuN1Ro
1,talk,0,0,1,COMINGOUT Agent[01] SEER
1,talk,1,0,3,Skip
1,talk,2,0,5,VOTE Agent[04]
1,talk,3,0,2,REQUEST(ESTIMATE Agent[02] VILLAGER)
1,talk,4,0,4,VOTE Agent[01]
1,talk,5,1,3,AGREE TALK day1 ID:4
1,talk,6,1,5,Over
1,talk,7,1,1,DIVINED Agent[03] HUMAN
1,talk,8,1,4,Skip
1,talk,9,1,2,VOTE Agent[01]
1,talk,10,2,1,VOTE Agent[05]
1,talk,11,2,3,REQUEST(ESTIMATE Agent[04] POSSESSED)
1,talk,12,2,4,Skip
1,talk,13,2,2,AGREE TALK day1 ID:8
1,talk,14,2,5,Over
1,talk,15,3,3,VOTE Agent[04]
1,talk,16,3,1,Skip
1,talk,17,3,4,Over
1,talk,18,3,5,Over
1,talk,19,3,2,AGREE TALK day1 ID:1
1,talk,20,4,5,Over
1,talk,21,4,1,Skip
1,talk,22,4,4,Over
1,talk,23,4,3,AGREE TALK day1 ID:9
1,talk,24,4,2,AGREE TALK day1 ID:7
1,talk,25,5,3,Skip
1,talk,26,5,4,Over
1,talk,27,5,1,Over
1,talk,28,5,2,AGREE TALK day1 ID:21
1,talk,29,5,5,Over
1,talk,30,6,4,Over
1,talk,31,6,2,AGREE TALK day1 ID:12
1,talk,32,6,5,Over
1,talk,33,6,3,Skip
1,talk,34,6,1,Over
1,talk,35,7,4,Over
1,talk,36,7,1,Over
1,talk,37,7,2,AGREE TALK day1 ID:33
1,talk,38,7,3,Over
1,talk,39,7,5,Over
1,talk,40,8,3,Over
1,talk,41,8,2,AGREE TALK day1 ID:25
1,talk,42,8,5,Over
1,talk,43,8,1,Over
1,talk,44,8,4,Over
1,talk,45,9,2,AGREE TALK day1 ID:16
1,talk,46,9,4,Over
1,talk,47,9,1,Over
1,talk,48,9,5,Over
1,talk,49,9,3,Over
1,talk,50,10,5,ESTIMATE Agent[01] VILLAGER
1,talk,51,10,3,Over
1,talk,52,10,2,Over
1,talk,53,10,1,Over
1,talk,54,10,4,Over
1,talk,55,11,3,Over
1,talk,56,11,5,ESTIMATE Agent[01] VILLAGER
1,talk,57,11,2,Over
1,talk,58,11,1,Over
1,talk,59,11,4,Over
1,talk,60,12,4,Over
1,talk,61,12,5,ESTIMATE Agent[01] VILLAGER
1,talk,62,12,2,Over
1,talk,63,12,3,Over
1,talk,64,12,1,Over
1,talk,65,13,2,Over
1,talk,66,13,1,Over
1,talk,67,13,4,Over
1,talk,68,13,3,Over
1,talk,69,13,5,ESTIMATE Agent[05] WEREWOLF
1,talk,70,14,2,Over
1,talk,71,14,3,DISAGREE TALK day1 ID:69
1,talk,72,14,5,ESTIMATE Agent[01] VILLAGER
1,talk,73,14,1,Over
1,talk,74,14,4,Over
1,talk,75,15,4,Over
1,talk,76,15,2,Over
1,talk,77,15,1,Over
1,talk,78,15,5,ESTIMATE Agent[05] WEREWOLF
1,talk,79,15,3,Skip
1,talk,80,16,1,Over
1,talk,81,16,4,Over
1,talk,82,16,3,DISAGREE TALK day1 ID:78
1,talk,83,16,2,Over
1,talk,84,16,5,ESTIMATE Agent[04] WEREWOLF
1,talk,85,17,1,Over
1,talk,86,17,4,Over
1,talk,87,17,3,Skip
1,talk,88,17,5,Over
1,talk,89,17,2,Over
1,talk,90,18,4,Over
1,talk,91,18,1,Over
1,talk,92,18,3,Skip
1,talk,93,18,2,Over
1,talk,94,18,5,Over
1,talk,95,19,2,Over
1,talk,96,19,5,Over
1,talk,97,19,4,Over
1,talk,98,19,1,Over
1,talk,99,19,3,Over
1,vote,1,5
1,vote,2,1
1,vote,3,4
1,vote,4,1
1,vote,5,4
1,vote,1,4
1,vote,2,1
1,vote,3,4
1,vote,4,1
1,vote,5,4
1,execute,4,VILLAGER
1,divine,1,5,WEREWOLF
1,attackVote,5,1
1,attack,1,true
2,status,1,SEER,DEAD,m_cre
2,status,2,POSSESSED,ALIVE,daisyo
2,status,3,VILLAGER,ALIVE,AITKN
2,status,4,VILLAGER,DEAD,megumish
2,status,5,WEREWOLF,ALIVE,JuN1Ro
2,talk,0,0,3,Skip
2,talk,1,0,5,VOTE Agent[02]
2,talk,2,0,2,Skip
2,talk,3,1,2,AGREE TALK day2 ID:0
2,talk,4,1,3,AGREE TALK day2 ID:1
2,talk,5,1,5,Over
2,talk,6,2,5,ESTIMATE Agent[02] WEREWOLF
2,talk,7,2,3,Skip
2,talk,8,2,2,Skip
2,talk,9,3,5,ESTIMATE Agent[03] VILLAGER
2,talk,10,3,2,AGREE TALK day2 ID:7
2,talk,11,3,3,AGREE TALK day2 ID:6
2,talk,12,4,5,ESTIMATE Agent[03] VILLAGER
2,talk,13,4,2,AGREE TALK day2 ID:9
2,talk,14,4,3,AGREE TALK day2 ID:9
2,talk,15,5,3,AGREE TALK day2 ID:12
2,talk,16,5,2,AGREE TALK day2 ID:12
2,talk,17,5,5,ESTIMATE Agent[03] VILLAGER
2,talk,18,6,3,AGREE TALK day2 ID:17
2,talk,19,6,2,AGREE TALK day2 ID:17
2,talk,20,6,5,Over
2,talk,21,7,3,Skip
2,talk,22,7,2,DISAGREE TALK day2 ID:6
2,talk,23,7,5,ESTIMATE Agent[02] WEREWOLF
2,talk,24,8,2,AGREE TALK day2 ID:21
2,talk,25,8,3,AGREE TALK day2 ID:23
2,talk,26,8,5,ESTIMATE Agent[03] VILLAGER
2,talk,27,9,3,AGREE TALK day2 ID:26
2,talk,28,9,2,AGREE TALK day2 ID:26
2,talk,29,9,5,ESTIMATE Agent[02] WEREWOLF
2,talk,30,10,2,DISAGREE TALK day2 ID:23
2,talk,31,10,3,AGREE TALK day2 ID:29
2,talk,32,10,5,Over
2,talk,33,11,2,DISAGREE TALK day2 ID:29
2,talk,34,11,3,Skip
2,talk,35,11,5,Over
2,talk,36,12,3,Skip
2,talk,37,12,5,ESTIMATE Agent[03] VILLAGER
2,talk,38,12,2,Over
2,talk,39,13,2,Over
2,talk,40,13,5,Over
2,talk,41,13,3,AGREE TALK day2 ID:37
2,talk,42,14,5,ESTIMATE Agent[02] WEREWOLF
2,talk,43,14,3,Skip
2,talk,44,14,2,Over
2,talk,45,15,5,Over
2,talk,46,15,3,AGREE TALK day2 ID:42
2,talk,47,15,2,Over
2,talk,48,16,3,Over
2,talk,49,16,5,Over
2,talk,50,16,2,Over
2,vote,2,5
2,vote,3,2
2,vote,5,2
2,execute,2,POSSESSED
2,attackVote,5,3
2,attack,3,true
3,status,1,SEER,DEAD,m_cre
3,status,2,POSSESSED,DEAD,daisyo
3,status,3,VILLAGER,DEAD,AITKN
3,status,4,VILLAGER,DEAD,megumish
3,status,5,WEREWOLF,ALIVE,JuN1Ro
3,result,0,1,WEREWOLF
