0,status,1,VILLAGER,ALIVE,takeda
0,status,2,VILLAGER,ALIVE,Udon
0,status,3,VILLAGER,ALIVE,wasabi
0,status,4,WEREWOLF,ALIVE,simipu
0,status,5,VILLAGER,ALIVE,Sashimi
0,status,6,BODYGUARD,ALIVE,J0hnDoe
0,status,7,VILLAGER,ALIVE,PaSeRi
0,status,8,VILLAGER,ALIVE,Camellia
0,status,9,VILLAGER,ALIVE,Tomo
0,status,10,VILLAGER,ALIVE,Tomato
0,status,11,POSSESSED,ALIVE,cube
0,status,12,SEER,ALIVE,daisyo
0,status,13,MEDIUM,ALIVE,FoxuFoxu
0,status,14,WEREWOLF,ALIVE,HALU
0,status,15,WEREWOLF,ALIVE,otsuki
0,whisper,0,0,4,Skip
0,whisper,1,0,14,COMINGOUT Agent[14] VILLAGER
0,whisper,2,0,15,COMINGOUT Agent[15] VILLAGER
0,whisper,3,1,15,COMINGOUT Agent[15] SEER
0,whisper,4,1,4,Skip
0,whisper,5,1,14,Skip
0,whisper,6,2,15,Skip
0,whisper,7,2,4,Over
0,whisper,8,2,14,Skip
0,whisper,9,3,14,Over
0,whisper,10,3,4,Over
0,whisper,11,3,15,Skip
0,whisper,12,4,15,Over
0,whisper,13,4,14,Over
0,whisper,14,4,4,Over
0,divine,12,3,HUMAN
1,status,1,VILLAGER,ALIVE,takeda
1,status,2,VILLAGER,ALIVE,Udon
1,status,3,VILLAGER,ALIVE,wasabi
1,status,4,WEREWOLF,ALIVE,simipu
1,status,5,VILLAGER,ALIVE,Sashimi
1,status,6,BODYGUARD,ALIVE,J0hnDoe
1,status,7,VILLAGER,ALIVE,PaSeRi
1,status,8,VILLAGER,ALIVE,Camellia
1,status,9,VILLAGER,ALIVE,Tomo
1,status,10,VILLAGER,ALIVE,Tomato
1,status,11,POSSESSED,ALIVE,cube
1,status,12,SEER,ALIVE,daisyo
1,status,13,MEDIUM,ALIVE,FoxuFoxu
1,status,14,WEREWOLF,ALIVE,HALU
1,status,15,WEREWOLF,ALIVE,otsuki
1,talk,0,0,11,VOTE Agent[14]
1,talk,1,0,15,COMINGOUT Agent[15] SEER
1,talk,2,0,12,COMINGOUT Agent[12] SEER
1,talk,3,0,4,VOTE Agent[14]
1,talk,4,0,6,VOTE Agent[14]
1,talk,5,0,13,Skip
1,talk,6,0,8,Skip
1,talk,7,0,14,VOTE Agent[11]
1,talk,8,0,3,ESTIMATE Agent[12] WEREWOLF
1,talk,9,0,9,VOTE Agent[14]
1,talk,10,0,1,VOTE Agent[14]
1,talk,11,0,5,VOTE Agent[13]
1,talk,12,0,7,Skip
1,talk,13,0,10,VOTE Agent[02]
1,talk,14,0,2,VOTE Agent[11]
1,talk,15,1,5,ESTIMATE Agent[01] WEREWOLF
1,talk,16,1,2,Over
1,talk,17,1,12,DIVINED Agent[03] HUMAN
1,talk,18,1,3,ESTIMATE Agent[10] VILLAGER
1,talk,19,1,13,Skip
1,talk,20,1,6,VOTE Agent[14]
1,talk,21,1,15,DIVINED Agent[12] WEREWOLF
1,talk,22,1,7,Skip
1,talk,23,1,11,VOTE Agent[15]
1,talk,24,1,14,VOTE Agent[12]
1,talk,25,1,10,VOTE Agent[12]
1,talk,26,1,9,VOTE Agent[14]
1,talk,27,1,8,REQUEST Agent[12] (DIVINATION Agent[12])
1,talk,28,1,1,VOTE Agent[04]
1,talk,29,1,4,Skip
1,talk,30,2,14,VOTE Agent[12]
1,talk,31,2,13,Over
1,talk,32,2,15,VOTE Agent[12]
1,talk,33,2,4,VOTE Agent[12]
1,talk,34,2,7,Over
1,talk,35,2,8,REQUEST Agent[12] (DIVINATION Agent[12])
1,talk,36,2,2,VOTE Agent[12]
1,talk,37,2,9,VOTE Agent[12]
1,talk,38,2,5,COMINGOUT Agent[05] SEER
1,talk,39,2,12,VOTE Agent[02]
1,talk,40,2,6,VOTE Agent[02]
1,talk,41,2,3,Skip
1,talk,42,2,10,Skip
1,talk,43,2,1,VOTE Agent[05]
1,talk,44,2,11,Skip
1,talk,45,3,11,Skip
1,talk,46,3,15,REQUEST ANY (VOTE Agent[12])
1,talk,47,3,12,Skip
1,talk,48,3,3,VOTE Agent[02]
1,talk,49,3,6,VOTE Agent[02]
1,talk,50,3,5,DIVINED Agent[12] HUMAN
1,talk,51,3,2,VOTE Agent[11]
1,talk,52,3,4,Skip
1,talk,53,3,9,VOTE Agent[12]
1,talk,54,3,7,Over
1,talk,55,3,14,VOTE Agent[12]
1,talk,56,3,10,Skip
1,talk,57,3,8,REQUEST Agent[05] (DIVINATION Agent[12])
1,talk,58,3,1,VOTE Agent[02]
1,talk,59,3,13,Over
1,talk,60,4,11,VOTE Agent[02]
1,talk,61,4,4,VOTE Agent[02]
1,talk,62,4,10,Over
1,talk,63,4,1,VOTE Agent[05]
1,talk,64,4,5,VOTE Agent[13]
1,talk,65,4,14,VOTE Agent[12]
1,talk,66,4,8,REQUEST Agent[05] (DIVINATION Agent[12])
1,talk,67,4,7,Over
1,talk,68,4,15,Skip
1,talk,69,4,3,VOTE Agent[11]
1,talk,70,4,2,VOTE Agent[12]
1,talk,71,4,6,VOTE Agent[02]
1,talk,72,4,13,Over
1,talk,73,4,12,Skip
1,talk,74,4,9,VOTE Agent[12]
1,talk,75,5,9,VOTE Agent[12]
1,talk,76,5,13,Over
1,talk,77,5,15,Skip
1,talk,78,5,12,Over
1,talk,79,5,1,Skip
1,talk,80,5,8,REQUEST Agent[05] (DIVINATION Agent[12])
1,talk,81,5,6,VOTE Agent[02]
1,talk,82,5,2,Over
1,talk,83,5,11,Skip
1,talk,84,5,10,Over
1,talk,85,5,5,VOTE Agent[03]
1,talk,86,5,3,VOTE Agent[02]
1,talk,87,5,14,VOTE Agent[12]
1,talk,88,5,4,Skip
1,talk,89,5,7,Over
1,talk,90,6,5,VOTE Agent[01]
1,talk,91,6,1,Skip
1,talk,92,6,3,ESTIMATE Agent[15] WEREWOLF
1,talk,93,6,13,Over
1,talk,94,6,11,Skip
1,talk,95,6,6,VOTE Agent[02]
1,talk,96,6,15,Over
1,talk,97,6,12,Over
1,talk,98,6,14,VOTE Agent[12]
1,talk,99,6,8,REQUEST Agent[05] (DIVINATION Agent[12])
1,talk,100,6,4,VOTE Agent[12]
1,talk,101,6,7,Over
1,talk,102,6,10,Over
1,talk,103,6,9,VOTE Agent[12]
1,talk,104,6,2,VOTE Agent[11]
1,talk,105,7,10,Over
1,talk,106,7,4,Skip
1,talk,107,7,5,VOTE Agent[13]
1,talk,108,7,15,Over
1,talk,109,7,12,Over
1,talk,110,7,14,VOTE Agent[12]
1,talk,111,7,13,Over
1,talk,112,7,9,VOTE Agent[12]
1,talk,113,7,1,VOTE Agent[02]
1,talk,114,7,8,REQUEST Agent[05] (DIVINATION Agent[12])
1,talk,115,7,6,VOTE Agent[02]
1,talk,116,7,11,Over
1,talk,117,7,2,VOTE Agent[12]
1,talk,118,7,3,ESTIMATE Agent[09] VILLAGER
1,talk,119,7,7,Over
1,talk,120,8,11,Over
1,talk,121,8,4,Skip
1,talk,122,8,14,VOTE Agent[12]
1,talk,123,8,1,Skip
1,talk,124,8,10,Over
1,talk,125,8,15,Over
1,talk,126,8,12,Over
1,talk,127,8,5,VOTE Agent[06]
1,talk,128,8,13,Over
1,talk,129,8,7,Over
1,talk,130,8,6,VOTE Agent[02]
1,talk,131,8,8,REQUEST Agent[05] (DIVINATION Agent[12])
1,talk,132,8,2,Over
1,talk,133,8,3,ESTIMATE Agent[05] WEREWOLF
1,talk,134,8,9,VOTE Agent[12]
1,talk,135,9,10,Over
1,talk,136,9,5,VOTE Agent[13]
1,talk,137,9,4,Over
1,talk,138,9,11,Over
1,talk,139,9,13,Over
1,talk,140,9,14,Over
1,talk,141,9,15,Over
1,talk,142,9,6,VOTE Agent[02]
1,talk,143,9,7,Over
1,talk,144,9,9,VOTE Agent[12]
1,talk,145,9,1,Skip
1,talk,146,9,12,Over
1,talk,147,9,2,Over
1,talk,148,9,8,REQUEST Agent[05] (DIVINATION Agent[12])
1,talk,149,9,3,Over
1,talk,150,10,6,Over
1,talk,151,10,1,Over
1,talk,152,10,14,Over
1,talk,153,10,2,Over
1,talk,154,10,12,Over
1,talk,155,10,13,Over
1,talk,156,10,4,Over
1,talk,157,10,9,Over
1,talk,158,10,8,REQUEST Agent[05] (DIVINATION Agent[12])
1,talk,159,10,7,Over
1,talk,160,10,11,Over
1,talk,161,10,5,Over
1,talk,162,10,10,Over
1,talk,163,10,15,Over
1,talk,164,10,3,Over
1,talk,165,11,6,Over
1,talk,166,11,5,Over
1,talk,167,11,12,Over
1,talk,168,11,15,Over
1,talk,169,11,13,Over
1,talk,170,11,8,Over
1,talk,171,11,1,Over
1,talk,172,11,9,Over
1,talk,173,11,3,Over
1,talk,174,11,7,Over
1,talk,175,11,14,Over
1,talk,176,11,11,Over
1,talk,177,11,10,Over
1,talk,178,11,2,Over
1,talk,179,11,4,Over
1,vote,1,2
1,vote,2,12
1,vote,3,2
1,vote,4,12
1,vote,5,12
1,vote,6,2
1,vote,7,8
1,vote,8,12
1,vote,9,12
1,vote,10,12
1,vote,11,12
1,vote,12,2
1,vote,13,1
1,vote,14,12
1,vote,15,12
1,execute,12,SEER
1,whisper,0,0,4,Skip
1,whisper,1,0,14,ATTACK Agent[12]
1,whisper,2,0,15,ATTACK Agent[06]
1,whisper,3,1,15,Skip
1,whisper,4,1,14,Skip
1,whisper,5,1,4,Skip
1,whisper,6,2,14,Skip
1,whisper,7,2,4,Over
1,whisper,8,2,15,Skip
1,whisper,9,3,4,Over
1,whisper,10,3,15,Over
1,whisper,11,3,14,Over
1,guard,6,9,VILLAGER
1,attackVote,4,6
1,attackVote,14,7
1,attackVote,15,6
1,attack,6,true
2,status,1,VILLAGER,ALIVE,takeda
2,status,2,VILLAGER,ALIVE,Udon
2,status,3,VILLAGER,ALIVE,wasabi
2,status,4,WEREWOLF,ALIVE,simipu
2,status,5,VILLAGER,ALIVE,Sashimi
2,status,6,BODYGUARD,DEAD,J0hnDoe
2,status,7,VILLAGER,ALIVE,PaSeRi
2,status,8,VILLAGER,ALIVE,Camellia
2,status,9,VILLAGER,ALIVE,Tomo
2,status,10,VILLAGER,ALIVE,Tomato
2,status,11,POSSESSED,ALIVE,cube
2,status,12,SEER,DEAD,daisyo
2,status,13,MEDIUM,ALIVE,FoxuFoxu
2,status,14,WEREWOLF,ALIVE,HALU
2,status,15,WEREWOLF,ALIVE,otsuki
2,talk,0,0,2,VOTE Agent[07]
2,talk,1,0,9,VOTE Agent[07]
2,talk,2,0,8,REQUEST Agent[05] (DIVINATION Agent[12])
2,talk,3,0,7,Skip
2,talk,4,0,13,Skip
2,talk,5,0,5,VOTE Agent[07]
2,talk,6,0,10,VOTE Agent[01]
2,talk,7,0,14,VOTE Agent[07]
2,talk,8,0,1,VOTE Agent[02]
2,talk,9,0,4,VOTE Agent[07]
2,talk,10,0,3,ESTIMATE Agent[07] VILLAGER
2,talk,11,0,15,DIVINED Agent[05] WEREWOLF
2,talk,12,0,11,VOTE Agent[02]
2,talk,13,1,14,VOTE Agent[05]
2,talk,14,1,4,Skip
2,talk,15,1,9,VOTE Agent[07]
2,talk,16,1,11,Skip
2,talk,17,1,8,REQUEST Agent[05] (DIVINATION Agent[12])
2,talk,18,1,3,ESTIMATE Agent[14] VILLAGER
2,talk,19,1,5,DIVINED Agent[01] WEREWOLF
2,talk,20,1,2,VOTE Agent[01]
2,talk,21,1,1,VOTE Agent[04]
2,talk,22,1,7,Skip
2,talk,23,1,10,VOTE Agent[05]
2,talk,24,1,13,Skip
2,talk,25,1,15,Skip
2,talk,26,2,9,VOTE Agent[07]
2,talk,27,2,7,Over
2,talk,28,2,5,VOTE Agent[07]
2,talk,29,2,4,Skip
2,talk,30,2,3,ESTIMATE Agent[15] WEREWOLF
2,talk,31,2,14,VOTE Agent[05]
2,talk,32,2,1,VOTE Agent[02]
2,talk,33,2,11,Skip
2,talk,34,2,10,Skip
2,talk,35,2,15,VOTE Agent[05]
2,talk,36,2,8,REQUEST Agent[05] (DIVINATION Agent[12])
2,talk,37,2,2,Over
2,talk,38,2,13,Over
2,talk,39,3,13,Over
2,talk,40,3,7,Over
2,talk,41,3,4,VOTE Agent[05]
2,talk,42,3,15,REQUEST ANY (VOTE Agent[05])
2,talk,43,3,10,Skip
2,talk,44,3,14,VOTE Agent[05]
2,talk,45,3,9,VOTE Agent[05]
2,talk,46,3,1,Skip
2,talk,47,3,11,Over
2,talk,48,3,5,VOTE Agent[08]
2,talk,49,3,3,VOTE Agent[02]
2,talk,50,3,8,REQUEST Agent[05] (DIVINATION Agent[12])
2,talk,51,3,2,Over
2,talk,52,4,8,REQUEST Agent[05] (DIVINATION Agent[05])
2,talk,53,4,4,Skip
2,talk,54,4,9,VOTE Agent[05]
2,talk,55,4,13,Over
2,talk,56,4,14,VOTE Agent[05]
2,talk,57,4,5,VOTE Agent[03]
2,talk,58,4,15,Skip
2,talk,59,4,2,Over
2,talk,60,4,1,Skip
2,talk,61,4,11,Over
2,talk,62,4,10,Over
2,talk,63,4,7,Over
2,talk,64,4,3,Skip
2,talk,65,5,13,Over
2,talk,66,5,2,Over
2,talk,67,5,10,Over
2,talk,68,5,5,VOTE Agent[10]
2,talk,69,5,4,Skip
2,talk,70,5,7,Over
2,talk,71,5,1,Over
2,talk,72,5,8,REQUEST Agent[05] (DIVINATION Agent[05])
2,talk,73,5,15,Skip
2,talk,74,5,3,ESTIMATE Agent[14] VILLAGER
2,talk,75,5,9,VOTE Agent[05]
2,talk,76,5,14,VOTE Agent[05]
2,talk,77,5,11,Over
2,talk,78,6,8,REQUEST Agent[05] (DIVINATION Agent[05])
2,talk,79,6,5,VOTE Agent[09]
2,talk,80,6,10,Over
2,talk,81,6,15,Over
2,talk,82,6,4,Over
2,talk,83,6,3,Skip
2,talk,84,6,9,VOTE Agent[05]
2,talk,85,6,14,VOTE Agent[05]
2,talk,86,6,11,Over
2,talk,87,6,2,Over
2,talk,88,6,1,Over
2,talk,89,6,13,Over
2,talk,90,6,7,Over
2,talk,91,7,5,VOTE Agent[04]
2,talk,92,7,1,Over
2,talk,93,7,15,Over
2,talk,94,7,8,REQUEST Agent[05] (DIVINATION Agent[12])
2,talk,95,7,2,Over
2,talk,96,7,10,Over
2,talk,97,7,9,VOTE Agent[05]
2,talk,98,7,7,Over
2,talk,99,7,4,Over
2,talk,100,7,14,VOTE Agent[05]
2,talk,101,7,13,Over
2,talk,102,7,11,Over
2,talk,103,7,3,ESTIMATE Agent[07] VILLAGER
2,talk,104,8,4,Over
2,talk,105,8,2,Over
2,talk,106,8,14,VOTE Agent[05]
2,talk,107,8,5,VOTE Agent[13]
2,talk,108,8,8,REQUEST Agent[05] (DIVINATION Agent[12])
2,talk,109,8,9,VOTE Agent[05]
2,talk,110,8,3,ESTIMATE Agent[07] VILLAGER
2,talk,111,8,7,Over
2,talk,112,8,1,Over
2,talk,113,8,11,Over
2,talk,114,8,13,Over
2,talk,115,8,15,Over
2,talk,116,8,10,Over
2,talk,117,9,11,Over
2,talk,118,9,5,VOTE Agent[15]
2,talk,119,9,2,Over
2,talk,120,9,1,Over
2,talk,121,9,15,Over
2,talk,122,9,4,Over
2,talk,123,9,13,Over
2,talk,124,9,7,Over
2,talk,125,9,9,VOTE Agent[05]
2,talk,126,9,14,Over
2,talk,127,9,8,REQUEST Agent[05] (DIVINATION Agent[12])
2,talk,128,9,3,Over
2,talk,129,9,10,Over
2,talk,130,10,7,Over
2,talk,131,10,14,Over
2,talk,132,10,11,Over
2,talk,133,10,13,Over
2,talk,134,10,9,Over
2,talk,135,10,1,Over
2,talk,136,10,2,Over
2,talk,137,10,10,Over
2,talk,138,10,15,Over
2,talk,139,10,8,Over
2,talk,140,10,3,Over
2,talk,141,10,5,Over
2,talk,142,10,4,Over
2,vote,1,2
2,vote,2,1
2,vote,3,2
2,vote,4,5
2,vote,5,15
2,vote,7,14
2,vote,8,5
2,vote,9,5
2,vote,10,5
2,vote,11,5
2,vote,13,1
2,vote,14,5
2,vote,15,5
2,execute,5,VILLAGER
2,whisper,0,0,14,ATTACK Agent[02]
2,whisper,1,0,15,ESTIMATE Agent[05] POSSESSED
2,whisper,2,0,4,Skip
2,whisper,3,1,4,Skip
2,whisper,4,1,15,ATTACK Agent[02]
2,whisper,5,1,14,Skip
2,whisper,6,2,14,Skip
2,whisper,7,2,15,Skip
2,whisper,8,2,4,Over
2,whisper,9,3,4,Over
2,whisper,10,3,14,Over
2,whisper,11,3,15,Skip
2,whisper,12,4,4,Over
2,whisper,13,4,15,Over
2,whisper,14,4,14,Over
2,attackVote,4,13
2,attackVote,14,7
2,attackVote,15,2
2,attackVote,4,13
2,attackVote,14,9
2,attackVote,15,2
2,attack,9,true
3,status,1,VILLAGER,ALIVE,takeda
3,status,2,VILLAGER,ALIVE,Udon
3,status,3,VILLAGER,ALIVE,wasabi
3,status,4,WEREWOLF,ALIVE,simipu
3,status,5,VILLAGER,DEAD,Sashimi
3,status,6,BODYGUARD,DEAD,J0hnDoe
3,status,7,VILLAGER,ALIVE,PaSeRi
3,status,8,VILLAGER,ALIVE,Camellia
3,status,9,VILLAGER,DEAD,Tomo
3,status,10,VILLAGER,ALIVE,Tomato
3,status,11,POSSESSED,ALIVE,cube
3,status,12,SEER,DEAD,daisyo
3,status,13,MEDIUM,ALIVE,FoxuFoxu
3,status,14,WEREWOLF,ALIVE,HALU
3,status,15,WEREWOLF,ALIVE,otsuki
3,talk,0,0,11,VOTE Agent[02]
3,talk,1,0,8,REQUEST Agent[05] (DIVINATION Agent[12])
3,talk,2,0,15,DIVINED Agent[01] HUMAN
3,talk,3,0,13,Skip
3,talk,4,0,1,VOTE Agent[02]
3,talk,5,0,14,VOTE Agent[01]
3,talk,6,0,4,VOTE Agent[02]
3,talk,7,0,3,ESTIMATE Agent[13] WEREWOLF
3,talk,8,0,10,VOTE Agent[13]
3,talk,9,0,7,Skip
3,talk,10,0,2,VOTE Agent[07]
3,talk,11,1,7,Skip
3,talk,12,1,11,Skip
3,talk,13,1,8,REQUEST Agent[05] (DIVINATION Agent[12])
3,talk,14,1,2,Over
3,talk,15,1,13,Skip
3,talk,16,1,1,VOTE Agent[04]
3,talk,17,1,14,VOTE Agent[01]
3,talk,18,1,10,Skip
3,talk,19,1,4,Skip
3,talk,20,1,3,ESTIMATE Agent[15] WEREWOLF
3,talk,21,1,15,Skip
3,talk,22,2,1,Skip
3,talk,23,2,8,REQUEST Agent[05] (DIVINATION Agent[12])
3,talk,24,2,4,Skip
3,talk,25,2,14,VOTE Agent[01]
3,talk,26,2,2,Over
3,talk,27,2,10,Skip
3,talk,28,2,11,VOTE Agent[15]
3,talk,29,2,7,Over
3,talk,30,2,15,VOTE Agent[03]
3,talk,31,2,13,Over
3,talk,32,2,3,ESTIMATE Agent[08] WEREWOLF
3,talk,33,3,3,VOTE Agent[02]
3,talk,34,3,2,Over
3,talk,35,3,7,Over
3,talk,36,3,1,Skip
3,talk,37,3,11,VOTE Agent[04]
3,talk,38,3,14,VOTE Agent[01]
3,talk,39,3,8,REQUEST Agent[05] (DIVINATION Agent[12])
3,talk,40,3,15,REQUEST ANY (VOTE Agent[03])
3,talk,41,3,10,VOTE Agent[08]
3,talk,42,3,4,Over
3,talk,43,3,13,Over
3,talk,44,4,7,Over
3,talk,45,4,2,VOTE Agent[04]
3,talk,46,4,10,Skip
3,talk,47,4,13,Over
3,talk,48,4,15,Skip
3,talk,49,4,1,Over
3,talk,50,4,3,VOTE Agent[08]
3,talk,51,4,11,Skip
3,talk,52,4,4,VOTE Agent[08]
3,talk,53,4,14,VOTE Agent[01]
3,talk,54,4,8,REQUEST Agent[05] (DIVINATION Agent[05])
3,talk,55,5,13,Over
3,talk,56,5,3,ESTIMATE Agent[02] WEREWOLF
3,talk,57,5,2,VOTE Agent[07]
3,talk,58,5,1,Over
3,talk,59,5,8,REQUEST Agent[05] (DIVINATION Agent[12])
3,talk,60,5,4,Skip
3,talk,61,5,11,Skip
3,talk,62,5,15,Skip
3,talk,63,5,14,VOTE Agent[01]
3,talk,64,5,10,Skip
3,talk,65,5,7,Over
3,talk,66,6,14,VOTE Agent[01]
3,talk,67,6,15,Over
3,talk,68,6,7,Over
3,talk,69,6,11,Over
3,talk,70,6,4,Skip
3,talk,71,6,8,REQUEST Agent[05] (DIVINATION Agent[12])
3,talk,72,6,2,Over
3,talk,73,6,1,Over
3,talk,74,6,13,Over
3,talk,75,6,10,Over
3,talk,76,6,3,Skip
3,talk,77,7,2,Over
3,talk,78,7,13,Over
3,talk,79,7,11,Over
3,talk,80,7,10,Over
3,talk,81,7,1,Over
3,talk,82,7,3,ESTIMATE Agent[08] VILLAGER
3,talk,83,7,4,Over
3,talk,84,7,8,REQUEST Agent[05] (DIVINATION Agent[05])
3,talk,85,7,7,Over
3,talk,86,7,14,VOTE Agent[01]
3,talk,87,7,15,Over
3,talk,88,8,14,VOTE Agent[01]
3,talk,89,8,11,Over
3,talk,90,8,2,Over
3,talk,91,8,4,Over
3,talk,92,8,8,REQUEST Agent[05] (DIVINATION Agent[12])
3,talk,93,8,10,Over
3,talk,94,8,7,Over
3,talk,95,8,3,ESTIMATE Agent[14] VILLAGER
3,talk,96,8,1,Over
3,talk,97,8,13,Over
3,talk,98,8,15,Over
3,talk,99,9,3,Over
3,talk,100,9,1,Over
3,talk,101,9,13,Over
3,talk,102,9,14,Over
3,talk,103,9,8,REQUEST Agent[05] (DIVINATION Agent[12])
3,talk,104,9,4,Over
3,talk,105,9,2,Over
3,talk,106,9,11,Over
3,talk,107,9,7,Over
3,talk,108,9,10,Over
3,talk,109,9,15,Over
3,talk,110,10,13,Over
3,talk,111,10,8,Over
3,talk,112,10,3,Over
3,talk,113,10,11,Over
3,talk,114,10,7,Over
3,talk,115,10,2,Over
3,talk,116,10,1,Over
3,talk,117,10,10,Over
3,talk,118,10,15,Over
3,talk,119,10,4,Over
3,talk,120,10,14,Over
3,vote,1,4
3,vote,2,7
3,vote,3,8
3,vote,4,8
3,vote,7,13
3,vote,8,1
3,vote,10,8
3,vote,11,4
3,vote,13,7
3,vote,14,1
3,vote,15,3
3,execute,8,VILLAGER
3,whisper,0,0,4,Skip
3,whisper,1,0,15,ATTACK Agent[02]
3,whisper,2,0,14,ATTACK Agent[08]
3,whisper,3,1,14,Skip
3,whisper,4,1,4,Skip
3,whisper,5,1,15,Skip
3,whisper,6,2,14,Skip
3,whisper,7,2,4,Over
3,whisper,8,2,15,Skip
3,whisper,9,3,15,Over
3,whisper,10,3,14,Over
3,whisper,11,3,4,Over
3,attackVote,4,2
3,attackVote,14,7
3,attackVote,15,2
3,attack,2,true
4,status,1,VILLAGER,ALIVE,takeda
4,status,2,VILLAGER,DEAD,Udon
4,status,3,VILLAGER,ALIVE,wasabi
4,status,4,WEREWOLF,ALIVE,simipu
4,status,5,VILLAGER,DEAD,Sashimi
4,status,6,BODYGUARD,DEAD,J0hnDoe
4,status,7,VILLAGER,ALIVE,PaSeRi
4,status,8,VILLAGER,DEAD,Camellia
4,status,9,VILLAGER,DEAD,Tomo
4,status,10,VILLAGER,ALIVE,Tomato
4,status,11,POSSESSED,ALIVE,cube
4,status,12,SEER,DEAD,daisyo
4,status,13,MEDIUM,ALIVE,FoxuFoxu
4,status,14,WEREWOLF,ALIVE,HALU
4,status,15,WEREWOLF,ALIVE,otsuki
4,talk,0,0,7,Skip
4,talk,1,0,14,VOTE Agent[01]
4,talk,2,0,1,VOTE Agent[04]
4,talk,3,0,3,ESTIMATE Agent[11] VILLAGER
4,talk,4,0,11,VOTE Agent[04]
4,talk,5,0,10,VOTE Agent[03]
4,talk,6,0,15,DIVINED Agent[03] HUMAN
4,talk,7,0,13,COMINGOUT Agent[13] MEDIUM
4,talk,8,0,4,VOTE Agent[01]
4,talk,9,1,10,Skip
4,talk,10,1,11,Skip
4,talk,11,1,1,VOTE Agent[13]
4,talk,12,1,14,VOTE Agent[01]
4,talk,13,1,7,Skip
4,talk,14,1,15,Skip
4,talk,15,1,13,DAY 4 (IDENTIFIED Agent[08] HUMAN)
4,talk,16,1,4,Skip
4,talk,17,1,3,ESTIMATE Agent[14] WEREWOLF
4,talk,18,2,15,VOTE Agent[07]
4,talk,19,2,10,Skip
4,talk,20,2,3,Skip
4,talk,21,2,13,DAY 3 (IDENTIFIED Agent[05] HUMAN)
4,talk,22,2,11,Skip
4,talk,23,2,7,Over
4,talk,24,2,4,Skip
4,talk,25,2,14,VOTE Agent[01]
4,talk,26,2,1,VOTE Agent[04]
4,talk,27,3,11,Over
4,talk,28,3,4,Over
4,talk,29,3,1,Skip
4,talk,30,3,10,Over
4,talk,31,3,7,Over
4,talk,32,3,3,VOTE Agent[01]
4,talk,33,3,15,VOTE Agent[13]
4,talk,34,3,13,DAY 2 (IDENTIFIED Agent[12] HUMAN)
4,talk,35,3,14,VOTE Agent[01]
4,talk,36,4,13,Skip
4,talk,37,4,3,ESTIMATE Agent[01] WEREWOLF
4,talk,38,4,1,Skip
4,talk,39,4,11,Over
4,talk,40,4,7,Over
4,talk,41,4,10,VOTE Agent[07]
4,talk,42,4,4,Over
4,talk,43,4,15,REQUEST ANY (VOTE Agent[13])
4,talk,44,4,14,VOTE Agent[01]
4,talk,45,5,15,Skip
4,talk,46,5,14,VOTE Agent[01]
4,talk,47,5,3,ESTIMATE Agent[07] VILLAGER
4,talk,48,5,13,Skip
4,talk,49,5,4,Over
4,talk,50,5,10,Skip
4,talk,51,5,1,Over
4,talk,52,5,11,Over
4,talk,53,5,7,Over
4,talk,54,6,10,Skip
4,talk,55,6,3,REQUEST ANY (VOTE Agent[01])
4,talk,56,6,4,Over
4,talk,57,6,7,Over
4,talk,58,6,14,VOTE Agent[01]
4,talk,59,6,15,Skip
4,talk,60,6,13,Over
4,talk,61,6,1,Over
4,talk,62,6,11,Over
4,talk,63,7,3,ESTIMATE Agent[15] WEREWOLF
4,talk,64,7,4,Over
4,talk,65,7,15,Over
4,talk,66,7,11,Over
4,talk,67,7,7,Over
4,talk,68,7,14,VOTE Agent[01]
4,talk,69,7,13,Over
4,talk,70,7,10,Over
4,talk,71,7,1,Over
4,talk,72,8,1,Over
4,talk,73,8,11,Over
4,talk,74,8,13,Over
4,talk,75,8,4,Over
4,talk,76,8,14,VOTE Agent[01]
4,talk,77,8,7,Over
4,talk,78,8,10,Over
4,talk,79,8,15,Over
4,talk,80,8,3,ESTIMATE Agent[10] VILLAGER
4,talk,81,9,4,Over
4,talk,82,9,13,Over
4,talk,83,9,10,Over
4,talk,84,9,15,Over
4,talk,85,9,14,Over
4,talk,86,9,3,Over
4,talk,87,9,11,Over
4,talk,88,9,7,Over
4,talk,89,9,1,Over
4,vote,1,4
4,vote,3,1
4,vote,4,1
4,vote,7,13
4,vote,10,7
4,vote,11,4
4,vote,13,7
4,vote,14,1
4,vote,15,1
4,execute,1,VILLAGER
4,whisper,0,0,14,ATTACK Agent[13]
4,whisper,1,0,4,Skip
4,whisper,2,0,15,ATTACK Agent[13]
4,whisper,3,1,4,Skip
4,whisper,4,1,14,Skip
4,whisper,5,1,15,Skip
4,whisper,6,2,15,Skip
4,whisper,7,2,4,Over
4,whisper,8,2,14,Skip
4,whisper,9,3,15,Over
4,whisper,10,3,14,Over
4,whisper,11,3,4,Over
4,attackVote,4,7
4,attackVote,14,13
4,attackVote,15,13
4,attack,13,true
5,status,1,VILLAGER,DEAD,takeda
5,status,2,VILLAGER,DEAD,Udon
5,status,3,VILLAGER,ALIVE,wasabi
5,status,4,WEREWOLF,ALIVE,simipu
5,status,5,VILLAGER,DEAD,Sashimi
5,status,6,BODYGUARD,DEAD,J0hnDoe
5,status,7,VILLAGER,ALIVE,PaSeRi
5,status,8,VILLAGER,DEAD,Camellia
5,status,9,VILLAGER,DEAD,Tomo
5,status,10,VILLAGER,ALIVE,Tomato
5,status,11,POSSESSED,ALIVE,cube
5,status,12,SEER,DEAD,daisyo
5,status,13,MEDIUM,DEAD,FoxuFoxu
5,status,14,WEREWOLF,ALIVE,HALU
5,status,15,WEREWOLF,ALIVE,otsuki
5,talk,0,0,3,ESTIMATE Agent[14] VILLAGER
5,talk,1,0,15,DIVINED Agent[07] HUMAN
5,talk,2,0,7,Skip
5,talk,3,0,10,VOTE Agent[15]
5,talk,4,0,14,VOTE Agent[11]
5,talk,5,0,11,VOTE Agent[15]
5,talk,6,0,4,VOTE Agent[15]
5,talk,7,1,11,Skip
5,talk,8,1,14,VOTE Agent[11]
5,talk,9,1,10,Skip
5,talk,10,1,4,Skip
5,talk,11,1,3,ESTIMATE Agent[15] WEREWOLF
5,talk,12,1,15,Skip
5,talk,13,1,7,Skip
5,talk,14,2,15,ESTIMATE Agent[11] WEREWOLF
5,talk,15,2,10,Skip
5,talk,16,2,14,VOTE Agent[10]
5,talk,17,2,11,Skip
5,talk,18,2,4,Skip
5,talk,19,2,3,ESTIMATE Agent[14] VILLAGER
5,talk,20,2,7,Over
5,talk,21,3,7,Over
5,talk,22,3,3,VOTE Agent[15]
5,talk,23,3,15,VOTE Agent[11]
5,talk,24,3,4,Over
5,talk,25,3,11,Over
5,talk,26,3,10,Over
5,talk,27,3,14,VOTE Agent[11]
5,talk,28,4,15,REQUEST ANY (VOTE Agent[11])
5,talk,29,4,10,Over
5,talk,30,4,14,VOTE Agent[11]
5,talk,31,4,7,Over
5,talk,32,4,4,Over
5,talk,33,4,11,Over
5,talk,34,4,3,Skip
5,talk,35,5,3,ESTIMATE Agent[14] VILLAGER
5,talk,36,5,7,Over
5,talk,37,5,4,Over
5,talk,38,5,15,Skip
5,talk,39,5,10,Over
5,talk,40,5,14,VOTE Agent[11]
5,talk,41,5,11,Over
5,talk,42,6,10,Over
5,talk,43,6,7,Over
5,talk,44,6,3,ESTIMATE Agent[07] VILLAGER
5,talk,45,6,14,VOTE Agent[11]
5,talk,46,6,11,Over
5,talk,47,6,4,Over
5,talk,48,6,15,Skip
5,talk,49,7,14,VOTE Agent[11]
5,talk,50,7,15,Over
5,talk,51,7,11,Over
5,talk,52,7,10,Over
5,talk,53,7,3,ESTIMATE Agent[07] VILLAGER
5,talk,54,7,4,Over
5,talk,55,7,7,Over
5,talk,56,8,11,Over
5,talk,57,8,3,ESTIMATE Agent[10] VILLAGER
5,talk,58,8,7,Over
5,talk,59,8,10,Over
5,talk,60,8,14,VOTE Agent[11]
5,talk,61,8,4,Over
5,talk,62,8,15,Over
5,talk,63,9,14,Over
5,talk,64,9,11,Over
5,talk,65,9,7,Over
5,talk,66,9,4,Over
5,talk,67,9,3,Over
5,talk,68,9,10,Over
5,talk,69,9,15,Over
5,vote,3,15
5,vote,4,15
5,vote,7,3
5,vote,10,15
5,vote,11,15
5,vote,14,11
5,vote,15,11
5,execute,15,WEREWOLF
5,whisper,0,0,14,ATTACK Agent[13]
5,whisper,1,0,4,Skip
5,whisper,2,1,14,Skip
5,whisper,3,1,4,Skip
5,whisper,4,2,14,Skip
5,whisper,5,2,4,Over
5,whisper,6,3,14,Over
5,whisper,7,3,4,Over
5,attackVote,4,7
5,attack,7,true
6,status,1,VILLAGER,DEAD,takeda
6,status,2,VILLAGER,DEAD,Udon
6,status,3,VILLAGER,ALIVE,wasabi
6,status,4,WEREWOLF,ALIVE,simipu
6,status,5,VILLAGER,DEAD,Sashimi
6,status,6,BODYGUARD,DEAD,J0hnDoe
6,status,7,VILLAGER,DEAD,PaSeRi
6,status,8,VILLAGER,DEAD,Camellia
6,status,9,VILLAGER,DEAD,Tomo
6,status,10,VILLAGER,ALIVE,Tomato
6,status,11,POSSESSED,ALIVE,cube
6,status,12,SEER,DEAD,daisyo
6,status,13,MEDIUM,DEAD,FoxuFoxu
6,status,14,WEREWOLF,ALIVE,HALU
6,status,15,WEREWOLF,DEAD,otsuki
6,talk,0,0,4,VOTE Agent[14]
6,talk,1,0,10,VOTE Agent[03]
6,talk,2,0,3,ESTIMATE Agent[04] VILLAGER
6,talk,3,0,11,VOTE Agent[14]
6,talk,4,0,14,VOTE Agent[10]
6,talk,5,1,11,Skip
6,talk,6,1,3,Skip
6,talk,7,1,10,Skip
6,talk,8,1,4,Skip
6,talk,9,1,14,VOTE Agent[10]
6,talk,10,2,11,Skip
6,talk,11,2,3,ESTIMATE Agent[04] VILLAGER
6,talk,12,2,4,Skip
6,talk,13,2,10,Skip
6,talk,14,2,14,VOTE Agent[10]
6,talk,15,3,14,VOTE Agent[11]
6,talk,16,3,3,VOTE Agent[14]
6,talk,17,3,10,Over
6,talk,18,3,11,Over
6,talk,19,3,4,Over
6,talk,20,4,10,Over
6,talk,21,4,3,ESTIMATE Agent[10] WEREWOLF
6,talk,22,4,11,Over
6,talk,23,4,4,Over
6,talk,24,4,14,VOTE Agent[11]
6,talk,25,5,3,ESTIMATE Agent[04] VILLAGER
6,talk,26,5,11,Over
6,talk,27,5,14,VOTE Agent[11]
6,talk,28,5,10,Over
6,talk,29,5,4,Over
6,talk,30,6,3,REQUEST ANY (VOTE Agent[14])
6,talk,31,6,11,Over
6,talk,32,6,14,VOTE Agent[10]
6,talk,33,6,10,Over
6,talk,34,6,4,Over
6,talk,35,7,10,Over
6,talk,36,7,14,VOTE Agent[10]
6,talk,37,7,4,Over
6,talk,38,7,11,Over
6,talk,39,7,3,ESTIMATE Agent[04] WEREWOLF
6,talk,40,8,14,VOTE Agent[11]
6,talk,41,8,11,Over
6,talk,42,8,10,VOTE Agent[04]
6,talk,43,8,3,ESTIMATE Agent[14] WEREWOLF
6,talk,44,8,4,Over
6,talk,45,9,3,Over
6,talk,46,9,4,Over
6,talk,47,9,10,Skip
6,talk,48,9,11,Over
6,talk,49,9,14,Over
6,talk,50,10,3,Over
6,talk,51,10,14,Over
6,talk,52,10,10,Skip
6,talk,53,10,4,Over
6,talk,54,10,11,Over
6,talk,55,11,10,Over
6,talk,56,11,3,Over
6,talk,57,11,4,Over
6,talk,58,11,14,Over
6,talk,59,11,11,Over
6,vote,3,14
6,vote,4,14
6,vote,10,4
6,vote,11,14
6,vote,14,11
6,execute,14,WEREWOLF
6,attackVote,4,10
6,attack,10,true
7,status,1,VILLAGER,DEAD,takeda
7,status,2,VILLAGER,DEAD,Udon
7,status,3,VILLAGER,ALIVE,wasabi
7,status,4,WEREWOLF,ALIVE,simipu
7,status,5,VILLAGER,DEAD,Sashimi
7,status,6,BODYGUARD,DEAD,J0hnDoe
7,status,7,VILLAGER,DEAD,PaSeRi
7,status,8,VILLAGER,DEAD,Camellia
7,status,9,VILLAGER,DEAD,Tomo
7,status,10,VILLAGER,DEAD,Tomato
7,status,11,POSSESSED,ALIVE,cube
7,status,12,SEER,DEAD,daisyo
7,status,13,MEDIUM,DEAD,FoxuFoxu
7,status,14,WEREWOLF,DEAD,HALU
7,status,15,WEREWOLF,DEAD,otsuki
7,talk,0,0,3,ESTIMATE Agent[11] VILLAGER
7,talk,1,0,11,VOTE Agent[04]
7,talk,2,0,4,VOTE Agent[11]
7,talk,3,1,3,ESTIMATE Agent[11] VILLAGER
7,talk,4,1,4,Skip
7,talk,5,1,11,Skip
7,talk,6,2,4,Skip
7,talk,7,2,11,Skip
7,talk,8,2,3,ESTIMATE Agent[04] WEREWOLF
7,talk,9,3,3,VOTE Agent[04]
7,talk,10,3,11,Over
7,talk,11,3,4,VOTE Agent[11]
7,talk,12,4,3,Skip
7,talk,13,4,4,VOTE Agent[11]
7,talk,14,4,11,Over
7,talk,15,5,3,ESTIMATE Agent[11] WEREWOLF
7,talk,16,5,4,Skip
7,talk,17,5,11,Over
7,talk,18,6,3,ESTIMATE Agent[11] VILLAGER
7,talk,19,6,11,Over
7,talk,20,6,4,Skip
7,talk,21,7,3,ESTIMATE Agent[11] VILLAGER
7,talk,22,7,4,Over
7,talk,23,7,11,Over
7,talk,24,8,4,Over
7,talk,25,8,3,ESTIMATE Agent[04] VILLAGER
7,talk,26,8,11,Over
7,talk,27,9,3,Over
7,talk,28,9,11,Over
7,talk,29,9,4,Over
7,vote,3,4
7,vote,4,3
7,vote,11,3
7,execute,3,VILLAGER
7,attackVote,4,11
7,attack,11,true
8,status,1,VILLAGER,DEAD,takeda
8,status,2,VILLAGER,DEAD,Udon
8,status,3,VILLAGER,DEAD,wasabi
8,status,4,WEREWOLF,ALIVE,simipu
8,status,5,VILLAGER,DEAD,Sashimi
8,status,6,BODYGUARD,DEAD,J0hnDoe
8,status,7,VILLAGER,DEAD,PaSeRi
8,status,8,VILLAGER,DEAD,Camellia
8,status,9,VILLAGER,DEAD,Tomo
8,status,10,VILLAGER,DEAD,Tomato
8,status,11,POSSESSED,DEAD,cube
8,status,12,SEER,DEAD,daisyo
8,status,13,MEDIUM,DEAD,FoxuFoxu
8,status,14,WEREWOLF,DEAD,HALU
8,status,15,WEREWOLF,DEAD,otsuki
8,result,0,1,WEREWOLF
