0,status,1,VILLAGER,ALIVE,takeda
0,status,2,SEER,ALIVE,Udon
0,status,3,WEREWOLF,ALIVE,wasabi
0,status,4,WEREWOLF,ALIVE,simipu
0,status,5,BODYGUARD,ALIVE,Sashimi
0,status,6,MEDIUM,ALIVE,J0hnDoe
0,status,7,VILLAGER,ALIVE,PaSeRi
0,status,8,VILLAGER,ALIVE,Camellia
0,status,9,VILLAGER,ALIVE,Tomo
0,status,10,VILLAGER,ALIVE,Tomato
0,status,11,WEREWOLF,ALIVE,cube
0,status,12,VILLAGER,ALIVE,daisyo
0,status,13,VILLAGER,ALIVE,FoxuFoxu
0,status,14,POSSESSED,ALIVE,HALU
0,status,15,VILLAGER,ALIVE,otsuki
0,whisper,0,0,3,ATTACK Agent[05]
0,whisper,1,0,4,Skip
0,whisper,2,0,11,Skip
0,whisper,3,1,4,Skip
0,whisper,4,1,3,REQUEST ANY (ATTACK Agent[05])
0,whisper,5,1,11,Skip
0,whisper,6,2,4,Over
0,whisper,7,2,11,Over
0,whisper,8,2,3,Over
0,divine,2,11,WEREWOLF
1,status,1,VILLAGER,ALIVE,takeda
1,status,2,SEER,ALIVE,Udon
1,status,3,WEREWOLF,ALIVE,wasabi
1,status,4,WEREWOLF,ALIVE,simipu
1,status,5,BODYGUARD,ALIVE,Sashimi
1,status,6,MEDIUM,ALIVE,J0hnDoe
1,status,7,VILLAGER,ALIVE,PaSeRi
1,status,8,VILLAGER,ALIVE,Camellia
1,status,9,VILLAGER,ALIVE,Tomo
1,status,10,VILLAGER,ALIVE,Tomato
1,status,11,WEREWOLF,ALIVE,cube
1,status,12,VILLAGER,ALIVE,daisyo
1,status,13,VILLAGER,ALIVE,FoxuFoxu
1,status,14,POSSESSED,ALIVE,HALU
1,status,15,VILLAGER,ALIVE,otsuki
1,talk,0,0,11,VOTE Agent[01]
1,talk,1,0,3,ESTIMATE Agent[02] WEREWOLF
1,talk,2,0,10,VOTE Agent[02]
1,talk,3,0,4,VOTE Agent[02]
1,talk,4,0,14,COMINGOUT Agent[14] SEER
1,talk,5,0,2,COMINGOUT Agent[02] SEER
1,talk,6,0,7,Skip
1,talk,7,0,13,Skip
1,talk,8,0,15,Skip
1,talk,9,0,5,VOTE Agent[02]
1,talk,10,0,12,Skip
1,talk,11,0,1,VOTE Agent[02]
1,talk,12,0,8,Skip
1,talk,13,0,6,COMINGOUT Agent[06] MEDIUM
1,talk,14,0,9,VOTE Agent[02]
1,talk,15,1,4,Skip
1,talk,16,1,1,VOTE Agent[09]
1,talk,17,1,12,VOTE Agent[02]
1,talk,18,1,5,ESTIMATE Agent[01] WEREWOLF
1,talk,19,1,13,Skip
1,talk,20,1,2,DIVINED Agent[11] WEREWOLF
1,talk,21,1,14,DIVINED Agent[03] WEREWOLF
1,talk,22,1,10,VOTE Agent[03]
1,talk,23,1,8,REQUEST Agent[02] (DIVINATION Agent[11])
1,talk,24,1,11,VOTE Agent[02]
1,talk,25,1,9,VOTE Agent[02]
1,talk,26,1,3,ESTIMATE Agent[11] WEREWOLF
1,talk,27,1,7,Skip
1,talk,28,1,6,VOTE Agent[11]
1,talk,29,1,15,Skip
1,talk,30,2,3,Skip
1,talk,31,2,5,COMINGOUT Agent[05] POSSESSED
1,talk,32,2,6,VOTE Agent[04]
1,talk,33,2,13,Over
1,talk,34,2,10,Skip
1,talk,35,2,14,VOTE Agent[02]
1,talk,36,2,11,Skip
1,talk,37,2,7,Over
1,talk,38,2,12,Skip
1,talk,39,2,15,VOTE Agent[02]
1,talk,40,2,9,VOTE Agent[02]
1,talk,41,2,2,VOTE Agent[11]
1,talk,42,2,8,REQUEST Agent[02] (DIVINATION Agent[11])
1,talk,43,2,4,Skip
1,talk,44,2,1,VOTE Agent[04]
1,talk,45,3,5,VOTE Agent[14]
1,talk,46,3,4,Over
1,talk,47,3,8,REQUEST Agent[02] (DIVINATION Agent[03])
1,talk,48,3,11,Skip
1,talk,49,3,14,VOTE Agent[02]
1,talk,50,3,6,Skip
1,talk,51,3,2,Over
1,talk,52,3,1,Skip
1,talk,53,3,9,VOTE Agent[02]
1,talk,54,3,15,ESTIMATE Agent[11] WEREWOLF
1,talk,55,3,13,Over
1,talk,56,3,12,Skip
1,talk,57,3,10,Skip
1,talk,58,3,3,VOTE Agent[14]
1,talk,59,3,7,Over
1,talk,60,4,2,Over
1,talk,61,4,8,REQUEST Agent[02] (DIVINATION Agent[03])
1,talk,62,4,9,VOTE Agent[02]
1,talk,63,4,11,Over
1,talk,64,4,4,Over
1,talk,65,4,6,Skip
1,talk,66,4,12,Over
1,talk,67,4,5,VOTE Agent[15]
1,talk,68,4,10,VOTE Agent[07]
1,talk,69,4,15,VOTE Agent[11]
1,talk,70,4,13,Over
1,talk,71,4,14,VOTE Agent[02]
1,talk,72,4,3,VOTE Agent[05]
1,talk,73,4,7,Over
1,talk,74,4,1,Skip
1,talk,75,5,14,VOTE Agent[02]
1,talk,76,5,13,Over
1,talk,77,5,12,Over
1,talk,78,5,15,REQUEST ANY (VOTE Agent[11])
1,talk,79,5,4,Over
1,talk,80,5,3,Skip
1,talk,81,5,9,VOTE Agent[02]
1,talk,82,5,2,Over
1,talk,83,5,5,VOTE Agent[12]
1,talk,84,5,10,Skip
1,talk,85,5,1,Over
1,talk,86,5,8,REQUEST Agent[02] (DIVINATION Agent[03])
1,talk,87,5,6,Over
1,talk,88,5,7,Over
1,talk,89,5,11,Over
1,talk,90,6,12,Over
1,talk,91,6,3,Skip
1,talk,92,6,11,Over
1,talk,93,6,1,Over
1,talk,94,6,10,Skip
1,talk,95,6,14,VOTE Agent[02]
1,talk,96,6,7,Over
1,talk,97,6,2,Over
1,talk,98,6,5,VOTE Agent[12]
1,talk,99,6,8,REQUEST Agent[02] (DIVINATION Agent[11])
1,talk,100,6,13,Over
1,talk,101,6,15,Skip
1,talk,102,6,6,Over
1,talk,103,6,4,Over
1,talk,104,6,9,VOTE Agent[02]
1,talk,105,7,15,Skip
1,talk,106,7,3,ESTIMATE Agent[14] WEREWOLF
1,talk,107,7,4,Over
1,talk,108,7,14,VOTE Agent[02]
1,talk,109,7,2,Over
1,talk,110,7,6,Over
1,talk,111,7,12,Over
1,talk,112,7,1,Over
1,talk,113,7,5,VOTE Agent[07]
1,talk,114,7,10,Over
1,talk,115,7,7,Over
1,talk,116,7,8,REQUEST Agent[02] (DIVINATION Agent[03])
1,talk,117,7,9,VOTE Agent[02]
1,talk,118,7,13,Over
1,talk,119,7,11,Over
1,talk,120,8,12,Over
1,talk,121,8,7,Over
1,talk,122,8,13,Over
1,talk,123,8,8,REQUEST Agent[02] (DIVINATION Agent[11])
1,talk,124,8,5,VOTE Agent[14]
1,talk,125,8,14,VOTE Agent[02]
1,talk,126,8,15,ESTIMATE Agent[04] WEREWOLF
1,talk,127,8,1,Over
1,talk,128,8,6,Over
1,talk,129,8,10,Over
1,talk,130,8,2,Over
1,talk,131,8,3,ESTIMATE Agent[05] WEREWOLF
1,talk,132,8,4,Over
1,talk,133,8,11,Over
1,talk,134,8,9,VOTE Agent[02]
1,talk,135,9,5,VOTE Agent[02]
1,talk,136,9,6,Over
1,talk,137,9,10,Over
1,talk,138,9,7,Over
1,talk,139,9,8,REQUEST Agent[02] (DIVINATION Agent[11])
1,talk,140,9,3,Over
1,talk,141,9,14,Over
1,talk,142,9,15,VOTE Agent[02]
1,talk,143,9,4,Over
1,talk,144,9,12,Over
1,talk,145,9,11,Over
1,talk,146,9,13,Over
1,talk,147,9,9,VOTE Agent[02]
1,talk,148,9,2,Over
1,talk,149,9,1,Over
1,talk,150,10,11,Over
1,talk,151,10,15,REQUEST ANY (VOTE Agent[02])
1,talk,152,10,4,Over
1,talk,153,10,2,Over
1,talk,154,10,7,Over
1,talk,155,10,5,Over
1,talk,156,10,13,Over
1,talk,157,10,1,Over
1,talk,158,10,6,Over
1,talk,159,10,3,Over
1,talk,160,10,12,Over
1,talk,161,10,9,Over
1,talk,162,10,10,Over
1,talk,163,10,8,REQUEST Agent[02] (DIVINATION Agent[03])
1,talk,164,10,14,Over
1,talk,165,11,12,Over
1,talk,166,11,9,Over
1,talk,167,11,11,Over
1,talk,168,11,7,Over
1,talk,169,11,6,Over
1,talk,170,11,10,Over
1,talk,171,11,4,Over
1,talk,172,11,2,Over
1,talk,173,11,5,Over
1,talk,174,11,14,Over
1,talk,175,11,3,Over
1,talk,176,11,13,Over
1,talk,177,11,15,Skip
1,talk,178,11,8,Over
1,talk,179,11,1,Over
1,talk,180,12,4,Over
1,talk,181,12,6,Over
1,talk,182,12,9,Over
1,talk,183,12,3,Over
1,talk,184,12,1,Over
1,talk,185,12,7,Over
1,talk,186,12,12,Over
1,talk,187,12,5,Over
1,talk,188,12,2,Over
1,talk,189,12,11,Over
1,talk,190,12,15,Skip
1,talk,191,12,14,Over
1,talk,192,12,8,Over
1,talk,193,12,13,Over
1,talk,194,12,10,Over
1,talk,195,13,8,Over
1,talk,196,13,14,Over
1,talk,197,13,10,Over
1,talk,198,13,2,Over
1,talk,199,13,7,Over
1,talk,200,13,15,Over
1,talk,201,13,1,Over
1,talk,202,13,5,Over
1,talk,203,13,11,Over
1,talk,204,13,9,Over
1,talk,205,13,13,Over
1,talk,206,13,12,Over
1,talk,207,13,3,Over
1,talk,208,13,4,Over
1,talk,209,13,6,Over
1,vote,1,4
1,vote,2,11
1,vote,3,5
1,vote,4,2
1,vote,5,11
1,vote,6,4
1,vote,7,13
1,vote,8,11
1,vote,9,2
1,vote,10,7
1,vote,11,2
1,vote,12,2
1,vote,13,10
1,vote,14,2
1,vote,15,2
1,execute,2,SEER
1,whisper,0,0,3,Over
1,whisper,1,0,4,Skip
1,whisper,2,0,11,Skip
1,whisper,3,1,4,Skip
1,whisper,4,1,3,ATTACK Agent[06]
1,whisper,5,1,11,Skip
1,whisper,6,2,4,Over
1,whisper,7,2,11,Over
1,whisper,8,2,3,Over
1,guard,5,14,POSSESSED
1,attackVote,3,6
1,attackVote,4,14
1,attackVote,11,7
1,attackVote,3,6
1,attackVote,4,14
1,attackVote,11,7
1,attack,7,true
2,status,1,VILLAGER,ALIVE,takeda
2,status,2,SEER,DEAD,Udon
2,status,3,WEREWOLF,ALIVE,wasabi
2,status,4,WEREWOLF,ALIVE,simipu
2,status,5,BODYGUARD,ALIVE,Sashimi
2,status,6,MEDIUM,ALIVE,J0hnDoe
2,status,7,VILLAGER,DEAD,PaSeRi
2,status,8,VILLAGER,ALIVE,Camellia
2,status,9,VILLAGER,ALIVE,Tomo
2,status,10,VILLAGER,ALIVE,Tomato
2,status,11,WEREWOLF,ALIVE,cube
2,status,12,VILLAGER,ALIVE,daisyo
2,status,13,VILLAGER,ALIVE,FoxuFoxu
2,status,14,POSSESSED,ALIVE,HALU
2,status,15,VILLAGER,ALIVE,otsuki
2,talk,0,0,13,Skip
2,talk,1,0,15,Skip
2,talk,2,0,4,VOTE Agent[13]
2,talk,3,0,8,REQUEST Agent[02] (DIVINATION Agent[03])
2,talk,4,0,12,VOTE Agent[04]
2,talk,5,0,1,VOTE Agent[04]
2,talk,6,0,6,IDENTIFIED Agent[02] HUMAN
2,talk,7,0,3,ESTIMATE Agent[09] VILLAGER
2,talk,8,0,11,VOTE Agent[04]
2,talk,9,0,14,DIVINED Agent[06] HUMAN
2,talk,10,0,9,VOTE Agent[04]
2,talk,11,0,5,VOTE Agent[04]
2,talk,12,0,10,VOTE Agent[03]
2,talk,13,1,11,Skip
2,talk,14,1,1,Skip
2,talk,15,1,14,VOTE Agent[03]
2,talk,16,1,12,Skip
2,talk,17,1,3,Skip
2,talk,18,1,9,VOTE Agent[04]
2,talk,19,1,6,Skip
2,talk,20,1,4,VOTE Agent[03]
2,talk,21,1,8,REQUEST Agent[02] (DIVINATION Agent[11])
2,talk,22,1,13,Skip
2,talk,23,1,15,Skip
2,talk,24,1,10,Skip
2,talk,25,1,5,VOTE Agent[09]
2,talk,26,2,12,Skip
2,talk,27,2,1,Skip
2,talk,28,2,14,VOTE Agent[03]
2,talk,29,2,10,Skip
2,talk,30,2,15,ESTIMATE Agent[11] WEREWOLF
2,talk,31,2,5,VOTE Agent[13]
2,talk,32,2,3,ESTIMATE Agent[11] WEREWOLF
2,talk,33,2,9,VOTE Agent[04]
2,talk,34,2,6,Skip
2,talk,35,2,11,Skip
2,talk,36,2,4,Skip
2,talk,37,2,8,REQUEST Agent[02] (DIVINATION Agent[03])
2,talk,38,2,13,Over
2,talk,39,3,8,REQUEST Agent[02] (DIVINATION Agent[03])
2,talk,40,3,9,VOTE Agent[04]
2,talk,41,3,1,Over
2,talk,42,3,15,VOTE Agent[11]
2,talk,43,3,10,VOTE Agent[11]
2,talk,44,3,3,VOTE Agent[11]
2,talk,45,3,12,Over
2,talk,46,3,13,Over
2,talk,47,3,14,VOTE Agent[03]
2,talk,48,3,6,Over
2,talk,49,3,4,VOTE Agent[11]
2,talk,50,3,11,Over
2,talk,51,3,5,VOTE Agent[14]
2,talk,52,4,14,VOTE Agent[03]
2,talk,53,4,4,Skip
2,talk,54,4,11,Over
2,talk,55,4,1,Over
2,talk,56,4,5,VOTE Agent[09]
2,talk,57,4,6,Over
2,talk,58,4,3,ESTIMATE Agent[06] MEDIUM
2,talk,59,4,15,REQUEST ANY (VOTE Agent[11])
2,talk,60,4,13,Over
2,talk,61,4,12,Over
2,talk,62,4,9,VOTE Agent[04]
2,talk,63,4,8,REQUEST Agent[02] (DIVINATION Agent[03])
2,talk,64,4,10,Skip
2,talk,65,5,14,VOTE Agent[03]
2,talk,66,5,1,Over
2,talk,67,5,11,Over
2,talk,68,5,4,Skip
2,talk,69,5,3,Skip
2,talk,70,5,13,Over
2,talk,71,5,10,Skip
2,talk,72,5,6,Over
2,talk,73,5,8,REQUEST Agent[02] (DIVINATION Agent[03])
2,talk,74,5,9,VOTE Agent[04]
2,talk,75,5,5,VOTE Agent[15]
2,talk,76,5,15,Skip
2,talk,77,5,12,Over
2,talk,78,6,6,Over
2,talk,79,6,11,Over
2,talk,80,6,3,Skip
2,talk,81,6,5,VOTE Agent[04]
2,talk,82,6,10,Over
2,talk,83,6,9,VOTE Agent[04]
2,talk,84,6,8,REQUEST Agent[02] (DIVINATION Agent[03])
2,talk,85,6,4,Over
2,talk,86,6,12,Over
2,talk,87,6,15,ESTIMATE Agent[04] WEREWOLF
2,talk,88,6,13,Over
2,talk,89,6,1,Over
2,talk,90,6,14,VOTE Agent[03]
2,talk,91,7,1,Over
2,talk,92,7,14,VOTE Agent[03]
2,talk,93,7,9,VOTE Agent[04]
2,talk,94,7,6,Over
2,talk,95,7,10,Over
2,talk,96,7,12,Over
2,talk,97,7,15,VOTE Agent[04]
2,talk,98,7,8,REQUEST Agent[02] (DIVINATION Agent[11])
2,talk,99,7,3,Over
2,talk,100,7,11,Over
2,talk,101,7,13,Over
2,talk,102,7,5,VOTE Agent[06]
2,talk,103,7,4,Over
2,talk,104,8,6,Over
2,talk,105,8,13,Over
2,talk,106,8,3,ESTIMATE Agent[05] WEREWOLF
2,talk,107,8,1,Over
2,talk,108,8,8,REQUEST Agent[02] (DIVINATION Agent[11])
2,talk,109,8,4,Over
2,talk,110,8,5,VOTE Agent[06]
2,talk,111,8,10,Over
2,talk,112,8,11,Over
2,talk,113,8,12,Over
2,talk,114,8,14,VOTE Agent[03]
2,talk,115,8,9,VOTE Agent[04]
2,talk,116,8,15,ESTIMATE Agent[11] WEREWOLF
2,talk,117,9,3,Over
2,talk,118,9,1,Over
2,talk,119,9,8,REQUEST Agent[02] (DIVINATION Agent[03])
2,talk,120,9,10,Over
2,talk,121,9,5,VOTE Agent[09]
2,talk,122,9,6,Over
2,talk,123,9,11,Over
2,talk,124,9,4,Over
2,talk,125,9,14,Over
2,talk,126,9,12,Over
2,talk,127,9,9,VOTE Agent[04]
2,talk,128,9,15,VOTE Agent[11]
2,talk,129,9,13,Over
2,talk,130,10,3,Over
2,talk,131,10,9,Over
2,talk,132,10,1,Over
2,talk,133,10,15,REQUEST ANY (VOTE Agent[11])
2,talk,134,10,6,Over
2,talk,135,10,13,Over
2,talk,136,10,11,Over
2,talk,137,10,12,Over
2,talk,138,10,14,Over
2,talk,139,10,4,Over
2,talk,140,10,5,Over
2,talk,141,10,10,Over
2,talk,142,10,8,Over
2,talk,143,11,4,Over
2,talk,144,11,11,Over
2,talk,145,11,9,Over
2,talk,146,11,8,Over
2,talk,147,11,1,Over
2,talk,148,11,12,Over
2,talk,149,11,14,Over
2,talk,150,11,5,Over
2,talk,151,11,6,Over
2,talk,152,11,15,Skip
2,talk,153,11,3,Over
2,talk,154,11,10,Over
2,talk,155,11,13,Over
2,talk,156,12,12,Over
2,talk,157,12,3,Over
2,talk,158,12,9,Over
2,talk,159,12,11,Over
2,talk,160,12,1,Over
2,talk,161,12,14,Over
2,talk,162,12,5,Over
2,talk,163,12,15,Skip
2,talk,164,12,8,Over
2,talk,165,12,13,Over
2,talk,166,12,6,Over
2,talk,167,12,10,Over
2,talk,168,12,4,Over
2,talk,169,13,11,Over
2,talk,170,13,9,Over
2,talk,171,13,5,Over
2,talk,172,13,15,Over
2,talk,173,13,13,Over
2,talk,174,13,6,Over
2,talk,175,13,12,Over
2,talk,176,13,10,Over
2,talk,177,13,8,Over
2,talk,178,13,3,Over
2,talk,179,13,14,Over
2,talk,180,13,4,Over
2,talk,181,13,1,Over
2,vote,1,4
2,vote,3,11
2,vote,4,11
2,vote,5,11
2,vote,6,4
2,vote,8,11
2,vote,9,4
2,vote,10,11
2,vote,11,4
2,vote,12,4
2,vote,13,14
2,vote,14,3
2,vote,15,11
2,execute,11,WEREWOLF
2,whisper,0,0,3,ATTACK Agent[06]
2,whisper,1,0,4,Skip
2,whisper,2,1,3,Over
2,whisper,3,1,4,Skip
2,whisper,4,2,3,VOTE Agent[14]
2,whisper,5,2,4,Over
2,whisper,6,3,3,Over
2,whisper,7,3,4,Over
2,guard,5,14,POSSESSED
2,attackVote,3,6
2,attackVote,4,14
2,attackVote,3,6
2,attackVote,4,14
2,attack,6,true
3,status,1,VILLAGER,ALIVE,takeda
3,status,2,SEER,DEAD,Udon
3,status,3,WEREWOLF,ALIVE,wasabi
3,status,4,WEREWOLF,ALIVE,simipu
3,status,5,BODYGUARD,ALIVE,Sashimi
3,status,6,MEDIUM,DEAD,J0hnDoe
3,status,7,VILLAGER,DEAD,PaSeRi
3,status,8,VILLAGER,ALIVE,Camellia
3,status,9,VILLAGER,ALIVE,Tomo
3,status,10,VILLAGER,ALIVE,Tomato
3,status,11,WEREWOLF,DEAD,cube
3,status,12,VILLAGER,ALIVE,daisyo
3,status,13,VILLAGER,ALIVE,FoxuFoxu
3,status,14,POSSESSED,ALIVE,HALU
3,status,15,VILLAGER,ALIVE,otsuki
3,talk,0,0,5,ESTIMATE Agent[04] WEREWOLF
3,talk,1,0,12,VOTE Agent[04]
3,talk,2,0,8,REQUEST Agent[02] (DIVINATION Agent[03])
3,talk,3,0,10,VOTE Agent[04]
3,talk,4,0,13,Skip
3,talk,5,0,4,VOTE Agent[13]
3,talk,6,0,15,Skip
3,talk,7,0,9,VOTE Agent[04]
3,talk,8,0,1,VOTE Agent[04]
3,talk,9,0,3,ESTIMATE Agent[05] WEREWOLF
3,talk,10,0,14,DIVINED Agent[08] HUMAN
3,talk,11,1,4,VOTE Agent[05]
3,talk,12,1,1,Skip
3,talk,13,1,14,VOTE Agent[03]
3,talk,14,1,12,Skip
3,talk,15,1,3,ESTIMATE Agent[14] WEREWOLF
3,talk,16,1,5,ESTIMATE Agent[04] WEREWOLF
3,talk,17,1,10,VOTE Agent[05]
3,talk,18,1,8,REQUEST Agent[02] (DIVINATION Agent[03])
3,talk,19,1,13,Skip
3,talk,20,1,9,VOTE Agent[04]
3,talk,21,1,15,Skip
3,talk,22,2,1,Skip
3,talk,23,2,8,REQUEST Agent[02] (DIVINATION Agent[03])
3,talk,24,2,13,Over
3,talk,25,2,5,VOTE Agent[03]
3,talk,26,2,3,ESTIMATE Agent[05] WEREWOLF
3,talk,27,2,10,Skip
3,talk,28,2,4,Skip
3,talk,29,2,9,VOTE Agent[04]
3,talk,30,2,15,ESTIMATE Agent[04] WEREWOLF
3,talk,31,2,12,Skip
3,talk,32,2,14,VOTE Agent[03]
3,talk,33,3,4,Skip
3,talk,34,3,9,VOTE Agent[04]
3,talk,35,3,13,Over
3,talk,36,3,5,VOTE Agent[03]
3,talk,37,3,8,REQUEST Agent[02] (DIVINATION Agent[11])
3,talk,38,3,10,VOTE Agent[04]
3,talk,39,3,15,VOTE Agent[04]
3,talk,40,3,1,Over
3,talk,41,3,12,Over
3,talk,42,3,3,VOTE Agent[05]
3,talk,43,3,14,VOTE Agent[03]
3,talk,44,4,10,Skip
3,talk,45,4,12,Over
3,talk,46,4,15,REQUEST ANY (VOTE Agent[04])
3,talk,47,4,3,ESTIMATE Agent[05] WEREWOLF
3,talk,48,4,14,VOTE Agent[03]
3,talk,49,4,8,REQUEST Agent[02] (DIVINATION Agent[03])
3,talk,50,4,1,Over
3,talk,51,4,5,ESTIMATE Agent[04] WEREWOLF
3,talk,52,4,9,Skip
3,talk,53,4,13,Over
3,talk,54,4,4,VOTE Agent[05]
3,talk,55,5,8,REQUEST Agent[02] (DIVINATION Agent[11])
3,talk,56,5,15,Skip
3,talk,57,5,4,VOTE Agent[05]
3,talk,58,5,12,Over
3,talk,59,5,14,VOTE Agent[03]
3,talk,60,5,13,Over
3,talk,61,5,9,Skip
3,talk,62,5,1,Over
3,talk,63,5,10,VOTE Agent[05]
3,talk,64,5,5,VOTE Agent[04]
3,talk,65,5,3,ESTIMATE Agent[05] WEREWOLF
3,talk,66,6,5,ESTIMATE Agent[04] WEREWOLF
3,talk,67,6,4,Skip
3,talk,68,6,14,VOTE Agent[03]
3,talk,69,6,3,ESTIMATE Agent[10] VILLAGER
3,talk,70,6,15,Skip
3,talk,71,6,9,VOTE Agent[04]
3,talk,72,6,10,VOTE Agent[08]
3,talk,73,6,8,REQUEST Agent[02] (DIVINATION Agent[03])
3,talk,74,6,13,Over
3,talk,75,6,12,Over
3,talk,76,6,1,Over
3,talk,77,7,8,REQUEST Agent[02] (DIVINATION Agent[03])
3,talk,78,7,5,VOTE Agent[08]
3,talk,79,7,1,Over
3,talk,80,7,9,VOTE Agent[04]
3,talk,81,7,4,Skip
3,talk,82,7,15,Over
3,talk,83,7,12,Over
3,talk,84,7,13,Over
3,talk,85,7,10,Skip
3,talk,86,7,14,VOTE Agent[03]
3,talk,87,7,3,ESTIMATE Agent[04] VILLAGER
3,talk,88,8,12,Over
3,talk,89,8,1,Over
3,talk,90,8,13,Over
3,talk,91,8,10,Skip
3,talk,92,8,8,REQUEST Agent[02] (DIVINATION Agent[11])
3,talk,93,8,15,Over
3,talk,94,8,4,Over
3,talk,95,8,14,VOTE Agent[03]
3,talk,96,8,5,ESTIMATE Agent[04] WEREWOLF
3,talk,97,8,3,Skip
3,talk,98,8,9,VOTE Agent[04]
3,talk,99,9,4,Over
3,talk,100,9,5,VOTE Agent[08]
3,talk,101,9,12,Over
3,talk,102,9,9,VOTE Agent[04]
3,talk,103,9,14,Over
3,talk,104,9,15,Over
3,talk,105,9,10,VOTE Agent[04]
3,talk,106,9,13,Over
3,talk,107,9,1,Over
3,talk,108,9,8,REQUEST Agent[02] (DIVINATION Agent[03])
3,talk,109,9,3,Over
3,talk,110,10,10,Skip
3,talk,111,10,5,Over
3,talk,112,10,14,Over
3,talk,113,10,12,Over
3,talk,114,10,9,VOTE Agent[04]
3,talk,115,10,3,Over
3,talk,116,10,15,Over
3,talk,117,10,13,Over
3,talk,118,10,4,Over
3,talk,119,10,8,Over
3,talk,120,10,1,Over
3,talk,121,11,12,Over
3,talk,122,11,5,Over
3,talk,123,11,3,Over
3,talk,124,11,14,Over
3,talk,125,11,13,Over
3,talk,126,11,1,Over
3,talk,127,11,8,Over
3,talk,128,11,4,Over
3,talk,129,11,15,Over
3,talk,130,11,10,Skip
3,talk,131,11,9,VOTE Agent[04]
3,talk,132,12,5,Over
3,talk,133,12,13,Over
3,talk,134,12,4,Over
3,talk,135,12,12,Over
3,talk,136,12,1,Over
3,talk,137,12,14,Over
3,talk,138,12,3,Over
3,talk,139,12,9,Over
3,talk,140,12,10,Over
3,talk,141,12,15,Over
3,talk,142,12,8,Over
3,vote,1,4
3,vote,3,5
3,vote,4,5
3,vote,5,4
3,vote,8,3
3,vote,9,4
3,vote,10,4
3,vote,12,4
3,vote,13,9
3,vote,14,3
3,vote,15,4
3,execute,4,WEREWOLF
3,guard,5,14,POSSESSED
3,attackVote,3,13
3,attack,13,true
4,status,1,VILLAGER,ALIVE,takeda
4,status,2,SEER,DEAD,Udon
4,status,3,WEREWOLF,ALIVE,wasabi
4,status,4,WEREWOLF,DEAD,simipu
4,status,5,BODYGUARD,ALIVE,Sashimi
4,status,6,MEDIUM,DEAD,J0hnDoe
4,status,7,VILLAGER,DEAD,PaSeRi
4,status,8,VILLAGER,ALIVE,Camellia
4,status,9,VILLAGER,ALIVE,Tomo
4,status,10,VILLAGER,ALIVE,Tomato
4,status,11,WEREWOLF,DEAD,cube
4,status,12,VILLAGER,ALIVE,daisyo
4,status,13,VILLAGER,DEAD,FoxuFoxu
4,status,14,POSSESSED,ALIVE,HALU
4,status,15,VILLAGER,ALIVE,otsuki
4,talk,0,0,9,VOTE Agent[01]
4,talk,1,0,10,VOTE Agent[01]
4,talk,2,0,8,REQUEST Agent[02] (DIVINATION Agent[11])
4,talk,3,0,14,DIVINED Agent[05] HUMAN
4,talk,4,0,12,VOTE Agent[06]
4,talk,5,0,1,VOTE Agent[05]
4,talk,6,0,3,ESTIMATE Agent[14] WEREWOLF
4,talk,7,0,15,Skip
4,talk,8,0,5,VOTE Agent[09]
4,talk,9,1,9,VOTE Agent[01]
4,talk,10,1,8,REQUEST Agent[02] (DIVINATION Agent[03])
4,talk,11,1,10,VOTE Agent[03]
4,talk,12,1,1,VOTE Agent[14]
4,talk,13,1,14,VOTE Agent[03]
4,talk,14,1,15,Skip
4,talk,15,1,5,VOTE Agent[03]
4,talk,16,1,3,ESTIMATE Agent[15] VILLAGER
4,talk,17,1,12,Skip
4,talk,18,2,8,REQUEST Agent[02] (DIVINATION Agent[11])
4,talk,19,2,5,VOTE Agent[12]
4,talk,20,2,14,VOTE Agent[03]
4,talk,21,2,15,ESTIMATE Agent[12] WEREWOLF
4,talk,22,2,3,Skip
4,talk,23,2,1,Skip
4,talk,24,2,10,Skip
4,talk,25,2,9,VOTE Agent[03]
4,talk,26,2,12,Skip
4,talk,27,3,9,VOTE Agent[03]
4,talk,28,3,15,ESTIMATE Agent[03] WEREWOLF
4,talk,29,3,10,Skip
4,talk,30,3,8,REQUEST Agent[02] (DIVINATION Agent[03])
4,talk,31,3,14,VOTE Agent[03]
4,talk,32,3,1,Skip
4,talk,33,3,5,VOTE Agent[14]
4,talk,34,3,12,Over
4,talk,35,3,3,VOTE Agent[05]
4,talk,36,4,3,Skip
4,talk,37,4,8,REQUEST Agent[02] (DIVINATION Agent[11])
4,talk,38,4,10,VOTE Agent[08]
4,talk,39,4,1,Over
4,talk,40,4,15,ESTIMATE Agent[12] WEREWOLF
4,talk,41,4,14,VOTE Agent[03]
4,talk,42,4,9,VOTE Agent[03]
4,talk,43,4,5,VOTE Agent[08]
4,talk,44,4,12,Over
4,talk,45,5,15,VOTE Agent[12]
4,talk,46,5,8,REQUEST Agent[02] (DIVINATION Agent[11])
4,talk,47,5,9,VOTE Agent[03]
4,talk,48,5,3,VOTE Agent[14]
4,talk,49,5,10,VOTE Agent[12]
4,talk,50,5,1,Over
4,talk,51,5,12,Over
4,talk,52,5,5,VOTE Agent[03]
4,talk,53,5,14,VOTE Agent[03]
4,talk,54,6,10,Skip
4,talk,55,6,5,VOTE Agent[08]
4,talk,56,6,1,Over
4,talk,57,6,15,REQUEST ANY (VOTE Agent[12])
4,talk,58,6,3,VOTE Agent[05]
4,talk,59,6,14,VOTE Agent[03]
4,talk,60,6,9,VOTE Agent[03]
4,talk,61,6,12,Over
4,talk,62,6,8,REQUEST Agent[02] (DIVINATION Agent[03])
4,talk,63,7,10,Skip
4,talk,64,7,15,Skip
4,talk,65,7,5,VOTE Agent[03]
4,talk,66,7,12,Over
4,talk,67,7,1,Over
4,talk,68,7,3,ESTIMATE Agent[01] VILLAGER
4,talk,69,7,8,REQUEST Agent[02] (DIVINATION Agent[03])
4,talk,70,7,9,VOTE Agent[03]
4,talk,71,7,14,VOTE Agent[03]
4,talk,72,8,14,VOTE Agent[03]
4,talk,73,8,9,VOTE Agent[03]
4,talk,74,8,3,ESTIMATE Agent[14] WEREWOLF
4,talk,75,8,10,Over
4,talk,76,8,15,ESTIMATE Agent[03] WEREWOLF
4,talk,77,8,12,Over
4,talk,78,8,8,REQUEST Agent[02] (DIVINATION Agent[03])
4,talk,79,8,1,Over
4,talk,80,8,5,VOTE Agent[15]
4,talk,81,9,1,Over
4,talk,82,9,9,VOTE Agent[03]
4,talk,83,9,14,Over
4,talk,84,9,12,Over
4,talk,85,9,5,VOTE Agent[15]
4,talk,86,9,10,Over
4,talk,87,9,15,ESTIMATE Agent[12] WEREWOLF
4,talk,88,9,3,Over
4,talk,89,9,8,REQUEST Agent[02] (DIVINATION Agent[03])
4,talk,90,10,3,Over
4,talk,91,10,10,Over
4,talk,92,10,12,Over
4,talk,93,10,1,Over
4,talk,94,10,15,VOTE Agent[12]
4,talk,95,10,9,Over
4,talk,96,10,8,Over
4,talk,97,10,14,Over
4,talk,98,10,5,Over
4,talk,99,11,3,Over
4,talk,100,11,10,Over
4,talk,101,11,9,Over
4,talk,102,11,12,Over
4,talk,103,11,15,REQUEST ANY (VOTE Agent[12])
4,talk,104,11,1,Over
4,talk,105,11,8,Over
4,talk,106,11,14,Over
4,talk,107,11,5,Over
4,talk,108,12,12,Over
4,talk,109,12,15,Skip
4,talk,110,12,3,Over
4,talk,111,12,8,Over
4,talk,112,12,9,Over
4,talk,113,12,10,Over
4,talk,114,12,14,Over
4,talk,115,12,1,Over
4,talk,116,12,5,Over
4,talk,117,13,12,Over
4,talk,118,13,14,Over
4,talk,119,13,9,Over
4,talk,120,13,5,Over
4,talk,121,13,1,Over
4,talk,122,13,3,Over
4,talk,123,13,10,Over
4,talk,124,13,15,Skip
4,talk,125,13,8,Over
4,talk,126,14,8,Over
4,talk,127,14,15,Over
4,talk,128,14,10,Over
4,talk,129,14,5,Over
4,talk,130,14,9,Over
4,talk,131,14,3,Over
4,talk,132,14,1,Over
4,talk,133,14,14,Over
4,talk,134,14,12,Over
4,vote,1,14
4,vote,3,5
4,vote,5,14
4,vote,8,3
4,vote,9,3
4,vote,10,12
4,vote,12,15
4,vote,14,3
4,vote,15,12
4,execute,3,WEREWOLF
4,guard,5,14,POSSESSED
5,status,1,VILLAGER,ALIVE,takeda
5,status,2,SEER,DEAD,Udon
5,status,3,WEREWOLF,DEAD,wasabi
5,status,4,WEREWOLF,DEAD,simipu
5,status,5,BODYGUARD,ALIVE,Sashimi
5,status,6,MEDIUM,DEAD,J0hnDoe
5,status,7,VILLAGER,DEAD,PaSeRi
5,status,8,VILLAGER,ALIVE,Camellia
5,status,9,VILLAGER,ALIVE,Tomo
5,status,10,VILLAGER,ALIVE,Tomato
5,status,11,WEREWOLF,DEAD,cube
5,status,12,VILLAGER,ALIVE,daisyo
5,status,13,VILLAGER,DEAD,FoxuFoxu
5,status,14,POSSESSED,ALIVE,HALU
5,status,15,VILLAGER,ALIVE,otsuki
5,result,8,0,VILLAGER
