0,status,1,VILLAGER,ALIVE,takeda
0,status,2,WEREWOLF,ALIVE,Udon
0,status,3,WEREWOLF,ALIVE,wasabi
0,status,4,VILLAGER,ALIVE,simipu
0,status,5,VILLAGER,ALIVE,Sashimi
0,status,6,VILLAGER,ALIVE,J0hnDoe
0,status,7,WEREWOLF,ALIVE,PaSeRi
0,status,8,MEDIUM,ALIVE,Camellia
0,status,9,VILLAGER,ALIVE,Tomo
0,status,10,VILLAGER,ALIVE,Tomato
0,status,11,SEER,ALIVE,cube
0,status,12,VILLAGER,ALIVE,daisyo
0,status,13,VILLAGER,ALIVE,FoxuFoxu
0,status,14,POSSESSED,ALIVE,HALU
0,status,15,BODYGUARD,ALIVE,otsuki
0,whisper,0,0,7,Skip
0,whisper,1,0,3,Over
0,whisper,2,0,2,Over
0,whisper,3,1,7,Skip
0,whisper,4,1,2,Over
0,whisper,5,1,3,ATTACK Agent[14]
0,whisper,6,2,2,Over
0,whisper,7,2,7,Over
0,whisper,8,2,3,Over
0,divine,11,3,WEREWOLF
1,status,1,VILLAGER,ALIVE,takeda
1,status,2,WEREWOLF,ALIVE,Udon
1,status,3,WEREWOLF,ALIVE,wasabi
1,status,4,VILLAGER,ALIVE,simipu
1,status,5,VILLAGER,ALIVE,Sashimi
1,status,6,VILLAGER,ALIVE,J0hnDoe
1,status,7,WEREWOLF,ALIVE,PaSeRi
1,status,8,MEDIUM,ALIVE,Camellia
1,status,9,VILLAGER,ALIVE,Tomo
1,status,10,VILLAGER,ALIVE,Tomato
1,status,11,SEER,ALIVE,cube
1,status,12,VILLAGER,ALIVE,daisyo
1,status,13,VILLAGER,ALIVE,FoxuFoxu
1,status,14,POSSESSED,ALIVE,HALU
1,status,15,BODYGUARD,ALIVE,otsuki
1,talk,0,0,3,ESTIMATE Agent[11] VILLAGER
1,talk,1,0,14,COMINGOUT Agent[14] SEER
1,talk,2,0,7,Skip
1,talk,3,0,12,Skip
1,talk,4,0,4,VOTE Agent[01]
1,talk,5,0,6,VOTE Agent[01]
1,talk,6,0,10,VOTE Agent[01]
1,talk,7,0,13,Skip
1,talk,8,0,1,VOTE Agent[14]
1,talk,9,0,15,Skip
1,talk,10,0,2,VOTE Agent[08]
1,talk,11,0,9,VOTE Agent[01]
1,talk,12,0,8,COMINGOUT Agent[08] MEDIUM
1,talk,13,0,11,COMINGOUT Agent[11] SEER
1,talk,14,0,5,VOTE Agent[11]
1,talk,15,1,3,ESTIMATE Agent[08] MEDIUM
1,talk,16,1,11,DIVINED Agent[03] WEREWOLF
1,talk,17,1,10,VOTE Agent[03]
1,talk,18,1,8,REQUEST ANY (GUARD Agent[08])
1,talk,19,1,6,VOTE Agent[05]
1,talk,20,1,2,VOTE Agent[03]
1,talk,21,1,1,VOTE Agent[03]
1,talk,22,1,14,DIVINED Agent[13] WEREWOLF
1,talk,23,1,15,Skip
1,talk,24,1,5,COMINGOUT Agent[05] MEDIUM
1,talk,25,1,13,Skip
1,talk,26,1,7,Skip
1,talk,27,1,12,VOTE Agent[08]
1,talk,28,1,4,VOTE Agent[03]
1,talk,29,1,9,VOTE Agent[03]
1,talk,30,2,14,VOTE Agent[13]
1,talk,31,2,5,VOTE Agent[12]
1,talk,32,2,13,Over
1,talk,33,2,7,Over
1,talk,34,2,6,VOTE Agent[05]
1,talk,35,2,15,ESTIMATE Agent[13] WEREWOLF
1,talk,36,2,1,VOTE Agent[05]
1,talk,37,2,10,VOTE Agent[13]
1,talk,38,2,8,REQUEST ANY (DIVINATION Agent[05])
1,talk,39,2,3,ESTIMATE Agent[09] VILLAGER
1,talk,40,2,4,VOTE Agent[03]
1,talk,41,2,12,VOTE Agent[06]
1,talk,42,2,11,VOTE Agent[03]
1,talk,43,2,9,VOTE Agent[03]
1,talk,44,2,2,VOTE Agent[13]
1,talk,45,3,15,VOTE Agent[13]
1,talk,46,3,11,VOTE Agent[03]
1,talk,47,3,4,VOTE Agent[13]
1,talk,48,3,5,VOTE Agent[03]
1,talk,49,3,14,VOTE Agent[13]
1,talk,50,3,13,Over
1,talk,51,3,2,Over
1,talk,52,3,1,Skip
1,talk,53,3,12,VOTE Agent[13]
1,talk,54,3,7,Over
1,talk,55,3,6,VOTE Agent[05]
1,talk,56,3,9,VOTE Agent[13]
1,talk,57,3,10,Skip
1,talk,58,3,8,Agent[08] BECAUSE (AND (COMINGOUT Agent[08] MEDIUM) (COMINGOUT Agent[05] MEDIUM)) (VOTE Agent[05])
1,talk,59,3,3,VOTE Agent[13]
1,talk,60,4,3,ESTIMATE Agent[07] VILLAGER
1,talk,61,4,1,Skip
1,talk,62,4,4,Skip
1,talk,63,4,10,Skip
1,talk,64,4,14,VOTE Agent[13]
1,talk,65,4,9,Skip
1,talk,66,4,15,REQUEST ANY (VOTE Agent[13])
1,talk,67,4,2,Over
1,talk,68,4,6,VOTE Agent[05]
1,talk,69,4,7,Over
1,talk,70,4,13,Over
1,talk,71,4,5,VOTE Agent[09]
1,talk,72,4,8,Skip
1,talk,73,4,12,Skip
1,talk,74,4,11,VOTE Agent[05]
1,talk,75,5,13,Over
1,talk,76,5,14,VOTE Agent[13]
1,talk,77,5,1,Over
1,talk,78,5,4,Skip
1,talk,79,5,5,VOTE Agent[08]
1,talk,80,5,15,Skip
1,talk,81,5,2,Over
1,talk,82,5,6,VOTE Agent[05]
1,talk,83,5,11,VOTE Agent[05]
1,talk,84,5,10,Over
1,talk,85,5,3,ESTIMATE Agent[04] VILLAGER
1,talk,86,5,7,Over
1,talk,87,5,8,Skip
1,talk,88,5,12,Skip
1,talk,89,5,9,Skip
1,talk,90,6,13,Over
1,talk,91,6,8,Over
1,talk,92,6,14,VOTE Agent[13]
1,talk,93,6,12,Over
1,talk,94,6,7,Over
1,talk,95,6,10,Over
1,talk,96,6,3,ESTIMATE Agent[09] VILLAGER
1,talk,97,6,6,VOTE Agent[05]
1,talk,98,6,4,Over
1,talk,99,6,11,VOTE Agent[05]
1,talk,100,6,1,Over
1,talk,101,6,2,Over
1,talk,102,6,15,Skip
1,talk,103,6,5,VOTE Agent[13]
1,talk,104,6,9,Over
1,talk,105,7,13,Over
1,talk,106,7,10,Over
1,talk,107,7,12,Over
1,talk,108,7,15,Over
1,talk,109,7,4,Over
1,talk,110,7,3,ESTIMATE Agent[02] VILLAGER
1,talk,111,7,2,Over
1,talk,112,7,8,Over
1,talk,113,7,7,Over
1,talk,114,7,6,VOTE Agent[05]
1,talk,115,7,9,Over
1,talk,116,7,11,VOTE Agent[05]
1,talk,117,7,14,VOTE Agent[13]
1,talk,118,7,1,Over
1,talk,119,7,5,VOTE Agent[09]
1,talk,120,8,2,Over
1,talk,121,8,5,VOTE Agent[06]
1,talk,122,8,14,VOTE Agent[13]
1,talk,123,8,10,Over
1,talk,124,8,15,Over
1,talk,125,8,6,VOTE Agent[05]
1,talk,126,8,1,Over
1,talk,127,8,9,Over
1,talk,128,8,4,Over
1,talk,129,8,13,Over
1,talk,130,8,3,ESTIMATE Agent[01] VILLAGER
1,talk,131,8,8,Over
1,talk,132,8,11,VOTE Agent[05]
1,talk,133,8,7,Over
1,talk,134,8,12,Over
1,talk,135,9,3,Over
1,talk,136,9,4,Over
1,talk,137,9,2,Over
1,talk,138,9,8,Over
1,talk,139,9,11,VOTE Agent[05]
1,talk,140,9,14,Over
1,talk,141,9,9,Over
1,talk,142,9,10,Over
1,talk,143,9,15,Over
1,talk,144,9,6,VOTE Agent[05]
1,talk,145,9,1,Over
1,talk,146,9,5,VOTE Agent[15]
1,talk,147,9,7,Over
1,talk,148,9,12,Over
1,talk,149,9,13,Over
1,talk,150,10,8,Over
1,talk,151,10,12,Over
1,talk,152,10,3,Over
1,talk,153,10,1,Over
1,talk,154,10,13,Over
1,talk,155,10,15,Over
1,talk,156,10,14,Over
1,talk,157,10,2,Over
1,talk,158,10,9,Over
1,talk,159,10,10,Over
1,talk,160,10,5,Over
1,talk,161,10,4,Over
1,talk,162,10,11,Over
1,talk,163,10,6,Over
1,talk,164,10,7,Over
1,vote,1,13
1,vote,2,13
1,vote,3,13
1,vote,4,13
1,vote,5,13
1,vote,6,5
1,vote,7,1
1,vote,8,5
1,vote,9,13
1,vote,10,13
1,vote,11,5
1,vote,12,13
1,vote,13,6
1,vote,14,13
1,vote,15,13
1,execute,13,VILLAGER
1,divine,11,5,HUMAN
1,whisper,0,0,3,Over
1,whisper,1,0,2,Over
1,whisper,2,0,7,Skip
1,whisper,3,1,2,Over
1,whisper,4,1,7,Skip
1,whisper,5,1,3,ATTACK Agent[09]
1,whisper,6,2,2,Over
1,whisper,7,2,3,Over
1,whisper,8,2,7,Over
1,guard,15,8,MEDIUM
1,attackVote,2,11
1,attackVote,3,9
1,attackVote,2,11
1,attackVote,3,9
1,attack,11,true
2,status,1,VILLAGER,ALIVE,takeda
2,status,2,WEREWOLF,ALIVE,Udon
2,status,3,WEREWOLF,ALIVE,wasabi
2,status,4,VILLAGER,ALIVE,simipu
2,status,5,VILLAGER,ALIVE,Sashimi
2,status,6,VILLAGER,ALIVE,J0hnDoe
2,status,7,WEREWOLF,ALIVE,PaSeRi
2,status,8,MEDIUM,ALIVE,Camellia
2,status,9,VILLAGER,ALIVE,Tomo
2,status,10,VILLAGER,ALIVE,Tomato
2,status,11,SEER,DEAD,cube
2,status,12,VILLAGER,ALIVE,daisyo
2,status,13,VILLAGER,DEAD,FoxuFoxu
2,status,14,POSSESSED,ALIVE,HALU
2,status,15,BODYGUARD,ALIVE,otsuki
2,talk,0,0,10,VOTE Agent[01]
2,talk,1,0,14,DIVINED Agent[01] WEREWOLF
2,talk,2,0,7,Skip
2,talk,3,0,15,Skip
2,talk,4,0,5,VOTE Agent[12]
2,talk,5,0,12,VOTE Agent[08]
2,talk,6,0,6,VOTE Agent[05]
2,talk,7,0,9,VOTE Agent[01]
2,talk,8,0,8,IDENTIFIED Agent[13] HUMAN
2,talk,9,0,2,VOTE Agent[01]
2,talk,10,0,1,VOTE Agent[05]
2,talk,11,0,3,ESTIMATE Agent[01] WEREWOLF
2,talk,12,0,4,VOTE Agent[01]
2,talk,13,1,3,Skip
2,talk,14,1,8,REQUEST ANY (DIVINATION Agent[05])
2,talk,15,1,7,Skip
2,talk,16,1,14,VOTE Agent[01]
2,talk,17,1,2,Over
2,talk,18,1,6,VOTE Agent[05]
2,talk,19,1,10,VOTE Agent[03]
2,talk,20,1,12,VOTE Agent[01]
2,talk,21,1,15,Skip
2,talk,22,1,4,VOTE Agent[01]
2,talk,23,1,1,Skip
2,talk,24,1,5,VOTE Agent[07]
2,talk,25,1,9,VOTE Agent[01]
2,talk,26,2,10,Skip
2,talk,27,2,8,Skip
2,talk,28,2,5,VOTE Agent[07]
2,talk,29,2,15,ESTIMATE Agent[01] WEREWOLF
2,talk,30,2,14,VOTE Agent[01]
2,talk,31,2,4,Skip
2,talk,32,2,1,VOTE Agent[05]
2,talk,33,2,7,Over
2,talk,34,2,3,ESTIMATE Agent[08] WEREWOLF
2,talk,35,2,9,VOTE Agent[01]
2,talk,36,2,2,Over
2,talk,37,2,12,Skip
2,talk,38,2,6,VOTE Agent[05]
2,talk,39,3,9,VOTE Agent[01]
2,talk,40,3,10,Skip
2,talk,41,3,1,Skip
2,talk,42,3,14,VOTE Agent[01]
2,talk,43,3,2,Over
2,talk,44,3,6,VOTE Agent[05]
2,talk,45,3,3,VOTE Agent[01]
2,talk,46,3,12,Skip
2,talk,47,3,4,Skip
2,talk,48,3,5,VOTE Agent[07]
2,talk,49,3,7,Over
2,talk,50,3,15,VOTE Agent[01]
2,talk,51,3,8,Skip
2,talk,52,4,5,VOTE Agent[14]
2,talk,53,4,14,VOTE Agent[01]
2,talk,54,4,3,ESTIMATE Agent[08] WEREWOLF
2,talk,55,4,4,VOTE Agent[01]
2,talk,56,4,9,VOTE Agent[01]
2,talk,57,4,10,VOTE Agent[07]
2,talk,58,4,7,Over
2,talk,59,4,12,Over
2,talk,60,4,8,Over
2,talk,61,4,15,REQUEST ANY (VOTE Agent[01])
2,talk,62,4,6,VOTE Agent[05]
2,talk,63,4,2,Over
2,talk,64,4,1,Skip
2,talk,65,5,15,Skip
2,talk,66,5,7,Over
2,talk,67,5,8,Over
2,talk,68,5,14,VOTE Agent[01]
2,talk,69,5,4,VOTE Agent[01]
2,talk,70,5,5,VOTE Agent[02]
2,talk,71,5,1,Over
2,talk,72,5,10,Skip
2,talk,73,5,9,VOTE Agent[01]
2,talk,74,5,6,VOTE Agent[05]
2,talk,75,5,2,Over
2,talk,76,5,12,Over
2,talk,77,5,3,ESTIMATE Agent[07] VILLAGER
2,talk,78,6,1,Over
2,talk,79,6,5,VOTE Agent[14]
2,talk,80,6,3,Skip
2,talk,81,6,14,VOTE Agent[01]
2,talk,82,6,6,VOTE Agent[05]
2,talk,83,6,4,VOTE Agent[01]
2,talk,84,6,8,Over
2,talk,85,6,15,Skip
2,talk,86,6,10,Skip
2,talk,87,6,12,Over
2,talk,88,6,2,Over
2,talk,89,6,7,Over
2,talk,90,6,9,VOTE Agent[01]
2,talk,91,7,14,VOTE Agent[01]
2,talk,92,7,1,Over
2,talk,93,7,6,VOTE Agent[05]
2,talk,94,7,9,VOTE Agent[01]
2,talk,95,7,2,Over
2,talk,96,7,12,Over
2,talk,97,7,7,Over
2,talk,98,7,5,VOTE Agent[04]
2,talk,99,7,4,VOTE Agent[01]
2,talk,100,7,10,Over
2,talk,101,7,8,Over
2,talk,102,7,3,ESTIMATE Agent[07] VILLAGER
2,talk,103,7,15,Over
2,talk,104,8,6,VOTE Agent[05]
2,talk,105,8,4,VOTE Agent[01]
2,talk,106,8,7,Over
2,talk,107,8,12,Over
2,talk,108,8,10,Over
2,talk,109,8,8,Over
2,talk,110,8,14,VOTE Agent[01]
2,talk,111,8,1,Over
2,talk,112,8,5,VOTE Agent[06]
2,talk,113,8,15,Over
2,talk,114,8,9,VOTE Agent[01]
2,talk,115,8,2,Over
2,talk,116,8,3,ESTIMATE Agent[09] VILLAGER
2,talk,117,9,15,Over
2,talk,118,9,3,Over
2,talk,119,9,7,Over
2,talk,120,9,12,Over
2,talk,121,9,4,VOTE Agent[01]
2,talk,122,9,6,VOTE Agent[05]
2,talk,123,9,14,Over
2,talk,124,9,2,Over
2,talk,125,9,9,VOTE Agent[01]
2,talk,126,9,8,Over
2,talk,127,9,5,VOTE Agent[12]
2,talk,128,9,10,Over
2,talk,129,9,1,Over
2,talk,130,10,10,Over
2,talk,131,10,5,Over
2,talk,132,10,2,Over
2,talk,133,10,14,Over
2,talk,134,10,1,Over
2,talk,135,10,9,Over
2,talk,136,10,6,Over
2,talk,137,10,4,VOTE Agent[01]
2,talk,138,10,3,Over
2,talk,139,10,15,Over
2,talk,140,10,8,Over
2,talk,141,10,7,Over
2,talk,142,10,12,Over
2,talk,143,11,6,Over
2,talk,144,11,2,Over
2,talk,145,11,1,Over
2,talk,146,11,3,Over
2,talk,147,11,12,Over
2,talk,148,11,8,Over
2,talk,149,11,5,Over
2,talk,150,11,4,VOTE Agent[01]
2,talk,151,11,10,Over
2,talk,152,11,15,Over
2,talk,153,11,14,Over
2,talk,154,11,9,Over
2,talk,155,11,7,Over
2,talk,156,12,6,Over
2,talk,157,12,2,Over
2,talk,158,12,9,Over
2,talk,159,12,5,Over
2,talk,160,12,3,Over
2,talk,161,12,14,Over
2,talk,162,12,7,Over
2,talk,163,12,1,Over
2,talk,164,12,4,Over
2,talk,165,12,15,Over
2,talk,166,12,12,Over
2,talk,167,12,8,Over
2,talk,168,12,10,Over
2,vote,1,5
2,vote,2,1
2,vote,3,1
2,vote,4,1
2,vote,5,1
2,vote,6,5
2,vote,7,5
2,vote,8,5
2,vote,9,1
2,vote,10,7
2,vote,12,1
2,vote,14,1
2,vote,15,1
2,execute,1,VILLAGER
2,whisper,0,0,2,Over
2,whisper,1,0,3,ATTACK Agent[09]
2,whisper,2,0,7,Skip
2,whisper,3,1,3,REQUEST ANY (ATTACK Agent[09])
2,whisper,4,1,2,Over
2,whisper,5,1,7,Skip
2,whisper,6,2,7,Over
2,whisper,7,2,3,Over
2,whisper,8,2,2,Over
2,guard,15,8,MEDIUM
2,attackVote,2,14
2,attackVote,3,9
2,attackVote,2,14
2,attackVote,3,9
2,attack,9,true
3,status,1,VILLAGER,DEAD,takeda
3,status,2,WEREWOLF,ALIVE,Udon
3,status,3,WEREWOLF,ALIVE,wasabi
3,status,4,VILLAGER,ALIVE,simipu
3,status,5,VILLAGER,ALIVE,Sashimi
3,status,6,VILLAGER,ALIVE,J0hnDoe
3,status,7,WEREWOLF,ALIVE,PaSeRi
3,status,8,MEDIUM,ALIVE,Camellia
3,status,9,VILLAGER,DEAD,Tomo
3,status,10,VILLAGER,ALIVE,Tomato
3,status,11,SEER,DEAD,cube
3,status,12,VILLAGER,ALIVE,daisyo
3,status,13,VILLAGER,DEAD,FoxuFoxu
3,status,14,POSSESSED,ALIVE,HALU
3,status,15,BODYGUARD,ALIVE,otsuki
3,talk,0,0,14,DIVINED Agent[10] WEREWOLF
3,talk,1,0,8,IDENTIFIED Agent[01] HUMAN
3,talk,2,0,15,Skip
3,talk,3,0,5,VOTE Agent[02]
3,talk,4,0,7,Skip
3,talk,5,0,6,VOTE Agent[05]
3,talk,6,0,12,VOTE Agent[03]
3,talk,7,0,10,VOTE Agent[02]
3,talk,8,0,3,ESTIMATE Agent[10] VILLAGER
3,talk,9,0,4,VOTE Agent[02]
3,talk,10,0,2,VOTE Agent[10]
3,talk,11,1,3,Skip
3,talk,12,1,14,VOTE Agent[10]
3,talk,13,1,15,Skip
3,talk,14,1,6,VOTE Agent[05]
3,talk,15,1,5,VOTE Agent[12]
3,talk,16,1,10,VOTE Agent[03]
3,talk,17,1,12,VOTE Agent[05]
3,talk,18,1,2,Over
3,talk,19,1,8,REQUEST ANY (DIVINATION Agent[05])
3,talk,20,1,4,VOTE Agent[05]
3,talk,21,1,7,Skip
3,talk,22,2,10,Skip
3,talk,23,2,8,Skip
3,talk,24,2,7,Over
3,talk,25,2,2,Over
3,talk,26,2,5,VOTE Agent[03]
3,talk,27,2,15,VOTE Agent[14]
3,talk,28,2,3,ESTIMATE Agent[15] VILLAGER
3,talk,29,2,6,VOTE Agent[05]
3,talk,30,2,12,Skip
3,talk,31,2,4,VOTE Agent[05]
3,talk,32,2,14,VOTE Agent[05]
3,talk,33,3,7,Over
3,talk,34,3,12,Skip
3,talk,35,3,5,VOTE Agent[03]
3,talk,36,3,3,VOTE Agent[14]
3,talk,37,3,10,VOTE Agent[07]
3,talk,38,3,15,ESTIMATE Agent[05] WEREWOLF
3,talk,39,3,4,VOTE Agent[05]
3,talk,40,3,2,Over
3,talk,41,3,8,Skip
3,talk,42,3,14,VOTE Agent[05]
3,talk,43,3,6,VOTE Agent[05]
3,talk,44,4,6,VOTE Agent[05]
3,talk,45,4,4,VOTE Agent[05]
3,talk,46,4,5,VOTE Agent[02]
3,talk,47,4,8,Over
3,talk,48,4,7,Over
3,talk,49,4,2,VOTE Agent[05]
3,talk,50,4,3,ESTIMATE Agent[15] VILLAGER
3,talk,51,4,12,Over
3,talk,52,4,10,Skip
3,talk,53,4,15,VOTE Agent[05]
3,talk,54,4,14,VOTE Agent[05]
3,talk,55,5,15,REQUEST ANY (VOTE Agent[05])
3,talk,56,5,2,Over
3,talk,57,5,12,Over
3,talk,58,5,3,ESTIMATE Agent[15] VILLAGER
3,talk,59,5,10,Skip
3,talk,60,5,7,Over
3,talk,61,5,4,Skip
3,talk,62,5,5,VOTE Agent[06]
3,talk,63,5,14,VOTE Agent[05]
3,talk,64,5,8,Over
3,talk,65,5,6,Skip
3,talk,66,6,8,Over
3,talk,67,6,5,VOTE Agent[02]
3,talk,68,6,12,Over
3,talk,69,6,14,VOTE Agent[05]
3,talk,70,6,10,Over
3,talk,71,6,4,Skip
3,talk,72,6,6,Skip
3,talk,73,6,7,Over
3,talk,74,6,3,ESTIMATE Agent[07] VILLAGER
3,talk,75,6,2,Over
3,talk,76,6,15,Skip
3,talk,77,7,10,Over
3,talk,78,7,4,Over
3,talk,79,7,8,Over
3,talk,80,7,6,Over
3,talk,81,7,7,Over
3,talk,82,7,2,Over
3,talk,83,7,14,VOTE Agent[05]
3,talk,84,7,5,VOTE Agent[14]
3,talk,85,7,12,Over
3,talk,86,7,3,Skip
3,talk,87,7,15,Skip
3,talk,88,8,7,Over
3,talk,89,8,14,VOTE Agent[05]
3,talk,90,8,12,Over
3,talk,91,8,10,Over
3,talk,92,8,6,Over
3,talk,93,8,3,ESTIMATE Agent[08] WEREWOLF
3,talk,94,8,2,Over
3,talk,95,8,5,VOTE Agent[04]
3,talk,96,8,8,Over
3,talk,97,8,4,Over
3,talk,98,8,15,Over
3,talk,99,9,6,Over
3,talk,100,9,10,Over
3,talk,101,9,14,Over
3,talk,102,9,4,Over
3,talk,103,9,15,Over
3,talk,104,9,8,Over
3,talk,105,9,2,Over
3,talk,106,9,12,Over
3,talk,107,9,5,VOTE Agent[15]
3,talk,108,9,3,Over
3,talk,109,9,7,Over
3,talk,110,10,5,Over
3,talk,111,10,4,Over
3,talk,112,10,12,Over
3,talk,113,10,8,Over
3,talk,114,10,2,Over
3,talk,115,10,10,Over
3,talk,116,10,14,Over
3,talk,117,10,6,Over
3,talk,118,10,15,Over
3,talk,119,10,7,Over
3,talk,120,10,3,Over
3,vote,2,5
3,vote,3,14
3,vote,4,5
3,vote,5,8
3,vote,6,5
3,vote,7,4
3,vote,8,5
3,vote,10,7
3,vote,12,5
3,vote,14,5
3,vote,15,5
3,execute,5,VILLAGER
3,whisper,0,0,3,ATTACK Agent[04]
3,whisper,1,0,7,Skip
3,whisper,2,0,2,Over
3,whisper,3,1,3,Over
3,whisper,4,1,2,Over
3,whisper,5,1,7,Skip
3,whisper,6,2,2,Over
3,whisper,7,2,3,REQUEST ANY (ATTACK Agent[04])
3,whisper,8,2,7,Over
3,whisper,9,3,3,Over
3,whisper,10,3,7,Over
3,whisper,11,3,2,Over
3,guard,15,8,MEDIUM
3,attackVote,2,14
3,attackVote,3,4
3,attackVote,2,14
3,attackVote,3,4
3,attack,14,true
4,status,1,VILLAGER,DEAD,takeda
4,status,2,WEREWOLF,ALIVE,Udon
4,status,3,WEREWOLF,ALIVE,wasabi
4,status,4,VILLAGER,ALIVE,simipu
4,status,5,VILLAGER,DEAD,Sashimi
4,status,6,VILLAGER,ALIVE,J0hnDoe
4,status,7,WEREWOLF,ALIVE,PaSeRi
4,status,8,MEDIUM,ALIVE,Camellia
4,status,9,VILLAGER,DEAD,Tomo
4,status,10,VILLAGER,ALIVE,Tomato
4,status,11,SEER,DEAD,cube
4,status,12,VILLAGER,ALIVE,daisyo
4,status,13,VILLAGER,DEAD,FoxuFoxu
4,status,14,POSSESSED,DEAD,HALU
4,status,15,BODYGUARD,ALIVE,otsuki
4,talk,0,0,15,Skip
4,talk,1,0,6,VOTE Agent[07]
4,talk,2,0,2,VOTE Agent[08]
4,talk,3,0,7,Skip
4,talk,4,0,12,VOTE Agent[03]
4,talk,5,0,8,IDENTIFIED Agent[05] HUMAN
4,talk,6,0,3,ESTIMATE Agent[12] WEREWOLF
4,talk,7,0,10,VOTE Agent[03]
4,talk,8,0,4,VOTE Agent[03]
4,talk,9,1,6,VOTE Agent[07]
4,talk,10,1,12,Skip
4,talk,11,1,4,VOTE Agent[03]
4,talk,12,1,3,ESTIMATE Agent[10] VILLAGER
4,talk,13,1,2,Over
4,talk,14,1,15,Skip
4,talk,15,1,10,Skip
4,talk,16,1,7,Skip
4,talk,17,1,8,Skip
4,talk,18,2,3,ESTIMATE Agent[02] VILLAGER
4,talk,19,2,6,VOTE Agent[07]
4,talk,20,2,7,Over
4,talk,21,2,8,Skip
4,talk,22,2,10,Skip
4,talk,23,2,4,VOTE Agent[03]
4,talk,24,2,12,Skip
4,talk,25,2,2,Over
4,talk,26,2,15,ESTIMATE Agent[03] WEREWOLF
4,talk,27,3,15,VOTE Agent[03]
4,talk,28,3,4,VOTE Agent[03]
4,talk,29,3,6,VOTE Agent[07]
4,talk,30,3,2,Over
4,talk,31,3,12,Over
4,talk,32,3,10,Over
4,talk,33,3,8,Over
4,talk,34,3,7,Over
4,talk,35,3,3,VOTE Agent[08]
4,talk,36,4,8,Over
4,talk,37,4,10,VOTE Agent[07]
4,talk,38,4,15,REQUEST ANY (VOTE Agent[03])
4,talk,39,4,2,Over
4,talk,40,4,7,Over
4,talk,41,4,3,ESTIMATE Agent[10] VILLAGER
4,talk,42,4,12,Over
4,talk,43,4,4,VOTE Agent[03]
4,talk,44,4,6,VOTE Agent[07]
4,talk,45,5,8,Over
4,talk,46,5,12,Over
4,talk,47,5,2,VOTE Agent[03]
4,talk,48,5,6,VOTE Agent[07]
4,talk,49,5,3,ESTIMATE Agent[08] WEREWOLF
4,talk,50,5,4,VOTE Agent[03]
4,talk,51,5,10,Skip
4,talk,52,5,15,Skip
4,talk,53,5,7,Over
4,talk,54,6,3,ESTIMATE Agent[15] VILLAGER
4,talk,55,6,2,Over
4,talk,56,6,8,Over
4,talk,57,6,6,VOTE Agent[07]
4,talk,58,6,12,Over
4,talk,59,6,10,Skip
4,talk,60,6,4,VOTE Agent[03]
4,talk,61,6,7,Over
4,talk,62,6,15,Skip
4,talk,63,7,15,Over
4,talk,64,7,3,ESTIMATE Agent[04] VILLAGER
4,talk,65,7,10,Over
4,talk,66,7,2,Over
4,talk,67,7,12,Over
4,talk,68,7,8,Over
4,talk,69,7,7,Over
4,talk,70,7,4,VOTE Agent[03]
4,talk,71,7,6,VOTE Agent[07]
4,talk,72,8,10,Over
4,talk,73,8,12,Over
4,talk,74,8,3,Skip
4,talk,75,8,4,VOTE Agent[03]
4,talk,76,8,6,VOTE Agent[07]
4,talk,77,8,7,Over
4,talk,78,8,8,Over
4,talk,79,8,2,Over
4,talk,80,8,15,Over
4,talk,81,9,3,Over
4,talk,82,9,15,Over
4,talk,83,9,8,Over
4,talk,84,9,12,Over
4,talk,85,9,10,Over
4,talk,86,9,2,Over
4,talk,87,9,7,Over
4,talk,88,9,4,VOTE Agent[03]
4,talk,89,9,6,VOTE Agent[07]
4,talk,90,10,4,Over
4,talk,91,10,3,Over
4,talk,92,10,6,Over
4,talk,93,10,2,Over
4,talk,94,10,15,Over
4,talk,95,10,10,Over
4,talk,96,10,7,Over
4,talk,97,10,12,Over
4,talk,98,10,8,Over
4,vote,2,3
4,vote,3,8
4,vote,4,3
4,vote,6,7
4,vote,7,15
4,vote,8,7
4,vote,10,7
4,vote,12,3
4,vote,15,3
4,execute,3,WEREWOLF
4,whisper,0,0,7,Skip
4,whisper,1,0,2,Over
4,whisper,2,1,7,Skip
4,whisper,3,1,2,Over
4,whisper,4,2,2,Over
4,whisper,5,2,7,Over
4,guard,15,8,MEDIUM
4,attackVote,2,4
4,attack,4,true
5,status,1,VILLAGER,DEAD,takeda
5,status,2,WEREWOLF,ALIVE,Udon
5,status,3,WEREWOLF,DEAD,wasabi
5,status,4,VILLAGER,DEAD,simipu
5,status,5,VILLAGER,DEAD,Sashimi
5,status,6,VILLAGER,ALIVE,J0hnDoe
5,status,7,WEREWOLF,ALIVE,PaSeRi
5,status,8,MEDIUM,ALIVE,Camellia
5,status,9,VILLAGER,DEAD,Tomo
5,status,10,VILLAGER,ALIVE,Tomato
5,status,11,SEER,DEAD,cube
5,status,12,VILLAGER,ALIVE,daisyo
5,status,13,VILLAGER,DEAD,FoxuFoxu
5,status,14,POSSESSED,DEAD,HALU
5,status,15,BODYGUARD,ALIVE,otsuki
5,talk,0,0,8,IDENTIFIED Agent[03] WEREWOLF
5,talk,1,0,7,Skip
5,talk,2,0,15,Skip
5,talk,3,0,12,VOTE Agent[07]
5,talk,4,0,10,VOTE Agent[08]
5,talk,5,0,6,VOTE Agent[07]
5,talk,6,0,2,VOTE Agent[08]
5,talk,7,1,12,Skip
5,talk,8,1,6,VOTE Agent[07]
5,talk,9,1,7,Skip
5,talk,10,1,15,Skip
5,talk,11,1,8,Skip
5,talk,12,1,2,Over
5,talk,13,1,10,Skip
5,talk,14,2,6,VOTE Agent[07]
5,talk,15,2,2,Over
5,talk,16,2,7,Over
5,talk,17,2,10,Skip
5,talk,18,2,15,ESTIMATE Agent[07] WEREWOLF
5,talk,19,2,8,Skip
5,talk,20,2,12,Skip
5,talk,21,3,15,VOTE Agent[07]
5,talk,22,3,8,Over
5,talk,23,3,12,Over
5,talk,24,3,2,Over
5,talk,25,3,7,Over
5,talk,26,3,6,VOTE Agent[07]
5,talk,27,3,10,Over
5,talk,28,4,10,Over
5,talk,29,4,6,VOTE Agent[07]
5,talk,30,4,2,Over
5,talk,31,4,7,Over
5,talk,32,4,12,Over
5,talk,33,4,8,Over
5,talk,34,4,15,REQUEST ANY (VOTE Agent[07])
5,talk,35,5,8,Over
5,talk,36,5,10,Over
5,talk,37,5,7,Over
5,talk,38,5,12,Over
5,talk,39,5,6,VOTE Agent[07]
5,talk,40,5,2,Over
5,talk,41,5,15,Skip
5,talk,42,6,15,Skip
5,talk,43,6,2,Over
5,talk,44,6,8,Over
5,talk,45,6,10,Over
5,talk,46,6,12,Over
5,talk,47,6,6,VOTE Agent[07]
5,talk,48,6,7,Over
5,talk,49,7,12,Over
5,talk,50,7,10,Over
5,talk,51,7,15,Over
5,talk,52,7,6,VOTE Agent[07]
5,talk,53,7,7,Over
5,talk,54,7,8,Over
5,talk,55,7,2,VOTE Agent[07]
5,talk,56,8,8,Over
5,talk,57,8,12,Over
5,talk,58,8,2,Over
5,talk,59,8,7,Over
5,talk,60,8,15,Over
5,talk,61,8,6,Skip
5,talk,62,8,10,Over
5,talk,63,9,10,Over
5,talk,64,9,2,Over
5,talk,65,9,8,Over
5,talk,66,9,12,Over
5,talk,67,9,15,Over
5,talk,68,9,6,Skip
5,talk,69,9,7,Over
5,talk,70,10,6,Over
5,talk,71,10,2,Over
5,talk,72,10,15,Over
5,talk,73,10,12,Over
5,talk,74,10,10,Over
5,talk,75,10,8,Over
5,talk,76,10,7,Over
5,vote,2,7
5,vote,6,7
5,vote,7,8
5,vote,8,7
5,vote,10,8
5,vote,12,7
5,vote,15,7
5,execute,7,WEREWOLF
5,guard,15,8,MEDIUM
5,attackVote,2,6
5,attack,6,true
6,status,1,VILLAGER,DEAD,takeda
6,status,2,WEREWOLF,ALIVE,Udon
6,status,3,WEREWOLF,DEAD,wasabi
6,status,4,VILLAGER,DEAD,simipu
6,status,5,VILLAGER,DEAD,Sashimi
6,status,6,VILLAGER,DEAD,J0hnDoe
6,status,7,WEREWOLF,DEAD,PaSeRi
6,status,8,MEDIUM,ALIVE,Camellia
6,status,9,VILLAGER,DEAD,Tomo
6,status,10,VILLAGER,ALIVE,Tomato
6,status,11,SEER,DEAD,cube
6,status,12,VILLAGER,ALIVE,daisyo
6,status,13,VILLAGER,DEAD,FoxuFoxu
6,status,14,POSSESSED,DEAD,HALU
6,status,15,BODYGUARD,ALIVE,otsuki
6,talk,0,0,15,Skip
6,talk,1,0,8,IDENTIFIED Agent[07] WEREWOLF
6,talk,2,0,10,VOTE Agent[08]
6,talk,3,0,2,VOTE Agent[12]
6,talk,4,0,12,VOTE Agent[14]
6,talk,5,1,8,Skip
6,talk,6,1,15,Skip
6,talk,7,1,10,Skip
6,talk,8,1,2,Over
6,talk,9,1,12,Skip
6,talk,10,2,8,Skip
6,talk,11,2,12,Skip
6,talk,12,2,10,Skip
6,talk,13,2,15,ESTIMATE Agent[12] WEREWOLF
6,talk,14,2,2,Over
6,talk,15,3,10,Over
6,talk,16,3,15,VOTE Agent[12]
6,talk,17,3,8,Over
6,talk,18,3,12,Over
6,talk,19,3,2,Over
6,talk,20,4,2,Over
6,talk,21,4,10,Over
6,talk,22,4,8,Over
6,talk,23,4,12,Over
6,talk,24,4,15,REQUEST ANY (VOTE Agent[12])
6,talk,25,5,12,Over
6,talk,26,5,10,Over
6,talk,27,5,2,Over
6,talk,28,5,8,Over
6,talk,29,5,15,Skip
6,talk,30,6,12,Over
6,talk,31,6,2,Over
6,talk,32,6,10,Over
6,talk,33,6,8,Over
6,talk,34,6,15,Skip
6,talk,35,7,2,Over
6,talk,36,7,10,Over
6,talk,37,7,8,Over
6,talk,38,7,15,Over
6,talk,39,7,12,Over
6,vote,2,12
6,vote,8,2
6,vote,10,8
6,vote,12,10
6,vote,15,12
6,execute,12,VILLAGER
6,guard,15,8,MEDIUM
6,attackVote,2,8
6,attack,8,false
7,status,1,VILLAGER,DEAD,takeda
7,status,2,WEREWOLF,ALIVE,Udon
7,status,3,WEREWOLF,DEAD,wasabi
7,status,4,VILLAGER,DEAD,simipu
7,status,5,VILLAGER,DEAD,Sashimi
7,status,6,VILLAGER,DEAD,J0hnDoe
7,status,7,WEREWOLF,DEAD,PaSeRi
7,status,8,MEDIUM,ALIVE,Camellia
7,status,9,VILLAGER,DEAD,Tomo
7,status,10,VILLAGER,ALIVE,Tomato
7,status,11,SEER,DEAD,cube
7,status,12,VILLAGER,DEAD,daisyo
7,status,13,VILLAGER,DEAD,FoxuFoxu
7,status,14,POSSESSED,DEAD,HALU
7,status,15,BODYGUARD,ALIVE,otsuki
7,talk,0,0,2,VOTE Agent[08]
7,talk,1,0,15,Skip
7,talk,2,0,10,VOTE Agent[08]
7,talk,3,0,8,IDENTIFIED Agent[12] HUMAN
7,talk,4,1,15,Skip
7,talk,5,1,10,Skip
7,talk,6,1,8,Skip
7,talk,7,1,2,Over
7,talk,8,2,15,VOTE Agent[08]
7,talk,9,2,8,Skip
7,talk,10,2,10,Skip
7,talk,11,2,2,Over
7,talk,12,3,2,Over
7,talk,13,3,15,REQUEST ANY (VOTE Agent[08])
7,talk,14,3,8,Over
7,talk,15,3,10,Over
7,talk,16,4,2,Over
7,talk,17,4,10,Over
7,talk,18,4,15,Skip
7,talk,19,4,8,Over
7,talk,20,5,15,Skip
7,talk,21,5,2,Over
7,talk,22,5,8,Over
7,talk,23,5,10,Over
7,talk,24,6,2,Over
7,talk,25,6,15,Over
7,talk,26,6,8,Over
7,talk,27,6,10,Over
7,vote,2,8
7,vote,8,2
7,vote,10,8
7,vote,15,8
7,execute,8,MEDIUM
7,guard,15,2,WEREWOLF
7,attackVote,2,10
7,attack,10,true
8,status,1,VILLAGER,DEAD,takeda
8,status,2,WEREWOLF,ALIVE,Udon
8,status,3,WEREWOLF,DEAD,wasabi
8,status,4,VILLAGER,DEAD,simipu
8,status,5,VILLAGER,DEAD,Sashimi
8,status,6,VILLAGER,DEAD,J0hnDoe
8,status,7,WEREWOLF,DEAD,PaSeRi
8,status,8,MEDIUM,DEAD,Camellia
8,status,9,VILLAGER,DEAD,Tomo
8,status,10,VILLAGER,DEAD,Tomato
8,status,11,SEER,DEAD,cube
8,status,12,VILLAGER,DEAD,daisyo
8,status,13,VILLAGER,DEAD,FoxuFoxu
8,status,14,POSSESSED,DEAD,HALU
8,status,15,BODYGUARD,ALIVE,otsuki
8,result,1,1,WEREWOLF
