0,status,1,MEDIUM,ALIVE,takeda
0,status,2,SEER,ALIVE,Udon
0,status,3,VILLAGER,ALIVE,wasabi
0,status,4,VILLAGER,ALIVE,simipu
0,status,5,POSSESSED,ALIVE,Sashimi
0,status,6,WEREWOLF,ALIVE,J0hnDoe
0,status,7,VILLAGER,ALIVE,PaSeRi
0,status,8,VILLAGER,ALIVE,Camellia
0,status,9,VILLAGER,ALIVE,Tomo
0,status,10,VILLAGER,ALIVE,Tomato
0,status,11,BODYGUARD,ALIVE,cube
0,status,12,WEREWOLF,ALIVE,daisyo
0,status,13,WEREWOLF,ALIVE,FoxuFoxu
0,status,14,VILLAGER,ALIVE,HALU
0,status,15,VILLAGER,ALIVE,otsuki
0,whisper,0,0,6,Skip
0,whisper,1,0,13,ATTACK Agent[07]
0,whisper,2,0,12,ATTACK Agent[02]
0,whisper,3,1,6,Skip
0,whisper,4,1,13,Skip
0,whisper,5,1,12,ESTIMATE Agent[08] SEER
0,whisper,6,2,6,Over
0,whisper,7,2,13,Skip
0,whisper,8,2,12,ESTIMATE Agent[08] POSSESSED
0,whisper,9,3,12,Skip
0,whisper,10,3,6,Over
0,whisper,11,3,13,Over
0,whisper,12,4,12,Skip
0,whisper,13,4,13,Over
0,whisper,14,4,6,Over
0,whisper,15,5,6,Over
0,whisper,16,5,13,Over
0,whisper,17,5,12,Over
0,divine,2,14,HUMAN
1,status,1,MEDIUM,ALIVE,takeda
1,status,2,SEER,ALIVE,Udon
1,status,3,VILLAGER,ALIVE,wasabi
1,status,4,VILLAGER,ALIVE,simipu
1,status,5,POSSESSED,ALIVE,Sashimi
1,status,6,WEREWOLF,ALIVE,J0hnDoe
1,status,7,VILLAGER,ALIVE,PaSeRi
1,status,8,VILLAGER,ALIVE,Camellia
1,status,9,VILLAGER,ALIVE,Tomo
1,status,10,VILLAGER,ALIVE,Tomato
1,status,11,BODYGUARD,ALIVE,cube
1,status,12,WEREWOLF,ALIVE,daisyo
1,status,13,WEREWOLF,ALIVE,FoxuFoxu
1,status,14,VILLAGER,ALIVE,HALU
1,status,15,VILLAGER,ALIVE,otsuki
1,talk,0,0,7,Skip
1,talk,1,0,14,VOTE Agent[13]
1,talk,2,0,2,COMINGOUT Agent[02] SEER
1,talk,3,0,5,VOTE Agent[04]
1,talk,4,0,3,ESTIMATE Agent[02] SEER
1,talk,5,0,11,VOTE Agent[04]
1,talk,6,0,15,Skip
1,talk,7,0,1,COMINGOUT Agent[01] MEDIUM
1,talk,8,0,4,VOTE Agent[13]
1,talk,9,0,9,VOTE Agent[04]
1,talk,10,0,6,COMINGOUT Agent[06] SEER
1,talk,11,0,12,Skip
1,talk,12,0,10,VOTE Agent[03]
1,talk,13,0,13,Skip
1,talk,14,0,8,Skip
1,talk,15,1,14,VOTE Agent[03]
1,talk,16,1,1,VOTE Agent[04]
1,talk,17,1,13,Skip
1,talk,18,1,12,VOTE Agent[15]
1,talk,19,1,3,Skip
1,talk,20,1,6,DIVINED Agent[12] HUMAN
1,talk,21,1,4,VOTE Agent[03]
1,talk,22,1,9,VOTE Agent[04]
1,talk,23,1,10,Skip
1,talk,24,1,7,Skip
1,talk,25,1,8,Skip
1,talk,26,1,5,COMINGOUT Agent[05] POSSESSED
1,talk,27,1,2,DIVINED Agent[14] HUMAN
1,talk,28,1,11,VOTE Agent[03]
1,talk,29,1,15,Skip
1,talk,30,2,9,VOTE Agent[03]
1,talk,31,2,2,VOTE Agent[08]
1,talk,32,2,13,Over
1,talk,33,2,6,VOTE Agent[08]
1,talk,34,2,14,VOTE Agent[08]
1,talk,35,2,15,VOTE Agent[05]
1,talk,36,2,4,VOTE Agent[03]
1,talk,37,2,7,Over
1,talk,38,2,10,Skip
1,talk,39,2,8,Over
1,talk,40,2,12,VOTE Agent[03]
1,talk,41,2,5,ESTIMATE Agent[02] WEREWOLF
1,talk,42,2,3,Skip
1,talk,43,2,11,VOTE Agent[05]
1,talk,44,2,1,VOTE Agent[08]
1,talk,45,3,13,Over
1,talk,46,3,15,REQUEST ANY (VOTE Agent[05])
1,talk,47,3,8,Over
1,talk,48,3,4,VOTE Agent[08]
1,talk,49,3,11,VOTE Agent[08]
1,talk,50,3,9,VOTE Agent[08]
1,talk,51,3,10,Over
1,talk,52,3,7,Over
1,talk,53,3,6,VOTE Agent[05]
1,talk,54,3,1,VOTE Agent[05]
1,talk,55,3,14,VOTE Agent[05]
1,talk,56,3,3,VOTE Agent[05]
1,talk,57,3,5,VOTE Agent[08]
1,talk,58,3,12,VOTE Agent[05]
1,talk,59,3,2,Over
1,talk,60,4,4,VOTE Agent[05]
1,talk,61,4,6,Skip
1,talk,62,4,3,ESTIMATE Agent[02] WEREWOLF
1,talk,63,4,1,Skip
1,talk,64,4,13,Over
1,talk,65,4,14,VOTE Agent[08]
1,talk,66,4,15,ESTIMATE Agent[05] WEREWOLF
1,talk,67,4,8,Over
1,talk,68,4,5,VOTE Agent[07]
1,talk,69,4,10,VOTE Agent[07]
1,talk,70,4,12,VOTE Agent[03]
1,talk,71,4,7,Over
1,talk,72,4,2,Over
1,talk,73,4,11,VOTE Agent[05]
1,talk,74,4,9,VOTE Agent[05]
1,talk,75,5,10,Skip
1,talk,76,5,9,VOTE Agent[05]
1,talk,77,5,14,VOTE Agent[07]
1,talk,78,5,6,Skip
1,talk,79,5,12,VOTE Agent[07]
1,talk,80,5,5,VOTE Agent[08]
1,talk,81,5,3,ESTIMATE Agent[02] WEREWOLF
1,talk,82,5,1,Skip
1,talk,83,5,15,Skip
1,talk,84,5,11,VOTE Agent[05]
1,talk,85,5,2,VOTE Agent[05]
1,talk,86,5,7,Over
1,talk,87,5,13,Over
1,talk,88,5,4,VOTE Agent[05]
1,talk,89,5,8,Over
1,talk,90,6,7,Over
1,talk,91,6,6,Over
1,talk,92,6,12,Skip
1,talk,93,6,10,Skip
1,talk,94,6,1,Over
1,talk,95,6,3,ESTIMATE Agent[13] WEREWOLF
1,talk,96,6,8,Over
1,talk,97,6,4,VOTE Agent[05]
1,talk,98,6,14,VOTE Agent[07]
1,talk,99,6,13,Over
1,talk,100,6,5,VOTE Agent[08]
1,talk,101,6,15,Skip
1,talk,102,6,9,VOTE Agent[05]
1,talk,103,6,2,Over
1,talk,104,6,11,VOTE Agent[05]
1,talk,105,7,8,Over
1,talk,106,7,4,VOTE Agent[05]
1,talk,107,7,13,Over
1,talk,108,7,15,Over
1,talk,109,7,2,Over
1,talk,110,7,3,ESTIMATE Agent[12] VILLAGER
1,talk,111,7,12,VOTE Agent[05]
1,talk,112,7,10,VOTE Agent[13]
1,talk,113,7,11,Skip
1,talk,114,7,14,VOTE Agent[08]
1,talk,115,7,6,Over
1,talk,116,7,7,Over
1,talk,117,7,1,Over
1,talk,118,7,9,Skip
1,talk,119,7,5,VOTE Agent[07]
1,talk,120,8,11,Skip
1,talk,121,8,3,ESTIMATE Agent[05] WEREWOLF
1,talk,122,8,1,Over
1,talk,123,8,14,VOTE Agent[07]
1,talk,124,8,8,Over
1,talk,125,8,12,Skip
1,talk,126,8,5,VOTE Agent[01]
1,talk,127,8,7,Over
1,talk,128,8,10,Skip
1,talk,129,8,9,Skip
1,talk,130,8,4,Skip
1,talk,131,8,2,Over
1,talk,132,8,13,Over
1,talk,133,8,6,Over
1,talk,134,8,15,Over
1,talk,135,9,13,Over
1,talk,136,9,11,Over
1,talk,137,9,15,Over
1,talk,138,9,9,Over
1,talk,139,9,8,Over
1,talk,140,9,3,Over
1,talk,141,9,2,Over
1,talk,142,9,1,Over
1,talk,143,9,7,Over
1,talk,144,9,6,Over
1,talk,145,9,14,Over
1,talk,146,9,12,Skip
1,talk,147,9,5,VOTE Agent[04]
1,talk,148,9,4,Skip
1,talk,149,9,10,Skip
1,talk,150,10,6,Over
1,talk,151,10,11,Over
1,talk,152,10,10,Over
1,talk,153,10,9,Over
1,talk,154,10,12,Over
1,talk,155,10,8,Over
1,talk,156,10,3,Over
1,talk,157,10,4,Over
1,talk,158,10,2,Over
1,talk,159,10,15,Over
1,talk,160,10,1,Over
1,talk,161,10,13,Over
1,talk,162,10,7,Over
1,talk,163,10,5,Over
1,talk,164,10,14,Over
1,vote,1,5
1,vote,2,5
1,vote,3,5
1,vote,4,5
1,vote,5,2
1,vote,6,5
1,vote,7,1
1,vote,8,11
1,vote,9,5
1,vote,10,13
1,vote,11,5
1,vote,12,5
1,vote,13,15
1,vote,14,4
1,vote,15,5
1,execute,5,POSSESSED
1,divine,2,8,HUMAN
1,whisper,0,0,6,Skip
1,whisper,1,0,13,ATTACK Agent[15]
1,whisper,2,0,12,ATTACK Agent[02]
1,whisper,3,1,13,Skip
1,whisper,4,1,12,ESTIMATE Agent[02] SEER
1,whisper,5,1,6,Skip
1,whisper,6,2,12,Skip
1,whisper,7,2,6,Over
1,whisper,8,2,13,Skip
1,whisper,9,3,6,Over
1,whisper,10,3,12,Skip
1,whisper,11,3,13,Over
1,whisper,12,4,6,Over
1,whisper,13,4,12,Over
1,whisper,14,4,13,Over
1,guard,11,6,WEREWOLF
1,attackVote,6,8
1,attackVote,12,2
1,attackVote,13,15
1,attackVote,6,8
1,attackVote,12,2
1,attackVote,13,15
1,attack,8,true
2,status,1,MEDIUM,ALIVE,takeda
2,status,2,SEER,ALIVE,Udon
2,status,3,VILLAGER,ALIVE,wasabi
2,status,4,VILLAGER,ALIVE,simipu
2,status,5,POSSESSED,DEAD,Sashimi
2,status,6,WEREWOLF,ALIVE,J0hnDoe
2,status,7,VILLAGER,ALIVE,PaSeRi
2,status,8,VILLAGER,DEAD,Camellia
2,status,9,VILLAGER,ALIVE,Tomo
2,status,10,VILLAGER,ALIVE,Tomato
2,status,11,BODYGUARD,ALIVE,cube
2,status,12,WEREWOLF,ALIVE,daisyo
2,status,13,WEREWOLF,ALIVE,FoxuFoxu
2,status,14,VILLAGER,ALIVE,HALU
2,status,15,VILLAGER,ALIVE,otsuki
2,talk,0,0,4,VOTE Agent[07]
2,talk,1,0,3,Skip
2,talk,2,0,15,Skip
2,talk,3,0,7,Skip
2,talk,4,0,14,VOTE Agent[07]
2,talk,5,0,6,DIVINED Agent[13] HUMAN
2,talk,6,0,12,VOTE Agent[08]
2,talk,7,0,2,DIVINED Agent[08] HUMAN
2,talk,8,0,11,VOTE Agent[07]
2,talk,9,0,9,VOTE Agent[07]
2,talk,10,0,10,VOTE Agent[03]
2,talk,11,0,13,Skip
2,talk,12,0,1,IDENTIFIED Agent[05] HUMAN
2,talk,13,1,2,VOTE Agent[07]
2,talk,14,1,1,VOTE Agent[06]
2,talk,15,1,3,ESTIMATE Agent[12] VILLAGER
2,talk,16,1,11,VOTE Agent[07]
2,talk,17,1,9,VOTE Agent[07]
2,talk,18,1,6,VOTE Agent[14]
2,talk,19,1,10,Skip
2,talk,20,1,13,Skip
2,talk,21,1,14,VOTE Agent[03]
2,talk,22,1,7,Skip
2,talk,23,1,12,VOTE Agent[03]
2,talk,24,1,4,VOTE Agent[07]
2,talk,25,1,15,Skip
2,talk,26,2,12,VOTE Agent[07]
2,talk,27,2,15,VOTE Agent[07]
2,talk,28,2,10,Skip
2,talk,29,2,4,VOTE Agent[07]
2,talk,30,2,7,Over
2,talk,31,2,11,VOTE Agent[07]
2,talk,32,2,14,VOTE Agent[03]
2,talk,33,2,13,Over
2,talk,34,2,9,VOTE Agent[07]
2,talk,35,2,2,Over
2,talk,36,2,1,Skip
2,talk,37,2,6,Skip
2,talk,38,2,3,ESTIMATE Agent[10] VILLAGER
2,talk,39,3,7,Over
2,talk,40,3,12,Skip
2,talk,41,3,4,VOTE Agent[07]
2,talk,42,3,14,VOTE Agent[03]
2,talk,43,3,2,Over
2,talk,44,3,15,REQUEST ANY (VOTE Agent[07])
2,talk,45,3,9,VOTE Agent[07]
2,talk,46,3,1,Skip
2,talk,47,3,13,Over
2,talk,48,3,6,Skip
2,talk,49,3,11,VOTE Agent[03]
2,talk,50,3,3,VOTE Agent[09]
2,talk,51,3,10,VOTE Agent[07]
2,talk,52,4,6,Over
2,talk,53,4,9,VOTE Agent[07]
2,talk,54,4,4,VOTE Agent[07]
2,talk,55,4,12,Skip
2,talk,56,4,11,VOTE Agent[03]
2,talk,57,4,2,Over
2,talk,58,4,13,Over
2,talk,59,4,10,Skip
2,talk,60,4,15,Skip
2,talk,61,4,1,Over
2,talk,62,4,7,Over
2,talk,63,4,3,ESTIMATE Agent[13] VILLAGER
2,talk,64,4,14,VOTE Agent[03]
2,talk,65,5,7,Over
2,talk,66,5,1,Over
2,talk,67,5,2,Over
2,talk,68,5,4,VOTE Agent[07]
2,talk,69,5,15,Skip
2,talk,70,5,6,Over
2,talk,71,5,13,Over
2,talk,72,5,10,Skip
2,talk,73,5,12,Over
2,talk,74,5,14,VOTE Agent[09]
2,talk,75,5,3,ESTIMATE Agent[09] WEREWOLF
2,talk,76,5,9,VOTE Agent[07]
2,talk,77,5,11,VOTE Agent[03]
2,talk,78,6,13,Over
2,talk,79,6,1,Over
2,talk,80,6,7,Over
2,talk,81,6,15,Over
2,talk,82,6,14,VOTE Agent[03]
2,talk,83,6,9,VOTE Agent[07]
2,talk,84,6,10,Over
2,talk,85,6,6,Over
2,talk,86,6,11,VOTE Agent[03]
2,talk,87,6,3,VOTE Agent[07]
2,talk,88,6,4,Skip
2,talk,89,6,2,Over
2,talk,90,6,12,Over
2,talk,91,7,13,Over
2,talk,92,7,6,Over
2,talk,93,7,9,Skip
2,talk,94,7,4,Skip
2,talk,95,7,7,Over
2,talk,96,7,14,VOTE Agent[03]
2,talk,97,7,3,VOTE Agent[09]
2,talk,98,7,1,Over
2,talk,99,7,15,Over
2,talk,100,7,12,Over
2,talk,101,7,11,VOTE Agent[03]
2,talk,102,7,2,Over
2,talk,103,7,10,Over
2,talk,104,8,10,Over
2,talk,105,8,11,VOTE Agent[07]
2,talk,106,8,4,Over
2,talk,107,8,3,VOTE Agent[15]
2,talk,108,8,12,Over
2,talk,109,8,7,Over
2,talk,110,8,13,Over
2,talk,111,8,2,Over
2,talk,112,8,6,Over
2,talk,113,8,14,VOTE Agent[15]
2,talk,114,8,1,Over
2,talk,115,8,15,Over
2,talk,116,8,9,Skip
2,talk,117,9,13,Over
2,talk,118,9,14,Over
2,talk,119,9,15,Over
2,talk,120,9,11,Skip
2,talk,121,9,1,Over
2,talk,122,9,12,Over
2,talk,123,9,6,Over
2,talk,124,9,3,Over
2,talk,125,9,4,Over
2,talk,126,9,10,Over
2,talk,127,9,2,Over
2,talk,128,9,9,Over
2,talk,129,9,7,Over
2,talk,130,10,3,Over
2,talk,131,10,2,Over
2,talk,132,10,15,Over
2,talk,133,10,9,Over
2,talk,134,10,4,Over
2,talk,135,10,1,Over
2,talk,136,10,14,Over
2,talk,137,10,13,Over
2,talk,138,10,7,Over
2,talk,139,10,6,Over
2,talk,140,10,11,Skip
2,talk,141,10,12,Over
2,talk,142,10,10,Over
2,talk,143,11,1,Over
2,talk,144,11,15,Over
2,talk,145,11,14,Over
2,talk,146,11,13,Over
2,talk,147,11,12,Over
2,talk,148,11,7,Over
2,talk,149,11,11,Over
2,talk,150,11,4,Over
2,talk,151,11,9,Over
2,talk,152,11,10,Over
2,talk,153,11,3,Over
2,talk,154,11,2,Over
2,talk,155,11,6,Over
2,vote,1,6
2,vote,2,7
2,vote,3,15
2,vote,4,7
2,vote,6,7
2,vote,7,12
2,vote,9,7
2,vote,10,7
2,vote,11,7
2,vote,12,7
2,vote,13,15
2,vote,14,15
2,vote,15,7
2,execute,7,VILLAGER
2,divine,2,10,HUMAN
2,whisper,0,0,6,Skip
2,whisper,1,0,12,ATTACK Agent[02]
2,whisper,2,0,13,ATTACK Agent[15]
2,whisper,3,1,6,Skip
2,whisper,4,1,13,Skip
2,whisper,5,1,12,ESTIMATE Agent[02] SEER
2,whisper,6,2,6,Over
2,whisper,7,2,12,Skip
2,whisper,8,2,13,Skip
2,whisper,9,3,6,Over
2,whisper,10,3,12,Skip
2,whisper,11,3,13,Over
2,whisper,12,4,13,Over
2,whisper,13,4,12,Over
2,whisper,14,4,6,Over
2,guard,11,2,SEER
2,attackVote,6,2
2,attackVote,12,2
2,attackVote,13,15
2,attack,2,false
3,status,1,MEDIUM,ALIVE,takeda
3,status,2,SEER,ALIVE,Udon
3,status,3,VILLAGER,ALIVE,wasabi
3,status,4,VILLAGER,ALIVE,simipu
3,status,5,POSSESSED,DEAD,Sashimi
3,status,6,WEREWOLF,ALIVE,J0hnDoe
3,status,7,VILLAGER,DEAD,PaSeRi
3,status,8,VILLAGER,DEAD,Camellia
3,status,9,VILLAGER,ALIVE,Tomo
3,status,10,VILLAGER,ALIVE,Tomato
3,status,11,BODYGUARD,ALIVE,cube
3,status,12,WEREWOLF,ALIVE,daisyo
3,status,13,WEREWOLF,ALIVE,FoxuFoxu
3,status,14,VILLAGER,ALIVE,HALU
3,status,15,VILLAGER,ALIVE,otsuki
3,talk,0,0,4,VOTE Agent[03]
3,talk,1,0,12,VOTE Agent[03]
3,talk,2,0,1,IDENTIFIED Agent[07] HUMAN
3,talk,3,0,2,DIVINED Agent[10] HUMAN
3,talk,4,0,13,Skip
3,talk,5,0,3,ESTIMATE Agent[10] VILLAGER
3,talk,6,0,15,Skip
3,talk,7,0,9,VOTE Agent[03]
3,talk,8,0,11,VOTE Agent[03]
3,talk,9,0,14,VOTE Agent[03]
3,talk,10,0,10,VOTE Agent[03]
3,talk,11,0,6,DIVINED Agent[03] WEREWOLF
3,talk,12,1,11,Skip
3,talk,13,1,12,Skip
3,talk,14,1,15,Skip
3,talk,15,1,1,Skip
3,talk,16,1,6,VOTE Agent[14]
3,talk,17,1,9,Skip
3,talk,18,1,2,VOTE Agent[03]
3,talk,19,1,13,Skip
3,talk,20,1,10,Skip
3,talk,21,1,14,VOTE Agent[03]
3,talk,22,1,4,Skip
3,talk,23,1,3,Skip
3,talk,24,2,4,Skip
3,talk,25,2,6,Skip
3,talk,26,2,15,ESTIMATE Agent[03] WEREWOLF
3,talk,27,2,3,ESTIMATE Agent[04] WEREWOLF
3,talk,28,2,10,Skip
3,talk,29,2,11,Skip
3,talk,30,2,14,VOTE Agent[03]
3,talk,31,2,2,Over
3,talk,32,2,13,Over
3,talk,33,2,12,Skip
3,talk,34,2,1,VOTE Agent[03]
3,talk,35,2,9,Skip
3,talk,36,3,13,Over
3,talk,37,3,9,Over
3,talk,38,3,14,VOTE Agent[03]
3,talk,39,3,1,Skip
3,talk,40,3,2,Over
3,talk,41,3,4,Over
3,talk,42,3,6,VOTE Agent[03]
3,talk,43,3,11,VOTE Agent[06]
3,talk,44,3,15,VOTE Agent[03]
3,talk,45,3,10,Over
3,talk,46,3,12,Over
3,talk,47,3,3,VOTE Agent[06]
3,talk,48,4,10,VOTE Agent[13]
3,talk,49,4,4,Over
3,talk,50,4,12,Over
3,talk,51,4,11,VOTE Agent[06]
3,talk,52,4,14,VOTE Agent[03]
3,talk,53,4,6,Skip
3,talk,54,4,15,REQUEST ANY (VOTE Agent[03])
3,talk,55,4,2,Over
3,talk,56,4,9,Over
3,talk,57,4,13,Over
3,talk,58,4,3,Skip
3,talk,59,4,1,Skip
3,talk,60,5,2,Over
3,talk,61,5,10,Skip
3,talk,62,5,4,Over
3,talk,63,5,6,Skip
3,talk,64,5,9,Over
3,talk,65,5,3,Skip
3,talk,66,5,14,VOTE Agent[03]
3,talk,67,5,1,Over
3,talk,68,5,13,Over
3,talk,69,5,12,Over
3,talk,70,5,15,Skip
3,talk,71,5,11,VOTE Agent[06]
3,talk,72,6,14,VOTE Agent[03]
3,talk,73,6,4,Over
3,talk,74,6,3,ESTIMATE Agent[15] WEREWOLF
3,talk,75,6,10,Skip
3,talk,76,6,15,Skip
3,talk,77,6,11,VOTE Agent[06]
3,talk,78,6,9,Over
3,talk,79,6,1,Over
3,talk,80,6,12,Over
3,talk,81,6,2,Over
3,talk,82,6,13,Over
3,talk,83,6,6,Over
3,talk,84,7,12,Over
3,talk,85,7,9,Over
3,talk,86,7,14,VOTE Agent[03]
3,talk,87,7,11,VOTE Agent[06]
3,talk,88,7,13,Over
3,talk,89,7,6,Over
3,talk,90,7,15,Over
3,talk,91,7,3,ESTIMATE Agent[13] WEREWOLF
3,talk,92,7,4,Over
3,talk,93,7,2,Over
3,talk,94,7,1,Over
3,talk,95,7,10,Over
3,talk,96,8,9,Over
3,talk,97,8,2,Over
3,talk,98,8,4,Over
3,talk,99,8,13,Over
3,talk,100,8,12,Over
3,talk,101,8,15,Over
3,talk,102,8,10,Over
3,talk,103,8,6,Over
3,talk,104,8,14,VOTE Agent[03]
3,talk,105,8,11,VOTE Agent[06]
3,talk,106,8,3,ESTIMATE Agent[01] MEDIUM
3,talk,107,8,1,Over
3,talk,108,9,15,Over
3,talk,109,9,12,Over
3,talk,110,9,10,Over
3,talk,111,9,1,Over
3,talk,112,9,11,VOTE Agent[06]
3,talk,113,9,14,Over
3,talk,114,9,3,Over
3,talk,115,9,4,Over
3,talk,116,9,2,Over
3,talk,117,9,6,Over
3,talk,118,9,13,Over
3,talk,119,9,9,Over
3,talk,120,10,12,Over
3,talk,121,10,11,VOTE Agent[06]
3,talk,122,10,6,Over
3,talk,123,10,9,Over
3,talk,124,10,14,Over
3,talk,125,10,10,Over
3,talk,126,10,4,Over
3,talk,127,10,3,Over
3,talk,128,10,2,Over
3,talk,129,10,13,Over
3,talk,130,10,1,Over
3,talk,131,10,15,Over
3,talk,132,11,6,Over
3,talk,133,11,13,Over
3,talk,134,11,9,Over
3,talk,135,11,12,Over
3,talk,136,11,14,Over
3,talk,137,11,2,Over
3,talk,138,11,15,Over
3,talk,139,11,11,VOTE Agent[06]
3,talk,140,11,4,Over
3,talk,141,11,10,Over
3,talk,142,11,3,Over
3,talk,143,11,1,Over
3,talk,144,12,10,Over
3,talk,145,12,3,Over
3,talk,146,12,12,Over
3,talk,147,12,14,Over
3,talk,148,12,13,Over
3,talk,149,12,1,Over
3,talk,150,12,9,Over
3,talk,151,12,6,Over
3,talk,152,12,4,Over
3,talk,153,12,15,Over
3,talk,154,12,2,Over
3,talk,155,12,11,Over
3,vote,1,6
3,vote,2,3
3,vote,3,6
3,vote,4,3
3,vote,6,3
3,vote,9,3
3,vote,10,13
3,vote,11,6
3,vote,12,3
3,vote,13,15
3,vote,14,3
3,vote,15,3
3,execute,3,VILLAGER
3,divine,2,15,HUMAN
3,whisper,0,0,13,ATTACK Agent[15]
3,whisper,1,0,12,ATTACK Agent[02]
3,whisper,2,0,6,Skip
3,whisper,3,1,12,ESTIMATE Agent[02] SEER
3,whisper,4,1,6,Skip
3,whisper,5,1,13,Skip
3,whisper,6,2,13,Skip
3,whisper,7,2,12,ESTIMATE Agent[09] POSSESSED
3,whisper,8,2,6,Over
3,whisper,9,3,6,Over
3,whisper,10,3,12,Skip
3,whisper,11,3,13,Over
3,whisper,12,4,12,Skip
3,whisper,13,4,13,Over
3,whisper,14,4,6,Over
3,whisper,15,5,13,Over
3,whisper,16,5,6,Over
3,whisper,17,5,12,Over
3,guard,11,2,SEER
3,attackVote,6,2
3,attackVote,12,2
3,attackVote,13,15
3,attack,2,false
4,status,1,MEDIUM,ALIVE,takeda
4,status,2,SEER,ALIVE,Udon
4,status,3,VILLAGER,DEAD,wasabi
4,status,4,VILLAGER,ALIVE,simipu
4,status,5,POSSESSED,DEAD,Sashimi
4,status,6,WEREWOLF,ALIVE,J0hnDoe
4,status,7,VILLAGER,DEAD,PaSeRi
4,status,8,VILLAGER,DEAD,Camellia
4,status,9,VILLAGER,ALIVE,Tomo
4,status,10,VILLAGER,ALIVE,Tomato
4,status,11,BODYGUARD,ALIVE,cube
4,status,12,WEREWOLF,ALIVE,daisyo
4,status,13,WEREWOLF,ALIVE,FoxuFoxu
4,status,14,VILLAGER,ALIVE,HALU
4,status,15,VILLAGER,ALIVE,otsuki
4,talk,0,0,2,DIVINED Agent[15] HUMAN
4,talk,1,0,14,VOTE Agent[09]
4,talk,2,0,10,VOTE Agent[04]
4,talk,3,0,6,DIVINED Agent[09] WEREWOLF
4,talk,4,0,1,IDENTIFIED Agent[03] HUMAN
4,talk,5,0,15,Skip
4,talk,6,0,4,VOTE Agent[09]
4,talk,7,0,9,VOTE Agent[04]
4,talk,8,0,12,VOTE Agent[09]
4,talk,9,0,11,VOTE Agent[06]
4,talk,10,0,13,Skip
4,talk,11,1,4,VOTE Agent[09]
4,talk,12,1,10,VOTE Agent[13]
4,talk,13,1,6,VOTE Agent[09]
4,talk,14,1,15,Skip
4,talk,15,1,1,VOTE Agent[06]
4,talk,16,1,13,Skip
4,talk,17,1,12,Skip
4,talk,18,1,2,VOTE Agent[06]
4,talk,19,1,14,VOTE Agent[04]
4,talk,20,1,9,VOTE Agent[06]
4,talk,21,1,11,VOTE Agent[06]
4,talk,22,2,15,ESTIMATE Agent[12] WEREWOLF
4,talk,23,2,13,Over
4,talk,24,2,6,Skip
4,talk,25,2,12,Skip
4,talk,26,2,1,Skip
4,talk,27,2,2,Over
4,talk,28,2,11,VOTE Agent[06]
4,talk,29,2,10,Skip
4,talk,30,2,4,VOTE Agent[06]
4,talk,31,2,9,VOTE Agent[06]
4,talk,32,2,14,VOTE Agent[13]
4,talk,33,3,4,VOTE Agent[06]
4,talk,34,3,12,Over
4,talk,35,3,13,Over
4,talk,36,3,11,VOTE Agent[06]
4,talk,37,3,6,VOTE Agent[01]
4,talk,38,3,2,Over
4,talk,39,3,9,VOTE Agent[06]
4,talk,40,3,10,Skip
4,talk,41,3,1,Skip
4,talk,42,3,14,VOTE Agent[09]
4,talk,43,3,15,VOTE Agent[06]
4,talk,44,4,2,Over
4,talk,45,4,1,Over
4,talk,46,4,10,Over
4,talk,47,4,15,REQUEST ANY (VOTE Agent[06])
4,talk,48,4,13,Over
4,talk,49,4,6,VOTE Agent[01]
4,talk,50,4,9,Skip
4,talk,51,4,14,VOTE Agent[13]
4,talk,52,4,11,Skip
4,talk,53,4,12,VOTE Agent[06]
4,talk,54,4,4,Skip
4,talk,55,5,4,Skip
4,talk,56,5,1,Over
4,talk,57,5,10,Over
4,talk,58,5,6,VOTE Agent[01]
4,talk,59,5,9,Skip
4,talk,60,5,2,Over
4,talk,61,5,12,Skip
4,talk,62,5,15,Skip
4,talk,63,5,11,Skip
4,talk,64,5,14,VOTE Agent[13]
4,talk,65,5,13,Over
4,talk,66,6,11,Over
4,talk,67,6,9,Over
4,talk,68,6,13,Over
4,talk,69,6,12,Skip
4,talk,70,6,1,Over
4,talk,71,6,4,Over
4,talk,72,6,14,VOTE Agent[13]
4,talk,73,6,15,Skip
4,talk,74,6,2,Over
4,talk,75,6,10,Over
4,talk,76,6,6,VOTE Agent[01]
4,talk,77,7,11,Over
4,talk,78,7,6,VOTE Agent[01]
4,talk,79,7,12,Over
4,talk,80,7,2,Over
4,talk,81,7,15,Over
4,talk,82,7,10,Over
4,talk,83,7,14,VOTE Agent[13]
4,talk,84,7,9,Over
4,talk,85,7,1,Over
4,talk,86,7,13,Over
4,talk,87,7,4,Over
4,talk,88,8,1,Over
4,talk,89,8,15,Over
4,talk,90,8,9,Over
4,talk,91,8,4,Over
4,talk,92,8,13,Over
4,talk,93,8,2,Over
4,talk,94,8,11,Over
4,talk,95,8,6,VOTE Agent[01]
4,talk,96,8,10,Over
4,talk,97,8,12,Over
4,talk,98,8,14,VOTE Agent[13]
4,talk,99,9,12,Over
4,talk,100,9,9,Over
4,talk,101,9,11,Over
4,talk,102,9,10,Over
4,talk,103,9,4,Over
4,talk,104,9,6,VOTE Agent[01]
4,talk,105,9,2,Over
4,talk,106,9,13,Over
4,talk,107,9,14,Over
4,talk,108,9,15,Over
4,talk,109,9,1,Over
4,talk,110,10,4,Over
4,talk,111,10,6,VOTE Agent[01]
4,talk,112,10,10,Over
4,talk,113,10,1,Over
4,talk,114,10,12,Over
4,talk,115,10,2,Over
4,talk,116,10,9,Over
4,talk,117,10,13,Over
4,talk,118,10,11,Over
4,talk,119,10,14,Over
4,talk,120,10,15,Over
4,talk,121,11,13,Over
4,talk,122,11,14,Over
4,talk,123,11,4,Over
4,talk,124,11,15,Over
4,talk,125,11,6,Over
4,talk,126,11,2,Over
4,talk,127,11,9,Over
4,talk,128,11,11,Over
4,talk,129,11,10,Over
4,talk,130,11,1,Over
4,talk,131,11,12,Over
4,vote,1,6
4,vote,2,6
4,vote,4,6
4,vote,6,9
4,vote,9,6
4,vote,10,13
4,vote,11,6
4,vote,12,6
4,vote,13,15
4,vote,14,13
4,vote,15,6
4,execute,6,WEREWOLF
4,divine,2,14,HUMAN
4,whisper,0,0,12,ATTACK Agent[02]
4,whisper,1,0,13,ATTACK Agent[15]
4,whisper,2,1,13,Skip
4,whisper,3,1,12,ESTIMATE Agent[02] SEER
4,whisper,4,2,12,Skip
4,whisper,5,2,13,Skip
4,whisper,6,3,13,Over
4,whisper,7,3,12,Skip
4,whisper,8,4,13,Over
4,whisper,9,4,12,Over
4,guard,11,2,SEER
4,attackVote,12,2
4,attackVote,13,15
4,attackVote,12,2
4,attackVote,13,15
4,attack,2,false
5,status,1,MEDIUM,ALIVE,takeda
5,status,2,SEER,ALIVE,Udon
5,status,3,VILLAGER,DEAD,wasabi
5,status,4,VILLAGER,ALIVE,simipu
5,status,5,POSSESSED,DEAD,Sashimi
5,status,6,WEREWOLF,DEAD,J0hnDoe
5,status,7,VILLAGER,DEAD,PaSeRi
5,status,8,VILLAGER,DEAD,Camellia
5,status,9,VILLAGER,ALIVE,Tomo
5,status,10,VILLAGER,ALIVE,Tomato
5,status,11,BODYGUARD,ALIVE,cube
5,status,12,WEREWOLF,ALIVE,daisyo
5,status,13,WEREWOLF,ALIVE,FoxuFoxu
5,status,14,VILLAGER,ALIVE,HALU
5,status,15,VILLAGER,ALIVE,otsuki
5,talk,0,0,14,VOTE Agent[11]
5,talk,1,0,13,Skip
5,talk,2,0,9,VOTE Agent[11]
5,talk,3,0,11,VOTE Agent[13]
5,talk,4,0,15,Skip
5,talk,5,0,4,VOTE Agent[11]
5,talk,6,0,2,DIVINED Agent[14] HUMAN
5,talk,7,0,1,IDENTIFIED Agent[06] WEREWOLF
5,talk,8,0,12,VOTE Agent[13]
5,talk,9,0,10,VOTE Agent[02]
5,talk,10,1,1,VOTE Agent[13]
5,talk,11,1,14,VOTE Agent[11]
5,talk,12,1,12,Skip
5,talk,13,1,2,VOTE Agent[13]
5,talk,14,1,15,Skip
5,talk,15,1,4,VOTE Agent[13]
5,talk,16,1,13,Skip
5,talk,17,1,11,Skip
5,talk,18,1,10,Skip
5,talk,19,1,9,VOTE Agent[13]
5,talk,20,2,12,Skip
5,talk,21,2,4,Skip
5,talk,22,2,11,Skip
5,talk,23,2,9,Skip
5,talk,24,2,10,Skip
5,talk,25,2,2,Over
5,talk,26,2,13,Over
5,talk,27,2,1,Skip
5,talk,28,2,15,VOTE Agent[13]
5,talk,29,2,14,VOTE Agent[13]
5,talk,30,3,9,Skip
5,talk,31,3,10,Over
5,talk,32,3,11,Over
5,talk,33,3,15,REQUEST ANY (VOTE Agent[13])
5,talk,34,3,4,Skip
5,talk,35,3,2,Over
5,talk,36,3,14,VOTE Agent[13]
5,talk,37,3,12,Over
5,talk,38,3,13,Over
5,talk,39,3,1,Skip
5,talk,40,4,1,Over
5,talk,41,4,9,Over
5,talk,42,4,15,Skip
5,talk,43,4,12,Over
5,talk,44,4,10,Over
5,talk,45,4,4,Over
5,talk,46,4,13,Over
5,talk,47,4,11,Over
5,talk,48,4,14,VOTE Agent[13]
5,talk,49,4,2,Over
5,talk,50,5,1,Over
5,talk,51,5,4,Over
5,talk,52,5,15,Skip
5,talk,53,5,2,Over
5,talk,54,5,10,Over
5,talk,55,5,11,Over
5,talk,56,5,9,Over
5,talk,57,5,12,Over
5,talk,58,5,13,Over
5,talk,59,5,14,VOTE Agent[13]
5,talk,60,6,1,Over
5,talk,61,6,12,Over
5,talk,62,6,15,Over
5,talk,63,6,9,Over
5,talk,64,6,4,Over
5,talk,65,6,2,Over
5,talk,66,6,13,Over
5,talk,67,6,10,Over
5,talk,68,6,11,Over
5,talk,69,6,14,VOTE Agent[13]
5,talk,70,7,4,Over
5,talk,71,7,11,Over
5,talk,72,7,15,Over
5,talk,73,7,2,Over
5,talk,74,7,14,VOTE Agent[13]
5,talk,75,7,9,Over
5,talk,76,7,1,Over
5,talk,77,7,12,Over
5,talk,78,7,10,Over
5,talk,79,7,13,Over
5,talk,80,8,14,VOTE Agent[13]
5,talk,81,8,10,Over
5,talk,82,8,12,Over
5,talk,83,8,13,Over
5,talk,84,8,11,Over
5,talk,85,8,15,Over
5,talk,86,8,1,Over
5,talk,87,8,4,Over
5,talk,88,8,2,Over
5,talk,89,8,9,Over
5,talk,90,9,9,Over
5,talk,91,9,12,Over
5,talk,92,9,13,Over
5,talk,93,9,11,Over
5,talk,94,9,1,Over
5,talk,95,9,14,Over
5,talk,96,9,2,Over
5,talk,97,9,15,Over
5,talk,98,9,10,Over
5,talk,99,9,4,Over
5,vote,1,13
5,vote,2,13
5,vote,4,13
5,vote,9,13
5,vote,10,2
5,vote,11,13
5,vote,12,13
5,vote,13,15
5,vote,14,13
5,vote,15,13
5,execute,13,WEREWOLF
5,divine,2,14,HUMAN
5,guard,11,2,SEER
5,attackVote,12,2
5,attack,2,false
6,status,1,MEDIUM,ALIVE,takeda
6,status,2,SEER,ALIVE,Udon
6,status,3,VILLAGER,DEAD,wasabi
6,status,4,VILLAGER,ALIVE,simipu
6,status,5,POSSESSED,DEAD,Sashimi
6,status,6,WEREWOLF,DEAD,J0hnDoe
6,status,7,VILLAGER,DEAD,PaSeRi
6,status,8,VILLAGER,DEAD,Camellia
6,status,9,VILLAGER,ALIVE,Tomo
6,status,10,VILLAGER,ALIVE,Tomato
6,status,11,BODYGUARD,ALIVE,cube
6,status,12,WEREWOLF,ALIVE,daisyo
6,status,13,WEREWOLF,DEAD,FoxuFoxu
6,status,14,VILLAGER,ALIVE,HALU
6,status,15,VILLAGER,ALIVE,otsuki
6,talk,0,0,9,VOTE Agent[01]
6,talk,1,0,1,IDENTIFIED Agent[13] WEREWOLF
6,talk,2,0,2,DIVINED Agent[14] HUMAN
6,talk,3,0,11,VOTE Agent[12]
6,talk,4,0,12,VOTE Agent[08]
6,talk,5,0,10,VOTE Agent[02]
6,talk,6,0,15,Skip
6,talk,7,0,14,VOTE Agent[12]
6,talk,8,0,4,VOTE Agent[12]
6,talk,9,1,10,Skip
6,talk,10,1,15,Skip
6,talk,11,1,2,VOTE Agent[10]
6,talk,12,1,14,VOTE Agent[12]
6,talk,13,1,12,Skip
6,talk,14,1,9,VOTE Agent[12]
6,talk,15,1,1,VOTE Agent[11]
6,talk,16,1,4,VOTE Agent[12]
6,talk,17,1,11,VOTE Agent[12]
6,talk,18,2,2,Over
6,talk,19,2,12,Skip
6,talk,20,2,15,ESTIMATE Agent[12] WEREWOLF
6,talk,21,2,4,Skip
6,talk,22,2,11,Skip
6,talk,23,2,10,Skip
6,talk,24,2,1,VOTE Agent[12]
6,talk,25,2,9,Skip
6,talk,26,2,14,VOTE Agent[12]
6,talk,27,3,11,Skip
6,talk,28,3,9,Skip
6,talk,29,3,14,VOTE Agent[12]
6,talk,30,3,4,Skip
6,talk,31,3,2,Over
6,talk,32,3,1,Skip
6,talk,33,3,12,VOTE Agent[08]
6,talk,34,3,10,Over
6,talk,35,3,15,VOTE Agent[12]
6,talk,36,4,1,Skip
6,talk,37,4,9,Over
6,talk,38,4,11,Over
6,talk,39,4,2,Over
6,talk,40,4,12,VOTE Agent[08]
6,talk,41,4,10,Over
6,talk,42,4,15,REQUEST ANY (VOTE Agent[12])
6,talk,43,4,14,VOTE Agent[12]
6,talk,44,4,4,Over
6,talk,45,5,10,Over
6,talk,46,5,12,VOTE Agent[08]
6,talk,47,5,14,VOTE Agent[12]
6,talk,48,5,11,Over
6,talk,49,5,1,Over
6,talk,50,5,9,Over
6,talk,51,5,2,VOTE Agent[12]
6,talk,52,5,4,Over
6,talk,53,5,15,Skip
6,talk,54,6,2,Over
6,talk,55,6,12,VOTE Agent[08]
6,talk,56,6,1,Over
6,talk,57,6,11,Over
6,talk,58,6,14,VOTE Agent[12]
6,talk,59,6,4,Over
6,talk,60,6,10,Over
6,talk,61,6,15,Skip
6,talk,62,6,9,Over
6,talk,63,7,2,Over
6,talk,64,7,1,Over
6,talk,65,7,4,Over
6,talk,66,7,14,VOTE Agent[12]
6,talk,67,7,9,Over
6,talk,68,7,12,VOTE Agent[08]
6,talk,69,7,11,Over
6,talk,70,7,10,Over
6,talk,71,7,15,Over
6,talk,72,8,15,Over
6,talk,73,8,10,Over
6,talk,74,8,12,VOTE Agent[08]
6,talk,75,8,9,Over
6,talk,76,8,1,Over
6,talk,77,8,4,Over
6,talk,78,8,14,VOTE Agent[12]
6,talk,79,8,2,Over
6,talk,80,8,11,Over
6,talk,81,9,11,Over
6,talk,82,9,15,Over
6,talk,83,9,14,Over
6,talk,84,9,4,Over
6,talk,85,9,9,Over
6,talk,86,9,12,VOTE Agent[08]
6,talk,87,9,2,Over
6,talk,88,9,1,Over
6,talk,89,9,10,Over
6,talk,90,10,1,Over
6,talk,91,10,11,Over
6,talk,92,10,14,Over
6,talk,93,10,9,Over
6,talk,94,10,2,Over
6,talk,95,10,15,Over
6,talk,96,10,4,Over
6,talk,97,10,12,VOTE Agent[08]
6,talk,98,10,10,Over
6,talk,99,11,12,VOTE Agent[08]
6,talk,100,11,9,Over
6,talk,101,11,14,Over
6,talk,102,11,4,Over
6,talk,103,11,2,Over
6,talk,104,11,15,Over
6,talk,105,11,11,Over
6,talk,106,11,10,Over
6,talk,107,11,1,Over
6,talk,108,12,14,Over
6,talk,109,12,10,Over
6,talk,110,12,4,Over
6,talk,111,12,9,Over
6,talk,112,12,15,Over
6,talk,113,12,2,Over
6,talk,114,12,12,Over
6,talk,115,12,1,Over
6,talk,116,12,11,Over
6,vote,1,12
6,vote,2,12
6,vote,4,12
6,vote,9,12
6,vote,10,2
6,vote,11,12
6,vote,12,10
6,vote,14,12
6,vote,15,12
6,execute,12,WEREWOLF
6,divine,2,14,HUMAN
6,guard,11,2,SEER
7,status,1,MEDIUM,ALIVE,takeda
7,status,2,SEER,ALIVE,Udon
7,status,3,VILLAGER,DEAD,wasabi
7,status,4,VILLAGER,ALIVE,simipu
7,status,5,POSSESSED,DEAD,Sashimi
7,status,6,WEREWOLF,DEAD,J0hnDoe
7,status,7,VILLAGER,DEAD,PaSeRi
7,status,8,VILLAGER,DEAD,Camellia
7,status,9,VILLAGER,ALIVE,Tomo
7,status,10,VILLAGER,ALIVE,Tomato
7,status,11,BODYGUARD,ALIVE,cube
7,status,12,WEREWOLF,DEAD,daisyo
7,status,13,WEREWOLF,DEAD,FoxuFoxu
7,status,14,VILLAGER,ALIVE,HALU
7,status,15,VILLAGER,ALIVE,otsuki
7,result,8,0,VILLAGER
