0,status,1,VILLAGER,ALIVE,takeda
0,status,2,WEREWOLF,ALIVE,Udon
0,status,3,VILLAGER,ALIVE,wasabi
0,status,4,SEER,ALIVE,simipu
0,status,5,BODYGUARD,ALIVE,Sashimi
0,status,6,VILLAGER,ALIVE,J0hnDoe
0,status,7,VILLAGER,ALIVE,PaSeRi
0,status,8,WEREWOLF,ALIVE,Camellia
0,status,9,VILLAGER,ALIVE,Tomo
0,status,10,VILLAGER,ALIVE,Tomato
0,status,11,POSSESSED,ALIVE,cube
0,status,12,MEDIUM,ALIVE,daisyo
0,status,13,VILLAGER,ALIVE,FoxuFoxu
0,status,14,WEREWOLF,ALIVE,HALU
0,status,15,VILLAGER,ALIVE,otsuki
0,whisper,0,0,14,COMINGOUT Agent[14] VILLAGER
0,whisper,1,0,2,Over
0,whisper,2,0,8,ATTACK Agent[13]
0,whisper,3,1,8,Skip
0,whisper,4,1,2,Over
0,whisper,5,1,14,Skip
0,whisper,6,2,8,Skip
0,whisper,7,2,2,Over
0,whisper,8,2,14,Skip
0,whisper,9,3,2,Over
0,whisper,10,3,8,Over
0,whisper,11,3,14,Over
0,divine,4,11,HUMAN
1,status,1,VILLAGER,ALIVE,takeda
1,status,2,WEREWOLF,ALIVE,Udon
1,status,3,VILLAGER,ALIVE,wasabi
1,status,4,SEER,ALIVE,simipu
1,status,5,BODYGUARD,ALIVE,Sashimi
1,status,6,VILLAGER,ALIVE,J0hnDoe
1,status,7,VILLAGER,ALIVE,PaSeRi
1,status,8,WEREWOLF,ALIVE,Camellia
1,status,9,VILLAGER,ALIVE,Tomo
1,status,10,VILLAGER,ALIVE,Tomato
1,status,11,POSSESSED,ALIVE,cube
1,status,12,MEDIUM,ALIVE,daisyo
1,status,13,VILLAGER,ALIVE,FoxuFoxu
1,status,14,WEREWOLF,ALIVE,HALU
1,status,15,VILLAGER,ALIVE,otsuki
1,talk,0,0,5,VOTE Agent[14]
1,talk,1,0,14,VOTE Agent[06]
1,talk,2,0,7,Skip
1,talk,3,0,8,Skip
1,talk,4,0,4,COMINGOUT Agent[04] SEER
1,talk,5,0,1,VOTE Agent[06]
1,talk,6,0,6,VOTE Agent[14]
1,talk,7,0,12,COMINGOUT Agent[12] MEDIUM
1,talk,8,0,2,VOTE Agent[15]
1,talk,9,0,15,Skip
1,talk,10,0,10,VOTE Agent[03]
1,talk,11,0,3,ESTIMATE Agent[04] SEER
1,talk,12,0,9,VOTE Agent[06]
1,talk,13,0,13,Skip
1,talk,14,0,11,VOTE Agent[06]
1,talk,15,1,4,DIVINED Agent[11] HUMAN
1,talk,16,1,8,Skip
1,talk,17,1,9,VOTE Agent[06]
1,talk,18,1,11,VOTE Agent[08]
1,talk,19,1,12,VOTE Agent[03]
1,talk,20,1,14,VOTE Agent[03]
1,talk,21,1,3,ESTIMATE Agent[01] VILLAGER
1,talk,22,1,10,Skip
1,talk,23,1,1,VOTE Agent[13]
1,talk,24,1,2,Over
1,talk,25,1,13,Skip
1,talk,26,1,15,Skip
1,talk,27,1,5,COMINGOUT Agent[05] MEDIUM
1,talk,28,1,6,VOTE Agent[13]
1,talk,29,1,7,Skip
1,talk,30,2,5,VOTE Agent[01]
1,talk,31,2,12,Skip
1,talk,32,2,13,Over
1,talk,33,2,11,VOTE Agent[05]
1,talk,34,2,3,ESTIMATE Agent[14] VILLAGER
1,talk,35,2,10,Skip
1,talk,36,2,2,VOTE Agent[05]
1,talk,37,2,4,VOTE Agent[03]
1,talk,38,2,9,VOTE Agent[03]
1,talk,39,2,7,Over
1,talk,40,2,14,VOTE Agent[05]
1,talk,41,2,8,Over
1,talk,42,2,15,ESTIMATE Agent[05] WEREWOLF
1,talk,43,2,1,VOTE Agent[05]
1,talk,44,2,6,VOTE Agent[13]
1,talk,45,3,15,VOTE Agent[05]
1,talk,46,3,11,Skip
1,talk,47,3,12,Skip
1,talk,48,3,2,Over
1,talk,49,3,14,VOTE Agent[05]
1,talk,50,3,4,VOTE Agent[05]
1,talk,51,3,5,ESTIMATE Agent[02] WEREWOLF
1,talk,52,3,6,VOTE Agent[03]
1,talk,53,3,13,Over
1,talk,54,3,3,VOTE Agent[05]
1,talk,55,3,10,VOTE Agent[07]
1,talk,56,3,1,VOTE Agent[03]
1,talk,57,3,8,Over
1,talk,58,3,9,VOTE Agent[05]
1,talk,59,3,7,Over
1,talk,60,4,4,VOTE Agent[05]
1,talk,61,4,3,ESTIMATE Agent[02] VILLAGER
1,talk,62,4,6,VOTE Agent[03]
1,talk,63,4,2,Over
1,talk,64,4,15,REQUEST ANY (VOTE Agent[05])
1,talk,65,4,9,VOTE Agent[05]
1,talk,66,4,14,VOTE Agent[05]
1,talk,67,4,1,Skip
1,talk,68,4,5,ESTIMATE Agent[02] WEREWOLF
1,talk,69,4,11,Skip
1,talk,70,4,8,Over
1,talk,71,4,12,Over
1,talk,72,4,13,Over
1,talk,73,4,7,Over
1,talk,74,4,10,Skip
1,talk,75,5,10,Skip
1,talk,76,5,12,Over
1,talk,77,5,2,Over
1,talk,78,5,6,VOTE Agent[03]
1,talk,79,5,9,VOTE Agent[05]
1,talk,80,5,1,Skip
1,talk,81,5,15,Skip
1,talk,82,5,3,ESTIMATE Agent[15] VILLAGER
1,talk,83,5,11,Over
1,talk,84,5,13,Over
1,talk,85,5,4,VOTE Agent[05]
1,talk,86,5,8,Over
1,talk,87,5,7,Over
1,talk,88,5,5,VOTE Agent[15]
1,talk,89,5,14,VOTE Agent[05]
1,talk,90,6,1,Over
1,talk,91,6,12,Over
1,talk,92,6,4,VOTE Agent[05]
1,talk,93,6,3,REQUEST ANY (VOTE Agent[05])
1,talk,94,6,8,Over
1,talk,95,6,13,Over
1,talk,96,6,10,Over
1,talk,97,6,14,VOTE Agent[05]
1,talk,98,6,11,Over
1,talk,99,6,6,VOTE Agent[03]
1,talk,100,6,9,VOTE Agent[05]
1,talk,101,6,7,Over
1,talk,102,6,2,Over
1,talk,103,6,5,VOTE Agent[10]
1,talk,104,6,15,Skip
1,talk,105,7,3,Skip
1,talk,106,7,14,VOTE Agent[05]
1,talk,107,7,6,VOTE Agent[03]
1,talk,108,7,13,Over
1,talk,109,7,11,Over
1,talk,110,7,12,Over
1,talk,111,7,10,Over
1,talk,112,7,2,Over
1,talk,113,7,8,Over
1,talk,114,7,9,VOTE Agent[05]
1,talk,115,7,1,Over
1,talk,116,7,7,Over
1,talk,117,7,4,VOTE Agent[05]
1,talk,118,7,15,Over
1,talk,119,7,5,VOTE Agent[11]
1,talk,120,8,1,Over
1,talk,121,8,7,Over
1,talk,122,8,5,VOTE Agent[12]
1,talk,123,8,13,Over
1,talk,124,8,10,Over
1,talk,125,8,11,Over
1,talk,126,8,3,ESTIMATE Agent[04] SEER
1,talk,127,8,15,Over
1,talk,128,8,2,Over
1,talk,129,8,6,VOTE Agent[03]
1,talk,130,8,9,VOTE Agent[05]
1,talk,131,8,4,VOTE Agent[05]
1,talk,132,8,12,Over
1,talk,133,8,14,VOTE Agent[05]
1,talk,134,8,8,Over
1,talk,135,9,4,VOTE Agent[05]
1,talk,136,9,11,Over
1,talk,137,9,10,Over
1,talk,138,9,6,VOTE Agent[03]
1,talk,139,9,2,Over
1,talk,140,9,3,Over
1,talk,141,9,1,Over
1,talk,142,9,13,Over
1,talk,143,9,5,VOTE Agent[08]
1,talk,144,9,15,Over
1,talk,145,9,7,Over
1,talk,146,9,9,VOTE Agent[05]
1,talk,147,9,8,Over
1,talk,148,9,14,Over
1,talk,149,9,12,Over
1,talk,150,10,11,Over
1,talk,151,10,5,Over
1,talk,152,10,6,Over
1,talk,153,10,7,Over
1,talk,154,10,15,Over
1,talk,155,10,4,Over
1,talk,156,10,2,Over
1,talk,157,10,13,Over
1,talk,158,10,9,Over
1,talk,159,10,10,Over
1,talk,160,10,3,Over
1,talk,161,10,12,Over
1,talk,162,10,1,Over
1,talk,163,10,8,Over
1,talk,164,10,14,Over
1,vote,1,3
1,vote,2,5
1,vote,3,5
1,vote,4,3
1,vote,5,3
1,vote,6,3
1,vote,7,10
1,vote,8,5
1,vote,9,5
1,vote,10,7
1,vote,11,5
1,vote,12,3
1,vote,13,8
1,vote,14,5
1,vote,15,5
1,execute,5,BODYGUARD
1,divine,4,3,HUMAN
1,whisper,0,0,14,ATTACK Agent[04]
1,whisper,1,0,8,ATTACK Agent[04]
1,whisper,2,0,2,Over
1,whisper,3,1,14,Skip
1,whisper,4,1,2,Over
1,whisper,5,1,8,Skip
1,whisper,6,2,14,Skip
1,whisper,7,2,8,Skip
1,whisper,8,2,2,Over
1,whisper,9,3,2,Over
1,whisper,10,3,14,Over
1,whisper,11,3,8,Over
1,attackVote,2,4
1,attackVote,8,4
1,attackVote,14,4
1,attack,4,true
2,status,1,VILLAGER,ALIVE,takeda
2,status,2,WEREWOLF,ALIVE,Udon
2,status,3,VILLAGER,ALIVE,wasabi
2,status,4,SEER,DEAD,simipu
2,status,5,BODYGUARD,DEAD,Sashimi
2,status,6,VILLAGER,ALIVE,J0hnDoe
2,status,7,VILLAGER,ALIVE,PaSeRi
2,status,8,WEREWOLF,ALIVE,Camellia
2,status,9,VILLAGER,ALIVE,Tomo
2,status,10,VILLAGER,ALIVE,Tomato
2,status,11,POSSESSED,ALIVE,cube
2,status,12,MEDIUM,ALIVE,daisyo
2,status,13,VILLAGER,ALIVE,FoxuFoxu
2,status,14,WEREWOLF,ALIVE,HALU
2,status,15,VILLAGER,ALIVE,otsuki
2,talk,0,0,6,VOTE Agent[03]
2,talk,1,0,1,VOTE Agent[08]
2,talk,2,0,10,VOTE Agent[02]
2,talk,3,0,9,VOTE Agent[02]
2,talk,4,0,3,ESTIMATE Agent[15] VILLAGER
2,talk,5,0,13,Skip
2,talk,6,0,7,Skip
2,talk,7,0,8,Skip
2,talk,8,0,2,VOTE Agent[12]
2,talk,9,0,14,VOTE Agent[12]
2,talk,10,0,15,Skip
2,talk,11,0,12,Skip
2,talk,12,0,11,VOTE Agent[03]
2,talk,13,1,13,Skip
2,talk,14,1,9,VOTE Agent[02]
2,talk,15,1,7,Skip
2,talk,16,1,11,VOTE Agent[08]
2,talk,17,1,2,Over
2,talk,18,1,6,VOTE Agent[08]
2,talk,19,1,12,Skip
2,talk,20,1,1,Skip
2,talk,21,1,15,Skip
2,talk,22,1,10,VOTE Agent[03]
2,talk,23,1,14,VOTE Agent[12]
2,talk,24,1,3,ESTIMATE Agent[02] WEREWOLF
2,talk,25,1,8,Skip
2,talk,26,2,6,VOTE Agent[08]
2,talk,27,2,7,Over
2,talk,28,2,9,VOTE Agent[08]
2,talk,29,2,10,Skip
2,talk,30,2,1,Skip
2,talk,31,2,11,Skip
2,talk,32,2,8,Over
2,talk,33,2,14,VOTE Agent[12]
2,talk,34,2,3,ESTIMATE Agent[10] VILLAGER
2,talk,35,2,12,Over
2,talk,36,2,15,ESTIMATE Agent[14] WEREWOLF
2,talk,37,2,2,Over
2,talk,38,2,13,Over
2,talk,39,3,9,VOTE Agent[08]
2,talk,40,3,8,Over
2,talk,41,3,11,Skip
2,talk,42,3,1,Over
2,talk,43,3,12,Over
2,talk,44,3,15,VOTE Agent[14]
2,talk,45,3,2,VOTE Agent[08]
2,talk,46,3,13,Over
2,talk,47,3,10,Skip
2,talk,48,3,14,VOTE Agent[12]
2,talk,49,3,3,VOTE Agent[08]
2,talk,50,3,6,VOTE Agent[08]
2,talk,51,3,7,Over
2,talk,52,4,6,VOTE Agent[08]
2,talk,53,4,11,Over
2,talk,54,4,8,Over
2,talk,55,4,12,Over
2,talk,56,4,15,VOTE Agent[08]
2,talk,57,4,9,Skip
2,talk,58,4,10,VOTE Agent[07]
2,talk,59,4,13,Over
2,talk,60,4,1,Over
2,talk,61,4,14,VOTE Agent[12]
2,talk,62,4,3,VOTE Agent[12]
2,talk,63,4,7,Over
2,talk,64,4,2,Over
2,talk,65,5,11,Over
2,talk,66,5,9,VOTE Agent[08]
2,talk,67,5,12,Over
2,talk,68,5,13,Over
2,talk,69,5,1,Over
2,talk,70,5,3,ESTIMATE Agent[10] VILLAGER
2,talk,71,5,15,REQUEST ANY (VOTE Agent[08])
2,talk,72,5,6,VOTE Agent[08]
2,talk,73,5,10,Skip
2,talk,74,5,14,VOTE Agent[12]
2,talk,75,5,2,Over
2,talk,76,5,8,REQUEST ANY (VOTE Agent[15])
2,talk,77,5,7,Over
2,talk,78,6,7,Over
2,talk,79,6,9,VOTE Agent[08]
2,talk,80,6,11,Over
2,talk,81,6,6,VOTE Agent[08]
2,talk,82,6,10,Skip
2,talk,83,6,13,Over
2,talk,84,6,14,VOTE Agent[12]
2,talk,85,6,3,REQUEST ANY (VOTE Agent[12])
2,talk,86,6,12,Over
2,talk,87,6,8,Skip
2,talk,88,6,1,Over
2,talk,89,6,2,Over
2,talk,90,6,15,Skip
2,talk,91,7,1,Over
2,talk,92,7,2,Over
2,talk,93,7,3,Skip
2,talk,94,7,7,Over
2,talk,95,7,11,Over
2,talk,96,7,9,VOTE Agent[08]
2,talk,97,7,14,VOTE Agent[12]
2,talk,98,7,6,VOTE Agent[08]
2,talk,99,7,15,Skip
2,talk,100,7,12,Over
2,talk,101,7,13,Over
2,talk,102,7,8,Skip
2,talk,103,7,10,Over
2,talk,104,8,2,Over
2,talk,105,8,11,Over
2,talk,106,8,10,Over
2,talk,107,8,9,VOTE Agent[08]
2,talk,108,8,12,Over
2,talk,109,8,1,Over
2,talk,110,8,14,VOTE Agent[12]
2,talk,111,8,8,Over
2,talk,112,8,3,ESTIMATE Agent[13] WEREWOLF
2,talk,113,8,7,Over
2,talk,114,8,13,Over
2,talk,115,8,15,Over
2,talk,116,8,6,VOTE Agent[08]
2,talk,117,9,11,Over
2,talk,118,9,1,Over
2,talk,119,9,8,Over
2,talk,120,9,15,Over
2,talk,121,9,2,Over
2,talk,122,9,9,VOTE Agent[08]
2,talk,123,9,10,VOTE Agent[13]
2,talk,124,9,12,Over
2,talk,125,9,3,Over
2,talk,126,9,7,Over
2,talk,127,9,14,Over
2,talk,128,9,13,Over
2,talk,129,9,6,VOTE Agent[08]
2,talk,130,10,13,Over
2,talk,131,10,6,Over
2,talk,132,10,1,Over
2,talk,133,10,10,Skip
2,talk,134,10,7,Over
2,talk,135,10,3,Over
2,talk,136,10,11,Over
2,talk,137,10,8,Over
2,talk,138,10,9,VOTE Agent[08]
2,talk,139,10,15,Over
2,talk,140,10,12,Over
2,talk,141,10,2,Over
2,talk,142,10,14,Over
2,talk,143,11,1,Over
2,talk,144,11,10,Skip
2,talk,145,11,8,Over
2,talk,146,11,7,Over
2,talk,147,11,15,Over
2,talk,148,11,9,Over
2,talk,149,11,2,Over
2,talk,150,11,12,Over
2,talk,151,11,11,Over
2,talk,152,11,3,Over
2,talk,153,11,14,Over
2,talk,154,11,13,Over
2,talk,155,11,6,Over
2,talk,156,12,1,Over
2,talk,157,12,15,Over
2,talk,158,12,6,Over
2,talk,159,12,2,Over
2,talk,160,12,9,Over
2,talk,161,12,12,Over
2,talk,162,12,10,Over
2,talk,163,12,14,Over
2,talk,164,12,13,Over
2,talk,165,12,8,Over
2,talk,166,12,11,Over
2,talk,167,12,7,Over
2,talk,168,12,3,Over
2,vote,1,8
2,vote,2,8
2,vote,3,12
2,vote,6,8
2,vote,7,12
2,vote,8,12
2,vote,9,8
2,vote,10,13
2,vote,11,8
2,vote,12,3
2,vote,13,9
2,vote,14,12
2,vote,15,8
2,execute,8,WEREWOLF
2,whisper,0,0,2,Over
2,whisper,1,0,14,ATTACK Agent[12]
2,whisper,2,1,14,Skip
2,whisper,3,1,2,Over
2,whisper,4,2,2,Over
2,whisper,5,2,14,Skip
2,whisper,6,3,14,Over
2,whisper,7,3,2,Over
2,attackVote,2,11
2,attack,11,true
3,status,1,VILLAGER,ALIVE,takeda
3,status,2,WEREWOLF,ALIVE,Udon
3,status,3,VILLAGER,ALIVE,wasabi
3,status,4,SEER,DEAD,simipu
3,status,5,BODYGUARD,DEAD,Sashimi
3,status,6,VILLAGER,ALIVE,J0hnDoe
3,status,7,VILLAGER,ALIVE,PaSeRi
3,status,8,WEREWOLF,DEAD,Camellia
3,status,9,VILLAGER,ALIVE,Tomo
3,status,10,VILLAGER,ALIVE,Tomato
3,status,11,POSSESSED,DEAD,cube
3,status,12,MEDIUM,ALIVE,daisyo
3,status,13,VILLAGER,ALIVE,FoxuFoxu
3,status,14,WEREWOLF,ALIVE,HALU
3,status,15,VILLAGER,ALIVE,otsuki
3,talk,0,0,7,Skip
3,talk,1,0,3,ESTIMATE Agent[12] WEREWOLF
3,talk,2,0,12,Skip
3,talk,3,0,10,VOTE Agent[01]
3,talk,4,0,15,Skip
3,talk,5,0,6,VOTE Agent[03]
3,talk,6,0,9,VOTE Agent[01]
3,talk,7,0,14,VOTE Agent[12]
3,talk,8,0,2,VOTE Agent[12]
3,talk,9,0,13,Skip
3,talk,10,0,1,VOTE Agent[03]
3,talk,11,1,1,Skip
3,talk,12,1,9,VOTE Agent[12]
3,talk,13,1,10,VOTE Agent[03]
3,talk,14,1,7,Skip
3,talk,15,1,2,Over
3,talk,16,1,6,VOTE Agent[03]
3,talk,17,1,14,VOTE Agent[12]
3,talk,18,1,15,Skip
3,talk,19,1,3,ESTIMATE Agent[12] WEREWOLF
3,talk,20,1,12,Skip
3,talk,21,1,13,Skip
3,talk,22,2,10,Skip
3,talk,23,2,1,Skip
3,talk,24,2,2,Over
3,talk,25,2,9,VOTE Agent[12]
3,talk,26,2,12,Over
3,talk,27,2,15,ESTIMATE Agent[14] WEREWOLF
3,talk,28,2,14,VOTE Agent[12]
3,talk,29,2,3,ESTIMATE Agent[14] VILLAGER
3,talk,30,2,13,Over
3,talk,31,2,7,Over
3,talk,32,2,6,VOTE Agent[03]
3,talk,33,3,2,Over
3,talk,34,3,12,Over
3,talk,35,3,15,VOTE Agent[14]
3,talk,36,3,3,VOTE Agent[12]
3,talk,37,3,10,VOTE Agent[07]
3,talk,38,3,6,VOTE Agent[03]
3,talk,39,3,13,Over
3,talk,40,3,1,Over
3,talk,41,3,7,Over
3,talk,42,3,14,VOTE Agent[12]
3,talk,43,3,9,VOTE Agent[12]
3,talk,44,4,6,VOTE Agent[03]
3,talk,45,4,15,VOTE Agent[12]
3,talk,46,4,7,Over
3,talk,47,4,14,VOTE Agent[12]
3,talk,48,4,3,ESTIMATE Agent[01] VILLAGER
3,talk,49,4,1,Over
3,talk,50,4,2,Over
3,talk,51,4,12,Over
3,talk,52,4,10,Skip
3,talk,53,4,13,Over
3,talk,54,4,9,VOTE Agent[12]
3,talk,55,5,15,REQUEST ANY (VOTE Agent[12])
3,talk,56,5,6,VOTE Agent[03]
3,talk,57,5,1,Over
3,talk,58,5,3,ESTIMATE Agent[13] WEREWOLF
3,talk,59,5,10,VOTE Agent[13]
3,talk,60,5,9,VOTE Agent[12]
3,talk,61,5,13,Over
3,talk,62,5,14,VOTE Agent[12]
3,talk,63,5,12,Over
3,talk,64,5,2,Over
3,talk,65,5,7,Over
3,talk,66,6,1,Over
3,talk,67,6,6,VOTE Agent[03]
3,talk,68,6,14,VOTE Agent[12]
3,talk,69,6,9,VOTE Agent[12]
3,talk,70,6,2,Over
3,talk,71,6,13,Over
3,talk,72,6,15,Skip
3,talk,73,6,3,ESTIMATE Agent[02] WEREWOLF
3,talk,74,6,10,Skip
3,talk,75,6,12,Over
3,talk,76,6,7,Over
3,talk,77,7,1,Over
3,talk,78,7,15,Skip
3,talk,79,7,13,Over
3,talk,80,7,14,VOTE Agent[12]
3,talk,81,7,2,Over
3,talk,82,7,7,Over
3,talk,83,7,9,VOTE Agent[12]
3,talk,84,7,12,Over
3,talk,85,7,6,VOTE Agent[03]
3,talk,86,7,3,Skip
3,talk,87,7,10,Skip
3,talk,88,8,2,Over
3,talk,89,8,12,Over
3,talk,90,8,7,Over
3,talk,91,8,14,VOTE Agent[12]
3,talk,92,8,3,Skip
3,talk,93,8,9,VOTE Agent[12]
3,talk,94,8,15,Over
3,talk,95,8,13,Over
3,talk,96,8,10,Over
3,talk,97,8,6,VOTE Agent[03]
3,talk,98,8,1,Over
3,talk,99,9,10,Over
3,talk,100,9,15,Over
3,talk,101,9,13,Over
3,talk,102,9,12,Over
3,talk,103,9,2,Over
3,talk,104,9,7,Over
3,talk,105,9,6,VOTE Agent[03]
3,talk,106,9,14,Over
3,talk,107,9,9,VOTE Agent[12]
3,talk,108,9,3,Over
3,talk,109,9,1,Over
3,talk,110,10,9,Over
3,talk,111,10,1,Over
3,talk,112,10,2,Over
3,talk,113,10,15,Over
3,talk,114,10,3,Over
3,talk,115,10,13,Over
3,talk,116,10,10,Over
3,talk,117,10,7,Over
3,talk,118,10,12,Over
3,talk,119,10,6,Over
3,talk,120,10,14,Over
3,vote,1,3
3,vote,2,12
3,vote,3,12
3,vote,6,3
3,vote,7,12
3,vote,9,12
3,vote,10,13
3,vote,12,3
3,vote,13,14
3,vote,14,12
3,vote,15,12
3,execute,12,MEDIUM
3,whisper,0,0,14,ATTACK Agent[05]
3,whisper,1,0,2,Over
3,whisper,2,1,2,Over
3,whisper,3,1,14,Skip
3,whisper,4,2,2,Over
3,whisper,5,2,14,Skip
3,whisper,6,3,14,Over
3,whisper,7,3,2,Over
3,attackVote,2,10
3,attack,10,true
4,status,1,VILLAGER,ALIVE,takeda
4,status,2,WEREWOLF,ALIVE,Udon
4,status,3,VILLAGER,ALIVE,wasabi
4,status,4,SEER,DEAD,simipu
4,status,5,BODYGUARD,DEAD,Sashimi
4,status,6,VILLAGER,ALIVE,J0hnDoe
4,status,7,VILLAGER,ALIVE,PaSeRi
4,status,8,WEREWOLF,DEAD,Camellia
4,status,9,VILLAGER,ALIVE,Tomo
4,status,10,VILLAGER,DEAD,Tomato
4,status,11,POSSESSED,DEAD,cube
4,status,12,MEDIUM,DEAD,daisyo
4,status,13,VILLAGER,ALIVE,FoxuFoxu
4,status,14,WEREWOLF,ALIVE,HALU
4,status,15,VILLAGER,ALIVE,otsuki
4,talk,0,0,3,ESTIMATE Agent[06] VILLAGER
4,talk,1,0,13,Skip
4,talk,2,0,14,VOTE Agent[13]
4,talk,3,0,6,VOTE Agent[03]
4,talk,4,0,2,VOTE Agent[15]
4,talk,5,0,7,Skip
4,talk,6,0,1,VOTE Agent[03]
4,talk,7,0,15,Skip
4,talk,8,0,9,VOTE Agent[03]
4,talk,9,1,3,Skip
4,talk,10,1,7,Skip
4,talk,11,1,9,VOTE Agent[03]
4,talk,12,1,13,Skip
4,talk,13,1,15,Skip
4,talk,14,1,6,VOTE Agent[03]
4,talk,15,1,2,Over
4,talk,16,1,14,VOTE Agent[03]
4,talk,17,1,1,Skip
4,talk,18,2,3,Skip
4,talk,19,2,15,VOTE Agent[03]
4,talk,20,2,13,Over
4,talk,21,2,14,VOTE Agent[03]
4,talk,22,2,2,Over
4,talk,23,2,7,Over
4,talk,24,2,1,VOTE Agent[07]
4,talk,25,2,9,VOTE Agent[03]
4,talk,26,2,6,VOTE Agent[07]
4,talk,27,3,15,VOTE Agent[14]
4,talk,28,3,9,VOTE Agent[03]
4,talk,29,3,2,Over
4,talk,30,3,6,VOTE Agent[07]
4,talk,31,3,13,Over
4,talk,32,3,14,VOTE Agent[07]
4,talk,33,3,1,Skip
4,talk,34,3,7,Over
4,talk,35,3,3,VOTE Agent[14]
4,talk,36,4,13,Over
4,talk,37,4,14,VOTE Agent[07]
4,talk,38,4,3,VOTE Agent[15]
4,talk,39,4,2,Over
4,talk,40,4,6,VOTE Agent[07]
4,talk,41,4,7,Over
4,talk,42,4,1,Skip
4,talk,43,4,15,VOTE Agent[07]
4,talk,44,4,9,VOTE Agent[07]
4,talk,45,5,9,Skip
4,talk,46,5,6,Skip
4,talk,47,5,14,VOTE Agent[07]
4,talk,48,5,13,Over
4,talk,49,5,15,REQUEST ANY (VOTE Agent[07])
4,talk,50,5,3,ESTIMATE Agent[06] VILLAGER
4,talk,51,5,7,Over
4,talk,52,5,2,VOTE Agent[07]
4,talk,53,5,1,Over
4,talk,54,6,2,Over
4,talk,55,6,1,Over
4,talk,56,6,6,Skip
4,talk,57,6,13,Over
4,talk,58,6,9,Skip
4,talk,59,6,3,Skip
4,talk,60,6,7,Over
4,talk,61,6,15,Skip
4,talk,62,6,14,VOTE Agent[07]
4,talk,63,7,7,Over
4,talk,64,7,15,Skip
4,talk,65,7,13,Over
4,talk,66,7,1,Over
4,talk,67,7,6,Over
4,talk,68,7,2,Over
4,talk,69,7,14,VOTE Agent[07]
4,talk,70,7,3,ESTIMATE Agent[01] VILLAGER
4,talk,71,7,9,Over
4,talk,72,8,3,ESTIMATE Agent[02] VILLAGER
4,talk,73,8,7,Over
4,talk,74,8,9,Over
4,talk,75,8,1,Over
4,talk,76,8,15,Over
4,talk,77,8,2,Over
4,talk,78,8,6,Over
4,talk,79,8,13,Over
4,talk,80,8,14,VOTE Agent[07]
4,talk,81,9,14,Over
4,talk,82,9,3,Over
4,talk,83,9,1,Over
4,talk,84,9,15,Over
4,talk,85,9,6,Over
4,talk,86,9,2,Over
4,talk,87,9,9,Over
4,talk,88,9,13,Over
4,talk,89,9,7,Over
4,vote,1,7
4,vote,2,7
4,vote,3,15
4,vote,6,7
4,vote,7,6
4,vote,9,7
4,vote,13,9
4,vote,14,7
4,vote,15,7
4,execute,7,VILLAGER
4,whisper,0,0,2,Over
4,whisper,1,0,14,ATTACK Agent[05]
4,whisper,2,1,2,Over
4,whisper,3,1,14,Skip
4,whisper,4,2,2,Over
4,whisper,5,2,14,Skip
4,whisper,6,3,14,Over
4,whisper,7,3,2,Over
4,attackVote,2,6
4,attack,6,true
5,status,1,VILLAGER,ALIVE,takeda
5,status,2,WEREWOLF,ALIVE,Udon
5,status,3,VILLAGER,ALIVE,wasabi
5,status,4,SEER,DEAD,simipu
5,status,5,BODYGUARD,DEAD,Sashimi
5,status,6,VILLAGER,DEAD,J0hnDoe
5,status,7,VILLAGER,DEAD,PaSeRi
5,status,8,WEREWOLF,DEAD,Camellia
5,status,9,VILLAGER,ALIVE,Tomo
5,status,10,VILLAGER,DEAD,Tomato
5,status,11,POSSESSED,DEAD,cube
5,status,12,MEDIUM,DEAD,daisyo
5,status,13,VILLAGER,ALIVE,FoxuFoxu
5,status,14,WEREWOLF,ALIVE,HALU
5,status,15,VILLAGER,ALIVE,otsuki
5,talk,0,0,1,VOTE Agent[13]
5,talk,1,0,15,Skip
5,talk,2,0,2,VOTE Agent[15]
5,talk,3,0,13,Skip
5,talk,4,0,14,VOTE Agent[13]
5,talk,5,0,9,VOTE Agent[13]
5,talk,6,0,3,Skip
5,talk,7,1,1,Skip
5,talk,8,1,9,VOTE Agent[13]
5,talk,9,1,15,Skip
5,talk,10,1,2,Over
5,talk,11,1,14,VOTE Agent[13]
5,talk,12,1,3,ESTIMATE Agent[15] WEREWOLF
5,talk,13,1,13,Skip
5,talk,14,2,9,VOTE Agent[13]
5,talk,15,2,3,Skip
5,talk,16,2,15,ESTIMATE Agent[13] WEREWOLF
5,talk,17,2,2,Over
5,talk,18,2,14,VOTE Agent[13]
5,talk,19,2,1,Skip
5,talk,20,2,13,Over
5,talk,21,3,2,Over
5,talk,22,3,14,VOTE Agent[13]
5,talk,23,3,13,Over
5,talk,24,3,15,VOTE Agent[13]
5,talk,25,3,9,Skip
5,talk,26,3,1,Over
5,talk,27,3,3,VOTE Agent[13]
5,talk,28,4,13,Over
5,talk,29,4,9,Skip
5,talk,30,4,1,Over
5,talk,31,4,14,VOTE Agent[13]
5,talk,32,4,15,REQUEST ANY (VOTE Agent[13])
5,talk,33,4,2,Over
5,talk,34,4,3,ESTIMATE Agent[15] WEREWOLF
5,talk,35,5,9,Over
5,talk,36,5,1,Over
5,talk,37,5,3,ESTIMATE Agent[01] VILLAGER
5,talk,38,5,15,Skip
5,talk,39,5,2,Over
5,talk,40,5,14,VOTE Agent[13]
5,talk,41,5,13,Over
5,talk,42,6,2,Over
5,talk,43,6,13,Over
5,talk,44,6,9,Over
5,talk,45,6,1,Over
5,talk,46,6,14,VOTE Agent[13]
5,talk,47,6,3,Skip
5,talk,48,6,15,Skip
5,talk,49,7,9,Over
5,talk,50,7,15,Over
5,talk,51,7,14,VOTE Agent[13]
5,talk,52,7,2,VOTE Agent[13]
5,talk,53,7,13,Over
5,talk,54,7,3,REQUEST ANY (VOTE Agent[13])
5,talk,55,7,1,Over
5,talk,56,8,13,Over
5,talk,57,8,1,Over
5,talk,58,8,3,ESTIMATE Agent[09] VILLAGER
5,talk,59,8,2,Over
5,talk,60,8,15,Over
5,talk,61,8,14,VOTE Agent[13]
5,talk,62,8,9,Over
5,talk,63,9,14,Over
5,talk,64,9,1,Over
5,talk,65,9,2,Over
5,talk,66,9,15,Over
5,talk,67,9,3,Over
5,talk,68,9,9,Over
5,talk,69,9,13,Over
5,vote,1,13
5,vote,2,13
5,vote,3,13
5,vote,9,13
5,vote,13,2
5,vote,14,13
5,vote,15,13
5,execute,13,VILLAGER
5,whisper,0,0,2,Over
5,whisper,1,0,14,ATTACK Agent[05]
5,whisper,2,1,14,Skip
5,whisper,3,1,2,Over
5,whisper,4,2,14,Skip
5,whisper,5,2,2,Over
5,whisper,6,3,14,Over
5,whisper,7,3,2,Over
5,attackVote,2,3
5,attack,3,true
6,status,1,VILLAGER,ALIVE,takeda
6,status,2,WEREWOLF,ALIVE,Udon
6,status,3,VILLAGER,DEAD,wasabi
6,status,4,SEER,DEAD,simipu
6,status,5,BODYGUARD,DEAD,Sashimi
6,status,6,VILLAGER,DEAD,J0hnDoe
6,status,7,VILLAGER,DEAD,PaSeRi
6,status,8,WEREWOLF,DEAD,Camellia
6,status,9,VILLAGER,ALIVE,Tomo
6,status,10,VILLAGER,DEAD,Tomato
6,status,11,POSSESSED,DEAD,cube
6,status,12,MEDIUM,DEAD,daisyo
6,status,13,VILLAGER,DEAD,FoxuFoxu
6,status,14,WEREWOLF,ALIVE,HALU
6,status,15,VILLAGER,ALIVE,otsuki
6,talk,0,0,14,VOTE Agent[15]
6,talk,1,0,1,VOTE Agent[14]
6,talk,2,0,9,VOTE Agent[14]
6,talk,3,0,2,VOTE Agent[15]
6,talk,4,0,15,Skip
6,talk,5,1,9,VOTE Agent[14]
6,talk,6,1,14,VOTE Agent[15]
6,talk,7,1,15,Skip
6,talk,8,1,2,Over
6,talk,9,1,1,Skip
6,talk,10,2,15,ESTIMATE Agent[14] WEREWOLF
6,talk,11,2,9,Skip
6,talk,12,2,14,VOTE Agent[15]
6,talk,13,2,1,Skip
6,talk,14,2,2,Over
6,talk,15,3,2,Over
6,talk,16,3,9,Skip
6,talk,17,3,1,Over
6,talk,18,3,14,VOTE Agent[15]
6,talk,19,3,15,VOTE Agent[14]
6,talk,20,4,2,Over
6,talk,21,4,1,Over
6,talk,22,4,15,REQUEST ANY (VOTE Agent[14])
6,talk,23,4,9,Over
6,talk,24,4,14,VOTE Agent[15]
6,talk,25,5,15,Skip
6,talk,26,5,9,Over
6,talk,27,5,2,Over
6,talk,28,5,1,Over
6,talk,29,5,14,VOTE Agent[15]
6,talk,30,6,1,Over
6,talk,31,6,14,VOTE Agent[15]
6,talk,32,6,15,Skip
6,talk,33,6,2,Over
6,talk,34,6,9,Over
6,talk,35,7,14,VOTE Agent[15]
6,talk,36,7,9,Over
6,talk,37,7,15,Over
6,talk,38,7,2,Over
6,talk,39,7,1,Over
6,talk,40,8,9,Over
6,talk,41,8,15,Over
6,talk,42,8,14,VOTE Agent[15]
6,talk,43,8,2,Over
6,talk,44,8,1,Over
6,talk,45,9,14,Over
6,talk,46,9,2,VOTE Agent[14]
6,talk,47,9,1,Over
6,talk,48,9,9,Over
6,talk,49,9,15,Over
6,talk,50,10,15,Over
6,talk,51,10,14,Over
6,talk,52,10,2,Over
6,talk,53,10,9,Over
6,talk,54,10,1,Over
6,vote,1,14
6,vote,2,14
6,vote,9,14
6,vote,14,9
6,vote,15,14
6,execute,14,WEREWOLF
6,attackVote,2,15
6,attack,15,true
7,status,1,VILLAGER,ALIVE,takeda
7,status,2,WEREWOLF,ALIVE,Udon
7,status,3,VILLAGER,DEAD,wasabi
7,status,4,SEER,DEAD,simipu
7,status,5,BODYGUARD,DEAD,Sashimi
7,status,6,VILLAGER,DEAD,J0hnDoe
7,status,7,VILLAGER,DEAD,PaSeRi
7,status,8,WEREWOLF,DEAD,Camellia
7,status,9,VILLAGER,ALIVE,Tomo
7,status,10,VILLAGER,DEAD,Tomato
7,status,11,POSSESSED,DEAD,cube
7,status,12,MEDIUM,DEAD,daisyo
7,status,13,VILLAGER,DEAD,FoxuFoxu
7,status,14,WEREWOLF,DEAD,HALU
7,status,15,VILLAGER,DEAD,otsuki
7,talk,0,0,9,VOTE Agent[01]
7,talk,1,0,1,VOTE Agent[02]
7,talk,2,0,2,VOTE Agent[01]
7,talk,3,1,2,Over
7,talk,4,1,1,VOTE Agent[02]
7,talk,5,1,9,Skip
7,talk,6,2,1,VOTE Agent[02]
7,talk,7,2,2,Over
7,talk,8,2,9,Skip
7,talk,9,3,9,Over
7,talk,10,3,1,VOTE Agent[02]
7,talk,11,3,2,Over
7,talk,12,4,2,Over
7,talk,13,4,1,VOTE Agent[02]
7,talk,14,4,9,Over
7,talk,15,5,2,Over
7,talk,16,5,9,Over
7,talk,17,5,1,VOTE Agent[02]
7,talk,18,6,9,Over
7,talk,19,6,2,Over
7,talk,20,6,1,VOTE Agent[02]
7,talk,21,7,2,Over
7,talk,22,7,1,VOTE Agent[02]
7,talk,23,7,9,Over
7,talk,24,8,9,Over
7,talk,25,8,2,Over
7,talk,26,8,1,VOTE Agent[02]
7,talk,27,9,2,Over
7,talk,28,9,9,Over
7,talk,29,9,1,VOTE Agent[02]
7,talk,30,10,2,Over
7,talk,31,10,9,Over
7,talk,32,10,1,Over
7,vote,1,2
7,vote,2,1
7,vote,9,1
7,execute,1,VILLAGER
7,attackVote,2,9
7,attack,9,true
8,status,1,VILLAGER,DEAD,takeda
8,status,2,WEREWOLF,ALIVE,Udon
8,status,3,VILLAGER,DEAD,wasabi
8,status,4,SEER,DEAD,simipu
8,status,5,BODYGUARD,DEAD,Sashimi
8,status,6,VILLAGER,DEAD,J0hnDoe
8,status,7,VILLAGER,DEAD,PaSeRi
8,status,8,WEREWOLF,DEAD,Camellia
8,status,9,VILLAGER,DEAD,Tomo
8,status,10,VILLAGER,DEAD,Tomato
8,status,11,POSSESSED,DEAD,cube
8,status,12,MEDIUM,DEAD,daisyo
8,status,13,VILLAGER,DEAD,FoxuFoxu
8,status,14,WEREWOLF,DEAD,HALU
8,status,15,VILLAGER,DEAD,otsuki
8,result,0,1,WEREWOLF
