0,status,1,POSSESSED,ALIVE,takeda
0,status,2,WEREWOLF,ALIVE,Udon
0,status,3,SEER,ALIVE,wasabi
0,status,4,WEREWOLF,ALIVE,simipu
0,status,5,VILLAGER,ALIVE,Sashimi
0,status,6,VILLAGER,ALIVE,J0hnDoe
0,status,7,VILLAGER,ALIVE,PaSeRi
0,status,8,BODYGUARD,ALIVE,Camellia
0,status,9,VILLAGER,ALIVE,Tomo
0,status,10,WEREWOLF,ALIVE,Tomato
0,status,11,VILLAGER,ALIVE,cube
0,status,12,VILLAGER,ALIVE,daisyo
0,status,13,MEDIUM,ALIVE,FoxuFoxu
0,status,14,VILLAGER,ALIVE,HALU
0,status,15,VILLAGER,ALIVE,otsuki
0,whisper,0,0,4,Skip
0,whisper,1,0,10,COMINGOUT Agent[10] VILLAGER
0,whisper,2,0,2,Over
0,whisper,3,1,10,Skip
0,whisper,4,1,2,Over
0,whisper,5,1,4,Skip
0,whisper,6,2,2,Over
0,whisper,7,2,10,Skip
0,whisper,8,2,4,Over
0,whisper,9,3,4,Over
0,whisper,10,3,2,Over
0,whisper,11,3,10,Over
0,divine,3,11,HUMAN
1,status,1,POSSESSED,ALIVE,takeda
1,status,2,WEREWOLF,ALIVE,Udon
1,status,3,SEER,ALIVE,wasabi
1,status,4,WEREWOLF,ALIVE,simipu
1,status,5,VILLAGER,ALIVE,Sashimi
1,status,6,VILLAGER,ALIVE,J0hnDoe
1,status,7,VILLAGER,ALIVE,PaSeRi
1,status,8,BODYGUARD,ALIVE,Camellia
1,status,9,VILLAGER,ALIVE,Tomo
1,status,10,WEREWOLF,ALIVE,Tomato
1,status,11,VILLAGER,ALIVE,cube
1,status,12,VILLAGER,ALIVE,daisyo
1,status,13,MEDIUM,ALIVE,FoxuFoxu
1,status,14,VILLAGER,ALIVE,HALU
1,status,15,VILLAGER,ALIVE,otsuki
1,talk,0,0,6,VOTE Agent[09]
1,talk,1,0,2,VOTE Agent[15]
1,talk,2,0,1,COMINGOUT Agent[01] SEER
1,talk,3,0,11,VOTE Agent[09]
1,talk,4,0,14,VOTE Agent[15]
1,talk,5,0,7,Skip
1,talk,6,0,5,VOTE Agent[13]
1,talk,7,0,15,Skip
1,talk,8,0,4,Skip
1,talk,9,0,9,VOTE Agent[15]
1,talk,10,0,8,COMINGOUT Agent[08] BODYGUARD
1,talk,11,0,10,COMINGOUT Agent[10] VILLAGER
1,talk,12,0,3,COMINGOUT Agent[03] SEER
1,talk,13,0,13,Skip
1,talk,14,0,12,Skip
1,talk,15,1,10,VOTE Agent[07]
1,talk,16,1,9,VOTE Agent[15]
1,talk,17,1,3,DIVINED Agent[11] HUMAN
1,talk,18,1,6,VOTE Agent[10]
1,talk,19,1,14,VOTE Agent[09]
1,talk,20,1,7,Skip
1,talk,21,1,12,VOTE Agent[10]
1,talk,22,1,4,VOTE Agent[10]
1,talk,23,1,1,DIVINED Agent[11] WEREWOLF
1,talk,24,1,5,COMINGOUT Agent[05] SEER
1,talk,25,1,11,VOTE Agent[10]
1,talk,26,1,13,Skip
1,talk,27,1,2,VOTE Agent[11]
1,talk,28,1,15,Skip
1,talk,29,1,8,COMINGOUT Agent[08] BODYGUARD
1,talk,30,2,15,VOTE Agent[05]
1,talk,31,2,9,VOTE Agent[10]
1,talk,32,2,5,DIVINED Agent[03] WEREWOLF
1,talk,33,2,1,VOTE Agent[05]
1,talk,34,2,14,VOTE Agent[05]
1,talk,35,2,10,Skip
1,talk,36,2,8,COMINGOUT Agent[08] BODYGUARD
1,talk,37,2,7,Over
1,talk,38,2,4,Skip
1,talk,39,2,11,VOTE Agent[05]
1,talk,40,2,6,VOTE Agent[10]
1,talk,41,2,12,VOTE Agent[05]
1,talk,42,2,3,ESTIMATE Agent[11] VILLAGER
1,talk,43,2,2,Over
1,talk,44,2,13,Over
1,talk,45,3,1,Skip
1,talk,46,3,7,Over
1,talk,47,3,10,Skip
1,talk,48,3,5,VOTE Agent[13]
1,talk,49,3,4,VOTE Agent[05]
1,talk,50,3,13,Over
1,talk,51,3,3,VOTE Agent[10]
1,talk,52,3,8,COMINGOUT Agent[08] BODYGUARD
1,talk,53,3,14,VOTE Agent[05]
1,talk,54,3,2,Over
1,talk,55,3,11,VOTE Agent[05]
1,talk,56,3,6,VOTE Agent[04]
1,talk,57,3,15,REQUEST ANY (VOTE Agent[05])
1,talk,58,3,9,VOTE Agent[05]
1,talk,59,3,12,Skip
1,talk,60,4,8,COMINGOUT Agent[08] BODYGUARD
1,talk,61,4,14,VOTE Agent[05]
1,talk,62,4,2,Over
1,talk,63,4,9,VOTE Agent[05]
1,talk,64,4,6,VOTE Agent[04]
1,talk,65,4,11,VOTE Agent[05]
1,talk,66,4,12,Skip
1,talk,67,4,13,Over
1,talk,68,4,3,ESTIMATE Agent[06] WEREWOLF
1,talk,69,4,7,Over
1,talk,70,4,15,Skip
1,talk,71,4,1,Skip
1,talk,72,4,10,Over
1,talk,73,4,4,Skip
1,talk,74,4,5,VOTE Agent[07]
1,talk,75,5,11,VOTE Agent[05]
1,talk,76,5,13,Over
1,talk,77,5,12,Over
1,talk,78,5,10,Over
1,talk,79,5,9,VOTE Agent[05]
1,talk,80,5,5,VOTE Agent[13]
1,talk,81,5,7,Over
1,talk,82,5,8,COMINGOUT Agent[08] BODYGUARD
1,talk,83,5,3,VOTE Agent[02]
1,talk,84,5,2,Over
1,talk,85,5,14,VOTE Agent[05]
1,talk,86,5,1,Over
1,talk,87,5,4,Skip
1,talk,88,5,15,Skip
1,talk,89,5,6,VOTE Agent[04]
1,talk,90,6,11,VOTE Agent[05]
1,talk,91,6,6,VOTE Agent[04]
1,talk,92,6,4,Over
1,talk,93,6,9,VOTE Agent[05]
1,talk,94,6,10,Over
1,talk,95,6,14,VOTE Agent[05]
1,talk,96,6,2,Over
1,talk,97,6,3,Skip
1,talk,98,6,15,Over
1,talk,99,6,8,COMINGOUT Agent[08] BODYGUARD
1,talk,100,6,5,VOTE Agent[06]
1,talk,101,6,13,Over
1,talk,102,6,12,Over
1,talk,103,6,1,Over
1,talk,104,6,7,Over
1,talk,105,7,5,VOTE Agent[08]
1,talk,106,7,11,VOTE Agent[05]
1,talk,107,7,2,Over
1,talk,108,7,12,Over
1,talk,109,7,9,VOTE Agent[05]
1,talk,110,7,1,Over
1,talk,111,7,13,Over
1,talk,112,7,7,Over
1,talk,113,7,14,VOTE Agent[05]
1,talk,114,7,8,COMINGOUT Agent[08] BODYGUARD
1,talk,115,7,4,Over
1,talk,116,7,3,VOTE Agent[09]
1,talk,117,7,6,VOTE Agent[04]
1,talk,118,7,15,Over
1,talk,119,7,10,Over
1,talk,120,8,10,Over
1,talk,121,8,13,Over
1,talk,122,8,7,Over
1,talk,123,8,8,COMINGOUT Agent[08] BODYGUARD
1,talk,124,8,15,Over
1,talk,125,8,4,Over
1,talk,126,8,12,Over
1,talk,127,8,3,VOTE Agent[02]
1,talk,128,8,6,VOTE Agent[04]
1,talk,129,8,9,VOTE Agent[05]
1,talk,130,8,14,VOTE Agent[05]
1,talk,131,8,1,Over
1,talk,132,8,2,Over
1,talk,133,8,11,VOTE Agent[05]
1,talk,134,8,5,VOTE Agent[06]
1,talk,135,9,9,VOTE Agent[05]
1,talk,136,9,4,Over
1,talk,137,9,11,VOTE Agent[05]
1,talk,138,9,6,VOTE Agent[04]
1,talk,139,9,7,Over
1,talk,140,9,10,Over
1,talk,141,9,15,Over
1,talk,142,9,8,COMINGOUT Agent[08] BODYGUARD
1,talk,143,9,3,Over
1,talk,144,9,13,Over
1,talk,145,9,14,Over
1,talk,146,9,1,Over
1,talk,147,9,2,Over
1,talk,148,9,12,Over
1,talk,149,9,5,VOTE Agent[12]
1,talk,150,10,3,Over
1,talk,151,10,7,Over
1,talk,152,10,12,Over
1,talk,153,10,1,Over
1,talk,154,10,5,Over
1,talk,155,10,13,Over
1,talk,156,10,8,Over
1,talk,157,10,4,Over
1,talk,158,10,15,Over
1,talk,159,10,9,Over
1,talk,160,10,11,Over
1,talk,161,10,6,Over
1,talk,162,10,14,Over
1,talk,163,10,2,Over
1,talk,164,10,10,Over
1,vote,1,12
1,vote,2,11
1,vote,3,2
1,vote,4,5
1,vote,5,6
1,vote,6,4
1,vote,7,4
1,vote,8,15
1,vote,9,5
1,vote,10,7
1,vote,11,5
1,vote,12,5
1,vote,13,9
1,vote,14,5
1,vote,15,5
1,execute,5,VILLAGER
1,divine,3,7,HUMAN
1,whisper,0,0,2,Over
1,whisper,1,0,4,Skip
1,whisper,2,0,10,ESTIMATE Agent[03] POSSESSED
1,whisper,3,1,2,Over
1,whisper,4,1,4,Skip
1,whisper,5,1,10,ATTACK Agent[08]
1,whisper,6,2,4,Over
1,whisper,7,2,2,Over
1,whisper,8,2,10,Skip
1,whisper,9,3,4,Over
1,whisper,10,3,10,Skip
1,whisper,11,3,2,Over
1,whisper,12,4,4,Over
1,whisper,13,4,10,Over
1,whisper,14,4,2,Over
1,guard,8,15,VILLAGER
1,attackVote,2,8
1,attackVote,4,3
1,attackVote,10,8
1,attack,8,true
2,status,1,POSSESSED,ALIVE,takeda
2,status,2,WEREWOLF,ALIVE,Udon
2,status,3,SEER,ALIVE,wasabi
2,status,4,WEREWOLF,ALIVE,simipu
2,status,5,VILLAGER,DEAD,Sashimi
2,status,6,VILLAGER,ALIVE,J0hnDoe
2,status,7,VILLAGER,ALIVE,PaSeRi
2,status,8,BODYGUARD,DEAD,Camellia
2,status,9,VILLAGER,ALIVE,Tomo
2,status,10,WEREWOLF,ALIVE,Tomato
2,status,11,VILLAGER,ALIVE,cube
2,status,12,VILLAGER,ALIVE,daisyo
2,status,13,MEDIUM,ALIVE,FoxuFoxu
2,status,14,VILLAGER,ALIVE,HALU
2,status,15,VILLAGER,ALIVE,otsuki
2,talk,0,0,13,Skip
2,talk,1,0,6,VOTE Agent[04]
2,talk,2,0,15,Skip
2,talk,3,0,12,VOTE Agent[04]
2,talk,4,0,1,DIVINED Agent[04] HUMAN
2,talk,5,0,7,Skip
2,talk,6,0,14,VOTE Agent[03]
2,talk,7,0,9,VOTE Agent[04]
2,talk,8,0,3,DIVINED Agent[07] HUMAN
2,talk,9,0,2,VOTE Agent[11]
2,talk,10,0,4,VOTE Agent[03]
2,talk,11,0,10,VOTE Agent[07]
2,talk,12,0,11,VOTE Agent[04]
2,talk,13,1,10,Skip
2,talk,14,1,9,VOTE Agent[04]
2,talk,15,1,13,Skip
2,talk,16,1,3,ESTIMATE Agent[01] WEREWOLF
2,talk,17,1,12,Skip
2,talk,18,1,2,Over
2,talk,19,1,1,VOTE Agent[11]
2,talk,20,1,4,Skip
2,talk,21,1,14,VOTE Agent[03]
2,talk,22,1,11,VOTE Agent[04]
2,talk,23,1,15,Skip
2,talk,24,1,6,VOTE Agent[04]
2,talk,25,1,7,Skip
2,talk,26,2,2,Over
2,talk,27,2,10,Skip
2,talk,28,2,15,ESTIMATE Agent[10] WEREWOLF
2,talk,29,2,3,ESTIMATE Agent[12] WEREWOLF
2,talk,30,2,11,VOTE Agent[04]
2,talk,31,2,12,Skip
2,talk,32,2,1,Skip
2,talk,33,2,6,VOTE Agent[04]
2,talk,34,2,7,Over
2,talk,35,2,14,VOTE Agent[03]
2,talk,36,2,9,VOTE Agent[04]
2,talk,37,2,4,Skip
2,talk,38,2,13,Over
2,talk,39,3,14,VOTE Agent[03]
2,talk,40,3,1,Skip
2,talk,41,3,6,VOTE Agent[04]
2,talk,42,3,15,VOTE Agent[10]
2,talk,43,3,3,VOTE Agent[04]
2,talk,44,3,10,Over
2,talk,45,3,2,VOTE Agent[04]
2,talk,46,3,9,VOTE Agent[04]
2,talk,47,3,12,Over
2,talk,48,3,7,Over
2,talk,49,3,4,Over
2,talk,50,3,11,VOTE Agent[04]
2,talk,51,3,13,Over
2,talk,52,4,1,Over
2,talk,53,4,7,Over
2,talk,54,4,10,Over
2,talk,55,4,13,Over
2,talk,56,4,12,Over
2,talk,57,4,6,VOTE Agent[04]
2,talk,58,4,11,VOTE Agent[04]
2,talk,59,4,9,VOTE Agent[04]
2,talk,60,4,4,Over
2,talk,61,4,14,VOTE Agent[03]
2,talk,62,4,3,VOTE Agent[14]
2,talk,63,4,2,VOTE Agent[03]
2,talk,64,4,15,REQUEST ANY (VOTE Agent[10])
2,talk,65,5,13,Over
2,talk,66,5,15,Skip
2,talk,67,5,9,VOTE Agent[04]
2,talk,68,5,6,VOTE Agent[04]
2,talk,69,5,3,VOTE Agent[12]
2,talk,70,5,11,VOTE Agent[04]
2,talk,71,5,1,Over
2,talk,72,5,2,Over
2,talk,73,5,7,Over
2,talk,74,5,4,Over
2,talk,75,5,14,VOTE Agent[03]
2,talk,76,5,12,Over
2,talk,77,5,10,Over
2,talk,78,6,7,Over
2,talk,79,6,15,Skip
2,talk,80,6,2,Over
2,talk,81,6,6,VOTE Agent[04]
2,talk,82,6,4,Over
2,talk,83,6,12,Over
2,talk,84,6,13,Over
2,talk,85,6,11,VOTE Agent[04]
2,talk,86,6,3,VOTE Agent[04]
2,talk,87,6,9,VOTE Agent[04]
2,talk,88,6,14,VOTE Agent[03]
2,talk,89,6,10,Over
2,talk,90,6,1,Over
2,talk,91,7,2,VOTE Agent[04]
2,talk,92,7,10,Over
2,talk,93,7,1,Over
2,talk,94,7,4,Over
2,talk,95,7,7,Over
2,talk,96,7,3,VOTE Agent[09]
2,talk,97,7,6,VOTE Agent[04]
2,talk,98,7,14,VOTE Agent[03]
2,talk,99,7,11,VOTE Agent[04]
2,talk,100,7,13,Over
2,talk,101,7,9,VOTE Agent[04]
2,talk,102,7,12,Over
2,talk,103,7,15,ESTIMATE Agent[04] WEREWOLF
2,talk,104,8,11,VOTE Agent[04]
2,talk,105,8,3,VOTE Agent[02]
2,talk,106,8,1,Over
2,talk,107,8,9,VOTE Agent[04]
2,talk,108,8,14,VOTE Agent[03]
2,talk,109,8,7,Over
2,talk,110,8,2,VOTE Agent[03]
2,talk,111,8,4,Over
2,talk,112,8,10,Over
2,talk,113,8,13,Over
2,talk,114,8,15,ESTIMATE Agent[10] WEREWOLF
2,talk,115,8,12,Over
2,talk,116,8,6,VOTE Agent[04]
2,talk,117,9,14,Over
2,talk,118,9,11,VOTE Agent[04]
2,talk,119,9,10,Over
2,talk,120,9,15,VOTE Agent[10]
2,talk,121,9,2,Over
2,talk,122,9,4,Over
2,talk,123,9,7,Over
2,talk,124,9,13,Over
2,talk,125,9,1,Over
2,talk,126,9,12,Over
2,talk,127,9,3,Over
2,talk,128,9,9,VOTE Agent[04]
2,talk,129,9,6,VOTE Agent[04]
2,talk,130,10,15,REQUEST ANY (VOTE Agent[10])
2,talk,131,10,1,Over
2,talk,132,10,14,Over
2,talk,133,10,11,Over
2,talk,134,10,12,Over
2,talk,135,10,7,Over
2,talk,136,10,9,Over
2,talk,137,10,6,Over
2,talk,138,10,3,Over
2,talk,139,10,13,Over
2,talk,140,10,4,Over
2,talk,141,10,10,Over
2,talk,142,10,2,Over
2,talk,143,11,11,Over
2,talk,144,11,2,Over
2,talk,145,11,3,Over
2,talk,146,11,10,Over
2,talk,147,11,12,Over
2,talk,148,11,13,Over
2,talk,149,11,7,Over
2,talk,150,11,9,Over
2,talk,151,11,14,Over
2,talk,152,11,15,Skip
2,talk,153,11,1,Over
2,talk,154,11,6,Over
2,talk,155,11,4,Over
2,talk,156,12,3,Over
2,talk,157,12,15,Skip
2,talk,158,12,4,Over
2,talk,159,12,10,Over
2,talk,160,12,14,Over
2,talk,161,12,12,Over
2,talk,162,12,6,Over
2,talk,163,12,9,Over
2,talk,164,12,11,Over
2,talk,165,12,13,Over
2,talk,166,12,1,Over
2,talk,167,12,2,Over
2,talk,168,12,7,Over
2,talk,169,13,3,Over
2,talk,170,13,14,Over
2,talk,171,13,6,Over
2,talk,172,13,2,Over
2,talk,173,13,7,Over
2,talk,174,13,13,Over
2,talk,175,13,4,Over
2,talk,176,13,11,Over
2,talk,177,13,9,Over
2,talk,178,13,15,Over
2,talk,179,13,12,Over
2,talk,180,13,10,Over
2,talk,181,13,1,Over
2,vote,1,3
2,vote,2,3
2,vote,3,2
2,vote,4,3
2,vote,6,4
2,vote,7,6
2,vote,9,4
2,vote,10,7
2,vote,11,4
2,vote,12,4
2,vote,13,7
2,vote,14,3
2,vote,15,10
2,vote,1,3
2,vote,2,3
2,vote,3,15
2,vote,4,3
2,vote,6,4
2,vote,7,2
2,vote,9,4
2,vote,10,7
2,vote,11,4
2,vote,12,4
2,vote,13,6
2,vote,14,3
2,vote,15,10
2,execute,3,SEER
2,whisper,0,0,4,Skip
2,whisper,1,0,10,ATTACK Agent[01]
2,whisper,2,0,2,Over
2,whisper,3,1,2,Over
2,whisper,4,1,4,Skip
2,whisper,5,1,10,Skip
2,whisper,6,2,10,Skip
2,whisper,7,2,4,Over
2,whisper,8,2,2,Over
2,whisper,9,3,2,Over
2,whisper,10,3,4,Over
2,whisper,11,3,10,Over
2,attackVote,2,7
2,attackVote,4,15
2,attackVote,10,1
2,attackVote,2,7
2,attackVote,4,15
2,attackVote,10,1
2,attack,1,true
3,status,1,POSSESSED,DEAD,takeda
3,status,2,WEREWOLF,ALIVE,Udon
3,status,3,SEER,DEAD,wasabi
3,status,4,WEREWOLF,ALIVE,simipu
3,status,5,VILLAGER,DEAD,Sashimi
3,status,6,VILLAGER,ALIVE,J0hnDoe
3,status,7,VILLAGER,ALIVE,PaSeRi
3,status,8,BODYGUARD,DEAD,Camellia
3,status,9,VILLAGER,ALIVE,Tomo
3,status,10,WEREWOLF,ALIVE,Tomato
3,status,11,VILLAGER,ALIVE,cube
3,status,12,VILLAGER,ALIVE,daisyo
3,status,13,MEDIUM,ALIVE,FoxuFoxu
3,status,14,VILLAGER,ALIVE,HALU
3,status,15,VILLAGER,ALIVE,otsuki
3,talk,0,0,15,Skip
3,talk,1,0,13,Skip
3,talk,2,0,10,VOTE Agent[06]
3,talk,3,0,14,VOTE Agent[11]
3,talk,4,0,12,VOTE Agent[04]
3,talk,5,0,11,VOTE Agent[04]
3,talk,6,0,9,VOTE Agent[04]
3,talk,7,0,4,VOTE Agent[06]
3,talk,8,0,7,Skip
3,talk,9,0,2,VOTE Agent[11]
3,talk,10,0,6,VOTE Agent[04]
3,talk,11,1,7,Skip
3,talk,12,1,15,Skip
3,talk,13,1,10,Skip
3,talk,14,1,14,VOTE Agent[11]
3,talk,15,1,2,Over
3,talk,16,1,11,VOTE Agent[04]
3,talk,17,1,6,VOTE Agent[04]
3,talk,18,1,13,Skip
3,talk,19,1,9,VOTE Agent[04]
3,talk,20,1,12,Skip
3,talk,21,1,4,Skip
3,talk,22,2,6,VOTE Agent[04]
3,talk,23,2,14,VOTE Agent[11]
3,talk,24,2,10,Skip
3,talk,25,2,2,Over
3,talk,26,2,9,VOTE Agent[04]
3,talk,27,2,4,Skip
3,talk,28,2,13,Over
3,talk,29,2,11,VOTE Agent[04]
3,talk,30,2,15,ESTIMATE Agent[04] WEREWOLF
3,talk,31,2,12,Skip
3,talk,32,2,7,Over
3,talk,33,3,12,Over
3,talk,34,3,14,VOTE Agent[11]
3,talk,35,3,9,VOTE Agent[04]
3,talk,36,3,4,Over
3,talk,37,3,10,Over
3,talk,38,3,15,VOTE Agent[04]
3,talk,39,3,7,Over
3,talk,40,3,2,Over
3,talk,41,3,6,VOTE Agent[04]
3,talk,42,3,13,Over
3,talk,43,3,11,VOTE Agent[04]
3,talk,44,4,14,VOTE Agent[11]
3,talk,45,4,4,Over
3,talk,46,4,15,REQUEST ANY (VOTE Agent[04])
3,talk,47,4,13,Over
3,talk,48,4,12,Over
3,talk,49,4,2,VOTE Agent[04]
3,talk,50,4,11,Skip
3,talk,51,4,10,Over
3,talk,52,4,7,Over
3,talk,53,4,9,Skip
3,talk,54,4,6,Skip
3,talk,55,5,15,Skip
3,talk,56,5,9,Skip
3,talk,57,5,13,Over
3,talk,58,5,10,Over
3,talk,59,5,4,VOTE Agent[06]
3,talk,60,5,12,Over
3,talk,61,5,2,Over
3,talk,62,5,14,VOTE Agent[11]
3,talk,63,5,11,Skip
3,talk,64,5,7,Over
3,talk,65,5,6,Skip
3,talk,66,6,11,Over
3,talk,67,6,7,Over
3,talk,68,6,14,VOTE Agent[11]
3,talk,69,6,6,Over
3,talk,70,6,4,VOTE Agent[06]
3,talk,71,6,2,Over
3,talk,72,6,10,Over
3,talk,73,6,15,Skip
3,talk,74,6,12,Over
3,talk,75,6,13,Over
3,talk,76,6,9,Over
3,talk,77,7,9,Over
3,talk,78,7,4,VOTE Agent[06]
3,talk,79,7,2,Over
3,talk,80,7,15,Over
3,talk,81,7,14,VOTE Agent[11]
3,talk,82,7,11,Over
3,talk,83,7,12,Over
3,talk,84,7,10,Over
3,talk,85,7,7,Over
3,talk,86,7,6,Over
3,talk,87,7,13,Over
3,talk,88,8,11,Over
3,talk,89,8,9,Over
3,talk,90,8,6,Over
3,talk,91,8,10,Over
3,talk,92,8,14,VOTE Agent[11]
3,talk,93,8,13,Over
3,talk,94,8,7,Over
3,talk,95,8,12,Over
3,talk,96,8,4,VOTE Agent[06]
3,talk,97,8,15,Over
3,talk,98,8,2,Over
3,talk,99,9,12,Over
3,talk,100,9,10,Over
3,talk,101,9,6,Over
3,talk,102,9,11,Over
3,talk,103,9,15,Over
3,talk,104,9,4,VOTE Agent[06]
3,talk,105,9,9,Over
3,talk,106,9,13,Over
3,talk,107,9,14,Over
3,talk,108,9,7,Over
3,talk,109,9,2,Over
3,talk,110,10,12,Over
3,talk,111,10,2,Over
3,talk,112,10,9,Over
3,talk,113,10,7,Over
3,talk,114,10,11,Over
3,talk,115,10,15,Over
3,talk,116,10,14,Over
3,talk,117,10,6,Over
3,talk,118,10,13,Over
3,talk,119,10,4,VOTE Agent[06]
3,talk,120,10,10,Over
3,talk,121,11,15,Over
3,talk,122,11,13,Over
3,talk,123,11,4,VOTE Agent[06]
3,talk,124,11,9,Over
3,talk,125,11,11,Over
3,talk,126,11,12,Over
3,talk,127,11,2,Over
3,talk,128,11,10,Over
3,talk,129,11,7,Over
3,talk,130,11,6,Over
3,talk,131,11,14,Over
3,talk,132,12,14,Over
3,talk,133,12,11,Over
3,talk,134,12,2,Over
3,talk,135,12,6,Over
3,talk,136,12,9,Over
3,talk,137,12,13,Over
3,talk,138,12,4,VOTE Agent[06]
3,talk,139,12,12,Over
3,talk,140,12,7,Over
3,talk,141,12,10,Over
3,talk,142,12,15,Over
3,talk,143,13,7,Over
3,talk,144,13,4,VOTE Agent[06]
3,talk,145,13,15,Over
3,talk,146,13,10,Over
3,talk,147,13,9,Over
3,talk,148,13,2,Over
3,talk,149,13,13,Over
3,talk,150,13,12,Over
3,talk,151,13,6,Over
3,talk,152,13,11,Over
3,talk,153,13,14,Over
3,talk,154,14,13,Over
3,talk,155,14,10,Over
3,talk,156,14,2,Over
3,talk,157,14,9,Over
3,talk,158,14,4,Over
3,talk,159,14,14,Over
3,talk,160,14,12,Over
3,talk,161,14,7,Over
3,talk,162,14,15,Over
3,talk,163,14,11,Over
3,talk,164,14,6,Over
3,vote,2,4
3,vote,4,6
3,vote,6,4
3,vote,7,15
3,vote,9,4
3,vote,10,6
3,vote,11,4
3,vote,12,4
3,vote,13,7
3,vote,14,11
3,vote,15,4
3,execute,4,WEREWOLF
3,whisper,0,0,2,Over
3,whisper,1,0,10,ATTACK Agent[06]
3,whisper,2,1,10,Skip
3,whisper,3,1,2,Over
3,whisper,4,2,10,Skip
3,whisper,5,2,2,Over
3,whisper,6,3,2,Over
3,whisper,7,3,10,Over
3,attackVote,2,7
3,attackVote,10,6
3,attackVote,2,7
3,attackVote,10,6
3,attack,6,true
4,status,1,POSSESSED,DEAD,takeda
4,status,2,WEREWOLF,ALIVE,Udon
4,status,3,SEER,DEAD,wasabi
4,status,4,WEREWOLF,DEAD,simipu
4,status,5,VILLAGER,DEAD,Sashimi
4,status,6,VILLAGER,DEAD,J0hnDoe
4,status,7,VILLAGER,ALIVE,PaSeRi
4,status,8,BODYGUARD,DEAD,Camellia
4,status,9,VILLAGER,ALIVE,Tomo
4,status,10,WEREWOLF,ALIVE,Tomato
4,status,11,VILLAGER,ALIVE,cube
4,status,12,VILLAGER,ALIVE,daisyo
4,status,13,MEDIUM,ALIVE,FoxuFoxu
4,status,14,VILLAGER,ALIVE,HALU
4,status,15,VILLAGER,ALIVE,otsuki
4,talk,0,0,9,VOTE Agent[02]
4,talk,1,0,11,VOTE Agent[13]
4,talk,2,0,15,Skip
4,talk,3,0,13,COMINGOUT Agent[13] MEDIUM
4,talk,4,0,2,VOTE Agent[11]
4,talk,5,0,14,VOTE Agent[11]
4,talk,6,0,7,Skip
4,talk,7,0,12,VOTE Agent[13]
4,talk,8,0,10,VOTE Agent[07]
4,talk,9,1,7,Skip
4,talk,10,1,14,VOTE Agent[11]
4,talk,11,1,12,Skip
4,talk,12,1,10,Skip
4,talk,13,1,11,VOTE Agent[02]
4,talk,14,1,15,Skip
4,talk,15,1,9,VOTE Agent[02]
4,talk,16,1,13,DAY 4 (IDENTIFIED Agent[04] WEREWOLF)
4,talk,17,1,2,VOTE Agent[15]
4,talk,18,2,9,VOTE Agent[02]
4,talk,19,2,2,Over
4,talk,20,2,7,Over
4,talk,21,2,10,Skip
4,talk,22,2,13,DAY 3 (IDENTIFIED Agent[03] HUMAN)
4,talk,23,2,12,VOTE Agent[14]
4,talk,24,2,14,VOTE Agent[15]
4,talk,25,2,11,VOTE Agent[12]
4,talk,26,2,15,ESTIMATE Agent[10] WEREWOLF
4,talk,27,3,15,VOTE Agent[10]
4,talk,28,3,13,DAY 2 (IDENTIFIED Agent[05] HUMAN)
4,talk,29,3,9,VOTE Agent[15]
4,talk,30,3,12,Skip
4,talk,31,3,10,Over
4,talk,32,3,2,Over
4,talk,33,3,7,Over
4,talk,34,3,11,VOTE Agent[12]
4,talk,35,3,14,VOTE Agent[10]
4,talk,36,4,15,REQUEST ANY (VOTE Agent[10])
4,talk,37,4,10,Over
4,talk,38,4,7,Over
4,talk,39,4,14,VOTE Agent[12]
4,talk,40,4,2,Over
4,talk,41,4,9,VOTE Agent[12]
4,talk,42,4,13,Skip
4,talk,43,4,11,VOTE Agent[12]
4,talk,44,4,12,Skip
4,talk,45,5,11,VOTE Agent[12]
4,talk,46,5,12,Over
4,talk,47,5,10,Over
4,talk,48,5,2,VOTE Agent[12]
4,talk,49,5,13,Skip
4,talk,50,5,7,Over
4,talk,51,5,15,ESTIMATE Agent[12] WEREWOLF
4,talk,52,5,14,VOTE Agent[10]
4,talk,53,5,9,VOTE Agent[12]
4,talk,54,6,7,Over
4,talk,55,6,9,VOTE Agent[12]
4,talk,56,6,11,VOTE Agent[12]
4,talk,57,6,12,Over
4,talk,58,6,15,VOTE Agent[12]
4,talk,59,6,13,Over
4,talk,60,6,14,VOTE Agent[12]
4,talk,61,6,10,Over
4,talk,62,6,2,Over
4,talk,63,7,2,Over
4,talk,64,7,9,Skip
4,talk,65,7,15,REQUEST ANY (VOTE Agent[12])
4,talk,66,7,11,Skip
4,talk,67,7,14,VOTE Agent[12]
4,talk,68,7,7,Over
4,talk,69,7,10,Over
4,talk,70,7,12,VOTE Agent[14]
4,talk,71,7,13,Over
4,talk,72,8,10,Over
4,talk,73,8,14,VOTE Agent[12]
4,talk,74,8,2,Over
4,talk,75,8,9,Skip
4,talk,76,8,11,Skip
4,talk,77,8,7,Over
4,talk,78,8,12,VOTE Agent[14]
4,talk,79,8,15,Skip
4,talk,80,8,13,Over
4,talk,81,9,9,Over
4,talk,82,9,15,Skip
4,talk,83,9,14,Over
4,talk,84,9,13,Over
4,talk,85,9,2,Over
4,talk,86,9,7,Over
4,talk,87,9,11,Over
4,talk,88,9,10,Over
4,talk,89,9,12,VOTE Agent[14]
4,talk,90,10,10,Over
4,talk,91,10,13,Over
4,talk,92,10,2,Over
4,talk,93,10,12,VOTE Agent[14]
4,talk,94,10,11,Over
4,talk,95,10,15,Over
4,talk,96,10,14,Over
4,talk,97,10,9,Over
4,talk,98,10,7,Over
4,talk,99,11,12,VOTE Agent[14]
4,talk,100,11,10,Over
4,talk,101,11,11,Over
4,talk,102,11,15,Over
4,talk,103,11,9,Over
4,talk,104,11,7,Over
4,talk,105,11,14,Over
4,talk,106,11,2,Over
4,talk,107,11,13,Over
4,talk,108,12,10,Over
4,talk,109,12,12,VOTE Agent[14]
4,talk,110,12,14,Over
4,talk,111,12,7,Over
4,talk,112,12,15,Over
4,talk,113,12,11,Over
4,talk,114,12,2,Over
4,talk,115,12,13,Over
4,talk,116,12,9,Over
4,talk,117,13,13,Over
4,talk,118,13,11,Over
4,talk,119,13,9,Over
4,talk,120,13,14,Over
4,talk,121,13,7,Over
4,talk,122,13,15,Over
4,talk,123,13,12,VOTE Agent[14]
4,talk,124,13,2,Over
4,talk,125,13,10,Over
4,talk,126,14,15,Over
4,talk,127,14,9,Over
4,talk,128,14,12,VOTE Agent[14]
4,talk,129,14,13,Over
4,talk,130,14,7,Over
4,talk,131,14,11,Over
4,talk,132,14,2,Over
4,talk,133,14,14,Over
4,talk,134,14,10,Over
4,talk,135,15,9,Over
4,talk,136,15,2,Over
4,talk,137,15,13,Over
4,talk,138,15,12,Over
4,talk,139,15,10,Over
4,talk,140,15,15,Over
4,talk,141,15,14,Over
4,talk,142,15,11,Over
4,talk,143,15,7,Over
4,vote,2,12
4,vote,7,10
4,vote,9,12
4,vote,10,7
4,vote,11,12
4,vote,12,14
4,vote,13,7
4,vote,14,12
4,vote,15,12
4,execute,12,VILLAGER
4,whisper,0,0,10,ATTACK Agent[13]
4,whisper,1,0,2,Over
4,whisper,2,1,10,Skip
4,whisper,3,1,2,Over
4,whisper,4,2,10,Skip
4,whisper,5,2,2,Over
4,whisper,6,3,2,Over
4,whisper,7,3,10,Over
4,attackVote,2,14
4,attackVote,10,13
4,attackVote,2,14
4,attackVote,10,13
4,attack,14,true
5,status,1,POSSESSED,DEAD,takeda
5,status,2,WEREWOLF,ALIVE,Udon
5,status,3,SEER,DEAD,wasabi
5,status,4,WEREWOLF,DEAD,simipu
5,status,5,VILLAGER,DEAD,Sashimi
5,status,6,VILLAGER,DEAD,J0hnDoe
5,status,7,VILLAGER,ALIVE,PaSeRi
5,status,8,BODYGUARD,DEAD,Camellia
5,status,9,VILLAGER,ALIVE,Tomo
5,status,10,WEREWOLF,ALIVE,Tomato
5,status,11,VILLAGER,ALIVE,cube
5,status,12,VILLAGER,DEAD,daisyo
5,status,13,MEDIUM,ALIVE,FoxuFoxu
5,status,14,VILLAGER,DEAD,HALU
5,status,15,VILLAGER,ALIVE,otsuki
5,talk,0,0,11,VOTE Agent[10]
5,talk,1,0,9,VOTE Agent[10]
5,talk,2,0,2,VOTE Agent[15]
5,talk,3,0,7,Skip
5,talk,4,0,13,COMINGOUT Agent[13] MEDIUM
5,talk,5,0,10,VOTE Agent[07]
5,talk,6,0,15,Skip
5,talk,7,1,13,DAY 5 (IDENTIFIED Agent[12] HUMAN)
5,talk,8,1,7,Skip
5,talk,9,1,2,Over
5,talk,10,1,9,VOTE Agent[10]
5,talk,11,1,11,VOTE Agent[10]
5,talk,12,1,10,Skip
5,talk,13,1,15,Skip
5,talk,14,2,10,Skip
5,talk,15,2,13,DAY 4 (IDENTIFIED Agent[04] WEREWOLF)
5,talk,16,2,7,Over
5,talk,17,2,11,VOTE Agent[02]
5,talk,18,2,2,Over
5,talk,19,2,15,ESTIMATE Agent[10] WEREWOLF
5,talk,20,2,9,VOTE Agent[10]
5,talk,21,3,7,Over
5,talk,22,3,15,VOTE Agent[10]
5,talk,23,3,2,Over
5,talk,24,3,11,VOTE Agent[02]
5,talk,25,3,10,Over
5,talk,26,3,9,VOTE Agent[10]
5,talk,27,3,13,DAY 3 (IDENTIFIED Agent[03] HUMAN)
5,talk,28,4,9,VOTE Agent[10]
5,talk,29,4,15,REQUEST ANY (VOTE Agent[10])
5,talk,30,4,11,VOTE Agent[02]
5,talk,31,4,13,DAY 2 (IDENTIFIED Agent[05] HUMAN)
5,talk,32,4,7,Over
5,talk,33,4,10,Over
5,talk,34,4,2,Over
5,talk,35,5,11,VOTE Agent[02]
5,talk,36,5,7,Over
5,talk,37,5,9,VOTE Agent[10]
5,talk,38,5,15,Skip
5,talk,39,5,10,Over
5,talk,40,5,2,Over
5,talk,41,5,13,Skip
5,talk,42,6,9,VOTE Agent[10]
5,talk,43,6,2,Over
5,talk,44,6,7,Over
5,talk,45,6,11,VOTE Agent[02]
5,talk,46,6,15,Skip
5,talk,47,6,10,Over
5,talk,48,6,13,Skip
5,talk,49,7,15,Over
5,talk,50,7,9,VOTE Agent[10]
5,talk,51,7,11,VOTE Agent[02]
5,talk,52,7,13,Over
5,talk,53,7,2,VOTE Agent[10]
5,talk,54,7,10,Over
5,talk,55,7,7,Over
5,talk,56,8,13,Over
5,talk,57,8,7,Over
5,talk,58,8,10,Over
5,talk,59,8,9,VOTE Agent[10]
5,talk,60,8,2,Over
5,talk,61,8,15,Over
5,talk,62,8,11,VOTE Agent[02]
5,talk,63,9,11,VOTE Agent[02]
5,talk,64,9,10,Over
5,talk,65,9,15,Over
5,talk,66,9,9,VOTE Agent[10]
5,talk,67,9,7,Over
5,talk,68,9,13,Over
5,talk,69,9,2,Over
5,talk,70,10,2,Over
5,talk,71,10,9,Over
5,talk,72,10,13,Over
5,talk,73,10,7,Over
5,talk,74,10,10,Over
5,talk,75,10,15,Over
5,talk,76,10,11,Over
5,vote,2,10
5,vote,7,10
5,vote,9,10
5,vote,10,7
5,vote,11,2
5,vote,13,7
5,vote,15,10
5,execute,10,WEREWOLF
5,attackVote,2,9
5,attack,9,true
6,status,1,POSSESSED,DEAD,takeda
6,status,2,WEREWOLF,ALIVE,Udon
6,status,3,SEER,DEAD,wasabi
6,status,4,WEREWOLF,DEAD,simipu
6,status,5,VILLAGER,DEAD,Sashimi
6,status,6,VILLAGER,DEAD,J0hnDoe
6,status,7,VILLAGER,ALIVE,PaSeRi
6,status,8,BODYGUARD,DEAD,Camellia
6,status,9,VILLAGER,DEAD,Tomo
6,status,10,WEREWOLF,DEAD,Tomato
6,status,11,VILLAGER,ALIVE,cube
6,status,12,VILLAGER,DEAD,daisyo
6,status,13,MEDIUM,ALIVE,FoxuFoxu
6,status,14,VILLAGER,DEAD,HALU
6,status,15,VILLAGER,ALIVE,otsuki
6,talk,0,0,7,Skip
6,talk,1,0,11,VOTE Agent[02]
6,talk,2,0,13,COMINGOUT Agent[13] MEDIUM
6,talk,3,0,2,VOTE Agent[15]
6,talk,4,0,15,Skip
6,talk,5,1,15,Skip
6,talk,6,1,11,VOTE Agent[02]
6,talk,7,1,13,DAY 6 (IDENTIFIED Agent[10] WEREWOLF)
6,talk,8,1,7,Skip
6,talk,9,1,2,Over
6,talk,10,2,7,Over
6,talk,11,2,2,Over
6,talk,12,2,13,DAY 5 (IDENTIFIED Agent[12] HUMAN)
6,talk,13,2,15,VOTE Agent[02]
6,talk,14,2,11,VOTE Agent[02]
6,talk,15,3,11,VOTE Agent[02]
6,talk,16,3,15,REQUEST ANY (VOTE Agent[02])
6,talk,17,3,7,Over
6,talk,18,3,13,DAY 4 (IDENTIFIED Agent[04] WEREWOLF)
6,talk,19,3,2,Over
6,talk,20,4,11,VOTE Agent[02]
6,talk,21,4,2,Over
6,talk,22,4,15,Skip
6,talk,23,4,7,Over
6,talk,24,4,13,DAY 3 (IDENTIFIED Agent[03] HUMAN)
6,talk,25,5,2,Over
6,talk,26,5,13,DAY 2 (IDENTIFIED Agent[05] HUMAN)
6,talk,27,5,15,Skip
6,talk,28,5,7,Over
6,talk,29,5,11,VOTE Agent[02]
6,talk,30,6,11,VOTE Agent[02]
6,talk,31,6,13,Skip
6,talk,32,6,7,Over
6,talk,33,6,15,Over
6,talk,34,6,2,Over
6,talk,35,7,15,Over
6,talk,36,7,2,Over
6,talk,37,7,13,Skip
6,talk,38,7,11,VOTE Agent[02]
6,talk,39,7,7,Over
6,talk,40,8,2,Over
6,talk,41,8,13,Over
6,talk,42,8,7,Over
6,talk,43,8,11,VOTE Agent[02]
6,talk,44,8,15,Over
6,talk,45,9,2,Over
6,talk,46,9,11,VOTE Agent[02]
6,talk,47,9,13,Over
6,talk,48,9,7,Over
6,talk,49,9,15,Over
6,talk,50,10,7,Over
6,talk,51,10,13,Over
6,talk,52,10,15,Over
6,talk,53,10,11,Over
6,talk,54,10,2,Over
6,vote,2,15
6,vote,7,11
6,vote,11,2
6,vote,13,7
6,vote,15,2
6,execute,2,WEREWOLF
7,status,1,POSSESSED,DEAD,takeda
7,status,2,WEREWOLF,DEAD,Udon
7,status,3,SEER,DEAD,wasabi
7,status,4,WEREWOLF,DEAD,simipu
7,status,5,VILLAGER,DEAD,Sashimi
7,status,6,VILLAGER,DEAD,J0hnDoe
7,status,7,VILLAGER,ALIVE,PaSeRi
7,status,8,BODYGUARD,DEAD,Camellia
7,status,9,VILLAGER,DEAD,Tomo
7,status,10,WEREWOLF,DEAD,Tomato
7,status,11,VILLAGER,ALIVE,cube
7,status,12,VILLAGER,DEAD,daisyo
7,status,13,MEDIUM,ALIVE,FoxuFoxu
7,status,14,VILLAGER,DEAD,HALU
7,status,15,VILLAGER,ALIVE,otsuki
7,result,4,0,VILLAGER
