0,status,1,SEER,ALIVE,takeda
0,status,2,VILLAGER,ALIVE,Udon
0,status,3,WEREWOLF,ALIVE,wasabi
0,status,4,POSSESSED,ALIVE,simipu
0,status,5,VILLAGER,ALIVE,Sashimi
0,status,6,BODYGUARD,ALIVE,J0hnDoe
0,status,7,WEREWOLF,ALIVE,PaSeRi
0,status,8,VILLAGER,ALIVE,Camellia
0,status,9,VILLAGER,ALIVE,Tomo
0,status,10,VILLAGER,ALIVE,Tomato
0,status,11,VILLAGER,ALIVE,cube
0,status,12,MEDIUM,ALIVE,daisyo
0,status,13,VILLAGER,ALIVE,FoxuFoxu
0,status,14,WEREWOLF,ALIVE,HALU
0,status,15,VILLAGER,ALIVE,otsuki
0,whisper,0,0,7,Skip
0,whisper,1,0,3,ATTACK Agent[15]
0,whisper,2,0,14,COMINGOUT Agent[14] VILLAGER
0,whisper,3,1,3,Over
0,whisper,4,1,7,Skip
0,whisper,5,1,14,Skip
0,whisper,6,2,14,Skip
0,whisper,7,2,7,Over
0,whisper,8,2,3,Over
0,whisper,9,3,3,REQUEST ANY (ATTACK Agent[15])
0,whisper,10,3,14,Over
0,whisper,11,3,7,Over
0,whisper,12,4,3,Over
0,whisper,13,4,14,Over
0,whisper,14,4,7,Over
0,divine,1,6,HUMAN
1,status,1,SEER,ALIVE,takeda
1,status,2,VILLAGER,ALIVE,Udon
1,status,3,WEREWOLF,ALIVE,wasabi
1,status,4,POSSESSED,ALIVE,simipu
1,status,5,VILLAGER,ALIVE,Sashimi
1,status,6,BODYGUARD,ALIVE,J0hnDoe
1,status,7,WEREWOLF,ALIVE,PaSeRi
1,status,8,VILLAGER,ALIVE,Camellia
1,status,9,VILLAGER,ALIVE,Tomo
1,status,10,VILLAGER,ALIVE,Tomato
1,status,11,VILLAGER,ALIVE,cube
1,status,12,MEDIUM,ALIVE,daisyo
1,status,13,VILLAGER,ALIVE,FoxuFoxu
1,status,14,WEREWOLF,ALIVE,HALU
1,status,15,VILLAGER,ALIVE,otsuki
1,talk,0,0,4,VOTE Agent[11]
1,talk,1,0,1,COMINGOUT Agent[01] SEER
1,talk,2,0,13,Skip
1,talk,3,0,14,VOTE Agent[11]
1,talk,4,0,9,VOTE Agent[11]
1,talk,5,0,7,Skip
1,talk,6,0,12,COMINGOUT Agent[12] MEDIUM
1,talk,7,0,10,VOTE Agent[02]
1,talk,8,0,8,Skip
1,talk,9,0,15,Skip
1,talk,10,0,3,ESTIMATE Agent[06] WEREWOLF
1,talk,11,0,5,VOTE Agent[04]
1,talk,12,0,6,VOTE Agent[11]
1,talk,13,0,2,VOTE Agent[05]
1,talk,14,0,11,VOTE Agent[06]
1,talk,15,1,11,VOTE Agent[02]
1,talk,16,1,13,Skip
1,talk,17,1,8,Skip
1,talk,18,1,6,VOTE Agent[08]
1,talk,19,1,7,Skip
1,talk,20,1,12,VOTE Agent[08]
1,talk,21,1,3,ESTIMATE Agent[06] VILLAGER
1,talk,22,1,4,Skip
1,talk,23,1,14,VOTE Agent[02]
1,talk,24,1,10,VOTE Agent[03]
1,talk,25,1,5,COMINGOUT Agent[05] SEER
1,talk,26,1,9,VOTE Agent[02]
1,talk,27,1,2,VOTE Agent[04]
1,talk,28,1,15,Skip
1,talk,29,1,1,DIVINED Agent[06] HUMAN
1,talk,30,2,13,Over
1,talk,31,2,15,VOTE Agent[05]
1,talk,32,2,9,VOTE Agent[02]
1,talk,33,2,4,VOTE Agent[02]
1,talk,34,2,8,Over
1,talk,35,2,7,Over
1,talk,36,2,2,Over
1,talk,37,2,10,Skip
1,talk,38,2,11,VOTE Agent[08]
1,talk,39,2,3,ESTIMATE Agent[02] WEREWOLF
1,talk,40,2,12,Skip
1,talk,41,2,1,VOTE Agent[05]
1,talk,42,2,5,VOTE Agent[12]
1,talk,43,2,14,VOTE Agent[08]
1,talk,44,2,6,VOTE Agent[08]
1,talk,45,3,1,VOTE Agent[05]
1,talk,46,3,5,VOTE Agent[06]
1,talk,47,3,15,REQUEST ANY (VOTE Agent[05])
1,talk,48,3,14,VOTE Agent[08]
1,talk,49,3,11,VOTE Agent[08]
1,talk,50,3,2,VOTE Agent[08]
1,talk,51,3,4,VOTE Agent[08]
1,talk,52,3,7,Over
1,talk,53,3,3,VOTE Agent[07]
1,talk,54,3,9,VOTE Agent[08]
1,talk,55,3,8,Over
1,talk,56,3,10,VOTE Agent[07]
1,talk,57,3,13,Over
1,talk,58,3,6,VOTE Agent[08]
1,talk,59,3,12,Skip
1,talk,60,4,11,VOTE Agent[08]
1,talk,61,4,13,Over
1,talk,62,4,15,ESTIMATE Agent[08] WEREWOLF
1,talk,63,4,1,VOTE Agent[05]
1,talk,64,4,12,Over
1,talk,65,4,7,Over
1,talk,66,4,6,Skip
1,talk,67,4,4,Skip
1,talk,68,4,3,ESTIMATE Agent[07] WEREWOLF
1,talk,69,4,5,VOTE Agent[11]
1,talk,70,4,14,VOTE Agent[08]
1,talk,71,4,10,Skip
1,talk,72,4,2,Over
1,talk,73,4,8,Over
1,talk,74,4,9,Skip
1,talk,75,5,8,Over
1,talk,76,5,2,Over
1,talk,77,5,5,VOTE Agent[02]
1,talk,78,5,4,Skip
1,talk,79,5,7,Over
1,talk,80,5,1,VOTE Agent[05]
1,talk,81,5,11,Skip
1,talk,82,5,15,VOTE Agent[08]
1,talk,83,5,14,VOTE Agent[08]
1,talk,84,5,10,Skip
1,talk,85,5,9,Skip
1,talk,86,5,3,ESTIMATE Agent[14] VILLAGER
1,talk,87,5,6,Skip
1,talk,88,5,13,Over
1,talk,89,5,12,Over
1,talk,90,6,9,Over
1,talk,91,6,5,VOTE Agent[09]
1,talk,92,6,8,Over
1,talk,93,6,1,VOTE Agent[05]
1,talk,94,6,10,Over
1,talk,95,6,11,Skip
1,talk,96,6,3,ESTIMATE Agent[15] VILLAGER
1,talk,97,6,14,VOTE Agent[08]
1,talk,98,6,15,REQUEST ANY (VOTE Agent[08])
1,talk,99,6,7,Over
1,talk,100,6,6,Over
1,talk,101,6,2,Over
1,talk,102,6,13,Over
1,talk,103,6,4,Over
1,talk,104,6,12,Over
1,talk,105,7,5,VOTE Agent[10]
1,talk,106,7,2,VOTE Agent[04]
1,talk,107,7,14,VOTE Agent[08]
1,talk,108,7,10,Over
1,talk,109,7,6,VOTE Agent[08]
1,talk,110,7,7,Over
1,talk,111,7,12,Over
1,talk,112,7,3,VOTE Agent[13]
1,talk,113,7,8,Over
1,talk,114,7,11,VOTE Agent[08]
1,talk,115,7,4,Over
1,talk,116,7,13,Over
1,talk,117,7,15,Skip
1,talk,118,7,1,VOTE Agent[05]
1,talk,119,7,9,VOTE Agent[08]
1,talk,120,8,8,Over
1,talk,121,8,3,VOTE Agent[02]
1,talk,122,8,10,Over
1,talk,123,8,4,Over
1,talk,124,8,13,Over
1,talk,125,8,14,VOTE Agent[08]
1,talk,126,8,2,Over
1,talk,127,8,15,Skip
1,talk,128,8,7,Over
1,talk,129,8,6,VOTE Agent[08]
1,talk,130,8,12,Over
1,talk,131,8,11,VOTE Agent[08]
1,talk,132,8,1,VOTE Agent[05]
1,talk,133,8,9,VOTE Agent[08]
1,talk,134,8,5,VOTE Agent[06]
1,talk,135,9,6,VOTE Agent[08]
1,talk,136,9,12,Over
1,talk,137,9,3,Over
1,talk,138,9,15,Over
1,talk,139,9,8,Over
1,talk,140,9,14,Over
1,talk,141,9,2,Over
1,talk,142,9,7,Over
1,talk,143,9,9,VOTE Agent[08]
1,talk,144,9,10,Over
1,talk,145,9,11,VOTE Agent[08]
1,talk,146,9,5,VOTE Agent[14]
1,talk,147,9,13,Over
1,talk,148,9,1,VOTE Agent[05]
1,talk,149,9,4,Over
1,talk,150,10,4,Over
1,talk,151,10,15,Over
1,talk,152,10,1,Over
1,talk,153,10,7,Over
1,talk,154,10,11,VOTE Agent[08]
1,talk,155,10,14,Over
1,talk,156,10,5,Over
1,talk,157,10,3,Over
1,talk,158,10,8,Over
1,talk,159,10,9,VOTE Agent[08]
1,talk,160,10,12,Over
1,talk,161,10,6,VOTE Agent[08]
1,talk,162,10,10,Over
1,talk,163,10,2,Over
1,talk,164,10,13,Over
1,talk,165,11,13,Over
1,talk,166,11,2,Over
1,talk,167,11,6,VOTE Agent[08]
1,talk,168,11,11,VOTE Agent[08]
1,talk,169,11,12,Over
1,talk,170,11,3,Over
1,talk,171,11,14,Over
1,talk,172,11,5,Over
1,talk,173,11,1,Over
1,talk,174,11,4,Over
1,talk,175,11,8,Over
1,talk,176,11,10,Over
1,talk,177,11,7,Over
1,talk,178,11,9,VOTE Agent[08]
1,talk,179,11,15,Over
1,talk,180,12,10,Over
1,talk,181,12,5,Over
1,talk,182,12,15,Over
1,talk,183,12,2,Over
1,talk,184,12,8,Over
1,talk,185,12,9,VOTE Agent[08]
1,talk,186,12,3,Over
1,talk,187,12,6,VOTE Agent[08]
1,talk,188,12,4,Over
1,talk,189,12,12,Over
1,talk,190,12,13,Over
1,talk,191,12,1,Over
1,talk,192,12,7,Over
1,talk,193,12,11,Over
1,talk,194,12,14,Over
1,talk,195,13,15,Over
1,talk,196,13,11,Over
1,talk,197,13,12,Over
1,talk,198,13,6,Over
1,talk,199,13,9,Over
1,talk,200,13,13,Over
1,talk,201,13,4,Over
1,talk,202,13,5,Over
1,talk,203,13,10,Over
1,talk,204,13,8,Over
1,talk,205,13,2,Over
1,talk,206,13,14,Over
1,talk,207,13,7,Over
1,talk,208,13,1,Over
1,talk,209,13,3,Over
1,vote,1,5
1,vote,2,4
1,vote,3,2
1,vote,4,8
1,vote,5,2
1,vote,6,8
1,vote,7,8
1,vote,8,6
1,vote,9,8
1,vote,10,7
1,vote,11,8
1,vote,12,8
1,vote,13,6
1,vote,14,8
1,vote,15,8
1,execute,8,VILLAGER
1,divine,1,5,HUMAN
1,whisper,0,0,14,ATTACK Agent[01]
1,whisper,1,0,7,Skip
1,whisper,2,0,3,ATTACK Agent[01]
1,whisper,3,1,3,Over
1,whisper,4,1,7,Skip
1,whisper,5,1,14,Skip
1,whisper,6,2,3,Over
1,whisper,7,2,14,Skip
1,whisper,8,2,7,Over
1,whisper,9,3,14,Over
1,whisper,10,3,3,Over
1,whisper,11,3,7,Over
1,guard,6,10,VILLAGER
1,attackVote,3,1
1,attackVote,14,1
1,attack,1,true
2,status,1,SEER,DEAD,takeda
2,status,2,VILLAGER,ALIVE,Udon
2,status,3,WEREWOLF,ALIVE,wasabi
2,status,4,POSSESSED,ALIVE,simipu
2,status,5,VILLAGER,ALIVE,Sashimi
2,status,6,BODYGUARD,ALIVE,J0hnDoe
2,status,7,WEREWOLF,ALIVE,PaSeRi
2,status,8,VILLAGER,DEAD,Camellia
2,status,9,VILLAGER,ALIVE,Tomo
2,status,10,VILLAGER,ALIVE,Tomato
2,status,11,VILLAGER,ALIVE,cube
2,status,12,MEDIUM,ALIVE,daisyo
2,status,13,VILLAGER,ALIVE,FoxuFoxu
2,status,14,WEREWOLF,ALIVE,HALU
2,status,15,VILLAGER,ALIVE,otsuki
2,talk,0,0,7,Skip
2,talk,1,0,3,ESTIMATE Agent[13] WEREWOLF
2,talk,2,0,14,VOTE Agent[09]
2,talk,3,0,11,VOTE Agent[02]
2,talk,4,0,5,VOTE Agent[03]
2,talk,5,0,4,VOTE Agent[02]
2,talk,6,0,2,VOTE Agent[04]
2,talk,7,0,10,VOTE Agent[13]
2,talk,8,0,13,Skip
2,talk,9,0,15,Skip
2,talk,10,0,9,VOTE Agent[02]
2,talk,11,0,6,VOTE Agent[02]
2,talk,12,0,12,VOTE Agent[02]
2,talk,13,1,15,Skip
2,talk,14,1,14,VOTE Agent[02]
2,talk,15,1,3,ESTIMATE Agent[09] VILLAGER
2,talk,16,1,13,Skip
2,talk,17,1,12,Skip
2,talk,18,1,7,Skip
2,talk,19,1,5,VOTE Agent[04]
2,talk,20,1,11,VOTE Agent[02]
2,talk,21,1,10,Skip
2,talk,22,1,9,VOTE Agent[02]
2,talk,23,1,4,Skip
2,talk,24,1,2,Over
2,talk,25,1,6,VOTE Agent[02]
2,talk,26,2,6,VOTE Agent[02]
2,talk,27,2,5,VOTE Agent[13]
2,talk,28,2,7,Over
2,talk,29,2,4,Skip
2,talk,30,2,13,Over
2,talk,31,2,2,Over
2,talk,32,2,3,ESTIMATE Agent[06] VILLAGER
2,talk,33,2,11,VOTE Agent[02]
2,talk,34,2,10,Skip
2,talk,35,2,12,Skip
2,talk,36,2,9,VOTE Agent[02]
2,talk,37,2,14,VOTE Agent[02]
2,talk,38,2,15,ESTIMATE Agent[02] WEREWOLF
2,talk,39,3,13,Over
2,talk,40,3,11,Skip
2,talk,41,3,6,Skip
2,talk,42,3,7,Over
2,talk,43,3,3,VOTE Agent[09]
2,talk,44,3,2,Over
2,talk,45,3,15,VOTE Agent[02]
2,talk,46,3,14,VOTE Agent[02]
2,talk,47,3,10,Over
2,talk,48,3,12,Over
2,talk,49,3,9,Skip
2,talk,50,3,5,VOTE Agent[12]
2,talk,51,3,4,Over
2,talk,52,4,9,Skip
2,talk,53,4,3,VOTE Agent[13]
2,talk,54,4,13,Over
2,talk,55,4,14,VOTE Agent[02]
2,talk,56,4,5,VOTE Agent[13]
2,talk,57,4,4,Over
2,talk,58,4,12,Over
2,talk,59,4,7,Over
2,talk,60,4,6,Skip
2,talk,61,4,15,REQUEST ANY (VOTE Agent[02])
2,talk,62,4,11,Skip
2,talk,63,4,2,Over
2,talk,64,4,10,Over
2,talk,65,5,3,VOTE Agent[04]
2,talk,66,5,4,Over
2,talk,67,5,7,Over
2,talk,68,5,13,Over
2,talk,69,5,15,Skip
2,talk,70,5,10,Over
2,talk,71,5,5,VOTE Agent[15]
2,talk,72,5,6,Over
2,talk,73,5,12,Over
2,talk,74,5,9,Over
2,talk,75,5,14,VOTE Agent[02]
2,talk,76,5,2,Over
2,talk,77,5,11,Over
2,talk,78,6,5,VOTE Agent[07]
2,talk,79,6,2,Over
2,talk,80,6,12,Over
2,talk,81,6,13,Over
2,talk,82,6,9,Over
2,talk,83,6,10,Over
2,talk,84,6,14,VOTE Agent[02]
2,talk,85,6,3,VOTE Agent[09]
2,talk,86,6,6,Over
2,talk,87,6,4,Over
2,talk,88,6,15,Skip
2,talk,89,6,11,Over
2,talk,90,6,7,Over
2,talk,91,7,2,Over
2,talk,92,7,3,VOTE Agent[02]
2,talk,93,7,12,Over
2,talk,94,7,14,VOTE Agent[02]
2,talk,95,7,4,Over
2,talk,96,7,11,Over
2,talk,97,7,9,Over
2,talk,98,7,5,VOTE Agent[06]
2,talk,99,7,10,Over
2,talk,100,7,6,Over
2,talk,101,7,13,Over
2,talk,102,7,7,Over
2,talk,103,7,15,Over
2,talk,104,8,9,Over
2,talk,105,8,14,VOTE Agent[02]
2,talk,106,8,10,Over
2,talk,107,8,11,Over
2,talk,108,8,7,Over
2,talk,109,8,3,ESTIMATE Agent[12] MEDIUM
2,talk,110,8,2,Over
2,talk,111,8,15,Over
2,talk,112,8,5,VOTE Agent[09]
2,talk,113,8,12,Over
2,talk,114,8,6,Over
2,talk,115,8,13,Over
2,talk,116,8,4,Over
2,talk,117,9,6,Over
2,talk,118,9,3,Over
2,talk,119,9,2,Over
2,talk,120,9,10,Over
2,talk,121,9,11,Over
2,talk,122,9,9,Over
2,talk,123,9,15,Over
2,talk,124,9,13,Over
2,talk,125,9,12,Over
2,talk,126,9,7,Over
2,talk,127,9,4,Over
2,talk,128,9,5,VOTE Agent[04]
2,talk,129,9,14,Over
2,talk,130,10,10,Over
2,talk,131,10,6,Over
2,talk,132,10,14,Over
2,talk,133,10,3,Over
2,talk,134,10,4,Over
2,talk,135,10,15,Over
2,talk,136,10,11,Over
2,talk,137,10,13,Over
2,talk,138,10,5,Over
2,talk,139,10,9,Over
2,talk,140,10,12,Over
2,talk,141,10,7,Over
2,talk,142,10,2,Over
2,vote,2,4
2,vote,3,2
2,vote,4,2
2,vote,5,2
2,vote,6,2
2,vote,7,10
2,vote,9,2
2,vote,10,13
2,vote,11,2
2,vote,12,2
2,vote,13,7
2,vote,14,2
2,vote,15,2
2,execute,2,VILLAGER
2,whisper,0,0,14,ATTACK Agent[12]
2,whisper,1,0,3,Over
2,whisper,2,0,7,Skip
2,whisper,3,1,14,Skip
2,whisper,4,1,7,Skip
2,whisper,5,1,3,ATTACK Agent[12]
2,whisper,6,2,14,Skip
2,whisper,7,2,7,Over
2,whisper,8,2,3,Over
2,whisper,9,3,7,Over
2,whisper,10,3,14,Over
2,whisper,11,3,3,ATTACK Agent[06]
2,whisper,12,4,7,Over
2,whisper,13,4,14,Over
2,whisper,14,4,3,Over
2,guard,6,10,VILLAGER
2,attackVote,3,6
2,attackVote,14,12
2,attackVote,3,12
2,attackVote,14,12
2,attack,12,true
3,status,1,SEER,DEAD,takeda
3,status,2,VILLAGER,DEAD,Udon
3,status,3,WEREWOLF,ALIVE,wasabi
3,status,4,POSSESSED,ALIVE,simipu
3,status,5,VILLAGER,ALIVE,Sashimi
3,status,6,BODYGUARD,ALIVE,J0hnDoe
3,status,7,WEREWOLF,ALIVE,PaSeRi
3,status,8,VILLAGER,DEAD,Camellia
3,status,9,VILLAGER,ALIVE,Tomo
3,status,10,VILLAGER,ALIVE,Tomato
3,status,11,VILLAGER,ALIVE,cube
3,status,12,MEDIUM,DEAD,daisyo
3,status,13,VILLAGER,ALIVE,FoxuFoxu
3,status,14,WEREWOLF,ALIVE,HALU
3,status,15,VILLAGER,ALIVE,otsuki
3,talk,0,0,3,ESTIMATE Agent[06] VILLAGER
3,talk,1,0,10,VOTE Agent[03]
3,talk,2,0,5,VOTE Agent[06]
3,talk,3,0,14,VOTE Agent[13]
3,talk,4,0,7,Skip
3,talk,5,0,15,Skip
3,talk,6,0,4,VOTE Agent[13]
3,talk,7,0,6,VOTE Agent[13]
3,talk,8,0,9,VOTE Agent[13]
3,talk,9,0,11,VOTE Agent[13]
3,talk,10,0,13,Skip
3,talk,11,1,13,Skip
3,talk,12,1,14,VOTE Agent[13]
3,talk,13,1,15,Skip
3,talk,14,1,11,VOTE Agent[13]
3,talk,15,1,4,Skip
3,talk,16,1,6,VOTE Agent[13]
3,talk,17,1,10,Skip
3,talk,18,1,9,VOTE Agent[13]
3,talk,19,1,7,Skip
3,talk,20,1,3,ESTIMATE Agent[07] VILLAGER
3,talk,21,1,5,VOTE Agent[03]
3,talk,22,2,11,VOTE Agent[13]
3,talk,23,2,3,ESTIMATE Agent[04] VILLAGER
3,talk,24,2,13,Over
3,talk,25,2,5,VOTE Agent[07]
3,talk,26,2,7,Over
3,talk,27,2,10,Skip
3,talk,28,2,9,VOTE Agent[13]
3,talk,29,2,4,Skip
3,talk,30,2,6,VOTE Agent[13]
3,talk,31,2,15,ESTIMATE Agent[13] WEREWOLF
3,talk,32,2,14,VOTE Agent[13]
3,talk,33,3,13,Over
3,talk,34,3,7,Over
3,talk,35,3,6,Skip
3,talk,36,3,5,VOTE Agent[09]
3,talk,37,3,3,VOTE Agent[07]
3,talk,38,3,14,VOTE Agent[13]
3,talk,39,3,10,VOTE Agent[13]
3,talk,40,3,4,Over
3,talk,41,3,9,Skip
3,talk,42,3,15,VOTE Agent[13]
3,talk,43,3,11,Skip
3,talk,44,4,3,ESTIMATE Agent[13] WEREWOLF
3,talk,45,4,11,Skip
3,talk,46,4,4,Over
3,talk,47,4,15,REQUEST ANY (VOTE Agent[13])
3,talk,48,4,14,VOTE Agent[13]
3,talk,49,4,13,Over
3,talk,50,4,7,Over
3,talk,51,4,9,Skip
3,talk,52,4,6,Skip
3,talk,53,4,5,VOTE Agent[13]
3,talk,54,4,10,Skip
3,talk,55,5,15,Skip
3,talk,56,5,7,Over
3,talk,57,5,4,Over
3,talk,58,5,6,Over
3,talk,59,5,3,ESTIMATE Agent[13] VILLAGER
3,talk,60,5,9,Over
3,talk,61,5,10,Skip
3,talk,62,5,5,VOTE Agent[06]
3,talk,63,5,13,Over
3,talk,64,5,11,Over
3,talk,65,5,14,VOTE Agent[13]
3,talk,66,6,7,Over
3,talk,67,6,15,Skip
3,talk,68,6,5,VOTE Agent[10]
3,talk,69,6,3,VOTE Agent[13]
3,talk,70,6,4,Over
3,talk,71,6,14,VOTE Agent[13]
3,talk,72,6,9,Over
3,talk,73,6,11,Over
3,talk,74,6,10,Over
3,talk,75,6,13,Over
3,talk,76,6,6,Over
3,talk,77,7,6,Over
3,talk,78,7,15,Over
3,talk,79,7,4,Over
3,talk,80,7,3,VOTE Agent[04]
3,talk,81,7,7,Over
3,talk,82,7,13,Over
3,talk,83,7,14,VOTE Agent[13]
3,talk,84,7,10,Over
3,talk,85,7,9,Over
3,talk,86,7,5,VOTE Agent[03]
3,talk,87,7,11,Over
3,talk,88,8,15,Over
3,talk,89,8,11,Over
3,talk,90,8,7,Over
3,talk,91,8,5,VOTE Agent[11]
3,talk,92,8,10,Over
3,talk,93,8,6,Over
3,talk,94,8,3,VOTE Agent[15]
3,talk,95,8,13,Over
3,talk,96,8,14,VOTE Agent[13]
3,talk,97,8,9,Over
3,talk,98,8,4,Over
3,talk,99,9,4,Over
3,talk,100,9,6,Over
3,talk,101,9,14,Over
3,talk,102,9,7,Over
3,talk,103,9,13,Over
3,talk,104,9,9,Over
3,talk,105,9,10,Over
3,talk,106,9,15,Over
3,talk,107,9,3,Over
3,talk,108,9,5,VOTE Agent[10]
3,talk,109,9,11,Over
3,talk,110,10,6,Over
3,talk,111,10,4,Over
3,talk,112,10,9,Over
3,talk,113,10,13,Over
3,talk,114,10,7,Over
3,talk,115,10,3,Over
3,talk,116,10,5,Over
3,talk,117,10,15,Over
3,talk,118,10,10,Over
3,talk,119,10,11,Over
3,talk,120,10,14,Over
3,vote,3,15
3,vote,4,13
3,vote,5,13
3,vote,6,13
3,vote,7,4
3,vote,9,13
3,vote,10,13
3,vote,11,13
3,vote,13,7
3,vote,14,13
3,vote,15,13
3,execute,13,VILLAGER
3,whisper,0,0,7,Skip
3,whisper,1,0,3,ATTACK Agent[06]
3,whisper,2,0,14,ATTACK Agent[12]
3,whisper,3,1,14,Skip
3,whisper,4,1,7,Skip
3,whisper,5,1,3,Over
3,whisper,6,2,3,Over
3,whisper,7,2,7,Over
3,whisper,8,2,14,Skip
3,whisper,9,3,3,REQUEST ANY (ATTACK Agent[06])
3,whisper,10,3,7,Over
3,whisper,11,3,14,Over
3,whisper,12,4,14,Over
3,whisper,13,4,7,Over
3,whisper,14,4,3,Over
3,guard,6,15,VILLAGER
3,attackVote,3,6
3,attack,6,true
4,status,1,SEER,DEAD,takeda
4,status,2,VILLAGER,DEAD,Udon
4,status,3,WEREWOLF,ALIVE,wasabi
4,status,4,POSSESSED,ALIVE,simipu
4,status,5,VILLAGER,ALIVE,Sashimi
4,status,6,BODYGUARD,DEAD,J0hnDoe
4,status,7,WEREWOLF,ALIVE,PaSeRi
4,status,8,VILLAGER,DEAD,Camellia
4,status,9,VILLAGER,ALIVE,Tomo
4,status,10,VILLAGER,ALIVE,Tomato
4,status,11,VILLAGER,ALIVE,cube
4,status,12,MEDIUM,DEAD,daisyo
4,status,13,VILLAGER,DEAD,FoxuFoxu
4,status,14,WEREWOLF,ALIVE,HALU
4,status,15,VILLAGER,ALIVE,otsuki
4,talk,0,0,10,VOTE Agent[03]
4,talk,1,0,15,Skip
4,talk,2,0,11,VOTE Agent[07]
4,talk,3,0,7,Skip
4,talk,4,0,4,VOTE Agent[07]
4,talk,5,0,5,VOTE Agent[03]
4,talk,6,0,14,VOTE Agent[15]
4,talk,7,0,9,VOTE Agent[03]
4,talk,8,0,3,Skip
4,talk,9,1,5,VOTE Agent[04]
4,talk,10,1,9,VOTE Agent[03]
4,talk,11,1,4,Skip
4,talk,12,1,7,Skip
4,talk,13,1,11,VOTE Agent[07]
4,talk,14,1,10,Skip
4,talk,15,1,14,VOTE Agent[04]
4,talk,16,1,3,ESTIMATE Agent[14] VILLAGER
4,talk,17,1,15,Skip
4,talk,18,2,3,ESTIMATE Agent[04] WEREWOLF
4,talk,19,2,5,VOTE Agent[14]
4,talk,20,2,11,VOTE Agent[07]
4,talk,21,2,4,Skip
4,talk,22,2,10,Skip
4,talk,23,2,9,VOTE Agent[03]
4,talk,24,2,15,VOTE Agent[05]
4,talk,25,2,14,VOTE Agent[04]
4,talk,26,2,7,Over
4,talk,27,3,7,Over
4,talk,28,3,3,VOTE Agent[07]
4,talk,29,3,5,VOTE Agent[07]
4,talk,30,3,15,VOTE Agent[07]
4,talk,31,3,14,VOTE Agent[10]
4,talk,32,3,10,VOTE Agent[07]
4,talk,33,3,9,VOTE Agent[07]
4,talk,34,3,11,Skip
4,talk,35,3,4,Over
4,talk,36,4,9,Skip
4,talk,37,4,11,Skip
4,talk,38,4,4,Over
4,talk,39,4,5,VOTE Agent[03]
4,talk,40,4,10,Skip
4,talk,41,4,14,VOTE Agent[09]
4,talk,42,4,15,REQUEST ANY (VOTE Agent[07])
4,talk,43,4,3,ESTIMATE Agent[09] VILLAGER
4,talk,44,4,7,Over
4,talk,45,5,14,VOTE Agent[10]
4,talk,46,5,7,Over
4,talk,47,5,3,ESTIMATE Agent[09] WEREWOLF
4,talk,48,5,4,Over
4,talk,49,5,10,Skip
4,talk,50,5,5,VOTE Agent[15]
4,talk,51,5,9,Skip
4,talk,52,5,11,Over
4,talk,53,5,15,Skip
4,talk,54,6,5,VOTE Agent[04]
4,talk,55,6,7,Over
4,talk,56,6,10,Over
4,talk,57,6,15,Skip
4,talk,58,6,4,Over
4,talk,59,6,14,VOTE Agent[04]
4,talk,60,6,3,Skip
4,talk,61,6,11,Over
4,talk,62,6,9,Over
4,talk,63,7,14,VOTE Agent[04]
4,talk,64,7,7,Over
4,talk,65,7,4,Over
4,talk,66,7,10,Over
4,talk,67,7,9,Over
4,talk,68,7,11,Over
4,talk,69,7,15,Over
4,talk,70,7,3,VOTE Agent[09]
4,talk,71,7,5,VOTE Agent[03]
4,talk,72,8,7,Over
4,talk,73,8,15,Over
4,talk,74,8,14,VOTE Agent[09]
4,talk,75,8,11,Over
4,talk,76,8,10,Over
4,talk,77,8,3,ESTIMATE Agent[14] VILLAGER
4,talk,78,8,9,Over
4,talk,79,8,5,VOTE Agent[14]
4,talk,80,8,4,Over
4,talk,81,9,9,Over
4,talk,82,9,15,Over
4,talk,83,9,7,Over
4,talk,84,9,10,Over
4,talk,85,9,11,Over
4,talk,86,9,5,VOTE Agent[11]
4,talk,87,9,3,Over
4,talk,88,9,4,Over
4,talk,89,9,14,Over
4,talk,90,10,10,Over
4,talk,91,10,15,Over
4,talk,92,10,9,Over
4,talk,93,10,7,Over
4,talk,94,10,14,Over
4,talk,95,10,4,Over
4,talk,96,10,5,Over
4,talk,97,10,11,Over
4,talk,98,10,3,Over
4,vote,3,9
4,vote,4,7
4,vote,5,3
4,vote,7,10
4,vote,9,7
4,vote,10,7
4,vote,11,7
4,vote,14,11
4,vote,15,7
4,execute,7,WEREWOLF
4,whisper,0,0,14,ATTACK Agent[12]
4,whisper,1,0,3,ATTACK Agent[04]
4,whisper,2,1,3,Over
4,whisper,3,1,14,Skip
4,whisper,4,2,3,Over
4,whisper,5,2,14,Skip
4,whisper,6,3,14,Over
4,whisper,7,3,3,ATTACK Agent[05]
4,whisper,8,4,3,REQUEST ANY (ATTACK Agent[05])
4,whisper,9,4,14,Over
4,whisper,10,5,3,Over
4,whisper,11,5,14,Over
4,attackVote,3,5
4,attack,5,true
5,status,1,SEER,DEAD,takeda
5,status,2,VILLAGER,DEAD,Udon
5,status,3,WEREWOLF,ALIVE,wasabi
5,status,4,POSSESSED,ALIVE,simipu
5,status,5,VILLAGER,DEAD,Sashimi
5,status,6,BODYGUARD,DEAD,J0hnDoe
5,status,7,WEREWOLF,DEAD,PaSeRi
5,status,8,VILLAGER,DEAD,Camellia
5,status,9,VILLAGER,ALIVE,Tomo
5,status,10,VILLAGER,ALIVE,Tomato
5,status,11,VILLAGER,ALIVE,cube
5,status,12,MEDIUM,DEAD,daisyo
5,status,13,VILLAGER,DEAD,FoxuFoxu
5,status,14,WEREWOLF,ALIVE,HALU
5,status,15,VILLAGER,ALIVE,otsuki
5,talk,0,0,4,VOTE Agent[03]
5,talk,1,0,3,ESTIMATE Agent[15] WEREWOLF
5,talk,2,0,10,VOTE Agent[15]
5,talk,3,0,11,VOTE Agent[03]
5,talk,4,0,15,Skip
5,talk,5,0,9,VOTE Agent[03]
5,talk,6,0,14,VOTE Agent[15]
5,talk,7,1,11,VOTE Agent[03]
5,talk,8,1,4,Skip
5,talk,9,1,14,VOTE Agent[15]
5,talk,10,1,15,Skip
5,talk,11,1,3,ESTIMATE Agent[11] WEREWOLF
5,talk,12,1,9,VOTE Agent[03]
5,talk,13,1,10,Skip
5,talk,14,2,4,Skip
5,talk,15,2,11,VOTE Agent[03]
5,talk,16,2,15,ESTIMATE Agent[03] WEREWOLF
5,talk,17,2,10,VOTE Agent[03]
5,talk,18,2,9,Skip
5,talk,19,2,3,ESTIMATE Agent[15] VILLAGER
5,talk,20,2,14,VOTE Agent[04]
5,talk,21,3,10,Skip
5,talk,22,3,11,Skip
5,talk,23,3,15,VOTE Agent[03]
5,talk,24,3,3,VOTE Agent[04]
5,talk,25,3,4,Over
5,talk,26,3,14,VOTE Agent[04]
5,talk,27,3,9,Skip
5,talk,28,4,10,Skip
5,talk,29,4,14,VOTE Agent[04]
5,talk,30,4,11,Skip
5,talk,31,4,3,VOTE Agent[09]
5,talk,32,4,15,REQUEST ANY (VOTE Agent[03])
5,talk,33,4,4,Over
5,talk,34,4,9,Over
5,talk,35,5,4,Over
5,talk,36,5,9,Over
5,talk,37,5,3,VOTE Agent[04]
5,talk,38,5,10,VOTE Agent[15]
5,talk,39,5,11,Over
5,talk,40,5,15,Skip
5,talk,41,5,14,VOTE Agent[04]
5,talk,42,6,10,Skip
5,talk,43,6,3,ESTIMATE Agent[15] VILLAGER
5,talk,44,6,4,Over
5,talk,45,6,11,Over
5,talk,46,6,9,Over
5,talk,47,6,14,VOTE Agent[04]
5,talk,48,6,15,Skip
5,talk,49,7,9,Over
5,talk,50,7,11,Over
5,talk,51,7,3,VOTE Agent[11]
5,talk,52,7,14,VOTE Agent[15]
5,talk,53,7,4,Over
5,talk,54,7,10,Skip
5,talk,55,7,15,Over
5,talk,56,8,3,ESTIMATE Agent[15] WEREWOLF
5,talk,57,8,9,Over
5,talk,58,8,11,Over
5,talk,59,8,4,Over
5,talk,60,8,15,Over
5,talk,61,8,10,Over
5,talk,62,8,14,VOTE Agent[15]
5,talk,63,9,11,Over
5,talk,64,9,14,Over
5,talk,65,9,10,Over
5,talk,66,9,4,Over
5,talk,67,9,9,Over
5,talk,68,9,3,Over
5,talk,69,9,15,Over
5,vote,3,11
5,vote,4,3
5,vote,9,3
5,vote,10,15
5,vote,11,3
5,vote,14,15
5,vote,15,3
5,execute,3,WEREWOLF
5,attack,11,true
6,status,1,SEER,DEAD,takeda
6,status,2,VILLAGER,DEAD,Udon
6,status,3,WEREWOLF,DEAD,wasabi
6,status,4,POSSESSED,ALIVE,simipu
6,status,5,VILLAGER,DEAD,Sashimi
6,status,6,BODYGUARD,DEAD,J0hnDoe
6,status,7,WEREWOLF,DEAD,PaSeRi
6,status,8,VILLAGER,DEAD,Camellia
6,status,9,VILLAGER,ALIVE,Tomo
6,status,10,VILLAGER,ALIVE,Tomato
6,status,11,VILLAGER,DEAD,cube
6,status,12,MEDIUM,DEAD,daisyo
6,status,13,VILLAGER,DEAD,FoxuFoxu
6,status,14,WEREWOLF,ALIVE,HALU
6,status,15,VILLAGER,ALIVE,otsuki
6,talk,0,0,4,VOTE Agent[14]
6,talk,1,0,15,Skip
6,talk,2,0,9,VOTE Agent[14]
6,talk,3,0,14,VOTE Agent[10]
6,talk,4,0,10,VOTE Agent[15]
6,talk,5,1,9,VOTE Agent[14]
6,talk,6,1,14,VOTE Agent[15]
6,talk,7,1,4,Skip
6,talk,8,1,10,Skip
6,talk,9,1,15,Skip
6,talk,10,2,10,Skip
6,talk,11,2,14,VOTE Agent[15]
6,talk,12,2,15,ESTIMATE Agent[14] WEREWOLF
6,talk,13,2,4,Skip
6,talk,14,2,9,Skip
6,talk,15,3,10,Over
6,talk,16,3,9,Skip
6,talk,17,3,4,Over
6,talk,18,3,15,VOTE Agent[14]
6,talk,19,3,14,VOTE Agent[15]
6,talk,20,4,14,VOTE Agent[15]
6,talk,21,4,4,Over
6,talk,22,4,15,REQUEST ANY (VOTE Agent[14])
6,talk,23,4,9,Over
6,talk,24,4,10,VOTE Agent[04]
6,talk,25,5,4,Over
6,talk,26,5,14,VOTE Agent[04]
6,talk,27,5,10,Skip
6,talk,28,5,15,Skip
6,talk,29,5,9,Over
6,talk,30,6,9,Over
6,talk,31,6,14,VOTE Agent[04]
6,talk,32,6,15,Skip
6,talk,33,6,4,Over
6,talk,34,6,10,Skip
6,talk,35,7,15,Over
6,talk,36,7,9,Over
6,talk,37,7,4,Over
6,talk,38,7,14,VOTE Agent[04]
6,talk,39,7,10,Over
6,talk,40,8,9,Over
6,talk,41,8,10,Over
6,talk,42,8,4,Over
6,talk,43,8,15,Over
6,talk,44,8,14,VOTE Agent[04]
6,talk,45,9,10,Over
6,talk,46,9,4,Over
6,talk,47,9,15,Over
6,talk,48,9,9,Over
6,talk,49,9,14,Over
6,vote,4,14
6,vote,9,14
6,vote,10,4
6,vote,14,4
6,vote,15,14
6,execute,14,WEREWOLF
7,status,1,SEER,DEAD,takeda
7,status,2,VILLAGER,DEAD,Udon
7,status,3,WEREWOLF,DEAD,wasabi
7,status,4,POSSESSED,ALIVE,simipu
7,status,5,VILLAGER,DEAD,Sashimi
7,status,6,BODYGUARD,DEAD,J0hnDoe
7,status,7,WEREWOLF,DEAD,PaSeRi
7,status,8,VILLAGER,DEAD,Camellia
7,status,9,VILLAGER,ALIVE,Tomo
7,status,10,VILLAGER,ALIVE,Tomato
7,status,11,VILLAGER,DEAD,cube
7,status,12,MEDIUM,DEAD,daisyo
7,status,13,VILLAGER,DEAD,FoxuFoxu
7,status,14,WEREWOLF,DEAD,HALU
7,status,15,VILLAGER,ALIVE,otsuki
7,result,4,0,VILLAGER
