0,status,1,WEREWOLF,ALIVE,takeda
0,status,2,BODYGUARD,ALIVE,Udon
0,status,3,VILLAGER,ALIVE,wasabi
0,status,4,VILLAGER,ALIVE,simipu
0,status,5,POSSESSED,ALIVE,Sashimi
0,status,6,WEREWOLF,ALIVE,J0hnDoe
0,status,7,VILLAGER,ALIVE,PaSeRi
0,status,8,VILLAGER,ALIVE,Camellia
0,status,9,VILLAGER,ALIVE,Tomo
0,status,10,VILLAGER,ALIVE,Tomato
0,status,11,WEREWOLF,ALIVE,cube
0,status,12,SEER,ALIVE,daisyo
0,status,13,VILLAGER,ALIVE,FoxuFoxu
0,status,14,VILLAGER,ALIVE,HALU
0,status,15,MEDIUM,ALIVE,otsuki
0,whisper,0,0,6,Skip
0,whisper,1,0,11,Skip
0,whisper,2,0,1,Skip
0,whisper,3,1,11,Skip
0,whisper,4,1,6,Skip
0,whisper,5,1,1,Skip
0,whisper,6,2,1,Over
0,whisper,7,2,6,Over
0,whisper,8,2,11,Over
0,divine,12,4,HUMAN
1,status,1,WEREWOLF,ALIVE,takeda
1,status,2,BODYGUARD,ALIVE,Udon
1,status,3,VILLAGER,ALIVE,wasabi
1,status,4,VILLAGER,ALIVE,simipu
1,status,5,POSSESSED,ALIVE,Sashimi
1,status,6,WEREWOLF,ALIVE,J0hnDoe
1,status,7,VILLAGER,ALIVE,PaSeRi
1,status,8,VILLAGER,ALIVE,Camellia
1,status,9,VILLAGER,ALIVE,Tomo
1,status,10,VILLAGER,ALIVE,Tomato
1,status,11,WEREWOLF,ALIVE,cube
1,status,12,SEER,ALIVE,daisyo
1,status,13,VILLAGER,ALIVE,FoxuFoxu
1,status,14,VILLAGER,ALIVE,HALU
1,status,15,MEDIUM,ALIVE,otsuki
1,talk,0,0,3,Skip
1,talk,1,0,14,VOTE Agent[09]
1,talk,2,0,8,REQUEST ANY (COMINGOUT ANY SEER)
1,talk,3,0,7,Skip
1,talk,4,0,9,VOTE Agent[01]
1,talk,5,0,2,VOTE Agent[04]
1,talk,6,0,6,COMINGOUT Agent[06] SEER
1,talk,7,0,1,COMINGOUT Agent[01] SEER
1,talk,8,0,4,VOTE Agent[01]
1,talk,9,0,13,Skip
1,talk,10,0,10,VOTE Agent[03]
1,talk,11,0,11,Skip
1,talk,12,0,15,Skip
1,talk,13,0,5,VOTE Agent[10]
1,talk,14,0,12,COMINGOUT Agent[12] SEER
1,talk,15,1,3,Skip
1,talk,16,1,9,VOTE Agent[01]
1,talk,17,1,10,Skip
1,talk,18,1,5,COMINGOUT Agent[05] VILLAGER
1,talk,19,1,14,VOTE Agent[03]
1,talk,20,1,11,VOTE Agent[01]
1,talk,21,1,2,VOTE Agent[11]
1,talk,22,1,13,Skip
1,talk,23,1,1,DIVINED Agent[11] HUMAN
1,talk,24,1,7,Skip
1,talk,25,1,8,Skip
1,talk,26,1,15,Skip
1,talk,27,1,6,DIVINED Agent[11] WEREWOLF
1,talk,28,1,12,DIVINED Agent[04] HUMAN
1,talk,29,1,4,VOTE Agent[01]
1,talk,30,2,3,ESTIMATE Agent[06] WEREWOLF
1,talk,31,2,10,Skip
1,talk,32,2,4,VOTE Agent[01]
1,talk,33,2,1,VOTE Agent[06]
1,talk,34,2,7,Over
1,talk,35,2,9,VOTE Agent[01]
1,talk,36,2,2,Over
1,talk,37,2,11,Skip
1,talk,38,2,14,VOTE Agent[06]
1,talk,39,2,15,ESTIMATE Agent[05] WEREWOLF
1,talk,40,2,12,VOTE Agent[01]
1,talk,41,2,5,VOTE Agent[04]
1,talk,42,2,6,VOTE Agent[11]
1,talk,43,2,13,Over
1,talk,44,2,8,REQUEST Agent[01] (DIVINATION Agent[11])
1,talk,45,3,14,VOTE Agent[06]
1,talk,46,3,5,VOTE Agent[08]
1,talk,47,3,11,Skip
1,talk,48,3,8,REQUEST Agent[01] (DIVINATION Agent[11])
1,talk,49,3,2,Over
1,talk,50,3,10,Over
1,talk,51,3,7,Over
1,talk,52,3,6,Skip
1,talk,53,3,12,VOTE Agent[11]
1,talk,54,3,4,VOTE Agent[11]
1,talk,55,3,9,VOTE Agent[11]
1,talk,56,3,3,VOTE Agent[08]
1,talk,57,3,15,VOTE Agent[05]
1,talk,58,3,13,Over
1,talk,59,3,1,Skip
1,talk,60,4,8,REQUEST Agent[01] (DIVINATION Agent[11])
1,talk,61,4,14,VOTE Agent[06]
1,talk,62,4,12,Skip
1,talk,63,4,10,VOTE Agent[07]
1,talk,64,4,3,ESTIMATE Agent[08] WEREWOLF
1,talk,65,4,1,Skip
1,talk,66,4,9,VOTE Agent[11]
1,talk,67,4,2,Over
1,talk,68,4,7,Over
1,talk,69,4,13,Over
1,talk,70,4,5,ESTIMATE Agent[01] WEREWOLF
1,talk,71,4,15,REQUEST ANY (VOTE Agent[05])
1,talk,72,4,6,Skip
1,talk,73,4,11,Over
1,talk,74,4,4,VOTE Agent[11]
1,talk,75,5,14,VOTE Agent[06]
1,talk,76,5,7,Over
1,talk,77,5,3,ESTIMATE Agent[12] WEREWOLF
1,talk,78,5,8,REQUEST Agent[01] (DIVINATION Agent[11])
1,talk,79,5,15,Skip
1,talk,80,5,4,VOTE Agent[11]
1,talk,81,5,9,VOTE Agent[11]
1,talk,82,5,2,Over
1,talk,83,5,5,VOTE Agent[04]
1,talk,84,5,6,Over
1,talk,85,5,10,VOTE Agent[08]
1,talk,86,5,12,Skip
1,talk,87,5,1,Over
1,talk,88,5,13,Over
1,talk,89,5,11,VOTE Agent[06]
1,talk,90,6,5,VOTE Agent[13]
1,talk,91,6,4,VOTE Agent[11]
1,talk,92,6,8,REQUEST Agent[01] (DIVINATION Agent[11])
1,talk,93,6,9,VOTE Agent[11]
1,talk,94,6,2,Over
1,talk,95,6,15,Skip
1,talk,96,6,3,ESTIMATE Agent[15] VILLAGER
1,talk,97,6,6,Over
1,talk,98,6,11,Skip
1,talk,99,6,13,Over
1,talk,100,6,1,Over
1,talk,101,6,7,Over
1,talk,102,6,14,VOTE Agent[06]
1,talk,103,6,12,Over
1,talk,104,6,10,Skip
1,talk,105,7,8,REQUEST Agent[01] (DIVINATION Agent[11])
1,talk,106,7,2,Over
1,talk,107,7,10,Skip
1,talk,108,7,15,Over
1,talk,109,7,7,Over
1,talk,110,7,11,Skip
1,talk,111,7,9,VOTE Agent[11]
1,talk,112,7,6,Over
1,talk,113,7,5,VOTE Agent[01]
1,talk,114,7,13,Over
1,talk,115,7,12,Over
1,talk,116,7,14,VOTE Agent[01]
1,talk,117,7,1,Over
1,talk,118,7,3,REQUEST ANY (VOTE Agent[08])
1,talk,119,7,4,VOTE Agent[11]
1,talk,120,8,9,VOTE Agent[11]
1,talk,121,8,8,REQUEST Agent[01] (DIVINATION Agent[11])
1,talk,122,8,2,Over
1,talk,123,8,3,ESTIMATE Agent[06] WEREWOLF
1,talk,124,8,13,Over
1,talk,125,8,14,VOTE Agent[01]
1,talk,126,8,4,VOTE Agent[11]
1,talk,127,8,7,Over
1,talk,128,8,6,Over
1,talk,129,8,10,Over
1,talk,130,8,12,Over
1,talk,131,8,5,ESTIMATE Agent[01] WEREWOLF
1,talk,132,8,15,Over
1,talk,133,8,1,Over
1,talk,134,8,11,Over
1,talk,135,9,3,Over
1,talk,136,9,5,VOTE Agent[08]
1,talk,137,9,11,Over
1,talk,138,9,14,Over
1,talk,139,9,10,Over
1,talk,140,9,12,Over
1,talk,141,9,2,Over
1,talk,142,9,6,Over
1,talk,143,9,1,Over
1,talk,144,9,4,VOTE Agent[11]
1,talk,145,9,8,REQUEST Agent[01] (DIVINATION Agent[11])
1,talk,146,9,7,Over
1,talk,147,9,9,VOTE Agent[11]
1,talk,148,9,13,Over
1,talk,149,9,15,ESTIMATE Agent[06] WEREWOLF
1,talk,150,10,3,Over
1,talk,151,10,13,Over
1,talk,152,10,15,VOTE Agent[06]
1,talk,153,10,7,Over
1,talk,154,10,8,REQUEST Agent[01] (DIVINATION Agent[11])
1,talk,155,10,5,Over
1,talk,156,10,14,Over
1,talk,157,10,11,Over
1,talk,158,10,10,Over
1,talk,159,10,12,Over
1,talk,160,10,9,Over
1,talk,161,10,1,Over
1,talk,162,10,4,Over
1,talk,163,10,6,Over
1,talk,164,10,2,Over
1,talk,165,11,10,Over
1,talk,166,11,8,Over
1,talk,167,11,15,REQUEST ANY (VOTE Agent[06])
1,talk,168,11,2,Over
1,talk,169,11,9,Over
1,talk,170,11,3,Over
1,talk,171,11,7,Over
1,talk,172,11,13,Over
1,talk,173,11,4,Over
1,talk,174,11,12,Over
1,talk,175,11,6,Over
1,talk,176,11,14,Over
1,talk,177,11,5,Over
1,talk,178,11,1,Over
1,talk,179,11,11,Over
1,talk,180,12,7,Over
1,talk,181,12,15,Skip
1,talk,182,12,3,Over
1,talk,183,12,2,Over
1,talk,184,12,11,Over
1,talk,185,12,12,Over
1,talk,186,12,10,Over
1,talk,187,12,4,Over
1,talk,188,12,6,Over
1,talk,189,12,14,Over
1,talk,190,12,13,Over
1,talk,191,12,1,Over
1,talk,192,12,8,Over
1,talk,193,12,9,Over
1,talk,194,12,5,Over
1,talk,195,13,1,Over
1,talk,196,13,9,Over
1,talk,197,13,13,Over
1,talk,198,13,3,Over
1,talk,199,13,6,Over
1,talk,200,13,10,Over
1,talk,201,13,14,Over
1,talk,202,13,8,Over
1,talk,203,13,7,Over
1,talk,204,13,12,Over
1,talk,205,13,4,Over
1,talk,206,13,2,Over
1,talk,207,13,15,Skip
1,talk,208,13,11,Over
1,talk,209,13,5,Over
1,talk,210,14,2,Over
1,talk,211,14,11,Over
1,talk,212,14,8,Over
1,talk,213,14,3,Over
1,talk,214,14,1,Over
1,talk,215,14,4,Over
1,talk,216,14,5,Over
1,talk,217,14,15,Over
1,talk,218,14,13,Over
1,talk,219,14,10,Over
1,talk,220,14,6,Over
1,talk,221,14,12,Over
1,talk,222,14,14,Over
1,talk,223,14,7,Over
1,talk,224,14,9,Over
1,vote,1,6
1,vote,2,11
1,vote,3,8
1,vote,4,11
1,vote,5,1
1,vote,6,1
1,vote,7,8
1,vote,8,11
1,vote,9,11
1,vote,10,8
1,vote,11,6
1,vote,12,11
1,vote,13,9
1,vote,14,6
1,vote,15,6
1,execute,11,WEREWOLF
1,divine,12,8,HUMAN
1,whisper,0,0,1,Skip
1,whisper,1,0,6,Skip
1,whisper,2,1,1,Skip
1,whisper,3,1,6,Skip
1,whisper,4,2,6,Over
1,whisper,5,2,1,Over
1,guard,2,6,WEREWOLF
1,attackVote,1,15
1,attackVote,6,14
1,attackVote,1,15
1,attackVote,6,14
1,attack,14,true
2,status,1,WEREWOLF,ALIVE,takeda
2,status,2,BODYGUARD,ALIVE,Udon
2,status,3,VILLAGER,ALIVE,wasabi
2,status,4,VILLAGER,ALIVE,simipu
2,status,5,POSSESSED,ALIVE,Sashimi
2,status,6,WEREWOLF,ALIVE,J0hnDoe
2,status,7,VILLAGER,ALIVE,PaSeRi
2,status,8,VILLAGER,ALIVE,Camellia
2,status,9,VILLAGER,ALIVE,Tomo
2,status,10,VILLAGER,ALIVE,Tomato
2,status,11,WEREWOLF,DEAD,cube
2,status,12,SEER,ALIVE,daisyo
2,status,13,VILLAGER,ALIVE,FoxuFoxu
2,status,14,VILLAGER,DEAD,HALU
2,status,15,MEDIUM,ALIVE,otsuki
2,talk,0,0,5,ESTIMATE Agent[01] WEREWOLF
2,talk,1,0,15,COMINGOUT Agent[15] MEDIUM
2,talk,2,0,8,REQUEST Agent[01] (DIVINATION Agent[11])
2,talk,3,0,13,Skip
2,talk,4,0,6,DIVINED Agent[01] WEREWOLF
2,talk,5,0,9,VOTE Agent[01]
2,talk,6,0,4,VOTE Agent[01]
2,talk,7,0,2,VOTE Agent[01]
2,talk,8,0,7,Skip
2,talk,9,0,1,DIVINED Agent[06] HUMAN
2,talk,10,0,12,DIVINED Agent[08] HUMAN
2,talk,11,0,10,VOTE Agent[01]
2,talk,12,0,3,ESTIMATE Agent[12] WEREWOLF
2,talk,13,1,12,VOTE Agent[06]
2,talk,14,1,15,DAY 2 (IDENTIFIED Agent[11] WEREWOLF)
2,talk,15,1,3,Skip
2,talk,16,1,9,VOTE Agent[01]
2,talk,17,1,1,VOTE Agent[15]
2,talk,18,1,2,Over
2,talk,19,1,5,VOTE Agent[12]
2,talk,20,1,10,Skip
2,talk,21,1,13,Skip
2,talk,22,1,6,VOTE Agent[01]
2,talk,23,1,7,Skip
2,talk,24,1,4,VOTE Agent[01]
2,talk,25,1,8,REQUEST Agent[01] (DIVINATION Agent[01])
2,talk,26,2,4,VOTE Agent[01]
2,talk,27,2,13,Over
2,talk,28,2,1,VOTE Agent[12]
2,talk,29,2,9,VOTE Agent[01]
2,talk,30,2,15,IDENTIFIED Agent[11] WEREWOLF
2,talk,31,2,7,Over
2,talk,32,2,12,Skip
2,talk,33,2,2,Over
2,talk,34,2,3,ESTIMATE Agent[09] VILLAGER
2,talk,35,2,5,VOTE Agent[01]
2,talk,36,2,6,Skip
2,talk,37,2,8,REQUEST Agent[01] (DIVINATION Agent[11])
2,talk,38,2,10,Skip
2,talk,39,3,13,Over
2,talk,40,3,5,VOTE Agent[04]
2,talk,41,3,7,Over
2,talk,42,3,2,Over
2,talk,43,3,12,Skip
2,talk,44,3,8,REQUEST Agent[01] (DIVINATION Agent[11])
2,talk,45,3,10,Over
2,talk,46,3,15,ESTIMATE Agent[01] WEREWOLF
2,talk,47,3,9,VOTE Agent[01]
2,talk,48,3,4,VOTE Agent[01]
2,talk,49,3,3,VOTE Agent[08]
2,talk,50,3,1,Skip
2,talk,51,3,6,Skip
2,talk,52,4,10,Over
2,talk,53,4,3,Skip
2,talk,54,4,6,Over
2,talk,55,4,1,Skip
2,talk,56,4,7,Over
2,talk,57,4,2,Over
2,talk,58,4,12,Over
2,talk,59,4,8,REQUEST Agent[01] (DIVINATION Agent[11])
2,talk,60,4,13,Over
2,talk,61,4,9,VOTE Agent[01]
2,talk,62,4,5,VOTE Agent[03]
2,talk,63,4,15,VOTE Agent[01]
2,talk,64,4,4,VOTE Agent[01]
2,talk,65,5,4,VOTE Agent[01]
2,talk,66,5,6,Over
2,talk,67,5,1,Over
2,talk,68,5,12,Over
2,talk,69,5,9,VOTE Agent[01]
2,talk,70,5,8,REQUEST Agent[01] (DIVINATION Agent[11])
2,talk,71,5,15,REQUEST ANY (VOTE Agent[01])
2,talk,72,5,7,Over
2,talk,73,5,2,Over
2,talk,74,5,13,Over
2,talk,75,5,3,ESTIMATE Agent[15] MEDIUM
2,talk,76,5,5,VOTE Agent[06]
2,talk,77,5,10,Over
2,talk,78,6,2,Over
2,talk,79,6,9,VOTE Agent[01]
2,talk,80,6,15,Skip
2,talk,81,6,7,Over
2,talk,82,6,1,Over
2,talk,83,6,3,Skip
2,talk,84,6,13,Over
2,talk,85,6,10,Over
2,talk,86,6,8,REQUEST Agent[01] (DIVINATION Agent[11])
2,talk,87,6,12,Over
2,talk,88,6,4,VOTE Agent[01]
2,talk,89,6,6,Over
2,talk,90,6,5,VOTE Agent[01]
2,talk,91,7,13,Over
2,talk,92,7,8,REQUEST Agent[01] (DIVINATION Agent[11])
2,talk,93,7,4,Skip
2,talk,94,7,2,Over
2,talk,95,7,15,Skip
2,talk,96,7,1,VOTE Agent[12]
2,talk,97,7,12,Over
2,talk,98,7,3,ESTIMATE Agent[07] VILLAGER
2,talk,99,7,6,Over
2,talk,100,7,5,VOTE Agent[07]
2,talk,101,7,7,Over
2,talk,102,7,10,Over
2,talk,103,7,9,VOTE Agent[01]
2,talk,104,8,4,VOTE Agent[01]
2,talk,105,8,2,Over
2,talk,106,8,5,VOTE Agent[04]
2,talk,107,8,1,Skip
2,talk,108,8,12,Over
2,talk,109,8,6,Over
2,talk,110,8,7,Over
2,talk,111,8,3,ESTIMATE Agent[13] VILLAGER
2,talk,112,8,10,Over
2,talk,113,8,13,Over
2,talk,114,8,15,Over
2,talk,115,8,8,REQUEST Agent[01] (DIVINATION Agent[11])
2,talk,116,8,9,VOTE Agent[01]
2,talk,117,9,12,Over
2,talk,118,9,3,Over
2,talk,119,9,6,Over
2,talk,120,9,5,VOTE Agent[06]
2,talk,121,9,13,Over
2,talk,122,9,10,Over
2,talk,123,9,2,Over
2,talk,124,9,15,Over
2,talk,125,9,7,Over
2,talk,126,9,1,Skip
2,talk,127,9,4,VOTE Agent[01]
2,talk,128,9,9,VOTE Agent[01]
2,talk,129,9,8,REQUEST Agent[01] (DIVINATION Agent[01])
2,talk,130,10,3,Over
2,talk,131,10,7,Over
2,talk,132,10,10,Over
2,talk,133,10,8,Over
2,talk,134,10,15,Over
2,talk,135,10,13,Over
2,talk,136,10,2,Over
2,talk,137,10,12,Over
2,talk,138,10,6,Over
2,talk,139,10,4,VOTE Agent[01]
2,talk,140,10,1,Over
2,talk,141,10,5,Over
2,talk,142,10,9,Over
2,talk,143,11,7,Over
2,talk,144,11,15,Over
2,talk,145,11,9,Over
2,talk,146,11,4,Over
2,talk,147,11,13,Over
2,talk,148,11,2,Over
2,talk,149,11,8,Over
2,talk,150,11,6,Over
2,talk,151,11,3,Over
2,talk,152,11,5,Over
2,talk,153,11,10,Over
2,talk,154,11,12,Over
2,talk,155,11,1,Over
2,vote,1,12
2,vote,2,1
2,vote,3,8
2,vote,4,1
2,vote,5,1
2,vote,6,1
2,vote,7,10
2,vote,8,1
2,vote,9,1
2,vote,10,1
2,vote,12,6
2,vote,13,2
2,vote,15,1
2,execute,1,WEREWOLF
2,divine,12,6,WEREWOLF
2,guard,2,6,WEREWOLF
2,attackVote,6,4
2,attack,4,true
3,status,1,WEREWOLF,DEAD,takeda
3,status,2,BODYGUARD,ALIVE,Udon
3,status,3,VILLAGER,ALIVE,wasabi
3,status,4,VILLAGER,DEAD,simipu
3,status,5,POSSESSED,ALIVE,Sashimi
3,status,6,WEREWOLF,ALIVE,J0hnDoe
3,status,7,VILLAGER,ALIVE,PaSeRi
3,status,8,VILLAGER,ALIVE,Camellia
3,status,9,VILLAGER,ALIVE,Tomo
3,status,10,VILLAGER,ALIVE,Tomato
3,status,11,WEREWOLF,DEAD,cube
3,status,12,SEER,ALIVE,daisyo
3,status,13,VILLAGER,ALIVE,FoxuFoxu
3,status,14,VILLAGER,DEAD,HALU
3,status,15,MEDIUM,ALIVE,otsuki
3,talk,0,0,15,DAY 3 (IDENTIFIED Agent[01] WEREWOLF)
3,talk,1,0,2,VOTE Agent[07]
3,talk,2,0,5,VOTE Agent[03]
3,talk,3,0,13,Skip
3,talk,4,0,7,Skip
3,talk,5,0,12,DIVINED Agent[06] WEREWOLF
3,talk,6,0,9,VOTE Agent[03]
3,talk,7,0,3,Skip
3,talk,8,0,6,DIVINED Agent[12] HUMAN
3,talk,9,0,10,VOTE Agent[06]
3,talk,10,0,8,REQUEST Agent[01] (DIVINATION Agent[11])
3,talk,11,1,2,Over
3,talk,12,1,12,VOTE Agent[06]
3,talk,13,1,10,Skip
3,talk,14,1,3,ESTIMATE Agent[06] WEREWOLF
3,talk,15,1,7,Skip
3,talk,16,1,6,VOTE Agent[07]
3,talk,17,1,13,Skip
3,talk,18,1,5,VOTE Agent[15]
3,talk,19,1,9,VOTE Agent[06]
3,talk,20,1,15,IDENTIFIED Agent[01] WEREWOLF
3,talk,21,1,8,REQUEST Agent[01] (DIVINATION Agent[11])
3,talk,22,2,3,ESTIMATE Agent[09] VILLAGER
3,talk,23,2,15,ESTIMATE Agent[06] WEREWOLF
3,talk,24,2,2,Over
3,talk,25,2,10,Skip
3,talk,26,2,12,Skip
3,talk,27,2,7,Over
3,talk,28,2,8,REQUEST Agent[01] (DIVINATION Agent[11])
3,talk,29,2,9,VOTE Agent[06]
3,talk,30,2,6,VOTE Agent[03]
3,talk,31,2,13,Over
3,talk,32,2,5,VOTE Agent[06]
3,talk,33,3,9,Skip
3,talk,34,3,13,Over
3,talk,35,3,5,VOTE Agent[07]
3,talk,36,3,10,Over
3,talk,37,3,6,VOTE Agent[07]
3,talk,38,3,8,REQUEST Agent[01] (DIVINATION Agent[06])
3,talk,39,3,15,VOTE Agent[06]
3,talk,40,3,3,VOTE Agent[08]
3,talk,41,3,2,Over
3,talk,42,3,12,Skip
3,talk,43,3,7,Over
3,talk,44,4,2,Over
3,talk,45,4,10,Over
3,talk,46,4,9,VOTE Agent[06]
3,talk,47,4,12,Over
3,talk,48,4,8,REQUEST Agent[01] (DIVINATION Agent[01])
3,talk,49,4,7,Over
3,talk,50,4,6,Skip
3,talk,51,4,15,REQUEST ANY (VOTE Agent[06])
3,talk,52,4,13,Over
3,talk,53,4,5,VOTE Agent[12]
3,talk,54,4,3,Skip
3,talk,55,5,13,Over
3,talk,56,5,15,Skip
3,talk,57,5,7,Over
3,talk,58,5,5,VOTE Agent[10]
3,talk,59,5,3,Skip
3,talk,60,5,6,Skip
3,talk,61,5,9,VOTE Agent[06]
3,talk,62,5,10,Over
3,talk,63,5,12,Over
3,talk,64,5,2,Over
3,talk,65,5,8,REQUEST Agent[01] (DIVINATION Agent[11])
3,talk,66,6,12,Over
3,talk,67,6,10,Over
3,talk,68,6,8,REQUEST Agent[01] (DIVINATION Agent[11])
3,talk,69,6,15,Skip
3,talk,70,6,3,ESTIMATE Agent[06] WEREWOLF
3,talk,71,6,9,VOTE Agent[06]
3,talk,72,6,7,Over
3,talk,73,6,2,Over
3,talk,74,6,13,Over
3,talk,75,6,5,VOTE Agent[09]
3,talk,76,6,6,Over
3,talk,77,7,2,Over
3,talk,78,7,7,Over
3,talk,79,7,6,Over
3,talk,80,7,13,Over
3,talk,81,7,8,REQUEST Agent[01] (DIVINATION Agent[01])
3,talk,82,7,15,Over
3,talk,83,7,12,Over
3,talk,84,7,5,VOTE Agent[02]
3,talk,85,7,10,Over
3,talk,86,7,9,VOTE Agent[06]
3,talk,87,7,3,ESTIMATE Agent[08] WEREWOLF
3,talk,88,8,15,Over
3,talk,89,8,7,Over
3,talk,90,8,8,REQUEST Agent[01] (DIVINATION Agent[01])
3,talk,91,8,13,Over
3,talk,92,8,6,Over
3,talk,93,8,10,Over
3,talk,94,8,9,VOTE Agent[06]
3,talk,95,8,5,VOTE Agent[08]
3,talk,96,8,3,ESTIMATE Agent[02] VILLAGER
3,talk,97,8,12,Over
3,talk,98,8,2,Over
3,talk,99,9,5,VOTE Agent[15]
3,talk,100,9,12,Over
3,talk,101,9,8,REQUEST Agent[01] (DIVINATION Agent[01])
3,talk,102,9,10,Over
3,talk,103,9,13,Over
3,talk,104,9,6,Over
3,talk,105,9,9,VOTE Agent[06]
3,talk,106,9,3,Over
3,talk,107,9,2,Over
3,talk,108,9,15,Over
3,talk,109,9,7,Over
3,talk,110,10,3,Over
3,talk,111,10,7,Over
3,talk,112,10,12,Over
3,talk,113,10,2,Over
3,talk,114,10,8,Over
3,talk,115,10,15,Over
3,talk,116,10,13,Over
3,talk,117,10,5,Over
3,talk,118,10,10,Over
3,talk,119,10,9,VOTE Agent[06]
3,talk,120,10,6,Over
3,talk,121,11,5,Over
3,talk,122,11,10,Over
3,talk,123,11,9,Over
3,talk,124,11,3,Over
3,talk,125,11,7,Over
3,talk,126,11,12,Over
3,talk,127,11,2,Over
3,talk,128,11,8,Over
3,talk,129,11,15,Over
3,talk,130,11,13,Over
3,talk,131,11,6,Over
3,vote,2,7
3,vote,3,8
3,vote,5,12
3,vote,6,7
3,vote,7,10
3,vote,8,6
3,vote,9,6
3,vote,10,6
3,vote,12,6
3,vote,13,7
3,vote,15,6
3,execute,6,WEREWOLF
3,divine,12,7,HUMAN
3,guard,2,12,SEER
4,status,1,WEREWOLF,DEAD,takeda
4,status,2,BODYGUARD,ALIVE,Udon
4,status,3,VILLAGER,ALIVE,wasabi
4,status,4,VILLAGER,DEAD,simipu
4,status,5,POSSESSED,ALIVE,Sashimi
4,status,6,WEREWOLF,DEAD,J0hnDoe
4,status,7,VILLAGER,ALIVE,PaSeRi
4,status,8,VILLAGER,ALIVE,Camellia
4,status,9,VILLAGER,ALIVE,Tomo
4,status,10,VILLAGER,ALIVE,Tomato
4,status,11,WEREWOLF,DEAD,cube
4,status,12,SEER,ALIVE,daisyo
4,status,13,VILLAGER,ALIVE,FoxuFoxu
4,status,14,VILLAGER,DEAD,HALU
4,status,15,MEDIUM,ALIVE,otsuki
4,result,10,0,VILLAGER
