0,status,1,VILLAGER,ALIVE,takeda
0,status,2,POSSESSED,ALIVE,Udon
0,status,3,VILLAGER,ALIVE,wasabi
0,status,4,WEREWOLF,ALIVE,simipu
0,status,5,VILLAGER,ALIVE,Sashimi
0,status,6,VILLAGER,ALIVE,J0hnDoe
0,status,7,WEREWOLF,ALIVE,PaSeRi
0,status,8,VILLAGER,ALIVE,Camellia
0,status,9,VILLAGER,ALIVE,Tomo
0,status,10,BODYGUARD,ALIVE,Tomato
0,status,11,MEDIUM,ALIVE,cube
0,status,12,SEER,ALIVE,daisyo
0,status,13,WEREWOLF,ALIVE,FoxuFoxu
0,status,14,VILLAGER,ALIVE,HALU
0,status,15,VILLAGER,ALIVE,otsuki
0,whisper,0,0,13,ATTACK Agent[03]
0,whisper,1,0,7,Skip
0,whisper,2,0,4,Skip
0,whisper,3,1,7,Skip
0,whisper,4,1,4,Skip
0,whisper,5,1,13,Skip
0,whisper,6,2,7,Over
0,whisper,7,2,13,Skip
0,whisper,8,2,4,Over
0,whisper,9,3,4,Over
0,whisper,10,3,13,Over
0,whisper,11,3,7,Over
0,divine,12,9,HUMAN
1,status,1,VILLAGER,ALIVE,takeda
1,status,2,POSSESSED,ALIVE,Udon
1,status,3,VILLAGER,ALIVE,wasabi
1,status,4,WEREWOLF,ALIVE,simipu
1,status,5,VILLAGER,ALIVE,Sashimi
1,status,6,VILLAGER,ALIVE,J0hnDoe
1,status,7,WEREWOLF,ALIVE,PaSeRi
1,status,8,VILLAGER,ALIVE,Camellia
1,status,9,VILLAGER,ALIVE,Tomo
1,status,10,BODYGUARD,ALIVE,Tomato
1,status,11,MEDIUM,ALIVE,cube
1,status,12,SEER,ALIVE,daisyo
1,status,13,WEREWOLF,ALIVE,FoxuFoxu
1,status,14,VILLAGER,ALIVE,HALU
1,status,15,VILLAGER,ALIVE,otsuki
1,talk,0,0,8,REQUEST ANY (COMINGOUT ANY SEER)
1,talk,1,0,15,Skip
1,talk,2,0,11,COMINGOUT Agent[11] MEDIUM
1,talk,3,0,4,Skip
1,talk,4,0,9,VOTE Agent[01]
1,talk,5,0,12,COMINGOUT Agent[12] SEER
1,talk,6,0,2,COMINGOUT Agent[02] SEER
1,talk,7,0,14,VOTE Agent[01]
1,talk,8,0,6,VOTE Agent[01]
1,talk,9,0,1,VOTE Agent[12]
1,talk,10,0,10,VOTE Agent[03]
1,talk,11,0,5,VOTE Agent[08]
1,talk,12,0,13,Skip
1,talk,13,0,7,Skip
1,talk,14,0,3,Skip
1,talk,15,1,15,Skip
1,talk,16,1,6,VOTE Agent[01]
1,talk,17,1,5,COMINGOUT Agent[05] MEDIUM
1,talk,18,1,7,Skip
1,talk,19,1,2,DIVINED Agent[15] HUMAN
1,talk,20,1,3,ESTIMATE Agent[12] WEREWOLF
1,talk,21,1,9,VOTE Agent[01]
1,talk,22,1,1,VOTE Agent[05]
1,talk,23,1,12,DIVINED Agent[09] HUMAN
1,talk,24,1,13,Skip
1,talk,25,1,8,Skip
1,talk,26,1,14,VOTE Agent[08]
1,talk,27,1,4,VOTE Agent[01]
1,talk,28,1,11,VOTE Agent[05]
1,talk,29,1,10,Skip
1,talk,30,2,9,VOTE Agent[01]
1,talk,31,2,7,Over
1,talk,32,2,14,VOTE Agent[03]
1,talk,33,2,15,ESTIMATE Agent[05] WEREWOLF
1,talk,34,2,11,Skip
1,talk,35,2,6,VOTE Agent[05]
1,talk,36,2,13,Over
1,talk,37,2,4,VOTE Agent[05]
1,talk,38,2,3,ESTIMATE Agent[04] VILLAGER
1,talk,39,2,10,Skip
1,talk,40,2,12,VOTE Agent[04]
1,talk,41,2,2,VOTE Agent[15]
1,talk,42,2,1,Skip
1,talk,43,2,5,ESTIMATE Agent[03] WEREWOLF
1,talk,44,2,8,Skip
1,talk,45,3,14,VOTE Agent[04]
1,talk,46,3,11,Skip
1,talk,47,3,10,Over
1,talk,48,3,5,VOTE Agent[13]
1,talk,49,3,13,Over
1,talk,50,3,2,Over
1,talk,51,3,7,Over
1,talk,52,3,8,Over
1,talk,53,3,12,Skip
1,talk,54,3,1,Skip
1,talk,55,3,9,VOTE Agent[05]
1,talk,56,3,3,VOTE Agent[08]
1,talk,57,3,15,VOTE Agent[05]
1,talk,58,3,4,Skip
1,talk,59,3,6,VOTE Agent[05]
1,talk,60,4,8,Over
1,talk,61,4,10,VOTE Agent[07]
1,talk,62,4,15,ESTIMATE Agent[04] WEREWOLF
1,talk,63,4,13,Over
1,talk,64,4,11,Over
1,talk,65,4,12,Skip
1,talk,66,4,1,Over
1,talk,67,4,5,VOTE Agent[08]
1,talk,68,4,7,Over
1,talk,69,4,2,Over
1,talk,70,4,3,ESTIMATE Agent[06] VILLAGER
1,talk,71,4,9,VOTE Agent[05]
1,talk,72,4,6,VOTE Agent[05]
1,talk,73,4,14,VOTE Agent[07]
1,talk,74,4,4,Skip
1,talk,75,5,9,VOTE Agent[05]
1,talk,76,5,10,Skip
1,talk,77,5,5,VOTE Agent[11]
1,talk,78,5,7,Over
1,talk,79,5,12,Over
1,talk,80,5,3,Skip
1,talk,81,5,13,Over
1,talk,82,5,1,Over
1,talk,83,5,2,Over
1,talk,84,5,14,VOTE Agent[07]
1,talk,85,5,6,VOTE Agent[05]
1,talk,86,5,15,ESTIMATE Agent[05] WEREWOLF
1,talk,87,5,11,Over
1,talk,88,5,4,Over
1,talk,89,5,8,Over
1,talk,90,6,3,Skip
1,talk,91,6,2,Over
1,talk,92,6,13,Over
1,talk,93,6,8,Over
1,talk,94,6,10,Skip
1,talk,95,6,12,Over
1,talk,96,6,1,Over
1,talk,97,6,4,Over
1,talk,98,6,6,VOTE Agent[05]
1,talk,99,6,14,VOTE Agent[07]
1,talk,100,6,9,VOTE Agent[05]
1,talk,101,6,5,ESTIMATE Agent[03] WEREWOLF
1,talk,102,6,15,VOTE Agent[05]
1,talk,103,6,11,Over
1,talk,104,6,7,Over
1,talk,105,7,3,ESTIMATE Agent[09] VILLAGER
1,talk,106,7,7,Over
1,talk,107,7,11,Over
1,talk,108,7,4,Over
1,talk,109,7,14,VOTE Agent[07]
1,talk,110,7,15,REQUEST ANY (VOTE Agent[05])
1,talk,111,7,1,VOTE Agent[04]
1,talk,112,7,9,VOTE Agent[05]
1,talk,113,7,2,Over
1,talk,114,7,6,VOTE Agent[05]
1,talk,115,7,13,Over
1,talk,116,7,5,VOTE Agent[11]
1,talk,117,7,8,Over
1,talk,118,7,12,Over
1,talk,119,7,10,VOTE Agent[03]
1,talk,120,8,1,Skip
1,talk,121,8,3,ESTIMATE Agent[08] WEREWOLF
1,talk,122,8,10,VOTE Agent[08]
1,talk,123,8,4,Over
1,talk,124,8,7,Over
1,talk,125,8,5,VOTE Agent[08]
1,talk,126,8,15,Skip
1,talk,127,8,6,VOTE Agent[05]
1,talk,128,8,9,VOTE Agent[05]
1,talk,129,8,13,Over
1,talk,130,8,8,Over
1,talk,131,8,12,Over
1,talk,132,8,11,Over
1,talk,133,8,2,Over
1,talk,134,8,14,VOTE Agent[04]
1,talk,135,9,9,VOTE Agent[05]
1,talk,136,9,12,Over
1,talk,137,9,10,Skip
1,talk,138,9,2,Over
1,talk,139,9,14,Over
1,talk,140,9,11,Over
1,talk,141,9,4,Over
1,talk,142,9,8,Over
1,talk,143,9,15,Skip
1,talk,144,9,13,Over
1,talk,145,9,5,VOTE Agent[11]
1,talk,146,9,1,Skip
1,talk,147,9,6,VOTE Agent[05]
1,talk,148,9,3,Over
1,talk,149,9,7,Over
1,talk,150,10,1,Over
1,talk,151,10,13,Over
1,talk,152,10,5,Over
1,talk,153,10,4,Over
1,talk,154,10,15,Over
1,talk,155,10,7,Over
1,talk,156,10,2,Over
1,talk,157,10,8,Over
1,talk,158,10,6,Over
1,talk,159,10,3,Over
1,talk,160,10,9,Over
1,talk,161,10,12,Over
1,talk,162,10,14,Over
1,talk,163,10,11,Over
1,talk,164,10,10,Skip
1,talk,165,11,2,Over
1,talk,166,11,8,Over
1,talk,167,11,5,Over
1,talk,168,11,15,Over
1,talk,169,11,6,Over
1,talk,170,11,7,Over
1,talk,171,11,13,Over
1,talk,172,11,12,Over
1,talk,173,11,9,Over
1,talk,174,11,4,Over
1,talk,175,11,3,Over
1,talk,176,11,14,Over
1,talk,177,11,11,Over
1,talk,178,11,1,Over
1,talk,179,11,10,Over
1,vote,1,4
1,vote,2,15
1,vote,3,8
1,vote,4,5
1,vote,5,8
1,vote,6,5
1,vote,7,13
1,vote,8,14
1,vote,9,5
1,vote,10,8
1,vote,11,5
1,vote,12,4
1,vote,13,15
1,vote,14,4
1,vote,15,5
1,execute,5,VILLAGER
1,divine,12,4,WEREWOLF
1,whisper,0,0,13,ATTACK Agent[15]
1,whisper,1,0,4,Skip
1,whisper,2,0,7,Skip
1,whisper,3,1,7,Skip
1,whisper,4,1,13,Skip
1,whisper,5,1,4,Skip
1,whisper,6,2,4,Over
1,whisper,7,2,7,Over
1,whisper,8,2,13,Skip
1,whisper,9,3,7,Over
1,whisper,10,3,13,Over
1,whisper,11,3,4,Over
1,guard,10,12,SEER
1,attackVote,4,12
1,attackVote,13,15
1,attackVote,4,12
1,attackVote,13,15
1,attack,12,false
2,status,1,VILLAGER,ALIVE,takeda
2,status,2,POSSESSED,ALIVE,Udon
2,status,3,VILLAGER,ALIVE,wasabi
2,status,4,WEREWOLF,ALIVE,simipu
2,status,5,VILLAGER,DEAD,Sashimi
2,status,6,VILLAGER,ALIVE,J0hnDoe
2,status,7,WEREWOLF,ALIVE,PaSeRi
2,status,8,VILLAGER,ALIVE,Camellia
2,status,9,VILLAGER,ALIVE,Tomo
2,status,10,BODYGUARD,ALIVE,Tomato
2,status,11,MEDIUM,ALIVE,cube
2,status,12,SEER,ALIVE,daisyo
2,status,13,WEREWOLF,ALIVE,FoxuFoxu
2,status,14,VILLAGER,ALIVE,HALU
2,status,15,VILLAGER,ALIVE,otsuki
2,talk,0,0,6,VOTE Agent[04]
2,talk,1,0,8,Skip
2,talk,2,0,15,Skip
2,talk,3,0,11,IDENTIFIED Agent[05] HUMAN
2,talk,4,0,2,DIVINED Agent[14] HUMAN
2,talk,5,0,9,VOTE Agent[04]
2,talk,6,0,7,Skip
2,talk,7,0,1,VOTE Agent[04]
2,talk,8,0,14,VOTE Agent[04]
2,talk,9,0,4,VOTE Agent[11]
2,talk,10,0,13,Skip
2,talk,11,0,3,ESTIMATE Agent[04] VILLAGER
2,talk,12,0,10,VOTE Agent[03]
2,talk,13,0,12,DIVINED Agent[04] WEREWOLF
2,talk,14,1,12,VOTE Agent[04]
2,talk,15,1,3,Skip
2,talk,16,1,7,Skip
2,talk,17,1,8,REQUEST Agent[02] (DIVINATION Agent[04])
2,talk,18,1,4,Skip
2,talk,19,1,15,Skip
2,talk,20,1,2,VOTE Agent[04]
2,talk,21,1,6,VOTE Agent[04]
2,talk,22,1,11,VOTE Agent[12]
2,talk,23,1,13,Skip
2,talk,24,1,1,VOTE Agent[11]
2,talk,25,1,9,VOTE Agent[04]
2,talk,26,1,10,Skip
2,talk,27,1,14,VOTE Agent[04]
2,talk,28,2,9,VOTE Agent[04]
2,talk,29,2,1,Skip
2,talk,30,2,7,Over
2,talk,31,2,6,VOTE Agent[04]
2,talk,32,2,8,REQUEST Agent[02] (DIVINATION Agent[04])
2,talk,33,2,11,Skip
2,talk,34,2,12,Skip
2,talk,35,2,13,Over
2,talk,36,2,14,VOTE Agent[04]
2,talk,37,2,3,ESTIMATE Agent[09] VILLAGER
2,talk,38,2,2,Over
2,talk,39,2,15,ESTIMATE Agent[04] WEREWOLF
2,talk,40,2,4,Skip
2,talk,41,2,10,Skip
2,talk,42,3,13,Over
2,talk,43,3,11,VOTE Agent[04]
2,talk,44,3,8,REQUEST Agent[02] (DIVINATION Agent[04])
2,talk,45,3,4,VOTE Agent[11]
2,talk,46,3,6,Skip
2,talk,47,3,10,Over
2,talk,48,3,1,VOTE Agent[04]
2,talk,49,3,2,Over
2,talk,50,3,14,VOTE Agent[04]
2,talk,51,3,7,Over
2,talk,52,3,9,Skip
2,talk,53,3,3,VOTE Agent[11]
2,talk,54,3,12,Skip
2,talk,55,3,15,VOTE Agent[04]
2,talk,56,4,10,VOTE Agent[07]
2,talk,57,4,14,VOTE Agent[04]
2,talk,58,4,9,Skip
2,talk,59,4,12,Over
2,talk,60,4,3,VOTE Agent[08]
2,talk,61,4,1,Skip
2,talk,62,4,4,VOTE Agent[11]
2,talk,63,4,2,Over
2,talk,64,4,15,REQUEST ANY (VOTE Agent[04])
2,talk,65,4,8,REQUEST Agent[02] (DIVINATION Agent[04])
2,talk,66,4,7,Over
2,talk,67,4,11,Skip
2,talk,68,4,13,Over
2,talk,69,4,6,Skip
2,talk,70,5,15,Skip
2,talk,71,5,9,Over
2,talk,72,5,14,VOTE Agent[04]
2,talk,73,5,13,Over
2,talk,74,5,11,Skip
2,talk,75,5,10,Skip
2,talk,76,5,8,REQUEST Agent[02] (DIVINATION Agent[04])
2,talk,77,5,4,VOTE Agent[11]
2,talk,78,5,2,Over
2,talk,79,5,6,Over
2,talk,80,5,3,ESTIMATE Agent[08] WEREWOLF
2,talk,81,5,12,Over
2,talk,82,5,1,Skip
2,talk,83,5,7,Over
2,talk,84,6,11,Over
2,talk,85,6,7,Over
2,talk,86,6,14,VOTE Agent[04]
2,talk,87,6,4,VOTE Agent[11]
2,talk,88,6,8,REQUEST Agent[02] (DIVINATION Agent[04])
2,talk,89,6,15,Skip
2,talk,90,6,1,Over
2,talk,91,6,9,Over
2,talk,92,6,2,Over
2,talk,93,6,3,Skip
2,talk,94,6,10,VOTE Agent[08]
2,talk,95,6,6,Over
2,talk,96,6,12,Over
2,talk,97,6,13,Over
2,talk,98,7,11,Over
2,talk,99,7,10,Skip
2,talk,100,7,4,VOTE Agent[08]
2,talk,101,7,1,Over
2,talk,102,7,2,Over
2,talk,103,7,7,Over
2,talk,104,7,9,Over
2,talk,105,7,15,Over
2,talk,106,7,14,VOTE Agent[04]
2,talk,107,7,6,Over
2,talk,108,7,13,Over
2,talk,109,7,3,Skip
2,talk,110,7,12,Over
2,talk,111,7,8,REQUEST Agent[02] (DIVINATION Agent[04])
2,talk,112,8,13,Over
2,talk,113,8,3,Over
2,talk,114,8,12,Over
2,talk,115,8,10,Skip
2,talk,116,8,14,VOTE Agent[04]
2,talk,117,8,6,Over
2,talk,118,8,15,Over
2,talk,119,8,11,Over
2,talk,120,8,4,VOTE Agent[08]
2,talk,121,8,1,Over
2,talk,122,8,9,Over
2,talk,123,8,8,REQUEST Agent[02] (DIVINATION Agent[04])
2,talk,124,8,7,Over
2,talk,125,8,2,Over
2,talk,126,9,9,Over
2,talk,127,9,4,VOTE Agent[08]
2,talk,128,9,6,Over
2,talk,129,9,12,Over
2,talk,130,9,8,REQUEST Agent[02] (DIVINATION Agent[04])
2,talk,131,9,7,Over
2,talk,132,9,3,Over
2,talk,133,9,13,Over
2,talk,134,9,11,Over
2,talk,135,9,15,Over
2,talk,136,9,10,Over
2,talk,137,9,2,Over
2,talk,138,9,1,Over
2,talk,139,9,14,Over
2,talk,140,10,7,Over
2,talk,141,10,14,Over
2,talk,142,10,2,Over
2,talk,143,10,3,Over
2,talk,144,10,8,REQUEST Agent[02] (DIVINATION Agent[04])
2,talk,145,10,11,Over
2,talk,146,10,13,Over
2,talk,147,10,1,Over
2,talk,148,10,9,Over
2,talk,149,10,15,Over
2,talk,150,10,4,VOTE Agent[08]
2,talk,151,10,6,Over
2,talk,152,10,12,Over
2,talk,153,10,10,Over
2,talk,154,11,11,Over
2,talk,155,11,15,Over
2,talk,156,11,3,Over
2,talk,157,11,1,Over
2,talk,158,11,2,Over
2,talk,159,11,12,Over
2,talk,160,11,13,Over
2,talk,161,11,9,Over
2,talk,162,11,14,Over
2,talk,163,11,10,Over
2,talk,164,11,8,Over
2,talk,165,11,7,Over
2,talk,166,11,4,VOTE Agent[08]
2,talk,167,11,6,Over
2,talk,168,12,13,Over
2,talk,169,12,6,Over
2,talk,170,12,7,Over
2,talk,171,12,3,Over
2,talk,172,12,15,Over
2,talk,173,12,4,Over
2,talk,174,12,9,Over
2,talk,175,12,10,Over
2,talk,176,12,8,Over
2,talk,177,12,2,Over
2,talk,178,12,12,Over
2,talk,179,12,14,Over
2,talk,180,12,11,Over
2,talk,181,12,1,Over
2,vote,1,4
2,vote,2,4
2,vote,3,8
2,vote,4,8
2,vote,6,4
2,vote,7,3
2,vote,8,4
2,vote,9,4
2,vote,10,8
2,vote,11,4
2,vote,12,4
2,vote,13,15
2,vote,14,4
2,vote,15,4
2,execute,4,WEREWOLF
2,divine,12,8,HUMAN
2,whisper,0,0,7,Skip
2,whisper,1,0,13,ATTACK Agent[15]
2,whisper,2,1,13,Skip
2,whisper,3,1,7,Skip
2,whisper,4,2,7,Over
2,whisper,5,2,13,Skip
2,whisper,6,3,13,Over
2,whisper,7,3,7,Over
2,guard,10,12,SEER
2,attackVote,13,15
2,attack,15,true
3,status,1,VILLAGER,ALIVE,takeda
3,status,2,POSSESSED,ALIVE,Udon
3,status,3,VILLAGER,ALIVE,wasabi
3,status,4,WEREWOLF,DEAD,simipu
3,status,5,VILLAGER,DEAD,Sashimi
3,status,6,VILLAGER,ALIVE,J0hnDoe
3,status,7,WEREWOLF,ALIVE,PaSeRi
3,status,8,VILLAGER,ALIVE,Camellia
3,status,9,VILLAGER,ALIVE,Tomo
3,status,10,BODYGUARD,ALIVE,Tomato
3,status,11,MEDIUM,ALIVE,cube
3,status,12,SEER,ALIVE,daisyo
3,status,13,WEREWOLF,ALIVE,FoxuFoxu
3,status,14,VILLAGER,ALIVE,HALU
3,status,15,VILLAGER,DEAD,otsuki
3,talk,0,0,1,VOTE Agent[13]
3,talk,1,0,3,ESTIMATE Agent[02] WEREWOLF
3,talk,2,0,7,Skip
3,talk,3,0,2,DIVINED Agent[03] HUMAN
3,talk,4,0,6,VOTE Agent[12]
3,talk,5,0,10,VOTE Agent[03]
3,talk,6,0,8,REQUEST Agent[02] (DIVINATION Agent[04])
3,talk,7,0,13,Skip
3,talk,8,0,12,DIVINED Agent[08] HUMAN
3,talk,9,0,14,VOTE Agent[13]
3,talk,10,0,9,VOTE Agent[13]
3,talk,11,0,11,IDENTIFIED Agent[04] WEREWOLF
3,talk,12,1,11,VOTE Agent[12]
3,talk,13,1,14,VOTE Agent[13]
3,talk,14,1,7,Skip
3,talk,15,1,3,ESTIMATE Agent[08] WEREWOLF
3,talk,16,1,10,VOTE Agent[08]
3,talk,17,1,13,Skip
3,talk,18,1,2,VOTE Agent[13]
3,talk,19,1,1,VOTE Agent[12]
3,talk,20,1,6,VOTE Agent[12]
3,talk,21,1,9,VOTE Agent[12]
3,talk,22,1,8,REQUEST Agent[02] (DIVINATION Agent[04])
3,talk,23,1,12,VOTE Agent[03]
3,talk,24,2,1,Skip
3,talk,25,2,7,Over
3,talk,26,2,3,Skip
3,talk,27,2,10,Skip
3,talk,28,2,14,VOTE Agent[13]
3,talk,29,2,8,REQUEST Agent[02] (DIVINATION Agent[04])
3,talk,30,2,9,VOTE Agent[12]
3,talk,31,2,12,Skip
3,talk,32,2,2,Over
3,talk,33,2,13,Over
3,talk,34,2,11,Skip
3,talk,35,2,6,VOTE Agent[12]
3,talk,36,3,9,VOTE Agent[12]
3,talk,37,3,7,Over
3,talk,38,3,2,Over
3,talk,39,3,6,VOTE Agent[12]
3,talk,40,3,10,Skip
3,talk,41,3,1,Skip
3,talk,42,3,14,VOTE Agent[13]
3,talk,43,3,11,Skip
3,talk,44,3,12,Skip
3,talk,45,3,13,Over
3,talk,46,3,3,VOTE Agent[08]
3,talk,47,3,8,REQUEST Agent[02] (DIVINATION Agent[04])
3,talk,48,4,11,Over
3,talk,49,4,9,VOTE Agent[12]
3,talk,50,4,3,Skip
3,talk,51,4,14,VOTE Agent[13]
3,talk,52,4,2,Over
3,talk,53,4,10,Over
3,talk,54,4,6,VOTE Agent[12]
3,talk,55,4,1,Over
3,talk,56,4,13,Over
3,talk,57,4,7,Over
3,talk,58,4,12,Over
3,talk,59,4,8,REQUEST Agent[02] (DIVINATION Agent[04])
3,talk,60,5,8,REQUEST Agent[02] (DIVINATION Agent[04])
3,talk,61,5,2,Over
3,talk,62,5,6,VOTE Agent[12]
3,talk,63,5,12,Over
3,talk,64,5,3,ESTIMATE Agent[11] WEREWOLF
3,talk,65,5,14,VOTE Agent[13]
3,talk,66,5,13,Over
3,talk,67,5,1,Over
3,talk,68,5,11,Over
3,talk,69,5,9,VOTE Agent[12]
3,talk,70,5,10,Over
3,talk,71,5,7,Over
3,talk,72,6,11,Over
3,talk,73,6,6,VOTE Agent[12]
3,talk,74,6,3,ESTIMATE Agent[07] VILLAGER
3,talk,75,6,7,Over
3,talk,76,6,8,REQUEST Agent[02] (DIVINATION Agent[04])
3,talk,77,6,13,Over
3,talk,78,6,12,Over
3,talk,79,6,9,VOTE Agent[12]
3,talk,80,6,1,Over
3,talk,81,6,14,VOTE Agent[13]
3,talk,82,6,2,Over
3,talk,83,6,10,Over
3,talk,84,7,7,Over
3,talk,85,7,11,Over
3,talk,86,7,10,Over
3,talk,87,7,8,REQUEST Agent[02] (DIVINATION Agent[04])
3,talk,88,7,6,VOTE Agent[12]
3,talk,89,7,2,Over
3,talk,90,7,14,VOTE Agent[13]
3,talk,91,7,9,VOTE Agent[12]
3,talk,92,7,3,ESTIMATE Agent[06] VILLAGER
3,talk,93,7,13,Over
3,talk,94,7,12,Over
3,talk,95,7,1,Over
3,talk,96,8,7,Over
3,talk,97,8,13,Over
3,talk,98,8,11,Over
3,talk,99,8,8,REQUEST Agent[02] (DIVINATION Agent[04])
3,talk,100,8,14,VOTE Agent[13]
3,talk,101,8,6,VOTE Agent[12]
3,talk,102,8,9,VOTE Agent[12]
3,talk,103,8,2,Over
3,talk,104,8,12,Over
3,talk,105,8,10,Over
3,talk,106,8,3,ESTIMATE Agent[01] VILLAGER
3,talk,107,8,1,Over
3,talk,108,9,1,Over
3,talk,109,9,9,VOTE Agent[12]
3,talk,110,9,13,Over
3,talk,111,9,6,VOTE Agent[12]
3,talk,112,9,14,Over
3,talk,113,9,11,Over
3,talk,114,9,8,REQUEST Agent[02] (DIVINATION Agent[04])
3,talk,115,9,2,Over
3,talk,116,9,12,Over
3,talk,117,9,10,Over
3,talk,118,9,7,Over
3,talk,119,9,3,Over
3,talk,120,10,7,Over
3,talk,121,10,12,Over
3,talk,122,10,14,Over
3,talk,123,10,6,Over
3,talk,124,10,11,Over
3,talk,125,10,1,Over
3,talk,126,10,13,Over
3,talk,127,10,9,Over
3,talk,128,10,8,Over
3,talk,129,10,10,Over
3,talk,130,10,2,Over
3,talk,131,10,3,Over
3,vote,1,12
3,vote,2,13
3,vote,3,8
3,vote,6,12
3,vote,7,1
3,vote,8,2
3,vote,9,12
3,vote,10,8
3,vote,11,12
3,vote,12,3
3,vote,13,8
3,vote,14,13
3,execute,12,SEER
3,whisper,0,0,13,ATTACK Agent[08]
3,whisper,1,0,7,Skip
3,whisper,2,1,7,Skip
3,whisper,3,1,13,Skip
3,whisper,4,2,13,Skip
3,whisper,5,2,7,Over
3,whisper,6,3,7,Over
3,whisper,7,3,13,Over
3,guard,10,11,MEDIUM
3,attackVote,13,8
3,attack,8,true
4,status,1,VILLAGER,ALIVE,takeda
4,status,2,POSSESSED,ALIVE,Udon
4,status,3,VILLAGER,ALIVE,wasabi
4,status,4,WEREWOLF,DEAD,simipu
4,status,5,VILLAGER,DEAD,Sashimi
4,status,6,VILLAGER,ALIVE,J0hnDoe
4,status,7,WEREWOLF,ALIVE,PaSeRi
4,status,8,VILLAGER,DEAD,Camellia
4,status,9,VILLAGER,ALIVE,Tomo
4,status,10,BODYGUARD,ALIVE,Tomato
4,status,11,MEDIUM,ALIVE,cube
4,status,12,SEER,DEAD,daisyo
4,status,13,WEREWOLF,ALIVE,FoxuFoxu
4,status,14,VILLAGER,ALIVE,HALU
4,status,15,VILLAGER,DEAD,otsuki
4,talk,0,0,6,VOTE Agent[13]
4,talk,1,0,14,VOTE Agent[13]
4,talk,2,0,9,VOTE Agent[13]
4,talk,3,0,1,VOTE Agent[13]
4,talk,4,0,11,IDENTIFIED Agent[12] HUMAN
4,talk,5,0,13,Skip
4,talk,6,0,3,ESTIMATE Agent[01] VILLAGER
4,talk,7,0,10,VOTE Agent[03]
4,talk,8,0,7,Skip
4,talk,9,0,2,DIVINED Agent[13] HUMAN
4,talk,10,1,2,VOTE Agent[01]
4,talk,11,1,3,ESTIMATE Agent[07] VILLAGER
4,talk,12,1,9,VOTE Agent[13]
4,talk,13,1,10,Skip
4,talk,14,1,11,VOTE Agent[03]
4,talk,15,1,7,Skip
4,talk,16,1,14,VOTE Agent[01]
4,talk,17,1,1,VOTE Agent[02]
4,talk,18,1,13,Skip
4,talk,19,1,6,VOTE Agent[03]
4,talk,20,2,2,Over
4,talk,21,2,13,Over
4,talk,22,2,11,Skip
4,talk,23,2,7,Over
4,talk,24,2,9,VOTE Agent[03]
4,talk,25,2,3,ESTIMATE Agent[02] WEREWOLF
4,talk,26,2,6,VOTE Agent[03]
4,talk,27,2,10,Skip
4,talk,28,2,1,Skip
4,talk,29,2,14,VOTE Agent[01]
4,talk,30,3,10,Over
4,talk,31,3,14,VOTE Agent[01]
4,talk,32,3,2,Over
4,talk,33,3,11,Skip
4,talk,34,3,3,VOTE Agent[11]
4,talk,35,3,7,Over
4,talk,36,3,13,Over
4,talk,37,3,1,Skip
4,talk,38,3,6,VOTE Agent[03]
4,talk,39,3,9,VOTE Agent[03]
4,talk,40,4,6,VOTE Agent[03]
4,talk,41,4,10,VOTE Agent[07]
4,talk,42,4,1,Over
4,talk,43,4,3,ESTIMATE Agent[01] VILLAGER
4,talk,44,4,2,Over
4,talk,45,4,9,VOTE Agent[03]
4,talk,46,4,7,Over
4,talk,47,4,11,Over
4,talk,48,4,13,Over
4,talk,49,4,14,VOTE Agent[01]
4,talk,50,5,9,VOTE Agent[03]
4,talk,51,5,14,VOTE Agent[01]
4,talk,52,5,13,Over
4,talk,53,5,7,Over
4,talk,54,5,11,Over
4,talk,55,5,1,Over
4,talk,56,5,3,ESTIMATE Agent[06] VILLAGER
4,talk,57,5,2,Over
4,talk,58,5,6,VOTE Agent[03]
4,talk,59,5,10,Skip
4,talk,60,6,7,Over
4,talk,61,6,3,Skip
4,talk,62,6,9,VOTE Agent[03]
4,talk,63,6,13,Over
4,talk,64,6,2,Over
4,talk,65,6,1,Over
4,talk,66,6,6,VOTE Agent[03]
4,talk,67,6,10,Skip
4,talk,68,6,14,VOTE Agent[07]
4,talk,69,6,11,Over
4,talk,70,7,2,Over
4,talk,71,7,1,Over
4,talk,72,7,13,Over
4,talk,73,7,11,Over
4,talk,74,7,3,REQUEST ANY (VOTE Agent[11])
4,talk,75,7,7,Over
4,talk,76,7,14,VOTE Agent[01]
4,talk,77,7,10,Over
4,talk,78,7,6,VOTE Agent[03]
4,talk,79,7,9,VOTE Agent[03]
4,talk,80,8,2,Over
4,talk,81,8,10,Over
4,talk,82,8,14,VOTE Agent[07]
4,talk,83,8,13,Over
4,talk,84,8,9,VOTE Agent[03]
4,talk,85,8,3,ESTIMATE Agent[02] WEREWOLF
4,talk,86,8,7,Over
4,talk,87,8,6,VOTE Agent[03]
4,talk,88,8,1,Over
4,talk,89,8,11,Over
4,talk,90,9,2,Over
4,talk,91,9,7,Over
4,talk,92,9,13,Over
4,talk,93,9,6,VOTE Agent[03]
4,talk,94,9,9,VOTE Agent[03]
4,talk,95,9,10,Over
4,talk,96,9,14,Over
4,talk,97,9,11,Over
4,talk,98,9,3,Over
4,talk,99,9,1,Over
4,talk,100,10,1,Over
4,talk,101,10,6,Over
4,talk,102,10,11,Over
4,talk,103,10,13,Over
4,talk,104,10,3,Over
4,talk,105,10,9,Over
4,talk,106,10,2,Over
4,talk,107,10,14,Over
4,talk,108,10,7,Over
4,talk,109,10,10,Over
4,vote,1,2
4,vote,2,1
4,vote,3,11
4,vote,6,3
4,vote,7,14
4,vote,9,3
4,vote,10,7
4,vote,11,3
4,vote,13,14
4,vote,14,7
4,execute,3,VILLAGER
4,whisper,0,0,7,Skip
4,whisper,1,0,13,ATTACK Agent[14]
4,whisper,2,1,7,Skip
4,whisper,3,1,13,Skip
4,whisper,4,2,7,Over
4,whisper,5,2,13,Skip
4,whisper,6,3,7,Over
4,whisper,7,3,13,Over
4,guard,10,11,MEDIUM
4,attackVote,13,14
4,attack,14,true
5,status,1,VILLAGER,ALIVE,takeda
5,status,2,POSSESSED,ALIVE,Udon
5,status,3,VILLAGER,DEAD,wasabi
5,status,4,WEREWOLF,DEAD,simipu
5,status,5,VILLAGER,DEAD,Sashimi
5,status,6,VILLAGER,ALIVE,J0hnDoe
5,status,7,WEREWOLF,ALIVE,PaSeRi
5,status,8,VILLAGER,DEAD,Camellia
5,status,9,VILLAGER,ALIVE,Tomo
5,status,10,BODYGUARD,ALIVE,Tomato
5,status,11,MEDIUM,ALIVE,cube
5,status,12,SEER,DEAD,daisyo
5,status,13,WEREWOLF,ALIVE,FoxuFoxu
5,status,14,VILLAGER,DEAD,HALU
5,status,15,VILLAGER,DEAD,otsuki
5,talk,0,0,2,DIVINED Agent[13] HUMAN
5,talk,1,0,7,Skip
5,talk,2,0,9,VOTE Agent[01]
5,talk,3,0,6,VOTE Agent[07]
5,talk,4,0,13,Skip
5,talk,5,0,1,VOTE Agent[02]
5,talk,6,0,11,IDENTIFIED Agent[03] HUMAN
5,talk,7,0,10,VOTE Agent[02]
5,talk,8,1,1,VOTE Agent[13]
5,talk,9,1,2,VOTE Agent[06]
5,talk,10,1,6,VOTE Agent[07]
5,talk,11,1,9,VOTE Agent[01]
5,talk,12,1,10,VOTE Agent[11]
5,talk,13,1,13,Skip
5,talk,14,1,7,Skip
5,talk,15,1,11,VOTE Agent[07]
5,talk,16,2,10,VOTE Agent[02]
5,talk,17,2,7,Over
5,talk,18,2,1,VOTE Agent[07]
5,talk,19,2,2,Over
5,talk,20,2,9,VOTE Agent[07]
5,talk,21,2,11,Skip
5,talk,22,2,13,Over
5,talk,23,2,6,Skip
5,talk,24,3,9,Skip
5,talk,25,3,6,Skip
5,talk,26,3,13,Over
5,talk,27,3,7,Over
5,talk,28,3,2,Over
5,talk,29,3,10,Skip
5,talk,30,3,1,Skip
5,talk,31,3,11,Skip
5,talk,32,4,13,Over
5,talk,33,4,1,Skip
5,talk,34,4,6,Over
5,talk,35,4,11,Over
5,talk,36,4,9,Skip
5,talk,37,4,7,Over
5,talk,38,4,10,Skip
5,talk,39,4,2,Over
5,talk,40,5,9,Over
5,talk,41,5,7,Over
5,talk,42,5,6,Over
5,talk,43,5,2,Over
5,talk,44,5,11,Over
5,talk,45,5,1,Over
5,talk,46,5,13,Over
5,talk,47,5,10,Over
5,vote,1,7
5,vote,2,6
5,vote,6,7
5,vote,7,11
5,vote,9,7
5,vote,10,2
5,vote,11,7
5,vote,13,1
5,execute,7,WEREWOLF
5,guard,10,11,MEDIUM
5,attackVote,13,1
5,attack,1,true
6,status,1,VILLAGER,DEAD,takeda
6,status,2,POSSESSED,ALIVE,Udon
6,status,3,VILLAGER,DEAD,wasabi
6,status,4,WEREWOLF,DEAD,simipu
6,status,5,VILLAGER,DEAD,Sashimi
6,status,6,VILLAGER,ALIVE,J0hnDoe
6,status,7,WEREWOLF,DEAD,PaSeRi
6,status,8,VILLAGER,DEAD,Camellia
6,status,9,VILLAGER,ALIVE,Tomo
6,status,10,BODYGUARD,ALIVE,Tomato
6,status,11,MEDIUM,ALIVE,cube
6,status,12,SEER,DEAD,daisyo
6,status,13,WEREWOLF,ALIVE,FoxuFoxu
6,status,14,VILLAGER,DEAD,HALU
6,status,15,VILLAGER,DEAD,otsuki
6,talk,0,0,11,IDENTIFIED Agent[07] WEREWOLF
6,talk,1,0,13,Skip
6,talk,2,0,2,DIVINED Agent[06] HUMAN
6,talk,3,0,10,VOTE Agent[02]
6,talk,4,0,9,VOTE Agent[02]
6,talk,5,0,6,VOTE Agent[13]
6,talk,6,1,13,Skip
6,talk,7,1,6,VOTE Agent[13]
6,talk,8,1,11,VOTE Agent[13]
6,talk,9,1,9,VOTE Agent[02]
6,talk,10,1,10,Skip
6,talk,11,1,2,VOTE Agent[09]
6,talk,12,2,2,Over
6,talk,13,2,11,Skip
6,talk,14,2,10,Skip
6,talk,15,2,9,VOTE Agent[02]
6,talk,16,2,13,Over
6,talk,17,2,6,VOTE Agent[13]
6,talk,18,3,2,Over
6,talk,19,3,11,Skip
6,talk,20,3,13,Over
6,talk,21,3,10,Over
6,talk,22,3,9,VOTE Agent[02]
6,talk,23,3,6,VOTE Agent[13]
6,talk,24,4,10,Over
6,talk,25,4,2,Over
6,talk,26,4,13,Over
6,talk,27,4,11,Over
6,talk,28,4,9,VOTE Agent[02]
6,talk,29,4,6,VOTE Agent[13]
6,talk,30,5,9,VOTE Agent[02]
6,talk,31,5,13,Over
6,talk,32,5,11,Over
6,talk,33,5,2,Over
6,talk,34,5,10,Over
6,talk,35,5,6,VOTE Agent[13]
6,talk,36,6,6,VOTE Agent[13]
6,talk,37,6,10,Over
6,talk,38,6,11,Over
6,talk,39,6,13,Over
6,talk,40,6,9,VOTE Agent[02]
6,talk,41,6,2,Over
6,talk,42,7,13,Over
6,talk,43,7,6,VOTE Agent[13]
6,talk,44,7,11,Over
6,talk,45,7,10,Over
6,talk,46,7,2,Over
6,talk,47,7,9,VOTE Agent[02]
6,talk,48,8,10,Over
6,talk,49,8,13,Over
6,talk,50,8,2,Over
6,talk,51,8,11,Over
6,talk,52,8,9,VOTE Agent[02]
6,talk,53,8,6,VOTE Agent[13]
6,talk,54,9,11,Over
6,talk,55,9,9,VOTE Agent[02]
6,talk,56,9,10,Over
6,talk,57,9,13,Over
6,talk,58,9,2,Over
6,talk,59,9,6,VOTE Agent[13]
6,talk,60,10,2,Over
6,talk,61,10,11,Over
6,talk,62,10,9,Over
6,talk,63,10,13,Over
6,talk,64,10,6,Over
6,talk,65,10,10,Over
6,vote,2,9
6,vote,6,13
6,vote,9,13
6,vote,10,2
6,vote,11,13
6,vote,13,6
6,execute,13,WEREWOLF
6,guard,10,11,MEDIUM
7,status,1,VILLAGER,DEAD,takeda
7,status,2,POSSESSED,ALIVE,Udon
7,status,3,VILLAGER,DEAD,wasabi
7,status,4,WEREWOLF,DEAD,simipu
7,status,5,VILLAGER,DEAD,Sashimi
7,status,6,VILLAGER,ALIVE,J0hnDoe
7,status,7,WEREWOLF,DEAD,PaSeRi
7,status,8,VILLAGER,DEAD,Camellia
7,status,9,VILLAGER,ALIVE,Tomo
7,status,10,BODYGUARD,ALIVE,Tomato
7,status,11,MEDIUM,ALIVE,cube
7,status,12,SEER,DEAD,daisyo
7,status,13,WEREWOLF,DEAD,FoxuFoxu
7,status,14,VILLAGER,DEAD,HALU
7,status,15,VILLAGER,DEAD,otsuki
7,result,5,0,VILLAGER
