0,status,1,WEREWOLF,ALIVE,takeda
0,status,2,SEER,ALIVE,Udon
0,status,3,VILLAGER,ALIVE,wasabi
0,status,4,VILLAGER,ALIVE,simipu
0,status,5,WEREWOLF,ALIVE,Sashimi
0,status,6,VILLAGER,ALIVE,J0hnDoe
0,status,7,VILLAGER,ALIVE,PaSeRi
0,status,8,WEREWOLF,ALIVE,Camellia
0,status,9,VILLAGER,ALIVE,Tomo
0,status,10,POSSESSED,ALIVE,Tomato
0,status,11,VILLAGER,ALIVE,cube
0,status,12,BODYGUARD,ALIVE,daisyo
0,status,13,MEDIUM,ALIVE,FoxuFoxu
0,status,14,VILLAGER,ALIVE,HALU
0,status,15,VILLAGER,ALIVE,otsuki
0,whisper,0,0,1,Skip
0,whisper,1,0,5,Skip
0,whisper,2,0,8,ATTACK Agent[13]
0,whisper,3,1,5,Skip
0,whisper,4,1,8,Skip
0,whisper,5,1,1,Skip
0,whisper,6,2,1,Over
0,whisper,7,2,5,Over
0,whisper,8,2,8,Skip
0,whisper,9,3,5,Over
0,whisper,10,3,1,Over
0,whisper,11,3,8,Over
0,divine,2,15,HUMAN
1,status,1,WEREWOLF,ALIVE,takeda
1,status,2,SEER,ALIVE,Udon
1,status,3,VILLAGER,ALIVE,wasabi
1,status,4,VILLAGER,ALIVE,simipu
1,status,5,WEREWOLF,ALIVE,Sashimi
1,status,6,VILLAGER,ALIVE,J0hnDoe
1,status,7,VILLAGER,ALIVE,PaSeRi
1,status,8,WEREWOLF,ALIVE,Camellia
1,status,9,VILLAGER,ALIVE,Tomo
1,status,10,POSSESSED,ALIVE,Tomato
1,status,11,VILLAGER,ALIVE,cube
1,status,12,BODYGUARD,ALIVE,daisyo
1,status,13,MEDIUM,ALIVE,FoxuFoxu
1,status,14,VILLAGER,ALIVE,HALU
1,status,15,VILLAGER,ALIVE,otsuki
1,talk,0,0,3,ESTIMATE Agent[05] WEREWOLF
1,talk,1,0,14,VOTE Agent[12]
1,talk,2,0,4,VOTE Agent[05]
1,talk,3,0,8,Skip
1,talk,4,0,13,Skip
1,talk,5,0,5,VOTE Agent[12]
1,talk,6,0,10,COMINGOUT Agent[10] SEER
1,talk,7,0,1,COMINGOUT Agent[01] SEER
1,talk,8,0,6,VOTE Agent[05]
1,talk,9,0,7,Skip
1,talk,10,0,12,Skip
1,talk,11,0,11,VOTE Agent[05]
1,talk,12,0,15,Skip
1,talk,13,0,2,COMINGOUT Agent[02] SEER
1,talk,14,0,9,VOTE Agent[05]
1,talk,15,1,9,VOTE Agent[05]
1,talk,16,1,1,DIVINED Agent[10] WEREWOLF
1,talk,17,1,11,VOTE Agent[10]
1,talk,18,1,13,Skip
1,talk,19,1,6,VOTE Agent[10]
1,talk,20,1,10,DIVINED Agent[15] WEREWOLF
1,talk,21,1,3,ESTIMATE Agent[04] VILLAGER
1,talk,22,1,15,Skip
1,talk,23,1,8,Skip
1,talk,24,1,5,COMINGOUT Agent[05] MEDIUM
1,talk,25,1,4,VOTE Agent[05]
1,talk,26,1,12,VOTE Agent[10]
1,talk,27,1,2,DIVINED Agent[15] HUMAN
1,talk,28,1,14,VOTE Agent[10]
1,talk,29,1,7,Skip
1,talk,30,2,9,VOTE Agent[10]
1,talk,31,2,7,Over
1,talk,32,2,3,Skip
1,talk,33,2,4,VOTE Agent[10]
1,talk,34,2,2,VOTE Agent[03]
1,talk,35,2,6,VOTE Agent[08]
1,talk,36,2,10,VOTE Agent[15]
1,talk,37,2,8,Over
1,talk,38,2,15,ESTIMATE Agent[10] WEREWOLF
1,talk,39,2,5,VOTE Agent[06]
1,talk,40,2,11,VOTE Agent[01]
1,talk,41,2,13,Over
1,talk,42,2,14,VOTE Agent[01]
1,talk,43,2,1,VOTE Agent[10]
1,talk,44,2,12,Skip
1,talk,45,3,3,VOTE Agent[15]
1,talk,46,3,14,VOTE Agent[01]
1,talk,47,3,4,VOTE Agent[10]
1,talk,48,3,12,Skip
1,talk,49,3,15,VOTE Agent[10]
1,talk,50,3,13,Over
1,talk,51,3,6,VOTE Agent[08]
1,talk,52,3,8,Over
1,talk,53,3,7,Over
1,talk,54,3,2,Over
1,talk,55,3,9,VOTE Agent[10]
1,talk,56,3,5,VOTE Agent[06]
1,talk,57,3,10,Skip
1,talk,58,3,11,VOTE Agent[08]
1,talk,59,3,1,Skip
1,talk,60,4,15,REQUEST ANY (VOTE Agent[10])
1,talk,61,4,14,VOTE Agent[10]
1,talk,62,4,10,Skip
1,talk,63,4,3,ESTIMATE Agent[04] VILLAGER
1,talk,64,4,1,Skip
1,talk,65,4,12,Over
1,talk,66,4,9,VOTE Agent[10]
1,talk,67,4,2,Over
1,talk,68,4,11,VOTE Agent[08]
1,talk,69,4,8,Over
1,talk,70,4,5,VOTE Agent[11]
1,talk,71,4,4,VOTE Agent[10]
1,talk,72,4,13,Over
1,talk,73,4,7,Over
1,talk,74,4,6,VOTE Agent[08]
1,talk,75,5,10,Over
1,talk,76,5,8,Over
1,talk,77,5,15,Skip
1,talk,78,5,4,VOTE Agent[10]
1,talk,79,5,9,VOTE Agent[10]
1,talk,80,5,14,VOTE Agent[10]
1,talk,81,5,6,VOTE Agent[08]
1,talk,82,5,7,Over
1,talk,83,5,12,Over
1,talk,84,5,5,VOTE Agent[04]
1,talk,85,5,3,REQUEST ANY (VOTE Agent[15])
1,talk,86,5,11,VOTE Agent[08]
1,talk,87,5,2,Over
1,talk,88,5,1,Over
1,talk,89,5,13,Over
1,talk,90,6,4,VOTE Agent[10]
1,talk,91,6,6,VOTE Agent[08]
1,talk,92,6,13,Over
1,talk,93,6,14,VOTE Agent[10]
1,talk,94,6,7,Over
1,talk,95,6,8,Over
1,talk,96,6,15,Skip
1,talk,97,6,10,Over
1,talk,98,6,9,VOTE Agent[10]
1,talk,99,6,3,Skip
1,talk,100,6,2,Over
1,talk,101,6,5,VOTE Agent[04]
1,talk,102,6,1,Over
1,talk,103,6,12,Over
1,talk,104,6,11,VOTE Agent[08]
1,talk,105,7,8,Over
1,talk,106,7,14,VOTE Agent[10]
1,talk,107,7,6,VOTE Agent[08]
1,talk,108,7,2,Over
1,talk,109,7,7,Over
1,talk,110,7,13,Over
1,talk,111,7,12,Over
1,talk,112,7,1,Over
1,talk,113,7,15,Over
1,talk,114,7,5,VOTE Agent[01]
1,talk,115,7,9,VOTE Agent[10]
1,talk,116,7,10,Over
1,talk,117,7,3,Skip
1,talk,118,7,11,VOTE Agent[08]
1,talk,119,7,4,VOTE Agent[10]
1,talk,120,8,6,VOTE Agent[08]
1,talk,121,8,9,VOTE Agent[10]
1,talk,122,8,5,VOTE Agent[07]
1,talk,123,8,13,Over
1,talk,124,8,11,VOTE Agent[08]
1,talk,125,8,7,Over
1,talk,126,8,15,Over
1,talk,127,8,10,Over
1,talk,128,8,2,Over
1,talk,129,8,14,VOTE Agent[10]
1,talk,130,8,12,Over
1,talk,131,8,4,VOTE Agent[10]
1,talk,132,8,3,ESTIMATE Agent[12] VILLAGER
1,talk,133,8,1,Over
1,talk,134,8,8,Over
1,talk,135,9,4,VOTE Agent[10]
1,talk,136,9,8,Over
1,talk,137,9,5,VOTE Agent[15]
1,talk,138,9,14,Over
1,talk,139,9,2,Over
1,talk,140,9,6,VOTE Agent[08]
1,talk,141,9,10,Over
1,talk,142,9,3,Over
1,talk,143,9,15,Over
1,talk,144,9,11,VOTE Agent[08]
1,talk,145,9,12,Over
1,talk,146,9,13,Over
1,talk,147,9,1,Over
1,talk,148,9,9,VOTE Agent[10]
1,talk,149,9,7,Over
1,talk,150,10,7,Over
1,talk,151,10,12,Over
1,talk,152,10,6,Over
1,talk,153,10,5,Over
1,talk,154,10,14,Over
1,talk,155,10,13,Over
1,talk,156,10,1,Over
1,talk,157,10,4,Over
1,talk,158,10,3,Over
1,talk,159,10,2,Over
1,talk,160,10,15,Over
1,talk,161,10,9,Over
1,talk,162,10,11,Over
1,talk,163,10,10,Over
1,talk,164,10,8,Over
1,vote,1,10
1,vote,2,3
1,vote,3,15
1,vote,4,10
1,vote,5,1
1,vote,6,8
1,vote,7,11
1,vote,8,15
1,vote,9,10
1,vote,10,15
1,vote,11,8
1,vote,12,10
1,vote,13,9
1,vote,14,10
1,vote,15,10
1,execute,10,POSSESSED
1,divine,2,3,HUMAN
1,whisper,0,0,1,Skip
1,whisper,1,0,5,Skip
1,whisper,2,0,8,ATTACK Agent[02]
1,whisper,3,1,8,Skip
1,whisper,4,1,1,Skip
1,whisper,5,1,5,Skip
1,whisper,6,2,8,Skip
1,whisper,7,2,1,Over
1,whisper,8,2,5,Over
1,whisper,9,3,5,Over
1,whisper,10,3,8,Over
1,whisper,11,3,1,Over
1,guard,12,15,VILLAGER
1,attackVote,1,15
1,attackVote,8,2
1,attackVote,1,15
1,attackVote,8,2
1,attack,15,false
2,status,1,WEREWOLF,ALIVE,takeda
2,status,2,SEER,ALIVE,Udon
2,status,3,VILLAGER,ALIVE,wasabi
2,status,4,VILLAGER,ALIVE,simipu
2,status,5,WEREWOLF,ALIVE,Sashimi
2,status,6,VILLAGER,ALIVE,J0hnDoe
2,status,7,VILLAGER,ALIVE,PaSeRi
2,status,8,WEREWOLF,ALIVE,Camellia
2,status,9,VILLAGER,ALIVE,Tomo
2,status,10,POSSESSED,DEAD,Tomato
2,status,11,VILLAGER,ALIVE,cube
2,status,12,BODYGUARD,ALIVE,daisyo
2,status,13,MEDIUM,ALIVE,FoxuFoxu
2,status,14,VILLAGER,ALIVE,HALU
2,status,15,VILLAGER,ALIVE,otsuki
2,talk,0,0,14,VOTE Agent[02]
2,talk,1,0,5,ESTIMATE Agent[02] WEREWOLF
2,talk,2,0,12,VOTE Agent[08]
2,talk,3,0,1,DIVINED Agent[08] HUMAN
2,talk,4,0,4,VOTE Agent[02]
2,talk,5,0,15,Skip
2,talk,6,0,8,Skip
2,talk,7,0,7,Skip
2,talk,8,0,11,VOTE Agent[08]
2,talk,9,0,3,ESTIMATE Agent[04] VILLAGER
2,talk,10,0,9,VOTE Agent[02]
2,talk,11,0,2,DIVINED Agent[03] HUMAN
2,talk,12,0,13,Skip
2,talk,13,0,6,VOTE Agent[08]
2,talk,14,1,8,Skip
2,talk,15,1,1,VOTE Agent[13]
2,talk,16,1,2,VOTE Agent[07]
2,talk,17,1,9,VOTE Agent[02]
2,talk,18,1,4,VOTE Agent[02]
2,talk,19,1,11,VOTE Agent[08]
2,talk,20,1,7,Skip
2,talk,21,1,14,VOTE Agent[02]
2,talk,22,1,6,VOTE Agent[08]
2,talk,23,1,3,ESTIMATE Agent[02] WEREWOLF
2,talk,24,1,15,Skip
2,talk,25,1,13,Skip
2,talk,26,1,5,VOTE Agent[13]
2,talk,27,1,12,Skip
2,talk,28,2,8,Over
2,talk,29,2,7,Over
2,talk,30,2,15,ESTIMATE Agent[05] WEREWOLF
2,talk,31,2,12,Skip
2,talk,32,2,3,Skip
2,talk,33,2,4,VOTE Agent[02]
2,talk,34,2,1,Skip
2,talk,35,2,13,Over
2,talk,36,2,6,VOTE Agent[08]
2,talk,37,2,5,VOTE Agent[09]
2,talk,38,2,2,Over
2,talk,39,2,11,VOTE Agent[08]
2,talk,40,2,9,VOTE Agent[02]
2,talk,41,2,14,VOTE Agent[02]
2,talk,42,3,3,VOTE Agent[15]
2,talk,43,3,9,VOTE Agent[02]
2,talk,44,3,7,Over
2,talk,45,3,4,VOTE Agent[08]
2,talk,46,3,11,VOTE Agent[08]
2,talk,47,3,12,Over
2,talk,48,3,15,VOTE Agent[05]
2,talk,49,3,13,Over
2,talk,50,3,14,VOTE Agent[02]
2,talk,51,3,5,VOTE Agent[02]
2,talk,52,3,2,VOTE Agent[08]
2,talk,53,3,1,Skip
2,talk,54,3,6,VOTE Agent[08]
2,talk,55,3,8,Over
2,talk,56,4,14,VOTE Agent[02]
2,talk,57,4,5,VOTE Agent[08]
2,talk,58,4,8,Over
2,talk,59,4,6,VOTE Agent[08]
2,talk,60,4,4,VOTE Agent[08]
2,talk,61,4,9,VOTE Agent[08]
2,talk,62,4,11,Skip
2,talk,63,4,2,VOTE Agent[07]
2,talk,64,4,3,ESTIMATE Agent[02] WEREWOLF
2,talk,65,4,7,Over
2,talk,66,4,1,Over
2,talk,67,4,12,Over
2,talk,68,4,13,Over
2,talk,69,4,15,ESTIMATE Agent[08] WEREWOLF
2,talk,70,5,6,Skip
2,talk,71,5,14,VOTE Agent[01]
2,talk,72,5,7,Over
2,talk,73,5,13,Over
2,talk,74,5,15,VOTE Agent[08]
2,talk,75,5,5,VOTE Agent[11]
2,talk,76,5,2,Over
2,talk,77,5,3,ESTIMATE Agent[07] VILLAGER
2,talk,78,5,4,VOTE Agent[08]
2,talk,79,5,8,Over
2,talk,80,5,11,VOTE Agent[08]
2,talk,81,5,12,Over
2,talk,82,5,1,Over
2,talk,83,5,9,VOTE Agent[08]
2,talk,84,6,5,VOTE Agent[08]
2,talk,85,6,11,Skip
2,talk,86,6,7,Over
2,talk,87,6,4,Skip
2,talk,88,6,14,VOTE Agent[01]
2,talk,89,6,6,Skip
2,talk,90,6,15,REQUEST ANY (VOTE Agent[08])
2,talk,91,6,3,ESTIMATE Agent[08] VILLAGER
2,talk,92,6,2,Over
2,talk,93,6,12,Over
2,talk,94,6,8,REQUEST ANY (VOTE Agent[15])
2,talk,95,6,1,VOTE Agent[08]
2,talk,96,6,9,Skip
2,talk,97,6,13,Over
2,talk,98,7,7,Over
2,talk,99,7,2,Over
2,talk,100,7,15,Skip
2,talk,101,7,6,Over
2,talk,102,7,11,Skip
2,talk,103,7,8,Skip
2,talk,104,7,3,ESTIMATE Agent[02] WEREWOLF
2,talk,105,7,13,Over
2,talk,106,7,1,Skip
2,talk,107,7,9,Skip
2,talk,108,7,5,VOTE Agent[09]
2,talk,109,7,4,Skip
2,talk,110,7,14,VOTE Agent[02]
2,talk,111,7,12,Over
2,talk,112,8,9,Over
2,talk,113,8,7,Over
2,talk,114,8,12,Over
2,talk,115,8,13,Over
2,talk,116,8,15,Skip
2,talk,117,8,4,Over
2,talk,118,8,1,Skip
2,talk,119,8,2,Over
2,talk,120,8,3,ESTIMATE Agent[14] VILLAGER
2,talk,121,8,8,Skip
2,talk,122,8,11,Over
2,talk,123,8,5,VOTE Agent[13]
2,talk,124,8,6,Over
2,talk,125,8,14,VOTE Agent[02]
2,talk,126,9,8,Over
2,talk,127,9,3,Over
2,talk,128,9,9,Over
2,talk,129,9,7,Over
2,talk,130,9,1,Over
2,talk,131,9,11,Over
2,talk,132,9,4,Over
2,talk,133,9,6,Over
2,talk,134,9,14,Over
2,talk,135,9,13,Over
2,talk,136,9,5,VOTE Agent[02]
2,talk,137,9,12,Over
2,talk,138,9,2,Over
2,talk,139,9,15,Over
2,talk,140,10,14,Over
2,talk,141,10,13,Over
2,talk,142,10,8,Over
2,talk,143,10,1,Over
2,talk,144,10,9,Over
2,talk,145,10,15,Over
2,talk,146,10,12,Over
2,talk,147,10,2,Over
2,talk,148,10,7,Over
2,talk,149,10,6,Over
2,talk,150,10,4,Over
2,talk,151,10,3,Over
2,talk,152,10,11,Over
2,talk,153,10,5,Over
2,vote,1,8
2,vote,2,7
2,vote,3,15
2,vote,4,8
2,vote,5,1
2,vote,6,8
2,vote,7,13
2,vote,8,7
2,vote,9,8
2,vote,11,8
2,vote,12,8
2,vote,13,2
2,vote,14,2
2,vote,15,8
2,execute,8,WEREWOLF
2,divine,2,13,HUMAN
2,whisper,0,0,5,Skip
2,whisper,1,0,1,Skip
2,whisper,2,1,5,Skip
2,whisper,3,1,1,Skip
2,whisper,4,2,5,Over
2,whisper,5,2,1,Over
2,guard,12,15,VILLAGER
2,attackVote,1,15
2,attack,15,false
3,status,1,WEREWOLF,ALIVE,takeda
3,status,2,SEER,ALIVE,Udon
3,status,3,VILLAGER,ALIVE,wasabi
3,status,4,VILLAGER,ALIVE,simipu
3,status,5,WEREWOLF,ALIVE,Sashimi
3,status,6,VILLAGER,ALIVE,J0hnDoe
3,status,7,VILLAGER,ALIVE,PaSeRi
3,status,8,WEREWOLF,DEAD,Camellia
3,status,9,VILLAGER,ALIVE,Tomo
3,status,10,POSSESSED,DEAD,Tomato
3,status,11,VILLAGER,ALIVE,cube
3,status,12,BODYGUARD,ALIVE,daisyo
3,status,13,MEDIUM,ALIVE,FoxuFoxu
3,status,14,VILLAGER,ALIVE,HALU
3,status,15,VILLAGER,ALIVE,otsuki
3,talk,0,0,5,VOTE Agent[15]
3,talk,1,0,3,ESTIMATE Agent[02] WEREWOLF
3,talk,2,0,14,VOTE Agent[01]
3,talk,3,0,15,Skip
3,talk,4,0,9,VOTE Agent[01]
3,talk,5,0,13,COMINGOUT Agent[13] MEDIUM
3,talk,6,0,2,DIVINED Agent[13] HUMAN
3,talk,7,0,4,VOTE Agent[01]
3,talk,8,0,11,VOTE Agent[01]
3,talk,9,0,6,VOTE Agent[01]
3,talk,10,0,12,VOTE Agent[01]
3,talk,11,0,1,DIVINED Agent[13] WEREWOLF
3,talk,12,0,7,Skip
3,talk,13,1,6,VOTE Agent[01]
3,talk,14,1,4,VOTE Agent[01]
3,talk,15,1,9,VOTE Agent[01]
3,talk,16,1,1,VOTE Agent[13]
3,talk,17,1,5,VOTE Agent[02]
3,talk,18,1,13,DAY 3 (IDENTIFIED Agent[08] WEREWOLF)
3,talk,19,1,11,VOTE Agent[01]
3,talk,20,1,3,ESTIMATE Agent[04] VILLAGER
3,talk,21,1,14,VOTE Agent[02]
3,talk,22,1,15,Skip
3,talk,23,1,2,VOTE Agent[13]
3,talk,24,1,12,Skip
3,talk,25,1,7,Skip
3,talk,26,2,4,VOTE Agent[01]
3,talk,27,2,11,VOTE Agent[05]
3,talk,28,2,12,VOTE Agent[05]
3,talk,29,2,1,Skip
3,talk,30,2,2,Over
3,talk,31,2,6,VOTE Agent[05]
3,talk,32,2,7,Over
3,talk,33,2,9,VOTE Agent[02]
3,talk,34,2,15,ESTIMATE Agent[05] WEREWOLF
3,talk,35,2,14,VOTE Agent[01]
3,talk,36,2,5,VOTE Agent[01]
3,talk,37,2,13,DAY 2 (IDENTIFIED Agent[10] HUMAN)
3,talk,38,2,3,ESTIMATE Agent[01] WEREWOLF
3,talk,39,3,9,VOTE Agent[01]
3,talk,40,3,13,Skip
3,talk,41,3,12,VOTE Agent[01]
3,talk,42,3,11,VOTE Agent[05]
3,talk,43,3,14,VOTE Agent[01]
3,talk,44,3,15,ESTIMATE Agent[01] WEREWOLF
3,talk,45,3,6,VOTE Agent[05]
3,talk,46,3,3,VOTE Agent[13]
3,talk,47,3,7,Over
3,talk,48,3,2,Over
3,talk,49,3,4,VOTE Agent[01]
3,talk,50,3,5,VOTE Agent[03]
3,talk,51,3,1,Skip
3,talk,52,4,14,VOTE Agent[01]
3,talk,53,4,4,VOTE Agent[01]
3,talk,54,4,13,Skip
3,talk,55,4,9,VOTE Agent[01]
3,talk,56,4,6,VOTE Agent[05]
3,talk,57,4,1,Over
3,talk,58,4,15,ESTIMATE Agent[05] WEREWOLF
3,talk,59,4,2,Over
3,talk,60,4,11,VOTE Agent[05]
3,talk,61,4,5,VOTE Agent[01]
3,talk,62,4,3,ESTIMATE Agent[13] WEREWOLF
3,talk,63,4,7,Over
3,talk,64,4,12,Skip
3,talk,65,5,6,VOTE Agent[05]
3,talk,66,5,9,VOTE Agent[01]
3,talk,67,5,4,VOTE Agent[01]
3,talk,68,5,14,VOTE Agent[01]
3,talk,69,5,12,Skip
3,talk,70,5,3,REQUEST ANY (VOTE Agent[13])
3,talk,71,5,13,Over
3,talk,72,5,15,ESTIMATE Agent[01] WEREWOLF
3,talk,73,5,5,VOTE Agent[12]
3,talk,74,5,7,Over
3,talk,75,5,2,VOTE Agent[05]
3,talk,76,5,11,VOTE Agent[05]
3,talk,77,5,1,Over
3,talk,78,6,14,VOTE Agent[01]
3,talk,79,6,5,VOTE Agent[14]
3,talk,80,6,1,Over
3,talk,81,6,7,Over
3,talk,82,6,4,VOTE Agent[01]
3,talk,83,6,13,Over
3,talk,84,6,3,Skip
3,talk,85,6,11,VOTE Agent[05]
3,talk,86,6,2,Over
3,talk,87,6,12,Over
3,talk,88,6,15,ESTIMATE Agent[05] WEREWOLF
3,talk,89,6,9,VOTE Agent[01]
3,talk,90,6,6,VOTE Agent[05]
3,talk,91,7,5,VOTE Agent[01]
3,talk,92,7,1,Over
3,talk,93,7,11,VOTE Agent[05]
3,talk,94,7,13,Over
3,talk,95,7,12,Over
3,talk,96,7,4,VOTE Agent[01]
3,talk,97,7,9,VOTE Agent[01]
3,talk,98,7,14,VOTE Agent[01]
3,talk,99,7,6,VOTE Agent[05]
3,talk,100,7,3,ESTIMATE Agent[12] VILLAGER
3,talk,101,7,2,Over
3,talk,102,7,15,ESTIMATE Agent[01] WEREWOLF
3,talk,103,7,7,Over
3,talk,104,8,12,Over
3,talk,105,8,3,ESTIMATE Agent[09] VILLAGER
3,talk,106,8,7,Over
3,talk,107,8,5,VOTE Agent[14]
3,talk,108,8,9,VOTE Agent[01]
3,talk,109,8,4,VOTE Agent[01]
3,talk,110,8,1,Over
3,talk,111,8,13,Over
3,talk,112,8,2,Over
3,talk,113,8,11,VOTE Agent[05]
3,talk,114,8,6,VOTE Agent[05]
3,talk,115,8,14,VOTE Agent[01]
3,talk,116,8,15,ESTIMATE Agent[05] WEREWOLF
3,talk,117,9,12,Over
3,talk,118,9,1,Over
3,talk,119,9,6,VOTE Agent[05]
3,talk,120,9,14,Over
3,talk,121,9,7,Over
3,talk,122,9,5,ESTIMATE Agent[02] WEREWOLF
3,talk,123,9,9,VOTE Agent[01]
3,talk,124,9,2,Over
3,talk,125,9,4,VOTE Agent[01]
3,talk,126,9,11,VOTE Agent[05]
3,talk,127,9,3,Over
3,talk,128,9,13,Over
3,talk,129,9,15,VOTE Agent[05]
3,talk,130,10,9,Over
3,talk,131,10,12,Over
3,talk,132,10,11,Over
3,talk,133,10,13,Over
3,talk,134,10,15,REQUEST ANY (VOTE Agent[05])
3,talk,135,10,2,Over
3,talk,136,10,7,Over
3,talk,137,10,6,Over
3,talk,138,10,1,Over
3,talk,139,10,3,Over
3,talk,140,10,14,Over
3,talk,141,10,4,Over
3,talk,142,10,5,Over
3,talk,143,11,6,Over
3,talk,144,11,15,Skip
3,talk,145,11,12,Over
3,talk,146,11,1,Over
3,talk,147,11,4,Over
3,talk,148,11,5,Over
3,talk,149,11,11,Over
3,talk,150,11,14,Over
3,talk,151,11,9,Over
3,talk,152,11,7,Over
3,talk,153,11,2,Over
3,talk,154,11,13,Over
3,talk,155,11,3,Over
3,talk,156,12,15,Skip
3,talk,157,12,9,Over
3,talk,158,12,4,Over
3,talk,159,12,2,Over
3,talk,160,12,11,Over
3,talk,161,12,3,Over
3,talk,162,12,14,Over
3,talk,163,12,6,Over
3,talk,164,12,7,Over
3,talk,165,12,12,Over
3,talk,166,12,5,Over
3,talk,167,12,1,Over
3,talk,168,12,13,Over
3,talk,169,13,2,Over
3,talk,170,13,12,Over
3,talk,171,13,4,Over
3,talk,172,13,15,Over
3,talk,173,13,14,Over
3,talk,174,13,11,Over
3,talk,175,13,5,Over
3,talk,176,13,3,Over
3,talk,177,13,13,Over
3,talk,178,13,7,Over
3,talk,179,13,1,Over
3,talk,180,13,9,Over
3,talk,181,13,6,Over
3,vote,1,13
3,vote,2,5
3,vote,3,13
3,vote,4,1
3,vote,5,1
3,vote,6,5
3,vote,7,14
3,vote,9,5
3,vote,11,5
3,vote,12,1
3,vote,13,7
3,vote,14,1
3,vote,15,5
3,execute,5,WEREWOLF
3,divine,2,7,HUMAN
3,guard,12,15,VILLAGER
3,attackVote,1,15
3,attack,15,false
4,status,1,WEREWOLF,ALIVE,takeda
4,status,2,SEER,ALIVE,Udon
4,status,3,VILLAGER,ALIVE,wasabi
4,status,4,VILLAGER,ALIVE,simipu
4,status,5,WEREWOLF,DEAD,Sashimi
4,status,6,VILLAGER,ALIVE,J0hnDoe
4,status,7,VILLAGER,ALIVE,PaSeRi
4,status,8,WEREWOLF,DEAD,Camellia
4,status,9,VILLAGER,ALIVE,Tomo
4,status,10,POSSESSED,DEAD,Tomato
4,status,11,VILLAGER,ALIVE,cube
4,status,12,BODYGUARD,ALIVE,daisyo
4,status,13,MEDIUM,ALIVE,FoxuFoxu
4,status,14,VILLAGER,ALIVE,HALU
4,status,15,VILLAGER,ALIVE,otsuki
4,talk,0,0,13,COMINGOUT Agent[13] MEDIUM
4,talk,1,0,6,VOTE Agent[01]
4,talk,2,0,2,DIVINED Agent[07] HUMAN
4,talk,3,0,1,DIVINED Agent[07] WEREWOLF
4,talk,4,0,3,ESTIMATE Agent[13] WEREWOLF
4,talk,5,0,4,VOTE Agent[01]
4,talk,6,0,9,VOTE Agent[01]
4,talk,7,0,11,VOTE Agent[01]
4,talk,8,0,12,VOTE Agent[01]
4,talk,9,0,7,Skip
4,talk,10,0,15,Skip
4,talk,11,0,14,VOTE Agent[01]
4,talk,12,1,11,Skip
4,talk,13,1,15,Skip
4,talk,14,1,14,VOTE Agent[01]
4,talk,15,1,9,Skip
4,talk,16,1,4,Skip
4,talk,17,1,6,Skip
4,talk,18,1,3,ESTIMATE Agent[12] VILLAGER
4,talk,19,1,7,Skip
4,talk,20,1,13,DAY 4 (IDENTIFIED Agent[05] WEREWOLF)
4,talk,21,1,1,VOTE Agent[07]
4,talk,22,1,12,Skip
4,talk,23,1,2,VOTE Agent[03]
4,talk,24,2,13,DAY 3 (IDENTIFIED Agent[08] WEREWOLF)
4,talk,25,2,7,Over
4,talk,26,2,12,Skip
4,talk,27,2,1,VOTE Agent[07]
4,talk,28,2,2,Over
4,talk,29,2,14,VOTE Agent[01]
4,talk,30,2,15,VOTE Agent[01]
4,talk,31,2,4,Skip
4,talk,32,2,6,Skip
4,talk,33,2,11,Skip
4,talk,34,2,3,ESTIMATE Agent[04] VILLAGER
4,talk,35,2,9,Skip
4,talk,36,3,6,Over
4,talk,37,3,12,Over
4,talk,38,3,2,Over
4,talk,39,3,15,REQUEST ANY (VOTE Agent[01])
4,talk,40,3,14,VOTE Agent[01]
4,talk,41,3,11,Over
4,talk,42,3,7,Over
4,talk,43,3,4,Over
4,talk,44,3,9,Over
4,talk,45,3,13,DAY 2 (IDENTIFIED Agent[10] HUMAN)
4,talk,46,3,3,VOTE Agent[13]
4,talk,47,3,1,VOTE Agent[07]
4,talk,48,4,7,Over
4,talk,49,4,11,Over
4,talk,50,4,2,VOTE Agent[01]
4,talk,51,4,15,Skip
4,talk,52,4,14,VOTE Agent[01]
4,talk,53,4,6,Over
4,talk,54,4,12,Over
4,talk,55,4,1,VOTE Agent[07]
4,talk,56,4,13,Skip
4,talk,57,4,9,Over
4,talk,58,4,4,Over
4,talk,59,4,3,ESTIMATE Agent[01] WEREWOLF
4,talk,60,5,9,Over
4,talk,61,5,13,Skip
4,talk,62,5,2,Over
4,talk,63,5,1,VOTE Agent[07]
4,talk,64,5,11,Over
4,talk,65,5,14,VOTE Agent[01]
4,talk,66,5,7,Over
4,talk,67,5,6,Over
4,talk,68,5,4,Over
4,talk,69,5,15,Skip
4,talk,70,5,3,ESTIMATE Agent[02] WEREWOLF
4,talk,71,5,12,Over
4,talk,72,6,1,VOTE Agent[07]
4,talk,73,6,12,Over
4,talk,74,6,4,Over
4,talk,75,6,3,ESTIMATE Agent[04] VILLAGER
4,talk,76,6,15,Over
4,talk,77,6,6,Over
4,talk,78,6,13,Over
4,talk,79,6,7,Over
4,talk,80,6,9,Over
4,talk,81,6,11,Over
4,talk,82,6,2,Over
4,talk,83,6,14,VOTE Agent[01]
4,talk,84,7,13,Over
4,talk,85,7,15,Over
4,talk,86,7,7,Over
4,talk,87,7,2,Over
4,talk,88,7,6,Over
4,talk,89,7,12,Over
4,talk,90,7,1,VOTE Agent[07]
4,talk,91,7,4,Over
4,talk,92,7,14,VOTE Agent[01]
4,talk,93,7,9,Over
4,talk,94,7,3,ESTIMATE Agent[12] VILLAGER
4,talk,95,7,11,Over
4,talk,96,8,3,Skip
4,talk,97,8,6,Over
4,talk,98,8,11,Over
4,talk,99,8,14,VOTE Agent[01]
4,talk,100,8,1,VOTE Agent[07]
4,talk,101,8,9,Over
4,talk,102,8,2,Over
4,talk,103,8,13,Over
4,talk,104,8,12,Over
4,talk,105,8,15,Over
4,talk,106,8,4,Over
4,talk,107,8,7,Over
4,talk,108,9,1,VOTE Agent[07]
4,talk,109,9,15,Over
4,talk,110,9,13,Over
4,talk,111,9,12,Over
4,talk,112,9,2,Over
4,talk,113,9,14,Over
4,talk,114,9,3,Over
4,talk,115,9,4,Over
4,talk,116,9,6,Over
4,talk,117,9,9,Over
4,talk,118,9,7,Over
4,talk,119,9,11,Over
4,talk,120,10,2,Over
4,talk,121,10,1,Over
4,talk,122,10,15,Over
4,talk,123,10,4,Over
4,talk,124,10,12,Over
4,talk,125,10,14,Over
4,talk,126,10,7,Over
4,talk,127,10,3,Over
4,talk,128,10,13,Over
4,talk,129,10,11,Over
4,talk,130,10,9,Over
4,talk,131,10,6,Over
4,vote,1,7
4,vote,2,1
4,vote,3,13
4,vote,4,1
4,vote,6,1
4,vote,7,12
4,vote,9,1
4,vote,11,1
4,vote,12,1
4,vote,13,7
4,vote,14,1
4,vote,15,1
4,execute,1,WEREWOLF
4,divine,2,3,HUMAN
4,guard,12,15,VILLAGER
5,status,1,WEREWOLF,DEAD,takeda
5,status,2,SEER,ALIVE,Udon
5,status,3,VILLAGER,ALIVE,wasabi
5,status,4,VILLAGER,ALIVE,simipu
5,status,5,WEREWOLF,DEAD,Sashimi
5,status,6,VILLAGER,ALIVE,J0hnDoe
5,status,7,VILLAGER,ALIVE,PaSeRi
5,status,8,WEREWOLF,DEAD,Camellia
5,status,9,VILLAGER,ALIVE,Tomo
5,status,10,POSSESSED,DEAD,Tomato
5,status,11,VILLAGER,ALIVE,cube
5,status,12,BODYGUARD,ALIVE,daisyo
5,status,13,MEDIUM,ALIVE,FoxuFoxu
5,status,14,VILLAGER,ALIVE,HALU
5,status,15,VILLAGER,ALIVE,otsuki
5,result,11,0,VILLAGER
