0,status,1,BODYGUARD,ALIVE,takeda
0,status,2,WEREWOLF,ALIVE,Udon
0,status,3,MEDIUM,ALIVE,wasabi
0,status,4,VILLAGER,ALIVE,simipu
0,status,5,VILLAGER,ALIVE,Sashimi
0,status,6,VILLAGER,ALIVE,J0hnDoe
0,status,7,SEER,ALIVE,PaSeRi
0,status,8,VILLAGER,ALIVE,Camellia
0,status,9,VILLAGER,ALIVE,Tomo
0,status,10,WEREWOLF,ALIVE,Tomato
0,status,11,VILLAGER,ALIVE,cube
0,status,12,VILLAGER,ALIVE,daisyo
0,status,13,VILLAGER,ALIVE,FoxuFoxu
0,status,14,POSSESSED,ALIVE,HALU
0,status,15,WEREWOLF,ALIVE,otsuki
0,whisper,0,0,10,COMINGOUT Agent[10] VILLAGER
0,whisper,1,0,2,Over
0,whisper,2,0,15,COMINGOUT Agent[15] VILLAGER
0,whisper,3,1,10,Skip
0,whisper,4,1,15,COMINGOUT Agent[15] SEER
0,whisper,5,1,2,Over
0,whisper,6,2,10,Skip
0,whisper,7,2,15,Skip
0,whisper,8,2,2,Over
0,whisper,9,3,15,Skip
0,whisper,10,3,2,Over
0,whisper,11,3,10,Over
0,whisper,12,4,15,Over
0,whisper,13,4,2,Over
0,whisper,14,4,10,Over
1,status,1,BODYGUARD,ALIVE,takeda
1,status,2,WEREWOLF,ALIVE,Udon
1,status,3,MEDIUM,ALIVE,wasabi
1,status,4,VILLAGER,ALIVE,simipu
1,status,5,VILLAGER,ALIVE,Sashimi
1,status,6,VILLAGER,ALIVE,J0hnDoe
1,status,7,SEER,ALIVE,PaSeRi
1,status,8,VILLAGER,ALIVE,Camellia
1,status,9,VILLAGER,ALIVE,Tomo
1,status,10,WEREWOLF,ALIVE,Tomato
1,status,11,VILLAGER,ALIVE,cube
1,status,12,VILLAGER,ALIVE,daisyo
1,status,13,VILLAGER,ALIVE,FoxuFoxu
1,status,14,POSSESSED,ALIVE,HALU
1,status,15,WEREWOLF,ALIVE,otsuki
1,talk,0,0,2,VOTE Agent[12]
1,talk,1,0,9,VOTE Agent[12]
1,talk,2,0,12,Skip
1,talk,3,0,13,Skip
1,talk,4,0,8,REQUEST ANY (COMINGOUT ANY SEER)
1,talk,5,0,11,VOTE Agent[12]
1,talk,6,0,4,VOTE Agent[12]
1,talk,7,0,6,VOTE Agent[12]
1,talk,8,0,14,COMINGOUT Agent[14] SEER
1,talk,9,0,7,Skip
1,talk,10,0,1,VOTE Agent[12]
1,talk,11,0,10,COMINGOUT Agent[10] VILLAGER
1,talk,12,0,5,VOTE Agent[11]
1,talk,13,0,15,COMINGOUT Agent[15] SEER
1,talk,14,0,3,COMINGOUT Agent[03] MEDIUM
1,talk,15,1,11,VOTE Agent[12]
1,talk,16,1,7,Skip
1,talk,17,1,8,Skip
1,talk,18,1,5,COMINGOUT Agent[05] SEER
1,talk,19,1,10,VOTE Agent[07]
1,talk,20,1,3,Skip
1,talk,21,1,4,VOTE Agent[12]
1,talk,22,1,9,VOTE Agent[12]
1,talk,23,1,2,Over
1,talk,24,1,15,DIVINED Agent[03] HUMAN
1,talk,25,1,6,VOTE Agent[14]
1,talk,26,1,1,VOTE Agent[10]
1,talk,27,1,13,Skip
1,talk,28,1,14,DIVINED Agent[15] WEREWOLF
1,talk,29,1,12,VOTE Agent[05]
1,talk,30,2,15,ESTIMATE Agent[05] WEREWOLF
1,talk,31,2,14,VOTE Agent[15]
1,talk,32,2,9,VOTE Agent[12]
1,talk,33,2,2,Over
1,talk,34,2,5,DIVINED Agent[15] WEREWOLF
1,talk,35,2,10,Skip
1,talk,36,2,6,VOTE Agent[05]
1,talk,37,2,7,Over
1,talk,38,2,8,REQUEST Agent[05] (DIVINATION Agent[15])
1,talk,39,2,12,Skip
1,talk,40,2,3,ESTIMATE Agent[14] WEREWOLF
1,talk,41,2,4,VOTE Agent[12]
1,talk,42,2,11,VOTE Agent[12]
1,talk,43,2,13,Over
1,talk,44,2,1,VOTE Agent[05]
1,talk,45,3,6,VOTE Agent[05]
1,talk,46,3,10,Skip
1,talk,47,3,12,Skip
1,talk,48,3,5,VOTE Agent[07]
1,talk,49,3,3,VOTE Agent[08]
1,talk,50,3,14,VOTE Agent[15]
1,talk,51,3,9,VOTE Agent[05]
1,talk,52,3,2,Over
1,talk,53,3,15,VOTE Agent[05]
1,talk,54,3,11,VOTE Agent[10]
1,talk,55,3,7,Over
1,talk,56,3,1,Skip
1,talk,57,3,13,Over
1,talk,58,3,8,REQUEST Agent[05] (DIVINATION Agent[15])
1,talk,59,3,4,VOTE Agent[05]
1,talk,60,4,13,Over
1,talk,61,4,7,Over
1,talk,62,4,2,VOTE Agent[07]
1,talk,63,4,1,Skip
1,talk,64,4,3,Skip
1,talk,65,4,6,VOTE Agent[05]
1,talk,66,4,5,VOTE Agent[03]
1,talk,67,4,10,Over
1,talk,68,4,14,VOTE Agent[05]
1,talk,69,4,8,REQUEST Agent[05] (DIVINATION Agent[15])
1,talk,70,4,9,VOTE Agent[05]
1,talk,71,4,11,VOTE Agent[10]
1,talk,72,4,12,Over
1,talk,73,4,4,VOTE Agent[05]
1,talk,74,4,15,REQUEST ANY (VOTE Agent[05])
1,talk,75,5,6,VOTE Agent[05]
1,talk,76,5,5,VOTE Agent[13]
1,talk,77,5,13,Over
1,talk,78,5,1,Over
1,talk,79,5,10,Over
1,talk,80,5,4,VOTE Agent[05]
1,talk,81,5,11,VOTE Agent[10]
1,talk,82,5,3,ESTIMATE Agent[14] WEREWOLF
1,talk,83,5,8,REQUEST Agent[05] (DIVINATION Agent[15])
1,talk,84,5,12,Over
1,talk,85,5,15,Skip
1,talk,86,5,9,VOTE Agent[05]
1,talk,87,5,2,VOTE Agent[13]
1,talk,88,5,7,Over
1,talk,89,5,14,VOTE Agent[05]
1,talk,90,6,9,VOTE Agent[05]
1,talk,91,6,11,VOTE Agent[10]
1,talk,92,6,8,REQUEST Agent[05] (DIVINATION Agent[15])
1,talk,93,6,2,Over
1,talk,94,6,1,Over
1,talk,95,6,3,ESTIMATE Agent[08] WEREWOLF
1,talk,96,6,14,VOTE Agent[05]
1,talk,97,6,13,Over
1,talk,98,6,10,Over
1,talk,99,6,5,VOTE Agent[11]
1,talk,100,6,7,Over
1,talk,101,6,6,VOTE Agent[05]
1,talk,102,6,15,Skip
1,talk,103,6,4,VOTE Agent[05]
1,talk,104,6,12,Over
1,talk,105,7,12,Over
1,talk,106,7,13,Over
1,talk,107,7,1,Over
1,talk,108,7,8,REQUEST Agent[05] (DIVINATION Agent[15])
1,talk,109,7,14,VOTE Agent[05]
1,talk,110,7,7,Over
1,talk,111,7,15,Over
1,talk,112,7,4,VOTE Agent[05]
1,talk,113,7,10,Over
1,talk,114,7,9,VOTE Agent[05]
1,talk,115,7,11,VOTE Agent[10]
1,talk,116,7,5,VOTE Agent[01]
1,talk,117,7,2,VOTE Agent[08]
1,talk,118,7,3,REQUEST ANY (VOTE Agent[08])
1,talk,119,7,6,VOTE Agent[05]
1,talk,120,8,14,VOTE Agent[05]
1,talk,121,8,13,Over
1,talk,122,8,5,VOTE Agent[11]
1,talk,123,8,2,VOTE Agent[11]
1,talk,124,8,10,Over
1,talk,125,8,9,VOTE Agent[05]
1,talk,126,8,8,REQUEST Agent[05] (DIVINATION Agent[15])
1,talk,127,8,6,VOTE Agent[05]
1,talk,128,8,3,Skip
1,talk,129,8,12,Over
1,talk,130,8,1,Over
1,talk,131,8,7,Over
1,talk,132,8,4,VOTE Agent[05]
1,talk,133,8,11,VOTE Agent[10]
1,talk,134,8,15,Over
1,talk,135,9,9,VOTE Agent[05]
1,talk,136,9,15,Over
1,talk,137,9,6,VOTE Agent[05]
1,talk,138,9,3,Over
1,talk,139,9,14,Over
1,talk,140,9,5,ESTIMATE Agent[15] WEREWOLF
1,talk,141,9,11,VOTE Agent[10]
1,talk,142,9,13,Over
1,talk,143,9,7,Over
1,talk,144,9,10,Over
1,talk,145,9,1,Over
1,talk,146,9,2,Over
1,talk,147,9,12,Over
1,talk,148,9,8,REQUEST Agent[05] (DIVINATION Agent[15])
1,talk,149,9,4,VOTE Agent[05]
1,talk,150,10,3,Over
1,talk,151,10,10,Over
1,talk,152,10,9,Over
1,talk,153,10,14,Over
1,talk,154,10,13,Over
1,talk,155,10,12,Over
1,talk,156,10,11,Over
1,talk,157,10,7,Over
1,talk,158,10,1,Over
1,talk,159,10,2,Over
1,talk,160,10,4,Over
1,talk,161,10,15,Over
1,talk,162,10,8,REQUEST Agent[05] (DIVINATION Agent[15])
1,talk,163,10,5,Over
1,talk,164,10,6,Over
1,talk,165,11,3,Over
1,talk,166,11,7,Over
1,talk,167,11,10,Over
1,talk,168,11,14,Over
1,talk,169,11,5,Over
1,talk,170,11,9,Over
1,talk,171,11,4,Over
1,talk,172,11,2,Over
1,talk,173,11,1,Over
1,talk,174,11,11,Over
1,talk,175,11,8,Over
1,talk,176,11,12,Over
1,talk,177,11,15,Over
1,talk,178,11,13,Over
1,talk,179,11,6,Over
1,vote,1,5
1,vote,2,11
1,vote,3,8
1,vote,4,5
1,vote,5,14
1,vote,6,5
1,vote,7,1
1,vote,8,15
1,vote,9,5
1,vote,10,7
1,vote,11,10
1,vote,12,5
1,vote,13,1
1,vote,14,5
1,vote,15,5
1,execute,5,VILLAGER
1,whisper,0,0,10,ATTACK Agent[14]
1,whisper,1,0,2,Over
1,whisper,2,0,15,ATTACK Agent[03]
1,whisper,3,1,10,Skip
1,whisper,4,1,2,Over
1,whisper,5,1,15,Skip
1,whisper,6,2,15,Skip
1,whisper,7,2,10,Skip
1,whisper,8,2,2,Over
1,whisper,9,3,2,Over
1,whisper,10,3,15,Over
1,whisper,11,3,10,Over
1,guard,1,15,WEREWOLF
1,attackVote,2,14
1,attackVote,10,14
1,attackVote,15,3
1,attack,14,true
2,status,1,BODYGUARD,ALIVE,takeda
2,status,2,WEREWOLF,ALIVE,Udon
2,status,3,MEDIUM,ALIVE,wasabi
2,status,4,VILLAGER,ALIVE,simipu
2,status,5,VILLAGER,DEAD,Sashimi
2,status,6,VILLAGER,ALIVE,J0hnDoe
2,status,7,SEER,ALIVE,PaSeRi
2,status,8,VILLAGER,ALIVE,Camellia
2,status,9,VILLAGER,ALIVE,Tomo
2,status,10,WEREWOLF,ALIVE,Tomato
2,status,11,VILLAGER,ALIVE,cube
2,status,12,VILLAGER,ALIVE,daisyo
2,status,13,VILLAGER,ALIVE,FoxuFoxu
2,status,14,POSSESSED,DEAD,HALU
2,status,15,WEREWOLF,ALIVE,otsuki
2,talk,0,0,6,VOTE Agent[10]
2,talk,1,0,8,REQUEST Agent[05] (DIVINATION Agent[15])
2,talk,2,0,10,VOTE Agent[01]
2,talk,3,0,9,VOTE Agent[01]
2,talk,4,0,7,Skip
2,talk,5,0,15,DIVINED Agent[14] HUMAN
2,talk,6,0,2,VOTE Agent[12]
2,talk,7,0,4,VOTE Agent[01]
2,talk,8,0,1,VOTE Agent[10]
2,talk,9,0,12,VOTE Agent[10]
2,talk,10,0,13,Skip
2,talk,11,0,3,IDENTIFIED Agent[05] HUMAN
2,talk,12,0,11,VOTE Agent[10]
2,talk,13,1,12,Skip
2,talk,14,1,2,Over
2,talk,15,1,11,VOTE Agent[10]
2,talk,16,1,8,REQUEST Agent[05] (DIVINATION Agent[15])
2,talk,17,1,7,Skip
2,talk,18,1,4,VOTE Agent[10]
2,talk,19,1,6,VOTE Agent[15]
2,talk,20,1,1,VOTE Agent[15]
2,talk,21,1,13,Skip
2,talk,22,1,15,Skip
2,talk,23,1,9,VOTE Agent[10]
2,talk,24,1,10,Skip
2,talk,25,1,3,ESTIMATE Agent[12] VILLAGER
2,talk,26,2,7,Over
2,talk,27,2,10,Skip
2,talk,28,2,6,VOTE Agent[15]
2,talk,29,2,3,ESTIMATE Agent[15] WEREWOLF
2,talk,30,2,8,REQUEST Agent[05] (DIVINATION Agent[15])
2,talk,31,2,13,Over
2,talk,32,2,15,VOTE Agent[04]
2,talk,33,2,12,Skip
2,talk,34,2,4,VOTE Agent[10]
2,talk,35,2,9,VOTE Agent[10]
2,talk,36,2,2,Over
2,talk,37,2,11,VOTE Agent[10]
2,talk,38,2,1,Skip
2,talk,39,3,11,VOTE Agent[10]
2,talk,40,3,1,Skip
2,talk,41,3,13,Over
2,talk,42,3,9,VOTE Agent[10]
2,talk,43,3,7,Over
2,talk,44,3,15,REQUEST ANY (VOTE Agent[04])
2,talk,45,3,10,Over
2,talk,46,3,4,VOTE Agent[10]
2,talk,47,3,12,Over
2,talk,48,3,6,VOTE Agent[15]
2,talk,49,3,2,VOTE Agent[10]
2,talk,50,3,8,REQUEST Agent[05] (DIVINATION Agent[15])
2,talk,51,3,3,VOTE Agent[08]
2,talk,52,4,8,REQUEST Agent[05] (DIVINATION Agent[15])
2,talk,53,4,6,VOTE Agent[15]
2,talk,54,4,4,VOTE Agent[10]
2,talk,55,4,11,VOTE Agent[10]
2,talk,56,4,13,Over
2,talk,57,4,12,Over
2,talk,58,4,1,Over
2,talk,59,4,3,Skip
2,talk,60,4,2,Over
2,talk,61,4,10,Over
2,talk,62,4,9,VOTE Agent[10]
2,talk,63,4,7,Over
2,talk,64,4,15,Skip
2,talk,65,5,12,Over
2,talk,66,5,2,Over
2,talk,67,5,15,Skip
2,talk,68,5,8,REQUEST Agent[05] (DIVINATION Agent[15])
2,talk,69,5,11,VOTE Agent[10]
2,talk,70,5,7,Over
2,talk,71,5,10,Over
2,talk,72,5,3,ESTIMATE Agent[15] WEREWOLF
2,talk,73,5,9,VOTE Agent[10]
2,talk,74,5,4,VOTE Agent[10]
2,talk,75,5,13,Over
2,talk,76,5,1,Over
2,talk,77,5,6,VOTE Agent[15]
2,talk,78,6,10,Over
2,talk,79,6,2,Over
2,talk,80,6,1,Over
2,talk,81,6,8,REQUEST Agent[05] (DIVINATION Agent[15])
2,talk,82,6,4,VOTE Agent[10]
2,talk,83,6,15,Over
2,talk,84,6,13,Over
2,talk,85,6,9,VOTE Agent[10]
2,talk,86,6,7,Over
2,talk,87,6,12,Over
2,talk,88,6,3,Skip
2,talk,89,6,11,VOTE Agent[10]
2,talk,90,6,6,VOTE Agent[15]
2,talk,91,7,9,VOTE Agent[10]
2,talk,92,7,4,VOTE Agent[10]
2,talk,93,7,11,VOTE Agent[10]
2,talk,94,7,12,Over
2,talk,95,7,13,Over
2,talk,96,7,1,Over
2,talk,97,7,8,REQUEST Agent[05] (DIVINATION Agent[15])
2,talk,98,7,3,Skip
2,talk,99,7,15,Over
2,talk,100,7,6,VOTE Agent[15]
2,talk,101,7,10,Over
2,talk,102,7,2,Over
2,talk,103,7,7,Over
2,talk,104,8,3,ESTIMATE Agent[08] WEREWOLF
2,talk,105,8,2,Over
2,talk,106,8,10,Over
2,talk,107,8,11,VOTE Agent[10]
2,talk,108,8,1,Over
2,talk,109,8,7,Over
2,talk,110,8,9,VOTE Agent[10]
2,talk,111,8,13,Over
2,talk,112,8,6,VOTE Agent[15]
2,talk,113,8,8,REQUEST Agent[05] (DIVINATION Agent[15])
2,talk,114,8,12,Over
2,talk,115,8,15,Over
2,talk,116,8,4,VOTE Agent[10]
2,talk,117,9,10,Over
2,talk,118,9,8,REQUEST Agent[05] (DIVINATION Agent[15])
2,talk,119,9,7,Over
2,talk,120,9,13,Over
2,talk,121,9,6,VOTE Agent[15]
2,talk,122,9,11,VOTE Agent[10]
2,talk,123,9,9,VOTE Agent[10]
2,talk,124,9,2,Over
2,talk,125,9,1,Over
2,talk,126,9,3,Over
2,talk,127,9,12,Over
2,talk,128,9,15,Over
2,talk,129,9,4,VOTE Agent[10]
2,talk,130,10,9,Over
2,talk,131,10,10,Over
2,talk,132,10,12,Over
2,talk,133,10,1,Over
2,talk,134,10,4,Over
2,talk,135,10,2,Over
2,talk,136,10,15,Over
2,talk,137,10,13,Over
2,talk,138,10,7,Over
2,talk,139,10,3,Over
2,talk,140,10,6,Over
2,talk,141,10,11,Over
2,talk,142,10,8,Over
2,vote,1,15
2,vote,2,10
2,vote,3,8
2,vote,4,10
2,vote,6,15
2,vote,7,6
2,vote,8,15
2,vote,9,10
2,vote,10,1
2,vote,11,10
2,vote,12,10
2,vote,13,11
2,vote,15,10
2,execute,10,WEREWOLF
2,whisper,0,0,15,ATTACK Agent[03]
2,whisper,1,0,2,Over
2,whisper,2,1,2,Over
2,whisper,3,1,15,Skip
2,whisper,4,2,15,Skip
2,whisper,5,2,2,Over
2,whisper,6,3,15,Over
2,whisper,7,3,2,Over
2,guard,1,3,MEDIUM
2,attackVote,2,3
2,attackVote,15,3
2,attack,3,false
3,status,1,BODYGUARD,ALIVE,takeda
3,status,2,WEREWOLF,ALIVE,Udon
3,status,3,MEDIUM,ALIVE,wasabi
3,status,4,VILLAGER,ALIVE,simipu
3,status,5,VILLAGER,DEAD,Sashimi
3,status,6,VILLAGER,ALIVE,J0hnDoe
3,status,7,SEER,ALIVE,PaSeRi
3,status,8,VILLAGER,ALIVE,Camellia
3,status,9,VILLAGER,ALIVE,Tomo
3,status,10,WEREWOLF,DEAD,Tomato
3,status,11,VILLAGER,ALIVE,cube
3,status,12,VILLAGER,ALIVE,daisyo
3,status,13,VILLAGER,ALIVE,FoxuFoxu
3,status,14,POSSESSED,DEAD,HALU
3,status,15,WEREWOLF,ALIVE,otsuki
3,talk,0,0,13,Skip
3,talk,1,0,15,DIVINED Agent[04] HUMAN
3,talk,2,0,9,VOTE Agent[01]
3,talk,3,0,4,VOTE Agent[01]
3,talk,4,0,2,VOTE Agent[12]
3,talk,5,0,7,Skip
3,talk,6,0,12,VOTE Agent[08]
3,talk,7,0,3,IDENTIFIED Agent[10] WEREWOLF
3,talk,8,0,1,VOTE Agent[15]
3,talk,9,0,8,REQUEST Agent[05] (DIVINATION Agent[15])
3,talk,10,0,6,VOTE Agent[15]
3,talk,11,0,11,VOTE Agent[02]
3,talk,12,1,6,VOTE Agent[15]
3,talk,13,1,9,VOTE Agent[01]
3,talk,14,1,2,Over
3,talk,15,1,1,Skip
3,talk,16,1,8,REQUEST Agent[05] (DIVINATION Agent[15])
3,talk,17,1,3,ESTIMATE Agent[15] WEREWOLF
3,talk,18,1,15,Skip
3,talk,19,1,7,Skip
3,talk,20,1,13,Skip
3,talk,21,1,11,VOTE Agent[02]
3,talk,22,1,12,Skip
3,talk,23,1,4,VOTE Agent[15]
3,talk,24,2,1,Skip
3,talk,25,2,9,VOTE Agent[15]
3,talk,26,2,13,Over
3,talk,27,2,4,VOTE Agent[15]
3,talk,28,2,8,REQUEST Agent[05] (DIVINATION Agent[15])
3,talk,29,2,3,ESTIMATE Agent[15] WEREWOLF
3,talk,30,2,2,Over
3,talk,31,2,11,VOTE Agent[02]
3,talk,32,2,6,VOTE Agent[15]
3,talk,33,2,7,Over
3,talk,34,2,15,VOTE Agent[07]
3,talk,35,2,12,Skip
3,talk,36,3,6,VOTE Agent[15]
3,talk,37,3,7,Over
3,talk,38,3,2,Over
3,talk,39,3,1,Over
3,talk,40,3,13,Over
3,talk,41,3,11,VOTE Agent[13]
3,talk,42,3,4,VOTE Agent[15]
3,talk,43,3,3,VOTE Agent[08]
3,talk,44,3,8,REQUEST Agent[05] (DIVINATION Agent[15])
3,talk,45,3,15,REQUEST ANY (VOTE Agent[07])
3,talk,46,3,12,Over
3,talk,47,3,9,VOTE Agent[15]
3,talk,48,4,8,REQUEST Agent[05] (DIVINATION Agent[15])
3,talk,49,4,11,VOTE Agent[02]
3,talk,50,4,12,Over
3,talk,51,4,3,Skip
3,talk,52,4,6,VOTE Agent[15]
3,talk,53,4,9,VOTE Agent[15]
3,talk,54,4,13,Over
3,talk,55,4,1,Over
3,talk,56,4,2,VOTE Agent[15]
3,talk,57,4,7,Over
3,talk,58,4,4,VOTE Agent[15]
3,talk,59,4,15,Skip
3,talk,60,5,7,Over
3,talk,61,5,9,VOTE Agent[15]
3,talk,62,5,15,Skip
3,talk,63,5,13,Over
3,talk,64,5,2,Over
3,talk,65,5,1,Over
3,talk,66,5,3,Skip
3,talk,67,5,12,Over
3,talk,68,5,6,VOTE Agent[15]
3,talk,69,5,8,REQUEST Agent[05] (DIVINATION Agent[15])
3,talk,70,5,11,VOTE Agent[02]
3,talk,71,5,4,VOTE Agent[15]
3,talk,72,6,4,VOTE Agent[15]
3,talk,73,6,2,Over
3,talk,74,6,1,Over
3,talk,75,6,6,VOTE Agent[15]
3,talk,76,6,12,Over
3,talk,77,6,13,Over
3,talk,78,6,7,Over
3,talk,79,6,11,VOTE Agent[02]
3,talk,80,6,15,Over
3,talk,81,6,3,ESTIMATE Agent[08] WEREWOLF
3,talk,82,6,9,VOTE Agent[15]
3,talk,83,6,8,REQUEST Agent[05] (DIVINATION Agent[15])
3,talk,84,7,9,VOTE Agent[15]
3,talk,85,7,4,VOTE Agent[15]
3,talk,86,7,11,VOTE Agent[02]
3,talk,87,7,13,Over
3,talk,88,7,6,VOTE Agent[15]
3,talk,89,7,15,Over
3,talk,90,7,1,Over
3,talk,91,7,12,Over
3,talk,92,7,7,Over
3,talk,93,7,2,Over
3,talk,94,7,3,ESTIMATE Agent[11] VILLAGER
3,talk,95,7,8,REQUEST Agent[05] (DIVINATION Agent[15])
3,talk,96,8,2,Over
3,talk,97,8,6,VOTE Agent[15]
3,talk,98,8,1,Over
3,talk,99,8,7,Over
3,talk,100,8,3,ESTIMATE Agent[15] WEREWOLF
3,talk,101,8,8,REQUEST Agent[05] (DIVINATION Agent[15])
3,talk,102,8,13,Over
3,talk,103,8,4,Skip
3,talk,104,8,15,Over
3,talk,105,8,11,VOTE Agent[02]
3,talk,106,8,9,Skip
3,talk,107,8,12,VOTE Agent[15]
3,talk,108,9,4,Skip
3,talk,109,9,1,Over
3,talk,110,9,13,Over
3,talk,111,9,6,Skip
3,talk,112,9,2,Over
3,talk,113,9,7,Over
3,talk,114,9,11,VOTE Agent[02]
3,talk,115,9,12,Skip
3,talk,116,9,8,REQUEST Agent[05] (DIVINATION Agent[15])
3,talk,117,9,9,Skip
3,talk,118,9,3,Over
3,talk,119,9,15,Over
3,talk,120,10,7,Over
3,talk,121,10,12,Skip
3,talk,122,10,1,Over
3,talk,123,10,3,Over
3,talk,124,10,9,Over
3,talk,125,10,13,Over
3,talk,126,10,8,Over
3,talk,127,10,11,Over
3,talk,128,10,6,Skip
3,talk,129,10,15,Over
3,talk,130,10,4,Over
3,talk,131,10,2,Over
3,talk,132,11,3,Over
3,talk,133,11,8,Over
3,talk,134,11,9,Over
3,talk,135,11,6,Over
3,talk,136,11,7,Over
3,talk,137,11,12,Over
3,talk,138,11,4,Over
3,talk,139,11,11,Over
3,talk,140,11,15,Over
3,talk,141,11,13,Over
3,talk,142,11,2,Over
3,talk,143,11,1,Over
3,vote,1,15
3,vote,2,15
3,vote,3,8
3,vote,4,15
3,vote,6,15
3,vote,7,13
3,vote,8,15
3,vote,9,15
3,vote,11,2
3,vote,12,15
3,vote,13,12
3,vote,15,2
3,execute,15,WEREWOLF
3,guard,1,3,MEDIUM
3,attackVote,2,4
3,attack,4,true
4,status,1,BODYGUARD,ALIVE,takeda
4,status,2,WEREWOLF,ALIVE,Udon
4,status,3,MEDIUM,ALIVE,wasabi
4,status,4,VILLAGER,DEAD,simipu
4,status,5,VILLAGER,DEAD,Sashimi
4,status,6,VILLAGER,ALIVE,J0hnDoe
4,status,7,SEER,ALIVE,PaSeRi
4,status,8,VILLAGER,ALIVE,Camellia
4,status,9,VILLAGER,ALIVE,Tomo
4,status,10,WEREWOLF,DEAD,Tomato
4,status,11,VILLAGER,ALIVE,cube
4,status,12,VILLAGER,ALIVE,daisyo
4,status,13,VILLAGER,ALIVE,FoxuFoxu
4,status,14,POSSESSED,DEAD,HALU
4,status,15,WEREWOLF,DEAD,otsuki
4,talk,0,0,8,REQUEST Agent[05] (DIVINATION Agent[15])
4,talk,1,0,13,Skip
4,talk,2,0,11,VOTE Agent[02]
4,talk,3,0,9,VOTE Agent[02]
4,talk,4,0,12,VOTE Agent[08]
4,talk,5,0,7,Skip
4,talk,6,0,6,VOTE Agent[02]
4,talk,7,0,3,IDENTIFIED Agent[15] WEREWOLF
4,talk,8,0,2,VOTE Agent[12]
4,talk,9,0,1,VOTE Agent[02]
4,talk,10,1,3,ESTIMATE Agent[07] VILLAGER
4,talk,11,1,8,REQUEST Agent[05] (DIVINATION Agent[15])
4,talk,12,1,13,Skip
4,talk,13,1,11,VOTE Agent[02]
4,talk,14,1,9,VOTE Agent[02]
4,talk,15,1,6,VOTE Agent[02]
4,talk,16,1,7,Skip
4,talk,17,1,2,Over
4,talk,18,1,12,Skip
4,talk,19,1,1,Skip
4,talk,20,2,3,Skip
4,talk,21,2,9,VOTE Agent[02]
4,talk,22,2,13,Over
4,talk,23,2,2,Over
4,talk,24,2,1,Skip
4,talk,25,2,7,Over
4,talk,26,2,11,VOTE Agent[02]
4,talk,27,2,12,Skip
4,talk,28,2,8,REQUEST Agent[05] (DIVINATION Agent[15])
4,talk,29,2,6,VOTE Agent[02]
4,talk,30,3,3,VOTE Agent[08]
4,talk,31,3,1,Over
4,talk,32,3,12,Over
4,talk,33,3,11,VOTE Agent[02]
4,talk,34,3,9,VOTE Agent[02]
4,talk,35,3,13,Over
4,talk,36,3,2,Over
4,talk,37,3,7,Over
4,talk,38,3,8,REQUEST Agent[05] (DIVINATION Agent[15])
4,talk,39,3,6,VOTE Agent[02]
4,talk,40,4,2,Over
4,talk,41,4,7,Over
4,talk,42,4,1,Over
4,talk,43,4,6,VOTE Agent[02]
4,talk,44,4,9,VOTE Agent[02]
4,talk,45,4,13,Over
4,talk,46,4,3,Skip
4,talk,47,4,12,Over
4,talk,48,4,11,VOTE Agent[02]
4,talk,49,4,8,REQUEST Agent[05] (DIVINATION Agent[15])
4,talk,50,5,8,REQUEST Agent[05] (DIVINATION Agent[15])
4,talk,51,5,3,ESTIMATE Agent[13] VILLAGER
4,talk,52,5,1,Over
4,talk,53,5,13,Over
4,talk,54,5,9,VOTE Agent[02]
4,talk,55,5,6,VOTE Agent[02]
4,talk,56,5,7,Over
4,talk,57,5,12,Over
4,talk,58,5,2,VOTE Agent[08]
4,talk,59,5,11,VOTE Agent[02]
4,talk,60,6,3,ESTIMATE Agent[09] VILLAGER
4,talk,61,6,7,Over
4,talk,62,6,8,REQUEST Agent[05] (DIVINATION Agent[15])
4,talk,63,6,1,Over
4,talk,64,6,11,VOTE Agent[02]
4,talk,65,6,6,VOTE Agent[02]
4,talk,66,6,13,Over
4,talk,67,6,12,Over
4,talk,68,6,2,Over
4,talk,69,6,9,VOTE Agent[02]
4,talk,70,7,2,Over
4,talk,71,7,8,REQUEST Agent[05] (DIVINATION Agent[15])
4,talk,72,7,11,VOTE Agent[02]
4,talk,73,7,13,Over
4,talk,74,7,7,Over
4,talk,75,7,9,VOTE Agent[02]
4,talk,76,7,3,Skip
4,talk,77,7,6,VOTE Agent[02]
4,talk,78,7,1,Over
4,talk,79,7,12,Over
4,talk,80,8,2,Over
4,talk,81,8,7,Over
4,talk,82,8,13,Over
4,talk,83,8,3,ESTIMATE Agent[08] WEREWOLF
4,talk,84,8,6,VOTE Agent[02]
4,talk,85,8,1,Over
4,talk,86,8,12,Over
4,talk,87,8,11,VOTE Agent[02]
4,talk,88,8,9,VOTE Agent[02]
4,talk,89,8,8,REQUEST Agent[05] (DIVINATION Agent[15])
4,talk,90,9,2,Over
4,talk,91,9,8,REQUEST Agent[05] (DIVINATION Agent[15])
4,talk,92,9,6,VOTE Agent[02]
4,talk,93,9,3,Over
4,talk,94,9,9,VOTE Agent[02]
4,talk,95,9,12,Over
4,talk,96,9,1,Over
4,talk,97,9,11,VOTE Agent[02]
4,talk,98,9,13,Over
4,talk,99,9,7,Over
4,talk,100,10,2,Over
4,talk,101,10,13,Over
4,talk,102,10,8,Over
4,talk,103,10,12,Over
4,talk,104,10,9,Over
4,talk,105,10,3,Over
4,talk,106,10,6,Over
4,talk,107,10,11,Over
4,talk,108,10,7,Over
4,talk,109,10,1,Over
4,vote,1,2
4,vote,2,8
4,vote,3,8
4,vote,6,2
4,vote,7,1
4,vote,8,3
4,vote,9,2
4,vote,11,2
4,vote,12,8
4,vote,13,1
4,execute,2,WEREWOLF
4,guard,1,3,MEDIUM
5,status,1,BODYGUARD,ALIVE,takeda
5,status,2,WEREWOLF,DEAD,Udon
5,status,3,MEDIUM,ALIVE,wasabi
5,status,4,VILLAGER,DEAD,simipu
5,status,5,VILLAGER,DEAD,Sashimi
5,status,6,VILLAGER,ALIVE,J0hnDoe
5,status,7,SEER,ALIVE,PaSeRi
5,status,8,VILLAGER,ALIVE,Camellia
5,status,9,VILLAGER,ALIVE,Tomo
5,status,10,WEREWOLF,DEAD,Tomato
5,status,11,VILLAGER,ALIVE,cube
5,status,12,VILLAGER,ALIVE,daisyo
5,status,13,VILLAGER,ALIVE,FoxuFoxu
5,status,14,POSSESSED,DEAD,HALU
5,status,15,WEREWOLF,DEAD,otsuki
5,result,9,0,VILLAGER
