0,status,1,SEER,ALIVE,takeda
0,status,2,VILLAGER,ALIVE,Udon
0,status,3,WEREWOLF,ALIVE,wasabi
0,status,4,WEREWOLF,ALIVE,simipu
0,status,5,VILLAGER,ALIVE,Sashimi
0,status,6,VILLAGER,ALIVE,J0hnDoe
0,status,7,VILLAGER,ALIVE,PaSeRi
0,status,8,MEDIUM,ALIVE,Camellia
0,status,9,VILLAGER,ALIVE,Tomo
0,status,10,VILLAGER,ALIVE,Tomato
0,status,11,VILLAGER,ALIVE,cube
0,status,12,POSSESSED,ALIVE,daisyo
0,status,13,VILLAGER,ALIVE,FoxuFoxu
0,status,14,WEREWOLF,ALIVE,HALU
0,status,15,BODYGUARD,ALIVE,otsuki
0,whisper,0,0,14,COMINGOUT Agent[14] MEDIUM
0,whisper,1,0,4,Skip
0,whisper,2,0,3,Over
0,whisper,3,1,3,ATTACK Agent[12]
0,whisper,4,1,14,Skip
0,whisper,5,1,4,Skip
0,whisper,6,2,4,Over
0,whisper,7,2,14,Skip
0,whisper,8,2,3,Over
0,whisper,9,3,4,Over
0,whisper,10,3,3,Over
0,whisper,11,3,14,Over
0,divine,1,10,HUMAN
1,status,1,SEER,ALIVE,takeda
1,status,2,VILLAGER,ALIVE,Udon
1,status,3,WEREWOLF,ALIVE,wasabi
1,status,4,WEREWOLF,ALIVE,simipu
1,status,5,VILLAGER,ALIVE,Sashimi
1,status,6,VILLAGER,ALIVE,J0hnDoe
1,status,7,VILLAGER,ALIVE,PaSeRi
1,status,8,MEDIUM,ALIVE,Camellia
1,status,9,VILLAGER,ALIVE,Tomo
1,status,10,VILLAGER,ALIVE,Tomato
1,status,11,VILLAGER,ALIVE,cube
1,status,12,POSSESSED,ALIVE,daisyo
1,status,13,VILLAGER,ALIVE,FoxuFoxu
1,status,14,WEREWOLF,ALIVE,HALU
1,status,15,BODYGUARD,ALIVE,otsuki
1,talk,0,0,7,Skip
1,talk,1,0,4,Skip
1,talk,2,0,13,Skip
1,talk,3,0,3,ESTIMATE Agent[12] WEREWOLF
1,talk,4,0,2,VOTE Agent[04]
1,talk,5,0,14,COMINGOUT Agent[14] MEDIUM
1,talk,6,0,6,VOTE Agent[12]
1,talk,7,0,9,VOTE Agent[12]
1,talk,8,0,12,COMINGOUT Agent[12] SEER
1,talk,9,0,15,Skip
1,talk,10,0,8,COMINGOUT Agent[08] MEDIUM
1,talk,11,0,10,VOTE Agent[01]
1,talk,12,0,5,VOTE Agent[06]
1,talk,13,0,1,COMINGOUT Agent[01] SEER
1,talk,14,0,11,VOTE Agent[12]
1,talk,15,1,6,VOTE Agent[04]
1,talk,16,1,14,VOTE Agent[08]
1,talk,17,1,1,DIVINED Agent[10] HUMAN
1,talk,18,1,7,Skip
1,talk,19,1,8,REQUEST ANY (GUARD Agent[08])
1,talk,20,1,11,VOTE Agent[04]
1,talk,21,1,15,Skip
1,talk,22,1,5,ESTIMATE Agent[02] WEREWOLF
1,talk,23,1,4,VOTE Agent[12]
1,talk,24,1,3,Skip
1,talk,25,1,10,VOTE Agent[03]
1,talk,26,1,13,Skip
1,talk,27,1,12,DIVINED Agent[04] HUMAN
1,talk,28,1,9,VOTE Agent[04]
1,talk,29,1,2,VOTE Agent[14]
1,talk,30,2,8,REQUEST ANY (DIVINATION Agent[14])
1,talk,31,2,11,VOTE Agent[04]
1,talk,32,2,4,Skip
1,talk,33,2,5,COMINGOUT Agent[05] SEER
1,talk,34,2,7,Over
1,talk,35,2,13,Over
1,talk,36,2,15,ESTIMATE Agent[04] WEREWOLF
1,talk,37,2,12,VOTE Agent[14]
1,talk,38,2,14,VOTE Agent[08]
1,talk,39,2,10,Skip
1,talk,40,2,1,VOTE Agent[14]
1,talk,41,2,9,VOTE Agent[04]
1,talk,42,2,6,VOTE Agent[14]
1,talk,43,2,2,Over
1,talk,44,2,3,ESTIMATE Agent[02] VILLAGER
1,talk,45,3,13,Over
1,talk,46,3,3,VOTE Agent[14]
1,talk,47,3,12,VOTE Agent[05]
1,talk,48,3,4,VOTE Agent[14]
1,talk,49,3,14,VOTE Agent[08]
1,talk,50,3,5,VOTE Agent[10]
1,talk,51,3,15,VOTE Agent[04]
1,talk,52,3,10,VOTE Agent[07]
1,talk,53,3,2,Over
1,talk,54,3,1,VOTE Agent[14]
1,talk,55,3,9,VOTE Agent[14]
1,talk,56,3,6,VOTE Agent[14]
1,talk,57,3,11,VOTE Agent[14]
1,talk,58,3,8,Agent[08] BECAUSE (AND (COMINGOUT Agent[08] MEDIUM) (COMINGOUT Agent[14] MEDIUM)) (VOTE Agent[14])
1,talk,59,3,7,Over
1,talk,60,4,7,Over
1,talk,61,4,15,ESTIMATE Agent[14] WEREWOLF
1,talk,62,4,12,VOTE Agent[01]
1,talk,63,4,10,Skip
1,talk,64,4,5,VOTE Agent[14]
1,talk,65,4,2,Over
1,talk,66,4,1,VOTE Agent[14]
1,talk,67,4,8,Skip
1,talk,68,4,9,Skip
1,talk,69,4,13,Over
1,talk,70,4,14,VOTE Agent[08]
1,talk,71,4,11,Skip
1,talk,72,4,4,Skip
1,talk,73,4,6,Skip
1,talk,74,4,3,VOTE Agent[08]
1,talk,75,5,10,Skip
1,talk,76,5,13,Over
1,talk,77,5,4,Skip
1,talk,78,5,9,Skip
1,talk,79,5,6,Skip
1,talk,80,5,1,VOTE Agent[14]
1,talk,81,5,11,Skip
1,talk,82,5,3,Skip
1,talk,83,5,8,Skip
1,talk,84,5,15,VOTE Agent[14]
1,talk,85,5,5,VOTE Agent[01]
1,talk,86,5,2,Over
1,talk,87,5,7,Over
1,talk,88,5,14,VOTE Agent[08]
1,talk,89,5,12,Skip
1,talk,90,6,10,Over
1,talk,91,6,13,Over
1,talk,92,6,14,VOTE Agent[08]
1,talk,93,6,8,Over
1,talk,94,6,5,VOTE Agent[09]
1,talk,95,6,9,VOTE Agent[14]
1,talk,96,6,12,Skip
1,talk,97,6,15,REQUEST ANY (VOTE Agent[14])
1,talk,98,6,1,VOTE Agent[14]
1,talk,99,6,6,VOTE Agent[14]
1,talk,100,6,4,Over
1,talk,101,6,3,ESTIMATE Agent[09] VILLAGER
1,talk,102,6,11,VOTE Agent[14]
1,talk,103,6,7,Over
1,talk,104,6,2,Over
1,talk,105,7,5,VOTE Agent[12]
1,talk,106,7,11,VOTE Agent[14]
1,talk,107,7,4,Over
1,talk,108,7,12,Over
1,talk,109,7,2,Over
1,talk,110,7,8,Over
1,talk,111,7,6,VOTE Agent[14]
1,talk,112,7,15,Skip
1,talk,113,7,14,VOTE Agent[08]
1,talk,114,7,3,ESTIMATE Agent[09] VILLAGER
1,talk,115,7,9,VOTE Agent[14]
1,talk,116,7,1,VOTE Agent[14]
1,talk,117,7,13,Over
1,talk,118,7,7,Over
1,talk,119,7,10,Over
1,talk,120,8,15,Skip
1,talk,121,8,3,ESTIMATE Agent[05] WEREWOLF
1,talk,122,8,13,Over
1,talk,123,8,8,Over
1,talk,124,8,11,VOTE Agent[14]
1,talk,125,8,2,Over
1,talk,126,8,9,VOTE Agent[14]
1,talk,127,8,7,Over
1,talk,128,8,10,Over
1,talk,129,8,1,VOTE Agent[14]
1,talk,130,8,4,Over
1,talk,131,8,12,Over
1,talk,132,8,5,DIVINED Agent[12] WEREWOLF
1,talk,133,8,6,VOTE Agent[14]
1,talk,134,8,14,VOTE Agent[08]
1,talk,135,9,2,Over
1,talk,136,9,7,Over
1,talk,137,9,3,Over
1,talk,138,9,5,VOTE Agent[02]
1,talk,139,9,1,VOTE Agent[14]
1,talk,140,9,6,VOTE Agent[14]
1,talk,141,9,12,Over
1,talk,142,9,14,Over
1,talk,143,9,8,Over
1,talk,144,9,13,Over
1,talk,145,9,4,Over
1,talk,146,9,15,Over
1,talk,147,9,9,VOTE Agent[14]
1,talk,148,9,10,VOTE Agent[12]
1,talk,149,9,11,VOTE Agent[14]
1,talk,150,10,4,Over
1,talk,151,10,11,VOTE Agent[14]
1,talk,152,10,3,Over
1,talk,153,10,9,VOTE Agent[14]
1,talk,154,10,13,Over
1,talk,155,10,1,Over
1,talk,156,10,14,Over
1,talk,157,10,15,Over
1,talk,158,10,10,Skip
1,talk,159,10,5,Over
1,talk,160,10,6,VOTE Agent[14]
1,talk,161,10,2,Over
1,talk,162,10,8,Over
1,talk,163,10,7,Over
1,talk,164,10,12,Over
1,talk,165,11,8,Over
1,talk,166,11,10,Skip
1,talk,167,11,6,VOTE Agent[14]
1,talk,168,11,13,Over
1,talk,169,11,1,Over
1,talk,170,11,15,Over
1,talk,171,11,9,VOTE Agent[14]
1,talk,172,11,4,Over
1,talk,173,11,7,Over
1,talk,174,11,11,VOTE Agent[14]
1,talk,175,11,2,Over
1,talk,176,11,3,Over
1,talk,177,11,5,Over
1,talk,178,11,12,Over
1,talk,179,11,14,Over
1,talk,180,12,7,Over
1,talk,181,12,6,Over
1,talk,182,12,5,Over
1,talk,183,12,1,Over
1,talk,184,12,4,Over
1,talk,185,12,8,Over
1,talk,186,12,12,Over
1,talk,187,12,3,Over
1,talk,188,12,2,Over
1,talk,189,12,13,Over
1,talk,190,12,10,Over
1,talk,191,12,11,Over
1,talk,192,12,9,Over
1,talk,193,12,14,Over
1,talk,194,12,15,Over
1,vote,1,14
1,vote,2,14
1,vote,3,8
1,vote,4,14
1,vote,5,12
1,vote,6,14
1,vote,7,10
1,vote,8,14
1,vote,9,14
1,vote,10,12
1,vote,11,14
1,vote,12,8
1,vote,13,6
1,vote,14,8
1,vote,15,14
1,execute,14,WEREWOLF
1,divine,1,5,HUMAN
1,whisper,0,0,4,Skip
1,whisper,1,0,3,Over
1,whisper,2,1,4,Skip
1,whisper,3,1,3,ATTACK Agent[10]
1,whisper,4,2,4,Over
1,whisper,5,2,3,REQUEST ANY (ATTACK Agent[10])
1,whisper,6,3,4,Over
1,whisper,7,3,3,Over
1,guard,15,1,SEER
1,attackVote,3,10
1,attackVote,4,1
1,attackVote,3,10
1,attackVote,4,1
1,attack,10,true
2,status,1,SEER,ALIVE,takeda
2,status,2,VILLAGER,ALIVE,Udon
2,status,3,WEREWOLF,ALIVE,wasabi
2,status,4,WEREWOLF,ALIVE,simipu
2,status,5,VILLAGER,ALIVE,Sashimi
2,status,6,VILLAGER,ALIVE,J0hnDoe
2,status,7,VILLAGER,ALIVE,PaSeRi
2,status,8,MEDIUM,ALIVE,Camellia
2,status,9,VILLAGER,ALIVE,Tomo
2,status,10,VILLAGER,DEAD,Tomato
2,status,11,VILLAGER,ALIVE,cube
2,status,12,POSSESSED,ALIVE,daisyo
2,status,13,VILLAGER,ALIVE,FoxuFoxu
2,status,14,WEREWOLF,DEAD,HALU
2,status,15,BODYGUARD,ALIVE,otsuki
2,talk,0,0,8,IDENTIFIED Agent[14] WEREWOLF
2,talk,1,0,12,DIVINED Agent[07] HUMAN
2,talk,2,0,2,VOTE Agent[04]
2,talk,3,0,11,VOTE Agent[04]
2,talk,4,0,1,DIVINED Agent[05] HUMAN
2,talk,5,0,13,Skip
2,talk,6,0,5,VOTE Agent[01]
2,talk,7,0,7,Skip
2,talk,8,0,3,Skip
2,talk,9,0,9,VOTE Agent[04]
2,talk,10,0,4,VOTE Agent[01]
2,talk,11,0,6,VOTE Agent[04]
2,talk,12,0,15,Skip
2,talk,13,1,6,VOTE Agent[04]
2,talk,14,1,2,Over
2,talk,15,1,3,ESTIMATE Agent[02] VILLAGER
2,talk,16,1,13,Skip
2,talk,17,1,9,VOTE Agent[04]
2,talk,18,1,1,VOTE Agent[04]
2,talk,19,1,7,Skip
2,talk,20,1,11,VOTE Agent[04]
2,talk,21,1,15,Skip
2,talk,22,1,8,Skip
2,talk,23,1,4,Skip
2,talk,24,1,12,VOTE Agent[01]
2,talk,25,1,5,VOTE Agent[02]
2,talk,26,2,13,Over
2,talk,27,2,12,Skip
2,talk,28,2,6,VOTE Agent[04]
2,talk,29,2,8,Skip
2,talk,30,2,4,Skip
2,talk,31,2,5,VOTE Agent[01]
2,talk,32,2,11,VOTE Agent[04]
2,talk,33,2,9,VOTE Agent[04]
2,talk,34,2,3,ESTIMATE Agent[12] WEREWOLF
2,talk,35,2,7,Over
2,talk,36,2,1,VOTE Agent[04]
2,talk,37,2,15,ESTIMATE Agent[04] WEREWOLF
2,talk,38,2,2,Over
2,talk,39,3,4,Over
2,talk,40,3,12,Skip
2,talk,41,3,3,VOTE Agent[08]
2,talk,42,3,8,Over
2,talk,43,3,6,VOTE Agent[04]
2,talk,44,3,9,VOTE Agent[04]
2,talk,45,3,1,VOTE Agent[04]
2,talk,46,3,7,Over
2,talk,47,3,11,VOTE Agent[04]
2,talk,48,3,13,Over
2,talk,49,3,15,VOTE Agent[04]
2,talk,50,3,5,VOTE Agent[04]
2,talk,51,3,2,Over
2,talk,52,4,12,Over
2,talk,53,4,15,REQUEST ANY (VOTE Agent[04])
2,talk,54,4,4,VOTE Agent[01]
2,talk,55,4,2,Over
2,talk,56,4,11,Skip
2,talk,57,4,6,Skip
2,talk,58,4,13,Over
2,talk,59,4,8,Over
2,talk,60,4,9,Skip
2,talk,61,4,1,VOTE Agent[04]
2,talk,62,4,5,VOTE Agent[12]
2,talk,63,4,3,Skip
2,talk,64,4,7,Over
2,talk,65,5,12,Over
2,talk,66,5,6,VOTE Agent[04]
2,talk,67,5,11,VOTE Agent[04]
2,talk,68,5,15,Skip
2,talk,69,5,4,Skip
2,talk,70,5,1,VOTE Agent[04]
2,talk,71,5,8,Over
2,talk,72,5,5,VOTE Agent[02]
2,talk,73,5,7,Over
2,talk,74,5,3,Skip
2,talk,75,5,13,Over
2,talk,76,5,2,Over
2,talk,77,5,9,VOTE Agent[04]
2,talk,78,6,7,Over
2,talk,79,6,9,VOTE Agent[04]
2,talk,80,6,2,Over
2,talk,81,6,15,Skip
2,talk,82,6,6,VOTE Agent[04]
2,talk,83,6,8,Over
2,talk,84,6,11,VOTE Agent[04]
2,talk,85,6,13,Over
2,talk,86,6,1,VOTE Agent[04]
2,talk,87,6,12,Over
2,talk,88,6,4,Skip
2,talk,89,6,5,VOTE Agent[04]
2,talk,90,6,3,Over
2,talk,91,7,12,Over
2,talk,92,7,11,Skip
2,talk,93,7,3,Over
2,talk,94,7,15,Over
2,talk,95,7,5,VOTE Agent[04]
2,talk,96,7,6,Skip
2,talk,97,7,9,Skip
2,talk,98,7,8,Over
2,talk,99,7,13,Over
2,talk,100,7,4,VOTE Agent[01]
2,talk,101,7,1,VOTE Agent[04]
2,talk,102,7,7,Over
2,talk,103,7,2,Over
2,talk,104,8,3,ESTIMATE Agent[04] VILLAGER
2,talk,105,8,13,Over
2,talk,106,8,15,Over
2,talk,107,8,5,VOTE Agent[06]
2,talk,108,8,11,VOTE Agent[04]
2,talk,109,8,6,VOTE Agent[04]
2,talk,110,8,4,Skip
2,talk,111,8,2,Over
2,talk,112,8,8,Over
2,talk,113,8,7,Over
2,talk,114,8,9,VOTE Agent[04]
2,talk,115,8,12,Over
2,talk,116,8,1,VOTE Agent[04]
2,talk,117,9,6,VOTE Agent[04]
2,talk,118,9,13,Over
2,talk,119,9,5,VOTE Agent[02]
2,talk,120,9,9,VOTE Agent[04]
2,talk,121,9,7,Over
2,talk,122,9,15,Over
2,talk,123,9,2,Over
2,talk,124,9,8,Over
2,talk,125,9,1,VOTE Agent[04]
2,talk,126,9,11,VOTE Agent[04]
2,talk,127,9,3,Over
2,talk,128,9,4,Skip
2,talk,129,9,12,Over
2,talk,130,10,2,Over
2,talk,131,10,8,Over
2,talk,132,10,4,Over
2,talk,133,10,12,Over
2,talk,134,10,1,Over
2,talk,135,10,5,Over
2,talk,136,10,9,VOTE Agent[04]
2,talk,137,10,15,Over
2,talk,138,10,3,Over
2,talk,139,10,11,VOTE Agent[04]
2,talk,140,10,7,Over
2,talk,141,10,6,VOTE Agent[04]
2,talk,142,10,13,Over
2,talk,143,11,2,Over
2,talk,144,11,13,Over
2,talk,145,11,9,VOTE Agent[04]
2,talk,146,11,1,Over
2,talk,147,11,7,Over
2,talk,148,11,3,Over
2,talk,149,11,6,VOTE Agent[04]
2,talk,150,11,11,VOTE Agent[04]
2,talk,151,11,12,Over
2,talk,152,11,15,Over
2,talk,153,11,5,Over
2,talk,154,11,4,Over
2,talk,155,11,8,Over
2,talk,156,12,3,Over
2,talk,157,12,15,Over
2,talk,158,12,4,Over
2,talk,159,12,6,Over
2,talk,160,12,11,Over
2,talk,161,12,5,Over
2,talk,162,12,13,Over
2,talk,163,12,9,Over
2,talk,164,12,1,Over
2,talk,165,12,8,Over
2,talk,166,12,7,Over
2,talk,167,12,12,Over
2,talk,168,12,2,Over
2,vote,1,4
2,vote,2,4
2,vote,3,8
2,vote,4,1
2,vote,5,12
2,vote,6,4
2,vote,7,8
2,vote,8,3
2,vote,9,4
2,vote,11,4
2,vote,12,1
2,vote,13,12
2,vote,15,4
2,execute,4,WEREWOLF
2,divine,1,12,HUMAN
2,guard,15,1,SEER
2,attackVote,3,6
2,attack,6,true
3,status,1,SEER,ALIVE,takeda
3,status,2,VILLAGER,ALIVE,Udon
3,status,3,WEREWOLF,ALIVE,wasabi
3,status,4,WEREWOLF,DEAD,simipu
3,status,5,VILLAGER,ALIVE,Sashimi
3,status,6,VILLAGER,DEAD,J0hnDoe
3,status,7,VILLAGER,ALIVE,PaSeRi
3,status,8,MEDIUM,ALIVE,Camellia
3,status,9,VILLAGER,ALIVE,Tomo
3,status,10,VILLAGER,DEAD,Tomato
3,status,11,VILLAGER,ALIVE,cube
3,status,12,POSSESSED,ALIVE,daisyo
3,status,13,VILLAGER,ALIVE,FoxuFoxu
3,status,14,WEREWOLF,DEAD,HALU
3,status,15,BODYGUARD,ALIVE,otsuki
3,talk,0,0,8,IDENTIFIED Agent[04] WEREWOLF
3,talk,1,0,13,Skip
3,talk,2,0,1,DIVINED Agent[12] HUMAN
3,talk,3,0,12,DIVINED Agent[03] HUMAN
3,talk,4,0,5,VOTE Agent[11]
3,talk,5,0,9,VOTE Agent[11]
3,talk,6,0,2,VOTE Agent[13]
3,talk,7,0,15,Skip
3,talk,8,0,7,Skip
3,talk,9,0,11,VOTE Agent[02]
3,talk,10,0,3,Skip
3,talk,11,1,9,VOTE Agent[11]
3,talk,12,1,7,Skip
3,talk,13,1,13,Skip
3,talk,14,1,11,VOTE Agent[03]
3,talk,15,1,15,Skip
3,talk,16,1,2,Over
3,talk,17,1,3,ESTIMATE Agent[13] VILLAGER
3,talk,18,1,8,Skip
3,talk,19,1,12,VOTE Agent[01]
3,talk,20,1,5,VOTE Agent[15]
3,talk,21,1,1,VOTE Agent[03]
3,talk,22,2,7,Over
3,talk,23,2,5,VOTE Agent[07]
3,talk,24,2,13,Over
3,talk,25,2,9,VOTE Agent[03]
3,talk,26,2,2,Over
3,talk,27,2,3,Skip
3,talk,28,2,8,Skip
3,talk,29,2,15,VOTE Agent[12]
3,talk,30,2,11,VOTE Agent[03]
3,talk,31,2,1,VOTE Agent[03]
3,talk,32,2,12,Skip
3,talk,33,3,15,REQUEST ANY (VOTE Agent[12])
3,talk,34,3,9,VOTE Agent[03]
3,talk,35,3,12,Skip
3,talk,36,3,5,VOTE Agent[03]
3,talk,37,3,2,Over
3,talk,38,3,11,VOTE Agent[03]
3,talk,39,3,1,VOTE Agent[03]
3,talk,40,3,3,VOTE Agent[08]
3,talk,41,3,13,Over
3,talk,42,3,7,Over
3,talk,43,3,8,Over
3,talk,44,4,3,ESTIMATE Agent[01] WEREWOLF
3,talk,45,4,13,Over
3,talk,46,4,11,VOTE Agent[03]
3,talk,47,4,1,VOTE Agent[03]
3,talk,48,4,12,Over
3,talk,49,4,5,VOTE Agent[07]
3,talk,50,4,7,Over
3,talk,51,4,8,Over
3,talk,52,4,9,VOTE Agent[03]
3,talk,53,4,15,Skip
3,talk,54,4,2,Over
3,talk,55,5,3,Skip
3,talk,56,5,11,VOTE Agent[03]
3,talk,57,5,1,VOTE Agent[03]
3,talk,58,5,2,Over
3,talk,59,5,13,Over
3,talk,60,5,8,Over
3,talk,61,5,12,Over
3,talk,62,5,15,Skip
3,talk,63,5,9,VOTE Agent[03]
3,talk,64,5,5,VOTE Agent[15]
3,talk,65,5,7,Over
3,talk,66,6,9,VOTE Agent[03]
3,talk,67,6,7,Over
3,talk,68,6,1,VOTE Agent[03]
3,talk,69,6,13,Over
3,talk,70,6,11,VOTE Agent[03]
3,talk,71,6,2,Over
3,talk,72,6,5,VOTE Agent[01]
3,talk,73,6,15,Over
3,talk,74,6,8,Over
3,talk,75,6,12,Over
3,talk,76,6,3,ESTIMATE Agent[11] VILLAGER
3,talk,77,7,9,VOTE Agent[01]
3,talk,78,7,8,Over
3,talk,79,7,2,Over
3,talk,80,7,11,VOTE Agent[03]
3,talk,81,7,1,VOTE Agent[03]
3,talk,82,7,12,Over
3,talk,83,7,7,Over
3,talk,84,7,3,ESTIMATE Agent[12] WEREWOLF
3,talk,85,7,13,Over
3,talk,86,7,5,VOTE Agent[11]
3,talk,87,7,15,Over
3,talk,88,8,15,Over
3,talk,89,8,1,VOTE Agent[03]
3,talk,90,8,3,Skip
3,talk,91,8,13,Over
3,talk,92,8,9,VOTE Agent[01]
3,talk,93,8,5,VOTE Agent[15]
3,talk,94,8,11,VOTE Agent[03]
3,talk,95,8,2,Over
3,talk,96,8,12,Over
3,talk,97,8,7,Over
3,talk,98,8,8,Over
3,talk,99,9,3,Over
3,talk,100,9,11,VOTE Agent[03]
3,talk,101,9,8,Over
3,talk,102,9,13,Over
3,talk,103,9,5,VOTE Agent[13]
3,talk,104,9,1,VOTE Agent[03]
3,talk,105,9,9,VOTE Agent[01]
3,talk,106,9,15,Over
3,talk,107,9,2,Over
3,talk,108,9,12,Over
3,talk,109,9,7,Over
3,talk,110,10,12,Over
3,talk,111,10,9,Over
3,talk,112,10,15,Over
3,talk,113,10,7,Over
3,talk,114,10,11,Over
3,talk,115,10,3,Over
3,talk,116,10,5,Over
3,talk,117,10,8,Over
3,talk,118,10,1,Over
3,talk,119,10,2,Over
3,talk,120,10,13,Over
3,vote,1,3
3,vote,2,13
3,vote,3,8
3,vote,5,12
3,vote,7,2
3,vote,8,3
3,vote,9,3
3,vote,11,3
3,vote,12,2
3,vote,13,3
3,vote,15,12
3,execute,3,WEREWOLF
3,divine,1,2,HUMAN
3,guard,15,1,SEER
4,status,1,SEER,ALIVE,takeda
4,status,2,VILLAGER,ALIVE,Udon
4,status,3,WEREWOLF,DEAD,wasabi
4,status,4,WEREWOLF,DEAD,simipu
4,status,5,VILLAGER,ALIVE,Sashimi
4,status,6,VILLAGER,DEAD,J0hnDoe
4,status,7,VILLAGER,ALIVE,PaSeRi
4,status,8,MEDIUM,ALIVE,Camellia
4,status,9,VILLAGER,ALIVE,Tomo
4,status,10,VILLAGER,DEAD,Tomato
4,status,11,VILLAGER,ALIVE,cube
4,status,12,POSSESSED,ALIVE,daisyo
4,status,13,VILLAGER,ALIVE,FoxuFoxu
4,status,14,WEREWOLF,DEAD,HALU
4,status,15,BODYGUARD,ALIVE,otsuki
4,result,10,0,VILLAGER
