0,status,1,WEREWOLF,ALIVE,m_cre
0,status,2,VILLAGER,ALIVE,carlo
0,status,3,WEREWOLF,ALIVE,AITKN
0,status,4,VILLAGER,ALIVE,Dummy13_09
0,status,5,POSSESSED,ALIVE,daisyo
0,status,6,VILLAGER,ALIVE,tori
0,status,7,VILLAGER,ALIVE,Dummy13_11
0,status,8,VILLAGER,ALIVE,Dummy13_07
0,status,9,VILLAGER,ALIVE,wasabi
0,status,10,MEDIUM,ALIVE,TOT
0,status,11,VILLAGER,ALIVE,Dummy13_08
0,status,12,VILLAGER,ALIVE,Dummy13_10
0,status,13,SEER,ALIVE,megumish
0,status,14,BODYGUARD,ALIVE,cash
0,status,15,WEREWOLF,ALIVE,JuN1Ro
0,whisper,0,0,15,Over
0,whisper,1,0,3,Skip
0,whisper,2,0,1,COMINGOUT Agent[01] VILLAGER
0,whisper,3,1,3,Skip
0,whisper,4,1,1,Over
0,whisper,5,1,15,Over
0,whisper,6,2,1,Over
0,whisper,7,2,3,Over
0,whisper,8,2,15,Over
0,divine,13,15,WEREWOLF
1,status,1,WEREWOLF,ALIVE,m_cre
1,status,2,VILLAGER,ALIVE,carlo
1,status,3,WEREWOLF,ALIVE,AITKN
1,status,4,VILLAGER,ALIVE,Dummy13_09
1,status,5,POSSESSED,ALIVE,daisyo
1,status,6,VILLAGER,ALIVE,tori
1,status,7,VILLAGER,ALIVE,Dummy13_11
1,status,8,VILLAGER,ALIVE,Dummy13_07
1,status,9,VILLAGER,ALIVE,wasabi
1,status,10,MEDIUM,ALIVE,TOT
1,status,11,VILLAGER,ALIVE,Dummy13_08
1,status,12,VILLAGER,ALIVE,Dummy13_10
1,status,13,SEER,ALIVE,megumish
1,status,14,BODYGUARD,ALIVE,cash
1,status,15,WEREWOLF,ALIVE,JuN1Ro
1,talk,0,0,1,VOTE Agent[11]
1,talk,1,0,14,DIVINED Agent[09] HUMAN
1,talk,2,0,10,COMINGOUT Agent[10] MEDIUM
1,talk,3,0,11,VOTE Agent[08]
1,talk,4,0,13,COMINGOUT Agent[13] SEER
1,talk,5,0,6,VOTE Agent[08]
1,talk,6,0,4,VOTE Agent[12]
1,talk,7,0,3,Skip
1,talk,8,0,15,VOTE Agent[14]
1,talk,9,0,2,VOTE Agent[01]
1,talk,10,0,7,VOTE Agent[11]
1,talk,11,0,12,VOTE Agent[10]
1,talk,12,0,5,REQUEST(COMINGOUT Agent[05] WEREWOLF)
1,talk,13,0,9,Skip
1,talk,14,0,8,VOTE Agent[02]
1,talk,15,1,1,Skip
1,talk,16,1,5,VOTE Agent[08]
1,talk,17,1,9,VOTE Agent[15]
1,talk,18,1,3,AGREE TALK day1 ID:14
1,talk,19,1,14,Over
1,talk,20,1,12,ESTIMATE Agent[14] SEER
1,talk,21,1,7,ESTIMATE Agent[14] SEER
1,talk,22,1,8,ESTIMATE Agent[14] SEER
1,talk,23,1,4,ESTIMATE Agent[14] SEER
1,talk,24,1,13,DIVINED Agent[15] WEREWOLF
1,talk,25,1,6,ESTIMATE Agent[14] SEER
1,talk,26,1,15,ESTIMATE Agent[09] VILLAGER
1,talk,27,1,11,ESTIMATE Agent[14] SEER
1,talk,28,1,2,Skip
1,talk,29,1,10,VOTE Agent[06]
1,talk,30,2,3,Skip
1,talk,31,2,14,Over
1,talk,32,2,15,VOTE Agent[13]
1,talk,33,2,8,ESTIMATE Agent[15] WEREWOLF
1,talk,34,2,4,ESTIMATE Agent[15] WEREWOLF
1,talk,35,2,11,ESTIMATE Agent[15] WEREWOLF
1,talk,36,2,13,REQUEST(VOTE Agent[15])
1,talk,37,2,6,ESTIMATE Agent[15] WEREWOLF
1,talk,38,2,10,REQUEST(VOTE Agent[06])
1,talk,39,2,7,ESTIMATE Agent[15] WEREWOLF
1,talk,40,2,1,VOTE Agent[15]
1,talk,41,2,12,ESTIMATE Agent[15] WEREWOLF
1,talk,42,2,9,Skip
1,talk,43,2,5,AGREE TALK day1 ID:22
1,talk,44,2,2,VOTE Agent[15]
1,talk,45,3,11,REQUEST(Agent[14] DIVINATION Agent[15])
1,talk,46,3,9,ESTIMATE Agent[01] WEREWOLF
1,talk,47,3,14,Over
1,talk,48,3,8,REQUEST(Agent[14] DIVINATION Agent[15])
1,talk,49,3,4,REQUEST(Agent[14] DIVINATION Agent[15])
1,talk,50,3,2,Skip
1,talk,51,3,6,REQUEST(Agent[14] DIVINATION Agent[15])
1,talk,52,3,15,Over
1,talk,53,3,13,VOTE Agent[15]
1,talk,54,3,7,REQUEST(Agent[14] DIVINATION Agent[15])
1,talk,55,3,5,AGREE TALK day1 ID:13
1,talk,56,3,1,Skip
1,talk,57,3,10,Skip
1,talk,58,3,12,REQUEST(Agent[14] DIVINATION Agent[15])
1,talk,59,3,3,AGREE TALK day1 ID:33
1,talk,60,4,7,VOTE Agent[15]
1,talk,61,4,3,DISAGREE TALK day1 ID:33
1,talk,62,4,1,Skip
1,talk,63,4,11,VOTE Agent[15]
1,talk,64,4,5,AGREE TALK day1 ID:57
1,talk,65,4,13,Skip
1,talk,66,4,10,Skip
1,talk,67,4,4,VOTE Agent[15]
1,talk,68,4,12,VOTE Agent[15]
1,talk,69,4,2,Skip
1,talk,70,4,8,VOTE Agent[15]
1,talk,71,4,6,VOTE Agent[15]
1,talk,72,4,14,Over
1,talk,73,4,9,ESTIMATE Agent[15] WEREWOLF
1,talk,74,4,15,ESTIMATE Agent[15] WEREWOLF
1,talk,75,5,12,Skip
1,talk,76,5,3,AGREE TALK day1 ID:34
1,talk,77,5,6,Skip
1,talk,78,5,5,AGREE TALK day1 ID:30
1,talk,79,5,11,Skip
1,talk,80,5,7,Skip
1,talk,81,5,1,Over
1,talk,82,5,8,Skip
1,talk,83,5,15,Over
1,talk,84,5,14,Over
1,talk,85,5,9,Skip
1,talk,86,5,13,Skip
1,talk,87,5,4,Skip
1,talk,88,5,2,Over
1,talk,89,5,10,Over
1,talk,90,6,7,Skip
1,talk,91,6,9,ESTIMATE Agent[15] WEREWOLF
1,talk,92,6,5,AGREE TALK day1 ID:26
1,talk,93,6,10,Over
1,talk,94,6,14,Over
1,talk,95,6,13,Over
1,talk,96,6,8,Skip
1,talk,97,6,15,Over
1,talk,98,6,11,Skip
1,talk,99,6,6,Skip
1,talk,100,6,1,Over
1,talk,101,6,12,Skip
1,talk,102,6,4,Skip
1,talk,103,6,3,DISAGREE TALK day1 ID:34
1,talk,104,6,2,Over
1,talk,105,7,9,Over
1,talk,106,7,4,Over
1,talk,107,7,10,Over
1,talk,108,7,2,Over
1,talk,109,7,14,Over
1,talk,110,7,7,Over
1,talk,111,7,11,Over
1,talk,112,7,12,Over
1,talk,113,7,3,AGREE TALK day1 ID:35
1,talk,114,7,6,Over
1,talk,115,7,1,Over
1,talk,116,7,8,Over
1,talk,117,7,15,Over
1,talk,118,7,5,AGREE TALK day1 ID:7
1,talk,119,7,13,Over
1,talk,120,8,7,Over
1,talk,121,8,14,Over
1,talk,122,8,8,Over
1,talk,123,8,1,Over
1,talk,124,8,2,Over
1,talk,125,8,9,ESTIMATE Agent[12] VILLAGER
1,talk,126,8,11,Over
1,talk,127,8,15,ESTIMATE Agent[09] VILLAGER
1,talk,128,8,6,Over
1,talk,129,8,5,AGREE TALK day1 ID:56
1,talk,130,8,3,DISAGREE TALK day1 ID:35
1,talk,131,8,4,Over
1,talk,132,8,12,Over
1,talk,133,8,13,Over
1,talk,134,8,10,Over
1,talk,135,9,8,Over
1,talk,136,9,11,Over
1,talk,137,9,1,Over
1,talk,138,9,3,AGREE TALK day1 ID:37
1,talk,139,9,5,AGREE TALK day1 ID:102
1,talk,140,9,6,Over
1,talk,141,9,4,Over
1,talk,142,9,14,Over
1,talk,143,9,2,Over
1,talk,144,9,10,Over
1,talk,145,9,12,Over
1,talk,146,9,15,ESTIMATE Agent[15] WEREWOLF
1,talk,147,9,13,Over
1,talk,148,9,7,Over
1,talk,149,9,9,ESTIMATE Agent[04] WEREWOLF
1,talk,150,10,5,Over
1,talk,151,10,11,Over
1,talk,152,10,15,Over
1,talk,153,10,7,Over
1,talk,154,10,6,Over
1,talk,155,10,1,Over
1,talk,156,10,9,Over
1,talk,157,10,14,Over
1,talk,158,10,3,DISAGREE TALK day1 ID:37
1,talk,159,10,12,Over
1,talk,160,10,2,Over
1,talk,161,10,13,Over
1,talk,162,10,10,Over
1,talk,163,10,4,Over
1,talk,164,10,8,Over
1,talk,165,11,15,Over
1,talk,166,11,3,AGREE TALK day1 ID:39
1,talk,167,11,9,ESTIMATE Agent[15] WEREWOLF
1,talk,168,11,12,Over
1,talk,169,11,2,Over
1,talk,170,11,10,Over
1,talk,171,11,1,Over
1,talk,172,11,11,Over
1,talk,173,11,6,Over
1,talk,174,11,13,Over
1,talk,175,11,8,Over
1,talk,176,11,7,Over
1,talk,177,11,4,Over
1,talk,178,11,14,Over
1,talk,179,11,5,Over
1,talk,180,12,4,Over
1,talk,181,12,12,Over
1,talk,182,12,11,Over
1,talk,183,12,5,Over
1,talk,184,12,9,Over
1,talk,185,12,2,Over
1,talk,186,12,14,Over
1,talk,187,12,13,Over
1,talk,188,12,10,Over
1,talk,189,12,8,Over
1,talk,190,12,3,Over
1,talk,191,12,7,Over
1,talk,192,12,1,Over
1,talk,193,12,15,Over
1,talk,194,12,6,Over
1,vote,1,15
1,vote,2,15
1,vote,3,8
1,vote,4,15
1,vote,5,8
1,vote,6,15
1,vote,7,15
1,vote,8,15
1,vote,9,15
1,vote,10,6
1,vote,11,15
1,vote,12,15
1,vote,13,15
1,vote,14,3
1,vote,15,13
1,execute,15,WEREWOLF
1,divine,13,12,HUMAN
1,whisper,0,0,15,REQUEST(Agent[14] ATTACK Agent[14])
1,whisper,1,0,1,ATTACK Agent[10]
1,whisper,2,0,3,Skip
1,whisper,3,1,15,Over
1,whisper,4,1,1,Skip
1,whisper,5,1,3,Skip
1,whisper,6,2,1,Skip
1,whisper,7,2,3,Over
1,whisper,8,2,15,Over
1,whisper,9,3,1,Over
1,whisper,10,3,3,Over
1,whisper,11,3,15,Over
1,guard,14,7,VILLAGER
1,attackVote,1,10
1,attackVote,15,14
1,attack,10,true
2,status,1,WEREWOLF,ALIVE,m_cre
2,status,2,VILLAGER,ALIVE,carlo
2,status,3,WEREWOLF,ALIVE,AITKN
2,status,4,VILLAGER,ALIVE,Dummy13_09
2,status,5,POSSESSED,ALIVE,daisyo
2,status,6,VILLAGER,ALIVE,tori
2,status,7,VILLAGER,ALIVE,Dummy13_11
2,status,8,VILLAGER,ALIVE,Dummy13_07
2,status,9,VILLAGER,ALIVE,wasabi
2,status,10,MEDIUM,DEAD,TOT
2,status,11,VILLAGER,ALIVE,Dummy13_08
2,status,12,VILLAGER,ALIVE,Dummy13_10
2,status,13,SEER,ALIVE,megumish
2,status,14,BODYGUARD,ALIVE,cash
2,status,15,WEREWOLF,DEAD,JuN1Ro
2,talk,0,0,3,Skip
2,talk,1,0,9,VOTE Agent[05]
2,talk,2,0,1,VOTE Agent[05]
2,talk,3,0,12,VOTE Agent[03]
2,talk,4,0,5,Skip
2,talk,5,0,2,VOTE Agent[01]
2,talk,6,0,14,DIVINED Agent[12] HUMAN
2,talk,7,0,11,VOTE Agent[06]
2,talk,8,0,13,DIVINED Agent[12] HUMAN
2,talk,9,0,4,VOTE Agent[06]
2,talk,10,0,7,VOTE Agent[06]
2,talk,11,0,6,VOTE Agent[05]
2,talk,12,0,8,VOTE Agent[06]
2,talk,13,1,11,Skip
2,talk,14,1,14,Over
2,talk,15,1,9,VOTE Agent[14]
2,talk,16,1,13,VOTE Agent[08]
2,talk,17,1,2,Skip
2,talk,18,1,5,VOTE Agent[06]
2,talk,19,1,7,Skip
2,talk,20,1,6,Skip
2,talk,21,1,4,Skip
2,talk,22,1,12,Skip
2,talk,23,1,1,Skip
2,talk,24,1,8,Skip
2,talk,25,1,3,Skip
2,talk,26,2,14,Over
2,talk,27,2,3,Over
2,talk,28,2,7,Skip
2,talk,29,2,9,Skip
2,talk,30,2,8,Skip
2,talk,31,2,4,Skip
2,talk,32,2,13,Skip
2,talk,33,2,11,Skip
2,talk,34,2,1,Skip
2,talk,35,2,6,Skip
2,talk,36,2,2,Skip
2,talk,37,2,12,Skip
2,talk,38,2,5,AGREE TALK day2 ID:19
2,talk,39,3,7,Over
2,talk,40,3,4,Over
2,talk,41,3,8,Over
2,talk,42,3,11,Over
2,talk,43,3,5,AGREE TALK day2 ID:37
2,talk,44,3,3,Over
2,talk,45,3,13,Skip
2,talk,46,3,2,Over
2,talk,47,3,14,Over
2,talk,48,3,6,Over
2,talk,49,3,12,Over
2,talk,50,3,9,VOTE Agent[05]
2,talk,51,3,1,Over
2,talk,52,4,3,Over
2,talk,53,4,7,Over
2,talk,54,4,2,Over
2,talk,55,4,6,Over
2,talk,56,4,14,Over
2,talk,57,4,4,Over
2,talk,58,4,9,VOTE Agent[01]
2,talk,59,4,8,Over
2,talk,60,4,12,Over
2,talk,61,4,13,Over
2,talk,62,4,5,AGREE TALK day2 ID:31
2,talk,63,4,11,Over
2,talk,64,4,1,Over
2,talk,65,5,14,Over
2,talk,66,5,12,Over
2,talk,67,5,2,Over
2,talk,68,5,8,Over
2,talk,69,5,3,Over
2,talk,70,5,5,AGREE TALK day2 ID:13
2,talk,71,5,1,Over
2,talk,72,5,11,Over
2,talk,73,5,4,Over
2,talk,74,5,9,Skip
2,talk,75,5,6,Over
2,talk,76,5,13,Over
2,talk,77,5,7,Over
2,talk,78,6,9,VOTE Agent[08]
2,talk,79,6,14,Over
2,talk,80,6,1,Over
2,talk,81,6,3,Over
2,talk,82,6,12,Over
2,talk,83,6,13,Over
2,talk,84,6,2,Over
2,talk,85,6,4,Over
2,talk,86,6,8,Over
2,talk,87,6,6,Over
2,talk,88,6,7,Over
2,talk,89,6,5,AGREE TALK day2 ID:25
2,talk,90,6,11,Over
2,talk,91,7,2,Over
2,talk,92,7,4,Over
2,talk,93,7,9,VOTE Agent[05]
2,talk,94,7,12,Over
2,talk,95,7,8,Over
2,talk,96,7,7,Over
2,talk,97,7,5,AGREE TALK day2 ID:30
2,talk,98,7,14,Over
2,talk,99,7,3,Over
2,talk,100,7,13,Over
2,talk,101,7,6,Over
2,talk,102,7,11,Over
2,talk,103,7,1,Over
2,talk,104,8,9,ESTIMATE Agent[06] WEREWOLF
2,talk,105,8,3,Over
2,talk,106,8,6,Over
2,talk,107,8,5,AGREE TALK day2 ID:6
2,talk,108,8,8,Over
2,talk,109,8,4,Over
2,talk,110,8,11,Over
2,talk,111,8,12,Over
2,talk,112,8,13,Over
2,talk,113,8,14,Over
2,talk,114,8,1,Over
2,talk,115,8,2,Over
2,talk,116,8,7,Over
2,talk,117,9,4,Over
2,talk,118,9,14,Over
2,talk,119,9,8,Over
2,talk,120,9,12,Over
2,talk,121,9,11,Over
2,talk,122,9,13,Over
2,talk,123,9,3,Over
2,talk,124,9,2,Over
2,talk,125,9,7,Over
2,talk,126,9,5,AGREE TALK day2 ID:36
2,talk,127,9,1,Over
2,talk,128,9,6,Over
2,talk,129,9,9,Skip
2,talk,130,10,1,Over
2,talk,131,10,14,Over
2,talk,132,10,8,Over
2,talk,133,10,12,Over
2,talk,134,10,2,Over
2,talk,135,10,6,Over
2,talk,136,10,5,AGREE TALK day2 ID:24
2,talk,137,10,9,Over
2,talk,138,10,4,Over
2,talk,139,10,7,Over
2,talk,140,10,13,Over
2,talk,141,10,3,Over
2,talk,142,10,11,Over
2,talk,143,11,6,Over
2,talk,144,11,4,Over
2,talk,145,11,13,Over
2,talk,146,11,3,Over
2,talk,147,11,14,Over
2,talk,148,11,11,Over
2,talk,149,11,1,Over
2,talk,150,11,8,Over
2,talk,151,11,7,Over
2,talk,152,11,2,Over
2,talk,153,11,12,Over
2,talk,154,11,5,Over
2,talk,155,11,9,VOTE Agent[14]
2,talk,156,12,12,Over
2,talk,157,12,8,Over
2,talk,158,12,1,Over
2,talk,159,12,4,Over
2,talk,160,12,14,Over
2,talk,161,12,9,Over
2,talk,162,12,11,Over
2,talk,163,12,6,Over
2,talk,164,12,7,Over
2,talk,165,12,5,Over
2,talk,166,12,3,Over
2,talk,167,12,13,Over
2,talk,168,12,2,Over
2,vote,1,5
2,vote,2,1
2,vote,3,13
2,vote,4,6
2,vote,5,6
2,vote,6,5
2,vote,7,6
2,vote,8,6
2,vote,9,14
2,vote,11,6
2,vote,12,3
2,vote,13,8
2,vote,14,3
2,execute,6,VILLAGER
2,divine,13,9,HUMAN
2,whisper,0,0,3,Skip
2,whisper,1,0,1,ATTACK Agent[12]
2,whisper,2,1,1,Skip
2,whisper,3,1,3,Skip
2,whisper,4,2,1,Skip
2,whisper,5,2,3,Over
2,whisper,6,3,1,Over
2,whisper,7,3,3,Over
2,guard,14,2,VILLAGER
2,attackVote,1,12
2,attack,12,true
3,status,1,WEREWOLF,ALIVE,m_cre
3,status,2,VILLAGER,ALIVE,carlo
3,status,3,WEREWOLF,ALIVE,AITKN
3,status,4,VILLAGER,ALIVE,Dummy13_09
3,status,5,POSSESSED,ALIVE,daisyo
3,status,6,VILLAGER,DEAD,tori
3,status,7,VILLAGER,ALIVE,Dummy13_11
3,status,8,VILLAGER,ALIVE,Dummy13_07
3,status,9,VILLAGER,ALIVE,wasabi
3,status,10,MEDIUM,DEAD,TOT
3,status,11,VILLAGER,ALIVE,Dummy13_08
3,status,12,VILLAGER,DEAD,Dummy13_10
3,status,13,SEER,ALIVE,megumish
3,status,14,BODYGUARD,ALIVE,cash
3,status,15,WEREWOLF,DEAD,JuN1Ro
3,talk,0,0,2,VOTE Agent[01]
3,talk,1,0,11,VOTE Agent[07]
3,talk,2,0,3,Skip
3,talk,3,0,1,VOTE Agent[05]
3,talk,4,0,13,DIVINED Agent[09] HUMAN
3,talk,5,0,7,VOTE Agent[04]
3,talk,6,0,14,DIVINED Agent[01] HUMAN
3,talk,7,0,8,VOTE Agent[07]
3,talk,8,0,9,VOTE Agent[04]
3,talk,9,0,5,Skip
3,talk,10,0,4,VOTE Agent[13]
3,talk,11,1,4,Skip
3,talk,12,1,14,Over
3,talk,13,1,9,VOTE Agent[03]
3,talk,14,1,8,Skip
3,talk,15,1,11,Skip
3,talk,16,1,13,VOTE Agent[02]
3,talk,17,1,3,Skip
3,talk,18,1,1,Skip
3,talk,19,1,5,VOTE Agent[04]
3,talk,20,1,2,Skip
3,talk,21,1,7,Skip
3,talk,22,2,7,Skip
3,talk,23,2,8,Skip
3,talk,24,2,3,AGREE TALK day3 ID:16
3,talk,25,2,13,Skip
3,talk,26,2,2,Skip
3,talk,27,2,1,Skip
3,talk,28,2,5,AGREE TALK day3 ID:18
3,talk,29,2,9,VOTE Agent[02]
3,talk,30,2,4,Skip
3,talk,31,2,11,Skip
3,talk,32,2,14,Over
3,talk,33,3,3,AGREE TALK day3 ID:29
3,talk,34,3,14,Over
3,talk,35,3,13,Skip
3,talk,36,3,8,Over
3,talk,37,3,4,Over
3,talk,38,3,1,Over
3,talk,39,3,5,AGREE TALK day3 ID:4
3,talk,40,3,11,Over
3,talk,41,3,9,Skip
3,talk,42,3,7,Over
3,talk,43,3,2,Over
3,talk,44,4,1,Over
3,talk,45,4,14,Over
3,talk,46,4,13,Over
3,talk,47,4,11,Over
3,talk,48,4,9,VOTE Agent[04]
3,talk,49,4,8,Over
3,talk,50,4,7,Over
3,talk,51,4,4,Over
3,talk,52,4,5,AGREE TALK day3 ID:26
3,talk,53,4,3,Skip
3,talk,54,4,2,Over
3,talk,55,5,13,Over
3,talk,56,5,9,Skip
3,talk,57,5,2,Over
3,talk,58,5,3,Skip
3,talk,59,5,14,Over
3,talk,60,5,1,Over
3,talk,61,5,4,Over
3,talk,62,5,7,Over
3,talk,63,5,8,Over
3,talk,64,5,5,AGREE TALK day3 ID:11
3,talk,65,5,11,Over
3,talk,66,6,4,Over
3,talk,67,6,5,AGREE TALK day3 ID:30
3,talk,68,6,14,Over
3,talk,69,6,1,Over
3,talk,70,6,13,Over
3,talk,71,6,9,VOTE Agent[05]
3,talk,72,6,2,Over
3,talk,73,6,7,Over
3,talk,74,6,8,Over
3,talk,75,6,3,Over
3,talk,76,6,11,Over
3,talk,77,7,5,AGREE TALK day3 ID:58
3,talk,78,7,8,Over
3,talk,79,7,14,Over
3,talk,80,7,9,Skip
3,talk,81,7,2,Over
3,talk,82,7,1,Over
3,talk,83,7,4,Over
3,talk,84,7,13,Over
3,talk,85,7,7,Over
3,talk,86,7,11,Over
3,talk,87,7,3,Over
3,talk,88,8,3,Over
3,talk,89,8,14,Over
3,talk,90,8,1,Over
3,talk,91,8,9,ESTIMATE Agent[03] VILLAGER
3,talk,92,8,5,AGREE TALK day3 ID:80
3,talk,93,8,4,Over
3,talk,94,8,11,Over
3,talk,95,8,7,Over
3,talk,96,8,2,Over
3,talk,97,8,8,Over
3,talk,98,8,13,Over
3,talk,99,9,5,AGREE TALK day3 ID:17
3,talk,100,9,3,Over
3,talk,101,9,4,Over
3,talk,102,9,9,Over
3,talk,103,9,11,Over
3,talk,104,9,13,Over
3,talk,105,9,1,Over
3,talk,106,9,14,Over
3,talk,107,9,7,Over
3,talk,108,9,2,Over
3,talk,109,9,8,Over
3,talk,110,10,7,Over
3,talk,111,10,14,Over
3,talk,112,10,1,Over
3,talk,113,10,5,AGREE TALK day3 ID:35
3,talk,114,10,8,Over
3,talk,115,10,4,Over
3,talk,116,10,9,VOTE Agent[11]
3,talk,117,10,11,Over
3,talk,118,10,13,Over
3,talk,119,10,2,Over
3,talk,120,10,3,Over
3,talk,121,11,3,Over
3,talk,122,11,14,Over
3,talk,123,11,8,Over
3,talk,124,11,7,Over
3,talk,125,11,1,Over
3,talk,126,11,4,Over
3,talk,127,11,5,Over
3,talk,128,11,9,VOTE Agent[05]
3,talk,129,11,13,Over
3,talk,130,11,11,Over
3,talk,131,11,2,Over
3,talk,132,12,5,Over
3,talk,133,12,4,Over
3,talk,134,12,14,Over
3,talk,135,12,8,Over
3,talk,136,12,2,Over
3,talk,137,12,13,Over
3,talk,138,12,7,Over
3,talk,139,12,1,Over
3,talk,140,12,11,Over
3,talk,141,12,9,VOTE Agent[14]
3,talk,142,12,3,Over
3,talk,143,13,11,Over
3,talk,144,13,1,Over
3,talk,145,13,13,Over
3,talk,146,13,7,Over
3,talk,147,13,4,Over
3,talk,148,13,3,Over
3,talk,149,13,2,Over
3,talk,150,13,14,Over
3,talk,151,13,8,Over
3,talk,152,13,5,Over
3,talk,153,13,9,Over
3,vote,1,5
3,vote,2,1
3,vote,3,13
3,vote,4,13
3,vote,5,4
3,vote,7,4
3,vote,8,7
3,vote,9,14
3,vote,11,7
3,vote,13,2
3,vote,14,5
3,vote,1,5
3,vote,2,1
3,vote,3,8
3,vote,4,13
3,vote,5,4
3,vote,7,4
3,vote,8,7
3,vote,9,8
3,vote,11,7
3,vote,13,2
3,vote,14,4
3,execute,4,VILLAGER
3,divine,13,2,HUMAN
3,whisper,0,0,3,Skip
3,whisper,1,0,1,ATTACK Agent[09]
3,whisper,2,1,3,Skip
3,whisper,3,1,1,Skip
3,whisper,4,2,1,Skip
3,whisper,5,2,3,Over
3,whisper,6,3,3,Over
3,whisper,7,3,1,Over
3,guard,14,5,POSSESSED
3,attackVote,1,9
3,attack,9,true
4,status,1,WEREWOLF,ALIVE,m_cre
4,status,2,VILLAGER,ALIVE,carlo
4,status,3,WEREWOLF,ALIVE,AITKN
4,status,4,VILLAGER,DEAD,Dummy13_09
4,status,5,POSSESSED,ALIVE,daisyo
4,status,6,VILLAGER,DEAD,tori
4,status,7,VILLAGER,ALIVE,Dummy13_11
4,status,8,VILLAGER,ALIVE,Dummy13_07
4,status,9,VILLAGER,DEAD,wasabi
4,status,10,MEDIUM,DEAD,TOT
4,status,11,VILLAGER,ALIVE,Dummy13_08
4,status,12,VILLAGER,DEAD,Dummy13_10
4,status,13,SEER,ALIVE,megumish
4,status,14,BODYGUARD,ALIVE,cash
4,status,15,WEREWOLF,DEAD,JuN1Ro
4,talk,0,0,7,VOTE Agent[01]
4,talk,1,0,14,DIVINED Agent[07] HUMAN
4,talk,2,0,1,VOTE Agent[02]
4,talk,3,0,2,VOTE Agent[01]
4,talk,4,0,11,VOTE Agent[02]
4,talk,5,0,5,Skip
4,talk,6,0,8,VOTE Agent[14]
4,talk,7,0,13,DIVINED Agent[02] HUMAN
4,talk,8,0,3,Skip
4,talk,9,1,13,VOTE Agent[08]
4,talk,10,1,5,VOTE Agent[01]
4,talk,11,1,2,Skip
4,talk,12,1,8,Skip
4,talk,13,1,1,VOTE Agent[05]
4,talk,14,1,7,Skip
4,talk,15,1,11,Skip
4,talk,16,1,3,AGREE TALK day4 ID:2
4,talk,17,1,14,Over
4,talk,18,2,11,Skip
4,talk,19,2,5,AGREE TALK day4 ID:11
4,talk,20,2,1,Skip
4,talk,21,2,14,Over
4,talk,22,2,8,Skip
4,talk,23,2,13,Skip
4,talk,24,2,2,Skip
4,talk,25,2,7,Skip
4,talk,26,2,3,AGREE TALK day4 ID:4
4,talk,27,3,7,Over
4,talk,28,3,14,Over
4,talk,29,3,3,Skip
4,talk,30,3,1,Skip
4,talk,31,3,2,Over
4,talk,32,3,13,Skip
4,talk,33,3,5,AGREE TALK day4 ID:24
4,talk,34,3,11,Over
4,talk,35,3,8,Over
4,talk,36,4,1,Over
4,talk,37,4,7,Over
4,talk,38,4,2,Over
4,talk,39,4,3,Skip
4,talk,40,4,14,Over
4,talk,41,4,8,Over
4,talk,42,4,13,Over
4,talk,43,4,11,Over
4,talk,44,4,5,AGREE TALK day4 ID:1
4,talk,45,5,5,AGREE TALK day4 ID:20
4,talk,46,5,1,Over
4,talk,47,5,14,Over
4,talk,48,5,3,Over
4,talk,49,5,11,Over
4,talk,50,5,8,Over
4,talk,51,5,7,Over
4,talk,52,5,13,Over
4,talk,53,5,2,Over
4,talk,54,6,3,Over
4,talk,55,6,11,Over
4,talk,56,6,8,Over
4,talk,57,6,13,Over
4,talk,58,6,2,Over
4,talk,59,6,1,Over
4,talk,60,6,7,Over
4,talk,61,6,14,Over
4,talk,62,6,5,AGREE TALK day4 ID:23
4,talk,63,7,7,Over
4,talk,64,7,2,Over
4,talk,65,7,8,Over
4,talk,66,7,1,Over
4,talk,67,7,13,Over
4,talk,68,7,14,Over
4,talk,69,7,5,AGREE TALK day4 ID:29
4,talk,70,7,3,Over
4,talk,71,7,11,Over
4,talk,72,8,14,Over
4,talk,73,8,3,Over
4,talk,74,8,11,Over
4,talk,75,8,2,Over
4,talk,76,8,5,AGREE TALK day4 ID:18
4,talk,77,8,8,Over
4,talk,78,8,13,Over
4,talk,79,8,1,Over
4,talk,80,8,7,Over
4,talk,81,9,3,Over
4,talk,82,9,8,Over
4,talk,83,9,14,Over
4,talk,84,9,7,Over
4,talk,85,9,2,Over
4,talk,86,9,1,Over
4,talk,87,9,5,AGREE TALK day4 ID:39
4,talk,88,9,11,Over
4,talk,89,9,13,Over
4,talk,90,10,7,Over
4,talk,91,10,8,Over
4,talk,92,10,3,Over
4,talk,93,10,2,Over
4,talk,94,10,14,Over
4,talk,95,10,13,Over
4,talk,96,10,5,AGREE TALK day4 ID:25
4,talk,97,10,11,Over
4,talk,98,10,1,Over
4,talk,99,11,13,Over
4,talk,100,11,1,Over
4,talk,101,11,3,Over
4,talk,102,11,2,Over
4,talk,103,11,11,Over
4,talk,104,11,8,Over
4,talk,105,11,7,Over
4,talk,106,11,14,Over
4,talk,107,11,5,Over
4,vote,1,5
4,vote,2,1
4,vote,3,14
4,vote,5,1
4,vote,7,1
4,vote,8,14
4,vote,11,2
4,vote,13,8
4,vote,14,8
4,execute,1,WEREWOLF
4,divine,13,5,HUMAN
4,whisper,0,0,1,ATTACK Agent[02]
4,whisper,1,0,3,Skip
4,whisper,2,1,1,Skip
4,whisper,3,1,3,Skip
4,whisper,4,2,3,Over
4,whisper,5,2,1,Skip
4,whisper,6,3,1,Over
4,whisper,7,3,3,Over
4,guard,14,2,VILLAGER
4,attackVote,1,2
4,attackVote,1,2
4,attack,8,true
5,status,1,WEREWOLF,DEAD,m_cre
5,status,2,VILLAGER,ALIVE,carlo
5,status,3,WEREWOLF,ALIVE,AITKN
5,status,4,VILLAGER,DEAD,Dummy13_09
5,status,5,POSSESSED,ALIVE,daisyo
5,status,6,VILLAGER,DEAD,tori
5,status,7,VILLAGER,ALIVE,Dummy13_11
5,status,8,VILLAGER,DEAD,Dummy13_07
5,status,9,VILLAGER,DEAD,wasabi
5,status,10,MEDIUM,DEAD,TOT
5,status,11,VILLAGER,ALIVE,Dummy13_08
5,status,12,VILLAGER,DEAD,Dummy13_10
5,status,13,SEER,ALIVE,megumish
5,status,14,BODYGUARD,ALIVE,cash
5,status,15,WEREWOLF,DEAD,JuN1Ro
5,talk,0,0,7,VOTE Agent[03]
5,talk,1,0,13,DIVINED Agent[05] HUMAN
5,talk,2,0,2,VOTE Agent[13]
5,talk,3,0,14,DIVINED Agent[05] HUMAN
5,talk,4,0,11,VOTE Agent[14]
5,talk,5,0,3,Skip
5,talk,6,0,5,Skip
5,talk,7,1,7,Skip
5,talk,8,1,3,Skip
5,talk,9,1,5,VOTE Agent[03]
5,talk,10,1,14,Over
5,talk,11,1,2,Skip
5,talk,12,1,11,Skip
5,talk,13,1,13,VOTE Agent[04]
5,talk,14,2,13,Skip
5,talk,15,2,3,Over
5,talk,16,2,11,Skip
5,talk,17,2,5,AGREE TALK day5 ID:7
5,talk,18,2,14,Over
5,talk,19,2,2,Skip
5,talk,20,2,7,Skip
5,talk,21,3,7,Over
5,talk,22,3,14,Over
5,talk,23,3,13,Skip
5,talk,24,3,2,Over
5,talk,25,3,11,Over
5,talk,26,3,5,AGREE TALK day5 ID:8
5,talk,27,3,3,Over
5,talk,28,4,14,Over
5,talk,29,4,2,Over
5,talk,30,4,11,Over
5,talk,31,4,3,Over
5,talk,32,4,5,AGREE TALK day5 ID:11
5,talk,33,4,13,Over
5,talk,34,4,7,Over
5,talk,35,5,5,AGREE TALK day5 ID:19
5,talk,36,5,11,Over
5,talk,37,5,14,Over
5,talk,38,5,13,Over
5,talk,39,5,3,Over
5,talk,40,5,7,Over
5,talk,41,5,2,Over
5,talk,42,6,3,Over
5,talk,43,6,7,Over
5,talk,44,6,11,Over
5,talk,45,6,2,Over
5,talk,46,6,14,Over
5,talk,47,6,13,Over
5,talk,48,6,5,AGREE TALK day5 ID:16
5,talk,49,7,7,Over
5,talk,50,7,2,Over
5,talk,51,7,14,Over
5,talk,52,7,11,Over
5,talk,53,7,13,Over
5,talk,54,7,5,AGREE TALK day5 ID:14
5,talk,55,7,3,Over
5,talk,56,8,7,Over
5,talk,57,8,2,Over
5,talk,58,8,13,Over
5,talk,59,8,11,Over
5,talk,60,8,14,Over
5,talk,61,8,5,AGREE TALK day5 ID:3
5,talk,62,8,3,Over
5,talk,63,9,5,AGREE TALK day5 ID:1
5,talk,64,9,11,Over
5,talk,65,9,7,Over
5,talk,66,9,13,Over
5,talk,67,9,3,Over
5,talk,68,9,14,Over
5,talk,69,9,2,Over
5,talk,70,10,3,Over
5,talk,71,10,5,AGREE TALK day5 ID:5
5,talk,72,10,14,Over
5,talk,73,10,7,Over
5,talk,74,10,13,Over
5,talk,75,10,11,Over
5,talk,76,10,2,Over
5,talk,77,11,7,Over
5,talk,78,11,11,Over
5,talk,79,11,2,Over
5,talk,80,11,5,Over
5,talk,81,11,3,Over
5,talk,82,11,14,Over
5,talk,83,11,13,Over
5,vote,2,13
5,vote,3,13
5,vote,5,3
5,vote,7,3
5,vote,11,14
5,vote,13,5
5,vote,14,11
5,vote,2,13
5,vote,3,11
5,vote,5,3
5,vote,7,3
5,vote,11,3
5,vote,13,7
5,vote,14,2
5,execute,3,WEREWOLF
5,divine,13,11,HUMAN
5,guard,14,11,VILLAGER
6,status,1,WEREWOLF,DEAD,m_cre
6,status,2,VILLAGER,ALIVE,carlo
6,status,3,WEREWOLF,DEAD,AITKN
6,status,4,VILLAGER,DEAD,Dummy13_09
6,status,5,POSSESSED,ALIVE,daisyo
6,status,6,VILLAGER,DEAD,tori
6,status,7,VILLAGER,ALIVE,Dummy13_11
6,status,8,VILLAGER,DEAD,Dummy13_07
6,status,9,VILLAGER,DEAD,wasabi
6,status,10,MEDIUM,DEAD,TOT
6,status,11,VILLAGER,ALIVE,Dummy13_08
6,status,12,VILLAGER,DEAD,Dummy13_10
6,status,13,SEER,ALIVE,megumish
6,status,14,BODYGUARD,ALIVE,cash
6,status,15,WEREWOLF,DEAD,JuN1Ro
6,result,6,0,VILLAGER
