0,status,1,BODYGUARD,ALIVE,m_cre
0,status,2,MEDIUM,ALIVE,carlo
0,status,3,WEREWOLF,ALIVE,AITKN
0,status,4,WEREWOLF,ALIVE,Dummy13_09
0,status,5,VILLAGER,ALIVE,daisyo
0,status,6,SEER,ALIVE,tori
0,status,7,VILLAGER,ALIVE,Dummy13_11
0,status,8,VILLAGER,ALIVE,Dummy13_07
0,status,9,VILLAGER,ALIVE,wasabi
0,status,10,POSSESSED,ALIVE,TOT
0,status,11,VILLAGER,ALIVE,Dummy13_08
0,status,12,VILLAGER,ALIVE,Dummy13_10
0,status,13,VILLAGER,ALIVE,megumish
0,status,14,WEREWOLF,ALIVE,cash
0,status,15,VILLAGER,ALIVE,JuN1Ro
0,whisper,0,0,3,Skip
0,whisper,1,0,4,COMINGOUT Agent[04] VILLAGER
0,whisper,2,0,14,Over
0,whisper,3,1,4,COMINGOUT Agent[04] MEDIUM
0,whisper,4,1,14,Over
0,whisper,5,1,3,Skip
0,whisper,6,2,14,Over
0,whisper,7,2,3,Over
0,whisper,8,2,4,Skip
0,whisper,9,3,14,Over
0,whisper,10,3,3,Over
0,whisper,11,3,4,Skip
0,whisper,12,4,3,Over
0,whisper,13,4,14,Over
0,whisper,14,4,4,Over
0,divine,6,5,HUMAN
1,status,1,BODYGUARD,ALIVE,m_cre
1,status,2,MEDIUM,ALIVE,carlo
1,status,3,WEREWOLF,ALIVE,AITKN
1,status,4,WEREWOLF,ALIVE,Dummy13_09
1,status,5,VILLAGER,ALIVE,daisyo
1,status,6,SEER,ALIVE,tori
1,status,7,VILLAGER,ALIVE,Dummy13_11
1,status,8,VILLAGER,ALIVE,Dummy13_07
1,status,9,VILLAGER,ALIVE,wasabi
1,status,10,POSSESSED,ALIVE,TOT
1,status,11,VILLAGER,ALIVE,Dummy13_08
1,status,12,VILLAGER,ALIVE,Dummy13_10
1,status,13,VILLAGER,ALIVE,megumish
1,status,14,WEREWOLF,ALIVE,cash
1,status,15,VILLAGER,ALIVE,JuN1Ro
1,talk,0,0,15,COMINGOUT Agent[15] SEER
1,talk,1,0,7,VOTE Agent[09]
1,talk,2,0,4,VOTE Agent[01]
1,talk,3,0,11,VOTE Agent[13]
1,talk,4,0,3,Skip
1,talk,5,0,8,VOTE Agent[13]
1,talk,6,0,2,VOTE Agent[01]
1,talk,7,0,1,VOTE Agent[09]
1,talk,8,0,6,COMINGOUT Agent[06] SEER
1,talk,9,0,9,Skip
1,talk,10,0,14,DIVINED Agent[07] HUMAN
1,talk,11,0,10,COMINGOUT Agent[10] SEER
1,talk,12,0,5,REQUEST(COMINGOUT Agent[05] SEER)
1,talk,13,0,12,VOTE Agent[05]
1,talk,14,0,13,VOTE Agent[08]
1,talk,15,1,12,ESTIMATE Agent[14] SEER
1,talk,16,1,7,ESTIMATE Agent[14] SEER
1,talk,17,1,2,Skip
1,talk,18,1,4,REQUEST(VOTE Agent[01])
1,talk,19,1,1,VOTE Agent[10]
1,talk,20,1,10,DIVINED Agent[02] HUMAN
1,talk,21,1,15,ESTIMATE Agent[11] WEREWOLF
1,talk,22,1,9,VOTE Agent[07]
1,talk,23,1,5,VOTE Agent[01]
1,talk,24,1,3,AGREE TALK day1 ID:2
1,talk,25,1,14,Over
1,talk,26,1,6,DIVINED Agent[05] HUMAN
1,talk,27,1,13,Skip
1,talk,28,1,11,ESTIMATE Agent[14] SEER
1,talk,29,1,8,ESTIMATE Agent[14] SEER
1,talk,30,2,12,Skip
1,talk,31,2,9,ESTIMATE Agent[08] VILLAGER
1,talk,32,2,6,ESTIMATE Agent[10] WEREWOLF
1,talk,33,2,5,AGREE TALK day1 ID:27
1,talk,34,2,7,Skip
1,talk,35,2,4,Skip
1,talk,36,2,3,AGREE TALK day1 ID:6
1,talk,37,2,14,Over
1,talk,38,2,11,Skip
1,talk,39,2,2,Skip
1,talk,40,2,10,ESTIMATE Agent[04] WEREWOLF
1,talk,41,2,15,COMINGOUT Agent[15] VILLAGER
1,talk,42,2,8,Skip
1,talk,43,2,13,Skip
1,talk,44,2,1,VOTE Agent[15]
1,talk,45,3,11,Skip
1,talk,46,3,7,Skip
1,talk,47,3,9,Skip
1,talk,48,3,4,Skip
1,talk,49,3,14,Over
1,talk,50,3,10,REQUEST(DIVINATION Agent[04])
1,talk,51,3,15,VOTE Agent[11]
1,talk,52,3,12,Skip
1,talk,53,3,1,Skip
1,talk,54,3,5,AGREE TALK day1 ID:38
1,talk,55,3,6,VOTE Agent[10]
1,talk,56,3,3,AGREE TALK day1 ID:13
1,talk,57,3,8,Skip
1,talk,58,3,2,Over
1,talk,59,3,13,Over
1,talk,60,4,11,Over
1,talk,61,4,10,VOTE Agent[04]
1,talk,62,4,7,Over
1,talk,63,4,3,AGREE TALK day1 ID:23
1,talk,64,4,13,Over
1,talk,65,4,15,ESTIMATE Agent[02] VILLAGER
1,talk,66,4,1,Skip
1,talk,67,4,12,Over
1,talk,68,4,5,AGREE TALK day1 ID:39
1,talk,69,4,9,VOTE Agent[15]
1,talk,70,4,2,Over
1,talk,71,4,6,Skip
1,talk,72,4,4,Over
1,talk,73,4,14,Over
1,talk,74,4,8,Over
1,talk,75,5,15,ESTIMATE Agent[06] WEREWOLF
1,talk,76,5,5,AGREE TALK day1 ID:47
1,talk,77,5,7,Over
1,talk,78,5,8,Over
1,talk,79,5,3,AGREE TALK day1 ID:32
1,talk,80,5,4,Over
1,talk,81,5,10,REQUEST(VOTE Agent[04])
1,talk,82,5,14,Over
1,talk,83,5,2,Over
1,talk,84,5,9,ESTIMATE Agent[04] VILLAGER
1,talk,85,5,12,Over
1,talk,86,5,6,Skip
1,talk,87,5,11,Over
1,talk,88,5,13,Over
1,talk,89,5,1,Over
1,talk,90,6,12,Over
1,talk,91,6,15,Over
1,talk,92,6,13,Over
1,talk,93,6,6,Over
1,talk,94,6,14,Over
1,talk,95,6,5,AGREE TALK day1 ID:42
1,talk,96,6,11,Over
1,talk,97,6,3,AGREE TALK day1 ID:40
1,talk,98,6,7,Over
1,talk,99,6,2,Over
1,talk,100,6,8,Over
1,talk,101,6,10,ESTIMATE Agent[15] WEREWOLF
1,talk,102,6,9,ESTIMATE Agent[11] VILLAGER
1,talk,103,6,1,Over
1,talk,104,6,4,Over
1,talk,105,7,13,Over
1,talk,106,7,8,Over
1,talk,107,7,6,Over
1,talk,108,7,10,REQUEST(DIVINATION Agent[15])
1,talk,109,7,7,Over
1,talk,110,7,2,Over
1,talk,111,7,5,AGREE TALK day1 ID:84
1,talk,112,7,11,Over
1,talk,113,7,12,Over
1,talk,114,7,1,Over
1,talk,115,7,9,ESTIMATE Agent[13] VILLAGER
1,talk,116,7,14,Over
1,talk,117,7,4,Over
1,talk,118,7,15,Over
1,talk,119,7,3,DISAGREE TALK day1 ID:101
1,talk,120,8,3,Skip
1,talk,121,8,8,Over
1,talk,122,8,1,Over
1,talk,123,8,12,Over
1,talk,124,8,14,Over
1,talk,125,8,11,Over
1,talk,126,8,5,AGREE TALK day1 ID:29
1,talk,127,8,4,Over
1,talk,128,8,9,Skip
1,talk,129,8,13,Over
1,talk,130,8,15,ESTIMATE Agent[06] WEREWOLF
1,talk,131,8,10,VOTE Agent[15]
1,talk,132,8,7,Over
1,talk,133,8,2,Over
1,talk,134,8,6,Over
1,talk,135,9,7,Over
1,talk,136,9,9,ESTIMATE Agent[08] VILLAGER
1,talk,137,9,3,Skip
1,talk,138,9,14,Over
1,talk,139,9,10,REQUEST(VOTE Agent[15])
1,talk,140,9,4,Over
1,talk,141,9,11,Over
1,talk,142,9,5,AGREE TALK day1 ID:31
1,talk,143,9,1,Over
1,talk,144,9,2,Over
1,talk,145,9,13,Over
1,talk,146,9,12,Over
1,talk,147,9,15,ESTIMATE Agent[02] VILLAGER
1,talk,148,9,8,Over
1,talk,149,9,6,Over
1,talk,150,10,13,Over
1,talk,151,10,4,Over
1,talk,152,10,11,Over
1,talk,153,10,10,Over
1,talk,154,10,3,Over
1,talk,155,10,1,Over
1,talk,156,10,2,Over
1,talk,157,10,12,Over
1,talk,158,10,14,Over
1,talk,159,10,8,Over
1,talk,160,10,6,Over
1,talk,161,10,5,Over
1,talk,162,10,7,Over
1,talk,163,10,9,Over
1,talk,164,10,15,Over
1,vote,1,15
1,vote,2,1
1,vote,3,13
1,vote,4,1
1,vote,5,1
1,vote,6,10
1,vote,7,9
1,vote,8,13
1,vote,9,15
1,vote,10,6
1,vote,11,13
1,vote,12,5
1,vote,13,8
1,vote,14,13
1,vote,15,6
1,execute,13,VILLAGER
1,divine,6,10,HUMAN
1,whisper,0,0,4,ATTACK Agent[06]
1,whisper,1,0,3,Skip
1,whisper,2,0,14,Over
1,whisper,3,1,4,REQUEST(ATTACK Agent[06])
1,whisper,4,1,14,Over
1,whisper,5,1,3,Skip
1,whisper,6,2,4,Skip
1,whisper,7,2,3,Over
1,whisper,8,2,14,Over
1,whisper,9,3,14,Over
1,whisper,10,3,4,Skip
1,whisper,11,3,3,Over
1,whisper,12,4,3,Over
1,whisper,13,4,4,Over
1,whisper,14,4,14,Over
1,guard,1,7,VILLAGER
1,attackVote,4,6
1,attackVote,14,5
1,attackVote,4,6
1,attackVote,14,13
1,attack,13,true
2,status,1,BODYGUARD,ALIVE,m_cre
2,status,2,MEDIUM,ALIVE,carlo
2,status,3,WEREWOLF,ALIVE,AITKN
2,status,4,WEREWOLF,ALIVE,Dummy13_09
2,status,5,VILLAGER,ALIVE,daisyo
2,status,6,SEER,ALIVE,tori
2,status,7,VILLAGER,ALIVE,Dummy13_11
2,status,8,VILLAGER,ALIVE,Dummy13_07
2,status,9,VILLAGER,ALIVE,wasabi
2,status,10,POSSESSED,ALIVE,TOT
2,status,11,VILLAGER,ALIVE,Dummy13_08
2,status,12,VILLAGER,ALIVE,Dummy13_10
2,status,13,VILLAGER,DEAD,megumish
2,status,14,WEREWOLF,ALIVE,cash
2,status,15,VILLAGER,ALIVE,JuN1Ro
2,talk,0,0,9,Skip
2,talk,1,0,15,VOTE Agent[06]
2,talk,2,0,4,VOTE Agent[07]
2,talk,3,0,5,Skip
2,talk,4,0,7,VOTE Agent[09]
2,talk,5,0,2,COMINGOUT Agent[02] MEDIUM
2,talk,6,0,6,DIVINED Agent[10] HUMAN
2,talk,7,0,11,VOTE Agent[04]
2,talk,8,0,14,DIVINED Agent[03] HUMAN
2,talk,9,0,12,VOTE Agent[04]
2,talk,10,0,3,Skip
2,talk,11,0,10,DIVINED Agent[04] HUMAN
2,talk,12,0,1,VOTE Agent[15]
2,talk,13,0,8,VOTE Agent[04]
2,talk,14,1,3,Skip
2,talk,15,1,9,Skip
2,talk,16,1,10,ESTIMATE Agent[06] WEREWOLF
2,talk,17,1,14,Over
2,talk,18,1,15,Over
2,talk,19,1,4,REQUEST(VOTE Agent[07])
2,talk,20,1,12,Skip
2,talk,21,1,1,Skip
2,talk,22,1,8,Skip
2,talk,23,1,7,Skip
2,talk,24,1,6,VOTE Agent[10]
2,talk,25,1,11,Skip
2,talk,26,1,2,IDENTIFIED Agent[13] HUMAN
2,talk,27,1,5,VOTE Agent[04]
2,talk,28,2,14,Over
2,talk,29,2,6,Skip
2,talk,30,2,4,VOTE Agent[02]
2,talk,31,2,10,REQUEST(DIVINATION Agent[06])
2,talk,32,2,1,Skip
2,talk,33,2,9,Over
2,talk,34,2,8,Skip
2,talk,35,2,11,Skip
2,talk,36,2,2,VOTE Agent[01]
2,talk,37,2,5,AGREE TALK day2 ID:22
2,talk,38,2,12,Skip
2,talk,39,2,15,ESTIMATE Agent[02] WEREWOLF
2,talk,40,2,3,Over
2,talk,41,2,7,Skip
2,talk,42,3,5,AGREE TALK day2 ID:32
2,talk,43,3,10,VOTE Agent[06]
2,talk,44,3,14,Over
2,talk,45,3,6,Skip
2,talk,46,3,7,Over
2,talk,47,3,8,Over
2,talk,48,3,15,VOTE Agent[02]
2,talk,49,3,3,AGREE TALK day2 ID:30
2,talk,50,3,1,Over
2,talk,51,3,11,Over
2,talk,52,3,12,Over
2,talk,53,3,9,VOTE Agent[15]
2,talk,54,3,2,Skip
2,talk,55,3,4,REQUEST(VOTE Agent[02])
2,talk,56,4,4,COMINGOUT Agent[04] MEDIUM
2,talk,57,4,1,Over
2,talk,58,4,9,ESTIMATE Agent[12] VILLAGER
2,talk,59,4,10,REQUEST(VOTE Agent[06])
2,talk,60,4,7,Over
2,talk,61,4,12,Over
2,talk,62,4,2,Skip
2,talk,63,4,14,Over
2,talk,64,4,11,Over
2,talk,65,4,3,AGREE TALK day2 ID:48
2,talk,66,4,5,AGREE TALK day2 ID:8
2,talk,67,4,8,Over
2,talk,68,4,6,Over
2,talk,69,4,15,Over
2,talk,70,5,5,AGREE TALK day2 ID:54
2,talk,71,5,12,Over
2,talk,72,5,7,Over
2,talk,73,5,4,Skip
2,talk,74,5,3,AGREE TALK day2 ID:55
2,talk,75,5,6,Over
2,talk,76,5,14,Over
2,talk,77,5,1,Over
2,talk,78,5,2,Over
2,talk,79,5,8,Over
2,talk,80,5,15,Over
2,talk,81,5,11,Over
2,talk,82,5,9,ESTIMATE Agent[01] VILLAGER
2,talk,83,5,10,Skip
2,talk,84,6,1,Over
2,talk,85,6,7,Over
2,talk,86,6,5,AGREE TALK day2 ID:6
2,talk,87,6,11,Over
2,talk,88,6,9,ESTIMATE Agent[12] VILLAGER
2,talk,89,6,2,Over
2,talk,90,6,14,Over
2,talk,91,6,3,Skip
2,talk,92,6,10,Skip
2,talk,93,6,12,Over
2,talk,94,6,15,ESTIMATE Agent[02] VILLAGER
2,talk,95,6,4,Skip
2,talk,96,6,6,Over
2,talk,97,6,8,Over
2,talk,98,7,14,Over
2,talk,99,7,5,AGREE TALK day2 ID:29
2,talk,100,7,10,Over
2,talk,101,7,12,Over
2,talk,102,7,9,Over
2,talk,103,7,2,Over
2,talk,104,7,3,Skip
2,talk,105,7,7,Over
2,talk,106,7,8,Over
2,talk,107,7,1,Over
2,talk,108,7,15,Over
2,talk,109,7,4,Over
2,talk,110,7,11,Over
2,talk,111,7,6,Over
2,talk,112,8,3,Over
2,talk,113,8,7,Over
2,talk,114,8,5,AGREE TALK day2 ID:92
2,talk,115,8,8,Over
2,talk,116,8,14,Over
2,talk,117,8,11,Over
2,talk,118,8,1,Over
2,talk,119,8,9,ESTIMATE Agent[03] VILLAGER
2,talk,120,8,12,Over
2,talk,121,8,4,Over
2,talk,122,8,15,Over
2,talk,123,8,6,Over
2,talk,124,8,10,Over
2,talk,125,8,2,Over
2,talk,126,9,12,Over
2,talk,127,9,1,Over
2,talk,128,9,2,Over
2,talk,129,9,8,Over
2,talk,130,9,11,Over
2,talk,131,9,4,Over
2,talk,132,9,5,AGREE TALK day2 ID:15
2,talk,133,9,10,Over
2,talk,134,9,14,Over
2,talk,135,9,6,Over
2,talk,136,9,15,ESTIMATE Agent[02] VILLAGER
2,talk,137,9,7,Over
2,talk,138,9,9,ESTIMATE Agent[07] VILLAGER
2,talk,139,9,3,Over
2,talk,140,10,1,Over
2,talk,141,10,7,Over
2,talk,142,10,10,Over
2,talk,143,10,5,AGREE TALK day2 ID:11
2,talk,144,10,6,Over
2,talk,145,10,4,Over
2,talk,146,10,3,Over
2,talk,147,10,12,Over
2,talk,148,10,11,Over
2,talk,149,10,9,ESTIMATE Agent[03] VILLAGER
2,talk,150,10,15,Over
2,talk,151,10,8,Over
2,talk,152,10,14,Over
2,talk,153,10,2,Over
2,talk,154,11,10,Over
2,talk,155,11,1,Over
2,talk,156,11,8,Over
2,talk,157,11,9,Over
2,talk,158,11,6,Over
2,talk,159,11,12,Over
2,talk,160,11,11,Over
2,talk,161,11,4,Over
2,talk,162,11,3,Over
2,talk,163,11,14,Over
2,talk,164,11,7,Over
2,talk,165,11,15,Over
2,talk,166,11,5,Over
2,talk,167,11,2,Over
2,vote,1,15
2,vote,2,1
2,vote,3,8
2,vote,4,2
2,vote,5,4
2,vote,6,10
2,vote,7,9
2,vote,8,4
2,vote,9,15
2,vote,10,6
2,vote,11,4
2,vote,12,4
2,vote,14,11
2,vote,15,4
2,execute,4,WEREWOLF
2,divine,6,9,HUMAN
2,whisper,0,0,14,Over
2,whisper,1,0,4,ESTIMATE Agent[10] POSSESSED
2,whisper,2,0,3,Skip
2,whisper,3,1,3,Skip
2,whisper,4,1,14,Over
2,whisper,5,1,4,ATTACK Agent[06]
2,whisper,6,2,3,Over
2,whisper,7,2,14,Over
2,whisper,8,2,4,REQUEST(ATTACK Agent[06])
2,whisper,9,3,3,Over
2,whisper,10,3,14,Over
2,whisper,11,3,4,Skip
2,whisper,12,4,4,Skip
2,whisper,13,4,3,Over
2,whisper,14,4,14,Over
2,whisper,15,5,3,Over
2,whisper,16,5,4,Over
2,whisper,17,5,14,Over
2,guard,1,7,VILLAGER
2,attackVote,4,6
2,attackVote,14,9
2,attack,9,true
3,status,1,BODYGUARD,ALIVE,m_cre
3,status,2,MEDIUM,ALIVE,carlo
3,status,3,WEREWOLF,ALIVE,AITKN
3,status,4,WEREWOLF,DEAD,Dummy13_09
3,status,5,VILLAGER,ALIVE,daisyo
3,status,6,SEER,ALIVE,tori
3,status,7,VILLAGER,ALIVE,Dummy13_11
3,status,8,VILLAGER,ALIVE,Dummy13_07
3,status,9,VILLAGER,DEAD,wasabi
3,status,10,POSSESSED,ALIVE,TOT
3,status,11,VILLAGER,ALIVE,Dummy13_08
3,status,12,VILLAGER,ALIVE,Dummy13_10
3,status,13,VILLAGER,DEAD,megumish
3,status,14,WEREWOLF,ALIVE,cash
3,status,15,VILLAGER,ALIVE,JuN1Ro
3,talk,0,0,7,VOTE Agent[06]
3,talk,1,0,10,DIVINED Agent[01] HUMAN
3,talk,2,0,1,VOTE Agent[15]
3,talk,3,0,11,VOTE Agent[03]
3,talk,4,0,14,DIVINED Agent[05] HUMAN
3,talk,5,0,8,VOTE Agent[11]
3,talk,6,0,5,Skip
3,talk,7,0,3,Skip
3,talk,8,0,15,ESTIMATE Agent[02] WEREWOLF
3,talk,9,0,12,VOTE Agent[01]
3,talk,10,0,6,DIVINED Agent[09] HUMAN
3,talk,11,0,2,IDENTIFIED Agent[04] WEREWOLF
3,talk,12,1,10,ESTIMATE Agent[06] WEREWOLF
3,talk,13,1,1,Skip
3,talk,14,1,7,Skip
3,talk,15,1,15,VOTE Agent[02]
3,talk,16,1,11,Skip
3,talk,17,1,14,Over
3,talk,18,1,2,VOTE Agent[10]
3,talk,19,1,5,VOTE Agent[01]
3,talk,20,1,12,Skip
3,talk,21,1,8,Skip
3,talk,22,1,6,VOTE Agent[03]
3,talk,23,1,3,Skip
3,talk,24,2,12,Skip
3,talk,25,2,1,Skip
3,talk,26,2,8,Skip
3,talk,27,2,6,Skip
3,talk,28,2,14,Over
3,talk,29,2,15,Over
3,talk,30,2,7,Skip
3,talk,31,2,10,REQUEST(DIVINATION Agent[06])
3,talk,32,2,11,Skip
3,talk,33,2,3,AGREE TALK day3 ID:15
3,talk,34,2,5,AGREE TALK day3 ID:10
3,talk,35,2,2,Skip
3,talk,36,3,5,AGREE TALK day3 ID:7
3,talk,37,3,10,VOTE Agent[06]
3,talk,38,3,3,Skip
3,talk,39,3,6,Skip
3,talk,40,3,8,Over
3,talk,41,3,11,Over
3,talk,42,3,7,Over
3,talk,43,3,1,Over
3,talk,44,3,14,Over
3,talk,45,3,2,Skip
3,talk,46,3,12,Over
3,talk,47,3,15,ESTIMATE Agent[03] VILLAGER
3,talk,48,4,11,Over
3,talk,49,4,12,Over
3,talk,50,4,1,Over
3,talk,51,4,10,REQUEST(VOTE Agent[06])
3,talk,52,4,6,Over
3,talk,53,4,5,AGREE TALK day3 ID:25
3,talk,54,4,3,Skip
3,talk,55,4,14,Over
3,talk,56,4,7,Over
3,talk,57,4,15,Over
3,talk,58,4,2,Over
3,talk,59,4,8,Over
3,talk,60,5,6,Over
3,talk,61,5,1,Over
3,talk,62,5,11,Over
3,talk,63,5,2,Over
3,talk,64,5,7,Over
3,talk,65,5,10,Skip
3,talk,66,5,3,Over
3,talk,67,5,14,Over
3,talk,68,5,12,Over
3,talk,69,5,8,Over
3,talk,70,5,15,Over
3,talk,71,5,5,AGREE TALK day3 ID:13
3,talk,72,6,12,Over
3,talk,73,6,1,Over
3,talk,74,6,7,Over
3,talk,75,6,5,AGREE TALK day3 ID:38
3,talk,76,6,14,Over
3,talk,77,6,10,Skip
3,talk,78,6,3,Over
3,talk,79,6,11,Over
3,talk,80,6,6,Over
3,talk,81,6,8,Over
3,talk,82,6,15,ESTIMATE Agent[10] WEREWOLF
3,talk,83,6,2,Over
3,talk,84,7,5,AGREE TALK day3 ID:27
3,talk,85,7,3,AGREE TALK day3 ID:82
3,talk,86,7,15,Over
3,talk,87,7,6,Over
3,talk,88,7,10,Over
3,talk,89,7,7,Over
3,talk,90,7,14,Over
3,talk,91,7,12,Over
3,talk,92,7,2,Over
3,talk,93,7,1,Over
3,talk,94,7,11,Over
3,talk,95,7,8,Over
3,talk,96,8,10,Over
3,talk,97,8,8,Over
3,talk,98,8,3,Skip
3,talk,99,8,6,Over
3,talk,100,8,5,AGREE TALK day3 ID:65
3,talk,101,8,1,Over
3,talk,102,8,2,Over
3,talk,103,8,11,Over
3,talk,104,8,7,Over
3,talk,105,8,14,Over
3,talk,106,8,12,Over
3,talk,107,8,15,Over
3,talk,108,9,6,Over
3,talk,109,9,2,Over
3,talk,110,9,14,Over
3,talk,111,9,8,Over
3,talk,112,9,15,Over
3,talk,113,9,3,Skip
3,talk,114,9,7,Over
3,talk,115,9,10,Over
3,talk,116,9,5,AGREE TALK day3 ID:20
3,talk,117,9,1,Over
3,talk,118,9,11,Over
3,talk,119,9,12,Over
3,talk,120,10,11,Over
3,talk,121,10,7,Over
3,talk,122,10,10,Over
3,talk,123,10,2,Over
3,talk,124,10,3,Over
3,talk,125,10,6,Over
3,talk,126,10,5,AGREE TALK day3 ID:30
3,talk,127,10,8,Over
3,talk,128,10,1,Over
3,talk,129,10,12,Over
3,talk,130,10,14,Over
3,talk,131,10,15,Over
3,talk,132,11,6,Over
3,talk,133,11,10,Over
3,talk,134,11,14,Over
3,talk,135,11,3,Over
3,talk,136,11,8,Over
3,talk,137,11,1,Over
3,talk,138,11,11,Over
3,talk,139,11,15,Over
3,talk,140,11,2,Over
3,talk,141,11,5,Over
3,talk,142,11,7,Over
3,talk,143,11,12,Over
3,vote,1,15
3,vote,2,10
3,vote,3,12
3,vote,5,1
3,vote,6,3
3,vote,7,6
3,vote,8,11
3,vote,10,6
3,vote,11,3
3,vote,12,1
3,vote,14,12
3,vote,15,10
3,vote,1,6
3,vote,2,10
3,vote,3,8
3,vote,5,1
3,vote,6,3
3,vote,7,6
3,vote,8,3
3,vote,10,6
3,vote,11,3
3,vote,12,1
3,vote,14,8
3,vote,15,10
3,execute,6,SEER
3,divine,6,14,WEREWOLF
3,whisper,0,0,3,Skip
3,whisper,1,0,14,Over
3,whisper,2,1,3,Skip
3,whisper,3,1,14,Over
3,whisper,4,2,3,Over
3,whisper,5,2,14,Over
3,guard,1,5,VILLAGER
3,attackVote,14,12
3,attack,12,true
4,status,1,BODYGUARD,ALIVE,m_cre
4,status,2,MEDIUM,ALIVE,carlo
4,status,3,WEREWOLF,ALIVE,AITKN
4,status,4,WEREWOLF,DEAD,Dummy13_09
4,status,5,VILLAGER,ALIVE,daisyo
4,status,6,SEER,DEAD,tori
4,status,7,VILLAGER,ALIVE,Dummy13_11
4,status,8,VILLAGER,ALIVE,Dummy13_07
4,status,9,VILLAGER,DEAD,wasabi
4,status,10,POSSESSED,ALIVE,TOT
4,status,11,VILLAGER,ALIVE,Dummy13_08
4,status,12,VILLAGER,DEAD,Dummy13_10
4,status,13,VILLAGER,DEAD,megumish
4,status,14,WEREWOLF,ALIVE,cash
4,status,15,VILLAGER,ALIVE,JuN1Ro
4,talk,0,0,14,DIVINED Agent[11] HUMAN
4,talk,1,0,8,VOTE Agent[07]
4,talk,2,0,11,VOTE Agent[07]
4,talk,3,0,1,VOTE Agent[15]
4,talk,4,0,15,ESTIMATE Agent[02] WEREWOLF
4,talk,5,0,10,DIVINED Agent[07] HUMAN
4,talk,6,0,3,Skip
4,talk,7,0,5,Skip
4,talk,8,0,2,IDENTIFIED Agent[06] HUMAN
4,talk,9,0,7,VOTE Agent[05]
4,talk,10,1,3,Skip
4,talk,11,1,5,VOTE Agent[07]
4,talk,12,1,15,VOTE Agent[02]
4,talk,13,1,8,Skip
4,talk,14,1,14,Over
4,talk,15,1,11,Skip
4,talk,16,1,7,Skip
4,talk,17,1,2,VOTE Agent[10]
4,talk,18,1,1,Skip
4,talk,19,1,10,ESTIMATE Agent[08] WEREWOLF
4,talk,20,2,15,ESTIMATE Agent[10] WEREWOLF
4,talk,21,2,1,Skip
4,talk,22,2,2,Skip
4,talk,23,2,14,Over
4,talk,24,2,11,Skip
4,talk,25,2,3,AGREE TALK day4 ID:12
4,talk,26,2,7,Skip
4,talk,27,2,8,Skip
4,talk,28,2,5,AGREE TALK day4 ID:15
4,talk,29,2,10,REQUEST(DIVINATION Agent[08])
4,talk,30,3,7,Over
4,talk,31,3,3,AGREE TALK day4 ID:20
4,talk,32,3,11,Over
4,talk,33,3,1,Over
4,talk,34,3,5,AGREE TALK day4 ID:5
4,talk,35,3,10,VOTE Agent[08]
4,talk,36,3,8,Over
4,talk,37,3,14,Over
4,talk,38,3,15,ESTIMATE Agent[10] WEREWOLF
4,talk,39,3,2,Skip
4,talk,40,4,11,Over
4,talk,41,4,14,Over
4,talk,42,4,2,Over
4,talk,43,4,5,AGREE TALK day4 ID:13
4,talk,44,4,8,Over
4,talk,45,4,7,Over
4,talk,46,4,3,AGREE TALK day4 ID:38
4,talk,47,4,15,ESTIMATE Agent[10] WEREWOLF
4,talk,48,4,10,REQUEST(VOTE Agent[08])
4,talk,49,4,1,Over
4,talk,50,5,7,Over
4,talk,51,5,15,Over
4,talk,52,5,8,Over
4,talk,53,5,11,Over
4,talk,54,5,5,AGREE TALK day4 ID:24
4,talk,55,5,2,Over
4,talk,56,5,3,AGREE TALK day4 ID:47
4,talk,57,5,14,Over
4,talk,58,5,1,Over
4,talk,59,5,10,Skip
4,talk,60,6,11,Over
4,talk,61,6,2,Over
4,talk,62,6,7,Over
4,talk,63,6,15,ESTIMATE Agent[10] WEREWOLF
4,talk,64,6,5,AGREE TALK day4 ID:39
4,talk,65,6,3,Skip
4,talk,66,6,10,Skip
4,talk,67,6,1,Over
4,talk,68,6,8,Over
4,talk,69,6,14,Over
4,talk,70,7,10,Over
4,talk,71,7,2,Over
4,talk,72,7,11,Over
4,talk,73,7,8,Over
4,talk,74,7,15,Over
4,talk,75,7,14,Over
4,talk,76,7,5,AGREE TALK day4 ID:16
4,talk,77,7,7,Over
4,talk,78,7,3,AGREE TALK day4 ID:63
4,talk,79,7,1,Over
4,talk,80,8,5,AGREE TALK day4 ID:27
4,talk,81,8,15,Over
4,talk,82,8,8,Over
4,talk,83,8,10,Over
4,talk,84,8,7,Over
4,talk,85,8,3,Skip
4,talk,86,8,2,Over
4,talk,87,8,1,Over
4,talk,88,8,14,Over
4,talk,89,8,11,Over
4,talk,90,9,5,AGREE TALK day4 ID:10
4,talk,91,9,11,Over
4,talk,92,9,2,Over
4,talk,93,9,15,Over
4,talk,94,9,3,Skip
4,talk,95,9,8,Over
4,talk,96,9,10,Over
4,talk,97,9,14,Over
4,talk,98,9,1,Over
4,talk,99,9,7,Over
4,talk,100,10,3,Over
4,talk,101,10,1,Over
4,talk,102,10,8,Over
4,talk,103,10,2,Over
4,talk,104,10,14,Over
4,talk,105,10,5,AGREE TALK day4 ID:94
4,talk,106,10,10,Over
4,talk,107,10,15,Over
4,talk,108,10,11,Over
4,talk,109,10,7,Over
4,talk,110,11,10,Over
4,talk,111,11,5,Over
4,talk,112,11,2,Over
4,talk,113,11,11,Over
4,talk,114,11,8,Over
4,talk,115,11,1,Over
4,talk,116,11,15,ESTIMATE Agent[07] VILLAGER
4,talk,117,11,3,Over
4,talk,118,11,7,Over
4,talk,119,11,14,Over
4,talk,120,12,5,Over
4,talk,121,12,15,Over
4,talk,122,12,14,Over
4,talk,123,12,3,Over
4,talk,124,12,7,Over
4,talk,125,12,1,Over
4,talk,126,12,8,Over
4,talk,127,12,10,Over
4,talk,128,12,2,Over
4,talk,129,12,11,Over
4,vote,1,15
4,vote,2,10
4,vote,3,2
4,vote,5,7
4,vote,7,5
4,vote,8,7
4,vote,10,8
4,vote,11,7
4,vote,14,8
4,vote,15,10
4,execute,7,VILLAGER
4,whisper,0,0,3,Skip
4,whisper,1,0,14,Over
4,whisper,2,1,14,Over
4,whisper,3,1,3,Skip
4,whisper,4,2,3,Over
4,whisper,5,2,14,Over
4,guard,1,5,VILLAGER
4,attackVote,14,1
4,attack,1,true
5,status,1,BODYGUARD,DEAD,m_cre
5,status,2,MEDIUM,ALIVE,carlo
5,status,3,WEREWOLF,ALIVE,AITKN
5,status,4,WEREWOLF,DEAD,Dummy13_09
5,status,5,VILLAGER,ALIVE,daisyo
5,status,6,SEER,DEAD,tori
5,status,7,VILLAGER,DEAD,Dummy13_11
5,status,8,VILLAGER,ALIVE,Dummy13_07
5,status,9,VILLAGER,DEAD,wasabi
5,status,10,POSSESSED,ALIVE,TOT
5,status,11,VILLAGER,ALIVE,Dummy13_08
5,status,12,VILLAGER,DEAD,Dummy13_10
5,status,13,VILLAGER,DEAD,megumish
5,status,14,WEREWOLF,ALIVE,cash
5,status,15,VILLAGER,ALIVE,JuN1Ro
5,talk,0,0,15,ESTIMATE Agent[02] WEREWOLF
5,talk,1,0,2,IDENTIFIED Agent[07] HUMAN
5,talk,2,0,11,VOTE Agent[14]
5,talk,3,0,10,DIVINED Agent[11] HUMAN
5,talk,4,0,14,DIVINED Agent[08] HUMAN
5,talk,5,0,5,Skip
5,talk,6,0,3,Skip
5,talk,7,0,8,VOTE Agent[14]
5,talk,8,1,8,Skip
5,talk,9,1,2,VOTE Agent[10]
5,talk,10,1,10,ESTIMATE Agent[08] WEREWOLF
5,talk,11,1,14,Over
5,talk,12,1,15,VOTE Agent[02]
5,talk,13,1,3,Skip
5,talk,14,1,5,VOTE Agent[14]
5,talk,15,1,11,Skip
5,talk,16,2,5,AGREE TALK day5 ID:6
5,talk,17,2,2,Skip
5,talk,18,2,11,Skip
5,talk,19,2,10,REQUEST(DIVINATION Agent[08])
5,talk,20,2,8,Skip
5,talk,21,2,14,Over
5,talk,22,2,3,AGREE TALK day5 ID:12
5,talk,23,2,15,ESTIMATE Agent[03] VILLAGER
5,talk,24,3,8,Over
5,talk,25,3,3,Skip
5,talk,26,3,2,Skip
5,talk,27,3,11,Over
5,talk,28,3,5,AGREE TALK day5 ID:23
5,talk,29,3,10,VOTE Agent[08]
5,talk,30,3,15,Over
5,talk,31,3,14,Over
5,talk,32,4,11,Over
5,talk,33,4,14,Over
5,talk,34,4,3,Skip
5,talk,35,4,5,AGREE TALK day5 ID:18
5,talk,36,4,2,Over
5,talk,37,4,15,Over
5,talk,38,4,10,REQUEST(VOTE Agent[08])
5,talk,39,4,8,Over
5,talk,40,5,15,Over
5,talk,41,5,11,Over
5,talk,42,5,14,Over
5,talk,43,5,10,Skip
5,talk,44,5,2,Over
5,talk,45,5,3,Over
5,talk,46,5,8,Over
5,talk,47,5,5,AGREE TALK day5 ID:26
5,talk,48,6,8,Over
5,talk,49,6,14,Over
5,talk,50,6,11,Over
5,talk,51,6,3,Over
5,talk,52,6,10,Skip
5,talk,53,6,2,Over
5,talk,54,6,15,Over
5,talk,55,6,5,AGREE TALK day5 ID:20
5,talk,56,7,5,AGREE TALK day5 ID:15
5,talk,57,7,8,Over
5,talk,58,7,2,Over
5,talk,59,7,14,Over
5,talk,60,7,10,Over
5,talk,61,7,11,Over
5,talk,62,7,15,Over
5,talk,63,7,3,Over
5,talk,64,8,10,Over
5,talk,65,8,3,Over
5,talk,66,8,2,Over
5,talk,67,8,5,AGREE TALK day5 ID:8
5,talk,68,8,8,Over
5,talk,69,8,15,Over
5,talk,70,8,11,Over
5,talk,71,8,14,Over
5,talk,72,9,3,Over
5,talk,73,9,14,Over
5,talk,74,9,11,Over
5,talk,75,9,8,Over
5,talk,76,9,2,Over
5,talk,77,9,10,Over
5,talk,78,9,15,Over
5,talk,79,9,5,AGREE TALK day5 ID:34
5,talk,80,10,8,Over
5,talk,81,10,5,AGREE TALK day5 ID:13
5,talk,82,10,11,Over
5,talk,83,10,10,Over
5,talk,84,10,2,Over
5,talk,85,10,3,Over
5,talk,86,10,14,Over
5,talk,87,10,15,Over
5,talk,88,11,2,Over
5,talk,89,11,11,Over
5,talk,90,11,14,Over
5,talk,91,11,10,Over
5,talk,92,11,15,Over
5,talk,93,11,3,Over
5,talk,94,11,5,Over
5,talk,95,11,8,Over
5,vote,2,10
5,vote,3,5
5,vote,5,14
5,vote,8,14
5,vote,10,8
5,vote,11,14
5,vote,14,11
5,vote,15,10
5,execute,14,WEREWOLF
5,whisper,0,0,3,Skip
5,whisper,1,0,14,Over
5,whisper,2,1,14,Over
5,whisper,3,1,3,Skip
5,whisper,4,2,14,Over
5,whisper,5,2,3,Over
5,attack,10,true
6,status,1,BODYGUARD,DEAD,m_cre
6,status,2,MEDIUM,ALIVE,carlo
6,status,3,WEREWOLF,ALIVE,AITKN
6,status,4,WEREWOLF,DEAD,Dummy13_09
6,status,5,VILLAGER,ALIVE,daisyo
6,status,6,SEER,DEAD,tori
6,status,7,VILLAGER,DEAD,Dummy13_11
6,status,8,VILLAGER,ALIVE,Dummy13_07
6,status,9,VILLAGER,DEAD,wasabi
6,status,10,POSSESSED,DEAD,TOT
6,status,11,VILLAGER,ALIVE,Dummy13_08
6,status,12,VILLAGER,DEAD,Dummy13_10
6,status,13,VILLAGER,DEAD,megumish
6,status,14,WEREWOLF,DEAD,cash
6,status,15,VILLAGER,ALIVE,JuN1Ro
6,talk,0,0,2,IDENTIFIED Agent[14] WEREWOLF
6,talk,1,0,5,Skip
6,talk,2,0,8,VOTE Agent[03]
6,talk,3,0,3,Skip
6,talk,4,0,15,ESTIMATE Agent[02] WEREWOLF
6,talk,5,0,11,VOTE Agent[02]
6,talk,6,1,15,ESTIMATE Agent[10] SEER
6,talk,7,1,2,VOTE Agent[03]
6,talk,8,1,5,VOTE Agent[02]
6,talk,9,1,3,AGREE TALK day6 ID:5
6,talk,10,1,11,Skip
6,talk,11,1,8,Skip
6,talk,12,2,5,AGREE TALK day6 ID:3
6,talk,13,2,15,Over
6,talk,14,2,3,AGREE TALK day6 ID:8
6,talk,15,2,8,Skip
6,talk,16,2,2,Skip
6,talk,17,2,11,Skip
6,talk,18,3,15,Over
6,talk,19,3,2,Skip
6,talk,20,3,3,Skip
6,talk,21,3,5,AGREE TALK day6 ID:16
6,talk,22,3,11,Over
6,talk,23,3,8,Over
6,talk,24,4,2,Over
6,talk,25,4,5,AGREE TALK day6 ID:6
6,talk,26,4,3,Skip
6,talk,27,4,15,ESTIMATE Agent[02] WEREWOLF
6,talk,28,4,11,Over
6,talk,29,4,8,Over
6,talk,30,5,11,Over
6,talk,31,5,5,AGREE TALK day6 ID:15
6,talk,32,5,8,Over
6,talk,33,5,2,Over
6,talk,34,5,3,Over
6,talk,35,5,15,ESTIMATE Agent[03] VILLAGER
6,talk,36,6,5,AGREE TALK day6 ID:35
6,talk,37,6,15,ESTIMATE Agent[03] VILLAGER
6,talk,38,6,11,Over
6,talk,39,6,2,Over
6,talk,40,6,8,Over
6,talk,41,6,3,Over
6,talk,42,7,5,AGREE TALK day6 ID:10
6,talk,43,7,3,Over
6,talk,44,7,15,Over
6,talk,45,7,2,Over
6,talk,46,7,8,Over
6,talk,47,7,11,Over
6,talk,48,8,15,Over
6,talk,49,8,3,Over
6,talk,50,8,11,Over
6,talk,51,8,2,Over
6,talk,52,8,5,AGREE TALK day6 ID:26
6,talk,53,8,8,Over
6,talk,54,9,3,Over
6,talk,55,9,8,Over
6,talk,56,9,5,AGREE TALK day6 ID:20
6,talk,57,9,2,Over
6,talk,58,9,15,Over
6,talk,59,9,11,Over
6,talk,60,10,2,Over
6,talk,61,10,8,Over
6,talk,62,10,3,Over
6,talk,63,10,15,Over
6,talk,64,10,11,Over
6,talk,65,10,5,AGREE TALK day6 ID:37
6,talk,66,11,5,Over
6,talk,67,11,3,Over
6,talk,68,11,11,Over
6,talk,69,11,15,Over
6,talk,70,11,2,Over
6,talk,71,11,8,Over
6,vote,2,3
6,vote,3,11
6,vote,5,2
6,vote,8,3
6,vote,11,2
6,vote,15,2
6,execute,2,MEDIUM
6,attack,5,true
7,status,1,BODYGUARD,DEAD,m_cre
7,status,2,MEDIUM,DEAD,carlo
7,status,3,WEREWOLF,ALIVE,AITKN
7,status,4,WEREWOLF,DEAD,Dummy13_09
7,status,5,VILLAGER,DEAD,daisyo
7,status,6,SEER,DEAD,tori
7,status,7,VILLAGER,DEAD,Dummy13_11
7,status,8,VILLAGER,ALIVE,Dummy13_07
7,status,9,VILLAGER,DEAD,wasabi
7,status,10,POSSESSED,DEAD,TOT
7,status,11,VILLAGER,ALIVE,Dummy13_08
7,status,12,VILLAGER,DEAD,Dummy13_10
7,status,13,VILLAGER,DEAD,megumish
7,status,14,WEREWOLF,DEAD,cash
7,status,15,VILLAGER,ALIVE,JuN1Ro
7,talk,0,0,3,Skip
7,talk,1,0,8,VOTE Agent[11]
7,talk,2,0,15,ESTIMATE Agent[10] SEER
7,talk,3,0,11,VOTE Agent[03]
7,talk,4,1,15,Over
7,talk,5,1,8,Skip
7,talk,6,1,11,Skip
7,talk,7,1,3,AGREE TALK day7 ID:1
7,talk,8,2,8,Skip
7,talk,9,2,3,Skip
7,talk,10,2,11,Skip
7,talk,11,2,15,ESTIMATE Agent[08] WEREWOLF
7,talk,12,3,8,Over
7,talk,13,3,11,Over
7,talk,14,3,15,ESTIMATE Agent[08] WEREWOLF
7,talk,15,3,3,Skip
7,talk,16,4,8,Over
7,talk,17,4,15,ESTIMATE Agent[08] WEREWOLF
7,talk,18,4,11,Over
7,talk,19,4,3,Over
7,talk,20,5,8,Over
7,talk,21,5,3,Over
7,talk,22,5,11,Over
7,talk,23,5,15,ESTIMATE Agent[08] WEREWOLF
7,talk,24,6,11,Over
7,talk,25,6,8,Over
7,talk,26,6,15,Over
7,talk,27,6,3,Over
7,vote,3,11
7,vote,8,11
7,vote,11,3
7,vote,15,8
7,execute,11,VILLAGER
7,attack,8,true
8,status,1,BODYGUARD,DEAD,m_cre
8,status,2,MEDIUM,DEAD,carlo
8,status,3,WEREWOLF,ALIVE,AITKN
8,status,4,WEREWOLF,DEAD,Dummy13_09
8,status,5,VILLAGER,DEAD,daisyo
8,status,6,SEER,DEAD,tori
8,status,7,VILLAGER,DEAD,Dummy13_11
8,status,8,VILLAGER,DEAD,Dummy13_07
8,status,9,VILLAGER,DEAD,wasabi
8,status,10,POSSESSED,DEAD,TOT
8,status,11,VILLAGER,DEAD,Dummy13_08
8,status,12,VILLAGER,DEAD,Dummy13_10
8,status,13,VILLAGER,DEAD,megumish
8,status,14,WEREWOLF,DEAD,cash
8,status,15,VILLAGER,ALIVE,JuN1Ro
8,result,1,1,WEREWOLF
