0,status,1,MEDIUM,ALIVE,m_cre
0,status,2,WEREWOLF,ALIVE,carlo
0,status,3,VILLAGER,ALIVE,AITKN
0,status,4,VILLAGER,ALIVE,Dummy13_09
0,status,5,POSSESSED,ALIVE,daisyo
0,status,6,VILLAGER,ALIVE,tori
0,status,7,SEER,ALIVE,Dummy13_11
0,status,8,WEREWOLF,ALIVE,Dummy13_07
0,status,9,VILLAGER,ALIVE,wasabi
0,status,10,VILLAGER,ALIVE,TOT
0,status,11,WEREWOLF,ALIVE,Dummy13_08
0,status,12,BODYGUARD,ALIVE,Dummy13_10
0,status,13,VILLAGER,ALIVE,megumish
0,status,14,VILLAGER,ALIVE,cash
0,status,15,VILLAGER,ALIVE,JuN1Ro
0,whisper,0,0,11,COMINGOUT Agent[11] MEDIUM
0,whisper,1,0,2,COMINGOUT Agent[02] VILLAGER
0,whisper,2,0,8,COMINGOUT Agent[08] SEER
0,whisper,3,1,2,ATTACK Agent[15]
0,whisper,4,1,8,DIVINED Agent[11] HUMAN
0,whisper,5,1,11,Skip
0,whisper,6,2,11,Skip
0,whisper,7,2,2,Over
0,whisper,8,2,8,Skip
0,whisper,9,3,2,Over
0,whisper,10,3,8,Skip
0,whisper,11,3,11,Over
0,whisper,12,4,11,Over
0,whisper,13,4,8,Over
0,whisper,14,4,2,Over
0,divine,7,10,HUMAN
1,status,1,MEDIUM,ALIVE,m_cre
1,status,2,WEREWOLF,ALIVE,carlo
1,status,3,VILLAGER,ALIVE,AITKN
1,status,4,VILLAGER,ALIVE,Dummy13_09
1,status,5,POSSESSED,ALIVE,daisyo
1,status,6,VILLAGER,ALIVE,tori
1,status,7,SEER,ALIVE,Dummy13_11
1,status,8,WEREWOLF,ALIVE,Dummy13_07
1,status,9,VILLAGER,ALIVE,wasabi
1,status,10,VILLAGER,ALIVE,TOT
1,status,11,WEREWOLF,ALIVE,Dummy13_08
1,status,12,BODYGUARD,ALIVE,Dummy13_10
1,status,13,VILLAGER,ALIVE,megumish
1,status,14,VILLAGER,ALIVE,cash
1,status,15,VILLAGER,ALIVE,JuN1Ro
1,talk,0,0,4,VOTE Agent[15]
1,talk,1,0,12,VOTE Agent[13]
1,talk,2,0,15,VOTE Agent[13]
1,talk,3,0,1,COMINGOUT Agent[01] MEDIUM
1,talk,4,0,9,VOTE Agent[02]
1,talk,5,0,6,VOTE Agent[11]
1,talk,6,0,3,REQUEST(COMINGOUT Agent[03] SEER)
1,talk,7,0,13,VOTE Agent[15]
1,talk,8,0,10,VOTE Agent[15]
1,talk,9,0,7,COMINGOUT Agent[07] SEER
1,talk,10,0,14,DIVINED Agent[01] HUMAN
1,talk,11,0,2,VOTE Agent[01]
1,talk,12,0,11,VOTE Agent[13]
1,talk,13,0,5,COMINGOUT Agent[05] SEER
1,talk,14,0,8,VOTE Agent[01]
1,talk,15,1,13,Skip
1,talk,16,1,2,VOTE Agent[03]
1,talk,17,1,3,REQUEST(COMINGOUT Agent[03] MEDIUM)
1,talk,18,1,11,REQUEST(VOTE Agent[13])
1,talk,19,1,15,VOTE Agent[14]
1,talk,20,1,4,ESTIMATE Agent[14] SEER
1,talk,21,1,12,ESTIMATE Agent[14] SEER
1,talk,22,1,1,VOTE Agent[05]
1,talk,23,1,6,ESTIMATE Agent[14] SEER
1,talk,24,1,7,DIVINED Agent[10] HUMAN
1,talk,25,1,10,REQUEST(VOTE Agent[15])
1,talk,26,1,5,VOTE Agent[13]
1,talk,27,1,14,Over
1,talk,28,1,9,VOTE Agent[13]
1,talk,29,1,8,REQUEST(VOTE Agent[01])
1,talk,30,2,3,AGREE TALK day1 ID:11
1,talk,31,2,6,Skip
1,talk,32,2,8,COMINGOUT Agent[08] SEER
1,talk,33,2,9,VOTE Agent[04]
1,talk,34,2,2,Skip
1,talk,35,2,12,Skip
1,talk,36,2,5,AGREE TALK day1 ID:20
1,talk,37,2,1,Skip
1,talk,38,2,14,Over
1,talk,39,2,15,ESTIMATE Agent[14] WEREWOLF
1,talk,40,2,7,ESTIMATE Agent[05] WEREWOLF
1,talk,41,2,13,Skip
1,talk,42,2,11,COMINGOUT Agent[11] MEDIUM
1,talk,43,2,4,Skip
1,talk,44,2,10,Skip
1,talk,45,3,9,VOTE Agent[01]
1,talk,46,3,11,VOTE Agent[01]
1,talk,47,3,10,Skip
1,talk,48,3,12,Skip
1,talk,49,3,13,Over
1,talk,50,3,1,VOTE Agent[11]
1,talk,51,3,7,VOTE Agent[05]
1,talk,52,3,8,DIVINED Agent[11] HUMAN
1,talk,53,3,5,AGREE TALK day1 ID:37
1,talk,54,3,3,AGREE TALK day1 ID:14
1,talk,55,3,2,VOTE Agent[05]
1,talk,56,3,15,VOTE Agent[11]
1,talk,57,3,6,Skip
1,talk,58,3,4,Skip
1,talk,59,3,14,Over
1,talk,60,4,13,Over
1,talk,61,4,7,Skip
1,talk,62,4,10,Over
1,talk,63,4,1,VOTE Agent[07]
1,talk,64,4,6,Over
1,talk,65,4,14,Over
1,talk,66,4,12,Over
1,talk,67,4,11,REQUEST(VOTE Agent[01])
1,talk,68,4,4,Over
1,talk,69,4,5,AGREE TALK day1 ID:10
1,talk,70,4,15,ESTIMATE Agent[11] WEREWOLF
1,talk,71,4,2,Skip
1,talk,72,4,8,VOTE Agent[07]
1,talk,73,4,3,AGREE TALK day1 ID:29
1,talk,74,4,9,ESTIMATE Agent[08] WEREWOLF
1,talk,75,5,6,Over
1,talk,76,5,12,Over
1,talk,77,5,5,AGREE TALK day1 ID:44
1,talk,78,5,15,ESTIMATE Agent[01] VILLAGER
1,talk,79,5,9,VOTE Agent[11]
1,talk,80,5,3,AGREE TALK day1 ID:45
1,talk,81,5,7,Skip
1,talk,82,5,13,Over
1,talk,83,5,10,Over
1,talk,84,5,4,Over
1,talk,85,5,2,Skip
1,talk,86,5,1,Skip
1,talk,87,5,8,REQUEST(VOTE Agent[07])
1,talk,88,5,14,Over
1,talk,89,5,11,Skip
1,talk,90,6,8,Skip
1,talk,91,6,15,Over
1,talk,92,6,14,Over
1,talk,93,6,6,Over
1,talk,94,6,11,Skip
1,talk,95,6,13,Over
1,talk,96,6,10,Over
1,talk,97,6,12,Over
1,talk,98,6,5,AGREE TALK day1 ID:21
1,talk,99,6,2,Over
1,talk,100,6,3,AGREE TALK day1 ID:46
1,talk,101,6,1,Skip
1,talk,102,6,4,Over
1,talk,103,6,9,VOTE Agent[01]
1,talk,104,6,7,Over
1,talk,105,7,9,VOTE Agent[11]
1,talk,106,7,3,REQUEST(DIVINATION Agent[10])
1,talk,107,7,6,Over
1,talk,108,7,14,Over
1,talk,109,7,12,Over
1,talk,110,7,4,Over
1,talk,111,7,1,Over
1,talk,112,7,5,AGREE TALK day1 ID:101
1,talk,113,7,11,Over
1,talk,114,7,15,ESTIMATE Agent[11] WEREWOLF
1,talk,115,7,10,Over
1,talk,116,7,7,Over
1,talk,117,7,13,Over
1,talk,118,7,2,Over
1,talk,119,7,8,Skip
1,talk,120,8,3,Skip
1,talk,121,8,2,Over
1,talk,122,8,5,AGREE TALK day1 ID:41
1,talk,123,8,10,Over
1,talk,124,8,9,VOTE Agent[01]
1,talk,125,8,6,Over
1,talk,126,8,11,Over
1,talk,127,8,14,Over
1,talk,128,8,8,Over
1,talk,129,8,12,Over
1,talk,130,8,15,Over
1,talk,131,8,4,Over
1,talk,132,8,7,Over
1,talk,133,8,1,Over
1,talk,134,8,13,Over
1,talk,135,9,11,Over
1,talk,136,9,6,Over
1,talk,137,9,7,Over
1,talk,138,9,4,Over
1,talk,139,9,1,Over
1,talk,140,9,13,Over
1,talk,141,9,14,Over
1,talk,142,9,12,Over
1,talk,143,9,10,Over
1,talk,144,9,5,AGREE TALK day1 ID:24
1,talk,145,9,2,Over
1,talk,146,9,8,Over
1,talk,147,9,9,VOTE Agent[11]
1,talk,148,9,3,VOTE Agent[01]
1,talk,149,9,15,Over
1,talk,150,10,14,Over
1,talk,151,10,6,Over
1,talk,152,10,12,Over
1,talk,153,10,13,Over
1,talk,154,10,2,Over
1,talk,155,10,10,Over
1,talk,156,10,3,AGREE TALK day1 ID:67
1,talk,157,10,5,Over
1,talk,158,10,9,Over
1,talk,159,10,7,Over
1,talk,160,10,11,Over
1,talk,161,10,8,Over
1,talk,162,10,4,Over
1,talk,163,10,1,Over
1,talk,164,10,15,Over
1,talk,165,11,6,Over
1,talk,166,11,7,Over
1,talk,167,11,12,Over
1,talk,168,11,8,Over
1,talk,169,11,3,Over
1,talk,170,11,2,Over
1,talk,171,11,10,Over
1,talk,172,11,1,Over
1,talk,173,11,15,Over
1,talk,174,11,9,Over
1,talk,175,11,14,Over
1,talk,176,11,5,Over
1,talk,177,11,4,Over
1,talk,178,11,13,Over
1,talk,179,11,11,Over
1,vote,1,7
1,vote,2,15
1,vote,3,1
1,vote,4,15
1,vote,5,13
1,vote,6,11
1,vote,7,5
1,vote,8,7
1,vote,9,11
1,vote,10,15
1,vote,11,1
1,vote,12,13
1,vote,13,15
1,vote,14,3
1,vote,15,11
1,execute,15,VILLAGER
1,divine,7,5,HUMAN
1,whisper,0,0,2,ATTACK Agent[14]
1,whisper,1,0,11,ATTACK Agent[01]
1,whisper,2,0,8,ATTACK Agent[05]
1,whisper,3,1,2,ATTACK Agent[01]
1,whisper,4,1,11,REQUEST(ATTACK Agent[01])
1,whisper,5,1,8,REQUEST(ATTACK Agent[05])
1,whisper,6,2,2,Over
1,whisper,7,2,11,IDENTIFIED Agent[15] WEREWOLF
1,whisper,8,2,8,DIVINED Agent[14] WEREWOLF
1,whisper,9,3,8,Skip
1,whisper,10,3,2,Over
1,whisper,11,3,11,Skip
1,whisper,12,4,11,Skip
1,whisper,13,4,2,Over
1,whisper,14,4,8,Skip
1,whisper,15,5,2,Over
1,whisper,16,5,8,Over
1,whisper,17,5,11,Over
1,guard,12,14,VILLAGER
1,attackVote,2,1
1,attackVote,8,5
1,attackVote,11,1
1,attack,1,true
2,status,1,MEDIUM,DEAD,m_cre
2,status,2,WEREWOLF,ALIVE,carlo
2,status,3,VILLAGER,ALIVE,AITKN
2,status,4,VILLAGER,ALIVE,Dummy13_09
2,status,5,POSSESSED,ALIVE,daisyo
2,status,6,VILLAGER,ALIVE,tori
2,status,7,SEER,ALIVE,Dummy13_11
2,status,8,WEREWOLF,ALIVE,Dummy13_07
2,status,9,VILLAGER,ALIVE,wasabi
2,status,10,VILLAGER,ALIVE,TOT
2,status,11,WEREWOLF,ALIVE,Dummy13_08
2,status,12,BODYGUARD,ALIVE,Dummy13_10
2,status,13,VILLAGER,ALIVE,megumish
2,status,14,VILLAGER,ALIVE,cash
2,status,15,VILLAGER,DEAD,JuN1Ro
2,talk,0,0,10,VOTE Agent[02]
2,talk,1,0,13,VOTE Agent[05]
2,talk,2,0,3,Skip
2,talk,3,0,8,DIVINED Agent[14] WEREWOLF
2,talk,4,0,9,VOTE Agent[11]
2,talk,5,0,11,IDENTIFIED Agent[15] WEREWOLF
2,talk,6,0,2,VOTE Agent[05]
2,talk,7,0,14,DIVINED Agent[06] HUMAN
2,talk,8,0,4,VOTE Agent[03]
2,talk,9,0,6,VOTE Agent[05]
2,talk,10,0,5,Skip
2,talk,11,0,12,VOTE Agent[02]
2,talk,12,0,7,DIVINED Agent[05] HUMAN
2,talk,13,1,8,VOTE Agent[05]
2,talk,14,1,12,DISAGREE TALK day1 ID:20
2,talk,15,1,13,Skip
2,talk,16,1,2,Skip
2,talk,17,1,11,VOTE Agent[10]
2,talk,18,1,4,DISAGREE TALK day1 ID:20
2,talk,19,1,6,DISAGREE TALK day1 ID:20
2,talk,20,1,14,Over
2,talk,21,1,5,VOTE Agent[02]
2,talk,22,1,9,ESTIMATE Agent[06] VILLAGER
2,talk,23,1,10,REQUEST(VOTE Agent[02])
2,talk,24,1,7,AGREE TALK day1 ID:74
2,talk,25,1,3,Skip
2,talk,26,2,4,DISAGREE TALK day1 ID:21
2,talk,27,2,11,REQUEST(VOTE Agent[10])
2,talk,28,2,9,ESTIMATE Agent[08] WEREWOLF
2,talk,29,2,7,ESTIMATE Agent[08] WEREWOLF
2,talk,30,2,5,AGREE TALK day2 ID:15
2,talk,31,2,8,REQUEST(VOTE Agent[05])
2,talk,32,2,6,DISAGREE TALK day1 ID:21
2,talk,33,2,10,Skip
2,talk,34,2,3,ESTIMATE Agent[08] WEREWOLF
2,talk,35,2,12,DISAGREE TALK day1 ID:21
2,talk,36,2,13,Skip
2,talk,37,2,2,Skip
2,talk,38,2,14,Over
2,talk,39,3,6,DISAGREE TALK day1 ID:23
2,talk,40,3,14,Over
2,talk,41,3,8,Skip
2,talk,42,3,13,Over
2,talk,43,3,3,AGREE TALK day2 ID:22
2,talk,44,3,10,Skip
2,talk,45,3,12,DISAGREE TALK day1 ID:23
2,talk,46,3,4,DISAGREE TALK day1 ID:23
2,talk,47,3,7,VOTE Agent[08]
2,talk,48,3,9,Skip
2,talk,49,3,11,Skip
2,talk,50,3,5,AGREE TALK day2 ID:33
2,talk,51,3,2,Over
2,talk,52,4,13,Over
2,talk,53,4,2,Over
2,talk,54,4,5,AGREE TALK day2 ID:37
2,talk,55,4,10,Over
2,talk,56,4,8,Skip
2,talk,57,4,7,Skip
2,talk,58,4,12,AGREE TALK day1 ID:39
2,talk,59,4,14,Over
2,talk,60,4,4,AGREE TALK day1 ID:39
2,talk,61,4,6,AGREE TALK day1 ID:39
2,talk,62,4,11,Skip
2,talk,63,4,9,ESTIMATE Agent[05] WEREWOLF
2,talk,64,4,3,VOTE Agent[08]
2,talk,65,5,10,Over
2,talk,66,5,13,Over
2,talk,67,5,11,Over
2,talk,68,5,9,ESTIMATE Agent[07] WEREWOLF
2,talk,69,5,3,REQUEST(DIVINATION Agent[11])
2,talk,70,5,7,Skip
2,talk,71,5,12,ESTIMATE Agent[14] WEREWOLF
2,talk,72,5,8,Over
2,talk,73,5,4,ESTIMATE Agent[14] WEREWOLF
2,talk,74,5,5,AGREE TALK day2 ID:56
2,talk,75,5,2,Over
2,talk,76,5,6,ESTIMATE Agent[14] WEREWOLF
2,talk,77,5,14,Over
2,talk,78,6,13,Over
2,talk,79,6,9,ESTIMATE Agent[07] WEREWOLF
2,talk,80,6,4,REQUEST(Agent[14] DIVINATION Agent[14])
2,talk,81,6,8,Over
2,talk,82,6,12,REQUEST(Agent[14] DIVINATION Agent[14])
2,talk,83,6,5,AGREE TALK day2 ID:44
2,talk,84,6,14,Over
2,talk,85,6,10,Over
2,talk,86,6,3,AGREE TALK day2 ID:28
2,talk,87,6,2,Over
2,talk,88,6,7,Over
2,talk,89,6,6,REQUEST(Agent[14] DIVINATION Agent[14])
2,talk,90,6,11,Over
2,talk,91,7,6,VOTE Agent[14]
2,talk,92,7,3,AGREE TALK day2 ID:29
2,talk,93,7,8,Over
2,talk,94,7,13,Over
2,talk,95,7,12,VOTE Agent[14]
2,talk,96,7,4,VOTE Agent[14]
2,talk,97,7,14,Over
2,talk,98,7,10,Over
2,talk,99,7,9,Skip
2,talk,100,7,7,Over
2,talk,101,7,11,Over
2,talk,102,7,2,Over
2,talk,103,7,5,AGREE TALK day2 ID:62
2,talk,104,8,8,Over
2,talk,105,8,13,Over
2,talk,106,8,11,Over
2,talk,107,8,10,Over
2,talk,108,8,12,Skip
2,talk,109,8,9,Skip
2,talk,110,8,5,AGREE TALK day2 ID:49
2,talk,111,8,6,Skip
2,talk,112,8,7,Over
2,talk,113,8,3,DISAGREE TALK day2 ID:71
2,talk,114,8,2,Over
2,talk,115,8,4,Skip
2,talk,116,8,14,Over
2,talk,117,9,2,Over
2,talk,118,9,5,AGREE TALK day2 ID:12
2,talk,119,9,14,Over
2,talk,120,9,6,Skip
2,talk,121,9,7,Over
2,talk,122,9,9,ESTIMATE Agent[08] WEREWOLF
2,talk,123,9,3,DISAGREE TALK day2 ID:73
2,talk,124,9,8,Over
2,talk,125,9,4,Skip
2,talk,126,9,12,Skip
2,talk,127,9,13,Over
2,talk,128,9,11,Over
2,talk,129,9,10,Over
2,talk,130,10,7,Over
2,talk,131,10,5,AGREE TALK day2 ID:7
2,talk,132,10,2,Over
2,talk,133,10,6,Over
2,talk,134,10,9,ESTIMATE Agent[05] WEREWOLF
2,talk,135,10,10,Over
2,talk,136,10,11,Over
2,talk,137,10,12,Over
2,talk,138,10,3,DISAGREE TALK day2 ID:76
2,talk,139,10,14,Over
2,talk,140,10,8,Over
2,talk,141,10,13,Over
2,talk,142,10,4,Over
2,talk,143,11,4,Over
2,talk,144,11,13,Over
2,talk,145,11,9,ESTIMATE Agent[11] WEREWOLF
2,talk,146,11,2,Over
2,talk,147,11,8,Over
2,talk,148,11,6,Over
2,talk,149,11,11,Over
2,talk,150,11,14,Over
2,talk,151,11,3,AGREE TALK day2 ID:122
2,talk,152,11,5,Over
2,talk,153,11,12,Over
2,talk,154,11,7,Over
2,talk,155,11,10,Over
2,talk,156,12,6,Over
2,talk,157,12,4,Over
2,talk,158,12,8,Over
2,talk,159,12,3,Over
2,talk,160,12,11,Over
2,talk,161,12,12,Over
2,talk,162,12,9,ESTIMATE Agent[11] WEREWOLF
2,talk,163,12,14,Over
2,talk,164,12,5,Over
2,talk,165,12,2,Over
2,talk,166,12,7,Over
2,talk,167,12,10,Over
2,talk,168,12,13,Over
2,talk,169,13,5,Over
2,talk,170,13,7,Over
2,talk,171,13,6,Over
2,talk,172,13,4,Over
2,talk,173,13,11,Over
2,talk,174,13,13,Over
2,talk,175,13,10,Over
2,talk,176,13,3,Over
2,talk,177,13,12,Over
2,talk,178,13,14,Over
2,talk,179,13,8,Over
2,talk,180,13,9,Over
2,talk,181,13,2,Over
2,vote,2,5
2,vote,3,8
2,vote,4,14
2,vote,5,2
2,vote,6,14
2,vote,7,8
2,vote,8,5
2,vote,9,11
2,vote,10,2
2,vote,11,10
2,vote,12,14
2,vote,13,5
2,vote,14,10
2,vote,2,5
2,vote,3,8
2,vote,4,14
2,vote,5,2
2,vote,6,14
2,vote,7,8
2,vote,8,5
2,vote,9,11
2,vote,10,2
2,vote,11,5
2,vote,12,14
2,vote,13,5
2,vote,14,10
2,execute,5,POSSESSED
2,divine,7,8,WEREWOLF
2,whisper,0,0,11,ATTACK Agent[07]
2,whisper,1,0,8,ATTACK Agent[07]
2,whisper,2,0,2,ATTACK Agent[13]
2,whisper,3,1,11,REQUEST(ATTACK Agent[07])
2,whisper,4,1,2,ATTACK Agent[07]
2,whisper,5,1,8,REQUEST(ATTACK Agent[07])
2,whisper,6,2,2,Over
2,whisper,7,2,11,IDENTIFIED Agent[05] WEREWOLF
2,whisper,8,2,8,DIVINED Agent[12] HUMAN
2,whisper,9,3,2,Over
2,whisper,10,3,11,Skip
2,whisper,11,3,8,Skip
2,whisper,12,4,2,Over
2,whisper,13,4,8,Skip
2,whisper,14,4,11,Skip
2,whisper,15,5,11,Over
2,whisper,16,5,8,Over
2,whisper,17,5,2,Over
2,guard,12,14,VILLAGER
2,attackVote,2,7
2,attackVote,8,7
2,attackVote,11,7
2,attack,7,true
3,status,1,MEDIUM,DEAD,m_cre
3,status,2,WEREWOLF,ALIVE,carlo
3,status,3,VILLAGER,ALIVE,AITKN
3,status,4,VILLAGER,ALIVE,Dummy13_09
3,status,5,POSSESSED,DEAD,daisyo
3,status,6,VILLAGER,ALIVE,tori
3,status,7,SEER,DEAD,Dummy13_11
3,status,8,WEREWOLF,ALIVE,Dummy13_07
3,status,9,VILLAGER,ALIVE,wasabi
3,status,10,VILLAGER,ALIVE,TOT
3,status,11,WEREWOLF,ALIVE,Dummy13_08
3,status,12,BODYGUARD,ALIVE,Dummy13_10
3,status,13,VILLAGER,ALIVE,megumish
3,status,14,VILLAGER,ALIVE,cash
3,status,15,VILLAGER,DEAD,JuN1Ro
3,talk,0,0,2,VOTE Agent[08]
3,talk,1,0,10,VOTE Agent[14]
3,talk,2,0,6,DISAGREE TALK day1 ID:20
3,talk,3,0,4,DISAGREE TALK day1 ID:20
3,talk,4,0,3,Skip
3,talk,5,0,14,DIVINED Agent[13] HUMAN
3,talk,6,0,8,DIVINED Agent[12] HUMAN
3,talk,7,0,9,VOTE Agent[11]
3,talk,8,0,12,DISAGREE TALK day1 ID:20
3,talk,9,0,13,VOTE Agent[14]
3,talk,10,0,11,IDENTIFIED Agent[05] WEREWOLF
3,talk,11,1,4,DISAGREE TALK day1 ID:21
3,talk,12,1,9,ESTIMATE Agent[06] VILLAGER
3,talk,13,1,14,Over
3,talk,14,1,10,REQUEST(VOTE Agent[14])
3,talk,15,1,12,DISAGREE TALK day1 ID:21
3,talk,16,1,13,Skip
3,talk,17,1,8,VOTE Agent[14]
3,talk,18,1,2,Skip
3,talk,19,1,11,VOTE Agent[06]
3,talk,20,1,3,AGREE TALK day3 ID:7
3,talk,21,1,6,DISAGREE TALK day1 ID:21
3,talk,22,2,13,Skip
3,talk,23,2,12,DISAGREE TALK day1 ID:23
3,talk,24,2,4,DISAGREE TALK day1 ID:23
3,talk,25,2,11,REQUEST(VOTE Agent[06])
3,talk,26,2,10,Skip
3,talk,27,2,6,DISAGREE TALK day1 ID:23
3,talk,28,2,3,ESTIMATE Agent[11] WEREWOLF
3,talk,29,2,9,ESTIMATE Agent[08] WEREWOLF
3,talk,30,2,14,Over
3,talk,31,2,2,Skip
3,talk,32,2,8,REQUEST(VOTE Agent[14])
3,talk,33,3,13,Over
3,talk,34,3,10,Skip
3,talk,35,3,3,AGREE TALK day3 ID:12
3,talk,36,3,14,Over
3,talk,37,3,12,AGREE TALK day1 ID:39
3,talk,38,3,9,ESTIMATE Agent[12] VILLAGER
3,talk,39,3,6,AGREE TALK day1 ID:39
3,talk,40,3,4,AGREE TALK day1 ID:39
3,talk,41,3,8,Skip
3,talk,42,3,11,Skip
3,talk,43,3,2,Over
3,talk,44,4,11,Skip
3,talk,45,4,14,Over
3,talk,46,4,4,AGREE TALK day2 ID:71
3,talk,47,4,12,AGREE TALK day2 ID:71
3,talk,48,4,10,Over
3,talk,49,4,9,ESTIMATE Agent[06] VILLAGER
3,talk,50,4,3,VOTE Agent[14]
3,talk,51,4,2,Over
3,talk,52,4,13,Over
3,talk,53,4,8,Skip
3,talk,54,4,6,AGREE TALK day2 ID:71
3,talk,55,5,8,Over
3,talk,56,5,12,AGREE TALK day2 ID:73
3,talk,57,5,13,Over
3,talk,58,5,3,REQUEST(DIVINATION Agent[11])
3,talk,59,5,14,Over
3,talk,60,5,2,Over
3,talk,61,5,6,AGREE TALK day2 ID:73
3,talk,62,5,4,AGREE TALK day2 ID:73
3,talk,63,5,10,Over
3,talk,64,5,9,ESTIMATE Agent[08] WEREWOLF
3,talk,65,5,11,Over
3,talk,66,6,8,Over
3,talk,67,6,12,AGREE TALK day2 ID:76
3,talk,68,6,9,ESTIMATE Agent[11] WEREWOLF
3,talk,69,6,11,Over
3,talk,70,6,6,AGREE TALK day2 ID:76
3,talk,71,6,14,Over
3,talk,72,6,2,Over
3,talk,73,6,13,Over
3,talk,74,6,3,AGREE TALK day3 ID:29
3,talk,75,6,4,AGREE TALK day2 ID:76
3,talk,76,6,10,Over
3,talk,77,7,4,ESTIMATE Agent[14] WEREWOLF
3,talk,78,7,11,Over
3,talk,79,7,12,ESTIMATE Agent[14] WEREWOLF
3,talk,80,7,6,ESTIMATE Agent[14] WEREWOLF
3,talk,81,7,8,Over
3,talk,82,7,3,AGREE TALK day3 ID:38
3,talk,83,7,14,Over
3,talk,84,7,10,Over
3,talk,85,7,9,ESTIMATE Agent[08] WEREWOLF
3,talk,86,7,13,Over
3,talk,87,7,2,Over
3,talk,88,8,8,Over
3,talk,89,8,4,REQUEST(Agent[14] DIVINATION Agent[14])
3,talk,90,8,10,Over
3,talk,91,8,14,Over
3,talk,92,8,11,Over
3,talk,93,8,3,AGREE TALK day3 ID:49
3,talk,94,8,2,Over
3,talk,95,8,12,REQUEST(Agent[14] DIVINATION Agent[14])
3,talk,96,8,13,Over
3,talk,97,8,6,REQUEST(Agent[14] DIVINATION Agent[14])
3,talk,98,8,9,ESTIMATE Agent[08] WEREWOLF
3,talk,99,9,10,Over
3,talk,100,9,3,AGREE TALK day3 ID:64
3,talk,101,9,13,Over
3,talk,102,9,8,Over
3,talk,103,9,14,Over
3,talk,104,9,6,VOTE Agent[14]
3,talk,105,9,4,VOTE Agent[14]
3,talk,106,9,2,Over
3,talk,107,9,11,Over
3,talk,108,9,12,VOTE Agent[14]
3,talk,109,9,9,ESTIMATE Agent[08] WEREWOLF
3,talk,110,10,14,Over
3,talk,111,10,13,Over
3,talk,112,10,6,Over
3,talk,113,10,8,Over
3,talk,114,10,2,Over
3,talk,115,10,3,AGREE TALK day3 ID:68
3,talk,116,10,9,Over
3,talk,117,10,11,Over
3,talk,118,10,12,Over
3,talk,119,10,10,Over
3,talk,120,10,4,Over
3,talk,121,11,6,Over
3,talk,122,11,8,Over
3,talk,123,11,10,Over
3,talk,124,11,3,Over
3,talk,125,11,14,Over
3,talk,126,11,11,Over
3,talk,127,11,12,Over
3,talk,128,11,9,Over
3,talk,129,11,13,Over
3,talk,130,11,2,Over
3,talk,131,11,4,Over
3,vote,2,14
3,vote,3,14
3,vote,4,14
3,vote,6,14
3,vote,8,14
3,vote,9,11
3,vote,10,14
3,vote,11,6
3,vote,12,14
3,vote,13,14
3,vote,14,3
3,execute,14,VILLAGER
3,whisper,0,0,11,ATTACK Agent[13]
3,whisper,1,0,2,ATTACK Agent[13]
3,whisper,2,0,8,ATTACK Agent[03]
3,whisper,3,1,11,REQUEST(ATTACK Agent[13])
3,whisper,4,1,8,REQUEST(ATTACK Agent[03])
3,whisper,5,1,2,ATTACK Agent[03]
3,whisper,6,2,8,DIVINED Agent[02] HUMAN
3,whisper,7,2,2,Over
3,whisper,8,2,11,IDENTIFIED Agent[14] HUMAN
3,whisper,9,3,2,Over
3,whisper,10,3,11,Skip
3,whisper,11,3,8,Skip
3,whisper,12,4,2,Over
3,whisper,13,4,8,Skip
3,whisper,14,4,11,Skip
3,whisper,15,5,2,Over
3,whisper,16,5,11,Over
3,whisper,17,5,8,Over
3,guard,12,14,VILLAGER
3,attackVote,2,3
3,attackVote,8,3
3,attackVote,11,13
3,attack,3,true
4,status,1,MEDIUM,DEAD,m_cre
4,status,2,WEREWOLF,ALIVE,carlo
4,status,3,VILLAGER,DEAD,AITKN
4,status,4,VILLAGER,ALIVE,Dummy13_09
4,status,5,POSSESSED,DEAD,daisyo
4,status,6,VILLAGER,ALIVE,tori
4,status,7,SEER,DEAD,Dummy13_11
4,status,8,WEREWOLF,ALIVE,Dummy13_07
4,status,9,VILLAGER,ALIVE,wasabi
4,status,10,VILLAGER,ALIVE,TOT
4,status,11,WEREWOLF,ALIVE,Dummy13_08
4,status,12,BODYGUARD,ALIVE,Dummy13_10
4,status,13,VILLAGER,ALIVE,megumish
4,status,14,VILLAGER,DEAD,cash
4,status,15,VILLAGER,DEAD,JuN1Ro
4,talk,0,0,11,IDENTIFIED Agent[14] HUMAN
4,talk,1,0,13,VOTE Agent[10]
4,talk,2,0,12,DISAGREE TALK day1 ID:74
4,talk,3,0,4,DISAGREE TALK day1 ID:74
4,talk,4,0,9,VOTE Agent[11]
4,talk,5,0,8,DIVINED Agent[02] HUMAN
4,talk,6,0,10,VOTE Agent[04]
4,talk,7,0,2,VOTE Agent[08]
4,talk,8,0,6,DISAGREE TALK day1 ID:74
4,talk,9,1,8,VOTE Agent[10]
4,talk,10,1,2,Skip
4,talk,11,1,11,VOTE Agent[12]
4,talk,12,1,12,DISAGREE TALK day2 ID:28
4,talk,13,1,10,REQUEST(VOTE Agent[04])
4,talk,14,1,9,Skip
4,talk,15,1,13,Skip
4,talk,16,1,6,DISAGREE TALK day2 ID:28
4,talk,17,1,4,DISAGREE TALK day2 ID:28
4,talk,18,2,12,DISAGREE TALK day2 ID:29
4,talk,19,2,4,DISAGREE TALK day2 ID:29
4,talk,20,2,11,REQUEST(VOTE Agent[12])
4,talk,21,2,8,REQUEST(VOTE Agent[10])
4,talk,22,2,13,Skip
4,talk,23,2,2,Skip
4,talk,24,2,6,DISAGREE TALK day2 ID:29
4,talk,25,2,9,ESTIMATE Agent[08] WEREWOLF
4,talk,26,2,10,Skip
4,talk,27,3,6,DISAGREE TALK day2 ID:34
4,talk,28,3,12,DISAGREE TALK day2 ID:34
4,talk,29,3,8,Skip
4,talk,30,3,9,ESTIMATE Agent[13] VILLAGER
4,talk,31,3,13,Over
4,talk,32,3,4,DISAGREE TALK day2 ID:34
4,talk,33,3,2,Over
4,talk,34,3,10,Skip
4,talk,35,3,11,Skip
4,talk,36,4,8,Skip
4,talk,37,4,10,Over
4,talk,38,4,6,DISAGREE TALK day2 ID:122
4,talk,39,4,12,DISAGREE TALK day2 ID:122
4,talk,40,4,13,Over
4,talk,41,4,4,DISAGREE TALK day2 ID:122
4,talk,42,4,2,Over
4,talk,43,4,11,Skip
4,talk,44,4,9,ESTIMATE Agent[08] WEREWOLF
4,talk,45,5,2,Over
4,talk,46,5,6,DISAGREE TALK day3 ID:29
4,talk,47,5,12,DISAGREE TALK day3 ID:29
4,talk,48,5,4,DISAGREE TALK day3 ID:29
4,talk,49,5,9,ESTIMATE Agent[13] VILLAGER
4,talk,50,5,8,Over
4,talk,51,5,13,Over
4,talk,52,5,10,Over
4,talk,53,5,11,Over
4,talk,54,6,13,Over
4,talk,55,6,2,Over
4,talk,56,6,11,Over
4,talk,57,6,9,ESTIMATE Agent[11] WEREWOLF
4,talk,58,6,8,Over
4,talk,59,6,10,Over
4,talk,60,6,4,DISAGREE TALK day3 ID:64
4,talk,61,6,6,DISAGREE TALK day3 ID:64
4,talk,62,6,12,DISAGREE TALK day3 ID:64
4,talk,63,7,2,Over
4,talk,64,7,12,DISAGREE TALK day3 ID:85
4,talk,65,7,6,DISAGREE TALK day3 ID:85
4,talk,66,7,9,ESTIMATE Agent[08] WEREWOLF
4,talk,67,7,10,Over
4,talk,68,7,8,Over
4,talk,69,7,13,Over
4,talk,70,7,11,Over
4,talk,71,7,4,DISAGREE TALK day3 ID:85
4,talk,72,8,6,DISAGREE TALK day3 ID:98
4,talk,73,8,2,Over
4,talk,74,8,11,Over
4,talk,75,8,12,DISAGREE TALK day3 ID:98
4,talk,76,8,13,Over
4,talk,77,8,8,Over
4,talk,78,8,9,ESTIMATE Agent[08] WEREWOLF
4,talk,79,8,10,Over
4,talk,80,8,4,DISAGREE TALK day3 ID:98
4,talk,81,9,11,Over
4,talk,82,9,9,ESTIMATE Agent[04] VILLAGER
4,talk,83,9,12,DISAGREE TALK day3 ID:109
4,talk,84,9,6,DISAGREE TALK day3 ID:109
4,talk,85,9,4,DISAGREE TALK day3 ID:109
4,talk,86,9,10,Over
4,talk,87,9,8,Over
4,talk,88,9,13,Over
4,talk,89,9,2,Over
4,talk,90,10,2,Over
4,talk,91,10,11,Over
4,talk,92,10,6,Over
4,talk,93,10,8,Over
4,talk,94,10,13,Over
4,talk,95,10,12,Over
4,talk,96,10,9,ESTIMATE Agent[11] WEREWOLF
4,talk,97,10,10,Over
4,talk,98,10,4,Over
4,talk,99,11,6,Over
4,talk,100,11,10,Over
4,talk,101,11,2,Over
4,talk,102,11,11,Over
4,talk,103,11,8,Over
4,talk,104,11,9,Over
4,talk,105,11,12,Over
4,talk,106,11,4,Over
4,talk,107,11,13,Over
4,vote,2,10
4,vote,4,2
4,vote,6,9
4,vote,8,10
4,vote,9,11
4,vote,10,4
4,vote,11,12
4,vote,12,10
4,vote,13,10
4,execute,10,VILLAGER
4,whisper,0,0,2,ATTACK Agent[13]
4,whisper,1,0,11,ATTACK Agent[06]
4,whisper,2,0,8,ATTACK Agent[06]
4,whisper,3,1,2,ATTACK Agent[06]
4,whisper,4,1,11,REQUEST(ATTACK Agent[06])
4,whisper,5,1,8,REQUEST(ATTACK Agent[06])
4,whisper,6,2,11,IDENTIFIED Agent[10] HUMAN
4,whisper,7,2,8,DIVINED Agent[04] HUMAN
4,whisper,8,2,2,Over
4,whisper,9,3,2,Over
4,whisper,10,3,11,Skip
4,whisper,11,3,8,Skip
4,whisper,12,4,8,Skip
4,whisper,13,4,11,Skip
4,whisper,14,4,2,Over
4,whisper,15,5,11,Over
4,whisper,16,5,8,Over
4,whisper,17,5,2,Over
4,guard,12,8,WEREWOLF
4,attackVote,2,6
4,attackVote,8,6
4,attackVote,11,6
4,attack,6,true
5,status,1,MEDIUM,DEAD,m_cre
5,status,2,WEREWOLF,ALIVE,carlo
5,status,3,VILLAGER,DEAD,AITKN
5,status,4,VILLAGER,ALIVE,Dummy13_09
5,status,5,POSSESSED,DEAD,daisyo
5,status,6,VILLAGER,DEAD,tori
5,status,7,SEER,DEAD,Dummy13_11
5,status,8,WEREWOLF,ALIVE,Dummy13_07
5,status,9,VILLAGER,ALIVE,wasabi
5,status,10,VILLAGER,DEAD,TOT
5,status,11,WEREWOLF,ALIVE,Dummy13_08
5,status,12,BODYGUARD,ALIVE,Dummy13_10
5,status,13,VILLAGER,ALIVE,megumish
5,status,14,VILLAGER,DEAD,cash
5,status,15,VILLAGER,DEAD,JuN1Ro
5,talk,0,0,4,VOTE Agent[12]
5,talk,1,0,2,VOTE Agent[08]
5,talk,2,0,11,IDENTIFIED Agent[10] HUMAN
5,talk,3,0,9,VOTE Agent[11]
5,talk,4,0,13,VOTE Agent[12]
5,talk,5,0,8,DIVINED Agent[04] HUMAN
5,talk,6,0,12,VOTE Agent[09]
5,talk,7,1,2,Skip
5,talk,8,1,12,Skip
5,talk,9,1,13,Skip
5,talk,10,1,9,ESTIMATE Agent[04] VILLAGER
5,talk,11,1,11,VOTE Agent[13]
5,talk,12,1,4,Skip
5,talk,13,1,8,VOTE Agent[13]
5,talk,14,2,4,Skip
5,talk,15,2,8,REQUEST(VOTE Agent[13])
5,talk,16,2,11,REQUEST(VOTE Agent[13])
5,talk,17,2,2,Skip
5,talk,18,2,12,Skip
5,talk,19,2,13,Skip
5,talk,20,2,9,ESTIMATE Agent[08] WEREWOLF
5,talk,21,3,12,Over
5,talk,22,3,11,Skip
5,talk,23,3,2,Over
5,talk,24,3,8,Skip
5,talk,25,3,13,Over
5,talk,26,3,9,ESTIMATE Agent[11] WEREWOLF
5,talk,27,3,4,Over
5,talk,28,4,11,Skip
5,talk,29,4,9,ESTIMATE Agent[08] WEREWOLF
5,talk,30,4,12,Over
5,talk,31,4,8,Skip
5,talk,32,4,2,Over
5,talk,33,4,13,Over
5,talk,34,4,4,Over
5,talk,35,5,13,Over
5,talk,36,5,8,Over
5,talk,37,5,12,Over
5,talk,38,5,2,Over
5,talk,39,5,9,ESTIMATE Agent[08] WEREWOLF
5,talk,40,5,11,Over
5,talk,41,5,4,Over
5,talk,42,6,8,Over
5,talk,43,6,9,ESTIMATE Agent[08] WEREWOLF
5,talk,44,6,2,Over
5,talk,45,6,12,Over
5,talk,46,6,11,Over
5,talk,47,6,4,Over
5,talk,48,6,13,Over
5,talk,49,7,11,Over
5,talk,50,7,8,Over
5,talk,51,7,9,Skip
5,talk,52,7,4,Over
5,talk,53,7,13,Over
5,talk,54,7,2,Over
5,talk,55,7,12,Over
5,talk,56,8,11,Over
5,talk,57,8,9,ESTIMATE Agent[08] WEREWOLF
5,talk,58,8,12,Over
5,talk,59,8,8,Over
5,talk,60,8,2,Over
5,talk,61,8,13,Over
5,talk,62,8,4,Over
5,talk,63,9,11,Over
5,talk,64,9,2,Over
5,talk,65,9,9,ESTIMATE Agent[08] WEREWOLF
5,talk,66,9,13,Over
5,talk,67,9,8,Over
5,talk,68,9,12,Over
5,talk,69,9,4,Over
5,talk,70,10,13,Over
5,talk,71,10,2,Over
5,talk,72,10,11,Over
5,talk,73,10,9,Skip
5,talk,74,10,4,Over
5,talk,75,10,8,Over
5,talk,76,10,12,Over
5,talk,77,11,8,Over
5,talk,78,11,13,Over
5,talk,79,11,11,Over
5,talk,80,11,4,Over
5,talk,81,11,12,Over
5,talk,82,11,2,Over
5,talk,83,11,9,ESTIMATE Agent[08] WEREWOLF
5,talk,84,12,4,Over
5,talk,85,12,13,Over
5,talk,86,12,11,Over
5,talk,87,12,12,Over
5,talk,88,12,9,Over
5,talk,89,12,2,Over
5,talk,90,12,8,Over
5,vote,2,12
5,vote,4,12
5,vote,8,13
5,vote,9,11
5,vote,11,13
5,vote,12,9
5,vote,13,12
5,execute,12,BODYGUARD
5,whisper,0,0,8,ATTACK Agent[04]
5,whisper,1,0,11,ATTACK Agent[09]
5,whisper,2,0,2,ATTACK Agent[09]
5,whisper,3,1,2,ATTACK Agent[04]
5,whisper,4,1,8,REQUEST(ATTACK Agent[04])
5,whisper,5,1,11,REQUEST(ATTACK Agent[09])
5,whisper,6,2,11,IDENTIFIED Agent[12] HUMAN
5,whisper,7,2,8,DIVINED Agent[13] HUMAN
5,whisper,8,2,2,Over
5,whisper,9,3,11,Skip
5,whisper,10,3,2,Over
5,whisper,11,3,8,Skip
5,whisper,12,4,11,Skip
5,whisper,13,4,2,Over
5,whisper,14,4,8,Skip
5,whisper,15,5,2,Over
5,whisper,16,5,11,Over
5,whisper,17,5,8,Over
5,attackVote,2,4
5,attackVote,8,4
5,attackVote,11,9
5,attack,4,true
6,status,1,MEDIUM,DEAD,m_cre
6,status,2,WEREWOLF,ALIVE,carlo
6,status,3,VILLAGER,DEAD,AITKN
6,status,4,VILLAGER,DEAD,Dummy13_09
6,status,5,POSSESSED,DEAD,daisyo
6,status,6,VILLAGER,DEAD,tori
6,status,7,SEER,DEAD,Dummy13_11
6,status,8,WEREWOLF,ALIVE,Dummy13_07
6,status,9,VILLAGER,ALIVE,wasabi
6,status,10,VILLAGER,DEAD,TOT
6,status,11,WEREWOLF,ALIVE,Dummy13_08
6,status,12,BODYGUARD,DEAD,Dummy13_10
6,status,13,VILLAGER,ALIVE,megumish
6,status,14,VILLAGER,DEAD,cash
6,status,15,VILLAGER,DEAD,JuN1Ro
6,result,2,3,WEREWOLF
