0,status,1,VILLAGER,ALIVE,m_cre
0,status,2,WEREWOLF,ALIVE,carlo
0,status,3,SEER,ALIVE,AITKN
0,status,4,VILLAGER,ALIVE,Dummy13_09
0,status,5,POSSESSED,ALIVE,daisyo
0,status,6,VILLAGER,ALIVE,tori
0,status,7,WEREWOLF,ALIVE,Dummy13_11
0,status,8,WEREWOLF,ALIVE,Dummy13_07
0,status,9,VILLAGER,ALIVE,wasabi
0,status,10,VILLAGER,ALIVE,TOT
0,status,11,MEDIUM,ALIVE,Dummy13_08
0,status,12,VILLAGER,ALIVE,Dummy13_10
0,status,13,BODYGUARD,ALIVE,megumish
0,status,14,VILLAGER,ALIVE,cash
0,status,15,VILLAGER,ALIVE,JuN1Ro
0,whisper,0,0,8,COMINGOUT Agent[08] MEDIUM
0,whisper,1,0,7,COMINGOUT Agent[07] SEER
0,whisper,2,0,2,COMINGOUT Agent[02] VILLAGER
0,whisper,3,1,7,DIVINED Agent[12] HUMAN
0,whisper,4,1,2,ATTACK Agent[15]
0,whisper,5,1,8,Skip
0,whisper,6,2,8,Skip
0,whisper,7,2,2,Over
0,whisper,8,2,7,Skip
0,whisper,9,3,2,Over
0,whisper,10,3,8,Over
0,whisper,11,3,7,Skip
0,whisper,12,4,7,Over
0,whisper,13,4,8,Over
0,whisper,14,4,2,Over
0,divine,3,4,HUMAN
1,status,1,VILLAGER,ALIVE,m_cre
1,status,2,WEREWOLF,ALIVE,carlo
1,status,3,SEER,ALIVE,AITKN
1,status,4,VILLAGER,ALIVE,Dummy13_09
1,status,5,POSSESSED,ALIVE,daisyo
1,status,6,VILLAGER,ALIVE,tori
1,status,7,WEREWOLF,ALIVE,Dummy13_11
1,status,8,WEREWOLF,ALIVE,Dummy13_07
1,status,9,VILLAGER,ALIVE,wasabi
1,status,10,VILLAGER,ALIVE,TOT
1,status,11,MEDIUM,ALIVE,Dummy13_08
1,status,12,VILLAGER,ALIVE,Dummy13_10
1,status,13,BODYGUARD,ALIVE,megumish
1,status,14,VILLAGER,ALIVE,cash
1,status,15,VILLAGER,ALIVE,JuN1Ro
1,talk,0,0,4,VOTE Agent[09]
1,talk,1,0,12,VOTE Agent[14]
1,talk,2,0,2,VOTE Agent[01]
1,talk,3,0,8,VOTE Agent[12]
1,talk,4,0,14,DIVINED Agent[04] HUMAN
1,talk,5,0,3,REQUEST(COMINGOUT Agent[03] SEER)
1,talk,6,0,10,VOTE Agent[15]
1,talk,7,0,13,VOTE Agent[10]
1,talk,8,0,7,VOTE Agent[14]
1,talk,9,0,5,COMINGOUT Agent[05] SEER
1,talk,10,0,6,VOTE Agent[14]
1,talk,11,0,9,Skip
1,talk,12,0,15,COMINGOUT Agent[15] SEER
1,talk,13,0,1,VOTE Agent[07]
1,talk,14,0,11,VOTE Agent[09]
1,talk,15,1,4,ESTIMATE Agent[14] SEER
1,talk,16,1,6,ESTIMATE Agent[14] SEER
1,talk,17,1,11,ESTIMATE Agent[14] SEER
1,talk,18,1,5,VOTE Agent[14]
1,talk,19,1,8,REQUEST(VOTE Agent[12])
1,talk,20,1,10,REQUEST(VOTE Agent[15])
1,talk,21,1,2,Skip
1,talk,22,1,3,REQUEST(COMINGOUT Agent[03] MEDIUM)
1,talk,23,1,14,Over
1,talk,24,1,13,Skip
1,talk,25,1,9,Skip
1,talk,26,1,12,ESTIMATE Agent[14] SEER
1,talk,27,1,1,VOTE Agent[15]
1,talk,28,1,15,VOTE Agent[05]
1,talk,29,1,7,REQUEST(VOTE Agent[14])
1,talk,30,2,10,Skip
1,talk,31,2,4,Skip
1,talk,32,2,6,Skip
1,talk,33,2,15,COMINGOUT Agent[15] VILLAGER
1,talk,34,2,13,Skip
1,talk,35,2,7,COMINGOUT Agent[07] SEER
1,talk,36,2,8,COMINGOUT Agent[08] MEDIUM
1,talk,37,2,9,Over
1,talk,38,2,1,Skip
1,talk,39,2,2,Skip
1,talk,40,2,14,Over
1,talk,41,2,12,Skip
1,talk,42,2,5,AGREE TALK day1 ID:21
1,talk,43,2,11,Skip
1,talk,44,2,3,Skip
1,talk,45,3,5,AGREE TALK day1 ID:24
1,talk,46,3,4,Skip
1,talk,47,3,15,Over
1,talk,48,3,10,Skip
1,talk,49,3,7,DIVINED Agent[12] HUMAN
1,talk,50,3,11,COMINGOUT Agent[11] MEDIUM
1,talk,51,3,14,Over
1,talk,52,3,2,VOTE Agent[05]
1,talk,53,3,3,Skip
1,talk,54,3,13,Over
1,talk,55,3,6,Skip
1,talk,56,3,1,VOTE Agent[05]
1,talk,57,3,12,Skip
1,talk,58,3,8,Skip
1,talk,59,3,9,Over
1,talk,60,4,3,COMINGOUT Agent[03] SEER
1,talk,61,4,11,ESTIMATE Agent[08] WEREWOLF
1,talk,62,4,13,Over
1,talk,63,4,2,Skip
1,talk,64,4,14,Over
1,talk,65,4,15,VOTE Agent[11]
1,talk,66,4,5,AGREE TALK day1 ID:30
1,talk,67,4,4,Over
1,talk,68,4,1,Skip
1,talk,69,4,6,Over
1,talk,70,4,12,Over
1,talk,71,4,8,VOTE Agent[11]
1,talk,72,4,7,REQUEST(VOTE Agent[15])
1,talk,73,4,9,Over
1,talk,74,4,10,Over
1,talk,75,5,9,VOTE Agent[15]
1,talk,76,5,5,AGREE TALK day1 ID:4
1,talk,77,5,1,Skip
1,talk,78,5,2,VOTE Agent[03]
1,talk,79,5,15,ESTIMATE Agent[04] VILLAGER
1,talk,80,5,10,Over
1,talk,81,5,14,Over
1,talk,82,5,11,REQUEST(Agent[14] DIVINATION Agent[08])
1,talk,83,5,13,Over
1,talk,84,5,4,Over
1,talk,85,5,8,REQUEST(VOTE Agent[11])
1,talk,86,5,6,Over
1,talk,87,5,7,VOTE Agent[05]
1,talk,88,5,3,DIVINED Agent[04] HUMAN
1,talk,89,5,12,Over
1,talk,90,6,3,DIVINATION Agent[04]
1,talk,91,6,5,AGREE TALK day1 ID:41
1,talk,92,6,13,Over
1,talk,93,6,11,VOTE Agent[08]
1,talk,94,6,2,Skip
1,talk,95,6,7,REQUEST(VOTE Agent[05])
1,talk,96,6,8,Skip
1,talk,97,6,15,ESTIMATE Agent[11] WEREWOLF
1,talk,98,6,12,Over
1,talk,99,6,9,ESTIMATE Agent[15] WEREWOLF
1,talk,100,6,10,Over
1,talk,101,6,4,Over
1,talk,102,6,14,Over
1,talk,103,6,1,Over
1,talk,104,6,6,Over
1,talk,105,7,10,Over
1,talk,106,7,12,Over
1,talk,107,7,4,Over
1,talk,108,7,15,Over
1,talk,109,7,11,Skip
1,talk,110,7,7,Skip
1,talk,111,7,2,Skip
1,talk,112,7,5,AGREE TALK day1 ID:88
1,talk,113,7,8,Skip
1,talk,114,7,1,Over
1,talk,115,7,6,Over
1,talk,116,7,3,VOTE Agent[01]
1,talk,117,7,14,Over
1,talk,118,7,13,Over
1,talk,119,7,9,Over
1,talk,120,8,13,Over
1,talk,121,8,7,Skip
1,talk,122,8,1,Over
1,talk,123,8,6,Over
1,talk,124,8,14,Over
1,talk,125,8,5,AGREE TALK day1 ID:46
1,talk,126,8,9,Over
1,talk,127,8,3,REQUEST(VOTE Agent[01])
1,talk,128,8,10,Over
1,talk,129,8,12,Over
1,talk,130,8,8,Over
1,talk,131,8,15,Over
1,talk,132,8,11,Skip
1,talk,133,8,4,Over
1,talk,134,8,2,Over
1,talk,135,9,14,Over
1,talk,136,9,5,AGREE TALK day1 ID:55
1,talk,137,9,9,ESTIMATE Agent[03] WEREWOLF
1,talk,138,9,11,Over
1,talk,139,9,6,Over
1,talk,140,9,13,Over
1,talk,141,9,2,Over
1,talk,142,9,3,Skip
1,talk,143,9,15,Over
1,talk,144,9,8,Over
1,talk,145,9,1,Over
1,talk,146,9,10,Over
1,talk,147,9,7,Over
1,talk,148,9,12,Over
1,talk,149,9,4,Over
1,talk,150,10,1,Over
1,talk,151,10,7,Over
1,talk,152,10,12,Over
1,talk,153,10,15,Over
1,talk,154,10,2,Over
1,talk,155,10,13,Over
1,talk,156,10,3,Skip
1,talk,157,10,8,Over
1,talk,158,10,14,Over
1,talk,159,10,10,Over
1,talk,160,10,9,Over
1,talk,161,10,6,Over
1,talk,162,10,4,Over
1,talk,163,10,11,Over
1,talk,164,10,5,Over
1,talk,165,11,14,Over
1,talk,166,11,7,Over
1,talk,167,11,9,Over
1,talk,168,11,3,Over
1,talk,169,11,6,Over
1,talk,170,11,4,Over
1,talk,171,11,1,Over
1,talk,172,11,13,Over
1,talk,173,11,11,Over
1,talk,174,11,5,Over
1,talk,175,11,10,Over
1,talk,176,11,15,Over
1,talk,177,11,12,Over
1,talk,178,11,2,Over
1,talk,179,11,8,Over
1,vote,1,5
1,vote,2,14
1,vote,3,1
1,vote,4,9
1,vote,5,14
1,vote,6,14
1,vote,7,5
1,vote,8,11
1,vote,9,15
1,vote,10,15
1,vote,11,8
1,vote,12,14
1,vote,13,10
1,vote,14,9
1,vote,15,11
1,execute,14,VILLAGER
1,divine,3,4,HUMAN
1,whisper,0,0,2,ATTACK Agent[15]
1,whisper,1,0,8,ATTACK Agent[05]
1,whisper,2,0,7,ATTACK Agent[05]
1,whisper,3,1,2,ATTACK Agent[05]
1,whisper,4,1,8,REQUEST(ATTACK Agent[05])
1,whisper,5,1,7,REQUEST(ATTACK Agent[05])
1,whisper,6,2,2,Over
1,whisper,7,2,8,IDENTIFIED Agent[14] WEREWOLF
1,whisper,8,2,7,DIVINED Agent[06] WEREWOLF
1,whisper,9,3,2,Over
1,whisper,10,3,8,Skip
1,whisper,11,3,7,Skip
1,whisper,12,4,8,Skip
1,whisper,13,4,2,Over
1,whisper,14,4,7,Skip
1,whisper,15,5,8,Over
1,whisper,16,5,2,Over
1,whisper,17,5,7,Over
1,guard,13,5,POSSESSED
1,attackVote,2,5
1,attackVote,7,5
1,attackVote,8,5
1,attack,5,false
2,status,1,VILLAGER,ALIVE,m_cre
2,status,2,WEREWOLF,ALIVE,carlo
2,status,3,SEER,ALIVE,AITKN
2,status,4,VILLAGER,ALIVE,Dummy13_09
2,status,5,POSSESSED,ALIVE,daisyo
2,status,6,VILLAGER,ALIVE,tori
2,status,7,WEREWOLF,ALIVE,Dummy13_11
2,status,8,WEREWOLF,ALIVE,Dummy13_07
2,status,9,VILLAGER,ALIVE,wasabi
2,status,10,VILLAGER,ALIVE,TOT
2,status,11,MEDIUM,ALIVE,Dummy13_08
2,status,12,VILLAGER,ALIVE,Dummy13_10
2,status,13,BODYGUARD,ALIVE,megumish
2,status,14,VILLAGER,DEAD,cash
2,status,15,VILLAGER,ALIVE,JuN1Ro
2,talk,0,0,2,VOTE Agent[03]
2,talk,1,0,1,VOTE Agent[05]
2,talk,2,0,12,DISAGREE TALK day1 ID:137
2,talk,3,0,10,VOTE Agent[02]
2,talk,4,0,13,VOTE Agent[15]
2,talk,5,0,5,Skip
2,talk,6,0,7,DIVINED Agent[06] WEREWOLF
2,talk,7,0,6,ESTIMATE Agent[07] SEER
2,talk,8,0,9,VOTE Agent[15]
2,talk,9,0,4,DISAGREE TALK day1 ID:137
2,talk,10,0,3,DIVINED Agent[04] HUMAN
2,talk,11,0,11,IDENTIFIED Agent[14] HUMAN
2,talk,12,0,15,VOTE Agent[11]
2,talk,13,0,8,IDENTIFIED Agent[14] WEREWOLF
2,talk,14,1,8,VOTE Agent[11]
2,talk,15,1,7,VOTE Agent[06]
2,talk,16,1,11,ESTIMATE Agent[07] SEER
2,talk,17,1,15,ESTIMATE Agent[08] WEREWOLF
2,talk,18,1,12,ESTIMATE Agent[03] SEER
2,talk,19,1,1,Skip
2,talk,20,1,13,Skip
2,talk,21,1,5,VOTE Agent[15]
2,talk,22,1,10,REQUEST(VOTE Agent[02])
2,talk,23,1,2,Skip
2,talk,24,1,4,ESTIMATE Agent[03] SEER
2,talk,25,1,9,Skip
2,talk,26,1,6,DISAGREE TALK day1 ID:137
2,talk,27,1,3,Skip
2,talk,28,2,10,Skip
2,talk,29,2,6,ESTIMATE Agent[03] SEER
2,talk,30,2,1,Skip
2,talk,31,2,15,Over
2,talk,32,2,8,REQUEST(VOTE Agent[11])
2,talk,33,2,2,Skip
2,talk,34,2,13,Skip
2,talk,35,2,7,REQUEST(VOTE Agent[06])
2,talk,36,2,11,AGREE TALK day1 ID:61
2,talk,37,2,12,ESTIMATE Agent[06] WEREWOLF
2,talk,38,2,4,ESTIMATE Agent[06] WEREWOLF
2,talk,39,2,3,ESTIMATE Agent[07] WEREWOLF
2,talk,40,2,9,ESTIMATE Agent[02] VILLAGER
2,talk,41,2,5,AGREE TALK day2 ID:18
2,talk,42,3,15,Over
2,talk,43,3,8,Skip
2,talk,44,3,5,AGREE TALK day2 ID:19
2,talk,45,3,2,Over
2,talk,46,3,9,ESTIMATE Agent[06] VILLAGER
2,talk,47,3,11,ESTIMATE Agent[08] WEREWOLF
2,talk,48,3,6,DISAGREE TALK day2 ID:7
2,talk,49,3,13,Over
2,talk,50,3,3,Skip
2,talk,51,3,1,Over
2,talk,52,3,12,REQUEST(Agent[03] DIVINATION Agent[06])
2,talk,53,3,7,Skip
2,talk,54,3,10,Skip
2,talk,55,3,4,REQUEST(Agent[03] DIVINATION Agent[06])
2,talk,56,4,9,Skip
2,talk,57,4,13,Over
2,talk,58,4,10,Over
2,talk,59,4,4,VOTE Agent[06]
2,talk,60,4,12,VOTE Agent[06]
2,talk,61,4,5,AGREE TALK day2 ID:33
2,talk,62,4,3,VOTE Agent[15]
2,talk,63,4,7,Skip
2,talk,64,4,11,REQUEST(Agent[07] DIVINATION Agent[08])
2,talk,65,4,8,Skip
2,talk,66,4,2,Over
2,talk,67,4,15,Over
2,talk,68,4,6,ESTIMATE Agent[07] WEREWOLF
2,talk,69,4,1,Over
2,talk,70,5,9,ESTIMATE Agent[01] VILLAGER
2,talk,71,5,10,Over
2,talk,72,5,5,AGREE TALK day2 ID:43
2,talk,73,5,7,Over
2,talk,74,5,2,Over
2,talk,75,5,6,REQUEST(Agent[03] DIVINATION Agent[07])
2,talk,76,5,13,Over
2,talk,77,5,3,REQUEST(DIVINATION Agent[04])
2,talk,78,5,8,Over
2,talk,79,5,12,Skip
2,talk,80,5,11,VOTE Agent[08]
2,talk,81,5,4,Skip
2,talk,82,5,15,ESTIMATE Agent[07] WEREWOLF
2,talk,83,5,1,Over
2,talk,84,6,4,Skip
2,talk,85,6,3,Skip
2,talk,86,6,7,Over
2,talk,87,6,12,Skip
2,talk,88,6,13,Over
2,talk,89,6,1,Over
2,talk,90,6,15,Over
2,talk,91,6,8,Over
2,talk,92,6,6,VOTE Agent[07]
2,talk,93,6,11,Skip
2,talk,94,6,5,AGREE TALK day2 ID:10
2,talk,95,6,10,Over
2,talk,96,6,2,Over
2,talk,97,6,9,ESTIMATE Agent[08] WEREWOLF
2,talk,98,7,1,Over
2,talk,99,7,2,Over
2,talk,100,7,8,Over
2,talk,101,7,6,Skip
2,talk,102,7,9,Skip
2,talk,103,7,3,Skip
2,talk,104,7,12,Over
2,talk,105,7,15,ESTIMATE Agent[04] VILLAGER
2,talk,106,7,13,Over
2,talk,107,7,5,AGREE TALK day2 ID:24
2,talk,108,7,11,Skip
2,talk,109,7,10,Over
2,talk,110,7,4,Over
2,talk,111,7,7,Over
2,talk,112,8,2,Over
2,talk,113,8,9,ESTIMATE Agent[10] VILLAGER
2,talk,114,8,13,Over
2,talk,115,8,6,Skip
2,talk,116,8,10,Over
2,talk,117,8,8,Over
2,talk,118,8,12,Over
2,talk,119,8,5,AGREE TALK day2 ID:16
2,talk,120,8,15,Over
2,talk,121,8,4,Over
2,talk,122,8,11,Over
2,talk,123,8,7,Over
2,talk,124,8,1,Over
2,talk,125,8,3,Over
2,talk,126,9,12,Over
2,talk,127,9,10,Over
2,talk,128,9,4,Over
2,talk,129,9,5,AGREE TALK day2 ID:53
2,talk,130,9,13,Over
2,talk,131,9,7,Over
2,talk,132,9,8,Over
2,talk,133,9,3,Over
2,talk,134,9,15,Over
2,talk,135,9,11,Over
2,talk,136,9,1,Over
2,talk,137,9,2,Over
2,talk,138,9,6,Over
2,talk,139,9,9,ESTIMATE Agent[04] VILLAGER
2,talk,140,10,15,Over
2,talk,141,10,2,Over
2,talk,142,10,10,Over
2,talk,143,10,5,AGREE TALK day2 ID:34
2,talk,144,10,3,Over
2,talk,145,10,6,Over
2,talk,146,10,8,Over
2,talk,147,10,4,Over
2,talk,148,10,9,Over
2,talk,149,10,11,Over
2,talk,150,10,12,Over
2,talk,151,10,13,Over
2,talk,152,10,1,Over
2,talk,153,10,7,Over
2,talk,154,11,8,Over
2,talk,155,11,4,Over
2,talk,156,11,5,Over
2,talk,157,11,2,Over
2,talk,158,11,13,Over
2,talk,159,11,6,Over
2,talk,160,11,3,Over
2,talk,161,11,9,ESTIMATE Agent[07] WEREWOLF
2,talk,162,11,15,Over
2,talk,163,11,12,Over
2,talk,164,11,10,Over
2,talk,165,11,1,Over
2,talk,166,11,7,Over
2,talk,167,11,11,Over
2,talk,168,12,13,Over
2,talk,169,12,4,Over
2,talk,170,12,11,Over
2,talk,171,12,6,Over
2,talk,172,12,9,ESTIMATE Agent[04] VILLAGER
2,talk,173,12,7,Over
2,talk,174,12,2,Over
2,talk,175,12,15,ESTIMATE Agent[07] WEREWOLF
2,talk,176,12,8,Over
2,talk,177,12,10,Over
2,talk,178,12,12,Over
2,talk,179,12,3,Over
2,talk,180,12,5,Over
2,talk,181,12,1,Over
2,talk,182,13,6,Over
2,talk,183,13,5,Over
2,talk,184,13,3,Over
2,talk,185,13,7,Over
2,talk,186,13,8,Over
2,talk,187,13,10,Over
2,talk,188,13,11,Over
2,talk,189,13,12,Over
2,talk,190,13,1,Over
2,talk,191,13,15,ESTIMATE Agent[07] WEREWOLF
2,talk,192,13,13,Over
2,talk,193,13,4,Over
2,talk,194,13,2,Over
2,talk,195,13,9,ESTIMATE Agent[05] WEREWOLF
2,talk,196,14,10,Over
2,talk,197,14,6,Over
2,talk,198,14,11,Over
2,talk,199,14,4,Over
2,talk,200,14,3,Over
2,talk,201,14,1,Over
2,talk,202,14,5,Over
2,talk,203,14,12,Over
2,talk,204,14,8,Over
2,talk,205,14,2,Over
2,talk,206,14,7,Over
2,talk,207,14,9,Over
2,talk,208,14,15,ESTIMATE Agent[07] WEREWOLF
2,talk,209,14,13,Over
2,talk,210,15,12,Over
2,talk,211,15,5,Over
2,talk,212,15,3,Over
2,talk,213,15,2,Over
2,talk,214,15,7,Over
2,talk,215,15,8,Over
2,talk,216,15,1,Over
2,talk,217,15,10,Over
2,talk,218,15,9,Over
2,talk,219,15,15,Over
2,talk,220,15,4,Over
2,talk,221,15,13,Over
2,talk,222,15,11,Over
2,talk,223,15,6,Over
2,vote,1,5
2,vote,2,15
2,vote,3,15
2,vote,4,6
2,vote,5,15
2,vote,6,7
2,vote,7,6
2,vote,8,11
2,vote,9,15
2,vote,10,2
2,vote,11,8
2,vote,12,6
2,vote,13,15
2,vote,15,7
2,execute,15,VILLAGER
2,divine,3,15,HUMAN
2,whisper,0,0,7,ATTACK Agent[11]
2,whisper,1,0,8,ATTACK Agent[05]
2,whisper,2,0,2,ATTACK Agent[13]
2,whisper,3,1,7,REQUEST(ATTACK Agent[11])
2,whisper,4,1,2,ATTACK Agent[05]
2,whisper,5,1,8,REQUEST(ATTACK Agent[05])
2,whisper,6,2,7,DIVINED Agent[09] WEREWOLF
2,whisper,7,2,2,Over
2,whisper,8,2,8,IDENTIFIED Agent[15] WEREWOLF
2,whisper,9,3,8,Skip
2,whisper,10,3,7,Skip
2,whisper,11,3,2,Over
2,whisper,12,4,7,Skip
2,whisper,13,4,2,Over
2,whisper,14,4,8,Skip
2,whisper,15,5,8,Over
2,whisper,16,5,2,Over
2,whisper,17,5,7,Over
2,guard,13,5,POSSESSED
2,attackVote,2,5
2,attackVote,7,11
2,attackVote,8,5
2,attack,5,false
3,status,1,VILLAGER,ALIVE,m_cre
3,status,2,WEREWOLF,ALIVE,carlo
3,status,3,SEER,ALIVE,AITKN
3,status,4,VILLAGER,ALIVE,Dummy13_09
3,status,5,POSSESSED,ALIVE,daisyo
3,status,6,VILLAGER,ALIVE,tori
3,status,7,WEREWOLF,ALIVE,Dummy13_11
3,status,8,WEREWOLF,ALIVE,Dummy13_07
3,status,9,VILLAGER,ALIVE,wasabi
3,status,10,VILLAGER,ALIVE,TOT
3,status,11,MEDIUM,ALIVE,Dummy13_08
3,status,12,VILLAGER,ALIVE,Dummy13_10
3,status,13,BODYGUARD,ALIVE,megumish
3,status,14,VILLAGER,DEAD,cash
3,status,15,VILLAGER,DEAD,JuN1Ro
3,talk,0,0,4,AGREE TALK day2 ID:37
3,talk,1,0,12,AGREE TALK day2 ID:37
3,talk,2,0,8,IDENTIFIED Agent[15] WEREWOLF
3,talk,3,0,10,VOTE Agent[13]
3,talk,4,0,2,VOTE Agent[03]
3,talk,5,0,9,Skip
3,talk,6,0,6,DISAGREE TALK day2 ID:7
3,talk,7,0,3,DIVINED Agent[15] HUMAN
3,talk,8,0,1,VOTE Agent[05]
3,talk,9,0,5,Skip
3,talk,10,0,11,IDENTIFIED Agent[15] HUMAN
3,talk,11,0,7,DIVINED Agent[09] WEREWOLF
3,talk,12,0,13,VOTE Agent[09]
3,talk,13,1,8,VOTE Agent[11]
3,talk,14,1,10,REQUEST(VOTE Agent[13])
3,talk,15,1,13,Skip
3,talk,16,1,3,Skip
3,talk,17,1,5,VOTE Agent[03]
3,talk,18,1,2,Skip
3,talk,19,1,7,VOTE Agent[03]
3,talk,20,1,9,VOTE Agent[08]
3,talk,21,1,1,Skip
3,talk,22,1,12,AGREE TALK day2 ID:38
3,talk,23,1,4,AGREE TALK day2 ID:38
3,talk,24,1,11,AGREE TALK day1 ID:61
3,talk,25,1,6,DISAGREE TALK day2 ID:16
3,talk,26,2,11,AGREE TALK day2 ID:17
3,talk,27,2,5,AGREE TALK day3 ID:16
3,talk,28,2,10,Skip
3,talk,29,2,7,REQUEST(VOTE Agent[03])
3,talk,30,2,2,Skip
3,talk,31,2,3,ESTIMATE Agent[07] WEREWOLF
3,talk,32,2,8,REQUEST(VOTE Agent[11])
3,talk,33,2,9,ESTIMATE Agent[08] WEREWOLF
3,talk,34,2,12,DISAGREE TALK day2 ID:46
3,talk,35,2,4,DISAGREE TALK day2 ID:46
3,talk,36,2,13,Skip
3,talk,37,2,1,Skip
3,talk,38,2,6,AGREE TALK day2 ID:39
3,talk,39,3,6,AGREE TALK day2 ID:68
3,talk,40,3,11,AGREE TALK day2 ID:47
3,talk,41,3,3,Skip
3,talk,42,3,9,ESTIMATE Agent[08] WEREWOLF
3,talk,43,3,2,Over
3,talk,44,3,8,Skip
3,talk,45,3,7,Skip
3,talk,46,3,4,ESTIMATE Agent[06] WEREWOLF
3,talk,47,3,13,Over
3,talk,48,3,5,AGREE TALK day3 ID:28
3,talk,49,3,12,ESTIMATE Agent[06] WEREWOLF
3,talk,50,3,1,Over
3,talk,51,3,10,Skip
3,talk,52,4,4,REQUEST(Agent[03] DIVINATION Agent[06])
3,talk,53,4,6,AGREE TALK day2 ID:82
3,talk,54,4,9,Skip
3,talk,55,4,12,REQUEST(Agent[03] DIVINATION Agent[06])
3,talk,56,4,3,VOTE Agent[07]
3,talk,57,4,2,Over
3,talk,58,4,13,Over
3,talk,59,4,7,Skip
3,talk,60,4,5,AGREE TALK day3 ID:36
3,talk,61,4,1,Over
3,talk,62,4,8,Skip
3,talk,63,4,10,Over
3,talk,64,4,11,AGREE TALK day2 ID:97
3,talk,65,5,10,Over
3,talk,66,5,8,Over
3,talk,67,5,2,Over
3,talk,68,5,11,ESTIMATE Agent[08] WEREWOLF
3,talk,69,5,7,Over
3,talk,70,5,9,Skip
3,talk,71,5,5,AGREE TALK day3 ID:5
3,talk,72,5,3,REQUEST(DIVINATION Agent[04])
3,talk,73,5,6,AGREE TALK day2 ID:161
3,talk,74,5,1,Over
3,talk,75,5,12,VOTE Agent[06]
3,talk,76,5,13,Over
3,talk,77,5,4,VOTE Agent[06]
3,talk,78,6,3,Skip
3,talk,79,6,9,Over
3,talk,80,6,11,REQUEST(Agent[07] DIVINATION Agent[08])
3,talk,81,6,6,AGREE TALK day2 ID:175
3,talk,82,6,2,Over
3,talk,83,6,10,Over
3,talk,84,6,13,Over
3,talk,85,6,1,Over
3,talk,86,6,4,Skip
3,talk,87,6,5,AGREE TALK day3 ID:21
3,talk,88,6,7,Over
3,talk,89,6,12,Skip
3,talk,90,6,8,Over
3,talk,91,7,6,AGREE TALK day2 ID:191
3,talk,92,7,5,AGREE TALK day3 ID:78
3,talk,93,7,11,VOTE Agent[08]
3,talk,94,7,3,Skip
3,talk,95,7,13,Over
3,talk,96,7,1,Over
3,talk,97,7,8,Over
3,talk,98,7,10,Over
3,talk,99,7,2,Over
3,talk,100,7,4,Skip
3,talk,101,7,9,ESTIMATE Agent[03] WEREWOLF
3,talk,102,7,7,Over
3,talk,103,7,12,Skip
3,talk,104,8,11,Skip
3,talk,105,8,6,AGREE TALK day2 ID:208
3,talk,106,8,1,Over
3,talk,107,8,10,Over
3,talk,108,8,8,Over
3,talk,109,8,9,Over
3,talk,110,8,4,Over
3,talk,111,8,3,Over
3,talk,112,8,7,Over
3,talk,113,8,5,AGREE TALK day3 ID:94
3,talk,114,8,2,Over
3,talk,115,8,12,Over
3,talk,116,8,13,Over
3,talk,117,9,2,Over
3,talk,118,9,10,Over
3,talk,119,9,9,ESTIMATE Agent[13] VILLAGER
3,talk,120,9,12,Over
3,talk,121,9,7,Over
3,talk,122,9,11,Skip
3,talk,123,9,6,ESTIMATE Agent[07] WEREWOLF
3,talk,124,9,1,Over
3,talk,125,9,3,Over
3,talk,126,9,8,Over
3,talk,127,9,4,Over
3,talk,128,9,13,Over
3,talk,129,9,5,AGREE TALK day3 ID:7
3,talk,130,10,11,Over
3,talk,131,10,6,Over
3,talk,132,10,12,Over
3,talk,133,10,5,AGREE TALK day3 ID:18
3,talk,134,10,8,Over
3,talk,135,10,9,ESTIMATE Agent[02] VILLAGER
3,talk,136,10,7,Over
3,talk,137,10,3,Over
3,talk,138,10,10,Over
3,talk,139,10,13,Over
3,talk,140,10,2,Over
3,talk,141,10,1,Over
3,talk,142,10,4,Over
3,talk,143,11,6,Over
3,talk,144,11,2,Over
3,talk,145,11,12,Over
3,talk,146,11,13,Over
3,talk,147,11,4,Over
3,talk,148,11,10,Over
3,talk,149,11,3,Over
3,talk,150,11,9,Over
3,talk,151,11,11,Over
3,talk,152,11,8,Over
3,talk,153,11,5,Over
3,talk,154,11,1,Over
3,talk,155,11,7,Over
3,vote,1,5
3,vote,2,3
3,vote,3,7
3,vote,4,6
3,vote,5,3
3,vote,6,7
3,vote,7,3
3,vote,8,11
3,vote,9,8
3,vote,10,13
3,vote,11,8
3,vote,12,6
3,vote,13,9
3,execute,3,SEER
3,divine,3,1,HUMAN
3,whisper,0,0,8,ATTACK Agent[05]
3,whisper,1,0,7,ATTACK Agent[05]
3,whisper,2,0,2,ATTACK Agent[13]
3,whisper,3,1,8,REQUEST(ATTACK Agent[05])
3,whisper,4,1,2,ATTACK Agent[05]
3,whisper,5,1,7,REQUEST(ATTACK Agent[05])
3,whisper,6,2,8,IDENTIFIED Agent[03] WEREWOLF
3,whisper,7,2,7,DIVINED Agent[02] HUMAN
3,whisper,8,2,2,Over
3,whisper,9,3,8,Skip
3,whisper,10,3,7,Skip
3,whisper,11,3,2,Over
3,whisper,12,4,8,Skip
3,whisper,13,4,2,Over
3,whisper,14,4,7,Skip
3,whisper,15,5,8,Over
3,whisper,16,5,7,Over
3,whisper,17,5,2,Over
3,guard,13,5,POSSESSED
3,attackVote,2,5
3,attackVote,7,5
3,attackVote,8,5
3,attack,5,false
4,status,1,VILLAGER,ALIVE,m_cre
4,status,2,WEREWOLF,ALIVE,carlo
4,status,3,SEER,DEAD,AITKN
4,status,4,VILLAGER,ALIVE,Dummy13_09
4,status,5,POSSESSED,ALIVE,daisyo
4,status,6,VILLAGER,ALIVE,tori
4,status,7,WEREWOLF,ALIVE,Dummy13_11
4,status,8,WEREWOLF,ALIVE,Dummy13_07
4,status,9,VILLAGER,ALIVE,wasabi
4,status,10,VILLAGER,ALIVE,TOT
4,status,11,MEDIUM,ALIVE,Dummy13_08
4,status,12,VILLAGER,ALIVE,Dummy13_10
4,status,13,BODYGUARD,ALIVE,megumish
4,status,14,VILLAGER,DEAD,cash
4,status,15,VILLAGER,DEAD,JuN1Ro
4,talk,0,0,12,AGREE TALK day2 ID:7
4,talk,1,0,4,AGREE TALK day2 ID:7
4,talk,2,0,2,VOTE Agent[05]
4,talk,3,0,7,DIVINED Agent[02] HUMAN
4,talk,4,0,11,IDENTIFIED Agent[03] HUMAN
4,talk,5,0,6,DISAGREE TALK day2 ID:7
4,talk,6,0,13,VOTE Agent[12]
4,talk,7,0,1,VOTE Agent[05]
4,talk,8,0,9,VOTE Agent[08]
4,talk,9,0,5,Skip
4,talk,10,0,8,IDENTIFIED Agent[03] WEREWOLF
4,talk,11,0,10,VOTE Agent[04]
4,talk,12,1,12,AGREE TALK day2 ID:16
4,talk,13,1,6,DISAGREE TALK day2 ID:16
4,talk,14,1,11,AGREE TALK day2 ID:37
4,talk,15,1,8,VOTE Agent[11]
4,talk,16,1,2,Skip
4,talk,17,1,5,VOTE Agent[04]
4,talk,18,1,4,AGREE TALK day2 ID:16
4,talk,19,1,1,VOTE Agent[08]
4,talk,20,1,9,Skip
4,talk,21,1,10,REQUEST(VOTE Agent[04])
4,talk,22,1,7,VOTE Agent[05]
4,talk,23,1,13,Skip
4,talk,24,2,1,Skip
4,talk,25,2,4,DISAGREE TALK day2 ID:39
4,talk,26,2,12,DISAGREE TALK day2 ID:39
4,talk,27,2,6,AGREE TALK day2 ID:39
4,talk,28,2,5,AGREE TALK day4 ID:16
4,talk,29,2,13,Skip
4,talk,30,2,9,Skip
4,talk,31,2,2,Skip
4,talk,32,2,8,REQUEST(VOTE Agent[11])
4,talk,33,2,10,Skip
4,talk,34,2,11,AGREE TALK day2 ID:38
4,talk,35,2,7,REQUEST(VOTE Agent[05])
4,talk,36,3,5,AGREE TALK day4 ID:30
4,talk,37,3,7,Skip
4,talk,38,3,4,DISAGREE TALK day2 ID:68
4,talk,39,3,13,Over
4,talk,40,3,9,Over
4,talk,41,3,11,DISAGREE TALK day2 ID:46
4,talk,42,3,12,DISAGREE TALK day2 ID:68
4,talk,43,3,10,Skip
4,talk,44,3,8,Skip
4,talk,45,3,1,Skip
4,talk,46,3,2,Over
4,talk,47,3,6,AGREE TALK day2 ID:68
4,talk,48,4,13,Over
4,talk,49,4,1,Over
4,talk,50,4,5,AGREE TALK day4 ID:24
4,talk,51,4,4,DISAGREE TALK day2 ID:82
4,talk,52,4,11,AGREE TALK day3 ID:46
4,talk,53,4,9,ESTIMATE Agent[08] WEREWOLF
4,talk,54,4,12,DISAGREE TALK day2 ID:82
4,talk,55,4,6,AGREE TALK day2 ID:82
4,talk,56,4,10,Over
4,talk,57,4,7,Skip
4,talk,58,4,2,Over
4,talk,59,4,8,Skip
4,talk,60,5,2,Over
4,talk,61,5,12,DISAGREE TALK day2 ID:161
4,talk,62,5,4,DISAGREE TALK day2 ID:161
4,talk,63,5,7,Over
4,talk,64,5,8,Over
4,talk,65,5,6,AGREE TALK day2 ID:161
4,talk,66,5,13,Over
4,talk,67,5,11,AGREE TALK day3 ID:49
4,talk,68,5,1,Over
4,talk,69,5,5,AGREE TALK day4 ID:59
4,talk,70,5,10,Over
4,talk,71,5,9,Over
4,talk,72,6,4,DISAGREE TALK day2 ID:175
4,talk,73,6,7,Over
4,talk,74,6,2,Over
4,talk,75,6,9,ESTIMATE Agent[06] VILLAGER
4,talk,76,6,5,AGREE TALK day4 ID:57
4,talk,77,6,8,Over
4,talk,78,6,10,Over
4,talk,79,6,13,Over
4,talk,80,6,1,Over
4,talk,81,6,6,AGREE TALK day2 ID:175
4,talk,82,6,12,DISAGREE TALK day2 ID:175
4,talk,83,6,11,ESTIMATE Agent[06] WEREWOLF
4,talk,84,7,2,Over
4,talk,85,7,10,Over
4,talk,86,7,9,ESTIMATE Agent[04] VILLAGER
4,talk,87,7,4,DISAGREE TALK day2 ID:191
4,talk,88,7,11,REQUEST(Agent[07] DIVINATION Agent[06])
4,talk,89,7,7,Over
4,talk,90,7,1,Over
4,talk,91,7,5,AGREE TALK day4 ID:29
4,talk,92,7,6,AGREE TALK day2 ID:191
4,talk,93,7,13,Over
4,talk,94,7,8,Over
4,talk,95,7,12,DISAGREE TALK day2 ID:191
4,talk,96,8,8,Over
4,talk,97,8,9,ESTIMATE Agent[04] VILLAGER
4,talk,98,8,11,VOTE Agent[06]
4,talk,99,8,7,Over
4,talk,100,8,13,Over
4,talk,101,8,12,DISAGREE TALK day2 ID:208
4,talk,102,8,6,AGREE TALK day2 ID:208
4,talk,103,8,1,Over
4,talk,104,8,10,Over
4,talk,105,8,4,DISAGREE TALK day2 ID:208
4,talk,106,8,5,AGREE TALK day4 ID:37
4,talk,107,8,2,Over
4,talk,108,9,13,Over
4,talk,109,9,11,Skip
4,talk,110,9,10,Over
4,talk,111,9,12,DISAGREE TALK day3 ID:31
4,talk,112,9,8,Over
4,talk,113,9,4,DISAGREE TALK day3 ID:31
4,talk,114,9,6,AGREE TALK day3 ID:31
4,talk,115,9,5,AGREE TALK day4 ID:44
4,talk,116,9,1,Over
4,talk,117,9,9,ESTIMATE Agent[05] WEREWOLF
4,talk,118,9,2,Over
4,talk,119,9,7,Over
4,talk,120,10,5,AGREE TALK day4 ID:23
4,talk,121,10,2,Over
4,talk,122,10,6,Over
4,talk,123,10,8,Over
4,talk,124,10,7,Over
4,talk,125,10,11,Skip
4,talk,126,10,10,Over
4,talk,127,10,4,Over
4,talk,128,10,9,ESTIMATE Agent[01] VILLAGER
4,talk,129,10,12,Over
4,talk,130,10,13,Over
4,talk,131,10,1,Over
4,talk,132,11,5,Over
4,talk,133,11,9,ESTIMATE Agent[06] VILLAGER
4,talk,134,11,8,Over
4,talk,135,11,1,Over
4,talk,136,11,4,Over
4,talk,137,11,11,Over
4,talk,138,11,12,Over
4,talk,139,11,2,Over
4,talk,140,11,6,Over
4,talk,141,11,13,Over
4,talk,142,11,10,Over
4,talk,143,11,7,Over
4,talk,144,12,2,Over
4,talk,145,12,11,Over
4,talk,146,12,4,Over
4,talk,147,12,6,Over
4,talk,148,12,9,Over
4,talk,149,12,10,Over
4,talk,150,12,12,Over
4,talk,151,12,13,Over
4,talk,152,12,7,Over
4,talk,153,12,5,Over
4,talk,154,12,1,Over
4,talk,155,12,8,Over
4,vote,1,8
4,vote,2,4
4,vote,4,9
4,vote,5,4
4,vote,6,7
4,vote,7,5
4,vote,8,11
4,vote,9,8
4,vote,10,4
4,vote,11,6
4,vote,12,6
4,vote,13,12
4,execute,4,VILLAGER
4,whisper,0,0,2,ATTACK Agent[13]
4,whisper,1,0,7,ATTACK Agent[11]
4,whisper,2,0,8,ATTACK Agent[05]
4,whisper,3,1,2,ATTACK Agent[11]
4,whisper,4,1,7,REQUEST(ATTACK Agent[11])
4,whisper,5,1,8,REQUEST(ATTACK Agent[05])
4,whisper,6,2,8,IDENTIFIED Agent[04] HUMAN
4,whisper,7,2,2,Over
4,whisper,8,2,7,DIVINED Agent[10] HUMAN
4,whisper,9,3,8,Skip
4,whisper,10,3,2,Over
4,whisper,11,3,7,Skip
4,whisper,12,4,7,Skip
4,whisper,13,4,8,Skip
4,whisper,14,4,2,Over
4,whisper,15,5,8,Over
4,whisper,16,5,2,Over
4,whisper,17,5,7,Over
4,guard,13,5,POSSESSED
4,attackVote,2,11
4,attackVote,7,11
4,attackVote,8,5
4,attack,11,true
5,status,1,VILLAGER,ALIVE,m_cre
5,status,2,WEREWOLF,ALIVE,carlo
5,status,3,SEER,DEAD,AITKN
5,status,4,VILLAGER,DEAD,Dummy13_09
5,status,5,POSSESSED,ALIVE,daisyo
5,status,6,VILLAGER,ALIVE,tori
5,status,7,WEREWOLF,ALIVE,Dummy13_11
5,status,8,WEREWOLF,ALIVE,Dummy13_07
5,status,9,VILLAGER,ALIVE,wasabi
5,status,10,VILLAGER,ALIVE,TOT
5,status,11,MEDIUM,DEAD,Dummy13_08
5,status,12,VILLAGER,ALIVE,Dummy13_10
5,status,13,BODYGUARD,ALIVE,megumish
5,status,14,VILLAGER,DEAD,cash
5,status,15,VILLAGER,DEAD,JuN1Ro
5,talk,0,0,13,VOTE Agent[06]
5,talk,1,0,7,DIVINED Agent[10] HUMAN
5,talk,2,0,6,DISAGREE TALK day2 ID:7
5,talk,3,0,5,Skip
5,talk,4,0,2,VOTE Agent[05]
5,talk,5,0,8,IDENTIFIED Agent[04] HUMAN
5,talk,6,0,1,VOTE Agent[08]
5,talk,7,0,9,Skip
5,talk,8,0,12,AGREE TALK day2 ID:37
5,talk,9,0,10,VOTE Agent[13]
5,talk,10,1,8,VOTE Agent[01]
5,talk,11,1,6,DISAGREE TALK day2 ID:16
5,talk,12,1,5,VOTE Agent[06]
5,talk,13,1,1,Skip
5,talk,14,1,9,Skip
5,talk,15,1,13,Skip
5,talk,16,1,12,AGREE TALK day2 ID:38
5,talk,17,1,2,Skip
5,talk,18,1,7,VOTE Agent[06]
5,talk,19,1,10,REQUEST(VOTE Agent[13])
5,talk,20,2,12,DISAGREE TALK day2 ID:46
5,talk,21,2,1,Skip
5,talk,22,2,9,Over
5,talk,23,2,7,REQUEST(VOTE Agent[06])
5,talk,24,2,10,Skip
5,talk,25,2,8,REQUEST(VOTE Agent[01])
5,talk,26,2,2,Skip
5,talk,27,2,5,AGREE TALK day5 ID:13
5,talk,28,2,6,AGREE TALK day2 ID:39
5,talk,29,2,13,Skip
5,talk,30,3,12,AGREE TALK day3 ID:46
5,talk,31,3,2,Over
5,talk,32,3,6,AGREE TALK day2 ID:68
5,talk,33,3,8,Skip
5,talk,34,3,10,Skip
5,talk,35,3,5,AGREE TALK day5 ID:21
5,talk,36,3,7,Skip
5,talk,37,3,13,Over
5,talk,38,3,9,VOTE Agent[08]
5,talk,39,3,1,Over
5,talk,40,4,8,Skip
5,talk,41,4,2,Over
5,talk,42,4,9,Over
5,talk,43,4,10,Over
5,talk,44,4,12,AGREE TALK day3 ID:49
5,talk,45,4,6,AGREE TALK day2 ID:82
5,talk,46,4,5,AGREE TALK day5 ID:15
5,talk,47,4,7,Skip
5,talk,48,4,1,Over
5,talk,49,4,13,Over
5,talk,50,5,7,Over
5,talk,51,5,12,DISAGREE TALK day4 ID:75
5,talk,52,5,1,Over
5,talk,53,5,6,AGREE TALK day2 ID:161
5,talk,54,5,8,Over
5,talk,55,5,10,Over
5,talk,56,5,9,ESTIMATE Agent[07] WEREWOLF
5,talk,57,5,5,AGREE TALK day5 ID:24
5,talk,58,5,2,Over
5,talk,59,5,13,Over
5,talk,60,6,8,Over
5,talk,61,6,10,Over
5,talk,62,6,7,Over
5,talk,63,6,13,Over
5,talk,64,6,9,Over
5,talk,65,6,12,AGREE TALK day4 ID:83
5,talk,66,6,2,Over
5,talk,67,6,5,AGREE TALK day5 ID:33
5,talk,68,6,1,Over
5,talk,69,6,6,AGREE TALK day2 ID:175
5,talk,70,7,10,Over
5,talk,71,7,2,Over
5,talk,72,7,8,Over
5,talk,73,7,5,AGREE TALK day5 ID:17
5,talk,74,7,7,Over
5,talk,75,7,1,Over
5,talk,76,7,12,DISAGREE TALK day4 ID:133
5,talk,77,7,9,ESTIMATE Agent[10] VILLAGER
5,talk,78,7,13,Over
5,talk,79,7,6,AGREE TALK day2 ID:191
5,talk,80,8,7,Over
5,talk,81,8,12,ESTIMATE Agent[06] WEREWOLF
5,talk,82,8,5,AGREE TALK day5 ID:7
5,talk,83,8,1,Over
5,talk,84,8,8,Over
5,talk,85,8,6,AGREE TALK day2 ID:208
5,talk,86,8,13,Over
5,talk,87,8,2,Over
5,talk,88,8,9,ESTIMATE Agent[13] VILLAGER
5,talk,89,8,10,Over
5,talk,90,9,12,REQUEST(Agent[07] DIVINATION Agent[06])
5,talk,91,9,8,Over
5,talk,92,9,9,Over
5,talk,93,9,2,Over
5,talk,94,9,1,Over
5,talk,95,9,10,Over
5,talk,96,9,13,Over
5,talk,97,9,5,AGREE TALK day5 ID:88
5,talk,98,9,7,Over
5,talk,99,9,6,AGREE TALK day3 ID:31
5,talk,100,10,1,Over
5,talk,101,10,13,Over
5,talk,102,10,6,Over
5,talk,103,10,9,Over
5,talk,104,10,7,Over
5,talk,105,10,10,Over
5,talk,106,10,8,Over
5,talk,107,10,12,Over
5,talk,108,10,5,AGREE TALK day5 ID:29
5,talk,109,10,2,Over
5,talk,110,11,8,Over
5,talk,111,11,9,ESTIMATE Agent[10] VILLAGER
5,talk,112,11,5,Over
5,talk,113,11,6,Over
5,talk,114,11,1,Over
5,talk,115,11,13,Over
5,talk,116,11,12,Over
5,talk,117,11,2,Over
5,talk,118,11,10,Over
5,talk,119,11,7,Over
5,talk,120,12,6,Over
5,talk,121,12,9,Over
5,talk,122,12,5,Over
5,talk,123,12,13,Over
5,talk,124,12,7,Over
5,talk,125,12,2,Over
5,talk,126,12,12,Over
5,talk,127,12,10,Over
5,talk,128,12,8,Over
5,talk,129,12,1,Over
5,vote,1,8
5,vote,2,6
5,vote,5,6
5,vote,6,7
5,vote,7,6
5,vote,8,1
5,vote,9,8
5,vote,10,13
5,vote,12,6
5,vote,13,6
5,execute,6,VILLAGER
5,whisper,0,0,7,ATTACK Agent[05]
5,whisper,1,0,8,ATTACK Agent[05]
5,whisper,2,0,2,ATTACK Agent[13]
5,whisper,3,1,2,ATTACK Agent[05]
5,whisper,4,1,7,REQUEST(ATTACK Agent[05])
5,whisper,5,1,8,REQUEST(ATTACK Agent[05])
5,whisper,6,2,2,Over
5,whisper,7,2,7,DIVINED Agent[08] HUMAN
5,whisper,8,2,8,IDENTIFIED Agent[06] HUMAN
5,whisper,9,3,2,Over
5,whisper,10,3,8,Skip
5,whisper,11,3,7,Skip
5,whisper,12,4,8,Skip
5,whisper,13,4,2,Over
5,whisper,14,4,7,Skip
5,whisper,15,5,7,Over
5,whisper,16,5,2,Over
5,whisper,17,5,8,Over
5,guard,13,5,POSSESSED
5,attackVote,2,5
5,attackVote,7,5
5,attackVote,8,5
5,attack,5,false
6,status,1,VILLAGER,ALIVE,m_cre
6,status,2,WEREWOLF,ALIVE,carlo
6,status,3,SEER,DEAD,AITKN
6,status,4,VILLAGER,DEAD,Dummy13_09
6,status,5,POSSESSED,ALIVE,daisyo
6,status,6,VILLAGER,DEAD,tori
6,status,7,WEREWOLF,ALIVE,Dummy13_11
6,status,8,WEREWOLF,ALIVE,Dummy13_07
6,status,9,VILLAGER,ALIVE,wasabi
6,status,10,VILLAGER,ALIVE,TOT
6,status,11,MEDIUM,DEAD,Dummy13_08
6,status,12,VILLAGER,ALIVE,Dummy13_10
6,status,13,BODYGUARD,ALIVE,megumish
6,status,14,VILLAGER,DEAD,cash
6,status,15,VILLAGER,DEAD,JuN1Ro
6,talk,0,0,10,VOTE Agent[12]
6,talk,1,0,8,IDENTIFIED Agent[06] HUMAN
6,talk,2,0,12,ESTIMATE Agent[09] WEREWOLF
6,talk,3,0,5,Skip
6,talk,4,0,13,VOTE Agent[08]
6,talk,5,0,2,VOTE Agent[05]
6,talk,6,0,7,DIVINED Agent[08] HUMAN
6,talk,7,0,1,VOTE Agent[08]
6,talk,8,0,9,Skip
6,talk,9,1,1,VOTE Agent[05]
6,talk,10,1,12,REQUEST(Agent[07] DIVINATION Agent[09])
6,talk,11,1,9,VOTE Agent[08]
6,talk,12,1,2,Skip
6,talk,13,1,7,VOTE Agent[05]
6,talk,14,1,8,VOTE Agent[13]
6,talk,15,1,13,Skip
6,talk,16,1,5,VOTE Agent[08]
6,talk,17,1,10,REQUEST(VOTE Agent[12])
6,talk,18,2,2,Skip
6,talk,19,2,10,Skip
6,talk,20,2,1,Skip
6,talk,21,2,13,Skip
6,talk,22,2,7,REQUEST(VOTE Agent[05])
6,talk,23,2,8,REQUEST(VOTE Agent[13])
6,talk,24,2,5,AGREE TALK day6 ID:8
6,talk,25,2,9,Skip
6,talk,26,2,12,VOTE Agent[09]
6,talk,27,3,12,Skip
6,talk,28,3,13,Over
6,talk,29,3,1,Skip
6,talk,30,3,9,Skip
6,talk,31,3,2,Over
6,talk,32,3,8,Skip
6,talk,33,3,7,Skip
6,talk,34,3,10,Skip
6,talk,35,3,5,AGREE TALK day6 ID:12
6,talk,36,4,8,Skip
6,talk,37,4,1,Over
6,talk,38,4,5,AGREE TALK day6 ID:34
6,talk,39,4,10,Over
6,talk,40,4,9,Over
6,talk,41,4,2,Over
6,talk,42,4,12,Skip
6,talk,43,4,7,Skip
6,talk,44,4,13,Over
6,talk,45,5,13,Over
6,talk,46,5,5,AGREE TALK day6 ID:6
6,talk,47,5,9,Over
6,talk,48,5,7,Over
6,talk,49,5,12,Over
6,talk,50,5,2,Over
6,talk,51,5,1,Over
6,talk,52,5,10,Over
6,talk,53,5,8,Over
6,talk,54,6,9,Over
6,talk,55,6,10,Over
6,talk,56,6,8,Over
6,talk,57,6,12,Over
6,talk,58,6,5,AGREE TALK day6 ID:21
6,talk,59,6,2,Over
6,talk,60,6,1,Over
6,talk,61,6,13,Over
6,talk,62,6,7,Over
6,talk,63,7,1,Over
6,talk,64,7,8,Over
6,talk,65,7,9,ESTIMATE Agent[10] VILLAGER
6,talk,66,7,13,Over
6,talk,67,7,7,Over
6,talk,68,7,12,Over
6,talk,69,7,10,Over
6,talk,70,7,2,Over
6,talk,71,7,5,AGREE TALK day6 ID:18
6,talk,72,8,9,Over
6,talk,73,8,2,Over
6,talk,74,8,1,Over
6,talk,75,8,5,AGREE TALK day6 ID:19
6,talk,76,8,10,Over
6,talk,77,8,12,Over
6,talk,78,8,8,Over
6,talk,79,8,7,Over
6,talk,80,8,13,Over
6,talk,81,9,9,ESTIMATE Agent[08] WEREWOLF
6,talk,82,9,8,Over
6,talk,83,9,2,Over
6,talk,84,9,5,AGREE TALK day6 ID:65
6,talk,85,9,1,Over
6,talk,86,9,12,Over
6,talk,87,9,10,Over
6,talk,88,9,7,Over
6,talk,89,9,13,Over
6,talk,90,10,2,Over
6,talk,91,10,8,Over
6,talk,92,10,7,Over
6,talk,93,10,10,Over
6,talk,94,10,13,Over
6,talk,95,10,5,AGREE TALK day6 ID:32
6,talk,96,10,9,ESTIMATE Agent[10] VILLAGER
6,talk,97,10,1,Over
6,talk,98,10,12,Over
6,talk,99,11,1,Over
6,talk,100,11,2,Over
6,talk,101,11,8,Over
6,talk,102,11,10,Over
6,talk,103,11,13,Over
6,talk,104,11,9,ESTIMATE Agent[13] VILLAGER
6,talk,105,11,5,Over
6,talk,106,11,12,Over
6,talk,107,11,7,Over
6,talk,108,12,12,Over
6,talk,109,12,10,Over
6,talk,110,12,8,Over
6,talk,111,12,9,Over
6,talk,112,12,7,Over
6,talk,113,12,13,Over
6,talk,114,12,1,Over
6,talk,115,12,2,Over
6,talk,116,12,5,Over
6,vote,1,5
6,vote,2,5
6,vote,5,8
6,vote,7,5
6,vote,8,13
6,vote,9,8
6,vote,10,12
6,vote,12,9
6,vote,13,8
6,vote,1,5
6,vote,2,5
6,vote,5,8
6,vote,7,5
6,vote,8,5
6,vote,9,8
6,vote,10,12
6,vote,12,9
6,vote,13,8
6,execute,5,POSSESSED
6,whisper,0,0,2,ATTACK Agent[13]
6,whisper,1,0,7,ATTACK Agent[12]
6,whisper,2,0,8,ATTACK Agent[12]
6,whisper,3,1,8,REQUEST(ATTACK Agent[12])
6,whisper,4,1,7,REQUEST(ATTACK Agent[12])
6,whisper,5,1,2,ATTACK Agent[12]
6,whisper,6,2,2,Over
6,whisper,7,2,8,IDENTIFIED Agent[05] HUMAN
6,whisper,8,2,7,DIVINED Agent[01] HUMAN
6,whisper,9,3,7,Skip
6,whisper,10,3,2,Over
6,whisper,11,3,8,Skip
6,whisper,12,4,8,Skip
6,whisper,13,4,2,Over
6,whisper,14,4,7,Skip
6,whisper,15,5,2,Over
6,whisper,16,5,8,Over
6,whisper,17,5,7,Over
6,guard,13,5,POSSESSED
6,attackVote,2,12
6,attackVote,7,12
6,attackVote,8,12
6,attack,12,true
7,status,1,VILLAGER,ALIVE,m_cre
7,status,2,WEREWOLF,ALIVE,carlo
7,status,3,SEER,DEAD,AITKN
7,status,4,VILLAGER,DEAD,Dummy13_09
7,status,5,POSSESSED,DEAD,daisyo
7,status,6,VILLAGER,DEAD,tori
7,status,7,WEREWOLF,ALIVE,Dummy13_11
7,status,8,WEREWOLF,ALIVE,Dummy13_07
7,status,9,VILLAGER,ALIVE,wasabi
7,status,10,VILLAGER,ALIVE,TOT
7,status,11,MEDIUM,DEAD,Dummy13_08
7,status,12,VILLAGER,DEAD,Dummy13_10
7,status,13,BODYGUARD,ALIVE,megumish
7,status,14,VILLAGER,DEAD,cash
7,status,15,VILLAGER,DEAD,JuN1Ro
7,talk,0,0,2,VOTE Agent[07]
7,talk,1,0,8,IDENTIFIED Agent[05] HUMAN
7,talk,2,0,13,VOTE Agent[09]
7,talk,3,0,1,VOTE Agent[08]
7,talk,4,0,10,VOTE Agent[13]
7,talk,5,0,7,DIVINED Agent[01] HUMAN
7,talk,6,0,9,VOTE Agent[08]
7,talk,7,1,8,VOTE Agent[01]
7,talk,8,1,9,Skip
7,talk,9,1,1,Skip
7,talk,10,1,7,VOTE Agent[09]
7,talk,11,1,13,Skip
7,talk,12,1,2,Skip
7,talk,13,1,10,REQUEST(VOTE Agent[13])
7,talk,14,2,9,ESTIMATE Agent[08] WEREWOLF
7,talk,15,2,2,Skip
7,talk,16,2,8,REQUEST(VOTE Agent[01])
7,talk,17,2,10,Skip
7,talk,18,2,7,REQUEST(VOTE Agent[09])
7,talk,19,2,1,Skip
7,talk,20,2,13,Skip
7,talk,21,3,10,Skip
7,talk,22,3,13,Over
7,talk,23,3,1,Over
7,talk,24,3,7,Skip
7,talk,25,3,8,Skip
7,talk,26,3,2,Over
7,talk,27,3,9,ESTIMATE Agent[07] WEREWOLF
7,talk,28,4,7,Skip
7,talk,29,4,13,Over
7,talk,30,4,1,Over
7,talk,31,4,9,ESTIMATE Agent[07] WEREWOLF
7,talk,32,4,8,Skip
7,talk,33,4,2,Over
7,talk,34,4,10,Over
7,talk,35,5,7,Over
7,talk,36,5,1,Over
7,talk,37,5,8,Over
7,talk,38,5,10,Over
7,talk,39,5,9,Skip
7,talk,40,5,13,Over
7,talk,41,5,2,Over
7,talk,42,6,13,Over
7,talk,43,6,10,Over
7,talk,44,6,1,Over
7,talk,45,6,2,Over
7,talk,46,6,7,Over
7,talk,47,6,8,Over
7,talk,48,6,9,ESTIMATE Agent[10] VILLAGER
7,talk,49,7,2,Over
7,talk,50,7,10,Over
7,talk,51,7,8,Over
7,talk,52,7,9,Skip
7,talk,53,7,7,Over
7,talk,54,7,1,Over
7,talk,55,7,13,Over
7,talk,56,8,2,Over
7,talk,57,8,1,Over
7,talk,58,8,9,Over
7,talk,59,8,8,Over
7,talk,60,8,13,Over
7,talk,61,8,10,Over
7,talk,62,8,7,Over
7,vote,1,8
7,vote,2,9
7,vote,7,9
7,vote,8,1
7,vote,9,8
7,vote,10,13
7,vote,13,9
7,execute,9,VILLAGER
7,whisper,0,0,2,ATTACK Agent[13]
7,whisper,1,0,7,ATTACK Agent[01]
7,whisper,2,0,8,ATTACK Agent[10]
7,whisper,3,1,8,REQUEST(ATTACK Agent[10])
7,whisper,4,1,2,ATTACK Agent[01]
7,whisper,5,1,7,REQUEST(ATTACK Agent[01])
7,whisper,6,2,2,Over
7,whisper,7,2,7,DIVINED Agent[13] WEREWOLF
7,whisper,8,2,8,IDENTIFIED Agent[09] HUMAN
7,whisper,9,3,8,Skip
7,whisper,10,3,2,Over
7,whisper,11,3,7,Skip
7,whisper,12,4,8,Skip
7,whisper,13,4,7,Skip
7,whisper,14,4,2,Over
7,whisper,15,5,8,Over
7,whisper,16,5,2,Over
7,whisper,17,5,7,Over
7,guard,13,7,WEREWOLF
7,attackVote,2,1
7,attackVote,7,1
7,attackVote,8,10
7,attack,1,true
8,status,1,VILLAGER,DEAD,m_cre
8,status,2,WEREWOLF,ALIVE,carlo
8,status,3,SEER,DEAD,AITKN
8,status,4,VILLAGER,DEAD,Dummy13_09
8,status,5,POSSESSED,DEAD,daisyo
8,status,6,VILLAGER,DEAD,tori
8,status,7,WEREWOLF,ALIVE,Dummy13_11
8,status,8,WEREWOLF,ALIVE,Dummy13_07
8,status,9,VILLAGER,DEAD,wasabi
8,status,10,VILLAGER,ALIVE,TOT
8,status,11,MEDIUM,DEAD,Dummy13_08
8,status,12,VILLAGER,DEAD,Dummy13_10
8,status,13,BODYGUARD,ALIVE,megumish
8,status,14,VILLAGER,DEAD,cash
8,status,15,VILLAGER,DEAD,JuN1Ro
8,result,2,3,WEREWOLF
