0,status,1,SEER,ALIVE,m_cre
0,status,2,VILLAGER,ALIVE,carlo
0,status,3,VILLAGER,ALIVE,AITKN
0,status,4,VILLAGER,ALIVE,Dummy13_09
0,status,5,POSSESSED,ALIVE,daisyo
0,status,6,WEREWOLF,ALIVE,tori
0,status,7,VILLAGER,ALIVE,Dummy13_11
0,status,8,BODYGUARD,ALIVE,Dummy13_07
0,status,9,WEREWOLF,ALIVE,wasabi
0,status,10,VILLAGER,ALIVE,TOT
0,status,11,VILLAGER,ALIVE,Dummy13_08
0,status,12,VILLAGER,ALIVE,Dummy13_10
0,status,13,MEDIUM,ALIVE,megumish
0,status,14,VILLAGER,ALIVE,cash
0,status,15,WEREWOLF,ALIVE,JuN1Ro
0,whisper,0,0,9,Over
0,whisper,1,0,6,COMINGOUT Agent[06] VILLAGER
0,whisper,2,0,15,Over
0,whisper,3,1,9,ATTACK Agent[08]
0,whisper,4,1,6,Skip
0,whisper,5,1,15,Over
0,whisper,6,2,15,Over
0,whisper,7,2,9,Over
0,whisper,8,2,6,COMINGOUT Agent[06] SEER
0,whisper,9,3,9,Over
0,whisper,10,3,6,Skip
0,whisper,11,3,15,Over
0,whisper,12,4,9,ATTACK Agent[11]
0,whisper,13,4,15,Over
0,whisper,14,4,6,Skip
0,whisper,15,5,9,ATTACK Agent[12]
0,whisper,16,5,6,Over
0,whisper,17,5,15,Over
0,whisper,18,6,15,Over
0,whisper,19,6,9,Over
0,whisper,20,6,6,Over
0,divine,1,2,HUMAN
1,status,1,SEER,ALIVE,m_cre
1,status,2,VILLAGER,ALIVE,carlo
1,status,3,VILLAGER,ALIVE,AITKN
1,status,4,VILLAGER,ALIVE,Dummy13_09
1,status,5,POSSESSED,ALIVE,daisyo
1,status,6,WEREWOLF,ALIVE,tori
1,status,7,VILLAGER,ALIVE,Dummy13_11
1,status,8,BODYGUARD,ALIVE,Dummy13_07
1,status,9,WEREWOLF,ALIVE,wasabi
1,status,10,VILLAGER,ALIVE,TOT
1,status,11,VILLAGER,ALIVE,Dummy13_08
1,status,12,VILLAGER,ALIVE,Dummy13_10
1,status,13,MEDIUM,ALIVE,megumish
1,status,14,VILLAGER,ALIVE,cash
1,status,15,WEREWOLF,ALIVE,JuN1Ro
1,talk,0,0,13,VOTE Agent[02]
1,talk,1,0,15,VOTE Agent[14]
1,talk,2,0,4,VOTE Agent[01]
1,talk,3,0,10,VOTE Agent[15]
1,talk,4,0,5,REQUEST(ESTIMATE Agent[05] VILLAGER)
1,talk,5,0,1,COMINGOUT Agent[01] SEER
1,talk,6,0,8,VOTE Agent[03]
1,talk,7,0,6,VOTE Agent[03]
1,talk,8,0,3,REQUEST(COMINGOUT Agent[03] SEER)
1,talk,9,0,7,VOTE Agent[05]
1,talk,10,0,11,VOTE Agent[15]
1,talk,11,0,2,VOTE Agent[01]
1,talk,12,0,14,DIVINED Agent[06] HUMAN
1,talk,13,0,9,VOTE Agent[10]
1,talk,14,0,12,VOTE Agent[04]
1,talk,15,1,2,VOTE Agent[03]
1,talk,16,1,1,DIVINED Agent[02] HUMAN
1,talk,17,1,9,Skip
1,talk,18,1,10,REQUEST(VOTE Agent[15])
1,talk,19,1,4,ESTIMATE Agent[14] SEER
1,talk,20,1,14,Over
1,talk,21,1,8,ESTIMATE Agent[14] SEER
1,talk,22,1,15,Over
1,talk,23,1,11,ESTIMATE Agent[14] SEER
1,talk,24,1,6,REQUEST(VOTE Agent[03])
1,talk,25,1,13,Skip
1,talk,26,1,7,ESTIMATE Agent[14] SEER
1,talk,27,1,3,REQUEST(COMINGOUT Agent[03] MEDIUM)
1,talk,28,1,5,VOTE Agent[01]
1,talk,29,1,12,ESTIMATE Agent[14] SEER
1,talk,30,2,12,Skip
1,talk,31,2,1,VOTE Agent[05]
1,talk,32,2,13,Skip
1,talk,33,2,8,Skip
1,talk,34,2,4,Skip
1,talk,35,2,15,Over
1,talk,36,2,11,Skip
1,talk,37,2,2,Skip
1,talk,38,2,6,COMINGOUT Agent[06] SEER
1,talk,39,2,7,Skip
1,talk,40,2,10,Skip
1,talk,41,2,5,AGREE TALK day1 ID:25
1,talk,42,2,3,AGREE TALK day1 ID:2
1,talk,43,2,9,ESTIMATE Agent[02] VILLAGER
1,talk,44,2,14,Over
1,talk,45,3,12,Skip
1,talk,46,3,3,AGREE TALK day1 ID:11
1,talk,47,3,8,Skip
1,talk,48,3,15,Over
1,talk,49,3,11,Skip
1,talk,50,3,9,ESTIMATE Agent[13] VILLAGER
1,talk,51,3,10,Skip
1,talk,52,3,6,VOTE Agent[01]
1,talk,53,3,4,Skip
1,talk,54,3,5,AGREE TALK day1 ID:30
1,talk,55,3,2,Skip
1,talk,56,3,1,Skip
1,talk,57,3,7,Skip
1,talk,58,3,14,Over
1,talk,59,3,13,Over
1,talk,60,4,9,VOTE Agent[12]
1,talk,61,4,11,Over
1,talk,62,4,12,Over
1,talk,63,4,2,Over
1,talk,64,4,6,REQUEST(VOTE Agent[01])
1,talk,65,4,14,Over
1,talk,66,4,5,AGREE TALK day1 ID:37
1,talk,67,4,15,Over
1,talk,68,4,1,Skip
1,talk,69,4,3,Skip
1,talk,70,4,10,Over
1,talk,71,4,13,Over
1,talk,72,4,8,Over
1,talk,73,4,4,Over
1,talk,74,4,7,Over
1,talk,75,5,15,Over
1,talk,76,5,4,Over
1,talk,77,5,13,Over
1,talk,78,5,9,VOTE Agent[04]
1,talk,79,5,2,Over
1,talk,80,5,5,AGREE TALK day1 ID:57
1,talk,81,5,7,Over
1,talk,82,5,1,Over
1,talk,83,5,3,Skip
1,talk,84,5,11,Over
1,talk,85,5,10,Over
1,talk,86,5,8,Over
1,talk,87,5,12,Over
1,talk,88,5,6,Skip
1,talk,89,5,14,Over
1,talk,90,6,13,Over
1,talk,91,6,14,Over
1,talk,92,6,10,Over
1,talk,93,6,12,Over
1,talk,94,6,9,ESTIMATE Agent[07] VILLAGER
1,talk,95,6,6,Skip
1,talk,96,6,15,Over
1,talk,97,6,3,Over
1,talk,98,6,11,Over
1,talk,99,6,5,AGREE TALK day1 ID:45
1,talk,100,6,1,Over
1,talk,101,6,4,Over
1,talk,102,6,7,Over
1,talk,103,6,2,Over
1,talk,104,6,8,Over
1,talk,105,7,4,Over
1,talk,106,7,12,Over
1,talk,107,7,13,Over
1,talk,108,7,15,Over
1,talk,109,7,11,Over
1,talk,110,7,3,REQUEST(DIVINATION Agent[02])
1,talk,111,7,6,Over
1,talk,112,7,7,Over
1,talk,113,7,8,Over
1,talk,114,7,10,Over
1,talk,115,7,2,Over
1,talk,116,7,1,Over
1,talk,117,7,5,AGREE TALK day1 ID:12
1,talk,118,7,9,VOTE Agent[05]
1,talk,119,7,14,Over
1,talk,120,8,11,Over
1,talk,121,8,14,Over
1,talk,122,8,4,Over
1,talk,123,8,8,Over
1,talk,124,8,13,Over
1,talk,125,8,2,Over
1,talk,126,8,12,Over
1,talk,127,8,9,Skip
1,talk,128,8,15,Over
1,talk,129,8,5,AGREE TALK day1 ID:49
1,talk,130,8,1,Over
1,talk,131,8,7,Over
1,talk,132,8,3,Skip
1,talk,133,8,10,Over
1,talk,134,8,6,Over
1,talk,135,9,1,Over
1,talk,136,9,3,VOTE Agent[06]
1,talk,137,9,12,Over
1,talk,138,9,10,Over
1,talk,139,9,13,Over
1,talk,140,9,6,Over
1,talk,141,9,9,Skip
1,talk,142,9,14,Over
1,talk,143,9,5,AGREE TALK day1 ID:21
1,talk,144,9,15,Over
1,talk,145,9,7,Over
1,talk,146,9,2,Over
1,talk,147,9,4,Over
1,talk,148,9,8,Over
1,talk,149,9,11,Over
1,talk,150,10,14,Over
1,talk,151,10,15,Over
1,talk,152,10,11,Over
1,talk,153,10,4,Over
1,talk,154,10,12,Over
1,talk,155,10,10,Over
1,talk,156,10,5,Over
1,talk,157,10,13,Over
1,talk,158,10,6,Over
1,talk,159,10,9,VOTE Agent[04]
1,talk,160,10,1,Over
1,talk,161,10,8,Over
1,talk,162,10,3,Skip
1,talk,163,10,7,Over
1,talk,164,10,2,Over
1,talk,165,11,13,Over
1,talk,166,11,1,Over
1,talk,167,11,4,Over
1,talk,168,11,3,Skip
1,talk,169,11,15,ESTIMATE Agent[14] WEREWOLF
1,talk,170,11,10,Over
1,talk,171,11,6,Over
1,talk,172,11,2,Over
1,talk,173,11,5,Over
1,talk,174,11,9,Over
1,talk,175,11,12,Over
1,talk,176,11,14,Over
1,talk,177,11,7,Over
1,talk,178,11,8,Over
1,talk,179,11,11,Over
1,talk,180,12,6,Over
1,talk,181,12,3,Over
1,talk,182,12,12,Over
1,talk,183,12,15,Over
1,talk,184,12,11,Over
1,talk,185,12,10,Over
1,talk,186,12,14,Over
1,talk,187,12,13,Over
1,talk,188,12,7,Over
1,talk,189,12,1,Over
1,talk,190,12,2,Over
1,talk,191,12,9,VOTE Agent[05]
1,talk,192,12,8,Over
1,talk,193,12,4,Over
1,talk,194,12,5,Over
1,talk,195,13,1,Over
1,talk,196,13,8,Over
1,talk,197,13,2,Over
1,talk,198,13,10,Over
1,talk,199,13,15,ESTIMATE Agent[14] WEREWOLF
1,talk,200,13,4,Over
1,talk,201,13,6,Over
1,talk,202,13,5,Over
1,talk,203,13,3,Over
1,talk,204,13,12,Over
1,talk,205,13,14,Over
1,talk,206,13,11,Over
1,talk,207,13,9,ESTIMATE Agent[08] VILLAGER
1,talk,208,13,13,Over
1,talk,209,13,7,Over
1,talk,210,14,7,Over
1,talk,211,14,15,Over
1,talk,212,14,12,Over
1,talk,213,14,10,Over
1,talk,214,14,5,Over
1,talk,215,14,9,Over
1,talk,216,14,4,Over
1,talk,217,14,1,Over
1,talk,218,14,8,Over
1,talk,219,14,3,Over
1,talk,220,14,6,Over
1,talk,221,14,13,Over
1,talk,222,14,14,Over
1,talk,223,14,2,Over
1,talk,224,14,11,Over
1,vote,1,5
1,vote,2,3
1,vote,3,6
1,vote,4,1
1,vote,5,1
1,vote,6,1
1,vote,7,5
1,vote,8,3
1,vote,9,5
1,vote,10,15
1,vote,11,15
1,vote,12,4
1,vote,13,2
1,vote,14,3
1,vote,15,14
1,vote,1,10
1,vote,2,3
1,vote,3,6
1,vote,4,1
1,vote,5,1
1,vote,6,1
1,vote,7,5
1,vote,8,3
1,vote,9,5
1,vote,10,15
1,vote,11,3
1,vote,12,1
1,vote,13,2
1,vote,14,12
1,vote,15,14
1,execute,1,SEER
1,divine,1,3,HUMAN
1,whisper,0,0,15,REQUEST(Agent[01] ATTACK Agent[01])
1,whisper,1,0,9,ATTACK Agent[02]
1,whisper,2,0,6,ESTIMATE Agent[14] POSSESSED
1,whisper,3,1,15,Over
1,whisper,4,1,6,ATTACK Agent[03]
1,whisper,5,1,9,Over
1,whisper,6,2,15,Over
1,whisper,7,2,6,REQUEST(ATTACK Agent[03])
1,whisper,8,2,9,ATTACK Agent[07]
1,whisper,9,3,15,Over
1,whisper,10,3,9,ATTACK Agent[02]
1,whisper,11,3,6,Skip
1,whisper,12,4,9,Over
1,whisper,13,4,6,Skip
1,whisper,14,4,15,Over
1,whisper,15,5,9,Over
1,whisper,16,5,15,Over
1,whisper,17,5,6,Over
1,guard,8,14,VILLAGER
1,attackVote,6,3
1,attackVote,9,2
1,attackVote,15,1
1,attackVote,6,3
1,attackVote,9,7
1,attackVote,15,1
1,attack,7,true
2,status,1,SEER,DEAD,m_cre
2,status,2,VILLAGER,ALIVE,carlo
2,status,3,VILLAGER,ALIVE,AITKN
2,status,4,VILLAGER,ALIVE,Dummy13_09
2,status,5,POSSESSED,ALIVE,daisyo
2,status,6,WEREWOLF,ALIVE,tori
2,status,7,VILLAGER,DEAD,Dummy13_11
2,status,8,BODYGUARD,ALIVE,Dummy13_07
2,status,9,WEREWOLF,ALIVE,wasabi
2,status,10,VILLAGER,ALIVE,TOT
2,status,11,VILLAGER,ALIVE,Dummy13_08
2,status,12,VILLAGER,ALIVE,Dummy13_10
2,status,13,MEDIUM,ALIVE,megumish
2,status,14,VILLAGER,ALIVE,cash
2,status,15,WEREWOLF,ALIVE,JuN1Ro
2,talk,0,0,2,VOTE Agent[03]
2,talk,1,0,4,VOTE Agent[13]
2,talk,2,0,15,VOTE Agent[14]
2,talk,3,0,6,VOTE Agent[05]
2,talk,4,0,8,VOTE Agent[04]
2,talk,5,0,12,VOTE Agent[06]
2,talk,6,0,5,Skip
2,talk,7,0,3,Skip
2,talk,8,0,10,VOTE Agent[02]
2,talk,9,0,9,Skip
2,talk,10,0,14,DIVINED Agent[02] HUMAN
2,talk,11,0,13,COMINGOUT Agent[13] MEDIUM
2,talk,12,0,11,VOTE Agent[04]
2,talk,13,1,2,Skip
2,talk,14,1,12,Skip
2,talk,15,1,6,REQUEST(VOTE Agent[05])
2,talk,16,1,3,AGREE TALK day2 ID:8
2,talk,17,1,10,REQUEST(VOTE Agent[02])
2,talk,18,1,8,Skip
2,talk,19,1,14,Over
2,talk,20,1,9,Skip
2,talk,21,1,15,VOTE Agent[13]
2,talk,22,1,11,Skip
2,talk,23,1,13,IDENTIFIED Agent[01] HUMAN
2,talk,24,1,4,Skip
2,talk,25,1,5,VOTE Agent[04]
2,talk,26,2,2,Skip
2,talk,27,2,10,Skip
2,talk,28,2,8,Skip
2,talk,29,2,11,Skip
2,talk,30,2,6,Skip
2,talk,31,2,13,VOTE Agent[03]
2,talk,32,2,12,Skip
2,talk,33,2,4,Skip
2,talk,34,2,3,ESTIMATE Agent[02] WEREWOLF
2,talk,35,2,14,Over
2,talk,36,2,5,AGREE TALK day2 ID:10
2,talk,37,2,9,Over
2,talk,38,2,15,Over
2,talk,39,3,3,AGREE TALK day2 ID:17
2,talk,40,3,9,VOTE Agent[14]
2,talk,41,3,13,Skip
2,talk,42,3,12,Over
2,talk,43,3,10,Skip
2,talk,44,3,2,Over
2,talk,45,3,6,Skip
2,talk,46,3,14,Over
2,talk,47,3,8,Over
2,talk,48,3,5,AGREE TALK day2 ID:32
2,talk,49,3,11,Over
2,talk,50,3,15,Over
2,talk,51,3,4,Over
2,talk,52,4,13,Skip
2,talk,53,4,3,VOTE Agent[02]
2,talk,54,4,2,Over
2,talk,55,4,9,VOTE Agent[11]
2,talk,56,4,14,Over
2,talk,57,4,12,Over
2,talk,58,4,10,Over
2,talk,59,4,11,Over
2,talk,60,4,5,AGREE TALK day2 ID:24
2,talk,61,4,4,Over
2,talk,62,4,8,Over
2,talk,63,4,15,Over
2,talk,64,4,6,Over
2,talk,65,5,3,REQUEST(DIVINATION Agent[06])
2,talk,66,5,6,Over
2,talk,67,5,2,Over
2,talk,68,5,4,Over
2,talk,69,5,13,Over
2,talk,70,5,9,ESTIMATE Agent[10] WEREWOLF
2,talk,71,5,5,AGREE TALK day2 ID:28
2,talk,72,5,14,Over
2,talk,73,5,8,Over
2,talk,74,5,10,Over
2,talk,75,5,12,Over
2,talk,76,5,15,ESTIMATE Agent[13] WEREWOLF
2,talk,77,5,11,Over
2,talk,78,6,10,Over
2,talk,79,6,4,Over
2,talk,80,6,9,Over
2,talk,81,6,11,Over
2,talk,82,6,6,Over
2,talk,83,6,15,Over
2,talk,84,6,5,AGREE TALK day2 ID:43
2,talk,85,6,3,Skip
2,talk,86,6,2,Over
2,talk,87,6,14,Over
2,talk,88,6,13,Over
2,talk,89,6,8,Over
2,talk,90,6,12,Over
2,talk,91,7,9,VOTE Agent[04]
2,talk,92,7,10,Over
2,talk,93,7,2,Over
2,talk,94,7,3,Skip
2,talk,95,7,4,Over
2,talk,96,7,15,Over
2,talk,97,7,6,Over
2,talk,98,7,11,Over
2,talk,99,7,12,Over
2,talk,100,7,8,Over
2,talk,101,7,14,Over
2,talk,102,7,13,Over
2,talk,103,7,5,AGREE TALK day2 ID:45
2,talk,104,8,6,Over
2,talk,105,8,8,Over
2,talk,106,8,13,Over
2,talk,107,8,11,Over
2,talk,108,8,10,Over
2,talk,109,8,12,Over
2,talk,110,8,14,Over
2,talk,111,8,3,Over
2,talk,112,8,4,Over
2,talk,113,8,9,ESTIMATE Agent[15] VILLAGER
2,talk,114,8,2,Over
2,talk,115,8,5,AGREE TALK day2 ID:9
2,talk,116,8,15,Over
2,talk,117,9,5,AGREE TALK day2 ID:18
2,talk,118,9,6,Over
2,talk,119,9,15,Over
2,talk,120,9,13,Over
2,talk,121,9,8,Over
2,talk,122,9,12,Over
2,talk,123,9,4,Over
2,talk,124,9,2,Over
2,talk,125,9,11,Over
2,talk,126,9,10,Over
2,talk,127,9,3,Over
2,talk,128,9,9,VOTE Agent[05]
2,talk,129,9,14,Over
2,talk,130,10,4,Over
2,talk,131,10,8,Over
2,talk,132,10,2,Over
2,talk,133,10,15,Over
2,talk,134,10,3,Over
2,talk,135,10,13,Over
2,talk,136,10,12,Over
2,talk,137,10,5,AGREE TALK day2 ID:13
2,talk,138,10,14,Over
2,talk,139,10,6,Over
2,talk,140,10,9,ESTIMATE Agent[08] VILLAGER
2,talk,141,10,11,Over
2,talk,142,10,10,Over
2,talk,143,11,2,Over
2,talk,144,11,11,Over
2,talk,145,11,12,Over
2,talk,146,11,6,Over
2,talk,147,11,15,Over
2,talk,148,11,10,Over
2,talk,149,11,9,ESTIMATE Agent[12] VILLAGER
2,talk,150,11,5,Over
2,talk,151,11,3,Over
2,talk,152,11,4,Over
2,talk,153,11,8,Over
2,talk,154,11,14,Over
2,talk,155,11,13,Over
2,talk,156,12,8,Over
2,talk,157,12,2,Over
2,talk,158,12,12,Over
2,talk,159,12,13,Over
2,talk,160,12,6,Over
2,talk,161,12,3,AGREE TALK day2 ID:149
2,talk,162,12,15,Over
2,talk,163,12,10,Over
2,talk,164,12,9,ESTIMATE Agent[12] VILLAGER
2,talk,165,12,5,Over
2,talk,166,12,11,Over
2,talk,167,12,14,Over
2,talk,168,12,4,Over
2,talk,169,13,9,ESTIMATE Agent[02] VILLAGER
2,talk,170,13,4,Over
2,talk,171,13,12,Over
2,talk,172,13,5,Over
2,talk,173,13,10,Over
2,talk,174,13,2,Over
2,talk,175,13,15,ESTIMATE Agent[13] WEREWOLF
2,talk,176,13,13,Over
2,talk,177,13,6,Over
2,talk,178,13,3,AGREE TALK day2 ID:164
2,talk,179,13,8,Over
2,talk,180,13,14,Over
2,talk,181,13,11,Over
2,talk,182,14,6,Over
2,talk,183,14,12,Over
2,talk,184,14,14,Over
2,talk,185,14,15,Over
2,talk,186,14,3,Skip
2,talk,187,14,9,Over
2,talk,188,14,5,Over
2,talk,189,14,2,Over
2,talk,190,14,13,Over
2,talk,191,14,8,Over
2,talk,192,14,11,Over
2,talk,193,14,10,Over
2,talk,194,14,4,Over
2,talk,195,15,15,Over
2,talk,196,15,9,Over
2,talk,197,15,14,Over
2,talk,198,15,2,Over
2,talk,199,15,5,Over
2,talk,200,15,3,Skip
2,talk,201,15,8,Over
2,talk,202,15,11,Over
2,talk,203,15,12,Over
2,talk,204,15,4,Over
2,talk,205,15,10,Over
2,talk,206,15,6,Over
2,talk,207,15,13,Over
2,talk,208,16,15,Over
2,talk,209,16,3,Over
2,talk,210,16,12,Over
2,talk,211,16,6,Over
2,talk,212,16,14,Over
2,talk,213,16,10,Over
2,talk,214,16,5,Over
2,talk,215,16,13,Over
2,talk,216,16,8,Over
2,talk,217,16,11,Over
2,talk,218,16,2,Over
2,talk,219,16,9,Over
2,talk,220,16,4,Over
2,vote,2,3
2,vote,3,2
2,vote,4,13
2,vote,5,4
2,vote,6,5
2,vote,8,4
2,vote,9,5
2,vote,10,2
2,vote,11,4
2,vote,12,6
2,vote,13,3
2,vote,14,12
2,vote,15,13
2,execute,4,VILLAGER
2,whisper,0,0,9,Over
2,whisper,1,0,15,REQUEST(Agent[13] ATTACK Agent[13])
2,whisper,2,0,6,ATTACK Agent[13]
2,whisper,3,1,15,Over
2,whisper,4,1,6,REQUEST(ATTACK Agent[13])
2,whisper,5,1,9,ATTACK Agent[13]
2,whisper,6,2,9,Over
2,whisper,7,2,15,Over
2,whisper,8,2,6,Skip
2,whisper,9,3,15,Over
2,whisper,10,3,6,Skip
2,whisper,11,3,9,Over
2,whisper,12,4,6,Over
2,whisper,13,4,9,Over
2,whisper,14,4,15,Over
2,guard,8,14,VILLAGER
2,attackVote,6,13
2,attackVote,9,13
2,attackVote,15,14
2,attack,13,true
3,status,1,SEER,DEAD,m_cre
3,status,2,VILLAGER,ALIVE,carlo
3,status,3,VILLAGER,ALIVE,AITKN
3,status,4,VILLAGER,DEAD,Dummy13_09
3,status,5,POSSESSED,ALIVE,daisyo
3,status,6,WEREWOLF,ALIVE,tori
3,status,7,VILLAGER,DEAD,Dummy13_11
3,status,8,BODYGUARD,ALIVE,Dummy13_07
3,status,9,WEREWOLF,ALIVE,wasabi
3,status,10,VILLAGER,ALIVE,TOT
3,status,11,VILLAGER,ALIVE,Dummy13_08
3,status,12,VILLAGER,ALIVE,Dummy13_10
3,status,13,MEDIUM,DEAD,megumish
3,status,14,VILLAGER,ALIVE,cash
3,status,15,WEREWOLF,ALIVE,JuN1Ro
3,talk,0,0,9,VOTE Agent[05]
3,talk,1,0,5,Skip
3,talk,2,0,3,Skip
3,talk,3,0,8,VOTE Agent[02]
3,talk,4,0,10,VOTE Agent[14]
3,talk,5,0,15,VOTE Agent[11]
3,talk,6,0,14,DIVINED Agent[15] HUMAN
3,talk,7,0,12,VOTE Agent[02]
3,talk,8,0,11,VOTE Agent[03]
3,talk,9,0,6,VOTE Agent[05]
3,talk,10,0,2,VOTE Agent[05]
3,talk,11,1,11,Skip
3,talk,12,1,10,REQUEST(VOTE Agent[14])
3,talk,13,1,6,REQUEST(VOTE Agent[05])
3,talk,14,1,14,Over
3,talk,15,1,2,Skip
3,talk,16,1,15,ESTIMATE Agent[02] VILLAGER
3,talk,17,1,8,Skip
3,talk,18,1,9,Skip
3,talk,19,1,5,VOTE Agent[02]
3,talk,20,1,3,AGREE TALK day3 ID:3
3,talk,21,1,12,Skip
3,talk,22,2,3,ESTIMATE Agent[02] WEREWOLF
3,talk,23,2,10,Skip
3,talk,24,2,8,Skip
3,talk,25,2,9,VOTE Agent[12]
3,talk,26,2,11,Skip
3,talk,27,2,15,Over
3,talk,28,2,6,Skip
3,talk,29,2,5,AGREE TALK day3 ID:17
3,talk,30,2,14,Over
3,talk,31,2,12,Skip
3,talk,32,2,2,Skip
3,talk,33,3,11,Over
3,talk,34,3,3,AGREE TALK day3 ID:7
3,talk,35,3,15,Over
3,talk,36,3,8,Over
3,talk,37,3,9,VOTE Agent[05]
3,talk,38,3,5,AGREE TALK day3 ID:21
3,talk,39,3,2,Over
3,talk,40,3,14,Over
3,talk,41,3,12,Over
3,talk,42,3,6,Skip
3,talk,43,3,10,Skip
3,talk,44,4,11,Over
3,talk,45,4,14,Over
3,talk,46,4,9,ESTIMATE Agent[02] VILLAGER
3,talk,47,4,3,VOTE Agent[02]
3,talk,48,4,5,AGREE TALK day3 ID:43
3,talk,49,4,10,Over
3,talk,50,4,15,Over
3,talk,51,4,12,Over
3,talk,52,4,2,Over
3,talk,53,4,6,Over
3,talk,54,4,8,Over
3,talk,55,5,15,Over
3,talk,56,5,9,Skip
3,talk,57,5,6,Over
3,talk,58,5,10,Over
3,talk,59,5,3,REQUEST(DIVINATION Agent[06])
3,talk,60,5,2,Over
3,talk,61,5,12,Over
3,talk,62,5,8,Over
3,talk,63,5,11,Over
3,talk,64,5,5,AGREE TALK day3 ID:6
3,talk,65,5,14,Over
3,talk,66,6,10,Over
3,talk,67,6,2,Over
3,talk,68,6,8,Over
3,talk,69,6,5,AGREE TALK day3 ID:56
3,talk,70,6,9,ESTIMATE Agent[06] WEREWOLF
3,talk,71,6,14,Over
3,talk,72,6,6,Over
3,talk,73,6,12,Over
3,talk,74,6,15,Over
3,talk,75,6,3,AGREE TALK day3 ID:19
3,talk,76,6,11,Over
3,talk,77,7,2,Over
3,talk,78,7,12,Over
3,talk,79,7,14,Over
3,talk,80,7,9,ESTIMATE Agent[06] WEREWOLF
3,talk,81,7,5,AGREE TALK day3 ID:18
3,talk,82,7,10,Over
3,talk,83,7,6,Over
3,talk,84,7,15,ESTIMATE Agent[02] VILLAGER
3,talk,85,7,3,Skip
3,talk,86,7,8,Over
3,talk,87,7,11,Over
3,talk,88,8,3,Skip
3,talk,89,8,9,Skip
3,talk,90,8,6,Over
3,talk,91,8,8,Over
3,talk,92,8,10,Over
3,talk,93,8,14,Over
3,talk,94,8,2,Over
3,talk,95,8,11,Over
3,talk,96,8,12,Over
3,talk,97,8,5,AGREE TALK day3 ID:26
3,talk,98,8,15,Over
3,talk,99,9,11,Over
3,talk,100,9,2,Over
3,talk,101,9,14,Over
3,talk,102,9,8,Over
3,talk,103,9,12,Over
3,talk,104,9,10,Over
3,talk,105,9,5,AGREE TALK day3 ID:31
3,talk,106,9,6,Over
3,talk,107,9,9,Over
3,talk,108,9,3,Over
3,talk,109,9,15,Over
3,talk,110,10,12,Over
3,talk,111,10,5,AGREE TALK day3 ID:32
3,talk,112,10,3,Over
3,talk,113,10,15,Over
3,talk,114,10,8,Over
3,talk,115,10,14,Over
3,talk,116,10,2,Over
3,talk,117,10,11,Over
3,talk,118,10,10,Over
3,talk,119,10,6,Over
3,talk,120,10,9,VOTE Agent[11]
3,talk,121,11,14,Over
3,talk,122,11,8,Over
3,talk,123,11,3,Over
3,talk,124,11,5,Over
3,talk,125,11,9,VOTE Agent[05]
3,talk,126,11,11,Over
3,talk,127,11,15,Over
3,talk,128,11,12,Over
3,talk,129,11,6,Over
3,talk,130,11,2,Over
3,talk,131,11,10,Over
3,talk,132,12,14,Over
3,talk,133,12,5,Over
3,talk,134,12,12,Over
3,talk,135,12,3,Over
3,talk,136,12,10,Over
3,talk,137,12,2,Over
3,talk,138,12,11,Over
3,talk,139,12,15,ESTIMATE Agent[02] VILLAGER
3,talk,140,12,8,Over
3,talk,141,12,9,VOTE Agent[12]
3,talk,142,12,6,Over
3,talk,143,13,11,Over
3,talk,144,13,3,Over
3,talk,145,13,15,Over
3,talk,146,13,2,Over
3,talk,147,13,10,Over
3,talk,148,13,6,Over
3,talk,149,13,5,Over
3,talk,150,13,8,Over
3,talk,151,13,14,Over
3,talk,152,13,12,Over
3,talk,153,13,9,ESTIMATE Agent[14] VILLAGER
3,talk,154,14,9,Over
3,talk,155,14,8,Over
3,talk,156,14,6,Over
3,talk,157,14,3,AGREE TALK day3 ID:153
3,talk,158,14,14,Over
3,talk,159,14,5,Over
3,talk,160,14,10,Over
3,talk,161,14,11,Over
3,talk,162,14,15,Over
3,talk,163,14,12,Over
3,talk,164,14,2,Over
3,talk,165,15,3,Skip
3,talk,166,15,12,Over
3,talk,167,15,10,Over
3,talk,168,15,9,Over
3,talk,169,15,15,Over
3,talk,170,15,2,Over
3,talk,171,15,5,Over
3,talk,172,15,14,Over
3,talk,173,15,8,Over
3,talk,174,15,6,Over
3,talk,175,15,11,Over
3,talk,176,16,15,Over
3,talk,177,16,3,Skip
3,talk,178,16,6,Over
3,talk,179,16,14,Over
3,talk,180,16,9,Over
3,talk,181,16,8,Over
3,talk,182,16,12,Over
3,talk,183,16,2,Over
3,talk,184,16,10,Over
3,talk,185,16,5,Over
3,talk,186,16,11,Over
3,talk,187,17,15,ESTIMATE Agent[02] VILLAGER
3,talk,188,17,6,Over
3,talk,189,17,5,Over
3,talk,190,17,14,Over
3,talk,191,17,2,Over
3,talk,192,17,3,Over
3,talk,193,17,8,Over
3,talk,194,17,11,Over
3,talk,195,17,10,Over
3,talk,196,17,12,Over
3,talk,197,17,9,Over
3,talk,198,18,9,Over
3,talk,199,18,11,Over
3,talk,200,18,6,Over
3,talk,201,18,3,Over
3,talk,202,18,15,Over
3,talk,203,18,12,Over
3,talk,204,18,2,Over
3,talk,205,18,5,Over
3,talk,206,18,8,Over
3,talk,207,18,10,Over
3,talk,208,18,14,Over
3,vote,2,5
3,vote,3,2
3,vote,5,2
3,vote,6,5
3,vote,8,2
3,vote,9,12
3,vote,10,14
3,vote,11,3
3,vote,12,2
3,vote,14,5
3,vote,15,11
3,execute,2,VILLAGER
3,whisper,0,0,6,ATTACK Agent[12]
3,whisper,1,0,9,ATTACK Agent[12]
3,whisper,2,0,15,ATTACK Agent[02]
3,whisper,3,1,6,REQUEST(ATTACK Agent[12])
3,whisper,4,1,15,REQUEST(Agent[02] ATTACK Agent[02])
3,whisper,5,1,9,ATTACK Agent[08]
3,whisper,6,2,15,Over
3,whisper,7,2,6,Skip
3,whisper,8,2,9,ATTACK Agent[14]
3,whisper,9,3,15,Over
3,whisper,10,3,9,ATTACK Agent[11]
3,whisper,11,3,6,Skip
3,whisper,12,4,15,Over
3,whisper,13,4,6,Over
3,whisper,14,4,9,Over
3,guard,8,14,VILLAGER
3,attackVote,6,12
3,attackVote,9,11
3,attackVote,15,14
3,attackVote,6,12
3,attackVote,9,14
3,attackVote,15,14
3,attack,14,false
4,status,1,SEER,DEAD,m_cre
4,status,2,VILLAGER,DEAD,carlo
4,status,3,VILLAGER,ALIVE,AITKN
4,status,4,VILLAGER,DEAD,Dummy13_09
4,status,5,POSSESSED,ALIVE,daisyo
4,status,6,WEREWOLF,ALIVE,tori
4,status,7,VILLAGER,DEAD,Dummy13_11
4,status,8,BODYGUARD,ALIVE,Dummy13_07
4,status,9,WEREWOLF,ALIVE,wasabi
4,status,10,VILLAGER,ALIVE,TOT
4,status,11,VILLAGER,ALIVE,Dummy13_08
4,status,12,VILLAGER,ALIVE,Dummy13_10
4,status,13,MEDIUM,DEAD,megumish
4,status,14,VILLAGER,ALIVE,cash
4,status,15,WEREWOLF,ALIVE,JuN1Ro
4,talk,0,0,9,VOTE Agent[12]
4,talk,1,0,15,VOTE Agent[11]
4,talk,2,0,14,DIVINED Agent[12] HUMAN
4,talk,3,0,11,VOTE Agent[15]
4,talk,4,0,10,VOTE Agent[08]
4,talk,5,0,5,Skip
4,talk,6,0,8,VOTE Agent[06]
4,talk,7,0,6,VOTE Agent[10]
4,talk,8,0,12,VOTE Agent[10]
4,talk,9,0,3,Skip
4,talk,10,1,3,AGREE TALK day4 ID:6
4,talk,11,1,6,REQUEST(VOTE Agent[10])
4,talk,12,1,10,REQUEST(VOTE Agent[08])
4,talk,13,1,14,Over
4,talk,14,1,15,Over
4,talk,15,1,11,Skip
4,talk,16,1,5,VOTE Agent[10]
4,talk,17,1,9,ESTIMATE Agent[15] VILLAGER
4,talk,18,1,8,Skip
4,talk,19,1,12,Skip
4,talk,20,2,11,Skip
4,talk,21,2,14,Over
4,talk,22,2,15,ESTIMATE Agent[11] WEREWOLF
4,talk,23,2,8,Skip
4,talk,24,2,10,Skip
4,talk,25,2,12,Skip
4,talk,26,2,5,AGREE TALK day4 ID:2
4,talk,27,2,6,Skip
4,talk,28,2,9,ESTIMATE Agent[11] WEREWOLF
4,talk,29,2,3,ESTIMATE Agent[06] WEREWOLF
4,talk,30,3,3,Skip
4,talk,31,3,15,Over
4,talk,32,3,5,AGREE TALK day4 ID:24
4,talk,33,3,6,Skip
4,talk,34,3,12,Over
4,talk,35,3,10,Skip
4,talk,36,3,14,Over
4,talk,37,3,9,Skip
4,talk,38,3,8,Over
4,talk,39,3,11,Over
4,talk,40,4,11,Over
4,talk,41,4,15,Over
4,talk,42,4,12,Over
4,talk,43,4,14,Over
4,talk,44,4,6,Over
4,talk,45,4,5,AGREE TALK day4 ID:9
4,talk,46,4,9,Skip
4,talk,47,4,3,VOTE Agent[06]
4,talk,48,4,8,Over
4,talk,49,4,10,Over
4,talk,50,5,10,Over
4,talk,51,5,15,Over
4,talk,52,5,8,Over
4,talk,53,5,5,AGREE TALK day4 ID:15
4,talk,54,5,9,VOTE Agent[15]
4,talk,55,5,3,REQUEST(DIVINATION Agent[12])
4,talk,56,5,12,Over
4,talk,57,5,14,Over
4,talk,58,5,11,Over
4,talk,59,5,6,Over
4,talk,60,6,5,AGREE TALK day4 ID:25
4,talk,61,6,11,Over
4,talk,62,6,8,Over
4,talk,63,6,3,Skip
4,talk,64,6,12,Over
4,talk,65,6,15,Over
4,talk,66,6,10,Over
4,talk,67,6,6,Over
4,talk,68,6,9,Skip
4,talk,69,6,14,Over
4,talk,70,7,6,Over
4,talk,71,7,3,Skip
4,talk,72,7,5,AGREE TALK day4 ID:18
4,talk,73,7,14,Over
4,talk,74,7,15,Over
4,talk,75,7,10,Over
4,talk,76,7,8,Over
4,talk,77,7,9,ESTIMATE Agent[05] VILLAGER
4,talk,78,7,12,Over
4,talk,79,7,11,Over
4,talk,80,8,3,Over
4,talk,81,8,5,AGREE TALK day4 ID:17
4,talk,82,8,12,Over
4,talk,83,8,10,Over
4,talk,84,8,15,Over
4,talk,85,8,6,Over
4,talk,86,8,14,Over
4,talk,87,8,11,Over
4,talk,88,8,9,VOTE Agent[12]
4,talk,89,8,8,Over
4,talk,90,9,14,Over
4,talk,91,9,15,Over
4,talk,92,9,12,Over
4,talk,93,9,8,Over
4,talk,94,9,6,Over
4,talk,95,9,5,AGREE TALK day4 ID:27
4,talk,96,9,10,Over
4,talk,97,9,3,Over
4,talk,98,9,9,Over
4,talk,99,9,11,Over
4,talk,100,10,14,Over
4,talk,101,10,10,Over
4,talk,102,10,15,Over
4,talk,103,10,5,AGREE TALK day4 ID:37
4,talk,104,10,11,Over
4,talk,105,10,3,Over
4,talk,106,10,8,Over
4,talk,107,10,6,Over
4,talk,108,10,9,ESTIMATE Agent[10] VILLAGER
4,talk,109,10,12,Over
4,talk,110,11,9,ESTIMATE Agent[03] VILLAGER
4,talk,111,11,3,AGREE TALK day4 ID:108
4,talk,112,11,14,Over
4,talk,113,11,6,Over
4,talk,114,11,10,Over
4,talk,115,11,11,Over
4,talk,116,11,12,Over
4,talk,117,11,15,Over
4,talk,118,11,8,Over
4,talk,119,11,5,Over
4,talk,120,12,6,Over
4,talk,121,12,10,Over
4,talk,122,12,14,Over
4,talk,123,12,8,Over
4,talk,124,12,5,Over
4,talk,125,12,15,Over
4,talk,126,12,9,VOTE Agent[05]
4,talk,127,12,12,Over
4,talk,128,12,3,AGREE TALK day4 ID:110
4,talk,129,12,11,Over
4,talk,130,13,10,Over
4,talk,131,13,11,Over
4,talk,132,13,3,Skip
4,talk,133,13,8,Over
4,talk,134,13,12,Over
4,talk,135,13,14,Over
4,talk,136,13,9,ESTIMATE Agent[10] VILLAGER
4,talk,137,13,5,Over
4,talk,138,13,15,ESTIMATE Agent[11] WEREWOLF
4,talk,139,13,6,Over
4,talk,140,14,8,Over
4,talk,141,14,6,Over
4,talk,142,14,3,AGREE TALK day4 ID:136
4,talk,143,14,15,Over
4,talk,144,14,12,Over
4,talk,145,14,10,Over
4,talk,146,14,11,Over
4,talk,147,14,9,Over
4,talk,148,14,5,Over
4,talk,149,14,14,Over
4,talk,150,15,3,Skip
4,talk,151,15,10,Over
4,talk,152,15,14,Over
4,talk,153,15,12,Over
4,talk,154,15,5,Over
4,talk,155,15,11,Over
4,talk,156,15,6,Over
4,talk,157,15,8,Over
4,talk,158,15,15,Over
4,talk,159,15,9,Over
4,talk,160,16,8,Over
4,talk,161,16,10,Over
4,talk,162,16,3,Skip
4,talk,163,16,5,Over
4,talk,164,16,15,Over
4,talk,165,16,6,Over
4,talk,166,16,11,Over
4,talk,167,16,12,Over
4,talk,168,16,14,Over
4,talk,169,16,9,Over
4,talk,170,17,12,Over
4,talk,171,17,14,Over
4,talk,172,17,11,Over
4,talk,173,17,9,Over
4,talk,174,17,6,Over
4,talk,175,17,8,Over
4,talk,176,17,15,Over
4,talk,177,17,5,Over
4,talk,178,17,10,Over
4,talk,179,17,3,Over
4,vote,3,6
4,vote,5,10
4,vote,6,10
4,vote,8,6
4,vote,9,5
4,vote,10,8
4,vote,11,15
4,vote,12,10
4,vote,14,8
4,vote,15,11
4,execute,10,VILLAGER
4,whisper,0,0,6,ATTACK Agent[03]
4,whisper,1,0,9,Over
4,whisper,2,0,15,ATTACK Agent[11]
4,whisper,3,1,9,ATTACK Agent[14]
4,whisper,4,1,15,REQUEST(Agent[11] ATTACK Agent[11])
4,whisper,5,1,6,REQUEST(ATTACK Agent[03])
4,whisper,6,2,6,Skip
4,whisper,7,2,15,Over
4,whisper,8,2,9,Over
4,whisper,9,3,15,Over
4,whisper,10,3,9,Over
4,whisper,11,3,6,Skip
4,whisper,12,4,9,ATTACK Agent[08]
4,whisper,13,4,15,Over
4,whisper,14,4,6,Over
4,whisper,15,5,15,Over
4,whisper,16,5,9,Over
4,whisper,17,5,6,Over
4,guard,8,14,VILLAGER
4,attackVote,6,3
4,attackVote,9,8
4,attackVote,15,10
4,attackVote,6,3
4,attackVote,9,14
4,attackVote,15,10
4,attack,3,true
5,status,1,SEER,DEAD,m_cre
5,status,2,VILLAGER,DEAD,carlo
5,status,3,VILLAGER,DEAD,AITKN
5,status,4,VILLAGER,DEAD,Dummy13_09
5,status,5,POSSESSED,ALIVE,daisyo
5,status,6,WEREWOLF,ALIVE,tori
5,status,7,VILLAGER,DEAD,Dummy13_11
5,status,8,BODYGUARD,ALIVE,Dummy13_07
5,status,9,WEREWOLF,ALIVE,wasabi
5,status,10,VILLAGER,DEAD,TOT
5,status,11,VILLAGER,ALIVE,Dummy13_08
5,status,12,VILLAGER,ALIVE,Dummy13_10
5,status,13,MEDIUM,DEAD,megumish
5,status,14,VILLAGER,ALIVE,cash
5,status,15,WEREWOLF,ALIVE,JuN1Ro
5,talk,0,0,11,VOTE Agent[06]
5,talk,1,0,9,VOTE Agent[15]
5,talk,2,0,14,DIVINED Agent[09] HUMAN
5,talk,3,0,5,Skip
5,talk,4,0,12,VOTE Agent[15]
5,talk,5,0,8,VOTE Agent[06]
5,talk,6,0,15,VOTE Agent[05]
5,talk,7,0,6,VOTE Agent[12]
5,talk,8,1,15,Over
5,talk,9,1,11,Skip
5,talk,10,1,9,Skip
5,talk,11,1,5,VOTE Agent[06]
5,talk,12,1,12,Skip
5,talk,13,1,14,Over
5,talk,14,1,8,Skip
5,talk,15,1,6,REQUEST(VOTE Agent[12])
5,talk,16,2,15,Over
5,talk,17,2,14,Over
5,talk,18,2,9,Skip
5,talk,19,2,11,Skip
5,talk,20,2,6,Skip
5,talk,21,2,5,AGREE TALK day5 ID:9
5,talk,22,2,12,Skip
5,talk,23,2,8,Skip
5,talk,24,3,11,Over
5,talk,25,3,12,Over
5,talk,26,3,9,VOTE Agent[12]
5,talk,27,3,8,Over
5,talk,28,3,6,Skip
5,talk,29,3,5,AGREE TALK day5 ID:2
5,talk,30,3,14,Over
5,talk,31,3,15,Over
5,talk,32,4,14,Over
5,talk,33,4,6,Over
5,talk,34,4,15,Over
5,talk,35,4,11,Over
5,talk,36,4,12,Over
5,talk,37,4,8,Over
5,talk,38,4,5,AGREE TALK day5 ID:28
5,talk,39,4,9,Skip
5,talk,40,5,8,Over
5,talk,41,5,12,Over
5,talk,42,5,6,Over
5,talk,43,5,11,Over
5,talk,44,5,5,AGREE TALK day5 ID:22
5,talk,45,5,15,Over
5,talk,46,5,14,Over
5,talk,47,5,9,VOTE Agent[08]
5,talk,48,6,14,Over
5,talk,49,6,5,AGREE TALK day5 ID:19
5,talk,50,6,15,Over
5,talk,51,6,6,Over
5,talk,52,6,12,Over
5,talk,53,6,9,VOTE Agent[12]
5,talk,54,6,11,Over
5,talk,55,6,8,Over
5,talk,56,7,8,Over
5,talk,57,7,14,Over
5,talk,58,7,9,Over
5,talk,59,7,11,Over
5,talk,60,7,5,AGREE TALK day5 ID:10
5,talk,61,7,12,Over
5,talk,62,7,15,Over
5,talk,63,7,6,Over
5,talk,64,8,15,Over
5,talk,65,8,5,AGREE TALK day5 ID:18
5,talk,66,8,12,Over
5,talk,67,8,11,Over
5,talk,68,8,8,Over
5,talk,69,8,6,Over
5,talk,70,8,14,Over
5,talk,71,8,9,VOTE Agent[05]
5,talk,72,9,15,Over
5,talk,73,9,8,Over
5,talk,74,9,9,Over
5,talk,75,9,14,Over
5,talk,76,9,11,Over
5,talk,77,9,6,Over
5,talk,78,9,12,Over
5,talk,79,9,5,AGREE TALK day5 ID:20
5,talk,80,10,5,AGREE TALK day5 ID:39
5,talk,81,10,14,Over
5,talk,82,10,12,Over
5,talk,83,10,15,ESTIMATE Agent[05] WEREWOLF
5,talk,84,10,11,Over
5,talk,85,10,9,VOTE Agent[15]
5,talk,86,10,8,Over
5,talk,87,10,6,Over
5,talk,88,11,5,Over
5,talk,89,11,8,Over
5,talk,90,11,15,Over
5,talk,91,11,14,Over
5,talk,92,11,12,Over
5,talk,93,11,6,Over
5,talk,94,11,9,Over
5,talk,95,11,11,Over
5,vote,5,6
5,vote,6,12
5,vote,8,6
5,vote,9,15
5,vote,11,6
5,vote,12,15
5,vote,14,5
5,vote,15,5
5,execute,6,WEREWOLF
5,whisper,0,0,9,Over
5,whisper,1,0,15,ATTACK Agent[11]
5,whisper,2,0,6,ATTACK Agent[12]
5,whisper,3,1,6,REQUEST(ATTACK Agent[12])
5,whisper,4,1,15,REQUEST(Agent[11] ATTACK Agent[11])
5,whisper,5,1,9,Over
5,whisper,6,2,9,ATTACK Agent[08]
5,whisper,7,2,15,Over
5,whisper,8,2,6,Skip
5,whisper,9,3,6,Skip
5,whisper,10,3,9,Over
5,whisper,11,3,15,Over
5,whisper,12,4,9,ATTACK Agent[14]
5,whisper,13,4,6,Over
5,whisper,14,4,15,Over
5,whisper,15,5,15,Over
5,whisper,16,5,6,Over
5,whisper,17,5,9,Over
5,guard,8,14,VILLAGER
5,attackVote,6,12
5,attackVote,9,14
5,attackVote,15,11
5,attackVote,6,12
5,attackVote,9,14
5,attackVote,15,11
5,attack,11,true
6,status,1,SEER,DEAD,m_cre
6,status,2,VILLAGER,DEAD,carlo
6,status,3,VILLAGER,DEAD,AITKN
6,status,4,VILLAGER,DEAD,Dummy13_09
6,status,5,POSSESSED,ALIVE,daisyo
6,status,6,WEREWOLF,DEAD,tori
6,status,7,VILLAGER,DEAD,Dummy13_11
6,status,8,BODYGUARD,ALIVE,Dummy13_07
6,status,9,WEREWOLF,ALIVE,wasabi
6,status,10,VILLAGER,DEAD,TOT
6,status,11,VILLAGER,DEAD,Dummy13_08
6,status,12,VILLAGER,ALIVE,Dummy13_10
6,status,13,MEDIUM,DEAD,megumish
6,status,14,VILLAGER,ALIVE,cash
6,status,15,WEREWOLF,ALIVE,JuN1Ro
6,talk,0,0,14,DIVINED Agent[05] HUMAN
6,talk,1,0,12,VOTE Agent[14]
6,talk,2,0,5,Skip
6,talk,3,0,9,Skip
6,talk,4,0,15,VOTE Agent[05]
6,talk,5,0,8,VOTE Agent[14]
6,talk,6,1,5,VOTE Agent[14]
6,talk,7,1,8,Skip
6,talk,8,1,9,VOTE Agent[15]
6,talk,9,1,15,VOTE Agent[08]
6,talk,10,1,12,Skip
6,talk,11,1,14,Over
6,talk,12,2,8,Skip
6,talk,13,2,14,Over
6,talk,14,2,9,Skip
6,talk,15,2,12,Skip
6,talk,16,2,15,Over
6,talk,17,2,5,AGREE TALK day6 ID:0
6,talk,18,3,12,Over
6,talk,19,3,9,VOTE Agent[12]
6,talk,20,3,5,AGREE TALK day6 ID:14
6,talk,21,3,14,Over
6,talk,22,3,15,Over
6,talk,23,3,8,Over
6,talk,24,4,12,Over
6,talk,25,4,5,AGREE TALK day6 ID:15
6,talk,26,4,8,Over
6,talk,27,4,15,ESTIMATE Agent[08] WEREWOLF
6,talk,28,4,14,Over
6,talk,29,4,9,Skip
6,talk,30,5,5,AGREE TALK day6 ID:3
6,talk,31,5,8,Over
6,talk,32,5,15,Over
6,talk,33,5,9,Over
6,talk,34,5,12,Over
6,talk,35,5,14,Over
6,talk,36,6,8,Over
6,talk,37,6,5,AGREE TALK day6 ID:7
6,talk,38,6,15,Over
6,talk,39,6,9,VOTE Agent[08]
6,talk,40,6,12,Over
6,talk,41,6,14,Over
6,talk,42,7,9,VOTE Agent[12]
6,talk,43,7,5,AGREE TALK day6 ID:10
6,talk,44,7,15,Over
6,talk,45,7,12,Over
6,talk,46,7,8,Over
6,talk,47,7,14,Over
6,talk,48,8,5,AGREE TALK day6 ID:12
6,talk,49,8,8,Over
6,talk,50,8,12,Over
6,talk,51,8,14,Over
6,talk,52,8,9,ESTIMATE Agent[08] VILLAGER
6,talk,53,8,15,ESTIMATE Agent[08] WEREWOLF
6,talk,54,9,14,Over
6,talk,55,9,15,Over
6,talk,56,9,9,Over
6,talk,57,9,8,Over
6,talk,58,9,12,Over
6,talk,59,9,5,AGREE TALK day6 ID:52
6,talk,60,10,9,Over
6,talk,61,10,12,Over
6,talk,62,10,5,AGREE TALK day6 ID:29
6,talk,63,10,15,Over
6,talk,64,10,8,Over
6,talk,65,10,14,Over
6,talk,66,11,12,Over
6,talk,67,11,8,Over
6,talk,68,11,15,Over
6,talk,69,11,9,VOTE Agent[14]
6,talk,70,11,14,Over
6,talk,71,11,5,Over
6,talk,72,12,15,Over
6,talk,73,12,8,Over
6,talk,74,12,5,Over
6,talk,75,12,12,Over
6,talk,76,12,9,Over
6,talk,77,12,14,Over
6,vote,5,14
6,vote,8,14
6,vote,9,14
6,vote,12,14
6,vote,14,8
6,vote,15,8
6,execute,14,VILLAGER
6,whisper,0,0,15,ATTACK Agent[09]
6,whisper,1,0,9,ATTACK Agent[12]
6,whisper,2,1,15,REQUEST(Agent[09] ATTACK Agent[09])
6,whisper,3,1,9,Over
6,whisper,4,2,15,Over
6,whisper,5,2,9,Over
6,guard,8,14,VILLAGER
6,attackVote,9,12
6,attackVote,15,12
6,attack,12,true
7,status,1,SEER,DEAD,m_cre
7,status,2,VILLAGER,DEAD,carlo
7,status,3,VILLAGER,DEAD,AITKN
7,status,4,VILLAGER,DEAD,Dummy13_09
7,status,5,POSSESSED,ALIVE,daisyo
7,status,6,WEREWOLF,DEAD,tori
7,status,7,VILLAGER,DEAD,Dummy13_11
7,status,8,BODYGUARD,ALIVE,Dummy13_07
7,status,9,WEREWOLF,ALIVE,wasabi
7,status,10,VILLAGER,DEAD,TOT
7,status,11,VILLAGER,DEAD,Dummy13_08
7,status,12,VILLAGER,DEAD,Dummy13_10
7,status,13,MEDIUM,DEAD,megumish
7,status,14,VILLAGER,DEAD,cash
7,status,15,WEREWOLF,ALIVE,JuN1Ro
7,result,2,2,WEREWOLF
