0,status,1,VILLAGER,ALIVE,m_cre
0,status,2,POSSESSED,ALIVE,carlo
0,status,3,SEER,ALIVE,AITKN
0,status,4,WEREWOLF,ALIVE,Dummy13_09
0,status,5,VILLAGER,ALIVE,daisyo
0,status,6,VILLAGER,ALIVE,tori
0,status,7,VILLAGER,ALIVE,Dummy13_11
0,status,8,VILLAGER,ALIVE,Dummy13_07
0,status,9,VILLAGER,ALIVE,wasabi
0,status,10,BODYGUARD,ALIVE,TOT
0,status,11,VILLAGER,ALIVE,Dummy13_08
0,status,12,WEREWOLF,ALIVE,Dummy13_10
0,status,13,VILLAGER,ALIVE,megumish
0,status,14,WEREWOLF,ALIVE,cash
0,status,15,MEDIUM,ALIVE,JuN1Ro
0,whisper,0,0,4,COMINGOUT Agent[04] MEDIUM
0,whisper,1,0,14,Over
0,whisper,2,0,12,COMINGOUT Agent[12] MEDIUM
0,whisper,3,1,12,Skip
0,whisper,4,1,14,Over
0,whisper,5,1,4,Skip
0,whisper,6,2,4,Skip
0,whisper,7,2,14,Over
0,whisper,8,2,12,COMINGOUT Agent[12] VILLAGER
0,whisper,9,3,4,Over
0,whisper,10,3,12,Skip
0,whisper,11,3,14,Over
0,whisper,12,4,4,Over
0,whisper,13,4,12,Skip
0,whisper,14,4,14,Over
0,whisper,15,5,12,Over
0,whisper,16,5,14,Over
0,whisper,17,5,4,Over
0,divine,3,9,HUMAN
1,status,1,VILLAGER,ALIVE,m_cre
1,status,2,POSSESSED,ALIVE,carlo
1,status,3,SEER,ALIVE,AITKN
1,status,4,WEREWOLF,ALIVE,Dummy13_09
1,status,5,VILLAGER,ALIVE,daisyo
1,status,6,VILLAGER,ALIVE,tori
1,status,7,VILLAGER,ALIVE,Dummy13_11
1,status,8,VILLAGER,ALIVE,Dummy13_07
1,status,9,VILLAGER,ALIVE,wasabi
1,status,10,BODYGUARD,ALIVE,TOT
1,status,11,VILLAGER,ALIVE,Dummy13_08
1,status,12,WEREWOLF,ALIVE,Dummy13_10
1,status,13,VILLAGER,ALIVE,megumish
1,status,14,WEREWOLF,ALIVE,cash
1,status,15,MEDIUM,ALIVE,JuN1Ro
1,talk,0,0,6,VOTE Agent[01]
1,talk,1,0,1,VOTE Agent[10]
1,talk,2,0,11,VOTE Agent[09]
1,talk,3,0,5,REQUEST(COMINGOUT Agent[05] SEER)
1,talk,4,0,14,DIVINED Agent[13] HUMAN
1,talk,5,0,12,VOTE Agent[05]
1,talk,6,0,2,COMINGOUT Agent[02] SEER
1,talk,7,0,4,VOTE Agent[09]
1,talk,8,0,3,REQUEST(COMINGOUT Agent[03] SEER)
1,talk,9,0,9,Skip
1,talk,10,0,8,VOTE Agent[14]
1,talk,11,0,7,VOTE Agent[14]
1,talk,12,0,13,VOTE Agent[06]
1,talk,13,0,10,VOTE Agent[15]
1,talk,14,0,15,VOTE Agent[01]
1,talk,15,1,7,ESTIMATE Agent[14] SEER
1,talk,16,1,10,REQUEST(VOTE Agent[15])
1,talk,17,1,12,REQUEST(VOTE Agent[05])
1,talk,18,1,8,ESTIMATE Agent[14] SEER
1,talk,19,1,13,Skip
1,talk,20,1,2,DIVINED Agent[15] WEREWOLF
1,talk,21,1,14,Over
1,talk,22,1,6,ESTIMATE Agent[14] SEER
1,talk,23,1,1,Skip
1,talk,24,1,11,ESTIMATE Agent[14] SEER
1,talk,25,1,9,VOTE Agent[03]
1,talk,26,1,4,REQUEST(VOTE Agent[09])
1,talk,27,1,5,VOTE Agent[01]
1,talk,28,1,3,REQUEST(COMINGOUT Agent[03] MEDIUM)
1,talk,29,1,15,VOTE Agent[14]
1,talk,30,2,11,ESTIMATE Agent[15] WEREWOLF
1,talk,31,2,4,Skip
1,talk,32,2,6,ESTIMATE Agent[15] WEREWOLF
1,talk,33,2,14,Over
1,talk,34,2,1,VOTE Agent[15]
1,talk,35,2,3,Skip
1,talk,36,2,5,AGREE TALK day1 ID:24
1,talk,37,2,2,VOTE Agent[15]
1,talk,38,2,8,ESTIMATE Agent[15] WEREWOLF
1,talk,39,2,15,VOTE Agent[15]
1,talk,40,2,10,Skip
1,talk,41,2,9,VOTE Agent[15]
1,talk,42,2,13,Skip
1,talk,43,2,12,Skip
1,talk,44,2,7,ESTIMATE Agent[15] WEREWOLF
1,talk,45,3,2,Skip
1,talk,46,3,1,Skip
1,talk,47,3,9,ESTIMATE Agent[11] VILLAGER
1,talk,48,3,12,Skip
1,talk,49,3,13,Over
1,talk,50,3,5,AGREE TALK day1 ID:4
1,talk,51,3,3,Skip
1,talk,52,3,15,Over
1,talk,53,3,11,REQUEST(Agent[14] DIVINATION Agent[15])
1,talk,54,3,4,Skip
1,talk,55,3,6,REQUEST(Agent[14] DIVINATION Agent[15])
1,talk,56,3,8,REQUEST(Agent[14] DIVINATION Agent[15])
1,talk,57,3,10,Skip
1,talk,58,3,14,Over
1,talk,59,3,7,REQUEST(Agent[14] DIVINATION Agent[15])
1,talk,60,4,6,VOTE Agent[15]
1,talk,61,4,8,VOTE Agent[15]
1,talk,62,4,15,Over
1,talk,63,4,14,Over
1,talk,64,4,3,COMINGOUT Agent[03] SEER
1,talk,65,4,2,Skip
1,talk,66,4,1,Skip
1,talk,67,4,10,Over
1,talk,68,4,12,Over
1,talk,69,4,4,Over
1,talk,70,4,11,VOTE Agent[15]
1,talk,71,4,7,VOTE Agent[15]
1,talk,72,4,9,ESTIMATE Agent[10] VILLAGER
1,talk,73,4,13,Over
1,talk,74,4,5,AGREE TALK day1 ID:15
1,talk,75,5,14,Over
1,talk,76,5,8,Skip
1,talk,77,5,5,AGREE TALK day1 ID:57
1,talk,78,5,11,Skip
1,talk,79,5,7,Skip
1,talk,80,5,12,Over
1,talk,81,5,10,Over
1,talk,82,5,2,Over
1,talk,83,5,4,Over
1,talk,84,5,1,VOTE Agent[02]
1,talk,85,5,15,VOTE Agent[03]
1,talk,86,5,13,Over
1,talk,87,5,9,ESTIMATE Agent[10] VILLAGER
1,talk,88,5,3,DIVINED Agent[09] HUMAN
1,talk,89,5,6,Skip
1,talk,90,6,3,DIVINATION Agent[09]
1,talk,91,6,10,Over
1,talk,92,6,1,Skip
1,talk,93,6,11,Skip
1,talk,94,6,12,Over
1,talk,95,6,2,Over
1,talk,96,6,15,Over
1,talk,97,6,8,Skip
1,talk,98,6,13,Over
1,talk,99,6,7,Skip
1,talk,100,6,4,Over
1,talk,101,6,6,Skip
1,talk,102,6,9,ESTIMATE Agent[11] VILLAGER
1,talk,103,6,5,AGREE TALK day1 ID:35
1,talk,104,6,14,Over
1,talk,105,7,10,Over
1,talk,106,7,6,Over
1,talk,107,7,1,Skip
1,talk,108,7,8,Over
1,talk,109,7,11,Over
1,talk,110,7,5,AGREE TALK day1 ID:79
1,talk,111,7,4,Over
1,talk,112,7,9,ESTIMATE Agent[04] VILLAGER
1,talk,113,7,15,Over
1,talk,114,7,7,Over
1,talk,115,7,2,Over
1,talk,116,7,12,Over
1,talk,117,7,3,VOTE Agent[15]
1,talk,118,7,14,Over
1,talk,119,7,13,Over
1,talk,120,8,2,Over
1,talk,121,8,9,ESTIMATE Agent[01] VILLAGER
1,talk,122,8,8,Over
1,talk,123,8,4,Over
1,talk,124,8,12,Over
1,talk,125,8,7,Over
1,talk,126,8,10,Over
1,talk,127,8,1,Over
1,talk,128,8,11,Over
1,talk,129,8,13,Over
1,talk,130,8,14,Over
1,talk,131,8,15,Over
1,talk,132,8,6,Over
1,talk,133,8,5,AGREE TALK day1 ID:93
1,talk,134,8,3,REQUEST(VOTE Agent[15])
1,talk,135,9,11,Over
1,talk,136,9,12,Over
1,talk,137,9,7,Over
1,talk,138,9,6,Over
1,talk,139,9,8,Over
1,talk,140,9,13,Over
1,talk,141,9,14,Over
1,talk,142,9,3,Skip
1,talk,143,9,10,Over
1,talk,144,9,2,Over
1,talk,145,9,9,ESTIMATE Agent[01] VILLAGER
1,talk,146,9,15,Over
1,talk,147,9,5,AGREE TALK day1 ID:46
1,talk,148,9,1,Over
1,talk,149,9,4,Over
1,talk,150,10,4,Over
1,talk,151,10,11,Over
1,talk,152,10,2,Over
1,talk,153,10,10,Over
1,talk,154,10,8,Over
1,talk,155,10,1,Over
1,talk,156,10,9,Skip
1,talk,157,10,5,Over
1,talk,158,10,14,Over
1,talk,159,10,6,Over
1,talk,160,10,13,Over
1,talk,161,10,3,Skip
1,talk,162,10,7,Over
1,talk,163,10,15,Over
1,talk,164,10,12,Over
1,talk,165,11,13,Over
1,talk,166,11,8,Over
1,talk,167,11,14,Over
1,talk,168,11,1,Over
1,talk,169,11,10,Over
1,talk,170,11,12,Over
1,talk,171,11,15,Over
1,talk,172,11,5,Over
1,talk,173,11,11,Over
1,talk,174,11,2,Over
1,talk,175,11,9,ESTIMATE Agent[13] VILLAGER
1,talk,176,11,6,Over
1,talk,177,11,4,Over
1,talk,178,11,3,Over
1,talk,179,11,7,Over
1,talk,180,12,9,Over
1,talk,181,12,7,Over
1,talk,182,12,12,Over
1,talk,183,12,5,Over
1,talk,184,12,4,Over
1,talk,185,12,1,Over
1,talk,186,12,11,Over
1,talk,187,12,10,Over
1,talk,188,12,15,Over
1,talk,189,12,13,Over
1,talk,190,12,6,Over
1,talk,191,12,14,Over
1,talk,192,12,3,Over
1,talk,193,12,8,Over
1,talk,194,12,2,Over
1,vote,1,2
1,vote,2,15
1,vote,3,15
1,vote,4,9
1,vote,5,1
1,vote,6,15
1,vote,7,15
1,vote,8,15
1,vote,9,15
1,vote,10,15
1,vote,11,15
1,vote,12,5
1,vote,13,6
1,vote,14,6
1,vote,15,3
1,execute,15,MEDIUM
1,divine,3,9,HUMAN
1,whisper,0,0,4,ESTIMATE Agent[02] POSSESSED
1,whisper,1,0,12,ESTIMATE Agent[02] POSSESSED
1,whisper,2,0,14,Over
1,whisper,3,1,14,Over
1,whisper,4,1,4,ATTACK Agent[03]
1,whisper,5,1,12,ATTACK Agent[03]
1,whisper,6,2,4,REQUEST(ATTACK Agent[03])
1,whisper,7,2,14,Over
1,whisper,8,2,12,REQUEST(ATTACK Agent[03])
1,whisper,9,3,4,Skip
1,whisper,10,3,14,Over
1,whisper,11,3,12,Skip
1,whisper,12,4,4,Skip
1,whisper,13,4,12,Skip
1,whisper,14,4,14,Over
1,whisper,15,5,12,Over
1,whisper,16,5,14,Over
1,whisper,17,5,4,Over
1,guard,10,2,POSSESSED
1,attackVote,4,3
1,attackVote,12,3
1,attackVote,14,3
1,attack,3,true
2,status,1,VILLAGER,ALIVE,m_cre
2,status,2,POSSESSED,ALIVE,carlo
2,status,3,SEER,DEAD,AITKN
2,status,4,WEREWOLF,ALIVE,Dummy13_09
2,status,5,VILLAGER,ALIVE,daisyo
2,status,6,VILLAGER,ALIVE,tori
2,status,7,VILLAGER,ALIVE,Dummy13_11
2,status,8,VILLAGER,ALIVE,Dummy13_07
2,status,9,VILLAGER,ALIVE,wasabi
2,status,10,BODYGUARD,ALIVE,TOT
2,status,11,VILLAGER,ALIVE,Dummy13_08
2,status,12,WEREWOLF,ALIVE,Dummy13_10
2,status,13,VILLAGER,ALIVE,megumish
2,status,14,WEREWOLF,ALIVE,cash
2,status,15,MEDIUM,DEAD,JuN1Ro
2,talk,0,0,9,VOTE Agent[14]
2,talk,1,0,8,VOTE Agent[02]
2,talk,2,0,11,VOTE Agent[06]
2,talk,3,0,14,DIVINED Agent[05] HUMAN
2,talk,4,0,7,VOTE Agent[02]
2,talk,5,0,2,DIVINED Agent[01] HUMAN
2,talk,6,0,13,VOTE Agent[10]
2,talk,7,0,4,VOTE Agent[01]
2,talk,8,0,5,Skip
2,talk,9,0,10,VOTE Agent[04]
2,talk,10,0,6,VOTE Agent[11]
2,talk,11,0,1,VOTE Agent[02]
2,talk,12,0,12,VOTE Agent[01]
2,talk,13,1,4,REQUEST(VOTE Agent[01])
2,talk,14,1,11,Skip
2,talk,15,1,1,Skip
2,talk,16,1,13,Skip
2,talk,17,1,9,VOTE Agent[11]
2,talk,18,1,5,VOTE Agent[02]
2,talk,19,1,8,Skip
2,talk,20,1,2,VOTE Agent[04]
2,talk,21,1,14,Over
2,talk,22,1,6,Skip
2,talk,23,1,12,REQUEST(VOTE Agent[01])
2,talk,24,1,7,Skip
2,talk,25,1,10,REQUEST(VOTE Agent[04])
2,talk,26,2,6,Skip
2,talk,27,2,10,Skip
2,talk,28,2,4,COMINGOUT Agent[04] MEDIUM
2,talk,29,2,2,Skip
2,talk,30,2,5,AGREE TALK day2 ID:22
2,talk,31,2,11,Skip
2,talk,32,2,8,Skip
2,talk,33,2,1,Skip
2,talk,34,2,7,Skip
2,talk,35,2,12,Skip
2,talk,36,2,13,Skip
2,talk,37,2,14,Over
2,talk,38,2,9,VOTE Agent[06]
2,talk,39,3,7,Over
2,talk,40,3,10,Skip
2,talk,41,3,4,Skip
2,talk,42,3,9,VOTE Agent[07]
2,talk,43,3,6,Over
2,talk,44,3,8,Over
2,talk,45,3,1,Over
2,talk,46,3,14,Over
2,talk,47,3,11,Over
2,talk,48,3,5,AGREE TALK day2 ID:14
2,talk,49,3,2,VOTE Agent[06]
2,talk,50,3,13,Over
2,talk,51,3,12,Skip
2,talk,52,4,10,Over
2,talk,53,4,14,Over
2,talk,54,4,1,Over
2,talk,55,4,8,Over
2,talk,56,4,13,Over
2,talk,57,4,5,AGREE TALK day2 ID:3
2,talk,58,4,4,Skip
2,talk,59,4,9,Skip
2,talk,60,4,2,Skip
2,talk,61,4,11,Over
2,talk,62,4,6,Over
2,talk,63,4,12,Over
2,talk,64,4,7,Over
2,talk,65,5,11,Over
2,talk,66,5,4,Over
2,talk,67,5,6,Over
2,talk,68,5,14,Over
2,talk,69,5,7,Over
2,talk,70,5,9,VOTE Agent[05]
2,talk,71,5,13,Over
2,talk,72,5,8,Over
2,talk,73,5,5,AGREE TALK day2 ID:33
2,talk,74,5,2,Skip
2,talk,75,5,12,Over
2,talk,76,5,1,Over
2,talk,77,5,10,Over
2,talk,78,6,10,Over
2,talk,79,6,2,Over
2,talk,80,6,4,Over
2,talk,81,6,11,Over
2,talk,82,6,9,VOTE Agent[10]
2,talk,83,6,14,Over
2,talk,84,6,6,Over
2,talk,85,6,12,Over
2,talk,86,6,5,AGREE TALK day2 ID:26
2,talk,87,6,13,Over
2,talk,88,6,7,Over
2,talk,89,6,8,Over
2,talk,90,6,1,Over
2,talk,91,7,8,Over
2,talk,92,7,7,Over
2,talk,93,7,9,VOTE Agent[06]
2,talk,94,7,4,Over
2,talk,95,7,12,Over
2,talk,96,7,11,Over
2,talk,97,7,14,Over
2,talk,98,7,1,Over
2,talk,99,7,13,Over
2,talk,100,7,2,Over
2,talk,101,7,6,Over
2,talk,102,7,10,Over
2,talk,103,7,5,AGREE TALK day2 ID:15
2,talk,104,8,5,AGREE TALK day2 ID:32
2,talk,105,8,14,Over
2,talk,106,8,8,Over
2,talk,107,8,6,Over
2,talk,108,8,9,ESTIMATE Agent[04] MEDIUM
2,talk,109,8,12,Over
2,talk,110,8,4,Over
2,talk,111,8,2,Over
2,talk,112,8,10,Over
2,talk,113,8,7,Over
2,talk,114,8,11,Over
2,talk,115,8,13,Over
2,talk,116,8,1,Over
2,talk,117,9,9,VOTE Agent[13]
2,talk,118,9,13,Over
2,talk,119,9,14,Over
2,talk,120,9,10,Over
2,talk,121,9,11,Over
2,talk,122,9,12,Over
2,talk,123,9,4,Over
2,talk,124,9,8,Over
2,talk,125,9,2,Over
2,talk,126,9,7,Over
2,talk,127,9,5,AGREE TALK day2 ID:60
2,talk,128,9,1,Over
2,talk,129,9,6,Over
2,talk,130,10,9,VOTE Agent[11]
2,talk,131,10,8,Over
2,talk,132,10,1,Over
2,talk,133,10,5,AGREE TALK day2 ID:35
2,talk,134,10,11,Over
2,talk,135,10,12,Over
2,talk,136,10,7,Over
2,talk,137,10,10,Over
2,talk,138,10,14,Over
2,talk,139,10,4,Over
2,talk,140,10,6,Over
2,talk,141,10,13,Over
2,talk,142,10,2,Over
2,talk,143,11,8,Over
2,talk,144,11,10,Over
2,talk,145,11,7,Over
2,talk,146,11,5,Over
2,talk,147,11,9,Over
2,talk,148,11,11,Over
2,talk,149,11,1,Over
2,talk,150,11,4,Over
2,talk,151,11,2,Over
2,talk,152,11,14,Over
2,talk,153,11,12,Over
2,talk,154,11,13,Over
2,talk,155,11,6,Over
2,vote,1,2
2,vote,2,6
2,vote,4,1
2,vote,5,2
2,vote,6,11
2,vote,7,2
2,vote,8,2
2,vote,9,11
2,vote,10,4
2,vote,11,6
2,vote,12,1
2,vote,13,10
2,vote,14,11
2,execute,2,POSSESSED
2,whisper,0,0,4,ATTACK Agent[11]
2,whisper,1,0,14,Over
2,whisper,2,0,12,ATTACK Agent[06]
2,whisper,3,1,14,Over
2,whisper,4,1,4,REQUEST(ATTACK Agent[11])
2,whisper,5,1,12,REQUEST(ATTACK Agent[06])
2,whisper,6,2,14,Over
2,whisper,7,2,4,Skip
2,whisper,8,2,12,Skip
2,whisper,9,3,4,Skip
2,whisper,10,3,14,Over
2,whisper,11,3,12,Skip
2,whisper,12,4,12,Over
2,whisper,13,4,14,Over
2,whisper,14,4,4,Over
2,guard,10,4,WEREWOLF
2,attackVote,4,11
2,attackVote,12,6
2,attackVote,14,11
2,attack,11,true
3,status,1,VILLAGER,ALIVE,m_cre
3,status,2,POSSESSED,DEAD,carlo
3,status,3,SEER,DEAD,AITKN
3,status,4,WEREWOLF,ALIVE,Dummy13_09
3,status,5,VILLAGER,ALIVE,daisyo
3,status,6,VILLAGER,ALIVE,tori
3,status,7,VILLAGER,ALIVE,Dummy13_11
3,status,8,VILLAGER,ALIVE,Dummy13_07
3,status,9,VILLAGER,ALIVE,wasabi
3,status,10,BODYGUARD,ALIVE,TOT
3,status,11,VILLAGER,DEAD,Dummy13_08
3,status,12,WEREWOLF,ALIVE,Dummy13_10
3,status,13,VILLAGER,ALIVE,megumish
3,status,14,WEREWOLF,ALIVE,cash
3,status,15,MEDIUM,DEAD,JuN1Ro
3,talk,0,0,8,VOTE Agent[07]
3,talk,1,0,1,VOTE Agent[12]
3,talk,2,0,10,VOTE Agent[14]
3,talk,3,0,5,Skip
3,talk,4,0,14,DIVINED Agent[08] HUMAN
3,talk,5,0,7,VOTE Agent[14]
3,talk,6,0,9,VOTE Agent[10]
3,talk,7,0,13,VOTE Agent[14]
3,talk,8,0,6,VOTE Agent[09]
3,talk,9,0,4,VOTE Agent[05]
3,talk,10,0,12,VOTE Agent[10]
3,talk,11,1,13,Skip
3,talk,12,1,14,Over
3,talk,13,1,6,Skip
3,talk,14,1,12,REQUEST(VOTE Agent[10])
3,talk,15,1,10,REQUEST(VOTE Agent[14])
3,talk,16,1,4,REQUEST(VOTE Agent[05])
3,talk,17,1,8,Skip
3,talk,18,1,9,Skip
3,talk,19,1,7,Skip
3,talk,20,1,5,VOTE Agent[14]
3,talk,21,1,1,Skip
3,talk,22,2,8,Skip
3,talk,23,2,10,Skip
3,talk,24,2,4,Skip
3,talk,25,2,13,Skip
3,talk,26,2,9,ESTIMATE Agent[12] VILLAGER
3,talk,27,2,1,Skip
3,talk,28,2,14,Over
3,talk,29,2,5,AGREE TALK day3 ID:18
3,talk,30,2,6,Skip
3,talk,31,2,7,Skip
3,talk,32,2,12,Skip
3,talk,33,3,14,Over
3,talk,34,3,8,Over
3,talk,35,3,1,Over
3,talk,36,3,13,Over
3,talk,37,3,10,Skip
3,talk,38,3,12,Skip
3,talk,39,3,6,Over
3,talk,40,3,7,Over
3,talk,41,3,4,Skip
3,talk,42,3,5,AGREE TALK day3 ID:4
3,talk,43,3,9,VOTE Agent[13]
3,talk,44,4,10,Over
3,talk,45,4,8,Over
3,talk,46,4,13,Over
3,talk,47,4,6,Over
3,talk,48,4,1,Over
3,talk,49,4,14,Over
3,talk,50,4,7,Over
3,talk,51,4,4,Over
3,talk,52,4,9,VOTE Agent[12]
3,talk,53,4,5,AGREE TALK day3 ID:23
3,talk,54,4,12,Over
3,talk,55,5,6,Over
3,talk,56,5,5,AGREE TALK day3 ID:27
3,talk,57,5,13,Over
3,talk,58,5,7,Over
3,talk,59,5,9,VOTE Agent[07]
3,talk,60,5,8,Over
3,talk,61,5,14,Over
3,talk,62,5,4,Over
3,talk,63,5,1,Over
3,talk,64,5,12,Over
3,talk,65,5,10,Over
3,talk,66,6,13,Over
3,talk,67,6,12,Over
3,talk,68,6,10,Over
3,talk,69,6,4,Over
3,talk,70,6,5,AGREE TALK day3 ID:17
3,talk,71,6,8,Over
3,talk,72,6,7,Over
3,talk,73,6,14,Over
3,talk,74,6,1,Over
3,talk,75,6,6,Over
3,talk,76,6,9,ESTIMATE Agent[12] VILLAGER
3,talk,77,7,6,Over
3,talk,78,7,14,Over
3,talk,79,7,7,Over
3,talk,80,7,12,Over
3,talk,81,7,10,Over
3,talk,82,7,1,Over
3,talk,83,7,8,Over
3,talk,84,7,13,Over
3,talk,85,7,5,AGREE TALK day3 ID:19
3,talk,86,7,4,Over
3,talk,87,7,9,ESTIMATE Agent[14] WEREWOLF
3,talk,88,8,10,Over
3,talk,89,8,12,Over
3,talk,90,8,13,Over
3,talk,91,8,5,AGREE TALK day3 ID:26
3,talk,92,8,7,Over
3,talk,93,8,14,Over
3,talk,94,8,1,Over
3,talk,95,8,6,Over
3,talk,96,8,4,Over
3,talk,97,8,9,ESTIMATE Agent[04] MEDIUM
3,talk,98,8,8,Over
3,talk,99,9,7,Over
3,talk,100,9,13,Over
3,talk,101,9,14,Over
3,talk,102,9,4,Over
3,talk,103,9,8,Over
3,talk,104,9,10,Over
3,talk,105,9,9,VOTE Agent[10]
3,talk,106,9,6,Over
3,talk,107,9,1,Over
3,talk,108,9,12,Over
3,talk,109,9,5,AGREE TALK day3 ID:22
3,talk,110,10,6,Over
3,talk,111,10,12,Over
3,talk,112,10,8,Over
3,talk,113,10,4,Over
3,talk,114,10,10,Over
3,talk,115,10,7,Over
3,talk,116,10,14,Over
3,talk,117,10,1,Over
3,talk,118,10,5,AGREE TALK day3 ID:37
3,talk,119,10,9,Skip
3,talk,120,10,13,Over
3,talk,121,11,10,Over
3,talk,122,11,14,Over
3,talk,123,11,6,Over
3,talk,124,11,9,ESTIMATE Agent[13] VILLAGER
3,talk,125,11,8,Over
3,talk,126,11,12,Over
3,talk,127,11,5,Over
3,talk,128,11,4,Over
3,talk,129,11,13,Over
3,talk,130,11,1,Over
3,talk,131,11,7,Over
3,talk,132,12,6,Over
3,talk,133,12,12,Over
3,talk,134,12,10,Over
3,talk,135,12,13,Over
3,talk,136,12,1,Over
3,talk,137,12,5,Over
3,talk,138,12,8,Over
3,talk,139,12,7,Over
3,talk,140,12,14,Over
3,talk,141,12,4,Over
3,talk,142,12,9,Over
3,vote,1,12
3,vote,4,5
3,vote,5,14
3,vote,6,9
3,vote,7,14
3,vote,8,7
3,vote,9,10
3,vote,10,14
3,vote,12,10
3,vote,13,14
3,vote,14,6
3,execute,14,WEREWOLF
3,whisper,0,0,12,ATTACK Agent[06]
3,whisper,1,0,14,Over
3,whisper,2,0,4,ATTACK Agent[05]
3,whisper,3,1,4,REQUEST(ATTACK Agent[05])
3,whisper,4,1,14,Over
3,whisper,5,1,12,REQUEST(ATTACK Agent[06])
3,whisper,6,2,14,Over
3,whisper,7,2,12,Skip
3,whisper,8,2,4,Skip
3,whisper,9,3,12,Skip
3,whisper,10,3,4,Skip
3,whisper,11,3,14,Over
3,whisper,12,4,12,Over
3,whisper,13,4,14,Over
3,whisper,14,4,4,Over
3,guard,10,4,WEREWOLF
3,attackVote,4,5
3,attackVote,12,6
3,attackVote,14,7
3,attackVote,4,5
3,attackVote,12,6
3,attack,5,true
4,status,1,VILLAGER,ALIVE,m_cre
4,status,2,POSSESSED,DEAD,carlo
4,status,3,SEER,DEAD,AITKN
4,status,4,WEREWOLF,ALIVE,Dummy13_09
4,status,5,VILLAGER,DEAD,daisyo
4,status,6,VILLAGER,ALIVE,tori
4,status,7,VILLAGER,ALIVE,Dummy13_11
4,status,8,VILLAGER,ALIVE,Dummy13_07
4,status,9,VILLAGER,ALIVE,wasabi
4,status,10,BODYGUARD,ALIVE,TOT
4,status,11,VILLAGER,DEAD,Dummy13_08
4,status,12,WEREWOLF,ALIVE,Dummy13_10
4,status,13,VILLAGER,ALIVE,megumish
4,status,14,WEREWOLF,DEAD,cash
4,status,15,MEDIUM,DEAD,JuN1Ro
4,talk,0,0,13,VOTE Agent[01]
4,talk,1,0,8,VOTE Agent[04]
4,talk,2,0,10,VOTE Agent[06]
4,talk,3,0,7,VOTE Agent[01]
4,talk,4,0,4,VOTE Agent[01]
4,talk,5,0,6,VOTE Agent[09]
4,talk,6,0,9,VOTE Agent[06]
4,talk,7,0,1,VOTE Agent[12]
4,talk,8,0,12,VOTE Agent[10]
4,talk,9,1,4,REQUEST(VOTE Agent[01])
4,talk,10,1,10,REQUEST(VOTE Agent[06])
4,talk,11,1,8,Skip
4,talk,12,1,1,Skip
4,talk,13,1,12,REQUEST(VOTE Agent[10])
4,talk,14,1,9,VOTE Agent[08]
4,talk,15,1,7,Skip
4,talk,16,1,13,Skip
4,talk,17,1,6,Skip
4,talk,18,2,7,Skip
4,talk,19,2,4,Skip
4,talk,20,2,6,Skip
4,talk,21,2,9,VOTE Agent[07]
4,talk,22,2,1,Skip
4,talk,23,2,8,Skip
4,talk,24,2,13,Skip
4,talk,25,2,12,Skip
4,talk,26,2,10,Skip
4,talk,27,3,13,Over
4,talk,28,3,10,Skip
4,talk,29,3,9,Skip
4,talk,30,3,7,Over
4,talk,31,3,1,Over
4,talk,32,3,4,Skip
4,talk,33,3,6,Over
4,talk,34,3,12,Skip
4,talk,35,3,8,Over
4,talk,36,4,8,Over
4,talk,37,4,12,Over
4,talk,38,4,10,Over
4,talk,39,4,1,Over
4,talk,40,4,13,Over
4,talk,41,4,6,Over
4,talk,42,4,4,Over
4,talk,43,4,7,Over
4,talk,44,4,9,VOTE Agent[13]
4,talk,45,5,4,Over
4,talk,46,5,8,Over
4,talk,47,5,7,Over
4,talk,48,5,6,Over
4,talk,49,5,12,Over
4,talk,50,5,1,Over
4,talk,51,5,10,Over
4,talk,52,5,13,Over
4,talk,53,5,9,Skip
4,talk,54,6,9,Skip
4,talk,55,6,13,Over
4,talk,56,6,1,Over
4,talk,57,6,12,Over
4,talk,58,6,4,Over
4,talk,59,6,6,Over
4,talk,60,6,10,Over
4,talk,61,6,8,Over
4,talk,62,6,7,Over
4,talk,63,7,6,Over
4,talk,64,7,1,Over
4,talk,65,7,4,Over
4,talk,66,7,13,Over
4,talk,67,7,10,Over
4,talk,68,7,7,Over
4,talk,69,7,12,Over
4,talk,70,7,8,Over
4,talk,71,7,9,Over
4,vote,1,12
4,vote,4,1
4,vote,6,9
4,vote,7,1
4,vote,8,4
4,vote,9,13
4,vote,10,6
4,vote,12,10
4,vote,13,1
4,execute,1,VILLAGER
4,whisper,0,0,4,ATTACK Agent[10]
4,whisper,1,0,12,ATTACK Agent[06]
4,whisper,2,1,4,REQUEST(ATTACK Agent[10])
4,whisper,3,1,12,REQUEST(ATTACK Agent[06])
4,whisper,4,2,12,Skip
4,whisper,5,2,4,Skip
4,whisper,6,3,12,Skip
4,whisper,7,3,4,Skip
4,whisper,8,4,4,Over
4,whisper,9,4,12,Over
4,guard,10,4,WEREWOLF
4,attackVote,4,10
4,attackVote,12,6
4,attackVote,4,10
4,attackVote,12,6
4,attack,10,true
5,status,1,VILLAGER,DEAD,m_cre
5,status,2,POSSESSED,DEAD,carlo
5,status,3,SEER,DEAD,AITKN
5,status,4,WEREWOLF,ALIVE,Dummy13_09
5,status,5,VILLAGER,DEAD,daisyo
5,status,6,VILLAGER,ALIVE,tori
5,status,7,VILLAGER,ALIVE,Dummy13_11
5,status,8,VILLAGER,ALIVE,Dummy13_07
5,status,9,VILLAGER,ALIVE,wasabi
5,status,10,BODYGUARD,DEAD,TOT
5,status,11,VILLAGER,DEAD,Dummy13_08
5,status,12,WEREWOLF,ALIVE,Dummy13_10
5,status,13,VILLAGER,ALIVE,megumish
5,status,14,WEREWOLF,DEAD,cash
5,status,15,MEDIUM,DEAD,JuN1Ro
5,talk,0,0,13,VOTE Agent[04]
5,talk,1,0,9,VOTE Agent[08]
5,talk,2,0,6,VOTE Agent[04]
5,talk,3,0,12,VOTE Agent[09]
5,talk,4,0,7,VOTE Agent[09]
5,talk,5,0,4,VOTE Agent[13]
5,talk,6,0,8,VOTE Agent[04]
5,talk,7,1,4,REQUEST(VOTE Agent[13])
5,talk,8,1,12,REQUEST(VOTE Agent[09])
5,talk,9,1,8,Skip
5,talk,10,1,9,ESTIMATE Agent[07] VILLAGER
5,talk,11,1,13,Skip
5,talk,12,1,7,Skip
5,talk,13,1,6,Skip
5,talk,14,2,12,Skip
5,talk,15,2,8,Skip
5,talk,16,2,13,Skip
5,talk,17,2,7,Skip
5,talk,18,2,6,Skip
5,talk,19,2,9,ESTIMATE Agent[06] VILLAGER
5,talk,20,2,4,Skip
5,talk,21,3,4,Skip
5,talk,22,3,12,Skip
5,talk,23,3,13,Over
5,talk,24,3,9,Skip
5,talk,25,3,7,Over
5,talk,26,3,6,Over
5,talk,27,3,8,Over
5,talk,28,4,12,Over
5,talk,29,4,13,Over
5,talk,30,4,8,Over
5,talk,31,4,4,Over
5,talk,32,4,7,Over
5,talk,33,4,9,Skip
5,talk,34,4,6,Over
5,talk,35,5,13,Over
5,talk,36,5,12,Over
5,talk,37,5,4,Over
5,talk,38,5,7,Over
5,talk,39,5,8,Over
5,talk,40,5,9,ESTIMATE Agent[13] VILLAGER
5,talk,41,5,6,Over
5,talk,42,6,7,Over
5,talk,43,6,6,Over
5,talk,44,6,12,Over
5,talk,45,6,8,Over
5,talk,46,6,9,VOTE Agent[13]
5,talk,47,6,4,Over
5,talk,48,6,13,Over
5,talk,49,7,12,Over
5,talk,50,7,6,Over
5,talk,51,7,7,Over
5,talk,52,7,8,Over
5,talk,53,7,4,Over
5,talk,54,7,9,ESTIMATE Agent[07] VILLAGER
5,talk,55,7,13,Over
5,talk,56,8,12,Over
5,talk,57,8,4,Over
5,talk,58,8,6,Over
5,talk,59,8,9,ESTIMATE Agent[07] VILLAGER
5,talk,60,8,13,Over
5,talk,61,8,8,Over
5,talk,62,8,7,Over
5,talk,63,9,12,Over
5,talk,64,9,4,Over
5,talk,65,9,13,Over
5,talk,66,9,7,Over
5,talk,67,9,6,Over
5,talk,68,9,8,Over
5,talk,69,9,9,ESTIMATE Agent[04] MEDIUM
5,talk,70,10,12,Over
5,talk,71,10,6,Over
5,talk,72,10,7,Over
5,talk,73,10,13,Over
5,talk,74,10,8,Over
5,talk,75,10,9,VOTE Agent[08]
5,talk,76,10,4,Over
5,talk,77,11,9,VOTE Agent[06]
5,talk,78,11,4,Over
5,talk,79,11,7,Over
5,talk,80,11,6,Over
5,talk,81,11,13,Over
5,talk,82,11,8,Over
5,talk,83,11,12,Over
5,talk,84,12,13,Over
5,talk,85,12,9,Over
5,talk,86,12,8,Over
5,talk,87,12,12,Over
5,talk,88,12,6,Over
5,talk,89,12,4,Over
5,talk,90,12,7,Over
5,vote,4,13
5,vote,6,4
5,vote,7,9
5,vote,8,4
5,vote,9,6
5,vote,12,9
5,vote,13,4
5,execute,4,WEREWOLF
5,whisper,0,0,12,ATTACK Agent[09]
5,whisper,1,0,4,ATTACK Agent[06]
5,whisper,2,1,12,REQUEST(ATTACK Agent[09])
5,whisper,3,1,4,REQUEST(ATTACK Agent[06])
5,whisper,4,2,4,Skip
5,whisper,5,2,12,Skip
5,whisper,6,3,4,Skip
5,whisper,7,3,12,Skip
5,whisper,8,4,12,Over
5,whisper,9,4,4,Over
5,attackVote,4,6
5,attackVote,12,9
5,attack,9,true
6,status,1,VILLAGER,DEAD,m_cre
6,status,2,POSSESSED,DEAD,carlo
6,status,3,SEER,DEAD,AITKN
6,status,4,WEREWOLF,DEAD,Dummy13_09
6,status,5,VILLAGER,DEAD,daisyo
6,status,6,VILLAGER,ALIVE,tori
6,status,7,VILLAGER,ALIVE,Dummy13_11
6,status,8,VILLAGER,ALIVE,Dummy13_07
6,status,9,VILLAGER,DEAD,wasabi
6,status,10,BODYGUARD,DEAD,TOT
6,status,11,VILLAGER,DEAD,Dummy13_08
6,status,12,WEREWOLF,ALIVE,Dummy13_10
6,status,13,VILLAGER,ALIVE,megumish
6,status,14,WEREWOLF,DEAD,cash
6,status,15,MEDIUM,DEAD,JuN1Ro
6,talk,0,0,7,VOTE Agent[06]
6,talk,1,0,12,VOTE Agent[06]
6,talk,2,0,8,VOTE Agent[13]
6,talk,3,0,13,VOTE Agent[12]
6,talk,4,0,6,VOTE Agent[07]
6,talk,5,1,7,Skip
6,talk,6,1,12,REQUEST(VOTE Agent[06])
6,talk,7,1,13,Skip
6,talk,8,1,6,Skip
6,talk,9,1,8,Skip
6,talk,10,2,12,Skip
6,talk,11,2,6,Skip
6,talk,12,2,13,Skip
6,talk,13,2,8,Skip
6,talk,14,2,7,Skip
6,talk,15,3,7,Over
6,talk,16,3,13,Over
6,talk,17,3,6,Over
6,talk,18,3,8,Over
6,talk,19,3,12,Skip
6,talk,20,4,8,Over
6,talk,21,4,12,Over
6,talk,22,4,7,Over
6,talk,23,4,13,Over
6,talk,24,4,6,Over
6,vote,6,7
6,vote,7,6
6,vote,8,13
6,vote,12,6
6,vote,13,12
6,execute,6,VILLAGER
6,attackVote,12,8
6,attack,8,true
7,status,1,VILLAGER,DEAD,m_cre
7,status,2,POSSESSED,DEAD,carlo
7,status,3,SEER,DEAD,AITKN
7,status,4,WEREWOLF,DEAD,Dummy13_09
7,status,5,VILLAGER,DEAD,daisyo
7,status,6,VILLAGER,DEAD,tori
7,status,7,VILLAGER,ALIVE,Dummy13_11
7,status,8,VILLAGER,DEAD,Dummy13_07
7,status,9,VILLAGER,DEAD,wasabi
7,status,10,BODYGUARD,DEAD,TOT
7,status,11,VILLAGER,DEAD,Dummy13_08
7,status,12,WEREWOLF,ALIVE,Dummy13_10
7,status,13,VILLAGER,ALIVE,megumish
7,status,14,WEREWOLF,DEAD,cash
7,status,15,MEDIUM,DEAD,JuN1Ro
7,talk,0,0,12,VOTE Agent[13]
7,talk,1,0,7,VOTE Agent[12]
7,talk,2,0,13,VOTE Agent[12]
7,talk,3,1,13,Skip
7,talk,4,1,7,Skip
7,talk,5,1,12,REQUEST(VOTE Agent[13])
7,talk,6,2,13,Skip
7,talk,7,2,12,Skip
7,talk,8,2,7,Skip
7,talk,9,3,7,Over
7,talk,10,3,13,Over
7,talk,11,3,12,Skip
7,talk,12,4,13,Over
7,talk,13,4,7,Over
7,talk,14,4,12,Over
7,vote,7,12
7,vote,12,13
7,vote,13,12
7,execute,12,WEREWOLF
8,status,1,VILLAGER,DEAD,m_cre
8,status,2,POSSESSED,DEAD,carlo
8,status,3,SEER,DEAD,AITKN
8,status,4,WEREWOLF,DEAD,Dummy13_09
8,status,5,VILLAGER,DEAD,daisyo
8,status,6,VILLAGER,DEAD,tori
8,status,7,VILLAGER,ALIVE,Dummy13_11
8,status,8,VILLAGER,DEAD,Dummy13_07
8,status,9,VILLAGER,DEAD,wasabi
8,status,10,BODYGUARD,DEAD,TOT
8,status,11,VILLAGER,DEAD,Dummy13_08
8,status,12,WEREWOLF,DEAD,Dummy13_10
8,status,13,VILLAGER,ALIVE,megumish
8,status,14,WEREWOLF,DEAD,cash
8,status,15,MEDIUM,DEAD,JuN1Ro
8,result,2,0,VILLAGER
