0,status,1,VILLAGER,ALIVE,m_cre
0,status,2,MEDIUM,ALIVE,carlo
0,status,3,WEREWOLF,ALIVE,AITKN
0,status,4,WEREWOLF,ALIVE,Dummy13_09
0,status,5,VILLAGER,ALIVE,daisyo
0,status,6,VILLAGER,ALIVE,tori
0,status,7,POSSESSED,ALIVE,Dummy13_11
0,status,8,VILLAGER,ALIVE,Dummy13_07
0,status,9,WEREWOLF,ALIVE,wasabi
0,status,10,SEER,ALIVE,TOT
0,status,11,VILLAGER,ALIVE,Dummy13_08
0,status,12,VILLAGER,ALIVE,Dummy13_10
0,status,13,BODYGUARD,ALIVE,megumish
0,status,14,VILLAGER,ALIVE,cash
0,status,15,VILLAGER,ALIVE,JuN1Ro
0,whisper,0,0,3,Skip
0,whisper,1,0,4,COMINGOUT Agent[04] MEDIUM
0,whisper,2,0,9,ATTACK Agent[05]
0,whisper,3,1,4,Skip
0,whisper,4,1,3,Skip
0,whisper,5,1,9,Over
0,whisper,6,2,4,Skip
0,whisper,7,2,9,ATTACK Agent[13]
0,whisper,8,2,3,Over
0,whisper,9,3,4,Over
0,whisper,10,3,9,ATTACK Agent[12]
0,whisper,11,3,3,Over
0,whisper,12,4,9,Over
0,whisper,13,4,4,Over
0,whisper,14,4,3,Over
0,divine,10,12,HUMAN
1,status,1,VILLAGER,ALIVE,m_cre
1,status,2,MEDIUM,ALIVE,carlo
1,status,3,WEREWOLF,ALIVE,AITKN
1,status,4,WEREWOLF,ALIVE,Dummy13_09
1,status,5,VILLAGER,ALIVE,daisyo
1,status,6,VILLAGER,ALIVE,tori
1,status,7,POSSESSED,ALIVE,Dummy13_11
1,status,8,VILLAGER,ALIVE,Dummy13_07
1,status,9,WEREWOLF,ALIVE,wasabi
1,status,10,SEER,ALIVE,TOT
1,status,11,VILLAGER,ALIVE,Dummy13_08
1,status,12,VILLAGER,ALIVE,Dummy13_10
1,status,13,BODYGUARD,ALIVE,megumish
1,status,14,VILLAGER,ALIVE,cash
1,status,15,VILLAGER,ALIVE,JuN1Ro
1,talk,0,0,8,VOTE Agent[11]
1,talk,1,0,4,VOTE Agent[01]
1,talk,2,0,6,VOTE Agent[08]
1,talk,3,0,7,COMINGOUT Agent[07] SEER
1,talk,4,0,15,VOTE Agent[13]
1,talk,5,0,14,DIVINED Agent[05] HUMAN
1,talk,6,0,3,Skip
1,talk,7,0,11,VOTE Agent[15]
1,talk,8,0,5,REQUEST(COMINGOUT Agent[05] SEER)
1,talk,9,0,13,VOTE Agent[03]
1,talk,10,0,10,VOTE Agent[01]
1,talk,11,0,12,VOTE Agent[01]
1,talk,12,0,9,Skip
1,talk,13,0,2,VOTE Agent[01]
1,talk,14,0,1,VOTE Agent[07]
1,talk,15,1,3,AGREE TALK day1 ID:1
1,talk,16,1,11,ESTIMATE Agent[14] SEER
1,talk,17,1,1,VOTE Agent[04]
1,talk,18,1,7,DIVINED Agent[08] HUMAN
1,talk,19,1,10,REQUEST(VOTE Agent[01])
1,talk,20,1,9,Skip
1,talk,21,1,15,VOTE Agent[14]
1,talk,22,1,14,Over
1,talk,23,1,8,ESTIMATE Agent[14] SEER
1,talk,24,1,5,VOTE Agent[01]
1,talk,25,1,2,Skip
1,talk,26,1,6,ESTIMATE Agent[14] SEER
1,talk,27,1,12,ESTIMATE Agent[14] SEER
1,talk,28,1,4,REQUEST(VOTE Agent[01])
1,talk,29,1,13,Skip
1,talk,30,2,7,VOTE Agent[12]
1,talk,31,2,5,AGREE TALK day1 ID:25
1,talk,32,2,8,Skip
1,talk,33,2,9,Over
1,talk,34,2,3,AGREE TALK day1 ID:19
1,talk,35,2,14,Over
1,talk,36,2,13,Skip
1,talk,37,2,4,Skip
1,talk,38,2,6,Skip
1,talk,39,2,2,Skip
1,talk,40,2,1,Skip
1,talk,41,2,11,Skip
1,talk,42,2,15,Over
1,talk,43,2,12,Skip
1,talk,44,2,10,COMINGOUT Agent[10] SEER
1,talk,45,3,5,AGREE TALK day1 ID:32
1,talk,46,3,9,VOTE Agent[14]
1,talk,47,3,12,Skip
1,talk,48,3,8,Skip
1,talk,49,3,13,Over
1,talk,50,3,7,REQUEST(VOTE Agent[12])
1,talk,51,3,3,AGREE TALK day1 ID:24
1,talk,52,3,14,Over
1,talk,53,3,11,Skip
1,talk,54,3,6,Skip
1,talk,55,3,15,VOTE Agent[10]
1,talk,56,3,4,Skip
1,talk,57,3,1,VOTE Agent[10]
1,talk,58,3,2,Over
1,talk,59,3,10,DIVINED Agent[12] HUMAN
1,talk,60,4,13,Over
1,talk,61,4,2,Over
1,talk,62,4,6,Over
1,talk,63,4,15,Over
1,talk,64,4,11,Over
1,talk,65,4,8,Over
1,talk,66,4,4,Over
1,talk,67,4,9,Over
1,talk,68,4,14,Over
1,talk,69,4,12,Over
1,talk,70,4,1,VOTE Agent[07]
1,talk,71,4,5,AGREE TALK day1 ID:16
1,talk,72,4,3,AGREE TALK day1 ID:28
1,talk,73,4,7,VOTE Agent[10]
1,talk,74,4,10,Skip
1,talk,75,5,10,Skip
1,talk,76,5,11,Over
1,talk,77,5,2,Over
1,talk,78,5,3,Skip
1,talk,79,5,13,Over
1,talk,80,5,4,Over
1,talk,81,5,12,Over
1,talk,82,5,8,Over
1,talk,83,5,7,REQUEST(VOTE Agent[10])
1,talk,84,5,14,Over
1,talk,85,5,5,AGREE TALK day1 ID:47
1,talk,86,5,6,Over
1,talk,87,5,9,Over
1,talk,88,5,1,Skip
1,talk,89,5,15,Over
1,talk,90,6,6,Over
1,talk,91,6,5,AGREE TALK day1 ID:59
1,talk,92,6,11,Over
1,talk,93,6,4,Over
1,talk,94,6,12,Over
1,talk,95,6,10,Over
1,talk,96,6,1,Skip
1,talk,97,6,9,Over
1,talk,98,6,7,Skip
1,talk,99,6,3,Skip
1,talk,100,6,13,Over
1,talk,101,6,8,Over
1,talk,102,6,2,Over
1,talk,103,6,15,Over
1,talk,104,6,14,Over
1,talk,105,7,1,Over
1,talk,106,7,5,AGREE TALK day1 ID:36
1,talk,107,7,2,Over
1,talk,108,7,13,Over
1,talk,109,7,7,Skip
1,talk,110,7,6,Over
1,talk,111,7,9,Over
1,talk,112,7,8,Over
1,talk,113,7,3,Over
1,talk,114,7,15,ESTIMATE Agent[08] VILLAGER
1,talk,115,7,11,Over
1,talk,116,7,12,Over
1,talk,117,7,10,Over
1,talk,118,7,4,Over
1,talk,119,7,14,Over
1,talk,120,8,11,Over
1,talk,121,8,7,Over
1,talk,122,8,6,Over
1,talk,123,8,8,Over
1,talk,124,8,13,Over
1,talk,125,8,10,Over
1,talk,126,8,4,Over
1,talk,127,8,9,Over
1,talk,128,8,15,ESTIMATE Agent[10] WEREWOLF
1,talk,129,8,14,Over
1,talk,130,8,2,Over
1,talk,131,8,1,Over
1,talk,132,8,3,Over
1,talk,133,8,5,AGREE TALK day1 ID:99
1,talk,134,8,12,Over
1,talk,135,9,3,Over
1,talk,136,9,10,Over
1,talk,137,9,4,Over
1,talk,138,9,2,Over
1,talk,139,9,14,Over
1,talk,140,9,12,Over
1,talk,141,9,9,VOTE Agent[03]
1,talk,142,9,11,Over
1,talk,143,9,1,Over
1,talk,144,9,13,Over
1,talk,145,9,5,AGREE TALK day1 ID:29
1,talk,146,9,6,Over
1,talk,147,9,15,ESTIMATE Agent[10] WEREWOLF
1,talk,148,9,7,Over
1,talk,149,9,8,Over
1,talk,150,10,12,Over
1,talk,151,10,2,Over
1,talk,152,10,3,Over
1,talk,153,10,7,Over
1,talk,154,10,9,ESTIMATE Agent[02] VILLAGER
1,talk,155,10,14,Over
1,talk,156,10,15,ESTIMATE Agent[08] VILLAGER
1,talk,157,10,6,Over
1,talk,158,10,4,Over
1,talk,159,10,8,Over
1,talk,160,10,11,Over
1,talk,161,10,10,Over
1,talk,162,10,5,Over
1,talk,163,10,1,Over
1,talk,164,10,13,Over
1,talk,165,11,9,Over
1,talk,166,11,3,Over
1,talk,167,11,5,Over
1,talk,168,11,15,Over
1,talk,169,11,12,Over
1,talk,170,11,2,Over
1,talk,171,11,14,Over
1,talk,172,11,10,Over
1,talk,173,11,13,Over
1,talk,174,11,6,Over
1,talk,175,11,7,Over
1,talk,176,11,11,Over
1,talk,177,11,4,Over
1,talk,178,11,8,Over
1,talk,179,11,1,Over
1,vote,1,7
1,vote,2,1
1,vote,3,10
1,vote,4,1
1,vote,5,1
1,vote,6,8
1,vote,7,10
1,vote,8,11
1,vote,9,3
1,vote,10,1
1,vote,11,15
1,vote,12,1
1,vote,13,3
1,vote,14,4
1,vote,15,10
1,execute,1,VILLAGER
1,divine,10,7,HUMAN
1,whisper,0,0,4,ATTACK Agent[07]
1,whisper,1,0,3,Skip
1,whisper,2,0,9,ATTACK Agent[07]
1,whisper,3,1,3,Skip
1,whisper,4,1,4,REQUEST(ATTACK Agent[07])
1,whisper,5,1,9,Over
1,whisper,6,2,3,Over
1,whisper,7,2,9,Over
1,whisper,8,2,4,Skip
1,whisper,9,3,4,Skip
1,whisper,10,3,9,Over
1,whisper,11,3,3,Over
1,whisper,12,4,9,Over
1,whisper,13,4,4,Over
1,whisper,14,4,3,Over
1,guard,13,7,POSSESSED
1,attackVote,4,7
1,attackVote,9,7
1,attack,7,false
2,status,1,VILLAGER,DEAD,m_cre
2,status,2,MEDIUM,ALIVE,carlo
2,status,3,WEREWOLF,ALIVE,AITKN
2,status,4,WEREWOLF,ALIVE,Dummy13_09
2,status,5,VILLAGER,ALIVE,daisyo
2,status,6,VILLAGER,ALIVE,tori
2,status,7,POSSESSED,ALIVE,Dummy13_11
2,status,8,VILLAGER,ALIVE,Dummy13_07
2,status,9,WEREWOLF,ALIVE,wasabi
2,status,10,SEER,ALIVE,TOT
2,status,11,VILLAGER,ALIVE,Dummy13_08
2,status,12,VILLAGER,ALIVE,Dummy13_10
2,status,13,BODYGUARD,ALIVE,megumish
2,status,14,VILLAGER,ALIVE,cash
2,status,15,VILLAGER,ALIVE,JuN1Ro
2,talk,0,0,4,COMINGOUT Agent[04] MEDIUM
2,talk,1,0,9,VOTE Agent[13]
2,talk,2,0,14,DIVINED Agent[13] HUMAN
2,talk,3,0,15,VOTE Agent[10]
2,talk,4,0,12,VOTE Agent[09]
2,talk,5,0,5,Skip
2,talk,6,0,2,COMINGOUT Agent[02] MEDIUM
2,talk,7,0,8,VOTE Agent[04]
2,talk,8,0,6,VOTE Agent[08]
2,talk,9,0,7,DIVINED Agent[03] WEREWOLF
2,talk,10,0,3,Skip
2,talk,11,0,11,VOTE Agent[07]
2,talk,12,0,10,DIVINED Agent[07] HUMAN
2,talk,13,0,13,VOTE Agent[05]
2,talk,14,1,6,ESTIMATE Agent[03] WEREWOLF
2,talk,15,1,2,IDENTIFIED Agent[01] HUMAN
2,talk,16,1,13,Skip
2,talk,17,1,5,VOTE Agent[04]
2,talk,18,1,7,VOTE Agent[10]
2,talk,19,1,11,ESTIMATE Agent[03] WEREWOLF
2,talk,20,1,14,Over
2,talk,21,1,3,AGREE TALK day2 ID:11
2,talk,22,1,15,Over
2,talk,23,1,12,ESTIMATE Agent[03] WEREWOLF
2,talk,24,1,10,ESTIMATE Agent[07] POSSESSED
2,talk,25,1,9,Skip
2,talk,26,1,8,ESTIMATE Agent[03] WEREWOLF
2,talk,27,1,4,REQUEST(VOTE Agent[07])
2,talk,28,2,6,REQUEST(Agent[14] DIVINATION Agent[03])
2,talk,29,2,4,VOTE Agent[02]
2,talk,30,2,5,AGREE TALK day2 ID:10
2,talk,31,2,13,Skip
2,talk,32,2,14,Over
2,talk,33,2,10,VOTE Agent[15]
2,talk,34,2,8,REQUEST(Agent[14] DIVINATION Agent[03])
2,talk,35,2,12,REQUEST(Agent[14] DIVINATION Agent[03])
2,talk,36,2,15,ESTIMATE Agent[02] WEREWOLF
2,talk,37,2,9,VOTE Agent[03]
2,talk,38,2,11,REQUEST(Agent[14] DIVINATION Agent[03])
2,talk,39,2,3,AGREE TALK day2 ID:14
2,talk,40,2,2,VOTE Agent[03]
2,talk,41,2,7,REQUEST(VOTE Agent[10])
2,talk,42,3,2,Skip
2,talk,43,3,13,Over
2,talk,44,3,10,REQUEST(VOTE Agent[15])
2,talk,45,3,3,DISAGREE TALK day2 ID:14
2,talk,46,3,9,Skip
2,talk,47,3,7,Skip
2,talk,48,3,11,VOTE Agent[03]
2,talk,49,3,5,AGREE TALK day2 ID:16
2,talk,50,3,8,VOTE Agent[03]
2,talk,51,3,14,Over
2,talk,52,3,15,VOTE Agent[02]
2,talk,53,3,6,VOTE Agent[03]
2,talk,54,3,12,VOTE Agent[03]
2,talk,55,3,4,REQUEST(VOTE Agent[02])
2,talk,56,4,9,Skip
2,talk,57,4,12,Skip
2,talk,58,4,14,Over
2,talk,59,4,7,Skip
2,talk,60,4,6,Skip
2,talk,61,4,13,Over
2,talk,62,4,3,AGREE TALK day2 ID:19
2,talk,63,4,15,Over
2,talk,64,4,2,Skip
2,talk,65,4,11,Skip
2,talk,66,4,10,Skip
2,talk,67,4,5,AGREE TALK day2 ID:46
2,talk,68,4,8,Skip
2,talk,69,4,4,Skip
2,talk,70,5,14,Over
2,talk,71,5,11,Skip
2,talk,72,5,5,AGREE TALK day2 ID:59
2,talk,73,5,15,Over
2,talk,74,5,12,Skip
2,talk,75,5,2,Over
2,talk,76,5,9,Over
2,talk,77,5,13,Over
2,talk,78,5,4,Skip
2,talk,79,5,8,Skip
2,talk,80,5,7,Over
2,talk,81,5,6,Skip
2,talk,82,5,3,DISAGREE TALK day2 ID:19
2,talk,83,5,10,Skip
2,talk,84,6,6,Over
2,talk,85,6,7,Over
2,talk,86,6,4,Over
2,talk,87,6,10,Over
2,talk,88,6,9,Over
2,talk,89,6,5,AGREE TALK day2 ID:12
2,talk,90,6,13,Over
2,talk,91,6,11,Over
2,talk,92,6,14,Over
2,talk,93,6,3,AGREE TALK day2 ID:23
2,talk,94,6,12,Over
2,talk,95,6,2,Over
2,talk,96,6,8,Over
2,talk,97,6,15,Over
2,talk,98,7,9,Over
2,talk,99,7,2,Over
2,talk,100,7,10,Over
2,talk,101,7,13,Over
2,talk,102,7,3,DISAGREE TALK day2 ID:23
2,talk,103,7,11,Over
2,talk,104,7,8,Over
2,talk,105,7,15,ESTIMATE Agent[13] VILLAGER
2,talk,106,7,7,Over
2,talk,107,7,6,Over
2,talk,108,7,14,Over
2,talk,109,7,4,Over
2,talk,110,7,5,AGREE TALK day2 ID:74
2,talk,111,7,12,Over
2,talk,112,8,7,Over
2,talk,113,8,5,AGREE TALK day2 ID:31
2,talk,114,8,6,Over
2,talk,115,8,10,Over
2,talk,116,8,4,Over
2,talk,117,8,14,Over
2,talk,118,8,3,AGREE TALK day2 ID:26
2,talk,119,8,2,Over
2,talk,120,8,12,Over
2,talk,121,8,13,Over
2,talk,122,8,9,Over
2,talk,123,8,8,Over
2,talk,124,8,11,Over
2,talk,125,8,15,Over
2,talk,126,9,10,Over
2,talk,127,9,14,Over
2,talk,128,9,6,Over
2,talk,129,9,4,Over
2,talk,130,9,3,DISAGREE TALK day2 ID:26
2,talk,131,9,9,Over
2,talk,132,9,5,AGREE TALK day2 ID:2
2,talk,133,9,11,Over
2,talk,134,9,15,Over
2,talk,135,9,13,Over
2,talk,136,9,12,Over
2,talk,137,9,2,Over
2,talk,138,9,8,Over
2,talk,139,9,7,Over
2,talk,140,10,10,Over
2,talk,141,10,8,Over
2,talk,142,10,9,Over
2,talk,143,10,2,Over
2,talk,144,10,15,Over
2,talk,145,10,12,Over
2,talk,146,10,13,Over
2,talk,147,10,11,Over
2,talk,148,10,14,Over
2,talk,149,10,4,Over
2,talk,150,10,6,Over
2,talk,151,10,3,AGREE TALK day2 ID:27
2,talk,152,10,5,AGREE TALK day2 ID:71
2,talk,153,10,7,Over
2,talk,154,11,4,Over
2,talk,155,11,3,Over
2,talk,156,11,15,ESTIMATE Agent[03] WEREWOLF
2,talk,157,11,6,Over
2,talk,158,11,7,Over
2,talk,159,11,14,Over
2,talk,160,11,2,Over
2,talk,161,11,5,Over
2,talk,162,11,12,Over
2,talk,163,11,10,Over
2,talk,164,11,11,Over
2,talk,165,11,9,ESTIMATE Agent[03] WEREWOLF
2,talk,166,11,13,Over
2,talk,167,11,8,Over
2,talk,168,12,4,Over
2,talk,169,12,9,ESTIMATE Agent[02] WEREWOLF
2,talk,170,12,11,Over
2,talk,171,12,15,ESTIMATE Agent[13] VILLAGER
2,talk,172,12,13,Over
2,talk,173,12,14,Over
2,talk,174,12,8,Over
2,talk,175,12,6,Over
2,talk,176,12,3,Over
2,talk,177,12,5,Over
2,talk,178,12,12,Over
2,talk,179,12,10,Over
2,talk,180,12,2,Over
2,talk,181,12,7,Over
2,talk,182,13,7,Over
2,talk,183,13,11,Over
2,talk,184,13,3,Over
2,talk,185,13,15,Over
2,talk,186,13,6,Over
2,talk,187,13,8,Over
2,talk,188,13,14,Over
2,talk,189,13,2,Over
2,talk,190,13,4,Over
2,talk,191,13,13,Over
2,talk,192,13,9,Over
2,talk,193,13,10,Over
2,talk,194,13,5,Over
2,talk,195,13,12,Over
2,vote,2,3
2,vote,3,13
2,vote,4,2
2,vote,5,4
2,vote,6,3
2,vote,7,10
2,vote,8,3
2,vote,9,3
2,vote,10,15
2,vote,11,3
2,vote,12,3
2,vote,13,5
2,vote,14,4
2,vote,15,3
2,execute,3,WEREWOLF
2,divine,10,4,WEREWOLF
2,whisper,0,0,4,ATTACK Agent[02]
2,whisper,1,0,9,Over
2,whisper,2,0,3,Skip
2,whisper,3,1,9,ATTACK Agent[07]
2,whisper,4,1,4,REQUEST(ATTACK Agent[02])
2,whisper,5,1,3,Skip
2,whisper,6,2,4,Skip
2,whisper,7,2,9,Over
2,whisper,8,2,3,Over
2,whisper,9,3,3,Over
2,whisper,10,3,4,Skip
2,whisper,11,3,9,Over
2,whisper,12,4,3,Over
2,whisper,13,4,9,Over
2,whisper,14,4,4,Over
2,guard,13,7,POSSESSED
2,attackVote,4,2
2,attackVote,9,7
2,attackVote,4,2
2,attackVote,9,7
2,attack,7,false
3,status,1,VILLAGER,DEAD,m_cre
3,status,2,MEDIUM,ALIVE,carlo
3,status,3,WEREWOLF,DEAD,AITKN
3,status,4,WEREWOLF,ALIVE,Dummy13_09
3,status,5,VILLAGER,ALIVE,daisyo
3,status,6,VILLAGER,ALIVE,tori
3,status,7,POSSESSED,ALIVE,Dummy13_11
3,status,8,VILLAGER,ALIVE,Dummy13_07
3,status,9,WEREWOLF,ALIVE,wasabi
3,status,10,SEER,ALIVE,TOT
3,status,11,VILLAGER,ALIVE,Dummy13_08
3,status,12,VILLAGER,ALIVE,Dummy13_10
3,status,13,BODYGUARD,ALIVE,megumish
3,status,14,VILLAGER,ALIVE,cash
3,status,15,VILLAGER,ALIVE,JuN1Ro
3,talk,0,0,5,Skip
3,talk,1,0,12,VOTE Agent[06]
3,talk,2,0,14,DIVINED Agent[10] HUMAN
3,talk,3,0,13,VOTE Agent[08]
3,talk,4,0,6,VOTE Agent[15]
3,talk,5,0,2,IDENTIFIED Agent[03] WEREWOLF
3,talk,6,0,10,DIVINED Agent[04] WEREWOLF
3,talk,7,0,9,Skip
3,talk,8,0,8,VOTE Agent[06]
3,talk,9,0,11,VOTE Agent[02]
3,talk,10,0,4,VOTE Agent[02]
3,talk,11,0,15,ESTIMATE Agent[02] WEREWOLF
3,talk,12,0,7,DIVINED Agent[06] WEREWOLF
3,talk,13,1,6,DISAGREE TALK day2 ID:24
3,talk,14,1,13,Skip
3,talk,15,1,5,VOTE Agent[02]
3,talk,16,1,11,ESTIMATE Agent[06] WEREWOLF
3,talk,17,1,14,Over
3,talk,18,1,4,REQUEST(VOTE Agent[02])
3,talk,19,1,2,ESTIMATE Agent[07] SEER
3,talk,20,1,8,Skip
3,talk,21,1,15,VOTE Agent[02]
3,talk,22,1,9,Skip
3,talk,23,1,7,VOTE Agent[03]
3,talk,24,1,12,Skip
3,talk,25,1,10,REQUEST(VOTE Agent[04])
3,talk,26,2,11,REQUEST(Agent[14] DIVINATION Agent[06])
3,talk,27,2,8,Skip
3,talk,28,2,10,VOTE Agent[04]
3,talk,29,2,13,Skip
3,talk,30,2,6,ESTIMATE Agent[07] WEREWOLF
3,talk,31,2,2,VOTE Agent[06]
3,talk,32,2,9,VOTE Agent[06]
3,talk,33,2,7,REQUEST(VOTE Agent[03])
3,talk,34,2,12,Skip
3,talk,35,2,4,Skip
3,talk,36,2,14,Over
3,talk,37,2,5,AGREE TALK day3 ID:2
3,talk,38,2,15,ESTIMATE Agent[02] WEREWOLF
3,talk,39,3,8,Over
3,talk,40,3,7,Skip
3,talk,41,3,6,REQUEST(Agent[14] DIVINATION Agent[07])
3,talk,42,3,4,Skip
3,talk,43,3,14,Over
3,talk,44,3,5,AGREE TALK day3 ID:20
3,talk,45,3,2,Skip
3,talk,46,3,12,Over
3,talk,47,3,13,Over
3,talk,48,3,10,REQUEST(VOTE Agent[04])
3,talk,49,3,11,VOTE Agent[06]
3,talk,50,3,9,ESTIMATE Agent[12] VILLAGER
3,talk,51,3,15,Over
3,talk,52,4,2,Skip
3,talk,53,4,8,Over
3,talk,54,4,14,Over
3,talk,55,4,13,Over
3,talk,56,4,15,ESTIMATE Agent[13] VILLAGER
3,talk,57,4,6,VOTE Agent[07]
3,talk,58,4,5,AGREE TALK day3 ID:35
3,talk,59,4,10,Skip
3,talk,60,4,4,Over
3,talk,61,4,11,Skip
3,talk,62,4,12,Over
3,talk,63,4,9,Skip
3,talk,64,4,7,Skip
3,talk,65,5,4,Over
3,talk,66,5,9,Over
3,talk,67,5,12,Over
3,talk,68,5,7,Over
3,talk,69,5,6,Skip
3,talk,70,5,10,Skip
3,talk,71,5,14,Over
3,talk,72,5,15,Over
3,talk,73,5,11,Skip
3,talk,74,5,2,Over
3,talk,75,5,13,Over
3,talk,76,5,8,Over
3,talk,77,5,5,AGREE TALK day3 ID:64
3,talk,78,6,2,Over
3,talk,79,6,13,Over
3,talk,80,6,8,Over
3,talk,81,6,12,Over
3,talk,82,6,11,Over
3,talk,83,6,5,AGREE TALK day3 ID:42
3,talk,84,6,6,Skip
3,talk,85,6,7,Over
3,talk,86,6,9,Over
3,talk,87,6,4,Over
3,talk,88,6,10,Over
3,talk,89,6,15,Over
3,talk,90,6,14,Over
3,talk,91,7,2,Over
3,talk,92,7,14,Over
3,talk,93,7,15,Over
3,talk,94,7,5,AGREE TALK day3 ID:24
3,talk,95,7,8,Over
3,talk,96,7,7,Over
3,talk,97,7,6,Over
3,talk,98,7,11,Over
3,talk,99,7,12,Over
3,talk,100,7,4,Over
3,talk,101,7,10,Over
3,talk,102,7,13,Over
3,talk,103,7,9,ESTIMATE Agent[06] WEREWOLF
3,talk,104,8,13,Over
3,talk,105,8,15,Over
3,talk,106,8,5,AGREE TALK day3 ID:84
3,talk,107,8,6,Over
3,talk,108,8,10,Over
3,talk,109,8,12,Over
3,talk,110,8,14,Over
3,talk,111,8,9,Over
3,talk,112,8,4,Over
3,talk,113,8,11,Over
3,talk,114,8,7,Over
3,talk,115,8,2,Over
3,talk,116,8,8,Over
3,talk,117,9,13,Over
3,talk,118,9,4,Over
3,talk,119,9,15,Over
3,talk,120,9,6,Over
3,talk,121,9,5,AGREE TALK day3 ID:56
3,talk,122,9,11,Over
3,talk,123,9,7,Over
3,talk,124,9,14,Over
3,talk,125,9,12,Over
3,talk,126,9,10,Over
3,talk,127,9,8,Over
3,talk,128,9,9,Over
3,talk,129,9,2,Over
3,talk,130,10,9,Over
3,talk,131,10,15,Over
3,talk,132,10,5,AGREE TALK day3 ID:19
3,talk,133,10,7,Over
3,talk,134,10,12,Over
3,talk,135,10,13,Over
3,talk,136,10,10,Over
3,talk,137,10,6,Over
3,talk,138,10,8,Over
3,talk,139,10,11,Over
3,talk,140,10,2,Over
3,talk,141,10,14,Over
3,talk,142,10,4,Over
3,talk,143,11,9,ESTIMATE Agent[02] WEREWOLF
3,talk,144,11,5,Over
3,talk,145,11,2,Over
3,talk,146,11,11,Over
3,talk,147,11,6,Over
3,talk,148,11,14,Over
3,talk,149,11,8,Over
3,talk,150,11,10,Over
3,talk,151,11,12,Over
3,talk,152,11,13,Over
3,talk,153,11,4,Over
3,talk,154,11,7,Over
3,talk,155,11,15,Over
3,talk,156,12,12,Over
3,talk,157,12,5,Over
3,talk,158,12,6,Over
3,talk,159,12,4,Over
3,talk,160,12,14,Over
3,talk,161,12,9,Over
3,talk,162,12,11,Over
3,talk,163,12,15,Over
3,talk,164,12,7,Over
3,talk,165,12,10,Over
3,talk,166,12,2,Over
3,talk,167,12,8,Over
3,talk,168,12,13,Over
3,vote,2,6
3,vote,4,2
3,vote,5,2
3,vote,6,7
3,vote,7,6
3,vote,8,6
3,vote,9,6
3,vote,10,4
3,vote,11,6
3,vote,12,6
3,vote,13,8
3,vote,14,8
3,vote,15,2
3,execute,6,VILLAGER
3,divine,10,2,HUMAN
3,whisper,0,0,4,ESTIMATE Agent[07] POSSESSED
3,whisper,1,0,9,Over
3,whisper,2,1,9,ATTACK Agent[05]
3,whisper,3,1,4,ATTACK Agent[02]
3,whisper,4,2,4,REQUEST(ATTACK Agent[02])
3,whisper,5,2,9,Over
3,whisper,6,3,9,Over
3,whisper,7,3,4,Skip
3,whisper,8,4,9,Over
3,whisper,9,4,4,Skip
3,whisper,10,5,4,Over
3,whisper,11,5,9,Over
3,guard,13,7,POSSESSED
3,attackVote,4,2
3,attackVote,9,5
3,attackVote,4,2
3,attackVote,9,14
3,attack,2,true
4,status,1,VILLAGER,DEAD,m_cre
4,status,2,MEDIUM,DEAD,carlo
4,status,3,WEREWOLF,DEAD,AITKN
4,status,4,WEREWOLF,ALIVE,Dummy13_09
4,status,5,VILLAGER,ALIVE,daisyo
4,status,6,VILLAGER,DEAD,tori
4,status,7,POSSESSED,ALIVE,Dummy13_11
4,status,8,VILLAGER,ALIVE,Dummy13_07
4,status,9,WEREWOLF,ALIVE,wasabi
4,status,10,SEER,ALIVE,TOT
4,status,11,VILLAGER,ALIVE,Dummy13_08
4,status,12,VILLAGER,ALIVE,Dummy13_10
4,status,13,BODYGUARD,ALIVE,megumish
4,status,14,VILLAGER,ALIVE,cash
4,status,15,VILLAGER,ALIVE,JuN1Ro
4,talk,0,0,4,VOTE Agent[13]
4,talk,1,0,9,VOTE Agent[04]
4,talk,2,0,13,VOTE Agent[08]
4,talk,3,0,8,ESTIMATE Agent[04] WEREWOLF
4,talk,4,0,14,DIVINED Agent[09] HUMAN
4,talk,5,0,7,DIVINED Agent[12] HUMAN
4,talk,6,0,11,ESTIMATE Agent[04] WEREWOLF
4,talk,7,0,10,DIVINED Agent[02] HUMAN
4,talk,8,0,12,ESTIMATE Agent[04] WEREWOLF
4,talk,9,0,15,VOTE Agent[07]
4,talk,10,0,5,Skip
4,talk,11,1,7,VOTE Agent[10]
4,talk,12,1,5,VOTE Agent[04]
4,talk,13,1,12,REQUEST(Agent[14] DIVINATION Agent[04])
4,talk,14,1,14,Over
4,talk,15,1,13,Skip
4,talk,16,1,11,REQUEST(Agent[14] DIVINATION Agent[04])
4,talk,17,1,9,Skip
4,talk,18,1,8,REQUEST(Agent[14] DIVINATION Agent[04])
4,talk,19,1,4,REQUEST(VOTE Agent[13])
4,talk,20,1,10,REQUEST(VOTE Agent[04])
4,talk,21,1,15,Over
4,talk,22,2,8,VOTE Agent[04]
4,talk,23,2,9,Skip
4,talk,24,2,13,Skip
4,talk,25,2,7,REQUEST(VOTE Agent[10])
4,talk,26,2,11,VOTE Agent[04]
4,talk,27,2,4,Skip
4,talk,28,2,14,Over
4,talk,29,2,5,AGREE TALK day4 ID:4
4,talk,30,2,10,VOTE Agent[04]
4,talk,31,2,12,VOTE Agent[04]
4,talk,32,2,15,Over
4,talk,33,3,5,AGREE TALK day4 ID:24
4,talk,34,3,12,Skip
4,talk,35,3,10,REQUEST(VOTE Agent[04])
4,talk,36,3,7,Skip
4,talk,37,3,9,Over
4,talk,38,3,8,Skip
4,talk,39,3,15,ESTIMATE Agent[07] WEREWOLF
4,talk,40,3,13,Over
4,talk,41,3,14,Over
4,talk,42,3,11,Skip
4,talk,43,3,4,Skip
4,talk,44,4,4,Over
4,talk,45,4,11,Skip
4,talk,46,4,8,Skip
4,talk,47,4,14,Over
4,talk,48,4,9,ESTIMATE Agent[10] WEREWOLF
4,talk,49,4,7,Skip
4,talk,50,4,15,Over
4,talk,51,4,5,AGREE TALK day4 ID:7
4,talk,52,4,13,Over
4,talk,53,4,12,Skip
4,talk,54,4,10,Skip
4,talk,55,5,11,Over
4,talk,56,5,7,Over
4,talk,57,5,10,Skip
4,talk,58,5,14,Over
4,talk,59,5,5,AGREE TALK day4 ID:5
4,talk,60,5,15,Over
4,talk,61,5,8,Over
4,talk,62,5,9,Over
4,talk,63,5,12,Over
4,talk,64,5,4,Over
4,talk,65,5,13,Over
4,talk,66,6,12,Over
4,talk,67,6,5,AGREE TALK day4 ID:53
4,talk,68,6,7,Over
4,talk,69,6,14,Over
4,talk,70,6,9,ESTIMATE Agent[15] VILLAGER
4,talk,71,6,4,Over
4,talk,72,6,15,Over
4,talk,73,6,10,Over
4,talk,74,6,13,Over
4,talk,75,6,11,Over
4,talk,76,6,8,Over
4,talk,77,7,9,Over
4,talk,78,7,13,Over
4,talk,79,7,5,AGREE TALK day4 ID:57
4,talk,80,7,11,Over
4,talk,81,7,10,Over
4,talk,82,7,8,Over
4,talk,83,7,7,Over
4,talk,84,7,14,Over
4,talk,85,7,12,Over
4,talk,86,7,4,Over
4,talk,87,7,15,Over
4,talk,88,8,9,Over
4,talk,89,8,4,Over
4,talk,90,8,7,Over
4,talk,91,8,12,Over
4,talk,92,8,14,Over
4,talk,93,8,13,Over
4,talk,94,8,5,AGREE TALK day4 ID:27
4,talk,95,8,10,Over
4,talk,96,8,8,Over
4,talk,97,8,15,ESTIMATE Agent[07] WEREWOLF
4,talk,98,8,11,Over
4,talk,99,9,7,Over
4,talk,100,9,4,Over
4,talk,101,9,14,Over
4,talk,102,9,11,Over
4,talk,103,9,10,Over
4,talk,104,9,15,ESTIMATE Agent[07] WEREWOLF
4,talk,105,9,8,Over
4,talk,106,9,12,Over
4,talk,107,9,13,Over
4,talk,108,9,5,AGREE TALK day4 ID:23
4,talk,109,9,9,ESTIMATE Agent[10] WEREWOLF
4,talk,110,10,11,Over
4,talk,111,10,8,Over
4,talk,112,10,13,Over
4,talk,113,10,12,Over
4,talk,114,10,15,Over
4,talk,115,10,10,Over
4,talk,116,10,4,Over
4,talk,117,10,14,Over
4,talk,118,10,5,AGREE TALK day4 ID:54
4,talk,119,10,9,Over
4,talk,120,10,7,Over
4,talk,121,11,10,Over
4,talk,122,11,13,Over
4,talk,123,11,7,Over
4,talk,124,11,9,Over
4,talk,125,11,15,Over
4,talk,126,11,8,Over
4,talk,127,11,14,Over
4,talk,128,11,11,Over
4,talk,129,11,5,Over
4,talk,130,11,12,Over
4,talk,131,11,4,Over
4,vote,4,13
4,vote,5,4
4,vote,7,10
4,vote,8,4
4,vote,9,4
4,vote,10,4
4,vote,11,4
4,vote,12,4
4,vote,13,8
4,vote,14,11
4,vote,15,7
4,execute,4,WEREWOLF
4,divine,10,15,HUMAN
4,whisper,0,0,4,ESTIMATE Agent[14] POSSESSED
4,whisper,1,0,9,Over
4,whisper,2,1,9,Over
4,whisper,3,1,4,ATTACK Agent[07]
4,whisper,4,2,4,REQUEST(ATTACK Agent[07])
4,whisper,5,2,9,Over
4,whisper,6,3,9,Over
4,whisper,7,3,4,Skip
4,whisper,8,4,4,Skip
4,whisper,9,4,9,Over
4,whisper,10,5,9,Over
4,whisper,11,5,4,Over
4,guard,13,7,POSSESSED
4,attackVote,4,7
4,attackVote,9,11
4,attack,11,true
5,status,1,VILLAGER,DEAD,m_cre
5,status,2,MEDIUM,DEAD,carlo
5,status,3,WEREWOLF,DEAD,AITKN
5,status,4,WEREWOLF,DEAD,Dummy13_09
5,status,5,VILLAGER,ALIVE,daisyo
5,status,6,VILLAGER,DEAD,tori
5,status,7,POSSESSED,ALIVE,Dummy13_11
5,status,8,VILLAGER,ALIVE,Dummy13_07
5,status,9,WEREWOLF,ALIVE,wasabi
5,status,10,SEER,ALIVE,TOT
5,status,11,VILLAGER,DEAD,Dummy13_08
5,status,12,VILLAGER,ALIVE,Dummy13_10
5,status,13,BODYGUARD,ALIVE,megumish
5,status,14,VILLAGER,ALIVE,cash
5,status,15,VILLAGER,ALIVE,JuN1Ro
5,talk,0,0,13,VOTE Agent[15]
5,talk,1,0,8,VOTE Agent[12]
5,talk,2,0,12,VOTE Agent[13]
5,talk,3,0,15,VOTE Agent[07]
5,talk,4,0,7,DIVINED Agent[09] HUMAN
5,talk,5,0,5,Skip
5,talk,6,0,14,DIVINED Agent[12] HUMAN
5,talk,7,0,9,VOTE Agent[10]
5,talk,8,0,10,DIVINED Agent[15] HUMAN
5,talk,9,1,9,Skip
5,talk,10,1,15,ESTIMATE Agent[07] WEREWOLF
5,talk,11,1,5,VOTE Agent[07]
5,talk,12,1,10,VOTE Agent[05]
5,talk,13,1,13,Skip
5,talk,14,1,8,Skip
5,talk,15,1,12,Skip
5,talk,16,1,14,Over
5,talk,17,1,7,VOTE Agent[03]
5,talk,18,2,14,Over
5,talk,19,2,5,AGREE TALK day5 ID:14
5,talk,20,2,7,REQUEST(VOTE Agent[03])
5,talk,21,2,15,ESTIMATE Agent[07] WEREWOLF
5,talk,22,2,13,Skip
5,talk,23,2,12,Skip
5,talk,24,2,8,Skip
5,talk,25,2,9,ESTIMATE Agent[10] WEREWOLF
5,talk,26,2,10,REQUEST(VOTE Agent[05])
5,talk,27,3,9,Skip
5,talk,28,3,15,ESTIMATE Agent[07] WEREWOLF
5,talk,29,3,14,Over
5,talk,30,3,10,Skip
5,talk,31,3,7,Skip
5,talk,32,3,5,AGREE TALK day5 ID:22
5,talk,33,3,8,Over
5,talk,34,3,13,Over
5,talk,35,3,12,Over
5,talk,36,4,15,Over
5,talk,37,4,7,Skip
5,talk,38,4,13,Over
5,talk,39,4,14,Over
5,talk,40,4,9,Skip
5,talk,41,4,10,Skip
5,talk,42,4,8,Over
5,talk,43,4,12,Over
5,talk,44,4,5,AGREE TALK day5 ID:4
5,talk,45,5,8,Over
5,talk,46,5,9,Over
5,talk,47,5,10,Over
5,talk,48,5,5,AGREE TALK day5 ID:31
5,talk,49,5,14,Over
5,talk,50,5,12,Over
5,talk,51,5,13,Over
5,talk,52,5,15,ESTIMATE Agent[12] VILLAGER
5,talk,53,5,7,Over
5,talk,54,6,14,Over
5,talk,55,6,9,ESTIMATE Agent[10] WEREWOLF
5,talk,56,6,5,AGREE TALK day5 ID:8
5,talk,57,6,7,Over
5,talk,58,6,12,Over
5,talk,59,6,13,Over
5,talk,60,6,15,ESTIMATE Agent[07] WEREWOLF
5,talk,61,6,8,Over
5,talk,62,6,10,Over
5,talk,63,7,14,Over
5,talk,64,7,8,Over
5,talk,65,7,15,ESTIMATE Agent[07] WEREWOLF
5,talk,66,7,5,AGREE TALK day5 ID:52
5,talk,67,7,9,Over
5,talk,68,7,10,Over
5,talk,69,7,13,Over
5,talk,70,7,7,Over
5,talk,71,7,12,Over
5,talk,72,8,5,AGREE TALK day5 ID:13
5,talk,73,8,7,Over
5,talk,74,8,8,Over
5,talk,75,8,9,ESTIMATE Agent[07] WEREWOLF
5,talk,76,8,15,Over
5,talk,77,8,10,Over
5,talk,78,8,14,Over
5,talk,79,8,13,Over
5,talk,80,8,12,Over
5,talk,81,9,14,Over
5,talk,82,9,8,Over
5,talk,83,9,12,Over
5,talk,84,9,9,ESTIMATE Agent[10] WEREWOLF
5,talk,85,9,10,Over
5,talk,86,9,5,AGREE TALK day5 ID:37
5,talk,87,9,13,Over
5,talk,88,9,7,Over
5,talk,89,9,15,Over
5,talk,90,10,5,AGREE TALK day5 ID:30
5,talk,91,10,12,Over
5,talk,92,10,7,Over
5,talk,93,10,13,Over
5,talk,94,10,9,Over
5,talk,95,10,15,Over
5,talk,96,10,10,Over
5,talk,97,10,8,Over
5,talk,98,10,14,Over
5,talk,99,11,10,Over
5,talk,100,11,9,Over
5,talk,101,11,13,Over
5,talk,102,11,5,Over
5,talk,103,11,15,Over
5,talk,104,11,12,Over
5,talk,105,11,14,Over
5,talk,106,11,8,Over
5,talk,107,11,7,Over
5,vote,5,7
5,vote,7,5
5,vote,8,12
5,vote,9,10
5,vote,10,5
5,vote,12,13
5,vote,13,15
5,vote,14,15
5,vote,15,7
5,vote,5,7
5,vote,7,5
5,vote,8,15
5,vote,9,10
5,vote,10,5
5,vote,12,7
5,vote,13,15
5,vote,14,8
5,vote,15,7
5,execute,7,POSSESSED
5,divine,10,13,HUMAN
5,guard,13,10,SEER
5,attackVote,9,15
5,attack,15,true
6,status,1,VILLAGER,DEAD,m_cre
6,status,2,MEDIUM,DEAD,carlo
6,status,3,WEREWOLF,DEAD,AITKN
6,status,4,WEREWOLF,DEAD,Dummy13_09
6,status,5,VILLAGER,ALIVE,daisyo
6,status,6,VILLAGER,DEAD,tori
6,status,7,POSSESSED,DEAD,Dummy13_11
6,status,8,VILLAGER,ALIVE,Dummy13_07
6,status,9,WEREWOLF,ALIVE,wasabi
6,status,10,SEER,ALIVE,TOT
6,status,11,VILLAGER,DEAD,Dummy13_08
6,status,12,VILLAGER,ALIVE,Dummy13_10
6,status,13,BODYGUARD,ALIVE,megumish
6,status,14,VILLAGER,ALIVE,cash
6,status,15,VILLAGER,DEAD,JuN1Ro
6,talk,0,0,13,VOTE Agent[10]
6,talk,1,0,5,Skip
6,talk,2,0,10,DIVINED Agent[13] HUMAN
6,talk,3,0,9,Skip
6,talk,4,0,12,VOTE Agent[08]
6,talk,5,0,14,DIVINED Agent[08] HUMAN
6,talk,6,0,8,VOTE Agent[05]
6,talk,7,1,14,Over
6,talk,8,1,10,VOTE Agent[08]
6,talk,9,1,5,VOTE Agent[08]
6,talk,10,1,8,Skip
6,talk,11,1,13,Skip
6,talk,12,1,12,Skip
6,talk,13,1,9,Skip
6,talk,14,2,8,Skip
6,talk,15,2,5,AGREE TALK day6 ID:3
6,talk,16,2,10,REQUEST(VOTE Agent[08])
6,talk,17,2,9,Over
6,talk,18,2,12,Skip
6,talk,19,2,14,Over
6,talk,20,2,13,Skip
6,talk,21,3,9,Over
6,talk,22,3,13,Over
6,talk,23,3,8,Over
6,talk,24,3,14,Over
6,talk,25,3,12,Over
6,talk,26,3,10,Skip
6,talk,27,3,5,AGREE TALK day6 ID:18
6,talk,28,4,12,Over
6,talk,29,4,5,AGREE TALK day6 ID:2
6,talk,30,4,14,Over
6,talk,31,4,13,Over
6,talk,32,4,10,Skip
6,talk,33,4,8,Over
6,talk,34,4,9,VOTE Agent[10]
6,talk,35,5,5,AGREE TALK day6 ID:12
6,talk,36,5,10,Over
6,talk,37,5,8,Over
6,talk,38,5,13,Over
6,talk,39,5,12,Over
6,talk,40,5,14,Over
6,talk,41,5,9,Over
6,talk,42,6,14,Over
6,talk,43,6,5,AGREE TALK day6 ID:11
6,talk,44,6,12,Over
6,talk,45,6,9,ESTIMATE Agent[10] WEREWOLF
6,talk,46,6,13,Over
6,talk,47,6,10,Over
6,talk,48,6,8,Over
6,talk,49,7,14,Over
6,talk,50,7,5,AGREE TALK day6 ID:32
6,talk,51,7,13,Over
6,talk,52,7,9,ESTIMATE Agent[10] WEREWOLF
6,talk,53,7,10,Over
6,talk,54,7,8,Over
6,talk,55,7,12,Over
6,talk,56,8,12,Over
6,talk,57,8,9,Over
6,talk,58,8,13,Over
6,talk,59,8,8,Over
6,talk,60,8,5,AGREE TALK day6 ID:5
6,talk,61,8,10,Over
6,talk,62,8,14,Over
6,talk,63,9,10,Over
6,talk,64,9,14,Over
6,talk,65,9,13,Over
6,talk,66,9,9,Over
6,talk,67,9,12,Over
6,talk,68,9,5,AGREE TALK day6 ID:13
6,talk,69,9,8,Over
6,talk,70,10,9,Over
6,talk,71,10,14,Over
6,talk,72,10,10,Over
6,talk,73,10,13,Over
6,talk,74,10,8,Over
6,talk,75,10,12,Over
6,talk,76,10,5,AGREE TALK day6 ID:14
6,talk,77,11,14,Over
6,talk,78,11,9,ESTIMATE Agent[08] VILLAGER
6,talk,79,11,8,Over
6,talk,80,11,13,Over
6,talk,81,11,12,Over
6,talk,82,11,10,Over
6,talk,83,11,5,Over
6,talk,84,12,5,Over
6,talk,85,12,13,Over
6,talk,86,12,10,Over
6,talk,87,12,9,Over
6,talk,88,12,12,Over
6,talk,89,12,14,Over
6,talk,90,12,8,Over
6,vote,5,8
6,vote,8,5
6,vote,9,10
6,vote,10,8
6,vote,12,8
6,vote,13,10
6,vote,14,13
6,execute,8,VILLAGER
6,divine,10,14,HUMAN
6,guard,13,10,SEER
6,attackVote,9,12
6,attack,12,true
7,status,1,VILLAGER,DEAD,m_cre
7,status,2,MEDIUM,DEAD,carlo
7,status,3,WEREWOLF,DEAD,AITKN
7,status,4,WEREWOLF,DEAD,Dummy13_09
7,status,5,VILLAGER,ALIVE,daisyo
7,status,6,VILLAGER,DEAD,tori
7,status,7,POSSESSED,DEAD,Dummy13_11
7,status,8,VILLAGER,DEAD,Dummy13_07
7,status,9,WEREWOLF,ALIVE,wasabi
7,status,10,SEER,ALIVE,TOT
7,status,11,VILLAGER,DEAD,Dummy13_08
7,status,12,VILLAGER,DEAD,Dummy13_10
7,status,13,BODYGUARD,ALIVE,megumish
7,status,14,VILLAGER,ALIVE,cash
7,status,15,VILLAGER,DEAD,JuN1Ro
7,talk,0,0,13,VOTE Agent[05]
7,talk,1,0,9,VOTE Agent[10]
7,talk,2,0,5,Skip
7,talk,3,0,10,DIVINED Agent[14] HUMAN
7,talk,4,0,14,Over
7,talk,5,1,13,Skip
7,talk,6,1,10,VOTE Agent[13]
7,talk,7,1,9,Skip
7,talk,8,1,14,Over
7,talk,9,1,5,VOTE Agent[10]
7,talk,10,2,9,Skip
7,talk,11,2,10,REQUEST(VOTE Agent[13])
7,talk,12,2,5,AGREE TALK day7 ID:3
7,talk,13,2,13,Skip
7,talk,14,2,14,Over
7,talk,15,3,9,ESTIMATE Agent[05] VILLAGER
7,talk,16,3,14,Over
7,talk,17,3,13,Over
7,talk,18,3,5,AGREE TALK day7 ID:5
7,talk,19,3,10,Skip
7,talk,20,4,5,AGREE TALK day7 ID:15
7,talk,21,4,14,Over
7,talk,22,4,9,Skip
7,talk,23,4,10,Skip
7,talk,24,4,13,Over
7,talk,25,5,14,Over
7,talk,26,5,10,Over
7,talk,27,5,9,Over
7,talk,28,5,13,Over
7,talk,29,5,5,AGREE TALK day7 ID:10
7,talk,30,6,13,Over
7,talk,31,6,5,AGREE TALK day7 ID:13
7,talk,32,6,9,ESTIMATE Agent[13] VILLAGER
7,talk,33,6,14,Over
7,talk,34,6,10,Over
7,talk,35,7,13,Over
7,talk,36,7,10,Over
7,talk,37,7,9,Over
7,talk,38,7,5,AGREE TALK day7 ID:7
7,talk,39,7,14,Over
7,talk,40,8,9,ESTIMATE Agent[10] WEREWOLF
7,talk,41,8,5,AGREE TALK day7 ID:23
7,talk,42,8,10,Over
7,talk,43,8,13,Over
7,talk,44,8,14,Over
7,talk,45,9,10,Over
7,talk,46,9,5,AGREE TALK day7 ID:32
7,talk,47,9,9,Over
7,talk,48,9,14,Over
7,talk,49,9,13,Over
7,talk,50,10,9,Over
7,talk,51,10,5,AGREE TALK day7 ID:22
7,talk,52,10,10,Over
7,talk,53,10,14,Over
7,talk,54,10,13,Over
7,talk,55,11,9,Over
7,talk,56,11,13,Over
7,talk,57,11,14,Over
7,talk,58,11,10,Over
7,talk,59,11,5,Over
7,vote,5,10
7,vote,9,10
7,vote,10,13
7,vote,13,5
7,vote,14,9
7,execute,10,SEER
7,divine,10,9,WEREWOLF
7,guard,13,5,VILLAGER
7,attackVote,9,13
7,attack,13,true
8,status,1,VILLAGER,DEAD,m_cre
8,status,2,MEDIUM,DEAD,carlo
8,status,3,WEREWOLF,DEAD,AITKN
8,status,4,WEREWOLF,DEAD,Dummy13_09
8,status,5,VILLAGER,ALIVE,daisyo
8,status,6,VILLAGER,DEAD,tori
8,status,7,POSSESSED,DEAD,Dummy13_11
8,status,8,VILLAGER,DEAD,Dummy13_07
8,status,9,WEREWOLF,ALIVE,wasabi
8,status,10,SEER,DEAD,TOT
8,status,11,VILLAGER,DEAD,Dummy13_08
8,status,12,VILLAGER,DEAD,Dummy13_10
8,status,13,BODYGUARD,DEAD,megumish
8,status,14,VILLAGER,ALIVE,cash
8,status,15,VILLAGER,DEAD,JuN1Ro
8,talk,0,0,5,Skip
8,talk,1,0,9,Skip
8,talk,2,0,14,Over
8,talk,3,1,9,Skip
8,talk,4,1,14,Over
8,talk,5,1,5,AGREE TALK day8 ID:1
8,talk,6,2,9,VOTE Agent[05]
8,talk,7,2,5,AGREE TALK day8 ID:3
8,talk,8,2,14,Over
8,talk,9,3,14,Over
8,talk,10,3,9,Skip
8,talk,11,3,5,Skip
8,talk,12,4,9,Over
8,talk,13,4,14,Over
8,talk,14,4,5,AGREE TALK day8 ID:10
8,talk,15,5,14,Over
8,talk,16,5,5,Skip
8,talk,17,5,9,Over
8,talk,18,6,9,Over
8,talk,19,6,5,Skip
8,talk,20,6,14,Over
8,talk,21,7,9,ESTIMATE Agent[14] VILLAGER
8,talk,22,7,5,Over
8,talk,23,7,14,Over
8,talk,24,8,14,Over
8,talk,25,8,9,Over
8,talk,26,8,5,AGREE TALK day8 ID:21
8,talk,27,9,5,Skip
8,talk,28,9,9,ESTIMATE Agent[05] WEREWOLF
8,talk,29,9,14,Over
8,talk,30,10,5,DISAGREE TALK day8 ID:28
8,talk,31,10,9,ESTIMATE Agent[14] VILLAGER
8,talk,32,10,14,Over
8,talk,33,11,14,Over
8,talk,34,11,9,ESTIMATE Agent[05] WEREWOLF
8,talk,35,11,5,AGREE TALK day8 ID:31
8,talk,36,12,14,Over
8,talk,37,12,5,DISAGREE TALK day8 ID:34
8,talk,38,12,9,Over
8,talk,39,13,9,ESTIMATE Agent[05] WEREWOLF
8,talk,40,13,14,Over
8,talk,41,13,5,Skip
8,talk,42,14,14,Over
8,talk,43,14,5,DISAGREE TALK day8 ID:39
8,talk,44,14,9,Over
8,talk,45,15,5,Skip
8,talk,46,15,9,ESTIMATE Agent[14] VILLAGER
8,talk,47,15,14,Over
8,talk,48,16,9,Over
8,talk,49,16,5,AGREE TALK day8 ID:46
8,talk,50,16,14,Over
8,talk,51,17,5,Skip
8,talk,52,17,9,ESTIMATE Agent[05] WEREWOLF
8,talk,53,17,14,Over
8,talk,54,18,14,Over
8,talk,55,18,9,ESTIMATE Agent[05] WEREWOLF
8,talk,56,18,5,DISAGREE TALK day8 ID:52
8,talk,57,19,5,Over
8,talk,58,19,9,Over
8,talk,59,19,14,Over
8,vote,5,14
8,vote,9,5
8,vote,14,5
8,execute,5,VILLAGER
8,attackVote,9,14
8,attack,14,true
9,status,1,VILLAGER,DEAD,m_cre
9,status,2,MEDIUM,DEAD,carlo
9,status,3,WEREWOLF,DEAD,AITKN
9,status,4,WEREWOLF,DEAD,Dummy13_09
9,status,5,VILLAGER,DEAD,daisyo
9,status,6,VILLAGER,DEAD,tori
9,status,7,POSSESSED,DEAD,Dummy13_11
9,status,8,VILLAGER,DEAD,Dummy13_07
9,status,9,WEREWOLF,ALIVE,wasabi
9,status,10,SEER,DEAD,TOT
9,status,11,VILLAGER,DEAD,Dummy13_08
9,status,12,VILLAGER,DEAD,Dummy13_10
9,status,13,BODYGUARD,DEAD,megumish
9,status,14,VILLAGER,DEAD,cash
9,status,15,VILLAGER,DEAD,JuN1Ro
9,result,0,1,WEREWOLF
