0,status,1,VILLAGER,ALIVE,m_cre
0,status,2,VILLAGER,ALIVE,carlo
0,status,3,SEER,ALIVE,AITKN
0,status,4,VILLAGER,ALIVE,Dummy13_09
0,status,5,VILLAGER,ALIVE,daisyo
0,status,6,WEREWOLF,ALIVE,tori
0,status,7,VILLAGER,ALIVE,Dummy13_11
0,status,8,BODYGUARD,ALIVE,Dummy13_07
0,status,9,VILLAGER,ALIVE,wasabi
0,status,10,VILLAGER,ALIVE,TOT
0,status,11,VILLAGER,ALIVE,Dummy13_08
0,status,12,WEREWOLF,ALIVE,Dummy13_10
0,status,13,WEREWOLF,ALIVE,megumish
0,status,14,MEDIUM,ALIVE,cash
0,status,15,POSSESSED,ALIVE,JuN1Ro
0,whisper,0,0,13,COMINGOUT Agent[13] MEDIUM
0,whisper,1,0,12,COMINGOUT Agent[12] SEER
0,whisper,2,0,6,COMINGOUT Agent[06] VILLAGER
0,whisper,3,1,12,DIVINED Agent[07] HUMAN
0,whisper,4,1,13,ATTACK Agent[10]
0,whisper,5,1,6,Skip
0,whisper,6,2,12,Skip
0,whisper,7,2,6,Skip
0,whisper,8,2,13,Skip
0,whisper,9,3,13,Skip
0,whisper,10,3,6,Over
0,whisper,11,3,12,Skip
0,whisper,12,4,13,Over
0,whisper,13,4,12,Over
0,whisper,14,4,6,Over
0,divine,3,12,WEREWOLF
1,status,1,VILLAGER,ALIVE,m_cre
1,status,2,VILLAGER,ALIVE,carlo
1,status,3,SEER,ALIVE,AITKN
1,status,4,VILLAGER,ALIVE,Dummy13_09
1,status,5,VILLAGER,ALIVE,daisyo
1,status,6,WEREWOLF,ALIVE,tori
1,status,7,VILLAGER,ALIVE,Dummy13_11
1,status,8,BODYGUARD,ALIVE,Dummy13_07
1,status,9,VILLAGER,ALIVE,wasabi
1,status,10,VILLAGER,ALIVE,TOT
1,status,11,VILLAGER,ALIVE,Dummy13_08
1,status,12,WEREWOLF,ALIVE,Dummy13_10
1,status,13,WEREWOLF,ALIVE,megumish
1,status,14,MEDIUM,ALIVE,cash
1,status,15,POSSESSED,ALIVE,JuN1Ro
1,talk,0,0,6,VOTE Agent[03]
1,talk,1,0,10,VOTE Agent[15]
1,talk,2,0,4,VOTE Agent[05]
1,talk,3,0,2,VOTE Agent[01]
1,talk,4,0,13,ESTIMATE Agent[08] WEREWOLF
1,talk,5,0,3,REQUEST(COMINGOUT Agent[03] SEER)
1,talk,6,0,7,VOTE Agent[15]
1,talk,7,0,15,COMINGOUT Agent[15] SEER
1,talk,8,0,1,VOTE Agent[09]
1,talk,9,0,9,VOTE Agent[01]
1,talk,10,0,14,COMINGOUT Agent[14] MEDIUM
1,talk,11,0,12,VOTE Agent[02]
1,talk,12,0,11,VOTE Agent[08]
1,talk,13,0,5,REQUEST(COMINGOUT Agent[05] WEREWOLF)
1,talk,14,0,8,VOTE Agent[02]
1,talk,15,1,13,VOTE Agent[08]
1,talk,16,1,2,Skip
1,talk,17,1,14,DIVINED Agent[13] HUMAN
1,talk,18,1,8,Skip
1,talk,19,1,1,Skip
1,talk,20,1,15,DIVINED Agent[06] WEREWOLF
1,talk,21,1,7,Skip
1,talk,22,1,5,VOTE Agent[01]
1,talk,23,1,4,Skip
1,talk,24,1,11,Skip
1,talk,25,1,10,REQUEST(VOTE Agent[15])
1,talk,26,1,3,REQUEST(COMINGOUT Agent[03] MEDIUM)
1,talk,27,1,6,REQUEST(VOTE Agent[03])
1,talk,28,1,9,Skip
1,talk,29,1,12,REQUEST(VOTE Agent[02])
1,talk,30,2,9,VOTE Agent[06]
1,talk,31,2,11,ESTIMATE Agent[15] SEER
1,talk,32,2,13,ESTIMATE Agent[14] WEREWOLF
1,talk,33,2,4,ESTIMATE Agent[15] SEER
1,talk,34,2,15,VOTE Agent[06]
1,talk,35,2,3,Skip
1,talk,36,2,1,VOTE Agent[06]
1,talk,37,2,10,Skip
1,talk,38,2,12,VOTE Agent[15]
1,talk,39,2,7,ESTIMATE Agent[14] SEER
1,talk,40,2,5,AGREE TALK day1 ID:19
1,talk,41,2,14,Over
1,talk,42,2,8,ESTIMATE Agent[15] SEER
1,talk,43,2,2,VOTE Agent[06]
1,talk,44,2,6,Skip
1,talk,45,3,13,VOTE Agent[14]
1,talk,46,3,2,Skip
1,talk,47,3,14,Over
1,talk,48,3,4,ESTIMATE Agent[06] WEREWOLF
1,talk,49,3,11,ESTIMATE Agent[06] WEREWOLF
1,talk,50,3,9,Skip
1,talk,51,3,10,Skip
1,talk,52,3,1,Skip
1,talk,53,3,15,Over
1,talk,54,3,12,REQUEST(VOTE Agent[15])
1,talk,55,3,8,ESTIMATE Agent[06] WEREWOLF
1,talk,56,3,7,ESTIMATE Agent[06] WEREWOLF
1,talk,57,3,3,Skip
1,talk,58,3,6,Skip
1,talk,59,3,5,AGREE TALK day1 ID:21
1,talk,60,4,15,ESTIMATE Agent[14] WEREWOLF
1,talk,61,4,4,REQUEST(Agent[15] DIVINATION Agent[06])
1,talk,62,4,8,REQUEST(Agent[15] DIVINATION Agent[06])
1,talk,63,4,3,COMINGOUT Agent[03] SEER
1,talk,64,4,13,COMINGOUT Agent[13] MEDIUM
1,talk,65,4,14,Over
1,talk,66,4,2,Skip
1,talk,67,4,1,Skip
1,talk,68,4,9,Skip
1,talk,69,4,6,Over
1,talk,70,4,11,REQUEST(Agent[15] DIVINATION Agent[06])
1,talk,71,4,7,REQUEST(Agent[14] DIVINATION Agent[06])
1,talk,72,4,12,COMINGOUT Agent[12] SEER
1,talk,73,4,5,AGREE TALK day1 ID:31
1,talk,74,4,10,Over
1,talk,75,5,13,ESTIMATE Agent[10] WEREWOLF
1,talk,76,5,7,VOTE Agent[06]
1,talk,77,5,14,Over
1,talk,78,5,12,DIVINED Agent[07] HUMAN
1,talk,79,5,15,Over
1,talk,80,5,5,AGREE TALK day1 ID:39
1,talk,81,5,2,Over
1,talk,82,5,1,VOTE Agent[15]
1,talk,83,5,8,VOTE Agent[06]
1,talk,84,5,3,DIVINED Agent[12] WEREWOLF
1,talk,85,5,4,VOTE Agent[06]
1,talk,86,5,9,VOTE Agent[14]
1,talk,87,5,11,VOTE Agent[06]
1,talk,88,5,10,Over
1,talk,89,5,6,Over
1,talk,90,6,8,Skip
1,talk,91,6,6,Over
1,talk,92,6,12,Skip
1,talk,93,6,5,AGREE TALK day1 ID:28
1,talk,94,6,2,Over
1,talk,95,6,7,Skip
1,talk,96,6,15,Over
1,talk,97,6,4,Skip
1,talk,98,6,13,VOTE Agent[10]
1,talk,99,6,1,Skip
1,talk,100,6,10,Over
1,talk,101,6,11,Skip
1,talk,102,6,3,DIVINATION Agent[12]
1,talk,103,6,14,Over
1,talk,104,6,9,ESTIMATE Agent[04] VILLAGER
1,talk,105,7,14,Over
1,talk,106,7,2,Over
1,talk,107,7,6,Over
1,talk,108,7,9,VOTE Agent[06]
1,talk,109,7,12,Skip
1,talk,110,7,7,Skip
1,talk,111,7,13,Skip
1,talk,112,7,1,Skip
1,talk,113,7,11,Skip
1,talk,114,7,15,Over
1,talk,115,7,8,Skip
1,talk,116,7,4,Skip
1,talk,117,7,5,AGREE TALK day1 ID:46
1,talk,118,7,3,VOTE Agent[06]
1,talk,119,7,10,Over
1,talk,120,8,10,Over
1,talk,121,8,8,Over
1,talk,122,8,6,Over
1,talk,123,8,2,Over
1,talk,124,8,5,AGREE TALK day1 ID:78
1,talk,125,8,4,Over
1,talk,126,8,3,REQUEST(VOTE Agent[06])
1,talk,127,8,1,Over
1,talk,128,8,7,Over
1,talk,129,8,13,Skip
1,talk,130,8,9,ESTIMATE Agent[07] VILLAGER
1,talk,131,8,14,Over
1,talk,132,8,11,Over
1,talk,133,8,15,ESTIMATE Agent[07] VILLAGER
1,talk,134,8,12,Over
1,talk,135,9,4,Over
1,talk,136,9,1,Over
1,talk,137,9,13,Over
1,talk,138,9,6,Over
1,talk,139,9,3,Skip
1,talk,140,9,15,Over
1,talk,141,9,7,Over
1,talk,142,9,8,Over
1,talk,143,9,5,AGREE TALK day1 ID:129
1,talk,144,9,11,Over
1,talk,145,9,2,Over
1,talk,146,9,14,Over
1,talk,147,9,12,Over
1,talk,148,9,10,Over
1,talk,149,9,9,Over
1,talk,150,10,7,Over
1,talk,151,10,4,Over
1,talk,152,10,13,Over
1,talk,153,10,5,Over
1,talk,154,10,10,Over
1,talk,155,10,3,Skip
1,talk,156,10,12,Over
1,talk,157,10,1,Over
1,talk,158,10,14,Over
1,talk,159,10,8,Over
1,talk,160,10,9,ESTIMATE Agent[11] VILLAGER
1,talk,161,10,15,Over
1,talk,162,10,11,Over
1,talk,163,10,6,Over
1,talk,164,10,2,Over
1,talk,165,11,2,Over
1,talk,166,11,3,Over
1,talk,167,11,7,Over
1,talk,168,11,8,Over
1,talk,169,11,6,Over
1,talk,170,11,9,Over
1,talk,171,11,1,Over
1,talk,172,11,12,Over
1,talk,173,11,4,Over
1,talk,174,11,15,Over
1,talk,175,11,10,Over
1,talk,176,11,5,Over
1,talk,177,11,11,Over
1,talk,178,11,13,Over
1,talk,179,11,14,Over
1,vote,1,15
1,vote,2,6
1,vote,3,6
1,vote,4,6
1,vote,5,1
1,vote,6,3
1,vote,7,6
1,vote,8,6
1,vote,9,6
1,vote,10,15
1,vote,11,6
1,vote,12,15
1,vote,13,10
1,vote,14,1
1,vote,15,12
1,execute,6,WEREWOLF
1,divine,3,12,WEREWOLF
1,whisper,0,0,13,ESTIMATE Agent[14] POSSESSED
1,whisper,1,0,12,ESTIMATE Agent[14] POSSESSED
1,whisper,2,0,6,ESTIMATE Agent[14] POSSESSED
1,whisper,3,1,6,ATTACK Agent[03]
1,whisper,4,1,12,ATTACK Agent[15]
1,whisper,5,1,13,ATTACK Agent[03]
1,whisper,6,2,13,Skip
1,whisper,7,2,6,REQUEST(ATTACK Agent[03])
1,whisper,8,2,12,REQUEST(ATTACK Agent[15])
1,whisper,9,3,12,DIVINED Agent[02] HUMAN
1,whisper,10,3,6,Skip
1,whisper,11,3,13,Skip
1,whisper,12,4,12,Skip
1,whisper,13,4,6,Skip
1,whisper,14,4,13,Over
1,whisper,15,5,6,Over
1,whisper,16,5,12,Skip
1,whisper,17,5,13,Over
1,whisper,18,6,13,Over
1,whisper,19,6,6,Over
1,whisper,20,6,12,Over
1,guard,8,15,POSSESSED
1,attackVote,6,3
1,attackVote,12,15
1,attackVote,13,3
1,attackVote,6,3
1,attackVote,12,3
1,attackVote,13,3
1,attack,3,true
2,status,1,VILLAGER,ALIVE,m_cre
2,status,2,VILLAGER,ALIVE,carlo
2,status,3,SEER,DEAD,AITKN
2,status,4,VILLAGER,ALIVE,Dummy13_09
2,status,5,VILLAGER,ALIVE,daisyo
2,status,6,WEREWOLF,DEAD,tori
2,status,7,VILLAGER,ALIVE,Dummy13_11
2,status,8,BODYGUARD,ALIVE,Dummy13_07
2,status,9,VILLAGER,ALIVE,wasabi
2,status,10,VILLAGER,ALIVE,TOT
2,status,11,VILLAGER,ALIVE,Dummy13_08
2,status,12,WEREWOLF,ALIVE,Dummy13_10
2,status,13,WEREWOLF,ALIVE,megumish
2,status,14,MEDIUM,ALIVE,cash
2,status,15,POSSESSED,ALIVE,JuN1Ro
2,talk,0,0,9,Skip
2,talk,1,0,15,DIVINED Agent[07] WEREWOLF
2,talk,2,0,14,DIVINED Agent[04] HUMAN
2,talk,3,0,12,DIVINED Agent[02] HUMAN
2,talk,4,0,8,ESTIMATE Agent[12] WEREWOLF
2,talk,5,0,11,ESTIMATE Agent[12] WEREWOLF
2,talk,6,0,5,Skip
2,talk,7,0,1,VOTE Agent[12]
2,talk,8,0,2,VOTE Agent[01]
2,talk,9,0,13,IDENTIFIED Agent[06] HUMAN
2,talk,10,0,10,VOTE Agent[02]
2,talk,11,0,4,ESTIMATE Agent[12] WEREWOLF
2,talk,12,0,7,ESTIMATE Agent[12] WEREWOLF
2,talk,13,1,2,VOTE Agent[15]
2,talk,14,1,1,VOTE Agent[15]
2,talk,15,1,4,REQUEST(Agent[15] DIVINATION Agent[12])
2,talk,16,1,7,REQUEST(Agent[14] DIVINATION Agent[12])
2,talk,17,1,10,REQUEST(VOTE Agent[02])
2,talk,18,1,14,Over
2,talk,19,1,5,VOTE Agent[01]
2,talk,20,1,13,ESTIMATE Agent[09] WEREWOLF
2,talk,21,1,11,REQUEST(Agent[15] DIVINATION Agent[12])
2,talk,22,1,12,REQUEST(VOTE Agent[15])
2,talk,23,1,9,Skip
2,talk,24,1,15,VOTE Agent[07]
2,talk,25,1,8,REQUEST(Agent[15] DIVINATION Agent[12])
2,talk,26,2,7,VOTE Agent[12]
2,talk,27,2,11,VOTE Agent[12]
2,talk,28,2,9,Over
2,talk,29,2,15,ESTIMATE Agent[07] VILLAGER
2,talk,30,2,12,VOTE Agent[14]
2,talk,31,2,5,AGREE TALK day2 ID:0
2,talk,32,2,2,Skip
2,talk,33,2,4,VOTE Agent[12]
2,talk,34,2,14,Over
2,talk,35,2,10,Skip
2,talk,36,2,1,Skip
2,talk,37,2,8,VOTE Agent[12]
2,talk,38,2,13,VOTE Agent[09]
2,talk,39,3,1,Skip
2,talk,40,3,9,Over
2,talk,41,3,5,AGREE TALK day2 ID:3
2,talk,42,3,4,Skip
2,talk,43,3,2,Skip
2,talk,44,3,8,Skip
2,talk,45,3,11,Skip
2,talk,46,3,15,Over
2,talk,47,3,12,REQUEST(VOTE Agent[14])
2,talk,48,3,14,Over
2,talk,49,3,10,Skip
2,talk,50,3,13,ESTIMATE Agent[14] WEREWOLF
2,talk,51,3,7,Skip
2,talk,52,4,12,Skip
2,talk,53,4,9,VOTE Agent[13]
2,talk,54,4,10,Over
2,talk,55,4,5,AGREE TALK day2 ID:29
2,talk,56,4,7,Skip
2,talk,57,4,1,Over
2,talk,58,4,13,VOTE Agent[14]
2,talk,59,4,15,Over
2,talk,60,4,11,Skip
2,talk,61,4,2,Over
2,talk,62,4,14,Over
2,talk,63,4,4,Skip
2,talk,64,4,8,Skip
2,talk,65,5,10,Over
2,talk,66,5,15,Over
2,talk,67,5,1,Over
2,talk,68,5,11,Over
2,talk,69,5,2,Over
2,talk,70,5,7,Over
2,talk,71,5,4,Over
2,talk,72,5,13,ESTIMATE Agent[04] WEREWOLF
2,talk,73,5,14,Over
2,talk,74,5,12,Skip
2,talk,75,5,5,AGREE TALK day2 ID:64
2,talk,76,5,8,Over
2,talk,77,5,9,Over
2,talk,78,6,1,Over
2,talk,79,6,13,VOTE Agent[04]
2,talk,80,6,8,Over
2,talk,81,6,10,Over
2,talk,82,6,9,Over
2,talk,83,6,12,Over
2,talk,84,6,5,AGREE TALK day2 ID:60
2,talk,85,6,4,Over
2,talk,86,6,11,Over
2,talk,87,6,2,Over
2,talk,88,6,7,Over
2,talk,89,6,15,Over
2,talk,90,6,14,Over
2,talk,91,7,9,Over
2,talk,92,7,5,AGREE TALK day2 ID:36
2,talk,93,7,8,Over
2,talk,94,7,14,Over
2,talk,95,7,13,ESTIMATE Agent[14] WEREWOLF
2,talk,96,7,15,Over
2,talk,97,7,4,Over
2,talk,98,7,1,Over
2,talk,99,7,12,Over
2,talk,100,7,10,Over
2,talk,101,7,7,Over
2,talk,102,7,11,Over
2,talk,103,7,2,Over
2,talk,104,8,13,VOTE Agent[14]
2,talk,105,8,2,Over
2,talk,106,8,1,Over
2,talk,107,8,4,Over
2,talk,108,8,7,Over
2,talk,109,8,5,AGREE TALK day2 ID:2
2,talk,110,8,8,Over
2,talk,111,8,12,Over
2,talk,112,8,14,Over
2,talk,113,8,9,Over
2,talk,114,8,15,ESTIMATE Agent[13] WEREWOLF
2,talk,115,8,10,Over
2,talk,116,8,11,Over
2,talk,117,9,7,Over
2,talk,118,9,8,Over
2,talk,119,9,14,Over
2,talk,120,9,9,ESTIMATE Agent[12] WEREWOLF
2,talk,121,9,12,Over
2,talk,122,9,5,AGREE TALK day2 ID:44
2,talk,123,9,15,Over
2,talk,124,9,2,Over
2,talk,125,9,4,Over
2,talk,126,9,10,Over
2,talk,127,9,13,ESTIMATE Agent[05] WEREWOLF
2,talk,128,9,11,Over
2,talk,129,9,1,Over
2,talk,130,10,4,Over
2,talk,131,10,15,Over
2,talk,132,10,8,Over
2,talk,133,10,10,Over
2,talk,134,10,1,Over
2,talk,135,10,7,Over
2,talk,136,10,9,Over
2,talk,137,10,12,Over
2,talk,138,10,14,Over
2,talk,139,10,11,Over
2,talk,140,10,5,AGREE TALK day2 ID:49
2,talk,141,10,13,Over
2,talk,142,10,2,Over
2,talk,143,11,12,Over
2,talk,144,11,10,Over
2,talk,145,11,9,ESTIMATE Agent[11] VILLAGER
2,talk,146,11,8,Over
2,talk,147,11,5,Over
2,talk,148,11,1,Over
2,talk,149,11,13,Over
2,talk,150,11,15,ESTIMATE Agent[13] WEREWOLF
2,talk,151,11,11,Over
2,talk,152,11,14,Over
2,talk,153,11,7,Over
2,talk,154,11,2,Over
2,talk,155,11,4,Over
2,talk,156,12,5,Over
2,talk,157,12,8,Over
2,talk,158,12,1,Over
2,talk,159,12,7,Over
2,talk,160,12,10,Over
2,talk,161,12,15,Over
2,talk,162,12,13,Over
2,talk,163,12,9,ESTIMATE Agent[11] VILLAGER
2,talk,164,12,2,Over
2,talk,165,12,11,Over
2,talk,166,12,4,Over
2,talk,167,12,14,Over
2,talk,168,12,12,Over
2,talk,169,13,13,Over
2,talk,170,13,1,Over
2,talk,171,13,8,Over
2,talk,172,13,11,Over
2,talk,173,13,14,Over
2,talk,174,13,7,Over
2,talk,175,13,10,Over
2,talk,176,13,2,Over
2,talk,177,13,15,Over
2,talk,178,13,9,ESTIMATE Agent[02] VILLAGER
2,talk,179,13,5,Over
2,talk,180,13,4,Over
2,talk,181,13,12,Over
2,talk,182,14,8,Over
2,talk,183,14,2,Over
2,talk,184,14,11,Over
2,talk,185,14,4,Over
2,talk,186,14,1,Over
2,talk,187,14,9,Over
2,talk,188,14,15,Over
2,talk,189,14,14,Over
2,talk,190,14,13,Over
2,talk,191,14,5,Over
2,talk,192,14,12,Over
2,talk,193,14,7,Over
2,talk,194,14,10,Over
2,vote,1,15
2,vote,2,15
2,vote,4,12
2,vote,5,1
2,vote,7,12
2,vote,8,12
2,vote,9,13
2,vote,10,2
2,vote,11,12
2,vote,12,14
2,vote,13,9
2,vote,14,2
2,vote,15,14
2,execute,12,WEREWOLF
2,whisper,0,0,13,ESTIMATE Agent[15] POSSESSED
2,whisper,1,0,12,ESTIMATE Agent[15] POSSESSED
2,whisper,2,1,12,ATTACK Agent[14]
2,whisper,3,1,13,ATTACK Agent[14]
2,whisper,4,2,13,ATTACK Agent[15]
2,whisper,5,2,12,REQUEST(ATTACK Agent[14])
2,whisper,6,3,13,Skip
2,whisper,7,3,12,DIVINED Agent[10] HUMAN
2,whisper,8,4,12,Skip
2,whisper,9,4,13,Skip
2,whisper,10,5,12,Skip
2,whisper,11,5,13,ATTACK Agent[14]
2,whisper,12,6,12,Over
2,whisper,13,6,13,Skip
2,whisper,14,7,12,Over
2,whisper,15,7,13,Skip
2,whisper,16,8,13,Over
2,whisper,17,8,12,Over
2,guard,8,15,POSSESSED
2,attackVote,12,14
2,attackVote,13,15
2,attack,15,false
3,status,1,VILLAGER,ALIVE,m_cre
3,status,2,VILLAGER,ALIVE,carlo
3,status,3,SEER,DEAD,AITKN
3,status,4,VILLAGER,ALIVE,Dummy13_09
3,status,5,VILLAGER,ALIVE,daisyo
3,status,6,WEREWOLF,DEAD,tori
3,status,7,VILLAGER,ALIVE,Dummy13_11
3,status,8,BODYGUARD,ALIVE,Dummy13_07
3,status,9,VILLAGER,ALIVE,wasabi
3,status,10,VILLAGER,ALIVE,TOT
3,status,11,VILLAGER,ALIVE,Dummy13_08
3,status,12,WEREWOLF,DEAD,Dummy13_10
3,status,13,WEREWOLF,ALIVE,megumish
3,status,14,MEDIUM,ALIVE,cash
3,status,15,POSSESSED,ALIVE,JuN1Ro
3,talk,0,0,10,VOTE Agent[05]
3,talk,1,0,14,DIVINED Agent[02] HUMAN
3,talk,2,0,2,VOTE Agent[15]
3,talk,3,0,11,DISAGREE TALK day1 ID:130
3,talk,4,0,13,IDENTIFIED Agent[12] HUMAN
3,talk,5,0,9,Skip
3,talk,6,0,15,DIVINED Agent[02] WEREWOLF
3,talk,7,0,5,Skip
3,talk,8,0,7,DISAGREE TALK day1 ID:31
3,talk,9,0,8,DISAGREE TALK day1 ID:130
3,talk,10,0,1,VOTE Agent[15]
3,talk,11,0,4,DISAGREE TALK day1 ID:130
3,talk,12,1,9,VOTE Agent[13]
3,talk,13,1,2,Skip
3,talk,14,1,8,DISAGREE TALK day1 ID:133
3,talk,15,1,13,ESTIMATE Agent[15] WEREWOLF
3,talk,16,1,4,DISAGREE TALK day1 ID:133
3,talk,17,1,1,Skip
3,talk,18,1,7,DISAGREE TALK day1 ID:33
3,talk,19,1,10,REQUEST(VOTE Agent[05])
3,talk,20,1,14,Over
3,talk,21,1,5,VOTE Agent[15]
3,talk,22,1,11,DISAGREE TALK day1 ID:133
3,talk,23,1,15,VOTE Agent[07]
3,talk,24,2,8,DISAGREE TALK day2 ID:29
3,talk,25,2,7,DISAGREE TALK day1 ID:42
3,talk,26,2,11,DISAGREE TALK day2 ID:29
3,talk,27,2,4,DISAGREE TALK day2 ID:29
3,talk,28,2,14,Over
3,talk,29,2,9,ESTIMATE Agent[02] VILLAGER
3,talk,30,2,15,Over
3,talk,31,2,2,Skip
3,talk,32,2,1,Skip
3,talk,33,2,10,Skip
3,talk,34,2,5,AGREE TALK day3 ID:13
3,talk,35,2,13,VOTE Agent[15]
3,talk,36,3,10,Skip
3,talk,37,3,1,Over
3,talk,38,3,9,ESTIMATE Agent[13] WEREWOLF
3,talk,39,3,13,ESTIMATE Agent[14] WEREWOLF
3,talk,40,3,11,ESTIMATE Agent[07] WEREWOLF
3,talk,41,3,14,Over
3,talk,42,3,8,ESTIMATE Agent[07] WEREWOLF
3,talk,43,3,4,ESTIMATE Agent[07] WEREWOLF
3,talk,44,3,15,Over
3,talk,45,3,2,Over
3,talk,46,3,5,AGREE TALK day3 ID:31
3,talk,47,3,7,ESTIMATE Agent[15] WEREWOLF
3,talk,48,4,14,Over
3,talk,49,4,13,VOTE Agent[14]
3,talk,50,4,15,Over
3,talk,51,4,5,AGREE TALK day3 ID:29
3,talk,52,4,9,Skip
3,talk,53,4,10,Over
3,talk,54,4,4,REQUEST(Agent[15] DIVINATION Agent[07])
3,talk,55,4,1,Over
3,talk,56,4,2,Over
3,talk,57,4,11,REQUEST(Agent[15] DIVINATION Agent[07])
3,talk,58,4,8,REQUEST(Agent[15] DIVINATION Agent[07])
3,talk,59,4,7,REQUEST(Agent[14] DIVINATION Agent[15])
3,talk,60,5,2,Over
3,talk,61,5,11,VOTE Agent[07]
3,talk,62,5,4,VOTE Agent[07]
3,talk,63,5,1,Over
3,talk,64,5,9,Skip
3,talk,65,5,7,VOTE Agent[15]
3,talk,66,5,10,Over
3,talk,67,5,8,VOTE Agent[07]
3,talk,68,5,15,Over
3,talk,69,5,14,Over
3,talk,70,5,5,AGREE TALK day3 ID:1
3,talk,71,5,13,ESTIMATE Agent[05] WEREWOLF
3,talk,72,6,10,Over
3,talk,73,6,2,Over
3,talk,74,6,13,VOTE Agent[05]
3,talk,75,6,4,Skip
3,talk,76,6,5,AGREE TALK day3 ID:52
3,talk,77,6,1,Over
3,talk,78,6,11,Skip
3,talk,79,6,7,Skip
3,talk,80,6,14,Over
3,talk,81,6,9,Over
3,talk,82,6,15,Over
3,talk,83,6,8,Skip
3,talk,84,7,10,Over
3,talk,85,7,13,ESTIMATE Agent[14] WEREWOLF
3,talk,86,7,1,Over
3,talk,87,7,8,Skip
3,talk,88,7,2,Over
3,talk,89,7,5,AGREE TALK day3 ID:78
3,talk,90,7,11,Skip
3,talk,91,7,4,Skip
3,talk,92,7,14,Over
3,talk,93,7,15,Over
3,talk,94,7,9,ESTIMATE Agent[07] VILLAGER
3,talk,95,7,7,Skip
3,talk,96,8,5,AGREE TALK day3 ID:87
3,talk,97,8,9,ESTIMATE Agent[07] VILLAGER
3,talk,98,8,8,Over
3,talk,99,8,15,Over
3,talk,100,8,14,Over
3,talk,101,8,11,Over
3,talk,102,8,13,VOTE Agent[14]
3,talk,103,8,10,Over
3,talk,104,8,2,Over
3,talk,105,8,7,Over
3,talk,106,8,1,Over
3,talk,107,8,4,Over
3,talk,108,9,2,Over
3,talk,109,9,11,Over
3,talk,110,9,14,Over
3,talk,111,9,15,Over
3,talk,112,9,5,AGREE TALK day3 ID:79
3,talk,113,9,13,ESTIMATE Agent[05] WEREWOLF
3,talk,114,9,10,Over
3,talk,115,9,8,Over
3,talk,116,9,9,Over
3,talk,117,9,4,Over
3,talk,118,9,1,Over
3,talk,119,9,7,Over
3,talk,120,10,13,Over
3,talk,121,10,1,Over
3,talk,122,10,15,ESTIMATE Agent[13] WEREWOLF
3,talk,123,10,11,Over
3,talk,124,10,4,Over
3,talk,125,10,10,Over
3,talk,126,10,7,Over
3,talk,127,10,14,Over
3,talk,128,10,9,ESTIMATE Agent[05] VILLAGER
3,talk,129,10,5,AGREE TALK day3 ID:91
3,talk,130,10,8,Over
3,talk,131,10,2,Over
3,talk,132,11,10,Over
3,talk,133,11,11,Over
3,talk,134,11,7,Over
3,talk,135,11,4,Over
3,talk,136,11,9,ESTIMATE Agent[10] VILLAGER
3,talk,137,11,15,Over
3,talk,138,11,14,Over
3,talk,139,11,5,Over
3,talk,140,11,2,Over
3,talk,141,11,8,Over
3,talk,142,11,13,Over
3,talk,143,11,1,Over
3,talk,144,12,9,Over
3,talk,145,12,14,Over
3,talk,146,12,2,Over
3,talk,147,12,8,Over
3,talk,148,12,7,Over
3,talk,149,12,1,Over
3,talk,150,12,10,Over
3,talk,151,12,15,Over
3,talk,152,12,5,Over
3,talk,153,12,4,Over
3,talk,154,12,13,Over
3,talk,155,12,11,Over
3,vote,1,15
3,vote,2,15
3,vote,4,7
3,vote,5,15
3,vote,7,15
3,vote,8,7
3,vote,9,13
3,vote,10,5
3,vote,11,7
3,vote,13,14
3,vote,14,1
3,vote,15,5
3,execute,15,POSSESSED
3,guard,8,15,POSSESSED
3,attackVote,13,1
3,attack,1,true
4,status,1,VILLAGER,DEAD,m_cre
4,status,2,VILLAGER,ALIVE,carlo
4,status,3,SEER,DEAD,AITKN
4,status,4,VILLAGER,ALIVE,Dummy13_09
4,status,5,VILLAGER,ALIVE,daisyo
4,status,6,WEREWOLF,DEAD,tori
4,status,7,VILLAGER,ALIVE,Dummy13_11
4,status,8,BODYGUARD,ALIVE,Dummy13_07
4,status,9,VILLAGER,ALIVE,wasabi
4,status,10,VILLAGER,ALIVE,TOT
4,status,11,VILLAGER,ALIVE,Dummy13_08
4,status,12,WEREWOLF,DEAD,Dummy13_10
4,status,13,WEREWOLF,ALIVE,megumish
4,status,14,MEDIUM,ALIVE,cash
4,status,15,POSSESSED,DEAD,JuN1Ro
4,talk,0,0,10,VOTE Agent[14]
4,talk,1,0,13,IDENTIFIED Agent[15] HUMAN
4,talk,2,0,11,DISAGREE TALK day1 ID:32
4,talk,3,0,14,DIVINED Agent[08] HUMAN
4,talk,4,0,8,DISAGREE TALK day1 ID:32
4,talk,5,0,2,VOTE Agent[04]
4,talk,6,0,4,DISAGREE TALK day1 ID:32
4,talk,7,0,5,Skip
4,talk,8,0,9,Skip
4,talk,9,0,7,VOTE Agent[11]
4,talk,10,1,8,AGREE TALK day1 ID:39
4,talk,11,1,13,ESTIMATE Agent[10] WEREWOLF
4,talk,12,1,7,Skip
4,talk,13,1,9,VOTE Agent[13]
4,talk,14,1,4,AGREE TALK day1 ID:39
4,talk,15,1,2,Skip
4,talk,16,1,14,Over
4,talk,17,1,11,AGREE TALK day1 ID:39
4,talk,18,1,10,REQUEST(VOTE Agent[14])
4,talk,19,1,5,VOTE Agent[04]
4,talk,20,2,8,DISAGREE TALK day1 ID:60
4,talk,21,2,5,AGREE TALK day4 ID:15
4,talk,22,2,13,VOTE Agent[10]
4,talk,23,2,4,DISAGREE TALK day1 ID:60
4,talk,24,2,9,ESTIMATE Agent[05] VILLAGER
4,talk,25,2,14,Over
4,talk,26,2,10,Skip
4,talk,27,2,11,DISAGREE TALK day1 ID:60
4,talk,28,2,2,Skip
4,talk,29,2,7,Skip
4,talk,30,3,10,Skip
4,talk,31,3,9,ESTIMATE Agent[07] VILLAGER
4,talk,32,3,5,AGREE TALK day4 ID:26
4,talk,33,3,7,Over
4,talk,34,3,13,ESTIMATE Agent[14] WEREWOLF
4,talk,35,3,2,Over
4,talk,36,3,4,DISAGREE TALK day2 ID:50
4,talk,37,3,8,DISAGREE TALK day2 ID:50
4,talk,38,3,11,DISAGREE TALK day2 ID:50
4,talk,39,3,14,Over
4,talk,40,4,5,AGREE TALK day4 ID:12
4,talk,41,4,9,ESTIMATE Agent[02] VILLAGER
4,talk,42,4,2,Over
4,talk,43,4,8,DISAGREE TALK day2 ID:95
4,talk,44,4,10,Over
4,talk,45,4,7,Over
4,talk,46,4,11,DISAGREE TALK day2 ID:95
4,talk,47,4,13,VOTE Agent[14]
4,talk,48,4,4,DISAGREE TALK day2 ID:95
4,talk,49,4,14,Over
4,talk,50,5,8,DISAGREE TALK day3 ID:39
4,talk,51,5,13,ESTIMATE Agent[02] WEREWOLF
4,talk,52,5,14,Over
4,talk,53,5,11,DISAGREE TALK day3 ID:39
4,talk,54,5,9,Skip
4,talk,55,5,10,Over
4,talk,56,5,5,AGREE TALK day4 ID:28
4,talk,57,5,4,DISAGREE TALK day3 ID:39
4,talk,58,5,7,Over
4,talk,59,5,2,Over
4,talk,60,6,2,Over
4,talk,61,6,14,Over
4,talk,62,6,11,DISAGREE TALK day3 ID:85
4,talk,63,6,5,AGREE TALK day4 ID:3
4,talk,64,6,9,ESTIMATE Agent[05] VILLAGER
4,talk,65,6,7,Over
4,talk,66,6,4,DISAGREE TALK day3 ID:85
4,talk,67,6,13,VOTE Agent[02]
4,talk,68,6,10,Over
4,talk,69,6,8,DISAGREE TALK day3 ID:85
4,talk,70,7,13,Skip
4,talk,71,7,5,AGREE TALK day4 ID:31
4,talk,72,7,10,Over
4,talk,73,7,14,Over
4,talk,74,7,2,Over
4,talk,75,7,11,ESTIMATE Agent[14] SEER
4,talk,76,7,4,ESTIMATE Agent[14] SEER
4,talk,77,7,8,ESTIMATE Agent[14] SEER
4,talk,78,7,7,Over
4,talk,79,7,9,Skip
4,talk,80,8,5,AGREE TALK day4 ID:24
4,talk,81,8,11,DISAGREE TALK day1 ID:130
4,talk,82,8,8,DISAGREE TALK day1 ID:130
4,talk,83,8,9,ESTIMATE Agent[04] VILLAGER
4,talk,84,8,13,Skip
4,talk,85,8,7,Over
4,talk,86,8,14,Over
4,talk,87,8,4,DISAGREE TALK day1 ID:130
4,talk,88,8,10,Over
4,talk,89,8,2,Over
4,talk,90,9,5,AGREE TALK day4 ID:76
4,talk,91,9,13,ESTIMATE Agent[14] WEREWOLF
4,talk,92,9,14,Over
4,talk,93,9,7,Over
4,talk,94,9,10,Over
4,talk,95,9,11,DISAGREE TALK day1 ID:133
4,talk,96,9,4,DISAGREE TALK day1 ID:133
4,talk,97,9,8,DISAGREE TALK day1 ID:133
4,talk,98,9,2,Over
4,talk,99,9,9,ESTIMATE Agent[07] VILLAGER
4,talk,100,10,10,Over
4,talk,101,10,4,Over
4,talk,102,10,5,AGREE TALK day4 ID:70
4,talk,103,10,13,VOTE Agent[14]
4,talk,104,10,11,Over
4,talk,105,10,9,ESTIMATE Agent[07] VILLAGER
4,talk,106,10,2,Over
4,talk,107,10,8,Over
4,talk,108,10,7,Over
4,talk,109,10,14,Over
4,talk,110,11,8,Over
4,talk,111,11,9,Over
4,talk,112,11,11,Over
4,talk,113,11,14,Over
4,talk,114,11,7,Over
4,talk,115,11,4,Over
4,talk,116,11,10,Over
4,talk,117,11,2,Over
4,talk,118,11,5,Over
4,talk,119,11,13,ESTIMATE Agent[10] WEREWOLF
4,talk,120,12,11,Over
4,talk,121,12,13,Over
4,talk,122,12,7,Over
4,talk,123,12,4,Over
4,talk,124,12,14,Over
4,talk,125,12,2,Over
4,talk,126,12,8,Over
4,talk,127,12,5,Over
4,talk,128,12,10,Over
4,talk,129,12,9,ESTIMATE Agent[05] VILLAGER
4,talk,130,13,5,Over
4,talk,131,13,2,Over
4,talk,132,13,10,Over
4,talk,133,13,9,ESTIMATE Agent[07] VILLAGER
4,talk,134,13,8,Over
4,talk,135,13,11,Over
4,talk,136,13,14,Over
4,talk,137,13,13,Over
4,talk,138,13,7,Over
4,talk,139,13,4,Over
4,talk,140,14,11,Over
4,talk,141,14,14,Over
4,talk,142,14,8,Over
4,talk,143,14,4,Over
4,talk,144,14,9,Over
4,talk,145,14,7,Over
4,talk,146,14,5,Over
4,talk,147,14,13,Over
4,talk,148,14,10,Over
4,talk,149,14,2,Over
4,vote,2,4
4,vote,4,7
4,vote,5,4
4,vote,7,11
4,vote,8,7
4,vote,9,13
4,vote,10,14
4,vote,11,7
4,vote,13,10
4,vote,14,10
4,execute,7,VILLAGER
4,guard,8,14,MEDIUM
4,attackVote,13,14
4,attack,14,false
5,status,1,VILLAGER,DEAD,m_cre
5,status,2,VILLAGER,ALIVE,carlo
5,status,3,SEER,DEAD,AITKN
5,status,4,VILLAGER,ALIVE,Dummy13_09
5,status,5,VILLAGER,ALIVE,daisyo
5,status,6,WEREWOLF,DEAD,tori
5,status,7,VILLAGER,DEAD,Dummy13_11
5,status,8,BODYGUARD,ALIVE,Dummy13_07
5,status,9,VILLAGER,ALIVE,wasabi
5,status,10,VILLAGER,ALIVE,TOT
5,status,11,VILLAGER,ALIVE,Dummy13_08
5,status,12,WEREWOLF,DEAD,Dummy13_10
5,status,13,WEREWOLF,ALIVE,megumish
5,status,14,MEDIUM,ALIVE,cash
5,status,15,POSSESSED,DEAD,JuN1Ro
5,talk,0,0,11,DISAGREE TALK day2 ID:178
5,talk,1,0,5,Skip
5,talk,2,0,2,VOTE Agent[04]
5,talk,3,0,10,VOTE Agent[14]
5,talk,4,0,13,IDENTIFIED Agent[07] WEREWOLF
5,talk,5,0,8,DISAGREE TALK day2 ID:178
5,talk,6,0,4,DISAGREE TALK day2 ID:178
5,talk,7,0,14,DIVINED Agent[09] HUMAN
5,talk,8,0,9,Skip
5,talk,9,1,5,VOTE Agent[04]
5,talk,10,1,14,Over
5,talk,11,1,11,DISAGREE TALK day3 ID:29
5,talk,12,1,4,DISAGREE TALK day3 ID:29
5,talk,13,1,9,VOTE Agent[13]
5,talk,14,1,2,Skip
5,talk,15,1,13,ESTIMATE Agent[14] WEREWOLF
5,talk,16,1,8,DISAGREE TALK day3 ID:29
5,talk,17,1,10,REQUEST(VOTE Agent[14])
5,talk,18,2,13,VOTE Agent[14]
5,talk,19,2,14,Over
5,talk,20,2,5,AGREE TALK day5 ID:7
5,talk,21,2,4,DISAGREE TALK day4 ID:41
5,talk,22,2,10,Skip
5,talk,23,2,9,Skip
5,talk,24,2,2,Skip
5,talk,25,2,8,DISAGREE TALK day4 ID:41
5,talk,26,2,11,DISAGREE TALK day4 ID:41
5,talk,27,3,5,AGREE TALK day5 ID:22
5,talk,28,3,4,AGREE TALK day4 ID:51
5,talk,29,3,9,Skip
5,talk,30,3,11,AGREE TALK day4 ID:51
5,talk,31,3,13,ESTIMATE Agent[11] WEREWOLF
5,talk,32,3,8,AGREE TALK day4 ID:51
5,talk,33,3,14,Over
5,talk,34,3,2,Over
5,talk,35,3,10,Skip
5,talk,36,4,11,ESTIMATE Agent[02] WEREWOLF
5,talk,37,4,5,AGREE TALK day5 ID:29
5,talk,38,4,4,ESTIMATE Agent[02] WEREWOLF
5,talk,39,4,14,Over
5,talk,40,4,10,Over
5,talk,41,4,13,VOTE Agent[11]
5,talk,42,4,8,ESTIMATE Agent[02] WEREWOLF
5,talk,43,4,9,ESTIMATE Agent[13] WEREWOLF
5,talk,44,4,2,Over
5,talk,45,5,4,REQUEST(Agent[14] DIVINATION Agent[02])
5,talk,46,5,5,AGREE TALK day5 ID:35
5,talk,47,5,14,Over
5,talk,48,5,11,REQUEST(Agent[14] DIVINATION Agent[02])
5,talk,49,5,10,Over
5,talk,50,5,9,ESTIMATE Agent[11] VILLAGER
5,talk,51,5,8,REQUEST(Agent[14] DIVINATION Agent[02])
5,talk,52,5,13,ESTIMATE Agent[14] WEREWOLF
5,talk,53,5,2,Over
5,talk,54,6,8,VOTE Agent[02]
5,talk,55,6,2,Over
5,talk,56,6,11,VOTE Agent[02]
5,talk,57,6,14,Over
5,talk,58,6,13,VOTE Agent[14]
5,talk,59,6,5,AGREE TALK day5 ID:14
5,talk,60,6,9,Over
5,talk,61,6,10,Over
5,talk,62,6,4,VOTE Agent[02]
5,talk,63,7,11,Skip
5,talk,64,7,8,Skip
5,talk,65,7,5,AGREE TALK day5 ID:24
5,talk,66,7,10,Over
5,talk,67,7,9,ESTIMATE Agent[11] VILLAGER
5,talk,68,7,2,Over
5,talk,69,7,14,Over
5,talk,70,7,4,Skip
5,talk,71,7,13,ESTIMATE Agent[11] WEREWOLF
5,talk,72,8,4,Skip
5,talk,73,8,8,Skip
5,talk,74,8,11,Skip
5,talk,75,8,5,AGREE TALK day5 ID:67
5,talk,76,8,13,VOTE Agent[11]
5,talk,77,8,2,Over
5,talk,78,8,9,ESTIMATE Agent[10] VILLAGER
5,talk,79,8,10,Over
5,talk,80,8,14,Over
5,talk,81,9,14,Over
5,talk,82,9,13,ESTIMATE Agent[14] WEREWOLF
5,talk,83,9,8,Over
5,talk,84,9,2,Over
5,talk,85,9,9,ESTIMATE Agent[04] VILLAGER
5,talk,86,9,4,Over
5,talk,87,9,11,Over
5,talk,88,9,5,AGREE TALK day5 ID:78
5,talk,89,9,10,Over
5,talk,90,10,10,Over
5,talk,91,10,11,Over
5,talk,92,10,5,AGREE TALK day5 ID:73
5,talk,93,10,4,Over
5,talk,94,10,14,Over
5,talk,95,10,9,ESTIMATE Agent[04] VILLAGER
5,talk,96,10,13,Over
5,talk,97,10,2,Over
5,talk,98,10,8,Over
5,talk,99,11,4,Over
5,talk,100,11,2,Over
5,talk,101,11,8,Over
5,talk,102,11,14,Over
5,talk,103,11,13,Over
5,talk,104,11,10,Over
5,talk,105,11,5,Over
5,talk,106,11,9,Over
5,talk,107,11,11,Over
5,vote,2,4
5,vote,4,2
5,vote,5,4
5,vote,8,2
5,vote,9,13
5,vote,10,14
5,vote,11,2
5,vote,13,14
5,vote,14,11
5,execute,2,VILLAGER
5,guard,8,14,MEDIUM
5,attackVote,13,8
5,attack,8,true
6,status,1,VILLAGER,DEAD,m_cre
6,status,2,VILLAGER,DEAD,carlo
6,status,3,SEER,DEAD,AITKN
6,status,4,VILLAGER,ALIVE,Dummy13_09
6,status,5,VILLAGER,ALIVE,daisyo
6,status,6,WEREWOLF,DEAD,tori
6,status,7,VILLAGER,DEAD,Dummy13_11
6,status,8,BODYGUARD,DEAD,Dummy13_07
6,status,9,VILLAGER,ALIVE,wasabi
6,status,10,VILLAGER,ALIVE,TOT
6,status,11,VILLAGER,ALIVE,Dummy13_08
6,status,12,WEREWOLF,DEAD,Dummy13_10
6,status,13,WEREWOLF,ALIVE,megumish
6,status,14,MEDIUM,ALIVE,cash
6,status,15,POSSESSED,DEAD,JuN1Ro
6,talk,0,0,4,VOTE Agent[13]
6,talk,1,0,5,Skip
6,talk,2,0,11,VOTE Agent[10]
6,talk,3,0,13,IDENTIFIED Agent[02] HUMAN
6,talk,4,0,14,DIVINED Agent[10] HUMAN
6,talk,5,0,9,VOTE Agent[13]
6,talk,6,0,10,VOTE Agent[14]
6,talk,7,1,11,Skip
6,talk,8,1,9,ESTIMATE Agent[11] VILLAGER
6,talk,9,1,13,ESTIMATE Agent[04] WEREWOLF
6,talk,10,1,14,Over
6,talk,11,1,5,VOTE Agent[13]
6,talk,12,1,4,Skip
6,talk,13,1,10,REQUEST(VOTE Agent[14])
6,talk,14,2,13,VOTE Agent[04]
6,talk,15,2,11,Skip
6,talk,16,2,10,Skip
6,talk,17,2,14,Over
6,talk,18,2,9,ESTIMATE Agent[10] VILLAGER
6,talk,19,2,4,Skip
6,talk,20,2,5,AGREE TALK day6 ID:12
6,talk,21,3,4,Over
6,talk,22,3,5,AGREE TALK day6 ID:15
6,talk,23,3,9,ESTIMATE Agent[10] VILLAGER
6,talk,24,3,13,ESTIMATE Agent[14] WEREWOLF
6,talk,25,3,11,Over
6,talk,26,3,10,Skip
6,talk,27,3,14,Over
6,talk,28,4,11,Over
6,talk,29,4,10,Over
6,talk,30,4,14,Over
6,talk,31,4,13,VOTE Agent[14]
6,talk,32,4,5,AGREE TALK day6 ID:19
6,talk,33,4,9,ESTIMATE Agent[11] VILLAGER
6,talk,34,4,4,Over
6,talk,35,5,9,ESTIMATE Agent[04] VILLAGER
6,talk,36,5,13,ESTIMATE Agent[10] WEREWOLF
6,talk,37,5,11,Over
6,talk,38,5,10,Over
6,talk,39,5,14,Over
6,talk,40,5,5,AGREE TALK day6 ID:7
6,talk,41,5,4,Over
6,talk,42,6,11,Over
6,talk,43,6,5,AGREE TALK day6 ID:33
6,talk,44,6,14,Over
6,talk,45,6,4,Over
6,talk,46,6,10,Over
6,talk,47,6,13,VOTE Agent[10]
6,talk,48,6,9,Skip
6,talk,49,7,9,Skip
6,talk,50,7,5,AGREE TALK day6 ID:48
6,talk,51,7,14,Over
6,talk,52,7,11,Over
6,talk,53,7,10,Over
6,talk,54,7,13,ESTIMATE Agent[14] WEREWOLF
6,talk,55,7,4,Over
6,talk,56,8,14,Over
6,talk,57,8,10,Over
6,talk,58,8,9,Over
6,talk,59,8,4,Over
6,talk,60,8,13,VOTE Agent[14]
6,talk,61,8,11,Over
6,talk,62,8,5,AGREE TALK day6 ID:16
6,talk,63,9,13,ESTIMATE Agent[04] WEREWOLF
6,talk,64,9,10,Over
6,talk,65,9,9,ESTIMATE Agent[05] VILLAGER
6,talk,66,9,11,Over
6,talk,67,9,4,Over
6,talk,68,9,5,AGREE TALK day6 ID:26
6,talk,69,9,14,Over
6,talk,70,10,13,Over
6,talk,71,10,14,Over
6,talk,72,10,5,AGREE TALK day6 ID:65
6,talk,73,10,11,Over
6,talk,74,10,4,Over
6,talk,75,10,9,Over
6,talk,76,10,10,Over
6,talk,77,11,10,Over
6,talk,78,11,13,Over
6,talk,79,11,11,Over
6,talk,80,11,9,Over
6,talk,81,11,14,Over
6,talk,82,11,4,Over
6,talk,83,11,5,Over
6,vote,4,13
6,vote,5,13
6,vote,9,13
6,vote,10,14
6,vote,11,10
6,vote,13,14
6,vote,14,11
6,execute,13,WEREWOLF
7,status,1,VILLAGER,DEAD,m_cre
7,status,2,VILLAGER,DEAD,carlo
7,status,3,SEER,DEAD,AITKN
7,status,4,VILLAGER,ALIVE,Dummy13_09
7,status,5,VILLAGER,ALIVE,daisyo
7,status,6,WEREWOLF,DEAD,tori
7,status,7,VILLAGER,DEAD,Dummy13_11
7,status,8,BODYGUARD,DEAD,Dummy13_07
7,status,9,VILLAGER,ALIVE,wasabi
7,status,10,VILLAGER,ALIVE,TOT
7,status,11,VILLAGER,ALIVE,Dummy13_08
7,status,12,WEREWOLF,DEAD,Dummy13_10
7,status,13,WEREWOLF,DEAD,megumish
7,status,14,MEDIUM,ALIVE,cash
7,status,15,POSSESSED,DEAD,JuN1Ro
7,result,6,0,VILLAGER
