0,status,1,VILLAGER,ALIVE,m_cre
0,status,2,VILLAGER,ALIVE,carlo
0,status,3,SEER,ALIVE,AITKN
0,status,4,VILLAGER,ALIVE,Dummy13_09
0,status,5,VILLAGER,ALIVE,daisyo
0,status,6,WEREWOLF,ALIVE,tori
0,status,7,WEREWOLF,ALIVE,Dummy13_11
0,status,8,VILLAGER,ALIVE,Dummy13_07
0,status,9,WEREWOLF,ALIVE,wasabi
0,status,10,MEDIUM,ALIVE,TOT
0,status,11,POSSESSED,ALIVE,Dummy13_08
0,status,12,VILLAGER,ALIVE,Dummy13_10
0,status,13,VILLAGER,ALIVE,megumish
0,status,14,BODYGUARD,ALIVE,cash
0,status,15,VILLAGER,ALIVE,JuN1Ro
0,whisper,0,0,6,COMINGOUT Agent[06] SEER
0,whisper,1,0,9,Over
0,whisper,2,0,7,COMINGOUT Agent[07] SEER
0,whisper,3,1,6,Skip
0,whisper,4,1,7,Skip
0,whisper,5,1,9,ATTACK Agent[04]
0,whisper,6,2,9,ATTACK Agent[13]
0,whisper,7,2,6,Skip
0,whisper,8,2,7,COMINGOUT Agent[07] VILLAGER
0,whisper,9,3,7,Skip
0,whisper,10,3,6,Over
0,whisper,11,3,9,Over
0,whisper,12,4,9,ATTACK Agent[01]
0,whisper,13,4,6,Over
0,whisper,14,4,7,Skip
0,whisper,15,5,9,ATTACK Agent[02]
0,whisper,16,5,6,Over
0,whisper,17,5,7,Over
0,whisper,18,6,9,Over
0,whisper,19,6,7,Over
0,whisper,20,6,6,Over
0,divine,3,6,WEREWOLF
1,status,1,VILLAGER,ALIVE,m_cre
1,status,2,VILLAGER,ALIVE,carlo
1,status,3,SEER,ALIVE,AITKN
1,status,4,VILLAGER,ALIVE,Dummy13_09
1,status,5,VILLAGER,ALIVE,daisyo
1,status,6,WEREWOLF,ALIVE,tori
1,status,7,WEREWOLF,ALIVE,Dummy13_11
1,status,8,VILLAGER,ALIVE,Dummy13_07
1,status,9,WEREWOLF,ALIVE,wasabi
1,status,10,MEDIUM,ALIVE,TOT
1,status,11,POSSESSED,ALIVE,Dummy13_08
1,status,12,VILLAGER,ALIVE,Dummy13_10
1,status,13,VILLAGER,ALIVE,megumish
1,status,14,BODYGUARD,ALIVE,cash
1,status,15,VILLAGER,ALIVE,JuN1Ro
1,talk,0,0,7,VOTE Agent[13]
1,talk,1,0,15,VOTE Agent[13]
1,talk,2,0,1,VOTE Agent[07]
1,talk,3,0,12,VOTE Agent[10]
1,talk,4,0,6,VOTE Agent[12]
1,talk,5,0,4,VOTE Agent[10]
1,talk,6,0,8,VOTE Agent[09]
1,talk,7,0,10,COMINGOUT Agent[10] MEDIUM
1,talk,8,0,3,REQUEST(COMINGOUT Agent[03] SEER)
1,talk,9,0,9,VOTE Agent[03]
1,talk,10,0,2,VOTE Agent[01]
1,talk,11,0,5,REQUEST(COMINGOUT Agent[05] SEER)
1,talk,12,0,13,VOTE Agent[04]
1,talk,13,0,14,DIVINED Agent[01] HUMAN
1,talk,14,0,11,COMINGOUT Agent[11] SEER
1,talk,15,1,4,ESTIMATE Agent[14] SEER
1,talk,16,1,9,VOTE Agent[12]
1,talk,17,1,13,Skip
1,talk,18,1,12,ESTIMATE Agent[14] SEER
1,talk,19,1,3,REQUEST(COMINGOUT Agent[03] MEDIUM)
1,talk,20,1,8,ESTIMATE Agent[14] SEER
1,talk,21,1,15,VOTE Agent[14]
1,talk,22,1,6,REQUEST(VOTE Agent[12])
1,talk,23,1,11,DIVINED Agent[12] HUMAN
1,talk,24,1,10,VOTE Agent[12]
1,talk,25,1,7,REQUEST(VOTE Agent[13])
1,talk,26,1,5,VOTE Agent[10]
1,talk,27,1,1,Skip
1,talk,28,1,14,Over
1,talk,29,1,2,VOTE Agent[03]
1,talk,30,2,4,Skip
1,talk,31,2,8,Skip
1,talk,32,2,11,VOTE Agent[04]
1,talk,33,2,3,Skip
1,talk,34,2,9,VOTE Agent[07]
1,talk,35,2,10,REQUEST(VOTE Agent[12])
1,talk,36,2,1,Skip
1,talk,37,2,2,Skip
1,talk,38,2,6,COMINGOUT Agent[06] SEER
1,talk,39,2,13,Skip
1,talk,40,2,14,Over
1,talk,41,2,15,Over
1,talk,42,2,7,Skip
1,talk,43,2,12,Skip
1,talk,44,2,5,AGREE TALK day1 ID:20
1,talk,45,3,5,AGREE TALK day1 ID:37
1,talk,46,3,3,Skip
1,talk,47,3,1,VOTE Agent[06]
1,talk,48,3,9,VOTE Agent[04]
1,talk,49,3,2,Skip
1,talk,50,3,6,VOTE Agent[11]
1,talk,51,3,13,Over
1,talk,52,3,11,REQUEST(VOTE Agent[04])
1,talk,53,3,8,Skip
1,talk,54,3,12,Skip
1,talk,55,3,14,Over
1,talk,56,3,7,Skip
1,talk,57,3,4,Skip
1,talk,58,3,15,VOTE Agent[06]
1,talk,59,3,10,Skip
1,talk,60,4,1,Skip
1,talk,61,4,8,Over
1,talk,62,4,13,Over
1,talk,63,4,2,Over
1,talk,64,4,3,COMINGOUT Agent[03] SEER
1,talk,65,4,10,Skip
1,talk,66,4,12,Over
1,talk,67,4,9,ESTIMATE Agent[05] VILLAGER
1,talk,68,4,5,AGREE TALK day1 ID:15
1,talk,69,4,6,REQUEST(VOTE Agent[11])
1,talk,70,4,7,Over
1,talk,71,4,11,VOTE Agent[06]
1,talk,72,4,4,Over
1,talk,73,4,14,Over
1,talk,74,4,15,ESTIMATE Agent[10] VILLAGER
1,talk,75,5,3,DIVINED Agent[06] WEREWOLF
1,talk,76,5,14,Over
1,talk,77,5,12,Over
1,talk,78,5,2,VOTE Agent[04]
1,talk,79,5,9,ESTIMATE Agent[08] VILLAGER
1,talk,80,5,6,Skip
1,talk,81,5,5,AGREE TALK day1 ID:46
1,talk,82,5,13,Over
1,talk,83,5,1,VOTE Agent[03]
1,talk,84,5,15,Over
1,talk,85,5,7,Over
1,talk,86,5,11,REQUEST(VOTE Agent[06])
1,talk,87,5,4,Over
1,talk,88,5,10,Over
1,talk,89,5,8,Over
1,talk,90,6,12,ESTIMATE Agent[06] WEREWOLF
1,talk,91,6,3,DIVINATION Agent[06]
1,talk,92,6,6,Skip
1,talk,93,6,10,Over
1,talk,94,6,11,VOTE Agent[03]
1,talk,95,6,5,AGREE TALK day1 ID:57
1,talk,96,6,9,Skip
1,talk,97,6,4,ESTIMATE Agent[06] WEREWOLF
1,talk,98,6,15,ESTIMATE Agent[06] WEREWOLF
1,talk,99,6,14,Over
1,talk,100,6,1,VOTE Agent[11]
1,talk,101,6,7,Over
1,talk,102,6,2,Skip
1,talk,103,6,8,ESTIMATE Agent[06] WEREWOLF
1,talk,104,6,13,Over
1,talk,105,7,1,Skip
1,talk,106,7,3,VOTE Agent[01]
1,talk,107,7,8,REQUEST(Agent[14] DIVINATION Agent[06])
1,talk,108,7,9,VOTE Agent[01]
1,talk,109,7,7,Over
1,talk,110,7,13,Over
1,talk,111,7,6,Over
1,talk,112,7,14,Over
1,talk,113,7,5,AGREE TALK day1 ID:49
1,talk,114,7,2,Skip
1,talk,115,7,11,REQUEST(VOTE Agent[03])
1,talk,116,7,12,REQUEST(Agent[14] DIVINATION Agent[06])
1,talk,117,7,4,REQUEST(Agent[14] DIVINATION Agent[06])
1,talk,118,7,15,Over
1,talk,119,7,10,Over
1,talk,120,8,10,Over
1,talk,121,8,9,VOTE Agent[13]
1,talk,122,8,15,ESTIMATE Agent[06] WEREWOLF
1,talk,123,8,6,Over
1,talk,124,8,4,VOTE Agent[06]
1,talk,125,8,5,AGREE TALK day1 ID:31
1,talk,126,8,1,Skip
1,talk,127,8,11,Skip
1,talk,128,8,12,VOTE Agent[06]
1,talk,129,8,3,REQUEST(VOTE Agent[01])
1,talk,130,8,2,Over
1,talk,131,8,7,Over
1,talk,132,8,14,Over
1,talk,133,8,13,Over
1,talk,134,8,8,VOTE Agent[06]
1,talk,135,9,15,Over
1,talk,136,9,10,Over
1,talk,137,9,4,Skip
1,talk,138,9,5,AGREE TALK day1 ID:17
1,talk,139,9,9,VOTE Agent[02]
1,talk,140,9,11,Skip
1,talk,141,9,3,Skip
1,talk,142,9,8,Skip
1,talk,143,9,14,Over
1,talk,144,9,7,Over
1,talk,145,9,2,Over
1,talk,146,9,6,Over
1,talk,147,9,1,Over
1,talk,148,9,12,Skip
1,talk,149,9,13,Over
1,talk,150,10,1,Over
1,talk,151,10,13,Over
1,talk,152,10,5,Over
1,talk,153,10,11,Over
1,talk,154,10,7,Over
1,talk,155,10,6,Over
1,talk,156,10,12,Skip
1,talk,157,10,8,Skip
1,talk,158,10,2,Over
1,talk,159,10,14,Over
1,talk,160,10,10,Over
1,talk,161,10,4,Skip
1,talk,162,10,3,Skip
1,talk,163,10,15,Over
1,talk,164,10,9,VOTE Agent[15]
1,talk,165,11,13,Over
1,talk,166,11,7,Over
1,talk,167,11,2,Over
1,talk,168,11,4,Over
1,talk,169,11,12,Over
1,talk,170,11,10,Over
1,talk,171,11,11,Over
1,talk,172,11,14,Over
1,talk,173,11,1,Over
1,talk,174,11,5,Over
1,talk,175,11,6,Over
1,talk,176,11,3,Over
1,talk,177,11,15,ESTIMATE Agent[10] VILLAGER
1,talk,178,11,8,Over
1,talk,179,11,9,Over
1,talk,180,12,14,Over
1,talk,181,12,13,Over
1,talk,182,12,4,Over
1,talk,183,12,2,Over
1,talk,184,12,8,Over
1,talk,185,12,1,Over
1,talk,186,12,9,Over
1,talk,187,12,5,Over
1,talk,188,12,6,Over
1,talk,189,12,15,ESTIMATE Agent[10] VILLAGER
1,talk,190,12,7,Over
1,talk,191,12,10,Over
1,talk,192,12,3,Over
1,talk,193,12,11,Over
1,talk,194,12,12,Over
1,talk,195,13,1,Over
1,talk,196,13,13,Over
1,talk,197,13,3,Over
1,talk,198,13,14,Over
1,talk,199,13,8,Over
1,talk,200,13,6,Over
1,talk,201,13,15,ESTIMATE Agent[06] WEREWOLF
1,talk,202,13,12,Over
1,talk,203,13,11,Over
1,talk,204,13,7,Over
1,talk,205,13,5,Over
1,talk,206,13,2,Over
1,talk,207,13,4,Over
1,talk,208,13,10,Over
1,talk,209,13,9,Over
1,talk,210,14,4,Over
1,talk,211,14,2,Over
1,talk,212,14,15,Over
1,talk,213,14,13,Over
1,talk,214,14,6,Over
1,talk,215,14,5,Over
1,talk,216,14,14,Over
1,talk,217,14,3,Over
1,talk,218,14,12,Over
1,talk,219,14,11,Over
1,talk,220,14,7,Over
1,talk,221,14,9,Over
1,talk,222,14,8,Over
1,talk,223,14,1,Over
1,talk,224,14,10,Over
1,vote,1,11
1,vote,2,4
1,vote,3,1
1,vote,4,6
1,vote,5,10
1,vote,6,11
1,vote,7,13
1,vote,8,6
1,vote,9,15
1,vote,10,12
1,vote,11,3
1,vote,12,6
1,vote,13,4
1,vote,14,5
1,vote,15,6
1,execute,6,WEREWOLF
1,divine,3,6,WEREWOLF
1,whisper,0,0,6,ATTACK Agent[11]
1,whisper,1,0,7,ATTACK Agent[03]
1,whisper,2,0,9,ATTACK Agent[12]
1,whisper,3,1,9,ATTACK Agent[15]
1,whisper,4,1,7,REQUEST(ATTACK Agent[03])
1,whisper,5,1,6,REQUEST(ATTACK Agent[11])
1,whisper,6,2,7,Skip
1,whisper,7,2,6,Skip
1,whisper,8,2,9,ATTACK Agent[05]
1,whisper,9,3,6,Skip
1,whisper,10,3,9,ATTACK Agent[12]
1,whisper,11,3,7,Skip
1,whisper,12,4,6,Over
1,whisper,13,4,7,Over
1,whisper,14,4,9,Over
1,guard,14,7,WEREWOLF
1,attackVote,6,11
1,attackVote,7,3
1,attackVote,9,12
1,attackVote,6,11
1,attackVote,7,3
1,attackVote,9,10
1,attack,10,true
2,status,1,VILLAGER,ALIVE,m_cre
2,status,2,VILLAGER,ALIVE,carlo
2,status,3,SEER,ALIVE,AITKN
2,status,4,VILLAGER,ALIVE,Dummy13_09
2,status,5,VILLAGER,ALIVE,daisyo
2,status,6,WEREWOLF,DEAD,tori
2,status,7,WEREWOLF,ALIVE,Dummy13_11
2,status,8,VILLAGER,ALIVE,Dummy13_07
2,status,9,WEREWOLF,ALIVE,wasabi
2,status,10,MEDIUM,DEAD,TOT
2,status,11,POSSESSED,ALIVE,Dummy13_08
2,status,12,VILLAGER,ALIVE,Dummy13_10
2,status,13,VILLAGER,ALIVE,megumish
2,status,14,BODYGUARD,ALIVE,cash
2,status,15,VILLAGER,ALIVE,JuN1Ro
2,talk,0,0,11,DIVINED Agent[15] HUMAN
2,talk,1,0,14,DIVINED Agent[09] HUMAN
2,talk,2,0,8,VOTE Agent[14]
2,talk,3,0,15,VOTE Agent[03]
2,talk,4,0,7,VOTE Agent[12]
2,talk,5,0,1,VOTE Agent[11]
2,talk,6,0,2,VOTE Agent[04]
2,talk,7,0,12,VOTE Agent[02]
2,talk,8,0,5,Skip
2,talk,9,0,3,DIVINED Agent[06] WEREWOLF
2,talk,10,0,9,VOTE Agent[07]
2,talk,11,0,13,VOTE Agent[12]
2,talk,12,0,4,VOTE Agent[13]
2,talk,13,1,8,Skip
2,talk,14,1,15,Over
2,talk,15,1,13,Skip
2,talk,16,1,5,VOTE Agent[12]
2,talk,17,1,14,Over
2,talk,18,1,4,Skip
2,talk,19,1,1,Skip
2,talk,20,1,3,Skip
2,talk,21,1,2,Skip
2,talk,22,1,12,Skip
2,talk,23,1,7,REQUEST(VOTE Agent[12])
2,talk,24,1,11,VOTE Agent[03]
2,talk,25,1,9,VOTE Agent[05]
2,talk,26,2,4,Skip
2,talk,27,2,7,Skip
2,talk,28,2,1,Skip
2,talk,29,2,15,Over
2,talk,30,2,11,REQUEST(VOTE Agent[03])
2,talk,31,2,12,Skip
2,talk,32,2,8,Skip
2,talk,33,2,14,Over
2,talk,34,2,13,Skip
2,talk,35,2,3,Skip
2,talk,36,2,5,AGREE TALK day2 ID:22
2,talk,37,2,9,Skip
2,talk,38,2,2,Skip
2,talk,39,3,8,Over
2,talk,40,3,2,Over
2,talk,41,3,5,AGREE TALK day2 ID:19
2,talk,42,3,7,Skip
2,talk,43,3,13,Over
2,talk,44,3,9,VOTE Agent[08]
2,talk,45,3,3,Over
2,talk,46,3,11,Skip
2,talk,47,3,4,Over
2,talk,48,3,14,Over
2,talk,49,3,15,Over
2,talk,50,3,12,Over
2,talk,51,3,1,Over
2,talk,52,4,5,AGREE TALK day2 ID:34
2,talk,53,4,12,Over
2,talk,54,4,2,Over
2,talk,55,4,15,Over
2,talk,56,4,4,Over
2,talk,57,4,3,VOTE Agent[09]
2,talk,58,4,11,Skip
2,talk,59,4,1,Over
2,talk,60,4,14,Over
2,talk,61,4,9,ESTIMATE Agent[11] WEREWOLF
2,talk,62,4,13,Over
2,talk,63,4,8,Over
2,talk,64,4,7,Over
2,talk,65,5,5,AGREE TALK day2 ID:31
2,talk,66,5,4,Over
2,talk,67,5,7,Over
2,talk,68,5,14,Over
2,talk,69,5,2,Over
2,talk,70,5,9,VOTE Agent[02]
2,talk,71,5,3,REQUEST(DIVINATION Agent[01])
2,talk,72,5,11,Over
2,talk,73,5,13,Over
2,talk,74,5,8,Over
2,talk,75,5,15,ESTIMATE Agent[09] VILLAGER
2,talk,76,5,12,Over
2,talk,77,5,1,Over
2,talk,78,6,4,Over
2,talk,79,6,2,Over
2,talk,80,6,11,Over
2,talk,81,6,15,ESTIMATE Agent[03] WEREWOLF
2,talk,82,6,7,Over
2,talk,83,6,9,VOTE Agent[05]
2,talk,84,6,13,Over
2,talk,85,6,1,Over
2,talk,86,6,14,Over
2,talk,87,6,5,AGREE TALK day2 ID:37
2,talk,88,6,8,Over
2,talk,89,6,12,Over
2,talk,90,6,3,Skip
2,talk,91,7,7,Over
2,talk,92,7,13,Over
2,talk,93,7,2,Over
2,talk,94,7,11,Over
2,talk,95,7,5,AGREE TALK day2 ID:27
2,talk,96,7,12,Over
2,talk,97,7,4,Over
2,talk,98,7,9,Skip
2,talk,99,7,8,Over
2,talk,100,7,3,Skip
2,talk,101,7,1,Over
2,talk,102,7,15,Over
2,talk,103,7,14,Over
2,talk,104,8,11,Over
2,talk,105,8,13,Over
2,talk,106,8,2,Over
2,talk,107,8,3,Over
2,talk,108,8,8,Over
2,talk,109,8,15,Over
2,talk,110,8,4,Over
2,talk,111,8,1,Over
2,talk,112,8,9,VOTE Agent[02]
2,talk,113,8,14,Over
2,talk,114,8,7,Over
2,talk,115,8,5,AGREE TALK day2 ID:75
2,talk,116,8,12,Over
2,talk,117,9,1,Over
2,talk,118,9,3,Over
2,talk,119,9,12,Over
2,talk,120,9,14,Over
2,talk,121,9,13,Over
2,talk,122,9,8,Over
2,talk,123,9,2,Over
2,talk,124,9,7,Over
2,talk,125,9,5,AGREE TALK day2 ID:1
2,talk,126,9,4,Over
2,talk,127,9,9,VOTE Agent[04]
2,talk,128,9,11,Over
2,talk,129,9,15,ESTIMATE Agent[09] VILLAGER
2,talk,130,10,11,Over
2,talk,131,10,1,Over
2,talk,132,10,13,Over
2,talk,133,10,15,Over
2,talk,134,10,7,Over
2,talk,135,10,4,Over
2,talk,136,10,3,Over
2,talk,137,10,14,Over
2,talk,138,10,8,Over
2,talk,139,10,5,AGREE TALK day2 ID:32
2,talk,140,10,12,Over
2,talk,141,10,2,Over
2,talk,142,10,9,ESTIMATE Agent[11] WEREWOLF
2,talk,143,11,2,Over
2,talk,144,11,7,Over
2,talk,145,11,5,Over
2,talk,146,11,4,Over
2,talk,147,11,11,Over
2,talk,148,11,3,Over
2,talk,149,11,12,Over
2,talk,150,11,9,VOTE Agent[07]
2,talk,151,11,13,Over
2,talk,152,11,14,Over
2,talk,153,11,8,Over
2,talk,154,11,15,Over
2,talk,155,11,1,Over
2,talk,156,12,3,Over
2,talk,157,12,7,Over
2,talk,158,12,14,Over
2,talk,159,12,4,Over
2,talk,160,12,1,Over
2,talk,161,12,2,Over
2,talk,162,12,12,Over
2,talk,163,12,13,Over
2,talk,164,12,9,Over
2,talk,165,12,8,Over
2,talk,166,12,5,Over
2,talk,167,12,11,Over
2,talk,168,12,15,Over
2,vote,1,11
2,vote,2,4
2,vote,3,9
2,vote,4,13
2,vote,5,12
2,vote,7,12
2,vote,8,14
2,vote,9,7
2,vote,11,3
2,vote,12,2
2,vote,13,12
2,vote,14,4
2,vote,15,3
2,execute,12,VILLAGER
2,divine,3,8,HUMAN
2,whisper,0,0,9,ATTACK Agent[04]
2,whisper,1,0,7,ESTIMATE Agent[14] POSSESSED
2,whisper,2,1,9,ATTACK Agent[14]
2,whisper,3,1,7,ATTACK Agent[11]
2,whisper,4,2,9,ATTACK Agent[15]
2,whisper,5,2,7,REQUEST(ATTACK Agent[11])
2,whisper,6,3,9,Over
2,whisper,7,3,7,Skip
2,whisper,8,4,7,Skip
2,whisper,9,4,9,Over
2,whisper,10,5,7,Over
2,whisper,11,5,9,Over
2,guard,14,8,VILLAGER
2,attackVote,7,11
2,attackVote,9,15
2,attackVote,7,11
2,attackVote,9,8
2,attack,8,false
3,status,1,VILLAGER,ALIVE,m_cre
3,status,2,VILLAGER,ALIVE,carlo
3,status,3,SEER,ALIVE,AITKN
3,status,4,VILLAGER,ALIVE,Dummy13_09
3,status,5,VILLAGER,ALIVE,daisyo
3,status,6,WEREWOLF,DEAD,tori
3,status,7,WEREWOLF,ALIVE,Dummy13_11
3,status,8,VILLAGER,ALIVE,Dummy13_07
3,status,9,WEREWOLF,ALIVE,wasabi
3,status,10,MEDIUM,DEAD,TOT
3,status,11,POSSESSED,ALIVE,Dummy13_08
3,status,12,VILLAGER,DEAD,Dummy13_10
3,status,13,VILLAGER,ALIVE,megumish
3,status,14,BODYGUARD,ALIVE,cash
3,status,15,VILLAGER,ALIVE,JuN1Ro
3,talk,0,0,8,VOTE Agent[11]
3,talk,1,0,4,VOTE Agent[13]
3,talk,2,0,7,VOTE Agent[03]
3,talk,3,0,1,VOTE Agent[11]
3,talk,4,0,2,VOTE Agent[01]
3,talk,5,0,13,VOTE Agent[09]
3,talk,6,0,5,Skip
3,talk,7,0,9,Skip
3,talk,8,0,11,DIVINED Agent[02] HUMAN
3,talk,9,0,14,DIVINED Agent[05] HUMAN
3,talk,10,0,15,VOTE Agent[03]
3,talk,11,0,3,DIVINED Agent[08] HUMAN
3,talk,12,1,7,REQUEST(VOTE Agent[03])
3,talk,13,1,8,Skip
3,talk,14,1,15,Over
3,talk,15,1,4,Skip
3,talk,16,1,9,VOTE Agent[04]
3,talk,17,1,14,Over
3,talk,18,1,1,Skip
3,talk,19,1,11,VOTE Agent[03]
3,talk,20,1,5,VOTE Agent[03]
3,talk,21,1,3,Skip
3,talk,22,1,13,Skip
3,talk,23,1,2,Skip
3,talk,24,2,4,Skip
3,talk,25,2,14,Over
3,talk,26,2,2,Skip
3,talk,27,2,15,ESTIMATE Agent[03] WEREWOLF
3,talk,28,2,8,Skip
3,talk,29,2,11,REQUEST(VOTE Agent[03])
3,talk,30,2,9,VOTE Agent[05]
3,talk,31,2,1,Skip
3,talk,32,2,3,ESTIMATE Agent[08] WEREWOLF
3,talk,33,2,7,Skip
3,talk,34,2,13,Skip
3,talk,35,2,5,AGREE TALK day3 ID:15
3,talk,36,3,8,Over
3,talk,37,3,5,AGREE TALK day3 ID:26
3,talk,38,3,3,Skip
3,talk,39,3,7,Skip
3,talk,40,3,13,Over
3,talk,41,3,11,Skip
3,talk,42,3,14,Over
3,talk,43,3,9,VOTE Agent[14]
3,talk,44,3,15,ESTIMATE Agent[09] VILLAGER
3,talk,45,3,1,Over
3,talk,46,3,4,Over
3,talk,47,3,2,Over
3,talk,48,4,7,Over
3,talk,49,4,1,Over
3,talk,50,4,4,Over
3,talk,51,4,14,Over
3,talk,52,4,2,Over
3,talk,53,4,15,Over
3,talk,54,4,9,VOTE Agent[01]
3,talk,55,4,5,AGREE TALK day3 ID:39
3,talk,56,4,3,VOTE Agent[08]
3,talk,57,4,11,Skip
3,talk,58,4,8,Over
3,talk,59,4,13,Over
3,talk,60,5,5,AGREE TALK day3 ID:24
3,talk,61,5,3,REQUEST(DIVINATION Agent[01])
3,talk,62,5,4,Over
3,talk,63,5,1,Over
3,talk,64,5,7,Over
3,talk,65,5,8,Over
3,talk,66,5,13,Over
3,talk,67,5,15,Over
3,talk,68,5,14,Over
3,talk,69,5,9,Skip
3,talk,70,5,2,Over
3,talk,71,5,11,Over
3,talk,72,6,14,Over
3,talk,73,6,4,Over
3,talk,74,6,11,Over
3,talk,75,6,13,Over
3,talk,76,6,3,Skip
3,talk,77,6,9,VOTE Agent[07]
3,talk,78,6,2,Over
3,talk,79,6,8,Over
3,talk,80,6,5,AGREE TALK day3 ID:9
3,talk,81,6,15,ESTIMATE Agent[03] WEREWOLF
3,talk,82,6,7,Over
3,talk,83,6,1,Over
3,talk,84,7,1,Over
3,talk,85,7,2,Over
3,talk,86,7,7,Over
3,talk,87,7,5,AGREE TALK day3 ID:7
3,talk,88,7,15,Over
3,talk,89,7,4,Over
3,talk,90,7,8,Over
3,talk,91,7,13,Over
3,talk,92,7,3,Skip
3,talk,93,7,14,Over
3,talk,94,7,11,Over
3,talk,95,7,9,VOTE Agent[01]
3,talk,96,8,9,Skip
3,talk,97,8,2,Over
3,talk,98,8,7,Over
3,talk,99,8,4,Over
3,talk,100,8,13,Over
3,talk,101,8,11,Over
3,talk,102,8,5,AGREE TALK day3 ID:13
3,talk,103,8,3,Over
3,talk,104,8,15,Over
3,talk,105,8,14,Over
3,talk,106,8,1,Over
3,talk,107,8,8,Over
3,talk,108,9,2,Over
3,talk,109,9,11,Over
3,talk,110,9,15,Over
3,talk,111,9,8,Over
3,talk,112,9,13,Over
3,talk,113,9,3,Over
3,talk,114,9,14,Over
3,talk,115,9,4,Over
3,talk,116,9,5,AGREE TALK day3 ID:11
3,talk,117,9,7,Over
3,talk,118,9,9,VOTE Agent[04]
3,talk,119,9,1,Over
3,talk,120,10,7,Over
3,talk,121,10,5,AGREE TALK day3 ID:44
3,talk,122,10,2,Over
3,talk,123,10,1,Over
3,talk,124,10,3,Over
3,talk,125,10,4,Over
3,talk,126,10,9,VOTE Agent[13]
3,talk,127,10,11,Over
3,talk,128,10,14,Over
3,talk,129,10,8,Over
3,talk,130,10,15,Over
3,talk,131,10,13,Over
3,talk,132,11,4,Over
3,talk,133,11,9,VOTE Agent[04]
3,talk,134,11,3,Over
3,talk,135,11,15,Over
3,talk,136,11,2,Over
3,talk,137,11,5,Over
3,talk,138,11,1,Over
3,talk,139,11,13,Over
3,talk,140,11,7,Over
3,talk,141,11,8,Over
3,talk,142,11,14,Over
3,talk,143,11,11,Over
3,talk,144,12,3,Over
3,talk,145,12,15,ESTIMATE Agent[03] WEREWOLF
3,talk,146,12,14,Over
3,talk,147,12,1,Over
3,talk,148,12,13,Over
3,talk,149,12,2,Over
3,talk,150,12,8,Over
3,talk,151,12,11,Over
3,talk,152,12,5,Over
3,talk,153,12,9,VOTE Agent[07]
3,talk,154,12,7,Over
3,talk,155,12,4,Over
3,talk,156,13,11,Over
3,talk,157,13,4,Over
3,talk,158,13,13,Over
3,talk,159,13,5,Over
3,talk,160,13,3,Over
3,talk,161,13,7,Over
3,talk,162,13,15,ESTIMATE Agent[03] WEREWOLF
3,talk,163,13,2,Over
3,talk,164,13,14,Over
3,talk,165,13,8,Over
3,talk,166,13,1,Over
3,talk,167,13,9,Over
3,talk,168,14,2,Over
3,talk,169,14,11,Over
3,talk,170,14,3,Over
3,talk,171,14,13,Over
3,talk,172,14,14,Over
3,talk,173,14,15,Over
3,talk,174,14,5,Over
3,talk,175,14,8,Over
3,talk,176,14,9,Over
3,talk,177,14,4,Over
3,talk,178,14,1,Over
3,talk,179,14,7,Over
3,vote,1,11
3,vote,2,1
3,vote,3,8
3,vote,4,13
3,vote,5,3
3,vote,7,3
3,vote,8,11
3,vote,9,7
3,vote,11,3
3,vote,13,9
3,vote,14,13
3,vote,15,3
3,execute,3,SEER
3,divine,3,11,HUMAN
3,whisper,0,0,9,ATTACK Agent[02]
3,whisper,1,0,7,ATTACK Agent[11]
3,whisper,2,1,7,REQUEST(ATTACK Agent[11])
3,whisper,3,1,9,Over
3,whisper,4,2,7,Skip
3,whisper,5,2,9,Over
3,whisper,6,3,7,Skip
3,whisper,7,3,9,Over
3,whisper,8,4,7,Over
3,whisper,9,4,9,Over
3,guard,14,13,VILLAGER
3,attackVote,7,11
3,attackVote,9,2
3,attackVote,7,11
3,attackVote,9,8
3,attack,11,true
4,status,1,VILLAGER,ALIVE,m_cre
4,status,2,VILLAGER,ALIVE,carlo
4,status,3,SEER,DEAD,AITKN
4,status,4,VILLAGER,ALIVE,Dummy13_09
4,status,5,VILLAGER,ALIVE,daisyo
4,status,6,WEREWOLF,DEAD,tori
4,status,7,WEREWOLF,ALIVE,Dummy13_11
4,status,8,VILLAGER,ALIVE,Dummy13_07
4,status,9,WEREWOLF,ALIVE,wasabi
4,status,10,MEDIUM,DEAD,TOT
4,status,11,POSSESSED,DEAD,Dummy13_08
4,status,12,VILLAGER,DEAD,Dummy13_10
4,status,13,VILLAGER,ALIVE,megumish
4,status,14,BODYGUARD,ALIVE,cash
4,status,15,VILLAGER,ALIVE,JuN1Ro
4,talk,0,0,14,DIVINED Agent[15] HUMAN
4,talk,1,0,15,VOTE Agent[04]
4,talk,2,0,13,VOTE Agent[05]
4,talk,3,0,7,VOTE Agent[15]
4,talk,4,0,1,VOTE Agent[14]
4,talk,5,0,4,VOTE Agent[13]
4,talk,6,0,9,Skip
4,talk,7,0,8,VOTE Agent[05]
4,talk,8,0,5,Skip
4,talk,9,0,2,VOTE Agent[01]
4,talk,10,1,9,VOTE Agent[01]
4,talk,11,1,7,REQUEST(VOTE Agent[15])
4,talk,12,1,14,Over
4,talk,13,1,13,Skip
4,talk,14,1,8,Skip
4,talk,15,1,1,Skip
4,talk,16,1,5,VOTE Agent[01]
4,talk,17,1,2,Skip
4,talk,18,1,4,Skip
4,talk,19,1,15,Over
4,talk,20,2,2,Skip
4,talk,21,2,14,Over
4,talk,22,2,4,Skip
4,talk,23,2,9,Skip
4,talk,24,2,15,Over
4,talk,25,2,13,Skip
4,talk,26,2,5,AGREE TALK day4 ID:18
4,talk,27,2,8,Skip
4,talk,28,2,7,Skip
4,talk,29,2,1,Skip
4,talk,30,3,5,AGREE TALK day4 ID:29
4,talk,31,3,14,Over
4,talk,32,3,4,Over
4,talk,33,3,1,Over
4,talk,34,3,15,Over
4,talk,35,3,7,Skip
4,talk,36,3,8,Over
4,talk,37,3,2,Over
4,talk,38,3,9,ESTIMATE Agent[14] WEREWOLF
4,talk,39,3,13,Over
4,talk,40,4,9,ESTIMATE Agent[04] WEREWOLF
4,talk,41,4,8,Over
4,talk,42,4,1,Over
4,talk,43,4,5,AGREE TALK day4 ID:28
4,talk,44,4,15,Over
4,talk,45,4,13,Over
4,talk,46,4,7,Over
4,talk,47,4,2,Over
4,talk,48,4,4,Over
4,talk,49,4,14,Over
4,talk,50,5,2,Over
4,talk,51,5,8,Over
4,talk,52,5,13,Over
4,talk,53,5,4,Over
4,talk,54,5,1,Over
4,talk,55,5,7,Over
4,talk,56,5,14,Over
4,talk,57,5,5,AGREE TALK day4 ID:6
4,talk,58,5,15,Over
4,talk,59,5,9,VOTE Agent[05]
4,talk,60,6,1,Over
4,talk,61,6,15,ESTIMATE Agent[04] WEREWOLF
4,talk,62,6,14,Over
4,talk,63,6,13,Over
4,talk,64,6,9,VOTE Agent[13]
4,talk,65,6,2,Over
4,talk,66,6,4,Over
4,talk,67,6,8,Over
4,talk,68,6,5,AGREE TALK day4 ID:13
4,talk,69,6,7,Over
4,talk,70,7,14,Over
4,talk,71,7,8,Over
4,talk,72,7,7,Over
4,talk,73,7,15,Over
4,talk,74,7,1,Over
4,talk,75,7,2,Over
4,talk,76,7,9,VOTE Agent[04]
4,talk,77,7,4,Over
4,talk,78,7,13,Over
4,talk,79,7,5,AGREE TALK day4 ID:17
4,talk,80,8,7,Over
4,talk,81,8,13,Over
4,talk,82,8,4,Over
4,talk,83,8,2,Over
4,talk,84,8,9,VOTE Agent[07]
4,talk,85,8,15,Over
4,talk,86,8,8,Over
4,talk,87,8,5,AGREE TALK day4 ID:15
4,talk,88,8,14,Over
4,talk,89,8,1,Over
4,talk,90,9,14,Over
4,talk,91,9,2,Over
4,talk,92,9,15,Over
4,talk,93,9,7,Over
4,talk,94,9,13,Over
4,talk,95,9,8,Over
4,talk,96,9,9,VOTE Agent[14]
4,talk,97,9,4,Over
4,talk,98,9,5,AGREE TALK day4 ID:20
4,talk,99,9,1,Over
4,talk,100,10,4,Over
4,talk,101,10,7,Over
4,talk,102,10,14,Over
4,talk,103,10,8,Over
4,talk,104,10,15,Over
4,talk,105,10,9,VOTE Agent[13]
4,talk,106,10,13,Over
4,talk,107,10,1,Over
4,talk,108,10,5,AGREE TALK day4 ID:22
4,talk,109,10,2,Over
4,talk,110,11,4,Over
4,talk,111,11,15,Over
4,talk,112,11,8,Over
4,talk,113,11,5,Over
4,talk,114,11,14,Over
4,talk,115,11,9,ESTIMATE Agent[14] WEREWOLF
4,talk,116,11,1,Over
4,talk,117,11,2,Over
4,talk,118,11,7,Over
4,talk,119,11,13,Over
4,talk,120,12,14,Over
4,talk,121,12,4,Over
4,talk,122,12,8,Over
4,talk,123,12,5,Over
4,talk,124,12,13,Over
4,talk,125,12,15,ESTIMATE Agent[04] WEREWOLF
4,talk,126,12,7,Over
4,talk,127,12,9,Over
4,talk,128,12,2,Over
4,talk,129,12,1,Over
4,talk,130,13,1,Over
4,talk,131,13,5,Over
4,talk,132,13,8,Over
4,talk,133,13,2,Over
4,talk,134,13,4,Over
4,talk,135,13,15,Over
4,talk,136,13,13,Over
4,talk,137,13,7,Over
4,talk,138,13,14,Over
4,talk,139,13,9,Over
4,vote,1,14
4,vote,2,1
4,vote,4,13
4,vote,5,1
4,vote,7,15
4,vote,8,5
4,vote,9,13
4,vote,13,5
4,vote,14,2
4,vote,15,4
4,vote,1,13
4,vote,2,1
4,vote,4,13
4,vote,5,1
4,vote,7,5
4,vote,8,5
4,vote,9,4
4,vote,13,5
4,vote,14,13
4,vote,15,4
4,execute,5,VILLAGER
4,whisper,0,0,9,ATTACK Agent[02]
4,whisper,1,0,7,ATTACK Agent[02]
4,whisper,2,1,9,Over
4,whisper,3,1,7,REQUEST(ATTACK Agent[02])
4,whisper,4,2,7,Skip
4,whisper,5,2,9,Over
4,whisper,6,3,9,Over
4,whisper,7,3,7,Skip
4,whisper,8,4,9,ATTACK Agent[15]
4,whisper,9,4,7,Over
4,whisper,10,5,9,ATTACK Agent[02]
4,whisper,11,5,7,Over
4,whisper,12,6,9,Over
4,whisper,13,6,7,Over
4,guard,14,2,VILLAGER
4,attackVote,7,2
4,attackVote,9,2
4,attack,2,false
5,status,1,VILLAGER,ALIVE,m_cre
5,status,2,VILLAGER,ALIVE,carlo
5,status,3,SEER,DEAD,AITKN
5,status,4,VILLAGER,ALIVE,Dummy13_09
5,status,5,VILLAGER,DEAD,daisyo
5,status,6,WEREWOLF,DEAD,tori
5,status,7,WEREWOLF,ALIVE,Dummy13_11
5,status,8,VILLAGER,ALIVE,Dummy13_07
5,status,9,WEREWOLF,ALIVE,wasabi
5,status,10,MEDIUM,DEAD,TOT
5,status,11,POSSESSED,DEAD,Dummy13_08
5,status,12,VILLAGER,DEAD,Dummy13_10
5,status,13,VILLAGER,ALIVE,megumish
5,status,14,BODYGUARD,ALIVE,cash
5,status,15,VILLAGER,ALIVE,JuN1Ro
5,talk,0,0,15,VOTE Agent[04]
5,talk,1,0,1,VOTE Agent[14]
5,talk,2,0,2,VOTE Agent[01]
5,talk,3,0,9,Skip
5,talk,4,0,7,VOTE Agent[01]
5,talk,5,0,8,VOTE Agent[02]
5,talk,6,0,13,VOTE Agent[09]
5,talk,7,0,4,VOTE Agent[14]
5,talk,8,0,14,DIVINED Agent[04] HUMAN
5,talk,9,1,2,Skip
5,talk,10,1,1,Skip
5,talk,11,1,13,Skip
5,talk,12,1,15,VOTE Agent[07]
5,talk,13,1,8,Skip
5,talk,14,1,7,REQUEST(VOTE Agent[01])
5,talk,15,1,14,Over
5,talk,16,1,4,Skip
5,talk,17,1,9,VOTE Agent[04]
5,talk,18,2,9,VOTE Agent[13]
5,talk,19,2,7,Skip
5,talk,20,2,15,Over
5,talk,21,2,4,Skip
5,talk,22,2,13,Skip
5,talk,23,2,8,Skip
5,talk,24,2,1,Skip
5,talk,25,2,2,Skip
5,talk,26,2,14,Over
5,talk,27,3,1,Over
5,talk,28,3,2,Over
5,talk,29,3,9,ESTIMATE Agent[04] WEREWOLF
5,talk,30,3,15,Over
5,talk,31,3,8,Over
5,talk,32,3,14,Over
5,talk,33,3,7,Skip
5,talk,34,3,13,Over
5,talk,35,3,4,Over
5,talk,36,4,4,Over
5,talk,37,4,8,Over
5,talk,38,4,9,VOTE Agent[14]
5,talk,39,4,2,Over
5,talk,40,4,13,Over
5,talk,41,4,1,Over
5,talk,42,4,15,Over
5,talk,43,4,14,Over
5,talk,44,4,7,Over
5,talk,45,5,9,ESTIMATE Agent[07] WEREWOLF
5,talk,46,5,4,Over
5,talk,47,5,2,Over
5,talk,48,5,1,Over
5,talk,49,5,13,Over
5,talk,50,5,15,Over
5,talk,51,5,8,Over
5,talk,52,5,14,Over
5,talk,53,5,7,Over
5,talk,54,6,14,Over
5,talk,55,6,1,Over
5,talk,56,6,8,Over
5,talk,57,6,7,Over
5,talk,58,6,4,Over
5,talk,59,6,13,Over
5,talk,60,6,9,ESTIMATE Agent[01] WEREWOLF
5,talk,61,6,15,Over
5,talk,62,6,2,Over
5,talk,63,7,8,Over
5,talk,64,7,2,Over
5,talk,65,7,14,Over
5,talk,66,7,15,Over
5,talk,67,7,1,Over
5,talk,68,7,9,ESTIMATE Agent[02] VILLAGER
5,talk,69,7,7,Over
5,talk,70,7,13,Over
5,talk,71,7,4,Over
5,talk,72,8,8,Over
5,talk,73,8,4,Over
5,talk,74,8,7,Over
5,talk,75,8,13,Over
5,talk,76,8,15,Over
5,talk,77,8,2,Over
5,talk,78,8,1,Over
5,talk,79,8,9,ESTIMATE Agent[07] WEREWOLF
5,talk,80,8,14,Over
5,talk,81,9,15,Over
5,talk,82,9,2,Over
5,talk,83,9,1,Over
5,talk,84,9,13,Over
5,talk,85,9,8,Over
5,talk,86,9,4,Over
5,talk,87,9,7,Over
5,talk,88,9,9,Skip
5,talk,89,9,14,Over
5,talk,90,10,9,ESTIMATE Agent[04] WEREWOLF
5,talk,91,10,8,Over
5,talk,92,10,4,Over
5,talk,93,10,14,Over
5,talk,94,10,15,Over
5,talk,95,10,7,Over
5,talk,96,10,1,Over
5,talk,97,10,13,Over
5,talk,98,10,2,Over
5,talk,99,11,7,Over
5,talk,100,11,1,Over
5,talk,101,11,13,Over
5,talk,102,11,9,VOTE Agent[04]
5,talk,103,11,4,Over
5,talk,104,11,14,Over
5,talk,105,11,2,Over
5,talk,106,11,15,Over
5,talk,107,11,8,Over
5,talk,108,12,1,Over
5,talk,109,12,2,Over
5,talk,110,12,13,Over
5,talk,111,12,15,Over
5,talk,112,12,9,Over
5,talk,113,12,8,Over
5,talk,114,12,4,Over
5,talk,115,12,7,Over
5,talk,116,12,14,Over
5,vote,1,14
5,vote,2,1
5,vote,4,14
5,vote,7,1
5,vote,8,2
5,vote,9,4
5,vote,13,9
5,vote,14,8
5,vote,15,7
5,vote,1,14
5,vote,2,1
5,vote,4,14
5,vote,7,1
5,vote,8,14
5,vote,9,7
5,vote,13,9
5,vote,14,8
5,vote,15,7
5,execute,14,BODYGUARD
5,whisper,0,0,9,ATTACK Agent[15]
5,whisper,1,0,7,ATTACK Agent[04]
5,whisper,2,1,7,REQUEST(ATTACK Agent[04])
5,whisper,3,1,9,Over
5,whisper,4,2,9,Over
5,whisper,5,2,7,Skip
5,whisper,6,3,7,Skip
5,whisper,7,3,9,Over
5,whisper,8,4,9,Over
5,whisper,9,4,7,Over
5,attackVote,7,4
5,attackVote,9,15
5,attackVote,7,4
5,attackVote,9,2
5,attack,4,true
6,status,1,VILLAGER,ALIVE,m_cre
6,status,2,VILLAGER,ALIVE,carlo
6,status,3,SEER,DEAD,AITKN
6,status,4,VILLAGER,DEAD,Dummy13_09
6,status,5,VILLAGER,DEAD,daisyo
6,status,6,WEREWOLF,DEAD,tori
6,status,7,WEREWOLF,ALIVE,Dummy13_11
6,status,8,VILLAGER,ALIVE,Dummy13_07
6,status,9,WEREWOLF,ALIVE,wasabi
6,status,10,MEDIUM,DEAD,TOT
6,status,11,POSSESSED,DEAD,Dummy13_08
6,status,12,VILLAGER,DEAD,Dummy13_10
6,status,13,VILLAGER,ALIVE,megumish
6,status,14,BODYGUARD,DEAD,cash
6,status,15,VILLAGER,ALIVE,JuN1Ro
6,talk,0,0,1,VOTE Agent[07]
6,talk,1,0,2,VOTE Agent[01]
6,talk,2,0,8,VOTE Agent[01]
6,talk,3,0,7,VOTE Agent[08]
6,talk,4,0,9,VOTE Agent[13]
6,talk,5,0,13,VOTE Agent[08]
6,talk,6,0,15,ESTIMATE Agent[11] SEER
6,talk,7,1,13,Skip
6,talk,8,1,7,REQUEST(VOTE Agent[08])
6,talk,9,1,15,Over
6,talk,10,1,1,Skip
6,talk,11,1,9,Skip
6,talk,12,1,8,Skip
6,talk,13,1,2,Skip
6,talk,14,2,1,Skip
6,talk,15,2,8,Skip
6,talk,16,2,2,Skip
6,talk,17,2,13,Skip
6,talk,18,2,9,VOTE Agent[07]
6,talk,19,2,15,Over
6,talk,20,2,7,Skip
6,talk,21,3,15,ESTIMATE Agent[13] WEREWOLF
6,talk,22,3,8,Over
6,talk,23,3,1,Over
6,talk,24,3,9,ESTIMATE Agent[01] WEREWOLF
6,talk,25,3,2,Over
6,talk,26,3,7,Skip
6,talk,27,3,13,Over
6,talk,28,4,7,Over
6,talk,29,4,2,Over
6,talk,30,4,8,Over
6,talk,31,4,15,Over
6,talk,32,4,9,ESTIMATE Agent[02] VILLAGER
6,talk,33,4,13,Over
6,talk,34,4,1,Over
6,talk,35,5,8,Over
6,talk,36,5,13,Over
6,talk,37,5,2,Over
6,talk,38,5,7,Over
6,talk,39,5,1,Over
6,talk,40,5,15,Over
6,talk,41,5,9,VOTE Agent[13]
6,talk,42,6,15,ESTIMATE Agent[13] WEREWOLF
6,talk,43,6,2,Over
6,talk,44,6,8,Over
6,talk,45,6,7,Over
6,talk,46,6,9,ESTIMATE Agent[01] WEREWOLF
6,talk,47,6,1,Over
6,talk,48,6,13,Over
6,talk,49,7,9,ESTIMATE Agent[07] WEREWOLF
6,talk,50,7,15,ESTIMATE Agent[13] WEREWOLF
6,talk,51,7,2,Over
6,talk,52,7,13,Over
6,talk,53,7,7,Over
6,talk,54,7,1,Over
6,talk,55,7,8,Over
6,talk,56,8,1,Over
6,talk,57,8,15,Over
6,talk,58,8,8,Over
6,talk,59,8,9,VOTE Agent[07]
6,talk,60,8,7,Over
6,talk,61,8,2,Over
6,talk,62,8,13,Over
6,talk,63,9,15,Over
6,talk,64,9,9,VOTE Agent[01]
6,talk,65,9,7,Over
6,talk,66,9,2,Over
6,talk,67,9,8,Over
6,talk,68,9,1,Over
6,talk,69,9,13,Over
6,talk,70,10,1,Over
6,talk,71,10,9,VOTE Agent[13]
6,talk,72,10,8,Over
6,talk,73,10,13,Over
6,talk,74,10,15,ESTIMATE Agent[13] WEREWOLF
6,talk,75,10,2,Over
6,talk,76,10,7,Over
6,talk,77,11,9,Over
6,talk,78,11,13,Over
6,talk,79,11,8,Over
6,talk,80,11,7,Over
6,talk,81,11,1,Over
6,talk,82,11,2,Over
6,talk,83,11,15,Over
6,vote,1,7
6,vote,2,1
6,vote,7,8
6,vote,8,1
6,vote,9,13
6,vote,13,8
6,vote,15,13
6,vote,1,13
6,vote,2,1
6,vote,7,8
6,vote,8,1
6,vote,9,7
6,vote,13,8
6,vote,15,13
6,execute,8,VILLAGER
6,whisper,0,0,7,ATTACK Agent[15]
6,whisper,1,0,9,ATTACK Agent[15]
6,whisper,2,1,7,REQUEST(ATTACK Agent[15])
6,whisper,3,1,9,Over
6,whisper,4,2,7,Skip
6,whisper,5,2,9,Over
6,whisper,6,3,9,Over
6,whisper,7,3,7,Skip
6,whisper,8,4,9,Over
6,whisper,9,4,7,Over
6,attackVote,7,15
6,attackVote,9,15
6,attack,15,true
7,status,1,VILLAGER,ALIVE,m_cre
7,status,2,VILLAGER,ALIVE,carlo
7,status,3,SEER,DEAD,AITKN
7,status,4,VILLAGER,DEAD,Dummy13_09
7,status,5,VILLAGER,DEAD,daisyo
7,status,6,WEREWOLF,DEAD,tori
7,status,7,WEREWOLF,ALIVE,Dummy13_11
7,status,8,VILLAGER,DEAD,Dummy13_07
7,status,9,WEREWOLF,ALIVE,wasabi
7,status,10,MEDIUM,DEAD,TOT
7,status,11,POSSESSED,DEAD,Dummy13_08
7,status,12,VILLAGER,DEAD,Dummy13_10
7,status,13,VILLAGER,ALIVE,megumish
7,status,14,BODYGUARD,DEAD,cash
7,status,15,VILLAGER,DEAD,JuN1Ro
7,talk,0,0,1,VOTE Agent[07]
7,talk,1,0,13,VOTE Agent[02]
7,talk,2,0,7,VOTE Agent[02]
7,talk,3,0,2,VOTE Agent[01]
7,talk,4,0,9,VOTE Agent[07]
7,talk,5,1,7,REQUEST(VOTE Agent[02])
7,talk,6,1,9,ESTIMATE Agent[01] WEREWOLF
7,talk,7,1,2,Skip
7,talk,8,1,13,Skip
7,talk,9,1,1,Skip
7,talk,10,2,1,Skip
7,talk,11,2,13,Skip
7,talk,12,2,7,Skip
7,talk,13,2,2,Skip
7,talk,14,2,9,VOTE Agent[13]
7,talk,15,3,13,Over
7,talk,16,3,2,Over
7,talk,17,3,9,VOTE Agent[07]
7,talk,18,3,1,Over
7,talk,19,3,7,Skip
7,talk,20,4,9,Skip
7,talk,21,4,1,Over
7,talk,22,4,13,Over
7,talk,23,4,7,Over
7,talk,24,4,2,Over
7,talk,25,5,7,Over
7,talk,26,5,2,Over
7,talk,27,5,1,Over
7,talk,28,5,9,VOTE Agent[01]
7,talk,29,5,13,Over
7,talk,30,6,1,Over
7,talk,31,6,2,Over
7,talk,32,6,13,Over
7,talk,33,6,7,Over
7,talk,34,6,9,VOTE Agent[07]
7,talk,35,7,7,Over
7,talk,36,7,2,Over
7,talk,37,7,1,Over
7,talk,38,7,13,Over
7,talk,39,7,9,ESTIMATE Agent[01] VILLAGER
7,talk,40,8,13,Over
7,talk,41,8,1,Over
7,talk,42,8,9,VOTE Agent[01]
7,talk,43,8,2,Over
7,talk,44,8,7,Over
7,talk,45,9,7,Over
7,talk,46,9,2,Over
7,talk,47,9,13,Over
7,talk,48,9,1,Over
7,talk,49,9,9,VOTE Agent[13]
7,talk,50,10,9,ESTIMATE Agent[01] WEREWOLF
7,talk,51,10,7,Over
7,talk,52,10,2,Over
7,talk,53,10,1,Over
7,talk,54,10,13,Over
7,talk,55,11,1,Over
7,talk,56,11,7,Over
7,talk,57,11,9,Over
7,talk,58,11,2,Over
7,talk,59,11,13,Over
7,vote,1,7
7,vote,2,1
7,vote,7,2
7,vote,9,13
7,vote,13,2
7,execute,2,VILLAGER
7,whisper,0,0,9,ATTACK Agent[01]
7,whisper,1,0,7,ATTACK Agent[13]
7,whisper,2,1,7,REQUEST(ATTACK Agent[13])
7,whisper,3,1,9,ATTACK Agent[13]
7,whisper,4,2,9,Over
7,whisper,5,2,7,Skip
7,whisper,6,3,9,ATTACK Agent[01]
7,whisper,7,3,7,Skip
7,whisper,8,4,7,Over
7,whisper,9,4,9,Over
7,attackVote,7,13
7,attackVote,9,1
7,attackVote,7,13
7,attackVote,9,13
7,attack,13,true
8,status,1,VILLAGER,ALIVE,m_cre
8,status,2,VILLAGER,DEAD,carlo
8,status,3,SEER,DEAD,AITKN
8,status,4,VILLAGER,DEAD,Dummy13_09
8,status,5,VILLAGER,DEAD,daisyo
8,status,6,WEREWOLF,DEAD,tori
8,status,7,WEREWOLF,ALIVE,Dummy13_11
8,status,8,VILLAGER,DEAD,Dummy13_07
8,status,9,WEREWOLF,ALIVE,wasabi
8,status,10,MEDIUM,DEAD,TOT
8,status,11,POSSESSED,DEAD,Dummy13_08
8,status,12,VILLAGER,DEAD,Dummy13_10
8,status,13,VILLAGER,DEAD,megumish
8,status,14,BODYGUARD,DEAD,cash
8,status,15,VILLAGER,DEAD,JuN1Ro
8,result,1,2,WEREWOLF
