0,status,1,VILLAGER,ALIVE,m_cre
0,status,2,WEREWOLF,ALIVE,carlo
0,status,3,VILLAGER,ALIVE,AITKN
0,status,4,WEREWOLF,ALIVE,Dummy13_09
0,status,5,VILLAGER,ALIVE,daisyo
0,status,6,VILLAGER,ALIVE,tori
0,status,7,SEER,ALIVE,Dummy13_11
0,status,8,VILLAGER,ALIVE,Dummy13_07
0,status,9,WEREWOLF,ALIVE,wasabi
0,status,10,VILLAGER,ALIVE,TOT
0,status,11,VILLAGER,ALIVE,Dummy13_08
0,status,12,VILLAGER,ALIVE,Dummy13_10
0,status,13,MEDIUM,ALIVE,megumish
0,status,14,POSSESSED,ALIVE,cash
0,status,15,BODYGUARD,ALIVE,JuN1Ro
0,whisper,0,0,4,COMINGOUT Agent[04] SEER
0,whisper,1,0,9,ATTACK Agent[13]
0,whisper,2,0,2,COMINGOUT Agent[02] VILLAGER
0,whisper,3,1,9,Over
0,whisper,4,1,4,Skip
0,whisper,5,1,2,ATTACK Agent[13]
0,whisper,6,2,4,Skip
0,whisper,7,2,2,Over
0,whisper,8,2,9,ATTACK Agent[06]
0,whisper,9,3,2,ATTACK Agent[06]
0,whisper,10,3,4,Over
0,whisper,11,3,9,Over
0,whisper,12,4,2,Over
0,whisper,13,4,4,Over
0,whisper,14,4,9,Over
0,divine,7,8,HUMAN
1,status,1,VILLAGER,ALIVE,m_cre
1,status,2,WEREWOLF,ALIVE,carlo
1,status,3,VILLAGER,ALIVE,AITKN
1,status,4,WEREWOLF,ALIVE,Dummy13_09
1,status,5,VILLAGER,ALIVE,daisyo
1,status,6,VILLAGER,ALIVE,tori
1,status,7,SEER,ALIVE,Dummy13_11
1,status,8,VILLAGER,ALIVE,Dummy13_07
1,status,9,WEREWOLF,ALIVE,wasabi
1,status,10,VILLAGER,ALIVE,TOT
1,status,11,VILLAGER,ALIVE,Dummy13_08
1,status,12,VILLAGER,ALIVE,Dummy13_10
1,status,13,MEDIUM,ALIVE,megumish
1,status,14,POSSESSED,ALIVE,cash
1,status,15,BODYGUARD,ALIVE,JuN1Ro
1,talk,0,0,10,VOTE Agent[15]
1,talk,1,0,9,VOTE Agent[10]
1,talk,2,0,2,VOTE Agent[01]
1,talk,3,0,7,COMINGOUT Agent[07] SEER
1,talk,4,0,1,VOTE Agent[02]
1,talk,5,0,6,VOTE Agent[01]
1,talk,6,0,5,REQUEST(COMINGOUT Agent[05] SEER)
1,talk,7,0,13,COMINGOUT Agent[13] MEDIUM
1,talk,8,0,3,REQUEST(COMINGOUT Agent[03] SEER)
1,talk,9,0,12,VOTE Agent[10]
1,talk,10,0,14,COMINGOUT Agent[14] SEER
1,talk,11,0,11,VOTE Agent[12]
1,talk,12,0,15,VOTE Agent[13]
1,talk,13,0,8,VOTE Agent[12]
1,talk,14,0,4,VOTE Agent[12]
1,talk,15,1,12,Skip
1,talk,16,1,8,Skip
1,talk,17,1,7,DIVINED Agent[08] HUMAN
1,talk,18,1,4,REQUEST(VOTE Agent[12])
1,talk,19,1,15,VOTE Agent[07]
1,talk,20,1,14,DIVINED Agent[01] HUMAN
1,talk,21,1,3,REQUEST(COMINGOUT Agent[03] MEDIUM)
1,talk,22,1,5,VOTE Agent[12]
1,talk,23,1,13,VOTE Agent[03]
1,talk,24,1,9,Skip
1,talk,25,1,10,REQUEST(VOTE Agent[15])
1,talk,26,1,6,Skip
1,talk,27,1,2,Skip
1,talk,28,1,1,VOTE Agent[07]
1,talk,29,1,11,Skip
1,talk,30,2,1,Skip
1,talk,31,2,6,ESTIMATE Agent[14] SEER
1,talk,32,2,7,ESTIMATE Agent[14] WEREWOLF
1,talk,33,2,8,ESTIMATE Agent[14] SEER
1,talk,34,2,15,VOTE Agent[14]
1,talk,35,2,4,COMINGOUT Agent[04] SEER
1,talk,36,2,14,Over
1,talk,37,2,11,ESTIMATE Agent[07] SEER
1,talk,38,2,9,VOTE Agent[15]
1,talk,39,2,3,AGREE TALK day1 ID:2
1,talk,40,2,5,AGREE TALK day1 ID:20
1,talk,41,2,10,Skip
1,talk,42,2,13,Skip
1,talk,43,2,12,ESTIMATE Agent[07] SEER
1,talk,44,2,2,Skip
1,talk,45,3,14,Over
1,talk,46,3,7,VOTE Agent[14]
1,talk,47,3,4,VOTE Agent[07]
1,talk,48,3,3,AGREE TALK day1 ID:5
1,talk,49,3,5,AGREE TALK day1 ID:44
1,talk,50,3,12,Skip
1,talk,51,3,10,Skip
1,talk,52,3,13,Skip
1,talk,53,3,9,ESTIMATE Agent[14] WEREWOLF
1,talk,54,3,8,Skip
1,talk,55,3,11,Skip
1,talk,56,3,15,VOTE Agent[04]
1,talk,57,3,6,Skip
1,talk,58,3,1,VOTE Agent[04]
1,talk,59,3,2,Over
1,talk,60,4,2,Over
1,talk,61,4,10,Over
1,talk,62,4,8,Skip
1,talk,63,4,13,Over
1,talk,64,4,1,Skip
1,talk,65,4,11,Skip
1,talk,66,4,15,Over
1,talk,67,4,9,Skip
1,talk,68,4,14,Over
1,talk,69,4,5,AGREE TALK day1 ID:30
1,talk,70,4,3,AGREE TALK day1 ID:37
1,talk,71,4,12,Skip
1,talk,72,4,4,REQUEST(VOTE Agent[07])
1,talk,73,4,7,Skip
1,talk,74,4,6,Skip
1,talk,75,5,12,Over
1,talk,76,5,11,Over
1,talk,77,5,1,Skip
1,talk,78,5,3,AGREE TALK day1 ID:43
1,talk,79,5,7,Skip
1,talk,80,5,9,VOTE Agent[12]
1,talk,81,5,13,Over
1,talk,82,5,5,AGREE TALK day1 ID:57
1,talk,83,5,2,Over
1,talk,84,5,15,Over
1,talk,85,5,6,Over
1,talk,86,5,4,Skip
1,talk,87,5,10,Over
1,talk,88,5,8,Over
1,talk,89,5,14,Over
1,talk,90,6,4,Skip
1,talk,91,6,6,Over
1,talk,92,6,14,Over
1,talk,93,6,8,Over
1,talk,94,6,12,Over
1,talk,95,6,2,Over
1,talk,96,6,1,Over
1,talk,97,6,11,Over
1,talk,98,6,15,Over
1,talk,99,6,9,Skip
1,talk,100,6,10,Over
1,talk,101,6,3,Skip
1,talk,102,6,13,Over
1,talk,103,6,5,AGREE TALK day1 ID:65
1,talk,104,6,7,Over
1,talk,105,7,11,Over
1,talk,106,7,2,Over
1,talk,107,7,14,Over
1,talk,108,7,12,Over
1,talk,109,7,4,Over
1,talk,110,7,1,Over
1,talk,111,7,6,Over
1,talk,112,7,3,REQUEST(DIVINATION Agent[01])
1,talk,113,7,9,Over
1,talk,114,7,10,Over
1,talk,115,7,8,Over
1,talk,116,7,13,Over
1,talk,117,7,7,Over
1,talk,118,7,15,ESTIMATE Agent[04] WEREWOLF
1,talk,119,7,5,AGREE TALK day1 ID:29
1,talk,120,8,8,Over
1,talk,121,8,3,Skip
1,talk,122,8,9,Over
1,talk,123,8,4,Over
1,talk,124,8,1,Over
1,talk,125,8,15,Over
1,talk,126,8,2,Over
1,talk,127,8,14,Over
1,talk,128,8,5,AGREE TALK day1 ID:64
1,talk,129,8,6,Over
1,talk,130,8,13,Over
1,talk,131,8,7,Over
1,talk,132,8,12,Over
1,talk,133,8,10,Over
1,talk,134,8,11,Over
1,talk,135,9,12,Over
1,talk,136,9,4,Over
1,talk,137,9,8,Over
1,talk,138,9,5,AGREE TALK day1 ID:101
1,talk,139,9,6,Over
1,talk,140,9,9,Over
1,talk,141,9,7,Over
1,talk,142,9,1,Over
1,talk,143,9,3,VOTE Agent[05]
1,talk,144,9,15,ESTIMATE Agent[04] WEREWOLF
1,talk,145,9,2,Over
1,talk,146,9,10,Over
1,talk,147,9,13,Over
1,talk,148,9,11,Over
1,talk,149,9,14,Over
1,talk,150,10,11,Over
1,talk,151,10,14,Over
1,talk,152,10,1,Over
1,talk,153,10,5,Over
1,talk,154,10,12,Over
1,talk,155,10,8,Over
1,talk,156,10,2,Over
1,talk,157,10,9,Over
1,talk,158,10,15,Over
1,talk,159,10,13,Over
1,talk,160,10,6,Over
1,talk,161,10,10,Over
1,talk,162,10,7,Over
1,talk,163,10,4,Over
1,talk,164,10,3,AGREE TALK day1 ID:118
1,talk,165,11,6,Over
1,talk,166,11,8,Over
1,talk,167,11,15,ESTIMATE Agent[04] WEREWOLF
1,talk,168,11,5,Over
1,talk,169,11,14,Over
1,talk,170,11,9,VOTE Agent[03]
1,talk,171,11,2,Over
1,talk,172,11,13,Over
1,talk,173,11,1,Over
1,talk,174,11,7,Over
1,talk,175,11,11,Over
1,talk,176,11,3,AGREE TALK day1 ID:144
1,talk,177,11,12,Over
1,talk,178,11,10,Over
1,talk,179,11,4,Over
1,talk,180,12,7,Over
1,talk,181,12,15,Over
1,talk,182,12,5,Over
1,talk,183,12,9,Over
1,talk,184,12,1,Over
1,talk,185,12,10,Over
1,talk,186,12,3,Over
1,talk,187,12,6,Over
1,talk,188,12,11,Over
1,talk,189,12,8,Over
1,talk,190,12,4,Over
1,talk,191,12,12,Over
1,talk,192,12,14,Over
1,talk,193,12,2,Over
1,talk,194,12,13,Over
1,vote,1,4
1,vote,2,12
1,vote,3,5
1,vote,4,7
1,vote,5,12
1,vote,6,1
1,vote,7,14
1,vote,8,12
1,vote,9,3
1,vote,10,15
1,vote,11,12
1,vote,12,10
1,vote,13,3
1,vote,14,11
1,vote,15,4
1,execute,12,VILLAGER
1,divine,7,4,WEREWOLF
1,whisper,0,0,2,ATTACK Agent[15]
1,whisper,1,0,4,ATTACK Agent[07]
1,whisper,2,0,9,Over
1,whisper,3,1,9,Over
1,whisper,4,1,2,ATTACK Agent[07]
1,whisper,5,1,4,REQUEST(ATTACK Agent[07])
1,whisper,6,2,2,Over
1,whisper,7,2,9,ATTACK Agent[01]
1,whisper,8,2,4,Skip
1,whisper,9,3,4,Skip
1,whisper,10,3,9,Over
1,whisper,11,3,2,ATTACK Agent[01]
1,whisper,12,4,4,Over
1,whisper,13,4,2,Over
1,whisper,14,4,9,ATTACK Agent[13]
1,whisper,15,5,2,ATTACK Agent[07]
1,whisper,16,5,9,Over
1,whisper,17,5,4,Over
1,whisper,18,6,9,ATTACK Agent[01]
1,whisper,19,6,4,Over
1,whisper,20,6,2,Over
1,whisper,21,7,9,Over
1,whisper,22,7,4,Over
1,whisper,23,7,2,ATTACK Agent[01]
1,whisper,24,8,2,Over
1,whisper,25,8,4,Over
1,whisper,26,8,9,Over
1,guard,15,7,SEER
1,attackVote,2,1
1,attackVote,4,7
1,attackVote,9,1
1,attack,1,true
2,status,1,VILLAGER,DEAD,m_cre
2,status,2,WEREWOLF,ALIVE,carlo
2,status,3,VILLAGER,ALIVE,AITKN
2,status,4,WEREWOLF,ALIVE,Dummy13_09
2,status,5,VILLAGER,ALIVE,daisyo
2,status,6,VILLAGER,ALIVE,tori
2,status,7,SEER,ALIVE,Dummy13_11
2,status,8,VILLAGER,ALIVE,Dummy13_07
2,status,9,WEREWOLF,ALIVE,wasabi
2,status,10,VILLAGER,ALIVE,TOT
2,status,11,VILLAGER,ALIVE,Dummy13_08
2,status,12,VILLAGER,DEAD,Dummy13_10
2,status,13,MEDIUM,ALIVE,megumish
2,status,14,POSSESSED,ALIVE,cash
2,status,15,BODYGUARD,ALIVE,JuN1Ro
2,talk,0,0,9,Skip
2,talk,1,0,10,VOTE Agent[02]
2,talk,2,0,6,VOTE Agent[07]
2,talk,3,0,3,Skip
2,talk,4,0,2,VOTE Agent[03]
2,talk,5,0,5,Skip
2,talk,6,0,13,IDENTIFIED Agent[12] HUMAN
2,talk,7,0,15,VOTE Agent[04]
2,talk,8,0,11,VOTE Agent[09]
2,talk,9,0,14,DIVINED Agent[11] HUMAN
2,talk,10,0,7,DIVINED Agent[04] WEREWOLF
2,talk,11,0,4,VOTE Agent[14]
2,talk,12,0,8,VOTE Agent[05]
2,talk,13,1,5,VOTE Agent[02]
2,talk,14,1,3,Skip
2,talk,15,1,6,AGREE TALK day1 ID:118
2,talk,16,1,15,VOTE Agent[13]
2,talk,17,1,4,REQUEST(VOTE Agent[14])
2,talk,18,1,11,AGREE TALK day1 ID:118
2,talk,19,1,8,AGREE TALK day1 ID:118
2,talk,20,1,10,REQUEST(VOTE Agent[02])
2,talk,21,1,2,COMINGOUT Agent[02] SEER
2,talk,22,1,13,VOTE Agent[05]
2,talk,23,1,14,Over
2,talk,24,1,7,REQUEST(VOTE Agent[04])
2,talk,25,1,9,Skip
2,talk,26,2,4,Skip
2,talk,27,2,9,Over
2,talk,28,2,10,Skip
2,talk,29,2,5,AGREE TALK day2 ID:0
2,talk,30,2,13,Skip
2,talk,31,2,8,AGREE TALK day1 ID:144
2,talk,32,2,2,DIVINED Agent[07] HUMAN
2,talk,33,2,11,AGREE TALK day1 ID:144
2,talk,34,2,14,Over
2,talk,35,2,6,AGREE TALK day1 ID:144
2,talk,36,2,15,Over
2,talk,37,2,7,VOTE Agent[04]
2,talk,38,2,3,ESTIMATE Agent[07] WEREWOLF
2,talk,39,3,15,Over
2,talk,40,3,14,Over
2,talk,41,3,8,AGREE TALK day1 ID:167
2,talk,42,3,10,Skip
2,talk,43,3,7,Skip
2,talk,44,3,4,Skip
2,talk,45,3,11,AGREE TALK day1 ID:167
2,talk,46,3,6,AGREE TALK day1 ID:167
2,talk,47,3,2,DIVINED Agent[04] HUMAN
2,talk,48,3,3,AGREE TALK day2 ID:16
2,talk,49,3,5,AGREE TALK day2 ID:28
2,talk,50,3,9,Over
2,talk,51,3,13,Skip
2,talk,52,4,6,ESTIMATE Agent[04] WEREWOLF
2,talk,53,4,10,Over
2,talk,54,4,4,Over
2,talk,55,4,11,ESTIMATE Agent[04] WEREWOLF
2,talk,56,4,15,Over
2,talk,57,4,14,Over
2,talk,58,4,13,Over
2,talk,59,4,3,VOTE Agent[07]
2,talk,60,4,9,Over
2,talk,61,4,2,VOTE Agent[04]
2,talk,62,4,5,AGREE TALK day2 ID:3
2,talk,63,4,7,Skip
2,talk,64,4,8,ESTIMATE Agent[04] WEREWOLF
2,talk,65,5,5,AGREE TALK day2 ID:25
2,talk,66,5,3,REQUEST(DIVINATION Agent[13])
2,talk,67,5,14,Over
2,talk,68,5,4,Over
2,talk,69,5,13,Over
2,talk,70,5,2,Skip
2,talk,71,5,10,Over
2,talk,72,5,8,REQUEST(Agent[14] DIVINATION Agent[04])
2,talk,73,5,11,REQUEST(Agent[07] DIVINATION Agent[04])
2,talk,74,5,6,REQUEST(Agent[14] DIVINATION Agent[04])
2,talk,75,5,9,Over
2,talk,76,5,7,Over
2,talk,77,5,15,ESTIMATE Agent[04] WEREWOLF
2,talk,78,6,13,Over
2,talk,79,6,11,VOTE Agent[04]
2,talk,80,6,2,Skip
2,talk,81,6,7,Over
2,talk,82,6,6,VOTE Agent[04]
2,talk,83,6,5,AGREE TALK day2 ID:30
2,talk,84,6,14,Over
2,talk,85,6,3,AGREE TALK day2 ID:52
2,talk,86,6,8,VOTE Agent[04]
2,talk,87,6,9,Over
2,talk,88,6,4,Over
2,talk,89,6,10,Over
2,talk,90,6,15,Over
2,talk,91,7,10,Over
2,talk,92,7,9,Over
2,talk,93,7,14,Over
2,talk,94,7,4,Over
2,talk,95,7,2,Over
2,talk,96,7,5,AGREE TALK day2 ID:26
2,talk,97,7,7,Over
2,talk,98,7,15,Over
2,talk,99,7,6,Skip
2,talk,100,7,8,Skip
2,talk,101,7,11,Skip
2,talk,102,7,13,Over
2,talk,103,7,3,AGREE TALK day2 ID:55
2,talk,104,8,4,Over
2,talk,105,8,8,Skip
2,talk,106,8,5,AGREE TALK day2 ID:43
2,talk,107,8,10,Over
2,talk,108,8,7,Over
2,talk,109,8,9,Over
2,talk,110,8,15,Over
2,talk,111,8,11,Skip
2,talk,112,8,3,AGREE TALK day2 ID:64
2,talk,113,8,2,Over
2,talk,114,8,6,Skip
2,talk,115,8,13,Over
2,talk,116,8,14,Over
2,talk,117,9,9,Over
2,talk,118,9,2,Over
2,talk,119,9,7,Over
2,talk,120,9,13,Over
2,talk,121,9,14,Over
2,talk,122,9,6,Over
2,talk,123,9,10,Over
2,talk,124,9,8,Over
2,talk,125,9,15,ESTIMATE Agent[04] WEREWOLF
2,talk,126,9,5,AGREE TALK day2 ID:63
2,talk,127,9,11,Over
2,talk,128,9,4,Over
2,talk,129,9,3,AGREE TALK day2 ID:77
2,talk,130,10,15,ESTIMATE Agent[13] VILLAGER
2,talk,131,10,6,Over
2,talk,132,10,7,Over
2,talk,133,10,11,Over
2,talk,134,10,9,VOTE Agent[06]
2,talk,135,10,8,Over
2,talk,136,10,14,Over
2,talk,137,10,2,Over
2,talk,138,10,3,AGREE TALK day2 ID:125
2,talk,139,10,5,AGREE TALK day2 ID:101
2,talk,140,10,4,Over
2,talk,141,10,10,Over
2,talk,142,10,13,Over
2,talk,143,11,4,Over
2,talk,144,11,8,Over
2,talk,145,11,15,Over
2,talk,146,11,13,Over
2,talk,147,11,9,VOTE Agent[03]
2,talk,148,11,6,Over
2,talk,149,11,3,Skip
2,talk,150,11,2,Over
2,talk,151,11,5,Over
2,talk,152,11,14,Over
2,talk,153,11,10,Over
2,talk,154,11,11,Over
2,talk,155,11,7,Over
2,talk,156,12,5,Over
2,talk,157,12,7,Over
2,talk,158,12,9,Over
2,talk,159,12,10,Over
2,talk,160,12,8,Over
2,talk,161,12,13,Over
2,talk,162,12,2,Over
2,talk,163,12,14,Over
2,talk,164,12,15,Over
2,talk,165,12,11,Over
2,talk,166,12,6,Over
2,talk,167,12,3,Skip
2,talk,168,12,4,Over
2,talk,169,13,13,Over
2,talk,170,13,15,Over
2,talk,171,13,10,Over
2,talk,172,13,4,Over
2,talk,173,13,14,Over
2,talk,174,13,9,Over
2,talk,175,13,5,Over
2,talk,176,13,7,Over
2,talk,177,13,11,Over
2,talk,178,13,3,Over
2,talk,179,13,6,Over
2,talk,180,13,8,Over
2,talk,181,13,2,Over
2,vote,2,4
2,vote,3,7
2,vote,4,14
2,vote,5,2
2,vote,6,4
2,vote,7,4
2,vote,8,4
2,vote,9,3
2,vote,10,2
2,vote,11,4
2,vote,13,5
2,vote,14,6
2,vote,15,4
2,execute,4,WEREWOLF
2,divine,7,4,WEREWOLF
2,whisper,0,0,4,ATTACK Agent[07]
2,whisper,1,0,9,Over
2,whisper,2,0,2,COMINGOUT Agent[02] SEER
2,whisper,3,1,9,Over
2,whisper,4,1,2,ATTACK Agent[07]
2,whisper,5,1,4,REQUEST(ATTACK Agent[07])
2,whisper,6,2,4,Skip
2,whisper,7,2,2,Over
2,whisper,8,2,9,Over
2,whisper,9,3,4,Skip
2,whisper,10,3,2,Over
2,whisper,11,3,9,ATTACK Agent[13]
2,whisper,12,4,2,Over
2,whisper,13,4,4,Over
2,whisper,14,4,9,Over
2,guard,15,7,SEER
2,attackVote,2,7
2,attackVote,4,7
2,attackVote,9,13
2,attackVote,2,7
2,attackVote,4,7
2,attackVote,9,6
2,attack,7,false
3,status,1,VILLAGER,DEAD,m_cre
3,status,2,WEREWOLF,ALIVE,carlo
3,status,3,VILLAGER,ALIVE,AITKN
3,status,4,WEREWOLF,DEAD,Dummy13_09
3,status,5,VILLAGER,ALIVE,daisyo
3,status,6,VILLAGER,ALIVE,tori
3,status,7,SEER,ALIVE,Dummy13_11
3,status,8,VILLAGER,ALIVE,Dummy13_07
3,status,9,WEREWOLF,ALIVE,wasabi
3,status,10,VILLAGER,ALIVE,TOT
3,status,11,VILLAGER,ALIVE,Dummy13_08
3,status,12,VILLAGER,DEAD,Dummy13_10
3,status,13,MEDIUM,ALIVE,megumish
3,status,14,POSSESSED,ALIVE,cash
3,status,15,BODYGUARD,ALIVE,JuN1Ro
3,talk,0,0,13,IDENTIFIED Agent[04] WEREWOLF
3,talk,1,0,7,DIVINED Agent[04] WEREWOLF
3,talk,2,0,5,Skip
3,talk,3,0,11,VOTE Agent[02]
3,talk,4,0,6,VOTE Agent[13]
3,talk,5,0,3,Skip
3,talk,6,0,9,Skip
3,talk,7,0,15,VOTE Agent[13]
3,talk,8,0,2,DIVINED Agent[15] HUMAN
3,talk,9,0,14,DIVINED Agent[10] HUMAN
3,talk,10,0,10,VOTE Agent[09]
3,talk,11,0,8,VOTE Agent[03]
3,talk,12,1,15,Over
3,talk,13,1,14,Over
3,talk,14,1,13,ESTIMATE Agent[02] WEREWOLF
3,talk,15,1,6,Skip
3,talk,16,1,8,Skip
3,talk,17,1,9,Skip
3,talk,18,1,10,REQUEST(VOTE Agent[09])
3,talk,19,1,3,AGREE TALK day3 ID:4
3,talk,20,1,11,Skip
3,talk,21,1,5,VOTE Agent[13]
3,talk,22,1,2,VOTE Agent[07]
3,talk,23,1,7,DISAGREE TALK day1 ID:31
3,talk,24,2,6,Skip
3,talk,25,2,8,Skip
3,talk,26,2,2,Skip
3,talk,27,2,3,ESTIMATE Agent[07] WEREWOLF
3,talk,28,2,7,AGREE TALK day1 ID:32
3,talk,29,2,13,REQUEST(DIVINATION Agent[02])
3,talk,30,2,14,Over
3,talk,31,2,15,Over
3,talk,32,2,9,Over
3,talk,33,2,10,Skip
3,talk,34,2,5,AGREE TALK day3 ID:15
3,talk,35,2,11,Skip
3,talk,36,3,6,Over
3,talk,37,3,13,VOTE Agent[02]
3,talk,38,3,11,Over
3,talk,39,3,8,Over
3,talk,40,3,7,DISAGREE TALK day1 ID:33
3,talk,41,3,14,Over
3,talk,42,3,2,Skip
3,talk,43,3,3,AGREE TALK day3 ID:7
3,talk,44,3,10,Skip
3,talk,45,3,9,Over
3,talk,46,3,5,AGREE TALK day3 ID:24
3,talk,47,3,15,ESTIMATE Agent[13] VILLAGER
3,talk,48,4,3,VOTE Agent[04]
3,talk,49,4,2,Over
3,talk,50,4,15,Over
3,talk,51,4,8,Over
3,talk,52,4,6,Over
3,talk,53,4,9,Over
3,talk,54,4,7,AGREE TALK day1 ID:53
3,talk,55,4,5,AGREE TALK day3 ID:33
3,talk,56,4,10,Over
3,talk,57,4,13,Skip
3,talk,58,4,11,Over
3,talk,59,4,14,Over
3,talk,60,5,11,Over
3,talk,61,5,3,REQUEST(DIVINATION Agent[13])
3,talk,62,5,10,Over
3,talk,63,5,2,Over
3,talk,64,5,15,ESTIMATE Agent[02] WEREWOLF
3,talk,65,5,14,Over
3,talk,66,5,7,ESTIMATE Agent[14] WEREWOLF
3,talk,67,5,9,VOTE Agent[02]
3,talk,68,5,5,AGREE TALK day3 ID:47
3,talk,69,5,13,Skip
3,talk,70,5,8,Over
3,talk,71,5,6,Over
3,talk,72,6,3,AGREE TALK day3 ID:21
3,talk,73,6,11,Over
3,talk,74,6,5,AGREE TALK day3 ID:6
3,talk,75,6,2,Over
3,talk,76,6,13,Over
3,talk,77,6,9,Over
3,talk,78,6,15,ESTIMATE Agent[02] WEREWOLF
3,talk,79,6,14,Over
3,talk,80,6,7,VOTE Agent[14]
3,talk,81,6,10,Over
3,talk,82,6,6,Over
3,talk,83,6,8,Over
3,talk,84,7,2,Over
3,talk,85,7,11,Over
3,talk,86,7,9,VOTE Agent[06]
3,talk,87,7,6,Over
3,talk,88,7,14,Over
3,talk,89,7,5,AGREE TALK day3 ID:26
3,talk,90,7,10,Over
3,talk,91,7,3,Skip
3,talk,92,7,15,Over
3,talk,93,7,13,Over
3,talk,94,7,8,Over
3,talk,95,7,7,Skip
3,talk,96,8,2,Over
3,talk,97,8,13,Over
3,talk,98,8,3,Skip
3,talk,99,8,6,Over
3,talk,100,8,5,AGREE TALK day3 ID:44
3,talk,101,8,8,Over
3,talk,102,8,7,Skip
3,talk,103,8,10,Over
3,talk,104,8,11,Over
3,talk,105,8,9,Over
3,talk,106,8,14,Over
3,talk,107,8,15,ESTIMATE Agent[02] WEREWOLF
3,talk,108,9,3,Over
3,talk,109,9,13,Over
3,talk,110,9,10,Over
3,talk,111,9,5,AGREE TALK day3 ID:5
3,talk,112,9,2,Over
3,talk,113,9,7,Over
3,talk,114,9,11,Over
3,talk,115,9,6,Over
3,talk,116,9,15,ESTIMATE Agent[02] WEREWOLF
3,talk,117,9,8,Over
3,talk,118,9,14,Over
3,talk,119,9,9,Over
3,talk,120,10,2,Over
3,talk,121,10,10,Over
3,talk,122,10,3,Over
3,talk,123,10,9,Over
3,talk,124,10,5,AGREE TALK day3 ID:20
3,talk,125,10,14,Over
3,talk,126,10,15,Over
3,talk,127,10,8,Over
3,talk,128,10,11,Over
3,talk,129,10,7,Over
3,talk,130,10,13,Over
3,talk,131,10,6,Over
3,talk,132,11,8,Over
3,talk,133,11,13,Over
3,talk,134,11,14,Over
3,talk,135,11,3,Over
3,talk,136,11,15,Over
3,talk,137,11,5,Over
3,talk,138,11,9,VOTE Agent[02]
3,talk,139,11,6,Over
3,talk,140,11,10,Over
3,talk,141,11,2,Over
3,talk,142,11,11,Over
3,talk,143,11,7,Over
3,talk,144,12,7,Over
3,talk,145,12,9,Over
3,talk,146,12,8,Over
3,talk,147,12,2,Over
3,talk,148,12,11,Over
3,talk,149,12,6,Over
3,talk,150,12,5,Over
3,talk,151,12,10,Over
3,talk,152,12,13,Over
3,talk,153,12,15,Over
3,talk,154,12,14,Over
3,talk,155,12,3,Over
3,vote,2,13
3,vote,3,10
3,vote,5,13
3,vote,6,13
3,vote,7,14
3,vote,8,3
3,vote,9,2
3,vote,10,9
3,vote,11,2
3,vote,13,2
3,vote,14,5
3,vote,15,2
3,execute,2,WEREWOLF
3,divine,7,14,HUMAN
3,whisper,0,0,9,ATTACK Agent[11]
3,whisper,1,0,2,ATTACK Agent[15]
3,whisper,2,1,9,ATTACK Agent[03]
3,whisper,3,1,2,ATTACK Agent[11]
3,whisper,4,2,9,ATTACK Agent[11]
3,whisper,5,2,2,ATTACK Agent[03]
3,whisper,6,3,9,Over
3,whisper,7,3,2,ATTACK Agent[11]
3,whisper,8,4,9,Over
3,whisper,9,4,2,Over
3,guard,15,7,SEER
3,attackVote,2,11
3,attackVote,9,11
3,attack,11,true
4,status,1,VILLAGER,DEAD,m_cre
4,status,2,WEREWOLF,DEAD,carlo
4,status,3,VILLAGER,ALIVE,AITKN
4,status,4,WEREWOLF,DEAD,Dummy13_09
4,status,5,VILLAGER,ALIVE,daisyo
4,status,6,VILLAGER,ALIVE,tori
4,status,7,SEER,ALIVE,Dummy13_11
4,status,8,VILLAGER,ALIVE,Dummy13_07
4,status,9,WEREWOLF,ALIVE,wasabi
4,status,10,VILLAGER,ALIVE,TOT
4,status,11,VILLAGER,DEAD,Dummy13_08
4,status,12,VILLAGER,DEAD,Dummy13_10
4,status,13,MEDIUM,ALIVE,megumish
4,status,14,POSSESSED,ALIVE,cash
4,status,15,BODYGUARD,ALIVE,JuN1Ro
4,talk,0,0,7,DIVINED Agent[14] HUMAN
4,talk,1,0,14,DIVINED Agent[03] HUMAN
4,talk,2,0,13,IDENTIFIED Agent[02] WEREWOLF
4,talk,3,0,15,VOTE Agent[13]
4,talk,4,0,5,Skip
4,talk,5,0,9,VOTE Agent[03]
4,talk,6,0,6,VOTE Agent[09]
4,talk,7,0,3,Skip
4,talk,8,0,8,VOTE Agent[06]
4,talk,9,0,10,VOTE Agent[03]
4,talk,10,1,3,AGREE TALK day4 ID:3
4,talk,11,1,5,VOTE Agent[03]
4,talk,12,1,14,Over
4,talk,13,1,9,Skip
4,talk,14,1,15,ESTIMATE Agent[09] WEREWOLF
4,talk,15,1,7,VOTE Agent[15]
4,talk,16,1,8,Skip
4,talk,17,1,13,VOTE Agent[07]
4,talk,18,1,10,REQUEST(VOTE Agent[03])
4,talk,19,1,6,Skip
4,talk,20,2,3,ESTIMATE Agent[13] WEREWOLF
4,talk,21,2,15,Over
4,talk,22,2,9,Skip
4,talk,23,2,13,Skip
4,talk,24,2,8,Skip
4,talk,25,2,7,Skip
4,talk,26,2,6,Skip
4,talk,27,2,14,Over
4,talk,28,2,10,Skip
4,talk,29,2,5,AGREE TALK day4 ID:0
4,talk,30,3,8,Over
4,talk,31,3,14,Over
4,talk,32,3,10,Skip
4,talk,33,3,7,Skip
4,talk,34,3,6,Over
4,talk,35,3,13,Skip
4,talk,36,3,5,AGREE TALK day4 ID:7
4,talk,37,3,3,Skip
4,talk,38,3,9,Over
4,talk,39,3,15,ESTIMATE Agent[09] WEREWOLF
4,talk,40,4,9,Over
4,talk,41,4,6,Over
4,talk,42,4,13,Over
4,talk,43,4,10,Over
4,talk,44,4,8,Over
4,talk,45,4,5,AGREE TALK day4 ID:32
4,talk,46,4,14,Over
4,talk,47,4,15,Over
4,talk,48,4,7,Over
4,talk,49,4,3,VOTE Agent[04]
4,talk,50,5,3,REQUEST(DIVINATION Agent[13])
4,talk,51,5,7,Over
4,talk,52,5,5,AGREE TALK day4 ID:1
4,talk,53,5,13,Over
4,talk,54,5,10,Over
4,talk,55,5,14,Over
4,talk,56,5,8,Over
4,talk,57,5,6,Over
4,talk,58,5,9,Over
4,talk,59,5,15,Over
4,talk,60,6,9,Over
4,talk,61,6,14,Over
4,talk,62,6,3,Skip
4,talk,63,6,7,Over
4,talk,64,6,13,Over
4,talk,65,6,6,Over
4,talk,66,6,8,Over
4,talk,67,6,10,Over
4,talk,68,6,5,AGREE TALK day4 ID:24
4,talk,69,6,15,ESTIMATE Agent[09] WEREWOLF
4,talk,70,7,9,Over
4,talk,71,7,14,Over
4,talk,72,7,3,Skip
4,talk,73,7,7,Over
4,talk,74,7,6,Over
4,talk,75,7,8,Over
4,talk,76,7,10,Over
4,talk,77,7,5,AGREE TALK day4 ID:23
4,talk,78,7,13,Over
4,talk,79,7,15,Over
4,talk,80,8,10,Over
4,talk,81,8,8,Over
4,talk,82,8,9,VOTE Agent[05]
4,talk,83,8,15,ESTIMATE Agent[09] WEREWOLF
4,talk,84,8,14,Over
4,talk,85,8,13,Over
4,talk,86,8,6,Over
4,talk,87,8,3,Over
4,talk,88,8,5,AGREE TALK day4 ID:33
4,talk,89,8,7,Over
4,talk,90,9,15,Over
4,talk,91,9,5,AGREE TALK day4 ID:25
4,talk,92,9,6,Over
4,talk,93,9,7,Over
4,talk,94,9,14,Over
4,talk,95,9,9,Over
4,talk,96,9,3,Over
4,talk,97,9,8,Over
4,talk,98,9,10,Over
4,talk,99,9,13,Over
4,talk,100,10,8,Over
4,talk,101,10,10,Over
4,talk,102,10,14,Over
4,talk,103,10,7,Over
4,talk,104,10,13,Over
4,talk,105,10,6,Over
4,talk,106,10,3,Over
4,talk,107,10,9,Over
4,talk,108,10,5,AGREE TALK day4 ID:22
4,talk,109,10,15,Over
4,talk,110,11,15,ESTIMATE Agent[13] VILLAGER
4,talk,111,11,8,Over
4,talk,112,11,14,Over
4,talk,113,11,7,Over
4,talk,114,11,3,Over
4,talk,115,11,9,Over
4,talk,116,11,13,Over
4,talk,117,11,5,Over
4,talk,118,11,6,Over
4,talk,119,11,10,Over
4,talk,120,12,14,Over
4,talk,121,12,3,Over
4,talk,122,12,13,Over
4,talk,123,12,10,Over
4,talk,124,12,7,Over
4,talk,125,12,15,Over
4,talk,126,12,5,Over
4,talk,127,12,6,Over
4,talk,128,12,8,Over
4,talk,129,12,9,Over
4,vote,3,8
4,vote,5,3
4,vote,6,9
4,vote,7,15
4,vote,8,6
4,vote,9,5
4,vote,10,3
4,vote,13,7
4,vote,14,9
4,vote,15,9
4,execute,9,WEREWOLF
4,divine,7,5,HUMAN
4,guard,15,7,SEER
5,status,1,VILLAGER,DEAD,m_cre
5,status,2,WEREWOLF,DEAD,carlo
5,status,3,VILLAGER,ALIVE,AITKN
5,status,4,WEREWOLF,DEAD,Dummy13_09
5,status,5,VILLAGER,ALIVE,daisyo
5,status,6,VILLAGER,ALIVE,tori
5,status,7,SEER,ALIVE,Dummy13_11
5,status,8,VILLAGER,ALIVE,Dummy13_07
5,status,9,WEREWOLF,DEAD,wasabi
5,status,10,VILLAGER,ALIVE,TOT
5,status,11,VILLAGER,DEAD,Dummy13_08
5,status,12,VILLAGER,DEAD,Dummy13_10
5,status,13,MEDIUM,ALIVE,megumish
5,status,14,POSSESSED,ALIVE,cash
5,status,15,BODYGUARD,ALIVE,JuN1Ro
5,result,9,0,VILLAGER
