0,status,1,VILLAGER,ALIVE,m_cre
0,status,2,WEREWOLF,ALIVE,carlo
0,status,3,VILLAGER,ALIVE,AITKN
0,status,4,POSSESSED,ALIVE,Dummy13_09
0,status,5,VILLAGER,ALIVE,daisyo
0,status,6,SEER,ALIVE,tori
0,status,7,VILLAGER,ALIVE,Dummy13_11
0,status,8,WEREWOLF,ALIVE,Dummy13_07
0,status,9,BODYGUARD,ALIVE,wasabi
0,status,10,VILLAGER,ALIVE,TOT
0,status,11,MEDIUM,ALIVE,Dummy13_08
0,status,12,VILLAGER,ALIVE,Dummy13_10
0,status,13,VILLAGER,ALIVE,megumish
0,status,14,VILLAGER,ALIVE,cash
0,status,15,WEREWOLF,ALIVE,JuN1Ro
0,whisper,0,0,15,Over
0,whisper,1,0,8,COMINGOUT Agent[08] VILLAGER
0,whisper,2,0,2,COMINGOUT Agent[02] VILLAGER
0,whisper,3,1,15,Over
0,whisper,4,1,8,COMINGOUT Agent[08] MEDIUM
0,whisper,5,1,2,ATTACK Agent[14]
0,whisper,6,2,8,Skip
0,whisper,7,2,15,Over
0,whisper,8,2,2,Over
0,whisper,9,3,2,Over
0,whisper,10,3,8,Skip
0,whisper,11,3,15,Over
0,whisper,12,4,15,Over
0,whisper,13,4,2,Over
0,whisper,14,4,8,Over
0,divine,6,13,HUMAN
1,status,1,VILLAGER,ALIVE,m_cre
1,status,2,WEREWOLF,ALIVE,carlo
1,status,3,VILLAGER,ALIVE,AITKN
1,status,4,POSSESSED,ALIVE,Dummy13_09
1,status,5,VILLAGER,ALIVE,daisyo
1,status,6,SEER,ALIVE,tori
1,status,7,VILLAGER,ALIVE,Dummy13_11
1,status,8,WEREWOLF,ALIVE,Dummy13_07
1,status,9,BODYGUARD,ALIVE,wasabi
1,status,10,VILLAGER,ALIVE,TOT
1,status,11,MEDIUM,ALIVE,Dummy13_08
1,status,12,VILLAGER,ALIVE,Dummy13_10
1,status,13,VILLAGER,ALIVE,megumish
1,status,14,VILLAGER,ALIVE,cash
1,status,15,WEREWOLF,ALIVE,JuN1Ro
1,talk,0,0,7,VOTE Agent[05]
1,talk,1,0,5,Skip
1,talk,2,0,2,VOTE Agent[01]
1,talk,3,0,15,VOTE Agent[14]
1,talk,4,0,9,Skip
1,talk,5,0,14,DIVINED Agent[15] HUMAN
1,talk,6,0,13,VOTE Agent[08]
1,talk,7,0,12,VOTE Agent[14]
1,talk,8,0,11,COMINGOUT Agent[11] MEDIUM
1,talk,9,0,4,COMINGOUT Agent[04] SEER
1,talk,10,0,8,VOTE Agent[07]
1,talk,11,0,1,VOTE Agent[04]
1,talk,12,0,3,REQUEST(COMINGOUT Agent[03] SEER)
1,talk,13,0,6,VOTE Agent[04]
1,talk,14,0,10,VOTE Agent[15]
1,talk,15,1,4,DIVINED Agent[03] HUMAN
1,talk,16,1,14,Over
1,talk,17,1,1,VOTE Agent[13]
1,talk,18,1,7,ESTIMATE Agent[14] SEER
1,talk,19,1,13,Skip
1,talk,20,1,9,Skip
1,talk,21,1,15,Over
1,talk,22,1,12,ESTIMATE Agent[14] SEER
1,talk,23,1,5,VOTE Agent[04]
1,talk,24,1,6,COMINGOUT Agent[06] SEER
1,talk,25,1,11,VOTE Agent[03]
1,talk,26,1,2,Skip
1,talk,27,1,3,REQUEST(COMINGOUT Agent[03] MEDIUM)
1,talk,28,1,8,REQUEST(VOTE Agent[07])
1,talk,29,1,10,REQUEST(VOTE Agent[15])
1,talk,30,2,5,AGREE TALK day1 ID:22
1,talk,31,2,6,DIVINED Agent[13] HUMAN
1,talk,32,2,9,VOTE Agent[01]
1,talk,33,2,4,REQUEST(VOTE Agent[09])
1,talk,34,2,10,Skip
1,talk,35,2,3,AGREE TALK day1 ID:2
1,talk,36,2,13,Skip
1,talk,37,2,11,ESTIMATE Agent[14] SEER
1,talk,38,2,14,Over
1,talk,39,2,2,Skip
1,talk,40,2,8,COMINGOUT Agent[08] MEDIUM
1,talk,41,2,7,Skip
1,talk,42,2,12,Skip
1,talk,43,2,1,VOTE Agent[06]
1,talk,44,2,15,VOTE Agent[04]
1,talk,45,3,15,VOTE Agent[11]
1,talk,46,3,10,Skip
1,talk,47,3,9,Skip
1,talk,48,3,2,VOTE Agent[08]
1,talk,49,3,4,VOTE Agent[06]
1,talk,50,3,11,ESTIMATE Agent[08] WEREWOLF
1,talk,51,3,6,Skip
1,talk,52,3,13,Over
1,talk,53,3,5,AGREE TALK day1 ID:34
1,talk,54,3,3,AGREE TALK day1 ID:14
1,talk,55,3,8,VOTE Agent[11]
1,talk,56,3,1,VOTE Agent[11]
1,talk,57,3,7,Skip
1,talk,58,3,12,Skip
1,talk,59,3,14,Over
1,talk,60,4,6,Skip
1,talk,61,4,9,Over
1,talk,62,4,7,Over
1,talk,63,4,8,REQUEST(VOTE Agent[11])
1,talk,64,4,2,Skip
1,talk,65,4,13,Over
1,talk,66,4,5,AGREE TALK day1 ID:47
1,talk,67,4,15,Over
1,talk,68,4,1,Skip
1,talk,69,4,4,REQUEST(VOTE Agent[06])
1,talk,70,4,10,Over
1,talk,71,4,14,Over
1,talk,72,4,11,REQUEST(Agent[14] DIVINATION Agent[08])
1,talk,73,4,3,AGREE TALK day1 ID:29
1,talk,74,4,12,Over
1,talk,75,5,7,Over
1,talk,76,5,13,Over
1,talk,77,5,9,VOTE Agent[08]
1,talk,78,5,15,Over
1,talk,79,5,6,Over
1,talk,80,5,12,Over
1,talk,81,5,14,Over
1,talk,82,5,10,Over
1,talk,83,5,4,Skip
1,talk,84,5,2,Skip
1,talk,85,5,11,VOTE Agent[08]
1,talk,86,5,1,Skip
1,talk,87,5,5,AGREE TALK day1 ID:20
1,talk,88,5,3,AGREE TALK day1 ID:50
1,talk,89,5,8,Skip
1,talk,90,6,6,Over
1,talk,91,6,3,Skip
1,talk,92,6,9,Over
1,talk,93,6,12,Over
1,talk,94,6,2,Over
1,talk,95,6,1,Over
1,talk,96,6,5,AGREE TALK day1 ID:36
1,talk,97,6,8,Skip
1,talk,98,6,10,Over
1,talk,99,6,14,Over
1,talk,100,6,13,Over
1,talk,101,6,15,Over
1,talk,102,6,4,Skip
1,talk,103,6,7,Over
1,talk,104,6,11,Skip
1,talk,105,7,6,Over
1,talk,106,7,11,Skip
1,talk,107,7,1,Over
1,talk,108,7,15,ESTIMATE Agent[11] WEREWOLF
1,talk,109,7,14,Over
1,talk,110,7,3,REQUEST(DIVINATION Agent[15])
1,talk,111,7,13,Over
1,talk,112,7,9,ESTIMATE Agent[03] VILLAGER
1,talk,113,7,5,AGREE TALK day1 ID:18
1,talk,114,7,12,Over
1,talk,115,7,4,Over
1,talk,116,7,7,Over
1,talk,117,7,8,Over
1,talk,118,7,2,Over
1,talk,119,7,10,Over
1,talk,120,8,3,Skip
1,talk,121,8,15,Over
1,talk,122,8,4,Over
1,talk,123,8,1,Over
1,talk,124,8,10,Over
1,talk,125,8,5,AGREE TALK day1 ID:60
1,talk,126,8,13,Over
1,talk,127,8,11,Over
1,talk,128,8,7,Over
1,talk,129,8,14,Over
1,talk,130,8,9,Over
1,talk,131,8,6,Over
1,talk,132,8,12,Over
1,talk,133,8,2,Over
1,talk,134,8,8,Over
1,talk,135,9,10,Over
1,talk,136,9,3,VOTE Agent[02]
1,talk,137,9,14,Over
1,talk,138,9,2,Over
1,talk,139,9,7,Over
1,talk,140,9,13,Over
1,talk,141,9,8,Over
1,talk,142,9,11,Over
1,talk,143,9,12,Over
1,talk,144,9,1,Over
1,talk,145,9,9,Over
1,talk,146,9,4,Over
1,talk,147,9,15,Over
1,talk,148,9,6,Over
1,talk,149,9,5,AGREE TALK day1 ID:26
1,talk,150,10,1,Over
1,talk,151,10,12,Over
1,talk,152,10,13,Over
1,talk,153,10,9,Over
1,talk,154,10,3,AGREE TALK day1 ID:112
1,talk,155,10,8,Over
1,talk,156,10,11,Over
1,talk,157,10,10,Over
1,talk,158,10,6,Over
1,talk,159,10,14,Over
1,talk,160,10,5,AGREE TALK day1 ID:46
1,talk,161,10,2,Over
1,talk,162,10,7,Over
1,talk,163,10,4,Over
1,talk,164,10,15,Over
1,talk,165,11,13,Over
1,talk,166,11,7,Over
1,talk,167,11,6,Over
1,talk,168,11,2,Over
1,talk,169,11,14,Over
1,talk,170,11,1,Over
1,talk,171,11,12,Over
1,talk,172,11,9,VOTE Agent[11]
1,talk,173,11,15,Over
1,talk,174,11,4,Over
1,talk,175,11,5,Over
1,talk,176,11,10,Over
1,talk,177,11,8,Over
1,talk,178,11,11,Over
1,talk,179,11,3,Skip
1,talk,180,12,6,Over
1,talk,181,12,14,Over
1,talk,182,12,8,Over
1,talk,183,12,5,Over
1,talk,184,12,12,Over
1,talk,185,12,10,Over
1,talk,186,12,3,Skip
1,talk,187,12,1,Over
1,talk,188,12,15,Over
1,talk,189,12,4,Over
1,talk,190,12,11,Over
1,talk,191,12,7,Over
1,talk,192,12,9,Over
1,talk,193,12,13,Over
1,talk,194,12,2,Over
1,talk,195,13,1,Over
1,talk,196,13,5,Over
1,talk,197,13,7,Over
1,talk,198,13,15,ESTIMATE Agent[11] WEREWOLF
1,talk,199,13,12,Over
1,talk,200,13,8,Over
1,talk,201,13,6,Over
1,talk,202,13,2,Over
1,talk,203,13,13,Over
1,talk,204,13,3,Over
1,talk,205,13,4,Over
1,talk,206,13,9,VOTE Agent[08]
1,talk,207,13,10,Over
1,talk,208,13,11,Over
1,talk,209,13,14,Over
1,talk,210,14,4,Over
1,talk,211,14,15,Over
1,talk,212,14,2,Over
1,talk,213,14,12,Over
1,talk,214,14,8,Over
1,talk,215,14,13,Over
1,talk,216,14,7,Over
1,talk,217,14,10,Over
1,talk,218,14,1,Over
1,talk,219,14,9,ESTIMATE Agent[07] VILLAGER
1,talk,220,14,5,Over
1,talk,221,14,14,Over
1,talk,222,14,11,Over
1,talk,223,14,6,Over
1,talk,224,14,3,Over
1,talk,225,15,13,Over
1,talk,226,15,2,Over
1,talk,227,15,5,Over
1,talk,228,15,10,Over
1,talk,229,15,9,Over
1,talk,230,15,3,Over
1,talk,231,15,1,Over
1,talk,232,15,14,Over
1,talk,233,15,12,Over
1,talk,234,15,6,Over
1,talk,235,15,8,Over
1,talk,236,15,7,Over
1,talk,237,15,15,Over
1,talk,238,15,11,Over
1,talk,239,15,4,Over
1,vote,1,11
1,vote,2,8
1,vote,3,2
1,vote,4,6
1,vote,5,4
1,vote,6,4
1,vote,7,5
1,vote,8,11
1,vote,9,8
1,vote,10,15
1,vote,11,8
1,vote,12,14
1,vote,13,8
1,vote,14,10
1,vote,15,11
1,execute,8,WEREWOLF
1,divine,6,4,HUMAN
1,whisper,0,0,15,REQUEST(Agent[14] ATTACK Agent[14])
1,whisper,1,0,8,ESTIMATE Agent[14] POSSESSED
1,whisper,2,0,2,ATTACK Agent[04]
1,whisper,3,1,8,ATTACK Agent[04]
1,whisper,4,1,2,ESTIMATE Agent[04] SEER
1,whisper,5,1,15,Over
1,whisper,6,2,2,ESTIMATE Agent[11] MEDIUM
1,whisper,7,2,8,REQUEST(ATTACK Agent[04])
1,whisper,8,2,15,Over
1,whisper,9,3,8,Skip
1,whisper,10,3,15,Over
1,whisper,11,3,2,ESTIMATE Agent[14] POSSESSED
1,whisper,12,4,8,Skip
1,whisper,13,4,15,Over
1,whisper,14,4,2,Over
1,whisper,15,5,15,Over
1,whisper,16,5,2,Over
1,whisper,17,5,8,Over
1,guard,9,6,SEER
1,attackVote,2,4
1,attackVote,8,4
1,attackVote,15,14
1,attackVote,2,4
1,attackVote,8,4
1,attackVote,15,14
1,attack,14,true
2,status,1,VILLAGER,ALIVE,m_cre
2,status,2,WEREWOLF,ALIVE,carlo
2,status,3,VILLAGER,ALIVE,AITKN
2,status,4,POSSESSED,ALIVE,Dummy13_09
2,status,5,VILLAGER,ALIVE,daisyo
2,status,6,SEER,ALIVE,tori
2,status,7,VILLAGER,ALIVE,Dummy13_11
2,status,8,WEREWOLF,DEAD,Dummy13_07
2,status,9,BODYGUARD,ALIVE,wasabi
2,status,10,VILLAGER,ALIVE,TOT
2,status,11,MEDIUM,ALIVE,Dummy13_08
2,status,12,VILLAGER,ALIVE,Dummy13_10
2,status,13,VILLAGER,ALIVE,megumish
2,status,14,VILLAGER,DEAD,cash
2,status,15,WEREWOLF,ALIVE,JuN1Ro
2,talk,0,0,12,ESTIMATE Agent[04] SEER
2,talk,1,0,10,VOTE Agent[03]
2,talk,2,0,6,DIVINED Agent[04] HUMAN
2,talk,3,0,5,Skip
2,talk,4,0,11,IDENTIFIED Agent[08] WEREWOLF
2,talk,5,0,7,ESTIMATE Agent[06] SEER
2,talk,6,0,13,VOTE Agent[06]
2,talk,7,0,4,DIVINED Agent[13] WEREWOLF
2,talk,8,0,3,Skip
2,talk,9,0,2,VOTE Agent[11]
2,talk,10,0,9,Skip
2,talk,11,0,15,VOTE Agent[11]
2,talk,12,0,1,VOTE Agent[11]
2,talk,13,1,10,REQUEST(VOTE Agent[03])
2,talk,14,1,7,ESTIMATE Agent[13] WEREWOLF
2,talk,15,1,11,ESTIMATE Agent[04] SEER
2,talk,16,1,4,VOTE Agent[13]
2,talk,17,1,13,ESTIMATE Agent[04] WEREWOLF
2,talk,18,1,15,ESTIMATE Agent[15] VILLAGER
2,talk,19,1,6,VOTE Agent[12]
2,talk,20,1,12,ESTIMATE Agent[13] WEREWOLF
2,talk,21,1,2,Skip
2,talk,22,1,3,AGREE TALK day2 ID:0
2,talk,23,1,9,VOTE Agent[13]
2,talk,24,1,1,Skip
2,talk,25,1,5,VOTE Agent[11]
2,talk,26,2,11,ESTIMATE Agent[13] WEREWOLF
2,talk,27,2,4,REQUEST(VOTE Agent[13])
2,talk,28,2,13,REQUEST(DIVINATION Agent[04])
2,talk,29,2,12,REQUEST(Agent[04] DIVINATION Agent[13])
2,talk,30,2,5,AGREE TALK day2 ID:2
2,talk,31,2,2,Skip
2,talk,32,2,1,Skip
2,talk,33,2,3,ESTIMATE Agent[04] WEREWOLF
2,talk,34,2,7,REQUEST(Agent[06] DIVINATION Agent[13])
2,talk,35,2,9,Skip
2,talk,36,2,10,Skip
2,talk,37,2,15,Over
2,talk,38,2,6,Skip
2,talk,39,3,2,Over
2,talk,40,3,13,VOTE Agent[04]
2,talk,41,3,6,Skip
2,talk,42,3,9,ESTIMATE Agent[06] WEREWOLF
2,talk,43,3,11,REQUEST(Agent[04] DIVINATION Agent[13])
2,talk,44,3,10,Skip
2,talk,45,3,7,VOTE Agent[13]
2,talk,46,3,3,AGREE TALK day2 ID:15
2,talk,47,3,15,Over
2,talk,48,3,12,VOTE Agent[13]
2,talk,49,3,4,Skip
2,talk,50,3,1,Over
2,talk,51,3,5,AGREE TALK day2 ID:10
2,talk,52,4,13,Skip
2,talk,53,4,5,AGREE TALK day2 ID:21
2,talk,54,4,9,Skip
2,talk,55,4,7,Skip
2,talk,56,4,1,Over
2,talk,57,4,4,Skip
2,talk,58,4,2,Over
2,talk,59,4,15,Over
2,talk,60,4,6,Over
2,talk,61,4,12,Skip
2,talk,62,4,11,VOTE Agent[13]
2,talk,63,4,3,VOTE Agent[04]
2,talk,64,4,10,Over
2,talk,65,5,9,Over
2,talk,66,5,2,Over
2,talk,67,5,7,Skip
2,talk,68,5,10,Over
2,talk,69,5,11,Skip
2,talk,70,5,5,AGREE TALK day2 ID:35
2,talk,71,5,15,ESTIMATE Agent[11] WEREWOLF
2,talk,72,5,4,Over
2,talk,73,5,6,Over
2,talk,74,5,3,REQUEST(DIVINATION Agent[15])
2,talk,75,5,12,Skip
2,talk,76,5,1,Over
2,talk,77,5,13,Skip
2,talk,78,6,5,AGREE TALK day2 ID:0
2,talk,79,6,9,Over
2,talk,80,6,13,Over
2,talk,81,6,12,Over
2,talk,82,6,6,Over
2,talk,83,6,4,Over
2,talk,84,6,2,Over
2,talk,85,6,11,Skip
2,talk,86,6,7,Over
2,talk,87,6,10,Over
2,talk,88,6,1,Over
2,talk,89,6,3,DISAGREE TALK day2 ID:20
2,talk,90,6,15,ESTIMATE Agent[11] WEREWOLF
2,talk,91,7,13,Over
2,talk,92,7,3,DISAGREE TALK day2 ID:26
2,talk,93,7,2,Over
2,talk,94,7,4,Over
2,talk,95,7,5,AGREE TALK day2 ID:55
2,talk,96,7,7,Over
2,talk,97,7,15,Over
2,talk,98,7,6,Over
2,talk,99,7,11,Over
2,talk,100,7,10,Over
2,talk,101,7,9,Over
2,talk,102,7,1,Over
2,talk,103,7,12,Over
2,talk,104,8,3,Skip
2,talk,105,8,6,Over
2,talk,106,8,10,Over
2,talk,107,8,5,AGREE TALK day2 ID:85
2,talk,108,8,1,Over
2,talk,109,8,9,ESTIMATE Agent[06] WEREWOLF
2,talk,110,8,11,Over
2,talk,111,8,15,ESTIMATE Agent[15] VILLAGER
2,talk,112,8,12,Over
2,talk,113,8,13,Over
2,talk,114,8,2,Over
2,talk,115,8,4,Over
2,talk,116,8,7,Over
2,talk,117,9,10,Over
2,talk,118,9,3,Skip
2,talk,119,9,6,Over
2,talk,120,9,11,Over
2,talk,121,9,7,Over
2,talk,122,9,5,AGREE TALK day2 ID:18
2,talk,123,9,1,Over
2,talk,124,9,13,Over
2,talk,125,9,9,Over
2,talk,126,9,4,Over
2,talk,127,9,12,Over
2,talk,128,9,15,Over
2,talk,129,9,2,Over
2,talk,130,10,11,Over
2,talk,131,10,9,Over
2,talk,132,10,13,Over
2,talk,133,10,4,Over
2,talk,134,10,15,ESTIMATE Agent[11] WEREWOLF
2,talk,135,10,3,Over
2,talk,136,10,5,AGREE TALK day2 ID:77
2,talk,137,10,12,Over
2,talk,138,10,7,Over
2,talk,139,10,10,Over
2,talk,140,10,2,Over
2,talk,141,10,1,Over
2,talk,142,10,6,Over
2,talk,143,11,4,Over
2,talk,144,11,13,Over
2,talk,145,11,12,Over
2,talk,146,11,5,Over
2,talk,147,11,3,Over
2,talk,148,11,1,Over
2,talk,149,11,11,Over
2,talk,150,11,7,Over
2,talk,151,11,9,Over
2,talk,152,11,10,Over
2,talk,153,11,15,ESTIMATE Agent[15] VILLAGER
2,talk,154,11,6,Over
2,talk,155,11,2,Over
2,talk,156,12,13,Over
2,talk,157,12,5,Over
2,talk,158,12,6,Over
2,talk,159,12,7,Over
2,talk,160,12,15,Over
2,talk,161,12,12,Over
2,talk,162,12,11,Over
2,talk,163,12,10,Over
2,talk,164,12,9,ESTIMATE Agent[13] WEREWOLF
2,talk,165,12,3,Over
2,talk,166,12,4,Over
2,talk,167,12,2,Over
2,talk,168,12,1,Over
2,talk,169,13,10,Over
2,talk,170,13,2,Over
2,talk,171,13,11,Over
2,talk,172,13,6,Over
2,talk,173,13,15,Over
2,talk,174,13,5,Over
2,talk,175,13,4,Over
2,talk,176,13,1,Over
2,talk,177,13,13,Over
2,talk,178,13,9,ESTIMATE Agent[01] VILLAGER
2,talk,179,13,3,DISAGREE TALK day2 ID:164
2,talk,180,13,12,Over
2,talk,181,13,7,Over
2,talk,182,14,4,Over
2,talk,183,14,7,Over
2,talk,184,14,1,Over
2,talk,185,14,13,Over
2,talk,186,14,12,Over
2,talk,187,14,6,Over
2,talk,188,14,5,Over
2,talk,189,14,9,Over
2,talk,190,14,2,Over
2,talk,191,14,15,Over
2,talk,192,14,11,Over
2,talk,193,14,3,AGREE TALK day2 ID:178
2,talk,194,14,10,Over
2,talk,195,15,4,Over
2,talk,196,15,3,Skip
2,talk,197,15,13,Over
2,talk,198,15,11,Over
2,talk,199,15,5,Over
2,talk,200,15,10,Over
2,talk,201,15,12,Over
2,talk,202,15,2,Over
2,talk,203,15,15,ESTIMATE Agent[11] WEREWOLF
2,talk,204,15,9,Over
2,talk,205,15,6,Over
2,talk,206,15,7,Over
2,talk,207,15,1,Over
2,talk,208,16,13,Over
2,talk,209,16,6,Over
2,talk,210,16,1,Over
2,talk,211,16,7,Over
2,talk,212,16,3,Skip
2,talk,213,16,5,Over
2,talk,214,16,9,Over
2,talk,215,16,10,Over
2,talk,216,16,12,Over
2,talk,217,16,15,Over
2,talk,218,16,4,Over
2,talk,219,16,2,Over
2,talk,220,16,11,Over
2,talk,221,17,6,Over
2,talk,222,17,2,Over
2,talk,223,17,3,Over
2,talk,224,17,10,Over
2,talk,225,17,11,Over
2,talk,226,17,7,Over
2,talk,227,17,15,Over
2,talk,228,17,1,Over
2,talk,229,17,5,Over
2,talk,230,17,13,Over
2,talk,231,17,9,Over
2,talk,232,17,12,Over
2,talk,233,17,4,Over
2,vote,1,11
2,vote,2,13
2,vote,3,4
2,vote,4,13
2,vote,5,11
2,vote,6,12
2,vote,7,13
2,vote,9,13
2,vote,10,3
2,vote,11,13
2,vote,12,13
2,vote,13,4
2,vote,15,11
2,execute,13,VILLAGER
2,divine,6,15,WEREWOLF
2,whisper,0,0,2,ATTACK Agent[04]
2,whisper,1,0,15,ATTACK Agent[15]
2,whisper,2,1,15,REQUEST(Agent[15] ATTACK Agent[15])
2,whisper,3,1,2,Over
2,whisper,4,2,2,Over
2,whisper,5,2,15,Over
2,guard,9,4,POSSESSED
2,attackVote,2,4
2,attackVote,15,6
2,attackVote,2,4
2,attackVote,15,6
2,attack,4,false
3,status,1,VILLAGER,ALIVE,m_cre
3,status,2,WEREWOLF,ALIVE,carlo
3,status,3,VILLAGER,ALIVE,AITKN
3,status,4,POSSESSED,ALIVE,Dummy13_09
3,status,5,VILLAGER,ALIVE,daisyo
3,status,6,SEER,ALIVE,tori
3,status,7,VILLAGER,ALIVE,Dummy13_11
3,status,8,WEREWOLF,DEAD,Dummy13_07
3,status,9,BODYGUARD,ALIVE,wasabi
3,status,10,VILLAGER,ALIVE,TOT
3,status,11,MEDIUM,ALIVE,Dummy13_08
3,status,12,VILLAGER,ALIVE,Dummy13_10
3,status,13,VILLAGER,DEAD,megumish
3,status,14,VILLAGER,DEAD,cash
3,status,15,WEREWOLF,ALIVE,JuN1Ro
3,talk,0,0,3,Skip
3,talk,1,0,12,VOTE Agent[15]
3,talk,2,0,15,VOTE Agent[11]
3,talk,3,0,6,DIVINED Agent[15] WEREWOLF
3,talk,4,0,5,Skip
3,talk,5,0,11,IDENTIFIED Agent[13] HUMAN
3,talk,6,0,2,VOTE Agent[11]
3,talk,7,0,10,VOTE Agent[12]
3,talk,8,0,1,VOTE Agent[11]
3,talk,9,0,4,DIVINED Agent[02] HUMAN
3,talk,10,0,7,VOTE Agent[01]
3,talk,11,0,9,VOTE Agent[11]
3,talk,12,1,12,Skip
3,talk,13,1,1,Skip
3,talk,14,1,7,DISAGREE TALK day2 ID:18
3,talk,15,1,11,AGREE TALK day2 ID:5
3,talk,16,1,5,VOTE Agent[11]
3,talk,17,1,15,VOTE Agent[06]
3,talk,18,1,2,Skip
3,talk,19,1,4,VOTE Agent[06]
3,talk,20,1,10,REQUEST(VOTE Agent[12])
3,talk,21,1,6,REQUEST(VOTE Agent[15])
3,talk,22,1,9,Skip
3,talk,23,1,3,AGREE TALK day3 ID:6
3,talk,24,2,11,DISAGREE TALK day2 ID:42
3,talk,25,2,10,Skip
3,talk,26,2,5,AGREE TALK day3 ID:0
3,talk,27,2,3,ESTIMATE Agent[06] WEREWOLF
3,talk,28,2,12,Skip
3,talk,29,2,9,Skip
3,talk,30,2,1,Skip
3,talk,31,2,7,DISAGREE TALK day2 ID:111
3,talk,32,2,15,Over
3,talk,33,2,6,VOTE Agent[15]
3,talk,34,2,2,Skip
3,talk,35,2,4,REQUEST(VOTE Agent[06])
3,talk,36,3,1,Over
3,talk,37,3,4,Skip
3,talk,38,3,12,Over
3,talk,39,3,3,AGREE TALK day3 ID:8
3,talk,40,3,10,Skip
3,talk,41,3,9,Over
3,talk,42,3,7,DISAGREE TALK day2 ID:153
3,talk,43,3,2,Over
3,talk,44,3,15,Over
3,talk,45,3,5,AGREE TALK day3 ID:9
3,talk,46,3,11,DISAGREE TALK day2 ID:109
3,talk,47,3,6,Skip
3,talk,48,4,4,Skip
3,talk,49,4,7,ESTIMATE Agent[15] WEREWOLF
3,talk,50,4,9,Over
3,talk,51,4,10,Over
3,talk,52,4,6,Skip
3,talk,53,4,2,Over
3,talk,54,4,15,Over
3,talk,55,4,5,AGREE TALK day3 ID:37
3,talk,56,4,11,ESTIMATE Agent[06] SEER
3,talk,57,4,12,Over
3,talk,58,4,1,Over
3,talk,59,4,3,VOTE Agent[06]
3,talk,60,5,7,REQUEST(Agent[06] DIVINATION Agent[15])
3,talk,61,5,6,Over
3,talk,62,5,15,Over
3,talk,63,5,3,REQUEST(DIVINATION Agent[11])
3,talk,64,5,10,Over
3,talk,65,5,4,Over
3,talk,66,5,5,AGREE TALK day3 ID:25
3,talk,67,5,2,Over
3,talk,68,5,9,Over
3,talk,69,5,1,Over
3,talk,70,5,12,Over
3,talk,71,5,11,DISAGREE TALK day2 ID:0
3,talk,72,6,4,Over
3,talk,73,6,1,Over
3,talk,74,6,10,Over
3,talk,75,6,2,Over
3,talk,76,6,5,AGREE TALK day3 ID:30
3,talk,77,6,7,VOTE Agent[15]
3,talk,78,6,15,Over
3,talk,79,6,11,DISAGREE TALK day2 ID:15
3,talk,80,6,9,Over
3,talk,81,6,3,AGREE TALK day3 ID:11
3,talk,82,6,12,Over
3,talk,83,6,6,Over
3,talk,84,7,2,Over
3,talk,85,7,9,VOTE Agent[15]
3,talk,86,7,11,AGREE TALK day2 ID:17
3,talk,87,7,10,Over
3,talk,88,7,15,Over
3,talk,89,7,4,Over
3,talk,90,7,12,Over
3,talk,91,7,5,AGREE TALK day3 ID:22
3,talk,92,7,1,Over
3,talk,93,7,7,Skip
3,talk,94,7,6,Over
3,talk,95,7,3,AGREE TALK day3 ID:16
3,talk,96,8,2,Over
3,talk,97,8,7,Skip
3,talk,98,8,6,Over
3,talk,99,8,4,Over
3,talk,100,8,1,Over
3,talk,101,8,12,Over
3,talk,102,8,11,AGREE TALK day2 ID:33
3,talk,103,8,3,DISAGREE TALK day3 ID:49
3,talk,104,8,5,AGREE TALK day3 ID:52
3,talk,105,8,15,Over
3,talk,106,8,10,Over
3,talk,107,8,9,Over
3,talk,108,9,4,Over
3,talk,109,9,7,Over
3,talk,110,9,1,Over
3,talk,111,9,2,Over
3,talk,112,9,9,ESTIMATE Agent[11] WEREWOLF
3,talk,113,9,15,Over
3,talk,114,9,10,Over
3,talk,115,9,5,AGREE TALK day3 ID:93
3,talk,116,9,12,Over
3,talk,117,9,11,ESTIMATE Agent[04] WEREWOLF
3,talk,118,9,3,Skip
3,talk,119,9,6,Over
3,talk,120,10,6,Over
3,talk,121,10,1,Over
3,talk,122,10,5,AGREE TALK day3 ID:97
3,talk,123,10,11,Over
3,talk,124,10,9,ESTIMATE Agent[10] VILLAGER
3,talk,125,10,2,Over
3,talk,126,10,15,Over
3,talk,127,10,10,Over
3,talk,128,10,12,Over
3,talk,129,10,7,Over
3,talk,130,10,4,Over
3,talk,131,10,3,Skip
3,talk,132,11,1,Over
3,talk,133,11,2,Over
3,talk,134,11,10,Over
3,talk,135,11,3,AGREE TALK day3 ID:124
3,talk,136,11,15,Over
3,talk,137,11,4,Over
3,talk,138,11,7,Over
3,talk,139,11,11,Over
3,talk,140,11,5,Over
3,talk,141,11,12,Over
3,talk,142,11,6,Over
3,talk,143,11,9,Over
3,talk,144,12,1,Over
3,talk,145,12,2,Over
3,talk,146,12,3,Skip
3,talk,147,12,12,Over
3,talk,148,12,9,ESTIMATE Agent[06] WEREWOLF
3,talk,149,12,5,Over
3,talk,150,12,6,Over
3,talk,151,12,4,Over
3,talk,152,12,15,Over
3,talk,153,12,7,Over
3,talk,154,12,11,Over
3,talk,155,12,10,Over
3,talk,156,13,9,ESTIMATE Agent[05] VILLAGER
3,talk,157,13,12,Over
3,talk,158,13,7,Over
3,talk,159,13,5,Over
3,talk,160,13,2,Over
3,talk,161,13,15,Over
3,talk,162,13,3,Skip
3,talk,163,13,1,Over
3,talk,164,13,4,Over
3,talk,165,13,10,Over
3,talk,166,13,6,Over
3,talk,167,13,11,Over
3,talk,168,14,5,Over
3,talk,169,14,10,Over
3,talk,170,14,9,ESTIMATE Agent[06] WEREWOLF
3,talk,171,14,2,Over
3,talk,172,14,7,Over
3,talk,173,14,3,AGREE TALK day3 ID:156
3,talk,174,14,1,Over
3,talk,175,14,11,Over
3,talk,176,14,4,Over
3,talk,177,14,6,Over
3,talk,178,14,15,Over
3,talk,179,14,12,Over
3,talk,180,15,15,Over
3,talk,181,15,3,Over
3,talk,182,15,9,VOTE Agent[11]
3,talk,183,15,5,Over
3,talk,184,15,10,Over
3,talk,185,15,6,Over
3,talk,186,15,4,Over
3,talk,187,15,12,Over
3,talk,188,15,2,Over
3,talk,189,15,7,Over
3,talk,190,15,11,Over
3,talk,191,15,1,Over
3,talk,192,16,4,Over
3,talk,193,16,12,Over
3,talk,194,16,15,Over
3,talk,195,16,1,Over
3,talk,196,16,6,Over
3,talk,197,16,3,Over
3,talk,198,16,11,Over
3,talk,199,16,9,Over
3,talk,200,16,5,Over
3,talk,201,16,10,Over
3,talk,202,16,2,Over
3,talk,203,16,7,Over
3,vote,1,11
3,vote,2,11
3,vote,3,6
3,vote,4,6
3,vote,5,11
3,vote,6,15
3,vote,7,15
3,vote,9,11
3,vote,10,12
3,vote,11,4
3,vote,12,15
3,vote,15,6
3,execute,11,MEDIUM
3,divine,6,2,WEREWOLF
3,whisper,0,0,2,ATTACK Agent[04]
3,whisper,1,0,15,ATTACK Agent[15]
3,whisper,2,1,2,Over
3,whisper,3,1,15,REQUEST(Agent[15] ATTACK Agent[15])
3,whisper,4,2,2,Over
3,whisper,5,2,15,Over
3,guard,9,6,SEER
3,attackVote,2,4
3,attackVote,15,6
3,attackVote,2,4
3,attackVote,15,6
3,attack,4,true
4,status,1,VILLAGER,ALIVE,m_cre
4,status,2,WEREWOLF,ALIVE,carlo
4,status,3,VILLAGER,ALIVE,AITKN
4,status,4,POSSESSED,DEAD,Dummy13_09
4,status,5,VILLAGER,ALIVE,daisyo
4,status,6,SEER,ALIVE,tori
4,status,7,VILLAGER,ALIVE,Dummy13_11
4,status,8,WEREWOLF,DEAD,Dummy13_07
4,status,9,BODYGUARD,ALIVE,wasabi
4,status,10,VILLAGER,ALIVE,TOT
4,status,11,MEDIUM,DEAD,Dummy13_08
4,status,12,VILLAGER,ALIVE,Dummy13_10
4,status,13,VILLAGER,DEAD,megumish
4,status,14,VILLAGER,DEAD,cash
4,status,15,WEREWOLF,ALIVE,JuN1Ro
4,talk,0,0,5,Skip
4,talk,1,0,10,VOTE Agent[07]
4,talk,2,0,2,VOTE Agent[01]
4,talk,3,0,7,DISAGREE TALK day2 ID:18
4,talk,4,0,9,VOTE Agent[15]
4,talk,5,0,15,VOTE Agent[06]
4,talk,6,0,6,DIVINED Agent[02] WEREWOLF
4,talk,7,0,12,AGREE TALK day2 ID:5
4,talk,8,0,1,VOTE Agent[06]
4,talk,9,0,3,Skip
4,talk,10,1,10,REQUEST(VOTE Agent[07])
4,talk,11,1,3,Skip
4,talk,12,1,9,Skip
4,talk,13,1,7,DISAGREE TALK day2 ID:111
4,talk,14,1,6,REQUEST(VOTE Agent[02])
4,talk,15,1,1,Skip
4,talk,16,1,2,Skip
4,talk,17,1,15,Over
4,talk,18,1,5,VOTE Agent[06]
4,talk,19,1,12,DISAGREE TALK day2 ID:42
4,talk,20,2,5,AGREE TALK day4 ID:12
4,talk,21,2,10,Skip
4,talk,22,2,2,Skip
4,talk,23,2,7,DISAGREE TALK day2 ID:153
4,talk,24,2,9,Skip
4,talk,25,2,3,ESTIMATE Agent[06] WEREWOLF
4,talk,26,2,1,Skip
4,talk,27,2,6,VOTE Agent[02]
4,talk,28,2,15,ESTIMATE Agent[06] WEREWOLF
4,talk,29,2,12,DISAGREE TALK day2 ID:109
4,talk,30,3,1,Over
4,talk,31,3,2,Over
4,talk,32,3,3,AGREE TALK day4 ID:14
4,talk,33,3,10,Skip
4,talk,34,3,7,AGREE TALK day3 ID:49
4,talk,35,3,12,DISAGREE TALK day3 ID:27
4,talk,36,3,6,Skip
4,talk,37,3,15,ESTIMATE Agent[06] WEREWOLF
4,talk,38,3,5,AGREE TALK day4 ID:11
4,talk,39,3,9,ESTIMATE Agent[03] VILLAGER
4,talk,40,4,7,ESTIMATE Agent[15] WEREWOLF
4,talk,41,4,10,Over
4,talk,42,4,2,Over
4,talk,43,4,1,Over
4,talk,44,4,15,Over
4,talk,45,4,12,AGREE TALK day3 ID:56
4,talk,46,4,9,Skip
4,talk,47,4,3,VOTE Agent[06]
4,talk,48,4,6,Skip
4,talk,49,4,5,AGREE TALK day4 ID:21
4,talk,50,5,12,DISAGREE TALK day3 ID:148
4,talk,51,5,9,Over
4,talk,52,5,6,Over
4,talk,53,5,10,Over
4,talk,54,5,15,Over
4,talk,55,5,1,Over
4,talk,56,5,7,REQUEST(Agent[06] DIVINATION Agent[15])
4,talk,57,5,5,AGREE TALK day4 ID:9
4,talk,58,5,3,REQUEST(DIVINATION Agent[02])
4,talk,59,5,2,Over
4,talk,60,6,12,DISAGREE TALK day3 ID:170
4,talk,61,6,15,Over
4,talk,62,6,6,Over
4,talk,63,6,1,Over
4,talk,64,6,5,AGREE TALK day4 ID:48
4,talk,65,6,2,Over
4,talk,66,6,7,VOTE Agent[15]
4,talk,67,6,10,Over
4,talk,68,6,9,ESTIMATE Agent[02] WEREWOLF
4,talk,69,6,3,AGREE TALK day4 ID:27
4,talk,70,7,3,AGREE TALK day4 ID:39
4,talk,71,7,7,Skip
4,talk,72,7,15,Over
4,talk,73,7,10,Over
4,talk,74,7,5,AGREE TALK day4 ID:36
4,talk,75,7,2,Over
4,talk,76,7,6,Over
4,talk,77,7,12,ESTIMATE Agent[06] SEER
4,talk,78,7,1,Over
4,talk,79,7,9,Over
4,talk,80,8,6,Over
4,talk,81,8,9,ESTIMATE Agent[15] WEREWOLF
4,talk,82,8,2,Over
4,talk,83,8,7,Skip
4,talk,84,8,1,Over
4,talk,85,8,5,AGREE TALK day4 ID:39
4,talk,86,8,12,DISAGREE TALK day2 ID:18
4,talk,87,8,15,Over
4,talk,88,8,3,DISAGREE TALK day4 ID:40
4,talk,89,8,10,Over
4,talk,90,9,2,Over
4,talk,91,9,15,ESTIMATE Agent[06] WEREWOLF
4,talk,92,9,9,Over
4,talk,93,9,6,Over
4,talk,94,9,1,Over
4,talk,95,9,10,Over
4,talk,96,9,3,Skip
4,talk,97,9,12,DISAGREE TALK day2 ID:111
4,talk,98,9,5,AGREE TALK day4 ID:24
4,talk,99,9,7,Over
4,talk,100,10,9,Over
4,talk,101,10,3,Skip
4,talk,102,10,6,Over
4,talk,103,10,2,Over
4,talk,104,10,5,AGREE TALK day4 ID:71
4,talk,105,10,10,Over
4,talk,106,10,1,Over
4,talk,107,10,12,Over
4,talk,108,10,15,ESTIMATE Agent[15] VILLAGER
4,talk,109,10,7,Over
4,talk,110,11,10,Over
4,talk,111,11,15,ESTIMATE Agent[06] WEREWOLF
4,talk,112,11,7,Over
4,talk,113,11,2,Over
4,talk,114,11,5,Over
4,talk,115,11,3,Over
4,talk,116,11,12,Over
4,talk,117,11,1,Over
4,talk,118,11,9,Over
4,talk,119,11,6,Over
4,talk,120,12,5,Over
4,talk,121,12,9,Over
4,talk,122,12,1,Over
4,talk,123,12,2,Over
4,talk,124,12,10,Over
4,talk,125,12,3,Over
4,talk,126,12,15,ESTIMATE Agent[06] WEREWOLF
4,talk,127,12,6,Over
4,talk,128,12,7,Over
4,talk,129,12,12,Over
4,talk,130,13,7,Over
4,talk,131,13,2,Over
4,talk,132,13,3,Over
4,talk,133,13,9,Over
4,talk,134,13,15,ESTIMATE Agent[06] WEREWOLF
4,talk,135,13,12,Over
4,talk,136,13,1,Over
4,talk,137,13,6,Over
4,talk,138,13,10,Over
4,talk,139,13,5,Over
4,talk,140,14,9,Over
4,talk,141,14,6,Over
4,talk,142,14,3,Over
4,talk,143,14,10,Over
4,talk,144,14,5,Over
4,talk,145,14,12,Over
4,talk,146,14,2,Over
4,talk,147,14,7,Over
4,talk,148,14,1,Over
4,talk,149,14,15,Over
4,vote,1,6
4,vote,2,6
4,vote,3,6
4,vote,5,6
4,vote,6,2
4,vote,7,15
4,vote,9,15
4,vote,10,7
4,vote,12,15
4,vote,15,6
4,execute,6,SEER
4,divine,6,12,HUMAN
4,whisper,0,0,15,ATTACK Agent[15]
4,whisper,1,0,2,ATTACK Agent[12]
4,whisper,2,1,2,Over
4,whisper,3,1,15,REQUEST(Agent[15] ATTACK Agent[15])
4,whisper,4,2,2,Over
4,whisper,5,2,15,Over
4,guard,9,7,VILLAGER
4,attackVote,2,12
4,attackVote,15,6
4,attackVote,2,12
4,attackVote,15,6
4,attack,6,true
5,status,1,VILLAGER,ALIVE,m_cre
5,status,2,WEREWOLF,ALIVE,carlo
5,status,3,VILLAGER,ALIVE,AITKN
5,status,4,POSSESSED,DEAD,Dummy13_09
5,status,5,VILLAGER,ALIVE,daisyo
5,status,6,SEER,DEAD,tori
5,status,7,VILLAGER,ALIVE,Dummy13_11
5,status,8,WEREWOLF,DEAD,Dummy13_07
5,status,9,BODYGUARD,ALIVE,wasabi
5,status,10,VILLAGER,ALIVE,TOT
5,status,11,MEDIUM,DEAD,Dummy13_08
5,status,12,VILLAGER,ALIVE,Dummy13_10
5,status,13,VILLAGER,DEAD,megumish
5,status,14,VILLAGER,DEAD,cash
5,status,15,WEREWOLF,ALIVE,JuN1Ro
5,talk,0,0,3,Skip
5,talk,1,0,12,AGREE TALK day4 ID:68
5,talk,2,0,9,Skip
5,talk,3,0,2,VOTE Agent[01]
5,talk,4,0,15,VOTE Agent[02]
5,talk,5,0,5,Skip
5,talk,6,0,7,DISAGREE TALK day2 ID:18
5,talk,7,0,10,VOTE Agent[12]
5,talk,8,0,1,VOTE Agent[10]
5,talk,9,1,3,AGREE TALK day5 ID:4
5,talk,10,1,7,DISAGREE TALK day2 ID:111
5,talk,11,1,5,VOTE Agent[01]
5,talk,12,1,12,ESTIMATE Agent[02] WEREWOLF
5,talk,13,1,15,Over
5,talk,14,1,1,Skip
5,talk,15,1,9,Skip
5,talk,16,1,2,Skip
5,talk,17,1,10,REQUEST(VOTE Agent[12])
5,talk,18,2,10,Skip
5,talk,19,2,9,Over
5,talk,20,2,7,DISAGREE TALK day2 ID:153
5,talk,21,2,1,Skip
5,talk,22,2,3,ESTIMATE Agent[02] WEREWOLF
5,talk,23,2,12,REQUEST(DIVINATION Agent[02])
5,talk,24,2,2,Skip
5,talk,25,2,5,AGREE TALK day5 ID:14
5,talk,26,2,15,Over
5,talk,27,3,3,Skip
5,talk,28,3,1,Over
5,talk,29,3,7,AGREE TALK day3 ID:49
5,talk,30,3,15,Over
5,talk,31,3,9,Over
5,talk,32,3,2,Over
5,talk,33,3,10,Skip
5,talk,34,3,5,AGREE TALK day5 ID:0
5,talk,35,3,12,VOTE Agent[02]
5,talk,36,4,7,AGREE TALK day4 ID:40
5,talk,37,4,9,Over
5,talk,38,4,3,VOTE Agent[02]
5,talk,39,4,15,Over
5,talk,40,4,2,COMINGOUT Agent[02] BODYGUARD
5,talk,41,4,12,Skip
5,talk,42,4,5,AGREE TALK day5 ID:21
5,talk,43,4,10,Over
5,talk,44,4,1,Over
5,talk,45,5,5,AGREE TALK day5 ID:41
5,talk,46,5,7,AGREE TALK day4 ID:81
5,talk,47,5,15,ESTIMATE Agent[02] WEREWOLF
5,talk,48,5,2,GUARDED Agent[04]
5,talk,49,5,10,Over
5,talk,50,5,3,REQUEST(DIVINATION Agent[05])
5,talk,51,5,1,Over
5,talk,52,5,12,Skip
5,talk,53,5,9,Over
5,talk,54,6,2,GUARDED Agent[04]
5,talk,55,6,3,AGREE TALK day5 ID:35
5,talk,56,6,7,DISAGREE TALK day4 ID:108
5,talk,57,6,15,Over
5,talk,58,6,1,Over
5,talk,59,6,12,Over
5,talk,60,6,9,VOTE Agent[15]
5,talk,61,6,10,Over
5,talk,62,6,5,AGREE TALK day5 ID:2
5,talk,63,7,10,Over
5,talk,64,7,15,Over
5,talk,65,7,3,Skip
5,talk,66,7,1,Over
5,talk,67,7,12,Over
5,talk,68,7,5,AGREE TALK day5 ID:33
5,talk,69,7,9,Over
5,talk,70,7,2,GUARDED Agent[06]
5,talk,71,7,7,ESTIMATE Agent[15] WEREWOLF
5,talk,72,8,12,Over
5,talk,73,8,5,AGREE TALK day5 ID:65
5,talk,74,8,9,ESTIMATE Agent[15] WEREWOLF
5,talk,75,8,2,GUARDED Agent[15]
5,talk,76,8,3,DISAGREE TALK day5 ID:71
5,talk,77,8,1,Over
5,talk,78,8,10,Over
5,talk,79,8,15,ESTIMATE Agent[02] WEREWOLF
5,talk,80,8,7,REQUEST(DIVINATION Agent[15])
5,talk,81,9,12,Over
5,talk,82,9,3,DISAGREE TALK day5 ID:74
5,talk,83,9,2,Skip
5,talk,84,9,5,AGREE TALK day5 ID:24
5,talk,85,9,1,Over
5,talk,86,9,10,Over
5,talk,87,9,7,VOTE Agent[15]
5,talk,88,9,9,ESTIMATE Agent[02] WEREWOLF
5,talk,89,9,15,Over
5,talk,90,10,15,Over
5,talk,91,10,1,Over
5,talk,92,10,9,Over
5,talk,93,10,12,Over
5,talk,94,10,10,Over
5,talk,95,10,2,Skip
5,talk,96,10,7,Over
5,talk,97,10,5,AGREE TALK day5 ID:83
5,talk,98,10,3,Skip
5,talk,99,11,5,Over
5,talk,100,11,15,Over
5,talk,101,11,2,Over
5,talk,102,11,1,Over
5,talk,103,11,10,Over
5,talk,104,11,7,Over
5,talk,105,11,9,Over
5,talk,106,11,3,Skip
5,talk,107,11,12,Over
5,talk,108,12,7,Over
5,talk,109,12,10,Over
5,talk,110,12,2,Over
5,talk,111,12,3,Over
5,talk,112,12,12,Over
5,talk,113,12,9,Over
5,talk,114,12,15,Over
5,talk,115,12,1,Over
5,talk,116,12,5,Over
5,vote,1,10
5,vote,2,12
5,vote,3,2
5,vote,5,1
5,vote,7,15
5,vote,9,15
5,vote,10,12
5,vote,12,2
5,vote,15,2
5,execute,2,WEREWOLF
5,whisper,0,0,15,ATTACK Agent[15]
5,whisper,1,0,2,COMINGOUT Agent[02] BODYGUARD
5,whisper,2,1,2,ATTACK Agent[12]
5,whisper,3,1,15,REQUEST(Agent[15] ATTACK Agent[15])
5,whisper,4,2,2,Over
5,whisper,5,2,15,Over
5,guard,9,12,VILLAGER
5,attackVote,2,12
5,attackVote,2,12
5,attack,10,true
6,status,1,VILLAGER,ALIVE,m_cre
6,status,2,WEREWOLF,DEAD,carlo
6,status,3,VILLAGER,ALIVE,AITKN
6,status,4,POSSESSED,DEAD,Dummy13_09
6,status,5,VILLAGER,ALIVE,daisyo
6,status,6,SEER,DEAD,tori
6,status,7,VILLAGER,ALIVE,Dummy13_11
6,status,8,WEREWOLF,DEAD,Dummy13_07
6,status,9,BODYGUARD,ALIVE,wasabi
6,status,10,VILLAGER,DEAD,TOT
6,status,11,MEDIUM,DEAD,Dummy13_08
6,status,12,VILLAGER,ALIVE,Dummy13_10
6,status,13,VILLAGER,DEAD,megumish
6,status,14,VILLAGER,DEAD,cash
6,status,15,WEREWOLF,ALIVE,JuN1Ro
6,talk,0,0,9,Skip
6,talk,1,0,7,DISAGREE TALK day2 ID:18
6,talk,2,0,1,VOTE Agent[07]
6,talk,3,0,12,DISAGREE TALK day2 ID:18
6,talk,4,0,3,Skip
6,talk,5,0,15,VOTE Agent[05]
6,talk,6,0,5,Skip
6,talk,7,1,1,Skip
6,talk,8,1,15,ESTIMATE Agent[05] WEREWOLF
6,talk,9,1,3,AGREE TALK day6 ID:5
6,talk,10,1,9,VOTE Agent[15]
6,talk,11,1,7,DISAGREE TALK day2 ID:111
6,talk,12,1,5,VOTE Agent[07]
6,talk,13,1,12,DISAGREE TALK day2 ID:111
6,talk,14,2,1,Skip
6,talk,15,2,15,ESTIMATE Agent[05] WEREWOLF
6,talk,16,2,5,AGREE TALK day6 ID:7
6,talk,17,2,9,ESTIMATE Agent[15] WEREWOLF
6,talk,18,2,12,DISAGREE TALK day2 ID:153
6,talk,19,2,3,ESTIMATE Agent[05] WEREWOLF
6,talk,20,2,7,DISAGREE TALK day2 ID:153
6,talk,21,3,7,AGREE TALK day3 ID:49
6,talk,22,3,1,Over
6,talk,23,3,9,ESTIMATE Agent[15] WEREWOLF
6,talk,24,3,3,DISAGREE TALK day6 ID:17
6,talk,25,3,5,AGREE TALK day6 ID:4
6,talk,26,3,12,AGREE TALK day3 ID:49
6,talk,27,3,15,Over
6,talk,28,4,3,VOTE Agent[05]
6,talk,29,4,7,AGREE TALK day4 ID:40
6,talk,30,4,1,Over
6,talk,31,4,15,Over
6,talk,32,4,5,AGREE TALK day6 ID:14
6,talk,33,4,9,Skip
6,talk,34,4,12,AGREE TALK day4 ID:40
6,talk,35,5,15,Over
6,talk,36,5,5,AGREE TALK day6 ID:0
6,talk,37,5,12,AGREE TALK day4 ID:81
6,talk,38,5,3,REQUEST(DIVINATION Agent[01])
6,talk,39,5,1,Over
6,talk,40,5,9,Skip
6,talk,41,5,7,AGREE TALK day4 ID:81
6,talk,42,6,5,AGREE TALK day6 ID:40
6,talk,43,6,9,ESTIMATE Agent[05] VILLAGER
6,talk,44,6,12,DISAGREE TALK day4 ID:108
6,talk,45,6,15,ESTIMATE Agent[05] WEREWOLF
6,talk,46,6,1,Over
6,talk,47,6,3,DISAGREE TALK day6 ID:23
6,talk,48,6,7,DISAGREE TALK day4 ID:108
6,talk,49,7,3,AGREE TALK day6 ID:43
6,talk,50,7,5,AGREE TALK day6 ID:33
6,talk,51,7,12,AGREE TALK day5 ID:71
6,talk,52,7,9,Over
6,talk,53,7,7,AGREE TALK day5 ID:71
6,talk,54,7,1,Over
6,talk,55,7,15,Over
6,talk,56,8,5,AGREE TALK day6 ID:43
6,talk,57,8,15,Over
6,talk,58,8,7,AGREE TALK day5 ID:74
6,talk,59,8,3,Skip
6,talk,60,8,1,Over
6,talk,61,8,9,ESTIMATE Agent[15] WEREWOLF
6,talk,62,8,12,AGREE TALK day5 ID:74
6,talk,63,9,7,ESTIMATE Agent[15] WEREWOLF
6,talk,64,9,1,Over
6,talk,65,9,9,Over
6,talk,66,9,12,ESTIMATE Agent[15] WEREWOLF
6,talk,67,9,15,ESTIMATE Agent[05] WEREWOLF
6,talk,68,9,3,DISAGREE TALK day6 ID:61
6,talk,69,9,5,AGREE TALK day6 ID:59
6,talk,70,10,15,Over
6,talk,71,10,3,DISAGREE TALK day6 ID:63
6,talk,72,10,5,DISAGREE TALK day6 ID:17
6,talk,73,10,1,Over
6,talk,74,10,7,Over
6,talk,75,10,9,Over
6,talk,76,10,12,Over
6,talk,77,11,5,Over
6,talk,78,11,1,Over
6,talk,79,11,9,Over
6,talk,80,11,12,Over
6,talk,81,11,3,DISAGREE TALK day6 ID:66
6,talk,82,11,7,Over
6,talk,83,11,15,ESTIMATE Agent[05] WEREWOLF
6,talk,84,12,7,Over
6,talk,85,12,1,Over
6,talk,86,12,12,Over
6,talk,87,12,3,Over
6,talk,88,12,9,Over
6,talk,89,12,5,Over
6,talk,90,12,15,Over
6,vote,1,7
6,vote,3,5
6,vote,5,7
6,vote,7,15
6,vote,9,15
6,vote,12,15
6,vote,15,5
6,execute,15,WEREWOLF
6,guard,9,3,VILLAGER
7,status,1,VILLAGER,ALIVE,m_cre
7,status,2,WEREWOLF,DEAD,carlo
7,status,3,VILLAGER,ALIVE,AITKN
7,status,4,POSSESSED,DEAD,Dummy13_09
7,status,5,VILLAGER,ALIVE,daisyo
7,status,6,SEER,DEAD,tori
7,status,7,VILLAGER,ALIVE,Dummy13_11
7,status,8,WEREWOLF,DEAD,Dummy13_07
7,status,9,BODYGUARD,ALIVE,wasabi
7,status,10,VILLAGER,DEAD,TOT
7,status,11,MEDIUM,DEAD,Dummy13_08
7,status,12,VILLAGER,ALIVE,Dummy13_10
7,status,13,VILLAGER,DEAD,megumish
7,status,14,VILLAGER,DEAD,cash
7,status,15,WEREWOLF,DEAD,JuN1Ro
7,result,6,0,VILLAGER
