0,status,1,WEREWOLF,ALIVE,m_cre
0,status,2,WEREWOLF,ALIVE,carlo
0,status,3,VILLAGER,ALIVE,AITKN
0,status,4,VILLAGER,ALIVE,Dummy13_09
0,status,5,VILLAGER,ALIVE,daisyo
0,status,6,VILLAGER,ALIVE,tori
0,status,7,POSSESSED,ALIVE,Dummy13_11
0,status,8,MEDIUM,ALIVE,Dummy13_07
0,status,9,VILLAGER,ALIVE,wasabi
0,status,10,SEER,ALIVE,TOT
0,status,11,VILLAGER,ALIVE,Dummy13_08
0,status,12,VILLAGER,ALIVE,Dummy13_10
0,status,13,VILLAGER,ALIVE,megumish
0,status,14,BODYGUARD,ALIVE,cash
0,status,15,WEREWOLF,ALIVE,JuN1Ro
0,whisper,0,0,2,COMINGOUT Agent[02] VILLAGER
0,whisper,1,0,15,Over
0,whisper,2,0,1,COMINGOUT Agent[01] VILLAGER
0,whisper,3,1,2,ATTACK Agent[14]
0,whisper,4,1,1,Over
0,whisper,5,1,15,Over
0,whisper,6,2,2,Over
0,whisper,7,2,15,Over
0,whisper,8,2,1,Over
0,divine,10,15,WEREWOLF
1,status,1,WEREWOLF,ALIVE,m_cre
1,status,2,WEREWOLF,ALIVE,carlo
1,status,3,VILLAGER,ALIVE,AITKN
1,status,4,VILLAGER,ALIVE,Dummy13_09
1,status,5,VILLAGER,ALIVE,daisyo
1,status,6,VILLAGER,ALIVE,tori
1,status,7,POSSESSED,ALIVE,Dummy13_11
1,status,8,MEDIUM,ALIVE,Dummy13_07
1,status,9,VILLAGER,ALIVE,wasabi
1,status,10,SEER,ALIVE,TOT
1,status,11,VILLAGER,ALIVE,Dummy13_08
1,status,12,VILLAGER,ALIVE,Dummy13_10
1,status,13,VILLAGER,ALIVE,megumish
1,status,14,BODYGUARD,ALIVE,cash
1,status,15,WEREWOLF,ALIVE,JuN1Ro
1,talk,0,0,14,DIVINED Agent[01] HUMAN
1,talk,1,0,7,COMINGOUT Agent[07] SEER
1,talk,2,0,1,VOTE Agent[08]
1,talk,3,0,6,VOTE Agent[05]
1,talk,4,0,15,VOTE Agent[14]
1,talk,5,0,11,VOTE Agent[03]
1,talk,6,0,3,REQUEST(COMINGOUT Agent[03] SEER)
1,talk,7,0,10,COMINGOUT Agent[10] SEER
1,talk,8,0,5,Skip
1,talk,9,0,8,VOTE Agent[04]
1,talk,10,0,12,VOTE Agent[06]
1,talk,11,0,13,VOTE Agent[11]
1,talk,12,0,2,VOTE Agent[03]
1,talk,13,0,4,VOTE Agent[03]
1,talk,14,0,9,VOTE Agent[01]
1,talk,15,1,9,VOTE Agent[04]
1,talk,16,1,12,ESTIMATE Agent[14] SEER
1,talk,17,1,10,DIVINED Agent[15] WEREWOLF
1,talk,18,1,2,Skip
1,talk,19,1,8,ESTIMATE Agent[14] SEER
1,talk,20,1,4,ESTIMATE Agent[14] SEER
1,talk,21,1,13,Skip
1,talk,22,1,11,ESTIMATE Agent[14] SEER
1,talk,23,1,6,ESTIMATE Agent[14] SEER
1,talk,24,1,15,VOTE Agent[07]
1,talk,25,1,1,VOTE Agent[07]
1,talk,26,1,5,VOTE Agent[03]
1,talk,27,1,14,Over
1,talk,28,1,3,REQUEST(COMINGOUT Agent[03] MEDIUM)
1,talk,29,1,7,DIVINED Agent[14] WEREWOLF
1,talk,30,2,15,VOTE Agent[10]
1,talk,31,2,2,Skip
1,talk,32,2,12,ESTIMATE Agent[15] WEREWOLF
1,talk,33,2,10,REQUEST(VOTE Agent[15])
1,talk,34,2,7,VOTE Agent[14]
1,talk,35,2,9,Skip
1,talk,36,2,5,AGREE TALK day1 ID:23
1,talk,37,2,11,DISAGREE TALK day1 ID:16
1,talk,38,2,14,Over
1,talk,39,2,3,AGREE TALK day1 ID:14
1,talk,40,2,1,VOTE Agent[14]
1,talk,41,2,6,DISAGREE TALK day1 ID:16
1,talk,42,2,4,ESTIMATE Agent[15] WEREWOLF
1,talk,43,2,8,DISAGREE TALK day1 ID:16
1,talk,44,2,13,Skip
1,talk,45,3,7,REQUEST(VOTE Agent[14])
1,talk,46,3,1,Skip
1,talk,47,3,12,REQUEST(Agent[14] DIVINATION Agent[15])
1,talk,48,3,15,Over
1,talk,49,3,9,Skip
1,talk,50,3,13,Over
1,talk,51,3,6,DISAGREE TALK day1 ID:19
1,talk,52,3,4,REQUEST(Agent[14] DIVINATION Agent[15])
1,talk,53,3,5,AGREE TALK day1 ID:18
1,talk,54,3,14,Over
1,talk,55,3,2,Over
1,talk,56,3,8,DISAGREE TALK day1 ID:19
1,talk,57,3,3,DISAGREE TALK day1 ID:32
1,talk,58,3,10,VOTE Agent[15]
1,talk,59,3,11,DISAGREE TALK day1 ID:19
1,talk,60,4,3,DISAGREE TALK day1 ID:42
1,talk,61,4,1,Skip
1,talk,62,4,6,DISAGREE TALK day1 ID:20
1,talk,63,4,5,AGREE TALK day1 ID:19
1,talk,64,4,7,Skip
1,talk,65,4,15,Over
1,talk,66,4,4,VOTE Agent[15]
1,talk,67,4,9,VOTE Agent[14]
1,talk,68,4,13,Over
1,talk,69,4,11,DISAGREE TALK day1 ID:20
1,talk,70,4,14,Over
1,talk,71,4,12,VOTE Agent[15]
1,talk,72,4,2,Over
1,talk,73,4,10,REQUEST(VOTE Agent[15])
1,talk,74,4,8,DISAGREE TALK day1 ID:20
1,talk,75,5,5,AGREE TALK day1 ID:16
1,talk,76,5,15,Over
1,talk,77,5,4,Skip
1,talk,78,5,2,Over
1,talk,79,5,12,Skip
1,talk,80,5,3,Skip
1,talk,81,5,1,Over
1,talk,82,5,6,DISAGREE TALK day1 ID:22
1,talk,83,5,13,Over
1,talk,84,5,9,ESTIMATE Agent[07] WEREWOLF
1,talk,85,5,11,DISAGREE TALK day1 ID:22
1,talk,86,5,8,DISAGREE TALK day1 ID:22
1,talk,87,5,7,Skip
1,talk,88,5,10,Skip
1,talk,89,5,14,Over
1,talk,90,6,9,Skip
1,talk,91,6,12,Skip
1,talk,92,6,11,DISAGREE TALK day1 ID:23
1,talk,93,6,8,DISAGREE TALK day1 ID:23
1,talk,94,6,14,Over
1,talk,95,6,5,AGREE TALK day1 ID:20
1,talk,96,6,1,Over
1,talk,97,6,10,Skip
1,talk,98,6,15,Over
1,talk,99,6,6,DISAGREE TALK day1 ID:23
1,talk,100,6,7,Over
1,talk,101,6,13,Over
1,talk,102,6,2,Over
1,talk,103,6,4,Skip
1,talk,104,6,3,Skip
1,talk,105,7,11,ESTIMATE Agent[14] WEREWOLF
1,talk,106,7,14,Over
1,talk,107,7,4,Over
1,talk,108,7,15,Over
1,talk,109,7,2,Over
1,talk,110,7,1,Over
1,talk,111,7,6,ESTIMATE Agent[14] WEREWOLF
1,talk,112,7,12,Over
1,talk,113,7,9,ESTIMATE Agent[08] VILLAGER
1,talk,114,7,8,ESTIMATE Agent[14] WEREWOLF
1,talk,115,7,5,AGREE TALK day1 ID:46
1,talk,116,7,7,Over
1,talk,117,7,3,REQUEST(DIVINATION Agent[01])
1,talk,118,7,10,Over
1,talk,119,7,13,Over
1,talk,120,8,9,VOTE Agent[15]
1,talk,121,8,10,Over
1,talk,122,8,3,Skip
1,talk,123,8,4,Over
1,talk,124,8,8,REQUEST(Agent[14] DIVINATION Agent[14])
1,talk,125,8,6,REQUEST(Agent[14] DIVINATION Agent[14])
1,talk,126,8,11,REQUEST(Agent[14] DIVINATION Agent[14])
1,talk,127,8,12,Over
1,talk,128,8,2,Over
1,talk,129,8,15,Over
1,talk,130,8,14,Over
1,talk,131,8,7,Over
1,talk,132,8,1,Over
1,talk,133,8,5,AGREE TALK day1 ID:0
1,talk,134,8,13,Over
1,talk,135,9,2,Over
1,talk,136,9,1,Over
1,talk,137,9,4,Over
1,talk,138,9,7,Over
1,talk,139,9,6,VOTE Agent[14]
1,talk,140,9,3,VOTE Agent[02]
1,talk,141,9,13,Over
1,talk,142,9,9,VOTE Agent[14]
1,talk,143,9,12,Over
1,talk,144,9,10,Over
1,talk,145,9,11,VOTE Agent[14]
1,talk,146,9,15,Over
1,talk,147,9,14,Over
1,talk,148,9,5,AGREE TALK day1 ID:80
1,talk,149,9,8,VOTE Agent[14]
1,talk,150,10,14,Over
1,talk,151,10,1,Over
1,talk,152,10,5,AGREE TALK day1 ID:113
1,talk,153,10,9,Over
1,talk,154,10,6,Over
1,talk,155,10,4,Over
1,talk,156,10,11,Over
1,talk,157,10,8,Over
1,talk,158,10,2,Over
1,talk,159,10,13,Over
1,talk,160,10,3,Skip
1,talk,161,10,12,Over
1,talk,162,10,10,Over
1,talk,163,10,7,Over
1,talk,164,10,15,Over
1,talk,165,11,8,Over
1,talk,166,11,10,Over
1,talk,167,11,4,Over
1,talk,168,11,11,Over
1,talk,169,11,12,Over
1,talk,170,11,14,Over
1,talk,171,11,15,ESTIMATE Agent[10] WEREWOLF
1,talk,172,11,7,Over
1,talk,173,11,13,Over
1,talk,174,11,9,Over
1,talk,175,11,2,Over
1,talk,176,11,5,Over
1,talk,177,11,6,Over
1,talk,178,11,3,Skip
1,talk,179,11,1,Over
1,talk,180,12,8,Over
1,talk,181,12,3,Over
1,talk,182,12,10,Over
1,talk,183,12,5,Over
1,talk,184,12,12,Over
1,talk,185,12,1,Over
1,talk,186,12,13,Over
1,talk,187,12,15,Over
1,talk,188,12,11,Over
1,talk,189,12,7,Over
1,talk,190,12,14,Over
1,talk,191,12,9,Over
1,talk,192,12,6,Over
1,talk,193,12,2,Over
1,talk,194,12,4,Over
1,vote,1,14
1,vote,2,14
1,vote,3,2
1,vote,4,15
1,vote,5,3
1,vote,6,14
1,vote,7,14
1,vote,8,14
1,vote,9,14
1,vote,10,15
1,vote,11,14
1,vote,12,15
1,vote,13,11
1,vote,14,8
1,vote,15,10
1,execute,14,BODYGUARD
1,divine,10,7,HUMAN
1,whisper,0,0,2,ATTACK Agent[07]
1,whisper,1,0,1,ATTACK Agent[11]
1,whisper,2,0,15,REQUEST(Agent[14] ATTACK Agent[14])
1,whisper,3,1,1,Skip
1,whisper,4,1,15,Over
1,whisper,5,1,2,ATTACK Agent[11]
1,whisper,6,2,1,Skip
1,whisper,7,2,15,Over
1,whisper,8,2,2,ESTIMATE Agent[07] SEER
1,whisper,9,3,15,Over
1,whisper,10,3,1,Over
1,whisper,11,3,2,ESTIMATE Agent[14] POSSESSED
1,whisper,12,4,2,Over
1,whisper,13,4,1,Over
1,whisper,14,4,15,Over
1,attackVote,1,11
1,attackVote,2,11
1,attackVote,15,14
1,attack,11,true
2,status,1,WEREWOLF,ALIVE,m_cre
2,status,2,WEREWOLF,ALIVE,carlo
2,status,3,VILLAGER,ALIVE,AITKN
2,status,4,VILLAGER,ALIVE,Dummy13_09
2,status,5,VILLAGER,ALIVE,daisyo
2,status,6,VILLAGER,ALIVE,tori
2,status,7,POSSESSED,ALIVE,Dummy13_11
2,status,8,MEDIUM,ALIVE,Dummy13_07
2,status,9,VILLAGER,ALIVE,wasabi
2,status,10,SEER,ALIVE,TOT
2,status,11,VILLAGER,DEAD,Dummy13_08
2,status,12,VILLAGER,ALIVE,Dummy13_10
2,status,13,VILLAGER,ALIVE,megumish
2,status,14,BODYGUARD,DEAD,cash
2,status,15,WEREWOLF,ALIVE,JuN1Ro
2,talk,0,0,4,DISAGREE TALK day1 ID:171
2,talk,1,0,6,DISAGREE TALK day1 ID:171
2,talk,2,0,13,VOTE Agent[05]
2,talk,3,0,1,VOTE Agent[10]
2,talk,4,0,15,VOTE Agent[10]
2,talk,5,0,12,DISAGREE TALK day1 ID:84
2,talk,6,0,2,VOTE Agent[03]
2,talk,7,0,7,DIVINED Agent[15] WEREWOLF
2,talk,8,0,9,VOTE Agent[15]
2,talk,9,0,8,DISAGREE TALK day1 ID:171
2,talk,10,0,10,DIVINED Agent[07] HUMAN
2,talk,11,0,3,Skip
2,talk,12,0,5,Skip
2,talk,13,1,15,ESTIMATE Agent[01] VILLAGER
2,talk,14,1,13,Skip
2,talk,15,1,8,ESTIMATE Agent[10] SEER
2,talk,16,1,12,ESTIMATE Agent[07] SEER
2,talk,17,1,5,VOTE Agent[10]
2,talk,18,1,4,ESTIMATE Agent[10] SEER
2,talk,19,1,2,Skip
2,talk,20,1,9,Skip
2,talk,21,1,1,VOTE Agent[15]
2,talk,22,1,6,ESTIMATE Agent[10] SEER
2,talk,23,1,10,REQUEST(VOTE Agent[15])
2,talk,24,1,7,VOTE Agent[14]
2,talk,25,1,3,Skip
2,talk,26,2,8,AGREE TALK day1 ID:32
2,talk,27,2,15,Over
2,talk,28,2,6,AGREE TALK day1 ID:32
2,talk,29,2,13,Skip
2,talk,30,2,10,ESTIMATE Agent[07] POSSESSED
2,talk,31,2,2,Skip
2,talk,32,2,4,AGREE TALK day1 ID:32
2,talk,33,2,5,AGREE TALK day2 ID:18
2,talk,34,2,1,Skip
2,talk,35,2,7,REQUEST(VOTE Agent[14])
2,talk,36,2,12,AGREE TALK day1 ID:32
2,talk,37,2,9,Skip
2,talk,38,2,3,ESTIMATE Agent[07] WEREWOLF
2,talk,39,3,10,VOTE Agent[15]
2,talk,40,3,7,Skip
2,talk,41,3,8,AGREE TALK day1 ID:42
2,talk,42,3,6,AGREE TALK day1 ID:42
2,talk,43,3,3,AGREE TALK day2 ID:16
2,talk,44,3,15,Over
2,talk,45,3,1,Skip
2,talk,46,3,9,Over
2,talk,47,3,2,Over
2,talk,48,3,12,AGREE TALK day1 ID:42
2,talk,49,3,13,Over
2,talk,50,3,4,AGREE TALK day1 ID:42
2,talk,51,3,5,AGREE TALK day2 ID:14
2,talk,52,4,6,ESTIMATE Agent[15] WEREWOLF
2,talk,53,4,8,ESTIMATE Agent[15] WEREWOLF
2,talk,54,4,15,Over
2,talk,55,4,12,ESTIMATE Agent[15] WEREWOLF
2,talk,56,4,4,ESTIMATE Agent[15] WEREWOLF
2,talk,57,4,5,AGREE TALK day2 ID:19
2,talk,58,4,3,VOTE Agent[14]
2,talk,59,4,13,Over
2,talk,60,4,9,Over
2,talk,61,4,10,REQUEST(VOTE Agent[15])
2,talk,62,4,1,Over
2,talk,63,4,7,Skip
2,talk,64,4,2,Over
2,talk,65,5,4,REQUEST(Agent[10] DIVINATION Agent[15])
2,talk,66,5,2,Over
2,talk,67,5,5,AGREE TALK day2 ID:15
2,talk,68,5,7,Over
2,talk,69,5,13,Over
2,talk,70,5,3,REQUEST(DIVINATION Agent[01])
2,talk,71,5,6,REQUEST(Agent[10] DIVINATION Agent[15])
2,talk,72,5,1,Over
2,talk,73,5,10,Skip
2,talk,74,5,8,REQUEST(Agent[10] DIVINATION Agent[15])
2,talk,75,5,15,Over
2,talk,76,5,9,ESTIMATE Agent[03] VILLAGER
2,talk,77,5,12,REQUEST(Agent[07] DIVINATION Agent[15])
2,talk,78,6,10,Skip
2,talk,79,6,4,VOTE Agent[15]
2,talk,80,6,9,Over
2,talk,81,6,1,Over
2,talk,82,6,8,VOTE Agent[15]
2,talk,83,6,7,Over
2,talk,84,6,15,Over
2,talk,85,6,6,VOTE Agent[15]
2,talk,86,6,2,Over
2,talk,87,6,12,VOTE Agent[15]
2,talk,88,6,5,AGREE TALK day2 ID:13
2,talk,89,6,3,DISAGREE TALK day2 ID:52
2,talk,90,6,13,Over
2,talk,91,7,8,Skip
2,talk,92,7,3,DISAGREE TALK day2 ID:53
2,talk,93,7,9,Over
2,talk,94,7,13,Over
2,talk,95,7,12,Skip
2,talk,96,7,4,Skip
2,talk,97,7,15,Over
2,talk,98,7,7,Over
2,talk,99,7,10,Over
2,talk,100,7,6,Skip
2,talk,101,7,5,AGREE TALK day2 ID:76
2,talk,102,7,2,Over
2,talk,103,7,1,Over
2,talk,104,8,15,Over
2,talk,105,8,13,Over
2,talk,106,8,6,Skip
2,talk,107,8,12,Skip
2,talk,108,8,1,Over
2,talk,109,8,5,AGREE TALK day2 ID:63
2,talk,110,8,2,Over
2,talk,111,8,8,Skip
2,talk,112,8,4,Skip
2,talk,113,8,3,DISAGREE TALK day2 ID:55
2,talk,114,8,9,ESTIMATE Agent[15] WEREWOLF
2,talk,115,8,10,Over
2,talk,116,8,7,Over
2,talk,117,9,3,DISAGREE TALK day2 ID:56
2,talk,118,9,5,AGREE TALK day2 ID:100
2,talk,119,9,6,Over
2,talk,120,9,15,Over
2,talk,121,9,10,Over
2,talk,122,9,2,Over
2,talk,123,9,13,Over
2,talk,124,9,1,Over
2,talk,125,9,8,Over
2,talk,126,9,9,ESTIMATE Agent[13] VILLAGER
2,talk,127,9,12,Over
2,talk,128,9,7,Over
2,talk,129,9,4,Over
2,talk,130,10,6,Over
2,talk,131,10,1,Over
2,talk,132,10,7,Over
2,talk,133,10,5,AGREE TALK day2 ID:20
2,talk,134,10,2,Over
2,talk,135,10,13,Over
2,talk,136,10,12,Over
2,talk,137,10,4,Over
2,talk,138,10,3,AGREE TALK day2 ID:76
2,talk,139,10,15,ESTIMATE Agent[01] VILLAGER
2,talk,140,10,10,Over
2,talk,141,10,8,Over
2,talk,142,10,9,ESTIMATE Agent[10] WEREWOLF
2,talk,143,11,4,Over
2,talk,144,11,7,Over
2,talk,145,11,5,Over
2,talk,146,11,10,Over
2,talk,147,11,8,Over
2,talk,148,11,6,Over
2,talk,149,11,9,ESTIMATE Agent[15] WEREWOLF
2,talk,150,11,1,Over
2,talk,151,11,15,Over
2,talk,152,11,2,Over
2,talk,153,11,3,DISAGREE TALK day2 ID:114
2,talk,154,11,13,Over
2,talk,155,11,12,Over
2,talk,156,12,10,Over
2,talk,157,12,9,Over
2,talk,158,12,2,Over
2,talk,159,12,4,Over
2,talk,160,12,5,Over
2,talk,161,12,1,Over
2,talk,162,12,3,Over
2,talk,163,12,6,Over
2,talk,164,12,13,Over
2,talk,165,12,15,Over
2,talk,166,12,7,Over
2,talk,167,12,8,Over
2,talk,168,12,12,Over
2,vote,1,15
2,vote,2,15
2,vote,3,13
2,vote,4,15
2,vote,5,10
2,vote,6,15
2,vote,7,5
2,vote,8,15
2,vote,9,15
2,vote,10,15
2,vote,12,15
2,vote,13,5
2,vote,15,10
2,execute,15,WEREWOLF
2,divine,10,12,HUMAN
2,whisper,0,0,15,ATTACK Agent[01]
2,whisper,1,0,2,ATTACK Agent[07]
2,whisper,2,0,1,ATTACK Agent[07]
2,whisper,3,1,15,REQUEST(Agent[01] ATTACK Agent[01])
2,whisper,4,1,2,Over
2,whisper,5,1,1,Skip
2,whisper,6,2,15,Over
2,whisper,7,2,1,Skip
2,whisper,8,2,2,Over
2,whisper,9,3,15,Over
2,whisper,10,3,2,Over
2,whisper,11,3,1,Over
2,attackVote,1,7
2,attackVote,2,7
2,attackVote,15,10
2,attack,7,true
3,status,1,WEREWOLF,ALIVE,m_cre
3,status,2,WEREWOLF,ALIVE,carlo
3,status,3,VILLAGER,ALIVE,AITKN
3,status,4,VILLAGER,ALIVE,Dummy13_09
3,status,5,VILLAGER,ALIVE,daisyo
3,status,6,VILLAGER,ALIVE,tori
3,status,7,POSSESSED,DEAD,Dummy13_11
3,status,8,MEDIUM,ALIVE,Dummy13_07
3,status,9,VILLAGER,ALIVE,wasabi
3,status,10,SEER,ALIVE,TOT
3,status,11,VILLAGER,DEAD,Dummy13_08
3,status,12,VILLAGER,ALIVE,Dummy13_10
3,status,13,VILLAGER,ALIVE,megumish
3,status,14,BODYGUARD,DEAD,cash
3,status,15,WEREWOLF,DEAD,JuN1Ro
3,talk,0,0,12,DISAGREE TALK day1 ID:171
3,talk,1,0,8,COMINGOUT Agent[08] MEDIUM
3,talk,2,0,1,VOTE Agent[13]
3,talk,3,0,6,VOTE Agent[13]
3,talk,4,0,9,Skip
3,talk,5,0,4,VOTE Agent[08]
3,talk,6,0,5,Skip
3,talk,7,0,3,Skip
3,talk,8,0,2,VOTE Agent[03]
3,talk,9,0,10,DIVINED Agent[12] HUMAN
3,talk,10,0,13,VOTE Agent[03]
3,talk,11,1,13,Skip
3,talk,12,1,9,VOTE Agent[01]
3,talk,13,1,1,Skip
3,talk,14,1,5,VOTE Agent[03]
3,talk,15,1,8,IDENTIFIED Agent[14] HUMAN
3,talk,16,1,4,Skip
3,talk,17,1,2,Skip
3,talk,18,1,12,AGREE TALK day2 ID:15
3,talk,19,1,3,Skip
3,talk,20,1,10,VOTE Agent[06]
3,talk,21,1,6,Skip
3,talk,22,2,6,Skip
3,talk,23,2,1,Skip
3,talk,24,2,2,Skip
3,talk,25,2,3,ESTIMATE Agent[01] WEREWOLF
3,talk,26,2,5,AGREE TALK day3 ID:17
3,talk,27,2,4,Skip
3,talk,28,2,9,VOTE Agent[08]
3,talk,29,2,12,AGREE TALK day2 ID:18
3,talk,30,2,13,Skip
3,talk,31,2,10,REQUEST(VOTE Agent[06])
3,talk,32,2,8,IDENTIFIED Agent[15] WEREWOLF
3,talk,33,3,2,Over
3,talk,34,3,6,Over
3,talk,35,3,9,Skip
3,talk,36,3,8,VOTE Agent[10]
3,talk,37,3,1,Over
3,talk,38,3,10,Skip
3,talk,39,3,3,AGREE TALK day3 ID:12
3,talk,40,3,4,Over
3,talk,41,3,12,AGREE TALK day2 ID:22
3,talk,42,3,5,AGREE TALK day3 ID:7
3,talk,43,3,13,Over
3,talk,44,4,3,VOTE Agent[15]
3,talk,45,4,1,Over
3,talk,46,4,9,Skip
3,talk,47,4,13,Over
3,talk,48,4,2,Over
3,talk,49,4,10,Skip
3,talk,50,4,5,AGREE TALK day3 ID:13
3,talk,51,4,4,Over
3,talk,52,4,8,Skip
3,talk,53,4,6,Over
3,talk,54,4,12,DISAGREE TALK day2 ID:142
3,talk,55,5,2,Over
3,talk,56,5,5,AGREE TALK day3 ID:49
3,talk,57,5,9,Over
3,talk,58,5,1,Over
3,talk,59,5,10,Over
3,talk,60,5,12,ESTIMATE Agent[10] SEER
3,talk,61,5,13,Over
3,talk,62,5,6,Over
3,talk,63,5,4,Over
3,talk,64,5,8,Skip
3,talk,65,5,3,REQUEST(DIVINATION Agent[08])
3,talk,66,6,10,Over
3,talk,67,6,8,Over
3,talk,68,6,5,AGREE TALK day3 ID:35
3,talk,69,6,12,VOTE Agent[10]
3,talk,70,6,6,Over
3,talk,71,6,13,Over
3,talk,72,6,9,Over
3,talk,73,6,2,Over
3,talk,74,6,3,Skip
3,talk,75,6,4,Over
3,talk,76,6,1,Over
3,talk,77,7,13,Over
3,talk,78,7,4,Over
3,talk,79,7,12,Skip
3,talk,80,7,3,Skip
3,talk,81,7,5,AGREE TALK day3 ID:24
3,talk,82,7,10,Over
3,talk,83,7,9,VOTE Agent[01]
3,talk,84,7,8,Over
3,talk,85,7,1,Over
3,talk,86,7,2,Over
3,talk,87,7,6,Over
3,talk,88,8,6,Over
3,talk,89,8,1,Over
3,talk,90,8,10,Over
3,talk,91,8,3,Over
3,talk,92,8,9,VOTE Agent[08]
3,talk,93,8,8,Over
3,talk,94,8,12,Skip
3,talk,95,8,2,Over
3,talk,96,8,13,Over
3,talk,97,8,4,Over
3,talk,98,8,5,AGREE TALK day3 ID:16
3,talk,99,9,5,AGREE TALK day3 ID:38
3,talk,100,9,2,Over
3,talk,101,9,1,Over
3,talk,102,9,8,Over
3,talk,103,9,3,AGREE TALK day3 ID:92
3,talk,104,9,10,Over
3,talk,105,9,6,Over
3,talk,106,9,12,Over
3,talk,107,9,13,Over
3,talk,108,9,9,Over
3,talk,109,9,4,Over
3,talk,110,10,3,Skip
3,talk,111,10,10,Over
3,talk,112,10,9,Over
3,talk,113,10,13,Over
3,talk,114,10,4,Over
3,talk,115,10,12,Over
3,talk,116,10,2,Over
3,talk,117,10,8,Over
3,talk,118,10,5,AGREE TALK day3 ID:60
3,talk,119,10,1,Over
3,talk,120,10,6,Over
3,talk,121,11,12,Over
3,talk,122,11,9,Over
3,talk,123,11,6,Over
3,talk,124,11,10,Over
3,talk,125,11,3,Skip
3,talk,126,11,1,Over
3,talk,127,11,2,Over
3,talk,128,11,4,Over
3,talk,129,11,13,Over
3,talk,130,11,8,Over
3,talk,131,11,5,Over
3,talk,132,12,12,Over
3,talk,133,12,1,Over
3,talk,134,12,6,Over
3,talk,135,12,13,Over
3,talk,136,12,8,Over
3,talk,137,12,2,Over
3,talk,138,12,4,Over
3,talk,139,12,10,Over
3,talk,140,12,9,VOTE Agent[05]
3,talk,141,12,5,Over
3,talk,142,12,3,Over
3,talk,143,13,3,Over
3,talk,144,13,1,Over
3,talk,145,13,9,VOTE Agent[08]
3,talk,146,13,5,Over
3,talk,147,13,8,Over
3,talk,148,13,12,Over
3,talk,149,13,13,Over
3,talk,150,13,6,Over
3,talk,151,13,2,Over
3,talk,152,13,4,Over
3,talk,153,13,10,Over
3,talk,154,14,2,Over
3,talk,155,14,8,Over
3,talk,156,14,3,AGREE TALK day3 ID:145
3,talk,157,14,13,Over
3,talk,158,14,12,Over
3,talk,159,14,5,Over
3,talk,160,14,9,Over
3,talk,161,14,10,Over
3,talk,162,14,1,Over
3,talk,163,14,6,Over
3,talk,164,14,4,Over
3,talk,165,15,9,VOTE Agent[06]
3,talk,166,15,3,Skip
3,talk,167,15,6,Over
3,talk,168,15,10,Over
3,talk,169,15,2,Over
3,talk,170,15,4,Over
3,talk,171,15,1,Over
3,talk,172,15,8,Over
3,talk,173,15,13,Over
3,talk,174,15,12,Over
3,talk,175,15,5,Over
3,talk,176,16,10,Over
3,talk,177,16,8,Over
3,talk,178,16,3,Skip
3,talk,179,16,5,Over
3,talk,180,16,4,Over
3,talk,181,16,12,Over
3,talk,182,16,1,Over
3,talk,183,16,9,VOTE Agent[01]
3,talk,184,16,13,Over
3,talk,185,16,2,Over
3,talk,186,16,6,Over
3,talk,187,17,9,Over
3,talk,188,17,8,Over
3,talk,189,17,6,Over
3,talk,190,17,5,Over
3,talk,191,17,1,Over
3,talk,192,17,12,Over
3,talk,193,17,10,Over
3,talk,194,17,2,Over
3,talk,195,17,4,Over
3,talk,196,17,13,Over
3,talk,197,17,3,Over
3,vote,1,13
3,vote,2,3
3,vote,3,13
3,vote,4,8
3,vote,5,3
3,vote,6,13
3,vote,8,10
3,vote,9,1
3,vote,10,6
3,vote,12,10
3,vote,13,3
3,vote,1,13
3,vote,2,3
3,vote,3,6
3,vote,4,3
3,vote,5,3
3,vote,6,13
3,vote,8,13
3,vote,9,2
3,vote,10,6
3,vote,12,3
3,vote,13,3
3,execute,3,VILLAGER
3,divine,10,2,WEREWOLF
3,whisper,0,0,2,ATTACK Agent[13]
3,whisper,1,0,1,ATTACK Agent[10]
3,whisper,2,1,1,Skip
3,whisper,3,1,2,ATTACK Agent[10]
3,whisper,4,2,2,ESTIMATE Agent[08] MEDIUM
3,whisper,5,2,1,Skip
3,whisper,6,3,1,Over
3,whisper,7,3,2,Over
3,attackVote,1,10
3,attackVote,2,10
3,attack,10,true
4,status,1,WEREWOLF,ALIVE,m_cre
4,status,2,WEREWOLF,ALIVE,carlo
4,status,3,VILLAGER,DEAD,AITKN
4,status,4,VILLAGER,ALIVE,Dummy13_09
4,status,5,VILLAGER,ALIVE,daisyo
4,status,6,VILLAGER,ALIVE,tori
4,status,7,POSSESSED,DEAD,Dummy13_11
4,status,8,MEDIUM,ALIVE,Dummy13_07
4,status,9,VILLAGER,ALIVE,wasabi
4,status,10,SEER,DEAD,TOT
4,status,11,VILLAGER,DEAD,Dummy13_08
4,status,12,VILLAGER,ALIVE,Dummy13_10
4,status,13,VILLAGER,ALIVE,megumish
4,status,14,BODYGUARD,DEAD,cash
4,status,15,WEREWOLF,DEAD,JuN1Ro
4,talk,0,0,2,VOTE Agent[04]
4,talk,1,0,8,IDENTIFIED Agent[03] HUMAN
4,talk,2,0,6,VOTE Agent[01]
4,talk,3,0,5,Skip
4,talk,4,0,9,Skip
4,talk,5,0,12,VOTE Agent[05]
4,talk,6,0,1,VOTE Agent[13]
4,talk,7,0,4,VOTE Agent[09]
4,talk,8,0,13,VOTE Agent[12]
4,talk,9,1,5,VOTE Agent[01]
4,talk,10,1,12,Skip
4,talk,11,1,4,Skip
4,talk,12,1,1,Skip
4,talk,13,1,6,Skip
4,talk,14,1,8,VOTE Agent[02]
4,talk,15,1,13,Skip
4,talk,16,1,2,Skip
4,talk,17,1,9,VOTE Agent[13]
4,talk,18,2,8,Skip
4,talk,19,2,9,VOTE Agent[05]
4,talk,20,2,13,Skip
4,talk,21,2,1,Skip
4,talk,22,2,4,Skip
4,talk,23,2,6,Skip
4,talk,24,2,5,AGREE TALK day4 ID:4
4,talk,25,2,12,Skip
4,talk,26,2,2,Skip
4,talk,27,3,9,VOTE Agent[13]
4,talk,28,3,1,Over
4,talk,29,3,12,Over
4,talk,30,3,2,Over
4,talk,31,3,4,Over
4,talk,32,3,13,Over
4,talk,33,3,6,Over
4,talk,34,3,5,AGREE TALK day4 ID:26
4,talk,35,3,8,Skip
4,talk,36,4,6,Over
4,talk,37,4,2,Over
4,talk,38,4,13,Over
4,talk,39,4,9,VOTE Agent[04]
4,talk,40,4,12,Over
4,talk,41,4,5,AGREE TALK day4 ID:12
4,talk,42,4,4,Over
4,talk,43,4,1,Over
4,talk,44,4,8,Over
4,talk,45,5,13,Over
4,talk,46,5,12,Over
4,talk,47,5,2,Over
4,talk,48,5,1,Over
4,talk,49,5,8,Over
4,talk,50,5,6,Over
4,talk,51,5,9,VOTE Agent[01]
4,talk,52,5,5,AGREE TALK day4 ID:22
4,talk,53,5,4,Over
4,talk,54,6,1,Over
4,talk,55,6,5,AGREE TALK day4 ID:18
4,talk,56,6,9,Skip
4,talk,57,6,4,Over
4,talk,58,6,2,Over
4,talk,59,6,6,Over
4,talk,60,6,12,Over
4,talk,61,6,8,Over
4,talk,62,6,13,Over
4,talk,63,7,9,VOTE Agent[04]
4,talk,64,7,6,Over
4,talk,65,7,12,Over
4,talk,66,7,8,Over
4,talk,67,7,5,AGREE TALK day4 ID:10
4,talk,68,7,4,Over
4,talk,69,7,13,Over
4,talk,70,7,1,Over
4,talk,71,7,2,Over
4,talk,72,8,6,Over
4,talk,73,8,4,Over
4,talk,74,8,8,Over
4,talk,75,8,12,Over
4,talk,76,8,2,Over
4,talk,77,8,5,AGREE TALK day4 ID:11
4,talk,78,8,13,Over
4,talk,79,8,1,Over
4,talk,80,8,9,Skip
4,talk,81,9,4,Over
4,talk,82,9,2,Over
4,talk,83,9,9,VOTE Agent[06]
4,talk,84,9,1,Over
4,talk,85,9,13,Over
4,talk,86,9,8,Over
4,talk,87,9,6,Over
4,talk,88,9,12,Over
4,talk,89,9,5,AGREE TALK day4 ID:15
4,talk,90,10,8,Over
4,talk,91,10,13,Over
4,talk,92,10,1,Over
4,talk,93,10,9,Over
4,talk,94,10,5,AGREE TALK day4 ID:21
4,talk,95,10,12,Over
4,talk,96,10,2,Over
4,talk,97,10,4,Over
4,talk,98,10,6,Over
4,talk,99,11,4,Over
4,talk,100,11,9,Over
4,talk,101,11,12,Over
4,talk,102,11,1,Over
4,talk,103,11,6,Over
4,talk,104,11,13,Over
4,talk,105,11,8,Over
4,talk,106,11,5,Over
4,talk,107,11,2,Over
4,vote,1,13
4,vote,2,1
4,vote,4,9
4,vote,5,1
4,vote,6,1
4,vote,8,2
4,vote,9,6
4,vote,12,5
4,vote,13,12
4,execute,1,WEREWOLF
4,whisper,0,0,2,ATTACK Agent[13]
4,whisper,1,0,1,ATTACK Agent[08]
4,whisper,2,1,1,Skip
4,whisper,3,1,2,ATTACK Agent[08]
4,whisper,4,2,1,Skip
4,whisper,5,2,2,Over
4,whisper,6,3,2,Over
4,whisper,7,3,1,Over
4,attackVote,1,8
4,attackVote,2,8
4,attack,8,true
5,status,1,WEREWOLF,DEAD,m_cre
5,status,2,WEREWOLF,ALIVE,carlo
5,status,3,VILLAGER,DEAD,AITKN
5,status,4,VILLAGER,ALIVE,Dummy13_09
5,status,5,VILLAGER,ALIVE,daisyo
5,status,6,VILLAGER,ALIVE,tori
5,status,7,POSSESSED,DEAD,Dummy13_11
5,status,8,MEDIUM,DEAD,Dummy13_07
5,status,9,VILLAGER,ALIVE,wasabi
5,status,10,SEER,DEAD,TOT
5,status,11,VILLAGER,DEAD,Dummy13_08
5,status,12,VILLAGER,ALIVE,Dummy13_10
5,status,13,VILLAGER,ALIVE,megumish
5,status,14,BODYGUARD,DEAD,cash
5,status,15,WEREWOLF,DEAD,JuN1Ro
5,talk,0,0,5,Skip
5,talk,1,0,6,VOTE Agent[04]
5,talk,2,0,13,VOTE Agent[02]
5,talk,3,0,2,VOTE Agent[04]
5,talk,4,0,9,VOTE Agent[05]
5,talk,5,0,4,VOTE Agent[12]
5,talk,6,0,12,VOTE Agent[04]
5,talk,7,1,4,Skip
5,talk,8,1,2,Skip
5,talk,9,1,6,Skip
5,talk,10,1,13,Skip
5,talk,11,1,12,Skip
5,talk,12,1,9,Skip
5,talk,13,1,5,VOTE Agent[04]
5,talk,14,2,5,AGREE TALK day5 ID:7
5,talk,15,2,2,Skip
5,talk,16,2,13,Skip
5,talk,17,2,9,Skip
5,talk,18,2,4,Skip
5,talk,19,2,12,Skip
5,talk,20,2,6,Skip
5,talk,21,3,6,Over
5,talk,22,3,12,Over
5,talk,23,3,9,Over
5,talk,24,3,5,AGREE TALK day5 ID:18
5,talk,25,3,2,Over
5,talk,26,3,4,Over
5,talk,27,3,13,Over
5,talk,28,4,5,AGREE TALK day5 ID:15
5,talk,29,4,6,Over
5,talk,30,4,9,Over
5,talk,31,4,4,Over
5,talk,32,4,12,Over
5,talk,33,4,2,Over
5,talk,34,4,13,Over
5,talk,35,5,9,VOTE Agent[04]
5,talk,36,5,12,Over
5,talk,37,5,5,AGREE TALK day5 ID:12
5,talk,38,5,2,Over
5,talk,39,5,13,Over
5,talk,40,5,6,Over
5,talk,41,5,4,Over
5,talk,42,6,6,Over
5,talk,43,6,9,Over
5,talk,44,6,5,AGREE TALK day5 ID:20
5,talk,45,6,12,Over
5,talk,46,6,2,Over
5,talk,47,6,13,Over
5,talk,48,6,4,Over
5,talk,49,7,12,Over
5,talk,50,7,6,Over
5,talk,51,7,5,AGREE TALK day5 ID:16
5,talk,52,7,2,Over
5,talk,53,7,9,Over
5,talk,54,7,4,Over
5,talk,55,7,13,Over
5,talk,56,8,6,Over
5,talk,57,8,12,Over
5,talk,58,8,13,Over
5,talk,59,8,4,Over
5,talk,60,8,9,Over
5,talk,61,8,5,AGREE TALK day5 ID:9
5,talk,62,8,2,Over
5,talk,63,9,5,AGREE TALK day5 ID:17
5,talk,64,9,12,Over
5,talk,65,9,9,VOTE Agent[06]
5,talk,66,9,13,Over
5,talk,67,9,2,Over
5,talk,68,9,4,Over
5,talk,69,9,6,Over
5,talk,70,10,13,Over
5,talk,71,10,4,Over
5,talk,72,10,2,Over
5,talk,73,10,12,Over
5,talk,74,10,9,Over
5,talk,75,10,6,Over
5,talk,76,10,5,AGREE TALK day5 ID:19
5,talk,77,11,12,Over
5,talk,78,11,9,VOTE Agent[04]
5,talk,79,11,13,Over
5,talk,80,11,6,Over
5,talk,81,11,5,Over
5,talk,82,11,4,Over
5,talk,83,11,2,Over
5,talk,84,12,5,Over
5,talk,85,12,12,Over
5,talk,86,12,2,Over
5,talk,87,12,13,Over
5,talk,88,12,6,Over
5,talk,89,12,9,VOTE Agent[05]
5,talk,90,12,4,Over
5,talk,91,13,5,Over
5,talk,92,13,4,Over
5,talk,93,13,6,Over
5,talk,94,13,9,Over
5,talk,95,13,13,Over
5,talk,96,13,12,Over
5,talk,97,13,2,Over
5,vote,2,4
5,vote,4,12
5,vote,5,4
5,vote,6,4
5,vote,9,5
5,vote,12,4
5,vote,13,2
5,execute,4,VILLAGER
5,attackVote,2,13
5,attack,13,true
6,status,1,WEREWOLF,DEAD,m_cre
6,status,2,WEREWOLF,ALIVE,carlo
6,status,3,VILLAGER,DEAD,AITKN
6,status,4,VILLAGER,DEAD,Dummy13_09
6,status,5,VILLAGER,ALIVE,daisyo
6,status,6,VILLAGER,ALIVE,tori
6,status,7,POSSESSED,DEAD,Dummy13_11
6,status,8,MEDIUM,DEAD,Dummy13_07
6,status,9,VILLAGER,ALIVE,wasabi
6,status,10,SEER,DEAD,TOT
6,status,11,VILLAGER,DEAD,Dummy13_08
6,status,12,VILLAGER,ALIVE,Dummy13_10
6,status,13,VILLAGER,DEAD,megumish
6,status,14,BODYGUARD,DEAD,cash
6,status,15,WEREWOLF,DEAD,JuN1Ro
6,talk,0,0,2,VOTE Agent[05]
6,talk,1,0,5,Skip
6,talk,2,0,9,VOTE Agent[05]
6,talk,3,0,6,VOTE Agent[09]
6,talk,4,0,12,VOTE Agent[02]
6,talk,5,1,12,Skip
6,talk,6,1,5,VOTE Agent[02]
6,talk,7,1,2,Skip
6,talk,8,1,9,Skip
6,talk,9,1,6,Skip
6,talk,10,2,9,Skip
6,talk,11,2,5,AGREE TALK day6 ID:9
6,talk,12,2,12,Skip
6,talk,13,2,2,COMINGOUT Agent[02] BODYGUARD
6,talk,14,2,6,Skip
6,talk,15,3,2,GUARDED Agent[10]
6,talk,16,3,12,Over
6,talk,17,3,6,Over
6,talk,18,3,9,Over
6,talk,19,3,5,AGREE TALK day6 ID:10
6,talk,20,4,2,GUARDED Agent[10]
6,talk,21,4,6,Over
6,talk,22,4,5,AGREE TALK day6 ID:12
6,talk,23,4,9,Over
6,talk,24,4,12,Over
6,talk,25,5,9,Over
6,talk,26,5,5,AGREE TALK day6 ID:14
6,talk,27,5,12,Over
6,talk,28,5,6,Over
6,talk,29,5,2,GUARDED Agent[08]
6,talk,30,6,6,Over
6,talk,31,6,12,Over
6,talk,32,6,9,VOTE Agent[06]
6,talk,33,6,5,AGREE TALK day6 ID:5
6,talk,34,6,2,GUARDED Agent[05]
6,talk,35,7,2,GUARDED Agent[09]
6,talk,36,7,9,VOTE Agent[05]
6,talk,37,7,5,AGREE TALK day6 ID:7
6,talk,38,7,6,Over
6,talk,39,7,12,Over
6,talk,40,8,12,Over
6,talk,41,8,6,Over
6,talk,42,8,5,AGREE TALK day6 ID:8
6,talk,43,8,2,Skip
6,talk,44,8,9,Over
6,talk,45,9,2,Skip
6,talk,46,9,9,Over
6,talk,47,9,12,Over
6,talk,48,9,6,Over
6,talk,49,9,5,AGREE TALK day6 ID:43
6,talk,50,10,12,Over
6,talk,51,10,2,Over
6,talk,52,10,5,AGREE TALK day6 ID:45
6,talk,53,10,6,Over
6,talk,54,10,9,Over
6,talk,55,11,2,Over
6,talk,56,11,6,Over
6,talk,57,11,9,Over
6,talk,58,11,12,Over
6,talk,59,11,5,Over
6,vote,2,5
6,vote,5,2
6,vote,6,9
6,vote,9,5
6,vote,12,2
6,vote,2,5
6,vote,5,2
6,vote,6,5
6,vote,9,6
6,vote,12,2
6,execute,5,VILLAGER
6,attackVote,2,12
6,attack,12,true
7,status,1,WEREWOLF,DEAD,m_cre
7,status,2,WEREWOLF,ALIVE,carlo
7,status,3,VILLAGER,DEAD,AITKN
7,status,4,VILLAGER,DEAD,Dummy13_09
7,status,5,VILLAGER,DEAD,daisyo
7,status,6,VILLAGER,ALIVE,tori
7,status,7,POSSESSED,DEAD,Dummy13_11
7,status,8,MEDIUM,DEAD,Dummy13_07
7,status,9,VILLAGER,ALIVE,wasabi
7,status,10,SEER,DEAD,TOT
7,status,11,VILLAGER,DEAD,Dummy13_08
7,status,12,VILLAGER,DEAD,Dummy13_10
7,status,13,VILLAGER,DEAD,megumish
7,status,14,BODYGUARD,DEAD,cash
7,status,15,WEREWOLF,DEAD,JuN1Ro
7,talk,0,0,9,Skip
7,talk,1,0,2,GUARDED Agent[06]
7,talk,2,0,6,VOTE Agent[09]
7,talk,3,1,6,Skip
7,talk,4,1,2,VOTE Agent[06]
7,talk,5,1,9,VOTE Agent[06]
7,talk,6,2,6,Skip
7,talk,7,2,9,ESTIMATE Agent[02] WEREWOLF
7,talk,8,2,2,Skip
7,talk,9,3,9,VOTE Agent[02]
7,talk,10,3,2,Skip
7,talk,11,3,6,Over
7,talk,12,4,6,Over
7,talk,13,4,9,ESTIMATE Agent[06] VILLAGER
7,talk,14,4,2,Over
7,talk,15,5,6,Over
7,talk,16,5,2,Over
7,talk,17,5,9,Skip
7,talk,18,6,2,Over
7,talk,19,6,9,Skip
7,talk,20,6,6,Over
7,talk,21,7,6,Over
7,talk,22,7,2,Over
7,talk,23,7,9,VOTE Agent[06]
7,talk,24,8,2,Over
7,talk,25,8,6,Over
7,talk,26,8,9,Over
7,vote,2,6
7,vote,6,9
7,vote,9,6
7,execute,6,VILLAGER
7,attackVote,2,9
7,attack,9,true
8,status,1,WEREWOLF,DEAD,m_cre
8,status,2,WEREWOLF,ALIVE,carlo
8,status,3,VILLAGER,DEAD,AITKN
8,status,4,VILLAGER,DEAD,Dummy13_09
8,status,5,VILLAGER,DEAD,daisyo
8,status,6,VILLAGER,DEAD,tori
8,status,7,POSSESSED,DEAD,Dummy13_11
8,status,8,MEDIUM,DEAD,Dummy13_07
8,status,9,VILLAGER,DEAD,wasabi
8,status,10,SEER,DEAD,TOT
8,status,11,VILLAGER,DEAD,Dummy13_08
8,status,12,VILLAGER,DEAD,Dummy13_10
8,status,13,VILLAGER,DEAD,megumish
8,status,14,BODYGUARD,DEAD,cash
8,status,15,WEREWOLF,DEAD,JuN1Ro
8,result,0,1,WEREWOLF
