0,status,1,MEDIUM,ALIVE,m_cre
0,status,2,VILLAGER,ALIVE,carlo
0,status,3,VILLAGER,ALIVE,AITKN
0,status,4,WEREWOLF,ALIVE,Dummy13_09
0,status,5,VILLAGER,ALIVE,daisyo
0,status,6,WEREWOLF,ALIVE,tori
0,status,7,WEREWOLF,ALIVE,Dummy13_11
0,status,8,VILLAGER,ALIVE,Dummy13_07
0,status,9,POSSESSED,ALIVE,wasabi
0,status,10,VILLAGER,ALIVE,TOT
0,status,11,VILLAGER,ALIVE,Dummy13_08
0,status,12,SEER,ALIVE,Dummy13_10
0,status,13,VILLAGER,ALIVE,megumish
0,status,14,VILLAGER,ALIVE,cash
0,status,15,BODYGUARD,ALIVE,JuN1Ro
0,whisper,0,0,6,COMINGOUT Agent[06] VILLAGER
0,whisper,1,0,4,COMINGOUT Agent[04] VILLAGER
0,whisper,2,0,7,COMINGOUT Agent[07] SEER
0,whisper,3,1,4,Skip
0,whisper,4,1,7,Skip
0,whisper,5,1,6,Skip
0,whisper,6,2,7,Skip
0,whisper,7,2,4,COMINGOUT Agent[04] MEDIUM
0,whisper,8,2,6,Skip
0,whisper,9,3,6,Over
0,whisper,10,3,4,Skip
0,whisper,11,3,7,DIVINED Agent[10] WEREWOLF
0,whisper,12,4,6,Over
0,whisper,13,4,7,Skip
0,whisper,14,4,4,Skip
0,whisper,15,5,4,Over
0,whisper,16,5,6,Over
0,whisper,17,5,7,Skip
0,whisper,18,6,4,Over
0,whisper,19,6,6,Over
0,whisper,20,6,7,Over
0,divine,12,2,HUMAN
1,status,1,MEDIUM,ALIVE,m_cre
1,status,2,VILLAGER,ALIVE,carlo
1,status,3,VILLAGER,ALIVE,AITKN
1,status,4,WEREWOLF,ALIVE,Dummy13_09
1,status,5,VILLAGER,ALIVE,daisyo
1,status,6,WEREWOLF,ALIVE,tori
1,status,7,WEREWOLF,ALIVE,Dummy13_11
1,status,8,VILLAGER,ALIVE,Dummy13_07
1,status,9,POSSESSED,ALIVE,wasabi
1,status,10,VILLAGER,ALIVE,TOT
1,status,11,VILLAGER,ALIVE,Dummy13_08
1,status,12,SEER,ALIVE,Dummy13_10
1,status,13,VILLAGER,ALIVE,megumish
1,status,14,VILLAGER,ALIVE,cash
1,status,15,BODYGUARD,ALIVE,JuN1Ro
1,talk,0,0,13,VOTE Agent[04]
1,talk,1,0,3,REQUEST(COMINGOUT Agent[03] SEER)
1,talk,2,0,8,VOTE Agent[13]
1,talk,3,0,11,VOTE Agent[14]
1,talk,4,0,7,VOTE Agent[10]
1,talk,5,0,12,VOTE Agent[11]
1,talk,6,0,9,COMINGOUT Agent[09] SEER
1,talk,7,0,14,DIVINED Agent[03] HUMAN
1,talk,8,0,1,COMINGOUT Agent[01] MEDIUM
1,talk,9,0,2,VOTE Agent[01]
1,talk,10,0,15,VOTE Agent[13]
1,talk,11,0,6,VOTE Agent[15]
1,talk,12,0,4,VOTE Agent[11]
1,talk,13,0,5,Skip
1,talk,14,0,10,VOTE Agent[15]
1,talk,15,1,10,REQUEST(VOTE Agent[15])
1,talk,16,1,15,Over
1,talk,17,1,3,REQUEST(COMINGOUT Agent[03] MEDIUM)
1,talk,18,1,11,ESTIMATE Agent[14] SEER
1,talk,19,1,12,COMINGOUT Agent[12] SEER
1,talk,20,1,14,Over
1,talk,21,1,4,REQUEST(VOTE Agent[11])
1,talk,22,1,5,VOTE Agent[11]
1,talk,23,1,6,REQUEST(VOTE Agent[15])
1,talk,24,1,9,DIVINED Agent[10] HUMAN
1,talk,25,1,1,VOTE Agent[02]
1,talk,26,1,2,VOTE Agent[04]
1,talk,27,1,13,Skip
1,talk,28,1,7,REQUEST(VOTE Agent[10])
1,talk,29,1,8,ESTIMATE Agent[14] SEER
1,talk,30,2,9,VOTE Agent[02]
1,talk,31,2,3,AGREE TALK day1 ID:9
1,talk,32,2,8,Skip
1,talk,33,2,6,Skip
1,talk,34,2,7,COMINGOUT Agent[07] SEER
1,talk,35,2,11,Skip
1,talk,36,2,14,Over
1,talk,37,2,5,AGREE TALK day1 ID:24
1,talk,38,2,2,Skip
1,talk,39,2,13,Skip
1,talk,40,2,4,VOTE Agent[01]
1,talk,41,2,1,VOTE Agent[12]
1,talk,42,2,15,ESTIMATE Agent[14] WEREWOLF
1,talk,43,2,10,Skip
1,talk,44,2,12,DIVINED Agent[02] HUMAN
1,talk,45,3,5,AGREE TALK day1 ID:44
1,talk,46,3,2,Skip
1,talk,47,3,13,Over
1,talk,48,3,10,Skip
1,talk,49,3,15,ESTIMATE Agent[01] VILLAGER
1,talk,50,3,8,Skip
1,talk,51,3,1,VOTE Agent[07]
1,talk,52,3,7,DIVINED Agent[10] WEREWOLF
1,talk,53,3,11,Skip
1,talk,54,3,3,AGREE TALK day1 ID:28
1,talk,55,3,4,REQUEST(VOTE Agent[01])
1,talk,56,3,14,Over
1,talk,57,3,12,ESTIMATE Agent[09] WEREWOLF
1,talk,58,3,9,VOTE Agent[14]
1,talk,59,3,6,Skip
1,talk,60,4,13,Over
1,talk,61,4,8,ESTIMATE Agent[10] WEREWOLF
1,talk,62,4,14,Over
1,talk,63,4,7,Skip
1,talk,64,4,9,VOTE Agent[02]
1,talk,65,4,4,COMINGOUT Agent[04] MEDIUM
1,talk,66,4,1,Skip
1,talk,67,4,11,ESTIMATE Agent[10] WEREWOLF
1,talk,68,4,15,ESTIMATE Agent[07] WEREWOLF
1,talk,69,4,2,Over
1,talk,70,4,10,ESTIMATE Agent[07] WEREWOLF
1,talk,71,4,6,Over
1,talk,72,4,12,VOTE Agent[09]
1,talk,73,4,5,AGREE TALK day1 ID:50
1,talk,74,4,3,AGREE TALK day1 ID:55
1,talk,75,5,1,Skip
1,talk,76,5,3,AGREE TALK day1 ID:68
1,talk,77,5,8,REQUEST(Agent[14] DIVINATION Agent[10])
1,talk,78,5,10,REQUEST(DIVINATION Agent[07])
1,talk,79,5,13,Over
1,talk,80,5,2,VOTE Agent[07]
1,talk,81,5,14,Over
1,talk,82,5,12,Skip
1,talk,83,5,6,Over
1,talk,84,5,9,VOTE Agent[01]
1,talk,85,5,7,Skip
1,talk,86,5,11,REQUEST(Agent[14] DIVINATION Agent[10])
1,talk,87,5,5,AGREE TALK day1 ID:63
1,talk,88,5,15,Over
1,talk,89,5,4,Skip
1,talk,90,6,7,Over
1,talk,91,6,13,Over
1,talk,92,6,11,VOTE Agent[10]
1,talk,93,6,9,VOTE Agent[04]
1,talk,94,6,15,ESTIMATE Agent[04] WEREWOLF
1,talk,95,6,10,VOTE Agent[07]
1,talk,96,6,14,Over
1,talk,97,6,12,Skip
1,talk,98,6,8,VOTE Agent[10]
1,talk,99,6,2,Skip
1,talk,100,6,4,Skip
1,talk,101,6,5,AGREE TALK day1 ID:27
1,talk,102,6,1,Over
1,talk,103,6,6,Over
1,talk,104,6,3,AGREE TALK day1 ID:70
1,talk,105,7,8,Skip
1,talk,106,7,13,Over
1,talk,107,7,7,Over
1,talk,108,7,3,REQUEST(DIVINATION Agent[02])
1,talk,109,7,5,AGREE TALK day1 ID:43
1,talk,110,7,2,Skip
1,talk,111,7,11,Skip
1,talk,112,7,9,Skip
1,talk,113,7,1,Over
1,talk,114,7,12,Over
1,talk,115,7,15,Over
1,talk,116,7,10,REQUEST(VOTE Agent[07])
1,talk,117,7,6,Over
1,talk,118,7,14,Over
1,talk,119,7,4,Over
1,talk,120,8,14,Over
1,talk,121,8,6,Over
1,talk,122,8,2,Over
1,talk,123,8,13,Over
1,talk,124,8,7,Over
1,talk,125,8,1,Over
1,talk,126,8,10,Skip
1,talk,127,8,12,Over
1,talk,128,8,15,Over
1,talk,129,8,4,Over
1,talk,130,8,9,Skip
1,talk,131,8,5,AGREE TALK day1 ID:32
1,talk,132,8,11,Skip
1,talk,133,8,3,Skip
1,talk,134,8,8,Skip
1,talk,135,9,9,Over
1,talk,136,9,13,Over
1,talk,137,9,3,VOTE Agent[01]
1,talk,138,9,5,AGREE TALK day1 ID:100
1,talk,139,9,6,Over
1,talk,140,9,8,Over
1,talk,141,9,11,Over
1,talk,142,9,7,Over
1,talk,143,9,12,Over
1,talk,144,9,10,Skip
1,talk,145,9,4,Over
1,talk,146,9,1,Over
1,talk,147,9,2,Over
1,talk,148,9,14,Over
1,talk,149,9,15,Over
1,talk,150,10,4,Over
1,talk,151,10,6,Over
1,talk,152,10,7,Over
1,talk,153,10,2,Over
1,talk,154,10,8,Over
1,talk,155,10,10,Over
1,talk,156,10,11,Over
1,talk,157,10,12,Over
1,talk,158,10,14,Over
1,talk,159,10,1,Over
1,talk,160,10,13,Over
1,talk,161,10,9,ESTIMATE Agent[01] WEREWOLF
1,talk,162,10,3,AGREE TALK day1 ID:94
1,talk,163,10,15,Over
1,talk,164,10,5,AGREE TALK day1 ID:48
1,talk,165,11,4,Over
1,talk,166,11,11,Over
1,talk,167,11,12,Over
1,talk,168,11,13,Over
1,talk,169,11,3,Over
1,talk,170,11,6,Over
1,talk,171,11,7,Over
1,talk,172,11,9,VOTE Agent[01]
1,talk,173,11,8,Over
1,talk,174,11,15,ESTIMATE Agent[04] WEREWOLF
1,talk,175,11,5,Over
1,talk,176,11,2,Over
1,talk,177,11,10,Over
1,talk,178,11,14,Over
1,talk,179,11,1,Over
1,talk,180,12,2,Over
1,talk,181,12,9,Over
1,talk,182,12,7,Over
1,talk,183,12,6,Over
1,talk,184,12,15,Over
1,talk,185,12,10,Over
1,talk,186,12,12,Over
1,talk,187,12,14,Over
1,talk,188,12,8,Over
1,talk,189,12,1,Over
1,talk,190,12,3,Over
1,talk,191,12,4,Over
1,talk,192,12,5,Over
1,talk,193,12,11,Over
1,talk,194,12,13,Over
1,vote,1,7
1,vote,2,7
1,vote,3,1
1,vote,4,1
1,vote,5,11
1,vote,6,15
1,vote,7,10
1,vote,8,10
1,vote,9,1
1,vote,10,7
1,vote,11,10
1,vote,12,9
1,vote,13,4
1,vote,14,13
1,vote,15,4
1,vote,1,7
1,vote,2,7
1,vote,3,1
1,vote,4,1
1,vote,5,11
1,vote,6,10
1,vote,7,10
1,vote,8,10
1,vote,9,1
1,vote,10,7
1,vote,11,10
1,vote,12,7
1,vote,13,4
1,vote,14,10
1,vote,15,4
1,execute,10,VILLAGER
1,divine,12,7,WEREWOLF
1,whisper,0,0,6,ATTACK Agent[09]
1,whisper,1,0,7,ATTACK Agent[12]
1,whisper,2,0,4,ATTACK Agent[01]
1,whisper,3,1,4,REQUEST(ATTACK Agent[01])
1,whisper,4,1,7,REQUEST(ATTACK Agent[12])
1,whisper,5,1,6,REQUEST(ATTACK Agent[09])
1,whisper,6,2,7,DIVINED Agent[04] HUMAN
1,whisper,7,2,6,Skip
1,whisper,8,2,4,IDENTIFIED Agent[10] HUMAN
1,whisper,9,3,6,Skip
1,whisper,10,3,7,Skip
1,whisper,11,3,4,Skip
1,whisper,12,4,4,Skip
1,whisper,13,4,6,Over
1,whisper,14,4,7,Skip
1,whisper,15,5,4,Over
1,whisper,16,5,7,Over
1,whisper,17,5,6,Over
1,guard,15,9,POSSESSED
1,attackVote,4,1
1,attackVote,6,9
1,attackVote,7,12
1,attackVote,4,1
1,attackVote,6,9
1,attackVote,7,12
1,attack,9,false
2,status,1,MEDIUM,ALIVE,m_cre
2,status,2,VILLAGER,ALIVE,carlo
2,status,3,VILLAGER,ALIVE,AITKN
2,status,4,WEREWOLF,ALIVE,Dummy13_09
2,status,5,VILLAGER,ALIVE,daisyo
2,status,6,WEREWOLF,ALIVE,tori
2,status,7,WEREWOLF,ALIVE,Dummy13_11
2,status,8,VILLAGER,ALIVE,Dummy13_07
2,status,9,POSSESSED,ALIVE,wasabi
2,status,10,VILLAGER,DEAD,TOT
2,status,11,VILLAGER,ALIVE,Dummy13_08
2,status,12,SEER,ALIVE,Dummy13_10
2,status,13,VILLAGER,ALIVE,megumish
2,status,14,VILLAGER,ALIVE,cash
2,status,15,BODYGUARD,ALIVE,JuN1Ro
2,talk,0,0,5,Skip
2,talk,1,0,11,VOTE Agent[13]
2,talk,2,0,1,IDENTIFIED Agent[10] HUMAN
2,talk,3,0,2,VOTE Agent[07]
2,talk,4,0,12,DIVINED Agent[07] WEREWOLF
2,talk,5,0,6,VOTE Agent[01]
2,talk,6,0,15,VOTE Agent[04]
2,talk,7,0,14,DIVINED Agent[04] HUMAN
2,talk,8,0,9,DIVINED Agent[11] HUMAN
2,talk,9,0,3,Skip
2,talk,10,0,8,VOTE Agent[06]
2,talk,11,0,7,DIVINED Agent[04] HUMAN
2,talk,12,0,4,IDENTIFIED Agent[10] HUMAN
2,talk,13,0,13,VOTE Agent[09]
2,talk,14,1,8,AGREE TALK day1 ID:68
2,talk,15,1,14,Over
2,talk,16,1,7,VOTE Agent[09]
2,talk,17,1,9,VOTE Agent[01]
2,talk,18,1,13,Skip
2,talk,19,1,12,REQUEST(VOTE Agent[07])
2,talk,20,1,4,VOTE Agent[01]
2,talk,21,1,3,AGREE TALK day2 ID:5
2,talk,22,1,15,ESTIMATE Agent[01] WEREWOLF
2,talk,23,1,6,REQUEST(VOTE Agent[01])
2,talk,24,1,1,VOTE Agent[07]
2,talk,25,1,5,VOTE Agent[01]
2,talk,26,1,11,AGREE TALK day1 ID:68
2,talk,27,1,2,Skip
2,talk,28,2,5,AGREE TALK day2 ID:18
2,talk,29,2,4,REQUEST(VOTE Agent[01])
2,talk,30,2,6,Skip
2,talk,31,2,15,Over
2,talk,32,2,3,ESTIMATE Agent[12] WEREWOLF
2,talk,33,2,8,AGREE TALK day1 ID:70
2,talk,34,2,12,VOTE Agent[07]
2,talk,35,2,13,Skip
2,talk,36,2,1,Skip
2,talk,37,2,2,Skip
2,talk,38,2,14,Over
2,talk,39,2,7,REQUEST(VOTE Agent[09])
2,talk,40,2,11,AGREE TALK day1 ID:70
2,talk,41,2,9,ESTIMATE Agent[07] WEREWOLF
2,talk,42,3,9,ESTIMATE Agent[07] WEREWOLF
2,talk,43,3,15,ESTIMATE Agent[01] VILLAGER
2,talk,44,3,14,Over
2,talk,45,3,8,ESTIMATE Agent[07] WEREWOLF
2,talk,46,3,3,AGREE TALK day2 ID:17
2,talk,47,3,12,Skip
2,talk,48,3,1,Skip
2,talk,49,3,7,Skip
2,talk,50,3,5,AGREE TALK day2 ID:8
2,talk,51,3,4,Skip
2,talk,52,3,11,ESTIMATE Agent[07] WEREWOLF
2,talk,53,3,2,Over
2,talk,54,3,6,Skip
2,talk,55,3,13,Over
2,talk,56,4,6,Over
2,talk,57,4,4,Skip
2,talk,58,4,7,Skip
2,talk,59,4,12,Skip
2,talk,60,4,13,Over
2,talk,61,4,8,REQUEST(Agent[14] DIVINATION Agent[07])
2,talk,62,4,11,REQUEST(Agent[14] DIVINATION Agent[07])
2,talk,63,4,9,ESTIMATE Agent[12] WEREWOLF
2,talk,64,4,2,Over
2,talk,65,4,15,Over
2,talk,66,4,1,Over
2,talk,67,4,3,VOTE Agent[12]
2,talk,68,4,5,AGREE TALK day2 ID:47
2,talk,69,4,14,Over
2,talk,70,5,14,Over
2,talk,71,5,15,ESTIMATE Agent[01] VILLAGER
2,talk,72,5,6,Over
2,talk,73,5,11,VOTE Agent[07]
2,talk,74,5,5,AGREE TALK day2 ID:48
2,talk,75,5,1,Over
2,talk,76,5,13,Over
2,talk,77,5,8,VOTE Agent[07]
2,talk,78,5,12,Over
2,talk,79,5,9,Skip
2,talk,80,5,3,REQUEST(DIVINATION Agent[01])
2,talk,81,5,2,Over
2,talk,82,5,4,Over
2,talk,83,5,7,Over
2,talk,84,6,11,Skip
2,talk,85,6,8,Skip
2,talk,86,6,2,Over
2,talk,87,6,7,Over
2,talk,88,6,1,Over
2,talk,89,6,14,Over
2,talk,90,6,5,AGREE TALK day2 ID:43
2,talk,91,6,3,AGREE TALK day2 ID:20
2,talk,92,6,6,Over
2,talk,93,6,9,ESTIMATE Agent[02] VILLAGER
2,talk,94,6,4,Over
2,talk,95,6,13,Over
2,talk,96,6,15,ESTIMATE Agent[04] WEREWOLF
2,talk,97,6,12,Over
2,talk,98,7,7,Over
2,talk,99,7,12,Over
2,talk,100,7,4,Over
2,talk,101,7,15,ESTIMATE Agent[04] WEREWOLF
2,talk,102,7,5,AGREE TALK day2 ID:84
2,talk,103,7,9,ESTIMATE Agent[05] VILLAGER
2,talk,104,7,14,Over
2,talk,105,7,2,Over
2,talk,106,7,13,Over
2,talk,107,7,11,Skip
2,talk,108,7,1,Over
2,talk,109,7,3,AGREE TALK day2 ID:23
2,talk,110,7,6,Over
2,talk,111,7,8,Skip
2,talk,112,8,3,AGREE TALK day2 ID:25
2,talk,113,8,8,Over
2,talk,114,8,7,Over
2,talk,115,8,9,ESTIMATE Agent[07] WEREWOLF
2,talk,116,8,12,Over
2,talk,117,8,2,Over
2,talk,118,8,14,Over
2,talk,119,8,6,Over
2,talk,120,8,13,Over
2,talk,121,8,11,Over
2,talk,122,8,4,Over
2,talk,123,8,5,AGREE TALK day2 ID:36
2,talk,124,8,1,Over
2,talk,125,8,15,Over
2,talk,126,9,1,Over
2,talk,127,9,3,AGREE TALK day2 ID:29
2,talk,128,9,15,Over
2,talk,129,9,7,Over
2,talk,130,9,5,AGREE TALK day2 ID:71
2,talk,131,9,13,Over
2,talk,132,9,11,Over
2,talk,133,9,8,Over
2,talk,134,9,6,Over
2,talk,135,9,2,Over
2,talk,136,9,9,ESTIMATE Agent[14] VILLAGER
2,talk,137,9,4,Over
2,talk,138,9,14,Over
2,talk,139,9,12,Over
2,talk,140,10,7,Over
2,talk,141,10,2,Over
2,talk,142,10,1,Over
2,talk,143,10,4,Over
2,talk,144,10,15,Over
2,talk,145,10,3,AGREE TALK day2 ID:41
2,talk,146,10,13,Over
2,talk,147,10,5,AGREE TALK day2 ID:30
2,talk,148,10,8,Over
2,talk,149,10,14,Over
2,talk,150,10,12,Over
2,talk,151,10,9,VOTE Agent[04]
2,talk,152,10,11,Over
2,talk,153,10,6,Over
2,talk,154,11,1,Over
2,talk,155,11,3,Over
2,talk,156,11,7,Over
2,talk,157,11,12,Over
2,talk,158,11,5,Over
2,talk,159,11,8,Over
2,talk,160,11,14,Over
2,talk,161,11,6,Over
2,talk,162,11,13,Over
2,talk,163,11,9,Over
2,talk,164,11,2,Over
2,talk,165,11,15,Over
2,talk,166,11,4,Over
2,talk,167,11,11,Over
2,vote,1,7
2,vote,2,7
2,vote,3,12
2,vote,4,1
2,vote,5,1
2,vote,6,1
2,vote,7,9
2,vote,8,7
2,vote,9,4
2,vote,11,7
2,vote,12,7
2,vote,13,9
2,vote,14,5
2,vote,15,4
2,execute,7,WEREWOLF
2,divine,12,9,HUMAN
2,whisper,0,0,7,ESTIMATE Agent[14] POSSESSED
2,whisper,1,0,4,ESTIMATE Agent[14] POSSESSED
2,whisper,2,0,6,ESTIMATE Agent[14] POSSESSED
2,whisper,3,1,4,ATTACK Agent[12]
2,whisper,4,1,6,ATTACK Agent[09]
2,whisper,5,1,7,ATTACK Agent[12]
2,whisper,6,2,4,REQUEST(ATTACK Agent[12])
2,whisper,7,2,7,REQUEST(ATTACK Agent[12])
2,whisper,8,2,6,REQUEST(ATTACK Agent[09])
2,whisper,9,3,7,DIVINED Agent[05] HUMAN
2,whisper,10,3,6,Skip
2,whisper,11,3,4,IDENTIFIED Agent[07] HUMAN
2,whisper,12,4,6,Skip
2,whisper,13,4,4,Skip
2,whisper,14,4,7,Skip
2,whisper,15,5,4,Skip
2,whisper,16,5,6,Over
2,whisper,17,5,7,Skip
2,whisper,18,6,6,Over
2,whisper,19,6,7,Over
2,whisper,20,6,4,Over
2,guard,15,9,POSSESSED
2,attackVote,4,12
2,attackVote,6,9
2,attackVote,7,12
2,attackVote,4,12
2,attackVote,6,12
2,attackVote,7,12
2,attack,12,true
3,status,1,MEDIUM,ALIVE,m_cre
3,status,2,VILLAGER,ALIVE,carlo
3,status,3,VILLAGER,ALIVE,AITKN
3,status,4,WEREWOLF,ALIVE,Dummy13_09
3,status,5,VILLAGER,ALIVE,daisyo
3,status,6,WEREWOLF,ALIVE,tori
3,status,7,WEREWOLF,DEAD,Dummy13_11
3,status,8,VILLAGER,ALIVE,Dummy13_07
3,status,9,POSSESSED,ALIVE,wasabi
3,status,10,VILLAGER,DEAD,TOT
3,status,11,VILLAGER,ALIVE,Dummy13_08
3,status,12,SEER,DEAD,Dummy13_10
3,status,13,VILLAGER,ALIVE,megumish
3,status,14,VILLAGER,ALIVE,cash
3,status,15,BODYGUARD,ALIVE,JuN1Ro
3,talk,0,0,6,VOTE Agent[05]
3,talk,1,0,8,VOTE Agent[02]
3,talk,2,0,13,VOTE Agent[06]
3,talk,3,0,11,VOTE Agent[09]
3,talk,4,0,5,Skip
3,talk,5,0,1,IDENTIFIED Agent[07] WEREWOLF
3,talk,6,0,9,DIVINED Agent[15] HUMAN
3,talk,7,0,4,IDENTIFIED Agent[07] HUMAN
3,talk,8,0,15,ESTIMATE Agent[01] WEREWOLF
3,talk,9,0,3,Skip
3,talk,10,0,2,VOTE Agent[03]
3,talk,11,0,14,DIVINED Agent[11] HUMAN
3,talk,12,1,5,VOTE Agent[02]
3,talk,13,1,3,Skip
3,talk,14,1,4,VOTE Agent[01]
3,talk,15,1,8,Skip
3,talk,16,1,1,VOTE Agent[09]
3,talk,17,1,6,REQUEST(VOTE Agent[05])
3,talk,18,1,2,Skip
3,talk,19,1,11,Skip
3,talk,20,1,14,Over
3,talk,21,1,9,Skip
3,talk,22,1,15,VOTE Agent[04]
3,talk,23,1,13,Skip
3,talk,24,2,6,Skip
3,talk,25,2,11,Skip
3,talk,26,2,8,Skip
3,talk,27,2,5,AGREE TALK day3 ID:9
3,talk,28,2,13,Skip
3,talk,29,2,1,Skip
3,talk,30,2,14,Over
3,talk,31,2,15,Over
3,talk,32,2,4,REQUEST(VOTE Agent[01])
3,talk,33,2,3,ESTIMATE Agent[01] WEREWOLF
3,talk,34,2,2,Skip
3,talk,35,2,9,VOTE Agent[04]
3,talk,36,3,11,Over
3,talk,37,3,8,Over
3,talk,38,3,13,Over
3,talk,39,3,15,ESTIMATE Agent[04] WEREWOLF
3,talk,40,3,6,Skip
3,talk,41,3,5,AGREE TALK day3 ID:19
3,talk,42,3,1,Skip
3,talk,43,3,3,AGREE TALK day3 ID:14
3,talk,44,3,4,Skip
3,talk,45,3,14,Over
3,talk,46,3,2,Over
3,talk,47,3,9,ESTIMATE Agent[11] VILLAGER
3,talk,48,4,13,Over
3,talk,49,4,6,Over
3,talk,50,4,11,Over
3,talk,51,4,4,Skip
3,talk,52,4,8,Over
3,talk,53,4,5,AGREE TALK day3 ID:21
3,talk,54,4,14,Over
3,talk,55,4,2,Over
3,talk,56,4,3,VOTE Agent[01]
3,talk,57,4,9,ESTIMATE Agent[14] VILLAGER
3,talk,58,4,15,ESTIMATE Agent[01] VILLAGER
3,talk,59,4,1,Over
3,talk,60,5,8,Over
3,talk,61,5,1,Over
3,talk,62,5,4,Over
3,talk,63,5,2,Over
3,talk,64,5,15,Over
3,talk,65,5,14,Over
3,talk,66,5,11,Over
3,talk,67,5,5,AGREE TALK day3 ID:58
3,talk,68,5,13,Over
3,talk,69,5,3,REQUEST(DIVINATION Agent[04])
3,talk,70,5,9,ESTIMATE Agent[13] VILLAGER
3,talk,71,5,6,Over
3,talk,72,6,9,ESTIMATE Agent[01] MEDIUM
3,talk,73,6,2,Over
3,talk,74,6,11,Over
3,talk,75,6,13,Over
3,talk,76,6,1,Over
3,talk,77,6,6,Over
3,talk,78,6,8,Over
3,talk,79,6,15,Over
3,talk,80,6,3,AGREE TALK day3 ID:32
3,talk,81,6,5,AGREE TALK day3 ID:70
3,talk,82,6,14,Over
3,talk,83,6,4,Over
3,talk,84,7,5,AGREE TALK day3 ID:24
3,talk,85,7,11,Over
3,talk,86,7,14,Over
3,talk,87,7,8,Over
3,talk,88,7,1,Over
3,talk,89,7,3,AGREE TALK day3 ID:39
3,talk,90,7,15,ESTIMATE Agent[04] WEREWOLF
3,talk,91,7,2,Over
3,talk,92,7,4,Over
3,talk,93,7,9,Skip
3,talk,94,7,6,Over
3,talk,95,7,13,Over
3,talk,96,8,3,AGREE TALK day3 ID:47
3,talk,97,8,14,Over
3,talk,98,8,1,Over
3,talk,99,8,8,Over
3,talk,100,8,11,Over
3,talk,101,8,6,Over
3,talk,102,8,5,AGREE TALK day3 ID:18
3,talk,103,8,9,Skip
3,talk,104,8,4,Over
3,talk,105,8,13,Over
3,talk,106,8,2,Over
3,talk,107,8,15,Over
3,talk,108,9,1,Over
3,talk,109,9,9,ESTIMATE Agent[06] VILLAGER
3,talk,110,9,8,Over
3,talk,111,9,3,AGREE TALK day3 ID:57
3,talk,112,9,6,Over
3,talk,113,9,4,Over
3,talk,114,9,2,Over
3,talk,115,9,15,Over
3,talk,116,9,11,Over
3,talk,117,9,14,Over
3,talk,118,9,5,AGREE TALK day3 ID:47
3,talk,119,9,13,Over
3,talk,120,10,1,Over
3,talk,121,10,9,ESTIMATE Agent[05] VILLAGER
3,talk,122,10,14,Over
3,talk,123,10,2,Over
3,talk,124,10,4,Over
3,talk,125,10,13,Over
3,talk,126,10,15,Over
3,talk,127,10,5,AGREE TALK day3 ID:23
3,talk,128,10,3,AGREE TALK day3 ID:70
3,talk,129,10,8,Over
3,talk,130,10,11,Over
3,talk,131,10,6,Over
3,talk,132,11,14,Over
3,talk,133,11,8,Over
3,talk,134,11,1,Over
3,talk,135,11,5,Over
3,talk,136,11,2,Over
3,talk,137,11,6,Over
3,talk,138,11,15,ESTIMATE Agent[04] WEREWOLF
3,talk,139,11,4,Over
3,talk,140,11,9,Over
3,talk,141,11,13,Over
3,talk,142,11,3,AGREE TALK day3 ID:72
3,talk,143,11,11,Over
3,talk,144,12,5,Over
3,talk,145,12,13,Over
3,talk,146,12,14,Over
3,talk,147,12,8,Over
3,talk,148,12,11,Over
3,talk,149,12,6,Over
3,talk,150,12,1,Over
3,talk,151,12,15,Over
3,talk,152,12,2,Over
3,talk,153,12,9,ESTIMATE Agent[05] VILLAGER
3,talk,154,12,4,Over
3,talk,155,12,3,Over
3,talk,156,13,6,Over
3,talk,157,13,1,Over
3,talk,158,13,8,Over
3,talk,159,13,4,Over
3,talk,160,13,9,ESTIMATE Agent[04] WEREWOLF
3,talk,161,13,11,Over
3,talk,162,13,3,Over
3,talk,163,13,5,Over
3,talk,164,13,14,Over
3,talk,165,13,2,Over
3,talk,166,13,15,Over
3,talk,167,13,13,Over
3,talk,168,14,8,Over
3,talk,169,14,1,Over
3,talk,170,14,9,Over
3,talk,171,14,5,Over
3,talk,172,14,6,Over
3,talk,173,14,3,Over
3,talk,174,14,13,Over
3,talk,175,14,15,Over
3,talk,176,14,4,Over
3,talk,177,14,14,Over
3,talk,178,14,11,Over
3,talk,179,14,2,Over
3,vote,1,9
3,vote,2,3
3,vote,3,1
3,vote,4,1
3,vote,5,2
3,vote,6,5
3,vote,8,2
3,vote,9,4
3,vote,11,9
3,vote,13,6
3,vote,14,13
3,vote,15,4
3,vote,1,9
3,vote,2,3
3,vote,3,1
3,vote,4,1
3,vote,5,2
3,vote,6,2
3,vote,8,2
3,vote,9,4
3,vote,11,9
3,vote,13,6
3,vote,14,5
3,vote,15,4
3,execute,2,VILLAGER
3,whisper,0,0,6,ATTACK Agent[09]
3,whisper,1,0,4,ATTACK Agent[01]
3,whisper,2,1,6,REQUEST(ATTACK Agent[09])
3,whisper,3,1,4,REQUEST(ATTACK Agent[01])
3,whisper,4,2,4,IDENTIFIED Agent[02] WEREWOLF
3,whisper,5,2,6,Skip
3,whisper,6,3,6,Skip
3,whisper,7,3,4,Skip
3,whisper,8,4,6,Over
3,whisper,9,4,4,Skip
3,whisper,10,5,4,Over
3,whisper,11,5,6,Over
3,guard,15,9,POSSESSED
3,attackVote,4,1
3,attackVote,6,9
3,attackVote,4,1
3,attackVote,6,9
3,attack,1,true
4,status,1,MEDIUM,DEAD,m_cre
4,status,2,VILLAGER,DEAD,carlo
4,status,3,VILLAGER,ALIVE,AITKN
4,status,4,WEREWOLF,ALIVE,Dummy13_09
4,status,5,VILLAGER,ALIVE,daisyo
4,status,6,WEREWOLF,ALIVE,tori
4,status,7,WEREWOLF,DEAD,Dummy13_11
4,status,8,VILLAGER,ALIVE,Dummy13_07
4,status,9,POSSESSED,ALIVE,wasabi
4,status,10,VILLAGER,DEAD,TOT
4,status,11,VILLAGER,ALIVE,Dummy13_08
4,status,12,SEER,DEAD,Dummy13_10
4,status,13,VILLAGER,ALIVE,megumish
4,status,14,VILLAGER,ALIVE,cash
4,status,15,BODYGUARD,ALIVE,JuN1Ro
4,talk,0,0,6,VOTE Agent[05]
4,talk,1,0,11,VOTE Agent[13]
4,talk,2,0,15,VOTE Agent[04]
4,talk,3,0,13,VOTE Agent[08]
4,talk,4,0,8,VOTE Agent[15]
4,talk,5,0,14,DIVINED Agent[15] HUMAN
4,talk,6,0,4,IDENTIFIED Agent[02] WEREWOLF
4,talk,7,0,3,Skip
4,talk,8,0,5,Skip
4,talk,9,0,9,DIVINED Agent[08] WEREWOLF
4,talk,10,1,4,VOTE Agent[11]
4,talk,11,1,8,AGREE TALK day1 ID:57
4,talk,12,1,3,AGREE TALK day4 ID:2
4,talk,13,1,9,VOTE Agent[04]
4,talk,14,1,5,VOTE Agent[04]
4,talk,15,1,13,Skip
4,talk,16,1,11,ESTIMATE Agent[08] WEREWOLF
4,talk,17,1,6,REQUEST(VOTE Agent[05])
4,talk,18,1,14,Over
4,talk,19,1,15,Over
4,talk,20,2,15,Over
4,talk,21,2,4,REQUEST(VOTE Agent[11])
4,talk,22,2,14,Over
4,talk,23,2,11,REQUEST(Agent[14] DIVINATION Agent[08])
4,talk,24,2,8,ESTIMATE Agent[09] WEREWOLF
4,talk,25,2,6,Skip
4,talk,26,2,5,AGREE TALK day4 ID:7
4,talk,27,2,13,Skip
4,talk,28,2,3,ESTIMATE Agent[09] WEREWOLF
4,talk,29,2,9,ESTIMATE Agent[08] WEREWOLF
4,talk,30,3,11,VOTE Agent[08]
4,talk,31,3,4,Skip
4,talk,32,3,15,Over
4,talk,33,3,5,AGREE TALK day4 ID:15
4,talk,34,3,8,REQUEST(Agent[14] DIVINATION Agent[09])
4,talk,35,3,3,AGREE TALK day4 ID:13
4,talk,36,3,13,Over
4,talk,37,3,9,ESTIMATE Agent[03] VILLAGER
4,talk,38,3,14,Over
4,talk,39,3,6,Skip
4,talk,40,4,9,ESTIMATE Agent[11] VILLAGER
4,talk,41,4,13,Over
4,talk,42,4,15,Over
4,talk,43,4,11,Skip
4,talk,44,4,14,Over
4,talk,45,4,6,Over
4,talk,46,4,3,VOTE Agent[09]
4,talk,47,4,8,VOTE Agent[09]
4,talk,48,4,5,AGREE TALK day4 ID:39
4,talk,49,4,4,Skip
4,talk,50,5,4,Over
4,talk,51,5,3,REQUEST(DIVINATION Agent[04])
4,talk,52,5,9,Skip
4,talk,53,5,15,Over
4,talk,54,5,13,Over
4,talk,55,5,14,Over
4,talk,56,5,11,Skip
4,talk,57,5,8,Skip
4,talk,58,5,6,Over
4,talk,59,5,5,AGREE TALK day4 ID:49
4,talk,60,6,15,Over
4,talk,61,6,13,Over
4,talk,62,6,8,Skip
4,talk,63,6,14,Over
4,talk,64,6,5,AGREE TALK day4 ID:5
4,talk,65,6,6,Over
4,talk,66,6,9,ESTIMATE Agent[08] WEREWOLF
4,talk,67,6,11,Over
4,talk,68,6,4,Over
4,talk,69,6,3,AGREE TALK day4 ID:14
4,talk,70,7,4,Over
4,talk,71,7,9,Skip
4,talk,72,7,15,ESTIMATE Agent[11] VILLAGER
4,talk,73,7,6,Over
4,talk,74,7,3,AGREE TALK day4 ID:37
4,talk,75,7,11,Over
4,talk,76,7,13,Over
4,talk,77,7,8,Over
4,talk,78,7,5,AGREE TALK day4 ID:27
4,talk,79,7,14,Over
4,talk,80,8,3,AGREE TALK day4 ID:40
4,talk,81,8,8,Over
4,talk,82,8,9,ESTIMATE Agent[04] WEREWOLF
4,talk,83,8,13,Over
4,talk,84,8,4,Over
4,talk,85,8,11,Over
4,talk,86,8,5,AGREE TALK day4 ID:40
4,talk,87,8,14,Over
4,talk,88,8,6,Over
4,talk,89,8,15,Over
4,talk,90,9,9,Skip
4,talk,91,9,3,AGREE TALK day4 ID:47
4,talk,92,9,13,Over
4,talk,93,9,5,AGREE TALK day4 ID:31
4,talk,94,9,14,Over
4,talk,95,9,15,Over
4,talk,96,9,4,Over
4,talk,97,9,8,Over
4,talk,98,9,6,Over
4,talk,99,9,11,Over
4,talk,100,10,14,Over
4,talk,101,10,5,AGREE TALK day4 ID:52
4,talk,102,10,15,ESTIMATE Agent[11] VILLAGER
4,talk,103,10,4,Over
4,talk,104,10,13,Over
4,talk,105,10,9,ESTIMATE Agent[13] VILLAGER
4,talk,106,10,8,Over
4,talk,107,10,3,AGREE TALK day4 ID:72
4,talk,108,10,11,Over
4,talk,109,10,6,Over
4,talk,110,11,4,Over
4,talk,111,11,13,Over
4,talk,112,11,9,Over
4,talk,113,11,8,Over
4,talk,114,11,5,Over
4,talk,115,11,15,Over
4,talk,116,11,6,Over
4,talk,117,11,14,Over
4,talk,118,11,3,Over
4,talk,119,11,11,Over
4,vote,3,9
4,vote,4,11
4,vote,5,4
4,vote,6,5
4,vote,8,9
4,vote,9,4
4,vote,11,8
4,vote,13,8
4,vote,14,5
4,vote,15,4
4,execute,4,WEREWOLF
4,whisper,0,0,4,ESTIMATE Agent[09] POSSESSED
4,whisper,1,0,6,ESTIMATE Agent[09] POSSESSED
4,whisper,2,1,6,ATTACK Agent[08]
4,whisper,3,1,4,ATTACK Agent[08]
4,whisper,4,2,4,REQUEST(ATTACK Agent[08])
4,whisper,5,2,6,REQUEST(ATTACK Agent[08])
4,whisper,6,3,4,IDENTIFIED Agent[04] HUMAN
4,whisper,7,3,6,Skip
4,whisper,8,4,6,Skip
4,whisper,9,4,4,Skip
4,whisper,10,5,4,Skip
4,whisper,11,5,6,Over
4,whisper,12,6,4,Over
4,whisper,13,6,6,Over
4,guard,15,9,POSSESSED
4,attackVote,4,8
4,attackVote,6,8
4,attack,8,true
5,status,1,MEDIUM,DEAD,m_cre
5,status,2,VILLAGER,DEAD,carlo
5,status,3,VILLAGER,ALIVE,AITKN
5,status,4,WEREWOLF,DEAD,Dummy13_09
5,status,5,VILLAGER,ALIVE,daisyo
5,status,6,WEREWOLF,ALIVE,tori
5,status,7,WEREWOLF,DEAD,Dummy13_11
5,status,8,VILLAGER,DEAD,Dummy13_07
5,status,9,POSSESSED,ALIVE,wasabi
5,status,10,VILLAGER,DEAD,TOT
5,status,11,VILLAGER,ALIVE,Dummy13_08
5,status,12,SEER,DEAD,Dummy13_10
5,status,13,VILLAGER,ALIVE,megumish
5,status,14,VILLAGER,ALIVE,cash
5,status,15,BODYGUARD,ALIVE,JuN1Ro
5,talk,0,0,9,DIVINED Agent[14] WEREWOLF
5,talk,1,0,15,VOTE Agent[14]
5,talk,2,0,11,AGREE TALK day1 ID:57
5,talk,3,0,13,ESTIMATE Agent[09] WEREWOLF
5,talk,4,0,5,Skip
5,talk,5,0,14,DIVINED Agent[06] HUMAN
5,talk,6,0,3,Skip
5,talk,7,0,6,VOTE Agent[03]
5,talk,8,1,13,REQUEST(DIVINATION Agent[09])
5,talk,9,1,11,AGREE TALK day4 ID:24
5,talk,10,1,6,REQUEST(VOTE Agent[03])
5,talk,11,1,15,ESTIMATE Agent[14] WEREWOLF
5,talk,12,1,5,VOTE Agent[03]
5,talk,13,1,3,Skip
5,talk,14,1,9,VOTE Agent[03]
5,talk,15,1,14,Over
5,talk,16,2,15,Over
5,talk,17,2,6,Skip
5,talk,18,2,14,Over
5,talk,19,2,9,Skip
5,talk,20,2,13,VOTE Agent[09]
5,talk,21,2,11,AGREE TALK day4 ID:28
5,talk,22,2,5,AGREE TALK day5 ID:6
5,talk,23,2,3,ESTIMATE Agent[09] WEREWOLF
5,talk,24,3,5,AGREE TALK day5 ID:17
5,talk,25,3,11,ESTIMATE Agent[09] WEREWOLF
5,talk,26,3,15,Over
5,talk,27,3,14,Over
5,talk,28,3,6,Skip
5,talk,29,3,9,Skip
5,talk,30,3,13,Skip
5,talk,31,3,3,Skip
5,talk,32,4,13,Skip
5,talk,33,4,9,Over
5,talk,34,4,5,AGREE TALK day5 ID:31
5,talk,35,4,11,REQUEST(Agent[14] DIVINATION Agent[09])
5,talk,36,4,15,Over
5,talk,37,4,3,VOTE Agent[09]
5,talk,38,4,14,Over
5,talk,39,4,6,Over
5,talk,40,5,15,ESTIMATE Agent[11] VILLAGER
5,talk,41,5,6,Over
5,talk,42,5,13,Over
5,talk,43,5,9,Over
5,talk,44,5,3,REQUEST(DIVINATION Agent[05])
5,talk,45,5,5,AGREE TALK day5 ID:5
5,talk,46,5,14,Over
5,talk,47,5,11,VOTE Agent[09]
5,talk,48,6,3,AGREE TALK day5 ID:40
5,talk,49,6,5,AGREE TALK day5 ID:29
5,talk,50,6,15,Over
5,talk,51,6,14,Over
5,talk,52,6,9,Over
5,talk,53,6,13,Over
5,talk,54,6,11,Skip
5,talk,55,6,6,Over
5,talk,56,7,14,Over
5,talk,57,7,15,Over
5,talk,58,7,9,Over
5,talk,59,7,3,AGREE TALK day5 ID:47
5,talk,60,7,11,Skip
5,talk,61,7,13,Over
5,talk,62,7,6,Over
5,talk,63,7,5,AGREE TALK day5 ID:30
5,talk,64,8,13,Over
5,talk,65,8,15,Over
5,talk,66,8,11,Over
5,talk,67,8,6,Over
5,talk,68,8,5,AGREE TALK day5 ID:13
5,talk,69,8,14,Over
5,talk,70,8,9,Over
5,talk,71,8,3,Skip
5,talk,72,9,14,Over
5,talk,73,9,6,Over
5,talk,74,9,15,Over
5,talk,75,9,9,Over
5,talk,76,9,5,AGREE TALK day5 ID:54
5,talk,77,9,3,Skip
5,talk,78,9,11,Over
5,talk,79,9,13,Over
5,talk,80,10,11,Over
5,talk,81,10,5,AGREE TALK day5 ID:19
5,talk,82,10,6,Over
5,talk,83,10,14,Over
5,talk,84,10,9,Over
5,talk,85,10,15,Over
5,talk,86,10,13,Over
5,talk,87,10,3,Over
5,talk,88,11,3,Over
5,talk,89,11,11,Over
5,talk,90,11,5,Over
5,talk,91,11,13,Over
5,talk,92,11,15,Over
5,talk,93,11,9,Over
5,talk,94,11,6,Over
5,talk,95,11,14,Over
5,vote,3,9
5,vote,5,3
5,vote,6,3
5,vote,9,3
5,vote,11,9
5,vote,13,9
5,vote,14,13
5,vote,15,14
5,vote,3,9
5,vote,5,3
5,vote,6,3
5,vote,9,3
5,vote,11,9
5,vote,13,9
5,vote,14,5
5,vote,15,14
5,execute,3,VILLAGER
5,guard,15,9,POSSESSED
5,attackVote,6,11
5,attack,11,true
6,status,1,MEDIUM,DEAD,m_cre
6,status,2,VILLAGER,DEAD,carlo
6,status,3,VILLAGER,DEAD,AITKN
6,status,4,WEREWOLF,DEAD,Dummy13_09
6,status,5,VILLAGER,ALIVE,daisyo
6,status,6,WEREWOLF,ALIVE,tori
6,status,7,WEREWOLF,DEAD,Dummy13_11
6,status,8,VILLAGER,DEAD,Dummy13_07
6,status,9,POSSESSED,ALIVE,wasabi
6,status,10,VILLAGER,DEAD,TOT
6,status,11,VILLAGER,DEAD,Dummy13_08
6,status,12,SEER,DEAD,Dummy13_10
6,status,13,VILLAGER,ALIVE,megumish
6,status,14,VILLAGER,ALIVE,cash
6,status,15,BODYGUARD,ALIVE,JuN1Ro
6,talk,0,0,5,Skip
6,talk,1,0,13,ESTIMATE Agent[09] WEREWOLF
6,talk,2,0,14,DIVINED Agent[05] HUMAN
6,talk,3,0,15,VOTE Agent[14]
6,talk,4,0,9,DIVINED Agent[06] WEREWOLF
6,talk,5,0,6,VOTE Agent[05]
6,talk,6,1,6,REQUEST(VOTE Agent[05])
6,talk,7,1,13,REQUEST(DIVINATION Agent[09])
6,talk,8,1,5,VOTE Agent[14]
6,talk,9,1,9,VOTE Agent[14]
6,talk,10,1,15,VOTE Agent[06]
6,talk,11,1,14,Over
6,talk,12,2,14,Over
6,talk,13,2,9,Skip
6,talk,14,2,6,Skip
6,talk,15,2,15,Over
6,talk,16,2,5,AGREE TALK day6 ID:2
6,talk,17,2,13,VOTE Agent[09]
6,talk,18,3,5,AGREE TALK day6 ID:14
6,talk,19,3,6,Skip
6,talk,20,3,14,Over
6,talk,21,3,15,Over
6,talk,22,3,13,Skip
6,talk,23,3,9,Skip
6,talk,24,4,6,Over
6,talk,25,4,14,Over
6,talk,26,4,15,Over
6,talk,27,4,13,Skip
6,talk,28,4,9,Over
6,talk,29,4,5,AGREE TALK day6 ID:23
6,talk,30,5,15,Over
6,talk,31,5,9,Over
6,talk,32,5,6,Over
6,talk,33,5,13,Over
6,talk,34,5,14,Over
6,talk,35,5,5,AGREE TALK day6 ID:27
6,talk,36,6,5,AGREE TALK day6 ID:22
6,talk,37,6,13,Over
6,talk,38,6,6,Over
6,talk,39,6,14,Over
6,talk,40,6,9,Over
6,talk,41,6,15,ESTIMATE Agent[06] WEREWOLF
6,talk,42,7,5,AGREE TALK day6 ID:13
6,talk,43,7,9,Over
6,talk,44,7,6,Over
6,talk,45,7,13,Over
6,talk,46,7,15,ESTIMATE Agent[06] WEREWOLF
6,talk,47,7,14,Over
6,talk,48,8,9,Over
6,talk,49,8,14,Over
6,talk,50,8,5,AGREE TALK day6 ID:19
6,talk,51,8,13,Over
6,talk,52,8,15,Over
6,talk,53,8,6,Over
6,talk,54,9,15,Over
6,talk,55,9,13,Over
6,talk,56,9,14,Over
6,talk,57,9,9,Over
6,talk,58,9,6,Over
6,talk,59,9,5,DISAGREE TALK day6 ID:41
6,talk,60,10,14,Over
6,talk,61,10,13,Over
6,talk,62,10,9,Over
6,talk,63,10,15,ESTIMATE Agent[13] VILLAGER
6,talk,64,10,6,Over
6,talk,65,10,5,DISAGREE TALK day6 ID:1
6,talk,66,11,13,Over
6,talk,67,11,14,Over
6,talk,68,11,6,Over
6,talk,69,11,9,Over
6,talk,70,11,15,Over
6,talk,71,11,5,Over
6,vote,5,14
6,vote,6,5
6,vote,9,14
6,vote,13,9
6,vote,14,13
6,vote,15,6
6,execute,14,VILLAGER
6,guard,15,9,POSSESSED
6,attackVote,6,15
6,attack,15,true
7,status,1,MEDIUM,DEAD,m_cre
7,status,2,VILLAGER,DEAD,carlo
7,status,3,VILLAGER,DEAD,AITKN
7,status,4,WEREWOLF,DEAD,Dummy13_09
7,status,5,VILLAGER,ALIVE,daisyo
7,status,6,WEREWOLF,ALIVE,tori
7,status,7,WEREWOLF,DEAD,Dummy13_11
7,status,8,VILLAGER,DEAD,Dummy13_07
7,status,9,POSSESSED,ALIVE,wasabi
7,status,10,VILLAGER,DEAD,TOT
7,status,11,VILLAGER,DEAD,Dummy13_08
7,status,12,SEER,DEAD,Dummy13_10
7,status,13,VILLAGER,ALIVE,megumish
7,status,14,VILLAGER,DEAD,cash
7,status,15,BODYGUARD,DEAD,JuN1Ro
7,talk,0,0,6,VOTE Agent[13]
7,talk,1,0,5,Skip
7,talk,2,0,9,DIVINED Agent[13] WEREWOLF
7,talk,3,0,13,ESTIMATE Agent[09] WEREWOLF
7,talk,4,1,13,REQUEST(DIVINATION Agent[09])
7,talk,5,1,6,REQUEST(VOTE Agent[13])
7,talk,6,1,5,VOTE Agent[13]
7,talk,7,1,9,Skip
7,talk,8,2,9,VOTE Agent[13]
7,talk,9,2,5,AGREE TALK day7 ID:7
7,talk,10,2,13,VOTE Agent[09]
7,talk,11,2,6,Skip
7,talk,12,3,6,Skip
7,talk,13,3,9,Skip
7,talk,14,3,5,AGREE TALK day7 ID:11
7,talk,15,3,13,Skip
7,talk,16,4,6,Over
7,talk,17,4,13,Skip
7,talk,18,4,5,AGREE TALK day7 ID:13
7,talk,19,4,9,Skip
7,talk,20,5,5,AGREE TALK day7 ID:12
7,talk,21,5,6,Over
7,talk,22,5,13,Over
7,talk,23,5,9,Over
7,talk,24,6,6,Over
7,talk,25,6,9,Over
7,talk,26,6,13,Over
7,talk,27,6,5,AGREE TALK day7 ID:17
7,talk,28,7,5,AGREE TALK day7 ID:15
7,talk,29,7,9,Over
7,talk,30,7,13,Over
7,talk,31,7,6,Over
7,talk,32,8,5,AGREE TALK day7 ID:19
7,talk,33,8,6,Over
7,talk,34,8,9,Over
7,talk,35,8,13,Over
7,talk,36,9,9,Over
7,talk,37,9,13,Over
7,talk,38,9,6,Over
7,talk,39,9,5,DISAGREE TALK day7 ID:2
7,talk,40,10,13,Over
7,talk,41,10,6,Over
7,talk,42,10,9,Over
7,talk,43,10,5,DISAGREE TALK day7 ID:3
7,talk,44,11,6,Over
7,talk,45,11,9,Over
7,talk,46,11,5,Over
7,talk,47,11,13,Over
7,vote,5,13
7,vote,6,13
7,vote,9,13
7,vote,13,9
7,execute,13,VILLAGER
7,attackVote,6,5
7,attack,5,true
8,status,1,MEDIUM,DEAD,m_cre
8,status,2,VILLAGER,DEAD,carlo
8,status,3,VILLAGER,DEAD,AITKN
8,status,4,WEREWOLF,DEAD,Dummy13_09
8,status,5,VILLAGER,DEAD,daisyo
8,status,6,WEREWOLF,ALIVE,tori
8,status,7,WEREWOLF,DEAD,Dummy13_11
8,status,8,VILLAGER,DEAD,Dummy13_07
8,status,9,POSSESSED,ALIVE,wasabi
8,status,10,VILLAGER,DEAD,TOT
8,status,11,VILLAGER,DEAD,Dummy13_08
8,status,12,SEER,DEAD,Dummy13_10
8,status,13,VILLAGER,DEAD,megumish
8,status,14,VILLAGER,DEAD,cash
8,status,15,BODYGUARD,DEAD,JuN1Ro
8,result,1,1,WEREWOLF
