0,status,1,WEREWOLF,ALIVE,m_cre
0,status,2,VILLAGER,ALIVE,carlo
0,status,3,VILLAGER,ALIVE,AITKN
0,status,4,POSSESSED,ALIVE,Dummy13_09
0,status,5,VILLAGER,ALIVE,daisyo
0,status,6,MEDIUM,ALIVE,tori
0,status,7,WEREWOLF,ALIVE,Dummy13_11
0,status,8,VILLAGER,ALIVE,Dummy13_07
0,status,9,SEER,ALIVE,wasabi
0,status,10,VILLAGER,ALIVE,TOT
0,status,11,VILLAGER,ALIVE,Dummy13_08
0,status,12,VILLAGER,ALIVE,Dummy13_10
0,status,13,WEREWOLF,ALIVE,megumish
0,status,14,BODYGUARD,ALIVE,cash
0,status,15,VILLAGER,ALIVE,JuN1Ro
0,whisper,0,0,7,COMINGOUT Agent[07] MEDIUM
0,whisper,1,0,1,COMINGOUT Agent[01] VILLAGER
0,whisper,2,0,13,COMINGOUT Agent[13] MEDIUM
0,whisper,3,1,7,COMINGOUT Agent[07] VILLAGER
0,whisper,4,1,1,Over
0,whisper,5,1,13,ATTACK Agent[06]
0,whisper,6,2,13,Skip
0,whisper,7,2,1,Over
0,whisper,8,2,7,Skip
0,whisper,9,3,7,Skip
0,whisper,10,3,1,Over
0,whisper,11,3,13,Skip
0,whisper,12,4,1,Over
0,whisper,13,4,13,Over
0,whisper,14,4,7,Over
0,divine,9,7,WEREWOLF
1,status,1,WEREWOLF,ALIVE,m_cre
1,status,2,VILLAGER,ALIVE,carlo
1,status,3,VILLAGER,ALIVE,AITKN
1,status,4,POSSESSED,ALIVE,Dummy13_09
1,status,5,VILLAGER,ALIVE,daisyo
1,status,6,MEDIUM,ALIVE,tori
1,status,7,WEREWOLF,ALIVE,Dummy13_11
1,status,8,VILLAGER,ALIVE,Dummy13_07
1,status,9,SEER,ALIVE,wasabi
1,status,10,VILLAGER,ALIVE,TOT
1,status,11,VILLAGER,ALIVE,Dummy13_08
1,status,12,VILLAGER,ALIVE,Dummy13_10
1,status,13,WEREWOLF,ALIVE,megumish
1,status,14,BODYGUARD,ALIVE,cash
1,status,15,VILLAGER,ALIVE,JuN1Ro
1,talk,0,0,13,ESTIMATE Agent[12] WEREWOLF
1,talk,1,0,4,COMINGOUT Agent[04] SEER
1,talk,2,0,15,ESTIMATE Agent[13] WEREWOLF
1,talk,3,0,7,VOTE Agent[08]
1,talk,4,0,11,VOTE Agent[01]
1,talk,5,0,6,VOTE Agent[15]
1,talk,6,0,5,REQUEST(COMINGOUT Agent[05] SEER)
1,talk,7,0,14,DIVINED Agent[02] HUMAN
1,talk,8,0,10,VOTE Agent[15]
1,talk,9,0,12,VOTE Agent[05]
1,talk,10,0,3,REQUEST(COMINGOUT Agent[03] SEER)
1,talk,11,0,8,VOTE Agent[13]
1,talk,12,0,1,VOTE Agent[15]
1,talk,13,0,9,COMINGOUT Agent[09] SEER
1,talk,14,0,2,VOTE Agent[01]
1,talk,15,1,10,REQUEST(VOTE Agent[15])
1,talk,16,1,4,DIVINED Agent[09] HUMAN
1,talk,17,1,15,VOTE Agent[13]
1,talk,18,1,11,ESTIMATE Agent[14] SEER
1,talk,19,1,6,ESTIMATE Agent[14] SEER
1,talk,20,1,8,ESTIMATE Agent[14] SEER
1,talk,21,1,14,Over
1,talk,22,1,5,VOTE Agent[15]
1,talk,23,1,2,Skip
1,talk,24,1,9,DIVINED Agent[07] WEREWOLF
1,talk,25,1,7,REQUEST(VOTE Agent[08])
1,talk,26,1,3,REQUEST(COMINGOUT Agent[03] MEDIUM)
1,talk,27,1,13,VOTE Agent[12]
1,talk,28,1,12,ESTIMATE Agent[14] SEER
1,talk,29,1,1,VOTE Agent[04]
1,talk,30,2,4,REQUEST(VOTE Agent[01])
1,talk,31,2,3,AGREE TALK day1 ID:4
1,talk,32,2,15,ESTIMATE Agent[07] WEREWOLF
1,talk,33,2,2,VOTE Agent[07]
1,talk,34,2,6,ESTIMATE Agent[07] WEREWOLF
1,talk,35,2,13,Skip
1,talk,36,2,14,Over
1,talk,37,2,9,Skip
1,talk,38,2,7,Skip
1,talk,39,2,10,Skip
1,talk,40,2,8,ESTIMATE Agent[07] WEREWOLF
1,talk,41,2,11,ESTIMATE Agent[07] WEREWOLF
1,talk,42,2,12,ESTIMATE Agent[07] WEREWOLF
1,talk,43,2,1,VOTE Agent[14]
1,talk,44,2,5,AGREE TALK day1 ID:28
1,talk,45,3,4,VOTE Agent[09]
1,talk,46,3,9,VOTE Agent[07]
1,talk,47,3,15,ESTIMATE Agent[07] WEREWOLF
1,talk,48,3,11,REQUEST(Agent[14] DIVINATION Agent[07])
1,talk,49,3,1,Skip
1,talk,50,3,2,Skip
1,talk,51,3,5,AGREE TALK day1 ID:35
1,talk,52,3,6,REQUEST(Agent[14] DIVINATION Agent[07])
1,talk,53,3,3,Skip
1,talk,54,3,7,Skip
1,talk,55,3,12,REQUEST(Agent[14] DIVINATION Agent[07])
1,talk,56,3,13,Skip
1,talk,57,3,8,REQUEST(Agent[14] DIVINATION Agent[07])
1,talk,58,3,10,Skip
1,talk,59,3,14,Over
1,talk,60,4,13,Over
1,talk,61,4,9,ESTIMATE Agent[07] WEREWOLF
1,talk,62,4,11,VOTE Agent[07]
1,talk,63,4,7,Over
1,talk,64,4,8,VOTE Agent[07]
1,talk,65,4,6,VOTE Agent[07]
1,talk,66,4,15,Over
1,talk,67,4,3,Skip
1,talk,68,4,10,Over
1,talk,69,4,4,REQUEST(VOTE Agent[09])
1,talk,70,4,1,Skip
1,talk,71,4,14,Over
1,talk,72,4,5,AGREE TALK day1 ID:23
1,talk,73,4,2,Skip
1,talk,74,4,12,VOTE Agent[07]
1,talk,75,5,3,Over
1,talk,76,5,13,Over
1,talk,77,5,8,Skip
1,talk,78,5,15,Over
1,talk,79,5,1,Over
1,talk,80,5,11,Skip
1,talk,81,5,7,Over
1,talk,82,5,12,Skip
1,talk,83,5,14,Over
1,talk,84,5,2,Over
1,talk,85,5,4,Skip
1,talk,86,5,9,Skip
1,talk,87,5,5,AGREE TALK day1 ID:20
1,talk,88,5,6,Skip
1,talk,89,5,10,Over
1,talk,90,6,11,Skip
1,talk,91,6,4,Skip
1,talk,92,6,6,Skip
1,talk,93,6,10,Over
1,talk,94,6,7,Over
1,talk,95,6,14,Over
1,talk,96,6,13,Over
1,talk,97,6,12,Skip
1,talk,98,6,5,AGREE TALK day1 ID:39
1,talk,99,6,9,ESTIMATE Agent[04] WEREWOLF
1,talk,100,6,2,Over
1,talk,101,6,3,Over
1,talk,102,6,1,Over
1,talk,103,6,15,ESTIMATE Agent[07] WEREWOLF
1,talk,104,6,8,Skip
1,talk,105,7,4,Over
1,talk,106,7,2,Over
1,talk,107,7,9,ESTIMATE Agent[11] VILLAGER
1,talk,108,7,10,Over
1,talk,109,7,14,Over
1,talk,110,7,1,Over
1,talk,111,7,3,REQUEST(DIVINATION Agent[02])
1,talk,112,7,7,Over
1,talk,113,7,13,Over
1,talk,114,7,11,Over
1,talk,115,7,8,Over
1,talk,116,7,15,Over
1,talk,117,7,12,Over
1,talk,118,7,5,AGREE TALK day1 ID:49
1,talk,119,7,6,Over
1,talk,120,8,14,Over
1,talk,121,8,8,Over
1,talk,122,8,1,Over
1,talk,123,8,10,Over
1,talk,124,8,13,Over
1,talk,125,8,12,Over
1,talk,126,8,5,AGREE TALK day1 ID:97
1,talk,127,8,2,Over
1,talk,128,8,3,Skip
1,talk,129,8,4,Over
1,talk,130,8,15,Over
1,talk,131,8,9,Skip
1,talk,132,8,11,Over
1,talk,133,8,7,Over
1,talk,134,8,6,Over
1,talk,135,9,5,AGREE TALK day1 ID:90
1,talk,136,9,10,Over
1,talk,137,9,8,Over
1,talk,138,9,6,Over
1,talk,139,9,4,Over
1,talk,140,9,1,Over
1,talk,141,9,12,Over
1,talk,142,9,2,Over
1,talk,143,9,7,Over
1,talk,144,9,3,VOTE Agent[05]
1,talk,145,9,11,Over
1,talk,146,9,14,Over
1,talk,147,9,13,Over
1,talk,148,9,15,Over
1,talk,149,9,9,Over
1,talk,150,10,9,ESTIMATE Agent[07] WEREWOLF
1,talk,151,10,8,Over
1,talk,152,10,4,Over
1,talk,153,10,3,Skip
1,talk,154,10,5,Over
1,talk,155,10,1,Over
1,talk,156,10,12,Over
1,talk,157,10,13,Over
1,talk,158,10,10,Over
1,talk,159,10,15,Over
1,talk,160,10,7,Over
1,talk,161,10,14,Over
1,talk,162,10,6,Over
1,talk,163,10,11,Over
1,talk,164,10,2,Over
1,talk,165,11,13,Over
1,talk,166,11,8,Over
1,talk,167,11,4,Over
1,talk,168,11,5,Over
1,talk,169,11,14,Over
1,talk,170,11,1,Over
1,talk,171,11,2,Over
1,talk,172,11,3,Skip
1,talk,173,11,11,Over
1,talk,174,11,6,Over
1,talk,175,11,12,Over
1,talk,176,11,10,Over
1,talk,177,11,9,ESTIMATE Agent[03] VILLAGER
1,talk,178,11,7,Over
1,talk,179,11,15,ESTIMATE Agent[02] VILLAGER
1,talk,180,12,1,Over
1,talk,181,12,13,Over
1,talk,182,12,12,Over
1,talk,183,12,6,Over
1,talk,184,12,3,AGREE TALK day1 ID:177
1,talk,185,12,2,Over
1,talk,186,12,9,ESTIMATE Agent[07] WEREWOLF
1,talk,187,12,4,Over
1,talk,188,12,11,Over
1,talk,189,12,7,Over
1,talk,190,12,8,Over
1,talk,191,12,10,Over
1,talk,192,12,15,Over
1,talk,193,12,5,Over
1,talk,194,12,14,Over
1,talk,195,13,5,Over
1,talk,196,13,4,Over
1,talk,197,13,14,Over
1,talk,198,13,8,Over
1,talk,199,13,10,Over
1,talk,200,13,6,Over
1,talk,201,13,12,Over
1,talk,202,13,13,Over
1,talk,203,13,9,Over
1,talk,204,13,1,Over
1,talk,205,13,11,Over
1,talk,206,13,15,Over
1,talk,207,13,7,Over
1,talk,208,13,3,Skip
1,talk,209,13,2,Over
1,talk,210,14,11,Over
1,talk,211,14,7,Over
1,talk,212,14,3,Skip
1,talk,213,14,4,Over
1,talk,214,14,10,Over
1,talk,215,14,14,Over
1,talk,216,14,13,Over
1,talk,217,14,5,Over
1,talk,218,14,6,Over
1,talk,219,14,2,Over
1,talk,220,14,8,Over
1,talk,221,14,12,Over
1,talk,222,14,9,Over
1,talk,223,14,15,Over
1,talk,224,14,1,Over
1,talk,225,15,8,Over
1,talk,226,15,2,Over
1,talk,227,15,11,Over
1,talk,228,15,4,Over
1,talk,229,15,13,Over
1,talk,230,15,5,Over
1,talk,231,15,3,Over
1,talk,232,15,10,Over
1,talk,233,15,6,Over
1,talk,234,15,1,Over
1,talk,235,15,14,Over
1,talk,236,15,15,ESTIMATE Agent[02] VILLAGER
1,talk,237,15,7,Over
1,talk,238,15,9,Over
1,talk,239,15,12,Over
1,talk,240,16,1,Over
1,talk,241,16,12,Over
1,talk,242,16,13,Over
1,talk,243,16,10,Over
1,talk,244,16,9,Over
1,talk,245,16,7,Over
1,talk,246,16,11,Over
1,talk,247,16,2,Over
1,talk,248,16,15,Over
1,talk,249,16,14,Over
1,talk,250,16,5,Over
1,talk,251,16,3,Over
1,talk,252,16,8,Over
1,talk,253,16,4,Over
1,talk,254,16,6,Over
1,vote,1,14
1,vote,2,7
1,vote,3,5
1,vote,4,9
1,vote,5,15
1,vote,6,7
1,vote,7,8
1,vote,8,7
1,vote,9,7
1,vote,10,15
1,vote,11,7
1,vote,12,7
1,vote,13,12
1,vote,14,8
1,vote,15,7
1,execute,7,WEREWOLF
1,divine,9,11,HUMAN
1,whisper,0,0,1,ATTACK Agent[02]
1,whisper,1,0,13,ATTACK Agent[09]
1,whisper,2,0,7,ATTACK Agent[09]
1,whisper,3,1,1,Skip
1,whisper,4,1,13,Skip
1,whisper,5,1,7,REQUEST(ATTACK Agent[09])
1,whisper,6,2,7,Skip
1,whisper,7,2,1,Skip
1,whisper,8,2,13,Skip
1,whisper,9,3,13,Over
1,whisper,10,3,7,Skip
1,whisper,11,3,1,Over
1,whisper,12,4,7,Over
1,whisper,13,4,1,Over
1,whisper,14,4,13,Over
1,guard,14,10,VILLAGER
1,attackVote,1,2
1,attackVote,7,9
1,attackVote,13,9
1,attackVote,1,2
1,attackVote,7,9
1,attackVote,13,9
1,attack,2,true
2,status,1,WEREWOLF,ALIVE,m_cre
2,status,2,VILLAGER,DEAD,carlo
2,status,3,VILLAGER,ALIVE,AITKN
2,status,4,POSSESSED,ALIVE,Dummy13_09
2,status,5,VILLAGER,ALIVE,daisyo
2,status,6,MEDIUM,ALIVE,tori
2,status,7,WEREWOLF,DEAD,Dummy13_11
2,status,8,VILLAGER,ALIVE,Dummy13_07
2,status,9,SEER,ALIVE,wasabi
2,status,10,VILLAGER,ALIVE,TOT
2,status,11,VILLAGER,ALIVE,Dummy13_08
2,status,12,VILLAGER,ALIVE,Dummy13_10
2,status,13,WEREWOLF,ALIVE,megumish
2,status,14,BODYGUARD,ALIVE,cash
2,status,15,VILLAGER,ALIVE,JuN1Ro
2,talk,0,0,15,VOTE Agent[14]
2,talk,1,0,4,DIVINED Agent[10] HUMAN
2,talk,2,0,13,ESTIMATE Agent[05] WEREWOLF
2,talk,3,0,9,DIVINED Agent[11] HUMAN
2,talk,4,0,3,Skip
2,talk,5,0,6,COMINGOUT Agent[06] MEDIUM
2,talk,6,0,14,DIVINED Agent[04] HUMAN
2,talk,7,0,8,VOTE Agent[13]
2,talk,8,0,10,VOTE Agent[01]
2,talk,9,0,5,Skip
2,talk,10,0,12,VOTE Agent[08]
2,talk,11,0,1,VOTE Agent[11]
2,talk,12,0,11,VOTE Agent[13]
2,talk,13,1,1,VOTE Agent[12]
2,talk,14,1,6,IDENTIFIED Agent[07] WEREWOLF
2,talk,15,1,9,Skip
2,talk,16,1,14,Over
2,talk,17,1,8,Skip
2,talk,18,1,13,VOTE Agent[05]
2,talk,19,1,4,VOTE Agent[09]
2,talk,20,1,3,Skip
2,talk,21,1,5,VOTE Agent[13]
2,talk,22,1,11,Skip
2,talk,23,1,10,REQUEST(VOTE Agent[01])
2,talk,24,1,15,Over
2,talk,25,1,12,Skip
2,talk,26,2,5,AGREE TALK day2 ID:22
2,talk,27,2,15,ESTIMATE Agent[06] WEREWOLF
2,talk,28,2,6,VOTE Agent[13]
2,talk,29,2,3,ESTIMATE Agent[06] WEREWOLF
2,talk,30,2,13,ESTIMATE Agent[06] WEREWOLF
2,talk,31,2,9,VOTE Agent[05]
2,talk,32,2,14,Over
2,talk,33,2,4,REQUEST(VOTE Agent[09])
2,talk,34,2,11,Skip
2,talk,35,2,10,Skip
2,talk,36,2,8,Skip
2,talk,37,2,1,VOTE Agent[03]
2,talk,38,2,12,Skip
2,talk,39,3,5,AGREE TALK day2 ID:25
2,talk,40,3,1,Skip
2,talk,41,3,13,VOTE Agent[06]
2,talk,42,3,8,Over
2,talk,43,3,9,ESTIMATE Agent[04] WEREWOLF
2,talk,44,3,6,Skip
2,talk,45,3,10,Skip
2,talk,46,3,15,VOTE Agent[06]
2,talk,47,3,3,Skip
2,talk,48,3,11,Over
2,talk,49,3,14,Over
2,talk,50,3,4,Skip
2,talk,51,3,12,Over
2,talk,52,4,8,Over
2,talk,53,4,9,Skip
2,talk,54,4,14,Over
2,talk,55,4,1,Skip
2,talk,56,4,3,VOTE Agent[13]
2,talk,57,4,5,AGREE TALK day2 ID:3
2,talk,58,4,13,COMINGOUT Agent[13] MEDIUM
2,talk,59,4,10,Over
2,talk,60,4,6,Skip
2,talk,61,4,4,Skip
2,talk,62,4,12,Over
2,talk,63,4,15,Over
2,talk,64,4,11,Over
2,talk,65,5,12,Over
2,talk,66,5,15,ESTIMATE Agent[10] VILLAGER
2,talk,67,5,3,REQUEST(DIVINATION Agent[06])
2,talk,68,5,4,Over
2,talk,69,5,6,Over
2,talk,70,5,14,Over
2,talk,71,5,8,Over
2,talk,72,5,11,Over
2,talk,73,5,1,VOTE Agent[06]
2,talk,74,5,9,VOTE Agent[06]
2,talk,75,5,5,AGREE TALK day2 ID:47
2,talk,76,5,10,Over
2,talk,77,5,13,IDENTIFIED Agent[07] HUMAN
2,talk,78,6,5,AGREE TALK day2 ID:55
2,talk,79,6,12,Over
2,talk,80,6,4,Over
2,talk,81,6,13,Skip
2,talk,82,6,9,VOTE Agent[13]
2,talk,83,6,15,VOTE Agent[13]
2,talk,84,6,14,Over
2,talk,85,6,3,AGREE TALK day2 ID:41
2,talk,86,6,10,Over
2,talk,87,6,6,Over
2,talk,88,6,1,Skip
2,talk,89,6,11,Over
2,talk,90,6,8,Over
2,talk,91,7,5,AGREE TALK day2 ID:35
2,talk,92,7,14,Over
2,talk,93,7,1,Skip
2,talk,94,7,12,Over
2,talk,95,7,6,Over
2,talk,96,7,4,Over
2,talk,97,7,9,ESTIMATE Agent[12] VILLAGER
2,talk,98,7,8,Over
2,talk,99,7,10,Over
2,talk,100,7,11,Over
2,talk,101,7,15,Over
2,talk,102,7,3,AGREE TALK day2 ID:46
2,talk,103,7,13,Skip
2,talk,104,8,12,Over
2,talk,105,8,5,AGREE TALK day2 ID:1
2,talk,106,8,4,Over
2,talk,107,8,15,Over
2,talk,108,8,14,Over
2,talk,109,8,8,Over
2,talk,110,8,11,Over
2,talk,111,8,6,Over
2,talk,112,8,13,Over
2,talk,113,8,10,Over
2,talk,114,8,1,Over
2,talk,115,8,9,ESTIMATE Agent[12] VILLAGER
2,talk,116,8,3,AGREE TALK day2 ID:73
2,talk,117,9,9,ESTIMATE Agent[12] VILLAGER
2,talk,118,9,1,Over
2,talk,119,9,5,AGREE TALK day2 ID:45
2,talk,120,9,13,Over
2,talk,121,9,6,Over
2,talk,122,9,12,Over
2,talk,123,9,4,Over
2,talk,124,9,3,AGREE TALK day2 ID:74
2,talk,125,9,14,Over
2,talk,126,9,10,Over
2,talk,127,9,11,Over
2,talk,128,9,15,Over
2,talk,129,9,8,Over
2,talk,130,10,5,AGREE TALK day2 ID:40
2,talk,131,10,11,Over
2,talk,132,10,15,Over
2,talk,133,10,4,Over
2,talk,134,10,12,Over
2,talk,135,10,6,Over
2,talk,136,10,10,Over
2,talk,137,10,1,Over
2,talk,138,10,9,ESTIMATE Agent[04] WEREWOLF
2,talk,139,10,13,Over
2,talk,140,10,3,AGREE TALK day2 ID:82
2,talk,141,10,14,Over
2,talk,142,10,8,Over
2,talk,143,11,12,Over
2,talk,144,11,11,Over
2,talk,145,11,8,Over
2,talk,146,11,5,Over
2,talk,147,11,15,ESTIMATE Agent[13] WEREWOLF
2,talk,148,11,9,Skip
2,talk,149,11,14,Over
2,talk,150,11,1,Over
2,talk,151,11,6,Over
2,talk,152,11,4,Over
2,talk,153,11,13,Over
2,talk,154,11,10,Over
2,talk,155,11,3,AGREE TALK day2 ID:83
2,talk,156,12,14,Over
2,talk,157,12,12,Over
2,talk,158,12,5,Over
2,talk,159,12,3,AGREE TALK day2 ID:97
2,talk,160,12,9,ESTIMATE Agent[13] WEREWOLF
2,talk,161,12,10,Over
2,talk,162,12,15,Over
2,talk,163,12,13,Over
2,talk,164,12,4,Over
2,talk,165,12,6,Over
2,talk,166,12,1,Over
2,talk,167,12,8,Over
2,talk,168,12,11,Over
2,talk,169,13,12,Over
2,talk,170,13,9,Over
2,talk,171,13,1,Over
2,talk,172,13,6,Over
2,talk,173,13,10,Over
2,talk,174,13,3,Over
2,talk,175,13,11,Over
2,talk,176,13,14,Over
2,talk,177,13,15,ESTIMATE Agent[13] WEREWOLF
2,talk,178,13,4,Over
2,talk,179,13,8,Over
2,talk,180,13,5,Over
2,talk,181,13,13,Over
2,talk,182,14,10,Over
2,talk,183,14,14,Over
2,talk,184,14,8,Over
2,talk,185,14,3,Over
2,talk,186,14,12,Over
2,talk,187,14,5,Over
2,talk,188,14,4,Over
2,talk,189,14,9,Over
2,talk,190,14,11,Over
2,talk,191,14,6,Over
2,talk,192,14,15,Over
2,talk,193,14,13,Over
2,talk,194,14,1,Over
2,vote,1,6
2,vote,3,13
2,vote,4,9
2,vote,5,13
2,vote,6,13
2,vote,8,13
2,vote,9,13
2,vote,10,1
2,vote,11,13
2,vote,12,8
2,vote,13,6
2,vote,14,5
2,vote,15,13
2,execute,13,WEREWOLF
2,divine,9,1,WEREWOLF
2,whisper,0,0,13,ATTACK Agent[09]
2,whisper,1,0,1,ATTACK Agent[09]
2,whisper,2,1,1,Skip
2,whisper,3,1,13,Skip
2,whisper,4,2,13,Skip
2,whisper,5,2,1,Skip
2,whisper,6,3,13,Over
2,whisper,7,3,1,Over
2,guard,14,9,SEER
2,attackVote,1,9
2,attackVote,13,9
2,attack,9,false
3,status,1,WEREWOLF,ALIVE,m_cre
3,status,2,VILLAGER,DEAD,carlo
3,status,3,VILLAGER,ALIVE,AITKN
3,status,4,POSSESSED,ALIVE,Dummy13_09
3,status,5,VILLAGER,ALIVE,daisyo
3,status,6,MEDIUM,ALIVE,tori
3,status,7,WEREWOLF,DEAD,Dummy13_11
3,status,8,VILLAGER,ALIVE,Dummy13_07
3,status,9,SEER,ALIVE,wasabi
3,status,10,VILLAGER,ALIVE,TOT
3,status,11,VILLAGER,ALIVE,Dummy13_08
3,status,12,VILLAGER,ALIVE,Dummy13_10
3,status,13,WEREWOLF,DEAD,megumish
3,status,14,BODYGUARD,ALIVE,cash
3,status,15,VILLAGER,ALIVE,JuN1Ro
3,talk,0,0,4,DIVINED Agent[15] HUMAN
3,talk,1,0,12,VOTE Agent[11]
3,talk,2,0,6,IDENTIFIED Agent[13] WEREWOLF
3,talk,3,0,1,VOTE Agent[06]
3,talk,4,0,10,VOTE Agent[14]
3,talk,5,0,15,ESTIMATE Agent[06] WEREWOLF
3,talk,6,0,8,VOTE Agent[03]
3,talk,7,0,3,Skip
3,talk,8,0,5,Skip
3,talk,9,0,11,VOTE Agent[14]
3,talk,10,0,14,DIVINED Agent[08] HUMAN
3,talk,11,0,9,DIVINED Agent[01] WEREWOLF
3,talk,12,1,5,VOTE Agent[14]
3,talk,13,1,4,VOTE Agent[09]
3,talk,14,1,10,REQUEST(VOTE Agent[14])
3,talk,15,1,3,AGREE TALK day3 ID:3
3,talk,16,1,9,VOTE Agent[01]
3,talk,17,1,12,ESTIMATE Agent[01] WEREWOLF
3,talk,18,1,8,ESTIMATE Agent[01] WEREWOLF
3,talk,19,1,11,ESTIMATE Agent[01] WEREWOLF
3,talk,20,1,15,VOTE Agent[06]
3,talk,21,1,6,ESTIMATE Agent[01] WEREWOLF
3,talk,22,1,1,Skip
3,talk,23,1,14,Over
3,talk,24,2,15,Over
3,talk,25,2,8,REQUEST(Agent[14] DIVINATION Agent[01])
3,talk,26,2,1,Skip
3,talk,27,2,11,REQUEST(Agent[14] DIVINATION Agent[01])
3,talk,28,2,5,AGREE TALK day3 ID:0
3,talk,29,2,10,Skip
3,talk,30,2,14,Over
3,talk,31,2,12,REQUEST(Agent[14] DIVINATION Agent[01])
3,talk,32,2,4,REQUEST(VOTE Agent[09])
3,talk,33,2,9,ESTIMATE Agent[06] MEDIUM
3,talk,34,2,6,REQUEST(Agent[14] DIVINATION Agent[01])
3,talk,35,2,3,ESTIMATE Agent[09] WEREWOLF
3,talk,36,3,3,AGREE TALK day3 ID:20
3,talk,37,3,5,AGREE TALK day3 ID:33
3,talk,38,3,4,Skip
3,talk,39,3,12,VOTE Agent[01]
3,talk,40,3,8,VOTE Agent[01]
3,talk,41,3,10,Skip
3,talk,42,3,14,Over
3,talk,43,3,1,Over
3,talk,44,3,11,VOTE Agent[01]
3,talk,45,3,9,ESTIMATE Agent[01] WEREWOLF
3,talk,46,3,6,VOTE Agent[01]
3,talk,47,3,15,ESTIMATE Agent[01] WEREWOLF
3,talk,48,4,14,Over
3,talk,49,4,6,Skip
3,talk,50,4,9,ESTIMATE Agent[05] VILLAGER
3,talk,51,4,10,Over
3,talk,52,4,3,VOTE Agent[01]
3,talk,53,4,15,Over
3,talk,54,4,1,Over
3,talk,55,4,4,Skip
3,talk,56,4,11,Skip
3,talk,57,4,12,Skip
3,talk,58,4,5,AGREE TALK day3 ID:26
3,talk,59,4,8,Skip
3,talk,60,5,15,Over
3,talk,61,5,11,Skip
3,talk,62,5,12,Skip
3,talk,63,5,9,ESTIMATE Agent[01] WEREWOLF
3,talk,64,5,10,Over
3,talk,65,5,4,Over
3,talk,66,5,8,Skip
3,talk,67,5,1,Over
3,talk,68,5,5,AGREE TALK day3 ID:41
3,talk,69,5,14,Over
3,talk,70,5,6,Skip
3,talk,71,5,3,REQUEST(DIVINATION Agent[06])
3,talk,72,6,6,Over
3,talk,73,6,8,Over
3,talk,74,6,5,AGREE TALK day3 ID:49
3,talk,75,6,12,Over
3,talk,76,6,1,Over
3,talk,77,6,3,AGREE TALK day3 ID:33
3,talk,78,6,4,Over
3,talk,79,6,11,Over
3,talk,80,6,9,ESTIMATE Agent[04] WEREWOLF
3,talk,81,6,15,Over
3,talk,82,6,10,Over
3,talk,83,6,14,Over
3,talk,84,7,1,Over
3,talk,85,7,4,Over
3,talk,86,7,5,AGREE TALK day3 ID:10
3,talk,87,7,11,Over
3,talk,88,7,3,Skip
3,talk,89,7,12,Over
3,talk,90,7,14,Over
3,talk,91,7,10,Over
3,talk,92,7,15,Over
3,talk,93,7,8,Over
3,talk,94,7,9,Skip
3,talk,95,7,6,Over
3,talk,96,8,4,Over
3,talk,97,8,10,Over
3,talk,98,8,5,AGREE TALK day3 ID:94
3,talk,99,8,15,ESTIMATE Agent[10] VILLAGER
3,talk,100,8,8,Over
3,talk,101,8,1,Over
3,talk,102,8,9,Skip
3,talk,103,8,14,Over
3,talk,104,8,11,Over
3,talk,105,8,3,Skip
3,talk,106,8,6,Over
3,talk,107,8,12,Over
3,talk,108,9,12,Over
3,talk,109,9,11,Over
3,talk,110,9,15,Over
3,talk,111,9,4,Over
3,talk,112,9,9,Over
3,talk,113,9,5,AGREE TALK day3 ID:62
3,talk,114,9,14,Over
3,talk,115,9,6,Over
3,talk,116,9,1,Over
3,talk,117,9,8,Over
3,talk,118,9,10,Over
3,talk,119,9,3,Over
3,talk,120,10,9,ESTIMATE Agent[04] WEREWOLF
3,talk,121,10,14,Over
3,talk,122,10,15,ESTIMATE Agent[10] VILLAGER
3,talk,123,10,8,Over
3,talk,124,10,3,Over
3,talk,125,10,5,AGREE TALK day3 ID:29
3,talk,126,10,4,Over
3,talk,127,10,12,Over
3,talk,128,10,1,Over
3,talk,129,10,10,Over
3,talk,130,10,6,Over
3,talk,131,10,11,Over
3,talk,132,11,6,Over
3,talk,133,11,15,ESTIMATE Agent[01] WEREWOLF
3,talk,134,11,5,Over
3,talk,135,11,1,Over
3,talk,136,11,12,Over
3,talk,137,11,8,Over
3,talk,138,11,11,Over
3,talk,139,11,14,Over
3,talk,140,11,9,ESTIMATE Agent[01] WEREWOLF
3,talk,141,11,4,Over
3,talk,142,11,10,Over
3,talk,143,11,3,Over
3,talk,144,12,3,Over
3,talk,145,12,8,Over
3,talk,146,12,9,Over
3,talk,147,12,10,Over
3,talk,148,12,5,Over
3,talk,149,12,6,Over
3,talk,150,12,4,Over
3,talk,151,12,15,ESTIMATE Agent[10] VILLAGER
3,talk,152,12,14,Over
3,talk,153,12,12,Over
3,talk,154,12,11,Over
3,talk,155,12,1,Over
3,talk,156,13,3,Over
3,talk,157,13,14,Over
3,talk,158,13,6,Over
3,talk,159,13,10,Over
3,talk,160,13,1,Over
3,talk,161,13,8,Over
3,talk,162,13,12,Over
3,talk,163,13,5,Over
3,talk,164,13,15,Over
3,talk,165,13,11,Over
3,talk,166,13,4,Over
3,talk,167,13,9,ESTIMATE Agent[01] WEREWOLF
3,talk,168,14,8,Over
3,talk,169,14,5,Over
3,talk,170,14,4,Over
3,talk,171,14,12,Over
3,talk,172,14,10,Over
3,talk,173,14,1,Over
3,talk,174,14,15,ESTIMATE Agent[10] VILLAGER
3,talk,175,14,14,Over
3,talk,176,14,9,Over
3,talk,177,14,6,Over
3,talk,178,14,3,Over
3,talk,179,14,11,Over
3,talk,180,15,10,Over
3,talk,181,15,4,Over
3,talk,182,15,9,Over
3,talk,183,15,11,Over
3,talk,184,15,8,Over
3,talk,185,15,1,Over
3,talk,186,15,14,Over
3,talk,187,15,3,Over
3,talk,188,15,6,Over
3,talk,189,15,15,Over
3,talk,190,15,5,Over
3,talk,191,15,12,Over
3,vote,1,6
3,vote,3,1
3,vote,4,9
3,vote,5,14
3,vote,6,1
3,vote,8,1
3,vote,9,1
3,vote,10,14
3,vote,11,1
3,vote,12,1
3,vote,14,3
3,vote,15,1
3,execute,1,WEREWOLF
3,divine,9,4,HUMAN
3,guard,14,11,VILLAGER
4,status,1,WEREWOLF,DEAD,m_cre
4,status,2,VILLAGER,DEAD,carlo
4,status,3,VILLAGER,ALIVE,AITKN
4,status,4,POSSESSED,ALIVE,Dummy13_09
4,status,5,VILLAGER,ALIVE,daisyo
4,status,6,MEDIUM,ALIVE,tori
4,status,7,WEREWOLF,DEAD,Dummy13_11
4,status,8,VILLAGER,ALIVE,Dummy13_07
4,status,9,SEER,ALIVE,wasabi
4,status,10,VILLAGER,ALIVE,TOT
4,status,11,VILLAGER,ALIVE,Dummy13_08
4,status,12,VILLAGER,ALIVE,Dummy13_10
4,status,13,WEREWOLF,DEAD,megumish
4,status,14,BODYGUARD,ALIVE,cash
4,status,15,VILLAGER,ALIVE,JuN1Ro
4,result,11,0,VILLAGER
