0,status,1,VILLAGER,ALIVE,m_cre
0,status,2,SEER,ALIVE,carlo
0,status,3,VILLAGER,ALIVE,AITKN
0,status,4,VILLAGER,ALIVE,Dummy13_09
0,status,5,VILLAGER,ALIVE,daisyo
0,status,6,VILLAGER,ALIVE,tori
0,status,7,WEREWOLF,ALIVE,Dummy13_11
0,status,8,WEREWOLF,ALIVE,Dummy13_07
0,status,9,WEREWOLF,ALIVE,wasabi
0,status,10,VILLAGER,ALIVE,TOT
0,status,11,VILLAGER,ALIVE,Dummy13_08
0,status,12,BODYGUARD,ALIVE,Dummy13_10
0,status,13,VILLAGER,ALIVE,megumish
0,status,14,MEDIUM,ALIVE,cash
0,status,15,POSSESSED,ALIVE,JuN1Ro
0,whisper,0,0,8,COMINGOUT Agent[08] VILLAGER
0,whisper,1,0,7,COMINGOUT Agent[07] MEDIUM
0,whisper,2,0,9,ATTACK Agent[05]
0,whisper,3,1,9,Over
0,whisper,4,1,8,COMINGOUT Agent[08] SEER
0,whisper,5,1,7,Skip
0,whisper,6,2,9,ATTACK Agent[10]
0,whisper,7,2,7,Skip
0,whisper,8,2,8,DIVINED Agent[04] HUMAN
0,whisper,9,3,7,Over
0,whisper,10,3,9,ATTACK Agent[12]
0,whisper,11,3,8,Skip
0,whisper,12,4,9,ATTACK Agent[10]
0,whisper,13,4,8,Skip
0,whisper,14,4,7,Over
0,whisper,15,5,8,Over
0,whisper,16,5,9,Over
0,whisper,17,5,7,Over
0,divine,2,1,HUMAN
1,status,1,VILLAGER,ALIVE,m_cre
1,status,2,SEER,ALIVE,carlo
1,status,3,VILLAGER,ALIVE,AITKN
1,status,4,VILLAGER,ALIVE,Dummy13_09
1,status,5,VILLAGER,ALIVE,daisyo
1,status,6,VILLAGER,ALIVE,tori
1,status,7,WEREWOLF,ALIVE,Dummy13_11
1,status,8,WEREWOLF,ALIVE,Dummy13_07
1,status,9,WEREWOLF,ALIVE,wasabi
1,status,10,VILLAGER,ALIVE,TOT
1,status,11,VILLAGER,ALIVE,Dummy13_08
1,status,12,BODYGUARD,ALIVE,Dummy13_10
1,status,13,VILLAGER,ALIVE,megumish
1,status,14,MEDIUM,ALIVE,cash
1,status,15,POSSESSED,ALIVE,JuN1Ro
1,talk,0,0,7,VOTE Agent[13]
1,talk,1,0,13,VOTE Agent[05]
1,talk,2,0,4,VOTE Agent[07]
1,talk,3,0,15,VOTE Agent[01]
1,talk,4,0,6,VOTE Agent[04]
1,talk,5,0,5,REQUEST(COMINGOUT Agent[05] SEER)
1,talk,6,0,8,VOTE Agent[02]
1,talk,7,0,10,VOTE Agent[15]
1,talk,8,0,12,VOTE Agent[01]
1,talk,9,0,3,REQUEST(COMINGOUT Agent[03] SEER)
1,talk,10,0,2,COMINGOUT Agent[02] SEER
1,talk,11,0,14,COMINGOUT Agent[14] MEDIUM
1,talk,12,0,11,VOTE Agent[02]
1,talk,13,0,1,VOTE Agent[05]
1,talk,14,0,9,Skip
1,talk,15,1,8,REQUEST(VOTE Agent[02])
1,talk,16,1,2,DIVINED Agent[01] HUMAN
1,talk,17,1,9,VOTE Agent[11]
1,talk,18,1,7,REQUEST(VOTE Agent[13])
1,talk,19,1,6,Skip
1,talk,20,1,13,Skip
1,talk,21,1,11,Skip
1,talk,22,1,10,REQUEST(VOTE Agent[15])
1,talk,23,1,3,REQUEST(COMINGOUT Agent[03] MEDIUM)
1,talk,24,1,1,Skip
1,talk,25,1,15,VOTE Agent[14]
1,talk,26,1,12,Skip
1,talk,27,1,4,Skip
1,talk,28,1,14,DIVINED Agent[02] HUMAN
1,talk,29,1,5,VOTE Agent[01]
1,talk,30,2,15,Over
1,talk,31,2,1,Skip
1,talk,32,2,14,Over
1,talk,33,2,13,Skip
1,talk,34,2,10,Skip
1,talk,35,2,11,ESTIMATE Agent[02] SEER
1,talk,36,2,8,COMINGOUT Agent[08] SEER
1,talk,37,2,9,ESTIMATE Agent[14] MEDIUM
1,talk,38,2,7,COMINGOUT Agent[07] MEDIUM
1,talk,39,2,4,ESTIMATE Agent[14] SEER
1,talk,40,2,6,ESTIMATE Agent[14] SEER
1,talk,41,2,5,AGREE TALK day1 ID:28
1,talk,42,2,12,ESTIMATE Agent[14] SEER
1,talk,43,2,2,VOTE Agent[03]
1,talk,44,2,3,AGREE TALK day1 ID:3
1,talk,45,3,8,DIVINED Agent[04] HUMAN
1,talk,46,3,14,Over
1,talk,47,3,9,Skip
1,talk,48,3,6,Skip
1,talk,49,3,11,Skip
1,talk,50,3,1,VOTE Agent[08]
1,talk,51,3,12,Skip
1,talk,52,3,13,Over
1,talk,53,3,2,Skip
1,talk,54,3,5,AGREE TALK day1 ID:20
1,talk,55,3,10,Skip
1,talk,56,3,3,AGREE TALK day1 ID:13
1,talk,57,3,4,Skip
1,talk,58,3,7,VOTE Agent[14]
1,talk,59,3,15,Over
1,talk,60,4,3,AGREE TALK day1 ID:29
1,talk,61,4,14,Over
1,talk,62,4,5,AGREE TALK day1 ID:49
1,talk,63,4,11,Skip
1,talk,64,4,4,Skip
1,talk,65,4,1,Skip
1,talk,66,4,2,Skip
1,talk,67,4,7,REQUEST(VOTE Agent[14])
1,talk,68,4,9,VOTE Agent[14]
1,talk,69,4,12,Skip
1,talk,70,4,15,Over
1,talk,71,4,10,Over
1,talk,72,4,6,Skip
1,talk,73,4,13,Over
1,talk,74,4,8,Skip
1,talk,75,5,13,Over
1,talk,76,5,4,Over
1,talk,77,5,5,AGREE TALK day1 ID:48
1,talk,78,5,11,Over
1,talk,79,5,2,Over
1,talk,80,5,6,Over
1,talk,81,5,15,Over
1,talk,82,5,7,Skip
1,talk,83,5,9,VOTE Agent[07]
1,talk,84,5,10,Over
1,talk,85,5,1,Skip
1,talk,86,5,3,AGREE TALK day1 ID:35
1,talk,87,5,12,Over
1,talk,88,5,8,Skip
1,talk,89,5,14,Over
1,talk,90,6,15,Over
1,talk,91,6,1,Over
1,talk,92,6,8,Over
1,talk,93,6,3,AGREE TALK day1 ID:37
1,talk,94,6,5,AGREE TALK day1 ID:63
1,talk,95,6,11,Over
1,talk,96,6,14,Over
1,talk,97,6,13,Over
1,talk,98,6,9,Skip
1,talk,99,6,6,Over
1,talk,100,6,12,Over
1,talk,101,6,2,Over
1,talk,102,6,7,Skip
1,talk,103,6,10,Over
1,talk,104,6,4,Over
1,talk,105,7,1,Over
1,talk,106,7,9,ESTIMATE Agent[07] WEREWOLF
1,talk,107,7,10,Over
1,talk,108,7,2,Over
1,talk,109,7,14,Over
1,talk,110,7,4,Over
1,talk,111,7,3,REQUEST(DIVINATION Agent[01])
1,talk,112,7,11,Over
1,talk,113,7,7,Over
1,talk,114,7,6,Over
1,talk,115,7,8,Over
1,talk,116,7,12,Over
1,talk,117,7,13,Over
1,talk,118,7,5,AGREE TALK day1 ID:45
1,talk,119,7,15,ESTIMATE Agent[14] WEREWOLF
1,talk,120,8,8,Over
1,talk,121,8,10,Over
1,talk,122,8,7,Over
1,talk,123,8,1,Over
1,talk,124,8,15,Over
1,talk,125,8,3,Skip
1,talk,126,8,9,VOTE Agent[14]
1,talk,127,8,6,Over
1,talk,128,8,11,Over
1,talk,129,8,4,Over
1,talk,130,8,5,AGREE TALK day1 ID:34
1,talk,131,8,12,Over
1,talk,132,8,13,Over
1,talk,133,8,14,Over
1,talk,134,8,2,Over
1,talk,135,9,14,Over
1,talk,136,9,2,Over
1,talk,137,9,13,Over
1,talk,138,9,1,Over
1,talk,139,9,15,Over
1,talk,140,9,9,Over
1,talk,141,9,11,Over
1,talk,142,9,3,VOTE Agent[02]
1,talk,143,9,6,Over
1,talk,144,9,5,AGREE TALK day1 ID:39
1,talk,145,9,4,Over
1,talk,146,9,12,Over
1,talk,147,9,7,Over
1,talk,148,9,8,Over
1,talk,149,9,10,Over
1,talk,150,10,1,Over
1,talk,151,10,2,Over
1,talk,152,10,13,Over
1,talk,153,10,5,Over
1,talk,154,10,12,Over
1,talk,155,10,4,Over
1,talk,156,10,15,Over
1,talk,157,10,10,Over
1,talk,158,10,11,Over
1,talk,159,10,3,AGREE TALK day1 ID:106
1,talk,160,10,14,Over
1,talk,161,10,7,Over
1,talk,162,10,8,Over
1,talk,163,10,9,Over
1,talk,164,10,6,Over
1,talk,165,11,6,Over
1,talk,166,11,13,Over
1,talk,167,11,9,VOTE Agent[07]
1,talk,168,11,3,Over
1,talk,169,11,10,Over
1,talk,170,11,1,Over
1,talk,171,11,11,Over
1,talk,172,11,5,Over
1,talk,173,11,2,Over
1,talk,174,11,7,Over
1,talk,175,11,12,Over
1,talk,176,11,14,Over
1,talk,177,11,15,ESTIMATE Agent[02] VILLAGER
1,talk,178,11,4,Over
1,talk,179,11,8,Over
1,talk,180,12,4,Over
1,talk,181,12,8,Over
1,talk,182,12,2,Over
1,talk,183,12,7,Over
1,talk,184,12,9,VOTE Agent[14]
1,talk,185,12,3,Over
1,talk,186,12,5,Over
1,talk,187,12,14,Over
1,talk,188,12,15,Over
1,talk,189,12,11,Over
1,talk,190,12,12,Over
1,talk,191,12,6,Over
1,talk,192,12,1,Over
1,talk,193,12,13,Over
1,talk,194,12,10,Over
1,talk,195,13,2,Over
1,talk,196,13,1,Over
1,talk,197,13,4,Over
1,talk,198,13,12,Over
1,talk,199,13,3,Over
1,talk,200,13,7,Over
1,talk,201,13,15,Over
1,talk,202,13,9,Over
1,talk,203,13,13,Over
1,talk,204,13,6,Over
1,talk,205,13,5,Over
1,talk,206,13,11,Over
1,talk,207,13,14,Over
1,talk,208,13,10,Over
1,talk,209,13,8,Over
1,vote,1,8
1,vote,2,3
1,vote,3,2
1,vote,4,7
1,vote,5,1
1,vote,6,4
1,vote,7,14
1,vote,8,2
1,vote,9,14
1,vote,10,15
1,vote,11,2
1,vote,12,1
1,vote,13,5
1,vote,14,6
1,vote,15,14
1,vote,1,14
1,vote,2,3
1,vote,3,2
1,vote,4,14
1,vote,5,1
1,vote,6,14
1,vote,7,14
1,vote,8,2
1,vote,9,14
1,vote,10,15
1,vote,11,2
1,vote,12,2
1,vote,13,5
1,vote,14,11
1,vote,15,14
1,execute,14,MEDIUM
1,divine,2,3,HUMAN
1,whisper,0,0,9,ATTACK Agent[02]
1,whisper,1,0,8,ATTACK Agent[02]
1,whisper,2,0,7,ATTACK Agent[02]
1,whisper,3,1,8,REQUEST(ATTACK Agent[02])
1,whisper,4,1,9,Over
1,whisper,5,1,7,REQUEST(ATTACK Agent[02])
1,whisper,6,2,9,Over
1,whisper,7,2,7,IDENTIFIED Agent[14] WEREWOLF
1,whisper,8,2,8,DIVINED Agent[03] WEREWOLF
1,whisper,9,3,9,Over
1,whisper,10,3,8,Skip
1,whisper,11,3,7,Skip
1,whisper,12,4,7,Skip
1,whisper,13,4,9,Over
1,whisper,14,4,8,Skip
1,whisper,15,5,7,Over
1,whisper,16,5,8,Over
1,whisper,17,5,9,Over
1,guard,12,14,MEDIUM
1,attackVote,7,2
1,attackVote,8,2
1,attackVote,9,2
1,attack,2,true
2,status,1,VILLAGER,ALIVE,m_cre
2,status,2,SEER,DEAD,carlo
2,status,3,VILLAGER,ALIVE,AITKN
2,status,4,VILLAGER,ALIVE,Dummy13_09
2,status,5,VILLAGER,ALIVE,daisyo
2,status,6,VILLAGER,ALIVE,tori
2,status,7,WEREWOLF,ALIVE,Dummy13_11
2,status,8,WEREWOLF,ALIVE,Dummy13_07
2,status,9,WEREWOLF,ALIVE,wasabi
2,status,10,VILLAGER,ALIVE,TOT
2,status,11,VILLAGER,ALIVE,Dummy13_08
2,status,12,BODYGUARD,ALIVE,Dummy13_10
2,status,13,VILLAGER,ALIVE,megumish
2,status,14,MEDIUM,DEAD,cash
2,status,15,POSSESSED,ALIVE,JuN1Ro
2,talk,0,0,5,Skip
2,talk,1,0,12,ESTIMATE Agent[08] SEER
2,talk,2,0,9,VOTE Agent[07]
2,talk,3,0,11,ESTIMATE Agent[08] SEER
2,talk,4,0,7,IDENTIFIED Agent[14] WEREWOLF
2,talk,5,0,3,Skip
2,talk,6,0,13,VOTE Agent[07]
2,talk,7,0,10,VOTE Agent[05]
2,talk,8,0,15,COMINGOUT Agent[15] SEER
2,talk,9,0,8,DIVINED Agent[03] WEREWOLF
2,talk,10,0,6,ESTIMATE Agent[08] SEER
2,talk,11,0,4,ESTIMATE Agent[08] SEER
2,talk,12,0,1,VOTE Agent[08]
2,talk,13,1,7,VOTE Agent[01]
2,talk,14,1,13,Skip
2,talk,15,1,15,DIVINED Agent[07] HUMAN
2,talk,16,1,5,VOTE Agent[07]
2,talk,17,1,10,REQUEST(VOTE Agent[05])
2,talk,18,1,6,VOTE Agent[03]
2,talk,19,1,12,ESTIMATE Agent[03] WEREWOLF
2,talk,20,1,8,VOTE Agent[03]
2,talk,21,1,3,Skip
2,talk,22,1,4,ESTIMATE Agent[03] WEREWOLF
2,talk,23,1,1,Skip
2,talk,24,1,11,ESTIMATE Agent[03] WEREWOLF
2,talk,25,1,9,Skip
2,talk,26,2,12,REQUEST(Agent[08] DIVINATION Agent[03])
2,talk,27,2,7,REQUEST(VOTE Agent[01])
2,talk,28,2,6,Skip
2,talk,29,2,10,Skip
2,talk,30,2,11,REQUEST(Agent[08] DIVINATION Agent[03])
2,talk,31,2,5,AGREE TALK day2 ID:23
2,talk,32,2,3,ESTIMATE Agent[08] WEREWOLF
2,talk,33,2,4,REQUEST(Agent[08] DIVINATION Agent[03])
2,talk,34,2,9,VOTE Agent[03]
2,talk,35,2,13,Skip
2,talk,36,2,15,DIVINED Agent[01] WEREWOLF
2,talk,37,2,1,Skip
2,talk,38,2,8,REQUEST(VOTE Agent[03])
2,talk,39,3,6,Skip
2,talk,40,3,8,Skip
2,talk,41,3,7,Skip
2,talk,42,3,5,AGREE TALK day2 ID:37
2,talk,43,3,15,VOTE Agent[01]
2,talk,44,3,12,VOTE Agent[03]
2,talk,45,3,4,VOTE Agent[03]
2,talk,46,3,9,Skip
2,talk,47,3,1,Over
2,talk,48,3,3,AGREE TALK day2 ID:13
2,talk,49,3,11,VOTE Agent[03]
2,talk,50,3,10,Skip
2,talk,51,3,13,Over
2,talk,52,4,7,Skip
2,talk,53,4,15,Over
2,talk,54,4,13,Over
2,talk,55,4,9,ESTIMATE Agent[15] WEREWOLF
2,talk,56,4,10,Over
2,talk,57,4,4,Skip
2,talk,58,4,3,VOTE Agent[08]
2,talk,59,4,12,Skip
2,talk,60,4,11,Skip
2,talk,61,4,5,AGREE TALK day2 ID:46
2,talk,62,4,6,Over
2,talk,63,4,1,Over
2,talk,64,4,8,Skip
2,talk,65,5,13,Over
2,talk,66,5,10,Over
2,talk,67,5,3,REQUEST(DIVINATION Agent[01])
2,talk,68,5,11,Skip
2,talk,69,5,6,Over
2,talk,70,5,7,Over
2,talk,71,5,1,Over
2,talk,72,5,4,Skip
2,talk,73,5,5,AGREE TALK day2 ID:50
2,talk,74,5,8,Over
2,talk,75,5,15,Over
2,talk,76,5,9,ESTIMATE Agent[08] WEREWOLF
2,talk,77,5,12,Skip
2,talk,78,6,13,Over
2,talk,79,6,10,Over
2,talk,80,6,8,Over
2,talk,81,6,11,Over
2,talk,82,6,9,Skip
2,talk,83,6,4,Over
2,talk,84,6,15,Over
2,talk,85,6,5,AGREE TALK day2 ID:72
2,talk,86,6,7,Over
2,talk,87,6,1,Over
2,talk,88,6,12,Over
2,talk,89,6,6,Over
2,talk,90,6,3,DISAGREE TALK day2 ID:19
2,talk,91,7,11,Over
2,talk,92,7,15,Over
2,talk,93,7,9,Over
2,talk,94,7,13,Over
2,talk,95,7,1,Over
2,talk,96,7,6,Over
2,talk,97,7,10,Over
2,talk,98,7,5,AGREE TALK day2 ID:28
2,talk,99,7,3,DISAGREE TALK day2 ID:22
2,talk,100,7,4,Over
2,talk,101,7,12,Over
2,talk,102,7,8,Over
2,talk,103,7,7,Over
2,talk,104,8,3,DISAGREE TALK day2 ID:24
2,talk,105,8,4,Over
2,talk,106,8,9,ESTIMATE Agent[15] WEREWOLF
2,talk,107,8,1,Over
2,talk,108,8,15,Over
2,talk,109,8,12,Over
2,talk,110,8,5,AGREE TALK day2 ID:1
2,talk,111,8,10,Over
2,talk,112,8,11,Over
2,talk,113,8,8,Over
2,talk,114,8,13,Over
2,talk,115,8,6,Over
2,talk,116,8,7,Over
2,talk,117,9,15,Over
2,talk,118,9,9,Over
2,talk,119,9,7,Over
2,talk,120,9,10,Over
2,talk,121,9,4,Over
2,talk,122,9,13,Over
2,talk,123,9,5,AGREE TALK day2 ID:35
2,talk,124,9,3,AGREE TALK day2 ID:27
2,talk,125,9,6,Over
2,talk,126,9,1,Over
2,talk,127,9,12,Over
2,talk,128,9,11,Over
2,talk,129,9,8,Over
2,talk,130,10,11,Over
2,talk,131,10,3,AGREE TALK day2 ID:43
2,talk,132,10,1,Over
2,talk,133,10,5,AGREE TALK day2 ID:59
2,talk,134,10,7,Over
2,talk,135,10,4,Over
2,talk,136,10,13,Over
2,talk,137,10,15,Over
2,talk,138,10,12,Over
2,talk,139,10,10,Over
2,talk,140,10,9,ESTIMATE Agent[07] WEREWOLF
2,talk,141,10,6,Over
2,talk,142,10,8,Over
2,talk,143,11,13,Over
2,talk,144,11,6,Over
2,talk,145,11,1,Over
2,talk,146,11,10,Over
2,talk,147,11,15,ESTIMATE Agent[08] WEREWOLF
2,talk,148,11,3,DISAGREE TALK day2 ID:76
2,talk,149,11,9,ESTIMATE Agent[11] VILLAGER
2,talk,150,11,7,Over
2,talk,151,11,5,Over
2,talk,152,11,11,Over
2,talk,153,11,12,Over
2,talk,154,11,8,Over
2,talk,155,11,4,Over
2,talk,156,12,12,Over
2,talk,157,12,8,Over
2,talk,158,12,1,Over
2,talk,159,12,5,Over
2,talk,160,12,11,Over
2,talk,161,12,15,ESTIMATE Agent[08] WEREWOLF
2,talk,162,12,6,Over
2,talk,163,12,4,Over
2,talk,164,12,3,Over
2,talk,165,12,7,Over
2,talk,166,12,9,Over
2,talk,167,12,13,Over
2,talk,168,12,10,Over
2,talk,169,13,9,Over
2,talk,170,13,1,Over
2,talk,171,13,13,Over
2,talk,172,13,15,Over
2,talk,173,13,12,Over
2,talk,174,13,10,Over
2,talk,175,13,5,Over
2,talk,176,13,4,Over
2,talk,177,13,7,Over
2,talk,178,13,6,Over
2,talk,179,13,8,Over
2,talk,180,13,11,Over
2,talk,181,13,3,Over
2,vote,1,8
2,vote,3,8
2,vote,4,3
2,vote,5,7
2,vote,6,3
2,vote,7,1
2,vote,8,3
2,vote,9,3
2,vote,10,5
2,vote,11,3
2,vote,12,3
2,vote,13,7
2,vote,15,12
2,execute,3,VILLAGER
2,whisper,0,0,8,ESTIMATE Agent[15] POSSESSED
2,whisper,1,0,7,ESTIMATE Agent[15] POSSESSED
2,whisper,2,0,9,ATTACK Agent[04]
2,whisper,3,1,9,Over
2,whisper,4,1,8,ATTACK Agent[01]
2,whisper,5,1,7,ATTACK Agent[11]
2,whisper,6,2,8,REQUEST(ATTACK Agent[01])
2,whisper,7,2,7,REQUEST(ATTACK Agent[11])
2,whisper,8,2,9,Over
2,whisper,9,3,9,Over
2,whisper,10,3,8,DIVINED Agent[12] WEREWOLF
2,whisper,11,3,7,IDENTIFIED Agent[03] WEREWOLF
2,whisper,12,4,7,Skip
2,whisper,13,4,8,Skip
2,whisper,14,4,9,Over
2,whisper,15,5,7,Skip
2,whisper,16,5,9,Over
2,whisper,17,5,8,Skip
2,whisper,18,6,8,Over
2,whisper,19,6,7,Over
2,whisper,20,6,9,Over
2,guard,12,8,WEREWOLF
2,attackVote,7,11
2,attackVote,8,1
2,attackVote,9,4
2,attackVote,7,11
2,attackVote,8,1
2,attackVote,9,12
2,attack,11,true
3,status,1,VILLAGER,ALIVE,m_cre
3,status,2,SEER,DEAD,carlo
3,status,3,VILLAGER,DEAD,AITKN
3,status,4,VILLAGER,ALIVE,Dummy13_09
3,status,5,VILLAGER,ALIVE,daisyo
3,status,6,VILLAGER,ALIVE,tori
3,status,7,WEREWOLF,ALIVE,Dummy13_11
3,status,8,WEREWOLF,ALIVE,Dummy13_07
3,status,9,WEREWOLF,ALIVE,wasabi
3,status,10,VILLAGER,ALIVE,TOT
3,status,11,VILLAGER,DEAD,Dummy13_08
3,status,12,BODYGUARD,ALIVE,Dummy13_10
3,status,13,VILLAGER,ALIVE,megumish
3,status,14,MEDIUM,DEAD,cash
3,status,15,POSSESSED,ALIVE,JuN1Ro
3,talk,0,0,9,Skip
3,talk,1,0,15,DIVINED Agent[04] WEREWOLF
3,talk,2,0,6,ESTIMATE Agent[01] WEREWOLF
3,talk,3,0,12,ESTIMATE Agent[01] WEREWOLF
3,talk,4,0,4,ESTIMATE Agent[01] WEREWOLF
3,talk,5,0,13,VOTE Agent[07]
3,talk,6,0,10,VOTE Agent[12]
3,talk,7,0,8,DIVINED Agent[12] WEREWOLF
3,talk,8,0,7,IDENTIFIED Agent[03] WEREWOLF
3,talk,9,0,5,Skip
3,talk,10,0,1,VOTE Agent[08]
3,talk,11,1,5,VOTE Agent[07]
3,talk,12,1,1,Skip
3,talk,13,1,7,VOTE Agent[04]
3,talk,14,1,4,REQUEST(Agent[08] DIVINATION Agent[01])
3,talk,15,1,15,VOTE Agent[04]
3,talk,16,1,12,REQUEST(Agent[08] DIVINATION Agent[01])
3,talk,17,1,13,Skip
3,talk,18,1,10,REQUEST(VOTE Agent[12])
3,talk,19,1,6,REQUEST(Agent[08] DIVINATION Agent[01])
3,talk,20,1,9,Skip
3,talk,21,1,8,VOTE Agent[12]
3,talk,22,2,13,Skip
3,talk,23,2,15,Over
3,talk,24,2,1,Skip
3,talk,25,2,4,ESTIMATE Agent[12] WEREWOLF
3,talk,26,2,9,VOTE Agent[07]
3,talk,27,2,5,AGREE TALK day3 ID:20
3,talk,28,2,12,VOTE Agent[01]
3,talk,29,2,10,Skip
3,talk,30,2,8,REQUEST(VOTE Agent[12])
3,talk,31,2,7,REQUEST(VOTE Agent[04])
3,talk,32,2,6,VOTE Agent[01]
3,talk,33,3,15,ESTIMATE Agent[08] WEREWOLF
3,talk,34,3,12,DISAGREE TALK day2 ID:55
3,talk,35,3,13,Over
3,talk,36,3,9,ESTIMATE Agent[07] WEREWOLF
3,talk,37,3,5,AGREE TALK day3 ID:12
3,talk,38,3,8,Skip
3,talk,39,3,4,REQUEST(Agent[08] DIVINATION Agent[12])
3,talk,40,3,7,Skip
3,talk,41,3,10,Skip
3,talk,42,3,1,Over
3,talk,43,3,6,Skip
3,talk,44,4,9,Skip
3,talk,45,4,13,Over
3,talk,46,4,12,DISAGREE TALK day2 ID:106
3,talk,47,4,8,Skip
3,talk,48,4,6,Skip
3,talk,49,4,15,Over
3,talk,50,4,1,Over
3,talk,51,4,10,Over
3,talk,52,4,5,AGREE TALK day3 ID:41
3,talk,53,4,7,Skip
3,talk,54,4,4,VOTE Agent[12]
3,talk,55,5,15,ESTIMATE Agent[08] WEREWOLF
3,talk,56,5,1,Over
3,talk,57,5,13,Over
3,talk,58,5,7,Over
3,talk,59,5,12,ESTIMATE Agent[15] SEER
3,talk,60,5,9,ESTIMATE Agent[15] WEREWOLF
3,talk,61,5,4,Skip
3,talk,62,5,5,AGREE TALK day3 ID:22
3,talk,63,5,6,Over
3,talk,64,5,10,Over
3,talk,65,5,8,Over
3,talk,66,6,9,Over
3,talk,67,6,1,Over
3,talk,68,6,8,Over
3,talk,69,6,13,Over
3,talk,70,6,10,Over
3,talk,71,6,15,ESTIMATE Agent[01] VILLAGER
3,talk,72,6,6,Over
3,talk,73,6,7,Over
3,talk,74,6,5,AGREE TALK day3 ID:38
3,talk,75,6,4,Skip
3,talk,76,6,12,Skip
3,talk,77,7,13,Over
3,talk,78,7,4,Over
3,talk,79,7,6,Over
3,talk,80,7,15,Over
3,talk,81,7,5,AGREE TALK day3 ID:48
3,talk,82,7,12,Skip
3,talk,83,7,9,Over
3,talk,84,7,1,Over
3,talk,85,7,8,Over
3,talk,86,7,7,Over
3,talk,87,7,10,Over
3,talk,88,8,7,Over
3,talk,89,8,15,Over
3,talk,90,8,4,Over
3,talk,91,8,6,Over
3,talk,92,8,10,Over
3,talk,93,8,13,Over
3,talk,94,8,9,ESTIMATE Agent[08] WEREWOLF
3,talk,95,8,12,Over
3,talk,96,8,8,Over
3,talk,97,8,5,AGREE TALK day3 ID:61
3,talk,98,8,1,Over
3,talk,99,9,15,Over
3,talk,100,9,6,Over
3,talk,101,9,1,Over
3,talk,102,9,9,Over
3,talk,103,9,12,Over
3,talk,104,9,5,AGREE TALK day3 ID:76
3,talk,105,9,7,Over
3,talk,106,9,13,Over
3,talk,107,9,8,Over
3,talk,108,9,10,Over
3,talk,109,9,4,Over
3,talk,110,10,5,AGREE TALK day3 ID:43
3,talk,111,10,8,Over
3,talk,112,10,12,Over
3,talk,113,10,6,Over
3,talk,114,10,4,Over
3,talk,115,10,7,Over
3,talk,116,10,9,ESTIMATE Agent[13] VILLAGER
3,talk,117,10,15,ESTIMATE Agent[08] WEREWOLF
3,talk,118,10,10,Over
3,talk,119,10,13,Over
3,talk,120,10,1,Over
3,talk,121,11,8,Over
3,talk,122,11,4,Over
3,talk,123,11,15,ESTIMATE Agent[08] WEREWOLF
3,talk,124,11,10,Over
3,talk,125,11,7,Over
3,talk,126,11,13,Over
3,talk,127,11,9,Over
3,talk,128,11,5,Over
3,talk,129,11,1,Over
3,talk,130,11,6,Over
3,talk,131,11,12,Over
3,talk,132,12,13,Over
3,talk,133,12,10,Over
3,talk,134,12,5,Over
3,talk,135,12,1,Over
3,talk,136,12,15,Over
3,talk,137,12,7,Over
3,talk,138,12,4,Over
3,talk,139,12,6,Over
3,talk,140,12,9,ESTIMATE Agent[08] WEREWOLF
3,talk,141,12,12,Over
3,talk,142,12,8,Over
3,talk,143,13,12,Over
3,talk,144,13,5,Over
3,talk,145,13,4,Over
3,talk,146,13,13,Over
3,talk,147,13,6,Over
3,talk,148,13,8,Over
3,talk,149,13,10,Over
3,talk,150,13,9,ESTIMATE Agent[07] WEREWOLF
3,talk,151,13,7,Over
3,talk,152,13,15,Over
3,talk,153,13,1,Over
3,talk,154,14,10,Over
3,talk,155,14,7,Over
3,talk,156,14,13,Over
3,talk,157,14,1,Over
3,talk,158,14,8,Over
3,talk,159,14,12,Over
3,talk,160,14,4,Over
3,talk,161,14,5,Over
3,talk,162,14,6,Over
3,talk,163,14,15,Over
3,talk,164,14,9,ESTIMATE Agent[05] VILLAGER
3,talk,165,15,9,ESTIMATE Agent[07] WEREWOLF
3,talk,166,15,13,Over
3,talk,167,15,5,Over
3,talk,168,15,7,Over
3,talk,169,15,10,Over
3,talk,170,15,6,Over
3,talk,171,15,1,Over
3,talk,172,15,8,Over
3,talk,173,15,4,Over
3,talk,174,15,12,Over
3,talk,175,15,15,Over
3,talk,176,16,1,Over
3,talk,177,16,6,Over
3,talk,178,16,7,Over
3,talk,179,16,9,Over
3,talk,180,16,5,Over
3,talk,181,16,4,Over
3,talk,182,16,12,Over
3,talk,183,16,10,Over
3,talk,184,16,8,Over
3,talk,185,16,13,Over
3,talk,186,16,15,Over
3,vote,1,8
3,vote,4,12
3,vote,5,7
3,vote,6,1
3,vote,7,4
3,vote,8,12
3,vote,9,7
3,vote,10,12
3,vote,12,1
3,vote,13,7
3,vote,15,8
3,vote,1,7
3,vote,4,12
3,vote,5,7
3,vote,6,12
3,vote,7,12
3,vote,8,12
3,vote,9,7
3,vote,10,12
3,vote,12,1
3,vote,13,7
3,vote,15,8
3,execute,12,BODYGUARD
3,whisper,0,0,8,ATTACK Agent[06]
3,whisper,1,0,7,ATTACK Agent[13]
3,whisper,2,0,9,Over
3,whisper,3,1,8,REQUEST(ATTACK Agent[06])
3,whisper,4,1,9,Over
3,whisper,5,1,7,REQUEST(ATTACK Agent[13])
3,whisper,6,2,7,IDENTIFIED Agent[12] WEREWOLF
3,whisper,7,2,9,Over
3,whisper,8,2,8,DIVINED Agent[07] HUMAN
3,whisper,9,3,8,Skip
3,whisper,10,3,7,Skip
3,whisper,11,3,9,ATTACK Agent[01]
3,whisper,12,4,9,Over
3,whisper,13,4,8,Skip
3,whisper,14,4,7,Skip
3,whisper,15,5,9,Over
3,whisper,16,5,8,Over
3,whisper,17,5,7,Over
3,attackVote,7,13
3,attackVote,8,6
3,attackVote,9,1
3,attackVote,7,13
3,attackVote,8,6
3,attackVote,9,1
3,attack,13,true
4,status,1,VILLAGER,ALIVE,m_cre
4,status,2,SEER,DEAD,carlo
4,status,3,VILLAGER,DEAD,AITKN
4,status,4,VILLAGER,ALIVE,Dummy13_09
4,status,5,VILLAGER,ALIVE,daisyo
4,status,6,VILLAGER,ALIVE,tori
4,status,7,WEREWOLF,ALIVE,Dummy13_11
4,status,8,WEREWOLF,ALIVE,Dummy13_07
4,status,9,WEREWOLF,ALIVE,wasabi
4,status,10,VILLAGER,ALIVE,TOT
4,status,11,VILLAGER,DEAD,Dummy13_08
4,status,12,BODYGUARD,DEAD,Dummy13_10
4,status,13,VILLAGER,DEAD,megumish
4,status,14,MEDIUM,DEAD,cash
4,status,15,POSSESSED,ALIVE,JuN1Ro
4,talk,0,0,15,DIVINED Agent[10] WEREWOLF
4,talk,1,0,1,VOTE Agent[08]
4,talk,2,0,8,DIVINED Agent[07] HUMAN
4,talk,3,0,10,VOTE Agent[04]
4,talk,4,0,9,VOTE Agent[07]
4,talk,5,0,4,AGREE TALK day2 ID:55
4,talk,6,0,7,IDENTIFIED Agent[12] WEREWOLF
4,talk,7,0,5,Skip
4,talk,8,0,6,ESTIMATE Agent[04] WEREWOLF
4,talk,9,1,8,VOTE Agent[05]
4,talk,10,1,1,VOTE Agent[15]
4,talk,11,1,7,VOTE Agent[01]
4,talk,12,1,5,VOTE Agent[04]
4,talk,13,1,15,VOTE Agent[10]
4,talk,14,1,4,AGREE TALK day2 ID:106
4,talk,15,1,9,ESTIMATE Agent[08] WEREWOLF
4,talk,16,1,10,REQUEST(VOTE Agent[04])
4,talk,17,1,6,REQUEST(Agent[08] DIVINATION Agent[04])
4,talk,18,2,7,REQUEST(VOTE Agent[01])
4,talk,19,2,10,ESTIMATE Agent[15] WEREWOLF
4,talk,20,2,1,Skip
4,talk,21,2,6,VOTE Agent[04]
4,talk,22,2,4,DISAGREE TALK day3 ID:59
4,talk,23,2,15,Over
4,talk,24,2,9,ESTIMATE Agent[07] WEREWOLF
4,talk,25,2,5,AGREE TALK day4 ID:2
4,talk,26,2,8,REQUEST(VOTE Agent[05])
4,talk,27,3,7,Skip
4,talk,28,3,10,REQUEST(DIVINATION Agent[15])
4,talk,29,3,4,AGREE TALK day3 ID:60
4,talk,30,3,1,Skip
4,talk,31,3,15,ESTIMATE Agent[08] WEREWOLF
4,talk,32,3,5,AGREE TALK day4 ID:20
4,talk,33,3,6,Skip
4,talk,34,3,9,ESTIMATE Agent[07] WEREWOLF
4,talk,35,3,8,Skip
4,talk,36,4,15,Over
4,talk,37,4,5,AGREE TALK day4 ID:30
4,talk,38,4,6,Skip
4,talk,39,4,9,ESTIMATE Agent[04] VILLAGER
4,talk,40,4,8,Skip
4,talk,41,4,10,VOTE Agent[15]
4,talk,42,4,4,ESTIMATE Agent[15] WEREWOLF
4,talk,43,4,1,Over
4,talk,44,4,7,Skip
4,talk,45,5,9,Skip
4,talk,46,5,4,REQUEST(Agent[08] DIVINATION Agent[15])
4,talk,47,5,8,Over
4,talk,48,5,6,Over
4,talk,49,5,5,AGREE TALK day4 ID:39
4,talk,50,5,1,Over
4,talk,51,5,10,REQUEST(VOTE Agent[15])
4,talk,52,5,7,Over
4,talk,53,5,15,ESTIMATE Agent[08] WEREWOLF
4,talk,54,6,7,Over
4,talk,55,6,5,AGREE TALK day4 ID:27
4,talk,56,6,9,ESTIMATE Agent[15] WEREWOLF
4,talk,57,6,6,Over
4,talk,58,6,15,ESTIMATE Agent[08] WEREWOLF
4,talk,59,6,10,Skip
4,talk,60,6,1,Over
4,talk,61,6,4,VOTE Agent[15]
4,talk,62,6,8,Over
4,talk,63,7,15,Over
4,talk,64,7,7,Over
4,talk,65,7,4,Skip
4,talk,66,7,10,Skip
4,talk,67,7,9,ESTIMATE Agent[08] WEREWOLF
4,talk,68,7,1,Over
4,talk,69,7,5,AGREE TALK day4 ID:35
4,talk,70,7,6,Over
4,talk,71,7,8,Over
4,talk,72,8,6,Over
4,talk,73,8,9,Skip
4,talk,74,8,15,ESTIMATE Agent[08] WEREWOLF
4,talk,75,8,5,AGREE TALK day4 ID:40
4,talk,76,8,10,Over
4,talk,77,8,4,Skip
4,talk,78,8,8,Over
4,talk,79,8,1,Over
4,talk,80,8,7,Over
4,talk,81,9,1,Over
4,talk,82,9,5,AGREE TALK day4 ID:77
4,talk,83,9,6,Over
4,talk,84,9,15,ESTIMATE Agent[08] WEREWOLF
4,talk,85,9,7,Over
4,talk,86,9,10,Over
4,talk,87,9,8,Over
4,talk,88,9,4,Over
4,talk,89,9,9,ESTIMATE Agent[04] VILLAGER
4,talk,90,10,10,Over
4,talk,91,10,6,Over
4,talk,92,10,1,Over
4,talk,93,10,9,Skip
4,talk,94,10,5,AGREE TALK day4 ID:45
4,talk,95,10,7,Over
4,talk,96,10,4,Over
4,talk,97,10,8,Over
4,talk,98,10,15,Over
4,talk,99,11,9,Over
4,talk,100,11,6,Over
4,talk,101,11,7,Over
4,talk,102,11,5,Over
4,talk,103,11,8,Over
4,talk,104,11,10,Over
4,talk,105,11,4,Over
4,talk,106,11,15,ESTIMATE Agent[08] WEREWOLF
4,talk,107,11,1,Over
4,talk,108,12,9,ESTIMATE Agent[07] WEREWOLF
4,talk,109,12,5,Over
4,talk,110,12,1,Over
4,talk,111,12,4,Over
4,talk,112,12,7,Over
4,talk,113,12,8,Over
4,talk,114,12,10,Over
4,talk,115,12,15,Over
4,talk,116,12,6,Over
4,talk,117,13,4,Over
4,talk,118,13,1,Over
4,talk,119,13,9,ESTIMATE Agent[05] VILLAGER
4,talk,120,13,7,Over
4,talk,121,13,10,Over
4,talk,122,13,15,ESTIMATE Agent[01] VILLAGER
4,talk,123,13,6,Over
4,talk,124,13,5,Over
4,talk,125,13,8,Over
4,talk,126,14,4,Over
4,talk,127,14,7,Over
4,talk,128,14,6,Over
4,talk,129,14,1,Over
4,talk,130,14,8,Over
4,talk,131,14,9,Over
4,talk,132,14,10,Over
4,talk,133,14,15,Over
4,talk,134,14,5,Over
4,vote,1,15
4,vote,4,15
4,vote,5,4
4,vote,6,4
4,vote,7,1
4,vote,8,5
4,vote,9,7
4,vote,10,15
4,vote,15,7
4,execute,15,POSSESSED
4,whisper,0,0,7,ATTACK Agent[05]
4,whisper,1,0,9,ATTACK Agent[01]
4,whisper,2,0,8,ATTACK Agent[06]
4,whisper,3,1,7,REQUEST(ATTACK Agent[05])
4,whisper,4,1,9,ESTIMATE Agent[07] POSSESSED
4,whisper,5,1,8,REQUEST(ATTACK Agent[06])
4,whisper,6,2,7,IDENTIFIED Agent[15] HUMAN
4,whisper,7,2,9,Over
4,whisper,8,2,8,DIVINED Agent[06] WEREWOLF
4,whisper,9,3,9,Over
4,whisper,10,3,8,Skip
4,whisper,11,3,7,Skip
4,whisper,12,4,7,Skip
4,whisper,13,4,8,Skip
4,whisper,14,4,9,Over
4,whisper,15,5,9,Over
4,whisper,16,5,7,Over
4,whisper,17,5,8,Over
4,attackVote,7,5
4,attackVote,8,6
4,attackVote,9,1
4,attackVote,7,5
4,attackVote,8,6
4,attackVote,9,1
4,attack,6,true
5,status,1,VILLAGER,ALIVE,m_cre
5,status,2,SEER,DEAD,carlo
5,status,3,VILLAGER,DEAD,AITKN
5,status,4,VILLAGER,ALIVE,Dummy13_09
5,status,5,VILLAGER,ALIVE,daisyo
5,status,6,VILLAGER,DEAD,tori
5,status,7,WEREWOLF,ALIVE,Dummy13_11
5,status,8,WEREWOLF,ALIVE,Dummy13_07
5,status,9,WEREWOLF,ALIVE,wasabi
5,status,10,VILLAGER,ALIVE,TOT
5,status,11,VILLAGER,DEAD,Dummy13_08
5,status,12,BODYGUARD,DEAD,Dummy13_10
5,status,13,VILLAGER,DEAD,megumish
5,status,14,MEDIUM,DEAD,cash
5,status,15,POSSESSED,DEAD,JuN1Ro
5,talk,0,0,8,DIVINED Agent[06] WEREWOLF
5,talk,1,0,4,VOTE Agent[01]
5,talk,2,0,5,Skip
5,talk,3,0,1,VOTE Agent[08]
5,talk,4,0,10,VOTE Agent[08]
5,talk,5,0,7,IDENTIFIED Agent[15] HUMAN
5,talk,6,0,9,VOTE Agent[07]
5,talk,7,1,4,DISAGREE TALK day2 ID:1
5,talk,8,1,9,Skip
5,talk,9,1,8,VOTE Agent[05]
5,talk,10,1,10,REQUEST(VOTE Agent[08])
5,talk,11,1,5,VOTE Agent[08]
5,talk,12,1,1,Skip
5,talk,13,1,7,VOTE Agent[10]
5,talk,14,2,4,DISAGREE TALK day2 ID:3
5,talk,15,2,7,REQUEST(VOTE Agent[10])
5,talk,16,2,9,Skip
5,talk,17,2,5,AGREE TALK day5 ID:8
5,talk,18,2,10,Skip
5,talk,19,2,8,REQUEST(VOTE Agent[05])
5,talk,20,2,1,Skip
5,talk,21,3,8,Skip
5,talk,22,3,5,AGREE TALK day5 ID:20
5,talk,23,3,7,Skip
5,talk,24,3,4,DISAGREE TALK day2 ID:10
5,talk,25,3,10,Skip
5,talk,26,3,1,Over
5,talk,27,3,9,Over
5,talk,28,4,10,Over
5,talk,29,4,5,AGREE TALK day5 ID:16
5,talk,30,4,8,Skip
5,talk,31,4,1,Over
5,talk,32,4,7,Skip
5,talk,33,4,9,ESTIMATE Agent[08] WEREWOLF
5,talk,34,4,4,DISAGREE TALK day2 ID:11
5,talk,35,5,1,Over
5,talk,36,5,5,AGREE TALK day5 ID:23
5,talk,37,5,9,ESTIMATE Agent[10] VILLAGER
5,talk,38,5,4,AGREE TALK day2 ID:32
5,talk,39,5,8,Over
5,talk,40,5,10,Over
5,talk,41,5,7,Over
5,talk,42,6,5,AGREE TALK day5 ID:18
5,talk,43,6,10,Over
5,talk,44,6,1,Over
5,talk,45,6,9,ESTIMATE Agent[08] WEREWOLF
5,talk,46,6,4,AGREE TALK day2 ID:76
5,talk,47,6,8,Over
5,talk,48,6,7,Over
5,talk,49,7,4,AGREE TALK day2 ID:147
5,talk,50,7,5,AGREE TALK day5 ID:37
5,talk,51,7,7,Over
5,talk,52,7,1,Over
5,talk,53,7,8,Over
5,talk,54,7,9,Over
5,talk,55,7,10,Over
5,talk,56,8,9,Over
5,talk,57,8,10,Over
5,talk,58,8,7,Over
5,talk,59,8,8,Over
5,talk,60,8,5,AGREE TALK day5 ID:30
5,talk,61,8,4,AGREE TALK day2 ID:161
5,talk,62,8,1,Over
5,talk,63,9,5,AGREE TALK day5 ID:21
5,talk,64,9,4,AGREE TALK day3 ID:33
5,talk,65,9,8,Over
5,talk,66,9,9,Over
5,talk,67,9,10,Over
5,talk,68,9,1,Over
5,talk,69,9,7,Over
5,talk,70,10,9,Over
5,talk,71,10,8,Over
5,talk,72,10,1,Over
5,talk,73,10,7,Over
5,talk,74,10,5,AGREE TALK day5 ID:32
5,talk,75,10,10,Over
5,talk,76,10,4,Over
5,talk,77,11,1,Over
5,talk,78,11,10,Over
5,talk,79,11,5,Over
5,talk,80,11,7,Over
5,talk,81,11,4,Over
5,talk,82,11,8,Over
5,talk,83,11,9,ESTIMATE Agent[08] WEREWOLF
5,talk,84,12,4,Over
5,talk,85,12,1,Over
5,talk,86,12,7,Over
5,talk,87,12,9,Over
5,talk,88,12,10,Over
5,talk,89,12,8,Over
5,talk,90,12,5,Over
5,vote,1,8
5,vote,4,8
5,vote,5,8
5,vote,7,10
5,vote,8,5
5,vote,9,7
5,vote,10,8
5,execute,8,WEREWOLF
5,whisper,0,0,8,ATTACK Agent[01]
5,whisper,1,0,9,ATTACK Agent[01]
5,whisper,2,0,7,ATTACK Agent[10]
5,whisper,3,1,7,REQUEST(ATTACK Agent[10])
5,whisper,4,1,8,REQUEST(ATTACK Agent[01])
5,whisper,5,1,9,Over
5,whisper,6,2,8,DIVINED Agent[10] HUMAN
5,whisper,7,2,7,IDENTIFIED Agent[08] HUMAN
5,whisper,8,2,9,Over
5,whisper,9,3,7,Skip
5,whisper,10,3,9,Over
5,whisper,11,3,8,Skip
5,whisper,12,4,9,ESTIMATE Agent[07] POSSESSED
5,whisper,13,4,7,Skip
5,whisper,14,4,8,Skip
5,whisper,15,5,8,Over
5,whisper,16,5,9,Over
5,whisper,17,5,7,Over
5,attackVote,7,10
5,attackVote,8,1
5,attackVote,9,1
5,attackVote,7,1
5,attackVote,8,1
5,attackVote,9,1
5,attack,1,true
6,status,1,VILLAGER,DEAD,m_cre
6,status,2,SEER,DEAD,carlo
6,status,3,VILLAGER,DEAD,AITKN
6,status,4,VILLAGER,ALIVE,Dummy13_09
6,status,5,VILLAGER,ALIVE,daisyo
6,status,6,VILLAGER,DEAD,tori
6,status,7,WEREWOLF,ALIVE,Dummy13_11
6,status,8,WEREWOLF,DEAD,Dummy13_07
6,status,9,WEREWOLF,ALIVE,wasabi
6,status,10,VILLAGER,ALIVE,TOT
6,status,11,VILLAGER,DEAD,Dummy13_08
6,status,12,BODYGUARD,DEAD,Dummy13_10
6,status,13,VILLAGER,DEAD,megumish
6,status,14,MEDIUM,DEAD,cash
6,status,15,POSSESSED,DEAD,JuN1Ro
6,talk,0,0,9,Skip
6,talk,1,0,10,VOTE Agent[07]
6,talk,2,0,4,VOTE Agent[05]
6,talk,3,0,5,Skip
6,talk,4,0,7,IDENTIFIED Agent[08] HUMAN
6,talk,5,1,5,VOTE Agent[07]
6,talk,6,1,4,Skip
6,talk,7,1,9,VOTE Agent[07]
6,talk,8,1,10,REQUEST(VOTE Agent[07])
6,talk,9,1,7,VOTE Agent[10]
6,talk,10,2,5,AGREE TALK day6 ID:0
6,talk,11,2,10,Skip
6,talk,12,2,7,REQUEST(VOTE Agent[10])
6,talk,13,2,9,ESTIMATE Agent[07] WEREWOLF
6,talk,14,2,4,Skip
6,talk,15,3,9,ESTIMATE Agent[10] VILLAGER
6,talk,16,3,4,Over
6,talk,17,3,10,Skip
6,talk,18,3,5,AGREE TALK day6 ID:6
6,talk,19,3,7,Skip
6,talk,20,4,10,Over
6,talk,21,4,9,ESTIMATE Agent[10] VILLAGER
6,talk,22,4,5,AGREE TALK day6 ID:11
6,talk,23,4,4,Over
6,talk,24,4,7,Skip
6,talk,25,5,9,ESTIMATE Agent[07] WEREWOLF
6,talk,26,5,4,Over
6,talk,27,5,5,AGREE TALK day6 ID:24
6,talk,28,5,10,Over
6,talk,29,5,7,Over
6,talk,30,6,9,Skip
6,talk,31,6,5,AGREE TALK day6 ID:14
6,talk,32,6,4,Over
6,talk,33,6,10,Over
6,talk,34,6,7,Over
6,talk,35,7,4,Over
6,talk,36,7,9,ESTIMATE Agent[07] WEREWOLF
6,talk,37,7,7,Over
6,talk,38,7,5,AGREE TALK day6 ID:30
6,talk,39,7,10,Over
6,talk,40,8,5,AGREE TALK day6 ID:15
6,talk,41,8,4,Over
6,talk,42,8,9,Skip
6,talk,43,8,10,Over
6,talk,44,8,7,Over
6,talk,45,9,7,Over
6,talk,46,9,4,Over
6,talk,47,9,10,Over
6,talk,48,9,5,AGREE TALK day6 ID:17
6,talk,49,9,9,Over
6,talk,50,10,7,Over
6,talk,51,10,9,ESTIMATE Agent[07] WEREWOLF
6,talk,52,10,4,Over
6,talk,53,10,5,AGREE TALK day6 ID:42
6,talk,54,10,10,Over
6,talk,55,11,7,Over
6,talk,56,11,4,Over
6,talk,57,11,5,Over
6,talk,58,11,9,ESTIMATE Agent[07] WEREWOLF
6,talk,59,11,10,Over
6,talk,60,12,7,Over
6,talk,61,12,9,Over
6,talk,62,12,5,Over
6,talk,63,12,4,Over
6,talk,64,12,10,Over
6,vote,4,5
6,vote,5,7
6,vote,7,10
6,vote,9,7
6,vote,10,7
6,execute,7,WEREWOLF
6,whisper,0,0,9,ATTACK Agent[05]
6,whisper,1,0,7,ATTACK Agent[05]
6,whisper,2,1,7,REQUEST(ATTACK Agent[05])
6,whisper,3,1,9,Over
6,whisper,4,2,9,Over
6,whisper,5,2,7,IDENTIFIED Agent[07] HUMAN
6,whisper,6,3,7,Skip
6,whisper,7,3,9,Over
6,whisper,8,4,9,Over
6,whisper,9,4,7,Skip
6,whisper,10,5,9,Over
6,whisper,11,5,7,Over
6,attackVote,7,5
6,attackVote,9,5
6,attack,5,true
7,status,1,VILLAGER,DEAD,m_cre
7,status,2,SEER,DEAD,carlo
7,status,3,VILLAGER,DEAD,AITKN
7,status,4,VILLAGER,ALIVE,Dummy13_09
7,status,5,VILLAGER,DEAD,daisyo
7,status,6,VILLAGER,DEAD,tori
7,status,7,WEREWOLF,DEAD,Dummy13_11
7,status,8,WEREWOLF,DEAD,Dummy13_07
7,status,9,WEREWOLF,ALIVE,wasabi
7,status,10,VILLAGER,ALIVE,TOT
7,status,11,VILLAGER,DEAD,Dummy13_08
7,status,12,BODYGUARD,DEAD,Dummy13_10
7,status,13,VILLAGER,DEAD,megumish
7,status,14,MEDIUM,DEAD,cash
7,status,15,POSSESSED,DEAD,JuN1Ro
7,talk,0,0,9,Skip
7,talk,1,0,10,VOTE Agent[04]
7,talk,2,0,4,VOTE Agent[09]
7,talk,3,1,9,Skip
7,talk,4,1,10,REQUEST(VOTE Agent[04])
7,talk,5,1,4,Skip
7,talk,6,2,9,VOTE Agent[04]
7,talk,7,2,10,Skip
7,talk,8,2,4,Skip
7,talk,9,3,9,ESTIMATE Agent[10] VILLAGER
7,talk,10,3,4,Over
7,talk,11,3,10,Skip
7,talk,12,4,10,Over
7,talk,13,4,9,Skip
7,talk,14,4,4,Over
7,talk,15,5,10,Over
7,talk,16,5,4,Over
7,talk,17,5,9,ESTIMATE Agent[10] WEREWOLF
7,talk,18,6,4,Over
7,talk,19,6,9,Over
7,talk,20,6,10,Over
7,vote,4,9
7,vote,9,4
7,vote,10,4
7,execute,4,VILLAGER
7,attackVote,9,10
7,attack,10,true
8,status,1,VILLAGER,DEAD,m_cre
8,status,2,SEER,DEAD,carlo
8,status,3,VILLAGER,DEAD,AITKN
8,status,4,VILLAGER,DEAD,Dummy13_09
8,status,5,VILLAGER,DEAD,daisyo
8,status,6,VILLAGER,DEAD,tori
8,status,7,WEREWOLF,DEAD,Dummy13_11
8,status,8,WEREWOLF,DEAD,Dummy13_07
8,status,9,WEREWOLF,ALIVE,wasabi
8,status,10,VILLAGER,DEAD,TOT
8,status,11,VILLAGER,DEAD,Dummy13_08
8,status,12,BODYGUARD,DEAD,Dummy13_10
8,status,13,VILLAGER,DEAD,megumish
8,status,14,MEDIUM,DEAD,cash
8,status,15,POSSESSED,DEAD,JuN1Ro
8,result,0,1,WEREWOLF
