0,status,1,VILLAGER,ALIVE,m_cre
0,status,2,WEREWOLF,ALIVE,carlo
0,status,3,WEREWOLF,ALIVE,AITKN
0,status,4,VILLAGER,ALIVE,Dummy13_09
0,status,5,POSSESSED,ALIVE,daisyo
0,status,6,VILLAGER,ALIVE,tori
0,status,7,WEREWOLF,ALIVE,Dummy13_11
0,status,8,BODYGUARD,ALIVE,Dummy13_07
0,status,9,VILLAGER,ALIVE,wasabi
0,status,10,SEER,ALIVE,TOT
0,status,11,MEDIUM,ALIVE,Dummy13_08
0,status,12,VILLAGER,ALIVE,Dummy13_10
0,status,13,VILLAGER,ALIVE,megumish
0,status,14,VILLAGER,ALIVE,cash
0,status,15,VILLAGER,ALIVE,JuN1Ro
0,whisper,0,0,2,COMINGOUT Agent[02] VILLAGER
0,whisper,1,0,7,COMINGOUT Agent[07] MEDIUM
0,whisper,2,0,3,Skip
0,whisper,3,1,7,Skip
0,whisper,4,1,3,Skip
0,whisper,5,1,2,ATTACK Agent[15]
0,whisper,6,2,2,Over
0,whisper,7,2,3,Over
0,whisper,8,2,7,Skip
0,whisper,9,3,7,Over
0,whisper,10,3,3,Over
0,whisper,11,3,2,Over
0,divine,10,12,HUMAN
1,status,1,VILLAGER,ALIVE,m_cre
1,status,2,WEREWOLF,ALIVE,carlo
1,status,3,WEREWOLF,ALIVE,AITKN
1,status,4,VILLAGER,ALIVE,Dummy13_09
1,status,5,POSSESSED,ALIVE,daisyo
1,status,6,VILLAGER,ALIVE,tori
1,status,7,WEREWOLF,ALIVE,Dummy13_11
1,status,8,BODYGUARD,ALIVE,Dummy13_07
1,status,9,VILLAGER,ALIVE,wasabi
1,status,10,SEER,ALIVE,TOT
1,status,11,MEDIUM,ALIVE,Dummy13_08
1,status,12,VILLAGER,ALIVE,Dummy13_10
1,status,13,VILLAGER,ALIVE,megumish
1,status,14,VILLAGER,ALIVE,cash
1,status,15,VILLAGER,ALIVE,JuN1Ro
1,talk,0,0,3,Skip
1,talk,1,0,8,VOTE Agent[07]
1,talk,2,0,5,Skip
1,talk,3,0,14,DIVINED Agent[10] HUMAN
1,talk,4,0,2,VOTE Agent[01]
1,talk,5,0,1,VOTE Agent[09]
1,talk,6,0,15,VOTE Agent[13]
1,talk,7,0,7,VOTE Agent[10]
1,talk,8,0,9,Skip
1,talk,9,0,13,VOTE Agent[05]
1,talk,10,0,10,VOTE Agent[01]
1,talk,11,0,4,VOTE Agent[11]
1,talk,12,0,12,VOTE Agent[05]
1,talk,13,0,6,VOTE Agent[14]
1,talk,14,0,11,COMINGOUT Agent[11] MEDIUM
1,talk,15,1,1,Skip
1,talk,16,1,15,ESTIMATE Agent[12] WEREWOLF
1,talk,17,1,13,Skip
1,talk,18,1,14,Over
1,talk,19,1,3,Skip
1,talk,20,1,8,ESTIMATE Agent[14] SEER
1,talk,21,1,10,REQUEST(VOTE Agent[01])
1,talk,22,1,9,VOTE Agent[06]
1,talk,23,1,7,REQUEST(VOTE Agent[10])
1,talk,24,1,6,ESTIMATE Agent[14] SEER
1,talk,25,1,5,VOTE Agent[01]
1,talk,26,1,2,Skip
1,talk,27,1,12,ESTIMATE Agent[14] SEER
1,talk,28,1,4,ESTIMATE Agent[14] SEER
1,talk,29,1,11,VOTE Agent[01]
1,talk,30,2,2,Skip
1,talk,31,2,6,Skip
1,talk,32,2,13,Skip
1,talk,33,2,12,Skip
1,talk,34,2,3,Over
1,talk,35,2,10,Skip
1,talk,36,2,9,VOTE Agent[10]
1,talk,37,2,11,ESTIMATE Agent[14] SEER
1,talk,38,2,14,Over
1,talk,39,2,4,Skip
1,talk,40,2,15,Over
1,talk,41,2,5,AGREE TALK day1 ID:28
1,talk,42,2,1,Skip
1,talk,43,2,7,VOTE Agent[11]
1,talk,44,2,8,Skip
1,talk,45,3,3,Over
1,talk,46,3,2,Over
1,talk,47,3,9,Skip
1,talk,48,3,13,Over
1,talk,49,3,14,Over
1,talk,50,3,11,Skip
1,talk,51,3,1,Over
1,talk,52,3,4,Skip
1,talk,53,3,8,Skip
1,talk,54,3,5,AGREE TALK day1 ID:33
1,talk,55,3,15,Over
1,talk,56,3,6,Skip
1,talk,57,3,7,REQUEST(VOTE Agent[11])
1,talk,58,3,12,Skip
1,talk,59,3,10,Skip
1,talk,60,4,12,Over
1,talk,61,4,8,Over
1,talk,62,4,4,Over
1,talk,63,4,3,Over
1,talk,64,4,14,Over
1,talk,65,4,15,VOTE Agent[12]
1,talk,66,4,6,Over
1,talk,67,4,13,Over
1,talk,68,4,5,AGREE TALK day1 ID:53
1,talk,69,4,7,COMINGOUT Agent[07] MEDIUM
1,talk,70,4,9,Skip
1,talk,71,4,10,Over
1,talk,72,4,2,Over
1,talk,73,4,1,Over
1,talk,74,4,11,Skip
1,talk,75,5,10,Over
1,talk,76,5,7,Skip
1,talk,77,5,8,Over
1,talk,78,5,12,Over
1,talk,79,5,11,ESTIMATE Agent[07] WEREWOLF
1,talk,80,5,4,Over
1,talk,81,5,2,VOTE Agent[07]
1,talk,82,5,15,VOTE Agent[07]
1,talk,83,5,13,Over
1,talk,84,5,5,AGREE TALK day1 ID:15
1,talk,85,5,6,Over
1,talk,86,5,9,Over
1,talk,87,5,1,VOTE Agent[11]
1,talk,88,5,14,Over
1,talk,89,5,3,Over
1,talk,90,6,14,Over
1,talk,91,6,9,Over
1,talk,92,6,1,Skip
1,talk,93,6,12,Over
1,talk,94,6,8,Over
1,talk,95,6,2,Skip
1,talk,96,6,15,Over
1,talk,97,6,6,Over
1,talk,98,6,7,Skip
1,talk,99,6,4,Over
1,talk,100,6,3,Over
1,talk,101,6,13,Over
1,talk,102,6,5,AGREE TALK day1 ID:70
1,talk,103,6,10,Over
1,talk,104,6,11,REQUEST(Agent[14] DIVINATION Agent[07])
1,talk,105,7,8,Over
1,talk,106,7,2,Skip
1,talk,107,7,1,Skip
1,talk,108,7,12,Over
1,talk,109,7,13,Over
1,talk,110,7,6,Over
1,talk,111,7,10,Over
1,talk,112,7,4,Over
1,talk,113,7,9,VOTE Agent[11]
1,talk,114,7,7,Over
1,talk,115,7,5,AGREE TALK day1 ID:47
1,talk,116,7,14,Over
1,talk,117,7,11,VOTE Agent[07]
1,talk,118,7,3,Over
1,talk,119,7,15,Over
1,talk,120,8,10,Over
1,talk,121,8,6,Over
1,talk,122,8,5,AGREE TALK day1 ID:98
1,talk,123,8,1,Over
1,talk,124,8,8,Over
1,talk,125,8,9,ESTIMATE Agent[06] VILLAGER
1,talk,126,8,4,Over
1,talk,127,8,3,Over
1,talk,128,8,11,Skip
1,talk,129,8,14,Over
1,talk,130,8,13,Over
1,talk,131,8,7,Over
1,talk,132,8,12,Over
1,talk,133,8,15,ESTIMATE Agent[07] WEREWOLF
1,talk,134,8,2,Over
1,talk,135,9,3,Over
1,talk,136,9,10,Over
1,talk,137,9,2,Over
1,talk,138,9,9,ESTIMATE Agent[12] VILLAGER
1,talk,139,9,15,Over
1,talk,140,9,14,Over
1,talk,141,9,1,Over
1,talk,142,9,5,AGREE TALK day1 ID:39
1,talk,143,9,4,Over
1,talk,144,9,6,Over
1,talk,145,9,12,Over
1,talk,146,9,13,Over
1,talk,147,9,7,Over
1,talk,148,9,8,Over
1,talk,149,9,11,Skip
1,talk,150,10,14,Over
1,talk,151,10,5,AGREE TALK day1 ID:58
1,talk,152,10,10,Over
1,talk,153,10,3,Over
1,talk,154,10,2,Over
1,talk,155,10,1,Over
1,talk,156,10,12,Over
1,talk,157,10,9,ESTIMATE Agent[14] VILLAGER
1,talk,158,10,8,Over
1,talk,159,10,7,Over
1,talk,160,10,4,Over
1,talk,161,10,6,Over
1,talk,162,10,13,Over
1,talk,163,10,15,Over
1,talk,164,10,11,Over
1,talk,165,11,6,Over
1,talk,166,11,5,Over
1,talk,167,11,4,Over
1,talk,168,11,8,Over
1,talk,169,11,10,Over
1,talk,170,11,2,Over
1,talk,171,11,15,ESTIMATE Agent[07] WEREWOLF
1,talk,172,11,14,Over
1,talk,173,11,1,Over
1,talk,174,11,13,Over
1,talk,175,11,9,ESTIMATE Agent[15] VILLAGER
1,talk,176,11,11,Over
1,talk,177,11,12,Over
1,talk,178,11,7,Over
1,talk,179,11,3,Over
1,talk,180,12,7,Over
1,talk,181,12,8,Over
1,talk,182,12,13,Over
1,talk,183,12,4,Over
1,talk,184,12,5,Over
1,talk,185,12,10,Over
1,talk,186,12,3,Over
1,talk,187,12,6,Over
1,talk,188,12,14,Over
1,talk,189,12,15,Over
1,talk,190,12,2,Over
1,talk,191,12,1,Over
1,talk,192,12,12,Over
1,talk,193,12,11,Over
1,talk,194,12,9,ESTIMATE Agent[14] VILLAGER
1,talk,195,13,12,Over
1,talk,196,13,13,Over
1,talk,197,13,8,Over
1,talk,198,13,6,Over
1,talk,199,13,15,ESTIMATE Agent[07] WEREWOLF
1,talk,200,13,9,ESTIMATE Agent[12] VILLAGER
1,talk,201,13,1,Over
1,talk,202,13,4,Over
1,talk,203,13,14,Over
1,talk,204,13,7,Over
1,talk,205,13,11,Over
1,talk,206,13,2,Over
1,talk,207,13,5,Over
1,talk,208,13,10,Over
1,talk,209,13,3,Over
1,talk,210,14,10,Over
1,talk,211,14,11,Over
1,talk,212,14,12,Over
1,talk,213,14,8,Over
1,talk,214,14,4,Over
1,talk,215,14,13,Over
1,talk,216,14,1,Over
1,talk,217,14,6,Over
1,talk,218,14,7,Over
1,talk,219,14,14,Over
1,talk,220,14,3,Over
1,talk,221,14,15,ESTIMATE Agent[14] VILLAGER
1,talk,222,14,5,Over
1,talk,223,14,9,ESTIMATE Agent[11] WEREWOLF
1,talk,224,14,2,Over
1,talk,225,15,4,Over
1,talk,226,15,10,Over
1,talk,227,15,1,Over
1,talk,228,15,12,Over
1,talk,229,15,3,Over
1,talk,230,15,15,Over
1,talk,231,15,14,Over
1,talk,232,15,11,Over
1,talk,233,15,2,Over
1,talk,234,15,6,Over
1,talk,235,15,7,Over
1,talk,236,15,5,Over
1,talk,237,15,13,Over
1,talk,238,15,9,Over
1,talk,239,15,8,Over
1,vote,1,11
1,vote,2,11
1,vote,3,8
1,vote,4,11
1,vote,5,1
1,vote,6,14
1,vote,7,11
1,vote,8,7
1,vote,9,11
1,vote,10,1
1,vote,11,7
1,vote,12,5
1,vote,13,5
1,vote,14,9
1,vote,15,7
1,execute,11,MEDIUM
1,divine,10,3,WEREWOLF
1,whisper,0,0,2,ATTACK Agent[15]
1,whisper,1,0,3,Skip
1,whisper,2,0,7,ATTACK Agent[12]
1,whisper,3,1,7,REQUEST(ATTACK Agent[12])
1,whisper,4,1,2,ATTACK Agent[12]
1,whisper,5,1,3,Skip
1,whisper,6,2,3,Over
1,whisper,7,2,2,Over
1,whisper,8,2,7,Skip
1,whisper,9,3,3,Over
1,whisper,10,3,2,Over
1,whisper,11,3,7,Skip
1,whisper,12,4,7,Over
1,whisper,13,4,3,Over
1,whisper,14,4,2,Over
1,guard,8,14,VILLAGER
1,attackVote,2,12
1,attackVote,7,12
1,attack,12,true
2,status,1,VILLAGER,ALIVE,m_cre
2,status,2,WEREWOLF,ALIVE,carlo
2,status,3,WEREWOLF,ALIVE,AITKN
2,status,4,VILLAGER,ALIVE,Dummy13_09
2,status,5,POSSESSED,ALIVE,daisyo
2,status,6,VILLAGER,ALIVE,tori
2,status,7,WEREWOLF,ALIVE,Dummy13_11
2,status,8,BODYGUARD,ALIVE,Dummy13_07
2,status,9,VILLAGER,ALIVE,wasabi
2,status,10,SEER,ALIVE,TOT
2,status,11,MEDIUM,DEAD,Dummy13_08
2,status,12,VILLAGER,DEAD,Dummy13_10
2,status,13,VILLAGER,ALIVE,megumish
2,status,14,VILLAGER,ALIVE,cash
2,status,15,VILLAGER,ALIVE,JuN1Ro
2,talk,0,0,7,VOTE Agent[05]
2,talk,1,0,15,ESTIMATE Agent[14] SEER
2,talk,2,0,2,VOTE Agent[07]
2,talk,3,0,8,VOTE Agent[04]
2,talk,4,0,9,VOTE Agent[07]
2,talk,5,0,14,DIVINED Agent[15] HUMAN
2,talk,6,0,1,VOTE Agent[07]
2,talk,7,0,6,VOTE Agent[03]
2,talk,8,0,5,Skip
2,talk,9,0,3,Skip
2,talk,10,0,4,VOTE Agent[10]
2,talk,11,0,10,COMINGOUT Agent[10] SEER
2,talk,12,0,13,VOTE Agent[05]
2,talk,13,1,7,REQUEST(VOTE Agent[05])
2,talk,14,1,15,VOTE Agent[07]
2,talk,15,1,5,VOTE Agent[07]
2,talk,16,1,10,DIVINED Agent[12] HUMAN
2,talk,17,1,13,Skip
2,talk,18,1,2,Skip
2,talk,19,1,1,Skip
2,talk,20,1,4,Skip
2,talk,21,1,6,Skip
2,talk,22,1,8,Skip
2,talk,23,1,14,Over
2,talk,24,1,3,Skip
2,talk,25,1,9,Skip
2,talk,26,2,3,Over
2,talk,27,2,13,Skip
2,talk,28,2,15,ESTIMATE Agent[07] WEREWOLF
2,talk,29,2,5,AGREE TALK day2 ID:1
2,talk,30,2,7,Skip
2,talk,31,2,9,ESTIMATE Agent[03] VILLAGER
2,talk,32,2,6,Skip
2,talk,33,2,1,Skip
2,talk,34,2,2,Skip
2,talk,35,2,8,Skip
2,talk,36,2,4,Skip
2,talk,37,2,14,Over
2,talk,38,2,10,DIVINED Agent[03] WEREWOLF
2,talk,39,3,15,Over
2,talk,40,3,1,VOTE Agent[03]
2,talk,41,3,7,Skip
2,talk,42,3,10,REQUEST(VOTE Agent[03])
2,talk,43,3,6,Over
2,talk,44,3,13,Over
2,talk,45,3,3,Over
2,talk,46,3,5,AGREE TALK day2 ID:24
2,talk,47,3,9,VOTE Agent[03]
2,talk,48,3,4,DISAGREE TALK day2 ID:31
2,talk,49,3,2,Over
2,talk,50,3,8,DISAGREE TALK day2 ID:31
2,talk,51,3,14,Over
2,talk,52,4,6,Over
2,talk,53,4,5,AGREE TALK day2 ID:41
2,talk,54,4,8,ESTIMATE Agent[03] WEREWOLF
2,talk,55,4,10,VOTE Agent[03]
2,talk,56,4,9,Skip
2,talk,57,4,15,ESTIMATE Agent[14] VILLAGER
2,talk,58,4,4,ESTIMATE Agent[03] WEREWOLF
2,talk,59,4,3,Over
2,talk,60,4,1,Skip
2,talk,61,4,13,Over
2,talk,62,4,7,Over
2,talk,63,4,14,Over
2,talk,64,4,2,Over
2,talk,65,5,14,Over
2,talk,66,5,7,Over
2,talk,67,5,9,Skip
2,talk,68,5,8,REQUEST(Agent[14] DIVINATION Agent[03])
2,talk,69,5,5,AGREE TALK day2 ID:21
2,talk,70,5,10,REQUEST(VOTE Agent[03])
2,talk,71,5,1,Skip
2,talk,72,5,4,REQUEST(Agent[14] DIVINATION Agent[03])
2,talk,73,5,2,Over
2,talk,74,5,13,Over
2,talk,75,5,6,Over
2,talk,76,5,15,Over
2,talk,77,5,3,AGREE TALK day2 ID:54
2,talk,78,6,2,Over
2,talk,79,6,15,Over
2,talk,80,6,13,Over
2,talk,81,6,1,Over
2,talk,82,6,6,Over
2,talk,83,6,5,AGREE TALK day2 ID:33
2,talk,84,6,8,VOTE Agent[03]
2,talk,85,6,7,Over
2,talk,86,6,4,VOTE Agent[03]
2,talk,87,6,9,ESTIMATE Agent[04] VILLAGER
2,talk,88,6,14,Over
2,talk,89,6,3,DISAGREE TALK day2 ID:54
2,talk,90,6,10,Skip
2,talk,91,7,6,Over
2,talk,92,7,7,Over
2,talk,93,7,13,Over
2,talk,94,7,8,Skip
2,talk,95,7,15,Over
2,talk,96,7,9,ESTIMATE Agent[06] VILLAGER
2,talk,97,7,3,AGREE TALK day2 ID:58
2,talk,98,7,5,AGREE TALK day2 ID:32
2,talk,99,7,2,Over
2,talk,100,7,4,Skip
2,talk,101,7,14,Over
2,talk,102,7,1,Over
2,talk,103,7,10,Skip
2,talk,104,8,7,Over
2,talk,105,8,10,Over
2,talk,106,8,1,Over
2,talk,107,8,6,Over
2,talk,108,8,14,Over
2,talk,109,8,15,Over
2,talk,110,8,2,Over
2,talk,111,8,3,DISAGREE TALK day2 ID:58
2,talk,112,8,5,AGREE TALK day2 ID:25
2,talk,113,8,4,Skip
2,talk,114,8,8,Skip
2,talk,115,8,13,Over
2,talk,116,8,9,Over
2,talk,117,9,13,Over
2,talk,118,9,4,Over
2,talk,119,9,9,Over
2,talk,120,9,14,Over
2,talk,121,9,6,Over
2,talk,122,9,7,Over
2,talk,123,9,3,Skip
2,talk,124,9,8,Over
2,talk,125,9,1,Over
2,talk,126,9,5,AGREE TALK day2 ID:36
2,talk,127,9,15,Over
2,talk,128,9,10,Over
2,talk,129,9,2,Over
2,talk,130,10,10,Over
2,talk,131,10,5,AGREE TALK day2 ID:113
2,talk,132,10,13,Over
2,talk,133,10,9,ESTIMATE Agent[14] VILLAGER
2,talk,134,10,8,Over
2,talk,135,10,15,Over
2,talk,136,10,6,Over
2,talk,137,10,3,Skip
2,talk,138,10,14,Over
2,talk,139,10,2,Over
2,talk,140,10,4,Over
2,talk,141,10,7,Over
2,talk,142,10,1,Over
2,talk,143,11,8,Over
2,talk,144,11,6,Over
2,talk,145,11,5,Over
2,talk,146,11,1,Over
2,talk,147,11,13,Over
2,talk,148,11,3,Over
2,talk,149,11,4,Over
2,talk,150,11,2,Over
2,talk,151,11,10,Over
2,talk,152,11,9,ESTIMATE Agent[05] VILLAGER
2,talk,153,11,14,Over
2,talk,154,11,15,Over
2,talk,155,11,7,Over
2,talk,156,12,7,Over
2,talk,157,12,3,Over
2,talk,158,12,5,Over
2,talk,159,12,1,Over
2,talk,160,12,6,Over
2,talk,161,12,9,ESTIMATE Agent[08] VILLAGER
2,talk,162,12,14,Over
2,talk,163,12,2,Over
2,talk,164,12,4,Over
2,talk,165,12,15,ESTIMATE Agent[07] WEREWOLF
2,talk,166,12,13,Over
2,talk,167,12,8,Over
2,talk,168,12,10,Over
2,talk,169,13,5,Over
2,talk,170,13,15,ESTIMATE Agent[07] WEREWOLF
2,talk,171,13,9,Over
2,talk,172,13,1,Over
2,talk,173,13,10,Over
2,talk,174,13,7,Over
2,talk,175,13,13,Over
2,talk,176,13,6,Over
2,talk,177,13,14,Over
2,talk,178,13,2,Over
2,talk,179,13,3,Over
2,talk,180,13,8,Over
2,talk,181,13,4,Over
2,talk,182,14,4,Over
2,talk,183,14,14,Over
2,talk,184,14,13,Over
2,talk,185,14,6,Over
2,talk,186,14,1,Over
2,talk,187,14,8,Over
2,talk,188,14,2,Over
2,talk,189,14,5,Over
2,talk,190,14,7,Over
2,talk,191,14,3,Over
2,talk,192,14,9,ESTIMATE Agent[10] SEER
2,talk,193,14,15,Over
2,talk,194,14,10,Over
2,talk,195,15,13,Over
2,talk,196,15,9,ESTIMATE Agent[01] VILLAGER
2,talk,197,15,4,Over
2,talk,198,15,5,Over
2,talk,199,15,14,Over
2,talk,200,15,8,Over
2,talk,201,15,15,Over
2,talk,202,15,1,Over
2,talk,203,15,10,Over
2,talk,204,15,2,Over
2,talk,205,15,6,Over
2,talk,206,15,7,Over
2,talk,207,15,3,AGREE TALK day2 ID:192
2,talk,208,16,14,Over
2,talk,209,16,8,Over
2,talk,210,16,6,Over
2,talk,211,16,10,Over
2,talk,212,16,5,Over
2,talk,213,16,15,Over
2,talk,214,16,13,Over
2,talk,215,16,7,Over
2,talk,216,16,4,Over
2,talk,217,16,1,Over
2,talk,218,16,2,Over
2,talk,219,16,3,Skip
2,talk,220,16,9,Over
2,talk,221,17,2,Over
2,talk,222,17,8,Over
2,talk,223,17,9,Over
2,talk,224,17,13,Over
2,talk,225,17,4,Over
2,talk,226,17,10,Over
2,talk,227,17,5,Over
2,talk,228,17,1,Over
2,talk,229,17,6,Over
2,talk,230,17,7,Over
2,talk,231,17,15,Over
2,talk,232,17,3,Skip
2,talk,233,17,14,Over
2,talk,234,18,10,Over
2,talk,235,18,4,Over
2,talk,236,18,5,Over
2,talk,237,18,1,Over
2,talk,238,18,15,ESTIMATE Agent[07] WEREWOLF
2,talk,239,18,8,Over
2,talk,240,18,6,Over
2,talk,241,18,2,Over
2,talk,242,18,9,Over
2,talk,243,18,13,Over
2,talk,244,18,3,Over
2,talk,245,18,7,Over
2,talk,246,18,14,Over
2,talk,247,19,4,Over
2,talk,248,19,13,Over
2,talk,249,19,15,ESTIMATE Agent[07] WEREWOLF
2,talk,250,19,7,Over
2,talk,251,19,8,Over
2,talk,252,19,9,Over
2,talk,253,19,14,Over
2,talk,254,19,10,Over
2,talk,255,19,5,Over
2,talk,256,19,1,Over
2,talk,257,19,6,Over
2,talk,258,19,2,Over
2,talk,259,19,3,Over
2,vote,1,3
2,vote,2,3
2,vote,3,6
2,vote,4,3
2,vote,5,7
2,vote,6,3
2,vote,7,5
2,vote,8,3
2,vote,9,3
2,vote,10,3
2,vote,13,5
2,vote,14,4
2,vote,15,7
2,execute,3,WEREWOLF
2,divine,10,6,HUMAN
2,whisper,0,0,2,ATTACK Agent[15]
2,whisper,1,0,7,ATTACK Agent[10]
2,whisper,2,0,3,Skip
2,whisper,3,1,7,REQUEST(ATTACK Agent[10])
2,whisper,4,1,2,ATTACK Agent[10]
2,whisper,5,1,3,Skip
2,whisper,6,2,2,Over
2,whisper,7,2,3,Over
2,whisper,8,2,7,Skip
2,whisper,9,3,3,Over
2,whisper,10,3,2,Over
2,whisper,11,3,7,Skip
2,whisper,12,4,2,Over
2,whisper,13,4,3,Over
2,whisper,14,4,7,Over
2,guard,8,14,VILLAGER
2,attackVote,2,10
2,attackVote,7,10
2,attack,10,true
3,status,1,VILLAGER,ALIVE,m_cre
3,status,2,WEREWOLF,ALIVE,carlo
3,status,3,WEREWOLF,DEAD,AITKN
3,status,4,VILLAGER,ALIVE,Dummy13_09
3,status,5,POSSESSED,ALIVE,daisyo
3,status,6,VILLAGER,ALIVE,tori
3,status,7,WEREWOLF,ALIVE,Dummy13_11
3,status,8,BODYGUARD,ALIVE,Dummy13_07
3,status,9,VILLAGER,ALIVE,wasabi
3,status,10,SEER,DEAD,TOT
3,status,11,MEDIUM,DEAD,Dummy13_08
3,status,12,VILLAGER,DEAD,Dummy13_10
3,status,13,VILLAGER,ALIVE,megumish
3,status,14,VILLAGER,ALIVE,cash
3,status,15,VILLAGER,ALIVE,JuN1Ro
3,talk,0,0,4,VOTE Agent[14]
3,talk,1,0,8,VOTE Agent[05]
3,talk,2,0,2,VOTE Agent[07]
3,talk,3,0,5,Skip
3,talk,4,0,13,VOTE Agent[09]
3,talk,5,0,9,VOTE Agent[07]
3,talk,6,0,14,DIVINED Agent[01] HUMAN
3,talk,7,0,7,VOTE Agent[14]
3,talk,8,0,6,VOTE Agent[08]
3,talk,9,0,1,VOTE Agent[07]
3,talk,10,0,15,VOTE Agent[07]
3,talk,11,1,9,ESTIMATE Agent[05] VILLAGER
3,talk,12,1,1,Skip
3,talk,13,1,4,Skip
3,talk,14,1,7,REQUEST(VOTE Agent[14])
3,talk,15,1,14,Over
3,talk,16,1,13,Skip
3,talk,17,1,6,Skip
3,talk,18,1,15,Over
3,talk,19,1,2,Skip
3,talk,20,1,8,Skip
3,talk,21,1,5,VOTE Agent[07]
3,talk,22,2,7,Skip
3,talk,23,2,9,ESTIMATE Agent[07] WEREWOLF
3,talk,24,2,1,Skip
3,talk,25,2,2,Skip
3,talk,26,2,5,AGREE TALK day3 ID:11
3,talk,27,2,15,Over
3,talk,28,2,14,Over
3,talk,29,2,6,Skip
3,talk,30,2,8,Skip
3,talk,31,2,4,Skip
3,talk,32,2,13,Skip
3,talk,33,3,14,Over
3,talk,34,3,2,Over
3,talk,35,3,8,Over
3,talk,36,3,6,Over
3,talk,37,3,15,Over
3,talk,38,3,9,Skip
3,talk,39,3,13,Over
3,talk,40,3,4,Over
3,talk,41,3,1,Over
3,talk,42,3,7,Skip
3,talk,43,3,5,AGREE TALK day3 ID:29
3,talk,44,4,1,Over
3,talk,45,4,15,ESTIMATE Agent[01] VILLAGER
3,talk,46,4,9,ESTIMATE Agent[02] VILLAGER
3,talk,47,4,13,Over
3,talk,48,4,6,Over
3,talk,49,4,7,Over
3,talk,50,4,4,Over
3,talk,51,4,8,Over
3,talk,52,4,14,Over
3,talk,53,4,5,AGREE TALK day3 ID:12
3,talk,54,4,2,Over
3,talk,55,5,1,Over
3,talk,56,5,5,AGREE TALK day3 ID:19
3,talk,57,5,2,Over
3,talk,58,5,9,ESTIMATE Agent[01] VILLAGER
3,talk,59,5,14,Over
3,talk,60,5,8,Over
3,talk,61,5,4,Over
3,talk,62,5,13,Over
3,talk,63,5,7,Over
3,talk,64,5,6,Over
3,talk,65,5,15,Over
3,talk,66,6,5,AGREE TALK day3 ID:30
3,talk,67,6,1,Over
3,talk,68,6,9,Skip
3,talk,69,6,4,Over
3,talk,70,6,7,Over
3,talk,71,6,6,Over
3,talk,72,6,8,Over
3,talk,73,6,2,Over
3,talk,74,6,13,Over
3,talk,75,6,14,Over
3,talk,76,6,15,ESTIMATE Agent[07] WEREWOLF
3,talk,77,7,4,Over
3,talk,78,7,13,Over
3,talk,79,7,5,AGREE TALK day3 ID:42
3,talk,80,7,15,Over
3,talk,81,7,2,Over
3,talk,82,7,1,Over
3,talk,83,7,14,Over
3,talk,84,7,7,Over
3,talk,85,7,9,ESTIMATE Agent[13] VILLAGER
3,talk,86,7,6,Over
3,talk,87,7,8,Over
3,talk,88,8,7,Over
3,talk,89,8,2,Over
3,talk,90,8,14,Over
3,talk,91,8,8,Over
3,talk,92,8,13,Over
3,talk,93,8,6,Over
3,talk,94,8,9,Skip
3,talk,95,8,1,Over
3,talk,96,8,4,Over
3,talk,97,8,5,AGREE TALK day3 ID:32
3,talk,98,8,15,Over
3,talk,99,9,1,Over
3,talk,100,9,8,Over
3,talk,101,9,5,AGREE TALK day3 ID:17
3,talk,102,9,6,Over
3,talk,103,9,14,Over
3,talk,104,9,13,Over
3,talk,105,9,2,Over
3,talk,106,9,4,Over
3,talk,107,9,9,ESTIMATE Agent[02] VILLAGER
3,talk,108,9,7,Over
3,talk,109,9,15,Over
3,talk,110,10,5,AGREE TALK day3 ID:16
3,talk,111,10,4,Over
3,talk,112,10,2,Over
3,talk,113,10,1,Over
3,talk,114,10,15,Over
3,talk,115,10,14,Over
3,talk,116,10,7,Over
3,talk,117,10,8,Over
3,talk,118,10,9,ESTIMATE Agent[04] VILLAGER
3,talk,119,10,13,Over
3,talk,120,10,6,Over
3,talk,121,11,14,Over
3,talk,122,11,13,Over
3,talk,123,11,8,Over
3,talk,124,11,1,Over
3,talk,125,11,2,Over
3,talk,126,11,15,Over
3,talk,127,11,4,Over
3,talk,128,11,9,ESTIMATE Agent[06] VILLAGER
3,talk,129,11,7,Over
3,talk,130,11,6,Over
3,talk,131,11,5,Over
3,talk,132,12,15,ESTIMATE Agent[01] VILLAGER
3,talk,133,12,1,Over
3,talk,134,12,9,Over
3,talk,135,12,4,Over
3,talk,136,12,2,Over
3,talk,137,12,6,Over
3,talk,138,12,13,Over
3,talk,139,12,7,Over
3,talk,140,12,8,Over
3,talk,141,12,14,Over
3,talk,142,12,5,Over
3,talk,143,13,15,ESTIMATE Agent[07] WEREWOLF
3,talk,144,13,9,Over
3,talk,145,13,6,Over
3,talk,146,13,2,Over
3,talk,147,13,14,Over
3,talk,148,13,8,Over
3,talk,149,13,7,Over
3,talk,150,13,5,Over
3,talk,151,13,1,Over
3,talk,152,13,13,Over
3,talk,153,13,4,Over
3,talk,154,14,15,ESTIMATE Agent[07] WEREWOLF
3,talk,155,14,5,Over
3,talk,156,14,4,Over
3,talk,157,14,8,Over
3,talk,158,14,2,Over
3,talk,159,14,6,Over
3,talk,160,14,14,Over
3,talk,161,14,9,Over
3,talk,162,14,1,Over
3,talk,163,14,7,Over
3,talk,164,14,13,Over
3,talk,165,15,4,Over
3,talk,166,15,14,Over
3,talk,167,15,6,Over
3,talk,168,15,7,Over
3,talk,169,15,5,Over
3,talk,170,15,15,ESTIMATE Agent[07] WEREWOLF
3,talk,171,15,13,Over
3,talk,172,15,1,Over
3,talk,173,15,8,Over
3,talk,174,15,9,ESTIMATE Agent[01] VILLAGER
3,talk,175,15,2,Over
3,talk,176,16,1,Over
3,talk,177,16,9,Over
3,talk,178,16,7,Over
3,talk,179,16,8,Over
3,talk,180,16,15,ESTIMATE Agent[07] WEREWOLF
3,talk,181,16,4,Over
3,talk,182,16,6,Over
3,talk,183,16,5,Over
3,talk,184,16,13,Over
3,talk,185,16,2,Over
3,talk,186,16,14,Over
3,talk,187,17,9,Over
3,talk,188,17,15,ESTIMATE Agent[07] WEREWOLF
3,talk,189,17,4,Over
3,talk,190,17,1,Over
3,talk,191,17,7,Over
3,talk,192,17,8,Over
3,talk,193,17,6,Over
3,talk,194,17,14,Over
3,talk,195,17,13,Over
3,talk,196,17,2,Over
3,talk,197,17,5,Over
3,talk,198,18,8,Over
3,talk,199,18,1,Over
3,talk,200,18,4,Over
3,talk,201,18,15,Over
3,talk,202,18,9,Over
3,talk,203,18,14,Over
3,talk,204,18,7,Over
3,talk,205,18,6,Over
3,talk,206,18,13,Over
3,talk,207,18,2,Over
3,talk,208,18,5,Over
3,vote,1,7
3,vote,2,7
3,vote,4,14
3,vote,5,7
3,vote,6,8
3,vote,7,14
3,vote,8,5
3,vote,9,7
3,vote,13,9
3,vote,14,7
3,vote,15,7
3,execute,7,WEREWOLF
3,whisper,0,0,7,ATTACK Agent[08]
3,whisper,1,0,2,ATTACK Agent[15]
3,whisper,2,1,2,ATTACK Agent[08]
3,whisper,3,1,7,REQUEST(ATTACK Agent[08])
3,whisper,4,2,7,Skip
3,whisper,5,2,2,Over
3,whisper,6,3,2,Over
3,whisper,7,3,7,Skip
3,whisper,8,4,2,Over
3,whisper,9,4,7,Over
3,guard,8,14,VILLAGER
3,attackVote,2,8
3,attackVote,7,8
3,attack,8,true
4,status,1,VILLAGER,ALIVE,m_cre
4,status,2,WEREWOLF,ALIVE,carlo
4,status,3,WEREWOLF,DEAD,AITKN
4,status,4,VILLAGER,ALIVE,Dummy13_09
4,status,5,POSSESSED,ALIVE,daisyo
4,status,6,VILLAGER,ALIVE,tori
4,status,7,WEREWOLF,DEAD,Dummy13_11
4,status,8,BODYGUARD,DEAD,Dummy13_07
4,status,9,VILLAGER,ALIVE,wasabi
4,status,10,SEER,DEAD,TOT
4,status,11,MEDIUM,DEAD,Dummy13_08
4,status,12,VILLAGER,DEAD,Dummy13_10
4,status,13,VILLAGER,ALIVE,megumish
4,status,14,VILLAGER,ALIVE,cash
4,status,15,VILLAGER,ALIVE,JuN1Ro
4,talk,0,0,4,VOTE Agent[14]
4,talk,1,0,14,DIVINED Agent[02] HUMAN
4,talk,2,0,13,VOTE Agent[14]
4,talk,3,0,9,Skip
4,talk,4,0,5,Skip
4,talk,5,0,2,VOTE Agent[01]
4,talk,6,0,6,VOTE Agent[02]
4,talk,7,0,15,VOTE Agent[05]
4,talk,8,0,1,VOTE Agent[13]
4,talk,9,1,13,Skip
4,talk,10,1,15,Over
4,talk,11,1,6,Skip
4,talk,12,1,2,Skip
4,talk,13,1,5,VOTE Agent[14]
4,talk,14,1,4,Skip
4,talk,15,1,1,Skip
4,talk,16,1,14,Over
4,talk,17,1,9,VOTE Agent[15]
4,talk,18,2,4,Skip
4,talk,19,2,2,Skip
4,talk,20,2,9,Skip
4,talk,21,2,13,Skip
4,talk,22,2,15,ESTIMATE Agent[05] WEREWOLF
4,talk,23,2,1,Skip
4,talk,24,2,6,Skip
4,talk,25,2,5,AGREE TALK day4 ID:9
4,talk,26,2,14,Over
4,talk,27,3,9,Skip
4,talk,28,3,1,Over
4,talk,29,3,5,AGREE TALK day4 ID:11
4,talk,30,3,2,Over
4,talk,31,3,14,Over
4,talk,32,3,6,Over
4,talk,33,3,4,Over
4,talk,34,3,15,Over
4,talk,35,3,13,Over
4,talk,36,4,1,Over
4,talk,37,4,6,Over
4,talk,38,4,5,AGREE TALK day4 ID:12
4,talk,39,4,4,Over
4,talk,40,4,2,Over
4,talk,41,4,15,Over
4,talk,42,4,14,Over
4,talk,43,4,9,Over
4,talk,44,4,13,Over
4,talk,45,5,15,Over
4,talk,46,5,6,Over
4,talk,47,5,5,AGREE TALK day4 ID:1
4,talk,48,5,13,Over
4,talk,49,5,2,Over
4,talk,50,5,14,Over
4,talk,51,5,4,Over
4,talk,52,5,1,Over
4,talk,53,5,9,VOTE Agent[02]
4,talk,54,6,15,ESTIMATE Agent[02] VILLAGER
4,talk,55,6,4,Over
4,talk,56,6,13,Over
4,talk,57,6,5,AGREE TALK day4 ID:21
4,talk,58,6,2,Over
4,talk,59,6,14,Over
4,talk,60,6,9,VOTE Agent[14]
4,talk,61,6,1,Over
4,talk,62,6,6,Over
4,talk,63,7,1,Over
4,talk,64,7,14,Over
4,talk,65,7,6,Over
4,talk,66,7,2,Over
4,talk,67,7,13,Over
4,talk,68,7,15,ESTIMATE Agent[05] WEREWOLF
4,talk,69,7,5,AGREE TALK day4 ID:19
4,talk,70,7,9,Over
4,talk,71,7,4,Over
4,talk,72,8,5,AGREE TALK day4 ID:54
4,talk,73,8,15,Over
4,talk,74,8,14,Over
4,talk,75,8,6,Over
4,talk,76,8,9,VOTE Agent[13]
4,talk,77,8,4,Over
4,talk,78,8,13,Over
4,talk,79,8,2,Over
4,talk,80,8,1,Over
4,talk,81,9,4,Over
4,talk,82,9,14,Over
4,talk,83,9,5,AGREE TALK day4 ID:20
4,talk,84,9,2,Over
4,talk,85,9,6,Over
4,talk,86,9,9,ESTIMATE Agent[02] VILLAGER
4,talk,87,9,13,Over
4,talk,88,9,15,Over
4,talk,89,9,1,Over
4,talk,90,10,1,Over
4,talk,91,10,4,Over
4,talk,92,10,13,Over
4,talk,93,10,9,VOTE Agent[15]
4,talk,94,10,5,AGREE TALK day4 ID:14
4,talk,95,10,6,Over
4,talk,96,10,14,Over
4,talk,97,10,15,Over
4,talk,98,10,2,Over
4,talk,99,11,4,Over
4,talk,100,11,9,ESTIMATE Agent[14] VILLAGER
4,talk,101,11,13,Over
4,talk,102,11,14,Over
4,talk,103,11,6,Over
4,talk,104,11,2,Over
4,talk,105,11,15,Over
4,talk,106,11,5,Over
4,talk,107,11,1,Over
4,talk,108,12,4,Over
4,talk,109,12,2,Over
4,talk,110,12,14,Over
4,talk,111,12,15,Over
4,talk,112,12,9,VOTE Agent[13]
4,talk,113,12,6,Over
4,talk,114,12,1,Over
4,talk,115,12,5,Over
4,talk,116,12,13,Over
4,talk,117,13,5,Over
4,talk,118,13,4,Over
4,talk,119,13,1,Over
4,talk,120,13,15,Over
4,talk,121,13,13,Over
4,talk,122,13,2,Over
4,talk,123,13,6,Over
4,talk,124,13,14,Over
4,talk,125,13,9,ESTIMATE Agent[05] VILLAGER
4,talk,126,14,5,Over
4,talk,127,14,6,Over
4,talk,128,14,15,Over
4,talk,129,14,2,Over
4,talk,130,14,1,Over
4,talk,131,14,13,Over
4,talk,132,14,9,Over
4,talk,133,14,14,Over
4,talk,134,14,4,Over
4,vote,1,13
4,vote,2,14
4,vote,4,14
4,vote,5,14
4,vote,6,2
4,vote,9,13
4,vote,13,14
4,vote,14,13
4,vote,15,5
4,execute,14,VILLAGER
4,attackVote,2,15
4,attack,15,true
5,status,1,VILLAGER,ALIVE,m_cre
5,status,2,WEREWOLF,ALIVE,carlo
5,status,3,WEREWOLF,DEAD,AITKN
5,status,4,VILLAGER,ALIVE,Dummy13_09
5,status,5,POSSESSED,ALIVE,daisyo
5,status,6,VILLAGER,ALIVE,tori
5,status,7,WEREWOLF,DEAD,Dummy13_11
5,status,8,BODYGUARD,DEAD,Dummy13_07
5,status,9,VILLAGER,ALIVE,wasabi
5,status,10,SEER,DEAD,TOT
5,status,11,MEDIUM,DEAD,Dummy13_08
5,status,12,VILLAGER,DEAD,Dummy13_10
5,status,13,VILLAGER,ALIVE,megumish
5,status,14,VILLAGER,DEAD,cash
5,status,15,VILLAGER,DEAD,JuN1Ro
5,talk,0,0,4,VOTE Agent[02]
5,talk,1,0,5,Skip
5,talk,2,0,13,VOTE Agent[04]
5,talk,3,0,1,VOTE Agent[13]
5,talk,4,0,2,VOTE Agent[01]
5,talk,5,0,9,VOTE Agent[13]
5,talk,6,0,6,VOTE Agent[13]
5,talk,7,1,13,Skip
5,talk,8,1,2,Skip
5,talk,9,1,5,VOTE Agent[13]
5,talk,10,1,9,ESTIMATE Agent[02] WEREWOLF
5,talk,11,1,1,Skip
5,talk,12,1,6,Skip
5,talk,13,1,4,Skip
5,talk,14,2,9,ESTIMATE Agent[06] VILLAGER
5,talk,15,2,5,AGREE TALK day5 ID:12
5,talk,16,2,6,Skip
5,talk,17,2,13,Skip
5,talk,18,2,4,Skip
5,talk,19,2,2,Skip
5,talk,20,2,1,Skip
5,talk,21,3,4,Over
5,talk,22,3,9,ESTIMATE Agent[06] WEREWOLF
5,talk,23,3,6,Over
5,talk,24,3,1,Over
5,talk,25,3,5,AGREE TALK day5 ID:18
5,talk,26,3,2,Over
5,talk,27,3,13,Over
5,talk,28,4,4,Over
5,talk,29,4,9,ESTIMATE Agent[05] VILLAGER
5,talk,30,4,5,AGREE TALK day5 ID:17
5,talk,31,4,13,Over
5,talk,32,4,6,Over
5,talk,33,4,2,Over
5,talk,34,4,1,Over
5,talk,35,5,6,Over
5,talk,36,5,1,Over
5,talk,37,5,2,Over
5,talk,38,5,5,AGREE TALK day5 ID:8
5,talk,39,5,13,Over
5,talk,40,5,4,Over
5,talk,41,5,9,VOTE Agent[02]
5,talk,42,6,2,Over
5,talk,43,6,4,Over
5,talk,44,6,9,Skip
5,talk,45,6,6,Over
5,talk,46,6,5,AGREE TALK day5 ID:7
5,talk,47,6,1,Over
5,talk,48,6,13,Over
5,talk,49,7,2,Over
5,talk,50,7,1,Over
5,talk,51,7,9,VOTE Agent[13]
5,talk,52,7,13,Over
5,talk,53,7,4,Over
5,talk,54,7,6,Over
5,talk,55,7,5,AGREE TALK day5 ID:13
5,talk,56,8,4,Over
5,talk,57,8,13,Over
5,talk,58,8,1,Over
5,talk,59,8,9,VOTE Agent[04]
5,talk,60,8,5,AGREE TALK day5 ID:16
5,talk,61,8,2,Over
5,talk,62,8,6,Over
5,talk,63,9,1,Over
5,talk,64,9,13,Over
5,talk,65,9,4,Over
5,talk,66,9,5,AGREE TALK day5 ID:19
5,talk,67,9,9,VOTE Agent[13]
5,talk,68,9,6,Over
5,talk,69,9,2,Over
5,talk,70,10,1,Over
5,talk,71,10,5,AGREE TALK day5 ID:29
5,talk,72,10,13,Over
5,talk,73,10,4,Over
5,talk,74,10,6,Over
5,talk,75,10,2,Over
5,talk,76,10,9,VOTE Agent[06]
5,talk,77,11,1,Over
5,talk,78,11,2,Over
5,talk,79,11,13,Over
5,talk,80,11,5,Over
5,talk,81,11,9,Over
5,talk,82,11,4,Over
5,talk,83,11,6,Over
5,vote,1,13
5,vote,2,13
5,vote,4,2
5,vote,5,13
5,vote,6,13
5,vote,9,6
5,vote,13,4
5,execute,13,VILLAGER
5,attackVote,2,9
5,attack,9,true
6,status,1,VILLAGER,ALIVE,m_cre
6,status,2,WEREWOLF,ALIVE,carlo
6,status,3,WEREWOLF,DEAD,AITKN
6,status,4,VILLAGER,ALIVE,Dummy13_09
6,status,5,POSSESSED,ALIVE,daisyo
6,status,6,VILLAGER,ALIVE,tori
6,status,7,WEREWOLF,DEAD,Dummy13_11
6,status,8,BODYGUARD,DEAD,Dummy13_07
6,status,9,VILLAGER,DEAD,wasabi
6,status,10,SEER,DEAD,TOT
6,status,11,MEDIUM,DEAD,Dummy13_08
6,status,12,VILLAGER,DEAD,Dummy13_10
6,status,13,VILLAGER,DEAD,megumish
6,status,14,VILLAGER,DEAD,cash
6,status,15,VILLAGER,DEAD,JuN1Ro
6,talk,0,0,4,VOTE Agent[02]
6,talk,1,0,2,VOTE Agent[01]
6,talk,2,0,6,VOTE Agent[01]
6,talk,3,0,1,VOTE Agent[04]
6,talk,4,0,5,Skip
6,talk,5,1,6,Skip
6,talk,6,1,1,Skip
6,talk,7,1,5,VOTE Agent[01]
6,talk,8,1,2,Skip
6,talk,9,1,4,Skip
6,talk,10,2,6,Skip
6,talk,11,2,1,Skip
6,talk,12,2,5,AGREE TALK day6 ID:8
6,talk,13,2,4,Skip
6,talk,14,2,2,Skip
6,talk,15,3,2,Over
6,talk,16,3,6,Over
6,talk,17,3,4,Over
6,talk,18,3,5,AGREE TALK day6 ID:9
6,talk,19,3,1,Over
6,talk,20,4,1,Over
6,talk,21,4,6,Over
6,talk,22,4,5,AGREE TALK day6 ID:14
6,talk,23,4,2,Over
6,talk,24,4,4,Over
6,talk,25,5,4,Over
6,talk,26,5,1,Over
6,talk,27,5,5,AGREE TALK day6 ID:11
6,talk,28,5,2,Over
6,talk,29,5,6,Over
6,talk,30,6,4,Over
6,talk,31,6,6,Over
6,talk,32,6,1,Over
6,talk,33,6,2,Over
6,talk,34,6,5,AGREE TALK day6 ID:13
6,talk,35,7,1,Over
6,talk,36,7,2,Over
6,talk,37,7,6,Over
6,talk,38,7,4,Over
6,talk,39,7,5,AGREE TALK day6 ID:6
6,talk,40,8,5,AGREE TALK day6 ID:5
6,talk,41,8,6,Over
6,talk,42,8,1,Over
6,talk,43,8,2,Over
6,talk,44,8,4,Over
6,talk,45,9,4,Over
6,talk,46,9,2,Over
6,talk,47,9,5,AGREE TALK day6 ID:10
6,talk,48,9,6,Over
6,talk,49,9,1,Over
6,talk,50,10,6,Over
6,talk,51,10,5,Skip
6,talk,52,10,1,Over
6,talk,53,10,2,Over
6,talk,54,10,4,Over
6,talk,55,11,5,Skip
6,talk,56,11,4,Over
6,talk,57,11,6,Over
6,talk,58,11,2,Over
6,talk,59,11,1,Over
6,talk,60,12,5,Over
6,talk,61,12,4,Over
6,talk,62,12,6,Over
6,talk,63,12,2,Over
6,talk,64,12,1,Over
6,vote,1,4
6,vote,2,1
6,vote,4,2
6,vote,5,1
6,vote,6,1
6,execute,1,VILLAGER
6,attackVote,2,6
6,attack,6,true
7,status,1,VILLAGER,DEAD,m_cre
7,status,2,WEREWOLF,ALIVE,carlo
7,status,3,WEREWOLF,DEAD,AITKN
7,status,4,VILLAGER,ALIVE,Dummy13_09
7,status,5,POSSESSED,ALIVE,daisyo
7,status,6,VILLAGER,DEAD,tori
7,status,7,WEREWOLF,DEAD,Dummy13_11
7,status,8,BODYGUARD,DEAD,Dummy13_07
7,status,9,VILLAGER,DEAD,wasabi
7,status,10,SEER,DEAD,TOT
7,status,11,MEDIUM,DEAD,Dummy13_08
7,status,12,VILLAGER,DEAD,Dummy13_10
7,status,13,VILLAGER,DEAD,megumish
7,status,14,VILLAGER,DEAD,cash
7,status,15,VILLAGER,DEAD,JuN1Ro
7,talk,0,0,2,VOTE Agent[04]
7,talk,1,0,4,VOTE Agent[02]
7,talk,2,0,5,Skip
7,talk,3,1,4,Skip
7,talk,4,1,5,VOTE Agent[02]
7,talk,5,1,2,COMINGOUT Agent[02] BODYGUARD
7,talk,6,2,4,Skip
7,talk,7,2,5,AGREE TALK day7 ID:3
7,talk,8,2,2,GUARDED Agent[14]
7,talk,9,3,5,AGREE TALK day7 ID:6
7,talk,10,3,4,Over
7,talk,11,3,2,GUARDED Agent[14]
7,talk,12,4,5,Skip
7,talk,13,4,4,Over
7,talk,14,4,2,GUARDED Agent[14]
7,talk,15,5,5,Skip
7,talk,16,5,2,GUARDED Agent[09]
7,talk,17,5,4,Over
7,talk,18,6,5,Over
7,talk,19,6,4,Over
7,talk,20,6,2,GUARDED Agent[05]
7,talk,21,7,5,Over
7,talk,22,7,2,GUARDED Agent[05]
7,talk,23,7,4,Over
7,talk,24,8,2,Skip
7,talk,25,8,5,Over
7,talk,26,8,4,Over
7,talk,27,9,2,Skip
7,talk,28,9,4,Over
7,talk,29,9,5,AGREE TALK day7 ID:24
7,talk,30,10,5,AGREE TALK day7 ID:27
7,talk,31,10,2,Over
7,talk,32,10,4,Over
7,talk,33,11,4,Over
7,talk,34,11,5,Skip
7,talk,35,11,2,Over
7,talk,36,12,4,Over
7,talk,37,12,2,Over
7,talk,38,12,5,Skip
7,talk,39,13,4,Over
7,talk,40,13,5,Over
7,talk,41,13,2,Over
7,vote,2,5
7,vote,4,2
7,vote,5,2
7,execute,2,WEREWOLF
8,status,1,VILLAGER,DEAD,m_cre
8,status,2,WEREWOLF,DEAD,carlo
8,status,3,WEREWOLF,DEAD,AITKN
8,status,4,VILLAGER,ALIVE,Dummy13_09
8,status,5,POSSESSED,ALIVE,daisyo
8,status,6,VILLAGER,DEAD,tori
8,status,7,WEREWOLF,DEAD,Dummy13_11
8,status,8,BODYGUARD,DEAD,Dummy13_07
8,status,9,VILLAGER,DEAD,wasabi
8,status,10,SEER,DEAD,TOT
8,status,11,MEDIUM,DEAD,Dummy13_08
8,status,12,VILLAGER,DEAD,Dummy13_10
8,status,13,VILLAGER,DEAD,megumish
8,status,14,VILLAGER,DEAD,cash
8,status,15,VILLAGER,DEAD,JuN1Ro
8,result,2,0,VILLAGER
