0,status,1,VILLAGER,ALIVE,m_cre
0,status,2,WEREWOLF,ALIVE,carlo
0,status,3,VILLAGER,ALIVE,AITKN
0,status,4,VILLAGER,ALIVE,Dummy13_09
0,status,5,VILLAGER,ALIVE,daisyo
0,status,6,WEREWOLF,ALIVE,tori
0,status,7,POSSESSED,ALIVE,Dummy13_11
0,status,8,MEDIUM,ALIVE,Dummy13_07
0,status,9,WEREWOLF,ALIVE,wasabi
0,status,10,SEER,ALIVE,TOT
0,status,11,VILLAGER,ALIVE,Dummy13_08
0,status,12,VILLAGER,ALIVE,Dummy13_10
0,status,13,BODYGUARD,ALIVE,megumish
0,status,14,VILLAGER,ALIVE,cash
0,status,15,VILLAGER,ALIVE,JuN1Ro
0,whisper,0,0,6,COMINGOUT Agent[06] VILLAGER
0,whisper,1,0,9,Over
0,whisper,2,0,2,COMINGOUT Agent[02] VILLAGER
0,whisper,3,1,9,Over
0,whisper,4,1,2,ATTACK Agent[15]
0,whisper,5,1,6,COMINGOUT Agent[06] SEER
0,whisper,6,2,6,Skip
0,whisper,7,2,9,ATTACK Agent[04]
0,whisper,8,2,2,Over
0,whisper,9,3,2,ATTACK Agent[04]
0,whisper,10,3,6,Skip
0,whisper,11,3,9,ATTACK Agent[13]
0,whisper,12,4,2,ATTACK Agent[13]
0,whisper,13,4,9,ATTACK Agent[04]
0,whisper,14,4,6,Over
0,whisper,15,5,6,Over
0,whisper,16,5,2,ATTACK Agent[04]
0,whisper,17,5,9,Over
0,whisper,18,6,9,Over
0,whisper,19,6,2,Over
0,whisper,20,6,6,Over
0,divine,10,11,HUMAN
1,status,1,VILLAGER,ALIVE,m_cre
1,status,2,WEREWOLF,ALIVE,carlo
1,status,3,VILLAGER,ALIVE,AITKN
1,status,4,VILLAGER,ALIVE,Dummy13_09
1,status,5,VILLAGER,ALIVE,daisyo
1,status,6,WEREWOLF,ALIVE,tori
1,status,7,POSSESSED,ALIVE,Dummy13_11
1,status,8,MEDIUM,ALIVE,Dummy13_07
1,status,9,WEREWOLF,ALIVE,wasabi
1,status,10,SEER,ALIVE,TOT
1,status,11,VILLAGER,ALIVE,Dummy13_08
1,status,12,VILLAGER,ALIVE,Dummy13_10
1,status,13,BODYGUARD,ALIVE,megumish
1,status,14,VILLAGER,ALIVE,cash
1,status,15,VILLAGER,ALIVE,JuN1Ro
1,talk,0,0,8,VOTE Agent[06]
1,talk,1,0,13,VOTE Agent[02]
1,talk,2,0,10,VOTE Agent[02]
1,talk,3,0,9,Skip
1,talk,4,0,6,VOTE Agent[07]
1,talk,5,0,14,DIVINED Agent[03] HUMAN
1,talk,6,0,5,Skip
1,talk,7,0,11,VOTE Agent[12]
1,talk,8,0,12,VOTE Agent[15]
1,talk,9,0,1,VOTE Agent[13]
1,talk,10,0,15,VOTE Agent[13]
1,talk,11,0,3,REQUEST(COMINGOUT Agent[03] SEER)
1,talk,12,0,4,VOTE Agent[14]
1,talk,13,0,2,VOTE Agent[01]
1,talk,14,0,7,COMINGOUT Agent[07] SEER
1,talk,15,1,9,Skip
1,talk,16,1,14,Over
1,talk,17,1,6,REQUEST(VOTE Agent[07])
1,talk,18,1,11,ESTIMATE Agent[14] SEER
1,talk,19,1,3,REQUEST(COMINGOUT Agent[03] MEDIUM)
1,talk,20,1,1,Skip
1,talk,21,1,2,COMINGOUT Agent[02] SEER
1,talk,22,1,7,DIVINED Agent[05] HUMAN
1,talk,23,1,8,ESTIMATE Agent[14] SEER
1,talk,24,1,10,REQUEST(VOTE Agent[02])
1,talk,25,1,13,Skip
1,talk,26,1,5,VOTE Agent[02]
1,talk,27,1,12,ESTIMATE Agent[14] SEER
1,talk,28,1,15,VOTE Agent[14]
1,talk,29,1,4,ESTIMATE Agent[14] SEER
1,talk,30,2,12,Skip
1,talk,31,2,3,AGREE TALK day1 ID:13
1,talk,32,2,2,DIVINED Agent[13] HUMAN
1,talk,33,2,6,Skip
1,talk,34,2,10,COMINGOUT Agent[10] SEER
1,talk,35,2,9,Over
1,talk,36,2,8,Skip
1,talk,37,2,5,AGREE TALK day1 ID:27
1,talk,38,2,1,VOTE Agent[02]
1,talk,39,2,14,Over
1,talk,40,2,13,Skip
1,talk,41,2,7,REQUEST(VOTE Agent[13])
1,talk,42,2,11,Skip
1,talk,43,2,4,Skip
1,talk,44,2,15,VOTE Agent[07]
1,talk,45,3,11,Skip
1,talk,46,3,10,DIVINED Agent[11] HUMAN
1,talk,47,3,15,VOTE Agent[02]
1,talk,48,3,2,VOTE Agent[07]
1,talk,49,3,13,Over
1,talk,50,3,7,VOTE Agent[02]
1,talk,51,3,9,VOTE Agent[01]
1,talk,52,3,12,Skip
1,talk,53,3,1,VOTE Agent[10]
1,talk,54,3,5,AGREE TALK day1 ID:43
1,talk,55,3,14,Over
1,talk,56,3,6,Skip
1,talk,57,3,8,Skip
1,talk,58,3,3,Skip
1,talk,59,3,4,Skip
1,talk,60,4,8,Over
1,talk,61,4,4,Over
1,talk,62,4,5,AGREE TALK day1 ID:42
1,talk,63,4,12,Over
1,talk,64,4,2,Skip
1,talk,65,4,13,Over
1,talk,66,4,15,Over
1,talk,67,4,11,Over
1,talk,68,4,14,Over
1,talk,69,4,10,ESTIMATE Agent[07] WEREWOLF
1,talk,70,4,1,VOTE Agent[02]
1,talk,71,4,3,Skip
1,talk,72,4,9,Over
1,talk,73,4,7,REQUEST(VOTE Agent[02])
1,talk,74,4,6,Over
1,talk,75,5,11,Over
1,talk,76,5,8,Over
1,talk,77,5,4,Over
1,talk,78,5,2,Skip
1,talk,79,5,13,Over
1,talk,80,5,14,Over
1,talk,81,5,10,VOTE Agent[07]
1,talk,82,5,1,Skip
1,talk,83,5,7,Skip
1,talk,84,5,15,ESTIMATE Agent[03] VILLAGER
1,talk,85,5,5,AGREE TALK day1 ID:30
1,talk,86,5,12,Over
1,talk,87,5,9,ESTIMATE Agent[01] VILLAGER
1,talk,88,5,3,Over
1,talk,89,5,6,Over
1,talk,90,6,6,Over
1,talk,91,6,5,AGREE TALK day1 ID:71
1,talk,92,6,4,Over
1,talk,93,6,3,AGREE TALK day1 ID:84
1,talk,94,6,15,ESTIMATE Agent[02] WEREWOLF
1,talk,95,6,1,Skip
1,talk,96,6,12,Over
1,talk,97,6,2,Over
1,talk,98,6,11,Over
1,talk,99,6,8,Over
1,talk,100,6,14,Over
1,talk,101,6,13,Over
1,talk,102,6,10,REQUEST(VOTE Agent[07])
1,talk,103,6,9,Over
1,talk,104,6,7,Skip
1,talk,105,7,6,Over
1,talk,106,7,11,Over
1,talk,107,7,7,Over
1,talk,108,7,13,Over
1,talk,109,7,3,REQUEST(DIVINATION Agent[01])
1,talk,110,7,9,Over
1,talk,111,7,5,AGREE TALK day1 ID:57
1,talk,112,7,4,Over
1,talk,113,7,10,ESTIMATE Agent[02] WEREWOLF
1,talk,114,7,14,Over
1,talk,115,7,8,Over
1,talk,116,7,12,Over
1,talk,117,7,15,ESTIMATE Agent[02] WEREWOLF
1,talk,118,7,1,Over
1,talk,119,7,2,Over
1,talk,120,8,13,Over
1,talk,121,8,4,Over
1,talk,122,8,1,Over
1,talk,123,8,6,Over
1,talk,124,8,7,Over
1,talk,125,8,5,AGREE TALK day1 ID:15
1,talk,126,8,11,Over
1,talk,127,8,12,Over
1,talk,128,8,2,Over
1,talk,129,8,10,VOTE Agent[02]
1,talk,130,8,15,Over
1,talk,131,8,9,Over
1,talk,132,8,8,Over
1,talk,133,8,3,Skip
1,talk,134,8,14,Over
1,talk,135,9,5,AGREE TALK day1 ID:83
1,talk,136,9,13,Over
1,talk,137,9,14,Over
1,talk,138,9,15,ESTIMATE Agent[02] WEREWOLF
1,talk,139,9,6,Over
1,talk,140,9,9,Over
1,talk,141,9,12,Over
1,talk,142,9,3,VOTE Agent[05]
1,talk,143,9,2,Over
1,talk,144,9,4,Over
1,talk,145,9,10,REQUEST(VOTE Agent[02])
1,talk,146,9,1,Over
1,talk,147,9,7,Over
1,talk,148,9,11,Over
1,talk,149,9,8,Over
1,talk,150,10,9,Over
1,talk,151,10,4,Over
1,talk,152,10,7,Over
1,talk,153,10,12,Over
1,talk,154,10,14,Over
1,talk,155,10,15,Over
1,talk,156,10,11,Over
1,talk,157,10,3,Skip
1,talk,158,10,10,Over
1,talk,159,10,8,Over
1,talk,160,10,6,Over
1,talk,161,10,5,AGREE TALK day1 ID:25
1,talk,162,10,1,Over
1,talk,163,10,13,Over
1,talk,164,10,2,Over
1,talk,165,11,13,Over
1,talk,166,11,3,Skip
1,talk,167,11,14,Over
1,talk,168,11,1,Over
1,talk,169,11,4,Over
1,talk,170,11,11,Over
1,talk,171,11,7,Over
1,talk,172,11,8,Over
1,talk,173,11,5,Over
1,talk,174,11,6,Over
1,talk,175,11,10,Over
1,talk,176,11,2,Over
1,talk,177,11,12,Over
1,talk,178,11,9,ESTIMATE Agent[07] WEREWOLF
1,talk,179,11,15,Over
1,talk,180,12,11,Over
1,talk,181,12,12,Over
1,talk,182,12,4,Over
1,talk,183,12,2,Over
1,talk,184,12,14,Over
1,talk,185,12,6,Over
1,talk,186,12,7,Over
1,talk,187,12,5,Over
1,talk,188,12,15,Over
1,talk,189,12,1,Over
1,talk,190,12,3,Over
1,talk,191,12,10,Over
1,talk,192,12,13,Over
1,talk,193,12,9,Over
1,talk,194,12,8,Over
1,vote,1,2
1,vote,2,13
1,vote,3,5
1,vote,4,14
1,vote,5,2
1,vote,6,7
1,vote,7,2
1,vote,8,6
1,vote,9,1
1,vote,10,7
1,vote,11,12
1,vote,12,15
1,vote,13,2
1,vote,14,1
1,vote,15,2
1,execute,2,WEREWOLF
1,divine,10,2,WEREWOLF
1,whisper,0,0,6,ATTACK Agent[07]
1,whisper,1,0,9,ATTACK Agent[11]
1,whisper,2,0,2,COMINGOUT Agent[02] SEER
1,whisper,3,1,9,Over
1,whisper,4,1,2,ATTACK Agent[07]
1,whisper,5,1,6,REQUEST(ATTACK Agent[07])
1,whisper,6,2,2,Over
1,whisper,7,2,9,Over
1,whisper,8,2,6,Skip
1,whisper,9,3,6,Skip
1,whisper,10,3,2,Over
1,whisper,11,3,9,Over
1,whisper,12,4,9,Over
1,whisper,13,4,6,Over
1,whisper,14,4,2,Over
1,guard,13,7,POSSESSED
1,attackVote,2,7
1,attackVote,6,7
1,attackVote,9,11
1,attackVote,2,7
1,attackVote,6,7
1,attackVote,9,13
1,attack,7,false
2,status,1,VILLAGER,ALIVE,m_cre
2,status,2,WEREWOLF,DEAD,carlo
2,status,3,VILLAGER,ALIVE,AITKN
2,status,4,VILLAGER,ALIVE,Dummy13_09
2,status,5,VILLAGER,ALIVE,daisyo
2,status,6,WEREWOLF,ALIVE,tori
2,status,7,POSSESSED,ALIVE,Dummy13_11
2,status,8,MEDIUM,ALIVE,Dummy13_07
2,status,9,WEREWOLF,ALIVE,wasabi
2,status,10,SEER,ALIVE,TOT
2,status,11,VILLAGER,ALIVE,Dummy13_08
2,status,12,VILLAGER,ALIVE,Dummy13_10
2,status,13,BODYGUARD,ALIVE,megumish
2,status,14,VILLAGER,ALIVE,cash
2,status,15,VILLAGER,ALIVE,JuN1Ro
2,talk,0,0,6,VOTE Agent[14]
2,talk,1,0,5,Skip
2,talk,2,0,13,VOTE Agent[04]
2,talk,3,0,12,VOTE Agent[07]
2,talk,4,0,15,VOTE Agent[10]
2,talk,5,0,10,DIVINED Agent[02] WEREWOLF
2,talk,6,0,8,COMINGOUT Agent[08] MEDIUM
2,talk,7,0,4,VOTE Agent[14]
2,talk,8,0,7,DIVINED Agent[04] HUMAN
2,talk,9,0,3,Skip
2,talk,10,0,1,VOTE Agent[10]
2,talk,11,0,9,Skip
2,talk,12,0,14,DIVINED Agent[11] HUMAN
2,talk,13,0,11,VOTE Agent[14]
2,talk,14,1,6,REQUEST(VOTE Agent[14])
2,talk,15,1,7,VOTE Agent[10]
2,talk,16,1,15,ESTIMATE Agent[10] WEREWOLF
2,talk,17,1,8,IDENTIFIED Agent[02] WEREWOLF
2,talk,18,1,11,Skip
2,talk,19,1,4,Skip
2,talk,20,1,12,Skip
2,talk,21,1,14,Over
2,talk,22,1,5,VOTE Agent[14]
2,talk,23,1,13,Skip
2,talk,24,1,3,Skip
2,talk,25,1,10,VOTE Agent[09]
2,talk,26,1,1,VOTE Agent[07]
2,talk,27,1,9,VOTE Agent[03]
2,talk,28,2,14,Over
2,talk,29,2,7,REQUEST(VOTE Agent[10])
2,talk,30,2,6,Skip
2,talk,31,2,12,Skip
2,talk,32,2,9,Skip
2,talk,33,2,5,AGREE TALK day2 ID:18
2,talk,34,2,10,REQUEST(VOTE Agent[09])
2,talk,35,2,4,Skip
2,talk,36,2,1,Skip
2,talk,37,2,3,ESTIMATE Agent[10] WEREWOLF
2,talk,38,2,11,Skip
2,talk,39,2,8,VOTE Agent[03]
2,talk,40,2,13,Skip
2,talk,41,2,15,ESTIMATE Agent[08] WEREWOLF
2,talk,42,3,3,AGREE TALK day2 ID:16
2,talk,43,3,8,Skip
2,talk,44,3,6,Skip
2,talk,45,3,1,Skip
2,talk,46,3,10,Skip
2,talk,47,3,5,AGREE TALK day2 ID:32
2,talk,48,3,14,Over
2,talk,49,3,7,Skip
2,talk,50,3,4,Over
2,talk,51,3,11,Over
2,talk,52,3,9,Skip
2,talk,53,3,13,Over
2,talk,54,3,12,Over
2,talk,55,3,15,VOTE Agent[08]
2,talk,56,4,6,Over
2,talk,57,4,7,Skip
2,talk,58,4,10,Skip
2,talk,59,4,13,Over
2,talk,60,4,1,Over
2,talk,61,4,9,Over
2,talk,62,4,8,Skip
2,talk,63,4,11,Over
2,talk,64,4,3,VOTE Agent[02]
2,talk,65,4,12,Over
2,talk,66,4,4,Over
2,talk,67,4,5,AGREE TALK day2 ID:52
2,talk,68,4,15,Over
2,talk,69,4,14,Over
2,talk,70,5,12,Over
2,talk,71,5,3,REQUEST(DIVINATION Agent[08])
2,talk,72,5,5,AGREE TALK day2 ID:46
2,talk,73,5,14,Over
2,talk,74,5,4,Over
2,talk,75,5,15,ESTIMATE Agent[09] WEREWOLF
2,talk,76,5,13,Over
2,talk,77,5,6,Over
2,talk,78,5,9,Over
2,talk,79,5,8,Over
2,talk,80,5,10,Over
2,talk,81,5,1,Over
2,talk,82,5,7,Over
2,talk,83,5,11,Over
2,talk,84,6,12,Over
2,talk,85,6,10,Over
2,talk,86,6,13,Over
2,talk,87,6,15,ESTIMATE Agent[09] WEREWOLF
2,talk,88,6,9,Over
2,talk,89,6,8,Over
2,talk,90,6,4,Over
2,talk,91,6,1,Over
2,talk,92,6,3,AGREE TALK day2 ID:55
2,talk,93,6,7,Over
2,talk,94,6,14,Over
2,talk,95,6,11,Over
2,talk,96,6,5,AGREE TALK day2 ID:44
2,talk,97,6,6,Over
2,talk,98,7,12,Over
2,talk,99,7,1,Over
2,talk,100,7,6,Over
2,talk,101,7,7,Over
2,talk,102,7,15,ESTIMATE Agent[08] VILLAGER
2,talk,103,7,3,Skip
2,talk,104,7,5,AGREE TALK day2 ID:35
2,talk,105,7,8,Over
2,talk,106,7,9,VOTE Agent[12]
2,talk,107,7,10,Over
2,talk,108,7,11,Over
2,talk,109,7,4,Over
2,talk,110,7,14,Over
2,talk,111,7,13,Over
2,talk,112,8,12,Over
2,talk,113,8,9,Over
2,talk,114,8,5,AGREE TALK day2 ID:40
2,talk,115,8,7,Over
2,talk,116,8,4,Over
2,talk,117,8,6,Over
2,talk,118,8,3,Skip
2,talk,119,8,15,ESTIMATE Agent[08] VILLAGER
2,talk,120,8,11,Over
2,talk,121,8,13,Over
2,talk,122,8,8,Over
2,talk,123,8,1,Over
2,talk,124,8,10,Over
2,talk,125,8,14,Over
2,talk,126,9,3,Over
2,talk,127,9,10,Over
2,talk,128,9,4,Over
2,talk,129,9,5,AGREE TALK day2 ID:8
2,talk,130,9,11,Over
2,talk,131,9,15,ESTIMATE Agent[09] WEREWOLF
2,talk,132,9,12,Over
2,talk,133,9,9,Over
2,talk,134,9,8,Over
2,talk,135,9,6,Over
2,talk,136,9,7,Over
2,talk,137,9,14,Over
2,talk,138,9,1,Over
2,talk,139,9,13,Over
2,talk,140,10,6,Over
2,talk,141,10,7,Over
2,talk,142,10,10,Over
2,talk,143,10,9,ESTIMATE Agent[05] VILLAGER
2,talk,144,10,11,Over
2,talk,145,10,1,Over
2,talk,146,10,12,Over
2,talk,147,10,14,Over
2,talk,148,10,5,AGREE TALK day2 ID:57
2,talk,149,10,3,Over
2,talk,150,10,13,Over
2,talk,151,10,4,Over
2,talk,152,10,15,Over
2,talk,153,10,8,Over
2,talk,154,11,6,Over
2,talk,155,11,9,Over
2,talk,156,11,10,Over
2,talk,157,11,1,Over
2,talk,158,11,11,Over
2,talk,159,11,4,Over
2,talk,160,11,15,Over
2,talk,161,11,13,Over
2,talk,162,11,3,Over
2,talk,163,11,8,Over
2,talk,164,11,7,Over
2,talk,165,11,14,Over
2,talk,166,11,5,Over
2,talk,167,11,12,Over
2,vote,1,7
2,vote,3,8
2,vote,4,14
2,vote,5,14
2,vote,6,14
2,vote,7,10
2,vote,8,3
2,vote,9,12
2,vote,10,9
2,vote,11,14
2,vote,12,7
2,vote,13,4
2,vote,14,15
2,vote,15,9
2,execute,14,VILLAGER
2,divine,10,7,HUMAN
2,whisper,0,0,9,ATTACK Agent[04]
2,whisper,1,0,6,ATTACK Agent[10]
2,whisper,2,1,6,REQUEST(ATTACK Agent[10])
2,whisper,3,1,9,Over
2,whisper,4,2,9,ATTACK Agent[07]
2,whisper,5,2,6,Skip
2,whisper,6,3,6,Skip
2,whisper,7,3,9,Over
2,whisper,8,4,9,Over
2,whisper,9,4,6,Over
2,guard,13,7,POSSESSED
2,attackVote,6,10
2,attackVote,9,7
2,attackVote,6,10
2,attackVote,9,5
2,attack,5,true
3,status,1,VILLAGER,ALIVE,m_cre
3,status,2,WEREWOLF,DEAD,carlo
3,status,3,VILLAGER,ALIVE,AITKN
3,status,4,VILLAGER,ALIVE,Dummy13_09
3,status,5,VILLAGER,DEAD,daisyo
3,status,6,WEREWOLF,ALIVE,tori
3,status,7,POSSESSED,ALIVE,Dummy13_11
3,status,8,MEDIUM,ALIVE,Dummy13_07
3,status,9,WEREWOLF,ALIVE,wasabi
3,status,10,SEER,ALIVE,TOT
3,status,11,VILLAGER,ALIVE,Dummy13_08
3,status,12,VILLAGER,ALIVE,Dummy13_10
3,status,13,BODYGUARD,ALIVE,megumish
3,status,14,VILLAGER,DEAD,cash
3,status,15,VILLAGER,ALIVE,JuN1Ro
3,talk,0,0,11,DISAGREE TALK day2 ID:16
3,talk,1,0,12,DISAGREE TALK day2 ID:16
3,talk,2,0,7,DIVINED Agent[15] HUMAN
3,talk,3,0,9,VOTE Agent[01]
3,talk,4,0,6,VOTE Agent[04]
3,talk,5,0,8,IDENTIFIED Agent[14] HUMAN
3,talk,6,0,15,ESTIMATE Agent[08] WEREWOLF
3,talk,7,0,13,VOTE Agent[01]
3,talk,8,0,4,DISAGREE TALK day1 ID:69
3,talk,9,0,3,Skip
3,talk,10,0,10,DIVINED Agent[07] HUMAN
3,talk,11,0,1,VOTE Agent[07]
3,talk,12,1,10,ESTIMATE Agent[07] POSSESSED
3,talk,13,1,8,DISAGREE TALK day2 ID:16
3,talk,14,1,4,DISAGREE TALK day1 ID:178
3,talk,15,1,1,VOTE Agent[06]
3,talk,16,1,15,VOTE Agent[08]
3,talk,17,1,7,VOTE Agent[10]
3,talk,18,1,3,Skip
3,talk,19,1,9,Skip
3,talk,20,1,11,DISAGREE TALK day2 ID:37
3,talk,21,1,6,REQUEST(VOTE Agent[04])
3,talk,22,1,13,Skip
3,talk,23,1,12,DISAGREE TALK day2 ID:37
3,talk,24,2,6,Skip
3,talk,25,2,9,Skip
3,talk,26,2,15,Over
3,talk,27,2,11,ESTIMATE Agent[10] SEER
3,talk,28,2,10,VOTE Agent[11]
3,talk,29,2,7,REQUEST(VOTE Agent[10])
3,talk,30,2,3,ESTIMATE Agent[08] WEREWOLF
3,talk,31,2,1,Skip
3,talk,32,2,12,ESTIMATE Agent[10] SEER
3,talk,33,2,4,ESTIMATE Agent[07] SEER
3,talk,34,2,8,DISAGREE TALK day2 ID:37
3,talk,35,2,13,Skip
3,talk,36,3,1,Skip
3,talk,37,3,3,AGREE TALK day3 ID:16
3,talk,38,3,11,VOTE Agent[07]
3,talk,39,3,4,VOTE Agent[13]
3,talk,40,3,7,Skip
3,talk,41,3,13,Over
3,talk,42,3,9,ESTIMATE Agent[15] VILLAGER
3,talk,43,3,10,REQUEST(VOTE Agent[11])
3,talk,44,3,15,ESTIMATE Agent[06] WEREWOLF
3,talk,45,3,6,Skip
3,talk,46,3,12,VOTE Agent[08]
3,talk,47,3,8,ESTIMATE Agent[10] SEER
3,talk,48,4,9,Skip
3,talk,49,4,8,VOTE Agent[11]
3,talk,50,4,7,Skip
3,talk,51,4,15,ESTIMATE Agent[08] VILLAGER
3,talk,52,4,4,Skip
3,talk,53,4,11,Skip
3,talk,54,4,3,VOTE Agent[02]
3,talk,55,4,6,Over
3,talk,56,4,12,Skip
3,talk,57,4,13,Over
3,talk,58,4,1,Over
3,talk,59,4,10,Skip
3,talk,60,5,12,Skip
3,talk,61,5,1,Over
3,talk,62,5,3,REQUEST(DIVINATION Agent[08])
3,talk,63,5,15,Over
3,talk,64,5,13,Over
3,talk,65,5,8,Skip
3,talk,66,5,6,Over
3,talk,67,5,4,Skip
3,talk,68,5,11,Skip
3,talk,69,5,10,Skip
3,talk,70,5,9,ESTIMATE Agent[07] WEREWOLF
3,talk,71,5,7,Over
3,talk,72,6,6,Over
3,talk,73,6,7,Over
3,talk,74,6,8,Skip
3,talk,75,6,11,Over
3,talk,76,6,13,Over
3,talk,77,6,12,Over
3,talk,78,6,4,Over
3,talk,79,6,9,Over
3,talk,80,6,3,AGREE TALK day3 ID:33
3,talk,81,6,10,Over
3,talk,82,6,15,Over
3,talk,83,6,1,Over
3,talk,84,7,1,Over
3,talk,85,7,6,Over
3,talk,86,7,13,Over
3,talk,87,7,11,Over
3,talk,88,7,3,AGREE TALK day3 ID:46
3,talk,89,7,12,Over
3,talk,90,7,4,Over
3,talk,91,7,9,ESTIMATE Agent[03] WEREWOLF
3,talk,92,7,10,Over
3,talk,93,7,7,Over
3,talk,94,7,8,Over
3,talk,95,7,15,Over
3,talk,96,8,15,Over
3,talk,97,8,9,Over
3,talk,98,8,7,Over
3,talk,99,8,8,Over
3,talk,100,8,3,DISAGREE TALK day3 ID:91
3,talk,101,8,12,Over
3,talk,102,8,4,Over
3,talk,103,8,13,Over
3,talk,104,8,11,Over
3,talk,105,8,6,Over
3,talk,106,8,10,Over
3,talk,107,8,1,Over
3,talk,108,9,10,Over
3,talk,109,9,8,Over
3,talk,110,9,1,Over
3,talk,111,9,4,Over
3,talk,112,9,15,Over
3,talk,113,9,13,Over
3,talk,114,9,6,Over
3,talk,115,9,11,Over
3,talk,116,9,12,Over
3,talk,117,9,9,Over
3,talk,118,9,3,Skip
3,talk,119,9,7,Over
3,talk,120,10,11,Over
3,talk,121,10,1,Over
3,talk,122,10,3,Skip
3,talk,123,10,15,ESTIMATE Agent[08] VILLAGER
3,talk,124,10,9,ESTIMATE Agent[06] VILLAGER
3,talk,125,10,6,Over
3,talk,126,10,10,Over
3,talk,127,10,8,Over
3,talk,128,10,13,Over
3,talk,129,10,12,Over
3,talk,130,10,7,Over
3,talk,131,10,4,Over
3,talk,132,11,3,AGREE TALK day3 ID:124
3,talk,133,11,7,Over
3,talk,134,11,12,Over
3,talk,135,11,9,Over
3,talk,136,11,1,Over
3,talk,137,11,15,Over
3,talk,138,11,4,Over
3,talk,139,11,8,Over
3,talk,140,11,11,Over
3,talk,141,11,6,Over
3,talk,142,11,13,Over
3,talk,143,11,10,Over
3,talk,144,12,12,Over
3,talk,145,12,1,Over
3,talk,146,12,15,Over
3,talk,147,12,9,Over
3,talk,148,12,13,Over
3,talk,149,12,10,Over
3,talk,150,12,6,Over
3,talk,151,12,4,Over
3,talk,152,12,11,Over
3,talk,153,12,8,Over
3,talk,154,12,7,Over
3,talk,155,12,3,Skip
3,talk,156,13,11,Over
3,talk,157,13,6,Over
3,talk,158,13,3,Skip
3,talk,159,13,9,Over
3,talk,160,13,13,Over
3,talk,161,13,15,ESTIMATE Agent[08] VILLAGER
3,talk,162,13,1,Over
3,talk,163,13,4,Over
3,talk,164,13,12,Over
3,talk,165,13,7,Over
3,talk,166,13,10,Over
3,talk,167,13,8,Over
3,talk,168,14,4,Over
3,talk,169,14,3,Over
3,talk,170,14,15,Over
3,talk,171,14,10,Over
3,talk,172,14,13,Over
3,talk,173,14,6,Over
3,talk,174,14,8,Over
3,talk,175,14,11,Over
3,talk,176,14,9,Over
3,talk,177,14,7,Over
3,talk,178,14,12,Over
3,talk,179,14,1,Over
3,vote,1,6
3,vote,3,1
3,vote,4,13
3,vote,6,4
3,vote,7,10
3,vote,8,11
3,vote,9,1
3,vote,10,11
3,vote,11,7
3,vote,12,8
3,vote,13,1
3,vote,15,6
3,execute,1,VILLAGER
3,divine,10,6,WEREWOLF
3,whisper,0,0,9,Over
3,whisper,1,0,6,ATTACK Agent[08]
3,whisper,2,1,6,REQUEST(ATTACK Agent[08])
3,whisper,3,1,9,Over
3,whisper,4,2,6,Skip
3,whisper,5,2,9,ATTACK Agent[07]
3,whisper,6,3,9,Over
3,whisper,7,3,6,Skip
3,whisper,8,4,6,Over
3,whisper,9,4,9,Over
3,guard,13,10,SEER
3,attackVote,6,8
3,attackVote,9,7
3,attackVote,6,8
3,attackVote,9,7
3,attack,7,true
4,status,1,VILLAGER,DEAD,m_cre
4,status,2,WEREWOLF,DEAD,carlo
4,status,3,VILLAGER,ALIVE,AITKN
4,status,4,VILLAGER,ALIVE,Dummy13_09
4,status,5,VILLAGER,DEAD,daisyo
4,status,6,WEREWOLF,ALIVE,tori
4,status,7,POSSESSED,DEAD,Dummy13_11
4,status,8,MEDIUM,ALIVE,Dummy13_07
4,status,9,WEREWOLF,ALIVE,wasabi
4,status,10,SEER,ALIVE,TOT
4,status,11,VILLAGER,ALIVE,Dummy13_08
4,status,12,VILLAGER,ALIVE,Dummy13_10
4,status,13,BODYGUARD,ALIVE,megumish
4,status,14,VILLAGER,DEAD,cash
4,status,15,VILLAGER,ALIVE,JuN1Ro
4,talk,0,0,15,ESTIMATE Agent[08] WEREWOLF
4,talk,1,0,8,IDENTIFIED Agent[01] HUMAN
4,talk,2,0,3,Skip
4,talk,3,0,10,DIVINED Agent[06] WEREWOLF
4,talk,4,0,11,VOTE Agent[10]
4,talk,5,0,12,VOTE Agent[08]
4,talk,6,0,9,Skip
4,talk,7,0,13,VOTE Agent[11]
4,talk,8,0,4,DISAGREE TALK day2 ID:16
4,talk,9,0,6,VOTE Agent[12]
4,talk,10,1,6,REQUEST(VOTE Agent[12])
4,talk,11,1,13,Skip
4,talk,12,1,4,DISAGREE TALK day2 ID:37
4,talk,13,1,9,Skip
4,talk,14,1,11,AGREE TALK day3 ID:44
4,talk,15,1,8,AGREE TALK day3 ID:44
4,talk,16,1,12,AGREE TALK day3 ID:44
4,talk,17,1,3,AGREE TALK day4 ID:5
4,talk,18,1,10,REQUEST(VOTE Agent[06])
4,talk,19,1,15,VOTE Agent[08]
4,talk,20,2,15,ESTIMATE Agent[08] VILLAGER
4,talk,21,2,13,Skip
4,talk,22,2,8,DISAGREE TALK day3 ID:124
4,talk,23,2,11,DISAGREE TALK day3 ID:124
4,talk,24,2,4,AGREE TALK day3 ID:27
4,talk,25,2,12,DISAGREE TALK day3 ID:124
4,talk,26,2,3,ESTIMATE Agent[10] WEREWOLF
4,talk,27,2,6,Skip
4,talk,28,2,10,VOTE Agent[06]
4,talk,29,2,9,Over
4,talk,30,3,15,ESTIMATE Agent[06] WEREWOLF
4,talk,31,3,8,ESTIMATE Agent[06] WEREWOLF
4,talk,32,3,9,Over
4,talk,33,3,4,AGREE TALK day3 ID:32
4,talk,34,3,12,ESTIMATE Agent[06] WEREWOLF
4,talk,35,3,6,Skip
4,talk,36,3,11,ESTIMATE Agent[06] WEREWOLF
4,talk,37,3,3,AGREE TALK day4 ID:19
4,talk,38,3,10,REQUEST(VOTE Agent[06])
4,talk,39,3,13,Over
4,talk,40,4,15,ESTIMATE Agent[06] WEREWOLF
4,talk,41,4,11,REQUEST(Agent[10] DIVINATION Agent[06])
4,talk,42,4,9,Over
4,talk,43,4,12,REQUEST(Agent[10] DIVINATION Agent[06])
4,talk,44,4,10,Skip
4,talk,45,4,8,REQUEST(Agent[10] DIVINATION Agent[06])
4,talk,46,4,13,Over
4,talk,47,4,4,AGREE TALK day3 ID:47
4,talk,48,4,3,VOTE Agent[02]
4,talk,49,4,6,Over
4,talk,50,5,9,VOTE Agent[06]
4,talk,51,5,3,REQUEST(DIVINATION Agent[08])
4,talk,52,5,10,Skip
4,talk,53,5,8,VOTE Agent[06]
4,talk,54,5,15,Over
4,talk,55,5,11,VOTE Agent[06]
4,talk,56,5,13,Over
4,talk,57,5,4,ESTIMATE Agent[10] SEER
4,talk,58,5,12,VOTE Agent[06]
4,talk,59,5,6,Over
4,talk,60,6,11,Skip
4,talk,61,6,6,Over
4,talk,62,6,8,Skip
4,talk,63,6,9,ESTIMATE Agent[08] MEDIUM
4,talk,64,6,10,Over
4,talk,65,6,12,Skip
4,talk,66,6,4,AGREE TALK day3 ID:44
4,talk,67,6,3,Skip
4,talk,68,6,13,Over
4,talk,69,6,15,Over
4,talk,70,7,3,AGREE TALK day4 ID:63
4,talk,71,7,12,Skip
4,talk,72,7,13,Over
4,talk,73,7,8,Skip
4,talk,74,7,9,Over
4,talk,75,7,15,Over
4,talk,76,7,4,DISAGREE TALK day3 ID:124
4,talk,77,7,11,Skip
4,talk,78,7,6,Over
4,talk,79,7,10,Over
4,talk,80,8,3,Skip
4,talk,81,8,11,Over
4,talk,82,8,13,Over
4,talk,83,8,12,Over
4,talk,84,8,9,ESTIMATE Agent[10] WEREWOLF
4,talk,85,8,4,ESTIMATE Agent[06] WEREWOLF
4,talk,86,8,10,Over
4,talk,87,8,8,Over
4,talk,88,8,6,Over
4,talk,89,8,15,ESTIMATE Agent[06] WEREWOLF
4,talk,90,9,6,Over
4,talk,91,9,10,Over
4,talk,92,9,13,Over
4,talk,93,9,3,AGREE TALK day4 ID:84
4,talk,94,9,11,Over
4,talk,95,9,15,Over
4,talk,96,9,9,Over
4,talk,97,9,4,REQUEST(Agent[10] DIVINATION Agent[06])
4,talk,98,9,8,Over
4,talk,99,9,12,Over
4,talk,100,10,8,Over
4,talk,101,10,12,Over
4,talk,102,10,6,Over
4,talk,103,10,9,ESTIMATE Agent[06] WEREWOLF
4,talk,104,10,3,Skip
4,talk,105,10,13,Over
4,talk,106,10,4,Over
4,talk,107,10,11,Over
4,talk,108,10,15,Over
4,talk,109,10,10,Over
4,talk,110,11,4,Over
4,talk,111,11,13,Over
4,talk,112,11,11,Over
4,talk,113,11,8,Over
4,talk,114,11,15,Over
4,talk,115,11,3,Skip
4,talk,116,11,10,Over
4,talk,117,11,9,ESTIMATE Agent[15] VILLAGER
4,talk,118,11,12,Over
4,talk,119,11,6,Over
4,talk,120,12,3,Over
4,talk,121,12,11,Over
4,talk,122,12,6,Over
4,talk,123,12,4,Over
4,talk,124,12,12,Over
4,talk,125,12,10,Over
4,talk,126,12,13,Over
4,talk,127,12,8,Over
4,talk,128,12,9,Over
4,talk,129,12,15,ESTIMATE Agent[08] VILLAGER
4,talk,130,13,9,Over
4,talk,131,13,8,Over
4,talk,132,13,10,Over
4,talk,133,13,11,Over
4,talk,134,13,12,Over
4,talk,135,13,3,Over
4,talk,136,13,15,ESTIMATE Agent[06] WEREWOLF
4,talk,137,13,4,Over
4,talk,138,13,13,Over
4,talk,139,13,6,Over
4,talk,140,14,3,Over
4,talk,141,14,4,Over
4,talk,142,14,10,Over
4,talk,143,14,6,Over
4,talk,144,14,12,Over
4,talk,145,14,11,Over
4,talk,146,14,8,Over
4,talk,147,14,13,Over
4,talk,148,14,15,Over
4,talk,149,14,9,ESTIMATE Agent[08] MEDIUM
4,talk,150,15,15,ESTIMATE Agent[06] WEREWOLF
4,talk,151,15,3,AGREE TALK day4 ID:149
4,talk,152,15,12,Over
4,talk,153,15,10,Over
4,talk,154,15,6,Over
4,talk,155,15,8,Over
4,talk,156,15,13,Over
4,talk,157,15,11,Over
4,talk,158,15,9,Over
4,talk,159,15,4,Over
4,talk,160,16,12,Over
4,talk,161,16,6,Over
4,talk,162,16,13,Over
4,talk,163,16,15,ESTIMATE Agent[06] WEREWOLF
4,talk,164,16,10,Over
4,talk,165,16,11,Over
4,talk,166,16,9,Over
4,talk,167,16,4,Over
4,talk,168,16,8,Over
4,talk,169,16,3,Skip
4,talk,170,17,13,Over
4,talk,171,17,9,ESTIMATE Agent[08] MEDIUM
4,talk,172,17,8,Over
4,talk,173,17,6,Over
4,talk,174,17,12,Over
4,talk,175,17,11,Over
4,talk,176,17,15,Over
4,talk,177,17,10,Over
4,talk,178,17,3,Skip
4,talk,179,17,4,Over
4,talk,180,18,12,Over
4,talk,181,18,11,Over
4,talk,182,18,15,Over
4,talk,183,18,8,Over
4,talk,184,18,6,Over
4,talk,185,18,4,Over
4,talk,186,18,10,Over
4,talk,187,18,9,ESTIMATE Agent[11] VILLAGER
4,talk,188,18,3,AGREE TALK day4 ID:171
4,talk,189,18,13,Over
4,talk,190,19,12,Over
4,talk,191,19,13,Over
4,talk,192,19,3,Skip
4,talk,193,19,9,ESTIMATE Agent[04] VILLAGER
4,talk,194,19,8,Over
4,talk,195,19,10,Over
4,talk,196,19,4,Over
4,talk,197,19,6,Over
4,talk,198,19,15,Over
4,talk,199,19,11,Over
4,vote,3,13
4,vote,4,6
4,vote,6,12
4,vote,8,6
4,vote,9,6
4,vote,10,6
4,vote,11,6
4,vote,12,6
4,vote,13,11
4,vote,15,6
4,execute,6,WEREWOLF
4,divine,10,8,HUMAN
4,whisper,0,0,6,ATTACK Agent[10]
4,whisper,1,0,9,ATTACK Agent[15]
4,whisper,2,1,9,Over
4,whisper,3,1,6,REQUEST(ATTACK Agent[10])
4,whisper,4,2,9,Over
4,whisper,5,2,6,Skip
4,whisper,6,3,9,Over
4,whisper,7,3,6,Skip
4,whisper,8,4,6,Over
4,whisper,9,4,9,ATTACK Agent[04]
4,whisper,10,5,6,Over
4,whisper,11,5,9,Over
4,guard,13,10,SEER
4,attackVote,6,10
4,attackVote,9,4
4,attack,4,true
5,status,1,VILLAGER,DEAD,m_cre
5,status,2,WEREWOLF,DEAD,carlo
5,status,3,VILLAGER,ALIVE,AITKN
5,status,4,VILLAGER,DEAD,Dummy13_09
5,status,5,VILLAGER,DEAD,daisyo
5,status,6,WEREWOLF,DEAD,tori
5,status,7,POSSESSED,DEAD,Dummy13_11
5,status,8,MEDIUM,ALIVE,Dummy13_07
5,status,9,WEREWOLF,ALIVE,wasabi
5,status,10,SEER,ALIVE,TOT
5,status,11,VILLAGER,ALIVE,Dummy13_08
5,status,12,VILLAGER,ALIVE,Dummy13_10
5,status,13,BODYGUARD,ALIVE,megumish
5,status,14,VILLAGER,DEAD,cash
5,status,15,VILLAGER,ALIVE,JuN1Ro
5,talk,0,0,12,VOTE Agent[11]
5,talk,1,0,3,Skip
5,talk,2,0,9,Skip
5,talk,3,0,15,ESTIMATE Agent[08] WEREWOLF
5,talk,4,0,13,VOTE Agent[15]
5,talk,5,0,10,DIVINED Agent[08] HUMAN
5,talk,6,0,11,VOTE Agent[13]
5,talk,7,0,8,IDENTIFIED Agent[06] WEREWOLF
5,talk,8,1,8,VOTE Agent[10]
5,talk,9,1,12,Skip
5,talk,10,1,9,Skip
5,talk,11,1,11,Skip
5,talk,12,1,13,Skip
5,talk,13,1,10,VOTE Agent[15]
5,talk,14,1,15,VOTE Agent[08]
5,talk,15,1,3,Skip
5,talk,16,2,13,Skip
5,talk,17,2,9,Over
5,talk,18,2,15,Over
5,talk,19,2,11,Skip
5,talk,20,2,8,Skip
5,talk,21,2,12,Skip
5,talk,22,2,3,ESTIMATE Agent[08] WEREWOLF
5,talk,23,2,10,REQUEST(VOTE Agent[15])
5,talk,24,3,10,Skip
5,talk,25,3,8,Skip
5,talk,26,3,9,Over
5,talk,27,3,11,Over
5,talk,28,3,13,Over
5,talk,29,3,3,AGREE TALK day5 ID:14
5,talk,30,3,15,Over
5,talk,31,3,12,Over
5,talk,32,4,8,Over
5,talk,33,4,9,VOTE Agent[13]
5,talk,34,4,11,Over
5,talk,35,4,10,Skip
5,talk,36,4,12,Over
5,talk,37,4,13,Over
5,talk,38,4,15,ESTIMATE Agent[13] WEREWOLF
5,talk,39,4,3,VOTE Agent[02]
5,talk,40,5,11,Over
5,talk,41,5,10,Over
5,talk,42,5,12,Over
5,talk,43,5,8,Over
5,talk,44,5,13,Over
5,talk,45,5,9,ESTIMATE Agent[03] VILLAGER
5,talk,46,5,15,Over
5,talk,47,5,3,REQUEST(DIVINATION Agent[08])
5,talk,48,6,3,AGREE TALK day5 ID:45
5,talk,49,6,15,Over
5,talk,50,6,11,Over
5,talk,51,6,8,Over
5,talk,52,6,12,Over
5,talk,53,6,9,Over
5,talk,54,6,13,Over
5,talk,55,6,10,Over
5,talk,56,7,9,ESTIMATE Agent[10] WEREWOLF
5,talk,57,7,12,Over
5,talk,58,7,13,Over
5,talk,59,7,3,Skip
5,talk,60,7,15,Over
5,talk,61,7,10,Over
5,talk,62,7,11,Over
5,talk,63,7,8,Over
5,talk,64,8,3,AGREE TALK day5 ID:56
5,talk,65,8,9,Over
5,talk,66,8,10,Over
5,talk,67,8,12,Over
5,talk,68,8,11,Over
5,talk,69,8,8,Over
5,talk,70,8,13,Over
5,talk,71,8,15,Over
5,talk,72,9,12,Over
5,talk,73,9,3,Skip
5,talk,74,9,10,Over
5,talk,75,9,13,Over
5,talk,76,9,11,Over
5,talk,77,9,8,Over
5,talk,78,9,15,Over
5,talk,79,9,9,Over
5,talk,80,10,10,Over
5,talk,81,10,9,Over
5,talk,82,10,3,Skip
5,talk,83,10,13,Over
5,talk,84,10,12,Over
5,talk,85,10,15,ESTIMATE Agent[13] WEREWOLF
5,talk,86,10,8,Over
5,talk,87,10,11,Over
5,talk,88,11,13,Over
5,talk,89,11,9,Over
5,talk,90,11,8,Over
5,talk,91,11,12,Over
5,talk,92,11,11,Over
5,talk,93,11,10,Over
5,talk,94,11,3,Over
5,talk,95,11,15,ESTIMATE Agent[13] WEREWOLF
5,talk,96,12,9,Over
5,talk,97,12,10,Over
5,talk,98,12,8,Over
5,talk,99,12,15,ESTIMATE Agent[08] VILLAGER
5,talk,100,12,3,Over
5,talk,101,12,12,Over
5,talk,102,12,11,Over
5,talk,103,12,13,Over
5,talk,104,13,13,Over
5,talk,105,13,12,Over
5,talk,106,13,9,Over
5,talk,107,13,10,Over
5,talk,108,13,3,Over
5,talk,109,13,8,Over
5,talk,110,13,15,Over
5,talk,111,13,11,Over
5,vote,3,15
5,vote,8,10
5,vote,9,13
5,vote,10,15
5,vote,11,13
5,vote,12,11
5,vote,13,15
5,vote,15,13
5,vote,3,9
5,vote,8,13
5,vote,9,13
5,vote,10,15
5,vote,11,13
5,vote,12,15
5,vote,13,15
5,vote,15,13
5,execute,13,BODYGUARD
5,divine,10,9,WEREWOLF
5,attackVote,9,15
5,attack,15,true
6,status,1,VILLAGER,DEAD,m_cre
6,status,2,WEREWOLF,DEAD,carlo
6,status,3,VILLAGER,ALIVE,AITKN
6,status,4,VILLAGER,DEAD,Dummy13_09
6,status,5,VILLAGER,DEAD,daisyo
6,status,6,WEREWOLF,DEAD,tori
6,status,7,POSSESSED,DEAD,Dummy13_11
6,status,8,MEDIUM,ALIVE,Dummy13_07
6,status,9,WEREWOLF,ALIVE,wasabi
6,status,10,SEER,ALIVE,TOT
6,status,11,VILLAGER,ALIVE,Dummy13_08
6,status,12,VILLAGER,ALIVE,Dummy13_10
6,status,13,BODYGUARD,DEAD,megumish
6,status,14,VILLAGER,DEAD,cash
6,status,15,VILLAGER,DEAD,JuN1Ro
6,talk,0,0,9,VOTE Agent[10]
6,talk,1,0,11,VOTE Agent[10]
6,talk,2,0,10,DIVINED Agent[09] WEREWOLF
6,talk,3,0,8,IDENTIFIED Agent[13] HUMAN
6,talk,4,0,3,Skip
6,talk,5,0,12,VOTE Agent[08]
6,talk,6,1,11,AGREE TALK day2 ID:75
6,talk,7,1,10,REQUEST(VOTE Agent[09])
6,talk,8,1,12,AGREE TALK day2 ID:75
6,talk,9,1,3,AGREE TALK day6 ID:5
6,talk,10,1,8,AGREE TALK day2 ID:75
6,talk,11,1,9,Skip
6,talk,12,2,8,AGREE TALK day2 ID:87
6,talk,13,2,11,AGREE TALK day2 ID:87
6,talk,14,2,10,VOTE Agent[09]
6,talk,15,2,3,ESTIMATE Agent[10] WEREWOLF
6,talk,16,2,12,AGREE TALK day2 ID:87
6,talk,17,2,9,ESTIMATE Agent[10] WEREWOLF
6,talk,18,3,12,AGREE TALK day2 ID:131
6,talk,19,3,11,AGREE TALK day2 ID:131
6,talk,20,3,3,AGREE TALK day6 ID:17
6,talk,21,3,10,REQUEST(VOTE Agent[09])
6,talk,22,3,9,Skip
6,talk,23,3,8,AGREE TALK day2 ID:131
6,talk,24,4,8,ESTIMATE Agent[09] WEREWOLF
6,talk,25,4,12,ESTIMATE Agent[09] WEREWOLF
6,talk,26,4,11,ESTIMATE Agent[09] WEREWOLF
6,talk,27,4,9,Skip
6,talk,28,4,3,VOTE Agent[02]
6,talk,29,4,10,Skip
6,talk,30,5,3,REQUEST(DIVINATION Agent[08])
6,talk,31,5,9,Over
6,talk,32,5,8,REQUEST(Agent[10] DIVINATION Agent[09])
6,talk,33,5,10,Skip
6,talk,34,5,12,REQUEST(Agent[10] DIVINATION Agent[09])
6,talk,35,5,11,REQUEST(Agent[10] DIVINATION Agent[09])
6,talk,36,6,8,VOTE Agent[09]
6,talk,37,6,9,Over
6,talk,38,6,11,VOTE Agent[09]
6,talk,39,6,12,VOTE Agent[09]
6,talk,40,6,3,DISAGREE TALK day6 ID:24
6,talk,41,6,10,Over
6,talk,42,7,9,Over
6,talk,43,7,8,Skip
6,talk,44,7,3,DISAGREE TALK day6 ID:25
6,talk,45,7,12,Skip
6,talk,46,7,10,Over
6,talk,47,7,11,Skip
6,talk,48,8,8,Skip
6,talk,49,8,9,Over
6,talk,50,8,3,DISAGREE TALK day6 ID:26
6,talk,51,8,11,Skip
6,talk,52,8,12,Skip
6,talk,53,8,10,Over
6,talk,54,9,9,Over
6,talk,55,9,3,Skip
6,talk,56,9,12,Over
6,talk,57,9,11,Over
6,talk,58,9,10,Over
6,talk,59,9,8,Over
6,talk,60,10,9,ESTIMATE Agent[03] VILLAGER
6,talk,61,10,11,Over
6,talk,62,10,3,Skip
6,talk,63,10,8,Over
6,talk,64,10,10,Over
6,talk,65,10,12,Over
6,talk,66,11,3,AGREE TALK day6 ID:60
6,talk,67,11,10,Over
6,talk,68,11,12,Over
6,talk,69,11,8,Over
6,talk,70,11,11,Over
6,talk,71,11,9,Over
6,talk,72,12,10,Over
6,talk,73,12,9,Over
6,talk,74,12,11,Over
6,talk,75,12,3,Skip
6,talk,76,12,12,Over
6,talk,77,12,8,Over
6,talk,78,13,12,Over
6,talk,79,13,11,Over
6,talk,80,13,3,Skip
6,talk,81,13,10,Over
6,talk,82,13,8,Over
6,talk,83,13,9,ESTIMATE Agent[12] VILLAGER
6,talk,84,14,10,Over
6,talk,85,14,8,Over
6,talk,86,14,9,ESTIMATE Agent[10] WEREWOLF
6,talk,87,14,3,AGREE TALK day6 ID:83
6,talk,88,14,11,Over
6,talk,89,14,12,Over
6,talk,90,15,8,Over
6,talk,91,15,3,Over
6,talk,92,15,9,Over
6,talk,93,15,12,Over
6,talk,94,15,10,Over
6,talk,95,15,11,Over
6,vote,3,9
6,vote,8,9
6,vote,9,10
6,vote,10,9
6,vote,11,9
6,vote,12,9
6,execute,9,WEREWOLF
6,divine,10,3,HUMAN
7,status,1,VILLAGER,DEAD,m_cre
7,status,2,WEREWOLF,DEAD,carlo
7,status,3,VILLAGER,ALIVE,AITKN
7,status,4,VILLAGER,DEAD,Dummy13_09
7,status,5,VILLAGER,DEAD,daisyo
7,status,6,WEREWOLF,DEAD,tori
7,status,7,POSSESSED,DEAD,Dummy13_11
7,status,8,MEDIUM,ALIVE,Dummy13_07
7,status,9,WEREWOLF,DEAD,wasabi
7,status,10,SEER,ALIVE,TOT
7,status,11,VILLAGER,ALIVE,Dummy13_08
7,status,12,VILLAGER,ALIVE,Dummy13_10
7,status,13,BODYGUARD,DEAD,megumish
7,status,14,VILLAGER,DEAD,cash
7,status,15,VILLAGER,DEAD,JuN1Ro
7,result,5,0,VILLAGER
