0,status,1,WEREWOLF,ALIVE,m_cre
0,status,2,VILLAGER,ALIVE,carlo
0,status,3,POSSESSED,ALIVE,AITKN
0,status,4,VILLAGER,ALIVE,Dummy13_09
0,status,5,WEREWOLF,ALIVE,daisyo
0,status,6,WEREWOLF,ALIVE,tori
0,status,7,SEER,ALIVE,Dummy13_11
0,status,8,VILLAGER,ALIVE,Dummy13_07
0,status,9,VILLAGER,ALIVE,wasabi
0,status,10,MEDIUM,ALIVE,TOT
0,status,11,VILLAGER,ALIVE,Dummy13_08
0,status,12,VILLAGER,ALIVE,Dummy13_10
0,status,13,BODYGUARD,ALIVE,megumish
0,status,14,VILLAGER,ALIVE,cash
0,status,15,VILLAGER,ALIVE,JuN1Ro
0,whisper,0,0,6,COMINGOUT Agent[06] VILLAGER
0,whisper,1,0,1,COMINGOUT Agent[01] VILLAGER
0,whisper,2,0,5,Skip
0,whisper,3,1,1,Over
0,whisper,4,1,6,Skip
0,whisper,5,1,5,Skip
0,whisper,6,2,6,Skip
0,whisper,7,2,1,Over
0,whisper,8,2,5,Over
0,whisper,9,3,6,Over
0,whisper,10,3,1,Over
0,whisper,11,3,5,Over
0,divine,7,9,HUMAN
1,status,1,WEREWOLF,ALIVE,m_cre
1,status,2,VILLAGER,ALIVE,carlo
1,status,3,POSSESSED,ALIVE,AITKN
1,status,4,VILLAGER,ALIVE,Dummy13_09
1,status,5,WEREWOLF,ALIVE,daisyo
1,status,6,WEREWOLF,ALIVE,tori
1,status,7,SEER,ALIVE,Dummy13_11
1,status,8,VILLAGER,ALIVE,Dummy13_07
1,status,9,VILLAGER,ALIVE,wasabi
1,status,10,MEDIUM,ALIVE,TOT
1,status,11,VILLAGER,ALIVE,Dummy13_08
1,status,12,VILLAGER,ALIVE,Dummy13_10
1,status,13,BODYGUARD,ALIVE,megumish
1,status,14,VILLAGER,ALIVE,cash
1,status,15,VILLAGER,ALIVE,JuN1Ro
1,talk,0,0,9,VOTE Agent[11]
1,talk,1,0,12,VOTE Agent[01]
1,talk,2,0,8,VOTE Agent[01]
1,talk,3,0,3,REQUEST(COMINGOUT Agent[03] SEER)
1,talk,4,0,7,VOTE Agent[06]
1,talk,5,0,15,VOTE Agent[13]
1,talk,6,0,10,VOTE Agent[03]
1,talk,7,0,2,VOTE Agent[01]
1,talk,8,0,6,VOTE Agent[09]
1,talk,9,0,4,VOTE Agent[05]
1,talk,10,0,13,VOTE Agent[05]
1,talk,11,0,11,VOTE Agent[03]
1,talk,12,0,1,VOTE Agent[08]
1,talk,13,0,14,DIVINED Agent[07] HUMAN
1,talk,14,0,5,REQUEST(COMINGOUT Agent[05] WEREWOLF)
1,talk,15,1,6,REQUEST(VOTE Agent[09])
1,talk,16,1,9,Skip
1,talk,17,1,2,Skip
1,talk,18,1,8,ESTIMATE Agent[14] SEER
1,talk,19,1,1,Skip
1,talk,20,1,13,Skip
1,talk,21,1,7,Skip
1,talk,22,1,5,VOTE Agent[01]
1,talk,23,1,14,Over
1,talk,24,1,15,VOTE Agent[05]
1,talk,25,1,3,REQUEST(COMINGOUT Agent[03] MEDIUM)
1,talk,26,1,11,ESTIMATE Agent[14] SEER
1,talk,27,1,10,REQUEST(VOTE Agent[03])
1,talk,28,1,4,ESTIMATE Agent[14] SEER
1,talk,29,1,12,ESTIMATE Agent[14] SEER
1,talk,30,2,3,COMINGOUT Agent[03] SEER
1,talk,31,2,10,Skip
1,talk,32,2,8,Skip
1,talk,33,2,4,Skip
1,talk,34,2,9,VOTE Agent[12]
1,talk,35,2,15,VOTE Agent[02]
1,talk,36,2,6,Skip
1,talk,37,2,7,Skip
1,talk,38,2,11,Skip
1,talk,39,2,12,Skip
1,talk,40,2,1,Skip
1,talk,41,2,14,Over
1,talk,42,2,2,Skip
1,talk,43,2,13,Skip
1,talk,44,2,5,AGREE TALK day1 ID:28
1,talk,45,3,15,VOTE Agent[03]
1,talk,46,3,10,Skip
1,talk,47,3,14,Over
1,talk,48,3,4,Skip
1,talk,49,3,8,Skip
1,talk,50,3,6,Skip
1,talk,51,3,1,Over
1,talk,52,3,9,VOTE Agent[05]
1,talk,53,3,3,DIVINED Agent[07] HUMAN
1,talk,54,3,2,Over
1,talk,55,3,5,AGREE TALK day1 ID:17
1,talk,56,3,12,Skip
1,talk,57,3,7,COMINGOUT Agent[07] SEER
1,talk,58,3,11,Skip
1,talk,59,3,13,Over
1,talk,60,4,8,Over
1,talk,61,4,3,AGREE TALK day1 ID:1
1,talk,62,4,14,Over
1,talk,63,4,13,Over
1,talk,64,4,10,Over
1,talk,65,4,7,DIVINED Agent[09] HUMAN
1,talk,66,4,12,Over
1,talk,67,4,11,Over
1,talk,68,4,5,AGREE TALK day1 ID:21
1,talk,69,4,9,VOTE Agent[15]
1,talk,70,4,2,Over
1,talk,71,4,6,Over
1,talk,72,4,1,VOTE Agent[03]
1,talk,73,4,4,Over
1,talk,74,4,15,ESTIMATE Agent[03] WEREWOLF
1,talk,75,5,11,Over
1,talk,76,5,12,Over
1,talk,77,5,1,Skip
1,talk,78,5,6,Over
1,talk,79,5,14,Over
1,talk,80,5,3,AGREE TALK day1 ID:2
1,talk,81,5,13,Over
1,talk,82,5,4,Over
1,talk,83,5,15,ESTIMATE Agent[03] WEREWOLF
1,talk,84,5,8,Over
1,talk,85,5,2,Over
1,talk,86,5,5,AGREE TALK day1 ID:42
1,talk,87,5,9,Skip
1,talk,88,5,7,ESTIMATE Agent[03] WEREWOLF
1,talk,89,5,10,Over
1,talk,90,6,14,Over
1,talk,91,6,4,Over
1,talk,92,6,12,Over
1,talk,93,6,5,AGREE TALK day1 ID:36
1,talk,94,6,15,Over
1,talk,95,6,7,VOTE Agent[03]
1,talk,96,6,2,Over
1,talk,97,6,6,Over
1,talk,98,6,1,Skip
1,talk,99,6,9,Skip
1,talk,100,6,13,Over
1,talk,101,6,11,Over
1,talk,102,6,10,Over
1,talk,103,6,3,VOTE Agent[15]
1,talk,104,6,8,Over
1,talk,105,7,5,AGREE TALK day1 ID:31
1,talk,106,7,13,Over
1,talk,107,7,1,Over
1,talk,108,7,2,Over
1,talk,109,7,6,Over
1,talk,110,7,3,REQUEST(VOTE Agent[15])
1,talk,111,7,15,Over
1,talk,112,7,11,Over
1,talk,113,7,9,ESTIMATE Agent[07] SEER
1,talk,114,7,10,Over
1,talk,115,7,8,Over
1,talk,116,7,7,Skip
1,talk,117,7,12,Over
1,talk,118,7,4,Over
1,talk,119,7,14,Over
1,talk,120,8,4,Over
1,talk,121,8,7,Skip
1,talk,122,8,14,Over
1,talk,123,8,3,AGREE TALK day1 ID:7
1,talk,124,8,6,Over
1,talk,125,8,9,ESTIMATE Agent[06] VILLAGER
1,talk,126,8,11,Over
1,talk,127,8,10,Over
1,talk,128,8,8,Over
1,talk,129,8,15,Over
1,talk,130,8,13,Over
1,talk,131,8,1,Over
1,talk,132,8,2,Over
1,talk,133,8,5,AGREE TALK day1 ID:50
1,talk,134,8,12,Over
1,talk,135,9,15,ESTIMATE Agent[14] VILLAGER
1,talk,136,9,8,Over
1,talk,137,9,2,Over
1,talk,138,9,12,Over
1,talk,139,9,13,Over
1,talk,140,9,1,Over
1,talk,141,9,6,Over
1,talk,142,9,3,DISAGREE TALK day1 ID:74
1,talk,143,9,5,AGREE TALK day1 ID:26
1,talk,144,9,4,Over
1,talk,145,9,14,Over
1,talk,146,9,9,ESTIMATE Agent[04] VILLAGER
1,talk,147,9,10,Over
1,talk,148,9,7,Over
1,talk,149,9,11,Over
1,talk,150,10,2,Over
1,talk,151,10,8,Over
1,talk,152,10,14,Over
1,talk,153,10,11,Over
1,talk,154,10,5,Over
1,talk,155,10,6,Over
1,talk,156,10,3,Over
1,talk,157,10,4,Over
1,talk,158,10,12,Over
1,talk,159,10,7,Over
1,talk,160,10,13,Over
1,talk,161,10,15,Over
1,talk,162,10,1,Over
1,talk,163,10,10,Over
1,talk,164,10,9,ESTIMATE Agent[12] VILLAGER
1,talk,165,11,11,Over
1,talk,166,11,5,Over
1,talk,167,11,1,Over
1,talk,168,11,12,Over
1,talk,169,11,2,Over
1,talk,170,11,15,Over
1,talk,171,11,14,Over
1,talk,172,11,9,ESTIMATE Agent[03] WEREWOLF
1,talk,173,11,4,Over
1,talk,174,11,6,Over
1,talk,175,11,8,Over
1,talk,176,11,7,Over
1,talk,177,11,10,Over
1,talk,178,11,3,Over
1,talk,179,11,13,Over
1,talk,180,12,11,Over
1,talk,181,12,13,Over
1,talk,182,12,6,Over
1,talk,183,12,9,Over
1,talk,184,12,3,Over
1,talk,185,12,4,Over
1,talk,186,12,12,Over
1,talk,187,12,5,Over
1,talk,188,12,8,Over
1,talk,189,12,2,Over
1,talk,190,12,7,Over
1,talk,191,12,15,Over
1,talk,192,12,14,Over
1,talk,193,12,1,Over
1,talk,194,12,10,Over
1,vote,1,3
1,vote,2,1
1,vote,3,15
1,vote,4,5
1,vote,5,1
1,vote,6,9
1,vote,7,3
1,vote,8,1
1,vote,9,15
1,vote,10,3
1,vote,11,3
1,vote,12,1
1,vote,13,5
1,vote,14,2
1,vote,15,3
1,execute,3,POSSESSED
1,divine,7,3,HUMAN
1,whisper,0,0,6,ATTACK Agent[07]
1,whisper,1,0,5,Skip
1,whisper,2,0,1,ATTACK Agent[07]
1,whisper,3,1,5,ATTACK Agent[07]
1,whisper,4,1,1,Skip
1,whisper,5,1,6,REQUEST(ATTACK Agent[07])
1,whisper,6,2,5,ATTACK Agent[07]
1,whisper,7,2,6,Skip
1,whisper,8,2,1,Skip
1,whisper,9,3,1,Over
1,whisper,10,3,5,ATTACK Agent[07]
1,whisper,11,3,6,Skip
1,whisper,12,4,5,ATTACK Agent[07]
1,whisper,13,4,6,Over
1,whisper,14,4,1,Over
1,whisper,15,5,6,Over
1,whisper,16,5,5,ATTACK Agent[07]
1,whisper,17,5,1,Over
1,whisper,18,6,1,Over
1,whisper,19,6,6,Over
1,whisper,20,6,5,ATTACK Agent[07]
1,whisper,21,7,5,ATTACK Agent[07]
1,whisper,22,7,1,Over
1,whisper,23,7,6,Over
1,whisper,24,8,6,Over
1,whisper,25,8,1,Over
1,whisper,26,8,5,ATTACK Agent[07]
1,whisper,27,9,5,ATTACK Agent[07]
1,whisper,28,9,6,Over
1,whisper,29,9,1,Over
1,guard,13,7,SEER
1,attackVote,1,7
1,attackVote,5,7
1,attackVote,6,7
1,attack,7,false
2,status,1,WEREWOLF,ALIVE,m_cre
2,status,2,VILLAGER,ALIVE,carlo
2,status,3,POSSESSED,DEAD,AITKN
2,status,4,VILLAGER,ALIVE,Dummy13_09
2,status,5,WEREWOLF,ALIVE,daisyo
2,status,6,WEREWOLF,ALIVE,tori
2,status,7,SEER,ALIVE,Dummy13_11
2,status,8,VILLAGER,ALIVE,Dummy13_07
2,status,9,VILLAGER,ALIVE,wasabi
2,status,10,MEDIUM,ALIVE,TOT
2,status,11,VILLAGER,ALIVE,Dummy13_08
2,status,12,VILLAGER,ALIVE,Dummy13_10
2,status,13,BODYGUARD,ALIVE,megumish
2,status,14,VILLAGER,ALIVE,cash
2,status,15,VILLAGER,ALIVE,JuN1Ro
2,talk,0,0,4,VOTE Agent[13]
2,talk,1,0,5,Skip
2,talk,2,0,6,VOTE Agent[04]
2,talk,3,0,13,VOTE Agent[08]
2,talk,4,0,1,VOTE Agent[08]
2,talk,5,0,14,DIVINED Agent[09] HUMAN
2,talk,6,0,15,VOTE Agent[12]
2,talk,7,0,7,DIVINED Agent[03] HUMAN
2,talk,8,0,2,VOTE Agent[01]
2,talk,9,0,8,VOTE Agent[14]
2,talk,10,0,10,VOTE Agent[07]
2,talk,11,0,12,VOTE Agent[15]
2,talk,12,0,9,VOTE Agent[05]
2,talk,13,0,11,VOTE Agent[01]
2,talk,14,1,12,Skip
2,talk,15,1,8,Skip
2,talk,16,1,2,Skip
2,talk,17,1,1,Skip
2,talk,18,1,7,VOTE Agent[01]
2,talk,19,1,10,REQUEST(VOTE Agent[07])
2,talk,20,1,5,VOTE Agent[01]
2,talk,21,1,13,Skip
2,talk,22,1,15,ESTIMATE Agent[12] WEREWOLF
2,talk,23,1,14,Over
2,talk,24,1,11,Skip
2,talk,25,1,6,REQUEST(VOTE Agent[04])
2,talk,26,1,9,ESTIMATE Agent[15] VILLAGER
2,talk,27,1,4,Skip
2,talk,28,2,15,Over
2,talk,29,2,13,Skip
2,talk,30,2,7,Skip
2,talk,31,2,9,Skip
2,talk,32,2,6,Skip
2,talk,33,2,14,Over
2,talk,34,2,12,Skip
2,talk,35,2,8,Skip
2,talk,36,2,5,AGREE TALK day2 ID:24
2,talk,37,2,2,Skip
2,talk,38,2,4,Skip
2,talk,39,2,1,Skip
2,talk,40,2,10,Skip
2,talk,41,2,11,Skip
2,talk,42,3,10,Skip
2,talk,43,3,13,Over
2,talk,44,3,2,Over
2,talk,45,3,14,Over
2,talk,46,3,7,Skip
2,talk,47,3,8,Over
2,talk,48,3,15,VOTE Agent[05]
2,talk,49,3,1,Over
2,talk,50,3,6,Skip
2,talk,51,3,12,Over
2,talk,52,3,11,Over
2,talk,53,3,5,AGREE TALK day2 ID:15
2,talk,54,3,9,VOTE Agent[11]
2,talk,55,3,4,Over
2,talk,56,4,12,Over
2,talk,57,4,10,Over
2,talk,58,4,15,VOTE Agent[12]
2,talk,59,4,1,Over
2,talk,60,4,9,VOTE Agent[01]
2,talk,61,4,7,Over
2,talk,62,4,8,Over
2,talk,63,4,11,Over
2,talk,64,4,14,Over
2,talk,65,4,5,AGREE TALK day2 ID:5
2,talk,66,4,2,Over
2,talk,67,4,13,Over
2,talk,68,4,6,Over
2,talk,69,4,4,Over
2,talk,70,5,2,Over
2,talk,71,5,14,Over
2,talk,72,5,7,Over
2,talk,73,5,5,AGREE TALK day2 ID:41
2,talk,74,5,6,Over
2,talk,75,5,13,Over
2,talk,76,5,4,Over
2,talk,77,5,9,VOTE Agent[04]
2,talk,78,5,1,Over
2,talk,79,5,10,Over
2,talk,80,5,12,Over
2,talk,81,5,11,Over
2,talk,82,5,15,VOTE Agent[05]
2,talk,83,5,8,Over
2,talk,84,6,12,Over
2,talk,85,6,5,AGREE TALK day2 ID:30
2,talk,86,6,14,Over
2,talk,87,6,1,Over
2,talk,88,6,13,Over
2,talk,89,6,10,Over
2,talk,90,6,8,Over
2,talk,91,6,6,Over
2,talk,92,6,2,Over
2,talk,93,6,7,Over
2,talk,94,6,11,Over
2,talk,95,6,9,ESTIMATE Agent[13] VILLAGER
2,talk,96,6,4,Over
2,talk,97,6,15,VOTE Agent[12]
2,talk,98,7,1,Over
2,talk,99,7,9,VOTE Agent[12]
2,talk,100,7,6,Over
2,talk,101,7,7,Over
2,talk,102,7,5,AGREE TALK day2 ID:95
2,talk,103,7,12,Over
2,talk,104,7,14,Over
2,talk,105,7,11,Over
2,talk,106,7,8,Over
2,talk,107,7,4,Over
2,talk,108,7,2,Over
2,talk,109,7,13,Over
2,talk,110,7,10,Over
2,talk,111,7,15,ESTIMATE Agent[09] VILLAGER
2,talk,112,8,1,Over
2,talk,113,8,7,Over
2,talk,114,8,11,Over
2,talk,115,8,5,AGREE TALK day2 ID:16
2,talk,116,8,9,ESTIMATE Agent[02] WEREWOLF
2,talk,117,8,2,Over
2,talk,118,8,6,Over
2,talk,119,8,8,Over
2,talk,120,8,12,Over
2,talk,121,8,14,Over
2,talk,122,8,4,Over
2,talk,123,8,15,VOTE Agent[05]
2,talk,124,8,13,Over
2,talk,125,8,10,Over
2,talk,126,9,11,Over
2,talk,127,9,14,Over
2,talk,128,9,4,Over
2,talk,129,9,13,Over
2,talk,130,9,15,Over
2,talk,131,9,1,Over
2,talk,132,9,12,Over
2,talk,133,9,5,AGREE TALK day2 ID:46
2,talk,134,9,10,Over
2,talk,135,9,2,Over
2,talk,136,9,9,ESTIMATE Agent[11] WEREWOLF
2,talk,137,9,7,Over
2,talk,138,9,8,Over
2,talk,139,9,6,Over
2,talk,140,10,9,VOTE Agent[10]
2,talk,141,10,12,Over
2,talk,142,10,11,Over
2,talk,143,10,4,Over
2,talk,144,10,10,Over
2,talk,145,10,8,Over
2,talk,146,10,13,Over
2,talk,147,10,5,AGREE TALK day2 ID:40
2,talk,148,10,15,ESTIMATE Agent[09] VILLAGER
2,talk,149,10,7,Over
2,talk,150,10,1,Over
2,talk,151,10,2,Over
2,talk,152,10,14,Over
2,talk,153,10,6,Over
2,talk,154,11,6,Over
2,talk,155,11,11,Over
2,talk,156,11,5,Over
2,talk,157,11,7,Over
2,talk,158,11,8,Over
2,talk,159,11,1,Over
2,talk,160,11,13,Over
2,talk,161,11,10,Over
2,talk,162,11,14,Over
2,talk,163,11,9,Over
2,talk,164,11,15,VOTE Agent[12]
2,talk,165,11,12,Over
2,talk,166,11,2,Over
2,talk,167,11,4,Over
2,talk,168,12,2,Over
2,talk,169,12,4,Over
2,talk,170,12,15,Over
2,talk,171,12,9,Over
2,talk,172,12,5,Over
2,talk,173,12,8,Over
2,talk,174,12,14,Over
2,talk,175,12,1,Over
2,talk,176,12,10,Over
2,talk,177,12,12,Over
2,talk,178,12,11,Over
2,talk,179,12,6,Over
2,talk,180,12,13,Over
2,talk,181,12,7,Over
2,vote,1,8
2,vote,2,1
2,vote,4,13
2,vote,5,1
2,vote,6,4
2,vote,7,1
2,vote,8,14
2,vote,9,10
2,vote,10,7
2,vote,11,1
2,vote,12,15
2,vote,13,8
2,vote,14,1
2,vote,15,12
2,execute,1,WEREWOLF
2,divine,7,11,HUMAN
2,whisper,0,0,1,ATTACK Agent[07]
2,whisper,1,0,6,ATTACK Agent[07]
2,whisper,2,0,5,Skip
2,whisper,3,1,1,Skip
2,whisper,4,1,5,ATTACK Agent[07]
2,whisper,5,1,6,REQUEST(ATTACK Agent[07])
2,whisper,6,2,1,Skip
2,whisper,7,2,5,ATTACK Agent[07]
2,whisper,8,2,6,Skip
2,whisper,9,3,6,Skip
2,whisper,10,3,1,Over
2,whisper,11,3,5,ATTACK Agent[07]
2,whisper,12,4,5,ATTACK Agent[07]
2,whisper,13,4,1,Over
2,whisper,14,4,6,Over
2,whisper,15,5,6,Over
2,whisper,16,5,5,ATTACK Agent[07]
2,whisper,17,5,1,Over
2,whisper,18,6,1,Over
2,whisper,19,6,5,ATTACK Agent[07]
2,whisper,20,6,6,Over
2,whisper,21,7,1,Over
2,whisper,22,7,6,Over
2,whisper,23,7,5,ATTACK Agent[07]
2,whisper,24,8,5,ATTACK Agent[07]
2,whisper,25,8,6,Over
2,whisper,26,8,1,Over
2,whisper,27,9,5,ATTACK Agent[07]
2,whisper,28,9,1,Over
2,whisper,29,9,6,Over
2,guard,13,7,SEER
2,attackVote,1,7
2,attackVote,5,7
2,attackVote,6,7
2,attack,7,false
3,status,1,WEREWOLF,DEAD,m_cre
3,status,2,VILLAGER,ALIVE,carlo
3,status,3,POSSESSED,DEAD,AITKN
3,status,4,VILLAGER,ALIVE,Dummy13_09
3,status,5,WEREWOLF,ALIVE,daisyo
3,status,6,WEREWOLF,ALIVE,tori
3,status,7,SEER,ALIVE,Dummy13_11
3,status,8,VILLAGER,ALIVE,Dummy13_07
3,status,9,VILLAGER,ALIVE,wasabi
3,status,10,MEDIUM,ALIVE,TOT
3,status,11,VILLAGER,ALIVE,Dummy13_08
3,status,12,VILLAGER,ALIVE,Dummy13_10
3,status,13,BODYGUARD,ALIVE,megumish
3,status,14,VILLAGER,ALIVE,cash
3,status,15,VILLAGER,ALIVE,JuN1Ro
3,talk,0,0,10,COMINGOUT Agent[10] MEDIUM
3,talk,1,0,7,DIVINED Agent[11] HUMAN
3,talk,2,0,5,Skip
3,talk,3,0,11,VOTE Agent[14]
3,talk,4,0,4,VOTE Agent[10]
3,talk,5,0,14,DIVINED Agent[08] HUMAN
3,talk,6,0,15,VOTE Agent[05]
3,talk,7,0,13,VOTE Agent[05]
3,talk,8,0,2,VOTE Agent[04]
3,talk,9,0,9,Skip
3,talk,10,0,6,VOTE Agent[13]
3,talk,11,0,8,VOTE Agent[10]
3,talk,12,0,12,VOTE Agent[08]
3,talk,13,1,15,Over
3,talk,14,1,14,Over
3,talk,15,1,4,Skip
3,talk,16,1,2,Skip
3,talk,17,1,11,Skip
3,talk,18,1,13,Skip
3,talk,19,1,9,VOTE Agent[15]
3,talk,20,1,12,Skip
3,talk,21,1,7,VOTE Agent[14]
3,talk,22,1,6,REQUEST(VOTE Agent[13])
3,talk,23,1,10,IDENTIFIED Agent[03] HUMAN
3,talk,24,1,8,Skip
3,talk,25,1,5,VOTE Agent[10]
3,talk,26,2,14,Over
3,talk,27,2,9,ESTIMATE Agent[02] WEREWOLF
3,talk,28,2,11,Skip
3,talk,29,2,15,Over
3,talk,30,2,13,Skip
3,talk,31,2,10,IDENTIFIED Agent[01] WEREWOLF
3,talk,32,2,6,Skip
3,talk,33,2,4,Skip
3,talk,34,2,12,Skip
3,talk,35,2,7,Skip
3,talk,36,2,8,Skip
3,talk,37,2,2,VOTE Agent[11]
3,talk,38,2,5,AGREE TALK day3 ID:16
3,talk,39,3,2,VOTE Agent[15]
3,talk,40,3,14,Over
3,talk,41,3,4,Over
3,talk,42,3,9,VOTE Agent[14]
3,talk,43,3,12,Over
3,talk,44,3,5,AGREE TALK day3 ID:20
3,talk,45,3,13,Over
3,talk,46,3,10,VOTE Agent[13]
3,talk,47,3,8,Over
3,talk,48,3,7,Skip
3,talk,49,3,11,Over
3,talk,50,3,6,Skip
3,talk,51,3,15,Over
3,talk,52,4,14,Over
3,talk,53,4,13,Over
3,talk,54,4,11,Over
3,talk,55,4,2,Skip
3,talk,56,4,10,REQUEST(VOTE Agent[13])
3,talk,57,4,4,Over
3,talk,58,4,12,Over
3,talk,59,4,6,Over
3,talk,60,4,9,ESTIMATE Agent[04] WEREWOLF
3,talk,61,4,5,AGREE TALK day3 ID:9
3,talk,62,4,8,Over
3,talk,63,4,7,Over
3,talk,64,4,15,Over
3,talk,65,5,4,Over
3,talk,66,5,12,Over
3,talk,67,5,10,Skip
3,talk,68,5,15,Over
3,talk,69,5,14,Over
3,talk,70,5,11,Over
3,talk,71,5,8,Over
3,talk,72,5,9,ESTIMATE Agent[06] VILLAGER
3,talk,73,5,6,Over
3,talk,74,5,13,Over
3,talk,75,5,7,Over
3,talk,76,5,5,AGREE TALK day3 ID:36
3,talk,77,5,2,Skip
3,talk,78,6,2,Over
3,talk,79,6,15,ESTIMATE Agent[11] VILLAGER
3,talk,80,6,12,Over
3,talk,81,6,10,Skip
3,talk,82,6,5,AGREE TALK day3 ID:34
3,talk,83,6,14,Over
3,talk,84,6,6,Over
3,talk,85,6,9,ESTIMATE Agent[13] WEREWOLF
3,talk,86,6,4,Over
3,talk,87,6,11,Over
3,talk,88,6,7,Over
3,talk,89,6,8,Over
3,talk,90,6,13,Over
3,talk,91,7,14,Over
3,talk,92,7,13,Over
3,talk,93,7,11,Over
3,talk,94,7,15,ESTIMATE Agent[05] WEREWOLF
3,talk,95,7,10,Over
3,talk,96,7,6,Over
3,talk,97,7,7,Over
3,talk,98,7,2,Over
3,talk,99,7,5,AGREE TALK day3 ID:48
3,talk,100,7,12,Over
3,talk,101,7,9,VOTE Agent[12]
3,talk,102,7,4,Over
3,talk,103,7,8,Over
3,talk,104,8,15,Over
3,talk,105,8,10,Over
3,talk,106,8,6,Over
3,talk,107,8,5,AGREE TALK day3 ID:33
3,talk,108,8,8,Over
3,talk,109,8,13,Over
3,talk,110,8,7,Over
3,talk,111,8,4,Over
3,talk,112,8,11,Over
3,talk,113,8,9,ESTIMATE Agent[05] WEREWOLF
3,talk,114,8,12,Over
3,talk,115,8,14,Over
3,talk,116,8,2,Over
3,talk,117,9,13,Over
3,talk,118,9,8,Over
3,talk,119,9,7,Over
3,talk,120,9,6,Over
3,talk,121,9,12,Over
3,talk,122,9,4,Over
3,talk,123,9,14,Over
3,talk,124,9,10,Over
3,talk,125,9,5,AGREE TALK day3 ID:79
3,talk,126,9,15,Over
3,talk,127,9,9,ESTIMATE Agent[07] WEREWOLF
3,talk,128,9,11,Over
3,talk,129,9,2,Over
3,talk,130,10,12,Over
3,talk,131,10,5,AGREE TALK day3 ID:30
3,talk,132,10,10,Over
3,talk,133,10,6,Over
3,talk,134,10,7,Over
3,talk,135,10,13,Over
3,talk,136,10,9,VOTE Agent[05]
3,talk,137,10,15,ESTIMATE Agent[05] WEREWOLF
3,talk,138,10,14,Over
3,talk,139,10,11,Over
3,talk,140,10,4,Over
3,talk,141,10,2,Over
3,talk,142,10,8,Over
3,talk,143,11,9,Over
3,talk,144,11,10,Over
3,talk,145,11,5,Over
3,talk,146,11,11,Over
3,talk,147,11,6,Over
3,talk,148,11,4,Over
3,talk,149,11,13,Over
3,talk,150,11,14,Over
3,talk,151,11,7,Over
3,talk,152,11,2,Over
3,talk,153,11,15,Over
3,talk,154,11,12,Over
3,talk,155,11,8,Over
3,vote,2,15
3,vote,4,10
3,vote,5,10
3,vote,6,13
3,vote,7,14
3,vote,8,10
3,vote,9,5
3,vote,10,13
3,vote,11,14
3,vote,12,8
3,vote,13,5
3,vote,14,6
3,vote,15,5
3,vote,2,15
3,vote,4,10
3,vote,5,10
3,vote,6,10
3,vote,7,10
3,vote,8,10
3,vote,9,5
3,vote,10,13
3,vote,11,5
3,vote,12,5
3,vote,13,5
3,vote,14,13
3,vote,15,5
3,execute,5,WEREWOLF
3,divine,7,12,HUMAN
3,whisper,0,0,5,Skip
3,whisper,1,0,6,ATTACK Agent[10]
3,whisper,2,1,6,REQUEST(ATTACK Agent[10])
3,whisper,3,1,5,ATTACK Agent[10]
3,whisper,4,2,6,Skip
3,whisper,5,2,5,ATTACK Agent[10]
3,whisper,6,3,5,ATTACK Agent[10]
3,whisper,7,3,6,Skip
3,whisper,8,4,5,ATTACK Agent[10]
3,whisper,9,4,6,Over
3,whisper,10,5,5,ATTACK Agent[10]
3,whisper,11,5,6,Over
3,whisper,12,6,6,Over
3,whisper,13,6,5,ATTACK Agent[10]
3,whisper,14,7,5,ATTACK Agent[10]
3,whisper,15,7,6,Over
3,whisper,16,8,5,ATTACK Agent[10]
3,whisper,17,8,6,Over
3,whisper,18,9,6,Over
3,whisper,19,9,5,ATTACK Agent[10]
3,guard,13,7,SEER
3,attackVote,5,10
3,attackVote,6,10
3,attack,10,true
4,status,1,WEREWOLF,DEAD,m_cre
4,status,2,VILLAGER,ALIVE,carlo
4,status,3,POSSESSED,DEAD,AITKN
4,status,4,VILLAGER,ALIVE,Dummy13_09
4,status,5,WEREWOLF,DEAD,daisyo
4,status,6,WEREWOLF,ALIVE,tori
4,status,7,SEER,ALIVE,Dummy13_11
4,status,8,VILLAGER,ALIVE,Dummy13_07
4,status,9,VILLAGER,ALIVE,wasabi
4,status,10,MEDIUM,DEAD,TOT
4,status,11,VILLAGER,ALIVE,Dummy13_08
4,status,12,VILLAGER,ALIVE,Dummy13_10
4,status,13,BODYGUARD,ALIVE,megumish
4,status,14,VILLAGER,ALIVE,cash
4,status,15,VILLAGER,ALIVE,JuN1Ro
4,talk,0,0,13,VOTE Agent[14]
4,talk,1,0,9,VOTE Agent[13]
4,talk,2,0,4,VOTE Agent[02]
4,talk,3,0,12,VOTE Agent[11]
4,talk,4,0,8,VOTE Agent[06]
4,talk,5,0,15,VOTE Agent[04]
4,talk,6,0,14,DIVINED Agent[02] HUMAN
4,talk,7,0,7,DIVINED Agent[12] HUMAN
4,talk,8,0,11,VOTE Agent[06]
4,talk,9,0,6,VOTE Agent[11]
4,talk,10,0,2,VOTE Agent[15]
4,talk,11,1,9,Skip
4,talk,12,1,11,Skip
4,talk,13,1,12,Skip
4,talk,14,1,8,Skip
4,talk,15,1,4,Skip
4,talk,16,1,7,VOTE Agent[13]
4,talk,17,1,6,REQUEST(VOTE Agent[11])
4,talk,18,1,13,Skip
4,talk,19,1,2,Skip
4,talk,20,1,15,ESTIMATE Agent[09] VILLAGER
4,talk,21,1,14,Over
4,talk,22,2,11,Skip
4,talk,23,2,13,Skip
4,talk,24,2,12,Skip
4,talk,25,2,9,ESTIMATE Agent[15] VILLAGER
4,talk,26,2,7,Skip
4,talk,27,2,14,Over
4,talk,28,2,6,Skip
4,talk,29,2,4,Skip
4,talk,30,2,15,Over
4,talk,31,2,2,Skip
4,talk,32,2,8,Skip
4,talk,33,3,9,ESTIMATE Agent[02] WEREWOLF
4,talk,34,3,4,Over
4,talk,35,3,7,Skip
4,talk,36,3,2,Over
4,talk,37,3,13,Over
4,talk,38,3,8,Over
4,talk,39,3,12,Over
4,talk,40,3,15,Over
4,talk,41,3,6,Skip
4,talk,42,3,11,Over
4,talk,43,3,14,Over
4,talk,44,4,2,Over
4,talk,45,4,15,ESTIMATE Agent[04] WEREWOLF
4,talk,46,4,9,Skip
4,talk,47,4,4,Over
4,talk,48,4,6,Over
4,talk,49,4,14,Over
4,talk,50,4,13,Over
4,talk,51,4,11,Over
4,talk,52,4,8,Over
4,talk,53,4,12,Over
4,talk,54,4,7,Over
4,talk,55,5,4,Over
4,talk,56,5,12,Over
4,talk,57,5,13,Over
4,talk,58,5,9,ESTIMATE Agent[12] VILLAGER
4,talk,59,5,15,ESTIMATE Agent[04] WEREWOLF
4,talk,60,5,11,Over
4,talk,61,5,2,Over
4,talk,62,5,7,Over
4,talk,63,5,8,Over
4,talk,64,5,14,Over
4,talk,65,5,6,Over
4,talk,66,6,13,Over
4,talk,67,6,6,Over
4,talk,68,6,11,Over
4,talk,69,6,15,Over
4,talk,70,6,8,Over
4,talk,71,6,2,Over
4,talk,72,6,4,Over
4,talk,73,6,9,VOTE Agent[06]
4,talk,74,6,14,Over
4,talk,75,6,7,Over
4,talk,76,6,12,Over
4,talk,77,7,8,Over
4,talk,78,7,14,Over
4,talk,79,7,2,Over
4,talk,80,7,6,Over
4,talk,81,7,9,ESTIMATE Agent[13] VILLAGER
4,talk,82,7,7,Over
4,talk,83,7,13,Over
4,talk,84,7,4,Over
4,talk,85,7,12,Over
4,talk,86,7,15,Over
4,talk,87,7,11,Over
4,talk,88,8,2,Over
4,talk,89,8,9,ESTIMATE Agent[14] VILLAGER
4,talk,90,8,4,Over
4,talk,91,8,12,Over
4,talk,92,8,15,Over
4,talk,93,8,8,Over
4,talk,94,8,7,Over
4,talk,95,8,14,Over
4,talk,96,8,13,Over
4,talk,97,8,11,Over
4,talk,98,8,6,Over
4,talk,99,9,7,Over
4,talk,100,9,13,Over
4,talk,101,9,14,Over
4,talk,102,9,15,Over
4,talk,103,9,12,Over
4,talk,104,9,6,Over
4,talk,105,9,4,Over
4,talk,106,9,11,Over
4,talk,107,9,9,VOTE Agent[04]
4,talk,108,9,8,Over
4,talk,109,9,2,Over
4,talk,110,10,6,Over
4,talk,111,10,9,VOTE Agent[02]
4,talk,112,10,15,ESTIMATE Agent[09] VILLAGER
4,talk,113,10,14,Over
4,talk,114,10,13,Over
4,talk,115,10,4,Over
4,talk,116,10,8,Over
4,talk,117,10,7,Over
4,talk,118,10,2,Over
4,talk,119,10,11,Over
4,talk,120,10,12,Over
4,talk,121,11,9,VOTE Agent[04]
4,talk,122,11,12,Over
4,talk,123,11,13,Over
4,talk,124,11,8,Over
4,talk,125,11,2,Over
4,talk,126,11,7,Over
4,talk,127,11,14,Over
4,talk,128,11,6,Over
4,talk,129,11,11,Over
4,talk,130,11,15,Over
4,talk,131,11,4,Over
4,talk,132,12,13,Over
4,talk,133,12,15,ESTIMATE Agent[09] VILLAGER
4,talk,134,12,4,Over
4,talk,135,12,11,Over
4,talk,136,12,9,Over
4,talk,137,12,14,Over
4,talk,138,12,6,Over
4,talk,139,12,7,Over
4,talk,140,12,12,Over
4,talk,141,12,2,Over
4,talk,142,12,8,Over
4,talk,143,13,2,Over
4,talk,144,13,12,Over
4,talk,145,13,8,Over
4,talk,146,13,14,Over
4,talk,147,13,7,Over
4,talk,148,13,4,Over
4,talk,149,13,13,Over
4,talk,150,13,15,Over
4,talk,151,13,9,Over
4,talk,152,13,11,Over
4,talk,153,13,6,Over
4,vote,2,15
4,vote,4,2
4,vote,6,11
4,vote,7,13
4,vote,8,6
4,vote,9,4
4,vote,11,6
4,vote,12,11
4,vote,13,14
4,vote,14,12
4,vote,15,4
4,vote,2,15
4,vote,4,11
4,vote,6,11
4,vote,7,11
4,vote,8,6
4,vote,9,15
4,vote,11,6
4,vote,12,11
4,vote,13,14
4,vote,14,4
4,vote,15,4
4,execute,11,VILLAGER
4,divine,7,13,HUMAN
4,guard,13,7,SEER
4,attackVote,6,7
4,attack,7,false
5,status,1,WEREWOLF,DEAD,m_cre
5,status,2,VILLAGER,ALIVE,carlo
5,status,3,POSSESSED,DEAD,AITKN
5,status,4,VILLAGER,ALIVE,Dummy13_09
5,status,5,WEREWOLF,DEAD,daisyo
5,status,6,WEREWOLF,ALIVE,tori
5,status,7,SEER,ALIVE,Dummy13_11
5,status,8,VILLAGER,ALIVE,Dummy13_07
5,status,9,VILLAGER,ALIVE,wasabi
5,status,10,MEDIUM,DEAD,TOT
5,status,11,VILLAGER,DEAD,Dummy13_08
5,status,12,VILLAGER,ALIVE,Dummy13_10
5,status,13,BODYGUARD,ALIVE,megumish
5,status,14,VILLAGER,ALIVE,cash
5,status,15,VILLAGER,ALIVE,JuN1Ro
5,talk,0,0,14,DIVINED Agent[13] HUMAN
5,talk,1,0,2,VOTE Agent[15]
5,talk,2,0,4,VOTE Agent[07]
5,talk,3,0,9,VOTE Agent[14]
5,talk,4,0,13,VOTE Agent[12]
5,talk,5,0,12,VOTE Agent[14]
5,talk,6,0,6,VOTE Agent[04]
5,talk,7,0,15,VOTE Agent[04]
5,talk,8,0,7,DIVINED Agent[13] HUMAN
5,talk,9,0,8,VOTE Agent[04]
5,talk,10,1,15,Over
5,talk,11,1,2,Skip
5,talk,12,1,14,Over
5,talk,13,1,9,VOTE Agent[04]
5,talk,14,1,12,Skip
5,talk,15,1,8,Skip
5,talk,16,1,4,Skip
5,talk,17,1,13,Skip
5,talk,18,1,7,VOTE Agent[13]
5,talk,19,1,6,REQUEST(VOTE Agent[04])
5,talk,20,2,7,Skip
5,talk,21,2,13,Skip
5,talk,22,2,14,Over
5,talk,23,2,4,Skip
5,talk,24,2,6,Skip
5,talk,25,2,9,ESTIMATE Agent[07] WEREWOLF
5,talk,26,2,15,Over
5,talk,27,2,8,Skip
5,talk,28,2,12,Skip
5,talk,29,2,2,Skip
5,talk,30,3,9,ESTIMATE Agent[13] VILLAGER
5,talk,31,3,13,Over
5,talk,32,3,8,Over
5,talk,33,3,14,Over
5,talk,34,3,12,Over
5,talk,35,3,7,Skip
5,talk,36,3,2,Over
5,talk,37,3,4,Over
5,talk,38,3,6,Skip
5,talk,39,3,15,Over
5,talk,40,4,9,VOTE Agent[02]
5,talk,41,4,7,Over
5,talk,42,4,13,Over
5,talk,43,4,8,Over
5,talk,44,4,4,Over
5,talk,45,4,15,Over
5,talk,46,4,6,Over
5,talk,47,4,14,Over
5,talk,48,4,12,Over
5,talk,49,4,2,Over
5,talk,50,5,13,Over
5,talk,51,5,7,Over
5,talk,52,5,6,Over
5,talk,53,5,8,Over
5,talk,54,5,12,Over
5,talk,55,5,14,Over
5,talk,56,5,2,Over
5,talk,57,5,9,Skip
5,talk,58,5,15,ESTIMATE Agent[04] WEREWOLF
5,talk,59,5,4,Over
5,talk,60,6,14,Over
5,talk,61,6,6,Over
5,talk,62,6,2,Over
5,talk,63,6,13,Over
5,talk,64,6,9,ESTIMATE Agent[14] WEREWOLF
5,talk,65,6,4,Over
5,talk,66,6,15,ESTIMATE Agent[04] WEREWOLF
5,talk,67,6,8,Over
5,talk,68,6,12,Over
5,talk,69,6,7,Over
5,talk,70,7,14,Over
5,talk,71,7,12,Over
5,talk,72,7,6,Over
5,talk,73,7,15,ESTIMATE Agent[04] WEREWOLF
5,talk,74,7,4,Over
5,talk,75,7,7,Over
5,talk,76,7,13,Over
5,talk,77,7,8,Over
5,talk,78,7,9,VOTE Agent[08]
5,talk,79,7,2,Over
5,talk,80,8,6,Over
5,talk,81,8,13,Over
5,talk,82,8,8,Over
5,talk,83,8,15,Over
5,talk,84,8,4,Over
5,talk,85,8,7,Over
5,talk,86,8,14,Over
5,talk,87,8,2,Over
5,talk,88,8,12,Over
5,talk,89,8,9,Skip
5,talk,90,9,7,Over
5,talk,91,9,12,Over
5,talk,92,9,6,Over
5,talk,93,9,8,Over
5,talk,94,9,13,Over
5,talk,95,9,15,Over
5,talk,96,9,4,Over
5,talk,97,9,14,Over
5,talk,98,9,9,VOTE Agent[04]
5,talk,99,9,2,Over
5,talk,100,10,2,Over
5,talk,101,10,9,VOTE Agent[08]
5,talk,102,10,15,Over
5,talk,103,10,7,Over
5,talk,104,10,13,Over
5,talk,105,10,4,Over
5,talk,106,10,8,Over
5,talk,107,10,14,Over
5,talk,108,10,12,Over
5,talk,109,10,6,Over
5,talk,110,11,12,Over
5,talk,111,11,9,VOTE Agent[06]
5,talk,112,11,4,Over
5,talk,113,11,7,Over
5,talk,114,11,13,Over
5,talk,115,11,8,Over
5,talk,116,11,15,Over
5,talk,117,11,6,Over
5,talk,118,11,2,Over
5,talk,119,11,14,Over
5,talk,120,12,7,Over
5,talk,121,12,2,Over
5,talk,122,12,14,Over
5,talk,123,12,4,Over
5,talk,124,12,8,Over
5,talk,125,12,12,Over
5,talk,126,12,13,Over
5,talk,127,12,6,Over
5,talk,128,12,15,Over
5,talk,129,12,9,Over
5,vote,2,15
5,vote,4,7
5,vote,6,4
5,vote,7,13
5,vote,8,4
5,vote,9,6
5,vote,12,14
5,vote,13,12
5,vote,14,6
5,vote,15,4
5,execute,4,VILLAGER
5,divine,7,2,HUMAN
5,guard,13,7,SEER
5,attackVote,6,7
5,attack,7,false
6,status,1,WEREWOLF,DEAD,m_cre
6,status,2,VILLAGER,ALIVE,carlo
6,status,3,POSSESSED,DEAD,AITKN
6,status,4,VILLAGER,DEAD,Dummy13_09
6,status,5,WEREWOLF,DEAD,daisyo
6,status,6,WEREWOLF,ALIVE,tori
6,status,7,SEER,ALIVE,Dummy13_11
6,status,8,VILLAGER,ALIVE,Dummy13_07
6,status,9,VILLAGER,ALIVE,wasabi
6,status,10,MEDIUM,DEAD,TOT
6,status,11,VILLAGER,DEAD,Dummy13_08
6,status,12,VILLAGER,ALIVE,Dummy13_10
6,status,13,BODYGUARD,ALIVE,megumish
6,status,14,VILLAGER,ALIVE,cash
6,status,15,VILLAGER,ALIVE,JuN1Ro
6,talk,0,0,7,DIVINED Agent[02] HUMAN
6,talk,1,0,14,DIVINED Agent[15] HUMAN
6,talk,2,0,15,VOTE Agent[06]
6,talk,3,0,13,VOTE Agent[07]
6,talk,4,0,6,VOTE Agent[13]
6,talk,5,0,9,VOTE Agent[14]
6,talk,6,0,12,VOTE Agent[13]
6,talk,7,0,8,VOTE Agent[13]
6,talk,8,0,2,VOTE Agent[15]
6,talk,9,1,6,REQUEST(VOTE Agent[13])
6,talk,10,1,12,Skip
6,talk,11,1,9,VOTE Agent[06]
6,talk,12,1,7,VOTE Agent[14]
6,talk,13,1,2,Skip
6,talk,14,1,15,ESTIMATE Agent[06] WEREWOLF
6,talk,15,1,14,Over
6,talk,16,1,8,Skip
6,talk,17,1,13,Skip
6,talk,18,2,12,Skip
6,talk,19,2,13,Skip
6,talk,20,2,6,Skip
6,talk,21,2,8,Skip
6,talk,22,2,9,Skip
6,talk,23,2,7,Skip
6,talk,24,2,2,Skip
6,talk,25,2,14,Over
6,talk,26,2,15,Over
6,talk,27,3,7,Skip
6,talk,28,3,2,Over
6,talk,29,3,8,Over
6,talk,30,3,12,Over
6,talk,31,3,6,Skip
6,talk,32,3,15,ESTIMATE Agent[06] WEREWOLF
6,talk,33,3,9,VOTE Agent[08]
6,talk,34,3,13,Over
6,talk,35,3,14,Over
6,talk,36,4,9,ESTIMATE Agent[15] WEREWOLF
6,talk,37,4,12,Over
6,talk,38,4,2,Over
6,talk,39,4,7,Over
6,talk,40,4,13,Over
6,talk,41,4,15,Over
6,talk,42,4,14,Over
6,talk,43,4,8,Over
6,talk,44,4,6,Over
6,talk,45,5,9,VOTE Agent[06]
6,talk,46,5,6,Over
6,talk,47,5,14,Over
6,talk,48,5,8,Over
6,talk,49,5,2,Over
6,talk,50,5,13,Over
6,talk,51,5,15,ESTIMATE Agent[06] WEREWOLF
6,talk,52,5,12,Over
6,talk,53,5,7,Over
6,talk,54,6,13,Over
6,talk,55,6,9,Skip
6,talk,56,6,2,Over
6,talk,57,6,6,Over
6,talk,58,6,14,Over
6,talk,59,6,15,Over
6,talk,60,6,12,Over
6,talk,61,6,8,Over
6,talk,62,6,7,Over
6,talk,63,7,15,Over
6,talk,64,7,9,VOTE Agent[15]
6,talk,65,7,6,Over
6,talk,66,7,8,Over
6,talk,67,7,7,Over
6,talk,68,7,13,Over
6,talk,69,7,12,Over
6,talk,70,7,14,Over
6,talk,71,7,2,Over
6,talk,72,8,6,Over
6,talk,73,8,12,Over
6,talk,74,8,7,Over
6,talk,75,8,8,Over
6,talk,76,8,13,Over
6,talk,77,8,9,VOTE Agent[06]
6,talk,78,8,2,Over
6,talk,79,8,14,Over
6,talk,80,8,15,ESTIMATE Agent[06] WEREWOLF
6,talk,81,9,12,Over
6,talk,82,9,6,Over
6,talk,83,9,2,Over
6,talk,84,9,14,Over
6,talk,85,9,9,Skip
6,talk,86,9,8,Over
6,talk,87,9,7,Over
6,talk,88,9,13,Over
6,talk,89,9,15,Over
6,talk,90,10,15,Over
6,talk,91,10,6,Over
6,talk,92,10,14,Over
6,talk,93,10,12,Over
6,talk,94,10,8,Over
6,talk,95,10,7,Over
6,talk,96,10,13,Over
6,talk,97,10,2,Over
6,talk,98,10,9,Over
6,vote,2,15
6,vote,6,13
6,vote,7,14
6,vote,8,13
6,vote,9,6
6,vote,12,13
6,vote,13,7
6,vote,14,12
6,vote,15,6
6,execute,13,BODYGUARD
6,divine,7,15,HUMAN
6,attackVote,6,7
6,attack,7,true
7,status,1,WEREWOLF,DEAD,m_cre
7,status,2,VILLAGER,ALIVE,carlo
7,status,3,POSSESSED,DEAD,AITKN
7,status,4,VILLAGER,DEAD,Dummy13_09
7,status,5,WEREWOLF,DEAD,daisyo
7,status,6,WEREWOLF,ALIVE,tori
7,status,7,SEER,DEAD,Dummy13_11
7,status,8,VILLAGER,ALIVE,Dummy13_07
7,status,9,VILLAGER,ALIVE,wasabi
7,status,10,MEDIUM,DEAD,TOT
7,status,11,VILLAGER,DEAD,Dummy13_08
7,status,12,VILLAGER,ALIVE,Dummy13_10
7,status,13,BODYGUARD,DEAD,megumish
7,status,14,VILLAGER,ALIVE,cash
7,status,15,VILLAGER,ALIVE,JuN1Ro
7,talk,0,0,15,VOTE Agent[06]
7,talk,1,0,12,VOTE Agent[15]
7,talk,2,0,14,DIVINED Agent[12] HUMAN
7,talk,3,0,8,VOTE Agent[15]
7,talk,4,0,2,VOTE Agent[15]
7,talk,5,0,6,VOTE Agent[14]
7,talk,6,0,9,VOTE Agent[06]
7,talk,7,1,12,Skip
7,talk,8,1,8,Skip
7,talk,9,1,2,Skip
7,talk,10,1,15,Over
7,talk,11,1,9,Skip
7,talk,12,1,6,REQUEST(VOTE Agent[14])
7,talk,13,1,14,Over
7,talk,14,2,15,ESTIMATE Agent[12] VILLAGER
7,talk,15,2,6,Skip
7,talk,16,2,12,Skip
7,talk,17,2,14,Over
7,talk,18,2,2,Skip
7,talk,19,2,9,ESTIMATE Agent[12] VILLAGER
7,talk,20,2,8,Skip
7,talk,21,3,9,VOTE Agent[15]
7,talk,22,3,14,Over
7,talk,23,3,15,Over
7,talk,24,3,2,Over
7,talk,25,3,12,Over
7,talk,26,3,6,Skip
7,talk,27,3,8,Over
7,talk,28,4,2,Over
7,talk,29,4,8,Over
7,talk,30,4,6,Over
7,talk,31,4,14,Over
7,talk,32,4,9,ESTIMATE Agent[15] WEREWOLF
7,talk,33,4,12,Over
7,talk,34,4,15,ESTIMATE Agent[12] VILLAGER
7,talk,35,5,8,Over
7,talk,36,5,2,Over
7,talk,37,5,12,Over
7,talk,38,5,15,Over
7,talk,39,5,6,Over
7,talk,40,5,14,Over
7,talk,41,5,9,Skip
7,talk,42,6,2,Over
7,talk,43,6,8,Over
7,talk,44,6,14,Over
7,talk,45,6,6,Over
7,talk,46,6,12,Over
7,talk,47,6,15,ESTIMATE Agent[12] VILLAGER
7,talk,48,6,9,VOTE Agent[06]
7,talk,49,7,8,Over
7,talk,50,7,12,Over
7,talk,51,7,15,Over
7,talk,52,7,14,Over
7,talk,53,7,2,Over
7,talk,54,7,6,Over
7,talk,55,7,9,VOTE Agent[15]
7,talk,56,8,2,Over
7,talk,57,8,6,Over
7,talk,58,8,14,Over
7,talk,59,8,8,Over
7,talk,60,8,12,Over
7,talk,61,8,9,ESTIMATE Agent[02] VILLAGER
7,talk,62,8,15,Over
7,talk,63,9,6,Over
7,talk,64,9,12,Over
7,talk,65,9,14,Over
7,talk,66,9,15,Over
7,talk,67,9,9,ESTIMATE Agent[02] VILLAGER
7,talk,68,9,8,Over
7,talk,69,9,2,Over
7,talk,70,10,8,Over
7,talk,71,10,15,Over
7,talk,72,10,2,Over
7,talk,73,10,12,Over
7,talk,74,10,14,Over
7,talk,75,10,9,ESTIMATE Agent[02] VILLAGER
7,talk,76,10,6,Over
7,talk,77,11,6,Over
7,talk,78,11,12,Over
7,talk,79,11,2,Over
7,talk,80,11,9,ESTIMATE Agent[08] WEREWOLF
7,talk,81,11,8,Over
7,talk,82,11,14,Over
7,talk,83,11,15,ESTIMATE Agent[06] WEREWOLF
7,talk,84,12,14,Over
7,talk,85,12,2,Over
7,talk,86,12,12,Over
7,talk,87,12,6,Over
7,talk,88,12,8,Over
7,talk,89,12,9,Over
7,talk,90,12,15,ESTIMATE Agent[06] WEREWOLF
7,talk,91,13,8,Over
7,talk,92,13,15,ESTIMATE Agent[12] VILLAGER
7,talk,93,13,9,Over
7,talk,94,13,14,Over
7,talk,95,13,12,Over
7,talk,96,13,2,Over
7,talk,97,13,6,Over
7,talk,98,14,6,Over
7,talk,99,14,8,Over
7,talk,100,14,12,Over
7,talk,101,14,14,Over
7,talk,102,14,15,Over
7,talk,103,14,9,Over
7,talk,104,14,2,Over
7,vote,2,15
7,vote,6,14
7,vote,8,15
7,vote,9,15
7,vote,12,15
7,vote,14,6
7,vote,15,6
7,execute,15,VILLAGER
7,attackVote,6,8
7,attack,8,true
8,status,1,WEREWOLF,DEAD,m_cre
8,status,2,VILLAGER,ALIVE,carlo
8,status,3,POSSESSED,DEAD,AITKN
8,status,4,VILLAGER,DEAD,Dummy13_09
8,status,5,WEREWOLF,DEAD,daisyo
8,status,6,WEREWOLF,ALIVE,tori
8,status,7,SEER,DEAD,Dummy13_11
8,status,8,VILLAGER,DEAD,Dummy13_07
8,status,9,VILLAGER,ALIVE,wasabi
8,status,10,MEDIUM,DEAD,TOT
8,status,11,VILLAGER,DEAD,Dummy13_08
8,status,12,VILLAGER,ALIVE,Dummy13_10
8,status,13,BODYGUARD,DEAD,megumish
8,status,14,VILLAGER,ALIVE,cash
8,status,15,VILLAGER,DEAD,JuN1Ro
8,talk,0,0,2,VOTE Agent[06]
8,talk,1,0,14,DIVINED Agent[06] HUMAN
8,talk,2,0,12,VOTE Agent[06]
8,talk,3,0,6,VOTE Agent[02]
8,talk,4,0,9,VOTE Agent[06]
8,talk,5,1,6,REQUEST(VOTE Agent[02])
8,talk,6,1,14,Over
8,talk,7,1,12,Skip
8,talk,8,1,2,Skip
8,talk,9,1,9,Skip
8,talk,10,2,6,Skip
8,talk,11,2,12,Skip
8,talk,12,2,14,Over
8,talk,13,2,2,Skip
8,talk,14,2,9,Skip
8,talk,15,3,14,Over
8,talk,16,3,9,Over
8,talk,17,3,6,Skip
8,talk,18,3,2,Over
8,talk,19,3,12,Over
8,talk,20,4,9,Over
8,talk,21,4,6,Over
8,talk,22,4,12,Over
8,talk,23,4,14,Over
8,talk,24,4,2,Over
8,vote,2,6
8,vote,6,2
8,vote,9,6
8,vote,12,6
8,vote,14,12
8,execute,6,WEREWOLF
9,status,1,WEREWOLF,DEAD,m_cre
9,status,2,VILLAGER,ALIVE,carlo
9,status,3,POSSESSED,DEAD,AITKN
9,status,4,VILLAGER,DEAD,Dummy13_09
9,status,5,WEREWOLF,DEAD,daisyo
9,status,6,WEREWOLF,DEAD,tori
9,status,7,SEER,DEAD,Dummy13_11
9,status,8,VILLAGER,DEAD,Dummy13_07
9,status,9,VILLAGER,ALIVE,wasabi
9,status,10,MEDIUM,DEAD,TOT
9,status,11,VILLAGER,DEAD,Dummy13_08
9,status,12,VILLAGER,ALIVE,Dummy13_10
9,status,13,BODYGUARD,DEAD,megumish
9,status,14,VILLAGER,ALIVE,cash
9,status,15,VILLAGER,DEAD,JuN1Ro
9,result,4,0,VILLAGER
