0,status,1,VILLAGER,ALIVE,m_cre
0,status,2,VILLAGER,ALIVE,carlo
0,status,3,VILLAGER,ALIVE,AITKN
0,status,4,WEREWOLF,ALIVE,Dummy13_09
0,status,5,SEER,ALIVE,daisyo
0,status,6,VILLAGER,ALIVE,tori
0,status,7,POSSESSED,ALIVE,Dummy13_11
0,status,8,WEREWOLF,ALIVE,Dummy13_07
0,status,9,BODYGUARD,ALIVE,wasabi
0,status,10,VILLAGER,ALIVE,TOT
0,status,11,VILLAGER,ALIVE,Dummy13_08
0,status,12,VILLAGER,ALIVE,Dummy13_10
0,status,13,VILLAGER,ALIVE,megumish
0,status,14,WEREWOLF,ALIVE,cash
0,status,15,MEDIUM,ALIVE,JuN1Ro
0,whisper,0,0,8,COMINGOUT Agent[08] SEER
0,whisper,1,0,4,COMINGOUT Agent[04] MEDIUM
0,whisper,2,0,14,Over
0,whisper,3,1,8,DIVINED Agent[13] HUMAN
0,whisper,4,1,14,Over
0,whisper,5,1,4,Skip
0,whisper,6,2,14,Over
0,whisper,7,2,4,Skip
0,whisper,8,2,8,Skip
0,whisper,9,3,14,Over
0,whisper,10,3,4,Over
0,whisper,11,3,8,Skip
0,whisper,12,4,4,Over
0,whisper,13,4,8,Over
0,whisper,14,4,14,Over
0,divine,5,1,HUMAN
1,status,1,VILLAGER,ALIVE,m_cre
1,status,2,VILLAGER,ALIVE,carlo
1,status,3,VILLAGER,ALIVE,AITKN
1,status,4,WEREWOLF,ALIVE,Dummy13_09
1,status,5,SEER,ALIVE,daisyo
1,status,6,VILLAGER,ALIVE,tori
1,status,7,POSSESSED,ALIVE,Dummy13_11
1,status,8,WEREWOLF,ALIVE,Dummy13_07
1,status,9,BODYGUARD,ALIVE,wasabi
1,status,10,VILLAGER,ALIVE,TOT
1,status,11,VILLAGER,ALIVE,Dummy13_08
1,status,12,VILLAGER,ALIVE,Dummy13_10
1,status,13,VILLAGER,ALIVE,megumish
1,status,14,WEREWOLF,ALIVE,cash
1,status,15,MEDIUM,ALIVE,JuN1Ro
1,talk,0,0,1,VOTE Agent[12]
1,talk,1,0,13,VOTE Agent[14]
1,talk,2,0,14,DIVINED Agent[02] HUMAN
1,talk,3,0,9,Skip
1,talk,4,0,15,VOTE Agent[01]
1,talk,5,0,8,COMINGOUT Agent[08] SEER
1,talk,6,0,2,VOTE Agent[01]
1,talk,7,0,7,COMINGOUT Agent[07] SEER
1,talk,8,0,5,REQUEST(ESTIMATE Agent[05] VILLAGER)
1,talk,9,0,4,VOTE Agent[15]
1,talk,10,0,11,VOTE Agent[06]
1,talk,11,0,10,VOTE Agent[15]
1,talk,12,0,3,REQUEST(COMINGOUT Agent[03] SEER)
1,talk,13,0,6,VOTE Agent[08]
1,talk,14,0,12,VOTE Agent[10]
1,talk,15,1,10,REQUEST(VOTE Agent[15])
1,talk,16,1,6,ESTIMATE Agent[14] SEER
1,talk,17,1,14,Over
1,talk,18,1,13,Skip
1,talk,19,1,11,ESTIMATE Agent[14] SEER
1,talk,20,1,5,VOTE Agent[01]
1,talk,21,1,3,REQUEST(COMINGOUT Agent[03] MEDIUM)
1,talk,22,1,1,VOTE Agent[08]
1,talk,23,1,15,VOTE Agent[08]
1,talk,24,1,12,ESTIMATE Agent[14] SEER
1,talk,25,1,8,DIVINED Agent[13] HUMAN
1,talk,26,1,9,VOTE Agent[04]
1,talk,27,1,2,Skip
1,talk,28,1,7,DIVINED Agent[12] HUMAN
1,talk,29,1,4,REQUEST(VOTE Agent[15])
1,talk,30,2,11,Skip
1,talk,31,2,7,REQUEST(VOTE Agent[05])
1,talk,32,2,4,Skip
1,talk,33,2,13,Skip
1,talk,34,2,12,Skip
1,talk,35,2,10,Skip
1,talk,36,2,5,AGREE TALK day1 ID:28
1,talk,37,2,6,Skip
1,talk,38,2,15,Over
1,talk,39,2,1,Skip
1,talk,40,2,8,REQUEST(VOTE Agent[06])
1,talk,41,2,3,Skip
1,talk,42,2,2,Skip
1,talk,43,2,9,Skip
1,talk,44,2,14,Over
1,talk,45,3,7,VOTE Agent[08]
1,talk,46,3,10,Skip
1,talk,47,3,3,Skip
1,talk,48,3,1,Skip
1,talk,49,3,14,Over
1,talk,50,3,5,AGREE TALK day1 ID:37
1,talk,51,3,9,VOTE Agent[03]
1,talk,52,3,6,Skip
1,talk,53,3,2,Over
1,talk,54,3,4,Skip
1,talk,55,3,11,Skip
1,talk,56,3,8,VOTE Agent[07]
1,talk,57,3,12,Skip
1,talk,58,3,15,Over
1,talk,59,3,13,Over
1,talk,60,4,9,ESTIMATE Agent[11] VILLAGER
1,talk,61,4,13,Over
1,talk,62,4,1,Over
1,talk,63,4,6,Over
1,talk,64,4,7,REQUEST(VOTE Agent[08])
1,talk,65,4,15,Over
1,talk,66,4,3,Over
1,talk,67,4,12,Over
1,talk,68,4,10,Over
1,talk,69,4,14,Over
1,talk,70,4,8,REQUEST(VOTE Agent[07])
1,talk,71,4,4,Over
1,talk,72,4,5,AGREE TALK day1 ID:35
1,talk,73,4,2,Over
1,talk,74,4,11,Over
1,talk,75,5,11,Over
1,talk,76,5,12,Over
1,talk,77,5,5,AGREE TALK day1 ID:32
1,talk,78,5,13,Over
1,talk,79,5,10,Over
1,talk,80,5,2,Over
1,talk,81,5,9,ESTIMATE Agent[10] VILLAGER
1,talk,82,5,4,Over
1,talk,83,5,8,Skip
1,talk,84,5,3,Over
1,talk,85,5,6,Over
1,talk,86,5,7,Skip
1,talk,87,5,14,Over
1,talk,88,5,1,Over
1,talk,89,5,15,Over
1,talk,90,6,13,Over
1,talk,91,6,10,Over
1,talk,92,6,12,Over
1,talk,93,6,6,Over
1,talk,94,6,15,Over
1,talk,95,6,1,Over
1,talk,96,6,2,Over
1,talk,97,6,9,Skip
1,talk,98,6,14,Over
1,talk,99,6,7,Skip
1,talk,100,6,5,AGREE TALK day1 ID:47
1,talk,101,6,11,Over
1,talk,102,6,8,Skip
1,talk,103,6,3,Over
1,talk,104,6,4,Over
1,talk,105,7,10,Over
1,talk,106,7,3,REQUEST(DIVINATION Agent[02])
1,talk,107,7,8,Over
1,talk,108,7,15,Over
1,talk,109,7,1,Over
1,talk,110,7,4,Over
1,talk,111,7,11,Over
1,talk,112,7,9,ESTIMATE Agent[12] VILLAGER
1,talk,113,7,12,Over
1,talk,114,7,2,Over
1,talk,115,7,6,Over
1,talk,116,7,13,Over
1,talk,117,7,14,Over
1,talk,118,7,7,Over
1,talk,119,7,5,AGREE TALK day1 ID:27
1,talk,120,8,11,Over
1,talk,121,8,14,Over
1,talk,122,8,5,AGREE TALK day1 ID:54
1,talk,123,8,9,Over
1,talk,124,8,12,Over
1,talk,125,8,2,Over
1,talk,126,8,1,Over
1,talk,127,8,15,Over
1,talk,128,8,7,Over
1,talk,129,8,13,Over
1,talk,130,8,3,Skip
1,talk,131,8,4,Over
1,talk,132,8,10,Over
1,talk,133,8,6,Over
1,talk,134,8,8,Over
1,talk,135,9,10,Over
1,talk,136,9,6,Over
1,talk,137,9,5,AGREE TALK day1 ID:52
1,talk,138,9,2,Over
1,talk,139,9,11,Over
1,talk,140,9,3,VOTE Agent[05]
1,talk,141,9,7,Over
1,talk,142,9,12,Over
1,talk,143,9,4,Over
1,talk,144,9,1,Over
1,talk,145,9,13,Over
1,talk,146,9,14,Over
1,talk,147,9,9,Over
1,talk,148,9,15,Over
1,talk,149,9,8,Over
1,talk,150,10,4,Over
1,talk,151,10,8,Over
1,talk,152,10,14,Over
1,talk,153,10,9,Over
1,talk,154,10,1,Over
1,talk,155,10,2,Over
1,talk,156,10,12,Over
1,talk,157,10,15,Over
1,talk,158,10,6,Over
1,talk,159,10,13,Over
1,talk,160,10,11,Over
1,talk,161,10,3,Skip
1,talk,162,10,7,Over
1,talk,163,10,5,Over
1,talk,164,10,10,Over
1,talk,165,11,13,Over
1,talk,166,11,14,Over
1,talk,167,11,12,Over
1,talk,168,11,11,Over
1,talk,169,11,3,Skip
1,talk,170,11,1,Over
1,talk,171,11,5,Over
1,talk,172,11,8,Over
1,talk,173,11,9,Over
1,talk,174,11,10,Over
1,talk,175,11,2,Over
1,talk,176,11,15,Over
1,talk,177,11,6,Over
1,talk,178,11,7,Over
1,talk,179,11,4,Over
1,talk,180,12,6,Over
1,talk,181,12,1,Over
1,talk,182,12,13,Over
1,talk,183,12,5,Over
1,talk,184,12,12,Over
1,talk,185,12,15,Over
1,talk,186,12,8,Over
1,talk,187,12,10,Over
1,talk,188,12,7,Over
1,talk,189,12,9,VOTE Agent[10]
1,talk,190,12,2,Over
1,talk,191,12,4,Over
1,talk,192,12,14,Over
1,talk,193,12,3,Over
1,talk,194,12,11,Over
1,talk,195,13,8,Over
1,talk,196,13,13,Over
1,talk,197,13,7,Over
1,talk,198,13,9,ESTIMATE Agent[13] VILLAGER
1,talk,199,13,5,Over
1,talk,200,13,15,Over
1,talk,201,13,11,Over
1,talk,202,13,14,Over
1,talk,203,13,10,Over
1,talk,204,13,2,Over
1,talk,205,13,12,Over
1,talk,206,13,6,Over
1,talk,207,13,4,Over
1,talk,208,13,1,Over
1,talk,209,13,3,Over
1,talk,210,14,14,Over
1,talk,211,14,13,Over
1,talk,212,14,12,Over
1,talk,213,14,4,Over
1,talk,214,14,15,Over
1,talk,215,14,9,VOTE Agent[04]
1,talk,216,14,2,Over
1,talk,217,14,3,Over
1,talk,218,14,8,Over
1,talk,219,14,11,Over
1,talk,220,14,7,Over
1,talk,221,14,1,Over
1,talk,222,14,6,Over
1,talk,223,14,5,Over
1,talk,224,14,10,Over
1,talk,225,15,3,Over
1,talk,226,15,1,Over
1,talk,227,15,10,Over
1,talk,228,15,2,Over
1,talk,229,15,12,Over
1,talk,230,15,14,Over
1,talk,231,15,13,Over
1,talk,232,15,7,Over
1,talk,233,15,5,Over
1,talk,234,15,9,ESTIMATE Agent[05] VILLAGER
1,talk,235,15,8,Over
1,talk,236,15,6,Over
1,talk,237,15,15,Over
1,talk,238,15,4,Over
1,talk,239,15,11,Over
1,talk,240,16,4,Over
1,talk,241,16,5,Over
1,talk,242,16,11,Over
1,talk,243,16,9,Over
1,talk,244,16,13,Over
1,talk,245,16,6,Over
1,talk,246,16,15,Over
1,talk,247,16,10,Over
1,talk,248,16,14,Over
1,talk,249,16,12,Over
1,talk,250,16,7,Over
1,talk,251,16,2,Over
1,talk,252,16,8,Over
1,talk,253,16,3,Over
1,talk,254,16,1,Over
1,vote,1,8
1,vote,2,1
1,vote,3,5
1,vote,4,15
1,vote,5,1
1,vote,6,8
1,vote,7,8
1,vote,8,7
1,vote,9,4
1,vote,10,15
1,vote,11,6
1,vote,12,10
1,vote,13,14
1,vote,14,13
1,vote,15,8
1,execute,8,WEREWOLF
1,divine,5,2,HUMAN
1,whisper,0,0,8,ATTACK Agent[07]
1,whisper,1,0,4,ATTACK Agent[07]
1,whisper,2,0,14,Over
1,whisper,3,1,4,REQUEST(ATTACK Agent[07])
1,whisper,4,1,8,REQUEST(ATTACK Agent[07])
1,whisper,5,1,14,Over
1,whisper,6,2,8,DIVINED Agent[04] HUMAN
1,whisper,7,2,4,IDENTIFIED Agent[08] HUMAN
1,whisper,8,2,14,Over
1,whisper,9,3,8,Skip
1,whisper,10,3,14,Over
1,whisper,11,3,4,Skip
1,whisper,12,4,14,Over
1,whisper,13,4,4,Skip
1,whisper,14,4,8,Skip
1,whisper,15,5,4,Over
1,whisper,16,5,8,Over
1,whisper,17,5,14,Over
1,guard,9,7,POSSESSED
1,attackVote,4,7
1,attackVote,8,7
1,attackVote,14,1
1,attackVote,4,7
1,attackVote,8,7
1,attackVote,14,1
1,attack,7,false
2,status,1,VILLAGER,ALIVE,m_cre
2,status,2,VILLAGER,ALIVE,carlo
2,status,3,VILLAGER,ALIVE,AITKN
2,status,4,WEREWOLF,ALIVE,Dummy13_09
2,status,5,SEER,ALIVE,daisyo
2,status,6,VILLAGER,ALIVE,tori
2,status,7,POSSESSED,ALIVE,Dummy13_11
2,status,8,WEREWOLF,DEAD,Dummy13_07
2,status,9,BODYGUARD,ALIVE,wasabi
2,status,10,VILLAGER,ALIVE,TOT
2,status,11,VILLAGER,ALIVE,Dummy13_08
2,status,12,VILLAGER,ALIVE,Dummy13_10
2,status,13,VILLAGER,ALIVE,megumish
2,status,14,WEREWOLF,ALIVE,cash
2,status,15,MEDIUM,ALIVE,JuN1Ro
2,talk,0,0,10,VOTE Agent[02]
2,talk,1,0,12,VOTE Agent[07]
2,talk,2,0,1,VOTE Agent[07]
2,talk,3,0,13,VOTE Agent[11]
2,talk,4,0,2,VOTE Agent[01]
2,talk,5,0,6,VOTE Agent[12]
2,talk,6,0,9,VOTE Agent[04]
2,talk,7,0,3,Skip
2,talk,8,0,4,VOTE Agent[11]
2,talk,9,0,11,VOTE Agent[01]
2,talk,10,0,15,VOTE Agent[07]
2,talk,11,0,5,Skip
2,talk,12,0,7,DIVINED Agent[03] HUMAN
2,talk,13,0,14,DIVINED Agent[11] HUMAN
2,talk,14,1,14,Over
2,talk,15,1,2,Skip
2,talk,16,1,13,Skip
2,talk,17,1,5,VOTE Agent[07]
2,talk,18,1,9,ESTIMATE Agent[13] VILLAGER
2,talk,19,1,4,REQUEST(VOTE Agent[11])
2,talk,20,1,3,AGREE TALK day2 ID:0
2,talk,21,1,1,Skip
2,talk,22,1,11,Skip
2,talk,23,1,7,VOTE Agent[10]
2,talk,24,1,12,Skip
2,talk,25,1,6,Skip
2,talk,26,1,15,Over
2,talk,27,1,10,REQUEST(VOTE Agent[02])
2,talk,28,2,11,Skip
2,talk,29,2,1,Skip
2,talk,30,2,6,Skip
2,talk,31,2,13,Skip
2,talk,32,2,7,REQUEST(VOTE Agent[10])
2,talk,33,2,10,Skip
2,talk,34,2,9,ESTIMATE Agent[07] WEREWOLF
2,talk,35,2,3,ESTIMATE Agent[02] WEREWOLF
2,talk,36,2,12,Skip
2,talk,37,2,4,Skip
2,talk,38,2,2,Skip
2,talk,39,2,15,Over
2,talk,40,2,5,AGREE TALK day2 ID:15
2,talk,41,2,14,Over
2,talk,42,3,3,AGREE TALK day2 ID:27
2,talk,43,3,7,Skip
2,talk,44,3,11,Over
2,talk,45,3,10,Skip
2,talk,46,3,2,Over
2,talk,47,3,12,Over
2,talk,48,3,15,Over
2,talk,49,3,4,Skip
2,talk,50,3,13,Over
2,talk,51,3,5,AGREE TALK day2 ID:18
2,talk,52,3,6,Over
2,talk,53,3,1,Over
2,talk,54,3,9,ESTIMATE Agent[15] VILLAGER
2,talk,55,3,14,Over
2,talk,56,4,4,Over
2,talk,57,4,15,Over
2,talk,58,4,13,Over
2,talk,59,4,2,Over
2,talk,60,4,7,Skip
2,talk,61,4,11,Over
2,talk,62,4,12,Over
2,talk,63,4,10,Over
2,talk,64,4,5,AGREE TALK day2 ID:12
2,talk,65,4,9,ESTIMATE Agent[15] VILLAGER
2,talk,66,4,1,Over
2,talk,67,4,3,VOTE Agent[02]
2,talk,68,4,14,Over
2,talk,69,4,6,Over
2,talk,70,5,1,Over
2,talk,71,5,12,Over
2,talk,72,5,10,Over
2,talk,73,5,14,Over
2,talk,74,5,13,Over
2,talk,75,5,11,Over
2,talk,76,5,2,Over
2,talk,77,5,15,Over
2,talk,78,5,3,REQUEST(DIVINATION Agent[05])
2,talk,79,5,5,AGREE TALK day2 ID:16
2,talk,80,5,7,Over
2,talk,81,5,9,ESTIMATE Agent[03] VILLAGER
2,talk,82,5,6,Over
2,talk,83,5,4,Over
2,talk,84,6,10,Over
2,talk,85,6,2,Over
2,talk,86,6,1,Over
2,talk,87,6,14,Over
2,talk,88,6,12,Over
2,talk,89,6,4,Over
2,talk,90,6,7,Over
2,talk,91,6,3,AGREE TALK day2 ID:81
2,talk,92,6,15,Over
2,talk,93,6,6,Over
2,talk,94,6,13,Over
2,talk,95,6,9,ESTIMATE Agent[13] VILLAGER
2,talk,96,6,5,AGREE TALK day2 ID:21
2,talk,97,6,11,Over
2,talk,98,7,13,Over
2,talk,99,7,15,Over
2,talk,100,7,3,Skip
2,talk,101,7,10,Over
2,talk,102,7,2,Over
2,talk,103,7,14,Over
2,talk,104,7,11,Over
2,talk,105,7,9,ESTIMATE Agent[15] WEREWOLF
2,talk,106,7,12,Over
2,talk,107,7,7,Over
2,talk,108,7,6,Over
2,talk,109,7,4,Over
2,talk,110,7,5,AGREE TALK day2 ID:38
2,talk,111,7,1,Over
2,talk,112,8,1,Over
2,talk,113,8,10,Over
2,talk,114,8,3,Skip
2,talk,115,8,6,Over
2,talk,116,8,7,Over
2,talk,117,8,11,Over
2,talk,118,8,13,Over
2,talk,119,8,5,AGREE TALK day2 ID:65
2,talk,120,8,4,Over
2,talk,121,8,14,Over
2,talk,122,8,9,VOTE Agent[01]
2,talk,123,8,12,Over
2,talk,124,8,2,Over
2,talk,125,8,15,Over
2,talk,126,9,5,AGREE TALK day2 ID:28
2,talk,127,9,14,Over
2,talk,128,9,11,Over
2,talk,129,9,12,Over
2,talk,130,9,4,Over
2,talk,131,9,2,Over
2,talk,132,9,15,Over
2,talk,133,9,1,Over
2,talk,134,9,6,Over
2,talk,135,9,3,Over
2,talk,136,9,9,ESTIMATE Agent[15] VILLAGER
2,talk,137,9,10,Over
2,talk,138,9,7,Over
2,talk,139,9,13,Over
2,talk,140,10,9,Over
2,talk,141,10,6,Over
2,talk,142,10,3,Over
2,talk,143,10,10,Over
2,talk,144,10,14,Over
2,talk,145,10,4,Over
2,talk,146,10,12,Over
2,talk,147,10,2,Over
2,talk,148,10,5,AGREE TALK day2 ID:37
2,talk,149,10,7,Over
2,talk,150,10,13,Over
2,talk,151,10,15,Over
2,talk,152,10,1,Over
2,talk,153,10,11,Over
2,talk,154,11,15,Over
2,talk,155,11,2,Over
2,talk,156,11,13,Over
2,talk,157,11,11,Over
2,talk,158,11,12,Over
2,talk,159,11,3,Over
2,talk,160,11,1,Over
2,talk,161,11,14,Over
2,talk,162,11,9,Over
2,talk,163,11,5,Over
2,talk,164,11,10,Over
2,talk,165,11,6,Over
2,talk,166,11,4,Over
2,talk,167,11,7,Over
2,vote,1,7
2,vote,2,1
2,vote,3,2
2,vote,4,11
2,vote,5,7
2,vote,6,12
2,vote,7,10
2,vote,9,1
2,vote,10,2
2,vote,11,1
2,vote,12,7
2,vote,13,11
2,vote,14,10
2,vote,15,7
2,execute,7,POSSESSED
2,divine,5,3,HUMAN
2,whisper,0,0,4,ATTACK Agent[03]
2,whisper,1,0,14,Over
2,whisper,2,1,14,Over
2,whisper,3,1,4,REQUEST(ATTACK Agent[03])
2,whisper,4,2,4,IDENTIFIED Agent[07] WEREWOLF
2,whisper,5,2,14,Over
2,whisper,6,3,4,Skip
2,whisper,7,3,14,Over
2,whisper,8,4,4,Skip
2,whisper,9,4,14,Over
2,whisper,10,5,14,Over
2,whisper,11,5,4,Over
2,guard,9,12,VILLAGER
2,attackVote,4,3
2,attackVote,14,10
2,attackVote,4,3
2,attackVote,14,7
2,attack,3,true
3,status,1,VILLAGER,ALIVE,m_cre
3,status,2,VILLAGER,ALIVE,carlo
3,status,3,VILLAGER,DEAD,AITKN
3,status,4,WEREWOLF,ALIVE,Dummy13_09
3,status,5,SEER,ALIVE,daisyo
3,status,6,VILLAGER,ALIVE,tori
3,status,7,POSSESSED,DEAD,Dummy13_11
3,status,8,WEREWOLF,DEAD,Dummy13_07
3,status,9,BODYGUARD,ALIVE,wasabi
3,status,10,VILLAGER,ALIVE,TOT
3,status,11,VILLAGER,ALIVE,Dummy13_08
3,status,12,VILLAGER,ALIVE,Dummy13_10
3,status,13,VILLAGER,ALIVE,megumish
3,status,14,WEREWOLF,ALIVE,cash
3,status,15,MEDIUM,ALIVE,JuN1Ro
3,talk,0,0,4,VOTE Agent[10]
3,talk,1,0,12,VOTE Agent[14]
3,talk,2,0,13,VOTE Agent[14]
3,talk,3,0,6,VOTE Agent[04]
3,talk,4,0,1,VOTE Agent[09]
3,talk,5,0,14,DIVINED Agent[09] HUMAN
3,talk,6,0,2,VOTE Agent[01]
3,talk,7,0,5,Skip
3,talk,8,0,15,IDENTIFIED Agent[08] WEREWOLF
3,talk,9,0,11,VOTE Agent[02]
3,talk,10,0,9,VOTE Agent[05]
3,talk,11,0,10,VOTE Agent[14]
3,talk,12,1,11,Skip
3,talk,13,1,14,Over
3,talk,14,1,1,VOTE Agent[15]
3,talk,15,1,10,REQUEST(VOTE Agent[14])
3,talk,16,1,9,VOTE Agent[06]
3,talk,17,1,13,Skip
3,talk,18,1,2,VOTE Agent[04]
3,talk,19,1,12,Skip
3,talk,20,1,4,REQUEST(VOTE Agent[10])
3,talk,21,1,5,VOTE Agent[14]
3,talk,22,1,6,Skip
3,talk,23,1,15,IDENTIFIED Agent[07] HUMAN
3,talk,24,2,11,Skip
3,talk,25,2,5,AGREE TALK day3 ID:19
3,talk,26,2,2,VOTE Agent[05]
3,talk,27,2,14,Over
3,talk,28,2,6,Skip
3,talk,29,2,1,Skip
3,talk,30,2,13,Skip
3,talk,31,2,10,Skip
3,talk,32,2,4,COMINGOUT Agent[04] MEDIUM
3,talk,33,2,12,Skip
3,talk,34,2,9,VOTE Agent[14]
3,talk,35,2,15,VOTE Agent[05]
3,talk,36,3,12,Over
3,talk,37,3,9,ESTIMATE Agent[05] WEREWOLF
3,talk,38,3,14,Over
3,talk,39,3,2,Skip
3,talk,40,3,15,VOTE Agent[04]
3,talk,41,3,5,AGREE TALK day3 ID:28
3,talk,42,3,10,Skip
3,talk,43,3,4,IDENTIFIED Agent[08] HUMAN
3,talk,44,3,1,Skip
3,talk,45,3,13,Over
3,talk,46,3,11,Over
3,talk,47,3,6,Over
3,talk,48,4,2,Skip
3,talk,49,4,11,Over
3,talk,50,4,5,AGREE TALK day3 ID:22
3,talk,51,4,15,Over
3,talk,52,4,14,Over
3,talk,53,4,4,IDENTIFIED Agent[07] WEREWOLF
3,talk,54,4,13,Over
3,talk,55,4,9,VOTE Agent[15]
3,talk,56,4,1,Over
3,talk,57,4,12,Over
3,talk,58,4,10,Over
3,talk,59,4,6,Over
3,talk,60,5,2,Over
3,talk,61,5,4,Skip
3,talk,62,5,15,Over
3,talk,63,5,14,Over
3,talk,64,5,12,Over
3,talk,65,5,1,Over
3,talk,66,5,6,Over
3,talk,67,5,5,AGREE TALK day3 ID:39
3,talk,68,5,11,Over
3,talk,69,5,10,Over
3,talk,70,5,13,Over
3,talk,71,5,9,VOTE Agent[14]
3,talk,72,6,12,Over
3,talk,73,6,11,Over
3,talk,74,6,10,Over
3,talk,75,6,5,AGREE TALK day3 ID:48
3,talk,76,6,14,Over
3,talk,77,6,1,Over
3,talk,78,6,15,Over
3,talk,79,6,2,Over
3,talk,80,6,4,Skip
3,talk,81,6,13,Over
3,talk,82,6,9,ESTIMATE Agent[04] MEDIUM
3,talk,83,6,6,Over
3,talk,84,7,10,Over
3,talk,85,7,15,Over
3,talk,86,7,13,Over
3,talk,87,7,12,Over
3,talk,88,7,14,Over
3,talk,89,7,11,Over
3,talk,90,7,4,Over
3,talk,91,7,5,AGREE TALK day3 ID:31
3,talk,92,7,2,Over
3,talk,93,7,1,Over
3,talk,94,7,6,Over
3,talk,95,7,9,Skip
3,talk,96,8,14,Over
3,talk,97,8,15,Over
3,talk,98,8,12,Over
3,talk,99,8,5,AGREE TALK day3 ID:30
3,talk,100,8,13,Over
3,talk,101,8,9,ESTIMATE Agent[13] VILLAGER
3,talk,102,8,4,Over
3,talk,103,8,6,Over
3,talk,104,8,2,Over
3,talk,105,8,1,Over
3,talk,106,8,11,Over
3,talk,107,8,10,Over
3,talk,108,9,4,Over
3,talk,109,9,2,Over
3,talk,110,9,12,Over
3,talk,111,9,6,Over
3,talk,112,9,1,Over
3,talk,113,9,14,Over
3,talk,114,9,9,VOTE Agent[06]
3,talk,115,9,10,Over
3,talk,116,9,5,AGREE TALK day3 ID:33
3,talk,117,9,11,Over
3,talk,118,9,15,Over
3,talk,119,9,13,Over
3,talk,120,10,12,Over
3,talk,121,10,10,Over
3,talk,122,10,13,Over
3,talk,123,10,1,Over
3,talk,124,10,2,Over
3,talk,125,10,14,Over
3,talk,126,10,11,Over
3,talk,127,10,4,Over
3,talk,128,10,15,Over
3,talk,129,10,9,ESTIMATE Agent[04] MEDIUM
3,talk,130,10,5,AGREE TALK day3 ID:5
3,talk,131,10,6,Over
3,talk,132,11,15,Over
3,talk,133,11,10,Over
3,talk,134,11,12,Over
3,talk,135,11,5,Over
3,talk,136,11,2,Over
3,talk,137,11,6,Over
3,talk,138,11,11,Over
3,talk,139,11,13,Over
3,talk,140,11,14,Over
3,talk,141,11,4,Over
3,talk,142,11,1,Over
3,talk,143,11,9,Over
3,vote,1,15
3,vote,2,5
3,vote,4,10
3,vote,5,14
3,vote,6,4
3,vote,9,6
3,vote,10,14
3,vote,11,2
3,vote,12,14
3,vote,13,14
3,vote,14,6
3,vote,15,4
3,execute,14,WEREWOLF
3,divine,5,4,WEREWOLF
3,whisper,0,0,14,Over
3,whisper,1,0,4,ATTACK Agent[06]
3,whisper,2,1,4,REQUEST(ATTACK Agent[06])
3,whisper,3,1,14,Over
3,whisper,4,2,14,Over
3,whisper,5,2,4,IDENTIFIED Agent[14] HUMAN
3,whisper,6,3,4,Skip
3,whisper,7,3,14,Over
3,whisper,8,4,14,Over
3,whisper,9,4,4,Skip
3,whisper,10,5,14,Over
3,whisper,11,5,4,Over
3,guard,9,4,WEREWOLF
3,attackVote,4,6
3,attackVote,14,13
3,attack,6,true
4,status,1,VILLAGER,ALIVE,m_cre
4,status,2,VILLAGER,ALIVE,carlo
4,status,3,VILLAGER,DEAD,AITKN
4,status,4,WEREWOLF,ALIVE,Dummy13_09
4,status,5,SEER,ALIVE,daisyo
4,status,6,VILLAGER,DEAD,tori
4,status,7,POSSESSED,DEAD,Dummy13_11
4,status,8,WEREWOLF,DEAD,Dummy13_07
4,status,9,BODYGUARD,ALIVE,wasabi
4,status,10,VILLAGER,ALIVE,TOT
4,status,11,VILLAGER,ALIVE,Dummy13_08
4,status,12,VILLAGER,ALIVE,Dummy13_10
4,status,13,VILLAGER,ALIVE,megumish
4,status,14,WEREWOLF,DEAD,cash
4,status,15,MEDIUM,ALIVE,JuN1Ro
4,talk,0,0,10,VOTE Agent[02]
4,talk,1,0,13,VOTE Agent[04]
4,talk,2,0,2,VOTE Agent[05]
4,talk,3,0,4,IDENTIFIED Agent[14] HUMAN
4,talk,4,0,5,Skip
4,talk,5,0,1,VOTE Agent[15]
4,talk,6,0,15,IDENTIFIED Agent[14] WEREWOLF
4,talk,7,0,9,VOTE Agent[11]
4,talk,8,0,12,VOTE Agent[15]
4,talk,9,0,11,VOTE Agent[01]
4,talk,10,1,15,VOTE Agent[04]
4,talk,11,1,4,VOTE Agent[05]
4,talk,12,1,11,Skip
4,talk,13,1,13,Skip
4,talk,14,1,1,Skip
4,talk,15,1,5,VOTE Agent[15]
4,talk,16,1,9,ESTIMATE Agent[04] MEDIUM
4,talk,17,1,12,Skip
4,talk,18,1,2,Skip
4,talk,19,1,10,REQUEST(VOTE Agent[02])
4,talk,20,2,9,ESTIMATE Agent[01] WEREWOLF
4,talk,21,2,15,Over
4,talk,22,2,12,Skip
4,talk,23,2,13,Skip
4,talk,24,2,2,Skip
4,talk,25,2,4,REQUEST(VOTE Agent[05])
4,talk,26,2,1,Skip
4,talk,27,2,11,Skip
4,talk,28,2,5,AGREE TALK day4 ID:17
4,talk,29,2,10,Skip
4,talk,30,3,13,Over
4,talk,31,3,5,AGREE TALK day4 ID:14
4,talk,32,3,11,Over
4,talk,33,3,2,Over
4,talk,34,3,12,Over
4,talk,35,3,9,ESTIMATE Agent[04] MEDIUM
4,talk,36,3,1,Over
4,talk,37,3,4,Skip
4,talk,38,3,15,Over
4,talk,39,3,10,Skip
4,talk,40,4,4,Skip
4,talk,41,4,5,AGREE TALK day4 ID:24
4,talk,42,4,10,Over
4,talk,43,4,15,Over
4,talk,44,4,12,Over
4,talk,45,4,9,ESTIMATE Agent[13] VILLAGER
4,talk,46,4,11,Over
4,talk,47,4,2,Over
4,talk,48,4,13,Over
4,talk,49,4,1,Over
4,talk,50,5,15,Over
4,talk,51,5,1,Over
4,talk,52,5,11,Over
4,talk,53,5,10,Over
4,talk,54,5,4,Over
4,talk,55,5,2,Over
4,talk,56,5,9,VOTE Agent[05]
4,talk,57,5,5,AGREE TALK day4 ID:12
4,talk,58,5,13,Over
4,talk,59,5,12,Over
4,talk,60,6,15,Over
4,talk,61,6,4,Over
4,talk,62,6,5,AGREE TALK day4 ID:13
4,talk,63,6,9,VOTE Agent[15]
4,talk,64,6,10,Over
4,talk,65,6,12,Over
4,talk,66,6,2,Over
4,talk,67,6,13,Over
4,talk,68,6,11,Over
4,talk,69,6,1,Over
4,talk,70,7,11,Over
4,talk,71,7,5,AGREE TALK day4 ID:22
4,talk,72,7,10,Over
4,talk,73,7,15,Over
4,talk,74,7,4,Over
4,talk,75,7,12,Over
4,talk,76,7,9,ESTIMATE Agent[04] MEDIUM
4,talk,77,7,1,Over
4,talk,78,7,2,Over
4,talk,79,7,13,Over
4,talk,80,8,15,Over
4,talk,81,8,13,Over
4,talk,82,8,11,Over
4,talk,83,8,5,AGREE TALK day4 ID:18
4,talk,84,8,10,Over
4,talk,85,8,4,Over
4,talk,86,8,2,Over
4,talk,87,8,9,ESTIMATE Agent[12] VILLAGER
4,talk,88,8,1,Over
4,talk,89,8,12,Over
4,talk,90,9,1,Over
4,talk,91,9,2,Over
4,talk,92,9,4,Over
4,talk,93,9,12,Over
4,talk,94,9,5,AGREE TALK day4 ID:23
4,talk,95,9,9,ESTIMATE Agent[13] VILLAGER
4,talk,96,9,15,Over
4,talk,97,9,13,Over
4,talk,98,9,10,Over
4,talk,99,9,11,Over
4,talk,100,10,2,Over
4,talk,101,10,9,Over
4,talk,102,10,15,Over
4,talk,103,10,5,AGREE TALK day4 ID:45
4,talk,104,10,1,Over
4,talk,105,10,12,Over
4,talk,106,10,10,Over
4,talk,107,10,4,Over
4,talk,108,10,13,Over
4,talk,109,10,11,Over
4,talk,110,11,4,Over
4,talk,111,11,13,Over
4,talk,112,11,12,Over
4,talk,113,11,15,Over
4,talk,114,11,11,Over
4,talk,115,11,10,Over
4,talk,116,11,9,Over
4,talk,117,11,5,Over
4,talk,118,11,1,Over
4,talk,119,11,2,Over
4,vote,1,15
4,vote,2,5
4,vote,4,5
4,vote,5,15
4,vote,9,15
4,vote,10,2
4,vote,11,1
4,vote,12,15
4,vote,13,4
4,vote,15,4
4,execute,15,MEDIUM
4,divine,5,9,HUMAN
4,guard,9,4,WEREWOLF
4,attackVote,4,9
4,attack,9,true
5,status,1,VILLAGER,ALIVE,m_cre
5,status,2,VILLAGER,ALIVE,carlo
5,status,3,VILLAGER,DEAD,AITKN
5,status,4,WEREWOLF,ALIVE,Dummy13_09
5,status,5,SEER,ALIVE,daisyo
5,status,6,VILLAGER,DEAD,tori
5,status,7,POSSESSED,DEAD,Dummy13_11
5,status,8,WEREWOLF,DEAD,Dummy13_07
5,status,9,BODYGUARD,DEAD,wasabi
5,status,10,VILLAGER,ALIVE,TOT
5,status,11,VILLAGER,ALIVE,Dummy13_08
5,status,12,VILLAGER,ALIVE,Dummy13_10
5,status,13,VILLAGER,ALIVE,megumish
5,status,14,WEREWOLF,DEAD,cash
5,status,15,MEDIUM,DEAD,JuN1Ro
5,talk,0,0,2,VOTE Agent[05]
5,talk,1,0,13,VOTE Agent[02]
5,talk,2,0,4,IDENTIFIED Agent[15] HUMAN
5,talk,3,0,12,VOTE Agent[13]
5,talk,4,0,5,Skip
5,talk,5,0,11,VOTE Agent[10]
5,talk,6,0,1,VOTE Agent[10]
5,talk,7,0,10,VOTE Agent[11]
5,talk,8,1,5,VOTE Agent[10]
5,talk,9,1,4,VOTE Agent[05]
5,talk,10,1,10,REQUEST(VOTE Agent[11])
5,talk,11,1,11,Skip
5,talk,12,1,13,Skip
5,talk,13,1,12,Skip
5,talk,14,1,2,VOTE Agent[04]
5,talk,15,1,1,Skip
5,talk,16,2,2,Skip
5,talk,17,2,10,Skip
5,talk,18,2,5,AGREE TALK day5 ID:12
5,talk,19,2,12,Skip
5,talk,20,2,1,Skip
5,talk,21,2,11,Skip
5,talk,22,2,4,REQUEST(VOTE Agent[05])
5,talk,23,2,13,Skip
5,talk,24,3,1,Over
5,talk,25,3,10,Skip
5,talk,26,3,4,Skip
5,talk,27,3,5,AGREE TALK day5 ID:19
5,talk,28,3,11,Over
5,talk,29,3,2,Skip
5,talk,30,3,13,Over
5,talk,31,3,12,Over
5,talk,32,4,10,Over
5,talk,33,4,13,Over
5,talk,34,4,12,Over
5,talk,35,4,5,AGREE TALK day5 ID:26
5,talk,36,4,2,Over
5,talk,37,4,11,Over
5,talk,38,4,1,Over
5,talk,39,4,4,Skip
5,talk,40,5,4,Over
5,talk,41,5,10,Over
5,talk,42,5,5,AGREE TALK day5 ID:11
5,talk,43,5,13,Over
5,talk,44,5,11,Over
5,talk,45,5,1,Over
5,talk,46,5,2,Over
5,talk,47,5,12,Over
5,talk,48,6,5,AGREE TALK day5 ID:15
5,talk,49,6,11,Over
5,talk,50,6,13,Over
5,talk,51,6,4,Over
5,talk,52,6,10,Over
5,talk,53,6,12,Over
5,talk,54,6,2,Over
5,talk,55,6,1,Over
5,talk,56,7,2,Over
5,talk,57,7,12,Over
5,talk,58,7,10,Over
5,talk,59,7,11,Over
5,talk,60,7,1,Over
5,talk,61,7,5,AGREE TALK day5 ID:16
5,talk,62,7,4,Over
5,talk,63,7,13,Over
5,talk,64,8,12,Over
5,talk,65,8,13,Over
5,talk,66,8,10,Over
5,talk,67,8,1,Over
5,talk,68,8,4,Over
5,talk,69,8,11,Over
5,talk,70,8,2,Over
5,talk,71,8,5,AGREE TALK day5 ID:13
5,talk,72,9,11,Over
5,talk,73,9,13,Over
5,talk,74,9,1,Over
5,talk,75,9,4,Over
5,talk,76,9,10,Over
5,talk,77,9,12,Over
5,talk,78,9,2,Over
5,talk,79,9,5,AGREE TALK day5 ID:39
5,talk,80,10,10,Over
5,talk,81,10,4,Over
5,talk,82,10,5,AGREE TALK day5 ID:20
5,talk,83,10,1,Over
5,talk,84,10,11,Over
5,talk,85,10,13,Over
5,talk,86,10,2,Over
5,talk,87,10,12,Over
5,talk,88,11,11,Over
5,talk,89,11,1,Over
5,talk,90,11,13,Over
5,talk,91,11,2,Over
5,talk,92,11,5,Over
5,talk,93,11,4,Over
5,talk,94,11,12,Over
5,talk,95,11,10,Over
5,vote,1,10
5,vote,2,4
5,vote,4,5
5,vote,5,10
5,vote,10,11
5,vote,11,10
5,vote,12,13
5,vote,13,2
5,execute,10,VILLAGER
5,divine,5,10,HUMAN
5,attackVote,4,11
5,attack,11,true
6,status,1,VILLAGER,ALIVE,m_cre
6,status,2,VILLAGER,ALIVE,carlo
6,status,3,VILLAGER,DEAD,AITKN
6,status,4,WEREWOLF,ALIVE,Dummy13_09
6,status,5,SEER,ALIVE,daisyo
6,status,6,VILLAGER,DEAD,tori
6,status,7,POSSESSED,DEAD,Dummy13_11
6,status,8,WEREWOLF,DEAD,Dummy13_07
6,status,9,BODYGUARD,DEAD,wasabi
6,status,10,VILLAGER,DEAD,TOT
6,status,11,VILLAGER,DEAD,Dummy13_08
6,status,12,VILLAGER,ALIVE,Dummy13_10
6,status,13,VILLAGER,ALIVE,megumish
6,status,14,WEREWOLF,DEAD,cash
6,status,15,MEDIUM,DEAD,JuN1Ro
6,talk,0,0,12,VOTE Agent[02]
6,talk,1,0,1,VOTE Agent[05]
6,talk,2,0,4,IDENTIFIED Agent[10] HUMAN
6,talk,3,0,13,VOTE Agent[05]
6,talk,4,0,2,VOTE Agent[04]
6,talk,5,0,5,Skip
6,talk,6,1,1,Skip
6,talk,7,1,4,VOTE Agent[12]
6,talk,8,1,13,Skip
6,talk,9,1,2,Skip
6,talk,10,1,5,VOTE Agent[02]
6,talk,11,1,12,Skip
6,talk,12,2,5,AGREE TALK day6 ID:8
6,talk,13,2,1,Skip
6,talk,14,2,4,REQUEST(VOTE Agent[12])
6,talk,15,2,13,Skip
6,talk,16,2,12,Skip
6,talk,17,2,2,Skip
6,talk,18,3,2,Over
6,talk,19,3,4,Skip
6,talk,20,3,5,AGREE TALK day6 ID:13
6,talk,21,3,1,Over
6,talk,22,3,13,Over
6,talk,23,3,12,Over
6,talk,24,4,12,Over
6,talk,25,4,13,Over
6,talk,26,4,1,Over
6,talk,27,4,5,AGREE TALK day6 ID:11
6,talk,28,4,2,Over
6,talk,29,4,4,Skip
6,talk,30,5,12,Over
6,talk,31,5,4,Over
6,talk,32,5,1,Over
6,talk,33,5,13,Over
6,talk,34,5,2,Over
6,talk,35,5,5,AGREE TALK day6 ID:17
6,talk,36,6,1,Over
6,talk,37,6,2,Over
6,talk,38,6,4,Over
6,talk,39,6,13,Over
6,talk,40,6,12,Over
6,talk,41,6,5,AGREE TALK day6 ID:15
6,talk,42,7,13,Over
6,talk,43,7,4,Over
6,talk,44,7,5,AGREE TALK day6 ID:16
6,talk,45,7,1,Over
6,talk,46,7,12,Over
6,talk,47,7,2,Over
6,talk,48,8,5,AGREE TALK day6 ID:19
6,talk,49,8,4,Over
6,talk,50,8,12,Over
6,talk,51,8,2,Over
6,talk,52,8,1,Over
6,talk,53,8,13,Over
6,talk,54,9,12,Over
6,talk,55,9,1,Over
6,talk,56,9,13,Over
6,talk,57,9,2,Over
6,talk,58,9,4,Over
6,talk,59,9,5,AGREE TALK day6 ID:9
6,talk,60,10,1,Over
6,talk,61,10,4,Over
6,talk,62,10,12,Over
6,talk,63,10,5,AGREE TALK day6 ID:29
6,talk,64,10,13,Over
6,talk,65,10,2,Over
6,talk,66,11,4,Over
6,talk,67,11,12,Over
6,talk,68,11,13,Over
6,talk,69,11,1,Over
6,talk,70,11,5,Over
6,talk,71,11,2,Over
6,vote,1,5
6,vote,2,4
6,vote,4,12
6,vote,5,2
6,vote,12,2
6,vote,13,5
6,vote,1,5
6,vote,2,4
6,vote,4,2
6,vote,5,2
6,vote,12,2
6,vote,13,5
6,execute,2,VILLAGER
6,divine,5,12,HUMAN
6,attackVote,4,13
6,attack,13,true
7,status,1,VILLAGER,ALIVE,m_cre
7,status,2,VILLAGER,DEAD,carlo
7,status,3,VILLAGER,DEAD,AITKN
7,status,4,WEREWOLF,ALIVE,Dummy13_09
7,status,5,SEER,ALIVE,daisyo
7,status,6,VILLAGER,DEAD,tori
7,status,7,POSSESSED,DEAD,Dummy13_11
7,status,8,WEREWOLF,DEAD,Dummy13_07
7,status,9,BODYGUARD,DEAD,wasabi
7,status,10,VILLAGER,DEAD,TOT
7,status,11,VILLAGER,DEAD,Dummy13_08
7,status,12,VILLAGER,ALIVE,Dummy13_10
7,status,13,VILLAGER,DEAD,megumish
7,status,14,WEREWOLF,DEAD,cash
7,status,15,MEDIUM,DEAD,JuN1Ro
7,talk,0,0,12,VOTE Agent[05]
7,talk,1,0,5,Skip
7,talk,2,0,1,VOTE Agent[04]
7,talk,3,0,4,IDENTIFIED Agent[02] WEREWOLF
7,talk,4,1,12,Skip
7,talk,5,1,4,VOTE Agent[05]
7,talk,6,1,5,VOTE Agent[04]
7,talk,7,1,1,Skip
7,talk,8,2,5,AGREE TALK day7 ID:7
7,talk,9,2,12,Skip
7,talk,10,2,1,Skip
7,talk,11,2,4,REQUEST(VOTE Agent[05])
7,talk,12,3,12,Over
7,talk,13,3,5,AGREE TALK day7 ID:10
7,talk,14,3,4,Skip
7,talk,15,3,1,Over
7,talk,16,4,1,Over
7,talk,17,4,5,AGREE TALK day7 ID:9
7,talk,18,4,12,Over
7,talk,19,4,4,Skip
7,talk,20,5,4,Over
7,talk,21,5,1,Over
7,talk,22,5,12,Over
7,talk,23,5,5,AGREE TALK day7 ID:19
7,talk,24,6,12,Over
7,talk,25,6,4,Over
7,talk,26,6,1,Over
7,talk,27,6,5,AGREE TALK day7 ID:14
7,talk,28,7,12,Over
7,talk,29,7,4,Over
7,talk,30,7,1,Over
7,talk,31,7,5,AGREE TALK day7 ID:4
7,talk,32,8,4,Over
7,talk,33,8,1,Over
7,talk,34,8,5,Skip
7,talk,35,8,12,Over
7,talk,36,9,4,Over
7,talk,37,9,12,Over
7,talk,38,9,5,Skip
7,talk,39,9,1,Over
7,talk,40,10,12,Over
7,talk,41,10,4,Over
7,talk,42,10,5,Over
7,talk,43,10,1,Over
7,vote,1,4
7,vote,4,5
7,vote,5,4
7,vote,12,5
7,vote,1,4
7,vote,4,5
7,vote,5,4
7,vote,12,5
7,execute,4,WEREWOLF
8,status,1,VILLAGER,ALIVE,m_cre
8,status,2,VILLAGER,DEAD,carlo
8,status,3,VILLAGER,DEAD,AITKN
8,status,4,WEREWOLF,DEAD,Dummy13_09
8,status,5,SEER,ALIVE,daisyo
8,status,6,VILLAGER,DEAD,tori
8,status,7,POSSESSED,DEAD,Dummy13_11
8,status,8,WEREWOLF,DEAD,Dummy13_07
8,status,9,BODYGUARD,DEAD,wasabi
8,status,10,VILLAGER,DEAD,TOT
8,status,11,VILLAGER,DEAD,Dummy13_08
8,status,12,VILLAGER,ALIVE,Dummy13_10
8,status,13,VILLAGER,DEAD,megumish
8,status,14,WEREWOLF,DEAD,cash
8,status,15,MEDIUM,DEAD,JuN1Ro
8,result,3,0,VILLAGER
