0,status,1,VILLAGER,ALIVE,carlo
0,status,2,WEREWOLF,ALIVE,aplain
0,status,3,VILLAGER,ALIVE,hibagon
0,status,4,POSSESSED,ALIVE,johnny
0,status,5,SEER,ALIVE,Udon
0,divine,5,2,WEREWOLF
1,status,1,VILLAGER,ALIVE,carlo
1,status,2,WEREWOLF,ALIVE,aplain
1,status,3,VILLAGER,ALIVE,hibagon
1,status,4,POSSESSED,ALIVE,johnny
1,status,5,SEER,ALIVE,Udon
1,talk,0,0,4,COMINGOUT Agent[04] SEER
1,talk,1,0,5,COMINGOUT Agent[05] SEER
1,talk,2,0,2,VOTE Agent[05]
1,talk,3,0,1,VOTE Agent[02]
1,talk,4,0,3,VOTE Agent[02]
1,talk,5,1,1,Skip
1,talk,6,1,3,Skip
1,talk,7,1,2,REQUEST(VOTE Agent[05])
1,talk,8,1,5,DIVINED Agent[02] WEREWOLF
1,talk,9,1,4,DIVINED Agent[01] HUMAN
1,talk,10,2,1,Skip
1,talk,11,2,4,VOTE Agent[02]
1,talk,12,2,2,Skip
1,talk,13,2,3,ESTIMATE Agent[05] SEER
1,talk,14,2,5,VOTE Agent[02]
1,talk,15,3,4,VOTE Agent[05]
1,talk,16,3,2,Skip
1,talk,17,3,3,Skip
1,talk,18,3,1,Over
1,talk,19,3,5,Over
1,talk,20,4,4,Skip
1,talk,21,4,2,Over
1,talk,22,4,1,Over
1,talk,23,4,5,Over
1,talk,24,4,3,Skip
1,talk,25,5,1,Over
1,talk,26,5,2,Over
1,talk,27,5,3,Over
1,talk,28,5,5,Over
1,talk,29,5,4,Skip
1,talk,30,6,4,VOTE Agent[05]
1,talk,31,6,5,Over
1,talk,32,6,1,Over
1,talk,33,6,3,Over
1,talk,34,6,2,Over
1,talk,35,7,3,Over
1,talk,36,7,2,Over
1,talk,37,7,5,Over
1,talk,38,7,1,Over
1,talk,39,7,4,Skip
1,talk,40,8,5,Over
1,talk,41,8,2,Over
1,talk,42,8,3,Over
1,talk,43,8,4,Skip
1,talk,44,8,1,Over
1,talk,45,9,3,Over
1,talk,46,9,5,Over
1,talk,47,9,2,Over
1,talk,48,9,1,Over
1,talk,49,9,4,VOTE Agent[05]
1,talk,50,10,1,Over
1,talk,51,10,3,Over
1,talk,52,10,4,Skip
1,talk,53,10,5,Over
1,talk,54,10,2,Over
1,talk,55,11,5,Over
1,talk,56,11,2,Over
1,talk,57,11,1,Over
1,talk,58,11,4,Skip
1,talk,59,11,3,Over
1,talk,60,12,4,VOTE Agent[05]
1,talk,61,12,3,Over
1,talk,62,12,2,Over
1,talk,63,12,1,Over
1,talk,64,12,5,Over
1,talk,65,13,2,Over
1,talk,66,13,3,Over
1,talk,67,13,4,Skip
1,talk,68,13,1,Over
1,talk,69,13,5,Over
1,talk,70,14,5,Over
1,talk,71,14,2,Over
1,talk,72,14,3,Over
1,talk,73,14,1,Over
1,talk,74,14,4,Skip
1,talk,75,15,3,Over
1,talk,76,15,2,Over
1,talk,77,15,1,Over
1,talk,78,15,5,Over
1,talk,79,15,4,VOTE Agent[05]
1,talk,80,16,1,Over
1,talk,81,16,5,Over
1,talk,82,16,4,Skip
1,talk,83,16,2,Over
1,talk,84,16,3,Over
1,talk,85,17,5,Over
1,talk,86,17,4,Skip
1,talk,87,17,1,Over
1,talk,88,17,3,Over
1,talk,89,17,2,Over
1,talk,90,18,2,Over
1,talk,91,18,3,Over
1,talk,92,18,1,Over
1,talk,93,18,4,VOTE Agent[05]
1,talk,94,18,5,Over
1,talk,95,19,1,Over
1,talk,96,19,2,Over
1,talk,97,19,5,Over
1,talk,98,19,3,Over
1,talk,99,19,4,Skip
1,vote,1,2
1,vote,2,5
1,vote,3,2
1,vote,4,5
1,vote,5,2
1,execute,2,WEREWOLF
1,divine,5,4,HUMAN
2,status,1,VILLAGER,ALIVE,carlo
2,status,2,WEREWOLF,DEAD,aplain
2,status,3,VILLAGER,ALIVE,hibagon
2,status,4,POSSESSED,ALIVE,johnny
2,status,5,SEER,ALIVE,Udon
2,result,4,0,VILLAGER
